<?xml version="1.0" encoding="UTF-8"?>
<testsuite xmlns:xsi="http://www.w3.org/2001/XMLSchema-instance" xsi:noNamespaceSchemaLocation="https://maven.apache.org/surefire/maven-surefire-plugin/xsd/surefire-test-report.xsd" name="org.apache.ratis.examples.filestore.TestFileStoreWithGrpc" time="100.515" tests="1" errors="1" skipped="0" failures="0">
  <properties>
    <property name="awt.toolkit" value="sun.awt.X11.XToolkit"/>
    <property name="file.encoding.pkg" value="sun.io"/>
    <property name="java.specification.version" value="1.8"/>
    <property name="sun.cpu.isalist" value=""/>
    <property name="sun.jnu.encoding" value="UTF-8"/>
    <property name="java.class.path" value="/workdir/ratis-examples/target/test-classes:/workdir/ratis-examples/target/classes:/home/user/.m2/repository/org/apache/ratis/ratis-thirdparty-misc/0.2.0/ratis-thirdparty-misc-0.2.0.jar:/workdir/ratis-proto/target/ratis-proto-0.5.0-SNAPSHOT.jar:/workdir/ratis-common/target/classes:/home/user/.m2/repository/org/slf4j/slf4j-log4j12/1.7.10/slf4j-log4j12-1.7.10.jar:/home/user/.m2/repository/log4j/log4j/1.2.17/log4j-1.2.17.jar:/workdir/ratis-common/target/test-classes:/workdir/ratis-client/target/classes:/workdir/ratis-server/target/classes:/workdir/ratis-metrics/target/classes:/home/user/.m2/repository/io/dropwizard/metrics/metrics-core/3.2.5/metrics-core-3.2.5.jar:/home/user/.m2/repository/com/github/joshelser/dropwizard-metrics-hadoop-metrics2-reporter/0.1.2/dropwizard-metrics-hadoop-metrics2-reporter-0.1.2.jar:/home/user/.m2/repository/io/dropwizard/metrics/metrics-jvm/3.2.5/metrics-jvm-3.2.5.jar:/home/user/.m2/repository/io/dropwizard/metrics/metrics-ganglia/3.2.5/metrics-ganglia-3.2.5.jar:/home/user/.m2/repository/info/ganglia/gmetric4j/gmetric4j/1.0.7/gmetric4j-1.0.7.jar:/home/user/.m2/repository/org/apache/commons/commons-lang3/3.5/commons-lang3-3.5.jar:/workdir/ratis-server/target/test-classes:/workdir/ratis-hadoop/target/classes:/home/user/.m2/repository/org/apache/hadoop/hadoop-common/3.1.1/hadoop-common-3.1.1.jar:/home/user/.m2/repository/org/apache/hadoop/hadoop-annotations/3.1.1/hadoop-annotations-3.1.1.jar:/usr/lib/jvm/java-1.8-openjdk/jre/../lib/tools.jar:/home/user/.m2/repository/commons-cli/commons-cli/1.2/commons-cli-1.2.jar:/home/user/.m2/repository/org/apache/commons/commons-math3/3.1.1/commons-math3-3.1.1.jar:/home/user/.m2/repository/org/apache/httpcomponents/httpclient/4.5.2/httpclient-4.5.2.jar:/home/user/.m2/repository/org/apache/httpcomponents/httpcore/4.4.4/httpcore-4.4.4.jar:/home/user/.m2/repository/commons-codec/commons-codec/1.11/commons-codec-1.11.jar:/home/user/.m2/repository/commons-io/commons-io/2.5/commons-io-2.5.jar:/home/user/.m2/repository/commons-net/commons-net/3.6/commons-net-3.6.jar:/home/user/.m2/repository/commons-collections/commons-collections/3.2.2/commons-collections-3.2.2.jar:/home/user/.m2/repository/javax/servlet/javax.servlet-api/3.1.0/javax.servlet-api-3.1.0.jar:/home/user/.m2/repository/org/eclipse/jetty/jetty-server/9.3.19.v20170502/jetty-server-9.3.19.v20170502.jar:/home/user/.m2/repository/org/eclipse/jetty/jetty-http/9.3.19.v20170502/jetty-http-9.3.19.v20170502.jar:/home/user/.m2/repository/org/eclipse/jetty/jetty-io/9.3.19.v20170502/jetty-io-9.3.19.v20170502.jar:/home/user/.m2/repository/org/eclipse/jetty/jetty-util/9.3.19.v20170502/jetty-util-9.3.19.v20170502.jar:/home/user/.m2/repository/org/eclipse/jetty/jetty-servlet/9.3.19.v20170502/jetty-servlet-9.3.19.v20170502.jar:/home/user/.m2/repository/org/eclipse/jetty/jetty-security/9.3.19.v20170502/jetty-security-9.3.19.v20170502.jar:/home/user/.m2/repository/org/eclipse/jetty/jetty-webapp/9.3.19.v20170502/jetty-webapp-9.3.19.v20170502.jar:/home/user/.m2/repository/org/eclipse/jetty/jetty-xml/9.3.19.v20170502/jetty-xml-9.3.19.v20170502.jar:/home/user/.m2/repository/javax/servlet/jsp/jsp-api/2.1/jsp-api-2.1.jar:/home/user/.m2/repository/com/sun/jersey/jersey-core/1.19/jersey-core-1.19.jar:/home/user/.m2/repository/javax/ws/rs/jsr311-api/1.1.1/jsr311-api-1.1.1.jar:/home/user/.m2/repository/com/sun/jersey/jersey-servlet/1.19/jersey-servlet-1.19.jar:/home/user/.m2/repository/com/sun/jersey/jersey-json/1.19/jersey-json-1.19.jar:/home/user/.m2/repository/org/codehaus/jettison/jettison/1.1/jettison-1.1.jar:/home/user/.m2/repository/com/sun/xml/bind/jaxb-impl/2.2.3-1/jaxb-impl-2.2.3-1.jar:/home/user/.m2/repository/javax/xml/bind/jaxb-api/2.2.2/jaxb-api-2.2.2.jar:/home/user/.m2/repository/javax/xml/stream/stax-api/1.0-2/stax-api-1.0-2.jar:/home/user/.m2/repository/javax/activation/activation/1.1/activation-1.1.jar:/home/user/.m2/repository/org/codehaus/jackson/jackson-core-asl/1.9.2/jackson-core-asl-1.9.2.jar:/home/user/.m2/repository/org/codehaus/jackson/jackson-mapper-asl/1.9.2/jackson-mapper-asl-1.9.2.jar:/home/user/.m2/repository/org/codehaus/jackson/jackson-jaxrs/1.9.2/jackson-jaxrs-1.9.2.jar:/home/user/.m2/repository/org/codehaus/jackson/jackson-xc/1.9.2/jackson-xc-1.9.2.jar:/home/user/.m2/repository/com/sun/jersey/jersey-server/1.19/jersey-server-1.19.jar:/home/user/.m2/repository/commons-logging/commons-logging/1.1.3/commons-logging-1.1.3.jar:/home/user/.m2/repository/commons-lang/commons-lang/2.6/commons-lang-2.6.jar:/home/user/.m2/repository/commons-beanutils/commons-beanutils/1.9.3/commons-beanutils-1.9.3.jar:/home/user/.m2/repository/org/apache/commons/commons-configuration2/2.1.1/commons-configuration2-2.1.1.jar:/home/user/.m2/repository/org/apache/avro/avro/1.7.7/avro-1.7.7.jar:/home/user/.m2/repository/com/thoughtworks/paranamer/paranamer/2.3/paranamer-2.3.jar:/home/user/.m2/repository/org/xerial/snappy/snappy-java/1.0.5/snappy-java-1.0.5.jar:/home/user/.m2/repository/com/google/re2j/re2j/1.1/re2j-1.1.jar:/home/user/.m2/repository/com/google/protobuf/protobuf-java/2.5.0/protobuf-java-2.5.0.jar:/home/user/.m2/repository/com/google/code/gson/gson/2.2.4/gson-2.2.4.jar:/home/user/.m2/repository/org/apache/hadoop/hadoop-auth/3.1.1/hadoop-auth-3.1.1.jar:/home/user/.m2/repository/com/nimbusds/nimbus-jose-jwt/4.41.1/nimbus-jose-jwt-4.41.1.jar:/home/user/.m2/repository/com/github/stephenc/jcip/jcip-annotations/1.0-1/jcip-annotations-1.0-1.jar:/home/user/.m2/repository/net/minidev/json-smart/2.3/json-smart-2.3.jar:/home/user/.m2/repository/net/minidev/accessors-smart/1.2/accessors-smart-1.2.jar:/home/user/.m2/repository/org/ow2/asm/asm/5.0.4/asm-5.0.4.jar:/home/user/.m2/repository/org/apache/curator/curator-framework/2.12.0/curator-framework-2.12.0.jar:/home/user/.m2/repository/com/jcraft/jsch/0.1.54/jsch-0.1.54.jar:/home/user/.m2/repository/org/apache/curator/curator-client/2.12.0/curator-client-2.12.0.jar:/home/user/.m2/repository/org/apache/curator/curator-recipes/2.12.0/curator-recipes-2.12.0.jar:/home/user/.m2/repository/com/google/code/findbugs/jsr305/3.0.0/jsr305-3.0.0.jar:/home/user/.m2/repository/org/apache/htrace/htrace-core4/4.1.0-incubating/htrace-core4-4.1.0-incubating.jar:/home/user/.m2/repository/org/apache/zookeeper/zookeeper/3.4.9/zookeeper-3.4.9.jar:/home/user/.m2/repository/jline/jline/0.9.94/jline-0.9.94.jar:/home/user/.m2/repository/io/netty/netty/3.10.5.Final/netty-3.10.5.Final.jar:/home/user/.m2/repository/org/apache/commons/commons-compress/1.4.1/commons-compress-1.4.1.jar:/home/user/.m2/repository/org/tukaani/xz/1.0/xz-1.0.jar:/home/user/.m2/repository/org/apache/kerby/kerb-simplekdc/1.0.1/kerb-simplekdc-1.0.1.jar:/home/user/.m2/repository/org/apache/kerby/kerb-client/1.0.1/kerb-client-1.0.1.jar:/home/user/.m2/repository/org/apache/kerby/kerby-config/1.0.1/kerby-config-1.0.1.jar:/home/user/.m2/repository/org/apache/kerby/kerb-core/1.0.1/kerb-core-1.0.1.jar:/home/user/.m2/repository/org/apache/kerby/kerby-pkix/1.0.1/kerby-pkix-1.0.1.jar:/home/user/.m2/repository/org/apache/kerby/kerby-asn1/1.0.1/kerby-asn1-1.0.1.jar:/home/user/.m2/repository/org/apache/kerby/kerby-util/1.0.1/kerby-util-1.0.1.jar:/home/user/.m2/repository/org/apache/kerby/kerb-common/1.0.1/kerb-common-1.0.1.jar:/home/user/.m2/repository/org/apache/kerby/kerb-crypto/1.0.1/kerb-crypto-1.0.1.jar:/home/user/.m2/repository/org/apache/kerby/kerb-util/1.0.1/kerb-util-1.0.1.jar:/home/user/.m2/repository/org/apache/kerby/token-provider/1.0.1/token-provider-1.0.1.jar:/home/user/.m2/repository/org/apache/kerby/kerb-admin/1.0.1/kerb-admin-1.0.1.jar:/home/user/.m2/repository/org/apache/kerby/kerb-server/1.0.1/kerb-server-1.0.1.jar:/home/user/.m2/repository/org/apache/kerby/kerb-identity/1.0.1/kerb-identity-1.0.1.jar:/home/user/.m2/repository/org/apache/kerby/kerby-xdr/1.0.1/kerby-xdr-1.0.1.jar:/home/user/.m2/repository/com/fasterxml/jackson/core/jackson-databind/2.7.8/jackson-databind-2.7.8.jar:/home/user/.m2/repository/com/fasterxml/jackson/core/jackson-annotations/2.7.0/jackson-annotations-2.7.0.jar:/home/user/.m2/repository/com/fasterxml/jackson/core/jackson-core/2.7.8/jackson-core-2.7.8.jar:/home/user/.m2/repository/org/codehaus/woodstox/stax2-api/3.1.4/stax2-api-3.1.4.jar:/home/user/.m2/repository/com/fasterxml/woodstox/woodstox-core/5.0.3/woodstox-core-5.0.3.jar:/home/user/.m2/repository/com/google/guava/guava/11.0.2/guava-11.0.2.jar:/workdir/ratis-hadoop/target/test-classes:/home/user/.m2/repository/org/apache/ratis/ratis-thirdparty-hadoop/0.2.0/ratis-thirdparty-hadoop-0.2.0.jar:/workdir/ratis-grpc/target/classes:/workdir/ratis-grpc/target/test-classes:/workdir/ratis-netty/target/classes:/workdir/ratis-netty/target/test-classes:/home/user/.m2/repository/com/beust/jcommander/1.72/jcommander-1.72.jar:/home/user/.m2/repository/org/slf4j/slf4j-api/1.7.10/slf4j-api-1.7.10.jar:/home/user/.m2/repository/junit/junit/4.12/junit-4.12.jar:/home/user/.m2/repository/org/hamcrest/hamcrest-core/1.3/hamcrest-core-1.3.jar:/home/user/.m2/repository/org/mockito/mockito-all/1.8.5/mockito-all-1.8.5.jar:"/>
    <property name="java.vm.vendor" value="IcedTea"/>
    <property name="sun.arch.data.model" value="64"/>
    <property name="java.vendor.url" value="https://icedtea.classpath.org"/>
    <property name="user.timezone" value=""/>
    <property name="java.vm.specification.version" value="1.8"/>
    <property name="os.name" value="Linux"/>
    <property name="user.country" value="US"/>
    <property name="sun.java.launcher" value="SUN_STANDARD"/>
    <property name="sun.boot.library.path" value="/usr/lib/jvm/java-1.8-openjdk/jre/lib/amd64"/>
    <property name="sun.java.command" value="/workdir/ratis-examples/target/surefire/surefirebooter3392817392666640299.jar /workdir/ratis-examples/target/surefire 2019-09-24T16-02-41_483-jvmRun1 surefire7461742104526335288tmp surefire_796166431756521676059tmp"/>
    <property name="surefire.test.class.path" value="/workdir/ratis-examples/target/test-classes:/workdir/ratis-examples/target/classes:/home/user/.m2/repository/org/apache/ratis/ratis-thirdparty-misc/0.2.0/ratis-thirdparty-misc-0.2.0.jar:/workdir/ratis-proto/target/ratis-proto-0.5.0-SNAPSHOT.jar:/workdir/ratis-common/target/classes:/home/user/.m2/repository/org/slf4j/slf4j-log4j12/1.7.10/slf4j-log4j12-1.7.10.jar:/home/user/.m2/repository/log4j/log4j/1.2.17/log4j-1.2.17.jar:/workdir/ratis-common/target/test-classes:/workdir/ratis-client/target/classes:/workdir/ratis-server/target/classes:/workdir/ratis-metrics/target/classes:/home/user/.m2/repository/io/dropwizard/metrics/metrics-core/3.2.5/metrics-core-3.2.5.jar:/home/user/.m2/repository/com/github/joshelser/dropwizard-metrics-hadoop-metrics2-reporter/0.1.2/dropwizard-metrics-hadoop-metrics2-reporter-0.1.2.jar:/home/user/.m2/repository/io/dropwizard/metrics/metrics-jvm/3.2.5/metrics-jvm-3.2.5.jar:/home/user/.m2/repository/io/dropwizard/metrics/metrics-ganglia/3.2.5/metrics-ganglia-3.2.5.jar:/home/user/.m2/repository/info/ganglia/gmetric4j/gmetric4j/1.0.7/gmetric4j-1.0.7.jar:/home/user/.m2/repository/org/apache/commons/commons-lang3/3.5/commons-lang3-3.5.jar:/workdir/ratis-server/target/test-classes:/workdir/ratis-hadoop/target/classes:/home/user/.m2/repository/org/apache/hadoop/hadoop-common/3.1.1/hadoop-common-3.1.1.jar:/home/user/.m2/repository/org/apache/hadoop/hadoop-annotations/3.1.1/hadoop-annotations-3.1.1.jar:/usr/lib/jvm/java-1.8-openjdk/jre/../lib/tools.jar:/home/user/.m2/repository/commons-cli/commons-cli/1.2/commons-cli-1.2.jar:/home/user/.m2/repository/org/apache/commons/commons-math3/3.1.1/commons-math3-3.1.1.jar:/home/user/.m2/repository/org/apache/httpcomponents/httpclient/4.5.2/httpclient-4.5.2.jar:/home/user/.m2/repository/org/apache/httpcomponents/httpcore/4.4.4/httpcore-4.4.4.jar:/home/user/.m2/repository/commons-codec/commons-codec/1.11/commons-codec-1.11.jar:/home/user/.m2/repository/commons-io/commons-io/2.5/commons-io-2.5.jar:/home/user/.m2/repository/commons-net/commons-net/3.6/commons-net-3.6.jar:/home/user/.m2/repository/commons-collections/commons-collections/3.2.2/commons-collections-3.2.2.jar:/home/user/.m2/repository/javax/servlet/javax.servlet-api/3.1.0/javax.servlet-api-3.1.0.jar:/home/user/.m2/repository/org/eclipse/jetty/jetty-server/9.3.19.v20170502/jetty-server-9.3.19.v20170502.jar:/home/user/.m2/repository/org/eclipse/jetty/jetty-http/9.3.19.v20170502/jetty-http-9.3.19.v20170502.jar:/home/user/.m2/repository/org/eclipse/jetty/jetty-io/9.3.19.v20170502/jetty-io-9.3.19.v20170502.jar:/home/user/.m2/repository/org/eclipse/jetty/jetty-util/9.3.19.v20170502/jetty-util-9.3.19.v20170502.jar:/home/user/.m2/repository/org/eclipse/jetty/jetty-servlet/9.3.19.v20170502/jetty-servlet-9.3.19.v20170502.jar:/home/user/.m2/repository/org/eclipse/jetty/jetty-security/9.3.19.v20170502/jetty-security-9.3.19.v20170502.jar:/home/user/.m2/repository/org/eclipse/jetty/jetty-webapp/9.3.19.v20170502/jetty-webapp-9.3.19.v20170502.jar:/home/user/.m2/repository/org/eclipse/jetty/jetty-xml/9.3.19.v20170502/jetty-xml-9.3.19.v20170502.jar:/home/user/.m2/repository/javax/servlet/jsp/jsp-api/2.1/jsp-api-2.1.jar:/home/user/.m2/repository/com/sun/jersey/jersey-core/1.19/jersey-core-1.19.jar:/home/user/.m2/repository/javax/ws/rs/jsr311-api/1.1.1/jsr311-api-1.1.1.jar:/home/user/.m2/repository/com/sun/jersey/jersey-servlet/1.19/jersey-servlet-1.19.jar:/home/user/.m2/repository/com/sun/jersey/jersey-json/1.19/jersey-json-1.19.jar:/home/user/.m2/repository/org/codehaus/jettison/jettison/1.1/jettison-1.1.jar:/home/user/.m2/repository/com/sun/xml/bind/jaxb-impl/2.2.3-1/jaxb-impl-2.2.3-1.jar:/home/user/.m2/repository/javax/xml/bind/jaxb-api/2.2.2/jaxb-api-2.2.2.jar:/home/user/.m2/repository/javax/xml/stream/stax-api/1.0-2/stax-api-1.0-2.jar:/home/user/.m2/repository/javax/activation/activation/1.1/activation-1.1.jar:/home/user/.m2/repository/org/codehaus/jackson/jackson-core-asl/1.9.2/jackson-core-asl-1.9.2.jar:/home/user/.m2/repository/org/codehaus/jackson/jackson-mapper-asl/1.9.2/jackson-mapper-asl-1.9.2.jar:/home/user/.m2/repository/org/codehaus/jackson/jackson-jaxrs/1.9.2/jackson-jaxrs-1.9.2.jar:/home/user/.m2/repository/org/codehaus/jackson/jackson-xc/1.9.2/jackson-xc-1.9.2.jar:/home/user/.m2/repository/com/sun/jersey/jersey-server/1.19/jersey-server-1.19.jar:/home/user/.m2/repository/commons-logging/commons-logging/1.1.3/commons-logging-1.1.3.jar:/home/user/.m2/repository/commons-lang/commons-lang/2.6/commons-lang-2.6.jar:/home/user/.m2/repository/commons-beanutils/commons-beanutils/1.9.3/commons-beanutils-1.9.3.jar:/home/user/.m2/repository/org/apache/commons/commons-configuration2/2.1.1/commons-configuration2-2.1.1.jar:/home/user/.m2/repository/org/apache/avro/avro/1.7.7/avro-1.7.7.jar:/home/user/.m2/repository/com/thoughtworks/paranamer/paranamer/2.3/paranamer-2.3.jar:/home/user/.m2/repository/org/xerial/snappy/snappy-java/1.0.5/snappy-java-1.0.5.jar:/home/user/.m2/repository/com/google/re2j/re2j/1.1/re2j-1.1.jar:/home/user/.m2/repository/com/google/protobuf/protobuf-java/2.5.0/protobuf-java-2.5.0.jar:/home/user/.m2/repository/com/google/code/gson/gson/2.2.4/gson-2.2.4.jar:/home/user/.m2/repository/org/apache/hadoop/hadoop-auth/3.1.1/hadoop-auth-3.1.1.jar:/home/user/.m2/repository/com/nimbusds/nimbus-jose-jwt/4.41.1/nimbus-jose-jwt-4.41.1.jar:/home/user/.m2/repository/com/github/stephenc/jcip/jcip-annotations/1.0-1/jcip-annotations-1.0-1.jar:/home/user/.m2/repository/net/minidev/json-smart/2.3/json-smart-2.3.jar:/home/user/.m2/repository/net/minidev/accessors-smart/1.2/accessors-smart-1.2.jar:/home/user/.m2/repository/org/ow2/asm/asm/5.0.4/asm-5.0.4.jar:/home/user/.m2/repository/org/apache/curator/curator-framework/2.12.0/curator-framework-2.12.0.jar:/home/user/.m2/repository/com/jcraft/jsch/0.1.54/jsch-0.1.54.jar:/home/user/.m2/repository/org/apache/curator/curator-client/2.12.0/curator-client-2.12.0.jar:/home/user/.m2/repository/org/apache/curator/curator-recipes/2.12.0/curator-recipes-2.12.0.jar:/home/user/.m2/repository/com/google/code/findbugs/jsr305/3.0.0/jsr305-3.0.0.jar:/home/user/.m2/repository/org/apache/htrace/htrace-core4/4.1.0-incubating/htrace-core4-4.1.0-incubating.jar:/home/user/.m2/repository/org/apache/zookeeper/zookeeper/3.4.9/zookeeper-3.4.9.jar:/home/user/.m2/repository/jline/jline/0.9.94/jline-0.9.94.jar:/home/user/.m2/repository/io/netty/netty/3.10.5.Final/netty-3.10.5.Final.jar:/home/user/.m2/repository/org/apache/commons/commons-compress/1.4.1/commons-compress-1.4.1.jar:/home/user/.m2/repository/org/tukaani/xz/1.0/xz-1.0.jar:/home/user/.m2/repository/org/apache/kerby/kerb-simplekdc/1.0.1/kerb-simplekdc-1.0.1.jar:/home/user/.m2/repository/org/apache/kerby/kerb-client/1.0.1/kerb-client-1.0.1.jar:/home/user/.m2/repository/org/apache/kerby/kerby-config/1.0.1/kerby-config-1.0.1.jar:/home/user/.m2/repository/org/apache/kerby/kerb-core/1.0.1/kerb-core-1.0.1.jar:/home/user/.m2/repository/org/apache/kerby/kerby-pkix/1.0.1/kerby-pkix-1.0.1.jar:/home/user/.m2/repository/org/apache/kerby/kerby-asn1/1.0.1/kerby-asn1-1.0.1.jar:/home/user/.m2/repository/org/apache/kerby/kerby-util/1.0.1/kerby-util-1.0.1.jar:/home/user/.m2/repository/org/apache/kerby/kerb-common/1.0.1/kerb-common-1.0.1.jar:/home/user/.m2/repository/org/apache/kerby/kerb-crypto/1.0.1/kerb-crypto-1.0.1.jar:/home/user/.m2/repository/org/apache/kerby/kerb-util/1.0.1/kerb-util-1.0.1.jar:/home/user/.m2/repository/org/apache/kerby/token-provider/1.0.1/token-provider-1.0.1.jar:/home/user/.m2/repository/org/apache/kerby/kerb-admin/1.0.1/kerb-admin-1.0.1.jar:/home/user/.m2/repository/org/apache/kerby/kerb-server/1.0.1/kerb-server-1.0.1.jar:/home/user/.m2/repository/org/apache/kerby/kerb-identity/1.0.1/kerb-identity-1.0.1.jar:/home/user/.m2/repository/org/apache/kerby/kerby-xdr/1.0.1/kerby-xdr-1.0.1.jar:/home/user/.m2/repository/com/fasterxml/jackson/core/jackson-databind/2.7.8/jackson-databind-2.7.8.jar:/home/user/.m2/repository/com/fasterxml/jackson/core/jackson-annotations/2.7.0/jackson-annotations-2.7.0.jar:/home/user/.m2/repository/com/fasterxml/jackson/core/jackson-core/2.7.8/jackson-core-2.7.8.jar:/home/user/.m2/repository/org/codehaus/woodstox/stax2-api/3.1.4/stax2-api-3.1.4.jar:/home/user/.m2/repository/com/fasterxml/woodstox/woodstox-core/5.0.3/woodstox-core-5.0.3.jar:/home/user/.m2/repository/com/google/guava/guava/11.0.2/guava-11.0.2.jar:/workdir/ratis-hadoop/target/test-classes:/home/user/.m2/repository/org/apache/ratis/ratis-thirdparty-hadoop/0.2.0/ratis-thirdparty-hadoop-0.2.0.jar:/workdir/ratis-grpc/target/classes:/workdir/ratis-grpc/target/test-classes:/workdir/ratis-netty/target/classes:/workdir/ratis-netty/target/test-classes:/home/user/.m2/repository/com/beust/jcommander/1.72/jcommander-1.72.jar:/home/user/.m2/repository/org/slf4j/slf4j-api/1.7.10/slf4j-api-1.7.10.jar:/home/user/.m2/repository/junit/junit/4.12/junit-4.12.jar:/home/user/.m2/repository/org/hamcrest/hamcrest-core/1.3/hamcrest-core-1.3.jar:/home/user/.m2/repository/org/mockito/mockito-all/1.8.5/mockito-all-1.8.5.jar:"/>
    <property name="sun.cpu.endian" value="little"/>
    <property name="user.home" value="/home/user"/>
    <property name="user.language" value="en"/>
    <property name="java.specification.vendor" value="Oracle Corporation"/>
    <property name="java.home" value="/usr/lib/jvm/java-1.8-openjdk/jre"/>
    <property name="basedir" value="/workdir/ratis-examples"/>
    <property name="file.separator" value="/"/>
    <property name="line.separator" value="&#10;"/>
    <property name="java.vm.specification.vendor" value="Oracle Corporation"/>
    <property name="java.specification.name" value="Java Platform API Specification"/>
    <property name="java.awt.graphicsenv" value="sun.awt.X11GraphicsEnvironment"/>
    <property name="surefire.real.class.path" value="/workdir/ratis-examples/target/surefire/surefirebooter3392817392666640299.jar"/>
    <property name="sun.boot.class.path" value="/usr/lib/jvm/java-1.8-openjdk/jre/lib/resources.jar:/usr/lib/jvm/java-1.8-openjdk/jre/lib/rt.jar:/usr/lib/jvm/java-1.8-openjdk/jre/lib/sunrsasign.jar:/usr/lib/jvm/java-1.8-openjdk/jre/lib/jsse.jar:/usr/lib/jvm/java-1.8-openjdk/jre/lib/jce.jar:/usr/lib/jvm/java-1.8-openjdk/jre/lib/charsets.jar:/usr/lib/jvm/java-1.8-openjdk/jre/lib/jfr.jar:/usr/lib/jvm/java-1.8-openjdk/jre/classes"/>
    <property name="sun.management.compiler" value="HotSpot 64-Bit Tiered Compilers"/>
    <property name="java.runtime.version" value="1.8.0_212-b04"/>
    <property name="java.net.preferIPv4Stack" value="true"/>
    <property name="user.name" value="jenkins1000"/>
    <property name="path.separator" value=":"/>
    <property name="os.version" value="3.10.0-957.12.2.el7.x86_64"/>
    <property name="java.endorsed.dirs" value="/usr/lib/jvm/java-1.8-openjdk/jre/lib/endorsed"/>
    <property name="java.runtime.name" value="OpenJDK Runtime Environment"/>
    <property name="file.encoding" value="UTF-8"/>
    <property name="java.vm.name" value="OpenJDK 64-Bit Server VM"/>
    <property name="localRepository" value="/home/user/.m2/repository"/>
    <property name="java.vendor.url.bug" value="https://icedtea.classpath.org/bugzilla"/>
    <property name="java.io.tmpdir" value="/tmp"/>
    <property name="java.version" value="1.8.0_212"/>
    <property name="user.dir" value="/workdir/ratis-examples"/>
    <property name="os.arch" value="amd64"/>
    <property name="ratis.tmp.dir" value="/workdir/ratis-examples/target/tmp"/>
    <property name="java.vm.specification.name" value="Java Virtual Machine Specification"/>
    <property name="java.awt.printerjob" value="sun.print.PSPrinterJob"/>
    <property name="ratis.log.dir" value="/workdir/ratis-examples/target/log"/>
    <property name="sun.os.patch.level" value="unknown"/>
    <property name="java.library.path" value="/usr/lib/jvm/java-1.8-openjdk/jre/lib/amd64/server:/usr/lib/jvm/java-1.8-openjdk/jre/lib/amd64:/usr/lib/jvm/java-1.8-openjdk/jre/../lib/amd64:/usr/java/packages/lib/amd64:/usr/lib64:/lib64:/lib:/usr/lib"/>
    <property name="java.vm.info" value="mixed mode"/>
    <property name="java.vendor" value="IcedTea"/>
    <property name="java.vm.version" value="25.212-b04"/>
    <property name="java.ext.dirs" value="/usr/lib/jvm/java-1.8-openjdk/jre/lib/ext:/usr/java/packages/lib/ext"/>
    <property name="sun.io.unicode.encoding" value="UnicodeLittle"/>
    <property name="java.class.version" value="52.0"/>
  </properties>
  <testcase name="testFileStore" classname="org.apache.ratis.examples.filestore.TestFileStoreWithGrpc" time="100.023">
    <error message="test timed out after 100 seconds" type="org.junit.runners.model.TestTimedOutException">org.junit.runners.model.TestTimedOutException: test timed out after 100 seconds
</error>
    <system-out><![CDATA[2019-09-24 17:34:01,691 INFO  util.LogUtils (LogUtils.java:setLogLevel(41)) - Set org.apache.ratis.conf.ConfUtils log level to WARN
2019-09-24 17:34:01,695 INFO  util.LogUtils (LogUtils.java:setLogLevel(41)) - Set org.apache.ratis.util.FileUtils log level to TRACE
2019-09-24 17:34:01,801 INFO  ratis.MiniRaftCluster (MiniRaftCluster.java:<init>(253)) - new MiniRaftClusterWithGrpc with group-ED203BE14A97:[s0:0.0.0.0:42001, s1:0.0.0.0:43636, s2:0.0.0.0:41913]
2019-09-24 17:34:01,801 INFO  ratis.MiniRaftCluster (MiniRaftCluster.java:start(287)) - .............................................................. 
2019-09-24 17:34:01,801 INFO  ratis.MiniRaftCluster (MiniRaftCluster.java:start(288)) - ... 
2019-09-24 17:34:01,802 INFO  ratis.MiniRaftCluster (MiniRaftCluster.java:start(289)) - ...     Starting MiniRaftClusterWithGrpc
2019-09-24 17:34:01,802 INFO  ratis.MiniRaftCluster (MiniRaftCluster.java:start(290)) - ... 
2019-09-24 17:34:01,802 INFO  ratis.MiniRaftCluster (MiniRaftCluster.java:start(291)) - .............................................................. 
2019-09-24 17:34:01,802 INFO  ratis.MiniRaftCluster (MiniRaftCluster.java:initServers(265)) - servers = {}
2019-09-24 17:34:01,812 INFO  ratis.MiniRaftCluster (MiniRaftCluster.java:newRaftServer(330)) - newRaftServer: s0, group-ED203BE14A97:[s0:0.0.0.0:42001, s1:0.0.0.0:43636, s2:0.0.0.0:41913], format? true
2019-09-24 17:34:01,813 TRACE util.FileUtils (FileUtils.java:deleteFully(88)) - deleteFully target/test/data/f5e46dfc/MiniRaftClusterWithGrpcaf49c129/s0
2019-09-24 17:34:01,820 TRACE util.FileUtils (FileUtils.java:deleteFully(104)) - deleteFully: target/test/data/f5e46dfc/MiniRaftClusterWithGrpcaf49c129/s0 does not exist.
2019-09-24 17:34:01,820 INFO  ratis.MiniRaftCluster (MiniRaftCluster.java:newRaftServer(335)) - Formatted directory target/test/data/f5e46dfc/MiniRaftClusterWithGrpcaf49c129/s0
2019-09-24 17:34:01,837 INFO  impl.RaftServerProxy (ConfUtils.java:logGet(43)) - raft.rpc.type = GRPC (default)
2019-09-24 17:34:01,906 INFO  grpc.GrpcFactory (GrpcFactory.java:checkPooledByteBufAllocatorUseCacheForAllThreads(45)) - PERFORMANCE WARNING: useCacheForAllThreads is true that may cause Netty to create a lot garbage objects and, as a result, trigger GC.
	It is recommended to disable useCacheForAllThreads by setting -Dorg.apache.ratis.thirdparty.io.netty.allocator.useCacheForAllThreads=false in command line.
2019-09-24 17:34:01,910 INFO  grpc.GrpcConfigKeys$Server (ConfUtils.java:logGet(43)) - raft.grpc.server.port = 42001 (custom)
2019-09-24 17:34:01,913 INFO  server.GrpcService (ConfUtils.java:logGet(43)) - raft.grpc.message.size.max = 64MB (=67108864) (default)
2019-09-24 17:34:01,917 INFO  server.RaftServerConfigKeys (ConfUtils.java:logGet(43)) - raft.server.log.appender.buffer.byte-limit = 4MB (=4194304) (default)
2019-09-24 17:34:01,917 INFO  server.GrpcService (ConfUtils.java:logGet(43)) - raft.grpc.flow.control.window = 1MB (=1048576) (default)
2019-09-24 17:34:01,922 INFO  server.RaftServerConfigKeys (ConfUtils.java:logGet(43)) - raft.server.rpc.request.timeout = 3000ms (default)
2019-09-24 17:34:02,093 INFO  server.RaftServerConfigKeys (ConfUtils.java:logGet(43)) - raft.server.storage.dir = [/workdir/ratis-examples/target/test/data/f5e46dfc/MiniRaftClusterWithGrpcaf49c129/s0] (custom)
2019-09-24 17:34:02,104 INFO  impl.RaftServerProxy (RaftServerProxy.java:addNew(89)) - s0: addNew group-ED203BE14A97:[s0:0.0.0.0:42001, s1:0.0.0.0:43636, s2:0.0.0.0:41913] returns group-ED203BE14A97:java.util.concurrent.CompletableFuture@63700a66[Not completed]
2019-09-24 17:34:02,104 INFO  ratis.MiniRaftCluster (MiniRaftCluster.java:newRaftServer(330)) - newRaftServer: s1, group-ED203BE14A97:[s0:0.0.0.0:42001, s1:0.0.0.0:43636, s2:0.0.0.0:41913], format? true
2019-09-24 17:34:02,105 TRACE util.FileUtils (FileUtils.java:deleteFully(88)) - deleteFully target/test/data/f5e46dfc/MiniRaftClusterWithGrpcaf49c129/s1
2019-09-24 17:34:02,105 TRACE util.FileUtils (FileUtils.java:deleteFully(104)) - deleteFully: target/test/data/f5e46dfc/MiniRaftClusterWithGrpcaf49c129/s1 does not exist.
2019-09-24 17:34:02,105 INFO  ratis.MiniRaftCluster (MiniRaftCluster.java:newRaftServer(335)) - Formatted directory target/test/data/f5e46dfc/MiniRaftClusterWithGrpcaf49c129/s1
2019-09-24 17:34:02,106 INFO  impl.RaftServerProxy (ConfUtils.java:logGet(43)) - raft.rpc.type = GRPC (default)
2019-09-24 17:34:02,106 INFO  grpc.GrpcFactory (GrpcFactory.java:checkPooledByteBufAllocatorUseCacheForAllThreads(45)) - PERFORMANCE WARNING: useCacheForAllThreads is true that may cause Netty to create a lot garbage objects and, as a result, trigger GC.
	It is recommended to disable useCacheForAllThreads by setting -Dorg.apache.ratis.thirdparty.io.netty.allocator.useCacheForAllThreads=false in command line.
2019-09-24 17:34:02,106 INFO  grpc.GrpcConfigKeys$Server (ConfUtils.java:logGet(43)) - raft.grpc.server.port = 43636 (custom)
2019-09-24 17:34:02,106 INFO  server.GrpcService (ConfUtils.java:logGet(43)) - raft.grpc.message.size.max = 64MB (=67108864) (default)
2019-09-24 17:34:02,107 INFO  server.RaftServerConfigKeys (ConfUtils.java:logGet(43)) - raft.server.log.appender.buffer.byte-limit = 4MB (=4194304) (default)
2019-09-24 17:34:02,107 INFO  server.GrpcService (ConfUtils.java:logGet(43)) - raft.grpc.flow.control.window = 1MB (=1048576) (default)
2019-09-24 17:34:02,107 INFO  server.RaftServerConfigKeys (ConfUtils.java:logGet(43)) - raft.server.rpc.request.timeout = 3000ms (default)
2019-09-24 17:34:02,108 INFO  server.RaftServerConfigKeys (ConfUtils.java:logGet(43)) - raft.server.storage.dir = [/workdir/ratis-examples/target/test/data/f5e46dfc/MiniRaftClusterWithGrpcaf49c129/s1] (custom)
2019-09-24 17:34:02,109 INFO  impl.RaftServerProxy (RaftServerProxy.java:addNew(89)) - s1: addNew group-ED203BE14A97:[s0:0.0.0.0:42001, s1:0.0.0.0:43636, s2:0.0.0.0:41913] returns group-ED203BE14A97:java.util.concurrent.CompletableFuture@8c08b2a[Not completed]
2019-09-24 17:34:02,109 INFO  ratis.MiniRaftCluster (MiniRaftCluster.java:newRaftServer(330)) - newRaftServer: s2, group-ED203BE14A97:[s0:0.0.0.0:42001, s1:0.0.0.0:43636, s2:0.0.0.0:41913], format? true
2019-09-24 17:34:02,109 TRACE util.FileUtils (FileUtils.java:deleteFully(88)) - deleteFully target/test/data/f5e46dfc/MiniRaftClusterWithGrpcaf49c129/s2
2019-09-24 17:34:02,109 TRACE util.FileUtils (FileUtils.java:deleteFully(104)) - deleteFully: target/test/data/f5e46dfc/MiniRaftClusterWithGrpcaf49c129/s2 does not exist.
2019-09-24 17:34:02,109 INFO  ratis.MiniRaftCluster (MiniRaftCluster.java:newRaftServer(335)) - Formatted directory target/test/data/f5e46dfc/MiniRaftClusterWithGrpcaf49c129/s2
2019-09-24 17:34:02,110 INFO  impl.RaftServerProxy (ConfUtils.java:logGet(43)) - raft.rpc.type = GRPC (default)
2019-09-24 17:34:02,110 INFO  grpc.GrpcFactory (GrpcFactory.java:checkPooledByteBufAllocatorUseCacheForAllThreads(45)) - PERFORMANCE WARNING: useCacheForAllThreads is true that may cause Netty to create a lot garbage objects and, as a result, trigger GC.
	It is recommended to disable useCacheForAllThreads by setting -Dorg.apache.ratis.thirdparty.io.netty.allocator.useCacheForAllThreads=false in command line.
2019-09-24 17:34:02,110 INFO  grpc.GrpcConfigKeys$Server (ConfUtils.java:logGet(43)) - raft.grpc.server.port = 41913 (custom)
2019-09-24 17:34:02,111 INFO  server.GrpcService (ConfUtils.java:logGet(43)) - raft.grpc.message.size.max = 64MB (=67108864) (default)
2019-09-24 17:34:02,111 INFO  server.RaftServerConfigKeys (ConfUtils.java:logGet(43)) - raft.server.log.appender.buffer.byte-limit = 4MB (=4194304) (default)
2019-09-24 17:34:02,111 INFO  server.GrpcService (ConfUtils.java:logGet(43)) - raft.grpc.flow.control.window = 1MB (=1048576) (default)
2019-09-24 17:34:02,112 INFO  server.RaftServerConfigKeys (ConfUtils.java:logGet(43)) - raft.server.rpc.request.timeout = 3000ms (default)
2019-09-24 17:34:02,112 INFO  server.RaftServerConfigKeys (ConfUtils.java:logGet(43)) - raft.server.storage.dir = [/workdir/ratis-examples/target/test/data/f5e46dfc/MiniRaftClusterWithGrpcaf49c129/s2] (custom)
2019-09-24 17:34:02,113 INFO  impl.RaftServerProxy (RaftServerProxy.java:addNew(89)) - s2: addNew group-ED203BE14A97:[s0:0.0.0.0:42001, s1:0.0.0.0:43636, s2:0.0.0.0:41913] returns group-ED203BE14A97:java.util.concurrent.CompletableFuture@6981f87[Not completed]
2019-09-24 17:34:02,120 INFO  statemachine.StateMachine (ConfUtils.java:logGet(43)) - example.filestore.statemachine.dir = /workdir/ratis-examples/target/test/data/f5e46dfc/TestFileStoreWithGrpc/filestore (custom)
2019-09-24 17:34:02,121 INFO  statemachine.StateMachine (ConfUtils.java:logGet(43)) - example.filestore.statemachine.dir = /workdir/ratis-examples/target/test/data/f5e46dfc/TestFileStoreWithGrpc/filestore (custom)
2019-09-24 17:34:02,120 INFO  statemachine.StateMachine (ConfUtils.java:logGet(43)) - example.filestore.statemachine.dir = /workdir/ratis-examples/target/test/data/f5e46dfc/TestFileStoreWithGrpc/filestore (custom)
2019-09-24 17:34:02,127 INFO  impl.RaftServerImpl (RaftServerImpl.java:<init>(95)) - s0: new RaftServerImpl for group-ED203BE14A97:[s0:0.0.0.0:42001, s1:0.0.0.0:43636, s2:0.0.0.0:41913] with FileStoreStateMachine:uninitialized
2019-09-24 17:34:02,127 INFO  impl.RaftServerImpl (RaftServerImpl.java:<init>(95)) - s1: new RaftServerImpl for group-ED203BE14A97:[s0:0.0.0.0:42001, s1:0.0.0.0:43636, s2:0.0.0.0:41913] with FileStoreStateMachine:uninitialized
2019-09-24 17:34:02,127 INFO  impl.RaftServerImpl (RaftServerImpl.java:<init>(95)) - s2: new RaftServerImpl for group-ED203BE14A97:[s0:0.0.0.0:42001, s1:0.0.0.0:43636, s2:0.0.0.0:41913] with FileStoreStateMachine:uninitialized
2019-09-24 17:34:02,129 INFO  server.RaftServerConfigKeys (ConfUtils.java:logGet(43)) - raft.server.rpc.timeout.min = 150ms (default)
2019-09-24 17:34:02,129 INFO  server.RaftServerConfigKeys (ConfUtils.java:logGet(43)) - raft.server.rpc.timeout.min = 150ms (default)
2019-09-24 17:34:02,129 INFO  server.RaftServerConfigKeys (ConfUtils.java:logGet(43)) - raft.server.rpc.timeout.min = 150ms (default)
2019-09-24 17:34:02,130 INFO  server.RaftServerConfigKeys (ConfUtils.java:logGet(43)) - raft.server.rpc.timeout.max = 300ms (default)
2019-09-24 17:34:02,129 INFO  server.RaftServerConfigKeys (ConfUtils.java:logGet(43)) - raft.server.rpc.timeout.max = 300ms (default)
2019-09-24 17:34:02,130 INFO  server.RaftServerConfigKeys (ConfUtils.java:logGet(43)) - raft.server.rpcslowness.timeout = 60s (default)
2019-09-24 17:34:02,130 INFO  server.RaftServerConfigKeys (ConfUtils.java:logGet(43)) - raft.server.rpc.timeout.max = 300ms (default)
2019-09-24 17:34:02,130 INFO  server.RaftServerConfigKeys (ConfUtils.java:logGet(43)) - raft.server.rpcslowness.timeout = 60s (default)
2019-09-24 17:34:02,131 INFO  server.RaftServerConfigKeys (ConfUtils.java:logGet(43)) - raft.server.rpcslowness.timeout = 60s (default)
2019-09-24 17:34:02,131 INFO  server.RaftServerConfigKeys (ConfUtils.java:logGet(43)) - raft.server.sleep.deviation.threshold = 300 (default)
2019-09-24 17:34:02,132 INFO  server.RaftServerConfigKeys (ConfUtils.java:logGet(43)) - raft.server.sleep.deviation.threshold = 300 (default)
2019-09-24 17:34:02,131 INFO  server.RaftServerConfigKeys (ConfUtils.java:logGet(43)) - raft.server.sleep.deviation.threshold = 300 (default)
2019-09-24 17:34:02,133 INFO  server.RaftServerConfigKeys (ConfUtils.java:logGet(43)) - raft.server.log.appender.install.snapshot.enabled = true (default)
2019-09-24 17:34:02,133 INFO  server.RaftServerConfigKeys (ConfUtils.java:logGet(43)) - raft.server.log.appender.install.snapshot.enabled = true (default)
2019-09-24 17:34:02,133 INFO  server.RaftServerConfigKeys (ConfUtils.java:logGet(43)) - raft.server.log.appender.install.snapshot.enabled = true (default)
2019-09-24 17:34:02,141 INFO  impl.RaftServerImpl (ServerState.java:<init>(103)) - s0@group-ED203BE14A97: ConfigurationManager, init=-1: [s0:0.0.0.0:42001, s1:0.0.0.0:43636, s2:0.0.0.0:41913], old=null, confs=<EMPTY_MAP>
2019-09-24 17:34:02,141 INFO  impl.RaftServerImpl (ServerState.java:<init>(103)) - s1@group-ED203BE14A97: ConfigurationManager, init=-1: [s0:0.0.0.0:42001, s1:0.0.0.0:43636, s2:0.0.0.0:41913], old=null, confs=<EMPTY_MAP>
2019-09-24 17:34:02,141 INFO  impl.RaftServerImpl (ServerState.java:<init>(103)) - s2@group-ED203BE14A97: ConfigurationManager, init=-1: [s0:0.0.0.0:42001, s1:0.0.0.0:43636, s2:0.0.0.0:41913], old=null, confs=<EMPTY_MAP>
2019-09-24 17:34:02,142 INFO  server.RaftServerConfigKeys (ConfUtils.java:logGet(43)) - raft.server.storage.dir = [/workdir/ratis-examples/target/test/data/f5e46dfc/MiniRaftClusterWithGrpcaf49c129/s0] (custom)
2019-09-24 17:34:02,142 INFO  server.RaftServerConfigKeys (ConfUtils.java:logGet(43)) - raft.server.storage.dir = [/workdir/ratis-examples/target/test/data/f5e46dfc/MiniRaftClusterWithGrpcaf49c129/s1] (custom)
2019-09-24 17:34:02,142 INFO  server.RaftServerConfigKeys (ConfUtils.java:logGet(43)) - raft.server.storage.dir = [/workdir/ratis-examples/target/test/data/f5e46dfc/MiniRaftClusterWithGrpcaf49c129/s2] (custom)
2019-09-24 17:34:02,156 INFO  server.RaftServerConfigKeys (ConfUtils.java:logGet(43)) - raft.server.log.corruption.policy = EXCEPTION (default)
2019-09-24 17:34:02,156 INFO  server.RaftServerConfigKeys (ConfUtils.java:logGet(43)) - raft.server.log.corruption.policy = EXCEPTION (default)
2019-09-24 17:34:02,156 INFO  server.RaftServerConfigKeys (ConfUtils.java:logGet(43)) - raft.server.log.corruption.policy = EXCEPTION (default)
2019-09-24 17:34:02,158 INFO  storage.RaftStorageDirectory (RaftStorageDirectory.java:analyzeStorage(246)) - The storage directory /workdir/ratis-examples/target/test/data/f5e46dfc/MiniRaftClusterWithGrpcaf49c129/s0/d2a87f2c-80d3-4251-a216-ed203be14a97 does not exist. Creating ...
2019-09-24 17:34:02,158 INFO  storage.RaftStorageDirectory (RaftStorageDirectory.java:analyzeStorage(246)) - The storage directory /workdir/ratis-examples/target/test/data/f5e46dfc/MiniRaftClusterWithGrpcaf49c129/s1/d2a87f2c-80d3-4251-a216-ed203be14a97 does not exist. Creating ...
2019-09-24 17:34:02,158 INFO  storage.RaftStorageDirectory (RaftStorageDirectory.java:analyzeStorage(246)) - The storage directory /workdir/ratis-examples/target/test/data/f5e46dfc/MiniRaftClusterWithGrpcaf49c129/s2/d2a87f2c-80d3-4251-a216-ed203be14a97 does not exist. Creating ...
2019-09-24 17:34:02,160 TRACE util.FileUtils (LogUtils.java:runAndLog(61)) - Successfully ran Files.createDirectories /workdir/ratis-examples/target/test/data/f5e46dfc/MiniRaftClusterWithGrpcaf49c129/s0/d2a87f2c-80d3-4251-a216-ed203be14a97
2019-09-24 17:34:02,161 TRACE util.FileUtils (LogUtils.java:runAndLog(61)) - Successfully ran Files.createDirectories /workdir/ratis-examples/target/test/data/f5e46dfc/MiniRaftClusterWithGrpcaf49c129/s2/d2a87f2c-80d3-4251-a216-ed203be14a97
2019-09-24 17:34:02,161 TRACE util.FileUtils (LogUtils.java:runAndLog(61)) - Successfully ran Files.createDirectories /workdir/ratis-examples/target/test/data/f5e46dfc/MiniRaftClusterWithGrpcaf49c129/s1/d2a87f2c-80d3-4251-a216-ed203be14a97
2019-09-24 17:34:02,598 INFO  storage.RaftStorageDirectory (RaftStorageDirectory.java:tryLock(328)) - Lock on /workdir/ratis-examples/target/test/data/f5e46dfc/MiniRaftClusterWithGrpcaf49c129/s0/d2a87f2c-80d3-4251-a216-ed203be14a97/in_use.lock acquired by nodename 21309@ratis-test-vphbd-3564017154
2019-09-24 17:34:02,598 INFO  storage.RaftStorageDirectory (RaftStorageDirectory.java:tryLock(328)) - Lock on /workdir/ratis-examples/target/test/data/f5e46dfc/MiniRaftClusterWithGrpcaf49c129/s2/d2a87f2c-80d3-4251-a216-ed203be14a97/in_use.lock acquired by nodename 21309@ratis-test-vphbd-3564017154
2019-09-24 17:34:02,598 INFO  storage.RaftStorageDirectory (RaftStorageDirectory.java:tryLock(328)) - Lock on /workdir/ratis-examples/target/test/data/f5e46dfc/MiniRaftClusterWithGrpcaf49c129/s1/d2a87f2c-80d3-4251-a216-ed203be14a97/in_use.lock acquired by nodename 21309@ratis-test-vphbd-3564017154
2019-09-24 17:34:02,599 TRACE util.FileUtils (LogUtils.java:runAndLog(61)) - Successfully ran Files.createDirectories /workdir/ratis-examples/target/test/data/f5e46dfc/MiniRaftClusterWithGrpcaf49c129/s0/d2a87f2c-80d3-4251-a216-ed203be14a97/current
2019-09-24 17:34:02,599 TRACE util.FileUtils (LogUtils.java:runAndLog(61)) - Successfully ran Files.createDirectories /workdir/ratis-examples/target/test/data/f5e46dfc/MiniRaftClusterWithGrpcaf49c129/s2/d2a87f2c-80d3-4251-a216-ed203be14a97/current
2019-09-24 17:34:02,599 TRACE util.FileUtils (LogUtils.java:runAndLog(61)) - Successfully ran Files.createDirectories /workdir/ratis-examples/target/test/data/f5e46dfc/MiniRaftClusterWithGrpcaf49c129/s1/d2a87f2c-80d3-4251-a216-ed203be14a97/current
2019-09-24 17:34:02,600 TRACE util.FileUtils (LogUtils.java:runAndLog(61)) - Successfully ran Files.createDirectories /workdir/ratis-examples/target/test/data/f5e46dfc/MiniRaftClusterWithGrpcaf49c129/s2/d2a87f2c-80d3-4251-a216-ed203be14a97/sm
2019-09-24 17:34:02,600 TRACE util.FileUtils (LogUtils.java:runAndLog(61)) - Successfully ran Files.createDirectories /workdir/ratis-examples/target/test/data/f5e46dfc/MiniRaftClusterWithGrpcaf49c129/s0/d2a87f2c-80d3-4251-a216-ed203be14a97/sm
2019-09-24 17:34:02,600 TRACE util.FileUtils (LogUtils.java:runAndLog(61)) - Successfully ran Files.createDirectories /workdir/ratis-examples/target/test/data/f5e46dfc/MiniRaftClusterWithGrpcaf49c129/s1/d2a87f2c-80d3-4251-a216-ed203be14a97/sm
2019-09-24 17:34:03,047 INFO  storage.RaftStorage (RaftStorage.java:format(84)) - Storage directory /workdir/ratis-examples/target/test/data/f5e46dfc/MiniRaftClusterWithGrpcaf49c129/s0/d2a87f2c-80d3-4251-a216-ed203be14a97 has been successfully formatted.
2019-09-24 17:34:03,047 INFO  storage.RaftStorage (RaftStorage.java:format(84)) - Storage directory /workdir/ratis-examples/target/test/data/f5e46dfc/MiniRaftClusterWithGrpcaf49c129/s1/d2a87f2c-80d3-4251-a216-ed203be14a97 has been successfully formatted.
2019-09-24 17:34:03,047 INFO  storage.RaftStorage (RaftStorage.java:format(84)) - Storage directory /workdir/ratis-examples/target/test/data/f5e46dfc/MiniRaftClusterWithGrpcaf49c129/s2/d2a87f2c-80d3-4251-a216-ed203be14a97 has been successfully formatted.
2019-09-24 17:34:03,055 TRACE util.FileUtils (LogUtils.java:runAndLog(61)) - Successfully ran Files.createDirectories /workdir/ratis-examples/target/test/data/f5e46dfc/TestFileStoreWithGrpc/filestore/s2
2019-09-24 17:34:03,055 TRACE util.FileUtils (LogUtils.java:runAndLog(61)) - Successfully ran Files.createDirectories /workdir/ratis-examples/target/test/data/f5e46dfc/TestFileStoreWithGrpc/filestore/s1
2019-09-24 17:34:03,055 TRACE util.FileUtils (LogUtils.java:runAndLog(61)) - Successfully ran Files.createDirectories /workdir/ratis-examples/target/test/data/f5e46dfc/TestFileStoreWithGrpc/filestore/s0
2019-09-24 17:34:03,056 INFO  server.RaftServerConfigKeys (ConfUtils.java:logGet(43)) - raft.server.notification.no-leader.timeout = 60s (default)
2019-09-24 17:34:03,056 INFO  server.RaftServerConfigKeys (ConfUtils.java:logGet(43)) - raft.server.notification.no-leader.timeout = 60s (default)
2019-09-24 17:34:03,056 INFO  server.RaftServerConfigKeys (ConfUtils.java:logGet(43)) - raft.server.notification.no-leader.timeout = 60s (default)
2019-09-24 17:34:03,061 INFO  server.RaftServerConfigKeys (ConfUtils.java:logGet(43)) - raft.server.log.use.memory = false (default)
2019-09-24 17:34:03,061 INFO  server.RaftServerConfigKeys (ConfUtils.java:logGet(43)) - raft.server.log.use.memory = false (default)
2019-09-24 17:34:03,061 INFO  server.RaftServerConfigKeys (ConfUtils.java:logGet(43)) - raft.server.log.use.memory = false (default)
2019-09-24 17:34:03,070 INFO  server.RaftServerConfigKeys (ConfUtils.java:logGet(43)) - raft.server.log.purge.gap = 1024 (default)
2019-09-24 17:34:03,070 INFO  server.RaftServerConfigKeys (ConfUtils.java:logGet(43)) - raft.server.log.purge.gap = 1024 (default)
2019-09-24 17:34:03,070 INFO  server.RaftServerConfigKeys (ConfUtils.java:logGet(43)) - raft.server.log.purge.gap = 1024 (default)
2019-09-24 17:34:03,071 INFO  server.RaftServerConfigKeys (ConfUtils.java:logGet(43)) - raft.server.log.appender.buffer.byte-limit = 4MB (=4194304) (default)
2019-09-24 17:34:03,070 INFO  server.RaftServerConfigKeys (ConfUtils.java:logGet(43)) - raft.server.log.appender.buffer.byte-limit = 4MB (=4194304) (default)
2019-09-24 17:34:03,071 INFO  server.RaftServerConfigKeys (ConfUtils.java:logGet(43)) - raft.server.log.appender.buffer.byte-limit = 4MB (=4194304) (default)
2019-09-24 17:34:03,074 INFO  server.RaftServerConfigKeys (ConfUtils.java:logGet(43)) - raft.server.log.segment.size.max = 8MB (=8388608) (default)
2019-09-24 17:34:03,074 INFO  server.RaftServerConfigKeys (ConfUtils.java:logGet(43)) - raft.server.log.segment.size.max = 8MB (=8388608) (default)
2019-09-24 17:34:03,074 INFO  server.RaftServerConfigKeys (ConfUtils.java:logGet(43)) - raft.server.log.segment.size.max = 8MB (=8388608) (default)
2019-09-24 17:34:03,081 INFO  server.RaftServerConfigKeys (ConfUtils.java:logGet(43)) - raft.server.log.segment.cache.num.max = 6 (default)
2019-09-24 17:34:03,081 INFO  server.RaftServerConfigKeys (ConfUtils.java:logGet(43)) - raft.server.log.segment.cache.num.max = 6 (default)
2019-09-24 17:34:03,081 INFO  server.RaftServerConfigKeys (ConfUtils.java:logGet(43)) - raft.server.log.segment.cache.num.max = 6 (default)
2019-09-24 17:34:03,088 INFO  segmented.SegmentedRaftLogWorker (SegmentedRaftLogWorker.java:<init>(172)) - new s2@group-ED203BE14A97-SegmentedRaftLogWorker for RaftStorage:Storage Directory /workdir/ratis-examples/target/test/data/f5e46dfc/MiniRaftClusterWithGrpcaf49c129/s2/d2a87f2c-80d3-4251-a216-ed203be14a97
2019-09-24 17:34:03,088 INFO  segmented.SegmentedRaftLogWorker (SegmentedRaftLogWorker.java:<init>(172)) - new s0@group-ED203BE14A97-SegmentedRaftLogWorker for RaftStorage:Storage Directory /workdir/ratis-examples/target/test/data/f5e46dfc/MiniRaftClusterWithGrpcaf49c129/s0/d2a87f2c-80d3-4251-a216-ed203be14a97
2019-09-24 17:34:03,088 INFO  segmented.SegmentedRaftLogWorker (SegmentedRaftLogWorker.java:<init>(172)) - new s1@group-ED203BE14A97-SegmentedRaftLogWorker for RaftStorage:Storage Directory /workdir/ratis-examples/target/test/data/f5e46dfc/MiniRaftClusterWithGrpcaf49c129/s1/d2a87f2c-80d3-4251-a216-ed203be14a97
2019-09-24 17:34:03,286 INFO  beanutils.FluentPropertyBeanIntrospector (FluentPropertyBeanIntrospector.java:introspect(147)) - Error when creating PropertyDescriptor for public final void org.apache.commons.configuration2.AbstractConfiguration.setProperty(java.lang.String,java.lang.Object)! Ignoring this property.
2019-09-24 17:34:03,307 WARN  impl.MetricsConfig (MetricsConfig.java:loadFirst(134)) - Cannot locate configuration: tried hadoop-metrics2-ratis.properties,hadoop-metrics2.properties
2019-09-24 17:34:03,403 INFO  impl.MetricsSystemImpl (MetricsSystemImpl.java:startTimer(374)) - Scheduled Metric snapshot period at 10 second(s).
2019-09-24 17:34:03,403 INFO  impl.MetricsSystemImpl (MetricsSystemImpl.java:start(191)) - ratis metrics system started
2019-09-24 17:34:03,409 INFO  metrics.MetricRegistries (MetricRegistriesLoader.java:load(64)) - Loaded MetricRegistries class org.apache.ratis.metrics.impl.MetricRegistriesImpl
2019-09-24 17:34:03,448 INFO  server.RaftServerConfigKeys (ConfUtils.java:logGet(43)) - raft.server.log.queue.byte-limit = 64MB (=67108864) (default)
2019-09-24 17:34:03,449 INFO  server.RaftServerConfigKeys (ConfUtils.java:logGet(43)) - raft.server.log.queue.element-limit = 4096 (default)
2019-09-24 17:34:03,449 INFO  server.RaftServerConfigKeys (ConfUtils.java:logGet(43)) - raft.server.log.queue.byte-limit = 64MB (=67108864) (default)
2019-09-24 17:34:03,449 INFO  server.RaftServerConfigKeys (ConfUtils.java:logGet(43)) - raft.server.log.queue.byte-limit = 64MB (=67108864) (default)
2019-09-24 17:34:03,450 INFO  server.RaftServerConfigKeys (ConfUtils.java:logGet(43)) - raft.server.log.queue.element-limit = 4096 (default)
2019-09-24 17:34:03,450 INFO  server.RaftServerConfigKeys (ConfUtils.java:logGet(43)) - raft.server.log.queue.element-limit = 4096 (default)
2019-09-24 17:34:03,453 INFO  server.RaftServerConfigKeys (ConfUtils.java:logGet(43)) - raft.server.log.segment.size.max = 8MB (=8388608) (default)
2019-09-24 17:34:03,453 INFO  server.RaftServerConfigKeys (ConfUtils.java:logGet(43)) - raft.server.log.segment.size.max = 8MB (=8388608) (default)
2019-09-24 17:34:03,453 INFO  server.RaftServerConfigKeys (ConfUtils.java:logGet(43)) - raft.server.log.segment.size.max = 8MB (=8388608) (default)
2019-09-24 17:34:03,453 INFO  server.RaftServerConfigKeys (ConfUtils.java:logGet(43)) - raft.server.log.preallocated.size = 4MB (=4194304) (default)
2019-09-24 17:34:03,454 INFO  server.RaftServerConfigKeys (ConfUtils.java:logGet(43)) - raft.server.log.preallocated.size = 4MB (=4194304) (default)
2019-09-24 17:34:03,454 INFO  server.RaftServerConfigKeys (ConfUtils.java:logGet(43)) - raft.server.log.preallocated.size = 4MB (=4194304) (default)
2019-09-24 17:34:03,454 INFO  server.RaftServerConfigKeys (ConfUtils.java:logGet(43)) - raft.server.log.write.buffer.size = 64KB (=65536) (default)
2019-09-24 17:34:03,454 INFO  server.RaftServerConfigKeys (ConfUtils.java:logGet(43)) - raft.server.log.write.buffer.size = 64KB (=65536) (default)
2019-09-24 17:34:03,454 INFO  server.RaftServerConfigKeys (ConfUtils.java:logGet(43)) - raft.server.log.write.buffer.size = 64KB (=65536) (default)
2019-09-24 17:34:03,455 INFO  server.RaftServerConfigKeys (ConfUtils.java:logGet(43)) - raft.server.log.force.sync.num = 128 (default)
2019-09-24 17:34:03,455 INFO  server.RaftServerConfigKeys (ConfUtils.java:logGet(43)) - raft.server.log.force.sync.num = 128 (default)
2019-09-24 17:34:03,455 INFO  server.RaftServerConfigKeys (ConfUtils.java:logGet(43)) - raft.server.log.force.sync.num = 128 (default)
2019-09-24 17:34:03,456 INFO  server.RaftServerConfigKeys (ConfUtils.java:logGet(43)) - raft.server.log.statemachine.data.sync = true (default)
2019-09-24 17:34:03,457 INFO  server.RaftServerConfigKeys (ConfUtils.java:logGet(43)) - raft.server.log.statemachine.data.sync = true (default)
2019-09-24 17:34:03,457 INFO  server.RaftServerConfigKeys (ConfUtils.java:logGet(43)) - raft.server.log.statemachine.data.sync.timeout = 10s (default)
2019-09-24 17:34:03,457 INFO  server.RaftServerConfigKeys (ConfUtils.java:logGet(43)) - raft.server.log.statemachine.data.sync = true (default)
2019-09-24 17:34:03,457 INFO  server.RaftServerConfigKeys (ConfUtils.java:logGet(43)) - raft.server.log.statemachine.data.sync.timeout = 10s (default)
2019-09-24 17:34:03,458 INFO  server.RaftServerConfigKeys (ConfUtils.java:logGet(43)) - raft.server.log.statemachine.data.sync.timeout.retry = -1 (default)
2019-09-24 17:34:03,457 INFO  server.RaftServerConfigKeys (ConfUtils.java:logGet(43)) - raft.server.log.statemachine.data.sync.timeout = 10s (default)
2019-09-24 17:34:03,458 INFO  server.RaftServerConfigKeys (ConfUtils.java:logGet(43)) - raft.server.log.statemachine.data.sync.timeout.retry = -1 (default)
2019-09-24 17:34:03,458 INFO  server.RaftServerConfigKeys (ConfUtils.java:logGet(43)) - raft.server.log.statemachine.data.sync.timeout.retry = -1 (default)
2019-09-24 17:34:03,468 INFO  server.RaftServerConfigKeys (ConfUtils.java:logGet(43)) - raft.server.log.statemachine.data.caching.enabled = false (default)
2019-09-24 17:34:03,468 INFO  server.RaftServerConfigKeys (ConfUtils.java:logGet(43)) - raft.server.log.statemachine.data.caching.enabled = false (default)
2019-09-24 17:34:03,468 INFO  server.RaftServerConfigKeys (ConfUtils.java:logGet(43)) - raft.server.log.statemachine.data.caching.enabled = false (default)
2019-09-24 17:34:03,475 INFO  segmented.SegmentedRaftLogWorker (SegmentedRaftLogWorker.java:lambda$new$0(132)) - s2@group-ED203BE14A97-SegmentedRaftLogWorker: flushIndex: setUnconditionally 0 -> -1
2019-09-24 17:34:03,475 INFO  segmented.SegmentedRaftLogWorker (SegmentedRaftLogWorker.java:lambda$new$0(132)) - s0@group-ED203BE14A97-SegmentedRaftLogWorker: flushIndex: setUnconditionally 0 -> -1
2019-09-24 17:34:03,475 INFO  segmented.SegmentedRaftLogWorker (SegmentedRaftLogWorker.java:lambda$new$0(132)) - s1@group-ED203BE14A97-SegmentedRaftLogWorker: flushIndex: setUnconditionally 0 -> -1
2019-09-24 17:34:03,481 INFO  server.RaftServerConfigKeys (ConfUtils.java:logGet(43)) - raft.server.snapshot.auto.trigger.enabled = false (default)
2019-09-24 17:34:03,481 INFO  server.RaftServerConfigKeys (ConfUtils.java:logGet(43)) - raft.server.snapshot.auto.trigger.enabled = false (default)
2019-09-24 17:34:03,481 INFO  server.RaftServerConfigKeys (ConfUtils.java:logGet(43)) - raft.server.snapshot.auto.trigger.enabled = false (default)
2019-09-24 17:34:03,482 INFO  server.RaftServerConfigKeys (ConfUtils.java:logGet(43)) - raft.server.snapshot.retention.file.num = -1 (default)
2019-09-24 17:34:03,482 INFO  server.RaftServerConfigKeys (ConfUtils.java:logGet(43)) - raft.server.snapshot.retention.file.num = -1 (default)
2019-09-24 17:34:03,482 INFO  server.RaftServerConfigKeys (ConfUtils.java:logGet(43)) - raft.server.snapshot.retention.file.num = -1 (default)
2019-09-24 17:34:03,484 INFO  server.RaftServerConfigKeys (ConfUtils.java:logGet(43)) - raft.server.retrycache.expirytime = 60s (default)
2019-09-24 17:34:03,484 INFO  server.RaftServerConfigKeys (ConfUtils.java:logGet(43)) - raft.server.retrycache.expirytime = 60s (default)
2019-09-24 17:34:03,484 INFO  server.RaftServerConfigKeys (ConfUtils.java:logGet(43)) - raft.server.retrycache.expirytime = 60s (default)
2019-09-24 17:34:03,524 INFO  impl.RaftServerImpl (RaftServerImpl.java:start(181)) - s0@group-ED203BE14A97: start as a follower, conf=-1: [s0:0.0.0.0:42001, s1:0.0.0.0:43636, s2:0.0.0.0:41913], old=null
2019-09-24 17:34:03,527 INFO  impl.RaftServerImpl (RaftServerImpl.java:setRole(170)) - s0@group-ED203BE14A97: changes role from      null to FOLLOWER at term 0 for startAsFollower
2019-09-24 17:34:03,529 INFO  impl.RoleInfo (RoleInfo.java:updateAndGet(143)) - s0: start FollowerState
2019-09-24 17:34:03,533 INFO  util.JmxRegister (JmxRegister.java:tryRegister(44)) - Successfully registered JMX Bean with object name Ratis:service=RaftServer,group=group-ED203BE14A97,id=s0
2019-09-24 17:34:03,546 INFO  impl.RaftServerProxy (RaftServerProxy.java:lambda$start$3(299)) - s0: start RPC server
2019-09-24 17:34:03,772 INFO  impl.FollowerState (FollowerState.java:run(108)) - s0@group-ED203BE14A97-FollowerState: change to CANDIDATE, lastRpcTime:243ms, electionTimeout:242ms
2019-09-24 17:34:03,775 INFO  impl.RoleInfo (RoleInfo.java:shutdownFollowerState(121)) - s0: shutdown FollowerState
2019-09-24 17:34:03,775 INFO  impl.RaftServerImpl (RaftServerImpl.java:setRole(170)) - s0@group-ED203BE14A97: changes role from  FOLLOWER to CANDIDATE at term 0 for changeToCandidate
2019-09-24 17:34:03,780 INFO  impl.RoleInfo (RoleInfo.java:updateAndGet(143)) - s0: start LeaderElection
2019-09-24 17:34:03,798 INFO  server.GrpcService (GrpcService.java:startImpl(158)) - s0: GrpcService started, listening on 0.0.0.0/0.0.0.0:42001
2019-09-24 17:34:03,799 INFO  impl.RaftServerImpl (RaftServerImpl.java:start(181)) - s1@group-ED203BE14A97: start as a follower, conf=-1: [s0:0.0.0.0:42001, s1:0.0.0.0:43636, s2:0.0.0.0:41913], old=null
2019-09-24 17:34:03,799 INFO  impl.RaftServerImpl (RaftServerImpl.java:setRole(170)) - s1@group-ED203BE14A97: changes role from      null to FOLLOWER at term 0 for startAsFollower
2019-09-24 17:34:03,799 INFO  impl.RoleInfo (RoleInfo.java:updateAndGet(143)) - s1: start FollowerState
2019-09-24 17:34:03,800 INFO  util.JmxRegister (JmxRegister.java:tryRegister(44)) - Successfully registered JMX Bean with object name Ratis:service=RaftServer,group=group-ED203BE14A97,id=s1
2019-09-24 17:34:03,805 INFO  impl.RaftServerProxy (RaftServerProxy.java:lambda$start$3(299)) - s1: start RPC server
2019-09-24 17:34:03,805 INFO  server.GrpcService (GrpcService.java:startImpl(158)) - s1: GrpcService started, listening on 0.0.0.0/0.0.0.0:43636
2019-09-24 17:34:03,806 INFO  impl.RaftServerImpl (RaftServerImpl.java:start(181)) - s2@group-ED203BE14A97: start as a follower, conf=-1: [s0:0.0.0.0:42001, s1:0.0.0.0:43636, s2:0.0.0.0:41913], old=null
2019-09-24 17:34:03,806 INFO  impl.RaftServerImpl (RaftServerImpl.java:setRole(170)) - s2@group-ED203BE14A97: changes role from      null to FOLLOWER at term 0 for startAsFollower
2019-09-24 17:34:03,806 INFO  impl.RoleInfo (RoleInfo.java:updateAndGet(143)) - s2: start FollowerState
2019-09-24 17:34:03,807 INFO  util.JmxRegister (JmxRegister.java:tryRegister(44)) - Successfully registered JMX Bean with object name Ratis:service=RaftServer,group=group-ED203BE14A97,id=s2
2019-09-24 17:34:03,810 INFO  impl.RaftServerProxy (RaftServerProxy.java:lambda$start$3(299)) - s2: start RPC server
2019-09-24 17:34:03,811 INFO  server.GrpcService (GrpcService.java:startImpl(158)) - s2: GrpcService started, listening on 0.0.0.0/0.0.0.0:41913
2019-09-24 17:34:03,814 INFO  server.RaftServerConfigKeys (ConfUtils.java:logGet(43)) - raft.server.rpc.timeout.max = 300ms (default)
2019-09-24 17:34:03,817 INFO  ratis.RaftTestUtil (RaftTestUtil.java:waitForLeader(86)) - printing ALL groups
  s0:  RUNNING CANDIDATE s0@group-ED203BE14A97:t1, leader=null, voted=s0, raftlog=s0@group-ED203BE14A97-SegmentedRaftLog:OPENED:c-1,f-1,i0, conf=-1: [s0:0.0.0.0:42001, s1:0.0.0.0:43636, s2:0.0.0.0:41913], old=null RUNNING
  s1:  RUNNING  FOLLOWER s1@group-ED203BE14A97:t0, leader=null, voted=null, raftlog=s1@group-ED203BE14A97-SegmentedRaftLog:OPENED:c-1,f-1,i0, conf=-1: [s0:0.0.0.0:42001, s1:0.0.0.0:43636, s2:0.0.0.0:41913], old=null RUNNING
  s2:  RUNNING  FOLLOWER s2@group-ED203BE14A97:t0, leader=null, voted=null, raftlog=s2@group-ED203BE14A97-SegmentedRaftLog:OPENED:c-1,f-1,i0, conf=-1: [s0:0.0.0.0:42001, s1:0.0.0.0:43636, s2:0.0.0.0:41913], old=null RUNNING
2019-09-24 17:34:03,821 WARN  ratis.RaftTestUtil (JavaUtils.java:attempt(158)) - FAILED "waitForLeader-null-(expectLeader? true)", attempt #1/100: java.lang.IllegalStateException: No leader yet : printing ALL groups
  s0:  RUNNING CANDIDATE s0@group-ED203BE14A97:t1, leader=null, voted=s0, raftlog=s0@group-ED203BE14A97-SegmentedRaftLog:OPENED:c-1,f-1,i0, conf=-1: [s0:0.0.0.0:42001, s1:0.0.0.0:43636, s2:0.0.0.0:41913], old=null RUNNING
  s1:  RUNNING  FOLLOWER s1@group-ED203BE14A97:t0, leader=null, voted=null, raftlog=s1@group-ED203BE14A97-SegmentedRaftLog:OPENED:c-1,f-1,i0, conf=-1: [s0:0.0.0.0:42001, s1:0.0.0.0:43636, s2:0.0.0.0:41913], old=null RUNNING
  s2:  RUNNING  FOLLOWER s2@group-ED203BE14A97:t0, leader=null, voted=null, raftlog=s2@group-ED203BE14A97-SegmentedRaftLog:OPENED:c-1,f-1,i0, conf=-1: [s0:0.0.0.0:42001, s1:0.0.0.0:43636, s2:0.0.0.0:41913], old=null RUNNING, sleep 450ms and then retry.
java.lang.IllegalStateException: No leader yet : printing ALL groups
  s0:  RUNNING CANDIDATE s0@group-ED203BE14A97:t1, leader=null, voted=s0, raftlog=s0@group-ED203BE14A97-SegmentedRaftLog:OPENED:c-1,f-1,i0, conf=-1: [s0:0.0.0.0:42001, s1:0.0.0.0:43636, s2:0.0.0.0:41913], old=null RUNNING
  s1:  RUNNING  FOLLOWER s1@group-ED203BE14A97:t0, leader=null, voted=null, raftlog=s1@group-ED203BE14A97-SegmentedRaftLog:OPENED:c-1,f-1,i0, conf=-1: [s0:0.0.0.0:42001, s1:0.0.0.0:43636, s2:0.0.0.0:41913], old=null RUNNING
  s2:  RUNNING  FOLLOWER s2@group-ED203BE14A97:t0, leader=null, voted=null, raftlog=s2@group-ED203BE14A97-SegmentedRaftLog:OPENED:c-1,f-1,i0, conf=-1: [s0:0.0.0.0:42001, s1:0.0.0.0:43636, s2:0.0.0.0:41913], old=null RUNNING
	at org.apache.ratis.MiniRaftCluster.newIllegalStateExceptionForNoLeaders(MiniRaftCluster.java:506)
	at org.apache.ratis.RaftTestUtil.lambda$waitForLeader$1(RaftTestUtil.java:90)
	at org.apache.ratis.MiniRaftCluster.getLeader(MiniRaftCluster.java:539)
	at org.apache.ratis.MiniRaftCluster.getLeader(MiniRaftCluster.java:532)
	at org.apache.ratis.RaftTestUtil.lambda$waitForLeader$3(RaftTestUtil.java:98)
	at org.apache.ratis.util.JavaUtils.attempt(JavaUtils.java:152)
	at org.apache.ratis.RaftTestUtil.waitForLeader(RaftTestUtil.java:97)
	at org.apache.ratis.RaftTestUtil.waitForLeader(RaftTestUtil.java:77)
	at org.apache.ratis.RaftTestUtil.waitForLeader(RaftTestUtil.java:72)
	at org.apache.ratis.examples.filestore.FileStoreBaseTest.testFileStore(FileStoreBaseTest.java:73)
	at sun.reflect.NativeMethodAccessorImpl.invoke0(Native Method)
	at sun.reflect.NativeMethodAccessorImpl.invoke(NativeMethodAccessorImpl.java:62)
	at sun.reflect.DelegatingMethodAccessorImpl.invoke(DelegatingMethodAccessorImpl.java:43)
	at java.lang.reflect.Method.invoke(Method.java:498)
	at org.junit.runners.model.FrameworkMethod$1.runReflectiveCall(FrameworkMethod.java:50)
	at org.junit.internal.runners.model.ReflectiveCallable.run(ReflectiveCallable.java:12)
	at org.junit.runners.model.FrameworkMethod.invokeExplosively(FrameworkMethod.java:47)
	at org.junit.internal.runners.statements.InvokeMethod.evaluate(InvokeMethod.java:17)
	at org.junit.internal.runners.statements.RunAfters.evaluate(RunAfters.java:27)
	at org.junit.internal.runners.statements.FailOnTimeout$CallableStatement.call(FailOnTimeout.java:298)
	at org.junit.internal.runners.statements.FailOnTimeout$CallableStatement.call(FailOnTimeout.java:292)
	at java.util.concurrent.FutureTask.run(FutureTask.java:266)
	at java.lang.Thread.run(Thread.java:748)
2019-09-24 17:34:04,049 INFO  impl.FollowerState (FollowerState.java:run(108)) - s2@group-ED203BE14A97-FollowerState: change to CANDIDATE, lastRpcTime:242ms, electionTimeout:242ms
2019-09-24 17:34:04,050 INFO  impl.RoleInfo (RoleInfo.java:shutdownFollowerState(121)) - s2: shutdown FollowerState
2019-09-24 17:34:04,050 INFO  impl.RaftServerImpl (RaftServerImpl.java:setRole(170)) - s2@group-ED203BE14A97: changes role from  FOLLOWER to CANDIDATE at term 0 for changeToCandidate
2019-09-24 17:34:04,050 INFO  impl.RoleInfo (RoleInfo.java:updateAndGet(143)) - s2: start LeaderElection
2019-09-24 17:34:04,072 INFO  impl.FollowerState (FollowerState.java:run(108)) - s1@group-ED203BE14A97-FollowerState: change to CANDIDATE, lastRpcTime:272ms, electionTimeout:272ms
2019-09-24 17:34:04,072 INFO  impl.RoleInfo (RoleInfo.java:shutdownFollowerState(121)) - s1: shutdown FollowerState
2019-09-24 17:34:04,073 INFO  impl.RaftServerImpl (RaftServerImpl.java:setRole(170)) - s1@group-ED203BE14A97: changes role from  FOLLOWER to CANDIDATE at term 0 for changeToCandidate
2019-09-24 17:34:04,073 INFO  impl.RoleInfo (RoleInfo.java:updateAndGet(143)) - s1: start LeaderElection
2019-09-24 17:34:04,275 WARN  ratis.RaftTestUtil (JavaUtils.java:attempt(158)) - FAILED "waitForLeader-null-(expectLeader? true)", attempt #2/100: java.lang.IllegalStateException: No leader yet : printing ALL groups
  s0:  RUNNING CANDIDATE s0@group-ED203BE14A97:t1, leader=null, voted=s0, raftlog=s0@group-ED203BE14A97-SegmentedRaftLog:OPENED:c-1,f-1,i0, conf=-1: [s0:0.0.0.0:42001, s1:0.0.0.0:43636, s2:0.0.0.0:41913], old=null RUNNING
  s1:  RUNNING CANDIDATE s1@group-ED203BE14A97:t1, leader=null, voted=s1, raftlog=s1@group-ED203BE14A97-SegmentedRaftLog:OPENED:c-1,f-1,i0, conf=-1: [s0:0.0.0.0:42001, s1:0.0.0.0:43636, s2:0.0.0.0:41913], old=null RUNNING
  s2:  RUNNING CANDIDATE s2@group-ED203BE14A97:t1, leader=null, voted=s2, raftlog=s2@group-ED203BE14A97-SegmentedRaftLog:OPENED:c-1,f-1,i0, conf=-1: [s0:0.0.0.0:42001, s1:0.0.0.0:43636, s2:0.0.0.0:41913], old=null RUNNING, sleep 450ms and then retry.
java.lang.IllegalStateException: No leader yet : printing ALL groups
  s0:  RUNNING CANDIDATE s0@group-ED203BE14A97:t1, leader=null, voted=s0, raftlog=s0@group-ED203BE14A97-SegmentedRaftLog:OPENED:c-1,f-1,i0, conf=-1: [s0:0.0.0.0:42001, s1:0.0.0.0:43636, s2:0.0.0.0:41913], old=null RUNNING
  s1:  RUNNING CANDIDATE s1@group-ED203BE14A97:t1, leader=null, voted=s1, raftlog=s1@group-ED203BE14A97-SegmentedRaftLog:OPENED:c-1,f-1,i0, conf=-1: [s0:0.0.0.0:42001, s1:0.0.0.0:43636, s2:0.0.0.0:41913], old=null RUNNING
  s2:  RUNNING CANDIDATE s2@group-ED203BE14A97:t1, leader=null, voted=s2, raftlog=s2@group-ED203BE14A97-SegmentedRaftLog:OPENED:c-1,f-1,i0, conf=-1: [s0:0.0.0.0:42001, s1:0.0.0.0:43636, s2:0.0.0.0:41913], old=null RUNNING
	at org.apache.ratis.MiniRaftCluster.newIllegalStateExceptionForNoLeaders(MiniRaftCluster.java:506)
	at org.apache.ratis.RaftTestUtil.lambda$waitForLeader$1(RaftTestUtil.java:90)
	at org.apache.ratis.MiniRaftCluster.getLeader(MiniRaftCluster.java:539)
	at org.apache.ratis.MiniRaftCluster.getLeader(MiniRaftCluster.java:532)
	at org.apache.ratis.RaftTestUtil.lambda$waitForLeader$3(RaftTestUtil.java:98)
	at org.apache.ratis.util.JavaUtils.attempt(JavaUtils.java:152)
	at org.apache.ratis.RaftTestUtil.waitForLeader(RaftTestUtil.java:97)
	at org.apache.ratis.RaftTestUtil.waitForLeader(RaftTestUtil.java:77)
	at org.apache.ratis.RaftTestUtil.waitForLeader(RaftTestUtil.java:72)
	at org.apache.ratis.examples.filestore.FileStoreBaseTest.testFileStore(FileStoreBaseTest.java:73)
	at sun.reflect.NativeMethodAccessorImpl.invoke0(Native Method)
	at sun.reflect.NativeMethodAccessorImpl.invoke(NativeMethodAccessorImpl.java:62)
	at sun.reflect.DelegatingMethodAccessorImpl.invoke(DelegatingMethodAccessorImpl.java:43)
	at java.lang.reflect.Method.invoke(Method.java:498)
	at org.junit.runners.model.FrameworkMethod$1.runReflectiveCall(FrameworkMethod.java:50)
	at org.junit.internal.runners.model.ReflectiveCallable.run(ReflectiveCallable.java:12)
	at org.junit.runners.model.FrameworkMethod.invokeExplosively(FrameworkMethod.java:47)
	at org.junit.internal.runners.statements.InvokeMethod.evaluate(InvokeMethod.java:17)
	at org.junit.internal.runners.statements.RunAfters.evaluate(RunAfters.java:27)
	at org.junit.internal.runners.statements.FailOnTimeout$CallableStatement.call(FailOnTimeout.java:298)
	at org.junit.internal.runners.statements.FailOnTimeout$CallableStatement.call(FailOnTimeout.java:292)
	at java.util.concurrent.FutureTask.run(FutureTask.java:266)
	at java.lang.Thread.run(Thread.java:748)
2019-09-24 17:34:04,420 INFO  impl.LeaderElection (LeaderElection.java:askForVotes(178)) - s2@group-ED203BE14A97-LeaderElection2: begin an election at term 1 for -1: [s0:0.0.0.0:42001, s1:0.0.0.0:43636, s2:0.0.0.0:41913], old=null
2019-09-24 17:34:04,420 INFO  impl.LeaderElection (LeaderElection.java:askForVotes(178)) - s1@group-ED203BE14A97-LeaderElection3: begin an election at term 1 for -1: [s0:0.0.0.0:42001, s1:0.0.0.0:43636, s2:0.0.0.0:41913], old=null
2019-09-24 17:34:04,420 INFO  impl.LeaderElection (LeaderElection.java:askForVotes(178)) - s0@group-ED203BE14A97-LeaderElection1: begin an election at term 1 for -1: [s0:0.0.0.0:42001, s1:0.0.0.0:43636, s2:0.0.0.0:41913], old=null
2019-09-24 17:34:04,608 INFO  impl.LeaderElection (LeaderElection.java:logAndReturn(56)) - s0@group-ED203BE14A97-LeaderElection1: Election TIMEOUT; received 0 response(s) [] and 0 exception(s); s0@group-ED203BE14A97:t1, leader=null, voted=s0, raftlog=s0@group-ED203BE14A97-SegmentedRaftLog:OPENED:c-1,f-1,i0, conf=-1: [s0:0.0.0.0:42001, s1:0.0.0.0:43636, s2:0.0.0.0:41913], old=null
2019-09-24 17:34:04,608 INFO  impl.LeaderElection (LeaderElection.java:logAndReturn(56)) - s2@group-ED203BE14A97-LeaderElection2: Election TIMEOUT; received 0 response(s) [] and 0 exception(s); s2@group-ED203BE14A97:t1, leader=null, voted=s2, raftlog=s2@group-ED203BE14A97-SegmentedRaftLog:OPENED:c-1,f-1,i0, conf=-1: [s0:0.0.0.0:42001, s1:0.0.0.0:43636, s2:0.0.0.0:41913], old=null
2019-09-24 17:34:04,651 INFO  impl.LeaderElection (LeaderElection.java:logAndReturn(56)) - s1@group-ED203BE14A97-LeaderElection3: Election TIMEOUT; received 0 response(s) [] and 0 exception(s); s1@group-ED203BE14A97:t1, leader=null, voted=s1, raftlog=s1@group-ED203BE14A97-SegmentedRaftLog:OPENED:c-1,f-1,i0, conf=-1: [s0:0.0.0.0:42001, s1:0.0.0.0:43636, s2:0.0.0.0:41913], old=null
2019-09-24 17:34:04,727 WARN  ratis.RaftTestUtil (JavaUtils.java:attempt(158)) - FAILED "waitForLeader-null-(expectLeader? true)", attempt #3/100: java.lang.IllegalStateException: No leader yet : printing ALL groups
  s0:  RUNNING CANDIDATE s0@group-ED203BE14A97:t2, leader=null, voted=s0, raftlog=s0@group-ED203BE14A97-SegmentedRaftLog:OPENED:c-1,f-1,i0, conf=-1: [s0:0.0.0.0:42001, s1:0.0.0.0:43636, s2:0.0.0.0:41913], old=null RUNNING
  s1:  RUNNING CANDIDATE s1@group-ED203BE14A97:t2, leader=null, voted=s1, raftlog=s1@group-ED203BE14A97-SegmentedRaftLog:OPENED:c-1,f-1,i0, conf=-1: [s0:0.0.0.0:42001, s1:0.0.0.0:43636, s2:0.0.0.0:41913], old=null RUNNING
  s2:  RUNNING CANDIDATE s2@group-ED203BE14A97:t2, leader=null, voted=s2, raftlog=s2@group-ED203BE14A97-SegmentedRaftLog:OPENED:c-1,f-1,i0, conf=-1: [s0:0.0.0.0:42001, s1:0.0.0.0:43636, s2:0.0.0.0:41913], old=null RUNNING, sleep 450ms and then retry.
java.lang.IllegalStateException: No leader yet : printing ALL groups
  s0:  RUNNING CANDIDATE s0@group-ED203BE14A97:t2, leader=null, voted=s0, raftlog=s0@group-ED203BE14A97-SegmentedRaftLog:OPENED:c-1,f-1,i0, conf=-1: [s0:0.0.0.0:42001, s1:0.0.0.0:43636, s2:0.0.0.0:41913], old=null RUNNING
  s1:  RUNNING CANDIDATE s1@group-ED203BE14A97:t2, leader=null, voted=s1, raftlog=s1@group-ED203BE14A97-SegmentedRaftLog:OPENED:c-1,f-1,i0, conf=-1: [s0:0.0.0.0:42001, s1:0.0.0.0:43636, s2:0.0.0.0:41913], old=null RUNNING
  s2:  RUNNING CANDIDATE s2@group-ED203BE14A97:t2, leader=null, voted=s2, raftlog=s2@group-ED203BE14A97-SegmentedRaftLog:OPENED:c-1,f-1,i0, conf=-1: [s0:0.0.0.0:42001, s1:0.0.0.0:43636, s2:0.0.0.0:41913], old=null RUNNING
	at org.apache.ratis.MiniRaftCluster.newIllegalStateExceptionForNoLeaders(MiniRaftCluster.java:506)
	at org.apache.ratis.RaftTestUtil.lambda$waitForLeader$1(RaftTestUtil.java:90)
	at org.apache.ratis.MiniRaftCluster.getLeader(MiniRaftCluster.java:539)
	at org.apache.ratis.MiniRaftCluster.getLeader(MiniRaftCluster.java:532)
	at org.apache.ratis.RaftTestUtil.lambda$waitForLeader$3(RaftTestUtil.java:98)
	at org.apache.ratis.util.JavaUtils.attempt(JavaUtils.java:152)
	at org.apache.ratis.RaftTestUtil.waitForLeader(RaftTestUtil.java:97)
	at org.apache.ratis.RaftTestUtil.waitForLeader(RaftTestUtil.java:77)
	at org.apache.ratis.RaftTestUtil.waitForLeader(RaftTestUtil.java:72)
	at org.apache.ratis.examples.filestore.FileStoreBaseTest.testFileStore(FileStoreBaseTest.java:73)
	at sun.reflect.NativeMethodAccessorImpl.invoke0(Native Method)
	at sun.reflect.NativeMethodAccessorImpl.invoke(NativeMethodAccessorImpl.java:62)
	at sun.reflect.DelegatingMethodAccessorImpl.invoke(DelegatingMethodAccessorImpl.java:43)
	at java.lang.reflect.Method.invoke(Method.java:498)
	at org.junit.runners.model.FrameworkMethod$1.runReflectiveCall(FrameworkMethod.java:50)
	at org.junit.internal.runners.model.ReflectiveCallable.run(ReflectiveCallable.java:12)
	at org.junit.runners.model.FrameworkMethod.invokeExplosively(FrameworkMethod.java:47)
	at org.junit.internal.runners.statements.InvokeMethod.evaluate(InvokeMethod.java:17)
	at org.junit.internal.runners.statements.RunAfters.evaluate(RunAfters.java:27)
	at org.junit.internal.runners.statements.FailOnTimeout$CallableStatement.call(FailOnTimeout.java:298)
	at org.junit.internal.runners.statements.FailOnTimeout$CallableStatement.call(FailOnTimeout.java:292)
	at java.util.concurrent.FutureTask.run(FutureTask.java:266)
	at java.lang.Thread.run(Thread.java:748)
2019-09-24 17:34:04,921 INFO  impl.LeaderElection (LeaderElection.java:askForVotes(178)) - s0@group-ED203BE14A97-LeaderElection1: begin an election at term 2 for -1: [s0:0.0.0.0:42001, s1:0.0.0.0:43636, s2:0.0.0.0:41913], old=null
2019-09-24 17:34:04,921 INFO  impl.LeaderElection (LeaderElection.java:askForVotes(178)) - s2@group-ED203BE14A97-LeaderElection2: begin an election at term 2 for -1: [s0:0.0.0.0:42001, s1:0.0.0.0:43636, s2:0.0.0.0:41913], old=null
2019-09-24 17:34:04,922 INFO  impl.LeaderElection (LeaderElection.java:askForVotes(178)) - s1@group-ED203BE14A97-LeaderElection3: begin an election at term 2 for -1: [s0:0.0.0.0:42001, s1:0.0.0.0:43636, s2:0.0.0.0:41913], old=null
2019-09-24 17:34:04,947 INFO  impl.LeaderElection (LeaderElection.java:logAndReturn(56)) - s2@group-ED203BE14A97-LeaderElection2: Election REJECTED; received 2 response(s) [s2<-s0#0:FAIL-t2, s2<-s1#0:FAIL-t2] and 0 exception(s); s2@group-ED203BE14A97:t2, leader=null, voted=s2, raftlog=s2@group-ED203BE14A97-SegmentedRaftLog:OPENED:c-1,f-1,i0, conf=-1: [s0:0.0.0.0:42001, s1:0.0.0.0:43636, s2:0.0.0.0:41913], old=null
2019-09-24 17:34:04,949 INFO  impl.RaftServerImpl (RaftServerImpl.java:setRole(170)) - s2@group-ED203BE14A97: changes role from CANDIDATE to FOLLOWER at term 2 for DISCOVERED_A_NEW_TERM
2019-09-24 17:34:04,949 INFO  impl.RoleInfo (RoleInfo.java:shutdownLeaderElection(134)) - s2: shutdown LeaderElection
2019-09-24 17:34:04,949 INFO  impl.RoleInfo (RoleInfo.java:updateAndGet(143)) - s2: start FollowerState
2019-09-24 17:34:04,950 INFO  impl.LeaderElection (LeaderElection.java:logAndReturn(56)) - s0@group-ED203BE14A97-LeaderElection1: Election REJECTED; received 2 response(s) [s0<-s1#0:FAIL-t2, s0<-s2#0:FAIL-t2] and 0 exception(s); s0@group-ED203BE14A97:t2, leader=null, voted=s0, raftlog=s0@group-ED203BE14A97-SegmentedRaftLog:OPENED:c-1,f-1,i0, conf=-1: [s0:0.0.0.0:42001, s1:0.0.0.0:43636, s2:0.0.0.0:41913], old=null
2019-09-24 17:34:04,950 INFO  impl.RaftServerImpl (RaftServerImpl.java:setRole(170)) - s0@group-ED203BE14A97: changes role from CANDIDATE to FOLLOWER at term 2 for DISCOVERED_A_NEW_TERM
2019-09-24 17:34:04,950 INFO  impl.LeaderElection (LeaderElection.java:logAndReturn(56)) - s1@group-ED203BE14A97-LeaderElection3: Election REJECTED; received 2 response(s) [s1<-s0#0:FAIL-t2, s1<-s2#0:FAIL-t2] and 0 exception(s); s1@group-ED203BE14A97:t2, leader=null, voted=s1, raftlog=s1@group-ED203BE14A97-SegmentedRaftLog:OPENED:c-1,f-1,i0, conf=-1: [s0:0.0.0.0:42001, s1:0.0.0.0:43636, s2:0.0.0.0:41913], old=null
2019-09-24 17:34:04,950 INFO  impl.RoleInfo (RoleInfo.java:shutdownLeaderElection(134)) - s0: shutdown LeaderElection
2019-09-24 17:34:04,950 INFO  impl.RaftServerImpl (RaftServerImpl.java:setRole(170)) - s1@group-ED203BE14A97: changes role from CANDIDATE to FOLLOWER at term 2 for DISCOVERED_A_NEW_TERM
2019-09-24 17:34:04,950 INFO  impl.RoleInfo (RoleInfo.java:updateAndGet(143)) - s0: start FollowerState
2019-09-24 17:34:04,951 INFO  impl.RoleInfo (RoleInfo.java:shutdownLeaderElection(134)) - s1: shutdown LeaderElection
2019-09-24 17:34:04,951 INFO  impl.RoleInfo (RoleInfo.java:updateAndGet(143)) - s1: start FollowerState
2019-09-24 17:34:05,129 INFO  impl.FollowerState (FollowerState.java:run(108)) - s1@group-ED203BE14A97-FollowerState: change to CANDIDATE, lastRpcTime:178ms, electionTimeout:178ms
2019-09-24 17:34:05,130 INFO  impl.RoleInfo (RoleInfo.java:shutdownFollowerState(121)) - s1: shutdown FollowerState
2019-09-24 17:34:05,130 INFO  impl.RaftServerImpl (RaftServerImpl.java:setRole(170)) - s1@group-ED203BE14A97: changes role from  FOLLOWER to CANDIDATE at term 2 for changeToCandidate
2019-09-24 17:34:05,130 INFO  impl.RoleInfo (RoleInfo.java:updateAndGet(143)) - s1: start LeaderElection
2019-09-24 17:34:05,179 WARN  ratis.RaftTestUtil (JavaUtils.java:attempt(158)) - FAILED "waitForLeader-null-(expectLeader? true)", attempt #4/100: java.lang.IllegalStateException: No leader yet : printing ALL groups
  s0:  RUNNING  FOLLOWER s0@group-ED203BE14A97:t2, leader=null, voted=s0, raftlog=s0@group-ED203BE14A97-SegmentedRaftLog:OPENED:c-1,f-1,i0, conf=-1: [s0:0.0.0.0:42001, s1:0.0.0.0:43636, s2:0.0.0.0:41913], old=null RUNNING
  s1:  RUNNING CANDIDATE s1@group-ED203BE14A97:t3, leader=null, voted=s1, raftlog=s1@group-ED203BE14A97-SegmentedRaftLog:OPENED:c-1,f-1,i0, conf=-1: [s0:0.0.0.0:42001, s1:0.0.0.0:43636, s2:0.0.0.0:41913], old=null RUNNING
  s2:  RUNNING  FOLLOWER s2@group-ED203BE14A97:t2, leader=null, voted=s2, raftlog=s2@group-ED203BE14A97-SegmentedRaftLog:OPENED:c-1,f-1,i0, conf=-1: [s0:0.0.0.0:42001, s1:0.0.0.0:43636, s2:0.0.0.0:41913], old=null RUNNING, sleep 450ms and then retry.
java.lang.IllegalStateException: No leader yet : printing ALL groups
  s0:  RUNNING  FOLLOWER s0@group-ED203BE14A97:t2, leader=null, voted=s0, raftlog=s0@group-ED203BE14A97-SegmentedRaftLog:OPENED:c-1,f-1,i0, conf=-1: [s0:0.0.0.0:42001, s1:0.0.0.0:43636, s2:0.0.0.0:41913], old=null RUNNING
  s1:  RUNNING CANDIDATE s1@group-ED203BE14A97:t3, leader=null, voted=s1, raftlog=s1@group-ED203BE14A97-SegmentedRaftLog:OPENED:c-1,f-1,i0, conf=-1: [s0:0.0.0.0:42001, s1:0.0.0.0:43636, s2:0.0.0.0:41913], old=null RUNNING
  s2:  RUNNING  FOLLOWER s2@group-ED203BE14A97:t2, leader=null, voted=s2, raftlog=s2@group-ED203BE14A97-SegmentedRaftLog:OPENED:c-1,f-1,i0, conf=-1: [s0:0.0.0.0:42001, s1:0.0.0.0:43636, s2:0.0.0.0:41913], old=null RUNNING
	at org.apache.ratis.MiniRaftCluster.newIllegalStateExceptionForNoLeaders(MiniRaftCluster.java:506)
	at org.apache.ratis.RaftTestUtil.lambda$waitForLeader$1(RaftTestUtil.java:90)
	at org.apache.ratis.MiniRaftCluster.getLeader(MiniRaftCluster.java:539)
	at org.apache.ratis.MiniRaftCluster.getLeader(MiniRaftCluster.java:532)
	at org.apache.ratis.RaftTestUtil.lambda$waitForLeader$3(RaftTestUtil.java:98)
	at org.apache.ratis.util.JavaUtils.attempt(JavaUtils.java:152)
	at org.apache.ratis.RaftTestUtil.waitForLeader(RaftTestUtil.java:97)
	at org.apache.ratis.RaftTestUtil.waitForLeader(RaftTestUtil.java:77)
	at org.apache.ratis.RaftTestUtil.waitForLeader(RaftTestUtil.java:72)
	at org.apache.ratis.examples.filestore.FileStoreBaseTest.testFileStore(FileStoreBaseTest.java:73)
	at sun.reflect.NativeMethodAccessorImpl.invoke0(Native Method)
	at sun.reflect.NativeMethodAccessorImpl.invoke(NativeMethodAccessorImpl.java:62)
	at sun.reflect.DelegatingMethodAccessorImpl.invoke(DelegatingMethodAccessorImpl.java:43)
	at java.lang.reflect.Method.invoke(Method.java:498)
	at org.junit.runners.model.FrameworkMethod$1.runReflectiveCall(FrameworkMethod.java:50)
	at org.junit.internal.runners.model.ReflectiveCallable.run(ReflectiveCallable.java:12)
	at org.junit.runners.model.FrameworkMethod.invokeExplosively(FrameworkMethod.java:47)
	at org.junit.internal.runners.statements.InvokeMethod.evaluate(InvokeMethod.java:17)
	at org.junit.internal.runners.statements.RunAfters.evaluate(RunAfters.java:27)
	at org.junit.internal.runners.statements.FailOnTimeout$CallableStatement.call(FailOnTimeout.java:298)
	at org.junit.internal.runners.statements.FailOnTimeout$CallableStatement.call(FailOnTimeout.java:292)
	at java.util.concurrent.FutureTask.run(FutureTask.java:266)
	at java.lang.Thread.run(Thread.java:748)
2019-09-24 17:34:05,235 INFO  impl.FollowerState (FollowerState.java:run(108)) - s2@group-ED203BE14A97-FollowerState: change to CANDIDATE, lastRpcTime:285ms, electionTimeout:285ms
2019-09-24 17:34:05,235 INFO  impl.RoleInfo (RoleInfo.java:shutdownFollowerState(121)) - s2: shutdown FollowerState
2019-09-24 17:34:05,235 INFO  impl.RaftServerImpl (RaftServerImpl.java:setRole(170)) - s2@group-ED203BE14A97: changes role from  FOLLOWER to CANDIDATE at term 2 for changeToCandidate
2019-09-24 17:34:05,236 INFO  impl.RoleInfo (RoleInfo.java:updateAndGet(143)) - s2: start LeaderElection
2019-09-24 17:34:05,250 INFO  impl.FollowerState (FollowerState.java:run(108)) - s0@group-ED203BE14A97-FollowerState: change to CANDIDATE, lastRpcTime:299ms, electionTimeout:299ms
2019-09-24 17:34:05,250 INFO  impl.RoleInfo (RoleInfo.java:shutdownFollowerState(121)) - s0: shutdown FollowerState
2019-09-24 17:34:05,251 INFO  impl.RaftServerImpl (RaftServerImpl.java:setRole(170)) - s0@group-ED203BE14A97: changes role from  FOLLOWER to CANDIDATE at term 2 for changeToCandidate
2019-09-24 17:34:05,251 INFO  impl.RoleInfo (RoleInfo.java:updateAndGet(143)) - s0: start LeaderElection
2019-09-24 17:34:05,476 INFO  impl.LeaderElection (LeaderElection.java:askForVotes(178)) - s1@group-ED203BE14A97-LeaderElection4: begin an election at term 3 for -1: [s0:0.0.0.0:42001, s1:0.0.0.0:43636, s2:0.0.0.0:41913], old=null
2019-09-24 17:34:05,476 INFO  impl.LeaderElection (LeaderElection.java:askForVotes(178)) - s0@group-ED203BE14A97-LeaderElection6: begin an election at term 3 for -1: [s0:0.0.0.0:42001, s1:0.0.0.0:43636, s2:0.0.0.0:41913], old=null
2019-09-24 17:34:05,476 INFO  impl.LeaderElection (LeaderElection.java:askForVotes(178)) - s2@group-ED203BE14A97-LeaderElection5: begin an election at term 3 for -1: [s0:0.0.0.0:42001, s1:0.0.0.0:43636, s2:0.0.0.0:41913], old=null
2019-09-24 17:34:05,502 INFO  impl.LeaderElection (LeaderElection.java:logAndReturn(56)) - s0@group-ED203BE14A97-LeaderElection6: Election REJECTED; received 2 response(s) [s0<-s1#0:FAIL-t3, s0<-s2#0:FAIL-t3] and 0 exception(s); s0@group-ED203BE14A97:t3, leader=null, voted=s0, raftlog=s0@group-ED203BE14A97-SegmentedRaftLog:OPENED:c-1,f-1,i0, conf=-1: [s0:0.0.0.0:42001, s1:0.0.0.0:43636, s2:0.0.0.0:41913], old=null
2019-09-24 17:34:05,502 INFO  impl.LeaderElection (LeaderElection.java:logAndReturn(56)) - s2@group-ED203BE14A97-LeaderElection5: Election REJECTED; received 2 response(s) [s2<-s0#0:FAIL-t3, s2<-s1#0:FAIL-t3] and 0 exception(s); s2@group-ED203BE14A97:t3, leader=null, voted=s2, raftlog=s2@group-ED203BE14A97-SegmentedRaftLog:OPENED:c-1,f-1,i0, conf=-1: [s0:0.0.0.0:42001, s1:0.0.0.0:43636, s2:0.0.0.0:41913], old=null
2019-09-24 17:34:05,502 INFO  impl.LeaderElection (LeaderElection.java:logAndReturn(56)) - s1@group-ED203BE14A97-LeaderElection4: Election REJECTED; received 2 response(s) [s1<-s0#0:FAIL-t3, s1<-s2#0:FAIL-t3] and 0 exception(s); s1@group-ED203BE14A97:t3, leader=null, voted=s1, raftlog=s1@group-ED203BE14A97-SegmentedRaftLog:OPENED:c-1,f-1,i0, conf=-1: [s0:0.0.0.0:42001, s1:0.0.0.0:43636, s2:0.0.0.0:41913], old=null
2019-09-24 17:34:05,504 INFO  impl.RaftServerImpl (RaftServerImpl.java:setRole(170)) - s0@group-ED203BE14A97: changes role from CANDIDATE to FOLLOWER at term 3 for DISCOVERED_A_NEW_TERM
2019-09-24 17:34:05,504 INFO  impl.RaftServerImpl (RaftServerImpl.java:setRole(170)) - s2@group-ED203BE14A97: changes role from CANDIDATE to FOLLOWER at term 3 for DISCOVERED_A_NEW_TERM
2019-09-24 17:34:05,505 INFO  impl.RoleInfo (RoleInfo.java:shutdownLeaderElection(134)) - s0: shutdown LeaderElection
2019-09-24 17:34:05,504 INFO  impl.RaftServerImpl (RaftServerImpl.java:setRole(170)) - s1@group-ED203BE14A97: changes role from CANDIDATE to FOLLOWER at term 3 for DISCOVERED_A_NEW_TERM
2019-09-24 17:34:05,506 INFO  impl.RoleInfo (RoleInfo.java:updateAndGet(143)) - s0: start FollowerState
2019-09-24 17:34:05,505 INFO  impl.RoleInfo (RoleInfo.java:shutdownLeaderElection(134)) - s2: shutdown LeaderElection
2019-09-24 17:34:05,506 INFO  impl.RoleInfo (RoleInfo.java:shutdownLeaderElection(134)) - s1: shutdown LeaderElection
2019-09-24 17:34:05,506 INFO  impl.RoleInfo (RoleInfo.java:updateAndGet(143)) - s2: start FollowerState
2019-09-24 17:34:05,506 INFO  impl.RoleInfo (RoleInfo.java:updateAndGet(143)) - s1: start FollowerState
2019-09-24 17:34:05,631 WARN  ratis.RaftTestUtil (JavaUtils.java:attempt(158)) - FAILED "waitForLeader-null-(expectLeader? true)", attempt #5/100: java.lang.IllegalStateException: No leader yet : printing ALL groups
  s0:  RUNNING  FOLLOWER s0@group-ED203BE14A97:t3, leader=null, voted=s0, raftlog=s0@group-ED203BE14A97-SegmentedRaftLog:OPENED:c-1,f-1,i0, conf=-1: [s0:0.0.0.0:42001, s1:0.0.0.0:43636, s2:0.0.0.0:41913], old=null RUNNING
  s1:  RUNNING  FOLLOWER s1@group-ED203BE14A97:t3, leader=null, voted=s1, raftlog=s1@group-ED203BE14A97-SegmentedRaftLog:OPENED:c-1,f-1,i0, conf=-1: [s0:0.0.0.0:42001, s1:0.0.0.0:43636, s2:0.0.0.0:41913], old=null RUNNING
  s2:  RUNNING  FOLLOWER s2@group-ED203BE14A97:t3, leader=null, voted=s2, raftlog=s2@group-ED203BE14A97-SegmentedRaftLog:OPENED:c-1,f-1,i0, conf=-1: [s0:0.0.0.0:42001, s1:0.0.0.0:43636, s2:0.0.0.0:41913], old=null RUNNING, sleep 450ms and then retry.
java.lang.IllegalStateException: No leader yet : printing ALL groups
  s0:  RUNNING  FOLLOWER s0@group-ED203BE14A97:t3, leader=null, voted=s0, raftlog=s0@group-ED203BE14A97-SegmentedRaftLog:OPENED:c-1,f-1,i0, conf=-1: [s0:0.0.0.0:42001, s1:0.0.0.0:43636, s2:0.0.0.0:41913], old=null RUNNING
  s1:  RUNNING  FOLLOWER s1@group-ED203BE14A97:t3, leader=null, voted=s1, raftlog=s1@group-ED203BE14A97-SegmentedRaftLog:OPENED:c-1,f-1,i0, conf=-1: [s0:0.0.0.0:42001, s1:0.0.0.0:43636, s2:0.0.0.0:41913], old=null RUNNING
  s2:  RUNNING  FOLLOWER s2@group-ED203BE14A97:t3, leader=null, voted=s2, raftlog=s2@group-ED203BE14A97-SegmentedRaftLog:OPENED:c-1,f-1,i0, conf=-1: [s0:0.0.0.0:42001, s1:0.0.0.0:43636, s2:0.0.0.0:41913], old=null RUNNING
	at org.apache.ratis.MiniRaftCluster.newIllegalStateExceptionForNoLeaders(MiniRaftCluster.java:506)
	at org.apache.ratis.RaftTestUtil.lambda$waitForLeader$1(RaftTestUtil.java:90)
	at org.apache.ratis.MiniRaftCluster.getLeader(MiniRaftCluster.java:539)
	at org.apache.ratis.MiniRaftCluster.getLeader(MiniRaftCluster.java:532)
	at org.apache.ratis.RaftTestUtil.lambda$waitForLeader$3(RaftTestUtil.java:98)
	at org.apache.ratis.util.JavaUtils.attempt(JavaUtils.java:152)
	at org.apache.ratis.RaftTestUtil.waitForLeader(RaftTestUtil.java:97)
	at org.apache.ratis.RaftTestUtil.waitForLeader(RaftTestUtil.java:77)
	at org.apache.ratis.RaftTestUtil.waitForLeader(RaftTestUtil.java:72)
	at org.apache.ratis.examples.filestore.FileStoreBaseTest.testFileStore(FileStoreBaseTest.java:73)
	at sun.reflect.NativeMethodAccessorImpl.invoke0(Native Method)
	at sun.reflect.NativeMethodAccessorImpl.invoke(NativeMethodAccessorImpl.java:62)
	at sun.reflect.DelegatingMethodAccessorImpl.invoke(DelegatingMethodAccessorImpl.java:43)
	at java.lang.reflect.Method.invoke(Method.java:498)
	at org.junit.runners.model.FrameworkMethod$1.runReflectiveCall(FrameworkMethod.java:50)
	at org.junit.internal.runners.model.ReflectiveCallable.run(ReflectiveCallable.java:12)
	at org.junit.runners.model.FrameworkMethod.invokeExplosively(FrameworkMethod.java:47)
	at org.junit.internal.runners.statements.InvokeMethod.evaluate(InvokeMethod.java:17)
	at org.junit.internal.runners.statements.RunAfters.evaluate(RunAfters.java:27)
	at org.junit.internal.runners.statements.FailOnTimeout$CallableStatement.call(FailOnTimeout.java:298)
	at org.junit.internal.runners.statements.FailOnTimeout$CallableStatement.call(FailOnTimeout.java:292)
	at java.util.concurrent.FutureTask.run(FutureTask.java:266)
	at java.lang.Thread.run(Thread.java:748)
2019-09-24 17:34:05,660 INFO  impl.FollowerState (FollowerState.java:run(108)) - s0@group-ED203BE14A97-FollowerState: change to CANDIDATE, lastRpcTime:153ms, electionTimeout:153ms
2019-09-24 17:34:05,660 INFO  impl.RoleInfo (RoleInfo.java:shutdownFollowerState(121)) - s0: shutdown FollowerState
2019-09-24 17:34:05,660 INFO  impl.RaftServerImpl (RaftServerImpl.java:setRole(170)) - s0@group-ED203BE14A97: changes role from  FOLLOWER to CANDIDATE at term 3 for changeToCandidate
2019-09-24 17:34:05,661 INFO  impl.RoleInfo (RoleInfo.java:updateAndGet(143)) - s0: start LeaderElection
2019-09-24 17:34:05,722 INFO  impl.FollowerState (FollowerState.java:run(108)) - s1@group-ED203BE14A97-FollowerState: change to CANDIDATE, lastRpcTime:215ms, electionTimeout:215ms
2019-09-24 17:34:05,723 INFO  impl.RoleInfo (RoleInfo.java:shutdownFollowerState(121)) - s1: shutdown FollowerState
2019-09-24 17:34:05,723 INFO  impl.RaftServerImpl (RaftServerImpl.java:setRole(170)) - s1@group-ED203BE14A97: changes role from  FOLLOWER to CANDIDATE at term 3 for changeToCandidate
2019-09-24 17:34:05,724 INFO  impl.RoleInfo (RoleInfo.java:updateAndGet(143)) - s1: start LeaderElection
2019-09-24 17:34:05,782 INFO  impl.FollowerState (FollowerState.java:run(108)) - s2@group-ED203BE14A97-FollowerState: change to CANDIDATE, lastRpcTime:275ms, electionTimeout:275ms
2019-09-24 17:34:05,782 INFO  impl.RoleInfo (RoleInfo.java:shutdownFollowerState(121)) - s2: shutdown FollowerState
2019-09-24 17:34:05,783 INFO  impl.RaftServerImpl (RaftServerImpl.java:setRole(170)) - s2@group-ED203BE14A97: changes role from  FOLLOWER to CANDIDATE at term 3 for changeToCandidate
2019-09-24 17:34:05,783 INFO  impl.RoleInfo (RoleInfo.java:updateAndGet(143)) - s2: start LeaderElection
2019-09-24 17:34:06,083 WARN  ratis.RaftTestUtil (JavaUtils.java:attempt(158)) - FAILED "waitForLeader-null-(expectLeader? true)", attempt #6/100: java.lang.IllegalStateException: No leader yet : printing ALL groups
  s0:  RUNNING CANDIDATE s0@group-ED203BE14A97:t4, leader=null, voted=s0, raftlog=s0@group-ED203BE14A97-SegmentedRaftLog:OPENED:c-1,f-1,i0, conf=-1: [s0:0.0.0.0:42001, s1:0.0.0.0:43636, s2:0.0.0.0:41913], old=null RUNNING
  s1:  RUNNING CANDIDATE s1@group-ED203BE14A97:t4, leader=null, voted=s1, raftlog=s1@group-ED203BE14A97-SegmentedRaftLog:OPENED:c-1,f-1,i0, conf=-1: [s0:0.0.0.0:42001, s1:0.0.0.0:43636, s2:0.0.0.0:41913], old=null RUNNING
  s2:  RUNNING CANDIDATE s2@group-ED203BE14A97:t4, leader=null, voted=s2, raftlog=s2@group-ED203BE14A97-SegmentedRaftLog:OPENED:c-1,f-1,i0, conf=-1: [s0:0.0.0.0:42001, s1:0.0.0.0:43636, s2:0.0.0.0:41913], old=null RUNNING, sleep 450ms and then retry.
java.lang.IllegalStateException: No leader yet : printing ALL groups
  s0:  RUNNING CANDIDATE s0@group-ED203BE14A97:t4, leader=null, voted=s0, raftlog=s0@group-ED203BE14A97-SegmentedRaftLog:OPENED:c-1,f-1,i0, conf=-1: [s0:0.0.0.0:42001, s1:0.0.0.0:43636, s2:0.0.0.0:41913], old=null RUNNING
  s1:  RUNNING CANDIDATE s1@group-ED203BE14A97:t4, leader=null, voted=s1, raftlog=s1@group-ED203BE14A97-SegmentedRaftLog:OPENED:c-1,f-1,i0, conf=-1: [s0:0.0.0.0:42001, s1:0.0.0.0:43636, s2:0.0.0.0:41913], old=null RUNNING
  s2:  RUNNING CANDIDATE s2@group-ED203BE14A97:t4, leader=null, voted=s2, raftlog=s2@group-ED203BE14A97-SegmentedRaftLog:OPENED:c-1,f-1,i0, conf=-1: [s0:0.0.0.0:42001, s1:0.0.0.0:43636, s2:0.0.0.0:41913], old=null RUNNING
	at org.apache.ratis.MiniRaftCluster.newIllegalStateExceptionForNoLeaders(MiniRaftCluster.java:506)
	at org.apache.ratis.RaftTestUtil.lambda$waitForLeader$1(RaftTestUtil.java:90)
	at org.apache.ratis.MiniRaftCluster.getLeader(MiniRaftCluster.java:539)
	at org.apache.ratis.MiniRaftCluster.getLeader(MiniRaftCluster.java:532)
	at org.apache.ratis.RaftTestUtil.lambda$waitForLeader$3(RaftTestUtil.java:98)
	at org.apache.ratis.util.JavaUtils.attempt(JavaUtils.java:152)
	at org.apache.ratis.RaftTestUtil.waitForLeader(RaftTestUtil.java:97)
	at org.apache.ratis.RaftTestUtil.waitForLeader(RaftTestUtil.java:77)
	at org.apache.ratis.RaftTestUtil.waitForLeader(RaftTestUtil.java:72)
	at org.apache.ratis.examples.filestore.FileStoreBaseTest.testFileStore(FileStoreBaseTest.java:73)
	at sun.reflect.NativeMethodAccessorImpl.invoke0(Native Method)
	at sun.reflect.NativeMethodAccessorImpl.invoke(NativeMethodAccessorImpl.java:62)
	at sun.reflect.DelegatingMethodAccessorImpl.invoke(DelegatingMethodAccessorImpl.java:43)
	at java.lang.reflect.Method.invoke(Method.java:498)
	at org.junit.runners.model.FrameworkMethod$1.runReflectiveCall(FrameworkMethod.java:50)
	at org.junit.internal.runners.model.ReflectiveCallable.run(ReflectiveCallable.java:12)
	at org.junit.runners.model.FrameworkMethod.invokeExplosively(FrameworkMethod.java:47)
	at org.junit.internal.runners.statements.InvokeMethod.evaluate(InvokeMethod.java:17)
	at org.junit.internal.runners.statements.RunAfters.evaluate(RunAfters.java:27)
	at org.junit.internal.runners.statements.FailOnTimeout$CallableStatement.call(FailOnTimeout.java:298)
	at org.junit.internal.runners.statements.FailOnTimeout$CallableStatement.call(FailOnTimeout.java:292)
	at java.util.concurrent.FutureTask.run(FutureTask.java:266)
	at java.lang.Thread.run(Thread.java:748)
2019-09-24 17:34:06,135 INFO  impl.LeaderElection (LeaderElection.java:askForVotes(178)) - s1@group-ED203BE14A97-LeaderElection8: begin an election at term 4 for -1: [s0:0.0.0.0:42001, s1:0.0.0.0:43636, s2:0.0.0.0:41913], old=null
2019-09-24 17:34:06,135 INFO  impl.LeaderElection (LeaderElection.java:askForVotes(178)) - s2@group-ED203BE14A97-LeaderElection9: begin an election at term 4 for -1: [s0:0.0.0.0:42001, s1:0.0.0.0:43636, s2:0.0.0.0:41913], old=null
2019-09-24 17:34:06,135 INFO  impl.LeaderElection (LeaderElection.java:askForVotes(178)) - s0@group-ED203BE14A97-LeaderElection7: begin an election at term 4 for -1: [s0:0.0.0.0:42001, s1:0.0.0.0:43636, s2:0.0.0.0:41913], old=null
2019-09-24 17:34:06,160 INFO  impl.LeaderElection (LeaderElection.java:logAndReturn(56)) - s0@group-ED203BE14A97-LeaderElection7: Election REJECTED; received 2 response(s) [s0<-s1#0:FAIL-t4, s0<-s2#0:FAIL-t4] and 0 exception(s); s0@group-ED203BE14A97:t4, leader=null, voted=s0, raftlog=s0@group-ED203BE14A97-SegmentedRaftLog:OPENED:c-1,f-1,i0, conf=-1: [s0:0.0.0.0:42001, s1:0.0.0.0:43636, s2:0.0.0.0:41913], old=null
2019-09-24 17:34:06,160 INFO  impl.LeaderElection (LeaderElection.java:logAndReturn(56)) - s1@group-ED203BE14A97-LeaderElection8: Election REJECTED; received 2 response(s) [s1<-s0#0:FAIL-t4, s1<-s2#0:FAIL-t4] and 0 exception(s); s1@group-ED203BE14A97:t4, leader=null, voted=s1, raftlog=s1@group-ED203BE14A97-SegmentedRaftLog:OPENED:c-1,f-1,i0, conf=-1: [s0:0.0.0.0:42001, s1:0.0.0.0:43636, s2:0.0.0.0:41913], old=null
2019-09-24 17:34:06,160 INFO  impl.RaftServerImpl (RaftServerImpl.java:setRole(170)) - s0@group-ED203BE14A97: changes role from CANDIDATE to FOLLOWER at term 4 for DISCOVERED_A_NEW_TERM
2019-09-24 17:34:06,162 INFO  impl.LeaderElection (LeaderElection.java:logAndReturn(56)) - s2@group-ED203BE14A97-LeaderElection9: Election REJECTED; received 2 response(s) [s2<-s0#0:FAIL-t4, s2<-s1#0:FAIL-t4] and 0 exception(s); s2@group-ED203BE14A97:t4, leader=null, voted=s2, raftlog=s2@group-ED203BE14A97-SegmentedRaftLog:OPENED:c-1,f-1,i0, conf=-1: [s0:0.0.0.0:42001, s1:0.0.0.0:43636, s2:0.0.0.0:41913], old=null
2019-09-24 17:34:06,162 INFO  impl.RaftServerImpl (RaftServerImpl.java:setRole(170)) - s1@group-ED203BE14A97: changes role from CANDIDATE to FOLLOWER at term 4 for DISCOVERED_A_NEW_TERM
2019-09-24 17:34:06,163 INFO  impl.RaftServerImpl (RaftServerImpl.java:setRole(170)) - s2@group-ED203BE14A97: changes role from CANDIDATE to FOLLOWER at term 4 for DISCOVERED_A_NEW_TERM
2019-09-24 17:34:06,162 INFO  impl.RoleInfo (RoleInfo.java:shutdownLeaderElection(134)) - s0: shutdown LeaderElection
2019-09-24 17:34:06,163 INFO  impl.RoleInfo (RoleInfo.java:shutdownLeaderElection(134)) - s2: shutdown LeaderElection
2019-09-24 17:34:06,163 INFO  impl.RoleInfo (RoleInfo.java:shutdownLeaderElection(134)) - s1: shutdown LeaderElection
2019-09-24 17:34:06,164 INFO  impl.RoleInfo (RoleInfo.java:updateAndGet(143)) - s2: start FollowerState
2019-09-24 17:34:06,164 INFO  impl.RoleInfo (RoleInfo.java:updateAndGet(143)) - s0: start FollowerState
2019-09-24 17:34:06,164 INFO  impl.RoleInfo (RoleInfo.java:updateAndGet(143)) - s1: start FollowerState
2019-09-24 17:34:06,331 INFO  impl.FollowerState (FollowerState.java:run(108)) - s1@group-ED203BE14A97-FollowerState: change to CANDIDATE, lastRpcTime:166ms, electionTimeout:165ms
2019-09-24 17:34:06,331 INFO  impl.RoleInfo (RoleInfo.java:shutdownFollowerState(121)) - s1: shutdown FollowerState
2019-09-24 17:34:06,331 INFO  impl.RaftServerImpl (RaftServerImpl.java:setRole(170)) - s1@group-ED203BE14A97: changes role from  FOLLOWER to CANDIDATE at term 4 for changeToCandidate
2019-09-24 17:34:06,332 INFO  impl.RoleInfo (RoleInfo.java:updateAndGet(143)) - s1: start LeaderElection
2019-09-24 17:34:06,379 INFO  impl.FollowerState (FollowerState.java:run(108)) - s0@group-ED203BE14A97-FollowerState: change to CANDIDATE, lastRpcTime:215ms, electionTimeout:214ms
2019-09-24 17:34:06,380 INFO  impl.RoleInfo (RoleInfo.java:shutdownFollowerState(121)) - s0: shutdown FollowerState
2019-09-24 17:34:06,380 INFO  impl.RaftServerImpl (RaftServerImpl.java:setRole(170)) - s0@group-ED203BE14A97: changes role from  FOLLOWER to CANDIDATE at term 4 for changeToCandidate
2019-09-24 17:34:06,380 INFO  impl.RoleInfo (RoleInfo.java:updateAndGet(143)) - s0: start LeaderElection
2019-09-24 17:34:06,424 INFO  impl.LeaderElection (LeaderElection.java:askForVotes(178)) - s0@group-ED203BE14A97-LeaderElection11: begin an election at term 5 for -1: [s0:0.0.0.0:42001, s1:0.0.0.0:43636, s2:0.0.0.0:41913], old=null
2019-09-24 17:34:06,424 INFO  impl.LeaderElection (LeaderElection.java:askForVotes(178)) - s1@group-ED203BE14A97-LeaderElection10: begin an election at term 5 for -1: [s0:0.0.0.0:42001, s1:0.0.0.0:43636, s2:0.0.0.0:41913], old=null
2019-09-24 17:34:06,433 INFO  impl.FollowerState (FollowerState.java:run(108)) - s2@group-ED203BE14A97-FollowerState: change to CANDIDATE, lastRpcTime:268ms, electionTimeout:267ms
2019-09-24 17:34:06,433 INFO  impl.RoleInfo (RoleInfo.java:shutdownFollowerState(121)) - s2: shutdown FollowerState
2019-09-24 17:34:06,434 INFO  impl.RaftServerImpl (RaftServerImpl.java:setRole(170)) - s2@group-ED203BE14A97: changes role from  FOLLOWER to CANDIDATE at term 4 for changeToCandidate
2019-09-24 17:34:06,435 INFO  impl.RoleInfo (RoleInfo.java:updateAndGet(143)) - s2: start LeaderElection
2019-09-24 17:34:06,436 INFO  impl.RaftServerImpl (RaftServerImpl.java:setRole(170)) - s2@group-ED203BE14A97: changes role from CANDIDATE to FOLLOWER at term 5 for recognizeCandidate:s1
2019-09-24 17:34:06,437 INFO  impl.RoleInfo (RoleInfo.java:shutdownLeaderElection(134)) - s2: shutdown LeaderElection
2019-09-24 17:34:06,438 INFO  impl.RoleInfo (RoleInfo.java:updateAndGet(143)) - s2: start FollowerState
2019-09-24 17:34:06,464 INFO  impl.RaftServerImpl (RaftServerImpl.java:setRole(170)) - s2@group-ED203BE14A97: changes role from  FOLLOWER to FOLLOWER at term 5 for recognizeCandidate:s0
2019-09-24 17:34:06,465 INFO  impl.RoleInfo (RoleInfo.java:shutdownFollowerState(121)) - s2: shutdown FollowerState
2019-09-24 17:34:06,465 INFO  impl.RoleInfo (RoleInfo.java:updateAndGet(143)) - s2: start FollowerState
2019-09-24 17:34:06,465 INFO  impl.FollowerState (FollowerState.java:run(117)) - s2@group-ED203BE14A97-FollowerState was interrupted: java.lang.InterruptedException: sleep interrupted
2019-09-24 17:34:06,469 INFO  impl.LeaderElection (LeaderElection.java:logAndReturn(56)) - s1@group-ED203BE14A97-LeaderElection10: Election REJECTED; received 2 response(s) [s1<-s0#0:FAIL-t5, s1<-s2#0:FAIL-t5] and 0 exception(s); s1@group-ED203BE14A97:t5, leader=null, voted=s1, raftlog=s1@group-ED203BE14A97-SegmentedRaftLog:OPENED:c-1,f-1,i0, conf=-1: [s0:0.0.0.0:42001, s1:0.0.0.0:43636, s2:0.0.0.0:41913], old=null
2019-09-24 17:34:06,470 INFO  impl.RaftServerImpl (RaftServerImpl.java:setRole(170)) - s1@group-ED203BE14A97: changes role from CANDIDATE to FOLLOWER at term 5 for DISCOVERED_A_NEW_TERM
2019-09-24 17:34:06,470 INFO  impl.RoleInfo (RoleInfo.java:shutdownLeaderElection(134)) - s1: shutdown LeaderElection
2019-09-24 17:34:06,471 INFO  impl.RoleInfo (RoleInfo.java:updateAndGet(143)) - s1: start FollowerState
2019-09-24 17:34:06,535 WARN  ratis.RaftTestUtil (JavaUtils.java:attempt(158)) - FAILED "waitForLeader-null-(expectLeader? true)", attempt #7/100: java.lang.IllegalStateException: No leader yet : printing ALL groups
  s0:  RUNNING CANDIDATE s0@group-ED203BE14A97:t5, leader=null, voted=s0, raftlog=s0@group-ED203BE14A97-SegmentedRaftLog:OPENED:c-1,f-1,i0, conf=-1: [s0:0.0.0.0:42001, s1:0.0.0.0:43636, s2:0.0.0.0:41913], old=null RUNNING
  s1:  RUNNING  FOLLOWER s1@group-ED203BE14A97:t5, leader=null, voted=s1, raftlog=s1@group-ED203BE14A97-SegmentedRaftLog:OPENED:c-1,f-1,i0, conf=-1: [s0:0.0.0.0:42001, s1:0.0.0.0:43636, s2:0.0.0.0:41913], old=null RUNNING
  s2:  RUNNING  FOLLOWER s2@group-ED203BE14A97:t5, leader=null, voted=s0, raftlog=s2@group-ED203BE14A97-SegmentedRaftLog:OPENED:c-1,f-1,i0, conf=-1: [s0:0.0.0.0:42001, s1:0.0.0.0:43636, s2:0.0.0.0:41913], old=null RUNNING, sleep 450ms and then retry.
java.lang.IllegalStateException: No leader yet : printing ALL groups
  s0:  RUNNING CANDIDATE s0@group-ED203BE14A97:t5, leader=null, voted=s0, raftlog=s0@group-ED203BE14A97-SegmentedRaftLog:OPENED:c-1,f-1,i0, conf=-1: [s0:0.0.0.0:42001, s1:0.0.0.0:43636, s2:0.0.0.0:41913], old=null RUNNING
  s1:  RUNNING  FOLLOWER s1@group-ED203BE14A97:t5, leader=null, voted=s1, raftlog=s1@group-ED203BE14A97-SegmentedRaftLog:OPENED:c-1,f-1,i0, conf=-1: [s0:0.0.0.0:42001, s1:0.0.0.0:43636, s2:0.0.0.0:41913], old=null RUNNING
  s2:  RUNNING  FOLLOWER s2@group-ED203BE14A97:t5, leader=null, voted=s0, raftlog=s2@group-ED203BE14A97-SegmentedRaftLog:OPENED:c-1,f-1,i0, conf=-1: [s0:0.0.0.0:42001, s1:0.0.0.0:43636, s2:0.0.0.0:41913], old=null RUNNING
	at org.apache.ratis.MiniRaftCluster.newIllegalStateExceptionForNoLeaders(MiniRaftCluster.java:506)
	at org.apache.ratis.RaftTestUtil.lambda$waitForLeader$1(RaftTestUtil.java:90)
	at org.apache.ratis.MiniRaftCluster.getLeader(MiniRaftCluster.java:539)
	at org.apache.ratis.MiniRaftCluster.getLeader(MiniRaftCluster.java:532)
	at org.apache.ratis.RaftTestUtil.lambda$waitForLeader$3(RaftTestUtil.java:98)
	at org.apache.ratis.util.JavaUtils.attempt(JavaUtils.java:152)
	at org.apache.ratis.RaftTestUtil.waitForLeader(RaftTestUtil.java:97)
	at org.apache.ratis.RaftTestUtil.waitForLeader(RaftTestUtil.java:77)
	at org.apache.ratis.RaftTestUtil.waitForLeader(RaftTestUtil.java:72)
	at org.apache.ratis.examples.filestore.FileStoreBaseTest.testFileStore(FileStoreBaseTest.java:73)
	at sun.reflect.NativeMethodAccessorImpl.invoke0(Native Method)
	at sun.reflect.NativeMethodAccessorImpl.invoke(NativeMethodAccessorImpl.java:62)
	at sun.reflect.DelegatingMethodAccessorImpl.invoke(DelegatingMethodAccessorImpl.java:43)
	at java.lang.reflect.Method.invoke(Method.java:498)
	at org.junit.runners.model.FrameworkMethod$1.runReflectiveCall(FrameworkMethod.java:50)
	at org.junit.internal.runners.model.ReflectiveCallable.run(ReflectiveCallable.java:12)
	at org.junit.runners.model.FrameworkMethod.invokeExplosively(FrameworkMethod.java:47)
	at org.junit.internal.runners.statements.InvokeMethod.evaluate(InvokeMethod.java:17)
	at org.junit.internal.runners.statements.RunAfters.evaluate(RunAfters.java:27)
	at org.junit.internal.runners.statements.FailOnTimeout$CallableStatement.call(FailOnTimeout.java:298)
	at org.junit.internal.runners.statements.FailOnTimeout$CallableStatement.call(FailOnTimeout.java:292)
	at java.util.concurrent.FutureTask.run(FutureTask.java:266)
	at java.lang.Thread.run(Thread.java:748)
2019-09-24 17:34:06,657 INFO  impl.FollowerState (FollowerState.java:run(108)) - s1@group-ED203BE14A97-FollowerState: change to CANDIDATE, lastRpcTime:185ms, electionTimeout:185ms
2019-09-24 17:34:06,657 INFO  impl.RoleInfo (RoleInfo.java:shutdownFollowerState(121)) - s1: shutdown FollowerState
2019-09-24 17:34:06,657 INFO  impl.RaftServerImpl (RaftServerImpl.java:setRole(170)) - s1@group-ED203BE14A97: changes role from  FOLLOWER to CANDIDATE at term 5 for changeToCandidate
2019-09-24 17:34:06,657 INFO  impl.RoleInfo (RoleInfo.java:updateAndGet(143)) - s1: start LeaderElection
2019-09-24 17:34:06,693 INFO  impl.LeaderElection (LeaderElection.java:logAndReturn(56)) - s0@group-ED203BE14A97-LeaderElection11: Election TIMEOUT; received 1 response(s) [s0<-s1#0:FAIL-t5] and 0 exception(s); s0@group-ED203BE14A97:t5, leader=null, voted=s0, raftlog=s0@group-ED203BE14A97-SegmentedRaftLog:OPENED:c-1,f-1,i0, conf=-1: [s0:0.0.0.0:42001, s1:0.0.0.0:43636, s2:0.0.0.0:41913], old=null
2019-09-24 17:34:06,847 INFO  impl.LeaderElection (LeaderElection.java:askForVotes(178)) - s1@group-ED203BE14A97-LeaderElection13: begin an election at term 6 for -1: [s0:0.0.0.0:42001, s1:0.0.0.0:43636, s2:0.0.0.0:41913], old=null
2019-09-24 17:34:06,848 INFO  impl.LeaderElection (LeaderElection.java:askForVotes(178)) - s0@group-ED203BE14A97-LeaderElection11: begin an election at term 6 for -1: [s0:0.0.0.0:42001, s1:0.0.0.0:43636, s2:0.0.0.0:41913], old=null
2019-09-24 17:34:06,988 WARN  ratis.RaftTestUtil (JavaUtils.java:attempt(158)) - FAILED "waitForLeader-null-(expectLeader? true)", attempt #8/100: java.lang.IllegalStateException: No leader yet : printing ALL groups
  s0:  RUNNING CANDIDATE s0@group-ED203BE14A97:t6, leader=null, voted=s0, raftlog=s0@group-ED203BE14A97-SegmentedRaftLog:OPENED:c-1,f-1,i0, conf=-1: [s0:0.0.0.0:42001, s1:0.0.0.0:43636, s2:0.0.0.0:41913], old=null RUNNING
  s1:  RUNNING CANDIDATE s1@group-ED203BE14A97:t6, leader=null, voted=s1, raftlog=s1@group-ED203BE14A97-SegmentedRaftLog:OPENED:c-1,f-1,i0, conf=-1: [s0:0.0.0.0:42001, s1:0.0.0.0:43636, s2:0.0.0.0:41913], old=null RUNNING
  s2:  RUNNING  FOLLOWER s2@group-ED203BE14A97:t6, leader=null, voted=s2, raftlog=s2@group-ED203BE14A97-SegmentedRaftLog:OPENED:c-1,f-1,i0, conf=-1: [s0:0.0.0.0:42001, s1:0.0.0.0:43636, s2:0.0.0.0:41913], old=null RUNNING, sleep 450ms and then retry.
java.lang.IllegalStateException: No leader yet : printing ALL groups
  s0:  RUNNING CANDIDATE s0@group-ED203BE14A97:t6, leader=null, voted=s0, raftlog=s0@group-ED203BE14A97-SegmentedRaftLog:OPENED:c-1,f-1,i0, conf=-1: [s0:0.0.0.0:42001, s1:0.0.0.0:43636, s2:0.0.0.0:41913], old=null RUNNING
  s1:  RUNNING CANDIDATE s1@group-ED203BE14A97:t6, leader=null, voted=s1, raftlog=s1@group-ED203BE14A97-SegmentedRaftLog:OPENED:c-1,f-1,i0, conf=-1: [s0:0.0.0.0:42001, s1:0.0.0.0:43636, s2:0.0.0.0:41913], old=null RUNNING
  s2:  RUNNING  FOLLOWER s2@group-ED203BE14A97:t6, leader=null, voted=s2, raftlog=s2@group-ED203BE14A97-SegmentedRaftLog:OPENED:c-1,f-1,i0, conf=-1: [s0:0.0.0.0:42001, s1:0.0.0.0:43636, s2:0.0.0.0:41913], old=null RUNNING
	at org.apache.ratis.MiniRaftCluster.newIllegalStateExceptionForNoLeaders(MiniRaftCluster.java:506)
	at org.apache.ratis.RaftTestUtil.lambda$waitForLeader$1(RaftTestUtil.java:90)
	at org.apache.ratis.MiniRaftCluster.getLeader(MiniRaftCluster.java:539)
	at org.apache.ratis.MiniRaftCluster.getLeader(MiniRaftCluster.java:532)
	at org.apache.ratis.RaftTestUtil.lambda$waitForLeader$3(RaftTestUtil.java:98)
	at org.apache.ratis.util.JavaUtils.attempt(JavaUtils.java:152)
	at org.apache.ratis.RaftTestUtil.waitForLeader(RaftTestUtil.java:97)
	at org.apache.ratis.RaftTestUtil.waitForLeader(RaftTestUtil.java:77)
	at org.apache.ratis.RaftTestUtil.waitForLeader(RaftTestUtil.java:72)
	at org.apache.ratis.examples.filestore.FileStoreBaseTest.testFileStore(FileStoreBaseTest.java:73)
	at sun.reflect.NativeMethodAccessorImpl.invoke0(Native Method)
	at sun.reflect.NativeMethodAccessorImpl.invoke(NativeMethodAccessorImpl.java:62)
	at sun.reflect.DelegatingMethodAccessorImpl.invoke(DelegatingMethodAccessorImpl.java:43)
	at java.lang.reflect.Method.invoke(Method.java:498)
	at org.junit.runners.model.FrameworkMethod$1.runReflectiveCall(FrameworkMethod.java:50)
	at org.junit.internal.runners.model.ReflectiveCallable.run(ReflectiveCallable.java:12)
	at org.junit.runners.model.FrameworkMethod.invokeExplosively(FrameworkMethod.java:47)
	at org.junit.internal.runners.statements.InvokeMethod.evaluate(InvokeMethod.java:17)
	at org.junit.internal.runners.statements.RunAfters.evaluate(RunAfters.java:27)
	at org.junit.internal.runners.statements.FailOnTimeout$CallableStatement.call(FailOnTimeout.java:298)
	at org.junit.internal.runners.statements.FailOnTimeout$CallableStatement.call(FailOnTimeout.java:292)
	at java.util.concurrent.FutureTask.run(FutureTask.java:266)
	at java.lang.Thread.run(Thread.java:748)
2019-09-24 17:34:07,009 INFO  impl.LeaderElection (LeaderElection.java:logAndReturn(56)) - s1@group-ED203BE14A97-LeaderElection13: Election TIMEOUT; received 1 response(s) [s1<-s0#0:FAIL-t6] and 0 exception(s); s1@group-ED203BE14A97:t6, leader=null, voted=s1, raftlog=s1@group-ED203BE14A97-SegmentedRaftLog:OPENED:c-1,f-1,i0, conf=-1: [s0:0.0.0.0:42001, s1:0.0.0.0:43636, s2:0.0.0.0:41913], old=null
2019-09-24 17:34:07,073 INFO  impl.LeaderElection (LeaderElection.java:logAndReturn(56)) - s0@group-ED203BE14A97-LeaderElection11: Election TIMEOUT; received 1 response(s) [s0<-s1#0:FAIL-t6] and 0 exception(s); s0@group-ED203BE14A97:t6, leader=null, voted=s0, raftlog=s0@group-ED203BE14A97-SegmentedRaftLog:OPENED:c-1,f-1,i0, conf=-1: [s0:0.0.0.0:42001, s1:0.0.0.0:43636, s2:0.0.0.0:41913], old=null
2019-09-24 17:34:07,183 INFO  impl.LeaderElection (LeaderElection.java:askForVotes(178)) - s1@group-ED203BE14A97-LeaderElection13: begin an election at term 7 for -1: [s0:0.0.0.0:42001, s1:0.0.0.0:43636, s2:0.0.0.0:41913], old=null
2019-09-24 17:34:07,183 INFO  impl.LeaderElection (LeaderElection.java:askForVotes(178)) - s2@group-ED203BE14A97-LeaderElection12: begin an election at term 6 for -1: [s0:0.0.0.0:42001, s1:0.0.0.0:43636, s2:0.0.0.0:41913], old=null
2019-09-24 17:34:07,184 INFO  impl.FollowerState (FollowerState.java:run(108)) - s2@group-ED203BE14A97-FollowerState: change to CANDIDATE, lastRpcTime:718ms, electionTimeout:195ms
2019-09-24 17:34:07,184 INFO  impl.RoleInfo (RoleInfo.java:shutdownFollowerState(121)) - s2: shutdown FollowerState
2019-09-24 17:34:07,184 INFO  impl.RaftServerImpl (RaftServerImpl.java:setRole(170)) - s2@group-ED203BE14A97: changes role from  FOLLOWER to CANDIDATE at term 6 for changeToCandidate
2019-09-24 17:34:07,185 INFO  impl.RoleInfo (RoleInfo.java:updateAndGet(143)) - s2: start LeaderElection
2019-09-24 17:34:07,357 INFO  impl.LeaderElection (LeaderElection.java:logAndReturn(56)) - s1@group-ED203BE14A97-LeaderElection13: Election TIMEOUT; received 0 response(s) [] and 0 exception(s); s1@group-ED203BE14A97:t7, leader=null, voted=s1, raftlog=s1@group-ED203BE14A97-SegmentedRaftLog:OPENED:c-1,f-1,i0, conf=-1: [s0:0.0.0.0:42001, s1:0.0.0.0:43636, s2:0.0.0.0:41913], old=null
2019-09-24 17:34:07,400 INFO  impl.LeaderElection (LeaderElection.java:askForVotes(178)) - s1@group-ED203BE14A97-LeaderElection13: begin an election at term 8 for -1: [s0:0.0.0.0:42001, s1:0.0.0.0:43636, s2:0.0.0.0:41913], old=null
2019-09-24 17:34:07,400 INFO  impl.LeaderElection (LeaderElection.java:askForVotes(178)) - s0@group-ED203BE14A97-LeaderElection11: begin an election at term 7 for -1: [s0:0.0.0.0:42001, s1:0.0.0.0:43636, s2:0.0.0.0:41913], old=null
2019-09-24 17:34:07,400 INFO  impl.LeaderElection (LeaderElection.java:askForVotes(178)) - s2@group-ED203BE14A97-LeaderElection14: begin an election at term 7 for -1: [s0:0.0.0.0:42001, s1:0.0.0.0:43636, s2:0.0.0.0:41913], old=null
2019-09-24 17:34:07,401 INFO  impl.LeaderElection (LeaderElection.java:logAndReturn(56)) - s2@group-ED203BE14A97-LeaderElection12: Election REJECTED; received 0 response(s) [] and 0 exception(s); s2@group-ED203BE14A97:t7, leader=null, voted=s2, raftlog=s2@group-ED203BE14A97-SegmentedRaftLog:OPENED:c-1,f-1,i0, conf=-1: [s0:0.0.0.0:42001, s1:0.0.0.0:43636, s2:0.0.0.0:41913], old=null
2019-09-24 17:34:07,410 INFO  impl.RaftServerImpl (RaftServerImpl.java:setRole(170)) - s2@group-ED203BE14A97: changes role from CANDIDATE to FOLLOWER at term 8 for recognizeCandidate:s1
2019-09-24 17:34:07,411 INFO  impl.RoleInfo (RoleInfo.java:shutdownLeaderElection(134)) - s2: shutdown LeaderElection
2019-09-24 17:34:07,412 INFO  impl.RoleInfo (RoleInfo.java:updateAndGet(143)) - s2: start FollowerState
2019-09-24 17:34:07,413 INFO  impl.RaftServerImpl (RaftServerImpl.java:setRole(170)) - s0@group-ED203BE14A97: changes role from CANDIDATE to FOLLOWER at term 8 for recognizeCandidate:s1
2019-09-24 17:34:07,413 INFO  impl.RoleInfo (RoleInfo.java:shutdownLeaderElection(134)) - s0: shutdown LeaderElection
2019-09-24 17:34:07,414 INFO  impl.RoleInfo (RoleInfo.java:updateAndGet(143)) - s0: start FollowerState
2019-09-24 17:34:07,416 INFO  impl.LeaderElection (LeaderElection.java:logAndReturn(56)) - s0@group-ED203BE14A97-LeaderElection11: Election DISCOVERED_A_NEW_TERM; received 1 response(s) [s0<-s1#0:FAIL-t8] and 0 exception(s); s0@group-ED203BE14A97:t8, leader=null, voted=null, raftlog=s0@group-ED203BE14A97-SegmentedRaftLog:OPENED:c-1,f-1,i0, conf=-1: [s0:0.0.0.0:42001, s1:0.0.0.0:43636, s2:0.0.0.0:41913], old=null
2019-09-24 17:34:07,421 INFO  impl.LeaderElection (LeaderElection.java:logAndReturn(56)) - s2@group-ED203BE14A97-LeaderElection14: Election DISCOVERED_A_NEW_TERM; received 1 response(s) [s2<-s1#0:FAIL-t8] and 0 exception(s); s2@group-ED203BE14A97:t8, leader=null, voted=null, raftlog=s2@group-ED203BE14A97-SegmentedRaftLog:OPENED:c-1,f-1,i0, conf=-1: [s0:0.0.0.0:42001, s1:0.0.0.0:43636, s2:0.0.0.0:41913], old=null
2019-09-24 17:34:07,440 WARN  ratis.RaftTestUtil (JavaUtils.java:attempt(158)) - FAILED "waitForLeader-null-(expectLeader? true)", attempt #9/100: java.lang.IllegalStateException: No leader yet : printing ALL groups
  s0:  RUNNING  FOLLOWER s0@group-ED203BE14A97:t8, leader=null, voted=null, raftlog=s0@group-ED203BE14A97-SegmentedRaftLog:OPENED:c-1,f-1,i0, conf=-1: [s0:0.0.0.0:42001, s1:0.0.0.0:43636, s2:0.0.0.0:41913], old=null RUNNING
  s1:  RUNNING CANDIDATE s1@group-ED203BE14A97:t8, leader=null, voted=s1, raftlog=s1@group-ED203BE14A97-SegmentedRaftLog:OPENED:c-1,f-1,i0, conf=-1: [s0:0.0.0.0:42001, s1:0.0.0.0:43636, s2:0.0.0.0:41913], old=null RUNNING
  s2:  RUNNING  FOLLOWER s2@group-ED203BE14A97:t8, leader=null, voted=null, raftlog=s2@group-ED203BE14A97-SegmentedRaftLog:OPENED:c-1,f-1,i0, conf=-1: [s0:0.0.0.0:42001, s1:0.0.0.0:43636, s2:0.0.0.0:41913], old=null RUNNING, sleep 450ms and then retry.
java.lang.IllegalStateException: No leader yet : printing ALL groups
  s0:  RUNNING  FOLLOWER s0@group-ED203BE14A97:t8, leader=null, voted=null, raftlog=s0@group-ED203BE14A97-SegmentedRaftLog:OPENED:c-1,f-1,i0, conf=-1: [s0:0.0.0.0:42001, s1:0.0.0.0:43636, s2:0.0.0.0:41913], old=null RUNNING
  s1:  RUNNING CANDIDATE s1@group-ED203BE14A97:t8, leader=null, voted=s1, raftlog=s1@group-ED203BE14A97-SegmentedRaftLog:OPENED:c-1,f-1,i0, conf=-1: [s0:0.0.0.0:42001, s1:0.0.0.0:43636, s2:0.0.0.0:41913], old=null RUNNING
  s2:  RUNNING  FOLLOWER s2@group-ED203BE14A97:t8, leader=null, voted=null, raftlog=s2@group-ED203BE14A97-SegmentedRaftLog:OPENED:c-1,f-1,i0, conf=-1: [s0:0.0.0.0:42001, s1:0.0.0.0:43636, s2:0.0.0.0:41913], old=null RUNNING
	at org.apache.ratis.MiniRaftCluster.newIllegalStateExceptionForNoLeaders(MiniRaftCluster.java:506)
	at org.apache.ratis.RaftTestUtil.lambda$waitForLeader$1(RaftTestUtil.java:90)
	at org.apache.ratis.MiniRaftCluster.getLeader(MiniRaftCluster.java:539)
	at org.apache.ratis.MiniRaftCluster.getLeader(MiniRaftCluster.java:532)
	at org.apache.ratis.RaftTestUtil.lambda$waitForLeader$3(RaftTestUtil.java:98)
	at org.apache.ratis.util.JavaUtils.attempt(JavaUtils.java:152)
	at org.apache.ratis.RaftTestUtil.waitForLeader(RaftTestUtil.java:97)
	at org.apache.ratis.RaftTestUtil.waitForLeader(RaftTestUtil.java:77)
	at org.apache.ratis.RaftTestUtil.waitForLeader(RaftTestUtil.java:72)
	at org.apache.ratis.examples.filestore.FileStoreBaseTest.testFileStore(FileStoreBaseTest.java:73)
	at sun.reflect.NativeMethodAccessorImpl.invoke0(Native Method)
	at sun.reflect.NativeMethodAccessorImpl.invoke(NativeMethodAccessorImpl.java:62)
	at sun.reflect.DelegatingMethodAccessorImpl.invoke(DelegatingMethodAccessorImpl.java:43)
	at java.lang.reflect.Method.invoke(Method.java:498)
	at org.junit.runners.model.FrameworkMethod$1.runReflectiveCall(FrameworkMethod.java:50)
	at org.junit.internal.runners.model.ReflectiveCallable.run(ReflectiveCallable.java:12)
	at org.junit.runners.model.FrameworkMethod.invokeExplosively(FrameworkMethod.java:47)
	at org.junit.internal.runners.statements.InvokeMethod.evaluate(InvokeMethod.java:17)
	at org.junit.internal.runners.statements.RunAfters.evaluate(RunAfters.java:27)
	at org.junit.internal.runners.statements.FailOnTimeout$CallableStatement.call(FailOnTimeout.java:298)
	at org.junit.internal.runners.statements.FailOnTimeout$CallableStatement.call(FailOnTimeout.java:292)
	at java.util.concurrent.FutureTask.run(FutureTask.java:266)
	at java.lang.Thread.run(Thread.java:748)
2019-09-24 17:34:07,610 INFO  impl.LeaderElection (LeaderElection.java:logAndReturn(56)) - s1@group-ED203BE14A97-LeaderElection13: Election TIMEOUT; received 0 response(s) [] and 0 exception(s); s1@group-ED203BE14A97:t8, leader=null, voted=s1, raftlog=s1@group-ED203BE14A97-SegmentedRaftLog:OPENED:c-1,f-1,i0, conf=-1: [s0:0.0.0.0:42001, s1:0.0.0.0:43636, s2:0.0.0.0:41913], old=null
2019-09-24 17:34:07,776 INFO  impl.LeaderElection (LeaderElection.java:askForVotes(178)) - s1@group-ED203BE14A97-LeaderElection13: begin an election at term 9 for -1: [s0:0.0.0.0:42001, s1:0.0.0.0:43636, s2:0.0.0.0:41913], old=null
2019-09-24 17:34:07,776 INFO  impl.FollowerState (FollowerState.java:run(108)) - s0@group-ED203BE14A97-FollowerState: change to CANDIDATE, lastRpcTime:362ms, electionTimeout:246ms
2019-09-24 17:34:07,776 INFO  impl.FollowerState (FollowerState.java:run(108)) - s2@group-ED203BE14A97-FollowerState: change to CANDIDATE, lastRpcTime:364ms, electionTimeout:253ms
2019-09-24 17:34:07,777 INFO  impl.RoleInfo (RoleInfo.java:shutdownFollowerState(121)) - s0: shutdown FollowerState
2019-09-24 17:34:07,777 INFO  impl.RoleInfo (RoleInfo.java:shutdownFollowerState(121)) - s2: shutdown FollowerState
2019-09-24 17:34:07,777 INFO  impl.RaftServerImpl (RaftServerImpl.java:setRole(170)) - s0@group-ED203BE14A97: changes role from  FOLLOWER to CANDIDATE at term 8 for changeToCandidate
2019-09-24 17:34:07,777 INFO  impl.RaftServerImpl (RaftServerImpl.java:setRole(170)) - s2@group-ED203BE14A97: changes role from  FOLLOWER to CANDIDATE at term 8 for changeToCandidate
2019-09-24 17:34:07,778 INFO  impl.RoleInfo (RoleInfo.java:updateAndGet(143)) - s0: start LeaderElection
2019-09-24 17:34:07,778 INFO  impl.RoleInfo (RoleInfo.java:updateAndGet(143)) - s2: start LeaderElection
2019-09-24 17:34:07,891 WARN  ratis.RaftTestUtil (JavaUtils.java:attempt(158)) - FAILED "waitForLeader-null-(expectLeader? true)", attempt #10/100: java.lang.IllegalStateException: No leader yet : printing ALL groups
  s0:  RUNNING CANDIDATE s0@group-ED203BE14A97:t9, leader=null, voted=s0, raftlog=s0@group-ED203BE14A97-SegmentedRaftLog:OPENED:c-1,f-1,i0, conf=-1: [s0:0.0.0.0:42001, s1:0.0.0.0:43636, s2:0.0.0.0:41913], old=null RUNNING
  s1:  RUNNING CANDIDATE s1@group-ED203BE14A97:t9, leader=null, voted=s1, raftlog=s1@group-ED203BE14A97-SegmentedRaftLog:OPENED:c-1,f-1,i0, conf=-1: [s0:0.0.0.0:42001, s1:0.0.0.0:43636, s2:0.0.0.0:41913], old=null RUNNING
  s2:  RUNNING CANDIDATE s2@group-ED203BE14A97:t9, leader=null, voted=s2, raftlog=s2@group-ED203BE14A97-SegmentedRaftLog:OPENED:c-1,f-1,i0, conf=-1: [s0:0.0.0.0:42001, s1:0.0.0.0:43636, s2:0.0.0.0:41913], old=null RUNNING, sleep 450ms and then retry.
java.lang.IllegalStateException: No leader yet : printing ALL groups
  s0:  RUNNING CANDIDATE s0@group-ED203BE14A97:t9, leader=null, voted=s0, raftlog=s0@group-ED203BE14A97-SegmentedRaftLog:OPENED:c-1,f-1,i0, conf=-1: [s0:0.0.0.0:42001, s1:0.0.0.0:43636, s2:0.0.0.0:41913], old=null RUNNING
  s1:  RUNNING CANDIDATE s1@group-ED203BE14A97:t9, leader=null, voted=s1, raftlog=s1@group-ED203BE14A97-SegmentedRaftLog:OPENED:c-1,f-1,i0, conf=-1: [s0:0.0.0.0:42001, s1:0.0.0.0:43636, s2:0.0.0.0:41913], old=null RUNNING
  s2:  RUNNING CANDIDATE s2@group-ED203BE14A97:t9, leader=null, voted=s2, raftlog=s2@group-ED203BE14A97-SegmentedRaftLog:OPENED:c-1,f-1,i0, conf=-1: [s0:0.0.0.0:42001, s1:0.0.0.0:43636, s2:0.0.0.0:41913], old=null RUNNING
	at org.apache.ratis.MiniRaftCluster.newIllegalStateExceptionForNoLeaders(MiniRaftCluster.java:506)
	at org.apache.ratis.RaftTestUtil.lambda$waitForLeader$1(RaftTestUtil.java:90)
	at org.apache.ratis.MiniRaftCluster.getLeader(MiniRaftCluster.java:539)
	at org.apache.ratis.MiniRaftCluster.getLeader(MiniRaftCluster.java:532)
	at org.apache.ratis.RaftTestUtil.lambda$waitForLeader$3(RaftTestUtil.java:98)
	at org.apache.ratis.util.JavaUtils.attempt(JavaUtils.java:152)
	at org.apache.ratis.RaftTestUtil.waitForLeader(RaftTestUtil.java:97)
	at org.apache.ratis.RaftTestUtil.waitForLeader(RaftTestUtil.java:77)
	at org.apache.ratis.RaftTestUtil.waitForLeader(RaftTestUtil.java:72)
	at org.apache.ratis.examples.filestore.FileStoreBaseTest.testFileStore(FileStoreBaseTest.java:73)
	at sun.reflect.NativeMethodAccessorImpl.invoke0(Native Method)
	at sun.reflect.NativeMethodAccessorImpl.invoke(NativeMethodAccessorImpl.java:62)
	at sun.reflect.DelegatingMethodAccessorImpl.invoke(DelegatingMethodAccessorImpl.java:43)
	at java.lang.reflect.Method.invoke(Method.java:498)
	at org.junit.runners.model.FrameworkMethod$1.runReflectiveCall(FrameworkMethod.java:50)
	at org.junit.internal.runners.model.ReflectiveCallable.run(ReflectiveCallable.java:12)
	at org.junit.runners.model.FrameworkMethod.invokeExplosively(FrameworkMethod.java:47)
	at org.junit.internal.runners.statements.InvokeMethod.evaluate(InvokeMethod.java:17)
	at org.junit.internal.runners.statements.RunAfters.evaluate(RunAfters.java:27)
	at org.junit.internal.runners.statements.FailOnTimeout$CallableStatement.call(FailOnTimeout.java:298)
	at org.junit.internal.runners.statements.FailOnTimeout$CallableStatement.call(FailOnTimeout.java:292)
	at java.util.concurrent.FutureTask.run(FutureTask.java:266)
	at java.lang.Thread.run(Thread.java:748)
2019-09-24 17:34:07,980 INFO  impl.LeaderElection (LeaderElection.java:logAndReturn(56)) - s1@group-ED203BE14A97-LeaderElection13: Election TIMEOUT; received 0 response(s) [] and 0 exception(s); s1@group-ED203BE14A97:t9, leader=null, voted=s1, raftlog=s1@group-ED203BE14A97-SegmentedRaftLog:OPENED:c-1,f-1,i0, conf=-1: [s0:0.0.0.0:42001, s1:0.0.0.0:43636, s2:0.0.0.0:41913], old=null
2019-09-24 17:34:08,126 INFO  impl.LeaderElection (LeaderElection.java:askForVotes(178)) - s0@group-ED203BE14A97-LeaderElection15: begin an election at term 9 for -1: [s0:0.0.0.0:42001, s1:0.0.0.0:43636, s2:0.0.0.0:41913], old=null
2019-09-24 17:34:08,126 INFO  impl.LeaderElection (LeaderElection.java:askForVotes(178)) - s1@group-ED203BE14A97-LeaderElection13: begin an election at term 10 for -1: [s0:0.0.0.0:42001, s1:0.0.0.0:43636, s2:0.0.0.0:41913], old=null
2019-09-24 17:34:08,126 INFO  impl.LeaderElection (LeaderElection.java:askForVotes(178)) - s2@group-ED203BE14A97-LeaderElection16: begin an election at term 9 for -1: [s0:0.0.0.0:42001, s1:0.0.0.0:43636, s2:0.0.0.0:41913], old=null
2019-09-24 17:34:08,134 INFO  impl.RaftServerImpl (RaftServerImpl.java:setRole(170)) - s0@group-ED203BE14A97: changes role from CANDIDATE to FOLLOWER at term 10 for recognizeCandidate:s1
2019-09-24 17:34:08,135 INFO  impl.RoleInfo (RoleInfo.java:shutdownLeaderElection(134)) - s0: shutdown LeaderElection
2019-09-24 17:34:08,136 INFO  impl.RoleInfo (RoleInfo.java:updateAndGet(143)) - s0: start FollowerState
2019-09-24 17:34:08,137 INFO  impl.RaftServerImpl (RaftServerImpl.java:setRole(170)) - s2@group-ED203BE14A97: changes role from CANDIDATE to FOLLOWER at term 10 for recognizeCandidate:s1
2019-09-24 17:34:08,138 INFO  impl.RoleInfo (RoleInfo.java:shutdownLeaderElection(134)) - s2: shutdown LeaderElection
2019-09-24 17:34:08,138 INFO  impl.RoleInfo (RoleInfo.java:updateAndGet(143)) - s2: start FollowerState
2019-09-24 17:34:08,140 INFO  impl.LeaderElection (LeaderElection.java:logAndReturn(56)) - s0@group-ED203BE14A97-LeaderElection15: Election REJECTED; received 1 response(s) [s0<-s2#0:FAIL-t9] and 0 exception(s); s0@group-ED203BE14A97:t10, leader=null, voted=null, raftlog=s0@group-ED203BE14A97-SegmentedRaftLog:OPENED:c-1,f-1,i0, conf=-1: [s0:0.0.0.0:42001, s1:0.0.0.0:43636, s2:0.0.0.0:41913], old=null
2019-09-24 17:34:08,141 INFO  impl.LeaderElection (LeaderElection.java:logAndReturn(56)) - s2@group-ED203BE14A97-LeaderElection16: Election DISCOVERED_A_NEW_TERM; received 1 response(s) [s2<-s1#0:FAIL-t10] and 0 exception(s); s2@group-ED203BE14A97:t10, leader=null, voted=null, raftlog=s2@group-ED203BE14A97-SegmentedRaftLog:OPENED:c-1,f-1,i0, conf=-1: [s0:0.0.0.0:42001, s1:0.0.0.0:43636, s2:0.0.0.0:41913], old=null
2019-09-24 17:34:08,343 WARN  ratis.RaftTestUtil (JavaUtils.java:attempt(158)) - FAILED "waitForLeader-null-(expectLeader? true)", attempt #11/100: java.lang.IllegalStateException: No leader yet : printing ALL groups
  s0:  RUNNING  FOLLOWER s0@group-ED203BE14A97:t10, leader=null, voted=null, raftlog=s0@group-ED203BE14A97-SegmentedRaftLog:OPENED:c-1,f-1,i0, conf=-1: [s0:0.0.0.0:42001, s1:0.0.0.0:43636, s2:0.0.0.0:41913], old=null RUNNING
  s1:  RUNNING CANDIDATE s1@group-ED203BE14A97:t10, leader=null, voted=s1, raftlog=s1@group-ED203BE14A97-SegmentedRaftLog:OPENED:c-1,f-1,i0, conf=-1: [s0:0.0.0.0:42001, s1:0.0.0.0:43636, s2:0.0.0.0:41913], old=null RUNNING
  s2:  RUNNING  FOLLOWER s2@group-ED203BE14A97:t10, leader=null, voted=null, raftlog=s2@group-ED203BE14A97-SegmentedRaftLog:OPENED:c-1,f-1,i0, conf=-1: [s0:0.0.0.0:42001, s1:0.0.0.0:43636, s2:0.0.0.0:41913], old=null RUNNING, sleep 450ms and then retry.
java.lang.IllegalStateException: No leader yet : printing ALL groups
  s0:  RUNNING  FOLLOWER s0@group-ED203BE14A97:t10, leader=null, voted=null, raftlog=s0@group-ED203BE14A97-SegmentedRaftLog:OPENED:c-1,f-1,i0, conf=-1: [s0:0.0.0.0:42001, s1:0.0.0.0:43636, s2:0.0.0.0:41913], old=null RUNNING
  s1:  RUNNING CANDIDATE s1@group-ED203BE14A97:t10, leader=null, voted=s1, raftlog=s1@group-ED203BE14A97-SegmentedRaftLog:OPENED:c-1,f-1,i0, conf=-1: [s0:0.0.0.0:42001, s1:0.0.0.0:43636, s2:0.0.0.0:41913], old=null RUNNING
  s2:  RUNNING  FOLLOWER s2@group-ED203BE14A97:t10, leader=null, voted=null, raftlog=s2@group-ED203BE14A97-SegmentedRaftLog:OPENED:c-1,f-1,i0, conf=-1: [s0:0.0.0.0:42001, s1:0.0.0.0:43636, s2:0.0.0.0:41913], old=null RUNNING
	at org.apache.ratis.MiniRaftCluster.newIllegalStateExceptionForNoLeaders(MiniRaftCluster.java:506)
	at org.apache.ratis.RaftTestUtil.lambda$waitForLeader$1(RaftTestUtil.java:90)
	at org.apache.ratis.MiniRaftCluster.getLeader(MiniRaftCluster.java:539)
	at org.apache.ratis.MiniRaftCluster.getLeader(MiniRaftCluster.java:532)
	at org.apache.ratis.RaftTestUtil.lambda$waitForLeader$3(RaftTestUtil.java:98)
	at org.apache.ratis.util.JavaUtils.attempt(JavaUtils.java:152)
	at org.apache.ratis.RaftTestUtil.waitForLeader(RaftTestUtil.java:97)
	at org.apache.ratis.RaftTestUtil.waitForLeader(RaftTestUtil.java:77)
	at org.apache.ratis.RaftTestUtil.waitForLeader(RaftTestUtil.java:72)
	at org.apache.ratis.examples.filestore.FileStoreBaseTest.testFileStore(FileStoreBaseTest.java:73)
	at sun.reflect.NativeMethodAccessorImpl.invoke0(Native Method)
	at sun.reflect.NativeMethodAccessorImpl.invoke(NativeMethodAccessorImpl.java:62)
	at sun.reflect.DelegatingMethodAccessorImpl.invoke(DelegatingMethodAccessorImpl.java:43)
	at java.lang.reflect.Method.invoke(Method.java:498)
	at org.junit.runners.model.FrameworkMethod$1.runReflectiveCall(FrameworkMethod.java:50)
	at org.junit.internal.runners.model.ReflectiveCallable.run(ReflectiveCallable.java:12)
	at org.junit.runners.model.FrameworkMethod.invokeExplosively(FrameworkMethod.java:47)
	at org.junit.internal.runners.statements.InvokeMethod.evaluate(InvokeMethod.java:17)
	at org.junit.internal.runners.statements.RunAfters.evaluate(RunAfters.java:27)
	at org.junit.internal.runners.statements.FailOnTimeout$CallableStatement.call(FailOnTimeout.java:298)
	at org.junit.internal.runners.statements.FailOnTimeout$CallableStatement.call(FailOnTimeout.java:292)
	at java.util.concurrent.FutureTask.run(FutureTask.java:266)
	at java.lang.Thread.run(Thread.java:748)
2019-09-24 17:34:08,367 INFO  impl.LeaderElection (LeaderElection.java:logAndReturn(56)) - s1@group-ED203BE14A97-LeaderElection13: Election TIMEOUT; received 0 response(s) [] and 0 exception(s); s1@group-ED203BE14A97:t10, leader=null, voted=s1, raftlog=s1@group-ED203BE14A97-SegmentedRaftLog:OPENED:c-1,f-1,i0, conf=-1: [s0:0.0.0.0:42001, s1:0.0.0.0:43636, s2:0.0.0.0:41913], old=null
2019-09-24 17:34:08,680 INFO  impl.LeaderElection (LeaderElection.java:askForVotes(178)) - s1@group-ED203BE14A97-LeaderElection13: begin an election at term 11 for -1: [s0:0.0.0.0:42001, s1:0.0.0.0:43636, s2:0.0.0.0:41913], old=null
2019-09-24 17:34:08,680 INFO  impl.FollowerState (FollowerState.java:run(108)) - s0@group-ED203BE14A97-FollowerState: change to CANDIDATE, lastRpcTime:543ms, electionTimeout:251ms
2019-09-24 17:34:08,681 INFO  impl.FollowerState (FollowerState.java:run(108)) - s2@group-ED203BE14A97-FollowerState: change to CANDIDATE, lastRpcTime:542ms, electionTimeout:286ms
2019-09-24 17:34:08,681 INFO  impl.RoleInfo (RoleInfo.java:shutdownFollowerState(121)) - s0: shutdown FollowerState
2019-09-24 17:34:08,681 INFO  impl.RoleInfo (RoleInfo.java:shutdownFollowerState(121)) - s2: shutdown FollowerState
2019-09-24 17:34:08,682 INFO  impl.RaftServerImpl (RaftServerImpl.java:setRole(170)) - s0@group-ED203BE14A97: changes role from  FOLLOWER to CANDIDATE at term 10 for changeToCandidate
2019-09-24 17:34:08,682 INFO  impl.RaftServerImpl (RaftServerImpl.java:setRole(170)) - s2@group-ED203BE14A97: changes role from  FOLLOWER to CANDIDATE at term 10 for changeToCandidate
2019-09-24 17:34:08,682 INFO  impl.RoleInfo (RoleInfo.java:updateAndGet(143)) - s0: start LeaderElection
2019-09-24 17:34:08,682 INFO  impl.RoleInfo (RoleInfo.java:updateAndGet(143)) - s2: start LeaderElection
2019-09-24 17:34:08,795 WARN  ratis.RaftTestUtil (JavaUtils.java:attempt(158)) - FAILED "waitForLeader-null-(expectLeader? true)", attempt #12/100: java.lang.IllegalStateException: No leader yet : printing ALL groups
  s0:  RUNNING CANDIDATE s0@group-ED203BE14A97:t11, leader=null, voted=s0, raftlog=s0@group-ED203BE14A97-SegmentedRaftLog:OPENED:c-1,f-1,i0, conf=-1: [s0:0.0.0.0:42001, s1:0.0.0.0:43636, s2:0.0.0.0:41913], old=null RUNNING
  s1:  RUNNING CANDIDATE s1@group-ED203BE14A97:t11, leader=null, voted=s1, raftlog=s1@group-ED203BE14A97-SegmentedRaftLog:OPENED:c-1,f-1,i0, conf=-1: [s0:0.0.0.0:42001, s1:0.0.0.0:43636, s2:0.0.0.0:41913], old=null RUNNING
  s2:  RUNNING CANDIDATE s2@group-ED203BE14A97:t11, leader=null, voted=s2, raftlog=s2@group-ED203BE14A97-SegmentedRaftLog:OPENED:c-1,f-1,i0, conf=-1: [s0:0.0.0.0:42001, s1:0.0.0.0:43636, s2:0.0.0.0:41913], old=null RUNNING, sleep 450ms and then retry.
java.lang.IllegalStateException: No leader yet : printing ALL groups
  s0:  RUNNING CANDIDATE s0@group-ED203BE14A97:t11, leader=null, voted=s0, raftlog=s0@group-ED203BE14A97-SegmentedRaftLog:OPENED:c-1,f-1,i0, conf=-1: [s0:0.0.0.0:42001, s1:0.0.0.0:43636, s2:0.0.0.0:41913], old=null RUNNING
  s1:  RUNNING CANDIDATE s1@group-ED203BE14A97:t11, leader=null, voted=s1, raftlog=s1@group-ED203BE14A97-SegmentedRaftLog:OPENED:c-1,f-1,i0, conf=-1: [s0:0.0.0.0:42001, s1:0.0.0.0:43636, s2:0.0.0.0:41913], old=null RUNNING
  s2:  RUNNING CANDIDATE s2@group-ED203BE14A97:t11, leader=null, voted=s2, raftlog=s2@group-ED203BE14A97-SegmentedRaftLog:OPENED:c-1,f-1,i0, conf=-1: [s0:0.0.0.0:42001, s1:0.0.0.0:43636, s2:0.0.0.0:41913], old=null RUNNING
	at org.apache.ratis.MiniRaftCluster.newIllegalStateExceptionForNoLeaders(MiniRaftCluster.java:506)
	at org.apache.ratis.RaftTestUtil.lambda$waitForLeader$1(RaftTestUtil.java:90)
	at org.apache.ratis.MiniRaftCluster.getLeader(MiniRaftCluster.java:539)
	at org.apache.ratis.MiniRaftCluster.getLeader(MiniRaftCluster.java:532)
	at org.apache.ratis.RaftTestUtil.lambda$waitForLeader$3(RaftTestUtil.java:98)
	at org.apache.ratis.util.JavaUtils.attempt(JavaUtils.java:152)
	at org.apache.ratis.RaftTestUtil.waitForLeader(RaftTestUtil.java:97)
	at org.apache.ratis.RaftTestUtil.waitForLeader(RaftTestUtil.java:77)
	at org.apache.ratis.RaftTestUtil.waitForLeader(RaftTestUtil.java:72)
	at org.apache.ratis.examples.filestore.FileStoreBaseTest.testFileStore(FileStoreBaseTest.java:73)
	at sun.reflect.NativeMethodAccessorImpl.invoke0(Native Method)
	at sun.reflect.NativeMethodAccessorImpl.invoke(NativeMethodAccessorImpl.java:62)
	at sun.reflect.DelegatingMethodAccessorImpl.invoke(DelegatingMethodAccessorImpl.java:43)
	at java.lang.reflect.Method.invoke(Method.java:498)
	at org.junit.runners.model.FrameworkMethod$1.runReflectiveCall(FrameworkMethod.java:50)
	at org.junit.internal.runners.model.ReflectiveCallable.run(ReflectiveCallable.java:12)
	at org.junit.runners.model.FrameworkMethod.invokeExplosively(FrameworkMethod.java:47)
	at org.junit.internal.runners.statements.InvokeMethod.evaluate(InvokeMethod.java:17)
	at org.junit.internal.runners.statements.RunAfters.evaluate(RunAfters.java:27)
	at org.junit.internal.runners.statements.FailOnTimeout$CallableStatement.call(FailOnTimeout.java:298)
	at org.junit.internal.runners.statements.FailOnTimeout$CallableStatement.call(FailOnTimeout.java:292)
	at java.util.concurrent.FutureTask.run(FutureTask.java:266)
	at java.lang.Thread.run(Thread.java:748)
2019-09-24 17:34:08,958 INFO  impl.LeaderElection (LeaderElection.java:logAndReturn(56)) - s1@group-ED203BE14A97-LeaderElection13: Election TIMEOUT; received 0 response(s) [] and 0 exception(s); s1@group-ED203BE14A97:t11, leader=null, voted=s1, raftlog=s1@group-ED203BE14A97-SegmentedRaftLog:OPENED:c-1,f-1,i0, conf=-1: [s0:0.0.0.0:42001, s1:0.0.0.0:43636, s2:0.0.0.0:41913], old=null
2019-09-24 17:34:09,047 INFO  impl.LeaderElection (LeaderElection.java:askForVotes(178)) - s2@group-ED203BE14A97-LeaderElection18: begin an election at term 11 for -1: [s0:0.0.0.0:42001, s1:0.0.0.0:43636, s2:0.0.0.0:41913], old=null
2019-09-24 17:34:09,047 INFO  impl.LeaderElection (LeaderElection.java:askForVotes(178)) - s0@group-ED203BE14A97-LeaderElection17: begin an election at term 11 for -1: [s0:0.0.0.0:42001, s1:0.0.0.0:43636, s2:0.0.0.0:41913], old=null
2019-09-24 17:34:09,234 INFO  impl.LeaderElection (LeaderElection.java:logAndReturn(56)) - s2@group-ED203BE14A97-LeaderElection18: Election TIMEOUT; received 1 response(s) [s2<-s0#0:FAIL-t11] and 0 exception(s); s2@group-ED203BE14A97:t11, leader=null, voted=s2, raftlog=s2@group-ED203BE14A97-SegmentedRaftLog:OPENED:c-1,f-1,i0, conf=-1: [s0:0.0.0.0:42001, s1:0.0.0.0:43636, s2:0.0.0.0:41913], old=null
2019-09-24 17:34:09,246 WARN  ratis.RaftTestUtil (JavaUtils.java:attempt(158)) - FAILED "waitForLeader-null-(expectLeader? true)", attempt #13/100: java.lang.IllegalStateException: No leader yet : printing ALL groups
  s0:  RUNNING CANDIDATE s0@group-ED203BE14A97:t11, leader=null, voted=s0, raftlog=s0@group-ED203BE14A97-SegmentedRaftLog:OPENED:c-1,f-1,i0, conf=-1: [s0:0.0.0.0:42001, s1:0.0.0.0:43636, s2:0.0.0.0:41913], old=null RUNNING
  s1:  RUNNING CANDIDATE s1@group-ED203BE14A97:t12, leader=null, voted=s1, raftlog=s1@group-ED203BE14A97-SegmentedRaftLog:OPENED:c-1,f-1,i0, conf=-1: [s0:0.0.0.0:42001, s1:0.0.0.0:43636, s2:0.0.0.0:41913], old=null RUNNING
  s2:  RUNNING CANDIDATE s2@group-ED203BE14A97:t12, leader=null, voted=s2, raftlog=s2@group-ED203BE14A97-SegmentedRaftLog:OPENED:c-1,f-1,i0, conf=-1: [s0:0.0.0.0:42001, s1:0.0.0.0:43636, s2:0.0.0.0:41913], old=null RUNNING, sleep 450ms and then retry.
java.lang.IllegalStateException: No leader yet : printing ALL groups
  s0:  RUNNING CANDIDATE s0@group-ED203BE14A97:t11, leader=null, voted=s0, raftlog=s0@group-ED203BE14A97-SegmentedRaftLog:OPENED:c-1,f-1,i0, conf=-1: [s0:0.0.0.0:42001, s1:0.0.0.0:43636, s2:0.0.0.0:41913], old=null RUNNING
  s1:  RUNNING CANDIDATE s1@group-ED203BE14A97:t12, leader=null, voted=s1, raftlog=s1@group-ED203BE14A97-SegmentedRaftLog:OPENED:c-1,f-1,i0, conf=-1: [s0:0.0.0.0:42001, s1:0.0.0.0:43636, s2:0.0.0.0:41913], old=null RUNNING
  s2:  RUNNING CANDIDATE s2@group-ED203BE14A97:t12, leader=null, voted=s2, raftlog=s2@group-ED203BE14A97-SegmentedRaftLog:OPENED:c-1,f-1,i0, conf=-1: [s0:0.0.0.0:42001, s1:0.0.0.0:43636, s2:0.0.0.0:41913], old=null RUNNING
	at org.apache.ratis.MiniRaftCluster.newIllegalStateExceptionForNoLeaders(MiniRaftCluster.java:506)
	at org.apache.ratis.RaftTestUtil.lambda$waitForLeader$1(RaftTestUtil.java:90)
	at org.apache.ratis.MiniRaftCluster.getLeader(MiniRaftCluster.java:539)
	at org.apache.ratis.MiniRaftCluster.getLeader(MiniRaftCluster.java:532)
	at org.apache.ratis.RaftTestUtil.lambda$waitForLeader$3(RaftTestUtil.java:98)
	at org.apache.ratis.util.JavaUtils.attempt(JavaUtils.java:152)
	at org.apache.ratis.RaftTestUtil.waitForLeader(RaftTestUtil.java:97)
	at org.apache.ratis.RaftTestUtil.waitForLeader(RaftTestUtil.java:77)
	at org.apache.ratis.RaftTestUtil.waitForLeader(RaftTestUtil.java:72)
	at org.apache.ratis.examples.filestore.FileStoreBaseTest.testFileStore(FileStoreBaseTest.java:73)
	at sun.reflect.NativeMethodAccessorImpl.invoke0(Native Method)
	at sun.reflect.NativeMethodAccessorImpl.invoke(NativeMethodAccessorImpl.java:62)
	at sun.reflect.DelegatingMethodAccessorImpl.invoke(DelegatingMethodAccessorImpl.java:43)
	at java.lang.reflect.Method.invoke(Method.java:498)
	at org.junit.runners.model.FrameworkMethod$1.runReflectiveCall(FrameworkMethod.java:50)
	at org.junit.internal.runners.model.ReflectiveCallable.run(ReflectiveCallable.java:12)
	at org.junit.runners.model.FrameworkMethod.invokeExplosively(FrameworkMethod.java:47)
	at org.junit.internal.runners.statements.InvokeMethod.evaluate(InvokeMethod.java:17)
	at org.junit.internal.runners.statements.RunAfters.evaluate(RunAfters.java:27)
	at org.junit.internal.runners.statements.FailOnTimeout$CallableStatement.call(FailOnTimeout.java:298)
	at org.junit.internal.runners.statements.FailOnTimeout$CallableStatement.call(FailOnTimeout.java:292)
	at java.util.concurrent.FutureTask.run(FutureTask.java:266)
	at java.lang.Thread.run(Thread.java:748)
2019-09-24 17:34:09,285 INFO  impl.LeaderElection (LeaderElection.java:askForVotes(178)) - s2@group-ED203BE14A97-LeaderElection18: begin an election at term 12 for -1: [s0:0.0.0.0:42001, s1:0.0.0.0:43636, s2:0.0.0.0:41913], old=null
2019-09-24 17:34:09,285 INFO  impl.LeaderElection (LeaderElection.java:askForVotes(178)) - s1@group-ED203BE14A97-LeaderElection13: begin an election at term 12 for -1: [s0:0.0.0.0:42001, s1:0.0.0.0:43636, s2:0.0.0.0:41913], old=null
2019-09-24 17:34:09,288 INFO  impl.LeaderElection (LeaderElection.java:logAndReturn(56)) - s0@group-ED203BE14A97-LeaderElection17: Election DISCOVERED_A_NEW_TERM; received 2 response(s) [s0<-s1#0:FAIL-t12, s0<-s2#0:FAIL-t11] and 0 exception(s); s0@group-ED203BE14A97:t11, leader=null, voted=s0, raftlog=s0@group-ED203BE14A97-SegmentedRaftLog:OPENED:c-1,f-1,i0, conf=-1: [s0:0.0.0.0:42001, s1:0.0.0.0:43636, s2:0.0.0.0:41913], old=null
2019-09-24 17:34:09,288 INFO  impl.RaftServerImpl (RaftServerImpl.java:setRole(170)) - s0@group-ED203BE14A97: changes role from CANDIDATE to FOLLOWER at term 12 for DISCOVERED_A_NEW_TERM
2019-09-24 17:34:09,289 INFO  impl.RoleInfo (RoleInfo.java:shutdownLeaderElection(134)) - s0: shutdown LeaderElection
2019-09-24 17:34:09,289 INFO  impl.RoleInfo (RoleInfo.java:updateAndGet(143)) - s0: start FollowerState
2019-09-24 17:34:09,303 INFO  impl.RaftServerImpl (RaftServerImpl.java:setRole(170)) - s0@group-ED203BE14A97: changes role from  FOLLOWER to FOLLOWER at term 12 for recognizeCandidate:s2
2019-09-24 17:34:09,303 INFO  impl.RoleInfo (RoleInfo.java:shutdownFollowerState(121)) - s0: shutdown FollowerState
2019-09-24 17:34:09,303 INFO  impl.RoleInfo (RoleInfo.java:updateAndGet(143)) - s0: start FollowerState
2019-09-24 17:34:09,303 INFO  impl.FollowerState (FollowerState.java:run(117)) - s0@group-ED203BE14A97-FollowerState was interrupted: java.lang.InterruptedException: sleep interrupted
2019-09-24 17:34:09,325 INFO  impl.LeaderElection (LeaderElection.java:logAndReturn(56)) - s2@group-ED203BE14A97-LeaderElection18: Election PASSED; received 2 response(s) [s2<-s0#0:OK-t12, s2<-s1#0:FAIL-t12] and 0 exception(s); s2@group-ED203BE14A97:t12, leader=null, voted=s2, raftlog=s2@group-ED203BE14A97-SegmentedRaftLog:OPENED:c-1,f-1,i0, conf=-1: [s0:0.0.0.0:42001, s1:0.0.0.0:43636, s2:0.0.0.0:41913], old=null
2019-09-24 17:34:09,325 INFO  impl.LeaderElection (LeaderElection.java:logAndReturn(56)) - s1@group-ED203BE14A97-LeaderElection13: Election REJECTED; received 2 response(s) [s1<-s0#0:FAIL-t12, s1<-s2#0:FAIL-t12] and 0 exception(s); s1@group-ED203BE14A97:t12, leader=null, voted=s1, raftlog=s1@group-ED203BE14A97-SegmentedRaftLog:OPENED:c-1,f-1,i0, conf=-1: [s0:0.0.0.0:42001, s1:0.0.0.0:43636, s2:0.0.0.0:41913], old=null
2019-09-24 17:34:09,325 INFO  impl.RoleInfo (RoleInfo.java:shutdownLeaderElection(134)) - s2: shutdown LeaderElection
2019-09-24 17:34:09,325 INFO  impl.RaftServerImpl (RaftServerImpl.java:setRole(170)) - s1@group-ED203BE14A97: changes role from CANDIDATE to FOLLOWER at term 12 for DISCOVERED_A_NEW_TERM
2019-09-24 17:34:09,326 INFO  impl.RaftServerImpl (RaftServerImpl.java:setRole(170)) - s2@group-ED203BE14A97: changes role from CANDIDATE to LEADER at term 12 for changeToLeader
2019-09-24 17:34:09,326 INFO  impl.RoleInfo (RoleInfo.java:shutdownLeaderElection(134)) - s1: shutdown LeaderElection
2019-09-24 17:34:09,326 INFO  impl.RaftServerImpl (ServerState.java:setLeader(254)) - s2@group-ED203BE14A97: change Leader from null to s2 at term 12 for becomeLeader, leader elected after 6270ms
2019-09-24 17:34:09,326 INFO  impl.RoleInfo (RoleInfo.java:updateAndGet(143)) - s1: start FollowerState
2019-09-24 17:34:09,334 INFO  server.RaftServerConfigKeys (ConfUtils.java:logGet(43)) - raft.server.staging.catchup.gap = 1000 (default)
2019-09-24 17:34:09,334 INFO  server.RaftServerConfigKeys (ConfUtils.java:logGet(43)) - raft.server.rpc.sleep.time = 25ms (default)
2019-09-24 17:34:09,342 INFO  server.RaftServerConfigKeys (ConfUtils.java:logGet(43)) - raft.server.write.element-limit = 4096 (default)
2019-09-24 17:34:09,349 INFO  server.RaftServerConfigKeys (ConfUtils.java:logGet(43)) - raft.server.watch.timeout = 10s (default)
2019-09-24 17:34:09,350 INFO  server.RaftServerConfigKeys (ConfUtils.java:logGet(43)) - raft.server.watch.timeout.denomination = 1s (default)
2019-09-24 17:34:09,351 INFO  server.RaftServerConfigKeys (ConfUtils.java:logGet(43)) - raft.server.watch.element-limit = 65536 (default)
2019-09-24 17:34:09,370 INFO  server.RaftServerConfigKeys (ConfUtils.java:logGet(43)) - raft.server.log.appender.snapshot.chunk.size.max = 16MB (=16777216) (default)
2019-09-24 17:34:09,370 INFO  server.RaftServerConfigKeys (ConfUtils.java:logGet(43)) - raft.server.log.appender.buffer.byte-limit = 4MB (=4194304) (default)
2019-09-24 17:34:09,371 INFO  server.RaftServerConfigKeys (ConfUtils.java:logGet(43)) - raft.server.log.appender.buffer.element-limit = 0 (default)
2019-09-24 17:34:09,374 INFO  grpc.GrpcConfigKeys$Server (ConfUtils.java:logGet(43)) - raft.grpc.server.leader.outstanding.appends.max = 128 (default)
2019-09-24 17:34:09,375 INFO  server.RaftServerConfigKeys (ConfUtils.java:logGet(43)) - raft.server.rpc.request.timeout = 3000ms (default)
2019-09-24 17:34:09,375 INFO  server.RaftServerConfigKeys (ConfUtils.java:logGet(43)) - raft.server.log.appender.install.snapshot.enabled = true (default)
2019-09-24 17:34:09,377 INFO  server.RaftServerConfigKeys (ConfUtils.java:logGet(43)) - raft.server.log.appender.snapshot.chunk.size.max = 16MB (=16777216) (default)
2019-09-24 17:34:09,377 INFO  server.RaftServerConfigKeys (ConfUtils.java:logGet(43)) - raft.server.log.appender.buffer.byte-limit = 4MB (=4194304) (default)
2019-09-24 17:34:09,377 INFO  server.RaftServerConfigKeys (ConfUtils.java:logGet(43)) - raft.server.log.appender.buffer.element-limit = 0 (default)
2019-09-24 17:34:09,377 INFO  grpc.GrpcConfigKeys$Server (ConfUtils.java:logGet(43)) - raft.grpc.server.leader.outstanding.appends.max = 128 (default)
2019-09-24 17:34:09,378 INFO  server.RaftServerConfigKeys (ConfUtils.java:logGet(43)) - raft.server.rpc.request.timeout = 3000ms (default)
2019-09-24 17:34:09,378 INFO  server.RaftServerConfigKeys (ConfUtils.java:logGet(43)) - raft.server.log.appender.install.snapshot.enabled = true (default)
2019-09-24 17:34:09,380 INFO  impl.RoleInfo (RoleInfo.java:updateAndGet(143)) - s2: start LeaderState
2019-09-24 17:34:09,403 INFO  segmented.SegmentedRaftLogWorker (SegmentedRaftLogWorker.java:startLogSegment(380)) - s2@group-ED203BE14A97-SegmentedRaftLogWorker: Starting segment from index:0
2019-09-24 17:34:09,413 INFO  impl.RaftServerImpl (ServerState.java:setRaftConf(355)) - s2@group-ED203BE14A97: set configuration 0: [s0:0.0.0.0:42001, s1:0.0.0.0:43636, s2:0.0.0.0:41913], old=null at 0
2019-09-24 17:34:09,455 INFO  impl.RaftServerImpl (ServerState.java:setLeader(254)) - s0@group-ED203BE14A97: change Leader from null to s2 at term 12 for appendEntries, leader elected after 6398ms
2019-09-24 17:34:09,455 INFO  impl.RaftServerImpl (ServerState.java:setLeader(254)) - s1@group-ED203BE14A97: change Leader from null to s2 at term 12 for appendEntries, leader elected after 6399ms
2019-09-24 17:34:09,492 INFO  impl.RaftServerImpl (ServerState.java:setRaftConf(355)) - s1@group-ED203BE14A97: set configuration 0: [s0:0.0.0.0:42001, s1:0.0.0.0:43636, s2:0.0.0.0:41913], old=null at 0
2019-09-24 17:34:09,492 INFO  impl.RaftServerImpl (ServerState.java:setRaftConf(355)) - s0@group-ED203BE14A97: set configuration 0: [s0:0.0.0.0:42001, s1:0.0.0.0:43636, s2:0.0.0.0:41913], old=null at 0
2019-09-24 17:34:09,492 INFO  segmented.SegmentedRaftLogWorker (SegmentedRaftLogWorker.java:startLogSegment(380)) - s1@group-ED203BE14A97-SegmentedRaftLogWorker: Starting segment from index:0
2019-09-24 17:34:09,493 INFO  segmented.SegmentedRaftLogWorker (SegmentedRaftLogWorker.java:startLogSegment(380)) - s0@group-ED203BE14A97-SegmentedRaftLogWorker: Starting segment from index:0
2019-09-24 17:34:09,698 INFO  ratis.RaftTestUtil (RaftTestUtil.java:waitForLeader(101)) - printing ALL groups
  s0:  RUNNING  FOLLOWER s0@group-ED203BE14A97:t12, leader=s2, voted=s2, raftlog=s0@group-ED203BE14A97-SegmentedRaftLog:OPENED:c-1,f-1,i0, conf=0: [s0:0.0.0.0:42001, s1:0.0.0.0:43636, s2:0.0.0.0:41913], old=null RUNNING
  s1:  RUNNING  FOLLOWER s1@group-ED203BE14A97:t12, leader=s2, voted=s1, raftlog=s1@group-ED203BE14A97-SegmentedRaftLog:OPENED:c-1,f-1,i0, conf=0: [s0:0.0.0.0:42001, s1:0.0.0.0:43636, s2:0.0.0.0:41913], old=null RUNNING
  s2:  RUNNING    LEADER s2@group-ED203BE14A97:t12, leader=s2, voted=s2, raftlog=s2@group-ED203BE14A97-SegmentedRaftLog:OPENED:c-1,f-1,i0, conf=0: [s0:0.0.0.0:42001, s1:0.0.0.0:43636, s2:0.0.0.0:41913], old=null RUNNING
2019-09-24 17:34:09,700 INFO  filestore.FileStoreBaseTest (FileStoreBaseTest.java:testSingleFile(87)) - runTestSingleFile with path=foo, fileLength=10M (=10485760)
2019-09-24 17:34:09,736 INFO  segmented.SegmentedRaftLogWorker (SegmentedRaftLogWorker.java:execute(569)) - s2@group-ED203BE14A97-SegmentedRaftLogWorker: created new log segment /workdir/ratis-examples/target/test/data/f5e46dfc/MiniRaftClusterWithGrpcaf49c129/s2/d2a87f2c-80d3-4251-a216-ed203be14a97/current/log_inprogress_0
2019-09-24 17:34:09,736 INFO  segmented.SegmentedRaftLogWorker (SegmentedRaftLogWorker.java:execute(569)) - s0@group-ED203BE14A97-SegmentedRaftLogWorker: created new log segment /workdir/ratis-examples/target/test/data/f5e46dfc/MiniRaftClusterWithGrpcaf49c129/s0/d2a87f2c-80d3-4251-a216-ed203be14a97/current/log_inprogress_0
2019-09-24 17:34:09,736 INFO  segmented.SegmentedRaftLogWorker (SegmentedRaftLogWorker.java:execute(569)) - s1@group-ED203BE14A97-SegmentedRaftLogWorker: created new log segment /workdir/ratis-examples/target/test/data/f5e46dfc/MiniRaftClusterWithGrpcaf49c129/s1/d2a87f2c-80d3-4251-a216-ed203be14a97/current/log_inprogress_0
2019-09-24 17:34:09,791 INFO  client.GrpcClientProtocolService (GrpcClientProtocolService.java:lambda$processClientRequest$0(278)) - Failed RaftClientRequest:client-236938EB08E4->s0@group-ED203BE14A97, cid=0, seq=0, RW, Message:128a200a050a03666f6f...(size=4109), reply=RaftClientReply:client-236938EB08E4->s0@group-ED203BE14A97, cid=0, FAILED org.apache.ratis.protocol.NotLeaderException: Server s0@group-ED203BE14A97 is not the leader s2:0.0.0.0:41913, logIndex=0, commits[s0:c-1, s1:c-1, s2:c-1]
2019-09-24 17:34:09,865 TRACE util.FileUtils (LogUtils.java:supplyAndLog(82)) - Successfully supplied Files.newOutputStream CREATE_NEW /workdir/ratis-examples/target/test/data/f5e46dfc/TestFileStoreWithGrpc/filestore/s2/foo: java.nio.channels.Channels$1@f2258c
2019-09-24 17:34:09,868 TRACE util.FileUtils (LogUtils.java:supplyAndLog(82)) - Successfully supplied Files.newOutputStream CREATE_NEW /workdir/ratis-examples/target/test/data/f5e46dfc/TestFileStoreWithGrpc/filestore/s1/foo: java.nio.channels.Channels$1@2bf794e
2019-09-24 17:34:09,868 TRACE util.FileUtils (LogUtils.java:supplyAndLog(82)) - Successfully supplied Files.newOutputStream CREATE_NEW /workdir/ratis-examples/target/test/data/f5e46dfc/TestFileStoreWithGrpc/filestore/s0/foo: java.nio.channels.Channels$1@1e8995
2019-09-24 17:34:13,078 WARN  util.JavaUtils (JavaUtils.java:sleep(250)) - Unexpected long sleep: sleep(281ms) actually took 590ms which is over the threshold 300ms
2019-09-24 17:34:13,813 INFO  ratis.MiniRaftCluster (MiniRaftCluster.java:lambda$null$5(297)) - TIMED-PRINT: printing ALL groups
  s0:  RUNNING  FOLLOWER s0@group-ED203BE14A97:t12, leader=s2, voted=s2, raftlog=s0@group-ED203BE14A97-SegmentedRaftLog:OPENED:c500,f500,i501, conf=0: [s0:0.0.0.0:42001, s1:0.0.0.0:43636, s2:0.0.0.0:41913], old=null RUNNING
  s1:  RUNNING  FOLLOWER s1@group-ED203BE14A97:t12, leader=s2, voted=s1, raftlog=s1@group-ED203BE14A97-SegmentedRaftLog:OPENED:c500,f500,i501, conf=0: [s0:0.0.0.0:42001, s1:0.0.0.0:43636, s2:0.0.0.0:41913], old=null RUNNING
  s2:  RUNNING    LEADER s2@group-ED203BE14A97:t12, leader=s2, voted=s2, raftlog=s2@group-ED203BE14A97-SegmentedRaftLog:OPENED:c500,f500,i501, conf=0: [s0:0.0.0.0:42001, s1:0.0.0.0:43636, s2:0.0.0.0:41913], old=null RUNNING
2019-09-24 17:34:18,297 WARN  server.GrpcLogAppender (GrpcLogAppender.java:timeoutAppendRequest(200)) - s2@group-ED203BE14A97->s0-GrpcLogAppender: appendEntries Timeout, request=s2->s0#608-t12, previous=(t:12, i:593), leaderCommit=593, initializing? false, entries: size=1, first=(t:12, i:594), METADATAENTRY(c593)
2019-09-24 17:34:18,297 WARN  server.GrpcLogAppender (GrpcLogAppender.java:timeoutAppendRequest(200)) - s2@group-ED203BE14A97->s1-GrpcLogAppender: appendEntries Timeout, request=s2->s1#608-t12, previous=(t:12, i:593), leaderCommit=593, initializing? false, entries: size=1, first=(t:12, i:594), METADATAENTRY(c593)
2019-09-24 17:34:18,299 WARN  server.GrpcLogAppender (GrpcLogAppender.java:timeoutAppendRequest(200)) - s2@group-ED203BE14A97->s0-GrpcLogAppender: appendEntries Timeout, request=s2->s0#609-t12, previous=(t:12, i:594), leaderCommit=593, initializing? false, entries: size=1, first=(t:12, i:595), STATEMACHINELOGENTRY, client-236938EB08E4, cid=297
2019-09-24 17:34:18,299 WARN  server.GrpcLogAppender (GrpcLogAppender.java:timeoutAppendRequest(200)) - s2@group-ED203BE14A97->s1-GrpcLogAppender: appendEntries Timeout, request=s2->s1#609-t12, previous=(t:12, i:594), leaderCommit=593, initializing? false, entries: size=1, first=(t:12, i:595), STATEMACHINELOGENTRY, client-236938EB08E4, cid=297
2019-09-24 17:34:18,374 WARN  server.GrpcLogAppender (GrpcLogAppender.java:timeoutAppendRequest(200)) - s2@group-ED203BE14A97->s1-GrpcLogAppender: appendEntries Timeout, request=s2->s1#610-t12, previous=(t:12, i:595), leaderCommit=593, initializing? false, entries: <empty>
2019-09-24 17:34:18,374 WARN  server.GrpcLogAppender (GrpcLogAppender.java:timeoutAppendRequest(200)) - s2@group-ED203BE14A97->s0-GrpcLogAppender: appendEntries Timeout, request=s2->s0#610-t12, previous=(t:12, i:595), leaderCommit=593, initializing? false, entries: <empty>
2019-09-24 17:34:18,450 WARN  server.GrpcLogAppender (GrpcLogAppender.java:timeoutAppendRequest(200)) - s2@group-ED203BE14A97->s1-GrpcLogAppender: appendEntries Timeout, request=s2->s1#611-t12, previous=(t:12, i:595), leaderCommit=593, initializing? false, entries: <empty>
2019-09-24 17:34:18,450 WARN  server.GrpcLogAppender (GrpcLogAppender.java:timeoutAppendRequest(200)) - s2@group-ED203BE14A97->s0-GrpcLogAppender: appendEntries Timeout, request=s2->s0#611-t12, previous=(t:12, i:595), leaderCommit=593, initializing? false, entries: <empty>
2019-09-24 17:34:18,525 WARN  server.GrpcLogAppender (GrpcLogAppender.java:timeoutAppendRequest(200)) - s2@group-ED203BE14A97->s1-GrpcLogAppender: appendEntries Timeout, request=s2->s1#612-t12, previous=(t:12, i:595), leaderCommit=593, initializing? false, entries: <empty>
2019-09-24 17:34:18,525 WARN  server.GrpcLogAppender (GrpcLogAppender.java:timeoutAppendRequest(200)) - s2@group-ED203BE14A97->s0-GrpcLogAppender: appendEntries Timeout, request=s2->s0#612-t12, previous=(t:12, i:595), leaderCommit=593, initializing? false, entries: <empty>
2019-09-24 17:34:18,600 WARN  server.GrpcLogAppender (GrpcLogAppender.java:timeoutAppendRequest(200)) - s2@group-ED203BE14A97->s1-GrpcLogAppender: appendEntries Timeout, request=s2->s1#613-t12, previous=(t:12, i:595), leaderCommit=593, initializing? false, entries: <empty>
2019-09-24 17:34:18,600 WARN  server.GrpcLogAppender (GrpcLogAppender.java:timeoutAppendRequest(200)) - s2@group-ED203BE14A97->s0-GrpcLogAppender: appendEntries Timeout, request=s2->s0#613-t12, previous=(t:12, i:595), leaderCommit=593, initializing? false, entries: <empty>
2019-09-24 17:34:18,675 WARN  server.GrpcLogAppender (GrpcLogAppender.java:timeoutAppendRequest(200)) - s2@group-ED203BE14A97->s1-GrpcLogAppender: appendEntries Timeout, request=s2->s1#614-t12, previous=(t:12, i:595), leaderCommit=593, initializing? false, entries: <empty>
2019-09-24 17:34:18,675 WARN  server.GrpcLogAppender (GrpcLogAppender.java:timeoutAppendRequest(200)) - s2@group-ED203BE14A97->s0-GrpcLogAppender: appendEntries Timeout, request=s2->s0#614-t12, previous=(t:12, i:595), leaderCommit=593, initializing? false, entries: <empty>
2019-09-24 17:34:18,751 WARN  server.GrpcLogAppender (GrpcLogAppender.java:timeoutAppendRequest(200)) - s2@group-ED203BE14A97->s0-GrpcLogAppender: appendEntries Timeout, request=s2->s0#615-t12, previous=(t:12, i:595), leaderCommit=593, initializing? false, entries: <empty>
2019-09-24 17:34:18,751 WARN  server.GrpcLogAppender (GrpcLogAppender.java:timeoutAppendRequest(200)) - s2@group-ED203BE14A97->s1-GrpcLogAppender: appendEntries Timeout, request=s2->s1#615-t12, previous=(t:12, i:595), leaderCommit=593, initializing? false, entries: <empty>
2019-09-24 17:34:18,826 WARN  server.GrpcLogAppender (GrpcLogAppender.java:timeoutAppendRequest(200)) - s2@group-ED203BE14A97->s1-GrpcLogAppender: appendEntries Timeout, request=s2->s1#616-t12, previous=(t:12, i:595), leaderCommit=593, initializing? false, entries: <empty>
2019-09-24 17:34:18,826 WARN  server.GrpcLogAppender (GrpcLogAppender.java:timeoutAppendRequest(200)) - s2@group-ED203BE14A97->s0-GrpcLogAppender: appendEntries Timeout, request=s2->s0#616-t12, previous=(t:12, i:595), leaderCommit=593, initializing? false, entries: <empty>
2019-09-24 17:34:18,901 WARN  server.GrpcLogAppender (GrpcLogAppender.java:timeoutAppendRequest(200)) - s2@group-ED203BE14A97->s1-GrpcLogAppender: appendEntries Timeout, request=s2->s1#617-t12, previous=(t:12, i:595), leaderCommit=593, initializing? false, entries: <empty>
2019-09-24 17:34:18,901 WARN  server.GrpcLogAppender (GrpcLogAppender.java:timeoutAppendRequest(200)) - s2@group-ED203BE14A97->s0-GrpcLogAppender: appendEntries Timeout, request=s2->s0#617-t12, previous=(t:12, i:595), leaderCommit=593, initializing? false, entries: <empty>
2019-09-24 17:34:18,977 WARN  server.GrpcLogAppender (GrpcLogAppender.java:timeoutAppendRequest(200)) - s2@group-ED203BE14A97->s1-GrpcLogAppender: appendEntries Timeout, request=s2->s1#618-t12, previous=(t:12, i:595), leaderCommit=593, initializing? false, entries: <empty>
2019-09-24 17:34:18,977 WARN  server.GrpcLogAppender (GrpcLogAppender.java:timeoutAppendRequest(200)) - s2@group-ED203BE14A97->s0-GrpcLogAppender: appendEntries Timeout, request=s2->s0#618-t12, previous=(t:12, i:595), leaderCommit=593, initializing? false, entries: <empty>
2019-09-24 17:34:19,052 WARN  server.GrpcLogAppender (GrpcLogAppender.java:timeoutAppendRequest(200)) - s2@group-ED203BE14A97->s1-GrpcLogAppender: appendEntries Timeout, request=s2->s1#619-t12, previous=(t:12, i:595), leaderCommit=593, initializing? false, entries: <empty>
2019-09-24 17:34:19,052 WARN  server.GrpcLogAppender (GrpcLogAppender.java:timeoutAppendRequest(200)) - s2@group-ED203BE14A97->s0-GrpcLogAppender: appendEntries Timeout, request=s2->s0#619-t12, previous=(t:12, i:595), leaderCommit=593, initializing? false, entries: <empty>
2019-09-24 17:34:19,127 WARN  server.GrpcLogAppender (GrpcLogAppender.java:timeoutAppendRequest(200)) - s2@group-ED203BE14A97->s1-GrpcLogAppender: appendEntries Timeout, request=s2->s1#620-t12, previous=(t:12, i:595), leaderCommit=593, initializing? false, entries: <empty>
2019-09-24 17:34:19,127 WARN  server.GrpcLogAppender (GrpcLogAppender.java:timeoutAppendRequest(200)) - s2@group-ED203BE14A97->s0-GrpcLogAppender: appendEntries Timeout, request=s2->s0#620-t12, previous=(t:12, i:595), leaderCommit=593, initializing? false, entries: <empty>
2019-09-24 17:34:19,202 WARN  server.GrpcLogAppender (GrpcLogAppender.java:timeoutAppendRequest(200)) - s2@group-ED203BE14A97->s1-GrpcLogAppender: appendEntries Timeout, request=s2->s1#621-t12, previous=(t:12, i:595), leaderCommit=593, initializing? false, entries: <empty>
2019-09-24 17:34:19,202 WARN  server.GrpcLogAppender (GrpcLogAppender.java:timeoutAppendRequest(200)) - s2@group-ED203BE14A97->s0-GrpcLogAppender: appendEntries Timeout, request=s2->s0#621-t12, previous=(t:12, i:595), leaderCommit=593, initializing? false, entries: <empty>
2019-09-24 17:34:19,277 WARN  server.GrpcLogAppender (GrpcLogAppender.java:timeoutAppendRequest(200)) - s2@group-ED203BE14A97->s1-GrpcLogAppender: appendEntries Timeout, request=s2->s1#622-t12, previous=(t:12, i:595), leaderCommit=593, initializing? false, entries: <empty>
2019-09-24 17:34:19,278 WARN  server.GrpcLogAppender (GrpcLogAppender.java:timeoutAppendRequest(200)) - s2@group-ED203BE14A97->s0-GrpcLogAppender: appendEntries Timeout, request=s2->s0#622-t12, previous=(t:12, i:595), leaderCommit=593, initializing? false, entries: <empty>
2019-09-24 17:34:19,353 WARN  server.GrpcLogAppender (GrpcLogAppender.java:timeoutAppendRequest(200)) - s2@group-ED203BE14A97->s1-GrpcLogAppender: appendEntries Timeout, request=s2->s1#623-t12, previous=(t:12, i:595), leaderCommit=593, initializing? false, entries: <empty>
2019-09-24 17:34:19,353 WARN  server.GrpcLogAppender (GrpcLogAppender.java:timeoutAppendRequest(200)) - s2@group-ED203BE14A97->s0-GrpcLogAppender: appendEntries Timeout, request=s2->s0#623-t12, previous=(t:12, i:595), leaderCommit=593, initializing? false, entries: <empty>
2019-09-24 17:34:19,428 WARN  server.GrpcLogAppender (GrpcLogAppender.java:timeoutAppendRequest(200)) - s2@group-ED203BE14A97->s0-GrpcLogAppender: appendEntries Timeout, request=s2->s0#624-t12, previous=(t:12, i:595), leaderCommit=593, initializing? false, entries: <empty>
2019-09-24 17:34:19,428 WARN  server.GrpcLogAppender (GrpcLogAppender.java:timeoutAppendRequest(200)) - s2@group-ED203BE14A97->s1-GrpcLogAppender: appendEntries Timeout, request=s2->s1#624-t12, previous=(t:12, i:595), leaderCommit=593, initializing? false, entries: <empty>
2019-09-24 17:34:19,503 WARN  server.GrpcLogAppender (GrpcLogAppender.java:timeoutAppendRequest(200)) - s2@group-ED203BE14A97->s0-GrpcLogAppender: appendEntries Timeout, request=s2->s0#625-t12, previous=(t:12, i:595), leaderCommit=593, initializing? false, entries: <empty>
2019-09-24 17:34:19,503 WARN  server.GrpcLogAppender (GrpcLogAppender.java:timeoutAppendRequest(200)) - s2@group-ED203BE14A97->s1-GrpcLogAppender: appendEntries Timeout, request=s2->s1#625-t12, previous=(t:12, i:595), leaderCommit=593, initializing? false, entries: <empty>
2019-09-24 17:34:19,578 WARN  server.GrpcLogAppender (GrpcLogAppender.java:timeoutAppendRequest(200)) - s2@group-ED203BE14A97->s0-GrpcLogAppender: appendEntries Timeout, request=s2->s0#626-t12, previous=(t:12, i:595), leaderCommit=593, initializing? false, entries: <empty>
2019-09-24 17:34:19,578 WARN  server.GrpcLogAppender (GrpcLogAppender.java:timeoutAppendRequest(200)) - s2@group-ED203BE14A97->s1-GrpcLogAppender: appendEntries Timeout, request=s2->s1#626-t12, previous=(t:12, i:595), leaderCommit=593, initializing? false, entries: <empty>
2019-09-24 17:34:19,654 WARN  server.GrpcLogAppender (GrpcLogAppender.java:timeoutAppendRequest(200)) - s2@group-ED203BE14A97->s0-GrpcLogAppender: appendEntries Timeout, request=s2->s0#627-t12, previous=(t:12, i:595), leaderCommit=593, initializing? false, entries: <empty>
2019-09-24 17:34:19,654 WARN  server.GrpcLogAppender (GrpcLogAppender.java:timeoutAppendRequest(200)) - s2@group-ED203BE14A97->s1-GrpcLogAppender: appendEntries Timeout, request=s2->s1#627-t12, previous=(t:12, i:595), leaderCommit=593, initializing? false, entries: <empty>
2019-09-24 17:34:19,729 WARN  server.GrpcLogAppender (GrpcLogAppender.java:timeoutAppendRequest(200)) - s2@group-ED203BE14A97->s0-GrpcLogAppender: appendEntries Timeout, request=s2->s0#628-t12, previous=(t:12, i:595), leaderCommit=593, initializing? false, entries: <empty>
2019-09-24 17:34:19,729 WARN  server.GrpcLogAppender (GrpcLogAppender.java:timeoutAppendRequest(200)) - s2@group-ED203BE14A97->s1-GrpcLogAppender: appendEntries Timeout, request=s2->s1#628-t12, previous=(t:12, i:595), leaderCommit=593, initializing? false, entries: <empty>
2019-09-24 17:34:19,804 WARN  server.GrpcLogAppender (GrpcLogAppender.java:timeoutAppendRequest(200)) - s2@group-ED203BE14A97->s1-GrpcLogAppender: appendEntries Timeout, request=s2->s1#629-t12, previous=(t:12, i:595), leaderCommit=593, initializing? false, entries: <empty>
2019-09-24 17:34:19,804 WARN  server.GrpcLogAppender (GrpcLogAppender.java:timeoutAppendRequest(200)) - s2@group-ED203BE14A97->s0-GrpcLogAppender: appendEntries Timeout, request=s2->s0#629-t12, previous=(t:12, i:595), leaderCommit=593, initializing? false, entries: <empty>
2019-09-24 17:34:19,879 WARN  server.GrpcLogAppender (GrpcLogAppender.java:timeoutAppendRequest(200)) - s2@group-ED203BE14A97->s0-GrpcLogAppender: appendEntries Timeout, request=s2->s0#630-t12, previous=(t:12, i:595), leaderCommit=593, initializing? false, entries: <empty>
2019-09-24 17:34:19,880 WARN  server.GrpcLogAppender (GrpcLogAppender.java:timeoutAppendRequest(200)) - s2@group-ED203BE14A97->s1-GrpcLogAppender: appendEntries Timeout, request=s2->s1#630-t12, previous=(t:12, i:595), leaderCommit=593, initializing? false, entries: <empty>
2019-09-24 17:34:19,955 WARN  server.GrpcLogAppender (GrpcLogAppender.java:timeoutAppendRequest(200)) - s2@group-ED203BE14A97->s0-GrpcLogAppender: appendEntries Timeout, request=s2->s0#631-t12, previous=(t:12, i:595), leaderCommit=593, initializing? false, entries: <empty>
2019-09-24 17:34:19,955 WARN  server.GrpcLogAppender (GrpcLogAppender.java:timeoutAppendRequest(200)) - s2@group-ED203BE14A97->s1-GrpcLogAppender: appendEntries Timeout, request=s2->s1#631-t12, previous=(t:12, i:595), leaderCommit=593, initializing? false, entries: <empty>
2019-09-24 17:34:20,030 WARN  server.GrpcLogAppender (GrpcLogAppender.java:timeoutAppendRequest(200)) - s2@group-ED203BE14A97->s0-GrpcLogAppender: appendEntries Timeout, request=s2->s0#632-t12, previous=(t:12, i:595), leaderCommit=593, initializing? false, entries: <empty>
2019-09-24 17:34:20,030 WARN  server.GrpcLogAppender (GrpcLogAppender.java:timeoutAppendRequest(200)) - s2@group-ED203BE14A97->s1-GrpcLogAppender: appendEntries Timeout, request=s2->s1#632-t12, previous=(t:12, i:595), leaderCommit=593, initializing? false, entries: <empty>
2019-09-24 17:34:20,106 WARN  server.GrpcLogAppender (GrpcLogAppender.java:timeoutAppendRequest(200)) - s2@group-ED203BE14A97->s1-GrpcLogAppender: appendEntries Timeout, request=s2->s1#633-t12, previous=(t:12, i:595), leaderCommit=593, initializing? false, entries: <empty>
2019-09-24 17:34:20,106 WARN  server.GrpcLogAppender (GrpcLogAppender.java:timeoutAppendRequest(200)) - s2@group-ED203BE14A97->s0-GrpcLogAppender: appendEntries Timeout, request=s2->s0#633-t12, previous=(t:12, i:595), leaderCommit=593, initializing? false, entries: <empty>
2019-09-24 17:34:20,181 WARN  server.GrpcLogAppender (GrpcLogAppender.java:timeoutAppendRequest(200)) - s2@group-ED203BE14A97->s1-GrpcLogAppender: appendEntries Timeout, request=s2->s1#634-t12, previous=(t:12, i:595), leaderCommit=593, initializing? false, entries: <empty>
2019-09-24 17:34:20,181 WARN  server.GrpcLogAppender (GrpcLogAppender.java:timeoutAppendRequest(200)) - s2@group-ED203BE14A97->s0-GrpcLogAppender: appendEntries Timeout, request=s2->s0#634-t12, previous=(t:12, i:595), leaderCommit=593, initializing? false, entries: <empty>
2019-09-24 17:34:20,256 WARN  server.GrpcLogAppender (GrpcLogAppender.java:timeoutAppendRequest(200)) - s2@group-ED203BE14A97->s1-GrpcLogAppender: appendEntries Timeout, request=s2->s1#635-t12, previous=(t:12, i:595), leaderCommit=593, initializing? false, entries: <empty>
2019-09-24 17:34:20,256 WARN  server.GrpcLogAppender (GrpcLogAppender.java:timeoutAppendRequest(200)) - s2@group-ED203BE14A97->s0-GrpcLogAppender: appendEntries Timeout, request=s2->s0#635-t12, previous=(t:12, i:595), leaderCommit=593, initializing? false, entries: <empty>
2019-09-24 17:34:20,332 WARN  server.GrpcLogAppender (GrpcLogAppender.java:timeoutAppendRequest(200)) - s2@group-ED203BE14A97->s1-GrpcLogAppender: appendEntries Timeout, request=s2->s1#636-t12, previous=(t:12, i:595), leaderCommit=593, initializing? false, entries: <empty>
2019-09-24 17:34:20,332 WARN  server.GrpcLogAppender (GrpcLogAppender.java:timeoutAppendRequest(200)) - s2@group-ED203BE14A97->s0-GrpcLogAppender: appendEntries Timeout, request=s2->s0#636-t12, previous=(t:12, i:595), leaderCommit=593, initializing? false, entries: <empty>
2019-09-24 17:34:20,407 WARN  server.GrpcLogAppender (GrpcLogAppender.java:timeoutAppendRequest(200)) - s2@group-ED203BE14A97->s0-GrpcLogAppender: appendEntries Timeout, request=s2->s0#637-t12, previous=(t:12, i:595), leaderCommit=593, initializing? false, entries: <empty>
2019-09-24 17:34:20,407 WARN  server.GrpcLogAppender (GrpcLogAppender.java:timeoutAppendRequest(200)) - s2@group-ED203BE14A97->s1-GrpcLogAppender: appendEntries Timeout, request=s2->s1#637-t12, previous=(t:12, i:595), leaderCommit=593, initializing? false, entries: <empty>
2019-09-24 17:34:20,482 WARN  server.GrpcLogAppender (GrpcLogAppender.java:timeoutAppendRequest(200)) - s2@group-ED203BE14A97->s1-GrpcLogAppender: appendEntries Timeout, request=s2->s1#638-t12, previous=(t:12, i:595), leaderCommit=593, initializing? false, entries: <empty>
2019-09-24 17:34:20,482 WARN  server.GrpcLogAppender (GrpcLogAppender.java:timeoutAppendRequest(200)) - s2@group-ED203BE14A97->s0-GrpcLogAppender: appendEntries Timeout, request=s2->s0#638-t12, previous=(t:12, i:595), leaderCommit=593, initializing? false, entries: <empty>
2019-09-24 17:34:20,542 WARN  server.GrpcLogAppender (GrpcLogAppender.java:onNextImpl(251)) - s2@group-ED203BE14A97->s1-AppendLogResponseHandler: Request not found, ignoring reply: s2<-s1#608:OK,SUCCESS,nextIndex:595,term:12,followerCommit:593
2019-09-24 17:34:20,542 WARN  server.GrpcLogAppender (GrpcLogAppender.java:onNextImpl(251)) - s2@group-ED203BE14A97->s0-AppendLogResponseHandler: Request not found, ignoring reply: s2<-s0#608:OK,SUCCESS,nextIndex:595,term:12,followerCommit:593
2019-09-24 17:34:20,557 WARN  server.GrpcLogAppender (GrpcLogAppender.java:timeoutAppendRequest(200)) - s2@group-ED203BE14A97->s0-GrpcLogAppender: appendEntries Timeout, request=s2->s0#639-t12, previous=(t:12, i:595), leaderCommit=593, initializing? false, entries: <empty>
2019-09-24 17:34:20,557 WARN  server.GrpcLogAppender (GrpcLogAppender.java:timeoutAppendRequest(200)) - s2@group-ED203BE14A97->s1-GrpcLogAppender: appendEntries Timeout, request=s2->s1#639-t12, previous=(t:12, i:595), leaderCommit=593, initializing? false, entries: <empty>
2019-09-24 17:34:20,633 WARN  server.GrpcLogAppender (GrpcLogAppender.java:timeoutAppendRequest(200)) - s2@group-ED203BE14A97->s0-GrpcLogAppender: appendEntries Timeout, request=s2->s0#640-t12, previous=(t:12, i:595), leaderCommit=593, initializing? false, entries: <empty>
2019-09-24 17:34:20,633 WARN  server.GrpcLogAppender (GrpcLogAppender.java:timeoutAppendRequest(200)) - s2@group-ED203BE14A97->s1-GrpcLogAppender: appendEntries Timeout, request=s2->s1#640-t12, previous=(t:12, i:595), leaderCommit=593, initializing? false, entries: <empty>
2019-09-24 17:34:20,708 WARN  server.GrpcLogAppender (GrpcLogAppender.java:timeoutAppendRequest(200)) - s2@group-ED203BE14A97->s0-GrpcLogAppender: appendEntries Timeout, request=s2->s0#641-t12, previous=(t:12, i:595), leaderCommit=593, initializing? false, entries: <empty>
2019-09-24 17:34:20,708 WARN  server.GrpcLogAppender (GrpcLogAppender.java:timeoutAppendRequest(200)) - s2@group-ED203BE14A97->s1-GrpcLogAppender: appendEntries Timeout, request=s2->s1#641-t12, previous=(t:12, i:595), leaderCommit=593, initializing? false, entries: <empty>
2019-09-24 17:34:20,783 WARN  server.GrpcLogAppender (GrpcLogAppender.java:timeoutAppendRequest(200)) - s2@group-ED203BE14A97->s0-GrpcLogAppender: appendEntries Timeout, request=s2->s0#642-t12, previous=(t:12, i:595), leaderCommit=593, initializing? false, entries: <empty>
2019-09-24 17:34:20,783 WARN  server.GrpcLogAppender (GrpcLogAppender.java:timeoutAppendRequest(200)) - s2@group-ED203BE14A97->s1-GrpcLogAppender: appendEntries Timeout, request=s2->s1#642-t12, previous=(t:12, i:595), leaderCommit=593, initializing? false, entries: <empty>
2019-09-24 17:34:20,858 WARN  server.GrpcLogAppender (GrpcLogAppender.java:timeoutAppendRequest(200)) - s2@group-ED203BE14A97->s0-GrpcLogAppender: appendEntries Timeout, request=s2->s0#643-t12, previous=(t:12, i:595), leaderCommit=593, initializing? false, entries: <empty>
2019-09-24 17:34:20,858 WARN  server.GrpcLogAppender (GrpcLogAppender.java:timeoutAppendRequest(200)) - s2@group-ED203BE14A97->s1-GrpcLogAppender: appendEntries Timeout, request=s2->s1#643-t12, previous=(t:12, i:595), leaderCommit=593, initializing? false, entries: <empty>
2019-09-24 17:34:20,934 WARN  server.GrpcLogAppender (GrpcLogAppender.java:timeoutAppendRequest(200)) - s2@group-ED203BE14A97->s0-GrpcLogAppender: appendEntries Timeout, request=s2->s0#644-t12, previous=(t:12, i:595), leaderCommit=593, initializing? false, entries: <empty>
2019-09-24 17:34:20,934 WARN  server.GrpcLogAppender (GrpcLogAppender.java:timeoutAppendRequest(200)) - s2@group-ED203BE14A97->s1-GrpcLogAppender: appendEntries Timeout, request=s2->s1#644-t12, previous=(t:12, i:595), leaderCommit=593, initializing? false, entries: <empty>
2019-09-24 17:34:21,009 WARN  server.GrpcLogAppender (GrpcLogAppender.java:timeoutAppendRequest(200)) - s2@group-ED203BE14A97->s0-GrpcLogAppender: appendEntries Timeout, request=s2->s0#645-t12, previous=(t:12, i:595), leaderCommit=593, initializing? false, entries: <empty>
2019-09-24 17:34:21,009 WARN  server.GrpcLogAppender (GrpcLogAppender.java:timeoutAppendRequest(200)) - s2@group-ED203BE14A97->s1-GrpcLogAppender: appendEntries Timeout, request=s2->s1#645-t12, previous=(t:12, i:595), leaderCommit=593, initializing? false, entries: <empty>
2019-09-24 17:34:21,084 WARN  server.GrpcLogAppender (GrpcLogAppender.java:timeoutAppendRequest(200)) - s2@group-ED203BE14A97->s1-GrpcLogAppender: appendEntries Timeout, request=s2->s1#646-t12, previous=(t:12, i:595), leaderCommit=593, initializing? false, entries: <empty>
2019-09-24 17:34:21,084 WARN  server.GrpcLogAppender (GrpcLogAppender.java:timeoutAppendRequest(200)) - s2@group-ED203BE14A97->s0-GrpcLogAppender: appendEntries Timeout, request=s2->s0#646-t12, previous=(t:12, i:595), leaderCommit=593, initializing? false, entries: <empty>
2019-09-24 17:34:21,159 WARN  server.GrpcLogAppender (GrpcLogAppender.java:timeoutAppendRequest(200)) - s2@group-ED203BE14A97->s0-GrpcLogAppender: appendEntries Timeout, request=s2->s0#647-t12, previous=(t:12, i:595), leaderCommit=593, initializing? false, entries: <empty>
2019-09-24 17:34:21,159 WARN  server.GrpcLogAppender (GrpcLogAppender.java:timeoutAppendRequest(200)) - s2@group-ED203BE14A97->s1-GrpcLogAppender: appendEntries Timeout, request=s2->s1#647-t12, previous=(t:12, i:595), leaderCommit=593, initializing? false, entries: <empty>
2019-09-24 17:34:21,234 WARN  server.GrpcLogAppender (GrpcLogAppender.java:timeoutAppendRequest(200)) - s2@group-ED203BE14A97->s1-GrpcLogAppender: appendEntries Timeout, request=s2->s1#648-t12, previous=(t:12, i:595), leaderCommit=593, initializing? false, entries: <empty>
2019-09-24 17:34:21,234 WARN  server.GrpcLogAppender (GrpcLogAppender.java:timeoutAppendRequest(200)) - s2@group-ED203BE14A97->s0-GrpcLogAppender: appendEntries Timeout, request=s2->s0#648-t12, previous=(t:12, i:595), leaderCommit=593, initializing? false, entries: <empty>
2019-09-24 17:34:21,310 WARN  server.GrpcLogAppender (GrpcLogAppender.java:timeoutAppendRequest(200)) - s2@group-ED203BE14A97->s1-GrpcLogAppender: appendEntries Timeout, request=s2->s1#649-t12, previous=(t:12, i:595), leaderCommit=593, initializing? false, entries: <empty>
2019-09-24 17:34:21,310 WARN  server.GrpcLogAppender (GrpcLogAppender.java:timeoutAppendRequest(200)) - s2@group-ED203BE14A97->s0-GrpcLogAppender: appendEntries Timeout, request=s2->s0#649-t12, previous=(t:12, i:595), leaderCommit=593, initializing? false, entries: <empty>
2019-09-24 17:34:21,385 WARN  server.GrpcLogAppender (GrpcLogAppender.java:timeoutAppendRequest(200)) - s2@group-ED203BE14A97->s1-GrpcLogAppender: appendEntries Timeout, request=s2->s1#650-t12, previous=(t:12, i:595), leaderCommit=593, initializing? false, entries: <empty>
2019-09-24 17:34:21,385 WARN  server.GrpcLogAppender (GrpcLogAppender.java:timeoutAppendRequest(200)) - s2@group-ED203BE14A97->s0-GrpcLogAppender: appendEntries Timeout, request=s2->s0#650-t12, previous=(t:12, i:595), leaderCommit=593, initializing? false, entries: <empty>
2019-09-24 17:34:21,460 WARN  server.GrpcLogAppender (GrpcLogAppender.java:timeoutAppendRequest(200)) - s2@group-ED203BE14A97->s1-GrpcLogAppender: appendEntries Timeout, request=s2->s1#651-t12, previous=(t:12, i:595), leaderCommit=593, initializing? false, entries: <empty>
2019-09-24 17:34:21,460 WARN  server.GrpcLogAppender (GrpcLogAppender.java:timeoutAppendRequest(200)) - s2@group-ED203BE14A97->s0-GrpcLogAppender: appendEntries Timeout, request=s2->s0#651-t12, previous=(t:12, i:595), leaderCommit=593, initializing? false, entries: <empty>
2019-09-24 17:34:21,535 WARN  server.GrpcLogAppender (GrpcLogAppender.java:timeoutAppendRequest(200)) - s2@group-ED203BE14A97->s1-GrpcLogAppender: appendEntries Timeout, request=s2->s1#652-t12, previous=(t:12, i:595), leaderCommit=593, initializing? false, entries: <empty>
2019-09-24 17:34:21,536 WARN  server.GrpcLogAppender (GrpcLogAppender.java:timeoutAppendRequest(200)) - s2@group-ED203BE14A97->s0-GrpcLogAppender: appendEntries Timeout, request=s2->s0#652-t12, previous=(t:12, i:595), leaderCommit=593, initializing? false, entries: <empty>
2019-09-24 17:34:21,611 WARN  server.GrpcLogAppender (GrpcLogAppender.java:timeoutAppendRequest(200)) - s2@group-ED203BE14A97->s1-GrpcLogAppender: appendEntries Timeout, request=s2->s1#653-t12, previous=(t:12, i:595), leaderCommit=593, initializing? false, entries: <empty>
2019-09-24 17:34:21,611 WARN  server.GrpcLogAppender (GrpcLogAppender.java:timeoutAppendRequest(200)) - s2@group-ED203BE14A97->s0-GrpcLogAppender: appendEntries Timeout, request=s2->s0#653-t12, previous=(t:12, i:595), leaderCommit=593, initializing? false, entries: <empty>
2019-09-24 17:34:21,686 WARN  server.GrpcLogAppender (GrpcLogAppender.java:timeoutAppendRequest(200)) - s2@group-ED203BE14A97->s1-GrpcLogAppender: appendEntries Timeout, request=s2->s1#654-t12, previous=(t:12, i:595), leaderCommit=593, initializing? false, entries: <empty>
2019-09-24 17:34:21,686 WARN  server.GrpcLogAppender (GrpcLogAppender.java:timeoutAppendRequest(200)) - s2@group-ED203BE14A97->s0-GrpcLogAppender: appendEntries Timeout, request=s2->s0#654-t12, previous=(t:12, i:595), leaderCommit=593, initializing? false, entries: <empty>
2019-09-24 17:34:21,762 WARN  server.GrpcLogAppender (GrpcLogAppender.java:timeoutAppendRequest(200)) - s2@group-ED203BE14A97->s0-GrpcLogAppender: appendEntries Timeout, request=s2->s0#655-t12, previous=(t:12, i:595), leaderCommit=593, initializing? false, entries: <empty>
2019-09-24 17:34:21,762 WARN  server.GrpcLogAppender (GrpcLogAppender.java:timeoutAppendRequest(200)) - s2@group-ED203BE14A97->s1-GrpcLogAppender: appendEntries Timeout, request=s2->s1#655-t12, previous=(t:12, i:595), leaderCommit=593, initializing? false, entries: <empty>
2019-09-24 17:34:21,837 WARN  server.GrpcLogAppender (GrpcLogAppender.java:timeoutAppendRequest(200)) - s2@group-ED203BE14A97->s1-GrpcLogAppender: appendEntries Timeout, request=s2->s1#656-t12, previous=(t:12, i:595), leaderCommit=593, initializing? false, entries: <empty>
2019-09-24 17:34:21,837 WARN  server.GrpcLogAppender (GrpcLogAppender.java:timeoutAppendRequest(200)) - s2@group-ED203BE14A97->s0-GrpcLogAppender: appendEntries Timeout, request=s2->s0#656-t12, previous=(t:12, i:595), leaderCommit=593, initializing? false, entries: <empty>
2019-09-24 17:34:21,912 WARN  server.GrpcLogAppender (GrpcLogAppender.java:timeoutAppendRequest(200)) - s2@group-ED203BE14A97->s0-GrpcLogAppender: appendEntries Timeout, request=s2->s0#657-t12, previous=(t:12, i:595), leaderCommit=593, initializing? false, entries: <empty>
2019-09-24 17:34:21,912 WARN  server.GrpcLogAppender (GrpcLogAppender.java:timeoutAppendRequest(200)) - s2@group-ED203BE14A97->s1-GrpcLogAppender: appendEntries Timeout, request=s2->s1#657-t12, previous=(t:12, i:595), leaderCommit=593, initializing? false, entries: <empty>
2019-09-24 17:34:21,987 WARN  server.GrpcLogAppender (GrpcLogAppender.java:timeoutAppendRequest(200)) - s2@group-ED203BE14A97->s0-GrpcLogAppender: appendEntries Timeout, request=s2->s0#658-t12, previous=(t:12, i:595), leaderCommit=593, initializing? false, entries: <empty>
2019-09-24 17:34:21,988 WARN  server.GrpcLogAppender (GrpcLogAppender.java:timeoutAppendRequest(200)) - s2@group-ED203BE14A97->s1-GrpcLogAppender: appendEntries Timeout, request=s2->s1#658-t12, previous=(t:12, i:595), leaderCommit=593, initializing? false, entries: <empty>
2019-09-24 17:34:22,063 WARN  server.GrpcLogAppender (GrpcLogAppender.java:timeoutAppendRequest(200)) - s2@group-ED203BE14A97->s1-GrpcLogAppender: appendEntries Timeout, request=s2->s1#659-t12, previous=(t:12, i:595), leaderCommit=593, initializing? false, entries: <empty>
2019-09-24 17:34:22,063 WARN  server.GrpcLogAppender (GrpcLogAppender.java:timeoutAppendRequest(200)) - s2@group-ED203BE14A97->s0-GrpcLogAppender: appendEntries Timeout, request=s2->s0#659-t12, previous=(t:12, i:595), leaderCommit=593, initializing? false, entries: <empty>
2019-09-24 17:34:22,138 WARN  server.GrpcLogAppender (GrpcLogAppender.java:timeoutAppendRequest(200)) - s2@group-ED203BE14A97->s1-GrpcLogAppender: appendEntries Timeout, request=s2->s1#660-t12, previous=(t:12, i:595), leaderCommit=593, initializing? false, entries: <empty>
2019-09-24 17:34:22,138 WARN  server.GrpcLogAppender (GrpcLogAppender.java:timeoutAppendRequest(200)) - s2@group-ED203BE14A97->s0-GrpcLogAppender: appendEntries Timeout, request=s2->s0#660-t12, previous=(t:12, i:595), leaderCommit=593, initializing? false, entries: <empty>
2019-09-24 17:34:22,213 WARN  server.GrpcLogAppender (GrpcLogAppender.java:timeoutAppendRequest(200)) - s2@group-ED203BE14A97->s1-GrpcLogAppender: appendEntries Timeout, request=s2->s1#661-t12, previous=(t:12, i:595), leaderCommit=593, initializing? false, entries: <empty>
2019-09-24 17:34:22,213 WARN  server.GrpcLogAppender (GrpcLogAppender.java:timeoutAppendRequest(200)) - s2@group-ED203BE14A97->s0-GrpcLogAppender: appendEntries Timeout, request=s2->s0#661-t12, previous=(t:12, i:595), leaderCommit=593, initializing? false, entries: <empty>
2019-09-24 17:34:22,288 WARN  server.GrpcLogAppender (GrpcLogAppender.java:timeoutAppendRequest(200)) - s2@group-ED203BE14A97->s1-GrpcLogAppender: appendEntries Timeout, request=s2->s1#662-t12, previous=(t:12, i:595), leaderCommit=593, initializing? false, entries: <empty>
2019-09-24 17:34:22,288 WARN  server.GrpcLogAppender (GrpcLogAppender.java:timeoutAppendRequest(200)) - s2@group-ED203BE14A97->s0-GrpcLogAppender: appendEntries Timeout, request=s2->s0#662-t12, previous=(t:12, i:595), leaderCommit=593, initializing? false, entries: <empty>
2019-09-24 17:34:22,364 WARN  server.GrpcLogAppender (GrpcLogAppender.java:timeoutAppendRequest(200)) - s2@group-ED203BE14A97->s1-GrpcLogAppender: appendEntries Timeout, request=s2->s1#663-t12, previous=(t:12, i:595), leaderCommit=593, initializing? false, entries: <empty>
2019-09-24 17:34:22,364 WARN  server.GrpcLogAppender (GrpcLogAppender.java:timeoutAppendRequest(200)) - s2@group-ED203BE14A97->s0-GrpcLogAppender: appendEntries Timeout, request=s2->s0#663-t12, previous=(t:12, i:595), leaderCommit=593, initializing? false, entries: <empty>
2019-09-24 17:34:22,439 WARN  server.GrpcLogAppender (GrpcLogAppender.java:timeoutAppendRequest(200)) - s2@group-ED203BE14A97->s1-GrpcLogAppender: appendEntries Timeout, request=s2->s1#664-t12, previous=(t:12, i:595), leaderCommit=593, initializing? false, entries: <empty>
2019-09-24 17:34:22,439 WARN  server.GrpcLogAppender (GrpcLogAppender.java:timeoutAppendRequest(200)) - s2@group-ED203BE14A97->s0-GrpcLogAppender: appendEntries Timeout, request=s2->s0#664-t12, previous=(t:12, i:595), leaderCommit=593, initializing? false, entries: <empty>
2019-09-24 17:34:22,514 WARN  server.GrpcLogAppender (GrpcLogAppender.java:timeoutAppendRequest(200)) - s2@group-ED203BE14A97->s1-GrpcLogAppender: appendEntries Timeout, request=s2->s1#665-t12, previous=(t:12, i:595), leaderCommit=593, initializing? false, entries: <empty>
2019-09-24 17:34:22,514 WARN  server.GrpcLogAppender (GrpcLogAppender.java:timeoutAppendRequest(200)) - s2@group-ED203BE14A97->s0-GrpcLogAppender: appendEntries Timeout, request=s2->s0#665-t12, previous=(t:12, i:595), leaderCommit=593, initializing? false, entries: <empty>
2019-09-24 17:34:22,589 WARN  server.GrpcLogAppender (GrpcLogAppender.java:timeoutAppendRequest(200)) - s2@group-ED203BE14A97->s1-GrpcLogAppender: appendEntries Timeout, request=s2->s1#666-t12, previous=(t:12, i:595), leaderCommit=593, initializing? false, entries: <empty>
2019-09-24 17:34:22,589 WARN  server.GrpcLogAppender (GrpcLogAppender.java:timeoutAppendRequest(200)) - s2@group-ED203BE14A97->s0-GrpcLogAppender: appendEntries Timeout, request=s2->s0#666-t12, previous=(t:12, i:595), leaderCommit=593, initializing? false, entries: <empty>
2019-09-24 17:34:22,664 WARN  server.GrpcLogAppender (GrpcLogAppender.java:timeoutAppendRequest(200)) - s2@group-ED203BE14A97->s1-GrpcLogAppender: appendEntries Timeout, request=s2->s1#667-t12, previous=(t:12, i:595), leaderCommit=593, initializing? false, entries: <empty>
2019-09-24 17:34:22,664 WARN  server.GrpcLogAppender (GrpcLogAppender.java:timeoutAppendRequest(200)) - s2@group-ED203BE14A97->s0-GrpcLogAppender: appendEntries Timeout, request=s2->s0#667-t12, previous=(t:12, i:595), leaderCommit=593, initializing? false, entries: <empty>
2019-09-24 17:34:22,740 WARN  server.GrpcLogAppender (GrpcLogAppender.java:timeoutAppendRequest(200)) - s2@group-ED203BE14A97->s1-GrpcLogAppender: appendEntries Timeout, request=s2->s1#668-t12, previous=(t:12, i:595), leaderCommit=593, initializing? false, entries: <empty>
2019-09-24 17:34:22,740 WARN  server.GrpcLogAppender (GrpcLogAppender.java:timeoutAppendRequest(200)) - s2@group-ED203BE14A97->s0-GrpcLogAppender: appendEntries Timeout, request=s2->s0#668-t12, previous=(t:12, i:595), leaderCommit=593, initializing? false, entries: <empty>
2019-09-24 17:34:22,815 WARN  server.GrpcLogAppender (GrpcLogAppender.java:timeoutAppendRequest(200)) - s2@group-ED203BE14A97->s1-GrpcLogAppender: appendEntries Timeout, request=s2->s1#669-t12, previous=(t:12, i:595), leaderCommit=593, initializing? false, entries: <empty>
2019-09-24 17:34:22,815 WARN  server.GrpcLogAppender (GrpcLogAppender.java:timeoutAppendRequest(200)) - s2@group-ED203BE14A97->s0-GrpcLogAppender: appendEntries Timeout, request=s2->s0#669-t12, previous=(t:12, i:595), leaderCommit=593, initializing? false, entries: <empty>
2019-09-24 17:34:22,890 WARN  server.GrpcLogAppender (GrpcLogAppender.java:timeoutAppendRequest(200)) - s2@group-ED203BE14A97->s0-GrpcLogAppender: appendEntries Timeout, request=s2->s0#670-t12, previous=(t:12, i:595), leaderCommit=593, initializing? false, entries: <empty>
2019-09-24 17:34:22,890 WARN  server.GrpcLogAppender (GrpcLogAppender.java:timeoutAppendRequest(200)) - s2@group-ED203BE14A97->s1-GrpcLogAppender: appendEntries Timeout, request=s2->s1#670-t12, previous=(t:12, i:595), leaderCommit=593, initializing? false, entries: <empty>
2019-09-24 17:34:22,966 WARN  server.GrpcLogAppender (GrpcLogAppender.java:timeoutAppendRequest(200)) - s2@group-ED203BE14A97->s1-GrpcLogAppender: appendEntries Timeout, request=s2->s1#671-t12, previous=(t:12, i:595), leaderCommit=593, initializing? false, entries: <empty>
2019-09-24 17:34:22,966 WARN  server.GrpcLogAppender (GrpcLogAppender.java:timeoutAppendRequest(200)) - s2@group-ED203BE14A97->s0-GrpcLogAppender: appendEntries Timeout, request=s2->s0#671-t12, previous=(t:12, i:595), leaderCommit=593, initializing? false, entries: <empty>
2019-09-24 17:34:23,041 WARN  server.GrpcLogAppender (GrpcLogAppender.java:timeoutAppendRequest(200)) - s2@group-ED203BE14A97->s0-GrpcLogAppender: appendEntries Timeout, request=s2->s0#672-t12, previous=(t:12, i:595), leaderCommit=593, initializing? false, entries: <empty>
2019-09-24 17:34:23,041 WARN  server.GrpcLogAppender (GrpcLogAppender.java:timeoutAppendRequest(200)) - s2@group-ED203BE14A97->s1-GrpcLogAppender: appendEntries Timeout, request=s2->s1#672-t12, previous=(t:12, i:595), leaderCommit=593, initializing? false, entries: <empty>
2019-09-24 17:34:23,116 WARN  server.GrpcLogAppender (GrpcLogAppender.java:timeoutAppendRequest(200)) - s2@group-ED203BE14A97->s0-GrpcLogAppender: appendEntries Timeout, request=s2->s0#673-t12, previous=(t:12, i:595), leaderCommit=593, initializing? false, entries: <empty>
2019-09-24 17:34:23,116 WARN  server.GrpcLogAppender (GrpcLogAppender.java:timeoutAppendRequest(200)) - s2@group-ED203BE14A97->s1-GrpcLogAppender: appendEntries Timeout, request=s2->s1#673-t12, previous=(t:12, i:595), leaderCommit=593, initializing? false, entries: <empty>
2019-09-24 17:34:23,191 WARN  server.GrpcLogAppender (GrpcLogAppender.java:timeoutAppendRequest(200)) - s2@group-ED203BE14A97->s0-GrpcLogAppender: appendEntries Timeout, request=s2->s0#674-t12, previous=(t:12, i:595), leaderCommit=593, initializing? false, entries: <empty>
2019-09-24 17:34:23,191 WARN  server.GrpcLogAppender (GrpcLogAppender.java:timeoutAppendRequest(200)) - s2@group-ED203BE14A97->s1-GrpcLogAppender: appendEntries Timeout, request=s2->s1#674-t12, previous=(t:12, i:595), leaderCommit=593, initializing? false, entries: <empty>
2019-09-24 17:34:23,266 WARN  server.GrpcLogAppender (GrpcLogAppender.java:timeoutAppendRequest(200)) - s2@group-ED203BE14A97->s1-GrpcLogAppender: appendEntries Timeout, request=s2->s1#675-t12, previous=(t:12, i:595), leaderCommit=593, initializing? false, entries: <empty>
2019-09-24 17:34:23,266 WARN  server.GrpcLogAppender (GrpcLogAppender.java:timeoutAppendRequest(200)) - s2@group-ED203BE14A97->s0-GrpcLogAppender: appendEntries Timeout, request=s2->s0#675-t12, previous=(t:12, i:595), leaderCommit=593, initializing? false, entries: <empty>
2019-09-24 17:34:23,342 WARN  server.GrpcLogAppender (GrpcLogAppender.java:timeoutAppendRequest(200)) - s2@group-ED203BE14A97->s0-GrpcLogAppender: appendEntries Timeout, request=s2->s0#676-t12, previous=(t:12, i:595), leaderCommit=593, initializing? false, entries: <empty>
2019-09-24 17:34:23,342 WARN  server.GrpcLogAppender (GrpcLogAppender.java:timeoutAppendRequest(200)) - s2@group-ED203BE14A97->s1-GrpcLogAppender: appendEntries Timeout, request=s2->s1#676-t12, previous=(t:12, i:595), leaderCommit=593, initializing? false, entries: <empty>
2019-09-24 17:34:23,417 WARN  server.GrpcLogAppender (GrpcLogAppender.java:timeoutAppendRequest(200)) - s2@group-ED203BE14A97->s0-GrpcLogAppender: appendEntries Timeout, request=s2->s0#677-t12, previous=(t:12, i:595), leaderCommit=593, initializing? false, entries: <empty>
2019-09-24 17:34:23,417 WARN  server.GrpcLogAppender (GrpcLogAppender.java:timeoutAppendRequest(200)) - s2@group-ED203BE14A97->s1-GrpcLogAppender: appendEntries Timeout, request=s2->s1#677-t12, previous=(t:12, i:595), leaderCommit=593, initializing? false, entries: <empty>
2019-09-24 17:34:23,492 WARN  server.GrpcLogAppender (GrpcLogAppender.java:timeoutAppendRequest(200)) - s2@group-ED203BE14A97->s0-GrpcLogAppender: appendEntries Timeout, request=s2->s0#678-t12, previous=(t:12, i:595), leaderCommit=593, initializing? false, entries: <empty>
2019-09-24 17:34:23,492 WARN  server.GrpcLogAppender (GrpcLogAppender.java:timeoutAppendRequest(200)) - s2@group-ED203BE14A97->s1-GrpcLogAppender: appendEntries Timeout, request=s2->s1#678-t12, previous=(t:12, i:595), leaderCommit=593, initializing? false, entries: <empty>
2019-09-24 17:34:23,618 WARN  server.GrpcLogAppender (GrpcLogAppender.java:timeoutAppendRequest(200)) - s2@group-ED203BE14A97->s0-GrpcLogAppender: appendEntries Timeout, request=s2->s0#679-t12, previous=(t:12, i:595), leaderCommit=593, initializing? false, entries: <empty>
2019-09-24 17:34:23,618 WARN  server.GrpcLogAppender (GrpcLogAppender.java:timeoutAppendRequest(200)) - s2@group-ED203BE14A97->s1-GrpcLogAppender: appendEntries Timeout, request=s2->s1#679-t12, previous=(t:12, i:595), leaderCommit=593, initializing? false, entries: <empty>
2019-09-24 17:34:23,693 WARN  server.GrpcLogAppender (GrpcLogAppender.java:timeoutAppendRequest(200)) - s2@group-ED203BE14A97->s1-GrpcLogAppender: appendEntries Timeout, request=s2->s1#680-t12, previous=(t:12, i:595), leaderCommit=593, initializing? false, entries: <empty>
2019-09-24 17:34:23,693 WARN  server.GrpcLogAppender (GrpcLogAppender.java:timeoutAppendRequest(200)) - s2@group-ED203BE14A97->s0-GrpcLogAppender: appendEntries Timeout, request=s2->s0#680-t12, previous=(t:12, i:595), leaderCommit=593, initializing? false, entries: <empty>
2019-09-24 17:34:23,768 WARN  server.GrpcLogAppender (GrpcLogAppender.java:timeoutAppendRequest(200)) - s2@group-ED203BE14A97->s0-GrpcLogAppender: appendEntries Timeout, request=s2->s0#681-t12, previous=(t:12, i:595), leaderCommit=593, initializing? false, entries: <empty>
2019-09-24 17:34:23,768 WARN  server.GrpcLogAppender (GrpcLogAppender.java:timeoutAppendRequest(200)) - s2@group-ED203BE14A97->s1-GrpcLogAppender: appendEntries Timeout, request=s2->s1#681-t12, previous=(t:12, i:595), leaderCommit=593, initializing? false, entries: <empty>
2019-09-24 17:34:23,812 INFO  ratis.MiniRaftCluster (MiniRaftCluster.java:lambda$null$5(297)) - TIMED-PRINT: printing ALL groups
  s0:  RUNNING  FOLLOWER s0@group-ED203BE14A97:t12, leader=s2, voted=s2, raftlog=s0@group-ED203BE14A97-SegmentedRaftLog:OPENED:c593,f594,i595, conf=0: [s0:0.0.0.0:42001, s1:0.0.0.0:43636, s2:0.0.0.0:41913], old=null RUNNING
  s1:  RUNNING  FOLLOWER s1@group-ED203BE14A97:t12, leader=s2, voted=s1, raftlog=s1@group-ED203BE14A97-SegmentedRaftLog:OPENED:c593,f594,i595, conf=0: [s0:0.0.0.0:42001, s1:0.0.0.0:43636, s2:0.0.0.0:41913], old=null RUNNING
  s2:  RUNNING    LEADER s2@group-ED203BE14A97:t12, leader=s2, voted=s2, raftlog=s2@group-ED203BE14A97-SegmentedRaftLog:OPENED:c593,f594,i595, conf=0: [s0:0.0.0.0:42001, s1:0.0.0.0:43636, s2:0.0.0.0:41913], old=null RUNNING
2019-09-24 17:34:23,843 WARN  server.GrpcLogAppender (GrpcLogAppender.java:timeoutAppendRequest(200)) - s2@group-ED203BE14A97->s1-GrpcLogAppender: appendEntries Timeout, request=s2->s1#682-t12, previous=(t:12, i:595), leaderCommit=593, initializing? false, entries: <empty>
2019-09-24 17:34:23,843 WARN  server.GrpcLogAppender (GrpcLogAppender.java:timeoutAppendRequest(200)) - s2@group-ED203BE14A97->s0-GrpcLogAppender: appendEntries Timeout, request=s2->s0#682-t12, previous=(t:12, i:595), leaderCommit=593, initializing? false, entries: <empty>
2019-09-24 17:34:23,919 WARN  server.GrpcLogAppender (GrpcLogAppender.java:timeoutAppendRequest(200)) - s2@group-ED203BE14A97->s1-GrpcLogAppender: appendEntries Timeout, request=s2->s1#683-t12, previous=(t:12, i:595), leaderCommit=593, initializing? false, entries: <empty>
2019-09-24 17:34:23,919 WARN  server.GrpcLogAppender (GrpcLogAppender.java:timeoutAppendRequest(200)) - s2@group-ED203BE14A97->s0-GrpcLogAppender: appendEntries Timeout, request=s2->s0#683-t12, previous=(t:12, i:595), leaderCommit=593, initializing? false, entries: <empty>
2019-09-24 17:34:23,994 WARN  server.GrpcLogAppender (GrpcLogAppender.java:timeoutAppendRequest(200)) - s2@group-ED203BE14A97->s1-GrpcLogAppender: appendEntries Timeout, request=s2->s1#684-t12, previous=(t:12, i:595), leaderCommit=593, initializing? false, entries: <empty>
2019-09-24 17:34:23,994 WARN  server.GrpcLogAppender (GrpcLogAppender.java:timeoutAppendRequest(200)) - s2@group-ED203BE14A97->s0-GrpcLogAppender: appendEntries Timeout, request=s2->s0#684-t12, previous=(t:12, i:595), leaderCommit=593, initializing? false, entries: <empty>
2019-09-24 17:34:24,069 WARN  server.GrpcLogAppender (GrpcLogAppender.java:timeoutAppendRequest(200)) - s2@group-ED203BE14A97->s1-GrpcLogAppender: appendEntries Timeout, request=s2->s1#685-t12, previous=(t:12, i:595), leaderCommit=593, initializing? false, entries: <empty>
2019-09-24 17:34:24,069 WARN  server.GrpcLogAppender (GrpcLogAppender.java:timeoutAppendRequest(200)) - s2@group-ED203BE14A97->s0-GrpcLogAppender: appendEntries Timeout, request=s2->s0#685-t12, previous=(t:12, i:595), leaderCommit=593, initializing? false, entries: <empty>
2019-09-24 17:34:24,145 WARN  server.GrpcLogAppender (GrpcLogAppender.java:timeoutAppendRequest(200)) - s2@group-ED203BE14A97->s0-GrpcLogAppender: appendEntries Timeout, request=s2->s0#686-t12, previous=(t:12, i:595), leaderCommit=593, initializing? false, entries: <empty>
2019-09-24 17:34:24,145 WARN  server.GrpcLogAppender (GrpcLogAppender.java:timeoutAppendRequest(200)) - s2@group-ED203BE14A97->s1-GrpcLogAppender: appendEntries Timeout, request=s2->s1#686-t12, previous=(t:12, i:595), leaderCommit=593, initializing? false, entries: <empty>
2019-09-24 17:34:24,203 WARN  server.GrpcLogAppender (GrpcLogAppender.java:onNextImpl(251)) - s2@group-ED203BE14A97->s0-AppendLogResponseHandler: Request not found, ignoring reply: s2<-s0#609:OK,SUCCESS,nextIndex:596,term:12,followerCommit:593
2019-09-24 17:34:24,203 WARN  server.GrpcLogAppender (GrpcLogAppender.java:onNextImpl(251)) - s2@group-ED203BE14A97->s0-AppendLogResponseHandler: Request not found, ignoring reply: s2<-s0#610:OK,SUCCESS,nextIndex:596,term:12,followerCommit:593
2019-09-24 17:34:24,203 WARN  server.GrpcLogAppender (GrpcLogAppender.java:onNextImpl(251)) - s2@group-ED203BE14A97->s0-AppendLogResponseHandler: Request not found, ignoring reply: s2<-s0#611:OK,SUCCESS,nextIndex:596,term:12,followerCommit:593
2019-09-24 17:34:24,203 WARN  server.GrpcLogAppender (GrpcLogAppender.java:onNextImpl(251)) - s2@group-ED203BE14A97->s0-AppendLogResponseHandler: Request not found, ignoring reply: s2<-s0#612:OK,SUCCESS,nextIndex:596,term:12,followerCommit:593
2019-09-24 17:34:24,204 WARN  server.GrpcLogAppender (GrpcLogAppender.java:onNextImpl(251)) - s2@group-ED203BE14A97->s0-AppendLogResponseHandler: Request not found, ignoring reply: s2<-s0#613:OK,SUCCESS,nextIndex:596,term:12,followerCommit:593
2019-09-24 17:34:24,204 WARN  server.GrpcLogAppender (GrpcLogAppender.java:onNextImpl(251)) - s2@group-ED203BE14A97->s0-AppendLogResponseHandler: Request not found, ignoring reply: s2<-s0#614:OK,SUCCESS,nextIndex:596,term:12,followerCommit:593
2019-09-24 17:34:24,204 WARN  server.GrpcLogAppender (GrpcLogAppender.java:onNextImpl(251)) - s2@group-ED203BE14A97->s0-AppendLogResponseHandler: Request not found, ignoring reply: s2<-s0#615:OK,SUCCESS,nextIndex:596,term:12,followerCommit:593
2019-09-24 17:34:24,204 WARN  server.GrpcLogAppender (GrpcLogAppender.java:onNextImpl(251)) - s2@group-ED203BE14A97->s0-AppendLogResponseHandler: Request not found, ignoring reply: s2<-s0#616:OK,SUCCESS,nextIndex:596,term:12,followerCommit:593
2019-09-24 17:34:24,204 WARN  server.GrpcLogAppender (GrpcLogAppender.java:onNextImpl(251)) - s2@group-ED203BE14A97->s0-AppendLogResponseHandler: Request not found, ignoring reply: s2<-s0#617:OK,SUCCESS,nextIndex:596,term:12,followerCommit:593
2019-09-24 17:34:24,205 WARN  server.GrpcLogAppender (GrpcLogAppender.java:onNextImpl(251)) - s2@group-ED203BE14A97->s0-AppendLogResponseHandler: Request not found, ignoring reply: s2<-s0#618:OK,SUCCESS,nextIndex:596,term:12,followerCommit:593
2019-09-24 17:34:24,205 WARN  server.GrpcLogAppender (GrpcLogAppender.java:onNextImpl(251)) - s2@group-ED203BE14A97->s0-AppendLogResponseHandler: Request not found, ignoring reply: s2<-s0#619:OK,SUCCESS,nextIndex:596,term:12,followerCommit:593
2019-09-24 17:34:24,205 WARN  server.GrpcLogAppender (GrpcLogAppender.java:onNextImpl(251)) - s2@group-ED203BE14A97->s0-AppendLogResponseHandler: Request not found, ignoring reply: s2<-s0#620:OK,SUCCESS,nextIndex:596,term:12,followerCommit:593
2019-09-24 17:34:24,205 WARN  server.GrpcLogAppender (GrpcLogAppender.java:onNextImpl(251)) - s2@group-ED203BE14A97->s0-AppendLogResponseHandler: Request not found, ignoring reply: s2<-s0#621:OK,SUCCESS,nextIndex:596,term:12,followerCommit:593
2019-09-24 17:34:24,205 WARN  server.GrpcLogAppender (GrpcLogAppender.java:onNextImpl(251)) - s2@group-ED203BE14A97->s0-AppendLogResponseHandler: Request not found, ignoring reply: s2<-s0#622:OK,SUCCESS,nextIndex:596,term:12,followerCommit:593
2019-09-24 17:34:24,206 WARN  server.GrpcLogAppender (GrpcLogAppender.java:onNextImpl(251)) - s2@group-ED203BE14A97->s0-AppendLogResponseHandler: Request not found, ignoring reply: s2<-s0#623:OK,SUCCESS,nextIndex:596,term:12,followerCommit:593
2019-09-24 17:34:24,206 WARN  server.GrpcLogAppender (GrpcLogAppender.java:onNextImpl(251)) - s2@group-ED203BE14A97->s0-AppendLogResponseHandler: Request not found, ignoring reply: s2<-s0#624:OK,SUCCESS,nextIndex:596,term:12,followerCommit:593
2019-09-24 17:34:24,206 WARN  server.GrpcLogAppender (GrpcLogAppender.java:onNextImpl(251)) - s2@group-ED203BE14A97->s0-AppendLogResponseHandler: Request not found, ignoring reply: s2<-s0#625:OK,SUCCESS,nextIndex:596,term:12,followerCommit:593
2019-09-24 17:34:24,206 WARN  server.GrpcLogAppender (GrpcLogAppender.java:onNextImpl(251)) - s2@group-ED203BE14A97->s0-AppendLogResponseHandler: Request not found, ignoring reply: s2<-s0#626:OK,SUCCESS,nextIndex:596,term:12,followerCommit:593
2019-09-24 17:34:24,206 WARN  server.GrpcLogAppender (GrpcLogAppender.java:onNextImpl(251)) - s2@group-ED203BE14A97->s0-AppendLogResponseHandler: Request not found, ignoring reply: s2<-s0#627:OK,SUCCESS,nextIndex:596,term:12,followerCommit:593
2019-09-24 17:34:24,207 WARN  server.GrpcLogAppender (GrpcLogAppender.java:onNextImpl(251)) - s2@group-ED203BE14A97->s0-AppendLogResponseHandler: Request not found, ignoring reply: s2<-s0#628:OK,SUCCESS,nextIndex:596,term:12,followerCommit:593
2019-09-24 17:34:24,207 WARN  server.GrpcLogAppender (GrpcLogAppender.java:onNextImpl(251)) - s2@group-ED203BE14A97->s0-AppendLogResponseHandler: Request not found, ignoring reply: s2<-s0#629:OK,SUCCESS,nextIndex:596,term:12,followerCommit:593
2019-09-24 17:34:24,207 WARN  server.GrpcLogAppender (GrpcLogAppender.java:onNextImpl(251)) - s2@group-ED203BE14A97->s0-AppendLogResponseHandler: Request not found, ignoring reply: s2<-s0#630:OK,SUCCESS,nextIndex:596,term:12,followerCommit:593
2019-09-24 17:34:24,207 WARN  server.GrpcLogAppender (GrpcLogAppender.java:onNextImpl(251)) - s2@group-ED203BE14A97->s0-AppendLogResponseHandler: Request not found, ignoring reply: s2<-s0#631:OK,SUCCESS,nextIndex:596,term:12,followerCommit:593
2019-09-24 17:34:24,208 WARN  server.GrpcLogAppender (GrpcLogAppender.java:onNextImpl(251)) - s2@group-ED203BE14A97->s0-AppendLogResponseHandler: Request not found, ignoring reply: s2<-s0#632:OK,SUCCESS,nextIndex:596,term:12,followerCommit:593
2019-09-24 17:34:24,208 WARN  server.GrpcLogAppender (GrpcLogAppender.java:onNextImpl(251)) - s2@group-ED203BE14A97->s0-AppendLogResponseHandler: Request not found, ignoring reply: s2<-s0#633:OK,SUCCESS,nextIndex:596,term:12,followerCommit:593
2019-09-24 17:34:24,208 WARN  server.GrpcLogAppender (GrpcLogAppender.java:onNextImpl(251)) - s2@group-ED203BE14A97->s0-AppendLogResponseHandler: Request not found, ignoring reply: s2<-s0#634:OK,SUCCESS,nextIndex:596,term:12,followerCommit:593
2019-09-24 17:34:24,209 WARN  server.GrpcLogAppender (GrpcLogAppender.java:onNextImpl(251)) - s2@group-ED203BE14A97->s0-AppendLogResponseHandler: Request not found, ignoring reply: s2<-s0#635:OK,SUCCESS,nextIndex:596,term:12,followerCommit:593
2019-09-24 17:34:24,209 WARN  server.GrpcLogAppender (GrpcLogAppender.java:onNextImpl(251)) - s2@group-ED203BE14A97->s0-AppendLogResponseHandler: Request not found, ignoring reply: s2<-s0#636:OK,SUCCESS,nextIndex:596,term:12,followerCommit:593
2019-09-24 17:34:24,210 WARN  server.GrpcLogAppender (GrpcLogAppender.java:onNextImpl(251)) - s2@group-ED203BE14A97->s0-AppendLogResponseHandler: Request not found, ignoring reply: s2<-s0#637:OK,SUCCESS,nextIndex:596,term:12,followerCommit:593
2019-09-24 17:34:24,210 WARN  server.GrpcLogAppender (GrpcLogAppender.java:onNextImpl(251)) - s2@group-ED203BE14A97->s1-AppendLogResponseHandler: Request not found, ignoring reply: s2<-s1#609:OK,SUCCESS,nextIndex:596,term:12,followerCommit:593
2019-09-24 17:34:24,210 WARN  server.GrpcLogAppender (GrpcLogAppender.java:onNextImpl(251)) - s2@group-ED203BE14A97->s0-AppendLogResponseHandler: Request not found, ignoring reply: s2<-s0#638:OK,SUCCESS,nextIndex:596,term:12,followerCommit:593
2019-09-24 17:34:24,210 WARN  server.GrpcLogAppender (GrpcLogAppender.java:onNextImpl(251)) - s2@group-ED203BE14A97->s1-AppendLogResponseHandler: Request not found, ignoring reply: s2<-s1#610:OK,SUCCESS,nextIndex:596,term:12,followerCommit:593
2019-09-24 17:34:24,210 WARN  server.GrpcLogAppender (GrpcLogAppender.java:onNextImpl(251)) - s2@group-ED203BE14A97->s0-AppendLogResponseHandler: Request not found, ignoring reply: s2<-s0#639:OK,SUCCESS,nextIndex:596,term:12,followerCommit:593
2019-09-24 17:34:24,210 WARN  server.GrpcLogAppender (GrpcLogAppender.java:onNextImpl(251)) - s2@group-ED203BE14A97->s1-AppendLogResponseHandler: Request not found, ignoring reply: s2<-s1#611:OK,SUCCESS,nextIndex:596,term:12,followerCommit:593
2019-09-24 17:34:24,211 WARN  server.GrpcLogAppender (GrpcLogAppender.java:onNextImpl(251)) - s2@group-ED203BE14A97->s0-AppendLogResponseHandler: Request not found, ignoring reply: s2<-s0#640:OK,SUCCESS,nextIndex:596,term:12,followerCommit:593
2019-09-24 17:34:24,211 WARN  server.GrpcLogAppender (GrpcLogAppender.java:onNextImpl(251)) - s2@group-ED203BE14A97->s1-AppendLogResponseHandler: Request not found, ignoring reply: s2<-s1#612:OK,SUCCESS,nextIndex:596,term:12,followerCommit:593
2019-09-24 17:34:24,211 WARN  server.GrpcLogAppender (GrpcLogAppender.java:onNextImpl(251)) - s2@group-ED203BE14A97->s0-AppendLogResponseHandler: Request not found, ignoring reply: s2<-s0#641:OK,SUCCESS,nextIndex:596,term:12,followerCommit:593
2019-09-24 17:34:24,211 WARN  server.GrpcLogAppender (GrpcLogAppender.java:onNextImpl(251)) - s2@group-ED203BE14A97->s1-AppendLogResponseHandler: Request not found, ignoring reply: s2<-s1#613:OK,SUCCESS,nextIndex:596,term:12,followerCommit:593
2019-09-24 17:34:24,211 WARN  server.GrpcLogAppender (GrpcLogAppender.java:onNextImpl(251)) - s2@group-ED203BE14A97->s0-AppendLogResponseHandler: Request not found, ignoring reply: s2<-s0#642:OK,SUCCESS,nextIndex:596,term:12,followerCommit:593
2019-09-24 17:34:24,211 WARN  server.GrpcLogAppender (GrpcLogAppender.java:onNextImpl(251)) - s2@group-ED203BE14A97->s1-AppendLogResponseHandler: Request not found, ignoring reply: s2<-s1#614:OK,SUCCESS,nextIndex:596,term:12,followerCommit:593
2019-09-24 17:34:24,211 WARN  server.GrpcLogAppender (GrpcLogAppender.java:onNextImpl(251)) - s2@group-ED203BE14A97->s0-AppendLogResponseHandler: Request not found, ignoring reply: s2<-s0#643:OK,SUCCESS,nextIndex:596,term:12,followerCommit:593
2019-09-24 17:34:24,212 WARN  server.GrpcLogAppender (GrpcLogAppender.java:onNextImpl(251)) - s2@group-ED203BE14A97->s1-AppendLogResponseHandler: Request not found, ignoring reply: s2<-s1#615:OK,SUCCESS,nextIndex:596,term:12,followerCommit:593
2019-09-24 17:34:24,212 WARN  server.GrpcLogAppender (GrpcLogAppender.java:onNextImpl(251)) - s2@group-ED203BE14A97->s0-AppendLogResponseHandler: Request not found, ignoring reply: s2<-s0#644:OK,SUCCESS,nextIndex:596,term:12,followerCommit:593
2019-09-24 17:34:24,212 WARN  server.GrpcLogAppender (GrpcLogAppender.java:onNextImpl(251)) - s2@group-ED203BE14A97->s1-AppendLogResponseHandler: Request not found, ignoring reply: s2<-s1#616:OK,SUCCESS,nextIndex:596,term:12,followerCommit:593
2019-09-24 17:34:24,212 WARN  server.GrpcLogAppender (GrpcLogAppender.java:onNextImpl(251)) - s2@group-ED203BE14A97->s0-AppendLogResponseHandler: Request not found, ignoring reply: s2<-s0#645:OK,SUCCESS,nextIndex:596,term:12,followerCommit:593
2019-09-24 17:34:24,212 WARN  server.GrpcLogAppender (GrpcLogAppender.java:onNextImpl(251)) - s2@group-ED203BE14A97->s1-AppendLogResponseHandler: Request not found, ignoring reply: s2<-s1#617:OK,SUCCESS,nextIndex:596,term:12,followerCommit:593
2019-09-24 17:34:24,212 WARN  server.GrpcLogAppender (GrpcLogAppender.java:onNextImpl(251)) - s2@group-ED203BE14A97->s0-AppendLogResponseHandler: Request not found, ignoring reply: s2<-s0#646:OK,SUCCESS,nextIndex:596,term:12,followerCommit:593
2019-09-24 17:34:24,213 WARN  server.GrpcLogAppender (GrpcLogAppender.java:onNextImpl(251)) - s2@group-ED203BE14A97->s1-AppendLogResponseHandler: Request not found, ignoring reply: s2<-s1#618:OK,SUCCESS,nextIndex:596,term:12,followerCommit:593
2019-09-24 17:34:24,213 WARN  server.GrpcLogAppender (GrpcLogAppender.java:onNextImpl(251)) - s2@group-ED203BE14A97->s0-AppendLogResponseHandler: Request not found, ignoring reply: s2<-s0#647:OK,SUCCESS,nextIndex:596,term:12,followerCommit:593
2019-09-24 17:34:24,213 WARN  server.GrpcLogAppender (GrpcLogAppender.java:onNextImpl(251)) - s2@group-ED203BE14A97->s1-AppendLogResponseHandler: Request not found, ignoring reply: s2<-s1#619:OK,SUCCESS,nextIndex:596,term:12,followerCommit:593
2019-09-24 17:34:24,213 WARN  server.GrpcLogAppender (GrpcLogAppender.java:onNextImpl(251)) - s2@group-ED203BE14A97->s0-AppendLogResponseHandler: Request not found, ignoring reply: s2<-s0#648:OK,SUCCESS,nextIndex:596,term:12,followerCommit:593
2019-09-24 17:34:24,213 WARN  server.GrpcLogAppender (GrpcLogAppender.java:onNextImpl(251)) - s2@group-ED203BE14A97->s1-AppendLogResponseHandler: Request not found, ignoring reply: s2<-s1#620:OK,SUCCESS,nextIndex:596,term:12,followerCommit:593
2019-09-24 17:34:24,213 WARN  server.GrpcLogAppender (GrpcLogAppender.java:onNextImpl(251)) - s2@group-ED203BE14A97->s0-AppendLogResponseHandler: Request not found, ignoring reply: s2<-s0#649:OK,SUCCESS,nextIndex:596,term:12,followerCommit:593
2019-09-24 17:34:24,213 WARN  server.GrpcLogAppender (GrpcLogAppender.java:onNextImpl(251)) - s2@group-ED203BE14A97->s1-AppendLogResponseHandler: Request not found, ignoring reply: s2<-s1#621:OK,SUCCESS,nextIndex:596,term:12,followerCommit:593
2019-09-24 17:34:24,214 WARN  server.GrpcLogAppender (GrpcLogAppender.java:onNextImpl(251)) - s2@group-ED203BE14A97->s0-AppendLogResponseHandler: Request not found, ignoring reply: s2<-s0#650:OK,SUCCESS,nextIndex:596,term:12,followerCommit:593
2019-09-24 17:34:24,214 WARN  server.GrpcLogAppender (GrpcLogAppender.java:onNextImpl(251)) - s2@group-ED203BE14A97->s1-AppendLogResponseHandler: Request not found, ignoring reply: s2<-s1#622:OK,SUCCESS,nextIndex:596,term:12,followerCommit:593
2019-09-24 17:34:24,214 WARN  server.GrpcLogAppender (GrpcLogAppender.java:onNextImpl(251)) - s2@group-ED203BE14A97->s0-AppendLogResponseHandler: Request not found, ignoring reply: s2<-s0#651:OK,SUCCESS,nextIndex:596,term:12,followerCommit:593
2019-09-24 17:34:24,214 WARN  server.GrpcLogAppender (GrpcLogAppender.java:onNextImpl(251)) - s2@group-ED203BE14A97->s1-AppendLogResponseHandler: Request not found, ignoring reply: s2<-s1#623:OK,SUCCESS,nextIndex:596,term:12,followerCommit:593
2019-09-24 17:34:24,214 WARN  server.GrpcLogAppender (GrpcLogAppender.java:onNextImpl(251)) - s2@group-ED203BE14A97->s0-AppendLogResponseHandler: Request not found, ignoring reply: s2<-s0#652:OK,SUCCESS,nextIndex:596,term:12,followerCommit:593
2019-09-24 17:34:24,215 WARN  server.GrpcLogAppender (GrpcLogAppender.java:onNextImpl(251)) - s2@group-ED203BE14A97->s1-AppendLogResponseHandler: Request not found, ignoring reply: s2<-s1#624:OK,SUCCESS,nextIndex:596,term:12,followerCommit:593
2019-09-24 17:34:24,215 WARN  server.GrpcLogAppender (GrpcLogAppender.java:onNextImpl(251)) - s2@group-ED203BE14A97->s0-AppendLogResponseHandler: Request not found, ignoring reply: s2<-s0#653:OK,SUCCESS,nextIndex:596,term:12,followerCommit:593
2019-09-24 17:34:24,215 WARN  server.GrpcLogAppender (GrpcLogAppender.java:onNextImpl(251)) - s2@group-ED203BE14A97->s1-AppendLogResponseHandler: Request not found, ignoring reply: s2<-s1#625:OK,SUCCESS,nextIndex:596,term:12,followerCommit:593
2019-09-24 17:34:24,215 WARN  server.GrpcLogAppender (GrpcLogAppender.java:onNextImpl(251)) - s2@group-ED203BE14A97->s0-AppendLogResponseHandler: Request not found, ignoring reply: s2<-s0#654:OK,SUCCESS,nextIndex:596,term:12,followerCommit:593
2019-09-24 17:34:24,215 WARN  server.GrpcLogAppender (GrpcLogAppender.java:onNextImpl(251)) - s2@group-ED203BE14A97->s1-AppendLogResponseHandler: Request not found, ignoring reply: s2<-s1#626:OK,SUCCESS,nextIndex:596,term:12,followerCommit:593
2019-09-24 17:34:24,215 WARN  server.GrpcLogAppender (GrpcLogAppender.java:onNextImpl(251)) - s2@group-ED203BE14A97->s0-AppendLogResponseHandler: Request not found, ignoring reply: s2<-s0#655:OK,SUCCESS,nextIndex:596,term:12,followerCommit:593
2019-09-24 17:34:24,216 WARN  server.GrpcLogAppender (GrpcLogAppender.java:onNextImpl(251)) - s2@group-ED203BE14A97->s1-AppendLogResponseHandler: Request not found, ignoring reply: s2<-s1#627:OK,SUCCESS,nextIndex:596,term:12,followerCommit:593
2019-09-24 17:34:24,216 WARN  server.GrpcLogAppender (GrpcLogAppender.java:onNextImpl(251)) - s2@group-ED203BE14A97->s0-AppendLogResponseHandler: Request not found, ignoring reply: s2<-s0#656:OK,SUCCESS,nextIndex:596,term:12,followerCommit:593
2019-09-24 17:34:24,216 WARN  server.GrpcLogAppender (GrpcLogAppender.java:onNextImpl(251)) - s2@group-ED203BE14A97->s1-AppendLogResponseHandler: Request not found, ignoring reply: s2<-s1#628:OK,SUCCESS,nextIndex:596,term:12,followerCommit:593
2019-09-24 17:34:24,216 WARN  server.GrpcLogAppender (GrpcLogAppender.java:onNextImpl(251)) - s2@group-ED203BE14A97->s0-AppendLogResponseHandler: Request not found, ignoring reply: s2<-s0#657:OK,SUCCESS,nextIndex:596,term:12,followerCommit:593
2019-09-24 17:34:24,216 WARN  server.GrpcLogAppender (GrpcLogAppender.java:onNextImpl(251)) - s2@group-ED203BE14A97->s1-AppendLogResponseHandler: Request not found, ignoring reply: s2<-s1#629:OK,SUCCESS,nextIndex:596,term:12,followerCommit:593
2019-09-24 17:34:24,216 WARN  server.GrpcLogAppender (GrpcLogAppender.java:onNextImpl(251)) - s2@group-ED203BE14A97->s0-AppendLogResponseHandler: Request not found, ignoring reply: s2<-s0#658:OK,SUCCESS,nextIndex:596,term:12,followerCommit:593
2019-09-24 17:34:24,217 WARN  server.GrpcLogAppender (GrpcLogAppender.java:onNextImpl(251)) - s2@group-ED203BE14A97->s1-AppendLogResponseHandler: Request not found, ignoring reply: s2<-s1#630:OK,SUCCESS,nextIndex:596,term:12,followerCommit:593
2019-09-24 17:34:24,217 WARN  server.GrpcLogAppender (GrpcLogAppender.java:onNextImpl(251)) - s2@group-ED203BE14A97->s0-AppendLogResponseHandler: Request not found, ignoring reply: s2<-s0#659:OK,SUCCESS,nextIndex:596,term:12,followerCommit:593
2019-09-24 17:34:24,217 WARN  server.GrpcLogAppender (GrpcLogAppender.java:onNextImpl(251)) - s2@group-ED203BE14A97->s1-AppendLogResponseHandler: Request not found, ignoring reply: s2<-s1#631:OK,SUCCESS,nextIndex:596,term:12,followerCommit:593
2019-09-24 17:34:24,217 WARN  server.GrpcLogAppender (GrpcLogAppender.java:onNextImpl(251)) - s2@group-ED203BE14A97->s0-AppendLogResponseHandler: Request not found, ignoring reply: s2<-s0#660:OK,SUCCESS,nextIndex:596,term:12,followerCommit:593
2019-09-24 17:34:24,217 WARN  server.GrpcLogAppender (GrpcLogAppender.java:onNextImpl(251)) - s2@group-ED203BE14A97->s1-AppendLogResponseHandler: Request not found, ignoring reply: s2<-s1#632:OK,SUCCESS,nextIndex:596,term:12,followerCommit:593
2019-09-24 17:34:24,217 WARN  server.GrpcLogAppender (GrpcLogAppender.java:onNextImpl(251)) - s2@group-ED203BE14A97->s0-AppendLogResponseHandler: Request not found, ignoring reply: s2<-s0#661:OK,SUCCESS,nextIndex:596,term:12,followerCommit:593
2019-09-24 17:34:24,217 WARN  server.GrpcLogAppender (GrpcLogAppender.java:onNextImpl(251)) - s2@group-ED203BE14A97->s1-AppendLogResponseHandler: Request not found, ignoring reply: s2<-s1#633:OK,SUCCESS,nextIndex:596,term:12,followerCommit:593
2019-09-24 17:34:24,217 WARN  server.GrpcLogAppender (GrpcLogAppender.java:onNextImpl(251)) - s2@group-ED203BE14A97->s0-AppendLogResponseHandler: Request not found, ignoring reply: s2<-s0#662:OK,SUCCESS,nextIndex:596,term:12,followerCommit:593
2019-09-24 17:34:24,218 WARN  server.GrpcLogAppender (GrpcLogAppender.java:onNextImpl(251)) - s2@group-ED203BE14A97->s1-AppendLogResponseHandler: Request not found, ignoring reply: s2<-s1#634:OK,SUCCESS,nextIndex:596,term:12,followerCommit:593
2019-09-24 17:34:24,218 WARN  server.GrpcLogAppender (GrpcLogAppender.java:onNextImpl(251)) - s2@group-ED203BE14A97->s0-AppendLogResponseHandler: Request not found, ignoring reply: s2<-s0#663:OK,SUCCESS,nextIndex:596,term:12,followerCommit:593
2019-09-24 17:34:24,218 WARN  server.GrpcLogAppender (GrpcLogAppender.java:onNextImpl(251)) - s2@group-ED203BE14A97->s1-AppendLogResponseHandler: Request not found, ignoring reply: s2<-s1#635:OK,SUCCESS,nextIndex:596,term:12,followerCommit:593
2019-09-24 17:34:24,218 WARN  server.GrpcLogAppender (GrpcLogAppender.java:onNextImpl(251)) - s2@group-ED203BE14A97->s0-AppendLogResponseHandler: Request not found, ignoring reply: s2<-s0#664:OK,SUCCESS,nextIndex:596,term:12,followerCommit:593
2019-09-24 17:34:24,218 WARN  server.GrpcLogAppender (GrpcLogAppender.java:onNextImpl(251)) - s2@group-ED203BE14A97->s1-AppendLogResponseHandler: Request not found, ignoring reply: s2<-s1#636:OK,SUCCESS,nextIndex:596,term:12,followerCommit:593
2019-09-24 17:34:24,218 WARN  server.GrpcLogAppender (GrpcLogAppender.java:onNextImpl(251)) - s2@group-ED203BE14A97->s0-AppendLogResponseHandler: Request not found, ignoring reply: s2<-s0#665:OK,SUCCESS,nextIndex:596,term:12,followerCommit:593
2019-09-24 17:34:24,219 WARN  server.GrpcLogAppender (GrpcLogAppender.java:onNextImpl(251)) - s2@group-ED203BE14A97->s1-AppendLogResponseHandler: Request not found, ignoring reply: s2<-s1#637:OK,SUCCESS,nextIndex:596,term:12,followerCommit:593
2019-09-24 17:34:24,219 WARN  server.GrpcLogAppender (GrpcLogAppender.java:onNextImpl(251)) - s2@group-ED203BE14A97->s0-AppendLogResponseHandler: Request not found, ignoring reply: s2<-s0#666:OK,SUCCESS,nextIndex:596,term:12,followerCommit:593
2019-09-24 17:34:24,219 WARN  server.GrpcLogAppender (GrpcLogAppender.java:onNextImpl(251)) - s2@group-ED203BE14A97->s1-AppendLogResponseHandler: Request not found, ignoring reply: s2<-s1#638:OK,SUCCESS,nextIndex:596,term:12,followerCommit:593
2019-09-24 17:34:24,219 WARN  server.GrpcLogAppender (GrpcLogAppender.java:onNextImpl(251)) - s2@group-ED203BE14A97->s0-AppendLogResponseHandler: Request not found, ignoring reply: s2<-s0#667:OK,SUCCESS,nextIndex:596,term:12,followerCommit:593
2019-09-24 17:34:24,219 WARN  server.GrpcLogAppender (GrpcLogAppender.java:onNextImpl(251)) - s2@group-ED203BE14A97->s1-AppendLogResponseHandler: Request not found, ignoring reply: s2<-s1#639:OK,SUCCESS,nextIndex:596,term:12,followerCommit:593
2019-09-24 17:34:24,219 WARN  server.GrpcLogAppender (GrpcLogAppender.java:onNextImpl(251)) - s2@group-ED203BE14A97->s0-AppendLogResponseHandler: Request not found, ignoring reply: s2<-s0#668:OK,SUCCESS,nextIndex:596,term:12,followerCommit:593
2019-09-24 17:34:24,219 WARN  server.GrpcLogAppender (GrpcLogAppender.java:onNextImpl(251)) - s2@group-ED203BE14A97->s1-AppendLogResponseHandler: Request not found, ignoring reply: s2<-s1#640:OK,SUCCESS,nextIndex:596,term:12,followerCommit:593
2019-09-24 17:34:24,219 WARN  server.GrpcLogAppender (GrpcLogAppender.java:onNextImpl(251)) - s2@group-ED203BE14A97->s0-AppendLogResponseHandler: Request not found, ignoring reply: s2<-s0#669:OK,SUCCESS,nextIndex:596,term:12,followerCommit:593
2019-09-24 17:34:24,220 WARN  server.GrpcLogAppender (GrpcLogAppender.java:onNextImpl(251)) - s2@group-ED203BE14A97->s1-AppendLogResponseHandler: Request not found, ignoring reply: s2<-s1#641:OK,SUCCESS,nextIndex:596,term:12,followerCommit:593
2019-09-24 17:34:24,220 WARN  server.GrpcLogAppender (GrpcLogAppender.java:onNextImpl(251)) - s2@group-ED203BE14A97->s0-AppendLogResponseHandler: Request not found, ignoring reply: s2<-s0#670:OK,SUCCESS,nextIndex:596,term:12,followerCommit:593
2019-09-24 17:34:24,220 WARN  server.GrpcLogAppender (GrpcLogAppender.java:timeoutAppendRequest(200)) - s2@group-ED203BE14A97->s1-GrpcLogAppender: appendEntries Timeout, request=s2->s1#687-t12, previous=(t:12, i:595), leaderCommit=593, initializing? false, entries: <empty>
2019-09-24 17:34:24,220 WARN  server.GrpcLogAppender (GrpcLogAppender.java:timeoutAppendRequest(200)) - s2@group-ED203BE14A97->s0-GrpcLogAppender: appendEntries Timeout, request=s2->s0#687-t12, previous=(t:12, i:595), leaderCommit=593, initializing? false, entries: <empty>
2019-09-24 17:34:24,220 WARN  server.GrpcLogAppender (GrpcLogAppender.java:onNextImpl(251)) - s2@group-ED203BE14A97->s1-AppendLogResponseHandler: Request not found, ignoring reply: s2<-s1#642:OK,SUCCESS,nextIndex:596,term:12,followerCommit:593
2019-09-24 17:34:24,220 WARN  server.GrpcLogAppender (GrpcLogAppender.java:onNextImpl(251)) - s2@group-ED203BE14A97->s0-AppendLogResponseHandler: Request not found, ignoring reply: s2<-s0#671:OK,SUCCESS,nextIndex:596,term:12,followerCommit:593
2019-09-24 17:34:24,221 WARN  server.GrpcLogAppender (GrpcLogAppender.java:onNextImpl(251)) - s2@group-ED203BE14A97->s1-AppendLogResponseHandler: Request not found, ignoring reply: s2<-s1#643:OK,SUCCESS,nextIndex:596,term:12,followerCommit:593
2019-09-24 17:34:24,221 WARN  server.GrpcLogAppender (GrpcLogAppender.java:onNextImpl(251)) - s2@group-ED203BE14A97->s0-AppendLogResponseHandler: Request not found, ignoring reply: s2<-s0#672:OK,SUCCESS,nextIndex:596,term:12,followerCommit:593
2019-09-24 17:34:24,221 WARN  server.GrpcLogAppender (GrpcLogAppender.java:onNextImpl(251)) - s2@group-ED203BE14A97->s1-AppendLogResponseHandler: Request not found, ignoring reply: s2<-s1#644:OK,SUCCESS,nextIndex:596,term:12,followerCommit:593
2019-09-24 17:34:24,221 WARN  server.GrpcLogAppender (GrpcLogAppender.java:onNextImpl(251)) - s2@group-ED203BE14A97->s0-AppendLogResponseHandler: Request not found, ignoring reply: s2<-s0#673:OK,SUCCESS,nextIndex:596,term:12,followerCommit:593
2019-09-24 17:34:24,221 WARN  server.GrpcLogAppender (GrpcLogAppender.java:onNextImpl(251)) - s2@group-ED203BE14A97->s1-AppendLogResponseHandler: Request not found, ignoring reply: s2<-s1#645:OK,SUCCESS,nextIndex:596,term:12,followerCommit:593
2019-09-24 17:34:24,221 WARN  server.GrpcLogAppender (GrpcLogAppender.java:onNextImpl(251)) - s2@group-ED203BE14A97->s0-AppendLogResponseHandler: Request not found, ignoring reply: s2<-s0#674:OK,SUCCESS,nextIndex:596,term:12,followerCommit:593
2019-09-24 17:34:24,221 WARN  server.GrpcLogAppender (GrpcLogAppender.java:onNextImpl(251)) - s2@group-ED203BE14A97->s1-AppendLogResponseHandler: Request not found, ignoring reply: s2<-s1#646:OK,SUCCESS,nextIndex:596,term:12,followerCommit:593
2019-09-24 17:34:24,222 WARN  server.GrpcLogAppender (GrpcLogAppender.java:onNextImpl(251)) - s2@group-ED203BE14A97->s0-AppendLogResponseHandler: Request not found, ignoring reply: s2<-s0#675:OK,SUCCESS,nextIndex:596,term:12,followerCommit:593
2019-09-24 17:34:24,222 WARN  server.GrpcLogAppender (GrpcLogAppender.java:onNextImpl(251)) - s2@group-ED203BE14A97->s1-AppendLogResponseHandler: Request not found, ignoring reply: s2<-s1#647:OK,SUCCESS,nextIndex:596,term:12,followerCommit:593
2019-09-24 17:34:24,222 WARN  server.GrpcLogAppender (GrpcLogAppender.java:onNextImpl(251)) - s2@group-ED203BE14A97->s0-AppendLogResponseHandler: Request not found, ignoring reply: s2<-s0#676:OK,SUCCESS,nextIndex:596,term:12,followerCommit:593
2019-09-24 17:34:24,222 WARN  server.GrpcLogAppender (GrpcLogAppender.java:onNextImpl(251)) - s2@group-ED203BE14A97->s1-AppendLogResponseHandler: Request not found, ignoring reply: s2<-s1#648:OK,SUCCESS,nextIndex:596,term:12,followerCommit:593
2019-09-24 17:34:24,222 WARN  server.GrpcLogAppender (GrpcLogAppender.java:onNextImpl(251)) - s2@group-ED203BE14A97->s0-AppendLogResponseHandler: Request not found, ignoring reply: s2<-s0#677:OK,SUCCESS,nextIndex:596,term:12,followerCommit:593
2019-09-24 17:34:24,222 WARN  server.GrpcLogAppender (GrpcLogAppender.java:onNextImpl(251)) - s2@group-ED203BE14A97->s1-AppendLogResponseHandler: Request not found, ignoring reply: s2<-s1#649:OK,SUCCESS,nextIndex:596,term:12,followerCommit:593
2019-09-24 17:34:24,223 WARN  server.GrpcLogAppender (GrpcLogAppender.java:onNextImpl(251)) - s2@group-ED203BE14A97->s0-AppendLogResponseHandler: Request not found, ignoring reply: s2<-s0#678:OK,SUCCESS,nextIndex:596,term:12,followerCommit:593
2019-09-24 17:34:24,223 WARN  server.GrpcLogAppender (GrpcLogAppender.java:onNextImpl(251)) - s2@group-ED203BE14A97->s1-AppendLogResponseHandler: Request not found, ignoring reply: s2<-s1#650:OK,SUCCESS,nextIndex:596,term:12,followerCommit:593
2019-09-24 17:34:24,223 WARN  server.GrpcLogAppender (GrpcLogAppender.java:onNextImpl(251)) - s2@group-ED203BE14A97->s0-AppendLogResponseHandler: Request not found, ignoring reply: s2<-s0#679:OK,SUCCESS,nextIndex:596,term:12,followerCommit:593
2019-09-24 17:34:24,223 WARN  server.GrpcLogAppender (GrpcLogAppender.java:onNextImpl(251)) - s2@group-ED203BE14A97->s1-AppendLogResponseHandler: Request not found, ignoring reply: s2<-s1#651:OK,SUCCESS,nextIndex:596,term:12,followerCommit:593
2019-09-24 17:34:24,223 WARN  server.GrpcLogAppender (GrpcLogAppender.java:onNextImpl(251)) - s2@group-ED203BE14A97->s0-AppendLogResponseHandler: Request not found, ignoring reply: s2<-s0#680:OK,SUCCESS,nextIndex:596,term:12,followerCommit:593
2019-09-24 17:34:24,223 WARN  server.GrpcLogAppender (GrpcLogAppender.java:onNextImpl(251)) - s2@group-ED203BE14A97->s1-AppendLogResponseHandler: Request not found, ignoring reply: s2<-s1#652:OK,SUCCESS,nextIndex:596,term:12,followerCommit:593
2019-09-24 17:34:24,223 WARN  server.GrpcLogAppender (GrpcLogAppender.java:onNextImpl(251)) - s2@group-ED203BE14A97->s0-AppendLogResponseHandler: Request not found, ignoring reply: s2<-s0#681:OK,SUCCESS,nextIndex:596,term:12,followerCommit:593
2019-09-24 17:34:24,224 WARN  server.GrpcLogAppender (GrpcLogAppender.java:onNextImpl(251)) - s2@group-ED203BE14A97->s1-AppendLogResponseHandler: Request not found, ignoring reply: s2<-s1#653:OK,SUCCESS,nextIndex:596,term:12,followerCommit:593
2019-09-24 17:34:24,224 WARN  server.GrpcLogAppender (GrpcLogAppender.java:onNextImpl(251)) - s2@group-ED203BE14A97->s0-AppendLogResponseHandler: Request not found, ignoring reply: s2<-s0#682:OK,SUCCESS,nextIndex:596,term:12,followerCommit:593
2019-09-24 17:34:24,224 WARN  server.GrpcLogAppender (GrpcLogAppender.java:onNextImpl(251)) - s2@group-ED203BE14A97->s1-AppendLogResponseHandler: Request not found, ignoring reply: s2<-s1#654:OK,SUCCESS,nextIndex:596,term:12,followerCommit:593
2019-09-24 17:34:24,224 WARN  server.GrpcLogAppender (GrpcLogAppender.java:onNextImpl(251)) - s2@group-ED203BE14A97->s0-AppendLogResponseHandler: Request not found, ignoring reply: s2<-s0#683:OK,SUCCESS,nextIndex:596,term:12,followerCommit:593
2019-09-24 17:34:24,224 WARN  server.GrpcLogAppender (GrpcLogAppender.java:onNextImpl(251)) - s2@group-ED203BE14A97->s1-AppendLogResponseHandler: Request not found, ignoring reply: s2<-s1#655:OK,SUCCESS,nextIndex:596,term:12,followerCommit:593
2019-09-24 17:34:24,224 WARN  server.GrpcLogAppender (GrpcLogAppender.java:onNextImpl(251)) - s2@group-ED203BE14A97->s0-AppendLogResponseHandler: Request not found, ignoring reply: s2<-s0#684:OK,SUCCESS,nextIndex:596,term:12,followerCommit:593
2019-09-24 17:34:24,224 WARN  server.GrpcLogAppender (GrpcLogAppender.java:onNextImpl(251)) - s2@group-ED203BE14A97->s1-AppendLogResponseHandler: Request not found, ignoring reply: s2<-s1#656:OK,SUCCESS,nextIndex:596,term:12,followerCommit:593
2019-09-24 17:34:24,224 WARN  server.GrpcLogAppender (GrpcLogAppender.java:onNextImpl(251)) - s2@group-ED203BE14A97->s0-AppendLogResponseHandler: Request not found, ignoring reply: s2<-s0#685:OK,SUCCESS,nextIndex:596,term:12,followerCommit:593
2019-09-24 17:34:24,224 WARN  server.GrpcLogAppender (GrpcLogAppender.java:onNextImpl(251)) - s2@group-ED203BE14A97->s1-AppendLogResponseHandler: Request not found, ignoring reply: s2<-s1#657:OK,SUCCESS,nextIndex:596,term:12,followerCommit:593
2019-09-24 17:34:24,225 WARN  server.GrpcLogAppender (GrpcLogAppender.java:onNextImpl(251)) - s2@group-ED203BE14A97->s0-AppendLogResponseHandler: Request not found, ignoring reply: s2<-s0#686:OK,SUCCESS,nextIndex:596,term:12,followerCommit:593
2019-09-24 17:34:24,225 WARN  server.GrpcLogAppender (GrpcLogAppender.java:onNextImpl(251)) - s2@group-ED203BE14A97->s1-AppendLogResponseHandler: Request not found, ignoring reply: s2<-s1#658:OK,SUCCESS,nextIndex:596,term:12,followerCommit:593
2019-09-24 17:34:24,225 WARN  server.GrpcLogAppender (GrpcLogAppender.java:onNextImpl(251)) - s2@group-ED203BE14A97->s0-AppendLogResponseHandler: Request not found, ignoring reply: s2<-s0#687:OK,SUCCESS,nextIndex:596,term:12,followerCommit:593
2019-09-24 17:34:24,225 WARN  server.GrpcLogAppender (GrpcLogAppender.java:onNextImpl(251)) - s2@group-ED203BE14A97->s1-AppendLogResponseHandler: Request not found, ignoring reply: s2<-s1#659:OK,SUCCESS,nextIndex:596,term:12,followerCommit:593
2019-09-24 17:34:24,225 WARN  server.GrpcLogAppender (GrpcLogAppender.java:onNextImpl(251)) - s2@group-ED203BE14A97->s1-AppendLogResponseHandler: Request not found, ignoring reply: s2<-s1#660:OK,SUCCESS,nextIndex:596,term:12,followerCommit:593
2019-09-24 17:34:24,226 WARN  server.GrpcLogAppender (GrpcLogAppender.java:onNextImpl(251)) - s2@group-ED203BE14A97->s1-AppendLogResponseHandler: Request not found, ignoring reply: s2<-s1#661:OK,SUCCESS,nextIndex:596,term:12,followerCommit:593
2019-09-24 17:34:24,226 WARN  server.GrpcLogAppender (GrpcLogAppender.java:onNextImpl(251)) - s2@group-ED203BE14A97->s1-AppendLogResponseHandler: Request not found, ignoring reply: s2<-s1#662:OK,SUCCESS,nextIndex:596,term:12,followerCommit:593
2019-09-24 17:34:24,226 WARN  server.GrpcLogAppender (GrpcLogAppender.java:onNextImpl(251)) - s2@group-ED203BE14A97->s1-AppendLogResponseHandler: Request not found, ignoring reply: s2<-s1#663:OK,SUCCESS,nextIndex:596,term:12,followerCommit:593
2019-09-24 17:34:24,226 WARN  server.GrpcLogAppender (GrpcLogAppender.java:onNextImpl(251)) - s2@group-ED203BE14A97->s1-AppendLogResponseHandler: Request not found, ignoring reply: s2<-s1#664:OK,SUCCESS,nextIndex:596,term:12,followerCommit:593
2019-09-24 17:34:24,226 WARN  server.GrpcLogAppender (GrpcLogAppender.java:onNextImpl(251)) - s2@group-ED203BE14A97->s1-AppendLogResponseHandler: Request not found, ignoring reply: s2<-s1#665:OK,SUCCESS,nextIndex:596,term:12,followerCommit:593
2019-09-24 17:34:24,227 WARN  server.GrpcLogAppender (GrpcLogAppender.java:onNextImpl(251)) - s2@group-ED203BE14A97->s1-AppendLogResponseHandler: Request not found, ignoring reply: s2<-s1#666:OK,SUCCESS,nextIndex:596,term:12,followerCommit:593
2019-09-24 17:34:24,227 WARN  server.GrpcLogAppender (GrpcLogAppender.java:onNextImpl(251)) - s2@group-ED203BE14A97->s1-AppendLogResponseHandler: Request not found, ignoring reply: s2<-s1#667:OK,SUCCESS,nextIndex:596,term:12,followerCommit:593
2019-09-24 17:34:24,227 WARN  server.GrpcLogAppender (GrpcLogAppender.java:onNextImpl(251)) - s2@group-ED203BE14A97->s1-AppendLogResponseHandler: Request not found, ignoring reply: s2<-s1#668:OK,SUCCESS,nextIndex:596,term:12,followerCommit:593
2019-09-24 17:34:24,228 WARN  server.GrpcLogAppender (GrpcLogAppender.java:onNextImpl(251)) - s2@group-ED203BE14A97->s1-AppendLogResponseHandler: Request not found, ignoring reply: s2<-s1#669:OK,SUCCESS,nextIndex:596,term:12,followerCommit:593
2019-09-24 17:34:24,229 WARN  server.GrpcLogAppender (GrpcLogAppender.java:onNextImpl(251)) - s2@group-ED203BE14A97->s1-AppendLogResponseHandler: Request not found, ignoring reply: s2<-s1#670:OK,SUCCESS,nextIndex:596,term:12,followerCommit:593
2019-09-24 17:34:24,229 WARN  server.GrpcLogAppender (GrpcLogAppender.java:onNextImpl(251)) - s2@group-ED203BE14A97->s1-AppendLogResponseHandler: Request not found, ignoring reply: s2<-s1#671:OK,SUCCESS,nextIndex:596,term:12,followerCommit:593
2019-09-24 17:34:24,229 WARN  server.GrpcLogAppender (GrpcLogAppender.java:onNextImpl(251)) - s2@group-ED203BE14A97->s1-AppendLogResponseHandler: Request not found, ignoring reply: s2<-s1#672:OK,SUCCESS,nextIndex:596,term:12,followerCommit:593
2019-09-24 17:34:24,229 WARN  server.GrpcLogAppender (GrpcLogAppender.java:onNextImpl(251)) - s2@group-ED203BE14A97->s1-AppendLogResponseHandler: Request not found, ignoring reply: s2<-s1#673:OK,SUCCESS,nextIndex:596,term:12,followerCommit:593
2019-09-24 17:34:24,230 WARN  server.GrpcLogAppender (GrpcLogAppender.java:onNextImpl(251)) - s2@group-ED203BE14A97->s1-AppendLogResponseHandler: Request not found, ignoring reply: s2<-s1#674:OK,SUCCESS,nextIndex:596,term:12,followerCommit:593
2019-09-24 17:34:24,230 WARN  server.GrpcLogAppender (GrpcLogAppender.java:onNextImpl(251)) - s2@group-ED203BE14A97->s1-AppendLogResponseHandler: Request not found, ignoring reply: s2<-s1#675:OK,SUCCESS,nextIndex:596,term:12,followerCommit:593
2019-09-24 17:34:24,230 WARN  server.GrpcLogAppender (GrpcLogAppender.java:onNextImpl(251)) - s2@group-ED203BE14A97->s1-AppendLogResponseHandler: Request not found, ignoring reply: s2<-s1#676:OK,SUCCESS,nextIndex:596,term:12,followerCommit:593
2019-09-24 17:34:24,230 WARN  server.GrpcLogAppender (GrpcLogAppender.java:onNextImpl(251)) - s2@group-ED203BE14A97->s1-AppendLogResponseHandler: Request not found, ignoring reply: s2<-s1#677:OK,SUCCESS,nextIndex:596,term:12,followerCommit:593
2019-09-24 17:34:24,230 WARN  server.GrpcLogAppender (GrpcLogAppender.java:onNextImpl(251)) - s2@group-ED203BE14A97->s1-AppendLogResponseHandler: Request not found, ignoring reply: s2<-s1#678:OK,SUCCESS,nextIndex:596,term:12,followerCommit:593
2019-09-24 17:34:24,231 WARN  server.GrpcLogAppender (GrpcLogAppender.java:onNextImpl(251)) - s2@group-ED203BE14A97->s1-AppendLogResponseHandler: Request not found, ignoring reply: s2<-s1#679:OK,SUCCESS,nextIndex:596,term:12,followerCommit:593
2019-09-24 17:34:24,231 WARN  server.GrpcLogAppender (GrpcLogAppender.java:onNextImpl(251)) - s2@group-ED203BE14A97->s1-AppendLogResponseHandler: Request not found, ignoring reply: s2<-s1#680:OK,SUCCESS,nextIndex:596,term:12,followerCommit:593
2019-09-24 17:34:24,231 WARN  server.GrpcLogAppender (GrpcLogAppender.java:onNextImpl(251)) - s2@group-ED203BE14A97->s1-AppendLogResponseHandler: Request not found, ignoring reply: s2<-s1#681:OK,SUCCESS,nextIndex:596,term:12,followerCommit:593
2019-09-24 17:34:24,231 WARN  server.GrpcLogAppender (GrpcLogAppender.java:onNextImpl(251)) - s2@group-ED203BE14A97->s1-AppendLogResponseHandler: Request not found, ignoring reply: s2<-s1#682:OK,SUCCESS,nextIndex:596,term:12,followerCommit:593
2019-09-24 17:34:24,232 WARN  server.GrpcLogAppender (GrpcLogAppender.java:onNextImpl(251)) - s2@group-ED203BE14A97->s1-AppendLogResponseHandler: Request not found, ignoring reply: s2<-s1#683:OK,SUCCESS,nextIndex:596,term:12,followerCommit:593
2019-09-24 17:34:24,232 WARN  server.GrpcLogAppender (GrpcLogAppender.java:onNextImpl(251)) - s2@group-ED203BE14A97->s1-AppendLogResponseHandler: Request not found, ignoring reply: s2<-s1#684:OK,SUCCESS,nextIndex:596,term:12,followerCommit:593
2019-09-24 17:34:24,232 WARN  server.GrpcLogAppender (GrpcLogAppender.java:onNextImpl(251)) - s2@group-ED203BE14A97->s1-AppendLogResponseHandler: Request not found, ignoring reply: s2<-s1#685:OK,SUCCESS,nextIndex:596,term:12,followerCommit:593
2019-09-24 17:34:24,232 WARN  server.GrpcLogAppender (GrpcLogAppender.java:onNextImpl(251)) - s2@group-ED203BE14A97->s1-AppendLogResponseHandler: Request not found, ignoring reply: s2<-s1#686:OK,SUCCESS,nextIndex:596,term:12,followerCommit:593
2019-09-24 17:34:24,232 WARN  server.GrpcLogAppender (GrpcLogAppender.java:onNextImpl(251)) - s2@group-ED203BE14A97->s1-AppendLogResponseHandler: Request not found, ignoring reply: s2<-s1#687:OK,SUCCESS,nextIndex:596,term:12,followerCommit:593
2019-09-24 17:34:29,835 WARN  server.GrpcLogAppender (GrpcLogAppender.java:timeoutAppendRequest(200)) - s2@group-ED203BE14A97->s1-GrpcLogAppender: appendEntries Timeout, request=s2->s1#789-t12, previous=(t:12, i:628), leaderCommit=627, initializing? false, entries: size=1, first=(t:12, i:629), STATEMACHINELOGENTRY, client-236938EB08E4, cid=314
2019-09-24 17:34:29,835 WARN  server.GrpcLogAppender (GrpcLogAppender.java:timeoutAppendRequest(200)) - s2@group-ED203BE14A97->s0-GrpcLogAppender: appendEntries Timeout, request=s2->s0#789-t12, previous=(t:12, i:628), leaderCommit=627, initializing? false, entries: size=1, first=(t:12, i:629), STATEMACHINELOGENTRY, client-236938EB08E4, cid=314
2019-09-24 17:34:29,942 WARN  server.GrpcLogAppender (GrpcLogAppender.java:timeoutAppendRequest(200)) - s2@group-ED203BE14A97->s0-GrpcLogAppender: appendEntries Timeout, request=s2->s0#790-t12, previous=(t:12, i:629), leaderCommit=628, initializing? false, entries: <empty>
2019-09-24 17:34:29,942 WARN  server.GrpcLogAppender (GrpcLogAppender.java:timeoutAppendRequest(200)) - s2@group-ED203BE14A97->s1-GrpcLogAppender: appendEntries Timeout, request=s2->s1#790-t12, previous=(t:12, i:629), leaderCommit=628, initializing? false, entries: <empty>
2019-09-24 17:34:30,017 WARN  server.GrpcLogAppender (GrpcLogAppender.java:timeoutAppendRequest(200)) - s2@group-ED203BE14A97->s0-GrpcLogAppender: appendEntries Timeout, request=s2->s0#791-t12, previous=(t:12, i:629), leaderCommit=628, initializing? false, entries: <empty>
2019-09-24 17:34:30,017 WARN  server.GrpcLogAppender (GrpcLogAppender.java:timeoutAppendRequest(200)) - s2@group-ED203BE14A97->s1-GrpcLogAppender: appendEntries Timeout, request=s2->s1#791-t12, previous=(t:12, i:629), leaderCommit=628, initializing? false, entries: <empty>
2019-09-24 17:34:30,093 WARN  server.GrpcLogAppender (GrpcLogAppender.java:timeoutAppendRequest(200)) - s2@group-ED203BE14A97->s1-GrpcLogAppender: appendEntries Timeout, request=s2->s1#792-t12, previous=(t:12, i:629), leaderCommit=628, initializing? false, entries: <empty>
2019-09-24 17:34:30,093 WARN  server.GrpcLogAppender (GrpcLogAppender.java:timeoutAppendRequest(200)) - s2@group-ED203BE14A97->s0-GrpcLogAppender: appendEntries Timeout, request=s2->s0#792-t12, previous=(t:12, i:629), leaderCommit=628, initializing? false, entries: <empty>
2019-09-24 17:34:30,168 WARN  server.GrpcLogAppender (GrpcLogAppender.java:timeoutAppendRequest(200)) - s2@group-ED203BE14A97->s1-GrpcLogAppender: appendEntries Timeout, request=s2->s1#793-t12, previous=(t:12, i:629), leaderCommit=628, initializing? false, entries: <empty>
2019-09-24 17:34:30,168 WARN  server.GrpcLogAppender (GrpcLogAppender.java:timeoutAppendRequest(200)) - s2@group-ED203BE14A97->s0-GrpcLogAppender: appendEntries Timeout, request=s2->s0#793-t12, previous=(t:12, i:629), leaderCommit=628, initializing? false, entries: <empty>
2019-09-24 17:34:30,243 WARN  server.GrpcLogAppender (GrpcLogAppender.java:timeoutAppendRequest(200)) - s2@group-ED203BE14A97->s0-GrpcLogAppender: appendEntries Timeout, request=s2->s0#794-t12, previous=(t:12, i:629), leaderCommit=628, initializing? false, entries: <empty>
2019-09-24 17:34:30,243 WARN  server.GrpcLogAppender (GrpcLogAppender.java:timeoutAppendRequest(200)) - s2@group-ED203BE14A97->s1-GrpcLogAppender: appendEntries Timeout, request=s2->s1#794-t12, previous=(t:12, i:629), leaderCommit=628, initializing? false, entries: <empty>
2019-09-24 17:34:30,319 WARN  server.GrpcLogAppender (GrpcLogAppender.java:timeoutAppendRequest(200)) - s2@group-ED203BE14A97->s1-GrpcLogAppender: appendEntries Timeout, request=s2->s1#795-t12, previous=(t:12, i:629), leaderCommit=628, initializing? false, entries: <empty>
2019-09-24 17:34:30,319 WARN  server.GrpcLogAppender (GrpcLogAppender.java:timeoutAppendRequest(200)) - s2@group-ED203BE14A97->s0-GrpcLogAppender: appendEntries Timeout, request=s2->s0#795-t12, previous=(t:12, i:629), leaderCommit=628, initializing? false, entries: <empty>
2019-09-24 17:34:30,394 WARN  server.GrpcLogAppender (GrpcLogAppender.java:timeoutAppendRequest(200)) - s2@group-ED203BE14A97->s0-GrpcLogAppender: appendEntries Timeout, request=s2->s0#796-t12, previous=(t:12, i:629), leaderCommit=628, initializing? false, entries: <empty>
2019-09-24 17:34:30,394 WARN  server.GrpcLogAppender (GrpcLogAppender.java:timeoutAppendRequest(200)) - s2@group-ED203BE14A97->s1-GrpcLogAppender: appendEntries Timeout, request=s2->s1#796-t12, previous=(t:12, i:629), leaderCommit=628, initializing? false, entries: <empty>
2019-09-24 17:34:30,469 WARN  server.GrpcLogAppender (GrpcLogAppender.java:timeoutAppendRequest(200)) - s2@group-ED203BE14A97->s1-GrpcLogAppender: appendEntries Timeout, request=s2->s1#797-t12, previous=(t:12, i:629), leaderCommit=628, initializing? false, entries: <empty>
2019-09-24 17:34:30,469 WARN  server.GrpcLogAppender (GrpcLogAppender.java:timeoutAppendRequest(200)) - s2@group-ED203BE14A97->s0-GrpcLogAppender: appendEntries Timeout, request=s2->s0#797-t12, previous=(t:12, i:629), leaderCommit=628, initializing? false, entries: <empty>
2019-09-24 17:34:30,544 WARN  server.GrpcLogAppender (GrpcLogAppender.java:timeoutAppendRequest(200)) - s2@group-ED203BE14A97->s0-GrpcLogAppender: appendEntries Timeout, request=s2->s0#798-t12, previous=(t:12, i:629), leaderCommit=628, initializing? false, entries: <empty>
2019-09-24 17:34:30,544 WARN  server.GrpcLogAppender (GrpcLogAppender.java:timeoutAppendRequest(200)) - s2@group-ED203BE14A97->s1-GrpcLogAppender: appendEntries Timeout, request=s2->s1#798-t12, previous=(t:12, i:629), leaderCommit=628, initializing? false, entries: <empty>
2019-09-24 17:34:30,620 WARN  server.GrpcLogAppender (GrpcLogAppender.java:timeoutAppendRequest(200)) - s2@group-ED203BE14A97->s1-GrpcLogAppender: appendEntries Timeout, request=s2->s1#799-t12, previous=(t:12, i:629), leaderCommit=628, initializing? false, entries: <empty>
2019-09-24 17:34:30,620 WARN  server.GrpcLogAppender (GrpcLogAppender.java:timeoutAppendRequest(200)) - s2@group-ED203BE14A97->s0-GrpcLogAppender: appendEntries Timeout, request=s2->s0#799-t12, previous=(t:12, i:629), leaderCommit=628, initializing? false, entries: <empty>
2019-09-24 17:34:30,695 WARN  server.GrpcLogAppender (GrpcLogAppender.java:timeoutAppendRequest(200)) - s2@group-ED203BE14A97->s0-GrpcLogAppender: appendEntries Timeout, request=s2->s0#800-t12, previous=(t:12, i:629), leaderCommit=628, initializing? false, entries: <empty>
2019-09-24 17:34:30,695 WARN  server.GrpcLogAppender (GrpcLogAppender.java:timeoutAppendRequest(200)) - s2@group-ED203BE14A97->s1-GrpcLogAppender: appendEntries Timeout, request=s2->s1#800-t12, previous=(t:12, i:629), leaderCommit=628, initializing? false, entries: <empty>
2019-09-24 17:34:30,770 WARN  server.GrpcLogAppender (GrpcLogAppender.java:timeoutAppendRequest(200)) - s2@group-ED203BE14A97->s1-GrpcLogAppender: appendEntries Timeout, request=s2->s1#801-t12, previous=(t:12, i:629), leaderCommit=628, initializing? false, entries: <empty>
2019-09-24 17:34:30,771 WARN  server.GrpcLogAppender (GrpcLogAppender.java:timeoutAppendRequest(200)) - s2@group-ED203BE14A97->s0-GrpcLogAppender: appendEntries Timeout, request=s2->s0#801-t12, previous=(t:12, i:629), leaderCommit=628, initializing? false, entries: <empty>
2019-09-24 17:34:30,846 WARN  server.GrpcLogAppender (GrpcLogAppender.java:timeoutAppendRequest(200)) - s2@group-ED203BE14A97->s1-GrpcLogAppender: appendEntries Timeout, request=s2->s1#802-t12, previous=(t:12, i:629), leaderCommit=628, initializing? false, entries: <empty>
2019-09-24 17:34:30,846 WARN  server.GrpcLogAppender (GrpcLogAppender.java:timeoutAppendRequest(200)) - s2@group-ED203BE14A97->s0-GrpcLogAppender: appendEntries Timeout, request=s2->s0#802-t12, previous=(t:12, i:629), leaderCommit=628, initializing? false, entries: <empty>
2019-09-24 17:34:30,921 WARN  server.GrpcLogAppender (GrpcLogAppender.java:timeoutAppendRequest(200)) - s2@group-ED203BE14A97->s0-GrpcLogAppender: appendEntries Timeout, request=s2->s0#803-t12, previous=(t:12, i:629), leaderCommit=628, initializing? false, entries: <empty>
2019-09-24 17:34:30,921 WARN  server.GrpcLogAppender (GrpcLogAppender.java:timeoutAppendRequest(200)) - s2@group-ED203BE14A97->s1-GrpcLogAppender: appendEntries Timeout, request=s2->s1#803-t12, previous=(t:12, i:629), leaderCommit=628, initializing? false, entries: <empty>
2019-09-24 17:34:30,997 WARN  server.GrpcLogAppender (GrpcLogAppender.java:timeoutAppendRequest(200)) - s2@group-ED203BE14A97->s0-GrpcLogAppender: appendEntries Timeout, request=s2->s0#804-t12, previous=(t:12, i:629), leaderCommit=628, initializing? false, entries: <empty>
2019-09-24 17:34:30,997 WARN  server.GrpcLogAppender (GrpcLogAppender.java:timeoutAppendRequest(200)) - s2@group-ED203BE14A97->s1-GrpcLogAppender: appendEntries Timeout, request=s2->s1#804-t12, previous=(t:12, i:629), leaderCommit=628, initializing? false, entries: <empty>
2019-09-24 17:34:31,072 WARN  server.GrpcLogAppender (GrpcLogAppender.java:timeoutAppendRequest(200)) - s2@group-ED203BE14A97->s1-GrpcLogAppender: appendEntries Timeout, request=s2->s1#805-t12, previous=(t:12, i:629), leaderCommit=628, initializing? false, entries: <empty>
2019-09-24 17:34:31,072 WARN  server.GrpcLogAppender (GrpcLogAppender.java:timeoutAppendRequest(200)) - s2@group-ED203BE14A97->s0-GrpcLogAppender: appendEntries Timeout, request=s2->s0#805-t12, previous=(t:12, i:629), leaderCommit=628, initializing? false, entries: <empty>
2019-09-24 17:34:31,147 WARN  server.GrpcLogAppender (GrpcLogAppender.java:timeoutAppendRequest(200)) - s2@group-ED203BE14A97->s0-GrpcLogAppender: appendEntries Timeout, request=s2->s0#806-t12, previous=(t:12, i:629), leaderCommit=628, initializing? false, entries: <empty>
2019-09-24 17:34:31,147 WARN  server.GrpcLogAppender (GrpcLogAppender.java:timeoutAppendRequest(200)) - s2@group-ED203BE14A97->s1-GrpcLogAppender: appendEntries Timeout, request=s2->s1#806-t12, previous=(t:12, i:629), leaderCommit=628, initializing? false, entries: <empty>
2019-09-24 17:34:31,222 WARN  server.GrpcLogAppender (GrpcLogAppender.java:timeoutAppendRequest(200)) - s2@group-ED203BE14A97->s1-GrpcLogAppender: appendEntries Timeout, request=s2->s1#807-t12, previous=(t:12, i:629), leaderCommit=628, initializing? false, entries: <empty>
2019-09-24 17:34:31,222 WARN  server.GrpcLogAppender (GrpcLogAppender.java:timeoutAppendRequest(200)) - s2@group-ED203BE14A97->s0-GrpcLogAppender: appendEntries Timeout, request=s2->s0#807-t12, previous=(t:12, i:629), leaderCommit=628, initializing? false, entries: <empty>
2019-09-24 17:34:31,298 WARN  server.GrpcLogAppender (GrpcLogAppender.java:timeoutAppendRequest(200)) - s2@group-ED203BE14A97->s1-GrpcLogAppender: appendEntries Timeout, request=s2->s1#808-t12, previous=(t:12, i:629), leaderCommit=628, initializing? false, entries: <empty>
2019-09-24 17:34:31,298 WARN  server.GrpcLogAppender (GrpcLogAppender.java:timeoutAppendRequest(200)) - s2@group-ED203BE14A97->s0-GrpcLogAppender: appendEntries Timeout, request=s2->s0#808-t12, previous=(t:12, i:629), leaderCommit=628, initializing? false, entries: <empty>
2019-09-24 17:34:31,373 WARN  server.GrpcLogAppender (GrpcLogAppender.java:timeoutAppendRequest(200)) - s2@group-ED203BE14A97->s1-GrpcLogAppender: appendEntries Timeout, request=s2->s1#809-t12, previous=(t:12, i:629), leaderCommit=628, initializing? false, entries: <empty>
2019-09-24 17:34:31,373 WARN  server.GrpcLogAppender (GrpcLogAppender.java:timeoutAppendRequest(200)) - s2@group-ED203BE14A97->s0-GrpcLogAppender: appendEntries Timeout, request=s2->s0#809-t12, previous=(t:12, i:629), leaderCommit=628, initializing? false, entries: <empty>
2019-09-24 17:34:31,448 WARN  server.GrpcLogAppender (GrpcLogAppender.java:timeoutAppendRequest(200)) - s2@group-ED203BE14A97->s0-GrpcLogAppender: appendEntries Timeout, request=s2->s0#810-t12, previous=(t:12, i:629), leaderCommit=628, initializing? false, entries: <empty>
2019-09-24 17:34:31,448 WARN  server.GrpcLogAppender (GrpcLogAppender.java:timeoutAppendRequest(200)) - s2@group-ED203BE14A97->s1-GrpcLogAppender: appendEntries Timeout, request=s2->s1#810-t12, previous=(t:12, i:629), leaderCommit=628, initializing? false, entries: <empty>
2019-09-24 17:34:31,523 WARN  server.GrpcLogAppender (GrpcLogAppender.java:timeoutAppendRequest(200)) - s2@group-ED203BE14A97->s0-GrpcLogAppender: appendEntries Timeout, request=s2->s0#811-t12, previous=(t:12, i:629), leaderCommit=628, initializing? false, entries: <empty>
2019-09-24 17:34:31,523 WARN  server.GrpcLogAppender (GrpcLogAppender.java:timeoutAppendRequest(200)) - s2@group-ED203BE14A97->s1-GrpcLogAppender: appendEntries Timeout, request=s2->s1#811-t12, previous=(t:12, i:629), leaderCommit=628, initializing? false, entries: <empty>
2019-09-24 17:34:31,599 WARN  server.GrpcLogAppender (GrpcLogAppender.java:timeoutAppendRequest(200)) - s2@group-ED203BE14A97->s0-GrpcLogAppender: appendEntries Timeout, request=s2->s0#812-t12, previous=(t:12, i:629), leaderCommit=628, initializing? false, entries: <empty>
2019-09-24 17:34:31,599 WARN  server.GrpcLogAppender (GrpcLogAppender.java:timeoutAppendRequest(200)) - s2@group-ED203BE14A97->s1-GrpcLogAppender: appendEntries Timeout, request=s2->s1#812-t12, previous=(t:12, i:629), leaderCommit=628, initializing? false, entries: <empty>
2019-09-24 17:34:31,674 WARN  server.GrpcLogAppender (GrpcLogAppender.java:timeoutAppendRequest(200)) - s2@group-ED203BE14A97->s0-GrpcLogAppender: appendEntries Timeout, request=s2->s0#813-t12, previous=(t:12, i:629), leaderCommit=628, initializing? false, entries: <empty>
2019-09-24 17:34:31,674 WARN  server.GrpcLogAppender (GrpcLogAppender.java:timeoutAppendRequest(200)) - s2@group-ED203BE14A97->s1-GrpcLogAppender: appendEntries Timeout, request=s2->s1#813-t12, previous=(t:12, i:629), leaderCommit=628, initializing? false, entries: <empty>
2019-09-24 17:34:31,749 WARN  server.GrpcLogAppender (GrpcLogAppender.java:timeoutAppendRequest(200)) - s2@group-ED203BE14A97->s1-GrpcLogAppender: appendEntries Timeout, request=s2->s1#814-t12, previous=(t:12, i:629), leaderCommit=628, initializing? false, entries: <empty>
2019-09-24 17:34:31,749 WARN  server.GrpcLogAppender (GrpcLogAppender.java:timeoutAppendRequest(200)) - s2@group-ED203BE14A97->s0-GrpcLogAppender: appendEntries Timeout, request=s2->s0#814-t12, previous=(t:12, i:629), leaderCommit=628, initializing? false, entries: <empty>
2019-09-24 17:34:31,824 WARN  server.GrpcLogAppender (GrpcLogAppender.java:timeoutAppendRequest(200)) - s2@group-ED203BE14A97->s1-GrpcLogAppender: appendEntries Timeout, request=s2->s1#815-t12, previous=(t:12, i:629), leaderCommit=628, initializing? false, entries: <empty>
2019-09-24 17:34:31,825 WARN  server.GrpcLogAppender (GrpcLogAppender.java:timeoutAppendRequest(200)) - s2@group-ED203BE14A97->s0-GrpcLogAppender: appendEntries Timeout, request=s2->s0#815-t12, previous=(t:12, i:629), leaderCommit=628, initializing? false, entries: <empty>
2019-09-24 17:34:31,900 WARN  server.GrpcLogAppender (GrpcLogAppender.java:timeoutAppendRequest(200)) - s2@group-ED203BE14A97->s1-GrpcLogAppender: appendEntries Timeout, request=s2->s1#816-t12, previous=(t:12, i:629), leaderCommit=628, initializing? false, entries: <empty>
2019-09-24 17:34:31,900 WARN  server.GrpcLogAppender (GrpcLogAppender.java:timeoutAppendRequest(200)) - s2@group-ED203BE14A97->s0-GrpcLogAppender: appendEntries Timeout, request=s2->s0#816-t12, previous=(t:12, i:629), leaderCommit=628, initializing? false, entries: <empty>
2019-09-24 17:34:31,975 WARN  server.GrpcLogAppender (GrpcLogAppender.java:timeoutAppendRequest(200)) - s2@group-ED203BE14A97->s1-GrpcLogAppender: appendEntries Timeout, request=s2->s1#817-t12, previous=(t:12, i:629), leaderCommit=628, initializing? false, entries: <empty>
2019-09-24 17:34:31,975 WARN  server.GrpcLogAppender (GrpcLogAppender.java:timeoutAppendRequest(200)) - s2@group-ED203BE14A97->s0-GrpcLogAppender: appendEntries Timeout, request=s2->s0#817-t12, previous=(t:12, i:629), leaderCommit=628, initializing? false, entries: <empty>
2019-09-24 17:34:32,040 WARN  server.GrpcLogAppender (GrpcLogAppender.java:onNextImpl(251)) - s2@group-ED203BE14A97->s0-AppendLogResponseHandler: Request not found, ignoring reply: s2<-s0#789:OK,SUCCESS,nextIndex:630,term:12,followerCommit:628
2019-09-24 17:34:32,041 WARN  server.GrpcLogAppender (GrpcLogAppender.java:onNextImpl(251)) - s2@group-ED203BE14A97->s0-AppendLogResponseHandler: Request not found, ignoring reply: s2<-s0#790:OK,SUCCESS,nextIndex:630,term:12,followerCommit:628
2019-09-24 17:34:32,041 WARN  server.GrpcLogAppender (GrpcLogAppender.java:onNextImpl(251)) - s2@group-ED203BE14A97->s0-AppendLogResponseHandler: Request not found, ignoring reply: s2<-s0#791:OK,SUCCESS,nextIndex:630,term:12,followerCommit:628
2019-09-24 17:34:32,041 WARN  server.GrpcLogAppender (GrpcLogAppender.java:onNextImpl(251)) - s2@group-ED203BE14A97->s0-AppendLogResponseHandler: Request not found, ignoring reply: s2<-s0#792:OK,SUCCESS,nextIndex:630,term:12,followerCommit:628
2019-09-24 17:34:32,042 WARN  server.GrpcLogAppender (GrpcLogAppender.java:onNextImpl(251)) - s2@group-ED203BE14A97->s0-AppendLogResponseHandler: Request not found, ignoring reply: s2<-s0#793:OK,SUCCESS,nextIndex:630,term:12,followerCommit:628
2019-09-24 17:34:32,042 WARN  server.GrpcLogAppender (GrpcLogAppender.java:onNextImpl(251)) - s2@group-ED203BE14A97->s0-AppendLogResponseHandler: Request not found, ignoring reply: s2<-s0#794:OK,SUCCESS,nextIndex:630,term:12,followerCommit:628
2019-09-24 17:34:32,042 WARN  server.GrpcLogAppender (GrpcLogAppender.java:onNextImpl(251)) - s2@group-ED203BE14A97->s0-AppendLogResponseHandler: Request not found, ignoring reply: s2<-s0#795:OK,SUCCESS,nextIndex:630,term:12,followerCommit:628
2019-09-24 17:34:32,042 WARN  server.GrpcLogAppender (GrpcLogAppender.java:onNextImpl(251)) - s2@group-ED203BE14A97->s0-AppendLogResponseHandler: Request not found, ignoring reply: s2<-s0#796:OK,SUCCESS,nextIndex:630,term:12,followerCommit:628
2019-09-24 17:34:32,043 WARN  server.GrpcLogAppender (GrpcLogAppender.java:onNextImpl(251)) - s2@group-ED203BE14A97->s0-AppendLogResponseHandler: Request not found, ignoring reply: s2<-s0#797:OK,SUCCESS,nextIndex:630,term:12,followerCommit:628
2019-09-24 17:34:32,043 WARN  server.GrpcLogAppender (GrpcLogAppender.java:onNextImpl(251)) - s2@group-ED203BE14A97->s0-AppendLogResponseHandler: Request not found, ignoring reply: s2<-s0#798:OK,SUCCESS,nextIndex:630,term:12,followerCommit:628
2019-09-24 17:34:32,043 WARN  server.GrpcLogAppender (GrpcLogAppender.java:onNextImpl(251)) - s2@group-ED203BE14A97->s0-AppendLogResponseHandler: Request not found, ignoring reply: s2<-s0#799:OK,SUCCESS,nextIndex:630,term:12,followerCommit:628
2019-09-24 17:34:32,043 WARN  server.GrpcLogAppender (GrpcLogAppender.java:onNextImpl(251)) - s2@group-ED203BE14A97->s0-AppendLogResponseHandler: Request not found, ignoring reply: s2<-s0#800:OK,SUCCESS,nextIndex:630,term:12,followerCommit:628
2019-09-24 17:34:32,044 WARN  server.GrpcLogAppender (GrpcLogAppender.java:onNextImpl(251)) - s2@group-ED203BE14A97->s0-AppendLogResponseHandler: Request not found, ignoring reply: s2<-s0#801:OK,SUCCESS,nextIndex:630,term:12,followerCommit:628
2019-09-24 17:34:32,044 WARN  server.GrpcLogAppender (GrpcLogAppender.java:onNextImpl(251)) - s2@group-ED203BE14A97->s0-AppendLogResponseHandler: Request not found, ignoring reply: s2<-s0#802:OK,SUCCESS,nextIndex:630,term:12,followerCommit:628
2019-09-24 17:34:32,044 WARN  server.GrpcLogAppender (GrpcLogAppender.java:onNextImpl(251)) - s2@group-ED203BE14A97->s0-AppendLogResponseHandler: Request not found, ignoring reply: s2<-s0#803:OK,SUCCESS,nextIndex:630,term:12,followerCommit:628
2019-09-24 17:34:32,044 WARN  server.GrpcLogAppender (GrpcLogAppender.java:onNextImpl(251)) - s2@group-ED203BE14A97->s0-AppendLogResponseHandler: Request not found, ignoring reply: s2<-s0#804:OK,SUCCESS,nextIndex:630,term:12,followerCommit:628
2019-09-24 17:34:32,044 WARN  server.GrpcLogAppender (GrpcLogAppender.java:onNextImpl(251)) - s2@group-ED203BE14A97->s0-AppendLogResponseHandler: Request not found, ignoring reply: s2<-s0#805:OK,SUCCESS,nextIndex:630,term:12,followerCommit:628
2019-09-24 17:34:32,045 WARN  server.GrpcLogAppender (GrpcLogAppender.java:onNextImpl(251)) - s2@group-ED203BE14A97->s0-AppendLogResponseHandler: Request not found, ignoring reply: s2<-s0#806:OK,SUCCESS,nextIndex:630,term:12,followerCommit:628
2019-09-24 17:34:32,045 WARN  server.GrpcLogAppender (GrpcLogAppender.java:onNextImpl(251)) - s2@group-ED203BE14A97->s0-AppendLogResponseHandler: Request not found, ignoring reply: s2<-s0#807:OK,SUCCESS,nextIndex:630,term:12,followerCommit:628
2019-09-24 17:34:32,045 WARN  server.GrpcLogAppender (GrpcLogAppender.java:onNextImpl(251)) - s2@group-ED203BE14A97->s0-AppendLogResponseHandler: Request not found, ignoring reply: s2<-s0#808:OK,SUCCESS,nextIndex:630,term:12,followerCommit:628
2019-09-24 17:34:32,045 WARN  server.GrpcLogAppender (GrpcLogAppender.java:onNextImpl(251)) - s2@group-ED203BE14A97->s0-AppendLogResponseHandler: Request not found, ignoring reply: s2<-s0#809:OK,SUCCESS,nextIndex:630,term:12,followerCommit:628
2019-09-24 17:34:32,046 WARN  server.GrpcLogAppender (GrpcLogAppender.java:onNextImpl(251)) - s2@group-ED203BE14A97->s0-AppendLogResponseHandler: Request not found, ignoring reply: s2<-s0#810:OK,SUCCESS,nextIndex:630,term:12,followerCommit:628
2019-09-24 17:34:32,046 WARN  server.GrpcLogAppender (GrpcLogAppender.java:onNextImpl(251)) - s2@group-ED203BE14A97->s0-AppendLogResponseHandler: Request not found, ignoring reply: s2<-s0#811:OK,SUCCESS,nextIndex:630,term:12,followerCommit:628
2019-09-24 17:34:32,046 WARN  server.GrpcLogAppender (GrpcLogAppender.java:onNextImpl(251)) - s2@group-ED203BE14A97->s0-AppendLogResponseHandler: Request not found, ignoring reply: s2<-s0#812:OK,SUCCESS,nextIndex:630,term:12,followerCommit:628
2019-09-24 17:34:32,046 WARN  server.GrpcLogAppender (GrpcLogAppender.java:onNextImpl(251)) - s2@group-ED203BE14A97->s0-AppendLogResponseHandler: Request not found, ignoring reply: s2<-s0#813:OK,SUCCESS,nextIndex:630,term:12,followerCommit:628
2019-09-24 17:34:32,046 WARN  server.GrpcLogAppender (GrpcLogAppender.java:onNextImpl(251)) - s2@group-ED203BE14A97->s0-AppendLogResponseHandler: Request not found, ignoring reply: s2<-s0#814:OK,SUCCESS,nextIndex:630,term:12,followerCommit:628
2019-09-24 17:34:32,047 WARN  server.GrpcLogAppender (GrpcLogAppender.java:onNextImpl(251)) - s2@group-ED203BE14A97->s0-AppendLogResponseHandler: Request not found, ignoring reply: s2<-s0#815:OK,SUCCESS,nextIndex:630,term:12,followerCommit:628
2019-09-24 17:34:32,047 WARN  server.GrpcLogAppender (GrpcLogAppender.java:onNextImpl(251)) - s2@group-ED203BE14A97->s0-AppendLogResponseHandler: Request not found, ignoring reply: s2<-s0#816:OK,SUCCESS,nextIndex:630,term:12,followerCommit:628
2019-09-24 17:34:32,047 WARN  server.GrpcLogAppender (GrpcLogAppender.java:onNextImpl(251)) - s2@group-ED203BE14A97->s0-AppendLogResponseHandler: Request not found, ignoring reply: s2<-s0#817:OK,SUCCESS,nextIndex:630,term:12,followerCommit:628
2019-09-24 17:34:32,051 WARN  server.GrpcLogAppender (GrpcLogAppender.java:timeoutAppendRequest(200)) - s2@group-ED203BE14A97->s1-GrpcLogAppender: appendEntries Timeout, request=s2->s1#818-t12, previous=(t:12, i:629), leaderCommit=628, initializing? false, entries: <empty>
2019-09-24 17:34:32,102 WARN  server.GrpcLogAppender (GrpcLogAppender.java:onNextImpl(251)) - s2@group-ED203BE14A97->s1-AppendLogResponseHandler: Request not found, ignoring reply: s2<-s1#789:OK,SUCCESS,nextIndex:630,term:12,followerCommit:628
2019-09-24 17:34:32,103 WARN  server.GrpcLogAppender (GrpcLogAppender.java:onNextImpl(251)) - s2@group-ED203BE14A97->s1-AppendLogResponseHandler: Request not found, ignoring reply: s2<-s1#790:OK,SUCCESS,nextIndex:630,term:12,followerCommit:628
2019-09-24 17:34:32,103 WARN  server.GrpcLogAppender (GrpcLogAppender.java:onNextImpl(251)) - s2@group-ED203BE14A97->s1-AppendLogResponseHandler: Request not found, ignoring reply: s2<-s1#791:OK,SUCCESS,nextIndex:630,term:12,followerCommit:628
2019-09-24 17:34:32,103 WARN  server.GrpcLogAppender (GrpcLogAppender.java:onNextImpl(251)) - s2@group-ED203BE14A97->s1-AppendLogResponseHandler: Request not found, ignoring reply: s2<-s1#792:OK,SUCCESS,nextIndex:630,term:12,followerCommit:628
2019-09-24 17:34:32,103 WARN  server.GrpcLogAppender (GrpcLogAppender.java:onNextImpl(251)) - s2@group-ED203BE14A97->s1-AppendLogResponseHandler: Request not found, ignoring reply: s2<-s1#793:OK,SUCCESS,nextIndex:630,term:12,followerCommit:628
2019-09-24 17:34:32,104 WARN  server.GrpcLogAppender (GrpcLogAppender.java:onNextImpl(251)) - s2@group-ED203BE14A97->s1-AppendLogResponseHandler: Request not found, ignoring reply: s2<-s1#794:OK,SUCCESS,nextIndex:630,term:12,followerCommit:628
2019-09-24 17:34:32,104 WARN  server.GrpcLogAppender (GrpcLogAppender.java:onNextImpl(251)) - s2@group-ED203BE14A97->s1-AppendLogResponseHandler: Request not found, ignoring reply: s2<-s1#795:OK,SUCCESS,nextIndex:630,term:12,followerCommit:628
2019-09-24 17:34:32,104 WARN  server.GrpcLogAppender (GrpcLogAppender.java:onNextImpl(251)) - s2@group-ED203BE14A97->s1-AppendLogResponseHandler: Request not found, ignoring reply: s2<-s1#796:OK,SUCCESS,nextIndex:630,term:12,followerCommit:628
2019-09-24 17:34:32,105 WARN  server.GrpcLogAppender (GrpcLogAppender.java:onNextImpl(251)) - s2@group-ED203BE14A97->s1-AppendLogResponseHandler: Request not found, ignoring reply: s2<-s1#797:OK,SUCCESS,nextIndex:630,term:12,followerCommit:628
2019-09-24 17:34:32,105 WARN  server.GrpcLogAppender (GrpcLogAppender.java:onNextImpl(251)) - s2@group-ED203BE14A97->s1-AppendLogResponseHandler: Request not found, ignoring reply: s2<-s1#798:OK,SUCCESS,nextIndex:630,term:12,followerCommit:628
2019-09-24 17:34:32,105 WARN  server.GrpcLogAppender (GrpcLogAppender.java:onNextImpl(251)) - s2@group-ED203BE14A97->s1-AppendLogResponseHandler: Request not found, ignoring reply: s2<-s1#799:OK,SUCCESS,nextIndex:630,term:12,followerCommit:628
2019-09-24 17:34:32,105 WARN  server.GrpcLogAppender (GrpcLogAppender.java:onNextImpl(251)) - s2@group-ED203BE14A97->s1-AppendLogResponseHandler: Request not found, ignoring reply: s2<-s1#800:OK,SUCCESS,nextIndex:630,term:12,followerCommit:628
2019-09-24 17:34:32,105 WARN  server.GrpcLogAppender (GrpcLogAppender.java:onNextImpl(251)) - s2@group-ED203BE14A97->s1-AppendLogResponseHandler: Request not found, ignoring reply: s2<-s1#801:OK,SUCCESS,nextIndex:630,term:12,followerCommit:628
2019-09-24 17:34:32,106 WARN  server.GrpcLogAppender (GrpcLogAppender.java:onNextImpl(251)) - s2@group-ED203BE14A97->s1-AppendLogResponseHandler: Request not found, ignoring reply: s2<-s1#802:OK,SUCCESS,nextIndex:630,term:12,followerCommit:628
2019-09-24 17:34:32,106 WARN  server.GrpcLogAppender (GrpcLogAppender.java:onNextImpl(251)) - s2@group-ED203BE14A97->s1-AppendLogResponseHandler: Request not found, ignoring reply: s2<-s1#803:OK,SUCCESS,nextIndex:630,term:12,followerCommit:628
2019-09-24 17:34:32,106 WARN  server.GrpcLogAppender (GrpcLogAppender.java:onNextImpl(251)) - s2@group-ED203BE14A97->s1-AppendLogResponseHandler: Request not found, ignoring reply: s2<-s1#804:OK,SUCCESS,nextIndex:630,term:12,followerCommit:628
2019-09-24 17:34:32,106 WARN  server.GrpcLogAppender (GrpcLogAppender.java:onNextImpl(251)) - s2@group-ED203BE14A97->s1-AppendLogResponseHandler: Request not found, ignoring reply: s2<-s1#805:OK,SUCCESS,nextIndex:630,term:12,followerCommit:628
2019-09-24 17:34:32,106 WARN  server.GrpcLogAppender (GrpcLogAppender.java:onNextImpl(251)) - s2@group-ED203BE14A97->s1-AppendLogResponseHandler: Request not found, ignoring reply: s2<-s1#806:OK,SUCCESS,nextIndex:630,term:12,followerCommit:628
2019-09-24 17:34:32,107 WARN  server.GrpcLogAppender (GrpcLogAppender.java:onNextImpl(251)) - s2@group-ED203BE14A97->s1-AppendLogResponseHandler: Request not found, ignoring reply: s2<-s1#807:OK,SUCCESS,nextIndex:630,term:12,followerCommit:628
2019-09-24 17:34:32,107 WARN  server.GrpcLogAppender (GrpcLogAppender.java:onNextImpl(251)) - s2@group-ED203BE14A97->s1-AppendLogResponseHandler: Request not found, ignoring reply: s2<-s1#808:OK,SUCCESS,nextIndex:630,term:12,followerCommit:628
2019-09-24 17:34:32,107 WARN  server.GrpcLogAppender (GrpcLogAppender.java:onNextImpl(251)) - s2@group-ED203BE14A97->s1-AppendLogResponseHandler: Request not found, ignoring reply: s2<-s1#809:OK,SUCCESS,nextIndex:630,term:12,followerCommit:628
2019-09-24 17:34:32,107 WARN  server.GrpcLogAppender (GrpcLogAppender.java:onNextImpl(251)) - s2@group-ED203BE14A97->s1-AppendLogResponseHandler: Request not found, ignoring reply: s2<-s1#810:OK,SUCCESS,nextIndex:630,term:12,followerCommit:628
2019-09-24 17:34:32,108 WARN  server.GrpcLogAppender (GrpcLogAppender.java:onNextImpl(251)) - s2@group-ED203BE14A97->s1-AppendLogResponseHandler: Request not found, ignoring reply: s2<-s1#811:OK,SUCCESS,nextIndex:630,term:12,followerCommit:628
2019-09-24 17:34:32,108 WARN  server.GrpcLogAppender (GrpcLogAppender.java:onNextImpl(251)) - s2@group-ED203BE14A97->s1-AppendLogResponseHandler: Request not found, ignoring reply: s2<-s1#812:OK,SUCCESS,nextIndex:630,term:12,followerCommit:628
2019-09-24 17:34:32,108 WARN  server.GrpcLogAppender (GrpcLogAppender.java:onNextImpl(251)) - s2@group-ED203BE14A97->s1-AppendLogResponseHandler: Request not found, ignoring reply: s2<-s1#813:OK,SUCCESS,nextIndex:630,term:12,followerCommit:628
2019-09-24 17:34:32,109 WARN  server.GrpcLogAppender (GrpcLogAppender.java:onNextImpl(251)) - s2@group-ED203BE14A97->s1-AppendLogResponseHandler: Request not found, ignoring reply: s2<-s1#814:OK,SUCCESS,nextIndex:630,term:12,followerCommit:628
2019-09-24 17:34:32,109 WARN  server.GrpcLogAppender (GrpcLogAppender.java:onNextImpl(251)) - s2@group-ED203BE14A97->s1-AppendLogResponseHandler: Request not found, ignoring reply: s2<-s1#815:OK,SUCCESS,nextIndex:630,term:12,followerCommit:628
2019-09-24 17:34:32,109 WARN  server.GrpcLogAppender (GrpcLogAppender.java:onNextImpl(251)) - s2@group-ED203BE14A97->s1-AppendLogResponseHandler: Request not found, ignoring reply: s2<-s1#816:OK,SUCCESS,nextIndex:630,term:12,followerCommit:628
2019-09-24 17:34:32,109 WARN  server.GrpcLogAppender (GrpcLogAppender.java:onNextImpl(251)) - s2@group-ED203BE14A97->s1-AppendLogResponseHandler: Request not found, ignoring reply: s2<-s1#817:OK,SUCCESS,nextIndex:630,term:12,followerCommit:628
2019-09-24 17:34:32,110 WARN  server.GrpcLogAppender (GrpcLogAppender.java:onNextImpl(251)) - s2@group-ED203BE14A97->s1-AppendLogResponseHandler: Request not found, ignoring reply: s2<-s1#818:OK,SUCCESS,nextIndex:630,term:12,followerCommit:628
2019-09-24 17:34:33,813 INFO  ratis.MiniRaftCluster (MiniRaftCluster.java:lambda$null$5(297)) - TIMED-PRINT: printing ALL groups
  s0:  RUNNING  FOLLOWER s0@group-ED203BE14A97:t12, leader=s2, voted=s2, raftlog=s0@group-ED203BE14A97-SegmentedRaftLog:OPENED:c629,f629,i631, conf=0: [s0:0.0.0.0:42001, s1:0.0.0.0:43636, s2:0.0.0.0:41913], old=null RUNNING
  s1:  RUNNING  FOLLOWER s1@group-ED203BE14A97:t12, leader=s2, voted=s1, raftlog=s1@group-ED203BE14A97-SegmentedRaftLog:OPENED:c629,f629,i631, conf=0: [s0:0.0.0.0:42001, s1:0.0.0.0:43636, s2:0.0.0.0:41913], old=null RUNNING
  s2:  RUNNING    LEADER s2@group-ED203BE14A97:t12, leader=s2, voted=s2, raftlog=s2@group-ED203BE14A97-SegmentedRaftLog:OPENED:c629,f629,i631, conf=0: [s0:0.0.0.0:42001, s1:0.0.0.0:43636, s2:0.0.0.0:41913], old=null RUNNING
2019-09-24 17:34:35,048 WARN  server.GrpcLogAppender (GrpcLogAppender.java:timeoutAppendRequest(200)) - s2@group-ED203BE14A97->s1-GrpcLogAppender: appendEntries Timeout, request=s2->s1#858-t12, previous=(t:12, i:629), leaderCommit=629, initializing? false, entries: size=1, first=(t:12, i:630), METADATAENTRY(c629)
2019-09-24 17:34:35,048 WARN  server.GrpcLogAppender (GrpcLogAppender.java:timeoutAppendRequest(200)) - s2@group-ED203BE14A97->s0-GrpcLogAppender: appendEntries Timeout, request=s2->s0#858-t12, previous=(t:12, i:629), leaderCommit=629, initializing? false, entries: size=1, first=(t:12, i:630), METADATAENTRY(c629)
2019-09-24 17:34:35,053 WARN  server.GrpcLogAppender (GrpcLogAppender.java:timeoutAppendRequest(200)) - s2@group-ED203BE14A97->s1-GrpcLogAppender: appendEntries Timeout, request=s2->s1#859-t12, previous=(t:12, i:630), leaderCommit=629, initializing? false, entries: size=1, first=(t:12, i:631), STATEMACHINELOGENTRY, client-236938EB08E4, cid=315
2019-09-24 17:34:35,053 WARN  server.GrpcLogAppender (GrpcLogAppender.java:timeoutAppendRequest(200)) - s2@group-ED203BE14A97->s0-GrpcLogAppender: appendEntries Timeout, request=s2->s0#859-t12, previous=(t:12, i:630), leaderCommit=629, initializing? false, entries: size=1, first=(t:12, i:631), STATEMACHINELOGENTRY, client-236938EB08E4, cid=315
2019-09-24 17:34:35,129 WARN  server.GrpcLogAppender (GrpcLogAppender.java:timeoutAppendRequest(200)) - s2@group-ED203BE14A97->s0-GrpcLogAppender: appendEntries Timeout, request=s2->s0#860-t12, previous=(t:12, i:631), leaderCommit=629, initializing? false, entries: <empty>
2019-09-24 17:34:35,188 WARN  server.GrpcLogAppender (GrpcLogAppender.java:timeoutAppendRequest(200)) - s2@group-ED203BE14A97->s1-GrpcLogAppender: appendEntries Timeout, request=s2->s1#860-t12, previous=(t:12, i:631), leaderCommit=629, initializing? false, entries: <empty>
2019-09-24 17:34:35,204 WARN  server.GrpcLogAppender (GrpcLogAppender.java:timeoutAppendRequest(200)) - s2@group-ED203BE14A97->s0-GrpcLogAppender: appendEntries Timeout, request=s2->s0#861-t12, previous=(t:12, i:631), leaderCommit=629, initializing? false, entries: <empty>
2019-09-24 17:34:35,263 WARN  server.GrpcLogAppender (GrpcLogAppender.java:timeoutAppendRequest(200)) - s2@group-ED203BE14A97->s1-GrpcLogAppender: appendEntries Timeout, request=s2->s1#861-t12, previous=(t:12, i:631), leaderCommit=629, initializing? false, entries: <empty>
2019-09-24 17:34:35,279 WARN  server.GrpcLogAppender (GrpcLogAppender.java:timeoutAppendRequest(200)) - s2@group-ED203BE14A97->s0-GrpcLogAppender: appendEntries Timeout, request=s2->s0#862-t12, previous=(t:12, i:631), leaderCommit=629, initializing? false, entries: <empty>
2019-09-24 17:34:35,339 WARN  server.GrpcLogAppender (GrpcLogAppender.java:timeoutAppendRequest(200)) - s2@group-ED203BE14A97->s1-GrpcLogAppender: appendEntries Timeout, request=s2->s1#862-t12, previous=(t:12, i:631), leaderCommit=629, initializing? false, entries: <empty>
2019-09-24 17:34:35,354 WARN  server.GrpcLogAppender (GrpcLogAppender.java:timeoutAppendRequest(200)) - s2@group-ED203BE14A97->s0-GrpcLogAppender: appendEntries Timeout, request=s2->s0#863-t12, previous=(t:12, i:631), leaderCommit=629, initializing? false, entries: <empty>
2019-09-24 17:34:35,414 WARN  server.GrpcLogAppender (GrpcLogAppender.java:timeoutAppendRequest(200)) - s2@group-ED203BE14A97->s1-GrpcLogAppender: appendEntries Timeout, request=s2->s1#863-t12, previous=(t:12, i:631), leaderCommit=629, initializing? false, entries: <empty>
2019-09-24 17:34:35,430 WARN  server.GrpcLogAppender (GrpcLogAppender.java:timeoutAppendRequest(200)) - s2@group-ED203BE14A97->s0-GrpcLogAppender: appendEntries Timeout, request=s2->s0#864-t12, previous=(t:12, i:631), leaderCommit=629, initializing? false, entries: <empty>
2019-09-24 17:34:35,489 WARN  server.GrpcLogAppender (GrpcLogAppender.java:timeoutAppendRequest(200)) - s2@group-ED203BE14A97->s1-GrpcLogAppender: appendEntries Timeout, request=s2->s1#864-t12, previous=(t:12, i:631), leaderCommit=629, initializing? false, entries: <empty>
2019-09-24 17:34:35,505 WARN  server.GrpcLogAppender (GrpcLogAppender.java:timeoutAppendRequest(200)) - s2@group-ED203BE14A97->s0-GrpcLogAppender: appendEntries Timeout, request=s2->s0#865-t12, previous=(t:12, i:631), leaderCommit=629, initializing? false, entries: <empty>
2019-09-24 17:34:35,564 WARN  server.GrpcLogAppender (GrpcLogAppender.java:timeoutAppendRequest(200)) - s2@group-ED203BE14A97->s1-GrpcLogAppender: appendEntries Timeout, request=s2->s1#865-t12, previous=(t:12, i:631), leaderCommit=629, initializing? false, entries: <empty>
2019-09-24 17:34:35,580 WARN  server.GrpcLogAppender (GrpcLogAppender.java:timeoutAppendRequest(200)) - s2@group-ED203BE14A97->s0-GrpcLogAppender: appendEntries Timeout, request=s2->s0#866-t12, previous=(t:12, i:631), leaderCommit=629, initializing? false, entries: <empty>
2019-09-24 17:34:35,639 WARN  server.GrpcLogAppender (GrpcLogAppender.java:timeoutAppendRequest(200)) - s2@group-ED203BE14A97->s1-GrpcLogAppender: appendEntries Timeout, request=s2->s1#866-t12, previous=(t:12, i:631), leaderCommit=629, initializing? false, entries: <empty>
2019-09-24 17:34:35,655 WARN  server.GrpcLogAppender (GrpcLogAppender.java:timeoutAppendRequest(200)) - s2@group-ED203BE14A97->s0-GrpcLogAppender: appendEntries Timeout, request=s2->s0#867-t12, previous=(t:12, i:631), leaderCommit=629, initializing? false, entries: <empty>
2019-09-24 17:34:35,715 WARN  server.GrpcLogAppender (GrpcLogAppender.java:timeoutAppendRequest(200)) - s2@group-ED203BE14A97->s1-GrpcLogAppender: appendEntries Timeout, request=s2->s1#867-t12, previous=(t:12, i:631), leaderCommit=629, initializing? false, entries: <empty>
2019-09-24 17:34:35,731 WARN  server.GrpcLogAppender (GrpcLogAppender.java:timeoutAppendRequest(200)) - s2@group-ED203BE14A97->s0-GrpcLogAppender: appendEntries Timeout, request=s2->s0#868-t12, previous=(t:12, i:631), leaderCommit=629, initializing? false, entries: <empty>
2019-09-24 17:34:35,790 WARN  server.GrpcLogAppender (GrpcLogAppender.java:timeoutAppendRequest(200)) - s2@group-ED203BE14A97->s1-GrpcLogAppender: appendEntries Timeout, request=s2->s1#868-t12, previous=(t:12, i:631), leaderCommit=629, initializing? false, entries: <empty>
2019-09-24 17:34:35,806 WARN  server.GrpcLogAppender (GrpcLogAppender.java:timeoutAppendRequest(200)) - s2@group-ED203BE14A97->s0-GrpcLogAppender: appendEntries Timeout, request=s2->s0#869-t12, previous=(t:12, i:631), leaderCommit=629, initializing? false, entries: <empty>
2019-09-24 17:34:35,865 WARN  server.GrpcLogAppender (GrpcLogAppender.java:timeoutAppendRequest(200)) - s2@group-ED203BE14A97->s1-GrpcLogAppender: appendEntries Timeout, request=s2->s1#869-t12, previous=(t:12, i:631), leaderCommit=629, initializing? false, entries: <empty>
2019-09-24 17:34:35,881 WARN  server.GrpcLogAppender (GrpcLogAppender.java:timeoutAppendRequest(200)) - s2@group-ED203BE14A97->s0-GrpcLogAppender: appendEntries Timeout, request=s2->s0#870-t12, previous=(t:12, i:631), leaderCommit=629, initializing? false, entries: <empty>
2019-09-24 17:34:35,941 WARN  server.GrpcLogAppender (GrpcLogAppender.java:timeoutAppendRequest(200)) - s2@group-ED203BE14A97->s1-GrpcLogAppender: appendEntries Timeout, request=s2->s1#870-t12, previous=(t:12, i:631), leaderCommit=629, initializing? false, entries: <empty>
2019-09-24 17:34:35,956 WARN  server.GrpcLogAppender (GrpcLogAppender.java:timeoutAppendRequest(200)) - s2@group-ED203BE14A97->s0-GrpcLogAppender: appendEntries Timeout, request=s2->s0#871-t12, previous=(t:12, i:631), leaderCommit=629, initializing? false, entries: <empty>
2019-09-24 17:34:36,016 WARN  server.GrpcLogAppender (GrpcLogAppender.java:timeoutAppendRequest(200)) - s2@group-ED203BE14A97->s1-GrpcLogAppender: appendEntries Timeout, request=s2->s1#871-t12, previous=(t:12, i:631), leaderCommit=629, initializing? false, entries: <empty>
2019-09-24 17:34:36,032 WARN  server.GrpcLogAppender (GrpcLogAppender.java:timeoutAppendRequest(200)) - s2@group-ED203BE14A97->s0-GrpcLogAppender: appendEntries Timeout, request=s2->s0#872-t12, previous=(t:12, i:631), leaderCommit=629, initializing? false, entries: <empty>
2019-09-24 17:34:36,091 WARN  server.GrpcLogAppender (GrpcLogAppender.java:timeoutAppendRequest(200)) - s2@group-ED203BE14A97->s1-GrpcLogAppender: appendEntries Timeout, request=s2->s1#872-t12, previous=(t:12, i:631), leaderCommit=629, initializing? false, entries: <empty>
2019-09-24 17:34:36,107 WARN  server.GrpcLogAppender (GrpcLogAppender.java:timeoutAppendRequest(200)) - s2@group-ED203BE14A97->s0-GrpcLogAppender: appendEntries Timeout, request=s2->s0#873-t12, previous=(t:12, i:631), leaderCommit=629, initializing? false, entries: <empty>
2019-09-24 17:34:36,167 WARN  server.GrpcLogAppender (GrpcLogAppender.java:timeoutAppendRequest(200)) - s2@group-ED203BE14A97->s1-GrpcLogAppender: appendEntries Timeout, request=s2->s1#873-t12, previous=(t:12, i:631), leaderCommit=629, initializing? false, entries: <empty>
2019-09-24 17:34:36,182 WARN  server.GrpcLogAppender (GrpcLogAppender.java:timeoutAppendRequest(200)) - s2@group-ED203BE14A97->s0-GrpcLogAppender: appendEntries Timeout, request=s2->s0#874-t12, previous=(t:12, i:631), leaderCommit=629, initializing? false, entries: <empty>
2019-09-24 17:34:36,242 WARN  server.GrpcLogAppender (GrpcLogAppender.java:timeoutAppendRequest(200)) - s2@group-ED203BE14A97->s1-GrpcLogAppender: appendEntries Timeout, request=s2->s1#874-t12, previous=(t:12, i:631), leaderCommit=629, initializing? false, entries: <empty>
2019-09-24 17:34:36,258 WARN  server.GrpcLogAppender (GrpcLogAppender.java:timeoutAppendRequest(200)) - s2@group-ED203BE14A97->s0-GrpcLogAppender: appendEntries Timeout, request=s2->s0#875-t12, previous=(t:12, i:631), leaderCommit=629, initializing? false, entries: <empty>
2019-09-24 17:34:36,317 WARN  server.GrpcLogAppender (GrpcLogAppender.java:timeoutAppendRequest(200)) - s2@group-ED203BE14A97->s1-GrpcLogAppender: appendEntries Timeout, request=s2->s1#875-t12, previous=(t:12, i:631), leaderCommit=629, initializing? false, entries: <empty>
2019-09-24 17:34:36,333 WARN  server.GrpcLogAppender (GrpcLogAppender.java:timeoutAppendRequest(200)) - s2@group-ED203BE14A97->s0-GrpcLogAppender: appendEntries Timeout, request=s2->s0#876-t12, previous=(t:12, i:631), leaderCommit=629, initializing? false, entries: <empty>
2019-09-24 17:34:36,393 WARN  server.GrpcLogAppender (GrpcLogAppender.java:timeoutAppendRequest(200)) - s2@group-ED203BE14A97->s1-GrpcLogAppender: appendEntries Timeout, request=s2->s1#876-t12, previous=(t:12, i:631), leaderCommit=629, initializing? false, entries: <empty>
2019-09-24 17:34:36,408 WARN  server.GrpcLogAppender (GrpcLogAppender.java:timeoutAppendRequest(200)) - s2@group-ED203BE14A97->s0-GrpcLogAppender: appendEntries Timeout, request=s2->s0#877-t12, previous=(t:12, i:631), leaderCommit=629, initializing? false, entries: <empty>
2019-09-24 17:34:36,468 WARN  server.GrpcLogAppender (GrpcLogAppender.java:timeoutAppendRequest(200)) - s2@group-ED203BE14A97->s1-GrpcLogAppender: appendEntries Timeout, request=s2->s1#877-t12, previous=(t:12, i:631), leaderCommit=629, initializing? false, entries: <empty>
2019-09-24 17:34:36,483 WARN  server.GrpcLogAppender (GrpcLogAppender.java:timeoutAppendRequest(200)) - s2@group-ED203BE14A97->s0-GrpcLogAppender: appendEntries Timeout, request=s2->s0#878-t12, previous=(t:12, i:631), leaderCommit=629, initializing? false, entries: <empty>
2019-09-24 17:34:36,489 WARN  server.GrpcLogAppender (GrpcLogAppender.java:onNextImpl(251)) - s2@group-ED203BE14A97->s0-AppendLogResponseHandler: Request not found, ignoring reply: s2<-s0#858:OK,SUCCESS,nextIndex:631,term:12,followerCommit:629
2019-09-24 17:34:36,490 WARN  server.GrpcLogAppender (GrpcLogAppender.java:onNextImpl(251)) - s2@group-ED203BE14A97->s1-AppendLogResponseHandler: Request not found, ignoring reply: s2<-s1#858:OK,SUCCESS,nextIndex:631,term:12,followerCommit:629
2019-09-24 17:34:36,490 WARN  server.GrpcLogAppender (GrpcLogAppender.java:onNextImpl(251)) - s2@group-ED203BE14A97->s1-AppendLogResponseHandler: Request not found, ignoring reply: s2<-s1#859:OK,SUCCESS,nextIndex:632,term:12,followerCommit:629
2019-09-24 17:34:36,490 WARN  server.GrpcLogAppender (GrpcLogAppender.java:onNextImpl(251)) - s2@group-ED203BE14A97->s0-AppendLogResponseHandler: Request not found, ignoring reply: s2<-s0#859:OK,SUCCESS,nextIndex:632,term:12,followerCommit:629
2019-09-24 17:34:36,490 WARN  server.GrpcLogAppender (GrpcLogAppender.java:onNextImpl(251)) - s2@group-ED203BE14A97->s1-AppendLogResponseHandler: Request not found, ignoring reply: s2<-s1#860:OK,SUCCESS,nextIndex:632,term:12,followerCommit:629
2019-09-24 17:34:36,491 WARN  server.GrpcLogAppender (GrpcLogAppender.java:onNextImpl(251)) - s2@group-ED203BE14A97->s0-AppendLogResponseHandler: Request not found, ignoring reply: s2<-s0#860:OK,SUCCESS,nextIndex:632,term:12,followerCommit:629
2019-09-24 17:34:36,491 WARN  server.GrpcLogAppender (GrpcLogAppender.java:onNextImpl(251)) - s2@group-ED203BE14A97->s1-AppendLogResponseHandler: Request not found, ignoring reply: s2<-s1#861:OK,SUCCESS,nextIndex:632,term:12,followerCommit:629
2019-09-24 17:34:36,491 WARN  server.GrpcLogAppender (GrpcLogAppender.java:onNextImpl(251)) - s2@group-ED203BE14A97->s0-AppendLogResponseHandler: Request not found, ignoring reply: s2<-s0#861:OK,SUCCESS,nextIndex:632,term:12,followerCommit:629
2019-09-24 17:34:36,491 WARN  server.GrpcLogAppender (GrpcLogAppender.java:onNextImpl(251)) - s2@group-ED203BE14A97->s1-AppendLogResponseHandler: Request not found, ignoring reply: s2<-s1#862:OK,SUCCESS,nextIndex:632,term:12,followerCommit:629
2019-09-24 17:34:36,491 WARN  server.GrpcLogAppender (GrpcLogAppender.java:onNextImpl(251)) - s2@group-ED203BE14A97->s0-AppendLogResponseHandler: Request not found, ignoring reply: s2<-s0#862:OK,SUCCESS,nextIndex:632,term:12,followerCommit:629
2019-09-24 17:34:36,492 WARN  server.GrpcLogAppender (GrpcLogAppender.java:onNextImpl(251)) - s2@group-ED203BE14A97->s1-AppendLogResponseHandler: Request not found, ignoring reply: s2<-s1#863:OK,SUCCESS,nextIndex:632,term:12,followerCommit:629
2019-09-24 17:34:36,492 WARN  server.GrpcLogAppender (GrpcLogAppender.java:onNextImpl(251)) - s2@group-ED203BE14A97->s0-AppendLogResponseHandler: Request not found, ignoring reply: s2<-s0#863:OK,SUCCESS,nextIndex:632,term:12,followerCommit:629
2019-09-24 17:34:36,492 WARN  server.GrpcLogAppender (GrpcLogAppender.java:onNextImpl(251)) - s2@group-ED203BE14A97->s1-AppendLogResponseHandler: Request not found, ignoring reply: s2<-s1#864:OK,SUCCESS,nextIndex:632,term:12,followerCommit:629
2019-09-24 17:34:36,494 WARN  server.GrpcLogAppender (GrpcLogAppender.java:onNextImpl(251)) - s2@group-ED203BE14A97->s0-AppendLogResponseHandler: Request not found, ignoring reply: s2<-s0#864:OK,SUCCESS,nextIndex:632,term:12,followerCommit:629
2019-09-24 17:34:36,494 WARN  server.GrpcLogAppender (GrpcLogAppender.java:onNextImpl(251)) - s2@group-ED203BE14A97->s1-AppendLogResponseHandler: Request not found, ignoring reply: s2<-s1#865:OK,SUCCESS,nextIndex:632,term:12,followerCommit:629
2019-09-24 17:34:36,494 WARN  server.GrpcLogAppender (GrpcLogAppender.java:onNextImpl(251)) - s2@group-ED203BE14A97->s0-AppendLogResponseHandler: Request not found, ignoring reply: s2<-s0#865:OK,SUCCESS,nextIndex:632,term:12,followerCommit:629
2019-09-24 17:34:36,494 WARN  server.GrpcLogAppender (GrpcLogAppender.java:onNextImpl(251)) - s2@group-ED203BE14A97->s1-AppendLogResponseHandler: Request not found, ignoring reply: s2<-s1#866:OK,SUCCESS,nextIndex:632,term:12,followerCommit:629
2019-09-24 17:34:36,494 WARN  server.GrpcLogAppender (GrpcLogAppender.java:onNextImpl(251)) - s2@group-ED203BE14A97->s0-AppendLogResponseHandler: Request not found, ignoring reply: s2<-s0#866:OK,SUCCESS,nextIndex:632,term:12,followerCommit:629
2019-09-24 17:34:36,495 WARN  server.GrpcLogAppender (GrpcLogAppender.java:onNextImpl(251)) - s2@group-ED203BE14A97->s1-AppendLogResponseHandler: Request not found, ignoring reply: s2<-s1#867:OK,SUCCESS,nextIndex:632,term:12,followerCommit:629
2019-09-24 17:34:36,495 WARN  server.GrpcLogAppender (GrpcLogAppender.java:onNextImpl(251)) - s2@group-ED203BE14A97->s0-AppendLogResponseHandler: Request not found, ignoring reply: s2<-s0#867:OK,SUCCESS,nextIndex:632,term:12,followerCommit:629
2019-09-24 17:34:36,495 WARN  server.GrpcLogAppender (GrpcLogAppender.java:onNextImpl(251)) - s2@group-ED203BE14A97->s1-AppendLogResponseHandler: Request not found, ignoring reply: s2<-s1#868:OK,SUCCESS,nextIndex:632,term:12,followerCommit:629
2019-09-24 17:34:36,495 WARN  server.GrpcLogAppender (GrpcLogAppender.java:onNextImpl(251)) - s2@group-ED203BE14A97->s0-AppendLogResponseHandler: Request not found, ignoring reply: s2<-s0#868:OK,SUCCESS,nextIndex:632,term:12,followerCommit:629
2019-09-24 17:34:36,495 WARN  server.GrpcLogAppender (GrpcLogAppender.java:onNextImpl(251)) - s2@group-ED203BE14A97->s1-AppendLogResponseHandler: Request not found, ignoring reply: s2<-s1#869:OK,SUCCESS,nextIndex:632,term:12,followerCommit:629
2019-09-24 17:34:36,496 WARN  server.GrpcLogAppender (GrpcLogAppender.java:onNextImpl(251)) - s2@group-ED203BE14A97->s0-AppendLogResponseHandler: Request not found, ignoring reply: s2<-s0#869:OK,SUCCESS,nextIndex:632,term:12,followerCommit:629
2019-09-24 17:34:36,496 WARN  server.GrpcLogAppender (GrpcLogAppender.java:onNextImpl(251)) - s2@group-ED203BE14A97->s1-AppendLogResponseHandler: Request not found, ignoring reply: s2<-s1#870:OK,SUCCESS,nextIndex:632,term:12,followerCommit:629
2019-09-24 17:34:36,496 WARN  server.GrpcLogAppender (GrpcLogAppender.java:onNextImpl(251)) - s2@group-ED203BE14A97->s0-AppendLogResponseHandler: Request not found, ignoring reply: s2<-s0#870:OK,SUCCESS,nextIndex:632,term:12,followerCommit:629
2019-09-24 17:34:36,496 WARN  server.GrpcLogAppender (GrpcLogAppender.java:onNextImpl(251)) - s2@group-ED203BE14A97->s1-AppendLogResponseHandler: Request not found, ignoring reply: s2<-s1#871:OK,SUCCESS,nextIndex:632,term:12,followerCommit:629
2019-09-24 17:34:36,496 WARN  server.GrpcLogAppender (GrpcLogAppender.java:onNextImpl(251)) - s2@group-ED203BE14A97->s0-AppendLogResponseHandler: Request not found, ignoring reply: s2<-s0#871:OK,SUCCESS,nextIndex:632,term:12,followerCommit:629
2019-09-24 17:34:36,496 WARN  server.GrpcLogAppender (GrpcLogAppender.java:onNextImpl(251)) - s2@group-ED203BE14A97->s1-AppendLogResponseHandler: Request not found, ignoring reply: s2<-s1#872:OK,SUCCESS,nextIndex:632,term:12,followerCommit:629
2019-09-24 17:34:36,497 WARN  server.GrpcLogAppender (GrpcLogAppender.java:onNextImpl(251)) - s2@group-ED203BE14A97->s0-AppendLogResponseHandler: Request not found, ignoring reply: s2<-s0#872:OK,SUCCESS,nextIndex:632,term:12,followerCommit:629
2019-09-24 17:34:36,497 WARN  server.GrpcLogAppender (GrpcLogAppender.java:onNextImpl(251)) - s2@group-ED203BE14A97->s1-AppendLogResponseHandler: Request not found, ignoring reply: s2<-s1#873:OK,SUCCESS,nextIndex:632,term:12,followerCommit:629
2019-09-24 17:34:36,497 WARN  server.GrpcLogAppender (GrpcLogAppender.java:onNextImpl(251)) - s2@group-ED203BE14A97->s0-AppendLogResponseHandler: Request not found, ignoring reply: s2<-s0#873:OK,SUCCESS,nextIndex:632,term:12,followerCommit:629
2019-09-24 17:34:36,497 WARN  server.GrpcLogAppender (GrpcLogAppender.java:onNextImpl(251)) - s2@group-ED203BE14A97->s1-AppendLogResponseHandler: Request not found, ignoring reply: s2<-s1#874:OK,SUCCESS,nextIndex:632,term:12,followerCommit:629
2019-09-24 17:34:36,497 WARN  server.GrpcLogAppender (GrpcLogAppender.java:onNextImpl(251)) - s2@group-ED203BE14A97->s0-AppendLogResponseHandler: Request not found, ignoring reply: s2<-s0#874:OK,SUCCESS,nextIndex:632,term:12,followerCommit:629
2019-09-24 17:34:36,497 WARN  server.GrpcLogAppender (GrpcLogAppender.java:onNextImpl(251)) - s2@group-ED203BE14A97->s1-AppendLogResponseHandler: Request not found, ignoring reply: s2<-s1#875:OK,SUCCESS,nextIndex:632,term:12,followerCommit:629
2019-09-24 17:34:36,498 WARN  server.GrpcLogAppender (GrpcLogAppender.java:onNextImpl(251)) - s2@group-ED203BE14A97->s0-AppendLogResponseHandler: Request not found, ignoring reply: s2<-s0#875:OK,SUCCESS,nextIndex:632,term:12,followerCommit:629
2019-09-24 17:34:36,498 WARN  server.GrpcLogAppender (GrpcLogAppender.java:onNextImpl(251)) - s2@group-ED203BE14A97->s1-AppendLogResponseHandler: Request not found, ignoring reply: s2<-s1#876:OK,SUCCESS,nextIndex:632,term:12,followerCommit:629
2019-09-24 17:34:36,498 WARN  server.GrpcLogAppender (GrpcLogAppender.java:onNextImpl(251)) - s2@group-ED203BE14A97->s0-AppendLogResponseHandler: Request not found, ignoring reply: s2<-s0#876:OK,SUCCESS,nextIndex:632,term:12,followerCommit:629
2019-09-24 17:34:36,498 WARN  server.GrpcLogAppender (GrpcLogAppender.java:onNextImpl(251)) - s2@group-ED203BE14A97->s1-AppendLogResponseHandler: Request not found, ignoring reply: s2<-s1#877:OK,SUCCESS,nextIndex:632,term:12,followerCommit:629
2019-09-24 17:34:36,498 WARN  server.GrpcLogAppender (GrpcLogAppender.java:onNextImpl(251)) - s2@group-ED203BE14A97->s0-AppendLogResponseHandler: Request not found, ignoring reply: s2<-s0#877:OK,SUCCESS,nextIndex:632,term:12,followerCommit:629
2019-09-24 17:34:36,498 WARN  server.GrpcLogAppender (GrpcLogAppender.java:onNextImpl(251)) - s2@group-ED203BE14A97->s0-AppendLogResponseHandler: Request not found, ignoring reply: s2<-s0#878:OK,SUCCESS,nextIndex:632,term:12,followerCommit:629
2019-09-24 17:34:42,074 WARN  server.GrpcLogAppender (GrpcLogAppender.java:timeoutAppendRequest(200)) - s2@group-ED203BE14A97->s1-GrpcLogAppender: appendEntries Timeout, request=s2->s1#1000-t12, previous=(t:12, i:686), leaderCommit=685, initializing? false, entries: size=1, first=(t:12, i:687), STATEMACHINELOGENTRY, client-236938EB08E4, cid=343
2019-09-24 17:34:42,074 WARN  server.GrpcLogAppender (GrpcLogAppender.java:timeoutAppendRequest(200)) - s2@group-ED203BE14A97->s0-GrpcLogAppender: appendEntries Timeout, request=s2->s0#1000-t12, previous=(t:12, i:686), leaderCommit=685, initializing? false, entries: size=1, first=(t:12, i:687), STATEMACHINELOGENTRY, client-236938EB08E4, cid=343
2019-09-24 17:34:42,167 WARN  server.GrpcLogAppender (GrpcLogAppender.java:timeoutAppendRequest(200)) - s2@group-ED203BE14A97->s0-GrpcLogAppender: appendEntries Timeout, request=s2->s0#1001-t12, previous=(t:12, i:687), leaderCommit=686, initializing? false, entries: <empty>
2019-09-24 17:34:42,169 WARN  server.GrpcLogAppender (GrpcLogAppender.java:timeoutAppendRequest(200)) - s2@group-ED203BE14A97->s1-GrpcLogAppender: appendEntries Timeout, request=s2->s1#1001-t12, previous=(t:12, i:687), leaderCommit=686, initializing? false, entries: <empty>
2019-09-24 17:34:42,242 WARN  server.GrpcLogAppender (GrpcLogAppender.java:timeoutAppendRequest(200)) - s2@group-ED203BE14A97->s0-GrpcLogAppender: appendEntries Timeout, request=s2->s0#1002-t12, previous=(t:12, i:687), leaderCommit=686, initializing? false, entries: <empty>
2019-09-24 17:34:42,244 WARN  server.GrpcLogAppender (GrpcLogAppender.java:timeoutAppendRequest(200)) - s2@group-ED203BE14A97->s1-GrpcLogAppender: appendEntries Timeout, request=s2->s1#1002-t12, previous=(t:12, i:687), leaderCommit=686, initializing? false, entries: <empty>
2019-09-24 17:34:42,318 WARN  server.GrpcLogAppender (GrpcLogAppender.java:timeoutAppendRequest(200)) - s2@group-ED203BE14A97->s0-GrpcLogAppender: appendEntries Timeout, request=s2->s0#1003-t12, previous=(t:12, i:687), leaderCommit=686, initializing? false, entries: <empty>
2019-09-24 17:34:42,319 WARN  server.GrpcLogAppender (GrpcLogAppender.java:timeoutAppendRequest(200)) - s2@group-ED203BE14A97->s1-GrpcLogAppender: appendEntries Timeout, request=s2->s1#1003-t12, previous=(t:12, i:687), leaderCommit=686, initializing? false, entries: <empty>
2019-09-24 17:34:42,393 WARN  server.GrpcLogAppender (GrpcLogAppender.java:timeoutAppendRequest(200)) - s2@group-ED203BE14A97->s0-GrpcLogAppender: appendEntries Timeout, request=s2->s0#1004-t12, previous=(t:12, i:687), leaderCommit=686, initializing? false, entries: <empty>
2019-09-24 17:34:42,394 WARN  server.GrpcLogAppender (GrpcLogAppender.java:timeoutAppendRequest(200)) - s2@group-ED203BE14A97->s1-GrpcLogAppender: appendEntries Timeout, request=s2->s1#1004-t12, previous=(t:12, i:687), leaderCommit=686, initializing? false, entries: <empty>
2019-09-24 17:34:42,468 WARN  server.GrpcLogAppender (GrpcLogAppender.java:timeoutAppendRequest(200)) - s2@group-ED203BE14A97->s0-GrpcLogAppender: appendEntries Timeout, request=s2->s0#1005-t12, previous=(t:12, i:687), leaderCommit=686, initializing? false, entries: <empty>
2019-09-24 17:34:42,469 WARN  server.GrpcLogAppender (GrpcLogAppender.java:timeoutAppendRequest(200)) - s2@group-ED203BE14A97->s1-GrpcLogAppender: appendEntries Timeout, request=s2->s1#1005-t12, previous=(t:12, i:687), leaderCommit=686, initializing? false, entries: <empty>
2019-09-24 17:34:42,543 WARN  server.GrpcLogAppender (GrpcLogAppender.java:timeoutAppendRequest(200)) - s2@group-ED203BE14A97->s0-GrpcLogAppender: appendEntries Timeout, request=s2->s0#1006-t12, previous=(t:12, i:687), leaderCommit=686, initializing? false, entries: <empty>
2019-09-24 17:34:42,545 WARN  server.GrpcLogAppender (GrpcLogAppender.java:timeoutAppendRequest(200)) - s2@group-ED203BE14A97->s1-GrpcLogAppender: appendEntries Timeout, request=s2->s1#1006-t12, previous=(t:12, i:687), leaderCommit=686, initializing? false, entries: <empty>
2019-09-24 17:34:42,619 WARN  server.GrpcLogAppender (GrpcLogAppender.java:timeoutAppendRequest(200)) - s2@group-ED203BE14A97->s0-GrpcLogAppender: appendEntries Timeout, request=s2->s0#1007-t12, previous=(t:12, i:687), leaderCommit=686, initializing? false, entries: <empty>
2019-09-24 17:34:42,620 WARN  server.GrpcLogAppender (GrpcLogAppender.java:timeoutAppendRequest(200)) - s2@group-ED203BE14A97->s1-GrpcLogAppender: appendEntries Timeout, request=s2->s1#1007-t12, previous=(t:12, i:687), leaderCommit=686, initializing? false, entries: <empty>
2019-09-24 17:34:42,694 WARN  server.GrpcLogAppender (GrpcLogAppender.java:timeoutAppendRequest(200)) - s2@group-ED203BE14A97->s0-GrpcLogAppender: appendEntries Timeout, request=s2->s0#1008-t12, previous=(t:12, i:687), leaderCommit=686, initializing? false, entries: <empty>
2019-09-24 17:34:42,695 WARN  server.GrpcLogAppender (GrpcLogAppender.java:timeoutAppendRequest(200)) - s2@group-ED203BE14A97->s1-GrpcLogAppender: appendEntries Timeout, request=s2->s1#1008-t12, previous=(t:12, i:687), leaderCommit=686, initializing? false, entries: <empty>
2019-09-24 17:34:42,769 WARN  server.GrpcLogAppender (GrpcLogAppender.java:timeoutAppendRequest(200)) - s2@group-ED203BE14A97->s0-GrpcLogAppender: appendEntries Timeout, request=s2->s0#1009-t12, previous=(t:12, i:687), leaderCommit=686, initializing? false, entries: <empty>
2019-09-24 17:34:42,770 WARN  server.GrpcLogAppender (GrpcLogAppender.java:timeoutAppendRequest(200)) - s2@group-ED203BE14A97->s1-GrpcLogAppender: appendEntries Timeout, request=s2->s1#1009-t12, previous=(t:12, i:687), leaderCommit=686, initializing? false, entries: <empty>
2019-09-24 17:34:42,844 WARN  server.GrpcLogAppender (GrpcLogAppender.java:timeoutAppendRequest(200)) - s2@group-ED203BE14A97->s0-GrpcLogAppender: appendEntries Timeout, request=s2->s0#1010-t12, previous=(t:12, i:687), leaderCommit=686, initializing? false, entries: <empty>
2019-09-24 17:34:42,846 WARN  server.GrpcLogAppender (GrpcLogAppender.java:timeoutAppendRequest(200)) - s2@group-ED203BE14A97->s1-GrpcLogAppender: appendEntries Timeout, request=s2->s1#1010-t12, previous=(t:12, i:687), leaderCommit=686, initializing? false, entries: <empty>
2019-09-24 17:34:42,920 WARN  server.GrpcLogAppender (GrpcLogAppender.java:timeoutAppendRequest(200)) - s2@group-ED203BE14A97->s0-GrpcLogAppender: appendEntries Timeout, request=s2->s0#1011-t12, previous=(t:12, i:687), leaderCommit=686, initializing? false, entries: <empty>
2019-09-24 17:34:42,921 WARN  server.GrpcLogAppender (GrpcLogAppender.java:timeoutAppendRequest(200)) - s2@group-ED203BE14A97->s1-GrpcLogAppender: appendEntries Timeout, request=s2->s1#1011-t12, previous=(t:12, i:687), leaderCommit=686, initializing? false, entries: <empty>
2019-09-24 17:34:42,995 WARN  server.GrpcLogAppender (GrpcLogAppender.java:timeoutAppendRequest(200)) - s2@group-ED203BE14A97->s0-GrpcLogAppender: appendEntries Timeout, request=s2->s0#1012-t12, previous=(t:12, i:687), leaderCommit=686, initializing? false, entries: <empty>
2019-09-24 17:34:42,996 WARN  server.GrpcLogAppender (GrpcLogAppender.java:timeoutAppendRequest(200)) - s2@group-ED203BE14A97->s1-GrpcLogAppender: appendEntries Timeout, request=s2->s1#1012-t12, previous=(t:12, i:687), leaderCommit=686, initializing? false, entries: <empty>
2019-09-24 17:34:43,070 WARN  server.GrpcLogAppender (GrpcLogAppender.java:timeoutAppendRequest(200)) - s2@group-ED203BE14A97->s0-GrpcLogAppender: appendEntries Timeout, request=s2->s0#1013-t12, previous=(t:12, i:687), leaderCommit=686, initializing? false, entries: <empty>
2019-09-24 17:34:43,071 WARN  server.GrpcLogAppender (GrpcLogAppender.java:timeoutAppendRequest(200)) - s2@group-ED203BE14A97->s1-GrpcLogAppender: appendEntries Timeout, request=s2->s1#1013-t12, previous=(t:12, i:687), leaderCommit=686, initializing? false, entries: <empty>
2019-09-24 17:34:43,145 WARN  server.GrpcLogAppender (GrpcLogAppender.java:timeoutAppendRequest(200)) - s2@group-ED203BE14A97->s0-GrpcLogAppender: appendEntries Timeout, request=s2->s0#1014-t12, previous=(t:12, i:687), leaderCommit=686, initializing? false, entries: <empty>
2019-09-24 17:34:43,147 WARN  server.GrpcLogAppender (GrpcLogAppender.java:timeoutAppendRequest(200)) - s2@group-ED203BE14A97->s1-GrpcLogAppender: appendEntries Timeout, request=s2->s1#1014-t12, previous=(t:12, i:687), leaderCommit=686, initializing? false, entries: <empty>
2019-09-24 17:34:43,221 WARN  server.GrpcLogAppender (GrpcLogAppender.java:timeoutAppendRequest(200)) - s2@group-ED203BE14A97->s0-GrpcLogAppender: appendEntries Timeout, request=s2->s0#1015-t12, previous=(t:12, i:687), leaderCommit=686, initializing? false, entries: <empty>
2019-09-24 17:34:43,222 WARN  server.GrpcLogAppender (GrpcLogAppender.java:timeoutAppendRequest(200)) - s2@group-ED203BE14A97->s1-GrpcLogAppender: appendEntries Timeout, request=s2->s1#1015-t12, previous=(t:12, i:687), leaderCommit=686, initializing? false, entries: <empty>
2019-09-24 17:34:43,296 WARN  server.GrpcLogAppender (GrpcLogAppender.java:timeoutAppendRequest(200)) - s2@group-ED203BE14A97->s0-GrpcLogAppender: appendEntries Timeout, request=s2->s0#1016-t12, previous=(t:12, i:687), leaderCommit=686, initializing? false, entries: <empty>
2019-09-24 17:34:43,297 WARN  server.GrpcLogAppender (GrpcLogAppender.java:timeoutAppendRequest(200)) - s2@group-ED203BE14A97->s1-GrpcLogAppender: appendEntries Timeout, request=s2->s1#1016-t12, previous=(t:12, i:687), leaderCommit=686, initializing? false, entries: <empty>
2019-09-24 17:34:43,371 WARN  server.GrpcLogAppender (GrpcLogAppender.java:timeoutAppendRequest(200)) - s2@group-ED203BE14A97->s0-GrpcLogAppender: appendEntries Timeout, request=s2->s0#1017-t12, previous=(t:12, i:687), leaderCommit=686, initializing? false, entries: <empty>
2019-09-24 17:34:43,372 WARN  server.GrpcLogAppender (GrpcLogAppender.java:timeoutAppendRequest(200)) - s2@group-ED203BE14A97->s1-GrpcLogAppender: appendEntries Timeout, request=s2->s1#1017-t12, previous=(t:12, i:687), leaderCommit=686, initializing? false, entries: <empty>
2019-09-24 17:34:43,446 WARN  server.GrpcLogAppender (GrpcLogAppender.java:timeoutAppendRequest(200)) - s2@group-ED203BE14A97->s0-GrpcLogAppender: appendEntries Timeout, request=s2->s0#1018-t12, previous=(t:12, i:687), leaderCommit=686, initializing? false, entries: <empty>
2019-09-24 17:34:43,448 WARN  server.GrpcLogAppender (GrpcLogAppender.java:timeoutAppendRequest(200)) - s2@group-ED203BE14A97->s1-GrpcLogAppender: appendEntries Timeout, request=s2->s1#1018-t12, previous=(t:12, i:687), leaderCommit=686, initializing? false, entries: <empty>
2019-09-24 17:34:43,522 WARN  server.GrpcLogAppender (GrpcLogAppender.java:timeoutAppendRequest(200)) - s2@group-ED203BE14A97->s0-GrpcLogAppender: appendEntries Timeout, request=s2->s0#1019-t12, previous=(t:12, i:687), leaderCommit=686, initializing? false, entries: <empty>
2019-09-24 17:34:43,523 WARN  server.GrpcLogAppender (GrpcLogAppender.java:timeoutAppendRequest(200)) - s2@group-ED203BE14A97->s1-GrpcLogAppender: appendEntries Timeout, request=s2->s1#1019-t12, previous=(t:12, i:687), leaderCommit=686, initializing? false, entries: <empty>
2019-09-24 17:34:43,597 WARN  server.GrpcLogAppender (GrpcLogAppender.java:timeoutAppendRequest(200)) - s2@group-ED203BE14A97->s0-GrpcLogAppender: appendEntries Timeout, request=s2->s0#1020-t12, previous=(t:12, i:687), leaderCommit=686, initializing? false, entries: <empty>
2019-09-24 17:34:43,598 WARN  server.GrpcLogAppender (GrpcLogAppender.java:timeoutAppendRequest(200)) - s2@group-ED203BE14A97->s1-GrpcLogAppender: appendEntries Timeout, request=s2->s1#1020-t12, previous=(t:12, i:687), leaderCommit=686, initializing? false, entries: <empty>
2019-09-24 17:34:43,672 WARN  server.GrpcLogAppender (GrpcLogAppender.java:timeoutAppendRequest(200)) - s2@group-ED203BE14A97->s0-GrpcLogAppender: appendEntries Timeout, request=s2->s0#1021-t12, previous=(t:12, i:687), leaderCommit=686, initializing? false, entries: <empty>
2019-09-24 17:34:43,673 WARN  server.GrpcLogAppender (GrpcLogAppender.java:timeoutAppendRequest(200)) - s2@group-ED203BE14A97->s1-GrpcLogAppender: appendEntries Timeout, request=s2->s1#1021-t12, previous=(t:12, i:687), leaderCommit=686, initializing? false, entries: <empty>
2019-09-24 17:34:43,748 WARN  server.GrpcLogAppender (GrpcLogAppender.java:timeoutAppendRequest(200)) - s2@group-ED203BE14A97->s0-GrpcLogAppender: appendEntries Timeout, request=s2->s0#1022-t12, previous=(t:12, i:687), leaderCommit=686, initializing? false, entries: <empty>
2019-09-24 17:34:43,749 WARN  server.GrpcLogAppender (GrpcLogAppender.java:timeoutAppendRequest(200)) - s2@group-ED203BE14A97->s1-GrpcLogAppender: appendEntries Timeout, request=s2->s1#1022-t12, previous=(t:12, i:687), leaderCommit=686, initializing? false, entries: <empty>
2019-09-24 17:34:43,814 INFO  ratis.MiniRaftCluster (MiniRaftCluster.java:lambda$null$5(297)) - TIMED-PRINT: printing ALL groups
  s0:  RUNNING  FOLLOWER s0@group-ED203BE14A97:t12, leader=s2, voted=s2, raftlog=s0@group-ED203BE14A97-SegmentedRaftLog:OPENED:c686,f686,i687, conf=0: [s0:0.0.0.0:42001, s1:0.0.0.0:43636, s2:0.0.0.0:41913], old=null RUNNING
  s1:  RUNNING  FOLLOWER s1@group-ED203BE14A97:t12, leader=s2, voted=s1, raftlog=s1@group-ED203BE14A97-SegmentedRaftLog:OPENED:c686,f686,i687, conf=0: [s0:0.0.0.0:42001, s1:0.0.0.0:43636, s2:0.0.0.0:41913], old=null RUNNING
  s2:  RUNNING    LEADER s2@group-ED203BE14A97:t12, leader=s2, voted=s2, raftlog=s2@group-ED203BE14A97-SegmentedRaftLog:OPENED:c686,f686,i687, conf=0: [s0:0.0.0.0:42001, s1:0.0.0.0:43636, s2:0.0.0.0:41913], old=null RUNNING
2019-09-24 17:34:43,823 WARN  server.GrpcLogAppender (GrpcLogAppender.java:timeoutAppendRequest(200)) - s2@group-ED203BE14A97->s0-GrpcLogAppender: appendEntries Timeout, request=s2->s0#1023-t12, previous=(t:12, i:687), leaderCommit=686, initializing? false, entries: <empty>
2019-09-24 17:34:43,824 WARN  server.GrpcLogAppender (GrpcLogAppender.java:timeoutAppendRequest(200)) - s2@group-ED203BE14A97->s1-GrpcLogAppender: appendEntries Timeout, request=s2->s1#1023-t12, previous=(t:12, i:687), leaderCommit=686, initializing? false, entries: <empty>
2019-09-24 17:34:43,898 WARN  server.GrpcLogAppender (GrpcLogAppender.java:timeoutAppendRequest(200)) - s2@group-ED203BE14A97->s0-GrpcLogAppender: appendEntries Timeout, request=s2->s0#1024-t12, previous=(t:12, i:687), leaderCommit=686, initializing? false, entries: <empty>
2019-09-24 17:34:43,899 WARN  server.GrpcLogAppender (GrpcLogAppender.java:timeoutAppendRequest(200)) - s2@group-ED203BE14A97->s1-GrpcLogAppender: appendEntries Timeout, request=s2->s1#1024-t12, previous=(t:12, i:687), leaderCommit=686, initializing? false, entries: <empty>
2019-09-24 17:34:43,974 WARN  server.GrpcLogAppender (GrpcLogAppender.java:timeoutAppendRequest(200)) - s2@group-ED203BE14A97->s0-GrpcLogAppender: appendEntries Timeout, request=s2->s0#1025-t12, previous=(t:12, i:687), leaderCommit=686, initializing? false, entries: <empty>
2019-09-24 17:34:43,974 WARN  server.GrpcLogAppender (GrpcLogAppender.java:timeoutAppendRequest(200)) - s2@group-ED203BE14A97->s1-GrpcLogAppender: appendEntries Timeout, request=s2->s1#1025-t12, previous=(t:12, i:687), leaderCommit=686, initializing? false, entries: <empty>
2019-09-24 17:34:44,049 WARN  server.GrpcLogAppender (GrpcLogAppender.java:timeoutAppendRequest(200)) - s2@group-ED203BE14A97->s0-GrpcLogAppender: appendEntries Timeout, request=s2->s0#1026-t12, previous=(t:12, i:687), leaderCommit=686, initializing? false, entries: <empty>
2019-09-24 17:34:44,050 WARN  server.GrpcLogAppender (GrpcLogAppender.java:timeoutAppendRequest(200)) - s2@group-ED203BE14A97->s1-GrpcLogAppender: appendEntries Timeout, request=s2->s1#1026-t12, previous=(t:12, i:687), leaderCommit=686, initializing? false, entries: <empty>
2019-09-24 17:34:44,124 WARN  server.GrpcLogAppender (GrpcLogAppender.java:timeoutAppendRequest(200)) - s2@group-ED203BE14A97->s0-GrpcLogAppender: appendEntries Timeout, request=s2->s0#1027-t12, previous=(t:12, i:687), leaderCommit=686, initializing? false, entries: <empty>
2019-09-24 17:34:44,125 WARN  server.GrpcLogAppender (GrpcLogAppender.java:timeoutAppendRequest(200)) - s2@group-ED203BE14A97->s1-GrpcLogAppender: appendEntries Timeout, request=s2->s1#1027-t12, previous=(t:12, i:687), leaderCommit=686, initializing? false, entries: <empty>
2019-09-24 17:34:44,184 WARN  server.GrpcLogAppender (GrpcLogAppender.java:onNextImpl(251)) - s2@group-ED203BE14A97->s0-AppendLogResponseHandler: Request not found, ignoring reply: s2<-s0#1000:OK,SUCCESS,nextIndex:688,term:12,followerCommit:686
2019-09-24 17:34:44,186 WARN  server.GrpcLogAppender (GrpcLogAppender.java:onNextImpl(251)) - s2@group-ED203BE14A97->s1-AppendLogResponseHandler: Request not found, ignoring reply: s2<-s1#1000:OK,SUCCESS,nextIndex:688,term:12,followerCommit:686
2019-09-24 17:34:44,186 WARN  server.GrpcLogAppender (GrpcLogAppender.java:onNextImpl(251)) - s2@group-ED203BE14A97->s0-AppendLogResponseHandler: Request not found, ignoring reply: s2<-s0#1001:OK,SUCCESS,nextIndex:688,term:12,followerCommit:686
2019-09-24 17:34:44,186 WARN  server.GrpcLogAppender (GrpcLogAppender.java:onNextImpl(251)) - s2@group-ED203BE14A97->s1-AppendLogResponseHandler: Request not found, ignoring reply: s2<-s1#1001:OK,SUCCESS,nextIndex:688,term:12,followerCommit:686
2019-09-24 17:34:44,186 WARN  server.GrpcLogAppender (GrpcLogAppender.java:onNextImpl(251)) - s2@group-ED203BE14A97->s0-AppendLogResponseHandler: Request not found, ignoring reply: s2<-s0#1002:OK,SUCCESS,nextIndex:688,term:12,followerCommit:686
2019-09-24 17:34:44,186 WARN  server.GrpcLogAppender (GrpcLogAppender.java:onNextImpl(251)) - s2@group-ED203BE14A97->s1-AppendLogResponseHandler: Request not found, ignoring reply: s2<-s1#1002:OK,SUCCESS,nextIndex:688,term:12,followerCommit:686
2019-09-24 17:34:44,186 WARN  server.GrpcLogAppender (GrpcLogAppender.java:onNextImpl(251)) - s2@group-ED203BE14A97->s0-AppendLogResponseHandler: Request not found, ignoring reply: s2<-s0#1003:OK,SUCCESS,nextIndex:688,term:12,followerCommit:686
2019-09-24 17:34:44,187 WARN  server.GrpcLogAppender (GrpcLogAppender.java:onNextImpl(251)) - s2@group-ED203BE14A97->s1-AppendLogResponseHandler: Request not found, ignoring reply: s2<-s1#1003:OK,SUCCESS,nextIndex:688,term:12,followerCommit:686
2019-09-24 17:34:44,187 WARN  server.GrpcLogAppender (GrpcLogAppender.java:onNextImpl(251)) - s2@group-ED203BE14A97->s0-AppendLogResponseHandler: Request not found, ignoring reply: s2<-s0#1004:OK,SUCCESS,nextIndex:688,term:12,followerCommit:686
2019-09-24 17:34:44,187 WARN  server.GrpcLogAppender (GrpcLogAppender.java:onNextImpl(251)) - s2@group-ED203BE14A97->s1-AppendLogResponseHandler: Request not found, ignoring reply: s2<-s1#1004:OK,SUCCESS,nextIndex:688,term:12,followerCommit:686
2019-09-24 17:34:44,187 WARN  server.GrpcLogAppender (GrpcLogAppender.java:onNextImpl(251)) - s2@group-ED203BE14A97->s0-AppendLogResponseHandler: Request not found, ignoring reply: s2<-s0#1005:OK,SUCCESS,nextIndex:688,term:12,followerCommit:686
2019-09-24 17:34:44,187 WARN  server.GrpcLogAppender (GrpcLogAppender.java:onNextImpl(251)) - s2@group-ED203BE14A97->s1-AppendLogResponseHandler: Request not found, ignoring reply: s2<-s1#1005:OK,SUCCESS,nextIndex:688,term:12,followerCommit:686
2019-09-24 17:34:44,188 WARN  server.GrpcLogAppender (GrpcLogAppender.java:onNextImpl(251)) - s2@group-ED203BE14A97->s0-AppendLogResponseHandler: Request not found, ignoring reply: s2<-s0#1006:OK,SUCCESS,nextIndex:688,term:12,followerCommit:686
2019-09-24 17:34:44,188 WARN  server.GrpcLogAppender (GrpcLogAppender.java:onNextImpl(251)) - s2@group-ED203BE14A97->s1-AppendLogResponseHandler: Request not found, ignoring reply: s2<-s1#1006:OK,SUCCESS,nextIndex:688,term:12,followerCommit:686
2019-09-24 17:34:44,188 WARN  server.GrpcLogAppender (GrpcLogAppender.java:onNextImpl(251)) - s2@group-ED203BE14A97->s0-AppendLogResponseHandler: Request not found, ignoring reply: s2<-s0#1007:OK,SUCCESS,nextIndex:688,term:12,followerCommit:686
2019-09-24 17:34:44,188 WARN  server.GrpcLogAppender (GrpcLogAppender.java:onNextImpl(251)) - s2@group-ED203BE14A97->s1-AppendLogResponseHandler: Request not found, ignoring reply: s2<-s1#1007:OK,SUCCESS,nextIndex:688,term:12,followerCommit:686
2019-09-24 17:34:44,188 WARN  server.GrpcLogAppender (GrpcLogAppender.java:onNextImpl(251)) - s2@group-ED203BE14A97->s0-AppendLogResponseHandler: Request not found, ignoring reply: s2<-s0#1008:OK,SUCCESS,nextIndex:688,term:12,followerCommit:686
2019-09-24 17:34:44,188 WARN  server.GrpcLogAppender (GrpcLogAppender.java:onNextImpl(251)) - s2@group-ED203BE14A97->s1-AppendLogResponseHandler: Request not found, ignoring reply: s2<-s1#1008:OK,SUCCESS,nextIndex:688,term:12,followerCommit:686
2019-09-24 17:34:44,189 WARN  server.GrpcLogAppender (GrpcLogAppender.java:onNextImpl(251)) - s2@group-ED203BE14A97->s0-AppendLogResponseHandler: Request not found, ignoring reply: s2<-s0#1009:OK,SUCCESS,nextIndex:688,term:12,followerCommit:686
2019-09-24 17:34:44,189 WARN  server.GrpcLogAppender (GrpcLogAppender.java:onNextImpl(251)) - s2@group-ED203BE14A97->s1-AppendLogResponseHandler: Request not found, ignoring reply: s2<-s1#1009:OK,SUCCESS,nextIndex:688,term:12,followerCommit:686
2019-09-24 17:34:44,189 WARN  server.GrpcLogAppender (GrpcLogAppender.java:onNextImpl(251)) - s2@group-ED203BE14A97->s0-AppendLogResponseHandler: Request not found, ignoring reply: s2<-s0#1010:OK,SUCCESS,nextIndex:688,term:12,followerCommit:686
2019-09-24 17:34:44,189 WARN  server.GrpcLogAppender (GrpcLogAppender.java:onNextImpl(251)) - s2@group-ED203BE14A97->s1-AppendLogResponseHandler: Request not found, ignoring reply: s2<-s1#1010:OK,SUCCESS,nextIndex:688,term:12,followerCommit:686
2019-09-24 17:34:44,189 WARN  server.GrpcLogAppender (GrpcLogAppender.java:onNextImpl(251)) - s2@group-ED203BE14A97->s0-AppendLogResponseHandler: Request not found, ignoring reply: s2<-s0#1011:OK,SUCCESS,nextIndex:688,term:12,followerCommit:686
2019-09-24 17:34:44,189 WARN  server.GrpcLogAppender (GrpcLogAppender.java:onNextImpl(251)) - s2@group-ED203BE14A97->s1-AppendLogResponseHandler: Request not found, ignoring reply: s2<-s1#1011:OK,SUCCESS,nextIndex:688,term:12,followerCommit:686
2019-09-24 17:34:44,189 WARN  server.GrpcLogAppender (GrpcLogAppender.java:onNextImpl(251)) - s2@group-ED203BE14A97->s0-AppendLogResponseHandler: Request not found, ignoring reply: s2<-s0#1012:OK,SUCCESS,nextIndex:688,term:12,followerCommit:686
2019-09-24 17:34:44,190 WARN  server.GrpcLogAppender (GrpcLogAppender.java:onNextImpl(251)) - s2@group-ED203BE14A97->s1-AppendLogResponseHandler: Request not found, ignoring reply: s2<-s1#1012:OK,SUCCESS,nextIndex:688,term:12,followerCommit:686
2019-09-24 17:34:44,190 WARN  server.GrpcLogAppender (GrpcLogAppender.java:onNextImpl(251)) - s2@group-ED203BE14A97->s0-AppendLogResponseHandler: Request not found, ignoring reply: s2<-s0#1013:OK,SUCCESS,nextIndex:688,term:12,followerCommit:686
2019-09-24 17:34:44,190 WARN  server.GrpcLogAppender (GrpcLogAppender.java:onNextImpl(251)) - s2@group-ED203BE14A97->s1-AppendLogResponseHandler: Request not found, ignoring reply: s2<-s1#1013:OK,SUCCESS,nextIndex:688,term:12,followerCommit:686
2019-09-24 17:34:44,190 WARN  server.GrpcLogAppender (GrpcLogAppender.java:onNextImpl(251)) - s2@group-ED203BE14A97->s0-AppendLogResponseHandler: Request not found, ignoring reply: s2<-s0#1014:OK,SUCCESS,nextIndex:688,term:12,followerCommit:686
2019-09-24 17:34:44,190 WARN  server.GrpcLogAppender (GrpcLogAppender.java:onNextImpl(251)) - s2@group-ED203BE14A97->s1-AppendLogResponseHandler: Request not found, ignoring reply: s2<-s1#1014:OK,SUCCESS,nextIndex:688,term:12,followerCommit:686
2019-09-24 17:34:44,190 WARN  server.GrpcLogAppender (GrpcLogAppender.java:onNextImpl(251)) - s2@group-ED203BE14A97->s0-AppendLogResponseHandler: Request not found, ignoring reply: s2<-s0#1015:OK,SUCCESS,nextIndex:688,term:12,followerCommit:686
2019-09-24 17:34:44,190 WARN  server.GrpcLogAppender (GrpcLogAppender.java:onNextImpl(251)) - s2@group-ED203BE14A97->s1-AppendLogResponseHandler: Request not found, ignoring reply: s2<-s1#1015:OK,SUCCESS,nextIndex:688,term:12,followerCommit:686
2019-09-24 17:34:44,191 WARN  server.GrpcLogAppender (GrpcLogAppender.java:onNextImpl(251)) - s2@group-ED203BE14A97->s0-AppendLogResponseHandler: Request not found, ignoring reply: s2<-s0#1016:OK,SUCCESS,nextIndex:688,term:12,followerCommit:686
2019-09-24 17:34:44,191 WARN  server.GrpcLogAppender (GrpcLogAppender.java:onNextImpl(251)) - s2@group-ED203BE14A97->s1-AppendLogResponseHandler: Request not found, ignoring reply: s2<-s1#1016:OK,SUCCESS,nextIndex:688,term:12,followerCommit:686
2019-09-24 17:34:44,191 WARN  server.GrpcLogAppender (GrpcLogAppender.java:onNextImpl(251)) - s2@group-ED203BE14A97->s0-AppendLogResponseHandler: Request not found, ignoring reply: s2<-s0#1017:OK,SUCCESS,nextIndex:688,term:12,followerCommit:686
2019-09-24 17:34:44,191 WARN  server.GrpcLogAppender (GrpcLogAppender.java:onNextImpl(251)) - s2@group-ED203BE14A97->s1-AppendLogResponseHandler: Request not found, ignoring reply: s2<-s1#1017:OK,SUCCESS,nextIndex:688,term:12,followerCommit:686
2019-09-24 17:34:44,191 WARN  server.GrpcLogAppender (GrpcLogAppender.java:onNextImpl(251)) - s2@group-ED203BE14A97->s0-AppendLogResponseHandler: Request not found, ignoring reply: s2<-s0#1018:OK,SUCCESS,nextIndex:688,term:12,followerCommit:686
2019-09-24 17:34:44,191 WARN  server.GrpcLogAppender (GrpcLogAppender.java:onNextImpl(251)) - s2@group-ED203BE14A97->s1-AppendLogResponseHandler: Request not found, ignoring reply: s2<-s1#1018:OK,SUCCESS,nextIndex:688,term:12,followerCommit:686
2019-09-24 17:34:44,192 WARN  server.GrpcLogAppender (GrpcLogAppender.java:onNextImpl(251)) - s2@group-ED203BE14A97->s0-AppendLogResponseHandler: Request not found, ignoring reply: s2<-s0#1019:OK,SUCCESS,nextIndex:688,term:12,followerCommit:686
2019-09-24 17:34:44,192 WARN  server.GrpcLogAppender (GrpcLogAppender.java:onNextImpl(251)) - s2@group-ED203BE14A97->s1-AppendLogResponseHandler: Request not found, ignoring reply: s2<-s1#1019:OK,SUCCESS,nextIndex:688,term:12,followerCommit:686
2019-09-24 17:34:44,192 WARN  server.GrpcLogAppender (GrpcLogAppender.java:onNextImpl(251)) - s2@group-ED203BE14A97->s0-AppendLogResponseHandler: Request not found, ignoring reply: s2<-s0#1020:OK,SUCCESS,nextIndex:688,term:12,followerCommit:686
2019-09-24 17:34:44,192 WARN  server.GrpcLogAppender (GrpcLogAppender.java:onNextImpl(251)) - s2@group-ED203BE14A97->s1-AppendLogResponseHandler: Request not found, ignoring reply: s2<-s1#1020:OK,SUCCESS,nextIndex:688,term:12,followerCommit:686
2019-09-24 17:34:44,192 WARN  server.GrpcLogAppender (GrpcLogAppender.java:onNextImpl(251)) - s2@group-ED203BE14A97->s0-AppendLogResponseHandler: Request not found, ignoring reply: s2<-s0#1021:OK,SUCCESS,nextIndex:688,term:12,followerCommit:686
2019-09-24 17:34:44,192 WARN  server.GrpcLogAppender (GrpcLogAppender.java:onNextImpl(251)) - s2@group-ED203BE14A97->s1-AppendLogResponseHandler: Request not found, ignoring reply: s2<-s1#1021:OK,SUCCESS,nextIndex:688,term:12,followerCommit:686
2019-09-24 17:34:44,192 WARN  server.GrpcLogAppender (GrpcLogAppender.java:onNextImpl(251)) - s2@group-ED203BE14A97->s0-AppendLogResponseHandler: Request not found, ignoring reply: s2<-s0#1022:OK,SUCCESS,nextIndex:688,term:12,followerCommit:686
2019-09-24 17:34:44,192 WARN  server.GrpcLogAppender (GrpcLogAppender.java:onNextImpl(251)) - s2@group-ED203BE14A97->s1-AppendLogResponseHandler: Request not found, ignoring reply: s2<-s1#1022:OK,SUCCESS,nextIndex:688,term:12,followerCommit:686
2019-09-24 17:34:44,193 WARN  server.GrpcLogAppender (GrpcLogAppender.java:onNextImpl(251)) - s2@group-ED203BE14A97->s0-AppendLogResponseHandler: Request not found, ignoring reply: s2<-s0#1023:OK,SUCCESS,nextIndex:688,term:12,followerCommit:686
2019-09-24 17:34:44,193 WARN  server.GrpcLogAppender (GrpcLogAppender.java:onNextImpl(251)) - s2@group-ED203BE14A97->s1-AppendLogResponseHandler: Request not found, ignoring reply: s2<-s1#1023:OK,SUCCESS,nextIndex:688,term:12,followerCommit:686
2019-09-24 17:34:44,193 WARN  server.GrpcLogAppender (GrpcLogAppender.java:onNextImpl(251)) - s2@group-ED203BE14A97->s0-AppendLogResponseHandler: Request not found, ignoring reply: s2<-s0#1024:OK,SUCCESS,nextIndex:688,term:12,followerCommit:686
2019-09-24 17:34:44,193 WARN  server.GrpcLogAppender (GrpcLogAppender.java:onNextImpl(251)) - s2@group-ED203BE14A97->s1-AppendLogResponseHandler: Request not found, ignoring reply: s2<-s1#1024:OK,SUCCESS,nextIndex:688,term:12,followerCommit:686
2019-09-24 17:34:44,193 WARN  server.GrpcLogAppender (GrpcLogAppender.java:onNextImpl(251)) - s2@group-ED203BE14A97->s0-AppendLogResponseHandler: Request not found, ignoring reply: s2<-s0#1025:OK,SUCCESS,nextIndex:688,term:12,followerCommit:686
2019-09-24 17:34:44,193 WARN  server.GrpcLogAppender (GrpcLogAppender.java:onNextImpl(251)) - s2@group-ED203BE14A97->s1-AppendLogResponseHandler: Request not found, ignoring reply: s2<-s1#1025:OK,SUCCESS,nextIndex:688,term:12,followerCommit:686
2019-09-24 17:34:44,193 WARN  server.GrpcLogAppender (GrpcLogAppender.java:onNextImpl(251)) - s2@group-ED203BE14A97->s0-AppendLogResponseHandler: Request not found, ignoring reply: s2<-s0#1026:OK,SUCCESS,nextIndex:688,term:12,followerCommit:686
2019-09-24 17:34:44,194 WARN  server.GrpcLogAppender (GrpcLogAppender.java:onNextImpl(251)) - s2@group-ED203BE14A97->s1-AppendLogResponseHandler: Request not found, ignoring reply: s2<-s1#1026:OK,SUCCESS,nextIndex:688,term:12,followerCommit:686
2019-09-24 17:34:44,194 WARN  server.GrpcLogAppender (GrpcLogAppender.java:onNextImpl(251)) - s2@group-ED203BE14A97->s0-AppendLogResponseHandler: Request not found, ignoring reply: s2<-s0#1027:OK,SUCCESS,nextIndex:688,term:12,followerCommit:686
2019-09-24 17:34:44,194 WARN  server.GrpcLogAppender (GrpcLogAppender.java:onNextImpl(251)) - s2@group-ED203BE14A97->s1-AppendLogResponseHandler: Request not found, ignoring reply: s2<-s1#1027:OK,SUCCESS,nextIndex:688,term:12,followerCommit:686
2019-09-24 17:34:50,154 WARN  server.GrpcLogAppender (GrpcLogAppender.java:timeoutAppendRequest(200)) - s2@group-ED203BE14A97->s0-GrpcLogAppender: appendEntries Timeout, request=s2->s0#1141-t12, previous=(t:12, i:728), leaderCommit=727, initializing? false, entries: size=1, first=(t:12, i:729), STATEMACHINELOGENTRY, client-236938EB08E4, cid=364
2019-09-24 17:34:50,154 WARN  server.GrpcLogAppender (GrpcLogAppender.java:timeoutAppendRequest(200)) - s2@group-ED203BE14A97->s1-GrpcLogAppender: appendEntries Timeout, request=s2->s1#1141-t12, previous=(t:12, i:728), leaderCommit=727, initializing? false, entries: size=1, first=(t:12, i:729), STATEMACHINELOGENTRY, client-236938EB08E4, cid=364
2019-09-24 17:34:50,251 WARN  server.GrpcLogAppender (GrpcLogAppender.java:timeoutAppendRequest(200)) - s2@group-ED203BE14A97->s1-GrpcLogAppender: appendEntries Timeout, request=s2->s1#1142-t12, previous=(t:12, i:729), leaderCommit=728, initializing? false, entries: <empty>
2019-09-24 17:34:50,251 WARN  server.GrpcLogAppender (GrpcLogAppender.java:timeoutAppendRequest(200)) - s2@group-ED203BE14A97->s0-GrpcLogAppender: appendEntries Timeout, request=s2->s0#1142-t12, previous=(t:12, i:729), leaderCommit=728, initializing? false, entries: <empty>
2019-09-24 17:34:50,326 WARN  server.GrpcLogAppender (GrpcLogAppender.java:timeoutAppendRequest(200)) - s2@group-ED203BE14A97->s1-GrpcLogAppender: appendEntries Timeout, request=s2->s1#1143-t12, previous=(t:12, i:729), leaderCommit=728, initializing? false, entries: <empty>
2019-09-24 17:34:50,327 WARN  server.GrpcLogAppender (GrpcLogAppender.java:timeoutAppendRequest(200)) - s2@group-ED203BE14A97->s0-GrpcLogAppender: appendEntries Timeout, request=s2->s0#1143-t12, previous=(t:12, i:729), leaderCommit=728, initializing? false, entries: <empty>
2019-09-24 17:34:50,402 WARN  server.GrpcLogAppender (GrpcLogAppender.java:timeoutAppendRequest(200)) - s2@group-ED203BE14A97->s1-GrpcLogAppender: appendEntries Timeout, request=s2->s1#1144-t12, previous=(t:12, i:729), leaderCommit=728, initializing? false, entries: <empty>
2019-09-24 17:34:50,402 WARN  server.GrpcLogAppender (GrpcLogAppender.java:timeoutAppendRequest(200)) - s2@group-ED203BE14A97->s0-GrpcLogAppender: appendEntries Timeout, request=s2->s0#1144-t12, previous=(t:12, i:729), leaderCommit=728, initializing? false, entries: <empty>
2019-09-24 17:34:50,477 WARN  server.GrpcLogAppender (GrpcLogAppender.java:timeoutAppendRequest(200)) - s2@group-ED203BE14A97->s1-GrpcLogAppender: appendEntries Timeout, request=s2->s1#1145-t12, previous=(t:12, i:729), leaderCommit=728, initializing? false, entries: <empty>
2019-09-24 17:34:50,477 WARN  server.GrpcLogAppender (GrpcLogAppender.java:timeoutAppendRequest(200)) - s2@group-ED203BE14A97->s0-GrpcLogAppender: appendEntries Timeout, request=s2->s0#1145-t12, previous=(t:12, i:729), leaderCommit=728, initializing? false, entries: <empty>
2019-09-24 17:34:50,552 WARN  server.GrpcLogAppender (GrpcLogAppender.java:timeoutAppendRequest(200)) - s2@group-ED203BE14A97->s1-GrpcLogAppender: appendEntries Timeout, request=s2->s1#1146-t12, previous=(t:12, i:729), leaderCommit=728, initializing? false, entries: <empty>
2019-09-24 17:34:50,552 WARN  server.GrpcLogAppender (GrpcLogAppender.java:timeoutAppendRequest(200)) - s2@group-ED203BE14A97->s0-GrpcLogAppender: appendEntries Timeout, request=s2->s0#1146-t12, previous=(t:12, i:729), leaderCommit=728, initializing? false, entries: <empty>
2019-09-24 17:34:50,628 WARN  server.GrpcLogAppender (GrpcLogAppender.java:timeoutAppendRequest(200)) - s2@group-ED203BE14A97->s0-GrpcLogAppender: appendEntries Timeout, request=s2->s0#1147-t12, previous=(t:12, i:729), leaderCommit=728, initializing? false, entries: <empty>
2019-09-24 17:34:50,628 WARN  server.GrpcLogAppender (GrpcLogAppender.java:timeoutAppendRequest(200)) - s2@group-ED203BE14A97->s1-GrpcLogAppender: appendEntries Timeout, request=s2->s1#1147-t12, previous=(t:12, i:729), leaderCommit=728, initializing? false, entries: <empty>
2019-09-24 17:34:50,703 WARN  server.GrpcLogAppender (GrpcLogAppender.java:timeoutAppendRequest(200)) - s2@group-ED203BE14A97->s0-GrpcLogAppender: appendEntries Timeout, request=s2->s0#1148-t12, previous=(t:12, i:729), leaderCommit=728, initializing? false, entries: <empty>
2019-09-24 17:34:50,703 WARN  server.GrpcLogAppender (GrpcLogAppender.java:timeoutAppendRequest(200)) - s2@group-ED203BE14A97->s1-GrpcLogAppender: appendEntries Timeout, request=s2->s1#1148-t12, previous=(t:12, i:729), leaderCommit=728, initializing? false, entries: <empty>
2019-09-24 17:34:50,778 WARN  server.GrpcLogAppender (GrpcLogAppender.java:timeoutAppendRequest(200)) - s2@group-ED203BE14A97->s0-GrpcLogAppender: appendEntries Timeout, request=s2->s0#1149-t12, previous=(t:12, i:729), leaderCommit=728, initializing? false, entries: <empty>
2019-09-24 17:34:50,779 WARN  server.GrpcLogAppender (GrpcLogAppender.java:timeoutAppendRequest(200)) - s2@group-ED203BE14A97->s1-GrpcLogAppender: appendEntries Timeout, request=s2->s1#1149-t12, previous=(t:12, i:729), leaderCommit=728, initializing? false, entries: <empty>
2019-09-24 17:34:50,854 WARN  server.GrpcLogAppender (GrpcLogAppender.java:timeoutAppendRequest(200)) - s2@group-ED203BE14A97->s0-GrpcLogAppender: appendEntries Timeout, request=s2->s0#1150-t12, previous=(t:12, i:729), leaderCommit=728, initializing? false, entries: <empty>
2019-09-24 17:34:50,854 WARN  server.GrpcLogAppender (GrpcLogAppender.java:timeoutAppendRequest(200)) - s2@group-ED203BE14A97->s1-GrpcLogAppender: appendEntries Timeout, request=s2->s1#1150-t12, previous=(t:12, i:729), leaderCommit=728, initializing? false, entries: <empty>
2019-09-24 17:34:50,929 WARN  server.GrpcLogAppender (GrpcLogAppender.java:timeoutAppendRequest(200)) - s2@group-ED203BE14A97->s0-GrpcLogAppender: appendEntries Timeout, request=s2->s0#1151-t12, previous=(t:12, i:729), leaderCommit=728, initializing? false, entries: <empty>
2019-09-24 17:34:50,929 WARN  server.GrpcLogAppender (GrpcLogAppender.java:timeoutAppendRequest(200)) - s2@group-ED203BE14A97->s1-GrpcLogAppender: appendEntries Timeout, request=s2->s1#1151-t12, previous=(t:12, i:729), leaderCommit=728, initializing? false, entries: <empty>
2019-09-24 17:34:51,004 WARN  server.GrpcLogAppender (GrpcLogAppender.java:timeoutAppendRequest(200)) - s2@group-ED203BE14A97->s0-GrpcLogAppender: appendEntries Timeout, request=s2->s0#1152-t12, previous=(t:12, i:729), leaderCommit=728, initializing? false, entries: <empty>
2019-09-24 17:34:51,004 WARN  server.GrpcLogAppender (GrpcLogAppender.java:timeoutAppendRequest(200)) - s2@group-ED203BE14A97->s1-GrpcLogAppender: appendEntries Timeout, request=s2->s1#1152-t12, previous=(t:12, i:729), leaderCommit=728, initializing? false, entries: <empty>
2019-09-24 17:34:51,079 WARN  server.GrpcLogAppender (GrpcLogAppender.java:timeoutAppendRequest(200)) - s2@group-ED203BE14A97->s0-GrpcLogAppender: appendEntries Timeout, request=s2->s0#1153-t12, previous=(t:12, i:729), leaderCommit=728, initializing? false, entries: <empty>
2019-09-24 17:34:51,079 WARN  server.GrpcLogAppender (GrpcLogAppender.java:timeoutAppendRequest(200)) - s2@group-ED203BE14A97->s1-GrpcLogAppender: appendEntries Timeout, request=s2->s1#1153-t12, previous=(t:12, i:729), leaderCommit=728, initializing? false, entries: <empty>
2019-09-24 17:34:51,155 WARN  server.GrpcLogAppender (GrpcLogAppender.java:timeoutAppendRequest(200)) - s2@group-ED203BE14A97->s0-GrpcLogAppender: appendEntries Timeout, request=s2->s0#1154-t12, previous=(t:12, i:729), leaderCommit=728, initializing? false, entries: <empty>
2019-09-24 17:34:51,155 WARN  server.GrpcLogAppender (GrpcLogAppender.java:timeoutAppendRequest(200)) - s2@group-ED203BE14A97->s1-GrpcLogAppender: appendEntries Timeout, request=s2->s1#1154-t12, previous=(t:12, i:729), leaderCommit=728, initializing? false, entries: <empty>
2019-09-24 17:34:51,230 WARN  server.GrpcLogAppender (GrpcLogAppender.java:timeoutAppendRequest(200)) - s2@group-ED203BE14A97->s0-GrpcLogAppender: appendEntries Timeout, request=s2->s0#1155-t12, previous=(t:12, i:729), leaderCommit=728, initializing? false, entries: <empty>
2019-09-24 17:34:51,230 WARN  server.GrpcLogAppender (GrpcLogAppender.java:timeoutAppendRequest(200)) - s2@group-ED203BE14A97->s1-GrpcLogAppender: appendEntries Timeout, request=s2->s1#1155-t12, previous=(t:12, i:729), leaderCommit=728, initializing? false, entries: <empty>
2019-09-24 17:34:51,305 WARN  server.GrpcLogAppender (GrpcLogAppender.java:timeoutAppendRequest(200)) - s2@group-ED203BE14A97->s0-GrpcLogAppender: appendEntries Timeout, request=s2->s0#1156-t12, previous=(t:12, i:729), leaderCommit=728, initializing? false, entries: <empty>
2019-09-24 17:34:51,305 WARN  server.GrpcLogAppender (GrpcLogAppender.java:timeoutAppendRequest(200)) - s2@group-ED203BE14A97->s1-GrpcLogAppender: appendEntries Timeout, request=s2->s1#1156-t12, previous=(t:12, i:729), leaderCommit=728, initializing? false, entries: <empty>
2019-09-24 17:34:51,381 WARN  server.GrpcLogAppender (GrpcLogAppender.java:timeoutAppendRequest(200)) - s2@group-ED203BE14A97->s1-GrpcLogAppender: appendEntries Timeout, request=s2->s1#1157-t12, previous=(t:12, i:729), leaderCommit=728, initializing? false, entries: <empty>
2019-09-24 17:34:51,381 WARN  server.GrpcLogAppender (GrpcLogAppender.java:timeoutAppendRequest(200)) - s2@group-ED203BE14A97->s0-GrpcLogAppender: appendEntries Timeout, request=s2->s0#1157-t12, previous=(t:12, i:729), leaderCommit=728, initializing? false, entries: <empty>
2019-09-24 17:34:51,456 WARN  server.GrpcLogAppender (GrpcLogAppender.java:timeoutAppendRequest(200)) - s2@group-ED203BE14A97->s1-GrpcLogAppender: appendEntries Timeout, request=s2->s1#1158-t12, previous=(t:12, i:729), leaderCommit=728, initializing? false, entries: <empty>
2019-09-24 17:34:51,456 WARN  server.GrpcLogAppender (GrpcLogAppender.java:timeoutAppendRequest(200)) - s2@group-ED203BE14A97->s0-GrpcLogAppender: appendEntries Timeout, request=s2->s0#1158-t12, previous=(t:12, i:729), leaderCommit=728, initializing? false, entries: <empty>
2019-09-24 17:34:51,532 WARN  server.GrpcLogAppender (GrpcLogAppender.java:timeoutAppendRequest(200)) - s2@group-ED203BE14A97->s0-GrpcLogAppender: appendEntries Timeout, request=s2->s0#1159-t12, previous=(t:12, i:729), leaderCommit=728, initializing? false, entries: <empty>
2019-09-24 17:34:51,532 WARN  server.GrpcLogAppender (GrpcLogAppender.java:timeoutAppendRequest(200)) - s2@group-ED203BE14A97->s1-GrpcLogAppender: appendEntries Timeout, request=s2->s1#1159-t12, previous=(t:12, i:729), leaderCommit=728, initializing? false, entries: <empty>
2019-09-24 17:34:51,607 WARN  server.GrpcLogAppender (GrpcLogAppender.java:timeoutAppendRequest(200)) - s2@group-ED203BE14A97->s0-GrpcLogAppender: appendEntries Timeout, request=s2->s0#1160-t12, previous=(t:12, i:729), leaderCommit=728, initializing? false, entries: <empty>
2019-09-24 17:34:51,607 WARN  server.GrpcLogAppender (GrpcLogAppender.java:timeoutAppendRequest(200)) - s2@group-ED203BE14A97->s1-GrpcLogAppender: appendEntries Timeout, request=s2->s1#1160-t12, previous=(t:12, i:729), leaderCommit=728, initializing? false, entries: <empty>
2019-09-24 17:34:51,682 WARN  server.GrpcLogAppender (GrpcLogAppender.java:timeoutAppendRequest(200)) - s2@group-ED203BE14A97->s1-GrpcLogAppender: appendEntries Timeout, request=s2->s1#1161-t12, previous=(t:12, i:729), leaderCommit=728, initializing? false, entries: <empty>
2019-09-24 17:34:51,682 WARN  server.GrpcLogAppender (GrpcLogAppender.java:timeoutAppendRequest(200)) - s2@group-ED203BE14A97->s0-GrpcLogAppender: appendEntries Timeout, request=s2->s0#1161-t12, previous=(t:12, i:729), leaderCommit=728, initializing? false, entries: <empty>
2019-09-24 17:34:51,757 WARN  server.GrpcLogAppender (GrpcLogAppender.java:timeoutAppendRequest(200)) - s2@group-ED203BE14A97->s1-GrpcLogAppender: appendEntries Timeout, request=s2->s1#1162-t12, previous=(t:12, i:729), leaderCommit=728, initializing? false, entries: <empty>
2019-09-24 17:34:51,757 WARN  server.GrpcLogAppender (GrpcLogAppender.java:timeoutAppendRequest(200)) - s2@group-ED203BE14A97->s0-GrpcLogAppender: appendEntries Timeout, request=s2->s0#1162-t12, previous=(t:12, i:729), leaderCommit=728, initializing? false, entries: <empty>
2019-09-24 17:34:51,833 WARN  server.GrpcLogAppender (GrpcLogAppender.java:timeoutAppendRequest(200)) - s2@group-ED203BE14A97->s1-GrpcLogAppender: appendEntries Timeout, request=s2->s1#1163-t12, previous=(t:12, i:729), leaderCommit=728, initializing? false, entries: <empty>
2019-09-24 17:34:51,833 WARN  server.GrpcLogAppender (GrpcLogAppender.java:timeoutAppendRequest(200)) - s2@group-ED203BE14A97->s0-GrpcLogAppender: appendEntries Timeout, request=s2->s0#1163-t12, previous=(t:12, i:729), leaderCommit=728, initializing? false, entries: <empty>
2019-09-24 17:34:51,908 WARN  server.GrpcLogAppender (GrpcLogAppender.java:timeoutAppendRequest(200)) - s2@group-ED203BE14A97->s1-GrpcLogAppender: appendEntries Timeout, request=s2->s1#1164-t12, previous=(t:12, i:729), leaderCommit=728, initializing? false, entries: <empty>
2019-09-24 17:34:51,908 WARN  server.GrpcLogAppender (GrpcLogAppender.java:timeoutAppendRequest(200)) - s2@group-ED203BE14A97->s0-GrpcLogAppender: appendEntries Timeout, request=s2->s0#1164-t12, previous=(t:12, i:729), leaderCommit=728, initializing? false, entries: <empty>
2019-09-24 17:34:51,983 WARN  server.GrpcLogAppender (GrpcLogAppender.java:timeoutAppendRequest(200)) - s2@group-ED203BE14A97->s1-GrpcLogAppender: appendEntries Timeout, request=s2->s1#1165-t12, previous=(t:12, i:729), leaderCommit=728, initializing? false, entries: <empty>
2019-09-24 17:34:51,983 WARN  server.GrpcLogAppender (GrpcLogAppender.java:timeoutAppendRequest(200)) - s2@group-ED203BE14A97->s0-GrpcLogAppender: appendEntries Timeout, request=s2->s0#1165-t12, previous=(t:12, i:729), leaderCommit=728, initializing? false, entries: <empty>
2019-09-24 17:34:52,058 WARN  server.GrpcLogAppender (GrpcLogAppender.java:timeoutAppendRequest(200)) - s2@group-ED203BE14A97->s1-GrpcLogAppender: appendEntries Timeout, request=s2->s1#1166-t12, previous=(t:12, i:729), leaderCommit=728, initializing? false, entries: <empty>
2019-09-24 17:34:52,058 WARN  server.GrpcLogAppender (GrpcLogAppender.java:timeoutAppendRequest(200)) - s2@group-ED203BE14A97->s0-GrpcLogAppender: appendEntries Timeout, request=s2->s0#1166-t12, previous=(t:12, i:729), leaderCommit=728, initializing? false, entries: <empty>
2019-09-24 17:34:52,134 WARN  server.GrpcLogAppender (GrpcLogAppender.java:timeoutAppendRequest(200)) - s2@group-ED203BE14A97->s1-GrpcLogAppender: appendEntries Timeout, request=s2->s1#1167-t12, previous=(t:12, i:729), leaderCommit=728, initializing? false, entries: <empty>
2019-09-24 17:34:52,134 WARN  server.GrpcLogAppender (GrpcLogAppender.java:timeoutAppendRequest(200)) - s2@group-ED203BE14A97->s0-GrpcLogAppender: appendEntries Timeout, request=s2->s0#1167-t12, previous=(t:12, i:729), leaderCommit=728, initializing? false, entries: <empty>
2019-09-24 17:34:52,209 WARN  server.GrpcLogAppender (GrpcLogAppender.java:timeoutAppendRequest(200)) - s2@group-ED203BE14A97->s1-GrpcLogAppender: appendEntries Timeout, request=s2->s1#1168-t12, previous=(t:12, i:729), leaderCommit=728, initializing? false, entries: <empty>
2019-09-24 17:34:52,209 WARN  server.GrpcLogAppender (GrpcLogAppender.java:timeoutAppendRequest(200)) - s2@group-ED203BE14A97->s0-GrpcLogAppender: appendEntries Timeout, request=s2->s0#1168-t12, previous=(t:12, i:729), leaderCommit=728, initializing? false, entries: <empty>
2019-09-24 17:34:52,279 WARN  server.GrpcLogAppender (GrpcLogAppender.java:onNextImpl(251)) - s2@group-ED203BE14A97->s0-AppendLogResponseHandler: Request not found, ignoring reply: s2<-s0#1141:OK,SUCCESS,nextIndex:730,term:12,followerCommit:728
2019-09-24 17:34:52,279 WARN  server.GrpcLogAppender (GrpcLogAppender.java:onNextImpl(251)) - s2@group-ED203BE14A97->s1-AppendLogResponseHandler: Request not found, ignoring reply: s2<-s1#1141:OK,SUCCESS,nextIndex:730,term:12,followerCommit:728
2019-09-24 17:34:52,279 WARN  server.GrpcLogAppender (GrpcLogAppender.java:onNextImpl(251)) - s2@group-ED203BE14A97->s0-AppendLogResponseHandler: Request not found, ignoring reply: s2<-s0#1142:OK,SUCCESS,nextIndex:730,term:12,followerCommit:728
2019-09-24 17:34:52,279 WARN  server.GrpcLogAppender (GrpcLogAppender.java:onNextImpl(251)) - s2@group-ED203BE14A97->s1-AppendLogResponseHandler: Request not found, ignoring reply: s2<-s1#1142:OK,SUCCESS,nextIndex:730,term:12,followerCommit:728
2019-09-24 17:34:52,280 WARN  server.GrpcLogAppender (GrpcLogAppender.java:onNextImpl(251)) - s2@group-ED203BE14A97->s0-AppendLogResponseHandler: Request not found, ignoring reply: s2<-s0#1143:OK,SUCCESS,nextIndex:730,term:12,followerCommit:728
2019-09-24 17:34:52,280 WARN  server.GrpcLogAppender (GrpcLogAppender.java:onNextImpl(251)) - s2@group-ED203BE14A97->s1-AppendLogResponseHandler: Request not found, ignoring reply: s2<-s1#1143:OK,SUCCESS,nextIndex:730,term:12,followerCommit:728
2019-09-24 17:34:52,280 WARN  server.GrpcLogAppender (GrpcLogAppender.java:onNextImpl(251)) - s2@group-ED203BE14A97->s0-AppendLogResponseHandler: Request not found, ignoring reply: s2<-s0#1144:OK,SUCCESS,nextIndex:730,term:12,followerCommit:728
2019-09-24 17:34:52,280 WARN  server.GrpcLogAppender (GrpcLogAppender.java:onNextImpl(251)) - s2@group-ED203BE14A97->s1-AppendLogResponseHandler: Request not found, ignoring reply: s2<-s1#1144:OK,SUCCESS,nextIndex:730,term:12,followerCommit:728
2019-09-24 17:34:52,280 WARN  server.GrpcLogAppender (GrpcLogAppender.java:onNextImpl(251)) - s2@group-ED203BE14A97->s0-AppendLogResponseHandler: Request not found, ignoring reply: s2<-s0#1145:OK,SUCCESS,nextIndex:730,term:12,followerCommit:728
2019-09-24 17:34:52,280 WARN  server.GrpcLogAppender (GrpcLogAppender.java:onNextImpl(251)) - s2@group-ED203BE14A97->s1-AppendLogResponseHandler: Request not found, ignoring reply: s2<-s1#1145:OK,SUCCESS,nextIndex:730,term:12,followerCommit:728
2019-09-24 17:34:52,281 WARN  server.GrpcLogAppender (GrpcLogAppender.java:onNextImpl(251)) - s2@group-ED203BE14A97->s0-AppendLogResponseHandler: Request not found, ignoring reply: s2<-s0#1146:OK,SUCCESS,nextIndex:730,term:12,followerCommit:728
2019-09-24 17:34:52,281 WARN  server.GrpcLogAppender (GrpcLogAppender.java:onNextImpl(251)) - s2@group-ED203BE14A97->s1-AppendLogResponseHandler: Request not found, ignoring reply: s2<-s1#1146:OK,SUCCESS,nextIndex:730,term:12,followerCommit:728
2019-09-24 17:34:52,281 WARN  server.GrpcLogAppender (GrpcLogAppender.java:onNextImpl(251)) - s2@group-ED203BE14A97->s0-AppendLogResponseHandler: Request not found, ignoring reply: s2<-s0#1147:OK,SUCCESS,nextIndex:730,term:12,followerCommit:728
2019-09-24 17:34:52,281 WARN  server.GrpcLogAppender (GrpcLogAppender.java:onNextImpl(251)) - s2@group-ED203BE14A97->s1-AppendLogResponseHandler: Request not found, ignoring reply: s2<-s1#1147:OK,SUCCESS,nextIndex:730,term:12,followerCommit:728
2019-09-24 17:34:52,281 WARN  server.GrpcLogAppender (GrpcLogAppender.java:onNextImpl(251)) - s2@group-ED203BE14A97->s0-AppendLogResponseHandler: Request not found, ignoring reply: s2<-s0#1148:OK,SUCCESS,nextIndex:730,term:12,followerCommit:728
2019-09-24 17:34:52,281 WARN  server.GrpcLogAppender (GrpcLogAppender.java:onNextImpl(251)) - s2@group-ED203BE14A97->s1-AppendLogResponseHandler: Request not found, ignoring reply: s2<-s1#1148:OK,SUCCESS,nextIndex:730,term:12,followerCommit:728
2019-09-24 17:34:52,282 WARN  server.GrpcLogAppender (GrpcLogAppender.java:onNextImpl(251)) - s2@group-ED203BE14A97->s0-AppendLogResponseHandler: Request not found, ignoring reply: s2<-s0#1149:OK,SUCCESS,nextIndex:730,term:12,followerCommit:728
2019-09-24 17:34:52,282 WARN  server.GrpcLogAppender (GrpcLogAppender.java:onNextImpl(251)) - s2@group-ED203BE14A97->s1-AppendLogResponseHandler: Request not found, ignoring reply: s2<-s1#1149:OK,SUCCESS,nextIndex:730,term:12,followerCommit:728
2019-09-24 17:34:52,282 WARN  server.GrpcLogAppender (GrpcLogAppender.java:onNextImpl(251)) - s2@group-ED203BE14A97->s0-AppendLogResponseHandler: Request not found, ignoring reply: s2<-s0#1150:OK,SUCCESS,nextIndex:730,term:12,followerCommit:728
2019-09-24 17:34:52,282 WARN  server.GrpcLogAppender (GrpcLogAppender.java:onNextImpl(251)) - s2@group-ED203BE14A97->s1-AppendLogResponseHandler: Request not found, ignoring reply: s2<-s1#1150:OK,SUCCESS,nextIndex:730,term:12,followerCommit:728
2019-09-24 17:34:52,282 WARN  server.GrpcLogAppender (GrpcLogAppender.java:onNextImpl(251)) - s2@group-ED203BE14A97->s0-AppendLogResponseHandler: Request not found, ignoring reply: s2<-s0#1151:OK,SUCCESS,nextIndex:730,term:12,followerCommit:728
2019-09-24 17:34:52,282 WARN  server.GrpcLogAppender (GrpcLogAppender.java:onNextImpl(251)) - s2@group-ED203BE14A97->s1-AppendLogResponseHandler: Request not found, ignoring reply: s2<-s1#1151:OK,SUCCESS,nextIndex:730,term:12,followerCommit:728
2019-09-24 17:34:52,282 WARN  server.GrpcLogAppender (GrpcLogAppender.java:onNextImpl(251)) - s2@group-ED203BE14A97->s0-AppendLogResponseHandler: Request not found, ignoring reply: s2<-s0#1152:OK,SUCCESS,nextIndex:730,term:12,followerCommit:728
2019-09-24 17:34:52,283 WARN  server.GrpcLogAppender (GrpcLogAppender.java:onNextImpl(251)) - s2@group-ED203BE14A97->s1-AppendLogResponseHandler: Request not found, ignoring reply: s2<-s1#1152:OK,SUCCESS,nextIndex:730,term:12,followerCommit:728
2019-09-24 17:34:52,283 WARN  server.GrpcLogAppender (GrpcLogAppender.java:onNextImpl(251)) - s2@group-ED203BE14A97->s0-AppendLogResponseHandler: Request not found, ignoring reply: s2<-s0#1153:OK,SUCCESS,nextIndex:730,term:12,followerCommit:728
2019-09-24 17:34:52,283 WARN  server.GrpcLogAppender (GrpcLogAppender.java:onNextImpl(251)) - s2@group-ED203BE14A97->s1-AppendLogResponseHandler: Request not found, ignoring reply: s2<-s1#1153:OK,SUCCESS,nextIndex:730,term:12,followerCommit:728
2019-09-24 17:34:52,283 WARN  server.GrpcLogAppender (GrpcLogAppender.java:onNextImpl(251)) - s2@group-ED203BE14A97->s0-AppendLogResponseHandler: Request not found, ignoring reply: s2<-s0#1154:OK,SUCCESS,nextIndex:730,term:12,followerCommit:728
2019-09-24 17:34:52,283 WARN  server.GrpcLogAppender (GrpcLogAppender.java:onNextImpl(251)) - s2@group-ED203BE14A97->s1-AppendLogResponseHandler: Request not found, ignoring reply: s2<-s1#1154:OK,SUCCESS,nextIndex:730,term:12,followerCommit:728
2019-09-24 17:34:52,283 WARN  server.GrpcLogAppender (GrpcLogAppender.java:onNextImpl(251)) - s2@group-ED203BE14A97->s0-AppendLogResponseHandler: Request not found, ignoring reply: s2<-s0#1155:OK,SUCCESS,nextIndex:730,term:12,followerCommit:728
2019-09-24 17:34:52,284 WARN  server.GrpcLogAppender (GrpcLogAppender.java:onNextImpl(251)) - s2@group-ED203BE14A97->s1-AppendLogResponseHandler: Request not found, ignoring reply: s2<-s1#1155:OK,SUCCESS,nextIndex:730,term:12,followerCommit:728
2019-09-24 17:34:52,284 WARN  server.GrpcLogAppender (GrpcLogAppender.java:onNextImpl(251)) - s2@group-ED203BE14A97->s0-AppendLogResponseHandler: Request not found, ignoring reply: s2<-s0#1156:OK,SUCCESS,nextIndex:730,term:12,followerCommit:728
2019-09-24 17:34:52,284 WARN  server.GrpcLogAppender (GrpcLogAppender.java:timeoutAppendRequest(200)) - s2@group-ED203BE14A97->s0-GrpcLogAppender: appendEntries Timeout, request=s2->s0#1169-t12, previous=(t:12, i:729), leaderCommit=728, initializing? false, entries: <empty>
2019-09-24 17:34:52,284 WARN  server.GrpcLogAppender (GrpcLogAppender.java:onNextImpl(251)) - s2@group-ED203BE14A97->s1-AppendLogResponseHandler: Request not found, ignoring reply: s2<-s1#1156:OK,SUCCESS,nextIndex:730,term:12,followerCommit:728
2019-09-24 17:34:52,284 WARN  server.GrpcLogAppender (GrpcLogAppender.java:onNextImpl(251)) - s2@group-ED203BE14A97->s0-AppendLogResponseHandler: Request not found, ignoring reply: s2<-s0#1157:OK,SUCCESS,nextIndex:730,term:12,followerCommit:728
2019-09-24 17:34:52,284 WARN  server.GrpcLogAppender (GrpcLogAppender.java:timeoutAppendRequest(200)) - s2@group-ED203BE14A97->s1-GrpcLogAppender: appendEntries Timeout, request=s2->s1#1169-t12, previous=(t:12, i:729), leaderCommit=728, initializing? false, entries: <empty>
2019-09-24 17:34:52,285 WARN  server.GrpcLogAppender (GrpcLogAppender.java:onNextImpl(251)) - s2@group-ED203BE14A97->s0-AppendLogResponseHandler: Request not found, ignoring reply: s2<-s0#1158:OK,SUCCESS,nextIndex:730,term:12,followerCommit:728
2019-09-24 17:34:52,285 WARN  server.GrpcLogAppender (GrpcLogAppender.java:onNextImpl(251)) - s2@group-ED203BE14A97->s1-AppendLogResponseHandler: Request not found, ignoring reply: s2<-s1#1157:OK,SUCCESS,nextIndex:730,term:12,followerCommit:728
2019-09-24 17:34:52,285 WARN  server.GrpcLogAppender (GrpcLogAppender.java:onNextImpl(251)) - s2@group-ED203BE14A97->s0-AppendLogResponseHandler: Request not found, ignoring reply: s2<-s0#1159:OK,SUCCESS,nextIndex:730,term:12,followerCommit:728
2019-09-24 17:34:52,285 WARN  server.GrpcLogAppender (GrpcLogAppender.java:onNextImpl(251)) - s2@group-ED203BE14A97->s1-AppendLogResponseHandler: Request not found, ignoring reply: s2<-s1#1158:OK,SUCCESS,nextIndex:730,term:12,followerCommit:728
2019-09-24 17:34:52,285 WARN  server.GrpcLogAppender (GrpcLogAppender.java:onNextImpl(251)) - s2@group-ED203BE14A97->s0-AppendLogResponseHandler: Request not found, ignoring reply: s2<-s0#1160:OK,SUCCESS,nextIndex:730,term:12,followerCommit:728
2019-09-24 17:34:52,286 WARN  server.GrpcLogAppender (GrpcLogAppender.java:onNextImpl(251)) - s2@group-ED203BE14A97->s1-AppendLogResponseHandler: Request not found, ignoring reply: s2<-s1#1159:OK,SUCCESS,nextIndex:730,term:12,followerCommit:728
2019-09-24 17:34:52,286 WARN  server.GrpcLogAppender (GrpcLogAppender.java:onNextImpl(251)) - s2@group-ED203BE14A97->s0-AppendLogResponseHandler: Request not found, ignoring reply: s2<-s0#1161:OK,SUCCESS,nextIndex:730,term:12,followerCommit:728
2019-09-24 17:34:52,286 WARN  server.GrpcLogAppender (GrpcLogAppender.java:onNextImpl(251)) - s2@group-ED203BE14A97->s1-AppendLogResponseHandler: Request not found, ignoring reply: s2<-s1#1160:OK,SUCCESS,nextIndex:730,term:12,followerCommit:728
2019-09-24 17:34:52,286 WARN  server.GrpcLogAppender (GrpcLogAppender.java:onNextImpl(251)) - s2@group-ED203BE14A97->s0-AppendLogResponseHandler: Request not found, ignoring reply: s2<-s0#1162:OK,SUCCESS,nextIndex:730,term:12,followerCommit:728
2019-09-24 17:34:52,286 WARN  server.GrpcLogAppender (GrpcLogAppender.java:onNextImpl(251)) - s2@group-ED203BE14A97->s1-AppendLogResponseHandler: Request not found, ignoring reply: s2<-s1#1161:OK,SUCCESS,nextIndex:730,term:12,followerCommit:728
2019-09-24 17:34:52,286 WARN  server.GrpcLogAppender (GrpcLogAppender.java:onNextImpl(251)) - s2@group-ED203BE14A97->s0-AppendLogResponseHandler: Request not found, ignoring reply: s2<-s0#1163:OK,SUCCESS,nextIndex:730,term:12,followerCommit:728
2019-09-24 17:34:52,286 WARN  server.GrpcLogAppender (GrpcLogAppender.java:onNextImpl(251)) - s2@group-ED203BE14A97->s1-AppendLogResponseHandler: Request not found, ignoring reply: s2<-s1#1162:OK,SUCCESS,nextIndex:730,term:12,followerCommit:728
2019-09-24 17:34:52,287 WARN  server.GrpcLogAppender (GrpcLogAppender.java:onNextImpl(251)) - s2@group-ED203BE14A97->s0-AppendLogResponseHandler: Request not found, ignoring reply: s2<-s0#1164:OK,SUCCESS,nextIndex:730,term:12,followerCommit:728
2019-09-24 17:34:52,287 WARN  server.GrpcLogAppender (GrpcLogAppender.java:onNextImpl(251)) - s2@group-ED203BE14A97->s1-AppendLogResponseHandler: Request not found, ignoring reply: s2<-s1#1163:OK,SUCCESS,nextIndex:730,term:12,followerCommit:728
2019-09-24 17:34:52,287 WARN  server.GrpcLogAppender (GrpcLogAppender.java:onNextImpl(251)) - s2@group-ED203BE14A97->s0-AppendLogResponseHandler: Request not found, ignoring reply: s2<-s0#1165:OK,SUCCESS,nextIndex:730,term:12,followerCommit:728
2019-09-24 17:34:52,287 WARN  server.GrpcLogAppender (GrpcLogAppender.java:onNextImpl(251)) - s2@group-ED203BE14A97->s1-AppendLogResponseHandler: Request not found, ignoring reply: s2<-s1#1164:OK,SUCCESS,nextIndex:730,term:12,followerCommit:728
2019-09-24 17:34:52,287 WARN  server.GrpcLogAppender (GrpcLogAppender.java:onNextImpl(251)) - s2@group-ED203BE14A97->s0-AppendLogResponseHandler: Request not found, ignoring reply: s2<-s0#1166:OK,SUCCESS,nextIndex:730,term:12,followerCommit:728
2019-09-24 17:34:52,287 WARN  server.GrpcLogAppender (GrpcLogAppender.java:onNextImpl(251)) - s2@group-ED203BE14A97->s1-AppendLogResponseHandler: Request not found, ignoring reply: s2<-s1#1165:OK,SUCCESS,nextIndex:730,term:12,followerCommit:728
2019-09-24 17:34:52,288 WARN  server.GrpcLogAppender (GrpcLogAppender.java:onNextImpl(251)) - s2@group-ED203BE14A97->s0-AppendLogResponseHandler: Request not found, ignoring reply: s2<-s0#1167:OK,SUCCESS,nextIndex:730,term:12,followerCommit:728
2019-09-24 17:34:52,288 WARN  server.GrpcLogAppender (GrpcLogAppender.java:onNextImpl(251)) - s2@group-ED203BE14A97->s1-AppendLogResponseHandler: Request not found, ignoring reply: s2<-s1#1166:OK,SUCCESS,nextIndex:730,term:12,followerCommit:728
2019-09-24 17:34:52,288 WARN  server.GrpcLogAppender (GrpcLogAppender.java:onNextImpl(251)) - s2@group-ED203BE14A97->s0-AppendLogResponseHandler: Request not found, ignoring reply: s2<-s0#1168:OK,SUCCESS,nextIndex:730,term:12,followerCommit:728
2019-09-24 17:34:52,288 WARN  server.GrpcLogAppender (GrpcLogAppender.java:onNextImpl(251)) - s2@group-ED203BE14A97->s1-AppendLogResponseHandler: Request not found, ignoring reply: s2<-s1#1167:OK,SUCCESS,nextIndex:730,term:12,followerCommit:728
2019-09-24 17:34:52,288 WARN  server.GrpcLogAppender (GrpcLogAppender.java:onNextImpl(251)) - s2@group-ED203BE14A97->s0-AppendLogResponseHandler: Request not found, ignoring reply: s2<-s0#1169:OK,SUCCESS,nextIndex:730,term:12,followerCommit:728
2019-09-24 17:34:52,288 WARN  server.GrpcLogAppender (GrpcLogAppender.java:onNextImpl(251)) - s2@group-ED203BE14A97->s1-AppendLogResponseHandler: Request not found, ignoring reply: s2<-s1#1168:OK,SUCCESS,nextIndex:730,term:12,followerCommit:728
2019-09-24 17:34:52,289 WARN  server.GrpcLogAppender (GrpcLogAppender.java:onNextImpl(251)) - s2@group-ED203BE14A97->s1-AppendLogResponseHandler: Request not found, ignoring reply: s2<-s1#1169:OK,SUCCESS,nextIndex:730,term:12,followerCommit:728
2019-09-24 17:34:53,815 INFO  ratis.MiniRaftCluster (MiniRaftCluster.java:lambda$null$5(297)) - TIMED-PRINT: printing ALL groups
  s0:  RUNNING  FOLLOWER s0@group-ED203BE14A97:t12, leader=s2, voted=s2, raftlog=s0@group-ED203BE14A97-SegmentedRaftLog:OPENED:c729,f729,i731, conf=0: [s0:0.0.0.0:42001, s1:0.0.0.0:43636, s2:0.0.0.0:41913], old=null RUNNING
  s1:  RUNNING  FOLLOWER s1@group-ED203BE14A97:t12, leader=s2, voted=s1, raftlog=s1@group-ED203BE14A97-SegmentedRaftLog:OPENED:c729,f729,i731, conf=0: [s0:0.0.0.0:42001, s1:0.0.0.0:43636, s2:0.0.0.0:41913], old=null RUNNING
  s2:  RUNNING    LEADER s2@group-ED203BE14A97:t12, leader=s2, voted=s2, raftlog=s2@group-ED203BE14A97-SegmentedRaftLog:OPENED:c729,f729,i731, conf=0: [s0:0.0.0.0:42001, s1:0.0.0.0:43636, s2:0.0.0.0:41913], old=null RUNNING
2019-09-24 17:34:55,354 WARN  util.JavaUtils (JavaUtils.java:sleep(250)) - Unexpected long sleep: sleep(158ms) actually took 469ms which is over the threshold 300ms
2019-09-24 17:34:55,355 WARN  server.GrpcLogAppender (GrpcLogAppender.java:timeoutAppendRequest(200)) - s2@group-ED203BE14A97->s0-GrpcLogAppender: appendEntries Timeout, request=s2->s0#1209-t12, previous=(t:12, i:729), leaderCommit=729, initializing? false, entries: size=1, first=(t:12, i:730), METADATAENTRY(c729)
2019-09-24 17:34:55,355 WARN  server.GrpcLogAppender (GrpcLogAppender.java:timeoutAppendRequest(200)) - s2@group-ED203BE14A97->s1-GrpcLogAppender: appendEntries Timeout, request=s2->s1#1209-t12, previous=(t:12, i:729), leaderCommit=729, initializing? false, entries: size=1, first=(t:12, i:730), METADATAENTRY(c729)
2019-09-24 17:34:55,356 WARN  server.GrpcLogAppender (GrpcLogAppender.java:timeoutAppendRequest(200)) - s2@group-ED203BE14A97->s0-GrpcLogAppender: appendEntries Timeout, request=s2->s0#1210-t12, previous=(t:12, i:730), leaderCommit=729, initializing? false, entries: size=1, first=(t:12, i:731), STATEMACHINELOGENTRY, client-236938EB08E4, cid=365
2019-09-24 17:34:55,356 WARN  server.GrpcLogAppender (GrpcLogAppender.java:timeoutAppendRequest(200)) - s2@group-ED203BE14A97->s1-GrpcLogAppender: appendEntries Timeout, request=s2->s1#1210-t12, previous=(t:12, i:730), leaderCommit=729, initializing? false, entries: size=1, first=(t:12, i:731), STATEMACHINELOGENTRY, client-236938EB08E4, cid=365
2019-09-24 17:34:55,370 WARN  server.GrpcLogAppender (GrpcLogAppender.java:timeoutAppendRequest(200)) - s2@group-ED203BE14A97->s0-GrpcLogAppender: appendEntries Timeout, request=s2->s0#1211-t12, previous=(t:12, i:731), leaderCommit=729, initializing? false, entries: <empty>
2019-09-24 17:34:55,370 WARN  server.GrpcLogAppender (GrpcLogAppender.java:timeoutAppendRequest(200)) - s2@group-ED203BE14A97->s1-GrpcLogAppender: appendEntries Timeout, request=s2->s1#1211-t12, previous=(t:12, i:731), leaderCommit=729, initializing? false, entries: <empty>
2019-09-24 17:34:55,446 WARN  server.GrpcLogAppender (GrpcLogAppender.java:timeoutAppendRequest(200)) - s2@group-ED203BE14A97->s1-GrpcLogAppender: appendEntries Timeout, request=s2->s1#1212-t12, previous=(t:12, i:731), leaderCommit=729, initializing? false, entries: <empty>
2019-09-24 17:34:55,446 WARN  server.GrpcLogAppender (GrpcLogAppender.java:timeoutAppendRequest(200)) - s2@group-ED203BE14A97->s0-GrpcLogAppender: appendEntries Timeout, request=s2->s0#1212-t12, previous=(t:12, i:731), leaderCommit=729, initializing? false, entries: <empty>
2019-09-24 17:34:55,521 WARN  server.GrpcLogAppender (GrpcLogAppender.java:timeoutAppendRequest(200)) - s2@group-ED203BE14A97->s1-GrpcLogAppender: appendEntries Timeout, request=s2->s1#1213-t12, previous=(t:12, i:731), leaderCommit=729, initializing? false, entries: <empty>
2019-09-24 17:34:55,521 WARN  server.GrpcLogAppender (GrpcLogAppender.java:timeoutAppendRequest(200)) - s2@group-ED203BE14A97->s0-GrpcLogAppender: appendEntries Timeout, request=s2->s0#1213-t12, previous=(t:12, i:731), leaderCommit=729, initializing? false, entries: <empty>
2019-09-24 17:34:55,596 WARN  server.GrpcLogAppender (GrpcLogAppender.java:timeoutAppendRequest(200)) - s2@group-ED203BE14A97->s1-GrpcLogAppender: appendEntries Timeout, request=s2->s1#1214-t12, previous=(t:12, i:731), leaderCommit=729, initializing? false, entries: <empty>
2019-09-24 17:34:55,596 WARN  server.GrpcLogAppender (GrpcLogAppender.java:timeoutAppendRequest(200)) - s2@group-ED203BE14A97->s0-GrpcLogAppender: appendEntries Timeout, request=s2->s0#1214-t12, previous=(t:12, i:731), leaderCommit=729, initializing? false, entries: <empty>
2019-09-24 17:34:55,672 WARN  server.GrpcLogAppender (GrpcLogAppender.java:timeoutAppendRequest(200)) - s2@group-ED203BE14A97->s1-GrpcLogAppender: appendEntries Timeout, request=s2->s1#1215-t12, previous=(t:12, i:731), leaderCommit=729, initializing? false, entries: <empty>
2019-09-24 17:34:55,672 WARN  server.GrpcLogAppender (GrpcLogAppender.java:timeoutAppendRequest(200)) - s2@group-ED203BE14A97->s0-GrpcLogAppender: appendEntries Timeout, request=s2->s0#1215-t12, previous=(t:12, i:731), leaderCommit=729, initializing? false, entries: <empty>
2019-09-24 17:34:55,747 WARN  server.GrpcLogAppender (GrpcLogAppender.java:timeoutAppendRequest(200)) - s2@group-ED203BE14A97->s1-GrpcLogAppender: appendEntries Timeout, request=s2->s1#1216-t12, previous=(t:12, i:731), leaderCommit=729, initializing? false, entries: <empty>
2019-09-24 17:34:55,747 WARN  server.GrpcLogAppender (GrpcLogAppender.java:timeoutAppendRequest(200)) - s2@group-ED203BE14A97->s0-GrpcLogAppender: appendEntries Timeout, request=s2->s0#1216-t12, previous=(t:12, i:731), leaderCommit=729, initializing? false, entries: <empty>
2019-09-24 17:34:55,822 WARN  server.GrpcLogAppender (GrpcLogAppender.java:timeoutAppendRequest(200)) - s2@group-ED203BE14A97->s1-GrpcLogAppender: appendEntries Timeout, request=s2->s1#1217-t12, previous=(t:12, i:731), leaderCommit=729, initializing? false, entries: <empty>
2019-09-24 17:34:55,822 WARN  server.GrpcLogAppender (GrpcLogAppender.java:timeoutAppendRequest(200)) - s2@group-ED203BE14A97->s0-GrpcLogAppender: appendEntries Timeout, request=s2->s0#1217-t12, previous=(t:12, i:731), leaderCommit=729, initializing? false, entries: <empty>
2019-09-24 17:34:55,897 WARN  server.GrpcLogAppender (GrpcLogAppender.java:timeoutAppendRequest(200)) - s2@group-ED203BE14A97->s0-GrpcLogAppender: appendEntries Timeout, request=s2->s0#1218-t12, previous=(t:12, i:731), leaderCommit=729, initializing? false, entries: <empty>
2019-09-24 17:34:55,897 WARN  server.GrpcLogAppender (GrpcLogAppender.java:timeoutAppendRequest(200)) - s2@group-ED203BE14A97->s1-GrpcLogAppender: appendEntries Timeout, request=s2->s1#1218-t12, previous=(t:12, i:731), leaderCommit=729, initializing? false, entries: <empty>
2019-09-24 17:34:55,973 WARN  server.GrpcLogAppender (GrpcLogAppender.java:timeoutAppendRequest(200)) - s2@group-ED203BE14A97->s1-GrpcLogAppender: appendEntries Timeout, request=s2->s1#1219-t12, previous=(t:12, i:731), leaderCommit=729, initializing? false, entries: <empty>
2019-09-24 17:34:55,973 WARN  server.GrpcLogAppender (GrpcLogAppender.java:timeoutAppendRequest(200)) - s2@group-ED203BE14A97->s0-GrpcLogAppender: appendEntries Timeout, request=s2->s0#1219-t12, previous=(t:12, i:731), leaderCommit=729, initializing? false, entries: <empty>
2019-09-24 17:34:56,048 WARN  server.GrpcLogAppender (GrpcLogAppender.java:timeoutAppendRequest(200)) - s2@group-ED203BE14A97->s1-GrpcLogAppender: appendEntries Timeout, request=s2->s1#1220-t12, previous=(t:12, i:731), leaderCommit=729, initializing? false, entries: <empty>
2019-09-24 17:34:56,048 WARN  server.GrpcLogAppender (GrpcLogAppender.java:timeoutAppendRequest(200)) - s2@group-ED203BE14A97->s0-GrpcLogAppender: appendEntries Timeout, request=s2->s0#1220-t12, previous=(t:12, i:731), leaderCommit=729, initializing? false, entries: <empty>
2019-09-24 17:34:56,123 WARN  server.GrpcLogAppender (GrpcLogAppender.java:timeoutAppendRequest(200)) - s2@group-ED203BE14A97->s0-GrpcLogAppender: appendEntries Timeout, request=s2->s0#1221-t12, previous=(t:12, i:731), leaderCommit=729, initializing? false, entries: <empty>
2019-09-24 17:34:56,123 WARN  server.GrpcLogAppender (GrpcLogAppender.java:timeoutAppendRequest(200)) - s2@group-ED203BE14A97->s1-GrpcLogAppender: appendEntries Timeout, request=s2->s1#1221-t12, previous=(t:12, i:731), leaderCommit=729, initializing? false, entries: <empty>
2019-09-24 17:34:56,198 WARN  server.GrpcLogAppender (GrpcLogAppender.java:timeoutAppendRequest(200)) - s2@group-ED203BE14A97->s1-GrpcLogAppender: appendEntries Timeout, request=s2->s1#1222-t12, previous=(t:12, i:731), leaderCommit=729, initializing? false, entries: <empty>
2019-09-24 17:34:56,198 WARN  server.GrpcLogAppender (GrpcLogAppender.java:timeoutAppendRequest(200)) - s2@group-ED203BE14A97->s0-GrpcLogAppender: appendEntries Timeout, request=s2->s0#1222-t12, previous=(t:12, i:731), leaderCommit=729, initializing? false, entries: <empty>
2019-09-24 17:34:56,275 WARN  server.GrpcLogAppender (GrpcLogAppender.java:timeoutAppendRequest(200)) - s2@group-ED203BE14A97->s0-GrpcLogAppender: appendEntries Timeout, request=s2->s0#1223-t12, previous=(t:12, i:731), leaderCommit=729, initializing? false, entries: <empty>
2019-09-24 17:34:56,275 WARN  server.GrpcLogAppender (GrpcLogAppender.java:timeoutAppendRequest(200)) - s2@group-ED203BE14A97->s1-GrpcLogAppender: appendEntries Timeout, request=s2->s1#1223-t12, previous=(t:12, i:731), leaderCommit=729, initializing? false, entries: <empty>
2019-09-24 17:34:56,350 WARN  server.GrpcLogAppender (GrpcLogAppender.java:timeoutAppendRequest(200)) - s2@group-ED203BE14A97->s0-GrpcLogAppender: appendEntries Timeout, request=s2->s0#1224-t12, previous=(t:12, i:731), leaderCommit=729, initializing? false, entries: <empty>
2019-09-24 17:34:56,350 WARN  server.GrpcLogAppender (GrpcLogAppender.java:timeoutAppendRequest(200)) - s2@group-ED203BE14A97->s1-GrpcLogAppender: appendEntries Timeout, request=s2->s1#1224-t12, previous=(t:12, i:731), leaderCommit=729, initializing? false, entries: <empty>
2019-09-24 17:34:56,425 WARN  server.GrpcLogAppender (GrpcLogAppender.java:timeoutAppendRequest(200)) - s2@group-ED203BE14A97->s0-GrpcLogAppender: appendEntries Timeout, request=s2->s0#1225-t12, previous=(t:12, i:731), leaderCommit=729, initializing? false, entries: <empty>
2019-09-24 17:34:56,426 WARN  server.GrpcLogAppender (GrpcLogAppender.java:timeoutAppendRequest(200)) - s2@group-ED203BE14A97->s1-GrpcLogAppender: appendEntries Timeout, request=s2->s1#1225-t12, previous=(t:12, i:731), leaderCommit=729, initializing? false, entries: <empty>
2019-09-24 17:34:56,501 WARN  server.GrpcLogAppender (GrpcLogAppender.java:timeoutAppendRequest(200)) - s2@group-ED203BE14A97->s0-GrpcLogAppender: appendEntries Timeout, request=s2->s0#1226-t12, previous=(t:12, i:731), leaderCommit=729, initializing? false, entries: <empty>
2019-09-24 17:34:56,501 WARN  server.GrpcLogAppender (GrpcLogAppender.java:timeoutAppendRequest(200)) - s2@group-ED203BE14A97->s1-GrpcLogAppender: appendEntries Timeout, request=s2->s1#1226-t12, previous=(t:12, i:731), leaderCommit=729, initializing? false, entries: <empty>
2019-09-24 17:34:56,576 WARN  server.GrpcLogAppender (GrpcLogAppender.java:timeoutAppendRequest(200)) - s2@group-ED203BE14A97->s0-GrpcLogAppender: appendEntries Timeout, request=s2->s0#1227-t12, previous=(t:12, i:731), leaderCommit=729, initializing? false, entries: <empty>
2019-09-24 17:34:56,578 WARN  server.GrpcLogAppender (GrpcLogAppender.java:timeoutAppendRequest(200)) - s2@group-ED203BE14A97->s1-GrpcLogAppender: appendEntries Timeout, request=s2->s1#1227-t12, previous=(t:12, i:731), leaderCommit=729, initializing? false, entries: <empty>
2019-09-24 17:34:56,651 WARN  server.GrpcLogAppender (GrpcLogAppender.java:timeoutAppendRequest(200)) - s2@group-ED203BE14A97->s0-GrpcLogAppender: appendEntries Timeout, request=s2->s0#1228-t12, previous=(t:12, i:731), leaderCommit=729, initializing? false, entries: <empty>
2019-09-24 17:34:56,651 WARN  server.GrpcLogAppender (GrpcLogAppender.java:timeoutAppendRequest(200)) - s2@group-ED203BE14A97->s1-GrpcLogAppender: appendEntries Timeout, request=s2->s1#1228-t12, previous=(t:12, i:731), leaderCommit=729, initializing? false, entries: <empty>
2019-09-24 17:34:56,726 WARN  server.GrpcLogAppender (GrpcLogAppender.java:timeoutAppendRequest(200)) - s2@group-ED203BE14A97->s0-GrpcLogAppender: appendEntries Timeout, request=s2->s0#1229-t12, previous=(t:12, i:731), leaderCommit=729, initializing? false, entries: <empty>
2019-09-24 17:34:56,727 WARN  server.GrpcLogAppender (GrpcLogAppender.java:timeoutAppendRequest(200)) - s2@group-ED203BE14A97->s1-GrpcLogAppender: appendEntries Timeout, request=s2->s1#1229-t12, previous=(t:12, i:731), leaderCommit=729, initializing? false, entries: <empty>
2019-09-24 17:34:56,802 WARN  server.GrpcLogAppender (GrpcLogAppender.java:timeoutAppendRequest(200)) - s2@group-ED203BE14A97->s0-GrpcLogAppender: appendEntries Timeout, request=s2->s0#1230-t12, previous=(t:12, i:731), leaderCommit=729, initializing? false, entries: <empty>
2019-09-24 17:34:56,802 WARN  server.GrpcLogAppender (GrpcLogAppender.java:timeoutAppendRequest(200)) - s2@group-ED203BE14A97->s1-GrpcLogAppender: appendEntries Timeout, request=s2->s1#1230-t12, previous=(t:12, i:731), leaderCommit=729, initializing? false, entries: <empty>
2019-09-24 17:34:56,877 WARN  server.GrpcLogAppender (GrpcLogAppender.java:timeoutAppendRequest(200)) - s2@group-ED203BE14A97->s0-GrpcLogAppender: appendEntries Timeout, request=s2->s0#1231-t12, previous=(t:12, i:731), leaderCommit=729, initializing? false, entries: <empty>
2019-09-24 17:34:56,877 WARN  server.GrpcLogAppender (GrpcLogAppender.java:timeoutAppendRequest(200)) - s2@group-ED203BE14A97->s1-GrpcLogAppender: appendEntries Timeout, request=s2->s1#1231-t12, previous=(t:12, i:731), leaderCommit=729, initializing? false, entries: <empty>
2019-09-24 17:34:56,952 WARN  server.GrpcLogAppender (GrpcLogAppender.java:timeoutAppendRequest(200)) - s2@group-ED203BE14A97->s0-GrpcLogAppender: appendEntries Timeout, request=s2->s0#1232-t12, previous=(t:12, i:731), leaderCommit=729, initializing? false, entries: <empty>
2019-09-24 17:34:56,952 WARN  server.GrpcLogAppender (GrpcLogAppender.java:timeoutAppendRequest(200)) - s2@group-ED203BE14A97->s1-GrpcLogAppender: appendEntries Timeout, request=s2->s1#1232-t12, previous=(t:12, i:731), leaderCommit=729, initializing? false, entries: <empty>
2019-09-24 17:34:57,027 WARN  server.GrpcLogAppender (GrpcLogAppender.java:timeoutAppendRequest(200)) - s2@group-ED203BE14A97->s0-GrpcLogAppender: appendEntries Timeout, request=s2->s0#1233-t12, previous=(t:12, i:731), leaderCommit=729, initializing? false, entries: <empty>
2019-09-24 17:34:57,028 WARN  server.GrpcLogAppender (GrpcLogAppender.java:timeoutAppendRequest(200)) - s2@group-ED203BE14A97->s1-GrpcLogAppender: appendEntries Timeout, request=s2->s1#1233-t12, previous=(t:12, i:731), leaderCommit=729, initializing? false, entries: <empty>
2019-09-24 17:34:57,103 WARN  server.GrpcLogAppender (GrpcLogAppender.java:timeoutAppendRequest(200)) - s2@group-ED203BE14A97->s0-GrpcLogAppender: appendEntries Timeout, request=s2->s0#1234-t12, previous=(t:12, i:731), leaderCommit=729, initializing? false, entries: <empty>
2019-09-24 17:34:57,103 WARN  server.GrpcLogAppender (GrpcLogAppender.java:timeoutAppendRequest(200)) - s2@group-ED203BE14A97->s1-GrpcLogAppender: appendEntries Timeout, request=s2->s1#1234-t12, previous=(t:12, i:731), leaderCommit=729, initializing? false, entries: <empty>
2019-09-24 17:34:57,178 WARN  server.GrpcLogAppender (GrpcLogAppender.java:timeoutAppendRequest(200)) - s2@group-ED203BE14A97->s1-GrpcLogAppender: appendEntries Timeout, request=s2->s1#1235-t12, previous=(t:12, i:731), leaderCommit=729, initializing? false, entries: <empty>
2019-09-24 17:34:57,178 WARN  server.GrpcLogAppender (GrpcLogAppender.java:timeoutAppendRequest(200)) - s2@group-ED203BE14A97->s0-GrpcLogAppender: appendEntries Timeout, request=s2->s0#1235-t12, previous=(t:12, i:731), leaderCommit=729, initializing? false, entries: <empty>
2019-09-24 17:34:57,253 WARN  server.GrpcLogAppender (GrpcLogAppender.java:timeoutAppendRequest(200)) - s2@group-ED203BE14A97->s1-GrpcLogAppender: appendEntries Timeout, request=s2->s1#1236-t12, previous=(t:12, i:731), leaderCommit=729, initializing? false, entries: <empty>
2019-09-24 17:34:57,253 WARN  server.GrpcLogAppender (GrpcLogAppender.java:timeoutAppendRequest(200)) - s2@group-ED203BE14A97->s0-GrpcLogAppender: appendEntries Timeout, request=s2->s0#1236-t12, previous=(t:12, i:731), leaderCommit=729, initializing? false, entries: <empty>
2019-09-24 17:34:57,329 WARN  server.GrpcLogAppender (GrpcLogAppender.java:timeoutAppendRequest(200)) - s2@group-ED203BE14A97->s1-GrpcLogAppender: appendEntries Timeout, request=s2->s1#1237-t12, previous=(t:12, i:731), leaderCommit=729, initializing? false, entries: <empty>
2019-09-24 17:34:57,329 WARN  server.GrpcLogAppender (GrpcLogAppender.java:timeoutAppendRequest(200)) - s2@group-ED203BE14A97->s0-GrpcLogAppender: appendEntries Timeout, request=s2->s0#1237-t12, previous=(t:12, i:731), leaderCommit=729, initializing? false, entries: <empty>
2019-09-24 17:34:57,377 WARN  server.GrpcLogAppender (GrpcLogAppender.java:onNextImpl(251)) - s2@group-ED203BE14A97->s0-AppendLogResponseHandler: Request not found, ignoring reply: s2<-s0#1209:OK,SUCCESS,nextIndex:731,term:12,followerCommit:729
2019-09-24 17:34:57,380 WARN  server.GrpcLogAppender (GrpcLogAppender.java:onNextImpl(251)) - s2@group-ED203BE14A97->s1-AppendLogResponseHandler: Request not found, ignoring reply: s2<-s1#1209:OK,SUCCESS,nextIndex:731,term:12,followerCommit:729
2019-09-24 17:34:57,404 WARN  server.GrpcLogAppender (GrpcLogAppender.java:timeoutAppendRequest(200)) - s2@group-ED203BE14A97->s1-GrpcLogAppender: appendEntries Timeout, request=s2->s1#1238-t12, previous=(t:12, i:731), leaderCommit=729, initializing? false, entries: <empty>
2019-09-24 17:34:57,404 WARN  server.GrpcLogAppender (GrpcLogAppender.java:timeoutAppendRequest(200)) - s2@group-ED203BE14A97->s0-GrpcLogAppender: appendEntries Timeout, request=s2->s0#1238-t12, previous=(t:12, i:731), leaderCommit=729, initializing? false, entries: <empty>
2019-09-24 17:34:57,479 WARN  server.GrpcLogAppender (GrpcLogAppender.java:timeoutAppendRequest(200)) - s2@group-ED203BE14A97->s1-GrpcLogAppender: appendEntries Timeout, request=s2->s1#1239-t12, previous=(t:12, i:731), leaderCommit=729, initializing? false, entries: <empty>
2019-09-24 17:34:57,479 WARN  server.GrpcLogAppender (GrpcLogAppender.java:timeoutAppendRequest(200)) - s2@group-ED203BE14A97->s0-GrpcLogAppender: appendEntries Timeout, request=s2->s0#1239-t12, previous=(t:12, i:731), leaderCommit=729, initializing? false, entries: <empty>
2019-09-24 17:34:57,555 WARN  server.GrpcLogAppender (GrpcLogAppender.java:timeoutAppendRequest(200)) - s2@group-ED203BE14A97->s0-GrpcLogAppender: appendEntries Timeout, request=s2->s0#1240-t12, previous=(t:12, i:731), leaderCommit=729, initializing? false, entries: <empty>
2019-09-24 17:34:57,555 WARN  server.GrpcLogAppender (GrpcLogAppender.java:timeoutAppendRequest(200)) - s2@group-ED203BE14A97->s1-GrpcLogAppender: appendEntries Timeout, request=s2->s1#1240-t12, previous=(t:12, i:731), leaderCommit=729, initializing? false, entries: <empty>
2019-09-24 17:34:57,630 WARN  server.GrpcLogAppender (GrpcLogAppender.java:timeoutAppendRequest(200)) - s2@group-ED203BE14A97->s0-GrpcLogAppender: appendEntries Timeout, request=s2->s0#1241-t12, previous=(t:12, i:731), leaderCommit=729, initializing? false, entries: <empty>
2019-09-24 17:34:57,630 WARN  server.GrpcLogAppender (GrpcLogAppender.java:timeoutAppendRequest(200)) - s2@group-ED203BE14A97->s1-GrpcLogAppender: appendEntries Timeout, request=s2->s1#1241-t12, previous=(t:12, i:731), leaderCommit=729, initializing? false, entries: <empty>
2019-09-24 17:34:57,705 WARN  server.GrpcLogAppender (GrpcLogAppender.java:timeoutAppendRequest(200)) - s2@group-ED203BE14A97->s0-GrpcLogAppender: appendEntries Timeout, request=s2->s0#1242-t12, previous=(t:12, i:731), leaderCommit=729, initializing? false, entries: <empty>
2019-09-24 17:34:57,705 WARN  server.GrpcLogAppender (GrpcLogAppender.java:timeoutAppendRequest(200)) - s2@group-ED203BE14A97->s1-GrpcLogAppender: appendEntries Timeout, request=s2->s1#1242-t12, previous=(t:12, i:731), leaderCommit=729, initializing? false, entries: <empty>
2019-09-24 17:34:57,780 WARN  server.GrpcLogAppender (GrpcLogAppender.java:timeoutAppendRequest(200)) - s2@group-ED203BE14A97->s0-GrpcLogAppender: appendEntries Timeout, request=s2->s0#1243-t12, previous=(t:12, i:731), leaderCommit=729, initializing? false, entries: <empty>
2019-09-24 17:34:57,780 WARN  server.GrpcLogAppender (GrpcLogAppender.java:timeoutAppendRequest(200)) - s2@group-ED203BE14A97->s1-GrpcLogAppender: appendEntries Timeout, request=s2->s1#1243-t12, previous=(t:12, i:731), leaderCommit=729, initializing? false, entries: <empty>
2019-09-24 17:34:57,856 WARN  server.GrpcLogAppender (GrpcLogAppender.java:timeoutAppendRequest(200)) - s2@group-ED203BE14A97->s1-GrpcLogAppender: appendEntries Timeout, request=s2->s1#1244-t12, previous=(t:12, i:731), leaderCommit=729, initializing? false, entries: <empty>
2019-09-24 17:34:57,856 WARN  server.GrpcLogAppender (GrpcLogAppender.java:timeoutAppendRequest(200)) - s2@group-ED203BE14A97->s0-GrpcLogAppender: appendEntries Timeout, request=s2->s0#1244-t12, previous=(t:12, i:731), leaderCommit=729, initializing? false, entries: <empty>
2019-09-24 17:34:57,931 WARN  server.GrpcLogAppender (GrpcLogAppender.java:timeoutAppendRequest(200)) - s2@group-ED203BE14A97->s0-GrpcLogAppender: appendEntries Timeout, request=s2->s0#1245-t12, previous=(t:12, i:731), leaderCommit=729, initializing? false, entries: <empty>
2019-09-24 17:34:57,931 WARN  server.GrpcLogAppender (GrpcLogAppender.java:timeoutAppendRequest(200)) - s2@group-ED203BE14A97->s1-GrpcLogAppender: appendEntries Timeout, request=s2->s1#1245-t12, previous=(t:12, i:731), leaderCommit=729, initializing? false, entries: <empty>
2019-09-24 17:34:58,354 WARN  server.GrpcLogAppender (GrpcLogAppender.java:timeoutAppendRequest(200)) - s2@group-ED203BE14A97->s1-GrpcLogAppender: appendEntries Timeout, request=s2->s1#1246-t12, previous=(t:12, i:731), leaderCommit=729, initializing? false, entries: <empty>
2019-09-24 17:34:58,354 WARN  server.GrpcLogAppender (GrpcLogAppender.java:timeoutAppendRequest(200)) - s2@group-ED203BE14A97->s0-GrpcLogAppender: appendEntries Timeout, request=s2->s0#1246-t12, previous=(t:12, i:731), leaderCommit=729, initializing? false, entries: <empty>
2019-09-24 17:34:58,430 WARN  server.GrpcLogAppender (GrpcLogAppender.java:timeoutAppendRequest(200)) - s2@group-ED203BE14A97->s0-GrpcLogAppender: appendEntries Timeout, request=s2->s0#1247-t12, previous=(t:12, i:731), leaderCommit=729, initializing? false, entries: <empty>
2019-09-24 17:34:58,430 WARN  server.GrpcLogAppender (GrpcLogAppender.java:timeoutAppendRequest(200)) - s2@group-ED203BE14A97->s1-GrpcLogAppender: appendEntries Timeout, request=s2->s1#1247-t12, previous=(t:12, i:731), leaderCommit=729, initializing? false, entries: <empty>
2019-09-24 17:34:58,505 WARN  server.GrpcLogAppender (GrpcLogAppender.java:timeoutAppendRequest(200)) - s2@group-ED203BE14A97->s0-GrpcLogAppender: appendEntries Timeout, request=s2->s0#1248-t12, previous=(t:12, i:731), leaderCommit=729, initializing? false, entries: <empty>
2019-09-24 17:34:58,505 WARN  server.GrpcLogAppender (GrpcLogAppender.java:timeoutAppendRequest(200)) - s2@group-ED203BE14A97->s1-GrpcLogAppender: appendEntries Timeout, request=s2->s1#1248-t12, previous=(t:12, i:731), leaderCommit=729, initializing? false, entries: <empty>
2019-09-24 17:34:58,580 WARN  server.GrpcLogAppender (GrpcLogAppender.java:timeoutAppendRequest(200)) - s2@group-ED203BE14A97->s0-GrpcLogAppender: appendEntries Timeout, request=s2->s0#1249-t12, previous=(t:12, i:731), leaderCommit=729, initializing? false, entries: <empty>
2019-09-24 17:34:58,580 WARN  server.GrpcLogAppender (GrpcLogAppender.java:timeoutAppendRequest(200)) - s2@group-ED203BE14A97->s1-GrpcLogAppender: appendEntries Timeout, request=s2->s1#1249-t12, previous=(t:12, i:731), leaderCommit=729, initializing? false, entries: <empty>
2019-09-24 17:34:58,655 WARN  server.GrpcLogAppender (GrpcLogAppender.java:timeoutAppendRequest(200)) - s2@group-ED203BE14A97->s1-GrpcLogAppender: appendEntries Timeout, request=s2->s1#1250-t12, previous=(t:12, i:731), leaderCommit=729, initializing? false, entries: <empty>
2019-09-24 17:34:58,655 WARN  server.GrpcLogAppender (GrpcLogAppender.java:timeoutAppendRequest(200)) - s2@group-ED203BE14A97->s0-GrpcLogAppender: appendEntries Timeout, request=s2->s0#1250-t12, previous=(t:12, i:731), leaderCommit=729, initializing? false, entries: <empty>
2019-09-24 17:34:58,731 WARN  server.GrpcLogAppender (GrpcLogAppender.java:timeoutAppendRequest(200)) - s2@group-ED203BE14A97->s1-GrpcLogAppender: appendEntries Timeout, request=s2->s1#1251-t12, previous=(t:12, i:731), leaderCommit=729, initializing? false, entries: <empty>
2019-09-24 17:34:58,731 WARN  server.GrpcLogAppender (GrpcLogAppender.java:timeoutAppendRequest(200)) - s2@group-ED203BE14A97->s0-GrpcLogAppender: appendEntries Timeout, request=s2->s0#1251-t12, previous=(t:12, i:731), leaderCommit=729, initializing? false, entries: <empty>
2019-09-24 17:34:58,806 WARN  server.GrpcLogAppender (GrpcLogAppender.java:timeoutAppendRequest(200)) - s2@group-ED203BE14A97->s1-GrpcLogAppender: appendEntries Timeout, request=s2->s1#1252-t12, previous=(t:12, i:731), leaderCommit=729, initializing? false, entries: <empty>
2019-09-24 17:34:58,806 WARN  server.GrpcLogAppender (GrpcLogAppender.java:timeoutAppendRequest(200)) - s2@group-ED203BE14A97->s0-GrpcLogAppender: appendEntries Timeout, request=s2->s0#1252-t12, previous=(t:12, i:731), leaderCommit=729, initializing? false, entries: <empty>
2019-09-24 17:34:58,881 WARN  server.GrpcLogAppender (GrpcLogAppender.java:timeoutAppendRequest(200)) - s2@group-ED203BE14A97->s1-GrpcLogAppender: appendEntries Timeout, request=s2->s1#1253-t12, previous=(t:12, i:731), leaderCommit=729, initializing? false, entries: <empty>
2019-09-24 17:34:58,881 WARN  server.GrpcLogAppender (GrpcLogAppender.java:timeoutAppendRequest(200)) - s2@group-ED203BE14A97->s0-GrpcLogAppender: appendEntries Timeout, request=s2->s0#1253-t12, previous=(t:12, i:731), leaderCommit=729, initializing? false, entries: <empty>
2019-09-24 17:34:58,956 WARN  server.GrpcLogAppender (GrpcLogAppender.java:timeoutAppendRequest(200)) - s2@group-ED203BE14A97->s1-GrpcLogAppender: appendEntries Timeout, request=s2->s1#1254-t12, previous=(t:12, i:731), leaderCommit=729, initializing? false, entries: <empty>
2019-09-24 17:34:58,956 WARN  server.GrpcLogAppender (GrpcLogAppender.java:timeoutAppendRequest(200)) - s2@group-ED203BE14A97->s0-GrpcLogAppender: appendEntries Timeout, request=s2->s0#1254-t12, previous=(t:12, i:731), leaderCommit=729, initializing? false, entries: <empty>
2019-09-24 17:34:59,032 WARN  server.GrpcLogAppender (GrpcLogAppender.java:timeoutAppendRequest(200)) - s2@group-ED203BE14A97->s0-GrpcLogAppender: appendEntries Timeout, request=s2->s0#1255-t12, previous=(t:12, i:731), leaderCommit=729, initializing? false, entries: <empty>
2019-09-24 17:34:59,032 WARN  server.GrpcLogAppender (GrpcLogAppender.java:timeoutAppendRequest(200)) - s2@group-ED203BE14A97->s1-GrpcLogAppender: appendEntries Timeout, request=s2->s1#1255-t12, previous=(t:12, i:731), leaderCommit=729, initializing? false, entries: <empty>
2019-09-24 17:34:59,107 WARN  server.GrpcLogAppender (GrpcLogAppender.java:timeoutAppendRequest(200)) - s2@group-ED203BE14A97->s1-GrpcLogAppender: appendEntries Timeout, request=s2->s1#1256-t12, previous=(t:12, i:731), leaderCommit=729, initializing? false, entries: <empty>
2019-09-24 17:34:59,107 WARN  server.GrpcLogAppender (GrpcLogAppender.java:timeoutAppendRequest(200)) - s2@group-ED203BE14A97->s0-GrpcLogAppender: appendEntries Timeout, request=s2->s0#1256-t12, previous=(t:12, i:731), leaderCommit=729, initializing? false, entries: <empty>
2019-09-24 17:34:59,182 WARN  server.GrpcLogAppender (GrpcLogAppender.java:timeoutAppendRequest(200)) - s2@group-ED203BE14A97->s0-GrpcLogAppender: appendEntries Timeout, request=s2->s0#1257-t12, previous=(t:12, i:731), leaderCommit=729, initializing? false, entries: <empty>
2019-09-24 17:34:59,182 WARN  server.GrpcLogAppender (GrpcLogAppender.java:timeoutAppendRequest(200)) - s2@group-ED203BE14A97->s1-GrpcLogAppender: appendEntries Timeout, request=s2->s1#1257-t12, previous=(t:12, i:731), leaderCommit=729, initializing? false, entries: <empty>
2019-09-24 17:34:59,257 WARN  server.GrpcLogAppender (GrpcLogAppender.java:timeoutAppendRequest(200)) - s2@group-ED203BE14A97->s0-GrpcLogAppender: appendEntries Timeout, request=s2->s0#1258-t12, previous=(t:12, i:731), leaderCommit=729, initializing? false, entries: <empty>
2019-09-24 17:34:59,257 WARN  server.GrpcLogAppender (GrpcLogAppender.java:timeoutAppendRequest(200)) - s2@group-ED203BE14A97->s1-GrpcLogAppender: appendEntries Timeout, request=s2->s1#1258-t12, previous=(t:12, i:731), leaderCommit=729, initializing? false, entries: <empty>
2019-09-24 17:34:59,333 WARN  server.GrpcLogAppender (GrpcLogAppender.java:timeoutAppendRequest(200)) - s2@group-ED203BE14A97->s0-GrpcLogAppender: appendEntries Timeout, request=s2->s0#1259-t12, previous=(t:12, i:731), leaderCommit=729, initializing? false, entries: <empty>
2019-09-24 17:34:59,333 WARN  server.GrpcLogAppender (GrpcLogAppender.java:timeoutAppendRequest(200)) - s2@group-ED203BE14A97->s1-GrpcLogAppender: appendEntries Timeout, request=s2->s1#1259-t12, previous=(t:12, i:731), leaderCommit=729, initializing? false, entries: <empty>
2019-09-24 17:34:59,408 WARN  server.GrpcLogAppender (GrpcLogAppender.java:timeoutAppendRequest(200)) - s2@group-ED203BE14A97->s1-GrpcLogAppender: appendEntries Timeout, request=s2->s1#1260-t12, previous=(t:12, i:731), leaderCommit=729, initializing? false, entries: <empty>
2019-09-24 17:34:59,408 WARN  server.GrpcLogAppender (GrpcLogAppender.java:timeoutAppendRequest(200)) - s2@group-ED203BE14A97->s0-GrpcLogAppender: appendEntries Timeout, request=s2->s0#1260-t12, previous=(t:12, i:731), leaderCommit=729, initializing? false, entries: <empty>
2019-09-24 17:34:59,483 WARN  server.GrpcLogAppender (GrpcLogAppender.java:timeoutAppendRequest(200)) - s2@group-ED203BE14A97->s0-GrpcLogAppender: appendEntries Timeout, request=s2->s0#1261-t12, previous=(t:12, i:731), leaderCommit=729, initializing? false, entries: <empty>
2019-09-24 17:34:59,483 WARN  server.GrpcLogAppender (GrpcLogAppender.java:timeoutAppendRequest(200)) - s2@group-ED203BE14A97->s1-GrpcLogAppender: appendEntries Timeout, request=s2->s1#1261-t12, previous=(t:12, i:731), leaderCommit=729, initializing? false, entries: <empty>
2019-09-24 17:34:59,558 WARN  server.GrpcLogAppender (GrpcLogAppender.java:timeoutAppendRequest(200)) - s2@group-ED203BE14A97->s0-GrpcLogAppender: appendEntries Timeout, request=s2->s0#1262-t12, previous=(t:12, i:731), leaderCommit=729, initializing? false, entries: <empty>
2019-09-24 17:34:59,558 WARN  server.GrpcLogAppender (GrpcLogAppender.java:timeoutAppendRequest(200)) - s2@group-ED203BE14A97->s1-GrpcLogAppender: appendEntries Timeout, request=s2->s1#1262-t12, previous=(t:12, i:731), leaderCommit=729, initializing? false, entries: <empty>
2019-09-24 17:34:59,633 WARN  server.GrpcLogAppender (GrpcLogAppender.java:timeoutAppendRequest(200)) - s2@group-ED203BE14A97->s1-GrpcLogAppender: appendEntries Timeout, request=s2->s1#1263-t12, previous=(t:12, i:731), leaderCommit=729, initializing? false, entries: <empty>
2019-09-24 17:34:59,633 WARN  server.GrpcLogAppender (GrpcLogAppender.java:timeoutAppendRequest(200)) - s2@group-ED203BE14A97->s0-GrpcLogAppender: appendEntries Timeout, request=s2->s0#1263-t12, previous=(t:12, i:731), leaderCommit=729, initializing? false, entries: <empty>
2019-09-24 17:34:59,709 WARN  server.GrpcLogAppender (GrpcLogAppender.java:timeoutAppendRequest(200)) - s2@group-ED203BE14A97->s1-GrpcLogAppender: appendEntries Timeout, request=s2->s1#1264-t12, previous=(t:12, i:731), leaderCommit=729, initializing? false, entries: <empty>
2019-09-24 17:34:59,709 WARN  server.GrpcLogAppender (GrpcLogAppender.java:timeoutAppendRequest(200)) - s2@group-ED203BE14A97->s0-GrpcLogAppender: appendEntries Timeout, request=s2->s0#1264-t12, previous=(t:12, i:731), leaderCommit=729, initializing? false, entries: <empty>
2019-09-24 17:34:59,784 WARN  server.GrpcLogAppender (GrpcLogAppender.java:timeoutAppendRequest(200)) - s2@group-ED203BE14A97->s1-GrpcLogAppender: appendEntries Timeout, request=s2->s1#1265-t12, previous=(t:12, i:731), leaderCommit=729, initializing? false, entries: <empty>
2019-09-24 17:34:59,784 WARN  server.GrpcLogAppender (GrpcLogAppender.java:timeoutAppendRequest(200)) - s2@group-ED203BE14A97->s0-GrpcLogAppender: appendEntries Timeout, request=s2->s0#1265-t12, previous=(t:12, i:731), leaderCommit=729, initializing? false, entries: <empty>
2019-09-24 17:34:59,859 WARN  server.GrpcLogAppender (GrpcLogAppender.java:timeoutAppendRequest(200)) - s2@group-ED203BE14A97->s1-GrpcLogAppender: appendEntries Timeout, request=s2->s1#1266-t12, previous=(t:12, i:731), leaderCommit=729, initializing? false, entries: <empty>
2019-09-24 17:34:59,859 WARN  server.GrpcLogAppender (GrpcLogAppender.java:timeoutAppendRequest(200)) - s2@group-ED203BE14A97->s0-GrpcLogAppender: appendEntries Timeout, request=s2->s0#1266-t12, previous=(t:12, i:731), leaderCommit=729, initializing? false, entries: <empty>
2019-09-24 17:34:59,934 WARN  server.GrpcLogAppender (GrpcLogAppender.java:timeoutAppendRequest(200)) - s2@group-ED203BE14A97->s1-GrpcLogAppender: appendEntries Timeout, request=s2->s1#1267-t12, previous=(t:12, i:731), leaderCommit=729, initializing? false, entries: <empty>
2019-09-24 17:34:59,934 WARN  server.GrpcLogAppender (GrpcLogAppender.java:timeoutAppendRequest(200)) - s2@group-ED203BE14A97->s0-GrpcLogAppender: appendEntries Timeout, request=s2->s0#1267-t12, previous=(t:12, i:731), leaderCommit=729, initializing? false, entries: <empty>
2019-09-24 17:35:00,010 WARN  server.GrpcLogAppender (GrpcLogAppender.java:timeoutAppendRequest(200)) - s2@group-ED203BE14A97->s1-GrpcLogAppender: appendEntries Timeout, request=s2->s1#1268-t12, previous=(t:12, i:731), leaderCommit=729, initializing? false, entries: <empty>
2019-09-24 17:35:00,010 WARN  server.GrpcLogAppender (GrpcLogAppender.java:timeoutAppendRequest(200)) - s2@group-ED203BE14A97->s0-GrpcLogAppender: appendEntries Timeout, request=s2->s0#1268-t12, previous=(t:12, i:731), leaderCommit=729, initializing? false, entries: <empty>
2019-09-24 17:35:00,085 WARN  server.GrpcLogAppender (GrpcLogAppender.java:timeoutAppendRequest(200)) - s2@group-ED203BE14A97->s1-GrpcLogAppender: appendEntries Timeout, request=s2->s1#1269-t12, previous=(t:12, i:731), leaderCommit=729, initializing? false, entries: <empty>
2019-09-24 17:35:00,085 WARN  server.GrpcLogAppender (GrpcLogAppender.java:timeoutAppendRequest(200)) - s2@group-ED203BE14A97->s0-GrpcLogAppender: appendEntries Timeout, request=s2->s0#1269-t12, previous=(t:12, i:731), leaderCommit=729, initializing? false, entries: <empty>
2019-09-24 17:35:00,160 WARN  server.GrpcLogAppender (GrpcLogAppender.java:timeoutAppendRequest(200)) - s2@group-ED203BE14A97->s0-GrpcLogAppender: appendEntries Timeout, request=s2->s0#1270-t12, previous=(t:12, i:731), leaderCommit=729, initializing? false, entries: <empty>
2019-09-24 17:35:00,160 WARN  server.GrpcLogAppender (GrpcLogAppender.java:timeoutAppendRequest(200)) - s2@group-ED203BE14A97->s1-GrpcLogAppender: appendEntries Timeout, request=s2->s1#1270-t12, previous=(t:12, i:731), leaderCommit=729, initializing? false, entries: <empty>
2019-09-24 17:35:00,235 WARN  server.GrpcLogAppender (GrpcLogAppender.java:timeoutAppendRequest(200)) - s2@group-ED203BE14A97->s0-GrpcLogAppender: appendEntries Timeout, request=s2->s0#1271-t12, previous=(t:12, i:731), leaderCommit=729, initializing? false, entries: <empty>
2019-09-24 17:35:00,235 WARN  server.GrpcLogAppender (GrpcLogAppender.java:timeoutAppendRequest(200)) - s2@group-ED203BE14A97->s1-GrpcLogAppender: appendEntries Timeout, request=s2->s1#1271-t12, previous=(t:12, i:731), leaderCommit=729, initializing? false, entries: <empty>
2019-09-24 17:35:00,311 WARN  server.GrpcLogAppender (GrpcLogAppender.java:timeoutAppendRequest(200)) - s2@group-ED203BE14A97->s1-GrpcLogAppender: appendEntries Timeout, request=s2->s1#1272-t12, previous=(t:12, i:731), leaderCommit=729, initializing? false, entries: <empty>
2019-09-24 17:35:00,311 WARN  server.GrpcLogAppender (GrpcLogAppender.java:timeoutAppendRequest(200)) - s2@group-ED203BE14A97->s0-GrpcLogAppender: appendEntries Timeout, request=s2->s0#1272-t12, previous=(t:12, i:731), leaderCommit=729, initializing? false, entries: <empty>
2019-09-24 17:35:00,453 WARN  server.GrpcLogAppender (GrpcLogAppender.java:timeoutAppendRequest(200)) - s2@group-ED203BE14A97->s0-GrpcLogAppender: appendEntries Timeout, request=s2->s0#1273-t12, previous=(t:12, i:731), leaderCommit=729, initializing? false, entries: <empty>
2019-09-24 17:35:00,456 WARN  server.GrpcLogAppender (GrpcLogAppender.java:timeoutAppendRequest(200)) - s2@group-ED203BE14A97->s1-GrpcLogAppender: appendEntries Timeout, request=s2->s1#1273-t12, previous=(t:12, i:731), leaderCommit=729, initializing? false, entries: <empty>
2019-09-24 17:35:00,528 WARN  server.GrpcLogAppender (GrpcLogAppender.java:timeoutAppendRequest(200)) - s2@group-ED203BE14A97->s0-GrpcLogAppender: appendEntries Timeout, request=s2->s0#1274-t12, previous=(t:12, i:731), leaderCommit=729, initializing? false, entries: <empty>
2019-09-24 17:35:00,531 WARN  server.GrpcLogAppender (GrpcLogAppender.java:timeoutAppendRequest(200)) - s2@group-ED203BE14A97->s1-GrpcLogAppender: appendEntries Timeout, request=s2->s1#1274-t12, previous=(t:12, i:731), leaderCommit=729, initializing? false, entries: <empty>
2019-09-24 17:35:00,603 WARN  server.GrpcLogAppender (GrpcLogAppender.java:timeoutAppendRequest(200)) - s2@group-ED203BE14A97->s0-GrpcLogAppender: appendEntries Timeout, request=s2->s0#1275-t12, previous=(t:12, i:731), leaderCommit=729, initializing? false, entries: <empty>
2019-09-24 17:35:00,606 WARN  server.GrpcLogAppender (GrpcLogAppender.java:timeoutAppendRequest(200)) - s2@group-ED203BE14A97->s1-GrpcLogAppender: appendEntries Timeout, request=s2->s1#1275-t12, previous=(t:12, i:731), leaderCommit=729, initializing? false, entries: <empty>
2019-09-24 17:35:00,679 WARN  server.GrpcLogAppender (GrpcLogAppender.java:timeoutAppendRequest(200)) - s2@group-ED203BE14A97->s0-GrpcLogAppender: appendEntries Timeout, request=s2->s0#1276-t12, previous=(t:12, i:731), leaderCommit=729, initializing? false, entries: <empty>
2019-09-24 17:35:00,682 WARN  server.GrpcLogAppender (GrpcLogAppender.java:timeoutAppendRequest(200)) - s2@group-ED203BE14A97->s1-GrpcLogAppender: appendEntries Timeout, request=s2->s1#1276-t12, previous=(t:12, i:731), leaderCommit=729, initializing? false, entries: <empty>
2019-09-24 17:35:00,754 WARN  server.GrpcLogAppender (GrpcLogAppender.java:timeoutAppendRequest(200)) - s2@group-ED203BE14A97->s0-GrpcLogAppender: appendEntries Timeout, request=s2->s0#1277-t12, previous=(t:12, i:731), leaderCommit=729, initializing? false, entries: <empty>
2019-09-24 17:35:00,757 WARN  server.GrpcLogAppender (GrpcLogAppender.java:timeoutAppendRequest(200)) - s2@group-ED203BE14A97->s1-GrpcLogAppender: appendEntries Timeout, request=s2->s1#1277-t12, previous=(t:12, i:731), leaderCommit=729, initializing? false, entries: <empty>
2019-09-24 17:35:00,829 WARN  server.GrpcLogAppender (GrpcLogAppender.java:timeoutAppendRequest(200)) - s2@group-ED203BE14A97->s0-GrpcLogAppender: appendEntries Timeout, request=s2->s0#1278-t12, previous=(t:12, i:731), leaderCommit=729, initializing? false, entries: <empty>
2019-09-24 17:35:00,832 WARN  server.GrpcLogAppender (GrpcLogAppender.java:timeoutAppendRequest(200)) - s2@group-ED203BE14A97->s1-GrpcLogAppender: appendEntries Timeout, request=s2->s1#1278-t12, previous=(t:12, i:731), leaderCommit=729, initializing? false, entries: <empty>
2019-09-24 17:35:00,904 WARN  server.GrpcLogAppender (GrpcLogAppender.java:timeoutAppendRequest(200)) - s2@group-ED203BE14A97->s0-GrpcLogAppender: appendEntries Timeout, request=s2->s0#1279-t12, previous=(t:12, i:731), leaderCommit=729, initializing? false, entries: <empty>
2019-09-24 17:35:00,907 WARN  server.GrpcLogAppender (GrpcLogAppender.java:timeoutAppendRequest(200)) - s2@group-ED203BE14A97->s1-GrpcLogAppender: appendEntries Timeout, request=s2->s1#1279-t12, previous=(t:12, i:731), leaderCommit=729, initializing? false, entries: <empty>
2019-09-24 17:35:00,980 WARN  server.GrpcLogAppender (GrpcLogAppender.java:timeoutAppendRequest(200)) - s2@group-ED203BE14A97->s0-GrpcLogAppender: appendEntries Timeout, request=s2->s0#1280-t12, previous=(t:12, i:731), leaderCommit=729, initializing? false, entries: <empty>
2019-09-24 17:35:00,983 WARN  server.GrpcLogAppender (GrpcLogAppender.java:timeoutAppendRequest(200)) - s2@group-ED203BE14A97->s1-GrpcLogAppender: appendEntries Timeout, request=s2->s1#1280-t12, previous=(t:12, i:731), leaderCommit=729, initializing? false, entries: <empty>
2019-09-24 17:35:01,055 WARN  server.GrpcLogAppender (GrpcLogAppender.java:timeoutAppendRequest(200)) - s2@group-ED203BE14A97->s0-GrpcLogAppender: appendEntries Timeout, request=s2->s0#1281-t12, previous=(t:12, i:731), leaderCommit=729, initializing? false, entries: <empty>
2019-09-24 17:35:01,058 WARN  server.GrpcLogAppender (GrpcLogAppender.java:timeoutAppendRequest(200)) - s2@group-ED203BE14A97->s1-GrpcLogAppender: appendEntries Timeout, request=s2->s1#1281-t12, previous=(t:12, i:731), leaderCommit=729, initializing? false, entries: <empty>
2019-09-24 17:35:01,130 WARN  server.GrpcLogAppender (GrpcLogAppender.java:timeoutAppendRequest(200)) - s2@group-ED203BE14A97->s0-GrpcLogAppender: appendEntries Timeout, request=s2->s0#1282-t12, previous=(t:12, i:731), leaderCommit=729, initializing? false, entries: <empty>
2019-09-24 17:35:01,133 WARN  server.GrpcLogAppender (GrpcLogAppender.java:timeoutAppendRequest(200)) - s2@group-ED203BE14A97->s1-GrpcLogAppender: appendEntries Timeout, request=s2->s1#1282-t12, previous=(t:12, i:731), leaderCommit=729, initializing? false, entries: <empty>
2019-09-24 17:35:01,205 WARN  server.GrpcLogAppender (GrpcLogAppender.java:timeoutAppendRequest(200)) - s2@group-ED203BE14A97->s0-GrpcLogAppender: appendEntries Timeout, request=s2->s0#1283-t12, previous=(t:12, i:731), leaderCommit=729, initializing? false, entries: <empty>
2019-09-24 17:35:01,209 WARN  server.GrpcLogAppender (GrpcLogAppender.java:timeoutAppendRequest(200)) - s2@group-ED203BE14A97->s1-GrpcLogAppender: appendEntries Timeout, request=s2->s1#1283-t12, previous=(t:12, i:731), leaderCommit=729, initializing? false, entries: <empty>
2019-09-24 17:35:01,281 WARN  server.GrpcLogAppender (GrpcLogAppender.java:timeoutAppendRequest(200)) - s2@group-ED203BE14A97->s0-GrpcLogAppender: appendEntries Timeout, request=s2->s0#1284-t12, previous=(t:12, i:731), leaderCommit=729, initializing? false, entries: <empty>
2019-09-24 17:35:01,284 WARN  server.GrpcLogAppender (GrpcLogAppender.java:timeoutAppendRequest(200)) - s2@group-ED203BE14A97->s1-GrpcLogAppender: appendEntries Timeout, request=s2->s1#1284-t12, previous=(t:12, i:731), leaderCommit=729, initializing? false, entries: <empty>
2019-09-24 17:35:01,356 WARN  server.GrpcLogAppender (GrpcLogAppender.java:timeoutAppendRequest(200)) - s2@group-ED203BE14A97->s0-GrpcLogAppender: appendEntries Timeout, request=s2->s0#1285-t12, previous=(t:12, i:731), leaderCommit=729, initializing? false, entries: <empty>
2019-09-24 17:35:01,359 WARN  server.GrpcLogAppender (GrpcLogAppender.java:timeoutAppendRequest(200)) - s2@group-ED203BE14A97->s1-GrpcLogAppender: appendEntries Timeout, request=s2->s1#1285-t12, previous=(t:12, i:731), leaderCommit=729, initializing? false, entries: <empty>
2019-09-24 17:35:01,431 WARN  server.GrpcLogAppender (GrpcLogAppender.java:timeoutAppendRequest(200)) - s2@group-ED203BE14A97->s0-GrpcLogAppender: appendEntries Timeout, request=s2->s0#1286-t12, previous=(t:12, i:731), leaderCommit=729, initializing? false, entries: <empty>
2019-09-24 17:35:01,434 WARN  server.GrpcLogAppender (GrpcLogAppender.java:timeoutAppendRequest(200)) - s2@group-ED203BE14A97->s1-GrpcLogAppender: appendEntries Timeout, request=s2->s1#1286-t12, previous=(t:12, i:731), leaderCommit=729, initializing? false, entries: <empty>
2019-09-24 17:35:01,506 WARN  server.GrpcLogAppender (GrpcLogAppender.java:timeoutAppendRequest(200)) - s2@group-ED203BE14A97->s0-GrpcLogAppender: appendEntries Timeout, request=s2->s0#1287-t12, previous=(t:12, i:731), leaderCommit=729, initializing? false, entries: <empty>
2019-09-24 17:35:01,509 WARN  server.GrpcLogAppender (GrpcLogAppender.java:timeoutAppendRequest(200)) - s2@group-ED203BE14A97->s1-GrpcLogAppender: appendEntries Timeout, request=s2->s1#1287-t12, previous=(t:12, i:731), leaderCommit=729, initializing? false, entries: <empty>
2019-09-24 17:35:01,581 WARN  server.GrpcLogAppender (GrpcLogAppender.java:timeoutAppendRequest(200)) - s2@group-ED203BE14A97->s0-GrpcLogAppender: appendEntries Timeout, request=s2->s0#1288-t12, previous=(t:12, i:731), leaderCommit=729, initializing? false, entries: <empty>
2019-09-24 17:35:01,585 WARN  server.GrpcLogAppender (GrpcLogAppender.java:timeoutAppendRequest(200)) - s2@group-ED203BE14A97->s1-GrpcLogAppender: appendEntries Timeout, request=s2->s1#1288-t12, previous=(t:12, i:731), leaderCommit=729, initializing? false, entries: <empty>
2019-09-24 17:35:01,657 WARN  server.GrpcLogAppender (GrpcLogAppender.java:timeoutAppendRequest(200)) - s2@group-ED203BE14A97->s0-GrpcLogAppender: appendEntries Timeout, request=s2->s0#1289-t12, previous=(t:12, i:731), leaderCommit=729, initializing? false, entries: <empty>
2019-09-24 17:35:01,660 WARN  server.GrpcLogAppender (GrpcLogAppender.java:timeoutAppendRequest(200)) - s2@group-ED203BE14A97->s1-GrpcLogAppender: appendEntries Timeout, request=s2->s1#1289-t12, previous=(t:12, i:731), leaderCommit=729, initializing? false, entries: <empty>
2019-09-24 17:35:01,732 WARN  server.GrpcLogAppender (GrpcLogAppender.java:timeoutAppendRequest(200)) - s2@group-ED203BE14A97->s0-GrpcLogAppender: appendEntries Timeout, request=s2->s0#1290-t12, previous=(t:12, i:731), leaderCommit=729, initializing? false, entries: <empty>
2019-09-24 17:35:01,735 WARN  server.GrpcLogAppender (GrpcLogAppender.java:timeoutAppendRequest(200)) - s2@group-ED203BE14A97->s1-GrpcLogAppender: appendEntries Timeout, request=s2->s1#1290-t12, previous=(t:12, i:731), leaderCommit=729, initializing? false, entries: <empty>
2019-09-24 17:35:01,807 WARN  server.GrpcLogAppender (GrpcLogAppender.java:timeoutAppendRequest(200)) - s2@group-ED203BE14A97->s0-GrpcLogAppender: appendEntries Timeout, request=s2->s0#1291-t12, previous=(t:12, i:731), leaderCommit=729, initializing? false, entries: <empty>
2019-09-24 17:35:01,810 WARN  server.GrpcLogAppender (GrpcLogAppender.java:timeoutAppendRequest(200)) - s2@group-ED203BE14A97->s1-GrpcLogAppender: appendEntries Timeout, request=s2->s1#1291-t12, previous=(t:12, i:731), leaderCommit=729, initializing? false, entries: <empty>
2019-09-24 17:35:01,882 WARN  server.GrpcLogAppender (GrpcLogAppender.java:timeoutAppendRequest(200)) - s2@group-ED203BE14A97->s0-GrpcLogAppender: appendEntries Timeout, request=s2->s0#1292-t12, previous=(t:12, i:731), leaderCommit=729, initializing? false, entries: <empty>
2019-09-24 17:35:01,885 WARN  server.GrpcLogAppender (GrpcLogAppender.java:timeoutAppendRequest(200)) - s2@group-ED203BE14A97->s1-GrpcLogAppender: appendEntries Timeout, request=s2->s1#1292-t12, previous=(t:12, i:731), leaderCommit=729, initializing? false, entries: <empty>
2019-09-24 17:35:01,958 WARN  server.GrpcLogAppender (GrpcLogAppender.java:timeoutAppendRequest(200)) - s2@group-ED203BE14A97->s0-GrpcLogAppender: appendEntries Timeout, request=s2->s0#1293-t12, previous=(t:12, i:731), leaderCommit=729, initializing? false, entries: <empty>
2019-09-24 17:35:01,961 WARN  server.GrpcLogAppender (GrpcLogAppender.java:timeoutAppendRequest(200)) - s2@group-ED203BE14A97->s1-GrpcLogAppender: appendEntries Timeout, request=s2->s1#1293-t12, previous=(t:12, i:731), leaderCommit=729, initializing? false, entries: <empty>
2019-09-24 17:35:02,033 WARN  server.GrpcLogAppender (GrpcLogAppender.java:timeoutAppendRequest(200)) - s2@group-ED203BE14A97->s0-GrpcLogAppender: appendEntries Timeout, request=s2->s0#1294-t12, previous=(t:12, i:731), leaderCommit=729, initializing? false, entries: <empty>
2019-09-24 17:35:02,036 WARN  server.GrpcLogAppender (GrpcLogAppender.java:timeoutAppendRequest(200)) - s2@group-ED203BE14A97->s1-GrpcLogAppender: appendEntries Timeout, request=s2->s1#1294-t12, previous=(t:12, i:731), leaderCommit=729, initializing? false, entries: <empty>
2019-09-24 17:35:02,108 WARN  server.GrpcLogAppender (GrpcLogAppender.java:timeoutAppendRequest(200)) - s2@group-ED203BE14A97->s0-GrpcLogAppender: appendEntries Timeout, request=s2->s0#1295-t12, previous=(t:12, i:731), leaderCommit=729, initializing? false, entries: <empty>
2019-09-24 17:35:02,111 WARN  server.GrpcLogAppender (GrpcLogAppender.java:timeoutAppendRequest(200)) - s2@group-ED203BE14A97->s1-GrpcLogAppender: appendEntries Timeout, request=s2->s1#1295-t12, previous=(t:12, i:731), leaderCommit=729, initializing? false, entries: <empty>
2019-09-24 17:35:02,183 WARN  server.GrpcLogAppender (GrpcLogAppender.java:timeoutAppendRequest(200)) - s2@group-ED203BE14A97->s0-GrpcLogAppender: appendEntries Timeout, request=s2->s0#1296-t12, previous=(t:12, i:731), leaderCommit=729, initializing? false, entries: <empty>
2019-09-24 17:35:02,186 WARN  server.GrpcLogAppender (GrpcLogAppender.java:timeoutAppendRequest(200)) - s2@group-ED203BE14A97->s1-GrpcLogAppender: appendEntries Timeout, request=s2->s1#1296-t12, previous=(t:12, i:731), leaderCommit=729, initializing? false, entries: <empty>
2019-09-24 17:35:02,259 WARN  server.GrpcLogAppender (GrpcLogAppender.java:timeoutAppendRequest(200)) - s2@group-ED203BE14A97->s0-GrpcLogAppender: appendEntries Timeout, request=s2->s0#1297-t12, previous=(t:12, i:731), leaderCommit=729, initializing? false, entries: <empty>
2019-09-24 17:35:02,262 WARN  server.GrpcLogAppender (GrpcLogAppender.java:timeoutAppendRequest(200)) - s2@group-ED203BE14A97->s1-GrpcLogAppender: appendEntries Timeout, request=s2->s1#1297-t12, previous=(t:12, i:731), leaderCommit=729, initializing? false, entries: <empty>
2019-09-24 17:35:02,334 WARN  server.GrpcLogAppender (GrpcLogAppender.java:timeoutAppendRequest(200)) - s2@group-ED203BE14A97->s0-GrpcLogAppender: appendEntries Timeout, request=s2->s0#1298-t12, previous=(t:12, i:731), leaderCommit=729, initializing? false, entries: <empty>
2019-09-24 17:35:02,337 WARN  server.GrpcLogAppender (GrpcLogAppender.java:timeoutAppendRequest(200)) - s2@group-ED203BE14A97->s1-GrpcLogAppender: appendEntries Timeout, request=s2->s1#1298-t12, previous=(t:12, i:731), leaderCommit=729, initializing? false, entries: <empty>
2019-09-24 17:35:02,409 WARN  server.GrpcLogAppender (GrpcLogAppender.java:timeoutAppendRequest(200)) - s2@group-ED203BE14A97->s0-GrpcLogAppender: appendEntries Timeout, request=s2->s0#1299-t12, previous=(t:12, i:731), leaderCommit=729, initializing? false, entries: <empty>
2019-09-24 17:35:02,412 WARN  server.GrpcLogAppender (GrpcLogAppender.java:timeoutAppendRequest(200)) - s2@group-ED203BE14A97->s1-GrpcLogAppender: appendEntries Timeout, request=s2->s1#1299-t12, previous=(t:12, i:731), leaderCommit=729, initializing? false, entries: <empty>
2019-09-24 17:35:02,434 WARN  server.GrpcLogAppender (GrpcLogAppender.java:onNextImpl(251)) - s2@group-ED203BE14A97->s1-AppendLogResponseHandler: Request not found, ignoring reply: s2<-s1#1210:OK,SUCCESS,nextIndex:732,term:12,followerCommit:729
2019-09-24 17:35:02,434 WARN  server.GrpcLogAppender (GrpcLogAppender.java:onNextImpl(251)) - s2@group-ED203BE14A97->s1-AppendLogResponseHandler: Request not found, ignoring reply: s2<-s1#1211:OK,SUCCESS,nextIndex:732,term:12,followerCommit:729
2019-09-24 17:35:02,434 WARN  server.GrpcLogAppender (GrpcLogAppender.java:onNextImpl(251)) - s2@group-ED203BE14A97->s1-AppendLogResponseHandler: Request not found, ignoring reply: s2<-s1#1212:OK,SUCCESS,nextIndex:732,term:12,followerCommit:729
2019-09-24 17:35:02,434 WARN  server.GrpcLogAppender (GrpcLogAppender.java:onNextImpl(251)) - s2@group-ED203BE14A97->s1-AppendLogResponseHandler: Request not found, ignoring reply: s2<-s1#1213:OK,SUCCESS,nextIndex:732,term:12,followerCommit:729
2019-09-24 17:35:02,434 WARN  server.GrpcLogAppender (GrpcLogAppender.java:onNextImpl(251)) - s2@group-ED203BE14A97->s1-AppendLogResponseHandler: Request not found, ignoring reply: s2<-s1#1214:OK,SUCCESS,nextIndex:732,term:12,followerCommit:729
2019-09-24 17:35:02,435 WARN  server.GrpcLogAppender (GrpcLogAppender.java:onNextImpl(251)) - s2@group-ED203BE14A97->s1-AppendLogResponseHandler: Request not found, ignoring reply: s2<-s1#1215:OK,SUCCESS,nextIndex:732,term:12,followerCommit:729
2019-09-24 17:35:02,435 WARN  server.GrpcLogAppender (GrpcLogAppender.java:onNextImpl(251)) - s2@group-ED203BE14A97->s1-AppendLogResponseHandler: Request not found, ignoring reply: s2<-s1#1216:OK,SUCCESS,nextIndex:732,term:12,followerCommit:729
2019-09-24 17:35:02,435 WARN  server.GrpcLogAppender (GrpcLogAppender.java:onNextImpl(251)) - s2@group-ED203BE14A97->s1-AppendLogResponseHandler: Request not found, ignoring reply: s2<-s1#1217:OK,SUCCESS,nextIndex:732,term:12,followerCommit:729
2019-09-24 17:35:02,435 WARN  server.GrpcLogAppender (GrpcLogAppender.java:onNextImpl(251)) - s2@group-ED203BE14A97->s1-AppendLogResponseHandler: Request not found, ignoring reply: s2<-s1#1218:OK,SUCCESS,nextIndex:732,term:12,followerCommit:729
2019-09-24 17:35:02,435 WARN  server.GrpcLogAppender (GrpcLogAppender.java:onNextImpl(251)) - s2@group-ED203BE14A97->s1-AppendLogResponseHandler: Request not found, ignoring reply: s2<-s1#1219:OK,SUCCESS,nextIndex:732,term:12,followerCommit:729
2019-09-24 17:35:02,436 WARN  server.GrpcLogAppender (GrpcLogAppender.java:onNextImpl(251)) - s2@group-ED203BE14A97->s1-AppendLogResponseHandler: Request not found, ignoring reply: s2<-s1#1220:OK,SUCCESS,nextIndex:732,term:12,followerCommit:729
2019-09-24 17:35:02,436 WARN  server.GrpcLogAppender (GrpcLogAppender.java:onNextImpl(251)) - s2@group-ED203BE14A97->s1-AppendLogResponseHandler: Request not found, ignoring reply: s2<-s1#1221:OK,SUCCESS,nextIndex:732,term:12,followerCommit:729
2019-09-24 17:35:02,436 WARN  server.GrpcLogAppender (GrpcLogAppender.java:onNextImpl(251)) - s2@group-ED203BE14A97->s1-AppendLogResponseHandler: Request not found, ignoring reply: s2<-s1#1222:OK,SUCCESS,nextIndex:732,term:12,followerCommit:729
2019-09-24 17:35:02,436 WARN  server.GrpcLogAppender (GrpcLogAppender.java:onNextImpl(251)) - s2@group-ED203BE14A97->s1-AppendLogResponseHandler: Request not found, ignoring reply: s2<-s1#1223:OK,SUCCESS,nextIndex:732,term:12,followerCommit:729
2019-09-24 17:35:02,436 WARN  server.GrpcLogAppender (GrpcLogAppender.java:onNextImpl(251)) - s2@group-ED203BE14A97->s1-AppendLogResponseHandler: Request not found, ignoring reply: s2<-s1#1224:OK,SUCCESS,nextIndex:732,term:12,followerCommit:729
2019-09-24 17:35:02,437 WARN  server.GrpcLogAppender (GrpcLogAppender.java:onNextImpl(251)) - s2@group-ED203BE14A97->s1-AppendLogResponseHandler: Request not found, ignoring reply: s2<-s1#1225:OK,SUCCESS,nextIndex:732,term:12,followerCommit:729
2019-09-24 17:35:02,437 WARN  server.GrpcLogAppender (GrpcLogAppender.java:onNextImpl(251)) - s2@group-ED203BE14A97->s1-AppendLogResponseHandler: Request not found, ignoring reply: s2<-s1#1226:OK,SUCCESS,nextIndex:732,term:12,followerCommit:729
2019-09-24 17:35:02,437 WARN  server.GrpcLogAppender (GrpcLogAppender.java:onNextImpl(251)) - s2@group-ED203BE14A97->s1-AppendLogResponseHandler: Request not found, ignoring reply: s2<-s1#1227:OK,SUCCESS,nextIndex:732,term:12,followerCommit:729
2019-09-24 17:35:02,437 WARN  server.GrpcLogAppender (GrpcLogAppender.java:onNextImpl(251)) - s2@group-ED203BE14A97->s1-AppendLogResponseHandler: Request not found, ignoring reply: s2<-s1#1228:OK,SUCCESS,nextIndex:732,term:12,followerCommit:729
2019-09-24 17:35:02,437 WARN  server.GrpcLogAppender (GrpcLogAppender.java:onNextImpl(251)) - s2@group-ED203BE14A97->s1-AppendLogResponseHandler: Request not found, ignoring reply: s2<-s1#1229:OK,SUCCESS,nextIndex:732,term:12,followerCommit:729
2019-09-24 17:35:02,438 WARN  server.GrpcLogAppender (GrpcLogAppender.java:onNextImpl(251)) - s2@group-ED203BE14A97->s1-AppendLogResponseHandler: Request not found, ignoring reply: s2<-s1#1230:OK,SUCCESS,nextIndex:732,term:12,followerCommit:729
2019-09-24 17:35:02,438 WARN  server.GrpcLogAppender (GrpcLogAppender.java:onNextImpl(251)) - s2@group-ED203BE14A97->s1-AppendLogResponseHandler: Request not found, ignoring reply: s2<-s1#1231:OK,SUCCESS,nextIndex:732,term:12,followerCommit:729
2019-09-24 17:35:02,438 WARN  server.GrpcLogAppender (GrpcLogAppender.java:onNextImpl(251)) - s2@group-ED203BE14A97->s1-AppendLogResponseHandler: Request not found, ignoring reply: s2<-s1#1232:OK,SUCCESS,nextIndex:732,term:12,followerCommit:729
2019-09-24 17:35:02,438 WARN  server.GrpcLogAppender (GrpcLogAppender.java:onNextImpl(251)) - s2@group-ED203BE14A97->s1-AppendLogResponseHandler: Request not found, ignoring reply: s2<-s1#1233:OK,SUCCESS,nextIndex:732,term:12,followerCommit:729
2019-09-24 17:35:02,438 WARN  server.GrpcLogAppender (GrpcLogAppender.java:onNextImpl(251)) - s2@group-ED203BE14A97->s1-AppendLogResponseHandler: Request not found, ignoring reply: s2<-s1#1234:OK,SUCCESS,nextIndex:732,term:12,followerCommit:729
2019-09-24 17:35:02,439 WARN  server.GrpcLogAppender (GrpcLogAppender.java:onNextImpl(251)) - s2@group-ED203BE14A97->s1-AppendLogResponseHandler: Request not found, ignoring reply: s2<-s1#1235:OK,SUCCESS,nextIndex:732,term:12,followerCommit:729
2019-09-24 17:35:02,439 WARN  server.GrpcLogAppender (GrpcLogAppender.java:onNextImpl(251)) - s2@group-ED203BE14A97->s1-AppendLogResponseHandler: Request not found, ignoring reply: s2<-s1#1236:OK,SUCCESS,nextIndex:732,term:12,followerCommit:729
2019-09-24 17:35:02,439 WARN  server.GrpcLogAppender (GrpcLogAppender.java:onNextImpl(251)) - s2@group-ED203BE14A97->s1-AppendLogResponseHandler: Request not found, ignoring reply: s2<-s1#1237:OK,SUCCESS,nextIndex:732,term:12,followerCommit:729
2019-09-24 17:35:02,439 WARN  server.GrpcLogAppender (GrpcLogAppender.java:onNextImpl(251)) - s2@group-ED203BE14A97->s1-AppendLogResponseHandler: Request not found, ignoring reply: s2<-s1#1238:OK,SUCCESS,nextIndex:732,term:12,followerCommit:729
2019-09-24 17:35:02,439 WARN  server.GrpcLogAppender (GrpcLogAppender.java:onNextImpl(251)) - s2@group-ED203BE14A97->s1-AppendLogResponseHandler: Request not found, ignoring reply: s2<-s1#1239:OK,SUCCESS,nextIndex:732,term:12,followerCommit:729
2019-09-24 17:35:02,440 WARN  server.GrpcLogAppender (GrpcLogAppender.java:onNextImpl(251)) - s2@group-ED203BE14A97->s1-AppendLogResponseHandler: Request not found, ignoring reply: s2<-s1#1240:OK,SUCCESS,nextIndex:732,term:12,followerCommit:729
2019-09-24 17:35:02,440 WARN  server.GrpcLogAppender (GrpcLogAppender.java:onNextImpl(251)) - s2@group-ED203BE14A97->s1-AppendLogResponseHandler: Request not found, ignoring reply: s2<-s1#1241:OK,SUCCESS,nextIndex:732,term:12,followerCommit:729
2019-09-24 17:35:02,440 WARN  server.GrpcLogAppender (GrpcLogAppender.java:onNextImpl(251)) - s2@group-ED203BE14A97->s1-AppendLogResponseHandler: Request not found, ignoring reply: s2<-s1#1242:OK,SUCCESS,nextIndex:732,term:12,followerCommit:729
2019-09-24 17:35:02,440 WARN  server.GrpcLogAppender (GrpcLogAppender.java:onNextImpl(251)) - s2@group-ED203BE14A97->s1-AppendLogResponseHandler: Request not found, ignoring reply: s2<-s1#1243:OK,SUCCESS,nextIndex:732,term:12,followerCommit:729
2019-09-24 17:35:02,440 WARN  server.GrpcLogAppender (GrpcLogAppender.java:onNextImpl(251)) - s2@group-ED203BE14A97->s1-AppendLogResponseHandler: Request not found, ignoring reply: s2<-s1#1244:OK,SUCCESS,nextIndex:732,term:12,followerCommit:729
2019-09-24 17:35:02,440 WARN  server.GrpcLogAppender (GrpcLogAppender.java:onNextImpl(251)) - s2@group-ED203BE14A97->s1-AppendLogResponseHandler: Request not found, ignoring reply: s2<-s1#1245:OK,SUCCESS,nextIndex:732,term:12,followerCommit:729
2019-09-24 17:35:02,441 WARN  server.GrpcLogAppender (GrpcLogAppender.java:onNextImpl(251)) - s2@group-ED203BE14A97->s1-AppendLogResponseHandler: Request not found, ignoring reply: s2<-s1#1246:OK,SUCCESS,nextIndex:732,term:12,followerCommit:729
2019-09-24 17:35:02,441 WARN  server.GrpcLogAppender (GrpcLogAppender.java:onNextImpl(251)) - s2@group-ED203BE14A97->s1-AppendLogResponseHandler: Request not found, ignoring reply: s2<-s1#1247:OK,SUCCESS,nextIndex:732,term:12,followerCommit:729
2019-09-24 17:35:02,441 WARN  server.GrpcLogAppender (GrpcLogAppender.java:onNextImpl(251)) - s2@group-ED203BE14A97->s1-AppendLogResponseHandler: Request not found, ignoring reply: s2<-s1#1248:OK,SUCCESS,nextIndex:732,term:12,followerCommit:729
2019-09-24 17:35:02,441 WARN  server.GrpcLogAppender (GrpcLogAppender.java:onNextImpl(251)) - s2@group-ED203BE14A97->s1-AppendLogResponseHandler: Request not found, ignoring reply: s2<-s1#1249:OK,SUCCESS,nextIndex:732,term:12,followerCommit:729
2019-09-24 17:35:02,441 WARN  server.GrpcLogAppender (GrpcLogAppender.java:onNextImpl(251)) - s2@group-ED203BE14A97->s1-AppendLogResponseHandler: Request not found, ignoring reply: s2<-s1#1250:OK,SUCCESS,nextIndex:732,term:12,followerCommit:729
2019-09-24 17:35:02,442 WARN  server.GrpcLogAppender (GrpcLogAppender.java:onNextImpl(251)) - s2@group-ED203BE14A97->s1-AppendLogResponseHandler: Request not found, ignoring reply: s2<-s1#1251:OK,SUCCESS,nextIndex:732,term:12,followerCommit:729
2019-09-24 17:35:02,442 WARN  server.GrpcLogAppender (GrpcLogAppender.java:onNextImpl(251)) - s2@group-ED203BE14A97->s1-AppendLogResponseHandler: Request not found, ignoring reply: s2<-s1#1252:OK,SUCCESS,nextIndex:732,term:12,followerCommit:729
2019-09-24 17:35:02,442 WARN  server.GrpcLogAppender (GrpcLogAppender.java:onNextImpl(251)) - s2@group-ED203BE14A97->s1-AppendLogResponseHandler: Request not found, ignoring reply: s2<-s1#1253:OK,SUCCESS,nextIndex:732,term:12,followerCommit:729
2019-09-24 17:35:02,442 WARN  server.GrpcLogAppender (GrpcLogAppender.java:onNextImpl(251)) - s2@group-ED203BE14A97->s1-AppendLogResponseHandler: Request not found, ignoring reply: s2<-s1#1254:OK,SUCCESS,nextIndex:732,term:12,followerCommit:729
2019-09-24 17:35:02,442 WARN  server.GrpcLogAppender (GrpcLogAppender.java:onNextImpl(251)) - s2@group-ED203BE14A97->s1-AppendLogResponseHandler: Request not found, ignoring reply: s2<-s1#1255:OK,SUCCESS,nextIndex:732,term:12,followerCommit:729
2019-09-24 17:35:02,443 WARN  server.GrpcLogAppender (GrpcLogAppender.java:onNextImpl(251)) - s2@group-ED203BE14A97->s1-AppendLogResponseHandler: Request not found, ignoring reply: s2<-s1#1256:OK,SUCCESS,nextIndex:732,term:12,followerCommit:729
2019-09-24 17:35:02,443 WARN  server.GrpcLogAppender (GrpcLogAppender.java:onNextImpl(251)) - s2@group-ED203BE14A97->s1-AppendLogResponseHandler: Request not found, ignoring reply: s2<-s1#1257:OK,SUCCESS,nextIndex:732,term:12,followerCommit:729
2019-09-24 17:35:02,443 WARN  server.GrpcLogAppender (GrpcLogAppender.java:onNextImpl(251)) - s2@group-ED203BE14A97->s1-AppendLogResponseHandler: Request not found, ignoring reply: s2<-s1#1258:OK,SUCCESS,nextIndex:732,term:12,followerCommit:729
2019-09-24 17:35:02,443 WARN  server.GrpcLogAppender (GrpcLogAppender.java:onNextImpl(251)) - s2@group-ED203BE14A97->s1-AppendLogResponseHandler: Request not found, ignoring reply: s2<-s1#1259:OK,SUCCESS,nextIndex:732,term:12,followerCommit:729
2019-09-24 17:35:02,443 WARN  server.GrpcLogAppender (GrpcLogAppender.java:onNextImpl(251)) - s2@group-ED203BE14A97->s1-AppendLogResponseHandler: Request not found, ignoring reply: s2<-s1#1260:OK,SUCCESS,nextIndex:732,term:12,followerCommit:729
2019-09-24 17:35:02,444 WARN  server.GrpcLogAppender (GrpcLogAppender.java:onNextImpl(251)) - s2@group-ED203BE14A97->s1-AppendLogResponseHandler: Request not found, ignoring reply: s2<-s1#1261:OK,SUCCESS,nextIndex:732,term:12,followerCommit:729
2019-09-24 17:35:02,444 WARN  server.GrpcLogAppender (GrpcLogAppender.java:onNextImpl(251)) - s2@group-ED203BE14A97->s1-AppendLogResponseHandler: Request not found, ignoring reply: s2<-s1#1262:OK,SUCCESS,nextIndex:732,term:12,followerCommit:729
2019-09-24 17:35:02,444 WARN  server.GrpcLogAppender (GrpcLogAppender.java:onNextImpl(251)) - s2@group-ED203BE14A97->s1-AppendLogResponseHandler: Request not found, ignoring reply: s2<-s1#1263:OK,SUCCESS,nextIndex:732,term:12,followerCommit:729
2019-09-24 17:35:02,444 WARN  server.GrpcLogAppender (GrpcLogAppender.java:onNextImpl(251)) - s2@group-ED203BE14A97->s1-AppendLogResponseHandler: Request not found, ignoring reply: s2<-s1#1264:OK,SUCCESS,nextIndex:732,term:12,followerCommit:729
2019-09-24 17:35:02,444 WARN  server.GrpcLogAppender (GrpcLogAppender.java:onNextImpl(251)) - s2@group-ED203BE14A97->s1-AppendLogResponseHandler: Request not found, ignoring reply: s2<-s1#1265:OK,SUCCESS,nextIndex:732,term:12,followerCommit:729
2019-09-24 17:35:02,444 WARN  server.GrpcLogAppender (GrpcLogAppender.java:onNextImpl(251)) - s2@group-ED203BE14A97->s1-AppendLogResponseHandler: Request not found, ignoring reply: s2<-s1#1266:OK,SUCCESS,nextIndex:732,term:12,followerCommit:729
2019-09-24 17:35:02,445 WARN  server.GrpcLogAppender (GrpcLogAppender.java:onNextImpl(251)) - s2@group-ED203BE14A97->s1-AppendLogResponseHandler: Request not found, ignoring reply: s2<-s1#1267:OK,SUCCESS,nextIndex:732,term:12,followerCommit:729
2019-09-24 17:35:02,445 WARN  server.GrpcLogAppender (GrpcLogAppender.java:onNextImpl(251)) - s2@group-ED203BE14A97->s1-AppendLogResponseHandler: Request not found, ignoring reply: s2<-s1#1268:OK,SUCCESS,nextIndex:732,term:12,followerCommit:729
2019-09-24 17:35:02,445 WARN  server.GrpcLogAppender (GrpcLogAppender.java:onNextImpl(251)) - s2@group-ED203BE14A97->s1-AppendLogResponseHandler: Request not found, ignoring reply: s2<-s1#1269:OK,SUCCESS,nextIndex:732,term:12,followerCommit:729
2019-09-24 17:35:02,445 WARN  server.GrpcLogAppender (GrpcLogAppender.java:onNextImpl(251)) - s2@group-ED203BE14A97->s1-AppendLogResponseHandler: Request not found, ignoring reply: s2<-s1#1270:OK,SUCCESS,nextIndex:732,term:12,followerCommit:729
2019-09-24 17:35:02,445 WARN  server.GrpcLogAppender (GrpcLogAppender.java:onNextImpl(251)) - s2@group-ED203BE14A97->s1-AppendLogResponseHandler: Request not found, ignoring reply: s2<-s1#1271:OK,SUCCESS,nextIndex:732,term:12,followerCommit:729
2019-09-24 17:35:02,446 WARN  server.GrpcLogAppender (GrpcLogAppender.java:onNextImpl(251)) - s2@group-ED203BE14A97->s1-AppendLogResponseHandler: Request not found, ignoring reply: s2<-s1#1272:OK,SUCCESS,nextIndex:732,term:12,followerCommit:729
2019-09-24 17:35:02,446 WARN  server.GrpcLogAppender (GrpcLogAppender.java:onNextImpl(251)) - s2@group-ED203BE14A97->s1-AppendLogResponseHandler: Request not found, ignoring reply: s2<-s1#1273:OK,SUCCESS,nextIndex:732,term:12,followerCommit:729
2019-09-24 17:35:02,446 WARN  server.GrpcLogAppender (GrpcLogAppender.java:onNextImpl(251)) - s2@group-ED203BE14A97->s1-AppendLogResponseHandler: Request not found, ignoring reply: s2<-s1#1274:OK,SUCCESS,nextIndex:732,term:12,followerCommit:729
2019-09-24 17:35:02,446 WARN  server.GrpcLogAppender (GrpcLogAppender.java:onNextImpl(251)) - s2@group-ED203BE14A97->s1-AppendLogResponseHandler: Request not found, ignoring reply: s2<-s1#1275:OK,SUCCESS,nextIndex:732,term:12,followerCommit:729
2019-09-24 17:35:02,446 WARN  server.GrpcLogAppender (GrpcLogAppender.java:onNextImpl(251)) - s2@group-ED203BE14A97->s1-AppendLogResponseHandler: Request not found, ignoring reply: s2<-s1#1276:OK,SUCCESS,nextIndex:732,term:12,followerCommit:729
2019-09-24 17:35:02,446 WARN  server.GrpcLogAppender (GrpcLogAppender.java:onNextImpl(251)) - s2@group-ED203BE14A97->s1-AppendLogResponseHandler: Request not found, ignoring reply: s2<-s1#1277:OK,SUCCESS,nextIndex:732,term:12,followerCommit:729
2019-09-24 17:35:02,447 WARN  server.GrpcLogAppender (GrpcLogAppender.java:onNextImpl(251)) - s2@group-ED203BE14A97->s1-AppendLogResponseHandler: Request not found, ignoring reply: s2<-s1#1278:OK,SUCCESS,nextIndex:732,term:12,followerCommit:729
2019-09-24 17:35:02,447 WARN  server.GrpcLogAppender (GrpcLogAppender.java:onNextImpl(251)) - s2@group-ED203BE14A97->s1-AppendLogResponseHandler: Request not found, ignoring reply: s2<-s1#1279:OK,SUCCESS,nextIndex:732,term:12,followerCommit:729
2019-09-24 17:35:02,447 WARN  server.GrpcLogAppender (GrpcLogAppender.java:onNextImpl(251)) - s2@group-ED203BE14A97->s1-AppendLogResponseHandler: Request not found, ignoring reply: s2<-s1#1280:OK,SUCCESS,nextIndex:732,term:12,followerCommit:729
2019-09-24 17:35:02,447 WARN  server.GrpcLogAppender (GrpcLogAppender.java:onNextImpl(251)) - s2@group-ED203BE14A97->s1-AppendLogResponseHandler: Request not found, ignoring reply: s2<-s1#1281:OK,SUCCESS,nextIndex:732,term:12,followerCommit:729
2019-09-24 17:35:02,447 WARN  server.GrpcLogAppender (GrpcLogAppender.java:onNextImpl(251)) - s2@group-ED203BE14A97->s1-AppendLogResponseHandler: Request not found, ignoring reply: s2<-s1#1282:OK,SUCCESS,nextIndex:732,term:12,followerCommit:729
2019-09-24 17:35:02,448 WARN  server.GrpcLogAppender (GrpcLogAppender.java:onNextImpl(251)) - s2@group-ED203BE14A97->s1-AppendLogResponseHandler: Request not found, ignoring reply: s2<-s1#1283:OK,SUCCESS,nextIndex:732,term:12,followerCommit:729
2019-09-24 17:35:02,448 WARN  server.GrpcLogAppender (GrpcLogAppender.java:onNextImpl(251)) - s2@group-ED203BE14A97->s1-AppendLogResponseHandler: Request not found, ignoring reply: s2<-s1#1284:OK,SUCCESS,nextIndex:732,term:12,followerCommit:729
2019-09-24 17:35:02,448 WARN  server.GrpcLogAppender (GrpcLogAppender.java:onNextImpl(251)) - s2@group-ED203BE14A97->s1-AppendLogResponseHandler: Request not found, ignoring reply: s2<-s1#1285:OK,SUCCESS,nextIndex:732,term:12,followerCommit:729
2019-09-24 17:35:02,448 WARN  server.GrpcLogAppender (GrpcLogAppender.java:onNextImpl(251)) - s2@group-ED203BE14A97->s1-AppendLogResponseHandler: Request not found, ignoring reply: s2<-s1#1286:OK,SUCCESS,nextIndex:732,term:12,followerCommit:729
2019-09-24 17:35:02,448 WARN  server.GrpcLogAppender (GrpcLogAppender.java:onNextImpl(251)) - s2@group-ED203BE14A97->s1-AppendLogResponseHandler: Request not found, ignoring reply: s2<-s1#1287:OK,SUCCESS,nextIndex:732,term:12,followerCommit:729
2019-09-24 17:35:02,448 WARN  server.GrpcLogAppender (GrpcLogAppender.java:onNextImpl(251)) - s2@group-ED203BE14A97->s1-AppendLogResponseHandler: Request not found, ignoring reply: s2<-s1#1288:OK,SUCCESS,nextIndex:732,term:12,followerCommit:729
2019-09-24 17:35:02,449 WARN  server.GrpcLogAppender (GrpcLogAppender.java:onNextImpl(251)) - s2@group-ED203BE14A97->s1-AppendLogResponseHandler: Request not found, ignoring reply: s2<-s1#1289:OK,SUCCESS,nextIndex:732,term:12,followerCommit:729
2019-09-24 17:35:02,449 WARN  server.GrpcLogAppender (GrpcLogAppender.java:onNextImpl(251)) - s2@group-ED203BE14A97->s1-AppendLogResponseHandler: Request not found, ignoring reply: s2<-s1#1290:OK,SUCCESS,nextIndex:732,term:12,followerCommit:729
2019-09-24 17:35:02,449 WARN  server.GrpcLogAppender (GrpcLogAppender.java:onNextImpl(251)) - s2@group-ED203BE14A97->s1-AppendLogResponseHandler: Request not found, ignoring reply: s2<-s1#1291:OK,SUCCESS,nextIndex:732,term:12,followerCommit:729
2019-09-24 17:35:02,449 WARN  server.GrpcLogAppender (GrpcLogAppender.java:onNextImpl(251)) - s2@group-ED203BE14A97->s1-AppendLogResponseHandler: Request not found, ignoring reply: s2<-s1#1292:OK,SUCCESS,nextIndex:732,term:12,followerCommit:729
2019-09-24 17:35:02,449 WARN  server.GrpcLogAppender (GrpcLogAppender.java:onNextImpl(251)) - s2@group-ED203BE14A97->s1-AppendLogResponseHandler: Request not found, ignoring reply: s2<-s1#1293:OK,SUCCESS,nextIndex:732,term:12,followerCommit:729
2019-09-24 17:35:02,450 WARN  server.GrpcLogAppender (GrpcLogAppender.java:onNextImpl(251)) - s2@group-ED203BE14A97->s1-AppendLogResponseHandler: Request not found, ignoring reply: s2<-s1#1294:OK,SUCCESS,nextIndex:732,term:12,followerCommit:729
2019-09-24 17:35:02,450 WARN  server.GrpcLogAppender (GrpcLogAppender.java:onNextImpl(251)) - s2@group-ED203BE14A97->s1-AppendLogResponseHandler: Request not found, ignoring reply: s2<-s1#1295:OK,SUCCESS,nextIndex:732,term:12,followerCommit:729
2019-09-24 17:35:02,450 WARN  server.GrpcLogAppender (GrpcLogAppender.java:onNextImpl(251)) - s2@group-ED203BE14A97->s1-AppendLogResponseHandler: Request not found, ignoring reply: s2<-s1#1296:OK,SUCCESS,nextIndex:732,term:12,followerCommit:729
2019-09-24 17:35:02,450 WARN  server.GrpcLogAppender (GrpcLogAppender.java:onNextImpl(251)) - s2@group-ED203BE14A97->s1-AppendLogResponseHandler: Request not found, ignoring reply: s2<-s1#1297:OK,SUCCESS,nextIndex:732,term:12,followerCommit:729
2019-09-24 17:35:02,450 WARN  server.GrpcLogAppender (GrpcLogAppender.java:onNextImpl(251)) - s2@group-ED203BE14A97->s1-AppendLogResponseHandler: Request not found, ignoring reply: s2<-s1#1298:OK,SUCCESS,nextIndex:732,term:12,followerCommit:729
2019-09-24 17:35:02,450 WARN  server.GrpcLogAppender (GrpcLogAppender.java:onNextImpl(251)) - s2@group-ED203BE14A97->s1-AppendLogResponseHandler: Request not found, ignoring reply: s2<-s1#1299:OK,SUCCESS,nextIndex:732,term:12,followerCommit:729
2019-09-24 17:35:02,485 WARN  server.GrpcLogAppender (GrpcLogAppender.java:timeoutAppendRequest(200)) - s2@group-ED203BE14A97->s0-GrpcLogAppender: appendEntries Timeout, request=s2->s0#1300-t12, previous=(t:12, i:731), leaderCommit=729, initializing? false, entries: <empty>
2019-09-24 17:35:02,518 WARN  server.GrpcLogAppender (GrpcLogAppender.java:onNextImpl(251)) - s2@group-ED203BE14A97->s0-AppendLogResponseHandler: Request not found, ignoring reply: s2<-s0#1210:OK,SUCCESS,nextIndex:732,term:12,followerCommit:729
2019-09-24 17:35:02,518 WARN  server.GrpcLogAppender (GrpcLogAppender.java:onNextImpl(251)) - s2@group-ED203BE14A97->s0-AppendLogResponseHandler: Request not found, ignoring reply: s2<-s0#1211:OK,SUCCESS,nextIndex:732,term:12,followerCommit:729
2019-09-24 17:35:02,519 WARN  server.GrpcLogAppender (GrpcLogAppender.java:onNextImpl(251)) - s2@group-ED203BE14A97->s0-AppendLogResponseHandler: Request not found, ignoring reply: s2<-s0#1212:OK,SUCCESS,nextIndex:732,term:12,followerCommit:729
2019-09-24 17:35:02,519 WARN  server.GrpcLogAppender (GrpcLogAppender.java:onNextImpl(251)) - s2@group-ED203BE14A97->s0-AppendLogResponseHandler: Request not found, ignoring reply: s2<-s0#1213:OK,SUCCESS,nextIndex:732,term:12,followerCommit:729
2019-09-24 17:35:02,519 WARN  server.GrpcLogAppender (GrpcLogAppender.java:onNextImpl(251)) - s2@group-ED203BE14A97->s0-AppendLogResponseHandler: Request not found, ignoring reply: s2<-s0#1214:OK,SUCCESS,nextIndex:732,term:12,followerCommit:729
2019-09-24 17:35:02,520 WARN  server.GrpcLogAppender (GrpcLogAppender.java:onNextImpl(251)) - s2@group-ED203BE14A97->s0-AppendLogResponseHandler: Request not found, ignoring reply: s2<-s0#1215:OK,SUCCESS,nextIndex:732,term:12,followerCommit:729
2019-09-24 17:35:02,520 WARN  server.GrpcLogAppender (GrpcLogAppender.java:onNextImpl(251)) - s2@group-ED203BE14A97->s0-AppendLogResponseHandler: Request not found, ignoring reply: s2<-s0#1216:OK,SUCCESS,nextIndex:732,term:12,followerCommit:729
2019-09-24 17:35:02,520 WARN  server.GrpcLogAppender (GrpcLogAppender.java:onNextImpl(251)) - s2@group-ED203BE14A97->s0-AppendLogResponseHandler: Request not found, ignoring reply: s2<-s0#1217:OK,SUCCESS,nextIndex:732,term:12,followerCommit:729
2019-09-24 17:35:02,521 WARN  server.GrpcLogAppender (GrpcLogAppender.java:onNextImpl(251)) - s2@group-ED203BE14A97->s0-AppendLogResponseHandler: Request not found, ignoring reply: s2<-s0#1218:OK,SUCCESS,nextIndex:732,term:12,followerCommit:729
2019-09-24 17:35:02,521 WARN  server.GrpcLogAppender (GrpcLogAppender.java:onNextImpl(251)) - s2@group-ED203BE14A97->s0-AppendLogResponseHandler: Request not found, ignoring reply: s2<-s0#1219:OK,SUCCESS,nextIndex:732,term:12,followerCommit:729
2019-09-24 17:35:02,521 WARN  server.GrpcLogAppender (GrpcLogAppender.java:onNextImpl(251)) - s2@group-ED203BE14A97->s0-AppendLogResponseHandler: Request not found, ignoring reply: s2<-s0#1220:OK,SUCCESS,nextIndex:732,term:12,followerCommit:729
2019-09-24 17:35:02,521 WARN  server.GrpcLogAppender (GrpcLogAppender.java:onNextImpl(251)) - s2@group-ED203BE14A97->s0-AppendLogResponseHandler: Request not found, ignoring reply: s2<-s0#1221:OK,SUCCESS,nextIndex:732,term:12,followerCommit:729
2019-09-24 17:35:02,522 WARN  server.GrpcLogAppender (GrpcLogAppender.java:onNextImpl(251)) - s2@group-ED203BE14A97->s0-AppendLogResponseHandler: Request not found, ignoring reply: s2<-s0#1222:OK,SUCCESS,nextIndex:732,term:12,followerCommit:729
2019-09-24 17:35:02,522 WARN  server.GrpcLogAppender (GrpcLogAppender.java:onNextImpl(251)) - s2@group-ED203BE14A97->s0-AppendLogResponseHandler: Request not found, ignoring reply: s2<-s0#1223:OK,SUCCESS,nextIndex:732,term:12,followerCommit:729
2019-09-24 17:35:02,522 WARN  server.GrpcLogAppender (GrpcLogAppender.java:onNextImpl(251)) - s2@group-ED203BE14A97->s0-AppendLogResponseHandler: Request not found, ignoring reply: s2<-s0#1224:OK,SUCCESS,nextIndex:732,term:12,followerCommit:729
2019-09-24 17:35:02,522 WARN  server.GrpcLogAppender (GrpcLogAppender.java:onNextImpl(251)) - s2@group-ED203BE14A97->s0-AppendLogResponseHandler: Request not found, ignoring reply: s2<-s0#1225:OK,SUCCESS,nextIndex:732,term:12,followerCommit:729
2019-09-24 17:35:02,523 WARN  server.GrpcLogAppender (GrpcLogAppender.java:onNextImpl(251)) - s2@group-ED203BE14A97->s0-AppendLogResponseHandler: Request not found, ignoring reply: s2<-s0#1226:OK,SUCCESS,nextIndex:732,term:12,followerCommit:729
2019-09-24 17:35:02,523 WARN  server.GrpcLogAppender (GrpcLogAppender.java:onNextImpl(251)) - s2@group-ED203BE14A97->s0-AppendLogResponseHandler: Request not found, ignoring reply: s2<-s0#1227:OK,SUCCESS,nextIndex:732,term:12,followerCommit:729
2019-09-24 17:35:02,523 WARN  server.GrpcLogAppender (GrpcLogAppender.java:onNextImpl(251)) - s2@group-ED203BE14A97->s0-AppendLogResponseHandler: Request not found, ignoring reply: s2<-s0#1228:OK,SUCCESS,nextIndex:732,term:12,followerCommit:729
2019-09-24 17:35:02,523 WARN  server.GrpcLogAppender (GrpcLogAppender.java:onNextImpl(251)) - s2@group-ED203BE14A97->s0-AppendLogResponseHandler: Request not found, ignoring reply: s2<-s0#1229:OK,SUCCESS,nextIndex:732,term:12,followerCommit:729
2019-09-24 17:35:02,524 WARN  server.GrpcLogAppender (GrpcLogAppender.java:onNextImpl(251)) - s2@group-ED203BE14A97->s0-AppendLogResponseHandler: Request not found, ignoring reply: s2<-s0#1230:OK,SUCCESS,nextIndex:732,term:12,followerCommit:729
2019-09-24 17:35:02,524 WARN  server.GrpcLogAppender (GrpcLogAppender.java:onNextImpl(251)) - s2@group-ED203BE14A97->s0-AppendLogResponseHandler: Request not found, ignoring reply: s2<-s0#1231:OK,SUCCESS,nextIndex:732,term:12,followerCommit:729
2019-09-24 17:35:02,524 WARN  server.GrpcLogAppender (GrpcLogAppender.java:onNextImpl(251)) - s2@group-ED203BE14A97->s0-AppendLogResponseHandler: Request not found, ignoring reply: s2<-s0#1232:OK,SUCCESS,nextIndex:732,term:12,followerCommit:729
2019-09-24 17:35:02,524 WARN  server.GrpcLogAppender (GrpcLogAppender.java:onNextImpl(251)) - s2@group-ED203BE14A97->s0-AppendLogResponseHandler: Request not found, ignoring reply: s2<-s0#1233:OK,SUCCESS,nextIndex:732,term:12,followerCommit:729
2019-09-24 17:35:02,524 WARN  server.GrpcLogAppender (GrpcLogAppender.java:onNextImpl(251)) - s2@group-ED203BE14A97->s0-AppendLogResponseHandler: Request not found, ignoring reply: s2<-s0#1234:OK,SUCCESS,nextIndex:732,term:12,followerCommit:729
2019-09-24 17:35:02,525 WARN  server.GrpcLogAppender (GrpcLogAppender.java:onNextImpl(251)) - s2@group-ED203BE14A97->s0-AppendLogResponseHandler: Request not found, ignoring reply: s2<-s0#1235:OK,SUCCESS,nextIndex:732,term:12,followerCommit:729
2019-09-24 17:35:02,525 WARN  server.GrpcLogAppender (GrpcLogAppender.java:onNextImpl(251)) - s2@group-ED203BE14A97->s0-AppendLogResponseHandler: Request not found, ignoring reply: s2<-s0#1236:OK,SUCCESS,nextIndex:732,term:12,followerCommit:729
2019-09-24 17:35:02,525 WARN  server.GrpcLogAppender (GrpcLogAppender.java:onNextImpl(251)) - s2@group-ED203BE14A97->s0-AppendLogResponseHandler: Request not found, ignoring reply: s2<-s0#1237:OK,SUCCESS,nextIndex:732,term:12,followerCommit:729
2019-09-24 17:35:02,525 WARN  server.GrpcLogAppender (GrpcLogAppender.java:onNextImpl(251)) - s2@group-ED203BE14A97->s0-AppendLogResponseHandler: Request not found, ignoring reply: s2<-s0#1238:OK,SUCCESS,nextIndex:732,term:12,followerCommit:729
2019-09-24 17:35:02,525 WARN  server.GrpcLogAppender (GrpcLogAppender.java:onNextImpl(251)) - s2@group-ED203BE14A97->s0-AppendLogResponseHandler: Request not found, ignoring reply: s2<-s0#1239:OK,SUCCESS,nextIndex:732,term:12,followerCommit:729
2019-09-24 17:35:02,526 WARN  server.GrpcLogAppender (GrpcLogAppender.java:onNextImpl(251)) - s2@group-ED203BE14A97->s0-AppendLogResponseHandler: Request not found, ignoring reply: s2<-s0#1240:OK,SUCCESS,nextIndex:732,term:12,followerCommit:729
2019-09-24 17:35:02,526 WARN  server.GrpcLogAppender (GrpcLogAppender.java:onNextImpl(251)) - s2@group-ED203BE14A97->s0-AppendLogResponseHandler: Request not found, ignoring reply: s2<-s0#1241:OK,SUCCESS,nextIndex:732,term:12,followerCommit:729
2019-09-24 17:35:02,526 WARN  server.GrpcLogAppender (GrpcLogAppender.java:onNextImpl(251)) - s2@group-ED203BE14A97->s0-AppendLogResponseHandler: Request not found, ignoring reply: s2<-s0#1242:OK,SUCCESS,nextIndex:732,term:12,followerCommit:729
2019-09-24 17:35:02,526 WARN  server.GrpcLogAppender (GrpcLogAppender.java:onNextImpl(251)) - s2@group-ED203BE14A97->s0-AppendLogResponseHandler: Request not found, ignoring reply: s2<-s0#1243:OK,SUCCESS,nextIndex:732,term:12,followerCommit:729
2019-09-24 17:35:02,527 WARN  server.GrpcLogAppender (GrpcLogAppender.java:onNextImpl(251)) - s2@group-ED203BE14A97->s0-AppendLogResponseHandler: Request not found, ignoring reply: s2<-s0#1244:OK,SUCCESS,nextIndex:732,term:12,followerCommit:729
2019-09-24 17:35:02,527 WARN  server.GrpcLogAppender (GrpcLogAppender.java:onNextImpl(251)) - s2@group-ED203BE14A97->s0-AppendLogResponseHandler: Request not found, ignoring reply: s2<-s0#1245:OK,SUCCESS,nextIndex:732,term:12,followerCommit:729
2019-09-24 17:35:02,527 WARN  server.GrpcLogAppender (GrpcLogAppender.java:onNextImpl(251)) - s2@group-ED203BE14A97->s0-AppendLogResponseHandler: Request not found, ignoring reply: s2<-s0#1246:OK,SUCCESS,nextIndex:732,term:12,followerCommit:729
2019-09-24 17:35:02,527 WARN  server.GrpcLogAppender (GrpcLogAppender.java:onNextImpl(251)) - s2@group-ED203BE14A97->s0-AppendLogResponseHandler: Request not found, ignoring reply: s2<-s0#1247:OK,SUCCESS,nextIndex:732,term:12,followerCommit:729
2019-09-24 17:35:02,528 WARN  server.GrpcLogAppender (GrpcLogAppender.java:onNextImpl(251)) - s2@group-ED203BE14A97->s0-AppendLogResponseHandler: Request not found, ignoring reply: s2<-s0#1248:OK,SUCCESS,nextIndex:732,term:12,followerCommit:729
2019-09-24 17:35:02,528 WARN  server.GrpcLogAppender (GrpcLogAppender.java:onNextImpl(251)) - s2@group-ED203BE14A97->s0-AppendLogResponseHandler: Request not found, ignoring reply: s2<-s0#1249:OK,SUCCESS,nextIndex:732,term:12,followerCommit:729
2019-09-24 17:35:02,528 WARN  server.GrpcLogAppender (GrpcLogAppender.java:onNextImpl(251)) - s2@group-ED203BE14A97->s0-AppendLogResponseHandler: Request not found, ignoring reply: s2<-s0#1250:OK,SUCCESS,nextIndex:732,term:12,followerCommit:729
2019-09-24 17:35:02,528 WARN  server.GrpcLogAppender (GrpcLogAppender.java:onNextImpl(251)) - s2@group-ED203BE14A97->s0-AppendLogResponseHandler: Request not found, ignoring reply: s2<-s0#1251:OK,SUCCESS,nextIndex:732,term:12,followerCommit:729
2019-09-24 17:35:02,528 WARN  server.GrpcLogAppender (GrpcLogAppender.java:onNextImpl(251)) - s2@group-ED203BE14A97->s0-AppendLogResponseHandler: Request not found, ignoring reply: s2<-s0#1252:OK,SUCCESS,nextIndex:732,term:12,followerCommit:729
2019-09-24 17:35:02,529 WARN  server.GrpcLogAppender (GrpcLogAppender.java:onNextImpl(251)) - s2@group-ED203BE14A97->s0-AppendLogResponseHandler: Request not found, ignoring reply: s2<-s0#1253:OK,SUCCESS,nextIndex:732,term:12,followerCommit:729
2019-09-24 17:35:02,529 WARN  server.GrpcLogAppender (GrpcLogAppender.java:onNextImpl(251)) - s2@group-ED203BE14A97->s0-AppendLogResponseHandler: Request not found, ignoring reply: s2<-s0#1254:OK,SUCCESS,nextIndex:732,term:12,followerCommit:729
2019-09-24 17:35:02,529 WARN  server.GrpcLogAppender (GrpcLogAppender.java:onNextImpl(251)) - s2@group-ED203BE14A97->s0-AppendLogResponseHandler: Request not found, ignoring reply: s2<-s0#1255:OK,SUCCESS,nextIndex:732,term:12,followerCommit:729
2019-09-24 17:35:02,529 WARN  server.GrpcLogAppender (GrpcLogAppender.java:onNextImpl(251)) - s2@group-ED203BE14A97->s0-AppendLogResponseHandler: Request not found, ignoring reply: s2<-s0#1256:OK,SUCCESS,nextIndex:732,term:12,followerCommit:729
2019-09-24 17:35:02,530 WARN  server.GrpcLogAppender (GrpcLogAppender.java:onNextImpl(251)) - s2@group-ED203BE14A97->s0-AppendLogResponseHandler: Request not found, ignoring reply: s2<-s0#1257:OK,SUCCESS,nextIndex:732,term:12,followerCommit:729
2019-09-24 17:35:02,530 WARN  server.GrpcLogAppender (GrpcLogAppender.java:onNextImpl(251)) - s2@group-ED203BE14A97->s0-AppendLogResponseHandler: Request not found, ignoring reply: s2<-s0#1258:OK,SUCCESS,nextIndex:732,term:12,followerCommit:729
2019-09-24 17:35:02,530 WARN  server.GrpcLogAppender (GrpcLogAppender.java:onNextImpl(251)) - s2@group-ED203BE14A97->s0-AppendLogResponseHandler: Request not found, ignoring reply: s2<-s0#1259:OK,SUCCESS,nextIndex:732,term:12,followerCommit:729
2019-09-24 17:35:02,530 WARN  server.GrpcLogAppender (GrpcLogAppender.java:onNextImpl(251)) - s2@group-ED203BE14A97->s0-AppendLogResponseHandler: Request not found, ignoring reply: s2<-s0#1260:OK,SUCCESS,nextIndex:732,term:12,followerCommit:729
2019-09-24 17:35:02,530 WARN  server.GrpcLogAppender (GrpcLogAppender.java:onNextImpl(251)) - s2@group-ED203BE14A97->s0-AppendLogResponseHandler: Request not found, ignoring reply: s2<-s0#1261:OK,SUCCESS,nextIndex:732,term:12,followerCommit:729
2019-09-24 17:35:02,531 WARN  server.GrpcLogAppender (GrpcLogAppender.java:onNextImpl(251)) - s2@group-ED203BE14A97->s0-AppendLogResponseHandler: Request not found, ignoring reply: s2<-s0#1262:OK,SUCCESS,nextIndex:732,term:12,followerCommit:729
2019-09-24 17:35:02,531 WARN  server.GrpcLogAppender (GrpcLogAppender.java:onNextImpl(251)) - s2@group-ED203BE14A97->s0-AppendLogResponseHandler: Request not found, ignoring reply: s2<-s0#1263:OK,SUCCESS,nextIndex:732,term:12,followerCommit:729
2019-09-24 17:35:02,531 WARN  server.GrpcLogAppender (GrpcLogAppender.java:onNextImpl(251)) - s2@group-ED203BE14A97->s0-AppendLogResponseHandler: Request not found, ignoring reply: s2<-s0#1264:OK,SUCCESS,nextIndex:732,term:12,followerCommit:729
2019-09-24 17:35:02,531 WARN  server.GrpcLogAppender (GrpcLogAppender.java:onNextImpl(251)) - s2@group-ED203BE14A97->s0-AppendLogResponseHandler: Request not found, ignoring reply: s2<-s0#1265:OK,SUCCESS,nextIndex:732,term:12,followerCommit:729
2019-09-24 17:35:02,532 WARN  server.GrpcLogAppender (GrpcLogAppender.java:onNextImpl(251)) - s2@group-ED203BE14A97->s0-AppendLogResponseHandler: Request not found, ignoring reply: s2<-s0#1266:OK,SUCCESS,nextIndex:732,term:12,followerCommit:729
2019-09-24 17:35:02,532 WARN  server.GrpcLogAppender (GrpcLogAppender.java:onNextImpl(251)) - s2@group-ED203BE14A97->s0-AppendLogResponseHandler: Request not found, ignoring reply: s2<-s0#1267:OK,SUCCESS,nextIndex:732,term:12,followerCommit:729
2019-09-24 17:35:02,532 WARN  server.GrpcLogAppender (GrpcLogAppender.java:onNextImpl(251)) - s2@group-ED203BE14A97->s0-AppendLogResponseHandler: Request not found, ignoring reply: s2<-s0#1268:OK,SUCCESS,nextIndex:732,term:12,followerCommit:729
2019-09-24 17:35:02,532 WARN  server.GrpcLogAppender (GrpcLogAppender.java:onNextImpl(251)) - s2@group-ED203BE14A97->s0-AppendLogResponseHandler: Request not found, ignoring reply: s2<-s0#1269:OK,SUCCESS,nextIndex:732,term:12,followerCommit:729
2019-09-24 17:35:02,532 WARN  server.GrpcLogAppender (GrpcLogAppender.java:onNextImpl(251)) - s2@group-ED203BE14A97->s0-AppendLogResponseHandler: Request not found, ignoring reply: s2<-s0#1270:OK,SUCCESS,nextIndex:732,term:12,followerCommit:729
2019-09-24 17:35:02,533 WARN  server.GrpcLogAppender (GrpcLogAppender.java:onNextImpl(251)) - s2@group-ED203BE14A97->s0-AppendLogResponseHandler: Request not found, ignoring reply: s2<-s0#1271:OK,SUCCESS,nextIndex:732,term:12,followerCommit:729
2019-09-24 17:35:02,533 WARN  server.GrpcLogAppender (GrpcLogAppender.java:onNextImpl(251)) - s2@group-ED203BE14A97->s0-AppendLogResponseHandler: Request not found, ignoring reply: s2<-s0#1272:OK,SUCCESS,nextIndex:732,term:12,followerCommit:729
2019-09-24 17:35:02,533 WARN  server.GrpcLogAppender (GrpcLogAppender.java:onNextImpl(251)) - s2@group-ED203BE14A97->s0-AppendLogResponseHandler: Request not found, ignoring reply: s2<-s0#1273:OK,SUCCESS,nextIndex:732,term:12,followerCommit:729
2019-09-24 17:35:02,533 WARN  server.GrpcLogAppender (GrpcLogAppender.java:onNextImpl(251)) - s2@group-ED203BE14A97->s0-AppendLogResponseHandler: Request not found, ignoring reply: s2<-s0#1274:OK,SUCCESS,nextIndex:732,term:12,followerCommit:729
2019-09-24 17:35:02,534 WARN  server.GrpcLogAppender (GrpcLogAppender.java:onNextImpl(251)) - s2@group-ED203BE14A97->s0-AppendLogResponseHandler: Request not found, ignoring reply: s2<-s0#1275:OK,SUCCESS,nextIndex:732,term:12,followerCommit:729
2019-09-24 17:35:02,534 WARN  server.GrpcLogAppender (GrpcLogAppender.java:onNextImpl(251)) - s2@group-ED203BE14A97->s0-AppendLogResponseHandler: Request not found, ignoring reply: s2<-s0#1276:OK,SUCCESS,nextIndex:732,term:12,followerCommit:729
2019-09-24 17:35:02,534 WARN  server.GrpcLogAppender (GrpcLogAppender.java:onNextImpl(251)) - s2@group-ED203BE14A97->s0-AppendLogResponseHandler: Request not found, ignoring reply: s2<-s0#1277:OK,SUCCESS,nextIndex:732,term:12,followerCommit:729
2019-09-24 17:35:02,534 WARN  server.GrpcLogAppender (GrpcLogAppender.java:onNextImpl(251)) - s2@group-ED203BE14A97->s0-AppendLogResponseHandler: Request not found, ignoring reply: s2<-s0#1278:OK,SUCCESS,nextIndex:732,term:12,followerCommit:729
2019-09-24 17:35:02,534 WARN  server.GrpcLogAppender (GrpcLogAppender.java:onNextImpl(251)) - s2@group-ED203BE14A97->s0-AppendLogResponseHandler: Request not found, ignoring reply: s2<-s0#1279:OK,SUCCESS,nextIndex:732,term:12,followerCommit:729
2019-09-24 17:35:02,535 WARN  server.GrpcLogAppender (GrpcLogAppender.java:onNextImpl(251)) - s2@group-ED203BE14A97->s0-AppendLogResponseHandler: Request not found, ignoring reply: s2<-s0#1280:OK,SUCCESS,nextIndex:732,term:12,followerCommit:729
2019-09-24 17:35:02,535 WARN  server.GrpcLogAppender (GrpcLogAppender.java:onNextImpl(251)) - s2@group-ED203BE14A97->s0-AppendLogResponseHandler: Request not found, ignoring reply: s2<-s0#1281:OK,SUCCESS,nextIndex:732,term:12,followerCommit:729
2019-09-24 17:35:02,535 WARN  server.GrpcLogAppender (GrpcLogAppender.java:onNextImpl(251)) - s2@group-ED203BE14A97->s0-AppendLogResponseHandler: Request not found, ignoring reply: s2<-s0#1282:OK,SUCCESS,nextIndex:732,term:12,followerCommit:729
2019-09-24 17:35:02,535 WARN  server.GrpcLogAppender (GrpcLogAppender.java:onNextImpl(251)) - s2@group-ED203BE14A97->s0-AppendLogResponseHandler: Request not found, ignoring reply: s2<-s0#1283:OK,SUCCESS,nextIndex:732,term:12,followerCommit:729
2019-09-24 17:35:02,536 WARN  server.GrpcLogAppender (GrpcLogAppender.java:onNextImpl(251)) - s2@group-ED203BE14A97->s0-AppendLogResponseHandler: Request not found, ignoring reply: s2<-s0#1284:OK,SUCCESS,nextIndex:732,term:12,followerCommit:729
2019-09-24 17:35:02,536 WARN  server.GrpcLogAppender (GrpcLogAppender.java:onNextImpl(251)) - s2@group-ED203BE14A97->s0-AppendLogResponseHandler: Request not found, ignoring reply: s2<-s0#1285:OK,SUCCESS,nextIndex:732,term:12,followerCommit:729
2019-09-24 17:35:02,536 WARN  server.GrpcLogAppender (GrpcLogAppender.java:onNextImpl(251)) - s2@group-ED203BE14A97->s0-AppendLogResponseHandler: Request not found, ignoring reply: s2<-s0#1286:OK,SUCCESS,nextIndex:732,term:12,followerCommit:729
2019-09-24 17:35:02,536 WARN  server.GrpcLogAppender (GrpcLogAppender.java:onNextImpl(251)) - s2@group-ED203BE14A97->s0-AppendLogResponseHandler: Request not found, ignoring reply: s2<-s0#1287:OK,SUCCESS,nextIndex:732,term:12,followerCommit:729
2019-09-24 17:35:02,536 WARN  server.GrpcLogAppender (GrpcLogAppender.java:onNextImpl(251)) - s2@group-ED203BE14A97->s0-AppendLogResponseHandler: Request not found, ignoring reply: s2<-s0#1288:OK,SUCCESS,nextIndex:732,term:12,followerCommit:729
2019-09-24 17:35:02,537 WARN  server.GrpcLogAppender (GrpcLogAppender.java:onNextImpl(251)) - s2@group-ED203BE14A97->s0-AppendLogResponseHandler: Request not found, ignoring reply: s2<-s0#1289:OK,SUCCESS,nextIndex:732,term:12,followerCommit:729
2019-09-24 17:35:02,537 WARN  server.GrpcLogAppender (GrpcLogAppender.java:onNextImpl(251)) - s2@group-ED203BE14A97->s0-AppendLogResponseHandler: Request not found, ignoring reply: s2<-s0#1290:OK,SUCCESS,nextIndex:732,term:12,followerCommit:729
2019-09-24 17:35:02,537 WARN  server.GrpcLogAppender (GrpcLogAppender.java:onNextImpl(251)) - s2@group-ED203BE14A97->s0-AppendLogResponseHandler: Request not found, ignoring reply: s2<-s0#1291:OK,SUCCESS,nextIndex:732,term:12,followerCommit:729
2019-09-24 17:35:02,537 WARN  server.GrpcLogAppender (GrpcLogAppender.java:onNextImpl(251)) - s2@group-ED203BE14A97->s0-AppendLogResponseHandler: Request not found, ignoring reply: s2<-s0#1292:OK,SUCCESS,nextIndex:732,term:12,followerCommit:729
2019-09-24 17:35:02,538 WARN  server.GrpcLogAppender (GrpcLogAppender.java:onNextImpl(251)) - s2@group-ED203BE14A97->s0-AppendLogResponseHandler: Request not found, ignoring reply: s2<-s0#1293:OK,SUCCESS,nextIndex:732,term:12,followerCommit:729
2019-09-24 17:35:02,538 WARN  server.GrpcLogAppender (GrpcLogAppender.java:onNextImpl(251)) - s2@group-ED203BE14A97->s0-AppendLogResponseHandler: Request not found, ignoring reply: s2<-s0#1294:OK,SUCCESS,nextIndex:732,term:12,followerCommit:729
2019-09-24 17:35:02,538 WARN  server.GrpcLogAppender (GrpcLogAppender.java:onNextImpl(251)) - s2@group-ED203BE14A97->s0-AppendLogResponseHandler: Request not found, ignoring reply: s2<-s0#1295:OK,SUCCESS,nextIndex:732,term:12,followerCommit:729
2019-09-24 17:35:02,538 WARN  server.GrpcLogAppender (GrpcLogAppender.java:onNextImpl(251)) - s2@group-ED203BE14A97->s0-AppendLogResponseHandler: Request not found, ignoring reply: s2<-s0#1296:OK,SUCCESS,nextIndex:732,term:12,followerCommit:729
2019-09-24 17:35:02,539 WARN  server.GrpcLogAppender (GrpcLogAppender.java:onNextImpl(251)) - s2@group-ED203BE14A97->s0-AppendLogResponseHandler: Request not found, ignoring reply: s2<-s0#1297:OK,SUCCESS,nextIndex:732,term:12,followerCommit:729
2019-09-24 17:35:02,539 WARN  server.GrpcLogAppender (GrpcLogAppender.java:onNextImpl(251)) - s2@group-ED203BE14A97->s0-AppendLogResponseHandler: Request not found, ignoring reply: s2<-s0#1298:OK,SUCCESS,nextIndex:732,term:12,followerCommit:729
2019-09-24 17:35:02,539 WARN  server.GrpcLogAppender (GrpcLogAppender.java:onNextImpl(251)) - s2@group-ED203BE14A97->s0-AppendLogResponseHandler: Request not found, ignoring reply: s2<-s0#1299:OK,SUCCESS,nextIndex:732,term:12,followerCommit:729
2019-09-24 17:35:02,539 WARN  server.GrpcLogAppender (GrpcLogAppender.java:onNextImpl(251)) - s2@group-ED203BE14A97->s0-AppendLogResponseHandler: Request not found, ignoring reply: s2<-s0#1300:OK,SUCCESS,nextIndex:732,term:12,followerCommit:729
2019-09-24 17:35:03,813 INFO  ratis.MiniRaftCluster (MiniRaftCluster.java:lambda$null$5(297)) - TIMED-PRINT: printing ALL groups
  s0:  RUNNING  FOLLOWER s0@group-ED203BE14A97:t12, leader=s2, voted=s2, raftlog=s0@group-ED203BE14A97-SegmentedRaftLog:OPENED:c734,f734,i735, conf=0: [s0:0.0.0.0:42001, s1:0.0.0.0:43636, s2:0.0.0.0:41913], old=null RUNNING
  s1:  RUNNING  FOLLOWER s1@group-ED203BE14A97:t12, leader=s2, voted=s1, raftlog=s1@group-ED203BE14A97-SegmentedRaftLog:OPENED:c734,f734,i735, conf=0: [s0:0.0.0.0:42001, s1:0.0.0.0:43636, s2:0.0.0.0:41913], old=null RUNNING
  s2:  RUNNING    LEADER s2@group-ED203BE14A97:t12, leader=s2, voted=s2, raftlog=s2@group-ED203BE14A97-SegmentedRaftLog:OPENED:c734,f734,i735, conf=0: [s0:0.0.0.0:42001, s1:0.0.0.0:43636, s2:0.0.0.0:41913], old=null RUNNING
2019-09-24 17:35:06,392 WARN  server.GrpcLogAppender (GrpcLogAppender.java:timeoutAppendRequest(200)) - s2@group-ED203BE14A97->s0-GrpcLogAppender: appendEntries Timeout, request=s2->s0#1353-t12, previous=(t:12, i:734), leaderCommit=733, initializing? false, entries: size=1, first=(t:12, i:735), STATEMACHINELOGENTRY, client-236938EB08E4, cid=367
2019-09-24 17:35:06,392 WARN  server.GrpcLogAppender (GrpcLogAppender.java:timeoutAppendRequest(200)) - s2@group-ED203BE14A97->s1-GrpcLogAppender: appendEntries Timeout, request=s2->s1#1354-t12, previous=(t:12, i:734), leaderCommit=733, initializing? false, entries: size=1, first=(t:12, i:735), STATEMACHINELOGENTRY, client-236938EB08E4, cid=367
2019-09-24 17:35:06,467 WARN  server.GrpcLogAppender (GrpcLogAppender.java:timeoutAppendRequest(200)) - s2@group-ED203BE14A97->s1-GrpcLogAppender: appendEntries Timeout, request=s2->s1#1355-t12, previous=(t:12, i:735), leaderCommit=733, initializing? false, entries: <empty>
2019-09-24 17:35:06,467 WARN  server.GrpcLogAppender (GrpcLogAppender.java:timeoutAppendRequest(200)) - s2@group-ED203BE14A97->s0-GrpcLogAppender: appendEntries Timeout, request=s2->s0#1354-t12, previous=(t:12, i:735), leaderCommit=733, initializing? false, entries: <empty>
2019-09-24 17:35:06,542 WARN  server.GrpcLogAppender (GrpcLogAppender.java:timeoutAppendRequest(200)) - s2@group-ED203BE14A97->s1-GrpcLogAppender: appendEntries Timeout, request=s2->s1#1356-t12, previous=(t:12, i:735), leaderCommit=733, initializing? false, entries: <empty>
2019-09-24 17:35:06,542 WARN  server.GrpcLogAppender (GrpcLogAppender.java:timeoutAppendRequest(200)) - s2@group-ED203BE14A97->s0-GrpcLogAppender: appendEntries Timeout, request=s2->s0#1355-t12, previous=(t:12, i:735), leaderCommit=733, initializing? false, entries: <empty>
2019-09-24 17:35:06,617 WARN  server.GrpcLogAppender (GrpcLogAppender.java:timeoutAppendRequest(200)) - s2@group-ED203BE14A97->s0-GrpcLogAppender: appendEntries Timeout, request=s2->s0#1356-t12, previous=(t:12, i:735), leaderCommit=733, initializing? false, entries: <empty>
2019-09-24 17:35:06,617 WARN  server.GrpcLogAppender (GrpcLogAppender.java:timeoutAppendRequest(200)) - s2@group-ED203BE14A97->s1-GrpcLogAppender: appendEntries Timeout, request=s2->s1#1357-t12, previous=(t:12, i:735), leaderCommit=733, initializing? false, entries: <empty>
2019-09-24 17:35:06,693 WARN  server.GrpcLogAppender (GrpcLogAppender.java:timeoutAppendRequest(200)) - s2@group-ED203BE14A97->s1-GrpcLogAppender: appendEntries Timeout, request=s2->s1#1358-t12, previous=(t:12, i:735), leaderCommit=733, initializing? false, entries: <empty>
2019-09-24 17:35:06,693 WARN  server.GrpcLogAppender (GrpcLogAppender.java:timeoutAppendRequest(200)) - s2@group-ED203BE14A97->s0-GrpcLogAppender: appendEntries Timeout, request=s2->s0#1357-t12, previous=(t:12, i:735), leaderCommit=733, initializing? false, entries: <empty>
2019-09-24 17:35:06,788 WARN  server.GrpcLogAppender (GrpcLogAppender.java:timeoutAppendRequest(200)) - s2@group-ED203BE14A97->s1-GrpcLogAppender: appendEntries Timeout, request=s2->s1#1359-t12, previous=(t:12, i:735), leaderCommit=734, initializing? false, entries: <empty>
2019-09-24 17:35:06,798 WARN  server.GrpcLogAppender (GrpcLogAppender.java:timeoutAppendRequest(200)) - s2@group-ED203BE14A97->s0-GrpcLogAppender: appendEntries Timeout, request=s2->s0#1358-t12, previous=(t:12, i:735), leaderCommit=734, initializing? false, entries: <empty>
2019-09-24 17:35:06,863 WARN  server.GrpcLogAppender (GrpcLogAppender.java:timeoutAppendRequest(200)) - s2@group-ED203BE14A97->s1-GrpcLogAppender: appendEntries Timeout, request=s2->s1#1360-t12, previous=(t:12, i:735), leaderCommit=734, initializing? false, entries: <empty>
2019-09-24 17:35:06,873 WARN  server.GrpcLogAppender (GrpcLogAppender.java:timeoutAppendRequest(200)) - s2@group-ED203BE14A97->s0-GrpcLogAppender: appendEntries Timeout, request=s2->s0#1359-t12, previous=(t:12, i:735), leaderCommit=734, initializing? false, entries: <empty>
2019-09-24 17:35:06,938 WARN  server.GrpcLogAppender (GrpcLogAppender.java:timeoutAppendRequest(200)) - s2@group-ED203BE14A97->s1-GrpcLogAppender: appendEntries Timeout, request=s2->s1#1361-t12, previous=(t:12, i:735), leaderCommit=734, initializing? false, entries: <empty>
2019-09-24 17:35:06,948 WARN  server.GrpcLogAppender (GrpcLogAppender.java:timeoutAppendRequest(200)) - s2@group-ED203BE14A97->s0-GrpcLogAppender: appendEntries Timeout, request=s2->s0#1360-t12, previous=(t:12, i:735), leaderCommit=734, initializing? false, entries: <empty>
2019-09-24 17:35:07,014 WARN  server.GrpcLogAppender (GrpcLogAppender.java:timeoutAppendRequest(200)) - s2@group-ED203BE14A97->s1-GrpcLogAppender: appendEntries Timeout, request=s2->s1#1362-t12, previous=(t:12, i:735), leaderCommit=734, initializing? false, entries: <empty>
2019-09-24 17:35:07,023 WARN  server.GrpcLogAppender (GrpcLogAppender.java:timeoutAppendRequest(200)) - s2@group-ED203BE14A97->s0-GrpcLogAppender: appendEntries Timeout, request=s2->s0#1361-t12, previous=(t:12, i:735), leaderCommit=734, initializing? false, entries: <empty>
2019-09-24 17:35:07,089 WARN  server.GrpcLogAppender (GrpcLogAppender.java:timeoutAppendRequest(200)) - s2@group-ED203BE14A97->s1-GrpcLogAppender: appendEntries Timeout, request=s2->s1#1363-t12, previous=(t:12, i:735), leaderCommit=734, initializing? false, entries: <empty>
2019-09-24 17:35:07,099 WARN  server.GrpcLogAppender (GrpcLogAppender.java:timeoutAppendRequest(200)) - s2@group-ED203BE14A97->s0-GrpcLogAppender: appendEntries Timeout, request=s2->s0#1362-t12, previous=(t:12, i:735), leaderCommit=734, initializing? false, entries: <empty>
2019-09-24 17:35:07,164 WARN  server.GrpcLogAppender (GrpcLogAppender.java:timeoutAppendRequest(200)) - s2@group-ED203BE14A97->s1-GrpcLogAppender: appendEntries Timeout, request=s2->s1#1364-t12, previous=(t:12, i:735), leaderCommit=734, initializing? false, entries: <empty>
2019-09-24 17:35:07,174 WARN  server.GrpcLogAppender (GrpcLogAppender.java:timeoutAppendRequest(200)) - s2@group-ED203BE14A97->s0-GrpcLogAppender: appendEntries Timeout, request=s2->s0#1363-t12, previous=(t:12, i:735), leaderCommit=734, initializing? false, entries: <empty>
2019-09-24 17:35:07,240 WARN  server.GrpcLogAppender (GrpcLogAppender.java:timeoutAppendRequest(200)) - s2@group-ED203BE14A97->s1-GrpcLogAppender: appendEntries Timeout, request=s2->s1#1365-t12, previous=(t:12, i:735), leaderCommit=734, initializing? false, entries: <empty>
2019-09-24 17:35:07,249 WARN  server.GrpcLogAppender (GrpcLogAppender.java:timeoutAppendRequest(200)) - s2@group-ED203BE14A97->s0-GrpcLogAppender: appendEntries Timeout, request=s2->s0#1364-t12, previous=(t:12, i:735), leaderCommit=734, initializing? false, entries: <empty>
2019-09-24 17:35:07,315 WARN  server.GrpcLogAppender (GrpcLogAppender.java:timeoutAppendRequest(200)) - s2@group-ED203BE14A97->s1-GrpcLogAppender: appendEntries Timeout, request=s2->s1#1366-t12, previous=(t:12, i:735), leaderCommit=734, initializing? false, entries: <empty>
2019-09-24 17:35:07,324 WARN  server.GrpcLogAppender (GrpcLogAppender.java:timeoutAppendRequest(200)) - s2@group-ED203BE14A97->s0-GrpcLogAppender: appendEntries Timeout, request=s2->s0#1365-t12, previous=(t:12, i:735), leaderCommit=734, initializing? false, entries: <empty>
2019-09-24 17:35:07,390 WARN  server.GrpcLogAppender (GrpcLogAppender.java:timeoutAppendRequest(200)) - s2@group-ED203BE14A97->s1-GrpcLogAppender: appendEntries Timeout, request=s2->s1#1367-t12, previous=(t:12, i:735), leaderCommit=734, initializing? false, entries: <empty>
2019-09-24 17:35:07,399 WARN  server.GrpcLogAppender (GrpcLogAppender.java:timeoutAppendRequest(200)) - s2@group-ED203BE14A97->s0-GrpcLogAppender: appendEntries Timeout, request=s2->s0#1366-t12, previous=(t:12, i:735), leaderCommit=734, initializing? false, entries: <empty>
2019-09-24 17:35:07,465 WARN  server.GrpcLogAppender (GrpcLogAppender.java:timeoutAppendRequest(200)) - s2@group-ED203BE14A97->s1-GrpcLogAppender: appendEntries Timeout, request=s2->s1#1368-t12, previous=(t:12, i:735), leaderCommit=734, initializing? false, entries: <empty>
2019-09-24 17:35:07,475 WARN  server.GrpcLogAppender (GrpcLogAppender.java:timeoutAppendRequest(200)) - s2@group-ED203BE14A97->s0-GrpcLogAppender: appendEntries Timeout, request=s2->s0#1367-t12, previous=(t:12, i:735), leaderCommit=734, initializing? false, entries: <empty>
2019-09-24 17:35:07,540 WARN  server.GrpcLogAppender (GrpcLogAppender.java:timeoutAppendRequest(200)) - s2@group-ED203BE14A97->s1-GrpcLogAppender: appendEntries Timeout, request=s2->s1#1369-t12, previous=(t:12, i:735), leaderCommit=734, initializing? false, entries: <empty>
2019-09-24 17:35:07,550 WARN  server.GrpcLogAppender (GrpcLogAppender.java:timeoutAppendRequest(200)) - s2@group-ED203BE14A97->s0-GrpcLogAppender: appendEntries Timeout, request=s2->s0#1368-t12, previous=(t:12, i:735), leaderCommit=734, initializing? false, entries: <empty>
2019-09-24 17:35:07,616 WARN  server.GrpcLogAppender (GrpcLogAppender.java:timeoutAppendRequest(200)) - s2@group-ED203BE14A97->s1-GrpcLogAppender: appendEntries Timeout, request=s2->s1#1370-t12, previous=(t:12, i:735), leaderCommit=734, initializing? false, entries: <empty>
2019-09-24 17:35:07,625 WARN  server.GrpcLogAppender (GrpcLogAppender.java:timeoutAppendRequest(200)) - s2@group-ED203BE14A97->s0-GrpcLogAppender: appendEntries Timeout, request=s2->s0#1369-t12, previous=(t:12, i:735), leaderCommit=734, initializing? false, entries: <empty>
2019-09-24 17:35:07,691 WARN  server.GrpcLogAppender (GrpcLogAppender.java:timeoutAppendRequest(200)) - s2@group-ED203BE14A97->s1-GrpcLogAppender: appendEntries Timeout, request=s2->s1#1371-t12, previous=(t:12, i:735), leaderCommit=734, initializing? false, entries: <empty>
2019-09-24 17:35:07,700 WARN  server.GrpcLogAppender (GrpcLogAppender.java:timeoutAppendRequest(200)) - s2@group-ED203BE14A97->s0-GrpcLogAppender: appendEntries Timeout, request=s2->s0#1370-t12, previous=(t:12, i:735), leaderCommit=734, initializing? false, entries: <empty>
2019-09-24 17:35:07,766 WARN  server.GrpcLogAppender (GrpcLogAppender.java:timeoutAppendRequest(200)) - s2@group-ED203BE14A97->s1-GrpcLogAppender: appendEntries Timeout, request=s2->s1#1372-t12, previous=(t:12, i:735), leaderCommit=734, initializing? false, entries: <empty>
2019-09-24 17:35:07,776 WARN  server.GrpcLogAppender (GrpcLogAppender.java:timeoutAppendRequest(200)) - s2@group-ED203BE14A97->s0-GrpcLogAppender: appendEntries Timeout, request=s2->s0#1371-t12, previous=(t:12, i:735), leaderCommit=734, initializing? false, entries: <empty>
2019-09-24 17:35:07,841 WARN  server.GrpcLogAppender (GrpcLogAppender.java:timeoutAppendRequest(200)) - s2@group-ED203BE14A97->s1-GrpcLogAppender: appendEntries Timeout, request=s2->s1#1373-t12, previous=(t:12, i:735), leaderCommit=734, initializing? false, entries: <empty>
2019-09-24 17:35:07,851 WARN  server.GrpcLogAppender (GrpcLogAppender.java:timeoutAppendRequest(200)) - s2@group-ED203BE14A97->s0-GrpcLogAppender: appendEntries Timeout, request=s2->s0#1372-t12, previous=(t:12, i:735), leaderCommit=734, initializing? false, entries: <empty>
2019-09-24 17:35:07,917 WARN  server.GrpcLogAppender (GrpcLogAppender.java:timeoutAppendRequest(200)) - s2@group-ED203BE14A97->s1-GrpcLogAppender: appendEntries Timeout, request=s2->s1#1374-t12, previous=(t:12, i:735), leaderCommit=734, initializing? false, entries: <empty>
2019-09-24 17:35:07,926 WARN  server.GrpcLogAppender (GrpcLogAppender.java:timeoutAppendRequest(200)) - s2@group-ED203BE14A97->s0-GrpcLogAppender: appendEntries Timeout, request=s2->s0#1373-t12, previous=(t:12, i:735), leaderCommit=734, initializing? false, entries: <empty>
2019-09-24 17:35:07,992 WARN  server.GrpcLogAppender (GrpcLogAppender.java:timeoutAppendRequest(200)) - s2@group-ED203BE14A97->s1-GrpcLogAppender: appendEntries Timeout, request=s2->s1#1375-t12, previous=(t:12, i:735), leaderCommit=734, initializing? false, entries: <empty>
2019-09-24 17:35:08,001 WARN  server.GrpcLogAppender (GrpcLogAppender.java:timeoutAppendRequest(200)) - s2@group-ED203BE14A97->s0-GrpcLogAppender: appendEntries Timeout, request=s2->s0#1374-t12, previous=(t:12, i:735), leaderCommit=734, initializing? false, entries: <empty>
2019-09-24 17:35:08,067 WARN  server.GrpcLogAppender (GrpcLogAppender.java:timeoutAppendRequest(200)) - s2@group-ED203BE14A97->s1-GrpcLogAppender: appendEntries Timeout, request=s2->s1#1376-t12, previous=(t:12, i:735), leaderCommit=734, initializing? false, entries: <empty>
2019-09-24 17:35:08,077 WARN  server.GrpcLogAppender (GrpcLogAppender.java:timeoutAppendRequest(200)) - s2@group-ED203BE14A97->s0-GrpcLogAppender: appendEntries Timeout, request=s2->s0#1375-t12, previous=(t:12, i:735), leaderCommit=734, initializing? false, entries: <empty>
2019-09-24 17:35:08,142 WARN  server.GrpcLogAppender (GrpcLogAppender.java:timeoutAppendRequest(200)) - s2@group-ED203BE14A97->s1-GrpcLogAppender: appendEntries Timeout, request=s2->s1#1377-t12, previous=(t:12, i:735), leaderCommit=734, initializing? false, entries: <empty>
2019-09-24 17:35:08,152 WARN  server.GrpcLogAppender (GrpcLogAppender.java:timeoutAppendRequest(200)) - s2@group-ED203BE14A97->s0-GrpcLogAppender: appendEntries Timeout, request=s2->s0#1376-t12, previous=(t:12, i:735), leaderCommit=734, initializing? false, entries: <empty>
2019-09-24 17:35:08,217 WARN  server.GrpcLogAppender (GrpcLogAppender.java:timeoutAppendRequest(200)) - s2@group-ED203BE14A97->s1-GrpcLogAppender: appendEntries Timeout, request=s2->s1#1378-t12, previous=(t:12, i:735), leaderCommit=734, initializing? false, entries: <empty>
2019-09-24 17:35:08,227 WARN  server.GrpcLogAppender (GrpcLogAppender.java:timeoutAppendRequest(200)) - s2@group-ED203BE14A97->s0-GrpcLogAppender: appendEntries Timeout, request=s2->s0#1377-t12, previous=(t:12, i:735), leaderCommit=734, initializing? false, entries: <empty>
2019-09-24 17:35:08,293 WARN  server.GrpcLogAppender (GrpcLogAppender.java:timeoutAppendRequest(200)) - s2@group-ED203BE14A97->s1-GrpcLogAppender: appendEntries Timeout, request=s2->s1#1379-t12, previous=(t:12, i:735), leaderCommit=734, initializing? false, entries: <empty>
2019-09-24 17:35:08,302 WARN  server.GrpcLogAppender (GrpcLogAppender.java:timeoutAppendRequest(200)) - s2@group-ED203BE14A97->s0-GrpcLogAppender: appendEntries Timeout, request=s2->s0#1378-t12, previous=(t:12, i:735), leaderCommit=734, initializing? false, entries: <empty>
2019-09-24 17:35:08,368 WARN  server.GrpcLogAppender (GrpcLogAppender.java:timeoutAppendRequest(200)) - s2@group-ED203BE14A97->s1-GrpcLogAppender: appendEntries Timeout, request=s2->s1#1380-t12, previous=(t:12, i:735), leaderCommit=734, initializing? false, entries: <empty>
2019-09-24 17:35:08,378 WARN  server.GrpcLogAppender (GrpcLogAppender.java:timeoutAppendRequest(200)) - s2@group-ED203BE14A97->s0-GrpcLogAppender: appendEntries Timeout, request=s2->s0#1379-t12, previous=(t:12, i:735), leaderCommit=734, initializing? false, entries: <empty>
2019-09-24 17:35:08,443 WARN  server.GrpcLogAppender (GrpcLogAppender.java:timeoutAppendRequest(200)) - s2@group-ED203BE14A97->s1-GrpcLogAppender: appendEntries Timeout, request=s2->s1#1381-t12, previous=(t:12, i:735), leaderCommit=734, initializing? false, entries: <empty>
2019-09-24 17:35:08,453 WARN  server.GrpcLogAppender (GrpcLogAppender.java:timeoutAppendRequest(200)) - s2@group-ED203BE14A97->s0-GrpcLogAppender: appendEntries Timeout, request=s2->s0#1380-t12, previous=(t:12, i:735), leaderCommit=734, initializing? false, entries: <empty>
2019-09-24 17:35:08,518 WARN  server.GrpcLogAppender (GrpcLogAppender.java:timeoutAppendRequest(200)) - s2@group-ED203BE14A97->s1-GrpcLogAppender: appendEntries Timeout, request=s2->s1#1382-t12, previous=(t:12, i:735), leaderCommit=734, initializing? false, entries: <empty>
2019-09-24 17:35:08,528 WARN  server.GrpcLogAppender (GrpcLogAppender.java:timeoutAppendRequest(200)) - s2@group-ED203BE14A97->s0-GrpcLogAppender: appendEntries Timeout, request=s2->s0#1381-t12, previous=(t:12, i:735), leaderCommit=734, initializing? false, entries: <empty>
2019-09-24 17:35:08,594 WARN  server.GrpcLogAppender (GrpcLogAppender.java:timeoutAppendRequest(200)) - s2@group-ED203BE14A97->s1-GrpcLogAppender: appendEntries Timeout, request=s2->s1#1383-t12, previous=(t:12, i:735), leaderCommit=734, initializing? false, entries: <empty>
2019-09-24 17:35:08,603 WARN  server.GrpcLogAppender (GrpcLogAppender.java:timeoutAppendRequest(200)) - s2@group-ED203BE14A97->s0-GrpcLogAppender: appendEntries Timeout, request=s2->s0#1382-t12, previous=(t:12, i:735), leaderCommit=734, initializing? false, entries: <empty>
2019-09-24 17:35:08,669 WARN  server.GrpcLogAppender (GrpcLogAppender.java:timeoutAppendRequest(200)) - s2@group-ED203BE14A97->s1-GrpcLogAppender: appendEntries Timeout, request=s2->s1#1384-t12, previous=(t:12, i:735), leaderCommit=734, initializing? false, entries: <empty>
2019-09-24 17:35:08,678 WARN  server.GrpcLogAppender (GrpcLogAppender.java:timeoutAppendRequest(200)) - s2@group-ED203BE14A97->s0-GrpcLogAppender: appendEntries Timeout, request=s2->s0#1383-t12, previous=(t:12, i:735), leaderCommit=734, initializing? false, entries: <empty>
2019-09-24 17:35:08,744 WARN  server.GrpcLogAppender (GrpcLogAppender.java:timeoutAppendRequest(200)) - s2@group-ED203BE14A97->s1-GrpcLogAppender: appendEntries Timeout, request=s2->s1#1385-t12, previous=(t:12, i:735), leaderCommit=734, initializing? false, entries: <empty>
2019-09-24 17:35:08,754 WARN  server.GrpcLogAppender (GrpcLogAppender.java:timeoutAppendRequest(200)) - s2@group-ED203BE14A97->s0-GrpcLogAppender: appendEntries Timeout, request=s2->s0#1384-t12, previous=(t:12, i:735), leaderCommit=734, initializing? false, entries: <empty>
2019-09-24 17:35:08,819 WARN  server.GrpcLogAppender (GrpcLogAppender.java:timeoutAppendRequest(200)) - s2@group-ED203BE14A97->s1-GrpcLogAppender: appendEntries Timeout, request=s2->s1#1386-t12, previous=(t:12, i:735), leaderCommit=734, initializing? false, entries: <empty>
2019-09-24 17:35:08,829 WARN  server.GrpcLogAppender (GrpcLogAppender.java:timeoutAppendRequest(200)) - s2@group-ED203BE14A97->s0-GrpcLogAppender: appendEntries Timeout, request=s2->s0#1385-t12, previous=(t:12, i:735), leaderCommit=734, initializing? false, entries: <empty>
2019-09-24 17:35:08,895 WARN  server.GrpcLogAppender (GrpcLogAppender.java:timeoutAppendRequest(200)) - s2@group-ED203BE14A97->s1-GrpcLogAppender: appendEntries Timeout, request=s2->s1#1387-t12, previous=(t:12, i:735), leaderCommit=734, initializing? false, entries: <empty>
2019-09-24 17:35:08,904 WARN  server.GrpcLogAppender (GrpcLogAppender.java:timeoutAppendRequest(200)) - s2@group-ED203BE14A97->s0-GrpcLogAppender: appendEntries Timeout, request=s2->s0#1386-t12, previous=(t:12, i:735), leaderCommit=734, initializing? false, entries: <empty>
2019-09-24 17:35:08,970 WARN  server.GrpcLogAppender (GrpcLogAppender.java:timeoutAppendRequest(200)) - s2@group-ED203BE14A97->s1-GrpcLogAppender: appendEntries Timeout, request=s2->s1#1388-t12, previous=(t:12, i:735), leaderCommit=734, initializing? false, entries: <empty>
2019-09-24 17:35:08,979 WARN  server.GrpcLogAppender (GrpcLogAppender.java:timeoutAppendRequest(200)) - s2@group-ED203BE14A97->s0-GrpcLogAppender: appendEntries Timeout, request=s2->s0#1387-t12, previous=(t:12, i:735), leaderCommit=734, initializing? false, entries: <empty>
2019-09-24 17:35:09,045 WARN  server.GrpcLogAppender (GrpcLogAppender.java:timeoutAppendRequest(200)) - s2@group-ED203BE14A97->s1-GrpcLogAppender: appendEntries Timeout, request=s2->s1#1389-t12, previous=(t:12, i:735), leaderCommit=734, initializing? false, entries: <empty>
2019-09-24 17:35:09,055 WARN  server.GrpcLogAppender (GrpcLogAppender.java:timeoutAppendRequest(200)) - s2@group-ED203BE14A97->s0-GrpcLogAppender: appendEntries Timeout, request=s2->s0#1388-t12, previous=(t:12, i:735), leaderCommit=734, initializing? false, entries: <empty>
2019-09-24 17:35:09,089 WARN  server.GrpcLogAppender (GrpcLogAppender.java:onNextImpl(251)) - s2@group-ED203BE14A97->s0-AppendLogResponseHandler: Request not found, ignoring reply: s2<-s0#1353:OK,SUCCESS,nextIndex:736,term:12,followerCommit:734
2019-09-24 17:35:09,090 WARN  server.GrpcLogAppender (GrpcLogAppender.java:onNextImpl(251)) - s2@group-ED203BE14A97->s1-AppendLogResponseHandler: Request not found, ignoring reply: s2<-s1#1354:OK,SUCCESS,nextIndex:736,term:12,followerCommit:734
2019-09-24 17:35:09,090 WARN  server.GrpcLogAppender (GrpcLogAppender.java:onNextImpl(251)) - s2@group-ED203BE14A97->s0-AppendLogResponseHandler: Request not found, ignoring reply: s2<-s0#1354:OK,SUCCESS,nextIndex:736,term:12,followerCommit:733
2019-09-24 17:35:09,090 WARN  server.GrpcLogAppender (GrpcLogAppender.java:onNextImpl(251)) - s2@group-ED203BE14A97->s1-AppendLogResponseHandler: Request not found, ignoring reply: s2<-s1#1355:OK,SUCCESS,nextIndex:736,term:12,followerCommit:733
2019-09-24 17:35:09,090 WARN  server.GrpcLogAppender (GrpcLogAppender.java:onNextImpl(251)) - s2@group-ED203BE14A97->s0-AppendLogResponseHandler: Request not found, ignoring reply: s2<-s0#1355:OK,SUCCESS,nextIndex:736,term:12,followerCommit:733
2019-09-24 17:35:09,091 WARN  server.GrpcLogAppender (GrpcLogAppender.java:onNextImpl(251)) - s2@group-ED203BE14A97->s1-AppendLogResponseHandler: Request not found, ignoring reply: s2<-s1#1356:OK,SUCCESS,nextIndex:736,term:12,followerCommit:733
2019-09-24 17:35:09,091 WARN  server.GrpcLogAppender (GrpcLogAppender.java:onNextImpl(251)) - s2@group-ED203BE14A97->s0-AppendLogResponseHandler: Request not found, ignoring reply: s2<-s0#1356:OK,SUCCESS,nextIndex:736,term:12,followerCommit:733
2019-09-24 17:35:09,091 WARN  server.GrpcLogAppender (GrpcLogAppender.java:onNextImpl(251)) - s2@group-ED203BE14A97->s1-AppendLogResponseHandler: Request not found, ignoring reply: s2<-s1#1357:OK,SUCCESS,nextIndex:736,term:12,followerCommit:733
2019-09-24 17:35:09,091 WARN  server.GrpcLogAppender (GrpcLogAppender.java:onNextImpl(251)) - s2@group-ED203BE14A97->s0-AppendLogResponseHandler: Request not found, ignoring reply: s2<-s0#1357:OK,SUCCESS,nextIndex:736,term:12,followerCommit:733
2019-09-24 17:35:09,091 WARN  server.GrpcLogAppender (GrpcLogAppender.java:onNextImpl(251)) - s2@group-ED203BE14A97->s1-AppendLogResponseHandler: Request not found, ignoring reply: s2<-s1#1358:OK,SUCCESS,nextIndex:736,term:12,followerCommit:733
2019-09-24 17:35:09,091 WARN  server.GrpcLogAppender (GrpcLogAppender.java:onNextImpl(251)) - s2@group-ED203BE14A97->s0-AppendLogResponseHandler: Request not found, ignoring reply: s2<-s0#1358:OK,SUCCESS,nextIndex:736,term:12,followerCommit:734
2019-09-24 17:35:09,092 WARN  server.GrpcLogAppender (GrpcLogAppender.java:onNextImpl(251)) - s2@group-ED203BE14A97->s1-AppendLogResponseHandler: Request not found, ignoring reply: s2<-s1#1359:OK,SUCCESS,nextIndex:736,term:12,followerCommit:734
2019-09-24 17:35:09,092 WARN  server.GrpcLogAppender (GrpcLogAppender.java:onNextImpl(251)) - s2@group-ED203BE14A97->s0-AppendLogResponseHandler: Request not found, ignoring reply: s2<-s0#1359:OK,SUCCESS,nextIndex:736,term:12,followerCommit:734
2019-09-24 17:35:09,092 WARN  server.GrpcLogAppender (GrpcLogAppender.java:onNextImpl(251)) - s2@group-ED203BE14A97->s1-AppendLogResponseHandler: Request not found, ignoring reply: s2<-s1#1360:OK,SUCCESS,nextIndex:736,term:12,followerCommit:734
2019-09-24 17:35:09,092 WARN  server.GrpcLogAppender (GrpcLogAppender.java:onNextImpl(251)) - s2@group-ED203BE14A97->s0-AppendLogResponseHandler: Request not found, ignoring reply: s2<-s0#1360:OK,SUCCESS,nextIndex:736,term:12,followerCommit:734
2019-09-24 17:35:09,092 WARN  server.GrpcLogAppender (GrpcLogAppender.java:onNextImpl(251)) - s2@group-ED203BE14A97->s1-AppendLogResponseHandler: Request not found, ignoring reply: s2<-s1#1361:OK,SUCCESS,nextIndex:736,term:12,followerCommit:734
2019-09-24 17:35:09,093 WARN  server.GrpcLogAppender (GrpcLogAppender.java:onNextImpl(251)) - s2@group-ED203BE14A97->s0-AppendLogResponseHandler: Request not found, ignoring reply: s2<-s0#1361:OK,SUCCESS,nextIndex:736,term:12,followerCommit:734
2019-09-24 17:35:09,093 WARN  server.GrpcLogAppender (GrpcLogAppender.java:onNextImpl(251)) - s2@group-ED203BE14A97->s1-AppendLogResponseHandler: Request not found, ignoring reply: s2<-s1#1362:OK,SUCCESS,nextIndex:736,term:12,followerCommit:734
2019-09-24 17:35:09,093 WARN  server.GrpcLogAppender (GrpcLogAppender.java:onNextImpl(251)) - s2@group-ED203BE14A97->s0-AppendLogResponseHandler: Request not found, ignoring reply: s2<-s0#1362:OK,SUCCESS,nextIndex:736,term:12,followerCommit:734
2019-09-24 17:35:09,093 WARN  server.GrpcLogAppender (GrpcLogAppender.java:onNextImpl(251)) - s2@group-ED203BE14A97->s1-AppendLogResponseHandler: Request not found, ignoring reply: s2<-s1#1363:OK,SUCCESS,nextIndex:736,term:12,followerCommit:734
2019-09-24 17:35:09,093 WARN  server.GrpcLogAppender (GrpcLogAppender.java:onNextImpl(251)) - s2@group-ED203BE14A97->s0-AppendLogResponseHandler: Request not found, ignoring reply: s2<-s0#1363:OK,SUCCESS,nextIndex:736,term:12,followerCommit:734
2019-09-24 17:35:09,093 WARN  server.GrpcLogAppender (GrpcLogAppender.java:onNextImpl(251)) - s2@group-ED203BE14A97->s1-AppendLogResponseHandler: Request not found, ignoring reply: s2<-s1#1364:OK,SUCCESS,nextIndex:736,term:12,followerCommit:734
2019-09-24 17:35:09,094 WARN  server.GrpcLogAppender (GrpcLogAppender.java:onNextImpl(251)) - s2@group-ED203BE14A97->s0-AppendLogResponseHandler: Request not found, ignoring reply: s2<-s0#1364:OK,SUCCESS,nextIndex:736,term:12,followerCommit:734
2019-09-24 17:35:09,094 WARN  server.GrpcLogAppender (GrpcLogAppender.java:onNextImpl(251)) - s2@group-ED203BE14A97->s1-AppendLogResponseHandler: Request not found, ignoring reply: s2<-s1#1365:OK,SUCCESS,nextIndex:736,term:12,followerCommit:734
2019-09-24 17:35:09,094 WARN  server.GrpcLogAppender (GrpcLogAppender.java:onNextImpl(251)) - s2@group-ED203BE14A97->s0-AppendLogResponseHandler: Request not found, ignoring reply: s2<-s0#1365:OK,SUCCESS,nextIndex:736,term:12,followerCommit:734
2019-09-24 17:35:09,094 WARN  server.GrpcLogAppender (GrpcLogAppender.java:onNextImpl(251)) - s2@group-ED203BE14A97->s1-AppendLogResponseHandler: Request not found, ignoring reply: s2<-s1#1366:OK,SUCCESS,nextIndex:736,term:12,followerCommit:734
2019-09-24 17:35:09,094 WARN  server.GrpcLogAppender (GrpcLogAppender.java:onNextImpl(251)) - s2@group-ED203BE14A97->s0-AppendLogResponseHandler: Request not found, ignoring reply: s2<-s0#1366:OK,SUCCESS,nextIndex:736,term:12,followerCommit:734
2019-09-24 17:35:09,095 WARN  server.GrpcLogAppender (GrpcLogAppender.java:onNextImpl(251)) - s2@group-ED203BE14A97->s1-AppendLogResponseHandler: Request not found, ignoring reply: s2<-s1#1367:OK,SUCCESS,nextIndex:736,term:12,followerCommit:734
2019-09-24 17:35:09,095 WARN  server.GrpcLogAppender (GrpcLogAppender.java:onNextImpl(251)) - s2@group-ED203BE14A97->s0-AppendLogResponseHandler: Request not found, ignoring reply: s2<-s0#1367:OK,SUCCESS,nextIndex:736,term:12,followerCommit:734
2019-09-24 17:35:09,095 WARN  server.GrpcLogAppender (GrpcLogAppender.java:onNextImpl(251)) - s2@group-ED203BE14A97->s1-AppendLogResponseHandler: Request not found, ignoring reply: s2<-s1#1368:OK,SUCCESS,nextIndex:736,term:12,followerCommit:734
2019-09-24 17:35:09,095 WARN  server.GrpcLogAppender (GrpcLogAppender.java:onNextImpl(251)) - s2@group-ED203BE14A97->s0-AppendLogResponseHandler: Request not found, ignoring reply: s2<-s0#1368:OK,SUCCESS,nextIndex:736,term:12,followerCommit:734
2019-09-24 17:35:09,095 WARN  server.GrpcLogAppender (GrpcLogAppender.java:onNextImpl(251)) - s2@group-ED203BE14A97->s1-AppendLogResponseHandler: Request not found, ignoring reply: s2<-s1#1369:OK,SUCCESS,nextIndex:736,term:12,followerCommit:734
2019-09-24 17:35:09,095 WARN  server.GrpcLogAppender (GrpcLogAppender.java:onNextImpl(251)) - s2@group-ED203BE14A97->s0-AppendLogResponseHandler: Request not found, ignoring reply: s2<-s0#1369:OK,SUCCESS,nextIndex:736,term:12,followerCommit:734
2019-09-24 17:35:09,096 WARN  server.GrpcLogAppender (GrpcLogAppender.java:onNextImpl(251)) - s2@group-ED203BE14A97->s1-AppendLogResponseHandler: Request not found, ignoring reply: s2<-s1#1370:OK,SUCCESS,nextIndex:736,term:12,followerCommit:734
2019-09-24 17:35:09,096 WARN  server.GrpcLogAppender (GrpcLogAppender.java:onNextImpl(251)) - s2@group-ED203BE14A97->s0-AppendLogResponseHandler: Request not found, ignoring reply: s2<-s0#1370:OK,SUCCESS,nextIndex:736,term:12,followerCommit:734
2019-09-24 17:35:09,096 WARN  server.GrpcLogAppender (GrpcLogAppender.java:onNextImpl(251)) - s2@group-ED203BE14A97->s1-AppendLogResponseHandler: Request not found, ignoring reply: s2<-s1#1371:OK,SUCCESS,nextIndex:736,term:12,followerCommit:734
2019-09-24 17:35:09,096 WARN  server.GrpcLogAppender (GrpcLogAppender.java:onNextImpl(251)) - s2@group-ED203BE14A97->s0-AppendLogResponseHandler: Request not found, ignoring reply: s2<-s0#1371:OK,SUCCESS,nextIndex:736,term:12,followerCommit:734
2019-09-24 17:35:09,096 WARN  server.GrpcLogAppender (GrpcLogAppender.java:onNextImpl(251)) - s2@group-ED203BE14A97->s1-AppendLogResponseHandler: Request not found, ignoring reply: s2<-s1#1372:OK,SUCCESS,nextIndex:736,term:12,followerCommit:734
2019-09-24 17:35:09,096 WARN  server.GrpcLogAppender (GrpcLogAppender.java:onNextImpl(251)) - s2@group-ED203BE14A97->s0-AppendLogResponseHandler: Request not found, ignoring reply: s2<-s0#1372:OK,SUCCESS,nextIndex:736,term:12,followerCommit:734
2019-09-24 17:35:09,097 WARN  server.GrpcLogAppender (GrpcLogAppender.java:onNextImpl(251)) - s2@group-ED203BE14A97->s1-AppendLogResponseHandler: Request not found, ignoring reply: s2<-s1#1373:OK,SUCCESS,nextIndex:736,term:12,followerCommit:734
2019-09-24 17:35:09,097 WARN  server.GrpcLogAppender (GrpcLogAppender.java:onNextImpl(251)) - s2@group-ED203BE14A97->s0-AppendLogResponseHandler: Request not found, ignoring reply: s2<-s0#1373:OK,SUCCESS,nextIndex:736,term:12,followerCommit:734
2019-09-24 17:35:09,097 WARN  server.GrpcLogAppender (GrpcLogAppender.java:onNextImpl(251)) - s2@group-ED203BE14A97->s1-AppendLogResponseHandler: Request not found, ignoring reply: s2<-s1#1374:OK,SUCCESS,nextIndex:736,term:12,followerCommit:734
2019-09-24 17:35:09,097 WARN  server.GrpcLogAppender (GrpcLogAppender.java:onNextImpl(251)) - s2@group-ED203BE14A97->s0-AppendLogResponseHandler: Request not found, ignoring reply: s2<-s0#1374:OK,SUCCESS,nextIndex:736,term:12,followerCommit:734
2019-09-24 17:35:09,097 WARN  server.GrpcLogAppender (GrpcLogAppender.java:onNextImpl(251)) - s2@group-ED203BE14A97->s1-AppendLogResponseHandler: Request not found, ignoring reply: s2<-s1#1375:OK,SUCCESS,nextIndex:736,term:12,followerCommit:734
2019-09-24 17:35:09,098 WARN  server.GrpcLogAppender (GrpcLogAppender.java:onNextImpl(251)) - s2@group-ED203BE14A97->s0-AppendLogResponseHandler: Request not found, ignoring reply: s2<-s0#1375:OK,SUCCESS,nextIndex:736,term:12,followerCommit:734
2019-09-24 17:35:09,098 WARN  server.GrpcLogAppender (GrpcLogAppender.java:onNextImpl(251)) - s2@group-ED203BE14A97->s1-AppendLogResponseHandler: Request not found, ignoring reply: s2<-s1#1376:OK,SUCCESS,nextIndex:736,term:12,followerCommit:734
2019-09-24 17:35:09,098 WARN  server.GrpcLogAppender (GrpcLogAppender.java:onNextImpl(251)) - s2@group-ED203BE14A97->s0-AppendLogResponseHandler: Request not found, ignoring reply: s2<-s0#1376:OK,SUCCESS,nextIndex:736,term:12,followerCommit:734
2019-09-24 17:35:09,098 WARN  server.GrpcLogAppender (GrpcLogAppender.java:onNextImpl(251)) - s2@group-ED203BE14A97->s1-AppendLogResponseHandler: Request not found, ignoring reply: s2<-s1#1377:OK,SUCCESS,nextIndex:736,term:12,followerCommit:734
2019-09-24 17:35:09,098 WARN  server.GrpcLogAppender (GrpcLogAppender.java:onNextImpl(251)) - s2@group-ED203BE14A97->s0-AppendLogResponseHandler: Request not found, ignoring reply: s2<-s0#1377:OK,SUCCESS,nextIndex:736,term:12,followerCommit:734
2019-09-24 17:35:09,098 WARN  server.GrpcLogAppender (GrpcLogAppender.java:onNextImpl(251)) - s2@group-ED203BE14A97->s1-AppendLogResponseHandler: Request not found, ignoring reply: s2<-s1#1378:OK,SUCCESS,nextIndex:736,term:12,followerCommit:734
2019-09-24 17:35:09,099 WARN  server.GrpcLogAppender (GrpcLogAppender.java:onNextImpl(251)) - s2@group-ED203BE14A97->s0-AppendLogResponseHandler: Request not found, ignoring reply: s2<-s0#1378:OK,SUCCESS,nextIndex:736,term:12,followerCommit:734
2019-09-24 17:35:09,099 WARN  server.GrpcLogAppender (GrpcLogAppender.java:onNextImpl(251)) - s2@group-ED203BE14A97->s1-AppendLogResponseHandler: Request not found, ignoring reply: s2<-s1#1379:OK,SUCCESS,nextIndex:736,term:12,followerCommit:734
2019-09-24 17:35:09,099 WARN  server.GrpcLogAppender (GrpcLogAppender.java:onNextImpl(251)) - s2@group-ED203BE14A97->s0-AppendLogResponseHandler: Request not found, ignoring reply: s2<-s0#1379:OK,SUCCESS,nextIndex:736,term:12,followerCommit:734
2019-09-24 17:35:09,099 WARN  server.GrpcLogAppender (GrpcLogAppender.java:onNextImpl(251)) - s2@group-ED203BE14A97->s1-AppendLogResponseHandler: Request not found, ignoring reply: s2<-s1#1380:OK,SUCCESS,nextIndex:736,term:12,followerCommit:734
2019-09-24 17:35:09,099 WARN  server.GrpcLogAppender (GrpcLogAppender.java:onNextImpl(251)) - s2@group-ED203BE14A97->s0-AppendLogResponseHandler: Request not found, ignoring reply: s2<-s0#1380:OK,SUCCESS,nextIndex:736,term:12,followerCommit:734
2019-09-24 17:35:09,100 WARN  server.GrpcLogAppender (GrpcLogAppender.java:onNextImpl(251)) - s2@group-ED203BE14A97->s1-AppendLogResponseHandler: Request not found, ignoring reply: s2<-s1#1381:OK,SUCCESS,nextIndex:736,term:12,followerCommit:734
2019-09-24 17:35:09,100 WARN  server.GrpcLogAppender (GrpcLogAppender.java:onNextImpl(251)) - s2@group-ED203BE14A97->s0-AppendLogResponseHandler: Request not found, ignoring reply: s2<-s0#1381:OK,SUCCESS,nextIndex:736,term:12,followerCommit:734
2019-09-24 17:35:09,100 WARN  server.GrpcLogAppender (GrpcLogAppender.java:onNextImpl(251)) - s2@group-ED203BE14A97->s1-AppendLogResponseHandler: Request not found, ignoring reply: s2<-s1#1382:OK,SUCCESS,nextIndex:736,term:12,followerCommit:734
2019-09-24 17:35:09,100 WARN  server.GrpcLogAppender (GrpcLogAppender.java:onNextImpl(251)) - s2@group-ED203BE14A97->s0-AppendLogResponseHandler: Request not found, ignoring reply: s2<-s0#1382:OK,SUCCESS,nextIndex:736,term:12,followerCommit:734
2019-09-24 17:35:09,100 WARN  server.GrpcLogAppender (GrpcLogAppender.java:onNextImpl(251)) - s2@group-ED203BE14A97->s1-AppendLogResponseHandler: Request not found, ignoring reply: s2<-s1#1383:OK,SUCCESS,nextIndex:736,term:12,followerCommit:734
2019-09-24 17:35:09,100 WARN  server.GrpcLogAppender (GrpcLogAppender.java:onNextImpl(251)) - s2@group-ED203BE14A97->s0-AppendLogResponseHandler: Request not found, ignoring reply: s2<-s0#1383:OK,SUCCESS,nextIndex:736,term:12,followerCommit:734
2019-09-24 17:35:09,101 WARN  server.GrpcLogAppender (GrpcLogAppender.java:onNextImpl(251)) - s2@group-ED203BE14A97->s1-AppendLogResponseHandler: Request not found, ignoring reply: s2<-s1#1384:OK,SUCCESS,nextIndex:736,term:12,followerCommit:734
2019-09-24 17:35:09,101 WARN  server.GrpcLogAppender (GrpcLogAppender.java:onNextImpl(251)) - s2@group-ED203BE14A97->s0-AppendLogResponseHandler: Request not found, ignoring reply: s2<-s0#1384:OK,SUCCESS,nextIndex:736,term:12,followerCommit:734
2019-09-24 17:35:09,101 WARN  server.GrpcLogAppender (GrpcLogAppender.java:onNextImpl(251)) - s2@group-ED203BE14A97->s1-AppendLogResponseHandler: Request not found, ignoring reply: s2<-s1#1385:OK,SUCCESS,nextIndex:736,term:12,followerCommit:734
2019-09-24 17:35:09,101 WARN  server.GrpcLogAppender (GrpcLogAppender.java:onNextImpl(251)) - s2@group-ED203BE14A97->s0-AppendLogResponseHandler: Request not found, ignoring reply: s2<-s0#1385:OK,SUCCESS,nextIndex:736,term:12,followerCommit:734
2019-09-24 17:35:09,101 WARN  server.GrpcLogAppender (GrpcLogAppender.java:onNextImpl(251)) - s2@group-ED203BE14A97->s1-AppendLogResponseHandler: Request not found, ignoring reply: s2<-s1#1386:OK,SUCCESS,nextIndex:736,term:12,followerCommit:734
2019-09-24 17:35:09,101 WARN  server.GrpcLogAppender (GrpcLogAppender.java:onNextImpl(251)) - s2@group-ED203BE14A97->s0-AppendLogResponseHandler: Request not found, ignoring reply: s2<-s0#1386:OK,SUCCESS,nextIndex:736,term:12,followerCommit:734
2019-09-24 17:35:09,102 WARN  server.GrpcLogAppender (GrpcLogAppender.java:onNextImpl(251)) - s2@group-ED203BE14A97->s1-AppendLogResponseHandler: Request not found, ignoring reply: s2<-s1#1387:OK,SUCCESS,nextIndex:736,term:12,followerCommit:734
2019-09-24 17:35:09,102 WARN  server.GrpcLogAppender (GrpcLogAppender.java:onNextImpl(251)) - s2@group-ED203BE14A97->s0-AppendLogResponseHandler: Request not found, ignoring reply: s2<-s0#1387:OK,SUCCESS,nextIndex:736,term:12,followerCommit:734
2019-09-24 17:35:09,102 WARN  server.GrpcLogAppender (GrpcLogAppender.java:onNextImpl(251)) - s2@group-ED203BE14A97->s1-AppendLogResponseHandler: Request not found, ignoring reply: s2<-s1#1388:OK,SUCCESS,nextIndex:736,term:12,followerCommit:734
2019-09-24 17:35:09,102 WARN  server.GrpcLogAppender (GrpcLogAppender.java:onNextImpl(251)) - s2@group-ED203BE14A97->s0-AppendLogResponseHandler: Request not found, ignoring reply: s2<-s0#1388:OK,SUCCESS,nextIndex:736,term:12,followerCommit:734
2019-09-24 17:35:09,102 WARN  server.GrpcLogAppender (GrpcLogAppender.java:onNextImpl(251)) - s2@group-ED203BE14A97->s1-AppendLogResponseHandler: Request not found, ignoring reply: s2<-s1#1389:OK,SUCCESS,nextIndex:736,term:12,followerCommit:734
2019-09-24 17:35:12,104 WARN  server.GrpcLogAppender (GrpcLogAppender.java:timeoutAppendRequest(200)) - s2@group-ED203BE14A97->s1-GrpcLogAppender: appendEntries Timeout, request=s2->s1#1430-t12, previous=(t:12, i:735), leaderCommit=735, initializing? false, entries: size=1, first=(t:12, i:736), METADATAENTRY(c735)
2019-09-24 17:35:12,104 WARN  server.GrpcLogAppender (GrpcLogAppender.java:timeoutAppendRequest(200)) - s2@group-ED203BE14A97->s0-GrpcLogAppender: appendEntries Timeout, request=s2->s0#1429-t12, previous=(t:12, i:735), leaderCommit=735, initializing? false, entries: size=1, first=(t:12, i:736), METADATAENTRY(c735)
2019-09-24 17:35:12,120 WARN  server.GrpcLogAppender (GrpcLogAppender.java:timeoutAppendRequest(200)) - s2@group-ED203BE14A97->s1-GrpcLogAppender: appendEntries Timeout, request=s2->s1#1431-t12, previous=(t:12, i:736), leaderCommit=735, initializing? false, entries: size=1, first=(t:12, i:737), STATEMACHINELOGENTRY, client-236938EB08E4, cid=368
2019-09-24 17:35:12,120 WARN  server.GrpcLogAppender (GrpcLogAppender.java:timeoutAppendRequest(200)) - s2@group-ED203BE14A97->s0-GrpcLogAppender: appendEntries Timeout, request=s2->s0#1430-t12, previous=(t:12, i:736), leaderCommit=735, initializing? false, entries: size=1, first=(t:12, i:737), STATEMACHINELOGENTRY, client-236938EB08E4, cid=368
2019-09-24 17:35:12,195 WARN  server.GrpcLogAppender (GrpcLogAppender.java:timeoutAppendRequest(200)) - s2@group-ED203BE14A97->s1-GrpcLogAppender: appendEntries Timeout, request=s2->s1#1432-t12, previous=(t:12, i:737), leaderCommit=735, initializing? false, entries: <empty>
2019-09-24 17:35:12,195 WARN  server.GrpcLogAppender (GrpcLogAppender.java:timeoutAppendRequest(200)) - s2@group-ED203BE14A97->s0-GrpcLogAppender: appendEntries Timeout, request=s2->s0#1431-t12, previous=(t:12, i:737), leaderCommit=735, initializing? false, entries: <empty>
2019-09-24 17:35:12,270 WARN  server.GrpcLogAppender (GrpcLogAppender.java:timeoutAppendRequest(200)) - s2@group-ED203BE14A97->s1-GrpcLogAppender: appendEntries Timeout, request=s2->s1#1433-t12, previous=(t:12, i:737), leaderCommit=735, initializing? false, entries: <empty>
2019-09-24 17:35:12,270 WARN  server.GrpcLogAppender (GrpcLogAppender.java:timeoutAppendRequest(200)) - s2@group-ED203BE14A97->s0-GrpcLogAppender: appendEntries Timeout, request=s2->s0#1432-t12, previous=(t:12, i:737), leaderCommit=735, initializing? false, entries: <empty>
2019-09-24 17:35:12,345 WARN  server.GrpcLogAppender (GrpcLogAppender.java:timeoutAppendRequest(200)) - s2@group-ED203BE14A97->s1-GrpcLogAppender: appendEntries Timeout, request=s2->s1#1434-t12, previous=(t:12, i:737), leaderCommit=735, initializing? false, entries: <empty>
2019-09-24 17:35:12,345 WARN  server.GrpcLogAppender (GrpcLogAppender.java:timeoutAppendRequest(200)) - s2@group-ED203BE14A97->s0-GrpcLogAppender: appendEntries Timeout, request=s2->s0#1433-t12, previous=(t:12, i:737), leaderCommit=735, initializing? false, entries: <empty>
2019-09-24 17:35:12,421 WARN  server.GrpcLogAppender (GrpcLogAppender.java:timeoutAppendRequest(200)) - s2@group-ED203BE14A97->s0-GrpcLogAppender: appendEntries Timeout, request=s2->s0#1434-t12, previous=(t:12, i:737), leaderCommit=735, initializing? false, entries: <empty>
2019-09-24 17:35:12,421 WARN  server.GrpcLogAppender (GrpcLogAppender.java:timeoutAppendRequest(200)) - s2@group-ED203BE14A97->s1-GrpcLogAppender: appendEntries Timeout, request=s2->s1#1435-t12, previous=(t:12, i:737), leaderCommit=735, initializing? false, entries: <empty>
2019-09-24 17:35:12,496 WARN  server.GrpcLogAppender (GrpcLogAppender.java:timeoutAppendRequest(200)) - s2@group-ED203BE14A97->s1-GrpcLogAppender: appendEntries Timeout, request=s2->s1#1436-t12, previous=(t:12, i:737), leaderCommit=735, initializing? false, entries: <empty>
2019-09-24 17:35:12,496 WARN  server.GrpcLogAppender (GrpcLogAppender.java:timeoutAppendRequest(200)) - s2@group-ED203BE14A97->s0-GrpcLogAppender: appendEntries Timeout, request=s2->s0#1435-t12, previous=(t:12, i:737), leaderCommit=735, initializing? false, entries: <empty>
2019-09-24 17:35:12,571 WARN  server.GrpcLogAppender (GrpcLogAppender.java:timeoutAppendRequest(200)) - s2@group-ED203BE14A97->s1-GrpcLogAppender: appendEntries Timeout, request=s2->s1#1437-t12, previous=(t:12, i:737), leaderCommit=735, initializing? false, entries: <empty>
2019-09-24 17:35:12,571 WARN  server.GrpcLogAppender (GrpcLogAppender.java:timeoutAppendRequest(200)) - s2@group-ED203BE14A97->s0-GrpcLogAppender: appendEntries Timeout, request=s2->s0#1436-t12, previous=(t:12, i:737), leaderCommit=735, initializing? false, entries: <empty>
2019-09-24 17:35:12,646 WARN  server.GrpcLogAppender (GrpcLogAppender.java:timeoutAppendRequest(200)) - s2@group-ED203BE14A97->s1-GrpcLogAppender: appendEntries Timeout, request=s2->s1#1438-t12, previous=(t:12, i:737), leaderCommit=735, initializing? false, entries: <empty>
2019-09-24 17:35:12,646 WARN  server.GrpcLogAppender (GrpcLogAppender.java:timeoutAppendRequest(200)) - s2@group-ED203BE14A97->s0-GrpcLogAppender: appendEntries Timeout, request=s2->s0#1437-t12, previous=(t:12, i:737), leaderCommit=735, initializing? false, entries: <empty>
2019-09-24 17:35:12,721 WARN  server.GrpcLogAppender (GrpcLogAppender.java:timeoutAppendRequest(200)) - s2@group-ED203BE14A97->s1-GrpcLogAppender: appendEntries Timeout, request=s2->s1#1439-t12, previous=(t:12, i:737), leaderCommit=735, initializing? false, entries: <empty>
2019-09-24 17:35:12,721 WARN  server.GrpcLogAppender (GrpcLogAppender.java:timeoutAppendRequest(200)) - s2@group-ED203BE14A97->s0-GrpcLogAppender: appendEntries Timeout, request=s2->s0#1438-t12, previous=(t:12, i:737), leaderCommit=735, initializing? false, entries: <empty>
2019-09-24 17:35:12,797 WARN  server.GrpcLogAppender (GrpcLogAppender.java:timeoutAppendRequest(200)) - s2@group-ED203BE14A97->s0-GrpcLogAppender: appendEntries Timeout, request=s2->s0#1439-t12, previous=(t:12, i:737), leaderCommit=735, initializing? false, entries: <empty>
2019-09-24 17:35:12,797 WARN  server.GrpcLogAppender (GrpcLogAppender.java:timeoutAppendRequest(200)) - s2@group-ED203BE14A97->s1-GrpcLogAppender: appendEntries Timeout, request=s2->s1#1440-t12, previous=(t:12, i:737), leaderCommit=735, initializing? false, entries: <empty>
2019-09-24 17:35:12,872 WARN  server.GrpcLogAppender (GrpcLogAppender.java:timeoutAppendRequest(200)) - s2@group-ED203BE14A97->s0-GrpcLogAppender: appendEntries Timeout, request=s2->s0#1440-t12, previous=(t:12, i:737), leaderCommit=735, initializing? false, entries: <empty>
2019-09-24 17:35:12,872 WARN  server.GrpcLogAppender (GrpcLogAppender.java:timeoutAppendRequest(200)) - s2@group-ED203BE14A97->s1-GrpcLogAppender: appendEntries Timeout, request=s2->s1#1441-t12, previous=(t:12, i:737), leaderCommit=735, initializing? false, entries: <empty>
2019-09-24 17:35:12,947 WARN  server.GrpcLogAppender (GrpcLogAppender.java:timeoutAppendRequest(200)) - s2@group-ED203BE14A97->s0-GrpcLogAppender: appendEntries Timeout, request=s2->s0#1441-t12, previous=(t:12, i:737), leaderCommit=735, initializing? false, entries: <empty>
2019-09-24 17:35:12,947 WARN  server.GrpcLogAppender (GrpcLogAppender.java:timeoutAppendRequest(200)) - s2@group-ED203BE14A97->s1-GrpcLogAppender: appendEntries Timeout, request=s2->s1#1442-t12, previous=(t:12, i:737), leaderCommit=735, initializing? false, entries: <empty>
2019-09-24 17:35:13,022 WARN  server.GrpcLogAppender (GrpcLogAppender.java:timeoutAppendRequest(200)) - s2@group-ED203BE14A97->s0-GrpcLogAppender: appendEntries Timeout, request=s2->s0#1442-t12, previous=(t:12, i:737), leaderCommit=735, initializing? false, entries: <empty>
2019-09-24 17:35:13,022 WARN  server.GrpcLogAppender (GrpcLogAppender.java:timeoutAppendRequest(200)) - s2@group-ED203BE14A97->s1-GrpcLogAppender: appendEntries Timeout, request=s2->s1#1443-t12, previous=(t:12, i:737), leaderCommit=735, initializing? false, entries: <empty>
2019-09-24 17:35:13,097 WARN  server.GrpcLogAppender (GrpcLogAppender.java:timeoutAppendRequest(200)) - s2@group-ED203BE14A97->s0-GrpcLogAppender: appendEntries Timeout, request=s2->s0#1443-t12, previous=(t:12, i:737), leaderCommit=735, initializing? false, entries: <empty>
2019-09-24 17:35:13,097 WARN  server.GrpcLogAppender (GrpcLogAppender.java:timeoutAppendRequest(200)) - s2@group-ED203BE14A97->s1-GrpcLogAppender: appendEntries Timeout, request=s2->s1#1444-t12, previous=(t:12, i:737), leaderCommit=735, initializing? false, entries: <empty>
2019-09-24 17:35:13,172 WARN  server.GrpcLogAppender (GrpcLogAppender.java:timeoutAppendRequest(200)) - s2@group-ED203BE14A97->s0-GrpcLogAppender: appendEntries Timeout, request=s2->s0#1444-t12, previous=(t:12, i:737), leaderCommit=735, initializing? false, entries: <empty>
2019-09-24 17:35:13,173 WARN  server.GrpcLogAppender (GrpcLogAppender.java:timeoutAppendRequest(200)) - s2@group-ED203BE14A97->s1-GrpcLogAppender: appendEntries Timeout, request=s2->s1#1445-t12, previous=(t:12, i:737), leaderCommit=735, initializing? false, entries: <empty>
2019-09-24 17:35:13,248 WARN  server.GrpcLogAppender (GrpcLogAppender.java:timeoutAppendRequest(200)) - s2@group-ED203BE14A97->s0-GrpcLogAppender: appendEntries Timeout, request=s2->s0#1445-t12, previous=(t:12, i:737), leaderCommit=735, initializing? false, entries: <empty>
2019-09-24 17:35:13,248 WARN  server.GrpcLogAppender (GrpcLogAppender.java:timeoutAppendRequest(200)) - s2@group-ED203BE14A97->s1-GrpcLogAppender: appendEntries Timeout, request=s2->s1#1446-t12, previous=(t:12, i:737), leaderCommit=735, initializing? false, entries: <empty>
2019-09-24 17:35:13,323 WARN  server.GrpcLogAppender (GrpcLogAppender.java:timeoutAppendRequest(200)) - s2@group-ED203BE14A97->s0-GrpcLogAppender: appendEntries Timeout, request=s2->s0#1446-t12, previous=(t:12, i:737), leaderCommit=735, initializing? false, entries: <empty>
2019-09-24 17:35:13,323 WARN  server.GrpcLogAppender (GrpcLogAppender.java:timeoutAppendRequest(200)) - s2@group-ED203BE14A97->s1-GrpcLogAppender: appendEntries Timeout, request=s2->s1#1447-t12, previous=(t:12, i:737), leaderCommit=735, initializing? false, entries: <empty>
2019-09-24 17:35:13,398 WARN  server.GrpcLogAppender (GrpcLogAppender.java:timeoutAppendRequest(200)) - s2@group-ED203BE14A97->s0-GrpcLogAppender: appendEntries Timeout, request=s2->s0#1447-t12, previous=(t:12, i:737), leaderCommit=735, initializing? false, entries: <empty>
2019-09-24 17:35:13,398 WARN  server.GrpcLogAppender (GrpcLogAppender.java:timeoutAppendRequest(200)) - s2@group-ED203BE14A97->s1-GrpcLogAppender: appendEntries Timeout, request=s2->s1#1448-t12, previous=(t:12, i:737), leaderCommit=735, initializing? false, entries: <empty>
2019-09-24 17:35:13,473 WARN  server.GrpcLogAppender (GrpcLogAppender.java:timeoutAppendRequest(200)) - s2@group-ED203BE14A97->s0-GrpcLogAppender: appendEntries Timeout, request=s2->s0#1448-t12, previous=(t:12, i:737), leaderCommit=735, initializing? false, entries: <empty>
2019-09-24 17:35:13,473 WARN  server.GrpcLogAppender (GrpcLogAppender.java:timeoutAppendRequest(200)) - s2@group-ED203BE14A97->s1-GrpcLogAppender: appendEntries Timeout, request=s2->s1#1449-t12, previous=(t:12, i:737), leaderCommit=735, initializing? false, entries: <empty>
2019-09-24 17:35:13,548 WARN  server.GrpcLogAppender (GrpcLogAppender.java:timeoutAppendRequest(200)) - s2@group-ED203BE14A97->s0-GrpcLogAppender: appendEntries Timeout, request=s2->s0#1449-t12, previous=(t:12, i:737), leaderCommit=735, initializing? false, entries: <empty>
2019-09-24 17:35:13,549 WARN  server.GrpcLogAppender (GrpcLogAppender.java:timeoutAppendRequest(200)) - s2@group-ED203BE14A97->s1-GrpcLogAppender: appendEntries Timeout, request=s2->s1#1450-t12, previous=(t:12, i:737), leaderCommit=735, initializing? false, entries: <empty>
2019-09-24 17:35:13,623 WARN  server.GrpcLogAppender (GrpcLogAppender.java:timeoutAppendRequest(200)) - s2@group-ED203BE14A97->s0-GrpcLogAppender: appendEntries Timeout, request=s2->s0#1450-t12, previous=(t:12, i:737), leaderCommit=735, initializing? false, entries: <empty>
2019-09-24 17:35:13,624 WARN  server.GrpcLogAppender (GrpcLogAppender.java:timeoutAppendRequest(200)) - s2@group-ED203BE14A97->s1-GrpcLogAppender: appendEntries Timeout, request=s2->s1#1451-t12, previous=(t:12, i:737), leaderCommit=735, initializing? false, entries: <empty>
2019-09-24 17:35:13,699 WARN  server.GrpcLogAppender (GrpcLogAppender.java:timeoutAppendRequest(200)) - s2@group-ED203BE14A97->s0-GrpcLogAppender: appendEntries Timeout, request=s2->s0#1451-t12, previous=(t:12, i:737), leaderCommit=735, initializing? false, entries: <empty>
2019-09-24 17:35:13,699 WARN  server.GrpcLogAppender (GrpcLogAppender.java:timeoutAppendRequest(200)) - s2@group-ED203BE14A97->s1-GrpcLogAppender: appendEntries Timeout, request=s2->s1#1452-t12, previous=(t:12, i:737), leaderCommit=735, initializing? false, entries: <empty>
2019-09-24 17:35:13,774 WARN  server.GrpcLogAppender (GrpcLogAppender.java:timeoutAppendRequest(200)) - s2@group-ED203BE14A97->s0-GrpcLogAppender: appendEntries Timeout, request=s2->s0#1452-t12, previous=(t:12, i:737), leaderCommit=735, initializing? false, entries: <empty>
2019-09-24 17:35:13,774 WARN  server.GrpcLogAppender (GrpcLogAppender.java:timeoutAppendRequest(200)) - s2@group-ED203BE14A97->s1-GrpcLogAppender: appendEntries Timeout, request=s2->s1#1453-t12, previous=(t:12, i:737), leaderCommit=735, initializing? false, entries: <empty>
2019-09-24 17:35:13,814 INFO  ratis.MiniRaftCluster (MiniRaftCluster.java:lambda$null$5(297)) - TIMED-PRINT: printing ALL groups
  s0:  RUNNING  FOLLOWER s0@group-ED203BE14A97:t12, leader=s2, voted=s2, raftlog=s0@group-ED203BE14A97-SegmentedRaftLog:OPENED:c735,f735,i737, conf=0: [s0:0.0.0.0:42001, s1:0.0.0.0:43636, s2:0.0.0.0:41913], old=null RUNNING
  s1:  RUNNING  FOLLOWER s1@group-ED203BE14A97:t12, leader=s2, voted=s1, raftlog=s1@group-ED203BE14A97-SegmentedRaftLog:OPENED:c735,f735,i737, conf=0: [s0:0.0.0.0:42001, s1:0.0.0.0:43636, s2:0.0.0.0:41913], old=null RUNNING
  s2:  RUNNING    LEADER s2@group-ED203BE14A97:t12, leader=s2, voted=s2, raftlog=s2@group-ED203BE14A97-SegmentedRaftLog:OPENED:c735,f735,i737, conf=0: [s0:0.0.0.0:42001, s1:0.0.0.0:43636, s2:0.0.0.0:41913], old=null RUNNING
2019-09-24 17:35:13,849 WARN  server.GrpcLogAppender (GrpcLogAppender.java:timeoutAppendRequest(200)) - s2@group-ED203BE14A97->s0-GrpcLogAppender: appendEntries Timeout, request=s2->s0#1453-t12, previous=(t:12, i:737), leaderCommit=735, initializing? false, entries: <empty>
2019-09-24 17:35:13,849 WARN  server.GrpcLogAppender (GrpcLogAppender.java:timeoutAppendRequest(200)) - s2@group-ED203BE14A97->s1-GrpcLogAppender: appendEntries Timeout, request=s2->s1#1454-t12, previous=(t:12, i:737), leaderCommit=735, initializing? false, entries: <empty>
2019-09-24 17:35:13,924 WARN  server.GrpcLogAppender (GrpcLogAppender.java:timeoutAppendRequest(200)) - s2@group-ED203BE14A97->s0-GrpcLogAppender: appendEntries Timeout, request=s2->s0#1454-t12, previous=(t:12, i:737), leaderCommit=735, initializing? false, entries: <empty>
2019-09-24 17:35:13,925 WARN  server.GrpcLogAppender (GrpcLogAppender.java:timeoutAppendRequest(200)) - s2@group-ED203BE14A97->s1-GrpcLogAppender: appendEntries Timeout, request=s2->s1#1455-t12, previous=(t:12, i:737), leaderCommit=735, initializing? false, entries: <empty>
2019-09-24 17:35:14,000 WARN  server.GrpcLogAppender (GrpcLogAppender.java:timeoutAppendRequest(200)) - s2@group-ED203BE14A97->s0-GrpcLogAppender: appendEntries Timeout, request=s2->s0#1455-t12, previous=(t:12, i:737), leaderCommit=735, initializing? false, entries: <empty>
2019-09-24 17:35:14,000 WARN  server.GrpcLogAppender (GrpcLogAppender.java:timeoutAppendRequest(200)) - s2@group-ED203BE14A97->s1-GrpcLogAppender: appendEntries Timeout, request=s2->s1#1456-t12, previous=(t:12, i:737), leaderCommit=735, initializing? false, entries: <empty>
2019-09-24 17:35:14,075 WARN  server.GrpcLogAppender (GrpcLogAppender.java:timeoutAppendRequest(200)) - s2@group-ED203BE14A97->s0-GrpcLogAppender: appendEntries Timeout, request=s2->s0#1456-t12, previous=(t:12, i:737), leaderCommit=735, initializing? false, entries: <empty>
2019-09-24 17:35:14,075 WARN  server.GrpcLogAppender (GrpcLogAppender.java:timeoutAppendRequest(200)) - s2@group-ED203BE14A97->s1-GrpcLogAppender: appendEntries Timeout, request=s2->s1#1457-t12, previous=(t:12, i:737), leaderCommit=735, initializing? false, entries: <empty>
2019-09-24 17:35:14,150 WARN  server.GrpcLogAppender (GrpcLogAppender.java:timeoutAppendRequest(200)) - s2@group-ED203BE14A97->s0-GrpcLogAppender: appendEntries Timeout, request=s2->s0#1457-t12, previous=(t:12, i:737), leaderCommit=735, initializing? false, entries: <empty>
2019-09-24 17:35:14,150 WARN  server.GrpcLogAppender (GrpcLogAppender.java:timeoutAppendRequest(200)) - s2@group-ED203BE14A97->s1-GrpcLogAppender: appendEntries Timeout, request=s2->s1#1458-t12, previous=(t:12, i:737), leaderCommit=735, initializing? false, entries: <empty>
2019-09-24 17:35:14,165 WARN  server.GrpcLogAppender (GrpcLogAppender.java:onNextImpl(251)) - s2@group-ED203BE14A97->s0-AppendLogResponseHandler: Request not found, ignoring reply: s2<-s0#1429:OK,SUCCESS,nextIndex:737,term:12,followerCommit:735
2019-09-24 17:35:14,225 WARN  server.GrpcLogAppender (GrpcLogAppender.java:timeoutAppendRequest(200)) - s2@group-ED203BE14A97->s0-GrpcLogAppender: appendEntries Timeout, request=s2->s0#1458-t12, previous=(t:12, i:737), leaderCommit=735, initializing? false, entries: <empty>
2019-09-24 17:35:14,226 WARN  server.GrpcLogAppender (GrpcLogAppender.java:timeoutAppendRequest(200)) - s2@group-ED203BE14A97->s1-GrpcLogAppender: appendEntries Timeout, request=s2->s1#1459-t12, previous=(t:12, i:737), leaderCommit=735, initializing? false, entries: <empty>
2019-09-24 17:35:14,240 WARN  server.GrpcLogAppender (GrpcLogAppender.java:onNextImpl(251)) - s2@group-ED203BE14A97->s1-AppendLogResponseHandler: Request not found, ignoring reply: s2<-s1#1430:OK,SUCCESS,nextIndex:737,term:12,followerCommit:735
2019-09-24 17:35:14,300 WARN  server.GrpcLogAppender (GrpcLogAppender.java:timeoutAppendRequest(200)) - s2@group-ED203BE14A97->s0-GrpcLogAppender: appendEntries Timeout, request=s2->s0#1459-t12, previous=(t:12, i:737), leaderCommit=735, initializing? false, entries: <empty>
2019-09-24 17:35:14,301 WARN  server.GrpcLogAppender (GrpcLogAppender.java:timeoutAppendRequest(200)) - s2@group-ED203BE14A97->s1-GrpcLogAppender: appendEntries Timeout, request=s2->s1#1460-t12, previous=(t:12, i:737), leaderCommit=735, initializing? false, entries: <empty>
2019-09-24 17:35:14,376 WARN  server.GrpcLogAppender (GrpcLogAppender.java:timeoutAppendRequest(200)) - s2@group-ED203BE14A97->s0-GrpcLogAppender: appendEntries Timeout, request=s2->s0#1460-t12, previous=(t:12, i:737), leaderCommit=735, initializing? false, entries: <empty>
2019-09-24 17:35:14,376 WARN  server.GrpcLogAppender (GrpcLogAppender.java:timeoutAppendRequest(200)) - s2@group-ED203BE14A97->s1-GrpcLogAppender: appendEntries Timeout, request=s2->s1#1461-t12, previous=(t:12, i:737), leaderCommit=735, initializing? false, entries: <empty>
2019-09-24 17:35:14,451 WARN  server.GrpcLogAppender (GrpcLogAppender.java:timeoutAppendRequest(200)) - s2@group-ED203BE14A97->s0-GrpcLogAppender: appendEntries Timeout, request=s2->s0#1461-t12, previous=(t:12, i:737), leaderCommit=735, initializing? false, entries: <empty>
2019-09-24 17:35:14,451 WARN  server.GrpcLogAppender (GrpcLogAppender.java:timeoutAppendRequest(200)) - s2@group-ED203BE14A97->s1-GrpcLogAppender: appendEntries Timeout, request=s2->s1#1462-t12, previous=(t:12, i:737), leaderCommit=735, initializing? false, entries: <empty>
2019-09-24 17:35:14,472 WARN  server.GrpcLogAppender (GrpcLogAppender.java:onNextImpl(251)) - s2@group-ED203BE14A97->s0-AppendLogResponseHandler: Request not found, ignoring reply: s2<-s0#1430:OK,SUCCESS,nextIndex:738,term:12,followerCommit:735
2019-09-24 17:35:14,473 WARN  server.GrpcLogAppender (GrpcLogAppender.java:onNextImpl(251)) - s2@group-ED203BE14A97->s0-AppendLogResponseHandler: Request not found, ignoring reply: s2<-s0#1431:OK,SUCCESS,nextIndex:738,term:12,followerCommit:735
2019-09-24 17:35:14,473 WARN  server.GrpcLogAppender (GrpcLogAppender.java:onNextImpl(251)) - s2@group-ED203BE14A97->s0-AppendLogResponseHandler: Request not found, ignoring reply: s2<-s0#1432:OK,SUCCESS,nextIndex:738,term:12,followerCommit:735
2019-09-24 17:35:14,474 WARN  server.GrpcLogAppender (GrpcLogAppender.java:onNextImpl(251)) - s2@group-ED203BE14A97->s0-AppendLogResponseHandler: Request not found, ignoring reply: s2<-s0#1433:OK,SUCCESS,nextIndex:738,term:12,followerCommit:735
2019-09-24 17:35:14,474 WARN  server.GrpcLogAppender (GrpcLogAppender.java:onNextImpl(251)) - s2@group-ED203BE14A97->s1-AppendLogResponseHandler: Request not found, ignoring reply: s2<-s1#1431:OK,SUCCESS,nextIndex:738,term:12,followerCommit:735
2019-09-24 17:35:14,474 WARN  server.GrpcLogAppender (GrpcLogAppender.java:onNextImpl(251)) - s2@group-ED203BE14A97->s0-AppendLogResponseHandler: Request not found, ignoring reply: s2<-s0#1434:OK,SUCCESS,nextIndex:738,term:12,followerCommit:735
2019-09-24 17:35:14,474 WARN  server.GrpcLogAppender (GrpcLogAppender.java:onNextImpl(251)) - s2@group-ED203BE14A97->s1-AppendLogResponseHandler: Request not found, ignoring reply: s2<-s1#1432:OK,SUCCESS,nextIndex:738,term:12,followerCommit:735
2019-09-24 17:35:14,474 WARN  server.GrpcLogAppender (GrpcLogAppender.java:onNextImpl(251)) - s2@group-ED203BE14A97->s0-AppendLogResponseHandler: Request not found, ignoring reply: s2<-s0#1435:OK,SUCCESS,nextIndex:738,term:12,followerCommit:735
2019-09-24 17:35:14,475 WARN  server.GrpcLogAppender (GrpcLogAppender.java:onNextImpl(251)) - s2@group-ED203BE14A97->s1-AppendLogResponseHandler: Request not found, ignoring reply: s2<-s1#1433:OK,SUCCESS,nextIndex:738,term:12,followerCommit:735
2019-09-24 17:35:14,475 WARN  server.GrpcLogAppender (GrpcLogAppender.java:onNextImpl(251)) - s2@group-ED203BE14A97->s0-AppendLogResponseHandler: Request not found, ignoring reply: s2<-s0#1436:OK,SUCCESS,nextIndex:738,term:12,followerCommit:735
2019-09-24 17:35:14,475 WARN  server.GrpcLogAppender (GrpcLogAppender.java:onNextImpl(251)) - s2@group-ED203BE14A97->s1-AppendLogResponseHandler: Request not found, ignoring reply: s2<-s1#1434:OK,SUCCESS,nextIndex:738,term:12,followerCommit:735
2019-09-24 17:35:14,475 WARN  server.GrpcLogAppender (GrpcLogAppender.java:onNextImpl(251)) - s2@group-ED203BE14A97->s0-AppendLogResponseHandler: Request not found, ignoring reply: s2<-s0#1437:OK,SUCCESS,nextIndex:738,term:12,followerCommit:735
2019-09-24 17:35:14,475 WARN  server.GrpcLogAppender (GrpcLogAppender.java:onNextImpl(251)) - s2@group-ED203BE14A97->s1-AppendLogResponseHandler: Request not found, ignoring reply: s2<-s1#1435:OK,SUCCESS,nextIndex:738,term:12,followerCommit:735
2019-09-24 17:35:14,476 WARN  server.GrpcLogAppender (GrpcLogAppender.java:onNextImpl(251)) - s2@group-ED203BE14A97->s0-AppendLogResponseHandler: Request not found, ignoring reply: s2<-s0#1438:OK,SUCCESS,nextIndex:738,term:12,followerCommit:735
2019-09-24 17:35:14,476 WARN  server.GrpcLogAppender (GrpcLogAppender.java:onNextImpl(251)) - s2@group-ED203BE14A97->s1-AppendLogResponseHandler: Request not found, ignoring reply: s2<-s1#1436:OK,SUCCESS,nextIndex:738,term:12,followerCommit:735
2019-09-24 17:35:14,476 WARN  server.GrpcLogAppender (GrpcLogAppender.java:onNextImpl(251)) - s2@group-ED203BE14A97->s0-AppendLogResponseHandler: Request not found, ignoring reply: s2<-s0#1439:OK,SUCCESS,nextIndex:738,term:12,followerCommit:735
2019-09-24 17:35:14,476 WARN  server.GrpcLogAppender (GrpcLogAppender.java:onNextImpl(251)) - s2@group-ED203BE14A97->s1-AppendLogResponseHandler: Request not found, ignoring reply: s2<-s1#1437:OK,SUCCESS,nextIndex:738,term:12,followerCommit:735
2019-09-24 17:35:14,477 WARN  server.GrpcLogAppender (GrpcLogAppender.java:onNextImpl(251)) - s2@group-ED203BE14A97->s0-AppendLogResponseHandler: Request not found, ignoring reply: s2<-s0#1440:OK,SUCCESS,nextIndex:738,term:12,followerCommit:735
2019-09-24 17:35:14,477 WARN  server.GrpcLogAppender (GrpcLogAppender.java:onNextImpl(251)) - s2@group-ED203BE14A97->s1-AppendLogResponseHandler: Request not found, ignoring reply: s2<-s1#1438:OK,SUCCESS,nextIndex:738,term:12,followerCommit:735
2019-09-24 17:35:14,477 WARN  server.GrpcLogAppender (GrpcLogAppender.java:onNextImpl(251)) - s2@group-ED203BE14A97->s0-AppendLogResponseHandler: Request not found, ignoring reply: s2<-s0#1441:OK,SUCCESS,nextIndex:738,term:12,followerCommit:735
2019-09-24 17:35:14,477 WARN  server.GrpcLogAppender (GrpcLogAppender.java:onNextImpl(251)) - s2@group-ED203BE14A97->s1-AppendLogResponseHandler: Request not found, ignoring reply: s2<-s1#1439:OK,SUCCESS,nextIndex:738,term:12,followerCommit:735
2019-09-24 17:35:14,477 WARN  server.GrpcLogAppender (GrpcLogAppender.java:onNextImpl(251)) - s2@group-ED203BE14A97->s0-AppendLogResponseHandler: Request not found, ignoring reply: s2<-s0#1442:OK,SUCCESS,nextIndex:738,term:12,followerCommit:735
2019-09-24 17:35:14,478 WARN  server.GrpcLogAppender (GrpcLogAppender.java:onNextImpl(251)) - s2@group-ED203BE14A97->s1-AppendLogResponseHandler: Request not found, ignoring reply: s2<-s1#1440:OK,SUCCESS,nextIndex:738,term:12,followerCommit:735
2019-09-24 17:35:14,478 WARN  server.GrpcLogAppender (GrpcLogAppender.java:onNextImpl(251)) - s2@group-ED203BE14A97->s0-AppendLogResponseHandler: Request not found, ignoring reply: s2<-s0#1443:OK,SUCCESS,nextIndex:738,term:12,followerCommit:735
2019-09-24 17:35:14,478 WARN  server.GrpcLogAppender (GrpcLogAppender.java:onNextImpl(251)) - s2@group-ED203BE14A97->s1-AppendLogResponseHandler: Request not found, ignoring reply: s2<-s1#1441:OK,SUCCESS,nextIndex:738,term:12,followerCommit:735
2019-09-24 17:35:14,478 WARN  server.GrpcLogAppender (GrpcLogAppender.java:onNextImpl(251)) - s2@group-ED203BE14A97->s0-AppendLogResponseHandler: Request not found, ignoring reply: s2<-s0#1444:OK,SUCCESS,nextIndex:738,term:12,followerCommit:735
2019-09-24 17:35:14,478 WARN  server.GrpcLogAppender (GrpcLogAppender.java:onNextImpl(251)) - s2@group-ED203BE14A97->s1-AppendLogResponseHandler: Request not found, ignoring reply: s2<-s1#1442:OK,SUCCESS,nextIndex:738,term:12,followerCommit:735
2019-09-24 17:35:14,479 WARN  server.GrpcLogAppender (GrpcLogAppender.java:onNextImpl(251)) - s2@group-ED203BE14A97->s0-AppendLogResponseHandler: Request not found, ignoring reply: s2<-s0#1445:OK,SUCCESS,nextIndex:738,term:12,followerCommit:735
2019-09-24 17:35:14,479 WARN  server.GrpcLogAppender (GrpcLogAppender.java:onNextImpl(251)) - s2@group-ED203BE14A97->s1-AppendLogResponseHandler: Request not found, ignoring reply: s2<-s1#1443:OK,SUCCESS,nextIndex:738,term:12,followerCommit:735
2019-09-24 17:35:14,479 WARN  server.GrpcLogAppender (GrpcLogAppender.java:onNextImpl(251)) - s2@group-ED203BE14A97->s0-AppendLogResponseHandler: Request not found, ignoring reply: s2<-s0#1446:OK,SUCCESS,nextIndex:738,term:12,followerCommit:735
2019-09-24 17:35:14,479 WARN  server.GrpcLogAppender (GrpcLogAppender.java:onNextImpl(251)) - s2@group-ED203BE14A97->s1-AppendLogResponseHandler: Request not found, ignoring reply: s2<-s1#1444:OK,SUCCESS,nextIndex:738,term:12,followerCommit:735
2019-09-24 17:35:14,480 WARN  server.GrpcLogAppender (GrpcLogAppender.java:onNextImpl(251)) - s2@group-ED203BE14A97->s0-AppendLogResponseHandler: Request not found, ignoring reply: s2<-s0#1447:OK,SUCCESS,nextIndex:738,term:12,followerCommit:735
2019-09-24 17:35:14,480 WARN  server.GrpcLogAppender (GrpcLogAppender.java:onNextImpl(251)) - s2@group-ED203BE14A97->s1-AppendLogResponseHandler: Request not found, ignoring reply: s2<-s1#1445:OK,SUCCESS,nextIndex:738,term:12,followerCommit:735
2019-09-24 17:35:14,480 WARN  server.GrpcLogAppender (GrpcLogAppender.java:onNextImpl(251)) - s2@group-ED203BE14A97->s0-AppendLogResponseHandler: Request not found, ignoring reply: s2<-s0#1448:OK,SUCCESS,nextIndex:738,term:12,followerCommit:735
2019-09-24 17:35:14,480 WARN  server.GrpcLogAppender (GrpcLogAppender.java:onNextImpl(251)) - s2@group-ED203BE14A97->s1-AppendLogResponseHandler: Request not found, ignoring reply: s2<-s1#1446:OK,SUCCESS,nextIndex:738,term:12,followerCommit:735
2019-09-24 17:35:14,480 WARN  server.GrpcLogAppender (GrpcLogAppender.java:onNextImpl(251)) - s2@group-ED203BE14A97->s0-AppendLogResponseHandler: Request not found, ignoring reply: s2<-s0#1449:OK,SUCCESS,nextIndex:738,term:12,followerCommit:735
2019-09-24 17:35:14,481 WARN  server.GrpcLogAppender (GrpcLogAppender.java:onNextImpl(251)) - s2@group-ED203BE14A97->s1-AppendLogResponseHandler: Request not found, ignoring reply: s2<-s1#1447:OK,SUCCESS,nextIndex:738,term:12,followerCommit:735
2019-09-24 17:35:14,481 WARN  server.GrpcLogAppender (GrpcLogAppender.java:onNextImpl(251)) - s2@group-ED203BE14A97->s0-AppendLogResponseHandler: Request not found, ignoring reply: s2<-s0#1450:OK,SUCCESS,nextIndex:738,term:12,followerCommit:735
2019-09-24 17:35:14,481 WARN  server.GrpcLogAppender (GrpcLogAppender.java:onNextImpl(251)) - s2@group-ED203BE14A97->s1-AppendLogResponseHandler: Request not found, ignoring reply: s2<-s1#1448:OK,SUCCESS,nextIndex:738,term:12,followerCommit:735
2019-09-24 17:35:14,481 WARN  server.GrpcLogAppender (GrpcLogAppender.java:onNextImpl(251)) - s2@group-ED203BE14A97->s0-AppendLogResponseHandler: Request not found, ignoring reply: s2<-s0#1451:OK,SUCCESS,nextIndex:738,term:12,followerCommit:735
2019-09-24 17:35:14,481 WARN  server.GrpcLogAppender (GrpcLogAppender.java:onNextImpl(251)) - s2@group-ED203BE14A97->s1-AppendLogResponseHandler: Request not found, ignoring reply: s2<-s1#1449:OK,SUCCESS,nextIndex:738,term:12,followerCommit:735
2019-09-24 17:35:14,482 WARN  server.GrpcLogAppender (GrpcLogAppender.java:onNextImpl(251)) - s2@group-ED203BE14A97->s0-AppendLogResponseHandler: Request not found, ignoring reply: s2<-s0#1452:OK,SUCCESS,nextIndex:738,term:12,followerCommit:735
2019-09-24 17:35:14,482 WARN  server.GrpcLogAppender (GrpcLogAppender.java:onNextImpl(251)) - s2@group-ED203BE14A97->s1-AppendLogResponseHandler: Request not found, ignoring reply: s2<-s1#1450:OK,SUCCESS,nextIndex:738,term:12,followerCommit:735
2019-09-24 17:35:14,482 WARN  server.GrpcLogAppender (GrpcLogAppender.java:onNextImpl(251)) - s2@group-ED203BE14A97->s0-AppendLogResponseHandler: Request not found, ignoring reply: s2<-s0#1453:OK,SUCCESS,nextIndex:738,term:12,followerCommit:735
2019-09-24 17:35:14,482 WARN  server.GrpcLogAppender (GrpcLogAppender.java:onNextImpl(251)) - s2@group-ED203BE14A97->s1-AppendLogResponseHandler: Request not found, ignoring reply: s2<-s1#1451:OK,SUCCESS,nextIndex:738,term:12,followerCommit:735
2019-09-24 17:35:14,483 WARN  server.GrpcLogAppender (GrpcLogAppender.java:onNextImpl(251)) - s2@group-ED203BE14A97->s0-AppendLogResponseHandler: Request not found, ignoring reply: s2<-s0#1454:OK,SUCCESS,nextIndex:738,term:12,followerCommit:735
2019-09-24 17:35:14,483 WARN  server.GrpcLogAppender (GrpcLogAppender.java:onNextImpl(251)) - s2@group-ED203BE14A97->s1-AppendLogResponseHandler: Request not found, ignoring reply: s2<-s1#1452:OK,SUCCESS,nextIndex:738,term:12,followerCommit:735
2019-09-24 17:35:14,483 WARN  server.GrpcLogAppender (GrpcLogAppender.java:onNextImpl(251)) - s2@group-ED203BE14A97->s0-AppendLogResponseHandler: Request not found, ignoring reply: s2<-s0#1455:OK,SUCCESS,nextIndex:738,term:12,followerCommit:735
2019-09-24 17:35:14,483 WARN  server.GrpcLogAppender (GrpcLogAppender.java:onNextImpl(251)) - s2@group-ED203BE14A97->s1-AppendLogResponseHandler: Request not found, ignoring reply: s2<-s1#1453:OK,SUCCESS,nextIndex:738,term:12,followerCommit:735
2019-09-24 17:35:14,483 WARN  server.GrpcLogAppender (GrpcLogAppender.java:onNextImpl(251)) - s2@group-ED203BE14A97->s0-AppendLogResponseHandler: Request not found, ignoring reply: s2<-s0#1456:OK,SUCCESS,nextIndex:738,term:12,followerCommit:735
2019-09-24 17:35:14,483 WARN  server.GrpcLogAppender (GrpcLogAppender.java:onNextImpl(251)) - s2@group-ED203BE14A97->s1-AppendLogResponseHandler: Request not found, ignoring reply: s2<-s1#1454:OK,SUCCESS,nextIndex:738,term:12,followerCommit:735
2019-09-24 17:35:14,484 WARN  server.GrpcLogAppender (GrpcLogAppender.java:onNextImpl(251)) - s2@group-ED203BE14A97->s0-AppendLogResponseHandler: Request not found, ignoring reply: s2<-s0#1457:OK,SUCCESS,nextIndex:738,term:12,followerCommit:735
2019-09-24 17:35:14,484 WARN  server.GrpcLogAppender (GrpcLogAppender.java:onNextImpl(251)) - s2@group-ED203BE14A97->s1-AppendLogResponseHandler: Request not found, ignoring reply: s2<-s1#1455:OK,SUCCESS,nextIndex:738,term:12,followerCommit:735
2019-09-24 17:35:14,484 WARN  server.GrpcLogAppender (GrpcLogAppender.java:onNextImpl(251)) - s2@group-ED203BE14A97->s0-AppendLogResponseHandler: Request not found, ignoring reply: s2<-s0#1458:OK,SUCCESS,nextIndex:738,term:12,followerCommit:735
2019-09-24 17:35:14,484 WARN  server.GrpcLogAppender (GrpcLogAppender.java:onNextImpl(251)) - s2@group-ED203BE14A97->s1-AppendLogResponseHandler: Request not found, ignoring reply: s2<-s1#1456:OK,SUCCESS,nextIndex:738,term:12,followerCommit:735
2019-09-24 17:35:14,484 WARN  server.GrpcLogAppender (GrpcLogAppender.java:onNextImpl(251)) - s2@group-ED203BE14A97->s0-AppendLogResponseHandler: Request not found, ignoring reply: s2<-s0#1459:OK,SUCCESS,nextIndex:738,term:12,followerCommit:735
2019-09-24 17:35:14,485 WARN  server.GrpcLogAppender (GrpcLogAppender.java:onNextImpl(251)) - s2@group-ED203BE14A97->s1-AppendLogResponseHandler: Request not found, ignoring reply: s2<-s1#1457:OK,SUCCESS,nextIndex:738,term:12,followerCommit:735
2019-09-24 17:35:14,485 WARN  server.GrpcLogAppender (GrpcLogAppender.java:onNextImpl(251)) - s2@group-ED203BE14A97->s0-AppendLogResponseHandler: Request not found, ignoring reply: s2<-s0#1460:OK,SUCCESS,nextIndex:738,term:12,followerCommit:735
2019-09-24 17:35:14,485 WARN  server.GrpcLogAppender (GrpcLogAppender.java:onNextImpl(251)) - s2@group-ED203BE14A97->s1-AppendLogResponseHandler: Request not found, ignoring reply: s2<-s1#1458:OK,SUCCESS,nextIndex:738,term:12,followerCommit:735
2019-09-24 17:35:14,485 WARN  server.GrpcLogAppender (GrpcLogAppender.java:onNextImpl(251)) - s2@group-ED203BE14A97->s0-AppendLogResponseHandler: Request not found, ignoring reply: s2<-s0#1461:OK,SUCCESS,nextIndex:738,term:12,followerCommit:735
2019-09-24 17:35:14,485 WARN  server.GrpcLogAppender (GrpcLogAppender.java:onNextImpl(251)) - s2@group-ED203BE14A97->s1-AppendLogResponseHandler: Request not found, ignoring reply: s2<-s1#1459:OK,SUCCESS,nextIndex:738,term:12,followerCommit:735
2019-09-24 17:35:14,486 WARN  server.GrpcLogAppender (GrpcLogAppender.java:onNextImpl(251)) - s2@group-ED203BE14A97->s1-AppendLogResponseHandler: Request not found, ignoring reply: s2<-s1#1460:OK,SUCCESS,nextIndex:738,term:12,followerCommit:735
2019-09-24 17:35:14,486 WARN  server.GrpcLogAppender (GrpcLogAppender.java:onNextImpl(251)) - s2@group-ED203BE14A97->s1-AppendLogResponseHandler: Request not found, ignoring reply: s2<-s1#1461:OK,SUCCESS,nextIndex:738,term:12,followerCommit:735
2019-09-24 17:35:14,486 WARN  server.GrpcLogAppender (GrpcLogAppender.java:onNextImpl(251)) - s2@group-ED203BE14A97->s1-AppendLogResponseHandler: Request not found, ignoring reply: s2<-s1#1462:OK,SUCCESS,nextIndex:738,term:12,followerCommit:735
2019-09-24 17:35:18,875 WARN  server.GrpcLogAppender (GrpcLogAppender.java:timeoutAppendRequest(200)) - s2@group-ED203BE14A97->s0-GrpcLogAppender: appendEntries Timeout, request=s2->s0#1603-t12, previous=(t:12, i:834), leaderCommit=833, initializing? false, entries: size=1, first=(t:12, i:835), STATEMACHINELOGENTRY, client-236938EB08E4, cid=417
2019-09-24 17:35:18,875 WARN  server.GrpcLogAppender (GrpcLogAppender.java:timeoutAppendRequest(200)) - s2@group-ED203BE14A97->s1-GrpcLogAppender: appendEntries Timeout, request=s2->s1#1604-t12, previous=(t:12, i:834), leaderCommit=833, initializing? false, entries: size=1, first=(t:12, i:835), STATEMACHINELOGENTRY, client-236938EB08E4, cid=417
2019-09-24 17:35:18,961 WARN  server.GrpcLogAppender (GrpcLogAppender.java:timeoutAppendRequest(200)) - s2@group-ED203BE14A97->s0-GrpcLogAppender: appendEntries Timeout, request=s2->s0#1604-t12, previous=(t:12, i:835), leaderCommit=834, initializing? false, entries: <empty>
2019-09-24 17:35:18,961 WARN  server.GrpcLogAppender (GrpcLogAppender.java:timeoutAppendRequest(200)) - s2@group-ED203BE14A97->s1-GrpcLogAppender: appendEntries Timeout, request=s2->s1#1605-t12, previous=(t:12, i:835), leaderCommit=834, initializing? false, entries: <empty>
2019-09-24 17:35:19,036 WARN  server.GrpcLogAppender (GrpcLogAppender.java:timeoutAppendRequest(200)) - s2@group-ED203BE14A97->s0-GrpcLogAppender: appendEntries Timeout, request=s2->s0#1605-t12, previous=(t:12, i:835), leaderCommit=834, initializing? false, entries: <empty>
2019-09-24 17:35:19,037 WARN  server.GrpcLogAppender (GrpcLogAppender.java:timeoutAppendRequest(200)) - s2@group-ED203BE14A97->s1-GrpcLogAppender: appendEntries Timeout, request=s2->s1#1606-t12, previous=(t:12, i:835), leaderCommit=834, initializing? false, entries: <empty>
2019-09-24 17:35:19,112 WARN  server.GrpcLogAppender (GrpcLogAppender.java:timeoutAppendRequest(200)) - s2@group-ED203BE14A97->s0-GrpcLogAppender: appendEntries Timeout, request=s2->s0#1606-t12, previous=(t:12, i:835), leaderCommit=834, initializing? false, entries: <empty>
2019-09-24 17:35:19,112 WARN  server.GrpcLogAppender (GrpcLogAppender.java:timeoutAppendRequest(200)) - s2@group-ED203BE14A97->s1-GrpcLogAppender: appendEntries Timeout, request=s2->s1#1607-t12, previous=(t:12, i:835), leaderCommit=834, initializing? false, entries: <empty>
2019-09-24 17:35:19,187 WARN  server.GrpcLogAppender (GrpcLogAppender.java:timeoutAppendRequest(200)) - s2@group-ED203BE14A97->s0-GrpcLogAppender: appendEntries Timeout, request=s2->s0#1607-t12, previous=(t:12, i:835), leaderCommit=834, initializing? false, entries: <empty>
2019-09-24 17:35:19,187 WARN  server.GrpcLogAppender (GrpcLogAppender.java:timeoutAppendRequest(200)) - s2@group-ED203BE14A97->s1-GrpcLogAppender: appendEntries Timeout, request=s2->s1#1608-t12, previous=(t:12, i:835), leaderCommit=834, initializing? false, entries: <empty>
2019-09-24 17:35:19,262 WARN  server.GrpcLogAppender (GrpcLogAppender.java:timeoutAppendRequest(200)) - s2@group-ED203BE14A97->s0-GrpcLogAppender: appendEntries Timeout, request=s2->s0#1608-t12, previous=(t:12, i:835), leaderCommit=834, initializing? false, entries: <empty>
2019-09-24 17:35:19,262 WARN  server.GrpcLogAppender (GrpcLogAppender.java:timeoutAppendRequest(200)) - s2@group-ED203BE14A97->s1-GrpcLogAppender: appendEntries Timeout, request=s2->s1#1609-t12, previous=(t:12, i:835), leaderCommit=834, initializing? false, entries: <empty>
2019-09-24 17:35:19,337 WARN  server.GrpcLogAppender (GrpcLogAppender.java:timeoutAppendRequest(200)) - s2@group-ED203BE14A97->s0-GrpcLogAppender: appendEntries Timeout, request=s2->s0#1609-t12, previous=(t:12, i:835), leaderCommit=834, initializing? false, entries: <empty>
2019-09-24 17:35:19,338 WARN  server.GrpcLogAppender (GrpcLogAppender.java:timeoutAppendRequest(200)) - s2@group-ED203BE14A97->s1-GrpcLogAppender: appendEntries Timeout, request=s2->s1#1610-t12, previous=(t:12, i:835), leaderCommit=834, initializing? false, entries: <empty>
2019-09-24 17:35:19,412 WARN  server.GrpcLogAppender (GrpcLogAppender.java:timeoutAppendRequest(200)) - s2@group-ED203BE14A97->s0-GrpcLogAppender: appendEntries Timeout, request=s2->s0#1610-t12, previous=(t:12, i:835), leaderCommit=834, initializing? false, entries: <empty>
2019-09-24 17:35:19,413 WARN  server.GrpcLogAppender (GrpcLogAppender.java:timeoutAppendRequest(200)) - s2@group-ED203BE14A97->s1-GrpcLogAppender: appendEntries Timeout, request=s2->s1#1611-t12, previous=(t:12, i:835), leaderCommit=834, initializing? false, entries: <empty>
2019-09-24 17:35:19,488 WARN  server.GrpcLogAppender (GrpcLogAppender.java:timeoutAppendRequest(200)) - s2@group-ED203BE14A97->s0-GrpcLogAppender: appendEntries Timeout, request=s2->s0#1611-t12, previous=(t:12, i:835), leaderCommit=834, initializing? false, entries: <empty>
2019-09-24 17:35:19,488 WARN  server.GrpcLogAppender (GrpcLogAppender.java:timeoutAppendRequest(200)) - s2@group-ED203BE14A97->s1-GrpcLogAppender: appendEntries Timeout, request=s2->s1#1612-t12, previous=(t:12, i:835), leaderCommit=834, initializing? false, entries: <empty>
2019-09-24 17:35:19,563 WARN  server.GrpcLogAppender (GrpcLogAppender.java:timeoutAppendRequest(200)) - s2@group-ED203BE14A97->s0-GrpcLogAppender: appendEntries Timeout, request=s2->s0#1612-t12, previous=(t:12, i:835), leaderCommit=834, initializing? false, entries: <empty>
2019-09-24 17:35:19,563 WARN  server.GrpcLogAppender (GrpcLogAppender.java:timeoutAppendRequest(200)) - s2@group-ED203BE14A97->s1-GrpcLogAppender: appendEntries Timeout, request=s2->s1#1613-t12, previous=(t:12, i:835), leaderCommit=834, initializing? false, entries: <empty>
2019-09-24 17:35:19,638 WARN  server.GrpcLogAppender (GrpcLogAppender.java:timeoutAppendRequest(200)) - s2@group-ED203BE14A97->s0-GrpcLogAppender: appendEntries Timeout, request=s2->s0#1613-t12, previous=(t:12, i:835), leaderCommit=834, initializing? false, entries: <empty>
2019-09-24 17:35:19,638 WARN  server.GrpcLogAppender (GrpcLogAppender.java:timeoutAppendRequest(200)) - s2@group-ED203BE14A97->s1-GrpcLogAppender: appendEntries Timeout, request=s2->s1#1614-t12, previous=(t:12, i:835), leaderCommit=834, initializing? false, entries: <empty>
2019-09-24 17:35:19,713 WARN  server.GrpcLogAppender (GrpcLogAppender.java:timeoutAppendRequest(200)) - s2@group-ED203BE14A97->s0-GrpcLogAppender: appendEntries Timeout, request=s2->s0#1614-t12, previous=(t:12, i:835), leaderCommit=834, initializing? false, entries: <empty>
2019-09-24 17:35:19,714 WARN  server.GrpcLogAppender (GrpcLogAppender.java:timeoutAppendRequest(200)) - s2@group-ED203BE14A97->s1-GrpcLogAppender: appendEntries Timeout, request=s2->s1#1615-t12, previous=(t:12, i:835), leaderCommit=834, initializing? false, entries: <empty>
2019-09-24 17:35:19,789 WARN  server.GrpcLogAppender (GrpcLogAppender.java:timeoutAppendRequest(200)) - s2@group-ED203BE14A97->s0-GrpcLogAppender: appendEntries Timeout, request=s2->s0#1615-t12, previous=(t:12, i:835), leaderCommit=834, initializing? false, entries: <empty>
2019-09-24 17:35:19,789 WARN  server.GrpcLogAppender (GrpcLogAppender.java:timeoutAppendRequest(200)) - s2@group-ED203BE14A97->s1-GrpcLogAppender: appendEntries Timeout, request=s2->s1#1616-t12, previous=(t:12, i:835), leaderCommit=834, initializing? false, entries: <empty>
2019-09-24 17:35:19,864 WARN  server.GrpcLogAppender (GrpcLogAppender.java:timeoutAppendRequest(200)) - s2@group-ED203BE14A97->s0-GrpcLogAppender: appendEntries Timeout, request=s2->s0#1616-t12, previous=(t:12, i:835), leaderCommit=834, initializing? false, entries: <empty>
2019-09-24 17:35:19,864 WARN  server.GrpcLogAppender (GrpcLogAppender.java:timeoutAppendRequest(200)) - s2@group-ED203BE14A97->s1-GrpcLogAppender: appendEntries Timeout, request=s2->s1#1617-t12, previous=(t:12, i:835), leaderCommit=834, initializing? false, entries: <empty>
2019-09-24 17:35:19,939 WARN  server.GrpcLogAppender (GrpcLogAppender.java:timeoutAppendRequest(200)) - s2@group-ED203BE14A97->s0-GrpcLogAppender: appendEntries Timeout, request=s2->s0#1617-t12, previous=(t:12, i:835), leaderCommit=834, initializing? false, entries: <empty>
2019-09-24 17:35:19,939 WARN  server.GrpcLogAppender (GrpcLogAppender.java:timeoutAppendRequest(200)) - s2@group-ED203BE14A97->s1-GrpcLogAppender: appendEntries Timeout, request=s2->s1#1618-t12, previous=(t:12, i:835), leaderCommit=834, initializing? false, entries: <empty>
2019-09-24 17:35:20,014 WARN  server.GrpcLogAppender (GrpcLogAppender.java:timeoutAppendRequest(200)) - s2@group-ED203BE14A97->s0-GrpcLogAppender: appendEntries Timeout, request=s2->s0#1618-t12, previous=(t:12, i:835), leaderCommit=834, initializing? false, entries: <empty>
2019-09-24 17:35:20,014 WARN  server.GrpcLogAppender (GrpcLogAppender.java:timeoutAppendRequest(200)) - s2@group-ED203BE14A97->s1-GrpcLogAppender: appendEntries Timeout, request=s2->s1#1619-t12, previous=(t:12, i:835), leaderCommit=834, initializing? false, entries: <empty>
2019-09-24 17:35:20,090 WARN  server.GrpcLogAppender (GrpcLogAppender.java:timeoutAppendRequest(200)) - s2@group-ED203BE14A97->s0-GrpcLogAppender: appendEntries Timeout, request=s2->s0#1619-t12, previous=(t:12, i:835), leaderCommit=834, initializing? false, entries: <empty>
2019-09-24 17:35:20,090 WARN  server.GrpcLogAppender (GrpcLogAppender.java:timeoutAppendRequest(200)) - s2@group-ED203BE14A97->s1-GrpcLogAppender: appendEntries Timeout, request=s2->s1#1620-t12, previous=(t:12, i:835), leaderCommit=834, initializing? false, entries: <empty>
2019-09-24 17:35:20,165 WARN  server.GrpcLogAppender (GrpcLogAppender.java:timeoutAppendRequest(200)) - s2@group-ED203BE14A97->s0-GrpcLogAppender: appendEntries Timeout, request=s2->s0#1620-t12, previous=(t:12, i:835), leaderCommit=834, initializing? false, entries: <empty>
2019-09-24 17:35:20,165 WARN  server.GrpcLogAppender (GrpcLogAppender.java:timeoutAppendRequest(200)) - s2@group-ED203BE14A97->s1-GrpcLogAppender: appendEntries Timeout, request=s2->s1#1621-t12, previous=(t:12, i:835), leaderCommit=834, initializing? false, entries: <empty>
2019-09-24 17:35:20,240 WARN  server.GrpcLogAppender (GrpcLogAppender.java:timeoutAppendRequest(200)) - s2@group-ED203BE14A97->s0-GrpcLogAppender: appendEntries Timeout, request=s2->s0#1621-t12, previous=(t:12, i:835), leaderCommit=834, initializing? false, entries: <empty>
2019-09-24 17:35:20,240 WARN  server.GrpcLogAppender (GrpcLogAppender.java:timeoutAppendRequest(200)) - s2@group-ED203BE14A97->s1-GrpcLogAppender: appendEntries Timeout, request=s2->s1#1622-t12, previous=(t:12, i:835), leaderCommit=834, initializing? false, entries: <empty>
2019-09-24 17:35:20,315 WARN  server.GrpcLogAppender (GrpcLogAppender.java:timeoutAppendRequest(200)) - s2@group-ED203BE14A97->s0-GrpcLogAppender: appendEntries Timeout, request=s2->s0#1622-t12, previous=(t:12, i:835), leaderCommit=834, initializing? false, entries: <empty>
2019-09-24 17:35:20,315 WARN  server.GrpcLogAppender (GrpcLogAppender.java:timeoutAppendRequest(200)) - s2@group-ED203BE14A97->s1-GrpcLogAppender: appendEntries Timeout, request=s2->s1#1623-t12, previous=(t:12, i:835), leaderCommit=834, initializing? false, entries: <empty>
2019-09-24 17:35:20,391 WARN  server.GrpcLogAppender (GrpcLogAppender.java:timeoutAppendRequest(200)) - s2@group-ED203BE14A97->s0-GrpcLogAppender: appendEntries Timeout, request=s2->s0#1623-t12, previous=(t:12, i:835), leaderCommit=834, initializing? false, entries: <empty>
2019-09-24 17:35:20,391 WARN  server.GrpcLogAppender (GrpcLogAppender.java:timeoutAppendRequest(200)) - s2@group-ED203BE14A97->s1-GrpcLogAppender: appendEntries Timeout, request=s2->s1#1624-t12, previous=(t:12, i:835), leaderCommit=834, initializing? false, entries: <empty>
2019-09-24 17:35:20,466 WARN  server.GrpcLogAppender (GrpcLogAppender.java:timeoutAppendRequest(200)) - s2@group-ED203BE14A97->s0-GrpcLogAppender: appendEntries Timeout, request=s2->s0#1624-t12, previous=(t:12, i:835), leaderCommit=834, initializing? false, entries: <empty>
2019-09-24 17:35:20,466 WARN  server.GrpcLogAppender (GrpcLogAppender.java:timeoutAppendRequest(200)) - s2@group-ED203BE14A97->s1-GrpcLogAppender: appendEntries Timeout, request=s2->s1#1625-t12, previous=(t:12, i:835), leaderCommit=834, initializing? false, entries: <empty>
2019-09-24 17:35:20,541 WARN  server.GrpcLogAppender (GrpcLogAppender.java:timeoutAppendRequest(200)) - s2@group-ED203BE14A97->s0-GrpcLogAppender: appendEntries Timeout, request=s2->s0#1625-t12, previous=(t:12, i:835), leaderCommit=834, initializing? false, entries: <empty>
2019-09-24 17:35:20,541 WARN  server.GrpcLogAppender (GrpcLogAppender.java:timeoutAppendRequest(200)) - s2@group-ED203BE14A97->s1-GrpcLogAppender: appendEntries Timeout, request=s2->s1#1626-t12, previous=(t:12, i:835), leaderCommit=834, initializing? false, entries: <empty>
2019-09-24 17:35:20,616 WARN  server.GrpcLogAppender (GrpcLogAppender.java:timeoutAppendRequest(200)) - s2@group-ED203BE14A97->s0-GrpcLogAppender: appendEntries Timeout, request=s2->s0#1626-t12, previous=(t:12, i:835), leaderCommit=834, initializing? false, entries: <empty>
2019-09-24 17:35:20,616 WARN  server.GrpcLogAppender (GrpcLogAppender.java:timeoutAppendRequest(200)) - s2@group-ED203BE14A97->s1-GrpcLogAppender: appendEntries Timeout, request=s2->s1#1627-t12, previous=(t:12, i:835), leaderCommit=834, initializing? false, entries: <empty>
2019-09-24 17:35:20,691 WARN  server.GrpcLogAppender (GrpcLogAppender.java:timeoutAppendRequest(200)) - s2@group-ED203BE14A97->s0-GrpcLogAppender: appendEntries Timeout, request=s2->s0#1627-t12, previous=(t:12, i:835), leaderCommit=834, initializing? false, entries: <empty>
2019-09-24 17:35:20,691 WARN  server.GrpcLogAppender (GrpcLogAppender.java:timeoutAppendRequest(200)) - s2@group-ED203BE14A97->s1-GrpcLogAppender: appendEntries Timeout, request=s2->s1#1628-t12, previous=(t:12, i:835), leaderCommit=834, initializing? false, entries: <empty>
2019-09-24 17:35:20,767 WARN  server.GrpcLogAppender (GrpcLogAppender.java:timeoutAppendRequest(200)) - s2@group-ED203BE14A97->s0-GrpcLogAppender: appendEntries Timeout, request=s2->s0#1628-t12, previous=(t:12, i:835), leaderCommit=834, initializing? false, entries: <empty>
2019-09-24 17:35:20,767 WARN  server.GrpcLogAppender (GrpcLogAppender.java:timeoutAppendRequest(200)) - s2@group-ED203BE14A97->s1-GrpcLogAppender: appendEntries Timeout, request=s2->s1#1629-t12, previous=(t:12, i:835), leaderCommit=834, initializing? false, entries: <empty>
2019-09-24 17:35:20,842 WARN  server.GrpcLogAppender (GrpcLogAppender.java:timeoutAppendRequest(200)) - s2@group-ED203BE14A97->s1-GrpcLogAppender: appendEntries Timeout, request=s2->s1#1630-t12, previous=(t:12, i:835), leaderCommit=834, initializing? false, entries: <empty>
2019-09-24 17:35:20,842 WARN  server.GrpcLogAppender (GrpcLogAppender.java:timeoutAppendRequest(200)) - s2@group-ED203BE14A97->s0-GrpcLogAppender: appendEntries Timeout, request=s2->s0#1629-t12, previous=(t:12, i:835), leaderCommit=834, initializing? false, entries: <empty>
2019-09-24 17:35:20,917 WARN  server.GrpcLogAppender (GrpcLogAppender.java:timeoutAppendRequest(200)) - s2@group-ED203BE14A97->s1-GrpcLogAppender: appendEntries Timeout, request=s2->s1#1631-t12, previous=(t:12, i:835), leaderCommit=834, initializing? false, entries: <empty>
2019-09-24 17:35:20,917 WARN  server.GrpcLogAppender (GrpcLogAppender.java:timeoutAppendRequest(200)) - s2@group-ED203BE14A97->s0-GrpcLogAppender: appendEntries Timeout, request=s2->s0#1630-t12, previous=(t:12, i:835), leaderCommit=834, initializing? false, entries: <empty>
2019-09-24 17:35:20,992 WARN  server.GrpcLogAppender (GrpcLogAppender.java:timeoutAppendRequest(200)) - s2@group-ED203BE14A97->s1-GrpcLogAppender: appendEntries Timeout, request=s2->s1#1632-t12, previous=(t:12, i:835), leaderCommit=834, initializing? false, entries: <empty>
2019-09-24 17:35:20,992 WARN  server.GrpcLogAppender (GrpcLogAppender.java:timeoutAppendRequest(200)) - s2@group-ED203BE14A97->s0-GrpcLogAppender: appendEntries Timeout, request=s2->s0#1631-t12, previous=(t:12, i:835), leaderCommit=834, initializing? false, entries: <empty>
2019-09-24 17:35:21,067 WARN  server.GrpcLogAppender (GrpcLogAppender.java:timeoutAppendRequest(200)) - s2@group-ED203BE14A97->s1-GrpcLogAppender: appendEntries Timeout, request=s2->s1#1633-t12, previous=(t:12, i:835), leaderCommit=834, initializing? false, entries: <empty>
2019-09-24 17:35:21,067 WARN  server.GrpcLogAppender (GrpcLogAppender.java:timeoutAppendRequest(200)) - s2@group-ED203BE14A97->s0-GrpcLogAppender: appendEntries Timeout, request=s2->s0#1632-t12, previous=(t:12, i:835), leaderCommit=834, initializing? false, entries: <empty>
2019-09-24 17:35:21,143 WARN  server.GrpcLogAppender (GrpcLogAppender.java:timeoutAppendRequest(200)) - s2@group-ED203BE14A97->s0-GrpcLogAppender: appendEntries Timeout, request=s2->s0#1633-t12, previous=(t:12, i:835), leaderCommit=834, initializing? false, entries: <empty>
2019-09-24 17:35:21,143 WARN  server.GrpcLogAppender (GrpcLogAppender.java:timeoutAppendRequest(200)) - s2@group-ED203BE14A97->s1-GrpcLogAppender: appendEntries Timeout, request=s2->s1#1634-t12, previous=(t:12, i:835), leaderCommit=834, initializing? false, entries: <empty>
2019-09-24 17:35:21,201 WARN  server.GrpcLogAppender (GrpcLogAppender.java:onNextImpl(251)) - s2@group-ED203BE14A97->s0-AppendLogResponseHandler: Request not found, ignoring reply: s2<-s0#1603:OK,SUCCESS,nextIndex:836,term:12,followerCommit:834
2019-09-24 17:35:21,201 WARN  server.GrpcLogAppender (GrpcLogAppender.java:onNextImpl(251)) - s2@group-ED203BE14A97->s1-AppendLogResponseHandler: Request not found, ignoring reply: s2<-s1#1604:OK,SUCCESS,nextIndex:836,term:12,followerCommit:834
2019-09-24 17:35:21,201 WARN  server.GrpcLogAppender (GrpcLogAppender.java:onNextImpl(251)) - s2@group-ED203BE14A97->s0-AppendLogResponseHandler: Request not found, ignoring reply: s2<-s0#1604:OK,SUCCESS,nextIndex:836,term:12,followerCommit:834
2019-09-24 17:35:21,202 WARN  server.GrpcLogAppender (GrpcLogAppender.java:onNextImpl(251)) - s2@group-ED203BE14A97->s1-AppendLogResponseHandler: Request not found, ignoring reply: s2<-s1#1605:OK,SUCCESS,nextIndex:836,term:12,followerCommit:834
2019-09-24 17:35:21,202 WARN  server.GrpcLogAppender (GrpcLogAppender.java:onNextImpl(251)) - s2@group-ED203BE14A97->s0-AppendLogResponseHandler: Request not found, ignoring reply: s2<-s0#1605:OK,SUCCESS,nextIndex:836,term:12,followerCommit:834
2019-09-24 17:35:21,202 WARN  server.GrpcLogAppender (GrpcLogAppender.java:onNextImpl(251)) - s2@group-ED203BE14A97->s1-AppendLogResponseHandler: Request not found, ignoring reply: s2<-s1#1606:OK,SUCCESS,nextIndex:836,term:12,followerCommit:834
2019-09-24 17:35:21,202 WARN  server.GrpcLogAppender (GrpcLogAppender.java:onNextImpl(251)) - s2@group-ED203BE14A97->s0-AppendLogResponseHandler: Request not found, ignoring reply: s2<-s0#1606:OK,SUCCESS,nextIndex:836,term:12,followerCommit:834
2019-09-24 17:35:21,202 WARN  server.GrpcLogAppender (GrpcLogAppender.java:onNextImpl(251)) - s2@group-ED203BE14A97->s1-AppendLogResponseHandler: Request not found, ignoring reply: s2<-s1#1607:OK,SUCCESS,nextIndex:836,term:12,followerCommit:834
2019-09-24 17:35:21,202 WARN  server.GrpcLogAppender (GrpcLogAppender.java:onNextImpl(251)) - s2@group-ED203BE14A97->s0-AppendLogResponseHandler: Request not found, ignoring reply: s2<-s0#1607:OK,SUCCESS,nextIndex:836,term:12,followerCommit:834
2019-09-24 17:35:21,203 WARN  server.GrpcLogAppender (GrpcLogAppender.java:onNextImpl(251)) - s2@group-ED203BE14A97->s1-AppendLogResponseHandler: Request not found, ignoring reply: s2<-s1#1608:OK,SUCCESS,nextIndex:836,term:12,followerCommit:834
2019-09-24 17:35:21,203 WARN  server.GrpcLogAppender (GrpcLogAppender.java:onNextImpl(251)) - s2@group-ED203BE14A97->s0-AppendLogResponseHandler: Request not found, ignoring reply: s2<-s0#1608:OK,SUCCESS,nextIndex:836,term:12,followerCommit:834
2019-09-24 17:35:21,203 WARN  server.GrpcLogAppender (GrpcLogAppender.java:onNextImpl(251)) - s2@group-ED203BE14A97->s1-AppendLogResponseHandler: Request not found, ignoring reply: s2<-s1#1609:OK,SUCCESS,nextIndex:836,term:12,followerCommit:834
2019-09-24 17:35:21,203 WARN  server.GrpcLogAppender (GrpcLogAppender.java:onNextImpl(251)) - s2@group-ED203BE14A97->s0-AppendLogResponseHandler: Request not found, ignoring reply: s2<-s0#1609:OK,SUCCESS,nextIndex:836,term:12,followerCommit:834
2019-09-24 17:35:21,203 WARN  server.GrpcLogAppender (GrpcLogAppender.java:onNextImpl(251)) - s2@group-ED203BE14A97->s1-AppendLogResponseHandler: Request not found, ignoring reply: s2<-s1#1610:OK,SUCCESS,nextIndex:836,term:12,followerCommit:834
2019-09-24 17:35:21,204 WARN  server.GrpcLogAppender (GrpcLogAppender.java:onNextImpl(251)) - s2@group-ED203BE14A97->s0-AppendLogResponseHandler: Request not found, ignoring reply: s2<-s0#1610:OK,SUCCESS,nextIndex:836,term:12,followerCommit:834
2019-09-24 17:35:21,204 WARN  server.GrpcLogAppender (GrpcLogAppender.java:onNextImpl(251)) - s2@group-ED203BE14A97->s1-AppendLogResponseHandler: Request not found, ignoring reply: s2<-s1#1611:OK,SUCCESS,nextIndex:836,term:12,followerCommit:834
2019-09-24 17:35:21,204 WARN  server.GrpcLogAppender (GrpcLogAppender.java:onNextImpl(251)) - s2@group-ED203BE14A97->s0-AppendLogResponseHandler: Request not found, ignoring reply: s2<-s0#1611:OK,SUCCESS,nextIndex:836,term:12,followerCommit:834
2019-09-24 17:35:21,204 WARN  server.GrpcLogAppender (GrpcLogAppender.java:onNextImpl(251)) - s2@group-ED203BE14A97->s1-AppendLogResponseHandler: Request not found, ignoring reply: s2<-s1#1612:OK,SUCCESS,nextIndex:836,term:12,followerCommit:834
2019-09-24 17:35:21,204 WARN  server.GrpcLogAppender (GrpcLogAppender.java:onNextImpl(251)) - s2@group-ED203BE14A97->s0-AppendLogResponseHandler: Request not found, ignoring reply: s2<-s0#1612:OK,SUCCESS,nextIndex:836,term:12,followerCommit:834
2019-09-24 17:35:21,204 WARN  server.GrpcLogAppender (GrpcLogAppender.java:onNextImpl(251)) - s2@group-ED203BE14A97->s1-AppendLogResponseHandler: Request not found, ignoring reply: s2<-s1#1613:OK,SUCCESS,nextIndex:836,term:12,followerCommit:834
2019-09-24 17:35:21,205 WARN  server.GrpcLogAppender (GrpcLogAppender.java:onNextImpl(251)) - s2@group-ED203BE14A97->s0-AppendLogResponseHandler: Request not found, ignoring reply: s2<-s0#1613:OK,SUCCESS,nextIndex:836,term:12,followerCommit:834
2019-09-24 17:35:21,205 WARN  server.GrpcLogAppender (GrpcLogAppender.java:onNextImpl(251)) - s2@group-ED203BE14A97->s1-AppendLogResponseHandler: Request not found, ignoring reply: s2<-s1#1614:OK,SUCCESS,nextIndex:836,term:12,followerCommit:834
2019-09-24 17:35:21,205 WARN  server.GrpcLogAppender (GrpcLogAppender.java:onNextImpl(251)) - s2@group-ED203BE14A97->s0-AppendLogResponseHandler: Request not found, ignoring reply: s2<-s0#1614:OK,SUCCESS,nextIndex:836,term:12,followerCommit:834
2019-09-24 17:35:21,205 WARN  server.GrpcLogAppender (GrpcLogAppender.java:onNextImpl(251)) - s2@group-ED203BE14A97->s1-AppendLogResponseHandler: Request not found, ignoring reply: s2<-s1#1615:OK,SUCCESS,nextIndex:836,term:12,followerCommit:834
2019-09-24 17:35:21,205 WARN  server.GrpcLogAppender (GrpcLogAppender.java:onNextImpl(251)) - s2@group-ED203BE14A97->s0-AppendLogResponseHandler: Request not found, ignoring reply: s2<-s0#1615:OK,SUCCESS,nextIndex:836,term:12,followerCommit:834
2019-09-24 17:35:21,205 WARN  server.GrpcLogAppender (GrpcLogAppender.java:onNextImpl(251)) - s2@group-ED203BE14A97->s1-AppendLogResponseHandler: Request not found, ignoring reply: s2<-s1#1616:OK,SUCCESS,nextIndex:836,term:12,followerCommit:834
2019-09-24 17:35:21,206 WARN  server.GrpcLogAppender (GrpcLogAppender.java:onNextImpl(251)) - s2@group-ED203BE14A97->s0-AppendLogResponseHandler: Request not found, ignoring reply: s2<-s0#1616:OK,SUCCESS,nextIndex:836,term:12,followerCommit:834
2019-09-24 17:35:21,206 WARN  server.GrpcLogAppender (GrpcLogAppender.java:onNextImpl(251)) - s2@group-ED203BE14A97->s1-AppendLogResponseHandler: Request not found, ignoring reply: s2<-s1#1617:OK,SUCCESS,nextIndex:836,term:12,followerCommit:834
2019-09-24 17:35:21,206 WARN  server.GrpcLogAppender (GrpcLogAppender.java:onNextImpl(251)) - s2@group-ED203BE14A97->s0-AppendLogResponseHandler: Request not found, ignoring reply: s2<-s0#1617:OK,SUCCESS,nextIndex:836,term:12,followerCommit:834
2019-09-24 17:35:21,206 WARN  server.GrpcLogAppender (GrpcLogAppender.java:onNextImpl(251)) - s2@group-ED203BE14A97->s1-AppendLogResponseHandler: Request not found, ignoring reply: s2<-s1#1618:OK,SUCCESS,nextIndex:836,term:12,followerCommit:834
2019-09-24 17:35:21,206 WARN  server.GrpcLogAppender (GrpcLogAppender.java:onNextImpl(251)) - s2@group-ED203BE14A97->s0-AppendLogResponseHandler: Request not found, ignoring reply: s2<-s0#1618:OK,SUCCESS,nextIndex:836,term:12,followerCommit:834
2019-09-24 17:35:21,206 WARN  server.GrpcLogAppender (GrpcLogAppender.java:onNextImpl(251)) - s2@group-ED203BE14A97->s1-AppendLogResponseHandler: Request not found, ignoring reply: s2<-s1#1619:OK,SUCCESS,nextIndex:836,term:12,followerCommit:834
2019-09-24 17:35:21,207 WARN  server.GrpcLogAppender (GrpcLogAppender.java:onNextImpl(251)) - s2@group-ED203BE14A97->s0-AppendLogResponseHandler: Request not found, ignoring reply: s2<-s0#1619:OK,SUCCESS,nextIndex:836,term:12,followerCommit:834
2019-09-24 17:35:21,207 WARN  server.GrpcLogAppender (GrpcLogAppender.java:onNextImpl(251)) - s2@group-ED203BE14A97->s1-AppendLogResponseHandler: Request not found, ignoring reply: s2<-s1#1620:OK,SUCCESS,nextIndex:836,term:12,followerCommit:834
2019-09-24 17:35:21,207 WARN  server.GrpcLogAppender (GrpcLogAppender.java:onNextImpl(251)) - s2@group-ED203BE14A97->s0-AppendLogResponseHandler: Request not found, ignoring reply: s2<-s0#1620:OK,SUCCESS,nextIndex:836,term:12,followerCommit:834
2019-09-24 17:35:21,207 WARN  server.GrpcLogAppender (GrpcLogAppender.java:onNextImpl(251)) - s2@group-ED203BE14A97->s1-AppendLogResponseHandler: Request not found, ignoring reply: s2<-s1#1621:OK,SUCCESS,nextIndex:836,term:12,followerCommit:834
2019-09-24 17:35:21,207 WARN  server.GrpcLogAppender (GrpcLogAppender.java:onNextImpl(251)) - s2@group-ED203BE14A97->s0-AppendLogResponseHandler: Request not found, ignoring reply: s2<-s0#1621:OK,SUCCESS,nextIndex:836,term:12,followerCommit:834
2019-09-24 17:35:21,208 WARN  server.GrpcLogAppender (GrpcLogAppender.java:onNextImpl(251)) - s2@group-ED203BE14A97->s1-AppendLogResponseHandler: Request not found, ignoring reply: s2<-s1#1622:OK,SUCCESS,nextIndex:836,term:12,followerCommit:834
2019-09-24 17:35:21,208 WARN  server.GrpcLogAppender (GrpcLogAppender.java:onNextImpl(251)) - s2@group-ED203BE14A97->s0-AppendLogResponseHandler: Request not found, ignoring reply: s2<-s0#1622:OK,SUCCESS,nextIndex:836,term:12,followerCommit:834
2019-09-24 17:35:21,208 WARN  server.GrpcLogAppender (GrpcLogAppender.java:onNextImpl(251)) - s2@group-ED203BE14A97->s1-AppendLogResponseHandler: Request not found, ignoring reply: s2<-s1#1623:OK,SUCCESS,nextIndex:836,term:12,followerCommit:834
2019-09-24 17:35:21,208 WARN  server.GrpcLogAppender (GrpcLogAppender.java:onNextImpl(251)) - s2@group-ED203BE14A97->s0-AppendLogResponseHandler: Request not found, ignoring reply: s2<-s0#1623:OK,SUCCESS,nextIndex:836,term:12,followerCommit:834
2019-09-24 17:35:21,208 WARN  server.GrpcLogAppender (GrpcLogAppender.java:onNextImpl(251)) - s2@group-ED203BE14A97->s1-AppendLogResponseHandler: Request not found, ignoring reply: s2<-s1#1624:OK,SUCCESS,nextIndex:836,term:12,followerCommit:834
2019-09-24 17:35:21,208 WARN  server.GrpcLogAppender (GrpcLogAppender.java:onNextImpl(251)) - s2@group-ED203BE14A97->s0-AppendLogResponseHandler: Request not found, ignoring reply: s2<-s0#1624:OK,SUCCESS,nextIndex:836,term:12,followerCommit:834
2019-09-24 17:35:21,209 WARN  server.GrpcLogAppender (GrpcLogAppender.java:onNextImpl(251)) - s2@group-ED203BE14A97->s1-AppendLogResponseHandler: Request not found, ignoring reply: s2<-s1#1625:OK,SUCCESS,nextIndex:836,term:12,followerCommit:834
2019-09-24 17:35:21,209 WARN  server.GrpcLogAppender (GrpcLogAppender.java:onNextImpl(251)) - s2@group-ED203BE14A97->s0-AppendLogResponseHandler: Request not found, ignoring reply: s2<-s0#1625:OK,SUCCESS,nextIndex:836,term:12,followerCommit:834
2019-09-24 17:35:21,209 WARN  server.GrpcLogAppender (GrpcLogAppender.java:onNextImpl(251)) - s2@group-ED203BE14A97->s1-AppendLogResponseHandler: Request not found, ignoring reply: s2<-s1#1626:OK,SUCCESS,nextIndex:836,term:12,followerCommit:834
2019-09-24 17:35:21,209 WARN  server.GrpcLogAppender (GrpcLogAppender.java:onNextImpl(251)) - s2@group-ED203BE14A97->s0-AppendLogResponseHandler: Request not found, ignoring reply: s2<-s0#1626:OK,SUCCESS,nextIndex:836,term:12,followerCommit:834
2019-09-24 17:35:21,209 WARN  server.GrpcLogAppender (GrpcLogAppender.java:onNextImpl(251)) - s2@group-ED203BE14A97->s1-AppendLogResponseHandler: Request not found, ignoring reply: s2<-s1#1627:OK,SUCCESS,nextIndex:836,term:12,followerCommit:834
2019-09-24 17:35:21,209 WARN  server.GrpcLogAppender (GrpcLogAppender.java:onNextImpl(251)) - s2@group-ED203BE14A97->s0-AppendLogResponseHandler: Request not found, ignoring reply: s2<-s0#1627:OK,SUCCESS,nextIndex:836,term:12,followerCommit:834
2019-09-24 17:35:21,210 WARN  server.GrpcLogAppender (GrpcLogAppender.java:onNextImpl(251)) - s2@group-ED203BE14A97->s1-AppendLogResponseHandler: Request not found, ignoring reply: s2<-s1#1628:OK,SUCCESS,nextIndex:836,term:12,followerCommit:834
2019-09-24 17:35:21,210 WARN  server.GrpcLogAppender (GrpcLogAppender.java:onNextImpl(251)) - s2@group-ED203BE14A97->s0-AppendLogResponseHandler: Request not found, ignoring reply: s2<-s0#1628:OK,SUCCESS,nextIndex:836,term:12,followerCommit:834
2019-09-24 17:35:21,210 WARN  server.GrpcLogAppender (GrpcLogAppender.java:onNextImpl(251)) - s2@group-ED203BE14A97->s1-AppendLogResponseHandler: Request not found, ignoring reply: s2<-s1#1629:OK,SUCCESS,nextIndex:836,term:12,followerCommit:834
2019-09-24 17:35:21,210 WARN  server.GrpcLogAppender (GrpcLogAppender.java:onNextImpl(251)) - s2@group-ED203BE14A97->s0-AppendLogResponseHandler: Request not found, ignoring reply: s2<-s0#1629:OK,SUCCESS,nextIndex:836,term:12,followerCommit:834
2019-09-24 17:35:21,210 WARN  server.GrpcLogAppender (GrpcLogAppender.java:onNextImpl(251)) - s2@group-ED203BE14A97->s1-AppendLogResponseHandler: Request not found, ignoring reply: s2<-s1#1630:OK,SUCCESS,nextIndex:836,term:12,followerCommit:834
2019-09-24 17:35:21,210 WARN  server.GrpcLogAppender (GrpcLogAppender.java:onNextImpl(251)) - s2@group-ED203BE14A97->s0-AppendLogResponseHandler: Request not found, ignoring reply: s2<-s0#1630:OK,SUCCESS,nextIndex:836,term:12,followerCommit:834
2019-09-24 17:35:21,211 WARN  server.GrpcLogAppender (GrpcLogAppender.java:onNextImpl(251)) - s2@group-ED203BE14A97->s1-AppendLogResponseHandler: Request not found, ignoring reply: s2<-s1#1631:OK,SUCCESS,nextIndex:836,term:12,followerCommit:834
2019-09-24 17:35:21,211 WARN  server.GrpcLogAppender (GrpcLogAppender.java:onNextImpl(251)) - s2@group-ED203BE14A97->s0-AppendLogResponseHandler: Request not found, ignoring reply: s2<-s0#1631:OK,SUCCESS,nextIndex:836,term:12,followerCommit:834
2019-09-24 17:35:21,211 WARN  server.GrpcLogAppender (GrpcLogAppender.java:onNextImpl(251)) - s2@group-ED203BE14A97->s1-AppendLogResponseHandler: Request not found, ignoring reply: s2<-s1#1632:OK,SUCCESS,nextIndex:836,term:12,followerCommit:834
2019-09-24 17:35:21,211 WARN  server.GrpcLogAppender (GrpcLogAppender.java:onNextImpl(251)) - s2@group-ED203BE14A97->s0-AppendLogResponseHandler: Request not found, ignoring reply: s2<-s0#1632:OK,SUCCESS,nextIndex:836,term:12,followerCommit:834
2019-09-24 17:35:21,211 WARN  server.GrpcLogAppender (GrpcLogAppender.java:onNextImpl(251)) - s2@group-ED203BE14A97->s1-AppendLogResponseHandler: Request not found, ignoring reply: s2<-s1#1633:OK,SUCCESS,nextIndex:836,term:12,followerCommit:834
2019-09-24 17:35:21,211 WARN  server.GrpcLogAppender (GrpcLogAppender.java:onNextImpl(251)) - s2@group-ED203BE14A97->s0-AppendLogResponseHandler: Request not found, ignoring reply: s2<-s0#1633:OK,SUCCESS,nextIndex:836,term:12,followerCommit:834
2019-09-24 17:35:21,212 WARN  server.GrpcLogAppender (GrpcLogAppender.java:onNextImpl(251)) - s2@group-ED203BE14A97->s1-AppendLogResponseHandler: Request not found, ignoring reply: s2<-s1#1634:OK,SUCCESS,nextIndex:836,term:12,followerCommit:834
2019-09-24 17:35:23,815 INFO  ratis.MiniRaftCluster (MiniRaftCluster.java:lambda$null$5(297)) - TIMED-PRINT: printing ALL groups
  s0:  RUNNING  FOLLOWER s0@group-ED203BE14A97:t12, leader=s2, voted=s2, raftlog=s0@group-ED203BE14A97-SegmentedRaftLog:OPENED:c835,f835,i837, conf=0: [s0:0.0.0.0:42001, s1:0.0.0.0:43636, s2:0.0.0.0:41913], old=null RUNNING
  s1:  RUNNING  FOLLOWER s1@group-ED203BE14A97:t12, leader=s2, voted=s1, raftlog=s1@group-ED203BE14A97-SegmentedRaftLog:OPENED:c835,f835,i837, conf=0: [s0:0.0.0.0:42001, s1:0.0.0.0:43636, s2:0.0.0.0:41913], old=null RUNNING
  s2:  RUNNING    LEADER s2@group-ED203BE14A97:t12, leader=s2, voted=s2, raftlog=s2@group-ED203BE14A97-SegmentedRaftLog:OPENED:c835,f835,i837, conf=0: [s0:0.0.0.0:42001, s1:0.0.0.0:43636, s2:0.0.0.0:41913], old=null RUNNING
2019-09-24 17:35:24,213 WARN  server.GrpcLogAppender (GrpcLogAppender.java:timeoutAppendRequest(200)) - s2@group-ED203BE14A97->s0-GrpcLogAppender: appendEntries Timeout, request=s2->s0#1674-t12, previous=(t:12, i:835), leaderCommit=835, initializing? false, entries: size=1, first=(t:12, i:836), METADATAENTRY(c835)
2019-09-24 17:35:24,213 WARN  server.GrpcLogAppender (GrpcLogAppender.java:timeoutAppendRequest(200)) - s2@group-ED203BE14A97->s1-GrpcLogAppender: appendEntries Timeout, request=s2->s1#1675-t12, previous=(t:12, i:835), leaderCommit=835, initializing? false, entries: size=1, first=(t:12, i:836), METADATAENTRY(c835)
2019-09-24 17:35:24,218 WARN  server.GrpcLogAppender (GrpcLogAppender.java:timeoutAppendRequest(200)) - s2@group-ED203BE14A97->s0-GrpcLogAppender: appendEntries Timeout, request=s2->s0#1675-t12, previous=(t:12, i:836), leaderCommit=835, initializing? false, entries: size=1, first=(t:12, i:837), STATEMACHINELOGENTRY, client-236938EB08E4, cid=418
2019-09-24 17:35:24,218 WARN  server.GrpcLogAppender (GrpcLogAppender.java:timeoutAppendRequest(200)) - s2@group-ED203BE14A97->s1-GrpcLogAppender: appendEntries Timeout, request=s2->s1#1676-t12, previous=(t:12, i:836), leaderCommit=835, initializing? false, entries: size=1, first=(t:12, i:837), STATEMACHINELOGENTRY, client-236938EB08E4, cid=418
2019-09-24 17:35:24,293 WARN  server.GrpcLogAppender (GrpcLogAppender.java:timeoutAppendRequest(200)) - s2@group-ED203BE14A97->s0-GrpcLogAppender: appendEntries Timeout, request=s2->s0#1676-t12, previous=(t:12, i:837), leaderCommit=835, initializing? false, entries: <empty>
2019-09-24 17:35:24,293 WARN  server.GrpcLogAppender (GrpcLogAppender.java:timeoutAppendRequest(200)) - s2@group-ED203BE14A97->s1-GrpcLogAppender: appendEntries Timeout, request=s2->s1#1677-t12, previous=(t:12, i:837), leaderCommit=835, initializing? false, entries: <empty>
2019-09-24 17:35:24,368 WARN  server.GrpcLogAppender (GrpcLogAppender.java:timeoutAppendRequest(200)) - s2@group-ED203BE14A97->s0-GrpcLogAppender: appendEntries Timeout, request=s2->s0#1677-t12, previous=(t:12, i:837), leaderCommit=835, initializing? false, entries: <empty>
2019-09-24 17:35:24,368 WARN  server.GrpcLogAppender (GrpcLogAppender.java:timeoutAppendRequest(200)) - s2@group-ED203BE14A97->s1-GrpcLogAppender: appendEntries Timeout, request=s2->s1#1678-t12, previous=(t:12, i:837), leaderCommit=835, initializing? false, entries: <empty>
2019-09-24 17:35:24,443 WARN  server.GrpcLogAppender (GrpcLogAppender.java:timeoutAppendRequest(200)) - s2@group-ED203BE14A97->s1-GrpcLogAppender: appendEntries Timeout, request=s2->s1#1679-t12, previous=(t:12, i:837), leaderCommit=835, initializing? false, entries: <empty>
2019-09-24 17:35:24,443 WARN  server.GrpcLogAppender (GrpcLogAppender.java:timeoutAppendRequest(200)) - s2@group-ED203BE14A97->s0-GrpcLogAppender: appendEntries Timeout, request=s2->s0#1678-t12, previous=(t:12, i:837), leaderCommit=835, initializing? false, entries: <empty>
2019-09-24 17:35:24,518 WARN  server.GrpcLogAppender (GrpcLogAppender.java:timeoutAppendRequest(200)) - s2@group-ED203BE14A97->s1-GrpcLogAppender: appendEntries Timeout, request=s2->s1#1680-t12, previous=(t:12, i:837), leaderCommit=835, initializing? false, entries: <empty>
2019-09-24 17:35:24,518 WARN  server.GrpcLogAppender (GrpcLogAppender.java:timeoutAppendRequest(200)) - s2@group-ED203BE14A97->s0-GrpcLogAppender: appendEntries Timeout, request=s2->s0#1679-t12, previous=(t:12, i:837), leaderCommit=835, initializing? false, entries: <empty>
2019-09-24 17:35:24,593 WARN  server.GrpcLogAppender (GrpcLogAppender.java:timeoutAppendRequest(200)) - s2@group-ED203BE14A97->s0-GrpcLogAppender: appendEntries Timeout, request=s2->s0#1680-t12, previous=(t:12, i:837), leaderCommit=835, initializing? false, entries: <empty>
2019-09-24 17:35:24,593 WARN  server.GrpcLogAppender (GrpcLogAppender.java:timeoutAppendRequest(200)) - s2@group-ED203BE14A97->s1-GrpcLogAppender: appendEntries Timeout, request=s2->s1#1681-t12, previous=(t:12, i:837), leaderCommit=835, initializing? false, entries: <empty>
2019-09-24 17:35:24,669 WARN  server.GrpcLogAppender (GrpcLogAppender.java:timeoutAppendRequest(200)) - s2@group-ED203BE14A97->s1-GrpcLogAppender: appendEntries Timeout, request=s2->s1#1682-t12, previous=(t:12, i:837), leaderCommit=835, initializing? false, entries: <empty>
2019-09-24 17:35:24,669 WARN  server.GrpcLogAppender (GrpcLogAppender.java:timeoutAppendRequest(200)) - s2@group-ED203BE14A97->s0-GrpcLogAppender: appendEntries Timeout, request=s2->s0#1681-t12, previous=(t:12, i:837), leaderCommit=835, initializing? false, entries: <empty>
2019-09-24 17:35:24,744 WARN  server.GrpcLogAppender (GrpcLogAppender.java:timeoutAppendRequest(200)) - s2@group-ED203BE14A97->s0-GrpcLogAppender: appendEntries Timeout, request=s2->s0#1682-t12, previous=(t:12, i:837), leaderCommit=835, initializing? false, entries: <empty>
2019-09-24 17:35:24,744 WARN  server.GrpcLogAppender (GrpcLogAppender.java:timeoutAppendRequest(200)) - s2@group-ED203BE14A97->s1-GrpcLogAppender: appendEntries Timeout, request=s2->s1#1683-t12, previous=(t:12, i:837), leaderCommit=835, initializing? false, entries: <empty>
2019-09-24 17:35:24,819 WARN  server.GrpcLogAppender (GrpcLogAppender.java:timeoutAppendRequest(200)) - s2@group-ED203BE14A97->s0-GrpcLogAppender: appendEntries Timeout, request=s2->s0#1683-t12, previous=(t:12, i:837), leaderCommit=835, initializing? false, entries: <empty>
2019-09-24 17:35:24,819 WARN  server.GrpcLogAppender (GrpcLogAppender.java:timeoutAppendRequest(200)) - s2@group-ED203BE14A97->s1-GrpcLogAppender: appendEntries Timeout, request=s2->s1#1684-t12, previous=(t:12, i:837), leaderCommit=835, initializing? false, entries: <empty>
2019-09-24 17:35:24,894 WARN  server.GrpcLogAppender (GrpcLogAppender.java:timeoutAppendRequest(200)) - s2@group-ED203BE14A97->s1-GrpcLogAppender: appendEntries Timeout, request=s2->s1#1685-t12, previous=(t:12, i:837), leaderCommit=835, initializing? false, entries: <empty>
2019-09-24 17:35:24,894 WARN  server.GrpcLogAppender (GrpcLogAppender.java:timeoutAppendRequest(200)) - s2@group-ED203BE14A97->s0-GrpcLogAppender: appendEntries Timeout, request=s2->s0#1684-t12, previous=(t:12, i:837), leaderCommit=835, initializing? false, entries: <empty>
2019-09-24 17:35:24,969 WARN  server.GrpcLogAppender (GrpcLogAppender.java:timeoutAppendRequest(200)) - s2@group-ED203BE14A97->s0-GrpcLogAppender: appendEntries Timeout, request=s2->s0#1685-t12, previous=(t:12, i:837), leaderCommit=835, initializing? false, entries: <empty>
2019-09-24 17:35:24,969 WARN  server.GrpcLogAppender (GrpcLogAppender.java:timeoutAppendRequest(200)) - s2@group-ED203BE14A97->s1-GrpcLogAppender: appendEntries Timeout, request=s2->s1#1686-t12, previous=(t:12, i:837), leaderCommit=835, initializing? false, entries: <empty>
2019-09-24 17:35:25,045 WARN  server.GrpcLogAppender (GrpcLogAppender.java:timeoutAppendRequest(200)) - s2@group-ED203BE14A97->s0-GrpcLogAppender: appendEntries Timeout, request=s2->s0#1686-t12, previous=(t:12, i:837), leaderCommit=835, initializing? false, entries: <empty>
2019-09-24 17:35:25,045 WARN  server.GrpcLogAppender (GrpcLogAppender.java:timeoutAppendRequest(200)) - s2@group-ED203BE14A97->s1-GrpcLogAppender: appendEntries Timeout, request=s2->s1#1687-t12, previous=(t:12, i:837), leaderCommit=835, initializing? false, entries: <empty>
2019-09-24 17:35:25,120 WARN  server.GrpcLogAppender (GrpcLogAppender.java:timeoutAppendRequest(200)) - s2@group-ED203BE14A97->s0-GrpcLogAppender: appendEntries Timeout, request=s2->s0#1687-t12, previous=(t:12, i:837), leaderCommit=835, initializing? false, entries: <empty>
2019-09-24 17:35:25,120 WARN  server.GrpcLogAppender (GrpcLogAppender.java:timeoutAppendRequest(200)) - s2@group-ED203BE14A97->s1-GrpcLogAppender: appendEntries Timeout, request=s2->s1#1688-t12, previous=(t:12, i:837), leaderCommit=835, initializing? false, entries: <empty>
2019-09-24 17:35:25,195 WARN  server.GrpcLogAppender (GrpcLogAppender.java:timeoutAppendRequest(200)) - s2@group-ED203BE14A97->s0-GrpcLogAppender: appendEntries Timeout, request=s2->s0#1688-t12, previous=(t:12, i:837), leaderCommit=835, initializing? false, entries: <empty>
2019-09-24 17:35:25,195 WARN  server.GrpcLogAppender (GrpcLogAppender.java:timeoutAppendRequest(200)) - s2@group-ED203BE14A97->s1-GrpcLogAppender: appendEntries Timeout, request=s2->s1#1689-t12, previous=(t:12, i:837), leaderCommit=835, initializing? false, entries: <empty>
2019-09-24 17:35:25,270 WARN  server.GrpcLogAppender (GrpcLogAppender.java:timeoutAppendRequest(200)) - s2@group-ED203BE14A97->s0-GrpcLogAppender: appendEntries Timeout, request=s2->s0#1689-t12, previous=(t:12, i:837), leaderCommit=835, initializing? false, entries: <empty>
2019-09-24 17:35:25,270 WARN  server.GrpcLogAppender (GrpcLogAppender.java:timeoutAppendRequest(200)) - s2@group-ED203BE14A97->s1-GrpcLogAppender: appendEntries Timeout, request=s2->s1#1690-t12, previous=(t:12, i:837), leaderCommit=835, initializing? false, entries: <empty>
2019-09-24 17:35:25,345 WARN  server.GrpcLogAppender (GrpcLogAppender.java:timeoutAppendRequest(200)) - s2@group-ED203BE14A97->s0-GrpcLogAppender: appendEntries Timeout, request=s2->s0#1690-t12, previous=(t:12, i:837), leaderCommit=835, initializing? false, entries: <empty>
2019-09-24 17:35:25,345 WARN  server.GrpcLogAppender (GrpcLogAppender.java:timeoutAppendRequest(200)) - s2@group-ED203BE14A97->s1-GrpcLogAppender: appendEntries Timeout, request=s2->s1#1691-t12, previous=(t:12, i:837), leaderCommit=835, initializing? false, entries: <empty>
2019-09-24 17:35:25,421 WARN  server.GrpcLogAppender (GrpcLogAppender.java:timeoutAppendRequest(200)) - s2@group-ED203BE14A97->s1-GrpcLogAppender: appendEntries Timeout, request=s2->s1#1692-t12, previous=(t:12, i:837), leaderCommit=835, initializing? false, entries: <empty>
2019-09-24 17:35:25,421 WARN  server.GrpcLogAppender (GrpcLogAppender.java:timeoutAppendRequest(200)) - s2@group-ED203BE14A97->s0-GrpcLogAppender: appendEntries Timeout, request=s2->s0#1691-t12, previous=(t:12, i:837), leaderCommit=835, initializing? false, entries: <empty>
2019-09-24 17:35:25,496 WARN  server.GrpcLogAppender (GrpcLogAppender.java:timeoutAppendRequest(200)) - s2@group-ED203BE14A97->s0-GrpcLogAppender: appendEntries Timeout, request=s2->s0#1692-t12, previous=(t:12, i:837), leaderCommit=835, initializing? false, entries: <empty>
2019-09-24 17:35:25,496 WARN  server.GrpcLogAppender (GrpcLogAppender.java:timeoutAppendRequest(200)) - s2@group-ED203BE14A97->s1-GrpcLogAppender: appendEntries Timeout, request=s2->s1#1693-t12, previous=(t:12, i:837), leaderCommit=835, initializing? false, entries: <empty>
2019-09-24 17:35:25,571 WARN  server.GrpcLogAppender (GrpcLogAppender.java:timeoutAppendRequest(200)) - s2@group-ED203BE14A97->s0-GrpcLogAppender: appendEntries Timeout, request=s2->s0#1693-t12, previous=(t:12, i:837), leaderCommit=835, initializing? false, entries: <empty>
2019-09-24 17:35:25,571 WARN  server.GrpcLogAppender (GrpcLogAppender.java:timeoutAppendRequest(200)) - s2@group-ED203BE14A97->s1-GrpcLogAppender: appendEntries Timeout, request=s2->s1#1694-t12, previous=(t:12, i:837), leaderCommit=835, initializing? false, entries: <empty>
2019-09-24 17:35:25,584 WARN  server.GrpcLogAppender (GrpcLogAppender.java:onNextImpl(251)) - s2@group-ED203BE14A97->s0-AppendLogResponseHandler: Request not found, ignoring reply: s2<-s0#1674:OK,SUCCESS,nextIndex:837,term:12,followerCommit:835
2019-09-24 17:35:25,584 WARN  server.GrpcLogAppender (GrpcLogAppender.java:onNextImpl(251)) - s2@group-ED203BE14A97->s1-AppendLogResponseHandler: Request not found, ignoring reply: s2<-s1#1675:OK,SUCCESS,nextIndex:837,term:12,followerCommit:835
2019-09-24 17:35:25,586 WARN  server.GrpcLogAppender (GrpcLogAppender.java:onNextImpl(251)) - s2@group-ED203BE14A97->s0-AppendLogResponseHandler: Request not found, ignoring reply: s2<-s0#1675:OK,SUCCESS,nextIndex:838,term:12,followerCommit:835
2019-09-24 17:35:25,586 WARN  server.GrpcLogAppender (GrpcLogAppender.java:onNextImpl(251)) - s2@group-ED203BE14A97->s0-AppendLogResponseHandler: Request not found, ignoring reply: s2<-s0#1676:OK,SUCCESS,nextIndex:838,term:12,followerCommit:835
2019-09-24 17:35:25,587 WARN  server.GrpcLogAppender (GrpcLogAppender.java:onNextImpl(251)) - s2@group-ED203BE14A97->s0-AppendLogResponseHandler: Request not found, ignoring reply: s2<-s0#1677:OK,SUCCESS,nextIndex:838,term:12,followerCommit:835
2019-09-24 17:35:25,587 WARN  server.GrpcLogAppender (GrpcLogAppender.java:onNextImpl(251)) - s2@group-ED203BE14A97->s1-AppendLogResponseHandler: Request not found, ignoring reply: s2<-s1#1676:OK,SUCCESS,nextIndex:838,term:12,followerCommit:835
2019-09-24 17:35:25,587 WARN  server.GrpcLogAppender (GrpcLogAppender.java:onNextImpl(251)) - s2@group-ED203BE14A97->s0-AppendLogResponseHandler: Request not found, ignoring reply: s2<-s0#1678:OK,SUCCESS,nextIndex:838,term:12,followerCommit:835
2019-09-24 17:35:25,587 WARN  server.GrpcLogAppender (GrpcLogAppender.java:onNextImpl(251)) - s2@group-ED203BE14A97->s1-AppendLogResponseHandler: Request not found, ignoring reply: s2<-s1#1677:OK,SUCCESS,nextIndex:838,term:12,followerCommit:835
2019-09-24 17:35:25,588 WARN  server.GrpcLogAppender (GrpcLogAppender.java:onNextImpl(251)) - s2@group-ED203BE14A97->s0-AppendLogResponseHandler: Request not found, ignoring reply: s2<-s0#1679:OK,SUCCESS,nextIndex:838,term:12,followerCommit:835
2019-09-24 17:35:25,588 WARN  server.GrpcLogAppender (GrpcLogAppender.java:onNextImpl(251)) - s2@group-ED203BE14A97->s1-AppendLogResponseHandler: Request not found, ignoring reply: s2<-s1#1678:OK,SUCCESS,nextIndex:838,term:12,followerCommit:835
2019-09-24 17:35:25,588 WARN  server.GrpcLogAppender (GrpcLogAppender.java:onNextImpl(251)) - s2@group-ED203BE14A97->s0-AppendLogResponseHandler: Request not found, ignoring reply: s2<-s0#1680:OK,SUCCESS,nextIndex:838,term:12,followerCommit:835
2019-09-24 17:35:25,588 WARN  server.GrpcLogAppender (GrpcLogAppender.java:onNextImpl(251)) - s2@group-ED203BE14A97->s1-AppendLogResponseHandler: Request not found, ignoring reply: s2<-s1#1679:OK,SUCCESS,nextIndex:838,term:12,followerCommit:835
2019-09-24 17:35:25,589 WARN  server.GrpcLogAppender (GrpcLogAppender.java:onNextImpl(251)) - s2@group-ED203BE14A97->s0-AppendLogResponseHandler: Request not found, ignoring reply: s2<-s0#1681:OK,SUCCESS,nextIndex:838,term:12,followerCommit:835
2019-09-24 17:35:25,589 WARN  server.GrpcLogAppender (GrpcLogAppender.java:onNextImpl(251)) - s2@group-ED203BE14A97->s1-AppendLogResponseHandler: Request not found, ignoring reply: s2<-s1#1680:OK,SUCCESS,nextIndex:838,term:12,followerCommit:835
2019-09-24 17:35:25,589 WARN  server.GrpcLogAppender (GrpcLogAppender.java:onNextImpl(251)) - s2@group-ED203BE14A97->s0-AppendLogResponseHandler: Request not found, ignoring reply: s2<-s0#1682:OK,SUCCESS,nextIndex:838,term:12,followerCommit:835
2019-09-24 17:35:25,589 WARN  server.GrpcLogAppender (GrpcLogAppender.java:onNextImpl(251)) - s2@group-ED203BE14A97->s1-AppendLogResponseHandler: Request not found, ignoring reply: s2<-s1#1681:OK,SUCCESS,nextIndex:838,term:12,followerCommit:835
2019-09-24 17:35:25,590 WARN  server.GrpcLogAppender (GrpcLogAppender.java:onNextImpl(251)) - s2@group-ED203BE14A97->s0-AppendLogResponseHandler: Request not found, ignoring reply: s2<-s0#1683:OK,SUCCESS,nextIndex:838,term:12,followerCommit:835
2019-09-24 17:35:25,590 WARN  server.GrpcLogAppender (GrpcLogAppender.java:onNextImpl(251)) - s2@group-ED203BE14A97->s1-AppendLogResponseHandler: Request not found, ignoring reply: s2<-s1#1682:OK,SUCCESS,nextIndex:838,term:12,followerCommit:835
2019-09-24 17:35:25,590 WARN  server.GrpcLogAppender (GrpcLogAppender.java:onNextImpl(251)) - s2@group-ED203BE14A97->s0-AppendLogResponseHandler: Request not found, ignoring reply: s2<-s0#1684:OK,SUCCESS,nextIndex:838,term:12,followerCommit:835
2019-09-24 17:35:25,590 WARN  server.GrpcLogAppender (GrpcLogAppender.java:onNextImpl(251)) - s2@group-ED203BE14A97->s1-AppendLogResponseHandler: Request not found, ignoring reply: s2<-s1#1683:OK,SUCCESS,nextIndex:838,term:12,followerCommit:835
2019-09-24 17:35:25,591 WARN  server.GrpcLogAppender (GrpcLogAppender.java:onNextImpl(251)) - s2@group-ED203BE14A97->s0-AppendLogResponseHandler: Request not found, ignoring reply: s2<-s0#1685:OK,SUCCESS,nextIndex:838,term:12,followerCommit:835
2019-09-24 17:35:25,591 WARN  server.GrpcLogAppender (GrpcLogAppender.java:onNextImpl(251)) - s2@group-ED203BE14A97->s1-AppendLogResponseHandler: Request not found, ignoring reply: s2<-s1#1684:OK,SUCCESS,nextIndex:838,term:12,followerCommit:835
2019-09-24 17:35:25,591 WARN  server.GrpcLogAppender (GrpcLogAppender.java:onNextImpl(251)) - s2@group-ED203BE14A97->s0-AppendLogResponseHandler: Request not found, ignoring reply: s2<-s0#1686:OK,SUCCESS,nextIndex:838,term:12,followerCommit:835
2019-09-24 17:35:25,591 WARN  server.GrpcLogAppender (GrpcLogAppender.java:onNextImpl(251)) - s2@group-ED203BE14A97->s1-AppendLogResponseHandler: Request not found, ignoring reply: s2<-s1#1685:OK,SUCCESS,nextIndex:838,term:12,followerCommit:835
2019-09-24 17:35:25,592 WARN  server.GrpcLogAppender (GrpcLogAppender.java:onNextImpl(251)) - s2@group-ED203BE14A97->s0-AppendLogResponseHandler: Request not found, ignoring reply: s2<-s0#1687:OK,SUCCESS,nextIndex:838,term:12,followerCommit:835
2019-09-24 17:35:25,592 WARN  server.GrpcLogAppender (GrpcLogAppender.java:onNextImpl(251)) - s2@group-ED203BE14A97->s1-AppendLogResponseHandler: Request not found, ignoring reply: s2<-s1#1686:OK,SUCCESS,nextIndex:838,term:12,followerCommit:835
2019-09-24 17:35:25,592 WARN  server.GrpcLogAppender (GrpcLogAppender.java:onNextImpl(251)) - s2@group-ED203BE14A97->s0-AppendLogResponseHandler: Request not found, ignoring reply: s2<-s0#1688:OK,SUCCESS,nextIndex:838,term:12,followerCommit:835
2019-09-24 17:35:25,592 WARN  server.GrpcLogAppender (GrpcLogAppender.java:onNextImpl(251)) - s2@group-ED203BE14A97->s1-AppendLogResponseHandler: Request not found, ignoring reply: s2<-s1#1687:OK,SUCCESS,nextIndex:838,term:12,followerCommit:835
2019-09-24 17:35:25,592 WARN  server.GrpcLogAppender (GrpcLogAppender.java:onNextImpl(251)) - s2@group-ED203BE14A97->s0-AppendLogResponseHandler: Request not found, ignoring reply: s2<-s0#1689:OK,SUCCESS,nextIndex:838,term:12,followerCommit:835
2019-09-24 17:35:25,593 WARN  server.GrpcLogAppender (GrpcLogAppender.java:onNextImpl(251)) - s2@group-ED203BE14A97->s1-AppendLogResponseHandler: Request not found, ignoring reply: s2<-s1#1688:OK,SUCCESS,nextIndex:838,term:12,followerCommit:835
2019-09-24 17:35:25,593 WARN  server.GrpcLogAppender (GrpcLogAppender.java:onNextImpl(251)) - s2@group-ED203BE14A97->s0-AppendLogResponseHandler: Request not found, ignoring reply: s2<-s0#1690:OK,SUCCESS,nextIndex:838,term:12,followerCommit:835
2019-09-24 17:35:25,593 WARN  server.GrpcLogAppender (GrpcLogAppender.java:onNextImpl(251)) - s2@group-ED203BE14A97->s1-AppendLogResponseHandler: Request not found, ignoring reply: s2<-s1#1689:OK,SUCCESS,nextIndex:838,term:12,followerCommit:835
2019-09-24 17:35:25,593 WARN  server.GrpcLogAppender (GrpcLogAppender.java:onNextImpl(251)) - s2@group-ED203BE14A97->s0-AppendLogResponseHandler: Request not found, ignoring reply: s2<-s0#1691:OK,SUCCESS,nextIndex:838,term:12,followerCommit:835
2019-09-24 17:35:25,594 WARN  server.GrpcLogAppender (GrpcLogAppender.java:onNextImpl(251)) - s2@group-ED203BE14A97->s1-AppendLogResponseHandler: Request not found, ignoring reply: s2<-s1#1690:OK,SUCCESS,nextIndex:838,term:12,followerCommit:835
2019-09-24 17:35:25,594 WARN  server.GrpcLogAppender (GrpcLogAppender.java:onNextImpl(251)) - s2@group-ED203BE14A97->s0-AppendLogResponseHandler: Request not found, ignoring reply: s2<-s0#1692:OK,SUCCESS,nextIndex:838,term:12,followerCommit:835
2019-09-24 17:35:25,594 WARN  server.GrpcLogAppender (GrpcLogAppender.java:onNextImpl(251)) - s2@group-ED203BE14A97->s1-AppendLogResponseHandler: Request not found, ignoring reply: s2<-s1#1691:OK,SUCCESS,nextIndex:838,term:12,followerCommit:835
2019-09-24 17:35:25,594 WARN  server.GrpcLogAppender (GrpcLogAppender.java:onNextImpl(251)) - s2@group-ED203BE14A97->s0-AppendLogResponseHandler: Request not found, ignoring reply: s2<-s0#1693:OK,SUCCESS,nextIndex:838,term:12,followerCommit:835
2019-09-24 17:35:25,594 WARN  server.GrpcLogAppender (GrpcLogAppender.java:onNextImpl(251)) - s2@group-ED203BE14A97->s1-AppendLogResponseHandler: Request not found, ignoring reply: s2<-s1#1692:OK,SUCCESS,nextIndex:838,term:12,followerCommit:835
2019-09-24 17:35:25,595 WARN  server.GrpcLogAppender (GrpcLogAppender.java:onNextImpl(251)) - s2@group-ED203BE14A97->s1-AppendLogResponseHandler: Request not found, ignoring reply: s2<-s1#1693:OK,SUCCESS,nextIndex:838,term:12,followerCommit:835
2019-09-24 17:35:25,595 WARN  server.GrpcLogAppender (GrpcLogAppender.java:onNextImpl(251)) - s2@group-ED203BE14A97->s1-AppendLogResponseHandler: Request not found, ignoring reply: s2<-s1#1694:OK,SUCCESS,nextIndex:838,term:12,followerCommit:835
2019-09-24 17:35:29,361 WARN  server.GrpcLogAppender (GrpcLogAppender.java:timeoutAppendRequest(200)) - s2@group-ED203BE14A97->s0-GrpcLogAppender: appendEntries Timeout, request=s2->s0#1787-t12, previous=(t:12, i:888), leaderCommit=887, initializing? false, entries: size=1, first=(t:12, i:889), STATEMACHINELOGENTRY, client-236938EB08E4, cid=444
2019-09-24 17:35:29,361 WARN  server.GrpcLogAppender (GrpcLogAppender.java:timeoutAppendRequest(200)) - s2@group-ED203BE14A97->s1-GrpcLogAppender: appendEntries Timeout, request=s2->s1#1788-t12, previous=(t:12, i:888), leaderCommit=887, initializing? false, entries: size=1, first=(t:12, i:889), STATEMACHINELOGENTRY, client-236938EB08E4, cid=444
2019-09-24 17:35:29,460 WARN  server.GrpcLogAppender (GrpcLogAppender.java:timeoutAppendRequest(200)) - s2@group-ED203BE14A97->s0-GrpcLogAppender: appendEntries Timeout, request=s2->s0#1788-t12, previous=(t:12, i:889), leaderCommit=888, initializing? false, entries: <empty>
2019-09-24 17:35:29,460 WARN  server.GrpcLogAppender (GrpcLogAppender.java:timeoutAppendRequest(200)) - s2@group-ED203BE14A97->s1-GrpcLogAppender: appendEntries Timeout, request=s2->s1#1789-t12, previous=(t:12, i:889), leaderCommit=888, initializing? false, entries: <empty>
2019-09-24 17:35:29,535 WARN  server.GrpcLogAppender (GrpcLogAppender.java:timeoutAppendRequest(200)) - s2@group-ED203BE14A97->s0-GrpcLogAppender: appendEntries Timeout, request=s2->s0#1789-t12, previous=(t:12, i:889), leaderCommit=888, initializing? false, entries: <empty>
2019-09-24 17:35:29,535 WARN  server.GrpcLogAppender (GrpcLogAppender.java:timeoutAppendRequest(200)) - s2@group-ED203BE14A97->s1-GrpcLogAppender: appendEntries Timeout, request=s2->s1#1790-t12, previous=(t:12, i:889), leaderCommit=888, initializing? false, entries: <empty>
2019-09-24 17:35:29,610 WARN  server.GrpcLogAppender (GrpcLogAppender.java:timeoutAppendRequest(200)) - s2@group-ED203BE14A97->s0-GrpcLogAppender: appendEntries Timeout, request=s2->s0#1790-t12, previous=(t:12, i:889), leaderCommit=888, initializing? false, entries: <empty>
2019-09-24 17:35:29,610 WARN  server.GrpcLogAppender (GrpcLogAppender.java:timeoutAppendRequest(200)) - s2@group-ED203BE14A97->s1-GrpcLogAppender: appendEntries Timeout, request=s2->s1#1791-t12, previous=(t:12, i:889), leaderCommit=888, initializing? false, entries: <empty>
2019-09-24 17:35:29,686 WARN  server.GrpcLogAppender (GrpcLogAppender.java:timeoutAppendRequest(200)) - s2@group-ED203BE14A97->s1-GrpcLogAppender: appendEntries Timeout, request=s2->s1#1792-t12, previous=(t:12, i:889), leaderCommit=888, initializing? false, entries: <empty>
2019-09-24 17:35:29,686 WARN  server.GrpcLogAppender (GrpcLogAppender.java:timeoutAppendRequest(200)) - s2@group-ED203BE14A97->s0-GrpcLogAppender: appendEntries Timeout, request=s2->s0#1791-t12, previous=(t:12, i:889), leaderCommit=888, initializing? false, entries: <empty>
2019-09-24 17:35:29,761 WARN  server.GrpcLogAppender (GrpcLogAppender.java:timeoutAppendRequest(200)) - s2@group-ED203BE14A97->s1-GrpcLogAppender: appendEntries Timeout, request=s2->s1#1793-t12, previous=(t:12, i:889), leaderCommit=888, initializing? false, entries: <empty>
2019-09-24 17:35:29,761 WARN  server.GrpcLogAppender (GrpcLogAppender.java:timeoutAppendRequest(200)) - s2@group-ED203BE14A97->s0-GrpcLogAppender: appendEntries Timeout, request=s2->s0#1792-t12, previous=(t:12, i:889), leaderCommit=888, initializing? false, entries: <empty>
2019-09-24 17:35:29,836 WARN  server.GrpcLogAppender (GrpcLogAppender.java:timeoutAppendRequest(200)) - s2@group-ED203BE14A97->s0-GrpcLogAppender: appendEntries Timeout, request=s2->s0#1793-t12, previous=(t:12, i:889), leaderCommit=888, initializing? false, entries: <empty>
2019-09-24 17:35:29,836 WARN  server.GrpcLogAppender (GrpcLogAppender.java:timeoutAppendRequest(200)) - s2@group-ED203BE14A97->s1-GrpcLogAppender: appendEntries Timeout, request=s2->s1#1794-t12, previous=(t:12, i:889), leaderCommit=888, initializing? false, entries: <empty>
2019-09-24 17:35:29,911 WARN  server.GrpcLogAppender (GrpcLogAppender.java:timeoutAppendRequest(200)) - s2@group-ED203BE14A97->s0-GrpcLogAppender: appendEntries Timeout, request=s2->s0#1794-t12, previous=(t:12, i:889), leaderCommit=888, initializing? false, entries: <empty>
2019-09-24 17:35:29,911 WARN  server.GrpcLogAppender (GrpcLogAppender.java:timeoutAppendRequest(200)) - s2@group-ED203BE14A97->s1-GrpcLogAppender: appendEntries Timeout, request=s2->s1#1795-t12, previous=(t:12, i:889), leaderCommit=888, initializing? false, entries: <empty>
2019-09-24 17:35:29,970 WARN  server.GrpcLogAppender (GrpcLogAppender.java:onNextImpl(251)) - s2@group-ED203BE14A97->s0-AppendLogResponseHandler: Request not found, ignoring reply: s2<-s0#1787:OK,SUCCESS,nextIndex:890,term:12,followerCommit:888
2019-09-24 17:35:29,970 WARN  server.GrpcLogAppender (GrpcLogAppender.java:onNextImpl(251)) - s2@group-ED203BE14A97->s0-AppendLogResponseHandler: Request not found, ignoring reply: s2<-s0#1788:OK,SUCCESS,nextIndex:890,term:12,followerCommit:888
2019-09-24 17:35:29,970 WARN  server.GrpcLogAppender (GrpcLogAppender.java:onNextImpl(251)) - s2@group-ED203BE14A97->s0-AppendLogResponseHandler: Request not found, ignoring reply: s2<-s0#1789:OK,SUCCESS,nextIndex:890,term:12,followerCommit:888
2019-09-24 17:35:29,971 WARN  server.GrpcLogAppender (GrpcLogAppender.java:onNextImpl(251)) - s2@group-ED203BE14A97->s0-AppendLogResponseHandler: Request not found, ignoring reply: s2<-s0#1790:OK,SUCCESS,nextIndex:890,term:12,followerCommit:888
2019-09-24 17:35:29,971 WARN  server.GrpcLogAppender (GrpcLogAppender.java:onNextImpl(251)) - s2@group-ED203BE14A97->s0-AppendLogResponseHandler: Request not found, ignoring reply: s2<-s0#1791:OK,SUCCESS,nextIndex:890,term:12,followerCommit:888
2019-09-24 17:35:29,971 WARN  server.GrpcLogAppender (GrpcLogAppender.java:onNextImpl(251)) - s2@group-ED203BE14A97->s0-AppendLogResponseHandler: Request not found, ignoring reply: s2<-s0#1792:OK,SUCCESS,nextIndex:890,term:12,followerCommit:888
2019-09-24 17:35:29,971 WARN  server.GrpcLogAppender (GrpcLogAppender.java:onNextImpl(251)) - s2@group-ED203BE14A97->s0-AppendLogResponseHandler: Request not found, ignoring reply: s2<-s0#1793:OK,SUCCESS,nextIndex:890,term:12,followerCommit:888
2019-09-24 17:35:29,972 WARN  server.GrpcLogAppender (GrpcLogAppender.java:onNextImpl(251)) - s2@group-ED203BE14A97->s0-AppendLogResponseHandler: Request not found, ignoring reply: s2<-s0#1794:OK,SUCCESS,nextIndex:890,term:12,followerCommit:888
2019-09-24 17:35:29,973 WARN  server.GrpcLogAppender (GrpcLogAppender.java:onNextImpl(251)) - s2@group-ED203BE14A97->s1-AppendLogResponseHandler: Request not found, ignoring reply: s2<-s1#1788:OK,SUCCESS,nextIndex:890,term:12,followerCommit:888
2019-09-24 17:35:29,974 WARN  server.GrpcLogAppender (GrpcLogAppender.java:onNextImpl(251)) - s2@group-ED203BE14A97->s1-AppendLogResponseHandler: Request not found, ignoring reply: s2<-s1#1789:OK,SUCCESS,nextIndex:890,term:12,followerCommit:888
2019-09-24 17:35:29,975 WARN  server.GrpcLogAppender (GrpcLogAppender.java:onNextImpl(251)) - s2@group-ED203BE14A97->s1-AppendLogResponseHandler: Request not found, ignoring reply: s2<-s1#1790:OK,SUCCESS,nextIndex:890,term:12,followerCommit:888
2019-09-24 17:35:29,975 WARN  server.GrpcLogAppender (GrpcLogAppender.java:onNextImpl(251)) - s2@group-ED203BE14A97->s1-AppendLogResponseHandler: Request not found, ignoring reply: s2<-s1#1791:OK,SUCCESS,nextIndex:890,term:12,followerCommit:888
2019-09-24 17:35:29,975 WARN  server.GrpcLogAppender (GrpcLogAppender.java:onNextImpl(251)) - s2@group-ED203BE14A97->s1-AppendLogResponseHandler: Request not found, ignoring reply: s2<-s1#1792:OK,SUCCESS,nextIndex:890,term:12,followerCommit:888
2019-09-24 17:35:29,976 WARN  server.GrpcLogAppender (GrpcLogAppender.java:onNextImpl(251)) - s2@group-ED203BE14A97->s1-AppendLogResponseHandler: Request not found, ignoring reply: s2<-s1#1793:OK,SUCCESS,nextIndex:890,term:12,followerCommit:888
2019-09-24 17:35:29,976 WARN  server.GrpcLogAppender (GrpcLogAppender.java:onNextImpl(251)) - s2@group-ED203BE14A97->s1-AppendLogResponseHandler: Request not found, ignoring reply: s2<-s1#1794:OK,SUCCESS,nextIndex:890,term:12,followerCommit:888
2019-09-24 17:35:29,976 WARN  server.GrpcLogAppender (GrpcLogAppender.java:onNextImpl(251)) - s2@group-ED203BE14A97->s1-AppendLogResponseHandler: Request not found, ignoring reply: s2<-s1#1795:OK,SUCCESS,nextIndex:890,term:12,followerCommit:888
2019-09-24 17:35:32,973 WARN  server.GrpcLogAppender (GrpcLogAppender.java:timeoutAppendRequest(200)) - s2@group-ED203BE14A97->s1-GrpcLogAppender: appendEntries Timeout, request=s2->s1#1836-t12, previous=(t:12, i:889), leaderCommit=889, initializing? false, entries: size=1, first=(t:12, i:890), METADATAENTRY(c889)
2019-09-24 17:35:32,973 WARN  server.GrpcLogAppender (GrpcLogAppender.java:timeoutAppendRequest(200)) - s2@group-ED203BE14A97->s0-GrpcLogAppender: appendEntries Timeout, request=s2->s0#1835-t12, previous=(t:12, i:889), leaderCommit=889, initializing? false, entries: size=1, first=(t:12, i:890), METADATAENTRY(c889)
2019-09-24 17:35:32,977 WARN  server.GrpcLogAppender (GrpcLogAppender.java:timeoutAppendRequest(200)) - s2@group-ED203BE14A97->s0-GrpcLogAppender: appendEntries Timeout, request=s2->s0#1836-t12, previous=(t:12, i:890), leaderCommit=889, initializing? false, entries: size=1, first=(t:12, i:891), STATEMACHINELOGENTRY, client-236938EB08E4, cid=445
2019-09-24 17:35:32,977 WARN  server.GrpcLogAppender (GrpcLogAppender.java:timeoutAppendRequest(200)) - s2@group-ED203BE14A97->s1-GrpcLogAppender: appendEntries Timeout, request=s2->s1#1837-t12, previous=(t:12, i:890), leaderCommit=889, initializing? false, entries: size=1, first=(t:12, i:891), STATEMACHINELOGENTRY, client-236938EB08E4, cid=445
2019-09-24 17:35:33,053 WARN  server.GrpcLogAppender (GrpcLogAppender.java:timeoutAppendRequest(200)) - s2@group-ED203BE14A97->s0-GrpcLogAppender: appendEntries Timeout, request=s2->s0#1837-t12, previous=(t:12, i:891), leaderCommit=889, initializing? false, entries: <empty>
2019-09-24 17:35:33,054 WARN  server.GrpcLogAppender (GrpcLogAppender.java:timeoutAppendRequest(200)) - s2@group-ED203BE14A97->s1-GrpcLogAppender: appendEntries Timeout, request=s2->s1#1838-t12, previous=(t:12, i:891), leaderCommit=889, initializing? false, entries: <empty>
2019-09-24 17:35:33,128 WARN  server.GrpcLogAppender (GrpcLogAppender.java:timeoutAppendRequest(200)) - s2@group-ED203BE14A97->s0-GrpcLogAppender: appendEntries Timeout, request=s2->s0#1838-t12, previous=(t:12, i:891), leaderCommit=889, initializing? false, entries: <empty>
2019-09-24 17:35:33,130 WARN  server.GrpcLogAppender (GrpcLogAppender.java:timeoutAppendRequest(200)) - s2@group-ED203BE14A97->s1-GrpcLogAppender: appendEntries Timeout, request=s2->s1#1839-t12, previous=(t:12, i:891), leaderCommit=889, initializing? false, entries: <empty>
2019-09-24 17:35:33,203 WARN  server.GrpcLogAppender (GrpcLogAppender.java:timeoutAppendRequest(200)) - s2@group-ED203BE14A97->s0-GrpcLogAppender: appendEntries Timeout, request=s2->s0#1839-t12, previous=(t:12, i:891), leaderCommit=889, initializing? false, entries: <empty>
2019-09-24 17:35:33,205 WARN  server.GrpcLogAppender (GrpcLogAppender.java:timeoutAppendRequest(200)) - s2@group-ED203BE14A97->s1-GrpcLogAppender: appendEntries Timeout, request=s2->s1#1840-t12, previous=(t:12, i:891), leaderCommit=889, initializing? false, entries: <empty>
2019-09-24 17:35:33,279 WARN  server.GrpcLogAppender (GrpcLogAppender.java:timeoutAppendRequest(200)) - s2@group-ED203BE14A97->s0-GrpcLogAppender: appendEntries Timeout, request=s2->s0#1840-t12, previous=(t:12, i:891), leaderCommit=889, initializing? false, entries: <empty>
2019-09-24 17:35:33,280 WARN  server.GrpcLogAppender (GrpcLogAppender.java:timeoutAppendRequest(200)) - s2@group-ED203BE14A97->s1-GrpcLogAppender: appendEntries Timeout, request=s2->s1#1841-t12, previous=(t:12, i:891), leaderCommit=889, initializing? false, entries: <empty>
2019-09-24 17:35:33,354 WARN  server.GrpcLogAppender (GrpcLogAppender.java:timeoutAppendRequest(200)) - s2@group-ED203BE14A97->s0-GrpcLogAppender: appendEntries Timeout, request=s2->s0#1841-t12, previous=(t:12, i:891), leaderCommit=889, initializing? false, entries: <empty>
2019-09-24 17:35:33,355 WARN  server.GrpcLogAppender (GrpcLogAppender.java:timeoutAppendRequest(200)) - s2@group-ED203BE14A97->s1-GrpcLogAppender: appendEntries Timeout, request=s2->s1#1842-t12, previous=(t:12, i:891), leaderCommit=889, initializing? false, entries: <empty>
2019-09-24 17:35:33,429 WARN  server.GrpcLogAppender (GrpcLogAppender.java:timeoutAppendRequest(200)) - s2@group-ED203BE14A97->s0-GrpcLogAppender: appendEntries Timeout, request=s2->s0#1842-t12, previous=(t:12, i:891), leaderCommit=889, initializing? false, entries: <empty>
2019-09-24 17:35:33,431 WARN  server.GrpcLogAppender (GrpcLogAppender.java:timeoutAppendRequest(200)) - s2@group-ED203BE14A97->s1-GrpcLogAppender: appendEntries Timeout, request=s2->s1#1843-t12, previous=(t:12, i:891), leaderCommit=889, initializing? false, entries: <empty>
2019-09-24 17:35:33,504 WARN  server.GrpcLogAppender (GrpcLogAppender.java:timeoutAppendRequest(200)) - s2@group-ED203BE14A97->s0-GrpcLogAppender: appendEntries Timeout, request=s2->s0#1843-t12, previous=(t:12, i:891), leaderCommit=889, initializing? false, entries: <empty>
2019-09-24 17:35:33,506 WARN  server.GrpcLogAppender (GrpcLogAppender.java:timeoutAppendRequest(200)) - s2@group-ED203BE14A97->s1-GrpcLogAppender: appendEntries Timeout, request=s2->s1#1844-t12, previous=(t:12, i:891), leaderCommit=889, initializing? false, entries: <empty>
2019-09-24 17:35:33,580 WARN  server.GrpcLogAppender (GrpcLogAppender.java:timeoutAppendRequest(200)) - s2@group-ED203BE14A97->s0-GrpcLogAppender: appendEntries Timeout, request=s2->s0#1844-t12, previous=(t:12, i:891), leaderCommit=889, initializing? false, entries: <empty>
2019-09-24 17:35:33,581 WARN  server.GrpcLogAppender (GrpcLogAppender.java:timeoutAppendRequest(200)) - s2@group-ED203BE14A97->s1-GrpcLogAppender: appendEntries Timeout, request=s2->s1#1845-t12, previous=(t:12, i:891), leaderCommit=889, initializing? false, entries: <empty>
2019-09-24 17:35:33,655 WARN  server.GrpcLogAppender (GrpcLogAppender.java:timeoutAppendRequest(200)) - s2@group-ED203BE14A97->s0-GrpcLogAppender: appendEntries Timeout, request=s2->s0#1845-t12, previous=(t:12, i:891), leaderCommit=889, initializing? false, entries: <empty>
2019-09-24 17:35:33,656 WARN  server.GrpcLogAppender (GrpcLogAppender.java:timeoutAppendRequest(200)) - s2@group-ED203BE14A97->s1-GrpcLogAppender: appendEntries Timeout, request=s2->s1#1846-t12, previous=(t:12, i:891), leaderCommit=889, initializing? false, entries: <empty>
2019-09-24 17:35:33,730 WARN  server.GrpcLogAppender (GrpcLogAppender.java:timeoutAppendRequest(200)) - s2@group-ED203BE14A97->s0-GrpcLogAppender: appendEntries Timeout, request=s2->s0#1846-t12, previous=(t:12, i:891), leaderCommit=889, initializing? false, entries: <empty>
2019-09-24 17:35:33,731 WARN  server.GrpcLogAppender (GrpcLogAppender.java:timeoutAppendRequest(200)) - s2@group-ED203BE14A97->s1-GrpcLogAppender: appendEntries Timeout, request=s2->s1#1847-t12, previous=(t:12, i:891), leaderCommit=889, initializing? false, entries: <empty>
2019-09-24 17:35:33,805 WARN  server.GrpcLogAppender (GrpcLogAppender.java:timeoutAppendRequest(200)) - s2@group-ED203BE14A97->s0-GrpcLogAppender: appendEntries Timeout, request=s2->s0#1847-t12, previous=(t:12, i:891), leaderCommit=889, initializing? false, entries: <empty>
2019-09-24 17:35:33,807 WARN  server.GrpcLogAppender (GrpcLogAppender.java:timeoutAppendRequest(200)) - s2@group-ED203BE14A97->s1-GrpcLogAppender: appendEntries Timeout, request=s2->s1#1848-t12, previous=(t:12, i:891), leaderCommit=889, initializing? false, entries: <empty>
2019-09-24 17:35:33,814 INFO  ratis.MiniRaftCluster (MiniRaftCluster.java:lambda$null$5(297)) - TIMED-PRINT: printing ALL groups
  s0:  RUNNING  FOLLOWER s0@group-ED203BE14A97:t12, leader=s2, voted=s2, raftlog=s0@group-ED203BE14A97-SegmentedRaftLog:OPENED:c889,f889,i891, conf=0: [s0:0.0.0.0:42001, s1:0.0.0.0:43636, s2:0.0.0.0:41913], old=null RUNNING
  s1:  RUNNING  FOLLOWER s1@group-ED203BE14A97:t12, leader=s2, voted=s1, raftlog=s1@group-ED203BE14A97-SegmentedRaftLog:OPENED:c889,f889,i891, conf=0: [s0:0.0.0.0:42001, s1:0.0.0.0:43636, s2:0.0.0.0:41913], old=null RUNNING
  s2:  RUNNING    LEADER s2@group-ED203BE14A97:t12, leader=s2, voted=s2, raftlog=s2@group-ED203BE14A97-SegmentedRaftLog:OPENED:c889,f889,i891, conf=0: [s0:0.0.0.0:42001, s1:0.0.0.0:43636, s2:0.0.0.0:41913], old=null RUNNING
2019-09-24 17:35:33,881 WARN  server.GrpcLogAppender (GrpcLogAppender.java:timeoutAppendRequest(200)) - s2@group-ED203BE14A97->s0-GrpcLogAppender: appendEntries Timeout, request=s2->s0#1848-t12, previous=(t:12, i:891), leaderCommit=889, initializing? false, entries: <empty>
2019-09-24 17:35:33,882 WARN  server.GrpcLogAppender (GrpcLogAppender.java:timeoutAppendRequest(200)) - s2@group-ED203BE14A97->s1-GrpcLogAppender: appendEntries Timeout, request=s2->s1#1849-t12, previous=(t:12, i:891), leaderCommit=889, initializing? false, entries: <empty>
2019-09-24 17:35:33,956 WARN  server.GrpcLogAppender (GrpcLogAppender.java:timeoutAppendRequest(200)) - s2@group-ED203BE14A97->s0-GrpcLogAppender: appendEntries Timeout, request=s2->s0#1849-t12, previous=(t:12, i:891), leaderCommit=889, initializing? false, entries: <empty>
2019-09-24 17:35:33,957 WARN  server.GrpcLogAppender (GrpcLogAppender.java:timeoutAppendRequest(200)) - s2@group-ED203BE14A97->s1-GrpcLogAppender: appendEntries Timeout, request=s2->s1#1850-t12, previous=(t:12, i:891), leaderCommit=889, initializing? false, entries: <empty>
2019-09-24 17:35:34,031 WARN  server.GrpcLogAppender (GrpcLogAppender.java:timeoutAppendRequest(200)) - s2@group-ED203BE14A97->s0-GrpcLogAppender: appendEntries Timeout, request=s2->s0#1850-t12, previous=(t:12, i:891), leaderCommit=889, initializing? false, entries: <empty>
2019-09-24 17:35:34,032 WARN  server.GrpcLogAppender (GrpcLogAppender.java:timeoutAppendRequest(200)) - s2@group-ED203BE14A97->s1-GrpcLogAppender: appendEntries Timeout, request=s2->s1#1851-t12, previous=(t:12, i:891), leaderCommit=889, initializing? false, entries: <empty>
2019-09-24 17:35:34,107 WARN  server.GrpcLogAppender (GrpcLogAppender.java:timeoutAppendRequest(200)) - s2@group-ED203BE14A97->s0-GrpcLogAppender: appendEntries Timeout, request=s2->s0#1851-t12, previous=(t:12, i:891), leaderCommit=889, initializing? false, entries: <empty>
2019-09-24 17:35:34,108 WARN  server.GrpcLogAppender (GrpcLogAppender.java:timeoutAppendRequest(200)) - s2@group-ED203BE14A97->s1-GrpcLogAppender: appendEntries Timeout, request=s2->s1#1852-t12, previous=(t:12, i:891), leaderCommit=889, initializing? false, entries: <empty>
2019-09-24 17:35:34,182 WARN  server.GrpcLogAppender (GrpcLogAppender.java:timeoutAppendRequest(200)) - s2@group-ED203BE14A97->s0-GrpcLogAppender: appendEntries Timeout, request=s2->s0#1852-t12, previous=(t:12, i:891), leaderCommit=889, initializing? false, entries: <empty>
2019-09-24 17:35:34,183 WARN  server.GrpcLogAppender (GrpcLogAppender.java:timeoutAppendRequest(200)) - s2@group-ED203BE14A97->s1-GrpcLogAppender: appendEntries Timeout, request=s2->s1#1853-t12, previous=(t:12, i:891), leaderCommit=889, initializing? false, entries: <empty>
2019-09-24 17:35:34,257 WARN  server.GrpcLogAppender (GrpcLogAppender.java:timeoutAppendRequest(200)) - s2@group-ED203BE14A97->s0-GrpcLogAppender: appendEntries Timeout, request=s2->s0#1853-t12, previous=(t:12, i:891), leaderCommit=889, initializing? false, entries: <empty>
2019-09-24 17:35:34,258 WARN  server.GrpcLogAppender (GrpcLogAppender.java:timeoutAppendRequest(200)) - s2@group-ED203BE14A97->s1-GrpcLogAppender: appendEntries Timeout, request=s2->s1#1854-t12, previous=(t:12, i:891), leaderCommit=889, initializing? false, entries: <empty>
2019-09-24 17:35:34,332 WARN  server.GrpcLogAppender (GrpcLogAppender.java:timeoutAppendRequest(200)) - s2@group-ED203BE14A97->s0-GrpcLogAppender: appendEntries Timeout, request=s2->s0#1854-t12, previous=(t:12, i:891), leaderCommit=889, initializing? false, entries: <empty>
2019-09-24 17:35:34,333 WARN  server.GrpcLogAppender (GrpcLogAppender.java:timeoutAppendRequest(200)) - s2@group-ED203BE14A97->s1-GrpcLogAppender: appendEntries Timeout, request=s2->s1#1855-t12, previous=(t:12, i:891), leaderCommit=889, initializing? false, entries: <empty>
2019-09-24 17:35:34,407 WARN  server.GrpcLogAppender (GrpcLogAppender.java:timeoutAppendRequest(200)) - s2@group-ED203BE14A97->s0-GrpcLogAppender: appendEntries Timeout, request=s2->s0#1855-t12, previous=(t:12, i:891), leaderCommit=889, initializing? false, entries: <empty>
2019-09-24 17:35:34,408 WARN  server.GrpcLogAppender (GrpcLogAppender.java:timeoutAppendRequest(200)) - s2@group-ED203BE14A97->s1-GrpcLogAppender: appendEntries Timeout, request=s2->s1#1856-t12, previous=(t:12, i:891), leaderCommit=889, initializing? false, entries: <empty>
2019-09-24 17:35:34,485 WARN  server.GrpcLogAppender (GrpcLogAppender.java:timeoutAppendRequest(200)) - s2@group-ED203BE14A97->s1-GrpcLogAppender: appendEntries Timeout, request=s2->s1#1857-t12, previous=(t:12, i:891), leaderCommit=889, initializing? false, entries: <empty>
2019-09-24 17:35:34,485 WARN  server.GrpcLogAppender (GrpcLogAppender.java:timeoutAppendRequest(200)) - s2@group-ED203BE14A97->s0-GrpcLogAppender: appendEntries Timeout, request=s2->s0#1856-t12, previous=(t:12, i:891), leaderCommit=889, initializing? false, entries: <empty>
2019-09-24 17:35:34,561 WARN  server.GrpcLogAppender (GrpcLogAppender.java:timeoutAppendRequest(200)) - s2@group-ED203BE14A97->s0-GrpcLogAppender: appendEntries Timeout, request=s2->s0#1857-t12, previous=(t:12, i:891), leaderCommit=889, initializing? false, entries: <empty>
2019-09-24 17:35:34,561 WARN  server.GrpcLogAppender (GrpcLogAppender.java:timeoutAppendRequest(200)) - s2@group-ED203BE14A97->s1-GrpcLogAppender: appendEntries Timeout, request=s2->s1#1858-t12, previous=(t:12, i:891), leaderCommit=889, initializing? false, entries: <empty>
2019-09-24 17:35:34,636 WARN  server.GrpcLogAppender (GrpcLogAppender.java:timeoutAppendRequest(200)) - s2@group-ED203BE14A97->s1-GrpcLogAppender: appendEntries Timeout, request=s2->s1#1859-t12, previous=(t:12, i:891), leaderCommit=889, initializing? false, entries: <empty>
2019-09-24 17:35:34,636 WARN  server.GrpcLogAppender (GrpcLogAppender.java:timeoutAppendRequest(200)) - s2@group-ED203BE14A97->s0-GrpcLogAppender: appendEntries Timeout, request=s2->s0#1858-t12, previous=(t:12, i:891), leaderCommit=889, initializing? false, entries: <empty>
2019-09-24 17:35:34,711 WARN  server.GrpcLogAppender (GrpcLogAppender.java:timeoutAppendRequest(200)) - s2@group-ED203BE14A97->s1-GrpcLogAppender: appendEntries Timeout, request=s2->s1#1860-t12, previous=(t:12, i:891), leaderCommit=889, initializing? false, entries: <empty>
2019-09-24 17:35:34,711 WARN  server.GrpcLogAppender (GrpcLogAppender.java:timeoutAppendRequest(200)) - s2@group-ED203BE14A97->s0-GrpcLogAppender: appendEntries Timeout, request=s2->s0#1859-t12, previous=(t:12, i:891), leaderCommit=889, initializing? false, entries: <empty>
2019-09-24 17:35:34,786 WARN  server.GrpcLogAppender (GrpcLogAppender.java:timeoutAppendRequest(200)) - s2@group-ED203BE14A97->s0-GrpcLogAppender: appendEntries Timeout, request=s2->s0#1860-t12, previous=(t:12, i:891), leaderCommit=889, initializing? false, entries: <empty>
2019-09-24 17:35:34,786 WARN  server.GrpcLogAppender (GrpcLogAppender.java:timeoutAppendRequest(200)) - s2@group-ED203BE14A97->s1-GrpcLogAppender: appendEntries Timeout, request=s2->s1#1861-t12, previous=(t:12, i:891), leaderCommit=889, initializing? false, entries: <empty>
2019-09-24 17:35:34,862 WARN  server.GrpcLogAppender (GrpcLogAppender.java:timeoutAppendRequest(200)) - s2@group-ED203BE14A97->s0-GrpcLogAppender: appendEntries Timeout, request=s2->s0#1861-t12, previous=(t:12, i:891), leaderCommit=889, initializing? false, entries: <empty>
2019-09-24 17:35:34,862 WARN  server.GrpcLogAppender (GrpcLogAppender.java:timeoutAppendRequest(200)) - s2@group-ED203BE14A97->s1-GrpcLogAppender: appendEntries Timeout, request=s2->s1#1862-t12, previous=(t:12, i:891), leaderCommit=889, initializing? false, entries: <empty>
2019-09-24 17:35:34,937 WARN  server.GrpcLogAppender (GrpcLogAppender.java:timeoutAppendRequest(200)) - s2@group-ED203BE14A97->s1-GrpcLogAppender: appendEntries Timeout, request=s2->s1#1863-t12, previous=(t:12, i:891), leaderCommit=889, initializing? false, entries: <empty>
2019-09-24 17:35:34,937 WARN  server.GrpcLogAppender (GrpcLogAppender.java:timeoutAppendRequest(200)) - s2@group-ED203BE14A97->s0-GrpcLogAppender: appendEntries Timeout, request=s2->s0#1862-t12, previous=(t:12, i:891), leaderCommit=889, initializing? false, entries: <empty>
2019-09-24 17:35:35,012 WARN  server.GrpcLogAppender (GrpcLogAppender.java:timeoutAppendRequest(200)) - s2@group-ED203BE14A97->s1-GrpcLogAppender: appendEntries Timeout, request=s2->s1#1864-t12, previous=(t:12, i:891), leaderCommit=889, initializing? false, entries: <empty>
2019-09-24 17:35:35,012 WARN  server.GrpcLogAppender (GrpcLogAppender.java:timeoutAppendRequest(200)) - s2@group-ED203BE14A97->s0-GrpcLogAppender: appendEntries Timeout, request=s2->s0#1863-t12, previous=(t:12, i:891), leaderCommit=889, initializing? false, entries: <empty>
2019-09-24 17:35:35,087 WARN  server.GrpcLogAppender (GrpcLogAppender.java:timeoutAppendRequest(200)) - s2@group-ED203BE14A97->s1-GrpcLogAppender: appendEntries Timeout, request=s2->s1#1865-t12, previous=(t:12, i:891), leaderCommit=889, initializing? false, entries: <empty>
2019-09-24 17:35:35,087 WARN  server.GrpcLogAppender (GrpcLogAppender.java:timeoutAppendRequest(200)) - s2@group-ED203BE14A97->s0-GrpcLogAppender: appendEntries Timeout, request=s2->s0#1864-t12, previous=(t:12, i:891), leaderCommit=889, initializing? false, entries: <empty>
2019-09-24 17:35:35,162 WARN  server.GrpcLogAppender (GrpcLogAppender.java:timeoutAppendRequest(200)) - s2@group-ED203BE14A97->s1-GrpcLogAppender: appendEntries Timeout, request=s2->s1#1866-t12, previous=(t:12, i:891), leaderCommit=889, initializing? false, entries: <empty>
2019-09-24 17:35:35,162 WARN  server.GrpcLogAppender (GrpcLogAppender.java:timeoutAppendRequest(200)) - s2@group-ED203BE14A97->s0-GrpcLogAppender: appendEntries Timeout, request=s2->s0#1865-t12, previous=(t:12, i:891), leaderCommit=889, initializing? false, entries: <empty>
2019-09-24 17:35:35,177 WARN  server.GrpcLogAppender (GrpcLogAppender.java:onNextImpl(251)) - s2@group-ED203BE14A97->s1-AppendLogResponseHandler: Request not found, ignoring reply: s2<-s1#1836:OK,SUCCESS,nextIndex:891,term:12,followerCommit:889
2019-09-24 17:35:35,212 WARN  server.GrpcLogAppender (GrpcLogAppender.java:onNextImpl(251)) - s2@group-ED203BE14A97->s0-AppendLogResponseHandler: Request not found, ignoring reply: s2<-s0#1835:OK,SUCCESS,nextIndex:891,term:12,followerCommit:889
2019-09-24 17:35:35,238 WARN  server.GrpcLogAppender (GrpcLogAppender.java:timeoutAppendRequest(200)) - s2@group-ED203BE14A97->s1-GrpcLogAppender: appendEntries Timeout, request=s2->s1#1867-t12, previous=(t:12, i:891), leaderCommit=889, initializing? false, entries: <empty>
2019-09-24 17:35:35,238 WARN  server.GrpcLogAppender (GrpcLogAppender.java:timeoutAppendRequest(200)) - s2@group-ED203BE14A97->s0-GrpcLogAppender: appendEntries Timeout, request=s2->s0#1866-t12, previous=(t:12, i:891), leaderCommit=889, initializing? false, entries: <empty>
2019-09-24 17:35:35,313 WARN  server.GrpcLogAppender (GrpcLogAppender.java:timeoutAppendRequest(200)) - s2@group-ED203BE14A97->s0-GrpcLogAppender: appendEntries Timeout, request=s2->s0#1867-t12, previous=(t:12, i:891), leaderCommit=889, initializing? false, entries: <empty>
2019-09-24 17:35:35,313 WARN  server.GrpcLogAppender (GrpcLogAppender.java:timeoutAppendRequest(200)) - s2@group-ED203BE14A97->s1-GrpcLogAppender: appendEntries Timeout, request=s2->s1#1868-t12, previous=(t:12, i:891), leaderCommit=889, initializing? false, entries: <empty>
2019-09-24 17:35:35,388 WARN  server.GrpcLogAppender (GrpcLogAppender.java:timeoutAppendRequest(200)) - s2@group-ED203BE14A97->s1-GrpcLogAppender: appendEntries Timeout, request=s2->s1#1869-t12, previous=(t:12, i:891), leaderCommit=889, initializing? false, entries: <empty>
2019-09-24 17:35:35,392 WARN  server.GrpcLogAppender (GrpcLogAppender.java:timeoutAppendRequest(200)) - s2@group-ED203BE14A97->s0-GrpcLogAppender: appendEntries Timeout, request=s2->s0#1868-t12, previous=(t:12, i:891), leaderCommit=889, initializing? false, entries: <empty>
2019-09-24 17:35:35,463 WARN  server.GrpcLogAppender (GrpcLogAppender.java:timeoutAppendRequest(200)) - s2@group-ED203BE14A97->s1-GrpcLogAppender: appendEntries Timeout, request=s2->s1#1870-t12, previous=(t:12, i:891), leaderCommit=889, initializing? false, entries: <empty>
2019-09-24 17:35:35,467 WARN  server.GrpcLogAppender (GrpcLogAppender.java:timeoutAppendRequest(200)) - s2@group-ED203BE14A97->s0-GrpcLogAppender: appendEntries Timeout, request=s2->s0#1869-t12, previous=(t:12, i:891), leaderCommit=889, initializing? false, entries: <empty>
2019-09-24 17:35:35,538 WARN  server.GrpcLogAppender (GrpcLogAppender.java:timeoutAppendRequest(200)) - s2@group-ED203BE14A97->s1-GrpcLogAppender: appendEntries Timeout, request=s2->s1#1871-t12, previous=(t:12, i:891), leaderCommit=889, initializing? false, entries: <empty>
2019-09-24 17:35:35,542 WARN  server.GrpcLogAppender (GrpcLogAppender.java:timeoutAppendRequest(200)) - s2@group-ED203BE14A97->s0-GrpcLogAppender: appendEntries Timeout, request=s2->s0#1870-t12, previous=(t:12, i:891), leaderCommit=889, initializing? false, entries: <empty>
2019-09-24 17:35:35,614 WARN  server.GrpcLogAppender (GrpcLogAppender.java:timeoutAppendRequest(200)) - s2@group-ED203BE14A97->s1-GrpcLogAppender: appendEntries Timeout, request=s2->s1#1872-t12, previous=(t:12, i:891), leaderCommit=889, initializing? false, entries: <empty>
2019-09-24 17:35:35,617 WARN  server.GrpcLogAppender (GrpcLogAppender.java:timeoutAppendRequest(200)) - s2@group-ED203BE14A97->s0-GrpcLogAppender: appendEntries Timeout, request=s2->s0#1871-t12, previous=(t:12, i:891), leaderCommit=889, initializing? false, entries: <empty>
2019-09-24 17:35:35,689 WARN  server.GrpcLogAppender (GrpcLogAppender.java:timeoutAppendRequest(200)) - s2@group-ED203BE14A97->s1-GrpcLogAppender: appendEntries Timeout, request=s2->s1#1873-t12, previous=(t:12, i:891), leaderCommit=889, initializing? false, entries: <empty>
2019-09-24 17:35:35,693 WARN  server.GrpcLogAppender (GrpcLogAppender.java:timeoutAppendRequest(200)) - s2@group-ED203BE14A97->s0-GrpcLogAppender: appendEntries Timeout, request=s2->s0#1872-t12, previous=(t:12, i:891), leaderCommit=889, initializing? false, entries: <empty>
2019-09-24 17:35:35,764 WARN  server.GrpcLogAppender (GrpcLogAppender.java:timeoutAppendRequest(200)) - s2@group-ED203BE14A97->s1-GrpcLogAppender: appendEntries Timeout, request=s2->s1#1874-t12, previous=(t:12, i:891), leaderCommit=889, initializing? false, entries: <empty>
2019-09-24 17:35:35,768 WARN  server.GrpcLogAppender (GrpcLogAppender.java:timeoutAppendRequest(200)) - s2@group-ED203BE14A97->s0-GrpcLogAppender: appendEntries Timeout, request=s2->s0#1873-t12, previous=(t:12, i:891), leaderCommit=889, initializing? false, entries: <empty>
2019-09-24 17:35:35,839 WARN  server.GrpcLogAppender (GrpcLogAppender.java:timeoutAppendRequest(200)) - s2@group-ED203BE14A97->s1-GrpcLogAppender: appendEntries Timeout, request=s2->s1#1875-t12, previous=(t:12, i:891), leaderCommit=889, initializing? false, entries: <empty>
2019-09-24 17:35:35,843 WARN  server.GrpcLogAppender (GrpcLogAppender.java:timeoutAppendRequest(200)) - s2@group-ED203BE14A97->s0-GrpcLogAppender: appendEntries Timeout, request=s2->s0#1874-t12, previous=(t:12, i:891), leaderCommit=889, initializing? false, entries: <empty>
2019-09-24 17:35:35,915 WARN  server.GrpcLogAppender (GrpcLogAppender.java:timeoutAppendRequest(200)) - s2@group-ED203BE14A97->s1-GrpcLogAppender: appendEntries Timeout, request=s2->s1#1876-t12, previous=(t:12, i:891), leaderCommit=889, initializing? false, entries: <empty>
2019-09-24 17:35:35,918 WARN  server.GrpcLogAppender (GrpcLogAppender.java:timeoutAppendRequest(200)) - s2@group-ED203BE14A97->s0-GrpcLogAppender: appendEntries Timeout, request=s2->s0#1875-t12, previous=(t:12, i:891), leaderCommit=889, initializing? false, entries: <empty>
2019-09-24 17:35:35,990 WARN  server.GrpcLogAppender (GrpcLogAppender.java:timeoutAppendRequest(200)) - s2@group-ED203BE14A97->s1-GrpcLogAppender: appendEntries Timeout, request=s2->s1#1877-t12, previous=(t:12, i:891), leaderCommit=889, initializing? false, entries: <empty>
2019-09-24 17:35:35,993 WARN  server.GrpcLogAppender (GrpcLogAppender.java:timeoutAppendRequest(200)) - s2@group-ED203BE14A97->s0-GrpcLogAppender: appendEntries Timeout, request=s2->s0#1876-t12, previous=(t:12, i:891), leaderCommit=889, initializing? false, entries: <empty>
2019-09-24 17:35:36,065 WARN  server.GrpcLogAppender (GrpcLogAppender.java:timeoutAppendRequest(200)) - s2@group-ED203BE14A97->s1-GrpcLogAppender: appendEntries Timeout, request=s2->s1#1878-t12, previous=(t:12, i:891), leaderCommit=889, initializing? false, entries: <empty>
2019-09-24 17:35:36,069 WARN  server.GrpcLogAppender (GrpcLogAppender.java:timeoutAppendRequest(200)) - s2@group-ED203BE14A97->s0-GrpcLogAppender: appendEntries Timeout, request=s2->s0#1877-t12, previous=(t:12, i:891), leaderCommit=889, initializing? false, entries: <empty>
2019-09-24 17:35:36,140 WARN  server.GrpcLogAppender (GrpcLogAppender.java:timeoutAppendRequest(200)) - s2@group-ED203BE14A97->s1-GrpcLogAppender: appendEntries Timeout, request=s2->s1#1879-t12, previous=(t:12, i:891), leaderCommit=889, initializing? false, entries: <empty>
2019-09-24 17:35:36,144 WARN  server.GrpcLogAppender (GrpcLogAppender.java:timeoutAppendRequest(200)) - s2@group-ED203BE14A97->s0-GrpcLogAppender: appendEntries Timeout, request=s2->s0#1878-t12, previous=(t:12, i:891), leaderCommit=889, initializing? false, entries: <empty>
2019-09-24 17:35:36,215 WARN  server.GrpcLogAppender (GrpcLogAppender.java:timeoutAppendRequest(200)) - s2@group-ED203BE14A97->s1-GrpcLogAppender: appendEntries Timeout, request=s2->s1#1880-t12, previous=(t:12, i:891), leaderCommit=889, initializing? false, entries: <empty>
2019-09-24 17:35:36,219 WARN  server.GrpcLogAppender (GrpcLogAppender.java:timeoutAppendRequest(200)) - s2@group-ED203BE14A97->s0-GrpcLogAppender: appendEntries Timeout, request=s2->s0#1879-t12, previous=(t:12, i:891), leaderCommit=889, initializing? false, entries: <empty>
2019-09-24 17:35:36,291 WARN  server.GrpcLogAppender (GrpcLogAppender.java:timeoutAppendRequest(200)) - s2@group-ED203BE14A97->s1-GrpcLogAppender: appendEntries Timeout, request=s2->s1#1881-t12, previous=(t:12, i:891), leaderCommit=889, initializing? false, entries: <empty>
2019-09-24 17:35:36,294 WARN  server.GrpcLogAppender (GrpcLogAppender.java:timeoutAppendRequest(200)) - s2@group-ED203BE14A97->s0-GrpcLogAppender: appendEntries Timeout, request=s2->s0#1880-t12, previous=(t:12, i:891), leaderCommit=889, initializing? false, entries: <empty>
2019-09-24 17:35:36,366 WARN  server.GrpcLogAppender (GrpcLogAppender.java:timeoutAppendRequest(200)) - s2@group-ED203BE14A97->s1-GrpcLogAppender: appendEntries Timeout, request=s2->s1#1882-t12, previous=(t:12, i:891), leaderCommit=889, initializing? false, entries: <empty>
2019-09-24 17:35:36,369 WARN  server.GrpcLogAppender (GrpcLogAppender.java:timeoutAppendRequest(200)) - s2@group-ED203BE14A97->s0-GrpcLogAppender: appendEntries Timeout, request=s2->s0#1881-t12, previous=(t:12, i:891), leaderCommit=889, initializing? false, entries: <empty>
2019-09-24 17:35:36,441 WARN  server.GrpcLogAppender (GrpcLogAppender.java:timeoutAppendRequest(200)) - s2@group-ED203BE14A97->s1-GrpcLogAppender: appendEntries Timeout, request=s2->s1#1883-t12, previous=(t:12, i:891), leaderCommit=889, initializing? false, entries: <empty>
2019-09-24 17:35:36,445 WARN  server.GrpcLogAppender (GrpcLogAppender.java:timeoutAppendRequest(200)) - s2@group-ED203BE14A97->s0-GrpcLogAppender: appendEntries Timeout, request=s2->s0#1882-t12, previous=(t:12, i:891), leaderCommit=889, initializing? false, entries: <empty>
2019-09-24 17:35:36,516 WARN  server.GrpcLogAppender (GrpcLogAppender.java:timeoutAppendRequest(200)) - s2@group-ED203BE14A97->s1-GrpcLogAppender: appendEntries Timeout, request=s2->s1#1884-t12, previous=(t:12, i:891), leaderCommit=889, initializing? false, entries: <empty>
2019-09-24 17:35:36,520 WARN  server.GrpcLogAppender (GrpcLogAppender.java:timeoutAppendRequest(200)) - s2@group-ED203BE14A97->s0-GrpcLogAppender: appendEntries Timeout, request=s2->s0#1883-t12, previous=(t:12, i:891), leaderCommit=889, initializing? false, entries: <empty>
2019-09-24 17:35:36,591 WARN  server.GrpcLogAppender (GrpcLogAppender.java:timeoutAppendRequest(200)) - s2@group-ED203BE14A97->s1-GrpcLogAppender: appendEntries Timeout, request=s2->s1#1885-t12, previous=(t:12, i:891), leaderCommit=889, initializing? false, entries: <empty>
2019-09-24 17:35:36,595 WARN  server.GrpcLogAppender (GrpcLogAppender.java:timeoutAppendRequest(200)) - s2@group-ED203BE14A97->s0-GrpcLogAppender: appendEntries Timeout, request=s2->s0#1884-t12, previous=(t:12, i:891), leaderCommit=889, initializing? false, entries: <empty>
2019-09-24 17:35:36,667 WARN  server.GrpcLogAppender (GrpcLogAppender.java:timeoutAppendRequest(200)) - s2@group-ED203BE14A97->s1-GrpcLogAppender: appendEntries Timeout, request=s2->s1#1886-t12, previous=(t:12, i:891), leaderCommit=889, initializing? false, entries: <empty>
2019-09-24 17:35:36,670 WARN  server.GrpcLogAppender (GrpcLogAppender.java:timeoutAppendRequest(200)) - s2@group-ED203BE14A97->s0-GrpcLogAppender: appendEntries Timeout, request=s2->s0#1885-t12, previous=(t:12, i:891), leaderCommit=889, initializing? false, entries: <empty>
2019-09-24 17:35:36,742 WARN  server.GrpcLogAppender (GrpcLogAppender.java:timeoutAppendRequest(200)) - s2@group-ED203BE14A97->s1-GrpcLogAppender: appendEntries Timeout, request=s2->s1#1887-t12, previous=(t:12, i:891), leaderCommit=889, initializing? false, entries: <empty>
2019-09-24 17:35:36,746 WARN  server.GrpcLogAppender (GrpcLogAppender.java:timeoutAppendRequest(200)) - s2@group-ED203BE14A97->s0-GrpcLogAppender: appendEntries Timeout, request=s2->s0#1886-t12, previous=(t:12, i:891), leaderCommit=889, initializing? false, entries: <empty>
2019-09-24 17:35:36,817 WARN  server.GrpcLogAppender (GrpcLogAppender.java:timeoutAppendRequest(200)) - s2@group-ED203BE14A97->s1-GrpcLogAppender: appendEntries Timeout, request=s2->s1#1888-t12, previous=(t:12, i:891), leaderCommit=889, initializing? false, entries: <empty>
2019-09-24 17:35:36,821 WARN  server.GrpcLogAppender (GrpcLogAppender.java:timeoutAppendRequest(200)) - s2@group-ED203BE14A97->s0-GrpcLogAppender: appendEntries Timeout, request=s2->s0#1887-t12, previous=(t:12, i:891), leaderCommit=889, initializing? false, entries: <empty>
2019-09-24 17:35:36,892 WARN  server.GrpcLogAppender (GrpcLogAppender.java:timeoutAppendRequest(200)) - s2@group-ED203BE14A97->s1-GrpcLogAppender: appendEntries Timeout, request=s2->s1#1889-t12, previous=(t:12, i:891), leaderCommit=889, initializing? false, entries: <empty>
2019-09-24 17:35:36,896 WARN  server.GrpcLogAppender (GrpcLogAppender.java:timeoutAppendRequest(200)) - s2@group-ED203BE14A97->s0-GrpcLogAppender: appendEntries Timeout, request=s2->s0#1888-t12, previous=(t:12, i:891), leaderCommit=889, initializing? false, entries: <empty>
2019-09-24 17:35:36,967 WARN  server.GrpcLogAppender (GrpcLogAppender.java:timeoutAppendRequest(200)) - s2@group-ED203BE14A97->s1-GrpcLogAppender: appendEntries Timeout, request=s2->s1#1890-t12, previous=(t:12, i:891), leaderCommit=889, initializing? false, entries: <empty>
2019-09-24 17:35:36,971 WARN  server.GrpcLogAppender (GrpcLogAppender.java:timeoutAppendRequest(200)) - s2@group-ED203BE14A97->s0-GrpcLogAppender: appendEntries Timeout, request=s2->s0#1889-t12, previous=(t:12, i:891), leaderCommit=889, initializing? false, entries: <empty>
2019-09-24 17:35:37,043 WARN  server.GrpcLogAppender (GrpcLogAppender.java:timeoutAppendRequest(200)) - s2@group-ED203BE14A97->s1-GrpcLogAppender: appendEntries Timeout, request=s2->s1#1891-t12, previous=(t:12, i:891), leaderCommit=889, initializing? false, entries: <empty>
2019-09-24 17:35:37,046 WARN  server.GrpcLogAppender (GrpcLogAppender.java:timeoutAppendRequest(200)) - s2@group-ED203BE14A97->s0-GrpcLogAppender: appendEntries Timeout, request=s2->s0#1890-t12, previous=(t:12, i:891), leaderCommit=889, initializing? false, entries: <empty>
2019-09-24 17:35:37,118 WARN  server.GrpcLogAppender (GrpcLogAppender.java:timeoutAppendRequest(200)) - s2@group-ED203BE14A97->s1-GrpcLogAppender: appendEntries Timeout, request=s2->s1#1892-t12, previous=(t:12, i:891), leaderCommit=889, initializing? false, entries: <empty>
2019-09-24 17:35:37,122 WARN  server.GrpcLogAppender (GrpcLogAppender.java:timeoutAppendRequest(200)) - s2@group-ED203BE14A97->s0-GrpcLogAppender: appendEntries Timeout, request=s2->s0#1891-t12, previous=(t:12, i:891), leaderCommit=889, initializing? false, entries: <empty>
2019-09-24 17:35:37,193 WARN  server.GrpcLogAppender (GrpcLogAppender.java:timeoutAppendRequest(200)) - s2@group-ED203BE14A97->s1-GrpcLogAppender: appendEntries Timeout, request=s2->s1#1893-t12, previous=(t:12, i:891), leaderCommit=889, initializing? false, entries: <empty>
2019-09-24 17:35:37,197 WARN  server.GrpcLogAppender (GrpcLogAppender.java:timeoutAppendRequest(200)) - s2@group-ED203BE14A97->s0-GrpcLogAppender: appendEntries Timeout, request=s2->s0#1892-t12, previous=(t:12, i:891), leaderCommit=889, initializing? false, entries: <empty>
2019-09-24 17:35:37,269 WARN  server.GrpcLogAppender (GrpcLogAppender.java:timeoutAppendRequest(200)) - s2@group-ED203BE14A97->s1-GrpcLogAppender: appendEntries Timeout, request=s2->s1#1894-t12, previous=(t:12, i:891), leaderCommit=889, initializing? false, entries: <empty>
2019-09-24 17:35:37,272 WARN  server.GrpcLogAppender (GrpcLogAppender.java:timeoutAppendRequest(200)) - s2@group-ED203BE14A97->s0-GrpcLogAppender: appendEntries Timeout, request=s2->s0#1893-t12, previous=(t:12, i:891), leaderCommit=889, initializing? false, entries: <empty>
2019-09-24 17:35:37,344 WARN  server.GrpcLogAppender (GrpcLogAppender.java:timeoutAppendRequest(200)) - s2@group-ED203BE14A97->s1-GrpcLogAppender: appendEntries Timeout, request=s2->s1#1895-t12, previous=(t:12, i:891), leaderCommit=889, initializing? false, entries: <empty>
2019-09-24 17:35:37,347 WARN  server.GrpcLogAppender (GrpcLogAppender.java:timeoutAppendRequest(200)) - s2@group-ED203BE14A97->s0-GrpcLogAppender: appendEntries Timeout, request=s2->s0#1894-t12, previous=(t:12, i:891), leaderCommit=889, initializing? false, entries: <empty>
2019-09-24 17:35:37,419 WARN  server.GrpcLogAppender (GrpcLogAppender.java:timeoutAppendRequest(200)) - s2@group-ED203BE14A97->s1-GrpcLogAppender: appendEntries Timeout, request=s2->s1#1896-t12, previous=(t:12, i:891), leaderCommit=889, initializing? false, entries: <empty>
2019-09-24 17:35:37,422 WARN  server.GrpcLogAppender (GrpcLogAppender.java:timeoutAppendRequest(200)) - s2@group-ED203BE14A97->s0-GrpcLogAppender: appendEntries Timeout, request=s2->s0#1895-t12, previous=(t:12, i:891), leaderCommit=889, initializing? false, entries: <empty>
2019-09-24 17:35:37,494 WARN  server.GrpcLogAppender (GrpcLogAppender.java:onNextImpl(251)) - s2@group-ED203BE14A97->s0-AppendLogResponseHandler: Request not found, ignoring reply: s2<-s0#1836:OK,SUCCESS,nextIndex:892,term:12,followerCommit:889
2019-09-24 17:35:37,494 WARN  server.GrpcLogAppender (GrpcLogAppender.java:onNextImpl(251)) - s2@group-ED203BE14A97->s0-AppendLogResponseHandler: Request not found, ignoring reply: s2<-s0#1837:OK,SUCCESS,nextIndex:892,term:12,followerCommit:889
2019-09-24 17:35:37,494 WARN  server.GrpcLogAppender (GrpcLogAppender.java:timeoutAppendRequest(200)) - s2@group-ED203BE14A97->s1-GrpcLogAppender: appendEntries Timeout, request=s2->s1#1897-t12, previous=(t:12, i:891), leaderCommit=889, initializing? false, entries: <empty>
2019-09-24 17:35:37,494 WARN  server.GrpcLogAppender (GrpcLogAppender.java:onNextImpl(251)) - s2@group-ED203BE14A97->s0-AppendLogResponseHandler: Request not found, ignoring reply: s2<-s0#1838:OK,SUCCESS,nextIndex:892,term:12,followerCommit:889
2019-09-24 17:35:37,495 WARN  server.GrpcLogAppender (GrpcLogAppender.java:onNextImpl(251)) - s2@group-ED203BE14A97->s0-AppendLogResponseHandler: Request not found, ignoring reply: s2<-s0#1839:OK,SUCCESS,nextIndex:892,term:12,followerCommit:889
2019-09-24 17:35:37,495 WARN  server.GrpcLogAppender (GrpcLogAppender.java:onNextImpl(251)) - s2@group-ED203BE14A97->s0-AppendLogResponseHandler: Request not found, ignoring reply: s2<-s0#1840:OK,SUCCESS,nextIndex:892,term:12,followerCommit:889
2019-09-24 17:35:37,495 WARN  server.GrpcLogAppender (GrpcLogAppender.java:onNextImpl(251)) - s2@group-ED203BE14A97->s0-AppendLogResponseHandler: Request not found, ignoring reply: s2<-s0#1841:OK,SUCCESS,nextIndex:892,term:12,followerCommit:889
2019-09-24 17:35:37,496 WARN  server.GrpcLogAppender (GrpcLogAppender.java:onNextImpl(251)) - s2@group-ED203BE14A97->s0-AppendLogResponseHandler: Request not found, ignoring reply: s2<-s0#1842:OK,SUCCESS,nextIndex:892,term:12,followerCommit:889
2019-09-24 17:35:37,496 WARN  server.GrpcLogAppender (GrpcLogAppender.java:onNextImpl(251)) - s2@group-ED203BE14A97->s0-AppendLogResponseHandler: Request not found, ignoring reply: s2<-s0#1843:OK,SUCCESS,nextIndex:892,term:12,followerCommit:889
2019-09-24 17:35:37,496 WARN  server.GrpcLogAppender (GrpcLogAppender.java:onNextImpl(251)) - s2@group-ED203BE14A97->s1-AppendLogResponseHandler: Request not found, ignoring reply: s2<-s1#1837:OK,SUCCESS,nextIndex:892,term:12,followerCommit:889
2019-09-24 17:35:37,496 WARN  server.GrpcLogAppender (GrpcLogAppender.java:onNextImpl(251)) - s2@group-ED203BE14A97->s0-AppendLogResponseHandler: Request not found, ignoring reply: s2<-s0#1844:OK,SUCCESS,nextIndex:892,term:12,followerCommit:889
2019-09-24 17:35:37,496 WARN  server.GrpcLogAppender (GrpcLogAppender.java:onNextImpl(251)) - s2@group-ED203BE14A97->s1-AppendLogResponseHandler: Request not found, ignoring reply: s2<-s1#1838:OK,SUCCESS,nextIndex:892,term:12,followerCommit:889
2019-09-24 17:35:37,496 WARN  server.GrpcLogAppender (GrpcLogAppender.java:onNextImpl(251)) - s2@group-ED203BE14A97->s0-AppendLogResponseHandler: Request not found, ignoring reply: s2<-s0#1845:OK,SUCCESS,nextIndex:892,term:12,followerCommit:889
2019-09-24 17:35:37,497 WARN  server.GrpcLogAppender (GrpcLogAppender.java:onNextImpl(251)) - s2@group-ED203BE14A97->s1-AppendLogResponseHandler: Request not found, ignoring reply: s2<-s1#1839:OK,SUCCESS,nextIndex:892,term:12,followerCommit:889
2019-09-24 17:35:37,497 WARN  server.GrpcLogAppender (GrpcLogAppender.java:onNextImpl(251)) - s2@group-ED203BE14A97->s0-AppendLogResponseHandler: Request not found, ignoring reply: s2<-s0#1846:OK,SUCCESS,nextIndex:892,term:12,followerCommit:889
2019-09-24 17:35:37,497 WARN  server.GrpcLogAppender (GrpcLogAppender.java:onNextImpl(251)) - s2@group-ED203BE14A97->s1-AppendLogResponseHandler: Request not found, ignoring reply: s2<-s1#1840:OK,SUCCESS,nextIndex:892,term:12,followerCommit:889
2019-09-24 17:35:37,497 WARN  server.GrpcLogAppender (GrpcLogAppender.java:onNextImpl(251)) - s2@group-ED203BE14A97->s0-AppendLogResponseHandler: Request not found, ignoring reply: s2<-s0#1847:OK,SUCCESS,nextIndex:892,term:12,followerCommit:889
2019-09-24 17:35:37,497 WARN  server.GrpcLogAppender (GrpcLogAppender.java:onNextImpl(251)) - s2@group-ED203BE14A97->s1-AppendLogResponseHandler: Request not found, ignoring reply: s2<-s1#1841:OK,SUCCESS,nextIndex:892,term:12,followerCommit:889
2019-09-24 17:35:37,498 WARN  server.GrpcLogAppender (GrpcLogAppender.java:onNextImpl(251)) - s2@group-ED203BE14A97->s0-AppendLogResponseHandler: Request not found, ignoring reply: s2<-s0#1848:OK,SUCCESS,nextIndex:892,term:12,followerCommit:889
2019-09-24 17:35:37,498 WARN  server.GrpcLogAppender (GrpcLogAppender.java:timeoutAppendRequest(200)) - s2@group-ED203BE14A97->s0-GrpcLogAppender: appendEntries Timeout, request=s2->s0#1896-t12, previous=(t:12, i:891), leaderCommit=889, initializing? false, entries: <empty>
2019-09-24 17:35:37,498 WARN  server.GrpcLogAppender (GrpcLogAppender.java:onNextImpl(251)) - s2@group-ED203BE14A97->s0-AppendLogResponseHandler: Request not found, ignoring reply: s2<-s0#1849:OK,SUCCESS,nextIndex:892,term:12,followerCommit:889
2019-09-24 17:35:37,498 WARN  server.GrpcLogAppender (GrpcLogAppender.java:onNextImpl(251)) - s2@group-ED203BE14A97->s1-AppendLogResponseHandler: Request not found, ignoring reply: s2<-s1#1842:OK,SUCCESS,nextIndex:892,term:12,followerCommit:889
2019-09-24 17:35:37,498 WARN  server.GrpcLogAppender (GrpcLogAppender.java:onNextImpl(251)) - s2@group-ED203BE14A97->s0-AppendLogResponseHandler: Request not found, ignoring reply: s2<-s0#1850:OK,SUCCESS,nextIndex:892,term:12,followerCommit:889
2019-09-24 17:35:37,499 WARN  server.GrpcLogAppender (GrpcLogAppender.java:onNextImpl(251)) - s2@group-ED203BE14A97->s1-AppendLogResponseHandler: Request not found, ignoring reply: s2<-s1#1843:OK,SUCCESS,nextIndex:892,term:12,followerCommit:889
2019-09-24 17:35:37,499 WARN  server.GrpcLogAppender (GrpcLogAppender.java:onNextImpl(251)) - s2@group-ED203BE14A97->s0-AppendLogResponseHandler: Request not found, ignoring reply: s2<-s0#1851:OK,SUCCESS,nextIndex:892,term:12,followerCommit:889
2019-09-24 17:35:37,499 WARN  server.GrpcLogAppender (GrpcLogAppender.java:onNextImpl(251)) - s2@group-ED203BE14A97->s1-AppendLogResponseHandler: Request not found, ignoring reply: s2<-s1#1844:OK,SUCCESS,nextIndex:892,term:12,followerCommit:889
2019-09-24 17:35:37,499 WARN  server.GrpcLogAppender (GrpcLogAppender.java:onNextImpl(251)) - s2@group-ED203BE14A97->s0-AppendLogResponseHandler: Request not found, ignoring reply: s2<-s0#1852:OK,SUCCESS,nextIndex:892,term:12,followerCommit:889
2019-09-24 17:35:37,499 WARN  server.GrpcLogAppender (GrpcLogAppender.java:onNextImpl(251)) - s2@group-ED203BE14A97->s1-AppendLogResponseHandler: Request not found, ignoring reply: s2<-s1#1845:OK,SUCCESS,nextIndex:892,term:12,followerCommit:889
2019-09-24 17:35:37,499 WARN  server.GrpcLogAppender (GrpcLogAppender.java:onNextImpl(251)) - s2@group-ED203BE14A97->s0-AppendLogResponseHandler: Request not found, ignoring reply: s2<-s0#1853:OK,SUCCESS,nextIndex:892,term:12,followerCommit:889
2019-09-24 17:35:37,500 WARN  server.GrpcLogAppender (GrpcLogAppender.java:onNextImpl(251)) - s2@group-ED203BE14A97->s1-AppendLogResponseHandler: Request not found, ignoring reply: s2<-s1#1846:OK,SUCCESS,nextIndex:892,term:12,followerCommit:889
2019-09-24 17:35:37,500 WARN  server.GrpcLogAppender (GrpcLogAppender.java:onNextImpl(251)) - s2@group-ED203BE14A97->s0-AppendLogResponseHandler: Request not found, ignoring reply: s2<-s0#1854:OK,SUCCESS,nextIndex:892,term:12,followerCommit:889
2019-09-24 17:35:37,500 WARN  server.GrpcLogAppender (GrpcLogAppender.java:onNextImpl(251)) - s2@group-ED203BE14A97->s1-AppendLogResponseHandler: Request not found, ignoring reply: s2<-s1#1847:OK,SUCCESS,nextIndex:892,term:12,followerCommit:889
2019-09-24 17:35:37,500 WARN  server.GrpcLogAppender (GrpcLogAppender.java:onNextImpl(251)) - s2@group-ED203BE14A97->s0-AppendLogResponseHandler: Request not found, ignoring reply: s2<-s0#1855:OK,SUCCESS,nextIndex:892,term:12,followerCommit:889
2019-09-24 17:35:37,500 WARN  server.GrpcLogAppender (GrpcLogAppender.java:onNextImpl(251)) - s2@group-ED203BE14A97->s1-AppendLogResponseHandler: Request not found, ignoring reply: s2<-s1#1848:OK,SUCCESS,nextIndex:892,term:12,followerCommit:889
2019-09-24 17:35:37,500 WARN  server.GrpcLogAppender (GrpcLogAppender.java:onNextImpl(251)) - s2@group-ED203BE14A97->s0-AppendLogResponseHandler: Request not found, ignoring reply: s2<-s0#1856:OK,SUCCESS,nextIndex:892,term:12,followerCommit:889
2019-09-24 17:35:37,501 WARN  server.GrpcLogAppender (GrpcLogAppender.java:onNextImpl(251)) - s2@group-ED203BE14A97->s1-AppendLogResponseHandler: Request not found, ignoring reply: s2<-s1#1849:OK,SUCCESS,nextIndex:892,term:12,followerCommit:889
2019-09-24 17:35:37,501 WARN  server.GrpcLogAppender (GrpcLogAppender.java:onNextImpl(251)) - s2@group-ED203BE14A97->s0-AppendLogResponseHandler: Request not found, ignoring reply: s2<-s0#1857:OK,SUCCESS,nextIndex:892,term:12,followerCommit:889
2019-09-24 17:35:37,501 WARN  server.GrpcLogAppender (GrpcLogAppender.java:onNextImpl(251)) - s2@group-ED203BE14A97->s1-AppendLogResponseHandler: Request not found, ignoring reply: s2<-s1#1850:OK,SUCCESS,nextIndex:892,term:12,followerCommit:889
2019-09-24 17:35:37,501 WARN  server.GrpcLogAppender (GrpcLogAppender.java:onNextImpl(251)) - s2@group-ED203BE14A97->s0-AppendLogResponseHandler: Request not found, ignoring reply: s2<-s0#1858:OK,SUCCESS,nextIndex:892,term:12,followerCommit:889
2019-09-24 17:35:37,501 WARN  server.GrpcLogAppender (GrpcLogAppender.java:onNextImpl(251)) - s2@group-ED203BE14A97->s1-AppendLogResponseHandler: Request not found, ignoring reply: s2<-s1#1851:OK,SUCCESS,nextIndex:892,term:12,followerCommit:889
2019-09-24 17:35:37,501 WARN  server.GrpcLogAppender (GrpcLogAppender.java:onNextImpl(251)) - s2@group-ED203BE14A97->s0-AppendLogResponseHandler: Request not found, ignoring reply: s2<-s0#1859:OK,SUCCESS,nextIndex:892,term:12,followerCommit:889
2019-09-24 17:35:37,502 WARN  server.GrpcLogAppender (GrpcLogAppender.java:onNextImpl(251)) - s2@group-ED203BE14A97->s1-AppendLogResponseHandler: Request not found, ignoring reply: s2<-s1#1852:OK,SUCCESS,nextIndex:892,term:12,followerCommit:889
2019-09-24 17:35:37,502 WARN  server.GrpcLogAppender (GrpcLogAppender.java:onNextImpl(251)) - s2@group-ED203BE14A97->s0-AppendLogResponseHandler: Request not found, ignoring reply: s2<-s0#1860:OK,SUCCESS,nextIndex:892,term:12,followerCommit:889
2019-09-24 17:35:37,502 WARN  server.GrpcLogAppender (GrpcLogAppender.java:onNextImpl(251)) - s2@group-ED203BE14A97->s1-AppendLogResponseHandler: Request not found, ignoring reply: s2<-s1#1853:OK,SUCCESS,nextIndex:892,term:12,followerCommit:889
2019-09-24 17:35:37,502 WARN  server.GrpcLogAppender (GrpcLogAppender.java:onNextImpl(251)) - s2@group-ED203BE14A97->s0-AppendLogResponseHandler: Request not found, ignoring reply: s2<-s0#1861:OK,SUCCESS,nextIndex:892,term:12,followerCommit:889
2019-09-24 17:35:37,502 WARN  server.GrpcLogAppender (GrpcLogAppender.java:onNextImpl(251)) - s2@group-ED203BE14A97->s1-AppendLogResponseHandler: Request not found, ignoring reply: s2<-s1#1854:OK,SUCCESS,nextIndex:892,term:12,followerCommit:889
2019-09-24 17:35:37,502 WARN  server.GrpcLogAppender (GrpcLogAppender.java:onNextImpl(251)) - s2@group-ED203BE14A97->s0-AppendLogResponseHandler: Request not found, ignoring reply: s2<-s0#1862:OK,SUCCESS,nextIndex:892,term:12,followerCommit:889
2019-09-24 17:35:37,502 WARN  server.GrpcLogAppender (GrpcLogAppender.java:onNextImpl(251)) - s2@group-ED203BE14A97->s1-AppendLogResponseHandler: Request not found, ignoring reply: s2<-s1#1855:OK,SUCCESS,nextIndex:892,term:12,followerCommit:889
2019-09-24 17:35:37,503 WARN  server.GrpcLogAppender (GrpcLogAppender.java:onNextImpl(251)) - s2@group-ED203BE14A97->s0-AppendLogResponseHandler: Request not found, ignoring reply: s2<-s0#1863:OK,SUCCESS,nextIndex:892,term:12,followerCommit:889
2019-09-24 17:35:37,503 WARN  server.GrpcLogAppender (GrpcLogAppender.java:onNextImpl(251)) - s2@group-ED203BE14A97->s1-AppendLogResponseHandler: Request not found, ignoring reply: s2<-s1#1856:OK,SUCCESS,nextIndex:892,term:12,followerCommit:889
2019-09-24 17:35:37,503 WARN  server.GrpcLogAppender (GrpcLogAppender.java:onNextImpl(251)) - s2@group-ED203BE14A97->s0-AppendLogResponseHandler: Request not found, ignoring reply: s2<-s0#1864:OK,SUCCESS,nextIndex:892,term:12,followerCommit:889
2019-09-24 17:35:37,503 WARN  server.GrpcLogAppender (GrpcLogAppender.java:onNextImpl(251)) - s2@group-ED203BE14A97->s1-AppendLogResponseHandler: Request not found, ignoring reply: s2<-s1#1857:OK,SUCCESS,nextIndex:892,term:12,followerCommit:889
2019-09-24 17:35:37,503 WARN  server.GrpcLogAppender (GrpcLogAppender.java:onNextImpl(251)) - s2@group-ED203BE14A97->s0-AppendLogResponseHandler: Request not found, ignoring reply: s2<-s0#1865:OK,SUCCESS,nextIndex:892,term:12,followerCommit:889
2019-09-24 17:35:37,503 WARN  server.GrpcLogAppender (GrpcLogAppender.java:onNextImpl(251)) - s2@group-ED203BE14A97->s1-AppendLogResponseHandler: Request not found, ignoring reply: s2<-s1#1858:OK,SUCCESS,nextIndex:892,term:12,followerCommit:889
2019-09-24 17:35:37,503 WARN  server.GrpcLogAppender (GrpcLogAppender.java:onNextImpl(251)) - s2@group-ED203BE14A97->s0-AppendLogResponseHandler: Request not found, ignoring reply: s2<-s0#1866:OK,SUCCESS,nextIndex:892,term:12,followerCommit:889
2019-09-24 17:35:37,503 WARN  server.GrpcLogAppender (GrpcLogAppender.java:onNextImpl(251)) - s2@group-ED203BE14A97->s1-AppendLogResponseHandler: Request not found, ignoring reply: s2<-s1#1859:OK,SUCCESS,nextIndex:892,term:12,followerCommit:889
2019-09-24 17:35:37,504 WARN  server.GrpcLogAppender (GrpcLogAppender.java:onNextImpl(251)) - s2@group-ED203BE14A97->s0-AppendLogResponseHandler: Request not found, ignoring reply: s2<-s0#1867:OK,SUCCESS,nextIndex:892,term:12,followerCommit:889
2019-09-24 17:35:37,504 WARN  server.GrpcLogAppender (GrpcLogAppender.java:onNextImpl(251)) - s2@group-ED203BE14A97->s1-AppendLogResponseHandler: Request not found, ignoring reply: s2<-s1#1860:OK,SUCCESS,nextIndex:892,term:12,followerCommit:889
2019-09-24 17:35:37,504 WARN  server.GrpcLogAppender (GrpcLogAppender.java:onNextImpl(251)) - s2@group-ED203BE14A97->s0-AppendLogResponseHandler: Request not found, ignoring reply: s2<-s0#1868:OK,SUCCESS,nextIndex:892,term:12,followerCommit:889
2019-09-24 17:35:37,504 WARN  server.GrpcLogAppender (GrpcLogAppender.java:onNextImpl(251)) - s2@group-ED203BE14A97->s1-AppendLogResponseHandler: Request not found, ignoring reply: s2<-s1#1861:OK,SUCCESS,nextIndex:892,term:12,followerCommit:889
2019-09-24 17:35:37,504 WARN  server.GrpcLogAppender (GrpcLogAppender.java:onNextImpl(251)) - s2@group-ED203BE14A97->s0-AppendLogResponseHandler: Request not found, ignoring reply: s2<-s0#1869:OK,SUCCESS,nextIndex:892,term:12,followerCommit:889
2019-09-24 17:35:37,504 WARN  server.GrpcLogAppender (GrpcLogAppender.java:onNextImpl(251)) - s2@group-ED203BE14A97->s1-AppendLogResponseHandler: Request not found, ignoring reply: s2<-s1#1862:OK,SUCCESS,nextIndex:892,term:12,followerCommit:889
2019-09-24 17:35:37,504 WARN  server.GrpcLogAppender (GrpcLogAppender.java:onNextImpl(251)) - s2@group-ED203BE14A97->s0-AppendLogResponseHandler: Request not found, ignoring reply: s2<-s0#1870:OK,SUCCESS,nextIndex:892,term:12,followerCommit:889
2019-09-24 17:35:37,505 WARN  server.GrpcLogAppender (GrpcLogAppender.java:onNextImpl(251)) - s2@group-ED203BE14A97->s1-AppendLogResponseHandler: Request not found, ignoring reply: s2<-s1#1863:OK,SUCCESS,nextIndex:892,term:12,followerCommit:889
2019-09-24 17:35:37,505 WARN  server.GrpcLogAppender (GrpcLogAppender.java:onNextImpl(251)) - s2@group-ED203BE14A97->s0-AppendLogResponseHandler: Request not found, ignoring reply: s2<-s0#1871:OK,SUCCESS,nextIndex:892,term:12,followerCommit:889
2019-09-24 17:35:37,505 WARN  server.GrpcLogAppender (GrpcLogAppender.java:onNextImpl(251)) - s2@group-ED203BE14A97->s1-AppendLogResponseHandler: Request not found, ignoring reply: s2<-s1#1864:OK,SUCCESS,nextIndex:892,term:12,followerCommit:889
2019-09-24 17:35:37,505 WARN  server.GrpcLogAppender (GrpcLogAppender.java:onNextImpl(251)) - s2@group-ED203BE14A97->s0-AppendLogResponseHandler: Request not found, ignoring reply: s2<-s0#1872:OK,SUCCESS,nextIndex:892,term:12,followerCommit:889
2019-09-24 17:35:37,505 WARN  server.GrpcLogAppender (GrpcLogAppender.java:onNextImpl(251)) - s2@group-ED203BE14A97->s1-AppendLogResponseHandler: Request not found, ignoring reply: s2<-s1#1865:OK,SUCCESS,nextIndex:892,term:12,followerCommit:889
2019-09-24 17:35:37,505 WARN  server.GrpcLogAppender (GrpcLogAppender.java:onNextImpl(251)) - s2@group-ED203BE14A97->s0-AppendLogResponseHandler: Request not found, ignoring reply: s2<-s0#1873:OK,SUCCESS,nextIndex:892,term:12,followerCommit:889
2019-09-24 17:35:37,505 WARN  server.GrpcLogAppender (GrpcLogAppender.java:onNextImpl(251)) - s2@group-ED203BE14A97->s1-AppendLogResponseHandler: Request not found, ignoring reply: s2<-s1#1866:OK,SUCCESS,nextIndex:892,term:12,followerCommit:889
2019-09-24 17:35:37,505 WARN  server.GrpcLogAppender (GrpcLogAppender.java:onNextImpl(251)) - s2@group-ED203BE14A97->s0-AppendLogResponseHandler: Request not found, ignoring reply: s2<-s0#1874:OK,SUCCESS,nextIndex:892,term:12,followerCommit:889
2019-09-24 17:35:37,506 WARN  server.GrpcLogAppender (GrpcLogAppender.java:onNextImpl(251)) - s2@group-ED203BE14A97->s1-AppendLogResponseHandler: Request not found, ignoring reply: s2<-s1#1867:OK,SUCCESS,nextIndex:892,term:12,followerCommit:889
2019-09-24 17:35:37,506 WARN  server.GrpcLogAppender (GrpcLogAppender.java:onNextImpl(251)) - s2@group-ED203BE14A97->s0-AppendLogResponseHandler: Request not found, ignoring reply: s2<-s0#1875:OK,SUCCESS,nextIndex:892,term:12,followerCommit:889
2019-09-24 17:35:37,506 WARN  server.GrpcLogAppender (GrpcLogAppender.java:onNextImpl(251)) - s2@group-ED203BE14A97->s1-AppendLogResponseHandler: Request not found, ignoring reply: s2<-s1#1868:OK,SUCCESS,nextIndex:892,term:12,followerCommit:889
2019-09-24 17:35:37,506 WARN  server.GrpcLogAppender (GrpcLogAppender.java:onNextImpl(251)) - s2@group-ED203BE14A97->s0-AppendLogResponseHandler: Request not found, ignoring reply: s2<-s0#1876:OK,SUCCESS,nextIndex:892,term:12,followerCommit:889
2019-09-24 17:35:37,506 WARN  server.GrpcLogAppender (GrpcLogAppender.java:onNextImpl(251)) - s2@group-ED203BE14A97->s1-AppendLogResponseHandler: Request not found, ignoring reply: s2<-s1#1869:OK,SUCCESS,nextIndex:892,term:12,followerCommit:889
2019-09-24 17:35:37,506 WARN  server.GrpcLogAppender (GrpcLogAppender.java:onNextImpl(251)) - s2@group-ED203BE14A97->s0-AppendLogResponseHandler: Request not found, ignoring reply: s2<-s0#1877:OK,SUCCESS,nextIndex:892,term:12,followerCommit:889
2019-09-24 17:35:37,507 WARN  server.GrpcLogAppender (GrpcLogAppender.java:onNextImpl(251)) - s2@group-ED203BE14A97->s1-AppendLogResponseHandler: Request not found, ignoring reply: s2<-s1#1870:OK,SUCCESS,nextIndex:892,term:12,followerCommit:889
2019-09-24 17:35:37,507 WARN  server.GrpcLogAppender (GrpcLogAppender.java:onNextImpl(251)) - s2@group-ED203BE14A97->s0-AppendLogResponseHandler: Request not found, ignoring reply: s2<-s0#1878:OK,SUCCESS,nextIndex:892,term:12,followerCommit:889
2019-09-24 17:35:37,507 WARN  server.GrpcLogAppender (GrpcLogAppender.java:onNextImpl(251)) - s2@group-ED203BE14A97->s1-AppendLogResponseHandler: Request not found, ignoring reply: s2<-s1#1871:OK,SUCCESS,nextIndex:892,term:12,followerCommit:889
2019-09-24 17:35:37,507 WARN  server.GrpcLogAppender (GrpcLogAppender.java:onNextImpl(251)) - s2@group-ED203BE14A97->s0-AppendLogResponseHandler: Request not found, ignoring reply: s2<-s0#1879:OK,SUCCESS,nextIndex:892,term:12,followerCommit:889
2019-09-24 17:35:37,507 WARN  server.GrpcLogAppender (GrpcLogAppender.java:onNextImpl(251)) - s2@group-ED203BE14A97->s1-AppendLogResponseHandler: Request not found, ignoring reply: s2<-s1#1872:OK,SUCCESS,nextIndex:892,term:12,followerCommit:889
2019-09-24 17:35:37,507 WARN  server.GrpcLogAppender (GrpcLogAppender.java:onNextImpl(251)) - s2@group-ED203BE14A97->s0-AppendLogResponseHandler: Request not found, ignoring reply: s2<-s0#1880:OK,SUCCESS,nextIndex:892,term:12,followerCommit:889
2019-09-24 17:35:37,507 WARN  server.GrpcLogAppender (GrpcLogAppender.java:onNextImpl(251)) - s2@group-ED203BE14A97->s1-AppendLogResponseHandler: Request not found, ignoring reply: s2<-s1#1873:OK,SUCCESS,nextIndex:892,term:12,followerCommit:889
2019-09-24 17:35:37,507 WARN  server.GrpcLogAppender (GrpcLogAppender.java:onNextImpl(251)) - s2@group-ED203BE14A97->s0-AppendLogResponseHandler: Request not found, ignoring reply: s2<-s0#1881:OK,SUCCESS,nextIndex:892,term:12,followerCommit:889
2019-09-24 17:35:37,508 WARN  server.GrpcLogAppender (GrpcLogAppender.java:onNextImpl(251)) - s2@group-ED203BE14A97->s1-AppendLogResponseHandler: Request not found, ignoring reply: s2<-s1#1874:OK,SUCCESS,nextIndex:892,term:12,followerCommit:889
2019-09-24 17:35:37,508 WARN  server.GrpcLogAppender (GrpcLogAppender.java:onNextImpl(251)) - s2@group-ED203BE14A97->s0-AppendLogResponseHandler: Request not found, ignoring reply: s2<-s0#1882:OK,SUCCESS,nextIndex:892,term:12,followerCommit:889
2019-09-24 17:35:37,508 WARN  server.GrpcLogAppender (GrpcLogAppender.java:onNextImpl(251)) - s2@group-ED203BE14A97->s1-AppendLogResponseHandler: Request not found, ignoring reply: s2<-s1#1875:OK,SUCCESS,nextIndex:892,term:12,followerCommit:889
2019-09-24 17:35:37,508 WARN  server.GrpcLogAppender (GrpcLogAppender.java:onNextImpl(251)) - s2@group-ED203BE14A97->s0-AppendLogResponseHandler: Request not found, ignoring reply: s2<-s0#1883:OK,SUCCESS,nextIndex:892,term:12,followerCommit:889
2019-09-24 17:35:37,508 WARN  server.GrpcLogAppender (GrpcLogAppender.java:onNextImpl(251)) - s2@group-ED203BE14A97->s1-AppendLogResponseHandler: Request not found, ignoring reply: s2<-s1#1876:OK,SUCCESS,nextIndex:892,term:12,followerCommit:889
2019-09-24 17:35:37,508 WARN  server.GrpcLogAppender (GrpcLogAppender.java:onNextImpl(251)) - s2@group-ED203BE14A97->s0-AppendLogResponseHandler: Request not found, ignoring reply: s2<-s0#1884:OK,SUCCESS,nextIndex:892,term:12,followerCommit:889
2019-09-24 17:35:37,508 WARN  server.GrpcLogAppender (GrpcLogAppender.java:onNextImpl(251)) - s2@group-ED203BE14A97->s1-AppendLogResponseHandler: Request not found, ignoring reply: s2<-s1#1877:OK,SUCCESS,nextIndex:892,term:12,followerCommit:889
2019-09-24 17:35:37,509 WARN  server.GrpcLogAppender (GrpcLogAppender.java:onNextImpl(251)) - s2@group-ED203BE14A97->s0-AppendLogResponseHandler: Request not found, ignoring reply: s2<-s0#1885:OK,SUCCESS,nextIndex:892,term:12,followerCommit:889
2019-09-24 17:35:37,509 WARN  server.GrpcLogAppender (GrpcLogAppender.java:onNextImpl(251)) - s2@group-ED203BE14A97->s1-AppendLogResponseHandler: Request not found, ignoring reply: s2<-s1#1878:OK,SUCCESS,nextIndex:892,term:12,followerCommit:889
2019-09-24 17:35:37,509 WARN  server.GrpcLogAppender (GrpcLogAppender.java:onNextImpl(251)) - s2@group-ED203BE14A97->s0-AppendLogResponseHandler: Request not found, ignoring reply: s2<-s0#1886:OK,SUCCESS,nextIndex:892,term:12,followerCommit:889
2019-09-24 17:35:37,509 WARN  server.GrpcLogAppender (GrpcLogAppender.java:onNextImpl(251)) - s2@group-ED203BE14A97->s1-AppendLogResponseHandler: Request not found, ignoring reply: s2<-s1#1879:OK,SUCCESS,nextIndex:892,term:12,followerCommit:889
2019-09-24 17:35:37,509 WARN  server.GrpcLogAppender (GrpcLogAppender.java:onNextImpl(251)) - s2@group-ED203BE14A97->s0-AppendLogResponseHandler: Request not found, ignoring reply: s2<-s0#1887:OK,SUCCESS,nextIndex:892,term:12,followerCommit:889
2019-09-24 17:35:37,509 WARN  server.GrpcLogAppender (GrpcLogAppender.java:onNextImpl(251)) - s2@group-ED203BE14A97->s1-AppendLogResponseHandler: Request not found, ignoring reply: s2<-s1#1880:OK,SUCCESS,nextIndex:892,term:12,followerCommit:889
2019-09-24 17:35:37,509 WARN  server.GrpcLogAppender (GrpcLogAppender.java:onNextImpl(251)) - s2@group-ED203BE14A97->s0-AppendLogResponseHandler: Request not found, ignoring reply: s2<-s0#1888:OK,SUCCESS,nextIndex:892,term:12,followerCommit:889
2019-09-24 17:35:37,510 WARN  server.GrpcLogAppender (GrpcLogAppender.java:onNextImpl(251)) - s2@group-ED203BE14A97->s1-AppendLogResponseHandler: Request not found, ignoring reply: s2<-s1#1881:OK,SUCCESS,nextIndex:892,term:12,followerCommit:889
2019-09-24 17:35:37,510 WARN  server.GrpcLogAppender (GrpcLogAppender.java:onNextImpl(251)) - s2@group-ED203BE14A97->s0-AppendLogResponseHandler: Request not found, ignoring reply: s2<-s0#1889:OK,SUCCESS,nextIndex:892,term:12,followerCommit:889
2019-09-24 17:35:37,510 WARN  server.GrpcLogAppender (GrpcLogAppender.java:onNextImpl(251)) - s2@group-ED203BE14A97->s1-AppendLogResponseHandler: Request not found, ignoring reply: s2<-s1#1882:OK,SUCCESS,nextIndex:892,term:12,followerCommit:889
2019-09-24 17:35:37,510 WARN  server.GrpcLogAppender (GrpcLogAppender.java:onNextImpl(251)) - s2@group-ED203BE14A97->s0-AppendLogResponseHandler: Request not found, ignoring reply: s2<-s0#1890:OK,SUCCESS,nextIndex:892,term:12,followerCommit:889
2019-09-24 17:35:37,510 WARN  server.GrpcLogAppender (GrpcLogAppender.java:onNextImpl(251)) - s2@group-ED203BE14A97->s1-AppendLogResponseHandler: Request not found, ignoring reply: s2<-s1#1883:OK,SUCCESS,nextIndex:892,term:12,followerCommit:889
2019-09-24 17:35:37,510 WARN  server.GrpcLogAppender (GrpcLogAppender.java:onNextImpl(251)) - s2@group-ED203BE14A97->s0-AppendLogResponseHandler: Request not found, ignoring reply: s2<-s0#1891:OK,SUCCESS,nextIndex:892,term:12,followerCommit:889
2019-09-24 17:35:37,510 WARN  server.GrpcLogAppender (GrpcLogAppender.java:onNextImpl(251)) - s2@group-ED203BE14A97->s1-AppendLogResponseHandler: Request not found, ignoring reply: s2<-s1#1884:OK,SUCCESS,nextIndex:892,term:12,followerCommit:889
2019-09-24 17:35:37,511 WARN  server.GrpcLogAppender (GrpcLogAppender.java:onNextImpl(251)) - s2@group-ED203BE14A97->s0-AppendLogResponseHandler: Request not found, ignoring reply: s2<-s0#1892:OK,SUCCESS,nextIndex:892,term:12,followerCommit:889
2019-09-24 17:35:37,511 WARN  server.GrpcLogAppender (GrpcLogAppender.java:onNextImpl(251)) - s2@group-ED203BE14A97->s1-AppendLogResponseHandler: Request not found, ignoring reply: s2<-s1#1885:OK,SUCCESS,nextIndex:892,term:12,followerCommit:889
2019-09-24 17:35:37,511 WARN  server.GrpcLogAppender (GrpcLogAppender.java:onNextImpl(251)) - s2@group-ED203BE14A97->s0-AppendLogResponseHandler: Request not found, ignoring reply: s2<-s0#1893:OK,SUCCESS,nextIndex:892,term:12,followerCommit:889
2019-09-24 17:35:37,511 WARN  server.GrpcLogAppender (GrpcLogAppender.java:onNextImpl(251)) - s2@group-ED203BE14A97->s1-AppendLogResponseHandler: Request not found, ignoring reply: s2<-s1#1886:OK,SUCCESS,nextIndex:892,term:12,followerCommit:889
2019-09-24 17:35:37,511 WARN  server.GrpcLogAppender (GrpcLogAppender.java:onNextImpl(251)) - s2@group-ED203BE14A97->s0-AppendLogResponseHandler: Request not found, ignoring reply: s2<-s0#1894:OK,SUCCESS,nextIndex:892,term:12,followerCommit:889
2019-09-24 17:35:37,511 WARN  server.GrpcLogAppender (GrpcLogAppender.java:onNextImpl(251)) - s2@group-ED203BE14A97->s1-AppendLogResponseHandler: Request not found, ignoring reply: s2<-s1#1887:OK,SUCCESS,nextIndex:892,term:12,followerCommit:889
2019-09-24 17:35:37,511 WARN  server.GrpcLogAppender (GrpcLogAppender.java:onNextImpl(251)) - s2@group-ED203BE14A97->s0-AppendLogResponseHandler: Request not found, ignoring reply: s2<-s0#1895:OK,SUCCESS,nextIndex:892,term:12,followerCommit:889
2019-09-24 17:35:37,512 WARN  server.GrpcLogAppender (GrpcLogAppender.java:onNextImpl(251)) - s2@group-ED203BE14A97->s1-AppendLogResponseHandler: Request not found, ignoring reply: s2<-s1#1888:OK,SUCCESS,nextIndex:892,term:12,followerCommit:889
2019-09-24 17:35:37,512 WARN  server.GrpcLogAppender (GrpcLogAppender.java:onNextImpl(251)) - s2@group-ED203BE14A97->s0-AppendLogResponseHandler: Request not found, ignoring reply: s2<-s0#1896:OK,SUCCESS,nextIndex:892,term:12,followerCommit:889
2019-09-24 17:35:37,512 WARN  server.GrpcLogAppender (GrpcLogAppender.java:onNextImpl(251)) - s2@group-ED203BE14A97->s1-AppendLogResponseHandler: Request not found, ignoring reply: s2<-s1#1889:OK,SUCCESS,nextIndex:892,term:12,followerCommit:889
2019-09-24 17:35:37,512 WARN  server.GrpcLogAppender (GrpcLogAppender.java:onNextImpl(251)) - s2@group-ED203BE14A97->s1-AppendLogResponseHandler: Request not found, ignoring reply: s2<-s1#1890:OK,SUCCESS,nextIndex:892,term:12,followerCommit:889
2019-09-24 17:35:37,512 WARN  server.GrpcLogAppender (GrpcLogAppender.java:onNextImpl(251)) - s2@group-ED203BE14A97->s1-AppendLogResponseHandler: Request not found, ignoring reply: s2<-s1#1891:OK,SUCCESS,nextIndex:892,term:12,followerCommit:889
2019-09-24 17:35:37,513 WARN  server.GrpcLogAppender (GrpcLogAppender.java:onNextImpl(251)) - s2@group-ED203BE14A97->s1-AppendLogResponseHandler: Request not found, ignoring reply: s2<-s1#1892:OK,SUCCESS,nextIndex:892,term:12,followerCommit:889
2019-09-24 17:35:37,513 WARN  server.GrpcLogAppender (GrpcLogAppender.java:onNextImpl(251)) - s2@group-ED203BE14A97->s1-AppendLogResponseHandler: Request not found, ignoring reply: s2<-s1#1893:OK,SUCCESS,nextIndex:892,term:12,followerCommit:889
2019-09-24 17:35:37,513 WARN  server.GrpcLogAppender (GrpcLogAppender.java:onNextImpl(251)) - s2@group-ED203BE14A97->s1-AppendLogResponseHandler: Request not found, ignoring reply: s2<-s1#1894:OK,SUCCESS,nextIndex:892,term:12,followerCommit:889
2019-09-24 17:35:37,513 WARN  server.GrpcLogAppender (GrpcLogAppender.java:onNextImpl(251)) - s2@group-ED203BE14A97->s1-AppendLogResponseHandler: Request not found, ignoring reply: s2<-s1#1895:OK,SUCCESS,nextIndex:892,term:12,followerCommit:889
2019-09-24 17:35:37,513 WARN  server.GrpcLogAppender (GrpcLogAppender.java:onNextImpl(251)) - s2@group-ED203BE14A97->s1-AppendLogResponseHandler: Request not found, ignoring reply: s2<-s1#1896:OK,SUCCESS,nextIndex:892,term:12,followerCommit:889
2019-09-24 17:35:37,514 WARN  server.GrpcLogAppender (GrpcLogAppender.java:onNextImpl(251)) - s2@group-ED203BE14A97->s1-AppendLogResponseHandler: Request not found, ignoring reply: s2<-s1#1897:OK,SUCCESS,nextIndex:892,term:12,followerCommit:889
2019-09-24 17:35:41,587 WARN  server.GrpcLogAppender (GrpcLogAppender.java:timeoutAppendRequest(200)) - s2@group-ED203BE14A97->s0-GrpcLogAppender: appendEntries Timeout, request=s2->s0#1999-t12, previous=(t:12, i:946), leaderCommit=945, initializing? false, entries: size=1, first=(t:12, i:947), STATEMACHINELOGENTRY, client-236938EB08E4, cid=473
2019-09-24 17:35:41,587 WARN  server.GrpcLogAppender (GrpcLogAppender.java:timeoutAppendRequest(200)) - s2@group-ED203BE14A97->s1-GrpcLogAppender: appendEntries Timeout, request=s2->s1#2000-t12, previous=(t:12, i:946), leaderCommit=945, initializing? false, entries: size=1, first=(t:12, i:947), STATEMACHINELOGENTRY, client-236938EB08E4, cid=473
2019-09-24 17:35:41,680 WARN  server.GrpcLogAppender (GrpcLogAppender.java:timeoutAppendRequest(200)) - s2@group-ED203BE14A97->s0-GrpcLogAppender: appendEntries Timeout, request=s2->s0#2000-t12, previous=(t:12, i:947), leaderCommit=946, initializing? false, entries: <empty>
2019-09-24 17:35:41,681 WARN  server.GrpcLogAppender (GrpcLogAppender.java:timeoutAppendRequest(200)) - s2@group-ED203BE14A97->s1-GrpcLogAppender: appendEntries Timeout, request=s2->s1#2001-t12, previous=(t:12, i:947), leaderCommit=946, initializing? false, entries: <empty>
]]></system-out>
  </testcase>
</testsuite>