<?xml version="1.0" encoding="UTF-8"?>
<testsuite xmlns:xsi="http://www.w3.org/2001/XMLSchema-instance" xsi:noNamespaceSchemaLocation="https://maven.apache.org/surefire/maven-surefire-plugin/xsd/surefire-test-report.xsd" name="org.apache.ratis.examples.filestore.TestFileStoreWithNetty" time="100.295" tests="1" errors="1" skipped="0" failures="0">
  <properties>
    <property name="awt.toolkit" value="sun.awt.X11.XToolkit"/>
    <property name="file.encoding.pkg" value="sun.io"/>
    <property name="java.specification.version" value="1.8"/>
    <property name="sun.cpu.isalist" value=""/>
    <property name="sun.jnu.encoding" value="UTF-8"/>
    <property name="java.class.path" value="/workdir/ratis-examples/target/test-classes:/workdir/ratis-examples/target/classes:/home/user/.m2/repository/org/apache/ratis/ratis-thirdparty-misc/0.2.0/ratis-thirdparty-misc-0.2.0.jar:/workdir/ratis-proto/target/ratis-proto-0.5.0-SNAPSHOT.jar:/workdir/ratis-common/target/classes:/home/user/.m2/repository/org/slf4j/slf4j-log4j12/1.7.10/slf4j-log4j12-1.7.10.jar:/home/user/.m2/repository/log4j/log4j/1.2.17/log4j-1.2.17.jar:/workdir/ratis-common/target/test-classes:/workdir/ratis-client/target/classes:/workdir/ratis-server/target/classes:/workdir/ratis-metrics/target/classes:/home/user/.m2/repository/io/dropwizard/metrics/metrics-core/3.2.5/metrics-core-3.2.5.jar:/home/user/.m2/repository/com/github/joshelser/dropwizard-metrics-hadoop-metrics2-reporter/0.1.2/dropwizard-metrics-hadoop-metrics2-reporter-0.1.2.jar:/home/user/.m2/repository/io/dropwizard/metrics/metrics-jvm/3.2.5/metrics-jvm-3.2.5.jar:/home/user/.m2/repository/io/dropwizard/metrics/metrics-ganglia/3.2.5/metrics-ganglia-3.2.5.jar:/home/user/.m2/repository/info/ganglia/gmetric4j/gmetric4j/1.0.7/gmetric4j-1.0.7.jar:/home/user/.m2/repository/org/apache/commons/commons-lang3/3.5/commons-lang3-3.5.jar:/workdir/ratis-server/target/test-classes:/workdir/ratis-hadoop/target/classes:/home/user/.m2/repository/org/apache/hadoop/hadoop-common/3.1.1/hadoop-common-3.1.1.jar:/home/user/.m2/repository/org/apache/hadoop/hadoop-annotations/3.1.1/hadoop-annotations-3.1.1.jar:/usr/lib/jvm/java-1.8-openjdk/jre/../lib/tools.jar:/home/user/.m2/repository/commons-cli/commons-cli/1.2/commons-cli-1.2.jar:/home/user/.m2/repository/org/apache/commons/commons-math3/3.1.1/commons-math3-3.1.1.jar:/home/user/.m2/repository/org/apache/httpcomponents/httpclient/4.5.2/httpclient-4.5.2.jar:/home/user/.m2/repository/org/apache/httpcomponents/httpcore/4.4.4/httpcore-4.4.4.jar:/home/user/.m2/repository/commons-codec/commons-codec/1.11/commons-codec-1.11.jar:/home/user/.m2/repository/commons-io/commons-io/2.5/commons-io-2.5.jar:/home/user/.m2/repository/commons-net/commons-net/3.6/commons-net-3.6.jar:/home/user/.m2/repository/commons-collections/commons-collections/3.2.2/commons-collections-3.2.2.jar:/home/user/.m2/repository/javax/servlet/javax.servlet-api/3.1.0/javax.servlet-api-3.1.0.jar:/home/user/.m2/repository/org/eclipse/jetty/jetty-server/9.3.19.v20170502/jetty-server-9.3.19.v20170502.jar:/home/user/.m2/repository/org/eclipse/jetty/jetty-http/9.3.19.v20170502/jetty-http-9.3.19.v20170502.jar:/home/user/.m2/repository/org/eclipse/jetty/jetty-io/9.3.19.v20170502/jetty-io-9.3.19.v20170502.jar:/home/user/.m2/repository/org/eclipse/jetty/jetty-util/9.3.19.v20170502/jetty-util-9.3.19.v20170502.jar:/home/user/.m2/repository/org/eclipse/jetty/jetty-servlet/9.3.19.v20170502/jetty-servlet-9.3.19.v20170502.jar:/home/user/.m2/repository/org/eclipse/jetty/jetty-security/9.3.19.v20170502/jetty-security-9.3.19.v20170502.jar:/home/user/.m2/repository/org/eclipse/jetty/jetty-webapp/9.3.19.v20170502/jetty-webapp-9.3.19.v20170502.jar:/home/user/.m2/repository/org/eclipse/jetty/jetty-xml/9.3.19.v20170502/jetty-xml-9.3.19.v20170502.jar:/home/user/.m2/repository/javax/servlet/jsp/jsp-api/2.1/jsp-api-2.1.jar:/home/user/.m2/repository/com/sun/jersey/jersey-core/1.19/jersey-core-1.19.jar:/home/user/.m2/repository/javax/ws/rs/jsr311-api/1.1.1/jsr311-api-1.1.1.jar:/home/user/.m2/repository/com/sun/jersey/jersey-servlet/1.19/jersey-servlet-1.19.jar:/home/user/.m2/repository/com/sun/jersey/jersey-json/1.19/jersey-json-1.19.jar:/home/user/.m2/repository/org/codehaus/jettison/jettison/1.1/jettison-1.1.jar:/home/user/.m2/repository/com/sun/xml/bind/jaxb-impl/2.2.3-1/jaxb-impl-2.2.3-1.jar:/home/user/.m2/repository/javax/xml/bind/jaxb-api/2.2.2/jaxb-api-2.2.2.jar:/home/user/.m2/repository/javax/xml/stream/stax-api/1.0-2/stax-api-1.0-2.jar:/home/user/.m2/repository/javax/activation/activation/1.1/activation-1.1.jar:/home/user/.m2/repository/org/codehaus/jackson/jackson-core-asl/1.9.2/jackson-core-asl-1.9.2.jar:/home/user/.m2/repository/org/codehaus/jackson/jackson-mapper-asl/1.9.2/jackson-mapper-asl-1.9.2.jar:/home/user/.m2/repository/org/codehaus/jackson/jackson-jaxrs/1.9.2/jackson-jaxrs-1.9.2.jar:/home/user/.m2/repository/org/codehaus/jackson/jackson-xc/1.9.2/jackson-xc-1.9.2.jar:/home/user/.m2/repository/com/sun/jersey/jersey-server/1.19/jersey-server-1.19.jar:/home/user/.m2/repository/commons-logging/commons-logging/1.1.3/commons-logging-1.1.3.jar:/home/user/.m2/repository/commons-lang/commons-lang/2.6/commons-lang-2.6.jar:/home/user/.m2/repository/commons-beanutils/commons-beanutils/1.9.3/commons-beanutils-1.9.3.jar:/home/user/.m2/repository/org/apache/commons/commons-configuration2/2.1.1/commons-configuration2-2.1.1.jar:/home/user/.m2/repository/org/apache/avro/avro/1.7.7/avro-1.7.7.jar:/home/user/.m2/repository/com/thoughtworks/paranamer/paranamer/2.3/paranamer-2.3.jar:/home/user/.m2/repository/org/xerial/snappy/snappy-java/1.0.5/snappy-java-1.0.5.jar:/home/user/.m2/repository/com/google/re2j/re2j/1.1/re2j-1.1.jar:/home/user/.m2/repository/com/google/protobuf/protobuf-java/2.5.0/protobuf-java-2.5.0.jar:/home/user/.m2/repository/com/google/code/gson/gson/2.2.4/gson-2.2.4.jar:/home/user/.m2/repository/org/apache/hadoop/hadoop-auth/3.1.1/hadoop-auth-3.1.1.jar:/home/user/.m2/repository/com/nimbusds/nimbus-jose-jwt/4.41.1/nimbus-jose-jwt-4.41.1.jar:/home/user/.m2/repository/com/github/stephenc/jcip/jcip-annotations/1.0-1/jcip-annotations-1.0-1.jar:/home/user/.m2/repository/net/minidev/json-smart/2.3/json-smart-2.3.jar:/home/user/.m2/repository/net/minidev/accessors-smart/1.2/accessors-smart-1.2.jar:/home/user/.m2/repository/org/ow2/asm/asm/5.0.4/asm-5.0.4.jar:/home/user/.m2/repository/org/apache/curator/curator-framework/2.12.0/curator-framework-2.12.0.jar:/home/user/.m2/repository/com/jcraft/jsch/0.1.54/jsch-0.1.54.jar:/home/user/.m2/repository/org/apache/curator/curator-client/2.12.0/curator-client-2.12.0.jar:/home/user/.m2/repository/org/apache/curator/curator-recipes/2.12.0/curator-recipes-2.12.0.jar:/home/user/.m2/repository/com/google/code/findbugs/jsr305/3.0.0/jsr305-3.0.0.jar:/home/user/.m2/repository/org/apache/htrace/htrace-core4/4.1.0-incubating/htrace-core4-4.1.0-incubating.jar:/home/user/.m2/repository/org/apache/zookeeper/zookeeper/3.4.9/zookeeper-3.4.9.jar:/home/user/.m2/repository/jline/jline/0.9.94/jline-0.9.94.jar:/home/user/.m2/repository/io/netty/netty/3.10.5.Final/netty-3.10.5.Final.jar:/home/user/.m2/repository/org/apache/commons/commons-compress/1.4.1/commons-compress-1.4.1.jar:/home/user/.m2/repository/org/tukaani/xz/1.0/xz-1.0.jar:/home/user/.m2/repository/org/apache/kerby/kerb-simplekdc/1.0.1/kerb-simplekdc-1.0.1.jar:/home/user/.m2/repository/org/apache/kerby/kerb-client/1.0.1/kerb-client-1.0.1.jar:/home/user/.m2/repository/org/apache/kerby/kerby-config/1.0.1/kerby-config-1.0.1.jar:/home/user/.m2/repository/org/apache/kerby/kerb-core/1.0.1/kerb-core-1.0.1.jar:/home/user/.m2/repository/org/apache/kerby/kerby-pkix/1.0.1/kerby-pkix-1.0.1.jar:/home/user/.m2/repository/org/apache/kerby/kerby-asn1/1.0.1/kerby-asn1-1.0.1.jar:/home/user/.m2/repository/org/apache/kerby/kerby-util/1.0.1/kerby-util-1.0.1.jar:/home/user/.m2/repository/org/apache/kerby/kerb-common/1.0.1/kerb-common-1.0.1.jar:/home/user/.m2/repository/org/apache/kerby/kerb-crypto/1.0.1/kerb-crypto-1.0.1.jar:/home/user/.m2/repository/org/apache/kerby/kerb-util/1.0.1/kerb-util-1.0.1.jar:/home/user/.m2/repository/org/apache/kerby/token-provider/1.0.1/token-provider-1.0.1.jar:/home/user/.m2/repository/org/apache/kerby/kerb-admin/1.0.1/kerb-admin-1.0.1.jar:/home/user/.m2/repository/org/apache/kerby/kerb-server/1.0.1/kerb-server-1.0.1.jar:/home/user/.m2/repository/org/apache/kerby/kerb-identity/1.0.1/kerb-identity-1.0.1.jar:/home/user/.m2/repository/org/apache/kerby/kerby-xdr/1.0.1/kerby-xdr-1.0.1.jar:/home/user/.m2/repository/com/fasterxml/jackson/core/jackson-databind/2.7.8/jackson-databind-2.7.8.jar:/home/user/.m2/repository/com/fasterxml/jackson/core/jackson-annotations/2.7.0/jackson-annotations-2.7.0.jar:/home/user/.m2/repository/com/fasterxml/jackson/core/jackson-core/2.7.8/jackson-core-2.7.8.jar:/home/user/.m2/repository/org/codehaus/woodstox/stax2-api/3.1.4/stax2-api-3.1.4.jar:/home/user/.m2/repository/com/fasterxml/woodstox/woodstox-core/5.0.3/woodstox-core-5.0.3.jar:/home/user/.m2/repository/com/google/guava/guava/11.0.2/guava-11.0.2.jar:/workdir/ratis-hadoop/target/test-classes:/home/user/.m2/repository/org/apache/ratis/ratis-thirdparty-hadoop/0.2.0/ratis-thirdparty-hadoop-0.2.0.jar:/workdir/ratis-grpc/target/classes:/workdir/ratis-grpc/target/test-classes:/workdir/ratis-netty/target/classes:/workdir/ratis-netty/target/test-classes:/home/user/.m2/repository/com/beust/jcommander/1.72/jcommander-1.72.jar:/home/user/.m2/repository/org/slf4j/slf4j-api/1.7.10/slf4j-api-1.7.10.jar:/home/user/.m2/repository/junit/junit/4.12/junit-4.12.jar:/home/user/.m2/repository/org/hamcrest/hamcrest-core/1.3/hamcrest-core-1.3.jar:/home/user/.m2/repository/org/mockito/mockito-all/1.8.5/mockito-all-1.8.5.jar:"/>
    <property name="java.vm.vendor" value="IcedTea"/>
    <property name="sun.arch.data.model" value="64"/>
    <property name="java.vendor.url" value="https://icedtea.classpath.org"/>
    <property name="user.timezone" value=""/>
    <property name="java.vm.specification.version" value="1.8"/>
    <property name="os.name" value="Linux"/>
    <property name="user.country" value="US"/>
    <property name="sun.java.launcher" value="SUN_STANDARD"/>
    <property name="sun.boot.library.path" value="/usr/lib/jvm/java-1.8-openjdk/jre/lib/amd64"/>
    <property name="sun.java.command" value="/workdir/ratis-examples/target/surefire/surefirebooter8513270625779451882.jar /workdir/ratis-examples/target/surefire 2019-09-24T16-02-41_483-jvmRun1 surefire6456314246005385219tmp surefire_783622153206796223901tmp"/>
    <property name="surefire.test.class.path" value="/workdir/ratis-examples/target/test-classes:/workdir/ratis-examples/target/classes:/home/user/.m2/repository/org/apache/ratis/ratis-thirdparty-misc/0.2.0/ratis-thirdparty-misc-0.2.0.jar:/workdir/ratis-proto/target/ratis-proto-0.5.0-SNAPSHOT.jar:/workdir/ratis-common/target/classes:/home/user/.m2/repository/org/slf4j/slf4j-log4j12/1.7.10/slf4j-log4j12-1.7.10.jar:/home/user/.m2/repository/log4j/log4j/1.2.17/log4j-1.2.17.jar:/workdir/ratis-common/target/test-classes:/workdir/ratis-client/target/classes:/workdir/ratis-server/target/classes:/workdir/ratis-metrics/target/classes:/home/user/.m2/repository/io/dropwizard/metrics/metrics-core/3.2.5/metrics-core-3.2.5.jar:/home/user/.m2/repository/com/github/joshelser/dropwizard-metrics-hadoop-metrics2-reporter/0.1.2/dropwizard-metrics-hadoop-metrics2-reporter-0.1.2.jar:/home/user/.m2/repository/io/dropwizard/metrics/metrics-jvm/3.2.5/metrics-jvm-3.2.5.jar:/home/user/.m2/repository/io/dropwizard/metrics/metrics-ganglia/3.2.5/metrics-ganglia-3.2.5.jar:/home/user/.m2/repository/info/ganglia/gmetric4j/gmetric4j/1.0.7/gmetric4j-1.0.7.jar:/home/user/.m2/repository/org/apache/commons/commons-lang3/3.5/commons-lang3-3.5.jar:/workdir/ratis-server/target/test-classes:/workdir/ratis-hadoop/target/classes:/home/user/.m2/repository/org/apache/hadoop/hadoop-common/3.1.1/hadoop-common-3.1.1.jar:/home/user/.m2/repository/org/apache/hadoop/hadoop-annotations/3.1.1/hadoop-annotations-3.1.1.jar:/usr/lib/jvm/java-1.8-openjdk/jre/../lib/tools.jar:/home/user/.m2/repository/commons-cli/commons-cli/1.2/commons-cli-1.2.jar:/home/user/.m2/repository/org/apache/commons/commons-math3/3.1.1/commons-math3-3.1.1.jar:/home/user/.m2/repository/org/apache/httpcomponents/httpclient/4.5.2/httpclient-4.5.2.jar:/home/user/.m2/repository/org/apache/httpcomponents/httpcore/4.4.4/httpcore-4.4.4.jar:/home/user/.m2/repository/commons-codec/commons-codec/1.11/commons-codec-1.11.jar:/home/user/.m2/repository/commons-io/commons-io/2.5/commons-io-2.5.jar:/home/user/.m2/repository/commons-net/commons-net/3.6/commons-net-3.6.jar:/home/user/.m2/repository/commons-collections/commons-collections/3.2.2/commons-collections-3.2.2.jar:/home/user/.m2/repository/javax/servlet/javax.servlet-api/3.1.0/javax.servlet-api-3.1.0.jar:/home/user/.m2/repository/org/eclipse/jetty/jetty-server/9.3.19.v20170502/jetty-server-9.3.19.v20170502.jar:/home/user/.m2/repository/org/eclipse/jetty/jetty-http/9.3.19.v20170502/jetty-http-9.3.19.v20170502.jar:/home/user/.m2/repository/org/eclipse/jetty/jetty-io/9.3.19.v20170502/jetty-io-9.3.19.v20170502.jar:/home/user/.m2/repository/org/eclipse/jetty/jetty-util/9.3.19.v20170502/jetty-util-9.3.19.v20170502.jar:/home/user/.m2/repository/org/eclipse/jetty/jetty-servlet/9.3.19.v20170502/jetty-servlet-9.3.19.v20170502.jar:/home/user/.m2/repository/org/eclipse/jetty/jetty-security/9.3.19.v20170502/jetty-security-9.3.19.v20170502.jar:/home/user/.m2/repository/org/eclipse/jetty/jetty-webapp/9.3.19.v20170502/jetty-webapp-9.3.19.v20170502.jar:/home/user/.m2/repository/org/eclipse/jetty/jetty-xml/9.3.19.v20170502/jetty-xml-9.3.19.v20170502.jar:/home/user/.m2/repository/javax/servlet/jsp/jsp-api/2.1/jsp-api-2.1.jar:/home/user/.m2/repository/com/sun/jersey/jersey-core/1.19/jersey-core-1.19.jar:/home/user/.m2/repository/javax/ws/rs/jsr311-api/1.1.1/jsr311-api-1.1.1.jar:/home/user/.m2/repository/com/sun/jersey/jersey-servlet/1.19/jersey-servlet-1.19.jar:/home/user/.m2/repository/com/sun/jersey/jersey-json/1.19/jersey-json-1.19.jar:/home/user/.m2/repository/org/codehaus/jettison/jettison/1.1/jettison-1.1.jar:/home/user/.m2/repository/com/sun/xml/bind/jaxb-impl/2.2.3-1/jaxb-impl-2.2.3-1.jar:/home/user/.m2/repository/javax/xml/bind/jaxb-api/2.2.2/jaxb-api-2.2.2.jar:/home/user/.m2/repository/javax/xml/stream/stax-api/1.0-2/stax-api-1.0-2.jar:/home/user/.m2/repository/javax/activation/activation/1.1/activation-1.1.jar:/home/user/.m2/repository/org/codehaus/jackson/jackson-core-asl/1.9.2/jackson-core-asl-1.9.2.jar:/home/user/.m2/repository/org/codehaus/jackson/jackson-mapper-asl/1.9.2/jackson-mapper-asl-1.9.2.jar:/home/user/.m2/repository/org/codehaus/jackson/jackson-jaxrs/1.9.2/jackson-jaxrs-1.9.2.jar:/home/user/.m2/repository/org/codehaus/jackson/jackson-xc/1.9.2/jackson-xc-1.9.2.jar:/home/user/.m2/repository/com/sun/jersey/jersey-server/1.19/jersey-server-1.19.jar:/home/user/.m2/repository/commons-logging/commons-logging/1.1.3/commons-logging-1.1.3.jar:/home/user/.m2/repository/commons-lang/commons-lang/2.6/commons-lang-2.6.jar:/home/user/.m2/repository/commons-beanutils/commons-beanutils/1.9.3/commons-beanutils-1.9.3.jar:/home/user/.m2/repository/org/apache/commons/commons-configuration2/2.1.1/commons-configuration2-2.1.1.jar:/home/user/.m2/repository/org/apache/avro/avro/1.7.7/avro-1.7.7.jar:/home/user/.m2/repository/com/thoughtworks/paranamer/paranamer/2.3/paranamer-2.3.jar:/home/user/.m2/repository/org/xerial/snappy/snappy-java/1.0.5/snappy-java-1.0.5.jar:/home/user/.m2/repository/com/google/re2j/re2j/1.1/re2j-1.1.jar:/home/user/.m2/repository/com/google/protobuf/protobuf-java/2.5.0/protobuf-java-2.5.0.jar:/home/user/.m2/repository/com/google/code/gson/gson/2.2.4/gson-2.2.4.jar:/home/user/.m2/repository/org/apache/hadoop/hadoop-auth/3.1.1/hadoop-auth-3.1.1.jar:/home/user/.m2/repository/com/nimbusds/nimbus-jose-jwt/4.41.1/nimbus-jose-jwt-4.41.1.jar:/home/user/.m2/repository/com/github/stephenc/jcip/jcip-annotations/1.0-1/jcip-annotations-1.0-1.jar:/home/user/.m2/repository/net/minidev/json-smart/2.3/json-smart-2.3.jar:/home/user/.m2/repository/net/minidev/accessors-smart/1.2/accessors-smart-1.2.jar:/home/user/.m2/repository/org/ow2/asm/asm/5.0.4/asm-5.0.4.jar:/home/user/.m2/repository/org/apache/curator/curator-framework/2.12.0/curator-framework-2.12.0.jar:/home/user/.m2/repository/com/jcraft/jsch/0.1.54/jsch-0.1.54.jar:/home/user/.m2/repository/org/apache/curator/curator-client/2.12.0/curator-client-2.12.0.jar:/home/user/.m2/repository/org/apache/curator/curator-recipes/2.12.0/curator-recipes-2.12.0.jar:/home/user/.m2/repository/com/google/code/findbugs/jsr305/3.0.0/jsr305-3.0.0.jar:/home/user/.m2/repository/org/apache/htrace/htrace-core4/4.1.0-incubating/htrace-core4-4.1.0-incubating.jar:/home/user/.m2/repository/org/apache/zookeeper/zookeeper/3.4.9/zookeeper-3.4.9.jar:/home/user/.m2/repository/jline/jline/0.9.94/jline-0.9.94.jar:/home/user/.m2/repository/io/netty/netty/3.10.5.Final/netty-3.10.5.Final.jar:/home/user/.m2/repository/org/apache/commons/commons-compress/1.4.1/commons-compress-1.4.1.jar:/home/user/.m2/repository/org/tukaani/xz/1.0/xz-1.0.jar:/home/user/.m2/repository/org/apache/kerby/kerb-simplekdc/1.0.1/kerb-simplekdc-1.0.1.jar:/home/user/.m2/repository/org/apache/kerby/kerb-client/1.0.1/kerb-client-1.0.1.jar:/home/user/.m2/repository/org/apache/kerby/kerby-config/1.0.1/kerby-config-1.0.1.jar:/home/user/.m2/repository/org/apache/kerby/kerb-core/1.0.1/kerb-core-1.0.1.jar:/home/user/.m2/repository/org/apache/kerby/kerby-pkix/1.0.1/kerby-pkix-1.0.1.jar:/home/user/.m2/repository/org/apache/kerby/kerby-asn1/1.0.1/kerby-asn1-1.0.1.jar:/home/user/.m2/repository/org/apache/kerby/kerby-util/1.0.1/kerby-util-1.0.1.jar:/home/user/.m2/repository/org/apache/kerby/kerb-common/1.0.1/kerb-common-1.0.1.jar:/home/user/.m2/repository/org/apache/kerby/kerb-crypto/1.0.1/kerb-crypto-1.0.1.jar:/home/user/.m2/repository/org/apache/kerby/kerb-util/1.0.1/kerb-util-1.0.1.jar:/home/user/.m2/repository/org/apache/kerby/token-provider/1.0.1/token-provider-1.0.1.jar:/home/user/.m2/repository/org/apache/kerby/kerb-admin/1.0.1/kerb-admin-1.0.1.jar:/home/user/.m2/repository/org/apache/kerby/kerb-server/1.0.1/kerb-server-1.0.1.jar:/home/user/.m2/repository/org/apache/kerby/kerb-identity/1.0.1/kerb-identity-1.0.1.jar:/home/user/.m2/repository/org/apache/kerby/kerby-xdr/1.0.1/kerby-xdr-1.0.1.jar:/home/user/.m2/repository/com/fasterxml/jackson/core/jackson-databind/2.7.8/jackson-databind-2.7.8.jar:/home/user/.m2/repository/com/fasterxml/jackson/core/jackson-annotations/2.7.0/jackson-annotations-2.7.0.jar:/home/user/.m2/repository/com/fasterxml/jackson/core/jackson-core/2.7.8/jackson-core-2.7.8.jar:/home/user/.m2/repository/org/codehaus/woodstox/stax2-api/3.1.4/stax2-api-3.1.4.jar:/home/user/.m2/repository/com/fasterxml/woodstox/woodstox-core/5.0.3/woodstox-core-5.0.3.jar:/home/user/.m2/repository/com/google/guava/guava/11.0.2/guava-11.0.2.jar:/workdir/ratis-hadoop/target/test-classes:/home/user/.m2/repository/org/apache/ratis/ratis-thirdparty-hadoop/0.2.0/ratis-thirdparty-hadoop-0.2.0.jar:/workdir/ratis-grpc/target/classes:/workdir/ratis-grpc/target/test-classes:/workdir/ratis-netty/target/classes:/workdir/ratis-netty/target/test-classes:/home/user/.m2/repository/com/beust/jcommander/1.72/jcommander-1.72.jar:/home/user/.m2/repository/org/slf4j/slf4j-api/1.7.10/slf4j-api-1.7.10.jar:/home/user/.m2/repository/junit/junit/4.12/junit-4.12.jar:/home/user/.m2/repository/org/hamcrest/hamcrest-core/1.3/hamcrest-core-1.3.jar:/home/user/.m2/repository/org/mockito/mockito-all/1.8.5/mockito-all-1.8.5.jar:"/>
    <property name="sun.cpu.endian" value="little"/>
    <property name="user.home" value="/home/user"/>
    <property name="user.language" value="en"/>
    <property name="java.specification.vendor" value="Oracle Corporation"/>
    <property name="java.home" value="/usr/lib/jvm/java-1.8-openjdk/jre"/>
    <property name="basedir" value="/workdir/ratis-examples"/>
    <property name="file.separator" value="/"/>
    <property name="line.separator" value="&#10;"/>
    <property name="java.vm.specification.vendor" value="Oracle Corporation"/>
    <property name="java.specification.name" value="Java Platform API Specification"/>
    <property name="java.awt.graphicsenv" value="sun.awt.X11GraphicsEnvironment"/>
    <property name="surefire.real.class.path" value="/workdir/ratis-examples/target/surefire/surefirebooter8513270625779451882.jar"/>
    <property name="sun.boot.class.path" value="/usr/lib/jvm/java-1.8-openjdk/jre/lib/resources.jar:/usr/lib/jvm/java-1.8-openjdk/jre/lib/rt.jar:/usr/lib/jvm/java-1.8-openjdk/jre/lib/sunrsasign.jar:/usr/lib/jvm/java-1.8-openjdk/jre/lib/jsse.jar:/usr/lib/jvm/java-1.8-openjdk/jre/lib/jce.jar:/usr/lib/jvm/java-1.8-openjdk/jre/lib/charsets.jar:/usr/lib/jvm/java-1.8-openjdk/jre/lib/jfr.jar:/usr/lib/jvm/java-1.8-openjdk/jre/classes"/>
    <property name="sun.management.compiler" value="HotSpot 64-Bit Tiered Compilers"/>
    <property name="java.runtime.version" value="1.8.0_212-b04"/>
    <property name="java.net.preferIPv4Stack" value="true"/>
    <property name="user.name" value="jenkins1000"/>
    <property name="path.separator" value=":"/>
    <property name="os.version" value="3.10.0-957.12.2.el7.x86_64"/>
    <property name="java.endorsed.dirs" value="/usr/lib/jvm/java-1.8-openjdk/jre/lib/endorsed"/>
    <property name="java.runtime.name" value="OpenJDK Runtime Environment"/>
    <property name="file.encoding" value="UTF-8"/>
    <property name="java.vm.name" value="OpenJDK 64-Bit Server VM"/>
    <property name="localRepository" value="/home/user/.m2/repository"/>
    <property name="java.vendor.url.bug" value="https://icedtea.classpath.org/bugzilla"/>
    <property name="java.io.tmpdir" value="/tmp"/>
    <property name="java.version" value="1.8.0_212"/>
    <property name="user.dir" value="/workdir/ratis-examples"/>
    <property name="os.arch" value="amd64"/>
    <property name="ratis.tmp.dir" value="/workdir/ratis-examples/target/tmp"/>
    <property name="java.vm.specification.name" value="Java Virtual Machine Specification"/>
    <property name="java.awt.printerjob" value="sun.print.PSPrinterJob"/>
    <property name="ratis.log.dir" value="/workdir/ratis-examples/target/log"/>
    <property name="sun.os.patch.level" value="unknown"/>
    <property name="java.library.path" value="/usr/lib/jvm/java-1.8-openjdk/jre/lib/amd64/server:/usr/lib/jvm/java-1.8-openjdk/jre/lib/amd64:/usr/lib/jvm/java-1.8-openjdk/jre/../lib/amd64:/usr/java/packages/lib/amd64:/usr/lib64:/lib64:/lib:/usr/lib"/>
    <property name="java.vm.info" value="mixed mode"/>
    <property name="java.vendor" value="IcedTea"/>
    <property name="java.vm.version" value="25.212-b04"/>
    <property name="java.ext.dirs" value="/usr/lib/jvm/java-1.8-openjdk/jre/lib/ext:/usr/java/packages/lib/ext"/>
    <property name="sun.io.unicode.encoding" value="UnicodeLittle"/>
    <property name="java.class.version" value="52.0"/>
  </properties>
  <testcase name="testFileStore" classname="org.apache.ratis.examples.filestore.TestFileStoreWithNetty" time="100.029">
    <error message="test timed out after 100 seconds" type="org.junit.runners.model.TestTimedOutException">org.junit.runners.model.TestTimedOutException: test timed out after 100 seconds
</error>
    <system-out><![CDATA[2019-09-24 17:32:20,631 INFO  util.LogUtils (LogUtils.java:setLogLevel(41)) - Set org.apache.ratis.conf.ConfUtils log level to WARN
2019-09-24 17:32:20,634 INFO  util.LogUtils (LogUtils.java:setLogLevel(41)) - Set org.apache.ratis.util.FileUtils log level to TRACE
2019-09-24 17:32:20,735 INFO  ratis.MiniRaftCluster (MiniRaftCluster.java:<init>(253)) - new MiniRaftClusterWithNetty with group-CDDA1A17BE32:[s0:0.0.0.0:41187, s1:0.0.0.0:39153, s2:0.0.0.0:42713]
2019-09-24 17:32:20,736 INFO  ratis.MiniRaftCluster (MiniRaftCluster.java:start(287)) - .............................................................. 
2019-09-24 17:32:20,736 INFO  ratis.MiniRaftCluster (MiniRaftCluster.java:start(288)) - ... 
2019-09-24 17:32:20,737 INFO  ratis.MiniRaftCluster (MiniRaftCluster.java:start(289)) - ...     Starting MiniRaftClusterWithNetty
2019-09-24 17:32:20,737 INFO  ratis.MiniRaftCluster (MiniRaftCluster.java:start(290)) - ... 
2019-09-24 17:32:20,737 INFO  ratis.MiniRaftCluster (MiniRaftCluster.java:start(291)) - .............................................................. 
2019-09-24 17:32:20,737 INFO  ratis.MiniRaftCluster (MiniRaftCluster.java:initServers(265)) - servers = {}
2019-09-24 17:32:20,749 INFO  ratis.MiniRaftCluster (MiniRaftCluster.java:newRaftServer(330)) - newRaftServer: s0, group-CDDA1A17BE32:[s0:0.0.0.0:41187, s1:0.0.0.0:39153, s2:0.0.0.0:42713], format? true
2019-09-24 17:32:20,750 TRACE util.FileUtils (FileUtils.java:deleteFully(88)) - deleteFully target/test/data/30cdbed2/MiniRaftClusterWithNettyb64ab849/s0
2019-09-24 17:32:20,758 TRACE util.FileUtils (FileUtils.java:deleteFully(104)) - deleteFully: target/test/data/30cdbed2/MiniRaftClusterWithNettyb64ab849/s0 does not exist.
2019-09-24 17:32:20,758 INFO  ratis.MiniRaftCluster (MiniRaftCluster.java:newRaftServer(335)) - Formatted directory target/test/data/30cdbed2/MiniRaftClusterWithNettyb64ab849/s0
2019-09-24 17:32:20,776 INFO  impl.RaftServerProxy (ConfUtils.java:logGet(43)) - raft.rpc.type = NETTY (custom)
2019-09-24 17:32:20,872 INFO  netty.NettyConfigKeys$Server (ConfUtils.java:logGet(43)) - raft.netty.server.port = 41187 (custom)
2019-09-24 17:32:20,982 INFO  server.RaftServerConfigKeys (ConfUtils.java:logGet(43)) - raft.server.storage.dir = [/workdir/ratis-examples/target/test/data/30cdbed2/MiniRaftClusterWithNettyb64ab849/s0] (custom)
2019-09-24 17:32:20,982 INFO  logging.LoggingHandler (AbstractInternalLogger.java:log(150)) - [id: 0xa0a8e69c] REGISTERED
2019-09-24 17:32:20,985 INFO  logging.LoggingHandler (AbstractInternalLogger.java:log(150)) - [id: 0xa0a8e69c] BIND: 0.0.0.0/0.0.0.0:41187
2019-09-24 17:32:20,989 INFO  logging.LoggingHandler (AbstractInternalLogger.java:log(150)) - [id: 0xa0a8e69c, L:/0.0.0.0:41187] ACTIVE
2019-09-24 17:32:20,994 INFO  impl.RaftServerProxy (RaftServerProxy.java:addNew(89)) - s0: addNew group-CDDA1A17BE32:[s0:0.0.0.0:41187, s1:0.0.0.0:39153, s2:0.0.0.0:42713] returns group-CDDA1A17BE32:java.util.concurrent.CompletableFuture@2422e852[Not completed]
2019-09-24 17:32:20,997 INFO  ratis.MiniRaftCluster (MiniRaftCluster.java:newRaftServer(330)) - newRaftServer: s1, group-CDDA1A17BE32:[s0:0.0.0.0:41187, s1:0.0.0.0:39153, s2:0.0.0.0:42713], format? true
2019-09-24 17:32:20,997 TRACE util.FileUtils (FileUtils.java:deleteFully(88)) - deleteFully target/test/data/30cdbed2/MiniRaftClusterWithNettyb64ab849/s1
2019-09-24 17:32:20,998 TRACE util.FileUtils (FileUtils.java:deleteFully(104)) - deleteFully: target/test/data/30cdbed2/MiniRaftClusterWithNettyb64ab849/s1 does not exist.
2019-09-24 17:32:20,998 INFO  ratis.MiniRaftCluster (MiniRaftCluster.java:newRaftServer(335)) - Formatted directory target/test/data/30cdbed2/MiniRaftClusterWithNettyb64ab849/s1
2019-09-24 17:32:20,999 INFO  impl.RaftServerProxy (ConfUtils.java:logGet(43)) - raft.rpc.type = NETTY (custom)
2019-09-24 17:32:21,001 INFO  netty.NettyConfigKeys$Server (ConfUtils.java:logGet(43)) - raft.netty.server.port = 39153 (custom)
2019-09-24 17:32:21,002 INFO  server.RaftServerConfigKeys (ConfUtils.java:logGet(43)) - raft.server.storage.dir = [/workdir/ratis-examples/target/test/data/30cdbed2/MiniRaftClusterWithNettyb64ab849/s1] (custom)
2019-09-24 17:32:21,002 INFO  logging.LoggingHandler (AbstractInternalLogger.java:log(150)) - [id: 0x4050f7de] REGISTERED
2019-09-24 17:32:21,003 INFO  impl.RaftServerProxy (RaftServerProxy.java:addNew(89)) - s1: addNew group-CDDA1A17BE32:[s0:0.0.0.0:41187, s1:0.0.0.0:39153, s2:0.0.0.0:42713] returns group-CDDA1A17BE32:java.util.concurrent.CompletableFuture@5c5a3574[Not completed]
2019-09-24 17:32:21,003 INFO  logging.LoggingHandler (AbstractInternalLogger.java:log(150)) - [id: 0x4050f7de] BIND: 0.0.0.0/0.0.0.0:39153
2019-09-24 17:32:21,004 INFO  logging.LoggingHandler (AbstractInternalLogger.java:log(150)) - [id: 0x4050f7de, L:/0.0.0.0:39153] ACTIVE
2019-09-24 17:32:21,004 INFO  statemachine.StateMachine (ConfUtils.java:logGet(43)) - example.filestore.statemachine.dir = /workdir/ratis-examples/target/test/data/30cdbed2/TestFileStoreWithNetty/filestore (custom)
2019-09-24 17:32:21,004 INFO  ratis.MiniRaftCluster (MiniRaftCluster.java:newRaftServer(330)) - newRaftServer: s2, group-CDDA1A17BE32:[s0:0.0.0.0:41187, s1:0.0.0.0:39153, s2:0.0.0.0:42713], format? true
2019-09-24 17:32:21,004 INFO  statemachine.StateMachine (ConfUtils.java:logGet(43)) - example.filestore.statemachine.dir = /workdir/ratis-examples/target/test/data/30cdbed2/TestFileStoreWithNetty/filestore (custom)
2019-09-24 17:32:21,005 TRACE util.FileUtils (FileUtils.java:deleteFully(88)) - deleteFully target/test/data/30cdbed2/MiniRaftClusterWithNettyb64ab849/s2
2019-09-24 17:32:21,005 TRACE util.FileUtils (FileUtils.java:deleteFully(104)) - deleteFully: target/test/data/30cdbed2/MiniRaftClusterWithNettyb64ab849/s2 does not exist.
2019-09-24 17:32:21,005 INFO  ratis.MiniRaftCluster (MiniRaftCluster.java:newRaftServer(335)) - Formatted directory target/test/data/30cdbed2/MiniRaftClusterWithNettyb64ab849/s2
2019-09-24 17:32:21,006 INFO  impl.RaftServerProxy (ConfUtils.java:logGet(43)) - raft.rpc.type = NETTY (custom)
2019-09-24 17:32:21,008 INFO  impl.RaftServerImpl (RaftServerImpl.java:<init>(95)) - s0: new RaftServerImpl for group-CDDA1A17BE32:[s0:0.0.0.0:41187, s1:0.0.0.0:39153, s2:0.0.0.0:42713] with FileStoreStateMachine:uninitialized
2019-09-24 17:32:21,008 INFO  netty.NettyConfigKeys$Server (ConfUtils.java:logGet(43)) - raft.netty.server.port = 42713 (custom)
2019-09-24 17:32:21,008 INFO  impl.RaftServerImpl (RaftServerImpl.java:<init>(95)) - s1: new RaftServerImpl for group-CDDA1A17BE32:[s0:0.0.0.0:41187, s1:0.0.0.0:39153, s2:0.0.0.0:42713] with FileStoreStateMachine:uninitialized
2019-09-24 17:32:21,009 INFO  server.RaftServerConfigKeys (ConfUtils.java:logGet(43)) - raft.server.storage.dir = [/workdir/ratis-examples/target/test/data/30cdbed2/MiniRaftClusterWithNettyb64ab849/s2] (custom)
2019-09-24 17:32:21,009 INFO  logging.LoggingHandler (AbstractInternalLogger.java:log(150)) - [id: 0x3d3ba73f] REGISTERED
2019-09-24 17:32:21,010 INFO  impl.RaftServerProxy (RaftServerProxy.java:addNew(89)) - s2: addNew group-CDDA1A17BE32:[s0:0.0.0.0:41187, s1:0.0.0.0:39153, s2:0.0.0.0:42713] returns group-CDDA1A17BE32:java.util.concurrent.CompletableFuture@32d62cbf[Not completed]
2019-09-24 17:32:21,010 INFO  logging.LoggingHandler (AbstractInternalLogger.java:log(150)) - [id: 0x3d3ba73f] BIND: 0.0.0.0/0.0.0.0:42713
2019-09-24 17:32:21,011 INFO  logging.LoggingHandler (AbstractInternalLogger.java:log(150)) - [id: 0x3d3ba73f, L:/0.0.0.0:42713] ACTIVE
2019-09-24 17:32:21,011 INFO  statemachine.StateMachine (ConfUtils.java:logGet(43)) - example.filestore.statemachine.dir = /workdir/ratis-examples/target/test/data/30cdbed2/TestFileStoreWithNetty/filestore (custom)
2019-09-24 17:32:21,012 INFO  impl.RaftServerImpl (RaftServerImpl.java:<init>(95)) - s2: new RaftServerImpl for group-CDDA1A17BE32:[s0:0.0.0.0:41187, s1:0.0.0.0:39153, s2:0.0.0.0:42713] with FileStoreStateMachine:uninitialized
2019-09-24 17:32:21,014 INFO  server.RaftServerConfigKeys (ConfUtils.java:logGet(43)) - raft.server.rpc.timeout.min = 150ms (default)
2019-09-24 17:32:21,014 INFO  server.RaftServerConfigKeys (ConfUtils.java:logGet(43)) - raft.server.rpc.timeout.min = 150ms (default)
2019-09-24 17:32:21,014 INFO  server.RaftServerConfigKeys (ConfUtils.java:logGet(43)) - raft.server.rpc.timeout.min = 150ms (default)
2019-09-24 17:32:21,015 INFO  server.RaftServerConfigKeys (ConfUtils.java:logGet(43)) - raft.server.rpc.timeout.max = 300ms (default)
2019-09-24 17:32:21,015 INFO  server.RaftServerConfigKeys (ConfUtils.java:logGet(43)) - raft.server.rpc.timeout.max = 300ms (default)
2019-09-24 17:32:21,015 INFO  server.RaftServerConfigKeys (ConfUtils.java:logGet(43)) - raft.server.rpcslowness.timeout = 60s (default)
2019-09-24 17:32:21,015 INFO  server.RaftServerConfigKeys (ConfUtils.java:logGet(43)) - raft.server.rpc.timeout.max = 300ms (default)
2019-09-24 17:32:21,016 INFO  server.RaftServerConfigKeys (ConfUtils.java:logGet(43)) - raft.server.rpcslowness.timeout = 60s (default)
2019-09-24 17:32:21,016 INFO  server.RaftServerConfigKeys (ConfUtils.java:logGet(43)) - raft.server.rpcslowness.timeout = 60s (default)
2019-09-24 17:32:21,016 INFO  server.RaftServerConfigKeys (ConfUtils.java:logGet(43)) - raft.server.sleep.deviation.threshold = 300 (default)
2019-09-24 17:32:21,016 INFO  server.RaftServerConfigKeys (ConfUtils.java:logGet(43)) - raft.server.sleep.deviation.threshold = 300 (default)
2019-09-24 17:32:21,017 INFO  server.RaftServerConfigKeys (ConfUtils.java:logGet(43)) - raft.server.sleep.deviation.threshold = 300 (default)
2019-09-24 17:32:21,019 INFO  server.RaftServerConfigKeys (ConfUtils.java:logGet(43)) - raft.server.log.appender.install.snapshot.enabled = true (default)
2019-09-24 17:32:21,020 INFO  server.RaftServerConfigKeys (ConfUtils.java:logGet(43)) - raft.server.log.appender.install.snapshot.enabled = true (default)
2019-09-24 17:32:21,020 INFO  server.RaftServerConfigKeys (ConfUtils.java:logGet(43)) - raft.server.log.appender.install.snapshot.enabled = true (default)
2019-09-24 17:32:21,027 INFO  impl.RaftServerImpl (ServerState.java:<init>(103)) - s2@group-CDDA1A17BE32: ConfigurationManager, init=-1: [s0:0.0.0.0:41187, s1:0.0.0.0:39153, s2:0.0.0.0:42713], old=null, confs=<EMPTY_MAP>
2019-09-24 17:32:21,027 INFO  impl.RaftServerImpl (ServerState.java:<init>(103)) - s1@group-CDDA1A17BE32: ConfigurationManager, init=-1: [s0:0.0.0.0:41187, s1:0.0.0.0:39153, s2:0.0.0.0:42713], old=null, confs=<EMPTY_MAP>
2019-09-24 17:32:21,027 INFO  impl.RaftServerImpl (ServerState.java:<init>(103)) - s0@group-CDDA1A17BE32: ConfigurationManager, init=-1: [s0:0.0.0.0:41187, s1:0.0.0.0:39153, s2:0.0.0.0:42713], old=null, confs=<EMPTY_MAP>
2019-09-24 17:32:21,028 INFO  server.RaftServerConfigKeys (ConfUtils.java:logGet(43)) - raft.server.storage.dir = [/workdir/ratis-examples/target/test/data/30cdbed2/MiniRaftClusterWithNettyb64ab849/s2] (custom)
2019-09-24 17:32:21,028 INFO  server.RaftServerConfigKeys (ConfUtils.java:logGet(43)) - raft.server.storage.dir = [/workdir/ratis-examples/target/test/data/30cdbed2/MiniRaftClusterWithNettyb64ab849/s0] (custom)
2019-09-24 17:32:21,028 INFO  server.RaftServerConfigKeys (ConfUtils.java:logGet(43)) - raft.server.storage.dir = [/workdir/ratis-examples/target/test/data/30cdbed2/MiniRaftClusterWithNettyb64ab849/s1] (custom)
2019-09-24 17:32:21,038 INFO  server.RaftServerConfigKeys (ConfUtils.java:logGet(43)) - raft.server.log.corruption.policy = EXCEPTION (default)
2019-09-24 17:32:21,038 INFO  server.RaftServerConfigKeys (ConfUtils.java:logGet(43)) - raft.server.log.corruption.policy = EXCEPTION (default)
2019-09-24 17:32:21,038 INFO  server.RaftServerConfigKeys (ConfUtils.java:logGet(43)) - raft.server.log.corruption.policy = EXCEPTION (default)
2019-09-24 17:32:21,040 INFO  storage.RaftStorageDirectory (RaftStorageDirectory.java:analyzeStorage(246)) - The storage directory /workdir/ratis-examples/target/test/data/30cdbed2/MiniRaftClusterWithNettyb64ab849/s0/52c4c118-c65a-443c-a983-cdda1a17be32 does not exist. Creating ...
2019-09-24 17:32:21,040 INFO  storage.RaftStorageDirectory (RaftStorageDirectory.java:analyzeStorage(246)) - The storage directory /workdir/ratis-examples/target/test/data/30cdbed2/MiniRaftClusterWithNettyb64ab849/s1/52c4c118-c65a-443c-a983-cdda1a17be32 does not exist. Creating ...
2019-09-24 17:32:21,040 INFO  storage.RaftStorageDirectory (RaftStorageDirectory.java:analyzeStorage(246)) - The storage directory /workdir/ratis-examples/target/test/data/30cdbed2/MiniRaftClusterWithNettyb64ab849/s2/52c4c118-c65a-443c-a983-cdda1a17be32 does not exist. Creating ...
2019-09-24 17:32:21,043 TRACE util.FileUtils (LogUtils.java:runAndLog(61)) - Successfully ran Files.createDirectories /workdir/ratis-examples/target/test/data/30cdbed2/MiniRaftClusterWithNettyb64ab849/s2/52c4c118-c65a-443c-a983-cdda1a17be32
2019-09-24 17:32:21,043 TRACE util.FileUtils (LogUtils.java:runAndLog(61)) - Successfully ran Files.createDirectories /workdir/ratis-examples/target/test/data/30cdbed2/MiniRaftClusterWithNettyb64ab849/s0/52c4c118-c65a-443c-a983-cdda1a17be32
2019-09-24 17:32:21,043 TRACE util.FileUtils (LogUtils.java:runAndLog(61)) - Successfully ran Files.createDirectories /workdir/ratis-examples/target/test/data/30cdbed2/MiniRaftClusterWithNettyb64ab849/s1/52c4c118-c65a-443c-a983-cdda1a17be32
2019-09-24 17:32:22,712 INFO  storage.RaftStorageDirectory (RaftStorageDirectory.java:tryLock(328)) - Lock on /workdir/ratis-examples/target/test/data/30cdbed2/MiniRaftClusterWithNettyb64ab849/s2/52c4c118-c65a-443c-a983-cdda1a17be32/in_use.lock acquired by nodename 19845@ratis-test-vphbd-3564017154
2019-09-24 17:32:22,712 INFO  storage.RaftStorageDirectory (RaftStorageDirectory.java:tryLock(328)) - Lock on /workdir/ratis-examples/target/test/data/30cdbed2/MiniRaftClusterWithNettyb64ab849/s0/52c4c118-c65a-443c-a983-cdda1a17be32/in_use.lock acquired by nodename 19845@ratis-test-vphbd-3564017154
2019-09-24 17:32:22,712 INFO  storage.RaftStorageDirectory (RaftStorageDirectory.java:tryLock(328)) - Lock on /workdir/ratis-examples/target/test/data/30cdbed2/MiniRaftClusterWithNettyb64ab849/s1/52c4c118-c65a-443c-a983-cdda1a17be32/in_use.lock acquired by nodename 19845@ratis-test-vphbd-3564017154
2019-09-24 17:32:22,714 TRACE util.FileUtils (LogUtils.java:runAndLog(61)) - Successfully ran Files.createDirectories /workdir/ratis-examples/target/test/data/30cdbed2/MiniRaftClusterWithNettyb64ab849/s0/52c4c118-c65a-443c-a983-cdda1a17be32/current
2019-09-24 17:32:22,714 TRACE util.FileUtils (LogUtils.java:runAndLog(61)) - Successfully ran Files.createDirectories /workdir/ratis-examples/target/test/data/30cdbed2/MiniRaftClusterWithNettyb64ab849/s2/52c4c118-c65a-443c-a983-cdda1a17be32/current
2019-09-24 17:32:22,714 TRACE util.FileUtils (LogUtils.java:runAndLog(61)) - Successfully ran Files.createDirectories /workdir/ratis-examples/target/test/data/30cdbed2/MiniRaftClusterWithNettyb64ab849/s1/52c4c118-c65a-443c-a983-cdda1a17be32/current
2019-09-24 17:32:22,715 TRACE util.FileUtils (LogUtils.java:runAndLog(61)) - Successfully ran Files.createDirectories /workdir/ratis-examples/target/test/data/30cdbed2/MiniRaftClusterWithNettyb64ab849/s2/52c4c118-c65a-443c-a983-cdda1a17be32/sm
2019-09-24 17:32:22,714 TRACE util.FileUtils (LogUtils.java:runAndLog(61)) - Successfully ran Files.createDirectories /workdir/ratis-examples/target/test/data/30cdbed2/MiniRaftClusterWithNettyb64ab849/s0/52c4c118-c65a-443c-a983-cdda1a17be32/sm
2019-09-24 17:32:22,715 TRACE util.FileUtils (LogUtils.java:runAndLog(61)) - Successfully ran Files.createDirectories /workdir/ratis-examples/target/test/data/30cdbed2/MiniRaftClusterWithNettyb64ab849/s1/52c4c118-c65a-443c-a983-cdda1a17be32/sm
2019-09-24 17:32:27,979 INFO  storage.RaftStorage (RaftStorage.java:format(84)) - Storage directory /workdir/ratis-examples/target/test/data/30cdbed2/MiniRaftClusterWithNettyb64ab849/s1/52c4c118-c65a-443c-a983-cdda1a17be32 has been successfully formatted.
2019-09-24 17:32:27,979 INFO  storage.RaftStorage (RaftStorage.java:format(84)) - Storage directory /workdir/ratis-examples/target/test/data/30cdbed2/MiniRaftClusterWithNettyb64ab849/s0/52c4c118-c65a-443c-a983-cdda1a17be32 has been successfully formatted.
2019-09-24 17:32:27,979 INFO  storage.RaftStorage (RaftStorage.java:format(84)) - Storage directory /workdir/ratis-examples/target/test/data/30cdbed2/MiniRaftClusterWithNettyb64ab849/s2/52c4c118-c65a-443c-a983-cdda1a17be32 has been successfully formatted.
2019-09-24 17:32:27,989 TRACE util.FileUtils (LogUtils.java:runAndLog(61)) - Successfully ran Files.createDirectories /workdir/ratis-examples/target/test/data/30cdbed2/TestFileStoreWithNetty/filestore/s0
2019-09-24 17:32:27,989 TRACE util.FileUtils (LogUtils.java:runAndLog(61)) - Successfully ran Files.createDirectories /workdir/ratis-examples/target/test/data/30cdbed2/TestFileStoreWithNetty/filestore/s1
2019-09-24 17:32:27,989 TRACE util.FileUtils (LogUtils.java:runAndLog(61)) - Successfully ran Files.createDirectories /workdir/ratis-examples/target/test/data/30cdbed2/TestFileStoreWithNetty/filestore/s2
2019-09-24 17:32:27,990 INFO  server.RaftServerConfigKeys (ConfUtils.java:logGet(43)) - raft.server.notification.no-leader.timeout = 60s (default)
2019-09-24 17:32:27,990 INFO  server.RaftServerConfigKeys (ConfUtils.java:logGet(43)) - raft.server.notification.no-leader.timeout = 60s (default)
2019-09-24 17:32:27,990 INFO  server.RaftServerConfigKeys (ConfUtils.java:logGet(43)) - raft.server.notification.no-leader.timeout = 60s (default)
2019-09-24 17:32:27,995 INFO  server.RaftServerConfigKeys (ConfUtils.java:logGet(43)) - raft.server.log.use.memory = false (default)
2019-09-24 17:32:27,996 INFO  server.RaftServerConfigKeys (ConfUtils.java:logGet(43)) - raft.server.log.use.memory = false (default)
2019-09-24 17:32:27,996 INFO  server.RaftServerConfigKeys (ConfUtils.java:logGet(43)) - raft.server.log.use.memory = false (default)
2019-09-24 17:32:28,007 INFO  server.RaftServerConfigKeys (ConfUtils.java:logGet(43)) - raft.server.log.purge.gap = 1024 (default)
2019-09-24 17:32:28,007 INFO  server.RaftServerConfigKeys (ConfUtils.java:logGet(43)) - raft.server.log.purge.gap = 1024 (default)
2019-09-24 17:32:28,007 INFO  server.RaftServerConfigKeys (ConfUtils.java:logGet(43)) - raft.server.log.purge.gap = 1024 (default)
2019-09-24 17:32:28,008 INFO  server.RaftServerConfigKeys (ConfUtils.java:logGet(43)) - raft.server.log.appender.buffer.byte-limit = 4MB (=4194304) (default)
2019-09-24 17:32:28,009 INFO  server.RaftServerConfigKeys (ConfUtils.java:logGet(43)) - raft.server.log.appender.buffer.byte-limit = 4MB (=4194304) (default)
2019-09-24 17:32:28,008 INFO  server.RaftServerConfigKeys (ConfUtils.java:logGet(43)) - raft.server.log.appender.buffer.byte-limit = 4MB (=4194304) (default)
2019-09-24 17:32:28,016 INFO  server.RaftServerConfigKeys (ConfUtils.java:logGet(43)) - raft.server.log.segment.size.max = 8MB (=8388608) (default)
2019-09-24 17:32:28,016 INFO  server.RaftServerConfigKeys (ConfUtils.java:logGet(43)) - raft.server.log.segment.size.max = 8MB (=8388608) (default)
2019-09-24 17:32:28,016 INFO  server.RaftServerConfigKeys (ConfUtils.java:logGet(43)) - raft.server.log.segment.size.max = 8MB (=8388608) (default)
2019-09-24 17:32:28,024 INFO  server.RaftServerConfigKeys (ConfUtils.java:logGet(43)) - raft.server.log.segment.cache.num.max = 6 (default)
2019-09-24 17:32:28,024 INFO  server.RaftServerConfigKeys (ConfUtils.java:logGet(43)) - raft.server.log.segment.cache.num.max = 6 (default)
2019-09-24 17:32:28,024 INFO  server.RaftServerConfigKeys (ConfUtils.java:logGet(43)) - raft.server.log.segment.cache.num.max = 6 (default)
2019-09-24 17:32:28,033 INFO  segmented.SegmentedRaftLogWorker (SegmentedRaftLogWorker.java:<init>(172)) - new s1@group-CDDA1A17BE32-SegmentedRaftLogWorker for RaftStorage:Storage Directory /workdir/ratis-examples/target/test/data/30cdbed2/MiniRaftClusterWithNettyb64ab849/s1/52c4c118-c65a-443c-a983-cdda1a17be32
2019-09-24 17:32:28,033 INFO  segmented.SegmentedRaftLogWorker (SegmentedRaftLogWorker.java:<init>(172)) - new s2@group-CDDA1A17BE32-SegmentedRaftLogWorker for RaftStorage:Storage Directory /workdir/ratis-examples/target/test/data/30cdbed2/MiniRaftClusterWithNettyb64ab849/s2/52c4c118-c65a-443c-a983-cdda1a17be32
2019-09-24 17:32:28,033 INFO  segmented.SegmentedRaftLogWorker (SegmentedRaftLogWorker.java:<init>(172)) - new s0@group-CDDA1A17BE32-SegmentedRaftLogWorker for RaftStorage:Storage Directory /workdir/ratis-examples/target/test/data/30cdbed2/MiniRaftClusterWithNettyb64ab849/s0/52c4c118-c65a-443c-a983-cdda1a17be32
2019-09-24 17:32:28,266 INFO  beanutils.FluentPropertyBeanIntrospector (FluentPropertyBeanIntrospector.java:introspect(147)) - Error when creating PropertyDescriptor for public final void org.apache.commons.configuration2.AbstractConfiguration.setProperty(java.lang.String,java.lang.Object)! Ignoring this property.
2019-09-24 17:32:28,287 WARN  impl.MetricsConfig (MetricsConfig.java:loadFirst(134)) - Cannot locate configuration: tried hadoop-metrics2-ratis.properties,hadoop-metrics2.properties
2019-09-24 17:32:28,388 INFO  impl.MetricsSystemImpl (MetricsSystemImpl.java:startTimer(374)) - Scheduled Metric snapshot period at 10 second(s).
2019-09-24 17:32:28,389 INFO  impl.MetricsSystemImpl (MetricsSystemImpl.java:start(191)) - ratis metrics system started
2019-09-24 17:32:28,396 INFO  metrics.MetricRegistries (MetricRegistriesLoader.java:load(64)) - Loaded MetricRegistries class org.apache.ratis.metrics.impl.MetricRegistriesImpl
2019-09-24 17:32:28,446 INFO  server.RaftServerConfigKeys (ConfUtils.java:logGet(43)) - raft.server.log.queue.byte-limit = 64MB (=67108864) (default)
2019-09-24 17:32:28,447 INFO  server.RaftServerConfigKeys (ConfUtils.java:logGet(43)) - raft.server.log.queue.element-limit = 4096 (default)
2019-09-24 17:32:28,448 INFO  server.RaftServerConfigKeys (ConfUtils.java:logGet(43)) - raft.server.log.queue.byte-limit = 64MB (=67108864) (default)
2019-09-24 17:32:28,448 INFO  server.RaftServerConfigKeys (ConfUtils.java:logGet(43)) - raft.server.log.queue.element-limit = 4096 (default)
2019-09-24 17:32:28,448 INFO  server.RaftServerConfigKeys (ConfUtils.java:logGet(43)) - raft.server.log.queue.byte-limit = 64MB (=67108864) (default)
2019-09-24 17:32:28,449 INFO  server.RaftServerConfigKeys (ConfUtils.java:logGet(43)) - raft.server.log.queue.element-limit = 4096 (default)
2019-09-24 17:32:28,451 INFO  server.RaftServerConfigKeys (ConfUtils.java:logGet(43)) - raft.server.log.segment.size.max = 8MB (=8388608) (default)
2019-09-24 17:32:28,451 INFO  server.RaftServerConfigKeys (ConfUtils.java:logGet(43)) - raft.server.log.segment.size.max = 8MB (=8388608) (default)
2019-09-24 17:32:28,451 INFO  server.RaftServerConfigKeys (ConfUtils.java:logGet(43)) - raft.server.log.segment.size.max = 8MB (=8388608) (default)
2019-09-24 17:32:28,451 INFO  server.RaftServerConfigKeys (ConfUtils.java:logGet(43)) - raft.server.log.preallocated.size = 4MB (=4194304) (default)
2019-09-24 17:32:28,452 INFO  server.RaftServerConfigKeys (ConfUtils.java:logGet(43)) - raft.server.log.preallocated.size = 4MB (=4194304) (default)
2019-09-24 17:32:28,452 INFO  server.RaftServerConfigKeys (ConfUtils.java:logGet(43)) - raft.server.log.preallocated.size = 4MB (=4194304) (default)
2019-09-24 17:32:28,452 INFO  server.RaftServerConfigKeys (ConfUtils.java:logGet(43)) - raft.server.log.write.buffer.size = 64KB (=65536) (default)
2019-09-24 17:32:28,452 INFO  server.RaftServerConfigKeys (ConfUtils.java:logGet(43)) - raft.server.log.write.buffer.size = 64KB (=65536) (default)
2019-09-24 17:32:28,452 INFO  server.RaftServerConfigKeys (ConfUtils.java:logGet(43)) - raft.server.log.write.buffer.size = 64KB (=65536) (default)
2019-09-24 17:32:28,453 INFO  server.RaftServerConfigKeys (ConfUtils.java:logGet(43)) - raft.server.log.force.sync.num = 128 (default)
2019-09-24 17:32:28,453 INFO  server.RaftServerConfigKeys (ConfUtils.java:logGet(43)) - raft.server.log.force.sync.num = 128 (default)
2019-09-24 17:32:28,453 INFO  server.RaftServerConfigKeys (ConfUtils.java:logGet(43)) - raft.server.log.force.sync.num = 128 (default)
2019-09-24 17:32:28,455 INFO  server.RaftServerConfigKeys (ConfUtils.java:logGet(43)) - raft.server.log.statemachine.data.sync = true (default)
2019-09-24 17:32:28,455 INFO  server.RaftServerConfigKeys (ConfUtils.java:logGet(43)) - raft.server.log.statemachine.data.sync = true (default)
2019-09-24 17:32:28,455 INFO  server.RaftServerConfigKeys (ConfUtils.java:logGet(43)) - raft.server.log.statemachine.data.sync = true (default)
2019-09-24 17:32:28,455 INFO  server.RaftServerConfigKeys (ConfUtils.java:logGet(43)) - raft.server.log.statemachine.data.sync.timeout = 10s (default)
2019-09-24 17:32:28,455 INFO  server.RaftServerConfigKeys (ConfUtils.java:logGet(43)) - raft.server.log.statemachine.data.sync.timeout = 10s (default)
2019-09-24 17:32:28,455 INFO  server.RaftServerConfigKeys (ConfUtils.java:logGet(43)) - raft.server.log.statemachine.data.sync.timeout = 10s (default)
2019-09-24 17:32:28,456 INFO  server.RaftServerConfigKeys (ConfUtils.java:logGet(43)) - raft.server.log.statemachine.data.sync.timeout.retry = -1 (default)
2019-09-24 17:32:28,456 INFO  server.RaftServerConfigKeys (ConfUtils.java:logGet(43)) - raft.server.log.statemachine.data.sync.timeout.retry = -1 (default)
2019-09-24 17:32:28,456 INFO  server.RaftServerConfigKeys (ConfUtils.java:logGet(43)) - raft.server.log.statemachine.data.sync.timeout.retry = -1 (default)
2019-09-24 17:32:28,469 INFO  server.RaftServerConfigKeys (ConfUtils.java:logGet(43)) - raft.server.log.statemachine.data.caching.enabled = false (default)
2019-09-24 17:32:28,469 INFO  server.RaftServerConfigKeys (ConfUtils.java:logGet(43)) - raft.server.log.statemachine.data.caching.enabled = false (default)
2019-09-24 17:32:28,469 INFO  server.RaftServerConfigKeys (ConfUtils.java:logGet(43)) - raft.server.log.statemachine.data.caching.enabled = false (default)
2019-09-24 17:32:28,476 INFO  segmented.SegmentedRaftLogWorker (SegmentedRaftLogWorker.java:lambda$new$0(132)) - s1@group-CDDA1A17BE32-SegmentedRaftLogWorker: flushIndex: setUnconditionally 0 -> -1
2019-09-24 17:32:28,476 INFO  segmented.SegmentedRaftLogWorker (SegmentedRaftLogWorker.java:lambda$new$0(132)) - s0@group-CDDA1A17BE32-SegmentedRaftLogWorker: flushIndex: setUnconditionally 0 -> -1
2019-09-24 17:32:28,476 INFO  segmented.SegmentedRaftLogWorker (SegmentedRaftLogWorker.java:lambda$new$0(132)) - s2@group-CDDA1A17BE32-SegmentedRaftLogWorker: flushIndex: setUnconditionally 0 -> -1
2019-09-24 17:32:28,483 INFO  server.RaftServerConfigKeys (ConfUtils.java:logGet(43)) - raft.server.snapshot.auto.trigger.enabled = false (default)
2019-09-24 17:32:28,483 INFO  server.RaftServerConfigKeys (ConfUtils.java:logGet(43)) - raft.server.snapshot.auto.trigger.enabled = false (default)
2019-09-24 17:32:28,483 INFO  server.RaftServerConfigKeys (ConfUtils.java:logGet(43)) - raft.server.snapshot.auto.trigger.enabled = false (default)
2019-09-24 17:32:28,484 INFO  server.RaftServerConfigKeys (ConfUtils.java:logGet(43)) - raft.server.snapshot.retention.file.num = -1 (default)
2019-09-24 17:32:28,484 INFO  server.RaftServerConfigKeys (ConfUtils.java:logGet(43)) - raft.server.snapshot.retention.file.num = -1 (default)
2019-09-24 17:32:28,484 INFO  server.RaftServerConfigKeys (ConfUtils.java:logGet(43)) - raft.server.snapshot.retention.file.num = -1 (default)
2019-09-24 17:32:28,485 INFO  server.RaftServerConfigKeys (ConfUtils.java:logGet(43)) - raft.server.retrycache.expirytime = 60s (default)
2019-09-24 17:32:28,485 INFO  server.RaftServerConfigKeys (ConfUtils.java:logGet(43)) - raft.server.retrycache.expirytime = 60s (default)
2019-09-24 17:32:28,485 INFO  server.RaftServerConfigKeys (ConfUtils.java:logGet(43)) - raft.server.retrycache.expirytime = 60s (default)
2019-09-24 17:32:28,521 INFO  impl.RaftServerImpl (RaftServerImpl.java:start(181)) - s0@group-CDDA1A17BE32: start as a follower, conf=-1: [s0:0.0.0.0:41187, s1:0.0.0.0:39153, s2:0.0.0.0:42713], old=null
2019-09-24 17:32:28,524 INFO  impl.RaftServerImpl (RaftServerImpl.java:setRole(170)) - s0@group-CDDA1A17BE32: changes role from      null to FOLLOWER at term 0 for startAsFollower
2019-09-24 17:32:28,526 INFO  impl.RoleInfo (RoleInfo.java:updateAndGet(143)) - s0: start FollowerState
2019-09-24 17:32:28,531 INFO  util.JmxRegister (JmxRegister.java:tryRegister(44)) - Successfully registered JMX Bean with object name Ratis:service=RaftServer,group=group-CDDA1A17BE32,id=s0
2019-09-24 17:32:28,544 INFO  impl.RaftServerProxy (RaftServerProxy.java:lambda$start$3(299)) - s0: start RPC server
2019-09-24 17:32:28,545 INFO  impl.RaftServerImpl (RaftServerImpl.java:start(181)) - s1@group-CDDA1A17BE32: start as a follower, conf=-1: [s0:0.0.0.0:41187, s1:0.0.0.0:39153, s2:0.0.0.0:42713], old=null
2019-09-24 17:32:28,545 INFO  impl.RaftServerImpl (RaftServerImpl.java:setRole(170)) - s1@group-CDDA1A17BE32: changes role from      null to FOLLOWER at term 0 for startAsFollower
2019-09-24 17:32:28,546 INFO  impl.RoleInfo (RoleInfo.java:updateAndGet(143)) - s1: start FollowerState
2019-09-24 17:32:28,546 INFO  util.JmxRegister (JmxRegister.java:tryRegister(44)) - Successfully registered JMX Bean with object name Ratis:service=RaftServer,group=group-CDDA1A17BE32,id=s1
2019-09-24 17:32:28,555 INFO  impl.RaftServerProxy (RaftServerProxy.java:lambda$start$3(299)) - s1: start RPC server
2019-09-24 17:32:28,555 INFO  impl.RaftServerImpl (RaftServerImpl.java:start(181)) - s2@group-CDDA1A17BE32: start as a follower, conf=-1: [s0:0.0.0.0:41187, s1:0.0.0.0:39153, s2:0.0.0.0:42713], old=null
2019-09-24 17:32:28,555 INFO  impl.RaftServerImpl (RaftServerImpl.java:setRole(170)) - s2@group-CDDA1A17BE32: changes role from      null to FOLLOWER at term 0 for startAsFollower
2019-09-24 17:32:28,556 INFO  impl.RoleInfo (RoleInfo.java:updateAndGet(143)) - s2: start FollowerState
2019-09-24 17:32:28,556 INFO  util.JmxRegister (JmxRegister.java:tryRegister(44)) - Successfully registered JMX Bean with object name Ratis:service=RaftServer,group=group-CDDA1A17BE32,id=s2
2019-09-24 17:32:28,562 INFO  impl.RaftServerProxy (RaftServerProxy.java:lambda$start$3(299)) - s2: start RPC server
2019-09-24 17:32:28,567 INFO  server.RaftServerConfigKeys (ConfUtils.java:logGet(43)) - raft.server.rpc.timeout.max = 300ms (default)
2019-09-24 17:32:28,572 INFO  ratis.RaftTestUtil (RaftTestUtil.java:waitForLeader(86)) - printing ALL groups
  s0:  RUNNING  FOLLOWER s0@group-CDDA1A17BE32:t0, leader=null, voted=null, raftlog=s0@group-CDDA1A17BE32-SegmentedRaftLog:OPENED:c-1,f-1,i0, conf=-1: [s0:0.0.0.0:41187, s1:0.0.0.0:39153, s2:0.0.0.0:42713], old=null RUNNING
  s1:  RUNNING  FOLLOWER s1@group-CDDA1A17BE32:t0, leader=null, voted=null, raftlog=s1@group-CDDA1A17BE32-SegmentedRaftLog:OPENED:c-1,f-1,i0, conf=-1: [s0:0.0.0.0:41187, s1:0.0.0.0:39153, s2:0.0.0.0:42713], old=null RUNNING
  s2:  RUNNING  FOLLOWER s2@group-CDDA1A17BE32:t0, leader=null, voted=null, raftlog=s2@group-CDDA1A17BE32-SegmentedRaftLog:OPENED:c-1,f-1,i0, conf=-1: [s0:0.0.0.0:41187, s1:0.0.0.0:39153, s2:0.0.0.0:42713], old=null RUNNING
2019-09-24 17:32:28,579 WARN  ratis.RaftTestUtil (JavaUtils.java:attempt(158)) - FAILED "waitForLeader-null-(expectLeader? true)", attempt #1/100: java.lang.IllegalStateException: No leader yet : printing ALL groups
  s0:  RUNNING  FOLLOWER s0@group-CDDA1A17BE32:t0, leader=null, voted=null, raftlog=s0@group-CDDA1A17BE32-SegmentedRaftLog:OPENED:c-1,f-1,i0, conf=-1: [s0:0.0.0.0:41187, s1:0.0.0.0:39153, s2:0.0.0.0:42713], old=null RUNNING
  s1:  RUNNING  FOLLOWER s1@group-CDDA1A17BE32:t0, leader=null, voted=null, raftlog=s1@group-CDDA1A17BE32-SegmentedRaftLog:OPENED:c-1,f-1,i0, conf=-1: [s0:0.0.0.0:41187, s1:0.0.0.0:39153, s2:0.0.0.0:42713], old=null RUNNING
  s2:  RUNNING  FOLLOWER s2@group-CDDA1A17BE32:t0, leader=null, voted=null, raftlog=s2@group-CDDA1A17BE32-SegmentedRaftLog:OPENED:c-1,f-1,i0, conf=-1: [s0:0.0.0.0:41187, s1:0.0.0.0:39153, s2:0.0.0.0:42713], old=null RUNNING, sleep 450ms and then retry.
java.lang.IllegalStateException: No leader yet : printing ALL groups
  s0:  RUNNING  FOLLOWER s0@group-CDDA1A17BE32:t0, leader=null, voted=null, raftlog=s0@group-CDDA1A17BE32-SegmentedRaftLog:OPENED:c-1,f-1,i0, conf=-1: [s0:0.0.0.0:41187, s1:0.0.0.0:39153, s2:0.0.0.0:42713], old=null RUNNING
  s1:  RUNNING  FOLLOWER s1@group-CDDA1A17BE32:t0, leader=null, voted=null, raftlog=s1@group-CDDA1A17BE32-SegmentedRaftLog:OPENED:c-1,f-1,i0, conf=-1: [s0:0.0.0.0:41187, s1:0.0.0.0:39153, s2:0.0.0.0:42713], old=null RUNNING
  s2:  RUNNING  FOLLOWER s2@group-CDDA1A17BE32:t0, leader=null, voted=null, raftlog=s2@group-CDDA1A17BE32-SegmentedRaftLog:OPENED:c-1,f-1,i0, conf=-1: [s0:0.0.0.0:41187, s1:0.0.0.0:39153, s2:0.0.0.0:42713], old=null RUNNING
	at org.apache.ratis.MiniRaftCluster.newIllegalStateExceptionForNoLeaders(MiniRaftCluster.java:506)
	at org.apache.ratis.RaftTestUtil.lambda$waitForLeader$1(RaftTestUtil.java:90)
	at org.apache.ratis.MiniRaftCluster.getLeader(MiniRaftCluster.java:539)
	at org.apache.ratis.MiniRaftCluster.getLeader(MiniRaftCluster.java:532)
	at org.apache.ratis.RaftTestUtil.lambda$waitForLeader$3(RaftTestUtil.java:98)
	at org.apache.ratis.util.JavaUtils.attempt(JavaUtils.java:152)
	at org.apache.ratis.RaftTestUtil.waitForLeader(RaftTestUtil.java:97)
	at org.apache.ratis.RaftTestUtil.waitForLeader(RaftTestUtil.java:77)
	at org.apache.ratis.RaftTestUtil.waitForLeader(RaftTestUtil.java:72)
	at org.apache.ratis.examples.filestore.FileStoreBaseTest.testFileStore(FileStoreBaseTest.java:73)
	at sun.reflect.NativeMethodAccessorImpl.invoke0(Native Method)
	at sun.reflect.NativeMethodAccessorImpl.invoke(NativeMethodAccessorImpl.java:62)
	at sun.reflect.DelegatingMethodAccessorImpl.invoke(DelegatingMethodAccessorImpl.java:43)
	at java.lang.reflect.Method.invoke(Method.java:498)
	at org.junit.runners.model.FrameworkMethod$1.runReflectiveCall(FrameworkMethod.java:50)
	at org.junit.internal.runners.model.ReflectiveCallable.run(ReflectiveCallable.java:12)
	at org.junit.runners.model.FrameworkMethod.invokeExplosively(FrameworkMethod.java:47)
	at org.junit.internal.runners.statements.InvokeMethod.evaluate(InvokeMethod.java:17)
	at org.junit.internal.runners.statements.RunAfters.evaluate(RunAfters.java:27)
	at org.junit.internal.runners.statements.FailOnTimeout$CallableStatement.call(FailOnTimeout.java:298)
	at org.junit.internal.runners.statements.FailOnTimeout$CallableStatement.call(FailOnTimeout.java:292)
	at java.util.concurrent.FutureTask.run(FutureTask.java:266)
	at java.lang.Thread.run(Thread.java:748)
2019-09-24 17:32:28,695 INFO  impl.FollowerState (FollowerState.java:run(108)) - s0@group-CDDA1A17BE32-FollowerState: change to CANDIDATE, lastRpcTime:169ms, electionTimeout:168ms
2019-09-24 17:32:28,698 INFO  impl.RoleInfo (RoleInfo.java:shutdownFollowerState(121)) - s0: shutdown FollowerState
2019-09-24 17:32:28,699 INFO  impl.RaftServerImpl (RaftServerImpl.java:setRole(170)) - s0@group-CDDA1A17BE32: changes role from  FOLLOWER to CANDIDATE at term 0 for changeToCandidate
2019-09-24 17:32:28,703 INFO  impl.RoleInfo (RoleInfo.java:updateAndGet(143)) - s0: start LeaderElection
2019-09-24 17:32:28,837 INFO  impl.FollowerState (FollowerState.java:run(108)) - s1@group-CDDA1A17BE32-FollowerState: change to CANDIDATE, lastRpcTime:290ms, electionTimeout:290ms
2019-09-24 17:32:28,838 INFO  impl.RoleInfo (RoleInfo.java:shutdownFollowerState(121)) - s1: shutdown FollowerState
2019-09-24 17:32:28,838 INFO  impl.RaftServerImpl (RaftServerImpl.java:setRole(170)) - s1@group-CDDA1A17BE32: changes role from  FOLLOWER to CANDIDATE at term 0 for changeToCandidate
2019-09-24 17:32:28,838 INFO  impl.RoleInfo (RoleInfo.java:updateAndGet(143)) - s1: start LeaderElection
2019-09-24 17:32:28,856 INFO  impl.FollowerState (FollowerState.java:run(108)) - s2@group-CDDA1A17BE32-FollowerState: change to CANDIDATE, lastRpcTime:300ms, electionTimeout:300ms
2019-09-24 17:32:28,857 INFO  impl.RoleInfo (RoleInfo.java:shutdownFollowerState(121)) - s2: shutdown FollowerState
2019-09-24 17:32:28,857 INFO  impl.RaftServerImpl (RaftServerImpl.java:setRole(170)) - s2@group-CDDA1A17BE32: changes role from  FOLLOWER to CANDIDATE at term 0 for changeToCandidate
2019-09-24 17:32:28,858 INFO  impl.RoleInfo (RoleInfo.java:updateAndGet(143)) - s2: start LeaderElection
2019-09-24 17:32:29,034 WARN  ratis.RaftTestUtil (JavaUtils.java:attempt(158)) - FAILED "waitForLeader-null-(expectLeader? true)", attempt #2/100: java.lang.IllegalStateException: No leader yet : printing ALL groups
  s0:  RUNNING CANDIDATE s0@group-CDDA1A17BE32:t1, leader=null, voted=s0, raftlog=s0@group-CDDA1A17BE32-SegmentedRaftLog:OPENED:c-1,f-1,i0, conf=-1: [s0:0.0.0.0:41187, s1:0.0.0.0:39153, s2:0.0.0.0:42713], old=null RUNNING
  s1:  RUNNING CANDIDATE s1@group-CDDA1A17BE32:t1, leader=null, voted=s1, raftlog=s1@group-CDDA1A17BE32-SegmentedRaftLog:OPENED:c-1,f-1,i0, conf=-1: [s0:0.0.0.0:41187, s1:0.0.0.0:39153, s2:0.0.0.0:42713], old=null RUNNING
  s2:  RUNNING CANDIDATE s2@group-CDDA1A17BE32:t1, leader=null, voted=s2, raftlog=s2@group-CDDA1A17BE32-SegmentedRaftLog:OPENED:c-1,f-1,i0, conf=-1: [s0:0.0.0.0:41187, s1:0.0.0.0:39153, s2:0.0.0.0:42713], old=null RUNNING, sleep 450ms and then retry.
java.lang.IllegalStateException: No leader yet : printing ALL groups
  s0:  RUNNING CANDIDATE s0@group-CDDA1A17BE32:t1, leader=null, voted=s0, raftlog=s0@group-CDDA1A17BE32-SegmentedRaftLog:OPENED:c-1,f-1,i0, conf=-1: [s0:0.0.0.0:41187, s1:0.0.0.0:39153, s2:0.0.0.0:42713], old=null RUNNING
  s1:  RUNNING CANDIDATE s1@group-CDDA1A17BE32:t1, leader=null, voted=s1, raftlog=s1@group-CDDA1A17BE32-SegmentedRaftLog:OPENED:c-1,f-1,i0, conf=-1: [s0:0.0.0.0:41187, s1:0.0.0.0:39153, s2:0.0.0.0:42713], old=null RUNNING
  s2:  RUNNING CANDIDATE s2@group-CDDA1A17BE32:t1, leader=null, voted=s2, raftlog=s2@group-CDDA1A17BE32-SegmentedRaftLog:OPENED:c-1,f-1,i0, conf=-1: [s0:0.0.0.0:41187, s1:0.0.0.0:39153, s2:0.0.0.0:42713], old=null RUNNING
	at org.apache.ratis.MiniRaftCluster.newIllegalStateExceptionForNoLeaders(MiniRaftCluster.java:506)
	at org.apache.ratis.RaftTestUtil.lambda$waitForLeader$1(RaftTestUtil.java:90)
	at org.apache.ratis.MiniRaftCluster.getLeader(MiniRaftCluster.java:539)
	at org.apache.ratis.MiniRaftCluster.getLeader(MiniRaftCluster.java:532)
	at org.apache.ratis.RaftTestUtil.lambda$waitForLeader$3(RaftTestUtil.java:98)
	at org.apache.ratis.util.JavaUtils.attempt(JavaUtils.java:152)
	at org.apache.ratis.RaftTestUtil.waitForLeader(RaftTestUtil.java:97)
	at org.apache.ratis.RaftTestUtil.waitForLeader(RaftTestUtil.java:77)
	at org.apache.ratis.RaftTestUtil.waitForLeader(RaftTestUtil.java:72)
	at org.apache.ratis.examples.filestore.FileStoreBaseTest.testFileStore(FileStoreBaseTest.java:73)
	at sun.reflect.NativeMethodAccessorImpl.invoke0(Native Method)
	at sun.reflect.NativeMethodAccessorImpl.invoke(NativeMethodAccessorImpl.java:62)
	at sun.reflect.DelegatingMethodAccessorImpl.invoke(DelegatingMethodAccessorImpl.java:43)
	at java.lang.reflect.Method.invoke(Method.java:498)
	at org.junit.runners.model.FrameworkMethod$1.runReflectiveCall(FrameworkMethod.java:50)
	at org.junit.internal.runners.model.ReflectiveCallable.run(ReflectiveCallable.java:12)
	at org.junit.runners.model.FrameworkMethod.invokeExplosively(FrameworkMethod.java:47)
	at org.junit.internal.runners.statements.InvokeMethod.evaluate(InvokeMethod.java:17)
	at org.junit.internal.runners.statements.RunAfters.evaluate(RunAfters.java:27)
	at org.junit.internal.runners.statements.FailOnTimeout$CallableStatement.call(FailOnTimeout.java:298)
	at org.junit.internal.runners.statements.FailOnTimeout$CallableStatement.call(FailOnTimeout.java:292)
	at java.util.concurrent.FutureTask.run(FutureTask.java:266)
	at java.lang.Thread.run(Thread.java:748)
2019-09-24 17:32:29,487 WARN  ratis.RaftTestUtil (JavaUtils.java:attempt(158)) - FAILED "waitForLeader-null-(expectLeader? true)", attempt #3/100: java.lang.IllegalStateException: No leader yet : printing ALL groups
  s0:  RUNNING CANDIDATE s0@group-CDDA1A17BE32:t1, leader=null, voted=s0, raftlog=s0@group-CDDA1A17BE32-SegmentedRaftLog:OPENED:c-1,f-1,i0, conf=-1: [s0:0.0.0.0:41187, s1:0.0.0.0:39153, s2:0.0.0.0:42713], old=null RUNNING
  s1:  RUNNING CANDIDATE s1@group-CDDA1A17BE32:t1, leader=null, voted=s1, raftlog=s1@group-CDDA1A17BE32-SegmentedRaftLog:OPENED:c-1,f-1,i0, conf=-1: [s0:0.0.0.0:41187, s1:0.0.0.0:39153, s2:0.0.0.0:42713], old=null RUNNING
  s2:  RUNNING CANDIDATE s2@group-CDDA1A17BE32:t1, leader=null, voted=s2, raftlog=s2@group-CDDA1A17BE32-SegmentedRaftLog:OPENED:c-1,f-1,i0, conf=-1: [s0:0.0.0.0:41187, s1:0.0.0.0:39153, s2:0.0.0.0:42713], old=null RUNNING, sleep 450ms and then retry.
java.lang.IllegalStateException: No leader yet : printing ALL groups
  s0:  RUNNING CANDIDATE s0@group-CDDA1A17BE32:t1, leader=null, voted=s0, raftlog=s0@group-CDDA1A17BE32-SegmentedRaftLog:OPENED:c-1,f-1,i0, conf=-1: [s0:0.0.0.0:41187, s1:0.0.0.0:39153, s2:0.0.0.0:42713], old=null RUNNING
  s1:  RUNNING CANDIDATE s1@group-CDDA1A17BE32:t1, leader=null, voted=s1, raftlog=s1@group-CDDA1A17BE32-SegmentedRaftLog:OPENED:c-1,f-1,i0, conf=-1: [s0:0.0.0.0:41187, s1:0.0.0.0:39153, s2:0.0.0.0:42713], old=null RUNNING
  s2:  RUNNING CANDIDATE s2@group-CDDA1A17BE32:t1, leader=null, voted=s2, raftlog=s2@group-CDDA1A17BE32-SegmentedRaftLog:OPENED:c-1,f-1,i0, conf=-1: [s0:0.0.0.0:41187, s1:0.0.0.0:39153, s2:0.0.0.0:42713], old=null RUNNING
	at org.apache.ratis.MiniRaftCluster.newIllegalStateExceptionForNoLeaders(MiniRaftCluster.java:506)
	at org.apache.ratis.RaftTestUtil.lambda$waitForLeader$1(RaftTestUtil.java:90)
	at org.apache.ratis.MiniRaftCluster.getLeader(MiniRaftCluster.java:539)
	at org.apache.ratis.MiniRaftCluster.getLeader(MiniRaftCluster.java:532)
	at org.apache.ratis.RaftTestUtil.lambda$waitForLeader$3(RaftTestUtil.java:98)
	at org.apache.ratis.util.JavaUtils.attempt(JavaUtils.java:152)
	at org.apache.ratis.RaftTestUtil.waitForLeader(RaftTestUtil.java:97)
	at org.apache.ratis.RaftTestUtil.waitForLeader(RaftTestUtil.java:77)
	at org.apache.ratis.RaftTestUtil.waitForLeader(RaftTestUtil.java:72)
	at org.apache.ratis.examples.filestore.FileStoreBaseTest.testFileStore(FileStoreBaseTest.java:73)
	at sun.reflect.NativeMethodAccessorImpl.invoke0(Native Method)
	at sun.reflect.NativeMethodAccessorImpl.invoke(NativeMethodAccessorImpl.java:62)
	at sun.reflect.DelegatingMethodAccessorImpl.invoke(DelegatingMethodAccessorImpl.java:43)
	at java.lang.reflect.Method.invoke(Method.java:498)
	at org.junit.runners.model.FrameworkMethod$1.runReflectiveCall(FrameworkMethod.java:50)
	at org.junit.internal.runners.model.ReflectiveCallable.run(ReflectiveCallable.java:12)
	at org.junit.runners.model.FrameworkMethod.invokeExplosively(FrameworkMethod.java:47)
	at org.junit.internal.runners.statements.InvokeMethod.evaluate(InvokeMethod.java:17)
	at org.junit.internal.runners.statements.RunAfters.evaluate(RunAfters.java:27)
	at org.junit.internal.runners.statements.FailOnTimeout$CallableStatement.call(FailOnTimeout.java:298)
	at org.junit.internal.runners.statements.FailOnTimeout$CallableStatement.call(FailOnTimeout.java:292)
	at java.util.concurrent.FutureTask.run(FutureTask.java:266)
	at java.lang.Thread.run(Thread.java:748)
2019-09-24 17:32:29,940 WARN  ratis.RaftTestUtil (JavaUtils.java:attempt(158)) - FAILED "waitForLeader-null-(expectLeader? true)", attempt #4/100: java.lang.IllegalStateException: No leader yet : printing ALL groups
  s0:  RUNNING CANDIDATE s0@group-CDDA1A17BE32:t1, leader=null, voted=s0, raftlog=s0@group-CDDA1A17BE32-SegmentedRaftLog:OPENED:c-1,f-1,i0, conf=-1: [s0:0.0.0.0:41187, s1:0.0.0.0:39153, s2:0.0.0.0:42713], old=null RUNNING
  s1:  RUNNING CANDIDATE s1@group-CDDA1A17BE32:t1, leader=null, voted=s1, raftlog=s1@group-CDDA1A17BE32-SegmentedRaftLog:OPENED:c-1,f-1,i0, conf=-1: [s0:0.0.0.0:41187, s1:0.0.0.0:39153, s2:0.0.0.0:42713], old=null RUNNING
  s2:  RUNNING CANDIDATE s2@group-CDDA1A17BE32:t1, leader=null, voted=s2, raftlog=s2@group-CDDA1A17BE32-SegmentedRaftLog:OPENED:c-1,f-1,i0, conf=-1: [s0:0.0.0.0:41187, s1:0.0.0.0:39153, s2:0.0.0.0:42713], old=null RUNNING, sleep 450ms and then retry.
java.lang.IllegalStateException: No leader yet : printing ALL groups
  s0:  RUNNING CANDIDATE s0@group-CDDA1A17BE32:t1, leader=null, voted=s0, raftlog=s0@group-CDDA1A17BE32-SegmentedRaftLog:OPENED:c-1,f-1,i0, conf=-1: [s0:0.0.0.0:41187, s1:0.0.0.0:39153, s2:0.0.0.0:42713], old=null RUNNING
  s1:  RUNNING CANDIDATE s1@group-CDDA1A17BE32:t1, leader=null, voted=s1, raftlog=s1@group-CDDA1A17BE32-SegmentedRaftLog:OPENED:c-1,f-1,i0, conf=-1: [s0:0.0.0.0:41187, s1:0.0.0.0:39153, s2:0.0.0.0:42713], old=null RUNNING
  s2:  RUNNING CANDIDATE s2@group-CDDA1A17BE32:t1, leader=null, voted=s2, raftlog=s2@group-CDDA1A17BE32-SegmentedRaftLog:OPENED:c-1,f-1,i0, conf=-1: [s0:0.0.0.0:41187, s1:0.0.0.0:39153, s2:0.0.0.0:42713], old=null RUNNING
	at org.apache.ratis.MiniRaftCluster.newIllegalStateExceptionForNoLeaders(MiniRaftCluster.java:506)
	at org.apache.ratis.RaftTestUtil.lambda$waitForLeader$1(RaftTestUtil.java:90)
	at org.apache.ratis.MiniRaftCluster.getLeader(MiniRaftCluster.java:539)
	at org.apache.ratis.MiniRaftCluster.getLeader(MiniRaftCluster.java:532)
	at org.apache.ratis.RaftTestUtil.lambda$waitForLeader$3(RaftTestUtil.java:98)
	at org.apache.ratis.util.JavaUtils.attempt(JavaUtils.java:152)
	at org.apache.ratis.RaftTestUtil.waitForLeader(RaftTestUtil.java:97)
	at org.apache.ratis.RaftTestUtil.waitForLeader(RaftTestUtil.java:77)
	at org.apache.ratis.RaftTestUtil.waitForLeader(RaftTestUtil.java:72)
	at org.apache.ratis.examples.filestore.FileStoreBaseTest.testFileStore(FileStoreBaseTest.java:73)
	at sun.reflect.NativeMethodAccessorImpl.invoke0(Native Method)
	at sun.reflect.NativeMethodAccessorImpl.invoke(NativeMethodAccessorImpl.java:62)
	at sun.reflect.DelegatingMethodAccessorImpl.invoke(DelegatingMethodAccessorImpl.java:43)
	at java.lang.reflect.Method.invoke(Method.java:498)
	at org.junit.runners.model.FrameworkMethod$1.runReflectiveCall(FrameworkMethod.java:50)
	at org.junit.internal.runners.model.ReflectiveCallable.run(ReflectiveCallable.java:12)
	at org.junit.runners.model.FrameworkMethod.invokeExplosively(FrameworkMethod.java:47)
	at org.junit.internal.runners.statements.InvokeMethod.evaluate(InvokeMethod.java:17)
	at org.junit.internal.runners.statements.RunAfters.evaluate(RunAfters.java:27)
	at org.junit.internal.runners.statements.FailOnTimeout$CallableStatement.call(FailOnTimeout.java:298)
	at org.junit.internal.runners.statements.FailOnTimeout$CallableStatement.call(FailOnTimeout.java:292)
	at java.util.concurrent.FutureTask.run(FutureTask.java:266)
	at java.lang.Thread.run(Thread.java:748)
2019-09-24 17:32:30,392 WARN  ratis.RaftTestUtil (JavaUtils.java:attempt(158)) - FAILED "waitForLeader-null-(expectLeader? true)", attempt #5/100: java.lang.IllegalStateException: No leader yet : printing ALL groups
  s0:  RUNNING CANDIDATE s0@group-CDDA1A17BE32:t1, leader=null, voted=s0, raftlog=s0@group-CDDA1A17BE32-SegmentedRaftLog:OPENED:c-1,f-1,i0, conf=-1: [s0:0.0.0.0:41187, s1:0.0.0.0:39153, s2:0.0.0.0:42713], old=null RUNNING
  s1:  RUNNING CANDIDATE s1@group-CDDA1A17BE32:t1, leader=null, voted=s1, raftlog=s1@group-CDDA1A17BE32-SegmentedRaftLog:OPENED:c-1,f-1,i0, conf=-1: [s0:0.0.0.0:41187, s1:0.0.0.0:39153, s2:0.0.0.0:42713], old=null RUNNING
  s2:  RUNNING CANDIDATE s2@group-CDDA1A17BE32:t1, leader=null, voted=s2, raftlog=s2@group-CDDA1A17BE32-SegmentedRaftLog:OPENED:c-1,f-1,i0, conf=-1: [s0:0.0.0.0:41187, s1:0.0.0.0:39153, s2:0.0.0.0:42713], old=null RUNNING, sleep 450ms and then retry.
java.lang.IllegalStateException: No leader yet : printing ALL groups
  s0:  RUNNING CANDIDATE s0@group-CDDA1A17BE32:t1, leader=null, voted=s0, raftlog=s0@group-CDDA1A17BE32-SegmentedRaftLog:OPENED:c-1,f-1,i0, conf=-1: [s0:0.0.0.0:41187, s1:0.0.0.0:39153, s2:0.0.0.0:42713], old=null RUNNING
  s1:  RUNNING CANDIDATE s1@group-CDDA1A17BE32:t1, leader=null, voted=s1, raftlog=s1@group-CDDA1A17BE32-SegmentedRaftLog:OPENED:c-1,f-1,i0, conf=-1: [s0:0.0.0.0:41187, s1:0.0.0.0:39153, s2:0.0.0.0:42713], old=null RUNNING
  s2:  RUNNING CANDIDATE s2@group-CDDA1A17BE32:t1, leader=null, voted=s2, raftlog=s2@group-CDDA1A17BE32-SegmentedRaftLog:OPENED:c-1,f-1,i0, conf=-1: [s0:0.0.0.0:41187, s1:0.0.0.0:39153, s2:0.0.0.0:42713], old=null RUNNING
	at org.apache.ratis.MiniRaftCluster.newIllegalStateExceptionForNoLeaders(MiniRaftCluster.java:506)
	at org.apache.ratis.RaftTestUtil.lambda$waitForLeader$1(RaftTestUtil.java:90)
	at org.apache.ratis.MiniRaftCluster.getLeader(MiniRaftCluster.java:539)
	at org.apache.ratis.MiniRaftCluster.getLeader(MiniRaftCluster.java:532)
	at org.apache.ratis.RaftTestUtil.lambda$waitForLeader$3(RaftTestUtil.java:98)
	at org.apache.ratis.util.JavaUtils.attempt(JavaUtils.java:152)
	at org.apache.ratis.RaftTestUtil.waitForLeader(RaftTestUtil.java:97)
	at org.apache.ratis.RaftTestUtil.waitForLeader(RaftTestUtil.java:77)
	at org.apache.ratis.RaftTestUtil.waitForLeader(RaftTestUtil.java:72)
	at org.apache.ratis.examples.filestore.FileStoreBaseTest.testFileStore(FileStoreBaseTest.java:73)
	at sun.reflect.NativeMethodAccessorImpl.invoke0(Native Method)
	at sun.reflect.NativeMethodAccessorImpl.invoke(NativeMethodAccessorImpl.java:62)
	at sun.reflect.DelegatingMethodAccessorImpl.invoke(DelegatingMethodAccessorImpl.java:43)
	at java.lang.reflect.Method.invoke(Method.java:498)
	at org.junit.runners.model.FrameworkMethod$1.runReflectiveCall(FrameworkMethod.java:50)
	at org.junit.internal.runners.model.ReflectiveCallable.run(ReflectiveCallable.java:12)
	at org.junit.runners.model.FrameworkMethod.invokeExplosively(FrameworkMethod.java:47)
	at org.junit.internal.runners.statements.InvokeMethod.evaluate(InvokeMethod.java:17)
	at org.junit.internal.runners.statements.RunAfters.evaluate(RunAfters.java:27)
	at org.junit.internal.runners.statements.FailOnTimeout$CallableStatement.call(FailOnTimeout.java:298)
	at org.junit.internal.runners.statements.FailOnTimeout$CallableStatement.call(FailOnTimeout.java:292)
	at java.util.concurrent.FutureTask.run(FutureTask.java:266)
	at java.lang.Thread.run(Thread.java:748)
2019-09-24 17:32:30,845 WARN  ratis.RaftTestUtil (JavaUtils.java:attempt(158)) - FAILED "waitForLeader-null-(expectLeader? true)", attempt #6/100: java.lang.IllegalStateException: No leader yet : printing ALL groups
  s0:  RUNNING CANDIDATE s0@group-CDDA1A17BE32:t1, leader=null, voted=s0, raftlog=s0@group-CDDA1A17BE32-SegmentedRaftLog:OPENED:c-1,f-1,i0, conf=-1: [s0:0.0.0.0:41187, s1:0.0.0.0:39153, s2:0.0.0.0:42713], old=null RUNNING
  s1:  RUNNING CANDIDATE s1@group-CDDA1A17BE32:t1, leader=null, voted=s1, raftlog=s1@group-CDDA1A17BE32-SegmentedRaftLog:OPENED:c-1,f-1,i0, conf=-1: [s0:0.0.0.0:41187, s1:0.0.0.0:39153, s2:0.0.0.0:42713], old=null RUNNING
  s2:  RUNNING CANDIDATE s2@group-CDDA1A17BE32:t1, leader=null, voted=s2, raftlog=s2@group-CDDA1A17BE32-SegmentedRaftLog:OPENED:c-1,f-1,i0, conf=-1: [s0:0.0.0.0:41187, s1:0.0.0.0:39153, s2:0.0.0.0:42713], old=null RUNNING, sleep 450ms and then retry.
java.lang.IllegalStateException: No leader yet : printing ALL groups
  s0:  RUNNING CANDIDATE s0@group-CDDA1A17BE32:t1, leader=null, voted=s0, raftlog=s0@group-CDDA1A17BE32-SegmentedRaftLog:OPENED:c-1,f-1,i0, conf=-1: [s0:0.0.0.0:41187, s1:0.0.0.0:39153, s2:0.0.0.0:42713], old=null RUNNING
  s1:  RUNNING CANDIDATE s1@group-CDDA1A17BE32:t1, leader=null, voted=s1, raftlog=s1@group-CDDA1A17BE32-SegmentedRaftLog:OPENED:c-1,f-1,i0, conf=-1: [s0:0.0.0.0:41187, s1:0.0.0.0:39153, s2:0.0.0.0:42713], old=null RUNNING
  s2:  RUNNING CANDIDATE s2@group-CDDA1A17BE32:t1, leader=null, voted=s2, raftlog=s2@group-CDDA1A17BE32-SegmentedRaftLog:OPENED:c-1,f-1,i0, conf=-1: [s0:0.0.0.0:41187, s1:0.0.0.0:39153, s2:0.0.0.0:42713], old=null RUNNING
	at org.apache.ratis.MiniRaftCluster.newIllegalStateExceptionForNoLeaders(MiniRaftCluster.java:506)
	at org.apache.ratis.RaftTestUtil.lambda$waitForLeader$1(RaftTestUtil.java:90)
	at org.apache.ratis.MiniRaftCluster.getLeader(MiniRaftCluster.java:539)
	at org.apache.ratis.MiniRaftCluster.getLeader(MiniRaftCluster.java:532)
	at org.apache.ratis.RaftTestUtil.lambda$waitForLeader$3(RaftTestUtil.java:98)
	at org.apache.ratis.util.JavaUtils.attempt(JavaUtils.java:152)
	at org.apache.ratis.RaftTestUtil.waitForLeader(RaftTestUtil.java:97)
	at org.apache.ratis.RaftTestUtil.waitForLeader(RaftTestUtil.java:77)
	at org.apache.ratis.RaftTestUtil.waitForLeader(RaftTestUtil.java:72)
	at org.apache.ratis.examples.filestore.FileStoreBaseTest.testFileStore(FileStoreBaseTest.java:73)
	at sun.reflect.NativeMethodAccessorImpl.invoke0(Native Method)
	at sun.reflect.NativeMethodAccessorImpl.invoke(NativeMethodAccessorImpl.java:62)
	at sun.reflect.DelegatingMethodAccessorImpl.invoke(DelegatingMethodAccessorImpl.java:43)
	at java.lang.reflect.Method.invoke(Method.java:498)
	at org.junit.runners.model.FrameworkMethod$1.runReflectiveCall(FrameworkMethod.java:50)
	at org.junit.internal.runners.model.ReflectiveCallable.run(ReflectiveCallable.java:12)
	at org.junit.runners.model.FrameworkMethod.invokeExplosively(FrameworkMethod.java:47)
	at org.junit.internal.runners.statements.InvokeMethod.evaluate(InvokeMethod.java:17)
	at org.junit.internal.runners.statements.RunAfters.evaluate(RunAfters.java:27)
	at org.junit.internal.runners.statements.FailOnTimeout$CallableStatement.call(FailOnTimeout.java:298)
	at org.junit.internal.runners.statements.FailOnTimeout$CallableStatement.call(FailOnTimeout.java:292)
	at java.util.concurrent.FutureTask.run(FutureTask.java:266)
	at java.lang.Thread.run(Thread.java:748)
2019-09-24 17:32:31,298 WARN  ratis.RaftTestUtil (JavaUtils.java:attempt(158)) - FAILED "waitForLeader-null-(expectLeader? true)", attempt #7/100: java.lang.IllegalStateException: No leader yet : printing ALL groups
  s0:  RUNNING CANDIDATE s0@group-CDDA1A17BE32:t1, leader=null, voted=s0, raftlog=s0@group-CDDA1A17BE32-SegmentedRaftLog:OPENED:c-1,f-1,i0, conf=-1: [s0:0.0.0.0:41187, s1:0.0.0.0:39153, s2:0.0.0.0:42713], old=null RUNNING
  s1:  RUNNING CANDIDATE s1@group-CDDA1A17BE32:t1, leader=null, voted=s1, raftlog=s1@group-CDDA1A17BE32-SegmentedRaftLog:OPENED:c-1,f-1,i0, conf=-1: [s0:0.0.0.0:41187, s1:0.0.0.0:39153, s2:0.0.0.0:42713], old=null RUNNING
  s2:  RUNNING CANDIDATE s2@group-CDDA1A17BE32:t1, leader=null, voted=s2, raftlog=s2@group-CDDA1A17BE32-SegmentedRaftLog:OPENED:c-1,f-1,i0, conf=-1: [s0:0.0.0.0:41187, s1:0.0.0.0:39153, s2:0.0.0.0:42713], old=null RUNNING, sleep 450ms and then retry.
java.lang.IllegalStateException: No leader yet : printing ALL groups
  s0:  RUNNING CANDIDATE s0@group-CDDA1A17BE32:t1, leader=null, voted=s0, raftlog=s0@group-CDDA1A17BE32-SegmentedRaftLog:OPENED:c-1,f-1,i0, conf=-1: [s0:0.0.0.0:41187, s1:0.0.0.0:39153, s2:0.0.0.0:42713], old=null RUNNING
  s1:  RUNNING CANDIDATE s1@group-CDDA1A17BE32:t1, leader=null, voted=s1, raftlog=s1@group-CDDA1A17BE32-SegmentedRaftLog:OPENED:c-1,f-1,i0, conf=-1: [s0:0.0.0.0:41187, s1:0.0.0.0:39153, s2:0.0.0.0:42713], old=null RUNNING
  s2:  RUNNING CANDIDATE s2@group-CDDA1A17BE32:t1, leader=null, voted=s2, raftlog=s2@group-CDDA1A17BE32-SegmentedRaftLog:OPENED:c-1,f-1,i0, conf=-1: [s0:0.0.0.0:41187, s1:0.0.0.0:39153, s2:0.0.0.0:42713], old=null RUNNING
	at org.apache.ratis.MiniRaftCluster.newIllegalStateExceptionForNoLeaders(MiniRaftCluster.java:506)
	at org.apache.ratis.RaftTestUtil.lambda$waitForLeader$1(RaftTestUtil.java:90)
	at org.apache.ratis.MiniRaftCluster.getLeader(MiniRaftCluster.java:539)
	at org.apache.ratis.MiniRaftCluster.getLeader(MiniRaftCluster.java:532)
	at org.apache.ratis.RaftTestUtil.lambda$waitForLeader$3(RaftTestUtil.java:98)
	at org.apache.ratis.util.JavaUtils.attempt(JavaUtils.java:152)
	at org.apache.ratis.RaftTestUtil.waitForLeader(RaftTestUtil.java:97)
	at org.apache.ratis.RaftTestUtil.waitForLeader(RaftTestUtil.java:77)
	at org.apache.ratis.RaftTestUtil.waitForLeader(RaftTestUtil.java:72)
	at org.apache.ratis.examples.filestore.FileStoreBaseTest.testFileStore(FileStoreBaseTest.java:73)
	at sun.reflect.NativeMethodAccessorImpl.invoke0(Native Method)
	at sun.reflect.NativeMethodAccessorImpl.invoke(NativeMethodAccessorImpl.java:62)
	at sun.reflect.DelegatingMethodAccessorImpl.invoke(DelegatingMethodAccessorImpl.java:43)
	at java.lang.reflect.Method.invoke(Method.java:498)
	at org.junit.runners.model.FrameworkMethod$1.runReflectiveCall(FrameworkMethod.java:50)
	at org.junit.internal.runners.model.ReflectiveCallable.run(ReflectiveCallable.java:12)
	at org.junit.runners.model.FrameworkMethod.invokeExplosively(FrameworkMethod.java:47)
	at org.junit.internal.runners.statements.InvokeMethod.evaluate(InvokeMethod.java:17)
	at org.junit.internal.runners.statements.RunAfters.evaluate(RunAfters.java:27)
	at org.junit.internal.runners.statements.FailOnTimeout$CallableStatement.call(FailOnTimeout.java:298)
	at org.junit.internal.runners.statements.FailOnTimeout$CallableStatement.call(FailOnTimeout.java:292)
	at java.util.concurrent.FutureTask.run(FutureTask.java:266)
	at java.lang.Thread.run(Thread.java:748)
2019-09-24 17:32:31,750 WARN  ratis.RaftTestUtil (JavaUtils.java:attempt(158)) - FAILED "waitForLeader-null-(expectLeader? true)", attempt #8/100: java.lang.IllegalStateException: No leader yet : printing ALL groups
  s0:  RUNNING CANDIDATE s0@group-CDDA1A17BE32:t1, leader=null, voted=s0, raftlog=s0@group-CDDA1A17BE32-SegmentedRaftLog:OPENED:c-1,f-1,i0, conf=-1: [s0:0.0.0.0:41187, s1:0.0.0.0:39153, s2:0.0.0.0:42713], old=null RUNNING
  s1:  RUNNING CANDIDATE s1@group-CDDA1A17BE32:t1, leader=null, voted=s1, raftlog=s1@group-CDDA1A17BE32-SegmentedRaftLog:OPENED:c-1,f-1,i0, conf=-1: [s0:0.0.0.0:41187, s1:0.0.0.0:39153, s2:0.0.0.0:42713], old=null RUNNING
  s2:  RUNNING CANDIDATE s2@group-CDDA1A17BE32:t1, leader=null, voted=s2, raftlog=s2@group-CDDA1A17BE32-SegmentedRaftLog:OPENED:c-1,f-1,i0, conf=-1: [s0:0.0.0.0:41187, s1:0.0.0.0:39153, s2:0.0.0.0:42713], old=null RUNNING, sleep 450ms and then retry.
java.lang.IllegalStateException: No leader yet : printing ALL groups
  s0:  RUNNING CANDIDATE s0@group-CDDA1A17BE32:t1, leader=null, voted=s0, raftlog=s0@group-CDDA1A17BE32-SegmentedRaftLog:OPENED:c-1,f-1,i0, conf=-1: [s0:0.0.0.0:41187, s1:0.0.0.0:39153, s2:0.0.0.0:42713], old=null RUNNING
  s1:  RUNNING CANDIDATE s1@group-CDDA1A17BE32:t1, leader=null, voted=s1, raftlog=s1@group-CDDA1A17BE32-SegmentedRaftLog:OPENED:c-1,f-1,i0, conf=-1: [s0:0.0.0.0:41187, s1:0.0.0.0:39153, s2:0.0.0.0:42713], old=null RUNNING
  s2:  RUNNING CANDIDATE s2@group-CDDA1A17BE32:t1, leader=null, voted=s2, raftlog=s2@group-CDDA1A17BE32-SegmentedRaftLog:OPENED:c-1,f-1,i0, conf=-1: [s0:0.0.0.0:41187, s1:0.0.0.0:39153, s2:0.0.0.0:42713], old=null RUNNING
	at org.apache.ratis.MiniRaftCluster.newIllegalStateExceptionForNoLeaders(MiniRaftCluster.java:506)
	at org.apache.ratis.RaftTestUtil.lambda$waitForLeader$1(RaftTestUtil.java:90)
	at org.apache.ratis.MiniRaftCluster.getLeader(MiniRaftCluster.java:539)
	at org.apache.ratis.MiniRaftCluster.getLeader(MiniRaftCluster.java:532)
	at org.apache.ratis.RaftTestUtil.lambda$waitForLeader$3(RaftTestUtil.java:98)
	at org.apache.ratis.util.JavaUtils.attempt(JavaUtils.java:152)
	at org.apache.ratis.RaftTestUtil.waitForLeader(RaftTestUtil.java:97)
	at org.apache.ratis.RaftTestUtil.waitForLeader(RaftTestUtil.java:77)
	at org.apache.ratis.RaftTestUtil.waitForLeader(RaftTestUtil.java:72)
	at org.apache.ratis.examples.filestore.FileStoreBaseTest.testFileStore(FileStoreBaseTest.java:73)
	at sun.reflect.NativeMethodAccessorImpl.invoke0(Native Method)
	at sun.reflect.NativeMethodAccessorImpl.invoke(NativeMethodAccessorImpl.java:62)
	at sun.reflect.DelegatingMethodAccessorImpl.invoke(DelegatingMethodAccessorImpl.java:43)
	at java.lang.reflect.Method.invoke(Method.java:498)
	at org.junit.runners.model.FrameworkMethod$1.runReflectiveCall(FrameworkMethod.java:50)
	at org.junit.internal.runners.model.ReflectiveCallable.run(ReflectiveCallable.java:12)
	at org.junit.runners.model.FrameworkMethod.invokeExplosively(FrameworkMethod.java:47)
	at org.junit.internal.runners.statements.InvokeMethod.evaluate(InvokeMethod.java:17)
	at org.junit.internal.runners.statements.RunAfters.evaluate(RunAfters.java:27)
	at org.junit.internal.runners.statements.FailOnTimeout$CallableStatement.call(FailOnTimeout.java:298)
	at org.junit.internal.runners.statements.FailOnTimeout$CallableStatement.call(FailOnTimeout.java:292)
	at java.util.concurrent.FutureTask.run(FutureTask.java:266)
	at java.lang.Thread.run(Thread.java:748)
2019-09-24 17:32:32,203 WARN  ratis.RaftTestUtil (JavaUtils.java:attempt(158)) - FAILED "waitForLeader-null-(expectLeader? true)", attempt #9/100: java.lang.IllegalStateException: No leader yet : printing ALL groups
  s0:  RUNNING CANDIDATE s0@group-CDDA1A17BE32:t1, leader=null, voted=s0, raftlog=s0@group-CDDA1A17BE32-SegmentedRaftLog:OPENED:c-1,f-1,i0, conf=-1: [s0:0.0.0.0:41187, s1:0.0.0.0:39153, s2:0.0.0.0:42713], old=null RUNNING
  s1:  RUNNING CANDIDATE s1@group-CDDA1A17BE32:t1, leader=null, voted=s1, raftlog=s1@group-CDDA1A17BE32-SegmentedRaftLog:OPENED:c-1,f-1,i0, conf=-1: [s0:0.0.0.0:41187, s1:0.0.0.0:39153, s2:0.0.0.0:42713], old=null RUNNING
  s2:  RUNNING CANDIDATE s2@group-CDDA1A17BE32:t1, leader=null, voted=s2, raftlog=s2@group-CDDA1A17BE32-SegmentedRaftLog:OPENED:c-1,f-1,i0, conf=-1: [s0:0.0.0.0:41187, s1:0.0.0.0:39153, s2:0.0.0.0:42713], old=null RUNNING, sleep 450ms and then retry.
java.lang.IllegalStateException: No leader yet : printing ALL groups
  s0:  RUNNING CANDIDATE s0@group-CDDA1A17BE32:t1, leader=null, voted=s0, raftlog=s0@group-CDDA1A17BE32-SegmentedRaftLog:OPENED:c-1,f-1,i0, conf=-1: [s0:0.0.0.0:41187, s1:0.0.0.0:39153, s2:0.0.0.0:42713], old=null RUNNING
  s1:  RUNNING CANDIDATE s1@group-CDDA1A17BE32:t1, leader=null, voted=s1, raftlog=s1@group-CDDA1A17BE32-SegmentedRaftLog:OPENED:c-1,f-1,i0, conf=-1: [s0:0.0.0.0:41187, s1:0.0.0.0:39153, s2:0.0.0.0:42713], old=null RUNNING
  s2:  RUNNING CANDIDATE s2@group-CDDA1A17BE32:t1, leader=null, voted=s2, raftlog=s2@group-CDDA1A17BE32-SegmentedRaftLog:OPENED:c-1,f-1,i0, conf=-1: [s0:0.0.0.0:41187, s1:0.0.0.0:39153, s2:0.0.0.0:42713], old=null RUNNING
	at org.apache.ratis.MiniRaftCluster.newIllegalStateExceptionForNoLeaders(MiniRaftCluster.java:506)
	at org.apache.ratis.RaftTestUtil.lambda$waitForLeader$1(RaftTestUtil.java:90)
	at org.apache.ratis.MiniRaftCluster.getLeader(MiniRaftCluster.java:539)
	at org.apache.ratis.MiniRaftCluster.getLeader(MiniRaftCluster.java:532)
	at org.apache.ratis.RaftTestUtil.lambda$waitForLeader$3(RaftTestUtil.java:98)
	at org.apache.ratis.util.JavaUtils.attempt(JavaUtils.java:152)
	at org.apache.ratis.RaftTestUtil.waitForLeader(RaftTestUtil.java:97)
	at org.apache.ratis.RaftTestUtil.waitForLeader(RaftTestUtil.java:77)
	at org.apache.ratis.RaftTestUtil.waitForLeader(RaftTestUtil.java:72)
	at org.apache.ratis.examples.filestore.FileStoreBaseTest.testFileStore(FileStoreBaseTest.java:73)
	at sun.reflect.NativeMethodAccessorImpl.invoke0(Native Method)
	at sun.reflect.NativeMethodAccessorImpl.invoke(NativeMethodAccessorImpl.java:62)
	at sun.reflect.DelegatingMethodAccessorImpl.invoke(DelegatingMethodAccessorImpl.java:43)
	at java.lang.reflect.Method.invoke(Method.java:498)
	at org.junit.runners.model.FrameworkMethod$1.runReflectiveCall(FrameworkMethod.java:50)
	at org.junit.internal.runners.model.ReflectiveCallable.run(ReflectiveCallable.java:12)
	at org.junit.runners.model.FrameworkMethod.invokeExplosively(FrameworkMethod.java:47)
	at org.junit.internal.runners.statements.InvokeMethod.evaluate(InvokeMethod.java:17)
	at org.junit.internal.runners.statements.RunAfters.evaluate(RunAfters.java:27)
	at org.junit.internal.runners.statements.FailOnTimeout$CallableStatement.call(FailOnTimeout.java:298)
	at org.junit.internal.runners.statements.FailOnTimeout$CallableStatement.call(FailOnTimeout.java:292)
	at java.util.concurrent.FutureTask.run(FutureTask.java:266)
	at java.lang.Thread.run(Thread.java:748)
2019-09-24 17:32:32,286 INFO  impl.LeaderElection (LeaderElection.java:askForVotes(178)) - s2@group-CDDA1A17BE32-LeaderElection3: begin an election at term 1 for -1: [s0:0.0.0.0:41187, s1:0.0.0.0:39153, s2:0.0.0.0:42713], old=null
2019-09-24 17:32:32,286 INFO  impl.LeaderElection (LeaderElection.java:askForVotes(178)) - s1@group-CDDA1A17BE32-LeaderElection2: begin an election at term 1 for -1: [s0:0.0.0.0:41187, s1:0.0.0.0:39153, s2:0.0.0.0:42713], old=null
2019-09-24 17:32:32,286 INFO  impl.LeaderElection (LeaderElection.java:askForVotes(178)) - s0@group-CDDA1A17BE32-LeaderElection1: begin an election at term 1 for -1: [s0:0.0.0.0:41187, s1:0.0.0.0:39153, s2:0.0.0.0:42713], old=null
2019-09-24 17:32:32,520 INFO  impl.LeaderElection (LeaderElection.java:logAndReturn(56)) - s1@group-CDDA1A17BE32-LeaderElection2: Election TIMEOUT; received 0 response(s) [] and 0 exception(s); s1@group-CDDA1A17BE32:t1, leader=null, voted=s1, raftlog=s1@group-CDDA1A17BE32-SegmentedRaftLog:OPENED:c-1,f-1,i0, conf=-1: [s0:0.0.0.0:41187, s1:0.0.0.0:39153, s2:0.0.0.0:42713], old=null
2019-09-24 17:32:32,533 INFO  logging.LoggingHandler (AbstractInternalLogger.java:log(150)) - [id: 0x4050f7de, L:/0.0.0.0:39153] READ: [id: 0x8361b4d0, L:/192.168.5.142:39153 - R:/192.168.5.142:49098]
2019-09-24 17:32:32,533 INFO  logging.LoggingHandler (AbstractInternalLogger.java:log(150)) - [id: 0x3d3ba73f, L:/0.0.0.0:42713] READ: [id: 0x538ed206, L:/192.168.5.142:42713 - R:/192.168.5.142:48942]
2019-09-24 17:32:32,533 INFO  logging.LoggingHandler (AbstractInternalLogger.java:log(150)) - [id: 0xa0a8e69c, L:/0.0.0.0:41187] READ: [id: 0x4f414e0d, L:/192.168.5.142:41187 - R:/192.168.5.142:42333]
2019-09-24 17:32:32,534 INFO  impl.LeaderElection (LeaderElection.java:logAndReturn(56)) - s2@group-CDDA1A17BE32-LeaderElection3: Election TIMEOUT; received 0 response(s) [] and 0 exception(s); s2@group-CDDA1A17BE32:t1, leader=null, voted=s2, raftlog=s2@group-CDDA1A17BE32-SegmentedRaftLog:OPENED:c-1,f-1,i0, conf=-1: [s0:0.0.0.0:41187, s1:0.0.0.0:39153, s2:0.0.0.0:42713], old=null
2019-09-24 17:32:32,535 INFO  logging.LoggingHandler (AbstractInternalLogger.java:log(150)) - [id: 0x3d3ba73f, L:/0.0.0.0:42713] READ COMPLETE
2019-09-24 17:32:32,535 INFO  logging.LoggingHandler (AbstractInternalLogger.java:log(150)) - [id: 0x4050f7de, L:/0.0.0.0:39153] READ COMPLETE
2019-09-24 17:32:32,535 INFO  logging.LoggingHandler (AbstractInternalLogger.java:log(150)) - [id: 0xa0a8e69c, L:/0.0.0.0:41187] READ COMPLETE
2019-09-24 17:32:32,536 INFO  logging.LoggingHandler (AbstractInternalLogger.java:log(150)) - [id: 0x4050f7de, L:/0.0.0.0:39153] READ: [id: 0x61151898, L:/192.168.5.142:39153 - R:/192.168.5.142:49096]
2019-09-24 17:32:32,536 INFO  logging.LoggingHandler (AbstractInternalLogger.java:log(150)) - [id: 0x3d3ba73f, L:/0.0.0.0:42713] READ: [id: 0xb9bd5237, L:/192.168.5.142:42713 - R:/192.168.5.142:48948]
2019-09-24 17:32:32,538 INFO  logging.LoggingHandler (AbstractInternalLogger.java:log(150)) - [id: 0x4050f7de, L:/0.0.0.0:39153] READ COMPLETE
2019-09-24 17:32:32,537 INFO  logging.LoggingHandler (AbstractInternalLogger.java:log(150)) - [id: 0xa0a8e69c, L:/0.0.0.0:41187] READ: [id: 0xff8844a1, L:/192.168.5.142:41187 - R:/192.168.5.142:42332]
2019-09-24 17:32:32,538 INFO  logging.LoggingHandler (AbstractInternalLogger.java:log(150)) - [id: 0x3d3ba73f, L:/0.0.0.0:42713] READ COMPLETE
2019-09-24 17:32:32,539 INFO  logging.LoggingHandler (AbstractInternalLogger.java:log(150)) - [id: 0xa0a8e69c, L:/0.0.0.0:41187] READ COMPLETE
2019-09-24 17:32:32,631 INFO  impl.LeaderElection (LeaderElection.java:logAndReturn(56)) - s0@group-CDDA1A17BE32-LeaderElection1: Election TIMEOUT; received 0 response(s) [] and 0 exception(s); s0@group-CDDA1A17BE32:t1, leader=null, voted=s0, raftlog=s0@group-CDDA1A17BE32-SegmentedRaftLog:OPENED:c-1,f-1,i0, conf=-1: [s0:0.0.0.0:41187, s1:0.0.0.0:39153, s2:0.0.0.0:42713], old=null
2019-09-24 17:32:32,655 WARN  ratis.RaftTestUtil (JavaUtils.java:attempt(158)) - FAILED "waitForLeader-null-(expectLeader? true)", attempt #10/100: java.lang.IllegalStateException: No leader yet : printing ALL groups
  s0:  RUNNING CANDIDATE s0@group-CDDA1A17BE32:t2, leader=null, voted=s0, raftlog=s0@group-CDDA1A17BE32-SegmentedRaftLog:OPENED:c-1,f-1,i0, conf=-1: [s0:0.0.0.0:41187, s1:0.0.0.0:39153, s2:0.0.0.0:42713], old=null RUNNING
  s1:  RUNNING CANDIDATE s1@group-CDDA1A17BE32:t2, leader=null, voted=s1, raftlog=s1@group-CDDA1A17BE32-SegmentedRaftLog:OPENED:c-1,f-1,i0, conf=-1: [s0:0.0.0.0:41187, s1:0.0.0.0:39153, s2:0.0.0.0:42713], old=null RUNNING
  s2:  RUNNING CANDIDATE s2@group-CDDA1A17BE32:t2, leader=null, voted=s2, raftlog=s2@group-CDDA1A17BE32-SegmentedRaftLog:OPENED:c-1,f-1,i0, conf=-1: [s0:0.0.0.0:41187, s1:0.0.0.0:39153, s2:0.0.0.0:42713], old=null RUNNING, sleep 450ms and then retry.
java.lang.IllegalStateException: No leader yet : printing ALL groups
  s0:  RUNNING CANDIDATE s0@group-CDDA1A17BE32:t2, leader=null, voted=s0, raftlog=s0@group-CDDA1A17BE32-SegmentedRaftLog:OPENED:c-1,f-1,i0, conf=-1: [s0:0.0.0.0:41187, s1:0.0.0.0:39153, s2:0.0.0.0:42713], old=null RUNNING
  s1:  RUNNING CANDIDATE s1@group-CDDA1A17BE32:t2, leader=null, voted=s1, raftlog=s1@group-CDDA1A17BE32-SegmentedRaftLog:OPENED:c-1,f-1,i0, conf=-1: [s0:0.0.0.0:41187, s1:0.0.0.0:39153, s2:0.0.0.0:42713], old=null RUNNING
  s2:  RUNNING CANDIDATE s2@group-CDDA1A17BE32:t2, leader=null, voted=s2, raftlog=s2@group-CDDA1A17BE32-SegmentedRaftLog:OPENED:c-1,f-1,i0, conf=-1: [s0:0.0.0.0:41187, s1:0.0.0.0:39153, s2:0.0.0.0:42713], old=null RUNNING
	at org.apache.ratis.MiniRaftCluster.newIllegalStateExceptionForNoLeaders(MiniRaftCluster.java:506)
	at org.apache.ratis.RaftTestUtil.lambda$waitForLeader$1(RaftTestUtil.java:90)
	at org.apache.ratis.MiniRaftCluster.getLeader(MiniRaftCluster.java:539)
	at org.apache.ratis.MiniRaftCluster.getLeader(MiniRaftCluster.java:532)
	at org.apache.ratis.RaftTestUtil.lambda$waitForLeader$3(RaftTestUtil.java:98)
	at org.apache.ratis.util.JavaUtils.attempt(JavaUtils.java:152)
	at org.apache.ratis.RaftTestUtil.waitForLeader(RaftTestUtil.java:97)
	at org.apache.ratis.RaftTestUtil.waitForLeader(RaftTestUtil.java:77)
	at org.apache.ratis.RaftTestUtil.waitForLeader(RaftTestUtil.java:72)
	at org.apache.ratis.examples.filestore.FileStoreBaseTest.testFileStore(FileStoreBaseTest.java:73)
	at sun.reflect.NativeMethodAccessorImpl.invoke0(Native Method)
	at sun.reflect.NativeMethodAccessorImpl.invoke(NativeMethodAccessorImpl.java:62)
	at sun.reflect.DelegatingMethodAccessorImpl.invoke(DelegatingMethodAccessorImpl.java:43)
	at java.lang.reflect.Method.invoke(Method.java:498)
	at org.junit.runners.model.FrameworkMethod$1.runReflectiveCall(FrameworkMethod.java:50)
	at org.junit.internal.runners.model.ReflectiveCallable.run(ReflectiveCallable.java:12)
	at org.junit.runners.model.FrameworkMethod.invokeExplosively(FrameworkMethod.java:47)
	at org.junit.internal.runners.statements.InvokeMethod.evaluate(InvokeMethod.java:17)
	at org.junit.internal.runners.statements.RunAfters.evaluate(RunAfters.java:27)
	at org.junit.internal.runners.statements.FailOnTimeout$CallableStatement.call(FailOnTimeout.java:298)
	at org.junit.internal.runners.statements.FailOnTimeout$CallableStatement.call(FailOnTimeout.java:292)
	at java.util.concurrent.FutureTask.run(FutureTask.java:266)
	at java.lang.Thread.run(Thread.java:748)
2019-09-24 17:32:32,821 INFO  impl.LeaderElection (LeaderElection.java:askForVotes(178)) - s1@group-CDDA1A17BE32-LeaderElection2: begin an election at term 2 for -1: [s0:0.0.0.0:41187, s1:0.0.0.0:39153, s2:0.0.0.0:42713], old=null
2019-09-24 17:32:32,821 INFO  impl.LeaderElection (LeaderElection.java:askForVotes(178)) - s0@group-CDDA1A17BE32-LeaderElection1: begin an election at term 2 for -1: [s0:0.0.0.0:41187, s1:0.0.0.0:39153, s2:0.0.0.0:42713], old=null
2019-09-24 17:32:32,821 INFO  impl.LeaderElection (LeaderElection.java:askForVotes(178)) - s2@group-CDDA1A17BE32-LeaderElection3: begin an election at term 2 for -1: [s0:0.0.0.0:41187, s1:0.0.0.0:39153, s2:0.0.0.0:42713], old=null
2019-09-24 17:32:32,828 INFO  impl.LeaderElection (LeaderElection.java:logAndReturn(56)) - s1@group-CDDA1A17BE32-LeaderElection2: Election REJECTED; received 2 response(s) [s1<-s0#0:FAIL-t2, s1<-s2#0:FAIL-t2] and 0 exception(s); s1@group-CDDA1A17BE32:t2, leader=null, voted=s1, raftlog=s1@group-CDDA1A17BE32-SegmentedRaftLog:OPENED:c-1,f-1,i0, conf=-1: [s0:0.0.0.0:41187, s1:0.0.0.0:39153, s2:0.0.0.0:42713], old=null
2019-09-24 17:32:32,828 INFO  impl.LeaderElection (LeaderElection.java:logAndReturn(56)) - s0@group-CDDA1A17BE32-LeaderElection1: Election REJECTED; received 2 response(s) [s0<-s1#0:FAIL-t2, s0<-s2#0:FAIL-t2] and 0 exception(s); s0@group-CDDA1A17BE32:t2, leader=null, voted=s0, raftlog=s0@group-CDDA1A17BE32-SegmentedRaftLog:OPENED:c-1,f-1,i0, conf=-1: [s0:0.0.0.0:41187, s1:0.0.0.0:39153, s2:0.0.0.0:42713], old=null
2019-09-24 17:32:32,828 INFO  impl.LeaderElection (LeaderElection.java:logAndReturn(56)) - s2@group-CDDA1A17BE32-LeaderElection3: Election REJECTED; received 2 response(s) [s2<-s0#0:FAIL-t2, s2<-s1#0:FAIL-t2] and 0 exception(s); s2@group-CDDA1A17BE32:t2, leader=null, voted=s2, raftlog=s2@group-CDDA1A17BE32-SegmentedRaftLog:OPENED:c-1,f-1,i0, conf=-1: [s0:0.0.0.0:41187, s1:0.0.0.0:39153, s2:0.0.0.0:42713], old=null
2019-09-24 17:32:32,831 INFO  impl.RaftServerImpl (RaftServerImpl.java:setRole(170)) - s1@group-CDDA1A17BE32: changes role from CANDIDATE to FOLLOWER at term 2 for DISCOVERED_A_NEW_TERM
2019-09-24 17:32:32,831 INFO  impl.RoleInfo (RoleInfo.java:shutdownLeaderElection(134)) - s1: shutdown LeaderElection
2019-09-24 17:32:32,832 INFO  impl.RaftServerImpl (RaftServerImpl.java:setRole(170)) - s2@group-CDDA1A17BE32: changes role from CANDIDATE to FOLLOWER at term 2 for DISCOVERED_A_NEW_TERM
2019-09-24 17:32:32,832 INFO  impl.RaftServerImpl (RaftServerImpl.java:setRole(170)) - s0@group-CDDA1A17BE32: changes role from CANDIDATE to FOLLOWER at term 2 for DISCOVERED_A_NEW_TERM
2019-09-24 17:32:32,832 INFO  impl.RoleInfo (RoleInfo.java:shutdownLeaderElection(134)) - s2: shutdown LeaderElection
2019-09-24 17:32:32,832 INFO  impl.RoleInfo (RoleInfo.java:shutdownLeaderElection(134)) - s0: shutdown LeaderElection
2019-09-24 17:32:32,832 INFO  impl.RoleInfo (RoleInfo.java:updateAndGet(143)) - s1: start FollowerState
2019-09-24 17:32:32,832 INFO  impl.RoleInfo (RoleInfo.java:updateAndGet(143)) - s0: start FollowerState
2019-09-24 17:32:32,832 INFO  impl.RoleInfo (RoleInfo.java:updateAndGet(143)) - s2: start FollowerState
2019-09-24 17:32:33,028 INFO  impl.FollowerState (FollowerState.java:run(108)) - s2@group-CDDA1A17BE32-FollowerState: change to CANDIDATE, lastRpcTime:196ms, electionTimeout:194ms
2019-09-24 17:32:33,029 INFO  impl.RoleInfo (RoleInfo.java:shutdownFollowerState(121)) - s2: shutdown FollowerState
2019-09-24 17:32:33,030 INFO  impl.RaftServerImpl (RaftServerImpl.java:setRole(170)) - s2@group-CDDA1A17BE32: changes role from  FOLLOWER to CANDIDATE at term 2 for changeToCandidate
2019-09-24 17:32:33,030 INFO  impl.RoleInfo (RoleInfo.java:updateAndGet(143)) - s2: start LeaderElection
2019-09-24 17:32:33,035 INFO  impl.FollowerState (FollowerState.java:run(108)) - s1@group-CDDA1A17BE32-FollowerState: change to CANDIDATE, lastRpcTime:202ms, electionTimeout:201ms
2019-09-24 17:32:33,035 INFO  impl.RoleInfo (RoleInfo.java:shutdownFollowerState(121)) - s1: shutdown FollowerState
2019-09-24 17:32:33,035 INFO  impl.RaftServerImpl (RaftServerImpl.java:setRole(170)) - s1@group-CDDA1A17BE32: changes role from  FOLLOWER to CANDIDATE at term 2 for changeToCandidate
2019-09-24 17:32:33,036 INFO  impl.RoleInfo (RoleInfo.java:updateAndGet(143)) - s1: start LeaderElection
2019-09-24 17:32:33,051 INFO  impl.LeaderElection (LeaderElection.java:askForVotes(178)) - s2@group-CDDA1A17BE32-LeaderElection4: begin an election at term 3 for -1: [s0:0.0.0.0:41187, s1:0.0.0.0:39153, s2:0.0.0.0:42713], old=null
2019-09-24 17:32:33,051 INFO  impl.LeaderElection (LeaderElection.java:askForVotes(178)) - s1@group-CDDA1A17BE32-LeaderElection5: begin an election at term 3 for -1: [s0:0.0.0.0:41187, s1:0.0.0.0:39153, s2:0.0.0.0:42713], old=null
2019-09-24 17:32:33,054 INFO  impl.RaftServerImpl (RaftServerImpl.java:setRole(170)) - s0@group-CDDA1A17BE32: changes role from  FOLLOWER to FOLLOWER at term 3 for recognizeCandidate:s1
2019-09-24 17:32:33,055 INFO  impl.RoleInfo (RoleInfo.java:shutdownFollowerState(121)) - s0: shutdown FollowerState
2019-09-24 17:32:33,055 INFO  impl.RoleInfo (RoleInfo.java:updateAndGet(143)) - s0: start FollowerState
2019-09-24 17:32:33,056 INFO  impl.FollowerState (FollowerState.java:run(117)) - s0@group-CDDA1A17BE32-FollowerState was interrupted: java.lang.InterruptedException: sleep interrupted
2019-09-24 17:32:33,107 WARN  ratis.RaftTestUtil (JavaUtils.java:attempt(158)) - FAILED "waitForLeader-null-(expectLeader? true)", attempt #11/100: java.lang.IllegalStateException: No leader yet : printing ALL groups
  s0:  RUNNING  FOLLOWER s0@group-CDDA1A17BE32:t3, leader=null, voted=s1, raftlog=s0@group-CDDA1A17BE32-SegmentedRaftLog:OPENED:c-1,f-1,i0, conf=-1: [s0:0.0.0.0:41187, s1:0.0.0.0:39153, s2:0.0.0.0:42713], old=null RUNNING
  s1:  RUNNING CANDIDATE s1@group-CDDA1A17BE32:t3, leader=null, voted=s1, raftlog=s1@group-CDDA1A17BE32-SegmentedRaftLog:OPENED:c-1,f-1,i0, conf=-1: [s0:0.0.0.0:41187, s1:0.0.0.0:39153, s2:0.0.0.0:42713], old=null RUNNING
  s2:  RUNNING CANDIDATE s2@group-CDDA1A17BE32:t3, leader=null, voted=s2, raftlog=s2@group-CDDA1A17BE32-SegmentedRaftLog:OPENED:c-1,f-1,i0, conf=-1: [s0:0.0.0.0:41187, s1:0.0.0.0:39153, s2:0.0.0.0:42713], old=null RUNNING, sleep 450ms and then retry.
java.lang.IllegalStateException: No leader yet : printing ALL groups
  s0:  RUNNING  FOLLOWER s0@group-CDDA1A17BE32:t3, leader=null, voted=s1, raftlog=s0@group-CDDA1A17BE32-SegmentedRaftLog:OPENED:c-1,f-1,i0, conf=-1: [s0:0.0.0.0:41187, s1:0.0.0.0:39153, s2:0.0.0.0:42713], old=null RUNNING
  s1:  RUNNING CANDIDATE s1@group-CDDA1A17BE32:t3, leader=null, voted=s1, raftlog=s1@group-CDDA1A17BE32-SegmentedRaftLog:OPENED:c-1,f-1,i0, conf=-1: [s0:0.0.0.0:41187, s1:0.0.0.0:39153, s2:0.0.0.0:42713], old=null RUNNING
  s2:  RUNNING CANDIDATE s2@group-CDDA1A17BE32:t3, leader=null, voted=s2, raftlog=s2@group-CDDA1A17BE32-SegmentedRaftLog:OPENED:c-1,f-1,i0, conf=-1: [s0:0.0.0.0:41187, s1:0.0.0.0:39153, s2:0.0.0.0:42713], old=null RUNNING
	at org.apache.ratis.MiniRaftCluster.newIllegalStateExceptionForNoLeaders(MiniRaftCluster.java:506)
	at org.apache.ratis.RaftTestUtil.lambda$waitForLeader$1(RaftTestUtil.java:90)
	at org.apache.ratis.MiniRaftCluster.getLeader(MiniRaftCluster.java:539)
	at org.apache.ratis.MiniRaftCluster.getLeader(MiniRaftCluster.java:532)
	at org.apache.ratis.RaftTestUtil.lambda$waitForLeader$3(RaftTestUtil.java:98)
	at org.apache.ratis.util.JavaUtils.attempt(JavaUtils.java:152)
	at org.apache.ratis.RaftTestUtil.waitForLeader(RaftTestUtil.java:97)
	at org.apache.ratis.RaftTestUtil.waitForLeader(RaftTestUtil.java:77)
	at org.apache.ratis.RaftTestUtil.waitForLeader(RaftTestUtil.java:72)
	at org.apache.ratis.examples.filestore.FileStoreBaseTest.testFileStore(FileStoreBaseTest.java:73)
	at sun.reflect.NativeMethodAccessorImpl.invoke0(Native Method)
	at sun.reflect.NativeMethodAccessorImpl.invoke(NativeMethodAccessorImpl.java:62)
	at sun.reflect.DelegatingMethodAccessorImpl.invoke(DelegatingMethodAccessorImpl.java:43)
	at java.lang.reflect.Method.invoke(Method.java:498)
	at org.junit.runners.model.FrameworkMethod$1.runReflectiveCall(FrameworkMethod.java:50)
	at org.junit.internal.runners.model.ReflectiveCallable.run(ReflectiveCallable.java:12)
	at org.junit.runners.model.FrameworkMethod.invokeExplosively(FrameworkMethod.java:47)
	at org.junit.internal.runners.statements.InvokeMethod.evaluate(InvokeMethod.java:17)
	at org.junit.internal.runners.statements.RunAfters.evaluate(RunAfters.java:27)
	at org.junit.internal.runners.statements.FailOnTimeout$CallableStatement.call(FailOnTimeout.java:298)
	at org.junit.internal.runners.statements.FailOnTimeout$CallableStatement.call(FailOnTimeout.java:292)
	at java.util.concurrent.FutureTask.run(FutureTask.java:266)
	at java.lang.Thread.run(Thread.java:748)
2019-09-24 17:32:33,112 INFO  impl.LeaderElection (LeaderElection.java:logAndReturn(56)) - s2@group-CDDA1A17BE32-LeaderElection4: Election REJECTED; received 2 response(s) [s2<-s0#0:FAIL-t3, s2<-s1#0:FAIL-t3] and 0 exception(s); s2@group-CDDA1A17BE32:t3, leader=null, voted=s2, raftlog=s2@group-CDDA1A17BE32-SegmentedRaftLog:OPENED:c-1,f-1,i0, conf=-1: [s0:0.0.0.0:41187, s1:0.0.0.0:39153, s2:0.0.0.0:42713], old=null
2019-09-24 17:32:33,112 INFO  impl.LeaderElection (LeaderElection.java:logAndReturn(56)) - s1@group-CDDA1A17BE32-LeaderElection5: Election PASSED; received 2 response(s) [s1<-s0#0:OK-t3, s1<-s2#0:FAIL-t3] and 0 exception(s); s1@group-CDDA1A17BE32:t3, leader=null, voted=s1, raftlog=s1@group-CDDA1A17BE32-SegmentedRaftLog:OPENED:c-1,f-1,i0, conf=-1: [s0:0.0.0.0:41187, s1:0.0.0.0:39153, s2:0.0.0.0:42713], old=null
2019-09-24 17:32:33,113 INFO  impl.RaftServerImpl (RaftServerImpl.java:setRole(170)) - s2@group-CDDA1A17BE32: changes role from CANDIDATE to FOLLOWER at term 3 for DISCOVERED_A_NEW_TERM
2019-09-24 17:32:33,114 INFO  impl.RoleInfo (RoleInfo.java:shutdownLeaderElection(134)) - s1: shutdown LeaderElection
2019-09-24 17:32:33,114 INFO  impl.RoleInfo (RoleInfo.java:shutdownLeaderElection(134)) - s2: shutdown LeaderElection
2019-09-24 17:32:33,114 INFO  impl.RaftServerImpl (RaftServerImpl.java:setRole(170)) - s1@group-CDDA1A17BE32: changes role from CANDIDATE to LEADER at term 3 for changeToLeader
2019-09-24 17:32:33,115 INFO  impl.RoleInfo (RoleInfo.java:updateAndGet(143)) - s2: start FollowerState
2019-09-24 17:32:33,115 INFO  impl.RaftServerImpl (ServerState.java:setLeader(254)) - s1@group-CDDA1A17BE32: change Leader from null to s1 at term 3 for becomeLeader, leader elected after 5125ms
2019-09-24 17:32:33,123 INFO  server.RaftServerConfigKeys (ConfUtils.java:logGet(43)) - raft.server.staging.catchup.gap = 1000 (default)
2019-09-24 17:32:33,123 INFO  server.RaftServerConfigKeys (ConfUtils.java:logGet(43)) - raft.server.rpc.sleep.time = 25ms (default)
2019-09-24 17:32:33,130 INFO  server.RaftServerConfigKeys (ConfUtils.java:logGet(43)) - raft.server.write.element-limit = 4096 (default)
2019-09-24 17:32:33,138 INFO  server.RaftServerConfigKeys (ConfUtils.java:logGet(43)) - raft.server.watch.timeout = 10s (default)
2019-09-24 17:32:33,138 INFO  server.RaftServerConfigKeys (ConfUtils.java:logGet(43)) - raft.server.watch.timeout.denomination = 1s (default)
2019-09-24 17:32:33,139 INFO  server.RaftServerConfigKeys (ConfUtils.java:logGet(43)) - raft.server.watch.element-limit = 65536 (default)
2019-09-24 17:32:33,153 INFO  server.RaftServerConfigKeys (ConfUtils.java:logGet(43)) - raft.server.log.appender.snapshot.chunk.size.max = 16MB (=16777216) (default)
2019-09-24 17:32:33,153 INFO  server.RaftServerConfigKeys (ConfUtils.java:logGet(43)) - raft.server.log.appender.buffer.byte-limit = 4MB (=4194304) (default)
2019-09-24 17:32:33,154 INFO  server.RaftServerConfigKeys (ConfUtils.java:logGet(43)) - raft.server.log.appender.buffer.element-limit = 0 (default)
2019-09-24 17:32:33,157 INFO  server.RaftServerConfigKeys (ConfUtils.java:logGet(43)) - raft.server.log.appender.snapshot.chunk.size.max = 16MB (=16777216) (default)
2019-09-24 17:32:33,157 INFO  server.RaftServerConfigKeys (ConfUtils.java:logGet(43)) - raft.server.log.appender.buffer.byte-limit = 4MB (=4194304) (default)
2019-09-24 17:32:33,158 INFO  server.RaftServerConfigKeys (ConfUtils.java:logGet(43)) - raft.server.log.appender.buffer.element-limit = 0 (default)
2019-09-24 17:32:33,160 INFO  impl.RoleInfo (RoleInfo.java:updateAndGet(143)) - s1: start LeaderState
2019-09-24 17:32:33,178 INFO  segmented.SegmentedRaftLogWorker (SegmentedRaftLogWorker.java:startLogSegment(380)) - s1@group-CDDA1A17BE32-SegmentedRaftLogWorker: Starting segment from index:0
2019-09-24 17:32:33,186 INFO  impl.RaftServerImpl (ServerState.java:setRaftConf(355)) - s1@group-CDDA1A17BE32: set configuration 0: [s0:0.0.0.0:41187, s1:0.0.0.0:39153, s2:0.0.0.0:42713], old=null at 0
2019-09-24 17:32:33,216 INFO  impl.RaftServerImpl (ServerState.java:setLeader(254)) - s0@group-CDDA1A17BE32: change Leader from null to s1 at term 3 for appendEntries, leader elected after 5227ms
2019-09-24 17:32:33,217 INFO  impl.RaftServerImpl (ServerState.java:setLeader(254)) - s2@group-CDDA1A17BE32: change Leader from null to s1 at term 3 for appendEntries, leader elected after 5226ms
2019-09-24 17:32:33,243 INFO  impl.RaftServerImpl (ServerState.java:setRaftConf(355)) - s0@group-CDDA1A17BE32: set configuration 0: [s0:0.0.0.0:41187, s1:0.0.0.0:39153, s2:0.0.0.0:42713], old=null at 0
2019-09-24 17:32:33,243 INFO  impl.RaftServerImpl (ServerState.java:setRaftConf(355)) - s2@group-CDDA1A17BE32: set configuration 0: [s0:0.0.0.0:41187, s1:0.0.0.0:39153, s2:0.0.0.0:42713], old=null at 0
2019-09-24 17:32:33,244 INFO  segmented.SegmentedRaftLogWorker (SegmentedRaftLogWorker.java:startLogSegment(380)) - s0@group-CDDA1A17BE32-SegmentedRaftLogWorker: Starting segment from index:0
2019-09-24 17:32:33,244 INFO  segmented.SegmentedRaftLogWorker (SegmentedRaftLogWorker.java:startLogSegment(380)) - s2@group-CDDA1A17BE32-SegmentedRaftLogWorker: Starting segment from index:0
2019-09-24 17:32:33,532 INFO  segmented.SegmentedRaftLogWorker (SegmentedRaftLogWorker.java:execute(569)) - s0@group-CDDA1A17BE32-SegmentedRaftLogWorker: created new log segment /workdir/ratis-examples/target/test/data/30cdbed2/MiniRaftClusterWithNettyb64ab849/s0/52c4c118-c65a-443c-a983-cdda1a17be32/current/log_inprogress_0
2019-09-24 17:32:33,532 INFO  segmented.SegmentedRaftLogWorker (SegmentedRaftLogWorker.java:execute(569)) - s2@group-CDDA1A17BE32-SegmentedRaftLogWorker: created new log segment /workdir/ratis-examples/target/test/data/30cdbed2/MiniRaftClusterWithNettyb64ab849/s2/52c4c118-c65a-443c-a983-cdda1a17be32/current/log_inprogress_0
2019-09-24 17:32:33,532 INFO  segmented.SegmentedRaftLogWorker (SegmentedRaftLogWorker.java:execute(569)) - s1@group-CDDA1A17BE32-SegmentedRaftLogWorker: created new log segment /workdir/ratis-examples/target/test/data/30cdbed2/MiniRaftClusterWithNettyb64ab849/s1/52c4c118-c65a-443c-a983-cdda1a17be32/current/log_inprogress_0
2019-09-24 17:32:33,560 INFO  ratis.RaftTestUtil (RaftTestUtil.java:waitForLeader(101)) - printing ALL groups
  s0:  RUNNING  FOLLOWER s0@group-CDDA1A17BE32:t3, leader=s1, voted=s1, raftlog=s0@group-CDDA1A17BE32-SegmentedRaftLog:OPENED:c-1,f0,i0, conf=0: [s0:0.0.0.0:41187, s1:0.0.0.0:39153, s2:0.0.0.0:42713], old=null RUNNING
  s1:  RUNNING    LEADER s1@group-CDDA1A17BE32:t3, leader=s1, voted=s1, raftlog=s1@group-CDDA1A17BE32-SegmentedRaftLog:OPENED:c0,f0,i0, conf=0: [s0:0.0.0.0:41187, s1:0.0.0.0:39153, s2:0.0.0.0:42713], old=null RUNNING
  s2:  RUNNING  FOLLOWER s2@group-CDDA1A17BE32:t3, leader=s1, voted=s2, raftlog=s2@group-CDDA1A17BE32-SegmentedRaftLog:OPENED:c-1,f0,i0, conf=0: [s0:0.0.0.0:41187, s1:0.0.0.0:39153, s2:0.0.0.0:42713], old=null RUNNING
2019-09-24 17:32:33,561 INFO  filestore.FileStoreBaseTest (FileStoreBaseTest.java:testSingleFile(87)) - runTestSingleFile with path=foo, fileLength=10M (=10485760)
2019-09-24 17:32:33,610 INFO  logging.LoggingHandler (AbstractInternalLogger.java:log(150)) - [id: 0xa0a8e69c, L:/0.0.0.0:41187] READ: [id: 0xa208c540, L:/192.168.5.142:41187 - R:/192.168.5.142:42338]
2019-09-24 17:32:33,612 INFO  logging.LoggingHandler (AbstractInternalLogger.java:log(150)) - [id: 0xa0a8e69c, L:/0.0.0.0:41187] READ COMPLETE
2019-09-24 17:32:33,660 INFO  logging.LoggingHandler (AbstractInternalLogger.java:log(150)) - [id: 0x4050f7de, L:/0.0.0.0:39153] READ: [id: 0x1560e86d, L:/192.168.5.142:39153 - R:/192.168.5.142:49110]
2019-09-24 17:32:33,661 INFO  logging.LoggingHandler (AbstractInternalLogger.java:log(150)) - [id: 0x4050f7de, L:/0.0.0.0:39153] READ COMPLETE
2019-09-24 17:32:33,708 TRACE util.FileUtils (LogUtils.java:supplyAndLog(82)) - Successfully supplied Files.newOutputStream CREATE_NEW /workdir/ratis-examples/target/test/data/30cdbed2/TestFileStoreWithNetty/filestore/s1/foo: java.nio.channels.Channels$1@501b1e94
2019-09-24 17:32:33,712 TRACE util.FileUtils (LogUtils.java:supplyAndLog(82)) - Successfully supplied Files.newOutputStream CREATE_NEW /workdir/ratis-examples/target/test/data/30cdbed2/TestFileStoreWithNetty/filestore/s2/foo: java.nio.channels.Channels$1@4fd0784f
2019-09-24 17:32:33,712 TRACE util.FileUtils (LogUtils.java:supplyAndLog(82)) - Successfully supplied Files.newOutputStream CREATE_NEW /workdir/ratis-examples/target/test/data/30cdbed2/TestFileStoreWithNetty/filestore/s0/foo: java.nio.channels.Channels$1@7d77e70c
2019-09-24 17:32:38,565 INFO  ratis.MiniRaftCluster (MiniRaftCluster.java:lambda$null$5(297)) - TIMED-PRINT: printing ALL groups
  s0:  RUNNING  FOLLOWER s0@group-CDDA1A17BE32:t3, leader=s1, voted=s1, raftlog=s0@group-CDDA1A17BE32-SegmentedRaftLog:OPENED:c22,f23,i25, conf=0: [s0:0.0.0.0:41187, s1:0.0.0.0:39153, s2:0.0.0.0:42713], old=null RUNNING
  s1:  RUNNING    LEADER s1@group-CDDA1A17BE32:t3, leader=s1, voted=s1, raftlog=s1@group-CDDA1A17BE32-SegmentedRaftLog:OPENED:c24,f24,i25, conf=0: [s0:0.0.0.0:41187, s1:0.0.0.0:39153, s2:0.0.0.0:42713], old=null RUNNING
  s2:  RUNNING  FOLLOWER s2@group-CDDA1A17BE32:t3, leader=s1, voted=s2, raftlog=s2@group-CDDA1A17BE32-SegmentedRaftLog:OPENED:c23,f24,i25, conf=0: [s0:0.0.0.0:41187, s1:0.0.0.0:39153, s2:0.0.0.0:42713], old=null RUNNING
2019-09-24 17:32:48,565 INFO  ratis.MiniRaftCluster (MiniRaftCluster.java:lambda$null$5(297)) - TIMED-PRINT: printing ALL groups
  s0:  RUNNING  FOLLOWER s0@group-CDDA1A17BE32:t3, leader=s1, voted=s1, raftlog=s0@group-CDDA1A17BE32-SegmentedRaftLog:OPENED:c34,f35,i37, conf=0: [s0:0.0.0.0:41187, s1:0.0.0.0:39153, s2:0.0.0.0:42713], old=null RUNNING
  s1:  RUNNING    LEADER s1@group-CDDA1A17BE32:t3, leader=s1, voted=s1, raftlog=s1@group-CDDA1A17BE32-SegmentedRaftLog:OPENED:c36,f36,i37, conf=0: [s0:0.0.0.0:41187, s1:0.0.0.0:39153, s2:0.0.0.0:42713], old=null RUNNING
  s2:  RUNNING  FOLLOWER s2@group-CDDA1A17BE32:t3, leader=s1, voted=s2, raftlog=s2@group-CDDA1A17BE32-SegmentedRaftLog:OPENED:c35,f36,i37, conf=0: [s0:0.0.0.0:41187, s1:0.0.0.0:39153, s2:0.0.0.0:42713], old=null RUNNING
2019-09-24 17:32:58,565 INFO  ratis.MiniRaftCluster (MiniRaftCluster.java:lambda$null$5(297)) - TIMED-PRINT: printing ALL groups
  s0:  RUNNING  FOLLOWER s0@group-CDDA1A17BE32:t3, leader=s1, voted=s1, raftlog=s0@group-CDDA1A17BE32-SegmentedRaftLog:OPENED:c35,f37,i39, conf=0: [s0:0.0.0.0:41187, s1:0.0.0.0:39153, s2:0.0.0.0:42713], old=null RUNNING
  s1:  RUNNING    LEADER s1@group-CDDA1A17BE32:t3, leader=s1, voted=s1, raftlog=s1@group-CDDA1A17BE32-SegmentedRaftLog:OPENED:c38,f38,i39, conf=0: [s0:0.0.0.0:41187, s1:0.0.0.0:39153, s2:0.0.0.0:42713], old=null RUNNING
  s2:  RUNNING  FOLLOWER s2@group-CDDA1A17BE32:t3, leader=s1, voted=s2, raftlog=s2@group-CDDA1A17BE32-SegmentedRaftLog:OPENED:c37,f38,i39, conf=0: [s0:0.0.0.0:41187, s1:0.0.0.0:39153, s2:0.0.0.0:42713], old=null RUNNING
2019-09-24 17:33:08,565 INFO  ratis.MiniRaftCluster (MiniRaftCluster.java:lambda$null$5(297)) - TIMED-PRINT: printing ALL groups
  s0:  RUNNING  FOLLOWER s0@group-CDDA1A17BE32:t3, leader=s1, voted=s1, raftlog=s0@group-CDDA1A17BE32-SegmentedRaftLog:OPENED:c46,f47,i49, conf=0: [s0:0.0.0.0:41187, s1:0.0.0.0:39153, s2:0.0.0.0:42713], old=null RUNNING
  s1:  RUNNING    LEADER s1@group-CDDA1A17BE32:t3, leader=s1, voted=s1, raftlog=s1@group-CDDA1A17BE32-SegmentedRaftLog:OPENED:c48,f48,i49, conf=0: [s0:0.0.0.0:41187, s1:0.0.0.0:39153, s2:0.0.0.0:42713], old=null RUNNING
  s2:  RUNNING  FOLLOWER s2@group-CDDA1A17BE32:t3, leader=s1, voted=s2, raftlog=s2@group-CDDA1A17BE32-SegmentedRaftLog:OPENED:c47,f48,i49, conf=0: [s0:0.0.0.0:41187, s1:0.0.0.0:39153, s2:0.0.0.0:42713], old=null RUNNING
2019-09-24 17:33:18,565 INFO  ratis.MiniRaftCluster (MiniRaftCluster.java:lambda$null$5(297)) - TIMED-PRINT: printing ALL groups
  s0:  RUNNING  FOLLOWER s0@group-CDDA1A17BE32:t3, leader=s1, voted=s1, raftlog=s0@group-CDDA1A17BE32-SegmentedRaftLog:OPENED:c151,f153,i154, conf=0: [s0:0.0.0.0:41187, s1:0.0.0.0:39153, s2:0.0.0.0:42713], old=null RUNNING
  s1:  RUNNING    LEADER s1@group-CDDA1A17BE32:t3, leader=s1, voted=s1, raftlog=s1@group-CDDA1A17BE32-SegmentedRaftLog:OPENED:c153,f153,i155, conf=0: [s0:0.0.0.0:41187, s1:0.0.0.0:39153, s2:0.0.0.0:42713], old=null RUNNING
  s2:  RUNNING  FOLLOWER s2@group-CDDA1A17BE32:t3, leader=s1, voted=s2, raftlog=s2@group-CDDA1A17BE32-SegmentedRaftLog:OPENED:c152,f153,i154, conf=0: [s0:0.0.0.0:41187, s1:0.0.0.0:39153, s2:0.0.0.0:42713], old=null RUNNING
2019-09-24 17:33:28,565 INFO  ratis.MiniRaftCluster (MiniRaftCluster.java:lambda$null$5(297)) - TIMED-PRINT: printing ALL groups
  s0:  RUNNING  FOLLOWER s0@group-CDDA1A17BE32:t3, leader=s1, voted=s1, raftlog=s0@group-CDDA1A17BE32-SegmentedRaftLog:OPENED:c204,f205,i206, conf=0: [s0:0.0.0.0:41187, s1:0.0.0.0:39153, s2:0.0.0.0:42713], old=null RUNNING
  s1:  RUNNING    LEADER s1@group-CDDA1A17BE32:t3, leader=s1, voted=s1, raftlog=s1@group-CDDA1A17BE32-SegmentedRaftLog:OPENED:c205,f205,i207, conf=0: [s0:0.0.0.0:41187, s1:0.0.0.0:39153, s2:0.0.0.0:42713], old=null RUNNING
  s2:  RUNNING  FOLLOWER s2@group-CDDA1A17BE32:t3, leader=s1, voted=s2, raftlog=s2@group-CDDA1A17BE32-SegmentedRaftLog:OPENED:c204,f205,i206, conf=0: [s0:0.0.0.0:41187, s1:0.0.0.0:39153, s2:0.0.0.0:42713], old=null RUNNING
2019-09-24 17:33:38,565 INFO  ratis.MiniRaftCluster (MiniRaftCluster.java:lambda$null$5(297)) - TIMED-PRINT: printing ALL groups
  s0:  RUNNING  FOLLOWER s0@group-CDDA1A17BE32:t3, leader=s1, voted=s1, raftlog=s0@group-CDDA1A17BE32-SegmentedRaftLog:OPENED:c631,f633,i635, conf=0: [s0:0.0.0.0:41187, s1:0.0.0.0:39153, s2:0.0.0.0:42713], old=null RUNNING
  s1:  RUNNING    LEADER s1@group-CDDA1A17BE32:t3, leader=s1, voted=s1, raftlog=s1@group-CDDA1A17BE32-SegmentedRaftLog:OPENED:c634,f634,i635, conf=0: [s0:0.0.0.0:41187, s1:0.0.0.0:39153, s2:0.0.0.0:42713], old=null RUNNING
  s2:  RUNNING  FOLLOWER s2@group-CDDA1A17BE32:t3, leader=s1, voted=s2, raftlog=s2@group-CDDA1A17BE32-SegmentedRaftLog:OPENED:c633,f634,i635, conf=0: [s0:0.0.0.0:41187, s1:0.0.0.0:39153, s2:0.0.0.0:42713], old=null RUNNING
2019-09-24 17:33:48,566 INFO  ratis.MiniRaftCluster (MiniRaftCluster.java:lambda$null$5(297)) - TIMED-PRINT: printing ALL groups
  s0:  RUNNING  FOLLOWER s0@group-CDDA1A17BE32:t3, leader=s1, voted=s1, raftlog=s0@group-CDDA1A17BE32-SegmentedRaftLog:OPENED:c656,f658,i659, conf=0: [s0:0.0.0.0:41187, s1:0.0.0.0:39153, s2:0.0.0.0:42713], old=null RUNNING
  s1:  RUNNING    LEADER s1@group-CDDA1A17BE32:t3, leader=s1, voted=s1, raftlog=s1@group-CDDA1A17BE32-SegmentedRaftLog:OPENED:c659,f659,i661, conf=0: [s0:0.0.0.0:41187, s1:0.0.0.0:39153, s2:0.0.0.0:42713], old=null RUNNING
  s2:  RUNNING  FOLLOWER s2@group-CDDA1A17BE32:t3, leader=s1, voted=s2, raftlog=s2@group-CDDA1A17BE32-SegmentedRaftLog:OPENED:c658,f659,i660, conf=0: [s0:0.0.0.0:41187, s1:0.0.0.0:39153, s2:0.0.0.0:42713], old=null RUNNING
2019-09-24 17:33:58,566 INFO  ratis.MiniRaftCluster (MiniRaftCluster.java:lambda$null$5(297)) - TIMED-PRINT: printing ALL groups
  s0:  RUNNING  FOLLOWER s0@group-CDDA1A17BE32:t3, leader=s1, voted=s1, raftlog=s0@group-CDDA1A17BE32-SegmentedRaftLog:OPENED:c685,f686,i687, conf=0: [s0:0.0.0.0:41187, s1:0.0.0.0:39153, s2:0.0.0.0:42713], old=null RUNNING
  s1:  RUNNING    LEADER s1@group-CDDA1A17BE32:t3, leader=s1, voted=s1, raftlog=s1@group-CDDA1A17BE32-SegmentedRaftLog:OPENED:c686,f686,i687, conf=0: [s0:0.0.0.0:41187, s1:0.0.0.0:39153, s2:0.0.0.0:42713], old=null RUNNING
  s2:  RUNNING  FOLLOWER s2@group-CDDA1A17BE32:t3, leader=s1, voted=s2, raftlog=s2@group-CDDA1A17BE32-SegmentedRaftLog:OPENED:c684,f686,i687, conf=0: [s0:0.0.0.0:41187, s1:0.0.0.0:39153, s2:0.0.0.0:42713], old=null RUNNING
2019-09-24 17:34:00,674 INFO  logging.LoggingHandler (AbstractInternalLogger.java:log(150)) - [id: 0xa0a8e69c, L:/0.0.0.0:41187] READ: [id: 0x05cbd655, L:/192.168.5.142:41187 - R:/192.168.5.142:42762]
2019-09-24 17:34:00,675 INFO  logging.LoggingHandler (AbstractInternalLogger.java:log(150)) - [id: 0xa0a8e69c, L:/0.0.0.0:41187] READ COMPLETE
]]></system-out>
  </testcase>
</testsuite>