<?xml version="1.0" encoding="UTF-8"?>
<testsuite xmlns:xsi="http://www.w3.org/2001/XMLSchema-instance" xsi:noNamespaceSchemaLocation="https://maven.apache.org/surefire/maven-surefire-plugin/xsd/surefire-test-report.xsd" name="org.apache.hadoop.ozone.container.common.statemachine.commandhandler.TestBlockDeletion" time="86.385" tests="1" errors="0" skipped="0" failures="1">
  <properties>
    <property name="awt.toolkit" value="sun.awt.X11.XToolkit"/>
    <property name="file.encoding.pkg" value="sun.io"/>
    <property name="java.specification.version" value="1.8"/>
    <property name="sun.cpu.isalist" value=""/>
    <property name="sun.jnu.encoding" value="UTF-8"/>
    <property name="java.class.path" value="/workdir/hadoop-ozone/integration-test/target/test-classes:/workdir/hadoop-ozone/integration-test/target/classes:/home/user/.m2/repository/org/apache/hadoop/hadoop-ozone-common/0.5.0-SNAPSHOT/hadoop-ozone-common-0.5.0-SNAPSHOT.jar:/home/user/.m2/repository/org/apache/commons/commons-compress/1.4.1/commons-compress-1.4.1.jar:/home/user/.m2/repository/org/tukaani/xz/1.0/xz-1.0.jar:/home/user/.m2/repository/org/apache/hadoop/hadoop-common/3.2.0/hadoop-common-3.2.0.jar:/home/user/.m2/repository/org/apache/hadoop/hadoop-hdfs/3.2.0/hadoop-hdfs-3.2.0.jar:/home/user/.m2/repository/org/apache/hadoop/hadoop-hdfs-client/3.2.0/hadoop-hdfs-client-3.2.0.jar:/home/user/.m2/repository/com/fasterxml/jackson/core/jackson-annotations/2.9.5/jackson-annotations-2.9.5.jar:/home/user/.m2/repository/org/apache/hadoop/hadoop-hdds-common/0.5.0-SNAPSHOT/hadoop-hdds-common-0.5.0-SNAPSHOT.jar:/home/user/.m2/repository/javax/annotation/javax.annotation-api/1.2/javax.annotation-api-1.2.jar:/home/user/.m2/repository/org/apache/ratis/ratis-server/0.4.0-78e95b9-SNAPSHOT/ratis-server-0.4.0-78e95b9-SNAPSHOT.jar:/home/user/.m2/repository/org/apache/ratis/ratis-thirdparty-misc/0.2.0/ratis-thirdparty-misc-0.2.0.jar:/home/user/.m2/repository/org/apache/ratis/ratis-proto/0.4.0-78e95b9-SNAPSHOT/ratis-proto-0.4.0-78e95b9-SNAPSHOT.jar:/home/user/.m2/repository/org/apache/ratis/ratis-common/0.4.0-78e95b9-SNAPSHOT/ratis-common-0.4.0-78e95b9-SNAPSHOT.jar:/home/user/.m2/repository/org/apache/ratis/ratis-client/0.4.0-78e95b9-SNAPSHOT/ratis-client-0.4.0-78e95b9-SNAPSHOT.jar:/home/user/.m2/repository/org/apache/ratis/ratis-metrics/0.4.0-78e95b9-SNAPSHOT/ratis-metrics-0.4.0-78e95b9-SNAPSHOT.jar:/home/user/.m2/repository/com/github/joshelser/dropwizard-metrics-hadoop-metrics2-reporter/0.1.2/dropwizard-metrics-hadoop-metrics2-reporter-0.1.2.jar:/home/user/.m2/repository/io/dropwizard/metrics/metrics-jvm/3.2.5/metrics-jvm-3.2.5.jar:/home/user/.m2/repository/io/dropwizard/metrics/metrics-ganglia/3.2.5/metrics-ganglia-3.2.5.jar:/home/user/.m2/repository/info/ganglia/gmetric4j/gmetric4j/1.0.7/gmetric4j-1.0.7.jar:/home/user/.m2/repository/org/apache/ratis/ratis-netty/0.4.0-78e95b9-SNAPSHOT/ratis-netty-0.4.0-78e95b9-SNAPSHOT.jar:/home/user/.m2/repository/org/apache/ratis/ratis-grpc/0.4.0-78e95b9-SNAPSHOT/ratis-grpc-0.4.0-78e95b9-SNAPSHOT.jar:/home/user/.m2/repository/org/rocksdb/rocksdbjni/6.0.1/rocksdbjni-6.0.1.jar:/home/user/.m2/repository/org/apache/logging/log4j/log4j-api/2.11.0/log4j-api-2.11.0.jar:/home/user/.m2/repository/org/apache/logging/log4j/log4j-core/2.11.0/log4j-core-2.11.0.jar:/home/user/.m2/repository/com/lmax/disruptor/3.4.2/disruptor-3.4.2.jar:/home/user/.m2/repository/org/apache/commons/commons-pool2/2.6.0/commons-pool2-2.6.0.jar:/home/user/.m2/repository/org/bouncycastle/bcpkix-jdk15on/1.60/bcpkix-jdk15on-1.60.jar:/home/user/.m2/repository/commons-validator/commons-validator/1.6/commons-validator-1.6.jar:/home/user/.m2/repository/commons-digester/commons-digester/1.8.1/commons-digester-1.8.1.jar:/home/user/.m2/repository/io/jaegertracing/jaeger-client/0.33.1/jaeger-client-0.33.1.jar:/home/user/.m2/repository/io/jaegertracing/jaeger-thrift/0.33.1/jaeger-thrift-0.33.1.jar:/home/user/.m2/repository/org/apache/thrift/libthrift/0.11.0/libthrift-0.11.0.jar:/home/user/.m2/repository/com/squareup/okhttp3/okhttp/3.9.0/okhttp-3.9.0.jar:/home/user/.m2/repository/com/squareup/okio/okio/1.13.0/okio-1.13.0.jar:/home/user/.m2/repository/io/jaegertracing/jaeger-core/0.33.1/jaeger-core-0.33.1.jar:/home/user/.m2/repository/io/jaegertracing/jaeger-tracerresolver/0.33.1/jaeger-tracerresolver-0.33.1.jar:/home/user/.m2/repository/io/opentracing/contrib/opentracing-tracerresolver/0.1.5/opentracing-tracerresolver-0.1.5.jar:/home/user/.m2/repository/io/opentracing/opentracing-util/0.31.0/opentracing-util-0.31.0.jar:/home/user/.m2/repository/io/opentracing/opentracing-api/0.31.0/opentracing-api-0.31.0.jar:/home/user/.m2/repository/io/opentracing/opentracing-noop/0.31.0/opentracing-noop-0.31.0.jar:/home/user/.m2/repository/org/apache/hadoop/hadoop-hdds-server-framework/0.5.0-SNAPSHOT/hadoop-hdds-server-framework-0.5.0-SNAPSHOT.jar:/home/user/.m2/repository/org/apache/hadoop/hadoop-hdds-container-service/0.5.0-SNAPSHOT/hadoop-hdds-container-service-0.5.0-SNAPSHOT.jar:/home/user/.m2/repository/org/apache/hadoop/hadoop-hdds-client/0.5.0-SNAPSHOT/hadoop-hdds-client-0.5.0-SNAPSHOT.jar:/home/user/.m2/repository/org/apache/hadoop/hadoop-hdds-tools/0.5.0-SNAPSHOT/hadoop-hdds-tools-0.5.0-SNAPSHOT.jar:/home/user/.m2/repository/org/apache/hadoop/hadoop-hdds-server-scm/0.5.0-SNAPSHOT/hadoop-hdds-server-scm-0.5.0-SNAPSHOT.jar:/home/user/.m2/repository/org/apache/hadoop/hadoop-hdds-docs/0.5.0-SNAPSHOT/hadoop-hdds-docs-0.5.0-SNAPSHOT.jar:/home/user/.m2/repository/io/dropwizard/metrics/metrics-core/3.2.4/metrics-core-3.2.4.jar:/home/user/.m2/repository/org/hamcrest/hamcrest-all/1.3/hamcrest-all-1.3.jar:/home/user/.m2/repository/org/bouncycastle/bcprov-jdk15on/1.60/bcprov-jdk15on-1.60.jar:/home/user/.m2/repository/info/picocli/picocli/3.9.6/picocli-3.9.6.jar:/home/user/.m2/repository/com/google/protobuf/protobuf-java/2.5.0/protobuf-java-2.5.0.jar:/home/user/.m2/repository/com/google/guava/guava/11.0.2/guava-11.0.2.jar:/home/user/.m2/repository/org/apache/hadoop/hadoop-ozone-ozone-manager/0.5.0-SNAPSHOT/hadoop-ozone-ozone-manager-0.5.0-SNAPSHOT.jar:/home/user/.m2/repository/org/apache/hadoop/hadoop-minikdc/3.2.0/hadoop-minikdc-3.2.0.jar:/home/user/.m2/repository/commons-io/commons-io/2.5/commons-io-2.5.jar:/home/user/.m2/repository/org/apache/kerby/kerb-simplekdc/1.0.1/kerb-simplekdc-1.0.1.jar:/home/user/.m2/repository/org/apache/kerby/kerb-client/1.0.1/kerb-client-1.0.1.jar:/home/user/.m2/repository/org/apache/kerby/kerby-config/1.0.1/kerby-config-1.0.1.jar:/home/user/.m2/repository/org/apache/kerby/kerb-core/1.0.1/kerb-core-1.0.1.jar:/home/user/.m2/repository/org/apache/kerby/kerby-pkix/1.0.1/kerby-pkix-1.0.1.jar:/home/user/.m2/repository/org/apache/kerby/kerby-asn1/1.0.1/kerby-asn1-1.0.1.jar:/home/user/.m2/repository/org/apache/kerby/kerby-util/1.0.1/kerby-util-1.0.1.jar:/home/user/.m2/repository/org/apache/kerby/kerb-common/1.0.1/kerb-common-1.0.1.jar:/home/user/.m2/repository/org/apache/kerby/kerb-crypto/1.0.1/kerb-crypto-1.0.1.jar:/home/user/.m2/repository/org/apache/kerby/kerb-util/1.0.1/kerb-util-1.0.1.jar:/home/user/.m2/repository/org/apache/kerby/token-provider/1.0.1/token-provider-1.0.1.jar:/home/user/.m2/repository/org/apache/kerby/kerb-admin/1.0.1/kerb-admin-1.0.1.jar:/home/user/.m2/repository/org/apache/kerby/kerb-server/1.0.1/kerb-server-1.0.1.jar:/home/user/.m2/repository/org/apache/kerby/kerb-identity/1.0.1/kerb-identity-1.0.1.jar:/home/user/.m2/repository/org/apache/kerby/kerby-xdr/1.0.1/kerby-xdr-1.0.1.jar:/home/user/.m2/repository/org/slf4j/slf4j-log4j12/1.7.25/slf4j-log4j12-1.7.25.jar:/home/user/.m2/repository/org/apache/hadoop/hadoop-ozone-s3gateway/0.5.0-SNAPSHOT/hadoop-ozone-s3gateway-0.5.0-SNAPSHOT.jar:/home/user/.m2/repository/org/jboss/weld/servlet/weld-servlet/2.4.7.Final/weld-servlet-2.4.7.Final.jar:/home/user/.m2/repository/org/glassfish/jersey/containers/jersey-container-servlet-core/2.27/jersey-container-servlet-core-2.27.jar:/home/user/.m2/repository/org/glassfish/hk2/external/javax.inject/2.5.0-b42/javax.inject-2.5.0-b42.jar:/home/user/.m2/repository/org/glassfish/jersey/core/jersey-common/2.27/jersey-common-2.27.jar:/home/user/.m2/repository/org/glassfish/hk2/osgi-resource-locator/1.0.1/osgi-resource-locator-1.0.1.jar:/home/user/.m2/repository/javax/ws/rs/javax.ws.rs-api/2.1/javax.ws.rs-api-2.1.jar:/home/user/.m2/repository/org/glassfish/jersey/ext/cdi/jersey-cdi1x/2.27/jersey-cdi1x-2.27.jar:/home/user/.m2/repository/org/glassfish/jersey/inject/jersey-hk2/2.27/jersey-hk2-2.27.jar:/home/user/.m2/repository/org/glassfish/hk2/hk2-locator/2.5.0-b42/hk2-locator-2.5.0-b42.jar:/home/user/.m2/repository/org/javassist/javassist/3.22.0-CR2/javassist-3.22.0-CR2.jar:/home/user/.m2/repository/org/glassfish/hk2/hk2-api/2.5.0/hk2-api-2.5.0.jar:/home/user/.m2/repository/org/glassfish/hk2/external/jakarta.inject/2.5.0/jakarta.inject-2.5.0.jar:/home/user/.m2/repository/org/glassfish/hk2/hk2-utils/2.5.0/hk2-utils-2.5.0.jar:/home/user/.m2/repository/jakarta/annotation/jakarta.annotation-api/1.3.4/jakarta.annotation-api-1.3.4.jar:/home/user/.m2/repository/org/glassfish/hk2/external/aopalliance-repackaged/2.5.0/aopalliance-repackaged-2.5.0.jar:/home/user/.m2/repository/com/fasterxml/jackson/dataformat/jackson-dataformat-xml/2.9.0/jackson-dataformat-xml-2.9.0.jar:/home/user/.m2/repository/com/fasterxml/jackson/core/jackson-core/2.9.5/jackson-core-2.9.5.jar:/home/user/.m2/repository/com/fasterxml/jackson/module/jackson-module-jaxb-annotations/2.9.5/jackson-module-jaxb-annotations-2.9.5.jar:/home/user/.m2/repository/javax/enterprise/cdi-api/1.2/cdi-api-1.2.jar:/home/user/.m2/repository/javax/el/javax.el-api/3.0.0/javax.el-api-3.0.0.jar:/home/user/.m2/repository/javax/interceptor/javax.interceptor-api/1.2/javax.interceptor-api-1.2.jar:/home/user/.m2/repository/javax/inject/javax.inject/1/javax.inject-1.jar:/home/user/.m2/repository/com/sun/xml/bind/jaxb-impl/2.3.0.1/jaxb-impl-2.3.0.1.jar:/home/user/.m2/repository/com/sun/xml/bind/jaxb-core/2.3.0.1/jaxb-core-2.3.0.1.jar:/home/user/.m2/repository/javax/xml/bind/jaxb-api/2.3.0/jaxb-api-2.3.0.jar:/home/user/.m2/repository/javax/activation/activation/1.1.1/activation-1.1.1.jar:/home/user/.m2/repository/org/apache/hadoop/hadoop-ozone-csi/0.5.0-SNAPSHOT/hadoop-ozone-csi-0.5.0-SNAPSHOT.jar:/home/user/.m2/repository/com/google/protobuf/protobuf-java-util/3.5.1/protobuf-java-util-3.5.1.jar:/home/user/.m2/repository/org/apache/hadoop/hadoop-hdds-config/0.5.0-SNAPSHOT/hadoop-hdds-config-0.5.0-SNAPSHOT.jar:/home/user/.m2/repository/io/grpc/grpc-netty/1.17.1/grpc-netty-1.17.1.jar:/home/user/.m2/repository/io/grpc/grpc-core/1.17.1/grpc-core-1.17.1.jar:/home/user/.m2/repository/io/grpc/grpc-context/1.17.1/grpc-context-1.17.1.jar:/home/user/.m2/repository/com/google/errorprone/error_prone_annotations/2.2.0/error_prone_annotations-2.2.0.jar:/home/user/.m2/repository/org/codehaus/mojo/animal-sniffer-annotations/1.17/animal-sniffer-annotations-1.17.jar:/home/user/.m2/repository/io/opencensus/opencensus-api/0.17.0/opencensus-api-0.17.0.jar:/home/user/.m2/repository/io/opencensus/opencensus-contrib-grpc-metrics/0.17.0/opencensus-contrib-grpc-metrics-0.17.0.jar:/home/user/.m2/repository/io/netty/netty-codec-http2/4.1.30.Final/netty-codec-http2-4.1.30.Final.jar:/home/user/.m2/repository/io/netty/netty-codec-http/4.1.30.Final/netty-codec-http-4.1.30.Final.jar:/home/user/.m2/repository/io/netty/netty-codec/4.1.30.Final/netty-codec-4.1.30.Final.jar:/home/user/.m2/repository/io/netty/netty-handler/4.1.30.Final/netty-handler-4.1.30.Final.jar:/home/user/.m2/repository/io/netty/netty-handler-proxy/4.1.30.Final/netty-handler-proxy-4.1.30.Final.jar:/home/user/.m2/repository/io/netty/netty-codec-socks/4.1.30.Final/netty-codec-socks-4.1.30.Final.jar:/home/user/.m2/repository/io/netty/netty-transport-native-epoll/4.1.30.Final/netty-transport-native-epoll-4.1.30.Final.jar:/home/user/.m2/repository/io/netty/netty-common/4.1.30.Final/netty-common-4.1.30.Final.jar:/home/user/.m2/repository/io/netty/netty-buffer/4.1.30.Final/netty-buffer-4.1.30.Final.jar:/home/user/.m2/repository/io/netty/netty-transport/4.1.30.Final/netty-transport-4.1.30.Final.jar:/home/user/.m2/repository/io/netty/netty-resolver/4.1.30.Final/netty-resolver-4.1.30.Final.jar:/home/user/.m2/repository/io/netty/netty-transport-native-unix-common/4.1.30.Final/netty-transport-native-unix-common-4.1.30.Final.jar:/home/user/.m2/repository/io/grpc/grpc-protobuf/1.17.1/grpc-protobuf-1.17.1.jar:/home/user/.m2/repository/com/google/api/grpc/proto-google-common-protos/1.0.0/proto-google-common-protos-1.0.0.jar:/home/user/.m2/repository/io/grpc/grpc-protobuf-lite/1.17.1/grpc-protobuf-lite-1.17.1.jar:/home/user/.m2/repository/io/grpc/grpc-stub/1.17.1/grpc-stub-1.17.1.jar:/home/user/.m2/repository/org/apache/hadoop/hadoop-ozone-recon/0.5.0-SNAPSHOT/hadoop-ozone-recon-0.5.0-SNAPSHOT.jar:/home/user/.m2/repository/org/apache/hadoop/hadoop-ozone-reconcodegen/0.5.0-SNAPSHOT/hadoop-ozone-reconcodegen-0.5.0-SNAPSHOT.jar:/home/user/.m2/repository/com/google/inject/extensions/guice-multibindings/4.0/guice-multibindings-4.0.jar:/home/user/.m2/repository/com/google/inject/guice/4.0/guice-4.0.jar:/home/user/.m2/repository/aopalliance/aopalliance/1.0/aopalliance-1.0.jar:/home/user/.m2/repository/com/google/inject/extensions/guice-servlet/4.0/guice-servlet-4.0.jar:/home/user/.m2/repository/org/glassfish/jersey/containers/jersey-container-servlet/2.27/jersey-container-servlet-2.27.jar:/home/user/.m2/repository/org/glassfish/hk2/guice-bridge/2.5.0/guice-bridge-2.5.0.jar:/home/user/.m2/repository/org/glassfish/jersey/core/jersey-server/2.27/jersey-server-2.27.jar:/home/user/.m2/repository/org/glassfish/jersey/core/jersey-client/2.27/jersey-client-2.27.jar:/home/user/.m2/repository/org/glassfish/jersey/media/jersey-media-jaxb/2.27/jersey-media-jaxb-2.27.jar:/home/user/.m2/repository/javax/validation/validation-api/1.1.0.Final/validation-api-1.1.0.Final.jar:/home/user/.m2/repository/org/glassfish/jersey/media/jersey-media-json-jackson/2.27/jersey-media-json-jackson-2.27.jar:/home/user/.m2/repository/org/glassfish/jersey/ext/jersey-entity-filtering/2.27/jersey-entity-filtering-2.27.jar:/home/user/.m2/repository/com/google/inject/extensions/guice-assistedinject/4.0/guice-assistedinject-4.0.jar:/home/user/.m2/repository/org/jooq/jooq/3.11.10/jooq-3.11.10.jar:/home/user/.m2/repository/org/jooq/jooq-meta/3.11.10/jooq-meta-3.11.10.jar:/home/user/.m2/repository/org/jooq/jooq-codegen/3.11.10/jooq-codegen-3.11.10.jar:/home/user/.m2/repository/com/jolbox/bonecp/0.8.0.RELEASE/bonecp-0.8.0.RELEASE.jar:/home/user/.m2/repository/org/xerial/sqlite-jdbc/3.25.2/sqlite-jdbc-3.25.2.jar:/home/user/.m2/repository/org/springframework/spring-jdbc/5.1.3.RELEASE/spring-jdbc-5.1.3.RELEASE.jar:/home/user/.m2/repository/org/springframework/spring-beans/5.1.3.RELEASE/spring-beans-5.1.3.RELEASE.jar:/home/user/.m2/repository/org/springframework/spring-core/5.1.3.RELEASE/spring-core-5.1.3.RELEASE.jar:/home/user/.m2/repository/org/springframework/spring-jcl/5.1.3.RELEASE/spring-jcl-5.1.3.RELEASE.jar:/home/user/.m2/repository/org/springframework/spring-tx/5.1.3.RELEASE/spring-tx-5.1.3.RELEASE.jar:/home/user/.m2/repository/org/apache/hadoop/hadoop-ozone-client/0.5.0-SNAPSHOT/hadoop-ozone-client-0.5.0-SNAPSHOT.jar:/home/user/.m2/repository/commons-lang/commons-lang/2.6/commons-lang-2.6.jar:/home/user/.m2/repository/org/apache/hadoop/hadoop-ozone-ozone-manager/0.5.0-SNAPSHOT/hadoop-ozone-ozone-manager-0.5.0-SNAPSHOT-tests.jar:/home/user/.m2/repository/junit/junit/4.11/junit-4.11.jar:/home/user/.m2/repository/org/hamcrest/hamcrest-core/1.3/hamcrest-core-1.3.jar:/home/user/.m2/repository/org/openjdk/jmh/jmh-core/1.19/jmh-core-1.19.jar:/home/user/.m2/repository/net/sf/jopt-simple/jopt-simple/4.6/jopt-simple-4.6.jar:/home/user/.m2/repository/org/apache/commons/commons-math3/3.1.1/commons-math3-3.1.1.jar:/home/user/.m2/repository/org/openjdk/jmh/jmh-generator-annprocess/1.19/jmh-generator-annprocess-1.19.jar:/home/user/.m2/repository/org/mockito/mockito-all/1.8.5/mockito-all-1.8.5.jar:/home/user/.m2/repository/org/apache/hadoop/hadoop-kms/3.2.0/hadoop-kms-3.2.0.jar:/home/user/.m2/repository/org/apache/hadoop/hadoop-auth/3.2.0/hadoop-auth-3.2.0.jar:/home/user/.m2/repository/com/nimbusds/nimbus-jose-jwt/4.41.1/nimbus-jose-jwt-4.41.1.jar:/home/user/.m2/repository/com/github/stephenc/jcip/jcip-annotations/1.0-1/jcip-annotations-1.0-1.jar:/home/user/.m2/repository/net/minidev/json-smart/2.3/json-smart-2.3.jar:/home/user/.m2/repository/net/minidev/accessors-smart/1.2/accessors-smart-1.2.jar:/home/user/.m2/repository/org/ow2/asm/asm/5.0.4/asm-5.0.4.jar:/home/user/.m2/repository/org/apache/curator/curator-framework/2.12.0/curator-framework-2.12.0.jar:/home/user/.m2/repository/com/sun/jersey/jersey-core/1.19/jersey-core-1.19.jar:/home/user/.m2/repository/javax/ws/rs/jsr311-api/1.1.1/jsr311-api-1.1.1.jar:/home/user/.m2/repository/com/sun/jersey/jersey-server/1.19/jersey-server-1.19.jar:/home/user/.m2/repository/javax/servlet/javax.servlet-api/3.1.0/javax.servlet-api-3.1.0.jar:/home/user/.m2/repository/org/eclipse/jetty/jetty-server/9.3.24.v20180605/jetty-server-9.3.24.v20180605.jar:/home/user/.m2/repository/org/eclipse/jetty/jetty-http/9.3.24.v20180605/jetty-http-9.3.24.v20180605.jar:/home/user/.m2/repository/org/eclipse/jetty/jetty-io/9.3.24.v20180605/jetty-io-9.3.24.v20180605.jar:/home/user/.m2/repository/org/eclipse/jetty/jetty-webapp/9.3.24.v20180605/jetty-webapp-9.3.24.v20180605.jar:/home/user/.m2/repository/org/eclipse/jetty/jetty-xml/9.3.24.v20180605/jetty-xml-9.3.24.v20180605.jar:/home/user/.m2/repository/log4j/log4j/1.2.17/log4j-1.2.17.jar:/home/user/.m2/repository/org/slf4j/slf4j-api/1.7.25/slf4j-api-1.7.25.jar:/home/user/.m2/repository/org/slf4j/jul-to-slf4j/1.7.25/jul-to-slf4j-1.7.25.jar:/home/user/.m2/repository/org/eclipse/jetty/jetty-util/9.3.24.v20180605/jetty-util-9.3.24.v20180605.jar:/home/user/.m2/repository/com/fasterxml/jackson/core/jackson-databind/2.9.5/jackson-databind-2.9.5.jar:/home/user/.m2/repository/org/apache/hadoop/hadoop-kms/3.2.0/hadoop-kms-3.2.0-tests.jar:/home/user/.m2/repository/org/apache/hadoop/hadoop-hdds-server-scm/0.5.0-SNAPSHOT/hadoop-hdds-server-scm-0.5.0-SNAPSHOT-tests.jar:/home/user/.m2/repository/org/apache/hadoop/hadoop-hdds-container-service/0.5.0-SNAPSHOT/hadoop-hdds-container-service-0.5.0-SNAPSHOT-tests.jar:/home/user/.m2/repository/org/yaml/snakeyaml/1.16/snakeyaml-1.16.jar:/home/user/.m2/repository/org/apache/hadoop/hadoop-common/3.2.0/hadoop-common-3.2.0-tests.jar:/home/user/.m2/repository/org/apache/hadoop/hadoop-annotations/3.2.0/hadoop-annotations-3.2.0.jar:/usr/lib/jvm/java-1.8-openjdk/jre/../lib/tools.jar:/home/user/.m2/repository/commons-cli/commons-cli/1.2/commons-cli-1.2.jar:/home/user/.m2/repository/org/apache/httpcomponents/httpclient/4.5.2/httpclient-4.5.2.jar:/home/user/.m2/repository/org/apache/httpcomponents/httpcore/4.4.4/httpcore-4.4.4.jar:/home/user/.m2/repository/commons-codec/commons-codec/1.11/commons-codec-1.11.jar:/home/user/.m2/repository/commons-net/commons-net/3.6/commons-net-3.6.jar:/home/user/.m2/repository/commons-collections/commons-collections/3.2.2/commons-collections-3.2.2.jar:/home/user/.m2/repository/org/eclipse/jetty/jetty-servlet/9.3.24.v20180605/jetty-servlet-9.3.24.v20180605.jar:/home/user/.m2/repository/org/eclipse/jetty/jetty-security/9.3.24.v20180605/jetty-security-9.3.24.v20180605.jar:/home/user/.m2/repository/javax/servlet/jsp/jsp-api/2.1/jsp-api-2.1.jar:/home/user/.m2/repository/com/sun/jersey/jersey-servlet/1.19/jersey-servlet-1.19.jar:/home/user/.m2/repository/com/sun/jersey/jersey-json/1.19/jersey-json-1.19.jar:/home/user/.m2/repository/org/codehaus/jettison/jettison/1.1/jettison-1.1.jar:/home/user/.m2/repository/org/codehaus/jackson/jackson-core-asl/1.9.13/jackson-core-asl-1.9.13.jar:/home/user/.m2/repository/org/codehaus/jackson/jackson-mapper-asl/1.9.13/jackson-mapper-asl-1.9.13.jar:/home/user/.m2/repository/org/codehaus/jackson/jackson-jaxrs/1.9.13/jackson-jaxrs-1.9.13.jar:/home/user/.m2/repository/org/codehaus/jackson/jackson-xc/1.9.13/jackson-xc-1.9.13.jar:/home/user/.m2/repository/commons-logging/commons-logging/1.1.3/commons-logging-1.1.3.jar:/home/user/.m2/repository/commons-beanutils/commons-beanutils/1.9.3/commons-beanutils-1.9.3.jar:/home/user/.m2/repository/org/apache/commons/commons-configuration2/2.1.1/commons-configuration2-2.1.1.jar:/home/user/.m2/repository/org/apache/commons/commons-lang3/3.7/commons-lang3-3.7.jar:/home/user/.m2/repository/org/apache/commons/commons-text/1.4/commons-text-1.4.jar:/home/user/.m2/repository/org/apache/avro/avro/1.7.7/avro-1.7.7.jar:/home/user/.m2/repository/com/thoughtworks/paranamer/paranamer/2.3/paranamer-2.3.jar:/home/user/.m2/repository/org/xerial/snappy/snappy-java/1.0.5/snappy-java-1.0.5.jar:/home/user/.m2/repository/com/google/re2j/re2j/1.1/re2j-1.1.jar:/home/user/.m2/repository/com/google/code/gson/gson/2.2.4/gson-2.2.4.jar:/home/user/.m2/repository/com/jcraft/jsch/0.1.54/jsch-0.1.54.jar:/home/user/.m2/repository/org/apache/curator/curator-client/2.12.0/curator-client-2.12.0.jar:/home/user/.m2/repository/org/apache/curator/curator-recipes/2.12.0/curator-recipes-2.12.0.jar:/home/user/.m2/repository/com/google/code/findbugs/jsr305/3.0.0/jsr305-3.0.0.jar:/home/user/.m2/repository/org/apache/htrace/htrace-core4/4.1.0-incubating/htrace-core4-4.1.0-incubating.jar:/home/user/.m2/repository/org/apache/zookeeper/zookeeper/3.4.13/zookeeper-3.4.13.jar:/home/user/.m2/repository/org/apache/yetus/audience-annotations/0.5.0/audience-annotations-0.5.0.jar:/home/user/.m2/repository/org/codehaus/woodstox/stax2-api/3.1.4/stax2-api-3.1.4.jar:/home/user/.m2/repository/com/fasterxml/woodstox/woodstox-core/5.0.3/woodstox-core-5.0.3.jar:/home/user/.m2/repository/dnsjava/dnsjava/2.1.7/dnsjava-2.1.7.jar:/home/user/.m2/repository/org/apache/hadoop/hadoop-hdfs/3.2.0/hadoop-hdfs-3.2.0-tests.jar:/home/user/.m2/repository/org/eclipse/jetty/jetty-util-ajax/9.3.24.v20180605/jetty-util-ajax-9.3.24.v20180605.jar:/home/user/.m2/repository/commons-daemon/commons-daemon/1.0.13/commons-daemon-1.0.13.jar:/home/user/.m2/repository/io/netty/netty/3.10.5.Final/netty-3.10.5.Final.jar:/home/user/.m2/repository/io/netty/netty-all/4.0.52.Final/netty-all-4.0.52.Final.jar:/home/user/.m2/repository/org/fusesource/leveldbjni/leveldbjni-all/1.8/leveldbjni-all-1.8.jar:"/>
    <property name="java.vm.vendor" value="IcedTea"/>
    <property name="sun.arch.data.model" value="64"/>
    <property name="test.build.dir" value="/workdir/hadoop-ozone/integration-test/target/test-dir"/>
    <property name="test.cache.data" value=""/>
    <property name="java.vendor.url" value="https://icedtea.classpath.org"/>
    <property name="user.timezone" value=""/>
    <property name="java.vm.specification.version" value="1.8"/>
    <property name="os.name" value="Linux"/>
    <property name="test.build.data" value="/workdir/hadoop-ozone/integration-test/target/test-dir"/>
    <property name="user.country" value="US"/>
    <property name="sun.java.launcher" value="SUN_STANDARD"/>
    <property name="sun.boot.library.path" value="/usr/lib/jvm/java-1.8-openjdk/jre/lib/amd64"/>
    <property name="sun.java.command" value="/workdir/hadoop-ozone/integration-test/target/surefire/surefirebooter7852820387473217566.jar /workdir/hadoop-ozone/integration-test/target/surefire 2019-09-12T09-24-07_549-jvmRun1 surefire2859500068207219924tmp surefire_39178004176855446071tmp"/>
    <property name="test" value="!TestMiniChaosOzoneCluster"/>
    <property name="surefire.test.class.path" value="/workdir/hadoop-ozone/integration-test/target/test-classes:/workdir/hadoop-ozone/integration-test/target/classes:/home/user/.m2/repository/org/apache/hadoop/hadoop-ozone-common/0.5.0-SNAPSHOT/hadoop-ozone-common-0.5.0-SNAPSHOT.jar:/home/user/.m2/repository/org/apache/commons/commons-compress/1.4.1/commons-compress-1.4.1.jar:/home/user/.m2/repository/org/tukaani/xz/1.0/xz-1.0.jar:/home/user/.m2/repository/org/apache/hadoop/hadoop-common/3.2.0/hadoop-common-3.2.0.jar:/home/user/.m2/repository/org/apache/hadoop/hadoop-hdfs/3.2.0/hadoop-hdfs-3.2.0.jar:/home/user/.m2/repository/org/apache/hadoop/hadoop-hdfs-client/3.2.0/hadoop-hdfs-client-3.2.0.jar:/home/user/.m2/repository/com/fasterxml/jackson/core/jackson-annotations/2.9.5/jackson-annotations-2.9.5.jar:/home/user/.m2/repository/org/apache/hadoop/hadoop-hdds-common/0.5.0-SNAPSHOT/hadoop-hdds-common-0.5.0-SNAPSHOT.jar:/home/user/.m2/repository/javax/annotation/javax.annotation-api/1.2/javax.annotation-api-1.2.jar:/home/user/.m2/repository/org/apache/ratis/ratis-server/0.4.0-78e95b9-SNAPSHOT/ratis-server-0.4.0-78e95b9-SNAPSHOT.jar:/home/user/.m2/repository/org/apache/ratis/ratis-thirdparty-misc/0.2.0/ratis-thirdparty-misc-0.2.0.jar:/home/user/.m2/repository/org/apache/ratis/ratis-proto/0.4.0-78e95b9-SNAPSHOT/ratis-proto-0.4.0-78e95b9-SNAPSHOT.jar:/home/user/.m2/repository/org/apache/ratis/ratis-common/0.4.0-78e95b9-SNAPSHOT/ratis-common-0.4.0-78e95b9-SNAPSHOT.jar:/home/user/.m2/repository/org/apache/ratis/ratis-client/0.4.0-78e95b9-SNAPSHOT/ratis-client-0.4.0-78e95b9-SNAPSHOT.jar:/home/user/.m2/repository/org/apache/ratis/ratis-metrics/0.4.0-78e95b9-SNAPSHOT/ratis-metrics-0.4.0-78e95b9-SNAPSHOT.jar:/home/user/.m2/repository/com/github/joshelser/dropwizard-metrics-hadoop-metrics2-reporter/0.1.2/dropwizard-metrics-hadoop-metrics2-reporter-0.1.2.jar:/home/user/.m2/repository/io/dropwizard/metrics/metrics-jvm/3.2.5/metrics-jvm-3.2.5.jar:/home/user/.m2/repository/io/dropwizard/metrics/metrics-ganglia/3.2.5/metrics-ganglia-3.2.5.jar:/home/user/.m2/repository/info/ganglia/gmetric4j/gmetric4j/1.0.7/gmetric4j-1.0.7.jar:/home/user/.m2/repository/org/apache/ratis/ratis-netty/0.4.0-78e95b9-SNAPSHOT/ratis-netty-0.4.0-78e95b9-SNAPSHOT.jar:/home/user/.m2/repository/org/apache/ratis/ratis-grpc/0.4.0-78e95b9-SNAPSHOT/ratis-grpc-0.4.0-78e95b9-SNAPSHOT.jar:/home/user/.m2/repository/org/rocksdb/rocksdbjni/6.0.1/rocksdbjni-6.0.1.jar:/home/user/.m2/repository/org/apache/logging/log4j/log4j-api/2.11.0/log4j-api-2.11.0.jar:/home/user/.m2/repository/org/apache/logging/log4j/log4j-core/2.11.0/log4j-core-2.11.0.jar:/home/user/.m2/repository/com/lmax/disruptor/3.4.2/disruptor-3.4.2.jar:/home/user/.m2/repository/org/apache/commons/commons-pool2/2.6.0/commons-pool2-2.6.0.jar:/home/user/.m2/repository/org/bouncycastle/bcpkix-jdk15on/1.60/bcpkix-jdk15on-1.60.jar:/home/user/.m2/repository/commons-validator/commons-validator/1.6/commons-validator-1.6.jar:/home/user/.m2/repository/commons-digester/commons-digester/1.8.1/commons-digester-1.8.1.jar:/home/user/.m2/repository/io/jaegertracing/jaeger-client/0.33.1/jaeger-client-0.33.1.jar:/home/user/.m2/repository/io/jaegertracing/jaeger-thrift/0.33.1/jaeger-thrift-0.33.1.jar:/home/user/.m2/repository/org/apache/thrift/libthrift/0.11.0/libthrift-0.11.0.jar:/home/user/.m2/repository/com/squareup/okhttp3/okhttp/3.9.0/okhttp-3.9.0.jar:/home/user/.m2/repository/com/squareup/okio/okio/1.13.0/okio-1.13.0.jar:/home/user/.m2/repository/io/jaegertracing/jaeger-core/0.33.1/jaeger-core-0.33.1.jar:/home/user/.m2/repository/io/jaegertracing/jaeger-tracerresolver/0.33.1/jaeger-tracerresolver-0.33.1.jar:/home/user/.m2/repository/io/opentracing/contrib/opentracing-tracerresolver/0.1.5/opentracing-tracerresolver-0.1.5.jar:/home/user/.m2/repository/io/opentracing/opentracing-util/0.31.0/opentracing-util-0.31.0.jar:/home/user/.m2/repository/io/opentracing/opentracing-api/0.31.0/opentracing-api-0.31.0.jar:/home/user/.m2/repository/io/opentracing/opentracing-noop/0.31.0/opentracing-noop-0.31.0.jar:/home/user/.m2/repository/org/apache/hadoop/hadoop-hdds-server-framework/0.5.0-SNAPSHOT/hadoop-hdds-server-framework-0.5.0-SNAPSHOT.jar:/home/user/.m2/repository/org/apache/hadoop/hadoop-hdds-container-service/0.5.0-SNAPSHOT/hadoop-hdds-container-service-0.5.0-SNAPSHOT.jar:/home/user/.m2/repository/org/apache/hadoop/hadoop-hdds-client/0.5.0-SNAPSHOT/hadoop-hdds-client-0.5.0-SNAPSHOT.jar:/home/user/.m2/repository/org/apache/hadoop/hadoop-hdds-tools/0.5.0-SNAPSHOT/hadoop-hdds-tools-0.5.0-SNAPSHOT.jar:/home/user/.m2/repository/org/apache/hadoop/hadoop-hdds-server-scm/0.5.0-SNAPSHOT/hadoop-hdds-server-scm-0.5.0-SNAPSHOT.jar:/home/user/.m2/repository/org/apache/hadoop/hadoop-hdds-docs/0.5.0-SNAPSHOT/hadoop-hdds-docs-0.5.0-SNAPSHOT.jar:/home/user/.m2/repository/io/dropwizard/metrics/metrics-core/3.2.4/metrics-core-3.2.4.jar:/home/user/.m2/repository/org/hamcrest/hamcrest-all/1.3/hamcrest-all-1.3.jar:/home/user/.m2/repository/org/bouncycastle/bcprov-jdk15on/1.60/bcprov-jdk15on-1.60.jar:/home/user/.m2/repository/info/picocli/picocli/3.9.6/picocli-3.9.6.jar:/home/user/.m2/repository/com/google/protobuf/protobuf-java/2.5.0/protobuf-java-2.5.0.jar:/home/user/.m2/repository/com/google/guava/guava/11.0.2/guava-11.0.2.jar:/home/user/.m2/repository/org/apache/hadoop/hadoop-ozone-ozone-manager/0.5.0-SNAPSHOT/hadoop-ozone-ozone-manager-0.5.0-SNAPSHOT.jar:/home/user/.m2/repository/org/apache/hadoop/hadoop-minikdc/3.2.0/hadoop-minikdc-3.2.0.jar:/home/user/.m2/repository/commons-io/commons-io/2.5/commons-io-2.5.jar:/home/user/.m2/repository/org/apache/kerby/kerb-simplekdc/1.0.1/kerb-simplekdc-1.0.1.jar:/home/user/.m2/repository/org/apache/kerby/kerb-client/1.0.1/kerb-client-1.0.1.jar:/home/user/.m2/repository/org/apache/kerby/kerby-config/1.0.1/kerby-config-1.0.1.jar:/home/user/.m2/repository/org/apache/kerby/kerb-core/1.0.1/kerb-core-1.0.1.jar:/home/user/.m2/repository/org/apache/kerby/kerby-pkix/1.0.1/kerby-pkix-1.0.1.jar:/home/user/.m2/repository/org/apache/kerby/kerby-asn1/1.0.1/kerby-asn1-1.0.1.jar:/home/user/.m2/repository/org/apache/kerby/kerby-util/1.0.1/kerby-util-1.0.1.jar:/home/user/.m2/repository/org/apache/kerby/kerb-common/1.0.1/kerb-common-1.0.1.jar:/home/user/.m2/repository/org/apache/kerby/kerb-crypto/1.0.1/kerb-crypto-1.0.1.jar:/home/user/.m2/repository/org/apache/kerby/kerb-util/1.0.1/kerb-util-1.0.1.jar:/home/user/.m2/repository/org/apache/kerby/token-provider/1.0.1/token-provider-1.0.1.jar:/home/user/.m2/repository/org/apache/kerby/kerb-admin/1.0.1/kerb-admin-1.0.1.jar:/home/user/.m2/repository/org/apache/kerby/kerb-server/1.0.1/kerb-server-1.0.1.jar:/home/user/.m2/repository/org/apache/kerby/kerb-identity/1.0.1/kerb-identity-1.0.1.jar:/home/user/.m2/repository/org/apache/kerby/kerby-xdr/1.0.1/kerby-xdr-1.0.1.jar:/home/user/.m2/repository/org/slf4j/slf4j-log4j12/1.7.25/slf4j-log4j12-1.7.25.jar:/home/user/.m2/repository/org/apache/hadoop/hadoop-ozone-s3gateway/0.5.0-SNAPSHOT/hadoop-ozone-s3gateway-0.5.0-SNAPSHOT.jar:/home/user/.m2/repository/org/jboss/weld/servlet/weld-servlet/2.4.7.Final/weld-servlet-2.4.7.Final.jar:/home/user/.m2/repository/org/glassfish/jersey/containers/jersey-container-servlet-core/2.27/jersey-container-servlet-core-2.27.jar:/home/user/.m2/repository/org/glassfish/hk2/external/javax.inject/2.5.0-b42/javax.inject-2.5.0-b42.jar:/home/user/.m2/repository/org/glassfish/jersey/core/jersey-common/2.27/jersey-common-2.27.jar:/home/user/.m2/repository/org/glassfish/hk2/osgi-resource-locator/1.0.1/osgi-resource-locator-1.0.1.jar:/home/user/.m2/repository/javax/ws/rs/javax.ws.rs-api/2.1/javax.ws.rs-api-2.1.jar:/home/user/.m2/repository/org/glassfish/jersey/ext/cdi/jersey-cdi1x/2.27/jersey-cdi1x-2.27.jar:/home/user/.m2/repository/org/glassfish/jersey/inject/jersey-hk2/2.27/jersey-hk2-2.27.jar:/home/user/.m2/repository/org/glassfish/hk2/hk2-locator/2.5.0-b42/hk2-locator-2.5.0-b42.jar:/home/user/.m2/repository/org/javassist/javassist/3.22.0-CR2/javassist-3.22.0-CR2.jar:/home/user/.m2/repository/org/glassfish/hk2/hk2-api/2.5.0/hk2-api-2.5.0.jar:/home/user/.m2/repository/org/glassfish/hk2/external/jakarta.inject/2.5.0/jakarta.inject-2.5.0.jar:/home/user/.m2/repository/org/glassfish/hk2/hk2-utils/2.5.0/hk2-utils-2.5.0.jar:/home/user/.m2/repository/jakarta/annotation/jakarta.annotation-api/1.3.4/jakarta.annotation-api-1.3.4.jar:/home/user/.m2/repository/org/glassfish/hk2/external/aopalliance-repackaged/2.5.0/aopalliance-repackaged-2.5.0.jar:/home/user/.m2/repository/com/fasterxml/jackson/dataformat/jackson-dataformat-xml/2.9.0/jackson-dataformat-xml-2.9.0.jar:/home/user/.m2/repository/com/fasterxml/jackson/core/jackson-core/2.9.5/jackson-core-2.9.5.jar:/home/user/.m2/repository/com/fasterxml/jackson/module/jackson-module-jaxb-annotations/2.9.5/jackson-module-jaxb-annotations-2.9.5.jar:/home/user/.m2/repository/javax/enterprise/cdi-api/1.2/cdi-api-1.2.jar:/home/user/.m2/repository/javax/el/javax.el-api/3.0.0/javax.el-api-3.0.0.jar:/home/user/.m2/repository/javax/interceptor/javax.interceptor-api/1.2/javax.interceptor-api-1.2.jar:/home/user/.m2/repository/javax/inject/javax.inject/1/javax.inject-1.jar:/home/user/.m2/repository/com/sun/xml/bind/jaxb-impl/2.3.0.1/jaxb-impl-2.3.0.1.jar:/home/user/.m2/repository/com/sun/xml/bind/jaxb-core/2.3.0.1/jaxb-core-2.3.0.1.jar:/home/user/.m2/repository/javax/xml/bind/jaxb-api/2.3.0/jaxb-api-2.3.0.jar:/home/user/.m2/repository/javax/activation/activation/1.1.1/activation-1.1.1.jar:/home/user/.m2/repository/org/apache/hadoop/hadoop-ozone-csi/0.5.0-SNAPSHOT/hadoop-ozone-csi-0.5.0-SNAPSHOT.jar:/home/user/.m2/repository/com/google/protobuf/protobuf-java-util/3.5.1/protobuf-java-util-3.5.1.jar:/home/user/.m2/repository/org/apache/hadoop/hadoop-hdds-config/0.5.0-SNAPSHOT/hadoop-hdds-config-0.5.0-SNAPSHOT.jar:/home/user/.m2/repository/io/grpc/grpc-netty/1.17.1/grpc-netty-1.17.1.jar:/home/user/.m2/repository/io/grpc/grpc-core/1.17.1/grpc-core-1.17.1.jar:/home/user/.m2/repository/io/grpc/grpc-context/1.17.1/grpc-context-1.17.1.jar:/home/user/.m2/repository/com/google/errorprone/error_prone_annotations/2.2.0/error_prone_annotations-2.2.0.jar:/home/user/.m2/repository/org/codehaus/mojo/animal-sniffer-annotations/1.17/animal-sniffer-annotations-1.17.jar:/home/user/.m2/repository/io/opencensus/opencensus-api/0.17.0/opencensus-api-0.17.0.jar:/home/user/.m2/repository/io/opencensus/opencensus-contrib-grpc-metrics/0.17.0/opencensus-contrib-grpc-metrics-0.17.0.jar:/home/user/.m2/repository/io/netty/netty-codec-http2/4.1.30.Final/netty-codec-http2-4.1.30.Final.jar:/home/user/.m2/repository/io/netty/netty-codec-http/4.1.30.Final/netty-codec-http-4.1.30.Final.jar:/home/user/.m2/repository/io/netty/netty-codec/4.1.30.Final/netty-codec-4.1.30.Final.jar:/home/user/.m2/repository/io/netty/netty-handler/4.1.30.Final/netty-handler-4.1.30.Final.jar:/home/user/.m2/repository/io/netty/netty-handler-proxy/4.1.30.Final/netty-handler-proxy-4.1.30.Final.jar:/home/user/.m2/repository/io/netty/netty-codec-socks/4.1.30.Final/netty-codec-socks-4.1.30.Final.jar:/home/user/.m2/repository/io/netty/netty-transport-native-epoll/4.1.30.Final/netty-transport-native-epoll-4.1.30.Final.jar:/home/user/.m2/repository/io/netty/netty-common/4.1.30.Final/netty-common-4.1.30.Final.jar:/home/user/.m2/repository/io/netty/netty-buffer/4.1.30.Final/netty-buffer-4.1.30.Final.jar:/home/user/.m2/repository/io/netty/netty-transport/4.1.30.Final/netty-transport-4.1.30.Final.jar:/home/user/.m2/repository/io/netty/netty-resolver/4.1.30.Final/netty-resolver-4.1.30.Final.jar:/home/user/.m2/repository/io/netty/netty-transport-native-unix-common/4.1.30.Final/netty-transport-native-unix-common-4.1.30.Final.jar:/home/user/.m2/repository/io/grpc/grpc-protobuf/1.17.1/grpc-protobuf-1.17.1.jar:/home/user/.m2/repository/com/google/api/grpc/proto-google-common-protos/1.0.0/proto-google-common-protos-1.0.0.jar:/home/user/.m2/repository/io/grpc/grpc-protobuf-lite/1.17.1/grpc-protobuf-lite-1.17.1.jar:/home/user/.m2/repository/io/grpc/grpc-stub/1.17.1/grpc-stub-1.17.1.jar:/home/user/.m2/repository/org/apache/hadoop/hadoop-ozone-recon/0.5.0-SNAPSHOT/hadoop-ozone-recon-0.5.0-SNAPSHOT.jar:/home/user/.m2/repository/org/apache/hadoop/hadoop-ozone-reconcodegen/0.5.0-SNAPSHOT/hadoop-ozone-reconcodegen-0.5.0-SNAPSHOT.jar:/home/user/.m2/repository/com/google/inject/extensions/guice-multibindings/4.0/guice-multibindings-4.0.jar:/home/user/.m2/repository/com/google/inject/guice/4.0/guice-4.0.jar:/home/user/.m2/repository/aopalliance/aopalliance/1.0/aopalliance-1.0.jar:/home/user/.m2/repository/com/google/inject/extensions/guice-servlet/4.0/guice-servlet-4.0.jar:/home/user/.m2/repository/org/glassfish/jersey/containers/jersey-container-servlet/2.27/jersey-container-servlet-2.27.jar:/home/user/.m2/repository/org/glassfish/hk2/guice-bridge/2.5.0/guice-bridge-2.5.0.jar:/home/user/.m2/repository/org/glassfish/jersey/core/jersey-server/2.27/jersey-server-2.27.jar:/home/user/.m2/repository/org/glassfish/jersey/core/jersey-client/2.27/jersey-client-2.27.jar:/home/user/.m2/repository/org/glassfish/jersey/media/jersey-media-jaxb/2.27/jersey-media-jaxb-2.27.jar:/home/user/.m2/repository/javax/validation/validation-api/1.1.0.Final/validation-api-1.1.0.Final.jar:/home/user/.m2/repository/org/glassfish/jersey/media/jersey-media-json-jackson/2.27/jersey-media-json-jackson-2.27.jar:/home/user/.m2/repository/org/glassfish/jersey/ext/jersey-entity-filtering/2.27/jersey-entity-filtering-2.27.jar:/home/user/.m2/repository/com/google/inject/extensions/guice-assistedinject/4.0/guice-assistedinject-4.0.jar:/home/user/.m2/repository/org/jooq/jooq/3.11.10/jooq-3.11.10.jar:/home/user/.m2/repository/org/jooq/jooq-meta/3.11.10/jooq-meta-3.11.10.jar:/home/user/.m2/repository/org/jooq/jooq-codegen/3.11.10/jooq-codegen-3.11.10.jar:/home/user/.m2/repository/com/jolbox/bonecp/0.8.0.RELEASE/bonecp-0.8.0.RELEASE.jar:/home/user/.m2/repository/org/xerial/sqlite-jdbc/3.25.2/sqlite-jdbc-3.25.2.jar:/home/user/.m2/repository/org/springframework/spring-jdbc/5.1.3.RELEASE/spring-jdbc-5.1.3.RELEASE.jar:/home/user/.m2/repository/org/springframework/spring-beans/5.1.3.RELEASE/spring-beans-5.1.3.RELEASE.jar:/home/user/.m2/repository/org/springframework/spring-core/5.1.3.RELEASE/spring-core-5.1.3.RELEASE.jar:/home/user/.m2/repository/org/springframework/spring-jcl/5.1.3.RELEASE/spring-jcl-5.1.3.RELEASE.jar:/home/user/.m2/repository/org/springframework/spring-tx/5.1.3.RELEASE/spring-tx-5.1.3.RELEASE.jar:/home/user/.m2/repository/org/apache/hadoop/hadoop-ozone-client/0.5.0-SNAPSHOT/hadoop-ozone-client-0.5.0-SNAPSHOT.jar:/home/user/.m2/repository/commons-lang/commons-lang/2.6/commons-lang-2.6.jar:/home/user/.m2/repository/org/apache/hadoop/hadoop-ozone-ozone-manager/0.5.0-SNAPSHOT/hadoop-ozone-ozone-manager-0.5.0-SNAPSHOT-tests.jar:/home/user/.m2/repository/junit/junit/4.11/junit-4.11.jar:/home/user/.m2/repository/org/hamcrest/hamcrest-core/1.3/hamcrest-core-1.3.jar:/home/user/.m2/repository/org/openjdk/jmh/jmh-core/1.19/jmh-core-1.19.jar:/home/user/.m2/repository/net/sf/jopt-simple/jopt-simple/4.6/jopt-simple-4.6.jar:/home/user/.m2/repository/org/apache/commons/commons-math3/3.1.1/commons-math3-3.1.1.jar:/home/user/.m2/repository/org/openjdk/jmh/jmh-generator-annprocess/1.19/jmh-generator-annprocess-1.19.jar:/home/user/.m2/repository/org/mockito/mockito-all/1.8.5/mockito-all-1.8.5.jar:/home/user/.m2/repository/org/apache/hadoop/hadoop-kms/3.2.0/hadoop-kms-3.2.0.jar:/home/user/.m2/repository/org/apache/hadoop/hadoop-auth/3.2.0/hadoop-auth-3.2.0.jar:/home/user/.m2/repository/com/nimbusds/nimbus-jose-jwt/4.41.1/nimbus-jose-jwt-4.41.1.jar:/home/user/.m2/repository/com/github/stephenc/jcip/jcip-annotations/1.0-1/jcip-annotations-1.0-1.jar:/home/user/.m2/repository/net/minidev/json-smart/2.3/json-smart-2.3.jar:/home/user/.m2/repository/net/minidev/accessors-smart/1.2/accessors-smart-1.2.jar:/home/user/.m2/repository/org/ow2/asm/asm/5.0.4/asm-5.0.4.jar:/home/user/.m2/repository/org/apache/curator/curator-framework/2.12.0/curator-framework-2.12.0.jar:/home/user/.m2/repository/com/sun/jersey/jersey-core/1.19/jersey-core-1.19.jar:/home/user/.m2/repository/javax/ws/rs/jsr311-api/1.1.1/jsr311-api-1.1.1.jar:/home/user/.m2/repository/com/sun/jersey/jersey-server/1.19/jersey-server-1.19.jar:/home/user/.m2/repository/javax/servlet/javax.servlet-api/3.1.0/javax.servlet-api-3.1.0.jar:/home/user/.m2/repository/org/eclipse/jetty/jetty-server/9.3.24.v20180605/jetty-server-9.3.24.v20180605.jar:/home/user/.m2/repository/org/eclipse/jetty/jetty-http/9.3.24.v20180605/jetty-http-9.3.24.v20180605.jar:/home/user/.m2/repository/org/eclipse/jetty/jetty-io/9.3.24.v20180605/jetty-io-9.3.24.v20180605.jar:/home/user/.m2/repository/org/eclipse/jetty/jetty-webapp/9.3.24.v20180605/jetty-webapp-9.3.24.v20180605.jar:/home/user/.m2/repository/org/eclipse/jetty/jetty-xml/9.3.24.v20180605/jetty-xml-9.3.24.v20180605.jar:/home/user/.m2/repository/log4j/log4j/1.2.17/log4j-1.2.17.jar:/home/user/.m2/repository/org/slf4j/slf4j-api/1.7.25/slf4j-api-1.7.25.jar:/home/user/.m2/repository/org/slf4j/jul-to-slf4j/1.7.25/jul-to-slf4j-1.7.25.jar:/home/user/.m2/repository/org/eclipse/jetty/jetty-util/9.3.24.v20180605/jetty-util-9.3.24.v20180605.jar:/home/user/.m2/repository/com/fasterxml/jackson/core/jackson-databind/2.9.5/jackson-databind-2.9.5.jar:/home/user/.m2/repository/org/apache/hadoop/hadoop-kms/3.2.0/hadoop-kms-3.2.0-tests.jar:/home/user/.m2/repository/org/apache/hadoop/hadoop-hdds-server-scm/0.5.0-SNAPSHOT/hadoop-hdds-server-scm-0.5.0-SNAPSHOT-tests.jar:/home/user/.m2/repository/org/apache/hadoop/hadoop-hdds-container-service/0.5.0-SNAPSHOT/hadoop-hdds-container-service-0.5.0-SNAPSHOT-tests.jar:/home/user/.m2/repository/org/yaml/snakeyaml/1.16/snakeyaml-1.16.jar:/home/user/.m2/repository/org/apache/hadoop/hadoop-common/3.2.0/hadoop-common-3.2.0-tests.jar:/home/user/.m2/repository/org/apache/hadoop/hadoop-annotations/3.2.0/hadoop-annotations-3.2.0.jar:/usr/lib/jvm/java-1.8-openjdk/jre/../lib/tools.jar:/home/user/.m2/repository/commons-cli/commons-cli/1.2/commons-cli-1.2.jar:/home/user/.m2/repository/org/apache/httpcomponents/httpclient/4.5.2/httpclient-4.5.2.jar:/home/user/.m2/repository/org/apache/httpcomponents/httpcore/4.4.4/httpcore-4.4.4.jar:/home/user/.m2/repository/commons-codec/commons-codec/1.11/commons-codec-1.11.jar:/home/user/.m2/repository/commons-net/commons-net/3.6/commons-net-3.6.jar:/home/user/.m2/repository/commons-collections/commons-collections/3.2.2/commons-collections-3.2.2.jar:/home/user/.m2/repository/org/eclipse/jetty/jetty-servlet/9.3.24.v20180605/jetty-servlet-9.3.24.v20180605.jar:/home/user/.m2/repository/org/eclipse/jetty/jetty-security/9.3.24.v20180605/jetty-security-9.3.24.v20180605.jar:/home/user/.m2/repository/javax/servlet/jsp/jsp-api/2.1/jsp-api-2.1.jar:/home/user/.m2/repository/com/sun/jersey/jersey-servlet/1.19/jersey-servlet-1.19.jar:/home/user/.m2/repository/com/sun/jersey/jersey-json/1.19/jersey-json-1.19.jar:/home/user/.m2/repository/org/codehaus/jettison/jettison/1.1/jettison-1.1.jar:/home/user/.m2/repository/org/codehaus/jackson/jackson-core-asl/1.9.13/jackson-core-asl-1.9.13.jar:/home/user/.m2/repository/org/codehaus/jackson/jackson-mapper-asl/1.9.13/jackson-mapper-asl-1.9.13.jar:/home/user/.m2/repository/org/codehaus/jackson/jackson-jaxrs/1.9.13/jackson-jaxrs-1.9.13.jar:/home/user/.m2/repository/org/codehaus/jackson/jackson-xc/1.9.13/jackson-xc-1.9.13.jar:/home/user/.m2/repository/commons-logging/commons-logging/1.1.3/commons-logging-1.1.3.jar:/home/user/.m2/repository/commons-beanutils/commons-beanutils/1.9.3/commons-beanutils-1.9.3.jar:/home/user/.m2/repository/org/apache/commons/commons-configuration2/2.1.1/commons-configuration2-2.1.1.jar:/home/user/.m2/repository/org/apache/commons/commons-lang3/3.7/commons-lang3-3.7.jar:/home/user/.m2/repository/org/apache/commons/commons-text/1.4/commons-text-1.4.jar:/home/user/.m2/repository/org/apache/avro/avro/1.7.7/avro-1.7.7.jar:/home/user/.m2/repository/com/thoughtworks/paranamer/paranamer/2.3/paranamer-2.3.jar:/home/user/.m2/repository/org/xerial/snappy/snappy-java/1.0.5/snappy-java-1.0.5.jar:/home/user/.m2/repository/com/google/re2j/re2j/1.1/re2j-1.1.jar:/home/user/.m2/repository/com/google/code/gson/gson/2.2.4/gson-2.2.4.jar:/home/user/.m2/repository/com/jcraft/jsch/0.1.54/jsch-0.1.54.jar:/home/user/.m2/repository/org/apache/curator/curator-client/2.12.0/curator-client-2.12.0.jar:/home/user/.m2/repository/org/apache/curator/curator-recipes/2.12.0/curator-recipes-2.12.0.jar:/home/user/.m2/repository/com/google/code/findbugs/jsr305/3.0.0/jsr305-3.0.0.jar:/home/user/.m2/repository/org/apache/htrace/htrace-core4/4.1.0-incubating/htrace-core4-4.1.0-incubating.jar:/home/user/.m2/repository/org/apache/zookeeper/zookeeper/3.4.13/zookeeper-3.4.13.jar:/home/user/.m2/repository/org/apache/yetus/audience-annotations/0.5.0/audience-annotations-0.5.0.jar:/home/user/.m2/repository/org/codehaus/woodstox/stax2-api/3.1.4/stax2-api-3.1.4.jar:/home/user/.m2/repository/com/fasterxml/woodstox/woodstox-core/5.0.3/woodstox-core-5.0.3.jar:/home/user/.m2/repository/dnsjava/dnsjava/2.1.7/dnsjava-2.1.7.jar:/home/user/.m2/repository/org/apache/hadoop/hadoop-hdfs/3.2.0/hadoop-hdfs-3.2.0-tests.jar:/home/user/.m2/repository/org/eclipse/jetty/jetty-util-ajax/9.3.24.v20180605/jetty-util-ajax-9.3.24.v20180605.jar:/home/user/.m2/repository/commons-daemon/commons-daemon/1.0.13/commons-daemon-1.0.13.jar:/home/user/.m2/repository/io/netty/netty/3.10.5.Final/netty-3.10.5.Final.jar:/home/user/.m2/repository/io/netty/netty-all/4.0.52.Final/netty-all-4.0.52.Final.jar:/home/user/.m2/repository/org/fusesource/leveldbjni/leveldbjni-all/1.8/leveldbjni-all-1.8.jar:"/>
    <property name="sun.cpu.endian" value="little"/>
    <property name="user.home" value="/home/user"/>
    <property name="user.language" value="en"/>
    <property name="java.specification.vendor" value="Oracle Corporation"/>
    <property name="java.home" value="/usr/lib/jvm/java-1.8-openjdk/jre"/>
    <property name="java.security.krb5.conf" value="/workdir/hadoop-ozone/integration-test/target/test-classes/krb5.conf"/>
    <property name="basedir" value="/workdir/hadoop-ozone/integration-test"/>
    <property name="file.separator" value="/"/>
    <property name="line.separator" value="&#10;"/>
    <property name="java.vm.specification.vendor" value="Oracle Corporation"/>
    <property name="java.specification.name" value="Java Platform API Specification"/>
    <property name="java.awt.graphicsenv" value="sun.awt.X11GraphicsEnvironment"/>
    <property name="surefire.real.class.path" value="/workdir/hadoop-ozone/integration-test/target/surefire/surefirebooter7852820387473217566.jar"/>
    <property name="hadoop.log.dir" value="/workdir/hadoop-ozone/integration-test/target/log"/>
    <property name="sun.boot.class.path" value="/usr/lib/jvm/java-1.8-openjdk/jre/lib/resources.jar:/usr/lib/jvm/java-1.8-openjdk/jre/lib/rt.jar:/usr/lib/jvm/java-1.8-openjdk/jre/lib/sunrsasign.jar:/usr/lib/jvm/java-1.8-openjdk/jre/lib/jsse.jar:/usr/lib/jvm/java-1.8-openjdk/jre/lib/jce.jar:/usr/lib/jvm/java-1.8-openjdk/jre/lib/charsets.jar:/usr/lib/jvm/java-1.8-openjdk/jre/lib/jfr.jar:/usr/lib/jvm/java-1.8-openjdk/jre/classes"/>
    <property name="sun.management.compiler" value="HotSpot 64-Bit Tiered Compilers"/>
    <property name="java.runtime.version" value="1.8.0_212-b04"/>
    <property name="java.net.preferIPv4Stack" value="true"/>
    <property name="user.name" value="jenkins1000"/>
    <property name="path.separator" value=":"/>
    <property name="java.security.egd" value="file:///dev/urandom"/>
    <property name="os.version" value="3.10.0-957.12.2.el7.x86_64"/>
    <property name="java.endorsed.dirs" value="/usr/lib/jvm/java-1.8-openjdk/jre/lib/endorsed"/>
    <property name="java.runtime.name" value="OpenJDK Runtime Environment"/>
    <property name="file.encoding" value="UTF-8"/>
    <property name="java.vm.name" value="OpenJDK 64-Bit Server VM"/>
    <property name="test.build.webapps" value=""/>
    <property name="localRepository" value="/home/user/.m2/repository"/>
    <property name="java.vendor.url.bug" value="https://icedtea.classpath.org/bugzilla"/>
    <property name="java.io.tmpdir" value="/tmp"/>
    <property name="require.test.libhadoop" value=""/>
    <property name="java.version" value="1.8.0_212"/>
    <property name="user.dir" value="/workdir/hadoop-ozone/integration-test"/>
    <property name="os.arch" value="amd64"/>
    <property name="java.vm.specification.name" value="Java Virtual Machine Specification"/>
    <property name="test.build.classes" value="/workdir/hadoop-ozone/integration-test/target/test-classes"/>
    <property name="java.awt.printerjob" value="sun.print.PSPrinterJob"/>
    <property name="sun.os.patch.level" value="unknown"/>
    <property name="hadoop.tmp.dir" value="/workdir/hadoop-ozone/integration-test/target/tmp"/>
    <property name="java.library.path" value="/usr/lib/jvm/java-1.8-openjdk/jre/lib/amd64/server:/usr/lib/jvm/java-1.8-openjdk/jre/lib/amd64:/usr/lib/jvm/java-1.8-openjdk/jre/../lib/amd64:/workdir/hadoop-ozone/integration-test/target/native/target/usr/local/lib:/workdir/hadoop-ozone/integration-test/../../hadoop-common-project/hadoop-common/target/native/target/usr/local/lib:/usr/java/packages/lib/amd64:/usr/lib64:/lib64:/lib:/usr/lib"/>
    <property name="java.vm.info" value="mixed mode"/>
    <property name="java.vendor" value="IcedTea"/>
    <property name="java.vm.version" value="25.212-b04"/>
    <property name="java.ext.dirs" value="/usr/lib/jvm/java-1.8-openjdk/jre/lib/ext:/usr/java/packages/lib/ext"/>
    <property name="sun.io.unicode.encoding" value="UnicodeLittle"/>
    <property name="java.class.version" value="52.0"/>
  </properties>
  <testcase name="testBlockDeletion" classname="org.apache.hadoop.ozone.container.common.statemachine.commandhandler.TestBlockDeletion" time="75.473">
    <failure message="expected null, but was:&lt;[B@619f2afc&gt;" type="java.lang.AssertionError"><![CDATA[java.lang.AssertionError: expected null, but was:<[B@619f2afc>
	at org.junit.Assert.fail(Assert.java:88)
	at org.junit.Assert.failNotNull(Assert.java:664)
	at org.junit.Assert.assertNull(Assert.java:646)
	at org.junit.Assert.assertNull(Assert.java:656)
	at org.apache.hadoop.ozone.container.common.statemachine.commandhandler.TestBlockDeletion.lambda$verifyBlocksDeleted$5(TestBlockDeletion.java:334)
	at org.apache.hadoop.ozone.OzoneTestUtils.performOperationOnKeyContainers(OzoneTestUtils.java:96)
	at org.apache.hadoop.ozone.container.common.statemachine.commandhandler.TestBlockDeletion.verifyBlocksDeleted(TestBlockDeletion.java:328)
	at org.apache.hadoop.ozone.container.common.statemachine.commandhandler.TestBlockDeletion.testBlockDeletion(TestBlockDeletion.java:188)
	at sun.reflect.NativeMethodAccessorImpl.invoke0(Native Method)
	at sun.reflect.NativeMethodAccessorImpl.invoke(NativeMethodAccessorImpl.java:62)
	at sun.reflect.DelegatingMethodAccessorImpl.invoke(DelegatingMethodAccessorImpl.java:43)
	at java.lang.reflect.Method.invoke(Method.java:498)
	at org.junit.runners.model.FrameworkMethod$1.runReflectiveCall(FrameworkMethod.java:47)
	at org.junit.internal.runners.model.ReflectiveCallable.run(ReflectiveCallable.java:12)
	at org.junit.runners.model.FrameworkMethod.invokeExplosively(FrameworkMethod.java:44)
	at org.junit.internal.runners.statements.InvokeMethod.evaluate(InvokeMethod.java:17)
	at org.junit.runners.ParentRunner.runLeaf(ParentRunner.java:271)
	at org.junit.runners.BlockJUnit4ClassRunner.runChild(BlockJUnit4ClassRunner.java:70)
	at org.junit.runners.BlockJUnit4ClassRunner.runChild(BlockJUnit4ClassRunner.java:50)
	at org.junit.runners.ParentRunner$3.run(ParentRunner.java:238)
	at org.junit.runners.ParentRunner$1.schedule(ParentRunner.java:63)
	at org.junit.runners.ParentRunner.runChildren(ParentRunner.java:236)
	at org.junit.runners.ParentRunner.access$000(ParentRunner.java:53)
	at org.junit.runners.ParentRunner$2.evaluate(ParentRunner.java:229)
	at org.junit.internal.runners.statements.RunBefores.evaluate(RunBefores.java:26)
	at org.junit.runners.ParentRunner.run(ParentRunner.java:309)
	at org.apache.maven.surefire.junit4.JUnit4Provider.execute(JUnit4Provider.java:365)
	at org.apache.maven.surefire.junit4.JUnit4Provider.executeWithRerun(JUnit4Provider.java:273)
	at org.apache.maven.surefire.junit4.JUnit4Provider.executeTestSet(JUnit4Provider.java:238)
	at org.apache.maven.surefire.junit4.JUnit4Provider.invoke(JUnit4Provider.java:159)
	at org.apache.maven.surefire.booter.ForkedBooter.invokeProviderInSameClassLoader(ForkedBooter.java:384)
	at org.apache.maven.surefire.booter.ForkedBooter.runSuitesInProcess(ForkedBooter.java:345)
	at org.apache.maven.surefire.booter.ForkedBooter.execute(ForkedBooter.java:126)
	at org.apache.maven.surefire.booter.ForkedBooter.main(ForkedBooter.java:418)
]]></failure>
    <system-out><![CDATA[2019-09-12 09:25:37,681 [main] WARN  server.ServerUtils (ServerUtils.java:getScmDbDir(145)) - ozone.scm.db.dirs is not configured. We recommend adding this setting. Falling back to ozone.metadata.dirs instead.
2019-09-12 09:25:37,823 [main] WARN  server.ServerUtils (ServerUtils.java:getScmDbDir(145)) - ozone.scm.db.dirs is not configured. We recommend adding this setting. Falling back to ozone.metadata.dirs instead.
2019-09-12 09:25:37,827 [main] WARN  server.ServerUtils (ServerUtils.java:getScmDbDir(145)) - ozone.scm.db.dirs is not configured. We recommend adding this setting. Falling back to ozone.metadata.dirs instead.
2019-09-12 09:25:37,845 [main] INFO  util.log (Log.java:initialized(192)) - Logging initialized @961ms
2019-09-12 09:25:37,951 [main] INFO  db.DBStoreBuilder (DBStoreBuilder.java:addTable(110)) - using custom profile for table: deletedBlocks
2019-09-12 09:25:37,952 [main] INFO  db.DBStoreBuilder (DBStoreBuilder.java:processTables(161)) - Using default column profile:DBProfile.DISK for Table:deletedBlocks
2019-09-12 09:25:37,953 [main] INFO  db.DBStoreBuilder (DBStoreBuilder.java:addTable(110)) - using custom profile for table: validCerts
2019-09-12 09:25:37,953 [main] INFO  db.DBStoreBuilder (DBStoreBuilder.java:processTables(161)) - Using default column profile:DBProfile.DISK for Table:validCerts
2019-09-12 09:25:37,954 [main] INFO  db.DBStoreBuilder (DBStoreBuilder.java:addTable(110)) - using custom profile for table: revokedCerts
2019-09-12 09:25:37,954 [main] INFO  db.DBStoreBuilder (DBStoreBuilder.java:processTables(161)) - Using default column profile:DBProfile.DISK for Table:revokedCerts
2019-09-12 09:25:37,977 [main] INFO  db.DBStoreBuilder (DBStoreBuilder.java:addTable(110)) - using custom profile for table: default
2019-09-12 09:25:37,978 [main] INFO  db.DBStoreBuilder (DBStoreBuilder.java:processTables(167)) - Using default column profile:DBProfile.DISK for Table:default
2019-09-12 09:25:37,980 [main] INFO  db.DBStoreBuilder (DBStoreBuilder.java:getDbProfile(198)) - Using default options. DBProfile.DISK
2019-09-12 09:25:38,381 [main] INFO  net.NodeSchemaLoader (NodeSchemaLoader.java:loadSchemaFromFile(125)) - Loading file from sun.misc.CompoundEnumeration@618b19ad
2019-09-12 09:25:38,384 [main] INFO  net.NodeSchemaLoader (NodeSchemaLoader.java:loadSchema(171)) - Loading network topology layer schema file
2019-09-12 09:25:38,461 [main] INFO  node.SCMNodeManager (SCMNodeManager.java:<init>(114)) - Entering startup safe mode.
2019-09-12 09:25:38,538 [main] INFO  algorithms.ContainerPlacementPolicyFactory (ContainerPlacementPolicyFactory.java:getPolicy(57)) - Create container placement policy of type org.apache.hadoop.hdds.scm.container.placement.algorithms.SCMContainerPlacementRandom
2019-09-12 09:25:38,553 [main] WARN  server.ServerUtils (ServerUtils.java:getScmDbDir(145)) - ozone.scm.db.dirs is not configured. We recommend adding this setting. Falling back to ozone.metadata.dirs instead.
2019-09-12 09:25:38,684 [main] INFO  pipeline.SCMPipelineManager (SCMPipelineManager.java:initializePipelineState(128)) - No pipeline exists in current db
2019-09-12 09:25:38,688 [main] WARN  server.ServerUtils (ServerUtils.java:getScmDbDir(145)) - ozone.scm.db.dirs is not configured. We recommend adding this setting. Falling back to ozone.metadata.dirs instead.
2019-09-12 09:25:38,832 [main] WARN  events.EventQueue (EventQueue.java:fireEvent(183)) - No event handler registered for event TypedEvent{payloadType=SafeModeStatus, name='SafeModeStatus'}
2019-09-12 09:25:39,223 [main] INFO  ipc.CallQueueManager (CallQueueManager.java:<init>(84)) - Using callQueue: class java.util.concurrent.LinkedBlockingQueue, queueCapacity: 2000, scheduler: class org.apache.hadoop.ipc.DefaultRpcScheduler, ipcBackoff: false.
2019-09-12 09:25:39,400 [Socket Reader #1 for port 36783] INFO  ipc.Server (Server.java:run(1074)) - Starting Socket Reader #1 for port 36783
2019-09-12 09:25:39,442 [main] INFO  ipc.CallQueueManager (CallQueueManager.java:<init>(84)) - Using callQueue: class java.util.concurrent.LinkedBlockingQueue, queueCapacity: 2000, scheduler: class org.apache.hadoop.ipc.DefaultRpcScheduler, ipcBackoff: false.
2019-09-12 09:25:39,444 [Socket Reader #1 for port 45169] INFO  ipc.Server (Server.java:run(1074)) - Starting Socket Reader #1 for port 45169
2019-09-12 09:25:39,454 [main] INFO  ipc.CallQueueManager (CallQueueManager.java:<init>(84)) - Using callQueue: class java.util.concurrent.LinkedBlockingQueue, queueCapacity: 2000, scheduler: class org.apache.hadoop.ipc.DefaultRpcScheduler, ipcBackoff: false.
2019-09-12 09:25:39,455 [Socket Reader #1 for port 42836] INFO  ipc.Server (Server.java:run(1074)) - Starting Socket Reader #1 for port 42836
2019-09-12 09:25:39,486 [main] INFO  hdfs.DFSUtil (DFSUtil.java:httpServerTemplateForNNAndJN(1641)) - Starting Web-server for scm at: http://0.0.0.0:0
2019-09-12 09:25:39,667 [main] INFO  server.AuthenticationFilter (AuthenticationFilter.java:constructSecretProvider(240)) - Unable to initialize FileSignerSecretProvider, falling back to use random secrets.
2019-09-12 09:25:39,676 [main] WARN  http.HttpRequestLog (HttpRequestLog.java:getRequestLog(97)) - Jetty request log can only be enabled using Log4j
2019-09-12 09:25:39,685 [main] INFO  http.HttpServer2 (HttpServer2.java:addGlobalFilter(975)) - Added global filter 'safety' (class=org.apache.hadoop.http.HttpServer2$QuotingInputFilter)
2019-09-12 09:25:39,688 [main] INFO  http.HttpServer2 (HttpServer2.java:addFilter(948)) - Added filter static_user_filter (class=org.apache.hadoop.http.lib.StaticUserWebFilter$StaticUserFilter) to context scm
2019-09-12 09:25:39,688 [main] INFO  http.HttpServer2 (HttpServer2.java:addFilter(958)) - Added filter static_user_filter (class=org.apache.hadoop.http.lib.StaticUserWebFilter$StaticUserFilter) to context logs
2019-09-12 09:25:39,688 [main] INFO  http.HttpServer2 (HttpServer2.java:addFilter(958)) - Added filter static_user_filter (class=org.apache.hadoop.http.lib.StaticUserWebFilter$StaticUserFilter) to context static
2019-09-12 09:25:39,718 [main] INFO  server.StorageContainerManager (StorageContainerManager.java:start(763)) - StorageContainerLocationProtocol RPC server is listening at /0.0.0.0:42836
2019-09-12 09:25:39,778 [main] WARN  impl.MetricsConfig (MetricsConfig.java:loadFirst(134)) - Cannot locate configuration: tried hadoop-metrics2-storagecontainermanager.properties,hadoop-metrics2.properties
2019-09-12 09:25:39,791 [main] INFO  impl.MetricsSystemImpl (MetricsSystemImpl.java:startTimer(374)) - Scheduled Metric snapshot period at 10 second(s).
2019-09-12 09:25:39,791 [main] INFO  impl.MetricsSystemImpl (MetricsSystemImpl.java:start(191)) - StorageContainerManager metrics system started
2019-09-12 09:25:40,035 [main] INFO  server.SCMClientProtocolServer (SCMClientProtocolServer.java:start(151)) - RPC server for Client  is listening at /0.0.0.0:42836
2019-09-12 09:25:40,035 [IPC Server Responder] INFO  ipc.Server (Server.java:run(1314)) - IPC Server Responder: starting
2019-09-12 09:25:40,036 [IPC Server listener on 42836] INFO  ipc.Server (Server.java:run(1153)) - IPC Server listener on 42836: starting
2019-09-12 09:25:40,039 [main] INFO  server.StorageContainerManager (StorageContainerManager.java:start(773)) - ScmBlockLocationProtocol RPC server is listening at /0.0.0.0:45169
2019-09-12 09:25:40,040 [main] INFO  server.SCMBlockProtocolServer (SCMBlockProtocolServer.java:start(146)) - RPC server for Block Protocol is listening at /0.0.0.0:45169
2019-09-12 09:25:40,041 [IPC Server Responder] INFO  ipc.Server (Server.java:run(1314)) - IPC Server Responder: starting
2019-09-12 09:25:40,041 [IPC Server listener on 45169] INFO  ipc.Server (Server.java:run(1153)) - IPC Server listener on 45169: starting
2019-09-12 09:25:40,044 [main] INFO  server.StorageContainerManager (StorageContainerManager.java:start(777)) - ScmDatanodeProtocl RPC server is listening at /0.0.0.0:36783
2019-09-12 09:25:40,044 [main] INFO  server.SCMDatanodeProtocolServer (SCMDatanodeProtocolServer.java:start(191)) - RPC server for DataNodes is listening at /0.0.0.0:36783
2019-09-12 09:25:40,044 [IPC Server Responder] INFO  ipc.Server (Server.java:run(1314)) - IPC Server Responder: starting
2019-09-12 09:25:40,044 [IPC Server listener on 36783] INFO  ipc.Server (Server.java:run(1153)) - IPC Server listener on 36783: starting
2019-09-12 09:25:40,049 [main] INFO  http.HttpServer2 (HttpServer2.java:bindListener(1191)) - Jetty bound to port 36423
2019-09-12 09:25:40,051 [main] INFO  server.Server (Server.java:doStart(351)) - jetty-9.3.24.v20180605, build timestamp: 2018-06-05T17:11:56Z, git hash: 84205aa28f11a4f31f2a3b86d1bba2cc8ab69827
2019-09-12 09:25:40,092 [main] INFO  handler.ContextHandler (ContextHandler.java:doStart(781)) - Started o.e.j.s.ServletContextHandler@4fce136b{/logs,file:///workdir/hadoop-ozone/integration-test/target/log,AVAILABLE}
2019-09-12 09:25:40,093 [main] INFO  handler.ContextHandler (ContextHandler.java:doStart(781)) - Started o.e.j.s.ServletContextHandler@43b6123e{/static,file:///workdir/hadoop-ozone/integration-test/target/test-classes/webapps/static,AVAILABLE}
2019-09-12 09:25:40,127 [main] INFO  handler.ContextHandler (ContextHandler.java:doStart(781)) - Started o.e.j.w.WebAppContext@6db66836{/,file:///workdir/hadoop-ozone/integration-test/target/test-classes/webapps/scm/,AVAILABLE}{/scm}
2019-09-12 09:25:40,133 [main] INFO  server.AbstractConnector (AbstractConnector.java:doStart(278)) - Started ServerConnector@1ee4730{HTTP/1.1,[http/1.1]}{0.0.0.0:36423}
2019-09-12 09:25:40,134 [main] INFO  server.Server (Server.java:doStart(419)) - Started @3250ms
2019-09-12 09:25:40,136 [main] INFO  impl.MetricsSinkAdapter (MetricsSinkAdapter.java:start(204)) - Sink prometheus started
2019-09-12 09:25:40,136 [main] INFO  impl.MetricsSystemImpl (MetricsSystemImpl.java:registerSink(301)) - Registered sink prometheus
2019-09-12 09:25:40,137 [main] INFO  server.BaseHttpServer (BaseHttpServer.java:updateConnectorAddress(215)) - HTTP server of SCM is listening at http://0.0.0.0:36423
2019-09-12 09:25:40,144 [SCMBlockDeletingService#1] DEBUG block.SCMBlockDeletingService (SCMBlockDeletingService.java:call(138)) - Running DeletedBlockTransactionScanner
2019-09-12 09:25:40,146 [org.apache.hadoop.util.JvmPauseMonitor$Monitor@51f49060] INFO  util.JvmPauseMonitor (JvmPauseMonitor.java:run(188)) - Starting JVM pause monitor
2019-09-12 09:25:40,151 [main] WARN  server.ServerUtils (ServerUtils.java:getDBPath(222)) - ozone.om.db.dirs is not configured. We recommend adding this setting. Falling back to ozone.metadata.dirs instead.
2019-09-12 09:25:40,156 [SCMBlockDeletingService#1] DEBUG block.SCMBlockDeletingService (SCMBlockDeletingService.java:call(155)) - Scanned deleted blocks log and got 0 delTX to process.
2019-09-12 09:25:40,259 [SCMBlockDeletingService#1] DEBUG block.SCMBlockDeletingService (SCMBlockDeletingService.java:call(138)) - Running DeletedBlockTransactionScanner
2019-09-12 09:25:40,259 [SCMBlockDeletingService#1] DEBUG block.SCMBlockDeletingService (SCMBlockDeletingService.java:call(155)) - Scanned deleted blocks log and got 0 delTX to process.
2019-09-12 09:25:40,270 [main] WARN  server.ServerUtils (ServerUtils.java:getDBPath(222)) - ozone.om.db.dirs is not configured. We recommend adding this setting. Falling back to ozone.metadata.dirs instead.
2019-09-12 09:25:40,270 [main] WARN  server.ServerUtils (ServerUtils.java:getDBPath(222)) - ozone.om.db.dirs is not configured. We recommend adding this setting. Falling back to ozone.metadata.dirs instead.
2019-09-12 09:25:40,271 [main] INFO  om.OzoneManager (OzoneManager.java:setOMNodeDetails(649)) - OM Service ID is not set. Setting it to the default ID: omServiceIdDefault
2019-09-12 09:25:40,271 [main] INFO  om.OzoneManager (OzoneManager.java:setOMNodeDetails(655)) - OM Node ID is not set. Setting it to the OmStorage's OmID: 4b3caca0-8380-46bf-a215-5a6f8d9d88c7
2019-09-12 09:25:40,272 [main] INFO  om.OzoneManager (OzoneManager.java:loadOMHAConfigs(606)) - Found matching OM address with OMServiceId: null, OMNodeId: null, RPC Address: localhost:0 and Ratis port: 9872
2019-09-12 09:25:40,360 [SCMBlockDeletingService#0] DEBUG block.SCMBlockDeletingService (SCMBlockDeletingService.java:call(138)) - Running DeletedBlockTransactionScanner
2019-09-12 09:25:40,360 [SCMBlockDeletingService#0] DEBUG block.SCMBlockDeletingService (SCMBlockDeletingService.java:call(155)) - Scanned deleted blocks log and got 0 delTX to process.
2019-09-12 09:25:40,461 [SCMBlockDeletingService#0] DEBUG block.SCMBlockDeletingService (SCMBlockDeletingService.java:call(138)) - Running DeletedBlockTransactionScanner
2019-09-12 09:25:40,461 [SCMBlockDeletingService#0] DEBUG block.SCMBlockDeletingService (SCMBlockDeletingService.java:call(155)) - Scanned deleted blocks log and got 0 delTX to process.
2019-09-12 09:25:40,562 [SCMBlockDeletingService#0] DEBUG block.SCMBlockDeletingService (SCMBlockDeletingService.java:call(138)) - Running DeletedBlockTransactionScanner
2019-09-12 09:25:40,563 [SCMBlockDeletingService#0] DEBUG block.SCMBlockDeletingService (SCMBlockDeletingService.java:call(155)) - Scanned deleted blocks log and got 0 delTX to process.
2019-09-12 09:25:40,663 [SCMBlockDeletingService#0] DEBUG block.SCMBlockDeletingService (SCMBlockDeletingService.java:call(138)) - Running DeletedBlockTransactionScanner
2019-09-12 09:25:40,664 [SCMBlockDeletingService#0] DEBUG block.SCMBlockDeletingService (SCMBlockDeletingService.java:call(155)) - Scanned deleted blocks log and got 0 delTX to process.
2019-09-12 09:25:40,765 [SCMBlockDeletingService#0] DEBUG block.SCMBlockDeletingService (SCMBlockDeletingService.java:call(138)) - Running DeletedBlockTransactionScanner
2019-09-12 09:25:40,765 [SCMBlockDeletingService#0] DEBUG block.SCMBlockDeletingService (SCMBlockDeletingService.java:call(155)) - Scanned deleted blocks log and got 0 delTX to process.
2019-09-12 09:25:40,866 [SCMBlockDeletingService#0] DEBUG block.SCMBlockDeletingService (SCMBlockDeletingService.java:call(138)) - Running DeletedBlockTransactionScanner
2019-09-12 09:25:40,867 [SCMBlockDeletingService#0] DEBUG block.SCMBlockDeletingService (SCMBlockDeletingService.java:call(155)) - Scanned deleted blocks log and got 0 delTX to process.
2019-09-12 09:25:40,967 [SCMBlockDeletingService#0] DEBUG block.SCMBlockDeletingService (SCMBlockDeletingService.java:call(138)) - Running DeletedBlockTransactionScanner
2019-09-12 09:25:40,968 [SCMBlockDeletingService#0] DEBUG block.SCMBlockDeletingService (SCMBlockDeletingService.java:call(155)) - Scanned deleted blocks log and got 0 delTX to process.
2019-09-12 09:25:41,042 [main] WARN  server.ServerUtils (ServerUtils.java:getDBPath(222)) - ozone.om.db.dirs is not configured. We recommend adding this setting. Falling back to ozone.metadata.dirs instead.
2019-09-12 09:25:41,050 [main] INFO  db.DBStoreBuilder (DBStoreBuilder.java:addTable(110)) - using custom profile for table: userTable
2019-09-12 09:25:41,050 [main] INFO  db.DBStoreBuilder (DBStoreBuilder.java:processTables(161)) - Using default column profile:DBProfile.DISK for Table:userTable
2019-09-12 09:25:41,050 [main] INFO  db.DBStoreBuilder (DBStoreBuilder.java:addTable(110)) - using custom profile for table: volumeTable
2019-09-12 09:25:41,051 [main] INFO  db.DBStoreBuilder (DBStoreBuilder.java:processTables(161)) - Using default column profile:DBProfile.DISK for Table:volumeTable
2019-09-12 09:25:41,051 [main] INFO  db.DBStoreBuilder (DBStoreBuilder.java:addTable(110)) - using custom profile for table: bucketTable
2019-09-12 09:25:41,051 [main] INFO  db.DBStoreBuilder (DBStoreBuilder.java:processTables(161)) - Using default column profile:DBProfile.DISK for Table:bucketTable
2019-09-12 09:25:41,051 [main] INFO  db.DBStoreBuilder (DBStoreBuilder.java:addTable(110)) - using custom profile for table: keyTable
2019-09-12 09:25:41,052 [main] INFO  db.DBStoreBuilder (DBStoreBuilder.java:processTables(161)) - Using default column profile:DBProfile.DISK for Table:keyTable
2019-09-12 09:25:41,052 [main] INFO  db.DBStoreBuilder (DBStoreBuilder.java:addTable(110)) - using custom profile for table: deletedTable
2019-09-12 09:25:41,052 [main] INFO  db.DBStoreBuilder (DBStoreBuilder.java:processTables(161)) - Using default column profile:DBProfile.DISK for Table:deletedTable
2019-09-12 09:25:41,052 [main] INFO  db.DBStoreBuilder (DBStoreBuilder.java:addTable(110)) - using custom profile for table: openKeyTable
2019-09-12 09:25:41,052 [main] INFO  db.DBStoreBuilder (DBStoreBuilder.java:processTables(161)) - Using default column profile:DBProfile.DISK for Table:openKeyTable
2019-09-12 09:25:41,053 [main] INFO  db.DBStoreBuilder (DBStoreBuilder.java:addTable(110)) - using custom profile for table: s3Table
2019-09-12 09:25:41,053 [main] INFO  db.DBStoreBuilder (DBStoreBuilder.java:processTables(161)) - Using default column profile:DBProfile.DISK for Table:s3Table
2019-09-12 09:25:41,053 [main] INFO  db.DBStoreBuilder (DBStoreBuilder.java:addTable(110)) - using custom profile for table: multipartInfoTable
2019-09-12 09:25:41,053 [main] INFO  db.DBStoreBuilder (DBStoreBuilder.java:processTables(161)) - Using default column profile:DBProfile.DISK for Table:multipartInfoTable
2019-09-12 09:25:41,054 [main] INFO  db.DBStoreBuilder (DBStoreBuilder.java:addTable(110)) - using custom profile for table: dTokenTable
2019-09-12 09:25:41,054 [main] INFO  db.DBStoreBuilder (DBStoreBuilder.java:processTables(161)) - Using default column profile:DBProfile.DISK for Table:dTokenTable
2019-09-12 09:25:41,054 [main] INFO  db.DBStoreBuilder (DBStoreBuilder.java:addTable(110)) - using custom profile for table: s3SecretTable
2019-09-12 09:25:41,054 [main] INFO  db.DBStoreBuilder (DBStoreBuilder.java:processTables(161)) - Using default column profile:DBProfile.DISK for Table:s3SecretTable
2019-09-12 09:25:41,054 [main] INFO  db.DBStoreBuilder (DBStoreBuilder.java:addTable(110)) - using custom profile for table: prefixTable
2019-09-12 09:25:41,055 [main] INFO  db.DBStoreBuilder (DBStoreBuilder.java:processTables(161)) - Using default column profile:DBProfile.DISK for Table:prefixTable
2019-09-12 09:25:41,055 [main] INFO  db.DBStoreBuilder (DBStoreBuilder.java:addTable(110)) - using custom profile for table: default
2019-09-12 09:25:41,055 [main] INFO  db.DBStoreBuilder (DBStoreBuilder.java:processTables(167)) - Using default column profile:DBProfile.DISK for Table:default
2019-09-12 09:25:41,055 [main] INFO  db.DBStoreBuilder (DBStoreBuilder.java:getDbProfile(198)) - Using default options. DBProfile.DISK
2019-09-12 09:25:41,068 [SCMBlockDeletingService#0] DEBUG block.SCMBlockDeletingService (SCMBlockDeletingService.java:call(138)) - Running DeletedBlockTransactionScanner
2019-09-12 09:25:41,069 [SCMBlockDeletingService#0] DEBUG block.SCMBlockDeletingService (SCMBlockDeletingService.java:call(155)) - Scanned deleted blocks log and got 0 delTX to process.
2019-09-12 09:25:41,169 [SCMBlockDeletingService#1] DEBUG block.SCMBlockDeletingService (SCMBlockDeletingService.java:call(138)) - Running DeletedBlockTransactionScanner
2019-09-12 09:25:41,170 [SCMBlockDeletingService#1] DEBUG block.SCMBlockDeletingService (SCMBlockDeletingService.java:call(155)) - Scanned deleted blocks log and got 0 delTX to process.
2019-09-12 09:25:41,271 [SCMBlockDeletingService#1] DEBUG block.SCMBlockDeletingService (SCMBlockDeletingService.java:call(138)) - Running DeletedBlockTransactionScanner
2019-09-12 09:25:41,271 [SCMBlockDeletingService#1] DEBUG block.SCMBlockDeletingService (SCMBlockDeletingService.java:call(155)) - Scanned deleted blocks log and got 0 delTX to process.
2019-09-12 09:25:41,372 [SCMBlockDeletingService#1] DEBUG block.SCMBlockDeletingService (SCMBlockDeletingService.java:call(138)) - Running DeletedBlockTransactionScanner
2019-09-12 09:25:41,372 [SCMBlockDeletingService#1] DEBUG block.SCMBlockDeletingService (SCMBlockDeletingService.java:call(155)) - Scanned deleted blocks log and got 0 delTX to process.
2019-09-12 09:25:41,473 [SCMBlockDeletingService#0] DEBUG block.SCMBlockDeletingService (SCMBlockDeletingService.java:call(138)) - Running DeletedBlockTransactionScanner
2019-09-12 09:25:41,473 [SCMBlockDeletingService#0] DEBUG block.SCMBlockDeletingService (SCMBlockDeletingService.java:call(155)) - Scanned deleted blocks log and got 0 delTX to process.
2019-09-12 09:25:41,574 [SCMBlockDeletingService#0] DEBUG block.SCMBlockDeletingService (SCMBlockDeletingService.java:call(138)) - Running DeletedBlockTransactionScanner
2019-09-12 09:25:41,574 [SCMBlockDeletingService#0] DEBUG block.SCMBlockDeletingService (SCMBlockDeletingService.java:call(155)) - Scanned deleted blocks log and got 0 delTX to process.
2019-09-12 09:25:41,675 [SCMBlockDeletingService#0] DEBUG block.SCMBlockDeletingService (SCMBlockDeletingService.java:call(138)) - Running DeletedBlockTransactionScanner
2019-09-12 09:25:41,675 [SCMBlockDeletingService#0] DEBUG block.SCMBlockDeletingService (SCMBlockDeletingService.java:call(155)) - Scanned deleted blocks log and got 0 delTX to process.
2019-09-12 09:25:41,776 [SCMBlockDeletingService#0] DEBUG block.SCMBlockDeletingService (SCMBlockDeletingService.java:call(138)) - Running DeletedBlockTransactionScanner
2019-09-12 09:25:41,776 [SCMBlockDeletingService#0] DEBUG block.SCMBlockDeletingService (SCMBlockDeletingService.java:call(155)) - Scanned deleted blocks log and got 0 delTX to process.
2019-09-12 09:25:41,799 [main] INFO  ipc.CallQueueManager (CallQueueManager.java:<init>(84)) - Using callQueue: class java.util.concurrent.LinkedBlockingQueue, queueCapacity: 2000, scheduler: class org.apache.hadoop.ipc.DefaultRpcScheduler, ipcBackoff: false.
2019-09-12 09:25:41,799 [Socket Reader #1 for port 46219] INFO  ipc.Server (Server.java:run(1074)) - Starting Socket Reader #1 for port 46219
2019-09-12 09:25:41,820 [main] INFO  om.OzoneManager (OzoneManager.java:start(1240)) - OzoneManager RPC server is listening at localhost/127.0.0.1:46219
2019-09-12 09:25:41,821 [main] INFO  impl.MetricsSystemImpl (MetricsSystemImpl.java:init(158)) - OzoneManager metrics system started (again)
2019-09-12 09:25:41,822 [IPC Server Responder] INFO  ipc.Server (Server.java:run(1314)) - IPC Server Responder: starting
2019-09-12 09:25:41,822 [IPC Server listener on 46219] INFO  ipc.Server (Server.java:run(1153)) - IPC Server listener on 46219: starting
2019-09-12 09:25:41,828 [main] INFO  hdfs.DFSUtil (DFSUtil.java:httpServerTemplateForNNAndJN(1641)) - Starting Web-server for ozoneManager at: http://0.0.0.0:0
2019-09-12 09:25:41,830 [main] INFO  server.AuthenticationFilter (AuthenticationFilter.java:constructSecretProvider(240)) - Unable to initialize FileSignerSecretProvider, falling back to use random secrets.
2019-09-12 09:25:41,831 [main] WARN  http.HttpRequestLog (HttpRequestLog.java:getRequestLog(97)) - Jetty request log can only be enabled using Log4j
2019-09-12 09:25:41,833 [main] INFO  http.HttpServer2 (HttpServer2.java:addGlobalFilter(975)) - Added global filter 'safety' (class=org.apache.hadoop.http.HttpServer2$QuotingInputFilter)
2019-09-12 09:25:41,834 [main] INFO  http.HttpServer2 (HttpServer2.java:addFilter(948)) - Added filter static_user_filter (class=org.apache.hadoop.http.lib.StaticUserWebFilter$StaticUserFilter) to context ozoneManager
2019-09-12 09:25:41,835 [main] INFO  http.HttpServer2 (HttpServer2.java:addFilter(958)) - Added filter static_user_filter (class=org.apache.hadoop.http.lib.StaticUserWebFilter$StaticUserFilter) to context static
2019-09-12 09:25:41,835 [main] INFO  http.HttpServer2 (HttpServer2.java:addFilter(958)) - Added filter static_user_filter (class=org.apache.hadoop.http.lib.StaticUserWebFilter$StaticUserFilter) to context logs
2019-09-12 09:25:41,837 [main] INFO  http.HttpServer2 (HttpServer2.java:bindListener(1191)) - Jetty bound to port 39946
2019-09-12 09:25:41,838 [main] INFO  server.Server (Server.java:doStart(351)) - jetty-9.3.24.v20180605, build timestamp: 2018-06-05T17:11:56Z, git hash: 84205aa28f11a4f31f2a3b86d1bba2cc8ab69827
2019-09-12 09:25:41,840 [main] INFO  handler.ContextHandler (ContextHandler.java:doStart(781)) - Started o.e.j.s.ServletContextHandler@4d0b0fd4{/logs,file:///workdir/hadoop-ozone/integration-test/target/log,AVAILABLE}
2019-09-12 09:25:41,840 [main] INFO  handler.ContextHandler (ContextHandler.java:doStart(781)) - Started o.e.j.s.ServletContextHandler@6c37bd27{/static,file:///workdir/hadoop-ozone/integration-test/target/test-classes/webapps/static,AVAILABLE}
2019-09-12 09:25:41,846 [main] INFO  handler.ContextHandler (ContextHandler.java:doStart(781)) - Started o.e.j.w.WebAppContext@73a00e09{/,file:///workdir/hadoop-ozone/integration-test/target/test-classes/webapps/ozoneManager/,AVAILABLE}{/ozoneManager}
2019-09-12 09:25:41,847 [main] INFO  server.AbstractConnector (AbstractConnector.java:doStart(278)) - Started ServerConnector@26dcd8c0{HTTP/1.1,[http/1.1]}{0.0.0.0:39946}
2019-09-12 09:25:41,848 [main] INFO  server.Server (Server.java:doStart(419)) - Started @4964ms
2019-09-12 09:25:41,848 [main] WARN  impl.MetricsSystemImpl (MetricsSystemImpl.java:register(276)) - Sink prometheus already exists!
2019-09-12 09:25:41,849 [main] INFO  server.BaseHttpServer (BaseHttpServer.java:updateConnectorAddress(215)) - HTTP server of OZONEMANAGER is listening at http://0.0.0.0:39946
2019-09-12 09:25:41,876 [SCMBlockDeletingService#0] DEBUG block.SCMBlockDeletingService (SCMBlockDeletingService.java:call(138)) - Running DeletedBlockTransactionScanner
2019-09-12 09:25:41,877 [SCMBlockDeletingService#0] DEBUG block.SCMBlockDeletingService (SCMBlockDeletingService.java:call(155)) - Scanned deleted blocks log and got 0 delTX to process.
2019-09-12 09:25:42,016 [SCMBlockDeletingService#1] DEBUG block.SCMBlockDeletingService (SCMBlockDeletingService.java:call(138)) - Running DeletedBlockTransactionScanner
2019-09-12 09:25:42,016 [SCMBlockDeletingService#1] DEBUG block.SCMBlockDeletingService (SCMBlockDeletingService.java:call(155)) - Scanned deleted blocks log and got 0 delTX to process.
2019-09-12 09:25:42,117 [SCMBlockDeletingService#1] DEBUG block.SCMBlockDeletingService (SCMBlockDeletingService.java:call(138)) - Running DeletedBlockTransactionScanner
2019-09-12 09:25:42,117 [SCMBlockDeletingService#1] DEBUG block.SCMBlockDeletingService (SCMBlockDeletingService.java:call(155)) - Scanned deleted blocks log and got 0 delTX to process.
2019-09-12 09:25:42,129 [main] INFO  impl.MetricsSystemImpl (MetricsSystemImpl.java:init(158)) - HddsDatanode metrics system started (again)
2019-09-12 09:25:42,175 [main] INFO  ozone.HddsDatanodeService (HddsDatanodeService.java:start(184)) - HddsDatanodeService host:pr-hdds-2117-slf27-1599733614 ip:192.168.69.112
2019-09-12 09:25:42,205 [main] INFO  volume.HddsVolume (HddsVolume.java:<init>(176)) - Creating Volume: /workdir/hadoop-ozone/integration-test/target/test-dir/MiniOzoneClusterImpl-91ceb8d4-6dc6-4c84-835d-2cce6db9d776/datanode-0/data/containers/hdds of  storage type : DISK and capacity : 1482555576320
2019-09-12 09:25:42,207 [main] INFO  volume.VolumeSet (VolumeSet.java:initializeVolumeSet(170)) - Added Volume : /workdir/hadoop-ozone/integration-test/target/test-dir/MiniOzoneClusterImpl-91ceb8d4-6dc6-4c84-835d-2cce6db9d776/datanode-0/data/containers/hdds to VolumeSet
2019-09-12 09:25:42,209 [main] INFO  volume.ThrottledAsyncChecker (ThrottledAsyncChecker.java:schedule(139)) - Scheduling a check for org.apache.hadoop.ozone.container.common.volume.HddsVolume@5c82cd4f
2019-09-12 09:25:42,217 [SCMBlockDeletingService#0] DEBUG block.SCMBlockDeletingService (SCMBlockDeletingService.java:call(138)) - Running DeletedBlockTransactionScanner
2019-09-12 09:25:42,218 [SCMBlockDeletingService#0] DEBUG block.SCMBlockDeletingService (SCMBlockDeletingService.java:call(155)) - Scanned deleted blocks log and got 0 delTX to process.
2019-09-12 09:25:42,225 [main] INFO  volume.HddsVolumeChecker (HddsVolumeChecker.java:checkAllVolumes(202)) - Scheduled health check for volume org.apache.hadoop.ozone.container.common.volume.HddsVolume@5c82cd4f
2019-09-12 09:25:42,318 [SCMBlockDeletingService#1] DEBUG block.SCMBlockDeletingService (SCMBlockDeletingService.java:call(138)) - Running DeletedBlockTransactionScanner
2019-09-12 09:25:42,319 [SCMBlockDeletingService#1] DEBUG block.SCMBlockDeletingService (SCMBlockDeletingService.java:call(155)) - Scanned deleted blocks log and got 0 delTX to process.
2019-09-12 09:25:42,323 [main] INFO  impl.RaftServerProxy (ConfUtils.java:logGet(43)) - raft.rpc.type = GRPC (default)
2019-09-12 09:25:42,386 [main] INFO  grpc.GrpcFactory (GrpcFactory.java:checkPooledByteBufAllocatorUseCacheForAllThreads(45)) - PERFORMANCE WARNING: useCacheForAllThreads is true that may cause Netty to create a lot garbage objects and, as a result, trigger GC.
	It is recommended to disable useCacheForAllThreads by setting -Dorg.apache.ratis.thirdparty.io.netty.allocator.useCacheForAllThreads=false in command line.
2019-09-12 09:25:42,391 [main] INFO  grpc.GrpcConfigKeys$Server (ConfUtils.java:logGet(43)) - raft.grpc.server.port = 0 (default)
2019-09-12 09:25:42,392 [main] INFO  server.GrpcService (ConfUtils.java:logGet(43)) - raft.grpc.message.size.max = 33570816 (custom)
2019-09-12 09:25:42,393 [main] INFO  server.RaftServerConfigKeys (ConfUtils.java:logGet(43)) - raft.server.log.appender.buffer.byte-limit = 33554432 (custom)
2019-09-12 09:25:42,394 [main] INFO  server.GrpcService (ConfUtils.java:logGet(43)) - raft.grpc.flow.control.window = 1MB (=1048576) (default)
2019-09-12 09:25:42,395 [main] INFO  server.RaftServerConfigKeys (ConfUtils.java:logGet(43)) - raft.server.rpc.request.timeout = 3000ms (default)
2019-09-12 09:25:42,419 [SCMBlockDeletingService#1] DEBUG block.SCMBlockDeletingService (SCMBlockDeletingService.java:call(138)) - Running DeletedBlockTransactionScanner
2019-09-12 09:25:42,419 [SCMBlockDeletingService#1] DEBUG block.SCMBlockDeletingService (SCMBlockDeletingService.java:call(155)) - Scanned deleted blocks log and got 0 delTX to process.
2019-09-12 09:25:42,520 [SCMBlockDeletingService#0] DEBUG block.SCMBlockDeletingService (SCMBlockDeletingService.java:call(138)) - Running DeletedBlockTransactionScanner
2019-09-12 09:25:42,521 [SCMBlockDeletingService#0] DEBUG block.SCMBlockDeletingService (SCMBlockDeletingService.java:call(155)) - Scanned deleted blocks log and got 0 delTX to process.
2019-09-12 09:25:42,558 [main] INFO  server.RaftServerConfigKeys (ConfUtils.java:logGet(43)) - raft.server.storage.dir = [/workdir/hadoop-ozone/integration-test/target/test-dir/MiniOzoneClusterImpl-91ceb8d4-6dc6-4c84-835d-2cce6db9d776/datanode-0/data/ratis] (custom)
2019-09-12 09:25:42,608 [main] INFO  hdfs.DFSUtil (DFSUtil.java:httpServerTemplateForNNAndJN(1641)) - Starting Web-server for hddsDatanode at: http://0.0.0.0:0
2019-09-12 09:25:42,610 [main] INFO  server.AuthenticationFilter (AuthenticationFilter.java:constructSecretProvider(240)) - Unable to initialize FileSignerSecretProvider, falling back to use random secrets.
2019-09-12 09:25:42,611 [main] WARN  http.HttpRequestLog (HttpRequestLog.java:getRequestLog(97)) - Jetty request log can only be enabled using Log4j
2019-09-12 09:25:42,614 [main] INFO  http.HttpServer2 (HttpServer2.java:addGlobalFilter(975)) - Added global filter 'safety' (class=org.apache.hadoop.http.HttpServer2$QuotingInputFilter)
2019-09-12 09:25:42,615 [main] INFO  http.HttpServer2 (HttpServer2.java:addFilter(948)) - Added filter static_user_filter (class=org.apache.hadoop.http.lib.StaticUserWebFilter$StaticUserFilter) to context hddsDatanode
2019-09-12 09:25:42,616 [main] INFO  http.HttpServer2 (HttpServer2.java:addFilter(958)) - Added filter static_user_filter (class=org.apache.hadoop.http.lib.StaticUserWebFilter$StaticUserFilter) to context static
2019-09-12 09:25:42,616 [main] INFO  http.HttpServer2 (HttpServer2.java:addFilter(958)) - Added filter static_user_filter (class=org.apache.hadoop.http.lib.StaticUserWebFilter$StaticUserFilter) to context logs
2019-09-12 09:25:42,617 [main] INFO  http.HttpServer2 (HttpServer2.java:bindListener(1191)) - Jetty bound to port 34559
2019-09-12 09:25:42,618 [main] INFO  server.Server (Server.java:doStart(351)) - jetty-9.3.24.v20180605, build timestamp: 2018-06-05T17:11:56Z, git hash: 84205aa28f11a4f31f2a3b86d1bba2cc8ab69827
2019-09-12 09:25:42,620 [main] INFO  handler.ContextHandler (ContextHandler.java:doStart(781)) - Started o.e.j.s.ServletContextHandler@7f353d99{/logs,file:///workdir/hadoop-ozone/integration-test/target/log,AVAILABLE}
2019-09-12 09:25:42,621 [SCMBlockDeletingService#0] DEBUG block.SCMBlockDeletingService (SCMBlockDeletingService.java:call(138)) - Running DeletedBlockTransactionScanner
2019-09-12 09:25:42,621 [main] INFO  handler.ContextHandler (ContextHandler.java:doStart(781)) - Started o.e.j.s.ServletContextHandler@5d43409a{/static,jar:file:/home/user/.m2/repository/org/apache/hadoop/hadoop-hdds-container-service/0.5.0-SNAPSHOT/hadoop-hdds-container-service-0.5.0-SNAPSHOT.jar!/webapps/static,AVAILABLE}
2019-09-12 09:25:42,622 [SCMBlockDeletingService#0] DEBUG block.SCMBlockDeletingService (SCMBlockDeletingService.java:call(155)) - Scanned deleted blocks log and got 0 delTX to process.
2019-09-12 09:25:42,674 [main] INFO  handler.ContextHandler (ContextHandler.java:doStart(781)) - Started o.e.j.w.WebAppContext@767a014e{/,file:///tmp/jetty-0.0.0.0-34559-hddsDatanode-_-any-6172458539582662522.dir/webapp/,AVAILABLE}{/hddsDatanode}
2019-09-12 09:25:42,674 [main] INFO  server.AbstractConnector (AbstractConnector.java:doStart(278)) - Started ServerConnector@d109c4f{HTTP/1.1,[http/1.1]}{0.0.0.0:34559}
2019-09-12 09:25:42,676 [main] INFO  server.Server (Server.java:doStart(419)) - Started @5792ms
2019-09-12 09:25:42,676 [main] WARN  impl.MetricsSystemImpl (MetricsSystemImpl.java:register(276)) - Sink prometheus already exists!
2019-09-12 09:25:42,677 [main] INFO  server.BaseHttpServer (BaseHttpServer.java:updateConnectorAddress(215)) - HTTP server of HDDSDATANODE is listening at http://0.0.0.0:34559
2019-09-12 09:25:42,679 [main] INFO  ozone.MiniOzoneClusterImpl (MiniOzoneClusterImpl.java:lambda$waitForClusterToBeReady$0(140)) - Waiting for cluster to be ready. Got 0 of 1 DN Heartbeats.
2019-09-12 09:25:42,684 [org.apache.hadoop.util.JvmPauseMonitor$Monitor@16bcec8b] INFO  util.JvmPauseMonitor (JvmPauseMonitor.java:run(188)) - Starting JVM pause monitor
2019-09-12 09:25:42,722 [SCMBlockDeletingService#0] DEBUG block.SCMBlockDeletingService (SCMBlockDeletingService.java:call(138)) - Running DeletedBlockTransactionScanner
2019-09-12 09:25:42,723 [SCMBlockDeletingService#0] DEBUG block.SCMBlockDeletingService (SCMBlockDeletingService.java:call(155)) - Scanned deleted blocks log and got 0 delTX to process.
2019-09-12 09:25:42,806 [Datanode State Machine Thread - 0] INFO  datanode.InitDatanodeState (InitDatanodeState.java:persistContainerDatanodeDetails(140)) - DatanodeDetails is persisted to /workdir/hadoop-ozone/integration-test/target/test-dir/MiniOzoneClusterImpl-91ceb8d4-6dc6-4c84-835d-2cce6db9d776/datanode-0/meta/datanode.id
2019-09-12 09:25:42,824 [SCMBlockDeletingService#0] DEBUG block.SCMBlockDeletingService (SCMBlockDeletingService.java:call(138)) - Running DeletedBlockTransactionScanner
2019-09-12 09:25:42,824 [SCMBlockDeletingService#0] DEBUG block.SCMBlockDeletingService (SCMBlockDeletingService.java:call(155)) - Scanned deleted blocks log and got 0 delTX to process.
2019-09-12 09:25:42,925 [SCMBlockDeletingService#0] DEBUG block.SCMBlockDeletingService (SCMBlockDeletingService.java:call(138)) - Running DeletedBlockTransactionScanner
2019-09-12 09:25:42,925 [SCMBlockDeletingService#0] DEBUG block.SCMBlockDeletingService (SCMBlockDeletingService.java:call(155)) - Scanned deleted blocks log and got 0 delTX to process.
2019-09-12 09:25:43,026 [SCMBlockDeletingService#0] DEBUG block.SCMBlockDeletingService (SCMBlockDeletingService.java:call(138)) - Running DeletedBlockTransactionScanner
2019-09-12 09:25:43,026 [SCMBlockDeletingService#0] DEBUG block.SCMBlockDeletingService (SCMBlockDeletingService.java:call(155)) - Scanned deleted blocks log and got 0 delTX to process.
2019-09-12 09:25:43,127 [SCMBlockDeletingService#0] DEBUG block.SCMBlockDeletingService (SCMBlockDeletingService.java:call(138)) - Running DeletedBlockTransactionScanner
2019-09-12 09:25:43,127 [SCMBlockDeletingService#0] DEBUG block.SCMBlockDeletingService (SCMBlockDeletingService.java:call(155)) - Scanned deleted blocks log and got 0 delTX to process.
2019-09-12 09:25:43,228 [SCMBlockDeletingService#0] DEBUG block.SCMBlockDeletingService (SCMBlockDeletingService.java:call(138)) - Running DeletedBlockTransactionScanner
2019-09-12 09:25:43,228 [SCMBlockDeletingService#0] DEBUG block.SCMBlockDeletingService (SCMBlockDeletingService.java:call(155)) - Scanned deleted blocks log and got 0 delTX to process.
2019-09-12 09:25:43,329 [SCMBlockDeletingService#0] DEBUG block.SCMBlockDeletingService (SCMBlockDeletingService.java:call(138)) - Running DeletedBlockTransactionScanner
2019-09-12 09:25:43,329 [SCMBlockDeletingService#0] DEBUG block.SCMBlockDeletingService (SCMBlockDeletingService.java:call(155)) - Scanned deleted blocks log and got 0 delTX to process.
2019-09-12 09:25:43,430 [SCMBlockDeletingService#0] DEBUG block.SCMBlockDeletingService (SCMBlockDeletingService.java:call(138)) - Running DeletedBlockTransactionScanner
2019-09-12 09:25:43,430 [SCMBlockDeletingService#0] DEBUG block.SCMBlockDeletingService (SCMBlockDeletingService.java:call(155)) - Scanned deleted blocks log and got 0 delTX to process.
2019-09-12 09:25:43,531 [SCMBlockDeletingService#0] DEBUG block.SCMBlockDeletingService (SCMBlockDeletingService.java:call(138)) - Running DeletedBlockTransactionScanner
2019-09-12 09:25:43,531 [SCMBlockDeletingService#0] DEBUG block.SCMBlockDeletingService (SCMBlockDeletingService.java:call(155)) - Scanned deleted blocks log and got 0 delTX to process.
2019-09-12 09:25:43,632 [SCMBlockDeletingService#1] DEBUG block.SCMBlockDeletingService (SCMBlockDeletingService.java:call(138)) - Running DeletedBlockTransactionScanner
2019-09-12 09:25:43,632 [SCMBlockDeletingService#1] DEBUG block.SCMBlockDeletingService (SCMBlockDeletingService.java:call(155)) - Scanned deleted blocks log and got 0 delTX to process.
2019-09-12 09:25:43,680 [main] INFO  ozone.MiniOzoneClusterImpl (MiniOzoneClusterImpl.java:lambda$waitForClusterToBeReady$0(140)) - Waiting for cluster to be ready. Got 0 of 1 DN Heartbeats.
2019-09-12 09:25:43,733 [SCMBlockDeletingService#0] DEBUG block.SCMBlockDeletingService (SCMBlockDeletingService.java:call(138)) - Running DeletedBlockTransactionScanner
2019-09-12 09:25:43,733 [SCMBlockDeletingService#0] DEBUG block.SCMBlockDeletingService (SCMBlockDeletingService.java:call(155)) - Scanned deleted blocks log and got 0 delTX to process.
2019-09-12 09:25:43,834 [SCMBlockDeletingService#0] DEBUG block.SCMBlockDeletingService (SCMBlockDeletingService.java:call(138)) - Running DeletedBlockTransactionScanner
2019-09-12 09:25:43,835 [SCMBlockDeletingService#0] DEBUG block.SCMBlockDeletingService (SCMBlockDeletingService.java:call(155)) - Scanned deleted blocks log and got 0 delTX to process.
2019-09-12 09:25:43,935 [SCMBlockDeletingService#0] DEBUG block.SCMBlockDeletingService (SCMBlockDeletingService.java:call(138)) - Running DeletedBlockTransactionScanner
2019-09-12 09:25:43,935 [SCMBlockDeletingService#0] DEBUG block.SCMBlockDeletingService (SCMBlockDeletingService.java:call(155)) - Scanned deleted blocks log and got 0 delTX to process.
2019-09-12 09:25:44,036 [SCMBlockDeletingService#0] DEBUG block.SCMBlockDeletingService (SCMBlockDeletingService.java:call(138)) - Running DeletedBlockTransactionScanner
2019-09-12 09:25:44,036 [SCMBlockDeletingService#0] DEBUG block.SCMBlockDeletingService (SCMBlockDeletingService.java:call(155)) - Scanned deleted blocks log and got 0 delTX to process.
2019-09-12 09:25:44,137 [SCMBlockDeletingService#0] DEBUG block.SCMBlockDeletingService (SCMBlockDeletingService.java:call(138)) - Running DeletedBlockTransactionScanner
2019-09-12 09:25:44,138 [SCMBlockDeletingService#0] DEBUG block.SCMBlockDeletingService (SCMBlockDeletingService.java:call(155)) - Scanned deleted blocks log and got 0 delTX to process.
2019-09-12 09:25:44,239 [SCMBlockDeletingService#0] DEBUG block.SCMBlockDeletingService (SCMBlockDeletingService.java:call(138)) - Running DeletedBlockTransactionScanner
2019-09-12 09:25:44,239 [SCMBlockDeletingService#0] DEBUG block.SCMBlockDeletingService (SCMBlockDeletingService.java:call(155)) - Scanned deleted blocks log and got 0 delTX to process.
2019-09-12 09:25:44,340 [SCMBlockDeletingService#0] DEBUG block.SCMBlockDeletingService (SCMBlockDeletingService.java:call(138)) - Running DeletedBlockTransactionScanner
2019-09-12 09:25:44,340 [SCMBlockDeletingService#0] DEBUG block.SCMBlockDeletingService (SCMBlockDeletingService.java:call(155)) - Scanned deleted blocks log and got 0 delTX to process.
2019-09-12 09:25:44,441 [SCMBlockDeletingService#0] DEBUG block.SCMBlockDeletingService (SCMBlockDeletingService.java:call(138)) - Running DeletedBlockTransactionScanner
2019-09-12 09:25:44,441 [SCMBlockDeletingService#0] DEBUG block.SCMBlockDeletingService (SCMBlockDeletingService.java:call(155)) - Scanned deleted blocks log and got 0 delTX to process.
2019-09-12 09:25:44,542 [SCMBlockDeletingService#0] DEBUG block.SCMBlockDeletingService (SCMBlockDeletingService.java:call(138)) - Running DeletedBlockTransactionScanner
2019-09-12 09:25:44,542 [SCMBlockDeletingService#0] DEBUG block.SCMBlockDeletingService (SCMBlockDeletingService.java:call(155)) - Scanned deleted blocks log and got 0 delTX to process.
2019-09-12 09:25:44,643 [SCMBlockDeletingService#0] DEBUG block.SCMBlockDeletingService (SCMBlockDeletingService.java:call(138)) - Running DeletedBlockTransactionScanner
2019-09-12 09:25:44,643 [SCMBlockDeletingService#0] DEBUG block.SCMBlockDeletingService (SCMBlockDeletingService.java:call(155)) - Scanned deleted blocks log and got 0 delTX to process.
2019-09-12 09:25:44,681 [main] INFO  ozone.MiniOzoneClusterImpl (MiniOzoneClusterImpl.java:lambda$waitForClusterToBeReady$0(140)) - Waiting for cluster to be ready. Got 0 of 1 DN Heartbeats.
2019-09-12 09:25:44,744 [SCMBlockDeletingService#0] DEBUG block.SCMBlockDeletingService (SCMBlockDeletingService.java:call(138)) - Running DeletedBlockTransactionScanner
2019-09-12 09:25:44,744 [SCMBlockDeletingService#0] DEBUG block.SCMBlockDeletingService (SCMBlockDeletingService.java:call(155)) - Scanned deleted blocks log and got 0 delTX to process.
2019-09-12 09:25:44,828 [Datanode State Machine Thread - 0] INFO  ozoneimpl.OzoneContainer (OzoneContainer.java:start(217)) - Attempting to start container services.
2019-09-12 09:25:44,831 [Datanode State Machine Thread - 0] INFO  ozoneimpl.OzoneContainer (OzoneContainer.java:startContainerScrub(179)) - Background container scanner has been disabled.
2019-09-12 09:25:44,831 [Datanode State Machine Thread - 0] INFO  ratis.XceiverServerRatis (XceiverServerRatis.java:start(404)) - Starting XceiverServerRatis b50d6464-f54a-40d1-9f81-f1c19654fd05 at port 0
2019-09-12 09:25:44,845 [SCMBlockDeletingService#0] DEBUG block.SCMBlockDeletingService (SCMBlockDeletingService.java:call(138)) - Running DeletedBlockTransactionScanner
2019-09-12 09:25:44,845 [SCMBlockDeletingService#0] DEBUG block.SCMBlockDeletingService (SCMBlockDeletingService.java:call(155)) - Scanned deleted blocks log and got 0 delTX to process.
2019-09-12 09:25:44,859 [Datanode State Machine Thread - 0] INFO  impl.RaftServerProxy (RaftServerProxy.java:lambda$start$3(299)) - b50d6464-f54a-40d1-9f81-f1c19654fd05: start RPC server
2019-09-12 09:25:44,946 [SCMBlockDeletingService#0] DEBUG block.SCMBlockDeletingService (SCMBlockDeletingService.java:call(138)) - Running DeletedBlockTransactionScanner
2019-09-12 09:25:44,947 [SCMBlockDeletingService#0] DEBUG block.SCMBlockDeletingService (SCMBlockDeletingService.java:call(155)) - Scanned deleted blocks log and got 0 delTX to process.
2019-09-12 09:25:45,001 [Datanode State Machine Thread - 0] INFO  server.GrpcService (GrpcService.java:startImpl(158)) - b50d6464-f54a-40d1-9f81-f1c19654fd05: GrpcService started, listening on 0.0.0.0/0.0.0.0:45986
2019-09-12 09:25:45,002 [Datanode State Machine Thread - 0] INFO  ratis.XceiverServerRatis (XceiverServerRatis.java:start(414)) - XceiverServerRatis b50d6464-f54a-40d1-9f81-f1c19654fd05 is started using port 45986
2019-09-12 09:25:45,008 [Datanode State Machine Thread - 0] INFO  server.XceiverServerGrpc (XceiverServerGrpc.java:start(163)) - XceiverServerGrpc b50d6464-f54a-40d1-9f81-f1c19654fd05 is started using port 37045
2019-09-12 09:25:45,047 [SCMBlockDeletingService#0] DEBUG block.SCMBlockDeletingService (SCMBlockDeletingService.java:call(138)) - Running DeletedBlockTransactionScanner
2019-09-12 09:25:45,048 [SCMBlockDeletingService#0] DEBUG block.SCMBlockDeletingService (SCMBlockDeletingService.java:call(155)) - Scanned deleted blocks log and got 0 delTX to process.
2019-09-12 09:25:45,148 [SCMBlockDeletingService#0] DEBUG block.SCMBlockDeletingService (SCMBlockDeletingService.java:call(138)) - Running DeletedBlockTransactionScanner
2019-09-12 09:25:45,149 [SCMBlockDeletingService#0] DEBUG block.SCMBlockDeletingService (SCMBlockDeletingService.java:call(155)) - Scanned deleted blocks log and got 0 delTX to process.
2019-09-12 09:25:45,250 [SCMBlockDeletingService#0] DEBUG block.SCMBlockDeletingService (SCMBlockDeletingService.java:call(138)) - Running DeletedBlockTransactionScanner
2019-09-12 09:25:45,250 [SCMBlockDeletingService#0] DEBUG block.SCMBlockDeletingService (SCMBlockDeletingService.java:call(155)) - Scanned deleted blocks log and got 0 delTX to process.
2019-09-12 09:25:45,351 [SCMBlockDeletingService#0] DEBUG block.SCMBlockDeletingService (SCMBlockDeletingService.java:call(138)) - Running DeletedBlockTransactionScanner
2019-09-12 09:25:45,351 [SCMBlockDeletingService#0] DEBUG block.SCMBlockDeletingService (SCMBlockDeletingService.java:call(155)) - Scanned deleted blocks log and got 0 delTX to process.
2019-09-12 09:25:45,452 [SCMBlockDeletingService#0] DEBUG block.SCMBlockDeletingService (SCMBlockDeletingService.java:call(138)) - Running DeletedBlockTransactionScanner
2019-09-12 09:25:45,452 [SCMBlockDeletingService#0] DEBUG block.SCMBlockDeletingService (SCMBlockDeletingService.java:call(155)) - Scanned deleted blocks log and got 0 delTX to process.
2019-09-12 09:25:45,553 [SCMBlockDeletingService#0] DEBUG block.SCMBlockDeletingService (SCMBlockDeletingService.java:call(138)) - Running DeletedBlockTransactionScanner
2019-09-12 09:25:45,554 [SCMBlockDeletingService#0] DEBUG block.SCMBlockDeletingService (SCMBlockDeletingService.java:call(155)) - Scanned deleted blocks log and got 0 delTX to process.
2019-09-12 09:25:45,654 [SCMBlockDeletingService#0] DEBUG block.SCMBlockDeletingService (SCMBlockDeletingService.java:call(138)) - Running DeletedBlockTransactionScanner
2019-09-12 09:25:45,655 [SCMBlockDeletingService#0] DEBUG block.SCMBlockDeletingService (SCMBlockDeletingService.java:call(155)) - Scanned deleted blocks log and got 0 delTX to process.
2019-09-12 09:25:45,681 [main] INFO  ozone.MiniOzoneClusterImpl (MiniOzoneClusterImpl.java:lambda$waitForClusterToBeReady$0(140)) - Waiting for cluster to be ready. Got 0 of 1 DN Heartbeats.
2019-09-12 09:25:45,756 [SCMBlockDeletingService#0] DEBUG block.SCMBlockDeletingService (SCMBlockDeletingService.java:call(138)) - Running DeletedBlockTransactionScanner
2019-09-12 09:25:45,756 [SCMBlockDeletingService#0] DEBUG block.SCMBlockDeletingService (SCMBlockDeletingService.java:call(155)) - Scanned deleted blocks log and got 0 delTX to process.
2019-09-12 09:25:45,856 [SCMBlockDeletingService#0] DEBUG block.SCMBlockDeletingService (SCMBlockDeletingService.java:call(138)) - Running DeletedBlockTransactionScanner
2019-09-12 09:25:45,857 [SCMBlockDeletingService#0] DEBUG block.SCMBlockDeletingService (SCMBlockDeletingService.java:call(155)) - Scanned deleted blocks log and got 0 delTX to process.
2019-09-12 09:25:45,957 [SCMBlockDeletingService#0] DEBUG block.SCMBlockDeletingService (SCMBlockDeletingService.java:call(138)) - Running DeletedBlockTransactionScanner
2019-09-12 09:25:45,958 [SCMBlockDeletingService#0] DEBUG block.SCMBlockDeletingService (SCMBlockDeletingService.java:call(155)) - Scanned deleted blocks log and got 0 delTX to process.
2019-09-12 09:25:46,058 [SCMBlockDeletingService#0] DEBUG block.SCMBlockDeletingService (SCMBlockDeletingService.java:call(138)) - Running DeletedBlockTransactionScanner
2019-09-12 09:25:46,059 [SCMBlockDeletingService#0] DEBUG block.SCMBlockDeletingService (SCMBlockDeletingService.java:call(155)) - Scanned deleted blocks log and got 0 delTX to process.
2019-09-12 09:25:46,159 [SCMBlockDeletingService#0] DEBUG block.SCMBlockDeletingService (SCMBlockDeletingService.java:call(138)) - Running DeletedBlockTransactionScanner
2019-09-12 09:25:46,160 [SCMBlockDeletingService#0] DEBUG block.SCMBlockDeletingService (SCMBlockDeletingService.java:call(155)) - Scanned deleted blocks log and got 0 delTX to process.
2019-09-12 09:25:46,260 [SCMBlockDeletingService#0] DEBUG block.SCMBlockDeletingService (SCMBlockDeletingService.java:call(138)) - Running DeletedBlockTransactionScanner
2019-09-12 09:25:46,261 [SCMBlockDeletingService#0] DEBUG block.SCMBlockDeletingService (SCMBlockDeletingService.java:call(155)) - Scanned deleted blocks log and got 0 delTX to process.
2019-09-12 09:25:46,361 [SCMBlockDeletingService#0] DEBUG block.SCMBlockDeletingService (SCMBlockDeletingService.java:call(138)) - Running DeletedBlockTransactionScanner
2019-09-12 09:25:46,362 [SCMBlockDeletingService#0] DEBUG block.SCMBlockDeletingService (SCMBlockDeletingService.java:call(155)) - Scanned deleted blocks log and got 0 delTX to process.
2019-09-12 09:25:46,463 [SCMBlockDeletingService#0] DEBUG block.SCMBlockDeletingService (SCMBlockDeletingService.java:call(138)) - Running DeletedBlockTransactionScanner
2019-09-12 09:25:46,463 [SCMBlockDeletingService#0] DEBUG block.SCMBlockDeletingService (SCMBlockDeletingService.java:call(155)) - Scanned deleted blocks log and got 0 delTX to process.
2019-09-12 09:25:46,564 [SCMBlockDeletingService#0] DEBUG block.SCMBlockDeletingService (SCMBlockDeletingService.java:call(138)) - Running DeletedBlockTransactionScanner
2019-09-12 09:25:46,564 [SCMBlockDeletingService#0] DEBUG block.SCMBlockDeletingService (SCMBlockDeletingService.java:call(155)) - Scanned deleted blocks log and got 0 delTX to process.
2019-09-12 09:25:46,665 [SCMBlockDeletingService#0] DEBUG block.SCMBlockDeletingService (SCMBlockDeletingService.java:call(138)) - Running DeletedBlockTransactionScanner
2019-09-12 09:25:46,665 [SCMBlockDeletingService#0] DEBUG block.SCMBlockDeletingService (SCMBlockDeletingService.java:call(155)) - Scanned deleted blocks log and got 0 delTX to process.
2019-09-12 09:25:46,682 [main] INFO  ozone.MiniOzoneClusterImpl (MiniOzoneClusterImpl.java:lambda$waitForClusterToBeReady$0(140)) - Waiting for cluster to be ready. Got 0 of 1 DN Heartbeats.
2019-09-12 09:25:46,721 [IPC Server handler 0 on 36783] INFO  net.NetworkTopology (NetworkTopologyImpl.java:add(110)) - Added a new node: /default-rack/b50d6464-f54a-40d1-9f81-f1c19654fd05
2019-09-12 09:25:46,722 [IPC Server handler 0 on 36783] INFO  node.SCMNodeManager (SCMNodeManager.java:register(266)) - Registered Data node : b50d6464-f54a-40d1-9f81-f1c19654fd05{ip: 192.168.69.112, host: pr-hdds-2117-slf27-1599733614, networkLocation: /default-rack, certSerialId: null}
2019-09-12 09:25:46,727 [EventQueue-NodeRegistrationContainerReportForDataNodeSafeModeRule] INFO  safemode.SCMSafeModeManager (DataNodeSafeModeRule.java:process(71)) - SCM in safe mode. 1 DataNodes registered, 1 required.
2019-09-12 09:25:46,727 [EventQueue-NodeRegistrationContainerReportForContainerSafeModeRule] INFO  safemode.SCMSafeModeManager (SCMSafeModeManager.java:validateSafeModeExitRules(177)) - ScmSafeModeManager, all rules are successfully validated
2019-09-12 09:25:46,727 [EventQueue-NodeRegistrationContainerReportForContainerSafeModeRule] INFO  safemode.SCMSafeModeManager (SCMSafeModeManager.java:exitSafeMode(193)) - SCM exiting safe mode.
2019-09-12 09:25:46,766 [SCMBlockDeletingService#1] DEBUG block.SCMBlockDeletingService (SCMBlockDeletingService.java:call(138)) - Running DeletedBlockTransactionScanner
2019-09-12 09:25:46,766 [SCMBlockDeletingService#1] DEBUG block.SCMBlockDeletingService (SCMBlockDeletingService.java:call(155)) - Scanned deleted blocks log and got 0 delTX to process.
2019-09-12 09:25:46,867 [SCMBlockDeletingService#1] DEBUG block.SCMBlockDeletingService (SCMBlockDeletingService.java:call(138)) - Running DeletedBlockTransactionScanner
2019-09-12 09:25:46,867 [SCMBlockDeletingService#1] DEBUG block.SCMBlockDeletingService (SCMBlockDeletingService.java:call(155)) - Scanned deleted blocks log and got 0 delTX to process.
2019-09-12 09:25:46,968 [SCMBlockDeletingService#1] DEBUG block.SCMBlockDeletingService (SCMBlockDeletingService.java:call(138)) - Running DeletedBlockTransactionScanner
2019-09-12 09:25:46,968 [SCMBlockDeletingService#1] DEBUG block.SCMBlockDeletingService (SCMBlockDeletingService.java:call(155)) - Scanned deleted blocks log and got 0 delTX to process.
2019-09-12 09:25:47,069 [SCMBlockDeletingService#1] DEBUG block.SCMBlockDeletingService (SCMBlockDeletingService.java:call(138)) - Running DeletedBlockTransactionScanner
2019-09-12 09:25:47,069 [SCMBlockDeletingService#1] DEBUG block.SCMBlockDeletingService (SCMBlockDeletingService.java:call(155)) - Scanned deleted blocks log and got 0 delTX to process.
2019-09-12 09:25:47,170 [SCMBlockDeletingService#0] DEBUG block.SCMBlockDeletingService (SCMBlockDeletingService.java:call(138)) - Running DeletedBlockTransactionScanner
2019-09-12 09:25:47,172 [SCMBlockDeletingService#0] DEBUG block.SCMBlockDeletingService (SCMBlockDeletingService.java:call(155)) - Scanned deleted blocks log and got 0 delTX to process.
2019-09-12 09:25:47,273 [SCMBlockDeletingService#0] DEBUG block.SCMBlockDeletingService (SCMBlockDeletingService.java:call(138)) - Running DeletedBlockTransactionScanner
2019-09-12 09:25:47,276 [SCMBlockDeletingService#0] DEBUG block.SCMBlockDeletingService (SCMBlockDeletingService.java:call(155)) - Scanned deleted blocks log and got 0 delTX to process.
2019-09-12 09:25:47,312 [grpc-default-executor-0] INFO  impl.RaftServerProxy (RaftServerProxy.java:addNew(89)) - b50d6464-f54a-40d1-9f81-f1c19654fd05: addNew group-1F53027F28E3:[b50d6464-f54a-40d1-9f81-f1c19654fd05:192.168.69.112:45986] returns group-1F53027F28E3:java.util.concurrent.CompletableFuture@55911006[Not completed]
2019-09-12 09:25:47,330 [pool-27-thread-1] INFO  impl.RaftServerImpl (RaftServerImpl.java:<init>(95)) - b50d6464-f54a-40d1-9f81-f1c19654fd05: new RaftServerImpl for group-1F53027F28E3:[b50d6464-f54a-40d1-9f81-f1c19654fd05:192.168.69.112:45986] with ContainerStateMachine:uninitialized
2019-09-12 09:25:47,333 [pool-27-thread-1] INFO  server.RaftServerConfigKeys (ConfUtils.java:logGet(43)) - raft.server.rpc.timeout.min = 5s (custom)
2019-09-12 09:25:47,334 [pool-27-thread-1] INFO  server.RaftServerConfigKeys (ConfUtils.java:logGet(43)) - raft.server.rpc.timeout.max = 5200ms (custom)
2019-09-12 09:25:47,334 [pool-27-thread-1] INFO  server.RaftServerConfigKeys (ConfUtils.java:logGet(43)) - raft.server.rpcslowness.timeout = 120s (custom)
2019-09-12 09:25:47,335 [pool-27-thread-1] INFO  server.RaftServerConfigKeys (ConfUtils.java:logGet(43)) - raft.server.sleep.deviation.threshold = 300 (default)
2019-09-12 09:25:47,336 [pool-27-thread-1] INFO  server.RaftServerConfigKeys (ConfUtils.java:logGet(43)) - raft.server.log.appender.install.snapshot.enabled = false (custom)
2019-09-12 09:25:47,346 [pool-27-thread-1] INFO  impl.RaftServerImpl (ServerState.java:<init>(103)) - b50d6464-f54a-40d1-9f81-f1c19654fd05@group-1F53027F28E3: ConfigurationManager, init=-1: [b50d6464-f54a-40d1-9f81-f1c19654fd05:192.168.69.112:45986], old=null, confs=<EMPTY_MAP>
2019-09-12 09:25:47,346 [pool-27-thread-1] INFO  server.RaftServerConfigKeys (ConfUtils.java:logGet(43)) - raft.server.storage.dir = [/workdir/hadoop-ozone/integration-test/target/test-dir/MiniOzoneClusterImpl-91ceb8d4-6dc6-4c84-835d-2cce6db9d776/datanode-0/data/ratis] (custom)
2019-09-12 09:25:47,354 [pool-27-thread-1] INFO  storage.RaftStorageDirectory (RaftStorageDirectory.java:analyzeStorage(246)) - The storage directory /workdir/hadoop-ozone/integration-test/target/test-dir/MiniOzoneClusterImpl-91ceb8d4-6dc6-4c84-835d-2cce6db9d776/datanode-0/data/ratis/6602e0f3-b3f6-4d5c-8eba-1f53027f28e3 does not exist. Creating ...
2019-09-12 09:25:47,374 [pool-27-thread-1] INFO  storage.RaftStorageDirectory (RaftStorageDirectory.java:tryLock(328)) - Lock on /workdir/hadoop-ozone/integration-test/target/test-dir/MiniOzoneClusterImpl-91ceb8d4-6dc6-4c84-835d-2cce6db9d776/datanode-0/data/ratis/6602e0f3-b3f6-4d5c-8eba-1f53027f28e3/in_use.lock acquired by nodename 3229@pr-hdds-2117-slf27-1599733614
2019-09-12 09:25:47,376 [SCMBlockDeletingService#0] DEBUG block.SCMBlockDeletingService (SCMBlockDeletingService.java:call(138)) - Running DeletedBlockTransactionScanner
2019-09-12 09:25:47,376 [SCMBlockDeletingService#0] DEBUG block.SCMBlockDeletingService (SCMBlockDeletingService.java:call(155)) - Scanned deleted blocks log and got 0 delTX to process.
2019-09-12 09:25:47,392 [pool-27-thread-1] INFO  storage.RaftStorage (RaftStorage.java:format(72)) - Storage directory /workdir/hadoop-ozone/integration-test/target/test-dir/MiniOzoneClusterImpl-91ceb8d4-6dc6-4c84-835d-2cce6db9d776/datanode-0/data/ratis/6602e0f3-b3f6-4d5c-8eba-1f53027f28e3 has been successfully formatted.
2019-09-12 09:25:47,406 [pool-27-thread-1] INFO  ratis.ContainerStateMachine (ContainerStateMachine.java:loadSnapshot(230)) - group-1F53027F28E3: The snapshot info is null. Setting the last applied indexto:(t:0, i:~)
2019-09-12 09:25:47,406 [pool-27-thread-1] INFO  server.RaftServerConfigKeys (ConfUtils.java:logGet(43)) - raft.server.notification.no-leader.timeout = 120s (custom)
2019-09-12 09:25:47,410 [pool-27-thread-1] INFO  server.RaftServerConfigKeys (ConfUtils.java:logGet(43)) - raft.server.log.use.memory = false (default)
2019-09-12 09:25:47,418 [pool-27-thread-1] INFO  server.RaftServerConfigKeys (ConfUtils.java:logGet(43)) - raft.server.log.purge.gap = 1000000 (custom)
2019-09-12 09:25:47,419 [pool-27-thread-1] INFO  server.RaftServerConfigKeys (ConfUtils.java:logGet(43)) - raft.server.log.appender.buffer.byte-limit = 33554432 (custom)
2019-09-12 09:25:47,422 [pool-27-thread-1] INFO  server.RaftServerConfigKeys (ConfUtils.java:logGet(43)) - raft.server.log.segment.size.max = 1048576 (custom)
2019-09-12 09:25:47,428 [pool-27-thread-1] INFO  server.RaftServerConfigKeys (ConfUtils.java:logGet(43)) - raft.server.log.segment.cache.num.max = 2 (custom)
2019-09-12 09:25:47,436 [pool-27-thread-1] INFO  segmented.SegmentedRaftLogWorker (SegmentedRaftLogWorker.java:<init>(172)) - new b50d6464-f54a-40d1-9f81-f1c19654fd05@group-1F53027F28E3-SegmentedRaftLogWorker for RaftStorage:Storage Directory /workdir/hadoop-ozone/integration-test/target/test-dir/MiniOzoneClusterImpl-91ceb8d4-6dc6-4c84-835d-2cce6db9d776/datanode-0/data/ratis/6602e0f3-b3f6-4d5c-8eba-1f53027f28e3
2019-09-12 09:25:47,438 [pool-27-thread-1] INFO  impl.MetricsSystemImpl (MetricsSystemImpl.java:init(158)) - ratis metrics system started (again)
2019-09-12 09:25:47,477 [SCMBlockDeletingService#1] DEBUG block.SCMBlockDeletingService (SCMBlockDeletingService.java:call(138)) - Running DeletedBlockTransactionScanner
2019-09-12 09:25:47,477 [SCMBlockDeletingService#1] DEBUG block.SCMBlockDeletingService (SCMBlockDeletingService.java:call(155)) - Scanned deleted blocks log and got 0 delTX to process.
2019-09-12 09:25:47,482 [pool-27-thread-1] INFO  server.RaftServerConfigKeys (ConfUtils.java:logGet(43)) - raft.server.log.queue.byte-limit = 2147483647 (custom)
2019-09-12 09:25:47,483 [pool-27-thread-1] INFO  server.RaftServerConfigKeys (ConfUtils.java:logGet(43)) - raft.server.log.queue.element-limit = 1024 (custom)
2019-09-12 09:25:47,487 [pool-27-thread-1] INFO  server.RaftServerConfigKeys (ConfUtils.java:logGet(43)) - raft.server.log.segment.size.max = 1048576 (custom)
2019-09-12 09:25:47,487 [pool-27-thread-1] INFO  server.RaftServerConfigKeys (ConfUtils.java:logGet(43)) - raft.server.log.preallocated.size = 16384 (custom)
2019-09-12 09:25:47,488 [pool-27-thread-1] INFO  server.RaftServerConfigKeys (ConfUtils.java:logGet(43)) - raft.server.log.write.buffer.size = 33554432 (custom)
2019-09-12 09:25:47,489 [pool-27-thread-1] INFO  server.RaftServerConfigKeys (ConfUtils.java:logGet(43)) - raft.server.log.force.sync.num = 128 (default)
2019-09-12 09:25:47,490 [pool-27-thread-1] INFO  server.RaftServerConfigKeys (ConfUtils.java:logGet(43)) - raft.server.log.statemachine.data.sync = true (default)
2019-09-12 09:25:47,490 [pool-27-thread-1] INFO  server.RaftServerConfigKeys (ConfUtils.java:logGet(43)) - raft.server.log.statemachine.data.sync.timeout = 10s (default)
2019-09-12 09:25:47,491 [pool-27-thread-1] INFO  server.RaftServerConfigKeys (ConfUtils.java:logGet(43)) - raft.server.log.statemachine.data.sync.timeout.retry = -1 (default)
2019-09-12 09:25:47,501 [pool-27-thread-1] INFO  server.RaftServerConfigKeys (ConfUtils.java:logGet(43)) - raft.server.log.statemachine.data.caching.enabled = true (custom)
2019-09-12 09:25:47,512 [pool-27-thread-1] INFO  segmented.SegmentedRaftLogWorker (SegmentedRaftLogWorker.java:lambda$new$0(132)) - b50d6464-f54a-40d1-9f81-f1c19654fd05@group-1F53027F28E3-SegmentedRaftLogWorker: flushIndex: setUnconditionally 0 -> -1
2019-09-12 09:25:47,517 [pool-27-thread-1] INFO  server.RaftServerConfigKeys (ConfUtils.java:logGet(43)) - raft.server.snapshot.auto.trigger.enabled = true (custom)
2019-09-12 09:25:47,518 [pool-27-thread-1] INFO  server.RaftServerConfigKeys (ConfUtils.java:logGet(43)) - raft.server.snapshot.auto.trigger.threshold = 10000 (custom)
2019-09-12 09:25:47,519 [pool-27-thread-1] INFO  server.RaftServerConfigKeys (ConfUtils.java:logGet(43)) - raft.server.snapshot.retention.num.files = -1 (default)
2019-09-12 09:25:47,519 [pool-27-thread-1] INFO  server.RaftServerConfigKeys (ConfUtils.java:logGet(43)) - raft.server.retrycache.expirytime = 600000ms (custom)
2019-09-12 09:25:47,546 [pool-27-thread-1] INFO  impl.RaftServerImpl (RaftServerImpl.java:start(185)) - b50d6464-f54a-40d1-9f81-f1c19654fd05@group-1F53027F28E3: start as a follower, conf=-1: [b50d6464-f54a-40d1-9f81-f1c19654fd05:192.168.69.112:45986], old=null
2019-09-12 09:25:47,547 [pool-27-thread-1] INFO  impl.RaftServerImpl (RaftServerImpl.java:setRole(174)) - b50d6464-f54a-40d1-9f81-f1c19654fd05@group-1F53027F28E3: changes role from      null to FOLLOWER at term 0 for startAsFollower
2019-09-12 09:25:47,548 [pool-27-thread-1] INFO  impl.RoleInfo (RoleInfo.java:updateAndGet(143)) - b50d6464-f54a-40d1-9f81-f1c19654fd05: start FollowerState
2019-09-12 09:25:47,550 [pool-27-thread-1] INFO  util.JmxRegister (JmxRegister.java:tryRegister(44)) - Successfully registered JMX Bean with object name Ratis:service=RaftServer,group=group-1F53027F28E3,id=b50d6464-f54a-40d1-9f81-f1c19654fd05
2019-09-12 09:25:47,577 [SCMBlockDeletingService#1] DEBUG block.SCMBlockDeletingService (SCMBlockDeletingService.java:call(138)) - Running DeletedBlockTransactionScanner
2019-09-12 09:25:47,578 [SCMBlockDeletingService#1] DEBUG block.SCMBlockDeletingService (SCMBlockDeletingService.java:call(155)) - Scanned deleted blocks log and got 0 delTX to process.
2019-09-12 09:25:47,614 [RatisPipelineUtilsThread] INFO  pipeline.PipelineStateManager (PipelineStateManager.java:addPipeline(56)) - Created pipeline Pipeline[ Id: 6602e0f3-b3f6-4d5c-8eba-1f53027f28e3, Nodes: b50d6464-f54a-40d1-9f81-f1c19654fd05{ip: 192.168.69.112, host: pr-hdds-2117-slf27-1599733614, networkLocation: /default-rack, certSerialId: null}, Type:RATIS, Factor:ONE, State:OPEN]
2019-09-12 09:25:47,679 [SCMBlockDeletingService#1] DEBUG block.SCMBlockDeletingService (SCMBlockDeletingService.java:call(138)) - Running DeletedBlockTransactionScanner
2019-09-12 09:25:47,679 [SCMBlockDeletingService#1] DEBUG block.SCMBlockDeletingService (SCMBlockDeletingService.java:call(155)) - Scanned deleted blocks log and got 0 delTX to process.
2019-09-12 09:25:47,682 [main] INFO  ozone.MiniOzoneClusterImpl (MiniOzoneClusterImpl.java:lambda$waitForClusterToBeReady$0(140)) - Cluster is ready. Got 1 of 1 DN Heartbeats.
2019-09-12 09:25:47,780 [SCMBlockDeletingService#1] DEBUG block.SCMBlockDeletingService (SCMBlockDeletingService.java:call(138)) - Running DeletedBlockTransactionScanner
2019-09-12 09:25:47,780 [SCMBlockDeletingService#1] DEBUG block.SCMBlockDeletingService (SCMBlockDeletingService.java:call(155)) - Scanned deleted blocks log and got 0 delTX to process.
2019-09-12 09:25:47,881 [SCMBlockDeletingService#0] DEBUG block.SCMBlockDeletingService (SCMBlockDeletingService.java:call(138)) - Running DeletedBlockTransactionScanner
2019-09-12 09:25:47,881 [SCMBlockDeletingService#0] DEBUG block.SCMBlockDeletingService (SCMBlockDeletingService.java:call(155)) - Scanned deleted blocks log and got 0 delTX to process.
2019-09-12 09:25:47,981 [SCMBlockDeletingService#0] DEBUG block.SCMBlockDeletingService (SCMBlockDeletingService.java:call(138)) - Running DeletedBlockTransactionScanner
2019-09-12 09:25:47,982 [SCMBlockDeletingService#0] DEBUG block.SCMBlockDeletingService (SCMBlockDeletingService.java:call(155)) - Scanned deleted blocks log and got 0 delTX to process.
2019-09-12 09:25:48,082 [SCMBlockDeletingService#0] DEBUG block.SCMBlockDeletingService (SCMBlockDeletingService.java:call(138)) - Running DeletedBlockTransactionScanner
2019-09-12 09:25:48,083 [SCMBlockDeletingService#0] DEBUG block.SCMBlockDeletingService (SCMBlockDeletingService.java:call(155)) - Scanned deleted blocks log and got 0 delTX to process.
2019-09-12 09:25:48,183 [SCMBlockDeletingService#0] DEBUG block.SCMBlockDeletingService (SCMBlockDeletingService.java:call(138)) - Running DeletedBlockTransactionScanner
2019-09-12 09:25:48,184 [SCMBlockDeletingService#0] DEBUG block.SCMBlockDeletingService (SCMBlockDeletingService.java:call(155)) - Scanned deleted blocks log and got 0 delTX to process.
2019-09-12 09:25:48,284 [SCMBlockDeletingService#1] DEBUG block.SCMBlockDeletingService (SCMBlockDeletingService.java:call(138)) - Running DeletedBlockTransactionScanner
2019-09-12 09:25:48,285 [SCMBlockDeletingService#1] DEBUG block.SCMBlockDeletingService (SCMBlockDeletingService.java:call(155)) - Scanned deleted blocks log and got 0 delTX to process.
2019-09-12 09:25:48,385 [SCMBlockDeletingService#1] DEBUG block.SCMBlockDeletingService (SCMBlockDeletingService.java:call(138)) - Running DeletedBlockTransactionScanner
2019-09-12 09:25:48,386 [SCMBlockDeletingService#1] DEBUG block.SCMBlockDeletingService (SCMBlockDeletingService.java:call(155)) - Scanned deleted blocks log and got 0 delTX to process.
2019-09-12 09:25:48,486 [SCMBlockDeletingService#1] DEBUG block.SCMBlockDeletingService (SCMBlockDeletingService.java:call(138)) - Running DeletedBlockTransactionScanner
2019-09-12 09:25:48,487 [SCMBlockDeletingService#1] DEBUG block.SCMBlockDeletingService (SCMBlockDeletingService.java:call(155)) - Scanned deleted blocks log and got 0 delTX to process.
2019-09-12 09:25:48,587 [SCMBlockDeletingService#1] DEBUG block.SCMBlockDeletingService (SCMBlockDeletingService.java:call(138)) - Running DeletedBlockTransactionScanner
2019-09-12 09:25:48,588 [SCMBlockDeletingService#1] DEBUG block.SCMBlockDeletingService (SCMBlockDeletingService.java:call(155)) - Scanned deleted blocks log and got 0 delTX to process.
2019-09-12 09:25:48,689 [SCMBlockDeletingService#1] DEBUG block.SCMBlockDeletingService (SCMBlockDeletingService.java:call(138)) - Running DeletedBlockTransactionScanner
2019-09-12 09:25:48,690 [SCMBlockDeletingService#1] DEBUG block.SCMBlockDeletingService (SCMBlockDeletingService.java:call(155)) - Scanned deleted blocks log and got 0 delTX to process.
2019-09-12 09:25:48,790 [SCMBlockDeletingService#1] DEBUG block.SCMBlockDeletingService (SCMBlockDeletingService.java:call(138)) - Running DeletedBlockTransactionScanner
2019-09-12 09:25:48,791 [SCMBlockDeletingService#1] DEBUG block.SCMBlockDeletingService (SCMBlockDeletingService.java:call(155)) - Scanned deleted blocks log and got 0 delTX to process.
2019-09-12 09:25:48,891 [SCMBlockDeletingService#1] DEBUG block.SCMBlockDeletingService (SCMBlockDeletingService.java:call(138)) - Running DeletedBlockTransactionScanner
2019-09-12 09:25:48,891 [SCMBlockDeletingService#1] DEBUG block.SCMBlockDeletingService (SCMBlockDeletingService.java:call(155)) - Scanned deleted blocks log and got 0 delTX to process.
2019-09-12 09:25:48,992 [SCMBlockDeletingService#1] DEBUG block.SCMBlockDeletingService (SCMBlockDeletingService.java:call(138)) - Running DeletedBlockTransactionScanner
2019-09-12 09:25:48,992 [SCMBlockDeletingService#1] DEBUG block.SCMBlockDeletingService (SCMBlockDeletingService.java:call(155)) - Scanned deleted blocks log and got 0 delTX to process.
2019-09-12 09:25:49,093 [SCMBlockDeletingService#1] DEBUG block.SCMBlockDeletingService (SCMBlockDeletingService.java:call(138)) - Running DeletedBlockTransactionScanner
2019-09-12 09:25:49,093 [SCMBlockDeletingService#1] DEBUG block.SCMBlockDeletingService (SCMBlockDeletingService.java:call(155)) - Scanned deleted blocks log and got 0 delTX to process.
2019-09-12 09:25:49,193 [SCMBlockDeletingService#1] DEBUG block.SCMBlockDeletingService (SCMBlockDeletingService.java:call(138)) - Running DeletedBlockTransactionScanner
2019-09-12 09:25:49,194 [SCMBlockDeletingService#1] DEBUG block.SCMBlockDeletingService (SCMBlockDeletingService.java:call(155)) - Scanned deleted blocks log and got 0 delTX to process.
2019-09-12 09:25:49,295 [SCMBlockDeletingService#1] DEBUG block.SCMBlockDeletingService (SCMBlockDeletingService.java:call(138)) - Running DeletedBlockTransactionScanner
2019-09-12 09:25:49,295 [SCMBlockDeletingService#1] DEBUG block.SCMBlockDeletingService (SCMBlockDeletingService.java:call(155)) - Scanned deleted blocks log and got 0 delTX to process.
2019-09-12 09:25:49,396 [SCMBlockDeletingService#1] DEBUG block.SCMBlockDeletingService (SCMBlockDeletingService.java:call(138)) - Running DeletedBlockTransactionScanner
2019-09-12 09:25:49,397 [SCMBlockDeletingService#1] DEBUG block.SCMBlockDeletingService (SCMBlockDeletingService.java:call(155)) - Scanned deleted blocks log and got 0 delTX to process.
2019-09-12 09:25:49,497 [SCMBlockDeletingService#1] DEBUG block.SCMBlockDeletingService (SCMBlockDeletingService.java:call(138)) - Running DeletedBlockTransactionScanner
2019-09-12 09:25:49,497 [SCMBlockDeletingService#1] DEBUG block.SCMBlockDeletingService (SCMBlockDeletingService.java:call(155)) - Scanned deleted blocks log and got 0 delTX to process.
2019-09-12 09:25:49,598 [SCMBlockDeletingService#1] DEBUG block.SCMBlockDeletingService (SCMBlockDeletingService.java:call(138)) - Running DeletedBlockTransactionScanner
2019-09-12 09:25:49,598 [SCMBlockDeletingService#1] DEBUG block.SCMBlockDeletingService (SCMBlockDeletingService.java:call(155)) - Scanned deleted blocks log and got 0 delTX to process.
2019-09-12 09:25:49,698 [SCMBlockDeletingService#1] DEBUG block.SCMBlockDeletingService (SCMBlockDeletingService.java:call(138)) - Running DeletedBlockTransactionScanner
2019-09-12 09:25:49,699 [SCMBlockDeletingService#1] DEBUG block.SCMBlockDeletingService (SCMBlockDeletingService.java:call(155)) - Scanned deleted blocks log and got 0 delTX to process.
2019-09-12 09:25:49,735 [Thread-156] INFO  container.ReplicationManager (ReplicationManager.java:start(162)) - Starting Replication Monitor Thread.
2019-09-12 09:25:49,738 [ReplicationMonitor] INFO  container.ReplicationManager (ReplicationManager.java:run(225)) - Replication Monitor Thread took 1 milliseconds for processing 0 containers.
2019-09-12 09:25:49,799 [SCMBlockDeletingService#1] DEBUG block.SCMBlockDeletingService (SCMBlockDeletingService.java:call(138)) - Running DeletedBlockTransactionScanner
2019-09-12 09:25:49,800 [SCMBlockDeletingService#1] DEBUG block.SCMBlockDeletingService (SCMBlockDeletingService.java:call(155)) - Scanned deleted blocks log and got 0 delTX to process.
2019-09-12 09:25:49,900 [SCMBlockDeletingService#1] DEBUG block.SCMBlockDeletingService (SCMBlockDeletingService.java:call(138)) - Running DeletedBlockTransactionScanner
2019-09-12 09:25:49,900 [SCMBlockDeletingService#1] DEBUG block.SCMBlockDeletingService (SCMBlockDeletingService.java:call(155)) - Scanned deleted blocks log and got 0 delTX to process.
2019-09-12 09:25:50,001 [SCMBlockDeletingService#1] DEBUG block.SCMBlockDeletingService (SCMBlockDeletingService.java:call(138)) - Running DeletedBlockTransactionScanner
2019-09-12 09:25:50,001 [SCMBlockDeletingService#1] DEBUG block.SCMBlockDeletingService (SCMBlockDeletingService.java:call(155)) - Scanned deleted blocks log and got 0 delTX to process.
2019-09-12 09:25:50,102 [SCMBlockDeletingService#1] DEBUG block.SCMBlockDeletingService (SCMBlockDeletingService.java:call(138)) - Running DeletedBlockTransactionScanner
2019-09-12 09:25:50,102 [SCMBlockDeletingService#1] DEBUG block.SCMBlockDeletingService (SCMBlockDeletingService.java:call(155)) - Scanned deleted blocks log and got 0 delTX to process.
2019-09-12 09:25:50,202 [SCMBlockDeletingService#1] DEBUG block.SCMBlockDeletingService (SCMBlockDeletingService.java:call(138)) - Running DeletedBlockTransactionScanner
2019-09-12 09:25:50,203 [SCMBlockDeletingService#1] DEBUG block.SCMBlockDeletingService (SCMBlockDeletingService.java:call(155)) - Scanned deleted blocks log and got 0 delTX to process.
2019-09-12 09:25:50,314 [SCMBlockDeletingService#1] DEBUG block.SCMBlockDeletingService (SCMBlockDeletingService.java:call(138)) - Running DeletedBlockTransactionScanner
2019-09-12 09:25:50,314 [SCMBlockDeletingService#1] DEBUG block.SCMBlockDeletingService (SCMBlockDeletingService.java:call(155)) - Scanned deleted blocks log and got 0 delTX to process.
2019-09-12 09:25:50,340 [main] INFO  rpc.RpcClient (RpcClient.java:createVolume(301)) - Creating Volume: 19c1d352-7602-4fc6-933c-8bf03a81aef8, with jenkins1000 as owner.
2019-09-12 09:25:50,415 [SCMBlockDeletingService#1] DEBUG block.SCMBlockDeletingService (SCMBlockDeletingService.java:call(138)) - Running DeletedBlockTransactionScanner
2019-09-12 09:25:50,415 [SCMBlockDeletingService#1] DEBUG block.SCMBlockDeletingService (SCMBlockDeletingService.java:call(155)) - Scanned deleted blocks log and got 0 delTX to process.
2019-09-12 09:25:50,463 [IPC Server handler 0 on 46219] INFO  volume.OMVolumeCreateRequest (OMVolumeCreateRequest.java:validateAndUpdateCache(189)) - created volume:19c1d352-7602-4fc6-933c-8bf03a81aef8 for user:jenkins1000
2019-09-12 09:25:50,486 [main] INFO  rpc.RpcClient (RpcClient.java:createBucket(440)) - Creating Bucket: 19c1d352-7602-4fc6-933c-8bf03a81aef8/cc648fb2-12bd-4536-9fd6-a9f8b527eef8, with Versioning false and Storage Type set to DISK and Encryption set to false 
2019-09-12 09:25:50,515 [SCMBlockDeletingService#1] DEBUG block.SCMBlockDeletingService (SCMBlockDeletingService.java:call(138)) - Running DeletedBlockTransactionScanner
2019-09-12 09:25:50,516 [SCMBlockDeletingService#1] DEBUG block.SCMBlockDeletingService (SCMBlockDeletingService.java:call(155)) - Scanned deleted blocks log and got 0 delTX to process.
2019-09-12 09:25:50,616 [SCMBlockDeletingService#1] DEBUG block.SCMBlockDeletingService (SCMBlockDeletingService.java:call(138)) - Running DeletedBlockTransactionScanner
2019-09-12 09:25:50,617 [SCMBlockDeletingService#1] DEBUG block.SCMBlockDeletingService (SCMBlockDeletingService.java:call(155)) - Scanned deleted blocks log and got 0 delTX to process.
2019-09-12 09:25:50,717 [SCMBlockDeletingService#1] DEBUG block.SCMBlockDeletingService (SCMBlockDeletingService.java:call(138)) - Running DeletedBlockTransactionScanner
2019-09-12 09:25:50,718 [SCMBlockDeletingService#1] DEBUG block.SCMBlockDeletingService (SCMBlockDeletingService.java:call(155)) - Scanned deleted blocks log and got 0 delTX to process.
2019-09-12 09:25:51,120 [SCMBlockDeletingService#1] DEBUG block.SCMBlockDeletingService (SCMBlockDeletingService.java:call(138)) - Running DeletedBlockTransactionScanner
2019-09-12 09:25:51,121 [SCMBlockDeletingService#1] DEBUG block.SCMBlockDeletingService (SCMBlockDeletingService.java:call(155)) - Scanned deleted blocks log and got 0 delTX to process.
2019-09-12 09:25:51,221 [SCMBlockDeletingService#1] DEBUG block.SCMBlockDeletingService (SCMBlockDeletingService.java:call(138)) - Running DeletedBlockTransactionScanner
2019-09-12 09:25:51,221 [SCMBlockDeletingService#1] DEBUG block.SCMBlockDeletingService (SCMBlockDeletingService.java:call(155)) - Scanned deleted blocks log and got 0 delTX to process.
2019-09-12 09:25:51,322 [SCMBlockDeletingService#1] DEBUG block.SCMBlockDeletingService (SCMBlockDeletingService.java:call(138)) - Running DeletedBlockTransactionScanner
2019-09-12 09:25:51,322 [SCMBlockDeletingService#1] DEBUG block.SCMBlockDeletingService (SCMBlockDeletingService.java:call(155)) - Scanned deleted blocks log and got 0 delTX to process.
2019-09-12 09:25:51,338 [main] INFO  impl.MetricsSystemImpl (MetricsSystemImpl.java:init(158)) - XceiverClientMetrics metrics system started (again)
2019-09-12 09:25:51,423 [SCMBlockDeletingService#1] DEBUG block.SCMBlockDeletingService (SCMBlockDeletingService.java:call(138)) - Running DeletedBlockTransactionScanner
2019-09-12 09:25:51,423 [SCMBlockDeletingService#1] DEBUG block.SCMBlockDeletingService (SCMBlockDeletingService.java:call(155)) - Scanned deleted blocks log and got 0 delTX to process.
2019-09-12 09:25:51,471 [grpc-default-executor-2] INFO  client.GrpcClientProtocolClient (GrpcClientProtocolClient.java:onNext(264)) - client-8B023739F3BF->b50d6464-f54a-40d1-9f81-f1c19654fd05: receive RaftClientReply:client-8B023739F3BF->b50d6464-f54a-40d1-9f81-f1c19654fd05@group-1F53027F28E3, cid=1, FAILED org.apache.ratis.protocol.NotLeaderException: Server b50d6464-f54a-40d1-9f81-f1c19654fd05@group-1F53027F28E3 is not the leader, logIndex=0, commits[b50d6464-f54a-40d1-9f81-f1c19654fd05:c-1]
2019-09-12 09:25:51,524 [SCMBlockDeletingService#1] DEBUG block.SCMBlockDeletingService (SCMBlockDeletingService.java:call(138)) - Running DeletedBlockTransactionScanner
2019-09-12 09:25:51,524 [SCMBlockDeletingService#1] DEBUG block.SCMBlockDeletingService (SCMBlockDeletingService.java:call(155)) - Scanned deleted blocks log and got 0 delTX to process.
2019-09-12 09:25:51,624 [SCMBlockDeletingService#1] DEBUG block.SCMBlockDeletingService (SCMBlockDeletingService.java:call(138)) - Running DeletedBlockTransactionScanner
2019-09-12 09:25:51,625 [SCMBlockDeletingService#1] DEBUG block.SCMBlockDeletingService (SCMBlockDeletingService.java:call(155)) - Scanned deleted blocks log and got 0 delTX to process.
2019-09-12 09:25:51,725 [SCMBlockDeletingService#1] DEBUG block.SCMBlockDeletingService (SCMBlockDeletingService.java:call(138)) - Running DeletedBlockTransactionScanner
2019-09-12 09:25:51,725 [SCMBlockDeletingService#1] DEBUG block.SCMBlockDeletingService (SCMBlockDeletingService.java:call(155)) - Scanned deleted blocks log and got 0 delTX to process.
2019-09-12 09:25:51,825 [SCMBlockDeletingService#1] DEBUG block.SCMBlockDeletingService (SCMBlockDeletingService.java:call(138)) - Running DeletedBlockTransactionScanner
2019-09-12 09:25:51,826 [SCMBlockDeletingService#1] DEBUG block.SCMBlockDeletingService (SCMBlockDeletingService.java:call(155)) - Scanned deleted blocks log and got 0 delTX to process.
2019-09-12 09:25:51,926 [SCMBlockDeletingService#1] DEBUG block.SCMBlockDeletingService (SCMBlockDeletingService.java:call(138)) - Running DeletedBlockTransactionScanner
2019-09-12 09:25:51,926 [SCMBlockDeletingService#1] DEBUG block.SCMBlockDeletingService (SCMBlockDeletingService.java:call(155)) - Scanned deleted blocks log and got 0 delTX to process.
2019-09-12 09:25:52,027 [SCMBlockDeletingService#1] DEBUG block.SCMBlockDeletingService (SCMBlockDeletingService.java:call(138)) - Running DeletedBlockTransactionScanner
2019-09-12 09:25:52,027 [SCMBlockDeletingService#1] DEBUG block.SCMBlockDeletingService (SCMBlockDeletingService.java:call(155)) - Scanned deleted blocks log and got 0 delTX to process.
2019-09-12 09:25:52,127 [SCMBlockDeletingService#1] DEBUG block.SCMBlockDeletingService (SCMBlockDeletingService.java:call(138)) - Running DeletedBlockTransactionScanner
2019-09-12 09:25:52,128 [SCMBlockDeletingService#1] DEBUG block.SCMBlockDeletingService (SCMBlockDeletingService.java:call(155)) - Scanned deleted blocks log and got 0 delTX to process.
2019-09-12 09:25:52,228 [SCMBlockDeletingService#1] DEBUG block.SCMBlockDeletingService (SCMBlockDeletingService.java:call(138)) - Running DeletedBlockTransactionScanner
2019-09-12 09:25:52,228 [SCMBlockDeletingService#1] DEBUG block.SCMBlockDeletingService (SCMBlockDeletingService.java:call(155)) - Scanned deleted blocks log and got 0 delTX to process.
2019-09-12 09:25:52,329 [SCMBlockDeletingService#1] DEBUG block.SCMBlockDeletingService (SCMBlockDeletingService.java:call(138)) - Running DeletedBlockTransactionScanner
2019-09-12 09:25:52,329 [SCMBlockDeletingService#1] DEBUG block.SCMBlockDeletingService (SCMBlockDeletingService.java:call(155)) - Scanned deleted blocks log and got 0 delTX to process.
2019-09-12 09:25:52,430 [SCMBlockDeletingService#1] DEBUG block.SCMBlockDeletingService (SCMBlockDeletingService.java:call(138)) - Running DeletedBlockTransactionScanner
2019-09-12 09:25:52,430 [SCMBlockDeletingService#1] DEBUG block.SCMBlockDeletingService (SCMBlockDeletingService.java:call(155)) - Scanned deleted blocks log and got 0 delTX to process.
2019-09-12 09:25:52,530 [SCMBlockDeletingService#1] DEBUG block.SCMBlockDeletingService (SCMBlockDeletingService.java:call(138)) - Running DeletedBlockTransactionScanner
2019-09-12 09:25:52,531 [SCMBlockDeletingService#1] DEBUG block.SCMBlockDeletingService (SCMBlockDeletingService.java:call(155)) - Scanned deleted blocks log and got 0 delTX to process.
2019-09-12 09:25:52,631 [SCMBlockDeletingService#1] DEBUG block.SCMBlockDeletingService (SCMBlockDeletingService.java:call(138)) - Running DeletedBlockTransactionScanner
2019-09-12 09:25:52,631 [SCMBlockDeletingService#1] DEBUG block.SCMBlockDeletingService (SCMBlockDeletingService.java:call(155)) - Scanned deleted blocks log and got 0 delTX to process.
2019-09-12 09:25:52,704 [Thread-158] INFO  impl.FollowerState (FollowerState.java:run(106)) - b50d6464-f54a-40d1-9f81-f1c19654fd05:group-1F53027F28E3 changes to CANDIDATE, lastRpcTime:5156, electionTimeout:5155ms
2019-09-12 09:25:52,707 [Thread-158] INFO  impl.RoleInfo (RoleInfo.java:shutdownFollowerState(121)) - b50d6464-f54a-40d1-9f81-f1c19654fd05: shutdown FollowerState
2019-09-12 09:25:52,708 [Thread-158] INFO  impl.RaftServerImpl (RaftServerImpl.java:setRole(174)) - b50d6464-f54a-40d1-9f81-f1c19654fd05@group-1F53027F28E3: changes role from  FOLLOWER to CANDIDATE at term 0 for changeToCandidate
2019-09-12 09:25:52,715 [Thread-158] INFO  impl.RoleInfo (RoleInfo.java:updateAndGet(143)) - b50d6464-f54a-40d1-9f81-f1c19654fd05: start LeaderElection
2019-09-12 09:25:52,732 [SCMBlockDeletingService#1] DEBUG block.SCMBlockDeletingService (SCMBlockDeletingService.java:call(138)) - Running DeletedBlockTransactionScanner
2019-09-12 09:25:52,732 [SCMBlockDeletingService#1] DEBUG block.SCMBlockDeletingService (SCMBlockDeletingService.java:call(155)) - Scanned deleted blocks log and got 0 delTX to process.
2019-09-12 09:25:52,737 [b50d6464-f54a-40d1-9f81-f1c19654fd05@group-1F53027F28E3:LeaderElection1] INFO  impl.LeaderElection (LeaderElection.java:askForVotes(182)) - b50d6464-f54a-40d1-9f81-f1c19654fd05@group-1F53027F28E3:LeaderElection1: begin an election at term 1 for -1: [b50d6464-f54a-40d1-9f81-f1c19654fd05:192.168.69.112:45986], old=null
2019-09-12 09:25:52,739 [b50d6464-f54a-40d1-9f81-f1c19654fd05@group-1F53027F28E3:LeaderElection1] INFO  impl.RoleInfo (RoleInfo.java:shutdownLeaderElection(134)) - b50d6464-f54a-40d1-9f81-f1c19654fd05: shutdown LeaderElection
2019-09-12 09:25:52,740 [b50d6464-f54a-40d1-9f81-f1c19654fd05@group-1F53027F28E3:LeaderElection1] INFO  impl.RaftServerImpl (RaftServerImpl.java:setRole(174)) - b50d6464-f54a-40d1-9f81-f1c19654fd05@group-1F53027F28E3: changes role from CANDIDATE to LEADER at term 1 for changeToLeader
2019-09-12 09:25:52,740 [b50d6464-f54a-40d1-9f81-f1c19654fd05@group-1F53027F28E3:LeaderElection1] INFO  impl.RaftServerImpl (ServerState.java:setLeader(253)) - b50d6464-f54a-40d1-9f81-f1c19654fd05@group-1F53027F28E3: change Leader from null to b50d6464-f54a-40d1-9f81-f1c19654fd05 at term 1 for becomeLeader, leader elected after 5333ms
2019-09-12 09:25:52,747 [b50d6464-f54a-40d1-9f81-f1c19654fd05@group-1F53027F28E3:LeaderElection1] INFO  server.RaftServerConfigKeys (ConfUtils.java:logGet(43)) - raft.server.staging.catchup.gap = 1000 (default)
2019-09-12 09:25:52,747 [b50d6464-f54a-40d1-9f81-f1c19654fd05@group-1F53027F28E3:LeaderElection1] INFO  server.RaftServerConfigKeys (ConfUtils.java:logGet(43)) - raft.server.rpc.sleep.time = 25ms (default)
2019-09-12 09:25:52,751 [b50d6464-f54a-40d1-9f81-f1c19654fd05@group-1F53027F28E3:LeaderElection1] INFO  server.RaftServerConfigKeys (ConfUtils.java:logGet(43)) - raft.server.write.element-limit = 4096 (default)
2019-09-12 09:25:52,754 [b50d6464-f54a-40d1-9f81-f1c19654fd05@group-1F53027F28E3:LeaderElection1] INFO  server.RaftServerConfigKeys (ConfUtils.java:logGet(43)) - raft.server.watch.timeout = 10s (default)
2019-09-12 09:25:52,754 [b50d6464-f54a-40d1-9f81-f1c19654fd05@group-1F53027F28E3:LeaderElection1] INFO  server.RaftServerConfigKeys (ConfUtils.java:logGet(43)) - raft.server.watch.timeout.denomination = 1s (default)
2019-09-12 09:25:52,755 [b50d6464-f54a-40d1-9f81-f1c19654fd05@group-1F53027F28E3:LeaderElection1] INFO  server.RaftServerConfigKeys (ConfUtils.java:logGet(43)) - raft.server.watch.element-limit = 65536 (default)
2019-09-12 09:25:52,798 [b50d6464-f54a-40d1-9f81-f1c19654fd05@group-1F53027F28E3:LeaderElection1] INFO  impl.RoleInfo (RoleInfo.java:updateAndGet(143)) - b50d6464-f54a-40d1-9f81-f1c19654fd05: start LeaderState
2019-09-12 09:25:52,823 [b50d6464-f54a-40d1-9f81-f1c19654fd05@group-1F53027F28E3:LeaderElection1] INFO  segmented.SegmentedRaftLogWorker (SegmentedRaftLogWorker.java:startLogSegment(380)) - b50d6464-f54a-40d1-9f81-f1c19654fd05@group-1F53027F28E3-SegmentedRaftLogWorker: Starting segment from index:0
2019-09-12 09:25:52,833 [SCMBlockDeletingService#1] DEBUG block.SCMBlockDeletingService (SCMBlockDeletingService.java:call(138)) - Running DeletedBlockTransactionScanner
2019-09-12 09:25:52,833 [SCMBlockDeletingService#1] DEBUG block.SCMBlockDeletingService (SCMBlockDeletingService.java:call(155)) - Scanned deleted blocks log and got 0 delTX to process.
2019-09-12 09:25:52,833 [b50d6464-f54a-40d1-9f81-f1c19654fd05@group-1F53027F28E3:LeaderElection1] INFO  impl.RaftServerImpl (ServerState.java:setRaftConf(354)) - b50d6464-f54a-40d1-9f81-f1c19654fd05@group-1F53027F28E3: set configuration 0: [b50d6464-f54a-40d1-9f81-f1c19654fd05:192.168.69.112:45986], old=null at 0
2019-09-12 09:25:52,933 [SCMBlockDeletingService#1] DEBUG block.SCMBlockDeletingService (SCMBlockDeletingService.java:call(138)) - Running DeletedBlockTransactionScanner
2019-09-12 09:25:52,934 [SCMBlockDeletingService#1] DEBUG block.SCMBlockDeletingService (SCMBlockDeletingService.java:call(155)) - Scanned deleted blocks log and got 0 delTX to process.
2019-09-12 09:25:53,034 [SCMBlockDeletingService#1] DEBUG block.SCMBlockDeletingService (SCMBlockDeletingService.java:call(138)) - Running DeletedBlockTransactionScanner
2019-09-12 09:25:53,035 [SCMBlockDeletingService#1] DEBUG block.SCMBlockDeletingService (SCMBlockDeletingService.java:call(155)) - Scanned deleted blocks log and got 0 delTX to process.
2019-09-12 09:25:53,036 [b50d6464-f54a-40d1-9f81-f1c19654fd05@group-1F53027F28E3-SegmentedRaftLogWorker] INFO  segmented.SegmentedRaftLogWorker (SegmentedRaftLogWorker.java:execute(569)) - b50d6464-f54a-40d1-9f81-f1c19654fd05@group-1F53027F28E3-SegmentedRaftLogWorker: created new log segment /workdir/hadoop-ozone/integration-test/target/test-dir/MiniOzoneClusterImpl-91ceb8d4-6dc6-4c84-835d-2cce6db9d776/datanode-0/data/ratis/6602e0f3-b3f6-4d5c-8eba-1f53027f28e3/current/log_inprogress_0
2019-09-12 09:25:53,135 [SCMBlockDeletingService#1] DEBUG block.SCMBlockDeletingService (SCMBlockDeletingService.java:call(138)) - Running DeletedBlockTransactionScanner
2019-09-12 09:25:53,135 [SCMBlockDeletingService#1] DEBUG block.SCMBlockDeletingService (SCMBlockDeletingService.java:call(155)) - Scanned deleted blocks log and got 0 delTX to process.
2019-09-12 09:25:53,236 [SCMBlockDeletingService#1] DEBUG block.SCMBlockDeletingService (SCMBlockDeletingService.java:call(138)) - Running DeletedBlockTransactionScanner
2019-09-12 09:25:53,236 [SCMBlockDeletingService#1] DEBUG block.SCMBlockDeletingService (SCMBlockDeletingService.java:call(155)) - Scanned deleted blocks log and got 0 delTX to process.
2019-09-12 09:25:53,336 [SCMBlockDeletingService#1] DEBUG block.SCMBlockDeletingService (SCMBlockDeletingService.java:call(138)) - Running DeletedBlockTransactionScanner
2019-09-12 09:25:53,337 [SCMBlockDeletingService#1] DEBUG block.SCMBlockDeletingService (SCMBlockDeletingService.java:call(155)) - Scanned deleted blocks log and got 0 delTX to process.
2019-09-12 09:25:53,437 [SCMBlockDeletingService#1] DEBUG block.SCMBlockDeletingService (SCMBlockDeletingService.java:call(138)) - Running DeletedBlockTransactionScanner
2019-09-12 09:25:53,438 [SCMBlockDeletingService#1] DEBUG block.SCMBlockDeletingService (SCMBlockDeletingService.java:call(155)) - Scanned deleted blocks log and got 0 delTX to process.
2019-09-12 09:25:53,538 [SCMBlockDeletingService#1] DEBUG block.SCMBlockDeletingService (SCMBlockDeletingService.java:call(138)) - Running DeletedBlockTransactionScanner
2019-09-12 09:25:53,538 [SCMBlockDeletingService#1] DEBUG block.SCMBlockDeletingService (SCMBlockDeletingService.java:call(155)) - Scanned deleted blocks log and got 0 delTX to process.
2019-09-12 09:25:53,639 [SCMBlockDeletingService#1] DEBUG block.SCMBlockDeletingService (SCMBlockDeletingService.java:call(138)) - Running DeletedBlockTransactionScanner
2019-09-12 09:25:53,639 [SCMBlockDeletingService#1] DEBUG block.SCMBlockDeletingService (SCMBlockDeletingService.java:call(155)) - Scanned deleted blocks log and got 0 delTX to process.
2019-09-12 09:25:53,740 [SCMBlockDeletingService#1] DEBUG block.SCMBlockDeletingService (SCMBlockDeletingService.java:call(138)) - Running DeletedBlockTransactionScanner
2019-09-12 09:25:53,740 [SCMBlockDeletingService#1] DEBUG block.SCMBlockDeletingService (SCMBlockDeletingService.java:call(155)) - Scanned deleted blocks log and got 0 delTX to process.
2019-09-12 09:25:53,792 [grpc-default-executor-1] INFO  client.GrpcClientProtocolClient (GrpcClientProtocolClient.java:onNext(264)) - client-8B023739F3BF->b50d6464-f54a-40d1-9f81-f1c19654fd05: receive RaftClientReply:client-8B023739F3BF->b50d6464-f54a-40d1-9f81-f1c19654fd05@group-1F53027F28E3, cid=1, SUCCESS, logIndex=1, commits[b50d6464-f54a-40d1-9f81-f1c19654fd05:c1]
2019-09-12 09:25:53,841 [SCMBlockDeletingService#1] DEBUG block.SCMBlockDeletingService (SCMBlockDeletingService.java:call(138)) - Running DeletedBlockTransactionScanner
2019-09-12 09:25:53,841 [SCMBlockDeletingService#1] DEBUG block.SCMBlockDeletingService (SCMBlockDeletingService.java:call(155)) - Scanned deleted blocks log and got 0 delTX to process.
2019-09-12 09:25:53,941 [SCMBlockDeletingService#1] DEBUG block.SCMBlockDeletingService (SCMBlockDeletingService.java:call(138)) - Running DeletedBlockTransactionScanner
2019-09-12 09:25:53,942 [SCMBlockDeletingService#1] DEBUG block.SCMBlockDeletingService (SCMBlockDeletingService.java:call(155)) - Scanned deleted blocks log and got 0 delTX to process.
2019-09-12 09:25:54,042 [SCMBlockDeletingService#1] DEBUG block.SCMBlockDeletingService (SCMBlockDeletingService.java:call(138)) - Running DeletedBlockTransactionScanner
2019-09-12 09:25:54,043 [SCMBlockDeletingService#1] DEBUG block.SCMBlockDeletingService (SCMBlockDeletingService.java:call(155)) - Scanned deleted blocks log and got 0 delTX to process.
2019-09-12 09:25:54,143 [SCMBlockDeletingService#1] DEBUG block.SCMBlockDeletingService (SCMBlockDeletingService.java:call(138)) - Running DeletedBlockTransactionScanner
2019-09-12 09:25:54,143 [SCMBlockDeletingService#1] DEBUG block.SCMBlockDeletingService (SCMBlockDeletingService.java:call(155)) - Scanned deleted blocks log and got 0 delTX to process.
2019-09-12 09:25:54,216 [grpc-default-executor-2] INFO  client.GrpcClientProtocolClient (GrpcClientProtocolClient.java:onNext(264)) - client-8B023739F3BF->b50d6464-f54a-40d1-9f81-f1c19654fd05: receive RaftClientReply:client-8B023739F3BF->b50d6464-f54a-40d1-9f81-f1c19654fd05@group-1F53027F28E3, cid=2, SUCCESS, logIndex=3, commits[b50d6464-f54a-40d1-9f81-f1c19654fd05:c7]
2019-09-12 09:25:54,221 [grpc-default-executor-2] INFO  client.GrpcClientProtocolClient (GrpcClientProtocolClient.java:onNext(264)) - client-8B023739F3BF->b50d6464-f54a-40d1-9f81-f1c19654fd05: receive RaftClientReply:client-8B023739F3BF->b50d6464-f54a-40d1-9f81-f1c19654fd05@group-1F53027F28E3, cid=3, SUCCESS, logIndex=5, commits[b50d6464-f54a-40d1-9f81-f1c19654fd05:c7]
2019-09-12 09:25:54,222 [grpc-default-executor-2] INFO  client.GrpcClientProtocolClient (GrpcClientProtocolClient.java:onNext(264)) - client-8B023739F3BF->b50d6464-f54a-40d1-9f81-f1c19654fd05: receive RaftClientReply:client-8B023739F3BF->b50d6464-f54a-40d1-9f81-f1c19654fd05@group-1F53027F28E3, cid=4, SUCCESS, logIndex=6, commits[b50d6464-f54a-40d1-9f81-f1c19654fd05:c7]
2019-09-12 09:25:54,245 [SCMBlockDeletingService#1] DEBUG block.SCMBlockDeletingService (SCMBlockDeletingService.java:call(138)) - Running DeletedBlockTransactionScanner
2019-09-12 09:25:54,245 [SCMBlockDeletingService#1] DEBUG block.SCMBlockDeletingService (SCMBlockDeletingService.java:call(155)) - Scanned deleted blocks log and got 0 delTX to process.
2019-09-12 09:25:54,277 [grpc-default-executor-2] INFO  client.GrpcClientProtocolClient (GrpcClientProtocolClient.java:onNext(264)) - client-8B023739F3BF->b50d6464-f54a-40d1-9f81-f1c19654fd05: receive RaftClientReply:client-8B023739F3BF->b50d6464-f54a-40d1-9f81-f1c19654fd05@group-1F53027F28E3, cid=5, SUCCESS, logIndex=8, commits[b50d6464-f54a-40d1-9f81-f1c19654fd05:c11]
2019-09-12 09:25:54,281 [grpc-default-executor-2] INFO  client.GrpcClientProtocolClient (GrpcClientProtocolClient.java:onNext(264)) - client-8B023739F3BF->b50d6464-f54a-40d1-9f81-f1c19654fd05: receive RaftClientReply:client-8B023739F3BF->b50d6464-f54a-40d1-9f81-f1c19654fd05@group-1F53027F28E3, cid=6, SUCCESS, logIndex=9, commits[b50d6464-f54a-40d1-9f81-f1c19654fd05:c11]
2019-09-12 09:25:54,282 [grpc-default-executor-2] INFO  client.GrpcClientProtocolClient (GrpcClientProtocolClient.java:onNext(264)) - client-8B023739F3BF->b50d6464-f54a-40d1-9f81-f1c19654fd05: receive RaftClientReply:client-8B023739F3BF->b50d6464-f54a-40d1-9f81-f1c19654fd05@group-1F53027F28E3, cid=7, SUCCESS, logIndex=10, commits[b50d6464-f54a-40d1-9f81-f1c19654fd05:c11]
2019-09-12 09:25:54,283 [grpc-default-executor-2] INFO  client.GrpcClientProtocolClient (GrpcClientProtocolClient.java:onNext(264)) - client-8B023739F3BF->b50d6464-f54a-40d1-9f81-f1c19654fd05: receive RaftClientReply:client-8B023739F3BF->b50d6464-f54a-40d1-9f81-f1c19654fd05@group-1F53027F28E3, cid=8, SUCCESS, logIndex=11, commits[b50d6464-f54a-40d1-9f81-f1c19654fd05:c11]
2019-09-12 09:25:54,345 [SCMBlockDeletingService#1] DEBUG block.SCMBlockDeletingService (SCMBlockDeletingService.java:call(138)) - Running DeletedBlockTransactionScanner
2019-09-12 09:25:54,346 [SCMBlockDeletingService#1] DEBUG block.SCMBlockDeletingService (SCMBlockDeletingService.java:call(155)) - Scanned deleted blocks log and got 0 delTX to process.
2019-09-12 09:25:54,446 [SCMBlockDeletingService#1] DEBUG block.SCMBlockDeletingService (SCMBlockDeletingService.java:call(138)) - Running DeletedBlockTransactionScanner
2019-09-12 09:25:54,447 [SCMBlockDeletingService#1] DEBUG block.SCMBlockDeletingService (SCMBlockDeletingService.java:call(155)) - Scanned deleted blocks log and got 0 delTX to process.
2019-09-12 09:25:54,533 [grpc-default-executor-1] INFO  client.GrpcClientProtocolClient (GrpcClientProtocolClient.java:onNext(264)) - client-8B023739F3BF->b50d6464-f54a-40d1-9f81-f1c19654fd05: receive RaftClientReply:client-8B023739F3BF->b50d6464-f54a-40d1-9f81-f1c19654fd05@group-1F53027F28E3, cid=9, SUCCESS, logIndex=13, commits[b50d6464-f54a-40d1-9f81-f1c19654fd05:c16]
2019-09-12 09:25:54,547 [SCMBlockDeletingService#1] DEBUG block.SCMBlockDeletingService (SCMBlockDeletingService.java:call(138)) - Running DeletedBlockTransactionScanner
2019-09-12 09:25:54,547 [SCMBlockDeletingService#1] DEBUG block.SCMBlockDeletingService (SCMBlockDeletingService.java:call(155)) - Scanned deleted blocks log and got 0 delTX to process.
2019-09-12 09:25:54,631 [grpc-default-executor-1] INFO  client.GrpcClientProtocolClient (GrpcClientProtocolClient.java:onNext(264)) - client-8B023739F3BF->b50d6464-f54a-40d1-9f81-f1c19654fd05: receive RaftClientReply:client-8B023739F3BF->b50d6464-f54a-40d1-9f81-f1c19654fd05@group-1F53027F28E3, cid=10, SUCCESS, logIndex=14, commits[b50d6464-f54a-40d1-9f81-f1c19654fd05:c17]
2019-09-12 09:25:54,633 [grpc-default-executor-1] INFO  client.GrpcClientProtocolClient (GrpcClientProtocolClient.java:onNext(264)) - client-8B023739F3BF->b50d6464-f54a-40d1-9f81-f1c19654fd05: receive RaftClientReply:client-8B023739F3BF->b50d6464-f54a-40d1-9f81-f1c19654fd05@group-1F53027F28E3, cid=11, SUCCESS, logIndex=15, commits[b50d6464-f54a-40d1-9f81-f1c19654fd05:c17]
2019-09-12 09:25:54,634 [grpc-default-executor-1] INFO  client.GrpcClientProtocolClient (GrpcClientProtocolClient.java:onNext(264)) - client-8B023739F3BF->b50d6464-f54a-40d1-9f81-f1c19654fd05: receive RaftClientReply:client-8B023739F3BF->b50d6464-f54a-40d1-9f81-f1c19654fd05@group-1F53027F28E3, cid=12, SUCCESS, logIndex=16, commits[b50d6464-f54a-40d1-9f81-f1c19654fd05:c17]
2019-09-12 09:25:54,648 [SCMBlockDeletingService#1] DEBUG block.SCMBlockDeletingService (SCMBlockDeletingService.java:call(138)) - Running DeletedBlockTransactionScanner
2019-09-12 09:25:54,648 [SCMBlockDeletingService#1] DEBUG block.SCMBlockDeletingService (SCMBlockDeletingService.java:call(155)) - Scanned deleted blocks log and got 0 delTX to process.
2019-09-12 09:25:54,666 [grpc-default-executor-2] INFO  client.GrpcClientProtocolClient (GrpcClientProtocolClient.java:onNext(264)) - client-8B023739F3BF->b50d6464-f54a-40d1-9f81-f1c19654fd05: receive RaftClientReply:client-8B023739F3BF->b50d6464-f54a-40d1-9f81-f1c19654fd05@group-1F53027F28E3, cid=13, SUCCESS, logIndex=18, commits[b50d6464-f54a-40d1-9f81-f1c19654fd05:c19]
2019-09-12 09:25:54,668 [grpc-default-executor-2] INFO  client.GrpcClientProtocolClient (GrpcClientProtocolClient.java:onNext(264)) - client-8B023739F3BF->b50d6464-f54a-40d1-9f81-f1c19654fd05: receive RaftClientReply:client-8B023739F3BF->b50d6464-f54a-40d1-9f81-f1c19654fd05@group-1F53027F28E3, cid=14, SUCCESS, logIndex=19, commits[b50d6464-f54a-40d1-9f81-f1c19654fd05:c19]
2019-09-12 09:25:54,676 [grpc-default-executor-2] INFO  client.GrpcClientProtocolClient (GrpcClientProtocolClient.java:onNext(264)) - client-8B023739F3BF->b50d6464-f54a-40d1-9f81-f1c19654fd05: receive RaftClientReply:client-8B023739F3BF->b50d6464-f54a-40d1-9f81-f1c19654fd05@group-1F53027F28E3, cid=15, SUCCESS, logIndex=21, commits[b50d6464-f54a-40d1-9f81-f1c19654fd05:c22]
2019-09-12 09:25:54,678 [grpc-default-executor-2] INFO  client.GrpcClientProtocolClient (GrpcClientProtocolClient.java:onNext(264)) - client-8B023739F3BF->b50d6464-f54a-40d1-9f81-f1c19654fd05: receive RaftClientReply:client-8B023739F3BF->b50d6464-f54a-40d1-9f81-f1c19654fd05@group-1F53027F28E3, cid=16, SUCCESS, logIndex=22, commits[b50d6464-f54a-40d1-9f81-f1c19654fd05:c22]
2019-09-12 09:25:54,749 [SCMBlockDeletingService#1] DEBUG block.SCMBlockDeletingService (SCMBlockDeletingService.java:call(138)) - Running DeletedBlockTransactionScanner
2019-09-12 09:25:54,749 [SCMBlockDeletingService#1] DEBUG block.SCMBlockDeletingService (SCMBlockDeletingService.java:call(155)) - Scanned deleted blocks log and got 0 delTX to process.
2019-09-12 09:25:54,849 [SCMBlockDeletingService#0] DEBUG block.SCMBlockDeletingService (SCMBlockDeletingService.java:call(138)) - Running DeletedBlockTransactionScanner
2019-09-12 09:25:54,850 [SCMBlockDeletingService#0] DEBUG block.SCMBlockDeletingService (SCMBlockDeletingService.java:call(155)) - Scanned deleted blocks log and got 0 delTX to process.
2019-09-12 09:25:54,889 [grpc-default-executor-2] INFO  client.GrpcClientProtocolClient (GrpcClientProtocolClient.java:onNext(264)) - client-8B023739F3BF->b50d6464-f54a-40d1-9f81-f1c19654fd05: receive RaftClientReply:client-8B023739F3BF->b50d6464-f54a-40d1-9f81-f1c19654fd05@group-1F53027F28E3, cid=17, SUCCESS, logIndex=24, commits[b50d6464-f54a-40d1-9f81-f1c19654fd05:c27]
2019-09-12 09:25:54,950 [SCMBlockDeletingService#0] DEBUG block.SCMBlockDeletingService (SCMBlockDeletingService.java:call(138)) - Running DeletedBlockTransactionScanner
2019-09-12 09:25:54,951 [SCMBlockDeletingService#0] DEBUG block.SCMBlockDeletingService (SCMBlockDeletingService.java:call(155)) - Scanned deleted blocks log and got 0 delTX to process.
2019-09-12 09:25:54,951 [grpc-default-executor-2] INFO  client.GrpcClientProtocolClient (GrpcClientProtocolClient.java:onNext(264)) - client-8B023739F3BF->b50d6464-f54a-40d1-9f81-f1c19654fd05: receive RaftClientReply:client-8B023739F3BF->b50d6464-f54a-40d1-9f81-f1c19654fd05@group-1F53027F28E3, cid=18, SUCCESS, logIndex=25, commits[b50d6464-f54a-40d1-9f81-f1c19654fd05:c28]
2019-09-12 09:25:54,952 [grpc-default-executor-2] INFO  client.GrpcClientProtocolClient (GrpcClientProtocolClient.java:onNext(264)) - client-8B023739F3BF->b50d6464-f54a-40d1-9f81-f1c19654fd05: receive RaftClientReply:client-8B023739F3BF->b50d6464-f54a-40d1-9f81-f1c19654fd05@group-1F53027F28E3, cid=19, SUCCESS, logIndex=26, commits[b50d6464-f54a-40d1-9f81-f1c19654fd05:c28]
2019-09-12 09:25:54,953 [grpc-default-executor-2] INFO  client.GrpcClientProtocolClient (GrpcClientProtocolClient.java:onNext(264)) - client-8B023739F3BF->b50d6464-f54a-40d1-9f81-f1c19654fd05: receive RaftClientReply:client-8B023739F3BF->b50d6464-f54a-40d1-9f81-f1c19654fd05@group-1F53027F28E3, cid=20, SUCCESS, logIndex=27, commits[b50d6464-f54a-40d1-9f81-f1c19654fd05:c28]
2019-09-12 09:25:54,992 [grpc-default-executor-2] INFO  client.GrpcClientProtocolClient (GrpcClientProtocolClient.java:onNext(264)) - client-8B023739F3BF->b50d6464-f54a-40d1-9f81-f1c19654fd05: receive RaftClientReply:client-8B023739F3BF->b50d6464-f54a-40d1-9f81-f1c19654fd05@group-1F53027F28E3, cid=21, SUCCESS, logIndex=29, commits[b50d6464-f54a-40d1-9f81-f1c19654fd05:c30]
2019-09-12 09:25:54,992 [grpc-default-executor-2] INFO  client.GrpcClientProtocolClient (GrpcClientProtocolClient.java:onNext(264)) - client-8B023739F3BF->b50d6464-f54a-40d1-9f81-f1c19654fd05: receive RaftClientReply:client-8B023739F3BF->b50d6464-f54a-40d1-9f81-f1c19654fd05@group-1F53027F28E3, cid=22, SUCCESS, logIndex=30, commits[b50d6464-f54a-40d1-9f81-f1c19654fd05:c30]
2019-09-12 09:25:54,997 [grpc-default-executor-2] INFO  client.GrpcClientProtocolClient (GrpcClientProtocolClient.java:onNext(264)) - client-8B023739F3BF->b50d6464-f54a-40d1-9f81-f1c19654fd05: receive RaftClientReply:client-8B023739F3BF->b50d6464-f54a-40d1-9f81-f1c19654fd05@group-1F53027F28E3, cid=23, SUCCESS, logIndex=31, commits[b50d6464-f54a-40d1-9f81-f1c19654fd05:c33]
2019-09-12 09:25:54,998 [grpc-default-executor-2] INFO  client.GrpcClientProtocolClient (GrpcClientProtocolClient.java:onNext(264)) - client-8B023739F3BF->b50d6464-f54a-40d1-9f81-f1c19654fd05: receive RaftClientReply:client-8B023739F3BF->b50d6464-f54a-40d1-9f81-f1c19654fd05@group-1F53027F28E3, cid=24, SUCCESS, logIndex=32, commits[b50d6464-f54a-40d1-9f81-f1c19654fd05:c33]
2019-09-12 09:25:55,028 [grpc-default-executor-2] INFO  client.GrpcClientProtocolClient (GrpcClientProtocolClient.java:onNext(264)) - client-8B023739F3BF->b50d6464-f54a-40d1-9f81-f1c19654fd05: receive RaftClientReply:client-8B023739F3BF->b50d6464-f54a-40d1-9f81-f1c19654fd05@group-1F53027F28E3, cid=25, SUCCESS, logIndex=34, commits[b50d6464-f54a-40d1-9f81-f1c19654fd05:c35]
2019-09-12 09:25:55,029 [grpc-default-executor-2] INFO  client.GrpcClientProtocolClient (GrpcClientProtocolClient.java:onNext(264)) - client-8B023739F3BF->b50d6464-f54a-40d1-9f81-f1c19654fd05: receive RaftClientReply:client-8B023739F3BF->b50d6464-f54a-40d1-9f81-f1c19654fd05@group-1F53027F28E3, cid=26, SUCCESS, logIndex=35, commits[b50d6464-f54a-40d1-9f81-f1c19654fd05:c35]
2019-09-12 09:25:55,034 [grpc-default-executor-2] INFO  client.GrpcClientProtocolClient (GrpcClientProtocolClient.java:onNext(264)) - client-8B023739F3BF->b50d6464-f54a-40d1-9f81-f1c19654fd05: receive RaftClientReply:client-8B023739F3BF->b50d6464-f54a-40d1-9f81-f1c19654fd05@group-1F53027F28E3, cid=27, SUCCESS, logIndex=37, commits[b50d6464-f54a-40d1-9f81-f1c19654fd05:c38]
2019-09-12 09:25:55,035 [grpc-default-executor-2] INFO  client.GrpcClientProtocolClient (GrpcClientProtocolClient.java:onNext(264)) - client-8B023739F3BF->b50d6464-f54a-40d1-9f81-f1c19654fd05: receive RaftClientReply:client-8B023739F3BF->b50d6464-f54a-40d1-9f81-f1c19654fd05@group-1F53027F28E3, cid=28, SUCCESS, logIndex=38, commits[b50d6464-f54a-40d1-9f81-f1c19654fd05:c38]
2019-09-12 09:25:55,051 [SCMBlockDeletingService#1] DEBUG block.SCMBlockDeletingService (SCMBlockDeletingService.java:call(138)) - Running DeletedBlockTransactionScanner
2019-09-12 09:25:55,051 [SCMBlockDeletingService#1] DEBUG block.SCMBlockDeletingService (SCMBlockDeletingService.java:call(155)) - Scanned deleted blocks log and got 0 delTX to process.
2019-09-12 09:25:55,123 [grpc-default-executor-1] INFO  client.GrpcClientProtocolClient (GrpcClientProtocolClient.java:onNext(264)) - client-8B023739F3BF->b50d6464-f54a-40d1-9f81-f1c19654fd05: receive RaftClientReply:client-8B023739F3BF->b50d6464-f54a-40d1-9f81-f1c19654fd05@group-1F53027F28E3, cid=29, SUCCESS, logIndex=40, commits[b50d6464-f54a-40d1-9f81-f1c19654fd05:c43]
2019-09-12 09:25:55,124 [grpc-default-executor-1] INFO  client.GrpcClientProtocolClient (GrpcClientProtocolClient.java:onNext(264)) - client-8B023739F3BF->b50d6464-f54a-40d1-9f81-f1c19654fd05: receive RaftClientReply:client-8B023739F3BF->b50d6464-f54a-40d1-9f81-f1c19654fd05@group-1F53027F28E3, cid=30, SUCCESS, logIndex=41, commits[b50d6464-f54a-40d1-9f81-f1c19654fd05:c44]
2019-09-12 09:25:55,125 [grpc-default-executor-1] INFO  client.GrpcClientProtocolClient (GrpcClientProtocolClient.java:onNext(264)) - client-8B023739F3BF->b50d6464-f54a-40d1-9f81-f1c19654fd05: receive RaftClientReply:client-8B023739F3BF->b50d6464-f54a-40d1-9f81-f1c19654fd05@group-1F53027F28E3, cid=31, SUCCESS, logIndex=42, commits[b50d6464-f54a-40d1-9f81-f1c19654fd05:c44]
2019-09-12 09:25:55,126 [grpc-default-executor-1] INFO  client.GrpcClientProtocolClient (GrpcClientProtocolClient.java:onNext(264)) - client-8B023739F3BF->b50d6464-f54a-40d1-9f81-f1c19654fd05: receive RaftClientReply:client-8B023739F3BF->b50d6464-f54a-40d1-9f81-f1c19654fd05@group-1F53027F28E3, cid=32, SUCCESS, logIndex=43, commits[b50d6464-f54a-40d1-9f81-f1c19654fd05:c44]
2019-09-12 09:25:55,152 [SCMBlockDeletingService#0] DEBUG block.SCMBlockDeletingService (SCMBlockDeletingService.java:call(138)) - Running DeletedBlockTransactionScanner
2019-09-12 09:25:55,152 [SCMBlockDeletingService#0] DEBUG block.SCMBlockDeletingService (SCMBlockDeletingService.java:call(155)) - Scanned deleted blocks log and got 0 delTX to process.
2019-09-12 09:25:55,153 [grpc-default-executor-2] INFO  client.GrpcClientProtocolClient (GrpcClientProtocolClient.java:onNext(264)) - client-8B023739F3BF->b50d6464-f54a-40d1-9f81-f1c19654fd05: receive RaftClientReply:client-8B023739F3BF->b50d6464-f54a-40d1-9f81-f1c19654fd05@group-1F53027F28E3, cid=33, SUCCESS, logIndex=45, commits[b50d6464-f54a-40d1-9f81-f1c19654fd05:c46]
2019-09-12 09:25:55,154 [grpc-default-executor-2] INFO  client.GrpcClientProtocolClient (GrpcClientProtocolClient.java:onNext(264)) - client-8B023739F3BF->b50d6464-f54a-40d1-9f81-f1c19654fd05: receive RaftClientReply:client-8B023739F3BF->b50d6464-f54a-40d1-9f81-f1c19654fd05@group-1F53027F28E3, cid=34, SUCCESS, logIndex=46, commits[b50d6464-f54a-40d1-9f81-f1c19654fd05:c46]
2019-09-12 09:25:55,158 [grpc-default-executor-2] INFO  client.GrpcClientProtocolClient (GrpcClientProtocolClient.java:onNext(264)) - client-8B023739F3BF->b50d6464-f54a-40d1-9f81-f1c19654fd05: receive RaftClientReply:client-8B023739F3BF->b50d6464-f54a-40d1-9f81-f1c19654fd05@group-1F53027F28E3, cid=35, SUCCESS, logIndex=47, commits[b50d6464-f54a-40d1-9f81-f1c19654fd05:c49]
2019-09-12 09:25:55,159 [grpc-default-executor-2] INFO  client.GrpcClientProtocolClient (GrpcClientProtocolClient.java:onNext(264)) - client-8B023739F3BF->b50d6464-f54a-40d1-9f81-f1c19654fd05: receive RaftClientReply:client-8B023739F3BF->b50d6464-f54a-40d1-9f81-f1c19654fd05@group-1F53027F28E3, cid=36, SUCCESS, logIndex=48, commits[b50d6464-f54a-40d1-9f81-f1c19654fd05:c49]
2019-09-12 09:25:55,228 [grpc-default-executor-1] INFO  client.GrpcClientProtocolClient (GrpcClientProtocolClient.java:onNext(264)) - client-8B023739F3BF->b50d6464-f54a-40d1-9f81-f1c19654fd05: receive RaftClientReply:client-8B023739F3BF->b50d6464-f54a-40d1-9f81-f1c19654fd05@group-1F53027F28E3, cid=37, SUCCESS, logIndex=50, commits[b50d6464-f54a-40d1-9f81-f1c19654fd05:c51]
2019-09-12 09:25:55,228 [grpc-default-executor-1] INFO  client.GrpcClientProtocolClient (GrpcClientProtocolClient.java:onNext(264)) - client-8B023739F3BF->b50d6464-f54a-40d1-9f81-f1c19654fd05: receive RaftClientReply:client-8B023739F3BF->b50d6464-f54a-40d1-9f81-f1c19654fd05@group-1F53027F28E3, cid=38, SUCCESS, logIndex=51, commits[b50d6464-f54a-40d1-9f81-f1c19654fd05:c54]
2019-09-12 09:25:55,229 [grpc-default-executor-1] INFO  client.GrpcClientProtocolClient (GrpcClientProtocolClient.java:onNext(264)) - client-8B023739F3BF->b50d6464-f54a-40d1-9f81-f1c19654fd05: receive RaftClientReply:client-8B023739F3BF->b50d6464-f54a-40d1-9f81-f1c19654fd05@group-1F53027F28E3, cid=39, SUCCESS, logIndex=52, commits[b50d6464-f54a-40d1-9f81-f1c19654fd05:c54]
2019-09-12 09:25:55,230 [grpc-default-executor-1] INFO  client.GrpcClientProtocolClient (GrpcClientProtocolClient.java:onNext(264)) - client-8B023739F3BF->b50d6464-f54a-40d1-9f81-f1c19654fd05: receive RaftClientReply:client-8B023739F3BF->b50d6464-f54a-40d1-9f81-f1c19654fd05@group-1F53027F28E3, cid=40, SUCCESS, logIndex=53, commits[b50d6464-f54a-40d1-9f81-f1c19654fd05:c54]
2019-09-12 09:25:55,252 [grpc-default-executor-1] INFO  client.GrpcClientProtocolClient (GrpcClientProtocolClient.java:onNext(264)) - client-8B023739F3BF->b50d6464-f54a-40d1-9f81-f1c19654fd05: receive RaftClientReply:client-8B023739F3BF->b50d6464-f54a-40d1-9f81-f1c19654fd05@group-1F53027F28E3, cid=41, SUCCESS, logIndex=56, commits[b50d6464-f54a-40d1-9f81-f1c19654fd05:c57]
2019-09-12 09:25:55,253 [SCMBlockDeletingService#0] DEBUG block.SCMBlockDeletingService (SCMBlockDeletingService.java:call(138)) - Running DeletedBlockTransactionScanner
2019-09-12 09:25:55,254 [SCMBlockDeletingService#0] DEBUG block.SCMBlockDeletingService (SCMBlockDeletingService.java:call(155)) - Scanned deleted blocks log and got 0 delTX to process.
2019-09-12 09:25:55,254 [grpc-default-executor-1] INFO  client.GrpcClientProtocolClient (GrpcClientProtocolClient.java:onNext(264)) - client-8B023739F3BF->b50d6464-f54a-40d1-9f81-f1c19654fd05: receive RaftClientReply:client-8B023739F3BF->b50d6464-f54a-40d1-9f81-f1c19654fd05@group-1F53027F28E3, cid=42, SUCCESS, logIndex=57, commits[b50d6464-f54a-40d1-9f81-f1c19654fd05:c57]
2019-09-12 09:25:55,257 [grpc-default-executor-1] INFO  client.GrpcClientProtocolClient (GrpcClientProtocolClient.java:onNext(264)) - client-8B023739F3BF->b50d6464-f54a-40d1-9f81-f1c19654fd05: receive RaftClientReply:client-8B023739F3BF->b50d6464-f54a-40d1-9f81-f1c19654fd05@group-1F53027F28E3, cid=43, SUCCESS, logIndex=58, commits[b50d6464-f54a-40d1-9f81-f1c19654fd05:c60]
2019-09-12 09:25:55,258 [grpc-default-executor-1] INFO  client.GrpcClientProtocolClient (GrpcClientProtocolClient.java:onNext(264)) - client-8B023739F3BF->b50d6464-f54a-40d1-9f81-f1c19654fd05: receive RaftClientReply:client-8B023739F3BF->b50d6464-f54a-40d1-9f81-f1c19654fd05@group-1F53027F28E3, cid=44, SUCCESS, logIndex=59, commits[b50d6464-f54a-40d1-9f81-f1c19654fd05:c60]
2019-09-12 09:25:55,354 [SCMBlockDeletingService#0] DEBUG block.SCMBlockDeletingService (SCMBlockDeletingService.java:call(138)) - Running DeletedBlockTransactionScanner
2019-09-12 09:25:55,355 [SCMBlockDeletingService#0] DEBUG block.SCMBlockDeletingService (SCMBlockDeletingService.java:call(155)) - Scanned deleted blocks log and got 0 delTX to process.
2019-09-12 09:25:55,392 [grpc-default-executor-1] INFO  client.GrpcClientProtocolClient (GrpcClientProtocolClient.java:onNext(264)) - client-8B023739F3BF->b50d6464-f54a-40d1-9f81-f1c19654fd05: receive RaftClientReply:client-8B023739F3BF->b50d6464-f54a-40d1-9f81-f1c19654fd05@group-1F53027F28E3, cid=45, SUCCESS, logIndex=61, commits[b50d6464-f54a-40d1-9f81-f1c19654fd05:c62]
2019-09-12 09:25:55,393 [grpc-default-executor-1] INFO  client.GrpcClientProtocolClient (GrpcClientProtocolClient.java:onNext(264)) - client-8B023739F3BF->b50d6464-f54a-40d1-9f81-f1c19654fd05: receive RaftClientReply:client-8B023739F3BF->b50d6464-f54a-40d1-9f81-f1c19654fd05@group-1F53027F28E3, cid=46, SUCCESS, logIndex=62, commits[b50d6464-f54a-40d1-9f81-f1c19654fd05:c62]
2019-09-12 09:25:55,400 [grpc-default-executor-1] INFO  client.GrpcClientProtocolClient (GrpcClientProtocolClient.java:onNext(264)) - client-8B023739F3BF->b50d6464-f54a-40d1-9f81-f1c19654fd05: receive RaftClientReply:client-8B023739F3BF->b50d6464-f54a-40d1-9f81-f1c19654fd05@group-1F53027F28E3, cid=47, SUCCESS, logIndex=63, commits[b50d6464-f54a-40d1-9f81-f1c19654fd05:c65]
2019-09-12 09:25:55,401 [grpc-default-executor-1] INFO  client.GrpcClientProtocolClient (GrpcClientProtocolClient.java:onNext(264)) - client-8B023739F3BF->b50d6464-f54a-40d1-9f81-f1c19654fd05: receive RaftClientReply:client-8B023739F3BF->b50d6464-f54a-40d1-9f81-f1c19654fd05@group-1F53027F28E3, cid=48, SUCCESS, logIndex=64, commits[b50d6464-f54a-40d1-9f81-f1c19654fd05:c65]
2019-09-12 09:25:55,444 [grpc-default-executor-2] INFO  client.GrpcClientProtocolClient (GrpcClientProtocolClient.java:onNext(264)) - client-8B023739F3BF->b50d6464-f54a-40d1-9f81-f1c19654fd05: receive RaftClientReply:client-8B023739F3BF->b50d6464-f54a-40d1-9f81-f1c19654fd05@group-1F53027F28E3, cid=49, SUCCESS, logIndex=66, commits[b50d6464-f54a-40d1-9f81-f1c19654fd05:c67]
2019-09-12 09:25:55,449 [grpc-default-executor-2] INFO  client.GrpcClientProtocolClient (GrpcClientProtocolClient.java:onNext(264)) - client-8B023739F3BF->b50d6464-f54a-40d1-9f81-f1c19654fd05: receive RaftClientReply:client-8B023739F3BF->b50d6464-f54a-40d1-9f81-f1c19654fd05@group-1F53027F28E3, cid=50, SUCCESS, logIndex=67, commits[b50d6464-f54a-40d1-9f81-f1c19654fd05:c68]
2019-09-12 09:25:55,455 [SCMBlockDeletingService#0] DEBUG block.SCMBlockDeletingService (SCMBlockDeletingService.java:call(138)) - Running DeletedBlockTransactionScanner
2019-09-12 09:25:55,456 [SCMBlockDeletingService#0] DEBUG block.SCMBlockDeletingService (SCMBlockDeletingService.java:call(155)) - Scanned deleted blocks log and got 0 delTX to process.
2019-09-12 09:25:55,457 [grpc-default-executor-2] INFO  client.GrpcClientProtocolClient (GrpcClientProtocolClient.java:onNext(264)) - client-8B023739F3BF->b50d6464-f54a-40d1-9f81-f1c19654fd05: receive RaftClientReply:client-8B023739F3BF->b50d6464-f54a-40d1-9f81-f1c19654fd05@group-1F53027F28E3, cid=51, SUCCESS, logIndex=69, commits[b50d6464-f54a-40d1-9f81-f1c19654fd05:c70]
2019-09-12 09:25:55,458 [grpc-default-executor-2] INFO  client.GrpcClientProtocolClient (GrpcClientProtocolClient.java:onNext(264)) - client-8B023739F3BF->b50d6464-f54a-40d1-9f81-f1c19654fd05: receive RaftClientReply:client-8B023739F3BF->b50d6464-f54a-40d1-9f81-f1c19654fd05@group-1F53027F28E3, cid=52, SUCCESS, logIndex=70, commits[b50d6464-f54a-40d1-9f81-f1c19654fd05:c70]
2019-09-12 09:25:55,484 [grpc-default-executor-2] INFO  client.GrpcClientProtocolClient (GrpcClientProtocolClient.java:onNext(264)) - client-8B023739F3BF->b50d6464-f54a-40d1-9f81-f1c19654fd05: receive RaftClientReply:client-8B023739F3BF->b50d6464-f54a-40d1-9f81-f1c19654fd05@group-1F53027F28E3, cid=53, SUCCESS, logIndex=72, commits[b50d6464-f54a-40d1-9f81-f1c19654fd05:c73]
2019-09-12 09:25:55,489 [grpc-default-executor-2] INFO  client.GrpcClientProtocolClient (GrpcClientProtocolClient.java:onNext(264)) - client-8B023739F3BF->b50d6464-f54a-40d1-9f81-f1c19654fd05: receive RaftClientReply:client-8B023739F3BF->b50d6464-f54a-40d1-9f81-f1c19654fd05@group-1F53027F28E3, cid=54, SUCCESS, logIndex=73, commits[b50d6464-f54a-40d1-9f81-f1c19654fd05:c76]
2019-09-12 09:25:55,490 [grpc-default-executor-2] INFO  client.GrpcClientProtocolClient (GrpcClientProtocolClient.java:onNext(264)) - client-8B023739F3BF->b50d6464-f54a-40d1-9f81-f1c19654fd05: receive RaftClientReply:client-8B023739F3BF->b50d6464-f54a-40d1-9f81-f1c19654fd05@group-1F53027F28E3, cid=55, SUCCESS, logIndex=74, commits[b50d6464-f54a-40d1-9f81-f1c19654fd05:c77]
2019-09-12 09:25:55,490 [grpc-default-executor-2] INFO  client.GrpcClientProtocolClient (GrpcClientProtocolClient.java:onNext(264)) - client-8B023739F3BF->b50d6464-f54a-40d1-9f81-f1c19654fd05: receive RaftClientReply:client-8B023739F3BF->b50d6464-f54a-40d1-9f81-f1c19654fd05@group-1F53027F28E3, cid=56, SUCCESS, logIndex=75, commits[b50d6464-f54a-40d1-9f81-f1c19654fd05:c77]
2019-09-12 09:25:55,519 [grpc-default-executor-1] INFO  client.GrpcClientProtocolClient (GrpcClientProtocolClient.java:onNext(264)) - client-8B023739F3BF->b50d6464-f54a-40d1-9f81-f1c19654fd05: receive RaftClientReply:client-8B023739F3BF->b50d6464-f54a-40d1-9f81-f1c19654fd05@group-1F53027F28E3, cid=57, SUCCESS, logIndex=78, commits[b50d6464-f54a-40d1-9f81-f1c19654fd05:c81]
2019-09-12 09:25:55,520 [grpc-default-executor-1] INFO  client.GrpcClientProtocolClient (GrpcClientProtocolClient.java:onNext(264)) - client-8B023739F3BF->b50d6464-f54a-40d1-9f81-f1c19654fd05: receive RaftClientReply:client-8B023739F3BF->b50d6464-f54a-40d1-9f81-f1c19654fd05@group-1F53027F28E3, cid=58, SUCCESS, logIndex=79, commits[b50d6464-f54a-40d1-9f81-f1c19654fd05:c82]
2019-09-12 09:25:55,521 [grpc-default-executor-1] INFO  client.GrpcClientProtocolClient (GrpcClientProtocolClient.java:onNext(264)) - client-8B023739F3BF->b50d6464-f54a-40d1-9f81-f1c19654fd05: receive RaftClientReply:client-8B023739F3BF->b50d6464-f54a-40d1-9f81-f1c19654fd05@group-1F53027F28E3, cid=59, SUCCESS, logIndex=80, commits[b50d6464-f54a-40d1-9f81-f1c19654fd05:c82]
2019-09-12 09:25:55,521 [grpc-default-executor-1] INFO  client.GrpcClientProtocolClient (GrpcClientProtocolClient.java:onNext(264)) - client-8B023739F3BF->b50d6464-f54a-40d1-9f81-f1c19654fd05: receive RaftClientReply:client-8B023739F3BF->b50d6464-f54a-40d1-9f81-f1c19654fd05@group-1F53027F28E3, cid=60, SUCCESS, logIndex=81, commits[b50d6464-f54a-40d1-9f81-f1c19654fd05:c83]
2019-09-12 09:25:55,554 [grpc-default-executor-1] INFO  client.GrpcClientProtocolClient (GrpcClientProtocolClient.java:onNext(264)) - client-8B023739F3BF->b50d6464-f54a-40d1-9f81-f1c19654fd05: receive RaftClientReply:client-8B023739F3BF->b50d6464-f54a-40d1-9f81-f1c19654fd05@group-1F53027F28E3, cid=61, SUCCESS, logIndex=84, commits[b50d6464-f54a-40d1-9f81-f1c19654fd05:c87]
2019-09-12 09:25:55,555 [grpc-default-executor-1] INFO  client.GrpcClientProtocolClient (GrpcClientProtocolClient.java:onNext(264)) - client-8B023739F3BF->b50d6464-f54a-40d1-9f81-f1c19654fd05: receive RaftClientReply:client-8B023739F3BF->b50d6464-f54a-40d1-9f81-f1c19654fd05@group-1F53027F28E3, cid=62, SUCCESS, logIndex=85, commits[b50d6464-f54a-40d1-9f81-f1c19654fd05:c87]
2019-09-12 09:25:55,555 [grpc-default-executor-1] INFO  client.GrpcClientProtocolClient (GrpcClientProtocolClient.java:onNext(264)) - client-8B023739F3BF->b50d6464-f54a-40d1-9f81-f1c19654fd05: receive RaftClientReply:client-8B023739F3BF->b50d6464-f54a-40d1-9f81-f1c19654fd05@group-1F53027F28E3, cid=63, SUCCESS, logIndex=86, commits[b50d6464-f54a-40d1-9f81-f1c19654fd05:c87]
2019-09-12 09:25:55,556 [SCMBlockDeletingService#0] DEBUG block.SCMBlockDeletingService (SCMBlockDeletingService.java:call(138)) - Running DeletedBlockTransactionScanner
2019-09-12 09:25:55,556 [SCMBlockDeletingService#0] DEBUG block.SCMBlockDeletingService (SCMBlockDeletingService.java:call(155)) - Scanned deleted blocks log and got 0 delTX to process.
2019-09-12 09:25:55,556 [grpc-default-executor-1] INFO  client.GrpcClientProtocolClient (GrpcClientProtocolClient.java:onNext(264)) - client-8B023739F3BF->b50d6464-f54a-40d1-9f81-f1c19654fd05: receive RaftClientReply:client-8B023739F3BF->b50d6464-f54a-40d1-9f81-f1c19654fd05@group-1F53027F28E3, cid=64, SUCCESS, logIndex=87, commits[b50d6464-f54a-40d1-9f81-f1c19654fd05:c88]
2019-09-12 09:25:55,586 [grpc-default-executor-1] INFO  client.GrpcClientProtocolClient (GrpcClientProtocolClient.java:onNext(264)) - client-8B023739F3BF->b50d6464-f54a-40d1-9f81-f1c19654fd05: receive RaftClientReply:client-8B023739F3BF->b50d6464-f54a-40d1-9f81-f1c19654fd05@group-1F53027F28E3, cid=65, SUCCESS, logIndex=89, commits[b50d6464-f54a-40d1-9f81-f1c19654fd05:c90]
2019-09-12 09:25:55,587 [grpc-default-executor-1] INFO  client.GrpcClientProtocolClient (GrpcClientProtocolClient.java:onNext(264)) - client-8B023739F3BF->b50d6464-f54a-40d1-9f81-f1c19654fd05: receive RaftClientReply:client-8B023739F3BF->b50d6464-f54a-40d1-9f81-f1c19654fd05@group-1F53027F28E3, cid=66, SUCCESS, logIndex=90, commits[b50d6464-f54a-40d1-9f81-f1c19654fd05:c90]
2019-09-12 09:25:55,594 [grpc-default-executor-1] INFO  client.GrpcClientProtocolClient (GrpcClientProtocolClient.java:onNext(264)) - client-8B023739F3BF->b50d6464-f54a-40d1-9f81-f1c19654fd05: receive RaftClientReply:client-8B023739F3BF->b50d6464-f54a-40d1-9f81-f1c19654fd05@group-1F53027F28E3, cid=67, SUCCESS, logIndex=91, commits[b50d6464-f54a-40d1-9f81-f1c19654fd05:c93]
2019-09-12 09:25:55,595 [grpc-default-executor-1] INFO  client.GrpcClientProtocolClient (GrpcClientProtocolClient.java:onNext(264)) - client-8B023739F3BF->b50d6464-f54a-40d1-9f81-f1c19654fd05: receive RaftClientReply:client-8B023739F3BF->b50d6464-f54a-40d1-9f81-f1c19654fd05@group-1F53027F28E3, cid=68, SUCCESS, logIndex=93, commits[b50d6464-f54a-40d1-9f81-f1c19654fd05:c93]
2019-09-12 09:25:55,625 [grpc-default-executor-1] INFO  client.GrpcClientProtocolClient (GrpcClientProtocolClient.java:onNext(264)) - client-8B023739F3BF->b50d6464-f54a-40d1-9f81-f1c19654fd05: receive RaftClientReply:client-8B023739F3BF->b50d6464-f54a-40d1-9f81-f1c19654fd05@group-1F53027F28E3, cid=69, SUCCESS, logIndex=95, commits[b50d6464-f54a-40d1-9f81-f1c19654fd05:c95]
2019-09-12 09:25:55,629 [grpc-default-executor-1] INFO  client.GrpcClientProtocolClient (GrpcClientProtocolClient.java:onNext(264)) - client-8B023739F3BF->b50d6464-f54a-40d1-9f81-f1c19654fd05: receive RaftClientReply:client-8B023739F3BF->b50d6464-f54a-40d1-9f81-f1c19654fd05@group-1F53027F28E3, cid=70, SUCCESS, logIndex=96, commits[b50d6464-f54a-40d1-9f81-f1c19654fd05:c100]
2019-09-12 09:25:55,629 [grpc-default-executor-1] INFO  client.GrpcClientProtocolClient (GrpcClientProtocolClient.java:onNext(264)) - client-8B023739F3BF->b50d6464-f54a-40d1-9f81-f1c19654fd05: receive RaftClientReply:client-8B023739F3BF->b50d6464-f54a-40d1-9f81-f1c19654fd05@group-1F53027F28E3, cid=71, SUCCESS, logIndex=97, commits[b50d6464-f54a-40d1-9f81-f1c19654fd05:c100]
2019-09-12 09:25:55,630 [grpc-default-executor-1] INFO  client.GrpcClientProtocolClient (GrpcClientProtocolClient.java:onNext(264)) - client-8B023739F3BF->b50d6464-f54a-40d1-9f81-f1c19654fd05: receive RaftClientReply:client-8B023739F3BF->b50d6464-f54a-40d1-9f81-f1c19654fd05@group-1F53027F28E3, cid=72, SUCCESS, logIndex=98, commits[b50d6464-f54a-40d1-9f81-f1c19654fd05:c100]
2019-09-12 09:25:55,656 [grpc-default-executor-2] INFO  client.GrpcClientProtocolClient (GrpcClientProtocolClient.java:onNext(264)) - client-8B023739F3BF->b50d6464-f54a-40d1-9f81-f1c19654fd05: receive RaftClientReply:client-8B023739F3BF->b50d6464-f54a-40d1-9f81-f1c19654fd05@group-1F53027F28E3, cid=73, SUCCESS, logIndex=101, commits[b50d6464-f54a-40d1-9f81-f1c19654fd05:c104]
2019-09-12 09:25:55,657 [SCMBlockDeletingService#0] DEBUG block.SCMBlockDeletingService (SCMBlockDeletingService.java:call(138)) - Running DeletedBlockTransactionScanner
2019-09-12 09:25:55,657 [grpc-default-executor-2] INFO  client.GrpcClientProtocolClient (GrpcClientProtocolClient.java:onNext(264)) - client-8B023739F3BF->b50d6464-f54a-40d1-9f81-f1c19654fd05: receive RaftClientReply:client-8B023739F3BF->b50d6464-f54a-40d1-9f81-f1c19654fd05@group-1F53027F28E3, cid=74, SUCCESS, logIndex=102, commits[b50d6464-f54a-40d1-9f81-f1c19654fd05:c104]
2019-09-12 09:25:55,657 [SCMBlockDeletingService#0] DEBUG block.SCMBlockDeletingService (SCMBlockDeletingService.java:call(155)) - Scanned deleted blocks log and got 0 delTX to process.
2019-09-12 09:25:55,657 [grpc-default-executor-2] INFO  client.GrpcClientProtocolClient (GrpcClientProtocolClient.java:onNext(264)) - client-8B023739F3BF->b50d6464-f54a-40d1-9f81-f1c19654fd05: receive RaftClientReply:client-8B023739F3BF->b50d6464-f54a-40d1-9f81-f1c19654fd05@group-1F53027F28E3, cid=75, SUCCESS, logIndex=103, commits[b50d6464-f54a-40d1-9f81-f1c19654fd05:c104]
2019-09-12 09:25:55,658 [grpc-default-executor-2] INFO  client.GrpcClientProtocolClient (GrpcClientProtocolClient.java:onNext(264)) - client-8B023739F3BF->b50d6464-f54a-40d1-9f81-f1c19654fd05: receive RaftClientReply:client-8B023739F3BF->b50d6464-f54a-40d1-9f81-f1c19654fd05@group-1F53027F28E3, cid=76, SUCCESS, logIndex=104, commits[b50d6464-f54a-40d1-9f81-f1c19654fd05:c104]
2019-09-12 09:25:55,679 [grpc-default-executor-2] INFO  client.GrpcClientProtocolClient (GrpcClientProtocolClient.java:onNext(264)) - client-8B023739F3BF->b50d6464-f54a-40d1-9f81-f1c19654fd05: receive RaftClientReply:client-8B023739F3BF->b50d6464-f54a-40d1-9f81-f1c19654fd05@group-1F53027F28E3, cid=77, SUCCESS, logIndex=106, commits[b50d6464-f54a-40d1-9f81-f1c19654fd05:c109]
2019-09-12 09:25:55,679 [grpc-default-executor-2] INFO  client.GrpcClientProtocolClient (GrpcClientProtocolClient.java:onNext(264)) - client-8B023739F3BF->b50d6464-f54a-40d1-9f81-f1c19654fd05: receive RaftClientReply:client-8B023739F3BF->b50d6464-f54a-40d1-9f81-f1c19654fd05@group-1F53027F28E3, cid=78, SUCCESS, logIndex=107, commits[b50d6464-f54a-40d1-9f81-f1c19654fd05:c110]
2019-09-12 09:25:55,680 [grpc-default-executor-2] INFO  client.GrpcClientProtocolClient (GrpcClientProtocolClient.java:onNext(264)) - client-8B023739F3BF->b50d6464-f54a-40d1-9f81-f1c19654fd05: receive RaftClientReply:client-8B023739F3BF->b50d6464-f54a-40d1-9f81-f1c19654fd05@group-1F53027F28E3, cid=79, SUCCESS, logIndex=108, commits[b50d6464-f54a-40d1-9f81-f1c19654fd05:c110]
2019-09-12 09:25:55,680 [grpc-default-executor-2] INFO  client.GrpcClientProtocolClient (GrpcClientProtocolClient.java:onNext(264)) - client-8B023739F3BF->b50d6464-f54a-40d1-9f81-f1c19654fd05: receive RaftClientReply:client-8B023739F3BF->b50d6464-f54a-40d1-9f81-f1c19654fd05@group-1F53027F28E3, cid=80, SUCCESS, logIndex=109, commits[b50d6464-f54a-40d1-9f81-f1c19654fd05:c111]
2019-09-12 09:25:55,711 [grpc-default-executor-1] INFO  client.GrpcClientProtocolClient (GrpcClientProtocolClient.java:onNext(264)) - client-8B023739F3BF->b50d6464-f54a-40d1-9f81-f1c19654fd05: receive RaftClientReply:client-8B023739F3BF->b50d6464-f54a-40d1-9f81-f1c19654fd05@group-1F53027F28E3, cid=81, SUCCESS, logIndex=112, commits[b50d6464-f54a-40d1-9f81-f1c19654fd05:c115]
2019-09-12 09:25:55,712 [grpc-default-executor-1] INFO  client.GrpcClientProtocolClient (GrpcClientProtocolClient.java:onNext(264)) - client-8B023739F3BF->b50d6464-f54a-40d1-9f81-f1c19654fd05: receive RaftClientReply:client-8B023739F3BF->b50d6464-f54a-40d1-9f81-f1c19654fd05@group-1F53027F28E3, cid=82, SUCCESS, logIndex=113, commits[b50d6464-f54a-40d1-9f81-f1c19654fd05:c117]
2019-09-12 09:25:55,713 [grpc-default-executor-1] INFO  client.GrpcClientProtocolClient (GrpcClientProtocolClient.java:onNext(264)) - client-8B023739F3BF->b50d6464-f54a-40d1-9f81-f1c19654fd05: receive RaftClientReply:client-8B023739F3BF->b50d6464-f54a-40d1-9f81-f1c19654fd05@group-1F53027F28E3, cid=83, SUCCESS, logIndex=114, commits[b50d6464-f54a-40d1-9f81-f1c19654fd05:c117]
2019-09-12 09:25:55,714 [grpc-default-executor-1] INFO  client.GrpcClientProtocolClient (GrpcClientProtocolClient.java:onNext(264)) - client-8B023739F3BF->b50d6464-f54a-40d1-9f81-f1c19654fd05: receive RaftClientReply:client-8B023739F3BF->b50d6464-f54a-40d1-9f81-f1c19654fd05@group-1F53027F28E3, cid=84, SUCCESS, logIndex=115, commits[b50d6464-f54a-40d1-9f81-f1c19654fd05:c117]
2019-09-12 09:25:55,734 [grpc-default-executor-2] INFO  client.GrpcClientProtocolClient (GrpcClientProtocolClient.java:onNext(264)) - client-8B023739F3BF->b50d6464-f54a-40d1-9f81-f1c19654fd05: receive RaftClientReply:client-8B023739F3BF->b50d6464-f54a-40d1-9f81-f1c19654fd05@group-1F53027F28E3, cid=85, SUCCESS, logIndex=118, commits[b50d6464-f54a-40d1-9f81-f1c19654fd05:c121]
2019-09-12 09:25:55,735 [grpc-default-executor-2] INFO  client.GrpcClientProtocolClient (GrpcClientProtocolClient.java:onNext(264)) - client-8B023739F3BF->b50d6464-f54a-40d1-9f81-f1c19654fd05: receive RaftClientReply:client-8B023739F3BF->b50d6464-f54a-40d1-9f81-f1c19654fd05@group-1F53027F28E3, cid=86, SUCCESS, logIndex=119, commits[b50d6464-f54a-40d1-9f81-f1c19654fd05:c121]
2019-09-12 09:25:55,735 [grpc-default-executor-2] INFO  client.GrpcClientProtocolClient (GrpcClientProtocolClient.java:onNext(264)) - client-8B023739F3BF->b50d6464-f54a-40d1-9f81-f1c19654fd05: receive RaftClientReply:client-8B023739F3BF->b50d6464-f54a-40d1-9f81-f1c19654fd05@group-1F53027F28E3, cid=87, SUCCESS, logIndex=120, commits[b50d6464-f54a-40d1-9f81-f1c19654fd05:c121]
2019-09-12 09:25:55,737 [grpc-default-executor-2] INFO  client.GrpcClientProtocolClient (GrpcClientProtocolClient.java:onNext(264)) - client-8B023739F3BF->b50d6464-f54a-40d1-9f81-f1c19654fd05: receive RaftClientReply:client-8B023739F3BF->b50d6464-f54a-40d1-9f81-f1c19654fd05@group-1F53027F28E3, cid=88, SUCCESS, logIndex=121, commits[b50d6464-f54a-40d1-9f81-f1c19654fd05:c121]
2019-09-12 09:25:55,757 [SCMBlockDeletingService#0] DEBUG block.SCMBlockDeletingService (SCMBlockDeletingService.java:call(138)) - Running DeletedBlockTransactionScanner
2019-09-12 09:25:55,758 [SCMBlockDeletingService#0] DEBUG block.SCMBlockDeletingService (SCMBlockDeletingService.java:call(155)) - Scanned deleted blocks log and got 0 delTX to process.
2019-09-12 09:25:55,858 [SCMBlockDeletingService#0] DEBUG block.SCMBlockDeletingService (SCMBlockDeletingService.java:call(138)) - Running DeletedBlockTransactionScanner
2019-09-12 09:25:55,858 [SCMBlockDeletingService#0] DEBUG block.SCMBlockDeletingService (SCMBlockDeletingService.java:call(155)) - Scanned deleted blocks log and got 0 delTX to process.
2019-09-12 09:25:55,872 [grpc-default-executor-2] INFO  client.GrpcClientProtocolClient (GrpcClientProtocolClient.java:onNext(264)) - client-8B023739F3BF->b50d6464-f54a-40d1-9f81-f1c19654fd05: receive RaftClientReply:client-8B023739F3BF->b50d6464-f54a-40d1-9f81-f1c19654fd05@group-1F53027F28E3, cid=89, SUCCESS, logIndex=123, commits[b50d6464-f54a-40d1-9f81-f1c19654fd05:c124]
2019-09-12 09:25:55,873 [grpc-default-executor-2] INFO  client.GrpcClientProtocolClient (GrpcClientProtocolClient.java:onNext(264)) - client-8B023739F3BF->b50d6464-f54a-40d1-9f81-f1c19654fd05: receive RaftClientReply:client-8B023739F3BF->b50d6464-f54a-40d1-9f81-f1c19654fd05@group-1F53027F28E3, cid=90, SUCCESS, logIndex=124, commits[b50d6464-f54a-40d1-9f81-f1c19654fd05:c124]
2019-09-12 09:25:55,878 [grpc-default-executor-2] INFO  client.GrpcClientProtocolClient (GrpcClientProtocolClient.java:onNext(264)) - client-8B023739F3BF->b50d6464-f54a-40d1-9f81-f1c19654fd05: receive RaftClientReply:client-8B023739F3BF->b50d6464-f54a-40d1-9f81-f1c19654fd05@group-1F53027F28E3, cid=91, SUCCESS, logIndex=125, commits[b50d6464-f54a-40d1-9f81-f1c19654fd05:c127]
2019-09-12 09:25:55,878 [grpc-default-executor-2] INFO  client.GrpcClientProtocolClient (GrpcClientProtocolClient.java:onNext(264)) - client-8B023739F3BF->b50d6464-f54a-40d1-9f81-f1c19654fd05: receive RaftClientReply:client-8B023739F3BF->b50d6464-f54a-40d1-9f81-f1c19654fd05@group-1F53027F28E3, cid=92, SUCCESS, logIndex=126, commits[b50d6464-f54a-40d1-9f81-f1c19654fd05:c127]
2019-09-12 09:25:55,900 [grpc-default-executor-2] INFO  client.GrpcClientProtocolClient (GrpcClientProtocolClient.java:onNext(264)) - client-8B023739F3BF->b50d6464-f54a-40d1-9f81-f1c19654fd05: receive RaftClientReply:client-8B023739F3BF->b50d6464-f54a-40d1-9f81-f1c19654fd05@group-1F53027F28E3, cid=93, SUCCESS, logIndex=128, commits[b50d6464-f54a-40d1-9f81-f1c19654fd05:c131]
2019-09-12 09:25:55,901 [grpc-default-executor-2] INFO  client.GrpcClientProtocolClient (GrpcClientProtocolClient.java:onNext(264)) - client-8B023739F3BF->b50d6464-f54a-40d1-9f81-f1c19654fd05: receive RaftClientReply:client-8B023739F3BF->b50d6464-f54a-40d1-9f81-f1c19654fd05@group-1F53027F28E3, cid=94, SUCCESS, logIndex=129, commits[b50d6464-f54a-40d1-9f81-f1c19654fd05:c132]
2019-09-12 09:25:55,902 [grpc-default-executor-2] INFO  client.GrpcClientProtocolClient (GrpcClientProtocolClient.java:onNext(264)) - client-8B023739F3BF->b50d6464-f54a-40d1-9f81-f1c19654fd05: receive RaftClientReply:client-8B023739F3BF->b50d6464-f54a-40d1-9f81-f1c19654fd05@group-1F53027F28E3, cid=95, SUCCESS, logIndex=130, commits[b50d6464-f54a-40d1-9f81-f1c19654fd05:c133]
2019-09-12 09:25:55,902 [grpc-default-executor-2] INFO  client.GrpcClientProtocolClient (GrpcClientProtocolClient.java:onNext(264)) - client-8B023739F3BF->b50d6464-f54a-40d1-9f81-f1c19654fd05: receive RaftClientReply:client-8B023739F3BF->b50d6464-f54a-40d1-9f81-f1c19654fd05@group-1F53027F28E3, cid=96, SUCCESS, logIndex=131, commits[b50d6464-f54a-40d1-9f81-f1c19654fd05:c133]
2019-09-12 09:25:55,934 [grpc-default-executor-2] INFO  client.GrpcClientProtocolClient (GrpcClientProtocolClient.java:onNext(264)) - client-8B023739F3BF->b50d6464-f54a-40d1-9f81-f1c19654fd05: receive RaftClientReply:client-8B023739F3BF->b50d6464-f54a-40d1-9f81-f1c19654fd05@group-1F53027F28E3, cid=97, SUCCESS, logIndex=134, commits[b50d6464-f54a-40d1-9f81-f1c19654fd05:c137]
2019-09-12 09:25:55,935 [grpc-default-executor-2] INFO  client.GrpcClientProtocolClient (GrpcClientProtocolClient.java:onNext(264)) - client-8B023739F3BF->b50d6464-f54a-40d1-9f81-f1c19654fd05: receive RaftClientReply:client-8B023739F3BF->b50d6464-f54a-40d1-9f81-f1c19654fd05@group-1F53027F28E3, cid=98, SUCCESS, logIndex=135, commits[b50d6464-f54a-40d1-9f81-f1c19654fd05:c138]
2019-09-12 09:25:55,936 [grpc-default-executor-2] INFO  client.GrpcClientProtocolClient (GrpcClientProtocolClient.java:onNext(264)) - client-8B023739F3BF->b50d6464-f54a-40d1-9f81-f1c19654fd05: receive RaftClientReply:client-8B023739F3BF->b50d6464-f54a-40d1-9f81-f1c19654fd05@group-1F53027F28E3, cid=99, SUCCESS, logIndex=136, commits[b50d6464-f54a-40d1-9f81-f1c19654fd05:c139]
2019-09-12 09:25:55,936 [grpc-default-executor-2] INFO  client.GrpcClientProtocolClient (GrpcClientProtocolClient.java:onNext(264)) - client-8B023739F3BF->b50d6464-f54a-40d1-9f81-f1c19654fd05: receive RaftClientReply:client-8B023739F3BF->b50d6464-f54a-40d1-9f81-f1c19654fd05@group-1F53027F28E3, cid=100, SUCCESS, logIndex=137, commits[b50d6464-f54a-40d1-9f81-f1c19654fd05:c139]
2019-09-12 09:25:55,959 [SCMBlockDeletingService#0] DEBUG block.SCMBlockDeletingService (SCMBlockDeletingService.java:call(138)) - Running DeletedBlockTransactionScanner
2019-09-12 09:25:55,959 [SCMBlockDeletingService#0] DEBUG block.SCMBlockDeletingService (SCMBlockDeletingService.java:call(155)) - Scanned deleted blocks log and got 0 delTX to process.
2019-09-12 09:25:55,963 [grpc-default-executor-1] INFO  client.GrpcClientProtocolClient (GrpcClientProtocolClient.java:onNext(264)) - client-8B023739F3BF->b50d6464-f54a-40d1-9f81-f1c19654fd05: receive RaftClientReply:client-8B023739F3BF->b50d6464-f54a-40d1-9f81-f1c19654fd05@group-1F53027F28E3, cid=101, SUCCESS, logIndex=140, commits[b50d6464-f54a-40d1-9f81-f1c19654fd05:c143]
2019-09-12 09:25:55,964 [grpc-default-executor-1] INFO  client.GrpcClientProtocolClient (GrpcClientProtocolClient.java:onNext(264)) - client-8B023739F3BF->b50d6464-f54a-40d1-9f81-f1c19654fd05: receive RaftClientReply:client-8B023739F3BF->b50d6464-f54a-40d1-9f81-f1c19654fd05@group-1F53027F28E3, cid=102, SUCCESS, logIndex=141, commits[b50d6464-f54a-40d1-9f81-f1c19654fd05:c145]
2019-09-12 09:25:55,965 [grpc-default-executor-1] INFO  client.GrpcClientProtocolClient (GrpcClientProtocolClient.java:onNext(264)) - client-8B023739F3BF->b50d6464-f54a-40d1-9f81-f1c19654fd05: receive RaftClientReply:client-8B023739F3BF->b50d6464-f54a-40d1-9f81-f1c19654fd05@group-1F53027F28E3, cid=103, SUCCESS, logIndex=142, commits[b50d6464-f54a-40d1-9f81-f1c19654fd05:c145]
2019-09-12 09:25:55,966 [grpc-default-executor-1] INFO  client.GrpcClientProtocolClient (GrpcClientProtocolClient.java:onNext(264)) - client-8B023739F3BF->b50d6464-f54a-40d1-9f81-f1c19654fd05: receive RaftClientReply:client-8B023739F3BF->b50d6464-f54a-40d1-9f81-f1c19654fd05@group-1F53027F28E3, cid=104, SUCCESS, logIndex=143, commits[b50d6464-f54a-40d1-9f81-f1c19654fd05:c145]
2019-09-12 09:25:55,994 [grpc-default-executor-1] INFO  client.GrpcClientProtocolClient (GrpcClientProtocolClient.java:onNext(264)) - client-8B023739F3BF->b50d6464-f54a-40d1-9f81-f1c19654fd05: receive RaftClientReply:client-8B023739F3BF->b50d6464-f54a-40d1-9f81-f1c19654fd05@group-1F53027F28E3, cid=105, SUCCESS, logIndex=146, commits[b50d6464-f54a-40d1-9f81-f1c19654fd05:c147]
2019-09-12 09:25:55,995 [grpc-default-executor-1] INFO  client.GrpcClientProtocolClient (GrpcClientProtocolClient.java:onNext(264)) - client-8B023739F3BF->b50d6464-f54a-40d1-9f81-f1c19654fd05: receive RaftClientReply:client-8B023739F3BF->b50d6464-f54a-40d1-9f81-f1c19654fd05@group-1F53027F28E3, cid=106, SUCCESS, logIndex=147, commits[b50d6464-f54a-40d1-9f81-f1c19654fd05:c147]
2019-09-12 09:25:56,005 [grpc-default-executor-1] INFO  client.GrpcClientProtocolClient (GrpcClientProtocolClient.java:onNext(264)) - client-8B023739F3BF->b50d6464-f54a-40d1-9f81-f1c19654fd05: receive RaftClientReply:client-8B023739F3BF->b50d6464-f54a-40d1-9f81-f1c19654fd05@group-1F53027F28E3, cid=107, SUCCESS, logIndex=148, commits[b50d6464-f54a-40d1-9f81-f1c19654fd05:c150]
2019-09-12 09:25:56,006 [grpc-default-executor-1] INFO  client.GrpcClientProtocolClient (GrpcClientProtocolClient.java:onNext(264)) - client-8B023739F3BF->b50d6464-f54a-40d1-9f81-f1c19654fd05: receive RaftClientReply:client-8B023739F3BF->b50d6464-f54a-40d1-9f81-f1c19654fd05@group-1F53027F28E3, cid=108, SUCCESS, logIndex=149, commits[b50d6464-f54a-40d1-9f81-f1c19654fd05:c150]
2019-09-12 09:25:56,146 [SCMBlockDeletingService#0] DEBUG block.SCMBlockDeletingService (SCMBlockDeletingService.java:call(138)) - Running DeletedBlockTransactionScanner
2019-09-12 09:25:56,146 [SCMBlockDeletingService#0] DEBUG block.SCMBlockDeletingService (SCMBlockDeletingService.java:call(155)) - Scanned deleted blocks log and got 0 delTX to process.
2019-09-12 09:25:56,158 [grpc-default-executor-2] INFO  client.GrpcClientProtocolClient (GrpcClientProtocolClient.java:onNext(264)) - client-8B023739F3BF->b50d6464-f54a-40d1-9f81-f1c19654fd05: receive RaftClientReply:client-8B023739F3BF->b50d6464-f54a-40d1-9f81-f1c19654fd05@group-1F53027F28E3, cid=109, SUCCESS, logIndex=151, commits[b50d6464-f54a-40d1-9f81-f1c19654fd05:c154]
2019-09-12 09:25:56,159 [grpc-default-executor-2] INFO  client.GrpcClientProtocolClient (GrpcClientProtocolClient.java:onNext(264)) - client-8B023739F3BF->b50d6464-f54a-40d1-9f81-f1c19654fd05: receive RaftClientReply:client-8B023739F3BF->b50d6464-f54a-40d1-9f81-f1c19654fd05@group-1F53027F28E3, cid=110, SUCCESS, logIndex=152, commits[b50d6464-f54a-40d1-9f81-f1c19654fd05:c155]
2019-09-12 09:25:56,159 [grpc-default-executor-2] INFO  client.GrpcClientProtocolClient (GrpcClientProtocolClient.java:onNext(264)) - client-8B023739F3BF->b50d6464-f54a-40d1-9f81-f1c19654fd05: receive RaftClientReply:client-8B023739F3BF->b50d6464-f54a-40d1-9f81-f1c19654fd05@group-1F53027F28E3, cid=111, SUCCESS, logIndex=153, commits[b50d6464-f54a-40d1-9f81-f1c19654fd05:c156]
2019-09-12 09:25:56,161 [grpc-default-executor-2] INFO  client.GrpcClientProtocolClient (GrpcClientProtocolClient.java:onNext(264)) - client-8B023739F3BF->b50d6464-f54a-40d1-9f81-f1c19654fd05: receive RaftClientReply:client-8B023739F3BF->b50d6464-f54a-40d1-9f81-f1c19654fd05@group-1F53027F28E3, cid=112, SUCCESS, logIndex=154, commits[b50d6464-f54a-40d1-9f81-f1c19654fd05:c156]
2019-09-12 09:25:56,194 [grpc-default-executor-2] INFO  client.GrpcClientProtocolClient (GrpcClientProtocolClient.java:onNext(264)) - client-8B023739F3BF->b50d6464-f54a-40d1-9f81-f1c19654fd05: receive RaftClientReply:client-8B023739F3BF->b50d6464-f54a-40d1-9f81-f1c19654fd05@group-1F53027F28E3, cid=113, SUCCESS, logIndex=157, commits[b50d6464-f54a-40d1-9f81-f1c19654fd05:c158]
2019-09-12 09:25:56,195 [grpc-default-executor-2] INFO  client.GrpcClientProtocolClient (GrpcClientProtocolClient.java:onNext(264)) - client-8B023739F3BF->b50d6464-f54a-40d1-9f81-f1c19654fd05: receive RaftClientReply:client-8B023739F3BF->b50d6464-f54a-40d1-9f81-f1c19654fd05@group-1F53027F28E3, cid=114, SUCCESS, logIndex=158, commits[b50d6464-f54a-40d1-9f81-f1c19654fd05:c158]
2019-09-12 09:25:56,201 [grpc-default-executor-2] INFO  client.GrpcClientProtocolClient (GrpcClientProtocolClient.java:onNext(264)) - client-8B023739F3BF->b50d6464-f54a-40d1-9f81-f1c19654fd05: receive RaftClientReply:client-8B023739F3BF->b50d6464-f54a-40d1-9f81-f1c19654fd05@group-1F53027F28E3, cid=115, SUCCESS, logIndex=159, commits[b50d6464-f54a-40d1-9f81-f1c19654fd05:c161]
2019-09-12 09:25:56,202 [grpc-default-executor-2] INFO  client.GrpcClientProtocolClient (GrpcClientProtocolClient.java:onNext(264)) - client-8B023739F3BF->b50d6464-f54a-40d1-9f81-f1c19654fd05: receive RaftClientReply:client-8B023739F3BF->b50d6464-f54a-40d1-9f81-f1c19654fd05@group-1F53027F28E3, cid=116, SUCCESS, logIndex=160, commits[b50d6464-f54a-40d1-9f81-f1c19654fd05:c161]
2019-09-12 09:25:56,222 [grpc-default-executor-1] INFO  client.GrpcClientProtocolClient (GrpcClientProtocolClient.java:onNext(264)) - client-8B023739F3BF->b50d6464-f54a-40d1-9f81-f1c19654fd05: receive RaftClientReply:client-8B023739F3BF->b50d6464-f54a-40d1-9f81-f1c19654fd05@group-1F53027F28E3, cid=117, SUCCESS, logIndex=162, commits[b50d6464-f54a-40d1-9f81-f1c19654fd05:c163]
2019-09-12 09:25:56,223 [grpc-default-executor-1] INFO  client.GrpcClientProtocolClient (GrpcClientProtocolClient.java:onNext(264)) - client-8B023739F3BF->b50d6464-f54a-40d1-9f81-f1c19654fd05: receive RaftClientReply:client-8B023739F3BF->b50d6464-f54a-40d1-9f81-f1c19654fd05@group-1F53027F28E3, cid=118, SUCCESS, logIndex=163, commits[b50d6464-f54a-40d1-9f81-f1c19654fd05:c165]
2019-09-12 09:25:56,224 [grpc-default-executor-1] INFO  client.GrpcClientProtocolClient (GrpcClientProtocolClient.java:onNext(264)) - client-8B023739F3BF->b50d6464-f54a-40d1-9f81-f1c19654fd05: receive RaftClientReply:client-8B023739F3BF->b50d6464-f54a-40d1-9f81-f1c19654fd05@group-1F53027F28E3, cid=119, SUCCESS, logIndex=164, commits[b50d6464-f54a-40d1-9f81-f1c19654fd05:c167]
2019-09-12 09:25:56,224 [grpc-default-executor-1] INFO  client.GrpcClientProtocolClient (GrpcClientProtocolClient.java:onNext(264)) - client-8B023739F3BF->b50d6464-f54a-40d1-9f81-f1c19654fd05: receive RaftClientReply:client-8B023739F3BF->b50d6464-f54a-40d1-9f81-f1c19654fd05@group-1F53027F28E3, cid=120, SUCCESS, logIndex=165, commits[b50d6464-f54a-40d1-9f81-f1c19654fd05:c167]
2019-09-12 09:25:56,247 [SCMBlockDeletingService#0] DEBUG block.SCMBlockDeletingService (SCMBlockDeletingService.java:call(138)) - Running DeletedBlockTransactionScanner
2019-09-12 09:25:56,247 [SCMBlockDeletingService#0] DEBUG block.SCMBlockDeletingService (SCMBlockDeletingService.java:call(155)) - Scanned deleted blocks log and got 0 delTX to process.
2019-09-12 09:25:56,252 [grpc-default-executor-1] INFO  client.GrpcClientProtocolClient (GrpcClientProtocolClient.java:onNext(264)) - client-8B023739F3BF->b50d6464-f54a-40d1-9f81-f1c19654fd05: receive RaftClientReply:client-8B023739F3BF->b50d6464-f54a-40d1-9f81-f1c19654fd05@group-1F53027F28E3, cid=121, SUCCESS, logIndex=168, commits[b50d6464-f54a-40d1-9f81-f1c19654fd05:c169]
2019-09-12 09:25:56,264 [grpc-default-executor-1] INFO  client.GrpcClientProtocolClient (GrpcClientProtocolClient.java:onNext(264)) - client-8B023739F3BF->b50d6464-f54a-40d1-9f81-f1c19654fd05: receive RaftClientReply:client-8B023739F3BF->b50d6464-f54a-40d1-9f81-f1c19654fd05@group-1F53027F28E3, cid=122, SUCCESS, logIndex=169, commits[b50d6464-f54a-40d1-9f81-f1c19654fd05:c169]
2019-09-12 09:25:56,265 [grpc-default-executor-1] INFO  client.GrpcClientProtocolClient (GrpcClientProtocolClient.java:onNext(264)) - client-8B023739F3BF->b50d6464-f54a-40d1-9f81-f1c19654fd05: receive RaftClientReply:client-8B023739F3BF->b50d6464-f54a-40d1-9f81-f1c19654fd05@group-1F53027F28E3, cid=123, SUCCESS, logIndex=170, commits[b50d6464-f54a-40d1-9f81-f1c19654fd05:c171]
2019-09-12 09:25:56,266 [grpc-default-executor-1] INFO  client.GrpcClientProtocolClient (GrpcClientProtocolClient.java:onNext(264)) - client-8B023739F3BF->b50d6464-f54a-40d1-9f81-f1c19654fd05: receive RaftClientReply:client-8B023739F3BF->b50d6464-f54a-40d1-9f81-f1c19654fd05@group-1F53027F28E3, cid=124, SUCCESS, logIndex=171, commits[b50d6464-f54a-40d1-9f81-f1c19654fd05:c171]
2019-09-12 09:25:56,284 [grpc-default-executor-1] INFO  client.GrpcClientProtocolClient (GrpcClientProtocolClient.java:onNext(264)) - client-8B023739F3BF->b50d6464-f54a-40d1-9f81-f1c19654fd05: receive RaftClientReply:client-8B023739F3BF->b50d6464-f54a-40d1-9f81-f1c19654fd05@group-1F53027F28E3, cid=125, SUCCESS, logIndex=174, commits[b50d6464-f54a-40d1-9f81-f1c19654fd05:c175]
2019-09-12 09:25:56,285 [grpc-default-executor-1] INFO  client.GrpcClientProtocolClient (GrpcClientProtocolClient.java:onNext(264)) - client-8B023739F3BF->b50d6464-f54a-40d1-9f81-f1c19654fd05: receive RaftClientReply:client-8B023739F3BF->b50d6464-f54a-40d1-9f81-f1c19654fd05@group-1F53027F28E3, cid=126, SUCCESS, logIndex=175, commits[b50d6464-f54a-40d1-9f81-f1c19654fd05:c177]
2019-09-12 09:25:56,286 [grpc-default-executor-1] INFO  client.GrpcClientProtocolClient (GrpcClientProtocolClient.java:onNext(264)) - client-8B023739F3BF->b50d6464-f54a-40d1-9f81-f1c19654fd05: receive RaftClientReply:client-8B023739F3BF->b50d6464-f54a-40d1-9f81-f1c19654fd05@group-1F53027F28E3, cid=127, SUCCESS, logIndex=176, commits[b50d6464-f54a-40d1-9f81-f1c19654fd05:c177]
2019-09-12 09:25:56,286 [grpc-default-executor-1] INFO  client.GrpcClientProtocolClient (GrpcClientProtocolClient.java:onNext(264)) - client-8B023739F3BF->b50d6464-f54a-40d1-9f81-f1c19654fd05: receive RaftClientReply:client-8B023739F3BF->b50d6464-f54a-40d1-9f81-f1c19654fd05@group-1F53027F28E3, cid=128, SUCCESS, logIndex=177, commits[b50d6464-f54a-40d1-9f81-f1c19654fd05:c179]
2019-09-12 09:25:56,324 [grpc-default-executor-1] INFO  client.GrpcClientProtocolClient (GrpcClientProtocolClient.java:onNext(264)) - client-8B023739F3BF->b50d6464-f54a-40d1-9f81-f1c19654fd05: receive RaftClientReply:client-8B023739F3BF->b50d6464-f54a-40d1-9f81-f1c19654fd05@group-1F53027F28E3, cid=129, SUCCESS, logIndex=180, commits[b50d6464-f54a-40d1-9f81-f1c19654fd05:c181]
2019-09-12 09:25:56,325 [grpc-default-executor-1] INFO  client.GrpcClientProtocolClient (GrpcClientProtocolClient.java:onNext(264)) - client-8B023739F3BF->b50d6464-f54a-40d1-9f81-f1c19654fd05: receive RaftClientReply:client-8B023739F3BF->b50d6464-f54a-40d1-9f81-f1c19654fd05@group-1F53027F28E3, cid=130, SUCCESS, logIndex=181, commits[b50d6464-f54a-40d1-9f81-f1c19654fd05:c184]
2019-09-12 09:25:56,325 [grpc-default-executor-1] INFO  client.GrpcClientProtocolClient (GrpcClientProtocolClient.java:onNext(264)) - client-8B023739F3BF->b50d6464-f54a-40d1-9f81-f1c19654fd05: receive RaftClientReply:client-8B023739F3BF->b50d6464-f54a-40d1-9f81-f1c19654fd05@group-1F53027F28E3, cid=131, SUCCESS, logIndex=182, commits[b50d6464-f54a-40d1-9f81-f1c19654fd05:c184]
2019-09-12 09:25:56,326 [grpc-default-executor-1] INFO  client.GrpcClientProtocolClient (GrpcClientProtocolClient.java:onNext(264)) - client-8B023739F3BF->b50d6464-f54a-40d1-9f81-f1c19654fd05: receive RaftClientReply:client-8B023739F3BF->b50d6464-f54a-40d1-9f81-f1c19654fd05@group-1F53027F28E3, cid=132, SUCCESS, logIndex=183, commits[b50d6464-f54a-40d1-9f81-f1c19654fd05:c185]
2019-09-12 09:25:56,348 [SCMBlockDeletingService#0] DEBUG block.SCMBlockDeletingService (SCMBlockDeletingService.java:call(138)) - Running DeletedBlockTransactionScanner
2019-09-12 09:25:56,348 [SCMBlockDeletingService#0] DEBUG block.SCMBlockDeletingService (SCMBlockDeletingService.java:call(155)) - Scanned deleted blocks log and got 0 delTX to process.
2019-09-12 09:25:56,437 [grpc-default-executor-2] INFO  client.GrpcClientProtocolClient (GrpcClientProtocolClient.java:onNext(264)) - client-8B023739F3BF->b50d6464-f54a-40d1-9f81-f1c19654fd05: receive RaftClientReply:client-8B023739F3BF->b50d6464-f54a-40d1-9f81-f1c19654fd05@group-1F53027F28E3, cid=133, SUCCESS, logIndex=186, commits[b50d6464-f54a-40d1-9f81-f1c19654fd05:c187]
2019-09-12 09:25:56,438 [grpc-default-executor-2] INFO  client.GrpcClientProtocolClient (GrpcClientProtocolClient.java:onNext(264)) - client-8B023739F3BF->b50d6464-f54a-40d1-9f81-f1c19654fd05: receive RaftClientReply:client-8B023739F3BF->b50d6464-f54a-40d1-9f81-f1c19654fd05@group-1F53027F28E3, cid=134, SUCCESS, logIndex=187, commits[b50d6464-f54a-40d1-9f81-f1c19654fd05:c191]
2019-09-12 09:25:56,439 [grpc-default-executor-2] INFO  client.GrpcClientProtocolClient (GrpcClientProtocolClient.java:onNext(264)) - client-8B023739F3BF->b50d6464-f54a-40d1-9f81-f1c19654fd05: receive RaftClientReply:client-8B023739F3BF->b50d6464-f54a-40d1-9f81-f1c19654fd05@group-1F53027F28E3, cid=135, SUCCESS, logIndex=188, commits[b50d6464-f54a-40d1-9f81-f1c19654fd05:c191]
2019-09-12 09:25:56,440 [grpc-default-executor-2] INFO  client.GrpcClientProtocolClient (GrpcClientProtocolClient.java:onNext(264)) - client-8B023739F3BF->b50d6464-f54a-40d1-9f81-f1c19654fd05: receive RaftClientReply:client-8B023739F3BF->b50d6464-f54a-40d1-9f81-f1c19654fd05@group-1F53027F28E3, cid=136, SUCCESS, logIndex=189, commits[b50d6464-f54a-40d1-9f81-f1c19654fd05:c191]
2019-09-12 09:25:56,448 [SCMBlockDeletingService#0] DEBUG block.SCMBlockDeletingService (SCMBlockDeletingService.java:call(138)) - Running DeletedBlockTransactionScanner
2019-09-12 09:25:56,449 [SCMBlockDeletingService#0] DEBUG block.SCMBlockDeletingService (SCMBlockDeletingService.java:call(155)) - Scanned deleted blocks log and got 0 delTX to process.
2019-09-12 09:25:56,475 [grpc-default-executor-2] INFO  client.GrpcClientProtocolClient (GrpcClientProtocolClient.java:onNext(264)) - client-8B023739F3BF->b50d6464-f54a-40d1-9f81-f1c19654fd05: receive RaftClientReply:client-8B023739F3BF->b50d6464-f54a-40d1-9f81-f1c19654fd05@group-1F53027F28E3, cid=137, SUCCESS, logIndex=192, commits[b50d6464-f54a-40d1-9f81-f1c19654fd05:c195]
2019-09-12 09:25:56,475 [grpc-default-executor-2] INFO  client.GrpcClientProtocolClient (GrpcClientProtocolClient.java:onNext(264)) - client-8B023739F3BF->b50d6464-f54a-40d1-9f81-f1c19654fd05: receive RaftClientReply:client-8B023739F3BF->b50d6464-f54a-40d1-9f81-f1c19654fd05@group-1F53027F28E3, cid=138, SUCCESS, logIndex=193, commits[b50d6464-f54a-40d1-9f81-f1c19654fd05:c196]
2019-09-12 09:25:56,476 [grpc-default-executor-2] INFO  client.GrpcClientProtocolClient (GrpcClientProtocolClient.java:onNext(264)) - client-8B023739F3BF->b50d6464-f54a-40d1-9f81-f1c19654fd05: receive RaftClientReply:client-8B023739F3BF->b50d6464-f54a-40d1-9f81-f1c19654fd05@group-1F53027F28E3, cid=139, SUCCESS, logIndex=194, commits[b50d6464-f54a-40d1-9f81-f1c19654fd05:c197]
2019-09-12 09:25:56,477 [grpc-default-executor-2] INFO  client.GrpcClientProtocolClient (GrpcClientProtocolClient.java:onNext(264)) - client-8B023739F3BF->b50d6464-f54a-40d1-9f81-f1c19654fd05: receive RaftClientReply:client-8B023739F3BF->b50d6464-f54a-40d1-9f81-f1c19654fd05@group-1F53027F28E3, cid=140, SUCCESS, logIndex=195, commits[b50d6464-f54a-40d1-9f81-f1c19654fd05:c197]
2019-09-12 09:25:56,504 [grpc-default-executor-2] INFO  client.GrpcClientProtocolClient (GrpcClientProtocolClient.java:onNext(264)) - client-8B023739F3BF->b50d6464-f54a-40d1-9f81-f1c19654fd05: receive RaftClientReply:client-8B023739F3BF->b50d6464-f54a-40d1-9f81-f1c19654fd05@group-1F53027F28E3, cid=141, SUCCESS, logIndex=198, commits[b50d6464-f54a-40d1-9f81-f1c19654fd05:c199]
2019-09-12 09:25:56,504 [grpc-default-executor-2] INFO  client.GrpcClientProtocolClient (GrpcClientProtocolClient.java:onNext(264)) - client-8B023739F3BF->b50d6464-f54a-40d1-9f81-f1c19654fd05: receive RaftClientReply:client-8B023739F3BF->b50d6464-f54a-40d1-9f81-f1c19654fd05@group-1F53027F28E3, cid=142, SUCCESS, logIndex=199, commits[b50d6464-f54a-40d1-9f81-f1c19654fd05:c201]
2019-09-12 09:25:56,506 [grpc-default-executor-2] INFO  client.GrpcClientProtocolClient (GrpcClientProtocolClient.java:onNext(264)) - client-8B023739F3BF->b50d6464-f54a-40d1-9f81-f1c19654fd05: receive RaftClientReply:client-8B023739F3BF->b50d6464-f54a-40d1-9f81-f1c19654fd05@group-1F53027F28E3, cid=143, SUCCESS, logIndex=200, commits[b50d6464-f54a-40d1-9f81-f1c19654fd05:c202]
2019-09-12 09:25:56,506 [grpc-default-executor-2] INFO  client.GrpcClientProtocolClient (GrpcClientProtocolClient.java:onNext(264)) - client-8B023739F3BF->b50d6464-f54a-40d1-9f81-f1c19654fd05: receive RaftClientReply:client-8B023739F3BF->b50d6464-f54a-40d1-9f81-f1c19654fd05@group-1F53027F28E3, cid=144, SUCCESS, logIndex=201, commits[b50d6464-f54a-40d1-9f81-f1c19654fd05:c203]
2019-09-12 09:25:56,546 [grpc-default-executor-1] INFO  client.GrpcClientProtocolClient (GrpcClientProtocolClient.java:onNext(264)) - client-8B023739F3BF->b50d6464-f54a-40d1-9f81-f1c19654fd05: receive RaftClientReply:client-8B023739F3BF->b50d6464-f54a-40d1-9f81-f1c19654fd05@group-1F53027F28E3, cid=145, SUCCESS, logIndex=204, commits[b50d6464-f54a-40d1-9f81-f1c19654fd05:c205]
2019-09-12 09:25:56,547 [grpc-default-executor-1] INFO  client.GrpcClientProtocolClient (GrpcClientProtocolClient.java:onNext(264)) - client-8B023739F3BF->b50d6464-f54a-40d1-9f81-f1c19654fd05: receive RaftClientReply:client-8B023739F3BF->b50d6464-f54a-40d1-9f81-f1c19654fd05@group-1F53027F28E3, cid=146, SUCCESS, logIndex=205, commits[b50d6464-f54a-40d1-9f81-f1c19654fd05:c208]
2019-09-12 09:25:56,548 [grpc-default-executor-1] INFO  client.GrpcClientProtocolClient (GrpcClientProtocolClient.java:onNext(264)) - client-8B023739F3BF->b50d6464-f54a-40d1-9f81-f1c19654fd05: receive RaftClientReply:client-8B023739F3BF->b50d6464-f54a-40d1-9f81-f1c19654fd05@group-1F53027F28E3, cid=147, SUCCESS, logIndex=206, commits[b50d6464-f54a-40d1-9f81-f1c19654fd05:c209]
2019-09-12 09:25:56,549 [grpc-default-executor-1] INFO  client.GrpcClientProtocolClient (GrpcClientProtocolClient.java:onNext(264)) - client-8B023739F3BF->b50d6464-f54a-40d1-9f81-f1c19654fd05: receive RaftClientReply:client-8B023739F3BF->b50d6464-f54a-40d1-9f81-f1c19654fd05@group-1F53027F28E3, cid=148, SUCCESS, logIndex=207, commits[b50d6464-f54a-40d1-9f81-f1c19654fd05:c209]
2019-09-12 09:25:56,549 [SCMBlockDeletingService#0] DEBUG block.SCMBlockDeletingService (SCMBlockDeletingService.java:call(138)) - Running DeletedBlockTransactionScanner
2019-09-12 09:25:56,550 [SCMBlockDeletingService#0] DEBUG block.SCMBlockDeletingService (SCMBlockDeletingService.java:call(155)) - Scanned deleted blocks log and got 0 delTX to process.
2019-09-12 09:25:56,576 [grpc-default-executor-2] INFO  client.GrpcClientProtocolClient (GrpcClientProtocolClient.java:onNext(264)) - client-8B023739F3BF->b50d6464-f54a-40d1-9f81-f1c19654fd05: receive RaftClientReply:client-8B023739F3BF->b50d6464-f54a-40d1-9f81-f1c19654fd05@group-1F53027F28E3, cid=149, SUCCESS, logIndex=210, commits[b50d6464-f54a-40d1-9f81-f1c19654fd05:c211]
2019-09-12 09:25:56,577 [grpc-default-executor-2] INFO  client.GrpcClientProtocolClient (GrpcClientProtocolClient.java:onNext(264)) - client-8B023739F3BF->b50d6464-f54a-40d1-9f81-f1c19654fd05: receive RaftClientReply:client-8B023739F3BF->b50d6464-f54a-40d1-9f81-f1c19654fd05@group-1F53027F28E3, cid=150, SUCCESS, logIndex=211, commits[b50d6464-f54a-40d1-9f81-f1c19654fd05:c214]
2019-09-12 09:25:56,577 [grpc-default-executor-2] INFO  client.GrpcClientProtocolClient (GrpcClientProtocolClient.java:onNext(264)) - client-8B023739F3BF->b50d6464-f54a-40d1-9f81-f1c19654fd05: receive RaftClientReply:client-8B023739F3BF->b50d6464-f54a-40d1-9f81-f1c19654fd05@group-1F53027F28E3, cid=151, SUCCESS, logIndex=212, commits[b50d6464-f54a-40d1-9f81-f1c19654fd05:c215]
2019-09-12 09:25:56,578 [grpc-default-executor-2] INFO  client.GrpcClientProtocolClient (GrpcClientProtocolClient.java:onNext(264)) - client-8B023739F3BF->b50d6464-f54a-40d1-9f81-f1c19654fd05: receive RaftClientReply:client-8B023739F3BF->b50d6464-f54a-40d1-9f81-f1c19654fd05@group-1F53027F28E3, cid=152, SUCCESS, logIndex=213, commits[b50d6464-f54a-40d1-9f81-f1c19654fd05:c215]
2019-09-12 09:25:56,611 [grpc-default-executor-1] INFO  client.GrpcClientProtocolClient (GrpcClientProtocolClient.java:onNext(264)) - client-8B023739F3BF->b50d6464-f54a-40d1-9f81-f1c19654fd05: receive RaftClientReply:client-8B023739F3BF->b50d6464-f54a-40d1-9f81-f1c19654fd05@group-1F53027F28E3, cid=153, SUCCESS, logIndex=216, commits[b50d6464-f54a-40d1-9f81-f1c19654fd05:c219]
2019-09-12 09:25:56,612 [grpc-default-executor-1] INFO  client.GrpcClientProtocolClient (GrpcClientProtocolClient.java:onNext(264)) - client-8B023739F3BF->b50d6464-f54a-40d1-9f81-f1c19654fd05: receive RaftClientReply:client-8B023739F3BF->b50d6464-f54a-40d1-9f81-f1c19654fd05@group-1F53027F28E3, cid=154, SUCCESS, logIndex=217, commits[b50d6464-f54a-40d1-9f81-f1c19654fd05:c221]
2019-09-12 09:25:56,613 [grpc-default-executor-1] INFO  client.GrpcClientProtocolClient (GrpcClientProtocolClient.java:onNext(264)) - client-8B023739F3BF->b50d6464-f54a-40d1-9f81-f1c19654fd05: receive RaftClientReply:client-8B023739F3BF->b50d6464-f54a-40d1-9f81-f1c19654fd05@group-1F53027F28E3, cid=155, SUCCESS, logIndex=218, commits[b50d6464-f54a-40d1-9f81-f1c19654fd05:c221]
2019-09-12 09:25:56,614 [grpc-default-executor-1] INFO  client.GrpcClientProtocolClient (GrpcClientProtocolClient.java:onNext(264)) - client-8B023739F3BF->b50d6464-f54a-40d1-9f81-f1c19654fd05: receive RaftClientReply:client-8B023739F3BF->b50d6464-f54a-40d1-9f81-f1c19654fd05@group-1F53027F28E3, cid=156, SUCCESS, logIndex=219, commits[b50d6464-f54a-40d1-9f81-f1c19654fd05:c221]
2019-09-12 09:25:56,636 [grpc-default-executor-1] INFO  client.GrpcClientProtocolClient (GrpcClientProtocolClient.java:onNext(264)) - client-8B023739F3BF->b50d6464-f54a-40d1-9f81-f1c19654fd05: receive RaftClientReply:client-8B023739F3BF->b50d6464-f54a-40d1-9f81-f1c19654fd05@group-1F53027F28E3, cid=157, SUCCESS, logIndex=222, commits[b50d6464-f54a-40d1-9f81-f1c19654fd05:c223]
2019-09-12 09:25:56,637 [grpc-default-executor-1] INFO  client.GrpcClientProtocolClient (GrpcClientProtocolClient.java:onNext(264)) - client-8B023739F3BF->b50d6464-f54a-40d1-9f81-f1c19654fd05: receive RaftClientReply:client-8B023739F3BF->b50d6464-f54a-40d1-9f81-f1c19654fd05@group-1F53027F28E3, cid=158, SUCCESS, logIndex=223, commits[b50d6464-f54a-40d1-9f81-f1c19654fd05:c226]
2019-09-12 09:25:56,638 [grpc-default-executor-1] INFO  client.GrpcClientProtocolClient (GrpcClientProtocolClient.java:onNext(264)) - client-8B023739F3BF->b50d6464-f54a-40d1-9f81-f1c19654fd05: receive RaftClientReply:client-8B023739F3BF->b50d6464-f54a-40d1-9f81-f1c19654fd05@group-1F53027F28E3, cid=159, SUCCESS, logIndex=224, commits[b50d6464-f54a-40d1-9f81-f1c19654fd05:c227]
2019-09-12 09:25:56,639 [grpc-default-executor-1] INFO  client.GrpcClientProtocolClient (GrpcClientProtocolClient.java:onNext(264)) - client-8B023739F3BF->b50d6464-f54a-40d1-9f81-f1c19654fd05: receive RaftClientReply:client-8B023739F3BF->b50d6464-f54a-40d1-9f81-f1c19654fd05@group-1F53027F28E3, cid=160, SUCCESS, logIndex=225, commits[b50d6464-f54a-40d1-9f81-f1c19654fd05:c227]
2019-09-12 09:25:56,650 [SCMBlockDeletingService#0] DEBUG block.SCMBlockDeletingService (SCMBlockDeletingService.java:call(138)) - Running DeletedBlockTransactionScanner
2019-09-12 09:25:56,650 [SCMBlockDeletingService#0] DEBUG block.SCMBlockDeletingService (SCMBlockDeletingService.java:call(155)) - Scanned deleted blocks log and got 0 delTX to process.
2019-09-12 09:25:56,676 [grpc-default-executor-1] INFO  client.GrpcClientProtocolClient (GrpcClientProtocolClient.java:onNext(264)) - client-8B023739F3BF->b50d6464-f54a-40d1-9f81-f1c19654fd05: receive RaftClientReply:client-8B023739F3BF->b50d6464-f54a-40d1-9f81-f1c19654fd05@group-1F53027F28E3, cid=161, SUCCESS, logIndex=228, commits[b50d6464-f54a-40d1-9f81-f1c19654fd05:c229]
2019-09-12 09:25:56,676 [grpc-default-executor-1] INFO  client.GrpcClientProtocolClient (GrpcClientProtocolClient.java:onNext(264)) - client-8B023739F3BF->b50d6464-f54a-40d1-9f81-f1c19654fd05: receive RaftClientReply:client-8B023739F3BF->b50d6464-f54a-40d1-9f81-f1c19654fd05@group-1F53027F28E3, cid=162, SUCCESS, logIndex=229, commits[b50d6464-f54a-40d1-9f81-f1c19654fd05:c232]
2019-09-12 09:25:56,677 [grpc-default-executor-1] INFO  client.GrpcClientProtocolClient (GrpcClientProtocolClient.java:onNext(264)) - client-8B023739F3BF->b50d6464-f54a-40d1-9f81-f1c19654fd05: receive RaftClientReply:client-8B023739F3BF->b50d6464-f54a-40d1-9f81-f1c19654fd05@group-1F53027F28E3, cid=163, SUCCESS, logIndex=230, commits[b50d6464-f54a-40d1-9f81-f1c19654fd05:c232]
2019-09-12 09:25:56,677 [grpc-default-executor-1] INFO  client.GrpcClientProtocolClient (GrpcClientProtocolClient.java:onNext(264)) - client-8B023739F3BF->b50d6464-f54a-40d1-9f81-f1c19654fd05: receive RaftClientReply:client-8B023739F3BF->b50d6464-f54a-40d1-9f81-f1c19654fd05@group-1F53027F28E3, cid=164, SUCCESS, logIndex=231, commits[b50d6464-f54a-40d1-9f81-f1c19654fd05:c233]
2019-09-12 09:25:56,695 [grpc-default-executor-1] INFO  client.GrpcClientProtocolClient (GrpcClientProtocolClient.java:onNext(264)) - client-8B023739F3BF->b50d6464-f54a-40d1-9f81-f1c19654fd05: receive RaftClientReply:client-8B023739F3BF->b50d6464-f54a-40d1-9f81-f1c19654fd05@group-1F53027F28E3, cid=165, SUCCESS, logIndex=234, commits[b50d6464-f54a-40d1-9f81-f1c19654fd05:c235]
2019-09-12 09:25:56,696 [grpc-default-executor-1] INFO  client.GrpcClientProtocolClient (GrpcClientProtocolClient.java:onNext(264)) - client-8B023739F3BF->b50d6464-f54a-40d1-9f81-f1c19654fd05: receive RaftClientReply:client-8B023739F3BF->b50d6464-f54a-40d1-9f81-f1c19654fd05@group-1F53027F28E3, cid=166, SUCCESS, logIndex=235, commits[b50d6464-f54a-40d1-9f81-f1c19654fd05:c237]
2019-09-12 09:25:56,696 [grpc-default-executor-1] INFO  client.GrpcClientProtocolClient (GrpcClientProtocolClient.java:onNext(264)) - client-8B023739F3BF->b50d6464-f54a-40d1-9f81-f1c19654fd05: receive RaftClientReply:client-8B023739F3BF->b50d6464-f54a-40d1-9f81-f1c19654fd05@group-1F53027F28E3, cid=167, SUCCESS, logIndex=236, commits[b50d6464-f54a-40d1-9f81-f1c19654fd05:c237]
2019-09-12 09:25:56,697 [grpc-default-executor-1] INFO  client.GrpcClientProtocolClient (GrpcClientProtocolClient.java:onNext(264)) - client-8B023739F3BF->b50d6464-f54a-40d1-9f81-f1c19654fd05: receive RaftClientReply:client-8B023739F3BF->b50d6464-f54a-40d1-9f81-f1c19654fd05@group-1F53027F28E3, cid=168, SUCCESS, logIndex=237, commits[b50d6464-f54a-40d1-9f81-f1c19654fd05:c238]
2019-09-12 09:25:56,731 [grpc-default-executor-1] INFO  client.GrpcClientProtocolClient (GrpcClientProtocolClient.java:onNext(264)) - client-8B023739F3BF->b50d6464-f54a-40d1-9f81-f1c19654fd05: receive RaftClientReply:client-8B023739F3BF->b50d6464-f54a-40d1-9f81-f1c19654fd05@group-1F53027F28E3, cid=169, SUCCESS, logIndex=240, commits[b50d6464-f54a-40d1-9f81-f1c19654fd05:c243]
2019-09-12 09:25:56,732 [grpc-default-executor-1] INFO  client.GrpcClientProtocolClient (GrpcClientProtocolClient.java:onNext(264)) - client-8B023739F3BF->b50d6464-f54a-40d1-9f81-f1c19654fd05: receive RaftClientReply:client-8B023739F3BF->b50d6464-f54a-40d1-9f81-f1c19654fd05@group-1F53027F28E3, cid=170, SUCCESS, logIndex=241, commits[b50d6464-f54a-40d1-9f81-f1c19654fd05:c244]
2019-09-12 09:25:56,732 [grpc-default-executor-1] INFO  client.GrpcClientProtocolClient (GrpcClientProtocolClient.java:onNext(264)) - client-8B023739F3BF->b50d6464-f54a-40d1-9f81-f1c19654fd05: receive RaftClientReply:client-8B023739F3BF->b50d6464-f54a-40d1-9f81-f1c19654fd05@group-1F53027F28E3, cid=171, SUCCESS, logIndex=242, commits[b50d6464-f54a-40d1-9f81-f1c19654fd05:c245]
2019-09-12 09:25:56,733 [grpc-default-executor-1] INFO  client.GrpcClientProtocolClient (GrpcClientProtocolClient.java:onNext(264)) - client-8B023739F3BF->b50d6464-f54a-40d1-9f81-f1c19654fd05: receive RaftClientReply:client-8B023739F3BF->b50d6464-f54a-40d1-9f81-f1c19654fd05@group-1F53027F28E3, cid=172, SUCCESS, logIndex=243, commits[b50d6464-f54a-40d1-9f81-f1c19654fd05:c245]
2019-09-12 09:25:56,751 [SCMBlockDeletingService#0] DEBUG block.SCMBlockDeletingService (SCMBlockDeletingService.java:call(138)) - Running DeletedBlockTransactionScanner
2019-09-12 09:25:56,751 [SCMBlockDeletingService#0] DEBUG block.SCMBlockDeletingService (SCMBlockDeletingService.java:call(155)) - Scanned deleted blocks log and got 0 delTX to process.
2019-09-12 09:25:56,756 [grpc-default-executor-2] INFO  client.GrpcClientProtocolClient (GrpcClientProtocolClient.java:onNext(264)) - client-8B023739F3BF->b50d6464-f54a-40d1-9f81-f1c19654fd05: receive RaftClientReply:client-8B023739F3BF->b50d6464-f54a-40d1-9f81-f1c19654fd05@group-1F53027F28E3, cid=173, SUCCESS, logIndex=246, commits[b50d6464-f54a-40d1-9f81-f1c19654fd05:c247]
2019-09-12 09:25:56,757 [grpc-default-executor-2] INFO  client.GrpcClientProtocolClient (GrpcClientProtocolClient.java:onNext(264)) - client-8B023739F3BF->b50d6464-f54a-40d1-9f81-f1c19654fd05: receive RaftClientReply:client-8B023739F3BF->b50d6464-f54a-40d1-9f81-f1c19654fd05@group-1F53027F28E3, cid=174, SUCCESS, logIndex=247, commits[b50d6464-f54a-40d1-9f81-f1c19654fd05:c250]
2019-09-12 09:25:56,757 [grpc-default-executor-2] INFO  client.GrpcClientProtocolClient (GrpcClientProtocolClient.java:onNext(264)) - client-8B023739F3BF->b50d6464-f54a-40d1-9f81-f1c19654fd05: receive RaftClientReply:client-8B023739F3BF->b50d6464-f54a-40d1-9f81-f1c19654fd05@group-1F53027F28E3, cid=175, SUCCESS, logIndex=248, commits[b50d6464-f54a-40d1-9f81-f1c19654fd05:c250]
2019-09-12 09:25:56,758 [grpc-default-executor-2] INFO  client.GrpcClientProtocolClient (GrpcClientProtocolClient.java:onNext(264)) - client-8B023739F3BF->b50d6464-f54a-40d1-9f81-f1c19654fd05: receive RaftClientReply:client-8B023739F3BF->b50d6464-f54a-40d1-9f81-f1c19654fd05@group-1F53027F28E3, cid=176, SUCCESS, logIndex=249, commits[b50d6464-f54a-40d1-9f81-f1c19654fd05:c251]
2019-09-12 09:25:56,852 [SCMBlockDeletingService#0] DEBUG block.SCMBlockDeletingService (SCMBlockDeletingService.java:call(138)) - Running DeletedBlockTransactionScanner
2019-09-12 09:25:56,852 [SCMBlockDeletingService#0] DEBUG block.SCMBlockDeletingService (SCMBlockDeletingService.java:call(155)) - Scanned deleted blocks log and got 0 delTX to process.
2019-09-12 09:25:56,885 [grpc-default-executor-1] INFO  client.GrpcClientProtocolClient (GrpcClientProtocolClient.java:onNext(264)) - client-8B023739F3BF->b50d6464-f54a-40d1-9f81-f1c19654fd05: receive RaftClientReply:client-8B023739F3BF->b50d6464-f54a-40d1-9f81-f1c19654fd05@group-1F53027F28E3, cid=177, SUCCESS, logIndex=252, commits[b50d6464-f54a-40d1-9f81-f1c19654fd05:c253]
2019-09-12 09:25:56,886 [grpc-default-executor-1] INFO  client.GrpcClientProtocolClient (GrpcClientProtocolClient.java:onNext(264)) - client-8B023739F3BF->b50d6464-f54a-40d1-9f81-f1c19654fd05: receive RaftClientReply:client-8B023739F3BF->b50d6464-f54a-40d1-9f81-f1c19654fd05@group-1F53027F28E3, cid=178, SUCCESS, logIndex=253, commits[b50d6464-f54a-40d1-9f81-f1c19654fd05:c253]
2019-09-12 09:25:56,896 [grpc-default-executor-1] INFO  client.GrpcClientProtocolClient (GrpcClientProtocolClient.java:onNext(264)) - client-8B023739F3BF->b50d6464-f54a-40d1-9f81-f1c19654fd05: receive RaftClientReply:client-8B023739F3BF->b50d6464-f54a-40d1-9f81-f1c19654fd05@group-1F53027F28E3, cid=179, SUCCESS, logIndex=254, commits[b50d6464-f54a-40d1-9f81-f1c19654fd05:c256]
2019-09-12 09:25:56,897 [grpc-default-executor-1] INFO  client.GrpcClientProtocolClient (GrpcClientProtocolClient.java:onNext(264)) - client-8B023739F3BF->b50d6464-f54a-40d1-9f81-f1c19654fd05: receive RaftClientReply:client-8B023739F3BF->b50d6464-f54a-40d1-9f81-f1c19654fd05@group-1F53027F28E3, cid=180, SUCCESS, logIndex=255, commits[b50d6464-f54a-40d1-9f81-f1c19654fd05:c256]
2019-09-12 09:25:56,914 [grpc-default-executor-2] INFO  client.GrpcClientProtocolClient (GrpcClientProtocolClient.java:onNext(264)) - client-8B023739F3BF->b50d6464-f54a-40d1-9f81-f1c19654fd05: receive RaftClientReply:client-8B023739F3BF->b50d6464-f54a-40d1-9f81-f1c19654fd05@group-1F53027F28E3, cid=181, SUCCESS, logIndex=257, commits[b50d6464-f54a-40d1-9f81-f1c19654fd05:c258]
2019-09-12 09:25:56,915 [grpc-default-executor-2] INFO  client.GrpcClientProtocolClient (GrpcClientProtocolClient.java:onNext(264)) - client-8B023739F3BF->b50d6464-f54a-40d1-9f81-f1c19654fd05: receive RaftClientReply:client-8B023739F3BF->b50d6464-f54a-40d1-9f81-f1c19654fd05@group-1F53027F28E3, cid=182, SUCCESS, logIndex=258, commits[b50d6464-f54a-40d1-9f81-f1c19654fd05:c258]
2019-09-12 09:25:56,938 [grpc-default-executor-2] INFO  client.GrpcClientProtocolClient (GrpcClientProtocolClient.java:onNext(264)) - client-8B023739F3BF->b50d6464-f54a-40d1-9f81-f1c19654fd05: receive RaftClientReply:client-8B023739F3BF->b50d6464-f54a-40d1-9f81-f1c19654fd05@group-1F53027F28E3, cid=183, SUCCESS, logIndex=259, commits[b50d6464-f54a-40d1-9f81-f1c19654fd05:c261]
2019-09-12 09:25:56,938 [grpc-default-executor-2] INFO  client.GrpcClientProtocolClient (GrpcClientProtocolClient.java:onNext(264)) - client-8B023739F3BF->b50d6464-f54a-40d1-9f81-f1c19654fd05: receive RaftClientReply:client-8B023739F3BF->b50d6464-f54a-40d1-9f81-f1c19654fd05@group-1F53027F28E3, cid=184, SUCCESS, logIndex=260, commits[b50d6464-f54a-40d1-9f81-f1c19654fd05:c261]
2019-09-12 09:25:56,952 [SCMBlockDeletingService#0] DEBUG block.SCMBlockDeletingService (SCMBlockDeletingService.java:call(138)) - Running DeletedBlockTransactionScanner
2019-09-12 09:25:56,953 [SCMBlockDeletingService#0] DEBUG block.SCMBlockDeletingService (SCMBlockDeletingService.java:call(155)) - Scanned deleted blocks log and got 0 delTX to process.
2019-09-12 09:25:56,962 [grpc-default-executor-2] INFO  client.GrpcClientProtocolClient (GrpcClientProtocolClient.java:onNext(264)) - client-8B023739F3BF->b50d6464-f54a-40d1-9f81-f1c19654fd05: receive RaftClientReply:client-8B023739F3BF->b50d6464-f54a-40d1-9f81-f1c19654fd05@group-1F53027F28E3, cid=185, SUCCESS, logIndex=262, commits[b50d6464-f54a-40d1-9f81-f1c19654fd05:c263]
2019-09-12 09:25:56,963 [grpc-default-executor-2] INFO  client.GrpcClientProtocolClient (GrpcClientProtocolClient.java:onNext(264)) - client-8B023739F3BF->b50d6464-f54a-40d1-9f81-f1c19654fd05: receive RaftClientReply:client-8B023739F3BF->b50d6464-f54a-40d1-9f81-f1c19654fd05@group-1F53027F28E3, cid=186, SUCCESS, logIndex=263, commits[b50d6464-f54a-40d1-9f81-f1c19654fd05:c263]
2019-09-12 09:25:56,963 [grpc-default-executor-2] INFO  client.GrpcClientProtocolClient (GrpcClientProtocolClient.java:onNext(264)) - client-8B023739F3BF->b50d6464-f54a-40d1-9f81-f1c19654fd05: receive RaftClientReply:client-8B023739F3BF->b50d6464-f54a-40d1-9f81-f1c19654fd05@group-1F53027F28E3, cid=187, SUCCESS, logIndex=264, commits[b50d6464-f54a-40d1-9f81-f1c19654fd05:c265]
2019-09-12 09:25:56,964 [grpc-default-executor-2] INFO  client.GrpcClientProtocolClient (GrpcClientProtocolClient.java:onNext(264)) - client-8B023739F3BF->b50d6464-f54a-40d1-9f81-f1c19654fd05: receive RaftClientReply:client-8B023739F3BF->b50d6464-f54a-40d1-9f81-f1c19654fd05@group-1F53027F28E3, cid=188, SUCCESS, logIndex=265, commits[b50d6464-f54a-40d1-9f81-f1c19654fd05:c266]
2019-09-12 09:25:56,985 [grpc-default-executor-2] INFO  client.GrpcClientProtocolClient (GrpcClientProtocolClient.java:onNext(264)) - client-8B023739F3BF->b50d6464-f54a-40d1-9f81-f1c19654fd05: receive RaftClientReply:client-8B023739F3BF->b50d6464-f54a-40d1-9f81-f1c19654fd05@group-1F53027F28E3, cid=189, SUCCESS, logIndex=268, commits[b50d6464-f54a-40d1-9f81-f1c19654fd05:c269]
2019-09-12 09:25:56,986 [grpc-default-executor-2] INFO  client.GrpcClientProtocolClient (GrpcClientProtocolClient.java:onNext(264)) - client-8B023739F3BF->b50d6464-f54a-40d1-9f81-f1c19654fd05: receive RaftClientReply:client-8B023739F3BF->b50d6464-f54a-40d1-9f81-f1c19654fd05@group-1F53027F28E3, cid=190, SUCCESS, logIndex=269, commits[b50d6464-f54a-40d1-9f81-f1c19654fd05:c271]
2019-09-12 09:25:56,986 [grpc-default-executor-2] INFO  client.GrpcClientProtocolClient (GrpcClientProtocolClient.java:onNext(264)) - client-8B023739F3BF->b50d6464-f54a-40d1-9f81-f1c19654fd05: receive RaftClientReply:client-8B023739F3BF->b50d6464-f54a-40d1-9f81-f1c19654fd05@group-1F53027F28E3, cid=191, SUCCESS, logIndex=270, commits[b50d6464-f54a-40d1-9f81-f1c19654fd05:c272]
2019-09-12 09:25:56,987 [grpc-default-executor-2] INFO  client.GrpcClientProtocolClient (GrpcClientProtocolClient.java:onNext(264)) - client-8B023739F3BF->b50d6464-f54a-40d1-9f81-f1c19654fd05: receive RaftClientReply:client-8B023739F3BF->b50d6464-f54a-40d1-9f81-f1c19654fd05@group-1F53027F28E3, cid=192, SUCCESS, logIndex=271, commits[b50d6464-f54a-40d1-9f81-f1c19654fd05:c273]
2019-09-12 09:25:57,020 [grpc-default-executor-1] INFO  client.GrpcClientProtocolClient (GrpcClientProtocolClient.java:onNext(264)) - client-8B023739F3BF->b50d6464-f54a-40d1-9f81-f1c19654fd05: receive RaftClientReply:client-8B023739F3BF->b50d6464-f54a-40d1-9f81-f1c19654fd05@group-1F53027F28E3, cid=193, SUCCESS, logIndex=274, commits[b50d6464-f54a-40d1-9f81-f1c19654fd05:c275]
2019-09-12 09:25:57,021 [grpc-default-executor-1] INFO  client.GrpcClientProtocolClient (GrpcClientProtocolClient.java:onNext(264)) - client-8B023739F3BF->b50d6464-f54a-40d1-9f81-f1c19654fd05: receive RaftClientReply:client-8B023739F3BF->b50d6464-f54a-40d1-9f81-f1c19654fd05@group-1F53027F28E3, cid=194, SUCCESS, logIndex=275, commits[b50d6464-f54a-40d1-9f81-f1c19654fd05:c277]
2019-09-12 09:25:57,021 [grpc-default-executor-1] INFO  client.GrpcClientProtocolClient (GrpcClientProtocolClient.java:onNext(264)) - client-8B023739F3BF->b50d6464-f54a-40d1-9f81-f1c19654fd05: receive RaftClientReply:client-8B023739F3BF->b50d6464-f54a-40d1-9f81-f1c19654fd05@group-1F53027F28E3, cid=195, SUCCESS, logIndex=276, commits[b50d6464-f54a-40d1-9f81-f1c19654fd05:c278]
2019-09-12 09:25:57,022 [grpc-default-executor-1] INFO  client.GrpcClientProtocolClient (GrpcClientProtocolClient.java:onNext(264)) - client-8B023739F3BF->b50d6464-f54a-40d1-9f81-f1c19654fd05: receive RaftClientReply:client-8B023739F3BF->b50d6464-f54a-40d1-9f81-f1c19654fd05@group-1F53027F28E3, cid=196, SUCCESS, logIndex=277, commits[b50d6464-f54a-40d1-9f81-f1c19654fd05:c279]
2019-09-12 09:25:57,043 [grpc-default-executor-1] INFO  client.GrpcClientProtocolClient (GrpcClientProtocolClient.java:onNext(264)) - client-8B023739F3BF->b50d6464-f54a-40d1-9f81-f1c19654fd05: receive RaftClientReply:client-8B023739F3BF->b50d6464-f54a-40d1-9f81-f1c19654fd05@group-1F53027F28E3, cid=197, SUCCESS, logIndex=280, commits[b50d6464-f54a-40d1-9f81-f1c19654fd05:c281]
2019-09-12 09:25:57,043 [grpc-default-executor-1] INFO  client.GrpcClientProtocolClient (GrpcClientProtocolClient.java:onNext(264)) - client-8B023739F3BF->b50d6464-f54a-40d1-9f81-f1c19654fd05: receive RaftClientReply:client-8B023739F3BF->b50d6464-f54a-40d1-9f81-f1c19654fd05@group-1F53027F28E3, cid=198, SUCCESS, logIndex=281, commits[b50d6464-f54a-40d1-9f81-f1c19654fd05:c283]
2019-09-12 09:25:57,044 [grpc-default-executor-1] INFO  client.GrpcClientProtocolClient (GrpcClientProtocolClient.java:onNext(264)) - client-8B023739F3BF->b50d6464-f54a-40d1-9f81-f1c19654fd05: receive RaftClientReply:client-8B023739F3BF->b50d6464-f54a-40d1-9f81-f1c19654fd05@group-1F53027F28E3, cid=199, SUCCESS, logIndex=282, commits[b50d6464-f54a-40d1-9f81-f1c19654fd05:c284]
2019-09-12 09:25:57,045 [grpc-default-executor-1] INFO  client.GrpcClientProtocolClient (GrpcClientProtocolClient.java:onNext(264)) - client-8B023739F3BF->b50d6464-f54a-40d1-9f81-f1c19654fd05: receive RaftClientReply:client-8B023739F3BF->b50d6464-f54a-40d1-9f81-f1c19654fd05@group-1F53027F28E3, cid=200, SUCCESS, logIndex=283, commits[b50d6464-f54a-40d1-9f81-f1c19654fd05:c285]
2019-09-12 09:25:57,053 [SCMBlockDeletingService#0] DEBUG block.SCMBlockDeletingService (SCMBlockDeletingService.java:call(138)) - Running DeletedBlockTransactionScanner
2019-09-12 09:25:57,053 [SCMBlockDeletingService#0] DEBUG block.SCMBlockDeletingService (SCMBlockDeletingService.java:call(155)) - Scanned deleted blocks log and got 0 delTX to process.
2019-09-12 09:25:57,066 [grpc-default-executor-1] INFO  client.GrpcClientProtocolClient (GrpcClientProtocolClient.java:onNext(264)) - client-8B023739F3BF->b50d6464-f54a-40d1-9f81-f1c19654fd05: receive RaftClientReply:client-8B023739F3BF->b50d6464-f54a-40d1-9f81-f1c19654fd05@group-1F53027F28E3, cid=201, SUCCESS, logIndex=286, commits[b50d6464-f54a-40d1-9f81-f1c19654fd05:c287]
2019-09-12 09:25:57,067 [grpc-default-executor-1] INFO  client.GrpcClientProtocolClient (GrpcClientProtocolClient.java:onNext(264)) - client-8B023739F3BF->b50d6464-f54a-40d1-9f81-f1c19654fd05: receive RaftClientReply:client-8B023739F3BF->b50d6464-f54a-40d1-9f81-f1c19654fd05@group-1F53027F28E3, cid=202, SUCCESS, logIndex=287, commits[b50d6464-f54a-40d1-9f81-f1c19654fd05:c287]
2019-09-12 09:25:57,078 [grpc-default-executor-1] INFO  client.GrpcClientProtocolClient (GrpcClientProtocolClient.java:onNext(264)) - client-8B023739F3BF->b50d6464-f54a-40d1-9f81-f1c19654fd05: receive RaftClientReply:client-8B023739F3BF->b50d6464-f54a-40d1-9f81-f1c19654fd05@group-1F53027F28E3, cid=203, SUCCESS, logIndex=288, commits[b50d6464-f54a-40d1-9f81-f1c19654fd05:c290]
2019-09-12 09:25:57,079 [grpc-default-executor-1] INFO  client.GrpcClientProtocolClient (GrpcClientProtocolClient.java:onNext(264)) - client-8B023739F3BF->b50d6464-f54a-40d1-9f81-f1c19654fd05: receive RaftClientReply:client-8B023739F3BF->b50d6464-f54a-40d1-9f81-f1c19654fd05@group-1F53027F28E3, cid=204, SUCCESS, logIndex=289, commits[b50d6464-f54a-40d1-9f81-f1c19654fd05:c290]
2019-09-12 09:25:57,101 [grpc-default-executor-1] INFO  client.GrpcClientProtocolClient (GrpcClientProtocolClient.java:onNext(264)) - client-8B023739F3BF->b50d6464-f54a-40d1-9f81-f1c19654fd05: receive RaftClientReply:client-8B023739F3BF->b50d6464-f54a-40d1-9f81-f1c19654fd05@group-1F53027F28E3, cid=205, SUCCESS, logIndex=291, commits[b50d6464-f54a-40d1-9f81-f1c19654fd05:c292]
2019-09-12 09:25:57,102 [grpc-default-executor-1] INFO  client.GrpcClientProtocolClient (GrpcClientProtocolClient.java:onNext(264)) - client-8B023739F3BF->b50d6464-f54a-40d1-9f81-f1c19654fd05: receive RaftClientReply:client-8B023739F3BF->b50d6464-f54a-40d1-9f81-f1c19654fd05@group-1F53027F28E3, cid=206, SUCCESS, logIndex=292, commits[b50d6464-f54a-40d1-9f81-f1c19654fd05:c295]
2019-09-12 09:25:57,102 [grpc-default-executor-1] INFO  client.GrpcClientProtocolClient (GrpcClientProtocolClient.java:onNext(264)) - client-8B023739F3BF->b50d6464-f54a-40d1-9f81-f1c19654fd05: receive RaftClientReply:client-8B023739F3BF->b50d6464-f54a-40d1-9f81-f1c19654fd05@group-1F53027F28E3, cid=207, SUCCESS, logIndex=293, commits[b50d6464-f54a-40d1-9f81-f1c19654fd05:c295]
2019-09-12 09:25:57,103 [grpc-default-executor-1] INFO  client.GrpcClientProtocolClient (GrpcClientProtocolClient.java:onNext(264)) - client-8B023739F3BF->b50d6464-f54a-40d1-9f81-f1c19654fd05: receive RaftClientReply:client-8B023739F3BF->b50d6464-f54a-40d1-9f81-f1c19654fd05@group-1F53027F28E3, cid=208, SUCCESS, logIndex=294, commits[b50d6464-f54a-40d1-9f81-f1c19654fd05:c296]
2019-09-12 09:25:57,132 [grpc-default-executor-1] INFO  client.GrpcClientProtocolClient (GrpcClientProtocolClient.java:onNext(264)) - client-8B023739F3BF->b50d6464-f54a-40d1-9f81-f1c19654fd05: receive RaftClientReply:client-8B023739F3BF->b50d6464-f54a-40d1-9f81-f1c19654fd05@group-1F53027F28E3, cid=209, SUCCESS, logIndex=297, commits[b50d6464-f54a-40d1-9f81-f1c19654fd05:c298]
2019-09-12 09:25:57,133 [grpc-default-executor-1] INFO  client.GrpcClientProtocolClient (GrpcClientProtocolClient.java:onNext(264)) - client-8B023739F3BF->b50d6464-f54a-40d1-9f81-f1c19654fd05: receive RaftClientReply:client-8B023739F3BF->b50d6464-f54a-40d1-9f81-f1c19654fd05@group-1F53027F28E3, cid=210, SUCCESS, logIndex=298, commits[b50d6464-f54a-40d1-9f81-f1c19654fd05:c301]
2019-09-12 09:25:57,133 [grpc-default-executor-1] INFO  client.GrpcClientProtocolClient (GrpcClientProtocolClient.java:onNext(264)) - client-8B023739F3BF->b50d6464-f54a-40d1-9f81-f1c19654fd05: receive RaftClientReply:client-8B023739F3BF->b50d6464-f54a-40d1-9f81-f1c19654fd05@group-1F53027F28E3, cid=211, SUCCESS, logIndex=299, commits[b50d6464-f54a-40d1-9f81-f1c19654fd05:c301]
2019-09-12 09:25:57,133 [grpc-default-executor-1] INFO  client.GrpcClientProtocolClient (GrpcClientProtocolClient.java:onNext(264)) - client-8B023739F3BF->b50d6464-f54a-40d1-9f81-f1c19654fd05: receive RaftClientReply:client-8B023739F3BF->b50d6464-f54a-40d1-9f81-f1c19654fd05@group-1F53027F28E3, cid=212, SUCCESS, logIndex=300, commits[b50d6464-f54a-40d1-9f81-f1c19654fd05:c302]
2019-09-12 09:25:57,144 [grpc-default-executor-1] INFO  client.GrpcClientProtocolClient (GrpcClientProtocolClient.java:onNext(264)) - client-8B023739F3BF->b50d6464-f54a-40d1-9f81-f1c19654fd05: receive RaftClientReply:client-8B023739F3BF->b50d6464-f54a-40d1-9f81-f1c19654fd05@group-1F53027F28E3, cid=213, SUCCESS, logIndex=303, commits[b50d6464-f54a-40d1-9f81-f1c19654fd05:c304]
2019-09-12 09:25:57,145 [grpc-default-executor-1] INFO  client.GrpcClientProtocolClient (GrpcClientProtocolClient.java:onNext(264)) - client-8B023739F3BF->b50d6464-f54a-40d1-9f81-f1c19654fd05: receive RaftClientReply:client-8B023739F3BF->b50d6464-f54a-40d1-9f81-f1c19654fd05@group-1F53027F28E3, cid=214, SUCCESS, logIndex=304, commits[b50d6464-f54a-40d1-9f81-f1c19654fd05:c304]
2019-09-12 09:25:57,154 [SCMBlockDeletingService#0] DEBUG block.SCMBlockDeletingService (SCMBlockDeletingService.java:call(138)) - Running DeletedBlockTransactionScanner
2019-09-12 09:25:57,154 [SCMBlockDeletingService#0] DEBUG block.SCMBlockDeletingService (SCMBlockDeletingService.java:call(155)) - Scanned deleted blocks log and got 0 delTX to process.
2019-09-12 09:25:57,155 [grpc-default-executor-1] INFO  client.GrpcClientProtocolClient (GrpcClientProtocolClient.java:onNext(264)) - client-8B023739F3BF->b50d6464-f54a-40d1-9f81-f1c19654fd05: receive RaftClientReply:client-8B023739F3BF->b50d6464-f54a-40d1-9f81-f1c19654fd05@group-1F53027F28E3, cid=215, SUCCESS, logIndex=305, commits[b50d6464-f54a-40d1-9f81-f1c19654fd05:c307]
2019-09-12 09:25:57,156 [grpc-default-executor-1] INFO  client.GrpcClientProtocolClient (GrpcClientProtocolClient.java:onNext(264)) - client-8B023739F3BF->b50d6464-f54a-40d1-9f81-f1c19654fd05: receive RaftClientReply:client-8B023739F3BF->b50d6464-f54a-40d1-9f81-f1c19654fd05@group-1F53027F28E3, cid=216, SUCCESS, logIndex=306, commits[b50d6464-f54a-40d1-9f81-f1c19654fd05:c307]
2019-09-12 09:25:57,176 [grpc-default-executor-1] INFO  client.GrpcClientProtocolClient (GrpcClientProtocolClient.java:onNext(264)) - client-8B023739F3BF->b50d6464-f54a-40d1-9f81-f1c19654fd05: receive RaftClientReply:client-8B023739F3BF->b50d6464-f54a-40d1-9f81-f1c19654fd05@group-1F53027F28E3, cid=217, SUCCESS, logIndex=308, commits[b50d6464-f54a-40d1-9f81-f1c19654fd05:c309]
2019-09-12 09:25:57,176 [grpc-default-executor-1] INFO  client.GrpcClientProtocolClient (GrpcClientProtocolClient.java:onNext(264)) - client-8B023739F3BF->b50d6464-f54a-40d1-9f81-f1c19654fd05: receive RaftClientReply:client-8B023739F3BF->b50d6464-f54a-40d1-9f81-f1c19654fd05@group-1F53027F28E3, cid=218, SUCCESS, logIndex=309, commits[b50d6464-f54a-40d1-9f81-f1c19654fd05:c309]
2019-09-12 09:25:57,185 [grpc-default-executor-1] INFO  client.GrpcClientProtocolClient (GrpcClientProtocolClient.java:onNext(264)) - client-8B023739F3BF->b50d6464-f54a-40d1-9f81-f1c19654fd05: receive RaftClientReply:client-8B023739F3BF->b50d6464-f54a-40d1-9f81-f1c19654fd05@group-1F53027F28E3, cid=219, SUCCESS, logIndex=310, commits[b50d6464-f54a-40d1-9f81-f1c19654fd05:c312]
2019-09-12 09:25:57,186 [grpc-default-executor-1] INFO  client.GrpcClientProtocolClient (GrpcClientProtocolClient.java:onNext(264)) - client-8B023739F3BF->b50d6464-f54a-40d1-9f81-f1c19654fd05: receive RaftClientReply:client-8B023739F3BF->b50d6464-f54a-40d1-9f81-f1c19654fd05@group-1F53027F28E3, cid=220, SUCCESS, logIndex=311, commits[b50d6464-f54a-40d1-9f81-f1c19654fd05:c312]
2019-09-12 09:25:57,254 [SCMBlockDeletingService#0] DEBUG block.SCMBlockDeletingService (SCMBlockDeletingService.java:call(138)) - Running DeletedBlockTransactionScanner
2019-09-12 09:25:57,255 [SCMBlockDeletingService#0] DEBUG block.SCMBlockDeletingService (SCMBlockDeletingService.java:call(155)) - Scanned deleted blocks log and got 0 delTX to process.
2019-09-12 09:25:57,305 [grpc-default-executor-2] INFO  client.GrpcClientProtocolClient (GrpcClientProtocolClient.java:onNext(264)) - client-8B023739F3BF->b50d6464-f54a-40d1-9f81-f1c19654fd05: receive RaftClientReply:client-8B023739F3BF->b50d6464-f54a-40d1-9f81-f1c19654fd05@group-1F53027F28E3, cid=221, SUCCESS, logIndex=313, commits[b50d6464-f54a-40d1-9f81-f1c19654fd05:c316]
2019-09-12 09:25:57,306 [grpc-default-executor-2] INFO  client.GrpcClientProtocolClient (GrpcClientProtocolClient.java:onNext(264)) - client-8B023739F3BF->b50d6464-f54a-40d1-9f81-f1c19654fd05: receive RaftClientReply:client-8B023739F3BF->b50d6464-f54a-40d1-9f81-f1c19654fd05@group-1F53027F28E3, cid=222, SUCCESS, logIndex=314, commits[b50d6464-f54a-40d1-9f81-f1c19654fd05:c317]
2019-09-12 09:25:57,306 [grpc-default-executor-2] INFO  client.GrpcClientProtocolClient (GrpcClientProtocolClient.java:onNext(264)) - client-8B023739F3BF->b50d6464-f54a-40d1-9f81-f1c19654fd05: receive RaftClientReply:client-8B023739F3BF->b50d6464-f54a-40d1-9f81-f1c19654fd05@group-1F53027F28E3, cid=223, SUCCESS, logIndex=315, commits[b50d6464-f54a-40d1-9f81-f1c19654fd05:c318]
2019-09-12 09:25:57,307 [grpc-default-executor-2] INFO  client.GrpcClientProtocolClient (GrpcClientProtocolClient.java:onNext(264)) - client-8B023739F3BF->b50d6464-f54a-40d1-9f81-f1c19654fd05: receive RaftClientReply:client-8B023739F3BF->b50d6464-f54a-40d1-9f81-f1c19654fd05@group-1F53027F28E3, cid=224, SUCCESS, logIndex=316, commits[b50d6464-f54a-40d1-9f81-f1c19654fd05:c318]
2019-09-12 09:25:57,335 [grpc-default-executor-2] INFO  client.GrpcClientProtocolClient (GrpcClientProtocolClient.java:onNext(264)) - client-8B023739F3BF->b50d6464-f54a-40d1-9f81-f1c19654fd05: receive RaftClientReply:client-8B023739F3BF->b50d6464-f54a-40d1-9f81-f1c19654fd05@group-1F53027F28E3, cid=225, SUCCESS, logIndex=319, commits[b50d6464-f54a-40d1-9f81-f1c19654fd05:c320]
2019-09-12 09:25:57,336 [grpc-default-executor-2] INFO  client.GrpcClientProtocolClient (GrpcClientProtocolClient.java:onNext(264)) - client-8B023739F3BF->b50d6464-f54a-40d1-9f81-f1c19654fd05: receive RaftClientReply:client-8B023739F3BF->b50d6464-f54a-40d1-9f81-f1c19654fd05@group-1F53027F28E3, cid=226, SUCCESS, logIndex=320, commits[b50d6464-f54a-40d1-9f81-f1c19654fd05:c322]
2019-09-12 09:25:57,337 [grpc-default-executor-2] INFO  client.GrpcClientProtocolClient (GrpcClientProtocolClient.java:onNext(264)) - client-8B023739F3BF->b50d6464-f54a-40d1-9f81-f1c19654fd05: receive RaftClientReply:client-8B023739F3BF->b50d6464-f54a-40d1-9f81-f1c19654fd05@group-1F53027F28E3, cid=227, SUCCESS, logIndex=321, commits[b50d6464-f54a-40d1-9f81-f1c19654fd05:c323]
2019-09-12 09:25:57,337 [grpc-default-executor-2] INFO  client.GrpcClientProtocolClient (GrpcClientProtocolClient.java:onNext(264)) - client-8B023739F3BF->b50d6464-f54a-40d1-9f81-f1c19654fd05: receive RaftClientReply:client-8B023739F3BF->b50d6464-f54a-40d1-9f81-f1c19654fd05@group-1F53027F28E3, cid=228, SUCCESS, logIndex=322, commits[b50d6464-f54a-40d1-9f81-f1c19654fd05:c324]
2019-09-12 09:25:57,355 [SCMBlockDeletingService#0] DEBUG block.SCMBlockDeletingService (SCMBlockDeletingService.java:call(138)) - Running DeletedBlockTransactionScanner
2019-09-12 09:25:57,355 [SCMBlockDeletingService#0] DEBUG block.SCMBlockDeletingService (SCMBlockDeletingService.java:call(155)) - Scanned deleted blocks log and got 0 delTX to process.
2019-09-12 09:25:57,358 [grpc-default-executor-1] INFO  client.GrpcClientProtocolClient (GrpcClientProtocolClient.java:onNext(264)) - client-8B023739F3BF->b50d6464-f54a-40d1-9f81-f1c19654fd05: receive RaftClientReply:client-8B023739F3BF->b50d6464-f54a-40d1-9f81-f1c19654fd05@group-1F53027F28E3, cid=229, SUCCESS, logIndex=325, commits[b50d6464-f54a-40d1-9f81-f1c19654fd05:c326]
2019-09-12 09:25:57,358 [grpc-default-executor-1] INFO  client.GrpcClientProtocolClient (GrpcClientProtocolClient.java:onNext(264)) - client-8B023739F3BF->b50d6464-f54a-40d1-9f81-f1c19654fd05: receive RaftClientReply:client-8B023739F3BF->b50d6464-f54a-40d1-9f81-f1c19654fd05@group-1F53027F28E3, cid=230, SUCCESS, logIndex=326, commits[b50d6464-f54a-40d1-9f81-f1c19654fd05:c328]
2019-09-12 09:25:57,358 [grpc-default-executor-1] INFO  client.GrpcClientProtocolClient (GrpcClientProtocolClient.java:onNext(264)) - client-8B023739F3BF->b50d6464-f54a-40d1-9f81-f1c19654fd05: receive RaftClientReply:client-8B023739F3BF->b50d6464-f54a-40d1-9f81-f1c19654fd05@group-1F53027F28E3, cid=231, SUCCESS, logIndex=327, commits[b50d6464-f54a-40d1-9f81-f1c19654fd05:c329]
2019-09-12 09:25:57,359 [grpc-default-executor-1] INFO  client.GrpcClientProtocolClient (GrpcClientProtocolClient.java:onNext(264)) - client-8B023739F3BF->b50d6464-f54a-40d1-9f81-f1c19654fd05: receive RaftClientReply:client-8B023739F3BF->b50d6464-f54a-40d1-9f81-f1c19654fd05@group-1F53027F28E3, cid=232, SUCCESS, logIndex=328, commits[b50d6464-f54a-40d1-9f81-f1c19654fd05:c330]
2019-09-12 09:25:57,387 [grpc-default-executor-1] INFO  client.GrpcClientProtocolClient (GrpcClientProtocolClient.java:onNext(264)) - client-8B023739F3BF->b50d6464-f54a-40d1-9f81-f1c19654fd05: receive RaftClientReply:client-8B023739F3BF->b50d6464-f54a-40d1-9f81-f1c19654fd05@group-1F53027F28E3, cid=233, SUCCESS, logIndex=331, commits[b50d6464-f54a-40d1-9f81-f1c19654fd05:c334]
2019-09-12 09:25:57,388 [grpc-default-executor-1] INFO  client.GrpcClientProtocolClient (GrpcClientProtocolClient.java:onNext(264)) - client-8B023739F3BF->b50d6464-f54a-40d1-9f81-f1c19654fd05: receive RaftClientReply:client-8B023739F3BF->b50d6464-f54a-40d1-9f81-f1c19654fd05@group-1F53027F28E3, cid=234, SUCCESS, logIndex=332, commits[b50d6464-f54a-40d1-9f81-f1c19654fd05:c335]
2019-09-12 09:25:57,388 [grpc-default-executor-1] INFO  client.GrpcClientProtocolClient (GrpcClientProtocolClient.java:onNext(264)) - client-8B023739F3BF->b50d6464-f54a-40d1-9f81-f1c19654fd05: receive RaftClientReply:client-8B023739F3BF->b50d6464-f54a-40d1-9f81-f1c19654fd05@group-1F53027F28E3, cid=235, SUCCESS, logIndex=333, commits[b50d6464-f54a-40d1-9f81-f1c19654fd05:c336]
2019-09-12 09:25:57,389 [grpc-default-executor-1] INFO  client.GrpcClientProtocolClient (GrpcClientProtocolClient.java:onNext(264)) - client-8B023739F3BF->b50d6464-f54a-40d1-9f81-f1c19654fd05: receive RaftClientReply:client-8B023739F3BF->b50d6464-f54a-40d1-9f81-f1c19654fd05@group-1F53027F28E3, cid=236, SUCCESS, logIndex=334, commits[b50d6464-f54a-40d1-9f81-f1c19654fd05:c336]
2019-09-12 09:25:57,410 [grpc-default-executor-2] INFO  client.GrpcClientProtocolClient (GrpcClientProtocolClient.java:onNext(264)) - client-8B023739F3BF->b50d6464-f54a-40d1-9f81-f1c19654fd05: receive RaftClientReply:client-8B023739F3BF->b50d6464-f54a-40d1-9f81-f1c19654fd05@group-1F53027F28E3, cid=237, SUCCESS, logIndex=337, commits[b50d6464-f54a-40d1-9f81-f1c19654fd05:c340]
2019-09-12 09:25:57,411 [grpc-default-executor-2] INFO  client.GrpcClientProtocolClient (GrpcClientProtocolClient.java:onNext(264)) - client-8B023739F3BF->b50d6464-f54a-40d1-9f81-f1c19654fd05: receive RaftClientReply:client-8B023739F3BF->b50d6464-f54a-40d1-9f81-f1c19654fd05@group-1F53027F28E3, cid=238, SUCCESS, logIndex=338, commits[b50d6464-f54a-40d1-9f81-f1c19654fd05:c341]
2019-09-12 09:25:57,411 [grpc-default-executor-2] INFO  client.GrpcClientProtocolClient (GrpcClientProtocolClient.java:onNext(264)) - client-8B023739F3BF->b50d6464-f54a-40d1-9f81-f1c19654fd05: receive RaftClientReply:client-8B023739F3BF->b50d6464-f54a-40d1-9f81-f1c19654fd05@group-1F53027F28E3, cid=239, SUCCESS, logIndex=339, commits[b50d6464-f54a-40d1-9f81-f1c19654fd05:c342]
2019-09-12 09:25:57,412 [grpc-default-executor-2] INFO  client.GrpcClientProtocolClient (GrpcClientProtocolClient.java:onNext(264)) - client-8B023739F3BF->b50d6464-f54a-40d1-9f81-f1c19654fd05: receive RaftClientReply:client-8B023739F3BF->b50d6464-f54a-40d1-9f81-f1c19654fd05@group-1F53027F28E3, cid=240, SUCCESS, logIndex=340, commits[b50d6464-f54a-40d1-9f81-f1c19654fd05:c342]
2019-09-12 09:25:57,443 [grpc-default-executor-2] INFO  client.GrpcClientProtocolClient (GrpcClientProtocolClient.java:onNext(264)) - client-8B023739F3BF->b50d6464-f54a-40d1-9f81-f1c19654fd05: receive RaftClientReply:client-8B023739F3BF->b50d6464-f54a-40d1-9f81-f1c19654fd05@group-1F53027F28E3, cid=241, SUCCESS, logIndex=343, commits[b50d6464-f54a-40d1-9f81-f1c19654fd05:c344]
2019-09-12 09:25:57,444 [grpc-default-executor-2] INFO  client.GrpcClientProtocolClient (GrpcClientProtocolClient.java:onNext(264)) - client-8B023739F3BF->b50d6464-f54a-40d1-9f81-f1c19654fd05: receive RaftClientReply:client-8B023739F3BF->b50d6464-f54a-40d1-9f81-f1c19654fd05@group-1F53027F28E3, cid=242, SUCCESS, logIndex=344, commits[b50d6464-f54a-40d1-9f81-f1c19654fd05:c346]
2019-09-12 09:25:57,444 [grpc-default-executor-2] INFO  client.GrpcClientProtocolClient (GrpcClientProtocolClient.java:onNext(264)) - client-8B023739F3BF->b50d6464-f54a-40d1-9f81-f1c19654fd05: receive RaftClientReply:client-8B023739F3BF->b50d6464-f54a-40d1-9f81-f1c19654fd05@group-1F53027F28E3, cid=243, SUCCESS, logIndex=345, commits[b50d6464-f54a-40d1-9f81-f1c19654fd05:c347]
2019-09-12 09:25:57,445 [grpc-default-executor-2] INFO  client.GrpcClientProtocolClient (GrpcClientProtocolClient.java:onNext(264)) - client-8B023739F3BF->b50d6464-f54a-40d1-9f81-f1c19654fd05: receive RaftClientReply:client-8B023739F3BF->b50d6464-f54a-40d1-9f81-f1c19654fd05@group-1F53027F28E3, cid=244, SUCCESS, logIndex=346, commits[b50d6464-f54a-40d1-9f81-f1c19654fd05:c348]
2019-09-12 09:25:57,458 [SCMBlockDeletingService#0] DEBUG block.SCMBlockDeletingService (SCMBlockDeletingService.java:call(138)) - Running DeletedBlockTransactionScanner
2019-09-12 09:25:57,458 [SCMBlockDeletingService#0] DEBUG block.SCMBlockDeletingService (SCMBlockDeletingService.java:call(155)) - Scanned deleted blocks log and got 0 delTX to process.
2019-09-12 09:25:57,474 [grpc-default-executor-1] INFO  client.GrpcClientProtocolClient (GrpcClientProtocolClient.java:onNext(264)) - client-8B023739F3BF->b50d6464-f54a-40d1-9f81-f1c19654fd05: receive RaftClientReply:client-8B023739F3BF->b50d6464-f54a-40d1-9f81-f1c19654fd05@group-1F53027F28E3, cid=245, SUCCESS, logIndex=349, commits[b50d6464-f54a-40d1-9f81-f1c19654fd05:c350]
2019-09-12 09:25:57,475 [grpc-default-executor-1] INFO  client.GrpcClientProtocolClient (GrpcClientProtocolClient.java:onNext(264)) - client-8B023739F3BF->b50d6464-f54a-40d1-9f81-f1c19654fd05: receive RaftClientReply:client-8B023739F3BF->b50d6464-f54a-40d1-9f81-f1c19654fd05@group-1F53027F28E3, cid=246, SUCCESS, logIndex=350, commits[b50d6464-f54a-40d1-9f81-f1c19654fd05:c350]
2019-09-12 09:25:57,484 [grpc-default-executor-1] INFO  client.GrpcClientProtocolClient (GrpcClientProtocolClient.java:onNext(264)) - client-8B023739F3BF->b50d6464-f54a-40d1-9f81-f1c19654fd05: receive RaftClientReply:client-8B023739F3BF->b50d6464-f54a-40d1-9f81-f1c19654fd05@group-1F53027F28E3, cid=247, SUCCESS, logIndex=351, commits[b50d6464-f54a-40d1-9f81-f1c19654fd05:c353]
2019-09-12 09:25:57,485 [grpc-default-executor-1] INFO  client.GrpcClientProtocolClient (GrpcClientProtocolClient.java:onNext(264)) - client-8B023739F3BF->b50d6464-f54a-40d1-9f81-f1c19654fd05: receive RaftClientReply:client-8B023739F3BF->b50d6464-f54a-40d1-9f81-f1c19654fd05@group-1F53027F28E3, cid=248, SUCCESS, logIndex=352, commits[b50d6464-f54a-40d1-9f81-f1c19654fd05:c354]
2019-09-12 09:25:57,514 [grpc-default-executor-1] INFO  client.GrpcClientProtocolClient (GrpcClientProtocolClient.java:onNext(264)) - client-8B023739F3BF->b50d6464-f54a-40d1-9f81-f1c19654fd05: receive RaftClientReply:client-8B023739F3BF->b50d6464-f54a-40d1-9f81-f1c19654fd05@group-1F53027F28E3, cid=249, SUCCESS, logIndex=355, commits[b50d6464-f54a-40d1-9f81-f1c19654fd05:c356]
2019-09-12 09:25:57,515 [grpc-default-executor-1] INFO  client.GrpcClientProtocolClient (GrpcClientProtocolClient.java:onNext(264)) - client-8B023739F3BF->b50d6464-f54a-40d1-9f81-f1c19654fd05: receive RaftClientReply:client-8B023739F3BF->b50d6464-f54a-40d1-9f81-f1c19654fd05@group-1F53027F28E3, cid=250, SUCCESS, logIndex=356, commits[b50d6464-f54a-40d1-9f81-f1c19654fd05:c359]
2019-09-12 09:25:57,515 [grpc-default-executor-1] INFO  client.GrpcClientProtocolClient (GrpcClientProtocolClient.java:onNext(264)) - client-8B023739F3BF->b50d6464-f54a-40d1-9f81-f1c19654fd05: receive RaftClientReply:client-8B023739F3BF->b50d6464-f54a-40d1-9f81-f1c19654fd05@group-1F53027F28E3, cid=251, SUCCESS, logIndex=357, commits[b50d6464-f54a-40d1-9f81-f1c19654fd05:c359]
2019-09-12 09:25:57,515 [grpc-default-executor-1] INFO  client.GrpcClientProtocolClient (GrpcClientProtocolClient.java:onNext(264)) - client-8B023739F3BF->b50d6464-f54a-40d1-9f81-f1c19654fd05: receive RaftClientReply:client-8B023739F3BF->b50d6464-f54a-40d1-9f81-f1c19654fd05@group-1F53027F28E3, cid=252, SUCCESS, logIndex=358, commits[b50d6464-f54a-40d1-9f81-f1c19654fd05:c360]
2019-09-12 09:25:57,537 [grpc-default-executor-2] INFO  client.GrpcClientProtocolClient (GrpcClientProtocolClient.java:onNext(264)) - client-8B023739F3BF->b50d6464-f54a-40d1-9f81-f1c19654fd05: receive RaftClientReply:client-8B023739F3BF->b50d6464-f54a-40d1-9f81-f1c19654fd05@group-1F53027F28E3, cid=253, SUCCESS, logIndex=361, commits[b50d6464-f54a-40d1-9f81-f1c19654fd05:c362]
2019-09-12 09:25:57,537 [grpc-default-executor-2] INFO  client.GrpcClientProtocolClient (GrpcClientProtocolClient.java:onNext(264)) - client-8B023739F3BF->b50d6464-f54a-40d1-9f81-f1c19654fd05: receive RaftClientReply:client-8B023739F3BF->b50d6464-f54a-40d1-9f81-f1c19654fd05@group-1F53027F28E3, cid=254, SUCCESS, logIndex=362, commits[b50d6464-f54a-40d1-9f81-f1c19654fd05:c365]
2019-09-12 09:25:57,538 [grpc-default-executor-2] INFO  client.GrpcClientProtocolClient (GrpcClientProtocolClient.java:onNext(264)) - client-8B023739F3BF->b50d6464-f54a-40d1-9f81-f1c19654fd05: receive RaftClientReply:client-8B023739F3BF->b50d6464-f54a-40d1-9f81-f1c19654fd05@group-1F53027F28E3, cid=255, SUCCESS, logIndex=363, commits[b50d6464-f54a-40d1-9f81-f1c19654fd05:c365]
2019-09-12 09:25:57,538 [grpc-default-executor-2] INFO  client.GrpcClientProtocolClient (GrpcClientProtocolClient.java:onNext(264)) - client-8B023739F3BF->b50d6464-f54a-40d1-9f81-f1c19654fd05: receive RaftClientReply:client-8B023739F3BF->b50d6464-f54a-40d1-9f81-f1c19654fd05@group-1F53027F28E3, cid=256, SUCCESS, logIndex=364, commits[b50d6464-f54a-40d1-9f81-f1c19654fd05:c365]
2019-09-12 09:25:57,559 [SCMBlockDeletingService#0] DEBUG block.SCMBlockDeletingService (SCMBlockDeletingService.java:call(138)) - Running DeletedBlockTransactionScanner
2019-09-12 09:25:57,559 [SCMBlockDeletingService#0] DEBUG block.SCMBlockDeletingService (SCMBlockDeletingService.java:call(155)) - Scanned deleted blocks log and got 0 delTX to process.
2019-09-12 09:25:57,570 [grpc-default-executor-1] INFO  client.GrpcClientProtocolClient (GrpcClientProtocolClient.java:onNext(264)) - client-8B023739F3BF->b50d6464-f54a-40d1-9f81-f1c19654fd05: receive RaftClientReply:client-8B023739F3BF->b50d6464-f54a-40d1-9f81-f1c19654fd05@group-1F53027F28E3, cid=257, SUCCESS, logIndex=366, commits[b50d6464-f54a-40d1-9f81-f1c19654fd05:c367]
2019-09-12 09:25:57,571 [grpc-default-executor-1] INFO  client.GrpcClientProtocolClient (GrpcClientProtocolClient.java:onNext(264)) - client-8B023739F3BF->b50d6464-f54a-40d1-9f81-f1c19654fd05: receive RaftClientReply:client-8B023739F3BF->b50d6464-f54a-40d1-9f81-f1c19654fd05@group-1F53027F28E3, cid=258, SUCCESS, logIndex=367, commits[b50d6464-f54a-40d1-9f81-f1c19654fd05:c367]
2019-09-12 09:25:57,581 [grpc-default-executor-1] INFO  client.GrpcClientProtocolClient (GrpcClientProtocolClient.java:onNext(264)) - client-8B023739F3BF->b50d6464-f54a-40d1-9f81-f1c19654fd05: receive RaftClientReply:client-8B023739F3BF->b50d6464-f54a-40d1-9f81-f1c19654fd05@group-1F53027F28E3, cid=259, SUCCESS, logIndex=368, commits[b50d6464-f54a-40d1-9f81-f1c19654fd05:c369]
2019-09-12 09:25:57,582 [grpc-default-executor-1] INFO  client.GrpcClientProtocolClient (GrpcClientProtocolClient.java:onNext(264)) - client-8B023739F3BF->b50d6464-f54a-40d1-9f81-f1c19654fd05: receive RaftClientReply:client-8B023739F3BF->b50d6464-f54a-40d1-9f81-f1c19654fd05@group-1F53027F28E3, cid=260, SUCCESS, logIndex=369, commits[b50d6464-f54a-40d1-9f81-f1c19654fd05:c369]
2019-09-12 09:25:57,707 [grpc-default-executor-2] INFO  client.GrpcClientProtocolClient (GrpcClientProtocolClient.java:onNext(264)) - client-8B023739F3BF->b50d6464-f54a-40d1-9f81-f1c19654fd05: receive RaftClientReply:client-8B023739F3BF->b50d6464-f54a-40d1-9f81-f1c19654fd05@group-1F53027F28E3, cid=261, SUCCESS, logIndex=372, commits[b50d6464-f54a-40d1-9f81-f1c19654fd05:c375]
2019-09-12 09:25:57,707 [SCMBlockDeletingService#0] DEBUG block.SCMBlockDeletingService (SCMBlockDeletingService.java:call(138)) - Running DeletedBlockTransactionScanner
2019-09-12 09:25:57,707 [SCMBlockDeletingService#0] DEBUG block.SCMBlockDeletingService (SCMBlockDeletingService.java:call(155)) - Scanned deleted blocks log and got 0 delTX to process.
2019-09-12 09:25:57,709 [grpc-default-executor-2] INFO  client.GrpcClientProtocolClient (GrpcClientProtocolClient.java:onNext(264)) - client-8B023739F3BF->b50d6464-f54a-40d1-9f81-f1c19654fd05: receive RaftClientReply:client-8B023739F3BF->b50d6464-f54a-40d1-9f81-f1c19654fd05@group-1F53027F28E3, cid=262, SUCCESS, logIndex=373, commits[b50d6464-f54a-40d1-9f81-f1c19654fd05:c376]
2019-09-12 09:25:57,709 [grpc-default-executor-2] INFO  client.GrpcClientProtocolClient (GrpcClientProtocolClient.java:onNext(264)) - client-8B023739F3BF->b50d6464-f54a-40d1-9f81-f1c19654fd05: receive RaftClientReply:client-8B023739F3BF->b50d6464-f54a-40d1-9f81-f1c19654fd05@group-1F53027F28E3, cid=263, SUCCESS, logIndex=374, commits[b50d6464-f54a-40d1-9f81-f1c19654fd05:c376]
2019-09-12 09:25:57,710 [grpc-default-executor-2] INFO  client.GrpcClientProtocolClient (GrpcClientProtocolClient.java:onNext(264)) - client-8B023739F3BF->b50d6464-f54a-40d1-9f81-f1c19654fd05: receive RaftClientReply:client-8B023739F3BF->b50d6464-f54a-40d1-9f81-f1c19654fd05@group-1F53027F28E3, cid=264, SUCCESS, logIndex=375, commits[b50d6464-f54a-40d1-9f81-f1c19654fd05:c376]
2019-09-12 09:25:57,809 [SCMBlockDeletingService#0] DEBUG block.SCMBlockDeletingService (SCMBlockDeletingService.java:call(138)) - Running DeletedBlockTransactionScanner
2019-09-12 09:25:57,809 [SCMBlockDeletingService#0] DEBUG block.SCMBlockDeletingService (SCMBlockDeletingService.java:call(155)) - Scanned deleted blocks log and got 0 delTX to process.
2019-09-12 09:25:57,850 [grpc-default-executor-1] INFO  client.GrpcClientProtocolClient (GrpcClientProtocolClient.java:onNext(264)) - client-8B023739F3BF->b50d6464-f54a-40d1-9f81-f1c19654fd05: receive RaftClientReply:client-8B023739F3BF->b50d6464-f54a-40d1-9f81-f1c19654fd05@group-1F53027F28E3, cid=265, SUCCESS, logIndex=377, commits[b50d6464-f54a-40d1-9f81-f1c19654fd05:c378]
2019-09-12 09:25:57,851 [grpc-default-executor-1] INFO  client.GrpcClientProtocolClient (GrpcClientProtocolClient.java:onNext(264)) - client-8B023739F3BF->b50d6464-f54a-40d1-9f81-f1c19654fd05: receive RaftClientReply:client-8B023739F3BF->b50d6464-f54a-40d1-9f81-f1c19654fd05@group-1F53027F28E3, cid=266, SUCCESS, logIndex=378, commits[b50d6464-f54a-40d1-9f81-f1c19654fd05:c381]
2019-09-12 09:25:57,852 [grpc-default-executor-1] INFO  client.GrpcClientProtocolClient (GrpcClientProtocolClient.java:onNext(264)) - client-8B023739F3BF->b50d6464-f54a-40d1-9f81-f1c19654fd05: receive RaftClientReply:client-8B023739F3BF->b50d6464-f54a-40d1-9f81-f1c19654fd05@group-1F53027F28E3, cid=267, SUCCESS, logIndex=379, commits[b50d6464-f54a-40d1-9f81-f1c19654fd05:c382]
2019-09-12 09:25:57,852 [grpc-default-executor-1] INFO  client.GrpcClientProtocolClient (GrpcClientProtocolClient.java:onNext(264)) - client-8B023739F3BF->b50d6464-f54a-40d1-9f81-f1c19654fd05: receive RaftClientReply:client-8B023739F3BF->b50d6464-f54a-40d1-9f81-f1c19654fd05@group-1F53027F28E3, cid=268, SUCCESS, logIndex=380, commits[b50d6464-f54a-40d1-9f81-f1c19654fd05:c382]
2019-09-12 09:25:57,870 [grpc-default-executor-1] INFO  client.GrpcClientProtocolClient (GrpcClientProtocolClient.java:onNext(264)) - client-8B023739F3BF->b50d6464-f54a-40d1-9f81-f1c19654fd05: receive RaftClientReply:client-8B023739F3BF->b50d6464-f54a-40d1-9f81-f1c19654fd05@group-1F53027F28E3, cid=269, SUCCESS, logIndex=383, commits[b50d6464-f54a-40d1-9f81-f1c19654fd05:c384]
2019-09-12 09:25:57,871 [grpc-default-executor-1] INFO  client.GrpcClientProtocolClient (GrpcClientProtocolClient.java:onNext(264)) - client-8B023739F3BF->b50d6464-f54a-40d1-9f81-f1c19654fd05: receive RaftClientReply:client-8B023739F3BF->b50d6464-f54a-40d1-9f81-f1c19654fd05@group-1F53027F28E3, cid=270, SUCCESS, logIndex=384, commits[b50d6464-f54a-40d1-9f81-f1c19654fd05:c384]
2019-09-12 09:25:57,881 [grpc-default-executor-1] INFO  client.GrpcClientProtocolClient (GrpcClientProtocolClient.java:onNext(264)) - client-8B023739F3BF->b50d6464-f54a-40d1-9f81-f1c19654fd05: receive RaftClientReply:client-8B023739F3BF->b50d6464-f54a-40d1-9f81-f1c19654fd05@group-1F53027F28E3, cid=271, SUCCESS, logIndex=385, commits[b50d6464-f54a-40d1-9f81-f1c19654fd05:c387]
2019-09-12 09:25:57,882 [grpc-default-executor-1] INFO  client.GrpcClientProtocolClient (GrpcClientProtocolClient.java:onNext(264)) - client-8B023739F3BF->b50d6464-f54a-40d1-9f81-f1c19654fd05: receive RaftClientReply:client-8B023739F3BF->b50d6464-f54a-40d1-9f81-f1c19654fd05@group-1F53027F28E3, cid=272, SUCCESS, logIndex=386, commits[b50d6464-f54a-40d1-9f81-f1c19654fd05:c387]
2019-09-12 09:25:57,908 [grpc-default-executor-1] INFO  client.GrpcClientProtocolClient (GrpcClientProtocolClient.java:onNext(264)) - client-8B023739F3BF->b50d6464-f54a-40d1-9f81-f1c19654fd05: receive RaftClientReply:client-8B023739F3BF->b50d6464-f54a-40d1-9f81-f1c19654fd05@group-1F53027F28E3, cid=273, SUCCESS, logIndex=388, commits[b50d6464-f54a-40d1-9f81-f1c19654fd05:c391]
2019-09-12 09:25:57,909 [grpc-default-executor-1] INFO  client.GrpcClientProtocolClient (GrpcClientProtocolClient.java:onNext(264)) - client-8B023739F3BF->b50d6464-f54a-40d1-9f81-f1c19654fd05: receive RaftClientReply:client-8B023739F3BF->b50d6464-f54a-40d1-9f81-f1c19654fd05@group-1F53027F28E3, cid=274, SUCCESS, logIndex=389, commits[b50d6464-f54a-40d1-9f81-f1c19654fd05:c392]
2019-09-12 09:25:57,910 [SCMBlockDeletingService#0] DEBUG block.SCMBlockDeletingService (SCMBlockDeletingService.java:call(138)) - Running DeletedBlockTransactionScanner
2019-09-12 09:25:57,910 [SCMBlockDeletingService#0] DEBUG block.SCMBlockDeletingService (SCMBlockDeletingService.java:call(155)) - Scanned deleted blocks log and got 0 delTX to process.
2019-09-12 09:25:57,910 [grpc-default-executor-1] INFO  client.GrpcClientProtocolClient (GrpcClientProtocolClient.java:onNext(264)) - client-8B023739F3BF->b50d6464-f54a-40d1-9f81-f1c19654fd05: receive RaftClientReply:client-8B023739F3BF->b50d6464-f54a-40d1-9f81-f1c19654fd05@group-1F53027F28E3, cid=275, SUCCESS, logIndex=390, commits[b50d6464-f54a-40d1-9f81-f1c19654fd05:c392]
2019-09-12 09:25:57,910 [grpc-default-executor-1] INFO  client.GrpcClientProtocolClient (GrpcClientProtocolClient.java:onNext(264)) - client-8B023739F3BF->b50d6464-f54a-40d1-9f81-f1c19654fd05: receive RaftClientReply:client-8B023739F3BF->b50d6464-f54a-40d1-9f81-f1c19654fd05@group-1F53027F28E3, cid=276, SUCCESS, logIndex=391, commits[b50d6464-f54a-40d1-9f81-f1c19654fd05:c393]
2019-09-12 09:25:57,932 [grpc-default-executor-1] INFO  client.GrpcClientProtocolClient (GrpcClientProtocolClient.java:onNext(264)) - client-8B023739F3BF->b50d6464-f54a-40d1-9f81-f1c19654fd05: receive RaftClientReply:client-8B023739F3BF->b50d6464-f54a-40d1-9f81-f1c19654fd05@group-1F53027F28E3, cid=277, SUCCESS, logIndex=394, commits[b50d6464-f54a-40d1-9f81-f1c19654fd05:c395]
2019-09-12 09:25:57,933 [grpc-default-executor-1] INFO  client.GrpcClientProtocolClient (GrpcClientProtocolClient.java:onNext(264)) - client-8B023739F3BF->b50d6464-f54a-40d1-9f81-f1c19654fd05: receive RaftClientReply:client-8B023739F3BF->b50d6464-f54a-40d1-9f81-f1c19654fd05@group-1F53027F28E3, cid=278, SUCCESS, logIndex=395, commits[b50d6464-f54a-40d1-9f81-f1c19654fd05:c395]
2019-09-12 09:25:57,933 [grpc-default-executor-1] INFO  client.GrpcClientProtocolClient (GrpcClientProtocolClient.java:onNext(264)) - client-8B023739F3BF->b50d6464-f54a-40d1-9f81-f1c19654fd05: receive RaftClientReply:client-8B023739F3BF->b50d6464-f54a-40d1-9f81-f1c19654fd05@group-1F53027F28E3, cid=279, SUCCESS, logIndex=396, commits[b50d6464-f54a-40d1-9f81-f1c19654fd05:c397]
2019-09-12 09:25:57,934 [grpc-default-executor-1] INFO  client.GrpcClientProtocolClient (GrpcClientProtocolClient.java:onNext(264)) - client-8B023739F3BF->b50d6464-f54a-40d1-9f81-f1c19654fd05: receive RaftClientReply:client-8B023739F3BF->b50d6464-f54a-40d1-9f81-f1c19654fd05@group-1F53027F28E3, cid=280, SUCCESS, logIndex=397, commits[b50d6464-f54a-40d1-9f81-f1c19654fd05:c398]
2019-09-12 09:25:57,964 [grpc-default-executor-1] INFO  client.GrpcClientProtocolClient (GrpcClientProtocolClient.java:onNext(264)) - client-8B023739F3BF->b50d6464-f54a-40d1-9f81-f1c19654fd05: receive RaftClientReply:client-8B023739F3BF->b50d6464-f54a-40d1-9f81-f1c19654fd05@group-1F53027F28E3, cid=281, SUCCESS, logIndex=400, commits[b50d6464-f54a-40d1-9f81-f1c19654fd05:c404]
2019-09-12 09:25:57,965 [grpc-default-executor-1] INFO  client.GrpcClientProtocolClient (GrpcClientProtocolClient.java:onNext(264)) - client-8B023739F3BF->b50d6464-f54a-40d1-9f81-f1c19654fd05: receive RaftClientReply:client-8B023739F3BF->b50d6464-f54a-40d1-9f81-f1c19654fd05@group-1F53027F28E3, cid=282, SUCCESS, logIndex=401, commits[b50d6464-f54a-40d1-9f81-f1c19654fd05:c405]
2019-09-12 09:25:57,965 [grpc-default-executor-1] INFO  client.GrpcClientProtocolClient (GrpcClientProtocolClient.java:onNext(264)) - client-8B023739F3BF->b50d6464-f54a-40d1-9f81-f1c19654fd05: receive RaftClientReply:client-8B023739F3BF->b50d6464-f54a-40d1-9f81-f1c19654fd05@group-1F53027F28E3, cid=283, SUCCESS, logIndex=402, commits[b50d6464-f54a-40d1-9f81-f1c19654fd05:c405]
2019-09-12 09:25:57,966 [grpc-default-executor-1] INFO  client.GrpcClientProtocolClient (GrpcClientProtocolClient.java:onNext(264)) - client-8B023739F3BF->b50d6464-f54a-40d1-9f81-f1c19654fd05: receive RaftClientReply:client-8B023739F3BF->b50d6464-f54a-40d1-9f81-f1c19654fd05@group-1F53027F28E3, cid=284, SUCCESS, logIndex=403, commits[b50d6464-f54a-40d1-9f81-f1c19654fd05:c405]
2019-09-12 09:25:57,985 [grpc-default-executor-1] INFO  client.GrpcClientProtocolClient (GrpcClientProtocolClient.java:onNext(264)) - client-8B023739F3BF->b50d6464-f54a-40d1-9f81-f1c19654fd05: receive RaftClientReply:client-8B023739F3BF->b50d6464-f54a-40d1-9f81-f1c19654fd05@group-1F53027F28E3, cid=285, SUCCESS, logIndex=406, commits[b50d6464-f54a-40d1-9f81-f1c19654fd05:c407]
2019-09-12 09:25:57,986 [grpc-default-executor-1] INFO  client.GrpcClientProtocolClient (GrpcClientProtocolClient.java:onNext(264)) - client-8B023739F3BF->b50d6464-f54a-40d1-9f81-f1c19654fd05: receive RaftClientReply:client-8B023739F3BF->b50d6464-f54a-40d1-9f81-f1c19654fd05@group-1F53027F28E3, cid=286, SUCCESS, logIndex=407, commits[b50d6464-f54a-40d1-9f81-f1c19654fd05:c407]
2019-09-12 09:25:57,987 [grpc-default-executor-1] INFO  client.GrpcClientProtocolClient (GrpcClientProtocolClient.java:onNext(264)) - client-8B023739F3BF->b50d6464-f54a-40d1-9f81-f1c19654fd05: receive RaftClientReply:client-8B023739F3BF->b50d6464-f54a-40d1-9f81-f1c19654fd05@group-1F53027F28E3, cid=287, SUCCESS, logIndex=408, commits[b50d6464-f54a-40d1-9f81-f1c19654fd05:c409]
2019-09-12 09:25:57,988 [grpc-default-executor-1] INFO  client.GrpcClientProtocolClient (GrpcClientProtocolClient.java:onNext(264)) - client-8B023739F3BF->b50d6464-f54a-40d1-9f81-f1c19654fd05: receive RaftClientReply:client-8B023739F3BF->b50d6464-f54a-40d1-9f81-f1c19654fd05@group-1F53027F28E3, cid=288, SUCCESS, logIndex=409, commits[b50d6464-f54a-40d1-9f81-f1c19654fd05:c409]
2019-09-12 09:25:58,010 [SCMBlockDeletingService#0] DEBUG block.SCMBlockDeletingService (SCMBlockDeletingService.java:call(138)) - Running DeletedBlockTransactionScanner
2019-09-12 09:25:58,011 [SCMBlockDeletingService#0] DEBUG block.SCMBlockDeletingService (SCMBlockDeletingService.java:call(155)) - Scanned deleted blocks log and got 0 delTX to process.
2019-09-12 09:25:58,015 [grpc-default-executor-1] INFO  client.GrpcClientProtocolClient (GrpcClientProtocolClient.java:onNext(264)) - client-8B023739F3BF->b50d6464-f54a-40d1-9f81-f1c19654fd05: receive RaftClientReply:client-8B023739F3BF->b50d6464-f54a-40d1-9f81-f1c19654fd05@group-1F53027F28E3, cid=289, SUCCESS, logIndex=412, commits[b50d6464-f54a-40d1-9f81-f1c19654fd05:c413]
2019-09-12 09:25:58,015 [grpc-default-executor-1] INFO  client.GrpcClientProtocolClient (GrpcClientProtocolClient.java:onNext(264)) - client-8B023739F3BF->b50d6464-f54a-40d1-9f81-f1c19654fd05: receive RaftClientReply:client-8B023739F3BF->b50d6464-f54a-40d1-9f81-f1c19654fd05@group-1F53027F28E3, cid=290, SUCCESS, logIndex=413, commits[b50d6464-f54a-40d1-9f81-f1c19654fd05:c415]
2019-09-12 09:25:58,016 [grpc-default-executor-1] INFO  client.GrpcClientProtocolClient (GrpcClientProtocolClient.java:onNext(264)) - client-8B023739F3BF->b50d6464-f54a-40d1-9f81-f1c19654fd05: receive RaftClientReply:client-8B023739F3BF->b50d6464-f54a-40d1-9f81-f1c19654fd05@group-1F53027F28E3, cid=291, SUCCESS, logIndex=414, commits[b50d6464-f54a-40d1-9f81-f1c19654fd05:c415]
2019-09-12 09:25:58,016 [grpc-default-executor-1] INFO  client.GrpcClientProtocolClient (GrpcClientProtocolClient.java:onNext(264)) - client-8B023739F3BF->b50d6464-f54a-40d1-9f81-f1c19654fd05: receive RaftClientReply:client-8B023739F3BF->b50d6464-f54a-40d1-9f81-f1c19654fd05@group-1F53027F28E3, cid=292, SUCCESS, logIndex=415, commits[b50d6464-f54a-40d1-9f81-f1c19654fd05:c416]
2019-09-12 09:25:58,035 [grpc-default-executor-2] INFO  client.GrpcClientProtocolClient (GrpcClientProtocolClient.java:onNext(264)) - client-8B023739F3BF->b50d6464-f54a-40d1-9f81-f1c19654fd05: receive RaftClientReply:client-8B023739F3BF->b50d6464-f54a-40d1-9f81-f1c19654fd05@group-1F53027F28E3, cid=293, SUCCESS, logIndex=418, commits[b50d6464-f54a-40d1-9f81-f1c19654fd05:c419]
2019-09-12 09:25:58,036 [grpc-default-executor-2] INFO  client.GrpcClientProtocolClient (GrpcClientProtocolClient.java:onNext(264)) - client-8B023739F3BF->b50d6464-f54a-40d1-9f81-f1c19654fd05: receive RaftClientReply:client-8B023739F3BF->b50d6464-f54a-40d1-9f81-f1c19654fd05@group-1F53027F28E3, cid=294, SUCCESS, logIndex=419, commits[b50d6464-f54a-40d1-9f81-f1c19654fd05:c419]
2019-09-12 09:25:58,037 [grpc-default-executor-2] INFO  client.GrpcClientProtocolClient (GrpcClientProtocolClient.java:onNext(264)) - client-8B023739F3BF->b50d6464-f54a-40d1-9f81-f1c19654fd05: receive RaftClientReply:client-8B023739F3BF->b50d6464-f54a-40d1-9f81-f1c19654fd05@group-1F53027F28E3, cid=295, SUCCESS, logIndex=420, commits[b50d6464-f54a-40d1-9f81-f1c19654fd05:c421]
2019-09-12 09:25:58,038 [grpc-default-executor-2] INFO  client.GrpcClientProtocolClient (GrpcClientProtocolClient.java:onNext(264)) - client-8B023739F3BF->b50d6464-f54a-40d1-9f81-f1c19654fd05: receive RaftClientReply:client-8B023739F3BF->b50d6464-f54a-40d1-9f81-f1c19654fd05@group-1F53027F28E3, cid=296, SUCCESS, logIndex=421, commits[b50d6464-f54a-40d1-9f81-f1c19654fd05:c421]
2019-09-12 09:25:58,064 [grpc-default-executor-1] INFO  client.GrpcClientProtocolClient (GrpcClientProtocolClient.java:onNext(264)) - client-8B023739F3BF->b50d6464-f54a-40d1-9f81-f1c19654fd05: receive RaftClientReply:client-8B023739F3BF->b50d6464-f54a-40d1-9f81-f1c19654fd05@group-1F53027F28E3, cid=297, SUCCESS, logIndex=424, commits[b50d6464-f54a-40d1-9f81-f1c19654fd05:c425]
2019-09-12 09:25:58,064 [grpc-default-executor-1] INFO  client.GrpcClientProtocolClient (GrpcClientProtocolClient.java:onNext(264)) - client-8B023739F3BF->b50d6464-f54a-40d1-9f81-f1c19654fd05: receive RaftClientReply:client-8B023739F3BF->b50d6464-f54a-40d1-9f81-f1c19654fd05@group-1F53027F28E3, cid=298, SUCCESS, logIndex=425, commits[b50d6464-f54a-40d1-9f81-f1c19654fd05:c425]
2019-09-12 09:25:58,066 [grpc-default-executor-1] INFO  client.GrpcClientProtocolClient (GrpcClientProtocolClient.java:onNext(264)) - client-8B023739F3BF->b50d6464-f54a-40d1-9f81-f1c19654fd05: receive RaftClientReply:client-8B023739F3BF->b50d6464-f54a-40d1-9f81-f1c19654fd05@group-1F53027F28E3, cid=299, SUCCESS, logIndex=426, commits[b50d6464-f54a-40d1-9f81-f1c19654fd05:c427]
2019-09-12 09:25:58,066 [grpc-default-executor-1] INFO  client.GrpcClientProtocolClient (GrpcClientProtocolClient.java:onNext(264)) - client-8B023739F3BF->b50d6464-f54a-40d1-9f81-f1c19654fd05: receive RaftClientReply:client-8B023739F3BF->b50d6464-f54a-40d1-9f81-f1c19654fd05@group-1F53027F28E3, cid=300, SUCCESS, logIndex=427, commits[b50d6464-f54a-40d1-9f81-f1c19654fd05:c427]
2019-09-12 09:25:58,079 [grpc-default-executor-1] INFO  client.GrpcClientProtocolClient (GrpcClientProtocolClient.java:onNext(264)) - client-8B023739F3BF->b50d6464-f54a-40d1-9f81-f1c19654fd05: receive RaftClientReply:client-8B023739F3BF->b50d6464-f54a-40d1-9f81-f1c19654fd05@group-1F53027F28E3, cid=301, SUCCESS, logIndex=430, commits[b50d6464-f54a-40d1-9f81-f1c19654fd05:c433]
2019-09-12 09:25:58,080 [grpc-default-executor-1] INFO  client.GrpcClientProtocolClient (GrpcClientProtocolClient.java:onNext(264)) - client-8B023739F3BF->b50d6464-f54a-40d1-9f81-f1c19654fd05: receive RaftClientReply:client-8B023739F3BF->b50d6464-f54a-40d1-9f81-f1c19654fd05@group-1F53027F28E3, cid=302, SUCCESS, logIndex=431, commits[b50d6464-f54a-40d1-9f81-f1c19654fd05:c433]
2019-09-12 09:25:58,080 [grpc-default-executor-1] INFO  client.GrpcClientProtocolClient (GrpcClientProtocolClient.java:onNext(264)) - client-8B023739F3BF->b50d6464-f54a-40d1-9f81-f1c19654fd05: receive RaftClientReply:client-8B023739F3BF->b50d6464-f54a-40d1-9f81-f1c19654fd05@group-1F53027F28E3, cid=303, SUCCESS, logIndex=432, commits[b50d6464-f54a-40d1-9f81-f1c19654fd05:c433]
2019-09-12 09:25:58,080 [grpc-default-executor-1] INFO  client.GrpcClientProtocolClient (GrpcClientProtocolClient.java:onNext(264)) - client-8B023739F3BF->b50d6464-f54a-40d1-9f81-f1c19654fd05: receive RaftClientReply:client-8B023739F3BF->b50d6464-f54a-40d1-9f81-f1c19654fd05@group-1F53027F28E3, cid=304, SUCCESS, logIndex=433, commits[b50d6464-f54a-40d1-9f81-f1c19654fd05:c433]
2019-09-12 09:25:58,106 [grpc-default-executor-2] INFO  client.GrpcClientProtocolClient (GrpcClientProtocolClient.java:onNext(264)) - client-8B023739F3BF->b50d6464-f54a-40d1-9f81-f1c19654fd05: receive RaftClientReply:client-8B023739F3BF->b50d6464-f54a-40d1-9f81-f1c19654fd05@group-1F53027F28E3, cid=305, SUCCESS, logIndex=435, commits[b50d6464-f54a-40d1-9f81-f1c19654fd05:c436]
2019-09-12 09:25:58,106 [grpc-default-executor-2] INFO  client.GrpcClientProtocolClient (GrpcClientProtocolClient.java:onNext(264)) - client-8B023739F3BF->b50d6464-f54a-40d1-9f81-f1c19654fd05: receive RaftClientReply:client-8B023739F3BF->b50d6464-f54a-40d1-9f81-f1c19654fd05@group-1F53027F28E3, cid=306, SUCCESS, logIndex=436, commits[b50d6464-f54a-40d1-9f81-f1c19654fd05:c436]
2019-09-12 09:25:58,111 [SCMBlockDeletingService#0] DEBUG block.SCMBlockDeletingService (SCMBlockDeletingService.java:call(138)) - Running DeletedBlockTransactionScanner
2019-09-12 09:25:58,111 [SCMBlockDeletingService#0] DEBUG block.SCMBlockDeletingService (SCMBlockDeletingService.java:call(155)) - Scanned deleted blocks log and got 0 delTX to process.
2019-09-12 09:25:58,119 [grpc-default-executor-2] INFO  client.GrpcClientProtocolClient (GrpcClientProtocolClient.java:onNext(264)) - client-8B023739F3BF->b50d6464-f54a-40d1-9f81-f1c19654fd05: receive RaftClientReply:client-8B023739F3BF->b50d6464-f54a-40d1-9f81-f1c19654fd05@group-1F53027F28E3, cid=307, SUCCESS, logIndex=437, commits[b50d6464-f54a-40d1-9f81-f1c19654fd05:c439]
2019-09-12 09:25:58,120 [grpc-default-executor-2] INFO  client.GrpcClientProtocolClient (GrpcClientProtocolClient.java:onNext(264)) - client-8B023739F3BF->b50d6464-f54a-40d1-9f81-f1c19654fd05: receive RaftClientReply:client-8B023739F3BF->b50d6464-f54a-40d1-9f81-f1c19654fd05@group-1F53027F28E3, cid=308, SUCCESS, logIndex=438, commits[b50d6464-f54a-40d1-9f81-f1c19654fd05:c440]
2019-09-12 09:25:58,212 [SCMBlockDeletingService#0] DEBUG block.SCMBlockDeletingService (SCMBlockDeletingService.java:call(138)) - Running DeletedBlockTransactionScanner
2019-09-12 09:25:58,212 [SCMBlockDeletingService#0] DEBUG block.SCMBlockDeletingService (SCMBlockDeletingService.java:call(155)) - Scanned deleted blocks log and got 0 delTX to process.
2019-09-12 09:25:58,226 [grpc-default-executor-1] INFO  client.GrpcClientProtocolClient (GrpcClientProtocolClient.java:onNext(264)) - client-8B023739F3BF->b50d6464-f54a-40d1-9f81-f1c19654fd05: receive RaftClientReply:client-8B023739F3BF->b50d6464-f54a-40d1-9f81-f1c19654fd05@group-1F53027F28E3, cid=309, SUCCESS, logIndex=441, commits[b50d6464-f54a-40d1-9f81-f1c19654fd05:c442]
2019-09-12 09:25:58,226 [grpc-default-executor-1] INFO  client.GrpcClientProtocolClient (GrpcClientProtocolClient.java:onNext(264)) - client-8B023739F3BF->b50d6464-f54a-40d1-9f81-f1c19654fd05: receive RaftClientReply:client-8B023739F3BF->b50d6464-f54a-40d1-9f81-f1c19654fd05@group-1F53027F28E3, cid=310, SUCCESS, logIndex=442, commits[b50d6464-f54a-40d1-9f81-f1c19654fd05:c445]
2019-09-12 09:25:58,227 [grpc-default-executor-1] INFO  client.GrpcClientProtocolClient (GrpcClientProtocolClient.java:onNext(264)) - client-8B023739F3BF->b50d6464-f54a-40d1-9f81-f1c19654fd05: receive RaftClientReply:client-8B023739F3BF->b50d6464-f54a-40d1-9f81-f1c19654fd05@group-1F53027F28E3, cid=311, SUCCESS, logIndex=443, commits[b50d6464-f54a-40d1-9f81-f1c19654fd05:c445]
2019-09-12 09:25:58,227 [grpc-default-executor-1] INFO  client.GrpcClientProtocolClient (GrpcClientProtocolClient.java:onNext(264)) - client-8B023739F3BF->b50d6464-f54a-40d1-9f81-f1c19654fd05: receive RaftClientReply:client-8B023739F3BF->b50d6464-f54a-40d1-9f81-f1c19654fd05@group-1F53027F28E3, cid=312, SUCCESS, logIndex=444, commits[b50d6464-f54a-40d1-9f81-f1c19654fd05:c446]
2019-09-12 09:25:58,254 [grpc-default-executor-1] INFO  client.GrpcClientProtocolClient (GrpcClientProtocolClient.java:onNext(264)) - client-8B023739F3BF->b50d6464-f54a-40d1-9f81-f1c19654fd05: receive RaftClientReply:client-8B023739F3BF->b50d6464-f54a-40d1-9f81-f1c19654fd05@group-1F53027F28E3, cid=313, SUCCESS, logIndex=447, commits[b50d6464-f54a-40d1-9f81-f1c19654fd05:c448]
2019-09-12 09:25:58,255 [grpc-default-executor-1] INFO  client.GrpcClientProtocolClient (GrpcClientProtocolClient.java:onNext(264)) - client-8B023739F3BF->b50d6464-f54a-40d1-9f81-f1c19654fd05: receive RaftClientReply:client-8B023739F3BF->b50d6464-f54a-40d1-9f81-f1c19654fd05@group-1F53027F28E3, cid=314, SUCCESS, logIndex=448, commits[b50d6464-f54a-40d1-9f81-f1c19654fd05:c450]
2019-09-12 09:25:58,255 [grpc-default-executor-1] INFO  client.GrpcClientProtocolClient (GrpcClientProtocolClient.java:onNext(264)) - client-8B023739F3BF->b50d6464-f54a-40d1-9f81-f1c19654fd05: receive RaftClientReply:client-8B023739F3BF->b50d6464-f54a-40d1-9f81-f1c19654fd05@group-1F53027F28E3, cid=315, SUCCESS, logIndex=449, commits[b50d6464-f54a-40d1-9f81-f1c19654fd05:c451]
2019-09-12 09:25:58,255 [grpc-default-executor-1] INFO  client.GrpcClientProtocolClient (GrpcClientProtocolClient.java:onNext(264)) - client-8B023739F3BF->b50d6464-f54a-40d1-9f81-f1c19654fd05: receive RaftClientReply:client-8B023739F3BF->b50d6464-f54a-40d1-9f81-f1c19654fd05@group-1F53027F28E3, cid=316, SUCCESS, logIndex=450, commits[b50d6464-f54a-40d1-9f81-f1c19654fd05:c452]
2019-09-12 09:25:58,276 [grpc-default-executor-1] INFO  client.GrpcClientProtocolClient (GrpcClientProtocolClient.java:onNext(264)) - client-8B023739F3BF->b50d6464-f54a-40d1-9f81-f1c19654fd05: receive RaftClientReply:client-8B023739F3BF->b50d6464-f54a-40d1-9f81-f1c19654fd05@group-1F53027F28E3, cid=317, SUCCESS, logIndex=453, commits[b50d6464-f54a-40d1-9f81-f1c19654fd05:c454]
2019-09-12 09:25:58,276 [grpc-default-executor-1] INFO  client.GrpcClientProtocolClient (GrpcClientProtocolClient.java:onNext(264)) - client-8B023739F3BF->b50d6464-f54a-40d1-9f81-f1c19654fd05: receive RaftClientReply:client-8B023739F3BF->b50d6464-f54a-40d1-9f81-f1c19654fd05@group-1F53027F28E3, cid=318, SUCCESS, logIndex=454, commits[b50d6464-f54a-40d1-9f81-f1c19654fd05:c454]
2019-09-12 09:25:58,278 [grpc-default-executor-1] INFO  client.GrpcClientProtocolClient (GrpcClientProtocolClient.java:onNext(264)) - client-8B023739F3BF->b50d6464-f54a-40d1-9f81-f1c19654fd05: receive RaftClientReply:client-8B023739F3BF->b50d6464-f54a-40d1-9f81-f1c19654fd05@group-1F53027F28E3, cid=319, SUCCESS, logIndex=455, commits[b50d6464-f54a-40d1-9f81-f1c19654fd05:c456]
2019-09-12 09:25:58,279 [grpc-default-executor-1] INFO  client.GrpcClientProtocolClient (GrpcClientProtocolClient.java:onNext(264)) - client-8B023739F3BF->b50d6464-f54a-40d1-9f81-f1c19654fd05: receive RaftClientReply:client-8B023739F3BF->b50d6464-f54a-40d1-9f81-f1c19654fd05@group-1F53027F28E3, cid=320, SUCCESS, logIndex=456, commits[b50d6464-f54a-40d1-9f81-f1c19654fd05:c456]
2019-09-12 09:25:58,308 [grpc-default-executor-2] INFO  client.GrpcClientProtocolClient (GrpcClientProtocolClient.java:onNext(264)) - client-8B023739F3BF->b50d6464-f54a-40d1-9f81-f1c19654fd05: receive RaftClientReply:client-8B023739F3BF->b50d6464-f54a-40d1-9f81-f1c19654fd05@group-1F53027F28E3, cid=321, SUCCESS, logIndex=459, commits[b50d6464-f54a-40d1-9f81-f1c19654fd05:c462]
2019-09-12 09:25:58,309 [grpc-default-executor-2] INFO  client.GrpcClientProtocolClient (GrpcClientProtocolClient.java:onNext(264)) - client-8B023739F3BF->b50d6464-f54a-40d1-9f81-f1c19654fd05: receive RaftClientReply:client-8B023739F3BF->b50d6464-f54a-40d1-9f81-f1c19654fd05@group-1F53027F28E3, cid=322, SUCCESS, logIndex=460, commits[b50d6464-f54a-40d1-9f81-f1c19654fd05:c463]
2019-09-12 09:25:58,310 [grpc-default-executor-2] INFO  client.GrpcClientProtocolClient (GrpcClientProtocolClient.java:onNext(264)) - client-8B023739F3BF->b50d6464-f54a-40d1-9f81-f1c19654fd05: receive RaftClientReply:client-8B023739F3BF->b50d6464-f54a-40d1-9f81-f1c19654fd05@group-1F53027F28E3, cid=323, SUCCESS, logIndex=461, commits[b50d6464-f54a-40d1-9f81-f1c19654fd05:c464]
2019-09-12 09:25:58,310 [grpc-default-executor-2] INFO  client.GrpcClientProtocolClient (GrpcClientProtocolClient.java:onNext(264)) - client-8B023739F3BF->b50d6464-f54a-40d1-9f81-f1c19654fd05: receive RaftClientReply:client-8B023739F3BF->b50d6464-f54a-40d1-9f81-f1c19654fd05@group-1F53027F28E3, cid=324, SUCCESS, logIndex=462, commits[b50d6464-f54a-40d1-9f81-f1c19654fd05:c464]
2019-09-12 09:25:58,312 [SCMBlockDeletingService#0] DEBUG block.SCMBlockDeletingService (SCMBlockDeletingService.java:call(138)) - Running DeletedBlockTransactionScanner
2019-09-12 09:25:58,313 [SCMBlockDeletingService#0] DEBUG block.SCMBlockDeletingService (SCMBlockDeletingService.java:call(155)) - Scanned deleted blocks log and got 0 delTX to process.
2019-09-12 09:25:58,329 [grpc-default-executor-1] INFO  client.GrpcClientProtocolClient (GrpcClientProtocolClient.java:onNext(264)) - client-8B023739F3BF->b50d6464-f54a-40d1-9f81-f1c19654fd05: receive RaftClientReply:client-8B023739F3BF->b50d6464-f54a-40d1-9f81-f1c19654fd05@group-1F53027F28E3, cid=325, SUCCESS, logIndex=465, commits[b50d6464-f54a-40d1-9f81-f1c19654fd05:c466]
2019-09-12 09:25:58,330 [grpc-default-executor-1] INFO  client.GrpcClientProtocolClient (GrpcClientProtocolClient.java:onNext(264)) - client-8B023739F3BF->b50d6464-f54a-40d1-9f81-f1c19654fd05: receive RaftClientReply:client-8B023739F3BF->b50d6464-f54a-40d1-9f81-f1c19654fd05@group-1F53027F28E3, cid=326, SUCCESS, logIndex=466, commits[b50d6464-f54a-40d1-9f81-f1c19654fd05:c468]
2019-09-12 09:25:58,330 [grpc-default-executor-1] INFO  client.GrpcClientProtocolClient (GrpcClientProtocolClient.java:onNext(264)) - client-8B023739F3BF->b50d6464-f54a-40d1-9f81-f1c19654fd05: receive RaftClientReply:client-8B023739F3BF->b50d6464-f54a-40d1-9f81-f1c19654fd05@group-1F53027F28E3, cid=327, SUCCESS, logIndex=467, commits[b50d6464-f54a-40d1-9f81-f1c19654fd05:c469]
2019-09-12 09:25:58,331 [grpc-default-executor-1] INFO  client.GrpcClientProtocolClient (GrpcClientProtocolClient.java:onNext(264)) - client-8B023739F3BF->b50d6464-f54a-40d1-9f81-f1c19654fd05: receive RaftClientReply:client-8B023739F3BF->b50d6464-f54a-40d1-9f81-f1c19654fd05@group-1F53027F28E3, cid=328, SUCCESS, logIndex=468, commits[b50d6464-f54a-40d1-9f81-f1c19654fd05:c469]
2019-09-12 09:25:58,357 [grpc-default-executor-1] INFO  client.GrpcClientProtocolClient (GrpcClientProtocolClient.java:onNext(264)) - client-8B023739F3BF->b50d6464-f54a-40d1-9f81-f1c19654fd05: receive RaftClientReply:client-8B023739F3BF->b50d6464-f54a-40d1-9f81-f1c19654fd05@group-1F53027F28E3, cid=329, SUCCESS, logIndex=471, commits[b50d6464-f54a-40d1-9f81-f1c19654fd05:c472]
2019-09-12 09:25:58,358 [grpc-default-executor-1] INFO  client.GrpcClientProtocolClient (GrpcClientProtocolClient.java:onNext(264)) - client-8B023739F3BF->b50d6464-f54a-40d1-9f81-f1c19654fd05: receive RaftClientReply:client-8B023739F3BF->b50d6464-f54a-40d1-9f81-f1c19654fd05@group-1F53027F28E3, cid=330, SUCCESS, logIndex=472, commits[b50d6464-f54a-40d1-9f81-f1c19654fd05:c474]
2019-09-12 09:25:58,358 [grpc-default-executor-1] INFO  client.GrpcClientProtocolClient (GrpcClientProtocolClient.java:onNext(264)) - client-8B023739F3BF->b50d6464-f54a-40d1-9f81-f1c19654fd05: receive RaftClientReply:client-8B023739F3BF->b50d6464-f54a-40d1-9f81-f1c19654fd05@group-1F53027F28E3, cid=331, SUCCESS, logIndex=473, commits[b50d6464-f54a-40d1-9f81-f1c19654fd05:c475]
2019-09-12 09:25:58,358 [grpc-default-executor-1] INFO  client.GrpcClientProtocolClient (GrpcClientProtocolClient.java:onNext(264)) - client-8B023739F3BF->b50d6464-f54a-40d1-9f81-f1c19654fd05: receive RaftClientReply:client-8B023739F3BF->b50d6464-f54a-40d1-9f81-f1c19654fd05@group-1F53027F28E3, cid=332, SUCCESS, logIndex=474, commits[b50d6464-f54a-40d1-9f81-f1c19654fd05:c476]
2019-09-12 09:25:58,379 [grpc-default-executor-2] INFO  client.GrpcClientProtocolClient (GrpcClientProtocolClient.java:onNext(264)) - client-8B023739F3BF->b50d6464-f54a-40d1-9f81-f1c19654fd05: receive RaftClientReply:client-8B023739F3BF->b50d6464-f54a-40d1-9f81-f1c19654fd05@group-1F53027F28E3, cid=333, SUCCESS, logIndex=477, commits[b50d6464-f54a-40d1-9f81-f1c19654fd05:c480]
2019-09-12 09:25:58,379 [grpc-default-executor-2] INFO  client.GrpcClientProtocolClient (GrpcClientProtocolClient.java:onNext(264)) - client-8B023739F3BF->b50d6464-f54a-40d1-9f81-f1c19654fd05: receive RaftClientReply:client-8B023739F3BF->b50d6464-f54a-40d1-9f81-f1c19654fd05@group-1F53027F28E3, cid=334, SUCCESS, logIndex=478, commits[b50d6464-f54a-40d1-9f81-f1c19654fd05:c481]
2019-09-12 09:25:58,380 [grpc-default-executor-2] INFO  client.GrpcClientProtocolClient (GrpcClientProtocolClient.java:onNext(264)) - client-8B023739F3BF->b50d6464-f54a-40d1-9f81-f1c19654fd05: receive RaftClientReply:client-8B023739F3BF->b50d6464-f54a-40d1-9f81-f1c19654fd05@group-1F53027F28E3, cid=335, SUCCESS, logIndex=479, commits[b50d6464-f54a-40d1-9f81-f1c19654fd05:c482]
2019-09-12 09:25:58,380 [grpc-default-executor-2] INFO  client.GrpcClientProtocolClient (GrpcClientProtocolClient.java:onNext(264)) - client-8B023739F3BF->b50d6464-f54a-40d1-9f81-f1c19654fd05: receive RaftClientReply:client-8B023739F3BF->b50d6464-f54a-40d1-9f81-f1c19654fd05@group-1F53027F28E3, cid=336, SUCCESS, logIndex=480, commits[b50d6464-f54a-40d1-9f81-f1c19654fd05:c482]
2019-09-12 09:25:58,406 [grpc-default-executor-2] INFO  client.GrpcClientProtocolClient (GrpcClientProtocolClient.java:onNext(264)) - client-8B023739F3BF->b50d6464-f54a-40d1-9f81-f1c19654fd05: receive RaftClientReply:client-8B023739F3BF->b50d6464-f54a-40d1-9f81-f1c19654fd05@group-1F53027F28E3, cid=337, SUCCESS, logIndex=483, commits[b50d6464-f54a-40d1-9f81-f1c19654fd05:c484]
2019-09-12 09:25:58,407 [grpc-default-executor-2] INFO  client.GrpcClientProtocolClient (GrpcClientProtocolClient.java:onNext(264)) - client-8B023739F3BF->b50d6464-f54a-40d1-9f81-f1c19654fd05: receive RaftClientReply:client-8B023739F3BF->b50d6464-f54a-40d1-9f81-f1c19654fd05@group-1F53027F28E3, cid=338, SUCCESS, logIndex=484, commits[b50d6464-f54a-40d1-9f81-f1c19654fd05:c486]
2019-09-12 09:25:58,407 [grpc-default-executor-2] INFO  client.GrpcClientProtocolClient (GrpcClientProtocolClient.java:onNext(264)) - client-8B023739F3BF->b50d6464-f54a-40d1-9f81-f1c19654fd05: receive RaftClientReply:client-8B023739F3BF->b50d6464-f54a-40d1-9f81-f1c19654fd05@group-1F53027F28E3, cid=339, SUCCESS, logIndex=485, commits[b50d6464-f54a-40d1-9f81-f1c19654fd05:c487]
2019-09-12 09:25:58,407 [grpc-default-executor-2] INFO  client.GrpcClientProtocolClient (GrpcClientProtocolClient.java:onNext(264)) - client-8B023739F3BF->b50d6464-f54a-40d1-9f81-f1c19654fd05: receive RaftClientReply:client-8B023739F3BF->b50d6464-f54a-40d1-9f81-f1c19654fd05@group-1F53027F28E3, cid=340, SUCCESS, logIndex=486, commits[b50d6464-f54a-40d1-9f81-f1c19654fd05:c488]
2019-09-12 09:25:58,413 [SCMBlockDeletingService#0] DEBUG block.SCMBlockDeletingService (SCMBlockDeletingService.java:call(138)) - Running DeletedBlockTransactionScanner
2019-09-12 09:25:58,413 [SCMBlockDeletingService#0] DEBUG block.SCMBlockDeletingService (SCMBlockDeletingService.java:call(155)) - Scanned deleted blocks log and got 0 delTX to process.
2019-09-12 09:25:58,430 [grpc-default-executor-2] INFO  client.GrpcClientProtocolClient (GrpcClientProtocolClient.java:onNext(264)) - client-8B023739F3BF->b50d6464-f54a-40d1-9f81-f1c19654fd05: receive RaftClientReply:client-8B023739F3BF->b50d6464-f54a-40d1-9f81-f1c19654fd05@group-1F53027F28E3, cid=341, SUCCESS, logIndex=489, commits[b50d6464-f54a-40d1-9f81-f1c19654fd05:c492]
2019-09-12 09:25:58,430 [grpc-default-executor-2] INFO  client.GrpcClientProtocolClient (GrpcClientProtocolClient.java:onNext(264)) - client-8B023739F3BF->b50d6464-f54a-40d1-9f81-f1c19654fd05: receive RaftClientReply:client-8B023739F3BF->b50d6464-f54a-40d1-9f81-f1c19654fd05@group-1F53027F28E3, cid=342, SUCCESS, logIndex=490, commits[b50d6464-f54a-40d1-9f81-f1c19654fd05:c493]
2019-09-12 09:25:58,430 [grpc-default-executor-2] INFO  client.GrpcClientProtocolClient (GrpcClientProtocolClient.java:onNext(264)) - client-8B023739F3BF->b50d6464-f54a-40d1-9f81-f1c19654fd05: receive RaftClientReply:client-8B023739F3BF->b50d6464-f54a-40d1-9f81-f1c19654fd05@group-1F53027F28E3, cid=343, SUCCESS, logIndex=491, commits[b50d6464-f54a-40d1-9f81-f1c19654fd05:c493]
2019-09-12 09:25:58,430 [grpc-default-executor-2] INFO  client.GrpcClientProtocolClient (GrpcClientProtocolClient.java:onNext(264)) - client-8B023739F3BF->b50d6464-f54a-40d1-9f81-f1c19654fd05: receive RaftClientReply:client-8B023739F3BF->b50d6464-f54a-40d1-9f81-f1c19654fd05@group-1F53027F28E3, cid=344, SUCCESS, logIndex=492, commits[b50d6464-f54a-40d1-9f81-f1c19654fd05:c493]
2019-09-12 09:25:58,456 [grpc-default-executor-2] INFO  client.GrpcClientProtocolClient (GrpcClientProtocolClient.java:onNext(264)) - client-8B023739F3BF->b50d6464-f54a-40d1-9f81-f1c19654fd05: receive RaftClientReply:client-8B023739F3BF->b50d6464-f54a-40d1-9f81-f1c19654fd05@group-1F53027F28E3, cid=345, SUCCESS, logIndex=494, commits[b50d6464-f54a-40d1-9f81-f1c19654fd05:c495]
2019-09-12 09:25:58,457 [grpc-default-executor-2] INFO  client.GrpcClientProtocolClient (GrpcClientProtocolClient.java:onNext(264)) - client-8B023739F3BF->b50d6464-f54a-40d1-9f81-f1c19654fd05: receive RaftClientReply:client-8B023739F3BF->b50d6464-f54a-40d1-9f81-f1c19654fd05@group-1F53027F28E3, cid=346, SUCCESS, logIndex=495, commits[b50d6464-f54a-40d1-9f81-f1c19654fd05:c495]
2019-09-12 09:25:58,457 [grpc-default-executor-2] INFO  client.GrpcClientProtocolClient (GrpcClientProtocolClient.java:onNext(264)) - client-8B023739F3BF->b50d6464-f54a-40d1-9f81-f1c19654fd05: receive RaftClientReply:client-8B023739F3BF->b50d6464-f54a-40d1-9f81-f1c19654fd05@group-1F53027F28E3, cid=347, SUCCESS, logIndex=496, commits[b50d6464-f54a-40d1-9f81-f1c19654fd05:c497]
2019-09-12 09:25:58,458 [grpc-default-executor-2] INFO  client.GrpcClientProtocolClient (GrpcClientProtocolClient.java:onNext(264)) - client-8B023739F3BF->b50d6464-f54a-40d1-9f81-f1c19654fd05: receive RaftClientReply:client-8B023739F3BF->b50d6464-f54a-40d1-9f81-f1c19654fd05@group-1F53027F28E3, cid=348, SUCCESS, logIndex=497, commits[b50d6464-f54a-40d1-9f81-f1c19654fd05:c497]
2019-09-12 09:25:58,470 [grpc-default-executor-2] INFO  client.GrpcClientProtocolClient (GrpcClientProtocolClient.java:onNext(264)) - client-8B023739F3BF->b50d6464-f54a-40d1-9f81-f1c19654fd05: receive RaftClientReply:client-8B023739F3BF->b50d6464-f54a-40d1-9f81-f1c19654fd05@group-1F53027F28E3, cid=349, SUCCESS, logIndex=500, commits[b50d6464-f54a-40d1-9f81-f1c19654fd05:c503]
2019-09-12 09:25:58,470 [grpc-default-executor-2] INFO  client.GrpcClientProtocolClient (GrpcClientProtocolClient.java:onNext(264)) - client-8B023739F3BF->b50d6464-f54a-40d1-9f81-f1c19654fd05: receive RaftClientReply:client-8B023739F3BF->b50d6464-f54a-40d1-9f81-f1c19654fd05@group-1F53027F28E3, cid=350, SUCCESS, logIndex=501, commits[b50d6464-f54a-40d1-9f81-f1c19654fd05:c504]
2019-09-12 09:25:58,471 [grpc-default-executor-2] INFO  client.GrpcClientProtocolClient (GrpcClientProtocolClient.java:onNext(264)) - client-8B023739F3BF->b50d6464-f54a-40d1-9f81-f1c19654fd05: receive RaftClientReply:client-8B023739F3BF->b50d6464-f54a-40d1-9f81-f1c19654fd05@group-1F53027F28E3, cid=351, SUCCESS, logIndex=502, commits[b50d6464-f54a-40d1-9f81-f1c19654fd05:c504]
2019-09-12 09:25:58,471 [grpc-default-executor-2] INFO  client.GrpcClientProtocolClient (GrpcClientProtocolClient.java:onNext(264)) - client-8B023739F3BF->b50d6464-f54a-40d1-9f81-f1c19654fd05: receive RaftClientReply:client-8B023739F3BF->b50d6464-f54a-40d1-9f81-f1c19654fd05@group-1F53027F28E3, cid=352, SUCCESS, logIndex=503, commits[b50d6464-f54a-40d1-9f81-f1c19654fd05:c504]
2019-09-12 09:25:58,513 [SCMBlockDeletingService#0] DEBUG block.SCMBlockDeletingService (SCMBlockDeletingService.java:call(138)) - Running DeletedBlockTransactionScanner
2019-09-12 09:25:58,514 [SCMBlockDeletingService#0] DEBUG block.SCMBlockDeletingService (SCMBlockDeletingService.java:call(155)) - Scanned deleted blocks log and got 0 delTX to process.
2019-09-12 09:25:58,583 [grpc-default-executor-2] INFO  client.GrpcClientProtocolClient (GrpcClientProtocolClient.java:onNext(264)) - client-8B023739F3BF->b50d6464-f54a-40d1-9f81-f1c19654fd05: receive RaftClientReply:client-8B023739F3BF->b50d6464-f54a-40d1-9f81-f1c19654fd05@group-1F53027F28E3, cid=353, SUCCESS, logIndex=505, commits[b50d6464-f54a-40d1-9f81-f1c19654fd05:c505]
2019-09-12 09:25:58,583 [grpc-default-executor-2] INFO  client.GrpcClientProtocolClient (GrpcClientProtocolClient.java:onNext(264)) - client-8B023739F3BF->b50d6464-f54a-40d1-9f81-f1c19654fd05: receive RaftClientReply:client-8B023739F3BF->b50d6464-f54a-40d1-9f81-f1c19654fd05@group-1F53027F28E3, cid=354, SUCCESS, logIndex=506, commits[b50d6464-f54a-40d1-9f81-f1c19654fd05:c509]
2019-09-12 09:25:58,584 [grpc-default-executor-2] INFO  client.GrpcClientProtocolClient (GrpcClientProtocolClient.java:onNext(264)) - client-8B023739F3BF->b50d6464-f54a-40d1-9f81-f1c19654fd05: receive RaftClientReply:client-8B023739F3BF->b50d6464-f54a-40d1-9f81-f1c19654fd05@group-1F53027F28E3, cid=355, SUCCESS, logIndex=507, commits[b50d6464-f54a-40d1-9f81-f1c19654fd05:c510]
2019-09-12 09:25:58,585 [grpc-default-executor-2] INFO  client.GrpcClientProtocolClient (GrpcClientProtocolClient.java:onNext(264)) - client-8B023739F3BF->b50d6464-f54a-40d1-9f81-f1c19654fd05: receive RaftClientReply:client-8B023739F3BF->b50d6464-f54a-40d1-9f81-f1c19654fd05@group-1F53027F28E3, cid=356, SUCCESS, logIndex=508, commits[b50d6464-f54a-40d1-9f81-f1c19654fd05:c510]
2019-09-12 09:25:58,604 [grpc-default-executor-2] INFO  client.GrpcClientProtocolClient (GrpcClientProtocolClient.java:onNext(264)) - client-8B023739F3BF->b50d6464-f54a-40d1-9f81-f1c19654fd05: receive RaftClientReply:client-8B023739F3BF->b50d6464-f54a-40d1-9f81-f1c19654fd05@group-1F53027F28E3, cid=357, SUCCESS, logIndex=511, commits[b50d6464-f54a-40d1-9f81-f1c19654fd05:c514]
2019-09-12 09:25:58,605 [grpc-default-executor-2] INFO  client.GrpcClientProtocolClient (GrpcClientProtocolClient.java:onNext(264)) - client-8B023739F3BF->b50d6464-f54a-40d1-9f81-f1c19654fd05: receive RaftClientReply:client-8B023739F3BF->b50d6464-f54a-40d1-9f81-f1c19654fd05@group-1F53027F28E3, cid=358, SUCCESS, logIndex=512, commits[b50d6464-f54a-40d1-9f81-f1c19654fd05:c515]
2019-09-12 09:25:58,605 [grpc-default-executor-2] INFO  client.GrpcClientProtocolClient (GrpcClientProtocolClient.java:onNext(264)) - client-8B023739F3BF->b50d6464-f54a-40d1-9f81-f1c19654fd05: receive RaftClientReply:client-8B023739F3BF->b50d6464-f54a-40d1-9f81-f1c19654fd05@group-1F53027F28E3, cid=359, SUCCESS, logIndex=513, commits[b50d6464-f54a-40d1-9f81-f1c19654fd05:c515]
2019-09-12 09:25:58,606 [grpc-default-executor-2] INFO  client.GrpcClientProtocolClient (GrpcClientProtocolClient.java:onNext(264)) - client-8B023739F3BF->b50d6464-f54a-40d1-9f81-f1c19654fd05: receive RaftClientReply:client-8B023739F3BF->b50d6464-f54a-40d1-9f81-f1c19654fd05@group-1F53027F28E3, cid=360, SUCCESS, logIndex=514, commits[b50d6464-f54a-40d1-9f81-f1c19654fd05:c515]
2019-09-12 09:25:58,614 [SCMBlockDeletingService#0] DEBUG block.SCMBlockDeletingService (SCMBlockDeletingService.java:call(138)) - Running DeletedBlockTransactionScanner
2019-09-12 09:25:58,614 [SCMBlockDeletingService#0] DEBUG block.SCMBlockDeletingService (SCMBlockDeletingService.java:call(155)) - Scanned deleted blocks log and got 0 delTX to process.
2019-09-12 09:25:58,633 [grpc-default-executor-2] INFO  client.GrpcClientProtocolClient (GrpcClientProtocolClient.java:onNext(264)) - client-8B023739F3BF->b50d6464-f54a-40d1-9f81-f1c19654fd05: receive RaftClientReply:client-8B023739F3BF->b50d6464-f54a-40d1-9f81-f1c19654fd05@group-1F53027F28E3, cid=361, SUCCESS, logIndex=517, commits[b50d6464-f54a-40d1-9f81-f1c19654fd05:c520]
2019-09-12 09:25:58,634 [grpc-default-executor-2] INFO  client.GrpcClientProtocolClient (GrpcClientProtocolClient.java:onNext(264)) - client-8B023739F3BF->b50d6464-f54a-40d1-9f81-f1c19654fd05: receive RaftClientReply:client-8B023739F3BF->b50d6464-f54a-40d1-9f81-f1c19654fd05@group-1F53027F28E3, cid=362, SUCCESS, logIndex=518, commits[b50d6464-f54a-40d1-9f81-f1c19654fd05:c521]
2019-09-12 09:25:58,634 [grpc-default-executor-2] INFO  client.GrpcClientProtocolClient (GrpcClientProtocolClient.java:onNext(264)) - client-8B023739F3BF->b50d6464-f54a-40d1-9f81-f1c19654fd05: receive RaftClientReply:client-8B023739F3BF->b50d6464-f54a-40d1-9f81-f1c19654fd05@group-1F53027F28E3, cid=363, SUCCESS, logIndex=519, commits[b50d6464-f54a-40d1-9f81-f1c19654fd05:c521]
2019-09-12 09:25:58,634 [grpc-default-executor-2] INFO  client.GrpcClientProtocolClient (GrpcClientProtocolClient.java:onNext(264)) - client-8B023739F3BF->b50d6464-f54a-40d1-9f81-f1c19654fd05: receive RaftClientReply:client-8B023739F3BF->b50d6464-f54a-40d1-9f81-f1c19654fd05@group-1F53027F28E3, cid=364, SUCCESS, logIndex=520, commits[b50d6464-f54a-40d1-9f81-f1c19654fd05:c521]
2019-09-12 09:25:58,650 [grpc-default-executor-2] INFO  client.GrpcClientProtocolClient (GrpcClientProtocolClient.java:onNext(264)) - client-8B023739F3BF->b50d6464-f54a-40d1-9f81-f1c19654fd05: receive RaftClientReply:client-8B023739F3BF->b50d6464-f54a-40d1-9f81-f1c19654fd05@group-1F53027F28E3, cid=365, SUCCESS, logIndex=522, commits[b50d6464-f54a-40d1-9f81-f1c19654fd05:c525]
2019-09-12 09:25:58,651 [grpc-default-executor-2] INFO  client.GrpcClientProtocolClient (GrpcClientProtocolClient.java:onNext(264)) - client-8B023739F3BF->b50d6464-f54a-40d1-9f81-f1c19654fd05: receive RaftClientReply:client-8B023739F3BF->b50d6464-f54a-40d1-9f81-f1c19654fd05@group-1F53027F28E3, cid=366, SUCCESS, logIndex=523, commits[b50d6464-f54a-40d1-9f81-f1c19654fd05:c526]
2019-09-12 09:25:58,651 [grpc-default-executor-2] INFO  client.GrpcClientProtocolClient (GrpcClientProtocolClient.java:onNext(264)) - client-8B023739F3BF->b50d6464-f54a-40d1-9f81-f1c19654fd05: receive RaftClientReply:client-8B023739F3BF->b50d6464-f54a-40d1-9f81-f1c19654fd05@group-1F53027F28E3, cid=367, SUCCESS, logIndex=524, commits[b50d6464-f54a-40d1-9f81-f1c19654fd05:c526]
2019-09-12 09:25:58,651 [grpc-default-executor-2] INFO  client.GrpcClientProtocolClient (GrpcClientProtocolClient.java:onNext(264)) - client-8B023739F3BF->b50d6464-f54a-40d1-9f81-f1c19654fd05: receive RaftClientReply:client-8B023739F3BF->b50d6464-f54a-40d1-9f81-f1c19654fd05@group-1F53027F28E3, cid=368, SUCCESS, logIndex=525, commits[b50d6464-f54a-40d1-9f81-f1c19654fd05:c526]
2019-09-12 09:25:58,675 [grpc-default-executor-1] INFO  client.GrpcClientProtocolClient (GrpcClientProtocolClient.java:onNext(264)) - client-8B023739F3BF->b50d6464-f54a-40d1-9f81-f1c19654fd05: receive RaftClientReply:client-8B023739F3BF->b50d6464-f54a-40d1-9f81-f1c19654fd05@group-1F53027F28E3, cid=369, SUCCESS, logIndex=527, commits[b50d6464-f54a-40d1-9f81-f1c19654fd05:c530]
2019-09-12 09:25:58,676 [grpc-default-executor-1] INFO  client.GrpcClientProtocolClient (GrpcClientProtocolClient.java:onNext(264)) - client-8B023739F3BF->b50d6464-f54a-40d1-9f81-f1c19654fd05: receive RaftClientReply:client-8B023739F3BF->b50d6464-f54a-40d1-9f81-f1c19654fd05@group-1F53027F28E3, cid=370, SUCCESS, logIndex=528, commits[b50d6464-f54a-40d1-9f81-f1c19654fd05:c530]
2019-09-12 09:25:58,676 [grpc-default-executor-1] INFO  client.GrpcClientProtocolClient (GrpcClientProtocolClient.java:onNext(264)) - client-8B023739F3BF->b50d6464-f54a-40d1-9f81-f1c19654fd05: receive RaftClientReply:client-8B023739F3BF->b50d6464-f54a-40d1-9f81-f1c19654fd05@group-1F53027F28E3, cid=371, SUCCESS, logIndex=529, commits[b50d6464-f54a-40d1-9f81-f1c19654fd05:c531]
2019-09-12 09:25:58,676 [grpc-default-executor-1] INFO  client.GrpcClientProtocolClient (GrpcClientProtocolClient.java:onNext(264)) - client-8B023739F3BF->b50d6464-f54a-40d1-9f81-f1c19654fd05: receive RaftClientReply:client-8B023739F3BF->b50d6464-f54a-40d1-9f81-f1c19654fd05@group-1F53027F28E3, cid=372, SUCCESS, logIndex=530, commits[b50d6464-f54a-40d1-9f81-f1c19654fd05:c532]
2019-09-12 09:25:58,695 [grpc-default-executor-2] INFO  client.GrpcClientProtocolClient (GrpcClientProtocolClient.java:onNext(264)) - client-8B023739F3BF->b50d6464-f54a-40d1-9f81-f1c19654fd05: receive RaftClientReply:client-8B023739F3BF->b50d6464-f54a-40d1-9f81-f1c19654fd05@group-1F53027F28E3, cid=373, SUCCESS, logIndex=533, commits[b50d6464-f54a-40d1-9f81-f1c19654fd05:c534]
2019-09-12 09:25:58,695 [grpc-default-executor-2] INFO  client.GrpcClientProtocolClient (GrpcClientProtocolClient.java:onNext(264)) - client-8B023739F3BF->b50d6464-f54a-40d1-9f81-f1c19654fd05: receive RaftClientReply:client-8B023739F3BF->b50d6464-f54a-40d1-9f81-f1c19654fd05@group-1F53027F28E3, cid=374, SUCCESS, logIndex=534, commits[b50d6464-f54a-40d1-9f81-f1c19654fd05:c537]
2019-09-12 09:25:58,696 [grpc-default-executor-2] INFO  client.GrpcClientProtocolClient (GrpcClientProtocolClient.java:onNext(264)) - client-8B023739F3BF->b50d6464-f54a-40d1-9f81-f1c19654fd05: receive RaftClientReply:client-8B023739F3BF->b50d6464-f54a-40d1-9f81-f1c19654fd05@group-1F53027F28E3, cid=375, SUCCESS, logIndex=535, commits[b50d6464-f54a-40d1-9f81-f1c19654fd05:c538]
2019-09-12 09:25:58,696 [grpc-default-executor-2] INFO  client.GrpcClientProtocolClient (GrpcClientProtocolClient.java:onNext(264)) - client-8B023739F3BF->b50d6464-f54a-40d1-9f81-f1c19654fd05: receive RaftClientReply:client-8B023739F3BF->b50d6464-f54a-40d1-9f81-f1c19654fd05@group-1F53027F28E3, cid=376, SUCCESS, logIndex=536, commits[b50d6464-f54a-40d1-9f81-f1c19654fd05:c538]
2019-09-12 09:25:58,714 [SCMBlockDeletingService#0] DEBUG block.SCMBlockDeletingService (SCMBlockDeletingService.java:call(138)) - Running DeletedBlockTransactionScanner
2019-09-12 09:25:58,715 [SCMBlockDeletingService#0] DEBUG block.SCMBlockDeletingService (SCMBlockDeletingService.java:call(155)) - Scanned deleted blocks log and got 0 delTX to process.
2019-09-12 09:25:58,721 [grpc-default-executor-2] INFO  client.GrpcClientProtocolClient (GrpcClientProtocolClient.java:onNext(264)) - client-8B023739F3BF->b50d6464-f54a-40d1-9f81-f1c19654fd05: receive RaftClientReply:client-8B023739F3BF->b50d6464-f54a-40d1-9f81-f1c19654fd05@group-1F53027F28E3, cid=377, SUCCESS, logIndex=539, commits[b50d6464-f54a-40d1-9f81-f1c19654fd05:c540]
2019-09-12 09:25:58,722 [grpc-default-executor-2] INFO  client.GrpcClientProtocolClient (GrpcClientProtocolClient.java:onNext(264)) - client-8B023739F3BF->b50d6464-f54a-40d1-9f81-f1c19654fd05: receive RaftClientReply:client-8B023739F3BF->b50d6464-f54a-40d1-9f81-f1c19654fd05@group-1F53027F28E3, cid=378, SUCCESS, logIndex=540, commits[b50d6464-f54a-40d1-9f81-f1c19654fd05:c542]
2019-09-12 09:25:58,722 [grpc-default-executor-2] INFO  client.GrpcClientProtocolClient (GrpcClientProtocolClient.java:onNext(264)) - client-8B023739F3BF->b50d6464-f54a-40d1-9f81-f1c19654fd05: receive RaftClientReply:client-8B023739F3BF->b50d6464-f54a-40d1-9f81-f1c19654fd05@group-1F53027F28E3, cid=379, SUCCESS, logIndex=541, commits[b50d6464-f54a-40d1-9f81-f1c19654fd05:c543]
2019-09-12 09:25:58,722 [grpc-default-executor-2] INFO  client.GrpcClientProtocolClient (GrpcClientProtocolClient.java:onNext(264)) - client-8B023739F3BF->b50d6464-f54a-40d1-9f81-f1c19654fd05: receive RaftClientReply:client-8B023739F3BF->b50d6464-f54a-40d1-9f81-f1c19654fd05@group-1F53027F28E3, cid=380, SUCCESS, logIndex=542, commits[b50d6464-f54a-40d1-9f81-f1c19654fd05:c544]
2019-09-12 09:25:58,741 [grpc-default-executor-1] INFO  client.GrpcClientProtocolClient (GrpcClientProtocolClient.java:onNext(264)) - client-8B023739F3BF->b50d6464-f54a-40d1-9f81-f1c19654fd05: receive RaftClientReply:client-8B023739F3BF->b50d6464-f54a-40d1-9f81-f1c19654fd05@group-1F53027F28E3, cid=381, SUCCESS, logIndex=545, commits[b50d6464-f54a-40d1-9f81-f1c19654fd05:c546]
2019-09-12 09:25:58,742 [grpc-default-executor-1] INFO  client.GrpcClientProtocolClient (GrpcClientProtocolClient.java:onNext(264)) - client-8B023739F3BF->b50d6464-f54a-40d1-9f81-f1c19654fd05: receive RaftClientReply:client-8B023739F3BF->b50d6464-f54a-40d1-9f81-f1c19654fd05@group-1F53027F28E3, cid=382, SUCCESS, logIndex=546, commits[b50d6464-f54a-40d1-9f81-f1c19654fd05:c549]
2019-09-12 09:25:58,742 [grpc-default-executor-1] INFO  client.GrpcClientProtocolClient (GrpcClientProtocolClient.java:onNext(264)) - client-8B023739F3BF->b50d6464-f54a-40d1-9f81-f1c19654fd05: receive RaftClientReply:client-8B023739F3BF->b50d6464-f54a-40d1-9f81-f1c19654fd05@group-1F53027F28E3, cid=383, SUCCESS, logIndex=547, commits[b50d6464-f54a-40d1-9f81-f1c19654fd05:c549]
2019-09-12 09:25:58,742 [grpc-default-executor-1] INFO  client.GrpcClientProtocolClient (GrpcClientProtocolClient.java:onNext(264)) - client-8B023739F3BF->b50d6464-f54a-40d1-9f81-f1c19654fd05: receive RaftClientReply:client-8B023739F3BF->b50d6464-f54a-40d1-9f81-f1c19654fd05@group-1F53027F28E3, cid=384, SUCCESS, logIndex=548, commits[b50d6464-f54a-40d1-9f81-f1c19654fd05:c550]
2019-09-12 09:25:58,768 [grpc-default-executor-2] INFO  client.GrpcClientProtocolClient (GrpcClientProtocolClient.java:onNext(264)) - client-8B023739F3BF->b50d6464-f54a-40d1-9f81-f1c19654fd05: receive RaftClientReply:client-8B023739F3BF->b50d6464-f54a-40d1-9f81-f1c19654fd05@group-1F53027F28E3, cid=385, SUCCESS, logIndex=551, commits[b50d6464-f54a-40d1-9f81-f1c19654fd05:c552]
2019-09-12 09:25:58,768 [grpc-default-executor-2] INFO  client.GrpcClientProtocolClient (GrpcClientProtocolClient.java:onNext(264)) - client-8B023739F3BF->b50d6464-f54a-40d1-9f81-f1c19654fd05: receive RaftClientReply:client-8B023739F3BF->b50d6464-f54a-40d1-9f81-f1c19654fd05@group-1F53027F28E3, cid=386, SUCCESS, logIndex=552, commits[b50d6464-f54a-40d1-9f81-f1c19654fd05:c554]
2019-09-12 09:25:58,769 [grpc-default-executor-2] INFO  client.GrpcClientProtocolClient (GrpcClientProtocolClient.java:onNext(264)) - client-8B023739F3BF->b50d6464-f54a-40d1-9f81-f1c19654fd05: receive RaftClientReply:client-8B023739F3BF->b50d6464-f54a-40d1-9f81-f1c19654fd05@group-1F53027F28E3, cid=387, SUCCESS, logIndex=553, commits[b50d6464-f54a-40d1-9f81-f1c19654fd05:c555]
2019-09-12 09:25:58,769 [grpc-default-executor-2] INFO  client.GrpcClientProtocolClient (GrpcClientProtocolClient.java:onNext(264)) - client-8B023739F3BF->b50d6464-f54a-40d1-9f81-f1c19654fd05: receive RaftClientReply:client-8B023739F3BF->b50d6464-f54a-40d1-9f81-f1c19654fd05@group-1F53027F28E3, cid=388, SUCCESS, logIndex=554, commits[b50d6464-f54a-40d1-9f81-f1c19654fd05:c555]
2019-09-12 09:25:58,790 [grpc-default-executor-2] INFO  client.GrpcClientProtocolClient (GrpcClientProtocolClient.java:onNext(264)) - client-8B023739F3BF->b50d6464-f54a-40d1-9f81-f1c19654fd05: receive RaftClientReply:client-8B023739F3BF->b50d6464-f54a-40d1-9f81-f1c19654fd05@group-1F53027F28E3, cid=389, SUCCESS, logIndex=557, commits[b50d6464-f54a-40d1-9f81-f1c19654fd05:c560]
2019-09-12 09:25:58,791 [grpc-default-executor-2] INFO  client.GrpcClientProtocolClient (GrpcClientProtocolClient.java:onNext(264)) - client-8B023739F3BF->b50d6464-f54a-40d1-9f81-f1c19654fd05: receive RaftClientReply:client-8B023739F3BF->b50d6464-f54a-40d1-9f81-f1c19654fd05@group-1F53027F28E3, cid=390, SUCCESS, logIndex=558, commits[b50d6464-f54a-40d1-9f81-f1c19654fd05:c560]
2019-09-12 09:25:58,791 [grpc-default-executor-2] INFO  client.GrpcClientProtocolClient (GrpcClientProtocolClient.java:onNext(264)) - client-8B023739F3BF->b50d6464-f54a-40d1-9f81-f1c19654fd05: receive RaftClientReply:client-8B023739F3BF->b50d6464-f54a-40d1-9f81-f1c19654fd05@group-1F53027F28E3, cid=391, SUCCESS, logIndex=559, commits[b50d6464-f54a-40d1-9f81-f1c19654fd05:c560]
2019-09-12 09:25:58,791 [grpc-default-executor-2] INFO  client.GrpcClientProtocolClient (GrpcClientProtocolClient.java:onNext(264)) - client-8B023739F3BF->b50d6464-f54a-40d1-9f81-f1c19654fd05: receive RaftClientReply:client-8B023739F3BF->b50d6464-f54a-40d1-9f81-f1c19654fd05@group-1F53027F28E3, cid=392, SUCCESS, logIndex=560, commits[b50d6464-f54a-40d1-9f81-f1c19654fd05:c560]
2019-09-12 09:25:58,815 [SCMBlockDeletingService#0] DEBUG block.SCMBlockDeletingService (SCMBlockDeletingService.java:call(138)) - Running DeletedBlockTransactionScanner
2019-09-12 09:25:58,815 [SCMBlockDeletingService#0] DEBUG block.SCMBlockDeletingService (SCMBlockDeletingService.java:call(155)) - Scanned deleted blocks log and got 0 delTX to process.
2019-09-12 09:25:58,817 [grpc-default-executor-2] INFO  client.GrpcClientProtocolClient (GrpcClientProtocolClient.java:onNext(264)) - client-8B023739F3BF->b50d6464-f54a-40d1-9f81-f1c19654fd05: receive RaftClientReply:client-8B023739F3BF->b50d6464-f54a-40d1-9f81-f1c19654fd05@group-1F53027F28E3, cid=393, SUCCESS, logIndex=562, commits[b50d6464-f54a-40d1-9f81-f1c19654fd05:c563]
2019-09-12 09:25:58,818 [grpc-default-executor-2] INFO  client.GrpcClientProtocolClient (GrpcClientProtocolClient.java:onNext(264)) - client-8B023739F3BF->b50d6464-f54a-40d1-9f81-f1c19654fd05: receive RaftClientReply:client-8B023739F3BF->b50d6464-f54a-40d1-9f81-f1c19654fd05@group-1F53027F28E3, cid=394, SUCCESS, logIndex=563, commits[b50d6464-f54a-40d1-9f81-f1c19654fd05:c566]
2019-09-12 09:25:58,818 [grpc-default-executor-2] INFO  client.GrpcClientProtocolClient (GrpcClientProtocolClient.java:onNext(264)) - client-8B023739F3BF->b50d6464-f54a-40d1-9f81-f1c19654fd05: receive RaftClientReply:client-8B023739F3BF->b50d6464-f54a-40d1-9f81-f1c19654fd05@group-1F53027F28E3, cid=395, SUCCESS, logIndex=564, commits[b50d6464-f54a-40d1-9f81-f1c19654fd05:c566]
2019-09-12 09:25:58,818 [grpc-default-executor-2] INFO  client.GrpcClientProtocolClient (GrpcClientProtocolClient.java:onNext(264)) - client-8B023739F3BF->b50d6464-f54a-40d1-9f81-f1c19654fd05: receive RaftClientReply:client-8B023739F3BF->b50d6464-f54a-40d1-9f81-f1c19654fd05@group-1F53027F28E3, cid=396, SUCCESS, logIndex=565, commits[b50d6464-f54a-40d1-9f81-f1c19654fd05:c567]
2019-09-12 09:25:58,916 [SCMBlockDeletingService#0] DEBUG block.SCMBlockDeletingService (SCMBlockDeletingService.java:call(138)) - Running DeletedBlockTransactionScanner
2019-09-12 09:25:58,916 [SCMBlockDeletingService#0] DEBUG block.SCMBlockDeletingService (SCMBlockDeletingService.java:call(155)) - Scanned deleted blocks log and got 0 delTX to process.
2019-09-12 09:25:58,932 [grpc-default-executor-2] INFO  client.GrpcClientProtocolClient (GrpcClientProtocolClient.java:onNext(264)) - client-8B023739F3BF->b50d6464-f54a-40d1-9f81-f1c19654fd05: receive RaftClientReply:client-8B023739F3BF->b50d6464-f54a-40d1-9f81-f1c19654fd05@group-1F53027F28E3, cid=397, SUCCESS, logIndex=568, commits[b50d6464-f54a-40d1-9f81-f1c19654fd05:c571]
2019-09-12 09:25:58,933 [grpc-default-executor-2] INFO  client.GrpcClientProtocolClient (GrpcClientProtocolClient.java:onNext(264)) - client-8B023739F3BF->b50d6464-f54a-40d1-9f81-f1c19654fd05: receive RaftClientReply:client-8B023739F3BF->b50d6464-f54a-40d1-9f81-f1c19654fd05@group-1F53027F28E3, cid=398, SUCCESS, logIndex=569, commits[b50d6464-f54a-40d1-9f81-f1c19654fd05:c571]
2019-09-12 09:25:58,934 [grpc-default-executor-2] INFO  client.GrpcClientProtocolClient (GrpcClientProtocolClient.java:onNext(264)) - client-8B023739F3BF->b50d6464-f54a-40d1-9f81-f1c19654fd05: receive RaftClientReply:client-8B023739F3BF->b50d6464-f54a-40d1-9f81-f1c19654fd05@group-1F53027F28E3, cid=399, SUCCESS, logIndex=570, commits[b50d6464-f54a-40d1-9f81-f1c19654fd05:c571]
2019-09-12 09:25:58,934 [grpc-default-executor-2] INFO  client.GrpcClientProtocolClient (GrpcClientProtocolClient.java:onNext(264)) - client-8B023739F3BF->b50d6464-f54a-40d1-9f81-f1c19654fd05: receive RaftClientReply:client-8B023739F3BF->b50d6464-f54a-40d1-9f81-f1c19654fd05@group-1F53027F28E3, cid=400, SUCCESS, logIndex=571, commits[b50d6464-f54a-40d1-9f81-f1c19654fd05:c571]
2019-09-12 09:25:59,064 [SCMBlockDeletingService#1] DEBUG block.SCMBlockDeletingService (SCMBlockDeletingService.java:call(138)) - Running DeletedBlockTransactionScanner
2019-09-12 09:25:59,064 [SCMBlockDeletingService#1] DEBUG block.SCMBlockDeletingService (SCMBlockDeletingService.java:call(155)) - Scanned deleted blocks log and got 0 delTX to process.
2019-09-12 09:25:59,066 [grpc-default-executor-2] INFO  client.GrpcClientProtocolClient (GrpcClientProtocolClient.java:onNext(264)) - client-8B023739F3BF->b50d6464-f54a-40d1-9f81-f1c19654fd05: receive RaftClientReply:client-8B023739F3BF->b50d6464-f54a-40d1-9f81-f1c19654fd05@group-1F53027F28E3, cid=401, SUCCESS, logIndex=573, commits[b50d6464-f54a-40d1-9f81-f1c19654fd05:c574]
2019-09-12 09:25:59,067 [grpc-default-executor-2] INFO  client.GrpcClientProtocolClient (GrpcClientProtocolClient.java:onNext(264)) - client-8B023739F3BF->b50d6464-f54a-40d1-9f81-f1c19654fd05: receive RaftClientReply:client-8B023739F3BF->b50d6464-f54a-40d1-9f81-f1c19654fd05@group-1F53027F28E3, cid=402, SUCCESS, logIndex=574, commits[b50d6464-f54a-40d1-9f81-f1c19654fd05:c574]
2019-09-12 09:25:59,077 [grpc-default-executor-2] INFO  client.GrpcClientProtocolClient (GrpcClientProtocolClient.java:onNext(264)) - client-8B023739F3BF->b50d6464-f54a-40d1-9f81-f1c19654fd05: receive RaftClientReply:client-8B023739F3BF->b50d6464-f54a-40d1-9f81-f1c19654fd05@group-1F53027F28E3, cid=403, SUCCESS, logIndex=576, commits[b50d6464-f54a-40d1-9f81-f1c19654fd05:c577]
2019-09-12 09:25:59,078 [grpc-default-executor-2] INFO  client.GrpcClientProtocolClient (GrpcClientProtocolClient.java:onNext(264)) - client-8B023739F3BF->b50d6464-f54a-40d1-9f81-f1c19654fd05: receive RaftClientReply:client-8B023739F3BF->b50d6464-f54a-40d1-9f81-f1c19654fd05@group-1F53027F28E3, cid=404, SUCCESS, logIndex=577, commits[b50d6464-f54a-40d1-9f81-f1c19654fd05:c577]
2019-09-12 09:25:59,099 [grpc-default-executor-2] INFO  client.GrpcClientProtocolClient (GrpcClientProtocolClient.java:onNext(264)) - client-8B023739F3BF->b50d6464-f54a-40d1-9f81-f1c19654fd05: receive RaftClientReply:client-8B023739F3BF->b50d6464-f54a-40d1-9f81-f1c19654fd05@group-1F53027F28E3, cid=405, SUCCESS, logIndex=579, commits[b50d6464-f54a-40d1-9f81-f1c19654fd05:c580]
2019-09-12 09:25:59,100 [grpc-default-executor-2] INFO  client.GrpcClientProtocolClient (GrpcClientProtocolClient.java:onNext(264)) - client-8B023739F3BF->b50d6464-f54a-40d1-9f81-f1c19654fd05: receive RaftClientReply:client-8B023739F3BF->b50d6464-f54a-40d1-9f81-f1c19654fd05@group-1F53027F28E3, cid=406, SUCCESS, logIndex=580, commits[b50d6464-f54a-40d1-9f81-f1c19654fd05:c582]
2019-09-12 09:25:59,101 [grpc-default-executor-2] INFO  client.GrpcClientProtocolClient (GrpcClientProtocolClient.java:onNext(264)) - client-8B023739F3BF->b50d6464-f54a-40d1-9f81-f1c19654fd05: receive RaftClientReply:client-8B023739F3BF->b50d6464-f54a-40d1-9f81-f1c19654fd05@group-1F53027F28E3, cid=407, SUCCESS, logIndex=581, commits[b50d6464-f54a-40d1-9f81-f1c19654fd05:c583]
2019-09-12 09:25:59,101 [grpc-default-executor-2] INFO  client.GrpcClientProtocolClient (GrpcClientProtocolClient.java:onNext(264)) - client-8B023739F3BF->b50d6464-f54a-40d1-9f81-f1c19654fd05: receive RaftClientReply:client-8B023739F3BF->b50d6464-f54a-40d1-9f81-f1c19654fd05@group-1F53027F28E3, cid=408, SUCCESS, logIndex=582, commits[b50d6464-f54a-40d1-9f81-f1c19654fd05:c584]
2019-09-12 09:25:59,129 [grpc-default-executor-1] INFO  client.GrpcClientProtocolClient (GrpcClientProtocolClient.java:onNext(264)) - client-8B023739F3BF->b50d6464-f54a-40d1-9f81-f1c19654fd05: receive RaftClientReply:client-8B023739F3BF->b50d6464-f54a-40d1-9f81-f1c19654fd05@group-1F53027F28E3, cid=409, SUCCESS, logIndex=585, commits[b50d6464-f54a-40d1-9f81-f1c19654fd05:c586]
2019-09-12 09:25:59,130 [grpc-default-executor-1] INFO  client.GrpcClientProtocolClient (GrpcClientProtocolClient.java:onNext(264)) - client-8B023739F3BF->b50d6464-f54a-40d1-9f81-f1c19654fd05: receive RaftClientReply:client-8B023739F3BF->b50d6464-f54a-40d1-9f81-f1c19654fd05@group-1F53027F28E3, cid=410, SUCCESS, logIndex=586, commits[b50d6464-f54a-40d1-9f81-f1c19654fd05:c588]
2019-09-12 09:25:59,130 [grpc-default-executor-1] INFO  client.GrpcClientProtocolClient (GrpcClientProtocolClient.java:onNext(264)) - client-8B023739F3BF->b50d6464-f54a-40d1-9f81-f1c19654fd05: receive RaftClientReply:client-8B023739F3BF->b50d6464-f54a-40d1-9f81-f1c19654fd05@group-1F53027F28E3, cid=411, SUCCESS, logIndex=587, commits[b50d6464-f54a-40d1-9f81-f1c19654fd05:c589]
2019-09-12 09:25:59,131 [grpc-default-executor-1] INFO  client.GrpcClientProtocolClient (GrpcClientProtocolClient.java:onNext(264)) - client-8B023739F3BF->b50d6464-f54a-40d1-9f81-f1c19654fd05: receive RaftClientReply:client-8B023739F3BF->b50d6464-f54a-40d1-9f81-f1c19654fd05@group-1F53027F28E3, cid=412, SUCCESS, logIndex=588, commits[b50d6464-f54a-40d1-9f81-f1c19654fd05:c590]
2019-09-12 09:25:59,151 [grpc-default-executor-2] INFO  client.GrpcClientProtocolClient (GrpcClientProtocolClient.java:onNext(264)) - client-8B023739F3BF->b50d6464-f54a-40d1-9f81-f1c19654fd05: receive RaftClientReply:client-8B023739F3BF->b50d6464-f54a-40d1-9f81-f1c19654fd05@group-1F53027F28E3, cid=413, SUCCESS, logIndex=591, commits[b50d6464-f54a-40d1-9f81-f1c19654fd05:c592]
2019-09-12 09:25:59,151 [grpc-default-executor-2] INFO  client.GrpcClientProtocolClient (GrpcClientProtocolClient.java:onNext(264)) - client-8B023739F3BF->b50d6464-f54a-40d1-9f81-f1c19654fd05: receive RaftClientReply:client-8B023739F3BF->b50d6464-f54a-40d1-9f81-f1c19654fd05@group-1F53027F28E3, cid=414, SUCCESS, logIndex=592, commits[b50d6464-f54a-40d1-9f81-f1c19654fd05:c594]
2019-09-12 09:25:59,152 [grpc-default-executor-2] INFO  client.GrpcClientProtocolClient (GrpcClientProtocolClient.java:onNext(264)) - client-8B023739F3BF->b50d6464-f54a-40d1-9f81-f1c19654fd05: receive RaftClientReply:client-8B023739F3BF->b50d6464-f54a-40d1-9f81-f1c19654fd05@group-1F53027F28E3, cid=415, SUCCESS, logIndex=593, commits[b50d6464-f54a-40d1-9f81-f1c19654fd05:c595]
2019-09-12 09:25:59,152 [grpc-default-executor-2] INFO  client.GrpcClientProtocolClient (GrpcClientProtocolClient.java:onNext(264)) - client-8B023739F3BF->b50d6464-f54a-40d1-9f81-f1c19654fd05: receive RaftClientReply:client-8B023739F3BF->b50d6464-f54a-40d1-9f81-f1c19654fd05@group-1F53027F28E3, cid=416, SUCCESS, logIndex=594, commits[b50d6464-f54a-40d1-9f81-f1c19654fd05:c596]
2019-09-12 09:25:59,164 [SCMBlockDeletingService#1] DEBUG block.SCMBlockDeletingService (SCMBlockDeletingService.java:call(138)) - Running DeletedBlockTransactionScanner
2019-09-12 09:25:59,165 [SCMBlockDeletingService#1] DEBUG block.SCMBlockDeletingService (SCMBlockDeletingService.java:call(155)) - Scanned deleted blocks log and got 0 delTX to process.
2019-09-12 09:25:59,182 [grpc-default-executor-2] INFO  client.GrpcClientProtocolClient (GrpcClientProtocolClient.java:onNext(264)) - client-8B023739F3BF->b50d6464-f54a-40d1-9f81-f1c19654fd05: receive RaftClientReply:client-8B023739F3BF->b50d6464-f54a-40d1-9f81-f1c19654fd05@group-1F53027F28E3, cid=417, SUCCESS, logIndex=597, commits[b50d6464-f54a-40d1-9f81-f1c19654fd05:c600]
2019-09-12 09:25:59,183 [grpc-default-executor-2] INFO  client.GrpcClientProtocolClient (GrpcClientProtocolClient.java:onNext(264)) - client-8B023739F3BF->b50d6464-f54a-40d1-9f81-f1c19654fd05: receive RaftClientReply:client-8B023739F3BF->b50d6464-f54a-40d1-9f81-f1c19654fd05@group-1F53027F28E3, cid=418, SUCCESS, logIndex=598, commits[b50d6464-f54a-40d1-9f81-f1c19654fd05:c600]
2019-09-12 09:25:59,184 [grpc-default-executor-2] INFO  client.GrpcClientProtocolClient (GrpcClientProtocolClient.java:onNext(264)) - client-8B023739F3BF->b50d6464-f54a-40d1-9f81-f1c19654fd05: receive RaftClientReply:client-8B023739F3BF->b50d6464-f54a-40d1-9f81-f1c19654fd05@group-1F53027F28E3, cid=419, SUCCESS, logIndex=599, commits[b50d6464-f54a-40d1-9f81-f1c19654fd05:c600]
2019-09-12 09:25:59,185 [grpc-default-executor-2] INFO  client.GrpcClientProtocolClient (GrpcClientProtocolClient.java:onNext(264)) - client-8B023739F3BF->b50d6464-f54a-40d1-9f81-f1c19654fd05: receive RaftClientReply:client-8B023739F3BF->b50d6464-f54a-40d1-9f81-f1c19654fd05@group-1F53027F28E3, cid=420, SUCCESS, logIndex=600, commits[b50d6464-f54a-40d1-9f81-f1c19654fd05:c600]
2019-09-12 09:25:59,204 [grpc-default-executor-1] INFO  client.GrpcClientProtocolClient (GrpcClientProtocolClient.java:onNext(264)) - client-8B023739F3BF->b50d6464-f54a-40d1-9f81-f1c19654fd05: receive RaftClientReply:client-8B023739F3BF->b50d6464-f54a-40d1-9f81-f1c19654fd05@group-1F53027F28E3, cid=421, SUCCESS, logIndex=602, commits[b50d6464-f54a-40d1-9f81-f1c19654fd05:c603]
2019-09-12 09:25:59,204 [grpc-default-executor-1] INFO  client.GrpcClientProtocolClient (GrpcClientProtocolClient.java:onNext(264)) - client-8B023739F3BF->b50d6464-f54a-40d1-9f81-f1c19654fd05: receive RaftClientReply:client-8B023739F3BF->b50d6464-f54a-40d1-9f81-f1c19654fd05@group-1F53027F28E3, cid=422, SUCCESS, logIndex=603, commits[b50d6464-f54a-40d1-9f81-f1c19654fd05:c606]
2019-09-12 09:25:59,205 [grpc-default-executor-1] INFO  client.GrpcClientProtocolClient (GrpcClientProtocolClient.java:onNext(264)) - client-8B023739F3BF->b50d6464-f54a-40d1-9f81-f1c19654fd05: receive RaftClientReply:client-8B023739F3BF->b50d6464-f54a-40d1-9f81-f1c19654fd05@group-1F53027F28E3, cid=423, SUCCESS, logIndex=604, commits[b50d6464-f54a-40d1-9f81-f1c19654fd05:c606]
2019-09-12 09:25:59,206 [grpc-default-executor-1] INFO  client.GrpcClientProtocolClient (GrpcClientProtocolClient.java:onNext(264)) - client-8B023739F3BF->b50d6464-f54a-40d1-9f81-f1c19654fd05: receive RaftClientReply:client-8B023739F3BF->b50d6464-f54a-40d1-9f81-f1c19654fd05@group-1F53027F28E3, cid=424, SUCCESS, logIndex=605, commits[b50d6464-f54a-40d1-9f81-f1c19654fd05:c607]
2019-09-12 09:25:59,231 [grpc-default-executor-1] INFO  client.GrpcClientProtocolClient (GrpcClientProtocolClient.java:onNext(264)) - client-8B023739F3BF->b50d6464-f54a-40d1-9f81-f1c19654fd05: receive RaftClientReply:client-8B023739F3BF->b50d6464-f54a-40d1-9f81-f1c19654fd05@group-1F53027F28E3, cid=425, SUCCESS, logIndex=608, commits[b50d6464-f54a-40d1-9f81-f1c19654fd05:c609]
2019-09-12 09:25:59,232 [grpc-default-executor-1] INFO  client.GrpcClientProtocolClient (GrpcClientProtocolClient.java:onNext(264)) - client-8B023739F3BF->b50d6464-f54a-40d1-9f81-f1c19654fd05: receive RaftClientReply:client-8B023739F3BF->b50d6464-f54a-40d1-9f81-f1c19654fd05@group-1F53027F28E3, cid=426, SUCCESS, logIndex=609, commits[b50d6464-f54a-40d1-9f81-f1c19654fd05:c609]
2019-09-12 09:25:59,234 [grpc-default-executor-1] INFO  client.GrpcClientProtocolClient (GrpcClientProtocolClient.java:onNext(264)) - client-8B023739F3BF->b50d6464-f54a-40d1-9f81-f1c19654fd05: receive RaftClientReply:client-8B023739F3BF->b50d6464-f54a-40d1-9f81-f1c19654fd05@group-1F53027F28E3, cid=427, SUCCESS, logIndex=610, commits[b50d6464-f54a-40d1-9f81-f1c19654fd05:c611]
2019-09-12 09:25:59,235 [grpc-default-executor-1] INFO  client.GrpcClientProtocolClient (GrpcClientProtocolClient.java:onNext(264)) - client-8B023739F3BF->b50d6464-f54a-40d1-9f81-f1c19654fd05: receive RaftClientReply:client-8B023739F3BF->b50d6464-f54a-40d1-9f81-f1c19654fd05@group-1F53027F28E3, cid=428, SUCCESS, logIndex=611, commits[b50d6464-f54a-40d1-9f81-f1c19654fd05:c612]
2019-09-12 09:25:59,254 [grpc-default-executor-2] INFO  client.GrpcClientProtocolClient (GrpcClientProtocolClient.java:onNext(264)) - client-8B023739F3BF->b50d6464-f54a-40d1-9f81-f1c19654fd05: receive RaftClientReply:client-8B023739F3BF->b50d6464-f54a-40d1-9f81-f1c19654fd05@group-1F53027F28E3, cid=429, SUCCESS, logIndex=614, commits[b50d6464-f54a-40d1-9f81-f1c19654fd05:c617]
2019-09-12 09:25:59,255 [grpc-default-executor-2] INFO  client.GrpcClientProtocolClient (GrpcClientProtocolClient.java:onNext(264)) - client-8B023739F3BF->b50d6464-f54a-40d1-9f81-f1c19654fd05: receive RaftClientReply:client-8B023739F3BF->b50d6464-f54a-40d1-9f81-f1c19654fd05@group-1F53027F28E3, cid=430, SUCCESS, logIndex=615, commits[b50d6464-f54a-40d1-9f81-f1c19654fd05:c618]
2019-09-12 09:25:59,256 [grpc-default-executor-2] INFO  client.GrpcClientProtocolClient (GrpcClientProtocolClient.java:onNext(264)) - client-8B023739F3BF->b50d6464-f54a-40d1-9f81-f1c19654fd05: receive RaftClientReply:client-8B023739F3BF->b50d6464-f54a-40d1-9f81-f1c19654fd05@group-1F53027F28E3, cid=431, SUCCESS, logIndex=616, commits[b50d6464-f54a-40d1-9f81-f1c19654fd05:c619]
2019-09-12 09:25:59,256 [grpc-default-executor-2] INFO  client.GrpcClientProtocolClient (GrpcClientProtocolClient.java:onNext(264)) - client-8B023739F3BF->b50d6464-f54a-40d1-9f81-f1c19654fd05: receive RaftClientReply:client-8B023739F3BF->b50d6464-f54a-40d1-9f81-f1c19654fd05@group-1F53027F28E3, cid=432, SUCCESS, logIndex=617, commits[b50d6464-f54a-40d1-9f81-f1c19654fd05:c619]
2019-09-12 09:25:59,265 [SCMBlockDeletingService#1] DEBUG block.SCMBlockDeletingService (SCMBlockDeletingService.java:call(138)) - Running DeletedBlockTransactionScanner
2019-09-12 09:25:59,266 [SCMBlockDeletingService#1] DEBUG block.SCMBlockDeletingService (SCMBlockDeletingService.java:call(155)) - Scanned deleted blocks log and got 0 delTX to process.
2019-09-12 09:25:59,281 [grpc-default-executor-1] INFO  client.GrpcClientProtocolClient (GrpcClientProtocolClient.java:onNext(264)) - client-8B023739F3BF->b50d6464-f54a-40d1-9f81-f1c19654fd05: receive RaftClientReply:client-8B023739F3BF->b50d6464-f54a-40d1-9f81-f1c19654fd05@group-1F53027F28E3, cid=433, SUCCESS, logIndex=620, commits[b50d6464-f54a-40d1-9f81-f1c19654fd05:c621]
2019-09-12 09:25:59,282 [grpc-default-executor-1] INFO  client.GrpcClientProtocolClient (GrpcClientProtocolClient.java:onNext(264)) - client-8B023739F3BF->b50d6464-f54a-40d1-9f81-f1c19654fd05: receive RaftClientReply:client-8B023739F3BF->b50d6464-f54a-40d1-9f81-f1c19654fd05@group-1F53027F28E3, cid=434, SUCCESS, logIndex=621, commits[b50d6464-f54a-40d1-9f81-f1c19654fd05:c621]
2019-09-12 09:25:59,290 [grpc-default-executor-1] INFO  client.GrpcClientProtocolClient (GrpcClientProtocolClient.java:onNext(264)) - client-8B023739F3BF->b50d6464-f54a-40d1-9f81-f1c19654fd05: receive RaftClientReply:client-8B023739F3BF->b50d6464-f54a-40d1-9f81-f1c19654fd05@group-1F53027F28E3, cid=435, SUCCESS, logIndex=622, commits[b50d6464-f54a-40d1-9f81-f1c19654fd05:c623]
2019-09-12 09:25:59,290 [grpc-default-executor-1] INFO  client.GrpcClientProtocolClient (GrpcClientProtocolClient.java:onNext(264)) - client-8B023739F3BF->b50d6464-f54a-40d1-9f81-f1c19654fd05: receive RaftClientReply:client-8B023739F3BF->b50d6464-f54a-40d1-9f81-f1c19654fd05@group-1F53027F28E3, cid=436, SUCCESS, logIndex=623, commits[b50d6464-f54a-40d1-9f81-f1c19654fd05:c624]
2019-09-12 09:25:59,310 [grpc-default-executor-1] INFO  client.GrpcClientProtocolClient (GrpcClientProtocolClient.java:onNext(264)) - client-8B023739F3BF->b50d6464-f54a-40d1-9f81-f1c19654fd05: receive RaftClientReply:client-8B023739F3BF->b50d6464-f54a-40d1-9f81-f1c19654fd05@group-1F53027F28E3, cid=437, SUCCESS, logIndex=626, commits[b50d6464-f54a-40d1-9f81-f1c19654fd05:c627]
2019-09-12 09:25:59,311 [grpc-default-executor-1] INFO  client.GrpcClientProtocolClient (GrpcClientProtocolClient.java:onNext(264)) - client-8B023739F3BF->b50d6464-f54a-40d1-9f81-f1c19654fd05: receive RaftClientReply:client-8B023739F3BF->b50d6464-f54a-40d1-9f81-f1c19654fd05@group-1F53027F28E3, cid=438, SUCCESS, logIndex=627, commits[b50d6464-f54a-40d1-9f81-f1c19654fd05:c627]
2019-09-12 09:25:59,312 [grpc-default-executor-1] INFO  client.GrpcClientProtocolClient (GrpcClientProtocolClient.java:onNext(264)) - client-8B023739F3BF->b50d6464-f54a-40d1-9f81-f1c19654fd05: receive RaftClientReply:client-8B023739F3BF->b50d6464-f54a-40d1-9f81-f1c19654fd05@group-1F53027F28E3, cid=439, SUCCESS, logIndex=628, commits[b50d6464-f54a-40d1-9f81-f1c19654fd05:c629]
2019-09-12 09:25:59,312 [grpc-default-executor-1] INFO  client.GrpcClientProtocolClient (GrpcClientProtocolClient.java:onNext(264)) - client-8B023739F3BF->b50d6464-f54a-40d1-9f81-f1c19654fd05: receive RaftClientReply:client-8B023739F3BF->b50d6464-f54a-40d1-9f81-f1c19654fd05@group-1F53027F28E3, cid=440, SUCCESS, logIndex=629, commits[b50d6464-f54a-40d1-9f81-f1c19654fd05:c629]
2019-09-12 09:25:59,337 [grpc-default-executor-1] INFO  client.GrpcClientProtocolClient (GrpcClientProtocolClient.java:onNext(264)) - client-8B023739F3BF->b50d6464-f54a-40d1-9f81-f1c19654fd05: receive RaftClientReply:client-8B023739F3BF->b50d6464-f54a-40d1-9f81-f1c19654fd05@group-1F53027F28E3, cid=441, SUCCESS, logIndex=632, commits[b50d6464-f54a-40d1-9f81-f1c19654fd05:c633]
2019-09-12 09:25:59,338 [grpc-default-executor-1] INFO  client.GrpcClientProtocolClient (GrpcClientProtocolClient.java:onNext(264)) - client-8B023739F3BF->b50d6464-f54a-40d1-9f81-f1c19654fd05: receive RaftClientReply:client-8B023739F3BF->b50d6464-f54a-40d1-9f81-f1c19654fd05@group-1F53027F28E3, cid=442, SUCCESS, logIndex=633, commits[b50d6464-f54a-40d1-9f81-f1c19654fd05:c633]
2019-09-12 09:25:59,366 [SCMBlockDeletingService#1] DEBUG block.SCMBlockDeletingService (SCMBlockDeletingService.java:call(138)) - Running DeletedBlockTransactionScanner
2019-09-12 09:25:59,366 [SCMBlockDeletingService#1] DEBUG block.SCMBlockDeletingService (SCMBlockDeletingService.java:call(155)) - Scanned deleted blocks log and got 0 delTX to process.
2019-09-12 09:25:59,428 [grpc-default-executor-2] INFO  client.GrpcClientProtocolClient (GrpcClientProtocolClient.java:onNext(264)) - client-8B023739F3BF->b50d6464-f54a-40d1-9f81-f1c19654fd05: receive RaftClientReply:client-8B023739F3BF->b50d6464-f54a-40d1-9f81-f1c19654fd05@group-1F53027F28E3, cid=443, SUCCESS, logIndex=635, commits[b50d6464-f54a-40d1-9f81-f1c19654fd05:c636]
2019-09-12 09:25:59,428 [grpc-default-executor-2] INFO  client.GrpcClientProtocolClient (GrpcClientProtocolClient.java:onNext(264)) - client-8B023739F3BF->b50d6464-f54a-40d1-9f81-f1c19654fd05: receive RaftClientReply:client-8B023739F3BF->b50d6464-f54a-40d1-9f81-f1c19654fd05@group-1F53027F28E3, cid=444, SUCCESS, logIndex=636, commits[b50d6464-f54a-40d1-9f81-f1c19654fd05:c637]
2019-09-12 09:25:59,462 [grpc-default-executor-2] INFO  client.GrpcClientProtocolClient (GrpcClientProtocolClient.java:onNext(264)) - client-8B023739F3BF->b50d6464-f54a-40d1-9f81-f1c19654fd05: receive RaftClientReply:client-8B023739F3BF->b50d6464-f54a-40d1-9f81-f1c19654fd05@group-1F53027F28E3, cid=445, SUCCESS, logIndex=638, commits[b50d6464-f54a-40d1-9f81-f1c19654fd05:c639]
2019-09-12 09:25:59,462 [grpc-default-executor-2] INFO  client.GrpcClientProtocolClient (GrpcClientProtocolClient.java:onNext(264)) - client-8B023739F3BF->b50d6464-f54a-40d1-9f81-f1c19654fd05: receive RaftClientReply:client-8B023739F3BF->b50d6464-f54a-40d1-9f81-f1c19654fd05@group-1F53027F28E3, cid=446, SUCCESS, logIndex=639, commits[b50d6464-f54a-40d1-9f81-f1c19654fd05:c639]
2019-09-12 09:25:59,467 [SCMBlockDeletingService#1] DEBUG block.SCMBlockDeletingService (SCMBlockDeletingService.java:call(138)) - Running DeletedBlockTransactionScanner
2019-09-12 09:25:59,467 [SCMBlockDeletingService#1] DEBUG block.SCMBlockDeletingService (SCMBlockDeletingService.java:call(155)) - Scanned deleted blocks log and got 0 delTX to process.
2019-09-12 09:25:59,471 [grpc-default-executor-2] INFO  client.GrpcClientProtocolClient (GrpcClientProtocolClient.java:onNext(264)) - client-8B023739F3BF->b50d6464-f54a-40d1-9f81-f1c19654fd05: receive RaftClientReply:client-8B023739F3BF->b50d6464-f54a-40d1-9f81-f1c19654fd05@group-1F53027F28E3, cid=447, SUCCESS, logIndex=640, commits[b50d6464-f54a-40d1-9f81-f1c19654fd05:c641]
2019-09-12 09:25:59,475 [grpc-default-executor-2] INFO  client.GrpcClientProtocolClient (GrpcClientProtocolClient.java:onNext(264)) - client-8B023739F3BF->b50d6464-f54a-40d1-9f81-f1c19654fd05: receive RaftClientReply:client-8B023739F3BF->b50d6464-f54a-40d1-9f81-f1c19654fd05@group-1F53027F28E3, cid=448, SUCCESS, logIndex=641, commits[b50d6464-f54a-40d1-9f81-f1c19654fd05:c643]
2019-09-12 09:25:59,504 [grpc-default-executor-2] INFO  client.GrpcClientProtocolClient (GrpcClientProtocolClient.java:onNext(264)) - client-8B023739F3BF->b50d6464-f54a-40d1-9f81-f1c19654fd05: receive RaftClientReply:client-8B023739F3BF->b50d6464-f54a-40d1-9f81-f1c19654fd05@group-1F53027F28E3, cid=449, SUCCESS, logIndex=644, commits[b50d6464-f54a-40d1-9f81-f1c19654fd05:c645]
2019-09-12 09:25:59,504 [grpc-default-executor-2] INFO  client.GrpcClientProtocolClient (GrpcClientProtocolClient.java:onNext(264)) - client-8B023739F3BF->b50d6464-f54a-40d1-9f81-f1c19654fd05: receive RaftClientReply:client-8B023739F3BF->b50d6464-f54a-40d1-9f81-f1c19654fd05@group-1F53027F28E3, cid=450, SUCCESS, logIndex=645, commits[b50d6464-f54a-40d1-9f81-f1c19654fd05:c647]
2019-09-12 09:25:59,505 [grpc-default-executor-2] INFO  client.GrpcClientProtocolClient (GrpcClientProtocolClient.java:onNext(264)) - client-8B023739F3BF->b50d6464-f54a-40d1-9f81-f1c19654fd05: receive RaftClientReply:client-8B023739F3BF->b50d6464-f54a-40d1-9f81-f1c19654fd05@group-1F53027F28E3, cid=451, SUCCESS, logIndex=646, commits[b50d6464-f54a-40d1-9f81-f1c19654fd05:c647]
2019-09-12 09:25:59,505 [grpc-default-executor-2] INFO  client.GrpcClientProtocolClient (GrpcClientProtocolClient.java:onNext(264)) - client-8B023739F3BF->b50d6464-f54a-40d1-9f81-f1c19654fd05: receive RaftClientReply:client-8B023739F3BF->b50d6464-f54a-40d1-9f81-f1c19654fd05@group-1F53027F28E3, cid=452, SUCCESS, logIndex=647, commits[b50d6464-f54a-40d1-9f81-f1c19654fd05:c648]
2019-09-12 09:25:59,525 [grpc-default-executor-1] INFO  client.GrpcClientProtocolClient (GrpcClientProtocolClient.java:onNext(264)) - client-8B023739F3BF->b50d6464-f54a-40d1-9f81-f1c19654fd05: receive RaftClientReply:client-8B023739F3BF->b50d6464-f54a-40d1-9f81-f1c19654fd05@group-1F53027F28E3, cid=453, SUCCESS, logIndex=650, commits[b50d6464-f54a-40d1-9f81-f1c19654fd05:c651]
2019-09-12 09:25:59,526 [grpc-default-executor-1] INFO  client.GrpcClientProtocolClient (GrpcClientProtocolClient.java:onNext(264)) - client-8B023739F3BF->b50d6464-f54a-40d1-9f81-f1c19654fd05: receive RaftClientReply:client-8B023739F3BF->b50d6464-f54a-40d1-9f81-f1c19654fd05@group-1F53027F28E3, cid=454, SUCCESS, logIndex=651, commits[b50d6464-f54a-40d1-9f81-f1c19654fd05:c653]
2019-09-12 09:25:59,526 [grpc-default-executor-1] INFO  client.GrpcClientProtocolClient (GrpcClientProtocolClient.java:onNext(264)) - client-8B023739F3BF->b50d6464-f54a-40d1-9f81-f1c19654fd05: receive RaftClientReply:client-8B023739F3BF->b50d6464-f54a-40d1-9f81-f1c19654fd05@group-1F53027F28E3, cid=455, SUCCESS, logIndex=652, commits[b50d6464-f54a-40d1-9f81-f1c19654fd05:c654]
2019-09-12 09:25:59,526 [grpc-default-executor-1] INFO  client.GrpcClientProtocolClient (GrpcClientProtocolClient.java:onNext(264)) - client-8B023739F3BF->b50d6464-f54a-40d1-9f81-f1c19654fd05: receive RaftClientReply:client-8B023739F3BF->b50d6464-f54a-40d1-9f81-f1c19654fd05@group-1F53027F28E3, cid=456, SUCCESS, logIndex=653, commits[b50d6464-f54a-40d1-9f81-f1c19654fd05:c654]
2019-09-12 09:25:59,553 [grpc-default-executor-1] INFO  client.GrpcClientProtocolClient (GrpcClientProtocolClient.java:onNext(264)) - client-8B023739F3BF->b50d6464-f54a-40d1-9f81-f1c19654fd05: receive RaftClientReply:client-8B023739F3BF->b50d6464-f54a-40d1-9f81-f1c19654fd05@group-1F53027F28E3, cid=457, SUCCESS, logIndex=656, commits[b50d6464-f54a-40d1-9f81-f1c19654fd05:c657]
2019-09-12 09:25:59,553 [grpc-default-executor-1] INFO  client.GrpcClientProtocolClient (GrpcClientProtocolClient.java:onNext(264)) - client-8B023739F3BF->b50d6464-f54a-40d1-9f81-f1c19654fd05: receive RaftClientReply:client-8B023739F3BF->b50d6464-f54a-40d1-9f81-f1c19654fd05@group-1F53027F28E3, cid=458, SUCCESS, logIndex=657, commits[b50d6464-f54a-40d1-9f81-f1c19654fd05:c659]
2019-09-12 09:25:59,554 [grpc-default-executor-1] INFO  client.GrpcClientProtocolClient (GrpcClientProtocolClient.java:onNext(264)) - client-8B023739F3BF->b50d6464-f54a-40d1-9f81-f1c19654fd05: receive RaftClientReply:client-8B023739F3BF->b50d6464-f54a-40d1-9f81-f1c19654fd05@group-1F53027F28E3, cid=459, SUCCESS, logIndex=658, commits[b50d6464-f54a-40d1-9f81-f1c19654fd05:c660]
2019-09-12 09:25:59,554 [grpc-default-executor-1] INFO  client.GrpcClientProtocolClient (GrpcClientProtocolClient.java:onNext(264)) - client-8B023739F3BF->b50d6464-f54a-40d1-9f81-f1c19654fd05: receive RaftClientReply:client-8B023739F3BF->b50d6464-f54a-40d1-9f81-f1c19654fd05@group-1F53027F28E3, cid=460, SUCCESS, logIndex=659, commits[b50d6464-f54a-40d1-9f81-f1c19654fd05:c660]
2019-09-12 09:25:59,567 [SCMBlockDeletingService#1] DEBUG block.SCMBlockDeletingService (SCMBlockDeletingService.java:call(138)) - Running DeletedBlockTransactionScanner
2019-09-12 09:25:59,568 [SCMBlockDeletingService#1] DEBUG block.SCMBlockDeletingService (SCMBlockDeletingService.java:call(155)) - Scanned deleted blocks log and got 0 delTX to process.
2019-09-12 09:25:59,576 [grpc-default-executor-1] INFO  client.GrpcClientProtocolClient (GrpcClientProtocolClient.java:onNext(264)) - client-8B023739F3BF->b50d6464-f54a-40d1-9f81-f1c19654fd05: receive RaftClientReply:client-8B023739F3BF->b50d6464-f54a-40d1-9f81-f1c19654fd05@group-1F53027F28E3, cid=461, SUCCESS, logIndex=662, commits[b50d6464-f54a-40d1-9f81-f1c19654fd05:c665]
2019-09-12 09:25:59,577 [grpc-default-executor-1] INFO  client.GrpcClientProtocolClient (GrpcClientProtocolClient.java:onNext(264)) - client-8B023739F3BF->b50d6464-f54a-40d1-9f81-f1c19654fd05: receive RaftClientReply:client-8B023739F3BF->b50d6464-f54a-40d1-9f81-f1c19654fd05@group-1F53027F28E3, cid=462, SUCCESS, logIndex=663, commits[b50d6464-f54a-40d1-9f81-f1c19654fd05:c666]
2019-09-12 09:25:59,577 [grpc-default-executor-1] INFO  client.GrpcClientProtocolClient (GrpcClientProtocolClient.java:onNext(264)) - client-8B023739F3BF->b50d6464-f54a-40d1-9f81-f1c19654fd05: receive RaftClientReply:client-8B023739F3BF->b50d6464-f54a-40d1-9f81-f1c19654fd05@group-1F53027F28E3, cid=463, SUCCESS, logIndex=664, commits[b50d6464-f54a-40d1-9f81-f1c19654fd05:c666]
2019-09-12 09:25:59,577 [grpc-default-executor-1] INFO  client.GrpcClientProtocolClient (GrpcClientProtocolClient.java:onNext(264)) - client-8B023739F3BF->b50d6464-f54a-40d1-9f81-f1c19654fd05: receive RaftClientReply:client-8B023739F3BF->b50d6464-f54a-40d1-9f81-f1c19654fd05@group-1F53027F28E3, cid=464, SUCCESS, logIndex=665, commits[b50d6464-f54a-40d1-9f81-f1c19654fd05:c666]
2019-09-12 09:25:59,606 [grpc-default-executor-2] INFO  client.GrpcClientProtocolClient (GrpcClientProtocolClient.java:onNext(264)) - client-8B023739F3BF->b50d6464-f54a-40d1-9f81-f1c19654fd05: receive RaftClientReply:client-8B023739F3BF->b50d6464-f54a-40d1-9f81-f1c19654fd05@group-1F53027F28E3, cid=465, SUCCESS, logIndex=667, commits[b50d6464-f54a-40d1-9f81-f1c19654fd05:c668]
2019-09-12 09:25:59,606 [grpc-default-executor-2] INFO  client.GrpcClientProtocolClient (GrpcClientProtocolClient.java:onNext(264)) - client-8B023739F3BF->b50d6464-f54a-40d1-9f81-f1c19654fd05: receive RaftClientReply:client-8B023739F3BF->b50d6464-f54a-40d1-9f81-f1c19654fd05@group-1F53027F28E3, cid=466, SUCCESS, logIndex=668, commits[b50d6464-f54a-40d1-9f81-f1c19654fd05:c671]
2019-09-12 09:25:59,607 [grpc-default-executor-2] INFO  client.GrpcClientProtocolClient (GrpcClientProtocolClient.java:onNext(264)) - client-8B023739F3BF->b50d6464-f54a-40d1-9f81-f1c19654fd05: receive RaftClientReply:client-8B023739F3BF->b50d6464-f54a-40d1-9f81-f1c19654fd05@group-1F53027F28E3, cid=467, SUCCESS, logIndex=669, commits[b50d6464-f54a-40d1-9f81-f1c19654fd05:c671]
2019-09-12 09:25:59,607 [grpc-default-executor-2] INFO  client.GrpcClientProtocolClient (GrpcClientProtocolClient.java:onNext(264)) - client-8B023739F3BF->b50d6464-f54a-40d1-9f81-f1c19654fd05: receive RaftClientReply:client-8B023739F3BF->b50d6464-f54a-40d1-9f81-f1c19654fd05@group-1F53027F28E3, cid=468, SUCCESS, logIndex=670, commits[b50d6464-f54a-40d1-9f81-f1c19654fd05:c672]
2019-09-12 09:25:59,627 [grpc-default-executor-2] INFO  client.GrpcClientProtocolClient (GrpcClientProtocolClient.java:onNext(264)) - client-8B023739F3BF->b50d6464-f54a-40d1-9f81-f1c19654fd05: receive RaftClientReply:client-8B023739F3BF->b50d6464-f54a-40d1-9f81-f1c19654fd05@group-1F53027F28E3, cid=469, SUCCESS, logIndex=673, commits[b50d6464-f54a-40d1-9f81-f1c19654fd05:c674]
2019-09-12 09:25:59,628 [grpc-default-executor-2] INFO  client.GrpcClientProtocolClient (GrpcClientProtocolClient.java:onNext(264)) - client-8B023739F3BF->b50d6464-f54a-40d1-9f81-f1c19654fd05: receive RaftClientReply:client-8B023739F3BF->b50d6464-f54a-40d1-9f81-f1c19654fd05@group-1F53027F28E3, cid=470, SUCCESS, logIndex=674, commits[b50d6464-f54a-40d1-9f81-f1c19654fd05:c677]
2019-09-12 09:25:59,628 [grpc-default-executor-2] INFO  client.GrpcClientProtocolClient (GrpcClientProtocolClient.java:onNext(264)) - client-8B023739F3BF->b50d6464-f54a-40d1-9f81-f1c19654fd05: receive RaftClientReply:client-8B023739F3BF->b50d6464-f54a-40d1-9f81-f1c19654fd05@group-1F53027F28E3, cid=471, SUCCESS, logIndex=675, commits[b50d6464-f54a-40d1-9f81-f1c19654fd05:c677]
2019-09-12 09:25:59,628 [grpc-default-executor-2] INFO  client.GrpcClientProtocolClient (GrpcClientProtocolClient.java:onNext(264)) - client-8B023739F3BF->b50d6464-f54a-40d1-9f81-f1c19654fd05: receive RaftClientReply:client-8B023739F3BF->b50d6464-f54a-40d1-9f81-f1c19654fd05@group-1F53027F28E3, cid=472, SUCCESS, logIndex=676, commits[b50d6464-f54a-40d1-9f81-f1c19654fd05:c678]
2019-09-12 09:25:59,658 [grpc-default-executor-1] INFO  client.GrpcClientProtocolClient (GrpcClientProtocolClient.java:onNext(264)) - client-8B023739F3BF->b50d6464-f54a-40d1-9f81-f1c19654fd05: receive RaftClientReply:client-8B023739F3BF->b50d6464-f54a-40d1-9f81-f1c19654fd05@group-1F53027F28E3, cid=473, SUCCESS, logIndex=679, commits[b50d6464-f54a-40d1-9f81-f1c19654fd05:c680]
2019-09-12 09:25:59,660 [grpc-default-executor-1] INFO  client.GrpcClientProtocolClient (GrpcClientProtocolClient.java:onNext(264)) - client-8B023739F3BF->b50d6464-f54a-40d1-9f81-f1c19654fd05: receive RaftClientReply:client-8B023739F3BF->b50d6464-f54a-40d1-9f81-f1c19654fd05@group-1F53027F28E3, cid=474, SUCCESS, logIndex=680, commits[b50d6464-f54a-40d1-9f81-f1c19654fd05:c680]
2019-09-12 09:25:59,668 [SCMBlockDeletingService#1] DEBUG block.SCMBlockDeletingService (SCMBlockDeletingService.java:call(138)) - Running DeletedBlockTransactionScanner
2019-09-12 09:25:59,668 [SCMBlockDeletingService#1] DEBUG block.SCMBlockDeletingService (SCMBlockDeletingService.java:call(155)) - Scanned deleted blocks log and got 0 delTX to process.
2019-09-12 09:25:59,669 [grpc-default-executor-1] INFO  client.GrpcClientProtocolClient (GrpcClientProtocolClient.java:onNext(264)) - client-8B023739F3BF->b50d6464-f54a-40d1-9f81-f1c19654fd05: receive RaftClientReply:client-8B023739F3BF->b50d6464-f54a-40d1-9f81-f1c19654fd05@group-1F53027F28E3, cid=475, SUCCESS, logIndex=681, commits[b50d6464-f54a-40d1-9f81-f1c19654fd05:c683]
2019-09-12 09:25:59,670 [grpc-default-executor-1] INFO  client.GrpcClientProtocolClient (GrpcClientProtocolClient.java:onNext(264)) - client-8B023739F3BF->b50d6464-f54a-40d1-9f81-f1c19654fd05: receive RaftClientReply:client-8B023739F3BF->b50d6464-f54a-40d1-9f81-f1c19654fd05@group-1F53027F28E3, cid=476, SUCCESS, logIndex=682, commits[b50d6464-f54a-40d1-9f81-f1c19654fd05:c684]
2019-09-12 09:25:59,691 [grpc-default-executor-2] INFO  client.GrpcClientProtocolClient (GrpcClientProtocolClient.java:onNext(264)) - client-8B023739F3BF->b50d6464-f54a-40d1-9f81-f1c19654fd05: receive RaftClientReply:client-8B023739F3BF->b50d6464-f54a-40d1-9f81-f1c19654fd05@group-1F53027F28E3, cid=477, SUCCESS, logIndex=685, commits[b50d6464-f54a-40d1-9f81-f1c19654fd05:c686]
2019-09-12 09:25:59,691 [grpc-default-executor-2] INFO  client.GrpcClientProtocolClient (GrpcClientProtocolClient.java:onNext(264)) - client-8B023739F3BF->b50d6464-f54a-40d1-9f81-f1c19654fd05: receive RaftClientReply:client-8B023739F3BF->b50d6464-f54a-40d1-9f81-f1c19654fd05@group-1F53027F28E3, cid=478, SUCCESS, logIndex=686, commits[b50d6464-f54a-40d1-9f81-f1c19654fd05:c688]
2019-09-12 09:25:59,691 [grpc-default-executor-2] INFO  client.GrpcClientProtocolClient (GrpcClientProtocolClient.java:onNext(264)) - client-8B023739F3BF->b50d6464-f54a-40d1-9f81-f1c19654fd05: receive RaftClientReply:client-8B023739F3BF->b50d6464-f54a-40d1-9f81-f1c19654fd05@group-1F53027F28E3, cid=479, SUCCESS, logIndex=687, commits[b50d6464-f54a-40d1-9f81-f1c19654fd05:c689]
2019-09-12 09:25:59,692 [grpc-default-executor-2] INFO  client.GrpcClientProtocolClient (GrpcClientProtocolClient.java:onNext(264)) - client-8B023739F3BF->b50d6464-f54a-40d1-9f81-f1c19654fd05: receive RaftClientReply:client-8B023739F3BF->b50d6464-f54a-40d1-9f81-f1c19654fd05@group-1F53027F28E3, cid=480, SUCCESS, logIndex=688, commits[b50d6464-f54a-40d1-9f81-f1c19654fd05:c690]
2019-09-12 09:25:59,717 [grpc-default-executor-1] INFO  client.GrpcClientProtocolClient (GrpcClientProtocolClient.java:onNext(264)) - client-8B023739F3BF->b50d6464-f54a-40d1-9f81-f1c19654fd05: receive RaftClientReply:client-8B023739F3BF->b50d6464-f54a-40d1-9f81-f1c19654fd05@group-1F53027F28E3, cid=481, SUCCESS, logIndex=691, commits[b50d6464-f54a-40d1-9f81-f1c19654fd05:c694]
2019-09-12 09:25:59,718 [grpc-default-executor-1] INFO  client.GrpcClientProtocolClient (GrpcClientProtocolClient.java:onNext(264)) - client-8B023739F3BF->b50d6464-f54a-40d1-9f81-f1c19654fd05: receive RaftClientReply:client-8B023739F3BF->b50d6464-f54a-40d1-9f81-f1c19654fd05@group-1F53027F28E3, cid=482, SUCCESS, logIndex=692, commits[b50d6464-f54a-40d1-9f81-f1c19654fd05:c694]
2019-09-12 09:25:59,718 [grpc-default-executor-1] INFO  client.GrpcClientProtocolClient (GrpcClientProtocolClient.java:onNext(264)) - client-8B023739F3BF->b50d6464-f54a-40d1-9f81-f1c19654fd05: receive RaftClientReply:client-8B023739F3BF->b50d6464-f54a-40d1-9f81-f1c19654fd05@group-1F53027F28E3, cid=483, SUCCESS, logIndex=693, commits[b50d6464-f54a-40d1-9f81-f1c19654fd05:c695]
2019-09-12 09:25:59,719 [grpc-default-executor-1] INFO  client.GrpcClientProtocolClient (GrpcClientProtocolClient.java:onNext(264)) - client-8B023739F3BF->b50d6464-f54a-40d1-9f81-f1c19654fd05: receive RaftClientReply:client-8B023739F3BF->b50d6464-f54a-40d1-9f81-f1c19654fd05@group-1F53027F28E3, cid=484, SUCCESS, logIndex=694, commits[b50d6464-f54a-40d1-9f81-f1c19654fd05:c696]
2019-09-12 09:25:59,770 [SCMBlockDeletingService#1] DEBUG block.SCMBlockDeletingService (SCMBlockDeletingService.java:call(138)) - Running DeletedBlockTransactionScanner
2019-09-12 09:25:59,771 [SCMBlockDeletingService#1] DEBUG block.SCMBlockDeletingService (SCMBlockDeletingService.java:call(155)) - Scanned deleted blocks log and got 0 delTX to process.
2019-09-12 09:25:59,789 [grpc-default-executor-2] INFO  client.GrpcClientProtocolClient (GrpcClientProtocolClient.java:onNext(264)) - client-8B023739F3BF->b50d6464-f54a-40d1-9f81-f1c19654fd05: receive RaftClientReply:client-8B023739F3BF->b50d6464-f54a-40d1-9f81-f1c19654fd05@group-1F53027F28E3, cid=485, SUCCESS, logIndex=697, commits[b50d6464-f54a-40d1-9f81-f1c19654fd05:c698]
2019-09-12 09:25:59,790 [grpc-default-executor-2] INFO  client.GrpcClientProtocolClient (GrpcClientProtocolClient.java:onNext(264)) - client-8B023739F3BF->b50d6464-f54a-40d1-9f81-f1c19654fd05: receive RaftClientReply:client-8B023739F3BF->b50d6464-f54a-40d1-9f81-f1c19654fd05@group-1F53027F28E3, cid=486, SUCCESS, logIndex=698, commits[b50d6464-f54a-40d1-9f81-f1c19654fd05:c699]
2019-09-12 09:25:59,871 [SCMBlockDeletingService#0] DEBUG block.SCMBlockDeletingService (SCMBlockDeletingService.java:call(138)) - Running DeletedBlockTransactionScanner
2019-09-12 09:25:59,871 [SCMBlockDeletingService#0] DEBUG block.SCMBlockDeletingService (SCMBlockDeletingService.java:call(155)) - Scanned deleted blocks log and got 0 delTX to process.
2019-09-12 09:25:59,901 [grpc-default-executor-2] INFO  client.GrpcClientProtocolClient (GrpcClientProtocolClient.java:onNext(264)) - client-8B023739F3BF->b50d6464-f54a-40d1-9f81-f1c19654fd05: receive RaftClientReply:client-8B023739F3BF->b50d6464-f54a-40d1-9f81-f1c19654fd05@group-1F53027F28E3, cid=487, SUCCESS, logIndex=700, commits[b50d6464-f54a-40d1-9f81-f1c19654fd05:c701]
2019-09-12 09:25:59,901 [grpc-default-executor-2] INFO  client.GrpcClientProtocolClient (GrpcClientProtocolClient.java:onNext(264)) - client-8B023739F3BF->b50d6464-f54a-40d1-9f81-f1c19654fd05: receive RaftClientReply:client-8B023739F3BF->b50d6464-f54a-40d1-9f81-f1c19654fd05@group-1F53027F28E3, cid=488, SUCCESS, logIndex=701, commits[b50d6464-f54a-40d1-9f81-f1c19654fd05:c702]
2019-09-12 09:25:59,934 [grpc-default-executor-2] INFO  client.GrpcClientProtocolClient (GrpcClientProtocolClient.java:onNext(264)) - client-8B023739F3BF->b50d6464-f54a-40d1-9f81-f1c19654fd05: receive RaftClientReply:client-8B023739F3BF->b50d6464-f54a-40d1-9f81-f1c19654fd05@group-1F53027F28E3, cid=489, SUCCESS, logIndex=703, commits[b50d6464-f54a-40d1-9f81-f1c19654fd05:c706]
2019-09-12 09:25:59,935 [grpc-default-executor-2] INFO  client.GrpcClientProtocolClient (GrpcClientProtocolClient.java:onNext(264)) - client-8B023739F3BF->b50d6464-f54a-40d1-9f81-f1c19654fd05: receive RaftClientReply:client-8B023739F3BF->b50d6464-f54a-40d1-9f81-f1c19654fd05@group-1F53027F28E3, cid=490, SUCCESS, logIndex=704, commits[b50d6464-f54a-40d1-9f81-f1c19654fd05:c707]
2019-09-12 09:25:59,935 [grpc-default-executor-2] INFO  client.GrpcClientProtocolClient (GrpcClientProtocolClient.java:onNext(264)) - client-8B023739F3BF->b50d6464-f54a-40d1-9f81-f1c19654fd05: receive RaftClientReply:client-8B023739F3BF->b50d6464-f54a-40d1-9f81-f1c19654fd05@group-1F53027F28E3, cid=491, SUCCESS, logIndex=705, commits[b50d6464-f54a-40d1-9f81-f1c19654fd05:c707]
2019-09-12 09:25:59,935 [grpc-default-executor-2] INFO  client.GrpcClientProtocolClient (GrpcClientProtocolClient.java:onNext(264)) - client-8B023739F3BF->b50d6464-f54a-40d1-9f81-f1c19654fd05: receive RaftClientReply:client-8B023739F3BF->b50d6464-f54a-40d1-9f81-f1c19654fd05@group-1F53027F28E3, cid=492, SUCCESS, logIndex=706, commits[b50d6464-f54a-40d1-9f81-f1c19654fd05:c708]
2019-09-12 09:25:59,956 [grpc-default-executor-1] INFO  client.GrpcClientProtocolClient (GrpcClientProtocolClient.java:onNext(264)) - client-8B023739F3BF->b50d6464-f54a-40d1-9f81-f1c19654fd05: receive RaftClientReply:client-8B023739F3BF->b50d6464-f54a-40d1-9f81-f1c19654fd05@group-1F53027F28E3, cid=493, SUCCESS, logIndex=709, commits[b50d6464-f54a-40d1-9f81-f1c19654fd05:c710]
2019-09-12 09:25:59,956 [grpc-default-executor-1] INFO  client.GrpcClientProtocolClient (GrpcClientProtocolClient.java:onNext(264)) - client-8B023739F3BF->b50d6464-f54a-40d1-9f81-f1c19654fd05: receive RaftClientReply:client-8B023739F3BF->b50d6464-f54a-40d1-9f81-f1c19654fd05@group-1F53027F28E3, cid=494, SUCCESS, logIndex=710, commits[b50d6464-f54a-40d1-9f81-f1c19654fd05:c712]
2019-09-12 09:25:59,957 [grpc-default-executor-1] INFO  client.GrpcClientProtocolClient (GrpcClientProtocolClient.java:onNext(264)) - client-8B023739F3BF->b50d6464-f54a-40d1-9f81-f1c19654fd05: receive RaftClientReply:client-8B023739F3BF->b50d6464-f54a-40d1-9f81-f1c19654fd05@group-1F53027F28E3, cid=495, SUCCESS, logIndex=711, commits[b50d6464-f54a-40d1-9f81-f1c19654fd05:c713]
2019-09-12 09:25:59,957 [grpc-default-executor-1] INFO  client.GrpcClientProtocolClient (GrpcClientProtocolClient.java:onNext(264)) - client-8B023739F3BF->b50d6464-f54a-40d1-9f81-f1c19654fd05: receive RaftClientReply:client-8B023739F3BF->b50d6464-f54a-40d1-9f81-f1c19654fd05@group-1F53027F28E3, cid=496, SUCCESS, logIndex=712, commits[b50d6464-f54a-40d1-9f81-f1c19654fd05:c714]
2019-09-12 09:25:59,972 [SCMBlockDeletingService#0] DEBUG block.SCMBlockDeletingService (SCMBlockDeletingService.java:call(138)) - Running DeletedBlockTransactionScanner
2019-09-12 09:25:59,972 [SCMBlockDeletingService#0] DEBUG block.SCMBlockDeletingService (SCMBlockDeletingService.java:call(155)) - Scanned deleted blocks log and got 0 delTX to process.
2019-09-12 09:25:59,987 [grpc-default-executor-2] INFO  client.GrpcClientProtocolClient (GrpcClientProtocolClient.java:onNext(264)) - client-8B023739F3BF->b50d6464-f54a-40d1-9f81-f1c19654fd05: receive RaftClientReply:client-8B023739F3BF->b50d6464-f54a-40d1-9f81-f1c19654fd05@group-1F53027F28E3, cid=497, SUCCESS, logIndex=715, commits[b50d6464-f54a-40d1-9f81-f1c19654fd05:c716]
2019-09-12 09:25:59,988 [grpc-default-executor-2] INFO  client.GrpcClientProtocolClient (GrpcClientProtocolClient.java:onNext(264)) - client-8B023739F3BF->b50d6464-f54a-40d1-9f81-f1c19654fd05: receive RaftClientReply:client-8B023739F3BF->b50d6464-f54a-40d1-9f81-f1c19654fd05@group-1F53027F28E3, cid=498, SUCCESS, logIndex=716, commits[b50d6464-f54a-40d1-9f81-f1c19654fd05:c718]
2019-09-12 09:25:59,988 [grpc-default-executor-2] INFO  client.GrpcClientProtocolClient (GrpcClientProtocolClient.java:onNext(264)) - client-8B023739F3BF->b50d6464-f54a-40d1-9f81-f1c19654fd05: receive RaftClientReply:client-8B023739F3BF->b50d6464-f54a-40d1-9f81-f1c19654fd05@group-1F53027F28E3, cid=499, SUCCESS, logIndex=717, commits[b50d6464-f54a-40d1-9f81-f1c19654fd05:c718]
2019-09-12 09:25:59,988 [grpc-default-executor-2] INFO  client.GrpcClientProtocolClient (GrpcClientProtocolClient.java:onNext(264)) - client-8B023739F3BF->b50d6464-f54a-40d1-9f81-f1c19654fd05: receive RaftClientReply:client-8B023739F3BF->b50d6464-f54a-40d1-9f81-f1c19654fd05@group-1F53027F28E3, cid=500, SUCCESS, logIndex=718, commits[b50d6464-f54a-40d1-9f81-f1c19654fd05:c719]
2019-09-12 09:26:00,009 [grpc-default-executor-2] INFO  client.GrpcClientProtocolClient (GrpcClientProtocolClient.java:onNext(264)) - client-8B023739F3BF->b50d6464-f54a-40d1-9f81-f1c19654fd05: receive RaftClientReply:client-8B023739F3BF->b50d6464-f54a-40d1-9f81-f1c19654fd05@group-1F53027F28E3, cid=501, SUCCESS, logIndex=721, commits[b50d6464-f54a-40d1-9f81-f1c19654fd05:c722]
2019-09-12 09:26:00,010 [grpc-default-executor-2] INFO  client.GrpcClientProtocolClient (GrpcClientProtocolClient.java:onNext(264)) - client-8B023739F3BF->b50d6464-f54a-40d1-9f81-f1c19654fd05: receive RaftClientReply:client-8B023739F3BF->b50d6464-f54a-40d1-9f81-f1c19654fd05@group-1F53027F28E3, cid=502, SUCCESS, logIndex=722, commits[b50d6464-f54a-40d1-9f81-f1c19654fd05:c724]
2019-09-12 09:26:00,010 [grpc-default-executor-2] INFO  client.GrpcClientProtocolClient (GrpcClientProtocolClient.java:onNext(264)) - client-8B023739F3BF->b50d6464-f54a-40d1-9f81-f1c19654fd05: receive RaftClientReply:client-8B023739F3BF->b50d6464-f54a-40d1-9f81-f1c19654fd05@group-1F53027F28E3, cid=503, SUCCESS, logIndex=723, commits[b50d6464-f54a-40d1-9f81-f1c19654fd05:c724]
2019-09-12 09:26:00,011 [grpc-default-executor-2] INFO  client.GrpcClientProtocolClient (GrpcClientProtocolClient.java:onNext(264)) - client-8B023739F3BF->b50d6464-f54a-40d1-9f81-f1c19654fd05: receive RaftClientReply:client-8B023739F3BF->b50d6464-f54a-40d1-9f81-f1c19654fd05@group-1F53027F28E3, cid=504, SUCCESS, logIndex=724, commits[b50d6464-f54a-40d1-9f81-f1c19654fd05:c724]
2019-09-12 09:26:00,040 [grpc-default-executor-1] INFO  client.GrpcClientProtocolClient (GrpcClientProtocolClient.java:onNext(264)) - client-8B023739F3BF->b50d6464-f54a-40d1-9f81-f1c19654fd05: receive RaftClientReply:client-8B023739F3BF->b50d6464-f54a-40d1-9f81-f1c19654fd05@group-1F53027F28E3, cid=505, SUCCESS, logIndex=727, commits[b50d6464-f54a-40d1-9f81-f1c19654fd05:c728]
2019-09-12 09:26:00,041 [grpc-default-executor-1] INFO  client.GrpcClientProtocolClient (GrpcClientProtocolClient.java:onNext(264)) - client-8B023739F3BF->b50d6464-f54a-40d1-9f81-f1c19654fd05: receive RaftClientReply:client-8B023739F3BF->b50d6464-f54a-40d1-9f81-f1c19654fd05@group-1F53027F28E3, cid=506, SUCCESS, logIndex=728, commits[b50d6464-f54a-40d1-9f81-f1c19654fd05:c730]
2019-09-12 09:26:00,041 [grpc-default-executor-1] INFO  client.GrpcClientProtocolClient (GrpcClientProtocolClient.java:onNext(264)) - client-8B023739F3BF->b50d6464-f54a-40d1-9f81-f1c19654fd05: receive RaftClientReply:client-8B023739F3BF->b50d6464-f54a-40d1-9f81-f1c19654fd05@group-1F53027F28E3, cid=507, SUCCESS, logIndex=729, commits[b50d6464-f54a-40d1-9f81-f1c19654fd05:c731]
2019-09-12 09:26:00,042 [grpc-default-executor-1] INFO  client.GrpcClientProtocolClient (GrpcClientProtocolClient.java:onNext(264)) - client-8B023739F3BF->b50d6464-f54a-40d1-9f81-f1c19654fd05: receive RaftClientReply:client-8B023739F3BF->b50d6464-f54a-40d1-9f81-f1c19654fd05@group-1F53027F28E3, cid=508, SUCCESS, logIndex=730, commits[b50d6464-f54a-40d1-9f81-f1c19654fd05:c732]
2019-09-12 09:26:00,064 [grpc-default-executor-2] INFO  client.GrpcClientProtocolClient (GrpcClientProtocolClient.java:onNext(264)) - client-8B023739F3BF->b50d6464-f54a-40d1-9f81-f1c19654fd05: receive RaftClientReply:client-8B023739F3BF->b50d6464-f54a-40d1-9f81-f1c19654fd05@group-1F53027F28E3, cid=509, SUCCESS, logIndex=733, commits[b50d6464-f54a-40d1-9f81-f1c19654fd05:c734]
2019-09-12 09:26:00,066 [grpc-default-executor-2] INFO  client.GrpcClientProtocolClient (GrpcClientProtocolClient.java:onNext(264)) - client-8B023739F3BF->b50d6464-f54a-40d1-9f81-f1c19654fd05: receive RaftClientReply:client-8B023739F3BF->b50d6464-f54a-40d1-9f81-f1c19654fd05@group-1F53027F28E3, cid=510, SUCCESS, logIndex=734, commits[b50d6464-f54a-40d1-9f81-f1c19654fd05:c737]
2019-09-12 09:26:00,067 [grpc-default-executor-2] INFO  client.GrpcClientProtocolClient (GrpcClientProtocolClient.java:onNext(264)) - client-8B023739F3BF->b50d6464-f54a-40d1-9f81-f1c19654fd05: receive RaftClientReply:client-8B023739F3BF->b50d6464-f54a-40d1-9f81-f1c19654fd05@group-1F53027F28E3, cid=511, SUCCESS, logIndex=735, commits[b50d6464-f54a-40d1-9f81-f1c19654fd05:c738]
2019-09-12 09:26:00,068 [grpc-default-executor-2] INFO  client.GrpcClientProtocolClient (GrpcClientProtocolClient.java:onNext(264)) - client-8B023739F3BF->b50d6464-f54a-40d1-9f81-f1c19654fd05: receive RaftClientReply:client-8B023739F3BF->b50d6464-f54a-40d1-9f81-f1c19654fd05@group-1F53027F28E3, cid=512, SUCCESS, logIndex=736, commits[b50d6464-f54a-40d1-9f81-f1c19654fd05:c738]
2019-09-12 09:26:00,072 [SCMBlockDeletingService#0] DEBUG block.SCMBlockDeletingService (SCMBlockDeletingService.java:call(138)) - Running DeletedBlockTransactionScanner
2019-09-12 09:26:00,073 [SCMBlockDeletingService#0] DEBUG block.SCMBlockDeletingService (SCMBlockDeletingService.java:call(155)) - Scanned deleted blocks log and got 0 delTX to process.
2019-09-12 09:26:00,098 [grpc-default-executor-1] INFO  client.GrpcClientProtocolClient (GrpcClientProtocolClient.java:onNext(264)) - client-8B023739F3BF->b50d6464-f54a-40d1-9f81-f1c19654fd05: receive RaftClientReply:client-8B023739F3BF->b50d6464-f54a-40d1-9f81-f1c19654fd05@group-1F53027F28E3, cid=513, SUCCESS, logIndex=739, commits[b50d6464-f54a-40d1-9f81-f1c19654fd05:c740]
2019-09-12 09:26:00,099 [grpc-default-executor-1] INFO  client.GrpcClientProtocolClient (GrpcClientProtocolClient.java:onNext(264)) - client-8B023739F3BF->b50d6464-f54a-40d1-9f81-f1c19654fd05: receive RaftClientReply:client-8B023739F3BF->b50d6464-f54a-40d1-9f81-f1c19654fd05@group-1F53027F28E3, cid=514, SUCCESS, logIndex=740, commits[b50d6464-f54a-40d1-9f81-f1c19654fd05:c743]
2019-09-12 09:26:00,100 [grpc-default-executor-1] INFO  client.GrpcClientProtocolClient (GrpcClientProtocolClient.java:onNext(264)) - client-8B023739F3BF->b50d6464-f54a-40d1-9f81-f1c19654fd05: receive RaftClientReply:client-8B023739F3BF->b50d6464-f54a-40d1-9f81-f1c19654fd05@group-1F53027F28E3, cid=515, SUCCESS, logIndex=741, commits[b50d6464-f54a-40d1-9f81-f1c19654fd05:c744]
2019-09-12 09:26:00,100 [grpc-default-executor-1] INFO  client.GrpcClientProtocolClient (GrpcClientProtocolClient.java:onNext(264)) - client-8B023739F3BF->b50d6464-f54a-40d1-9f81-f1c19654fd05: receive RaftClientReply:client-8B023739F3BF->b50d6464-f54a-40d1-9f81-f1c19654fd05@group-1F53027F28E3, cid=516, SUCCESS, logIndex=742, commits[b50d6464-f54a-40d1-9f81-f1c19654fd05:c744]
2019-09-12 09:26:00,119 [grpc-default-executor-2] INFO  client.GrpcClientProtocolClient (GrpcClientProtocolClient.java:onNext(264)) - client-8B023739F3BF->b50d6464-f54a-40d1-9f81-f1c19654fd05: receive RaftClientReply:client-8B023739F3BF->b50d6464-f54a-40d1-9f81-f1c19654fd05@group-1F53027F28E3, cid=517, SUCCESS, logIndex=745, commits[b50d6464-f54a-40d1-9f81-f1c19654fd05:c748]
2019-09-12 09:26:00,119 [grpc-default-executor-2] INFO  client.GrpcClientProtocolClient (GrpcClientProtocolClient.java:onNext(264)) - client-8B023739F3BF->b50d6464-f54a-40d1-9f81-f1c19654fd05: receive RaftClientReply:client-8B023739F3BF->b50d6464-f54a-40d1-9f81-f1c19654fd05@group-1F53027F28E3, cid=518, SUCCESS, logIndex=746, commits[b50d6464-f54a-40d1-9f81-f1c19654fd05:c749]
2019-09-12 09:26:00,120 [grpc-default-executor-2] INFO  client.GrpcClientProtocolClient (GrpcClientProtocolClient.java:onNext(264)) - client-8B023739F3BF->b50d6464-f54a-40d1-9f81-f1c19654fd05: receive RaftClientReply:client-8B023739F3BF->b50d6464-f54a-40d1-9f81-f1c19654fd05@group-1F53027F28E3, cid=519, SUCCESS, logIndex=747, commits[b50d6464-f54a-40d1-9f81-f1c19654fd05:c749]
2019-09-12 09:26:00,120 [grpc-default-executor-2] INFO  client.GrpcClientProtocolClient (GrpcClientProtocolClient.java:onNext(264)) - client-8B023739F3BF->b50d6464-f54a-40d1-9f81-f1c19654fd05: receive RaftClientReply:client-8B023739F3BF->b50d6464-f54a-40d1-9f81-f1c19654fd05@group-1F53027F28E3, cid=520, SUCCESS, logIndex=748, commits[b50d6464-f54a-40d1-9f81-f1c19654fd05:c750]
2019-09-12 09:26:00,146 [grpc-default-executor-2] INFO  client.GrpcClientProtocolClient (GrpcClientProtocolClient.java:onNext(264)) - client-8B023739F3BF->b50d6464-f54a-40d1-9f81-f1c19654fd05: receive RaftClientReply:client-8B023739F3BF->b50d6464-f54a-40d1-9f81-f1c19654fd05@group-1F53027F28E3, cid=521, SUCCESS, logIndex=751, commits[b50d6464-f54a-40d1-9f81-f1c19654fd05:c752]
2019-09-12 09:26:00,147 [grpc-default-executor-2] INFO  client.GrpcClientProtocolClient (GrpcClientProtocolClient.java:onNext(264)) - client-8B023739F3BF->b50d6464-f54a-40d1-9f81-f1c19654fd05: receive RaftClientReply:client-8B023739F3BF->b50d6464-f54a-40d1-9f81-f1c19654fd05@group-1F53027F28E3, cid=522, SUCCESS, logIndex=752, commits[b50d6464-f54a-40d1-9f81-f1c19654fd05:c755]
2019-09-12 09:26:00,147 [grpc-default-executor-2] INFO  client.GrpcClientProtocolClient (GrpcClientProtocolClient.java:onNext(264)) - client-8B023739F3BF->b50d6464-f54a-40d1-9f81-f1c19654fd05: receive RaftClientReply:client-8B023739F3BF->b50d6464-f54a-40d1-9f81-f1c19654fd05@group-1F53027F28E3, cid=523, SUCCESS, logIndex=753, commits[b50d6464-f54a-40d1-9f81-f1c19654fd05:c756]
2019-09-12 09:26:00,148 [grpc-default-executor-2] INFO  client.GrpcClientProtocolClient (GrpcClientProtocolClient.java:onNext(264)) - client-8B023739F3BF->b50d6464-f54a-40d1-9f81-f1c19654fd05: receive RaftClientReply:client-8B023739F3BF->b50d6464-f54a-40d1-9f81-f1c19654fd05@group-1F53027F28E3, cid=524, SUCCESS, logIndex=754, commits[b50d6464-f54a-40d1-9f81-f1c19654fd05:c756]
2019-09-12 09:26:00,170 [grpc-default-executor-1] INFO  client.GrpcClientProtocolClient (GrpcClientProtocolClient.java:onNext(264)) - client-8B023739F3BF->b50d6464-f54a-40d1-9f81-f1c19654fd05: receive RaftClientReply:client-8B023739F3BF->b50d6464-f54a-40d1-9f81-f1c19654fd05@group-1F53027F28E3, cid=525, SUCCESS, logIndex=757, commits[b50d6464-f54a-40d1-9f81-f1c19654fd05:c761]
2019-09-12 09:26:00,171 [grpc-default-executor-1] INFO  client.GrpcClientProtocolClient (GrpcClientProtocolClient.java:onNext(264)) - client-8B023739F3BF->b50d6464-f54a-40d1-9f81-f1c19654fd05: receive RaftClientReply:client-8B023739F3BF->b50d6464-f54a-40d1-9f81-f1c19654fd05@group-1F53027F28E3, cid=526, SUCCESS, logIndex=758, commits[b50d6464-f54a-40d1-9f81-f1c19654fd05:c761]
2019-09-12 09:26:00,173 [grpc-default-executor-1] INFO  client.GrpcClientProtocolClient (GrpcClientProtocolClient.java:onNext(264)) - client-8B023739F3BF->b50d6464-f54a-40d1-9f81-f1c19654fd05: receive RaftClientReply:client-8B023739F3BF->b50d6464-f54a-40d1-9f81-f1c19654fd05@group-1F53027F28E3, cid=527, SUCCESS, logIndex=759, commits[b50d6464-f54a-40d1-9f81-f1c19654fd05:c761]
2019-09-12 09:26:00,173 [SCMBlockDeletingService#0] DEBUG block.SCMBlockDeletingService (SCMBlockDeletingService.java:call(138)) - Running DeletedBlockTransactionScanner
2019-09-12 09:26:00,173 [SCMBlockDeletingService#0] DEBUG block.SCMBlockDeletingService (SCMBlockDeletingService.java:call(155)) - Scanned deleted blocks log and got 0 delTX to process.
2019-09-12 09:26:00,173 [grpc-default-executor-1] INFO  client.GrpcClientProtocolClient (GrpcClientProtocolClient.java:onNext(264)) - client-8B023739F3BF->b50d6464-f54a-40d1-9f81-f1c19654fd05: receive RaftClientReply:client-8B023739F3BF->b50d6464-f54a-40d1-9f81-f1c19654fd05@group-1F53027F28E3, cid=528, SUCCESS, logIndex=760, commits[b50d6464-f54a-40d1-9f81-f1c19654fd05:c761]
2019-09-12 09:26:00,213 [grpc-default-executor-2] INFO  client.GrpcClientProtocolClient (GrpcClientProtocolClient.java:onNext(264)) - client-8B023739F3BF->b50d6464-f54a-40d1-9f81-f1c19654fd05: receive RaftClientReply:client-8B023739F3BF->b50d6464-f54a-40d1-9f81-f1c19654fd05@group-1F53027F28E3, cid=529, SUCCESS, logIndex=762, commits[b50d6464-f54a-40d1-9f81-f1c19654fd05:c763]
2019-09-12 09:26:00,214 [grpc-default-executor-2] INFO  client.GrpcClientProtocolClient (GrpcClientProtocolClient.java:onNext(264)) - client-8B023739F3BF->b50d6464-f54a-40d1-9f81-f1c19654fd05: receive RaftClientReply:client-8B023739F3BF->b50d6464-f54a-40d1-9f81-f1c19654fd05@group-1F53027F28E3, cid=530, SUCCESS, logIndex=763, commits[b50d6464-f54a-40d1-9f81-f1c19654fd05:c763]
2019-09-12 09:26:00,274 [SCMBlockDeletingService#0] DEBUG block.SCMBlockDeletingService (SCMBlockDeletingService.java:call(138)) - Running DeletedBlockTransactionScanner
2019-09-12 09:26:00,274 [SCMBlockDeletingService#0] DEBUG block.SCMBlockDeletingService (SCMBlockDeletingService.java:call(155)) - Scanned deleted blocks log and got 0 delTX to process.
2019-09-12 09:26:00,300 [grpc-default-executor-2] INFO  client.GrpcClientProtocolClient (GrpcClientProtocolClient.java:onNext(264)) - client-8B023739F3BF->b50d6464-f54a-40d1-9f81-f1c19654fd05: receive RaftClientReply:client-8B023739F3BF->b50d6464-f54a-40d1-9f81-f1c19654fd05@group-1F53027F28E3, cid=531, SUCCESS, logIndex=765, commits[b50d6464-f54a-40d1-9f81-f1c19654fd05:c766]
2019-09-12 09:26:00,300 [grpc-default-executor-2] INFO  client.GrpcClientProtocolClient (GrpcClientProtocolClient.java:onNext(264)) - client-8B023739F3BF->b50d6464-f54a-40d1-9f81-f1c19654fd05: receive RaftClientReply:client-8B023739F3BF->b50d6464-f54a-40d1-9f81-f1c19654fd05@group-1F53027F28E3, cid=532, SUCCESS, logIndex=766, commits[b50d6464-f54a-40d1-9f81-f1c19654fd05:c766]
2019-09-12 09:26:00,328 [grpc-default-executor-1] INFO  client.GrpcClientProtocolClient (GrpcClientProtocolClient.java:onNext(264)) - client-8B023739F3BF->b50d6464-f54a-40d1-9f81-f1c19654fd05: receive RaftClientReply:client-8B023739F3BF->b50d6464-f54a-40d1-9f81-f1c19654fd05@group-1F53027F28E3, cid=533, SUCCESS, logIndex=768, commits[b50d6464-f54a-40d1-9f81-f1c19654fd05:c771]
2019-09-12 09:26:00,329 [grpc-default-executor-1] INFO  client.GrpcClientProtocolClient (GrpcClientProtocolClient.java:onNext(264)) - client-8B023739F3BF->b50d6464-f54a-40d1-9f81-f1c19654fd05: receive RaftClientReply:client-8B023739F3BF->b50d6464-f54a-40d1-9f81-f1c19654fd05@group-1F53027F28E3, cid=534, SUCCESS, logIndex=769, commits[b50d6464-f54a-40d1-9f81-f1c19654fd05:c771]
2019-09-12 09:26:00,329 [grpc-default-executor-1] INFO  client.GrpcClientProtocolClient (GrpcClientProtocolClient.java:onNext(264)) - client-8B023739F3BF->b50d6464-f54a-40d1-9f81-f1c19654fd05: receive RaftClientReply:client-8B023739F3BF->b50d6464-f54a-40d1-9f81-f1c19654fd05@group-1F53027F28E3, cid=535, SUCCESS, logIndex=770, commits[b50d6464-f54a-40d1-9f81-f1c19654fd05:c771]
2019-09-12 09:26:00,329 [grpc-default-executor-1] INFO  client.GrpcClientProtocolClient (GrpcClientProtocolClient.java:onNext(264)) - client-8B023739F3BF->b50d6464-f54a-40d1-9f81-f1c19654fd05: receive RaftClientReply:client-8B023739F3BF->b50d6464-f54a-40d1-9f81-f1c19654fd05@group-1F53027F28E3, cid=536, SUCCESS, logIndex=771, commits[b50d6464-f54a-40d1-9f81-f1c19654fd05:c771]
2019-09-12 09:26:00,359 [grpc-default-executor-1] INFO  client.GrpcClientProtocolClient (GrpcClientProtocolClient.java:onNext(264)) - client-8B023739F3BF->b50d6464-f54a-40d1-9f81-f1c19654fd05: receive RaftClientReply:client-8B023739F3BF->b50d6464-f54a-40d1-9f81-f1c19654fd05@group-1F53027F28E3, cid=537, SUCCESS, logIndex=773, commits[b50d6464-f54a-40d1-9f81-f1c19654fd05:c776]
2019-09-12 09:26:00,360 [grpc-default-executor-1] INFO  client.GrpcClientProtocolClient (GrpcClientProtocolClient.java:onNext(264)) - client-8B023739F3BF->b50d6464-f54a-40d1-9f81-f1c19654fd05: receive RaftClientReply:client-8B023739F3BF->b50d6464-f54a-40d1-9f81-f1c19654fd05@group-1F53027F28E3, cid=538, SUCCESS, logIndex=774, commits[b50d6464-f54a-40d1-9f81-f1c19654fd05:c777]
2019-09-12 09:26:00,360 [grpc-default-executor-1] INFO  client.GrpcClientProtocolClient (GrpcClientProtocolClient.java:onNext(264)) - client-8B023739F3BF->b50d6464-f54a-40d1-9f81-f1c19654fd05: receive RaftClientReply:client-8B023739F3BF->b50d6464-f54a-40d1-9f81-f1c19654fd05@group-1F53027F28E3, cid=539, SUCCESS, logIndex=775, commits[b50d6464-f54a-40d1-9f81-f1c19654fd05:c777]
2019-09-12 09:26:00,360 [grpc-default-executor-2] INFO  client.GrpcClientProtocolClient (GrpcClientProtocolClient.java:onNext(264)) - client-8B023739F3BF->b50d6464-f54a-40d1-9f81-f1c19654fd05: receive RaftClientReply:client-8B023739F3BF->b50d6464-f54a-40d1-9f81-f1c19654fd05@group-1F53027F28E3, cid=540, SUCCESS, logIndex=776, commits[b50d6464-f54a-40d1-9f81-f1c19654fd05:c777]
2019-09-12 09:26:00,374 [SCMBlockDeletingService#1] DEBUG block.SCMBlockDeletingService (SCMBlockDeletingService.java:call(138)) - Running DeletedBlockTransactionScanner
2019-09-12 09:26:00,375 [SCMBlockDeletingService#1] DEBUG block.SCMBlockDeletingService (SCMBlockDeletingService.java:call(155)) - Scanned deleted blocks log and got 0 delTX to process.
2019-09-12 09:26:00,381 [grpc-default-executor-2] INFO  client.GrpcClientProtocolClient (GrpcClientProtocolClient.java:onNext(264)) - client-8B023739F3BF->b50d6464-f54a-40d1-9f81-f1c19654fd05: receive RaftClientReply:client-8B023739F3BF->b50d6464-f54a-40d1-9f81-f1c19654fd05@group-1F53027F28E3, cid=541, SUCCESS, logIndex=778, commits[b50d6464-f54a-40d1-9f81-f1c19654fd05:c781]
2019-09-12 09:26:00,382 [grpc-default-executor-2] INFO  client.GrpcClientProtocolClient (GrpcClientProtocolClient.java:onNext(264)) - client-8B023739F3BF->b50d6464-f54a-40d1-9f81-f1c19654fd05: receive RaftClientReply:client-8B023739F3BF->b50d6464-f54a-40d1-9f81-f1c19654fd05@group-1F53027F28E3, cid=542, SUCCESS, logIndex=779, commits[b50d6464-f54a-40d1-9f81-f1c19654fd05:c782]
2019-09-12 09:26:00,382 [grpc-default-executor-2] INFO  client.GrpcClientProtocolClient (GrpcClientProtocolClient.java:onNext(264)) - client-8B023739F3BF->b50d6464-f54a-40d1-9f81-f1c19654fd05: receive RaftClientReply:client-8B023739F3BF->b50d6464-f54a-40d1-9f81-f1c19654fd05@group-1F53027F28E3, cid=543, SUCCESS, logIndex=780, commits[b50d6464-f54a-40d1-9f81-f1c19654fd05:c782]
2019-09-12 09:26:00,382 [grpc-default-executor-2] INFO  client.GrpcClientProtocolClient (GrpcClientProtocolClient.java:onNext(264)) - client-8B023739F3BF->b50d6464-f54a-40d1-9f81-f1c19654fd05: receive RaftClientReply:client-8B023739F3BF->b50d6464-f54a-40d1-9f81-f1c19654fd05@group-1F53027F28E3, cid=544, SUCCESS, logIndex=781, commits[b50d6464-f54a-40d1-9f81-f1c19654fd05:c782]
2019-09-12 09:26:00,465 [grpc-default-executor-2] INFO  client.GrpcClientProtocolClient (GrpcClientProtocolClient.java:onNext(264)) - client-8B023739F3BF->b50d6464-f54a-40d1-9f81-f1c19654fd05: receive RaftClientReply:client-8B023739F3BF->b50d6464-f54a-40d1-9f81-f1c19654fd05@group-1F53027F28E3, cid=545, SUCCESS, logIndex=783, commits[b50d6464-f54a-40d1-9f81-f1c19654fd05:c784]
2019-09-12 09:26:00,466 [grpc-default-executor-2] INFO  client.GrpcClientProtocolClient (GrpcClientProtocolClient.java:onNext(264)) - client-8B023739F3BF->b50d6464-f54a-40d1-9f81-f1c19654fd05: receive RaftClientReply:client-8B023739F3BF->b50d6464-f54a-40d1-9f81-f1c19654fd05@group-1F53027F28E3, cid=546, SUCCESS, logIndex=784, commits[b50d6464-f54a-40d1-9f81-f1c19654fd05:c784]
2019-09-12 09:26:00,466 [grpc-default-executor-2] INFO  client.GrpcClientProtocolClient (GrpcClientProtocolClient.java:onNext(264)) - client-8B023739F3BF->b50d6464-f54a-40d1-9f81-f1c19654fd05: receive RaftClientReply:client-8B023739F3BF->b50d6464-f54a-40d1-9f81-f1c19654fd05@group-1F53027F28E3, cid=547, SUCCESS, logIndex=785, commits[b50d6464-f54a-40d1-9f81-f1c19654fd05:c786]
2019-09-12 09:26:00,467 [grpc-default-executor-2] INFO  client.GrpcClientProtocolClient (GrpcClientProtocolClient.java:onNext(264)) - client-8B023739F3BF->b50d6464-f54a-40d1-9f81-f1c19654fd05: receive RaftClientReply:client-8B023739F3BF->b50d6464-f54a-40d1-9f81-f1c19654fd05@group-1F53027F28E3, cid=548, SUCCESS, logIndex=786, commits[b50d6464-f54a-40d1-9f81-f1c19654fd05:c787]
2019-09-12 09:26:00,475 [SCMBlockDeletingService#1] DEBUG block.SCMBlockDeletingService (SCMBlockDeletingService.java:call(138)) - Running DeletedBlockTransactionScanner
2019-09-12 09:26:00,481 [SCMBlockDeletingService#1] DEBUG block.SCMBlockDeletingService (SCMBlockDeletingService.java:call(155)) - Scanned deleted blocks log and got 0 delTX to process.
2019-09-12 09:26:00,486 [grpc-default-executor-1] INFO  client.GrpcClientProtocolClient (GrpcClientProtocolClient.java:onNext(264)) - client-8B023739F3BF->b50d6464-f54a-40d1-9f81-f1c19654fd05: receive RaftClientReply:client-8B023739F3BF->b50d6464-f54a-40d1-9f81-f1c19654fd05@group-1F53027F28E3, cid=549, SUCCESS, logIndex=789, commits[b50d6464-f54a-40d1-9f81-f1c19654fd05:c792]
2019-09-12 09:26:00,487 [grpc-default-executor-1] INFO  client.GrpcClientProtocolClient (GrpcClientProtocolClient.java:onNext(264)) - client-8B023739F3BF->b50d6464-f54a-40d1-9f81-f1c19654fd05: receive RaftClientReply:client-8B023739F3BF->b50d6464-f54a-40d1-9f81-f1c19654fd05@group-1F53027F28E3, cid=550, SUCCESS, logIndex=790, commits[b50d6464-f54a-40d1-9f81-f1c19654fd05:c793]
2019-09-12 09:26:00,487 [grpc-default-executor-1] INFO  client.GrpcClientProtocolClient (GrpcClientProtocolClient.java:onNext(264)) - client-8B023739F3BF->b50d6464-f54a-40d1-9f81-f1c19654fd05: receive RaftClientReply:client-8B023739F3BF->b50d6464-f54a-40d1-9f81-f1c19654fd05@group-1F53027F28E3, cid=551, SUCCESS, logIndex=791, commits[b50d6464-f54a-40d1-9f81-f1c19654fd05:c793]
2019-09-12 09:26:00,488 [grpc-default-executor-1] INFO  client.GrpcClientProtocolClient (GrpcClientProtocolClient.java:onNext(264)) - client-8B023739F3BF->b50d6464-f54a-40d1-9f81-f1c19654fd05: receive RaftClientReply:client-8B023739F3BF->b50d6464-f54a-40d1-9f81-f1c19654fd05@group-1F53027F28E3, cid=552, SUCCESS, logIndex=792, commits[b50d6464-f54a-40d1-9f81-f1c19654fd05:c794]
2019-09-12 09:26:00,526 [grpc-default-executor-1] INFO  client.GrpcClientProtocolClient (GrpcClientProtocolClient.java:onNext(264)) - client-8B023739F3BF->b50d6464-f54a-40d1-9f81-f1c19654fd05: receive RaftClientReply:client-8B023739F3BF->b50d6464-f54a-40d1-9f81-f1c19654fd05@group-1F53027F28E3, cid=553, SUCCESS, logIndex=795, commits[b50d6464-f54a-40d1-9f81-f1c19654fd05:c798]
2019-09-12 09:26:00,527 [grpc-default-executor-1] INFO  client.GrpcClientProtocolClient (GrpcClientProtocolClient.java:onNext(264)) - client-8B023739F3BF->b50d6464-f54a-40d1-9f81-f1c19654fd05: receive RaftClientReply:client-8B023739F3BF->b50d6464-f54a-40d1-9f81-f1c19654fd05@group-1F53027F28E3, cid=554, SUCCESS, logIndex=796, commits[b50d6464-f54a-40d1-9f81-f1c19654fd05:c799]
2019-09-12 09:26:00,527 [grpc-default-executor-1] INFO  client.GrpcClientProtocolClient (GrpcClientProtocolClient.java:onNext(264)) - client-8B023739F3BF->b50d6464-f54a-40d1-9f81-f1c19654fd05: receive RaftClientReply:client-8B023739F3BF->b50d6464-f54a-40d1-9f81-f1c19654fd05@group-1F53027F28E3, cid=555, SUCCESS, logIndex=797, commits[b50d6464-f54a-40d1-9f81-f1c19654fd05:c799]
2019-09-12 09:26:00,527 [grpc-default-executor-1] INFO  client.GrpcClientProtocolClient (GrpcClientProtocolClient.java:onNext(264)) - client-8B023739F3BF->b50d6464-f54a-40d1-9f81-f1c19654fd05: receive RaftClientReply:client-8B023739F3BF->b50d6464-f54a-40d1-9f81-f1c19654fd05@group-1F53027F28E3, cid=556, SUCCESS, logIndex=798, commits[b50d6464-f54a-40d1-9f81-f1c19654fd05:c799]
2019-09-12 09:26:00,548 [grpc-default-executor-1] INFO  client.GrpcClientProtocolClient (GrpcClientProtocolClient.java:onNext(264)) - client-8B023739F3BF->b50d6464-f54a-40d1-9f81-f1c19654fd05: receive RaftClientReply:client-8B023739F3BF->b50d6464-f54a-40d1-9f81-f1c19654fd05@group-1F53027F28E3, cid=557, SUCCESS, logIndex=800, commits[b50d6464-f54a-40d1-9f81-f1c19654fd05:c801]
2019-09-12 09:26:00,549 [grpc-default-executor-1] INFO  client.GrpcClientProtocolClient (GrpcClientProtocolClient.java:onNext(264)) - client-8B023739F3BF->b50d6464-f54a-40d1-9f81-f1c19654fd05: receive RaftClientReply:client-8B023739F3BF->b50d6464-f54a-40d1-9f81-f1c19654fd05@group-1F53027F28E3, cid=558, SUCCESS, logIndex=801, commits[b50d6464-f54a-40d1-9f81-f1c19654fd05:c803]
2019-09-12 09:26:00,549 [grpc-default-executor-1] INFO  client.GrpcClientProtocolClient (GrpcClientProtocolClient.java:onNext(264)) - client-8B023739F3BF->b50d6464-f54a-40d1-9f81-f1c19654fd05: receive RaftClientReply:client-8B023739F3BF->b50d6464-f54a-40d1-9f81-f1c19654fd05@group-1F53027F28E3, cid=559, SUCCESS, logIndex=802, commits[b50d6464-f54a-40d1-9f81-f1c19654fd05:c803]
2019-09-12 09:26:00,549 [grpc-default-executor-1] INFO  client.GrpcClientProtocolClient (GrpcClientProtocolClient.java:onNext(264)) - client-8B023739F3BF->b50d6464-f54a-40d1-9f81-f1c19654fd05: receive RaftClientReply:client-8B023739F3BF->b50d6464-f54a-40d1-9f81-f1c19654fd05@group-1F53027F28E3, cid=560, SUCCESS, logIndex=803, commits[b50d6464-f54a-40d1-9f81-f1c19654fd05:c804]
2019-09-12 09:26:00,576 [grpc-default-executor-2] INFO  client.GrpcClientProtocolClient (GrpcClientProtocolClient.java:onNext(264)) - client-8B023739F3BF->b50d6464-f54a-40d1-9f81-f1c19654fd05: receive RaftClientReply:client-8B023739F3BF->b50d6464-f54a-40d1-9f81-f1c19654fd05@group-1F53027F28E3, cid=561, SUCCESS, logIndex=806, commits[b50d6464-f54a-40d1-9f81-f1c19654fd05:c807]
2019-09-12 09:26:00,577 [grpc-default-executor-2] INFO  client.GrpcClientProtocolClient (GrpcClientProtocolClient.java:onNext(264)) - client-8B023739F3BF->b50d6464-f54a-40d1-9f81-f1c19654fd05: receive RaftClientReply:client-8B023739F3BF->b50d6464-f54a-40d1-9f81-f1c19654fd05@group-1F53027F28E3, cid=562, SUCCESS, logIndex=807, commits[b50d6464-f54a-40d1-9f81-f1c19654fd05:c809]
2019-09-12 09:26:00,577 [grpc-default-executor-2] INFO  client.GrpcClientProtocolClient (GrpcClientProtocolClient.java:onNext(264)) - client-8B023739F3BF->b50d6464-f54a-40d1-9f81-f1c19654fd05: receive RaftClientReply:client-8B023739F3BF->b50d6464-f54a-40d1-9f81-f1c19654fd05@group-1F53027F28E3, cid=563, SUCCESS, logIndex=808, commits[b50d6464-f54a-40d1-9f81-f1c19654fd05:c810]
2019-09-12 09:26:00,578 [grpc-default-executor-2] INFO  client.GrpcClientProtocolClient (GrpcClientProtocolClient.java:onNext(264)) - client-8B023739F3BF->b50d6464-f54a-40d1-9f81-f1c19654fd05: receive RaftClientReply:client-8B023739F3BF->b50d6464-f54a-40d1-9f81-f1c19654fd05@group-1F53027F28E3, cid=564, SUCCESS, logIndex=809, commits[b50d6464-f54a-40d1-9f81-f1c19654fd05:c810]
2019-09-12 09:26:00,582 [SCMBlockDeletingService#1] DEBUG block.SCMBlockDeletingService (SCMBlockDeletingService.java:call(138)) - Running DeletedBlockTransactionScanner
2019-09-12 09:26:00,582 [SCMBlockDeletingService#1] DEBUG block.SCMBlockDeletingService (SCMBlockDeletingService.java:call(155)) - Scanned deleted blocks log and got 0 delTX to process.
2019-09-12 09:26:00,598 [grpc-default-executor-2] INFO  client.GrpcClientProtocolClient (GrpcClientProtocolClient.java:onNext(264)) - client-8B023739F3BF->b50d6464-f54a-40d1-9f81-f1c19654fd05: receive RaftClientReply:client-8B023739F3BF->b50d6464-f54a-40d1-9f81-f1c19654fd05@group-1F53027F28E3, cid=565, SUCCESS, logIndex=812, commits[b50d6464-f54a-40d1-9f81-f1c19654fd05:c813]
2019-09-12 09:26:00,598 [grpc-default-executor-2] INFO  client.GrpcClientProtocolClient (GrpcClientProtocolClient.java:onNext(264)) - client-8B023739F3BF->b50d6464-f54a-40d1-9f81-f1c19654fd05: receive RaftClientReply:client-8B023739F3BF->b50d6464-f54a-40d1-9f81-f1c19654fd05@group-1F53027F28E3, cid=566, SUCCESS, logIndex=813, commits[b50d6464-f54a-40d1-9f81-f1c19654fd05:c815]
2019-09-12 09:26:00,599 [grpc-default-executor-2] INFO  client.GrpcClientProtocolClient (GrpcClientProtocolClient.java:onNext(264)) - client-8B023739F3BF->b50d6464-f54a-40d1-9f81-f1c19654fd05: receive RaftClientReply:client-8B023739F3BF->b50d6464-f54a-40d1-9f81-f1c19654fd05@group-1F53027F28E3, cid=567, SUCCESS, logIndex=814, commits[b50d6464-f54a-40d1-9f81-f1c19654fd05:c816]
2019-09-12 09:26:00,599 [grpc-default-executor-2] INFO  client.GrpcClientProtocolClient (GrpcClientProtocolClient.java:onNext(264)) - client-8B023739F3BF->b50d6464-f54a-40d1-9f81-f1c19654fd05: receive RaftClientReply:client-8B023739F3BF->b50d6464-f54a-40d1-9f81-f1c19654fd05@group-1F53027F28E3, cid=568, SUCCESS, logIndex=815, commits[b50d6464-f54a-40d1-9f81-f1c19654fd05:c816]
2019-09-12 09:26:00,638 [grpc-default-executor-1] INFO  client.GrpcClientProtocolClient (GrpcClientProtocolClient.java:onNext(264)) - client-8B023739F3BF->b50d6464-f54a-40d1-9f81-f1c19654fd05: receive RaftClientReply:client-8B023739F3BF->b50d6464-f54a-40d1-9f81-f1c19654fd05@group-1F53027F28E3, cid=569, SUCCESS, logIndex=818, commits[b50d6464-f54a-40d1-9f81-f1c19654fd05:c821]
2019-09-12 09:26:00,639 [grpc-default-executor-1] INFO  client.GrpcClientProtocolClient (GrpcClientProtocolClient.java:onNext(264)) - client-8B023739F3BF->b50d6464-f54a-40d1-9f81-f1c19654fd05: receive RaftClientReply:client-8B023739F3BF->b50d6464-f54a-40d1-9f81-f1c19654fd05@group-1F53027F28E3, cid=570, SUCCESS, logIndex=819, commits[b50d6464-f54a-40d1-9f81-f1c19654fd05:c821]
2019-09-12 09:26:00,639 [grpc-default-executor-1] INFO  client.GrpcClientProtocolClient (GrpcClientProtocolClient.java:onNext(264)) - client-8B023739F3BF->b50d6464-f54a-40d1-9f81-f1c19654fd05: receive RaftClientReply:client-8B023739F3BF->b50d6464-f54a-40d1-9f81-f1c19654fd05@group-1F53027F28E3, cid=571, SUCCESS, logIndex=820, commits[b50d6464-f54a-40d1-9f81-f1c19654fd05:c822]
2019-09-12 09:26:00,639 [grpc-default-executor-1] INFO  client.GrpcClientProtocolClient (GrpcClientProtocolClient.java:onNext(264)) - client-8B023739F3BF->b50d6464-f54a-40d1-9f81-f1c19654fd05: receive RaftClientReply:client-8B023739F3BF->b50d6464-f54a-40d1-9f81-f1c19654fd05@group-1F53027F28E3, cid=572, SUCCESS, logIndex=821, commits[b50d6464-f54a-40d1-9f81-f1c19654fd05:c822]
2019-09-12 09:26:00,660 [grpc-default-executor-2] INFO  client.GrpcClientProtocolClient (GrpcClientProtocolClient.java:onNext(264)) - client-8B023739F3BF->b50d6464-f54a-40d1-9f81-f1c19654fd05: receive RaftClientReply:client-8B023739F3BF->b50d6464-f54a-40d1-9f81-f1c19654fd05@group-1F53027F28E3, cid=573, SUCCESS, logIndex=823, commits[b50d6464-f54a-40d1-9f81-f1c19654fd05:c824]
2019-09-12 09:26:00,660 [grpc-default-executor-2] INFO  client.GrpcClientProtocolClient (GrpcClientProtocolClient.java:onNext(264)) - client-8B023739F3BF->b50d6464-f54a-40d1-9f81-f1c19654fd05: receive RaftClientReply:client-8B023739F3BF->b50d6464-f54a-40d1-9f81-f1c19654fd05@group-1F53027F28E3, cid=574, SUCCESS, logIndex=824, commits[b50d6464-f54a-40d1-9f81-f1c19654fd05:c824]
2019-09-12 09:26:00,683 [SCMBlockDeletingService#1] DEBUG block.SCMBlockDeletingService (SCMBlockDeletingService.java:call(138)) - Running DeletedBlockTransactionScanner
2019-09-12 09:26:00,683 [SCMBlockDeletingService#1] DEBUG block.SCMBlockDeletingService (SCMBlockDeletingService.java:call(155)) - Scanned deleted blocks log and got 0 delTX to process.
2019-09-12 09:26:00,764 [grpc-default-executor-1] INFO  client.GrpcClientProtocolClient (GrpcClientProtocolClient.java:onNext(264)) - client-8B023739F3BF->b50d6464-f54a-40d1-9f81-f1c19654fd05: receive RaftClientReply:client-8B023739F3BF->b50d6464-f54a-40d1-9f81-f1c19654fd05@group-1F53027F28E3, cid=575, SUCCESS, logIndex=826, commits[b50d6464-f54a-40d1-9f81-f1c19654fd05:c827]
2019-09-12 09:26:00,764 [grpc-default-executor-1] INFO  client.GrpcClientProtocolClient (GrpcClientProtocolClient.java:onNext(264)) - client-8B023739F3BF->b50d6464-f54a-40d1-9f81-f1c19654fd05: receive RaftClientReply:client-8B023739F3BF->b50d6464-f54a-40d1-9f81-f1c19654fd05@group-1F53027F28E3, cid=576, SUCCESS, logIndex=827, commits[b50d6464-f54a-40d1-9f81-f1c19654fd05:c827]
2019-09-12 09:26:00,783 [SCMBlockDeletingService#1] DEBUG block.SCMBlockDeletingService (SCMBlockDeletingService.java:call(138)) - Running DeletedBlockTransactionScanner
2019-09-12 09:26:00,783 [SCMBlockDeletingService#1] DEBUG block.SCMBlockDeletingService (SCMBlockDeletingService.java:call(155)) - Scanned deleted blocks log and got 0 delTX to process.
2019-09-12 09:26:00,793 [grpc-default-executor-1] INFO  client.GrpcClientProtocolClient (GrpcClientProtocolClient.java:onNext(264)) - client-8B023739F3BF->b50d6464-f54a-40d1-9f81-f1c19654fd05: receive RaftClientReply:client-8B023739F3BF->b50d6464-f54a-40d1-9f81-f1c19654fd05@group-1F53027F28E3, cid=577, SUCCESS, logIndex=829, commits[b50d6464-f54a-40d1-9f81-f1c19654fd05:c832]
2019-09-12 09:26:00,794 [grpc-default-executor-1] INFO  client.GrpcClientProtocolClient (GrpcClientProtocolClient.java:onNext(264)) - client-8B023739F3BF->b50d6464-f54a-40d1-9f81-f1c19654fd05: receive RaftClientReply:client-8B023739F3BF->b50d6464-f54a-40d1-9f81-f1c19654fd05@group-1F53027F28E3, cid=578, SUCCESS, logIndex=830, commits[b50d6464-f54a-40d1-9f81-f1c19654fd05:c833]
2019-09-12 09:26:00,795 [grpc-default-executor-1] INFO  client.GrpcClientProtocolClient (GrpcClientProtocolClient.java:onNext(264)) - client-8B023739F3BF->b50d6464-f54a-40d1-9f81-f1c19654fd05: receive RaftClientReply:client-8B023739F3BF->b50d6464-f54a-40d1-9f81-f1c19654fd05@group-1F53027F28E3, cid=579, SUCCESS, logIndex=831, commits[b50d6464-f54a-40d1-9f81-f1c19654fd05:c833]
2019-09-12 09:26:00,795 [grpc-default-executor-1] INFO  client.GrpcClientProtocolClient (GrpcClientProtocolClient.java:onNext(264)) - client-8B023739F3BF->b50d6464-f54a-40d1-9f81-f1c19654fd05: receive RaftClientReply:client-8B023739F3BF->b50d6464-f54a-40d1-9f81-f1c19654fd05@group-1F53027F28E3, cid=580, SUCCESS, logIndex=832, commits[b50d6464-f54a-40d1-9f81-f1c19654fd05:c833]
2019-09-12 09:26:00,814 [grpc-default-executor-1] INFO  client.GrpcClientProtocolClient (GrpcClientProtocolClient.java:onNext(264)) - client-8B023739F3BF->b50d6464-f54a-40d1-9f81-f1c19654fd05: receive RaftClientReply:client-8B023739F3BF->b50d6464-f54a-40d1-9f81-f1c19654fd05@group-1F53027F28E3, cid=581, SUCCESS, logIndex=834, commits[b50d6464-f54a-40d1-9f81-f1c19654fd05:c835]
2019-09-12 09:26:00,815 [grpc-default-executor-1] INFO  client.GrpcClientProtocolClient (GrpcClientProtocolClient.java:onNext(264)) - client-8B023739F3BF->b50d6464-f54a-40d1-9f81-f1c19654fd05: receive RaftClientReply:client-8B023739F3BF->b50d6464-f54a-40d1-9f81-f1c19654fd05@group-1F53027F28E3, cid=582, SUCCESS, logIndex=835, commits[b50d6464-f54a-40d1-9f81-f1c19654fd05:c835]
2019-09-12 09:26:00,815 [grpc-default-executor-1] INFO  client.GrpcClientProtocolClient (GrpcClientProtocolClient.java:onNext(264)) - client-8B023739F3BF->b50d6464-f54a-40d1-9f81-f1c19654fd05: receive RaftClientReply:client-8B023739F3BF->b50d6464-f54a-40d1-9f81-f1c19654fd05@group-1F53027F28E3, cid=583, SUCCESS, logIndex=836, commits[b50d6464-f54a-40d1-9f81-f1c19654fd05:c837]
2019-09-12 09:26:00,816 [grpc-default-executor-1] INFO  client.GrpcClientProtocolClient (GrpcClientProtocolClient.java:onNext(264)) - client-8B023739F3BF->b50d6464-f54a-40d1-9f81-f1c19654fd05: receive RaftClientReply:client-8B023739F3BF->b50d6464-f54a-40d1-9f81-f1c19654fd05@group-1F53027F28E3, cid=584, SUCCESS, logIndex=837, commits[b50d6464-f54a-40d1-9f81-f1c19654fd05:c837]
2019-09-12 09:26:00,842 [grpc-default-executor-1] INFO  client.GrpcClientProtocolClient (GrpcClientProtocolClient.java:onNext(264)) - client-8B023739F3BF->b50d6464-f54a-40d1-9f81-f1c19654fd05: receive RaftClientReply:client-8B023739F3BF->b50d6464-f54a-40d1-9f81-f1c19654fd05@group-1F53027F28E3, cid=585, SUCCESS, logIndex=840, commits[b50d6464-f54a-40d1-9f81-f1c19654fd05:c841]
2019-09-12 09:26:00,842 [grpc-default-executor-1] INFO  client.GrpcClientProtocolClient (GrpcClientProtocolClient.java:onNext(264)) - client-8B023739F3BF->b50d6464-f54a-40d1-9f81-f1c19654fd05: receive RaftClientReply:client-8B023739F3BF->b50d6464-f54a-40d1-9f81-f1c19654fd05@group-1F53027F28E3, cid=586, SUCCESS, logIndex=841, commits[b50d6464-f54a-40d1-9f81-f1c19654fd05:c841]
2019-09-12 09:26:00,843 [grpc-default-executor-1] INFO  client.GrpcClientProtocolClient (GrpcClientProtocolClient.java:onNext(264)) - client-8B023739F3BF->b50d6464-f54a-40d1-9f81-f1c19654fd05: receive RaftClientReply:client-8B023739F3BF->b50d6464-f54a-40d1-9f81-f1c19654fd05@group-1F53027F28E3, cid=587, SUCCESS, logIndex=842, commits[b50d6464-f54a-40d1-9f81-f1c19654fd05:c843]
2019-09-12 09:26:00,843 [grpc-default-executor-1] INFO  client.GrpcClientProtocolClient (GrpcClientProtocolClient.java:onNext(264)) - client-8B023739F3BF->b50d6464-f54a-40d1-9f81-f1c19654fd05: receive RaftClientReply:client-8B023739F3BF->b50d6464-f54a-40d1-9f81-f1c19654fd05@group-1F53027F28E3, cid=588, SUCCESS, logIndex=843, commits[b50d6464-f54a-40d1-9f81-f1c19654fd05:c844]
2019-09-12 09:26:00,863 [grpc-default-executor-1] INFO  client.GrpcClientProtocolClient (GrpcClientProtocolClient.java:onNext(264)) - client-8B023739F3BF->b50d6464-f54a-40d1-9f81-f1c19654fd05: receive RaftClientReply:client-8B023739F3BF->b50d6464-f54a-40d1-9f81-f1c19654fd05@group-1F53027F28E3, cid=589, SUCCESS, logIndex=846, commits[b50d6464-f54a-40d1-9f81-f1c19654fd05:c847]
2019-09-12 09:26:00,863 [grpc-default-executor-1] INFO  client.GrpcClientProtocolClient (GrpcClientProtocolClient.java:onNext(264)) - client-8B023739F3BF->b50d6464-f54a-40d1-9f81-f1c19654fd05: receive RaftClientReply:client-8B023739F3BF->b50d6464-f54a-40d1-9f81-f1c19654fd05@group-1F53027F28E3, cid=590, SUCCESS, logIndex=847, commits[b50d6464-f54a-40d1-9f81-f1c19654fd05:c847]
2019-09-12 09:26:00,876 [grpc-default-executor-1] INFO  client.GrpcClientProtocolClient (GrpcClientProtocolClient.java:onNext(264)) - client-8B023739F3BF->b50d6464-f54a-40d1-9f81-f1c19654fd05: receive RaftClientReply:client-8B023739F3BF->b50d6464-f54a-40d1-9f81-f1c19654fd05@group-1F53027F28E3, cid=591, SUCCESS, logIndex=848, commits[b50d6464-f54a-40d1-9f81-f1c19654fd05:c850]
2019-09-12 09:26:00,876 [grpc-default-executor-1] INFO  client.GrpcClientProtocolClient (GrpcClientProtocolClient.java:onNext(264)) - client-8B023739F3BF->b50d6464-f54a-40d1-9f81-f1c19654fd05: receive RaftClientReply:client-8B023739F3BF->b50d6464-f54a-40d1-9f81-f1c19654fd05@group-1F53027F28E3, cid=592, SUCCESS, logIndex=849, commits[b50d6464-f54a-40d1-9f81-f1c19654fd05:c850]
2019-09-12 09:26:00,884 [SCMBlockDeletingService#1] DEBUG block.SCMBlockDeletingService (SCMBlockDeletingService.java:call(138)) - Running DeletedBlockTransactionScanner
2019-09-12 09:26:00,884 [SCMBlockDeletingService#1] DEBUG block.SCMBlockDeletingService (SCMBlockDeletingService.java:call(155)) - Scanned deleted blocks log and got 0 delTX to process.
2019-09-12 09:26:00,903 [grpc-default-executor-2] INFO  client.GrpcClientProtocolClient (GrpcClientProtocolClient.java:onNext(264)) - client-8B023739F3BF->b50d6464-f54a-40d1-9f81-f1c19654fd05: receive RaftClientReply:client-8B023739F3BF->b50d6464-f54a-40d1-9f81-f1c19654fd05@group-1F53027F28E3, cid=593, SUCCESS, logIndex=851, commits[b50d6464-f54a-40d1-9f81-f1c19654fd05:c854]
2019-09-12 09:26:00,904 [grpc-default-executor-2] INFO  client.GrpcClientProtocolClient (GrpcClientProtocolClient.java:onNext(264)) - client-8B023739F3BF->b50d6464-f54a-40d1-9f81-f1c19654fd05: receive RaftClientReply:client-8B023739F3BF->b50d6464-f54a-40d1-9f81-f1c19654fd05@group-1F53027F28E3, cid=594, SUCCESS, logIndex=852, commits[b50d6464-f54a-40d1-9f81-f1c19654fd05:c854]
2019-09-12 09:26:00,904 [grpc-default-executor-2] INFO  client.GrpcClientProtocolClient (GrpcClientProtocolClient.java:onNext(264)) - client-8B023739F3BF->b50d6464-f54a-40d1-9f81-f1c19654fd05: receive RaftClientReply:client-8B023739F3BF->b50d6464-f54a-40d1-9f81-f1c19654fd05@group-1F53027F28E3, cid=595, SUCCESS, logIndex=853, commits[b50d6464-f54a-40d1-9f81-f1c19654fd05:c855]
2019-09-12 09:26:00,904 [grpc-default-executor-2] INFO  client.GrpcClientProtocolClient (GrpcClientProtocolClient.java:onNext(264)) - client-8B023739F3BF->b50d6464-f54a-40d1-9f81-f1c19654fd05: receive RaftClientReply:client-8B023739F3BF->b50d6464-f54a-40d1-9f81-f1c19654fd05@group-1F53027F28E3, cid=596, SUCCESS, logIndex=854, commits[b50d6464-f54a-40d1-9f81-f1c19654fd05:c855]
2019-09-12 09:26:00,923 [grpc-default-executor-2] INFO  client.GrpcClientProtocolClient (GrpcClientProtocolClient.java:onNext(264)) - client-8B023739F3BF->b50d6464-f54a-40d1-9f81-f1c19654fd05: receive RaftClientReply:client-8B023739F3BF->b50d6464-f54a-40d1-9f81-f1c19654fd05@group-1F53027F28E3, cid=597, SUCCESS, logIndex=856, commits[b50d6464-f54a-40d1-9f81-f1c19654fd05:c857]
2019-09-12 09:26:00,924 [grpc-default-executor-2] INFO  client.GrpcClientProtocolClient (GrpcClientProtocolClient.java:onNext(264)) - client-8B023739F3BF->b50d6464-f54a-40d1-9f81-f1c19654fd05: receive RaftClientReply:client-8B023739F3BF->b50d6464-f54a-40d1-9f81-f1c19654fd05@group-1F53027F28E3, cid=598, SUCCESS, logIndex=857, commits[b50d6464-f54a-40d1-9f81-f1c19654fd05:c857]
2019-09-12 09:26:00,925 [grpc-default-executor-2] INFO  client.GrpcClientProtocolClient (GrpcClientProtocolClient.java:onNext(264)) - client-8B023739F3BF->b50d6464-f54a-40d1-9f81-f1c19654fd05: receive RaftClientReply:client-8B023739F3BF->b50d6464-f54a-40d1-9f81-f1c19654fd05@group-1F53027F28E3, cid=599, SUCCESS, logIndex=858, commits[b50d6464-f54a-40d1-9f81-f1c19654fd05:c860]
2019-09-12 09:26:00,925 [grpc-default-executor-2] INFO  client.GrpcClientProtocolClient (GrpcClientProtocolClient.java:onNext(264)) - client-8B023739F3BF->b50d6464-f54a-40d1-9f81-f1c19654fd05: receive RaftClientReply:client-8B023739F3BF->b50d6464-f54a-40d1-9f81-f1c19654fd05@group-1F53027F28E3, cid=600, SUCCESS, logIndex=859, commits[b50d6464-f54a-40d1-9f81-f1c19654fd05:c861]
2019-09-12 09:26:00,963 [grpc-default-executor-2] INFO  client.GrpcClientProtocolClient (GrpcClientProtocolClient.java:onNext(264)) - client-8B023739F3BF->b50d6464-f54a-40d1-9f81-f1c19654fd05: receive RaftClientReply:client-8B023739F3BF->b50d6464-f54a-40d1-9f81-f1c19654fd05@group-1F53027F28E3, cid=601, SUCCESS, logIndex=862, commits[b50d6464-f54a-40d1-9f81-f1c19654fd05:c866]
2019-09-12 09:26:00,964 [grpc-default-executor-2] INFO  client.GrpcClientProtocolClient (GrpcClientProtocolClient.java:onNext(264)) - client-8B023739F3BF->b50d6464-f54a-40d1-9f81-f1c19654fd05: receive RaftClientReply:client-8B023739F3BF->b50d6464-f54a-40d1-9f81-f1c19654fd05@group-1F53027F28E3, cid=602, SUCCESS, logIndex=863, commits[b50d6464-f54a-40d1-9f81-f1c19654fd05:c866]
2019-09-12 09:26:00,964 [grpc-default-executor-2] INFO  client.GrpcClientProtocolClient (GrpcClientProtocolClient.java:onNext(264)) - client-8B023739F3BF->b50d6464-f54a-40d1-9f81-f1c19654fd05: receive RaftClientReply:client-8B023739F3BF->b50d6464-f54a-40d1-9f81-f1c19654fd05@group-1F53027F28E3, cid=603, SUCCESS, logIndex=864, commits[b50d6464-f54a-40d1-9f81-f1c19654fd05:c866]
2019-09-12 09:26:00,965 [grpc-default-executor-2] INFO  client.GrpcClientProtocolClient (GrpcClientProtocolClient.java:onNext(264)) - client-8B023739F3BF->b50d6464-f54a-40d1-9f81-f1c19654fd05: receive RaftClientReply:client-8B023739F3BF->b50d6464-f54a-40d1-9f81-f1c19654fd05@group-1F53027F28E3, cid=604, SUCCESS, logIndex=865, commits[b50d6464-f54a-40d1-9f81-f1c19654fd05:c866]
2019-09-12 09:26:00,984 [SCMBlockDeletingService#1] DEBUG block.SCMBlockDeletingService (SCMBlockDeletingService.java:call(138)) - Running DeletedBlockTransactionScanner
2019-09-12 09:26:00,984 [SCMBlockDeletingService#1] DEBUG block.SCMBlockDeletingService (SCMBlockDeletingService.java:call(155)) - Scanned deleted blocks log and got 0 delTX to process.
2019-09-12 09:26:00,985 [grpc-default-executor-1] INFO  client.GrpcClientProtocolClient (GrpcClientProtocolClient.java:onNext(264)) - client-8B023739F3BF->b50d6464-f54a-40d1-9f81-f1c19654fd05: receive RaftClientReply:client-8B023739F3BF->b50d6464-f54a-40d1-9f81-f1c19654fd05@group-1F53027F28E3, cid=605, SUCCESS, logIndex=867, commits[b50d6464-f54a-40d1-9f81-f1c19654fd05:c868]
2019-09-12 09:26:00,985 [grpc-default-executor-1] INFO  client.GrpcClientProtocolClient (GrpcClientProtocolClient.java:onNext(264)) - client-8B023739F3BF->b50d6464-f54a-40d1-9f81-f1c19654fd05: receive RaftClientReply:client-8B023739F3BF->b50d6464-f54a-40d1-9f81-f1c19654fd05@group-1F53027F28E3, cid=606, SUCCESS, logIndex=868, commits[b50d6464-f54a-40d1-9f81-f1c19654fd05:c868]
2019-09-12 09:26:00,989 [grpc-default-executor-1] INFO  client.GrpcClientProtocolClient (GrpcClientProtocolClient.java:onNext(264)) - client-8B023739F3BF->b50d6464-f54a-40d1-9f81-f1c19654fd05: receive RaftClientReply:client-8B023739F3BF->b50d6464-f54a-40d1-9f81-f1c19654fd05@group-1F53027F28E3, cid=607, SUCCESS, logIndex=869, commits[b50d6464-f54a-40d1-9f81-f1c19654fd05:c871]
2019-09-12 09:26:00,989 [grpc-default-executor-1] INFO  client.GrpcClientProtocolClient (GrpcClientProtocolClient.java:onNext(264)) - client-8B023739F3BF->b50d6464-f54a-40d1-9f81-f1c19654fd05: receive RaftClientReply:client-8B023739F3BF->b50d6464-f54a-40d1-9f81-f1c19654fd05@group-1F53027F28E3, cid=608, SUCCESS, logIndex=870, commits[b50d6464-f54a-40d1-9f81-f1c19654fd05:c871]
2019-09-12 09:26:01,014 [grpc-default-executor-1] INFO  client.GrpcClientProtocolClient (GrpcClientProtocolClient.java:onNext(264)) - client-8B023739F3BF->b50d6464-f54a-40d1-9f81-f1c19654fd05: receive RaftClientReply:client-8B023739F3BF->b50d6464-f54a-40d1-9f81-f1c19654fd05@group-1F53027F28E3, cid=609, SUCCESS, logIndex=872, commits[b50d6464-f54a-40d1-9f81-f1c19654fd05:c873]
2019-09-12 09:26:01,014 [grpc-default-executor-1] INFO  client.GrpcClientProtocolClient (GrpcClientProtocolClient.java:onNext(264)) - client-8B023739F3BF->b50d6464-f54a-40d1-9f81-f1c19654fd05: receive RaftClientReply:client-8B023739F3BF->b50d6464-f54a-40d1-9f81-f1c19654fd05@group-1F53027F28E3, cid=610, SUCCESS, logIndex=873, commits[b50d6464-f54a-40d1-9f81-f1c19654fd05:c873]
2019-09-12 09:26:01,028 [grpc-default-executor-1] INFO  client.GrpcClientProtocolClient (GrpcClientProtocolClient.java:onNext(264)) - client-8B023739F3BF->b50d6464-f54a-40d1-9f81-f1c19654fd05: receive RaftClientReply:client-8B023739F3BF->b50d6464-f54a-40d1-9f81-f1c19654fd05@group-1F53027F28E3, cid=611, SUCCESS, logIndex=874, commits[b50d6464-f54a-40d1-9f81-f1c19654fd05:c876]
2019-09-12 09:26:01,028 [grpc-default-executor-1] INFO  client.GrpcClientProtocolClient (GrpcClientProtocolClient.java:onNext(264)) - client-8B023739F3BF->b50d6464-f54a-40d1-9f81-f1c19654fd05: receive RaftClientReply:client-8B023739F3BF->b50d6464-f54a-40d1-9f81-f1c19654fd05@group-1F53027F28E3, cid=612, SUCCESS, logIndex=875, commits[b50d6464-f54a-40d1-9f81-f1c19654fd05:c876]
2019-09-12 09:26:01,049 [grpc-default-executor-2] INFO  client.GrpcClientProtocolClient (GrpcClientProtocolClient.java:onNext(264)) - client-8B023739F3BF->b50d6464-f54a-40d1-9f81-f1c19654fd05: receive RaftClientReply:client-8B023739F3BF->b50d6464-f54a-40d1-9f81-f1c19654fd05@group-1F53027F28E3, cid=613, SUCCESS, logIndex=877, commits[b50d6464-f54a-40d1-9f81-f1c19654fd05:c878]
2019-09-12 09:26:01,050 [grpc-default-executor-2] INFO  client.GrpcClientProtocolClient (GrpcClientProtocolClient.java:onNext(264)) - client-8B023739F3BF->b50d6464-f54a-40d1-9f81-f1c19654fd05: receive RaftClientReply:client-8B023739F3BF->b50d6464-f54a-40d1-9f81-f1c19654fd05@group-1F53027F28E3, cid=614, SUCCESS, logIndex=878, commits[b50d6464-f54a-40d1-9f81-f1c19654fd05:c880]
2019-09-12 09:26:01,050 [grpc-default-executor-2] INFO  client.GrpcClientProtocolClient (GrpcClientProtocolClient.java:onNext(264)) - client-8B023739F3BF->b50d6464-f54a-40d1-9f81-f1c19654fd05: receive RaftClientReply:client-8B023739F3BF->b50d6464-f54a-40d1-9f81-f1c19654fd05@group-1F53027F28E3, cid=615, SUCCESS, logIndex=879, commits[b50d6464-f54a-40d1-9f81-f1c19654fd05:c881]
2019-09-12 09:26:01,051 [grpc-default-executor-2] INFO  client.GrpcClientProtocolClient (GrpcClientProtocolClient.java:onNext(264)) - client-8B023739F3BF->b50d6464-f54a-40d1-9f81-f1c19654fd05: receive RaftClientReply:client-8B023739F3BF->b50d6464-f54a-40d1-9f81-f1c19654fd05@group-1F53027F28E3, cid=616, SUCCESS, logIndex=880, commits[b50d6464-f54a-40d1-9f81-f1c19654fd05:c882]
2019-09-12 09:26:01,077 [grpc-default-executor-1] INFO  client.GrpcClientProtocolClient (GrpcClientProtocolClient.java:onNext(264)) - client-8B023739F3BF->b50d6464-f54a-40d1-9f81-f1c19654fd05: receive RaftClientReply:client-8B023739F3BF->b50d6464-f54a-40d1-9f81-f1c19654fd05@group-1F53027F28E3, cid=617, SUCCESS, logIndex=883, commits[b50d6464-f54a-40d1-9f81-f1c19654fd05:c884]
2019-09-12 09:26:01,083 [grpc-default-executor-1] INFO  client.GrpcClientProtocolClient (GrpcClientProtocolClient.java:onNext(264)) - client-8B023739F3BF->b50d6464-f54a-40d1-9f81-f1c19654fd05: receive RaftClientReply:client-8B023739F3BF->b50d6464-f54a-40d1-9f81-f1c19654fd05@group-1F53027F28E3, cid=618, SUCCESS, logIndex=884, commits[b50d6464-f54a-40d1-9f81-f1c19654fd05:c885]
2019-09-12 09:26:01,085 [SCMBlockDeletingService#1] DEBUG block.SCMBlockDeletingService (SCMBlockDeletingService.java:call(138)) - Running DeletedBlockTransactionScanner
2019-09-12 09:26:01,085 [SCMBlockDeletingService#1] DEBUG block.SCMBlockDeletingService (SCMBlockDeletingService.java:call(155)) - Scanned deleted blocks log and got 0 delTX to process.
2019-09-12 09:26:01,218 [SCMBlockDeletingService#0] DEBUG block.SCMBlockDeletingService (SCMBlockDeletingService.java:call(138)) - Running DeletedBlockTransactionScanner
2019-09-12 09:26:01,218 [SCMBlockDeletingService#0] DEBUG block.SCMBlockDeletingService (SCMBlockDeletingService.java:call(155)) - Scanned deleted blocks log and got 0 delTX to process.
2019-09-12 09:26:01,278 [grpc-default-executor-2] INFO  client.GrpcClientProtocolClient (GrpcClientProtocolClient.java:onNext(264)) - client-8B023739F3BF->b50d6464-f54a-40d1-9f81-f1c19654fd05: receive RaftClientReply:client-8B023739F3BF->b50d6464-f54a-40d1-9f81-f1c19654fd05@group-1F53027F28E3, cid=619, SUCCESS, logIndex=886, commits[b50d6464-f54a-40d1-9f81-f1c19654fd05:c887]
2019-09-12 09:26:01,278 [grpc-default-executor-2] INFO  client.GrpcClientProtocolClient (GrpcClientProtocolClient.java:onNext(264)) - client-8B023739F3BF->b50d6464-f54a-40d1-9f81-f1c19654fd05: receive RaftClientReply:client-8B023739F3BF->b50d6464-f54a-40d1-9f81-f1c19654fd05@group-1F53027F28E3, cid=620, SUCCESS, logIndex=887, commits[b50d6464-f54a-40d1-9f81-f1c19654fd05:c888]
2019-09-12 09:26:01,300 [grpc-default-executor-1] INFO  client.GrpcClientProtocolClient (GrpcClientProtocolClient.java:onNext(264)) - client-8B023739F3BF->b50d6464-f54a-40d1-9f81-f1c19654fd05: receive RaftClientReply:client-8B023739F3BF->b50d6464-f54a-40d1-9f81-f1c19654fd05@group-1F53027F28E3, cid=621, SUCCESS, logIndex=889, commits[b50d6464-f54a-40d1-9f81-f1c19654fd05:c892]
2019-09-12 09:26:01,301 [grpc-default-executor-1] INFO  client.GrpcClientProtocolClient (GrpcClientProtocolClient.java:onNext(264)) - client-8B023739F3BF->b50d6464-f54a-40d1-9f81-f1c19654fd05: receive RaftClientReply:client-8B023739F3BF->b50d6464-f54a-40d1-9f81-f1c19654fd05@group-1F53027F28E3, cid=622, SUCCESS, logIndex=890, commits[b50d6464-f54a-40d1-9f81-f1c19654fd05:c893]
2019-09-12 09:26:01,301 [grpc-default-executor-1] INFO  client.GrpcClientProtocolClient (GrpcClientProtocolClient.java:onNext(264)) - client-8B023739F3BF->b50d6464-f54a-40d1-9f81-f1c19654fd05: receive RaftClientReply:client-8B023739F3BF->b50d6464-f54a-40d1-9f81-f1c19654fd05@group-1F53027F28E3, cid=623, SUCCESS, logIndex=891, commits[b50d6464-f54a-40d1-9f81-f1c19654fd05:c894]
2019-09-12 09:26:01,302 [grpc-default-executor-1] INFO  client.GrpcClientProtocolClient (GrpcClientProtocolClient.java:onNext(264)) - client-8B023739F3BF->b50d6464-f54a-40d1-9f81-f1c19654fd05: receive RaftClientReply:client-8B023739F3BF->b50d6464-f54a-40d1-9f81-f1c19654fd05@group-1F53027F28E3, cid=624, SUCCESS, logIndex=892, commits[b50d6464-f54a-40d1-9f81-f1c19654fd05:c894]
2019-09-12 09:26:01,318 [SCMBlockDeletingService#0] DEBUG block.SCMBlockDeletingService (SCMBlockDeletingService.java:call(138)) - Running DeletedBlockTransactionScanner
2019-09-12 09:26:01,319 [SCMBlockDeletingService#0] DEBUG block.SCMBlockDeletingService (SCMBlockDeletingService.java:call(155)) - Scanned deleted blocks log and got 0 delTX to process.
2019-09-12 09:26:01,333 [grpc-default-executor-1] INFO  client.GrpcClientProtocolClient (GrpcClientProtocolClient.java:onNext(264)) - client-8B023739F3BF->b50d6464-f54a-40d1-9f81-f1c19654fd05: receive RaftClientReply:client-8B023739F3BF->b50d6464-f54a-40d1-9f81-f1c19654fd05@group-1F53027F28E3, cid=625, SUCCESS, logIndex=895, commits[b50d6464-f54a-40d1-9f81-f1c19654fd05:c896]
2019-09-12 09:26:01,334 [grpc-default-executor-1] INFO  client.GrpcClientProtocolClient (GrpcClientProtocolClient.java:onNext(264)) - client-8B023739F3BF->b50d6464-f54a-40d1-9f81-f1c19654fd05: receive RaftClientReply:client-8B023739F3BF->b50d6464-f54a-40d1-9f81-f1c19654fd05@group-1F53027F28E3, cid=626, SUCCESS, logIndex=896, commits[b50d6464-f54a-40d1-9f81-f1c19654fd05:c898]
2019-09-12 09:26:01,334 [grpc-default-executor-1] INFO  client.GrpcClientProtocolClient (GrpcClientProtocolClient.java:onNext(264)) - client-8B023739F3BF->b50d6464-f54a-40d1-9f81-f1c19654fd05: receive RaftClientReply:client-8B023739F3BF->b50d6464-f54a-40d1-9f81-f1c19654fd05@group-1F53027F28E3, cid=627, SUCCESS, logIndex=897, commits[b50d6464-f54a-40d1-9f81-f1c19654fd05:c898]
2019-09-12 09:26:01,335 [grpc-default-executor-1] INFO  client.GrpcClientProtocolClient (GrpcClientProtocolClient.java:onNext(264)) - client-8B023739F3BF->b50d6464-f54a-40d1-9f81-f1c19654fd05: receive RaftClientReply:client-8B023739F3BF->b50d6464-f54a-40d1-9f81-f1c19654fd05@group-1F53027F28E3, cid=628, SUCCESS, logIndex=898, commits[b50d6464-f54a-40d1-9f81-f1c19654fd05:c899]
2019-09-12 09:26:01,355 [grpc-default-executor-1] INFO  client.GrpcClientProtocolClient (GrpcClientProtocolClient.java:onNext(264)) - client-8B023739F3BF->b50d6464-f54a-40d1-9f81-f1c19654fd05: receive RaftClientReply:client-8B023739F3BF->b50d6464-f54a-40d1-9f81-f1c19654fd05@group-1F53027F28E3, cid=629, SUCCESS, logIndex=901, commits[b50d6464-f54a-40d1-9f81-f1c19654fd05:c902]
2019-09-12 09:26:01,356 [grpc-default-executor-1] INFO  client.GrpcClientProtocolClient (GrpcClientProtocolClient.java:onNext(264)) - client-8B023739F3BF->b50d6464-f54a-40d1-9f81-f1c19654fd05: receive RaftClientReply:client-8B023739F3BF->b50d6464-f54a-40d1-9f81-f1c19654fd05@group-1F53027F28E3, cid=630, SUCCESS, logIndex=902, commits[b50d6464-f54a-40d1-9f81-f1c19654fd05:c902]
2019-09-12 09:26:01,357 [grpc-default-executor-1] INFO  client.GrpcClientProtocolClient (GrpcClientProtocolClient.java:onNext(264)) - client-8B023739F3BF->b50d6464-f54a-40d1-9f81-f1c19654fd05: receive RaftClientReply:client-8B023739F3BF->b50d6464-f54a-40d1-9f81-f1c19654fd05@group-1F53027F28E3, cid=631, SUCCESS, logIndex=903, commits[b50d6464-f54a-40d1-9f81-f1c19654fd05:c904]
2019-09-12 09:26:01,358 [grpc-default-executor-1] INFO  client.GrpcClientProtocolClient (GrpcClientProtocolClient.java:onNext(264)) - client-8B023739F3BF->b50d6464-f54a-40d1-9f81-f1c19654fd05: receive RaftClientReply:client-8B023739F3BF->b50d6464-f54a-40d1-9f81-f1c19654fd05@group-1F53027F28E3, cid=632, SUCCESS, logIndex=904, commits[b50d6464-f54a-40d1-9f81-f1c19654fd05:c904]
2019-09-12 09:26:01,387 [grpc-default-executor-1] INFO  client.GrpcClientProtocolClient (GrpcClientProtocolClient.java:onNext(264)) - client-8B023739F3BF->b50d6464-f54a-40d1-9f81-f1c19654fd05: receive RaftClientReply:client-8B023739F3BF->b50d6464-f54a-40d1-9f81-f1c19654fd05@group-1F53027F28E3, cid=633, SUCCESS, logIndex=907, commits[b50d6464-f54a-40d1-9f81-f1c19654fd05:c908]
2019-09-12 09:26:01,388 [grpc-default-executor-1] INFO  client.GrpcClientProtocolClient (GrpcClientProtocolClient.java:onNext(264)) - client-8B023739F3BF->b50d6464-f54a-40d1-9f81-f1c19654fd05: receive RaftClientReply:client-8B023739F3BF->b50d6464-f54a-40d1-9f81-f1c19654fd05@group-1F53027F28E3, cid=634, SUCCESS, logIndex=908, commits[b50d6464-f54a-40d1-9f81-f1c19654fd05:c908]
2019-09-12 09:26:01,388 [grpc-default-executor-1] INFO  client.GrpcClientProtocolClient (GrpcClientProtocolClient.java:onNext(264)) - client-8B023739F3BF->b50d6464-f54a-40d1-9f81-f1c19654fd05: receive RaftClientReply:client-8B023739F3BF->b50d6464-f54a-40d1-9f81-f1c19654fd05@group-1F53027F28E3, cid=635, SUCCESS, logIndex=909, commits[b50d6464-f54a-40d1-9f81-f1c19654fd05:c910]
2019-09-12 09:26:01,389 [grpc-default-executor-1] INFO  client.GrpcClientProtocolClient (GrpcClientProtocolClient.java:onNext(264)) - client-8B023739F3BF->b50d6464-f54a-40d1-9f81-f1c19654fd05: receive RaftClientReply:client-8B023739F3BF->b50d6464-f54a-40d1-9f81-f1c19654fd05@group-1F53027F28E3, cid=636, SUCCESS, logIndex=910, commits[b50d6464-f54a-40d1-9f81-f1c19654fd05:c910]
2019-09-12 09:26:01,401 [grpc-default-executor-2] INFO  client.GrpcClientProtocolClient (GrpcClientProtocolClient.java:onNext(264)) - client-8B023739F3BF->b50d6464-f54a-40d1-9f81-f1c19654fd05: receive RaftClientReply:client-8B023739F3BF->b50d6464-f54a-40d1-9f81-f1c19654fd05@group-1F53027F28E3, cid=637, SUCCESS, logIndex=913, commits[b50d6464-f54a-40d1-9f81-f1c19654fd05:c916]
2019-09-12 09:26:01,401 [grpc-default-executor-2] INFO  client.GrpcClientProtocolClient (GrpcClientProtocolClient.java:onNext(264)) - client-8B023739F3BF->b50d6464-f54a-40d1-9f81-f1c19654fd05: receive RaftClientReply:client-8B023739F3BF->b50d6464-f54a-40d1-9f81-f1c19654fd05@group-1F53027F28E3, cid=638, SUCCESS, logIndex=914, commits[b50d6464-f54a-40d1-9f81-f1c19654fd05:c917]
2019-09-12 09:26:01,402 [grpc-default-executor-2] INFO  client.GrpcClientProtocolClient (GrpcClientProtocolClient.java:onNext(264)) - client-8B023739F3BF->b50d6464-f54a-40d1-9f81-f1c19654fd05: receive RaftClientReply:client-8B023739F3BF->b50d6464-f54a-40d1-9f81-f1c19654fd05@group-1F53027F28E3, cid=639, SUCCESS, logIndex=915, commits[b50d6464-f54a-40d1-9f81-f1c19654fd05:c917]
2019-09-12 09:26:01,402 [grpc-default-executor-2] INFO  client.GrpcClientProtocolClient (GrpcClientProtocolClient.java:onNext(264)) - client-8B023739F3BF->b50d6464-f54a-40d1-9f81-f1c19654fd05: receive RaftClientReply:client-8B023739F3BF->b50d6464-f54a-40d1-9f81-f1c19654fd05@group-1F53027F28E3, cid=640, SUCCESS, logIndex=916, commits[b50d6464-f54a-40d1-9f81-f1c19654fd05:c917]
2019-09-12 09:26:01,419 [SCMBlockDeletingService#0] DEBUG block.SCMBlockDeletingService (SCMBlockDeletingService.java:call(138)) - Running DeletedBlockTransactionScanner
2019-09-12 09:26:01,420 [SCMBlockDeletingService#0] DEBUG block.SCMBlockDeletingService (SCMBlockDeletingService.java:call(155)) - Scanned deleted blocks log and got 0 delTX to process.
2019-09-12 09:26:01,429 [grpc-default-executor-2] INFO  client.GrpcClientProtocolClient (GrpcClientProtocolClient.java:onNext(264)) - client-8B023739F3BF->b50d6464-f54a-40d1-9f81-f1c19654fd05: receive RaftClientReply:client-8B023739F3BF->b50d6464-f54a-40d1-9f81-f1c19654fd05@group-1F53027F28E3, cid=641, SUCCESS, logIndex=918, commits[b50d6464-f54a-40d1-9f81-f1c19654fd05:c919]
2019-09-12 09:26:01,430 [grpc-default-executor-2] INFO  client.GrpcClientProtocolClient (GrpcClientProtocolClient.java:onNext(264)) - client-8B023739F3BF->b50d6464-f54a-40d1-9f81-f1c19654fd05: receive RaftClientReply:client-8B023739F3BF->b50d6464-f54a-40d1-9f81-f1c19654fd05@group-1F53027F28E3, cid=642, SUCCESS, logIndex=919, commits[b50d6464-f54a-40d1-9f81-f1c19654fd05:c919]
2019-09-12 09:26:01,430 [grpc-default-executor-2] INFO  client.GrpcClientProtocolClient (GrpcClientProtocolClient.java:onNext(264)) - client-8B023739F3BF->b50d6464-f54a-40d1-9f81-f1c19654fd05: receive RaftClientReply:client-8B023739F3BF->b50d6464-f54a-40d1-9f81-f1c19654fd05@group-1F53027F28E3, cid=643, SUCCESS, logIndex=920, commits[b50d6464-f54a-40d1-9f81-f1c19654fd05:c921]
2019-09-12 09:26:01,431 [grpc-default-executor-2] INFO  client.GrpcClientProtocolClient (GrpcClientProtocolClient.java:onNext(264)) - client-8B023739F3BF->b50d6464-f54a-40d1-9f81-f1c19654fd05: receive RaftClientReply:client-8B023739F3BF->b50d6464-f54a-40d1-9f81-f1c19654fd05@group-1F53027F28E3, cid=644, SUCCESS, logIndex=921, commits[b50d6464-f54a-40d1-9f81-f1c19654fd05:c922]
2019-09-12 09:26:01,459 [grpc-default-executor-1] INFO  client.GrpcClientProtocolClient (GrpcClientProtocolClient.java:onNext(264)) - client-8B023739F3BF->b50d6464-f54a-40d1-9f81-f1c19654fd05: receive RaftClientReply:client-8B023739F3BF->b50d6464-f54a-40d1-9f81-f1c19654fd05@group-1F53027F28E3, cid=645, SUCCESS, logIndex=924, commits[b50d6464-f54a-40d1-9f81-f1c19654fd05:c927]
2019-09-12 09:26:01,460 [grpc-default-executor-1] INFO  client.GrpcClientProtocolClient (GrpcClientProtocolClient.java:onNext(264)) - client-8B023739F3BF->b50d6464-f54a-40d1-9f81-f1c19654fd05: receive RaftClientReply:client-8B023739F3BF->b50d6464-f54a-40d1-9f81-f1c19654fd05@group-1F53027F28E3, cid=646, SUCCESS, logIndex=925, commits[b50d6464-f54a-40d1-9f81-f1c19654fd05:c928]
2019-09-12 09:26:01,460 [grpc-default-executor-1] INFO  client.GrpcClientProtocolClient (GrpcClientProtocolClient.java:onNext(264)) - client-8B023739F3BF->b50d6464-f54a-40d1-9f81-f1c19654fd05: receive RaftClientReply:client-8B023739F3BF->b50d6464-f54a-40d1-9f81-f1c19654fd05@group-1F53027F28E3, cid=647, SUCCESS, logIndex=926, commits[b50d6464-f54a-40d1-9f81-f1c19654fd05:c928]
2019-09-12 09:26:01,460 [grpc-default-executor-1] INFO  client.GrpcClientProtocolClient (GrpcClientProtocolClient.java:onNext(264)) - client-8B023739F3BF->b50d6464-f54a-40d1-9f81-f1c19654fd05: receive RaftClientReply:client-8B023739F3BF->b50d6464-f54a-40d1-9f81-f1c19654fd05@group-1F53027F28E3, cid=648, SUCCESS, logIndex=927, commits[b50d6464-f54a-40d1-9f81-f1c19654fd05:c928]
2019-09-12 09:26:01,494 [grpc-default-executor-1] INFO  client.GrpcClientProtocolClient (GrpcClientProtocolClient.java:onNext(264)) - client-8B023739F3BF->b50d6464-f54a-40d1-9f81-f1c19654fd05: receive RaftClientReply:client-8B023739F3BF->b50d6464-f54a-40d1-9f81-f1c19654fd05@group-1F53027F28E3, cid=649, SUCCESS, logIndex=929, commits[b50d6464-f54a-40d1-9f81-f1c19654fd05:c932]
2019-09-12 09:26:01,495 [grpc-default-executor-1] INFO  client.GrpcClientProtocolClient (GrpcClientProtocolClient.java:onNext(264)) - client-8B023739F3BF->b50d6464-f54a-40d1-9f81-f1c19654fd05: receive RaftClientReply:client-8B023739F3BF->b50d6464-f54a-40d1-9f81-f1c19654fd05@group-1F53027F28E3, cid=650, SUCCESS, logIndex=930, commits[b50d6464-f54a-40d1-9f81-f1c19654fd05:c933]
2019-09-12 09:26:01,495 [grpc-default-executor-1] INFO  client.GrpcClientProtocolClient (GrpcClientProtocolClient.java:onNext(264)) - client-8B023739F3BF->b50d6464-f54a-40d1-9f81-f1c19654fd05: receive RaftClientReply:client-8B023739F3BF->b50d6464-f54a-40d1-9f81-f1c19654fd05@group-1F53027F28E3, cid=651, SUCCESS, logIndex=931, commits[b50d6464-f54a-40d1-9f81-f1c19654fd05:c933]
2019-09-12 09:26:01,496 [grpc-default-executor-1] INFO  client.GrpcClientProtocolClient (GrpcClientProtocolClient.java:onNext(264)) - client-8B023739F3BF->b50d6464-f54a-40d1-9f81-f1c19654fd05: receive RaftClientReply:client-8B023739F3BF->b50d6464-f54a-40d1-9f81-f1c19654fd05@group-1F53027F28E3, cid=652, SUCCESS, logIndex=932, commits[b50d6464-f54a-40d1-9f81-f1c19654fd05:c933]
2019-09-12 09:26:01,520 [SCMBlockDeletingService#0] DEBUG block.SCMBlockDeletingService (SCMBlockDeletingService.java:call(138)) - Running DeletedBlockTransactionScanner
2019-09-12 09:26:01,520 [SCMBlockDeletingService#0] DEBUG block.SCMBlockDeletingService (SCMBlockDeletingService.java:call(155)) - Scanned deleted blocks log and got 0 delTX to process.
2019-09-12 09:26:01,539 [grpc-default-executor-1] INFO  client.GrpcClientProtocolClient (GrpcClientProtocolClient.java:onNext(264)) - client-8B023739F3BF->b50d6464-f54a-40d1-9f81-f1c19654fd05: receive RaftClientReply:client-8B023739F3BF->b50d6464-f54a-40d1-9f81-f1c19654fd05@group-1F53027F28E3, cid=653, SUCCESS, logIndex=934, commits[b50d6464-f54a-40d1-9f81-f1c19654fd05:c937]
2019-09-12 09:26:01,540 [grpc-default-executor-1] INFO  client.GrpcClientProtocolClient (GrpcClientProtocolClient.java:onNext(264)) - client-8B023739F3BF->b50d6464-f54a-40d1-9f81-f1c19654fd05: receive RaftClientReply:client-8B023739F3BF->b50d6464-f54a-40d1-9f81-f1c19654fd05@group-1F53027F28E3, cid=654, SUCCESS, logIndex=935, commits[b50d6464-f54a-40d1-9f81-f1c19654fd05:c938]
2019-09-12 09:26:01,540 [grpc-default-executor-1] INFO  client.GrpcClientProtocolClient (GrpcClientProtocolClient.java:onNext(264)) - client-8B023739F3BF->b50d6464-f54a-40d1-9f81-f1c19654fd05: receive RaftClientReply:client-8B023739F3BF->b50d6464-f54a-40d1-9f81-f1c19654fd05@group-1F53027F28E3, cid=655, SUCCESS, logIndex=936, commits[b50d6464-f54a-40d1-9f81-f1c19654fd05:c938]
2019-09-12 09:26:01,540 [grpc-default-executor-1] INFO  client.GrpcClientProtocolClient (GrpcClientProtocolClient.java:onNext(264)) - client-8B023739F3BF->b50d6464-f54a-40d1-9f81-f1c19654fd05: receive RaftClientReply:client-8B023739F3BF->b50d6464-f54a-40d1-9f81-f1c19654fd05@group-1F53027F28E3, cid=656, SUCCESS, logIndex=937, commits[b50d6464-f54a-40d1-9f81-f1c19654fd05:c939]
2019-09-12 09:26:01,569 [grpc-default-executor-2] INFO  client.GrpcClientProtocolClient (GrpcClientProtocolClient.java:onNext(264)) - client-8B023739F3BF->b50d6464-f54a-40d1-9f81-f1c19654fd05: receive RaftClientReply:client-8B023739F3BF->b50d6464-f54a-40d1-9f81-f1c19654fd05@group-1F53027F28E3, cid=657, SUCCESS, logIndex=940, commits[b50d6464-f54a-40d1-9f81-f1c19654fd05:c941]
2019-09-12 09:26:01,569 [grpc-default-executor-2] INFO  client.GrpcClientProtocolClient (GrpcClientProtocolClient.java:onNext(264)) - client-8B023739F3BF->b50d6464-f54a-40d1-9f81-f1c19654fd05: receive RaftClientReply:client-8B023739F3BF->b50d6464-f54a-40d1-9f81-f1c19654fd05@group-1F53027F28E3, cid=658, SUCCESS, logIndex=941, commits[b50d6464-f54a-40d1-9f81-f1c19654fd05:c943]
2019-09-12 09:26:01,570 [grpc-default-executor-2] INFO  client.GrpcClientProtocolClient (GrpcClientProtocolClient.java:onNext(264)) - client-8B023739F3BF->b50d6464-f54a-40d1-9f81-f1c19654fd05: receive RaftClientReply:client-8B023739F3BF->b50d6464-f54a-40d1-9f81-f1c19654fd05@group-1F53027F28E3, cid=659, SUCCESS, logIndex=942, commits[b50d6464-f54a-40d1-9f81-f1c19654fd05:c944]
2019-09-12 09:26:01,570 [grpc-default-executor-2] INFO  client.GrpcClientProtocolClient (GrpcClientProtocolClient.java:onNext(264)) - client-8B023739F3BF->b50d6464-f54a-40d1-9f81-f1c19654fd05: receive RaftClientReply:client-8B023739F3BF->b50d6464-f54a-40d1-9f81-f1c19654fd05@group-1F53027F28E3, cid=660, SUCCESS, logIndex=943, commits[b50d6464-f54a-40d1-9f81-f1c19654fd05:c944]
2019-09-12 09:26:01,590 [grpc-default-executor-1] INFO  client.GrpcClientProtocolClient (GrpcClientProtocolClient.java:onNext(264)) - client-8B023739F3BF->b50d6464-f54a-40d1-9f81-f1c19654fd05: receive RaftClientReply:client-8B023739F3BF->b50d6464-f54a-40d1-9f81-f1c19654fd05@group-1F53027F28E3, cid=661, SUCCESS, logIndex=946, commits[b50d6464-f54a-40d1-9f81-f1c19654fd05:c947]
2019-09-12 09:26:01,591 [grpc-default-executor-1] INFO  client.GrpcClientProtocolClient (GrpcClientProtocolClient.java:onNext(264)) - client-8B023739F3BF->b50d6464-f54a-40d1-9f81-f1c19654fd05: receive RaftClientReply:client-8B023739F3BF->b50d6464-f54a-40d1-9f81-f1c19654fd05@group-1F53027F28E3, cid=662, SUCCESS, logIndex=947, commits[b50d6464-f54a-40d1-9f81-f1c19654fd05:c947]
2019-09-12 09:26:01,620 [SCMBlockDeletingService#0] DEBUG block.SCMBlockDeletingService (SCMBlockDeletingService.java:call(138)) - Running DeletedBlockTransactionScanner
2019-09-12 09:26:01,621 [SCMBlockDeletingService#0] DEBUG block.SCMBlockDeletingService (SCMBlockDeletingService.java:call(155)) - Scanned deleted blocks log and got 0 delTX to process.
2019-09-12 09:26:01,700 [grpc-default-executor-2] INFO  client.GrpcClientProtocolClient (GrpcClientProtocolClient.java:onNext(264)) - client-8B023739F3BF->b50d6464-f54a-40d1-9f81-f1c19654fd05: receive RaftClientReply:client-8B023739F3BF->b50d6464-f54a-40d1-9f81-f1c19654fd05@group-1F53027F28E3, cid=663, SUCCESS, logIndex=949, commits[b50d6464-f54a-40d1-9f81-f1c19654fd05:c950]
2019-09-12 09:26:01,700 [grpc-default-executor-2] INFO  client.GrpcClientProtocolClient (GrpcClientProtocolClient.java:onNext(264)) - client-8B023739F3BF->b50d6464-f54a-40d1-9f81-f1c19654fd05: receive RaftClientReply:client-8B023739F3BF->b50d6464-f54a-40d1-9f81-f1c19654fd05@group-1F53027F28E3, cid=664, SUCCESS, logIndex=950, commits[b50d6464-f54a-40d1-9f81-f1c19654fd05:c951]
2019-09-12 09:26:01,721 [SCMBlockDeletingService#0] DEBUG block.SCMBlockDeletingService (SCMBlockDeletingService.java:call(138)) - Running DeletedBlockTransactionScanner
2019-09-12 09:26:01,721 [SCMBlockDeletingService#0] DEBUG block.SCMBlockDeletingService (SCMBlockDeletingService.java:call(155)) - Scanned deleted blocks log and got 0 delTX to process.
2019-09-12 09:26:01,729 [grpc-default-executor-2] INFO  client.GrpcClientProtocolClient (GrpcClientProtocolClient.java:onNext(264)) - client-8B023739F3BF->b50d6464-f54a-40d1-9f81-f1c19654fd05: receive RaftClientReply:client-8B023739F3BF->b50d6464-f54a-40d1-9f81-f1c19654fd05@group-1F53027F28E3, cid=665, SUCCESS, logIndex=952, commits[b50d6464-f54a-40d1-9f81-f1c19654fd05:c955]
2019-09-12 09:26:01,729 [grpc-default-executor-2] INFO  client.GrpcClientProtocolClient (GrpcClientProtocolClient.java:onNext(264)) - client-8B023739F3BF->b50d6464-f54a-40d1-9f81-f1c19654fd05: receive RaftClientReply:client-8B023739F3BF->b50d6464-f54a-40d1-9f81-f1c19654fd05@group-1F53027F28E3, cid=666, SUCCESS, logIndex=953, commits[b50d6464-f54a-40d1-9f81-f1c19654fd05:c956]
2019-09-12 09:26:01,730 [grpc-default-executor-2] INFO  client.GrpcClientProtocolClient (GrpcClientProtocolClient.java:onNext(264)) - client-8B023739F3BF->b50d6464-f54a-40d1-9f81-f1c19654fd05: receive RaftClientReply:client-8B023739F3BF->b50d6464-f54a-40d1-9f81-f1c19654fd05@group-1F53027F28E3, cid=667, SUCCESS, logIndex=954, commits[b50d6464-f54a-40d1-9f81-f1c19654fd05:c956]
2019-09-12 09:26:01,730 [grpc-default-executor-2] INFO  client.GrpcClientProtocolClient (GrpcClientProtocolClient.java:onNext(264)) - client-8B023739F3BF->b50d6464-f54a-40d1-9f81-f1c19654fd05: receive RaftClientReply:client-8B023739F3BF->b50d6464-f54a-40d1-9f81-f1c19654fd05@group-1F53027F28E3, cid=668, SUCCESS, logIndex=955, commits[b50d6464-f54a-40d1-9f81-f1c19654fd05:c956]
2019-09-12 09:26:01,748 [grpc-default-executor-2] INFO  client.GrpcClientProtocolClient (GrpcClientProtocolClient.java:onNext(264)) - client-8B023739F3BF->b50d6464-f54a-40d1-9f81-f1c19654fd05: receive RaftClientReply:client-8B023739F3BF->b50d6464-f54a-40d1-9f81-f1c19654fd05@group-1F53027F28E3, cid=669, SUCCESS, logIndex=957, commits[b50d6464-f54a-40d1-9f81-f1c19654fd05:c958]
2019-09-12 09:26:01,748 [grpc-default-executor-2] INFO  client.GrpcClientProtocolClient (GrpcClientProtocolClient.java:onNext(264)) - client-8B023739F3BF->b50d6464-f54a-40d1-9f81-f1c19654fd05: receive RaftClientReply:client-8B023739F3BF->b50d6464-f54a-40d1-9f81-f1c19654fd05@group-1F53027F28E3, cid=670, SUCCESS, logIndex=958, commits[b50d6464-f54a-40d1-9f81-f1c19654fd05:c958]
2019-09-12 09:26:01,762 [grpc-default-executor-2] INFO  client.GrpcClientProtocolClient (GrpcClientProtocolClient.java:onNext(264)) - client-8B023739F3BF->b50d6464-f54a-40d1-9f81-f1c19654fd05: receive RaftClientReply:client-8B023739F3BF->b50d6464-f54a-40d1-9f81-f1c19654fd05@group-1F53027F28E3, cid=671, SUCCESS, logIndex=959, commits[b50d6464-f54a-40d1-9f81-f1c19654fd05:c960]
2019-09-12 09:26:01,762 [grpc-default-executor-2] INFO  client.GrpcClientProtocolClient (GrpcClientProtocolClient.java:onNext(264)) - client-8B023739F3BF->b50d6464-f54a-40d1-9f81-f1c19654fd05: receive RaftClientReply:client-8B023739F3BF->b50d6464-f54a-40d1-9f81-f1c19654fd05@group-1F53027F28E3, cid=672, SUCCESS, logIndex=960, commits[b50d6464-f54a-40d1-9f81-f1c19654fd05:c960]
2019-09-12 09:26:01,802 [grpc-default-executor-1] INFO  client.GrpcClientProtocolClient (GrpcClientProtocolClient.java:onNext(264)) - client-8B023739F3BF->b50d6464-f54a-40d1-9f81-f1c19654fd05: receive RaftClientReply:client-8B023739F3BF->b50d6464-f54a-40d1-9f81-f1c19654fd05@group-1F53027F28E3, cid=673, SUCCESS, logIndex=963, commits[b50d6464-f54a-40d1-9f81-f1c19654fd05:c966]
2019-09-12 09:26:01,803 [grpc-default-executor-1] INFO  client.GrpcClientProtocolClient (GrpcClientProtocolClient.java:onNext(264)) - client-8B023739F3BF->b50d6464-f54a-40d1-9f81-f1c19654fd05: receive RaftClientReply:client-8B023739F3BF->b50d6464-f54a-40d1-9f81-f1c19654fd05@group-1F53027F28E3, cid=674, SUCCESS, logIndex=964, commits[b50d6464-f54a-40d1-9f81-f1c19654fd05:c966]
2019-09-12 09:26:01,804 [grpc-default-executor-1] INFO  client.GrpcClientProtocolClient (GrpcClientProtocolClient.java:onNext(264)) - client-8B023739F3BF->b50d6464-f54a-40d1-9f81-f1c19654fd05: receive RaftClientReply:client-8B023739F3BF->b50d6464-f54a-40d1-9f81-f1c19654fd05@group-1F53027F28E3, cid=675, SUCCESS, logIndex=965, commits[b50d6464-f54a-40d1-9f81-f1c19654fd05:c967]
2019-09-12 09:26:01,804 [grpc-default-executor-1] INFO  client.GrpcClientProtocolClient (GrpcClientProtocolClient.java:onNext(264)) - client-8B023739F3BF->b50d6464-f54a-40d1-9f81-f1c19654fd05: receive RaftClientReply:client-8B023739F3BF->b50d6464-f54a-40d1-9f81-f1c19654fd05@group-1F53027F28E3, cid=676, SUCCESS, logIndex=966, commits[b50d6464-f54a-40d1-9f81-f1c19654fd05:c968]
2019-09-12 09:26:01,821 [SCMBlockDeletingService#0] DEBUG block.SCMBlockDeletingService (SCMBlockDeletingService.java:call(138)) - Running DeletedBlockTransactionScanner
2019-09-12 09:26:01,822 [SCMBlockDeletingService#0] DEBUG block.SCMBlockDeletingService (SCMBlockDeletingService.java:call(155)) - Scanned deleted blocks log and got 0 delTX to process.
2019-09-12 09:26:01,824 [grpc-default-executor-1] INFO  client.GrpcClientProtocolClient (GrpcClientProtocolClient.java:onNext(264)) - client-8B023739F3BF->b50d6464-f54a-40d1-9f81-f1c19654fd05: receive RaftClientReply:client-8B023739F3BF->b50d6464-f54a-40d1-9f81-f1c19654fd05@group-1F53027F28E3, cid=677, SUCCESS, logIndex=969, commits[b50d6464-f54a-40d1-9f81-f1c19654fd05:c970]
2019-09-12 09:26:01,824 [grpc-default-executor-1] INFO  client.GrpcClientProtocolClient (GrpcClientProtocolClient.java:onNext(264)) - client-8B023739F3BF->b50d6464-f54a-40d1-9f81-f1c19654fd05: receive RaftClientReply:client-8B023739F3BF->b50d6464-f54a-40d1-9f81-f1c19654fd05@group-1F53027F28E3, cid=678, SUCCESS, logIndex=970, commits[b50d6464-f54a-40d1-9f81-f1c19654fd05:c970]
2019-09-12 09:26:01,826 [grpc-default-executor-1] INFO  client.GrpcClientProtocolClient (GrpcClientProtocolClient.java:onNext(264)) - client-8B023739F3BF->b50d6464-f54a-40d1-9f81-f1c19654fd05: receive RaftClientReply:client-8B023739F3BF->b50d6464-f54a-40d1-9f81-f1c19654fd05@group-1F53027F28E3, cid=679, SUCCESS, logIndex=971, commits[b50d6464-f54a-40d1-9f81-f1c19654fd05:c972]
2019-09-12 09:26:01,827 [grpc-default-executor-1] INFO  client.GrpcClientProtocolClient (GrpcClientProtocolClient.java:onNext(264)) - client-8B023739F3BF->b50d6464-f54a-40d1-9f81-f1c19654fd05: receive RaftClientReply:client-8B023739F3BF->b50d6464-f54a-40d1-9f81-f1c19654fd05@group-1F53027F28E3, cid=680, SUCCESS, logIndex=972, commits[b50d6464-f54a-40d1-9f81-f1c19654fd05:c972]
2019-09-12 09:26:01,852 [grpc-default-executor-1] INFO  client.GrpcClientProtocolClient (GrpcClientProtocolClient.java:onNext(264)) - client-8B023739F3BF->b50d6464-f54a-40d1-9f81-f1c19654fd05: receive RaftClientReply:client-8B023739F3BF->b50d6464-f54a-40d1-9f81-f1c19654fd05@group-1F53027F28E3, cid=681, SUCCESS, logIndex=975, commits[b50d6464-f54a-40d1-9f81-f1c19654fd05:c976]
2019-09-12 09:26:01,852 [grpc-default-executor-1] INFO  client.GrpcClientProtocolClient (GrpcClientProtocolClient.java:onNext(264)) - client-8B023739F3BF->b50d6464-f54a-40d1-9f81-f1c19654fd05: receive RaftClientReply:client-8B023739F3BF->b50d6464-f54a-40d1-9f81-f1c19654fd05@group-1F53027F28E3, cid=682, SUCCESS, logIndex=976, commits[b50d6464-f54a-40d1-9f81-f1c19654fd05:c978]
2019-09-12 09:26:01,852 [grpc-default-executor-1] INFO  client.GrpcClientProtocolClient (GrpcClientProtocolClient.java:onNext(264)) - client-8B023739F3BF->b50d6464-f54a-40d1-9f81-f1c19654fd05: receive RaftClientReply:client-8B023739F3BF->b50d6464-f54a-40d1-9f81-f1c19654fd05@group-1F53027F28E3, cid=683, SUCCESS, logIndex=977, commits[b50d6464-f54a-40d1-9f81-f1c19654fd05:c979]
2019-09-12 09:26:01,853 [grpc-default-executor-1] INFO  client.GrpcClientProtocolClient (GrpcClientProtocolClient.java:onNext(264)) - client-8B023739F3BF->b50d6464-f54a-40d1-9f81-f1c19654fd05: receive RaftClientReply:client-8B023739F3BF->b50d6464-f54a-40d1-9f81-f1c19654fd05@group-1F53027F28E3, cid=684, SUCCESS, logIndex=978, commits[b50d6464-f54a-40d1-9f81-f1c19654fd05:c980]
2019-09-12 09:26:01,873 [grpc-default-executor-1] INFO  client.GrpcClientProtocolClient (GrpcClientProtocolClient.java:onNext(264)) - client-8B023739F3BF->b50d6464-f54a-40d1-9f81-f1c19654fd05: receive RaftClientReply:client-8B023739F3BF->b50d6464-f54a-40d1-9f81-f1c19654fd05@group-1F53027F28E3, cid=685, SUCCESS, logIndex=981, commits[b50d6464-f54a-40d1-9f81-f1c19654fd05:c982]
2019-09-12 09:26:01,873 [grpc-default-executor-1] INFO  client.GrpcClientProtocolClient (GrpcClientProtocolClient.java:onNext(264)) - client-8B023739F3BF->b50d6464-f54a-40d1-9f81-f1c19654fd05: receive RaftClientReply:client-8B023739F3BF->b50d6464-f54a-40d1-9f81-f1c19654fd05@group-1F53027F28E3, cid=686, SUCCESS, logIndex=982, commits[b50d6464-f54a-40d1-9f81-f1c19654fd05:c984]
2019-09-12 09:26:01,873 [grpc-default-executor-1] INFO  client.GrpcClientProtocolClient (GrpcClientProtocolClient.java:onNext(264)) - client-8B023739F3BF->b50d6464-f54a-40d1-9f81-f1c19654fd05: receive RaftClientReply:client-8B023739F3BF->b50d6464-f54a-40d1-9f81-f1c19654fd05@group-1F53027F28E3, cid=687, SUCCESS, logIndex=983, commits[b50d6464-f54a-40d1-9f81-f1c19654fd05:c985]
2019-09-12 09:26:01,874 [grpc-default-executor-1] INFO  client.GrpcClientProtocolClient (GrpcClientProtocolClient.java:onNext(264)) - client-8B023739F3BF->b50d6464-f54a-40d1-9f81-f1c19654fd05: receive RaftClientReply:client-8B023739F3BF->b50d6464-f54a-40d1-9f81-f1c19654fd05@group-1F53027F28E3, cid=688, SUCCESS, logIndex=984, commits[b50d6464-f54a-40d1-9f81-f1c19654fd05:c986]
2019-09-12 09:26:01,898 [grpc-default-executor-1] INFO  client.GrpcClientProtocolClient (GrpcClientProtocolClient.java:onNext(264)) - client-8B023739F3BF->b50d6464-f54a-40d1-9f81-f1c19654fd05: receive RaftClientReply:client-8B023739F3BF->b50d6464-f54a-40d1-9f81-f1c19654fd05@group-1F53027F28E3, cid=689, SUCCESS, logIndex=987, commits[b50d6464-f54a-40d1-9f81-f1c19654fd05:c988]
2019-09-12 09:26:01,898 [grpc-default-executor-1] INFO  client.GrpcClientProtocolClient (GrpcClientProtocolClient.java:onNext(264)) - client-8B023739F3BF->b50d6464-f54a-40d1-9f81-f1c19654fd05: receive RaftClientReply:client-8B023739F3BF->b50d6464-f54a-40d1-9f81-f1c19654fd05@group-1F53027F28E3, cid=690, SUCCESS, logIndex=988, commits[b50d6464-f54a-40d1-9f81-f1c19654fd05:c988]
2019-09-12 09:26:01,906 [grpc-default-executor-1] INFO  client.GrpcClientProtocolClient (GrpcClientProtocolClient.java:onNext(264)) - client-8B023739F3BF->b50d6464-f54a-40d1-9f81-f1c19654fd05: receive RaftClientReply:client-8B023739F3BF->b50d6464-f54a-40d1-9f81-f1c19654fd05@group-1F53027F28E3, cid=691, SUCCESS, logIndex=989, commits[b50d6464-f54a-40d1-9f81-f1c19654fd05:c990]
2019-09-12 09:26:01,906 [grpc-default-executor-1] INFO  client.GrpcClientProtocolClient (GrpcClientProtocolClient.java:onNext(264)) - client-8B023739F3BF->b50d6464-f54a-40d1-9f81-f1c19654fd05: receive RaftClientReply:client-8B023739F3BF->b50d6464-f54a-40d1-9f81-f1c19654fd05@group-1F53027F28E3, cid=692, SUCCESS, logIndex=990, commits[b50d6464-f54a-40d1-9f81-f1c19654fd05:c991]
2019-09-12 09:26:01,922 [SCMBlockDeletingService#0] DEBUG block.SCMBlockDeletingService (SCMBlockDeletingService.java:call(138)) - Running DeletedBlockTransactionScanner
2019-09-12 09:26:01,922 [SCMBlockDeletingService#0] DEBUG block.SCMBlockDeletingService (SCMBlockDeletingService.java:call(155)) - Scanned deleted blocks log and got 0 delTX to process.
2019-09-12 09:26:01,926 [grpc-default-executor-1] INFO  client.GrpcClientProtocolClient (GrpcClientProtocolClient.java:onNext(264)) - client-8B023739F3BF->b50d6464-f54a-40d1-9f81-f1c19654fd05: receive RaftClientReply:client-8B023739F3BF->b50d6464-f54a-40d1-9f81-f1c19654fd05@group-1F53027F28E3, cid=693, SUCCESS, logIndex=993, commits[b50d6464-f54a-40d1-9f81-f1c19654fd05:c994]
2019-09-12 09:26:02,006 [grpc-default-executor-1] INFO  client.GrpcClientProtocolClient (GrpcClientProtocolClient.java:onNext(264)) - client-8B023739F3BF->b50d6464-f54a-40d1-9f81-f1c19654fd05: receive RaftClientReply:client-8B023739F3BF->b50d6464-f54a-40d1-9f81-f1c19654fd05@group-1F53027F28E3, cid=694, SUCCESS, logIndex=994, commits[b50d6464-f54a-40d1-9f81-f1c19654fd05:c996]
2019-09-12 09:26:02,007 [grpc-default-executor-1] INFO  client.GrpcClientProtocolClient (GrpcClientProtocolClient.java:onNext(264)) - client-8B023739F3BF->b50d6464-f54a-40d1-9f81-f1c19654fd05: receive RaftClientReply:client-8B023739F3BF->b50d6464-f54a-40d1-9f81-f1c19654fd05@group-1F53027F28E3, cid=695, SUCCESS, logIndex=995, commits[b50d6464-f54a-40d1-9f81-f1c19654fd05:c997]
2019-09-12 09:26:02,008 [grpc-default-executor-1] INFO  client.GrpcClientProtocolClient (GrpcClientProtocolClient.java:onNext(264)) - client-8B023739F3BF->b50d6464-f54a-40d1-9f81-f1c19654fd05: receive RaftClientReply:client-8B023739F3BF->b50d6464-f54a-40d1-9f81-f1c19654fd05@group-1F53027F28E3, cid=696, SUCCESS, logIndex=996, commits[b50d6464-f54a-40d1-9f81-f1c19654fd05:c998]
2019-09-12 09:26:02,022 [SCMBlockDeletingService#0] DEBUG block.SCMBlockDeletingService (SCMBlockDeletingService.java:call(138)) - Running DeletedBlockTransactionScanner
2019-09-12 09:26:02,023 [SCMBlockDeletingService#0] DEBUG block.SCMBlockDeletingService (SCMBlockDeletingService.java:call(155)) - Scanned deleted blocks log and got 0 delTX to process.
2019-09-12 09:26:02,040 [grpc-default-executor-1] INFO  client.GrpcClientProtocolClient (GrpcClientProtocolClient.java:onNext(264)) - client-8B023739F3BF->b50d6464-f54a-40d1-9f81-f1c19654fd05: receive RaftClientReply:client-8B023739F3BF->b50d6464-f54a-40d1-9f81-f1c19654fd05@group-1F53027F28E3, cid=697, SUCCESS, logIndex=999, commits[b50d6464-f54a-40d1-9f81-f1c19654fd05:c1000]
2019-09-12 09:26:02,041 [grpc-default-executor-1] INFO  client.GrpcClientProtocolClient (GrpcClientProtocolClient.java:onNext(264)) - client-8B023739F3BF->b50d6464-f54a-40d1-9f81-f1c19654fd05: receive RaftClientReply:client-8B023739F3BF->b50d6464-f54a-40d1-9f81-f1c19654fd05@group-1F53027F28E3, cid=698, SUCCESS, logIndex=1000, commits[b50d6464-f54a-40d1-9f81-f1c19654fd05:c1002]
2019-09-12 09:26:02,041 [grpc-default-executor-1] INFO  client.GrpcClientProtocolClient (GrpcClientProtocolClient.java:onNext(264)) - client-8B023739F3BF->b50d6464-f54a-40d1-9f81-f1c19654fd05: receive RaftClientReply:client-8B023739F3BF->b50d6464-f54a-40d1-9f81-f1c19654fd05@group-1F53027F28E3, cid=699, SUCCESS, logIndex=1001, commits[b50d6464-f54a-40d1-9f81-f1c19654fd05:c1003]
2019-09-12 09:26:02,042 [grpc-default-executor-1] INFO  client.GrpcClientProtocolClient (GrpcClientProtocolClient.java:onNext(264)) - client-8B023739F3BF->b50d6464-f54a-40d1-9f81-f1c19654fd05: receive RaftClientReply:client-8B023739F3BF->b50d6464-f54a-40d1-9f81-f1c19654fd05@group-1F53027F28E3, cid=700, SUCCESS, logIndex=1002, commits[b50d6464-f54a-40d1-9f81-f1c19654fd05:c1004]
2019-09-12 09:26:02,065 [grpc-default-executor-2] INFO  client.GrpcClientProtocolClient (GrpcClientProtocolClient.java:onNext(264)) - client-8B023739F3BF->b50d6464-f54a-40d1-9f81-f1c19654fd05: receive RaftClientReply:client-8B023739F3BF->b50d6464-f54a-40d1-9f81-f1c19654fd05@group-1F53027F28E3, cid=701, SUCCESS, logIndex=1005, commits[b50d6464-f54a-40d1-9f81-f1c19654fd05:c1006]
2019-09-12 09:26:02,065 [grpc-default-executor-2] INFO  client.GrpcClientProtocolClient (GrpcClientProtocolClient.java:onNext(264)) - client-8B023739F3BF->b50d6464-f54a-40d1-9f81-f1c19654fd05: receive RaftClientReply:client-8B023739F3BF->b50d6464-f54a-40d1-9f81-f1c19654fd05@group-1F53027F28E3, cid=702, SUCCESS, logIndex=1006, commits[b50d6464-f54a-40d1-9f81-f1c19654fd05:c1008]
2019-09-12 09:26:02,066 [grpc-default-executor-2] INFO  client.GrpcClientProtocolClient (GrpcClientProtocolClient.java:onNext(264)) - client-8B023739F3BF->b50d6464-f54a-40d1-9f81-f1c19654fd05: receive RaftClientReply:client-8B023739F3BF->b50d6464-f54a-40d1-9f81-f1c19654fd05@group-1F53027F28E3, cid=703, SUCCESS, logIndex=1007, commits[b50d6464-f54a-40d1-9f81-f1c19654fd05:c1009]
2019-09-12 09:26:02,066 [grpc-default-executor-2] INFO  client.GrpcClientProtocolClient (GrpcClientProtocolClient.java:onNext(264)) - client-8B023739F3BF->b50d6464-f54a-40d1-9f81-f1c19654fd05: receive RaftClientReply:client-8B023739F3BF->b50d6464-f54a-40d1-9f81-f1c19654fd05@group-1F53027F28E3, cid=704, SUCCESS, logIndex=1008, commits[b50d6464-f54a-40d1-9f81-f1c19654fd05:c1010]
2019-09-12 09:26:02,101 [grpc-default-executor-1] INFO  client.GrpcClientProtocolClient (GrpcClientProtocolClient.java:onNext(264)) - client-8B023739F3BF->b50d6464-f54a-40d1-9f81-f1c19654fd05: receive RaftClientReply:client-8B023739F3BF->b50d6464-f54a-40d1-9f81-f1c19654fd05@group-1F53027F28E3, cid=705, SUCCESS, logIndex=1011, commits[b50d6464-f54a-40d1-9f81-f1c19654fd05:c1012]
2019-09-12 09:26:02,102 [grpc-default-executor-1] INFO  client.GrpcClientProtocolClient (GrpcClientProtocolClient.java:onNext(264)) - client-8B023739F3BF->b50d6464-f54a-40d1-9f81-f1c19654fd05: receive RaftClientReply:client-8B023739F3BF->b50d6464-f54a-40d1-9f81-f1c19654fd05@group-1F53027F28E3, cid=706, SUCCESS, logIndex=1012, commits[b50d6464-f54a-40d1-9f81-f1c19654fd05:c1012]
2019-09-12 09:26:02,123 [SCMBlockDeletingService#0] DEBUG block.SCMBlockDeletingService (SCMBlockDeletingService.java:call(138)) - Running DeletedBlockTransactionScanner
2019-09-12 09:26:02,123 [SCMBlockDeletingService#0] DEBUG block.SCMBlockDeletingService (SCMBlockDeletingService.java:call(155)) - Scanned deleted blocks log and got 0 delTX to process.
2019-09-12 09:26:02,207 [grpc-default-executor-2] INFO  client.GrpcClientProtocolClient (GrpcClientProtocolClient.java:onNext(264)) - client-8B023739F3BF->b50d6464-f54a-40d1-9f81-f1c19654fd05: receive RaftClientReply:client-8B023739F3BF->b50d6464-f54a-40d1-9f81-f1c19654fd05@group-1F53027F28E3, cid=707, SUCCESS, logIndex=1014, commits[b50d6464-f54a-40d1-9f81-f1c19654fd05:c1015]
2019-09-12 09:26:02,207 [grpc-default-executor-2] INFO  client.GrpcClientProtocolClient (GrpcClientProtocolClient.java:onNext(264)) - client-8B023739F3BF->b50d6464-f54a-40d1-9f81-f1c19654fd05: receive RaftClientReply:client-8B023739F3BF->b50d6464-f54a-40d1-9f81-f1c19654fd05@group-1F53027F28E3, cid=708, SUCCESS, logIndex=1015, commits[b50d6464-f54a-40d1-9f81-f1c19654fd05:c1016]
2019-09-12 09:26:02,224 [SCMBlockDeletingService#0] DEBUG block.SCMBlockDeletingService (SCMBlockDeletingService.java:call(138)) - Running DeletedBlockTransactionScanner
2019-09-12 09:26:02,224 [SCMBlockDeletingService#0] DEBUG block.SCMBlockDeletingService (SCMBlockDeletingService.java:call(155)) - Scanned deleted blocks log and got 0 delTX to process.
2019-09-12 09:26:02,228 [grpc-default-executor-1] INFO  client.GrpcClientProtocolClient (GrpcClientProtocolClient.java:onNext(264)) - client-8B023739F3BF->b50d6464-f54a-40d1-9f81-f1c19654fd05: receive RaftClientReply:client-8B023739F3BF->b50d6464-f54a-40d1-9f81-f1c19654fd05@group-1F53027F28E3, cid=709, SUCCESS, logIndex=1017, commits[b50d6464-f54a-40d1-9f81-f1c19654fd05:c1018]
2019-09-12 09:26:02,229 [grpc-default-executor-1] INFO  client.GrpcClientProtocolClient (GrpcClientProtocolClient.java:onNext(264)) - client-8B023739F3BF->b50d6464-f54a-40d1-9f81-f1c19654fd05: receive RaftClientReply:client-8B023739F3BF->b50d6464-f54a-40d1-9f81-f1c19654fd05@group-1F53027F28E3, cid=710, SUCCESS, logIndex=1018, commits[b50d6464-f54a-40d1-9f81-f1c19654fd05:c1018]
2019-09-12 09:26:02,237 [grpc-default-executor-1] INFO  client.GrpcClientProtocolClient (GrpcClientProtocolClient.java:onNext(264)) - client-8B023739F3BF->b50d6464-f54a-40d1-9f81-f1c19654fd05: receive RaftClientReply:client-8B023739F3BF->b50d6464-f54a-40d1-9f81-f1c19654fd05@group-1F53027F28E3, cid=711, SUCCESS, logIndex=1019, commits[b50d6464-f54a-40d1-9f81-f1c19654fd05:c1020]
2019-09-12 09:26:02,237 [grpc-default-executor-1] INFO  client.GrpcClientProtocolClient (GrpcClientProtocolClient.java:onNext(264)) - client-8B023739F3BF->b50d6464-f54a-40d1-9f81-f1c19654fd05: receive RaftClientReply:client-8B023739F3BF->b50d6464-f54a-40d1-9f81-f1c19654fd05@group-1F53027F28E3, cid=712, SUCCESS, logIndex=1020, commits[b50d6464-f54a-40d1-9f81-f1c19654fd05:c1021]
2019-09-12 09:26:02,268 [grpc-default-executor-1] INFO  client.GrpcClientProtocolClient (GrpcClientProtocolClient.java:onNext(264)) - client-8B023739F3BF->b50d6464-f54a-40d1-9f81-f1c19654fd05: receive RaftClientReply:client-8B023739F3BF->b50d6464-f54a-40d1-9f81-f1c19654fd05@group-1F53027F28E3, cid=713, SUCCESS, logIndex=1023, commits[b50d6464-f54a-40d1-9f81-f1c19654fd05:c1024]
2019-09-12 09:26:02,269 [grpc-default-executor-1] INFO  client.GrpcClientProtocolClient (GrpcClientProtocolClient.java:onNext(264)) - client-8B023739F3BF->b50d6464-f54a-40d1-9f81-f1c19654fd05: receive RaftClientReply:client-8B023739F3BF->b50d6464-f54a-40d1-9f81-f1c19654fd05@group-1F53027F28E3, cid=714, SUCCESS, logIndex=1024, commits[b50d6464-f54a-40d1-9f81-f1c19654fd05:c1027]
2019-09-12 09:26:02,270 [grpc-default-executor-1] INFO  client.GrpcClientProtocolClient (GrpcClientProtocolClient.java:onNext(264)) - client-8B023739F3BF->b50d6464-f54a-40d1-9f81-f1c19654fd05: receive RaftClientReply:client-8B023739F3BF->b50d6464-f54a-40d1-9f81-f1c19654fd05@group-1F53027F28E3, cid=715, SUCCESS, logIndex=1025, commits[b50d6464-f54a-40d1-9f81-f1c19654fd05:c1027]
2019-09-12 09:26:02,270 [grpc-default-executor-1] INFO  client.GrpcClientProtocolClient (GrpcClientProtocolClient.java:onNext(264)) - client-8B023739F3BF->b50d6464-f54a-40d1-9f81-f1c19654fd05: receive RaftClientReply:client-8B023739F3BF->b50d6464-f54a-40d1-9f81-f1c19654fd05@group-1F53027F28E3, cid=716, SUCCESS, logIndex=1026, commits[b50d6464-f54a-40d1-9f81-f1c19654fd05:c1027]
2019-09-12 09:26:02,292 [grpc-default-executor-2] INFO  client.GrpcClientProtocolClient (GrpcClientProtocolClient.java:onNext(264)) - client-8B023739F3BF->b50d6464-f54a-40d1-9f81-f1c19654fd05: receive RaftClientReply:client-8B023739F3BF->b50d6464-f54a-40d1-9f81-f1c19654fd05@group-1F53027F28E3, cid=717, SUCCESS, logIndex=1028, commits[b50d6464-f54a-40d1-9f81-f1c19654fd05:c1029]
2019-09-12 09:26:02,292 [grpc-default-executor-2] INFO  client.GrpcClientProtocolClient (GrpcClientProtocolClient.java:onNext(264)) - client-8B023739F3BF->b50d6464-f54a-40d1-9f81-f1c19654fd05: receive RaftClientReply:client-8B023739F3BF->b50d6464-f54a-40d1-9f81-f1c19654fd05@group-1F53027F28E3, cid=718, SUCCESS, logIndex=1029, commits[b50d6464-f54a-40d1-9f81-f1c19654fd05:c1031]
2019-09-12 09:26:02,293 [grpc-default-executor-2] INFO  client.GrpcClientProtocolClient (GrpcClientProtocolClient.java:onNext(264)) - client-8B023739F3BF->b50d6464-f54a-40d1-9f81-f1c19654fd05: receive RaftClientReply:client-8B023739F3BF->b50d6464-f54a-40d1-9f81-f1c19654fd05@group-1F53027F28E3, cid=719, SUCCESS, logIndex=1030, commits[b50d6464-f54a-40d1-9f81-f1c19654fd05:c1032]
2019-09-12 09:26:02,293 [grpc-default-executor-2] INFO  client.GrpcClientProtocolClient (GrpcClientProtocolClient.java:onNext(264)) - client-8B023739F3BF->b50d6464-f54a-40d1-9f81-f1c19654fd05: receive RaftClientReply:client-8B023739F3BF->b50d6464-f54a-40d1-9f81-f1c19654fd05@group-1F53027F28E3, cid=720, SUCCESS, logIndex=1031, commits[b50d6464-f54a-40d1-9f81-f1c19654fd05:c1032]
2019-09-12 09:26:02,322 [grpc-default-executor-2] INFO  client.GrpcClientProtocolClient (GrpcClientProtocolClient.java:onNext(264)) - client-8B023739F3BF->b50d6464-f54a-40d1-9f81-f1c19654fd05: receive RaftClientReply:client-8B023739F3BF->b50d6464-f54a-40d1-9f81-f1c19654fd05@group-1F53027F28E3, cid=721, SUCCESS, logIndex=1034, commits[b50d6464-f54a-40d1-9f81-f1c19654fd05:c1035]
2019-09-12 09:26:02,323 [grpc-default-executor-2] INFO  client.GrpcClientProtocolClient (GrpcClientProtocolClient.java:onNext(264)) - client-8B023739F3BF->b50d6464-f54a-40d1-9f81-f1c19654fd05: receive RaftClientReply:client-8B023739F3BF->b50d6464-f54a-40d1-9f81-f1c19654fd05@group-1F53027F28E3, cid=722, SUCCESS, logIndex=1035, commits[b50d6464-f54a-40d1-9f81-f1c19654fd05:c1037]
2019-09-12 09:26:02,324 [grpc-default-executor-2] INFO  client.GrpcClientProtocolClient (GrpcClientProtocolClient.java:onNext(264)) - client-8B023739F3BF->b50d6464-f54a-40d1-9f81-f1c19654fd05: receive RaftClientReply:client-8B023739F3BF->b50d6464-f54a-40d1-9f81-f1c19654fd05@group-1F53027F28E3, cid=723, SUCCESS, logIndex=1036, commits[b50d6464-f54a-40d1-9f81-f1c19654fd05:c1038]
2019-09-12 09:26:02,324 [grpc-default-executor-2] INFO  client.GrpcClientProtocolClient (GrpcClientProtocolClient.java:onNext(264)) - client-8B023739F3BF->b50d6464-f54a-40d1-9f81-f1c19654fd05: receive RaftClientReply:client-8B023739F3BF->b50d6464-f54a-40d1-9f81-f1c19654fd05@group-1F53027F28E3, cid=724, SUCCESS, logIndex=1037, commits[b50d6464-f54a-40d1-9f81-f1c19654fd05:c1039]
2019-09-12 09:26:02,324 [SCMBlockDeletingService#0] DEBUG block.SCMBlockDeletingService (SCMBlockDeletingService.java:call(138)) - Running DeletedBlockTransactionScanner
2019-09-12 09:26:02,325 [SCMBlockDeletingService#0] DEBUG block.SCMBlockDeletingService (SCMBlockDeletingService.java:call(155)) - Scanned deleted blocks log and got 0 delTX to process.
2019-09-12 09:26:02,343 [grpc-default-executor-1] INFO  client.GrpcClientProtocolClient (GrpcClientProtocolClient.java:onNext(264)) - client-8B023739F3BF->b50d6464-f54a-40d1-9f81-f1c19654fd05: receive RaftClientReply:client-8B023739F3BF->b50d6464-f54a-40d1-9f81-f1c19654fd05@group-1F53027F28E3, cid=725, SUCCESS, logIndex=1040, commits[b50d6464-f54a-40d1-9f81-f1c19654fd05:c1043]
2019-09-12 09:26:02,344 [grpc-default-executor-1] INFO  client.GrpcClientProtocolClient (GrpcClientProtocolClient.java:onNext(264)) - client-8B023739F3BF->b50d6464-f54a-40d1-9f81-f1c19654fd05: receive RaftClientReply:client-8B023739F3BF->b50d6464-f54a-40d1-9f81-f1c19654fd05@group-1F53027F28E3, cid=726, SUCCESS, logIndex=1041, commits[b50d6464-f54a-40d1-9f81-f1c19654fd05:c1044]
2019-09-12 09:26:02,344 [grpc-default-executor-1] INFO  client.GrpcClientProtocolClient (GrpcClientProtocolClient.java:onNext(264)) - client-8B023739F3BF->b50d6464-f54a-40d1-9f81-f1c19654fd05: receive RaftClientReply:client-8B023739F3BF->b50d6464-f54a-40d1-9f81-f1c19654fd05@group-1F53027F28E3, cid=727, SUCCESS, logIndex=1042, commits[b50d6464-f54a-40d1-9f81-f1c19654fd05:c1044]
2019-09-12 09:26:02,344 [grpc-default-executor-1] INFO  client.GrpcClientProtocolClient (GrpcClientProtocolClient.java:onNext(264)) - client-8B023739F3BF->b50d6464-f54a-40d1-9f81-f1c19654fd05: receive RaftClientReply:client-8B023739F3BF->b50d6464-f54a-40d1-9f81-f1c19654fd05@group-1F53027F28E3, cid=728, SUCCESS, logIndex=1043, commits[b50d6464-f54a-40d1-9f81-f1c19654fd05:c1045]
2019-09-12 09:26:02,371 [grpc-default-executor-2] INFO  client.GrpcClientProtocolClient (GrpcClientProtocolClient.java:onNext(264)) - client-8B023739F3BF->b50d6464-f54a-40d1-9f81-f1c19654fd05: receive RaftClientReply:client-8B023739F3BF->b50d6464-f54a-40d1-9f81-f1c19654fd05@group-1F53027F28E3, cid=729, SUCCESS, logIndex=1046, commits[b50d6464-f54a-40d1-9f81-f1c19654fd05:c1049]
2019-09-12 09:26:02,372 [grpc-default-executor-2] INFO  client.GrpcClientProtocolClient (GrpcClientProtocolClient.java:onNext(264)) - client-8B023739F3BF->b50d6464-f54a-40d1-9f81-f1c19654fd05: receive RaftClientReply:client-8B023739F3BF->b50d6464-f54a-40d1-9f81-f1c19654fd05@group-1F53027F28E3, cid=730, SUCCESS, logIndex=1047, commits[b50d6464-f54a-40d1-9f81-f1c19654fd05:c1050]
2019-09-12 09:26:02,372 [grpc-default-executor-2] INFO  client.GrpcClientProtocolClient (GrpcClientProtocolClient.java:onNext(264)) - client-8B023739F3BF->b50d6464-f54a-40d1-9f81-f1c19654fd05: receive RaftClientReply:client-8B023739F3BF->b50d6464-f54a-40d1-9f81-f1c19654fd05@group-1F53027F28E3, cid=731, SUCCESS, logIndex=1048, commits[b50d6464-f54a-40d1-9f81-f1c19654fd05:c1051]
2019-09-12 09:26:02,373 [grpc-default-executor-2] INFO  client.GrpcClientProtocolClient (GrpcClientProtocolClient.java:onNext(264)) - client-8B023739F3BF->b50d6464-f54a-40d1-9f81-f1c19654fd05: receive RaftClientReply:client-8B023739F3BF->b50d6464-f54a-40d1-9f81-f1c19654fd05@group-1F53027F28E3, cid=732, SUCCESS, logIndex=1049, commits[b50d6464-f54a-40d1-9f81-f1c19654fd05:c1051]
2019-09-12 09:26:02,390 [grpc-default-executor-1] INFO  client.GrpcClientProtocolClient (GrpcClientProtocolClient.java:onNext(264)) - client-8B023739F3BF->b50d6464-f54a-40d1-9f81-f1c19654fd05: receive RaftClientReply:client-8B023739F3BF->b50d6464-f54a-40d1-9f81-f1c19654fd05@group-1F53027F28E3, cid=733, SUCCESS, logIndex=1052, commits[b50d6464-f54a-40d1-9f81-f1c19654fd05:c1055]
2019-09-12 09:26:02,390 [grpc-default-executor-1] INFO  client.GrpcClientProtocolClient (GrpcClientProtocolClient.java:onNext(264)) - client-8B023739F3BF->b50d6464-f54a-40d1-9f81-f1c19654fd05: receive RaftClientReply:client-8B023739F3BF->b50d6464-f54a-40d1-9f81-f1c19654fd05@group-1F53027F28E3, cid=734, SUCCESS, logIndex=1053, commits[b50d6464-f54a-40d1-9f81-f1c19654fd05:c1056]
2019-09-12 09:26:02,391 [grpc-default-executor-1] INFO  client.GrpcClientProtocolClient (GrpcClientProtocolClient.java:onNext(264)) - client-8B023739F3BF->b50d6464-f54a-40d1-9f81-f1c19654fd05: receive RaftClientReply:client-8B023739F3BF->b50d6464-f54a-40d1-9f81-f1c19654fd05@group-1F53027F28E3, cid=735, SUCCESS, logIndex=1054, commits[b50d6464-f54a-40d1-9f81-f1c19654fd05:c1057]
2019-09-12 09:26:02,391 [grpc-default-executor-1] INFO  client.GrpcClientProtocolClient (GrpcClientProtocolClient.java:onNext(264)) - client-8B023739F3BF->b50d6464-f54a-40d1-9f81-f1c19654fd05: receive RaftClientReply:client-8B023739F3BF->b50d6464-f54a-40d1-9f81-f1c19654fd05@group-1F53027F28E3, cid=736, SUCCESS, logIndex=1055, commits[b50d6464-f54a-40d1-9f81-f1c19654fd05:c1057]
2019-09-12 09:26:02,418 [grpc-default-executor-2] INFO  client.GrpcClientProtocolClient (GrpcClientProtocolClient.java:onNext(264)) - client-8B023739F3BF->b50d6464-f54a-40d1-9f81-f1c19654fd05: receive RaftClientReply:client-8B023739F3BF->b50d6464-f54a-40d1-9f81-f1c19654fd05@group-1F53027F28E3, cid=737, SUCCESS, logIndex=1058, commits[b50d6464-f54a-40d1-9f81-f1c19654fd05:c1061]
2019-09-12 09:26:02,419 [grpc-default-executor-2] INFO  client.GrpcClientProtocolClient (GrpcClientProtocolClient.java:onNext(264)) - client-8B023739F3BF->b50d6464-f54a-40d1-9f81-f1c19654fd05: receive RaftClientReply:client-8B023739F3BF->b50d6464-f54a-40d1-9f81-f1c19654fd05@group-1F53027F28E3, cid=738, SUCCESS, logIndex=1059, commits[b50d6464-f54a-40d1-9f81-f1c19654fd05:c1062]
2019-09-12 09:26:02,419 [grpc-default-executor-2] INFO  client.GrpcClientProtocolClient (GrpcClientProtocolClient.java:onNext(264)) - client-8B023739F3BF->b50d6464-f54a-40d1-9f81-f1c19654fd05: receive RaftClientReply:client-8B023739F3BF->b50d6464-f54a-40d1-9f81-f1c19654fd05@group-1F53027F28E3, cid=739, SUCCESS, logIndex=1060, commits[b50d6464-f54a-40d1-9f81-f1c19654fd05:c1062]
2019-09-12 09:26:02,419 [grpc-default-executor-2] INFO  client.GrpcClientProtocolClient (GrpcClientProtocolClient.java:onNext(264)) - client-8B023739F3BF->b50d6464-f54a-40d1-9f81-f1c19654fd05: receive RaftClientReply:client-8B023739F3BF->b50d6464-f54a-40d1-9f81-f1c19654fd05@group-1F53027F28E3, cid=740, SUCCESS, logIndex=1061, commits[b50d6464-f54a-40d1-9f81-f1c19654fd05:c1063]
2019-09-12 09:26:02,425 [SCMBlockDeletingService#0] DEBUG block.SCMBlockDeletingService (SCMBlockDeletingService.java:call(138)) - Running DeletedBlockTransactionScanner
2019-09-12 09:26:02,425 [SCMBlockDeletingService#0] DEBUG block.SCMBlockDeletingService (SCMBlockDeletingService.java:call(155)) - Scanned deleted blocks log and got 0 delTX to process.
2019-09-12 09:26:02,442 [grpc-default-executor-1] INFO  client.GrpcClientProtocolClient (GrpcClientProtocolClient.java:onNext(264)) - client-8B023739F3BF->b50d6464-f54a-40d1-9f81-f1c19654fd05: receive RaftClientReply:client-8B023739F3BF->b50d6464-f54a-40d1-9f81-f1c19654fd05@group-1F53027F28E3, cid=741, SUCCESS, logIndex=1064, commits[b50d6464-f54a-40d1-9f81-f1c19654fd05:c1067]
2019-09-12 09:26:02,442 [grpc-default-executor-1] INFO  client.GrpcClientProtocolClient (GrpcClientProtocolClient.java:onNext(264)) - client-8B023739F3BF->b50d6464-f54a-40d1-9f81-f1c19654fd05: receive RaftClientReply:client-8B023739F3BF->b50d6464-f54a-40d1-9f81-f1c19654fd05@group-1F53027F28E3, cid=742, SUCCESS, logIndex=1065, commits[b50d6464-f54a-40d1-9f81-f1c19654fd05:c1068]
2019-09-12 09:26:02,442 [grpc-default-executor-1] INFO  client.GrpcClientProtocolClient (GrpcClientProtocolClient.java:onNext(264)) - client-8B023739F3BF->b50d6464-f54a-40d1-9f81-f1c19654fd05: receive RaftClientReply:client-8B023739F3BF->b50d6464-f54a-40d1-9f81-f1c19654fd05@group-1F53027F28E3, cid=743, SUCCESS, logIndex=1066, commits[b50d6464-f54a-40d1-9f81-f1c19654fd05:c1068]
2019-09-12 09:26:02,443 [grpc-default-executor-1] INFO  client.GrpcClientProtocolClient (GrpcClientProtocolClient.java:onNext(264)) - client-8B023739F3BF->b50d6464-f54a-40d1-9f81-f1c19654fd05: receive RaftClientReply:client-8B023739F3BF->b50d6464-f54a-40d1-9f81-f1c19654fd05@group-1F53027F28E3, cid=744, SUCCESS, logIndex=1067, commits[b50d6464-f54a-40d1-9f81-f1c19654fd05:c1068]
2019-09-12 09:26:02,467 [grpc-default-executor-1] INFO  client.GrpcClientProtocolClient (GrpcClientProtocolClient.java:onNext(264)) - client-8B023739F3BF->b50d6464-f54a-40d1-9f81-f1c19654fd05: receive RaftClientReply:client-8B023739F3BF->b50d6464-f54a-40d1-9f81-f1c19654fd05@group-1F53027F28E3, cid=745, SUCCESS, logIndex=1069, commits[b50d6464-f54a-40d1-9f81-f1c19654fd05:c1072]
2019-09-12 09:26:02,468 [grpc-default-executor-1] INFO  client.GrpcClientProtocolClient (GrpcClientProtocolClient.java:onNext(264)) - client-8B023739F3BF->b50d6464-f54a-40d1-9f81-f1c19654fd05: receive RaftClientReply:client-8B023739F3BF->b50d6464-f54a-40d1-9f81-f1c19654fd05@group-1F53027F28E3, cid=746, SUCCESS, logIndex=1070, commits[b50d6464-f54a-40d1-9f81-f1c19654fd05:c1073]
2019-09-12 09:26:02,469 [grpc-default-executor-1] INFO  client.GrpcClientProtocolClient (GrpcClientProtocolClient.java:onNext(264)) - client-8B023739F3BF->b50d6464-f54a-40d1-9f81-f1c19654fd05: receive RaftClientReply:client-8B023739F3BF->b50d6464-f54a-40d1-9f81-f1c19654fd05@group-1F53027F28E3, cid=747, SUCCESS, logIndex=1071, commits[b50d6464-f54a-40d1-9f81-f1c19654fd05:c1073]
2019-09-12 09:26:02,469 [grpc-default-executor-1] INFO  client.GrpcClientProtocolClient (GrpcClientProtocolClient.java:onNext(264)) - client-8B023739F3BF->b50d6464-f54a-40d1-9f81-f1c19654fd05: receive RaftClientReply:client-8B023739F3BF->b50d6464-f54a-40d1-9f81-f1c19654fd05@group-1F53027F28E3, cid=748, SUCCESS, logIndex=1072, commits[b50d6464-f54a-40d1-9f81-f1c19654fd05:c1074]
2019-09-12 09:26:02,491 [grpc-default-executor-2] INFO  client.GrpcClientProtocolClient (GrpcClientProtocolClient.java:onNext(264)) - client-8B023739F3BF->b50d6464-f54a-40d1-9f81-f1c19654fd05: receive RaftClientReply:client-8B023739F3BF->b50d6464-f54a-40d1-9f81-f1c19654fd05@group-1F53027F28E3, cid=749, SUCCESS, logIndex=1075, commits[b50d6464-f54a-40d1-9f81-f1c19654fd05:c1076]
2019-09-12 09:26:02,491 [grpc-default-executor-2] INFO  client.GrpcClientProtocolClient (GrpcClientProtocolClient.java:onNext(264)) - client-8B023739F3BF->b50d6464-f54a-40d1-9f81-f1c19654fd05: receive RaftClientReply:client-8B023739F3BF->b50d6464-f54a-40d1-9f81-f1c19654fd05@group-1F53027F28E3, cid=750, SUCCESS, logIndex=1076, commits[b50d6464-f54a-40d1-9f81-f1c19654fd05:c1077]
2019-09-12 09:26:02,526 [SCMBlockDeletingService#0] DEBUG block.SCMBlockDeletingService (SCMBlockDeletingService.java:call(138)) - Running DeletedBlockTransactionScanner
2019-09-12 09:26:02,526 [SCMBlockDeletingService#0] DEBUG block.SCMBlockDeletingService (SCMBlockDeletingService.java:call(155)) - Scanned deleted blocks log and got 0 delTX to process.
2019-09-12 09:26:02,633 [SCMBlockDeletingService#0] DEBUG block.SCMBlockDeletingService (SCMBlockDeletingService.java:call(138)) - Running DeletedBlockTransactionScanner
2019-09-12 09:26:02,634 [SCMBlockDeletingService#0] DEBUG block.SCMBlockDeletingService (SCMBlockDeletingService.java:call(155)) - Scanned deleted blocks log and got 0 delTX to process.
2019-09-12 09:26:02,671 [grpc-default-executor-1] INFO  client.GrpcClientProtocolClient (GrpcClientProtocolClient.java:onNext(264)) - client-8B023739F3BF->b50d6464-f54a-40d1-9f81-f1c19654fd05: receive RaftClientReply:client-8B023739F3BF->b50d6464-f54a-40d1-9f81-f1c19654fd05@group-1F53027F28E3, cid=751, SUCCESS, logIndex=1078, commits[b50d6464-f54a-40d1-9f81-f1c19654fd05:c1079]
2019-09-12 09:26:02,672 [grpc-default-executor-1] INFO  client.GrpcClientProtocolClient (GrpcClientProtocolClient.java:onNext(264)) - client-8B023739F3BF->b50d6464-f54a-40d1-9f81-f1c19654fd05: receive RaftClientReply:client-8B023739F3BF->b50d6464-f54a-40d1-9f81-f1c19654fd05@group-1F53027F28E3, cid=752, SUCCESS, logIndex=1079, commits[b50d6464-f54a-40d1-9f81-f1c19654fd05:c1080]
2019-09-12 09:26:02,709 [grpc-default-executor-1] INFO  client.GrpcClientProtocolClient (GrpcClientProtocolClient.java:onNext(264)) - client-8B023739F3BF->b50d6464-f54a-40d1-9f81-f1c19654fd05: receive RaftClientReply:client-8B023739F3BF->b50d6464-f54a-40d1-9f81-f1c19654fd05@group-1F53027F28E3, cid=753, SUCCESS, logIndex=1081, commits[b50d6464-f54a-40d1-9f81-f1c19654fd05:c1082]
2019-09-12 09:26:02,710 [grpc-default-executor-1] INFO  client.GrpcClientProtocolClient (GrpcClientProtocolClient.java:onNext(264)) - client-8B023739F3BF->b50d6464-f54a-40d1-9f81-f1c19654fd05: receive RaftClientReply:client-8B023739F3BF->b50d6464-f54a-40d1-9f81-f1c19654fd05@group-1F53027F28E3, cid=754, SUCCESS, logIndex=1082, commits[b50d6464-f54a-40d1-9f81-f1c19654fd05:c1085]
2019-09-12 09:26:02,710 [grpc-default-executor-1] INFO  client.GrpcClientProtocolClient (GrpcClientProtocolClient.java:onNext(264)) - client-8B023739F3BF->b50d6464-f54a-40d1-9f81-f1c19654fd05: receive RaftClientReply:client-8B023739F3BF->b50d6464-f54a-40d1-9f81-f1c19654fd05@group-1F53027F28E3, cid=755, SUCCESS, logIndex=1083, commits[b50d6464-f54a-40d1-9f81-f1c19654fd05:c1086]
2019-09-12 09:26:02,710 [grpc-default-executor-1] INFO  client.GrpcClientProtocolClient (GrpcClientProtocolClient.java:onNext(264)) - client-8B023739F3BF->b50d6464-f54a-40d1-9f81-f1c19654fd05: receive RaftClientReply:client-8B023739F3BF->b50d6464-f54a-40d1-9f81-f1c19654fd05@group-1F53027F28E3, cid=756, SUCCESS, logIndex=1084, commits[b50d6464-f54a-40d1-9f81-f1c19654fd05:c1086]
2019-09-12 09:26:02,849 [SCMBlockDeletingService#0] DEBUG block.SCMBlockDeletingService (SCMBlockDeletingService.java:call(138)) - Running DeletedBlockTransactionScanner
2019-09-12 09:26:02,850 [SCMBlockDeletingService#0] DEBUG block.SCMBlockDeletingService (SCMBlockDeletingService.java:call(155)) - Scanned deleted blocks log and got 0 delTX to process.
2019-09-12 09:26:02,865 [grpc-default-executor-1] INFO  client.GrpcClientProtocolClient (GrpcClientProtocolClient.java:onNext(264)) - client-8B023739F3BF->b50d6464-f54a-40d1-9f81-f1c19654fd05: receive RaftClientReply:client-8B023739F3BF->b50d6464-f54a-40d1-9f81-f1c19654fd05@group-1F53027F28E3, cid=757, SUCCESS, logIndex=1087, commits[b50d6464-f54a-40d1-9f81-f1c19654fd05:c1088]
2019-09-12 09:26:02,866 [grpc-default-executor-1] INFO  client.GrpcClientProtocolClient (GrpcClientProtocolClient.java:onNext(264)) - client-8B023739F3BF->b50d6464-f54a-40d1-9f81-f1c19654fd05: receive RaftClientReply:client-8B023739F3BF->b50d6464-f54a-40d1-9f81-f1c19654fd05@group-1F53027F28E3, cid=758, SUCCESS, logIndex=1088, commits[b50d6464-f54a-40d1-9f81-f1c19654fd05:c1091]
2019-09-12 09:26:02,866 [grpc-default-executor-1] INFO  client.GrpcClientProtocolClient (GrpcClientProtocolClient.java:onNext(264)) - client-8B023739F3BF->b50d6464-f54a-40d1-9f81-f1c19654fd05: receive RaftClientReply:client-8B023739F3BF->b50d6464-f54a-40d1-9f81-f1c19654fd05@group-1F53027F28E3, cid=759, SUCCESS, logIndex=1089, commits[b50d6464-f54a-40d1-9f81-f1c19654fd05:c1091]
2019-09-12 09:26:02,867 [grpc-default-executor-1] INFO  client.GrpcClientProtocolClient (GrpcClientProtocolClient.java:onNext(264)) - client-8B023739F3BF->b50d6464-f54a-40d1-9f81-f1c19654fd05: receive RaftClientReply:client-8B023739F3BF->b50d6464-f54a-40d1-9f81-f1c19654fd05@group-1F53027F28E3, cid=760, SUCCESS, logIndex=1090, commits[b50d6464-f54a-40d1-9f81-f1c19654fd05:c1092]
2019-09-12 09:26:02,894 [grpc-default-executor-1] INFO  client.GrpcClientProtocolClient (GrpcClientProtocolClient.java:onNext(264)) - client-8B023739F3BF->b50d6464-f54a-40d1-9f81-f1c19654fd05: receive RaftClientReply:client-8B023739F3BF->b50d6464-f54a-40d1-9f81-f1c19654fd05@group-1F53027F28E3, cid=761, SUCCESS, logIndex=1093, commits[b50d6464-f54a-40d1-9f81-f1c19654fd05:c1094]
2019-09-12 09:26:02,895 [grpc-default-executor-1] INFO  client.GrpcClientProtocolClient (GrpcClientProtocolClient.java:onNext(264)) - client-8B023739F3BF->b50d6464-f54a-40d1-9f81-f1c19654fd05: receive RaftClientReply:client-8B023739F3BF->b50d6464-f54a-40d1-9f81-f1c19654fd05@group-1F53027F28E3, cid=762, SUCCESS, logIndex=1094, commits[b50d6464-f54a-40d1-9f81-f1c19654fd05:c1096]
2019-09-12 09:26:02,895 [grpc-default-executor-1] INFO  client.GrpcClientProtocolClient (GrpcClientProtocolClient.java:onNext(264)) - client-8B023739F3BF->b50d6464-f54a-40d1-9f81-f1c19654fd05: receive RaftClientReply:client-8B023739F3BF->b50d6464-f54a-40d1-9f81-f1c19654fd05@group-1F53027F28E3, cid=763, SUCCESS, logIndex=1095, commits[b50d6464-f54a-40d1-9f81-f1c19654fd05:c1097]
2019-09-12 09:26:02,896 [grpc-default-executor-1] INFO  client.GrpcClientProtocolClient (GrpcClientProtocolClient.java:onNext(264)) - client-8B023739F3BF->b50d6464-f54a-40d1-9f81-f1c19654fd05: receive RaftClientReply:client-8B023739F3BF->b50d6464-f54a-40d1-9f81-f1c19654fd05@group-1F53027F28E3, cid=764, SUCCESS, logIndex=1096, commits[b50d6464-f54a-40d1-9f81-f1c19654fd05:c1098]
2019-09-12 09:26:02,917 [grpc-default-executor-1] INFO  client.GrpcClientProtocolClient (GrpcClientProtocolClient.java:onNext(264)) - client-8B023739F3BF->b50d6464-f54a-40d1-9f81-f1c19654fd05: receive RaftClientReply:client-8B023739F3BF->b50d6464-f54a-40d1-9f81-f1c19654fd05@group-1F53027F28E3, cid=765, SUCCESS, logIndex=1099, commits[b50d6464-f54a-40d1-9f81-f1c19654fd05:c1102]
2019-09-12 09:26:02,918 [grpc-default-executor-1] INFO  client.GrpcClientProtocolClient (GrpcClientProtocolClient.java:onNext(264)) - client-8B023739F3BF->b50d6464-f54a-40d1-9f81-f1c19654fd05: receive RaftClientReply:client-8B023739F3BF->b50d6464-f54a-40d1-9f81-f1c19654fd05@group-1F53027F28E3, cid=766, SUCCESS, logIndex=1100, commits[b50d6464-f54a-40d1-9f81-f1c19654fd05:c1103]
2019-09-12 09:26:02,918 [grpc-default-executor-1] INFO  client.GrpcClientProtocolClient (GrpcClientProtocolClient.java:onNext(264)) - client-8B023739F3BF->b50d6464-f54a-40d1-9f81-f1c19654fd05: receive RaftClientReply:client-8B023739F3BF->b50d6464-f54a-40d1-9f81-f1c19654fd05@group-1F53027F28E3, cid=767, SUCCESS, logIndex=1101, commits[b50d6464-f54a-40d1-9f81-f1c19654fd05:c1104]
2019-09-12 09:26:02,919 [grpc-default-executor-1] INFO  client.GrpcClientProtocolClient (GrpcClientProtocolClient.java:onNext(264)) - client-8B023739F3BF->b50d6464-f54a-40d1-9f81-f1c19654fd05: receive RaftClientReply:client-8B023739F3BF->b50d6464-f54a-40d1-9f81-f1c19654fd05@group-1F53027F28E3, cid=768, SUCCESS, logIndex=1102, commits[b50d6464-f54a-40d1-9f81-f1c19654fd05:c1104]
2019-09-12 09:26:02,946 [grpc-default-executor-1] INFO  client.GrpcClientProtocolClient (GrpcClientProtocolClient.java:onNext(264)) - client-8B023739F3BF->b50d6464-f54a-40d1-9f81-f1c19654fd05: receive RaftClientReply:client-8B023739F3BF->b50d6464-f54a-40d1-9f81-f1c19654fd05@group-1F53027F28E3, cid=769, SUCCESS, logIndex=1105, commits[b50d6464-f54a-40d1-9f81-f1c19654fd05:c1108]
2019-09-12 09:26:02,946 [grpc-default-executor-1] INFO  client.GrpcClientProtocolClient (GrpcClientProtocolClient.java:onNext(264)) - client-8B023739F3BF->b50d6464-f54a-40d1-9f81-f1c19654fd05: receive RaftClientReply:client-8B023739F3BF->b50d6464-f54a-40d1-9f81-f1c19654fd05@group-1F53027F28E3, cid=770, SUCCESS, logIndex=1106, commits[b50d6464-f54a-40d1-9f81-f1c19654fd05:c1109]
2019-09-12 09:26:02,947 [grpc-default-executor-1] INFO  client.GrpcClientProtocolClient (GrpcClientProtocolClient.java:onNext(264)) - client-8B023739F3BF->b50d6464-f54a-40d1-9f81-f1c19654fd05: receive RaftClientReply:client-8B023739F3BF->b50d6464-f54a-40d1-9f81-f1c19654fd05@group-1F53027F28E3, cid=771, SUCCESS, logIndex=1107, commits[b50d6464-f54a-40d1-9f81-f1c19654fd05:c1110]
2019-09-12 09:26:02,947 [grpc-default-executor-1] INFO  client.GrpcClientProtocolClient (GrpcClientProtocolClient.java:onNext(264)) - client-8B023739F3BF->b50d6464-f54a-40d1-9f81-f1c19654fd05: receive RaftClientReply:client-8B023739F3BF->b50d6464-f54a-40d1-9f81-f1c19654fd05@group-1F53027F28E3, cid=772, SUCCESS, logIndex=1108, commits[b50d6464-f54a-40d1-9f81-f1c19654fd05:c1110]
2019-09-12 09:26:02,950 [SCMBlockDeletingService#0] DEBUG block.SCMBlockDeletingService (SCMBlockDeletingService.java:call(138)) - Running DeletedBlockTransactionScanner
2019-09-12 09:26:02,950 [SCMBlockDeletingService#0] DEBUG block.SCMBlockDeletingService (SCMBlockDeletingService.java:call(155)) - Scanned deleted blocks log and got 0 delTX to process.
2019-09-12 09:26:02,971 [grpc-default-executor-1] INFO  client.GrpcClientProtocolClient (GrpcClientProtocolClient.java:onNext(264)) - client-8B023739F3BF->b50d6464-f54a-40d1-9f81-f1c19654fd05: receive RaftClientReply:client-8B023739F3BF->b50d6464-f54a-40d1-9f81-f1c19654fd05@group-1F53027F28E3, cid=773, SUCCESS, logIndex=1111, commits[b50d6464-f54a-40d1-9f81-f1c19654fd05:c1114]
2019-09-12 09:26:02,971 [grpc-default-executor-1] INFO  client.GrpcClientProtocolClient (GrpcClientProtocolClient.java:onNext(264)) - client-8B023739F3BF->b50d6464-f54a-40d1-9f81-f1c19654fd05: receive RaftClientReply:client-8B023739F3BF->b50d6464-f54a-40d1-9f81-f1c19654fd05@group-1F53027F28E3, cid=774, SUCCESS, logIndex=1112, commits[b50d6464-f54a-40d1-9f81-f1c19654fd05:c1114]
2019-09-12 09:26:02,972 [grpc-default-executor-1] INFO  client.GrpcClientProtocolClient (GrpcClientProtocolClient.java:onNext(264)) - client-8B023739F3BF->b50d6464-f54a-40d1-9f81-f1c19654fd05: receive RaftClientReply:client-8B023739F3BF->b50d6464-f54a-40d1-9f81-f1c19654fd05@group-1F53027F28E3, cid=775, SUCCESS, logIndex=1113, commits[b50d6464-f54a-40d1-9f81-f1c19654fd05:c1114]
2019-09-12 09:26:02,972 [grpc-default-executor-1] INFO  client.GrpcClientProtocolClient (GrpcClientProtocolClient.java:onNext(264)) - client-8B023739F3BF->b50d6464-f54a-40d1-9f81-f1c19654fd05: receive RaftClientReply:client-8B023739F3BF->b50d6464-f54a-40d1-9f81-f1c19654fd05@group-1F53027F28E3, cid=776, SUCCESS, logIndex=1114, commits[b50d6464-f54a-40d1-9f81-f1c19654fd05:c1115]
2019-09-12 09:26:02,998 [grpc-default-executor-2] INFO  client.GrpcClientProtocolClient (GrpcClientProtocolClient.java:onNext(264)) - client-8B023739F3BF->b50d6464-f54a-40d1-9f81-f1c19654fd05: receive RaftClientReply:client-8B023739F3BF->b50d6464-f54a-40d1-9f81-f1c19654fd05@group-1F53027F28E3, cid=777, SUCCESS, logIndex=1117, commits[b50d6464-f54a-40d1-9f81-f1c19654fd05:c1118]
2019-09-12 09:26:02,999 [grpc-default-executor-2] INFO  client.GrpcClientProtocolClient (GrpcClientProtocolClient.java:onNext(264)) - client-8B023739F3BF->b50d6464-f54a-40d1-9f81-f1c19654fd05: receive RaftClientReply:client-8B023739F3BF->b50d6464-f54a-40d1-9f81-f1c19654fd05@group-1F53027F28E3, cid=778, SUCCESS, logIndex=1118, commits[b50d6464-f54a-40d1-9f81-f1c19654fd05:c1121]
2019-09-12 09:26:03,000 [grpc-default-executor-2] INFO  client.GrpcClientProtocolClient (GrpcClientProtocolClient.java:onNext(264)) - client-8B023739F3BF->b50d6464-f54a-40d1-9f81-f1c19654fd05: receive RaftClientReply:client-8B023739F3BF->b50d6464-f54a-40d1-9f81-f1c19654fd05@group-1F53027F28E3, cid=779, SUCCESS, logIndex=1119, commits[b50d6464-f54a-40d1-9f81-f1c19654fd05:c1121]
2019-09-12 09:26:03,000 [grpc-default-executor-2] INFO  client.GrpcClientProtocolClient (GrpcClientProtocolClient.java:onNext(264)) - client-8B023739F3BF->b50d6464-f54a-40d1-9f81-f1c19654fd05: receive RaftClientReply:client-8B023739F3BF->b50d6464-f54a-40d1-9f81-f1c19654fd05@group-1F53027F28E3, cid=780, SUCCESS, logIndex=1120, commits[b50d6464-f54a-40d1-9f81-f1c19654fd05:c1122]
2019-09-12 09:26:03,020 [grpc-default-executor-1] INFO  client.GrpcClientProtocolClient (GrpcClientProtocolClient.java:onNext(264)) - client-8B023739F3BF->b50d6464-f54a-40d1-9f81-f1c19654fd05: receive RaftClientReply:client-8B023739F3BF->b50d6464-f54a-40d1-9f81-f1c19654fd05@group-1F53027F28E3, cid=781, SUCCESS, logIndex=1123, commits[b50d6464-f54a-40d1-9f81-f1c19654fd05:c1126]
2019-09-12 09:26:03,021 [grpc-default-executor-1] INFO  client.GrpcClientProtocolClient (GrpcClientProtocolClient.java:onNext(264)) - client-8B023739F3BF->b50d6464-f54a-40d1-9f81-f1c19654fd05: receive RaftClientReply:client-8B023739F3BF->b50d6464-f54a-40d1-9f81-f1c19654fd05@group-1F53027F28E3, cid=782, SUCCESS, logIndex=1124, commits[b50d6464-f54a-40d1-9f81-f1c19654fd05:c1127]
2019-09-12 09:26:03,021 [grpc-default-executor-1] INFO  client.GrpcClientProtocolClient (GrpcClientProtocolClient.java:onNext(264)) - client-8B023739F3BF->b50d6464-f54a-40d1-9f81-f1c19654fd05: receive RaftClientReply:client-8B023739F3BF->b50d6464-f54a-40d1-9f81-f1c19654fd05@group-1F53027F28E3, cid=783, SUCCESS, logIndex=1125, commits[b50d6464-f54a-40d1-9f81-f1c19654fd05:c1128]
2019-09-12 09:26:03,021 [grpc-default-executor-1] INFO  client.GrpcClientProtocolClient (GrpcClientProtocolClient.java:onNext(264)) - client-8B023739F3BF->b50d6464-f54a-40d1-9f81-f1c19654fd05: receive RaftClientReply:client-8B023739F3BF->b50d6464-f54a-40d1-9f81-f1c19654fd05@group-1F53027F28E3, cid=784, SUCCESS, logIndex=1126, commits[b50d6464-f54a-40d1-9f81-f1c19654fd05:c1128]
2019-09-12 09:26:03,048 [grpc-default-executor-1] INFO  client.GrpcClientProtocolClient (GrpcClientProtocolClient.java:onNext(264)) - client-8B023739F3BF->b50d6464-f54a-40d1-9f81-f1c19654fd05: receive RaftClientReply:client-8B023739F3BF->b50d6464-f54a-40d1-9f81-f1c19654fd05@group-1F53027F28E3, cid=785, SUCCESS, logIndex=1129, commits[b50d6464-f54a-40d1-9f81-f1c19654fd05:c1132]
2019-09-12 09:26:03,049 [grpc-default-executor-1] INFO  client.GrpcClientProtocolClient (GrpcClientProtocolClient.java:onNext(264)) - client-8B023739F3BF->b50d6464-f54a-40d1-9f81-f1c19654fd05: receive RaftClientReply:client-8B023739F3BF->b50d6464-f54a-40d1-9f81-f1c19654fd05@group-1F53027F28E3, cid=786, SUCCESS, logIndex=1130, commits[b50d6464-f54a-40d1-9f81-f1c19654fd05:c1133]
2019-09-12 09:26:03,049 [grpc-default-executor-1] INFO  client.GrpcClientProtocolClient (GrpcClientProtocolClient.java:onNext(264)) - client-8B023739F3BF->b50d6464-f54a-40d1-9f81-f1c19654fd05: receive RaftClientReply:client-8B023739F3BF->b50d6464-f54a-40d1-9f81-f1c19654fd05@group-1F53027F28E3, cid=787, SUCCESS, logIndex=1131, commits[b50d6464-f54a-40d1-9f81-f1c19654fd05:c1133]
2019-09-12 09:26:03,050 [grpc-default-executor-1] INFO  client.GrpcClientProtocolClient (GrpcClientProtocolClient.java:onNext(264)) - client-8B023739F3BF->b50d6464-f54a-40d1-9f81-f1c19654fd05: receive RaftClientReply:client-8B023739F3BF->b50d6464-f54a-40d1-9f81-f1c19654fd05@group-1F53027F28E3, cid=788, SUCCESS, logIndex=1132, commits[b50d6464-f54a-40d1-9f81-f1c19654fd05:c1134]
2019-09-12 09:26:03,051 [SCMBlockDeletingService#0] DEBUG block.SCMBlockDeletingService (SCMBlockDeletingService.java:call(138)) - Running DeletedBlockTransactionScanner
2019-09-12 09:26:03,051 [SCMBlockDeletingService#0] DEBUG block.SCMBlockDeletingService (SCMBlockDeletingService.java:call(155)) - Scanned deleted blocks log and got 0 delTX to process.
2019-09-12 09:26:03,069 [grpc-default-executor-2] INFO  client.GrpcClientProtocolClient (GrpcClientProtocolClient.java:onNext(264)) - client-8B023739F3BF->b50d6464-f54a-40d1-9f81-f1c19654fd05: receive RaftClientReply:client-8B023739F3BF->b50d6464-f54a-40d1-9f81-f1c19654fd05@group-1F53027F28E3, cid=789, SUCCESS, logIndex=1135, commits[b50d6464-f54a-40d1-9f81-f1c19654fd05:c1138]
2019-09-12 09:26:03,070 [grpc-default-executor-2] INFO  client.GrpcClientProtocolClient (GrpcClientProtocolClient.java:onNext(264)) - client-8B023739F3BF->b50d6464-f54a-40d1-9f81-f1c19654fd05: receive RaftClientReply:client-8B023739F3BF->b50d6464-f54a-40d1-9f81-f1c19654fd05@group-1F53027F28E3, cid=790, SUCCESS, logIndex=1136, commits[b50d6464-f54a-40d1-9f81-f1c19654fd05:c1139]
2019-09-12 09:26:03,070 [grpc-default-executor-2] INFO  client.GrpcClientProtocolClient (GrpcClientProtocolClient.java:onNext(264)) - client-8B023739F3BF->b50d6464-f54a-40d1-9f81-f1c19654fd05: receive RaftClientReply:client-8B023739F3BF->b50d6464-f54a-40d1-9f81-f1c19654fd05@group-1F53027F28E3, cid=791, SUCCESS, logIndex=1137, commits[b50d6464-f54a-40d1-9f81-f1c19654fd05:c1139]
2019-09-12 09:26:03,071 [grpc-default-executor-2] INFO  client.GrpcClientProtocolClient (GrpcClientProtocolClient.java:onNext(264)) - client-8B023739F3BF->b50d6464-f54a-40d1-9f81-f1c19654fd05: receive RaftClientReply:client-8B023739F3BF->b50d6464-f54a-40d1-9f81-f1c19654fd05@group-1F53027F28E3, cid=792, SUCCESS, logIndex=1138, commits[b50d6464-f54a-40d1-9f81-f1c19654fd05:c1140]
2019-09-12 09:26:03,100 [grpc-default-executor-2] INFO  client.GrpcClientProtocolClient (GrpcClientProtocolClient.java:onNext(264)) - client-8B023739F3BF->b50d6464-f54a-40d1-9f81-f1c19654fd05: receive RaftClientReply:client-8B023739F3BF->b50d6464-f54a-40d1-9f81-f1c19654fd05@group-1F53027F28E3, cid=793, SUCCESS, logIndex=1141, commits[b50d6464-f54a-40d1-9f81-f1c19654fd05:c1142]
2019-09-12 09:26:03,101 [grpc-default-executor-2] INFO  client.GrpcClientProtocolClient (GrpcClientProtocolClient.java:onNext(264)) - client-8B023739F3BF->b50d6464-f54a-40d1-9f81-f1c19654fd05: receive RaftClientReply:client-8B023739F3BF->b50d6464-f54a-40d1-9f81-f1c19654fd05@group-1F53027F28E3, cid=794, SUCCESS, logIndex=1142, commits[b50d6464-f54a-40d1-9f81-f1c19654fd05:c1143]
2019-09-12 09:26:03,151 [SCMBlockDeletingService#0] DEBUG block.SCMBlockDeletingService (SCMBlockDeletingService.java:call(138)) - Running DeletedBlockTransactionScanner
2019-09-12 09:26:03,152 [SCMBlockDeletingService#0] DEBUG block.SCMBlockDeletingService (SCMBlockDeletingService.java:call(155)) - Scanned deleted blocks log and got 0 delTX to process.
2019-09-12 09:26:03,184 [grpc-default-executor-1] INFO  client.GrpcClientProtocolClient (GrpcClientProtocolClient.java:onNext(264)) - client-8B023739F3BF->b50d6464-f54a-40d1-9f81-f1c19654fd05: receive RaftClientReply:client-8B023739F3BF->b50d6464-f54a-40d1-9f81-f1c19654fd05@group-1F53027F28E3, cid=795, SUCCESS, logIndex=1144, commits[b50d6464-f54a-40d1-9f81-f1c19654fd05:c1145]
2019-09-12 09:26:03,184 [grpc-default-executor-1] INFO  client.GrpcClientProtocolClient (GrpcClientProtocolClient.java:onNext(264)) - client-8B023739F3BF->b50d6464-f54a-40d1-9f81-f1c19654fd05: receive RaftClientReply:client-8B023739F3BF->b50d6464-f54a-40d1-9f81-f1c19654fd05@group-1F53027F28E3, cid=796, SUCCESS, logIndex=1145, commits[b50d6464-f54a-40d1-9f81-f1c19654fd05:c1146]
2019-09-12 09:26:03,205 [grpc-default-executor-2] INFO  client.GrpcClientProtocolClient (GrpcClientProtocolClient.java:onNext(264)) - client-8B023739F3BF->b50d6464-f54a-40d1-9f81-f1c19654fd05: receive RaftClientReply:client-8B023739F3BF->b50d6464-f54a-40d1-9f81-f1c19654fd05@group-1F53027F28E3, cid=797, SUCCESS, logIndex=1147, commits[b50d6464-f54a-40d1-9f81-f1c19654fd05:c1150]
2019-09-12 09:26:03,205 [grpc-default-executor-2] INFO  client.GrpcClientProtocolClient (GrpcClientProtocolClient.java:onNext(264)) - client-8B023739F3BF->b50d6464-f54a-40d1-9f81-f1c19654fd05: receive RaftClientReply:client-8B023739F3BF->b50d6464-f54a-40d1-9f81-f1c19654fd05@group-1F53027F28E3, cid=798, SUCCESS, logIndex=1148, commits[b50d6464-f54a-40d1-9f81-f1c19654fd05:c1150]
2019-09-12 09:26:03,206 [grpc-default-executor-2] INFO  client.GrpcClientProtocolClient (GrpcClientProtocolClient.java:onNext(264)) - client-8B023739F3BF->b50d6464-f54a-40d1-9f81-f1c19654fd05: receive RaftClientReply:client-8B023739F3BF->b50d6464-f54a-40d1-9f81-f1c19654fd05@group-1F53027F28E3, cid=799, SUCCESS, logIndex=1149, commits[b50d6464-f54a-40d1-9f81-f1c19654fd05:c1151]
2019-09-12 09:26:03,206 [grpc-default-executor-2] INFO  client.GrpcClientProtocolClient (GrpcClientProtocolClient.java:onNext(264)) - client-8B023739F3BF->b50d6464-f54a-40d1-9f81-f1c19654fd05: receive RaftClientReply:client-8B023739F3BF->b50d6464-f54a-40d1-9f81-f1c19654fd05@group-1F53027F28E3, cid=800, SUCCESS, logIndex=1150, commits[b50d6464-f54a-40d1-9f81-f1c19654fd05:c1151]
2019-09-12 09:26:03,235 [grpc-default-executor-1] INFO  client.GrpcClientProtocolClient (GrpcClientProtocolClient.java:onNext(264)) - client-8B023739F3BF->b50d6464-f54a-40d1-9f81-f1c19654fd05: receive RaftClientReply:client-8B023739F3BF->b50d6464-f54a-40d1-9f81-f1c19654fd05@group-1F53027F28E3, cid=801, SUCCESS, logIndex=1153, commits[b50d6464-f54a-40d1-9f81-f1c19654fd05:c1154]
2019-09-12 09:26:03,236 [grpc-default-executor-1] INFO  client.GrpcClientProtocolClient (GrpcClientProtocolClient.java:onNext(264)) - client-8B023739F3BF->b50d6464-f54a-40d1-9f81-f1c19654fd05: receive RaftClientReply:client-8B023739F3BF->b50d6464-f54a-40d1-9f81-f1c19654fd05@group-1F53027F28E3, cid=802, SUCCESS, logIndex=1154, commits[b50d6464-f54a-40d1-9f81-f1c19654fd05:c1157]
2019-09-12 09:26:03,236 [grpc-default-executor-1] INFO  client.GrpcClientProtocolClient (GrpcClientProtocolClient.java:onNext(264)) - client-8B023739F3BF->b50d6464-f54a-40d1-9f81-f1c19654fd05: receive RaftClientReply:client-8B023739F3BF->b50d6464-f54a-40d1-9f81-f1c19654fd05@group-1F53027F28E3, cid=803, SUCCESS, logIndex=1155, commits[b50d6464-f54a-40d1-9f81-f1c19654fd05:c1158]
2019-09-12 09:26:03,237 [grpc-default-executor-1] INFO  client.GrpcClientProtocolClient (GrpcClientProtocolClient.java:onNext(264)) - client-8B023739F3BF->b50d6464-f54a-40d1-9f81-f1c19654fd05: receive RaftClientReply:client-8B023739F3BF->b50d6464-f54a-40d1-9f81-f1c19654fd05@group-1F53027F28E3, cid=804, SUCCESS, logIndex=1156, commits[b50d6464-f54a-40d1-9f81-f1c19654fd05:c1158]
2019-09-12 09:26:03,252 [SCMBlockDeletingService#0] DEBUG block.SCMBlockDeletingService (SCMBlockDeletingService.java:call(138)) - Running DeletedBlockTransactionScanner
2019-09-12 09:26:03,252 [SCMBlockDeletingService#0] DEBUG block.SCMBlockDeletingService (SCMBlockDeletingService.java:call(155)) - Scanned deleted blocks log and got 0 delTX to process.
2019-09-12 09:26:03,265 [grpc-default-executor-2] INFO  client.GrpcClientProtocolClient (GrpcClientProtocolClient.java:onNext(264)) - client-8B023739F3BF->b50d6464-f54a-40d1-9f81-f1c19654fd05: receive RaftClientReply:client-8B023739F3BF->b50d6464-f54a-40d1-9f81-f1c19654fd05@group-1F53027F28E3, cid=805, SUCCESS, logIndex=1159, commits[b50d6464-f54a-40d1-9f81-f1c19654fd05:c1160]
2019-09-12 09:26:03,266 [grpc-default-executor-2] INFO  client.GrpcClientProtocolClient (GrpcClientProtocolClient.java:onNext(264)) - client-8B023739F3BF->b50d6464-f54a-40d1-9f81-f1c19654fd05: receive RaftClientReply:client-8B023739F3BF->b50d6464-f54a-40d1-9f81-f1c19654fd05@group-1F53027F28E3, cid=806, SUCCESS, logIndex=1160, commits[b50d6464-f54a-40d1-9f81-f1c19654fd05:c1163]
2019-09-12 09:26:03,266 [grpc-default-executor-2] INFO  client.GrpcClientProtocolClient (GrpcClientProtocolClient.java:onNext(264)) - client-8B023739F3BF->b50d6464-f54a-40d1-9f81-f1c19654fd05: receive RaftClientReply:client-8B023739F3BF->b50d6464-f54a-40d1-9f81-f1c19654fd05@group-1F53027F28E3, cid=807, SUCCESS, logIndex=1161, commits[b50d6464-f54a-40d1-9f81-f1c19654fd05:c1163]
2019-09-12 09:26:03,267 [grpc-default-executor-2] INFO  client.GrpcClientProtocolClient (GrpcClientProtocolClient.java:onNext(264)) - client-8B023739F3BF->b50d6464-f54a-40d1-9f81-f1c19654fd05: receive RaftClientReply:client-8B023739F3BF->b50d6464-f54a-40d1-9f81-f1c19654fd05@group-1F53027F28E3, cid=808, SUCCESS, logIndex=1162, commits[b50d6464-f54a-40d1-9f81-f1c19654fd05:c1164]
2019-09-12 09:26:03,293 [grpc-default-executor-2] INFO  client.GrpcClientProtocolClient (GrpcClientProtocolClient.java:onNext(264)) - client-8B023739F3BF->b50d6464-f54a-40d1-9f81-f1c19654fd05: receive RaftClientReply:client-8B023739F3BF->b50d6464-f54a-40d1-9f81-f1c19654fd05@group-1F53027F28E3, cid=809, SUCCESS, logIndex=1165, commits[b50d6464-f54a-40d1-9f81-f1c19654fd05:c1166]
2019-09-12 09:26:03,293 [grpc-default-executor-2] INFO  client.GrpcClientProtocolClient (GrpcClientProtocolClient.java:onNext(264)) - client-8B023739F3BF->b50d6464-f54a-40d1-9f81-f1c19654fd05: receive RaftClientReply:client-8B023739F3BF->b50d6464-f54a-40d1-9f81-f1c19654fd05@group-1F53027F28E3, cid=810, SUCCESS, logIndex=1166, commits[b50d6464-f54a-40d1-9f81-f1c19654fd05:c1166]
2019-09-12 09:26:03,294 [grpc-default-executor-2] INFO  client.GrpcClientProtocolClient (GrpcClientProtocolClient.java:onNext(264)) - client-8B023739F3BF->b50d6464-f54a-40d1-9f81-f1c19654fd05: receive RaftClientReply:client-8B023739F3BF->b50d6464-f54a-40d1-9f81-f1c19654fd05@group-1F53027F28E3, cid=811, SUCCESS, logIndex=1167, commits[b50d6464-f54a-40d1-9f81-f1c19654fd05:c1168]
2019-09-12 09:26:03,295 [grpc-default-executor-2] INFO  client.GrpcClientProtocolClient (GrpcClientProtocolClient.java:onNext(264)) - client-8B023739F3BF->b50d6464-f54a-40d1-9f81-f1c19654fd05: receive RaftClientReply:client-8B023739F3BF->b50d6464-f54a-40d1-9f81-f1c19654fd05@group-1F53027F28E3, cid=812, SUCCESS, logIndex=1168, commits[b50d6464-f54a-40d1-9f81-f1c19654fd05:c1168]
2019-09-12 09:26:03,308 [grpc-default-executor-1] INFO  client.GrpcClientProtocolClient (GrpcClientProtocolClient.java:onNext(264)) - client-8B023739F3BF->b50d6464-f54a-40d1-9f81-f1c19654fd05: receive RaftClientReply:client-8B023739F3BF->b50d6464-f54a-40d1-9f81-f1c19654fd05@group-1F53027F28E3, cid=813, SUCCESS, logIndex=1171, commits[b50d6464-f54a-40d1-9f81-f1c19654fd05:c1174]
2019-09-12 09:26:03,308 [grpc-default-executor-1] INFO  client.GrpcClientProtocolClient (GrpcClientProtocolClient.java:onNext(264)) - client-8B023739F3BF->b50d6464-f54a-40d1-9f81-f1c19654fd05: receive RaftClientReply:client-8B023739F3BF->b50d6464-f54a-40d1-9f81-f1c19654fd05@group-1F53027F28E3, cid=814, SUCCESS, logIndex=1172, commits[b50d6464-f54a-40d1-9f81-f1c19654fd05:c1174]
2019-09-12 09:26:03,309 [grpc-default-executor-1] INFO  client.GrpcClientProtocolClient (GrpcClientProtocolClient.java:onNext(264)) - client-8B023739F3BF->b50d6464-f54a-40d1-9f81-f1c19654fd05: receive RaftClientReply:client-8B023739F3BF->b50d6464-f54a-40d1-9f81-f1c19654fd05@group-1F53027F28E3, cid=815, SUCCESS, logIndex=1173, commits[b50d6464-f54a-40d1-9f81-f1c19654fd05:c1174]
2019-09-12 09:26:03,309 [grpc-default-executor-1] INFO  client.GrpcClientProtocolClient (GrpcClientProtocolClient.java:onNext(264)) - client-8B023739F3BF->b50d6464-f54a-40d1-9f81-f1c19654fd05: receive RaftClientReply:client-8B023739F3BF->b50d6464-f54a-40d1-9f81-f1c19654fd05@group-1F53027F28E3, cid=816, SUCCESS, logIndex=1174, commits[b50d6464-f54a-40d1-9f81-f1c19654fd05:c1174]
2019-09-12 09:26:03,334 [grpc-default-executor-1] INFO  client.GrpcClientProtocolClient (GrpcClientProtocolClient.java:onNext(264)) - client-8B023739F3BF->b50d6464-f54a-40d1-9f81-f1c19654fd05: receive RaftClientReply:client-8B023739F3BF->b50d6464-f54a-40d1-9f81-f1c19654fd05@group-1F53027F28E3, cid=817, SUCCESS, logIndex=1176, commits[b50d6464-f54a-40d1-9f81-f1c19654fd05:c1177]
2019-09-12 09:26:03,335 [grpc-default-executor-1] INFO  client.GrpcClientProtocolClient (GrpcClientProtocolClient.java:onNext(264)) - client-8B023739F3BF->b50d6464-f54a-40d1-9f81-f1c19654fd05: receive RaftClientReply:client-8B023739F3BF->b50d6464-f54a-40d1-9f81-f1c19654fd05@group-1F53027F28E3, cid=818, SUCCESS, logIndex=1177, commits[b50d6464-f54a-40d1-9f81-f1c19654fd05:c1177]
2019-09-12 09:26:03,336 [grpc-default-executor-1] INFO  client.GrpcClientProtocolClient (GrpcClientProtocolClient.java:onNext(264)) - client-8B023739F3BF->b50d6464-f54a-40d1-9f81-f1c19654fd05: receive RaftClientReply:client-8B023739F3BF->b50d6464-f54a-40d1-9f81-f1c19654fd05@group-1F53027F28E3, cid=819, SUCCESS, logIndex=1178, commits[b50d6464-f54a-40d1-9f81-f1c19654fd05:c1179]
2019-09-12 09:26:03,337 [grpc-default-executor-1] INFO  client.GrpcClientProtocolClient (GrpcClientProtocolClient.java:onNext(264)) - client-8B023739F3BF->b50d6464-f54a-40d1-9f81-f1c19654fd05: receive RaftClientReply:client-8B023739F3BF->b50d6464-f54a-40d1-9f81-f1c19654fd05@group-1F53027F28E3, cid=820, SUCCESS, logIndex=1179, commits[b50d6464-f54a-40d1-9f81-f1c19654fd05:c1179]
2019-09-12 09:26:03,353 [SCMBlockDeletingService#0] DEBUG block.SCMBlockDeletingService (SCMBlockDeletingService.java:call(138)) - Running DeletedBlockTransactionScanner
2019-09-12 09:26:03,353 [SCMBlockDeletingService#0] DEBUG block.SCMBlockDeletingService (SCMBlockDeletingService.java:call(155)) - Scanned deleted blocks log and got 0 delTX to process.
2019-09-12 09:26:03,359 [grpc-default-executor-2] INFO  client.GrpcClientProtocolClient (GrpcClientProtocolClient.java:onNext(264)) - client-8B023739F3BF->b50d6464-f54a-40d1-9f81-f1c19654fd05: receive RaftClientReply:client-8B023739F3BF->b50d6464-f54a-40d1-9f81-f1c19654fd05@group-1F53027F28E3, cid=821, SUCCESS, logIndex=1182, commits[b50d6464-f54a-40d1-9f81-f1c19654fd05:c1185]
2019-09-12 09:26:03,360 [grpc-default-executor-2] INFO  client.GrpcClientProtocolClient (GrpcClientProtocolClient.java:onNext(264)) - client-8B023739F3BF->b50d6464-f54a-40d1-9f81-f1c19654fd05: receive RaftClientReply:client-8B023739F3BF->b50d6464-f54a-40d1-9f81-f1c19654fd05@group-1F53027F28E3, cid=822, SUCCESS, logIndex=1183, commits[b50d6464-f54a-40d1-9f81-f1c19654fd05:c1185]
2019-09-12 09:26:03,360 [grpc-default-executor-2] INFO  client.GrpcClientProtocolClient (GrpcClientProtocolClient.java:onNext(264)) - client-8B023739F3BF->b50d6464-f54a-40d1-9f81-f1c19654fd05: receive RaftClientReply:client-8B023739F3BF->b50d6464-f54a-40d1-9f81-f1c19654fd05@group-1F53027F28E3, cid=823, SUCCESS, logIndex=1184, commits[b50d6464-f54a-40d1-9f81-f1c19654fd05:c1185]
2019-09-12 09:26:03,360 [grpc-default-executor-2] INFO  client.GrpcClientProtocolClient (GrpcClientProtocolClient.java:onNext(264)) - client-8B023739F3BF->b50d6464-f54a-40d1-9f81-f1c19654fd05: receive RaftClientReply:client-8B023739F3BF->b50d6464-f54a-40d1-9f81-f1c19654fd05@group-1F53027F28E3, cid=824, SUCCESS, logIndex=1185, commits[b50d6464-f54a-40d1-9f81-f1c19654fd05:c1186]
2019-09-12 09:26:03,387 [grpc-default-executor-2] INFO  client.GrpcClientProtocolClient (GrpcClientProtocolClient.java:onNext(264)) - client-8B023739F3BF->b50d6464-f54a-40d1-9f81-f1c19654fd05: receive RaftClientReply:client-8B023739F3BF->b50d6464-f54a-40d1-9f81-f1c19654fd05@group-1F53027F28E3, cid=825, SUCCESS, logIndex=1187, commits[b50d6464-f54a-40d1-9f81-f1c19654fd05:c1190]
2019-09-12 09:26:03,390 [grpc-default-executor-2] INFO  client.GrpcClientProtocolClient (GrpcClientProtocolClient.java:onNext(264)) - client-8B023739F3BF->b50d6464-f54a-40d1-9f81-f1c19654fd05: receive RaftClientReply:client-8B023739F3BF->b50d6464-f54a-40d1-9f81-f1c19654fd05@group-1F53027F28E3, cid=826, SUCCESS, logIndex=1188, commits[b50d6464-f54a-40d1-9f81-f1c19654fd05:c1191]
2019-09-12 09:26:03,391 [grpc-default-executor-2] INFO  client.GrpcClientProtocolClient (GrpcClientProtocolClient.java:onNext(264)) - client-8B023739F3BF->b50d6464-f54a-40d1-9f81-f1c19654fd05: receive RaftClientReply:client-8B023739F3BF->b50d6464-f54a-40d1-9f81-f1c19654fd05@group-1F53027F28E3, cid=827, SUCCESS, logIndex=1189, commits[b50d6464-f54a-40d1-9f81-f1c19654fd05:c1192]
2019-09-12 09:26:03,392 [grpc-default-executor-2] INFO  client.GrpcClientProtocolClient (GrpcClientProtocolClient.java:onNext(264)) - client-8B023739F3BF->b50d6464-f54a-40d1-9f81-f1c19654fd05: receive RaftClientReply:client-8B023739F3BF->b50d6464-f54a-40d1-9f81-f1c19654fd05@group-1F53027F28E3, cid=828, SUCCESS, logIndex=1190, commits[b50d6464-f54a-40d1-9f81-f1c19654fd05:c1192]
2019-09-12 09:26:03,415 [grpc-default-executor-1] INFO  client.GrpcClientProtocolClient (GrpcClientProtocolClient.java:onNext(264)) - client-8B023739F3BF->b50d6464-f54a-40d1-9f81-f1c19654fd05: receive RaftClientReply:client-8B023739F3BF->b50d6464-f54a-40d1-9f81-f1c19654fd05@group-1F53027F28E3, cid=829, SUCCESS, logIndex=1193, commits[b50d6464-f54a-40d1-9f81-f1c19654fd05:c1197]
2019-09-12 09:26:03,416 [grpc-default-executor-1] INFO  client.GrpcClientProtocolClient (GrpcClientProtocolClient.java:onNext(264)) - client-8B023739F3BF->b50d6464-f54a-40d1-9f81-f1c19654fd05: receive RaftClientReply:client-8B023739F3BF->b50d6464-f54a-40d1-9f81-f1c19654fd05@group-1F53027F28E3, cid=830, SUCCESS, logIndex=1194, commits[b50d6464-f54a-40d1-9f81-f1c19654fd05:c1198]
2019-09-12 09:26:03,417 [grpc-default-executor-1] INFO  client.GrpcClientProtocolClient (GrpcClientProtocolClient.java:onNext(264)) - client-8B023739F3BF->b50d6464-f54a-40d1-9f81-f1c19654fd05: receive RaftClientReply:client-8B023739F3BF->b50d6464-f54a-40d1-9f81-f1c19654fd05@group-1F53027F28E3, cid=831, SUCCESS, logIndex=1195, commits[b50d6464-f54a-40d1-9f81-f1c19654fd05:c1198]
2019-09-12 09:26:03,417 [grpc-default-executor-1] INFO  client.GrpcClientProtocolClient (GrpcClientProtocolClient.java:onNext(264)) - client-8B023739F3BF->b50d6464-f54a-40d1-9f81-f1c19654fd05: receive RaftClientReply:client-8B023739F3BF->b50d6464-f54a-40d1-9f81-f1c19654fd05@group-1F53027F28E3, cid=832, SUCCESS, logIndex=1196, commits[b50d6464-f54a-40d1-9f81-f1c19654fd05:c1198]
2019-09-12 09:26:03,446 [grpc-default-executor-1] INFO  client.GrpcClientProtocolClient (GrpcClientProtocolClient.java:onNext(264)) - client-8B023739F3BF->b50d6464-f54a-40d1-9f81-f1c19654fd05: receive RaftClientReply:client-8B023739F3BF->b50d6464-f54a-40d1-9f81-f1c19654fd05@group-1F53027F28E3, cid=833, SUCCESS, logIndex=1199, commits[b50d6464-f54a-40d1-9f81-f1c19654fd05:c1202]
2019-09-12 09:26:03,447 [grpc-default-executor-1] INFO  client.GrpcClientProtocolClient (GrpcClientProtocolClient.java:onNext(264)) - client-8B023739F3BF->b50d6464-f54a-40d1-9f81-f1c19654fd05: receive RaftClientReply:client-8B023739F3BF->b50d6464-f54a-40d1-9f81-f1c19654fd05@group-1F53027F28E3, cid=834, SUCCESS, logIndex=1200, commits[b50d6464-f54a-40d1-9f81-f1c19654fd05:c1203]
2019-09-12 09:26:03,447 [grpc-default-executor-1] INFO  client.GrpcClientProtocolClient (GrpcClientProtocolClient.java:onNext(264)) - client-8B023739F3BF->b50d6464-f54a-40d1-9f81-f1c19654fd05: receive RaftClientReply:client-8B023739F3BF->b50d6464-f54a-40d1-9f81-f1c19654fd05@group-1F53027F28E3, cid=835, SUCCESS, logIndex=1201, commits[b50d6464-f54a-40d1-9f81-f1c19654fd05:c1203]
2019-09-12 09:26:03,448 [grpc-default-executor-1] INFO  client.GrpcClientProtocolClient (GrpcClientProtocolClient.java:onNext(264)) - client-8B023739F3BF->b50d6464-f54a-40d1-9f81-f1c19654fd05: receive RaftClientReply:client-8B023739F3BF->b50d6464-f54a-40d1-9f81-f1c19654fd05@group-1F53027F28E3, cid=836, SUCCESS, logIndex=1202, commits[b50d6464-f54a-40d1-9f81-f1c19654fd05:c1203]
2019-09-12 09:26:03,550 [SCMBlockDeletingService#0] DEBUG block.SCMBlockDeletingService (SCMBlockDeletingService.java:call(138)) - Running DeletedBlockTransactionScanner
2019-09-12 09:26:03,556 [SCMBlockDeletingService#0] DEBUG block.SCMBlockDeletingService (SCMBlockDeletingService.java:call(155)) - Scanned deleted blocks log and got 0 delTX to process.
2019-09-12 09:26:03,573 [grpc-default-executor-2] INFO  client.GrpcClientProtocolClient (GrpcClientProtocolClient.java:onNext(264)) - client-8B023739F3BF->b50d6464-f54a-40d1-9f81-f1c19654fd05: receive RaftClientReply:client-8B023739F3BF->b50d6464-f54a-40d1-9f81-f1c19654fd05@group-1F53027F28E3, cid=837, SUCCESS, logIndex=1204, commits[b50d6464-f54a-40d1-9f81-f1c19654fd05:c1205]
2019-09-12 09:26:03,573 [grpc-default-executor-2] INFO  client.GrpcClientProtocolClient (GrpcClientProtocolClient.java:onNext(264)) - client-8B023739F3BF->b50d6464-f54a-40d1-9f81-f1c19654fd05: receive RaftClientReply:client-8B023739F3BF->b50d6464-f54a-40d1-9f81-f1c19654fd05@group-1F53027F28E3, cid=838, SUCCESS, logIndex=1205, commits[b50d6464-f54a-40d1-9f81-f1c19654fd05:c1206]
2019-09-12 09:26:03,657 [SCMBlockDeletingService#0] DEBUG block.SCMBlockDeletingService (SCMBlockDeletingService.java:call(138)) - Running DeletedBlockTransactionScanner
2019-09-12 09:26:03,657 [SCMBlockDeletingService#0] DEBUG block.SCMBlockDeletingService (SCMBlockDeletingService.java:call(155)) - Scanned deleted blocks log and got 0 delTX to process.
2019-09-12 09:26:03,683 [grpc-default-executor-2] INFO  client.GrpcClientProtocolClient (GrpcClientProtocolClient.java:onNext(264)) - client-8B023739F3BF->b50d6464-f54a-40d1-9f81-f1c19654fd05: receive RaftClientReply:client-8B023739F3BF->b50d6464-f54a-40d1-9f81-f1c19654fd05@group-1F53027F28E3, cid=839, SUCCESS, logIndex=1207, commits[b50d6464-f54a-40d1-9f81-f1c19654fd05:c1208]
2019-09-12 09:26:03,684 [grpc-default-executor-2] INFO  client.GrpcClientProtocolClient (GrpcClientProtocolClient.java:onNext(264)) - client-8B023739F3BF->b50d6464-f54a-40d1-9f81-f1c19654fd05: receive RaftClientReply:client-8B023739F3BF->b50d6464-f54a-40d1-9f81-f1c19654fd05@group-1F53027F28E3, cid=840, SUCCESS, logIndex=1208, commits[b50d6464-f54a-40d1-9f81-f1c19654fd05:c1208]
2019-09-12 09:26:03,716 [grpc-default-executor-1] INFO  client.GrpcClientProtocolClient (GrpcClientProtocolClient.java:onNext(264)) - client-8B023739F3BF->b50d6464-f54a-40d1-9f81-f1c19654fd05: receive RaftClientReply:client-8B023739F3BF->b50d6464-f54a-40d1-9f81-f1c19654fd05@group-1F53027F28E3, cid=841, SUCCESS, logIndex=1210, commits[b50d6464-f54a-40d1-9f81-f1c19654fd05:c1214]
2019-09-12 09:26:03,717 [grpc-default-executor-1] INFO  client.GrpcClientProtocolClient (GrpcClientProtocolClient.java:onNext(264)) - client-8B023739F3BF->b50d6464-f54a-40d1-9f81-f1c19654fd05: receive RaftClientReply:client-8B023739F3BF->b50d6464-f54a-40d1-9f81-f1c19654fd05@group-1F53027F28E3, cid=842, SUCCESS, logIndex=1211, commits[b50d6464-f54a-40d1-9f81-f1c19654fd05:c1214]
2019-09-12 09:26:03,717 [grpc-default-executor-1] INFO  client.GrpcClientProtocolClient (GrpcClientProtocolClient.java:onNext(264)) - client-8B023739F3BF->b50d6464-f54a-40d1-9f81-f1c19654fd05: receive RaftClientReply:client-8B023739F3BF->b50d6464-f54a-40d1-9f81-f1c19654fd05@group-1F53027F28E3, cid=843, SUCCESS, logIndex=1212, commits[b50d6464-f54a-40d1-9f81-f1c19654fd05:c1214]
2019-09-12 09:26:03,718 [grpc-default-executor-1] INFO  client.GrpcClientProtocolClient (GrpcClientProtocolClient.java:onNext(264)) - client-8B023739F3BF->b50d6464-f54a-40d1-9f81-f1c19654fd05: receive RaftClientReply:client-8B023739F3BF->b50d6464-f54a-40d1-9f81-f1c19654fd05@group-1F53027F28E3, cid=844, SUCCESS, logIndex=1213, commits[b50d6464-f54a-40d1-9f81-f1c19654fd05:c1214]
2019-09-12 09:26:03,740 [grpc-default-executor-1] INFO  client.GrpcClientProtocolClient (GrpcClientProtocolClient.java:onNext(264)) - client-8B023739F3BF->b50d6464-f54a-40d1-9f81-f1c19654fd05: receive RaftClientReply:client-8B023739F3BF->b50d6464-f54a-40d1-9f81-f1c19654fd05@group-1F53027F28E3, cid=845, SUCCESS, logIndex=1215, commits[b50d6464-f54a-40d1-9f81-f1c19654fd05:c1218]
2019-09-12 09:26:03,740 [grpc-default-executor-1] INFO  client.GrpcClientProtocolClient (GrpcClientProtocolClient.java:onNext(264)) - client-8B023739F3BF->b50d6464-f54a-40d1-9f81-f1c19654fd05: receive RaftClientReply:client-8B023739F3BF->b50d6464-f54a-40d1-9f81-f1c19654fd05@group-1F53027F28E3, cid=846, SUCCESS, logIndex=1216, commits[b50d6464-f54a-40d1-9f81-f1c19654fd05:c1219]
2019-09-12 09:26:03,741 [grpc-default-executor-1] INFO  client.GrpcClientProtocolClient (GrpcClientProtocolClient.java:onNext(264)) - client-8B023739F3BF->b50d6464-f54a-40d1-9f81-f1c19654fd05: receive RaftClientReply:client-8B023739F3BF->b50d6464-f54a-40d1-9f81-f1c19654fd05@group-1F53027F28E3, cid=847, SUCCESS, logIndex=1217, commits[b50d6464-f54a-40d1-9f81-f1c19654fd05:c1219]
2019-09-12 09:26:03,741 [grpc-default-executor-1] INFO  client.GrpcClientProtocolClient (GrpcClientProtocolClient.java:onNext(264)) - client-8B023739F3BF->b50d6464-f54a-40d1-9f81-f1c19654fd05: receive RaftClientReply:client-8B023739F3BF->b50d6464-f54a-40d1-9f81-f1c19654fd05@group-1F53027F28E3, cid=848, SUCCESS, logIndex=1218, commits[b50d6464-f54a-40d1-9f81-f1c19654fd05:c1219]
2019-09-12 09:26:03,757 [SCMBlockDeletingService#0] DEBUG block.SCMBlockDeletingService (SCMBlockDeletingService.java:call(138)) - Running DeletedBlockTransactionScanner
2019-09-12 09:26:03,758 [SCMBlockDeletingService#0] DEBUG block.SCMBlockDeletingService (SCMBlockDeletingService.java:call(155)) - Scanned deleted blocks log and got 0 delTX to process.
2019-09-12 09:26:03,769 [grpc-default-executor-2] INFO  client.GrpcClientProtocolClient (GrpcClientProtocolClient.java:onNext(264)) - client-8B023739F3BF->b50d6464-f54a-40d1-9f81-f1c19654fd05: receive RaftClientReply:client-8B023739F3BF->b50d6464-f54a-40d1-9f81-f1c19654fd05@group-1F53027F28E3, cid=849, SUCCESS, logIndex=1220, commits[b50d6464-f54a-40d1-9f81-f1c19654fd05:c1223]
2019-09-12 09:26:03,770 [grpc-default-executor-2] INFO  client.GrpcClientProtocolClient (GrpcClientProtocolClient.java:onNext(264)) - client-8B023739F3BF->b50d6464-f54a-40d1-9f81-f1c19654fd05: receive RaftClientReply:client-8B023739F3BF->b50d6464-f54a-40d1-9f81-f1c19654fd05@group-1F53027F28E3, cid=850, SUCCESS, logIndex=1221, commits[b50d6464-f54a-40d1-9f81-f1c19654fd05:c1224]
2019-09-12 09:26:03,770 [grpc-default-executor-2] INFO  client.GrpcClientProtocolClient (GrpcClientProtocolClient.java:onNext(264)) - client-8B023739F3BF->b50d6464-f54a-40d1-9f81-f1c19654fd05: receive RaftClientReply:client-8B023739F3BF->b50d6464-f54a-40d1-9f81-f1c19654fd05@group-1F53027F28E3, cid=851, SUCCESS, logIndex=1222, commits[b50d6464-f54a-40d1-9f81-f1c19654fd05:c1224]
2019-09-12 09:26:03,771 [grpc-default-executor-2] INFO  client.GrpcClientProtocolClient (GrpcClientProtocolClient.java:onNext(264)) - client-8B023739F3BF->b50d6464-f54a-40d1-9f81-f1c19654fd05: receive RaftClientReply:client-8B023739F3BF->b50d6464-f54a-40d1-9f81-f1c19654fd05@group-1F53027F28E3, cid=852, SUCCESS, logIndex=1223, commits[b50d6464-f54a-40d1-9f81-f1c19654fd05:c1224]
2019-09-12 09:26:03,800 [grpc-default-executor-2] INFO  client.GrpcClientProtocolClient (GrpcClientProtocolClient.java:onNext(264)) - client-8B023739F3BF->b50d6464-f54a-40d1-9f81-f1c19654fd05: receive RaftClientReply:client-8B023739F3BF->b50d6464-f54a-40d1-9f81-f1c19654fd05@group-1F53027F28E3, cid=853, SUCCESS, logIndex=1225, commits[b50d6464-f54a-40d1-9f81-f1c19654fd05:c1229]
2019-09-12 09:26:03,801 [grpc-default-executor-2] INFO  client.GrpcClientProtocolClient (GrpcClientProtocolClient.java:onNext(264)) - client-8B023739F3BF->b50d6464-f54a-40d1-9f81-f1c19654fd05: receive RaftClientReply:client-8B023739F3BF->b50d6464-f54a-40d1-9f81-f1c19654fd05@group-1F53027F28E3, cid=854, SUCCESS, logIndex=1226, commits[b50d6464-f54a-40d1-9f81-f1c19654fd05:c1229]
2019-09-12 09:26:03,801 [grpc-default-executor-2] INFO  client.GrpcClientProtocolClient (GrpcClientProtocolClient.java:onNext(264)) - client-8B023739F3BF->b50d6464-f54a-40d1-9f81-f1c19654fd05: receive RaftClientReply:client-8B023739F3BF->b50d6464-f54a-40d1-9f81-f1c19654fd05@group-1F53027F28E3, cid=855, SUCCESS, logIndex=1227, commits[b50d6464-f54a-40d1-9f81-f1c19654fd05:c1229]
2019-09-12 09:26:03,801 [grpc-default-executor-2] INFO  client.GrpcClientProtocolClient (GrpcClientProtocolClient.java:onNext(264)) - client-8B023739F3BF->b50d6464-f54a-40d1-9f81-f1c19654fd05: receive RaftClientReply:client-8B023739F3BF->b50d6464-f54a-40d1-9f81-f1c19654fd05@group-1F53027F28E3, cid=856, SUCCESS, logIndex=1228, commits[b50d6464-f54a-40d1-9f81-f1c19654fd05:c1229]
2019-09-12 09:26:03,829 [grpc-default-executor-2] INFO  client.GrpcClientProtocolClient (GrpcClientProtocolClient.java:onNext(264)) - client-8B023739F3BF->b50d6464-f54a-40d1-9f81-f1c19654fd05: receive RaftClientReply:client-8B023739F3BF->b50d6464-f54a-40d1-9f81-f1c19654fd05@group-1F53027F28E3, cid=857, SUCCESS, logIndex=1230, commits[b50d6464-f54a-40d1-9f81-f1c19654fd05:c1233]
2019-09-12 09:26:03,830 [grpc-default-executor-2] INFO  client.GrpcClientProtocolClient (GrpcClientProtocolClient.java:onNext(264)) - client-8B023739F3BF->b50d6464-f54a-40d1-9f81-f1c19654fd05: receive RaftClientReply:client-8B023739F3BF->b50d6464-f54a-40d1-9f81-f1c19654fd05@group-1F53027F28E3, cid=858, SUCCESS, logIndex=1231, commits[b50d6464-f54a-40d1-9f81-f1c19654fd05:c1234]
2019-09-12 09:26:03,830 [grpc-default-executor-2] INFO  client.GrpcClientProtocolClient (GrpcClientProtocolClient.java:onNext(264)) - client-8B023739F3BF->b50d6464-f54a-40d1-9f81-f1c19654fd05: receive RaftClientReply:client-8B023739F3BF->b50d6464-f54a-40d1-9f81-f1c19654fd05@group-1F53027F28E3, cid=859, SUCCESS, logIndex=1232, commits[b50d6464-f54a-40d1-9f81-f1c19654fd05:c1234]
2019-09-12 09:26:03,831 [grpc-default-executor-2] INFO  client.GrpcClientProtocolClient (GrpcClientProtocolClient.java:onNext(264)) - client-8B023739F3BF->b50d6464-f54a-40d1-9f81-f1c19654fd05: receive RaftClientReply:client-8B023739F3BF->b50d6464-f54a-40d1-9f81-f1c19654fd05@group-1F53027F28E3, cid=860, SUCCESS, logIndex=1233, commits[b50d6464-f54a-40d1-9f81-f1c19654fd05:c1234]
2019-09-12 09:26:03,850 [grpc-default-executor-2] INFO  client.GrpcClientProtocolClient (GrpcClientProtocolClient.java:onNext(264)) - client-8B023739F3BF->b50d6464-f54a-40d1-9f81-f1c19654fd05: receive RaftClientReply:client-8B023739F3BF->b50d6464-f54a-40d1-9f81-f1c19654fd05@group-1F53027F28E3, cid=861, SUCCESS, logIndex=1235, commits[b50d6464-f54a-40d1-9f81-f1c19654fd05:c1238]
2019-09-12 09:26:03,851 [grpc-default-executor-2] INFO  client.GrpcClientProtocolClient (GrpcClientProtocolClient.java:onNext(264)) - client-8B023739F3BF->b50d6464-f54a-40d1-9f81-f1c19654fd05: receive RaftClientReply:client-8B023739F3BF->b50d6464-f54a-40d1-9f81-f1c19654fd05@group-1F53027F28E3, cid=862, SUCCESS, logIndex=1236, commits[b50d6464-f54a-40d1-9f81-f1c19654fd05:c1239]
2019-09-12 09:26:03,851 [grpc-default-executor-2] INFO  client.GrpcClientProtocolClient (GrpcClientProtocolClient.java:onNext(264)) - client-8B023739F3BF->b50d6464-f54a-40d1-9f81-f1c19654fd05: receive RaftClientReply:client-8B023739F3BF->b50d6464-f54a-40d1-9f81-f1c19654fd05@group-1F53027F28E3, cid=863, SUCCESS, logIndex=1237, commits[b50d6464-f54a-40d1-9f81-f1c19654fd05:c1239]
2019-09-12 09:26:03,852 [grpc-default-executor-2] INFO  client.GrpcClientProtocolClient (GrpcClientProtocolClient.java:onNext(264)) - client-8B023739F3BF->b50d6464-f54a-40d1-9f81-f1c19654fd05: receive RaftClientReply:client-8B023739F3BF->b50d6464-f54a-40d1-9f81-f1c19654fd05@group-1F53027F28E3, cid=864, SUCCESS, logIndex=1238, commits[b50d6464-f54a-40d1-9f81-f1c19654fd05:c1239]
2019-09-12 09:26:03,858 [SCMBlockDeletingService#0] DEBUG block.SCMBlockDeletingService (SCMBlockDeletingService.java:call(138)) - Running DeletedBlockTransactionScanner
2019-09-12 09:26:03,858 [SCMBlockDeletingService#0] DEBUG block.SCMBlockDeletingService (SCMBlockDeletingService.java:call(155)) - Scanned deleted blocks log and got 0 delTX to process.
2019-09-12 09:26:03,882 [grpc-default-executor-1] INFO  client.GrpcClientProtocolClient (GrpcClientProtocolClient.java:onNext(264)) - client-8B023739F3BF->b50d6464-f54a-40d1-9f81-f1c19654fd05: receive RaftClientReply:client-8B023739F3BF->b50d6464-f54a-40d1-9f81-f1c19654fd05@group-1F53027F28E3, cid=865, SUCCESS, logIndex=1240, commits[b50d6464-f54a-40d1-9f81-f1c19654fd05:c1243]
2019-09-12 09:26:03,883 [grpc-default-executor-1] INFO  client.GrpcClientProtocolClient (GrpcClientProtocolClient.java:onNext(264)) - client-8B023739F3BF->b50d6464-f54a-40d1-9f81-f1c19654fd05: receive RaftClientReply:client-8B023739F3BF->b50d6464-f54a-40d1-9f81-f1c19654fd05@group-1F53027F28E3, cid=866, SUCCESS, logIndex=1241, commits[b50d6464-f54a-40d1-9f81-f1c19654fd05:c1244]
2019-09-12 09:26:03,883 [grpc-default-executor-1] INFO  client.GrpcClientProtocolClient (GrpcClientProtocolClient.java:onNext(264)) - client-8B023739F3BF->b50d6464-f54a-40d1-9f81-f1c19654fd05: receive RaftClientReply:client-8B023739F3BF->b50d6464-f54a-40d1-9f81-f1c19654fd05@group-1F53027F28E3, cid=867, SUCCESS, logIndex=1242, commits[b50d6464-f54a-40d1-9f81-f1c19654fd05:c1244]
2019-09-12 09:26:03,884 [grpc-default-executor-1] INFO  client.GrpcClientProtocolClient (GrpcClientProtocolClient.java:onNext(264)) - client-8B023739F3BF->b50d6464-f54a-40d1-9f81-f1c19654fd05: receive RaftClientReply:client-8B023739F3BF->b50d6464-f54a-40d1-9f81-f1c19654fd05@group-1F53027F28E3, cid=868, SUCCESS, logIndex=1243, commits[b50d6464-f54a-40d1-9f81-f1c19654fd05:c1244]
2019-09-12 09:26:03,907 [grpc-default-executor-2] INFO  client.GrpcClientProtocolClient (GrpcClientProtocolClient.java:onNext(264)) - client-8B023739F3BF->b50d6464-f54a-40d1-9f81-f1c19654fd05: receive RaftClientReply:client-8B023739F3BF->b50d6464-f54a-40d1-9f81-f1c19654fd05@group-1F53027F28E3, cid=869, SUCCESS, logIndex=1245, commits[b50d6464-f54a-40d1-9f81-f1c19654fd05:c1248]
2019-09-12 09:26:03,908 [grpc-default-executor-2] INFO  client.GrpcClientProtocolClient (GrpcClientProtocolClient.java:onNext(264)) - client-8B023739F3BF->b50d6464-f54a-40d1-9f81-f1c19654fd05: receive RaftClientReply:client-8B023739F3BF->b50d6464-f54a-40d1-9f81-f1c19654fd05@group-1F53027F28E3, cid=870, SUCCESS, logIndex=1246, commits[b50d6464-f54a-40d1-9f81-f1c19654fd05:c1249]
2019-09-12 09:26:03,908 [grpc-default-executor-2] INFO  client.GrpcClientProtocolClient (GrpcClientProtocolClient.java:onNext(264)) - client-8B023739F3BF->b50d6464-f54a-40d1-9f81-f1c19654fd05: receive RaftClientReply:client-8B023739F3BF->b50d6464-f54a-40d1-9f81-f1c19654fd05@group-1F53027F28E3, cid=871, SUCCESS, logIndex=1247, commits[b50d6464-f54a-40d1-9f81-f1c19654fd05:c1249]
2019-09-12 09:26:03,909 [grpc-default-executor-2] INFO  client.GrpcClientProtocolClient (GrpcClientProtocolClient.java:onNext(264)) - client-8B023739F3BF->b50d6464-f54a-40d1-9f81-f1c19654fd05: receive RaftClientReply:client-8B023739F3BF->b50d6464-f54a-40d1-9f81-f1c19654fd05@group-1F53027F28E3, cid=872, SUCCESS, logIndex=1248, commits[b50d6464-f54a-40d1-9f81-f1c19654fd05:c1249]
2019-09-12 09:26:03,938 [grpc-default-executor-2] INFO  client.GrpcClientProtocolClient (GrpcClientProtocolClient.java:onNext(264)) - client-8B023739F3BF->b50d6464-f54a-40d1-9f81-f1c19654fd05: receive RaftClientReply:client-8B023739F3BF->b50d6464-f54a-40d1-9f81-f1c19654fd05@group-1F53027F28E3, cid=873, SUCCESS, logIndex=1250, commits[b50d6464-f54a-40d1-9f81-f1c19654fd05:c1253]
2019-09-12 09:26:03,938 [grpc-default-executor-2] INFO  client.GrpcClientProtocolClient (GrpcClientProtocolClient.java:onNext(264)) - client-8B023739F3BF->b50d6464-f54a-40d1-9f81-f1c19654fd05: receive RaftClientReply:client-8B023739F3BF->b50d6464-f54a-40d1-9f81-f1c19654fd05@group-1F53027F28E3, cid=874, SUCCESS, logIndex=1251, commits[b50d6464-f54a-40d1-9f81-f1c19654fd05:c1254]
2019-09-12 09:26:03,939 [grpc-default-executor-2] INFO  client.GrpcClientProtocolClient (GrpcClientProtocolClient.java:onNext(264)) - client-8B023739F3BF->b50d6464-f54a-40d1-9f81-f1c19654fd05: receive RaftClientReply:client-8B023739F3BF->b50d6464-f54a-40d1-9f81-f1c19654fd05@group-1F53027F28E3, cid=875, SUCCESS, logIndex=1252, commits[b50d6464-f54a-40d1-9f81-f1c19654fd05:c1254]
2019-09-12 09:26:03,939 [grpc-default-executor-2] INFO  client.GrpcClientProtocolClient (GrpcClientProtocolClient.java:onNext(264)) - client-8B023739F3BF->b50d6464-f54a-40d1-9f81-f1c19654fd05: receive RaftClientReply:client-8B023739F3BF->b50d6464-f54a-40d1-9f81-f1c19654fd05@group-1F53027F28E3, cid=876, SUCCESS, logIndex=1253, commits[b50d6464-f54a-40d1-9f81-f1c19654fd05:c1254]
2019-09-12 09:26:03,959 [SCMBlockDeletingService#0] DEBUG block.SCMBlockDeletingService (SCMBlockDeletingService.java:call(138)) - Running DeletedBlockTransactionScanner
2019-09-12 09:26:03,959 [SCMBlockDeletingService#0] DEBUG block.SCMBlockDeletingService (SCMBlockDeletingService.java:call(155)) - Scanned deleted blocks log and got 0 delTX to process.
2019-09-12 09:26:03,961 [grpc-default-executor-2] INFO  client.GrpcClientProtocolClient (GrpcClientProtocolClient.java:onNext(264)) - client-8B023739F3BF->b50d6464-f54a-40d1-9f81-f1c19654fd05: receive RaftClientReply:client-8B023739F3BF->b50d6464-f54a-40d1-9f81-f1c19654fd05@group-1F53027F28E3, cid=877, SUCCESS, logIndex=1255, commits[b50d6464-f54a-40d1-9f81-f1c19654fd05:c1258]
2019-09-12 09:26:03,962 [grpc-default-executor-2] INFO  client.GrpcClientProtocolClient (GrpcClientProtocolClient.java:onNext(264)) - client-8B023739F3BF->b50d6464-f54a-40d1-9f81-f1c19654fd05: receive RaftClientReply:client-8B023739F3BF->b50d6464-f54a-40d1-9f81-f1c19654fd05@group-1F53027F28E3, cid=878, SUCCESS, logIndex=1256, commits[b50d6464-f54a-40d1-9f81-f1c19654fd05:c1259]
2019-09-12 09:26:03,962 [grpc-default-executor-2] INFO  client.GrpcClientProtocolClient (GrpcClientProtocolClient.java:onNext(264)) - client-8B023739F3BF->b50d6464-f54a-40d1-9f81-f1c19654fd05: receive RaftClientReply:client-8B023739F3BF->b50d6464-f54a-40d1-9f81-f1c19654fd05@group-1F53027F28E3, cid=879, SUCCESS, logIndex=1257, commits[b50d6464-f54a-40d1-9f81-f1c19654fd05:c1259]
2019-09-12 09:26:03,963 [grpc-default-executor-2] INFO  client.GrpcClientProtocolClient (GrpcClientProtocolClient.java:onNext(264)) - client-8B023739F3BF->b50d6464-f54a-40d1-9f81-f1c19654fd05: receive RaftClientReply:client-8B023739F3BF->b50d6464-f54a-40d1-9f81-f1c19654fd05@group-1F53027F28E3, cid=880, SUCCESS, logIndex=1258, commits[b50d6464-f54a-40d1-9f81-f1c19654fd05:c1259]
2019-09-12 09:26:03,990 [grpc-default-executor-2] INFO  client.GrpcClientProtocolClient (GrpcClientProtocolClient.java:onNext(264)) - client-8B023739F3BF->b50d6464-f54a-40d1-9f81-f1c19654fd05: receive RaftClientReply:client-8B023739F3BF->b50d6464-f54a-40d1-9f81-f1c19654fd05@group-1F53027F28E3, cid=881, SUCCESS, logIndex=1260, commits[b50d6464-f54a-40d1-9f81-f1c19654fd05:c1261]
2019-09-12 09:26:03,991 [grpc-default-executor-2] INFO  client.GrpcClientProtocolClient (GrpcClientProtocolClient.java:onNext(264)) - client-8B023739F3BF->b50d6464-f54a-40d1-9f81-f1c19654fd05: receive RaftClientReply:client-8B023739F3BF->b50d6464-f54a-40d1-9f81-f1c19654fd05@group-1F53027F28E3, cid=882, SUCCESS, logIndex=1261, commits[b50d6464-f54a-40d1-9f81-f1c19654fd05:c1263]
2019-09-12 09:26:03,991 [grpc-default-executor-2] INFO  client.GrpcClientProtocolClient (GrpcClientProtocolClient.java:onNext(264)) - client-8B023739F3BF->b50d6464-f54a-40d1-9f81-f1c19654fd05: receive RaftClientReply:client-8B023739F3BF->b50d6464-f54a-40d1-9f81-f1c19654fd05@group-1F53027F28E3, cid=883, SUCCESS, logIndex=1262, commits[b50d6464-f54a-40d1-9f81-f1c19654fd05:c1264]
2019-09-12 09:26:03,992 [grpc-default-executor-2] INFO  client.GrpcClientProtocolClient (GrpcClientProtocolClient.java:onNext(264)) - client-8B023739F3BF->b50d6464-f54a-40d1-9f81-f1c19654fd05: receive RaftClientReply:client-8B023739F3BF->b50d6464-f54a-40d1-9f81-f1c19654fd05@group-1F53027F28E3, cid=884, SUCCESS, logIndex=1263, commits[b50d6464-f54a-40d1-9f81-f1c19654fd05:c1265]
2019-09-12 09:26:04,059 [SCMBlockDeletingService#0] DEBUG block.SCMBlockDeletingService (SCMBlockDeletingService.java:call(138)) - Running DeletedBlockTransactionScanner
2019-09-12 09:26:04,060 [SCMBlockDeletingService#0] DEBUG block.SCMBlockDeletingService (SCMBlockDeletingService.java:call(155)) - Scanned deleted blocks log and got 0 delTX to process.
2019-09-12 09:26:04,129 [grpc-default-executor-1] INFO  client.GrpcClientProtocolClient (GrpcClientProtocolClient.java:onNext(264)) - client-8B023739F3BF->b50d6464-f54a-40d1-9f81-f1c19654fd05: receive RaftClientReply:client-8B023739F3BF->b50d6464-f54a-40d1-9f81-f1c19654fd05@group-1F53027F28E3, cid=885, SUCCESS, logIndex=1266, commits[b50d6464-f54a-40d1-9f81-f1c19654fd05:c1269]
2019-09-12 09:26:04,130 [grpc-default-executor-1] INFO  client.GrpcClientProtocolClient (GrpcClientProtocolClient.java:onNext(264)) - client-8B023739F3BF->b50d6464-f54a-40d1-9f81-f1c19654fd05: receive RaftClientReply:client-8B023739F3BF->b50d6464-f54a-40d1-9f81-f1c19654fd05@group-1F53027F28E3, cid=886, SUCCESS, logIndex=1267, commits[b50d6464-f54a-40d1-9f81-f1c19654fd05:c1270]
2019-09-12 09:26:04,130 [grpc-default-executor-1] INFO  client.GrpcClientProtocolClient (GrpcClientProtocolClient.java:onNext(264)) - client-8B023739F3BF->b50d6464-f54a-40d1-9f81-f1c19654fd05: receive RaftClientReply:client-8B023739F3BF->b50d6464-f54a-40d1-9f81-f1c19654fd05@group-1F53027F28E3, cid=887, SUCCESS, logIndex=1268, commits[b50d6464-f54a-40d1-9f81-f1c19654fd05:c1270]
2019-09-12 09:26:04,131 [grpc-default-executor-1] INFO  client.GrpcClientProtocolClient (GrpcClientProtocolClient.java:onNext(264)) - client-8B023739F3BF->b50d6464-f54a-40d1-9f81-f1c19654fd05: receive RaftClientReply:client-8B023739F3BF->b50d6464-f54a-40d1-9f81-f1c19654fd05@group-1F53027F28E3, cid=888, SUCCESS, logIndex=1269, commits[b50d6464-f54a-40d1-9f81-f1c19654fd05:c1270]
2019-09-12 09:26:04,160 [SCMBlockDeletingService#0] DEBUG block.SCMBlockDeletingService (SCMBlockDeletingService.java:call(138)) - Running DeletedBlockTransactionScanner
2019-09-12 09:26:04,160 [SCMBlockDeletingService#0] DEBUG block.SCMBlockDeletingService (SCMBlockDeletingService.java:call(155)) - Scanned deleted blocks log and got 0 delTX to process.
2019-09-12 09:26:04,165 [grpc-default-executor-1] INFO  client.GrpcClientProtocolClient (GrpcClientProtocolClient.java:onNext(264)) - client-8B023739F3BF->b50d6464-f54a-40d1-9f81-f1c19654fd05: receive RaftClientReply:client-8B023739F3BF->b50d6464-f54a-40d1-9f81-f1c19654fd05@group-1F53027F28E3, cid=889, SUCCESS, logIndex=1271, commits[b50d6464-f54a-40d1-9f81-f1c19654fd05:c1274]
2019-09-12 09:26:04,166 [grpc-default-executor-1] INFO  client.GrpcClientProtocolClient (GrpcClientProtocolClient.java:onNext(264)) - client-8B023739F3BF->b50d6464-f54a-40d1-9f81-f1c19654fd05: receive RaftClientReply:client-8B023739F3BF->b50d6464-f54a-40d1-9f81-f1c19654fd05@group-1F53027F28E3, cid=890, SUCCESS, logIndex=1272, commits[b50d6464-f54a-40d1-9f81-f1c19654fd05:c1275]
2019-09-12 09:26:04,166 [grpc-default-executor-1] INFO  client.GrpcClientProtocolClient (GrpcClientProtocolClient.java:onNext(264)) - client-8B023739F3BF->b50d6464-f54a-40d1-9f81-f1c19654fd05: receive RaftClientReply:client-8B023739F3BF->b50d6464-f54a-40d1-9f81-f1c19654fd05@group-1F53027F28E3, cid=891, SUCCESS, logIndex=1273, commits[b50d6464-f54a-40d1-9f81-f1c19654fd05:c1275]
2019-09-12 09:26:04,167 [grpc-default-executor-1] INFO  client.GrpcClientProtocolClient (GrpcClientProtocolClient.java:onNext(264)) - client-8B023739F3BF->b50d6464-f54a-40d1-9f81-f1c19654fd05: receive RaftClientReply:client-8B023739F3BF->b50d6464-f54a-40d1-9f81-f1c19654fd05@group-1F53027F28E3, cid=892, SUCCESS, logIndex=1274, commits[b50d6464-f54a-40d1-9f81-f1c19654fd05:c1275]
2019-09-12 09:26:04,193 [grpc-default-executor-1] INFO  client.GrpcClientProtocolClient (GrpcClientProtocolClient.java:onNext(264)) - client-8B023739F3BF->b50d6464-f54a-40d1-9f81-f1c19654fd05: receive RaftClientReply:client-8B023739F3BF->b50d6464-f54a-40d1-9f81-f1c19654fd05@group-1F53027F28E3, cid=893, SUCCESS, logIndex=1276, commits[b50d6464-f54a-40d1-9f81-f1c19654fd05:c1279]
2019-09-12 09:26:04,193 [grpc-default-executor-1] INFO  client.GrpcClientProtocolClient (GrpcClientProtocolClient.java:onNext(264)) - client-8B023739F3BF->b50d6464-f54a-40d1-9f81-f1c19654fd05: receive RaftClientReply:client-8B023739F3BF->b50d6464-f54a-40d1-9f81-f1c19654fd05@group-1F53027F28E3, cid=894, SUCCESS, logIndex=1277, commits[b50d6464-f54a-40d1-9f81-f1c19654fd05:c1279]
2019-09-12 09:26:04,194 [grpc-default-executor-1] INFO  client.GrpcClientProtocolClient (GrpcClientProtocolClient.java:onNext(264)) - client-8B023739F3BF->b50d6464-f54a-40d1-9f81-f1c19654fd05: receive RaftClientReply:client-8B023739F3BF->b50d6464-f54a-40d1-9f81-f1c19654fd05@group-1F53027F28E3, cid=895, SUCCESS, logIndex=1278, commits[b50d6464-f54a-40d1-9f81-f1c19654fd05:c1279]
2019-09-12 09:26:04,195 [grpc-default-executor-1] INFO  client.GrpcClientProtocolClient (GrpcClientProtocolClient.java:onNext(264)) - client-8B023739F3BF->b50d6464-f54a-40d1-9f81-f1c19654fd05: receive RaftClientReply:client-8B023739F3BF->b50d6464-f54a-40d1-9f81-f1c19654fd05@group-1F53027F28E3, cid=896, SUCCESS, logIndex=1279, commits[b50d6464-f54a-40d1-9f81-f1c19654fd05:c1279]
2019-09-12 09:26:04,290 [SCMBlockDeletingService#0] DEBUG block.SCMBlockDeletingService (SCMBlockDeletingService.java:call(138)) - Running DeletedBlockTransactionScanner
2019-09-12 09:26:04,291 [SCMBlockDeletingService#0] DEBUG block.SCMBlockDeletingService (SCMBlockDeletingService.java:call(155)) - Scanned deleted blocks log and got 0 delTX to process.
2019-09-12 09:26:04,308 [grpc-default-executor-1] INFO  client.GrpcClientProtocolClient (GrpcClientProtocolClient.java:onNext(264)) - client-8B023739F3BF->b50d6464-f54a-40d1-9f81-f1c19654fd05: receive RaftClientReply:client-8B023739F3BF->b50d6464-f54a-40d1-9f81-f1c19654fd05@group-1F53027F28E3, cid=897, SUCCESS, logIndex=1281, commits[b50d6464-f54a-40d1-9f81-f1c19654fd05:c1284]
2019-09-12 09:26:04,309 [grpc-default-executor-1] INFO  client.GrpcClientProtocolClient (GrpcClientProtocolClient.java:onNext(264)) - client-8B023739F3BF->b50d6464-f54a-40d1-9f81-f1c19654fd05: receive RaftClientReply:client-8B023739F3BF->b50d6464-f54a-40d1-9f81-f1c19654fd05@group-1F53027F28E3, cid=898, SUCCESS, logIndex=1282, commits[b50d6464-f54a-40d1-9f81-f1c19654fd05:c1284]
2019-09-12 09:26:04,309 [grpc-default-executor-1] INFO  client.GrpcClientProtocolClient (GrpcClientProtocolClient.java:onNext(264)) - client-8B023739F3BF->b50d6464-f54a-40d1-9f81-f1c19654fd05: receive RaftClientReply:client-8B023739F3BF->b50d6464-f54a-40d1-9f81-f1c19654fd05@group-1F53027F28E3, cid=899, SUCCESS, logIndex=1283, commits[b50d6464-f54a-40d1-9f81-f1c19654fd05:c1284]
2019-09-12 09:26:04,309 [grpc-default-executor-1] INFO  client.GrpcClientProtocolClient (GrpcClientProtocolClient.java:onNext(264)) - client-8B023739F3BF->b50d6464-f54a-40d1-9f81-f1c19654fd05: receive RaftClientReply:client-8B023739F3BF->b50d6464-f54a-40d1-9f81-f1c19654fd05@group-1F53027F28E3, cid=900, SUCCESS, logIndex=1284, commits[b50d6464-f54a-40d1-9f81-f1c19654fd05:c1284]
2019-09-12 09:26:04,331 [grpc-default-executor-2] INFO  client.GrpcClientProtocolClient (GrpcClientProtocolClient.java:onNext(264)) - client-8B023739F3BF->b50d6464-f54a-40d1-9f81-f1c19654fd05: receive RaftClientReply:client-8B023739F3BF->b50d6464-f54a-40d1-9f81-f1c19654fd05@group-1F53027F28E3, cid=901, SUCCESS, logIndex=1286, commits[b50d6464-f54a-40d1-9f81-f1c19654fd05:c1287]
2019-09-12 09:26:04,332 [grpc-default-executor-2] INFO  client.GrpcClientProtocolClient (GrpcClientProtocolClient.java:onNext(264)) - client-8B023739F3BF->b50d6464-f54a-40d1-9f81-f1c19654fd05: receive RaftClientReply:client-8B023739F3BF->b50d6464-f54a-40d1-9f81-f1c19654fd05@group-1F53027F28E3, cid=902, SUCCESS, logIndex=1287, commits[b50d6464-f54a-40d1-9f81-f1c19654fd05:c1289]
2019-09-12 09:26:04,332 [grpc-default-executor-2] INFO  client.GrpcClientProtocolClient (GrpcClientProtocolClient.java:onNext(264)) - client-8B023739F3BF->b50d6464-f54a-40d1-9f81-f1c19654fd05: receive RaftClientReply:client-8B023739F3BF->b50d6464-f54a-40d1-9f81-f1c19654fd05@group-1F53027F28E3, cid=903, SUCCESS, logIndex=1288, commits[b50d6464-f54a-40d1-9f81-f1c19654fd05:c1290]
2019-09-12 09:26:04,333 [grpc-default-executor-2] INFO  client.GrpcClientProtocolClient (GrpcClientProtocolClient.java:onNext(264)) - client-8B023739F3BF->b50d6464-f54a-40d1-9f81-f1c19654fd05: receive RaftClientReply:client-8B023739F3BF->b50d6464-f54a-40d1-9f81-f1c19654fd05@group-1F53027F28E3, cid=904, SUCCESS, logIndex=1289, commits[b50d6464-f54a-40d1-9f81-f1c19654fd05:c1291]
2019-09-12 09:26:04,363 [grpc-default-executor-2] INFO  client.GrpcClientProtocolClient (GrpcClientProtocolClient.java:onNext(264)) - client-8B023739F3BF->b50d6464-f54a-40d1-9f81-f1c19654fd05: receive RaftClientReply:client-8B023739F3BF->b50d6464-f54a-40d1-9f81-f1c19654fd05@group-1F53027F28E3, cid=905, SUCCESS, logIndex=1292, commits[b50d6464-f54a-40d1-9f81-f1c19654fd05:c1295]
2019-09-12 09:26:04,364 [grpc-default-executor-2] INFO  client.GrpcClientProtocolClient (GrpcClientProtocolClient.java:onNext(264)) - client-8B023739F3BF->b50d6464-f54a-40d1-9f81-f1c19654fd05: receive RaftClientReply:client-8B023739F3BF->b50d6464-f54a-40d1-9f81-f1c19654fd05@group-1F53027F28E3, cid=906, SUCCESS, logIndex=1293, commits[b50d6464-f54a-40d1-9f81-f1c19654fd05:c1296]
2019-09-12 09:26:04,365 [grpc-default-executor-2] INFO  client.GrpcClientProtocolClient (GrpcClientProtocolClient.java:onNext(264)) - client-8B023739F3BF->b50d6464-f54a-40d1-9f81-f1c19654fd05: receive RaftClientReply:client-8B023739F3BF->b50d6464-f54a-40d1-9f81-f1c19654fd05@group-1F53027F28E3, cid=907, SUCCESS, logIndex=1294, commits[b50d6464-f54a-40d1-9f81-f1c19654fd05:c1297]
2019-09-12 09:26:04,365 [grpc-default-executor-2] INFO  client.GrpcClientProtocolClient (GrpcClientProtocolClient.java:onNext(264)) - client-8B023739F3BF->b50d6464-f54a-40d1-9f81-f1c19654fd05: receive RaftClientReply:client-8B023739F3BF->b50d6464-f54a-40d1-9f81-f1c19654fd05@group-1F53027F28E3, cid=908, SUCCESS, logIndex=1295, commits[b50d6464-f54a-40d1-9f81-f1c19654fd05:c1297]
2019-09-12 09:26:04,386 [grpc-default-executor-1] INFO  client.GrpcClientProtocolClient (GrpcClientProtocolClient.java:onNext(264)) - client-8B023739F3BF->b50d6464-f54a-40d1-9f81-f1c19654fd05: receive RaftClientReply:client-8B023739F3BF->b50d6464-f54a-40d1-9f81-f1c19654fd05@group-1F53027F28E3, cid=909, SUCCESS, logIndex=1298, commits[b50d6464-f54a-40d1-9f81-f1c19654fd05:c1299]
2019-09-12 09:26:04,386 [grpc-default-executor-1] INFO  client.GrpcClientProtocolClient (GrpcClientProtocolClient.java:onNext(264)) - client-8B023739F3BF->b50d6464-f54a-40d1-9f81-f1c19654fd05: receive RaftClientReply:client-8B023739F3BF->b50d6464-f54a-40d1-9f81-f1c19654fd05@group-1F53027F28E3, cid=910, SUCCESS, logIndex=1299, commits[b50d6464-f54a-40d1-9f81-f1c19654fd05:c1301]
2019-09-12 09:26:04,387 [grpc-default-executor-1] INFO  client.GrpcClientProtocolClient (GrpcClientProtocolClient.java:onNext(264)) - client-8B023739F3BF->b50d6464-f54a-40d1-9f81-f1c19654fd05: receive RaftClientReply:client-8B023739F3BF->b50d6464-f54a-40d1-9f81-f1c19654fd05@group-1F53027F28E3, cid=911, SUCCESS, logIndex=1300, commits[b50d6464-f54a-40d1-9f81-f1c19654fd05:c1302]
2019-09-12 09:26:04,387 [grpc-default-executor-1] INFO  client.GrpcClientProtocolClient (GrpcClientProtocolClient.java:onNext(264)) - client-8B023739F3BF->b50d6464-f54a-40d1-9f81-f1c19654fd05: receive RaftClientReply:client-8B023739F3BF->b50d6464-f54a-40d1-9f81-f1c19654fd05@group-1F53027F28E3, cid=912, SUCCESS, logIndex=1301, commits[b50d6464-f54a-40d1-9f81-f1c19654fd05:c1303]
2019-09-12 09:26:04,391 [SCMBlockDeletingService#0] DEBUG block.SCMBlockDeletingService (SCMBlockDeletingService.java:call(138)) - Running DeletedBlockTransactionScanner
2019-09-12 09:26:04,391 [SCMBlockDeletingService#0] DEBUG block.SCMBlockDeletingService (SCMBlockDeletingService.java:call(155)) - Scanned deleted blocks log and got 0 delTX to process.
2019-09-12 09:26:04,416 [grpc-default-executor-1] INFO  client.GrpcClientProtocolClient (GrpcClientProtocolClient.java:onNext(264)) - client-8B023739F3BF->b50d6464-f54a-40d1-9f81-f1c19654fd05: receive RaftClientReply:client-8B023739F3BF->b50d6464-f54a-40d1-9f81-f1c19654fd05@group-1F53027F28E3, cid=913, SUCCESS, logIndex=1304, commits[b50d6464-f54a-40d1-9f81-f1c19654fd05:c1305]
2019-09-12 09:26:04,418 [grpc-default-executor-1] INFO  client.GrpcClientProtocolClient (GrpcClientProtocolClient.java:onNext(264)) - client-8B023739F3BF->b50d6464-f54a-40d1-9f81-f1c19654fd05: receive RaftClientReply:client-8B023739F3BF->b50d6464-f54a-40d1-9f81-f1c19654fd05@group-1F53027F28E3, cid=914, SUCCESS, logIndex=1305, commits[b50d6464-f54a-40d1-9f81-f1c19654fd05:c1305]
2019-09-12 09:26:04,419 [grpc-default-executor-1] INFO  client.GrpcClientProtocolClient (GrpcClientProtocolClient.java:onNext(264)) - client-8B023739F3BF->b50d6464-f54a-40d1-9f81-f1c19654fd05: receive RaftClientReply:client-8B023739F3BF->b50d6464-f54a-40d1-9f81-f1c19654fd05@group-1F53027F28E3, cid=915, SUCCESS, logIndex=1306, commits[b50d6464-f54a-40d1-9f81-f1c19654fd05:c1308]
2019-09-12 09:26:04,419 [grpc-default-executor-1] INFO  client.GrpcClientProtocolClient (GrpcClientProtocolClient.java:onNext(264)) - client-8B023739F3BF->b50d6464-f54a-40d1-9f81-f1c19654fd05: receive RaftClientReply:client-8B023739F3BF->b50d6464-f54a-40d1-9f81-f1c19654fd05@group-1F53027F28E3, cid=916, SUCCESS, logIndex=1307, commits[b50d6464-f54a-40d1-9f81-f1c19654fd05:c1308]
2019-09-12 09:26:04,443 [grpc-default-executor-1] INFO  client.GrpcClientProtocolClient (GrpcClientProtocolClient.java:onNext(264)) - client-8B023739F3BF->b50d6464-f54a-40d1-9f81-f1c19654fd05: receive RaftClientReply:client-8B023739F3BF->b50d6464-f54a-40d1-9f81-f1c19654fd05@group-1F53027F28E3, cid=917, SUCCESS, logIndex=1309, commits[b50d6464-f54a-40d1-9f81-f1c19654fd05:c1312]
2019-09-12 09:26:04,444 [grpc-default-executor-1] INFO  client.GrpcClientProtocolClient (GrpcClientProtocolClient.java:onNext(264)) - client-8B023739F3BF->b50d6464-f54a-40d1-9f81-f1c19654fd05: receive RaftClientReply:client-8B023739F3BF->b50d6464-f54a-40d1-9f81-f1c19654fd05@group-1F53027F28E3, cid=918, SUCCESS, logIndex=1310, commits[b50d6464-f54a-40d1-9f81-f1c19654fd05:c1313]
2019-09-12 09:26:04,444 [grpc-default-executor-1] INFO  client.GrpcClientProtocolClient (GrpcClientProtocolClient.java:onNext(264)) - client-8B023739F3BF->b50d6464-f54a-40d1-9f81-f1c19654fd05: receive RaftClientReply:client-8B023739F3BF->b50d6464-f54a-40d1-9f81-f1c19654fd05@group-1F53027F28E3, cid=919, SUCCESS, logIndex=1311, commits[b50d6464-f54a-40d1-9f81-f1c19654fd05:c1313]
2019-09-12 09:26:04,445 [grpc-default-executor-1] INFO  client.GrpcClientProtocolClient (GrpcClientProtocolClient.java:onNext(264)) - client-8B023739F3BF->b50d6464-f54a-40d1-9f81-f1c19654fd05: receive RaftClientReply:client-8B023739F3BF->b50d6464-f54a-40d1-9f81-f1c19654fd05@group-1F53027F28E3, cid=920, SUCCESS, logIndex=1312, commits[b50d6464-f54a-40d1-9f81-f1c19654fd05:c1313]
2019-09-12 09:26:04,474 [grpc-default-executor-2] INFO  client.GrpcClientProtocolClient (GrpcClientProtocolClient.java:onNext(264)) - client-8B023739F3BF->b50d6464-f54a-40d1-9f81-f1c19654fd05: receive RaftClientReply:client-8B023739F3BF->b50d6464-f54a-40d1-9f81-f1c19654fd05@group-1F53027F28E3, cid=921, SUCCESS, logIndex=1314, commits[b50d6464-f54a-40d1-9f81-f1c19654fd05:c1315]
2019-09-12 09:26:04,474 [grpc-default-executor-2] INFO  client.GrpcClientProtocolClient (GrpcClientProtocolClient.java:onNext(264)) - client-8B023739F3BF->b50d6464-f54a-40d1-9f81-f1c19654fd05: receive RaftClientReply:client-8B023739F3BF->b50d6464-f54a-40d1-9f81-f1c19654fd05@group-1F53027F28E3, cid=922, SUCCESS, logIndex=1315, commits[b50d6464-f54a-40d1-9f81-f1c19654fd05:c1315]
2019-09-12 09:26:04,475 [grpc-default-executor-2] INFO  client.GrpcClientProtocolClient (GrpcClientProtocolClient.java:onNext(264)) - client-8B023739F3BF->b50d6464-f54a-40d1-9f81-f1c19654fd05: receive RaftClientReply:client-8B023739F3BF->b50d6464-f54a-40d1-9f81-f1c19654fd05@group-1F53027F28E3, cid=923, SUCCESS, logIndex=1316, commits[b50d6464-f54a-40d1-9f81-f1c19654fd05:c1317]
2019-09-12 09:26:04,476 [grpc-default-executor-2] INFO  client.GrpcClientProtocolClient (GrpcClientProtocolClient.java:onNext(264)) - client-8B023739F3BF->b50d6464-f54a-40d1-9f81-f1c19654fd05: receive RaftClientReply:client-8B023739F3BF->b50d6464-f54a-40d1-9f81-f1c19654fd05@group-1F53027F28E3, cid=924, SUCCESS, logIndex=1317, commits[b50d6464-f54a-40d1-9f81-f1c19654fd05:c1317]
2019-09-12 09:26:04,492 [SCMBlockDeletingService#0] DEBUG block.SCMBlockDeletingService (SCMBlockDeletingService.java:call(138)) - Running DeletedBlockTransactionScanner
2019-09-12 09:26:04,492 [SCMBlockDeletingService#0] DEBUG block.SCMBlockDeletingService (SCMBlockDeletingService.java:call(155)) - Scanned deleted blocks log and got 0 delTX to process.
2019-09-12 09:26:04,500 [grpc-default-executor-2] INFO  client.GrpcClientProtocolClient (GrpcClientProtocolClient.java:onNext(264)) - client-8B023739F3BF->b50d6464-f54a-40d1-9f81-f1c19654fd05: receive RaftClientReply:client-8B023739F3BF->b50d6464-f54a-40d1-9f81-f1c19654fd05@group-1F53027F28E3, cid=925, SUCCESS, logIndex=1320, commits[b50d6464-f54a-40d1-9f81-f1c19654fd05:c1323]
2019-09-12 09:26:04,500 [grpc-default-executor-2] INFO  client.GrpcClientProtocolClient (GrpcClientProtocolClient.java:onNext(264)) - client-8B023739F3BF->b50d6464-f54a-40d1-9f81-f1c19654fd05: receive RaftClientReply:client-8B023739F3BF->b50d6464-f54a-40d1-9f81-f1c19654fd05@group-1F53027F28E3, cid=926, SUCCESS, logIndex=1321, commits[b50d6464-f54a-40d1-9f81-f1c19654fd05:c1323]
2019-09-12 09:26:04,500 [grpc-default-executor-2] INFO  client.GrpcClientProtocolClient (GrpcClientProtocolClient.java:onNext(264)) - client-8B023739F3BF->b50d6464-f54a-40d1-9f81-f1c19654fd05: receive RaftClientReply:client-8B023739F3BF->b50d6464-f54a-40d1-9f81-f1c19654fd05@group-1F53027F28E3, cid=927, SUCCESS, logIndex=1322, commits[b50d6464-f54a-40d1-9f81-f1c19654fd05:c1324]
2019-09-12 09:26:04,501 [grpc-default-executor-2] INFO  client.GrpcClientProtocolClient (GrpcClientProtocolClient.java:onNext(264)) - client-8B023739F3BF->b50d6464-f54a-40d1-9f81-f1c19654fd05: receive RaftClientReply:client-8B023739F3BF->b50d6464-f54a-40d1-9f81-f1c19654fd05@group-1F53027F28E3, cid=928, SUCCESS, logIndex=1323, commits[b50d6464-f54a-40d1-9f81-f1c19654fd05:c1324]
2019-09-12 09:26:04,592 [SCMBlockDeletingService#0] DEBUG block.SCMBlockDeletingService (SCMBlockDeletingService.java:call(138)) - Running DeletedBlockTransactionScanner
2019-09-12 09:26:04,593 [SCMBlockDeletingService#0] DEBUG block.SCMBlockDeletingService (SCMBlockDeletingService.java:call(155)) - Scanned deleted blocks log and got 0 delTX to process.
2019-09-12 09:26:04,618 [grpc-default-executor-2] INFO  client.GrpcClientProtocolClient (GrpcClientProtocolClient.java:onNext(264)) - client-8B023739F3BF->b50d6464-f54a-40d1-9f81-f1c19654fd05: receive RaftClientReply:client-8B023739F3BF->b50d6464-f54a-40d1-9f81-f1c19654fd05@group-1F53027F28E3, cid=929, SUCCESS, logIndex=1325, commits[b50d6464-f54a-40d1-9f81-f1c19654fd05:c1328]
2019-09-12 09:26:04,619 [grpc-default-executor-2] INFO  client.GrpcClientProtocolClient (GrpcClientProtocolClient.java:onNext(264)) - client-8B023739F3BF->b50d6464-f54a-40d1-9f81-f1c19654fd05: receive RaftClientReply:client-8B023739F3BF->b50d6464-f54a-40d1-9f81-f1c19654fd05@group-1F53027F28E3, cid=930, SUCCESS, logIndex=1326, commits[b50d6464-f54a-40d1-9f81-f1c19654fd05:c1329]
2019-09-12 09:26:04,619 [grpc-default-executor-2] INFO  client.GrpcClientProtocolClient (GrpcClientProtocolClient.java:onNext(264)) - client-8B023739F3BF->b50d6464-f54a-40d1-9f81-f1c19654fd05: receive RaftClientReply:client-8B023739F3BF->b50d6464-f54a-40d1-9f81-f1c19654fd05@group-1F53027F28E3, cid=931, SUCCESS, logIndex=1327, commits[b50d6464-f54a-40d1-9f81-f1c19654fd05:c1329]
2019-09-12 09:26:04,620 [grpc-default-executor-2] INFO  client.GrpcClientProtocolClient (GrpcClientProtocolClient.java:onNext(264)) - client-8B023739F3BF->b50d6464-f54a-40d1-9f81-f1c19654fd05: receive RaftClientReply:client-8B023739F3BF->b50d6464-f54a-40d1-9f81-f1c19654fd05@group-1F53027F28E3, cid=932, SUCCESS, logIndex=1328, commits[b50d6464-f54a-40d1-9f81-f1c19654fd05:c1329]
2019-09-12 09:26:04,646 [grpc-default-executor-2] INFO  client.GrpcClientProtocolClient (GrpcClientProtocolClient.java:onNext(264)) - client-8B023739F3BF->b50d6464-f54a-40d1-9f81-f1c19654fd05: receive RaftClientReply:client-8B023739F3BF->b50d6464-f54a-40d1-9f81-f1c19654fd05@group-1F53027F28E3, cid=933, SUCCESS, logIndex=1330, commits[b50d6464-f54a-40d1-9f81-f1c19654fd05:c1333]
2019-09-12 09:26:04,646 [grpc-default-executor-2] INFO  client.GrpcClientProtocolClient (GrpcClientProtocolClient.java:onNext(264)) - client-8B023739F3BF->b50d6464-f54a-40d1-9f81-f1c19654fd05: receive RaftClientReply:client-8B023739F3BF->b50d6464-f54a-40d1-9f81-f1c19654fd05@group-1F53027F28E3, cid=934, SUCCESS, logIndex=1331, commits[b50d6464-f54a-40d1-9f81-f1c19654fd05:c1334]
2019-09-12 09:26:04,647 [grpc-default-executor-2] INFO  client.GrpcClientProtocolClient (GrpcClientProtocolClient.java:onNext(264)) - client-8B023739F3BF->b50d6464-f54a-40d1-9f81-f1c19654fd05: receive RaftClientReply:client-8B023739F3BF->b50d6464-f54a-40d1-9f81-f1c19654fd05@group-1F53027F28E3, cid=935, SUCCESS, logIndex=1332, commits[b50d6464-f54a-40d1-9f81-f1c19654fd05:c1334]
2019-09-12 09:26:04,647 [grpc-default-executor-2] INFO  client.GrpcClientProtocolClient (GrpcClientProtocolClient.java:onNext(264)) - client-8B023739F3BF->b50d6464-f54a-40d1-9f81-f1c19654fd05: receive RaftClientReply:client-8B023739F3BF->b50d6464-f54a-40d1-9f81-f1c19654fd05@group-1F53027F28E3, cid=936, SUCCESS, logIndex=1333, commits[b50d6464-f54a-40d1-9f81-f1c19654fd05:c1334]
2019-09-12 09:26:04,676 [grpc-default-executor-2] INFO  client.GrpcClientProtocolClient (GrpcClientProtocolClient.java:onNext(264)) - client-8B023739F3BF->b50d6464-f54a-40d1-9f81-f1c19654fd05: receive RaftClientReply:client-8B023739F3BF->b50d6464-f54a-40d1-9f81-f1c19654fd05@group-1F53027F28E3, cid=937, SUCCESS, logIndex=1335, commits[b50d6464-f54a-40d1-9f81-f1c19654fd05:c1336]
2019-09-12 09:26:04,676 [grpc-default-executor-2] INFO  client.GrpcClientProtocolClient (GrpcClientProtocolClient.java:onNext(264)) - client-8B023739F3BF->b50d6464-f54a-40d1-9f81-f1c19654fd05: receive RaftClientReply:client-8B023739F3BF->b50d6464-f54a-40d1-9f81-f1c19654fd05@group-1F53027F28E3, cid=938, SUCCESS, logIndex=1336, commits[b50d6464-f54a-40d1-9f81-f1c19654fd05:c1339]
2019-09-12 09:26:04,677 [grpc-default-executor-2] INFO  client.GrpcClientProtocolClient (GrpcClientProtocolClient.java:onNext(264)) - client-8B023739F3BF->b50d6464-f54a-40d1-9f81-f1c19654fd05: receive RaftClientReply:client-8B023739F3BF->b50d6464-f54a-40d1-9f81-f1c19654fd05@group-1F53027F28E3, cid=939, SUCCESS, logIndex=1337, commits[b50d6464-f54a-40d1-9f81-f1c19654fd05:c1339]
2019-09-12 09:26:04,678 [grpc-default-executor-2] INFO  client.GrpcClientProtocolClient (GrpcClientProtocolClient.java:onNext(264)) - client-8B023739F3BF->b50d6464-f54a-40d1-9f81-f1c19654fd05: receive RaftClientReply:client-8B023739F3BF->b50d6464-f54a-40d1-9f81-f1c19654fd05@group-1F53027F28E3, cid=940, SUCCESS, logIndex=1338, commits[b50d6464-f54a-40d1-9f81-f1c19654fd05:c1340]
2019-09-12 09:26:04,693 [SCMBlockDeletingService#0] DEBUG block.SCMBlockDeletingService (SCMBlockDeletingService.java:call(138)) - Running DeletedBlockTransactionScanner
2019-09-12 09:26:04,693 [SCMBlockDeletingService#0] DEBUG block.SCMBlockDeletingService (SCMBlockDeletingService.java:call(155)) - Scanned deleted blocks log and got 0 delTX to process.
2019-09-12 09:26:04,698 [grpc-default-executor-2] INFO  client.GrpcClientProtocolClient (GrpcClientProtocolClient.java:onNext(264)) - client-8B023739F3BF->b50d6464-f54a-40d1-9f81-f1c19654fd05: receive RaftClientReply:client-8B023739F3BF->b50d6464-f54a-40d1-9f81-f1c19654fd05@group-1F53027F28E3, cid=941, SUCCESS, logIndex=1341, commits[b50d6464-f54a-40d1-9f81-f1c19654fd05:c1344]
2019-09-12 09:26:04,698 [grpc-default-executor-2] INFO  client.GrpcClientProtocolClient (GrpcClientProtocolClient.java:onNext(264)) - client-8B023739F3BF->b50d6464-f54a-40d1-9f81-f1c19654fd05: receive RaftClientReply:client-8B023739F3BF->b50d6464-f54a-40d1-9f81-f1c19654fd05@group-1F53027F28E3, cid=942, SUCCESS, logIndex=1342, commits[b50d6464-f54a-40d1-9f81-f1c19654fd05:c1345]
2019-09-12 09:26:04,699 [grpc-default-executor-2] INFO  client.GrpcClientProtocolClient (GrpcClientProtocolClient.java:onNext(264)) - client-8B023739F3BF->b50d6464-f54a-40d1-9f81-f1c19654fd05: receive RaftClientReply:client-8B023739F3BF->b50d6464-f54a-40d1-9f81-f1c19654fd05@group-1F53027F28E3, cid=943, SUCCESS, logIndex=1343, commits[b50d6464-f54a-40d1-9f81-f1c19654fd05:c1346]
2019-09-12 09:26:04,699 [grpc-default-executor-2] INFO  client.GrpcClientProtocolClient (GrpcClientProtocolClient.java:onNext(264)) - client-8B023739F3BF->b50d6464-f54a-40d1-9f81-f1c19654fd05: receive RaftClientReply:client-8B023739F3BF->b50d6464-f54a-40d1-9f81-f1c19654fd05@group-1F53027F28E3, cid=944, SUCCESS, logIndex=1344, commits[b50d6464-f54a-40d1-9f81-f1c19654fd05:c1346]
2019-09-12 09:26:04,729 [grpc-default-executor-2] INFO  client.GrpcClientProtocolClient (GrpcClientProtocolClient.java:onNext(264)) - client-8B023739F3BF->b50d6464-f54a-40d1-9f81-f1c19654fd05: receive RaftClientReply:client-8B023739F3BF->b50d6464-f54a-40d1-9f81-f1c19654fd05@group-1F53027F28E3, cid=945, SUCCESS, logIndex=1347, commits[b50d6464-f54a-40d1-9f81-f1c19654fd05:c1350]
2019-09-12 09:26:04,730 [grpc-default-executor-2] INFO  client.GrpcClientProtocolClient (GrpcClientProtocolClient.java:onNext(264)) - client-8B023739F3BF->b50d6464-f54a-40d1-9f81-f1c19654fd05: receive RaftClientReply:client-8B023739F3BF->b50d6464-f54a-40d1-9f81-f1c19654fd05@group-1F53027F28E3, cid=946, SUCCESS, logIndex=1348, commits[b50d6464-f54a-40d1-9f81-f1c19654fd05:c1351]
2019-09-12 09:26:04,730 [grpc-default-executor-2] INFO  client.GrpcClientProtocolClient (GrpcClientProtocolClient.java:onNext(264)) - client-8B023739F3BF->b50d6464-f54a-40d1-9f81-f1c19654fd05: receive RaftClientReply:client-8B023739F3BF->b50d6464-f54a-40d1-9f81-f1c19654fd05@group-1F53027F28E3, cid=947, SUCCESS, logIndex=1349, commits[b50d6464-f54a-40d1-9f81-f1c19654fd05:c1351]
2019-09-12 09:26:04,730 [grpc-default-executor-2] INFO  client.GrpcClientProtocolClient (GrpcClientProtocolClient.java:onNext(264)) - client-8B023739F3BF->b50d6464-f54a-40d1-9f81-f1c19654fd05: receive RaftClientReply:client-8B023739F3BF->b50d6464-f54a-40d1-9f81-f1c19654fd05@group-1F53027F28E3, cid=948, SUCCESS, logIndex=1350, commits[b50d6464-f54a-40d1-9f81-f1c19654fd05:c1351]
2019-09-12 09:26:04,751 [grpc-default-executor-2] INFO  client.GrpcClientProtocolClient (GrpcClientProtocolClient.java:onNext(264)) - client-8B023739F3BF->b50d6464-f54a-40d1-9f81-f1c19654fd05: receive RaftClientReply:client-8B023739F3BF->b50d6464-f54a-40d1-9f81-f1c19654fd05@group-1F53027F28E3, cid=949, SUCCESS, logIndex=1352, commits[b50d6464-f54a-40d1-9f81-f1c19654fd05:c1353]
2019-09-12 09:26:04,751 [grpc-default-executor-2] INFO  client.GrpcClientProtocolClient (GrpcClientProtocolClient.java:onNext(264)) - client-8B023739F3BF->b50d6464-f54a-40d1-9f81-f1c19654fd05: receive RaftClientReply:client-8B023739F3BF->b50d6464-f54a-40d1-9f81-f1c19654fd05@group-1F53027F28E3, cid=950, SUCCESS, logIndex=1353, commits[b50d6464-f54a-40d1-9f81-f1c19654fd05:c1353]
2019-09-12 09:26:04,753 [grpc-default-executor-2] INFO  client.GrpcClientProtocolClient (GrpcClientProtocolClient.java:onNext(264)) - client-8B023739F3BF->b50d6464-f54a-40d1-9f81-f1c19654fd05: receive RaftClientReply:client-8B023739F3BF->b50d6464-f54a-40d1-9f81-f1c19654fd05@group-1F53027F28E3, cid=951, SUCCESS, logIndex=1354, commits[b50d6464-f54a-40d1-9f81-f1c19654fd05:c1355]
2019-09-12 09:26:04,753 [grpc-default-executor-2] INFO  client.GrpcClientProtocolClient (GrpcClientProtocolClient.java:onNext(264)) - client-8B023739F3BF->b50d6464-f54a-40d1-9f81-f1c19654fd05: receive RaftClientReply:client-8B023739F3BF->b50d6464-f54a-40d1-9f81-f1c19654fd05@group-1F53027F28E3, cid=952, SUCCESS, logIndex=1355, commits[b50d6464-f54a-40d1-9f81-f1c19654fd05:c1355]
2019-09-12 09:26:04,782 [grpc-default-executor-2] INFO  client.GrpcClientProtocolClient (GrpcClientProtocolClient.java:onNext(264)) - client-8B023739F3BF->b50d6464-f54a-40d1-9f81-f1c19654fd05: receive RaftClientReply:client-8B023739F3BF->b50d6464-f54a-40d1-9f81-f1c19654fd05@group-1F53027F28E3, cid=953, SUCCESS, logIndex=1358, commits[b50d6464-f54a-40d1-9f81-f1c19654fd05:c1359]
2019-09-12 09:26:04,782 [grpc-default-executor-2] INFO  client.GrpcClientProtocolClient (GrpcClientProtocolClient.java:onNext(264)) - client-8B023739F3BF->b50d6464-f54a-40d1-9f81-f1c19654fd05: receive RaftClientReply:client-8B023739F3BF->b50d6464-f54a-40d1-9f81-f1c19654fd05@group-1F53027F28E3, cid=954, SUCCESS, logIndex=1359, commits[b50d6464-f54a-40d1-9f81-f1c19654fd05:c1359]
2019-09-12 09:26:04,784 [grpc-default-executor-2] INFO  client.GrpcClientProtocolClient (GrpcClientProtocolClient.java:onNext(264)) - client-8B023739F3BF->b50d6464-f54a-40d1-9f81-f1c19654fd05: receive RaftClientReply:client-8B023739F3BF->b50d6464-f54a-40d1-9f81-f1c19654fd05@group-1F53027F28E3, cid=955, SUCCESS, logIndex=1360, commits[b50d6464-f54a-40d1-9f81-f1c19654fd05:c1361]
2019-09-12 09:26:04,784 [grpc-default-executor-2] INFO  client.GrpcClientProtocolClient (GrpcClientProtocolClient.java:onNext(264)) - client-8B023739F3BF->b50d6464-f54a-40d1-9f81-f1c19654fd05: receive RaftClientReply:client-8B023739F3BF->b50d6464-f54a-40d1-9f81-f1c19654fd05@group-1F53027F28E3, cid=956, SUCCESS, logIndex=1361, commits[b50d6464-f54a-40d1-9f81-f1c19654fd05:c1361]
2019-09-12 09:26:04,794 [SCMBlockDeletingService#0] DEBUG block.SCMBlockDeletingService (SCMBlockDeletingService.java:call(138)) - Running DeletedBlockTransactionScanner
2019-09-12 09:26:04,794 [SCMBlockDeletingService#0] DEBUG block.SCMBlockDeletingService (SCMBlockDeletingService.java:call(155)) - Scanned deleted blocks log and got 0 delTX to process.
2019-09-12 09:26:04,807 [grpc-default-executor-1] INFO  client.GrpcClientProtocolClient (GrpcClientProtocolClient.java:onNext(264)) - client-8B023739F3BF->b50d6464-f54a-40d1-9f81-f1c19654fd05: receive RaftClientReply:client-8B023739F3BF->b50d6464-f54a-40d1-9f81-f1c19654fd05@group-1F53027F28E3, cid=957, SUCCESS, logIndex=1364, commits[b50d6464-f54a-40d1-9f81-f1c19654fd05:c1367]
2019-09-12 09:26:04,807 [grpc-default-executor-1] INFO  client.GrpcClientProtocolClient (GrpcClientProtocolClient.java:onNext(264)) - client-8B023739F3BF->b50d6464-f54a-40d1-9f81-f1c19654fd05: receive RaftClientReply:client-8B023739F3BF->b50d6464-f54a-40d1-9f81-f1c19654fd05@group-1F53027F28E3, cid=958, SUCCESS, logIndex=1365, commits[b50d6464-f54a-40d1-9f81-f1c19654fd05:c1368]
2019-09-12 09:26:04,808 [grpc-default-executor-1] INFO  client.GrpcClientProtocolClient (GrpcClientProtocolClient.java:onNext(264)) - client-8B023739F3BF->b50d6464-f54a-40d1-9f81-f1c19654fd05: receive RaftClientReply:client-8B023739F3BF->b50d6464-f54a-40d1-9f81-f1c19654fd05@group-1F53027F28E3, cid=959, SUCCESS, logIndex=1366, commits[b50d6464-f54a-40d1-9f81-f1c19654fd05:c1368]
2019-09-12 09:26:04,808 [grpc-default-executor-1] INFO  client.GrpcClientProtocolClient (GrpcClientProtocolClient.java:onNext(264)) - client-8B023739F3BF->b50d6464-f54a-40d1-9f81-f1c19654fd05: receive RaftClientReply:client-8B023739F3BF->b50d6464-f54a-40d1-9f81-f1c19654fd05@group-1F53027F28E3, cid=960, SUCCESS, logIndex=1367, commits[b50d6464-f54a-40d1-9f81-f1c19654fd05:c1368]
2019-09-12 09:26:04,836 [grpc-default-executor-1] INFO  client.GrpcClientProtocolClient (GrpcClientProtocolClient.java:onNext(264)) - client-8B023739F3BF->b50d6464-f54a-40d1-9f81-f1c19654fd05: receive RaftClientReply:client-8B023739F3BF->b50d6464-f54a-40d1-9f81-f1c19654fd05@group-1F53027F28E3, cid=961, SUCCESS, logIndex=1369, commits[b50d6464-f54a-40d1-9f81-f1c19654fd05:c1370]
2019-09-12 09:26:04,836 [grpc-default-executor-1] INFO  client.GrpcClientProtocolClient (GrpcClientProtocolClient.java:onNext(264)) - client-8B023739F3BF->b50d6464-f54a-40d1-9f81-f1c19654fd05: receive RaftClientReply:client-8B023739F3BF->b50d6464-f54a-40d1-9f81-f1c19654fd05@group-1F53027F28E3, cid=962, SUCCESS, logIndex=1370, commits[b50d6464-f54a-40d1-9f81-f1c19654fd05:c1372]
2019-09-12 09:26:04,837 [grpc-default-executor-1] INFO  client.GrpcClientProtocolClient (GrpcClientProtocolClient.java:onNext(264)) - client-8B023739F3BF->b50d6464-f54a-40d1-9f81-f1c19654fd05: receive RaftClientReply:client-8B023739F3BF->b50d6464-f54a-40d1-9f81-f1c19654fd05@group-1F53027F28E3, cid=963, SUCCESS, logIndex=1371, commits[b50d6464-f54a-40d1-9f81-f1c19654fd05:c1373]
2019-09-12 09:26:04,837 [grpc-default-executor-1] INFO  client.GrpcClientProtocolClient (GrpcClientProtocolClient.java:onNext(264)) - client-8B023739F3BF->b50d6464-f54a-40d1-9f81-f1c19654fd05: receive RaftClientReply:client-8B023739F3BF->b50d6464-f54a-40d1-9f81-f1c19654fd05@group-1F53027F28E3, cid=964, SUCCESS, logIndex=1372, commits[b50d6464-f54a-40d1-9f81-f1c19654fd05:c1373]
2019-09-12 09:26:04,857 [grpc-default-executor-1] INFO  client.GrpcClientProtocolClient (GrpcClientProtocolClient.java:onNext(264)) - client-8B023739F3BF->b50d6464-f54a-40d1-9f81-f1c19654fd05: receive RaftClientReply:client-8B023739F3BF->b50d6464-f54a-40d1-9f81-f1c19654fd05@group-1F53027F28E3, cid=965, SUCCESS, logIndex=1375, commits[b50d6464-f54a-40d1-9f81-f1c19654fd05:c1376]
2019-09-12 09:26:04,857 [grpc-default-executor-1] INFO  client.GrpcClientProtocolClient (GrpcClientProtocolClient.java:onNext(264)) - client-8B023739F3BF->b50d6464-f54a-40d1-9f81-f1c19654fd05: receive RaftClientReply:client-8B023739F3BF->b50d6464-f54a-40d1-9f81-f1c19654fd05@group-1F53027F28E3, cid=966, SUCCESS, logIndex=1376, commits[b50d6464-f54a-40d1-9f81-f1c19654fd05:c1378]
2019-09-12 09:26:04,858 [grpc-default-executor-1] INFO  client.GrpcClientProtocolClient (GrpcClientProtocolClient.java:onNext(264)) - client-8B023739F3BF->b50d6464-f54a-40d1-9f81-f1c19654fd05: receive RaftClientReply:client-8B023739F3BF->b50d6464-f54a-40d1-9f81-f1c19654fd05@group-1F53027F28E3, cid=967, SUCCESS, logIndex=1377, commits[b50d6464-f54a-40d1-9f81-f1c19654fd05:c1379]
2019-09-12 09:26:04,858 [grpc-default-executor-1] INFO  client.GrpcClientProtocolClient (GrpcClientProtocolClient.java:onNext(264)) - client-8B023739F3BF->b50d6464-f54a-40d1-9f81-f1c19654fd05: receive RaftClientReply:client-8B023739F3BF->b50d6464-f54a-40d1-9f81-f1c19654fd05@group-1F53027F28E3, cid=968, SUCCESS, logIndex=1378, commits[b50d6464-f54a-40d1-9f81-f1c19654fd05:c1379]
2019-09-12 09:26:04,887 [grpc-default-executor-1] INFO  client.GrpcClientProtocolClient (GrpcClientProtocolClient.java:onNext(264)) - client-8B023739F3BF->b50d6464-f54a-40d1-9f81-f1c19654fd05: receive RaftClientReply:client-8B023739F3BF->b50d6464-f54a-40d1-9f81-f1c19654fd05@group-1F53027F28E3, cid=969, SUCCESS, logIndex=1381, commits[b50d6464-f54a-40d1-9f81-f1c19654fd05:c1382]
2019-09-12 09:26:04,888 [grpc-default-executor-1] INFO  client.GrpcClientProtocolClient (GrpcClientProtocolClient.java:onNext(264)) - client-8B023739F3BF->b50d6464-f54a-40d1-9f81-f1c19654fd05: receive RaftClientReply:client-8B023739F3BF->b50d6464-f54a-40d1-9f81-f1c19654fd05@group-1F53027F28E3, cid=970, SUCCESS, logIndex=1382, commits[b50d6464-f54a-40d1-9f81-f1c19654fd05:c1384]
2019-09-12 09:26:04,888 [grpc-default-executor-1] INFO  client.GrpcClientProtocolClient (GrpcClientProtocolClient.java:onNext(264)) - client-8B023739F3BF->b50d6464-f54a-40d1-9f81-f1c19654fd05: receive RaftClientReply:client-8B023739F3BF->b50d6464-f54a-40d1-9f81-f1c19654fd05@group-1F53027F28E3, cid=971, SUCCESS, logIndex=1383, commits[b50d6464-f54a-40d1-9f81-f1c19654fd05:c1385]
2019-09-12 09:26:04,889 [grpc-default-executor-1] INFO  client.GrpcClientProtocolClient (GrpcClientProtocolClient.java:onNext(264)) - client-8B023739F3BF->b50d6464-f54a-40d1-9f81-f1c19654fd05: receive RaftClientReply:client-8B023739F3BF->b50d6464-f54a-40d1-9f81-f1c19654fd05@group-1F53027F28E3, cid=972, SUCCESS, logIndex=1384, commits[b50d6464-f54a-40d1-9f81-f1c19654fd05:c1385]
2019-09-12 09:26:04,894 [SCMBlockDeletingService#0] DEBUG block.SCMBlockDeletingService (SCMBlockDeletingService.java:call(138)) - Running DeletedBlockTransactionScanner
2019-09-12 09:26:04,895 [SCMBlockDeletingService#0] DEBUG block.SCMBlockDeletingService (SCMBlockDeletingService.java:call(155)) - Scanned deleted blocks log and got 0 delTX to process.
2019-09-12 09:26:05,059 [SCMBlockDeletingService#0] DEBUG block.SCMBlockDeletingService (SCMBlockDeletingService.java:call(138)) - Running DeletedBlockTransactionScanner
2019-09-12 09:26:05,059 [SCMBlockDeletingService#0] DEBUG block.SCMBlockDeletingService (SCMBlockDeletingService.java:call(155)) - Scanned deleted blocks log and got 0 delTX to process.
2019-09-12 09:26:05,094 [grpc-default-executor-1] INFO  client.GrpcClientProtocolClient (GrpcClientProtocolClient.java:onNext(264)) - client-8B023739F3BF->b50d6464-f54a-40d1-9f81-f1c19654fd05: receive RaftClientReply:client-8B023739F3BF->b50d6464-f54a-40d1-9f81-f1c19654fd05@group-1F53027F28E3, cid=973, SUCCESS, logIndex=1387, commits[b50d6464-f54a-40d1-9f81-f1c19654fd05:c1390]
2019-09-12 09:26:05,095 [grpc-default-executor-1] INFO  client.GrpcClientProtocolClient (GrpcClientProtocolClient.java:onNext(264)) - client-8B023739F3BF->b50d6464-f54a-40d1-9f81-f1c19654fd05: receive RaftClientReply:client-8B023739F3BF->b50d6464-f54a-40d1-9f81-f1c19654fd05@group-1F53027F28E3, cid=974, SUCCESS, logIndex=1388, commits[b50d6464-f54a-40d1-9f81-f1c19654fd05:c1392]
2019-09-12 09:26:05,096 [grpc-default-executor-1] INFO  client.GrpcClientProtocolClient (GrpcClientProtocolClient.java:onNext(264)) - client-8B023739F3BF->b50d6464-f54a-40d1-9f81-f1c19654fd05: receive RaftClientReply:client-8B023739F3BF->b50d6464-f54a-40d1-9f81-f1c19654fd05@group-1F53027F28E3, cid=975, SUCCESS, logIndex=1389, commits[b50d6464-f54a-40d1-9f81-f1c19654fd05:c1392]
2019-09-12 09:26:05,096 [grpc-default-executor-1] INFO  client.GrpcClientProtocolClient (GrpcClientProtocolClient.java:onNext(264)) - client-8B023739F3BF->b50d6464-f54a-40d1-9f81-f1c19654fd05: receive RaftClientReply:client-8B023739F3BF->b50d6464-f54a-40d1-9f81-f1c19654fd05@group-1F53027F28E3, cid=976, SUCCESS, logIndex=1390, commits[b50d6464-f54a-40d1-9f81-f1c19654fd05:c1392]
2019-09-12 09:26:05,130 [grpc-default-executor-1] INFO  client.GrpcClientProtocolClient (GrpcClientProtocolClient.java:onNext(264)) - client-8B023739F3BF->b50d6464-f54a-40d1-9f81-f1c19654fd05: receive RaftClientReply:client-8B023739F3BF->b50d6464-f54a-40d1-9f81-f1c19654fd05@group-1F53027F28E3, cid=977, SUCCESS, logIndex=1393, commits[b50d6464-f54a-40d1-9f81-f1c19654fd05:c1394]
2019-09-12 09:26:05,130 [grpc-default-executor-1] INFO  client.GrpcClientProtocolClient (GrpcClientProtocolClient.java:onNext(264)) - client-8B023739F3BF->b50d6464-f54a-40d1-9f81-f1c19654fd05: receive RaftClientReply:client-8B023739F3BF->b50d6464-f54a-40d1-9f81-f1c19654fd05@group-1F53027F28E3, cid=978, SUCCESS, logIndex=1394, commits[b50d6464-f54a-40d1-9f81-f1c19654fd05:c1394]
2019-09-12 09:26:05,140 [grpc-default-executor-1] INFO  client.GrpcClientProtocolClient (GrpcClientProtocolClient.java:onNext(264)) - client-8B023739F3BF->b50d6464-f54a-40d1-9f81-f1c19654fd05: receive RaftClientReply:client-8B023739F3BF->b50d6464-f54a-40d1-9f81-f1c19654fd05@group-1F53027F28E3, cid=979, SUCCESS, logIndex=1395, commits[b50d6464-f54a-40d1-9f81-f1c19654fd05:c1396]
2019-09-12 09:26:05,140 [grpc-default-executor-1] INFO  client.GrpcClientProtocolClient (GrpcClientProtocolClient.java:onNext(264)) - client-8B023739F3BF->b50d6464-f54a-40d1-9f81-f1c19654fd05: receive RaftClientReply:client-8B023739F3BF->b50d6464-f54a-40d1-9f81-f1c19654fd05@group-1F53027F28E3, cid=980, SUCCESS, logIndex=1396, commits[b50d6464-f54a-40d1-9f81-f1c19654fd05:c1397]
2019-09-12 09:26:05,160 [SCMBlockDeletingService#0] DEBUG block.SCMBlockDeletingService (SCMBlockDeletingService.java:call(138)) - Running DeletedBlockTransactionScanner
2019-09-12 09:26:05,160 [SCMBlockDeletingService#0] DEBUG block.SCMBlockDeletingService (SCMBlockDeletingService.java:call(155)) - Scanned deleted blocks log and got 0 delTX to process.
2019-09-12 09:26:05,161 [grpc-default-executor-2] INFO  client.GrpcClientProtocolClient (GrpcClientProtocolClient.java:onNext(264)) - client-8B023739F3BF->b50d6464-f54a-40d1-9f81-f1c19654fd05: receive RaftClientReply:client-8B023739F3BF->b50d6464-f54a-40d1-9f81-f1c19654fd05@group-1F53027F28E3, cid=981, SUCCESS, logIndex=1399, commits[b50d6464-f54a-40d1-9f81-f1c19654fd05:c1400]
2019-09-12 09:26:05,162 [grpc-default-executor-2] INFO  client.GrpcClientProtocolClient (GrpcClientProtocolClient.java:onNext(264)) - client-8B023739F3BF->b50d6464-f54a-40d1-9f81-f1c19654fd05: receive RaftClientReply:client-8B023739F3BF->b50d6464-f54a-40d1-9f81-f1c19654fd05@group-1F53027F28E3, cid=982, SUCCESS, logIndex=1400, commits[b50d6464-f54a-40d1-9f81-f1c19654fd05:c1400]
2019-09-12 09:26:05,163 [grpc-default-executor-2] INFO  client.GrpcClientProtocolClient (GrpcClientProtocolClient.java:onNext(264)) - client-8B023739F3BF->b50d6464-f54a-40d1-9f81-f1c19654fd05: receive RaftClientReply:client-8B023739F3BF->b50d6464-f54a-40d1-9f81-f1c19654fd05@group-1F53027F28E3, cid=983, SUCCESS, logIndex=1401, commits[b50d6464-f54a-40d1-9f81-f1c19654fd05:c1402]
2019-09-12 09:26:05,163 [grpc-default-executor-2] INFO  client.GrpcClientProtocolClient (GrpcClientProtocolClient.java:onNext(264)) - client-8B023739F3BF->b50d6464-f54a-40d1-9f81-f1c19654fd05: receive RaftClientReply:client-8B023739F3BF->b50d6464-f54a-40d1-9f81-f1c19654fd05@group-1F53027F28E3, cid=984, SUCCESS, logIndex=1402, commits[b50d6464-f54a-40d1-9f81-f1c19654fd05:c1402]
2019-09-12 09:26:05,194 [grpc-default-executor-2] INFO  client.GrpcClientProtocolClient (GrpcClientProtocolClient.java:onNext(264)) - client-8B023739F3BF->b50d6464-f54a-40d1-9f81-f1c19654fd05: receive RaftClientReply:client-8B023739F3BF->b50d6464-f54a-40d1-9f81-f1c19654fd05@group-1F53027F28E3, cid=985, SUCCESS, logIndex=1405, commits[b50d6464-f54a-40d1-9f81-f1c19654fd05:c1408]
2019-09-12 09:26:05,195 [grpc-default-executor-2] INFO  client.GrpcClientProtocolClient (GrpcClientProtocolClient.java:onNext(264)) - client-8B023739F3BF->b50d6464-f54a-40d1-9f81-f1c19654fd05: receive RaftClientReply:client-8B023739F3BF->b50d6464-f54a-40d1-9f81-f1c19654fd05@group-1F53027F28E3, cid=986, SUCCESS, logIndex=1406, commits[b50d6464-f54a-40d1-9f81-f1c19654fd05:c1409]
2019-09-12 09:26:05,195 [grpc-default-executor-2] INFO  client.GrpcClientProtocolClient (GrpcClientProtocolClient.java:onNext(264)) - client-8B023739F3BF->b50d6464-f54a-40d1-9f81-f1c19654fd05: receive RaftClientReply:client-8B023739F3BF->b50d6464-f54a-40d1-9f81-f1c19654fd05@group-1F53027F28E3, cid=987, SUCCESS, logIndex=1407, commits[b50d6464-f54a-40d1-9f81-f1c19654fd05:c1409]
2019-09-12 09:26:05,196 [grpc-default-executor-2] INFO  client.GrpcClientProtocolClient (GrpcClientProtocolClient.java:onNext(264)) - client-8B023739F3BF->b50d6464-f54a-40d1-9f81-f1c19654fd05: receive RaftClientReply:client-8B023739F3BF->b50d6464-f54a-40d1-9f81-f1c19654fd05@group-1F53027F28E3, cid=988, SUCCESS, logIndex=1408, commits[b50d6464-f54a-40d1-9f81-f1c19654fd05:c1409]
2019-09-12 09:26:05,217 [grpc-default-executor-2] INFO  client.GrpcClientProtocolClient (GrpcClientProtocolClient.java:onNext(264)) - client-8B023739F3BF->b50d6464-f54a-40d1-9f81-f1c19654fd05: receive RaftClientReply:client-8B023739F3BF->b50d6464-f54a-40d1-9f81-f1c19654fd05@group-1F53027F28E3, cid=989, SUCCESS, logIndex=1410, commits[b50d6464-f54a-40d1-9f81-f1c19654fd05:c1411]
2019-09-12 09:26:05,218 [grpc-default-executor-2] INFO  client.GrpcClientProtocolClient (GrpcClientProtocolClient.java:onNext(264)) - client-8B023739F3BF->b50d6464-f54a-40d1-9f81-f1c19654fd05: receive RaftClientReply:client-8B023739F3BF->b50d6464-f54a-40d1-9f81-f1c19654fd05@group-1F53027F28E3, cid=990, SUCCESS, logIndex=1411, commits[b50d6464-f54a-40d1-9f81-f1c19654fd05:c1413]
2019-09-12 09:26:05,218 [grpc-default-executor-2] INFO  client.GrpcClientProtocolClient (GrpcClientProtocolClient.java:onNext(264)) - client-8B023739F3BF->b50d6464-f54a-40d1-9f81-f1c19654fd05: receive RaftClientReply:client-8B023739F3BF->b50d6464-f54a-40d1-9f81-f1c19654fd05@group-1F53027F28E3, cid=991, SUCCESS, logIndex=1412, commits[b50d6464-f54a-40d1-9f81-f1c19654fd05:c1414]
2019-09-12 09:26:05,218 [grpc-default-executor-2] INFO  client.GrpcClientProtocolClient (GrpcClientProtocolClient.java:onNext(264)) - client-8B023739F3BF->b50d6464-f54a-40d1-9f81-f1c19654fd05: receive RaftClientReply:client-8B023739F3BF->b50d6464-f54a-40d1-9f81-f1c19654fd05@group-1F53027F28E3, cid=992, SUCCESS, logIndex=1413, commits[b50d6464-f54a-40d1-9f81-f1c19654fd05:c1415]
2019-09-12 09:26:05,246 [grpc-default-executor-1] INFO  client.GrpcClientProtocolClient (GrpcClientProtocolClient.java:onNext(264)) - client-8B023739F3BF->b50d6464-f54a-40d1-9f81-f1c19654fd05: receive RaftClientReply:client-8B023739F3BF->b50d6464-f54a-40d1-9f81-f1c19654fd05@group-1F53027F28E3, cid=993, SUCCESS, logIndex=1416, commits[b50d6464-f54a-40d1-9f81-f1c19654fd05:c1417]
2019-09-12 09:26:05,247 [grpc-default-executor-1] INFO  client.GrpcClientProtocolClient (GrpcClientProtocolClient.java:onNext(264)) - client-8B023739F3BF->b50d6464-f54a-40d1-9f81-f1c19654fd05: receive RaftClientReply:client-8B023739F3BF->b50d6464-f54a-40d1-9f81-f1c19654fd05@group-1F53027F28E3, cid=994, SUCCESS, logIndex=1417, commits[b50d6464-f54a-40d1-9f81-f1c19654fd05:c1419]
2019-09-12 09:26:05,247 [grpc-default-executor-1] INFO  client.GrpcClientProtocolClient (GrpcClientProtocolClient.java:onNext(264)) - client-8B023739F3BF->b50d6464-f54a-40d1-9f81-f1c19654fd05: receive RaftClientReply:client-8B023739F3BF->b50d6464-f54a-40d1-9f81-f1c19654fd05@group-1F53027F28E3, cid=995, SUCCESS, logIndex=1418, commits[b50d6464-f54a-40d1-9f81-f1c19654fd05:c1420]
2019-09-12 09:26:05,248 [grpc-default-executor-1] INFO  client.GrpcClientProtocolClient (GrpcClientProtocolClient.java:onNext(264)) - client-8B023739F3BF->b50d6464-f54a-40d1-9f81-f1c19654fd05: receive RaftClientReply:client-8B023739F3BF->b50d6464-f54a-40d1-9f81-f1c19654fd05@group-1F53027F28E3, cid=996, SUCCESS, logIndex=1419, commits[b50d6464-f54a-40d1-9f81-f1c19654fd05:c1421]
2019-09-12 09:26:05,260 [SCMBlockDeletingService#0] DEBUG block.SCMBlockDeletingService (SCMBlockDeletingService.java:call(138)) - Running DeletedBlockTransactionScanner
2019-09-12 09:26:05,261 [SCMBlockDeletingService#0] DEBUG block.SCMBlockDeletingService (SCMBlockDeletingService.java:call(155)) - Scanned deleted blocks log and got 0 delTX to process.
2019-09-12 09:26:05,268 [grpc-default-executor-1] INFO  client.GrpcClientProtocolClient (GrpcClientProtocolClient.java:onNext(264)) - client-8B023739F3BF->b50d6464-f54a-40d1-9f81-f1c19654fd05: receive RaftClientReply:client-8B023739F3BF->b50d6464-f54a-40d1-9f81-f1c19654fd05@group-1F53027F28E3, cid=997, SUCCESS, logIndex=1422, commits[b50d6464-f54a-40d1-9f81-f1c19654fd05:c1423]
2019-09-12 09:26:05,269 [grpc-default-executor-1] INFO  client.GrpcClientProtocolClient (GrpcClientProtocolClient.java:onNext(264)) - client-8B023739F3BF->b50d6464-f54a-40d1-9f81-f1c19654fd05: receive RaftClientReply:client-8B023739F3BF->b50d6464-f54a-40d1-9f81-f1c19654fd05@group-1F53027F28E3, cid=998, SUCCESS, logIndex=1423, commits[b50d6464-f54a-40d1-9f81-f1c19654fd05:c1426]
2019-09-12 09:26:05,269 [grpc-default-executor-1] INFO  client.GrpcClientProtocolClient (GrpcClientProtocolClient.java:onNext(264)) - client-8B023739F3BF->b50d6464-f54a-40d1-9f81-f1c19654fd05: receive RaftClientReply:client-8B023739F3BF->b50d6464-f54a-40d1-9f81-f1c19654fd05@group-1F53027F28E3, cid=999, SUCCESS, logIndex=1424, commits[b50d6464-f54a-40d1-9f81-f1c19654fd05:c1427]
2019-09-12 09:26:05,270 [grpc-default-executor-1] INFO  client.GrpcClientProtocolClient (GrpcClientProtocolClient.java:onNext(264)) - client-8B023739F3BF->b50d6464-f54a-40d1-9f81-f1c19654fd05: receive RaftClientReply:client-8B023739F3BF->b50d6464-f54a-40d1-9f81-f1c19654fd05@group-1F53027F28E3, cid=1000, SUCCESS, logIndex=1425, commits[b50d6464-f54a-40d1-9f81-f1c19654fd05:c1427]
2019-09-12 09:26:05,298 [grpc-default-executor-1] INFO  client.GrpcClientProtocolClient (GrpcClientProtocolClient.java:onNext(264)) - client-8B023739F3BF->b50d6464-f54a-40d1-9f81-f1c19654fd05: receive RaftClientReply:client-8B023739F3BF->b50d6464-f54a-40d1-9f81-f1c19654fd05@group-1F53027F28E3, cid=1001, SUCCESS, logIndex=1428, commits[b50d6464-f54a-40d1-9f81-f1c19654fd05:c1429]
2019-09-12 09:26:05,299 [grpc-default-executor-1] INFO  client.GrpcClientProtocolClient (GrpcClientProtocolClient.java:onNext(264)) - client-8B023739F3BF->b50d6464-f54a-40d1-9f81-f1c19654fd05: receive RaftClientReply:client-8B023739F3BF->b50d6464-f54a-40d1-9f81-f1c19654fd05@group-1F53027F28E3, cid=1002, SUCCESS, logIndex=1429, commits[b50d6464-f54a-40d1-9f81-f1c19654fd05:c1431]
2019-09-12 09:26:05,300 [grpc-default-executor-1] INFO  client.GrpcClientProtocolClient (GrpcClientProtocolClient.java:onNext(264)) - client-8B023739F3BF->b50d6464-f54a-40d1-9f81-f1c19654fd05: receive RaftClientReply:client-8B023739F3BF->b50d6464-f54a-40d1-9f81-f1c19654fd05@group-1F53027F28E3, cid=1003, SUCCESS, logIndex=1430, commits[b50d6464-f54a-40d1-9f81-f1c19654fd05:c1432]
2019-09-12 09:26:05,302 [grpc-default-executor-1] INFO  client.GrpcClientProtocolClient (GrpcClientProtocolClient.java:onNext(264)) - client-8B023739F3BF->b50d6464-f54a-40d1-9f81-f1c19654fd05: receive RaftClientReply:client-8B023739F3BF->b50d6464-f54a-40d1-9f81-f1c19654fd05@group-1F53027F28E3, cid=1004, SUCCESS, logIndex=1431, commits[b50d6464-f54a-40d1-9f81-f1c19654fd05:c1432]
2019-09-12 09:26:05,325 [grpc-default-executor-1] INFO  client.GrpcClientProtocolClient (GrpcClientProtocolClient.java:onNext(264)) - client-8B023739F3BF->b50d6464-f54a-40d1-9f81-f1c19654fd05: receive RaftClientReply:client-8B023739F3BF->b50d6464-f54a-40d1-9f81-f1c19654fd05@group-1F53027F28E3, cid=1005, SUCCESS, logIndex=1434, commits[b50d6464-f54a-40d1-9f81-f1c19654fd05:c1437]
2019-09-12 09:26:05,325 [grpc-default-executor-1] INFO  client.GrpcClientProtocolClient (GrpcClientProtocolClient.java:onNext(264)) - client-8B023739F3BF->b50d6464-f54a-40d1-9f81-f1c19654fd05: receive RaftClientReply:client-8B023739F3BF->b50d6464-f54a-40d1-9f81-f1c19654fd05@group-1F53027F28E3, cid=1006, SUCCESS, logIndex=1435, commits[b50d6464-f54a-40d1-9f81-f1c19654fd05:c1438]
2019-09-12 09:26:05,325 [grpc-default-executor-1] INFO  client.GrpcClientProtocolClient (GrpcClientProtocolClient.java:onNext(264)) - client-8B023739F3BF->b50d6464-f54a-40d1-9f81-f1c19654fd05: receive RaftClientReply:client-8B023739F3BF->b50d6464-f54a-40d1-9f81-f1c19654fd05@group-1F53027F28E3, cid=1007, SUCCESS, logIndex=1436, commits[b50d6464-f54a-40d1-9f81-f1c19654fd05:c1438]
2019-09-12 09:26:05,326 [grpc-default-executor-1] INFO  client.GrpcClientProtocolClient (GrpcClientProtocolClient.java:onNext(264)) - client-8B023739F3BF->b50d6464-f54a-40d1-9f81-f1c19654fd05: receive RaftClientReply:client-8B023739F3BF->b50d6464-f54a-40d1-9f81-f1c19654fd05@group-1F53027F28E3, cid=1008, SUCCESS, logIndex=1437, commits[b50d6464-f54a-40d1-9f81-f1c19654fd05:c1439]
2019-09-12 09:26:05,354 [grpc-default-executor-1] INFO  client.GrpcClientProtocolClient (GrpcClientProtocolClient.java:onNext(264)) - client-8B023739F3BF->b50d6464-f54a-40d1-9f81-f1c19654fd05: receive RaftClientReply:client-8B023739F3BF->b50d6464-f54a-40d1-9f81-f1c19654fd05@group-1F53027F28E3, cid=1009, SUCCESS, logIndex=1440, commits[b50d6464-f54a-40d1-9f81-f1c19654fd05:c1443]
2019-09-12 09:26:05,354 [grpc-default-executor-1] INFO  client.GrpcClientProtocolClient (GrpcClientProtocolClient.java:onNext(264)) - client-8B023739F3BF->b50d6464-f54a-40d1-9f81-f1c19654fd05: receive RaftClientReply:client-8B023739F3BF->b50d6464-f54a-40d1-9f81-f1c19654fd05@group-1F53027F28E3, cid=1010, SUCCESS, logIndex=1441, commits[b50d6464-f54a-40d1-9f81-f1c19654fd05:c1444]
2019-09-12 09:26:05,354 [grpc-default-executor-1] INFO  client.GrpcClientProtocolClient (GrpcClientProtocolClient.java:onNext(264)) - client-8B023739F3BF->b50d6464-f54a-40d1-9f81-f1c19654fd05: receive RaftClientReply:client-8B023739F3BF->b50d6464-f54a-40d1-9f81-f1c19654fd05@group-1F53027F28E3, cid=1011, SUCCESS, logIndex=1442, commits[b50d6464-f54a-40d1-9f81-f1c19654fd05:c1444]
2019-09-12 09:26:05,355 [grpc-default-executor-1] INFO  client.GrpcClientProtocolClient (GrpcClientProtocolClient.java:onNext(264)) - client-8B023739F3BF->b50d6464-f54a-40d1-9f81-f1c19654fd05: receive RaftClientReply:client-8B023739F3BF->b50d6464-f54a-40d1-9f81-f1c19654fd05@group-1F53027F28E3, cid=1012, SUCCESS, logIndex=1443, commits[b50d6464-f54a-40d1-9f81-f1c19654fd05:c1444]
2019-09-12 09:26:05,361 [SCMBlockDeletingService#0] DEBUG block.SCMBlockDeletingService (SCMBlockDeletingService.java:call(138)) - Running DeletedBlockTransactionScanner
2019-09-12 09:26:05,361 [SCMBlockDeletingService#0] DEBUG block.SCMBlockDeletingService (SCMBlockDeletingService.java:call(155)) - Scanned deleted blocks log and got 0 delTX to process.
2019-09-12 09:26:05,382 [grpc-default-executor-1] INFO  client.GrpcClientProtocolClient (GrpcClientProtocolClient.java:onNext(264)) - client-8B023739F3BF->b50d6464-f54a-40d1-9f81-f1c19654fd05: receive RaftClientReply:client-8B023739F3BF->b50d6464-f54a-40d1-9f81-f1c19654fd05@group-1F53027F28E3, cid=1013, SUCCESS, logIndex=1445, commits[b50d6464-f54a-40d1-9f81-f1c19654fd05:c1448]
2019-09-12 09:26:05,382 [grpc-default-executor-1] INFO  client.GrpcClientProtocolClient (GrpcClientProtocolClient.java:onNext(264)) - client-8B023739F3BF->b50d6464-f54a-40d1-9f81-f1c19654fd05: receive RaftClientReply:client-8B023739F3BF->b50d6464-f54a-40d1-9f81-f1c19654fd05@group-1F53027F28E3, cid=1014, SUCCESS, logIndex=1446, commits[b50d6464-f54a-40d1-9f81-f1c19654fd05:c1448]
2019-09-12 09:26:05,383 [grpc-default-executor-1] INFO  client.GrpcClientProtocolClient (GrpcClientProtocolClient.java:onNext(264)) - client-8B023739F3BF->b50d6464-f54a-40d1-9f81-f1c19654fd05: receive RaftClientReply:client-8B023739F3BF->b50d6464-f54a-40d1-9f81-f1c19654fd05@group-1F53027F28E3, cid=1015, SUCCESS, logIndex=1447, commits[b50d6464-f54a-40d1-9f81-f1c19654fd05:c1448]
2019-09-12 09:26:05,383 [grpc-default-executor-1] INFO  client.GrpcClientProtocolClient (GrpcClientProtocolClient.java:onNext(264)) - client-8B023739F3BF->b50d6464-f54a-40d1-9f81-f1c19654fd05: receive RaftClientReply:client-8B023739F3BF->b50d6464-f54a-40d1-9f81-f1c19654fd05@group-1F53027F28E3, cid=1016, SUCCESS, logIndex=1448, commits[b50d6464-f54a-40d1-9f81-f1c19654fd05:c1448]
2019-09-12 09:26:05,462 [SCMBlockDeletingService#0] DEBUG block.SCMBlockDeletingService (SCMBlockDeletingService.java:call(138)) - Running DeletedBlockTransactionScanner
2019-09-12 09:26:05,462 [SCMBlockDeletingService#0] DEBUG block.SCMBlockDeletingService (SCMBlockDeletingService.java:call(155)) - Scanned deleted blocks log and got 0 delTX to process.
2019-09-12 09:26:05,498 [grpc-default-executor-1] INFO  client.GrpcClientProtocolClient (GrpcClientProtocolClient.java:onNext(264)) - client-8B023739F3BF->b50d6464-f54a-40d1-9f81-f1c19654fd05: receive RaftClientReply:client-8B023739F3BF->b50d6464-f54a-40d1-9f81-f1c19654fd05@group-1F53027F28E3, cid=1017, SUCCESS, logIndex=1450, commits[b50d6464-f54a-40d1-9f81-f1c19654fd05:c1451]
2019-09-12 09:26:05,499 [grpc-default-executor-1] INFO  client.GrpcClientProtocolClient (GrpcClientProtocolClient.java:onNext(264)) - client-8B023739F3BF->b50d6464-f54a-40d1-9f81-f1c19654fd05: receive RaftClientReply:client-8B023739F3BF->b50d6464-f54a-40d1-9f81-f1c19654fd05@group-1F53027F28E3, cid=1018, SUCCESS, logIndex=1451, commits[b50d6464-f54a-40d1-9f81-f1c19654fd05:c1454]
2019-09-12 09:26:05,499 [grpc-default-executor-1] INFO  client.GrpcClientProtocolClient (GrpcClientProtocolClient.java:onNext(264)) - client-8B023739F3BF->b50d6464-f54a-40d1-9f81-f1c19654fd05: receive RaftClientReply:client-8B023739F3BF->b50d6464-f54a-40d1-9f81-f1c19654fd05@group-1F53027F28E3, cid=1019, SUCCESS, logIndex=1452, commits[b50d6464-f54a-40d1-9f81-f1c19654fd05:c1455]
2019-09-12 09:26:05,500 [grpc-default-executor-1] INFO  client.GrpcClientProtocolClient (GrpcClientProtocolClient.java:onNext(264)) - client-8B023739F3BF->b50d6464-f54a-40d1-9f81-f1c19654fd05: receive RaftClientReply:client-8B023739F3BF->b50d6464-f54a-40d1-9f81-f1c19654fd05@group-1F53027F28E3, cid=1020, SUCCESS, logIndex=1453, commits[b50d6464-f54a-40d1-9f81-f1c19654fd05:c1455]
2019-09-12 09:26:05,520 [grpc-default-executor-2] INFO  client.GrpcClientProtocolClient (GrpcClientProtocolClient.java:onNext(264)) - client-8B023739F3BF->b50d6464-f54a-40d1-9f81-f1c19654fd05: receive RaftClientReply:client-8B023739F3BF->b50d6464-f54a-40d1-9f81-f1c19654fd05@group-1F53027F28E3, cid=1021, SUCCESS, logIndex=1456, commits[b50d6464-f54a-40d1-9f81-f1c19654fd05:c1459]
2019-09-12 09:26:05,521 [grpc-default-executor-2] INFO  client.GrpcClientProtocolClient (GrpcClientProtocolClient.java:onNext(264)) - client-8B023739F3BF->b50d6464-f54a-40d1-9f81-f1c19654fd05: receive RaftClientReply:client-8B023739F3BF->b50d6464-f54a-40d1-9f81-f1c19654fd05@group-1F53027F28E3, cid=1022, SUCCESS, logIndex=1457, commits[b50d6464-f54a-40d1-9f81-f1c19654fd05:c1460]
2019-09-12 09:26:05,521 [grpc-default-executor-2] INFO  client.GrpcClientProtocolClient (GrpcClientProtocolClient.java:onNext(264)) - client-8B023739F3BF->b50d6464-f54a-40d1-9f81-f1c19654fd05: receive RaftClientReply:client-8B023739F3BF->b50d6464-f54a-40d1-9f81-f1c19654fd05@group-1F53027F28E3, cid=1023, SUCCESS, logIndex=1458, commits[b50d6464-f54a-40d1-9f81-f1c19654fd05:c1461]
2019-09-12 09:26:05,522 [grpc-default-executor-2] INFO  client.GrpcClientProtocolClient (GrpcClientProtocolClient.java:onNext(264)) - client-8B023739F3BF->b50d6464-f54a-40d1-9f81-f1c19654fd05: receive RaftClientReply:client-8B023739F3BF->b50d6464-f54a-40d1-9f81-f1c19654fd05@group-1F53027F28E3, cid=1024, SUCCESS, logIndex=1459, commits[b50d6464-f54a-40d1-9f81-f1c19654fd05:c1461]
2019-09-12 09:26:05,550 [grpc-default-executor-1] INFO  client.GrpcClientProtocolClient (GrpcClientProtocolClient.java:onNext(264)) - client-8B023739F3BF->b50d6464-f54a-40d1-9f81-f1c19654fd05: receive RaftClientReply:client-8B023739F3BF->b50d6464-f54a-40d1-9f81-f1c19654fd05@group-1F53027F28E3, cid=1025, SUCCESS, logIndex=1462, commits[b50d6464-f54a-40d1-9f81-f1c19654fd05:c1463]
2019-09-12 09:26:05,551 [grpc-default-executor-1] INFO  client.GrpcClientProtocolClient (GrpcClientProtocolClient.java:onNext(264)) - client-8B023739F3BF->b50d6464-f54a-40d1-9f81-f1c19654fd05: receive RaftClientReply:client-8B023739F3BF->b50d6464-f54a-40d1-9f81-f1c19654fd05@group-1F53027F28E3, cid=1026, SUCCESS, logIndex=1463, commits[b50d6464-f54a-40d1-9f81-f1c19654fd05:c1465]
2019-09-12 09:26:05,551 [grpc-default-executor-1] INFO  client.GrpcClientProtocolClient (GrpcClientProtocolClient.java:onNext(264)) - client-8B023739F3BF->b50d6464-f54a-40d1-9f81-f1c19654fd05: receive RaftClientReply:client-8B023739F3BF->b50d6464-f54a-40d1-9f81-f1c19654fd05@group-1F53027F28E3, cid=1027, SUCCESS, logIndex=1464, commits[b50d6464-f54a-40d1-9f81-f1c19654fd05:c1465]
2019-09-12 09:26:05,552 [grpc-default-executor-1] INFO  client.GrpcClientProtocolClient (GrpcClientProtocolClient.java:onNext(264)) - client-8B023739F3BF->b50d6464-f54a-40d1-9f81-f1c19654fd05: receive RaftClientReply:client-8B023739F3BF->b50d6464-f54a-40d1-9f81-f1c19654fd05@group-1F53027F28E3, cid=1028, SUCCESS, logIndex=1465, commits[b50d6464-f54a-40d1-9f81-f1c19654fd05:c1466]
2019-09-12 09:26:05,562 [SCMBlockDeletingService#0] DEBUG block.SCMBlockDeletingService (SCMBlockDeletingService.java:call(138)) - Running DeletedBlockTransactionScanner
2019-09-12 09:26:05,563 [SCMBlockDeletingService#0] DEBUG block.SCMBlockDeletingService (SCMBlockDeletingService.java:call(155)) - Scanned deleted blocks log and got 0 delTX to process.
2019-09-12 09:26:05,573 [grpc-default-executor-2] INFO  client.GrpcClientProtocolClient (GrpcClientProtocolClient.java:onNext(264)) - client-8B023739F3BF->b50d6464-f54a-40d1-9f81-f1c19654fd05: receive RaftClientReply:client-8B023739F3BF->b50d6464-f54a-40d1-9f81-f1c19654fd05@group-1F53027F28E3, cid=1029, SUCCESS, logIndex=1468, commits[b50d6464-f54a-40d1-9f81-f1c19654fd05:c1471]
2019-09-12 09:26:05,573 [grpc-default-executor-2] INFO  client.GrpcClientProtocolClient (GrpcClientProtocolClient.java:onNext(264)) - client-8B023739F3BF->b50d6464-f54a-40d1-9f81-f1c19654fd05: receive RaftClientReply:client-8B023739F3BF->b50d6464-f54a-40d1-9f81-f1c19654fd05@group-1F53027F28E3, cid=1030, SUCCESS, logIndex=1469, commits[b50d6464-f54a-40d1-9f81-f1c19654fd05:c1472]
2019-09-12 09:26:05,574 [grpc-default-executor-2] INFO  client.GrpcClientProtocolClient (GrpcClientProtocolClient.java:onNext(264)) - client-8B023739F3BF->b50d6464-f54a-40d1-9f81-f1c19654fd05: receive RaftClientReply:client-8B023739F3BF->b50d6464-f54a-40d1-9f81-f1c19654fd05@group-1F53027F28E3, cid=1031, SUCCESS, logIndex=1470, commits[b50d6464-f54a-40d1-9f81-f1c19654fd05:c1472]
2019-09-12 09:26:05,574 [grpc-default-executor-2] INFO  client.GrpcClientProtocolClient (GrpcClientProtocolClient.java:onNext(264)) - client-8B023739F3BF->b50d6464-f54a-40d1-9f81-f1c19654fd05: receive RaftClientReply:client-8B023739F3BF->b50d6464-f54a-40d1-9f81-f1c19654fd05@group-1F53027F28E3, cid=1032, SUCCESS, logIndex=1471, commits[b50d6464-f54a-40d1-9f81-f1c19654fd05:c1472]
2019-09-12 09:26:05,598 [grpc-default-executor-2] INFO  client.GrpcClientProtocolClient (GrpcClientProtocolClient.java:onNext(264)) - client-8B023739F3BF->b50d6464-f54a-40d1-9f81-f1c19654fd05: receive RaftClientReply:client-8B023739F3BF->b50d6464-f54a-40d1-9f81-f1c19654fd05@group-1F53027F28E3, cid=1033, SUCCESS, logIndex=1473, commits[b50d6464-f54a-40d1-9f81-f1c19654fd05:c1474]
2019-09-12 09:26:05,599 [grpc-default-executor-2] INFO  client.GrpcClientProtocolClient (GrpcClientProtocolClient.java:onNext(264)) - client-8B023739F3BF->b50d6464-f54a-40d1-9f81-f1c19654fd05: receive RaftClientReply:client-8B023739F3BF->b50d6464-f54a-40d1-9f81-f1c19654fd05@group-1F53027F28E3, cid=1034, SUCCESS, logIndex=1474, commits[b50d6464-f54a-40d1-9f81-f1c19654fd05:c1476]
2019-09-12 09:26:05,599 [grpc-default-executor-2] INFO  client.GrpcClientProtocolClient (GrpcClientProtocolClient.java:onNext(264)) - client-8B023739F3BF->b50d6464-f54a-40d1-9f81-f1c19654fd05: receive RaftClientReply:client-8B023739F3BF->b50d6464-f54a-40d1-9f81-f1c19654fd05@group-1F53027F28E3, cid=1035, SUCCESS, logIndex=1475, commits[b50d6464-f54a-40d1-9f81-f1c19654fd05:c1477]
2019-09-12 09:26:05,599 [grpc-default-executor-2] INFO  client.GrpcClientProtocolClient (GrpcClientProtocolClient.java:onNext(264)) - client-8B023739F3BF->b50d6464-f54a-40d1-9f81-f1c19654fd05: receive RaftClientReply:client-8B023739F3BF->b50d6464-f54a-40d1-9f81-f1c19654fd05@group-1F53027F28E3, cid=1036, SUCCESS, logIndex=1476, commits[b50d6464-f54a-40d1-9f81-f1c19654fd05:c1477]
2019-09-12 09:26:05,621 [grpc-default-executor-1] INFO  client.GrpcClientProtocolClient (GrpcClientProtocolClient.java:onNext(264)) - client-8B023739F3BF->b50d6464-f54a-40d1-9f81-f1c19654fd05: receive RaftClientReply:client-8B023739F3BF->b50d6464-f54a-40d1-9f81-f1c19654fd05@group-1F53027F28E3, cid=1037, SUCCESS, logIndex=1479, commits[b50d6464-f54a-40d1-9f81-f1c19654fd05:c1480]
2019-09-12 09:26:05,621 [grpc-default-executor-1] INFO  client.GrpcClientProtocolClient (GrpcClientProtocolClient.java:onNext(264)) - client-8B023739F3BF->b50d6464-f54a-40d1-9f81-f1c19654fd05: receive RaftClientReply:client-8B023739F3BF->b50d6464-f54a-40d1-9f81-f1c19654fd05@group-1F53027F28E3, cid=1038, SUCCESS, logIndex=1480, commits[b50d6464-f54a-40d1-9f81-f1c19654fd05:c1482]
2019-09-12 09:26:05,622 [grpc-default-executor-1] INFO  client.GrpcClientProtocolClient (GrpcClientProtocolClient.java:onNext(264)) - client-8B023739F3BF->b50d6464-f54a-40d1-9f81-f1c19654fd05: receive RaftClientReply:client-8B023739F3BF->b50d6464-f54a-40d1-9f81-f1c19654fd05@group-1F53027F28E3, cid=1039, SUCCESS, logIndex=1481, commits[b50d6464-f54a-40d1-9f81-f1c19654fd05:c1483]
2019-09-12 09:26:05,622 [grpc-default-executor-1] INFO  client.GrpcClientProtocolClient (GrpcClientProtocolClient.java:onNext(264)) - client-8B023739F3BF->b50d6464-f54a-40d1-9f81-f1c19654fd05: receive RaftClientReply:client-8B023739F3BF->b50d6464-f54a-40d1-9f81-f1c19654fd05@group-1F53027F28E3, cid=1040, SUCCESS, logIndex=1482, commits[b50d6464-f54a-40d1-9f81-f1c19654fd05:c1483]
2019-09-12 09:26:05,648 [grpc-default-executor-1] INFO  client.GrpcClientProtocolClient (GrpcClientProtocolClient.java:onNext(264)) - client-8B023739F3BF->b50d6464-f54a-40d1-9f81-f1c19654fd05: receive RaftClientReply:client-8B023739F3BF->b50d6464-f54a-40d1-9f81-f1c19654fd05@group-1F53027F28E3, cid=1041, SUCCESS, logIndex=1485, commits[b50d6464-f54a-40d1-9f81-f1c19654fd05:c1486]
2019-09-12 09:26:05,649 [grpc-default-executor-1] INFO  client.GrpcClientProtocolClient (GrpcClientProtocolClient.java:onNext(264)) - client-8B023739F3BF->b50d6464-f54a-40d1-9f81-f1c19654fd05: receive RaftClientReply:client-8B023739F3BF->b50d6464-f54a-40d1-9f81-f1c19654fd05@group-1F53027F28E3, cid=1042, SUCCESS, logIndex=1486, commits[b50d6464-f54a-40d1-9f81-f1c19654fd05:c1488]
2019-09-12 09:26:05,649 [grpc-default-executor-1] INFO  client.GrpcClientProtocolClient (GrpcClientProtocolClient.java:onNext(264)) - client-8B023739F3BF->b50d6464-f54a-40d1-9f81-f1c19654fd05: receive RaftClientReply:client-8B023739F3BF->b50d6464-f54a-40d1-9f81-f1c19654fd05@group-1F53027F28E3, cid=1043, SUCCESS, logIndex=1487, commits[b50d6464-f54a-40d1-9f81-f1c19654fd05:c1489]
2019-09-12 09:26:05,649 [grpc-default-executor-1] INFO  client.GrpcClientProtocolClient (GrpcClientProtocolClient.java:onNext(264)) - client-8B023739F3BF->b50d6464-f54a-40d1-9f81-f1c19654fd05: receive RaftClientReply:client-8B023739F3BF->b50d6464-f54a-40d1-9f81-f1c19654fd05@group-1F53027F28E3, cid=1044, SUCCESS, logIndex=1488, commits[b50d6464-f54a-40d1-9f81-f1c19654fd05:c1490]
2019-09-12 09:26:05,663 [SCMBlockDeletingService#0] DEBUG block.SCMBlockDeletingService (SCMBlockDeletingService.java:call(138)) - Running DeletedBlockTransactionScanner
2019-09-12 09:26:05,663 [SCMBlockDeletingService#0] DEBUG block.SCMBlockDeletingService (SCMBlockDeletingService.java:call(155)) - Scanned deleted blocks log and got 0 delTX to process.
2019-09-12 09:26:05,668 [grpc-default-executor-1] INFO  client.GrpcClientProtocolClient (GrpcClientProtocolClient.java:onNext(264)) - client-8B023739F3BF->b50d6464-f54a-40d1-9f81-f1c19654fd05: receive RaftClientReply:client-8B023739F3BF->b50d6464-f54a-40d1-9f81-f1c19654fd05@group-1F53027F28E3, cid=1045, SUCCESS, logIndex=1491, commits[b50d6464-f54a-40d1-9f81-f1c19654fd05:c1492]
2019-09-12 09:26:05,669 [grpc-default-executor-1] INFO  client.GrpcClientProtocolClient (GrpcClientProtocolClient.java:onNext(264)) - client-8B023739F3BF->b50d6464-f54a-40d1-9f81-f1c19654fd05: receive RaftClientReply:client-8B023739F3BF->b50d6464-f54a-40d1-9f81-f1c19654fd05@group-1F53027F28E3, cid=1046, SUCCESS, logIndex=1492, commits[b50d6464-f54a-40d1-9f81-f1c19654fd05:c1494]
2019-09-12 09:26:05,669 [grpc-default-executor-1] INFO  client.GrpcClientProtocolClient (GrpcClientProtocolClient.java:onNext(264)) - client-8B023739F3BF->b50d6464-f54a-40d1-9f81-f1c19654fd05: receive RaftClientReply:client-8B023739F3BF->b50d6464-f54a-40d1-9f81-f1c19654fd05@group-1F53027F28E3, cid=1047, SUCCESS, logIndex=1493, commits[b50d6464-f54a-40d1-9f81-f1c19654fd05:c1494]
2019-09-12 09:26:05,670 [grpc-default-executor-1] INFO  client.GrpcClientProtocolClient (GrpcClientProtocolClient.java:onNext(264)) - client-8B023739F3BF->b50d6464-f54a-40d1-9f81-f1c19654fd05: receive RaftClientReply:client-8B023739F3BF->b50d6464-f54a-40d1-9f81-f1c19654fd05@group-1F53027F28E3, cid=1048, SUCCESS, logIndex=1494, commits[b50d6464-f54a-40d1-9f81-f1c19654fd05:c1495]
2019-09-12 09:26:05,764 [SCMBlockDeletingService#0] DEBUG block.SCMBlockDeletingService (SCMBlockDeletingService.java:call(138)) - Running DeletedBlockTransactionScanner
2019-09-12 09:26:05,764 [SCMBlockDeletingService#0] DEBUG block.SCMBlockDeletingService (SCMBlockDeletingService.java:call(155)) - Scanned deleted blocks log and got 0 delTX to process.
2019-09-12 09:26:05,779 [grpc-default-executor-1] INFO  client.GrpcClientProtocolClient (GrpcClientProtocolClient.java:onNext(264)) - client-8B023739F3BF->b50d6464-f54a-40d1-9f81-f1c19654fd05: receive RaftClientReply:client-8B023739F3BF->b50d6464-f54a-40d1-9f81-f1c19654fd05@group-1F53027F28E3, cid=1049, SUCCESS, logIndex=1497, commits[b50d6464-f54a-40d1-9f81-f1c19654fd05:c1500]
2019-09-12 09:26:05,780 [grpc-default-executor-1] INFO  client.GrpcClientProtocolClient (GrpcClientProtocolClient.java:onNext(264)) - client-8B023739F3BF->b50d6464-f54a-40d1-9f81-f1c19654fd05: receive RaftClientReply:client-8B023739F3BF->b50d6464-f54a-40d1-9f81-f1c19654fd05@group-1F53027F28E3, cid=1050, SUCCESS, logIndex=1498, commits[b50d6464-f54a-40d1-9f81-f1c19654fd05:c1500]
2019-09-12 09:26:05,781 [grpc-default-executor-1] INFO  client.GrpcClientProtocolClient (GrpcClientProtocolClient.java:onNext(264)) - client-8B023739F3BF->b50d6464-f54a-40d1-9f81-f1c19654fd05: receive RaftClientReply:client-8B023739F3BF->b50d6464-f54a-40d1-9f81-f1c19654fd05@group-1F53027F28E3, cid=1051, SUCCESS, logIndex=1499, commits[b50d6464-f54a-40d1-9f81-f1c19654fd05:c1501]
2019-09-12 09:26:05,781 [grpc-default-executor-1] INFO  client.GrpcClientProtocolClient (GrpcClientProtocolClient.java:onNext(264)) - client-8B023739F3BF->b50d6464-f54a-40d1-9f81-f1c19654fd05: receive RaftClientReply:client-8B023739F3BF->b50d6464-f54a-40d1-9f81-f1c19654fd05@group-1F53027F28E3, cid=1052, SUCCESS, logIndex=1500, commits[b50d6464-f54a-40d1-9f81-f1c19654fd05:c1502]
2019-09-12 09:26:05,806 [grpc-default-executor-2] INFO  client.GrpcClientProtocolClient (GrpcClientProtocolClient.java:onNext(264)) - client-8B023739F3BF->b50d6464-f54a-40d1-9f81-f1c19654fd05: receive RaftClientReply:client-8B023739F3BF->b50d6464-f54a-40d1-9f81-f1c19654fd05@group-1F53027F28E3, cid=1053, SUCCESS, logIndex=1503, commits[b50d6464-f54a-40d1-9f81-f1c19654fd05:c1506]
2019-09-12 09:26:05,807 [grpc-default-executor-2] INFO  client.GrpcClientProtocolClient (GrpcClientProtocolClient.java:onNext(264)) - client-8B023739F3BF->b50d6464-f54a-40d1-9f81-f1c19654fd05: receive RaftClientReply:client-8B023739F3BF->b50d6464-f54a-40d1-9f81-f1c19654fd05@group-1F53027F28E3, cid=1054, SUCCESS, logIndex=1504, commits[b50d6464-f54a-40d1-9f81-f1c19654fd05:c1506]
2019-09-12 09:26:05,807 [grpc-default-executor-2] INFO  client.GrpcClientProtocolClient (GrpcClientProtocolClient.java:onNext(264)) - client-8B023739F3BF->b50d6464-f54a-40d1-9f81-f1c19654fd05: receive RaftClientReply:client-8B023739F3BF->b50d6464-f54a-40d1-9f81-f1c19654fd05@group-1F53027F28E3, cid=1055, SUCCESS, logIndex=1505, commits[b50d6464-f54a-40d1-9f81-f1c19654fd05:c1507]
2019-09-12 09:26:05,807 [grpc-default-executor-2] INFO  client.GrpcClientProtocolClient (GrpcClientProtocolClient.java:onNext(264)) - client-8B023739F3BF->b50d6464-f54a-40d1-9f81-f1c19654fd05: receive RaftClientReply:client-8B023739F3BF->b50d6464-f54a-40d1-9f81-f1c19654fd05@group-1F53027F28E3, cid=1056, SUCCESS, logIndex=1506, commits[b50d6464-f54a-40d1-9f81-f1c19654fd05:c1508]
2019-09-12 09:26:05,845 [grpc-default-executor-1] INFO  client.GrpcClientProtocolClient (GrpcClientProtocolClient.java:onNext(264)) - client-8B023739F3BF->b50d6464-f54a-40d1-9f81-f1c19654fd05: receive RaftClientReply:client-8B023739F3BF->b50d6464-f54a-40d1-9f81-f1c19654fd05@group-1F53027F28E3, cid=1057, SUCCESS, logIndex=1509, commits[b50d6464-f54a-40d1-9f81-f1c19654fd05:c1512]
2019-09-12 09:26:05,846 [grpc-default-executor-1] INFO  client.GrpcClientProtocolClient (GrpcClientProtocolClient.java:onNext(264)) - client-8B023739F3BF->b50d6464-f54a-40d1-9f81-f1c19654fd05: receive RaftClientReply:client-8B023739F3BF->b50d6464-f54a-40d1-9f81-f1c19654fd05@group-1F53027F28E3, cid=1058, SUCCESS, logIndex=1510, commits[b50d6464-f54a-40d1-9f81-f1c19654fd05:c1513]
2019-09-12 09:26:05,846 [grpc-default-executor-1] INFO  client.GrpcClientProtocolClient (GrpcClientProtocolClient.java:onNext(264)) - client-8B023739F3BF->b50d6464-f54a-40d1-9f81-f1c19654fd05: receive RaftClientReply:client-8B023739F3BF->b50d6464-f54a-40d1-9f81-f1c19654fd05@group-1F53027F28E3, cid=1059, SUCCESS, logIndex=1511, commits[b50d6464-f54a-40d1-9f81-f1c19654fd05:c1513]
2019-09-12 09:26:05,847 [grpc-default-executor-1] INFO  client.GrpcClientProtocolClient (GrpcClientProtocolClient.java:onNext(264)) - client-8B023739F3BF->b50d6464-f54a-40d1-9f81-f1c19654fd05: receive RaftClientReply:client-8B023739F3BF->b50d6464-f54a-40d1-9f81-f1c19654fd05@group-1F53027F28E3, cid=1060, SUCCESS, logIndex=1512, commits[b50d6464-f54a-40d1-9f81-f1c19654fd05:c1513]
2019-09-12 09:26:05,864 [SCMBlockDeletingService#0] DEBUG block.SCMBlockDeletingService (SCMBlockDeletingService.java:call(138)) - Running DeletedBlockTransactionScanner
2019-09-12 09:26:05,865 [SCMBlockDeletingService#0] DEBUG block.SCMBlockDeletingService (SCMBlockDeletingService.java:call(155)) - Scanned deleted blocks log and got 0 delTX to process.
2019-09-12 09:26:05,954 [grpc-default-executor-1] INFO  client.GrpcClientProtocolClient (GrpcClientProtocolClient.java:onNext(264)) - client-8B023739F3BF->b50d6464-f54a-40d1-9f81-f1c19654fd05: receive RaftClientReply:client-8B023739F3BF->b50d6464-f54a-40d1-9f81-f1c19654fd05@group-1F53027F28E3, cid=1061, SUCCESS, logIndex=1514, commits[b50d6464-f54a-40d1-9f81-f1c19654fd05:c1515]
2019-09-12 09:26:05,954 [grpc-default-executor-1] INFO  client.GrpcClientProtocolClient (GrpcClientProtocolClient.java:onNext(264)) - client-8B023739F3BF->b50d6464-f54a-40d1-9f81-f1c19654fd05: receive RaftClientReply:client-8B023739F3BF->b50d6464-f54a-40d1-9f81-f1c19654fd05@group-1F53027F28E3, cid=1062, SUCCESS, logIndex=1515, commits[b50d6464-f54a-40d1-9f81-f1c19654fd05:c1515]
2019-09-12 09:26:05,956 [grpc-default-executor-1] INFO  client.GrpcClientProtocolClient (GrpcClientProtocolClient.java:onNext(264)) - client-8B023739F3BF->b50d6464-f54a-40d1-9f81-f1c19654fd05: receive RaftClientReply:client-8B023739F3BF->b50d6464-f54a-40d1-9f81-f1c19654fd05@group-1F53027F28E3, cid=1063, SUCCESS, logIndex=1516, commits[b50d6464-f54a-40d1-9f81-f1c19654fd05:c1517]
2019-09-12 09:26:05,956 [grpc-default-executor-1] INFO  client.GrpcClientProtocolClient (GrpcClientProtocolClient.java:onNext(264)) - client-8B023739F3BF->b50d6464-f54a-40d1-9f81-f1c19654fd05: receive RaftClientReply:client-8B023739F3BF->b50d6464-f54a-40d1-9f81-f1c19654fd05@group-1F53027F28E3, cid=1064, SUCCESS, logIndex=1517, commits[b50d6464-f54a-40d1-9f81-f1c19654fd05:c1517]
2019-09-12 09:26:05,965 [SCMBlockDeletingService#0] DEBUG block.SCMBlockDeletingService (SCMBlockDeletingService.java:call(138)) - Running DeletedBlockTransactionScanner
2019-09-12 09:26:05,965 [SCMBlockDeletingService#0] DEBUG block.SCMBlockDeletingService (SCMBlockDeletingService.java:call(155)) - Scanned deleted blocks log and got 0 delTX to process.
2019-09-12 09:26:05,984 [grpc-default-executor-1] INFO  client.GrpcClientProtocolClient (GrpcClientProtocolClient.java:onNext(264)) - client-8B023739F3BF->b50d6464-f54a-40d1-9f81-f1c19654fd05: receive RaftClientReply:client-8B023739F3BF->b50d6464-f54a-40d1-9f81-f1c19654fd05@group-1F53027F28E3, cid=1065, SUCCESS, logIndex=1520, commits[b50d6464-f54a-40d1-9f81-f1c19654fd05:c1521]
2019-09-12 09:26:05,984 [grpc-default-executor-1] INFO  client.GrpcClientProtocolClient (GrpcClientProtocolClient.java:onNext(264)) - client-8B023739F3BF->b50d6464-f54a-40d1-9f81-f1c19654fd05: receive RaftClientReply:client-8B023739F3BF->b50d6464-f54a-40d1-9f81-f1c19654fd05@group-1F53027F28E3, cid=1066, SUCCESS, logIndex=1521, commits[b50d6464-f54a-40d1-9f81-f1c19654fd05:c1523]
2019-09-12 09:26:05,985 [grpc-default-executor-1] INFO  client.GrpcClientProtocolClient (GrpcClientProtocolClient.java:onNext(264)) - client-8B023739F3BF->b50d6464-f54a-40d1-9f81-f1c19654fd05: receive RaftClientReply:client-8B023739F3BF->b50d6464-f54a-40d1-9f81-f1c19654fd05@group-1F53027F28E3, cid=1067, SUCCESS, logIndex=1522, commits[b50d6464-f54a-40d1-9f81-f1c19654fd05:c1524]
2019-09-12 09:26:05,985 [grpc-default-executor-1] INFO  client.GrpcClientProtocolClient (GrpcClientProtocolClient.java:onNext(264)) - client-8B023739F3BF->b50d6464-f54a-40d1-9f81-f1c19654fd05: receive RaftClientReply:client-8B023739F3BF->b50d6464-f54a-40d1-9f81-f1c19654fd05@group-1F53027F28E3, cid=1068, SUCCESS, logIndex=1523, commits[b50d6464-f54a-40d1-9f81-f1c19654fd05:c1524]
2019-09-12 09:26:06,007 [grpc-default-executor-2] INFO  client.GrpcClientProtocolClient (GrpcClientProtocolClient.java:onNext(264)) - client-8B023739F3BF->b50d6464-f54a-40d1-9f81-f1c19654fd05: receive RaftClientReply:client-8B023739F3BF->b50d6464-f54a-40d1-9f81-f1c19654fd05@group-1F53027F28E3, cid=1069, SUCCESS, logIndex=1526, commits[b50d6464-f54a-40d1-9f81-f1c19654fd05:c1529]
2019-09-12 09:26:06,008 [grpc-default-executor-2] INFO  client.GrpcClientProtocolClient (GrpcClientProtocolClient.java:onNext(264)) - client-8B023739F3BF->b50d6464-f54a-40d1-9f81-f1c19654fd05: receive RaftClientReply:client-8B023739F3BF->b50d6464-f54a-40d1-9f81-f1c19654fd05@group-1F53027F28E3, cid=1070, SUCCESS, logIndex=1527, commits[b50d6464-f54a-40d1-9f81-f1c19654fd05:c1530]
2019-09-12 09:26:06,008 [grpc-default-executor-2] INFO  client.GrpcClientProtocolClient (GrpcClientProtocolClient.java:onNext(264)) - client-8B023739F3BF->b50d6464-f54a-40d1-9f81-f1c19654fd05: receive RaftClientReply:client-8B023739F3BF->b50d6464-f54a-40d1-9f81-f1c19654fd05@group-1F53027F28E3, cid=1071, SUCCESS, logIndex=1528, commits[b50d6464-f54a-40d1-9f81-f1c19654fd05:c1530]
2019-09-12 09:26:06,008 [grpc-default-executor-2] INFO  client.GrpcClientProtocolClient (GrpcClientProtocolClient.java:onNext(264)) - client-8B023739F3BF->b50d6464-f54a-40d1-9f81-f1c19654fd05: receive RaftClientReply:client-8B023739F3BF->b50d6464-f54a-40d1-9f81-f1c19654fd05@group-1F53027F28E3, cid=1072, SUCCESS, logIndex=1529, commits[b50d6464-f54a-40d1-9f81-f1c19654fd05:c1530]
2019-09-12 09:26:06,034 [grpc-default-executor-2] INFO  client.GrpcClientProtocolClient (GrpcClientProtocolClient.java:onNext(264)) - client-8B023739F3BF->b50d6464-f54a-40d1-9f81-f1c19654fd05: receive RaftClientReply:client-8B023739F3BF->b50d6464-f54a-40d1-9f81-f1c19654fd05@group-1F53027F28E3, cid=1073, SUCCESS, logIndex=1531, commits[b50d6464-f54a-40d1-9f81-f1c19654fd05:c1532]
2019-09-12 09:26:06,035 [grpc-default-executor-2] INFO  client.GrpcClientProtocolClient (GrpcClientProtocolClient.java:onNext(264)) - client-8B023739F3BF->b50d6464-f54a-40d1-9f81-f1c19654fd05: receive RaftClientReply:client-8B023739F3BF->b50d6464-f54a-40d1-9f81-f1c19654fd05@group-1F53027F28E3, cid=1074, SUCCESS, logIndex=1532, commits[b50d6464-f54a-40d1-9f81-f1c19654fd05:c1532]
2019-09-12 09:26:06,036 [grpc-default-executor-2] INFO  client.GrpcClientProtocolClient (GrpcClientProtocolClient.java:onNext(264)) - client-8B023739F3BF->b50d6464-f54a-40d1-9f81-f1c19654fd05: receive RaftClientReply:client-8B023739F3BF->b50d6464-f54a-40d1-9f81-f1c19654fd05@group-1F53027F28E3, cid=1075, SUCCESS, logIndex=1533, commits[b50d6464-f54a-40d1-9f81-f1c19654fd05:c1534]
2019-09-12 09:26:06,036 [grpc-default-executor-2] INFO  client.GrpcClientProtocolClient (GrpcClientProtocolClient.java:onNext(264)) - client-8B023739F3BF->b50d6464-f54a-40d1-9f81-f1c19654fd05: receive RaftClientReply:client-8B023739F3BF->b50d6464-f54a-40d1-9f81-f1c19654fd05@group-1F53027F28E3, cid=1076, SUCCESS, logIndex=1534, commits[b50d6464-f54a-40d1-9f81-f1c19654fd05:c1534]
2019-09-12 09:26:06,047 [grpc-default-executor-1] INFO  client.GrpcClientProtocolClient (GrpcClientProtocolClient.java:onNext(264)) - client-8B023739F3BF->b50d6464-f54a-40d1-9f81-f1c19654fd05: receive RaftClientReply:client-8B023739F3BF->b50d6464-f54a-40d1-9f81-f1c19654fd05@group-1F53027F28E3, cid=1077, SUCCESS, logIndex=1537, commits[b50d6464-f54a-40d1-9f81-f1c19654fd05:c1540]
2019-09-12 09:26:06,048 [grpc-default-executor-1] INFO  client.GrpcClientProtocolClient (GrpcClientProtocolClient.java:onNext(264)) - client-8B023739F3BF->b50d6464-f54a-40d1-9f81-f1c19654fd05: receive RaftClientReply:client-8B023739F3BF->b50d6464-f54a-40d1-9f81-f1c19654fd05@group-1F53027F28E3, cid=1078, SUCCESS, logIndex=1538, commits[b50d6464-f54a-40d1-9f81-f1c19654fd05:c1541]
2019-09-12 09:26:06,048 [grpc-default-executor-1] INFO  client.GrpcClientProtocolClient (GrpcClientProtocolClient.java:onNext(264)) - client-8B023739F3BF->b50d6464-f54a-40d1-9f81-f1c19654fd05: receive RaftClientReply:client-8B023739F3BF->b50d6464-f54a-40d1-9f81-f1c19654fd05@group-1F53027F28E3, cid=1079, SUCCESS, logIndex=1539, commits[b50d6464-f54a-40d1-9f81-f1c19654fd05:c1541]
2019-09-12 09:26:06,049 [grpc-default-executor-1] INFO  client.GrpcClientProtocolClient (GrpcClientProtocolClient.java:onNext(264)) - client-8B023739F3BF->b50d6464-f54a-40d1-9f81-f1c19654fd05: receive RaftClientReply:client-8B023739F3BF->b50d6464-f54a-40d1-9f81-f1c19654fd05@group-1F53027F28E3, cid=1080, SUCCESS, logIndex=1540, commits[b50d6464-f54a-40d1-9f81-f1c19654fd05:c1541]
2019-09-12 09:26:06,066 [SCMBlockDeletingService#0] DEBUG block.SCMBlockDeletingService (SCMBlockDeletingService.java:call(138)) - Running DeletedBlockTransactionScanner
2019-09-12 09:26:06,066 [SCMBlockDeletingService#0] DEBUG block.SCMBlockDeletingService (SCMBlockDeletingService.java:call(155)) - Scanned deleted blocks log and got 0 delTX to process.
2019-09-12 09:26:06,074 [grpc-default-executor-1] INFO  client.GrpcClientProtocolClient (GrpcClientProtocolClient.java:onNext(264)) - client-8B023739F3BF->b50d6464-f54a-40d1-9f81-f1c19654fd05: receive RaftClientReply:client-8B023739F3BF->b50d6464-f54a-40d1-9f81-f1c19654fd05@group-1F53027F28E3, cid=1081, SUCCESS, logIndex=1542, commits[b50d6464-f54a-40d1-9f81-f1c19654fd05:c1543]
2019-09-12 09:26:06,075 [grpc-default-executor-1] INFO  client.GrpcClientProtocolClient (GrpcClientProtocolClient.java:onNext(264)) - client-8B023739F3BF->b50d6464-f54a-40d1-9f81-f1c19654fd05: receive RaftClientReply:client-8B023739F3BF->b50d6464-f54a-40d1-9f81-f1c19654fd05@group-1F53027F28E3, cid=1082, SUCCESS, logIndex=1543, commits[b50d6464-f54a-40d1-9f81-f1c19654fd05:c1543]
2019-09-12 09:26:06,076 [grpc-default-executor-1] INFO  client.GrpcClientProtocolClient (GrpcClientProtocolClient.java:onNext(264)) - client-8B023739F3BF->b50d6464-f54a-40d1-9f81-f1c19654fd05: receive RaftClientReply:client-8B023739F3BF->b50d6464-f54a-40d1-9f81-f1c19654fd05@group-1F53027F28E3, cid=1083, SUCCESS, logIndex=1544, commits[b50d6464-f54a-40d1-9f81-f1c19654fd05:c1545]
2019-09-12 09:26:06,076 [grpc-default-executor-1] INFO  client.GrpcClientProtocolClient (GrpcClientProtocolClient.java:onNext(264)) - client-8B023739F3BF->b50d6464-f54a-40d1-9f81-f1c19654fd05: receive RaftClientReply:client-8B023739F3BF->b50d6464-f54a-40d1-9f81-f1c19654fd05@group-1F53027F28E3, cid=1084, SUCCESS, logIndex=1545, commits[b50d6464-f54a-40d1-9f81-f1c19654fd05:c1545]
2019-09-12 09:26:06,087 [grpc-default-executor-1] INFO  client.GrpcClientProtocolClient (GrpcClientProtocolClient.java:onNext(264)) - client-8B023739F3BF->b50d6464-f54a-40d1-9f81-f1c19654fd05: receive RaftClientReply:client-8B023739F3BF->b50d6464-f54a-40d1-9f81-f1c19654fd05@group-1F53027F28E3, cid=1085, SUCCESS, logIndex=1548, commits[b50d6464-f54a-40d1-9f81-f1c19654fd05:c1551]
2019-09-12 09:26:06,088 [grpc-default-executor-1] INFO  client.GrpcClientProtocolClient (GrpcClientProtocolClient.java:onNext(264)) - client-8B023739F3BF->b50d6464-f54a-40d1-9f81-f1c19654fd05: receive RaftClientReply:client-8B023739F3BF->b50d6464-f54a-40d1-9f81-f1c19654fd05@group-1F53027F28E3, cid=1086, SUCCESS, logIndex=1549, commits[b50d6464-f54a-40d1-9f81-f1c19654fd05:c1552]
2019-09-12 09:26:06,088 [grpc-default-executor-1] INFO  client.GrpcClientProtocolClient (GrpcClientProtocolClient.java:onNext(264)) - client-8B023739F3BF->b50d6464-f54a-40d1-9f81-f1c19654fd05: receive RaftClientReply:client-8B023739F3BF->b50d6464-f54a-40d1-9f81-f1c19654fd05@group-1F53027F28E3, cid=1087, SUCCESS, logIndex=1550, commits[b50d6464-f54a-40d1-9f81-f1c19654fd05:c1552]
2019-09-12 09:26:06,088 [grpc-default-executor-1] INFO  client.GrpcClientProtocolClient (GrpcClientProtocolClient.java:onNext(264)) - client-8B023739F3BF->b50d6464-f54a-40d1-9f81-f1c19654fd05: receive RaftClientReply:client-8B023739F3BF->b50d6464-f54a-40d1-9f81-f1c19654fd05@group-1F53027F28E3, cid=1088, SUCCESS, logIndex=1551, commits[b50d6464-f54a-40d1-9f81-f1c19654fd05:c1552]
2019-09-12 09:26:06,112 [grpc-default-executor-1] INFO  client.GrpcClientProtocolClient (GrpcClientProtocolClient.java:onNext(264)) - client-8B023739F3BF->b50d6464-f54a-40d1-9f81-f1c19654fd05: receive RaftClientReply:client-8B023739F3BF->b50d6464-f54a-40d1-9f81-f1c19654fd05@group-1F53027F28E3, cid=1089, SUCCESS, logIndex=1553, commits[b50d6464-f54a-40d1-9f81-f1c19654fd05:c1554]
2019-09-12 09:26:06,113 [grpc-default-executor-1] INFO  client.GrpcClientProtocolClient (GrpcClientProtocolClient.java:onNext(264)) - client-8B023739F3BF->b50d6464-f54a-40d1-9f81-f1c19654fd05: receive RaftClientReply:client-8B023739F3BF->b50d6464-f54a-40d1-9f81-f1c19654fd05@group-1F53027F28E3, cid=1090, SUCCESS, logIndex=1554, commits[b50d6464-f54a-40d1-9f81-f1c19654fd05:c1556]
2019-09-12 09:26:06,113 [grpc-default-executor-1] INFO  client.GrpcClientProtocolClient (GrpcClientProtocolClient.java:onNext(264)) - client-8B023739F3BF->b50d6464-f54a-40d1-9f81-f1c19654fd05: receive RaftClientReply:client-8B023739F3BF->b50d6464-f54a-40d1-9f81-f1c19654fd05@group-1F53027F28E3, cid=1091, SUCCESS, logIndex=1555, commits[b50d6464-f54a-40d1-9f81-f1c19654fd05:c1556]
2019-09-12 09:26:06,114 [grpc-default-executor-1] INFO  client.GrpcClientProtocolClient (GrpcClientProtocolClient.java:onNext(264)) - client-8B023739F3BF->b50d6464-f54a-40d1-9f81-f1c19654fd05: receive RaftClientReply:client-8B023739F3BF->b50d6464-f54a-40d1-9f81-f1c19654fd05@group-1F53027F28E3, cid=1092, SUCCESS, logIndex=1556, commits[b50d6464-f54a-40d1-9f81-f1c19654fd05:c1557]
2019-09-12 09:26:06,132 [grpc-default-executor-2] INFO  client.GrpcClientProtocolClient (GrpcClientProtocolClient.java:onNext(264)) - client-8B023739F3BF->b50d6464-f54a-40d1-9f81-f1c19654fd05: receive RaftClientReply:client-8B023739F3BF->b50d6464-f54a-40d1-9f81-f1c19654fd05@group-1F53027F28E3, cid=1093, SUCCESS, logIndex=1559, commits[b50d6464-f54a-40d1-9f81-f1c19654fd05:c1560]
2019-09-12 09:26:06,133 [grpc-default-executor-2] INFO  client.GrpcClientProtocolClient (GrpcClientProtocolClient.java:onNext(264)) - client-8B023739F3BF->b50d6464-f54a-40d1-9f81-f1c19654fd05: receive RaftClientReply:client-8B023739F3BF->b50d6464-f54a-40d1-9f81-f1c19654fd05@group-1F53027F28E3, cid=1094, SUCCESS, logIndex=1560, commits[b50d6464-f54a-40d1-9f81-f1c19654fd05:c1560]
2019-09-12 09:26:06,134 [grpc-default-executor-2] INFO  client.GrpcClientProtocolClient (GrpcClientProtocolClient.java:onNext(264)) - client-8B023739F3BF->b50d6464-f54a-40d1-9f81-f1c19654fd05: receive RaftClientReply:client-8B023739F3BF->b50d6464-f54a-40d1-9f81-f1c19654fd05@group-1F53027F28E3, cid=1095, SUCCESS, logIndex=1561, commits[b50d6464-f54a-40d1-9f81-f1c19654fd05:c1562]
2019-09-12 09:26:06,135 [grpc-default-executor-2] INFO  client.GrpcClientProtocolClient (GrpcClientProtocolClient.java:onNext(264)) - client-8B023739F3BF->b50d6464-f54a-40d1-9f81-f1c19654fd05: receive RaftClientReply:client-8B023739F3BF->b50d6464-f54a-40d1-9f81-f1c19654fd05@group-1F53027F28E3, cid=1096, SUCCESS, logIndex=1562, commits[b50d6464-f54a-40d1-9f81-f1c19654fd05:c1562]
2019-09-12 09:26:06,165 [grpc-default-executor-2] INFO  client.GrpcClientProtocolClient (GrpcClientProtocolClient.java:onNext(264)) - client-8B023739F3BF->b50d6464-f54a-40d1-9f81-f1c19654fd05: receive RaftClientReply:client-8B023739F3BF->b50d6464-f54a-40d1-9f81-f1c19654fd05@group-1F53027F28E3, cid=1097, SUCCESS, logIndex=1565, commits[b50d6464-f54a-40d1-9f81-f1c19654fd05:c1568]
2019-09-12 09:26:06,165 [grpc-default-executor-2] INFO  client.GrpcClientProtocolClient (GrpcClientProtocolClient.java:onNext(264)) - client-8B023739F3BF->b50d6464-f54a-40d1-9f81-f1c19654fd05: receive RaftClientReply:client-8B023739F3BF->b50d6464-f54a-40d1-9f81-f1c19654fd05@group-1F53027F28E3, cid=1098, SUCCESS, logIndex=1566, commits[b50d6464-f54a-40d1-9f81-f1c19654fd05:c1569]
2019-09-12 09:26:06,166 [grpc-default-executor-2] INFO  client.GrpcClientProtocolClient (GrpcClientProtocolClient.java:onNext(264)) - client-8B023739F3BF->b50d6464-f54a-40d1-9f81-f1c19654fd05: receive RaftClientReply:client-8B023739F3BF->b50d6464-f54a-40d1-9f81-f1c19654fd05@group-1F53027F28E3, cid=1099, SUCCESS, logIndex=1567, commits[b50d6464-f54a-40d1-9f81-f1c19654fd05:c1569]
2019-09-12 09:26:06,166 [grpc-default-executor-2] INFO  client.GrpcClientProtocolClient (GrpcClientProtocolClient.java:onNext(264)) - client-8B023739F3BF->b50d6464-f54a-40d1-9f81-f1c19654fd05: receive RaftClientReply:client-8B023739F3BF->b50d6464-f54a-40d1-9f81-f1c19654fd05@group-1F53027F28E3, cid=1100, SUCCESS, logIndex=1568, commits[b50d6464-f54a-40d1-9f81-f1c19654fd05:c1569]
2019-09-12 09:26:06,166 [SCMBlockDeletingService#0] DEBUG block.SCMBlockDeletingService (SCMBlockDeletingService.java:call(138)) - Running DeletedBlockTransactionScanner
2019-09-12 09:26:06,167 [SCMBlockDeletingService#0] DEBUG block.SCMBlockDeletingService (SCMBlockDeletingService.java:call(155)) - Scanned deleted blocks log and got 0 delTX to process.
2019-09-12 09:26:06,187 [grpc-default-executor-1] INFO  client.GrpcClientProtocolClient (GrpcClientProtocolClient.java:onNext(264)) - client-8B023739F3BF->b50d6464-f54a-40d1-9f81-f1c19654fd05: receive RaftClientReply:client-8B023739F3BF->b50d6464-f54a-40d1-9f81-f1c19654fd05@group-1F53027F28E3, cid=1101, SUCCESS, logIndex=1570, commits[b50d6464-f54a-40d1-9f81-f1c19654fd05:c1571]
2019-09-12 09:26:06,188 [grpc-default-executor-1] INFO  client.GrpcClientProtocolClient (GrpcClientProtocolClient.java:onNext(264)) - client-8B023739F3BF->b50d6464-f54a-40d1-9f81-f1c19654fd05: receive RaftClientReply:client-8B023739F3BF->b50d6464-f54a-40d1-9f81-f1c19654fd05@group-1F53027F28E3, cid=1102, SUCCESS, logIndex=1571, commits[b50d6464-f54a-40d1-9f81-f1c19654fd05:c1573]
2019-09-12 09:26:06,188 [grpc-default-executor-1] INFO  client.GrpcClientProtocolClient (GrpcClientProtocolClient.java:onNext(264)) - client-8B023739F3BF->b50d6464-f54a-40d1-9f81-f1c19654fd05: receive RaftClientReply:client-8B023739F3BF->b50d6464-f54a-40d1-9f81-f1c19654fd05@group-1F53027F28E3, cid=1103, SUCCESS, logIndex=1572, commits[b50d6464-f54a-40d1-9f81-f1c19654fd05:c1574]
2019-09-12 09:26:06,188 [grpc-default-executor-1] INFO  client.GrpcClientProtocolClient (GrpcClientProtocolClient.java:onNext(264)) - client-8B023739F3BF->b50d6464-f54a-40d1-9f81-f1c19654fd05: receive RaftClientReply:client-8B023739F3BF->b50d6464-f54a-40d1-9f81-f1c19654fd05@group-1F53027F28E3, cid=1104, SUCCESS, logIndex=1573, commits[b50d6464-f54a-40d1-9f81-f1c19654fd05:c1575]
2019-09-12 09:26:06,267 [SCMBlockDeletingService#0] DEBUG block.SCMBlockDeletingService (SCMBlockDeletingService.java:call(138)) - Running DeletedBlockTransactionScanner
2019-09-12 09:26:06,267 [SCMBlockDeletingService#0] DEBUG block.SCMBlockDeletingService (SCMBlockDeletingService.java:call(155)) - Scanned deleted blocks log and got 0 delTX to process.
2019-09-12 09:26:06,321 [grpc-default-executor-1] INFO  client.GrpcClientProtocolClient (GrpcClientProtocolClient.java:onNext(264)) - client-8B023739F3BF->b50d6464-f54a-40d1-9f81-f1c19654fd05: receive RaftClientReply:client-8B023739F3BF->b50d6464-f54a-40d1-9f81-f1c19654fd05@group-1F53027F28E3, cid=1105, SUCCESS, logIndex=1576, commits[b50d6464-f54a-40d1-9f81-f1c19654fd05:c1579]
2019-09-12 09:26:06,322 [grpc-default-executor-1] INFO  client.GrpcClientProtocolClient (GrpcClientProtocolClient.java:onNext(264)) - client-8B023739F3BF->b50d6464-f54a-40d1-9f81-f1c19654fd05: receive RaftClientReply:client-8B023739F3BF->b50d6464-f54a-40d1-9f81-f1c19654fd05@group-1F53027F28E3, cid=1106, SUCCESS, logIndex=1577, commits[b50d6464-f54a-40d1-9f81-f1c19654fd05:c1580]
2019-09-12 09:26:06,322 [grpc-default-executor-1] INFO  client.GrpcClientProtocolClient (GrpcClientProtocolClient.java:onNext(264)) - client-8B023739F3BF->b50d6464-f54a-40d1-9f81-f1c19654fd05: receive RaftClientReply:client-8B023739F3BF->b50d6464-f54a-40d1-9f81-f1c19654fd05@group-1F53027F28E3, cid=1107, SUCCESS, logIndex=1578, commits[b50d6464-f54a-40d1-9f81-f1c19654fd05:c1580]
2019-09-12 09:26:06,323 [grpc-default-executor-1] INFO  client.GrpcClientProtocolClient (GrpcClientProtocolClient.java:onNext(264)) - client-8B023739F3BF->b50d6464-f54a-40d1-9f81-f1c19654fd05: receive RaftClientReply:client-8B023739F3BF->b50d6464-f54a-40d1-9f81-f1c19654fd05@group-1F53027F28E3, cid=1108, SUCCESS, logIndex=1579, commits[b50d6464-f54a-40d1-9f81-f1c19654fd05:c1581]
2019-09-12 09:26:06,403 [SCMBlockDeletingService#1] DEBUG block.SCMBlockDeletingService (SCMBlockDeletingService.java:call(138)) - Running DeletedBlockTransactionScanner
2019-09-12 09:26:06,403 [SCMBlockDeletingService#1] DEBUG block.SCMBlockDeletingService (SCMBlockDeletingService.java:call(155)) - Scanned deleted blocks log and got 0 delTX to process.
2019-09-12 09:26:06,421 [grpc-default-executor-1] INFO  client.GrpcClientProtocolClient (GrpcClientProtocolClient.java:onNext(264)) - client-8B023739F3BF->b50d6464-f54a-40d1-9f81-f1c19654fd05: receive RaftClientReply:client-8B023739F3BF->b50d6464-f54a-40d1-9f81-f1c19654fd05@group-1F53027F28E3, cid=1109, SUCCESS, logIndex=1582, commits[b50d6464-f54a-40d1-9f81-f1c19654fd05:c1583]
2019-09-12 09:26:06,422 [grpc-default-executor-1] INFO  client.GrpcClientProtocolClient (GrpcClientProtocolClient.java:onNext(264)) - client-8B023739F3BF->b50d6464-f54a-40d1-9f81-f1c19654fd05: receive RaftClientReply:client-8B023739F3BF->b50d6464-f54a-40d1-9f81-f1c19654fd05@group-1F53027F28E3, cid=1110, SUCCESS, logIndex=1583, commits[b50d6464-f54a-40d1-9f81-f1c19654fd05:c1583]
2019-09-12 09:26:06,423 [grpc-default-executor-1] INFO  client.GrpcClientProtocolClient (GrpcClientProtocolClient.java:onNext(264)) - client-8B023739F3BF->b50d6464-f54a-40d1-9f81-f1c19654fd05: receive RaftClientReply:client-8B023739F3BF->b50d6464-f54a-40d1-9f81-f1c19654fd05@group-1F53027F28E3, cid=1111, SUCCESS, logIndex=1584, commits[b50d6464-f54a-40d1-9f81-f1c19654fd05:c1585]
2019-09-12 09:26:06,423 [grpc-default-executor-1] INFO  client.GrpcClientProtocolClient (GrpcClientProtocolClient.java:onNext(264)) - client-8B023739F3BF->b50d6464-f54a-40d1-9f81-f1c19654fd05: receive RaftClientReply:client-8B023739F3BF->b50d6464-f54a-40d1-9f81-f1c19654fd05@group-1F53027F28E3, cid=1112, SUCCESS, logIndex=1585, commits[b50d6464-f54a-40d1-9f81-f1c19654fd05:c1586]
2019-09-12 09:26:06,453 [grpc-default-executor-1] INFO  client.GrpcClientProtocolClient (GrpcClientProtocolClient.java:onNext(264)) - client-8B023739F3BF->b50d6464-f54a-40d1-9f81-f1c19654fd05: receive RaftClientReply:client-8B023739F3BF->b50d6464-f54a-40d1-9f81-f1c19654fd05@group-1F53027F28E3, cid=1113, SUCCESS, logIndex=1588, commits[b50d6464-f54a-40d1-9f81-f1c19654fd05:c1589]
2019-09-12 09:26:06,454 [grpc-default-executor-1] INFO  client.GrpcClientProtocolClient (GrpcClientProtocolClient.java:onNext(264)) - client-8B023739F3BF->b50d6464-f54a-40d1-9f81-f1c19654fd05: receive RaftClientReply:client-8B023739F3BF->b50d6464-f54a-40d1-9f81-f1c19654fd05@group-1F53027F28E3, cid=1114, SUCCESS, logIndex=1589, commits[b50d6464-f54a-40d1-9f81-f1c19654fd05:c1591]
2019-09-12 09:26:06,454 [grpc-default-executor-1] INFO  client.GrpcClientProtocolClient (GrpcClientProtocolClient.java:onNext(264)) - client-8B023739F3BF->b50d6464-f54a-40d1-9f81-f1c19654fd05: receive RaftClientReply:client-8B023739F3BF->b50d6464-f54a-40d1-9f81-f1c19654fd05@group-1F53027F28E3, cid=1115, SUCCESS, logIndex=1590, commits[b50d6464-f54a-40d1-9f81-f1c19654fd05:c1592]
2019-09-12 09:26:06,454 [grpc-default-executor-1] INFO  client.GrpcClientProtocolClient (GrpcClientProtocolClient.java:onNext(264)) - client-8B023739F3BF->b50d6464-f54a-40d1-9f81-f1c19654fd05: receive RaftClientReply:client-8B023739F3BF->b50d6464-f54a-40d1-9f81-f1c19654fd05@group-1F53027F28E3, cid=1116, SUCCESS, logIndex=1591, commits[b50d6464-f54a-40d1-9f81-f1c19654fd05:c1593]
2019-09-12 09:26:06,475 [grpc-default-executor-2] INFO  client.GrpcClientProtocolClient (GrpcClientProtocolClient.java:onNext(264)) - client-8B023739F3BF->b50d6464-f54a-40d1-9f81-f1c19654fd05: receive RaftClientReply:client-8B023739F3BF->b50d6464-f54a-40d1-9f81-f1c19654fd05@group-1F53027F28E3, cid=1117, SUCCESS, logIndex=1594, commits[b50d6464-f54a-40d1-9f81-f1c19654fd05:c1595]
2019-09-12 09:26:06,476 [grpc-default-executor-2] INFO  client.GrpcClientProtocolClient (GrpcClientProtocolClient.java:onNext(264)) - client-8B023739F3BF->b50d6464-f54a-40d1-9f81-f1c19654fd05: receive RaftClientReply:client-8B023739F3BF->b50d6464-f54a-40d1-9f81-f1c19654fd05@group-1F53027F28E3, cid=1118, SUCCESS, logIndex=1595, commits[b50d6464-f54a-40d1-9f81-f1c19654fd05:c1597]
2019-09-12 09:26:06,476 [grpc-default-executor-2] INFO  client.GrpcClientProtocolClient (GrpcClientProtocolClient.java:onNext(264)) - client-8B023739F3BF->b50d6464-f54a-40d1-9f81-f1c19654fd05: receive RaftClientReply:client-8B023739F3BF->b50d6464-f54a-40d1-9f81-f1c19654fd05@group-1F53027F28E3, cid=1119, SUCCESS, logIndex=1596, commits[b50d6464-f54a-40d1-9f81-f1c19654fd05:c1598]
2019-09-12 09:26:06,477 [grpc-default-executor-2] INFO  client.GrpcClientProtocolClient (GrpcClientProtocolClient.java:onNext(264)) - client-8B023739F3BF->b50d6464-f54a-40d1-9f81-f1c19654fd05: receive RaftClientReply:client-8B023739F3BF->b50d6464-f54a-40d1-9f81-f1c19654fd05@group-1F53027F28E3, cid=1120, SUCCESS, logIndex=1597, commits[b50d6464-f54a-40d1-9f81-f1c19654fd05:c1599]
2019-09-12 09:26:06,503 [SCMBlockDeletingService#1] DEBUG block.SCMBlockDeletingService (SCMBlockDeletingService.java:call(138)) - Running DeletedBlockTransactionScanner
2019-09-12 09:26:06,504 [SCMBlockDeletingService#1] DEBUG block.SCMBlockDeletingService (SCMBlockDeletingService.java:call(155)) - Scanned deleted blocks log and got 0 delTX to process.
2019-09-12 09:26:06,505 [grpc-default-executor-1] INFO  client.GrpcClientProtocolClient (GrpcClientProtocolClient.java:onNext(264)) - client-8B023739F3BF->b50d6464-f54a-40d1-9f81-f1c19654fd05: receive RaftClientReply:client-8B023739F3BF->b50d6464-f54a-40d1-9f81-f1c19654fd05@group-1F53027F28E3, cid=1121, SUCCESS, logIndex=1600, commits[b50d6464-f54a-40d1-9f81-f1c19654fd05:c1601]
2019-09-12 09:26:06,505 [grpc-default-executor-1] INFO  client.GrpcClientProtocolClient (GrpcClientProtocolClient.java:onNext(264)) - client-8B023739F3BF->b50d6464-f54a-40d1-9f81-f1c19654fd05: receive RaftClientReply:client-8B023739F3BF->b50d6464-f54a-40d1-9f81-f1c19654fd05@group-1F53027F28E3, cid=1122, SUCCESS, logIndex=1601, commits[b50d6464-f54a-40d1-9f81-f1c19654fd05:c1603]
2019-09-12 09:26:06,506 [grpc-default-executor-1] INFO  client.GrpcClientProtocolClient (GrpcClientProtocolClient.java:onNext(264)) - client-8B023739F3BF->b50d6464-f54a-40d1-9f81-f1c19654fd05: receive RaftClientReply:client-8B023739F3BF->b50d6464-f54a-40d1-9f81-f1c19654fd05@group-1F53027F28E3, cid=1123, SUCCESS, logIndex=1602, commits[b50d6464-f54a-40d1-9f81-f1c19654fd05:c1603]
2019-09-12 09:26:06,506 [grpc-default-executor-1] INFO  client.GrpcClientProtocolClient (GrpcClientProtocolClient.java:onNext(264)) - client-8B023739F3BF->b50d6464-f54a-40d1-9f81-f1c19654fd05: receive RaftClientReply:client-8B023739F3BF->b50d6464-f54a-40d1-9f81-f1c19654fd05@group-1F53027F28E3, cid=1124, SUCCESS, logIndex=1603, commits[b50d6464-f54a-40d1-9f81-f1c19654fd05:c1604]
2019-09-12 09:26:06,526 [grpc-default-executor-1] INFO  client.GrpcClientProtocolClient (GrpcClientProtocolClient.java:onNext(264)) - client-8B023739F3BF->b50d6464-f54a-40d1-9f81-f1c19654fd05: receive RaftClientReply:client-8B023739F3BF->b50d6464-f54a-40d1-9f81-f1c19654fd05@group-1F53027F28E3, cid=1125, SUCCESS, logIndex=1606, commits[b50d6464-f54a-40d1-9f81-f1c19654fd05:c1609]
2019-09-12 09:26:06,527 [grpc-default-executor-1] INFO  client.GrpcClientProtocolClient (GrpcClientProtocolClient.java:onNext(264)) - client-8B023739F3BF->b50d6464-f54a-40d1-9f81-f1c19654fd05: receive RaftClientReply:client-8B023739F3BF->b50d6464-f54a-40d1-9f81-f1c19654fd05@group-1F53027F28E3, cid=1126, SUCCESS, logIndex=1607, commits[b50d6464-f54a-40d1-9f81-f1c19654fd05:c1609]
2019-09-12 09:26:06,527 [grpc-default-executor-1] INFO  client.GrpcClientProtocolClient (GrpcClientProtocolClient.java:onNext(264)) - client-8B023739F3BF->b50d6464-f54a-40d1-9f81-f1c19654fd05: receive RaftClientReply:client-8B023739F3BF->b50d6464-f54a-40d1-9f81-f1c19654fd05@group-1F53027F28E3, cid=1127, SUCCESS, logIndex=1608, commits[b50d6464-f54a-40d1-9f81-f1c19654fd05:c1610]
2019-09-12 09:26:06,527 [grpc-default-executor-1] INFO  client.GrpcClientProtocolClient (GrpcClientProtocolClient.java:onNext(264)) - client-8B023739F3BF->b50d6464-f54a-40d1-9f81-f1c19654fd05: receive RaftClientReply:client-8B023739F3BF->b50d6464-f54a-40d1-9f81-f1c19654fd05@group-1F53027F28E3, cid=1128, SUCCESS, logIndex=1609, commits[b50d6464-f54a-40d1-9f81-f1c19654fd05:c1611]
2019-09-12 09:26:06,554 [grpc-default-executor-1] INFO  client.GrpcClientProtocolClient (GrpcClientProtocolClient.java:onNext(264)) - client-8B023739F3BF->b50d6464-f54a-40d1-9f81-f1c19654fd05: receive RaftClientReply:client-8B023739F3BF->b50d6464-f54a-40d1-9f81-f1c19654fd05@group-1F53027F28E3, cid=1129, SUCCESS, logIndex=1612, commits[b50d6464-f54a-40d1-9f81-f1c19654fd05:c1613]
2019-09-12 09:26:06,555 [grpc-default-executor-1] INFO  client.GrpcClientProtocolClient (GrpcClientProtocolClient.java:onNext(264)) - client-8B023739F3BF->b50d6464-f54a-40d1-9f81-f1c19654fd05: receive RaftClientReply:client-8B023739F3BF->b50d6464-f54a-40d1-9f81-f1c19654fd05@group-1F53027F28E3, cid=1130, SUCCESS, logIndex=1613, commits[b50d6464-f54a-40d1-9f81-f1c19654fd05:c1615]
2019-09-12 09:26:06,555 [grpc-default-executor-1] INFO  client.GrpcClientProtocolClient (GrpcClientProtocolClient.java:onNext(264)) - client-8B023739F3BF->b50d6464-f54a-40d1-9f81-f1c19654fd05: receive RaftClientReply:client-8B023739F3BF->b50d6464-f54a-40d1-9f81-f1c19654fd05@group-1F53027F28E3, cid=1131, SUCCESS, logIndex=1614, commits[b50d6464-f54a-40d1-9f81-f1c19654fd05:c1616]
2019-09-12 09:26:06,556 [grpc-default-executor-1] INFO  client.GrpcClientProtocolClient (GrpcClientProtocolClient.java:onNext(264)) - client-8B023739F3BF->b50d6464-f54a-40d1-9f81-f1c19654fd05: receive RaftClientReply:client-8B023739F3BF->b50d6464-f54a-40d1-9f81-f1c19654fd05@group-1F53027F28E3, cid=1132, SUCCESS, logIndex=1615, commits[b50d6464-f54a-40d1-9f81-f1c19654fd05:c1616]
2019-09-12 09:26:06,576 [grpc-default-executor-1] INFO  client.GrpcClientProtocolClient (GrpcClientProtocolClient.java:onNext(264)) - client-8B023739F3BF->b50d6464-f54a-40d1-9f81-f1c19654fd05: receive RaftClientReply:client-8B023739F3BF->b50d6464-f54a-40d1-9f81-f1c19654fd05@group-1F53027F28E3, cid=1133, SUCCESS, logIndex=1618, commits[b50d6464-f54a-40d1-9f81-f1c19654fd05:c1619]
2019-09-12 09:26:06,576 [grpc-default-executor-1] INFO  client.GrpcClientProtocolClient (GrpcClientProtocolClient.java:onNext(264)) - client-8B023739F3BF->b50d6464-f54a-40d1-9f81-f1c19654fd05: receive RaftClientReply:client-8B023739F3BF->b50d6464-f54a-40d1-9f81-f1c19654fd05@group-1F53027F28E3, cid=1134, SUCCESS, logIndex=1619, commits[b50d6464-f54a-40d1-9f81-f1c19654fd05:c1621]
2019-09-12 09:26:06,577 [grpc-default-executor-1] INFO  client.GrpcClientProtocolClient (GrpcClientProtocolClient.java:onNext(264)) - client-8B023739F3BF->b50d6464-f54a-40d1-9f81-f1c19654fd05: receive RaftClientReply:client-8B023739F3BF->b50d6464-f54a-40d1-9f81-f1c19654fd05@group-1F53027F28E3, cid=1135, SUCCESS, logIndex=1620, commits[b50d6464-f54a-40d1-9f81-f1c19654fd05:c1622]
2019-09-12 09:26:06,577 [grpc-default-executor-1] INFO  client.GrpcClientProtocolClient (GrpcClientProtocolClient.java:onNext(264)) - client-8B023739F3BF->b50d6464-f54a-40d1-9f81-f1c19654fd05: receive RaftClientReply:client-8B023739F3BF->b50d6464-f54a-40d1-9f81-f1c19654fd05@group-1F53027F28E3, cid=1136, SUCCESS, logIndex=1621, commits[b50d6464-f54a-40d1-9f81-f1c19654fd05:c1622]
2019-09-12 09:26:06,604 [SCMBlockDeletingService#1] DEBUG block.SCMBlockDeletingService (SCMBlockDeletingService.java:call(138)) - Running DeletedBlockTransactionScanner
2019-09-12 09:26:06,604 [SCMBlockDeletingService#1] DEBUG block.SCMBlockDeletingService (SCMBlockDeletingService.java:call(155)) - Scanned deleted blocks log and got 0 delTX to process.
2019-09-12 09:26:06,605 [grpc-default-executor-2] INFO  client.GrpcClientProtocolClient (GrpcClientProtocolClient.java:onNext(264)) - client-8B023739F3BF->b50d6464-f54a-40d1-9f81-f1c19654fd05: receive RaftClientReply:client-8B023739F3BF->b50d6464-f54a-40d1-9f81-f1c19654fd05@group-1F53027F28E3, cid=1137, SUCCESS, logIndex=1624, commits[b50d6464-f54a-40d1-9f81-f1c19654fd05:c1625]
2019-09-12 09:26:06,606 [grpc-default-executor-2] INFO  client.GrpcClientProtocolClient (GrpcClientProtocolClient.java:onNext(264)) - client-8B023739F3BF->b50d6464-f54a-40d1-9f81-f1c19654fd05: receive RaftClientReply:client-8B023739F3BF->b50d6464-f54a-40d1-9f81-f1c19654fd05@group-1F53027F28E3, cid=1138, SUCCESS, logIndex=1625, commits[b50d6464-f54a-40d1-9f81-f1c19654fd05:c1627]
2019-09-12 09:26:06,606 [grpc-default-executor-2] INFO  client.GrpcClientProtocolClient (GrpcClientProtocolClient.java:onNext(264)) - client-8B023739F3BF->b50d6464-f54a-40d1-9f81-f1c19654fd05: receive RaftClientReply:client-8B023739F3BF->b50d6464-f54a-40d1-9f81-f1c19654fd05@group-1F53027F28E3, cid=1139, SUCCESS, logIndex=1626, commits[b50d6464-f54a-40d1-9f81-f1c19654fd05:c1628]
2019-09-12 09:26:06,606 [grpc-default-executor-2] INFO  client.GrpcClientProtocolClient (GrpcClientProtocolClient.java:onNext(264)) - client-8B023739F3BF->b50d6464-f54a-40d1-9f81-f1c19654fd05: receive RaftClientReply:client-8B023739F3BF->b50d6464-f54a-40d1-9f81-f1c19654fd05@group-1F53027F28E3, cid=1140, SUCCESS, logIndex=1627, commits[b50d6464-f54a-40d1-9f81-f1c19654fd05:c1629]
2019-09-12 09:26:06,626 [grpc-default-executor-1] INFO  client.GrpcClientProtocolClient (GrpcClientProtocolClient.java:onNext(264)) - client-8B023739F3BF->b50d6464-f54a-40d1-9f81-f1c19654fd05: receive RaftClientReply:client-8B023739F3BF->b50d6464-f54a-40d1-9f81-f1c19654fd05@group-1F53027F28E3, cid=1141, SUCCESS, logIndex=1630, commits[b50d6464-f54a-40d1-9f81-f1c19654fd05:c1631]
2019-09-12 09:26:06,627 [grpc-default-executor-1] INFO  client.GrpcClientProtocolClient (GrpcClientProtocolClient.java:onNext(264)) - client-8B023739F3BF->b50d6464-f54a-40d1-9f81-f1c19654fd05: receive RaftClientReply:client-8B023739F3BF->b50d6464-f54a-40d1-9f81-f1c19654fd05@group-1F53027F28E3, cid=1142, SUCCESS, logIndex=1631, commits[b50d6464-f54a-40d1-9f81-f1c19654fd05:c1634]
2019-09-12 09:26:06,627 [grpc-default-executor-1] INFO  client.GrpcClientProtocolClient (GrpcClientProtocolClient.java:onNext(264)) - client-8B023739F3BF->b50d6464-f54a-40d1-9f81-f1c19654fd05: receive RaftClientReply:client-8B023739F3BF->b50d6464-f54a-40d1-9f81-f1c19654fd05@group-1F53027F28E3, cid=1143, SUCCESS, logIndex=1632, commits[b50d6464-f54a-40d1-9f81-f1c19654fd05:c1634]
2019-09-12 09:26:06,628 [grpc-default-executor-1] INFO  client.GrpcClientProtocolClient (GrpcClientProtocolClient.java:onNext(264)) - client-8B023739F3BF->b50d6464-f54a-40d1-9f81-f1c19654fd05: receive RaftClientReply:client-8B023739F3BF->b50d6464-f54a-40d1-9f81-f1c19654fd05@group-1F53027F28E3, cid=1144, SUCCESS, logIndex=1633, commits[b50d6464-f54a-40d1-9f81-f1c19654fd05:c1634]
2019-09-12 09:26:06,655 [grpc-default-executor-1] INFO  client.GrpcClientProtocolClient (GrpcClientProtocolClient.java:onNext(264)) - client-8B023739F3BF->b50d6464-f54a-40d1-9f81-f1c19654fd05: receive RaftClientReply:client-8B023739F3BF->b50d6464-f54a-40d1-9f81-f1c19654fd05@group-1F53027F28E3, cid=1145, SUCCESS, logIndex=1635, commits[b50d6464-f54a-40d1-9f81-f1c19654fd05:c1636]
2019-09-12 09:26:06,656 [grpc-default-executor-1] INFO  client.GrpcClientProtocolClient (GrpcClientProtocolClient.java:onNext(264)) - client-8B023739F3BF->b50d6464-f54a-40d1-9f81-f1c19654fd05: receive RaftClientReply:client-8B023739F3BF->b50d6464-f54a-40d1-9f81-f1c19654fd05@group-1F53027F28E3, cid=1146, SUCCESS, logIndex=1636, commits[b50d6464-f54a-40d1-9f81-f1c19654fd05:c1638]
2019-09-12 09:26:06,656 [grpc-default-executor-1] INFO  client.GrpcClientProtocolClient (GrpcClientProtocolClient.java:onNext(264)) - client-8B023739F3BF->b50d6464-f54a-40d1-9f81-f1c19654fd05: receive RaftClientReply:client-8B023739F3BF->b50d6464-f54a-40d1-9f81-f1c19654fd05@group-1F53027F28E3, cid=1147, SUCCESS, logIndex=1637, commits[b50d6464-f54a-40d1-9f81-f1c19654fd05:c1638]
2019-09-12 09:26:06,656 [grpc-default-executor-1] INFO  client.GrpcClientProtocolClient (GrpcClientProtocolClient.java:onNext(264)) - client-8B023739F3BF->b50d6464-f54a-40d1-9f81-f1c19654fd05: receive RaftClientReply:client-8B023739F3BF->b50d6464-f54a-40d1-9f81-f1c19654fd05@group-1F53027F28E3, cid=1148, SUCCESS, logIndex=1638, commits[b50d6464-f54a-40d1-9f81-f1c19654fd05:c1639]
2019-09-12 09:26:06,705 [SCMBlockDeletingService#1] DEBUG block.SCMBlockDeletingService (SCMBlockDeletingService.java:call(138)) - Running DeletedBlockTransactionScanner
2019-09-12 09:26:06,705 [SCMBlockDeletingService#1] DEBUG block.SCMBlockDeletingService (SCMBlockDeletingService.java:call(155)) - Scanned deleted blocks log and got 0 delTX to process.
2019-09-12 09:26:06,776 [grpc-default-executor-1] INFO  client.GrpcClientProtocolClient (GrpcClientProtocolClient.java:onNext(264)) - client-8B023739F3BF->b50d6464-f54a-40d1-9f81-f1c19654fd05: receive RaftClientReply:client-8B023739F3BF->b50d6464-f54a-40d1-9f81-f1c19654fd05@group-1F53027F28E3, cid=1149, SUCCESS, logIndex=1641, commits[b50d6464-f54a-40d1-9f81-f1c19654fd05:c1642]
2019-09-12 09:26:06,776 [grpc-default-executor-1] INFO  client.GrpcClientProtocolClient (GrpcClientProtocolClient.java:onNext(264)) - client-8B023739F3BF->b50d6464-f54a-40d1-9f81-f1c19654fd05: receive RaftClientReply:client-8B023739F3BF->b50d6464-f54a-40d1-9f81-f1c19654fd05@group-1F53027F28E3, cid=1150, SUCCESS, logIndex=1642, commits[b50d6464-f54a-40d1-9f81-f1c19654fd05:c1642]
2019-09-12 09:26:06,777 [grpc-default-executor-1] INFO  client.GrpcClientProtocolClient (GrpcClientProtocolClient.java:onNext(264)) - client-8B023739F3BF->b50d6464-f54a-40d1-9f81-f1c19654fd05: receive RaftClientReply:client-8B023739F3BF->b50d6464-f54a-40d1-9f81-f1c19654fd05@group-1F53027F28E3, cid=1151, SUCCESS, logIndex=1643, commits[b50d6464-f54a-40d1-9f81-f1c19654fd05:c1644]
2019-09-12 09:26:06,778 [grpc-default-executor-1] INFO  client.GrpcClientProtocolClient (GrpcClientProtocolClient.java:onNext(264)) - client-8B023739F3BF->b50d6464-f54a-40d1-9f81-f1c19654fd05: receive RaftClientReply:client-8B023739F3BF->b50d6464-f54a-40d1-9f81-f1c19654fd05@group-1F53027F28E3, cid=1152, SUCCESS, logIndex=1644, commits[b50d6464-f54a-40d1-9f81-f1c19654fd05:c1644]
2019-09-12 09:26:06,803 [grpc-default-executor-1] INFO  client.GrpcClientProtocolClient (GrpcClientProtocolClient.java:onNext(264)) - client-8B023739F3BF->b50d6464-f54a-40d1-9f81-f1c19654fd05: receive RaftClientReply:client-8B023739F3BF->b50d6464-f54a-40d1-9f81-f1c19654fd05@group-1F53027F28E3, cid=1153, SUCCESS, logIndex=1647, commits[b50d6464-f54a-40d1-9f81-f1c19654fd05:c1648]
2019-09-12 09:26:06,804 [grpc-default-executor-1] INFO  client.GrpcClientProtocolClient (GrpcClientProtocolClient.java:onNext(264)) - client-8B023739F3BF->b50d6464-f54a-40d1-9f81-f1c19654fd05: receive RaftClientReply:client-8B023739F3BF->b50d6464-f54a-40d1-9f81-f1c19654fd05@group-1F53027F28E3, cid=1154, SUCCESS, logIndex=1648, commits[b50d6464-f54a-40d1-9f81-f1c19654fd05:c1650]
2019-09-12 09:26:06,804 [grpc-default-executor-1] INFO  client.GrpcClientProtocolClient (GrpcClientProtocolClient.java:onNext(264)) - client-8B023739F3BF->b50d6464-f54a-40d1-9f81-f1c19654fd05: receive RaftClientReply:client-8B023739F3BF->b50d6464-f54a-40d1-9f81-f1c19654fd05@group-1F53027F28E3, cid=1155, SUCCESS, logIndex=1649, commits[b50d6464-f54a-40d1-9f81-f1c19654fd05:c1651]
2019-09-12 09:26:06,805 [grpc-default-executor-1] INFO  client.GrpcClientProtocolClient (GrpcClientProtocolClient.java:onNext(264)) - client-8B023739F3BF->b50d6464-f54a-40d1-9f81-f1c19654fd05: receive RaftClientReply:client-8B023739F3BF->b50d6464-f54a-40d1-9f81-f1c19654fd05@group-1F53027F28E3, cid=1156, SUCCESS, logIndex=1650, commits[b50d6464-f54a-40d1-9f81-f1c19654fd05:c1652]
2019-09-12 09:26:06,805 [SCMBlockDeletingService#1] DEBUG block.SCMBlockDeletingService (SCMBlockDeletingService.java:call(138)) - Running DeletedBlockTransactionScanner
2019-09-12 09:26:06,806 [SCMBlockDeletingService#1] DEBUG block.SCMBlockDeletingService (SCMBlockDeletingService.java:call(155)) - Scanned deleted blocks log and got 0 delTX to process.
2019-09-12 09:26:06,824 [grpc-default-executor-2] INFO  client.GrpcClientProtocolClient (GrpcClientProtocolClient.java:onNext(264)) - client-8B023739F3BF->b50d6464-f54a-40d1-9f81-f1c19654fd05: receive RaftClientReply:client-8B023739F3BF->b50d6464-f54a-40d1-9f81-f1c19654fd05@group-1F53027F28E3, cid=1157, SUCCESS, logIndex=1653, commits[b50d6464-f54a-40d1-9f81-f1c19654fd05:c1654]
2019-09-12 09:26:06,824 [grpc-default-executor-2] INFO  client.GrpcClientProtocolClient (GrpcClientProtocolClient.java:onNext(264)) - client-8B023739F3BF->b50d6464-f54a-40d1-9f81-f1c19654fd05: receive RaftClientReply:client-8B023739F3BF->b50d6464-f54a-40d1-9f81-f1c19654fd05@group-1F53027F28E3, cid=1158, SUCCESS, logIndex=1654, commits[b50d6464-f54a-40d1-9f81-f1c19654fd05:c1654]
2019-09-12 09:26:06,826 [grpc-default-executor-2] INFO  client.GrpcClientProtocolClient (GrpcClientProtocolClient.java:onNext(264)) - client-8B023739F3BF->b50d6464-f54a-40d1-9f81-f1c19654fd05: receive RaftClientReply:client-8B023739F3BF->b50d6464-f54a-40d1-9f81-f1c19654fd05@group-1F53027F28E3, cid=1159, SUCCESS, logIndex=1655, commits[b50d6464-f54a-40d1-9f81-f1c19654fd05:c1656]
2019-09-12 09:26:06,827 [grpc-default-executor-2] INFO  client.GrpcClientProtocolClient (GrpcClientProtocolClient.java:onNext(264)) - client-8B023739F3BF->b50d6464-f54a-40d1-9f81-f1c19654fd05: receive RaftClientReply:client-8B023739F3BF->b50d6464-f54a-40d1-9f81-f1c19654fd05@group-1F53027F28E3, cid=1160, SUCCESS, logIndex=1656, commits[b50d6464-f54a-40d1-9f81-f1c19654fd05:c1657]
2019-09-12 09:26:06,853 [grpc-default-executor-2] INFO  client.GrpcClientProtocolClient (GrpcClientProtocolClient.java:onNext(264)) - client-8B023739F3BF->b50d6464-f54a-40d1-9f81-f1c19654fd05: receive RaftClientReply:client-8B023739F3BF->b50d6464-f54a-40d1-9f81-f1c19654fd05@group-1F53027F28E3, cid=1161, SUCCESS, logIndex=1659, commits[b50d6464-f54a-40d1-9f81-f1c19654fd05:c1660]
2019-09-12 09:26:06,853 [grpc-default-executor-2] INFO  client.GrpcClientProtocolClient (GrpcClientProtocolClient.java:onNext(264)) - client-8B023739F3BF->b50d6464-f54a-40d1-9f81-f1c19654fd05: receive RaftClientReply:client-8B023739F3BF->b50d6464-f54a-40d1-9f81-f1c19654fd05@group-1F53027F28E3, cid=1162, SUCCESS, logIndex=1660, commits[b50d6464-f54a-40d1-9f81-f1c19654fd05:c1660]
2019-09-12 09:26:06,854 [grpc-default-executor-2] INFO  client.GrpcClientProtocolClient (GrpcClientProtocolClient.java:onNext(264)) - client-8B023739F3BF->b50d6464-f54a-40d1-9f81-f1c19654fd05: receive RaftClientReply:client-8B023739F3BF->b50d6464-f54a-40d1-9f81-f1c19654fd05@group-1F53027F28E3, cid=1163, SUCCESS, logIndex=1661, commits[b50d6464-f54a-40d1-9f81-f1c19654fd05:c1662]
2019-09-12 09:26:06,855 [grpc-default-executor-2] INFO  client.GrpcClientProtocolClient (GrpcClientProtocolClient.java:onNext(264)) - client-8B023739F3BF->b50d6464-f54a-40d1-9f81-f1c19654fd05: receive RaftClientReply:client-8B023739F3BF->b50d6464-f54a-40d1-9f81-f1c19654fd05@group-1F53027F28E3, cid=1164, SUCCESS, logIndex=1662, commits[b50d6464-f54a-40d1-9f81-f1c19654fd05:c1662]
2019-09-12 09:26:06,868 [grpc-default-executor-2] INFO  client.GrpcClientProtocolClient (GrpcClientProtocolClient.java:onNext(264)) - client-8B023739F3BF->b50d6464-f54a-40d1-9f81-f1c19654fd05: receive RaftClientReply:client-8B023739F3BF->b50d6464-f54a-40d1-9f81-f1c19654fd05@group-1F53027F28E3, cid=1165, SUCCESS, logIndex=1665, commits[b50d6464-f54a-40d1-9f81-f1c19654fd05:c1668]
2019-09-12 09:26:06,868 [grpc-default-executor-2] INFO  client.GrpcClientProtocolClient (GrpcClientProtocolClient.java:onNext(264)) - client-8B023739F3BF->b50d6464-f54a-40d1-9f81-f1c19654fd05: receive RaftClientReply:client-8B023739F3BF->b50d6464-f54a-40d1-9f81-f1c19654fd05@group-1F53027F28E3, cid=1166, SUCCESS, logIndex=1666, commits[b50d6464-f54a-40d1-9f81-f1c19654fd05:c1668]
2019-09-12 09:26:06,869 [grpc-default-executor-2] INFO  client.GrpcClientProtocolClient (GrpcClientProtocolClient.java:onNext(264)) - client-8B023739F3BF->b50d6464-f54a-40d1-9f81-f1c19654fd05: receive RaftClientReply:client-8B023739F3BF->b50d6464-f54a-40d1-9f81-f1c19654fd05@group-1F53027F28E3, cid=1167, SUCCESS, logIndex=1667, commits[b50d6464-f54a-40d1-9f81-f1c19654fd05:c1668]
2019-09-12 09:26:06,869 [grpc-default-executor-2] INFO  client.GrpcClientProtocolClient (GrpcClientProtocolClient.java:onNext(264)) - client-8B023739F3BF->b50d6464-f54a-40d1-9f81-f1c19654fd05: receive RaftClientReply:client-8B023739F3BF->b50d6464-f54a-40d1-9f81-f1c19654fd05@group-1F53027F28E3, cid=1168, SUCCESS, logIndex=1668, commits[b50d6464-f54a-40d1-9f81-f1c19654fd05:c1668]
2019-09-12 09:26:06,895 [grpc-default-executor-2] INFO  client.GrpcClientProtocolClient (GrpcClientProtocolClient.java:onNext(264)) - client-8B023739F3BF->b50d6464-f54a-40d1-9f81-f1c19654fd05: receive RaftClientReply:client-8B023739F3BF->b50d6464-f54a-40d1-9f81-f1c19654fd05@group-1F53027F28E3, cid=1169, SUCCESS, logIndex=1670, commits[b50d6464-f54a-40d1-9f81-f1c19654fd05:c1671]
2019-09-12 09:26:06,896 [grpc-default-executor-2] INFO  client.GrpcClientProtocolClient (GrpcClientProtocolClient.java:onNext(264)) - client-8B023739F3BF->b50d6464-f54a-40d1-9f81-f1c19654fd05: receive RaftClientReply:client-8B023739F3BF->b50d6464-f54a-40d1-9f81-f1c19654fd05@group-1F53027F28E3, cid=1170, SUCCESS, logIndex=1671, commits[b50d6464-f54a-40d1-9f81-f1c19654fd05:c1673]
2019-09-12 09:26:06,896 [grpc-default-executor-2] INFO  client.GrpcClientProtocolClient (GrpcClientProtocolClient.java:onNext(264)) - client-8B023739F3BF->b50d6464-f54a-40d1-9f81-f1c19654fd05: receive RaftClientReply:client-8B023739F3BF->b50d6464-f54a-40d1-9f81-f1c19654fd05@group-1F53027F28E3, cid=1171, SUCCESS, logIndex=1672, commits[b50d6464-f54a-40d1-9f81-f1c19654fd05:c1673]
2019-09-12 09:26:06,896 [grpc-default-executor-2] INFO  client.GrpcClientProtocolClient (GrpcClientProtocolClient.java:onNext(264)) - client-8B023739F3BF->b50d6464-f54a-40d1-9f81-f1c19654fd05: receive RaftClientReply:client-8B023739F3BF->b50d6464-f54a-40d1-9f81-f1c19654fd05@group-1F53027F28E3, cid=1172, SUCCESS, logIndex=1673, commits[b50d6464-f54a-40d1-9f81-f1c19654fd05:c1674]
2019-09-12 09:26:06,906 [SCMBlockDeletingService#1] DEBUG block.SCMBlockDeletingService (SCMBlockDeletingService.java:call(138)) - Running DeletedBlockTransactionScanner
2019-09-12 09:26:06,906 [SCMBlockDeletingService#1] DEBUG block.SCMBlockDeletingService (SCMBlockDeletingService.java:call(155)) - Scanned deleted blocks log and got 0 delTX to process.
2019-09-12 09:26:06,915 [grpc-default-executor-1] INFO  client.GrpcClientProtocolClient (GrpcClientProtocolClient.java:onNext(264)) - client-8B023739F3BF->b50d6464-f54a-40d1-9f81-f1c19654fd05: receive RaftClientReply:client-8B023739F3BF->b50d6464-f54a-40d1-9f81-f1c19654fd05@group-1F53027F28E3, cid=1173, SUCCESS, logIndex=1676, commits[b50d6464-f54a-40d1-9f81-f1c19654fd05:c1677]
2019-09-12 09:26:06,916 [grpc-default-executor-1] INFO  client.GrpcClientProtocolClient (GrpcClientProtocolClient.java:onNext(264)) - client-8B023739F3BF->b50d6464-f54a-40d1-9f81-f1c19654fd05: receive RaftClientReply:client-8B023739F3BF->b50d6464-f54a-40d1-9f81-f1c19654fd05@group-1F53027F28E3, cid=1174, SUCCESS, logIndex=1677, commits[b50d6464-f54a-40d1-9f81-f1c19654fd05:c1679]
2019-09-12 09:26:06,916 [grpc-default-executor-1] INFO  client.GrpcClientProtocolClient (GrpcClientProtocolClient.java:onNext(264)) - client-8B023739F3BF->b50d6464-f54a-40d1-9f81-f1c19654fd05: receive RaftClientReply:client-8B023739F3BF->b50d6464-f54a-40d1-9f81-f1c19654fd05@group-1F53027F28E3, cid=1175, SUCCESS, logIndex=1678, commits[b50d6464-f54a-40d1-9f81-f1c19654fd05:c1680]
2019-09-12 09:26:06,916 [grpc-default-executor-1] INFO  client.GrpcClientProtocolClient (GrpcClientProtocolClient.java:onNext(264)) - client-8B023739F3BF->b50d6464-f54a-40d1-9f81-f1c19654fd05: receive RaftClientReply:client-8B023739F3BF->b50d6464-f54a-40d1-9f81-f1c19654fd05@group-1F53027F28E3, cid=1176, SUCCESS, logIndex=1679, commits[b50d6464-f54a-40d1-9f81-f1c19654fd05:c1680]
2019-09-12 09:26:06,942 [grpc-default-executor-1] INFO  client.GrpcClientProtocolClient (GrpcClientProtocolClient.java:onNext(264)) - client-8B023739F3BF->b50d6464-f54a-40d1-9f81-f1c19654fd05: receive RaftClientReply:client-8B023739F3BF->b50d6464-f54a-40d1-9f81-f1c19654fd05@group-1F53027F28E3, cid=1177, SUCCESS, logIndex=1682, commits[b50d6464-f54a-40d1-9f81-f1c19654fd05:c1685]
2019-09-12 09:26:06,942 [grpc-default-executor-1] INFO  client.GrpcClientProtocolClient (GrpcClientProtocolClient.java:onNext(264)) - client-8B023739F3BF->b50d6464-f54a-40d1-9f81-f1c19654fd05: receive RaftClientReply:client-8B023739F3BF->b50d6464-f54a-40d1-9f81-f1c19654fd05@group-1F53027F28E3, cid=1178, SUCCESS, logIndex=1683, commits[b50d6464-f54a-40d1-9f81-f1c19654fd05:c1685]
2019-09-12 09:26:06,943 [grpc-default-executor-1] INFO  client.GrpcClientProtocolClient (GrpcClientProtocolClient.java:onNext(264)) - client-8B023739F3BF->b50d6464-f54a-40d1-9f81-f1c19654fd05: receive RaftClientReply:client-8B023739F3BF->b50d6464-f54a-40d1-9f81-f1c19654fd05@group-1F53027F28E3, cid=1179, SUCCESS, logIndex=1684, commits[b50d6464-f54a-40d1-9f81-f1c19654fd05:c1686]
2019-09-12 09:26:06,943 [grpc-default-executor-1] INFO  client.GrpcClientProtocolClient (GrpcClientProtocolClient.java:onNext(264)) - client-8B023739F3BF->b50d6464-f54a-40d1-9f81-f1c19654fd05: receive RaftClientReply:client-8B023739F3BF->b50d6464-f54a-40d1-9f81-f1c19654fd05@group-1F53027F28E3, cid=1180, SUCCESS, logIndex=1685, commits[b50d6464-f54a-40d1-9f81-f1c19654fd05:c1687]
2019-09-12 09:26:06,961 [grpc-default-executor-2] INFO  client.GrpcClientProtocolClient (GrpcClientProtocolClient.java:onNext(264)) - client-8B023739F3BF->b50d6464-f54a-40d1-9f81-f1c19654fd05: receive RaftClientReply:client-8B023739F3BF->b50d6464-f54a-40d1-9f81-f1c19654fd05@group-1F53027F28E3, cid=1181, SUCCESS, logIndex=1688, commits[b50d6464-f54a-40d1-9f81-f1c19654fd05:c1689]
2019-09-12 09:26:06,961 [grpc-default-executor-2] INFO  client.GrpcClientProtocolClient (GrpcClientProtocolClient.java:onNext(264)) - client-8B023739F3BF->b50d6464-f54a-40d1-9f81-f1c19654fd05: receive RaftClientReply:client-8B023739F3BF->b50d6464-f54a-40d1-9f81-f1c19654fd05@group-1F53027F28E3, cid=1182, SUCCESS, logIndex=1689, commits[b50d6464-f54a-40d1-9f81-f1c19654fd05:c1691]
2019-09-12 09:26:06,961 [grpc-default-executor-2] INFO  client.GrpcClientProtocolClient (GrpcClientProtocolClient.java:onNext(264)) - client-8B023739F3BF->b50d6464-f54a-40d1-9f81-f1c19654fd05: receive RaftClientReply:client-8B023739F3BF->b50d6464-f54a-40d1-9f81-f1c19654fd05@group-1F53027F28E3, cid=1183, SUCCESS, logIndex=1690, commits[b50d6464-f54a-40d1-9f81-f1c19654fd05:c1691]
2019-09-12 09:26:06,962 [grpc-default-executor-2] INFO  client.GrpcClientProtocolClient (GrpcClientProtocolClient.java:onNext(264)) - client-8B023739F3BF->b50d6464-f54a-40d1-9f81-f1c19654fd05: receive RaftClientReply:client-8B023739F3BF->b50d6464-f54a-40d1-9f81-f1c19654fd05@group-1F53027F28E3, cid=1184, SUCCESS, logIndex=1691, commits[b50d6464-f54a-40d1-9f81-f1c19654fd05:c1692]
2019-09-12 09:26:06,986 [grpc-default-executor-2] INFO  client.GrpcClientProtocolClient (GrpcClientProtocolClient.java:onNext(264)) - client-8B023739F3BF->b50d6464-f54a-40d1-9f81-f1c19654fd05: receive RaftClientReply:client-8B023739F3BF->b50d6464-f54a-40d1-9f81-f1c19654fd05@group-1F53027F28E3, cid=1185, SUCCESS, logIndex=1694, commits[b50d6464-f54a-40d1-9f81-f1c19654fd05:c1695]
2019-09-12 09:26:06,987 [grpc-default-executor-2] INFO  client.GrpcClientProtocolClient (GrpcClientProtocolClient.java:onNext(264)) - client-8B023739F3BF->b50d6464-f54a-40d1-9f81-f1c19654fd05: receive RaftClientReply:client-8B023739F3BF->b50d6464-f54a-40d1-9f81-f1c19654fd05@group-1F53027F28E3, cid=1186, SUCCESS, logIndex=1695, commits[b50d6464-f54a-40d1-9f81-f1c19654fd05:c1697]
2019-09-12 09:26:06,987 [grpc-default-executor-2] INFO  client.GrpcClientProtocolClient (GrpcClientProtocolClient.java:onNext(264)) - client-8B023739F3BF->b50d6464-f54a-40d1-9f81-f1c19654fd05: receive RaftClientReply:client-8B023739F3BF->b50d6464-f54a-40d1-9f81-f1c19654fd05@group-1F53027F28E3, cid=1187, SUCCESS, logIndex=1696, commits[b50d6464-f54a-40d1-9f81-f1c19654fd05:c1697]
2019-09-12 09:26:06,988 [grpc-default-executor-2] INFO  client.GrpcClientProtocolClient (GrpcClientProtocolClient.java:onNext(264)) - client-8B023739F3BF->b50d6464-f54a-40d1-9f81-f1c19654fd05: receive RaftClientReply:client-8B023739F3BF->b50d6464-f54a-40d1-9f81-f1c19654fd05@group-1F53027F28E3, cid=1188, SUCCESS, logIndex=1697, commits[b50d6464-f54a-40d1-9f81-f1c19654fd05:c1698]
2019-09-12 09:26:07,006 [grpc-default-executor-1] INFO  client.GrpcClientProtocolClient (GrpcClientProtocolClient.java:onNext(264)) - client-8B023739F3BF->b50d6464-f54a-40d1-9f81-f1c19654fd05: receive RaftClientReply:client-8B023739F3BF->b50d6464-f54a-40d1-9f81-f1c19654fd05@group-1F53027F28E3, cid=1189, SUCCESS, logIndex=1700, commits[b50d6464-f54a-40d1-9f81-f1c19654fd05:c1701]
2019-09-12 09:26:07,007 [SCMBlockDeletingService#1] DEBUG block.SCMBlockDeletingService (SCMBlockDeletingService.java:call(138)) - Running DeletedBlockTransactionScanner
2019-09-12 09:26:07,007 [grpc-default-executor-1] INFO  client.GrpcClientProtocolClient (GrpcClientProtocolClient.java:onNext(264)) - client-8B023739F3BF->b50d6464-f54a-40d1-9f81-f1c19654fd05: receive RaftClientReply:client-8B023739F3BF->b50d6464-f54a-40d1-9f81-f1c19654fd05@group-1F53027F28E3, cid=1190, SUCCESS, logIndex=1701, commits[b50d6464-f54a-40d1-9f81-f1c19654fd05:c1703]
2019-09-12 09:26:07,007 [SCMBlockDeletingService#1] DEBUG block.SCMBlockDeletingService (SCMBlockDeletingService.java:call(155)) - Scanned deleted blocks log and got 0 delTX to process.
2019-09-12 09:26:07,007 [grpc-default-executor-1] INFO  client.GrpcClientProtocolClient (GrpcClientProtocolClient.java:onNext(264)) - client-8B023739F3BF->b50d6464-f54a-40d1-9f81-f1c19654fd05: receive RaftClientReply:client-8B023739F3BF->b50d6464-f54a-40d1-9f81-f1c19654fd05@group-1F53027F28E3, cid=1191, SUCCESS, logIndex=1702, commits[b50d6464-f54a-40d1-9f81-f1c19654fd05:c1704]
2019-09-12 09:26:07,007 [grpc-default-executor-1] INFO  client.GrpcClientProtocolClient (GrpcClientProtocolClient.java:onNext(264)) - client-8B023739F3BF->b50d6464-f54a-40d1-9f81-f1c19654fd05: receive RaftClientReply:client-8B023739F3BF->b50d6464-f54a-40d1-9f81-f1c19654fd05@group-1F53027F28E3, cid=1192, SUCCESS, logIndex=1703, commits[b50d6464-f54a-40d1-9f81-f1c19654fd05:c1704]
2019-09-12 09:26:07,107 [SCMBlockDeletingService#1] DEBUG block.SCMBlockDeletingService (SCMBlockDeletingService.java:call(138)) - Running DeletedBlockTransactionScanner
2019-09-12 09:26:07,108 [SCMBlockDeletingService#1] DEBUG block.SCMBlockDeletingService (SCMBlockDeletingService.java:call(155)) - Scanned deleted blocks log and got 0 delTX to process.
2019-09-12 09:26:07,184 [grpc-default-executor-1] INFO  client.GrpcClientProtocolClient (GrpcClientProtocolClient.java:onNext(264)) - client-8B023739F3BF->b50d6464-f54a-40d1-9f81-f1c19654fd05: receive RaftClientReply:client-8B023739F3BF->b50d6464-f54a-40d1-9f81-f1c19654fd05@group-1F53027F28E3, cid=1193, SUCCESS, logIndex=1706, commits[b50d6464-f54a-40d1-9f81-f1c19654fd05:c1709]
2019-09-12 09:26:07,185 [grpc-default-executor-1] INFO  client.GrpcClientProtocolClient (GrpcClientProtocolClient.java:onNext(264)) - client-8B023739F3BF->b50d6464-f54a-40d1-9f81-f1c19654fd05: receive RaftClientReply:client-8B023739F3BF->b50d6464-f54a-40d1-9f81-f1c19654fd05@group-1F53027F28E3, cid=1194, SUCCESS, logIndex=1707, commits[b50d6464-f54a-40d1-9f81-f1c19654fd05:c1710]
2019-09-12 09:26:07,185 [grpc-default-executor-1] INFO  client.GrpcClientProtocolClient (GrpcClientProtocolClient.java:onNext(264)) - client-8B023739F3BF->b50d6464-f54a-40d1-9f81-f1c19654fd05: receive RaftClientReply:client-8B023739F3BF->b50d6464-f54a-40d1-9f81-f1c19654fd05@group-1F53027F28E3, cid=1195, SUCCESS, logIndex=1708, commits[b50d6464-f54a-40d1-9f81-f1c19654fd05:c1710]
2019-09-12 09:26:07,185 [grpc-default-executor-1] INFO  client.GrpcClientProtocolClient (GrpcClientProtocolClient.java:onNext(264)) - client-8B023739F3BF->b50d6464-f54a-40d1-9f81-f1c19654fd05: receive RaftClientReply:client-8B023739F3BF->b50d6464-f54a-40d1-9f81-f1c19654fd05@group-1F53027F28E3, cid=1196, SUCCESS, logIndex=1709, commits[b50d6464-f54a-40d1-9f81-f1c19654fd05:c1710]
2019-09-12 09:26:07,206 [grpc-default-executor-2] INFO  client.GrpcClientProtocolClient (GrpcClientProtocolClient.java:onNext(264)) - client-8B023739F3BF->b50d6464-f54a-40d1-9f81-f1c19654fd05: receive RaftClientReply:client-8B023739F3BF->b50d6464-f54a-40d1-9f81-f1c19654fd05@group-1F53027F28E3, cid=1197, SUCCESS, logIndex=1711, commits[b50d6464-f54a-40d1-9f81-f1c19654fd05:c1714]
2019-09-12 09:26:07,207 [grpc-default-executor-2] INFO  client.GrpcClientProtocolClient (GrpcClientProtocolClient.java:onNext(264)) - client-8B023739F3BF->b50d6464-f54a-40d1-9f81-f1c19654fd05: receive RaftClientReply:client-8B023739F3BF->b50d6464-f54a-40d1-9f81-f1c19654fd05@group-1F53027F28E3, cid=1198, SUCCESS, logIndex=1712, commits[b50d6464-f54a-40d1-9f81-f1c19654fd05:c1715]
2019-09-12 09:26:07,207 [grpc-default-executor-2] INFO  client.GrpcClientProtocolClient (GrpcClientProtocolClient.java:onNext(264)) - client-8B023739F3BF->b50d6464-f54a-40d1-9f81-f1c19654fd05: receive RaftClientReply:client-8B023739F3BF->b50d6464-f54a-40d1-9f81-f1c19654fd05@group-1F53027F28E3, cid=1199, SUCCESS, logIndex=1713, commits[b50d6464-f54a-40d1-9f81-f1c19654fd05:c1715]
2019-09-12 09:26:07,207 [grpc-default-executor-2] INFO  client.GrpcClientProtocolClient (GrpcClientProtocolClient.java:onNext(264)) - client-8B023739F3BF->b50d6464-f54a-40d1-9f81-f1c19654fd05: receive RaftClientReply:client-8B023739F3BF->b50d6464-f54a-40d1-9f81-f1c19654fd05@group-1F53027F28E3, cid=1200, SUCCESS, logIndex=1714, commits[b50d6464-f54a-40d1-9f81-f1c19654fd05:c1715]
2019-09-12 09:26:07,208 [SCMBlockDeletingService#1] DEBUG block.SCMBlockDeletingService (SCMBlockDeletingService.java:call(138)) - Running DeletedBlockTransactionScanner
2019-09-12 09:26:07,208 [SCMBlockDeletingService#1] DEBUG block.SCMBlockDeletingService (SCMBlockDeletingService.java:call(155)) - Scanned deleted blocks log and got 0 delTX to process.
2019-09-12 09:26:07,232 [grpc-default-executor-2] INFO  client.GrpcClientProtocolClient (GrpcClientProtocolClient.java:onNext(264)) - client-8B023739F3BF->b50d6464-f54a-40d1-9f81-f1c19654fd05: receive RaftClientReply:client-8B023739F3BF->b50d6464-f54a-40d1-9f81-f1c19654fd05@group-1F53027F28E3, cid=1201, SUCCESS, logIndex=1716, commits[b50d6464-f54a-40d1-9f81-f1c19654fd05:c1717]
2019-09-12 09:26:07,232 [grpc-default-executor-2] INFO  client.GrpcClientProtocolClient (GrpcClientProtocolClient.java:onNext(264)) - client-8B023739F3BF->b50d6464-f54a-40d1-9f81-f1c19654fd05: receive RaftClientReply:client-8B023739F3BF->b50d6464-f54a-40d1-9f81-f1c19654fd05@group-1F53027F28E3, cid=1202, SUCCESS, logIndex=1717, commits[b50d6464-f54a-40d1-9f81-f1c19654fd05:c1719]
2019-09-12 09:26:07,232 [grpc-default-executor-2] INFO  client.GrpcClientProtocolClient (GrpcClientProtocolClient.java:onNext(264)) - client-8B023739F3BF->b50d6464-f54a-40d1-9f81-f1c19654fd05: receive RaftClientReply:client-8B023739F3BF->b50d6464-f54a-40d1-9f81-f1c19654fd05@group-1F53027F28E3, cid=1203, SUCCESS, logIndex=1718, commits[b50d6464-f54a-40d1-9f81-f1c19654fd05:c1719]
2019-09-12 09:26:07,233 [grpc-default-executor-2] INFO  client.GrpcClientProtocolClient (GrpcClientProtocolClient.java:onNext(264)) - client-8B023739F3BF->b50d6464-f54a-40d1-9f81-f1c19654fd05: receive RaftClientReply:client-8B023739F3BF->b50d6464-f54a-40d1-9f81-f1c19654fd05@group-1F53027F28E3, cid=1204, SUCCESS, logIndex=1719, commits[b50d6464-f54a-40d1-9f81-f1c19654fd05:c1720]
2019-09-12 09:26:07,253 [grpc-default-executor-2] INFO  client.GrpcClientProtocolClient (GrpcClientProtocolClient.java:onNext(264)) - client-8B023739F3BF->b50d6464-f54a-40d1-9f81-f1c19654fd05: receive RaftClientReply:client-8B023739F3BF->b50d6464-f54a-40d1-9f81-f1c19654fd05@group-1F53027F28E3, cid=1205, SUCCESS, logIndex=1722, commits[b50d6464-f54a-40d1-9f81-f1c19654fd05:c1725]
2019-09-12 09:26:07,253 [grpc-default-executor-2] INFO  client.GrpcClientProtocolClient (GrpcClientProtocolClient.java:onNext(264)) - client-8B023739F3BF->b50d6464-f54a-40d1-9f81-f1c19654fd05: receive RaftClientReply:client-8B023739F3BF->b50d6464-f54a-40d1-9f81-f1c19654fd05@group-1F53027F28E3, cid=1206, SUCCESS, logIndex=1723, commits[b50d6464-f54a-40d1-9f81-f1c19654fd05:c1726]
2019-09-12 09:26:07,253 [grpc-default-executor-2] INFO  client.GrpcClientProtocolClient (GrpcClientProtocolClient.java:onNext(264)) - client-8B023739F3BF->b50d6464-f54a-40d1-9f81-f1c19654fd05: receive RaftClientReply:client-8B023739F3BF->b50d6464-f54a-40d1-9f81-f1c19654fd05@group-1F53027F28E3, cid=1207, SUCCESS, logIndex=1724, commits[b50d6464-f54a-40d1-9f81-f1c19654fd05:c1726]
2019-09-12 09:26:07,254 [grpc-default-executor-2] INFO  client.GrpcClientProtocolClient (GrpcClientProtocolClient.java:onNext(264)) - client-8B023739F3BF->b50d6464-f54a-40d1-9f81-f1c19654fd05: receive RaftClientReply:client-8B023739F3BF->b50d6464-f54a-40d1-9f81-f1c19654fd05@group-1F53027F28E3, cid=1208, SUCCESS, logIndex=1725, commits[b50d6464-f54a-40d1-9f81-f1c19654fd05:c1726]
2019-09-12 09:26:07,278 [grpc-default-executor-1] INFO  client.GrpcClientProtocolClient (GrpcClientProtocolClient.java:onNext(264)) - client-8B023739F3BF->b50d6464-f54a-40d1-9f81-f1c19654fd05: receive RaftClientReply:client-8B023739F3BF->b50d6464-f54a-40d1-9f81-f1c19654fd05@group-1F53027F28E3, cid=1209, SUCCESS, logIndex=1727, commits[b50d6464-f54a-40d1-9f81-f1c19654fd05:c1728]
2019-09-12 09:26:07,279 [grpc-default-executor-1] INFO  client.GrpcClientProtocolClient (GrpcClientProtocolClient.java:onNext(264)) - client-8B023739F3BF->b50d6464-f54a-40d1-9f81-f1c19654fd05: receive RaftClientReply:client-8B023739F3BF->b50d6464-f54a-40d1-9f81-f1c19654fd05@group-1F53027F28E3, cid=1210, SUCCESS, logIndex=1728, commits[b50d6464-f54a-40d1-9f81-f1c19654fd05:c1730]
2019-09-12 09:26:07,279 [grpc-default-executor-1] INFO  client.GrpcClientProtocolClient (GrpcClientProtocolClient.java:onNext(264)) - client-8B023739F3BF->b50d6464-f54a-40d1-9f81-f1c19654fd05: receive RaftClientReply:client-8B023739F3BF->b50d6464-f54a-40d1-9f81-f1c19654fd05@group-1F53027F28E3, cid=1211, SUCCESS, logIndex=1729, commits[b50d6464-f54a-40d1-9f81-f1c19654fd05:c1731]
2019-09-12 09:26:07,279 [grpc-default-executor-1] INFO  client.GrpcClientProtocolClient (GrpcClientProtocolClient.java:onNext(264)) - client-8B023739F3BF->b50d6464-f54a-40d1-9f81-f1c19654fd05: receive RaftClientReply:client-8B023739F3BF->b50d6464-f54a-40d1-9f81-f1c19654fd05@group-1F53027F28E3, cid=1212, SUCCESS, logIndex=1730, commits[b50d6464-f54a-40d1-9f81-f1c19654fd05:c1731]
2019-09-12 09:26:07,299 [grpc-default-executor-2] INFO  client.GrpcClientProtocolClient (GrpcClientProtocolClient.java:onNext(264)) - client-8B023739F3BF->b50d6464-f54a-40d1-9f81-f1c19654fd05: receive RaftClientReply:client-8B023739F3BF->b50d6464-f54a-40d1-9f81-f1c19654fd05@group-1F53027F28E3, cid=1213, SUCCESS, logIndex=1733, commits[b50d6464-f54a-40d1-9f81-f1c19654fd05:c1736]
2019-09-12 09:26:07,300 [grpc-default-executor-2] INFO  client.GrpcClientProtocolClient (GrpcClientProtocolClient.java:onNext(264)) - client-8B023739F3BF->b50d6464-f54a-40d1-9f81-f1c19654fd05: receive RaftClientReply:client-8B023739F3BF->b50d6464-f54a-40d1-9f81-f1c19654fd05@group-1F53027F28E3, cid=1214, SUCCESS, logIndex=1734, commits[b50d6464-f54a-40d1-9f81-f1c19654fd05:c1737]
2019-09-12 09:26:07,300 [grpc-default-executor-2] INFO  client.GrpcClientProtocolClient (GrpcClientProtocolClient.java:onNext(264)) - client-8B023739F3BF->b50d6464-f54a-40d1-9f81-f1c19654fd05: receive RaftClientReply:client-8B023739F3BF->b50d6464-f54a-40d1-9f81-f1c19654fd05@group-1F53027F28E3, cid=1215, SUCCESS, logIndex=1735, commits[b50d6464-f54a-40d1-9f81-f1c19654fd05:c1737]
2019-09-12 09:26:07,300 [grpc-default-executor-2] INFO  client.GrpcClientProtocolClient (GrpcClientProtocolClient.java:onNext(264)) - client-8B023739F3BF->b50d6464-f54a-40d1-9f81-f1c19654fd05: receive RaftClientReply:client-8B023739F3BF->b50d6464-f54a-40d1-9f81-f1c19654fd05@group-1F53027F28E3, cid=1216, SUCCESS, logIndex=1736, commits[b50d6464-f54a-40d1-9f81-f1c19654fd05:c1737]
2019-09-12 09:26:07,308 [SCMBlockDeletingService#1] DEBUG block.SCMBlockDeletingService (SCMBlockDeletingService.java:call(138)) - Running DeletedBlockTransactionScanner
2019-09-12 09:26:07,309 [SCMBlockDeletingService#1] DEBUG block.SCMBlockDeletingService (SCMBlockDeletingService.java:call(155)) - Scanned deleted blocks log and got 0 delTX to process.
2019-09-12 09:26:07,324 [grpc-default-executor-2] INFO  client.GrpcClientProtocolClient (GrpcClientProtocolClient.java:onNext(264)) - client-8B023739F3BF->b50d6464-f54a-40d1-9f81-f1c19654fd05: receive RaftClientReply:client-8B023739F3BF->b50d6464-f54a-40d1-9f81-f1c19654fd05@group-1F53027F28E3, cid=1217, SUCCESS, logIndex=1738, commits[b50d6464-f54a-40d1-9f81-f1c19654fd05:c1739]
2019-09-12 09:26:07,325 [grpc-default-executor-2] INFO  client.GrpcClientProtocolClient (GrpcClientProtocolClient.java:onNext(264)) - client-8B023739F3BF->b50d6464-f54a-40d1-9f81-f1c19654fd05: receive RaftClientReply:client-8B023739F3BF->b50d6464-f54a-40d1-9f81-f1c19654fd05@group-1F53027F28E3, cid=1218, SUCCESS, logIndex=1739, commits[b50d6464-f54a-40d1-9f81-f1c19654fd05:c1739]
2019-09-12 09:26:07,326 [grpc-default-executor-2] INFO  client.GrpcClientProtocolClient (GrpcClientProtocolClient.java:onNext(264)) - client-8B023739F3BF->b50d6464-f54a-40d1-9f81-f1c19654fd05: receive RaftClientReply:client-8B023739F3BF->b50d6464-f54a-40d1-9f81-f1c19654fd05@group-1F53027F28E3, cid=1219, SUCCESS, logIndex=1740, commits[b50d6464-f54a-40d1-9f81-f1c19654fd05:c1741]
2019-09-12 09:26:07,326 [grpc-default-executor-2] INFO  client.GrpcClientProtocolClient (GrpcClientProtocolClient.java:onNext(264)) - client-8B023739F3BF->b50d6464-f54a-40d1-9f81-f1c19654fd05: receive RaftClientReply:client-8B023739F3BF->b50d6464-f54a-40d1-9f81-f1c19654fd05@group-1F53027F28E3, cid=1220, SUCCESS, logIndex=1741, commits[b50d6464-f54a-40d1-9f81-f1c19654fd05:c1741]
2019-09-12 09:26:07,341 [grpc-default-executor-2] INFO  client.GrpcClientProtocolClient (GrpcClientProtocolClient.java:onNext(264)) - client-8B023739F3BF->b50d6464-f54a-40d1-9f81-f1c19654fd05: receive RaftClientReply:client-8B023739F3BF->b50d6464-f54a-40d1-9f81-f1c19654fd05@group-1F53027F28E3, cid=1221, SUCCESS, logIndex=1744, commits[b50d6464-f54a-40d1-9f81-f1c19654fd05:c1747]
2019-09-12 09:26:07,341 [grpc-default-executor-2] INFO  client.GrpcClientProtocolClient (GrpcClientProtocolClient.java:onNext(264)) - client-8B023739F3BF->b50d6464-f54a-40d1-9f81-f1c19654fd05: receive RaftClientReply:client-8B023739F3BF->b50d6464-f54a-40d1-9f81-f1c19654fd05@group-1F53027F28E3, cid=1222, SUCCESS, logIndex=1745, commits[b50d6464-f54a-40d1-9f81-f1c19654fd05:c1747]
2019-09-12 09:26:07,341 [grpc-default-executor-2] INFO  client.GrpcClientProtocolClient (GrpcClientProtocolClient.java:onNext(264)) - client-8B023739F3BF->b50d6464-f54a-40d1-9f81-f1c19654fd05: receive RaftClientReply:client-8B023739F3BF->b50d6464-f54a-40d1-9f81-f1c19654fd05@group-1F53027F28E3, cid=1223, SUCCESS, logIndex=1746, commits[b50d6464-f54a-40d1-9f81-f1c19654fd05:c1747]
2019-09-12 09:26:07,342 [grpc-default-executor-2] INFO  client.GrpcClientProtocolClient (GrpcClientProtocolClient.java:onNext(264)) - client-8B023739F3BF->b50d6464-f54a-40d1-9f81-f1c19654fd05: receive RaftClientReply:client-8B023739F3BF->b50d6464-f54a-40d1-9f81-f1c19654fd05@group-1F53027F28E3, cid=1224, SUCCESS, logIndex=1747, commits[b50d6464-f54a-40d1-9f81-f1c19654fd05:c1747]
2019-09-12 09:26:07,366 [grpc-default-executor-2] INFO  client.GrpcClientProtocolClient (GrpcClientProtocolClient.java:onNext(264)) - client-8B023739F3BF->b50d6464-f54a-40d1-9f81-f1c19654fd05: receive RaftClientReply:client-8B023739F3BF->b50d6464-f54a-40d1-9f81-f1c19654fd05@group-1F53027F28E3, cid=1225, SUCCESS, logIndex=1749, commits[b50d6464-f54a-40d1-9f81-f1c19654fd05:c1750]
2019-09-12 09:26:07,366 [grpc-default-executor-2] INFO  client.GrpcClientProtocolClient (GrpcClientProtocolClient.java:onNext(264)) - client-8B023739F3BF->b50d6464-f54a-40d1-9f81-f1c19654fd05: receive RaftClientReply:client-8B023739F3BF->b50d6464-f54a-40d1-9f81-f1c19654fd05@group-1F53027F28E3, cid=1226, SUCCESS, logIndex=1750, commits[b50d6464-f54a-40d1-9f81-f1c19654fd05:c1750]
2019-09-12 09:26:07,367 [grpc-default-executor-2] INFO  client.GrpcClientProtocolClient (GrpcClientProtocolClient.java:onNext(264)) - client-8B023739F3BF->b50d6464-f54a-40d1-9f81-f1c19654fd05: receive RaftClientReply:client-8B023739F3BF->b50d6464-f54a-40d1-9f81-f1c19654fd05@group-1F53027F28E3, cid=1227, SUCCESS, logIndex=1751, commits[b50d6464-f54a-40d1-9f81-f1c19654fd05:c1752]
2019-09-12 09:26:07,368 [grpc-default-executor-2] INFO  client.GrpcClientProtocolClient (GrpcClientProtocolClient.java:onNext(264)) - client-8B023739F3BF->b50d6464-f54a-40d1-9f81-f1c19654fd05: receive RaftClientReply:client-8B023739F3BF->b50d6464-f54a-40d1-9f81-f1c19654fd05@group-1F53027F28E3, cid=1228, SUCCESS, logIndex=1752, commits[b50d6464-f54a-40d1-9f81-f1c19654fd05:c1752]
2019-09-12 09:26:07,379 [grpc-default-executor-1] INFO  client.GrpcClientProtocolClient (GrpcClientProtocolClient.java:onNext(264)) - client-8B023739F3BF->b50d6464-f54a-40d1-9f81-f1c19654fd05: receive RaftClientReply:client-8B023739F3BF->b50d6464-f54a-40d1-9f81-f1c19654fd05@group-1F53027F28E3, cid=1229, SUCCESS, logIndex=1755, commits[b50d6464-f54a-40d1-9f81-f1c19654fd05:c1758]
2019-09-12 09:26:07,379 [grpc-default-executor-1] INFO  client.GrpcClientProtocolClient (GrpcClientProtocolClient.java:onNext(264)) - client-8B023739F3BF->b50d6464-f54a-40d1-9f81-f1c19654fd05: receive RaftClientReply:client-8B023739F3BF->b50d6464-f54a-40d1-9f81-f1c19654fd05@group-1F53027F28E3, cid=1230, SUCCESS, logIndex=1756, commits[b50d6464-f54a-40d1-9f81-f1c19654fd05:c1759]
2019-09-12 09:26:07,379 [grpc-default-executor-1] INFO  client.GrpcClientProtocolClient (GrpcClientProtocolClient.java:onNext(264)) - client-8B023739F3BF->b50d6464-f54a-40d1-9f81-f1c19654fd05: receive RaftClientReply:client-8B023739F3BF->b50d6464-f54a-40d1-9f81-f1c19654fd05@group-1F53027F28E3, cid=1231, SUCCESS, logIndex=1757, commits[b50d6464-f54a-40d1-9f81-f1c19654fd05:c1759]
2019-09-12 09:26:07,380 [grpc-default-executor-1] INFO  client.GrpcClientProtocolClient (GrpcClientProtocolClient.java:onNext(264)) - client-8B023739F3BF->b50d6464-f54a-40d1-9f81-f1c19654fd05: receive RaftClientReply:client-8B023739F3BF->b50d6464-f54a-40d1-9f81-f1c19654fd05@group-1F53027F28E3, cid=1232, SUCCESS, logIndex=1758, commits[b50d6464-f54a-40d1-9f81-f1c19654fd05:c1759]
2019-09-12 09:26:07,404 [grpc-default-executor-2] INFO  client.GrpcClientProtocolClient (GrpcClientProtocolClient.java:onNext(264)) - client-8B023739F3BF->b50d6464-f54a-40d1-9f81-f1c19654fd05: receive RaftClientReply:client-8B023739F3BF->b50d6464-f54a-40d1-9f81-f1c19654fd05@group-1F53027F28E3, cid=1233, SUCCESS, logIndex=1760, commits[b50d6464-f54a-40d1-9f81-f1c19654fd05:c1763]
2019-09-12 09:26:07,405 [grpc-default-executor-2] INFO  client.GrpcClientProtocolClient (GrpcClientProtocolClient.java:onNext(264)) - client-8B023739F3BF->b50d6464-f54a-40d1-9f81-f1c19654fd05: receive RaftClientReply:client-8B023739F3BF->b50d6464-f54a-40d1-9f81-f1c19654fd05@group-1F53027F28E3, cid=1234, SUCCESS, logIndex=1761, commits[b50d6464-f54a-40d1-9f81-f1c19654fd05:c1764]
2019-09-12 09:26:07,405 [grpc-default-executor-2] INFO  client.GrpcClientProtocolClient (GrpcClientProtocolClient.java:onNext(264)) - client-8B023739F3BF->b50d6464-f54a-40d1-9f81-f1c19654fd05: receive RaftClientReply:client-8B023739F3BF->b50d6464-f54a-40d1-9f81-f1c19654fd05@group-1F53027F28E3, cid=1235, SUCCESS, logIndex=1762, commits[b50d6464-f54a-40d1-9f81-f1c19654fd05:c1764]
2019-09-12 09:26:07,405 [grpc-default-executor-2] INFO  client.GrpcClientProtocolClient (GrpcClientProtocolClient.java:onNext(264)) - client-8B023739F3BF->b50d6464-f54a-40d1-9f81-f1c19654fd05: receive RaftClientReply:client-8B023739F3BF->b50d6464-f54a-40d1-9f81-f1c19654fd05@group-1F53027F28E3, cid=1236, SUCCESS, logIndex=1763, commits[b50d6464-f54a-40d1-9f81-f1c19654fd05:c1765]
2019-09-12 09:26:07,409 [SCMBlockDeletingService#0] DEBUG block.SCMBlockDeletingService (SCMBlockDeletingService.java:call(138)) - Running DeletedBlockTransactionScanner
2019-09-12 09:26:07,409 [SCMBlockDeletingService#0] DEBUG block.SCMBlockDeletingService (SCMBlockDeletingService.java:call(155)) - Scanned deleted blocks log and got 0 delTX to process.
2019-09-12 09:26:07,510 [SCMBlockDeletingService#0] DEBUG block.SCMBlockDeletingService (SCMBlockDeletingService.java:call(138)) - Running DeletedBlockTransactionScanner
2019-09-12 09:26:07,510 [SCMBlockDeletingService#0] DEBUG block.SCMBlockDeletingService (SCMBlockDeletingService.java:call(155)) - Scanned deleted blocks log and got 0 delTX to process.
2019-09-12 09:26:07,535 [grpc-default-executor-2] INFO  client.GrpcClientProtocolClient (GrpcClientProtocolClient.java:onNext(264)) - client-8B023739F3BF->b50d6464-f54a-40d1-9f81-f1c19654fd05: receive RaftClientReply:client-8B023739F3BF->b50d6464-f54a-40d1-9f81-f1c19654fd05@group-1F53027F28E3, cid=1237, SUCCESS, logIndex=1766, commits[b50d6464-f54a-40d1-9f81-f1c19654fd05:c1769]
2019-09-12 09:26:07,535 [grpc-default-executor-2] INFO  client.GrpcClientProtocolClient (GrpcClientProtocolClient.java:onNext(264)) - client-8B023739F3BF->b50d6464-f54a-40d1-9f81-f1c19654fd05: receive RaftClientReply:client-8B023739F3BF->b50d6464-f54a-40d1-9f81-f1c19654fd05@group-1F53027F28E3, cid=1238, SUCCESS, logIndex=1767, commits[b50d6464-f54a-40d1-9f81-f1c19654fd05:c1769]
2019-09-12 09:26:07,536 [grpc-default-executor-2] INFO  client.GrpcClientProtocolClient (GrpcClientProtocolClient.java:onNext(264)) - client-8B023739F3BF->b50d6464-f54a-40d1-9f81-f1c19654fd05: receive RaftClientReply:client-8B023739F3BF->b50d6464-f54a-40d1-9f81-f1c19654fd05@group-1F53027F28E3, cid=1239, SUCCESS, logIndex=1768, commits[b50d6464-f54a-40d1-9f81-f1c19654fd05:c1769]
2019-09-12 09:26:07,536 [grpc-default-executor-2] INFO  client.GrpcClientProtocolClient (GrpcClientProtocolClient.java:onNext(264)) - client-8B023739F3BF->b50d6464-f54a-40d1-9f81-f1c19654fd05: receive RaftClientReply:client-8B023739F3BF->b50d6464-f54a-40d1-9f81-f1c19654fd05@group-1F53027F28E3, cid=1240, SUCCESS, logIndex=1769, commits[b50d6464-f54a-40d1-9f81-f1c19654fd05:c1769]
2019-09-12 09:26:07,560 [grpc-default-executor-1] INFO  client.GrpcClientProtocolClient (GrpcClientProtocolClient.java:onNext(264)) - client-8B023739F3BF->b50d6464-f54a-40d1-9f81-f1c19654fd05: receive RaftClientReply:client-8B023739F3BF->b50d6464-f54a-40d1-9f81-f1c19654fd05@group-1F53027F28E3, cid=1241, SUCCESS, logIndex=1771, commits[b50d6464-f54a-40d1-9f81-f1c19654fd05:c1772]
2019-09-12 09:26:07,561 [grpc-default-executor-1] INFO  client.GrpcClientProtocolClient (GrpcClientProtocolClient.java:onNext(264)) - client-8B023739F3BF->b50d6464-f54a-40d1-9f81-f1c19654fd05: receive RaftClientReply:client-8B023739F3BF->b50d6464-f54a-40d1-9f81-f1c19654fd05@group-1F53027F28E3, cid=1242, SUCCESS, logIndex=1772, commits[b50d6464-f54a-40d1-9f81-f1c19654fd05:c1774]
2019-09-12 09:26:07,562 [grpc-default-executor-1] INFO  client.GrpcClientProtocolClient (GrpcClientProtocolClient.java:onNext(264)) - client-8B023739F3BF->b50d6464-f54a-40d1-9f81-f1c19654fd05: receive RaftClientReply:client-8B023739F3BF->b50d6464-f54a-40d1-9f81-f1c19654fd05@group-1F53027F28E3, cid=1243, SUCCESS, logIndex=1773, commits[b50d6464-f54a-40d1-9f81-f1c19654fd05:c1775]
2019-09-12 09:26:07,562 [grpc-default-executor-1] INFO  client.GrpcClientProtocolClient (GrpcClientProtocolClient.java:onNext(264)) - client-8B023739F3BF->b50d6464-f54a-40d1-9f81-f1c19654fd05: receive RaftClientReply:client-8B023739F3BF->b50d6464-f54a-40d1-9f81-f1c19654fd05@group-1F53027F28E3, cid=1244, SUCCESS, logIndex=1774, commits[b50d6464-f54a-40d1-9f81-f1c19654fd05:c1775]
2019-09-12 09:26:07,581 [grpc-default-executor-1] INFO  client.GrpcClientProtocolClient (GrpcClientProtocolClient.java:onNext(264)) - client-8B023739F3BF->b50d6464-f54a-40d1-9f81-f1c19654fd05: receive RaftClientReply:client-8B023739F3BF->b50d6464-f54a-40d1-9f81-f1c19654fd05@group-1F53027F28E3, cid=1245, SUCCESS, logIndex=1777, commits[b50d6464-f54a-40d1-9f81-f1c19654fd05:c1778]
2019-09-12 09:26:07,581 [grpc-default-executor-1] INFO  client.GrpcClientProtocolClient (GrpcClientProtocolClient.java:onNext(264)) - client-8B023739F3BF->b50d6464-f54a-40d1-9f81-f1c19654fd05: receive RaftClientReply:client-8B023739F3BF->b50d6464-f54a-40d1-9f81-f1c19654fd05@group-1F53027F28E3, cid=1246, SUCCESS, logIndex=1778, commits[b50d6464-f54a-40d1-9f81-f1c19654fd05:c1780]
2019-09-12 09:26:07,582 [grpc-default-executor-1] INFO  client.GrpcClientProtocolClient (GrpcClientProtocolClient.java:onNext(264)) - client-8B023739F3BF->b50d6464-f54a-40d1-9f81-f1c19654fd05: receive RaftClientReply:client-8B023739F3BF->b50d6464-f54a-40d1-9f81-f1c19654fd05@group-1F53027F28E3, cid=1247, SUCCESS, logIndex=1779, commits[b50d6464-f54a-40d1-9f81-f1c19654fd05:c1780]
2019-09-12 09:26:07,582 [grpc-default-executor-1] INFO  client.GrpcClientProtocolClient (GrpcClientProtocolClient.java:onNext(264)) - client-8B023739F3BF->b50d6464-f54a-40d1-9f81-f1c19654fd05: receive RaftClientReply:client-8B023739F3BF->b50d6464-f54a-40d1-9f81-f1c19654fd05@group-1F53027F28E3, cid=1248, SUCCESS, logIndex=1780, commits[b50d6464-f54a-40d1-9f81-f1c19654fd05:c1781]
2019-09-12 09:26:07,609 [grpc-default-executor-2] INFO  client.GrpcClientProtocolClient (GrpcClientProtocolClient.java:onNext(264)) - client-8B023739F3BF->b50d6464-f54a-40d1-9f81-f1c19654fd05: receive RaftClientReply:client-8B023739F3BF->b50d6464-f54a-40d1-9f81-f1c19654fd05@group-1F53027F28E3, cid=1249, SUCCESS, logIndex=1783, commits[b50d6464-f54a-40d1-9f81-f1c19654fd05:c1784]
2019-09-12 09:26:07,610 [grpc-default-executor-2] INFO  client.GrpcClientProtocolClient (GrpcClientProtocolClient.java:onNext(264)) - client-8B023739F3BF->b50d6464-f54a-40d1-9f81-f1c19654fd05: receive RaftClientReply:client-8B023739F3BF->b50d6464-f54a-40d1-9f81-f1c19654fd05@group-1F53027F28E3, cid=1250, SUCCESS, logIndex=1784, commits[b50d6464-f54a-40d1-9f81-f1c19654fd05:c1786]
2019-09-12 09:26:07,610 [SCMBlockDeletingService#0] DEBUG block.SCMBlockDeletingService (SCMBlockDeletingService.java:call(138)) - Running DeletedBlockTransactionScanner
2019-09-12 09:26:07,611 [SCMBlockDeletingService#0] DEBUG block.SCMBlockDeletingService (SCMBlockDeletingService.java:call(155)) - Scanned deleted blocks log and got 0 delTX to process.
2019-09-12 09:26:07,611 [grpc-default-executor-2] INFO  client.GrpcClientProtocolClient (GrpcClientProtocolClient.java:onNext(264)) - client-8B023739F3BF->b50d6464-f54a-40d1-9f81-f1c19654fd05: receive RaftClientReply:client-8B023739F3BF->b50d6464-f54a-40d1-9f81-f1c19654fd05@group-1F53027F28E3, cid=1251, SUCCESS, logIndex=1785, commits[b50d6464-f54a-40d1-9f81-f1c19654fd05:c1788]
2019-09-12 09:26:07,614 [grpc-default-executor-2] INFO  client.GrpcClientProtocolClient (GrpcClientProtocolClient.java:onNext(264)) - client-8B023739F3BF->b50d6464-f54a-40d1-9f81-f1c19654fd05: receive RaftClientReply:client-8B023739F3BF->b50d6464-f54a-40d1-9f81-f1c19654fd05@group-1F53027F28E3, cid=1252, SUCCESS, logIndex=1786, commits[b50d6464-f54a-40d1-9f81-f1c19654fd05:c1788]
2019-09-12 09:26:07,705 [grpc-default-executor-2] INFO  client.GrpcClientProtocolClient (GrpcClientProtocolClient.java:onNext(264)) - client-8B023739F3BF->b50d6464-f54a-40d1-9f81-f1c19654fd05: receive RaftClientReply:client-8B023739F3BF->b50d6464-f54a-40d1-9f81-f1c19654fd05@group-1F53027F28E3, cid=1253, SUCCESS, logIndex=1789, commits[b50d6464-f54a-40d1-9f81-f1c19654fd05:c1790]
2019-09-12 09:26:07,706 [grpc-default-executor-2] INFO  client.GrpcClientProtocolClient (GrpcClientProtocolClient.java:onNext(264)) - client-8B023739F3BF->b50d6464-f54a-40d1-9f81-f1c19654fd05: receive RaftClientReply:client-8B023739F3BF->b50d6464-f54a-40d1-9f81-f1c19654fd05@group-1F53027F28E3, cid=1254, SUCCESS, logIndex=1790, commits[b50d6464-f54a-40d1-9f81-f1c19654fd05:c1792]
2019-09-12 09:26:07,706 [grpc-default-executor-2] INFO  client.GrpcClientProtocolClient (GrpcClientProtocolClient.java:onNext(264)) - client-8B023739F3BF->b50d6464-f54a-40d1-9f81-f1c19654fd05: receive RaftClientReply:client-8B023739F3BF->b50d6464-f54a-40d1-9f81-f1c19654fd05@group-1F53027F28E3, cid=1255, SUCCESS, logIndex=1791, commits[b50d6464-f54a-40d1-9f81-f1c19654fd05:c1793]
2019-09-12 09:26:07,706 [grpc-default-executor-2] INFO  client.GrpcClientProtocolClient (GrpcClientProtocolClient.java:onNext(264)) - client-8B023739F3BF->b50d6464-f54a-40d1-9f81-f1c19654fd05: receive RaftClientReply:client-8B023739F3BF->b50d6464-f54a-40d1-9f81-f1c19654fd05@group-1F53027F28E3, cid=1256, SUCCESS, logIndex=1792, commits[b50d6464-f54a-40d1-9f81-f1c19654fd05:c1793]
2019-09-12 09:26:07,711 [SCMBlockDeletingService#0] DEBUG block.SCMBlockDeletingService (SCMBlockDeletingService.java:call(138)) - Running DeletedBlockTransactionScanner
2019-09-12 09:26:07,711 [SCMBlockDeletingService#0] DEBUG block.SCMBlockDeletingService (SCMBlockDeletingService.java:call(155)) - Scanned deleted blocks log and got 0 delTX to process.
2019-09-12 09:26:07,733 [grpc-default-executor-2] INFO  client.GrpcClientProtocolClient (GrpcClientProtocolClient.java:onNext(264)) - client-8B023739F3BF->b50d6464-f54a-40d1-9f81-f1c19654fd05: receive RaftClientReply:client-8B023739F3BF->b50d6464-f54a-40d1-9f81-f1c19654fd05@group-1F53027F28E3, cid=1257, SUCCESS, logIndex=1795, commits[b50d6464-f54a-40d1-9f81-f1c19654fd05:c1798]
2019-09-12 09:26:07,734 [grpc-default-executor-2] INFO  client.GrpcClientProtocolClient (GrpcClientProtocolClient.java:onNext(264)) - client-8B023739F3BF->b50d6464-f54a-40d1-9f81-f1c19654fd05: receive RaftClientReply:client-8B023739F3BF->b50d6464-f54a-40d1-9f81-f1c19654fd05@group-1F53027F28E3, cid=1258, SUCCESS, logIndex=1796, commits[b50d6464-f54a-40d1-9f81-f1c19654fd05:c1798]
2019-09-12 09:26:07,734 [grpc-default-executor-2] INFO  client.GrpcClientProtocolClient (GrpcClientProtocolClient.java:onNext(264)) - client-8B023739F3BF->b50d6464-f54a-40d1-9f81-f1c19654fd05: receive RaftClientReply:client-8B023739F3BF->b50d6464-f54a-40d1-9f81-f1c19654fd05@group-1F53027F28E3, cid=1259, SUCCESS, logIndex=1797, commits[b50d6464-f54a-40d1-9f81-f1c19654fd05:c1799]
2019-09-12 09:26:07,734 [grpc-default-executor-2] INFO  client.GrpcClientProtocolClient (GrpcClientProtocolClient.java:onNext(264)) - client-8B023739F3BF->b50d6464-f54a-40d1-9f81-f1c19654fd05: receive RaftClientReply:client-8B023739F3BF->b50d6464-f54a-40d1-9f81-f1c19654fd05@group-1F53027F28E3, cid=1260, SUCCESS, logIndex=1798, commits[b50d6464-f54a-40d1-9f81-f1c19654fd05:c1800]
2019-09-12 09:26:07,755 [grpc-default-executor-2] INFO  client.GrpcClientProtocolClient (GrpcClientProtocolClient.java:onNext(264)) - client-8B023739F3BF->b50d6464-f54a-40d1-9f81-f1c19654fd05: receive RaftClientReply:client-8B023739F3BF->b50d6464-f54a-40d1-9f81-f1c19654fd05@group-1F53027F28E3, cid=1261, SUCCESS, logIndex=1801, commits[b50d6464-f54a-40d1-9f81-f1c19654fd05:c1802]
2019-09-12 09:26:07,755 [grpc-default-executor-2] INFO  client.GrpcClientProtocolClient (GrpcClientProtocolClient.java:onNext(264)) - client-8B023739F3BF->b50d6464-f54a-40d1-9f81-f1c19654fd05: receive RaftClientReply:client-8B023739F3BF->b50d6464-f54a-40d1-9f81-f1c19654fd05@group-1F53027F28E3, cid=1262, SUCCESS, logIndex=1802, commits[b50d6464-f54a-40d1-9f81-f1c19654fd05:c1802]
2019-09-12 09:26:07,756 [grpc-default-executor-2] INFO  client.GrpcClientProtocolClient (GrpcClientProtocolClient.java:onNext(264)) - client-8B023739F3BF->b50d6464-f54a-40d1-9f81-f1c19654fd05: receive RaftClientReply:client-8B023739F3BF->b50d6464-f54a-40d1-9f81-f1c19654fd05@group-1F53027F28E3, cid=1263, SUCCESS, logIndex=1803, commits[b50d6464-f54a-40d1-9f81-f1c19654fd05:c1804]
2019-09-12 09:26:07,756 [grpc-default-executor-2] INFO  client.GrpcClientProtocolClient (GrpcClientProtocolClient.java:onNext(264)) - client-8B023739F3BF->b50d6464-f54a-40d1-9f81-f1c19654fd05: receive RaftClientReply:client-8B023739F3BF->b50d6464-f54a-40d1-9f81-f1c19654fd05@group-1F53027F28E3, cid=1264, SUCCESS, logIndex=1804, commits[b50d6464-f54a-40d1-9f81-f1c19654fd05:c1805]
2019-09-12 09:26:07,785 [grpc-default-executor-2] INFO  client.GrpcClientProtocolClient (GrpcClientProtocolClient.java:onNext(264)) - client-8B023739F3BF->b50d6464-f54a-40d1-9f81-f1c19654fd05: receive RaftClientReply:client-8B023739F3BF->b50d6464-f54a-40d1-9f81-f1c19654fd05@group-1F53027F28E3, cid=1265, SUCCESS, logIndex=1807, commits[b50d6464-f54a-40d1-9f81-f1c19654fd05:c1810]
2019-09-12 09:26:07,786 [grpc-default-executor-2] INFO  client.GrpcClientProtocolClient (GrpcClientProtocolClient.java:onNext(264)) - client-8B023739F3BF->b50d6464-f54a-40d1-9f81-f1c19654fd05: receive RaftClientReply:client-8B023739F3BF->b50d6464-f54a-40d1-9f81-f1c19654fd05@group-1F53027F28E3, cid=1266, SUCCESS, logIndex=1808, commits[b50d6464-f54a-40d1-9f81-f1c19654fd05:c1811]
2019-09-12 09:26:07,786 [grpc-default-executor-2] INFO  client.GrpcClientProtocolClient (GrpcClientProtocolClient.java:onNext(264)) - client-8B023739F3BF->b50d6464-f54a-40d1-9f81-f1c19654fd05: receive RaftClientReply:client-8B023739F3BF->b50d6464-f54a-40d1-9f81-f1c19654fd05@group-1F53027F28E3, cid=1267, SUCCESS, logIndex=1809, commits[b50d6464-f54a-40d1-9f81-f1c19654fd05:c1811]
2019-09-12 09:26:07,787 [grpc-default-executor-2] INFO  client.GrpcClientProtocolClient (GrpcClientProtocolClient.java:onNext(264)) - client-8B023739F3BF->b50d6464-f54a-40d1-9f81-f1c19654fd05: receive RaftClientReply:client-8B023739F3BF->b50d6464-f54a-40d1-9f81-f1c19654fd05@group-1F53027F28E3, cid=1268, SUCCESS, logIndex=1810, commits[b50d6464-f54a-40d1-9f81-f1c19654fd05:c1811]
2019-09-12 09:26:07,805 [grpc-default-executor-2] INFO  client.GrpcClientProtocolClient (GrpcClientProtocolClient.java:onNext(264)) - client-8B023739F3BF->b50d6464-f54a-40d1-9f81-f1c19654fd05: receive RaftClientReply:client-8B023739F3BF->b50d6464-f54a-40d1-9f81-f1c19654fd05@group-1F53027F28E3, cid=1269, SUCCESS, logIndex=1812, commits[b50d6464-f54a-40d1-9f81-f1c19654fd05:c1815]
2019-09-12 09:26:07,806 [grpc-default-executor-2] INFO  client.GrpcClientProtocolClient (GrpcClientProtocolClient.java:onNext(264)) - client-8B023739F3BF->b50d6464-f54a-40d1-9f81-f1c19654fd05: receive RaftClientReply:client-8B023739F3BF->b50d6464-f54a-40d1-9f81-f1c19654fd05@group-1F53027F28E3, cid=1270, SUCCESS, logIndex=1813, commits[b50d6464-f54a-40d1-9f81-f1c19654fd05:c1815]
2019-09-12 09:26:07,806 [grpc-default-executor-2] INFO  client.GrpcClientProtocolClient (GrpcClientProtocolClient.java:onNext(264)) - client-8B023739F3BF->b50d6464-f54a-40d1-9f81-f1c19654fd05: receive RaftClientReply:client-8B023739F3BF->b50d6464-f54a-40d1-9f81-f1c19654fd05@group-1F53027F28E3, cid=1271, SUCCESS, logIndex=1814, commits[b50d6464-f54a-40d1-9f81-f1c19654fd05:c1816]
2019-09-12 09:26:07,807 [grpc-default-executor-2] INFO  client.GrpcClientProtocolClient (GrpcClientProtocolClient.java:onNext(264)) - client-8B023739F3BF->b50d6464-f54a-40d1-9f81-f1c19654fd05: receive RaftClientReply:client-8B023739F3BF->b50d6464-f54a-40d1-9f81-f1c19654fd05@group-1F53027F28E3, cid=1272, SUCCESS, logIndex=1815, commits[b50d6464-f54a-40d1-9f81-f1c19654fd05:c1817]
2019-09-12 09:26:07,812 [SCMBlockDeletingService#0] DEBUG block.SCMBlockDeletingService (SCMBlockDeletingService.java:call(138)) - Running DeletedBlockTransactionScanner
2019-09-12 09:26:07,812 [SCMBlockDeletingService#0] DEBUG block.SCMBlockDeletingService (SCMBlockDeletingService.java:call(155)) - Scanned deleted blocks log and got 0 delTX to process.
2019-09-12 09:26:07,833 [grpc-default-executor-2] INFO  client.GrpcClientProtocolClient (GrpcClientProtocolClient.java:onNext(264)) - client-8B023739F3BF->b50d6464-f54a-40d1-9f81-f1c19654fd05: receive RaftClientReply:client-8B023739F3BF->b50d6464-f54a-40d1-9f81-f1c19654fd05@group-1F53027F28E3, cid=1273, SUCCESS, logIndex=1818, commits[b50d6464-f54a-40d1-9f81-f1c19654fd05:c1819]
2019-09-12 09:26:07,833 [grpc-default-executor-2] INFO  client.GrpcClientProtocolClient (GrpcClientProtocolClient.java:onNext(264)) - client-8B023739F3BF->b50d6464-f54a-40d1-9f81-f1c19654fd05: receive RaftClientReply:client-8B023739F3BF->b50d6464-f54a-40d1-9f81-f1c19654fd05@group-1F53027F28E3, cid=1274, SUCCESS, logIndex=1819, commits[b50d6464-f54a-40d1-9f81-f1c19654fd05:c1819]
2019-09-12 09:26:07,833 [grpc-default-executor-2] INFO  client.GrpcClientProtocolClient (GrpcClientProtocolClient.java:onNext(264)) - client-8B023739F3BF->b50d6464-f54a-40d1-9f81-f1c19654fd05: receive RaftClientReply:client-8B023739F3BF->b50d6464-f54a-40d1-9f81-f1c19654fd05@group-1F53027F28E3, cid=1275, SUCCESS, logIndex=1820, commits[b50d6464-f54a-40d1-9f81-f1c19654fd05:c1821]
2019-09-12 09:26:07,834 [grpc-default-executor-2] INFO  client.GrpcClientProtocolClient (GrpcClientProtocolClient.java:onNext(264)) - client-8B023739F3BF->b50d6464-f54a-40d1-9f81-f1c19654fd05: receive RaftClientReply:client-8B023739F3BF->b50d6464-f54a-40d1-9f81-f1c19654fd05@group-1F53027F28E3, cid=1276, SUCCESS, logIndex=1821, commits[b50d6464-f54a-40d1-9f81-f1c19654fd05:c1822]
2019-09-12 09:26:07,852 [grpc-default-executor-1] INFO  client.GrpcClientProtocolClient (GrpcClientProtocolClient.java:onNext(264)) - client-8B023739F3BF->b50d6464-f54a-40d1-9f81-f1c19654fd05: receive RaftClientReply:client-8B023739F3BF->b50d6464-f54a-40d1-9f81-f1c19654fd05@group-1F53027F28E3, cid=1277, SUCCESS, logIndex=1824, commits[b50d6464-f54a-40d1-9f81-f1c19654fd05:c1825]
2019-09-12 09:26:07,852 [grpc-default-executor-1] INFO  client.GrpcClientProtocolClient (GrpcClientProtocolClient.java:onNext(264)) - client-8B023739F3BF->b50d6464-f54a-40d1-9f81-f1c19654fd05: receive RaftClientReply:client-8B023739F3BF->b50d6464-f54a-40d1-9f81-f1c19654fd05@group-1F53027F28E3, cid=1278, SUCCESS, logIndex=1825, commits[b50d6464-f54a-40d1-9f81-f1c19654fd05:c1825]
2019-09-12 09:26:07,853 [grpc-default-executor-1] INFO  client.GrpcClientProtocolClient (GrpcClientProtocolClient.java:onNext(264)) - client-8B023739F3BF->b50d6464-f54a-40d1-9f81-f1c19654fd05: receive RaftClientReply:client-8B023739F3BF->b50d6464-f54a-40d1-9f81-f1c19654fd05@group-1F53027F28E3, cid=1279, SUCCESS, logIndex=1826, commits[b50d6464-f54a-40d1-9f81-f1c19654fd05:c1827]
2019-09-12 09:26:07,853 [grpc-default-executor-1] INFO  client.GrpcClientProtocolClient (GrpcClientProtocolClient.java:onNext(264)) - client-8B023739F3BF->b50d6464-f54a-40d1-9f81-f1c19654fd05: receive RaftClientReply:client-8B023739F3BF->b50d6464-f54a-40d1-9f81-f1c19654fd05@group-1F53027F28E3, cid=1280, SUCCESS, logIndex=1827, commits[b50d6464-f54a-40d1-9f81-f1c19654fd05:c1827]
2019-09-12 09:26:07,880 [grpc-default-executor-2] INFO  client.GrpcClientProtocolClient (GrpcClientProtocolClient.java:onNext(264)) - client-8B023739F3BF->b50d6464-f54a-40d1-9f81-f1c19654fd05: receive RaftClientReply:client-8B023739F3BF->b50d6464-f54a-40d1-9f81-f1c19654fd05@group-1F53027F28E3, cid=1281, SUCCESS, logIndex=1830, commits[b50d6464-f54a-40d1-9f81-f1c19654fd05:c1832]
2019-09-12 09:26:07,881 [grpc-default-executor-2] INFO  client.GrpcClientProtocolClient (GrpcClientProtocolClient.java:onNext(264)) - client-8B023739F3BF->b50d6464-f54a-40d1-9f81-f1c19654fd05: receive RaftClientReply:client-8B023739F3BF->b50d6464-f54a-40d1-9f81-f1c19654fd05@group-1F53027F28E3, cid=1282, SUCCESS, logIndex=1831, commits[b50d6464-f54a-40d1-9f81-f1c19654fd05:c1832]
2019-09-12 09:26:07,913 [SCMBlockDeletingService#0] DEBUG block.SCMBlockDeletingService (SCMBlockDeletingService.java:call(138)) - Running DeletedBlockTransactionScanner
2019-09-12 09:26:07,913 [SCMBlockDeletingService#0] DEBUG block.SCMBlockDeletingService (SCMBlockDeletingService.java:call(155)) - Scanned deleted blocks log and got 0 delTX to process.
2019-09-12 09:26:07,965 [grpc-default-executor-1] INFO  client.GrpcClientProtocolClient (GrpcClientProtocolClient.java:onNext(264)) - client-8B023739F3BF->b50d6464-f54a-40d1-9f81-f1c19654fd05: receive RaftClientReply:client-8B023739F3BF->b50d6464-f54a-40d1-9f81-f1c19654fd05@group-1F53027F28E3, cid=1283, SUCCESS, logIndex=1833, commits[b50d6464-f54a-40d1-9f81-f1c19654fd05:c1834]
2019-09-12 09:26:07,965 [grpc-default-executor-1] INFO  client.GrpcClientProtocolClient (GrpcClientProtocolClient.java:onNext(264)) - client-8B023739F3BF->b50d6464-f54a-40d1-9f81-f1c19654fd05: receive RaftClientReply:client-8B023739F3BF->b50d6464-f54a-40d1-9f81-f1c19654fd05@group-1F53027F28E3, cid=1284, SUCCESS, logIndex=1834, commits[b50d6464-f54a-40d1-9f81-f1c19654fd05:c1835]
2019-09-12 09:26:07,988 [grpc-default-executor-1] INFO  client.GrpcClientProtocolClient (GrpcClientProtocolClient.java:onNext(264)) - client-8B023739F3BF->b50d6464-f54a-40d1-9f81-f1c19654fd05: receive RaftClientReply:client-8B023739F3BF->b50d6464-f54a-40d1-9f81-f1c19654fd05@group-1F53027F28E3, cid=1285, SUCCESS, logIndex=1836, commits[b50d6464-f54a-40d1-9f81-f1c19654fd05:c1839]
2019-09-12 09:26:07,988 [grpc-default-executor-1] INFO  client.GrpcClientProtocolClient (GrpcClientProtocolClient.java:onNext(264)) - client-8B023739F3BF->b50d6464-f54a-40d1-9f81-f1c19654fd05: receive RaftClientReply:client-8B023739F3BF->b50d6464-f54a-40d1-9f81-f1c19654fd05@group-1F53027F28E3, cid=1286, SUCCESS, logIndex=1837, commits[b50d6464-f54a-40d1-9f81-f1c19654fd05:c1840]
2019-09-12 09:26:07,989 [grpc-default-executor-1] INFO  client.GrpcClientProtocolClient (GrpcClientProtocolClient.java:onNext(264)) - client-8B023739F3BF->b50d6464-f54a-40d1-9f81-f1c19654fd05: receive RaftClientReply:client-8B023739F3BF->b50d6464-f54a-40d1-9f81-f1c19654fd05@group-1F53027F28E3, cid=1287, SUCCESS, logIndex=1838, commits[b50d6464-f54a-40d1-9f81-f1c19654fd05:c1840]
2019-09-12 09:26:07,989 [grpc-default-executor-1] INFO  client.GrpcClientProtocolClient (GrpcClientProtocolClient.java:onNext(264)) - client-8B023739F3BF->b50d6464-f54a-40d1-9f81-f1c19654fd05: receive RaftClientReply:client-8B023739F3BF->b50d6464-f54a-40d1-9f81-f1c19654fd05@group-1F53027F28E3, cid=1288, SUCCESS, logIndex=1839, commits[b50d6464-f54a-40d1-9f81-f1c19654fd05:c1840]
2019-09-12 09:26:08,013 [SCMBlockDeletingService#0] DEBUG block.SCMBlockDeletingService (SCMBlockDeletingService.java:call(138)) - Running DeletedBlockTransactionScanner
2019-09-12 09:26:08,014 [SCMBlockDeletingService#0] DEBUG block.SCMBlockDeletingService (SCMBlockDeletingService.java:call(155)) - Scanned deleted blocks log and got 0 delTX to process.
2019-09-12 09:26:08,016 [grpc-default-executor-2] INFO  client.GrpcClientProtocolClient (GrpcClientProtocolClient.java:onNext(264)) - client-8B023739F3BF->b50d6464-f54a-40d1-9f81-f1c19654fd05: receive RaftClientReply:client-8B023739F3BF->b50d6464-f54a-40d1-9f81-f1c19654fd05@group-1F53027F28E3, cid=1289, SUCCESS, logIndex=1841, commits[b50d6464-f54a-40d1-9f81-f1c19654fd05:c1844]
2019-09-12 09:26:08,017 [grpc-default-executor-2] INFO  client.GrpcClientProtocolClient (GrpcClientProtocolClient.java:onNext(264)) - client-8B023739F3BF->b50d6464-f54a-40d1-9f81-f1c19654fd05: receive RaftClientReply:client-8B023739F3BF->b50d6464-f54a-40d1-9f81-f1c19654fd05@group-1F53027F28E3, cid=1290, SUCCESS, logIndex=1842, commits[b50d6464-f54a-40d1-9f81-f1c19654fd05:c1844]
2019-09-12 09:26:08,017 [grpc-default-executor-2] INFO  client.GrpcClientProtocolClient (GrpcClientProtocolClient.java:onNext(264)) - client-8B023739F3BF->b50d6464-f54a-40d1-9f81-f1c19654fd05: receive RaftClientReply:client-8B023739F3BF->b50d6464-f54a-40d1-9f81-f1c19654fd05@group-1F53027F28E3, cid=1291, SUCCESS, logIndex=1843, commits[b50d6464-f54a-40d1-9f81-f1c19654fd05:c1845]
2019-09-12 09:26:08,017 [grpc-default-executor-2] INFO  client.GrpcClientProtocolClient (GrpcClientProtocolClient.java:onNext(264)) - client-8B023739F3BF->b50d6464-f54a-40d1-9f81-f1c19654fd05: receive RaftClientReply:client-8B023739F3BF->b50d6464-f54a-40d1-9f81-f1c19654fd05@group-1F53027F28E3, cid=1292, SUCCESS, logIndex=1844, commits[b50d6464-f54a-40d1-9f81-f1c19654fd05:c1846]
2019-09-12 09:26:08,042 [grpc-default-executor-1] INFO  client.GrpcClientProtocolClient (GrpcClientProtocolClient.java:onNext(264)) - client-8B023739F3BF->b50d6464-f54a-40d1-9f81-f1c19654fd05: receive RaftClientReply:client-8B023739F3BF->b50d6464-f54a-40d1-9f81-f1c19654fd05@group-1F53027F28E3, cid=1293, SUCCESS, logIndex=1847, commits[b50d6464-f54a-40d1-9f81-f1c19654fd05:c1848]
2019-09-12 09:26:08,042 [grpc-default-executor-1] INFO  client.GrpcClientProtocolClient (GrpcClientProtocolClient.java:onNext(264)) - client-8B023739F3BF->b50d6464-f54a-40d1-9f81-f1c19654fd05: receive RaftClientReply:client-8B023739F3BF->b50d6464-f54a-40d1-9f81-f1c19654fd05@group-1F53027F28E3, cid=1294, SUCCESS, logIndex=1848, commits[b50d6464-f54a-40d1-9f81-f1c19654fd05:c1850]
2019-09-12 09:26:08,043 [grpc-default-executor-1] INFO  client.GrpcClientProtocolClient (GrpcClientProtocolClient.java:onNext(264)) - client-8B023739F3BF->b50d6464-f54a-40d1-9f81-f1c19654fd05: receive RaftClientReply:client-8B023739F3BF->b50d6464-f54a-40d1-9f81-f1c19654fd05@group-1F53027F28E3, cid=1295, SUCCESS, logIndex=1849, commits[b50d6464-f54a-40d1-9f81-f1c19654fd05:c1851]
2019-09-12 09:26:08,043 [grpc-default-executor-1] INFO  client.GrpcClientProtocolClient (GrpcClientProtocolClient.java:onNext(264)) - client-8B023739F3BF->b50d6464-f54a-40d1-9f81-f1c19654fd05: receive RaftClientReply:client-8B023739F3BF->b50d6464-f54a-40d1-9f81-f1c19654fd05@group-1F53027F28E3, cid=1296, SUCCESS, logIndex=1850, commits[b50d6464-f54a-40d1-9f81-f1c19654fd05:c1852]
2019-09-12 09:26:08,069 [grpc-default-executor-2] INFO  client.GrpcClientProtocolClient (GrpcClientProtocolClient.java:onNext(264)) - client-8B023739F3BF->b50d6464-f54a-40d1-9f81-f1c19654fd05: receive RaftClientReply:client-8B023739F3BF->b50d6464-f54a-40d1-9f81-f1c19654fd05@group-1F53027F28E3, cid=1297, SUCCESS, logIndex=1853, commits[b50d6464-f54a-40d1-9f81-f1c19654fd05:c1854]
2019-09-12 09:26:08,069 [grpc-default-executor-2] INFO  client.GrpcClientProtocolClient (GrpcClientProtocolClient.java:onNext(264)) - client-8B023739F3BF->b50d6464-f54a-40d1-9f81-f1c19654fd05: receive RaftClientReply:client-8B023739F3BF->b50d6464-f54a-40d1-9f81-f1c19654fd05@group-1F53027F28E3, cid=1298, SUCCESS, logIndex=1854, commits[b50d6464-f54a-40d1-9f81-f1c19654fd05:c1856]
2019-09-12 09:26:08,069 [grpc-default-executor-2] INFO  client.GrpcClientProtocolClient (GrpcClientProtocolClient.java:onNext(264)) - client-8B023739F3BF->b50d6464-f54a-40d1-9f81-f1c19654fd05: receive RaftClientReply:client-8B023739F3BF->b50d6464-f54a-40d1-9f81-f1c19654fd05@group-1F53027F28E3, cid=1299, SUCCESS, logIndex=1855, commits[b50d6464-f54a-40d1-9f81-f1c19654fd05:c1857]
2019-09-12 09:26:08,070 [grpc-default-executor-2] INFO  client.GrpcClientProtocolClient (GrpcClientProtocolClient.java:onNext(264)) - client-8B023739F3BF->b50d6464-f54a-40d1-9f81-f1c19654fd05: receive RaftClientReply:client-8B023739F3BF->b50d6464-f54a-40d1-9f81-f1c19654fd05@group-1F53027F28E3, cid=1300, SUCCESS, logIndex=1856, commits[b50d6464-f54a-40d1-9f81-f1c19654fd05:c1858]
2019-09-12 09:26:08,091 [grpc-default-executor-1] INFO  client.GrpcClientProtocolClient (GrpcClientProtocolClient.java:onNext(264)) - client-8B023739F3BF->b50d6464-f54a-40d1-9f81-f1c19654fd05: receive RaftClientReply:client-8B023739F3BF->b50d6464-f54a-40d1-9f81-f1c19654fd05@group-1F53027F28E3, cid=1301, SUCCESS, logIndex=1859, commits[b50d6464-f54a-40d1-9f81-f1c19654fd05:c1862]
2019-09-12 09:26:08,092 [grpc-default-executor-1] INFO  client.GrpcClientProtocolClient (GrpcClientProtocolClient.java:onNext(264)) - client-8B023739F3BF->b50d6464-f54a-40d1-9f81-f1c19654fd05: receive RaftClientReply:client-8B023739F3BF->b50d6464-f54a-40d1-9f81-f1c19654fd05@group-1F53027F28E3, cid=1302, SUCCESS, logIndex=1860, commits[b50d6464-f54a-40d1-9f81-f1c19654fd05:c1863]
2019-09-12 09:26:08,092 [grpc-default-executor-1] INFO  client.GrpcClientProtocolClient (GrpcClientProtocolClient.java:onNext(264)) - client-8B023739F3BF->b50d6464-f54a-40d1-9f81-f1c19654fd05: receive RaftClientReply:client-8B023739F3BF->b50d6464-f54a-40d1-9f81-f1c19654fd05@group-1F53027F28E3, cid=1303, SUCCESS, logIndex=1861, commits[b50d6464-f54a-40d1-9f81-f1c19654fd05:c1863]
2019-09-12 09:26:08,092 [grpc-default-executor-1] INFO  client.GrpcClientProtocolClient (GrpcClientProtocolClient.java:onNext(264)) - client-8B023739F3BF->b50d6464-f54a-40d1-9f81-f1c19654fd05: receive RaftClientReply:client-8B023739F3BF->b50d6464-f54a-40d1-9f81-f1c19654fd05@group-1F53027F28E3, cid=1304, SUCCESS, logIndex=1862, commits[b50d6464-f54a-40d1-9f81-f1c19654fd05:c1863]
2019-09-12 09:26:08,114 [SCMBlockDeletingService#0] DEBUG block.SCMBlockDeletingService (SCMBlockDeletingService.java:call(138)) - Running DeletedBlockTransactionScanner
2019-09-12 09:26:08,114 [SCMBlockDeletingService#0] DEBUG block.SCMBlockDeletingService (SCMBlockDeletingService.java:call(155)) - Scanned deleted blocks log and got 0 delTX to process.
2019-09-12 09:26:08,118 [grpc-default-executor-1] INFO  client.GrpcClientProtocolClient (GrpcClientProtocolClient.java:onNext(264)) - client-8B023739F3BF->b50d6464-f54a-40d1-9f81-f1c19654fd05: receive RaftClientReply:client-8B023739F3BF->b50d6464-f54a-40d1-9f81-f1c19654fd05@group-1F53027F28E3, cid=1305, SUCCESS, logIndex=1864, commits[b50d6464-f54a-40d1-9f81-f1c19654fd05:c1865]
2019-09-12 09:26:08,119 [grpc-default-executor-1] INFO  client.GrpcClientProtocolClient (GrpcClientProtocolClient.java:onNext(264)) - client-8B023739F3BF->b50d6464-f54a-40d1-9f81-f1c19654fd05: receive RaftClientReply:client-8B023739F3BF->b50d6464-f54a-40d1-9f81-f1c19654fd05@group-1F53027F28E3, cid=1306, SUCCESS, logIndex=1865, commits[b50d6464-f54a-40d1-9f81-f1c19654fd05:c1867]
2019-09-12 09:26:08,119 [grpc-default-executor-1] INFO  client.GrpcClientProtocolClient (GrpcClientProtocolClient.java:onNext(264)) - client-8B023739F3BF->b50d6464-f54a-40d1-9f81-f1c19654fd05: receive RaftClientReply:client-8B023739F3BF->b50d6464-f54a-40d1-9f81-f1c19654fd05@group-1F53027F28E3, cid=1307, SUCCESS, logIndex=1866, commits[b50d6464-f54a-40d1-9f81-f1c19654fd05:c1868]
2019-09-12 09:26:08,120 [grpc-default-executor-1] INFO  client.GrpcClientProtocolClient (GrpcClientProtocolClient.java:onNext(264)) - client-8B023739F3BF->b50d6464-f54a-40d1-9f81-f1c19654fd05: receive RaftClientReply:client-8B023739F3BF->b50d6464-f54a-40d1-9f81-f1c19654fd05@group-1F53027F28E3, cid=1308, SUCCESS, logIndex=1867, commits[b50d6464-f54a-40d1-9f81-f1c19654fd05:c1869]
2019-09-12 09:26:08,141 [grpc-default-executor-1] INFO  client.GrpcClientProtocolClient (GrpcClientProtocolClient.java:onNext(264)) - client-8B023739F3BF->b50d6464-f54a-40d1-9f81-f1c19654fd05: receive RaftClientReply:client-8B023739F3BF->b50d6464-f54a-40d1-9f81-f1c19654fd05@group-1F53027F28E3, cid=1309, SUCCESS, logIndex=1870, commits[b50d6464-f54a-40d1-9f81-f1c19654fd05:c1873]
2019-09-12 09:26:08,141 [grpc-default-executor-1] INFO  client.GrpcClientProtocolClient (GrpcClientProtocolClient.java:onNext(264)) - client-8B023739F3BF->b50d6464-f54a-40d1-9f81-f1c19654fd05: receive RaftClientReply:client-8B023739F3BF->b50d6464-f54a-40d1-9f81-f1c19654fd05@group-1F53027F28E3, cid=1310, SUCCESS, logIndex=1871, commits[b50d6464-f54a-40d1-9f81-f1c19654fd05:c1874]
2019-09-12 09:26:08,141 [grpc-default-executor-1] INFO  client.GrpcClientProtocolClient (GrpcClientProtocolClient.java:onNext(264)) - client-8B023739F3BF->b50d6464-f54a-40d1-9f81-f1c19654fd05: receive RaftClientReply:client-8B023739F3BF->b50d6464-f54a-40d1-9f81-f1c19654fd05@group-1F53027F28E3, cid=1311, SUCCESS, logIndex=1872, commits[b50d6464-f54a-40d1-9f81-f1c19654fd05:c1874]
2019-09-12 09:26:08,142 [grpc-default-executor-1] INFO  client.GrpcClientProtocolClient (GrpcClientProtocolClient.java:onNext(264)) - client-8B023739F3BF->b50d6464-f54a-40d1-9f81-f1c19654fd05: receive RaftClientReply:client-8B023739F3BF->b50d6464-f54a-40d1-9f81-f1c19654fd05@group-1F53027F28E3, cid=1312, SUCCESS, logIndex=1873, commits[b50d6464-f54a-40d1-9f81-f1c19654fd05:c1874]
2019-09-12 09:26:08,167 [grpc-default-executor-1] INFO  client.GrpcClientProtocolClient (GrpcClientProtocolClient.java:onNext(264)) - client-8B023739F3BF->b50d6464-f54a-40d1-9f81-f1c19654fd05: receive RaftClientReply:client-8B023739F3BF->b50d6464-f54a-40d1-9f81-f1c19654fd05@group-1F53027F28E3, cid=1313, SUCCESS, logIndex=1875, commits[b50d6464-f54a-40d1-9f81-f1c19654fd05:c1878]
2019-09-12 09:26:08,168 [grpc-default-executor-1] INFO  client.GrpcClientProtocolClient (GrpcClientProtocolClient.java:onNext(264)) - client-8B023739F3BF->b50d6464-f54a-40d1-9f81-f1c19654fd05: receive RaftClientReply:client-8B023739F3BF->b50d6464-f54a-40d1-9f81-f1c19654fd05@group-1F53027F28E3, cid=1314, SUCCESS, logIndex=1876, commits[b50d6464-f54a-40d1-9f81-f1c19654fd05:c1879]
2019-09-12 09:26:08,168 [grpc-default-executor-1] INFO  client.GrpcClientProtocolClient (GrpcClientProtocolClient.java:onNext(264)) - client-8B023739F3BF->b50d6464-f54a-40d1-9f81-f1c19654fd05: receive RaftClientReply:client-8B023739F3BF->b50d6464-f54a-40d1-9f81-f1c19654fd05@group-1F53027F28E3, cid=1315, SUCCESS, logIndex=1877, commits[b50d6464-f54a-40d1-9f81-f1c19654fd05:c1879]
2019-09-12 09:26:08,168 [grpc-default-executor-1] INFO  client.GrpcClientProtocolClient (GrpcClientProtocolClient.java:onNext(264)) - client-8B023739F3BF->b50d6464-f54a-40d1-9f81-f1c19654fd05: receive RaftClientReply:client-8B023739F3BF->b50d6464-f54a-40d1-9f81-f1c19654fd05@group-1F53027F28E3, cid=1316, SUCCESS, logIndex=1878, commits[b50d6464-f54a-40d1-9f81-f1c19654fd05:c1879]
2019-09-12 09:26:08,189 [grpc-default-executor-1] INFO  client.GrpcClientProtocolClient (GrpcClientProtocolClient.java:onNext(264)) - client-8B023739F3BF->b50d6464-f54a-40d1-9f81-f1c19654fd05: receive RaftClientReply:client-8B023739F3BF->b50d6464-f54a-40d1-9f81-f1c19654fd05@group-1F53027F28E3, cid=1317, SUCCESS, logIndex=1880, commits[b50d6464-f54a-40d1-9f81-f1c19654fd05:c1883]
2019-09-12 09:26:08,189 [grpc-default-executor-1] INFO  client.GrpcClientProtocolClient (GrpcClientProtocolClient.java:onNext(264)) - client-8B023739F3BF->b50d6464-f54a-40d1-9f81-f1c19654fd05: receive RaftClientReply:client-8B023739F3BF->b50d6464-f54a-40d1-9f81-f1c19654fd05@group-1F53027F28E3, cid=1318, SUCCESS, logIndex=1881, commits[b50d6464-f54a-40d1-9f81-f1c19654fd05:c1883]
2019-09-12 09:26:08,189 [grpc-default-executor-1] INFO  client.GrpcClientProtocolClient (GrpcClientProtocolClient.java:onNext(264)) - client-8B023739F3BF->b50d6464-f54a-40d1-9f81-f1c19654fd05: receive RaftClientReply:client-8B023739F3BF->b50d6464-f54a-40d1-9f81-f1c19654fd05@group-1F53027F28E3, cid=1319, SUCCESS, logIndex=1882, commits[b50d6464-f54a-40d1-9f81-f1c19654fd05:c1883]
2019-09-12 09:26:08,190 [grpc-default-executor-1] INFO  client.GrpcClientProtocolClient (GrpcClientProtocolClient.java:onNext(264)) - client-8B023739F3BF->b50d6464-f54a-40d1-9f81-f1c19654fd05: receive RaftClientReply:client-8B023739F3BF->b50d6464-f54a-40d1-9f81-f1c19654fd05@group-1F53027F28E3, cid=1320, SUCCESS, logIndex=1883, commits[b50d6464-f54a-40d1-9f81-f1c19654fd05:c1884]
2019-09-12 09:26:08,214 [grpc-default-executor-1] INFO  client.GrpcClientProtocolClient (GrpcClientProtocolClient.java:onNext(264)) - client-8B023739F3BF->b50d6464-f54a-40d1-9f81-f1c19654fd05: receive RaftClientReply:client-8B023739F3BF->b50d6464-f54a-40d1-9f81-f1c19654fd05@group-1F53027F28E3, cid=1321, SUCCESS, logIndex=1885, commits[b50d6464-f54a-40d1-9f81-f1c19654fd05:c1886]
2019-09-12 09:26:08,215 [SCMBlockDeletingService#0] DEBUG block.SCMBlockDeletingService (SCMBlockDeletingService.java:call(138)) - Running DeletedBlockTransactionScanner
2019-09-12 09:26:08,215 [grpc-default-executor-1] INFO  client.GrpcClientProtocolClient (GrpcClientProtocolClient.java:onNext(264)) - client-8B023739F3BF->b50d6464-f54a-40d1-9f81-f1c19654fd05: receive RaftClientReply:client-8B023739F3BF->b50d6464-f54a-40d1-9f81-f1c19654fd05@group-1F53027F28E3, cid=1322, SUCCESS, logIndex=1886, commits[b50d6464-f54a-40d1-9f81-f1c19654fd05:c1888]
2019-09-12 09:26:08,215 [SCMBlockDeletingService#0] DEBUG block.SCMBlockDeletingService (SCMBlockDeletingService.java:call(155)) - Scanned deleted blocks log and got 0 delTX to process.
2019-09-12 09:26:08,215 [grpc-default-executor-1] INFO  client.GrpcClientProtocolClient (GrpcClientProtocolClient.java:onNext(264)) - client-8B023739F3BF->b50d6464-f54a-40d1-9f81-f1c19654fd05: receive RaftClientReply:client-8B023739F3BF->b50d6464-f54a-40d1-9f81-f1c19654fd05@group-1F53027F28E3, cid=1323, SUCCESS, logIndex=1887, commits[b50d6464-f54a-40d1-9f81-f1c19654fd05:c1888]
2019-09-12 09:26:08,216 [grpc-default-executor-1] INFO  client.GrpcClientProtocolClient (GrpcClientProtocolClient.java:onNext(264)) - client-8B023739F3BF->b50d6464-f54a-40d1-9f81-f1c19654fd05: receive RaftClientReply:client-8B023739F3BF->b50d6464-f54a-40d1-9f81-f1c19654fd05@group-1F53027F28E3, cid=1324, SUCCESS, logIndex=1888, commits[b50d6464-f54a-40d1-9f81-f1c19654fd05:c1889]
2019-09-12 09:26:08,234 [grpc-default-executor-2] INFO  client.GrpcClientProtocolClient (GrpcClientProtocolClient.java:onNext(264)) - client-8B023739F3BF->b50d6464-f54a-40d1-9f81-f1c19654fd05: receive RaftClientReply:client-8B023739F3BF->b50d6464-f54a-40d1-9f81-f1c19654fd05@group-1F53027F28E3, cid=1325, SUCCESS, logIndex=1891, commits[b50d6464-f54a-40d1-9f81-f1c19654fd05:c1892]
2019-09-12 09:26:08,234 [grpc-default-executor-2] INFO  client.GrpcClientProtocolClient (GrpcClientProtocolClient.java:onNext(264)) - client-8B023739F3BF->b50d6464-f54a-40d1-9f81-f1c19654fd05: receive RaftClientReply:client-8B023739F3BF->b50d6464-f54a-40d1-9f81-f1c19654fd05@group-1F53027F28E3, cid=1326, SUCCESS, logIndex=1892, commits[b50d6464-f54a-40d1-9f81-f1c19654fd05:c1893]
2019-09-12 09:26:08,367 [SCMBlockDeletingService#0] DEBUG block.SCMBlockDeletingService (SCMBlockDeletingService.java:call(138)) - Running DeletedBlockTransactionScanner
2019-09-12 09:26:08,367 [SCMBlockDeletingService#0] DEBUG block.SCMBlockDeletingService (SCMBlockDeletingService.java:call(155)) - Scanned deleted blocks log and got 0 delTX to process.
2019-09-12 09:26:08,396 [grpc-default-executor-1] INFO  client.GrpcClientProtocolClient (GrpcClientProtocolClient.java:onNext(264)) - client-8B023739F3BF->b50d6464-f54a-40d1-9f81-f1c19654fd05: receive RaftClientReply:client-8B023739F3BF->b50d6464-f54a-40d1-9f81-f1c19654fd05@group-1F53027F28E3, cid=1327, SUCCESS, logIndex=1894, commits[b50d6464-f54a-40d1-9f81-f1c19654fd05:c1895]
2019-09-12 09:26:08,397 [grpc-default-executor-1] INFO  client.GrpcClientProtocolClient (GrpcClientProtocolClient.java:onNext(264)) - client-8B023739F3BF->b50d6464-f54a-40d1-9f81-f1c19654fd05: receive RaftClientReply:client-8B023739F3BF->b50d6464-f54a-40d1-9f81-f1c19654fd05@group-1F53027F28E3, cid=1328, SUCCESS, logIndex=1895, commits[b50d6464-f54a-40d1-9f81-f1c19654fd05:c1896]
2019-09-12 09:26:08,425 [grpc-default-executor-2] INFO  client.GrpcClientProtocolClient (GrpcClientProtocolClient.java:onNext(264)) - client-8B023739F3BF->b50d6464-f54a-40d1-9f81-f1c19654fd05: receive RaftClientReply:client-8B023739F3BF->b50d6464-f54a-40d1-9f81-f1c19654fd05@group-1F53027F28E3, cid=1329, SUCCESS, logIndex=1897, commits[b50d6464-f54a-40d1-9f81-f1c19654fd05:c1898]
2019-09-12 09:26:08,426 [grpc-default-executor-2] INFO  client.GrpcClientProtocolClient (GrpcClientProtocolClient.java:onNext(264)) - client-8B023739F3BF->b50d6464-f54a-40d1-9f81-f1c19654fd05: receive RaftClientReply:client-8B023739F3BF->b50d6464-f54a-40d1-9f81-f1c19654fd05@group-1F53027F28E3, cid=1330, SUCCESS, logIndex=1898, commits[b50d6464-f54a-40d1-9f81-f1c19654fd05:c1900]
2019-09-12 09:26:08,426 [grpc-default-executor-2] INFO  client.GrpcClientProtocolClient (GrpcClientProtocolClient.java:onNext(264)) - client-8B023739F3BF->b50d6464-f54a-40d1-9f81-f1c19654fd05: receive RaftClientReply:client-8B023739F3BF->b50d6464-f54a-40d1-9f81-f1c19654fd05@group-1F53027F28E3, cid=1331, SUCCESS, logIndex=1899, commits[b50d6464-f54a-40d1-9f81-f1c19654fd05:c1901]
2019-09-12 09:26:08,427 [grpc-default-executor-2] INFO  client.GrpcClientProtocolClient (GrpcClientProtocolClient.java:onNext(264)) - client-8B023739F3BF->b50d6464-f54a-40d1-9f81-f1c19654fd05: receive RaftClientReply:client-8B023739F3BF->b50d6464-f54a-40d1-9f81-f1c19654fd05@group-1F53027F28E3, cid=1332, SUCCESS, logIndex=1900, commits[b50d6464-f54a-40d1-9f81-f1c19654fd05:c1902]
2019-09-12 09:26:08,446 [grpc-default-executor-1] INFO  client.GrpcClientProtocolClient (GrpcClientProtocolClient.java:onNext(264)) - client-8B023739F3BF->b50d6464-f54a-40d1-9f81-f1c19654fd05: receive RaftClientReply:client-8B023739F3BF->b50d6464-f54a-40d1-9f81-f1c19654fd05@group-1F53027F28E3, cid=1333, SUCCESS, logIndex=1903, commits[b50d6464-f54a-40d1-9f81-f1c19654fd05:c1904]
2019-09-12 09:26:08,446 [grpc-default-executor-1] INFO  client.GrpcClientProtocolClient (GrpcClientProtocolClient.java:onNext(264)) - client-8B023739F3BF->b50d6464-f54a-40d1-9f81-f1c19654fd05: receive RaftClientReply:client-8B023739F3BF->b50d6464-f54a-40d1-9f81-f1c19654fd05@group-1F53027F28E3, cid=1334, SUCCESS, logIndex=1904, commits[b50d6464-f54a-40d1-9f81-f1c19654fd05:c1904]
2019-09-12 09:26:08,454 [grpc-default-executor-1] INFO  client.GrpcClientProtocolClient (GrpcClientProtocolClient.java:onNext(264)) - client-8B023739F3BF->b50d6464-f54a-40d1-9f81-f1c19654fd05: receive RaftClientReply:client-8B023739F3BF->b50d6464-f54a-40d1-9f81-f1c19654fd05@group-1F53027F28E3, cid=1335, SUCCESS, logIndex=1905, commits[b50d6464-f54a-40d1-9f81-f1c19654fd05:c1906]
2019-09-12 09:26:08,455 [grpc-default-executor-1] INFO  client.GrpcClientProtocolClient (GrpcClientProtocolClient.java:onNext(264)) - client-8B023739F3BF->b50d6464-f54a-40d1-9f81-f1c19654fd05: receive RaftClientReply:client-8B023739F3BF->b50d6464-f54a-40d1-9f81-f1c19654fd05@group-1F53027F28E3, cid=1336, SUCCESS, logIndex=1906, commits[b50d6464-f54a-40d1-9f81-f1c19654fd05:c1907]
2019-09-12 09:26:08,467 [SCMBlockDeletingService#0] DEBUG block.SCMBlockDeletingService (SCMBlockDeletingService.java:call(138)) - Running DeletedBlockTransactionScanner
2019-09-12 09:26:08,468 [SCMBlockDeletingService#0] DEBUG block.SCMBlockDeletingService (SCMBlockDeletingService.java:call(155)) - Scanned deleted blocks log and got 0 delTX to process.
2019-09-12 09:26:08,483 [grpc-default-executor-2] INFO  client.GrpcClientProtocolClient (GrpcClientProtocolClient.java:onNext(264)) - client-8B023739F3BF->b50d6464-f54a-40d1-9f81-f1c19654fd05: receive RaftClientReply:client-8B023739F3BF->b50d6464-f54a-40d1-9f81-f1c19654fd05@group-1F53027F28E3, cid=1337, SUCCESS, logIndex=1909, commits[b50d6464-f54a-40d1-9f81-f1c19654fd05:c1912]
2019-09-12 09:26:08,484 [grpc-default-executor-2] INFO  client.GrpcClientProtocolClient (GrpcClientProtocolClient.java:onNext(264)) - client-8B023739F3BF->b50d6464-f54a-40d1-9f81-f1c19654fd05: receive RaftClientReply:client-8B023739F3BF->b50d6464-f54a-40d1-9f81-f1c19654fd05@group-1F53027F28E3, cid=1338, SUCCESS, logIndex=1910, commits[b50d6464-f54a-40d1-9f81-f1c19654fd05:c1913]
2019-09-12 09:26:08,484 [grpc-default-executor-2] INFO  client.GrpcClientProtocolClient (GrpcClientProtocolClient.java:onNext(264)) - client-8B023739F3BF->b50d6464-f54a-40d1-9f81-f1c19654fd05: receive RaftClientReply:client-8B023739F3BF->b50d6464-f54a-40d1-9f81-f1c19654fd05@group-1F53027F28E3, cid=1339, SUCCESS, logIndex=1911, commits[b50d6464-f54a-40d1-9f81-f1c19654fd05:c1913]
2019-09-12 09:26:08,485 [grpc-default-executor-2] INFO  client.GrpcClientProtocolClient (GrpcClientProtocolClient.java:onNext(264)) - client-8B023739F3BF->b50d6464-f54a-40d1-9f81-f1c19654fd05: receive RaftClientReply:client-8B023739F3BF->b50d6464-f54a-40d1-9f81-f1c19654fd05@group-1F53027F28E3, cid=1340, SUCCESS, logIndex=1912, commits[b50d6464-f54a-40d1-9f81-f1c19654fd05:c1913]
2019-09-12 09:26:08,508 [grpc-default-executor-1] INFO  client.GrpcClientProtocolClient (GrpcClientProtocolClient.java:onNext(264)) - client-8B023739F3BF->b50d6464-f54a-40d1-9f81-f1c19654fd05: receive RaftClientReply:client-8B023739F3BF->b50d6464-f54a-40d1-9f81-f1c19654fd05@group-1F53027F28E3, cid=1341, SUCCESS, logIndex=1914, commits[b50d6464-f54a-40d1-9f81-f1c19654fd05:c1917]
2019-09-12 09:26:08,508 [grpc-default-executor-1] INFO  client.GrpcClientProtocolClient (GrpcClientProtocolClient.java:onNext(264)) - client-8B023739F3BF->b50d6464-f54a-40d1-9f81-f1c19654fd05: receive RaftClientReply:client-8B023739F3BF->b50d6464-f54a-40d1-9f81-f1c19654fd05@group-1F53027F28E3, cid=1342, SUCCESS, logIndex=1915, commits[b50d6464-f54a-40d1-9f81-f1c19654fd05:c1918]
2019-09-12 09:26:08,509 [grpc-default-executor-1] INFO  client.GrpcClientProtocolClient (GrpcClientProtocolClient.java:onNext(264)) - client-8B023739F3BF->b50d6464-f54a-40d1-9f81-f1c19654fd05: receive RaftClientReply:client-8B023739F3BF->b50d6464-f54a-40d1-9f81-f1c19654fd05@group-1F53027F28E3, cid=1343, SUCCESS, logIndex=1916, commits[b50d6464-f54a-40d1-9f81-f1c19654fd05:c1918]
2019-09-12 09:26:08,509 [grpc-default-executor-1] INFO  client.GrpcClientProtocolClient (GrpcClientProtocolClient.java:onNext(264)) - client-8B023739F3BF->b50d6464-f54a-40d1-9f81-f1c19654fd05: receive RaftClientReply:client-8B023739F3BF->b50d6464-f54a-40d1-9f81-f1c19654fd05@group-1F53027F28E3, cid=1344, SUCCESS, logIndex=1917, commits[b50d6464-f54a-40d1-9f81-f1c19654fd05:c1918]
2019-09-12 09:26:08,537 [grpc-default-executor-1] INFO  client.GrpcClientProtocolClient (GrpcClientProtocolClient.java:onNext(264)) - client-8B023739F3BF->b50d6464-f54a-40d1-9f81-f1c19654fd05: receive RaftClientReply:client-8B023739F3BF->b50d6464-f54a-40d1-9f81-f1c19654fd05@group-1F53027F28E3, cid=1345, SUCCESS, logIndex=1919, commits[b50d6464-f54a-40d1-9f81-f1c19654fd05:c1922]
2019-09-12 09:26:08,538 [grpc-default-executor-1] INFO  client.GrpcClientProtocolClient (GrpcClientProtocolClient.java:onNext(264)) - client-8B023739F3BF->b50d6464-f54a-40d1-9f81-f1c19654fd05: receive RaftClientReply:client-8B023739F3BF->b50d6464-f54a-40d1-9f81-f1c19654fd05@group-1F53027F28E3, cid=1346, SUCCESS, logIndex=1920, commits[b50d6464-f54a-40d1-9f81-f1c19654fd05:c1923]
2019-09-12 09:26:08,538 [grpc-default-executor-1] INFO  client.GrpcClientProtocolClient (GrpcClientProtocolClient.java:onNext(264)) - client-8B023739F3BF->b50d6464-f54a-40d1-9f81-f1c19654fd05: receive RaftClientReply:client-8B023739F3BF->b50d6464-f54a-40d1-9f81-f1c19654fd05@group-1F53027F28E3, cid=1347, SUCCESS, logIndex=1921, commits[b50d6464-f54a-40d1-9f81-f1c19654fd05:c1923]
2019-09-12 09:26:08,539 [grpc-default-executor-1] INFO  client.GrpcClientProtocolClient (GrpcClientProtocolClient.java:onNext(264)) - client-8B023739F3BF->b50d6464-f54a-40d1-9f81-f1c19654fd05: receive RaftClientReply:client-8B023739F3BF->b50d6464-f54a-40d1-9f81-f1c19654fd05@group-1F53027F28E3, cid=1348, SUCCESS, logIndex=1922, commits[b50d6464-f54a-40d1-9f81-f1c19654fd05:c1923]
2019-09-12 09:26:08,558 [grpc-default-executor-1] INFO  client.GrpcClientProtocolClient (GrpcClientProtocolClient.java:onNext(264)) - client-8B023739F3BF->b50d6464-f54a-40d1-9f81-f1c19654fd05: receive RaftClientReply:client-8B023739F3BF->b50d6464-f54a-40d1-9f81-f1c19654fd05@group-1F53027F28E3, cid=1349, SUCCESS, logIndex=1924, commits[b50d6464-f54a-40d1-9f81-f1c19654fd05:c1925]
2019-09-12 09:26:08,558 [grpc-default-executor-1] INFO  client.GrpcClientProtocolClient (GrpcClientProtocolClient.java:onNext(264)) - client-8B023739F3BF->b50d6464-f54a-40d1-9f81-f1c19654fd05: receive RaftClientReply:client-8B023739F3BF->b50d6464-f54a-40d1-9f81-f1c19654fd05@group-1F53027F28E3, cid=1350, SUCCESS, logIndex=1925, commits[b50d6464-f54a-40d1-9f81-f1c19654fd05:c1925]
2019-09-12 09:26:08,559 [grpc-default-executor-1] INFO  client.GrpcClientProtocolClient (GrpcClientProtocolClient.java:onNext(264)) - client-8B023739F3BF->b50d6464-f54a-40d1-9f81-f1c19654fd05: receive RaftClientReply:client-8B023739F3BF->b50d6464-f54a-40d1-9f81-f1c19654fd05@group-1F53027F28E3, cid=1351, SUCCESS, logIndex=1926, commits[b50d6464-f54a-40d1-9f81-f1c19654fd05:c1927]
2019-09-12 09:26:08,560 [grpc-default-executor-1] INFO  client.GrpcClientProtocolClient (GrpcClientProtocolClient.java:onNext(264)) - client-8B023739F3BF->b50d6464-f54a-40d1-9f81-f1c19654fd05: receive RaftClientReply:client-8B023739F3BF->b50d6464-f54a-40d1-9f81-f1c19654fd05@group-1F53027F28E3, cid=1352, SUCCESS, logIndex=1927, commits[b50d6464-f54a-40d1-9f81-f1c19654fd05:c1927]
2019-09-12 09:26:08,568 [SCMBlockDeletingService#0] DEBUG block.SCMBlockDeletingService (SCMBlockDeletingService.java:call(138)) - Running DeletedBlockTransactionScanner
2019-09-12 09:26:08,568 [SCMBlockDeletingService#0] DEBUG block.SCMBlockDeletingService (SCMBlockDeletingService.java:call(155)) - Scanned deleted blocks log and got 0 delTX to process.
2019-09-12 09:26:08,586 [grpc-default-executor-2] INFO  client.GrpcClientProtocolClient (GrpcClientProtocolClient.java:onNext(264)) - client-8B023739F3BF->b50d6464-f54a-40d1-9f81-f1c19654fd05: receive RaftClientReply:client-8B023739F3BF->b50d6464-f54a-40d1-9f81-f1c19654fd05@group-1F53027F28E3, cid=1353, SUCCESS, logIndex=1930, commits[b50d6464-f54a-40d1-9f81-f1c19654fd05:c1933]
2019-09-12 09:26:08,587 [grpc-default-executor-2] INFO  client.GrpcClientProtocolClient (GrpcClientProtocolClient.java:onNext(264)) - client-8B023739F3BF->b50d6464-f54a-40d1-9f81-f1c19654fd05: receive RaftClientReply:client-8B023739F3BF->b50d6464-f54a-40d1-9f81-f1c19654fd05@group-1F53027F28E3, cid=1354, SUCCESS, logIndex=1931, commits[b50d6464-f54a-40d1-9f81-f1c19654fd05:c1933]
2019-09-12 09:26:08,587 [grpc-default-executor-2] INFO  client.GrpcClientProtocolClient (GrpcClientProtocolClient.java:onNext(264)) - client-8B023739F3BF->b50d6464-f54a-40d1-9f81-f1c19654fd05: receive RaftClientReply:client-8B023739F3BF->b50d6464-f54a-40d1-9f81-f1c19654fd05@group-1F53027F28E3, cid=1355, SUCCESS, logIndex=1932, commits[b50d6464-f54a-40d1-9f81-f1c19654fd05:c1934]
2019-09-12 09:26:08,588 [grpc-default-executor-2] INFO  client.GrpcClientProtocolClient (GrpcClientProtocolClient.java:onNext(264)) - client-8B023739F3BF->b50d6464-f54a-40d1-9f81-f1c19654fd05: receive RaftClientReply:client-8B023739F3BF->b50d6464-f54a-40d1-9f81-f1c19654fd05@group-1F53027F28E3, cid=1356, SUCCESS, logIndex=1933, commits[b50d6464-f54a-40d1-9f81-f1c19654fd05:c1935]
2019-09-12 09:26:08,609 [grpc-default-executor-2] INFO  client.GrpcClientProtocolClient (GrpcClientProtocolClient.java:onNext(264)) - client-8B023739F3BF->b50d6464-f54a-40d1-9f81-f1c19654fd05: receive RaftClientReply:client-8B023739F3BF->b50d6464-f54a-40d1-9f81-f1c19654fd05@group-1F53027F28E3, cid=1357, SUCCESS, logIndex=1936, commits[b50d6464-f54a-40d1-9f81-f1c19654fd05:c1939]
2019-09-12 09:26:08,610 [grpc-default-executor-2] INFO  client.GrpcClientProtocolClient (GrpcClientProtocolClient.java:onNext(264)) - client-8B023739F3BF->b50d6464-f54a-40d1-9f81-f1c19654fd05: receive RaftClientReply:client-8B023739F3BF->b50d6464-f54a-40d1-9f81-f1c19654fd05@group-1F53027F28E3, cid=1358, SUCCESS, logIndex=1937, commits[b50d6464-f54a-40d1-9f81-f1c19654fd05:c1940]
2019-09-12 09:26:08,610 [grpc-default-executor-2] INFO  client.GrpcClientProtocolClient (GrpcClientProtocolClient.java:onNext(264)) - client-8B023739F3BF->b50d6464-f54a-40d1-9f81-f1c19654fd05: receive RaftClientReply:client-8B023739F3BF->b50d6464-f54a-40d1-9f81-f1c19654fd05@group-1F53027F28E3, cid=1359, SUCCESS, logIndex=1938, commits[b50d6464-f54a-40d1-9f81-f1c19654fd05:c1940]
2019-09-12 09:26:08,610 [grpc-default-executor-2] INFO  client.GrpcClientProtocolClient (GrpcClientProtocolClient.java:onNext(264)) - client-8B023739F3BF->b50d6464-f54a-40d1-9f81-f1c19654fd05: receive RaftClientReply:client-8B023739F3BF->b50d6464-f54a-40d1-9f81-f1c19654fd05@group-1F53027F28E3, cid=1360, SUCCESS, logIndex=1939, commits[b50d6464-f54a-40d1-9f81-f1c19654fd05:c1940]
2019-09-12 09:26:08,639 [grpc-default-executor-2] INFO  client.GrpcClientProtocolClient (GrpcClientProtocolClient.java:onNext(264)) - client-8B023739F3BF->b50d6464-f54a-40d1-9f81-f1c19654fd05: receive RaftClientReply:client-8B023739F3BF->b50d6464-f54a-40d1-9f81-f1c19654fd05@group-1F53027F28E3, cid=1361, SUCCESS, logIndex=1941, commits[b50d6464-f54a-40d1-9f81-f1c19654fd05:c1944]
2019-09-12 09:26:08,640 [grpc-default-executor-2] INFO  client.GrpcClientProtocolClient (GrpcClientProtocolClient.java:onNext(264)) - client-8B023739F3BF->b50d6464-f54a-40d1-9f81-f1c19654fd05: receive RaftClientReply:client-8B023739F3BF->b50d6464-f54a-40d1-9f81-f1c19654fd05@group-1F53027F28E3, cid=1362, SUCCESS, logIndex=1942, commits[b50d6464-f54a-40d1-9f81-f1c19654fd05:c1945]
2019-09-12 09:26:08,640 [grpc-default-executor-2] INFO  client.GrpcClientProtocolClient (GrpcClientProtocolClient.java:onNext(264)) - client-8B023739F3BF->b50d6464-f54a-40d1-9f81-f1c19654fd05: receive RaftClientReply:client-8B023739F3BF->b50d6464-f54a-40d1-9f81-f1c19654fd05@group-1F53027F28E3, cid=1363, SUCCESS, logIndex=1943, commits[b50d6464-f54a-40d1-9f81-f1c19654fd05:c1945]
2019-09-12 09:26:08,641 [grpc-default-executor-2] INFO  client.GrpcClientProtocolClient (GrpcClientProtocolClient.java:onNext(264)) - client-8B023739F3BF->b50d6464-f54a-40d1-9f81-f1c19654fd05: receive RaftClientReply:client-8B023739F3BF->b50d6464-f54a-40d1-9f81-f1c19654fd05@group-1F53027F28E3, cid=1364, SUCCESS, logIndex=1944, commits[b50d6464-f54a-40d1-9f81-f1c19654fd05:c1945]
2019-09-12 09:26:08,660 [grpc-default-executor-2] INFO  client.GrpcClientProtocolClient (GrpcClientProtocolClient.java:onNext(264)) - client-8B023739F3BF->b50d6464-f54a-40d1-9f81-f1c19654fd05: receive RaftClientReply:client-8B023739F3BF->b50d6464-f54a-40d1-9f81-f1c19654fd05@group-1F53027F28E3, cid=1365, SUCCESS, logIndex=1946, commits[b50d6464-f54a-40d1-9f81-f1c19654fd05:c1947]
2019-09-12 09:26:08,660 [grpc-default-executor-2] INFO  client.GrpcClientProtocolClient (GrpcClientProtocolClient.java:onNext(264)) - client-8B023739F3BF->b50d6464-f54a-40d1-9f81-f1c19654fd05: receive RaftClientReply:client-8B023739F3BF->b50d6464-f54a-40d1-9f81-f1c19654fd05@group-1F53027F28E3, cid=1366, SUCCESS, logIndex=1947, commits[b50d6464-f54a-40d1-9f81-f1c19654fd05:c1949]
2019-09-12 09:26:08,660 [grpc-default-executor-2] INFO  client.GrpcClientProtocolClient (GrpcClientProtocolClient.java:onNext(264)) - client-8B023739F3BF->b50d6464-f54a-40d1-9f81-f1c19654fd05: receive RaftClientReply:client-8B023739F3BF->b50d6464-f54a-40d1-9f81-f1c19654fd05@group-1F53027F28E3, cid=1367, SUCCESS, logIndex=1948, commits[b50d6464-f54a-40d1-9f81-f1c19654fd05:c1950]
2019-09-12 09:26:08,661 [grpc-default-executor-2] INFO  client.GrpcClientProtocolClient (GrpcClientProtocolClient.java:onNext(264)) - client-8B023739F3BF->b50d6464-f54a-40d1-9f81-f1c19654fd05: receive RaftClientReply:client-8B023739F3BF->b50d6464-f54a-40d1-9f81-f1c19654fd05@group-1F53027F28E3, cid=1368, SUCCESS, logIndex=1949, commits[b50d6464-f54a-40d1-9f81-f1c19654fd05:c1951]
2019-09-12 09:26:08,669 [SCMBlockDeletingService#0] DEBUG block.SCMBlockDeletingService (SCMBlockDeletingService.java:call(138)) - Running DeletedBlockTransactionScanner
2019-09-12 09:26:08,669 [SCMBlockDeletingService#0] DEBUG block.SCMBlockDeletingService (SCMBlockDeletingService.java:call(155)) - Scanned deleted blocks log and got 0 delTX to process.
2019-09-12 09:26:08,693 [grpc-default-executor-2] INFO  client.GrpcClientProtocolClient (GrpcClientProtocolClient.java:onNext(264)) - client-8B023739F3BF->b50d6464-f54a-40d1-9f81-f1c19654fd05: receive RaftClientReply:client-8B023739F3BF->b50d6464-f54a-40d1-9f81-f1c19654fd05@group-1F53027F28E3, cid=1369, SUCCESS, logIndex=1952, commits[b50d6464-f54a-40d1-9f81-f1c19654fd05:c1953]
2019-09-12 09:26:08,694 [grpc-default-executor-2] INFO  client.GrpcClientProtocolClient (GrpcClientProtocolClient.java:onNext(264)) - client-8B023739F3BF->b50d6464-f54a-40d1-9f81-f1c19654fd05: receive RaftClientReply:client-8B023739F3BF->b50d6464-f54a-40d1-9f81-f1c19654fd05@group-1F53027F28E3, cid=1370, SUCCESS, logIndex=1953, commits[b50d6464-f54a-40d1-9f81-f1c19654fd05:c1954]
2019-09-12 09:26:08,769 [SCMBlockDeletingService#0] DEBUG block.SCMBlockDeletingService (SCMBlockDeletingService.java:call(138)) - Running DeletedBlockTransactionScanner
2019-09-12 09:26:08,770 [SCMBlockDeletingService#0] DEBUG block.SCMBlockDeletingService (SCMBlockDeletingService.java:call(155)) - Scanned deleted blocks log and got 0 delTX to process.
2019-09-12 09:26:08,782 [grpc-default-executor-1] INFO  client.GrpcClientProtocolClient (GrpcClientProtocolClient.java:onNext(264)) - client-8B023739F3BF->b50d6464-f54a-40d1-9f81-f1c19654fd05: receive RaftClientReply:client-8B023739F3BF->b50d6464-f54a-40d1-9f81-f1c19654fd05@group-1F53027F28E3, cid=1371, SUCCESS, logIndex=1955, commits[b50d6464-f54a-40d1-9f81-f1c19654fd05:c1956]
2019-09-12 09:26:08,783 [grpc-default-executor-1] INFO  client.GrpcClientProtocolClient (GrpcClientProtocolClient.java:onNext(264)) - client-8B023739F3BF->b50d6464-f54a-40d1-9f81-f1c19654fd05: receive RaftClientReply:client-8B023739F3BF->b50d6464-f54a-40d1-9f81-f1c19654fd05@group-1F53027F28E3, cid=1372, SUCCESS, logIndex=1956, commits[b50d6464-f54a-40d1-9f81-f1c19654fd05:c1957]
2019-09-12 09:26:08,805 [grpc-default-executor-1] INFO  client.GrpcClientProtocolClient (GrpcClientProtocolClient.java:onNext(264)) - client-8B023739F3BF->b50d6464-f54a-40d1-9f81-f1c19654fd05: receive RaftClientReply:client-8B023739F3BF->b50d6464-f54a-40d1-9f81-f1c19654fd05@group-1F53027F28E3, cid=1373, SUCCESS, logIndex=1958, commits[b50d6464-f54a-40d1-9f81-f1c19654fd05:c1961]
2019-09-12 09:26:08,805 [grpc-default-executor-1] INFO  client.GrpcClientProtocolClient (GrpcClientProtocolClient.java:onNext(264)) - client-8B023739F3BF->b50d6464-f54a-40d1-9f81-f1c19654fd05: receive RaftClientReply:client-8B023739F3BF->b50d6464-f54a-40d1-9f81-f1c19654fd05@group-1F53027F28E3, cid=1374, SUCCESS, logIndex=1959, commits[b50d6464-f54a-40d1-9f81-f1c19654fd05:c1962]
2019-09-12 09:26:08,805 [grpc-default-executor-1] INFO  client.GrpcClientProtocolClient (GrpcClientProtocolClient.java:onNext(264)) - client-8B023739F3BF->b50d6464-f54a-40d1-9f81-f1c19654fd05: receive RaftClientReply:client-8B023739F3BF->b50d6464-f54a-40d1-9f81-f1c19654fd05@group-1F53027F28E3, cid=1375, SUCCESS, logIndex=1960, commits[b50d6464-f54a-40d1-9f81-f1c19654fd05:c1962]
2019-09-12 09:26:08,806 [grpc-default-executor-1] INFO  client.GrpcClientProtocolClient (GrpcClientProtocolClient.java:onNext(264)) - client-8B023739F3BF->b50d6464-f54a-40d1-9f81-f1c19654fd05: receive RaftClientReply:client-8B023739F3BF->b50d6464-f54a-40d1-9f81-f1c19654fd05@group-1F53027F28E3, cid=1376, SUCCESS, logIndex=1961, commits[b50d6464-f54a-40d1-9f81-f1c19654fd05:c1962]
2019-09-12 09:26:08,832 [grpc-default-executor-1] INFO  client.GrpcClientProtocolClient (GrpcClientProtocolClient.java:onNext(264)) - client-8B023739F3BF->b50d6464-f54a-40d1-9f81-f1c19654fd05: receive RaftClientReply:client-8B023739F3BF->b50d6464-f54a-40d1-9f81-f1c19654fd05@group-1F53027F28E3, cid=1377, SUCCESS, logIndex=1963, commits[b50d6464-f54a-40d1-9f81-f1c19654fd05:c1964]
2019-09-12 09:26:08,833 [grpc-default-executor-1] INFO  client.GrpcClientProtocolClient (GrpcClientProtocolClient.java:onNext(264)) - client-8B023739F3BF->b50d6464-f54a-40d1-9f81-f1c19654fd05: receive RaftClientReply:client-8B023739F3BF->b50d6464-f54a-40d1-9f81-f1c19654fd05@group-1F53027F28E3, cid=1378, SUCCESS, logIndex=1964, commits[b50d6464-f54a-40d1-9f81-f1c19654fd05:c1964]
2019-09-12 09:26:08,834 [grpc-default-executor-1] INFO  client.GrpcClientProtocolClient (GrpcClientProtocolClient.java:onNext(264)) - client-8B023739F3BF->b50d6464-f54a-40d1-9f81-f1c19654fd05: receive RaftClientReply:client-8B023739F3BF->b50d6464-f54a-40d1-9f81-f1c19654fd05@group-1F53027F28E3, cid=1379, SUCCESS, logIndex=1965, commits[b50d6464-f54a-40d1-9f81-f1c19654fd05:c1966]
2019-09-12 09:26:08,835 [grpc-default-executor-1] INFO  client.GrpcClientProtocolClient (GrpcClientProtocolClient.java:onNext(264)) - client-8B023739F3BF->b50d6464-f54a-40d1-9f81-f1c19654fd05: receive RaftClientReply:client-8B023739F3BF->b50d6464-f54a-40d1-9f81-f1c19654fd05@group-1F53027F28E3, cid=1380, SUCCESS, logIndex=1966, commits[b50d6464-f54a-40d1-9f81-f1c19654fd05:c1966]
2019-09-12 09:26:08,847 [grpc-default-executor-2] INFO  client.GrpcClientProtocolClient (GrpcClientProtocolClient.java:onNext(264)) - client-8B023739F3BF->b50d6464-f54a-40d1-9f81-f1c19654fd05: receive RaftClientReply:client-8B023739F3BF->b50d6464-f54a-40d1-9f81-f1c19654fd05@group-1F53027F28E3, cid=1381, SUCCESS, logIndex=1969, commits[b50d6464-f54a-40d1-9f81-f1c19654fd05:c1972]
2019-09-12 09:26:08,848 [grpc-default-executor-2] INFO  client.GrpcClientProtocolClient (GrpcClientProtocolClient.java:onNext(264)) - client-8B023739F3BF->b50d6464-f54a-40d1-9f81-f1c19654fd05: receive RaftClientReply:client-8B023739F3BF->b50d6464-f54a-40d1-9f81-f1c19654fd05@group-1F53027F28E3, cid=1382, SUCCESS, logIndex=1970, commits[b50d6464-f54a-40d1-9f81-f1c19654fd05:c1972]
2019-09-12 09:26:08,848 [grpc-default-executor-2] INFO  client.GrpcClientProtocolClient (GrpcClientProtocolClient.java:onNext(264)) - client-8B023739F3BF->b50d6464-f54a-40d1-9f81-f1c19654fd05: receive RaftClientReply:client-8B023739F3BF->b50d6464-f54a-40d1-9f81-f1c19654fd05@group-1F53027F28E3, cid=1383, SUCCESS, logIndex=1971, commits[b50d6464-f54a-40d1-9f81-f1c19654fd05:c1972]
2019-09-12 09:26:08,849 [grpc-default-executor-2] INFO  client.GrpcClientProtocolClient (GrpcClientProtocolClient.java:onNext(264)) - client-8B023739F3BF->b50d6464-f54a-40d1-9f81-f1c19654fd05: receive RaftClientReply:client-8B023739F3BF->b50d6464-f54a-40d1-9f81-f1c19654fd05@group-1F53027F28E3, cid=1384, SUCCESS, logIndex=1972, commits[b50d6464-f54a-40d1-9f81-f1c19654fd05:c1972]
2019-09-12 09:26:08,870 [SCMBlockDeletingService#0] DEBUG block.SCMBlockDeletingService (SCMBlockDeletingService.java:call(138)) - Running DeletedBlockTransactionScanner
2019-09-12 09:26:08,871 [SCMBlockDeletingService#0] DEBUG block.SCMBlockDeletingService (SCMBlockDeletingService.java:call(155)) - Scanned deleted blocks log and got 0 delTX to process.
2019-09-12 09:26:08,875 [grpc-default-executor-2] INFO  client.GrpcClientProtocolClient (GrpcClientProtocolClient.java:onNext(264)) - client-8B023739F3BF->b50d6464-f54a-40d1-9f81-f1c19654fd05: receive RaftClientReply:client-8B023739F3BF->b50d6464-f54a-40d1-9f81-f1c19654fd05@group-1F53027F28E3, cid=1385, SUCCESS, logIndex=1974, commits[b50d6464-f54a-40d1-9f81-f1c19654fd05:c1977]
2019-09-12 09:26:08,875 [grpc-default-executor-2] INFO  client.GrpcClientProtocolClient (GrpcClientProtocolClient.java:onNext(264)) - client-8B023739F3BF->b50d6464-f54a-40d1-9f81-f1c19654fd05: receive RaftClientReply:client-8B023739F3BF->b50d6464-f54a-40d1-9f81-f1c19654fd05@group-1F53027F28E3, cid=1386, SUCCESS, logIndex=1975, commits[b50d6464-f54a-40d1-9f81-f1c19654fd05:c1978]
2019-09-12 09:26:08,876 [grpc-default-executor-2] INFO  client.GrpcClientProtocolClient (GrpcClientProtocolClient.java:onNext(264)) - client-8B023739F3BF->b50d6464-f54a-40d1-9f81-f1c19654fd05: receive RaftClientReply:client-8B023739F3BF->b50d6464-f54a-40d1-9f81-f1c19654fd05@group-1F53027F28E3, cid=1387, SUCCESS, logIndex=1976, commits[b50d6464-f54a-40d1-9f81-f1c19654fd05:c1978]
2019-09-12 09:26:08,876 [grpc-default-executor-2] INFO  client.GrpcClientProtocolClient (GrpcClientProtocolClient.java:onNext(264)) - client-8B023739F3BF->b50d6464-f54a-40d1-9f81-f1c19654fd05: receive RaftClientReply:client-8B023739F3BF->b50d6464-f54a-40d1-9f81-f1c19654fd05@group-1F53027F28E3, cid=1388, SUCCESS, logIndex=1977, commits[b50d6464-f54a-40d1-9f81-f1c19654fd05:c1978]
2019-09-12 09:26:08,896 [grpc-default-executor-1] INFO  client.GrpcClientProtocolClient (GrpcClientProtocolClient.java:onNext(264)) - client-8B023739F3BF->b50d6464-f54a-40d1-9f81-f1c19654fd05: receive RaftClientReply:client-8B023739F3BF->b50d6464-f54a-40d1-9f81-f1c19654fd05@group-1F53027F28E3, cid=1389, SUCCESS, logIndex=1979, commits[b50d6464-f54a-40d1-9f81-f1c19654fd05:c1982]
2019-09-12 09:26:08,896 [grpc-default-executor-1] INFO  client.GrpcClientProtocolClient (GrpcClientProtocolClient.java:onNext(264)) - client-8B023739F3BF->b50d6464-f54a-40d1-9f81-f1c19654fd05: receive RaftClientReply:client-8B023739F3BF->b50d6464-f54a-40d1-9f81-f1c19654fd05@group-1F53027F28E3, cid=1390, SUCCESS, logIndex=1980, commits[b50d6464-f54a-40d1-9f81-f1c19654fd05:c1983]
2019-09-12 09:26:08,897 [grpc-default-executor-1] INFO  client.GrpcClientProtocolClient (GrpcClientProtocolClient.java:onNext(264)) - client-8B023739F3BF->b50d6464-f54a-40d1-9f81-f1c19654fd05: receive RaftClientReply:client-8B023739F3BF->b50d6464-f54a-40d1-9f81-f1c19654fd05@group-1F53027F28E3, cid=1391, SUCCESS, logIndex=1981, commits[b50d6464-f54a-40d1-9f81-f1c19654fd05:c1983]
2019-09-12 09:26:08,897 [grpc-default-executor-1] INFO  client.GrpcClientProtocolClient (GrpcClientProtocolClient.java:onNext(264)) - client-8B023739F3BF->b50d6464-f54a-40d1-9f81-f1c19654fd05: receive RaftClientReply:client-8B023739F3BF->b50d6464-f54a-40d1-9f81-f1c19654fd05@group-1F53027F28E3, cid=1392, SUCCESS, logIndex=1982, commits[b50d6464-f54a-40d1-9f81-f1c19654fd05:c1983]
2019-09-12 09:26:08,922 [grpc-default-executor-2] INFO  client.GrpcClientProtocolClient (GrpcClientProtocolClient.java:onNext(264)) - client-8B023739F3BF->b50d6464-f54a-40d1-9f81-f1c19654fd05: receive RaftClientReply:client-8B023739F3BF->b50d6464-f54a-40d1-9f81-f1c19654fd05@group-1F53027F28E3, cid=1393, SUCCESS, logIndex=1984, commits[b50d6464-f54a-40d1-9f81-f1c19654fd05:c1985]
2019-09-12 09:26:08,922 [grpc-default-executor-2] INFO  client.GrpcClientProtocolClient (GrpcClientProtocolClient.java:onNext(264)) - client-8B023739F3BF->b50d6464-f54a-40d1-9f81-f1c19654fd05: receive RaftClientReply:client-8B023739F3BF->b50d6464-f54a-40d1-9f81-f1c19654fd05@group-1F53027F28E3, cid=1394, SUCCESS, logIndex=1985, commits[b50d6464-f54a-40d1-9f81-f1c19654fd05:c1985]
2019-09-12 09:26:08,923 [grpc-default-executor-2] INFO  client.GrpcClientProtocolClient (GrpcClientProtocolClient.java:onNext(264)) - client-8B023739F3BF->b50d6464-f54a-40d1-9f81-f1c19654fd05: receive RaftClientReply:client-8B023739F3BF->b50d6464-f54a-40d1-9f81-f1c19654fd05@group-1F53027F28E3, cid=1395, SUCCESS, logIndex=1986, commits[b50d6464-f54a-40d1-9f81-f1c19654fd05:c1987]
2019-09-12 09:26:08,924 [grpc-default-executor-2] INFO  client.GrpcClientProtocolClient (GrpcClientProtocolClient.java:onNext(264)) - client-8B023739F3BF->b50d6464-f54a-40d1-9f81-f1c19654fd05: receive RaftClientReply:client-8B023739F3BF->b50d6464-f54a-40d1-9f81-f1c19654fd05@group-1F53027F28E3, cid=1396, SUCCESS, logIndex=1987, commits[b50d6464-f54a-40d1-9f81-f1c19654fd05:c1987]
2019-09-12 09:26:08,946 [grpc-default-executor-2] INFO  client.GrpcClientProtocolClient (GrpcClientProtocolClient.java:onNext(264)) - client-8B023739F3BF->b50d6464-f54a-40d1-9f81-f1c19654fd05: receive RaftClientReply:client-8B023739F3BF->b50d6464-f54a-40d1-9f81-f1c19654fd05@group-1F53027F28E3, cid=1397, SUCCESS, logIndex=1990, commits[b50d6464-f54a-40d1-9f81-f1c19654fd05:c1993]
2019-09-12 09:26:08,946 [grpc-default-executor-2] INFO  client.GrpcClientProtocolClient (GrpcClientProtocolClient.java:onNext(264)) - client-8B023739F3BF->b50d6464-f54a-40d1-9f81-f1c19654fd05: receive RaftClientReply:client-8B023739F3BF->b50d6464-f54a-40d1-9f81-f1c19654fd05@group-1F53027F28E3, cid=1398, SUCCESS, logIndex=1991, commits[b50d6464-f54a-40d1-9f81-f1c19654fd05:c1993]
2019-09-12 09:26:08,947 [grpc-default-executor-2] INFO  client.GrpcClientProtocolClient (GrpcClientProtocolClient.java:onNext(264)) - client-8B023739F3BF->b50d6464-f54a-40d1-9f81-f1c19654fd05: receive RaftClientReply:client-8B023739F3BF->b50d6464-f54a-40d1-9f81-f1c19654fd05@group-1F53027F28E3, cid=1399, SUCCESS, logIndex=1992, commits[b50d6464-f54a-40d1-9f81-f1c19654fd05:c1993]
2019-09-12 09:26:08,947 [grpc-default-executor-2] INFO  client.GrpcClientProtocolClient (GrpcClientProtocolClient.java:onNext(264)) - client-8B023739F3BF->b50d6464-f54a-40d1-9f81-f1c19654fd05: receive RaftClientReply:client-8B023739F3BF->b50d6464-f54a-40d1-9f81-f1c19654fd05@group-1F53027F28E3, cid=1400, SUCCESS, logIndex=1993, commits[b50d6464-f54a-40d1-9f81-f1c19654fd05:c1993]
2019-09-12 09:26:09,031 [SCMBlockDeletingService#0] DEBUG block.SCMBlockDeletingService (SCMBlockDeletingService.java:call(138)) - Running DeletedBlockTransactionScanner
2019-09-12 09:26:09,032 [SCMBlockDeletingService#0] DEBUG block.SCMBlockDeletingService (SCMBlockDeletingService.java:call(155)) - Scanned deleted blocks log and got 0 delTX to process.
2019-09-12 09:26:09,049 [grpc-default-executor-2] INFO  client.GrpcClientProtocolClient (GrpcClientProtocolClient.java:onNext(264)) - client-8B023739F3BF->b50d6464-f54a-40d1-9f81-f1c19654fd05: receive RaftClientReply:client-8B023739F3BF->b50d6464-f54a-40d1-9f81-f1c19654fd05@group-1F53027F28E3, cid=1401, SUCCESS, logIndex=1995, commits[b50d6464-f54a-40d1-9f81-f1c19654fd05:c1996]
2019-09-12 09:26:09,051 [grpc-default-executor-2] INFO  client.GrpcClientProtocolClient (GrpcClientProtocolClient.java:onNext(264)) - client-8B023739F3BF->b50d6464-f54a-40d1-9f81-f1c19654fd05: receive RaftClientReply:client-8B023739F3BF->b50d6464-f54a-40d1-9f81-f1c19654fd05@group-1F53027F28E3, cid=1402, SUCCESS, logIndex=1996, commits[b50d6464-f54a-40d1-9f81-f1c19654fd05:c1996]
2019-09-12 09:26:09,060 [grpc-default-executor-2] INFO  client.GrpcClientProtocolClient (GrpcClientProtocolClient.java:onNext(264)) - client-8B023739F3BF->b50d6464-f54a-40d1-9f81-f1c19654fd05: receive RaftClientReply:client-8B023739F3BF->b50d6464-f54a-40d1-9f81-f1c19654fd05@group-1F53027F28E3, cid=1403, SUCCESS, logIndex=1997, commits[b50d6464-f54a-40d1-9f81-f1c19654fd05:c1998]
2019-09-12 09:26:09,060 [grpc-default-executor-2] INFO  client.GrpcClientProtocolClient (GrpcClientProtocolClient.java:onNext(264)) - client-8B023739F3BF->b50d6464-f54a-40d1-9f81-f1c19654fd05: receive RaftClientReply:client-8B023739F3BF->b50d6464-f54a-40d1-9f81-f1c19654fd05@group-1F53027F28E3, cid=1404, SUCCESS, logIndex=1998, commits[b50d6464-f54a-40d1-9f81-f1c19654fd05:c1999]
2019-09-12 09:26:09,082 [grpc-default-executor-2] INFO  client.GrpcClientProtocolClient (GrpcClientProtocolClient.java:onNext(264)) - client-8B023739F3BF->b50d6464-f54a-40d1-9f81-f1c19654fd05: receive RaftClientReply:client-8B023739F3BF->b50d6464-f54a-40d1-9f81-f1c19654fd05@group-1F53027F28E3, cid=1405, SUCCESS, logIndex=2001, commits[b50d6464-f54a-40d1-9f81-f1c19654fd05:c2002]
2019-09-12 09:26:09,083 [grpc-default-executor-2] INFO  client.GrpcClientProtocolClient (GrpcClientProtocolClient.java:onNext(264)) - client-8B023739F3BF->b50d6464-f54a-40d1-9f81-f1c19654fd05: receive RaftClientReply:client-8B023739F3BF->b50d6464-f54a-40d1-9f81-f1c19654fd05@group-1F53027F28E3, cid=1406, SUCCESS, logIndex=2002, commits[b50d6464-f54a-40d1-9f81-f1c19654fd05:c2002]
2019-09-12 09:26:09,090 [grpc-default-executor-2] INFO  client.GrpcClientProtocolClient (GrpcClientProtocolClient.java:onNext(264)) - client-8B023739F3BF->b50d6464-f54a-40d1-9f81-f1c19654fd05: receive RaftClientReply:client-8B023739F3BF->b50d6464-f54a-40d1-9f81-f1c19654fd05@group-1F53027F28E3, cid=1407, SUCCESS, logIndex=2003, commits[b50d6464-f54a-40d1-9f81-f1c19654fd05:c2004]
2019-09-12 09:26:09,091 [grpc-default-executor-2] INFO  client.GrpcClientProtocolClient (GrpcClientProtocolClient.java:onNext(264)) - client-8B023739F3BF->b50d6464-f54a-40d1-9f81-f1c19654fd05: receive RaftClientReply:client-8B023739F3BF->b50d6464-f54a-40d1-9f81-f1c19654fd05@group-1F53027F28E3, cid=1408, SUCCESS, logIndex=2004, commits[b50d6464-f54a-40d1-9f81-f1c19654fd05:c2006]
2019-09-12 09:26:09,119 [grpc-default-executor-2] INFO  client.GrpcClientProtocolClient (GrpcClientProtocolClient.java:onNext(264)) - client-8B023739F3BF->b50d6464-f54a-40d1-9f81-f1c19654fd05: receive RaftClientReply:client-8B023739F3BF->b50d6464-f54a-40d1-9f81-f1c19654fd05@group-1F53027F28E3, cid=1409, SUCCESS, logIndex=2007, commits[b50d6464-f54a-40d1-9f81-f1c19654fd05:c2008]
2019-09-12 09:26:09,120 [grpc-default-executor-2] INFO  client.GrpcClientProtocolClient (GrpcClientProtocolClient.java:onNext(264)) - client-8B023739F3BF->b50d6464-f54a-40d1-9f81-f1c19654fd05: receive RaftClientReply:client-8B023739F3BF->b50d6464-f54a-40d1-9f81-f1c19654fd05@group-1F53027F28E3, cid=1410, SUCCESS, logIndex=2008, commits[b50d6464-f54a-40d1-9f81-f1c19654fd05:c2008]
2019-09-12 09:26:09,120 [grpc-default-executor-2] INFO  client.GrpcClientProtocolClient (GrpcClientProtocolClient.java:onNext(264)) - client-8B023739F3BF->b50d6464-f54a-40d1-9f81-f1c19654fd05: receive RaftClientReply:client-8B023739F3BF->b50d6464-f54a-40d1-9f81-f1c19654fd05@group-1F53027F28E3, cid=1411, SUCCESS, logIndex=2009, commits[b50d6464-f54a-40d1-9f81-f1c19654fd05:c2010]
2019-09-12 09:26:09,121 [grpc-default-executor-2] INFO  client.GrpcClientProtocolClient (GrpcClientProtocolClient.java:onNext(264)) - client-8B023739F3BF->b50d6464-f54a-40d1-9f81-f1c19654fd05: receive RaftClientReply:client-8B023739F3BF->b50d6464-f54a-40d1-9f81-f1c19654fd05@group-1F53027F28E3, cid=1412, SUCCESS, logIndex=2010, commits[b50d6464-f54a-40d1-9f81-f1c19654fd05:c2010]
2019-09-12 09:26:09,132 [SCMBlockDeletingService#0] DEBUG block.SCMBlockDeletingService (SCMBlockDeletingService.java:call(138)) - Running DeletedBlockTransactionScanner
2019-09-12 09:26:09,132 [SCMBlockDeletingService#0] DEBUG block.SCMBlockDeletingService (SCMBlockDeletingService.java:call(155)) - Scanned deleted blocks log and got 0 delTX to process.
2019-09-12 09:26:09,133 [grpc-default-executor-1] INFO  client.GrpcClientProtocolClient (GrpcClientProtocolClient.java:onNext(264)) - client-8B023739F3BF->b50d6464-f54a-40d1-9f81-f1c19654fd05: receive RaftClientReply:client-8B023739F3BF->b50d6464-f54a-40d1-9f81-f1c19654fd05@group-1F53027F28E3, cid=1413, SUCCESS, logIndex=2013, commits[b50d6464-f54a-40d1-9f81-f1c19654fd05:c2014]
2019-09-12 09:26:09,133 [grpc-default-executor-1] INFO  client.GrpcClientProtocolClient (GrpcClientProtocolClient.java:onNext(264)) - client-8B023739F3BF->b50d6464-f54a-40d1-9f81-f1c19654fd05: receive RaftClientReply:client-8B023739F3BF->b50d6464-f54a-40d1-9f81-f1c19654fd05@group-1F53027F28E3, cid=1414, SUCCESS, logIndex=2014, commits[b50d6464-f54a-40d1-9f81-f1c19654fd05:c2015]
2019-09-12 09:26:09,233 [SCMBlockDeletingService#0] DEBUG block.SCMBlockDeletingService (SCMBlockDeletingService.java:call(138)) - Running DeletedBlockTransactionScanner
2019-09-12 09:26:09,233 [SCMBlockDeletingService#0] DEBUG block.SCMBlockDeletingService (SCMBlockDeletingService.java:call(155)) - Scanned deleted blocks log and got 0 delTX to process.
2019-09-12 09:26:09,247 [grpc-default-executor-2] INFO  client.GrpcClientProtocolClient (GrpcClientProtocolClient.java:onNext(264)) - client-8B023739F3BF->b50d6464-f54a-40d1-9f81-f1c19654fd05: receive RaftClientReply:client-8B023739F3BF->b50d6464-f54a-40d1-9f81-f1c19654fd05@group-1F53027F28E3, cid=1415, SUCCESS, logIndex=2016, commits[b50d6464-f54a-40d1-9f81-f1c19654fd05:c2017]
2019-09-12 09:26:09,248 [grpc-default-executor-2] INFO  client.GrpcClientProtocolClient (GrpcClientProtocolClient.java:onNext(264)) - client-8B023739F3BF->b50d6464-f54a-40d1-9f81-f1c19654fd05: receive RaftClientReply:client-8B023739F3BF->b50d6464-f54a-40d1-9f81-f1c19654fd05@group-1F53027F28E3, cid=1416, SUCCESS, logIndex=2017, commits[b50d6464-f54a-40d1-9f81-f1c19654fd05:c2018]
2019-09-12 09:26:09,274 [grpc-default-executor-2] INFO  client.GrpcClientProtocolClient (GrpcClientProtocolClient.java:onNext(264)) - client-8B023739F3BF->b50d6464-f54a-40d1-9f81-f1c19654fd05: receive RaftClientReply:client-8B023739F3BF->b50d6464-f54a-40d1-9f81-f1c19654fd05@group-1F53027F28E3, cid=1417, SUCCESS, logIndex=2019, commits[b50d6464-f54a-40d1-9f81-f1c19654fd05:c2020]
2019-09-12 09:26:09,274 [grpc-default-executor-2] INFO  client.GrpcClientProtocolClient (GrpcClientProtocolClient.java:onNext(264)) - client-8B023739F3BF->b50d6464-f54a-40d1-9f81-f1c19654fd05: receive RaftClientReply:client-8B023739F3BF->b50d6464-f54a-40d1-9f81-f1c19654fd05@group-1F53027F28E3, cid=1418, SUCCESS, logIndex=2020, commits[b50d6464-f54a-40d1-9f81-f1c19654fd05:c2022]
2019-09-12 09:26:09,275 [grpc-default-executor-2] INFO  client.GrpcClientProtocolClient (GrpcClientProtocolClient.java:onNext(264)) - client-8B023739F3BF->b50d6464-f54a-40d1-9f81-f1c19654fd05: receive RaftClientReply:client-8B023739F3BF->b50d6464-f54a-40d1-9f81-f1c19654fd05@group-1F53027F28E3, cid=1419, SUCCESS, logIndex=2021, commits[b50d6464-f54a-40d1-9f81-f1c19654fd05:c2023]
2019-09-12 09:26:09,275 [grpc-default-executor-2] INFO  client.GrpcClientProtocolClient (GrpcClientProtocolClient.java:onNext(264)) - client-8B023739F3BF->b50d6464-f54a-40d1-9f81-f1c19654fd05: receive RaftClientReply:client-8B023739F3BF->b50d6464-f54a-40d1-9f81-f1c19654fd05@group-1F53027F28E3, cid=1420, SUCCESS, logIndex=2022, commits[b50d6464-f54a-40d1-9f81-f1c19654fd05:c2024]
2019-09-12 09:26:09,296 [grpc-default-executor-1] INFO  client.GrpcClientProtocolClient (GrpcClientProtocolClient.java:onNext(264)) - client-8B023739F3BF->b50d6464-f54a-40d1-9f81-f1c19654fd05: receive RaftClientReply:client-8B023739F3BF->b50d6464-f54a-40d1-9f81-f1c19654fd05@group-1F53027F28E3, cid=1421, SUCCESS, logIndex=2025, commits[b50d6464-f54a-40d1-9f81-f1c19654fd05:c2028]
2019-09-12 09:26:09,297 [grpc-default-executor-1] INFO  client.GrpcClientProtocolClient (GrpcClientProtocolClient.java:onNext(264)) - client-8B023739F3BF->b50d6464-f54a-40d1-9f81-f1c19654fd05: receive RaftClientReply:client-8B023739F3BF->b50d6464-f54a-40d1-9f81-f1c19654fd05@group-1F53027F28E3, cid=1422, SUCCESS, logIndex=2026, commits[b50d6464-f54a-40d1-9f81-f1c19654fd05:c2028]
2019-09-12 09:26:09,297 [grpc-default-executor-1] INFO  client.GrpcClientProtocolClient (GrpcClientProtocolClient.java:onNext(264)) - client-8B023739F3BF->b50d6464-f54a-40d1-9f81-f1c19654fd05: receive RaftClientReply:client-8B023739F3BF->b50d6464-f54a-40d1-9f81-f1c19654fd05@group-1F53027F28E3, cid=1423, SUCCESS, logIndex=2027, commits[b50d6464-f54a-40d1-9f81-f1c19654fd05:c2028]
2019-09-12 09:26:09,297 [grpc-default-executor-1] INFO  client.GrpcClientProtocolClient (GrpcClientProtocolClient.java:onNext(264)) - client-8B023739F3BF->b50d6464-f54a-40d1-9f81-f1c19654fd05: receive RaftClientReply:client-8B023739F3BF->b50d6464-f54a-40d1-9f81-f1c19654fd05@group-1F53027F28E3, cid=1424, SUCCESS, logIndex=2028, commits[b50d6464-f54a-40d1-9f81-f1c19654fd05:c2028]
2019-09-12 09:26:09,324 [grpc-default-executor-1] INFO  client.GrpcClientProtocolClient (GrpcClientProtocolClient.java:onNext(264)) - client-8B023739F3BF->b50d6464-f54a-40d1-9f81-f1c19654fd05: receive RaftClientReply:client-8B023739F3BF->b50d6464-f54a-40d1-9f81-f1c19654fd05@group-1F53027F28E3, cid=1425, SUCCESS, logIndex=2030, commits[b50d6464-f54a-40d1-9f81-f1c19654fd05:c2033]
2019-09-12 09:26:09,325 [grpc-default-executor-1] INFO  client.GrpcClientProtocolClient (GrpcClientProtocolClient.java:onNext(264)) - client-8B023739F3BF->b50d6464-f54a-40d1-9f81-f1c19654fd05: receive RaftClientReply:client-8B023739F3BF->b50d6464-f54a-40d1-9f81-f1c19654fd05@group-1F53027F28E3, cid=1426, SUCCESS, logIndex=2031, commits[b50d6464-f54a-40d1-9f81-f1c19654fd05:c2033]
2019-09-12 09:26:09,325 [grpc-default-executor-1] INFO  client.GrpcClientProtocolClient (GrpcClientProtocolClient.java:onNext(264)) - client-8B023739F3BF->b50d6464-f54a-40d1-9f81-f1c19654fd05: receive RaftClientReply:client-8B023739F3BF->b50d6464-f54a-40d1-9f81-f1c19654fd05@group-1F53027F28E3, cid=1427, SUCCESS, logIndex=2032, commits[b50d6464-f54a-40d1-9f81-f1c19654fd05:c2034]
2019-09-12 09:26:09,325 [grpc-default-executor-1] INFO  client.GrpcClientProtocolClient (GrpcClientProtocolClient.java:onNext(264)) - client-8B023739F3BF->b50d6464-f54a-40d1-9f81-f1c19654fd05: receive RaftClientReply:client-8B023739F3BF->b50d6464-f54a-40d1-9f81-f1c19654fd05@group-1F53027F28E3, cid=1428, SUCCESS, logIndex=2033, commits[b50d6464-f54a-40d1-9f81-f1c19654fd05:c2035]
2019-09-12 09:26:09,334 [SCMBlockDeletingService#0] DEBUG block.SCMBlockDeletingService (SCMBlockDeletingService.java:call(138)) - Running DeletedBlockTransactionScanner
2019-09-12 09:26:09,334 [SCMBlockDeletingService#0] DEBUG block.SCMBlockDeletingService (SCMBlockDeletingService.java:call(155)) - Scanned deleted blocks log and got 0 delTX to process.
2019-09-12 09:26:09,344 [grpc-default-executor-2] INFO  client.GrpcClientProtocolClient (GrpcClientProtocolClient.java:onNext(264)) - client-8B023739F3BF->b50d6464-f54a-40d1-9f81-f1c19654fd05: receive RaftClientReply:client-8B023739F3BF->b50d6464-f54a-40d1-9f81-f1c19654fd05@group-1F53027F28E3, cid=1429, SUCCESS, logIndex=2036, commits[b50d6464-f54a-40d1-9f81-f1c19654fd05:c2037]
2019-09-12 09:26:09,345 [grpc-default-executor-2] INFO  client.GrpcClientProtocolClient (GrpcClientProtocolClient.java:onNext(264)) - client-8B023739F3BF->b50d6464-f54a-40d1-9f81-f1c19654fd05: receive RaftClientReply:client-8B023739F3BF->b50d6464-f54a-40d1-9f81-f1c19654fd05@group-1F53027F28E3, cid=1430, SUCCESS, logIndex=2037, commits[b50d6464-f54a-40d1-9f81-f1c19654fd05:c2037]
2019-09-12 09:26:09,346 [grpc-default-executor-2] INFO  client.GrpcClientProtocolClient (GrpcClientProtocolClient.java:onNext(264)) - client-8B023739F3BF->b50d6464-f54a-40d1-9f81-f1c19654fd05: receive RaftClientReply:client-8B023739F3BF->b50d6464-f54a-40d1-9f81-f1c19654fd05@group-1F53027F28E3, cid=1431, SUCCESS, logIndex=2038, commits[b50d6464-f54a-40d1-9f81-f1c19654fd05:c2039]
2019-09-12 09:26:09,346 [grpc-default-executor-2] INFO  client.GrpcClientProtocolClient (GrpcClientProtocolClient.java:onNext(264)) - client-8B023739F3BF->b50d6464-f54a-40d1-9f81-f1c19654fd05: receive RaftClientReply:client-8B023739F3BF->b50d6464-f54a-40d1-9f81-f1c19654fd05@group-1F53027F28E3, cid=1432, SUCCESS, logIndex=2039, commits[b50d6464-f54a-40d1-9f81-f1c19654fd05:c2040]
2019-09-12 09:26:09,376 [grpc-default-executor-1] INFO  client.GrpcClientProtocolClient (GrpcClientProtocolClient.java:onNext(264)) - client-8B023739F3BF->b50d6464-f54a-40d1-9f81-f1c19654fd05: receive RaftClientReply:client-8B023739F3BF->b50d6464-f54a-40d1-9f81-f1c19654fd05@group-1F53027F28E3, cid=1433, SUCCESS, logIndex=2042, commits[b50d6464-f54a-40d1-9f81-f1c19654fd05:c2045]
2019-09-12 09:26:09,377 [grpc-default-executor-1] INFO  client.GrpcClientProtocolClient (GrpcClientProtocolClient.java:onNext(264)) - client-8B023739F3BF->b50d6464-f54a-40d1-9f81-f1c19654fd05: receive RaftClientReply:client-8B023739F3BF->b50d6464-f54a-40d1-9f81-f1c19654fd05@group-1F53027F28E3, cid=1434, SUCCESS, logIndex=2043, commits[b50d6464-f54a-40d1-9f81-f1c19654fd05:c2045]
2019-09-12 09:26:09,377 [grpc-default-executor-1] INFO  client.GrpcClientProtocolClient (GrpcClientProtocolClient.java:onNext(264)) - client-8B023739F3BF->b50d6464-f54a-40d1-9f81-f1c19654fd05: receive RaftClientReply:client-8B023739F3BF->b50d6464-f54a-40d1-9f81-f1c19654fd05@group-1F53027F28E3, cid=1435, SUCCESS, logIndex=2044, commits[b50d6464-f54a-40d1-9f81-f1c19654fd05:c2045]
2019-09-12 09:26:09,378 [grpc-default-executor-1] INFO  client.GrpcClientProtocolClient (GrpcClientProtocolClient.java:onNext(264)) - client-8B023739F3BF->b50d6464-f54a-40d1-9f81-f1c19654fd05: receive RaftClientReply:client-8B023739F3BF->b50d6464-f54a-40d1-9f81-f1c19654fd05@group-1F53027F28E3, cid=1436, SUCCESS, logIndex=2045, commits[b50d6464-f54a-40d1-9f81-f1c19654fd05:c2045]
2019-09-12 09:26:09,399 [grpc-default-executor-1] INFO  client.GrpcClientProtocolClient (GrpcClientProtocolClient.java:onNext(264)) - client-8B023739F3BF->b50d6464-f54a-40d1-9f81-f1c19654fd05: receive RaftClientReply:client-8B023739F3BF->b50d6464-f54a-40d1-9f81-f1c19654fd05@group-1F53027F28E3, cid=1437, SUCCESS, logIndex=2048, commits[b50d6464-f54a-40d1-9f81-f1c19654fd05:c2051]
2019-09-12 09:26:09,399 [grpc-default-executor-1] INFO  client.GrpcClientProtocolClient (GrpcClientProtocolClient.java:onNext(264)) - client-8B023739F3BF->b50d6464-f54a-40d1-9f81-f1c19654fd05: receive RaftClientReply:client-8B023739F3BF->b50d6464-f54a-40d1-9f81-f1c19654fd05@group-1F53027F28E3, cid=1438, SUCCESS, logIndex=2049, commits[b50d6464-f54a-40d1-9f81-f1c19654fd05:c2052]
2019-09-12 09:26:09,399 [grpc-default-executor-1] INFO  client.GrpcClientProtocolClient (GrpcClientProtocolClient.java:onNext(264)) - client-8B023739F3BF->b50d6464-f54a-40d1-9f81-f1c19654fd05: receive RaftClientReply:client-8B023739F3BF->b50d6464-f54a-40d1-9f81-f1c19654fd05@group-1F53027F28E3, cid=1439, SUCCESS, logIndex=2050, commits[b50d6464-f54a-40d1-9f81-f1c19654fd05:c2052]
2019-09-12 09:26:09,400 [grpc-default-executor-1] INFO  client.GrpcClientProtocolClient (GrpcClientProtocolClient.java:onNext(264)) - client-8B023739F3BF->b50d6464-f54a-40d1-9f81-f1c19654fd05: receive RaftClientReply:client-8B023739F3BF->b50d6464-f54a-40d1-9f81-f1c19654fd05@group-1F53027F28E3, cid=1440, SUCCESS, logIndex=2051, commits[b50d6464-f54a-40d1-9f81-f1c19654fd05:c2052]
2019-09-12 09:26:09,425 [grpc-default-executor-2] INFO  client.GrpcClientProtocolClient (GrpcClientProtocolClient.java:onNext(264)) - client-8B023739F3BF->b50d6464-f54a-40d1-9f81-f1c19654fd05: receive RaftClientReply:client-8B023739F3BF->b50d6464-f54a-40d1-9f81-f1c19654fd05@group-1F53027F28E3, cid=1441, SUCCESS, logIndex=2053, commits[b50d6464-f54a-40d1-9f81-f1c19654fd05:c2054]
2019-09-12 09:26:09,425 [grpc-default-executor-2] INFO  client.GrpcClientProtocolClient (GrpcClientProtocolClient.java:onNext(264)) - client-8B023739F3BF->b50d6464-f54a-40d1-9f81-f1c19654fd05: receive RaftClientReply:client-8B023739F3BF->b50d6464-f54a-40d1-9f81-f1c19654fd05@group-1F53027F28E3, cid=1442, SUCCESS, logIndex=2054, commits[b50d6464-f54a-40d1-9f81-f1c19654fd05:c2056]
2019-09-12 09:26:09,426 [grpc-default-executor-2] INFO  client.GrpcClientProtocolClient (GrpcClientProtocolClient.java:onNext(264)) - client-8B023739F3BF->b50d6464-f54a-40d1-9f81-f1c19654fd05: receive RaftClientReply:client-8B023739F3BF->b50d6464-f54a-40d1-9f81-f1c19654fd05@group-1F53027F28E3, cid=1443, SUCCESS, logIndex=2055, commits[b50d6464-f54a-40d1-9f81-f1c19654fd05:c2057]
2019-09-12 09:26:09,426 [grpc-default-executor-2] INFO  client.GrpcClientProtocolClient (GrpcClientProtocolClient.java:onNext(264)) - client-8B023739F3BF->b50d6464-f54a-40d1-9f81-f1c19654fd05: receive RaftClientReply:client-8B023739F3BF->b50d6464-f54a-40d1-9f81-f1c19654fd05@group-1F53027F28E3, cid=1444, SUCCESS, logIndex=2056, commits[b50d6464-f54a-40d1-9f81-f1c19654fd05:c2057]
2019-09-12 09:26:09,434 [SCMBlockDeletingService#0] DEBUG block.SCMBlockDeletingService (SCMBlockDeletingService.java:call(138)) - Running DeletedBlockTransactionScanner
2019-09-12 09:26:09,434 [SCMBlockDeletingService#0] DEBUG block.SCMBlockDeletingService (SCMBlockDeletingService.java:call(155)) - Scanned deleted blocks log and got 0 delTX to process.
2019-09-12 09:26:09,446 [grpc-default-executor-1] INFO  client.GrpcClientProtocolClient (GrpcClientProtocolClient.java:onNext(264)) - client-8B023739F3BF->b50d6464-f54a-40d1-9f81-f1c19654fd05: receive RaftClientReply:client-8B023739F3BF->b50d6464-f54a-40d1-9f81-f1c19654fd05@group-1F53027F28E3, cid=1445, SUCCESS, logIndex=2059, commits[b50d6464-f54a-40d1-9f81-f1c19654fd05:c2062]
2019-09-12 09:26:09,447 [grpc-default-executor-1] INFO  client.GrpcClientProtocolClient (GrpcClientProtocolClient.java:onNext(264)) - client-8B023739F3BF->b50d6464-f54a-40d1-9f81-f1c19654fd05: receive RaftClientReply:client-8B023739F3BF->b50d6464-f54a-40d1-9f81-f1c19654fd05@group-1F53027F28E3, cid=1446, SUCCESS, logIndex=2060, commits[b50d6464-f54a-40d1-9f81-f1c19654fd05:c2062]
2019-09-12 09:26:09,447 [grpc-default-executor-1] INFO  client.GrpcClientProtocolClient (GrpcClientProtocolClient.java:onNext(264)) - client-8B023739F3BF->b50d6464-f54a-40d1-9f81-f1c19654fd05: receive RaftClientReply:client-8B023739F3BF->b50d6464-f54a-40d1-9f81-f1c19654fd05@group-1F53027F28E3, cid=1447, SUCCESS, logIndex=2061, commits[b50d6464-f54a-40d1-9f81-f1c19654fd05:c2062]
2019-09-12 09:26:09,447 [grpc-default-executor-1] INFO  client.GrpcClientProtocolClient (GrpcClientProtocolClient.java:onNext(264)) - client-8B023739F3BF->b50d6464-f54a-40d1-9f81-f1c19654fd05: receive RaftClientReply:client-8B023739F3BF->b50d6464-f54a-40d1-9f81-f1c19654fd05@group-1F53027F28E3, cid=1448, SUCCESS, logIndex=2062, commits[b50d6464-f54a-40d1-9f81-f1c19654fd05:c2062]
2019-09-12 09:26:09,487 [grpc-default-executor-1] INFO  client.GrpcClientProtocolClient (GrpcClientProtocolClient.java:onNext(264)) - client-8B023739F3BF->b50d6464-f54a-40d1-9f81-f1c19654fd05: receive RaftClientReply:client-8B023739F3BF->b50d6464-f54a-40d1-9f81-f1c19654fd05@group-1F53027F28E3, cid=1449, SUCCESS, logIndex=2064, commits[b50d6464-f54a-40d1-9f81-f1c19654fd05:c2065]
2019-09-12 09:26:09,488 [grpc-default-executor-1] INFO  client.GrpcClientProtocolClient (GrpcClientProtocolClient.java:onNext(264)) - client-8B023739F3BF->b50d6464-f54a-40d1-9f81-f1c19654fd05: receive RaftClientReply:client-8B023739F3BF->b50d6464-f54a-40d1-9f81-f1c19654fd05@group-1F53027F28E3, cid=1450, SUCCESS, logIndex=2065, commits[b50d6464-f54a-40d1-9f81-f1c19654fd05:c2065]
2019-09-12 09:26:09,511 [grpc-default-executor-1] INFO  client.GrpcClientProtocolClient (GrpcClientProtocolClient.java:onNext(264)) - client-8B023739F3BF->b50d6464-f54a-40d1-9f81-f1c19654fd05: receive RaftClientReply:client-8B023739F3BF->b50d6464-f54a-40d1-9f81-f1c19654fd05@group-1F53027F28E3, cid=1451, SUCCESS, logIndex=2066, commits[b50d6464-f54a-40d1-9f81-f1c19654fd05:c2067]
2019-09-12 09:26:09,511 [grpc-default-executor-1] INFO  client.GrpcClientProtocolClient (GrpcClientProtocolClient.java:onNext(264)) - client-8B023739F3BF->b50d6464-f54a-40d1-9f81-f1c19654fd05: receive RaftClientReply:client-8B023739F3BF->b50d6464-f54a-40d1-9f81-f1c19654fd05@group-1F53027F28E3, cid=1452, SUCCESS, logIndex=2067, commits[b50d6464-f54a-40d1-9f81-f1c19654fd05:c2067]
2019-09-12 09:26:09,535 [SCMBlockDeletingService#0] DEBUG block.SCMBlockDeletingService (SCMBlockDeletingService.java:call(138)) - Running DeletedBlockTransactionScanner
2019-09-12 09:26:09,535 [SCMBlockDeletingService#0] DEBUG block.SCMBlockDeletingService (SCMBlockDeletingService.java:call(155)) - Scanned deleted blocks log and got 0 delTX to process.
2019-09-12 09:26:09,551 [grpc-default-executor-2] INFO  client.GrpcClientProtocolClient (GrpcClientProtocolClient.java:onNext(264)) - client-8B023739F3BF->b50d6464-f54a-40d1-9f81-f1c19654fd05: receive RaftClientReply:client-8B023739F3BF->b50d6464-f54a-40d1-9f81-f1c19654fd05@group-1F53027F28E3, cid=1453, SUCCESS, logIndex=2070, commits[b50d6464-f54a-40d1-9f81-f1c19654fd05:c2073]
2019-09-12 09:26:09,552 [grpc-default-executor-2] INFO  client.GrpcClientProtocolClient (GrpcClientProtocolClient.java:onNext(264)) - client-8B023739F3BF->b50d6464-f54a-40d1-9f81-f1c19654fd05: receive RaftClientReply:client-8B023739F3BF->b50d6464-f54a-40d1-9f81-f1c19654fd05@group-1F53027F28E3, cid=1454, SUCCESS, logIndex=2071, commits[b50d6464-f54a-40d1-9f81-f1c19654fd05:c2074]
2019-09-12 09:26:09,552 [grpc-default-executor-2] INFO  client.GrpcClientProtocolClient (GrpcClientProtocolClient.java:onNext(264)) - client-8B023739F3BF->b50d6464-f54a-40d1-9f81-f1c19654fd05: receive RaftClientReply:client-8B023739F3BF->b50d6464-f54a-40d1-9f81-f1c19654fd05@group-1F53027F28E3, cid=1455, SUCCESS, logIndex=2072, commits[b50d6464-f54a-40d1-9f81-f1c19654fd05:c2074]
2019-09-12 09:26:09,552 [grpc-default-executor-2] INFO  client.GrpcClientProtocolClient (GrpcClientProtocolClient.java:onNext(264)) - client-8B023739F3BF->b50d6464-f54a-40d1-9f81-f1c19654fd05: receive RaftClientReply:client-8B023739F3BF->b50d6464-f54a-40d1-9f81-f1c19654fd05@group-1F53027F28E3, cid=1456, SUCCESS, logIndex=2073, commits[b50d6464-f54a-40d1-9f81-f1c19654fd05:c2074]
2019-09-12 09:26:09,576 [grpc-default-executor-2] INFO  client.GrpcClientProtocolClient (GrpcClientProtocolClient.java:onNext(264)) - client-8B023739F3BF->b50d6464-f54a-40d1-9f81-f1c19654fd05: receive RaftClientReply:client-8B023739F3BF->b50d6464-f54a-40d1-9f81-f1c19654fd05@group-1F53027F28E3, cid=1457, SUCCESS, logIndex=2075, commits[b50d6464-f54a-40d1-9f81-f1c19654fd05:c2076]
2019-09-12 09:26:09,577 [grpc-default-executor-2] INFO  client.GrpcClientProtocolClient (GrpcClientProtocolClient.java:onNext(264)) - client-8B023739F3BF->b50d6464-f54a-40d1-9f81-f1c19654fd05: receive RaftClientReply:client-8B023739F3BF->b50d6464-f54a-40d1-9f81-f1c19654fd05@group-1F53027F28E3, cid=1458, SUCCESS, logIndex=2076, commits[b50d6464-f54a-40d1-9f81-f1c19654fd05:c2077]
2019-09-12 09:26:09,635 [SCMBlockDeletingService#0] DEBUG block.SCMBlockDeletingService (SCMBlockDeletingService.java:call(138)) - Running DeletedBlockTransactionScanner
2019-09-12 09:26:09,635 [SCMBlockDeletingService#0] DEBUG block.SCMBlockDeletingService (SCMBlockDeletingService.java:call(155)) - Scanned deleted blocks log and got 0 delTX to process.
2019-09-12 09:26:09,680 [grpc-default-executor-2] INFO  client.GrpcClientProtocolClient (GrpcClientProtocolClient.java:onNext(264)) - client-8B023739F3BF->b50d6464-f54a-40d1-9f81-f1c19654fd05: receive RaftClientReply:client-8B023739F3BF->b50d6464-f54a-40d1-9f81-f1c19654fd05@group-1F53027F28E3, cid=1459, SUCCESS, logIndex=2078, commits[b50d6464-f54a-40d1-9f81-f1c19654fd05:c2079]
2019-09-12 09:26:09,681 [grpc-default-executor-2] INFO  client.GrpcClientProtocolClient (GrpcClientProtocolClient.java:onNext(264)) - client-8B023739F3BF->b50d6464-f54a-40d1-9f81-f1c19654fd05: receive RaftClientReply:client-8B023739F3BF->b50d6464-f54a-40d1-9f81-f1c19654fd05@group-1F53027F28E3, cid=1460, SUCCESS, logIndex=2079, commits[b50d6464-f54a-40d1-9f81-f1c19654fd05:c2079]
2019-09-12 09:26:10,238 [SCMBlockDeletingService#0] DEBUG block.SCMBlockDeletingService (SCMBlockDeletingService.java:call(138)) - Running DeletedBlockTransactionScanner
2019-09-12 09:26:10,238 [SCMBlockDeletingService#0] DEBUG block.SCMBlockDeletingService (SCMBlockDeletingService.java:call(155)) - Scanned deleted blocks log and got 0 delTX to process.
2019-09-12 09:26:10,262 [grpc-default-executor-1] INFO  client.GrpcClientProtocolClient (GrpcClientProtocolClient.java:onNext(264)) - client-8B023739F3BF->b50d6464-f54a-40d1-9f81-f1c19654fd05: receive RaftClientReply:client-8B023739F3BF->b50d6464-f54a-40d1-9f81-f1c19654fd05@group-1F53027F28E3, cid=1461, SUCCESS, logIndex=2081, commits[b50d6464-f54a-40d1-9f81-f1c19654fd05:c2082]
2019-09-12 09:26:10,262 [grpc-default-executor-1] INFO  client.GrpcClientProtocolClient (GrpcClientProtocolClient.java:onNext(264)) - client-8B023739F3BF->b50d6464-f54a-40d1-9f81-f1c19654fd05: receive RaftClientReply:client-8B023739F3BF->b50d6464-f54a-40d1-9f81-f1c19654fd05@group-1F53027F28E3, cid=1462, SUCCESS, logIndex=2082, commits[b50d6464-f54a-40d1-9f81-f1c19654fd05:c2084]
2019-09-12 09:26:10,263 [grpc-default-executor-1] INFO  client.GrpcClientProtocolClient (GrpcClientProtocolClient.java:onNext(264)) - client-8B023739F3BF->b50d6464-f54a-40d1-9f81-f1c19654fd05: receive RaftClientReply:client-8B023739F3BF->b50d6464-f54a-40d1-9f81-f1c19654fd05@group-1F53027F28E3, cid=1463, SUCCESS, logIndex=2083, commits[b50d6464-f54a-40d1-9f81-f1c19654fd05:c2084]
2019-09-12 09:26:10,265 [grpc-default-executor-1] INFO  client.GrpcClientProtocolClient (GrpcClientProtocolClient.java:onNext(264)) - client-8B023739F3BF->b50d6464-f54a-40d1-9f81-f1c19654fd05: receive RaftClientReply:client-8B023739F3BF->b50d6464-f54a-40d1-9f81-f1c19654fd05@group-1F53027F28E3, cid=1464, SUCCESS, logIndex=2084, commits[b50d6464-f54a-40d1-9f81-f1c19654fd05:c2084]
2019-09-12 09:26:10,283 [grpc-default-executor-1] INFO  client.GrpcClientProtocolClient (GrpcClientProtocolClient.java:onNext(264)) - client-8B023739F3BF->b50d6464-f54a-40d1-9f81-f1c19654fd05: receive RaftClientReply:client-8B023739F3BF->b50d6464-f54a-40d1-9f81-f1c19654fd05@group-1F53027F28E3, cid=1465, SUCCESS, logIndex=2087, commits[b50d6464-f54a-40d1-9f81-f1c19654fd05:c2088]
2019-09-12 09:26:10,284 [grpc-default-executor-1] INFO  client.GrpcClientProtocolClient (GrpcClientProtocolClient.java:onNext(264)) - client-8B023739F3BF->b50d6464-f54a-40d1-9f81-f1c19654fd05: receive RaftClientReply:client-8B023739F3BF->b50d6464-f54a-40d1-9f81-f1c19654fd05@group-1F53027F28E3, cid=1466, SUCCESS, logIndex=2088, commits[b50d6464-f54a-40d1-9f81-f1c19654fd05:c2088]
2019-09-12 09:26:10,285 [grpc-default-executor-1] INFO  client.GrpcClientProtocolClient (GrpcClientProtocolClient.java:onNext(264)) - client-8B023739F3BF->b50d6464-f54a-40d1-9f81-f1c19654fd05: receive RaftClientReply:client-8B023739F3BF->b50d6464-f54a-40d1-9f81-f1c19654fd05@group-1F53027F28E3, cid=1467, SUCCESS, logIndex=2089, commits[b50d6464-f54a-40d1-9f81-f1c19654fd05:c2091]
2019-09-12 09:26:10,285 [grpc-default-executor-1] INFO  client.GrpcClientProtocolClient (GrpcClientProtocolClient.java:onNext(264)) - client-8B023739F3BF->b50d6464-f54a-40d1-9f81-f1c19654fd05: receive RaftClientReply:client-8B023739F3BF->b50d6464-f54a-40d1-9f81-f1c19654fd05@group-1F53027F28E3, cid=1468, SUCCESS, logIndex=2090, commits[b50d6464-f54a-40d1-9f81-f1c19654fd05:c2091]
2019-09-12 09:26:10,295 [grpc-default-executor-2] INFO  client.GrpcClientProtocolClient (GrpcClientProtocolClient.java:onNext(264)) - client-8B023739F3BF->b50d6464-f54a-40d1-9f81-f1c19654fd05: receive RaftClientReply:client-8B023739F3BF->b50d6464-f54a-40d1-9f81-f1c19654fd05@group-1F53027F28E3, cid=1469, SUCCESS, logIndex=2092, commits[b50d6464-f54a-40d1-9f81-f1c19654fd05:c2093]
2019-09-12 09:26:10,295 [grpc-default-executor-2] INFO  client.GrpcClientProtocolClient (GrpcClientProtocolClient.java:onNext(264)) - client-8B023739F3BF->b50d6464-f54a-40d1-9f81-f1c19654fd05: receive RaftClientReply:client-8B023739F3BF->b50d6464-f54a-40d1-9f81-f1c19654fd05@group-1F53027F28E3, cid=1470, SUCCESS, logIndex=2093, commits[b50d6464-f54a-40d1-9f81-f1c19654fd05:c2093]
2019-09-12 09:26:10,297 [grpc-default-executor-2] INFO  client.GrpcClientProtocolClient (GrpcClientProtocolClient.java:onNext(264)) - client-8B023739F3BF->b50d6464-f54a-40d1-9f81-f1c19654fd05: receive RaftClientReply:client-8B023739F3BF->b50d6464-f54a-40d1-9f81-f1c19654fd05@group-1F53027F28E3, cid=1471, SUCCESS, logIndex=2094, commits[b50d6464-f54a-40d1-9f81-f1c19654fd05:c2096]
2019-09-12 09:26:10,298 [grpc-default-executor-2] INFO  client.GrpcClientProtocolClient (GrpcClientProtocolClient.java:onNext(264)) - client-8B023739F3BF->b50d6464-f54a-40d1-9f81-f1c19654fd05: receive RaftClientReply:client-8B023739F3BF->b50d6464-f54a-40d1-9f81-f1c19654fd05@group-1F53027F28E3, cid=1472, SUCCESS, logIndex=2096, commits[b50d6464-f54a-40d1-9f81-f1c19654fd05:c2096]
2019-09-12 09:26:10,317 [grpc-default-executor-2] INFO  client.GrpcClientProtocolClient (GrpcClientProtocolClient.java:onNext(264)) - client-8B023739F3BF->b50d6464-f54a-40d1-9f81-f1c19654fd05: receive RaftClientReply:client-8B023739F3BF->b50d6464-f54a-40d1-9f81-f1c19654fd05@group-1F53027F28E3, cid=1473, SUCCESS, logIndex=2098, commits[b50d6464-f54a-40d1-9f81-f1c19654fd05:c2101]
2019-09-12 09:26:10,317 [grpc-default-executor-2] INFO  client.GrpcClientProtocolClient (GrpcClientProtocolClient.java:onNext(264)) - client-8B023739F3BF->b50d6464-f54a-40d1-9f81-f1c19654fd05: receive RaftClientReply:client-8B023739F3BF->b50d6464-f54a-40d1-9f81-f1c19654fd05@group-1F53027F28E3, cid=1474, SUCCESS, logIndex=2099, commits[b50d6464-f54a-40d1-9f81-f1c19654fd05:c2102]
2019-09-12 09:26:10,318 [grpc-default-executor-2] INFO  client.GrpcClientProtocolClient (GrpcClientProtocolClient.java:onNext(264)) - client-8B023739F3BF->b50d6464-f54a-40d1-9f81-f1c19654fd05: receive RaftClientReply:client-8B023739F3BF->b50d6464-f54a-40d1-9f81-f1c19654fd05@group-1F53027F28E3, cid=1475, SUCCESS, logIndex=2100, commits[b50d6464-f54a-40d1-9f81-f1c19654fd05:c2102]
2019-09-12 09:26:10,318 [grpc-default-executor-2] INFO  client.GrpcClientProtocolClient (GrpcClientProtocolClient.java:onNext(264)) - client-8B023739F3BF->b50d6464-f54a-40d1-9f81-f1c19654fd05: receive RaftClientReply:client-8B023739F3BF->b50d6464-f54a-40d1-9f81-f1c19654fd05@group-1F53027F28E3, cid=1476, SUCCESS, logIndex=2101, commits[b50d6464-f54a-40d1-9f81-f1c19654fd05:c2102]
2019-09-12 09:26:10,337 [grpc-default-executor-1] INFO  client.GrpcClientProtocolClient (GrpcClientProtocolClient.java:onNext(264)) - client-8B023739F3BF->b50d6464-f54a-40d1-9f81-f1c19654fd05: receive RaftClientReply:client-8B023739F3BF->b50d6464-f54a-40d1-9f81-f1c19654fd05@group-1F53027F28E3, cid=1477, SUCCESS, logIndex=2103, commits[b50d6464-f54a-40d1-9f81-f1c19654fd05:c2106]
2019-09-12 09:26:10,337 [grpc-default-executor-1] INFO  client.GrpcClientProtocolClient (GrpcClientProtocolClient.java:onNext(264)) - client-8B023739F3BF->b50d6464-f54a-40d1-9f81-f1c19654fd05: receive RaftClientReply:client-8B023739F3BF->b50d6464-f54a-40d1-9f81-f1c19654fd05@group-1F53027F28E3, cid=1478, SUCCESS, logIndex=2104, commits[b50d6464-f54a-40d1-9f81-f1c19654fd05:c2107]
2019-09-12 09:26:10,338 [grpc-default-executor-1] INFO  client.GrpcClientProtocolClient (GrpcClientProtocolClient.java:onNext(264)) - client-8B023739F3BF->b50d6464-f54a-40d1-9f81-f1c19654fd05: receive RaftClientReply:client-8B023739F3BF->b50d6464-f54a-40d1-9f81-f1c19654fd05@group-1F53027F28E3, cid=1479, SUCCESS, logIndex=2105, commits[b50d6464-f54a-40d1-9f81-f1c19654fd05:c2107]
2019-09-12 09:26:10,338 [grpc-default-executor-1] INFO  client.GrpcClientProtocolClient (GrpcClientProtocolClient.java:onNext(264)) - client-8B023739F3BF->b50d6464-f54a-40d1-9f81-f1c19654fd05: receive RaftClientReply:client-8B023739F3BF->b50d6464-f54a-40d1-9f81-f1c19654fd05@group-1F53027F28E3, cid=1480, SUCCESS, logIndex=2106, commits[b50d6464-f54a-40d1-9f81-f1c19654fd05:c2107]
2019-09-12 09:26:10,339 [SCMBlockDeletingService#0] DEBUG block.SCMBlockDeletingService (SCMBlockDeletingService.java:call(138)) - Running DeletedBlockTransactionScanner
2019-09-12 09:26:10,339 [SCMBlockDeletingService#0] DEBUG block.SCMBlockDeletingService (SCMBlockDeletingService.java:call(155)) - Scanned deleted blocks log and got 0 delTX to process.
2019-09-12 09:26:10,361 [grpc-default-executor-1] INFO  client.GrpcClientProtocolClient (GrpcClientProtocolClient.java:onNext(264)) - client-8B023739F3BF->b50d6464-f54a-40d1-9f81-f1c19654fd05: receive RaftClientReply:client-8B023739F3BF->b50d6464-f54a-40d1-9f81-f1c19654fd05@group-1F53027F28E3, cid=1481, SUCCESS, logIndex=2108, commits[b50d6464-f54a-40d1-9f81-f1c19654fd05:c2111]
2019-09-12 09:26:10,362 [grpc-default-executor-1] INFO  client.GrpcClientProtocolClient (GrpcClientProtocolClient.java:onNext(264)) - client-8B023739F3BF->b50d6464-f54a-40d1-9f81-f1c19654fd05: receive RaftClientReply:client-8B023739F3BF->b50d6464-f54a-40d1-9f81-f1c19654fd05@group-1F53027F28E3, cid=1482, SUCCESS, logIndex=2109, commits[b50d6464-f54a-40d1-9f81-f1c19654fd05:c2112]
2019-09-12 09:26:10,362 [grpc-default-executor-1] INFO  client.GrpcClientProtocolClient (GrpcClientProtocolClient.java:onNext(264)) - client-8B023739F3BF->b50d6464-f54a-40d1-9f81-f1c19654fd05: receive RaftClientReply:client-8B023739F3BF->b50d6464-f54a-40d1-9f81-f1c19654fd05@group-1F53027F28E3, cid=1483, SUCCESS, logIndex=2110, commits[b50d6464-f54a-40d1-9f81-f1c19654fd05:c2112]
2019-09-12 09:26:10,362 [grpc-default-executor-1] INFO  client.GrpcClientProtocolClient (GrpcClientProtocolClient.java:onNext(264)) - client-8B023739F3BF->b50d6464-f54a-40d1-9f81-f1c19654fd05: receive RaftClientReply:client-8B023739F3BF->b50d6464-f54a-40d1-9f81-f1c19654fd05@group-1F53027F28E3, cid=1484, SUCCESS, logIndex=2111, commits[b50d6464-f54a-40d1-9f81-f1c19654fd05:c2112]
2019-09-12 09:26:10,383 [grpc-default-executor-1] INFO  client.GrpcClientProtocolClient (GrpcClientProtocolClient.java:onNext(264)) - client-8B023739F3BF->b50d6464-f54a-40d1-9f81-f1c19654fd05: receive RaftClientReply:client-8B023739F3BF->b50d6464-f54a-40d1-9f81-f1c19654fd05@group-1F53027F28E3, cid=1485, SUCCESS, logIndex=2113, commits[b50d6464-f54a-40d1-9f81-f1c19654fd05:c2116]
2019-09-12 09:26:10,383 [grpc-default-executor-1] INFO  client.GrpcClientProtocolClient (GrpcClientProtocolClient.java:onNext(264)) - client-8B023739F3BF->b50d6464-f54a-40d1-9f81-f1c19654fd05: receive RaftClientReply:client-8B023739F3BF->b50d6464-f54a-40d1-9f81-f1c19654fd05@group-1F53027F28E3, cid=1486, SUCCESS, logIndex=2114, commits[b50d6464-f54a-40d1-9f81-f1c19654fd05:c2116]
2019-09-12 09:26:10,384 [grpc-default-executor-1] INFO  client.GrpcClientProtocolClient (GrpcClientProtocolClient.java:onNext(264)) - client-8B023739F3BF->b50d6464-f54a-40d1-9f81-f1c19654fd05: receive RaftClientReply:client-8B023739F3BF->b50d6464-f54a-40d1-9f81-f1c19654fd05@group-1F53027F28E3, cid=1487, SUCCESS, logIndex=2115, commits[b50d6464-f54a-40d1-9f81-f1c19654fd05:c2116]
2019-09-12 09:26:10,384 [grpc-default-executor-1] INFO  client.GrpcClientProtocolClient (GrpcClientProtocolClient.java:onNext(264)) - client-8B023739F3BF->b50d6464-f54a-40d1-9f81-f1c19654fd05: receive RaftClientReply:client-8B023739F3BF->b50d6464-f54a-40d1-9f81-f1c19654fd05@group-1F53027F28E3, cid=1488, SUCCESS, logIndex=2116, commits[b50d6464-f54a-40d1-9f81-f1c19654fd05:c2116]
2019-09-12 09:26:10,411 [grpc-default-executor-1] INFO  client.GrpcClientProtocolClient (GrpcClientProtocolClient.java:onNext(264)) - client-8B023739F3BF->b50d6464-f54a-40d1-9f81-f1c19654fd05: receive RaftClientReply:client-8B023739F3BF->b50d6464-f54a-40d1-9f81-f1c19654fd05@group-1F53027F28E3, cid=1489, SUCCESS, logIndex=2118, commits[b50d6464-f54a-40d1-9f81-f1c19654fd05:c2119]
2019-09-12 09:26:10,411 [grpc-default-executor-1] INFO  client.GrpcClientProtocolClient (GrpcClientProtocolClient.java:onNext(264)) - client-8B023739F3BF->b50d6464-f54a-40d1-9f81-f1c19654fd05: receive RaftClientReply:client-8B023739F3BF->b50d6464-f54a-40d1-9f81-f1c19654fd05@group-1F53027F28E3, cid=1490, SUCCESS, logIndex=2119, commits[b50d6464-f54a-40d1-9f81-f1c19654fd05:c2121]
2019-09-12 09:26:10,412 [grpc-default-executor-1] INFO  client.GrpcClientProtocolClient (GrpcClientProtocolClient.java:onNext(264)) - client-8B023739F3BF->b50d6464-f54a-40d1-9f81-f1c19654fd05: receive RaftClientReply:client-8B023739F3BF->b50d6464-f54a-40d1-9f81-f1c19654fd05@group-1F53027F28E3, cid=1491, SUCCESS, logIndex=2120, commits[b50d6464-f54a-40d1-9f81-f1c19654fd05:c2122]
2019-09-12 09:26:10,412 [grpc-default-executor-1] INFO  client.GrpcClientProtocolClient (GrpcClientProtocolClient.java:onNext(264)) - client-8B023739F3BF->b50d6464-f54a-40d1-9f81-f1c19654fd05: receive RaftClientReply:client-8B023739F3BF->b50d6464-f54a-40d1-9f81-f1c19654fd05@group-1F53027F28E3, cid=1492, SUCCESS, logIndex=2121, commits[b50d6464-f54a-40d1-9f81-f1c19654fd05:c2123]
2019-09-12 09:26:10,432 [grpc-default-executor-1] INFO  client.GrpcClientProtocolClient (GrpcClientProtocolClient.java:onNext(264)) - client-8B023739F3BF->b50d6464-f54a-40d1-9f81-f1c19654fd05: receive RaftClientReply:client-8B023739F3BF->b50d6464-f54a-40d1-9f81-f1c19654fd05@group-1F53027F28E3, cid=1493, SUCCESS, logIndex=2124, commits[b50d6464-f54a-40d1-9f81-f1c19654fd05:c2125]
2019-09-12 09:26:10,432 [grpc-default-executor-1] INFO  client.GrpcClientProtocolClient (GrpcClientProtocolClient.java:onNext(264)) - client-8B023739F3BF->b50d6464-f54a-40d1-9f81-f1c19654fd05: receive RaftClientReply:client-8B023739F3BF->b50d6464-f54a-40d1-9f81-f1c19654fd05@group-1F53027F28E3, cid=1494, SUCCESS, logIndex=2125, commits[b50d6464-f54a-40d1-9f81-f1c19654fd05:c2127]
2019-09-12 09:26:10,433 [grpc-default-executor-1] INFO  client.GrpcClientProtocolClient (GrpcClientProtocolClient.java:onNext(264)) - client-8B023739F3BF->b50d6464-f54a-40d1-9f81-f1c19654fd05: receive RaftClientReply:client-8B023739F3BF->b50d6464-f54a-40d1-9f81-f1c19654fd05@group-1F53027F28E3, cid=1495, SUCCESS, logIndex=2126, commits[b50d6464-f54a-40d1-9f81-f1c19654fd05:c2128]
2019-09-12 09:26:10,433 [grpc-default-executor-1] INFO  client.GrpcClientProtocolClient (GrpcClientProtocolClient.java:onNext(264)) - client-8B023739F3BF->b50d6464-f54a-40d1-9f81-f1c19654fd05: receive RaftClientReply:client-8B023739F3BF->b50d6464-f54a-40d1-9f81-f1c19654fd05@group-1F53027F28E3, cid=1496, SUCCESS, logIndex=2127, commits[b50d6464-f54a-40d1-9f81-f1c19654fd05:c2129]
2019-09-12 09:26:10,439 [SCMBlockDeletingService#0] DEBUG block.SCMBlockDeletingService (SCMBlockDeletingService.java:call(138)) - Running DeletedBlockTransactionScanner
2019-09-12 09:26:10,440 [SCMBlockDeletingService#0] DEBUG block.SCMBlockDeletingService (SCMBlockDeletingService.java:call(155)) - Scanned deleted blocks log and got 0 delTX to process.
2019-09-12 09:26:10,460 [grpc-default-executor-2] INFO  client.GrpcClientProtocolClient (GrpcClientProtocolClient.java:onNext(264)) - client-8B023739F3BF->b50d6464-f54a-40d1-9f81-f1c19654fd05: receive RaftClientReply:client-8B023739F3BF->b50d6464-f54a-40d1-9f81-f1c19654fd05@group-1F53027F28E3, cid=1497, SUCCESS, logIndex=2130, commits[b50d6464-f54a-40d1-9f81-f1c19654fd05:c2133]
2019-09-12 09:26:10,460 [grpc-default-executor-2] INFO  client.GrpcClientProtocolClient (GrpcClientProtocolClient.java:onNext(264)) - client-8B023739F3BF->b50d6464-f54a-40d1-9f81-f1c19654fd05: receive RaftClientReply:client-8B023739F3BF->b50d6464-f54a-40d1-9f81-f1c19654fd05@group-1F53027F28E3, cid=1498, SUCCESS, logIndex=2131, commits[b50d6464-f54a-40d1-9f81-f1c19654fd05:c2134]
2019-09-12 09:26:10,461 [grpc-default-executor-2] INFO  client.GrpcClientProtocolClient (GrpcClientProtocolClient.java:onNext(264)) - client-8B023739F3BF->b50d6464-f54a-40d1-9f81-f1c19654fd05: receive RaftClientReply:client-8B023739F3BF->b50d6464-f54a-40d1-9f81-f1c19654fd05@group-1F53027F28E3, cid=1499, SUCCESS, logIndex=2132, commits[b50d6464-f54a-40d1-9f81-f1c19654fd05:c2134]
2019-09-12 09:26:10,461 [grpc-default-executor-2] INFO  client.GrpcClientProtocolClient (GrpcClientProtocolClient.java:onNext(264)) - client-8B023739F3BF->b50d6464-f54a-40d1-9f81-f1c19654fd05: receive RaftClientReply:client-8B023739F3BF->b50d6464-f54a-40d1-9f81-f1c19654fd05@group-1F53027F28E3, cid=1500, SUCCESS, logIndex=2133, commits[b50d6464-f54a-40d1-9f81-f1c19654fd05:c2134]
2019-09-12 09:26:10,480 [grpc-default-executor-2] INFO  client.GrpcClientProtocolClient (GrpcClientProtocolClient.java:onNext(264)) - client-8B023739F3BF->b50d6464-f54a-40d1-9f81-f1c19654fd05: receive RaftClientReply:client-8B023739F3BF->b50d6464-f54a-40d1-9f81-f1c19654fd05@group-1F53027F28E3, cid=1501, SUCCESS, logIndex=2135, commits[b50d6464-f54a-40d1-9f81-f1c19654fd05:c2136]
2019-09-12 09:26:10,480 [grpc-default-executor-2] INFO  client.GrpcClientProtocolClient (GrpcClientProtocolClient.java:onNext(264)) - client-8B023739F3BF->b50d6464-f54a-40d1-9f81-f1c19654fd05: receive RaftClientReply:client-8B023739F3BF->b50d6464-f54a-40d1-9f81-f1c19654fd05@group-1F53027F28E3, cid=1502, SUCCESS, logIndex=2136, commits[b50d6464-f54a-40d1-9f81-f1c19654fd05:c2137]
2019-09-12 09:26:10,540 [SCMBlockDeletingService#0] DEBUG block.SCMBlockDeletingService (SCMBlockDeletingService.java:call(138)) - Running DeletedBlockTransactionScanner
2019-09-12 09:26:10,540 [SCMBlockDeletingService#0] DEBUG block.SCMBlockDeletingService (SCMBlockDeletingService.java:call(155)) - Scanned deleted blocks log and got 0 delTX to process.
2019-09-12 09:26:10,570 [grpc-default-executor-1] INFO  client.GrpcClientProtocolClient (GrpcClientProtocolClient.java:onNext(264)) - client-8B023739F3BF->b50d6464-f54a-40d1-9f81-f1c19654fd05: receive RaftClientReply:client-8B023739F3BF->b50d6464-f54a-40d1-9f81-f1c19654fd05@group-1F53027F28E3, cid=1503, SUCCESS, logIndex=2138, commits[b50d6464-f54a-40d1-9f81-f1c19654fd05:c2139]
2019-09-12 09:26:10,571 [grpc-default-executor-1] INFO  client.GrpcClientProtocolClient (GrpcClientProtocolClient.java:onNext(264)) - client-8B023739F3BF->b50d6464-f54a-40d1-9f81-f1c19654fd05: receive RaftClientReply:client-8B023739F3BF->b50d6464-f54a-40d1-9f81-f1c19654fd05@group-1F53027F28E3, cid=1504, SUCCESS, logIndex=2139, commits[b50d6464-f54a-40d1-9f81-f1c19654fd05:c2140]
2019-09-12 09:26:10,597 [grpc-default-executor-1] INFO  client.GrpcClientProtocolClient (GrpcClientProtocolClient.java:onNext(264)) - client-8B023739F3BF->b50d6464-f54a-40d1-9f81-f1c19654fd05: receive RaftClientReply:client-8B023739F3BF->b50d6464-f54a-40d1-9f81-f1c19654fd05@group-1F53027F28E3, cid=1505, SUCCESS, logIndex=2141, commits[b50d6464-f54a-40d1-9f81-f1c19654fd05:c2144]
2019-09-12 09:26:10,598 [grpc-default-executor-1] INFO  client.GrpcClientProtocolClient (GrpcClientProtocolClient.java:onNext(264)) - client-8B023739F3BF->b50d6464-f54a-40d1-9f81-f1c19654fd05: receive RaftClientReply:client-8B023739F3BF->b50d6464-f54a-40d1-9f81-f1c19654fd05@group-1F53027F28E3, cid=1506, SUCCESS, logIndex=2142, commits[b50d6464-f54a-40d1-9f81-f1c19654fd05:c2144]
2019-09-12 09:26:10,598 [grpc-default-executor-1] INFO  client.GrpcClientProtocolClient (GrpcClientProtocolClient.java:onNext(264)) - client-8B023739F3BF->b50d6464-f54a-40d1-9f81-f1c19654fd05: receive RaftClientReply:client-8B023739F3BF->b50d6464-f54a-40d1-9f81-f1c19654fd05@group-1F53027F28E3, cid=1507, SUCCESS, logIndex=2143, commits[b50d6464-f54a-40d1-9f81-f1c19654fd05:c2145]
2019-09-12 09:26:10,599 [grpc-default-executor-1] INFO  client.GrpcClientProtocolClient (GrpcClientProtocolClient.java:onNext(264)) - client-8B023739F3BF->b50d6464-f54a-40d1-9f81-f1c19654fd05: receive RaftClientReply:client-8B023739F3BF->b50d6464-f54a-40d1-9f81-f1c19654fd05@group-1F53027F28E3, cid=1508, SUCCESS, logIndex=2144, commits[b50d6464-f54a-40d1-9f81-f1c19654fd05:c2145]
2019-09-12 09:26:10,614 [grpc-default-executor-1] INFO  client.GrpcClientProtocolClient (GrpcClientProtocolClient.java:onNext(264)) - client-8B023739F3BF->b50d6464-f54a-40d1-9f81-f1c19654fd05: receive RaftClientReply:client-8B023739F3BF->b50d6464-f54a-40d1-9f81-f1c19654fd05@group-1F53027F28E3, cid=1509, SUCCESS, logIndex=2147, commits[b50d6464-f54a-40d1-9f81-f1c19654fd05:c2148]
2019-09-12 09:26:10,614 [grpc-default-executor-1] INFO  client.GrpcClientProtocolClient (GrpcClientProtocolClient.java:onNext(264)) - client-8B023739F3BF->b50d6464-f54a-40d1-9f81-f1c19654fd05: receive RaftClientReply:client-8B023739F3BF->b50d6464-f54a-40d1-9f81-f1c19654fd05@group-1F53027F28E3, cid=1510, SUCCESS, logIndex=2148, commits[b50d6464-f54a-40d1-9f81-f1c19654fd05:c2148]
2019-09-12 09:26:10,614 [grpc-default-executor-1] INFO  client.GrpcClientProtocolClient (GrpcClientProtocolClient.java:onNext(264)) - client-8B023739F3BF->b50d6464-f54a-40d1-9f81-f1c19654fd05: receive RaftClientReply:client-8B023739F3BF->b50d6464-f54a-40d1-9f81-f1c19654fd05@group-1F53027F28E3, cid=1511, SUCCESS, logIndex=2149, commits[b50d6464-f54a-40d1-9f81-f1c19654fd05:c2150]
2019-09-12 09:26:10,615 [grpc-default-executor-1] INFO  client.GrpcClientProtocolClient (GrpcClientProtocolClient.java:onNext(264)) - client-8B023739F3BF->b50d6464-f54a-40d1-9f81-f1c19654fd05: receive RaftClientReply:client-8B023739F3BF->b50d6464-f54a-40d1-9f81-f1c19654fd05@group-1F53027F28E3, cid=1512, SUCCESS, logIndex=2150, commits[b50d6464-f54a-40d1-9f81-f1c19654fd05:c2151]
2019-09-12 09:26:10,639 [grpc-default-executor-2] INFO  client.GrpcClientProtocolClient (GrpcClientProtocolClient.java:onNext(264)) - client-8B023739F3BF->b50d6464-f54a-40d1-9f81-f1c19654fd05: receive RaftClientReply:client-8B023739F3BF->b50d6464-f54a-40d1-9f81-f1c19654fd05@group-1F53027F28E3, cid=1513, SUCCESS, logIndex=2153, commits[b50d6464-f54a-40d1-9f81-f1c19654fd05:c2154]
2019-09-12 09:26:10,640 [grpc-default-executor-2] INFO  client.GrpcClientProtocolClient (GrpcClientProtocolClient.java:onNext(264)) - client-8B023739F3BF->b50d6464-f54a-40d1-9f81-f1c19654fd05: receive RaftClientReply:client-8B023739F3BF->b50d6464-f54a-40d1-9f81-f1c19654fd05@group-1F53027F28E3, cid=1514, SUCCESS, logIndex=2154, commits[b50d6464-f54a-40d1-9f81-f1c19654fd05:c2156]
2019-09-12 09:26:10,640 [grpc-default-executor-2] INFO  client.GrpcClientProtocolClient (GrpcClientProtocolClient.java:onNext(264)) - client-8B023739F3BF->b50d6464-f54a-40d1-9f81-f1c19654fd05: receive RaftClientReply:client-8B023739F3BF->b50d6464-f54a-40d1-9f81-f1c19654fd05@group-1F53027F28E3, cid=1515, SUCCESS, logIndex=2155, commits[b50d6464-f54a-40d1-9f81-f1c19654fd05:c2157]
2019-09-12 09:26:10,641 [SCMBlockDeletingService#0] DEBUG block.SCMBlockDeletingService (SCMBlockDeletingService.java:call(138)) - Running DeletedBlockTransactionScanner
2019-09-12 09:26:10,641 [grpc-default-executor-2] INFO  client.GrpcClientProtocolClient (GrpcClientProtocolClient.java:onNext(264)) - client-8B023739F3BF->b50d6464-f54a-40d1-9f81-f1c19654fd05: receive RaftClientReply:client-8B023739F3BF->b50d6464-f54a-40d1-9f81-f1c19654fd05@group-1F53027F28E3, cid=1516, SUCCESS, logIndex=2156, commits[b50d6464-f54a-40d1-9f81-f1c19654fd05:c2157]
2019-09-12 09:26:10,641 [SCMBlockDeletingService#0] DEBUG block.SCMBlockDeletingService (SCMBlockDeletingService.java:call(155)) - Scanned deleted blocks log and got 0 delTX to process.
2019-09-12 09:26:10,660 [grpc-default-executor-1] INFO  client.GrpcClientProtocolClient (GrpcClientProtocolClient.java:onNext(264)) - client-8B023739F3BF->b50d6464-f54a-40d1-9f81-f1c19654fd05: receive RaftClientReply:client-8B023739F3BF->b50d6464-f54a-40d1-9f81-f1c19654fd05@group-1F53027F28E3, cid=1517, SUCCESS, logIndex=2159, commits[b50d6464-f54a-40d1-9f81-f1c19654fd05:c2160]
2019-09-12 09:26:10,660 [grpc-default-executor-1] INFO  client.GrpcClientProtocolClient (GrpcClientProtocolClient.java:onNext(264)) - client-8B023739F3BF->b50d6464-f54a-40d1-9f81-f1c19654fd05: receive RaftClientReply:client-8B023739F3BF->b50d6464-f54a-40d1-9f81-f1c19654fd05@group-1F53027F28E3, cid=1518, SUCCESS, logIndex=2160, commits[b50d6464-f54a-40d1-9f81-f1c19654fd05:c2160]
2019-09-12 09:26:10,660 [grpc-default-executor-1] INFO  client.GrpcClientProtocolClient (GrpcClientProtocolClient.java:onNext(264)) - client-8B023739F3BF->b50d6464-f54a-40d1-9f81-f1c19654fd05: receive RaftClientReply:client-8B023739F3BF->b50d6464-f54a-40d1-9f81-f1c19654fd05@group-1F53027F28E3, cid=1519, SUCCESS, logIndex=2161, commits[b50d6464-f54a-40d1-9f81-f1c19654fd05:c2162]
2019-09-12 09:26:10,661 [grpc-default-executor-1] INFO  client.GrpcClientProtocolClient (GrpcClientProtocolClient.java:onNext(264)) - client-8B023739F3BF->b50d6464-f54a-40d1-9f81-f1c19654fd05: receive RaftClientReply:client-8B023739F3BF->b50d6464-f54a-40d1-9f81-f1c19654fd05@group-1F53027F28E3, cid=1520, SUCCESS, logIndex=2162, commits[b50d6464-f54a-40d1-9f81-f1c19654fd05:c2163]
2019-09-12 09:26:10,688 [grpc-default-executor-1] INFO  client.GrpcClientProtocolClient (GrpcClientProtocolClient.java:onNext(264)) - client-8B023739F3BF->b50d6464-f54a-40d1-9f81-f1c19654fd05: receive RaftClientReply:client-8B023739F3BF->b50d6464-f54a-40d1-9f81-f1c19654fd05@group-1F53027F28E3, cid=1521, SUCCESS, logIndex=2165, commits[b50d6464-f54a-40d1-9f81-f1c19654fd05:c2168]
2019-09-12 09:26:10,689 [grpc-default-executor-1] INFO  client.GrpcClientProtocolClient (GrpcClientProtocolClient.java:onNext(264)) - client-8B023739F3BF->b50d6464-f54a-40d1-9f81-f1c19654fd05: receive RaftClientReply:client-8B023739F3BF->b50d6464-f54a-40d1-9f81-f1c19654fd05@group-1F53027F28E3, cid=1522, SUCCESS, logIndex=2166, commits[b50d6464-f54a-40d1-9f81-f1c19654fd05:c2169]
2019-09-12 09:26:10,689 [grpc-default-executor-1] INFO  client.GrpcClientProtocolClient (GrpcClientProtocolClient.java:onNext(264)) - client-8B023739F3BF->b50d6464-f54a-40d1-9f81-f1c19654fd05: receive RaftClientReply:client-8B023739F3BF->b50d6464-f54a-40d1-9f81-f1c19654fd05@group-1F53027F28E3, cid=1523, SUCCESS, logIndex=2167, commits[b50d6464-f54a-40d1-9f81-f1c19654fd05:c2169]
2019-09-12 09:26:10,689 [grpc-default-executor-1] INFO  client.GrpcClientProtocolClient (GrpcClientProtocolClient.java:onNext(264)) - client-8B023739F3BF->b50d6464-f54a-40d1-9f81-f1c19654fd05: receive RaftClientReply:client-8B023739F3BF->b50d6464-f54a-40d1-9f81-f1c19654fd05@group-1F53027F28E3, cid=1524, SUCCESS, logIndex=2168, commits[b50d6464-f54a-40d1-9f81-f1c19654fd05:c2169]
2019-09-12 09:26:10,714 [grpc-default-executor-2] INFO  client.GrpcClientProtocolClient (GrpcClientProtocolClient.java:onNext(264)) - client-8B023739F3BF->b50d6464-f54a-40d1-9f81-f1c19654fd05: receive RaftClientReply:client-8B023739F3BF->b50d6464-f54a-40d1-9f81-f1c19654fd05@group-1F53027F28E3, cid=1525, SUCCESS, logIndex=2170, commits[b50d6464-f54a-40d1-9f81-f1c19654fd05:c2173]
2019-09-12 09:26:10,714 [grpc-default-executor-2] INFO  client.GrpcClientProtocolClient (GrpcClientProtocolClient.java:onNext(264)) - client-8B023739F3BF->b50d6464-f54a-40d1-9f81-f1c19654fd05: receive RaftClientReply:client-8B023739F3BF->b50d6464-f54a-40d1-9f81-f1c19654fd05@group-1F53027F28E3, cid=1526, SUCCESS, logIndex=2171, commits[b50d6464-f54a-40d1-9f81-f1c19654fd05:c2174]
2019-09-12 09:26:10,715 [grpc-default-executor-2] INFO  client.GrpcClientProtocolClient (GrpcClientProtocolClient.java:onNext(264)) - client-8B023739F3BF->b50d6464-f54a-40d1-9f81-f1c19654fd05: receive RaftClientReply:client-8B023739F3BF->b50d6464-f54a-40d1-9f81-f1c19654fd05@group-1F53027F28E3, cid=1527, SUCCESS, logIndex=2172, commits[b50d6464-f54a-40d1-9f81-f1c19654fd05:c2174]
2019-09-12 09:26:10,715 [grpc-default-executor-2] INFO  client.GrpcClientProtocolClient (GrpcClientProtocolClient.java:onNext(264)) - client-8B023739F3BF->b50d6464-f54a-40d1-9f81-f1c19654fd05: receive RaftClientReply:client-8B023739F3BF->b50d6464-f54a-40d1-9f81-f1c19654fd05@group-1F53027F28E3, cid=1528, SUCCESS, logIndex=2173, commits[b50d6464-f54a-40d1-9f81-f1c19654fd05:c2174]
2019-09-12 09:26:10,741 [SCMBlockDeletingService#0] DEBUG block.SCMBlockDeletingService (SCMBlockDeletingService.java:call(138)) - Running DeletedBlockTransactionScanner
2019-09-12 09:26:10,742 [SCMBlockDeletingService#0] DEBUG block.SCMBlockDeletingService (SCMBlockDeletingService.java:call(155)) - Scanned deleted blocks log and got 0 delTX to process.
2019-09-12 09:26:10,742 [grpc-default-executor-2] INFO  client.GrpcClientProtocolClient (GrpcClientProtocolClient.java:onNext(264)) - client-8B023739F3BF->b50d6464-f54a-40d1-9f81-f1c19654fd05: receive RaftClientReply:client-8B023739F3BF->b50d6464-f54a-40d1-9f81-f1c19654fd05@group-1F53027F28E3, cid=1529, SUCCESS, logIndex=2175, commits[b50d6464-f54a-40d1-9f81-f1c19654fd05:c2178]
2019-09-12 09:26:10,743 [grpc-default-executor-2] INFO  client.GrpcClientProtocolClient (GrpcClientProtocolClient.java:onNext(264)) - client-8B023739F3BF->b50d6464-f54a-40d1-9f81-f1c19654fd05: receive RaftClientReply:client-8B023739F3BF->b50d6464-f54a-40d1-9f81-f1c19654fd05@group-1F53027F28E3, cid=1530, SUCCESS, logIndex=2176, commits[b50d6464-f54a-40d1-9f81-f1c19654fd05:c2179]
2019-09-12 09:26:10,743 [grpc-default-executor-2] INFO  client.GrpcClientProtocolClient (GrpcClientProtocolClient.java:onNext(264)) - client-8B023739F3BF->b50d6464-f54a-40d1-9f81-f1c19654fd05: receive RaftClientReply:client-8B023739F3BF->b50d6464-f54a-40d1-9f81-f1c19654fd05@group-1F53027F28E3, cid=1531, SUCCESS, logIndex=2177, commits[b50d6464-f54a-40d1-9f81-f1c19654fd05:c2179]
2019-09-12 09:26:10,743 [grpc-default-executor-2] INFO  client.GrpcClientProtocolClient (GrpcClientProtocolClient.java:onNext(264)) - client-8B023739F3BF->b50d6464-f54a-40d1-9f81-f1c19654fd05: receive RaftClientReply:client-8B023739F3BF->b50d6464-f54a-40d1-9f81-f1c19654fd05@group-1F53027F28E3, cid=1532, SUCCESS, logIndex=2178, commits[b50d6464-f54a-40d1-9f81-f1c19654fd05:c2179]
2019-09-12 09:26:10,764 [grpc-default-executor-1] INFO  client.GrpcClientProtocolClient (GrpcClientProtocolClient.java:onNext(264)) - client-8B023739F3BF->b50d6464-f54a-40d1-9f81-f1c19654fd05: receive RaftClientReply:client-8B023739F3BF->b50d6464-f54a-40d1-9f81-f1c19654fd05@group-1F53027F28E3, cid=1533, SUCCESS, logIndex=2180, commits[b50d6464-f54a-40d1-9f81-f1c19654fd05:c2183]
2019-09-12 09:26:10,764 [grpc-default-executor-1] INFO  client.GrpcClientProtocolClient (GrpcClientProtocolClient.java:onNext(264)) - client-8B023739F3BF->b50d6464-f54a-40d1-9f81-f1c19654fd05: receive RaftClientReply:client-8B023739F3BF->b50d6464-f54a-40d1-9f81-f1c19654fd05@group-1F53027F28E3, cid=1534, SUCCESS, logIndex=2181, commits[b50d6464-f54a-40d1-9f81-f1c19654fd05:c2184]
2019-09-12 09:26:10,765 [grpc-default-executor-1] INFO  client.GrpcClientProtocolClient (GrpcClientProtocolClient.java:onNext(264)) - client-8B023739F3BF->b50d6464-f54a-40d1-9f81-f1c19654fd05: receive RaftClientReply:client-8B023739F3BF->b50d6464-f54a-40d1-9f81-f1c19654fd05@group-1F53027F28E3, cid=1535, SUCCESS, logIndex=2182, commits[b50d6464-f54a-40d1-9f81-f1c19654fd05:c2184]
2019-09-12 09:26:10,765 [grpc-default-executor-1] INFO  client.GrpcClientProtocolClient (GrpcClientProtocolClient.java:onNext(264)) - client-8B023739F3BF->b50d6464-f54a-40d1-9f81-f1c19654fd05: receive RaftClientReply:client-8B023739F3BF->b50d6464-f54a-40d1-9f81-f1c19654fd05@group-1F53027F28E3, cid=1536, SUCCESS, logIndex=2183, commits[b50d6464-f54a-40d1-9f81-f1c19654fd05:c2184]
2019-09-12 09:26:10,790 [grpc-default-executor-1] INFO  client.GrpcClientProtocolClient (GrpcClientProtocolClient.java:onNext(264)) - client-8B023739F3BF->b50d6464-f54a-40d1-9f81-f1c19654fd05: receive RaftClientReply:client-8B023739F3BF->b50d6464-f54a-40d1-9f81-f1c19654fd05@group-1F53027F28E3, cid=1537, SUCCESS, logIndex=2185, commits[b50d6464-f54a-40d1-9f81-f1c19654fd05:c2188]
2019-09-12 09:26:10,791 [grpc-default-executor-1] INFO  client.GrpcClientProtocolClient (GrpcClientProtocolClient.java:onNext(264)) - client-8B023739F3BF->b50d6464-f54a-40d1-9f81-f1c19654fd05: receive RaftClientReply:client-8B023739F3BF->b50d6464-f54a-40d1-9f81-f1c19654fd05@group-1F53027F28E3, cid=1538, SUCCESS, logIndex=2186, commits[b50d6464-f54a-40d1-9f81-f1c19654fd05:c2189]
2019-09-12 09:26:10,791 [grpc-default-executor-1] INFO  client.GrpcClientProtocolClient (GrpcClientProtocolClient.java:onNext(264)) - client-8B023739F3BF->b50d6464-f54a-40d1-9f81-f1c19654fd05: receive RaftClientReply:client-8B023739F3BF->b50d6464-f54a-40d1-9f81-f1c19654fd05@group-1F53027F28E3, cid=1539, SUCCESS, logIndex=2187, commits[b50d6464-f54a-40d1-9f81-f1c19654fd05:c2190]
2019-09-12 09:26:10,791 [grpc-default-executor-1] INFO  client.GrpcClientProtocolClient (GrpcClientProtocolClient.java:onNext(264)) - client-8B023739F3BF->b50d6464-f54a-40d1-9f81-f1c19654fd05: receive RaftClientReply:client-8B023739F3BF->b50d6464-f54a-40d1-9f81-f1c19654fd05@group-1F53027F28E3, cid=1540, SUCCESS, logIndex=2188, commits[b50d6464-f54a-40d1-9f81-f1c19654fd05:c2190]
2019-09-12 09:26:10,842 [SCMBlockDeletingService#0] DEBUG block.SCMBlockDeletingService (SCMBlockDeletingService.java:call(138)) - Running DeletedBlockTransactionScanner
2019-09-12 09:26:10,842 [SCMBlockDeletingService#0] DEBUG block.SCMBlockDeletingService (SCMBlockDeletingService.java:call(155)) - Scanned deleted blocks log and got 0 delTX to process.
2019-09-12 09:26:10,849 [grpc-default-executor-2] INFO  client.GrpcClientProtocolClient (GrpcClientProtocolClient.java:onNext(264)) - client-8B023739F3BF->b50d6464-f54a-40d1-9f81-f1c19654fd05: receive RaftClientReply:client-8B023739F3BF->b50d6464-f54a-40d1-9f81-f1c19654fd05@group-1F53027F28E3, cid=1541, SUCCESS, logIndex=2191, commits[b50d6464-f54a-40d1-9f81-f1c19654fd05:c2194]
2019-09-12 09:26:10,849 [grpc-default-executor-2] INFO  client.GrpcClientProtocolClient (GrpcClientProtocolClient.java:onNext(264)) - client-8B023739F3BF->b50d6464-f54a-40d1-9f81-f1c19654fd05: receive RaftClientReply:client-8B023739F3BF->b50d6464-f54a-40d1-9f81-f1c19654fd05@group-1F53027F28E3, cid=1542, SUCCESS, logIndex=2192, commits[b50d6464-f54a-40d1-9f81-f1c19654fd05:c2194]
2019-09-12 09:26:10,850 [grpc-default-executor-2] INFO  client.GrpcClientProtocolClient (GrpcClientProtocolClient.java:onNext(264)) - client-8B023739F3BF->b50d6464-f54a-40d1-9f81-f1c19654fd05: receive RaftClientReply:client-8B023739F3BF->b50d6464-f54a-40d1-9f81-f1c19654fd05@group-1F53027F28E3, cid=1543, SUCCESS, logIndex=2193, commits[b50d6464-f54a-40d1-9f81-f1c19654fd05:c2195]
2019-09-12 09:26:10,850 [grpc-default-executor-2] INFO  client.GrpcClientProtocolClient (GrpcClientProtocolClient.java:onNext(264)) - client-8B023739F3BF->b50d6464-f54a-40d1-9f81-f1c19654fd05: receive RaftClientReply:client-8B023739F3BF->b50d6464-f54a-40d1-9f81-f1c19654fd05@group-1F53027F28E3, cid=1544, SUCCESS, logIndex=2194, commits[b50d6464-f54a-40d1-9f81-f1c19654fd05:c2196]
2019-09-12 09:26:10,873 [grpc-default-executor-1] INFO  client.GrpcClientProtocolClient (GrpcClientProtocolClient.java:onNext(264)) - client-8B023739F3BF->b50d6464-f54a-40d1-9f81-f1c19654fd05: receive RaftClientReply:client-8B023739F3BF->b50d6464-f54a-40d1-9f81-f1c19654fd05@group-1F53027F28E3, cid=1545, SUCCESS, logIndex=2197, commits[b50d6464-f54a-40d1-9f81-f1c19654fd05:c2198]
2019-09-12 09:26:10,873 [grpc-default-executor-1] INFO  client.GrpcClientProtocolClient (GrpcClientProtocolClient.java:onNext(264)) - client-8B023739F3BF->b50d6464-f54a-40d1-9f81-f1c19654fd05: receive RaftClientReply:client-8B023739F3BF->b50d6464-f54a-40d1-9f81-f1c19654fd05@group-1F53027F28E3, cid=1546, SUCCESS, logIndex=2198, commits[b50d6464-f54a-40d1-9f81-f1c19654fd05:c2199]
2019-09-12 09:26:10,943 [SCMBlockDeletingService#0] DEBUG block.SCMBlockDeletingService (SCMBlockDeletingService.java:call(138)) - Running DeletedBlockTransactionScanner
2019-09-12 09:26:10,943 [SCMBlockDeletingService#0] DEBUG block.SCMBlockDeletingService (SCMBlockDeletingService.java:call(155)) - Scanned deleted blocks log and got 0 delTX to process.
2019-09-12 09:26:10,981 [grpc-default-executor-1] INFO  client.GrpcClientProtocolClient (GrpcClientProtocolClient.java:onNext(264)) - client-8B023739F3BF->b50d6464-f54a-40d1-9f81-f1c19654fd05: receive RaftClientReply:client-8B023739F3BF->b50d6464-f54a-40d1-9f81-f1c19654fd05@group-1F53027F28E3, cid=1547, SUCCESS, logIndex=2200, commits[b50d6464-f54a-40d1-9f81-f1c19654fd05:c2201]
2019-09-12 09:26:10,982 [grpc-default-executor-1] INFO  client.GrpcClientProtocolClient (GrpcClientProtocolClient.java:onNext(264)) - client-8B023739F3BF->b50d6464-f54a-40d1-9f81-f1c19654fd05: receive RaftClientReply:client-8B023739F3BF->b50d6464-f54a-40d1-9f81-f1c19654fd05@group-1F53027F28E3, cid=1548, SUCCESS, logIndex=2201, commits[b50d6464-f54a-40d1-9f81-f1c19654fd05:c2202]
2019-09-12 09:26:11,003 [grpc-default-executor-1] INFO  client.GrpcClientProtocolClient (GrpcClientProtocolClient.java:onNext(264)) - client-8B023739F3BF->b50d6464-f54a-40d1-9f81-f1c19654fd05: receive RaftClientReply:client-8B023739F3BF->b50d6464-f54a-40d1-9f81-f1c19654fd05@group-1F53027F28E3, cid=1549, SUCCESS, logIndex=2203, commits[b50d6464-f54a-40d1-9f81-f1c19654fd05:c2206]
2019-09-12 09:26:11,004 [grpc-default-executor-1] INFO  client.GrpcClientProtocolClient (GrpcClientProtocolClient.java:onNext(264)) - client-8B023739F3BF->b50d6464-f54a-40d1-9f81-f1c19654fd05: receive RaftClientReply:client-8B023739F3BF->b50d6464-f54a-40d1-9f81-f1c19654fd05@group-1F53027F28E3, cid=1550, SUCCESS, logIndex=2204, commits[b50d6464-f54a-40d1-9f81-f1c19654fd05:c2207]
2019-09-12 09:26:11,004 [grpc-default-executor-1] INFO  client.GrpcClientProtocolClient (GrpcClientProtocolClient.java:onNext(264)) - client-8B023739F3BF->b50d6464-f54a-40d1-9f81-f1c19654fd05: receive RaftClientReply:client-8B023739F3BF->b50d6464-f54a-40d1-9f81-f1c19654fd05@group-1F53027F28E3, cid=1551, SUCCESS, logIndex=2205, commits[b50d6464-f54a-40d1-9f81-f1c19654fd05:c2207]
2019-09-12 09:26:11,005 [grpc-default-executor-1] INFO  client.GrpcClientProtocolClient (GrpcClientProtocolClient.java:onNext(264)) - client-8B023739F3BF->b50d6464-f54a-40d1-9f81-f1c19654fd05: receive RaftClientReply:client-8B023739F3BF->b50d6464-f54a-40d1-9f81-f1c19654fd05@group-1F53027F28E3, cid=1552, SUCCESS, logIndex=2206, commits[b50d6464-f54a-40d1-9f81-f1c19654fd05:c2207]
2019-09-12 09:26:11,035 [grpc-default-executor-1] INFO  client.GrpcClientProtocolClient (GrpcClientProtocolClient.java:onNext(264)) - client-8B023739F3BF->b50d6464-f54a-40d1-9f81-f1c19654fd05: receive RaftClientReply:client-8B023739F3BF->b50d6464-f54a-40d1-9f81-f1c19654fd05@group-1F53027F28E3, cid=1553, SUCCESS, logIndex=2208, commits[b50d6464-f54a-40d1-9f81-f1c19654fd05:c2211]
2019-09-12 09:26:11,035 [grpc-default-executor-1] INFO  client.GrpcClientProtocolClient (GrpcClientProtocolClient.java:onNext(264)) - client-8B023739F3BF->b50d6464-f54a-40d1-9f81-f1c19654fd05: receive RaftClientReply:client-8B023739F3BF->b50d6464-f54a-40d1-9f81-f1c19654fd05@group-1F53027F28E3, cid=1554, SUCCESS, logIndex=2209, commits[b50d6464-f54a-40d1-9f81-f1c19654fd05:c2212]
2019-09-12 09:26:11,035 [grpc-default-executor-1] INFO  client.GrpcClientProtocolClient (GrpcClientProtocolClient.java:onNext(264)) - client-8B023739F3BF->b50d6464-f54a-40d1-9f81-f1c19654fd05: receive RaftClientReply:client-8B023739F3BF->b50d6464-f54a-40d1-9f81-f1c19654fd05@group-1F53027F28E3, cid=1555, SUCCESS, logIndex=2210, commits[b50d6464-f54a-40d1-9f81-f1c19654fd05:c2212]
2019-09-12 09:26:11,036 [grpc-default-executor-1] INFO  client.GrpcClientProtocolClient (GrpcClientProtocolClient.java:onNext(264)) - client-8B023739F3BF->b50d6464-f54a-40d1-9f81-f1c19654fd05: receive RaftClientReply:client-8B023739F3BF->b50d6464-f54a-40d1-9f81-f1c19654fd05@group-1F53027F28E3, cid=1556, SUCCESS, logIndex=2211, commits[b50d6464-f54a-40d1-9f81-f1c19654fd05:c2212]
2019-09-12 09:26:11,044 [SCMBlockDeletingService#0] DEBUG block.SCMBlockDeletingService (SCMBlockDeletingService.java:call(138)) - Running DeletedBlockTransactionScanner
2019-09-12 09:26:11,044 [SCMBlockDeletingService#0] DEBUG block.SCMBlockDeletingService (SCMBlockDeletingService.java:call(155)) - Scanned deleted blocks log and got 0 delTX to process.
2019-09-12 09:26:11,055 [grpc-default-executor-1] INFO  client.GrpcClientProtocolClient (GrpcClientProtocolClient.java:onNext(264)) - client-8B023739F3BF->b50d6464-f54a-40d1-9f81-f1c19654fd05: receive RaftClientReply:client-8B023739F3BF->b50d6464-f54a-40d1-9f81-f1c19654fd05@group-1F53027F28E3, cid=1557, SUCCESS, logIndex=2213, commits[b50d6464-f54a-40d1-9f81-f1c19654fd05:c2214]
2019-09-12 09:26:11,055 [grpc-default-executor-1] INFO  client.GrpcClientProtocolClient (GrpcClientProtocolClient.java:onNext(264)) - client-8B023739F3BF->b50d6464-f54a-40d1-9f81-f1c19654fd05: receive RaftClientReply:client-8B023739F3BF->b50d6464-f54a-40d1-9f81-f1c19654fd05@group-1F53027F28E3, cid=1558, SUCCESS, logIndex=2214, commits[b50d6464-f54a-40d1-9f81-f1c19654fd05:c2216]
2019-09-12 09:26:11,055 [grpc-default-executor-1] INFO  client.GrpcClientProtocolClient (GrpcClientProtocolClient.java:onNext(264)) - client-8B023739F3BF->b50d6464-f54a-40d1-9f81-f1c19654fd05: receive RaftClientReply:client-8B023739F3BF->b50d6464-f54a-40d1-9f81-f1c19654fd05@group-1F53027F28E3, cid=1559, SUCCESS, logIndex=2215, commits[b50d6464-f54a-40d1-9f81-f1c19654fd05:c2217]
2019-09-12 09:26:11,056 [grpc-default-executor-1] INFO  client.GrpcClientProtocolClient (GrpcClientProtocolClient.java:onNext(264)) - client-8B023739F3BF->b50d6464-f54a-40d1-9f81-f1c19654fd05: receive RaftClientReply:client-8B023739F3BF->b50d6464-f54a-40d1-9f81-f1c19654fd05@group-1F53027F28E3, cid=1560, SUCCESS, logIndex=2216, commits[b50d6464-f54a-40d1-9f81-f1c19654fd05:c2218]
2019-09-12 09:26:11,081 [grpc-default-executor-2] INFO  client.GrpcClientProtocolClient (GrpcClientProtocolClient.java:onNext(264)) - client-8B023739F3BF->b50d6464-f54a-40d1-9f81-f1c19654fd05: receive RaftClientReply:client-8B023739F3BF->b50d6464-f54a-40d1-9f81-f1c19654fd05@group-1F53027F28E3, cid=1561, SUCCESS, logIndex=2219, commits[b50d6464-f54a-40d1-9f81-f1c19654fd05:c2220]
2019-09-12 09:26:11,082 [grpc-default-executor-2] INFO  client.GrpcClientProtocolClient (GrpcClientProtocolClient.java:onNext(264)) - client-8B023739F3BF->b50d6464-f54a-40d1-9f81-f1c19654fd05: receive RaftClientReply:client-8B023739F3BF->b50d6464-f54a-40d1-9f81-f1c19654fd05@group-1F53027F28E3, cid=1562, SUCCESS, logIndex=2220, commits[b50d6464-f54a-40d1-9f81-f1c19654fd05:c2222]
2019-09-12 09:26:11,082 [grpc-default-executor-2] INFO  client.GrpcClientProtocolClient (GrpcClientProtocolClient.java:onNext(264)) - client-8B023739F3BF->b50d6464-f54a-40d1-9f81-f1c19654fd05: receive RaftClientReply:client-8B023739F3BF->b50d6464-f54a-40d1-9f81-f1c19654fd05@group-1F53027F28E3, cid=1563, SUCCESS, logIndex=2221, commits[b50d6464-f54a-40d1-9f81-f1c19654fd05:c2223]
2019-09-12 09:26:11,083 [grpc-default-executor-2] INFO  client.GrpcClientProtocolClient (GrpcClientProtocolClient.java:onNext(264)) - client-8B023739F3BF->b50d6464-f54a-40d1-9f81-f1c19654fd05: receive RaftClientReply:client-8B023739F3BF->b50d6464-f54a-40d1-9f81-f1c19654fd05@group-1F53027F28E3, cid=1564, SUCCESS, logIndex=2222, commits[b50d6464-f54a-40d1-9f81-f1c19654fd05:c2223]
2019-09-12 09:26:11,101 [grpc-default-executor-2] INFO  client.GrpcClientProtocolClient (GrpcClientProtocolClient.java:onNext(264)) - client-8B023739F3BF->b50d6464-f54a-40d1-9f81-f1c19654fd05: receive RaftClientReply:client-8B023739F3BF->b50d6464-f54a-40d1-9f81-f1c19654fd05@group-1F53027F28E3, cid=1565, SUCCESS, logIndex=2225, commits[b50d6464-f54a-40d1-9f81-f1c19654fd05:c2226]
2019-09-12 09:26:11,101 [grpc-default-executor-2] INFO  client.GrpcClientProtocolClient (GrpcClientProtocolClient.java:onNext(264)) - client-8B023739F3BF->b50d6464-f54a-40d1-9f81-f1c19654fd05: receive RaftClientReply:client-8B023739F3BF->b50d6464-f54a-40d1-9f81-f1c19654fd05@group-1F53027F28E3, cid=1566, SUCCESS, logIndex=2226, commits[b50d6464-f54a-40d1-9f81-f1c19654fd05:c2228]
2019-09-12 09:26:11,101 [grpc-default-executor-2] INFO  client.GrpcClientProtocolClient (GrpcClientProtocolClient.java:onNext(264)) - client-8B023739F3BF->b50d6464-f54a-40d1-9f81-f1c19654fd05: receive RaftClientReply:client-8B023739F3BF->b50d6464-f54a-40d1-9f81-f1c19654fd05@group-1F53027F28E3, cid=1567, SUCCESS, logIndex=2227, commits[b50d6464-f54a-40d1-9f81-f1c19654fd05:c2228]
2019-09-12 09:26:11,102 [grpc-default-executor-2] INFO  client.GrpcClientProtocolClient (GrpcClientProtocolClient.java:onNext(264)) - client-8B023739F3BF->b50d6464-f54a-40d1-9f81-f1c19654fd05: receive RaftClientReply:client-8B023739F3BF->b50d6464-f54a-40d1-9f81-f1c19654fd05@group-1F53027F28E3, cid=1568, SUCCESS, logIndex=2228, commits[b50d6464-f54a-40d1-9f81-f1c19654fd05:c2229]
2019-09-12 09:26:11,121 [grpc-default-executor-2] INFO  client.GrpcClientProtocolClient (GrpcClientProtocolClient.java:onNext(264)) - client-8B023739F3BF->b50d6464-f54a-40d1-9f81-f1c19654fd05: receive RaftClientReply:client-8B023739F3BF->b50d6464-f54a-40d1-9f81-f1c19654fd05@group-1F53027F28E3, cid=1569, SUCCESS, logIndex=2231, commits[b50d6464-f54a-40d1-9f81-f1c19654fd05:c2232]
2019-09-12 09:26:11,121 [grpc-default-executor-2] INFO  client.GrpcClientProtocolClient (GrpcClientProtocolClient.java:onNext(264)) - client-8B023739F3BF->b50d6464-f54a-40d1-9f81-f1c19654fd05: receive RaftClientReply:client-8B023739F3BF->b50d6464-f54a-40d1-9f81-f1c19654fd05@group-1F53027F28E3, cid=1570, SUCCESS, logIndex=2232, commits[b50d6464-f54a-40d1-9f81-f1c19654fd05:c2234]
2019-09-12 09:26:11,122 [grpc-default-executor-2] INFO  client.GrpcClientProtocolClient (GrpcClientProtocolClient.java:onNext(264)) - client-8B023739F3BF->b50d6464-f54a-40d1-9f81-f1c19654fd05: receive RaftClientReply:client-8B023739F3BF->b50d6464-f54a-40d1-9f81-f1c19654fd05@group-1F53027F28E3, cid=1571, SUCCESS, logIndex=2233, commits[b50d6464-f54a-40d1-9f81-f1c19654fd05:c2235]
2019-09-12 09:26:11,122 [grpc-default-executor-2] INFO  client.GrpcClientProtocolClient (GrpcClientProtocolClient.java:onNext(264)) - client-8B023739F3BF->b50d6464-f54a-40d1-9f81-f1c19654fd05: receive RaftClientReply:client-8B023739F3BF->b50d6464-f54a-40d1-9f81-f1c19654fd05@group-1F53027F28E3, cid=1572, SUCCESS, logIndex=2234, commits[b50d6464-f54a-40d1-9f81-f1c19654fd05:c2235]
2019-09-12 09:26:11,134 [grpc-default-executor-2] INFO  client.GrpcClientProtocolClient (GrpcClientProtocolClient.java:onNext(264)) - client-8B023739F3BF->b50d6464-f54a-40d1-9f81-f1c19654fd05: receive RaftClientReply:client-8B023739F3BF->b50d6464-f54a-40d1-9f81-f1c19654fd05@group-1F53027F28E3, cid=1573, SUCCESS, logIndex=2237, commits[b50d6464-f54a-40d1-9f81-f1c19654fd05:c2240]
2019-09-12 09:26:11,134 [grpc-default-executor-2] INFO  client.GrpcClientProtocolClient (GrpcClientProtocolClient.java:onNext(264)) - client-8B023739F3BF->b50d6464-f54a-40d1-9f81-f1c19654fd05: receive RaftClientReply:client-8B023739F3BF->b50d6464-f54a-40d1-9f81-f1c19654fd05@group-1F53027F28E3, cid=1574, SUCCESS, logIndex=2238, commits[b50d6464-f54a-40d1-9f81-f1c19654fd05:c2241]
2019-09-12 09:26:11,134 [grpc-default-executor-2] INFO  client.GrpcClientProtocolClient (GrpcClientProtocolClient.java:onNext(264)) - client-8B023739F3BF->b50d6464-f54a-40d1-9f81-f1c19654fd05: receive RaftClientReply:client-8B023739F3BF->b50d6464-f54a-40d1-9f81-f1c19654fd05@group-1F53027F28E3, cid=1575, SUCCESS, logIndex=2239, commits[b50d6464-f54a-40d1-9f81-f1c19654fd05:c2241]
2019-09-12 09:26:11,135 [grpc-default-executor-2] INFO  client.GrpcClientProtocolClient (GrpcClientProtocolClient.java:onNext(264)) - client-8B023739F3BF->b50d6464-f54a-40d1-9f81-f1c19654fd05: receive RaftClientReply:client-8B023739F3BF->b50d6464-f54a-40d1-9f81-f1c19654fd05@group-1F53027F28E3, cid=1576, SUCCESS, logIndex=2240, commits[b50d6464-f54a-40d1-9f81-f1c19654fd05:c2241]
2019-09-12 09:26:11,144 [SCMBlockDeletingService#0] DEBUG block.SCMBlockDeletingService (SCMBlockDeletingService.java:call(138)) - Running DeletedBlockTransactionScanner
2019-09-12 09:26:11,145 [SCMBlockDeletingService#0] DEBUG block.SCMBlockDeletingService (SCMBlockDeletingService.java:call(155)) - Scanned deleted blocks log and got 0 delTX to process.
2019-09-12 09:26:11,161 [grpc-default-executor-2] INFO  client.GrpcClientProtocolClient (GrpcClientProtocolClient.java:onNext(264)) - client-8B023739F3BF->b50d6464-f54a-40d1-9f81-f1c19654fd05: receive RaftClientReply:client-8B023739F3BF->b50d6464-f54a-40d1-9f81-f1c19654fd05@group-1F53027F28E3, cid=1577, SUCCESS, logIndex=2242, commits[b50d6464-f54a-40d1-9f81-f1c19654fd05:c2245]
2019-09-12 09:26:11,162 [grpc-default-executor-2] INFO  client.GrpcClientProtocolClient (GrpcClientProtocolClient.java:onNext(264)) - client-8B023739F3BF->b50d6464-f54a-40d1-9f81-f1c19654fd05: receive RaftClientReply:client-8B023739F3BF->b50d6464-f54a-40d1-9f81-f1c19654fd05@group-1F53027F28E3, cid=1578, SUCCESS, logIndex=2243, commits[b50d6464-f54a-40d1-9f81-f1c19654fd05:c2245]
2019-09-12 09:26:11,162 [grpc-default-executor-2] INFO  client.GrpcClientProtocolClient (GrpcClientProtocolClient.java:onNext(264)) - client-8B023739F3BF->b50d6464-f54a-40d1-9f81-f1c19654fd05: receive RaftClientReply:client-8B023739F3BF->b50d6464-f54a-40d1-9f81-f1c19654fd05@group-1F53027F28E3, cid=1579, SUCCESS, logIndex=2244, commits[b50d6464-f54a-40d1-9f81-f1c19654fd05:c2246]
2019-09-12 09:26:11,162 [grpc-default-executor-2] INFO  client.GrpcClientProtocolClient (GrpcClientProtocolClient.java:onNext(264)) - client-8B023739F3BF->b50d6464-f54a-40d1-9f81-f1c19654fd05: receive RaftClientReply:client-8B023739F3BF->b50d6464-f54a-40d1-9f81-f1c19654fd05@group-1F53027F28E3, cid=1580, SUCCESS, logIndex=2245, commits[b50d6464-f54a-40d1-9f81-f1c19654fd05:c2246]
2019-09-12 09:26:11,182 [grpc-default-executor-2] INFO  client.GrpcClientProtocolClient (GrpcClientProtocolClient.java:onNext(264)) - client-8B023739F3BF->b50d6464-f54a-40d1-9f81-f1c19654fd05: receive RaftClientReply:client-8B023739F3BF->b50d6464-f54a-40d1-9f81-f1c19654fd05@group-1F53027F28E3, cid=1581, SUCCESS, logIndex=2247, commits[b50d6464-f54a-40d1-9f81-f1c19654fd05:c2250]
2019-09-12 09:26:11,182 [grpc-default-executor-2] INFO  client.GrpcClientProtocolClient (GrpcClientProtocolClient.java:onNext(264)) - client-8B023739F3BF->b50d6464-f54a-40d1-9f81-f1c19654fd05: receive RaftClientReply:client-8B023739F3BF->b50d6464-f54a-40d1-9f81-f1c19654fd05@group-1F53027F28E3, cid=1582, SUCCESS, logIndex=2248, commits[b50d6464-f54a-40d1-9f81-f1c19654fd05:c2250]
2019-09-12 09:26:11,182 [grpc-default-executor-2] INFO  client.GrpcClientProtocolClient (GrpcClientProtocolClient.java:onNext(264)) - client-8B023739F3BF->b50d6464-f54a-40d1-9f81-f1c19654fd05: receive RaftClientReply:client-8B023739F3BF->b50d6464-f54a-40d1-9f81-f1c19654fd05@group-1F53027F28E3, cid=1583, SUCCESS, logIndex=2249, commits[b50d6464-f54a-40d1-9f81-f1c19654fd05:c2251]
2019-09-12 09:26:11,182 [grpc-default-executor-2] INFO  client.GrpcClientProtocolClient (GrpcClientProtocolClient.java:onNext(264)) - client-8B023739F3BF->b50d6464-f54a-40d1-9f81-f1c19654fd05: receive RaftClientReply:client-8B023739F3BF->b50d6464-f54a-40d1-9f81-f1c19654fd05@group-1F53027F28E3, cid=1584, SUCCESS, logIndex=2250, commits[b50d6464-f54a-40d1-9f81-f1c19654fd05:c2251]
2019-09-12 09:26:11,207 [grpc-default-executor-2] INFO  client.GrpcClientProtocolClient (GrpcClientProtocolClient.java:onNext(264)) - client-8B023739F3BF->b50d6464-f54a-40d1-9f81-f1c19654fd05: receive RaftClientReply:client-8B023739F3BF->b50d6464-f54a-40d1-9f81-f1c19654fd05@group-1F53027F28E3, cid=1585, SUCCESS, logIndex=2252, commits[b50d6464-f54a-40d1-9f81-f1c19654fd05:c2253]
2019-09-12 09:26:11,208 [grpc-default-executor-2] INFO  client.GrpcClientProtocolClient (GrpcClientProtocolClient.java:onNext(264)) - client-8B023739F3BF->b50d6464-f54a-40d1-9f81-f1c19654fd05: receive RaftClientReply:client-8B023739F3BF->b50d6464-f54a-40d1-9f81-f1c19654fd05@group-1F53027F28E3, cid=1586, SUCCESS, logIndex=2253, commits[b50d6464-f54a-40d1-9f81-f1c19654fd05:c2253]
2019-09-12 09:26:11,210 [grpc-default-executor-2] INFO  client.GrpcClientProtocolClient (GrpcClientProtocolClient.java:onNext(264)) - client-8B023739F3BF->b50d6464-f54a-40d1-9f81-f1c19654fd05: receive RaftClientReply:client-8B023739F3BF->b50d6464-f54a-40d1-9f81-f1c19654fd05@group-1F53027F28E3, cid=1587, SUCCESS, logIndex=2254, commits[b50d6464-f54a-40d1-9f81-f1c19654fd05:c2256]
2019-09-12 09:26:11,210 [grpc-default-executor-2] INFO  client.GrpcClientProtocolClient (GrpcClientProtocolClient.java:onNext(264)) - client-8B023739F3BF->b50d6464-f54a-40d1-9f81-f1c19654fd05: receive RaftClientReply:client-8B023739F3BF->b50d6464-f54a-40d1-9f81-f1c19654fd05@group-1F53027F28E3, cid=1588, SUCCESS, logIndex=2255, commits[b50d6464-f54a-40d1-9f81-f1c19654fd05:c2256]
2019-09-12 09:26:11,228 [grpc-default-executor-2] INFO  client.GrpcClientProtocolClient (GrpcClientProtocolClient.java:onNext(264)) - client-8B023739F3BF->b50d6464-f54a-40d1-9f81-f1c19654fd05: receive RaftClientReply:client-8B023739F3BF->b50d6464-f54a-40d1-9f81-f1c19654fd05@group-1F53027F28E3, cid=1589, SUCCESS, logIndex=2257, commits[b50d6464-f54a-40d1-9f81-f1c19654fd05:c2258]
2019-09-12 09:26:11,228 [grpc-default-executor-2] INFO  client.GrpcClientProtocolClient (GrpcClientProtocolClient.java:onNext(264)) - client-8B023739F3BF->b50d6464-f54a-40d1-9f81-f1c19654fd05: receive RaftClientReply:client-8B023739F3BF->b50d6464-f54a-40d1-9f81-f1c19654fd05@group-1F53027F28E3, cid=1590, SUCCESS, logIndex=2258, commits[b50d6464-f54a-40d1-9f81-f1c19654fd05:c2259]
2019-09-12 09:26:11,245 [SCMBlockDeletingService#0] DEBUG block.SCMBlockDeletingService (SCMBlockDeletingService.java:call(138)) - Running DeletedBlockTransactionScanner
2019-09-12 09:26:11,245 [SCMBlockDeletingService#0] DEBUG block.SCMBlockDeletingService (SCMBlockDeletingService.java:call(155)) - Scanned deleted blocks log and got 0 delTX to process.
2019-09-12 09:26:11,318 [grpc-default-executor-1] INFO  client.GrpcClientProtocolClient (GrpcClientProtocolClient.java:onNext(264)) - client-8B023739F3BF->b50d6464-f54a-40d1-9f81-f1c19654fd05: receive RaftClientReply:client-8B023739F3BF->b50d6464-f54a-40d1-9f81-f1c19654fd05@group-1F53027F28E3, cid=1591, SUCCESS, logIndex=2260, commits[b50d6464-f54a-40d1-9f81-f1c19654fd05:c2261]
2019-09-12 09:26:11,318 [grpc-default-executor-1] INFO  client.GrpcClientProtocolClient (GrpcClientProtocolClient.java:onNext(264)) - client-8B023739F3BF->b50d6464-f54a-40d1-9f81-f1c19654fd05: receive RaftClientReply:client-8B023739F3BF->b50d6464-f54a-40d1-9f81-f1c19654fd05@group-1F53027F28E3, cid=1592, SUCCESS, logIndex=2261, commits[b50d6464-f54a-40d1-9f81-f1c19654fd05:c2262]
2019-09-12 09:26:11,346 [SCMBlockDeletingService#0] DEBUG block.SCMBlockDeletingService (SCMBlockDeletingService.java:call(138)) - Running DeletedBlockTransactionScanner
2019-09-12 09:26:11,346 [SCMBlockDeletingService#0] DEBUG block.SCMBlockDeletingService (SCMBlockDeletingService.java:call(155)) - Scanned deleted blocks log and got 0 delTX to process.
2019-09-12 09:26:11,347 [grpc-default-executor-1] INFO  client.GrpcClientProtocolClient (GrpcClientProtocolClient.java:onNext(264)) - client-8B023739F3BF->b50d6464-f54a-40d1-9f81-f1c19654fd05: receive RaftClientReply:client-8B023739F3BF->b50d6464-f54a-40d1-9f81-f1c19654fd05@group-1F53027F28E3, cid=1593, SUCCESS, logIndex=2263, commits[b50d6464-f54a-40d1-9f81-f1c19654fd05:c2266]
2019-09-12 09:26:11,347 [grpc-default-executor-1] INFO  client.GrpcClientProtocolClient (GrpcClientProtocolClient.java:onNext(264)) - client-8B023739F3BF->b50d6464-f54a-40d1-9f81-f1c19654fd05: receive RaftClientReply:client-8B023739F3BF->b50d6464-f54a-40d1-9f81-f1c19654fd05@group-1F53027F28E3, cid=1594, SUCCESS, logIndex=2264, commits[b50d6464-f54a-40d1-9f81-f1c19654fd05:c2266]
2019-09-12 09:26:11,348 [grpc-default-executor-1] INFO  client.GrpcClientProtocolClient (GrpcClientProtocolClient.java:onNext(264)) - client-8B023739F3BF->b50d6464-f54a-40d1-9f81-f1c19654fd05: receive RaftClientReply:client-8B023739F3BF->b50d6464-f54a-40d1-9f81-f1c19654fd05@group-1F53027F28E3, cid=1595, SUCCESS, logIndex=2265, commits[b50d6464-f54a-40d1-9f81-f1c19654fd05:c2267]
2019-09-12 09:26:11,348 [grpc-default-executor-1] INFO  client.GrpcClientProtocolClient (GrpcClientProtocolClient.java:onNext(264)) - client-8B023739F3BF->b50d6464-f54a-40d1-9f81-f1c19654fd05: receive RaftClientReply:client-8B023739F3BF->b50d6464-f54a-40d1-9f81-f1c19654fd05@group-1F53027F28E3, cid=1596, SUCCESS, logIndex=2266, commits[b50d6464-f54a-40d1-9f81-f1c19654fd05:c2267]
2019-09-12 09:26:11,367 [grpc-default-executor-1] INFO  client.GrpcClientProtocolClient (GrpcClientProtocolClient.java:onNext(264)) - client-8B023739F3BF->b50d6464-f54a-40d1-9f81-f1c19654fd05: receive RaftClientReply:client-8B023739F3BF->b50d6464-f54a-40d1-9f81-f1c19654fd05@group-1F53027F28E3, cid=1597, SUCCESS, logIndex=2268, commits[b50d6464-f54a-40d1-9f81-f1c19654fd05:c2269]
2019-09-12 09:26:11,367 [grpc-default-executor-1] INFO  client.GrpcClientProtocolClient (GrpcClientProtocolClient.java:onNext(264)) - client-8B023739F3BF->b50d6464-f54a-40d1-9f81-f1c19654fd05: receive RaftClientReply:client-8B023739F3BF->b50d6464-f54a-40d1-9f81-f1c19654fd05@group-1F53027F28E3, cid=1598, SUCCESS, logIndex=2269, commits[b50d6464-f54a-40d1-9f81-f1c19654fd05:c2271]
2019-09-12 09:26:11,367 [grpc-default-executor-1] INFO  client.GrpcClientProtocolClient (GrpcClientProtocolClient.java:onNext(264)) - client-8B023739F3BF->b50d6464-f54a-40d1-9f81-f1c19654fd05: receive RaftClientReply:client-8B023739F3BF->b50d6464-f54a-40d1-9f81-f1c19654fd05@group-1F53027F28E3, cid=1599, SUCCESS, logIndex=2270, commits[b50d6464-f54a-40d1-9f81-f1c19654fd05:c2271]
2019-09-12 09:26:11,368 [grpc-default-executor-1] INFO  client.GrpcClientProtocolClient (GrpcClientProtocolClient.java:onNext(264)) - client-8B023739F3BF->b50d6464-f54a-40d1-9f81-f1c19654fd05: receive RaftClientReply:client-8B023739F3BF->b50d6464-f54a-40d1-9f81-f1c19654fd05@group-1F53027F28E3, cid=1600, SUCCESS, logIndex=2271, commits[b50d6464-f54a-40d1-9f81-f1c19654fd05:c2272]
2019-09-12 09:26:11,390 [grpc-default-executor-1] INFO  client.GrpcClientProtocolClient (GrpcClientProtocolClient.java:onNext(264)) - client-8B023739F3BF->b50d6464-f54a-40d1-9f81-f1c19654fd05: receive RaftClientReply:client-8B023739F3BF->b50d6464-f54a-40d1-9f81-f1c19654fd05@group-1F53027F28E3, cid=1601, SUCCESS, logIndex=2274, commits[b50d6464-f54a-40d1-9f81-f1c19654fd05:c2277]
2019-09-12 09:26:11,390 [grpc-default-executor-1] INFO  client.GrpcClientProtocolClient (GrpcClientProtocolClient.java:onNext(264)) - client-8B023739F3BF->b50d6464-f54a-40d1-9f81-f1c19654fd05: receive RaftClientReply:client-8B023739F3BF->b50d6464-f54a-40d1-9f81-f1c19654fd05@group-1F53027F28E3, cid=1602, SUCCESS, logIndex=2275, commits[b50d6464-f54a-40d1-9f81-f1c19654fd05:c2278]
2019-09-12 09:26:11,391 [grpc-default-executor-1] INFO  client.GrpcClientProtocolClient (GrpcClientProtocolClient.java:onNext(264)) - client-8B023739F3BF->b50d6464-f54a-40d1-9f81-f1c19654fd05: receive RaftClientReply:client-8B023739F3BF->b50d6464-f54a-40d1-9f81-f1c19654fd05@group-1F53027F28E3, cid=1603, SUCCESS, logIndex=2276, commits[b50d6464-f54a-40d1-9f81-f1c19654fd05:c2278]
2019-09-12 09:26:11,391 [grpc-default-executor-1] INFO  client.GrpcClientProtocolClient (GrpcClientProtocolClient.java:onNext(264)) - client-8B023739F3BF->b50d6464-f54a-40d1-9f81-f1c19654fd05: receive RaftClientReply:client-8B023739F3BF->b50d6464-f54a-40d1-9f81-f1c19654fd05@group-1F53027F28E3, cid=1604, SUCCESS, logIndex=2277, commits[b50d6464-f54a-40d1-9f81-f1c19654fd05:c2278]
2019-09-12 09:26:11,410 [grpc-default-executor-2] INFO  client.GrpcClientProtocolClient (GrpcClientProtocolClient.java:onNext(264)) - client-8B023739F3BF->b50d6464-f54a-40d1-9f81-f1c19654fd05: receive RaftClientReply:client-8B023739F3BF->b50d6464-f54a-40d1-9f81-f1c19654fd05@group-1F53027F28E3, cid=1605, SUCCESS, logIndex=2279, commits[b50d6464-f54a-40d1-9f81-f1c19654fd05:c2282]
2019-09-12 09:26:11,410 [grpc-default-executor-2] INFO  client.GrpcClientProtocolClient (GrpcClientProtocolClient.java:onNext(264)) - client-8B023739F3BF->b50d6464-f54a-40d1-9f81-f1c19654fd05: receive RaftClientReply:client-8B023739F3BF->b50d6464-f54a-40d1-9f81-f1c19654fd05@group-1F53027F28E3, cid=1606, SUCCESS, logIndex=2280, commits[b50d6464-f54a-40d1-9f81-f1c19654fd05:c2282]
2019-09-12 09:26:11,410 [grpc-default-executor-2] INFO  client.GrpcClientProtocolClient (GrpcClientProtocolClient.java:onNext(264)) - client-8B023739F3BF->b50d6464-f54a-40d1-9f81-f1c19654fd05: receive RaftClientReply:client-8B023739F3BF->b50d6464-f54a-40d1-9f81-f1c19654fd05@group-1F53027F28E3, cid=1607, SUCCESS, logIndex=2281, commits[b50d6464-f54a-40d1-9f81-f1c19654fd05:c2283]
2019-09-12 09:26:11,411 [grpc-default-executor-2] INFO  client.GrpcClientProtocolClient (GrpcClientProtocolClient.java:onNext(264)) - client-8B023739F3BF->b50d6464-f54a-40d1-9f81-f1c19654fd05: receive RaftClientReply:client-8B023739F3BF->b50d6464-f54a-40d1-9f81-f1c19654fd05@group-1F53027F28E3, cid=1608, SUCCESS, logIndex=2282, commits[b50d6464-f54a-40d1-9f81-f1c19654fd05:c2283]
2019-09-12 09:26:11,471 [SCMBlockDeletingService#0] DEBUG block.SCMBlockDeletingService (SCMBlockDeletingService.java:call(138)) - Running DeletedBlockTransactionScanner
2019-09-12 09:26:11,471 [SCMBlockDeletingService#0] DEBUG block.SCMBlockDeletingService (SCMBlockDeletingService.java:call(155)) - Scanned deleted blocks log and got 0 delTX to process.
2019-09-12 09:26:11,494 [grpc-default-executor-2] INFO  client.GrpcClientProtocolClient (GrpcClientProtocolClient.java:onNext(264)) - client-8B023739F3BF->b50d6464-f54a-40d1-9f81-f1c19654fd05: receive RaftClientReply:client-8B023739F3BF->b50d6464-f54a-40d1-9f81-f1c19654fd05@group-1F53027F28E3, cid=1609, SUCCESS, logIndex=2284, commits[b50d6464-f54a-40d1-9f81-f1c19654fd05:c2285]
2019-09-12 09:26:11,494 [grpc-default-executor-2] INFO  client.GrpcClientProtocolClient (GrpcClientProtocolClient.java:onNext(264)) - client-8B023739F3BF->b50d6464-f54a-40d1-9f81-f1c19654fd05: receive RaftClientReply:client-8B023739F3BF->b50d6464-f54a-40d1-9f81-f1c19654fd05@group-1F53027F28E3, cid=1610, SUCCESS, logIndex=2285, commits[b50d6464-f54a-40d1-9f81-f1c19654fd05:c2287]
2019-09-12 09:26:11,495 [grpc-default-executor-2] INFO  client.GrpcClientProtocolClient (GrpcClientProtocolClient.java:onNext(264)) - client-8B023739F3BF->b50d6464-f54a-40d1-9f81-f1c19654fd05: receive RaftClientReply:client-8B023739F3BF->b50d6464-f54a-40d1-9f81-f1c19654fd05@group-1F53027F28E3, cid=1611, SUCCESS, logIndex=2286, commits[b50d6464-f54a-40d1-9f81-f1c19654fd05:c2288]
2019-09-12 09:26:11,495 [grpc-default-executor-2] INFO  client.GrpcClientProtocolClient (GrpcClientProtocolClient.java:onNext(264)) - client-8B023739F3BF->b50d6464-f54a-40d1-9f81-f1c19654fd05: receive RaftClientReply:client-8B023739F3BF->b50d6464-f54a-40d1-9f81-f1c19654fd05@group-1F53027F28E3, cid=1612, SUCCESS, logIndex=2287, commits[b50d6464-f54a-40d1-9f81-f1c19654fd05:c2289]
2019-09-12 09:26:11,514 [grpc-default-executor-2] INFO  client.GrpcClientProtocolClient (GrpcClientProtocolClient.java:onNext(264)) - client-8B023739F3BF->b50d6464-f54a-40d1-9f81-f1c19654fd05: receive RaftClientReply:client-8B023739F3BF->b50d6464-f54a-40d1-9f81-f1c19654fd05@group-1F53027F28E3, cid=1613, SUCCESS, logIndex=2290, commits[b50d6464-f54a-40d1-9f81-f1c19654fd05:c2291]
2019-09-12 09:26:11,514 [grpc-default-executor-2] INFO  client.GrpcClientProtocolClient (GrpcClientProtocolClient.java:onNext(264)) - client-8B023739F3BF->b50d6464-f54a-40d1-9f81-f1c19654fd05: receive RaftClientReply:client-8B023739F3BF->b50d6464-f54a-40d1-9f81-f1c19654fd05@group-1F53027F28E3, cid=1614, SUCCESS, logIndex=2291, commits[b50d6464-f54a-40d1-9f81-f1c19654fd05:c2293]
2019-09-12 09:26:11,514 [grpc-default-executor-2] INFO  client.GrpcClientProtocolClient (GrpcClientProtocolClient.java:onNext(264)) - client-8B023739F3BF->b50d6464-f54a-40d1-9f81-f1c19654fd05: receive RaftClientReply:client-8B023739F3BF->b50d6464-f54a-40d1-9f81-f1c19654fd05@group-1F53027F28E3, cid=1615, SUCCESS, logIndex=2292, commits[b50d6464-f54a-40d1-9f81-f1c19654fd05:c2293]
2019-09-12 09:26:11,515 [grpc-default-executor-2] INFO  client.GrpcClientProtocolClient (GrpcClientProtocolClient.java:onNext(264)) - client-8B023739F3BF->b50d6464-f54a-40d1-9f81-f1c19654fd05: receive RaftClientReply:client-8B023739F3BF->b50d6464-f54a-40d1-9f81-f1c19654fd05@group-1F53027F28E3, cid=1616, SUCCESS, logIndex=2293, commits[b50d6464-f54a-40d1-9f81-f1c19654fd05:c2293]
2019-09-12 09:26:11,542 [grpc-default-executor-2] INFO  client.GrpcClientProtocolClient (GrpcClientProtocolClient.java:onNext(264)) - client-8B023739F3BF->b50d6464-f54a-40d1-9f81-f1c19654fd05: receive RaftClientReply:client-8B023739F3BF->b50d6464-f54a-40d1-9f81-f1c19654fd05@group-1F53027F28E3, cid=1617, SUCCESS, logIndex=2296, commits[b50d6464-f54a-40d1-9f81-f1c19654fd05:c2299]
2019-09-12 09:26:11,542 [grpc-default-executor-2] INFO  client.GrpcClientProtocolClient (GrpcClientProtocolClient.java:onNext(264)) - client-8B023739F3BF->b50d6464-f54a-40d1-9f81-f1c19654fd05: receive RaftClientReply:client-8B023739F3BF->b50d6464-f54a-40d1-9f81-f1c19654fd05@group-1F53027F28E3, cid=1618, SUCCESS, logIndex=2297, commits[b50d6464-f54a-40d1-9f81-f1c19654fd05:c2299]
2019-09-12 09:26:11,543 [grpc-default-executor-2] INFO  client.GrpcClientProtocolClient (GrpcClientProtocolClient.java:onNext(264)) - client-8B023739F3BF->b50d6464-f54a-40d1-9f81-f1c19654fd05: receive RaftClientReply:client-8B023739F3BF->b50d6464-f54a-40d1-9f81-f1c19654fd05@group-1F53027F28E3, cid=1619, SUCCESS, logIndex=2298, commits[b50d6464-f54a-40d1-9f81-f1c19654fd05:c2300]
2019-09-12 09:26:11,543 [grpc-default-executor-2] INFO  client.GrpcClientProtocolClient (GrpcClientProtocolClient.java:onNext(264)) - client-8B023739F3BF->b50d6464-f54a-40d1-9f81-f1c19654fd05: receive RaftClientReply:client-8B023739F3BF->b50d6464-f54a-40d1-9f81-f1c19654fd05@group-1F53027F28E3, cid=1620, SUCCESS, logIndex=2299, commits[b50d6464-f54a-40d1-9f81-f1c19654fd05:c2301]
2019-09-12 09:26:11,561 [grpc-default-executor-2] INFO  client.GrpcClientProtocolClient (GrpcClientProtocolClient.java:onNext(264)) - client-8B023739F3BF->b50d6464-f54a-40d1-9f81-f1c19654fd05: receive RaftClientReply:client-8B023739F3BF->b50d6464-f54a-40d1-9f81-f1c19654fd05@group-1F53027F28E3, cid=1621, SUCCESS, logIndex=2302, commits[b50d6464-f54a-40d1-9f81-f1c19654fd05:c2305]
2019-09-12 09:26:11,562 [grpc-default-executor-2] INFO  client.GrpcClientProtocolClient (GrpcClientProtocolClient.java:onNext(264)) - client-8B023739F3BF->b50d6464-f54a-40d1-9f81-f1c19654fd05: receive RaftClientReply:client-8B023739F3BF->b50d6464-f54a-40d1-9f81-f1c19654fd05@group-1F53027F28E3, cid=1622, SUCCESS, logIndex=2303, commits[b50d6464-f54a-40d1-9f81-f1c19654fd05:c2305]
2019-09-12 09:26:11,562 [grpc-default-executor-2] INFO  client.GrpcClientProtocolClient (GrpcClientProtocolClient.java:onNext(264)) - client-8B023739F3BF->b50d6464-f54a-40d1-9f81-f1c19654fd05: receive RaftClientReply:client-8B023739F3BF->b50d6464-f54a-40d1-9f81-f1c19654fd05@group-1F53027F28E3, cid=1623, SUCCESS, logIndex=2304, commits[b50d6464-f54a-40d1-9f81-f1c19654fd05:c2305]
2019-09-12 09:26:11,562 [grpc-default-executor-2] INFO  client.GrpcClientProtocolClient (GrpcClientProtocolClient.java:onNext(264)) - client-8B023739F3BF->b50d6464-f54a-40d1-9f81-f1c19654fd05: receive RaftClientReply:client-8B023739F3BF->b50d6464-f54a-40d1-9f81-f1c19654fd05@group-1F53027F28E3, cid=1624, SUCCESS, logIndex=2305, commits[b50d6464-f54a-40d1-9f81-f1c19654fd05:c2306]
2019-09-12 09:26:11,572 [SCMBlockDeletingService#0] DEBUG block.SCMBlockDeletingService (SCMBlockDeletingService.java:call(138)) - Running DeletedBlockTransactionScanner
2019-09-12 09:26:11,572 [SCMBlockDeletingService#0] DEBUG block.SCMBlockDeletingService (SCMBlockDeletingService.java:call(155)) - Scanned deleted blocks log and got 0 delTX to process.
2019-09-12 09:26:11,588 [grpc-default-executor-2] INFO  client.GrpcClientProtocolClient (GrpcClientProtocolClient.java:onNext(264)) - client-8B023739F3BF->b50d6464-f54a-40d1-9f81-f1c19654fd05: receive RaftClientReply:client-8B023739F3BF->b50d6464-f54a-40d1-9f81-f1c19654fd05@group-1F53027F28E3, cid=1625, SUCCESS, logIndex=2308, commits[b50d6464-f54a-40d1-9f81-f1c19654fd05:c2309]
2019-09-12 09:26:11,589 [grpc-default-executor-2] INFO  client.GrpcClientProtocolClient (GrpcClientProtocolClient.java:onNext(264)) - client-8B023739F3BF->b50d6464-f54a-40d1-9f81-f1c19654fd05: receive RaftClientReply:client-8B023739F3BF->b50d6464-f54a-40d1-9f81-f1c19654fd05@group-1F53027F28E3, cid=1626, SUCCESS, logIndex=2309, commits[b50d6464-f54a-40d1-9f81-f1c19654fd05:c2311]
2019-09-12 09:26:11,589 [grpc-default-executor-2] INFO  client.GrpcClientProtocolClient (GrpcClientProtocolClient.java:onNext(264)) - client-8B023739F3BF->b50d6464-f54a-40d1-9f81-f1c19654fd05: receive RaftClientReply:client-8B023739F3BF->b50d6464-f54a-40d1-9f81-f1c19654fd05@group-1F53027F28E3, cid=1627, SUCCESS, logIndex=2310, commits[b50d6464-f54a-40d1-9f81-f1c19654fd05:c2311]
2019-09-12 09:26:11,589 [grpc-default-executor-2] INFO  client.GrpcClientProtocolClient (GrpcClientProtocolClient.java:onNext(264)) - client-8B023739F3BF->b50d6464-f54a-40d1-9f81-f1c19654fd05: receive RaftClientReply:client-8B023739F3BF->b50d6464-f54a-40d1-9f81-f1c19654fd05@group-1F53027F28E3, cid=1628, SUCCESS, logIndex=2311, commits[b50d6464-f54a-40d1-9f81-f1c19654fd05:c2312]
2019-09-12 09:26:11,608 [grpc-default-executor-1] INFO  client.GrpcClientProtocolClient (GrpcClientProtocolClient.java:onNext(264)) - client-8B023739F3BF->b50d6464-f54a-40d1-9f81-f1c19654fd05: receive RaftClientReply:client-8B023739F3BF->b50d6464-f54a-40d1-9f81-f1c19654fd05@group-1F53027F28E3, cid=1629, SUCCESS, logIndex=2314, commits[b50d6464-f54a-40d1-9f81-f1c19654fd05:c2317]
2019-09-12 09:26:11,609 [grpc-default-executor-1] INFO  client.GrpcClientProtocolClient (GrpcClientProtocolClient.java:onNext(264)) - client-8B023739F3BF->b50d6464-f54a-40d1-9f81-f1c19654fd05: receive RaftClientReply:client-8B023739F3BF->b50d6464-f54a-40d1-9f81-f1c19654fd05@group-1F53027F28E3, cid=1630, SUCCESS, logIndex=2315, commits[b50d6464-f54a-40d1-9f81-f1c19654fd05:c2317]
2019-09-12 09:26:11,609 [grpc-default-executor-1] INFO  client.GrpcClientProtocolClient (GrpcClientProtocolClient.java:onNext(264)) - client-8B023739F3BF->b50d6464-f54a-40d1-9f81-f1c19654fd05: receive RaftClientReply:client-8B023739F3BF->b50d6464-f54a-40d1-9f81-f1c19654fd05@group-1F53027F28E3, cid=1631, SUCCESS, logIndex=2316, commits[b50d6464-f54a-40d1-9f81-f1c19654fd05:c2318]
2019-09-12 09:26:11,609 [grpc-default-executor-1] INFO  client.GrpcClientProtocolClient (GrpcClientProtocolClient.java:onNext(264)) - client-8B023739F3BF->b50d6464-f54a-40d1-9f81-f1c19654fd05: receive RaftClientReply:client-8B023739F3BF->b50d6464-f54a-40d1-9f81-f1c19654fd05@group-1F53027F28E3, cid=1632, SUCCESS, logIndex=2317, commits[b50d6464-f54a-40d1-9f81-f1c19654fd05:c2318]
2019-09-12 09:26:11,626 [grpc-default-executor-1] INFO  client.GrpcClientProtocolClient (GrpcClientProtocolClient.java:onNext(264)) - client-8B023739F3BF->b50d6464-f54a-40d1-9f81-f1c19654fd05: receive RaftClientReply:client-8B023739F3BF->b50d6464-f54a-40d1-9f81-f1c19654fd05@group-1F53027F28E3, cid=1633, SUCCESS, logIndex=2319, commits[b50d6464-f54a-40d1-9f81-f1c19654fd05:c2320]
2019-09-12 09:26:11,627 [grpc-default-executor-1] INFO  client.GrpcClientProtocolClient (GrpcClientProtocolClient.java:onNext(264)) - client-8B023739F3BF->b50d6464-f54a-40d1-9f81-f1c19654fd05: receive RaftClientReply:client-8B023739F3BF->b50d6464-f54a-40d1-9f81-f1c19654fd05@group-1F53027F28E3, cid=1634, SUCCESS, logIndex=2320, commits[b50d6464-f54a-40d1-9f81-f1c19654fd05:c2321]
2019-09-12 09:26:11,672 [SCMBlockDeletingService#0] DEBUG block.SCMBlockDeletingService (SCMBlockDeletingService.java:call(138)) - Running DeletedBlockTransactionScanner
2019-09-12 09:26:11,672 [SCMBlockDeletingService#0] DEBUG block.SCMBlockDeletingService (SCMBlockDeletingService.java:call(155)) - Scanned deleted blocks log and got 0 delTX to process.
2019-09-12 09:26:11,723 [grpc-default-executor-2] INFO  client.GrpcClientProtocolClient (GrpcClientProtocolClient.java:onNext(264)) - client-8B023739F3BF->b50d6464-f54a-40d1-9f81-f1c19654fd05: receive RaftClientReply:client-8B023739F3BF->b50d6464-f54a-40d1-9f81-f1c19654fd05@group-1F53027F28E3, cid=1635, SUCCESS, logIndex=2322, commits[b50d6464-f54a-40d1-9f81-f1c19654fd05:c2323]
2019-09-12 09:26:11,724 [grpc-default-executor-2] INFO  client.GrpcClientProtocolClient (GrpcClientProtocolClient.java:onNext(264)) - client-8B023739F3BF->b50d6464-f54a-40d1-9f81-f1c19654fd05: receive RaftClientReply:client-8B023739F3BF->b50d6464-f54a-40d1-9f81-f1c19654fd05@group-1F53027F28E3, cid=1636, SUCCESS, logIndex=2323, commits[b50d6464-f54a-40d1-9f81-f1c19654fd05:c2324]
2019-09-12 09:26:11,741 [grpc-default-executor-2] INFO  client.GrpcClientProtocolClient (GrpcClientProtocolClient.java:onNext(264)) - client-8B023739F3BF->b50d6464-f54a-40d1-9f81-f1c19654fd05: receive RaftClientReply:client-8B023739F3BF->b50d6464-f54a-40d1-9f81-f1c19654fd05@group-1F53027F28E3, cid=1637, SUCCESS, logIndex=2325, commits[b50d6464-f54a-40d1-9f81-f1c19654fd05:c2326]
2019-09-12 09:26:11,742 [grpc-default-executor-2] INFO  client.GrpcClientProtocolClient (GrpcClientProtocolClient.java:onNext(264)) - client-8B023739F3BF->b50d6464-f54a-40d1-9f81-f1c19654fd05: receive RaftClientReply:client-8B023739F3BF->b50d6464-f54a-40d1-9f81-f1c19654fd05@group-1F53027F28E3, cid=1638, SUCCESS, logIndex=2326, commits[b50d6464-f54a-40d1-9f81-f1c19654fd05:c2328]
2019-09-12 09:26:11,742 [grpc-default-executor-2] INFO  client.GrpcClientProtocolClient (GrpcClientProtocolClient.java:onNext(264)) - client-8B023739F3BF->b50d6464-f54a-40d1-9f81-f1c19654fd05: receive RaftClientReply:client-8B023739F3BF->b50d6464-f54a-40d1-9f81-f1c19654fd05@group-1F53027F28E3, cid=1639, SUCCESS, logIndex=2327, commits[b50d6464-f54a-40d1-9f81-f1c19654fd05:c2328]
2019-09-12 09:26:11,743 [grpc-default-executor-2] INFO  client.GrpcClientProtocolClient (GrpcClientProtocolClient.java:onNext(264)) - client-8B023739F3BF->b50d6464-f54a-40d1-9f81-f1c19654fd05: receive RaftClientReply:client-8B023739F3BF->b50d6464-f54a-40d1-9f81-f1c19654fd05@group-1F53027F28E3, cid=1640, SUCCESS, logIndex=2328, commits[b50d6464-f54a-40d1-9f81-f1c19654fd05:c2329]
2019-09-12 09:26:11,771 [grpc-default-executor-2] INFO  client.GrpcClientProtocolClient (GrpcClientProtocolClient.java:onNext(264)) - client-8B023739F3BF->b50d6464-f54a-40d1-9f81-f1c19654fd05: receive RaftClientReply:client-8B023739F3BF->b50d6464-f54a-40d1-9f81-f1c19654fd05@group-1F53027F28E3, cid=1641, SUCCESS, logIndex=2331, commits[b50d6464-f54a-40d1-9f81-f1c19654fd05:c2332]
2019-09-12 09:26:11,772 [grpc-default-executor-2] INFO  client.GrpcClientProtocolClient (GrpcClientProtocolClient.java:onNext(264)) - client-8B023739F3BF->b50d6464-f54a-40d1-9f81-f1c19654fd05: receive RaftClientReply:client-8B023739F3BF->b50d6464-f54a-40d1-9f81-f1c19654fd05@group-1F53027F28E3, cid=1642, SUCCESS, logIndex=2332, commits[b50d6464-f54a-40d1-9f81-f1c19654fd05:c2332]
2019-09-12 09:26:11,772 [grpc-default-executor-2] INFO  client.GrpcClientProtocolClient (GrpcClientProtocolClient.java:onNext(264)) - client-8B023739F3BF->b50d6464-f54a-40d1-9f81-f1c19654fd05: receive RaftClientReply:client-8B023739F3BF->b50d6464-f54a-40d1-9f81-f1c19654fd05@group-1F53027F28E3, cid=1643, SUCCESS, logIndex=2333, commits[b50d6464-f54a-40d1-9f81-f1c19654fd05:c2334]
2019-09-12 09:26:11,772 [grpc-default-executor-2] INFO  client.GrpcClientProtocolClient (GrpcClientProtocolClient.java:onNext(264)) - client-8B023739F3BF->b50d6464-f54a-40d1-9f81-f1c19654fd05: receive RaftClientReply:client-8B023739F3BF->b50d6464-f54a-40d1-9f81-f1c19654fd05@group-1F53027F28E3, cid=1644, SUCCESS, logIndex=2334, commits[b50d6464-f54a-40d1-9f81-f1c19654fd05:c2335]
2019-09-12 09:26:11,773 [SCMBlockDeletingService#0] DEBUG block.SCMBlockDeletingService (SCMBlockDeletingService.java:call(138)) - Running DeletedBlockTransactionScanner
2019-09-12 09:26:11,773 [SCMBlockDeletingService#0] DEBUG block.SCMBlockDeletingService (SCMBlockDeletingService.java:call(155)) - Scanned deleted blocks log and got 0 delTX to process.
2019-09-12 09:26:11,791 [grpc-default-executor-2] INFO  client.GrpcClientProtocolClient (GrpcClientProtocolClient.java:onNext(264)) - client-8B023739F3BF->b50d6464-f54a-40d1-9f81-f1c19654fd05: receive RaftClientReply:client-8B023739F3BF->b50d6464-f54a-40d1-9f81-f1c19654fd05@group-1F53027F28E3, cid=1645, SUCCESS, logIndex=2337, commits[b50d6464-f54a-40d1-9f81-f1c19654fd05:c2338]
2019-09-12 09:26:11,791 [grpc-default-executor-2] INFO  client.GrpcClientProtocolClient (GrpcClientProtocolClient.java:onNext(264)) - client-8B023739F3BF->b50d6464-f54a-40d1-9f81-f1c19654fd05: receive RaftClientReply:client-8B023739F3BF->b50d6464-f54a-40d1-9f81-f1c19654fd05@group-1F53027F28E3, cid=1646, SUCCESS, logIndex=2338, commits[b50d6464-f54a-40d1-9f81-f1c19654fd05:c2338]
2019-09-12 09:26:11,793 [grpc-default-executor-2] INFO  client.GrpcClientProtocolClient (GrpcClientProtocolClient.java:onNext(264)) - client-8B023739F3BF->b50d6464-f54a-40d1-9f81-f1c19654fd05: receive RaftClientReply:client-8B023739F3BF->b50d6464-f54a-40d1-9f81-f1c19654fd05@group-1F53027F28E3, cid=1647, SUCCESS, logIndex=2339, commits[b50d6464-f54a-40d1-9f81-f1c19654fd05:c2341]
2019-09-12 09:26:11,794 [grpc-default-executor-2] INFO  client.GrpcClientProtocolClient (GrpcClientProtocolClient.java:onNext(264)) - client-8B023739F3BF->b50d6464-f54a-40d1-9f81-f1c19654fd05: receive RaftClientReply:client-8B023739F3BF->b50d6464-f54a-40d1-9f81-f1c19654fd05@group-1F53027F28E3, cid=1648, SUCCESS, logIndex=2340, commits[b50d6464-f54a-40d1-9f81-f1c19654fd05:c2341]
2019-09-12 09:26:11,818 [grpc-default-executor-2] INFO  client.GrpcClientProtocolClient (GrpcClientProtocolClient.java:onNext(264)) - client-8B023739F3BF->b50d6464-f54a-40d1-9f81-f1c19654fd05: receive RaftClientReply:client-8B023739F3BF->b50d6464-f54a-40d1-9f81-f1c19654fd05@group-1F53027F28E3, cid=1649, SUCCESS, logIndex=2342, commits[b50d6464-f54a-40d1-9f81-f1c19654fd05:c2343]
2019-09-12 09:26:11,819 [grpc-default-executor-2] INFO  client.GrpcClientProtocolClient (GrpcClientProtocolClient.java:onNext(264)) - client-8B023739F3BF->b50d6464-f54a-40d1-9f81-f1c19654fd05: receive RaftClientReply:client-8B023739F3BF->b50d6464-f54a-40d1-9f81-f1c19654fd05@group-1F53027F28E3, cid=1650, SUCCESS, logIndex=2343, commits[b50d6464-f54a-40d1-9f81-f1c19654fd05:c2345]
2019-09-12 09:26:11,819 [grpc-default-executor-2] INFO  client.GrpcClientProtocolClient (GrpcClientProtocolClient.java:onNext(264)) - client-8B023739F3BF->b50d6464-f54a-40d1-9f81-f1c19654fd05: receive RaftClientReply:client-8B023739F3BF->b50d6464-f54a-40d1-9f81-f1c19654fd05@group-1F53027F28E3, cid=1651, SUCCESS, logIndex=2344, commits[b50d6464-f54a-40d1-9f81-f1c19654fd05:c2345]
2019-09-12 09:26:11,819 [grpc-default-executor-2] INFO  client.GrpcClientProtocolClient (GrpcClientProtocolClient.java:onNext(264)) - client-8B023739F3BF->b50d6464-f54a-40d1-9f81-f1c19654fd05: receive RaftClientReply:client-8B023739F3BF->b50d6464-f54a-40d1-9f81-f1c19654fd05@group-1F53027F28E3, cid=1652, SUCCESS, logIndex=2345, commits[b50d6464-f54a-40d1-9f81-f1c19654fd05:c2346]
2019-09-12 09:26:11,841 [grpc-default-executor-2] INFO  client.GrpcClientProtocolClient (GrpcClientProtocolClient.java:onNext(264)) - client-8B023739F3BF->b50d6464-f54a-40d1-9f81-f1c19654fd05: receive RaftClientReply:client-8B023739F3BF->b50d6464-f54a-40d1-9f81-f1c19654fd05@group-1F53027F28E3, cid=1653, SUCCESS, logIndex=2348, commits[b50d6464-f54a-40d1-9f81-f1c19654fd05:c2351]
2019-09-12 09:26:11,841 [grpc-default-executor-2] INFO  client.GrpcClientProtocolClient (GrpcClientProtocolClient.java:onNext(264)) - client-8B023739F3BF->b50d6464-f54a-40d1-9f81-f1c19654fd05: receive RaftClientReply:client-8B023739F3BF->b50d6464-f54a-40d1-9f81-f1c19654fd05@group-1F53027F28E3, cid=1654, SUCCESS, logIndex=2349, commits[b50d6464-f54a-40d1-9f81-f1c19654fd05:c2352]
2019-09-12 09:26:11,841 [grpc-default-executor-2] INFO  client.GrpcClientProtocolClient (GrpcClientProtocolClient.java:onNext(264)) - client-8B023739F3BF->b50d6464-f54a-40d1-9f81-f1c19654fd05: receive RaftClientReply:client-8B023739F3BF->b50d6464-f54a-40d1-9f81-f1c19654fd05@group-1F53027F28E3, cid=1655, SUCCESS, logIndex=2350, commits[b50d6464-f54a-40d1-9f81-f1c19654fd05:c2352]
2019-09-12 09:26:11,842 [grpc-default-executor-2] INFO  client.GrpcClientProtocolClient (GrpcClientProtocolClient.java:onNext(264)) - client-8B023739F3BF->b50d6464-f54a-40d1-9f81-f1c19654fd05: receive RaftClientReply:client-8B023739F3BF->b50d6464-f54a-40d1-9f81-f1c19654fd05@group-1F53027F28E3, cid=1656, SUCCESS, logIndex=2351, commits[b50d6464-f54a-40d1-9f81-f1c19654fd05:c2352]
2019-09-12 09:26:11,867 [grpc-default-executor-2] INFO  client.GrpcClientProtocolClient (GrpcClientProtocolClient.java:onNext(264)) - client-8B023739F3BF->b50d6464-f54a-40d1-9f81-f1c19654fd05: receive RaftClientReply:client-8B023739F3BF->b50d6464-f54a-40d1-9f81-f1c19654fd05@group-1F53027F28E3, cid=1657, SUCCESS, logIndex=2353, commits[b50d6464-f54a-40d1-9f81-f1c19654fd05:c2354]
2019-09-12 09:26:11,868 [grpc-default-executor-2] INFO  client.GrpcClientProtocolClient (GrpcClientProtocolClient.java:onNext(264)) - client-8B023739F3BF->b50d6464-f54a-40d1-9f81-f1c19654fd05: receive RaftClientReply:client-8B023739F3BF->b50d6464-f54a-40d1-9f81-f1c19654fd05@group-1F53027F28E3, cid=1658, SUCCESS, logIndex=2354, commits[b50d6464-f54a-40d1-9f81-f1c19654fd05:c2356]
2019-09-12 09:26:11,868 [grpc-default-executor-2] INFO  client.GrpcClientProtocolClient (GrpcClientProtocolClient.java:onNext(264)) - client-8B023739F3BF->b50d6464-f54a-40d1-9f81-f1c19654fd05: receive RaftClientReply:client-8B023739F3BF->b50d6464-f54a-40d1-9f81-f1c19654fd05@group-1F53027F28E3, cid=1659, SUCCESS, logIndex=2355, commits[b50d6464-f54a-40d1-9f81-f1c19654fd05:c2357]
2019-09-12 09:26:11,868 [grpc-default-executor-2] INFO  client.GrpcClientProtocolClient (GrpcClientProtocolClient.java:onNext(264)) - client-8B023739F3BF->b50d6464-f54a-40d1-9f81-f1c19654fd05: receive RaftClientReply:client-8B023739F3BF->b50d6464-f54a-40d1-9f81-f1c19654fd05@group-1F53027F28E3, cid=1660, SUCCESS, logIndex=2356, commits[b50d6464-f54a-40d1-9f81-f1c19654fd05:c2357]
2019-09-12 09:26:11,873 [SCMBlockDeletingService#0] DEBUG block.SCMBlockDeletingService (SCMBlockDeletingService.java:call(138)) - Running DeletedBlockTransactionScanner
2019-09-12 09:26:11,874 [SCMBlockDeletingService#0] DEBUG block.SCMBlockDeletingService (SCMBlockDeletingService.java:call(155)) - Scanned deleted blocks log and got 0 delTX to process.
2019-09-12 09:26:11,886 [grpc-default-executor-1] INFO  client.GrpcClientProtocolClient (GrpcClientProtocolClient.java:onNext(264)) - client-8B023739F3BF->b50d6464-f54a-40d1-9f81-f1c19654fd05: receive RaftClientReply:client-8B023739F3BF->b50d6464-f54a-40d1-9f81-f1c19654fd05@group-1F53027F28E3, cid=1661, SUCCESS, logIndex=2359, commits[b50d6464-f54a-40d1-9f81-f1c19654fd05:c2360]
2019-09-12 09:26:11,887 [grpc-default-executor-1] INFO  client.GrpcClientProtocolClient (GrpcClientProtocolClient.java:onNext(264)) - client-8B023739F3BF->b50d6464-f54a-40d1-9f81-f1c19654fd05: receive RaftClientReply:client-8B023739F3BF->b50d6464-f54a-40d1-9f81-f1c19654fd05@group-1F53027F28E3, cid=1662, SUCCESS, logIndex=2360, commits[b50d6464-f54a-40d1-9f81-f1c19654fd05:c2360]
2019-09-12 09:26:11,888 [grpc-default-executor-1] INFO  client.GrpcClientProtocolClient (GrpcClientProtocolClient.java:onNext(264)) - client-8B023739F3BF->b50d6464-f54a-40d1-9f81-f1c19654fd05: receive RaftClientReply:client-8B023739F3BF->b50d6464-f54a-40d1-9f81-f1c19654fd05@group-1F53027F28E3, cid=1663, SUCCESS, logIndex=2361, commits[b50d6464-f54a-40d1-9f81-f1c19654fd05:c2362]
2019-09-12 09:26:11,888 [grpc-default-executor-1] INFO  client.GrpcClientProtocolClient (GrpcClientProtocolClient.java:onNext(264)) - client-8B023739F3BF->b50d6464-f54a-40d1-9f81-f1c19654fd05: receive RaftClientReply:client-8B023739F3BF->b50d6464-f54a-40d1-9f81-f1c19654fd05@group-1F53027F28E3, cid=1664, SUCCESS, logIndex=2362, commits[b50d6464-f54a-40d1-9f81-f1c19654fd05:c2362]
2019-09-12 09:26:11,914 [grpc-default-executor-2] INFO  client.GrpcClientProtocolClient (GrpcClientProtocolClient.java:onNext(264)) - client-8B023739F3BF->b50d6464-f54a-40d1-9f81-f1c19654fd05: receive RaftClientReply:client-8B023739F3BF->b50d6464-f54a-40d1-9f81-f1c19654fd05@group-1F53027F28E3, cid=1665, SUCCESS, logIndex=2365, commits[b50d6464-f54a-40d1-9f81-f1c19654fd05:c2368]
2019-09-12 09:26:11,915 [grpc-default-executor-2] INFO  client.GrpcClientProtocolClient (GrpcClientProtocolClient.java:onNext(264)) - client-8B023739F3BF->b50d6464-f54a-40d1-9f81-f1c19654fd05: receive RaftClientReply:client-8B023739F3BF->b50d6464-f54a-40d1-9f81-f1c19654fd05@group-1F53027F28E3, cid=1666, SUCCESS, logIndex=2366, commits[b50d6464-f54a-40d1-9f81-f1c19654fd05:c2369]
2019-09-12 09:26:11,915 [grpc-default-executor-2] INFO  client.GrpcClientProtocolClient (GrpcClientProtocolClient.java:onNext(264)) - client-8B023739F3BF->b50d6464-f54a-40d1-9f81-f1c19654fd05: receive RaftClientReply:client-8B023739F3BF->b50d6464-f54a-40d1-9f81-f1c19654fd05@group-1F53027F28E3, cid=1667, SUCCESS, logIndex=2367, commits[b50d6464-f54a-40d1-9f81-f1c19654fd05:c2369]
2019-09-12 09:26:11,915 [grpc-default-executor-2] INFO  client.GrpcClientProtocolClient (GrpcClientProtocolClient.java:onNext(264)) - client-8B023739F3BF->b50d6464-f54a-40d1-9f81-f1c19654fd05: receive RaftClientReply:client-8B023739F3BF->b50d6464-f54a-40d1-9f81-f1c19654fd05@group-1F53027F28E3, cid=1668, SUCCESS, logIndex=2368, commits[b50d6464-f54a-40d1-9f81-f1c19654fd05:c2369]
2019-09-12 09:26:11,934 [grpc-default-executor-2] INFO  client.GrpcClientProtocolClient (GrpcClientProtocolClient.java:onNext(264)) - client-8B023739F3BF->b50d6464-f54a-40d1-9f81-f1c19654fd05: receive RaftClientReply:client-8B023739F3BF->b50d6464-f54a-40d1-9f81-f1c19654fd05@group-1F53027F28E3, cid=1669, SUCCESS, logIndex=2370, commits[b50d6464-f54a-40d1-9f81-f1c19654fd05:c2371]
2019-09-12 09:26:11,935 [grpc-default-executor-2] INFO  client.GrpcClientProtocolClient (GrpcClientProtocolClient.java:onNext(264)) - client-8B023739F3BF->b50d6464-f54a-40d1-9f81-f1c19654fd05: receive RaftClientReply:client-8B023739F3BF->b50d6464-f54a-40d1-9f81-f1c19654fd05@group-1F53027F28E3, cid=1670, SUCCESS, logIndex=2371, commits[b50d6464-f54a-40d1-9f81-f1c19654fd05:c2373]
2019-09-12 09:26:11,935 [grpc-default-executor-2] INFO  client.GrpcClientProtocolClient (GrpcClientProtocolClient.java:onNext(264)) - client-8B023739F3BF->b50d6464-f54a-40d1-9f81-f1c19654fd05: receive RaftClientReply:client-8B023739F3BF->b50d6464-f54a-40d1-9f81-f1c19654fd05@group-1F53027F28E3, cid=1671, SUCCESS, logIndex=2372, commits[b50d6464-f54a-40d1-9f81-f1c19654fd05:c2374]
2019-09-12 09:26:11,935 [grpc-default-executor-2] INFO  client.GrpcClientProtocolClient (GrpcClientProtocolClient.java:onNext(264)) - client-8B023739F3BF->b50d6464-f54a-40d1-9f81-f1c19654fd05: receive RaftClientReply:client-8B023739F3BF->b50d6464-f54a-40d1-9f81-f1c19654fd05@group-1F53027F28E3, cid=1672, SUCCESS, logIndex=2373, commits[b50d6464-f54a-40d1-9f81-f1c19654fd05:c2374]
2019-09-12 09:26:11,963 [grpc-default-executor-2] INFO  client.GrpcClientProtocolClient (GrpcClientProtocolClient.java:onNext(264)) - client-8B023739F3BF->b50d6464-f54a-40d1-9f81-f1c19654fd05: receive RaftClientReply:client-8B023739F3BF->b50d6464-f54a-40d1-9f81-f1c19654fd05@group-1F53027F28E3, cid=1673, SUCCESS, logIndex=2376, commits[b50d6464-f54a-40d1-9f81-f1c19654fd05:c2379]
2019-09-12 09:26:11,963 [grpc-default-executor-2] INFO  client.GrpcClientProtocolClient (GrpcClientProtocolClient.java:onNext(264)) - client-8B023739F3BF->b50d6464-f54a-40d1-9f81-f1c19654fd05: receive RaftClientReply:client-8B023739F3BF->b50d6464-f54a-40d1-9f81-f1c19654fd05@group-1F53027F28E3, cid=1674, SUCCESS, logIndex=2377, commits[b50d6464-f54a-40d1-9f81-f1c19654fd05:c2379]
2019-09-12 09:26:11,963 [grpc-default-executor-2] INFO  client.GrpcClientProtocolClient (GrpcClientProtocolClient.java:onNext(264)) - client-8B023739F3BF->b50d6464-f54a-40d1-9f81-f1c19654fd05: receive RaftClientReply:client-8B023739F3BF->b50d6464-f54a-40d1-9f81-f1c19654fd05@group-1F53027F28E3, cid=1675, SUCCESS, logIndex=2378, commits[b50d6464-f54a-40d1-9f81-f1c19654fd05:c2380]
2019-09-12 09:26:11,964 [grpc-default-executor-2] INFO  client.GrpcClientProtocolClient (GrpcClientProtocolClient.java:onNext(264)) - client-8B023739F3BF->b50d6464-f54a-40d1-9f81-f1c19654fd05: receive RaftClientReply:client-8B023739F3BF->b50d6464-f54a-40d1-9f81-f1c19654fd05@group-1F53027F28E3, cid=1676, SUCCESS, logIndex=2379, commits[b50d6464-f54a-40d1-9f81-f1c19654fd05:c2380]
2019-09-12 09:26:11,974 [SCMBlockDeletingService#0] DEBUG block.SCMBlockDeletingService (SCMBlockDeletingService.java:call(138)) - Running DeletedBlockTransactionScanner
2019-09-12 09:26:11,974 [SCMBlockDeletingService#0] DEBUG block.SCMBlockDeletingService (SCMBlockDeletingService.java:call(155)) - Scanned deleted blocks log and got 0 delTX to process.
2019-09-12 09:26:11,982 [grpc-default-executor-1] INFO  client.GrpcClientProtocolClient (GrpcClientProtocolClient.java:onNext(264)) - client-8B023739F3BF->b50d6464-f54a-40d1-9f81-f1c19654fd05: receive RaftClientReply:client-8B023739F3BF->b50d6464-f54a-40d1-9f81-f1c19654fd05@group-1F53027F28E3, cid=1677, SUCCESS, logIndex=2381, commits[b50d6464-f54a-40d1-9f81-f1c19654fd05:c2382]
2019-09-12 09:26:11,982 [grpc-default-executor-1] INFO  client.GrpcClientProtocolClient (GrpcClientProtocolClient.java:onNext(264)) - client-8B023739F3BF->b50d6464-f54a-40d1-9f81-f1c19654fd05: receive RaftClientReply:client-8B023739F3BF->b50d6464-f54a-40d1-9f81-f1c19654fd05@group-1F53027F28E3, cid=1678, SUCCESS, logIndex=2382, commits[b50d6464-f54a-40d1-9f81-f1c19654fd05:c2383]
2019-09-12 09:26:12,109 [SCMBlockDeletingService#0] DEBUG block.SCMBlockDeletingService (SCMBlockDeletingService.java:call(138)) - Running DeletedBlockTransactionScanner
2019-09-12 09:26:12,109 [SCMBlockDeletingService#0] DEBUG block.SCMBlockDeletingService (SCMBlockDeletingService.java:call(155)) - Scanned deleted blocks log and got 0 delTX to process.
2019-09-12 09:26:12,148 [grpc-default-executor-2] INFO  client.GrpcClientProtocolClient (GrpcClientProtocolClient.java:onNext(264)) - client-8B023739F3BF->b50d6464-f54a-40d1-9f81-f1c19654fd05: receive RaftClientReply:client-8B023739F3BF->b50d6464-f54a-40d1-9f81-f1c19654fd05@group-1F53027F28E3, cid=1679, SUCCESS, logIndex=2384, commits[b50d6464-f54a-40d1-9f81-f1c19654fd05:c2386]
2019-09-12 09:26:12,148 [grpc-default-executor-2] INFO  client.GrpcClientProtocolClient (GrpcClientProtocolClient.java:onNext(264)) - client-8B023739F3BF->b50d6464-f54a-40d1-9f81-f1c19654fd05: receive RaftClientReply:client-8B023739F3BF->b50d6464-f54a-40d1-9f81-f1c19654fd05@group-1F53027F28E3, cid=1680, SUCCESS, logIndex=2385, commits[b50d6464-f54a-40d1-9f81-f1c19654fd05:c2386]
2019-09-12 09:26:12,190 [grpc-default-executor-2] INFO  client.GrpcClientProtocolClient (GrpcClientProtocolClient.java:onNext(264)) - client-8B023739F3BF->b50d6464-f54a-40d1-9f81-f1c19654fd05: receive RaftClientReply:client-8B023739F3BF->b50d6464-f54a-40d1-9f81-f1c19654fd05@group-1F53027F28E3, cid=1681, SUCCESS, logIndex=2387, commits[b50d6464-f54a-40d1-9f81-f1c19654fd05:c2390]
2019-09-12 09:26:12,190 [grpc-default-executor-2] INFO  client.GrpcClientProtocolClient (GrpcClientProtocolClient.java:onNext(264)) - client-8B023739F3BF->b50d6464-f54a-40d1-9f81-f1c19654fd05: receive RaftClientReply:client-8B023739F3BF->b50d6464-f54a-40d1-9f81-f1c19654fd05@group-1F53027F28E3, cid=1682, SUCCESS, logIndex=2388, commits[b50d6464-f54a-40d1-9f81-f1c19654fd05:c2391]
2019-09-12 09:26:12,191 [grpc-default-executor-2] INFO  client.GrpcClientProtocolClient (GrpcClientProtocolClient.java:onNext(264)) - client-8B023739F3BF->b50d6464-f54a-40d1-9f81-f1c19654fd05: receive RaftClientReply:client-8B023739F3BF->b50d6464-f54a-40d1-9f81-f1c19654fd05@group-1F53027F28E3, cid=1683, SUCCESS, logIndex=2389, commits[b50d6464-f54a-40d1-9f81-f1c19654fd05:c2391]
2019-09-12 09:26:12,191 [grpc-default-executor-2] INFO  client.GrpcClientProtocolClient (GrpcClientProtocolClient.java:onNext(264)) - client-8B023739F3BF->b50d6464-f54a-40d1-9f81-f1c19654fd05: receive RaftClientReply:client-8B023739F3BF->b50d6464-f54a-40d1-9f81-f1c19654fd05@group-1F53027F28E3, cid=1684, SUCCESS, logIndex=2390, commits[b50d6464-f54a-40d1-9f81-f1c19654fd05:c2391]
2019-09-12 09:26:12,205 [grpc-default-executor-2] INFO  client.GrpcClientProtocolClient (GrpcClientProtocolClient.java:onNext(264)) - client-8B023739F3BF->b50d6464-f54a-40d1-9f81-f1c19654fd05: receive RaftClientReply:client-8B023739F3BF->b50d6464-f54a-40d1-9f81-f1c19654fd05@group-1F53027F28E3, cid=1685, SUCCESS, logIndex=2392, commits[b50d6464-f54a-40d1-9f81-f1c19654fd05:c2393]
2019-09-12 09:26:12,205 [grpc-default-executor-2] INFO  client.GrpcClientProtocolClient (GrpcClientProtocolClient.java:onNext(264)) - client-8B023739F3BF->b50d6464-f54a-40d1-9f81-f1c19654fd05: receive RaftClientReply:client-8B023739F3BF->b50d6464-f54a-40d1-9f81-f1c19654fd05@group-1F53027F28E3, cid=1686, SUCCESS, logIndex=2393, commits[b50d6464-f54a-40d1-9f81-f1c19654fd05:c2393]
2019-09-12 09:26:12,206 [grpc-default-executor-2] INFO  client.GrpcClientProtocolClient (GrpcClientProtocolClient.java:onNext(264)) - client-8B023739F3BF->b50d6464-f54a-40d1-9f81-f1c19654fd05: receive RaftClientReply:client-8B023739F3BF->b50d6464-f54a-40d1-9f81-f1c19654fd05@group-1F53027F28E3, cid=1687, SUCCESS, logIndex=2394, commits[b50d6464-f54a-40d1-9f81-f1c19654fd05:c2395]
2019-09-12 09:26:12,206 [grpc-default-executor-2] INFO  client.GrpcClientProtocolClient (GrpcClientProtocolClient.java:onNext(264)) - client-8B023739F3BF->b50d6464-f54a-40d1-9f81-f1c19654fd05: receive RaftClientReply:client-8B023739F3BF->b50d6464-f54a-40d1-9f81-f1c19654fd05@group-1F53027F28E3, cid=1688, SUCCESS, logIndex=2395, commits[b50d6464-f54a-40d1-9f81-f1c19654fd05:c2396]
2019-09-12 09:26:12,210 [SCMBlockDeletingService#0] DEBUG block.SCMBlockDeletingService (SCMBlockDeletingService.java:call(138)) - Running DeletedBlockTransactionScanner
2019-09-12 09:26:12,210 [SCMBlockDeletingService#0] DEBUG block.SCMBlockDeletingService (SCMBlockDeletingService.java:call(155)) - Scanned deleted blocks log and got 0 delTX to process.
2019-09-12 09:26:12,233 [grpc-default-executor-2] INFO  client.GrpcClientProtocolClient (GrpcClientProtocolClient.java:onNext(264)) - client-8B023739F3BF->b50d6464-f54a-40d1-9f81-f1c19654fd05: receive RaftClientReply:client-8B023739F3BF->b50d6464-f54a-40d1-9f81-f1c19654fd05@group-1F53027F28E3, cid=1689, SUCCESS, logIndex=2398, commits[b50d6464-f54a-40d1-9f81-f1c19654fd05:c2399]
2019-09-12 09:26:12,233 [grpc-default-executor-2] INFO  client.GrpcClientProtocolClient (GrpcClientProtocolClient.java:onNext(264)) - client-8B023739F3BF->b50d6464-f54a-40d1-9f81-f1c19654fd05: receive RaftClientReply:client-8B023739F3BF->b50d6464-f54a-40d1-9f81-f1c19654fd05@group-1F53027F28E3, cid=1690, SUCCESS, logIndex=2399, commits[b50d6464-f54a-40d1-9f81-f1c19654fd05:c2401]
2019-09-12 09:26:12,234 [grpc-default-executor-2] INFO  client.GrpcClientProtocolClient (GrpcClientProtocolClient.java:onNext(264)) - client-8B023739F3BF->b50d6464-f54a-40d1-9f81-f1c19654fd05: receive RaftClientReply:client-8B023739F3BF->b50d6464-f54a-40d1-9f81-f1c19654fd05@group-1F53027F28E3, cid=1691, SUCCESS, logIndex=2400, commits[b50d6464-f54a-40d1-9f81-f1c19654fd05:c2402]
2019-09-12 09:26:12,234 [grpc-default-executor-2] INFO  client.GrpcClientProtocolClient (GrpcClientProtocolClient.java:onNext(264)) - client-8B023739F3BF->b50d6464-f54a-40d1-9f81-f1c19654fd05: receive RaftClientReply:client-8B023739F3BF->b50d6464-f54a-40d1-9f81-f1c19654fd05@group-1F53027F28E3, cid=1692, SUCCESS, logIndex=2401, commits[b50d6464-f54a-40d1-9f81-f1c19654fd05:c2402]
2019-09-12 09:26:12,260 [grpc-default-executor-2] INFO  client.GrpcClientProtocolClient (GrpcClientProtocolClient.java:onNext(264)) - client-8B023739F3BF->b50d6464-f54a-40d1-9f81-f1c19654fd05: receive RaftClientReply:client-8B023739F3BF->b50d6464-f54a-40d1-9f81-f1c19654fd05@group-1F53027F28E3, cid=1693, SUCCESS, logIndex=2404, commits[b50d6464-f54a-40d1-9f81-f1c19654fd05:c2407]
2019-09-12 09:26:12,263 [grpc-default-executor-2] INFO  client.GrpcClientProtocolClient (GrpcClientProtocolClient.java:onNext(264)) - client-8B023739F3BF->b50d6464-f54a-40d1-9f81-f1c19654fd05: receive RaftClientReply:client-8B023739F3BF->b50d6464-f54a-40d1-9f81-f1c19654fd05@group-1F53027F28E3, cid=1694, SUCCESS, logIndex=2405, commits[b50d6464-f54a-40d1-9f81-f1c19654fd05:c2407]
2019-09-12 09:26:12,263 [grpc-default-executor-2] INFO  client.GrpcClientProtocolClient (GrpcClientProtocolClient.java:onNext(264)) - client-8B023739F3BF->b50d6464-f54a-40d1-9f81-f1c19654fd05: receive RaftClientReply:client-8B023739F3BF->b50d6464-f54a-40d1-9f81-f1c19654fd05@group-1F53027F28E3, cid=1695, SUCCESS, logIndex=2406, commits[b50d6464-f54a-40d1-9f81-f1c19654fd05:c2407]
2019-09-12 09:26:12,263 [grpc-default-executor-2] INFO  client.GrpcClientProtocolClient (GrpcClientProtocolClient.java:onNext(264)) - client-8B023739F3BF->b50d6464-f54a-40d1-9f81-f1c19654fd05: receive RaftClientReply:client-8B023739F3BF->b50d6464-f54a-40d1-9f81-f1c19654fd05@group-1F53027F28E3, cid=1696, SUCCESS, logIndex=2407, commits[b50d6464-f54a-40d1-9f81-f1c19654fd05:c2408]
2019-09-12 09:26:12,288 [grpc-default-executor-2] INFO  client.GrpcClientProtocolClient (GrpcClientProtocolClient.java:onNext(264)) - client-8B023739F3BF->b50d6464-f54a-40d1-9f81-f1c19654fd05: receive RaftClientReply:client-8B023739F3BF->b50d6464-f54a-40d1-9f81-f1c19654fd05@group-1F53027F28E3, cid=1697, SUCCESS, logIndex=2409, commits[b50d6464-f54a-40d1-9f81-f1c19654fd05:c2410]
2019-09-12 09:26:12,289 [grpc-default-executor-2] INFO  client.GrpcClientProtocolClient (GrpcClientProtocolClient.java:onNext(264)) - client-8B023739F3BF->b50d6464-f54a-40d1-9f81-f1c19654fd05: receive RaftClientReply:client-8B023739F3BF->b50d6464-f54a-40d1-9f81-f1c19654fd05@group-1F53027F28E3, cid=1698, SUCCESS, logIndex=2410, commits[b50d6464-f54a-40d1-9f81-f1c19654fd05:c2410]
2019-09-12 09:26:12,300 [grpc-default-executor-2] INFO  client.GrpcClientProtocolClient (GrpcClientProtocolClient.java:onNext(264)) - client-8B023739F3BF->b50d6464-f54a-40d1-9f81-f1c19654fd05: receive RaftClientReply:client-8B023739F3BF->b50d6464-f54a-40d1-9f81-f1c19654fd05@group-1F53027F28E3, cid=1699, SUCCESS, logIndex=2411, commits[b50d6464-f54a-40d1-9f81-f1c19654fd05:c2413]
2019-09-12 09:26:12,300 [grpc-default-executor-2] INFO  client.GrpcClientProtocolClient (GrpcClientProtocolClient.java:onNext(264)) - client-8B023739F3BF->b50d6464-f54a-40d1-9f81-f1c19654fd05: receive RaftClientReply:client-8B023739F3BF->b50d6464-f54a-40d1-9f81-f1c19654fd05@group-1F53027F28E3, cid=1700, SUCCESS, logIndex=2412, commits[b50d6464-f54a-40d1-9f81-f1c19654fd05:c2413]
2019-09-12 09:26:12,310 [SCMBlockDeletingService#0] DEBUG block.SCMBlockDeletingService (SCMBlockDeletingService.java:call(138)) - Running DeletedBlockTransactionScanner
2019-09-12 09:26:12,311 [SCMBlockDeletingService#0] DEBUG block.SCMBlockDeletingService (SCMBlockDeletingService.java:call(155)) - Scanned deleted blocks log and got 0 delTX to process.
2019-09-12 09:26:12,321 [grpc-default-executor-2] INFO  client.GrpcClientProtocolClient (GrpcClientProtocolClient.java:onNext(264)) - client-8B023739F3BF->b50d6464-f54a-40d1-9f81-f1c19654fd05: receive RaftClientReply:client-8B023739F3BF->b50d6464-f54a-40d1-9f81-f1c19654fd05@group-1F53027F28E3, cid=1701, SUCCESS, logIndex=2414, commits[b50d6464-f54a-40d1-9f81-f1c19654fd05:c2417]
2019-09-12 09:26:12,322 [grpc-default-executor-2] INFO  client.GrpcClientProtocolClient (GrpcClientProtocolClient.java:onNext(264)) - client-8B023739F3BF->b50d6464-f54a-40d1-9f81-f1c19654fd05: receive RaftClientReply:client-8B023739F3BF->b50d6464-f54a-40d1-9f81-f1c19654fd05@group-1F53027F28E3, cid=1702, SUCCESS, logIndex=2415, commits[b50d6464-f54a-40d1-9f81-f1c19654fd05:c2417]
2019-09-12 09:26:12,322 [grpc-default-executor-2] INFO  client.GrpcClientProtocolClient (GrpcClientProtocolClient.java:onNext(264)) - client-8B023739F3BF->b50d6464-f54a-40d1-9f81-f1c19654fd05: receive RaftClientReply:client-8B023739F3BF->b50d6464-f54a-40d1-9f81-f1c19654fd05@group-1F53027F28E3, cid=1703, SUCCESS, logIndex=2416, commits[b50d6464-f54a-40d1-9f81-f1c19654fd05:c2418]
2019-09-12 09:26:12,322 [grpc-default-executor-2] INFO  client.GrpcClientProtocolClient (GrpcClientProtocolClient.java:onNext(264)) - client-8B023739F3BF->b50d6464-f54a-40d1-9f81-f1c19654fd05: receive RaftClientReply:client-8B023739F3BF->b50d6464-f54a-40d1-9f81-f1c19654fd05@group-1F53027F28E3, cid=1704, SUCCESS, logIndex=2417, commits[b50d6464-f54a-40d1-9f81-f1c19654fd05:c2418]
2019-09-12 09:26:12,344 [grpc-default-executor-1] INFO  client.GrpcClientProtocolClient (GrpcClientProtocolClient.java:onNext(264)) - client-8B023739F3BF->b50d6464-f54a-40d1-9f81-f1c19654fd05: receive RaftClientReply:client-8B023739F3BF->b50d6464-f54a-40d1-9f81-f1c19654fd05@group-1F53027F28E3, cid=1705, SUCCESS, logIndex=2419, commits[b50d6464-f54a-40d1-9f81-f1c19654fd05:c2420]
2019-09-12 09:26:12,345 [grpc-default-executor-1] INFO  client.GrpcClientProtocolClient (GrpcClientProtocolClient.java:onNext(264)) - client-8B023739F3BF->b50d6464-f54a-40d1-9f81-f1c19654fd05: receive RaftClientReply:client-8B023739F3BF->b50d6464-f54a-40d1-9f81-f1c19654fd05@group-1F53027F28E3, cid=1706, SUCCESS, logIndex=2420, commits[b50d6464-f54a-40d1-9f81-f1c19654fd05:c2420]
2019-09-12 09:26:12,345 [grpc-default-executor-1] INFO  client.GrpcClientProtocolClient (GrpcClientProtocolClient.java:onNext(264)) - client-8B023739F3BF->b50d6464-f54a-40d1-9f81-f1c19654fd05: receive RaftClientReply:client-8B023739F3BF->b50d6464-f54a-40d1-9f81-f1c19654fd05@group-1F53027F28E3, cid=1707, SUCCESS, logIndex=2421, commits[b50d6464-f54a-40d1-9f81-f1c19654fd05:c2422]
2019-09-12 09:26:12,346 [grpc-default-executor-1] INFO  client.GrpcClientProtocolClient (GrpcClientProtocolClient.java:onNext(264)) - client-8B023739F3BF->b50d6464-f54a-40d1-9f81-f1c19654fd05: receive RaftClientReply:client-8B023739F3BF->b50d6464-f54a-40d1-9f81-f1c19654fd05@group-1F53027F28E3, cid=1708, SUCCESS, logIndex=2422, commits[b50d6464-f54a-40d1-9f81-f1c19654fd05:c2422]
2019-09-12 09:26:12,360 [grpc-default-executor-2] INFO  client.GrpcClientProtocolClient (GrpcClientProtocolClient.java:onNext(264)) - client-8B023739F3BF->b50d6464-f54a-40d1-9f81-f1c19654fd05: receive RaftClientReply:client-8B023739F3BF->b50d6464-f54a-40d1-9f81-f1c19654fd05@group-1F53027F28E3, cid=1709, SUCCESS, logIndex=2425, commits[b50d6464-f54a-40d1-9f81-f1c19654fd05:c2428]
2019-09-12 09:26:12,361 [grpc-default-executor-2] INFO  client.GrpcClientProtocolClient (GrpcClientProtocolClient.java:onNext(264)) - client-8B023739F3BF->b50d6464-f54a-40d1-9f81-f1c19654fd05: receive RaftClientReply:client-8B023739F3BF->b50d6464-f54a-40d1-9f81-f1c19654fd05@group-1F53027F28E3, cid=1710, SUCCESS, logIndex=2426, commits[b50d6464-f54a-40d1-9f81-f1c19654fd05:c2429]
2019-09-12 09:26:12,361 [grpc-default-executor-2] INFO  client.GrpcClientProtocolClient (GrpcClientProtocolClient.java:onNext(264)) - client-8B023739F3BF->b50d6464-f54a-40d1-9f81-f1c19654fd05: receive RaftClientReply:client-8B023739F3BF->b50d6464-f54a-40d1-9f81-f1c19654fd05@group-1F53027F28E3, cid=1711, SUCCESS, logIndex=2427, commits[b50d6464-f54a-40d1-9f81-f1c19654fd05:c2429]
2019-09-12 09:26:12,361 [grpc-default-executor-2] INFO  client.GrpcClientProtocolClient (GrpcClientProtocolClient.java:onNext(264)) - client-8B023739F3BF->b50d6464-f54a-40d1-9f81-f1c19654fd05: receive RaftClientReply:client-8B023739F3BF->b50d6464-f54a-40d1-9f81-f1c19654fd05@group-1F53027F28E3, cid=1712, SUCCESS, logIndex=2428, commits[b50d6464-f54a-40d1-9f81-f1c19654fd05:c2429]
2019-09-12 09:26:12,399 [grpc-default-executor-2] INFO  client.GrpcClientProtocolClient (GrpcClientProtocolClient.java:onNext(264)) - client-8B023739F3BF->b50d6464-f54a-40d1-9f81-f1c19654fd05: receive RaftClientReply:client-8B023739F3BF->b50d6464-f54a-40d1-9f81-f1c19654fd05@group-1F53027F28E3, cid=1713, SUCCESS, logIndex=2430, commits[b50d6464-f54a-40d1-9f81-f1c19654fd05:c2433]
2019-09-12 09:26:12,400 [grpc-default-executor-2] INFO  client.GrpcClientProtocolClient (GrpcClientProtocolClient.java:onNext(264)) - client-8B023739F3BF->b50d6464-f54a-40d1-9f81-f1c19654fd05: receive RaftClientReply:client-8B023739F3BF->b50d6464-f54a-40d1-9f81-f1c19654fd05@group-1F53027F28E3, cid=1714, SUCCESS, logIndex=2431, commits[b50d6464-f54a-40d1-9f81-f1c19654fd05:c2433]
2019-09-12 09:26:12,400 [grpc-default-executor-2] INFO  client.GrpcClientProtocolClient (GrpcClientProtocolClient.java:onNext(264)) - client-8B023739F3BF->b50d6464-f54a-40d1-9f81-f1c19654fd05: receive RaftClientReply:client-8B023739F3BF->b50d6464-f54a-40d1-9f81-f1c19654fd05@group-1F53027F28E3, cid=1715, SUCCESS, logIndex=2432, commits[b50d6464-f54a-40d1-9f81-f1c19654fd05:c2433]
2019-09-12 09:26:12,401 [grpc-default-executor-2] INFO  client.GrpcClientProtocolClient (GrpcClientProtocolClient.java:onNext(264)) - client-8B023739F3BF->b50d6464-f54a-40d1-9f81-f1c19654fd05: receive RaftClientReply:client-8B023739F3BF->b50d6464-f54a-40d1-9f81-f1c19654fd05@group-1F53027F28E3, cid=1716, SUCCESS, logIndex=2433, commits[b50d6464-f54a-40d1-9f81-f1c19654fd05:c2433]
2019-09-12 09:26:12,411 [SCMBlockDeletingService#0] DEBUG block.SCMBlockDeletingService (SCMBlockDeletingService.java:call(138)) - Running DeletedBlockTransactionScanner
2019-09-12 09:26:12,411 [SCMBlockDeletingService#0] DEBUG block.SCMBlockDeletingService (SCMBlockDeletingService.java:call(155)) - Scanned deleted blocks log and got 0 delTX to process.
2019-09-12 09:26:12,419 [grpc-default-executor-1] INFO  client.GrpcClientProtocolClient (GrpcClientProtocolClient.java:onNext(264)) - client-8B023739F3BF->b50d6464-f54a-40d1-9f81-f1c19654fd05: receive RaftClientReply:client-8B023739F3BF->b50d6464-f54a-40d1-9f81-f1c19654fd05@group-1F53027F28E3, cid=1717, SUCCESS, logIndex=2435, commits[b50d6464-f54a-40d1-9f81-f1c19654fd05:c2436]
2019-09-12 09:26:12,420 [grpc-default-executor-1] INFO  client.GrpcClientProtocolClient (GrpcClientProtocolClient.java:onNext(264)) - client-8B023739F3BF->b50d6464-f54a-40d1-9f81-f1c19654fd05: receive RaftClientReply:client-8B023739F3BF->b50d6464-f54a-40d1-9f81-f1c19654fd05@group-1F53027F28E3, cid=1718, SUCCESS, logIndex=2436, commits[b50d6464-f54a-40d1-9f81-f1c19654fd05:c2436]
2019-09-12 09:26:12,420 [grpc-default-executor-1] INFO  client.GrpcClientProtocolClient (GrpcClientProtocolClient.java:onNext(264)) - client-8B023739F3BF->b50d6464-f54a-40d1-9f81-f1c19654fd05: receive RaftClientReply:client-8B023739F3BF->b50d6464-f54a-40d1-9f81-f1c19654fd05@group-1F53027F28E3, cid=1719, SUCCESS, logIndex=2437, commits[b50d6464-f54a-40d1-9f81-f1c19654fd05:c2438]
2019-09-12 09:26:12,420 [grpc-default-executor-1] INFO  client.GrpcClientProtocolClient (GrpcClientProtocolClient.java:onNext(264)) - client-8B023739F3BF->b50d6464-f54a-40d1-9f81-f1c19654fd05: receive RaftClientReply:client-8B023739F3BF->b50d6464-f54a-40d1-9f81-f1c19654fd05@group-1F53027F28E3, cid=1720, SUCCESS, logIndex=2438, commits[b50d6464-f54a-40d1-9f81-f1c19654fd05:c2439]
2019-09-12 09:26:12,445 [grpc-default-executor-1] INFO  client.GrpcClientProtocolClient (GrpcClientProtocolClient.java:onNext(264)) - client-8B023739F3BF->b50d6464-f54a-40d1-9f81-f1c19654fd05: receive RaftClientReply:client-8B023739F3BF->b50d6464-f54a-40d1-9f81-f1c19654fd05@group-1F53027F28E3, cid=1721, SUCCESS, logIndex=2441, commits[b50d6464-f54a-40d1-9f81-f1c19654fd05:c2442]
2019-09-12 09:26:12,445 [grpc-default-executor-1] INFO  client.GrpcClientProtocolClient (GrpcClientProtocolClient.java:onNext(264)) - client-8B023739F3BF->b50d6464-f54a-40d1-9f81-f1c19654fd05: receive RaftClientReply:client-8B023739F3BF->b50d6464-f54a-40d1-9f81-f1c19654fd05@group-1F53027F28E3, cid=1722, SUCCESS, logIndex=2442, commits[b50d6464-f54a-40d1-9f81-f1c19654fd05:c2442]
2019-09-12 09:26:12,457 [grpc-default-executor-1] INFO  client.GrpcClientProtocolClient (GrpcClientProtocolClient.java:onNext(264)) - client-8B023739F3BF->b50d6464-f54a-40d1-9f81-f1c19654fd05: receive RaftClientReply:client-8B023739F3BF->b50d6464-f54a-40d1-9f81-f1c19654fd05@group-1F53027F28E3, cid=1723, SUCCESS, logIndex=2443, commits[b50d6464-f54a-40d1-9f81-f1c19654fd05:c2445]
2019-09-12 09:26:12,457 [grpc-default-executor-1] INFO  client.GrpcClientProtocolClient (GrpcClientProtocolClient.java:onNext(264)) - client-8B023739F3BF->b50d6464-f54a-40d1-9f81-f1c19654fd05: receive RaftClientReply:client-8B023739F3BF->b50d6464-f54a-40d1-9f81-f1c19654fd05@group-1F53027F28E3, cid=1724, SUCCESS, logIndex=2444, commits[b50d6464-f54a-40d1-9f81-f1c19654fd05:c2445]
2019-09-12 09:26:12,511 [SCMBlockDeletingService#0] DEBUG block.SCMBlockDeletingService (SCMBlockDeletingService.java:call(138)) - Running DeletedBlockTransactionScanner
2019-09-12 09:26:12,512 [SCMBlockDeletingService#0] DEBUG block.SCMBlockDeletingService (SCMBlockDeletingService.java:call(155)) - Scanned deleted blocks log and got 0 delTX to process.
2019-09-12 09:26:12,594 [grpc-default-executor-2] INFO  client.GrpcClientProtocolClient (GrpcClientProtocolClient.java:onNext(264)) - client-8B023739F3BF->b50d6464-f54a-40d1-9f81-f1c19654fd05: receive RaftClientReply:client-8B023739F3BF->b50d6464-f54a-40d1-9f81-f1c19654fd05@group-1F53027F28E3, cid=1725, SUCCESS, logIndex=2446, commits[b50d6464-f54a-40d1-9f81-f1c19654fd05:c2449]
2019-09-12 09:26:12,595 [grpc-default-executor-2] INFO  client.GrpcClientProtocolClient (GrpcClientProtocolClient.java:onNext(264)) - client-8B023739F3BF->b50d6464-f54a-40d1-9f81-f1c19654fd05: receive RaftClientReply:client-8B023739F3BF->b50d6464-f54a-40d1-9f81-f1c19654fd05@group-1F53027F28E3, cid=1726, SUCCESS, logIndex=2447, commits[b50d6464-f54a-40d1-9f81-f1c19654fd05:c2450]
2019-09-12 09:26:12,595 [grpc-default-executor-2] INFO  client.GrpcClientProtocolClient (GrpcClientProtocolClient.java:onNext(264)) - client-8B023739F3BF->b50d6464-f54a-40d1-9f81-f1c19654fd05: receive RaftClientReply:client-8B023739F3BF->b50d6464-f54a-40d1-9f81-f1c19654fd05@group-1F53027F28E3, cid=1727, SUCCESS, logIndex=2448, commits[b50d6464-f54a-40d1-9f81-f1c19654fd05:c2450]
2019-09-12 09:26:12,595 [grpc-default-executor-2] INFO  client.GrpcClientProtocolClient (GrpcClientProtocolClient.java:onNext(264)) - client-8B023739F3BF->b50d6464-f54a-40d1-9f81-f1c19654fd05: receive RaftClientReply:client-8B023739F3BF->b50d6464-f54a-40d1-9f81-f1c19654fd05@group-1F53027F28E3, cid=1728, SUCCESS, logIndex=2449, commits[b50d6464-f54a-40d1-9f81-f1c19654fd05:c2450]
2019-09-12 09:26:12,612 [SCMBlockDeletingService#0] DEBUG block.SCMBlockDeletingService (SCMBlockDeletingService.java:call(138)) - Running DeletedBlockTransactionScanner
2019-09-12 09:26:12,613 [SCMBlockDeletingService#0] DEBUG block.SCMBlockDeletingService (SCMBlockDeletingService.java:call(155)) - Scanned deleted blocks log and got 0 delTX to process.
2019-09-12 09:26:12,631 [grpc-default-executor-2] INFO  client.GrpcClientProtocolClient (GrpcClientProtocolClient.java:onNext(264)) - client-8B023739F3BF->b50d6464-f54a-40d1-9f81-f1c19654fd05: receive RaftClientReply:client-8B023739F3BF->b50d6464-f54a-40d1-9f81-f1c19654fd05@group-1F53027F28E3, cid=1729, SUCCESS, logIndex=2451, commits[b50d6464-f54a-40d1-9f81-f1c19654fd05:c2454]
2019-09-12 09:26:12,632 [grpc-default-executor-2] INFO  client.GrpcClientProtocolClient (GrpcClientProtocolClient.java:onNext(264)) - client-8B023739F3BF->b50d6464-f54a-40d1-9f81-f1c19654fd05: receive RaftClientReply:client-8B023739F3BF->b50d6464-f54a-40d1-9f81-f1c19654fd05@group-1F53027F28E3, cid=1730, SUCCESS, logIndex=2452, commits[b50d6464-f54a-40d1-9f81-f1c19654fd05:c2454]
2019-09-12 09:26:12,632 [grpc-default-executor-2] INFO  client.GrpcClientProtocolClient (GrpcClientProtocolClient.java:onNext(264)) - client-8B023739F3BF->b50d6464-f54a-40d1-9f81-f1c19654fd05: receive RaftClientReply:client-8B023739F3BF->b50d6464-f54a-40d1-9f81-f1c19654fd05@group-1F53027F28E3, cid=1731, SUCCESS, logIndex=2453, commits[b50d6464-f54a-40d1-9f81-f1c19654fd05:c2455]
2019-09-12 09:26:12,632 [grpc-default-executor-2] INFO  client.GrpcClientProtocolClient (GrpcClientProtocolClient.java:onNext(264)) - client-8B023739F3BF->b50d6464-f54a-40d1-9f81-f1c19654fd05: receive RaftClientReply:client-8B023739F3BF->b50d6464-f54a-40d1-9f81-f1c19654fd05@group-1F53027F28E3, cid=1732, SUCCESS, logIndex=2454, commits[b50d6464-f54a-40d1-9f81-f1c19654fd05:c2455]
2019-09-12 09:26:12,652 [grpc-default-executor-2] INFO  client.GrpcClientProtocolClient (GrpcClientProtocolClient.java:onNext(264)) - client-8B023739F3BF->b50d6464-f54a-40d1-9f81-f1c19654fd05: receive RaftClientReply:client-8B023739F3BF->b50d6464-f54a-40d1-9f81-f1c19654fd05@group-1F53027F28E3, cid=1733, SUCCESS, logIndex=2456, commits[b50d6464-f54a-40d1-9f81-f1c19654fd05:c2457]
2019-09-12 09:26:12,653 [grpc-default-executor-2] INFO  client.GrpcClientProtocolClient (GrpcClientProtocolClient.java:onNext(264)) - client-8B023739F3BF->b50d6464-f54a-40d1-9f81-f1c19654fd05: receive RaftClientReply:client-8B023739F3BF->b50d6464-f54a-40d1-9f81-f1c19654fd05@group-1F53027F28E3, cid=1734, SUCCESS, logIndex=2457, commits[b50d6464-f54a-40d1-9f81-f1c19654fd05:c2457]
2019-09-12 09:26:12,653 [grpc-default-executor-2] INFO  client.GrpcClientProtocolClient (GrpcClientProtocolClient.java:onNext(264)) - client-8B023739F3BF->b50d6464-f54a-40d1-9f81-f1c19654fd05: receive RaftClientReply:client-8B023739F3BF->b50d6464-f54a-40d1-9f81-f1c19654fd05@group-1F53027F28E3, cid=1735, SUCCESS, logIndex=2458, commits[b50d6464-f54a-40d1-9f81-f1c19654fd05:c2459]
2019-09-12 09:26:12,654 [grpc-default-executor-2] INFO  client.GrpcClientProtocolClient (GrpcClientProtocolClient.java:onNext(264)) - client-8B023739F3BF->b50d6464-f54a-40d1-9f81-f1c19654fd05: receive RaftClientReply:client-8B023739F3BF->b50d6464-f54a-40d1-9f81-f1c19654fd05@group-1F53027F28E3, cid=1736, SUCCESS, logIndex=2459, commits[b50d6464-f54a-40d1-9f81-f1c19654fd05:c2460]
2019-09-12 09:26:12,673 [grpc-default-executor-2] INFO  client.GrpcClientProtocolClient (GrpcClientProtocolClient.java:onNext(264)) - client-8B023739F3BF->b50d6464-f54a-40d1-9f81-f1c19654fd05: receive RaftClientReply:client-8B023739F3BF->b50d6464-f54a-40d1-9f81-f1c19654fd05@group-1F53027F28E3, cid=1737, SUCCESS, logIndex=2462, commits[b50d6464-f54a-40d1-9f81-f1c19654fd05:c2463]
2019-09-12 09:26:12,674 [grpc-default-executor-2] INFO  client.GrpcClientProtocolClient (GrpcClientProtocolClient.java:onNext(264)) - client-8B023739F3BF->b50d6464-f54a-40d1-9f81-f1c19654fd05: receive RaftClientReply:client-8B023739F3BF->b50d6464-f54a-40d1-9f81-f1c19654fd05@group-1F53027F28E3, cid=1738, SUCCESS, logIndex=2463, commits[b50d6464-f54a-40d1-9f81-f1c19654fd05:c2465]
2019-09-12 09:26:12,674 [grpc-default-executor-2] INFO  client.GrpcClientProtocolClient (GrpcClientProtocolClient.java:onNext(264)) - client-8B023739F3BF->b50d6464-f54a-40d1-9f81-f1c19654fd05: receive RaftClientReply:client-8B023739F3BF->b50d6464-f54a-40d1-9f81-f1c19654fd05@group-1F53027F28E3, cid=1739, SUCCESS, logIndex=2464, commits[b50d6464-f54a-40d1-9f81-f1c19654fd05:c2465]
2019-09-12 09:26:12,674 [grpc-default-executor-2] INFO  client.GrpcClientProtocolClient (GrpcClientProtocolClient.java:onNext(264)) - client-8B023739F3BF->b50d6464-f54a-40d1-9f81-f1c19654fd05: receive RaftClientReply:client-8B023739F3BF->b50d6464-f54a-40d1-9f81-f1c19654fd05@group-1F53027F28E3, cid=1740, SUCCESS, logIndex=2465, commits[b50d6464-f54a-40d1-9f81-f1c19654fd05:c2466]
2019-09-12 09:26:12,693 [grpc-default-executor-2] INFO  client.GrpcClientProtocolClient (GrpcClientProtocolClient.java:onNext(264)) - client-8B023739F3BF->b50d6464-f54a-40d1-9f81-f1c19654fd05: receive RaftClientReply:client-8B023739F3BF->b50d6464-f54a-40d1-9f81-f1c19654fd05@group-1F53027F28E3, cid=1741, SUCCESS, logIndex=2468, commits[b50d6464-f54a-40d1-9f81-f1c19654fd05:c2469]
2019-09-12 09:26:12,694 [grpc-default-executor-2] INFO  client.GrpcClientProtocolClient (GrpcClientProtocolClient.java:onNext(264)) - client-8B023739F3BF->b50d6464-f54a-40d1-9f81-f1c19654fd05: receive RaftClientReply:client-8B023739F3BF->b50d6464-f54a-40d1-9f81-f1c19654fd05@group-1F53027F28E3, cid=1742, SUCCESS, logIndex=2469, commits[b50d6464-f54a-40d1-9f81-f1c19654fd05:c2469]
2019-09-12 09:26:12,695 [grpc-default-executor-2] INFO  client.GrpcClientProtocolClient (GrpcClientProtocolClient.java:onNext(264)) - client-8B023739F3BF->b50d6464-f54a-40d1-9f81-f1c19654fd05: receive RaftClientReply:client-8B023739F3BF->b50d6464-f54a-40d1-9f81-f1c19654fd05@group-1F53027F28E3, cid=1743, SUCCESS, logIndex=2470, commits[b50d6464-f54a-40d1-9f81-f1c19654fd05:c2472]
2019-09-12 09:26:12,695 [grpc-default-executor-2] INFO  client.GrpcClientProtocolClient (GrpcClientProtocolClient.java:onNext(264)) - client-8B023739F3BF->b50d6464-f54a-40d1-9f81-f1c19654fd05: receive RaftClientReply:client-8B023739F3BF->b50d6464-f54a-40d1-9f81-f1c19654fd05@group-1F53027F28E3, cid=1744, SUCCESS, logIndex=2471, commits[b50d6464-f54a-40d1-9f81-f1c19654fd05:c2472]
2019-09-12 09:26:12,713 [SCMBlockDeletingService#0] DEBUG block.SCMBlockDeletingService (SCMBlockDeletingService.java:call(138)) - Running DeletedBlockTransactionScanner
2019-09-12 09:26:12,713 [SCMBlockDeletingService#0] DEBUG block.SCMBlockDeletingService (SCMBlockDeletingService.java:call(155)) - Scanned deleted blocks log and got 0 delTX to process.
2019-09-12 09:26:12,734 [grpc-default-executor-1] INFO  client.GrpcClientProtocolClient (GrpcClientProtocolClient.java:onNext(264)) - client-8B023739F3BF->b50d6464-f54a-40d1-9f81-f1c19654fd05: receive RaftClientReply:client-8B023739F3BF->b50d6464-f54a-40d1-9f81-f1c19654fd05@group-1F53027F28E3, cid=1745, SUCCESS, logIndex=2474, commits[b50d6464-f54a-40d1-9f81-f1c19654fd05:c2477]
2019-09-12 09:26:12,734 [grpc-default-executor-1] INFO  client.GrpcClientProtocolClient (GrpcClientProtocolClient.java:onNext(264)) - client-8B023739F3BF->b50d6464-f54a-40d1-9f81-f1c19654fd05: receive RaftClientReply:client-8B023739F3BF->b50d6464-f54a-40d1-9f81-f1c19654fd05@group-1F53027F28E3, cid=1746, SUCCESS, logIndex=2475, commits[b50d6464-f54a-40d1-9f81-f1c19654fd05:c2477]
2019-09-12 09:26:12,734 [grpc-default-executor-1] INFO  client.GrpcClientProtocolClient (GrpcClientProtocolClient.java:onNext(264)) - client-8B023739F3BF->b50d6464-f54a-40d1-9f81-f1c19654fd05: receive RaftClientReply:client-8B023739F3BF->b50d6464-f54a-40d1-9f81-f1c19654fd05@group-1F53027F28E3, cid=1747, SUCCESS, logIndex=2476, commits[b50d6464-f54a-40d1-9f81-f1c19654fd05:c2477]
2019-09-12 09:26:12,734 [grpc-default-executor-1] INFO  client.GrpcClientProtocolClient (GrpcClientProtocolClient.java:onNext(264)) - client-8B023739F3BF->b50d6464-f54a-40d1-9f81-f1c19654fd05: receive RaftClientReply:client-8B023739F3BF->b50d6464-f54a-40d1-9f81-f1c19654fd05@group-1F53027F28E3, cid=1748, SUCCESS, logIndex=2477, commits[b50d6464-f54a-40d1-9f81-f1c19654fd05:c2477]
2019-09-12 09:26:12,752 [grpc-default-executor-1] INFO  client.GrpcClientProtocolClient (GrpcClientProtocolClient.java:onNext(264)) - client-8B023739F3BF->b50d6464-f54a-40d1-9f81-f1c19654fd05: receive RaftClientReply:client-8B023739F3BF->b50d6464-f54a-40d1-9f81-f1c19654fd05@group-1F53027F28E3, cid=1749, SUCCESS, logIndex=2479, commits[b50d6464-f54a-40d1-9f81-f1c19654fd05:c2480]
2019-09-12 09:26:12,752 [grpc-default-executor-1] INFO  client.GrpcClientProtocolClient (GrpcClientProtocolClient.java:onNext(264)) - client-8B023739F3BF->b50d6464-f54a-40d1-9f81-f1c19654fd05: receive RaftClientReply:client-8B023739F3BF->b50d6464-f54a-40d1-9f81-f1c19654fd05@group-1F53027F28E3, cid=1750, SUCCESS, logIndex=2480, commits[b50d6464-f54a-40d1-9f81-f1c19654fd05:c2480]
2019-09-12 09:26:12,754 [grpc-default-executor-1] INFO  client.GrpcClientProtocolClient (GrpcClientProtocolClient.java:onNext(264)) - client-8B023739F3BF->b50d6464-f54a-40d1-9f81-f1c19654fd05: receive RaftClientReply:client-8B023739F3BF->b50d6464-f54a-40d1-9f81-f1c19654fd05@group-1F53027F28E3, cid=1751, SUCCESS, logIndex=2481, commits[b50d6464-f54a-40d1-9f81-f1c19654fd05:c2483]
2019-09-12 09:26:12,755 [grpc-default-executor-1] INFO  client.GrpcClientProtocolClient (GrpcClientProtocolClient.java:onNext(264)) - client-8B023739F3BF->b50d6464-f54a-40d1-9f81-f1c19654fd05: receive RaftClientReply:client-8B023739F3BF->b50d6464-f54a-40d1-9f81-f1c19654fd05@group-1F53027F28E3, cid=1752, SUCCESS, logIndex=2482, commits[b50d6464-f54a-40d1-9f81-f1c19654fd05:c2483]
2019-09-12 09:26:12,779 [grpc-default-executor-1] INFO  client.GrpcClientProtocolClient (GrpcClientProtocolClient.java:onNext(264)) - client-8B023739F3BF->b50d6464-f54a-40d1-9f81-f1c19654fd05: receive RaftClientReply:client-8B023739F3BF->b50d6464-f54a-40d1-9f81-f1c19654fd05@group-1F53027F28E3, cid=1753, SUCCESS, logIndex=2485, commits[b50d6464-f54a-40d1-9f81-f1c19654fd05:c2486]
2019-09-12 09:26:12,780 [grpc-default-executor-1] INFO  client.GrpcClientProtocolClient (GrpcClientProtocolClient.java:onNext(264)) - client-8B023739F3BF->b50d6464-f54a-40d1-9f81-f1c19654fd05: receive RaftClientReply:client-8B023739F3BF->b50d6464-f54a-40d1-9f81-f1c19654fd05@group-1F53027F28E3, cid=1754, SUCCESS, logIndex=2486, commits[b50d6464-f54a-40d1-9f81-f1c19654fd05:c2486]
2019-09-12 09:26:12,780 [grpc-default-executor-1] INFO  client.GrpcClientProtocolClient (GrpcClientProtocolClient.java:onNext(264)) - client-8B023739F3BF->b50d6464-f54a-40d1-9f81-f1c19654fd05: receive RaftClientReply:client-8B023739F3BF->b50d6464-f54a-40d1-9f81-f1c19654fd05@group-1F53027F28E3, cid=1755, SUCCESS, logIndex=2487, commits[b50d6464-f54a-40d1-9f81-f1c19654fd05:c2488]
2019-09-12 09:26:12,780 [grpc-default-executor-1] INFO  client.GrpcClientProtocolClient (GrpcClientProtocolClient.java:onNext(264)) - client-8B023739F3BF->b50d6464-f54a-40d1-9f81-f1c19654fd05: receive RaftClientReply:client-8B023739F3BF->b50d6464-f54a-40d1-9f81-f1c19654fd05@group-1F53027F28E3, cid=1756, SUCCESS, logIndex=2488, commits[b50d6464-f54a-40d1-9f81-f1c19654fd05:c2489]
2019-09-12 09:26:12,801 [grpc-default-executor-1] INFO  client.GrpcClientProtocolClient (GrpcClientProtocolClient.java:onNext(264)) - client-8B023739F3BF->b50d6464-f54a-40d1-9f81-f1c19654fd05: receive RaftClientReply:client-8B023739F3BF->b50d6464-f54a-40d1-9f81-f1c19654fd05@group-1F53027F28E3, cid=1757, SUCCESS, logIndex=2491, commits[b50d6464-f54a-40d1-9f81-f1c19654fd05:c2494]
2019-09-12 09:26:12,801 [grpc-default-executor-1] INFO  client.GrpcClientProtocolClient (GrpcClientProtocolClient.java:onNext(264)) - client-8B023739F3BF->b50d6464-f54a-40d1-9f81-f1c19654fd05: receive RaftClientReply:client-8B023739F3BF->b50d6464-f54a-40d1-9f81-f1c19654fd05@group-1F53027F28E3, cid=1758, SUCCESS, logIndex=2492, commits[b50d6464-f54a-40d1-9f81-f1c19654fd05:c2494]
2019-09-12 09:26:12,801 [grpc-default-executor-1] INFO  client.GrpcClientProtocolClient (GrpcClientProtocolClient.java:onNext(264)) - client-8B023739F3BF->b50d6464-f54a-40d1-9f81-f1c19654fd05: receive RaftClientReply:client-8B023739F3BF->b50d6464-f54a-40d1-9f81-f1c19654fd05@group-1F53027F28E3, cid=1759, SUCCESS, logIndex=2493, commits[b50d6464-f54a-40d1-9f81-f1c19654fd05:c2494]
2019-09-12 09:26:12,802 [grpc-default-executor-1] INFO  client.GrpcClientProtocolClient (GrpcClientProtocolClient.java:onNext(264)) - client-8B023739F3BF->b50d6464-f54a-40d1-9f81-f1c19654fd05: receive RaftClientReply:client-8B023739F3BF->b50d6464-f54a-40d1-9f81-f1c19654fd05@group-1F53027F28E3, cid=1760, SUCCESS, logIndex=2494, commits[b50d6464-f54a-40d1-9f81-f1c19654fd05:c2495]
2019-09-12 09:26:12,814 [SCMBlockDeletingService#0] DEBUG block.SCMBlockDeletingService (SCMBlockDeletingService.java:call(138)) - Running DeletedBlockTransactionScanner
2019-09-12 09:26:12,814 [SCMBlockDeletingService#0] DEBUG block.SCMBlockDeletingService (SCMBlockDeletingService.java:call(155)) - Scanned deleted blocks log and got 0 delTX to process.
2019-09-12 09:26:12,828 [grpc-default-executor-1] INFO  client.GrpcClientProtocolClient (GrpcClientProtocolClient.java:onNext(264)) - client-8B023739F3BF->b50d6464-f54a-40d1-9f81-f1c19654fd05: receive RaftClientReply:client-8B023739F3BF->b50d6464-f54a-40d1-9f81-f1c19654fd05@group-1F53027F28E3, cid=1761, SUCCESS, logIndex=2496, commits[b50d6464-f54a-40d1-9f81-f1c19654fd05:c2499]
2019-09-12 09:26:12,829 [grpc-default-executor-1] INFO  client.GrpcClientProtocolClient (GrpcClientProtocolClient.java:onNext(264)) - client-8B023739F3BF->b50d6464-f54a-40d1-9f81-f1c19654fd05: receive RaftClientReply:client-8B023739F3BF->b50d6464-f54a-40d1-9f81-f1c19654fd05@group-1F53027F28E3, cid=1762, SUCCESS, logIndex=2497, commits[b50d6464-f54a-40d1-9f81-f1c19654fd05:c2500]
2019-09-12 09:26:12,829 [grpc-default-executor-1] INFO  client.GrpcClientProtocolClient (GrpcClientProtocolClient.java:onNext(264)) - client-8B023739F3BF->b50d6464-f54a-40d1-9f81-f1c19654fd05: receive RaftClientReply:client-8B023739F3BF->b50d6464-f54a-40d1-9f81-f1c19654fd05@group-1F53027F28E3, cid=1763, SUCCESS, logIndex=2498, commits[b50d6464-f54a-40d1-9f81-f1c19654fd05:c2500]
2019-09-12 09:26:12,830 [grpc-default-executor-1] INFO  client.GrpcClientProtocolClient (GrpcClientProtocolClient.java:onNext(264)) - client-8B023739F3BF->b50d6464-f54a-40d1-9f81-f1c19654fd05: receive RaftClientReply:client-8B023739F3BF->b50d6464-f54a-40d1-9f81-f1c19654fd05@group-1F53027F28E3, cid=1764, SUCCESS, logIndex=2499, commits[b50d6464-f54a-40d1-9f81-f1c19654fd05:c2500]
2019-09-12 09:26:12,919 [SCMBlockDeletingService#0] DEBUG block.SCMBlockDeletingService (SCMBlockDeletingService.java:call(138)) - Running DeletedBlockTransactionScanner
2019-09-12 09:26:12,920 [SCMBlockDeletingService#0] DEBUG block.SCMBlockDeletingService (SCMBlockDeletingService.java:call(155)) - Scanned deleted blocks log and got 0 delTX to process.
2019-09-12 09:26:12,948 [grpc-default-executor-1] INFO  client.GrpcClientProtocolClient (GrpcClientProtocolClient.java:onNext(264)) - client-8B023739F3BF->b50d6464-f54a-40d1-9f81-f1c19654fd05: receive RaftClientReply:client-8B023739F3BF->b50d6464-f54a-40d1-9f81-f1c19654fd05@group-1F53027F28E3, cid=1765, SUCCESS, logIndex=2501, commits[b50d6464-f54a-40d1-9f81-f1c19654fd05:c2505]
2019-09-12 09:26:12,948 [grpc-default-executor-1] INFO  client.GrpcClientProtocolClient (GrpcClientProtocolClient.java:onNext(264)) - client-8B023739F3BF->b50d6464-f54a-40d1-9f81-f1c19654fd05: receive RaftClientReply:client-8B023739F3BF->b50d6464-f54a-40d1-9f81-f1c19654fd05@group-1F53027F28E3, cid=1766, SUCCESS, logIndex=2502, commits[b50d6464-f54a-40d1-9f81-f1c19654fd05:c2505]
2019-09-12 09:26:12,948 [grpc-default-executor-1] INFO  client.GrpcClientProtocolClient (GrpcClientProtocolClient.java:onNext(264)) - client-8B023739F3BF->b50d6464-f54a-40d1-9f81-f1c19654fd05: receive RaftClientReply:client-8B023739F3BF->b50d6464-f54a-40d1-9f81-f1c19654fd05@group-1F53027F28E3, cid=1767, SUCCESS, logIndex=2503, commits[b50d6464-f54a-40d1-9f81-f1c19654fd05:c2505]
2019-09-12 09:26:12,949 [grpc-default-executor-1] INFO  client.GrpcClientProtocolClient (GrpcClientProtocolClient.java:onNext(264)) - client-8B023739F3BF->b50d6464-f54a-40d1-9f81-f1c19654fd05: receive RaftClientReply:client-8B023739F3BF->b50d6464-f54a-40d1-9f81-f1c19654fd05@group-1F53027F28E3, cid=1768, SUCCESS, logIndex=2504, commits[b50d6464-f54a-40d1-9f81-f1c19654fd05:c2505]
2019-09-12 09:26:13,020 [SCMBlockDeletingService#0] DEBUG block.SCMBlockDeletingService (SCMBlockDeletingService.java:call(138)) - Running DeletedBlockTransactionScanner
2019-09-12 09:26:13,021 [SCMBlockDeletingService#0] DEBUG block.SCMBlockDeletingService (SCMBlockDeletingService.java:call(155)) - Scanned deleted blocks log and got 0 delTX to process.
2019-09-12 09:26:13,092 [grpc-default-executor-1] INFO  client.GrpcClientProtocolClient (GrpcClientProtocolClient.java:onNext(264)) - client-8B023739F3BF->b50d6464-f54a-40d1-9f81-f1c19654fd05: receive RaftClientReply:client-8B023739F3BF->b50d6464-f54a-40d1-9f81-f1c19654fd05@group-1F53027F28E3, cid=1769, SUCCESS, logIndex=2506, commits[b50d6464-f54a-40d1-9f81-f1c19654fd05:c2509]
2019-09-12 09:26:13,093 [grpc-default-executor-1] INFO  client.GrpcClientProtocolClient (GrpcClientProtocolClient.java:onNext(264)) - client-8B023739F3BF->b50d6464-f54a-40d1-9f81-f1c19654fd05: receive RaftClientReply:client-8B023739F3BF->b50d6464-f54a-40d1-9f81-f1c19654fd05@group-1F53027F28E3, cid=1770, SUCCESS, logIndex=2507, commits[b50d6464-f54a-40d1-9f81-f1c19654fd05:c2509]
2019-09-12 09:26:13,093 [grpc-default-executor-1] INFO  client.GrpcClientProtocolClient (GrpcClientProtocolClient.java:onNext(264)) - client-8B023739F3BF->b50d6464-f54a-40d1-9f81-f1c19654fd05: receive RaftClientReply:client-8B023739F3BF->b50d6464-f54a-40d1-9f81-f1c19654fd05@group-1F53027F28E3, cid=1771, SUCCESS, logIndex=2508, commits[b50d6464-f54a-40d1-9f81-f1c19654fd05:c2510]
2019-09-12 09:26:13,093 [grpc-default-executor-1] INFO  client.GrpcClientProtocolClient (GrpcClientProtocolClient.java:onNext(264)) - client-8B023739F3BF->b50d6464-f54a-40d1-9f81-f1c19654fd05: receive RaftClientReply:client-8B023739F3BF->b50d6464-f54a-40d1-9f81-f1c19654fd05@group-1F53027F28E3, cid=1772, SUCCESS, logIndex=2509, commits[b50d6464-f54a-40d1-9f81-f1c19654fd05:c2510]
2019-09-12 09:26:13,113 [grpc-default-executor-1] INFO  client.GrpcClientProtocolClient (GrpcClientProtocolClient.java:onNext(264)) - client-8B023739F3BF->b50d6464-f54a-40d1-9f81-f1c19654fd05: receive RaftClientReply:client-8B023739F3BF->b50d6464-f54a-40d1-9f81-f1c19654fd05@group-1F53027F28E3, cid=1773, SUCCESS, logIndex=2511, commits[b50d6464-f54a-40d1-9f81-f1c19654fd05:c2514]
2019-09-12 09:26:13,113 [grpc-default-executor-1] INFO  client.GrpcClientProtocolClient (GrpcClientProtocolClient.java:onNext(264)) - client-8B023739F3BF->b50d6464-f54a-40d1-9f81-f1c19654fd05: receive RaftClientReply:client-8B023739F3BF->b50d6464-f54a-40d1-9f81-f1c19654fd05@group-1F53027F28E3, cid=1774, SUCCESS, logIndex=2512, commits[b50d6464-f54a-40d1-9f81-f1c19654fd05:c2514]
2019-09-12 09:26:13,114 [grpc-default-executor-1] INFO  client.GrpcClientProtocolClient (GrpcClientProtocolClient.java:onNext(264)) - client-8B023739F3BF->b50d6464-f54a-40d1-9f81-f1c19654fd05: receive RaftClientReply:client-8B023739F3BF->b50d6464-f54a-40d1-9f81-f1c19654fd05@group-1F53027F28E3, cid=1775, SUCCESS, logIndex=2513, commits[b50d6464-f54a-40d1-9f81-f1c19654fd05:c2515]
2019-09-12 09:26:13,114 [grpc-default-executor-1] INFO  client.GrpcClientProtocolClient (GrpcClientProtocolClient.java:onNext(264)) - client-8B023739F3BF->b50d6464-f54a-40d1-9f81-f1c19654fd05: receive RaftClientReply:client-8B023739F3BF->b50d6464-f54a-40d1-9f81-f1c19654fd05@group-1F53027F28E3, cid=1776, SUCCESS, logIndex=2514, commits[b50d6464-f54a-40d1-9f81-f1c19654fd05:c2516]
2019-09-12 09:26:13,121 [SCMBlockDeletingService#0] DEBUG block.SCMBlockDeletingService (SCMBlockDeletingService.java:call(138)) - Running DeletedBlockTransactionScanner
2019-09-12 09:26:13,121 [SCMBlockDeletingService#0] DEBUG block.SCMBlockDeletingService (SCMBlockDeletingService.java:call(155)) - Scanned deleted blocks log and got 0 delTX to process.
2019-09-12 09:26:13,145 [grpc-default-executor-1] INFO  client.GrpcClientProtocolClient (GrpcClientProtocolClient.java:onNext(264)) - client-8B023739F3BF->b50d6464-f54a-40d1-9f81-f1c19654fd05: receive RaftClientReply:client-8B023739F3BF->b50d6464-f54a-40d1-9f81-f1c19654fd05@group-1F53027F28E3, cid=1777, SUCCESS, logIndex=2517, commits[b50d6464-f54a-40d1-9f81-f1c19654fd05:c2520]
2019-09-12 09:26:13,146 [grpc-default-executor-1] INFO  client.GrpcClientProtocolClient (GrpcClientProtocolClient.java:onNext(264)) - client-8B023739F3BF->b50d6464-f54a-40d1-9f81-f1c19654fd05: receive RaftClientReply:client-8B023739F3BF->b50d6464-f54a-40d1-9f81-f1c19654fd05@group-1F53027F28E3, cid=1778, SUCCESS, logIndex=2518, commits[b50d6464-f54a-40d1-9f81-f1c19654fd05:c2520]
2019-09-12 09:26:13,147 [grpc-default-executor-1] INFO  client.GrpcClientProtocolClient (GrpcClientProtocolClient.java:onNext(264)) - client-8B023739F3BF->b50d6464-f54a-40d1-9f81-f1c19654fd05: receive RaftClientReply:client-8B023739F3BF->b50d6464-f54a-40d1-9f81-f1c19654fd05@group-1F53027F28E3, cid=1779, SUCCESS, logIndex=2519, commits[b50d6464-f54a-40d1-9f81-f1c19654fd05:c2521]
2019-09-12 09:26:13,147 [grpc-default-executor-1] INFO  client.GrpcClientProtocolClient (GrpcClientProtocolClient.java:onNext(264)) - client-8B023739F3BF->b50d6464-f54a-40d1-9f81-f1c19654fd05: receive RaftClientReply:client-8B023739F3BF->b50d6464-f54a-40d1-9f81-f1c19654fd05@group-1F53027F28E3, cid=1780, SUCCESS, logIndex=2520, commits[b50d6464-f54a-40d1-9f81-f1c19654fd05:c2521]
2019-09-12 09:26:13,168 [grpc-default-executor-1] INFO  client.GrpcClientProtocolClient (GrpcClientProtocolClient.java:onNext(264)) - client-8B023739F3BF->b50d6464-f54a-40d1-9f81-f1c19654fd05: receive RaftClientReply:client-8B023739F3BF->b50d6464-f54a-40d1-9f81-f1c19654fd05@group-1F53027F28E3, cid=1781, SUCCESS, logIndex=2522, commits[b50d6464-f54a-40d1-9f81-f1c19654fd05:c2523]
2019-09-12 09:26:13,168 [grpc-default-executor-1] INFO  client.GrpcClientProtocolClient (GrpcClientProtocolClient.java:onNext(264)) - client-8B023739F3BF->b50d6464-f54a-40d1-9f81-f1c19654fd05: receive RaftClientReply:client-8B023739F3BF->b50d6464-f54a-40d1-9f81-f1c19654fd05@group-1F53027F28E3, cid=1782, SUCCESS, logIndex=2523, commits[b50d6464-f54a-40d1-9f81-f1c19654fd05:c2523]
2019-09-12 09:26:13,169 [grpc-default-executor-1] INFO  client.GrpcClientProtocolClient (GrpcClientProtocolClient.java:onNext(264)) - client-8B023739F3BF->b50d6464-f54a-40d1-9f81-f1c19654fd05: receive RaftClientReply:client-8B023739F3BF->b50d6464-f54a-40d1-9f81-f1c19654fd05@group-1F53027F28E3, cid=1783, SUCCESS, logIndex=2524, commits[b50d6464-f54a-40d1-9f81-f1c19654fd05:c2525]
2019-09-12 09:26:13,170 [grpc-default-executor-1] INFO  client.GrpcClientProtocolClient (GrpcClientProtocolClient.java:onNext(264)) - client-8B023739F3BF->b50d6464-f54a-40d1-9f81-f1c19654fd05: receive RaftClientReply:client-8B023739F3BF->b50d6464-f54a-40d1-9f81-f1c19654fd05@group-1F53027F28E3, cid=1784, SUCCESS, logIndex=2525, commits[b50d6464-f54a-40d1-9f81-f1c19654fd05:c2525]
2019-09-12 09:26:13,194 [grpc-default-executor-1] INFO  client.GrpcClientProtocolClient (GrpcClientProtocolClient.java:onNext(264)) - client-8B023739F3BF->b50d6464-f54a-40d1-9f81-f1c19654fd05: receive RaftClientReply:client-8B023739F3BF->b50d6464-f54a-40d1-9f81-f1c19654fd05@group-1F53027F28E3, cid=1785, SUCCESS, logIndex=2528, commits[b50d6464-f54a-40d1-9f81-f1c19654fd05:c2529]
2019-09-12 09:26:13,195 [grpc-default-executor-1] INFO  client.GrpcClientProtocolClient (GrpcClientProtocolClient.java:onNext(264)) - client-8B023739F3BF->b50d6464-f54a-40d1-9f81-f1c19654fd05: receive RaftClientReply:client-8B023739F3BF->b50d6464-f54a-40d1-9f81-f1c19654fd05@group-1F53027F28E3, cid=1786, SUCCESS, logIndex=2529, commits[b50d6464-f54a-40d1-9f81-f1c19654fd05:c2531]
2019-09-12 09:26:13,195 [grpc-default-executor-1] INFO  client.GrpcClientProtocolClient (GrpcClientProtocolClient.java:onNext(264)) - client-8B023739F3BF->b50d6464-f54a-40d1-9f81-f1c19654fd05: receive RaftClientReply:client-8B023739F3BF->b50d6464-f54a-40d1-9f81-f1c19654fd05@group-1F53027F28E3, cid=1787, SUCCESS, logIndex=2530, commits[b50d6464-f54a-40d1-9f81-f1c19654fd05:c2532]
2019-09-12 09:26:13,195 [grpc-default-executor-1] INFO  client.GrpcClientProtocolClient (GrpcClientProtocolClient.java:onNext(264)) - client-8B023739F3BF->b50d6464-f54a-40d1-9f81-f1c19654fd05: receive RaftClientReply:client-8B023739F3BF->b50d6464-f54a-40d1-9f81-f1c19654fd05@group-1F53027F28E3, cid=1788, SUCCESS, logIndex=2531, commits[b50d6464-f54a-40d1-9f81-f1c19654fd05:c2532]
2019-09-12 09:26:13,214 [grpc-default-executor-2] INFO  client.GrpcClientProtocolClient (GrpcClientProtocolClient.java:onNext(264)) - client-8B023739F3BF->b50d6464-f54a-40d1-9f81-f1c19654fd05: receive RaftClientReply:client-8B023739F3BF->b50d6464-f54a-40d1-9f81-f1c19654fd05@group-1F53027F28E3, cid=1789, SUCCESS, logIndex=2534, commits[b50d6464-f54a-40d1-9f81-f1c19654fd05:c2535]
2019-09-12 09:26:13,215 [grpc-default-executor-2] INFO  client.GrpcClientProtocolClient (GrpcClientProtocolClient.java:onNext(264)) - client-8B023739F3BF->b50d6464-f54a-40d1-9f81-f1c19654fd05: receive RaftClientReply:client-8B023739F3BF->b50d6464-f54a-40d1-9f81-f1c19654fd05@group-1F53027F28E3, cid=1790, SUCCESS, logIndex=2535, commits[b50d6464-f54a-40d1-9f81-f1c19654fd05:c2535]
2019-09-12 09:26:13,215 [grpc-default-executor-2] INFO  client.GrpcClientProtocolClient (GrpcClientProtocolClient.java:onNext(264)) - client-8B023739F3BF->b50d6464-f54a-40d1-9f81-f1c19654fd05: receive RaftClientReply:client-8B023739F3BF->b50d6464-f54a-40d1-9f81-f1c19654fd05@group-1F53027F28E3, cid=1791, SUCCESS, logIndex=2536, commits[b50d6464-f54a-40d1-9f81-f1c19654fd05:c2537]
2019-09-12 09:26:13,216 [grpc-default-executor-2] INFO  client.GrpcClientProtocolClient (GrpcClientProtocolClient.java:onNext(264)) - client-8B023739F3BF->b50d6464-f54a-40d1-9f81-f1c19654fd05: receive RaftClientReply:client-8B023739F3BF->b50d6464-f54a-40d1-9f81-f1c19654fd05@group-1F53027F28E3, cid=1792, SUCCESS, logIndex=2537, commits[b50d6464-f54a-40d1-9f81-f1c19654fd05:c2538]
2019-09-12 09:26:13,221 [SCMBlockDeletingService#0] DEBUG block.SCMBlockDeletingService (SCMBlockDeletingService.java:call(138)) - Running DeletedBlockTransactionScanner
2019-09-12 09:26:13,222 [SCMBlockDeletingService#0] DEBUG block.SCMBlockDeletingService (SCMBlockDeletingService.java:call(155)) - Scanned deleted blocks log and got 0 delTX to process.
2019-09-12 09:26:13,233 [grpc-default-executor-2] INFO  client.GrpcClientProtocolClient (GrpcClientProtocolClient.java:onNext(264)) - client-8B023739F3BF->b50d6464-f54a-40d1-9f81-f1c19654fd05: receive RaftClientReply:client-8B023739F3BF->b50d6464-f54a-40d1-9f81-f1c19654fd05@group-1F53027F28E3, cid=1793, SUCCESS, logIndex=2540, commits[b50d6464-f54a-40d1-9f81-f1c19654fd05:c2541]
2019-09-12 09:26:13,234 [grpc-default-executor-2] INFO  client.GrpcClientProtocolClient (GrpcClientProtocolClient.java:onNext(264)) - client-8B023739F3BF->b50d6464-f54a-40d1-9f81-f1c19654fd05: receive RaftClientReply:client-8B023739F3BF->b50d6464-f54a-40d1-9f81-f1c19654fd05@group-1F53027F28E3, cid=1794, SUCCESS, logIndex=2541, commits[b50d6464-f54a-40d1-9f81-f1c19654fd05:c2541]
2019-09-12 09:26:13,245 [grpc-default-executor-2] INFO  client.GrpcClientProtocolClient (GrpcClientProtocolClient.java:onNext(264)) - client-8B023739F3BF->b50d6464-f54a-40d1-9f81-f1c19654fd05: receive RaftClientReply:client-8B023739F3BF->b50d6464-f54a-40d1-9f81-f1c19654fd05@group-1F53027F28E3, cid=1795, SUCCESS, logIndex=2542, commits[b50d6464-f54a-40d1-9f81-f1c19654fd05:c2544]
2019-09-12 09:26:13,246 [grpc-default-executor-2] INFO  client.GrpcClientProtocolClient (GrpcClientProtocolClient.java:onNext(264)) - client-8B023739F3BF->b50d6464-f54a-40d1-9f81-f1c19654fd05: receive RaftClientReply:client-8B023739F3BF->b50d6464-f54a-40d1-9f81-f1c19654fd05@group-1F53027F28E3, cid=1796, SUCCESS, logIndex=2543, commits[b50d6464-f54a-40d1-9f81-f1c19654fd05:c2544]
2019-09-12 09:26:13,264 [grpc-default-executor-2] INFO  client.GrpcClientProtocolClient (GrpcClientProtocolClient.java:onNext(264)) - client-8B023739F3BF->b50d6464-f54a-40d1-9f81-f1c19654fd05: receive RaftClientReply:client-8B023739F3BF->b50d6464-f54a-40d1-9f81-f1c19654fd05@group-1F53027F28E3, cid=1797, SUCCESS, logIndex=2545, commits[b50d6464-f54a-40d1-9f81-f1c19654fd05:c2546]
2019-09-12 09:26:13,264 [grpc-default-executor-2] INFO  client.GrpcClientProtocolClient (GrpcClientProtocolClient.java:onNext(264)) - client-8B023739F3BF->b50d6464-f54a-40d1-9f81-f1c19654fd05: receive RaftClientReply:client-8B023739F3BF->b50d6464-f54a-40d1-9f81-f1c19654fd05@group-1F53027F28E3, cid=1798, SUCCESS, logIndex=2546, commits[b50d6464-f54a-40d1-9f81-f1c19654fd05:c2546]
2019-09-12 09:26:13,265 [grpc-default-executor-2] INFO  client.GrpcClientProtocolClient (GrpcClientProtocolClient.java:onNext(264)) - client-8B023739F3BF->b50d6464-f54a-40d1-9f81-f1c19654fd05: receive RaftClientReply:client-8B023739F3BF->b50d6464-f54a-40d1-9f81-f1c19654fd05@group-1F53027F28E3, cid=1799, SUCCESS, logIndex=2547, commits[b50d6464-f54a-40d1-9f81-f1c19654fd05:c2548]
2019-09-12 09:26:13,265 [grpc-default-executor-2] INFO  client.GrpcClientProtocolClient (GrpcClientProtocolClient.java:onNext(264)) - client-8B023739F3BF->b50d6464-f54a-40d1-9f81-f1c19654fd05: receive RaftClientReply:client-8B023739F3BF->b50d6464-f54a-40d1-9f81-f1c19654fd05@group-1F53027F28E3, cid=1800, SUCCESS, logIndex=2548, commits[b50d6464-f54a-40d1-9f81-f1c19654fd05:c2549]
2019-09-12 09:26:13,293 [grpc-default-executor-2] INFO  client.GrpcClientProtocolClient (GrpcClientProtocolClient.java:onNext(264)) - client-8B023739F3BF->b50d6464-f54a-40d1-9f81-f1c19654fd05: receive RaftClientReply:client-8B023739F3BF->b50d6464-f54a-40d1-9f81-f1c19654fd05@group-1F53027F28E3, cid=1801, SUCCESS, logIndex=2551, commits[b50d6464-f54a-40d1-9f81-f1c19654fd05:c2552]
2019-09-12 09:26:13,294 [grpc-default-executor-2] INFO  client.GrpcClientProtocolClient (GrpcClientProtocolClient.java:onNext(264)) - client-8B023739F3BF->b50d6464-f54a-40d1-9f81-f1c19654fd05: receive RaftClientReply:client-8B023739F3BF->b50d6464-f54a-40d1-9f81-f1c19654fd05@group-1F53027F28E3, cid=1802, SUCCESS, logIndex=2552, commits[b50d6464-f54a-40d1-9f81-f1c19654fd05:c2554]
2019-09-12 09:26:13,294 [grpc-default-executor-2] INFO  client.GrpcClientProtocolClient (GrpcClientProtocolClient.java:onNext(264)) - client-8B023739F3BF->b50d6464-f54a-40d1-9f81-f1c19654fd05: receive RaftClientReply:client-8B023739F3BF->b50d6464-f54a-40d1-9f81-f1c19654fd05@group-1F53027F28E3, cid=1803, SUCCESS, logIndex=2553, commits[b50d6464-f54a-40d1-9f81-f1c19654fd05:c2554]
2019-09-12 09:26:13,294 [grpc-default-executor-2] INFO  client.GrpcClientProtocolClient (GrpcClientProtocolClient.java:onNext(264)) - client-8B023739F3BF->b50d6464-f54a-40d1-9f81-f1c19654fd05: receive RaftClientReply:client-8B023739F3BF->b50d6464-f54a-40d1-9f81-f1c19654fd05@group-1F53027F28E3, cid=1804, SUCCESS, logIndex=2554, commits[b50d6464-f54a-40d1-9f81-f1c19654fd05:c2555]
2019-09-12 09:26:13,314 [grpc-default-executor-1] INFO  client.GrpcClientProtocolClient (GrpcClientProtocolClient.java:onNext(264)) - client-8B023739F3BF->b50d6464-f54a-40d1-9f81-f1c19654fd05: receive RaftClientReply:client-8B023739F3BF->b50d6464-f54a-40d1-9f81-f1c19654fd05@group-1F53027F28E3, cid=1805, SUCCESS, logIndex=2557, commits[b50d6464-f54a-40d1-9f81-f1c19654fd05:c2560]
2019-09-12 09:26:13,314 [grpc-default-executor-1] INFO  client.GrpcClientProtocolClient (GrpcClientProtocolClient.java:onNext(264)) - client-8B023739F3BF->b50d6464-f54a-40d1-9f81-f1c19654fd05: receive RaftClientReply:client-8B023739F3BF->b50d6464-f54a-40d1-9f81-f1c19654fd05@group-1F53027F28E3, cid=1806, SUCCESS, logIndex=2558, commits[b50d6464-f54a-40d1-9f81-f1c19654fd05:c2560]
2019-09-12 09:26:13,315 [grpc-default-executor-1] INFO  client.GrpcClientProtocolClient (GrpcClientProtocolClient.java:onNext(264)) - client-8B023739F3BF->b50d6464-f54a-40d1-9f81-f1c19654fd05: receive RaftClientReply:client-8B023739F3BF->b50d6464-f54a-40d1-9f81-f1c19654fd05@group-1F53027F28E3, cid=1807, SUCCESS, logIndex=2559, commits[b50d6464-f54a-40d1-9f81-f1c19654fd05:c2561]
2019-09-12 09:26:13,315 [grpc-default-executor-1] INFO  client.GrpcClientProtocolClient (GrpcClientProtocolClient.java:onNext(264)) - client-8B023739F3BF->b50d6464-f54a-40d1-9f81-f1c19654fd05: receive RaftClientReply:client-8B023739F3BF->b50d6464-f54a-40d1-9f81-f1c19654fd05@group-1F53027F28E3, cid=1808, SUCCESS, logIndex=2560, commits[b50d6464-f54a-40d1-9f81-f1c19654fd05:c2561]
2019-09-12 09:26:13,322 [SCMBlockDeletingService#0] DEBUG block.SCMBlockDeletingService (SCMBlockDeletingService.java:call(138)) - Running DeletedBlockTransactionScanner
2019-09-12 09:26:13,322 [SCMBlockDeletingService#0] DEBUG block.SCMBlockDeletingService (SCMBlockDeletingService.java:call(155)) - Scanned deleted blocks log and got 0 delTX to process.
2019-09-12 09:26:13,342 [grpc-default-executor-1] INFO  client.GrpcClientProtocolClient (GrpcClientProtocolClient.java:onNext(264)) - client-8B023739F3BF->b50d6464-f54a-40d1-9f81-f1c19654fd05: receive RaftClientReply:client-8B023739F3BF->b50d6464-f54a-40d1-9f81-f1c19654fd05@group-1F53027F28E3, cid=1809, SUCCESS, logIndex=2562, commits[b50d6464-f54a-40d1-9f81-f1c19654fd05:c2565]
2019-09-12 09:26:13,342 [grpc-default-executor-1] INFO  client.GrpcClientProtocolClient (GrpcClientProtocolClient.java:onNext(264)) - client-8B023739F3BF->b50d6464-f54a-40d1-9f81-f1c19654fd05: receive RaftClientReply:client-8B023739F3BF->b50d6464-f54a-40d1-9f81-f1c19654fd05@group-1F53027F28E3, cid=1810, SUCCESS, logIndex=2563, commits[b50d6464-f54a-40d1-9f81-f1c19654fd05:c2565]
2019-09-12 09:26:13,342 [grpc-default-executor-1] INFO  client.GrpcClientProtocolClient (GrpcClientProtocolClient.java:onNext(264)) - client-8B023739F3BF->b50d6464-f54a-40d1-9f81-f1c19654fd05: receive RaftClientReply:client-8B023739F3BF->b50d6464-f54a-40d1-9f81-f1c19654fd05@group-1F53027F28E3, cid=1811, SUCCESS, logIndex=2564, commits[b50d6464-f54a-40d1-9f81-f1c19654fd05:c2566]
2019-09-12 09:26:13,343 [grpc-default-executor-1] INFO  client.GrpcClientProtocolClient (GrpcClientProtocolClient.java:onNext(264)) - client-8B023739F3BF->b50d6464-f54a-40d1-9f81-f1c19654fd05: receive RaftClientReply:client-8B023739F3BF->b50d6464-f54a-40d1-9f81-f1c19654fd05@group-1F53027F28E3, cid=1812, SUCCESS, logIndex=2565, commits[b50d6464-f54a-40d1-9f81-f1c19654fd05:c2566]
2019-09-12 09:26:13,422 [SCMBlockDeletingService#1] DEBUG block.SCMBlockDeletingService (SCMBlockDeletingService.java:call(138)) - Running DeletedBlockTransactionScanner
2019-09-12 09:26:13,423 [SCMBlockDeletingService#1] DEBUG block.SCMBlockDeletingService (SCMBlockDeletingService.java:call(155)) - Scanned deleted blocks log and got 0 delTX to process.
2019-09-12 09:26:13,455 [grpc-default-executor-2] INFO  client.GrpcClientProtocolClient (GrpcClientProtocolClient.java:onNext(264)) - client-8B023739F3BF->b50d6464-f54a-40d1-9f81-f1c19654fd05: receive RaftClientReply:client-8B023739F3BF->b50d6464-f54a-40d1-9f81-f1c19654fd05@group-1F53027F28E3, cid=1813, SUCCESS, logIndex=2567, commits[b50d6464-f54a-40d1-9f81-f1c19654fd05:c2570]
2019-09-12 09:26:13,456 [grpc-default-executor-2] INFO  client.GrpcClientProtocolClient (GrpcClientProtocolClient.java:onNext(264)) - client-8B023739F3BF->b50d6464-f54a-40d1-9f81-f1c19654fd05: receive RaftClientReply:client-8B023739F3BF->b50d6464-f54a-40d1-9f81-f1c19654fd05@group-1F53027F28E3, cid=1814, SUCCESS, logIndex=2568, commits[b50d6464-f54a-40d1-9f81-f1c19654fd05:c2571]
2019-09-12 09:26:13,456 [grpc-default-executor-2] INFO  client.GrpcClientProtocolClient (GrpcClientProtocolClient.java:onNext(264)) - client-8B023739F3BF->b50d6464-f54a-40d1-9f81-f1c19654fd05: receive RaftClientReply:client-8B023739F3BF->b50d6464-f54a-40d1-9f81-f1c19654fd05@group-1F53027F28E3, cid=1815, SUCCESS, logIndex=2569, commits[b50d6464-f54a-40d1-9f81-f1c19654fd05:c2571]
2019-09-12 09:26:13,456 [grpc-default-executor-2] INFO  client.GrpcClientProtocolClient (GrpcClientProtocolClient.java:onNext(264)) - client-8B023739F3BF->b50d6464-f54a-40d1-9f81-f1c19654fd05: receive RaftClientReply:client-8B023739F3BF->b50d6464-f54a-40d1-9f81-f1c19654fd05@group-1F53027F28E3, cid=1816, SUCCESS, logIndex=2570, commits[b50d6464-f54a-40d1-9f81-f1c19654fd05:c2571]
2019-09-12 09:26:13,487 [grpc-default-executor-1] INFO  client.GrpcClientProtocolClient (GrpcClientProtocolClient.java:onNext(264)) - client-8B023739F3BF->b50d6464-f54a-40d1-9f81-f1c19654fd05: receive RaftClientReply:client-8B023739F3BF->b50d6464-f54a-40d1-9f81-f1c19654fd05@group-1F53027F28E3, cid=1817, SUCCESS, logIndex=2572, commits[b50d6464-f54a-40d1-9f81-f1c19654fd05:c2573]
2019-09-12 09:26:13,489 [grpc-default-executor-1] INFO  client.GrpcClientProtocolClient (GrpcClientProtocolClient.java:onNext(264)) - client-8B023739F3BF->b50d6464-f54a-40d1-9f81-f1c19654fd05: receive RaftClientReply:client-8B023739F3BF->b50d6464-f54a-40d1-9f81-f1c19654fd05@group-1F53027F28E3, cid=1818, SUCCESS, logIndex=2573, commits[b50d6464-f54a-40d1-9f81-f1c19654fd05:c2573]
2019-09-12 09:26:13,489 [grpc-default-executor-1] INFO  client.GrpcClientProtocolClient (GrpcClientProtocolClient.java:onNext(264)) - client-8B023739F3BF->b50d6464-f54a-40d1-9f81-f1c19654fd05: receive RaftClientReply:client-8B023739F3BF->b50d6464-f54a-40d1-9f81-f1c19654fd05@group-1F53027F28E3, cid=1819, SUCCESS, logIndex=2574, commits[b50d6464-f54a-40d1-9f81-f1c19654fd05:c2575]
2019-09-12 09:26:13,489 [grpc-default-executor-1] INFO  client.GrpcClientProtocolClient (GrpcClientProtocolClient.java:onNext(264)) - client-8B023739F3BF->b50d6464-f54a-40d1-9f81-f1c19654fd05: receive RaftClientReply:client-8B023739F3BF->b50d6464-f54a-40d1-9f81-f1c19654fd05@group-1F53027F28E3, cid=1820, SUCCESS, logIndex=2575, commits[b50d6464-f54a-40d1-9f81-f1c19654fd05:c2575]
2019-09-12 09:26:13,499 [grpc-default-executor-2] INFO  client.GrpcClientProtocolClient (GrpcClientProtocolClient.java:onNext(264)) - client-8B023739F3BF->b50d6464-f54a-40d1-9f81-f1c19654fd05: receive RaftClientReply:client-8B023739F3BF->b50d6464-f54a-40d1-9f81-f1c19654fd05@group-1F53027F28E3, cid=1821, SUCCESS, logIndex=2578, commits[b50d6464-f54a-40d1-9f81-f1c19654fd05:c2581]
2019-09-12 09:26:13,500 [grpc-default-executor-2] INFO  client.GrpcClientProtocolClient (GrpcClientProtocolClient.java:onNext(264)) - client-8B023739F3BF->b50d6464-f54a-40d1-9f81-f1c19654fd05: receive RaftClientReply:client-8B023739F3BF->b50d6464-f54a-40d1-9f81-f1c19654fd05@group-1F53027F28E3, cid=1822, SUCCESS, logIndex=2579, commits[b50d6464-f54a-40d1-9f81-f1c19654fd05:c2582]
2019-09-12 09:26:13,500 [grpc-default-executor-2] INFO  client.GrpcClientProtocolClient (GrpcClientProtocolClient.java:onNext(264)) - client-8B023739F3BF->b50d6464-f54a-40d1-9f81-f1c19654fd05: receive RaftClientReply:client-8B023739F3BF->b50d6464-f54a-40d1-9f81-f1c19654fd05@group-1F53027F28E3, cid=1823, SUCCESS, logIndex=2580, commits[b50d6464-f54a-40d1-9f81-f1c19654fd05:c2582]
2019-09-12 09:26:13,500 [grpc-default-executor-2] INFO  client.GrpcClientProtocolClient (GrpcClientProtocolClient.java:onNext(264)) - client-8B023739F3BF->b50d6464-f54a-40d1-9f81-f1c19654fd05: receive RaftClientReply:client-8B023739F3BF->b50d6464-f54a-40d1-9f81-f1c19654fd05@group-1F53027F28E3, cid=1824, SUCCESS, logIndex=2581, commits[b50d6464-f54a-40d1-9f81-f1c19654fd05:c2582]
2019-09-12 09:26:13,523 [SCMBlockDeletingService#1] DEBUG block.SCMBlockDeletingService (SCMBlockDeletingService.java:call(138)) - Running DeletedBlockTransactionScanner
2019-09-12 09:26:13,523 [SCMBlockDeletingService#1] DEBUG block.SCMBlockDeletingService (SCMBlockDeletingService.java:call(155)) - Scanned deleted blocks log and got 0 delTX to process.
2019-09-12 09:26:13,526 [grpc-default-executor-1] INFO  client.GrpcClientProtocolClient (GrpcClientProtocolClient.java:onNext(264)) - client-8B023739F3BF->b50d6464-f54a-40d1-9f81-f1c19654fd05: receive RaftClientReply:client-8B023739F3BF->b50d6464-f54a-40d1-9f81-f1c19654fd05@group-1F53027F28E3, cid=1825, SUCCESS, logIndex=2583, commits[b50d6464-f54a-40d1-9f81-f1c19654fd05:c2584]
2019-09-12 09:26:13,527 [grpc-default-executor-1] INFO  client.GrpcClientProtocolClient (GrpcClientProtocolClient.java:onNext(264)) - client-8B023739F3BF->b50d6464-f54a-40d1-9f81-f1c19654fd05: receive RaftClientReply:client-8B023739F3BF->b50d6464-f54a-40d1-9f81-f1c19654fd05@group-1F53027F28E3, cid=1826, SUCCESS, logIndex=2584, commits[b50d6464-f54a-40d1-9f81-f1c19654fd05:c2586]
2019-09-12 09:26:13,527 [grpc-default-executor-1] INFO  client.GrpcClientProtocolClient (GrpcClientProtocolClient.java:onNext(264)) - client-8B023739F3BF->b50d6464-f54a-40d1-9f81-f1c19654fd05: receive RaftClientReply:client-8B023739F3BF->b50d6464-f54a-40d1-9f81-f1c19654fd05@group-1F53027F28E3, cid=1827, SUCCESS, logIndex=2585, commits[b50d6464-f54a-40d1-9f81-f1c19654fd05:c2586]
2019-09-12 09:26:13,527 [grpc-default-executor-1] INFO  client.GrpcClientProtocolClient (GrpcClientProtocolClient.java:onNext(264)) - client-8B023739F3BF->b50d6464-f54a-40d1-9f81-f1c19654fd05: receive RaftClientReply:client-8B023739F3BF->b50d6464-f54a-40d1-9f81-f1c19654fd05@group-1F53027F28E3, cid=1828, SUCCESS, logIndex=2586, commits[b50d6464-f54a-40d1-9f81-f1c19654fd05:c2587]
2019-09-12 09:26:13,546 [grpc-default-executor-1] INFO  client.GrpcClientProtocolClient (GrpcClientProtocolClient.java:onNext(264)) - client-8B023739F3BF->b50d6464-f54a-40d1-9f81-f1c19654fd05: receive RaftClientReply:client-8B023739F3BF->b50d6464-f54a-40d1-9f81-f1c19654fd05@group-1F53027F28E3, cid=1829, SUCCESS, logIndex=2589, commits[b50d6464-f54a-40d1-9f81-f1c19654fd05:c2590]
2019-09-12 09:26:13,551 [grpc-default-executor-1] INFO  client.GrpcClientProtocolClient (GrpcClientProtocolClient.java:onNext(264)) - client-8B023739F3BF->b50d6464-f54a-40d1-9f81-f1c19654fd05: receive RaftClientReply:client-8B023739F3BF->b50d6464-f54a-40d1-9f81-f1c19654fd05@group-1F53027F28E3, cid=1830, SUCCESS, logIndex=2590, commits[b50d6464-f54a-40d1-9f81-f1c19654fd05:c2590]
2019-09-12 09:26:13,561 [grpc-default-executor-1] INFO  client.GrpcClientProtocolClient (GrpcClientProtocolClient.java:onNext(264)) - client-8B023739F3BF->b50d6464-f54a-40d1-9f81-f1c19654fd05: receive RaftClientReply:client-8B023739F3BF->b50d6464-f54a-40d1-9f81-f1c19654fd05@group-1F53027F28E3, cid=1831, SUCCESS, logIndex=2591, commits[b50d6464-f54a-40d1-9f81-f1c19654fd05:c2593]
2019-09-12 09:26:13,562 [grpc-default-executor-1] INFO  client.GrpcClientProtocolClient (GrpcClientProtocolClient.java:onNext(264)) - client-8B023739F3BF->b50d6464-f54a-40d1-9f81-f1c19654fd05: receive RaftClientReply:client-8B023739F3BF->b50d6464-f54a-40d1-9f81-f1c19654fd05@group-1F53027F28E3, cid=1832, SUCCESS, logIndex=2592, commits[b50d6464-f54a-40d1-9f81-f1c19654fd05:c2593]
2019-09-12 09:26:13,590 [grpc-default-executor-2] INFO  client.GrpcClientProtocolClient (GrpcClientProtocolClient.java:onNext(264)) - client-8B023739F3BF->b50d6464-f54a-40d1-9f81-f1c19654fd05: receive RaftClientReply:client-8B023739F3BF->b50d6464-f54a-40d1-9f81-f1c19654fd05@group-1F53027F28E3, cid=1833, SUCCESS, logIndex=2594, commits[b50d6464-f54a-40d1-9f81-f1c19654fd05:c2597]
2019-09-12 09:26:13,590 [grpc-default-executor-2] INFO  client.GrpcClientProtocolClient (GrpcClientProtocolClient.java:onNext(264)) - client-8B023739F3BF->b50d6464-f54a-40d1-9f81-f1c19654fd05: receive RaftClientReply:client-8B023739F3BF->b50d6464-f54a-40d1-9f81-f1c19654fd05@group-1F53027F28E3, cid=1834, SUCCESS, logIndex=2595, commits[b50d6464-f54a-40d1-9f81-f1c19654fd05:c2598]
2019-09-12 09:26:13,590 [grpc-default-executor-2] INFO  client.GrpcClientProtocolClient (GrpcClientProtocolClient.java:onNext(264)) - client-8B023739F3BF->b50d6464-f54a-40d1-9f81-f1c19654fd05: receive RaftClientReply:client-8B023739F3BF->b50d6464-f54a-40d1-9f81-f1c19654fd05@group-1F53027F28E3, cid=1835, SUCCESS, logIndex=2596, commits[b50d6464-f54a-40d1-9f81-f1c19654fd05:c2598]
2019-09-12 09:26:13,590 [grpc-default-executor-2] INFO  client.GrpcClientProtocolClient (GrpcClientProtocolClient.java:onNext(264)) - client-8B023739F3BF->b50d6464-f54a-40d1-9f81-f1c19654fd05: receive RaftClientReply:client-8B023739F3BF->b50d6464-f54a-40d1-9f81-f1c19654fd05@group-1F53027F28E3, cid=1836, SUCCESS, logIndex=2597, commits[b50d6464-f54a-40d1-9f81-f1c19654fd05:c2598]
2019-09-12 09:26:13,610 [grpc-default-executor-2] INFO  client.GrpcClientProtocolClient (GrpcClientProtocolClient.java:onNext(264)) - client-8B023739F3BF->b50d6464-f54a-40d1-9f81-f1c19654fd05: receive RaftClientReply:client-8B023739F3BF->b50d6464-f54a-40d1-9f81-f1c19654fd05@group-1F53027F28E3, cid=1837, SUCCESS, logIndex=2599, commits[b50d6464-f54a-40d1-9f81-f1c19654fd05:c2602]
2019-09-12 09:26:13,610 [grpc-default-executor-2] INFO  client.GrpcClientProtocolClient (GrpcClientProtocolClient.java:onNext(264)) - client-8B023739F3BF->b50d6464-f54a-40d1-9f81-f1c19654fd05: receive RaftClientReply:client-8B023739F3BF->b50d6464-f54a-40d1-9f81-f1c19654fd05@group-1F53027F28E3, cid=1838, SUCCESS, logIndex=2600, commits[b50d6464-f54a-40d1-9f81-f1c19654fd05:c2602]
2019-09-12 09:26:13,610 [grpc-default-executor-2] INFO  client.GrpcClientProtocolClient (GrpcClientProtocolClient.java:onNext(264)) - client-8B023739F3BF->b50d6464-f54a-40d1-9f81-f1c19654fd05: receive RaftClientReply:client-8B023739F3BF->b50d6464-f54a-40d1-9f81-f1c19654fd05@group-1F53027F28E3, cid=1839, SUCCESS, logIndex=2601, commits[b50d6464-f54a-40d1-9f81-f1c19654fd05:c2603]
2019-09-12 09:26:13,610 [grpc-default-executor-2] INFO  client.GrpcClientProtocolClient (GrpcClientProtocolClient.java:onNext(264)) - client-8B023739F3BF->b50d6464-f54a-40d1-9f81-f1c19654fd05: receive RaftClientReply:client-8B023739F3BF->b50d6464-f54a-40d1-9f81-f1c19654fd05@group-1F53027F28E3, cid=1840, SUCCESS, logIndex=2602, commits[b50d6464-f54a-40d1-9f81-f1c19654fd05:c2603]
2019-09-12 09:26:13,682 [SCMBlockDeletingService#1] DEBUG block.SCMBlockDeletingService (SCMBlockDeletingService.java:call(138)) - Running DeletedBlockTransactionScanner
2019-09-12 09:26:13,682 [SCMBlockDeletingService#1] DEBUG block.SCMBlockDeletingService (SCMBlockDeletingService.java:call(155)) - Scanned deleted blocks log and got 0 delTX to process.
2019-09-12 09:26:13,722 [grpc-default-executor-2] INFO  client.GrpcClientProtocolClient (GrpcClientProtocolClient.java:onNext(264)) - client-8B023739F3BF->b50d6464-f54a-40d1-9f81-f1c19654fd05: receive RaftClientReply:client-8B023739F3BF->b50d6464-f54a-40d1-9f81-f1c19654fd05@group-1F53027F28E3, cid=1841, SUCCESS, logIndex=2604, commits[b50d6464-f54a-40d1-9f81-f1c19654fd05:c2605]
2019-09-12 09:26:13,723 [grpc-default-executor-2] INFO  client.GrpcClientProtocolClient (GrpcClientProtocolClient.java:onNext(264)) - client-8B023739F3BF->b50d6464-f54a-40d1-9f81-f1c19654fd05: receive RaftClientReply:client-8B023739F3BF->b50d6464-f54a-40d1-9f81-f1c19654fd05@group-1F53027F28E3, cid=1842, SUCCESS, logIndex=2605, commits[b50d6464-f54a-40d1-9f81-f1c19654fd05:c2607]
2019-09-12 09:26:13,723 [grpc-default-executor-2] INFO  client.GrpcClientProtocolClient (GrpcClientProtocolClient.java:onNext(264)) - client-8B023739F3BF->b50d6464-f54a-40d1-9f81-f1c19654fd05: receive RaftClientReply:client-8B023739F3BF->b50d6464-f54a-40d1-9f81-f1c19654fd05@group-1F53027F28E3, cid=1843, SUCCESS, logIndex=2606, commits[b50d6464-f54a-40d1-9f81-f1c19654fd05:c2608]
2019-09-12 09:26:13,723 [grpc-default-executor-2] INFO  client.GrpcClientProtocolClient (GrpcClientProtocolClient.java:onNext(264)) - client-8B023739F3BF->b50d6464-f54a-40d1-9f81-f1c19654fd05: receive RaftClientReply:client-8B023739F3BF->b50d6464-f54a-40d1-9f81-f1c19654fd05@group-1F53027F28E3, cid=1844, SUCCESS, logIndex=2607, commits[b50d6464-f54a-40d1-9f81-f1c19654fd05:c2608]
2019-09-12 09:26:13,734 [grpc-default-executor-2] INFO  client.GrpcClientProtocolClient (GrpcClientProtocolClient.java:onNext(264)) - client-8B023739F3BF->b50d6464-f54a-40d1-9f81-f1c19654fd05: receive RaftClientReply:client-8B023739F3BF->b50d6464-f54a-40d1-9f81-f1c19654fd05@group-1F53027F28E3, cid=1845, SUCCESS, logIndex=2610, commits[b50d6464-f54a-40d1-9f81-f1c19654fd05:c2613]
2019-09-12 09:26:13,734 [grpc-default-executor-2] INFO  client.GrpcClientProtocolClient (GrpcClientProtocolClient.java:onNext(264)) - client-8B023739F3BF->b50d6464-f54a-40d1-9f81-f1c19654fd05: receive RaftClientReply:client-8B023739F3BF->b50d6464-f54a-40d1-9f81-f1c19654fd05@group-1F53027F28E3, cid=1846, SUCCESS, logIndex=2611, commits[b50d6464-f54a-40d1-9f81-f1c19654fd05:c2614]
2019-09-12 09:26:13,735 [grpc-default-executor-2] INFO  client.GrpcClientProtocolClient (GrpcClientProtocolClient.java:onNext(264)) - client-8B023739F3BF->b50d6464-f54a-40d1-9f81-f1c19654fd05: receive RaftClientReply:client-8B023739F3BF->b50d6464-f54a-40d1-9f81-f1c19654fd05@group-1F53027F28E3, cid=1847, SUCCESS, logIndex=2612, commits[b50d6464-f54a-40d1-9f81-f1c19654fd05:c2614]
2019-09-12 09:26:13,735 [grpc-default-executor-2] INFO  client.GrpcClientProtocolClient (GrpcClientProtocolClient.java:onNext(264)) - client-8B023739F3BF->b50d6464-f54a-40d1-9f81-f1c19654fd05: receive RaftClientReply:client-8B023739F3BF->b50d6464-f54a-40d1-9f81-f1c19654fd05@group-1F53027F28E3, cid=1848, SUCCESS, logIndex=2613, commits[b50d6464-f54a-40d1-9f81-f1c19654fd05:c2614]
2019-09-12 09:26:13,751 [grpc-default-executor-2] INFO  client.GrpcClientProtocolClient (GrpcClientProtocolClient.java:onNext(264)) - client-8B023739F3BF->b50d6464-f54a-40d1-9f81-f1c19654fd05: receive RaftClientReply:client-8B023739F3BF->b50d6464-f54a-40d1-9f81-f1c19654fd05@group-1F53027F28E3, cid=1849, SUCCESS, logIndex=2615, commits[b50d6464-f54a-40d1-9f81-f1c19654fd05:c2616]
2019-09-12 09:26:13,751 [grpc-default-executor-2] INFO  client.GrpcClientProtocolClient (GrpcClientProtocolClient.java:onNext(264)) - client-8B023739F3BF->b50d6464-f54a-40d1-9f81-f1c19654fd05: receive RaftClientReply:client-8B023739F3BF->b50d6464-f54a-40d1-9f81-f1c19654fd05@group-1F53027F28E3, cid=1850, SUCCESS, logIndex=2616, commits[b50d6464-f54a-40d1-9f81-f1c19654fd05:c2616]
2019-09-12 09:26:13,752 [grpc-default-executor-2] INFO  client.GrpcClientProtocolClient (GrpcClientProtocolClient.java:onNext(264)) - client-8B023739F3BF->b50d6464-f54a-40d1-9f81-f1c19654fd05: receive RaftClientReply:client-8B023739F3BF->b50d6464-f54a-40d1-9f81-f1c19654fd05@group-1F53027F28E3, cid=1851, SUCCESS, logIndex=2617, commits[b50d6464-f54a-40d1-9f81-f1c19654fd05:c2619]
2019-09-12 09:26:13,752 [grpc-default-executor-2] INFO  client.GrpcClientProtocolClient (GrpcClientProtocolClient.java:onNext(264)) - client-8B023739F3BF->b50d6464-f54a-40d1-9f81-f1c19654fd05: receive RaftClientReply:client-8B023739F3BF->b50d6464-f54a-40d1-9f81-f1c19654fd05@group-1F53027F28E3, cid=1852, SUCCESS, logIndex=2618, commits[b50d6464-f54a-40d1-9f81-f1c19654fd05:c2619]
2019-09-12 09:26:13,768 [grpc-default-executor-2] INFO  client.GrpcClientProtocolClient (GrpcClientProtocolClient.java:onNext(264)) - client-8B023739F3BF->b50d6464-f54a-40d1-9f81-f1c19654fd05: receive RaftClientReply:client-8B023739F3BF->b50d6464-f54a-40d1-9f81-f1c19654fd05@group-1F53027F28E3, cid=1853, SUCCESS, logIndex=2620, commits[b50d6464-f54a-40d1-9f81-f1c19654fd05:c2621]
2019-09-12 09:26:13,769 [grpc-default-executor-2] INFO  client.GrpcClientProtocolClient (GrpcClientProtocolClient.java:onNext(264)) - client-8B023739F3BF->b50d6464-f54a-40d1-9f81-f1c19654fd05: receive RaftClientReply:client-8B023739F3BF->b50d6464-f54a-40d1-9f81-f1c19654fd05@group-1F53027F28E3, cid=1854, SUCCESS, logIndex=2621, commits[b50d6464-f54a-40d1-9f81-f1c19654fd05:c2623]
2019-09-12 09:26:13,769 [grpc-default-executor-2] INFO  client.GrpcClientProtocolClient (GrpcClientProtocolClient.java:onNext(264)) - client-8B023739F3BF->b50d6464-f54a-40d1-9f81-f1c19654fd05: receive RaftClientReply:client-8B023739F3BF->b50d6464-f54a-40d1-9f81-f1c19654fd05@group-1F53027F28E3, cid=1855, SUCCESS, logIndex=2622, commits[b50d6464-f54a-40d1-9f81-f1c19654fd05:c2623]
2019-09-12 09:26:13,769 [grpc-default-executor-2] INFO  client.GrpcClientProtocolClient (GrpcClientProtocolClient.java:onNext(264)) - client-8B023739F3BF->b50d6464-f54a-40d1-9f81-f1c19654fd05: receive RaftClientReply:client-8B023739F3BF->b50d6464-f54a-40d1-9f81-f1c19654fd05@group-1F53027F28E3, cid=1856, SUCCESS, logIndex=2623, commits[b50d6464-f54a-40d1-9f81-f1c19654fd05:c2624]
2019-09-12 09:26:13,782 [SCMBlockDeletingService#1] DEBUG block.SCMBlockDeletingService (SCMBlockDeletingService.java:call(138)) - Running DeletedBlockTransactionScanner
2019-09-12 09:26:13,783 [SCMBlockDeletingService#1] DEBUG block.SCMBlockDeletingService (SCMBlockDeletingService.java:call(155)) - Scanned deleted blocks log and got 0 delTX to process.
2019-09-12 09:26:13,881 [grpc-default-executor-2] INFO  client.GrpcClientProtocolClient (GrpcClientProtocolClient.java:onNext(264)) - client-8B023739F3BF->b50d6464-f54a-40d1-9f81-f1c19654fd05: receive RaftClientReply:client-8B023739F3BF->b50d6464-f54a-40d1-9f81-f1c19654fd05@group-1F53027F28E3, cid=1857, SUCCESS, logIndex=2626, commits[b50d6464-f54a-40d1-9f81-f1c19654fd05:c2629]
2019-09-12 09:26:13,881 [grpc-default-executor-2] INFO  client.GrpcClientProtocolClient (GrpcClientProtocolClient.java:onNext(264)) - client-8B023739F3BF->b50d6464-f54a-40d1-9f81-f1c19654fd05: receive RaftClientReply:client-8B023739F3BF->b50d6464-f54a-40d1-9f81-f1c19654fd05@group-1F53027F28E3, cid=1858, SUCCESS, logIndex=2627, commits[b50d6464-f54a-40d1-9f81-f1c19654fd05:c2629]
2019-09-12 09:26:13,882 [grpc-default-executor-2] INFO  client.GrpcClientProtocolClient (GrpcClientProtocolClient.java:onNext(264)) - client-8B023739F3BF->b50d6464-f54a-40d1-9f81-f1c19654fd05: receive RaftClientReply:client-8B023739F3BF->b50d6464-f54a-40d1-9f81-f1c19654fd05@group-1F53027F28E3, cid=1859, SUCCESS, logIndex=2628, commits[b50d6464-f54a-40d1-9f81-f1c19654fd05:c2630]
2019-09-12 09:26:13,882 [grpc-default-executor-2] INFO  client.GrpcClientProtocolClient (GrpcClientProtocolClient.java:onNext(264)) - client-8B023739F3BF->b50d6464-f54a-40d1-9f81-f1c19654fd05: receive RaftClientReply:client-8B023739F3BF->b50d6464-f54a-40d1-9f81-f1c19654fd05@group-1F53027F28E3, cid=1860, SUCCESS, logIndex=2629, commits[b50d6464-f54a-40d1-9f81-f1c19654fd05:c2630]
2019-09-12 09:26:13,883 [SCMBlockDeletingService#1] DEBUG block.SCMBlockDeletingService (SCMBlockDeletingService.java:call(138)) - Running DeletedBlockTransactionScanner
2019-09-12 09:26:13,883 [SCMBlockDeletingService#1] DEBUG block.SCMBlockDeletingService (SCMBlockDeletingService.java:call(155)) - Scanned deleted blocks log and got 0 delTX to process.
2019-09-12 09:26:13,891 [grpc-default-executor-2] INFO  client.GrpcClientProtocolClient (GrpcClientProtocolClient.java:onNext(264)) - client-8B023739F3BF->b50d6464-f54a-40d1-9f81-f1c19654fd05: receive RaftClientReply:client-8B023739F3BF->b50d6464-f54a-40d1-9f81-f1c19654fd05@group-1F53027F28E3, cid=1861, SUCCESS, logIndex=2631, commits[b50d6464-f54a-40d1-9f81-f1c19654fd05:c2634]
2019-09-12 09:26:13,892 [grpc-default-executor-2] INFO  client.GrpcClientProtocolClient (GrpcClientProtocolClient.java:onNext(264)) - client-8B023739F3BF->b50d6464-f54a-40d1-9f81-f1c19654fd05: receive RaftClientReply:client-8B023739F3BF->b50d6464-f54a-40d1-9f81-f1c19654fd05@group-1F53027F28E3, cid=1862, SUCCESS, logIndex=2632, commits[b50d6464-f54a-40d1-9f81-f1c19654fd05:c2634]
2019-09-12 09:26:13,892 [grpc-default-executor-2] INFO  client.GrpcClientProtocolClient (GrpcClientProtocolClient.java:onNext(264)) - client-8B023739F3BF->b50d6464-f54a-40d1-9f81-f1c19654fd05: receive RaftClientReply:client-8B023739F3BF->b50d6464-f54a-40d1-9f81-f1c19654fd05@group-1F53027F28E3, cid=1863, SUCCESS, logIndex=2633, commits[b50d6464-f54a-40d1-9f81-f1c19654fd05:c2635]
2019-09-12 09:26:13,893 [grpc-default-executor-2] INFO  client.GrpcClientProtocolClient (GrpcClientProtocolClient.java:onNext(264)) - client-8B023739F3BF->b50d6464-f54a-40d1-9f81-f1c19654fd05: receive RaftClientReply:client-8B023739F3BF->b50d6464-f54a-40d1-9f81-f1c19654fd05@group-1F53027F28E3, cid=1864, SUCCESS, logIndex=2634, commits[b50d6464-f54a-40d1-9f81-f1c19654fd05:c2635]
2019-09-12 09:26:13,908 [grpc-default-executor-2] INFO  client.GrpcClientProtocolClient (GrpcClientProtocolClient.java:onNext(264)) - client-8B023739F3BF->b50d6464-f54a-40d1-9f81-f1c19654fd05: receive RaftClientReply:client-8B023739F3BF->b50d6464-f54a-40d1-9f81-f1c19654fd05@group-1F53027F28E3, cid=1865, SUCCESS, logIndex=2636, commits[b50d6464-f54a-40d1-9f81-f1c19654fd05:c2637]
2019-09-12 09:26:13,908 [grpc-default-executor-2] INFO  client.GrpcClientProtocolClient (GrpcClientProtocolClient.java:onNext(264)) - client-8B023739F3BF->b50d6464-f54a-40d1-9f81-f1c19654fd05: receive RaftClientReply:client-8B023739F3BF->b50d6464-f54a-40d1-9f81-f1c19654fd05@group-1F53027F28E3, cid=1866, SUCCESS, logIndex=2637, commits[b50d6464-f54a-40d1-9f81-f1c19654fd05:c2637]
2019-09-12 09:26:13,918 [grpc-default-executor-2] INFO  client.GrpcClientProtocolClient (GrpcClientProtocolClient.java:onNext(264)) - client-8B023739F3BF->b50d6464-f54a-40d1-9f81-f1c19654fd05: receive RaftClientReply:client-8B023739F3BF->b50d6464-f54a-40d1-9f81-f1c19654fd05@group-1F53027F28E3, cid=1867, SUCCESS, logIndex=2638, commits[b50d6464-f54a-40d1-9f81-f1c19654fd05:c2640]
2019-09-12 09:26:13,918 [grpc-default-executor-2] INFO  client.GrpcClientProtocolClient (GrpcClientProtocolClient.java:onNext(264)) - client-8B023739F3BF->b50d6464-f54a-40d1-9f81-f1c19654fd05: receive RaftClientReply:client-8B023739F3BF->b50d6464-f54a-40d1-9f81-f1c19654fd05@group-1F53027F28E3, cid=1868, SUCCESS, logIndex=2639, commits[b50d6464-f54a-40d1-9f81-f1c19654fd05:c2640]
2019-09-12 09:26:13,927 [grpc-default-executor-2] INFO  client.GrpcClientProtocolClient (GrpcClientProtocolClient.java:onNext(264)) - client-8B023739F3BF->b50d6464-f54a-40d1-9f81-f1c19654fd05: receive RaftClientReply:client-8B023739F3BF->b50d6464-f54a-40d1-9f81-f1c19654fd05@group-1F53027F28E3, cid=1869, SUCCESS, logIndex=2641, commits[b50d6464-f54a-40d1-9f81-f1c19654fd05:c2642]
2019-09-12 09:26:13,927 [grpc-default-executor-2] INFO  client.GrpcClientProtocolClient (GrpcClientProtocolClient.java:onNext(264)) - client-8B023739F3BF->b50d6464-f54a-40d1-9f81-f1c19654fd05: receive RaftClientReply:client-8B023739F3BF->b50d6464-f54a-40d1-9f81-f1c19654fd05@group-1F53027F28E3, cid=1870, SUCCESS, logIndex=2642, commits[b50d6464-f54a-40d1-9f81-f1c19654fd05:c2645]
2019-09-12 09:26:13,928 [grpc-default-executor-2] INFO  client.GrpcClientProtocolClient (GrpcClientProtocolClient.java:onNext(264)) - client-8B023739F3BF->b50d6464-f54a-40d1-9f81-f1c19654fd05: receive RaftClientReply:client-8B023739F3BF->b50d6464-f54a-40d1-9f81-f1c19654fd05@group-1F53027F28E3, cid=1871, SUCCESS, logIndex=2643, commits[b50d6464-f54a-40d1-9f81-f1c19654fd05:c2645]
2019-09-12 09:26:13,928 [grpc-default-executor-2] INFO  client.GrpcClientProtocolClient (GrpcClientProtocolClient.java:onNext(264)) - client-8B023739F3BF->b50d6464-f54a-40d1-9f81-f1c19654fd05: receive RaftClientReply:client-8B023739F3BF->b50d6464-f54a-40d1-9f81-f1c19654fd05@group-1F53027F28E3, cid=1872, SUCCESS, logIndex=2644, commits[b50d6464-f54a-40d1-9f81-f1c19654fd05:c2645]
2019-09-12 09:26:13,943 [grpc-default-executor-1] INFO  client.GrpcClientProtocolClient (GrpcClientProtocolClient.java:onNext(264)) - client-8B023739F3BF->b50d6464-f54a-40d1-9f81-f1c19654fd05: receive RaftClientReply:client-8B023739F3BF->b50d6464-f54a-40d1-9f81-f1c19654fd05@group-1F53027F28E3, cid=1873, SUCCESS, logIndex=2646, commits[b50d6464-f54a-40d1-9f81-f1c19654fd05:c2647]
2019-09-12 09:26:13,943 [grpc-default-executor-1] INFO  client.GrpcClientProtocolClient (GrpcClientProtocolClient.java:onNext(264)) - client-8B023739F3BF->b50d6464-f54a-40d1-9f81-f1c19654fd05: receive RaftClientReply:client-8B023739F3BF->b50d6464-f54a-40d1-9f81-f1c19654fd05@group-1F53027F28E3, cid=1874, SUCCESS, logIndex=2647, commits[b50d6464-f54a-40d1-9f81-f1c19654fd05:c2647]
2019-09-12 09:26:13,955 [grpc-default-executor-1] INFO  client.GrpcClientProtocolClient (GrpcClientProtocolClient.java:onNext(264)) - client-8B023739F3BF->b50d6464-f54a-40d1-9f81-f1c19654fd05: receive RaftClientReply:client-8B023739F3BF->b50d6464-f54a-40d1-9f81-f1c19654fd05@group-1F53027F28E3, cid=1875, SUCCESS, logIndex=2648, commits[b50d6464-f54a-40d1-9f81-f1c19654fd05:c2650]
2019-09-12 09:26:13,956 [grpc-default-executor-1] INFO  client.GrpcClientProtocolClient (GrpcClientProtocolClient.java:onNext(264)) - client-8B023739F3BF->b50d6464-f54a-40d1-9f81-f1c19654fd05: receive RaftClientReply:client-8B023739F3BF->b50d6464-f54a-40d1-9f81-f1c19654fd05@group-1F53027F28E3, cid=1876, SUCCESS, logIndex=2649, commits[b50d6464-f54a-40d1-9f81-f1c19654fd05:c2650]
2019-09-12 09:26:13,969 [grpc-default-executor-1] INFO  client.GrpcClientProtocolClient (GrpcClientProtocolClient.java:onNext(264)) - client-8B023739F3BF->b50d6464-f54a-40d1-9f81-f1c19654fd05: receive RaftClientReply:client-8B023739F3BF->b50d6464-f54a-40d1-9f81-f1c19654fd05@group-1F53027F28E3, cid=1877, SUCCESS, logIndex=2651, commits[b50d6464-f54a-40d1-9f81-f1c19654fd05:c2652]
2019-09-12 09:26:13,969 [grpc-default-executor-1] INFO  client.GrpcClientProtocolClient (GrpcClientProtocolClient.java:onNext(264)) - client-8B023739F3BF->b50d6464-f54a-40d1-9f81-f1c19654fd05: receive RaftClientReply:client-8B023739F3BF->b50d6464-f54a-40d1-9f81-f1c19654fd05@group-1F53027F28E3, cid=1878, SUCCESS, logIndex=2652, commits[b50d6464-f54a-40d1-9f81-f1c19654fd05:c2652]
2019-09-12 09:26:13,970 [grpc-default-executor-1] INFO  client.GrpcClientProtocolClient (GrpcClientProtocolClient.java:onNext(264)) - client-8B023739F3BF->b50d6464-f54a-40d1-9f81-f1c19654fd05: receive RaftClientReply:client-8B023739F3BF->b50d6464-f54a-40d1-9f81-f1c19654fd05@group-1F53027F28E3, cid=1879, SUCCESS, logIndex=2653, commits[b50d6464-f54a-40d1-9f81-f1c19654fd05:c2654]
2019-09-12 09:26:13,970 [grpc-default-executor-1] INFO  client.GrpcClientProtocolClient (GrpcClientProtocolClient.java:onNext(264)) - client-8B023739F3BF->b50d6464-f54a-40d1-9f81-f1c19654fd05: receive RaftClientReply:client-8B023739F3BF->b50d6464-f54a-40d1-9f81-f1c19654fd05@group-1F53027F28E3, cid=1880, SUCCESS, logIndex=2654, commits[b50d6464-f54a-40d1-9f81-f1c19654fd05:c2654]
2019-09-12 09:26:13,984 [SCMBlockDeletingService#1] DEBUG block.SCMBlockDeletingService (SCMBlockDeletingService.java:call(138)) - Running DeletedBlockTransactionScanner
2019-09-12 09:26:13,984 [SCMBlockDeletingService#1] DEBUG block.SCMBlockDeletingService (SCMBlockDeletingService.java:call(155)) - Scanned deleted blocks log and got 0 delTX to process.
2019-09-12 09:26:13,995 [grpc-default-executor-2] INFO  client.GrpcClientProtocolClient (GrpcClientProtocolClient.java:onNext(264)) - client-8B023739F3BF->b50d6464-f54a-40d1-9f81-f1c19654fd05: receive RaftClientReply:client-8B023739F3BF->b50d6464-f54a-40d1-9f81-f1c19654fd05@group-1F53027F28E3, cid=1881, SUCCESS, logIndex=2657, commits[b50d6464-f54a-40d1-9f81-f1c19654fd05:c2658]
2019-09-12 09:26:13,995 [grpc-default-executor-2] INFO  client.GrpcClientProtocolClient (GrpcClientProtocolClient.java:onNext(264)) - client-8B023739F3BF->b50d6464-f54a-40d1-9f81-f1c19654fd05: receive RaftClientReply:client-8B023739F3BF->b50d6464-f54a-40d1-9f81-f1c19654fd05@group-1F53027F28E3, cid=1882, SUCCESS, logIndex=2658, commits[b50d6464-f54a-40d1-9f81-f1c19654fd05:c2660]
2019-09-12 09:26:13,995 [grpc-default-executor-2] INFO  client.GrpcClientProtocolClient (GrpcClientProtocolClient.java:onNext(264)) - client-8B023739F3BF->b50d6464-f54a-40d1-9f81-f1c19654fd05: receive RaftClientReply:client-8B023739F3BF->b50d6464-f54a-40d1-9f81-f1c19654fd05@group-1F53027F28E3, cid=1883, SUCCESS, logIndex=2659, commits[b50d6464-f54a-40d1-9f81-f1c19654fd05:c2660]
2019-09-12 09:26:13,996 [grpc-default-executor-2] INFO  client.GrpcClientProtocolClient (GrpcClientProtocolClient.java:onNext(264)) - client-8B023739F3BF->b50d6464-f54a-40d1-9f81-f1c19654fd05: receive RaftClientReply:client-8B023739F3BF->b50d6464-f54a-40d1-9f81-f1c19654fd05@group-1F53027F28E3, cid=1884, SUCCESS, logIndex=2660, commits[b50d6464-f54a-40d1-9f81-f1c19654fd05:c2661]
2019-09-12 09:26:14,015 [grpc-default-executor-2] INFO  client.GrpcClientProtocolClient (GrpcClientProtocolClient.java:onNext(264)) - client-8B023739F3BF->b50d6464-f54a-40d1-9f81-f1c19654fd05: receive RaftClientReply:client-8B023739F3BF->b50d6464-f54a-40d1-9f81-f1c19654fd05@group-1F53027F28E3, cid=1885, SUCCESS, logIndex=2663, commits[b50d6464-f54a-40d1-9f81-f1c19654fd05:c2666]
2019-09-12 09:26:14,015 [grpc-default-executor-2] INFO  client.GrpcClientProtocolClient (GrpcClientProtocolClient.java:onNext(264)) - client-8B023739F3BF->b50d6464-f54a-40d1-9f81-f1c19654fd05: receive RaftClientReply:client-8B023739F3BF->b50d6464-f54a-40d1-9f81-f1c19654fd05@group-1F53027F28E3, cid=1886, SUCCESS, logIndex=2664, commits[b50d6464-f54a-40d1-9f81-f1c19654fd05:c2667]
2019-09-12 09:26:14,016 [grpc-default-executor-2] INFO  client.GrpcClientProtocolClient (GrpcClientProtocolClient.java:onNext(264)) - client-8B023739F3BF->b50d6464-f54a-40d1-9f81-f1c19654fd05: receive RaftClientReply:client-8B023739F3BF->b50d6464-f54a-40d1-9f81-f1c19654fd05@group-1F53027F28E3, cid=1887, SUCCESS, logIndex=2665, commits[b50d6464-f54a-40d1-9f81-f1c19654fd05:c2667]
2019-09-12 09:26:14,016 [grpc-default-executor-2] INFO  client.GrpcClientProtocolClient (GrpcClientProtocolClient.java:onNext(264)) - client-8B023739F3BF->b50d6464-f54a-40d1-9f81-f1c19654fd05: receive RaftClientReply:client-8B023739F3BF->b50d6464-f54a-40d1-9f81-f1c19654fd05@group-1F53027F28E3, cid=1888, SUCCESS, logIndex=2666, commits[b50d6464-f54a-40d1-9f81-f1c19654fd05:c2667]
2019-09-12 09:26:14,044 [grpc-default-executor-2] INFO  client.GrpcClientProtocolClient (GrpcClientProtocolClient.java:onNext(264)) - client-8B023739F3BF->b50d6464-f54a-40d1-9f81-f1c19654fd05: receive RaftClientReply:client-8B023739F3BF->b50d6464-f54a-40d1-9f81-f1c19654fd05@group-1F53027F28E3, cid=1889, SUCCESS, logIndex=2668, commits[b50d6464-f54a-40d1-9f81-f1c19654fd05:c2671]
2019-09-12 09:26:14,044 [grpc-default-executor-2] INFO  client.GrpcClientProtocolClient (GrpcClientProtocolClient.java:onNext(264)) - client-8B023739F3BF->b50d6464-f54a-40d1-9f81-f1c19654fd05: receive RaftClientReply:client-8B023739F3BF->b50d6464-f54a-40d1-9f81-f1c19654fd05@group-1F53027F28E3, cid=1890, SUCCESS, logIndex=2669, commits[b50d6464-f54a-40d1-9f81-f1c19654fd05:c2672]
2019-09-12 09:26:14,044 [grpc-default-executor-2] INFO  client.GrpcClientProtocolClient (GrpcClientProtocolClient.java:onNext(264)) - client-8B023739F3BF->b50d6464-f54a-40d1-9f81-f1c19654fd05: receive RaftClientReply:client-8B023739F3BF->b50d6464-f54a-40d1-9f81-f1c19654fd05@group-1F53027F28E3, cid=1891, SUCCESS, logIndex=2670, commits[b50d6464-f54a-40d1-9f81-f1c19654fd05:c2672]
2019-09-12 09:26:14,045 [grpc-default-executor-2] INFO  client.GrpcClientProtocolClient (GrpcClientProtocolClient.java:onNext(264)) - client-8B023739F3BF->b50d6464-f54a-40d1-9f81-f1c19654fd05: receive RaftClientReply:client-8B023739F3BF->b50d6464-f54a-40d1-9f81-f1c19654fd05@group-1F53027F28E3, cid=1892, SUCCESS, logIndex=2671, commits[b50d6464-f54a-40d1-9f81-f1c19654fd05:c2672]
2019-09-12 09:26:14,067 [grpc-default-executor-2] INFO  client.GrpcClientProtocolClient (GrpcClientProtocolClient.java:onNext(264)) - client-8B023739F3BF->b50d6464-f54a-40d1-9f81-f1c19654fd05: receive RaftClientReply:client-8B023739F3BF->b50d6464-f54a-40d1-9f81-f1c19654fd05@group-1F53027F28E3, cid=1893, SUCCESS, logIndex=2673, commits[b50d6464-f54a-40d1-9f81-f1c19654fd05:c2676]
2019-09-12 09:26:14,067 [grpc-default-executor-2] INFO  client.GrpcClientProtocolClient (GrpcClientProtocolClient.java:onNext(264)) - client-8B023739F3BF->b50d6464-f54a-40d1-9f81-f1c19654fd05: receive RaftClientReply:client-8B023739F3BF->b50d6464-f54a-40d1-9f81-f1c19654fd05@group-1F53027F28E3, cid=1894, SUCCESS, logIndex=2674, commits[b50d6464-f54a-40d1-9f81-f1c19654fd05:c2677]
2019-09-12 09:26:14,068 [grpc-default-executor-2] INFO  client.GrpcClientProtocolClient (GrpcClientProtocolClient.java:onNext(264)) - client-8B023739F3BF->b50d6464-f54a-40d1-9f81-f1c19654fd05: receive RaftClientReply:client-8B023739F3BF->b50d6464-f54a-40d1-9f81-f1c19654fd05@group-1F53027F28E3, cid=1895, SUCCESS, logIndex=2675, commits[b50d6464-f54a-40d1-9f81-f1c19654fd05:c2677]
2019-09-12 09:26:14,068 [grpc-default-executor-2] INFO  client.GrpcClientProtocolClient (GrpcClientProtocolClient.java:onNext(264)) - client-8B023739F3BF->b50d6464-f54a-40d1-9f81-f1c19654fd05: receive RaftClientReply:client-8B023739F3BF->b50d6464-f54a-40d1-9f81-f1c19654fd05@group-1F53027F28E3, cid=1896, SUCCESS, logIndex=2676, commits[b50d6464-f54a-40d1-9f81-f1c19654fd05:c2677]
2019-09-12 09:26:14,085 [SCMBlockDeletingService#1] DEBUG block.SCMBlockDeletingService (SCMBlockDeletingService.java:call(138)) - Running DeletedBlockTransactionScanner
2019-09-12 09:26:14,085 [SCMBlockDeletingService#1] DEBUG block.SCMBlockDeletingService (SCMBlockDeletingService.java:call(155)) - Scanned deleted blocks log and got 0 delTX to process.
2019-09-12 09:26:14,095 [grpc-default-executor-1] INFO  client.GrpcClientProtocolClient (GrpcClientProtocolClient.java:onNext(264)) - client-8B023739F3BF->b50d6464-f54a-40d1-9f81-f1c19654fd05: receive RaftClientReply:client-8B023739F3BF->b50d6464-f54a-40d1-9f81-f1c19654fd05@group-1F53027F28E3, cid=1897, SUCCESS, logIndex=2678, commits[b50d6464-f54a-40d1-9f81-f1c19654fd05:c2681]
2019-09-12 09:26:14,096 [grpc-default-executor-1] INFO  client.GrpcClientProtocolClient (GrpcClientProtocolClient.java:onNext(264)) - client-8B023739F3BF->b50d6464-f54a-40d1-9f81-f1c19654fd05: receive RaftClientReply:client-8B023739F3BF->b50d6464-f54a-40d1-9f81-f1c19654fd05@group-1F53027F28E3, cid=1898, SUCCESS, logIndex=2679, commits[b50d6464-f54a-40d1-9f81-f1c19654fd05:c2682]
2019-09-12 09:26:14,096 [grpc-default-executor-1] INFO  client.GrpcClientProtocolClient (GrpcClientProtocolClient.java:onNext(264)) - client-8B023739F3BF->b50d6464-f54a-40d1-9f81-f1c19654fd05: receive RaftClientReply:client-8B023739F3BF->b50d6464-f54a-40d1-9f81-f1c19654fd05@group-1F53027F28E3, cid=1899, SUCCESS, logIndex=2680, commits[b50d6464-f54a-40d1-9f81-f1c19654fd05:c2682]
2019-09-12 09:26:14,096 [grpc-default-executor-1] INFO  client.GrpcClientProtocolClient (GrpcClientProtocolClient.java:onNext(264)) - client-8B023739F3BF->b50d6464-f54a-40d1-9f81-f1c19654fd05: receive RaftClientReply:client-8B023739F3BF->b50d6464-f54a-40d1-9f81-f1c19654fd05@group-1F53027F28E3, cid=1900, SUCCESS, logIndex=2681, commits[b50d6464-f54a-40d1-9f81-f1c19654fd05:c2682]
2019-09-12 09:26:14,185 [SCMBlockDeletingService#1] DEBUG block.SCMBlockDeletingService (SCMBlockDeletingService.java:call(138)) - Running DeletedBlockTransactionScanner
2019-09-12 09:26:14,185 [SCMBlockDeletingService#1] DEBUG block.SCMBlockDeletingService (SCMBlockDeletingService.java:call(155)) - Scanned deleted blocks log and got 0 delTX to process.
2019-09-12 09:26:14,200 [grpc-default-executor-1] INFO  client.GrpcClientProtocolClient (GrpcClientProtocolClient.java:onNext(264)) - client-8B023739F3BF->b50d6464-f54a-40d1-9f81-f1c19654fd05: receive RaftClientReply:client-8B023739F3BF->b50d6464-f54a-40d1-9f81-f1c19654fd05@group-1F53027F28E3, cid=1901, SUCCESS, logIndex=2683, commits[b50d6464-f54a-40d1-9f81-f1c19654fd05:c2686]
2019-09-12 09:26:14,200 [grpc-default-executor-1] INFO  client.GrpcClientProtocolClient (GrpcClientProtocolClient.java:onNext(264)) - client-8B023739F3BF->b50d6464-f54a-40d1-9f81-f1c19654fd05: receive RaftClientReply:client-8B023739F3BF->b50d6464-f54a-40d1-9f81-f1c19654fd05@group-1F53027F28E3, cid=1902, SUCCESS, logIndex=2684, commits[b50d6464-f54a-40d1-9f81-f1c19654fd05:c2686]
2019-09-12 09:26:14,201 [grpc-default-executor-1] INFO  client.GrpcClientProtocolClient (GrpcClientProtocolClient.java:onNext(264)) - client-8B023739F3BF->b50d6464-f54a-40d1-9f81-f1c19654fd05: receive RaftClientReply:client-8B023739F3BF->b50d6464-f54a-40d1-9f81-f1c19654fd05@group-1F53027F28E3, cid=1903, SUCCESS, logIndex=2685, commits[b50d6464-f54a-40d1-9f81-f1c19654fd05:c2686]
2019-09-12 09:26:14,201 [grpc-default-executor-1] INFO  client.GrpcClientProtocolClient (GrpcClientProtocolClient.java:onNext(264)) - client-8B023739F3BF->b50d6464-f54a-40d1-9f81-f1c19654fd05: receive RaftClientReply:client-8B023739F3BF->b50d6464-f54a-40d1-9f81-f1c19654fd05@group-1F53027F28E3, cid=1904, SUCCESS, logIndex=2686, commits[b50d6464-f54a-40d1-9f81-f1c19654fd05:c2687]
2019-09-12 09:26:14,219 [grpc-default-executor-1] INFO  client.GrpcClientProtocolClient (GrpcClientProtocolClient.java:onNext(264)) - client-8B023739F3BF->b50d6464-f54a-40d1-9f81-f1c19654fd05: receive RaftClientReply:client-8B023739F3BF->b50d6464-f54a-40d1-9f81-f1c19654fd05@group-1F53027F28E3, cid=1905, SUCCESS, logIndex=2689, commits[b50d6464-f54a-40d1-9f81-f1c19654fd05:c2692]
2019-09-12 09:26:14,220 [grpc-default-executor-1] INFO  client.GrpcClientProtocolClient (GrpcClientProtocolClient.java:onNext(264)) - client-8B023739F3BF->b50d6464-f54a-40d1-9f81-f1c19654fd05: receive RaftClientReply:client-8B023739F3BF->b50d6464-f54a-40d1-9f81-f1c19654fd05@group-1F53027F28E3, cid=1906, SUCCESS, logIndex=2690, commits[b50d6464-f54a-40d1-9f81-f1c19654fd05:c2693]
2019-09-12 09:26:14,220 [grpc-default-executor-1] INFO  client.GrpcClientProtocolClient (GrpcClientProtocolClient.java:onNext(264)) - client-8B023739F3BF->b50d6464-f54a-40d1-9f81-f1c19654fd05: receive RaftClientReply:client-8B023739F3BF->b50d6464-f54a-40d1-9f81-f1c19654fd05@group-1F53027F28E3, cid=1907, SUCCESS, logIndex=2691, commits[b50d6464-f54a-40d1-9f81-f1c19654fd05:c2693]
2019-09-12 09:26:14,220 [grpc-default-executor-1] INFO  client.GrpcClientProtocolClient (GrpcClientProtocolClient.java:onNext(264)) - client-8B023739F3BF->b50d6464-f54a-40d1-9f81-f1c19654fd05: receive RaftClientReply:client-8B023739F3BF->b50d6464-f54a-40d1-9f81-f1c19654fd05@group-1F53027F28E3, cid=1908, SUCCESS, logIndex=2692, commits[b50d6464-f54a-40d1-9f81-f1c19654fd05:c2693]
2019-09-12 09:26:14,238 [grpc-default-executor-2] INFO  client.GrpcClientProtocolClient (GrpcClientProtocolClient.java:onNext(264)) - client-8B023739F3BF->b50d6464-f54a-40d1-9f81-f1c19654fd05: receive RaftClientReply:client-8B023739F3BF->b50d6464-f54a-40d1-9f81-f1c19654fd05@group-1F53027F28E3, cid=1909, SUCCESS, logIndex=2694, commits[b50d6464-f54a-40d1-9f81-f1c19654fd05:c2695]
2019-09-12 09:26:14,238 [grpc-default-executor-2] INFO  client.GrpcClientProtocolClient (GrpcClientProtocolClient.java:onNext(264)) - client-8B023739F3BF->b50d6464-f54a-40d1-9f81-f1c19654fd05: receive RaftClientReply:client-8B023739F3BF->b50d6464-f54a-40d1-9f81-f1c19654fd05@group-1F53027F28E3, cid=1910, SUCCESS, logIndex=2695, commits[b50d6464-f54a-40d1-9f81-f1c19654fd05:c2697]
2019-09-12 09:26:14,238 [grpc-default-executor-2] INFO  client.GrpcClientProtocolClient (GrpcClientProtocolClient.java:onNext(264)) - client-8B023739F3BF->b50d6464-f54a-40d1-9f81-f1c19654fd05: receive RaftClientReply:client-8B023739F3BF->b50d6464-f54a-40d1-9f81-f1c19654fd05@group-1F53027F28E3, cid=1911, SUCCESS, logIndex=2696, commits[b50d6464-f54a-40d1-9f81-f1c19654fd05:c2697]
2019-09-12 09:26:14,239 [grpc-default-executor-2] INFO  client.GrpcClientProtocolClient (GrpcClientProtocolClient.java:onNext(264)) - client-8B023739F3BF->b50d6464-f54a-40d1-9f81-f1c19654fd05: receive RaftClientReply:client-8B023739F3BF->b50d6464-f54a-40d1-9f81-f1c19654fd05@group-1F53027F28E3, cid=1912, SUCCESS, logIndex=2697, commits[b50d6464-f54a-40d1-9f81-f1c19654fd05:c2698]
2019-09-12 09:26:14,263 [grpc-default-executor-2] INFO  client.GrpcClientProtocolClient (GrpcClientProtocolClient.java:onNext(264)) - client-8B023739F3BF->b50d6464-f54a-40d1-9f81-f1c19654fd05: receive RaftClientReply:client-8B023739F3BF->b50d6464-f54a-40d1-9f81-f1c19654fd05@group-1F53027F28E3, cid=1913, SUCCESS, logIndex=2700, commits[b50d6464-f54a-40d1-9f81-f1c19654fd05:c2703]
2019-09-12 09:26:14,264 [grpc-default-executor-2] INFO  client.GrpcClientProtocolClient (GrpcClientProtocolClient.java:onNext(264)) - client-8B023739F3BF->b50d6464-f54a-40d1-9f81-f1c19654fd05: receive RaftClientReply:client-8B023739F3BF->b50d6464-f54a-40d1-9f81-f1c19654fd05@group-1F53027F28E3, cid=1914, SUCCESS, logIndex=2701, commits[b50d6464-f54a-40d1-9f81-f1c19654fd05:c2703]
2019-09-12 09:26:14,264 [grpc-default-executor-2] INFO  client.GrpcClientProtocolClient (GrpcClientProtocolClient.java:onNext(264)) - client-8B023739F3BF->b50d6464-f54a-40d1-9f81-f1c19654fd05: receive RaftClientReply:client-8B023739F3BF->b50d6464-f54a-40d1-9f81-f1c19654fd05@group-1F53027F28E3, cid=1915, SUCCESS, logIndex=2702, commits[b50d6464-f54a-40d1-9f81-f1c19654fd05:c2704]
2019-09-12 09:26:14,264 [grpc-default-executor-2] INFO  client.GrpcClientProtocolClient (GrpcClientProtocolClient.java:onNext(264)) - client-8B023739F3BF->b50d6464-f54a-40d1-9f81-f1c19654fd05: receive RaftClientReply:client-8B023739F3BF->b50d6464-f54a-40d1-9f81-f1c19654fd05@group-1F53027F28E3, cid=1916, SUCCESS, logIndex=2703, commits[b50d6464-f54a-40d1-9f81-f1c19654fd05:c2705]
2019-09-12 09:26:14,283 [grpc-default-executor-2] INFO  client.GrpcClientProtocolClient (GrpcClientProtocolClient.java:onNext(264)) - client-8B023739F3BF->b50d6464-f54a-40d1-9f81-f1c19654fd05: receive RaftClientReply:client-8B023739F3BF->b50d6464-f54a-40d1-9f81-f1c19654fd05@group-1F53027F28E3, cid=1917, SUCCESS, logIndex=2706, commits[b50d6464-f54a-40d1-9f81-f1c19654fd05:c2709]
2019-09-12 09:26:14,284 [grpc-default-executor-2] INFO  client.GrpcClientProtocolClient (GrpcClientProtocolClient.java:onNext(264)) - client-8B023739F3BF->b50d6464-f54a-40d1-9f81-f1c19654fd05: receive RaftClientReply:client-8B023739F3BF->b50d6464-f54a-40d1-9f81-f1c19654fd05@group-1F53027F28E3, cid=1918, SUCCESS, logIndex=2707, commits[b50d6464-f54a-40d1-9f81-f1c19654fd05:c2710]
2019-09-12 09:26:14,284 [grpc-default-executor-2] INFO  client.GrpcClientProtocolClient (GrpcClientProtocolClient.java:onNext(264)) - client-8B023739F3BF->b50d6464-f54a-40d1-9f81-f1c19654fd05: receive RaftClientReply:client-8B023739F3BF->b50d6464-f54a-40d1-9f81-f1c19654fd05@group-1F53027F28E3, cid=1919, SUCCESS, logIndex=2708, commits[b50d6464-f54a-40d1-9f81-f1c19654fd05:c2710]
2019-09-12 09:26:14,285 [grpc-default-executor-2] INFO  client.GrpcClientProtocolClient (GrpcClientProtocolClient.java:onNext(264)) - client-8B023739F3BF->b50d6464-f54a-40d1-9f81-f1c19654fd05: receive RaftClientReply:client-8B023739F3BF->b50d6464-f54a-40d1-9f81-f1c19654fd05@group-1F53027F28E3, cid=1920, SUCCESS, logIndex=2709, commits[b50d6464-f54a-40d1-9f81-f1c19654fd05:c2710]
2019-09-12 09:26:14,286 [SCMBlockDeletingService#1] DEBUG block.SCMBlockDeletingService (SCMBlockDeletingService.java:call(138)) - Running DeletedBlockTransactionScanner
2019-09-12 09:26:14,286 [SCMBlockDeletingService#1] DEBUG block.SCMBlockDeletingService (SCMBlockDeletingService.java:call(155)) - Scanned deleted blocks log and got 0 delTX to process.
2019-09-12 09:26:14,310 [grpc-default-executor-2] INFO  client.GrpcClientProtocolClient (GrpcClientProtocolClient.java:onNext(264)) - client-8B023739F3BF->b50d6464-f54a-40d1-9f81-f1c19654fd05: receive RaftClientReply:client-8B023739F3BF->b50d6464-f54a-40d1-9f81-f1c19654fd05@group-1F53027F28E3, cid=1921, SUCCESS, logIndex=2711, commits[b50d6464-f54a-40d1-9f81-f1c19654fd05:c2712]
2019-09-12 09:26:14,310 [grpc-default-executor-2] INFO  client.GrpcClientProtocolClient (GrpcClientProtocolClient.java:onNext(264)) - client-8B023739F3BF->b50d6464-f54a-40d1-9f81-f1c19654fd05: receive RaftClientReply:client-8B023739F3BF->b50d6464-f54a-40d1-9f81-f1c19654fd05@group-1F53027F28E3, cid=1922, SUCCESS, logIndex=2712, commits[b50d6464-f54a-40d1-9f81-f1c19654fd05:c2714]
2019-09-12 09:26:14,310 [grpc-default-executor-2] INFO  client.GrpcClientProtocolClient (GrpcClientProtocolClient.java:onNext(264)) - client-8B023739F3BF->b50d6464-f54a-40d1-9f81-f1c19654fd05: receive RaftClientReply:client-8B023739F3BF->b50d6464-f54a-40d1-9f81-f1c19654fd05@group-1F53027F28E3, cid=1923, SUCCESS, logIndex=2713, commits[b50d6464-f54a-40d1-9f81-f1c19654fd05:c2715]
2019-09-12 09:26:14,311 [grpc-default-executor-2] INFO  client.GrpcClientProtocolClient (GrpcClientProtocolClient.java:onNext(264)) - client-8B023739F3BF->b50d6464-f54a-40d1-9f81-f1c19654fd05: receive RaftClientReply:client-8B023739F3BF->b50d6464-f54a-40d1-9f81-f1c19654fd05@group-1F53027F28E3, cid=1924, SUCCESS, logIndex=2714, commits[b50d6464-f54a-40d1-9f81-f1c19654fd05:c2715]
2019-09-12 09:26:14,397 [SCMBlockDeletingService#1] DEBUG block.SCMBlockDeletingService (SCMBlockDeletingService.java:call(138)) - Running DeletedBlockTransactionScanner
2019-09-12 09:26:14,398 [SCMBlockDeletingService#1] DEBUG block.SCMBlockDeletingService (SCMBlockDeletingService.java:call(155)) - Scanned deleted blocks log and got 0 delTX to process.
2019-09-12 09:26:14,399 [grpc-default-executor-2] INFO  client.GrpcClientProtocolClient (GrpcClientProtocolClient.java:onNext(264)) - client-8B023739F3BF->b50d6464-f54a-40d1-9f81-f1c19654fd05: receive RaftClientReply:client-8B023739F3BF->b50d6464-f54a-40d1-9f81-f1c19654fd05@group-1F53027F28E3, cid=1925, SUCCESS, logIndex=2717, commits[b50d6464-f54a-40d1-9f81-f1c19654fd05:c2718]
2019-09-12 09:26:14,400 [grpc-default-executor-2] INFO  client.GrpcClientProtocolClient (GrpcClientProtocolClient.java:onNext(264)) - client-8B023739F3BF->b50d6464-f54a-40d1-9f81-f1c19654fd05: receive RaftClientReply:client-8B023739F3BF->b50d6464-f54a-40d1-9f81-f1c19654fd05@group-1F53027F28E3, cid=1926, SUCCESS, logIndex=2718, commits[b50d6464-f54a-40d1-9f81-f1c19654fd05:c2718]
2019-09-12 09:26:14,411 [grpc-default-executor-2] INFO  client.GrpcClientProtocolClient (GrpcClientProtocolClient.java:onNext(264)) - client-8B023739F3BF->b50d6464-f54a-40d1-9f81-f1c19654fd05: receive RaftClientReply:client-8B023739F3BF->b50d6464-f54a-40d1-9f81-f1c19654fd05@group-1F53027F28E3, cid=1927, SUCCESS, logIndex=2720, commits[b50d6464-f54a-40d1-9f81-f1c19654fd05:c2721]
2019-09-12 09:26:14,411 [grpc-default-executor-2] INFO  client.GrpcClientProtocolClient (GrpcClientProtocolClient.java:onNext(264)) - client-8B023739F3BF->b50d6464-f54a-40d1-9f81-f1c19654fd05: receive RaftClientReply:client-8B023739F3BF->b50d6464-f54a-40d1-9f81-f1c19654fd05@group-1F53027F28E3, cid=1928, SUCCESS, logIndex=2721, commits[b50d6464-f54a-40d1-9f81-f1c19654fd05:c2722]
2019-09-12 09:26:14,440 [grpc-default-executor-1] INFO  client.GrpcClientProtocolClient (GrpcClientProtocolClient.java:onNext(264)) - client-8B023739F3BF->b50d6464-f54a-40d1-9f81-f1c19654fd05: receive RaftClientReply:client-8B023739F3BF->b50d6464-f54a-40d1-9f81-f1c19654fd05@group-1F53027F28E3, cid=1929, SUCCESS, logIndex=2723, commits[b50d6464-f54a-40d1-9f81-f1c19654fd05:c2726]
2019-09-12 09:26:14,441 [grpc-default-executor-1] INFO  client.GrpcClientProtocolClient (GrpcClientProtocolClient.java:onNext(264)) - client-8B023739F3BF->b50d6464-f54a-40d1-9f81-f1c19654fd05: receive RaftClientReply:client-8B023739F3BF->b50d6464-f54a-40d1-9f81-f1c19654fd05@group-1F53027F28E3, cid=1930, SUCCESS, logIndex=2724, commits[b50d6464-f54a-40d1-9f81-f1c19654fd05:c2727]
2019-09-12 09:26:14,441 [grpc-default-executor-1] INFO  client.GrpcClientProtocolClient (GrpcClientProtocolClient.java:onNext(264)) - client-8B023739F3BF->b50d6464-f54a-40d1-9f81-f1c19654fd05: receive RaftClientReply:client-8B023739F3BF->b50d6464-f54a-40d1-9f81-f1c19654fd05@group-1F53027F28E3, cid=1931, SUCCESS, logIndex=2725, commits[b50d6464-f54a-40d1-9f81-f1c19654fd05:c2727]
2019-09-12 09:26:14,442 [grpc-default-executor-1] INFO  client.GrpcClientProtocolClient (GrpcClientProtocolClient.java:onNext(264)) - client-8B023739F3BF->b50d6464-f54a-40d1-9f81-f1c19654fd05: receive RaftClientReply:client-8B023739F3BF->b50d6464-f54a-40d1-9f81-f1c19654fd05@group-1F53027F28E3, cid=1932, SUCCESS, logIndex=2726, commits[b50d6464-f54a-40d1-9f81-f1c19654fd05:c2728]
2019-09-12 09:26:14,464 [grpc-default-executor-1] INFO  client.GrpcClientProtocolClient (GrpcClientProtocolClient.java:onNext(264)) - client-8B023739F3BF->b50d6464-f54a-40d1-9f81-f1c19654fd05: receive RaftClientReply:client-8B023739F3BF->b50d6464-f54a-40d1-9f81-f1c19654fd05@group-1F53027F28E3, cid=1933, SUCCESS, logIndex=2729, commits[b50d6464-f54a-40d1-9f81-f1c19654fd05:c2730]
2019-09-12 09:26:14,464 [grpc-default-executor-1] INFO  client.GrpcClientProtocolClient (GrpcClientProtocolClient.java:onNext(264)) - client-8B023739F3BF->b50d6464-f54a-40d1-9f81-f1c19654fd05: receive RaftClientReply:client-8B023739F3BF->b50d6464-f54a-40d1-9f81-f1c19654fd05@group-1F53027F28E3, cid=1934, SUCCESS, logIndex=2730, commits[b50d6464-f54a-40d1-9f81-f1c19654fd05:c2732]
2019-09-12 09:26:14,464 [grpc-default-executor-1] INFO  client.GrpcClientProtocolClient (GrpcClientProtocolClient.java:onNext(264)) - client-8B023739F3BF->b50d6464-f54a-40d1-9f81-f1c19654fd05: receive RaftClientReply:client-8B023739F3BF->b50d6464-f54a-40d1-9f81-f1c19654fd05@group-1F53027F28E3, cid=1935, SUCCESS, logIndex=2731, commits[b50d6464-f54a-40d1-9f81-f1c19654fd05:c2733]
2019-09-12 09:26:14,465 [grpc-default-executor-1] INFO  client.GrpcClientProtocolClient (GrpcClientProtocolClient.java:onNext(264)) - client-8B023739F3BF->b50d6464-f54a-40d1-9f81-f1c19654fd05: receive RaftClientReply:client-8B023739F3BF->b50d6464-f54a-40d1-9f81-f1c19654fd05@group-1F53027F28E3, cid=1936, SUCCESS, logIndex=2732, commits[b50d6464-f54a-40d1-9f81-f1c19654fd05:c2733]
2019-09-12 09:26:14,487 [grpc-default-executor-1] INFO  client.GrpcClientProtocolClient (GrpcClientProtocolClient.java:onNext(264)) - client-8B023739F3BF->b50d6464-f54a-40d1-9f81-f1c19654fd05: receive RaftClientReply:client-8B023739F3BF->b50d6464-f54a-40d1-9f81-f1c19654fd05@group-1F53027F28E3, cid=1937, SUCCESS, logIndex=2735, commits[b50d6464-f54a-40d1-9f81-f1c19654fd05:c2738]
2019-09-12 09:26:14,487 [grpc-default-executor-1] INFO  client.GrpcClientProtocolClient (GrpcClientProtocolClient.java:onNext(264)) - client-8B023739F3BF->b50d6464-f54a-40d1-9f81-f1c19654fd05: receive RaftClientReply:client-8B023739F3BF->b50d6464-f54a-40d1-9f81-f1c19654fd05@group-1F53027F28E3, cid=1938, SUCCESS, logIndex=2736, commits[b50d6464-f54a-40d1-9f81-f1c19654fd05:c2739]
2019-09-12 09:26:14,487 [grpc-default-executor-1] INFO  client.GrpcClientProtocolClient (GrpcClientProtocolClient.java:onNext(264)) - client-8B023739F3BF->b50d6464-f54a-40d1-9f81-f1c19654fd05: receive RaftClientReply:client-8B023739F3BF->b50d6464-f54a-40d1-9f81-f1c19654fd05@group-1F53027F28E3, cid=1939, SUCCESS, logIndex=2737, commits[b50d6464-f54a-40d1-9f81-f1c19654fd05:c2739]
2019-09-12 09:26:14,488 [grpc-default-executor-1] INFO  client.GrpcClientProtocolClient (GrpcClientProtocolClient.java:onNext(264)) - client-8B023739F3BF->b50d6464-f54a-40d1-9f81-f1c19654fd05: receive RaftClientReply:client-8B023739F3BF->b50d6464-f54a-40d1-9f81-f1c19654fd05@group-1F53027F28E3, cid=1940, SUCCESS, logIndex=2738, commits[b50d6464-f54a-40d1-9f81-f1c19654fd05:c2739]
2019-09-12 09:26:14,498 [SCMBlockDeletingService#1] DEBUG block.SCMBlockDeletingService (SCMBlockDeletingService.java:call(138)) - Running DeletedBlockTransactionScanner
2019-09-12 09:26:14,498 [SCMBlockDeletingService#1] DEBUG block.SCMBlockDeletingService (SCMBlockDeletingService.java:call(155)) - Scanned deleted blocks log and got 0 delTX to process.
2019-09-12 09:26:14,526 [grpc-default-executor-1] INFO  client.GrpcClientProtocolClient (GrpcClientProtocolClient.java:onNext(264)) - client-8B023739F3BF->b50d6464-f54a-40d1-9f81-f1c19654fd05: receive RaftClientReply:client-8B023739F3BF->b50d6464-f54a-40d1-9f81-f1c19654fd05@group-1F53027F28E3, cid=1941, SUCCESS, logIndex=2740, commits[b50d6464-f54a-40d1-9f81-f1c19654fd05:c2741]
2019-09-12 09:26:14,527 [grpc-default-executor-1] INFO  client.GrpcClientProtocolClient (GrpcClientProtocolClient.java:onNext(264)) - client-8B023739F3BF->b50d6464-f54a-40d1-9f81-f1c19654fd05: receive RaftClientReply:client-8B023739F3BF->b50d6464-f54a-40d1-9f81-f1c19654fd05@group-1F53027F28E3, cid=1942, SUCCESS, logIndex=2741, commits[b50d6464-f54a-40d1-9f81-f1c19654fd05:c2743]
2019-09-12 09:26:14,527 [grpc-default-executor-1] INFO  client.GrpcClientProtocolClient (GrpcClientProtocolClient.java:onNext(264)) - client-8B023739F3BF->b50d6464-f54a-40d1-9f81-f1c19654fd05: receive RaftClientReply:client-8B023739F3BF->b50d6464-f54a-40d1-9f81-f1c19654fd05@group-1F53027F28E3, cid=1943, SUCCESS, logIndex=2742, commits[b50d6464-f54a-40d1-9f81-f1c19654fd05:c2743]
2019-09-12 09:26:14,527 [grpc-default-executor-1] INFO  client.GrpcClientProtocolClient (GrpcClientProtocolClient.java:onNext(264)) - client-8B023739F3BF->b50d6464-f54a-40d1-9f81-f1c19654fd05: receive RaftClientReply:client-8B023739F3BF->b50d6464-f54a-40d1-9f81-f1c19654fd05@group-1F53027F28E3, cid=1944, SUCCESS, logIndex=2743, commits[b50d6464-f54a-40d1-9f81-f1c19654fd05:c2744]
2019-09-12 09:26:14,599 [SCMBlockDeletingService#1] DEBUG block.SCMBlockDeletingService (SCMBlockDeletingService.java:call(138)) - Running DeletedBlockTransactionScanner
2019-09-12 09:26:14,599 [SCMBlockDeletingService#1] DEBUG block.SCMBlockDeletingService (SCMBlockDeletingService.java:call(155)) - Scanned deleted blocks log and got 0 delTX to process.
2019-09-12 09:26:14,667 [grpc-default-executor-2] INFO  client.GrpcClientProtocolClient (GrpcClientProtocolClient.java:onNext(264)) - client-8B023739F3BF->b50d6464-f54a-40d1-9f81-f1c19654fd05: receive RaftClientReply:client-8B023739F3BF->b50d6464-f54a-40d1-9f81-f1c19654fd05@group-1F53027F28E3, cid=1945, SUCCESS, logIndex=2746, commits[b50d6464-f54a-40d1-9f81-f1c19654fd05:c2749]
2019-09-12 09:26:14,668 [grpc-default-executor-2] INFO  client.GrpcClientProtocolClient (GrpcClientProtocolClient.java:onNext(264)) - client-8B023739F3BF->b50d6464-f54a-40d1-9f81-f1c19654fd05: receive RaftClientReply:client-8B023739F3BF->b50d6464-f54a-40d1-9f81-f1c19654fd05@group-1F53027F28E3, cid=1946, SUCCESS, logIndex=2747, commits[b50d6464-f54a-40d1-9f81-f1c19654fd05:c2750]
2019-09-12 09:26:14,668 [grpc-default-executor-2] INFO  client.GrpcClientProtocolClient (GrpcClientProtocolClient.java:onNext(264)) - client-8B023739F3BF->b50d6464-f54a-40d1-9f81-f1c19654fd05: receive RaftClientReply:client-8B023739F3BF->b50d6464-f54a-40d1-9f81-f1c19654fd05@group-1F53027F28E3, cid=1947, SUCCESS, logIndex=2748, commits[b50d6464-f54a-40d1-9f81-f1c19654fd05:c2750]
2019-09-12 09:26:14,669 [grpc-default-executor-2] INFO  client.GrpcClientProtocolClient (GrpcClientProtocolClient.java:onNext(264)) - client-8B023739F3BF->b50d6464-f54a-40d1-9f81-f1c19654fd05: receive RaftClientReply:client-8B023739F3BF->b50d6464-f54a-40d1-9f81-f1c19654fd05@group-1F53027F28E3, cid=1948, SUCCESS, logIndex=2749, commits[b50d6464-f54a-40d1-9f81-f1c19654fd05:c2750]
2019-09-12 09:26:14,687 [grpc-default-executor-2] INFO  client.GrpcClientProtocolClient (GrpcClientProtocolClient.java:onNext(264)) - client-8B023739F3BF->b50d6464-f54a-40d1-9f81-f1c19654fd05: receive RaftClientReply:client-8B023739F3BF->b50d6464-f54a-40d1-9f81-f1c19654fd05@group-1F53027F28E3, cid=1949, SUCCESS, logIndex=2751, commits[b50d6464-f54a-40d1-9f81-f1c19654fd05:c2752]
2019-09-12 09:26:14,688 [grpc-default-executor-2] INFO  client.GrpcClientProtocolClient (GrpcClientProtocolClient.java:onNext(264)) - client-8B023739F3BF->b50d6464-f54a-40d1-9f81-f1c19654fd05: receive RaftClientReply:client-8B023739F3BF->b50d6464-f54a-40d1-9f81-f1c19654fd05@group-1F53027F28E3, cid=1950, SUCCESS, logIndex=2752, commits[b50d6464-f54a-40d1-9f81-f1c19654fd05:c2754]
2019-09-12 09:26:14,688 [grpc-default-executor-2] INFO  client.GrpcClientProtocolClient (GrpcClientProtocolClient.java:onNext(264)) - client-8B023739F3BF->b50d6464-f54a-40d1-9f81-f1c19654fd05: receive RaftClientReply:client-8B023739F3BF->b50d6464-f54a-40d1-9f81-f1c19654fd05@group-1F53027F28E3, cid=1951, SUCCESS, logIndex=2753, commits[b50d6464-f54a-40d1-9f81-f1c19654fd05:c2755]
2019-09-12 09:26:14,688 [grpc-default-executor-2] INFO  client.GrpcClientProtocolClient (GrpcClientProtocolClient.java:onNext(264)) - client-8B023739F3BF->b50d6464-f54a-40d1-9f81-f1c19654fd05: receive RaftClientReply:client-8B023739F3BF->b50d6464-f54a-40d1-9f81-f1c19654fd05@group-1F53027F28E3, cid=1952, SUCCESS, logIndex=2754, commits[b50d6464-f54a-40d1-9f81-f1c19654fd05:c2755]
2019-09-12 09:26:14,699 [SCMBlockDeletingService#1] DEBUG block.SCMBlockDeletingService (SCMBlockDeletingService.java:call(138)) - Running DeletedBlockTransactionScanner
2019-09-12 09:26:14,699 [SCMBlockDeletingService#1] DEBUG block.SCMBlockDeletingService (SCMBlockDeletingService.java:call(155)) - Scanned deleted blocks log and got 0 delTX to process.
2019-09-12 09:26:14,800 [SCMBlockDeletingService#1] DEBUG block.SCMBlockDeletingService (SCMBlockDeletingService.java:call(138)) - Running DeletedBlockTransactionScanner
2019-09-12 09:26:14,800 [SCMBlockDeletingService#1] DEBUG block.SCMBlockDeletingService (SCMBlockDeletingService.java:call(155)) - Scanned deleted blocks log and got 0 delTX to process.
2019-09-12 09:26:14,900 [SCMBlockDeletingService#1] DEBUG block.SCMBlockDeletingService (SCMBlockDeletingService.java:call(138)) - Running DeletedBlockTransactionScanner
2019-09-12 09:26:14,901 [SCMBlockDeletingService#1] DEBUG block.SCMBlockDeletingService (SCMBlockDeletingService.java:call(155)) - Scanned deleted blocks log and got 0 delTX to process.
2019-09-12 09:26:14,978 [grpc-default-executor-2] INFO  client.GrpcClientProtocolClient (GrpcClientProtocolClient.java:onNext(264)) - client-8B023739F3BF->b50d6464-f54a-40d1-9f81-f1c19654fd05: receive RaftClientReply:client-8B023739F3BF->b50d6464-f54a-40d1-9f81-f1c19654fd05@group-1F53027F28E3, cid=1953, SUCCESS, logIndex=2757, commits[b50d6464-f54a-40d1-9f81-f1c19654fd05:c2758]
2019-09-12 09:26:14,979 [grpc-default-executor-2] INFO  client.GrpcClientProtocolClient (GrpcClientProtocolClient.java:onNext(264)) - client-8B023739F3BF->b50d6464-f54a-40d1-9f81-f1c19654fd05: receive RaftClientReply:client-8B023739F3BF->b50d6464-f54a-40d1-9f81-f1c19654fd05@group-1F53027F28E3, cid=1954, SUCCESS, logIndex=2758, commits[b50d6464-f54a-40d1-9f81-f1c19654fd05:c2760]
2019-09-12 09:26:14,979 [grpc-default-executor-2] INFO  client.GrpcClientProtocolClient (GrpcClientProtocolClient.java:onNext(264)) - client-8B023739F3BF->b50d6464-f54a-40d1-9f81-f1c19654fd05: receive RaftClientReply:client-8B023739F3BF->b50d6464-f54a-40d1-9f81-f1c19654fd05@group-1F53027F28E3, cid=1955, SUCCESS, logIndex=2759, commits[b50d6464-f54a-40d1-9f81-f1c19654fd05:c2761]
2019-09-12 09:26:14,979 [grpc-default-executor-2] INFO  client.GrpcClientProtocolClient (GrpcClientProtocolClient.java:onNext(264)) - client-8B023739F3BF->b50d6464-f54a-40d1-9f81-f1c19654fd05: receive RaftClientReply:client-8B023739F3BF->b50d6464-f54a-40d1-9f81-f1c19654fd05@group-1F53027F28E3, cid=1956, SUCCESS, logIndex=2760, commits[b50d6464-f54a-40d1-9f81-f1c19654fd05:c2762]
2019-09-12 09:26:15,001 [SCMBlockDeletingService#1] DEBUG block.SCMBlockDeletingService (SCMBlockDeletingService.java:call(138)) - Running DeletedBlockTransactionScanner
2019-09-12 09:26:15,001 [SCMBlockDeletingService#1] DEBUG block.SCMBlockDeletingService (SCMBlockDeletingService.java:call(155)) - Scanned deleted blocks log and got 0 delTX to process.
2019-09-12 09:26:15,003 [grpc-default-executor-2] INFO  client.GrpcClientProtocolClient (GrpcClientProtocolClient.java:onNext(264)) - client-8B023739F3BF->b50d6464-f54a-40d1-9f81-f1c19654fd05: receive RaftClientReply:client-8B023739F3BF->b50d6464-f54a-40d1-9f81-f1c19654fd05@group-1F53027F28E3, cid=1957, SUCCESS, logIndex=2763, commits[b50d6464-f54a-40d1-9f81-f1c19654fd05:c2764]
2019-09-12 09:26:15,004 [grpc-default-executor-2] INFO  client.GrpcClientProtocolClient (GrpcClientProtocolClient.java:onNext(264)) - client-8B023739F3BF->b50d6464-f54a-40d1-9f81-f1c19654fd05: receive RaftClientReply:client-8B023739F3BF->b50d6464-f54a-40d1-9f81-f1c19654fd05@group-1F53027F28E3, cid=1958, SUCCESS, logIndex=2764, commits[b50d6464-f54a-40d1-9f81-f1c19654fd05:c2766]
2019-09-12 09:26:15,004 [grpc-default-executor-2] INFO  client.GrpcClientProtocolClient (GrpcClientProtocolClient.java:onNext(264)) - client-8B023739F3BF->b50d6464-f54a-40d1-9f81-f1c19654fd05: receive RaftClientReply:client-8B023739F3BF->b50d6464-f54a-40d1-9f81-f1c19654fd05@group-1F53027F28E3, cid=1959, SUCCESS, logIndex=2765, commits[b50d6464-f54a-40d1-9f81-f1c19654fd05:c2767]
2019-09-12 09:26:15,004 [grpc-default-executor-2] INFO  client.GrpcClientProtocolClient (GrpcClientProtocolClient.java:onNext(264)) - client-8B023739F3BF->b50d6464-f54a-40d1-9f81-f1c19654fd05: receive RaftClientReply:client-8B023739F3BF->b50d6464-f54a-40d1-9f81-f1c19654fd05@group-1F53027F28E3, cid=1960, SUCCESS, logIndex=2766, commits[b50d6464-f54a-40d1-9f81-f1c19654fd05:c2767]
2019-09-12 09:26:15,036 [grpc-default-executor-2] INFO  client.GrpcClientProtocolClient (GrpcClientProtocolClient.java:onNext(264)) - client-8B023739F3BF->b50d6464-f54a-40d1-9f81-f1c19654fd05: receive RaftClientReply:client-8B023739F3BF->b50d6464-f54a-40d1-9f81-f1c19654fd05@group-1F53027F28E3, cid=1961, SUCCESS, logIndex=2769, commits[b50d6464-f54a-40d1-9f81-f1c19654fd05:c2770]
2019-09-12 09:26:15,037 [grpc-default-executor-2] INFO  client.GrpcClientProtocolClient (GrpcClientProtocolClient.java:onNext(264)) - client-8B023739F3BF->b50d6464-f54a-40d1-9f81-f1c19654fd05: receive RaftClientReply:client-8B023739F3BF->b50d6464-f54a-40d1-9f81-f1c19654fd05@group-1F53027F28E3, cid=1962, SUCCESS, logIndex=2770, commits[b50d6464-f54a-40d1-9f81-f1c19654fd05:c2772]
2019-09-12 09:26:15,037 [grpc-default-executor-2] INFO  client.GrpcClientProtocolClient (GrpcClientProtocolClient.java:onNext(264)) - client-8B023739F3BF->b50d6464-f54a-40d1-9f81-f1c19654fd05: receive RaftClientReply:client-8B023739F3BF->b50d6464-f54a-40d1-9f81-f1c19654fd05@group-1F53027F28E3, cid=1963, SUCCESS, logIndex=2771, commits[b50d6464-f54a-40d1-9f81-f1c19654fd05:c2773]
2019-09-12 09:26:15,037 [grpc-default-executor-2] INFO  client.GrpcClientProtocolClient (GrpcClientProtocolClient.java:onNext(264)) - client-8B023739F3BF->b50d6464-f54a-40d1-9f81-f1c19654fd05: receive RaftClientReply:client-8B023739F3BF->b50d6464-f54a-40d1-9f81-f1c19654fd05@group-1F53027F28E3, cid=1964, SUCCESS, logIndex=2772, commits[b50d6464-f54a-40d1-9f81-f1c19654fd05:c2774]
2019-09-12 09:26:15,055 [grpc-default-executor-1] INFO  client.GrpcClientProtocolClient (GrpcClientProtocolClient.java:onNext(264)) - client-8B023739F3BF->b50d6464-f54a-40d1-9f81-f1c19654fd05: receive RaftClientReply:client-8B023739F3BF->b50d6464-f54a-40d1-9f81-f1c19654fd05@group-1F53027F28E3, cid=1965, SUCCESS, logIndex=2775, commits[b50d6464-f54a-40d1-9f81-f1c19654fd05:c2776]
2019-09-12 09:26:15,055 [grpc-default-executor-1] INFO  client.GrpcClientProtocolClient (GrpcClientProtocolClient.java:onNext(264)) - client-8B023739F3BF->b50d6464-f54a-40d1-9f81-f1c19654fd05: receive RaftClientReply:client-8B023739F3BF->b50d6464-f54a-40d1-9f81-f1c19654fd05@group-1F53027F28E3, cid=1966, SUCCESS, logIndex=2776, commits[b50d6464-f54a-40d1-9f81-f1c19654fd05:c2778]
2019-09-12 09:26:15,055 [grpc-default-executor-1] INFO  client.GrpcClientProtocolClient (GrpcClientProtocolClient.java:onNext(264)) - client-8B023739F3BF->b50d6464-f54a-40d1-9f81-f1c19654fd05: receive RaftClientReply:client-8B023739F3BF->b50d6464-f54a-40d1-9f81-f1c19654fd05@group-1F53027F28E3, cid=1967, SUCCESS, logIndex=2777, commits[b50d6464-f54a-40d1-9f81-f1c19654fd05:c2779]
2019-09-12 09:26:15,056 [grpc-default-executor-1] INFO  client.GrpcClientProtocolClient (GrpcClientProtocolClient.java:onNext(264)) - client-8B023739F3BF->b50d6464-f54a-40d1-9f81-f1c19654fd05: receive RaftClientReply:client-8B023739F3BF->b50d6464-f54a-40d1-9f81-f1c19654fd05@group-1F53027F28E3, cid=1968, SUCCESS, logIndex=2778, commits[b50d6464-f54a-40d1-9f81-f1c19654fd05:c2779]
2019-09-12 09:26:15,087 [grpc-default-executor-1] INFO  client.GrpcClientProtocolClient (GrpcClientProtocolClient.java:onNext(264)) - client-8B023739F3BF->b50d6464-f54a-40d1-9f81-f1c19654fd05: receive RaftClientReply:client-8B023739F3BF->b50d6464-f54a-40d1-9f81-f1c19654fd05@group-1F53027F28E3, cid=1969, SUCCESS, logIndex=2781, commits[b50d6464-f54a-40d1-9f81-f1c19654fd05:c2782]
2019-09-12 09:26:15,088 [grpc-default-executor-1] INFO  client.GrpcClientProtocolClient (GrpcClientProtocolClient.java:onNext(264)) - client-8B023739F3BF->b50d6464-f54a-40d1-9f81-f1c19654fd05: receive RaftClientReply:client-8B023739F3BF->b50d6464-f54a-40d1-9f81-f1c19654fd05@group-1F53027F28E3, cid=1970, SUCCESS, logIndex=2782, commits[b50d6464-f54a-40d1-9f81-f1c19654fd05:c2784]
2019-09-12 09:26:15,089 [grpc-default-executor-1] INFO  client.GrpcClientProtocolClient (GrpcClientProtocolClient.java:onNext(264)) - client-8B023739F3BF->b50d6464-f54a-40d1-9f81-f1c19654fd05: receive RaftClientReply:client-8B023739F3BF->b50d6464-f54a-40d1-9f81-f1c19654fd05@group-1F53027F28E3, cid=1971, SUCCESS, logIndex=2783, commits[b50d6464-f54a-40d1-9f81-f1c19654fd05:c2785]
2019-09-12 09:26:15,089 [grpc-default-executor-1] INFO  client.GrpcClientProtocolClient (GrpcClientProtocolClient.java:onNext(264)) - client-8B023739F3BF->b50d6464-f54a-40d1-9f81-f1c19654fd05: receive RaftClientReply:client-8B023739F3BF->b50d6464-f54a-40d1-9f81-f1c19654fd05@group-1F53027F28E3, cid=1972, SUCCESS, logIndex=2784, commits[b50d6464-f54a-40d1-9f81-f1c19654fd05:c2786]
2019-09-12 09:26:15,102 [SCMBlockDeletingService#1] DEBUG block.SCMBlockDeletingService (SCMBlockDeletingService.java:call(138)) - Running DeletedBlockTransactionScanner
2019-09-12 09:26:15,102 [SCMBlockDeletingService#1] DEBUG block.SCMBlockDeletingService (SCMBlockDeletingService.java:call(155)) - Scanned deleted blocks log and got 0 delTX to process.
2019-09-12 09:26:15,112 [grpc-default-executor-2] INFO  client.GrpcClientProtocolClient (GrpcClientProtocolClient.java:onNext(264)) - client-8B023739F3BF->b50d6464-f54a-40d1-9f81-f1c19654fd05: receive RaftClientReply:client-8B023739F3BF->b50d6464-f54a-40d1-9f81-f1c19654fd05@group-1F53027F28E3, cid=1973, SUCCESS, logIndex=2787, commits[b50d6464-f54a-40d1-9f81-f1c19654fd05:c2788]
2019-09-12 09:26:15,112 [grpc-default-executor-2] INFO  client.GrpcClientProtocolClient (GrpcClientProtocolClient.java:onNext(264)) - client-8B023739F3BF->b50d6464-f54a-40d1-9f81-f1c19654fd05: receive RaftClientReply:client-8B023739F3BF->b50d6464-f54a-40d1-9f81-f1c19654fd05@group-1F53027F28E3, cid=1974, SUCCESS, logIndex=2788, commits[b50d6464-f54a-40d1-9f81-f1c19654fd05:c2790]
2019-09-12 09:26:15,113 [grpc-default-executor-2] INFO  client.GrpcClientProtocolClient (GrpcClientProtocolClient.java:onNext(264)) - client-8B023739F3BF->b50d6464-f54a-40d1-9f81-f1c19654fd05: receive RaftClientReply:client-8B023739F3BF->b50d6464-f54a-40d1-9f81-f1c19654fd05@group-1F53027F28E3, cid=1975, SUCCESS, logIndex=2789, commits[b50d6464-f54a-40d1-9f81-f1c19654fd05:c2791]
2019-09-12 09:26:15,113 [grpc-default-executor-2] INFO  client.GrpcClientProtocolClient (GrpcClientProtocolClient.java:onNext(264)) - client-8B023739F3BF->b50d6464-f54a-40d1-9f81-f1c19654fd05: receive RaftClientReply:client-8B023739F3BF->b50d6464-f54a-40d1-9f81-f1c19654fd05@group-1F53027F28E3, cid=1976, SUCCESS, logIndex=2790, commits[b50d6464-f54a-40d1-9f81-f1c19654fd05:c2792]
2019-09-12 09:26:15,149 [grpc-default-executor-1] INFO  client.GrpcClientProtocolClient (GrpcClientProtocolClient.java:onNext(264)) - client-8B023739F3BF->b50d6464-f54a-40d1-9f81-f1c19654fd05: receive RaftClientReply:client-8B023739F3BF->b50d6464-f54a-40d1-9f81-f1c19654fd05@group-1F53027F28E3, cid=1977, SUCCESS, logIndex=2793, commits[b50d6464-f54a-40d1-9f81-f1c19654fd05:c2794]
2019-09-12 09:26:15,150 [grpc-default-executor-1] INFO  client.GrpcClientProtocolClient (GrpcClientProtocolClient.java:onNext(264)) - client-8B023739F3BF->b50d6464-f54a-40d1-9f81-f1c19654fd05: receive RaftClientReply:client-8B023739F3BF->b50d6464-f54a-40d1-9f81-f1c19654fd05@group-1F53027F28E3, cid=1978, SUCCESS, logIndex=2794, commits[b50d6464-f54a-40d1-9f81-f1c19654fd05:c2796]
2019-09-12 09:26:15,151 [grpc-default-executor-1] INFO  client.GrpcClientProtocolClient (GrpcClientProtocolClient.java:onNext(264)) - client-8B023739F3BF->b50d6464-f54a-40d1-9f81-f1c19654fd05: receive RaftClientReply:client-8B023739F3BF->b50d6464-f54a-40d1-9f81-f1c19654fd05@group-1F53027F28E3, cid=1979, SUCCESS, logIndex=2795, commits[b50d6464-f54a-40d1-9f81-f1c19654fd05:c2797]
2019-09-12 09:26:15,151 [grpc-default-executor-1] INFO  client.GrpcClientProtocolClient (GrpcClientProtocolClient.java:onNext(264)) - client-8B023739F3BF->b50d6464-f54a-40d1-9f81-f1c19654fd05: receive RaftClientReply:client-8B023739F3BF->b50d6464-f54a-40d1-9f81-f1c19654fd05@group-1F53027F28E3, cid=1980, SUCCESS, logIndex=2796, commits[b50d6464-f54a-40d1-9f81-f1c19654fd05:c2798]
2019-09-12 09:26:15,172 [grpc-default-executor-1] INFO  client.GrpcClientProtocolClient (GrpcClientProtocolClient.java:onNext(264)) - client-8B023739F3BF->b50d6464-f54a-40d1-9f81-f1c19654fd05: receive RaftClientReply:client-8B023739F3BF->b50d6464-f54a-40d1-9f81-f1c19654fd05@group-1F53027F28E3, cid=1981, SUCCESS, logIndex=2799, commits[b50d6464-f54a-40d1-9f81-f1c19654fd05:c2800]
2019-09-12 09:26:15,173 [grpc-default-executor-1] INFO  client.GrpcClientProtocolClient (GrpcClientProtocolClient.java:onNext(264)) - client-8B023739F3BF->b50d6464-f54a-40d1-9f81-f1c19654fd05: receive RaftClientReply:client-8B023739F3BF->b50d6464-f54a-40d1-9f81-f1c19654fd05@group-1F53027F28E3, cid=1982, SUCCESS, logIndex=2800, commits[b50d6464-f54a-40d1-9f81-f1c19654fd05:c2802]
2019-09-12 09:26:15,173 [grpc-default-executor-1] INFO  client.GrpcClientProtocolClient (GrpcClientProtocolClient.java:onNext(264)) - client-8B023739F3BF->b50d6464-f54a-40d1-9f81-f1c19654fd05: receive RaftClientReply:client-8B023739F3BF->b50d6464-f54a-40d1-9f81-f1c19654fd05@group-1F53027F28E3, cid=1983, SUCCESS, logIndex=2801, commits[b50d6464-f54a-40d1-9f81-f1c19654fd05:c2803]
2019-09-12 09:26:15,173 [grpc-default-executor-1] INFO  client.GrpcClientProtocolClient (GrpcClientProtocolClient.java:onNext(264)) - client-8B023739F3BF->b50d6464-f54a-40d1-9f81-f1c19654fd05: receive RaftClientReply:client-8B023739F3BF->b50d6464-f54a-40d1-9f81-f1c19654fd05@group-1F53027F28E3, cid=1984, SUCCESS, logIndex=2802, commits[b50d6464-f54a-40d1-9f81-f1c19654fd05:c2803]
2019-09-12 09:26:15,199 [grpc-default-executor-1] INFO  client.GrpcClientProtocolClient (GrpcClientProtocolClient.java:onNext(264)) - client-8B023739F3BF->b50d6464-f54a-40d1-9f81-f1c19654fd05: receive RaftClientReply:client-8B023739F3BF->b50d6464-f54a-40d1-9f81-f1c19654fd05@group-1F53027F28E3, cid=1985, SUCCESS, logIndex=2805, commits[b50d6464-f54a-40d1-9f81-f1c19654fd05:c2806]
2019-09-12 09:26:15,199 [grpc-default-executor-1] INFO  client.GrpcClientProtocolClient (GrpcClientProtocolClient.java:onNext(264)) - client-8B023739F3BF->b50d6464-f54a-40d1-9f81-f1c19654fd05: receive RaftClientReply:client-8B023739F3BF->b50d6464-f54a-40d1-9f81-f1c19654fd05@group-1F53027F28E3, cid=1986, SUCCESS, logIndex=2806, commits[b50d6464-f54a-40d1-9f81-f1c19654fd05:c2808]
2019-09-12 09:26:15,200 [grpc-default-executor-1] INFO  client.GrpcClientProtocolClient (GrpcClientProtocolClient.java:onNext(264)) - client-8B023739F3BF->b50d6464-f54a-40d1-9f81-f1c19654fd05: receive RaftClientReply:client-8B023739F3BF->b50d6464-f54a-40d1-9f81-f1c19654fd05@group-1F53027F28E3, cid=1987, SUCCESS, logIndex=2807, commits[b50d6464-f54a-40d1-9f81-f1c19654fd05:c2809]
2019-09-12 09:26:15,200 [grpc-default-executor-1] INFO  client.GrpcClientProtocolClient (GrpcClientProtocolClient.java:onNext(264)) - client-8B023739F3BF->b50d6464-f54a-40d1-9f81-f1c19654fd05: receive RaftClientReply:client-8B023739F3BF->b50d6464-f54a-40d1-9f81-f1c19654fd05@group-1F53027F28E3, cid=1988, SUCCESS, logIndex=2808, commits[b50d6464-f54a-40d1-9f81-f1c19654fd05:c2810]
2019-09-12 09:26:15,202 [SCMBlockDeletingService#1] DEBUG block.SCMBlockDeletingService (SCMBlockDeletingService.java:call(138)) - Running DeletedBlockTransactionScanner
2019-09-12 09:26:15,203 [SCMBlockDeletingService#1] DEBUG block.SCMBlockDeletingService (SCMBlockDeletingService.java:call(155)) - Scanned deleted blocks log and got 0 delTX to process.
2019-09-12 09:26:15,303 [SCMBlockDeletingService#1] DEBUG block.SCMBlockDeletingService (SCMBlockDeletingService.java:call(138)) - Running DeletedBlockTransactionScanner
2019-09-12 09:26:15,304 [SCMBlockDeletingService#1] DEBUG block.SCMBlockDeletingService (SCMBlockDeletingService.java:call(155)) - Scanned deleted blocks log and got 0 delTX to process.
2019-09-12 09:26:15,305 [grpc-default-executor-1] INFO  client.GrpcClientProtocolClient (GrpcClientProtocolClient.java:onNext(264)) - client-8B023739F3BF->b50d6464-f54a-40d1-9f81-f1c19654fd05: receive RaftClientReply:client-8B023739F3BF->b50d6464-f54a-40d1-9f81-f1c19654fd05@group-1F53027F28E3, cid=1989, SUCCESS, logIndex=2811, commits[b50d6464-f54a-40d1-9f81-f1c19654fd05:c2814]
2019-09-12 09:26:15,306 [grpc-default-executor-1] INFO  client.GrpcClientProtocolClient (GrpcClientProtocolClient.java:onNext(264)) - client-8B023739F3BF->b50d6464-f54a-40d1-9f81-f1c19654fd05: receive RaftClientReply:client-8B023739F3BF->b50d6464-f54a-40d1-9f81-f1c19654fd05@group-1F53027F28E3, cid=1990, SUCCESS, logIndex=2812, commits[b50d6464-f54a-40d1-9f81-f1c19654fd05:c2815]
2019-09-12 09:26:15,306 [grpc-default-executor-1] INFO  client.GrpcClientProtocolClient (GrpcClientProtocolClient.java:onNext(264)) - client-8B023739F3BF->b50d6464-f54a-40d1-9f81-f1c19654fd05: receive RaftClientReply:client-8B023739F3BF->b50d6464-f54a-40d1-9f81-f1c19654fd05@group-1F53027F28E3, cid=1991, SUCCESS, logIndex=2813, commits[b50d6464-f54a-40d1-9f81-f1c19654fd05:c2815]
2019-09-12 09:26:15,307 [grpc-default-executor-1] INFO  client.GrpcClientProtocolClient (GrpcClientProtocolClient.java:onNext(264)) - client-8B023739F3BF->b50d6464-f54a-40d1-9f81-f1c19654fd05: receive RaftClientReply:client-8B023739F3BF->b50d6464-f54a-40d1-9f81-f1c19654fd05@group-1F53027F28E3, cid=1992, SUCCESS, logIndex=2814, commits[b50d6464-f54a-40d1-9f81-f1c19654fd05:c2815]
2019-09-12 09:26:15,334 [grpc-default-executor-1] INFO  client.GrpcClientProtocolClient (GrpcClientProtocolClient.java:onNext(264)) - client-8B023739F3BF->b50d6464-f54a-40d1-9f81-f1c19654fd05: receive RaftClientReply:client-8B023739F3BF->b50d6464-f54a-40d1-9f81-f1c19654fd05@group-1F53027F28E3, cid=1993, SUCCESS, logIndex=2816, commits[b50d6464-f54a-40d1-9f81-f1c19654fd05:c2819]
2019-09-12 09:26:15,334 [grpc-default-executor-1] INFO  client.GrpcClientProtocolClient (GrpcClientProtocolClient.java:onNext(264)) - client-8B023739F3BF->b50d6464-f54a-40d1-9f81-f1c19654fd05: receive RaftClientReply:client-8B023739F3BF->b50d6464-f54a-40d1-9f81-f1c19654fd05@group-1F53027F28E3, cid=1994, SUCCESS, logIndex=2817, commits[b50d6464-f54a-40d1-9f81-f1c19654fd05:c2819]
2019-09-12 09:26:15,335 [grpc-default-executor-1] INFO  client.GrpcClientProtocolClient (GrpcClientProtocolClient.java:onNext(264)) - client-8B023739F3BF->b50d6464-f54a-40d1-9f81-f1c19654fd05: receive RaftClientReply:client-8B023739F3BF->b50d6464-f54a-40d1-9f81-f1c19654fd05@group-1F53027F28E3, cid=1995, SUCCESS, logIndex=2818, commits[b50d6464-f54a-40d1-9f81-f1c19654fd05:c2820]
2019-09-12 09:26:15,335 [grpc-default-executor-1] INFO  client.GrpcClientProtocolClient (GrpcClientProtocolClient.java:onNext(264)) - client-8B023739F3BF->b50d6464-f54a-40d1-9f81-f1c19654fd05: receive RaftClientReply:client-8B023739F3BF->b50d6464-f54a-40d1-9f81-f1c19654fd05@group-1F53027F28E3, cid=1996, SUCCESS, logIndex=2819, commits[b50d6464-f54a-40d1-9f81-f1c19654fd05:c2821]
2019-09-12 09:26:15,355 [grpc-default-executor-2] INFO  client.GrpcClientProtocolClient (GrpcClientProtocolClient.java:onNext(264)) - client-8B023739F3BF->b50d6464-f54a-40d1-9f81-f1c19654fd05: receive RaftClientReply:client-8B023739F3BF->b50d6464-f54a-40d1-9f81-f1c19654fd05@group-1F53027F28E3, cid=1997, SUCCESS, logIndex=2822, commits[b50d6464-f54a-40d1-9f81-f1c19654fd05:c2823]
2019-09-12 09:26:15,355 [grpc-default-executor-2] INFO  client.GrpcClientProtocolClient (GrpcClientProtocolClient.java:onNext(264)) - client-8B023739F3BF->b50d6464-f54a-40d1-9f81-f1c19654fd05: receive RaftClientReply:client-8B023739F3BF->b50d6464-f54a-40d1-9f81-f1c19654fd05@group-1F53027F28E3, cid=1998, SUCCESS, logIndex=2823, commits[b50d6464-f54a-40d1-9f81-f1c19654fd05:c2823]
2019-09-12 09:26:15,356 [grpc-default-executor-2] INFO  client.GrpcClientProtocolClient (GrpcClientProtocolClient.java:onNext(264)) - client-8B023739F3BF->b50d6464-f54a-40d1-9f81-f1c19654fd05: receive RaftClientReply:client-8B023739F3BF->b50d6464-f54a-40d1-9f81-f1c19654fd05@group-1F53027F28E3, cid=1999, SUCCESS, logIndex=2824, commits[b50d6464-f54a-40d1-9f81-f1c19654fd05:c2825]
2019-09-12 09:26:15,357 [grpc-default-executor-2] INFO  client.GrpcClientProtocolClient (GrpcClientProtocolClient.java:onNext(264)) - client-8B023739F3BF->b50d6464-f54a-40d1-9f81-f1c19654fd05: receive RaftClientReply:client-8B023739F3BF->b50d6464-f54a-40d1-9f81-f1c19654fd05@group-1F53027F28E3, cid=2000, SUCCESS, logIndex=2825, commits[b50d6464-f54a-40d1-9f81-f1c19654fd05:c2825]
2019-09-12 09:26:15,384 [grpc-default-executor-2] INFO  client.GrpcClientProtocolClient (GrpcClientProtocolClient.java:onNext(264)) - client-8B023739F3BF->b50d6464-f54a-40d1-9f81-f1c19654fd05: receive RaftClientReply:client-8B023739F3BF->b50d6464-f54a-40d1-9f81-f1c19654fd05@group-1F53027F28E3, cid=2001, SUCCESS, logIndex=2828, commits[b50d6464-f54a-40d1-9f81-f1c19654fd05:c2831]
2019-09-12 09:26:15,384 [grpc-default-executor-2] INFO  client.GrpcClientProtocolClient (GrpcClientProtocolClient.java:onNext(264)) - client-8B023739F3BF->b50d6464-f54a-40d1-9f81-f1c19654fd05: receive RaftClientReply:client-8B023739F3BF->b50d6464-f54a-40d1-9f81-f1c19654fd05@group-1F53027F28E3, cid=2002, SUCCESS, logIndex=2829, commits[b50d6464-f54a-40d1-9f81-f1c19654fd05:c2831]
2019-09-12 09:26:15,385 [grpc-default-executor-2] INFO  client.GrpcClientProtocolClient (GrpcClientProtocolClient.java:onNext(264)) - client-8B023739F3BF->b50d6464-f54a-40d1-9f81-f1c19654fd05: receive RaftClientReply:client-8B023739F3BF->b50d6464-f54a-40d1-9f81-f1c19654fd05@group-1F53027F28E3, cid=2003, SUCCESS, logIndex=2830, commits[b50d6464-f54a-40d1-9f81-f1c19654fd05:c2832]
2019-09-12 09:26:15,385 [grpc-default-executor-2] INFO  client.GrpcClientProtocolClient (GrpcClientProtocolClient.java:onNext(264)) - client-8B023739F3BF->b50d6464-f54a-40d1-9f81-f1c19654fd05: receive RaftClientReply:client-8B023739F3BF->b50d6464-f54a-40d1-9f81-f1c19654fd05@group-1F53027F28E3, cid=2004, SUCCESS, logIndex=2831, commits[b50d6464-f54a-40d1-9f81-f1c19654fd05:c2833]
2019-09-12 09:26:15,404 [SCMBlockDeletingService#1] DEBUG block.SCMBlockDeletingService (SCMBlockDeletingService.java:call(138)) - Running DeletedBlockTransactionScanner
2019-09-12 09:26:15,404 [SCMBlockDeletingService#1] DEBUG block.SCMBlockDeletingService (SCMBlockDeletingService.java:call(155)) - Scanned deleted blocks log and got 0 delTX to process.
2019-09-12 09:26:15,404 [grpc-default-executor-1] INFO  client.GrpcClientProtocolClient (GrpcClientProtocolClient.java:onNext(264)) - client-8B023739F3BF->b50d6464-f54a-40d1-9f81-f1c19654fd05: receive RaftClientReply:client-8B023739F3BF->b50d6464-f54a-40d1-9f81-f1c19654fd05@group-1F53027F28E3, cid=2005, SUCCESS, logIndex=2834, commits[b50d6464-f54a-40d1-9f81-f1c19654fd05:c2835]
2019-09-12 09:26:15,405 [grpc-default-executor-1] INFO  client.GrpcClientProtocolClient (GrpcClientProtocolClient.java:onNext(264)) - client-8B023739F3BF->b50d6464-f54a-40d1-9f81-f1c19654fd05: receive RaftClientReply:client-8B023739F3BF->b50d6464-f54a-40d1-9f81-f1c19654fd05@group-1F53027F28E3, cid=2006, SUCCESS, logIndex=2835, commits[b50d6464-f54a-40d1-9f81-f1c19654fd05:c2837]
2019-09-12 09:26:15,405 [grpc-default-executor-1] INFO  client.GrpcClientProtocolClient (GrpcClientProtocolClient.java:onNext(264)) - client-8B023739F3BF->b50d6464-f54a-40d1-9f81-f1c19654fd05: receive RaftClientReply:client-8B023739F3BF->b50d6464-f54a-40d1-9f81-f1c19654fd05@group-1F53027F28E3, cid=2007, SUCCESS, logIndex=2836, commits[b50d6464-f54a-40d1-9f81-f1c19654fd05:c2837]
2019-09-12 09:26:15,405 [grpc-default-executor-1] INFO  client.GrpcClientProtocolClient (GrpcClientProtocolClient.java:onNext(264)) - client-8B023739F3BF->b50d6464-f54a-40d1-9f81-f1c19654fd05: receive RaftClientReply:client-8B023739F3BF->b50d6464-f54a-40d1-9f81-f1c19654fd05@group-1F53027F28E3, cid=2008, SUCCESS, logIndex=2837, commits[b50d6464-f54a-40d1-9f81-f1c19654fd05:c2838]
2019-09-12 09:26:15,433 [grpc-default-executor-1] INFO  client.GrpcClientProtocolClient (GrpcClientProtocolClient.java:onNext(264)) - client-8B023739F3BF->b50d6464-f54a-40d1-9f81-f1c19654fd05: receive RaftClientReply:client-8B023739F3BF->b50d6464-f54a-40d1-9f81-f1c19654fd05@group-1F53027F28E3, cid=2009, SUCCESS, logIndex=2840, commits[b50d6464-f54a-40d1-9f81-f1c19654fd05:c2843]
2019-09-12 09:26:15,434 [grpc-default-executor-1] INFO  client.GrpcClientProtocolClient (GrpcClientProtocolClient.java:onNext(264)) - client-8B023739F3BF->b50d6464-f54a-40d1-9f81-f1c19654fd05: receive RaftClientReply:client-8B023739F3BF->b50d6464-f54a-40d1-9f81-f1c19654fd05@group-1F53027F28E3, cid=2010, SUCCESS, logIndex=2841, commits[b50d6464-f54a-40d1-9f81-f1c19654fd05:c2843]
2019-09-12 09:26:15,434 [grpc-default-executor-1] INFO  client.GrpcClientProtocolClient (GrpcClientProtocolClient.java:onNext(264)) - client-8B023739F3BF->b50d6464-f54a-40d1-9f81-f1c19654fd05: receive RaftClientReply:client-8B023739F3BF->b50d6464-f54a-40d1-9f81-f1c19654fd05@group-1F53027F28E3, cid=2011, SUCCESS, logIndex=2842, commits[b50d6464-f54a-40d1-9f81-f1c19654fd05:c2844]
2019-09-12 09:26:15,434 [grpc-default-executor-1] INFO  client.GrpcClientProtocolClient (GrpcClientProtocolClient.java:onNext(264)) - client-8B023739F3BF->b50d6464-f54a-40d1-9f81-f1c19654fd05: receive RaftClientReply:client-8B023739F3BF->b50d6464-f54a-40d1-9f81-f1c19654fd05@group-1F53027F28E3, cid=2012, SUCCESS, logIndex=2843, commits[b50d6464-f54a-40d1-9f81-f1c19654fd05:c2845]
2019-09-12 09:26:15,585 [SCMBlockDeletingService#1] DEBUG block.SCMBlockDeletingService (SCMBlockDeletingService.java:call(138)) - Running DeletedBlockTransactionScanner
2019-09-12 09:26:15,585 [SCMBlockDeletingService#1] DEBUG block.SCMBlockDeletingService (SCMBlockDeletingService.java:call(155)) - Scanned deleted blocks log and got 0 delTX to process.
2019-09-12 09:26:15,600 [grpc-default-executor-1] INFO  client.GrpcClientProtocolClient (GrpcClientProtocolClient.java:onNext(264)) - client-8B023739F3BF->b50d6464-f54a-40d1-9f81-f1c19654fd05: receive RaftClientReply:client-8B023739F3BF->b50d6464-f54a-40d1-9f81-f1c19654fd05@group-1F53027F28E3, cid=2013, SUCCESS, logIndex=2846, commits[b50d6464-f54a-40d1-9f81-f1c19654fd05:c2847]
2019-09-12 09:26:15,602 [grpc-default-executor-1] INFO  client.GrpcClientProtocolClient (GrpcClientProtocolClient.java:onNext(264)) - client-8B023739F3BF->b50d6464-f54a-40d1-9f81-f1c19654fd05: receive RaftClientReply:client-8B023739F3BF->b50d6464-f54a-40d1-9f81-f1c19654fd05@group-1F53027F28E3, cid=2014, SUCCESS, logIndex=2847, commits[b50d6464-f54a-40d1-9f81-f1c19654fd05:c2847]
2019-09-12 09:26:15,686 [SCMBlockDeletingService#1] DEBUG block.SCMBlockDeletingService (SCMBlockDeletingService.java:call(138)) - Running DeletedBlockTransactionScanner
2019-09-12 09:26:15,686 [SCMBlockDeletingService#1] DEBUG block.SCMBlockDeletingService (SCMBlockDeletingService.java:call(155)) - Scanned deleted blocks log and got 0 delTX to process.
2019-09-12 09:26:15,786 [SCMBlockDeletingService#1] DEBUG block.SCMBlockDeletingService (SCMBlockDeletingService.java:call(138)) - Running DeletedBlockTransactionScanner
2019-09-12 09:26:15,787 [SCMBlockDeletingService#1] DEBUG block.SCMBlockDeletingService (SCMBlockDeletingService.java:call(155)) - Scanned deleted blocks log and got 0 delTX to process.
2019-09-12 09:26:15,887 [SCMBlockDeletingService#1] DEBUG block.SCMBlockDeletingService (SCMBlockDeletingService.java:call(138)) - Running DeletedBlockTransactionScanner
2019-09-12 09:26:15,887 [SCMBlockDeletingService#1] DEBUG block.SCMBlockDeletingService (SCMBlockDeletingService.java:call(155)) - Scanned deleted blocks log and got 0 delTX to process.
2019-09-12 09:26:15,988 [SCMBlockDeletingService#1] DEBUG block.SCMBlockDeletingService (SCMBlockDeletingService.java:call(138)) - Running DeletedBlockTransactionScanner
2019-09-12 09:26:15,988 [SCMBlockDeletingService#1] DEBUG block.SCMBlockDeletingService (SCMBlockDeletingService.java:call(155)) - Scanned deleted blocks log and got 0 delTX to process.
2019-09-12 09:26:16,088 [SCMBlockDeletingService#1] DEBUG block.SCMBlockDeletingService (SCMBlockDeletingService.java:call(138)) - Running DeletedBlockTransactionScanner
2019-09-12 09:26:16,089 [SCMBlockDeletingService#1] DEBUG block.SCMBlockDeletingService (SCMBlockDeletingService.java:call(155)) - Scanned deleted blocks log and got 0 delTX to process.
2019-09-12 09:26:16,189 [SCMBlockDeletingService#1] DEBUG block.SCMBlockDeletingService (SCMBlockDeletingService.java:call(138)) - Running DeletedBlockTransactionScanner
2019-09-12 09:26:16,189 [SCMBlockDeletingService#1] DEBUG block.SCMBlockDeletingService (SCMBlockDeletingService.java:call(155)) - Scanned deleted blocks log and got 0 delTX to process.
2019-09-12 09:26:16,290 [SCMBlockDeletingService#1] DEBUG block.SCMBlockDeletingService (SCMBlockDeletingService.java:call(138)) - Running DeletedBlockTransactionScanner
2019-09-12 09:26:16,290 [SCMBlockDeletingService#1] DEBUG block.SCMBlockDeletingService (SCMBlockDeletingService.java:call(155)) - Scanned deleted blocks log and got 0 delTX to process.
2019-09-12 09:26:16,390 [SCMBlockDeletingService#1] DEBUG block.SCMBlockDeletingService (SCMBlockDeletingService.java:call(138)) - Running DeletedBlockTransactionScanner
2019-09-12 09:26:16,391 [SCMBlockDeletingService#1] DEBUG block.SCMBlockDeletingService (SCMBlockDeletingService.java:call(155)) - Scanned deleted blocks log and got 0 delTX to process.
2019-09-12 09:26:16,491 [SCMBlockDeletingService#1] DEBUG block.SCMBlockDeletingService (SCMBlockDeletingService.java:call(138)) - Running DeletedBlockTransactionScanner
2019-09-12 09:26:16,491 [SCMBlockDeletingService#1] DEBUG block.SCMBlockDeletingService (SCMBlockDeletingService.java:call(155)) - Scanned deleted blocks log and got 0 delTX to process.
2019-09-12 09:26:16,592 [SCMBlockDeletingService#1] DEBUG block.SCMBlockDeletingService (SCMBlockDeletingService.java:call(138)) - Running DeletedBlockTransactionScanner
2019-09-12 09:26:16,592 [SCMBlockDeletingService#1] DEBUG block.SCMBlockDeletingService (SCMBlockDeletingService.java:call(155)) - Scanned deleted blocks log and got 0 delTX to process.
2019-09-12 09:26:16,692 [SCMBlockDeletingService#1] DEBUG block.SCMBlockDeletingService (SCMBlockDeletingService.java:call(138)) - Running DeletedBlockTransactionScanner
2019-09-12 09:26:16,693 [SCMBlockDeletingService#1] DEBUG block.SCMBlockDeletingService (SCMBlockDeletingService.java:call(155)) - Scanned deleted blocks log and got 0 delTX to process.
2019-09-12 09:26:16,793 [SCMBlockDeletingService#1] DEBUG block.SCMBlockDeletingService (SCMBlockDeletingService.java:call(138)) - Running DeletedBlockTransactionScanner
2019-09-12 09:26:16,794 [SCMBlockDeletingService#1] DEBUG block.SCMBlockDeletingService (SCMBlockDeletingService.java:call(155)) - Scanned deleted blocks log and got 0 delTX to process.
2019-09-12 09:26:16,894 [SCMBlockDeletingService#1] DEBUG block.SCMBlockDeletingService (SCMBlockDeletingService.java:call(138)) - Running DeletedBlockTransactionScanner
2019-09-12 09:26:16,894 [SCMBlockDeletingService#1] DEBUG block.SCMBlockDeletingService (SCMBlockDeletingService.java:call(155)) - Scanned deleted blocks log and got 0 delTX to process.
2019-09-12 09:26:16,995 [SCMBlockDeletingService#1] DEBUG block.SCMBlockDeletingService (SCMBlockDeletingService.java:call(138)) - Running DeletedBlockTransactionScanner
2019-09-12 09:26:16,995 [SCMBlockDeletingService#1] DEBUG block.SCMBlockDeletingService (SCMBlockDeletingService.java:call(155)) - Scanned deleted blocks log and got 0 delTX to process.
2019-09-12 09:26:17,096 [SCMBlockDeletingService#0] DEBUG block.SCMBlockDeletingService (SCMBlockDeletingService.java:call(138)) - Running DeletedBlockTransactionScanner
2019-09-12 09:26:17,096 [SCMBlockDeletingService#0] DEBUG block.SCMBlockDeletingService (SCMBlockDeletingService.java:call(155)) - Scanned deleted blocks log and got 0 delTX to process.
2019-09-12 09:26:17,196 [SCMBlockDeletingService#0] DEBUG block.SCMBlockDeletingService (SCMBlockDeletingService.java:call(138)) - Running DeletedBlockTransactionScanner
2019-09-12 09:26:17,197 [SCMBlockDeletingService#0] DEBUG block.SCMBlockDeletingService (SCMBlockDeletingService.java:call(155)) - Scanned deleted blocks log and got 0 delTX to process.
2019-09-12 09:26:17,267 [grpc-default-executor-1] INFO  client.GrpcClientProtocolClient (GrpcClientProtocolClient.java:onNext(264)) - client-8B023739F3BF->b50d6464-f54a-40d1-9f81-f1c19654fd05: receive RaftClientReply:client-8B023739F3BF->b50d6464-f54a-40d1-9f81-f1c19654fd05@group-1F53027F28E3, cid=2015, SUCCESS, logIndex=2848, commits[b50d6464-f54a-40d1-9f81-f1c19654fd05:c2850]
2019-09-12 09:26:17,268 [grpc-default-executor-1] INFO  client.GrpcClientProtocolClient (GrpcClientProtocolClient.java:onNext(264)) - client-8B023739F3BF->b50d6464-f54a-40d1-9f81-f1c19654fd05: receive RaftClientReply:client-8B023739F3BF->b50d6464-f54a-40d1-9f81-f1c19654fd05@group-1F53027F28E3, cid=2016, SUCCESS, logIndex=2849, commits[b50d6464-f54a-40d1-9f81-f1c19654fd05:c2850]
2019-09-12 09:26:17,297 [SCMBlockDeletingService#0] DEBUG block.SCMBlockDeletingService (SCMBlockDeletingService.java:call(138)) - Running DeletedBlockTransactionScanner
2019-09-12 09:26:17,298 [SCMBlockDeletingService#0] DEBUG block.SCMBlockDeletingService (SCMBlockDeletingService.java:call(155)) - Scanned deleted blocks log and got 0 delTX to process.
2019-09-12 09:26:17,307 [grpc-default-executor-2] INFO  client.GrpcClientProtocolClient (GrpcClientProtocolClient.java:onNext(264)) - client-8B023739F3BF->b50d6464-f54a-40d1-9f81-f1c19654fd05: receive RaftClientReply:client-8B023739F3BF->b50d6464-f54a-40d1-9f81-f1c19654fd05@group-1F53027F28E3, cid=2017, SUCCESS, logIndex=2851, commits[b50d6464-f54a-40d1-9f81-f1c19654fd05:c2852]
2019-09-12 09:26:17,307 [grpc-default-executor-2] INFO  client.GrpcClientProtocolClient (GrpcClientProtocolClient.java:onNext(264)) - client-8B023739F3BF->b50d6464-f54a-40d1-9f81-f1c19654fd05: receive RaftClientReply:client-8B023739F3BF->b50d6464-f54a-40d1-9f81-f1c19654fd05@group-1F53027F28E3, cid=2018, SUCCESS, logIndex=2852, commits[b50d6464-f54a-40d1-9f81-f1c19654fd05:c2852]
2019-09-12 09:26:17,316 [grpc-default-executor-2] INFO  client.GrpcClientProtocolClient (GrpcClientProtocolClient.java:onNext(264)) - client-8B023739F3BF->b50d6464-f54a-40d1-9f81-f1c19654fd05: receive RaftClientReply:client-8B023739F3BF->b50d6464-f54a-40d1-9f81-f1c19654fd05@group-1F53027F28E3, cid=2019, SUCCESS, logIndex=2853, commits[b50d6464-f54a-40d1-9f81-f1c19654fd05:c2854]
2019-09-12 09:26:17,316 [grpc-default-executor-2] INFO  client.GrpcClientProtocolClient (GrpcClientProtocolClient.java:onNext(264)) - client-8B023739F3BF->b50d6464-f54a-40d1-9f81-f1c19654fd05: receive RaftClientReply:client-8B023739F3BF->b50d6464-f54a-40d1-9f81-f1c19654fd05@group-1F53027F28E3, cid=2020, SUCCESS, logIndex=2854, commits[b50d6464-f54a-40d1-9f81-f1c19654fd05:c2855]
2019-09-12 09:26:17,338 [grpc-default-executor-1] INFO  client.GrpcClientProtocolClient (GrpcClientProtocolClient.java:onNext(264)) - client-8B023739F3BF->b50d6464-f54a-40d1-9f81-f1c19654fd05: receive RaftClientReply:client-8B023739F3BF->b50d6464-f54a-40d1-9f81-f1c19654fd05@group-1F53027F28E3, cid=2021, SUCCESS, logIndex=2857, commits[b50d6464-f54a-40d1-9f81-f1c19654fd05:c2858]
2019-09-12 09:26:17,338 [grpc-default-executor-1] INFO  client.GrpcClientProtocolClient (GrpcClientProtocolClient.java:onNext(264)) - client-8B023739F3BF->b50d6464-f54a-40d1-9f81-f1c19654fd05: receive RaftClientReply:client-8B023739F3BF->b50d6464-f54a-40d1-9f81-f1c19654fd05@group-1F53027F28E3, cid=2022, SUCCESS, logIndex=2858, commits[b50d6464-f54a-40d1-9f81-f1c19654fd05:c2858]
2019-09-12 09:26:17,338 [grpc-default-executor-1] INFO  client.GrpcClientProtocolClient (GrpcClientProtocolClient.java:onNext(264)) - client-8B023739F3BF->b50d6464-f54a-40d1-9f81-f1c19654fd05: receive RaftClientReply:client-8B023739F3BF->b50d6464-f54a-40d1-9f81-f1c19654fd05@group-1F53027F28E3, cid=2023, SUCCESS, logIndex=2859, commits[b50d6464-f54a-40d1-9f81-f1c19654fd05:c2860]
2019-09-12 09:26:17,339 [grpc-default-executor-1] INFO  client.GrpcClientProtocolClient (GrpcClientProtocolClient.java:onNext(264)) - client-8B023739F3BF->b50d6464-f54a-40d1-9f81-f1c19654fd05: receive RaftClientReply:client-8B023739F3BF->b50d6464-f54a-40d1-9f81-f1c19654fd05@group-1F53027F28E3, cid=2024, SUCCESS, logIndex=2860, commits[b50d6464-f54a-40d1-9f81-f1c19654fd05:c2861]
2019-09-12 09:26:17,369 [grpc-default-executor-1] INFO  client.GrpcClientProtocolClient (GrpcClientProtocolClient.java:onNext(264)) - client-8B023739F3BF->b50d6464-f54a-40d1-9f81-f1c19654fd05: receive RaftClientReply:client-8B023739F3BF->b50d6464-f54a-40d1-9f81-f1c19654fd05@group-1F53027F28E3, cid=2025, SUCCESS, logIndex=2863, commits[b50d6464-f54a-40d1-9f81-f1c19654fd05:c2864]
2019-09-12 09:26:17,370 [grpc-default-executor-1] INFO  client.GrpcClientProtocolClient (GrpcClientProtocolClient.java:onNext(264)) - client-8B023739F3BF->b50d6464-f54a-40d1-9f81-f1c19654fd05: receive RaftClientReply:client-8B023739F3BF->b50d6464-f54a-40d1-9f81-f1c19654fd05@group-1F53027F28E3, cid=2026, SUCCESS, logIndex=2864, commits[b50d6464-f54a-40d1-9f81-f1c19654fd05:c2864]
2019-09-12 09:26:17,371 [grpc-default-executor-1] INFO  client.GrpcClientProtocolClient (GrpcClientProtocolClient.java:onNext(264)) - client-8B023739F3BF->b50d6464-f54a-40d1-9f81-f1c19654fd05: receive RaftClientReply:client-8B023739F3BF->b50d6464-f54a-40d1-9f81-f1c19654fd05@group-1F53027F28E3, cid=2027, SUCCESS, logIndex=2865, commits[b50d6464-f54a-40d1-9f81-f1c19654fd05:c2866]
2019-09-12 09:26:17,371 [grpc-default-executor-1] INFO  client.GrpcClientProtocolClient (GrpcClientProtocolClient.java:onNext(264)) - client-8B023739F3BF->b50d6464-f54a-40d1-9f81-f1c19654fd05: receive RaftClientReply:client-8B023739F3BF->b50d6464-f54a-40d1-9f81-f1c19654fd05@group-1F53027F28E3, cid=2028, SUCCESS, logIndex=2866, commits[b50d6464-f54a-40d1-9f81-f1c19654fd05:c2866]
2019-09-12 09:26:17,395 [grpc-default-executor-1] INFO  client.GrpcClientProtocolClient (GrpcClientProtocolClient.java:onNext(264)) - client-8B023739F3BF->b50d6464-f54a-40d1-9f81-f1c19654fd05: receive RaftClientReply:client-8B023739F3BF->b50d6464-f54a-40d1-9f81-f1c19654fd05@group-1F53027F28E3, cid=2029, SUCCESS, logIndex=2869, commits[b50d6464-f54a-40d1-9f81-f1c19654fd05:c2872]
2019-09-12 09:26:17,396 [grpc-default-executor-1] INFO  client.GrpcClientProtocolClient (GrpcClientProtocolClient.java:onNext(264)) - client-8B023739F3BF->b50d6464-f54a-40d1-9f81-f1c19654fd05: receive RaftClientReply:client-8B023739F3BF->b50d6464-f54a-40d1-9f81-f1c19654fd05@group-1F53027F28E3, cid=2030, SUCCESS, logIndex=2870, commits[b50d6464-f54a-40d1-9f81-f1c19654fd05:c2873]
2019-09-12 09:26:17,396 [grpc-default-executor-1] INFO  client.GrpcClientProtocolClient (GrpcClientProtocolClient.java:onNext(264)) - client-8B023739F3BF->b50d6464-f54a-40d1-9f81-f1c19654fd05: receive RaftClientReply:client-8B023739F3BF->b50d6464-f54a-40d1-9f81-f1c19654fd05@group-1F53027F28E3, cid=2031, SUCCESS, logIndex=2871, commits[b50d6464-f54a-40d1-9f81-f1c19654fd05:c2873]
2019-09-12 09:26:17,396 [grpc-default-executor-1] INFO  client.GrpcClientProtocolClient (GrpcClientProtocolClient.java:onNext(264)) - client-8B023739F3BF->b50d6464-f54a-40d1-9f81-f1c19654fd05: receive RaftClientReply:client-8B023739F3BF->b50d6464-f54a-40d1-9f81-f1c19654fd05@group-1F53027F28E3, cid=2032, SUCCESS, logIndex=2872, commits[b50d6464-f54a-40d1-9f81-f1c19654fd05:c2873]
2019-09-12 09:26:17,398 [SCMBlockDeletingService#0] DEBUG block.SCMBlockDeletingService (SCMBlockDeletingService.java:call(138)) - Running DeletedBlockTransactionScanner
2019-09-12 09:26:17,398 [SCMBlockDeletingService#0] DEBUG block.SCMBlockDeletingService (SCMBlockDeletingService.java:call(155)) - Scanned deleted blocks log and got 0 delTX to process.
2019-09-12 09:26:17,499 [SCMBlockDeletingService#0] DEBUG block.SCMBlockDeletingService (SCMBlockDeletingService.java:call(138)) - Running DeletedBlockTransactionScanner
2019-09-12 09:26:17,499 [SCMBlockDeletingService#0] DEBUG block.SCMBlockDeletingService (SCMBlockDeletingService.java:call(155)) - Scanned deleted blocks log and got 0 delTX to process.
2019-09-12 09:26:17,575 [grpc-default-executor-2] INFO  client.GrpcClientProtocolClient (GrpcClientProtocolClient.java:onNext(264)) - client-8B023739F3BF->b50d6464-f54a-40d1-9f81-f1c19654fd05: receive RaftClientReply:client-8B023739F3BF->b50d6464-f54a-40d1-9f81-f1c19654fd05@group-1F53027F28E3, cid=2033, SUCCESS, logIndex=2874, commits[b50d6464-f54a-40d1-9f81-f1c19654fd05:c2875]
2019-09-12 09:26:17,576 [grpc-default-executor-2] INFO  client.GrpcClientProtocolClient (GrpcClientProtocolClient.java:onNext(264)) - client-8B023739F3BF->b50d6464-f54a-40d1-9f81-f1c19654fd05: receive RaftClientReply:client-8B023739F3BF->b50d6464-f54a-40d1-9f81-f1c19654fd05@group-1F53027F28E3, cid=2034, SUCCESS, logIndex=2875, commits[b50d6464-f54a-40d1-9f81-f1c19654fd05:c2875]
2019-09-12 09:26:17,584 [grpc-default-executor-2] INFO  client.GrpcClientProtocolClient (GrpcClientProtocolClient.java:onNext(264)) - client-8B023739F3BF->b50d6464-f54a-40d1-9f81-f1c19654fd05: receive RaftClientReply:client-8B023739F3BF->b50d6464-f54a-40d1-9f81-f1c19654fd05@group-1F53027F28E3, cid=2035, SUCCESS, logIndex=2876, commits[b50d6464-f54a-40d1-9f81-f1c19654fd05:c2877]
2019-09-12 09:26:17,585 [grpc-default-executor-2] INFO  client.GrpcClientProtocolClient (GrpcClientProtocolClient.java:onNext(264)) - client-8B023739F3BF->b50d6464-f54a-40d1-9f81-f1c19654fd05: receive RaftClientReply:client-8B023739F3BF->b50d6464-f54a-40d1-9f81-f1c19654fd05@group-1F53027F28E3, cid=2036, SUCCESS, logIndex=2877, commits[b50d6464-f54a-40d1-9f81-f1c19654fd05:c2878]
2019-09-12 09:26:17,600 [SCMBlockDeletingService#0] DEBUG block.SCMBlockDeletingService (SCMBlockDeletingService.java:call(138)) - Running DeletedBlockTransactionScanner
2019-09-12 09:26:17,600 [SCMBlockDeletingService#0] DEBUG block.SCMBlockDeletingService (SCMBlockDeletingService.java:call(155)) - Scanned deleted blocks log and got 0 delTX to process.
2019-09-12 09:26:17,607 [grpc-default-executor-1] INFO  client.GrpcClientProtocolClient (GrpcClientProtocolClient.java:onNext(264)) - client-8B023739F3BF->b50d6464-f54a-40d1-9f81-f1c19654fd05: receive RaftClientReply:client-8B023739F3BF->b50d6464-f54a-40d1-9f81-f1c19654fd05@group-1F53027F28E3, cid=2037, SUCCESS, logIndex=2880, commits[b50d6464-f54a-40d1-9f81-f1c19654fd05:c2883]
2019-09-12 09:26:17,607 [grpc-default-executor-1] INFO  client.GrpcClientProtocolClient (GrpcClientProtocolClient.java:onNext(264)) - client-8B023739F3BF->b50d6464-f54a-40d1-9f81-f1c19654fd05: receive RaftClientReply:client-8B023739F3BF->b50d6464-f54a-40d1-9f81-f1c19654fd05@group-1F53027F28E3, cid=2038, SUCCESS, logIndex=2881, commits[b50d6464-f54a-40d1-9f81-f1c19654fd05:c2884]
2019-09-12 09:26:17,608 [grpc-default-executor-1] INFO  client.GrpcClientProtocolClient (GrpcClientProtocolClient.java:onNext(264)) - client-8B023739F3BF->b50d6464-f54a-40d1-9f81-f1c19654fd05: receive RaftClientReply:client-8B023739F3BF->b50d6464-f54a-40d1-9f81-f1c19654fd05@group-1F53027F28E3, cid=2039, SUCCESS, logIndex=2882, commits[b50d6464-f54a-40d1-9f81-f1c19654fd05:c2884]
2019-09-12 09:26:17,608 [grpc-default-executor-1] INFO  client.GrpcClientProtocolClient (GrpcClientProtocolClient.java:onNext(264)) - client-8B023739F3BF->b50d6464-f54a-40d1-9f81-f1c19654fd05: receive RaftClientReply:client-8B023739F3BF->b50d6464-f54a-40d1-9f81-f1c19654fd05@group-1F53027F28E3, cid=2040, SUCCESS, logIndex=2883, commits[b50d6464-f54a-40d1-9f81-f1c19654fd05:c2884]
2019-09-12 09:26:17,640 [grpc-default-executor-2] INFO  client.GrpcClientProtocolClient (GrpcClientProtocolClient.java:onNext(264)) - client-8B023739F3BF->b50d6464-f54a-40d1-9f81-f1c19654fd05: receive RaftClientReply:client-8B023739F3BF->b50d6464-f54a-40d1-9f81-f1c19654fd05@group-1F53027F28E3, cid=2041, SUCCESS, logIndex=2885, commits[b50d6464-f54a-40d1-9f81-f1c19654fd05:c2888]
2019-09-12 09:26:17,640 [grpc-default-executor-2] INFO  client.GrpcClientProtocolClient (GrpcClientProtocolClient.java:onNext(264)) - client-8B023739F3BF->b50d6464-f54a-40d1-9f81-f1c19654fd05: receive RaftClientReply:client-8B023739F3BF->b50d6464-f54a-40d1-9f81-f1c19654fd05@group-1F53027F28E3, cid=2042, SUCCESS, logIndex=2886, commits[b50d6464-f54a-40d1-9f81-f1c19654fd05:c2888]
2019-09-12 09:26:17,640 [grpc-default-executor-2] INFO  client.GrpcClientProtocolClient (GrpcClientProtocolClient.java:onNext(264)) - client-8B023739F3BF->b50d6464-f54a-40d1-9f81-f1c19654fd05: receive RaftClientReply:client-8B023739F3BF->b50d6464-f54a-40d1-9f81-f1c19654fd05@group-1F53027F28E3, cid=2043, SUCCESS, logIndex=2887, commits[b50d6464-f54a-40d1-9f81-f1c19654fd05:c2889]
2019-09-12 09:26:17,641 [grpc-default-executor-2] INFO  client.GrpcClientProtocolClient (GrpcClientProtocolClient.java:onNext(264)) - client-8B023739F3BF->b50d6464-f54a-40d1-9f81-f1c19654fd05: receive RaftClientReply:client-8B023739F3BF->b50d6464-f54a-40d1-9f81-f1c19654fd05@group-1F53027F28E3, cid=2044, SUCCESS, logIndex=2888, commits[b50d6464-f54a-40d1-9f81-f1c19654fd05:c2889]
2019-09-12 09:26:17,661 [grpc-default-executor-2] INFO  client.GrpcClientProtocolClient (GrpcClientProtocolClient.java:onNext(264)) - client-8B023739F3BF->b50d6464-f54a-40d1-9f81-f1c19654fd05: receive RaftClientReply:client-8B023739F3BF->b50d6464-f54a-40d1-9f81-f1c19654fd05@group-1F53027F28E3, cid=2045, SUCCESS, logIndex=2890, commits[b50d6464-f54a-40d1-9f81-f1c19654fd05:c2893]
2019-09-12 09:26:17,662 [grpc-default-executor-2] INFO  client.GrpcClientProtocolClient (GrpcClientProtocolClient.java:onNext(264)) - client-8B023739F3BF->b50d6464-f54a-40d1-9f81-f1c19654fd05: receive RaftClientReply:client-8B023739F3BF->b50d6464-f54a-40d1-9f81-f1c19654fd05@group-1F53027F28E3, cid=2046, SUCCESS, logIndex=2891, commits[b50d6464-f54a-40d1-9f81-f1c19654fd05:c2894]
2019-09-12 09:26:17,662 [grpc-default-executor-2] INFO  client.GrpcClientProtocolClient (GrpcClientProtocolClient.java:onNext(264)) - client-8B023739F3BF->b50d6464-f54a-40d1-9f81-f1c19654fd05: receive RaftClientReply:client-8B023739F3BF->b50d6464-f54a-40d1-9f81-f1c19654fd05@group-1F53027F28E3, cid=2047, SUCCESS, logIndex=2892, commits[b50d6464-f54a-40d1-9f81-f1c19654fd05:c2894]
2019-09-12 09:26:17,662 [grpc-default-executor-2] INFO  client.GrpcClientProtocolClient (GrpcClientProtocolClient.java:onNext(264)) - client-8B023739F3BF->b50d6464-f54a-40d1-9f81-f1c19654fd05: receive RaftClientReply:client-8B023739F3BF->b50d6464-f54a-40d1-9f81-f1c19654fd05@group-1F53027F28E3, cid=2048, SUCCESS, logIndex=2893, commits[b50d6464-f54a-40d1-9f81-f1c19654fd05:c2894]
2019-09-12 09:26:17,694 [grpc-default-executor-1] INFO  client.GrpcClientProtocolClient (GrpcClientProtocolClient.java:onNext(264)) - client-8B023739F3BF->b50d6464-f54a-40d1-9f81-f1c19654fd05: receive RaftClientReply:client-8B023739F3BF->b50d6464-f54a-40d1-9f81-f1c19654fd05@group-1F53027F28E3, cid=2049, SUCCESS, logIndex=2895, commits[b50d6464-f54a-40d1-9f81-f1c19654fd05:c2896]
2019-09-12 09:26:17,695 [grpc-default-executor-1] INFO  client.GrpcClientProtocolClient (GrpcClientProtocolClient.java:onNext(264)) - client-8B023739F3BF->b50d6464-f54a-40d1-9f81-f1c19654fd05: receive RaftClientReply:client-8B023739F3BF->b50d6464-f54a-40d1-9f81-f1c19654fd05@group-1F53027F28E3, cid=2050, SUCCESS, logIndex=2896, commits[b50d6464-f54a-40d1-9f81-f1c19654fd05:c2898]
2019-09-12 09:26:17,695 [grpc-default-executor-1] INFO  client.GrpcClientProtocolClient (GrpcClientProtocolClient.java:onNext(264)) - client-8B023739F3BF->b50d6464-f54a-40d1-9f81-f1c19654fd05: receive RaftClientReply:client-8B023739F3BF->b50d6464-f54a-40d1-9f81-f1c19654fd05@group-1F53027F28E3, cid=2051, SUCCESS, logIndex=2897, commits[b50d6464-f54a-40d1-9f81-f1c19654fd05:c2899]
2019-09-12 09:26:17,696 [grpc-default-executor-1] INFO  client.GrpcClientProtocolClient (GrpcClientProtocolClient.java:onNext(264)) - client-8B023739F3BF->b50d6464-f54a-40d1-9f81-f1c19654fd05: receive RaftClientReply:client-8B023739F3BF->b50d6464-f54a-40d1-9f81-f1c19654fd05@group-1F53027F28E3, cid=2052, SUCCESS, logIndex=2898, commits[b50d6464-f54a-40d1-9f81-f1c19654fd05:c2899]
2019-09-12 09:26:17,700 [SCMBlockDeletingService#0] DEBUG block.SCMBlockDeletingService (SCMBlockDeletingService.java:call(138)) - Running DeletedBlockTransactionScanner
2019-09-12 09:26:17,701 [SCMBlockDeletingService#0] DEBUG block.SCMBlockDeletingService (SCMBlockDeletingService.java:call(155)) - Scanned deleted blocks log and got 0 delTX to process.
2019-09-12 09:26:17,716 [grpc-default-executor-2] INFO  client.GrpcClientProtocolClient (GrpcClientProtocolClient.java:onNext(264)) - client-8B023739F3BF->b50d6464-f54a-40d1-9f81-f1c19654fd05: receive RaftClientReply:client-8B023739F3BF->b50d6464-f54a-40d1-9f81-f1c19654fd05@group-1F53027F28E3, cid=2053, SUCCESS, logIndex=2901, commits[b50d6464-f54a-40d1-9f81-f1c19654fd05:c2902]
2019-09-12 09:26:17,716 [grpc-default-executor-2] INFO  client.GrpcClientProtocolClient (GrpcClientProtocolClient.java:onNext(264)) - client-8B023739F3BF->b50d6464-f54a-40d1-9f81-f1c19654fd05: receive RaftClientReply:client-8B023739F3BF->b50d6464-f54a-40d1-9f81-f1c19654fd05@group-1F53027F28E3, cid=2054, SUCCESS, logIndex=2902, commits[b50d6464-f54a-40d1-9f81-f1c19654fd05:c2902]
2019-09-12 09:26:17,716 [grpc-default-executor-2] INFO  client.GrpcClientProtocolClient (GrpcClientProtocolClient.java:onNext(264)) - client-8B023739F3BF->b50d6464-f54a-40d1-9f81-f1c19654fd05: receive RaftClientReply:client-8B023739F3BF->b50d6464-f54a-40d1-9f81-f1c19654fd05@group-1F53027F28E3, cid=2055, SUCCESS, logIndex=2903, commits[b50d6464-f54a-40d1-9f81-f1c19654fd05:c2904]
2019-09-12 09:26:17,717 [grpc-default-executor-2] INFO  client.GrpcClientProtocolClient (GrpcClientProtocolClient.java:onNext(264)) - client-8B023739F3BF->b50d6464-f54a-40d1-9f81-f1c19654fd05: receive RaftClientReply:client-8B023739F3BF->b50d6464-f54a-40d1-9f81-f1c19654fd05@group-1F53027F28E3, cid=2056, SUCCESS, logIndex=2904, commits[b50d6464-f54a-40d1-9f81-f1c19654fd05:c2904]
2019-09-12 09:26:17,748 [grpc-default-executor-1] INFO  client.GrpcClientProtocolClient (GrpcClientProtocolClient.java:onNext(264)) - client-8B023739F3BF->b50d6464-f54a-40d1-9f81-f1c19654fd05: receive RaftClientReply:client-8B023739F3BF->b50d6464-f54a-40d1-9f81-f1c19654fd05@group-1F53027F28E3, cid=2057, SUCCESS, logIndex=2907, commits[b50d6464-f54a-40d1-9f81-f1c19654fd05:c2910]
2019-09-12 09:26:17,749 [grpc-default-executor-1] INFO  client.GrpcClientProtocolClient (GrpcClientProtocolClient.java:onNext(264)) - client-8B023739F3BF->b50d6464-f54a-40d1-9f81-f1c19654fd05: receive RaftClientReply:client-8B023739F3BF->b50d6464-f54a-40d1-9f81-f1c19654fd05@group-1F53027F28E3, cid=2058, SUCCESS, logIndex=2908, commits[b50d6464-f54a-40d1-9f81-f1c19654fd05:c2911]
2019-09-12 09:26:17,749 [grpc-default-executor-1] INFO  client.GrpcClientProtocolClient (GrpcClientProtocolClient.java:onNext(264)) - client-8B023739F3BF->b50d6464-f54a-40d1-9f81-f1c19654fd05: receive RaftClientReply:client-8B023739F3BF->b50d6464-f54a-40d1-9f81-f1c19654fd05@group-1F53027F28E3, cid=2059, SUCCESS, logIndex=2909, commits[b50d6464-f54a-40d1-9f81-f1c19654fd05:c2911]
2019-09-12 09:26:17,749 [grpc-default-executor-1] INFO  client.GrpcClientProtocolClient (GrpcClientProtocolClient.java:onNext(264)) - client-8B023739F3BF->b50d6464-f54a-40d1-9f81-f1c19654fd05: receive RaftClientReply:client-8B023739F3BF->b50d6464-f54a-40d1-9f81-f1c19654fd05@group-1F53027F28E3, cid=2060, SUCCESS, logIndex=2910, commits[b50d6464-f54a-40d1-9f81-f1c19654fd05:c2911]
2019-09-12 09:26:17,771 [grpc-default-executor-2] INFO  client.GrpcClientProtocolClient (GrpcClientProtocolClient.java:onNext(264)) - client-8B023739F3BF->b50d6464-f54a-40d1-9f81-f1c19654fd05: receive RaftClientReply:client-8B023739F3BF->b50d6464-f54a-40d1-9f81-f1c19654fd05@group-1F53027F28E3, cid=2061, SUCCESS, logIndex=2912, commits[b50d6464-f54a-40d1-9f81-f1c19654fd05:c2915]
2019-09-12 09:26:17,771 [grpc-default-executor-2] INFO  client.GrpcClientProtocolClient (GrpcClientProtocolClient.java:onNext(264)) - client-8B023739F3BF->b50d6464-f54a-40d1-9f81-f1c19654fd05: receive RaftClientReply:client-8B023739F3BF->b50d6464-f54a-40d1-9f81-f1c19654fd05@group-1F53027F28E3, cid=2062, SUCCESS, logIndex=2913, commits[b50d6464-f54a-40d1-9f81-f1c19654fd05:c2916]
2019-09-12 09:26:17,771 [grpc-default-executor-2] INFO  client.GrpcClientProtocolClient (GrpcClientProtocolClient.java:onNext(264)) - client-8B023739F3BF->b50d6464-f54a-40d1-9f81-f1c19654fd05: receive RaftClientReply:client-8B023739F3BF->b50d6464-f54a-40d1-9f81-f1c19654fd05@group-1F53027F28E3, cid=2063, SUCCESS, logIndex=2914, commits[b50d6464-f54a-40d1-9f81-f1c19654fd05:c2916]
2019-09-12 09:26:17,772 [grpc-default-executor-2] INFO  client.GrpcClientProtocolClient (GrpcClientProtocolClient.java:onNext(264)) - client-8B023739F3BF->b50d6464-f54a-40d1-9f81-f1c19654fd05: receive RaftClientReply:client-8B023739F3BF->b50d6464-f54a-40d1-9f81-f1c19654fd05@group-1F53027F28E3, cid=2064, SUCCESS, logIndex=2915, commits[b50d6464-f54a-40d1-9f81-f1c19654fd05:c2916]
2019-09-12 09:26:17,800 [grpc-default-executor-2] INFO  client.GrpcClientProtocolClient (GrpcClientProtocolClient.java:onNext(264)) - client-8B023739F3BF->b50d6464-f54a-40d1-9f81-f1c19654fd05: receive RaftClientReply:client-8B023739F3BF->b50d6464-f54a-40d1-9f81-f1c19654fd05@group-1F53027F28E3, cid=2065, SUCCESS, logIndex=2917, commits[b50d6464-f54a-40d1-9f81-f1c19654fd05:c2920]
2019-09-12 09:26:17,801 [SCMBlockDeletingService#0] DEBUG block.SCMBlockDeletingService (SCMBlockDeletingService.java:call(138)) - Running DeletedBlockTransactionScanner
2019-09-12 09:26:17,801 [SCMBlockDeletingService#0] DEBUG block.SCMBlockDeletingService (SCMBlockDeletingService.java:call(155)) - Scanned deleted blocks log and got 0 delTX to process.
2019-09-12 09:26:17,801 [grpc-default-executor-2] INFO  client.GrpcClientProtocolClient (GrpcClientProtocolClient.java:onNext(264)) - client-8B023739F3BF->b50d6464-f54a-40d1-9f81-f1c19654fd05: receive RaftClientReply:client-8B023739F3BF->b50d6464-f54a-40d1-9f81-f1c19654fd05@group-1F53027F28E3, cid=2066, SUCCESS, logIndex=2918, commits[b50d6464-f54a-40d1-9f81-f1c19654fd05:c2921]
2019-09-12 09:26:17,802 [grpc-default-executor-2] INFO  client.GrpcClientProtocolClient (GrpcClientProtocolClient.java:onNext(264)) - client-8B023739F3BF->b50d6464-f54a-40d1-9f81-f1c19654fd05: receive RaftClientReply:client-8B023739F3BF->b50d6464-f54a-40d1-9f81-f1c19654fd05@group-1F53027F28E3, cid=2067, SUCCESS, logIndex=2919, commits[b50d6464-f54a-40d1-9f81-f1c19654fd05:c2921]
2019-09-12 09:26:17,802 [grpc-default-executor-2] INFO  client.GrpcClientProtocolClient (GrpcClientProtocolClient.java:onNext(264)) - client-8B023739F3BF->b50d6464-f54a-40d1-9f81-f1c19654fd05: receive RaftClientReply:client-8B023739F3BF->b50d6464-f54a-40d1-9f81-f1c19654fd05@group-1F53027F28E3, cid=2068, SUCCESS, logIndex=2920, commits[b50d6464-f54a-40d1-9f81-f1c19654fd05:c2921]
2019-09-12 09:26:17,823 [grpc-default-executor-1] INFO  client.GrpcClientProtocolClient (GrpcClientProtocolClient.java:onNext(264)) - client-8B023739F3BF->b50d6464-f54a-40d1-9f81-f1c19654fd05: receive RaftClientReply:client-8B023739F3BF->b50d6464-f54a-40d1-9f81-f1c19654fd05@group-1F53027F28E3, cid=2069, SUCCESS, logIndex=2922, commits[b50d6464-f54a-40d1-9f81-f1c19654fd05:c2925]
2019-09-12 09:26:17,823 [grpc-default-executor-1] INFO  client.GrpcClientProtocolClient (GrpcClientProtocolClient.java:onNext(264)) - client-8B023739F3BF->b50d6464-f54a-40d1-9f81-f1c19654fd05: receive RaftClientReply:client-8B023739F3BF->b50d6464-f54a-40d1-9f81-f1c19654fd05@group-1F53027F28E3, cid=2070, SUCCESS, logIndex=2923, commits[b50d6464-f54a-40d1-9f81-f1c19654fd05:c2925]
2019-09-12 09:26:17,824 [grpc-default-executor-1] INFO  client.GrpcClientProtocolClient (GrpcClientProtocolClient.java:onNext(264)) - client-8B023739F3BF->b50d6464-f54a-40d1-9f81-f1c19654fd05: receive RaftClientReply:client-8B023739F3BF->b50d6464-f54a-40d1-9f81-f1c19654fd05@group-1F53027F28E3, cid=2071, SUCCESS, logIndex=2924, commits[b50d6464-f54a-40d1-9f81-f1c19654fd05:c2926]
2019-09-12 09:26:17,824 [grpc-default-executor-1] INFO  client.GrpcClientProtocolClient (GrpcClientProtocolClient.java:onNext(264)) - client-8B023739F3BF->b50d6464-f54a-40d1-9f81-f1c19654fd05: receive RaftClientReply:client-8B023739F3BF->b50d6464-f54a-40d1-9f81-f1c19654fd05@group-1F53027F28E3, cid=2072, SUCCESS, logIndex=2925, commits[b50d6464-f54a-40d1-9f81-f1c19654fd05:c2926]
2019-09-12 09:26:17,860 [grpc-default-executor-1] INFO  client.GrpcClientProtocolClient (GrpcClientProtocolClient.java:onNext(264)) - client-8B023739F3BF->b50d6464-f54a-40d1-9f81-f1c19654fd05: receive RaftClientReply:client-8B023739F3BF->b50d6464-f54a-40d1-9f81-f1c19654fd05@group-1F53027F28E3, cid=2073, SUCCESS, logIndex=2927, commits[b50d6464-f54a-40d1-9f81-f1c19654fd05:c2928]
2019-09-12 09:26:17,870 [grpc-default-executor-1] INFO  client.GrpcClientProtocolClient (GrpcClientProtocolClient.java:onNext(264)) - client-8B023739F3BF->b50d6464-f54a-40d1-9f81-f1c19654fd05: receive RaftClientReply:client-8B023739F3BF->b50d6464-f54a-40d1-9f81-f1c19654fd05@group-1F53027F28E3, cid=2074, SUCCESS, logIndex=2928, commits[b50d6464-f54a-40d1-9f81-f1c19654fd05:c2928]
2019-09-12 09:26:17,902 [SCMBlockDeletingService#1] DEBUG block.SCMBlockDeletingService (SCMBlockDeletingService.java:call(138)) - Running DeletedBlockTransactionScanner
2019-09-12 09:26:17,902 [SCMBlockDeletingService#1] DEBUG block.SCMBlockDeletingService (SCMBlockDeletingService.java:call(155)) - Scanned deleted blocks log and got 0 delTX to process.
2019-09-12 09:26:18,002 [SCMBlockDeletingService#1] DEBUG block.SCMBlockDeletingService (SCMBlockDeletingService.java:call(138)) - Running DeletedBlockTransactionScanner
2019-09-12 09:26:18,003 [SCMBlockDeletingService#1] DEBUG block.SCMBlockDeletingService (SCMBlockDeletingService.java:call(155)) - Scanned deleted blocks log and got 0 delTX to process.
2019-09-12 09:26:18,103 [SCMBlockDeletingService#1] DEBUG block.SCMBlockDeletingService (SCMBlockDeletingService.java:call(138)) - Running DeletedBlockTransactionScanner
2019-09-12 09:26:18,103 [SCMBlockDeletingService#1] DEBUG block.SCMBlockDeletingService (SCMBlockDeletingService.java:call(155)) - Scanned deleted blocks log and got 0 delTX to process.
2019-09-12 09:26:18,204 [SCMBlockDeletingService#1] DEBUG block.SCMBlockDeletingService (SCMBlockDeletingService.java:call(138)) - Running DeletedBlockTransactionScanner
2019-09-12 09:26:18,204 [SCMBlockDeletingService#1] DEBUG block.SCMBlockDeletingService (SCMBlockDeletingService.java:call(155)) - Scanned deleted blocks log and got 0 delTX to process.
2019-09-12 09:26:18,304 [SCMBlockDeletingService#1] DEBUG block.SCMBlockDeletingService (SCMBlockDeletingService.java:call(138)) - Running DeletedBlockTransactionScanner
2019-09-12 09:26:18,306 [SCMBlockDeletingService#1] DEBUG block.SCMBlockDeletingService (SCMBlockDeletingService.java:call(155)) - Scanned deleted blocks log and got 0 delTX to process.
2019-09-12 09:26:18,406 [SCMBlockDeletingService#1] DEBUG block.SCMBlockDeletingService (SCMBlockDeletingService.java:call(138)) - Running DeletedBlockTransactionScanner
2019-09-12 09:26:18,407 [SCMBlockDeletingService#1] DEBUG block.SCMBlockDeletingService (SCMBlockDeletingService.java:call(155)) - Scanned deleted blocks log and got 0 delTX to process.
2019-09-12 09:26:18,507 [SCMBlockDeletingService#1] DEBUG block.SCMBlockDeletingService (SCMBlockDeletingService.java:call(138)) - Running DeletedBlockTransactionScanner
2019-09-12 09:26:18,507 [SCMBlockDeletingService#1] DEBUG block.SCMBlockDeletingService (SCMBlockDeletingService.java:call(155)) - Scanned deleted blocks log and got 0 delTX to process.
2019-09-12 09:26:18,608 [SCMBlockDeletingService#1] DEBUG block.SCMBlockDeletingService (SCMBlockDeletingService.java:call(138)) - Running DeletedBlockTransactionScanner
2019-09-12 09:26:18,608 [SCMBlockDeletingService#1] DEBUG block.SCMBlockDeletingService (SCMBlockDeletingService.java:call(155)) - Scanned deleted blocks log and got 0 delTX to process.
2019-09-12 09:26:18,708 [SCMBlockDeletingService#1] DEBUG block.SCMBlockDeletingService (SCMBlockDeletingService.java:call(138)) - Running DeletedBlockTransactionScanner
2019-09-12 09:26:18,709 [SCMBlockDeletingService#1] DEBUG block.SCMBlockDeletingService (SCMBlockDeletingService.java:call(155)) - Scanned deleted blocks log and got 0 delTX to process.
2019-09-12 09:26:18,809 [SCMBlockDeletingService#1] DEBUG block.SCMBlockDeletingService (SCMBlockDeletingService.java:call(138)) - Running DeletedBlockTransactionScanner
2019-09-12 09:26:18,809 [SCMBlockDeletingService#1] DEBUG block.SCMBlockDeletingService (SCMBlockDeletingService.java:call(155)) - Scanned deleted blocks log and got 0 delTX to process.
2019-09-12 09:26:18,910 [SCMBlockDeletingService#1] DEBUG block.SCMBlockDeletingService (SCMBlockDeletingService.java:call(138)) - Running DeletedBlockTransactionScanner
2019-09-12 09:26:18,910 [SCMBlockDeletingService#1] DEBUG block.SCMBlockDeletingService (SCMBlockDeletingService.java:call(155)) - Scanned deleted blocks log and got 0 delTX to process.
2019-09-12 09:26:18,925 [grpc-default-executor-1] INFO  client.GrpcClientProtocolClient (GrpcClientProtocolClient.java:onNext(264)) - client-8B023739F3BF->b50d6464-f54a-40d1-9f81-f1c19654fd05: receive RaftClientReply:client-8B023739F3BF->b50d6464-f54a-40d1-9f81-f1c19654fd05@group-1F53027F28E3, cid=2075, SUCCESS, logIndex=2929, commits[b50d6464-f54a-40d1-9f81-f1c19654fd05:c2931]
2019-09-12 09:26:18,925 [grpc-default-executor-1] INFO  client.GrpcClientProtocolClient (GrpcClientProtocolClient.java:onNext(264)) - client-8B023739F3BF->b50d6464-f54a-40d1-9f81-f1c19654fd05: receive RaftClientReply:client-8B023739F3BF->b50d6464-f54a-40d1-9f81-f1c19654fd05@group-1F53027F28E3, cid=2076, SUCCESS, logIndex=2930, commits[b50d6464-f54a-40d1-9f81-f1c19654fd05:c2931]
2019-09-12 09:26:19,010 [SCMBlockDeletingService#1] DEBUG block.SCMBlockDeletingService (SCMBlockDeletingService.java:call(138)) - Running DeletedBlockTransactionScanner
2019-09-12 09:26:19,011 [SCMBlockDeletingService#1] DEBUG block.SCMBlockDeletingService (SCMBlockDeletingService.java:call(155)) - Scanned deleted blocks log and got 0 delTX to process.
2019-09-12 09:26:19,069 [grpc-default-executor-1] INFO  client.GrpcClientProtocolClient (GrpcClientProtocolClient.java:onNext(264)) - client-8B023739F3BF->b50d6464-f54a-40d1-9f81-f1c19654fd05: receive RaftClientReply:client-8B023739F3BF->b50d6464-f54a-40d1-9f81-f1c19654fd05@group-1F53027F28E3, cid=2077, SUCCESS, logIndex=2932, commits[b50d6464-f54a-40d1-9f81-f1c19654fd05:c2935]
2019-09-12 09:26:19,070 [grpc-default-executor-1] INFO  client.GrpcClientProtocolClient (GrpcClientProtocolClient.java:onNext(264)) - client-8B023739F3BF->b50d6464-f54a-40d1-9f81-f1c19654fd05: receive RaftClientReply:client-8B023739F3BF->b50d6464-f54a-40d1-9f81-f1c19654fd05@group-1F53027F28E3, cid=2078, SUCCESS, logIndex=2933, commits[b50d6464-f54a-40d1-9f81-f1c19654fd05:c2935]
2019-09-12 09:26:19,070 [grpc-default-executor-1] INFO  client.GrpcClientProtocolClient (GrpcClientProtocolClient.java:onNext(264)) - client-8B023739F3BF->b50d6464-f54a-40d1-9f81-f1c19654fd05: receive RaftClientReply:client-8B023739F3BF->b50d6464-f54a-40d1-9f81-f1c19654fd05@group-1F53027F28E3, cid=2079, SUCCESS, logIndex=2934, commits[b50d6464-f54a-40d1-9f81-f1c19654fd05:c2936]
2019-09-12 09:26:19,071 [grpc-default-executor-1] INFO  client.GrpcClientProtocolClient (GrpcClientProtocolClient.java:onNext(264)) - client-8B023739F3BF->b50d6464-f54a-40d1-9f81-f1c19654fd05: receive RaftClientReply:client-8B023739F3BF->b50d6464-f54a-40d1-9f81-f1c19654fd05@group-1F53027F28E3, cid=2080, SUCCESS, logIndex=2935, commits[b50d6464-f54a-40d1-9f81-f1c19654fd05:c2937]
2019-09-12 09:26:19,105 [grpc-default-executor-2] INFO  client.GrpcClientProtocolClient (GrpcClientProtocolClient.java:onNext(264)) - client-8B023739F3BF->b50d6464-f54a-40d1-9f81-f1c19654fd05: receive RaftClientReply:client-8B023739F3BF->b50d6464-f54a-40d1-9f81-f1c19654fd05@group-1F53027F28E3, cid=2081, SUCCESS, logIndex=2938, commits[b50d6464-f54a-40d1-9f81-f1c19654fd05:c2941]
2019-09-12 09:26:19,105 [grpc-default-executor-2] INFO  client.GrpcClientProtocolClient (GrpcClientProtocolClient.java:onNext(264)) - client-8B023739F3BF->b50d6464-f54a-40d1-9f81-f1c19654fd05: receive RaftClientReply:client-8B023739F3BF->b50d6464-f54a-40d1-9f81-f1c19654fd05@group-1F53027F28E3, cid=2082, SUCCESS, logIndex=2939, commits[b50d6464-f54a-40d1-9f81-f1c19654fd05:c2941]
2019-09-12 09:26:19,106 [grpc-default-executor-2] INFO  client.GrpcClientProtocolClient (GrpcClientProtocolClient.java:onNext(264)) - client-8B023739F3BF->b50d6464-f54a-40d1-9f81-f1c19654fd05: receive RaftClientReply:client-8B023739F3BF->b50d6464-f54a-40d1-9f81-f1c19654fd05@group-1F53027F28E3, cid=2083, SUCCESS, logIndex=2940, commits[b50d6464-f54a-40d1-9f81-f1c19654fd05:c2942]
2019-09-12 09:26:19,106 [grpc-default-executor-2] INFO  client.GrpcClientProtocolClient (GrpcClientProtocolClient.java:onNext(264)) - client-8B023739F3BF->b50d6464-f54a-40d1-9f81-f1c19654fd05: receive RaftClientReply:client-8B023739F3BF->b50d6464-f54a-40d1-9f81-f1c19654fd05@group-1F53027F28E3, cid=2084, SUCCESS, logIndex=2941, commits[b50d6464-f54a-40d1-9f81-f1c19654fd05:c2943]
2019-09-12 09:26:19,111 [SCMBlockDeletingService#1] DEBUG block.SCMBlockDeletingService (SCMBlockDeletingService.java:call(138)) - Running DeletedBlockTransactionScanner
2019-09-12 09:26:19,111 [SCMBlockDeletingService#1] DEBUG block.SCMBlockDeletingService (SCMBlockDeletingService.java:call(155)) - Scanned deleted blocks log and got 0 delTX to process.
2019-09-12 09:26:19,118 [grpc-default-executor-2] INFO  client.GrpcClientProtocolClient (GrpcClientProtocolClient.java:onNext(264)) - client-8B023739F3BF->b50d6464-f54a-40d1-9f81-f1c19654fd05: receive RaftClientReply:client-8B023739F3BF->b50d6464-f54a-40d1-9f81-f1c19654fd05@group-1F53027F28E3, cid=2085, SUCCESS, logIndex=2944, commits[b50d6464-f54a-40d1-9f81-f1c19654fd05:c2945]
2019-09-12 09:26:19,119 [grpc-default-executor-2] INFO  client.GrpcClientProtocolClient (GrpcClientProtocolClient.java:onNext(264)) - client-8B023739F3BF->b50d6464-f54a-40d1-9f81-f1c19654fd05: receive RaftClientReply:client-8B023739F3BF->b50d6464-f54a-40d1-9f81-f1c19654fd05@group-1F53027F28E3, cid=2086, SUCCESS, logIndex=2945, commits[b50d6464-f54a-40d1-9f81-f1c19654fd05:c2945]
2019-09-12 09:26:19,120 [grpc-default-executor-2] INFO  client.GrpcClientProtocolClient (GrpcClientProtocolClient.java:onNext(264)) - client-8B023739F3BF->b50d6464-f54a-40d1-9f81-f1c19654fd05: receive RaftClientReply:client-8B023739F3BF->b50d6464-f54a-40d1-9f81-f1c19654fd05@group-1F53027F28E3, cid=2087, SUCCESS, logIndex=2946, commits[b50d6464-f54a-40d1-9f81-f1c19654fd05:c2948]
2019-09-12 09:26:19,121 [grpc-default-executor-2] INFO  client.GrpcClientProtocolClient (GrpcClientProtocolClient.java:onNext(264)) - client-8B023739F3BF->b50d6464-f54a-40d1-9f81-f1c19654fd05: receive RaftClientReply:client-8B023739F3BF->b50d6464-f54a-40d1-9f81-f1c19654fd05@group-1F53027F28E3, cid=2088, SUCCESS, logIndex=2947, commits[b50d6464-f54a-40d1-9f81-f1c19654fd05:c2948]
2019-09-12 09:26:19,153 [grpc-default-executor-2] INFO  client.GrpcClientProtocolClient (GrpcClientProtocolClient.java:onNext(264)) - client-8B023739F3BF->b50d6464-f54a-40d1-9f81-f1c19654fd05: receive RaftClientReply:client-8B023739F3BF->b50d6464-f54a-40d1-9f81-f1c19654fd05@group-1F53027F28E3, cid=2089, SUCCESS, logIndex=2949, commits[b50d6464-f54a-40d1-9f81-f1c19654fd05:c2952]
2019-09-12 09:26:19,154 [grpc-default-executor-2] INFO  client.GrpcClientProtocolClient (GrpcClientProtocolClient.java:onNext(264)) - client-8B023739F3BF->b50d6464-f54a-40d1-9f81-f1c19654fd05: receive RaftClientReply:client-8B023739F3BF->b50d6464-f54a-40d1-9f81-f1c19654fd05@group-1F53027F28E3, cid=2090, SUCCESS, logIndex=2950, commits[b50d6464-f54a-40d1-9f81-f1c19654fd05:c2953]
2019-09-12 09:26:19,154 [grpc-default-executor-2] INFO  client.GrpcClientProtocolClient (GrpcClientProtocolClient.java:onNext(264)) - client-8B023739F3BF->b50d6464-f54a-40d1-9f81-f1c19654fd05: receive RaftClientReply:client-8B023739F3BF->b50d6464-f54a-40d1-9f81-f1c19654fd05@group-1F53027F28E3, cid=2091, SUCCESS, logIndex=2951, commits[b50d6464-f54a-40d1-9f81-f1c19654fd05:c2953]
2019-09-12 09:26:19,155 [grpc-default-executor-2] INFO  client.GrpcClientProtocolClient (GrpcClientProtocolClient.java:onNext(264)) - client-8B023739F3BF->b50d6464-f54a-40d1-9f81-f1c19654fd05: receive RaftClientReply:client-8B023739F3BF->b50d6464-f54a-40d1-9f81-f1c19654fd05@group-1F53027F28E3, cid=2092, SUCCESS, logIndex=2952, commits[b50d6464-f54a-40d1-9f81-f1c19654fd05:c2953]
2019-09-12 09:26:19,167 [grpc-default-executor-1] INFO  client.GrpcClientProtocolClient (GrpcClientProtocolClient.java:onNext(264)) - client-8B023739F3BF->b50d6464-f54a-40d1-9f81-f1c19654fd05: receive RaftClientReply:client-8B023739F3BF->b50d6464-f54a-40d1-9f81-f1c19654fd05@group-1F53027F28E3, cid=2093, SUCCESS, logIndex=2954, commits[b50d6464-f54a-40d1-9f81-f1c19654fd05:c2957]
2019-09-12 09:26:19,168 [grpc-default-executor-1] INFO  client.GrpcClientProtocolClient (GrpcClientProtocolClient.java:onNext(264)) - client-8B023739F3BF->b50d6464-f54a-40d1-9f81-f1c19654fd05: receive RaftClientReply:client-8B023739F3BF->b50d6464-f54a-40d1-9f81-f1c19654fd05@group-1F53027F28E3, cid=2094, SUCCESS, logIndex=2955, commits[b50d6464-f54a-40d1-9f81-f1c19654fd05:c2957]
2019-09-12 09:26:19,168 [grpc-default-executor-1] INFO  client.GrpcClientProtocolClient (GrpcClientProtocolClient.java:onNext(264)) - client-8B023739F3BF->b50d6464-f54a-40d1-9f81-f1c19654fd05: receive RaftClientReply:client-8B023739F3BF->b50d6464-f54a-40d1-9f81-f1c19654fd05@group-1F53027F28E3, cid=2095, SUCCESS, logIndex=2956, commits[b50d6464-f54a-40d1-9f81-f1c19654fd05:c2958]
2019-09-12 09:26:19,169 [grpc-default-executor-1] INFO  client.GrpcClientProtocolClient (GrpcClientProtocolClient.java:onNext(264)) - client-8B023739F3BF->b50d6464-f54a-40d1-9f81-f1c19654fd05: receive RaftClientReply:client-8B023739F3BF->b50d6464-f54a-40d1-9f81-f1c19654fd05@group-1F53027F28E3, cid=2096, SUCCESS, logIndex=2957, commits[b50d6464-f54a-40d1-9f81-f1c19654fd05:c2958]
2019-09-12 09:26:19,197 [grpc-default-executor-2] INFO  client.GrpcClientProtocolClient (GrpcClientProtocolClient.java:onNext(264)) - client-8B023739F3BF->b50d6464-f54a-40d1-9f81-f1c19654fd05: receive RaftClientReply:client-8B023739F3BF->b50d6464-f54a-40d1-9f81-f1c19654fd05@group-1F53027F28E3, cid=2097, SUCCESS, logIndex=2959, commits[b50d6464-f54a-40d1-9f81-f1c19654fd05:c2960]
2019-09-12 09:26:19,197 [grpc-default-executor-2] INFO  client.GrpcClientProtocolClient (GrpcClientProtocolClient.java:onNext(264)) - client-8B023739F3BF->b50d6464-f54a-40d1-9f81-f1c19654fd05: receive RaftClientReply:client-8B023739F3BF->b50d6464-f54a-40d1-9f81-f1c19654fd05@group-1F53027F28E3, cid=2098, SUCCESS, logIndex=2960, commits[b50d6464-f54a-40d1-9f81-f1c19654fd05:c2962]
2019-09-12 09:26:19,198 [grpc-default-executor-2] INFO  client.GrpcClientProtocolClient (GrpcClientProtocolClient.java:onNext(264)) - client-8B023739F3BF->b50d6464-f54a-40d1-9f81-f1c19654fd05: receive RaftClientReply:client-8B023739F3BF->b50d6464-f54a-40d1-9f81-f1c19654fd05@group-1F53027F28E3, cid=2099, SUCCESS, logIndex=2961, commits[b50d6464-f54a-40d1-9f81-f1c19654fd05:c2963]
2019-09-12 09:26:19,198 [grpc-default-executor-2] INFO  client.GrpcClientProtocolClient (GrpcClientProtocolClient.java:onNext(264)) - client-8B023739F3BF->b50d6464-f54a-40d1-9f81-f1c19654fd05: receive RaftClientReply:client-8B023739F3BF->b50d6464-f54a-40d1-9f81-f1c19654fd05@group-1F53027F28E3, cid=2100, SUCCESS, logIndex=2962, commits[b50d6464-f54a-40d1-9f81-f1c19654fd05:c2963]
2019-09-12 09:26:19,209 [grpc-default-executor-2] INFO  client.GrpcClientProtocolClient (GrpcClientProtocolClient.java:onNext(264)) - client-8B023739F3BF->b50d6464-f54a-40d1-9f81-f1c19654fd05: receive RaftClientReply:client-8B023739F3BF->b50d6464-f54a-40d1-9f81-f1c19654fd05@group-1F53027F28E3, cid=2101, SUCCESS, logIndex=2965, commits[b50d6464-f54a-40d1-9f81-f1c19654fd05:c2966]
2019-09-12 09:26:19,210 [grpc-default-executor-2] INFO  client.GrpcClientProtocolClient (GrpcClientProtocolClient.java:onNext(264)) - client-8B023739F3BF->b50d6464-f54a-40d1-9f81-f1c19654fd05: receive RaftClientReply:client-8B023739F3BF->b50d6464-f54a-40d1-9f81-f1c19654fd05@group-1F53027F28E3, cid=2102, SUCCESS, logIndex=2966, commits[b50d6464-f54a-40d1-9f81-f1c19654fd05:c2966]
2019-09-12 09:26:19,211 [SCMBlockDeletingService#1] DEBUG block.SCMBlockDeletingService (SCMBlockDeletingService.java:call(138)) - Running DeletedBlockTransactionScanner
2019-09-12 09:26:19,212 [SCMBlockDeletingService#1] DEBUG block.SCMBlockDeletingService (SCMBlockDeletingService.java:call(155)) - Scanned deleted blocks log and got 0 delTX to process.
2019-09-12 09:26:19,212 [grpc-default-executor-2] INFO  client.GrpcClientProtocolClient (GrpcClientProtocolClient.java:onNext(264)) - client-8B023739F3BF->b50d6464-f54a-40d1-9f81-f1c19654fd05: receive RaftClientReply:client-8B023739F3BF->b50d6464-f54a-40d1-9f81-f1c19654fd05@group-1F53027F28E3, cid=2103, SUCCESS, logIndex=2967, commits[b50d6464-f54a-40d1-9f81-f1c19654fd05:c2969]
2019-09-12 09:26:19,213 [grpc-default-executor-2] INFO  client.GrpcClientProtocolClient (GrpcClientProtocolClient.java:onNext(264)) - client-8B023739F3BF->b50d6464-f54a-40d1-9f81-f1c19654fd05: receive RaftClientReply:client-8B023739F3BF->b50d6464-f54a-40d1-9f81-f1c19654fd05@group-1F53027F28E3, cid=2104, SUCCESS, logIndex=2968, commits[b50d6464-f54a-40d1-9f81-f1c19654fd05:c2969]
2019-09-12 09:26:19,245 [grpc-default-executor-2] INFO  client.GrpcClientProtocolClient (GrpcClientProtocolClient.java:onNext(264)) - client-8B023739F3BF->b50d6464-f54a-40d1-9f81-f1c19654fd05: receive RaftClientReply:client-8B023739F3BF->b50d6464-f54a-40d1-9f81-f1c19654fd05@group-1F53027F28E3, cid=2105, SUCCESS, logIndex=2970, commits[b50d6464-f54a-40d1-9f81-f1c19654fd05:c2973]
2019-09-12 09:26:19,245 [grpc-default-executor-2] INFO  client.GrpcClientProtocolClient (GrpcClientProtocolClient.java:onNext(264)) - client-8B023739F3BF->b50d6464-f54a-40d1-9f81-f1c19654fd05: receive RaftClientReply:client-8B023739F3BF->b50d6464-f54a-40d1-9f81-f1c19654fd05@group-1F53027F28E3, cid=2106, SUCCESS, logIndex=2971, commits[b50d6464-f54a-40d1-9f81-f1c19654fd05:c2974]
2019-09-12 09:26:19,246 [grpc-default-executor-2] INFO  client.GrpcClientProtocolClient (GrpcClientProtocolClient.java:onNext(264)) - client-8B023739F3BF->b50d6464-f54a-40d1-9f81-f1c19654fd05: receive RaftClientReply:client-8B023739F3BF->b50d6464-f54a-40d1-9f81-f1c19654fd05@group-1F53027F28E3, cid=2107, SUCCESS, logIndex=2972, commits[b50d6464-f54a-40d1-9f81-f1c19654fd05:c2974]
2019-09-12 09:26:19,331 [SCMBlockDeletingService#1] DEBUG block.SCMBlockDeletingService (SCMBlockDeletingService.java:call(138)) - Running DeletedBlockTransactionScanner
2019-09-12 09:26:19,332 [SCMBlockDeletingService#1] DEBUG block.SCMBlockDeletingService (SCMBlockDeletingService.java:call(155)) - Scanned deleted blocks log and got 0 delTX to process.
2019-09-12 09:26:19,332 [grpc-default-executor-2] INFO  client.GrpcClientProtocolClient (GrpcClientProtocolClient.java:onNext(264)) - client-8B023739F3BF->b50d6464-f54a-40d1-9f81-f1c19654fd05: receive RaftClientReply:client-8B023739F3BF->b50d6464-f54a-40d1-9f81-f1c19654fd05@group-1F53027F28E3, cid=2108, SUCCESS, logIndex=2973, commits[b50d6464-f54a-40d1-9f81-f1c19654fd05:c2974]
2019-09-12 09:26:19,353 [grpc-default-executor-2] INFO  client.GrpcClientProtocolClient (GrpcClientProtocolClient.java:onNext(264)) - client-8B023739F3BF->b50d6464-f54a-40d1-9f81-f1c19654fd05: receive RaftClientReply:client-8B023739F3BF->b50d6464-f54a-40d1-9f81-f1c19654fd05@group-1F53027F28E3, cid=2109, SUCCESS, logIndex=2975, commits[b50d6464-f54a-40d1-9f81-f1c19654fd05:c2978]
2019-09-12 09:26:19,353 [grpc-default-executor-2] INFO  client.GrpcClientProtocolClient (GrpcClientProtocolClient.java:onNext(264)) - client-8B023739F3BF->b50d6464-f54a-40d1-9f81-f1c19654fd05: receive RaftClientReply:client-8B023739F3BF->b50d6464-f54a-40d1-9f81-f1c19654fd05@group-1F53027F28E3, cid=2110, SUCCESS, logIndex=2976, commits[b50d6464-f54a-40d1-9f81-f1c19654fd05:c2978]
2019-09-12 09:26:19,353 [grpc-default-executor-2] INFO  client.GrpcClientProtocolClient (GrpcClientProtocolClient.java:onNext(264)) - client-8B023739F3BF->b50d6464-f54a-40d1-9f81-f1c19654fd05: receive RaftClientReply:client-8B023739F3BF->b50d6464-f54a-40d1-9f81-f1c19654fd05@group-1F53027F28E3, cid=2111, SUCCESS, logIndex=2977, commits[b50d6464-f54a-40d1-9f81-f1c19654fd05:c2979]
2019-09-12 09:26:19,354 [grpc-default-executor-2] INFO  client.GrpcClientProtocolClient (GrpcClientProtocolClient.java:onNext(264)) - client-8B023739F3BF->b50d6464-f54a-40d1-9f81-f1c19654fd05: receive RaftClientReply:client-8B023739F3BF->b50d6464-f54a-40d1-9f81-f1c19654fd05@group-1F53027F28E3, cid=2112, SUCCESS, logIndex=2978, commits[b50d6464-f54a-40d1-9f81-f1c19654fd05:c2979]
2019-09-12 09:26:19,380 [grpc-default-executor-2] INFO  client.GrpcClientProtocolClient (GrpcClientProtocolClient.java:onNext(264)) - client-8B023739F3BF->b50d6464-f54a-40d1-9f81-f1c19654fd05: receive RaftClientReply:client-8B023739F3BF->b50d6464-f54a-40d1-9f81-f1c19654fd05@group-1F53027F28E3, cid=2113, SUCCESS, logIndex=2980, commits[b50d6464-f54a-40d1-9f81-f1c19654fd05:c2983]
2019-09-12 09:26:19,380 [grpc-default-executor-2] INFO  client.GrpcClientProtocolClient (GrpcClientProtocolClient.java:onNext(264)) - client-8B023739F3BF->b50d6464-f54a-40d1-9f81-f1c19654fd05: receive RaftClientReply:client-8B023739F3BF->b50d6464-f54a-40d1-9f81-f1c19654fd05@group-1F53027F28E3, cid=2114, SUCCESS, logIndex=2981, commits[b50d6464-f54a-40d1-9f81-f1c19654fd05:c2984]
2019-09-12 09:26:19,381 [grpc-default-executor-2] INFO  client.GrpcClientProtocolClient (GrpcClientProtocolClient.java:onNext(264)) - client-8B023739F3BF->b50d6464-f54a-40d1-9f81-f1c19654fd05: receive RaftClientReply:client-8B023739F3BF->b50d6464-f54a-40d1-9f81-f1c19654fd05@group-1F53027F28E3, cid=2115, SUCCESS, logIndex=2982, commits[b50d6464-f54a-40d1-9f81-f1c19654fd05:c2984]
2019-09-12 09:26:19,381 [grpc-default-executor-2] INFO  client.GrpcClientProtocolClient (GrpcClientProtocolClient.java:onNext(264)) - client-8B023739F3BF->b50d6464-f54a-40d1-9f81-f1c19654fd05: receive RaftClientReply:client-8B023739F3BF->b50d6464-f54a-40d1-9f81-f1c19654fd05@group-1F53027F28E3, cid=2116, SUCCESS, logIndex=2983, commits[b50d6464-f54a-40d1-9f81-f1c19654fd05:c2984]
2019-09-12 09:26:19,401 [grpc-default-executor-1] INFO  client.GrpcClientProtocolClient (GrpcClientProtocolClient.java:onNext(264)) - client-8B023739F3BF->b50d6464-f54a-40d1-9f81-f1c19654fd05: receive RaftClientReply:client-8B023739F3BF->b50d6464-f54a-40d1-9f81-f1c19654fd05@group-1F53027F28E3, cid=2117, SUCCESS, logIndex=2985, commits[b50d6464-f54a-40d1-9f81-f1c19654fd05:c2988]
2019-09-12 09:26:19,402 [grpc-default-executor-1] INFO  client.GrpcClientProtocolClient (GrpcClientProtocolClient.java:onNext(264)) - client-8B023739F3BF->b50d6464-f54a-40d1-9f81-f1c19654fd05: receive RaftClientReply:client-8B023739F3BF->b50d6464-f54a-40d1-9f81-f1c19654fd05@group-1F53027F28E3, cid=2118, SUCCESS, logIndex=2986, commits[b50d6464-f54a-40d1-9f81-f1c19654fd05:c2989]
2019-09-12 09:26:19,402 [grpc-default-executor-1] INFO  client.GrpcClientProtocolClient (GrpcClientProtocolClient.java:onNext(264)) - client-8B023739F3BF->b50d6464-f54a-40d1-9f81-f1c19654fd05: receive RaftClientReply:client-8B023739F3BF->b50d6464-f54a-40d1-9f81-f1c19654fd05@group-1F53027F28E3, cid=2119, SUCCESS, logIndex=2987, commits[b50d6464-f54a-40d1-9f81-f1c19654fd05:c2989]
2019-09-12 09:26:19,402 [grpc-default-executor-1] INFO  client.GrpcClientProtocolClient (GrpcClientProtocolClient.java:onNext(264)) - client-8B023739F3BF->b50d6464-f54a-40d1-9f81-f1c19654fd05: receive RaftClientReply:client-8B023739F3BF->b50d6464-f54a-40d1-9f81-f1c19654fd05@group-1F53027F28E3, cid=2120, SUCCESS, logIndex=2988, commits[b50d6464-f54a-40d1-9f81-f1c19654fd05:c2989]
2019-09-12 09:26:19,432 [SCMBlockDeletingService#1] DEBUG block.SCMBlockDeletingService (SCMBlockDeletingService.java:call(138)) - Running DeletedBlockTransactionScanner
2019-09-12 09:26:19,432 [SCMBlockDeletingService#1] DEBUG block.SCMBlockDeletingService (SCMBlockDeletingService.java:call(155)) - Scanned deleted blocks log and got 0 delTX to process.
2019-09-12 09:26:19,528 [grpc-default-executor-1] INFO  client.GrpcClientProtocolClient (GrpcClientProtocolClient.java:onNext(264)) - client-8B023739F3BF->b50d6464-f54a-40d1-9f81-f1c19654fd05: receive RaftClientReply:client-8B023739F3BF->b50d6464-f54a-40d1-9f81-f1c19654fd05@group-1F53027F28E3, cid=2121, SUCCESS, logIndex=2990, commits[b50d6464-f54a-40d1-9f81-f1c19654fd05:c2993]
2019-09-12 09:26:19,529 [grpc-default-executor-1] INFO  client.GrpcClientProtocolClient (GrpcClientProtocolClient.java:onNext(264)) - client-8B023739F3BF->b50d6464-f54a-40d1-9f81-f1c19654fd05: receive RaftClientReply:client-8B023739F3BF->b50d6464-f54a-40d1-9f81-f1c19654fd05@group-1F53027F28E3, cid=2122, SUCCESS, logIndex=2991, commits[b50d6464-f54a-40d1-9f81-f1c19654fd05:c2994]
2019-09-12 09:26:19,529 [grpc-default-executor-1] INFO  client.GrpcClientProtocolClient (GrpcClientProtocolClient.java:onNext(264)) - client-8B023739F3BF->b50d6464-f54a-40d1-9f81-f1c19654fd05: receive RaftClientReply:client-8B023739F3BF->b50d6464-f54a-40d1-9f81-f1c19654fd05@group-1F53027F28E3, cid=2123, SUCCESS, logIndex=2992, commits[b50d6464-f54a-40d1-9f81-f1c19654fd05:c2994]
2019-09-12 09:26:19,529 [grpc-default-executor-1] INFO  client.GrpcClientProtocolClient (GrpcClientProtocolClient.java:onNext(264)) - client-8B023739F3BF->b50d6464-f54a-40d1-9f81-f1c19654fd05: receive RaftClientReply:client-8B023739F3BF->b50d6464-f54a-40d1-9f81-f1c19654fd05@group-1F53027F28E3, cid=2124, SUCCESS, logIndex=2993, commits[b50d6464-f54a-40d1-9f81-f1c19654fd05:c2994]
2019-09-12 09:26:19,533 [SCMBlockDeletingService#1] DEBUG block.SCMBlockDeletingService (SCMBlockDeletingService.java:call(138)) - Running DeletedBlockTransactionScanner
2019-09-12 09:26:19,533 [SCMBlockDeletingService#1] DEBUG block.SCMBlockDeletingService (SCMBlockDeletingService.java:call(155)) - Scanned deleted blocks log and got 0 delTX to process.
2019-09-12 09:26:19,546 [grpc-default-executor-1] INFO  client.GrpcClientProtocolClient (GrpcClientProtocolClient.java:onNext(264)) - client-8B023739F3BF->b50d6464-f54a-40d1-9f81-f1c19654fd05: receive RaftClientReply:client-8B023739F3BF->b50d6464-f54a-40d1-9f81-f1c19654fd05@group-1F53027F28E3, cid=2125, SUCCESS, logIndex=2995, commits[b50d6464-f54a-40d1-9f81-f1c19654fd05:c2998]
2019-09-12 09:26:19,546 [grpc-default-executor-1] INFO  client.GrpcClientProtocolClient (GrpcClientProtocolClient.java:onNext(264)) - client-8B023739F3BF->b50d6464-f54a-40d1-9f81-f1c19654fd05: receive RaftClientReply:client-8B023739F3BF->b50d6464-f54a-40d1-9f81-f1c19654fd05@group-1F53027F28E3, cid=2126, SUCCESS, logIndex=2996, commits[b50d6464-f54a-40d1-9f81-f1c19654fd05:c2999]
2019-09-12 09:26:19,547 [grpc-default-executor-1] INFO  client.GrpcClientProtocolClient (GrpcClientProtocolClient.java:onNext(264)) - client-8B023739F3BF->b50d6464-f54a-40d1-9f81-f1c19654fd05: receive RaftClientReply:client-8B023739F3BF->b50d6464-f54a-40d1-9f81-f1c19654fd05@group-1F53027F28E3, cid=2127, SUCCESS, logIndex=2997, commits[b50d6464-f54a-40d1-9f81-f1c19654fd05:c2999]
2019-09-12 09:26:19,547 [grpc-default-executor-1] INFO  client.GrpcClientProtocolClient (GrpcClientProtocolClient.java:onNext(264)) - client-8B023739F3BF->b50d6464-f54a-40d1-9f81-f1c19654fd05: receive RaftClientReply:client-8B023739F3BF->b50d6464-f54a-40d1-9f81-f1c19654fd05@group-1F53027F28E3, cid=2128, SUCCESS, logIndex=2998, commits[b50d6464-f54a-40d1-9f81-f1c19654fd05:c2999]
2019-09-12 09:26:19,575 [grpc-default-executor-1] INFO  client.GrpcClientProtocolClient (GrpcClientProtocolClient.java:onNext(264)) - client-8B023739F3BF->b50d6464-f54a-40d1-9f81-f1c19654fd05: receive RaftClientReply:client-8B023739F3BF->b50d6464-f54a-40d1-9f81-f1c19654fd05@group-1F53027F28E3, cid=2129, SUCCESS, logIndex=3000, commits[b50d6464-f54a-40d1-9f81-f1c19654fd05:c3003]
2019-09-12 09:26:19,576 [grpc-default-executor-1] INFO  client.GrpcClientProtocolClient (GrpcClientProtocolClient.java:onNext(264)) - client-8B023739F3BF->b50d6464-f54a-40d1-9f81-f1c19654fd05: receive RaftClientReply:client-8B023739F3BF->b50d6464-f54a-40d1-9f81-f1c19654fd05@group-1F53027F28E3, cid=2130, SUCCESS, logIndex=3001, commits[b50d6464-f54a-40d1-9f81-f1c19654fd05:c3003]
2019-09-12 09:26:19,576 [grpc-default-executor-1] INFO  client.GrpcClientProtocolClient (GrpcClientProtocolClient.java:onNext(264)) - client-8B023739F3BF->b50d6464-f54a-40d1-9f81-f1c19654fd05: receive RaftClientReply:client-8B023739F3BF->b50d6464-f54a-40d1-9f81-f1c19654fd05@group-1F53027F28E3, cid=2131, SUCCESS, logIndex=3002, commits[b50d6464-f54a-40d1-9f81-f1c19654fd05:c3004]
2019-09-12 09:26:19,576 [grpc-default-executor-1] INFO  client.GrpcClientProtocolClient (GrpcClientProtocolClient.java:onNext(264)) - client-8B023739F3BF->b50d6464-f54a-40d1-9f81-f1c19654fd05: receive RaftClientReply:client-8B023739F3BF->b50d6464-f54a-40d1-9f81-f1c19654fd05@group-1F53027F28E3, cid=2132, SUCCESS, logIndex=3003, commits[b50d6464-f54a-40d1-9f81-f1c19654fd05:c3004]
2019-09-12 09:26:19,598 [grpc-default-executor-2] INFO  client.GrpcClientProtocolClient (GrpcClientProtocolClient.java:onNext(264)) - client-8B023739F3BF->b50d6464-f54a-40d1-9f81-f1c19654fd05: receive RaftClientReply:client-8B023739F3BF->b50d6464-f54a-40d1-9f81-f1c19654fd05@group-1F53027F28E3, cid=2133, SUCCESS, logIndex=3005, commits[b50d6464-f54a-40d1-9f81-f1c19654fd05:c3008]
2019-09-12 09:26:19,598 [grpc-default-executor-2] INFO  client.GrpcClientProtocolClient (GrpcClientProtocolClient.java:onNext(264)) - client-8B023739F3BF->b50d6464-f54a-40d1-9f81-f1c19654fd05: receive RaftClientReply:client-8B023739F3BF->b50d6464-f54a-40d1-9f81-f1c19654fd05@group-1F53027F28E3, cid=2134, SUCCESS, logIndex=3006, commits[b50d6464-f54a-40d1-9f81-f1c19654fd05:c3009]
2019-09-12 09:26:19,598 [grpc-default-executor-2] INFO  client.GrpcClientProtocolClient (GrpcClientProtocolClient.java:onNext(264)) - client-8B023739F3BF->b50d6464-f54a-40d1-9f81-f1c19654fd05: receive RaftClientReply:client-8B023739F3BF->b50d6464-f54a-40d1-9f81-f1c19654fd05@group-1F53027F28E3, cid=2135, SUCCESS, logIndex=3007, commits[b50d6464-f54a-40d1-9f81-f1c19654fd05:c3009]
2019-09-12 09:26:19,598 [grpc-default-executor-2] INFO  client.GrpcClientProtocolClient (GrpcClientProtocolClient.java:onNext(264)) - client-8B023739F3BF->b50d6464-f54a-40d1-9f81-f1c19654fd05: receive RaftClientReply:client-8B023739F3BF->b50d6464-f54a-40d1-9f81-f1c19654fd05@group-1F53027F28E3, cid=2136, SUCCESS, logIndex=3008, commits[b50d6464-f54a-40d1-9f81-f1c19654fd05:c3009]
2019-09-12 09:26:19,633 [SCMBlockDeletingService#1] DEBUG block.SCMBlockDeletingService (SCMBlockDeletingService.java:call(138)) - Running DeletedBlockTransactionScanner
2019-09-12 09:26:19,633 [SCMBlockDeletingService#1] DEBUG block.SCMBlockDeletingService (SCMBlockDeletingService.java:call(155)) - Scanned deleted blocks log and got 0 delTX to process.
2019-09-12 09:26:19,734 [SCMBlockDeletingService#1] DEBUG block.SCMBlockDeletingService (SCMBlockDeletingService.java:call(138)) - Running DeletedBlockTransactionScanner
2019-09-12 09:26:19,734 [SCMBlockDeletingService#1] DEBUG block.SCMBlockDeletingService (SCMBlockDeletingService.java:call(155)) - Scanned deleted blocks log and got 0 delTX to process.
2019-09-12 09:26:19,834 [SCMBlockDeletingService#1] DEBUG block.SCMBlockDeletingService (SCMBlockDeletingService.java:call(138)) - Running DeletedBlockTransactionScanner
2019-09-12 09:26:19,834 [SCMBlockDeletingService#1] DEBUG block.SCMBlockDeletingService (SCMBlockDeletingService.java:call(155)) - Scanned deleted blocks log and got 0 delTX to process.
2019-09-12 09:26:19,935 [SCMBlockDeletingService#1] DEBUG block.SCMBlockDeletingService (SCMBlockDeletingService.java:call(138)) - Running DeletedBlockTransactionScanner
2019-09-12 09:26:19,935 [SCMBlockDeletingService#1] DEBUG block.SCMBlockDeletingService (SCMBlockDeletingService.java:call(155)) - Scanned deleted blocks log and got 0 delTX to process.
2019-09-12 09:26:20,035 [SCMBlockDeletingService#1] DEBUG block.SCMBlockDeletingService (SCMBlockDeletingService.java:call(138)) - Running DeletedBlockTransactionScanner
2019-09-12 09:26:20,035 [SCMBlockDeletingService#1] DEBUG block.SCMBlockDeletingService (SCMBlockDeletingService.java:call(155)) - Scanned deleted blocks log and got 0 delTX to process.
2019-09-12 09:26:20,136 [SCMBlockDeletingService#1] DEBUG block.SCMBlockDeletingService (SCMBlockDeletingService.java:call(138)) - Running DeletedBlockTransactionScanner
2019-09-12 09:26:20,136 [SCMBlockDeletingService#1] DEBUG block.SCMBlockDeletingService (SCMBlockDeletingService.java:call(155)) - Scanned deleted blocks log and got 0 delTX to process.
2019-09-12 09:26:20,236 [SCMBlockDeletingService#1] DEBUG block.SCMBlockDeletingService (SCMBlockDeletingService.java:call(138)) - Running DeletedBlockTransactionScanner
2019-09-12 09:26:20,236 [SCMBlockDeletingService#1] DEBUG block.SCMBlockDeletingService (SCMBlockDeletingService.java:call(155)) - Scanned deleted blocks log and got 0 delTX to process.
2019-09-12 09:26:20,317 [grpc-default-executor-2] INFO  client.GrpcClientProtocolClient (GrpcClientProtocolClient.java:onNext(264)) - client-8B023739F3BF->b50d6464-f54a-40d1-9f81-f1c19654fd05: receive RaftClientReply:client-8B023739F3BF->b50d6464-f54a-40d1-9f81-f1c19654fd05@group-1F53027F28E3, cid=2137, SUCCESS, logIndex=3010, commits[b50d6464-f54a-40d1-9f81-f1c19654fd05:c3011]
2019-09-12 09:26:20,317 [grpc-default-executor-2] INFO  client.GrpcClientProtocolClient (GrpcClientProtocolClient.java:onNext(264)) - client-8B023739F3BF->b50d6464-f54a-40d1-9f81-f1c19654fd05: receive RaftClientReply:client-8B023739F3BF->b50d6464-f54a-40d1-9f81-f1c19654fd05@group-1F53027F28E3, cid=2138, SUCCESS, logIndex=3011, commits[b50d6464-f54a-40d1-9f81-f1c19654fd05:c3013]
2019-09-12 09:26:20,318 [grpc-default-executor-2] INFO  client.GrpcClientProtocolClient (GrpcClientProtocolClient.java:onNext(264)) - client-8B023739F3BF->b50d6464-f54a-40d1-9f81-f1c19654fd05: receive RaftClientReply:client-8B023739F3BF->b50d6464-f54a-40d1-9f81-f1c19654fd05@group-1F53027F28E3, cid=2139, SUCCESS, logIndex=3012, commits[b50d6464-f54a-40d1-9f81-f1c19654fd05:c3013]
2019-09-12 09:26:20,318 [grpc-default-executor-2] INFO  client.GrpcClientProtocolClient (GrpcClientProtocolClient.java:onNext(264)) - client-8B023739F3BF->b50d6464-f54a-40d1-9f81-f1c19654fd05: receive RaftClientReply:client-8B023739F3BF->b50d6464-f54a-40d1-9f81-f1c19654fd05@group-1F53027F28E3, cid=2140, SUCCESS, logIndex=3013, commits[b50d6464-f54a-40d1-9f81-f1c19654fd05:c3014]
2019-09-12 09:26:20,336 [SCMBlockDeletingService#0] DEBUG block.SCMBlockDeletingService (SCMBlockDeletingService.java:call(138)) - Running DeletedBlockTransactionScanner
2019-09-12 09:26:20,337 [SCMBlockDeletingService#0] DEBUG block.SCMBlockDeletingService (SCMBlockDeletingService.java:call(155)) - Scanned deleted blocks log and got 0 delTX to process.
2019-09-12 09:26:20,338 [grpc-default-executor-1] INFO  client.GrpcClientProtocolClient (GrpcClientProtocolClient.java:onNext(264)) - client-8B023739F3BF->b50d6464-f54a-40d1-9f81-f1c19654fd05: receive RaftClientReply:client-8B023739F3BF->b50d6464-f54a-40d1-9f81-f1c19654fd05@group-1F53027F28E3, cid=2141, SUCCESS, logIndex=3016, commits[b50d6464-f54a-40d1-9f81-f1c19654fd05:c3017]
2019-09-12 09:26:20,338 [grpc-default-executor-1] INFO  client.GrpcClientProtocolClient (GrpcClientProtocolClient.java:onNext(264)) - client-8B023739F3BF->b50d6464-f54a-40d1-9f81-f1c19654fd05: receive RaftClientReply:client-8B023739F3BF->b50d6464-f54a-40d1-9f81-f1c19654fd05@group-1F53027F28E3, cid=2142, SUCCESS, logIndex=3017, commits[b50d6464-f54a-40d1-9f81-f1c19654fd05:c3017]
2019-09-12 09:26:20,338 [grpc-default-executor-1] INFO  client.GrpcClientProtocolClient (GrpcClientProtocolClient.java:onNext(264)) - client-8B023739F3BF->b50d6464-f54a-40d1-9f81-f1c19654fd05: receive RaftClientReply:client-8B023739F3BF->b50d6464-f54a-40d1-9f81-f1c19654fd05@group-1F53027F28E3, cid=2143, SUCCESS, logIndex=3018, commits[b50d6464-f54a-40d1-9f81-f1c19654fd05:c3019]
2019-09-12 09:26:20,339 [grpc-default-executor-2] INFO  client.GrpcClientProtocolClient (GrpcClientProtocolClient.java:onNext(264)) - client-8B023739F3BF->b50d6464-f54a-40d1-9f81-f1c19654fd05: receive RaftClientReply:client-8B023739F3BF->b50d6464-f54a-40d1-9f81-f1c19654fd05@group-1F53027F28E3, cid=2144, SUCCESS, logIndex=3019, commits[b50d6464-f54a-40d1-9f81-f1c19654fd05:c3019]
2019-09-12 09:26:20,367 [grpc-default-executor-1] INFO  client.GrpcClientProtocolClient (GrpcClientProtocolClient.java:onNext(264)) - client-8B023739F3BF->b50d6464-f54a-40d1-9f81-f1c19654fd05: receive RaftClientReply:client-8B023739F3BF->b50d6464-f54a-40d1-9f81-f1c19654fd05@group-1F53027F28E3, cid=2145, SUCCESS, logIndex=3022, commits[b50d6464-f54a-40d1-9f81-f1c19654fd05:c3023]
2019-09-12 09:26:20,367 [grpc-default-executor-1] INFO  client.GrpcClientProtocolClient (GrpcClientProtocolClient.java:onNext(264)) - client-8B023739F3BF->b50d6464-f54a-40d1-9f81-f1c19654fd05: receive RaftClientReply:client-8B023739F3BF->b50d6464-f54a-40d1-9f81-f1c19654fd05@group-1F53027F28E3, cid=2146, SUCCESS, logIndex=3023, commits[b50d6464-f54a-40d1-9f81-f1c19654fd05:c3025]
2019-09-12 09:26:20,368 [grpc-default-executor-1] INFO  client.GrpcClientProtocolClient (GrpcClientProtocolClient.java:onNext(264)) - client-8B023739F3BF->b50d6464-f54a-40d1-9f81-f1c19654fd05: receive RaftClientReply:client-8B023739F3BF->b50d6464-f54a-40d1-9f81-f1c19654fd05@group-1F53027F28E3, cid=2147, SUCCESS, logIndex=3024, commits[b50d6464-f54a-40d1-9f81-f1c19654fd05:c3026]
2019-09-12 09:26:20,368 [grpc-default-executor-1] INFO  client.GrpcClientProtocolClient (GrpcClientProtocolClient.java:onNext(264)) - client-8B023739F3BF->b50d6464-f54a-40d1-9f81-f1c19654fd05: receive RaftClientReply:client-8B023739F3BF->b50d6464-f54a-40d1-9f81-f1c19654fd05@group-1F53027F28E3, cid=2148, SUCCESS, logIndex=3025, commits[b50d6464-f54a-40d1-9f81-f1c19654fd05:c3026]
2019-09-12 09:26:20,387 [grpc-default-executor-2] INFO  client.GrpcClientProtocolClient (GrpcClientProtocolClient.java:onNext(264)) - client-8B023739F3BF->b50d6464-f54a-40d1-9f81-f1c19654fd05: receive RaftClientReply:client-8B023739F3BF->b50d6464-f54a-40d1-9f81-f1c19654fd05@group-1F53027F28E3, cid=2149, SUCCESS, logIndex=3028, commits[b50d6464-f54a-40d1-9f81-f1c19654fd05:c3029]
2019-09-12 09:26:20,388 [grpc-default-executor-2] INFO  client.GrpcClientProtocolClient (GrpcClientProtocolClient.java:onNext(264)) - client-8B023739F3BF->b50d6464-f54a-40d1-9f81-f1c19654fd05: receive RaftClientReply:client-8B023739F3BF->b50d6464-f54a-40d1-9f81-f1c19654fd05@group-1F53027F28E3, cid=2150, SUCCESS, logIndex=3029, commits[b50d6464-f54a-40d1-9f81-f1c19654fd05:c3029]
2019-09-12 09:26:20,391 [grpc-default-executor-2] INFO  client.GrpcClientProtocolClient (GrpcClientProtocolClient.java:onNext(264)) - client-8B023739F3BF->b50d6464-f54a-40d1-9f81-f1c19654fd05: receive RaftClientReply:client-8B023739F3BF->b50d6464-f54a-40d1-9f81-f1c19654fd05@group-1F53027F28E3, cid=2151, SUCCESS, logIndex=3030, commits[b50d6464-f54a-40d1-9f81-f1c19654fd05:c3031]
2019-09-12 09:26:20,391 [grpc-default-executor-2] INFO  client.GrpcClientProtocolClient (GrpcClientProtocolClient.java:onNext(264)) - client-8B023739F3BF->b50d6464-f54a-40d1-9f81-f1c19654fd05: receive RaftClientReply:client-8B023739F3BF->b50d6464-f54a-40d1-9f81-f1c19654fd05@group-1F53027F28E3, cid=2152, SUCCESS, logIndex=3031, commits[b50d6464-f54a-40d1-9f81-f1c19654fd05:c3033]
2019-09-12 09:26:20,424 [grpc-default-executor-1] INFO  client.GrpcClientProtocolClient (GrpcClientProtocolClient.java:onNext(264)) - client-8B023739F3BF->b50d6464-f54a-40d1-9f81-f1c19654fd05: receive RaftClientReply:client-8B023739F3BF->b50d6464-f54a-40d1-9f81-f1c19654fd05@group-1F53027F28E3, cid=2153, SUCCESS, logIndex=3034, commits[b50d6464-f54a-40d1-9f81-f1c19654fd05:c3037]
2019-09-12 09:26:20,424 [grpc-default-executor-1] INFO  client.GrpcClientProtocolClient (GrpcClientProtocolClient.java:onNext(264)) - client-8B023739F3BF->b50d6464-f54a-40d1-9f81-f1c19654fd05: receive RaftClientReply:client-8B023739F3BF->b50d6464-f54a-40d1-9f81-f1c19654fd05@group-1F53027F28E3, cid=2154, SUCCESS, logIndex=3035, commits[b50d6464-f54a-40d1-9f81-f1c19654fd05:c3037]
2019-09-12 09:26:20,425 [grpc-default-executor-1] INFO  client.GrpcClientProtocolClient (GrpcClientProtocolClient.java:onNext(264)) - client-8B023739F3BF->b50d6464-f54a-40d1-9f81-f1c19654fd05: receive RaftClientReply:client-8B023739F3BF->b50d6464-f54a-40d1-9f81-f1c19654fd05@group-1F53027F28E3, cid=2155, SUCCESS, logIndex=3036, commits[b50d6464-f54a-40d1-9f81-f1c19654fd05:c3038]
2019-09-12 09:26:20,425 [grpc-default-executor-1] INFO  client.GrpcClientProtocolClient (GrpcClientProtocolClient.java:onNext(264)) - client-8B023739F3BF->b50d6464-f54a-40d1-9f81-f1c19654fd05: receive RaftClientReply:client-8B023739F3BF->b50d6464-f54a-40d1-9f81-f1c19654fd05@group-1F53027F28E3, cid=2156, SUCCESS, logIndex=3037, commits[b50d6464-f54a-40d1-9f81-f1c19654fd05:c3039]
2019-09-12 09:26:20,437 [SCMBlockDeletingService#0] DEBUG block.SCMBlockDeletingService (SCMBlockDeletingService.java:call(138)) - Running DeletedBlockTransactionScanner
2019-09-12 09:26:20,437 [SCMBlockDeletingService#0] DEBUG block.SCMBlockDeletingService (SCMBlockDeletingService.java:call(155)) - Scanned deleted blocks log and got 0 delTX to process.
2019-09-12 09:26:20,449 [grpc-default-executor-1] INFO  client.GrpcClientProtocolClient (GrpcClientProtocolClient.java:onNext(264)) - client-8B023739F3BF->b50d6464-f54a-40d1-9f81-f1c19654fd05: receive RaftClientReply:client-8B023739F3BF->b50d6464-f54a-40d1-9f81-f1c19654fd05@group-1F53027F28E3, cid=2157, SUCCESS, logIndex=3040, commits[b50d6464-f54a-40d1-9f81-f1c19654fd05:c3041]
2019-09-12 09:26:20,449 [grpc-default-executor-1] INFO  client.GrpcClientProtocolClient (GrpcClientProtocolClient.java:onNext(264)) - client-8B023739F3BF->b50d6464-f54a-40d1-9f81-f1c19654fd05: receive RaftClientReply:client-8B023739F3BF->b50d6464-f54a-40d1-9f81-f1c19654fd05@group-1F53027F28E3, cid=2158, SUCCESS, logIndex=3041, commits[b50d6464-f54a-40d1-9f81-f1c19654fd05:c3041]
2019-09-12 09:26:20,450 [grpc-default-executor-1] INFO  client.GrpcClientProtocolClient (GrpcClientProtocolClient.java:onNext(264)) - client-8B023739F3BF->b50d6464-f54a-40d1-9f81-f1c19654fd05: receive RaftClientReply:client-8B023739F3BF->b50d6464-f54a-40d1-9f81-f1c19654fd05@group-1F53027F28E3, cid=2159, SUCCESS, logIndex=3042, commits[b50d6464-f54a-40d1-9f81-f1c19654fd05:c3043]
2019-09-12 09:26:20,450 [grpc-default-executor-1] INFO  client.GrpcClientProtocolClient (GrpcClientProtocolClient.java:onNext(264)) - client-8B023739F3BF->b50d6464-f54a-40d1-9f81-f1c19654fd05: receive RaftClientReply:client-8B023739F3BF->b50d6464-f54a-40d1-9f81-f1c19654fd05@group-1F53027F28E3, cid=2160, SUCCESS, logIndex=3043, commits[b50d6464-f54a-40d1-9f81-f1c19654fd05:c3044]
2019-09-12 09:26:20,479 [grpc-default-executor-1] INFO  client.GrpcClientProtocolClient (GrpcClientProtocolClient.java:onNext(264)) - client-8B023739F3BF->b50d6464-f54a-40d1-9f81-f1c19654fd05: receive RaftClientReply:client-8B023739F3BF->b50d6464-f54a-40d1-9f81-f1c19654fd05@group-1F53027F28E3, cid=2161, SUCCESS, logIndex=3046, commits[b50d6464-f54a-40d1-9f81-f1c19654fd05:c3047]
2019-09-12 09:26:20,480 [grpc-default-executor-1] INFO  client.GrpcClientProtocolClient (GrpcClientProtocolClient.java:onNext(264)) - client-8B023739F3BF->b50d6464-f54a-40d1-9f81-f1c19654fd05: receive RaftClientReply:client-8B023739F3BF->b50d6464-f54a-40d1-9f81-f1c19654fd05@group-1F53027F28E3, cid=2162, SUCCESS, logIndex=3047, commits[b50d6464-f54a-40d1-9f81-f1c19654fd05:c3047]
2019-09-12 09:26:20,480 [grpc-default-executor-1] INFO  client.GrpcClientProtocolClient (GrpcClientProtocolClient.java:onNext(264)) - client-8B023739F3BF->b50d6464-f54a-40d1-9f81-f1c19654fd05: receive RaftClientReply:client-8B023739F3BF->b50d6464-f54a-40d1-9f81-f1c19654fd05@group-1F53027F28E3, cid=2163, SUCCESS, logIndex=3048, commits[b50d6464-f54a-40d1-9f81-f1c19654fd05:c3049]
2019-09-12 09:26:20,480 [grpc-default-executor-1] INFO  client.GrpcClientProtocolClient (GrpcClientProtocolClient.java:onNext(264)) - client-8B023739F3BF->b50d6464-f54a-40d1-9f81-f1c19654fd05: receive RaftClientReply:client-8B023739F3BF->b50d6464-f54a-40d1-9f81-f1c19654fd05@group-1F53027F28E3, cid=2164, SUCCESS, logIndex=3049, commits[b50d6464-f54a-40d1-9f81-f1c19654fd05:c3049]
2019-09-12 09:26:20,498 [grpc-default-executor-1] INFO  client.GrpcClientProtocolClient (GrpcClientProtocolClient.java:onNext(264)) - client-8B023739F3BF->b50d6464-f54a-40d1-9f81-f1c19654fd05: receive RaftClientReply:client-8B023739F3BF->b50d6464-f54a-40d1-9f81-f1c19654fd05@group-1F53027F28E3, cid=2165, SUCCESS, logIndex=3052, commits[b50d6464-f54a-40d1-9f81-f1c19654fd05:c3053]
2019-09-12 09:26:20,498 [grpc-default-executor-1] INFO  client.GrpcClientProtocolClient (GrpcClientProtocolClient.java:onNext(264)) - client-8B023739F3BF->b50d6464-f54a-40d1-9f81-f1c19654fd05: receive RaftClientReply:client-8B023739F3BF->b50d6464-f54a-40d1-9f81-f1c19654fd05@group-1F53027F28E3, cid=2166, SUCCESS, logIndex=3053, commits[b50d6464-f54a-40d1-9f81-f1c19654fd05:c3053]
2019-09-12 09:26:20,537 [SCMBlockDeletingService#1] DEBUG block.SCMBlockDeletingService (SCMBlockDeletingService.java:call(138)) - Running DeletedBlockTransactionScanner
2019-09-12 09:26:20,538 [SCMBlockDeletingService#1] DEBUG block.SCMBlockDeletingService (SCMBlockDeletingService.java:call(155)) - Scanned deleted blocks log and got 0 delTX to process.
2019-09-12 09:26:20,598 [grpc-default-executor-2] INFO  client.GrpcClientProtocolClient (GrpcClientProtocolClient.java:onNext(264)) - client-8B023739F3BF->b50d6464-f54a-40d1-9f81-f1c19654fd05: receive RaftClientReply:client-8B023739F3BF->b50d6464-f54a-40d1-9f81-f1c19654fd05@group-1F53027F28E3, cid=2167, SUCCESS, logIndex=3055, commits[b50d6464-f54a-40d1-9f81-f1c19654fd05:c3056]
2019-09-12 09:26:20,599 [grpc-default-executor-2] INFO  client.GrpcClientProtocolClient (GrpcClientProtocolClient.java:onNext(264)) - client-8B023739F3BF->b50d6464-f54a-40d1-9f81-f1c19654fd05: receive RaftClientReply:client-8B023739F3BF->b50d6464-f54a-40d1-9f81-f1c19654fd05@group-1F53027F28E3, cid=2168, SUCCESS, logIndex=3056, commits[b50d6464-f54a-40d1-9f81-f1c19654fd05:c3056]
2019-09-12 09:26:20,625 [grpc-default-executor-2] INFO  client.GrpcClientProtocolClient (GrpcClientProtocolClient.java:onNext(264)) - client-8B023739F3BF->b50d6464-f54a-40d1-9f81-f1c19654fd05: receive RaftClientReply:client-8B023739F3BF->b50d6464-f54a-40d1-9f81-f1c19654fd05@group-1F53027F28E3, cid=2169, SUCCESS, logIndex=3058, commits[b50d6464-f54a-40d1-9f81-f1c19654fd05:c3061]
2019-09-12 09:26:20,625 [grpc-default-executor-2] INFO  client.GrpcClientProtocolClient (GrpcClientProtocolClient.java:onNext(264)) - client-8B023739F3BF->b50d6464-f54a-40d1-9f81-f1c19654fd05: receive RaftClientReply:client-8B023739F3BF->b50d6464-f54a-40d1-9f81-f1c19654fd05@group-1F53027F28E3, cid=2170, SUCCESS, logIndex=3059, commits[b50d6464-f54a-40d1-9f81-f1c19654fd05:c3062]
2019-09-12 09:26:20,626 [grpc-default-executor-2] INFO  client.GrpcClientProtocolClient (GrpcClientProtocolClient.java:onNext(264)) - client-8B023739F3BF->b50d6464-f54a-40d1-9f81-f1c19654fd05: receive RaftClientReply:client-8B023739F3BF->b50d6464-f54a-40d1-9f81-f1c19654fd05@group-1F53027F28E3, cid=2171, SUCCESS, logIndex=3060, commits[b50d6464-f54a-40d1-9f81-f1c19654fd05:c3062]
2019-09-12 09:26:20,626 [grpc-default-executor-2] INFO  client.GrpcClientProtocolClient (GrpcClientProtocolClient.java:onNext(264)) - client-8B023739F3BF->b50d6464-f54a-40d1-9f81-f1c19654fd05: receive RaftClientReply:client-8B023739F3BF->b50d6464-f54a-40d1-9f81-f1c19654fd05@group-1F53027F28E3, cid=2172, SUCCESS, logIndex=3061, commits[b50d6464-f54a-40d1-9f81-f1c19654fd05:c3062]
2019-09-12 09:26:20,638 [SCMBlockDeletingService#1] DEBUG block.SCMBlockDeletingService (SCMBlockDeletingService.java:call(138)) - Running DeletedBlockTransactionScanner
2019-09-12 09:26:20,638 [SCMBlockDeletingService#1] DEBUG block.SCMBlockDeletingService (SCMBlockDeletingService.java:call(155)) - Scanned deleted blocks log and got 0 delTX to process.
2019-09-12 09:26:20,645 [grpc-default-executor-2] INFO  client.GrpcClientProtocolClient (GrpcClientProtocolClient.java:onNext(264)) - client-8B023739F3BF->b50d6464-f54a-40d1-9f81-f1c19654fd05: receive RaftClientReply:client-8B023739F3BF->b50d6464-f54a-40d1-9f81-f1c19654fd05@group-1F53027F28E3, cid=2173, SUCCESS, logIndex=3063, commits[b50d6464-f54a-40d1-9f81-f1c19654fd05:c3064]
2019-09-12 09:26:20,645 [grpc-default-executor-2] INFO  client.GrpcClientProtocolClient (GrpcClientProtocolClient.java:onNext(264)) - client-8B023739F3BF->b50d6464-f54a-40d1-9f81-f1c19654fd05: receive RaftClientReply:client-8B023739F3BF->b50d6464-f54a-40d1-9f81-f1c19654fd05@group-1F53027F28E3, cid=2174, SUCCESS, logIndex=3064, commits[b50d6464-f54a-40d1-9f81-f1c19654fd05:c3066]
2019-09-12 09:26:20,646 [grpc-default-executor-2] INFO  client.GrpcClientProtocolClient (GrpcClientProtocolClient.java:onNext(264)) - client-8B023739F3BF->b50d6464-f54a-40d1-9f81-f1c19654fd05: receive RaftClientReply:client-8B023739F3BF->b50d6464-f54a-40d1-9f81-f1c19654fd05@group-1F53027F28E3, cid=2175, SUCCESS, logIndex=3065, commits[b50d6464-f54a-40d1-9f81-f1c19654fd05:c3067]
2019-09-12 09:26:20,646 [grpc-default-executor-2] INFO  client.GrpcClientProtocolClient (GrpcClientProtocolClient.java:onNext(264)) - client-8B023739F3BF->b50d6464-f54a-40d1-9f81-f1c19654fd05: receive RaftClientReply:client-8B023739F3BF->b50d6464-f54a-40d1-9f81-f1c19654fd05@group-1F53027F28E3, cid=2176, SUCCESS, logIndex=3066, commits[b50d6464-f54a-40d1-9f81-f1c19654fd05:c3067]
2019-09-12 09:26:20,674 [grpc-default-executor-2] INFO  client.GrpcClientProtocolClient (GrpcClientProtocolClient.java:onNext(264)) - client-8B023739F3BF->b50d6464-f54a-40d1-9f81-f1c19654fd05: receive RaftClientReply:client-8B023739F3BF->b50d6464-f54a-40d1-9f81-f1c19654fd05@group-1F53027F28E3, cid=2177, SUCCESS, logIndex=3069, commits[b50d6464-f54a-40d1-9f81-f1c19654fd05:c3070]
2019-09-12 09:26:20,675 [grpc-default-executor-2] INFO  client.GrpcClientProtocolClient (GrpcClientProtocolClient.java:onNext(264)) - client-8B023739F3BF->b50d6464-f54a-40d1-9f81-f1c19654fd05: receive RaftClientReply:client-8B023739F3BF->b50d6464-f54a-40d1-9f81-f1c19654fd05@group-1F53027F28E3, cid=2178, SUCCESS, logIndex=3070, commits[b50d6464-f54a-40d1-9f81-f1c19654fd05:c3072]
2019-09-12 09:26:20,675 [grpc-default-executor-2] INFO  client.GrpcClientProtocolClient (GrpcClientProtocolClient.java:onNext(264)) - client-8B023739F3BF->b50d6464-f54a-40d1-9f81-f1c19654fd05: receive RaftClientReply:client-8B023739F3BF->b50d6464-f54a-40d1-9f81-f1c19654fd05@group-1F53027F28E3, cid=2179, SUCCESS, logIndex=3071, commits[b50d6464-f54a-40d1-9f81-f1c19654fd05:c3073]
2019-09-12 09:26:20,675 [grpc-default-executor-2] INFO  client.GrpcClientProtocolClient (GrpcClientProtocolClient.java:onNext(264)) - client-8B023739F3BF->b50d6464-f54a-40d1-9f81-f1c19654fd05: receive RaftClientReply:client-8B023739F3BF->b50d6464-f54a-40d1-9f81-f1c19654fd05@group-1F53027F28E3, cid=2180, SUCCESS, logIndex=3072, commits[b50d6464-f54a-40d1-9f81-f1c19654fd05:c3074]
2019-09-12 09:26:20,694 [grpc-default-executor-2] INFO  client.GrpcClientProtocolClient (GrpcClientProtocolClient.java:onNext(264)) - client-8B023739F3BF->b50d6464-f54a-40d1-9f81-f1c19654fd05: receive RaftClientReply:client-8B023739F3BF->b50d6464-f54a-40d1-9f81-f1c19654fd05@group-1F53027F28E3, cid=2181, SUCCESS, logIndex=3075, commits[b50d6464-f54a-40d1-9f81-f1c19654fd05:c3076]
2019-09-12 09:26:20,694 [grpc-default-executor-2] INFO  client.GrpcClientProtocolClient (GrpcClientProtocolClient.java:onNext(264)) - client-8B023739F3BF->b50d6464-f54a-40d1-9f81-f1c19654fd05: receive RaftClientReply:client-8B023739F3BF->b50d6464-f54a-40d1-9f81-f1c19654fd05@group-1F53027F28E3, cid=2182, SUCCESS, logIndex=3076, commits[b50d6464-f54a-40d1-9f81-f1c19654fd05:c3078]
2019-09-12 09:26:20,695 [grpc-default-executor-2] INFO  client.GrpcClientProtocolClient (GrpcClientProtocolClient.java:onNext(264)) - client-8B023739F3BF->b50d6464-f54a-40d1-9f81-f1c19654fd05: receive RaftClientReply:client-8B023739F3BF->b50d6464-f54a-40d1-9f81-f1c19654fd05@group-1F53027F28E3, cid=2183, SUCCESS, logIndex=3077, commits[b50d6464-f54a-40d1-9f81-f1c19654fd05:c3079]
2019-09-12 09:26:20,695 [grpc-default-executor-2] INFO  client.GrpcClientProtocolClient (GrpcClientProtocolClient.java:onNext(264)) - client-8B023739F3BF->b50d6464-f54a-40d1-9f81-f1c19654fd05: receive RaftClientReply:client-8B023739F3BF->b50d6464-f54a-40d1-9f81-f1c19654fd05@group-1F53027F28E3, cid=2184, SUCCESS, logIndex=3078, commits[b50d6464-f54a-40d1-9f81-f1c19654fd05:c3080]
2019-09-12 09:26:20,723 [grpc-default-executor-2] INFO  client.GrpcClientProtocolClient (GrpcClientProtocolClient.java:onNext(264)) - client-8B023739F3BF->b50d6464-f54a-40d1-9f81-f1c19654fd05: receive RaftClientReply:client-8B023739F3BF->b50d6464-f54a-40d1-9f81-f1c19654fd05@group-1F53027F28E3, cid=2185, SUCCESS, logIndex=3081, commits[b50d6464-f54a-40d1-9f81-f1c19654fd05:c3082]
2019-09-12 09:26:20,723 [grpc-default-executor-2] INFO  client.GrpcClientProtocolClient (GrpcClientProtocolClient.java:onNext(264)) - client-8B023739F3BF->b50d6464-f54a-40d1-9f81-f1c19654fd05: receive RaftClientReply:client-8B023739F3BF->b50d6464-f54a-40d1-9f81-f1c19654fd05@group-1F53027F28E3, cid=2186, SUCCESS, logIndex=3082, commits[b50d6464-f54a-40d1-9f81-f1c19654fd05:c3084]
2019-09-12 09:26:20,723 [grpc-default-executor-2] INFO  client.GrpcClientProtocolClient (GrpcClientProtocolClient.java:onNext(264)) - client-8B023739F3BF->b50d6464-f54a-40d1-9f81-f1c19654fd05: receive RaftClientReply:client-8B023739F3BF->b50d6464-f54a-40d1-9f81-f1c19654fd05@group-1F53027F28E3, cid=2187, SUCCESS, logIndex=3083, commits[b50d6464-f54a-40d1-9f81-f1c19654fd05:c3084]
2019-09-12 09:26:20,724 [grpc-default-executor-2] INFO  client.GrpcClientProtocolClient (GrpcClientProtocolClient.java:onNext(264)) - client-8B023739F3BF->b50d6464-f54a-40d1-9f81-f1c19654fd05: receive RaftClientReply:client-8B023739F3BF->b50d6464-f54a-40d1-9f81-f1c19654fd05@group-1F53027F28E3, cid=2188, SUCCESS, logIndex=3084, commits[b50d6464-f54a-40d1-9f81-f1c19654fd05:c3085]
2019-09-12 09:26:20,739 [SCMBlockDeletingService#1] DEBUG block.SCMBlockDeletingService (SCMBlockDeletingService.java:call(138)) - Running DeletedBlockTransactionScanner
2019-09-12 09:26:20,739 [SCMBlockDeletingService#1] DEBUG block.SCMBlockDeletingService (SCMBlockDeletingService.java:call(155)) - Scanned deleted blocks log and got 0 delTX to process.
2019-09-12 09:26:20,742 [grpc-default-executor-2] INFO  client.GrpcClientProtocolClient (GrpcClientProtocolClient.java:onNext(264)) - client-8B023739F3BF->b50d6464-f54a-40d1-9f81-f1c19654fd05: receive RaftClientReply:client-8B023739F3BF->b50d6464-f54a-40d1-9f81-f1c19654fd05@group-1F53027F28E3, cid=2189, SUCCESS, logIndex=3087, commits[b50d6464-f54a-40d1-9f81-f1c19654fd05:c3088]
2019-09-12 09:26:20,742 [grpc-default-executor-2] INFO  client.GrpcClientProtocolClient (GrpcClientProtocolClient.java:onNext(264)) - client-8B023739F3BF->b50d6464-f54a-40d1-9f81-f1c19654fd05: receive RaftClientReply:client-8B023739F3BF->b50d6464-f54a-40d1-9f81-f1c19654fd05@group-1F53027F28E3, cid=2190, SUCCESS, logIndex=3088, commits[b50d6464-f54a-40d1-9f81-f1c19654fd05:c3090]
2019-09-12 09:26:20,743 [grpc-default-executor-2] INFO  client.GrpcClientProtocolClient (GrpcClientProtocolClient.java:onNext(264)) - client-8B023739F3BF->b50d6464-f54a-40d1-9f81-f1c19654fd05: receive RaftClientReply:client-8B023739F3BF->b50d6464-f54a-40d1-9f81-f1c19654fd05@group-1F53027F28E3, cid=2191, SUCCESS, logIndex=3089, commits[b50d6464-f54a-40d1-9f81-f1c19654fd05:c3090]
2019-09-12 09:26:20,743 [grpc-default-executor-2] INFO  client.GrpcClientProtocolClient (GrpcClientProtocolClient.java:onNext(264)) - client-8B023739F3BF->b50d6464-f54a-40d1-9f81-f1c19654fd05: receive RaftClientReply:client-8B023739F3BF->b50d6464-f54a-40d1-9f81-f1c19654fd05@group-1F53027F28E3, cid=2192, SUCCESS, logIndex=3090, commits[b50d6464-f54a-40d1-9f81-f1c19654fd05:c3091]
2019-09-12 09:26:20,769 [grpc-default-executor-2] INFO  client.GrpcClientProtocolClient (GrpcClientProtocolClient.java:onNext(264)) - client-8B023739F3BF->b50d6464-f54a-40d1-9f81-f1c19654fd05: receive RaftClientReply:client-8B023739F3BF->b50d6464-f54a-40d1-9f81-f1c19654fd05@group-1F53027F28E3, cid=2193, SUCCESS, logIndex=3093, commits[b50d6464-f54a-40d1-9f81-f1c19654fd05:c3096]
2019-09-12 09:26:20,769 [grpc-default-executor-2] INFO  client.GrpcClientProtocolClient (GrpcClientProtocolClient.java:onNext(264)) - client-8B023739F3BF->b50d6464-f54a-40d1-9f81-f1c19654fd05: receive RaftClientReply:client-8B023739F3BF->b50d6464-f54a-40d1-9f81-f1c19654fd05@group-1F53027F28E3, cid=2194, SUCCESS, logIndex=3094, commits[b50d6464-f54a-40d1-9f81-f1c19654fd05:c3096]
2019-09-12 09:26:20,770 [grpc-default-executor-2] INFO  client.GrpcClientProtocolClient (GrpcClientProtocolClient.java:onNext(264)) - client-8B023739F3BF->b50d6464-f54a-40d1-9f81-f1c19654fd05: receive RaftClientReply:client-8B023739F3BF->b50d6464-f54a-40d1-9f81-f1c19654fd05@group-1F53027F28E3, cid=2195, SUCCESS, logIndex=3095, commits[b50d6464-f54a-40d1-9f81-f1c19654fd05:c3097]
2019-09-12 09:26:20,770 [grpc-default-executor-2] INFO  client.GrpcClientProtocolClient (GrpcClientProtocolClient.java:onNext(264)) - client-8B023739F3BF->b50d6464-f54a-40d1-9f81-f1c19654fd05: receive RaftClientReply:client-8B023739F3BF->b50d6464-f54a-40d1-9f81-f1c19654fd05@group-1F53027F28E3, cid=2196, SUCCESS, logIndex=3096, commits[b50d6464-f54a-40d1-9f81-f1c19654fd05:c3097]
2019-09-12 09:26:20,839 [SCMBlockDeletingService#1] DEBUG block.SCMBlockDeletingService (SCMBlockDeletingService.java:call(138)) - Running DeletedBlockTransactionScanner
2019-09-12 09:26:20,840 [SCMBlockDeletingService#1] DEBUG block.SCMBlockDeletingService (SCMBlockDeletingService.java:call(155)) - Scanned deleted blocks log and got 0 delTX to process.
2019-09-12 09:26:20,940 [SCMBlockDeletingService#1] DEBUG block.SCMBlockDeletingService (SCMBlockDeletingService.java:call(138)) - Running DeletedBlockTransactionScanner
2019-09-12 09:26:20,940 [SCMBlockDeletingService#1] DEBUG block.SCMBlockDeletingService (SCMBlockDeletingService.java:call(155)) - Scanned deleted blocks log and got 0 delTX to process.
2019-09-12 09:26:21,041 [SCMBlockDeletingService#1] DEBUG block.SCMBlockDeletingService (SCMBlockDeletingService.java:call(138)) - Running DeletedBlockTransactionScanner
2019-09-12 09:26:21,041 [SCMBlockDeletingService#1] DEBUG block.SCMBlockDeletingService (SCMBlockDeletingService.java:call(155)) - Scanned deleted blocks log and got 0 delTX to process.
2019-09-12 09:26:21,112 [grpc-default-executor-2] INFO  client.GrpcClientProtocolClient (GrpcClientProtocolClient.java:onNext(264)) - client-8B023739F3BF->b50d6464-f54a-40d1-9f81-f1c19654fd05: receive RaftClientReply:client-8B023739F3BF->b50d6464-f54a-40d1-9f81-f1c19654fd05@group-1F53027F28E3, cid=2197, SUCCESS, logIndex=3099, commits[b50d6464-f54a-40d1-9f81-f1c19654fd05:c3102]
2019-09-12 09:26:21,112 [grpc-default-executor-2] INFO  client.GrpcClientProtocolClient (GrpcClientProtocolClient.java:onNext(264)) - client-8B023739F3BF->b50d6464-f54a-40d1-9f81-f1c19654fd05: receive RaftClientReply:client-8B023739F3BF->b50d6464-f54a-40d1-9f81-f1c19654fd05@group-1F53027F28E3, cid=2198, SUCCESS, logIndex=3100, commits[b50d6464-f54a-40d1-9f81-f1c19654fd05:c3103]
2019-09-12 09:26:21,113 [grpc-default-executor-2] INFO  client.GrpcClientProtocolClient (GrpcClientProtocolClient.java:onNext(264)) - client-8B023739F3BF->b50d6464-f54a-40d1-9f81-f1c19654fd05: receive RaftClientReply:client-8B023739F3BF->b50d6464-f54a-40d1-9f81-f1c19654fd05@group-1F53027F28E3, cid=2199, SUCCESS, logIndex=3101, commits[b50d6464-f54a-40d1-9f81-f1c19654fd05:c3103]
2019-09-12 09:26:21,113 [grpc-default-executor-2] INFO  client.GrpcClientProtocolClient (GrpcClientProtocolClient.java:onNext(264)) - client-8B023739F3BF->b50d6464-f54a-40d1-9f81-f1c19654fd05: receive RaftClientReply:client-8B023739F3BF->b50d6464-f54a-40d1-9f81-f1c19654fd05@group-1F53027F28E3, cid=2200, SUCCESS, logIndex=3102, commits[b50d6464-f54a-40d1-9f81-f1c19654fd05:c3104]
2019-09-12 09:26:21,274 [SCMBlockDeletingService#1] DEBUG block.SCMBlockDeletingService (SCMBlockDeletingService.java:call(138)) - Running DeletedBlockTransactionScanner
2019-09-12 09:26:21,275 [SCMBlockDeletingService#1] DEBUG block.SCMBlockDeletingService (SCMBlockDeletingService.java:call(155)) - Scanned deleted blocks log and got 0 delTX to process.
2019-09-12 09:26:21,302 [grpc-default-executor-1] INFO  client.GrpcClientProtocolClient (GrpcClientProtocolClient.java:onNext(264)) - client-8B023739F3BF->b50d6464-f54a-40d1-9f81-f1c19654fd05: receive RaftClientReply:client-8B023739F3BF->b50d6464-f54a-40d1-9f81-f1c19654fd05@group-1F53027F28E3, cid=2201, SUCCESS, logIndex=3105, commits[b50d6464-f54a-40d1-9f81-f1c19654fd05:c3106]
2019-09-12 09:26:21,302 [grpc-default-executor-1] INFO  client.GrpcClientProtocolClient (GrpcClientProtocolClient.java:onNext(264)) - client-8B023739F3BF->b50d6464-f54a-40d1-9f81-f1c19654fd05: receive RaftClientReply:client-8B023739F3BF->b50d6464-f54a-40d1-9f81-f1c19654fd05@group-1F53027F28E3, cid=2202, SUCCESS, logIndex=3106, commits[b50d6464-f54a-40d1-9f81-f1c19654fd05:c3106]
2019-09-12 09:26:21,310 [grpc-default-executor-1] INFO  client.GrpcClientProtocolClient (GrpcClientProtocolClient.java:onNext(264)) - client-8B023739F3BF->b50d6464-f54a-40d1-9f81-f1c19654fd05: receive RaftClientReply:client-8B023739F3BF->b50d6464-f54a-40d1-9f81-f1c19654fd05@group-1F53027F28E3, cid=2203, SUCCESS, logIndex=3107, commits[b50d6464-f54a-40d1-9f81-f1c19654fd05:c3108]
2019-09-12 09:26:21,311 [grpc-default-executor-1] INFO  client.GrpcClientProtocolClient (GrpcClientProtocolClient.java:onNext(264)) - client-8B023739F3BF->b50d6464-f54a-40d1-9f81-f1c19654fd05: receive RaftClientReply:client-8B023739F3BF->b50d6464-f54a-40d1-9f81-f1c19654fd05@group-1F53027F28E3, cid=2204, SUCCESS, logIndex=3108, commits[b50d6464-f54a-40d1-9f81-f1c19654fd05:c3109]
2019-09-12 09:26:21,332 [grpc-default-executor-1] INFO  client.GrpcClientProtocolClient (GrpcClientProtocolClient.java:onNext(264)) - client-8B023739F3BF->b50d6464-f54a-40d1-9f81-f1c19654fd05: receive RaftClientReply:client-8B023739F3BF->b50d6464-f54a-40d1-9f81-f1c19654fd05@group-1F53027F28E3, cid=2205, SUCCESS, logIndex=3111, commits[b50d6464-f54a-40d1-9f81-f1c19654fd05:c3112]
2019-09-12 09:26:21,332 [grpc-default-executor-1] INFO  client.GrpcClientProtocolClient (GrpcClientProtocolClient.java:onNext(264)) - client-8B023739F3BF->b50d6464-f54a-40d1-9f81-f1c19654fd05: receive RaftClientReply:client-8B023739F3BF->b50d6464-f54a-40d1-9f81-f1c19654fd05@group-1F53027F28E3, cid=2206, SUCCESS, logIndex=3112, commits[b50d6464-f54a-40d1-9f81-f1c19654fd05:c3112]
2019-09-12 09:26:21,334 [grpc-default-executor-1] INFO  client.GrpcClientProtocolClient (GrpcClientProtocolClient.java:onNext(264)) - client-8B023739F3BF->b50d6464-f54a-40d1-9f81-f1c19654fd05: receive RaftClientReply:client-8B023739F3BF->b50d6464-f54a-40d1-9f81-f1c19654fd05@group-1F53027F28E3, cid=2207, SUCCESS, logIndex=3113, commits[b50d6464-f54a-40d1-9f81-f1c19654fd05:c3114]
2019-09-12 09:26:21,335 [grpc-default-executor-1] INFO  client.GrpcClientProtocolClient (GrpcClientProtocolClient.java:onNext(264)) - client-8B023739F3BF->b50d6464-f54a-40d1-9f81-f1c19654fd05: receive RaftClientReply:client-8B023739F3BF->b50d6464-f54a-40d1-9f81-f1c19654fd05@group-1F53027F28E3, cid=2208, SUCCESS, logIndex=3114, commits[b50d6464-f54a-40d1-9f81-f1c19654fd05:c3114]
2019-09-12 09:26:21,366 [grpc-default-executor-2] INFO  client.GrpcClientProtocolClient (GrpcClientProtocolClient.java:onNext(264)) - client-8B023739F3BF->b50d6464-f54a-40d1-9f81-f1c19654fd05: receive RaftClientReply:client-8B023739F3BF->b50d6464-f54a-40d1-9f81-f1c19654fd05@group-1F53027F28E3, cid=2209, SUCCESS, logIndex=3117, commits[b50d6464-f54a-40d1-9f81-f1c19654fd05:c3118]
2019-09-12 09:26:21,367 [grpc-default-executor-2] INFO  client.GrpcClientProtocolClient (GrpcClientProtocolClient.java:onNext(264)) - client-8B023739F3BF->b50d6464-f54a-40d1-9f81-f1c19654fd05: receive RaftClientReply:client-8B023739F3BF->b50d6464-f54a-40d1-9f81-f1c19654fd05@group-1F53027F28E3, cid=2210, SUCCESS, logIndex=3118, commits[b50d6464-f54a-40d1-9f81-f1c19654fd05:c3119]
2019-09-12 09:26:21,375 [SCMBlockDeletingService#1] DEBUG block.SCMBlockDeletingService (SCMBlockDeletingService.java:call(138)) - Running DeletedBlockTransactionScanner
2019-09-12 09:26:21,375 [SCMBlockDeletingService#1] DEBUG block.SCMBlockDeletingService (SCMBlockDeletingService.java:call(155)) - Scanned deleted blocks log and got 0 delTX to process.
2019-09-12 09:26:21,476 [SCMBlockDeletingService#1] DEBUG block.SCMBlockDeletingService (SCMBlockDeletingService.java:call(138)) - Running DeletedBlockTransactionScanner
2019-09-12 09:26:21,476 [SCMBlockDeletingService#1] DEBUG block.SCMBlockDeletingService (SCMBlockDeletingService.java:call(155)) - Scanned deleted blocks log and got 0 delTX to process.
2019-09-12 09:26:21,495 [grpc-default-executor-1] INFO  client.GrpcClientProtocolClient (GrpcClientProtocolClient.java:onNext(264)) - client-8B023739F3BF->b50d6464-f54a-40d1-9f81-f1c19654fd05: receive RaftClientReply:client-8B023739F3BF->b50d6464-f54a-40d1-9f81-f1c19654fd05@group-1F53027F28E3, cid=2211, SUCCESS, logIndex=3120, commits[b50d6464-f54a-40d1-9f81-f1c19654fd05:c3121]
2019-09-12 09:26:21,495 [grpc-default-executor-1] INFO  client.GrpcClientProtocolClient (GrpcClientProtocolClient.java:onNext(264)) - client-8B023739F3BF->b50d6464-f54a-40d1-9f81-f1c19654fd05: receive RaftClientReply:client-8B023739F3BF->b50d6464-f54a-40d1-9f81-f1c19654fd05@group-1F53027F28E3, cid=2212, SUCCESS, logIndex=3121, commits[b50d6464-f54a-40d1-9f81-f1c19654fd05:c3122]
2019-09-12 09:26:21,508 [grpc-default-executor-1] INFO  client.GrpcClientProtocolClient (GrpcClientProtocolClient.java:onNext(264)) - client-8B023739F3BF->b50d6464-f54a-40d1-9f81-f1c19654fd05: receive RaftClientReply:client-8B023739F3BF->b50d6464-f54a-40d1-9f81-f1c19654fd05@group-1F53027F28E3, cid=2213, SUCCESS, logIndex=3123, commits[b50d6464-f54a-40d1-9f81-f1c19654fd05:c3124]
2019-09-12 09:26:21,508 [grpc-default-executor-1] INFO  client.GrpcClientProtocolClient (GrpcClientProtocolClient.java:onNext(264)) - client-8B023739F3BF->b50d6464-f54a-40d1-9f81-f1c19654fd05: receive RaftClientReply:client-8B023739F3BF->b50d6464-f54a-40d1-9f81-f1c19654fd05@group-1F53027F28E3, cid=2214, SUCCESS, logIndex=3124, commits[b50d6464-f54a-40d1-9f81-f1c19654fd05:c3126]
2019-09-12 09:26:21,508 [grpc-default-executor-1] INFO  client.GrpcClientProtocolClient (GrpcClientProtocolClient.java:onNext(264)) - client-8B023739F3BF->b50d6464-f54a-40d1-9f81-f1c19654fd05: receive RaftClientReply:client-8B023739F3BF->b50d6464-f54a-40d1-9f81-f1c19654fd05@group-1F53027F28E3, cid=2215, SUCCESS, logIndex=3125, commits[b50d6464-f54a-40d1-9f81-f1c19654fd05:c3126]
2019-09-12 09:26:21,509 [grpc-default-executor-1] INFO  client.GrpcClientProtocolClient (GrpcClientProtocolClient.java:onNext(264)) - client-8B023739F3BF->b50d6464-f54a-40d1-9f81-f1c19654fd05: receive RaftClientReply:client-8B023739F3BF->b50d6464-f54a-40d1-9f81-f1c19654fd05@group-1F53027F28E3, cid=2216, SUCCESS, logIndex=3126, commits[b50d6464-f54a-40d1-9f81-f1c19654fd05:c3127]
2019-09-12 09:26:21,538 [grpc-default-executor-1] INFO  client.GrpcClientProtocolClient (GrpcClientProtocolClient.java:onNext(264)) - client-8B023739F3BF->b50d6464-f54a-40d1-9f81-f1c19654fd05: receive RaftClientReply:client-8B023739F3BF->b50d6464-f54a-40d1-9f81-f1c19654fd05@group-1F53027F28E3, cid=2217, SUCCESS, logIndex=3129, commits[b50d6464-f54a-40d1-9f81-f1c19654fd05:c3130]
2019-09-12 09:26:21,538 [grpc-default-executor-1] INFO  client.GrpcClientProtocolClient (GrpcClientProtocolClient.java:onNext(264)) - client-8B023739F3BF->b50d6464-f54a-40d1-9f81-f1c19654fd05: receive RaftClientReply:client-8B023739F3BF->b50d6464-f54a-40d1-9f81-f1c19654fd05@group-1F53027F28E3, cid=2218, SUCCESS, logIndex=3130, commits[b50d6464-f54a-40d1-9f81-f1c19654fd05:c3130]
2019-09-12 09:26:21,539 [grpc-default-executor-1] INFO  client.GrpcClientProtocolClient (GrpcClientProtocolClient.java:onNext(264)) - client-8B023739F3BF->b50d6464-f54a-40d1-9f81-f1c19654fd05: receive RaftClientReply:client-8B023739F3BF->b50d6464-f54a-40d1-9f81-f1c19654fd05@group-1F53027F28E3, cid=2219, SUCCESS, logIndex=3131, commits[b50d6464-f54a-40d1-9f81-f1c19654fd05:c3132]
2019-09-12 09:26:21,539 [grpc-default-executor-1] INFO  client.GrpcClientProtocolClient (GrpcClientProtocolClient.java:onNext(264)) - client-8B023739F3BF->b50d6464-f54a-40d1-9f81-f1c19654fd05: receive RaftClientReply:client-8B023739F3BF->b50d6464-f54a-40d1-9f81-f1c19654fd05@group-1F53027F28E3, cid=2220, SUCCESS, logIndex=3132, commits[b50d6464-f54a-40d1-9f81-f1c19654fd05:c3133]
2019-09-12 09:26:21,560 [grpc-default-executor-1] INFO  client.GrpcClientProtocolClient (GrpcClientProtocolClient.java:onNext(264)) - client-8B023739F3BF->b50d6464-f54a-40d1-9f81-f1c19654fd05: receive RaftClientReply:client-8B023739F3BF->b50d6464-f54a-40d1-9f81-f1c19654fd05@group-1F53027F28E3, cid=2221, SUCCESS, logIndex=3135, commits[b50d6464-f54a-40d1-9f81-f1c19654fd05:c3136]
2019-09-12 09:26:21,560 [grpc-default-executor-1] INFO  client.GrpcClientProtocolClient (GrpcClientProtocolClient.java:onNext(264)) - client-8B023739F3BF->b50d6464-f54a-40d1-9f81-f1c19654fd05: receive RaftClientReply:client-8B023739F3BF->b50d6464-f54a-40d1-9f81-f1c19654fd05@group-1F53027F28E3, cid=2222, SUCCESS, logIndex=3136, commits[b50d6464-f54a-40d1-9f81-f1c19654fd05:c3138]
2019-09-12 09:26:21,560 [grpc-default-executor-1] INFO  client.GrpcClientProtocolClient (GrpcClientProtocolClient.java:onNext(264)) - client-8B023739F3BF->b50d6464-f54a-40d1-9f81-f1c19654fd05: receive RaftClientReply:client-8B023739F3BF->b50d6464-f54a-40d1-9f81-f1c19654fd05@group-1F53027F28E3, cid=2223, SUCCESS, logIndex=3137, commits[b50d6464-f54a-40d1-9f81-f1c19654fd05:c3138]
2019-09-12 09:26:21,560 [grpc-default-executor-1] INFO  client.GrpcClientProtocolClient (GrpcClientProtocolClient.java:onNext(264)) - client-8B023739F3BF->b50d6464-f54a-40d1-9f81-f1c19654fd05: receive RaftClientReply:client-8B023739F3BF->b50d6464-f54a-40d1-9f81-f1c19654fd05@group-1F53027F28E3, cid=2224, SUCCESS, logIndex=3138, commits[b50d6464-f54a-40d1-9f81-f1c19654fd05:c3139]
2019-09-12 09:26:21,576 [SCMBlockDeletingService#1] DEBUG block.SCMBlockDeletingService (SCMBlockDeletingService.java:call(138)) - Running DeletedBlockTransactionScanner
2019-09-12 09:26:21,577 [SCMBlockDeletingService#1] DEBUG block.SCMBlockDeletingService (SCMBlockDeletingService.java:call(155)) - Scanned deleted blocks log and got 0 delTX to process.
2019-09-12 09:26:21,585 [grpc-default-executor-1] INFO  client.GrpcClientProtocolClient (GrpcClientProtocolClient.java:onNext(264)) - client-8B023739F3BF->b50d6464-f54a-40d1-9f81-f1c19654fd05: receive RaftClientReply:client-8B023739F3BF->b50d6464-f54a-40d1-9f81-f1c19654fd05@group-1F53027F28E3, cid=2225, SUCCESS, logIndex=3141, commits[b50d6464-f54a-40d1-9f81-f1c19654fd05:c3142]
2019-09-12 09:26:21,586 [grpc-default-executor-1] INFO  client.GrpcClientProtocolClient (GrpcClientProtocolClient.java:onNext(264)) - client-8B023739F3BF->b50d6464-f54a-40d1-9f81-f1c19654fd05: receive RaftClientReply:client-8B023739F3BF->b50d6464-f54a-40d1-9f81-f1c19654fd05@group-1F53027F28E3, cid=2226, SUCCESS, logIndex=3142, commits[b50d6464-f54a-40d1-9f81-f1c19654fd05:c3144]
2019-09-12 09:26:21,586 [grpc-default-executor-1] INFO  client.GrpcClientProtocolClient (GrpcClientProtocolClient.java:onNext(264)) - client-8B023739F3BF->b50d6464-f54a-40d1-9f81-f1c19654fd05: receive RaftClientReply:client-8B023739F3BF->b50d6464-f54a-40d1-9f81-f1c19654fd05@group-1F53027F28E3, cid=2227, SUCCESS, logIndex=3143, commits[b50d6464-f54a-40d1-9f81-f1c19654fd05:c3144]
2019-09-12 09:26:21,586 [grpc-default-executor-1] INFO  client.GrpcClientProtocolClient (GrpcClientProtocolClient.java:onNext(264)) - client-8B023739F3BF->b50d6464-f54a-40d1-9f81-f1c19654fd05: receive RaftClientReply:client-8B023739F3BF->b50d6464-f54a-40d1-9f81-f1c19654fd05@group-1F53027F28E3, cid=2228, SUCCESS, logIndex=3144, commits[b50d6464-f54a-40d1-9f81-f1c19654fd05:c3144]
2019-09-12 09:26:21,605 [grpc-default-executor-2] INFO  client.GrpcClientProtocolClient (GrpcClientProtocolClient.java:onNext(264)) - client-8B023739F3BF->b50d6464-f54a-40d1-9f81-f1c19654fd05: receive RaftClientReply:client-8B023739F3BF->b50d6464-f54a-40d1-9f81-f1c19654fd05@group-1F53027F28E3, cid=2229, SUCCESS, logIndex=3147, commits[b50d6464-f54a-40d1-9f81-f1c19654fd05:c3148]
2019-09-12 09:26:21,605 [grpc-default-executor-2] INFO  client.GrpcClientProtocolClient (GrpcClientProtocolClient.java:onNext(264)) - client-8B023739F3BF->b50d6464-f54a-40d1-9f81-f1c19654fd05: receive RaftClientReply:client-8B023739F3BF->b50d6464-f54a-40d1-9f81-f1c19654fd05@group-1F53027F28E3, cid=2230, SUCCESS, logIndex=3148, commits[b50d6464-f54a-40d1-9f81-f1c19654fd05:c3150]
2019-09-12 09:26:21,606 [grpc-default-executor-2] INFO  client.GrpcClientProtocolClient (GrpcClientProtocolClient.java:onNext(264)) - client-8B023739F3BF->b50d6464-f54a-40d1-9f81-f1c19654fd05: receive RaftClientReply:client-8B023739F3BF->b50d6464-f54a-40d1-9f81-f1c19654fd05@group-1F53027F28E3, cid=2231, SUCCESS, logIndex=3149, commits[b50d6464-f54a-40d1-9f81-f1c19654fd05:c3151]
2019-09-12 09:26:21,606 [grpc-default-executor-2] INFO  client.GrpcClientProtocolClient (GrpcClientProtocolClient.java:onNext(264)) - client-8B023739F3BF->b50d6464-f54a-40d1-9f81-f1c19654fd05: receive RaftClientReply:client-8B023739F3BF->b50d6464-f54a-40d1-9f81-f1c19654fd05@group-1F53027F28E3, cid=2232, SUCCESS, logIndex=3150, commits[b50d6464-f54a-40d1-9f81-f1c19654fd05:c3151]
2019-09-12 09:26:21,633 [grpc-default-executor-2] INFO  client.GrpcClientProtocolClient (GrpcClientProtocolClient.java:onNext(264)) - client-8B023739F3BF->b50d6464-f54a-40d1-9f81-f1c19654fd05: receive RaftClientReply:client-8B023739F3BF->b50d6464-f54a-40d1-9f81-f1c19654fd05@group-1F53027F28E3, cid=2233, SUCCESS, logIndex=3153, commits[b50d6464-f54a-40d1-9f81-f1c19654fd05:c3154]
2019-09-12 09:26:21,634 [grpc-default-executor-2] INFO  client.GrpcClientProtocolClient (GrpcClientProtocolClient.java:onNext(264)) - client-8B023739F3BF->b50d6464-f54a-40d1-9f81-f1c19654fd05: receive RaftClientReply:client-8B023739F3BF->b50d6464-f54a-40d1-9f81-f1c19654fd05@group-1F53027F28E3, cid=2234, SUCCESS, logIndex=3154, commits[b50d6464-f54a-40d1-9f81-f1c19654fd05:c3156]
2019-09-12 09:26:21,634 [grpc-default-executor-2] INFO  client.GrpcClientProtocolClient (GrpcClientProtocolClient.java:onNext(264)) - client-8B023739F3BF->b50d6464-f54a-40d1-9f81-f1c19654fd05: receive RaftClientReply:client-8B023739F3BF->b50d6464-f54a-40d1-9f81-f1c19654fd05@group-1F53027F28E3, cid=2235, SUCCESS, logIndex=3155, commits[b50d6464-f54a-40d1-9f81-f1c19654fd05:c3156]
2019-09-12 09:26:21,634 [grpc-default-executor-2] INFO  client.GrpcClientProtocolClient (GrpcClientProtocolClient.java:onNext(264)) - client-8B023739F3BF->b50d6464-f54a-40d1-9f81-f1c19654fd05: receive RaftClientReply:client-8B023739F3BF->b50d6464-f54a-40d1-9f81-f1c19654fd05@group-1F53027F28E3, cid=2236, SUCCESS, logIndex=3156, commits[b50d6464-f54a-40d1-9f81-f1c19654fd05:c3157]
2019-09-12 09:26:21,653 [grpc-default-executor-1] INFO  client.GrpcClientProtocolClient (GrpcClientProtocolClient.java:onNext(264)) - client-8B023739F3BF->b50d6464-f54a-40d1-9f81-f1c19654fd05: receive RaftClientReply:client-8B023739F3BF->b50d6464-f54a-40d1-9f81-f1c19654fd05@group-1F53027F28E3, cid=2237, SUCCESS, logIndex=3159, commits[b50d6464-f54a-40d1-9f81-f1c19654fd05:c3160]
2019-09-12 09:26:21,653 [grpc-default-executor-1] INFO  client.GrpcClientProtocolClient (GrpcClientProtocolClient.java:onNext(264)) - client-8B023739F3BF->b50d6464-f54a-40d1-9f81-f1c19654fd05: receive RaftClientReply:client-8B023739F3BF->b50d6464-f54a-40d1-9f81-f1c19654fd05@group-1F53027F28E3, cid=2238, SUCCESS, logIndex=3160, commits[b50d6464-f54a-40d1-9f81-f1c19654fd05:c3162]
2019-09-12 09:26:21,654 [grpc-default-executor-1] INFO  client.GrpcClientProtocolClient (GrpcClientProtocolClient.java:onNext(264)) - client-8B023739F3BF->b50d6464-f54a-40d1-9f81-f1c19654fd05: receive RaftClientReply:client-8B023739F3BF->b50d6464-f54a-40d1-9f81-f1c19654fd05@group-1F53027F28E3, cid=2239, SUCCESS, logIndex=3161, commits[b50d6464-f54a-40d1-9f81-f1c19654fd05:c3162]
2019-09-12 09:26:21,654 [grpc-default-executor-1] INFO  client.GrpcClientProtocolClient (GrpcClientProtocolClient.java:onNext(264)) - client-8B023739F3BF->b50d6464-f54a-40d1-9f81-f1c19654fd05: receive RaftClientReply:client-8B023739F3BF->b50d6464-f54a-40d1-9f81-f1c19654fd05@group-1F53027F28E3, cid=2240, SUCCESS, logIndex=3162, commits[b50d6464-f54a-40d1-9f81-f1c19654fd05:c3163]
2019-09-12 09:26:21,677 [SCMBlockDeletingService#1] DEBUG block.SCMBlockDeletingService (SCMBlockDeletingService.java:call(138)) - Running DeletedBlockTransactionScanner
2019-09-12 09:26:21,677 [SCMBlockDeletingService#1] DEBUG block.SCMBlockDeletingService (SCMBlockDeletingService.java:call(155)) - Scanned deleted blocks log and got 0 delTX to process.
2019-09-12 09:26:21,678 [grpc-default-executor-2] INFO  client.GrpcClientProtocolClient (GrpcClientProtocolClient.java:onNext(264)) - client-8B023739F3BF->b50d6464-f54a-40d1-9f81-f1c19654fd05: receive RaftClientReply:client-8B023739F3BF->b50d6464-f54a-40d1-9f81-f1c19654fd05@group-1F53027F28E3, cid=2241, SUCCESS, logIndex=3165, commits[b50d6464-f54a-40d1-9f81-f1c19654fd05:c3166]
2019-09-12 09:26:21,679 [grpc-default-executor-2] INFO  client.GrpcClientProtocolClient (GrpcClientProtocolClient.java:onNext(264)) - client-8B023739F3BF->b50d6464-f54a-40d1-9f81-f1c19654fd05: receive RaftClientReply:client-8B023739F3BF->b50d6464-f54a-40d1-9f81-f1c19654fd05@group-1F53027F28E3, cid=2242, SUCCESS, logIndex=3166, commits[b50d6464-f54a-40d1-9f81-f1c19654fd05:c3166]
2019-09-12 09:26:21,679 [grpc-default-executor-2] INFO  client.GrpcClientProtocolClient (GrpcClientProtocolClient.java:onNext(264)) - client-8B023739F3BF->b50d6464-f54a-40d1-9f81-f1c19654fd05: receive RaftClientReply:client-8B023739F3BF->b50d6464-f54a-40d1-9f81-f1c19654fd05@group-1F53027F28E3, cid=2243, SUCCESS, logIndex=3167, commits[b50d6464-f54a-40d1-9f81-f1c19654fd05:c3168]
2019-09-12 09:26:21,679 [grpc-default-executor-2] INFO  client.GrpcClientProtocolClient (GrpcClientProtocolClient.java:onNext(264)) - client-8B023739F3BF->b50d6464-f54a-40d1-9f81-f1c19654fd05: receive RaftClientReply:client-8B023739F3BF->b50d6464-f54a-40d1-9f81-f1c19654fd05@group-1F53027F28E3, cid=2244, SUCCESS, logIndex=3168, commits[b50d6464-f54a-40d1-9f81-f1c19654fd05:c3168]
2019-09-12 09:26:21,698 [grpc-default-executor-2] INFO  client.GrpcClientProtocolClient (GrpcClientProtocolClient.java:onNext(264)) - client-8B023739F3BF->b50d6464-f54a-40d1-9f81-f1c19654fd05: receive RaftClientReply:client-8B023739F3BF->b50d6464-f54a-40d1-9f81-f1c19654fd05@group-1F53027F28E3, cid=2245, SUCCESS, logIndex=3171, commits[b50d6464-f54a-40d1-9f81-f1c19654fd05:c3174]
2019-09-12 09:26:21,701 [grpc-default-executor-2] INFO  client.GrpcClientProtocolClient (GrpcClientProtocolClient.java:onNext(264)) - client-8B023739F3BF->b50d6464-f54a-40d1-9f81-f1c19654fd05: receive RaftClientReply:client-8B023739F3BF->b50d6464-f54a-40d1-9f81-f1c19654fd05@group-1F53027F28E3, cid=2246, SUCCESS, logIndex=3172, commits[b50d6464-f54a-40d1-9f81-f1c19654fd05:c3174]
2019-09-12 09:26:21,702 [grpc-default-executor-2] INFO  client.GrpcClientProtocolClient (GrpcClientProtocolClient.java:onNext(264)) - client-8B023739F3BF->b50d6464-f54a-40d1-9f81-f1c19654fd05: receive RaftClientReply:client-8B023739F3BF->b50d6464-f54a-40d1-9f81-f1c19654fd05@group-1F53027F28E3, cid=2247, SUCCESS, logIndex=3173, commits[b50d6464-f54a-40d1-9f81-f1c19654fd05:c3175]
2019-09-12 09:26:21,702 [grpc-default-executor-2] INFO  client.GrpcClientProtocolClient (GrpcClientProtocolClient.java:onNext(264)) - client-8B023739F3BF->b50d6464-f54a-40d1-9f81-f1c19654fd05: receive RaftClientReply:client-8B023739F3BF->b50d6464-f54a-40d1-9f81-f1c19654fd05@group-1F53027F28E3, cid=2248, SUCCESS, logIndex=3174, commits[b50d6464-f54a-40d1-9f81-f1c19654fd05:c3175]
2019-09-12 09:26:21,731 [grpc-default-executor-1] INFO  client.GrpcClientProtocolClient (GrpcClientProtocolClient.java:onNext(264)) - client-8B023739F3BF->b50d6464-f54a-40d1-9f81-f1c19654fd05: receive RaftClientReply:client-8B023739F3BF->b50d6464-f54a-40d1-9f81-f1c19654fd05@group-1F53027F28E3, cid=2249, SUCCESS, logIndex=3176, commits[b50d6464-f54a-40d1-9f81-f1c19654fd05:c3179]
2019-09-12 09:26:21,731 [grpc-default-executor-1] INFO  client.GrpcClientProtocolClient (GrpcClientProtocolClient.java:onNext(264)) - client-8B023739F3BF->b50d6464-f54a-40d1-9f81-f1c19654fd05: receive RaftClientReply:client-8B023739F3BF->b50d6464-f54a-40d1-9f81-f1c19654fd05@group-1F53027F28E3, cid=2250, SUCCESS, logIndex=3177, commits[b50d6464-f54a-40d1-9f81-f1c19654fd05:c3180]
2019-09-12 09:26:21,731 [grpc-default-executor-1] INFO  client.GrpcClientProtocolClient (GrpcClientProtocolClient.java:onNext(264)) - client-8B023739F3BF->b50d6464-f54a-40d1-9f81-f1c19654fd05: receive RaftClientReply:client-8B023739F3BF->b50d6464-f54a-40d1-9f81-f1c19654fd05@group-1F53027F28E3, cid=2251, SUCCESS, logIndex=3178, commits[b50d6464-f54a-40d1-9f81-f1c19654fd05:c3180]
2019-09-12 09:26:21,732 [grpc-default-executor-1] INFO  client.GrpcClientProtocolClient (GrpcClientProtocolClient.java:onNext(264)) - client-8B023739F3BF->b50d6464-f54a-40d1-9f81-f1c19654fd05: receive RaftClientReply:client-8B023739F3BF->b50d6464-f54a-40d1-9f81-f1c19654fd05@group-1F53027F28E3, cid=2252, SUCCESS, logIndex=3179, commits[b50d6464-f54a-40d1-9f81-f1c19654fd05:c3180]
2019-09-12 09:26:21,748 [grpc-default-executor-2] INFO  client.GrpcClientProtocolClient (GrpcClientProtocolClient.java:onNext(264)) - client-8B023739F3BF->b50d6464-f54a-40d1-9f81-f1c19654fd05: receive RaftClientReply:client-8B023739F3BF->b50d6464-f54a-40d1-9f81-f1c19654fd05@group-1F53027F28E3, cid=2253, SUCCESS, logIndex=3181, commits[b50d6464-f54a-40d1-9f81-f1c19654fd05:c3182]
2019-09-12 09:26:21,749 [grpc-default-executor-2] INFO  client.GrpcClientProtocolClient (GrpcClientProtocolClient.java:onNext(264)) - client-8B023739F3BF->b50d6464-f54a-40d1-9f81-f1c19654fd05: receive RaftClientReply:client-8B023739F3BF->b50d6464-f54a-40d1-9f81-f1c19654fd05@group-1F53027F28E3, cid=2254, SUCCESS, logIndex=3182, commits[b50d6464-f54a-40d1-9f81-f1c19654fd05:c3183]
2019-09-12 09:26:21,777 [SCMBlockDeletingService#1] DEBUG block.SCMBlockDeletingService (SCMBlockDeletingService.java:call(138)) - Running DeletedBlockTransactionScanner
2019-09-12 09:26:21,778 [SCMBlockDeletingService#1] DEBUG block.SCMBlockDeletingService (SCMBlockDeletingService.java:call(155)) - Scanned deleted blocks log and got 0 delTX to process.
2019-09-12 09:26:21,852 [grpc-default-executor-2] INFO  client.GrpcClientProtocolClient (GrpcClientProtocolClient.java:onNext(264)) - client-8B023739F3BF->b50d6464-f54a-40d1-9f81-f1c19654fd05: receive RaftClientReply:client-8B023739F3BF->b50d6464-f54a-40d1-9f81-f1c19654fd05@group-1F53027F28E3, cid=2255, SUCCESS, logIndex=3184, commits[b50d6464-f54a-40d1-9f81-f1c19654fd05:c3185]
2019-09-12 09:26:21,852 [grpc-default-executor-2] INFO  client.GrpcClientProtocolClient (GrpcClientProtocolClient.java:onNext(264)) - client-8B023739F3BF->b50d6464-f54a-40d1-9f81-f1c19654fd05: receive RaftClientReply:client-8B023739F3BF->b50d6464-f54a-40d1-9f81-f1c19654fd05@group-1F53027F28E3, cid=2256, SUCCESS, logIndex=3185, commits[b50d6464-f54a-40d1-9f81-f1c19654fd05:c3186]
2019-09-12 09:26:21,878 [SCMBlockDeletingService#1] DEBUG block.SCMBlockDeletingService (SCMBlockDeletingService.java:call(138)) - Running DeletedBlockTransactionScanner
2019-09-12 09:26:21,878 [SCMBlockDeletingService#1] DEBUG block.SCMBlockDeletingService (SCMBlockDeletingService.java:call(155)) - Scanned deleted blocks log and got 0 delTX to process.
2019-09-12 09:26:21,882 [grpc-default-executor-1] INFO  client.GrpcClientProtocolClient (GrpcClientProtocolClient.java:onNext(264)) - client-8B023739F3BF->b50d6464-f54a-40d1-9f81-f1c19654fd05: receive RaftClientReply:client-8B023739F3BF->b50d6464-f54a-40d1-9f81-f1c19654fd05@group-1F53027F28E3, cid=2257, SUCCESS, logIndex=3187, commits[b50d6464-f54a-40d1-9f81-f1c19654fd05:c3188]
2019-09-12 09:26:21,882 [grpc-default-executor-1] INFO  client.GrpcClientProtocolClient (GrpcClientProtocolClient.java:onNext(264)) - client-8B023739F3BF->b50d6464-f54a-40d1-9f81-f1c19654fd05: receive RaftClientReply:client-8B023739F3BF->b50d6464-f54a-40d1-9f81-f1c19654fd05@group-1F53027F28E3, cid=2258, SUCCESS, logIndex=3188, commits[b50d6464-f54a-40d1-9f81-f1c19654fd05:c3188]
2019-09-12 09:26:21,894 [grpc-default-executor-1] INFO  client.GrpcClientProtocolClient (GrpcClientProtocolClient.java:onNext(264)) - client-8B023739F3BF->b50d6464-f54a-40d1-9f81-f1c19654fd05: receive RaftClientReply:client-8B023739F3BF->b50d6464-f54a-40d1-9f81-f1c19654fd05@group-1F53027F28E3, cid=2259, SUCCESS, logIndex=3189, commits[b50d6464-f54a-40d1-9f81-f1c19654fd05:c3191]
2019-09-12 09:26:21,894 [grpc-default-executor-1] INFO  client.GrpcClientProtocolClient (GrpcClientProtocolClient.java:onNext(264)) - client-8B023739F3BF->b50d6464-f54a-40d1-9f81-f1c19654fd05: receive RaftClientReply:client-8B023739F3BF->b50d6464-f54a-40d1-9f81-f1c19654fd05@group-1F53027F28E3, cid=2260, SUCCESS, logIndex=3190, commits[b50d6464-f54a-40d1-9f81-f1c19654fd05:c3191]
2019-09-12 09:26:21,913 [grpc-default-executor-1] INFO  client.GrpcClientProtocolClient (GrpcClientProtocolClient.java:onNext(264)) - client-8B023739F3BF->b50d6464-f54a-40d1-9f81-f1c19654fd05: receive RaftClientReply:client-8B023739F3BF->b50d6464-f54a-40d1-9f81-f1c19654fd05@group-1F53027F28E3, cid=2261, SUCCESS, logIndex=3192, commits[b50d6464-f54a-40d1-9f81-f1c19654fd05:c3193]
2019-09-12 09:26:21,913 [grpc-default-executor-1] INFO  client.GrpcClientProtocolClient (GrpcClientProtocolClient.java:onNext(264)) - client-8B023739F3BF->b50d6464-f54a-40d1-9f81-f1c19654fd05: receive RaftClientReply:client-8B023739F3BF->b50d6464-f54a-40d1-9f81-f1c19654fd05@group-1F53027F28E3, cid=2262, SUCCESS, logIndex=3193, commits[b50d6464-f54a-40d1-9f81-f1c19654fd05:c3195]
2019-09-12 09:26:21,914 [grpc-default-executor-1] INFO  client.GrpcClientProtocolClient (GrpcClientProtocolClient.java:onNext(264)) - client-8B023739F3BF->b50d6464-f54a-40d1-9f81-f1c19654fd05: receive RaftClientReply:client-8B023739F3BF->b50d6464-f54a-40d1-9f81-f1c19654fd05@group-1F53027F28E3, cid=2263, SUCCESS, logIndex=3194, commits[b50d6464-f54a-40d1-9f81-f1c19654fd05:c3195]
2019-09-12 09:26:21,914 [grpc-default-executor-1] INFO  client.GrpcClientProtocolClient (GrpcClientProtocolClient.java:onNext(264)) - client-8B023739F3BF->b50d6464-f54a-40d1-9f81-f1c19654fd05: receive RaftClientReply:client-8B023739F3BF->b50d6464-f54a-40d1-9f81-f1c19654fd05@group-1F53027F28E3, cid=2264, SUCCESS, logIndex=3195, commits[b50d6464-f54a-40d1-9f81-f1c19654fd05:c3196]
2019-09-12 09:26:21,947 [grpc-default-executor-2] INFO  client.GrpcClientProtocolClient (GrpcClientProtocolClient.java:onNext(264)) - client-8B023739F3BF->b50d6464-f54a-40d1-9f81-f1c19654fd05: receive RaftClientReply:client-8B023739F3BF->b50d6464-f54a-40d1-9f81-f1c19654fd05@group-1F53027F28E3, cid=2265, SUCCESS, logIndex=3198, commits[b50d6464-f54a-40d1-9f81-f1c19654fd05:c3201]
2019-09-12 09:26:21,947 [grpc-default-executor-2] INFO  client.GrpcClientProtocolClient (GrpcClientProtocolClient.java:onNext(264)) - client-8B023739F3BF->b50d6464-f54a-40d1-9f81-f1c19654fd05: receive RaftClientReply:client-8B023739F3BF->b50d6464-f54a-40d1-9f81-f1c19654fd05@group-1F53027F28E3, cid=2266, SUCCESS, logIndex=3199, commits[b50d6464-f54a-40d1-9f81-f1c19654fd05:c3202]
2019-09-12 09:26:21,948 [grpc-default-executor-2] INFO  client.GrpcClientProtocolClient (GrpcClientProtocolClient.java:onNext(264)) - client-8B023739F3BF->b50d6464-f54a-40d1-9f81-f1c19654fd05: receive RaftClientReply:client-8B023739F3BF->b50d6464-f54a-40d1-9f81-f1c19654fd05@group-1F53027F28E3, cid=2267, SUCCESS, logIndex=3200, commits[b50d6464-f54a-40d1-9f81-f1c19654fd05:c3202]
2019-09-12 09:26:21,948 [grpc-default-executor-2] INFO  client.GrpcClientProtocolClient (GrpcClientProtocolClient.java:onNext(264)) - client-8B023739F3BF->b50d6464-f54a-40d1-9f81-f1c19654fd05: receive RaftClientReply:client-8B023739F3BF->b50d6464-f54a-40d1-9f81-f1c19654fd05@group-1F53027F28E3, cid=2268, SUCCESS, logIndex=3201, commits[b50d6464-f54a-40d1-9f81-f1c19654fd05:c3202]
2019-09-12 09:26:21,970 [grpc-default-executor-1] INFO  client.GrpcClientProtocolClient (GrpcClientProtocolClient.java:onNext(264)) - client-8B023739F3BF->b50d6464-f54a-40d1-9f81-f1c19654fd05: receive RaftClientReply:client-8B023739F3BF->b50d6464-f54a-40d1-9f81-f1c19654fd05@group-1F53027F28E3, cid=2269, SUCCESS, logIndex=3203, commits[b50d6464-f54a-40d1-9f81-f1c19654fd05:c3206]
2019-09-12 09:26:21,970 [grpc-default-executor-1] INFO  client.GrpcClientProtocolClient (GrpcClientProtocolClient.java:onNext(264)) - client-8B023739F3BF->b50d6464-f54a-40d1-9f81-f1c19654fd05: receive RaftClientReply:client-8B023739F3BF->b50d6464-f54a-40d1-9f81-f1c19654fd05@group-1F53027F28E3, cid=2270, SUCCESS, logIndex=3204, commits[b50d6464-f54a-40d1-9f81-f1c19654fd05:c3207]
2019-09-12 09:26:21,970 [grpc-default-executor-1] INFO  client.GrpcClientProtocolClient (GrpcClientProtocolClient.java:onNext(264)) - client-8B023739F3BF->b50d6464-f54a-40d1-9f81-f1c19654fd05: receive RaftClientReply:client-8B023739F3BF->b50d6464-f54a-40d1-9f81-f1c19654fd05@group-1F53027F28E3, cid=2271, SUCCESS, logIndex=3205, commits[b50d6464-f54a-40d1-9f81-f1c19654fd05:c3207]
2019-09-12 09:26:21,971 [grpc-default-executor-1] INFO  client.GrpcClientProtocolClient (GrpcClientProtocolClient.java:onNext(264)) - client-8B023739F3BF->b50d6464-f54a-40d1-9f81-f1c19654fd05: receive RaftClientReply:client-8B023739F3BF->b50d6464-f54a-40d1-9f81-f1c19654fd05@group-1F53027F28E3, cid=2272, SUCCESS, logIndex=3206, commits[b50d6464-f54a-40d1-9f81-f1c19654fd05:c3207]
2019-09-12 09:26:21,979 [SCMBlockDeletingService#1] DEBUG block.SCMBlockDeletingService (SCMBlockDeletingService.java:call(138)) - Running DeletedBlockTransactionScanner
2019-09-12 09:26:21,979 [SCMBlockDeletingService#1] DEBUG block.SCMBlockDeletingService (SCMBlockDeletingService.java:call(155)) - Scanned deleted blocks log and got 0 delTX to process.
2019-09-12 09:26:22,001 [grpc-default-executor-1] INFO  client.GrpcClientProtocolClient (GrpcClientProtocolClient.java:onNext(264)) - client-8B023739F3BF->b50d6464-f54a-40d1-9f81-f1c19654fd05: receive RaftClientReply:client-8B023739F3BF->b50d6464-f54a-40d1-9f81-f1c19654fd05@group-1F53027F28E3, cid=2273, SUCCESS, logIndex=3208, commits[b50d6464-f54a-40d1-9f81-f1c19654fd05:c3211]
2019-09-12 09:26:22,002 [grpc-default-executor-1] INFO  client.GrpcClientProtocolClient (GrpcClientProtocolClient.java:onNext(264)) - client-8B023739F3BF->b50d6464-f54a-40d1-9f81-f1c19654fd05: receive RaftClientReply:client-8B023739F3BF->b50d6464-f54a-40d1-9f81-f1c19654fd05@group-1F53027F28E3, cid=2274, SUCCESS, logIndex=3209, commits[b50d6464-f54a-40d1-9f81-f1c19654fd05:c3212]
2019-09-12 09:26:22,002 [grpc-default-executor-1] INFO  client.GrpcClientProtocolClient (GrpcClientProtocolClient.java:onNext(264)) - client-8B023739F3BF->b50d6464-f54a-40d1-9f81-f1c19654fd05: receive RaftClientReply:client-8B023739F3BF->b50d6464-f54a-40d1-9f81-f1c19654fd05@group-1F53027F28E3, cid=2275, SUCCESS, logIndex=3210, commits[b50d6464-f54a-40d1-9f81-f1c19654fd05:c3213]
2019-09-12 09:26:22,002 [grpc-default-executor-1] INFO  client.GrpcClientProtocolClient (GrpcClientProtocolClient.java:onNext(264)) - client-8B023739F3BF->b50d6464-f54a-40d1-9f81-f1c19654fd05: receive RaftClientReply:client-8B023739F3BF->b50d6464-f54a-40d1-9f81-f1c19654fd05@group-1F53027F28E3, cid=2276, SUCCESS, logIndex=3211, commits[b50d6464-f54a-40d1-9f81-f1c19654fd05:c3213]
2019-09-12 09:26:22,030 [grpc-default-executor-1] INFO  client.GrpcClientProtocolClient (GrpcClientProtocolClient.java:onNext(264)) - client-8B023739F3BF->b50d6464-f54a-40d1-9f81-f1c19654fd05: receive RaftClientReply:client-8B023739F3BF->b50d6464-f54a-40d1-9f81-f1c19654fd05@group-1F53027F28E3, cid=2277, SUCCESS, logIndex=3214, commits[b50d6464-f54a-40d1-9f81-f1c19654fd05:c3217]
2019-09-12 09:26:22,030 [grpc-default-executor-1] INFO  client.GrpcClientProtocolClient (GrpcClientProtocolClient.java:onNext(264)) - client-8B023739F3BF->b50d6464-f54a-40d1-9f81-f1c19654fd05: receive RaftClientReply:client-8B023739F3BF->b50d6464-f54a-40d1-9f81-f1c19654fd05@group-1F53027F28E3, cid=2278, SUCCESS, logIndex=3215, commits[b50d6464-f54a-40d1-9f81-f1c19654fd05:c3218]
2019-09-12 09:26:22,030 [grpc-default-executor-1] INFO  client.GrpcClientProtocolClient (GrpcClientProtocolClient.java:onNext(264)) - client-8B023739F3BF->b50d6464-f54a-40d1-9f81-f1c19654fd05: receive RaftClientReply:client-8B023739F3BF->b50d6464-f54a-40d1-9f81-f1c19654fd05@group-1F53027F28E3, cid=2279, SUCCESS, logIndex=3216, commits[b50d6464-f54a-40d1-9f81-f1c19654fd05:c3218]
2019-09-12 09:26:22,031 [grpc-default-executor-1] INFO  client.GrpcClientProtocolClient (GrpcClientProtocolClient.java:onNext(264)) - client-8B023739F3BF->b50d6464-f54a-40d1-9f81-f1c19654fd05: receive RaftClientReply:client-8B023739F3BF->b50d6464-f54a-40d1-9f81-f1c19654fd05@group-1F53027F28E3, cid=2280, SUCCESS, logIndex=3217, commits[b50d6464-f54a-40d1-9f81-f1c19654fd05:c3218]
2019-09-12 09:26:22,062 [grpc-default-executor-1] INFO  client.GrpcClientProtocolClient (GrpcClientProtocolClient.java:onNext(264)) - client-8B023739F3BF->b50d6464-f54a-40d1-9f81-f1c19654fd05: receive RaftClientReply:client-8B023739F3BF->b50d6464-f54a-40d1-9f81-f1c19654fd05@group-1F53027F28E3, cid=2281, SUCCESS, logIndex=3219, commits[b50d6464-f54a-40d1-9f81-f1c19654fd05:c3220]
2019-09-12 09:26:22,062 [grpc-default-executor-1] INFO  client.GrpcClientProtocolClient (GrpcClientProtocolClient.java:onNext(264)) - client-8B023739F3BF->b50d6464-f54a-40d1-9f81-f1c19654fd05: receive RaftClientReply:client-8B023739F3BF->b50d6464-f54a-40d1-9f81-f1c19654fd05@group-1F53027F28E3, cid=2282, SUCCESS, logIndex=3220, commits[b50d6464-f54a-40d1-9f81-f1c19654fd05:c3222]
2019-09-12 09:26:22,063 [grpc-default-executor-1] INFO  client.GrpcClientProtocolClient (GrpcClientProtocolClient.java:onNext(264)) - client-8B023739F3BF->b50d6464-f54a-40d1-9f81-f1c19654fd05: receive RaftClientReply:client-8B023739F3BF->b50d6464-f54a-40d1-9f81-f1c19654fd05@group-1F53027F28E3, cid=2283, SUCCESS, logIndex=3221, commits[b50d6464-f54a-40d1-9f81-f1c19654fd05:c3222]
2019-09-12 09:26:22,063 [grpc-default-executor-1] INFO  client.GrpcClientProtocolClient (GrpcClientProtocolClient.java:onNext(264)) - client-8B023739F3BF->b50d6464-f54a-40d1-9f81-f1c19654fd05: receive RaftClientReply:client-8B023739F3BF->b50d6464-f54a-40d1-9f81-f1c19654fd05@group-1F53027F28E3, cid=2284, SUCCESS, logIndex=3222, commits[b50d6464-f54a-40d1-9f81-f1c19654fd05:c3223]
2019-09-12 09:26:22,079 [SCMBlockDeletingService#1] DEBUG block.SCMBlockDeletingService (SCMBlockDeletingService.java:call(138)) - Running DeletedBlockTransactionScanner
2019-09-12 09:26:22,080 [SCMBlockDeletingService#1] DEBUG block.SCMBlockDeletingService (SCMBlockDeletingService.java:call(155)) - Scanned deleted blocks log and got 0 delTX to process.
2019-09-12 09:26:22,082 [grpc-default-executor-1] INFO  client.GrpcClientProtocolClient (GrpcClientProtocolClient.java:onNext(264)) - client-8B023739F3BF->b50d6464-f54a-40d1-9f81-f1c19654fd05: receive RaftClientReply:client-8B023739F3BF->b50d6464-f54a-40d1-9f81-f1c19654fd05@group-1F53027F28E3, cid=2285, SUCCESS, logIndex=3225, commits[b50d6464-f54a-40d1-9f81-f1c19654fd05:c3226]
2019-09-12 09:26:22,082 [grpc-default-executor-1] INFO  client.GrpcClientProtocolClient (GrpcClientProtocolClient.java:onNext(264)) - client-8B023739F3BF->b50d6464-f54a-40d1-9f81-f1c19654fd05: receive RaftClientReply:client-8B023739F3BF->b50d6464-f54a-40d1-9f81-f1c19654fd05@group-1F53027F28E3, cid=2286, SUCCESS, logIndex=3226, commits[b50d6464-f54a-40d1-9f81-f1c19654fd05:c3228]
2019-09-12 09:26:22,082 [grpc-default-executor-1] INFO  client.GrpcClientProtocolClient (GrpcClientProtocolClient.java:onNext(264)) - client-8B023739F3BF->b50d6464-f54a-40d1-9f81-f1c19654fd05: receive RaftClientReply:client-8B023739F3BF->b50d6464-f54a-40d1-9f81-f1c19654fd05@group-1F53027F28E3, cid=2287, SUCCESS, logIndex=3227, commits[b50d6464-f54a-40d1-9f81-f1c19654fd05:c3228]
2019-09-12 09:26:22,083 [grpc-default-executor-1] INFO  client.GrpcClientProtocolClient (GrpcClientProtocolClient.java:onNext(264)) - client-8B023739F3BF->b50d6464-f54a-40d1-9f81-f1c19654fd05: receive RaftClientReply:client-8B023739F3BF->b50d6464-f54a-40d1-9f81-f1c19654fd05@group-1F53027F28E3, cid=2288, SUCCESS, logIndex=3228, commits[b50d6464-f54a-40d1-9f81-f1c19654fd05:c3229]
2019-09-12 09:26:22,112 [grpc-default-executor-1] INFO  client.GrpcClientProtocolClient (GrpcClientProtocolClient.java:onNext(264)) - client-8B023739F3BF->b50d6464-f54a-40d1-9f81-f1c19654fd05: receive RaftClientReply:client-8B023739F3BF->b50d6464-f54a-40d1-9f81-f1c19654fd05@group-1F53027F28E3, cid=2289, SUCCESS, logIndex=3231, commits[b50d6464-f54a-40d1-9f81-f1c19654fd05:c3234]
2019-09-12 09:26:22,113 [grpc-default-executor-1] INFO  client.GrpcClientProtocolClient (GrpcClientProtocolClient.java:onNext(264)) - client-8B023739F3BF->b50d6464-f54a-40d1-9f81-f1c19654fd05: receive RaftClientReply:client-8B023739F3BF->b50d6464-f54a-40d1-9f81-f1c19654fd05@group-1F53027F28E3, cid=2290, SUCCESS, logIndex=3232, commits[b50d6464-f54a-40d1-9f81-f1c19654fd05:c3235]
2019-09-12 09:26:22,114 [grpc-default-executor-1] INFO  client.GrpcClientProtocolClient (GrpcClientProtocolClient.java:onNext(264)) - client-8B023739F3BF->b50d6464-f54a-40d1-9f81-f1c19654fd05: receive RaftClientReply:client-8B023739F3BF->b50d6464-f54a-40d1-9f81-f1c19654fd05@group-1F53027F28E3, cid=2291, SUCCESS, logIndex=3233, commits[b50d6464-f54a-40d1-9f81-f1c19654fd05:c3235]
2019-09-12 09:26:22,114 [grpc-default-executor-1] INFO  client.GrpcClientProtocolClient (GrpcClientProtocolClient.java:onNext(264)) - client-8B023739F3BF->b50d6464-f54a-40d1-9f81-f1c19654fd05: receive RaftClientReply:client-8B023739F3BF->b50d6464-f54a-40d1-9f81-f1c19654fd05@group-1F53027F28E3, cid=2292, SUCCESS, logIndex=3234, commits[b50d6464-f54a-40d1-9f81-f1c19654fd05:c3235]
2019-09-12 09:26:22,135 [grpc-default-executor-1] INFO  client.GrpcClientProtocolClient (GrpcClientProtocolClient.java:onNext(264)) - client-8B023739F3BF->b50d6464-f54a-40d1-9f81-f1c19654fd05: receive RaftClientReply:client-8B023739F3BF->b50d6464-f54a-40d1-9f81-f1c19654fd05@group-1F53027F28E3, cid=2293, SUCCESS, logIndex=3236, commits[b50d6464-f54a-40d1-9f81-f1c19654fd05:c3239]
2019-09-12 09:26:22,135 [grpc-default-executor-1] INFO  client.GrpcClientProtocolClient (GrpcClientProtocolClient.java:onNext(264)) - client-8B023739F3BF->b50d6464-f54a-40d1-9f81-f1c19654fd05: receive RaftClientReply:client-8B023739F3BF->b50d6464-f54a-40d1-9f81-f1c19654fd05@group-1F53027F28E3, cid=2294, SUCCESS, logIndex=3237, commits[b50d6464-f54a-40d1-9f81-f1c19654fd05:c3240]
2019-09-12 09:26:22,135 [grpc-default-executor-1] INFO  client.GrpcClientProtocolClient (GrpcClientProtocolClient.java:onNext(264)) - client-8B023739F3BF->b50d6464-f54a-40d1-9f81-f1c19654fd05: receive RaftClientReply:client-8B023739F3BF->b50d6464-f54a-40d1-9f81-f1c19654fd05@group-1F53027F28E3, cid=2295, SUCCESS, logIndex=3238, commits[b50d6464-f54a-40d1-9f81-f1c19654fd05:c3240]
2019-09-12 09:26:22,136 [grpc-default-executor-1] INFO  client.GrpcClientProtocolClient (GrpcClientProtocolClient.java:onNext(264)) - client-8B023739F3BF->b50d6464-f54a-40d1-9f81-f1c19654fd05: receive RaftClientReply:client-8B023739F3BF->b50d6464-f54a-40d1-9f81-f1c19654fd05@group-1F53027F28E3, cid=2296, SUCCESS, logIndex=3239, commits[b50d6464-f54a-40d1-9f81-f1c19654fd05:c3240]
2019-09-12 09:26:22,257 [SCMBlockDeletingService#1] DEBUG block.SCMBlockDeletingService (SCMBlockDeletingService.java:call(138)) - Running DeletedBlockTransactionScanner
2019-09-12 09:26:22,258 [SCMBlockDeletingService#1] DEBUG block.SCMBlockDeletingService (SCMBlockDeletingService.java:call(155)) - Scanned deleted blocks log and got 0 delTX to process.
2019-09-12 09:26:22,275 [grpc-default-executor-1] INFO  client.GrpcClientProtocolClient (GrpcClientProtocolClient.java:onNext(264)) - client-8B023739F3BF->b50d6464-f54a-40d1-9f81-f1c19654fd05: receive RaftClientReply:client-8B023739F3BF->b50d6464-f54a-40d1-9f81-f1c19654fd05@group-1F53027F28E3, cid=2297, SUCCESS, logIndex=3241, commits[b50d6464-f54a-40d1-9f81-f1c19654fd05:c3242]
2019-09-12 09:26:22,276 [grpc-default-executor-1] INFO  client.GrpcClientProtocolClient (GrpcClientProtocolClient.java:onNext(264)) - client-8B023739F3BF->b50d6464-f54a-40d1-9f81-f1c19654fd05: receive RaftClientReply:client-8B023739F3BF->b50d6464-f54a-40d1-9f81-f1c19654fd05@group-1F53027F28E3, cid=2298, SUCCESS, logIndex=3242, commits[b50d6464-f54a-40d1-9f81-f1c19654fd05:c3243]
2019-09-12 09:26:22,358 [SCMBlockDeletingService#1] DEBUG block.SCMBlockDeletingService (SCMBlockDeletingService.java:call(138)) - Running DeletedBlockTransactionScanner
2019-09-12 09:26:22,358 [SCMBlockDeletingService#1] DEBUG block.SCMBlockDeletingService (SCMBlockDeletingService.java:call(155)) - Scanned deleted blocks log and got 0 delTX to process.
2019-09-12 09:26:22,386 [grpc-default-executor-1] INFO  client.GrpcClientProtocolClient (GrpcClientProtocolClient.java:onNext(264)) - client-8B023739F3BF->b50d6464-f54a-40d1-9f81-f1c19654fd05: receive RaftClientReply:client-8B023739F3BF->b50d6464-f54a-40d1-9f81-f1c19654fd05@group-1F53027F28E3, cid=2299, SUCCESS, logIndex=3244, commits[b50d6464-f54a-40d1-9f81-f1c19654fd05:c3245]
2019-09-12 09:26:22,387 [grpc-default-executor-1] INFO  client.GrpcClientProtocolClient (GrpcClientProtocolClient.java:onNext(264)) - client-8B023739F3BF->b50d6464-f54a-40d1-9f81-f1c19654fd05: receive RaftClientReply:client-8B023739F3BF->b50d6464-f54a-40d1-9f81-f1c19654fd05@group-1F53027F28E3, cid=2300, SUCCESS, logIndex=3245, commits[b50d6464-f54a-40d1-9f81-f1c19654fd05:c3246]
2019-09-12 09:26:22,409 [grpc-default-executor-1] INFO  client.GrpcClientProtocolClient (GrpcClientProtocolClient.java:onNext(264)) - client-8B023739F3BF->b50d6464-f54a-40d1-9f81-f1c19654fd05: receive RaftClientReply:client-8B023739F3BF->b50d6464-f54a-40d1-9f81-f1c19654fd05@group-1F53027F28E3, cid=2301, SUCCESS, logIndex=3247, commits[b50d6464-f54a-40d1-9f81-f1c19654fd05:c3250]
2019-09-12 09:26:22,409 [grpc-default-executor-1] INFO  client.GrpcClientProtocolClient (GrpcClientProtocolClient.java:onNext(264)) - client-8B023739F3BF->b50d6464-f54a-40d1-9f81-f1c19654fd05: receive RaftClientReply:client-8B023739F3BF->b50d6464-f54a-40d1-9f81-f1c19654fd05@group-1F53027F28E3, cid=2302, SUCCESS, logIndex=3248, commits[b50d6464-f54a-40d1-9f81-f1c19654fd05:c3251]
2019-09-12 09:26:22,410 [grpc-default-executor-1] INFO  client.GrpcClientProtocolClient (GrpcClientProtocolClient.java:onNext(264)) - client-8B023739F3BF->b50d6464-f54a-40d1-9f81-f1c19654fd05: receive RaftClientReply:client-8B023739F3BF->b50d6464-f54a-40d1-9f81-f1c19654fd05@group-1F53027F28E3, cid=2303, SUCCESS, logIndex=3249, commits[b50d6464-f54a-40d1-9f81-f1c19654fd05:c3251]
2019-09-12 09:26:22,410 [grpc-default-executor-1] INFO  client.GrpcClientProtocolClient (GrpcClientProtocolClient.java:onNext(264)) - client-8B023739F3BF->b50d6464-f54a-40d1-9f81-f1c19654fd05: receive RaftClientReply:client-8B023739F3BF->b50d6464-f54a-40d1-9f81-f1c19654fd05@group-1F53027F28E3, cid=2304, SUCCESS, logIndex=3250, commits[b50d6464-f54a-40d1-9f81-f1c19654fd05:c3251]
2019-09-12 09:26:22,439 [grpc-default-executor-1] INFO  client.GrpcClientProtocolClient (GrpcClientProtocolClient.java:onNext(264)) - client-8B023739F3BF->b50d6464-f54a-40d1-9f81-f1c19654fd05: receive RaftClientReply:client-8B023739F3BF->b50d6464-f54a-40d1-9f81-f1c19654fd05@group-1F53027F28E3, cid=2305, SUCCESS, logIndex=3252, commits[b50d6464-f54a-40d1-9f81-f1c19654fd05:c3255]
2019-09-12 09:26:22,440 [grpc-default-executor-1] INFO  client.GrpcClientProtocolClient (GrpcClientProtocolClient.java:onNext(264)) - client-8B023739F3BF->b50d6464-f54a-40d1-9f81-f1c19654fd05: receive RaftClientReply:client-8B023739F3BF->b50d6464-f54a-40d1-9f81-f1c19654fd05@group-1F53027F28E3, cid=2306, SUCCESS, logIndex=3253, commits[b50d6464-f54a-40d1-9f81-f1c19654fd05:c3256]
2019-09-12 09:26:22,440 [grpc-default-executor-1] INFO  client.GrpcClientProtocolClient (GrpcClientProtocolClient.java:onNext(264)) - client-8B023739F3BF->b50d6464-f54a-40d1-9f81-f1c19654fd05: receive RaftClientReply:client-8B023739F3BF->b50d6464-f54a-40d1-9f81-f1c19654fd05@group-1F53027F28E3, cid=2307, SUCCESS, logIndex=3254, commits[b50d6464-f54a-40d1-9f81-f1c19654fd05:c3256]
2019-09-12 09:26:22,440 [grpc-default-executor-1] INFO  client.GrpcClientProtocolClient (GrpcClientProtocolClient.java:onNext(264)) - client-8B023739F3BF->b50d6464-f54a-40d1-9f81-f1c19654fd05: receive RaftClientReply:client-8B023739F3BF->b50d6464-f54a-40d1-9f81-f1c19654fd05@group-1F53027F28E3, cid=2308, SUCCESS, logIndex=3255, commits[b50d6464-f54a-40d1-9f81-f1c19654fd05:c3256]
2019-09-12 09:26:22,459 [SCMBlockDeletingService#1] DEBUG block.SCMBlockDeletingService (SCMBlockDeletingService.java:call(138)) - Running DeletedBlockTransactionScanner
2019-09-12 09:26:22,459 [grpc-default-executor-2] INFO  client.GrpcClientProtocolClient (GrpcClientProtocolClient.java:onNext(264)) - client-8B023739F3BF->b50d6464-f54a-40d1-9f81-f1c19654fd05: receive RaftClientReply:client-8B023739F3BF->b50d6464-f54a-40d1-9f81-f1c19654fd05@group-1F53027F28E3, cid=2309, SUCCESS, logIndex=3257, commits[b50d6464-f54a-40d1-9f81-f1c19654fd05:c3260]
2019-09-12 09:26:22,459 [SCMBlockDeletingService#1] DEBUG block.SCMBlockDeletingService (SCMBlockDeletingService.java:call(155)) - Scanned deleted blocks log and got 0 delTX to process.
2019-09-12 09:26:22,459 [grpc-default-executor-2] INFO  client.GrpcClientProtocolClient (GrpcClientProtocolClient.java:onNext(264)) - client-8B023739F3BF->b50d6464-f54a-40d1-9f81-f1c19654fd05: receive RaftClientReply:client-8B023739F3BF->b50d6464-f54a-40d1-9f81-f1c19654fd05@group-1F53027F28E3, cid=2310, SUCCESS, logIndex=3258, commits[b50d6464-f54a-40d1-9f81-f1c19654fd05:c3260]
2019-09-12 09:26:22,459 [grpc-default-executor-2] INFO  client.GrpcClientProtocolClient (GrpcClientProtocolClient.java:onNext(264)) - client-8B023739F3BF->b50d6464-f54a-40d1-9f81-f1c19654fd05: receive RaftClientReply:client-8B023739F3BF->b50d6464-f54a-40d1-9f81-f1c19654fd05@group-1F53027F28E3, cid=2311, SUCCESS, logIndex=3259, commits[b50d6464-f54a-40d1-9f81-f1c19654fd05:c3261]
2019-09-12 09:26:22,460 [grpc-default-executor-2] INFO  client.GrpcClientProtocolClient (GrpcClientProtocolClient.java:onNext(264)) - client-8B023739F3BF->b50d6464-f54a-40d1-9f81-f1c19654fd05: receive RaftClientReply:client-8B023739F3BF->b50d6464-f54a-40d1-9f81-f1c19654fd05@group-1F53027F28E3, cid=2312, SUCCESS, logIndex=3260, commits[b50d6464-f54a-40d1-9f81-f1c19654fd05:c3262]
2019-09-12 09:26:22,488 [grpc-default-executor-2] INFO  client.GrpcClientProtocolClient (GrpcClientProtocolClient.java:onNext(264)) - client-8B023739F3BF->b50d6464-f54a-40d1-9f81-f1c19654fd05: receive RaftClientReply:client-8B023739F3BF->b50d6464-f54a-40d1-9f81-f1c19654fd05@group-1F53027F28E3, cid=2313, SUCCESS, logIndex=3263, commits[b50d6464-f54a-40d1-9f81-f1c19654fd05:c3266]
2019-09-12 09:26:22,489 [grpc-default-executor-2] INFO  client.GrpcClientProtocolClient (GrpcClientProtocolClient.java:onNext(264)) - client-8B023739F3BF->b50d6464-f54a-40d1-9f81-f1c19654fd05: receive RaftClientReply:client-8B023739F3BF->b50d6464-f54a-40d1-9f81-f1c19654fd05@group-1F53027F28E3, cid=2314, SUCCESS, logIndex=3264, commits[b50d6464-f54a-40d1-9f81-f1c19654fd05:c3267]
2019-09-12 09:26:22,489 [grpc-default-executor-1] INFO  client.GrpcClientProtocolClient (GrpcClientProtocolClient.java:onNext(264)) - client-8B023739F3BF->b50d6464-f54a-40d1-9f81-f1c19654fd05: receive RaftClientReply:client-8B023739F3BF->b50d6464-f54a-40d1-9f81-f1c19654fd05@group-1F53027F28E3, cid=2315, SUCCESS, logIndex=3265, commits[b50d6464-f54a-40d1-9f81-f1c19654fd05:c3267]
2019-09-12 09:26:22,489 [grpc-default-executor-1] INFO  client.GrpcClientProtocolClient (GrpcClientProtocolClient.java:onNext(264)) - client-8B023739F3BF->b50d6464-f54a-40d1-9f81-f1c19654fd05: receive RaftClientReply:client-8B023739F3BF->b50d6464-f54a-40d1-9f81-f1c19654fd05@group-1F53027F28E3, cid=2316, SUCCESS, logIndex=3266, commits[b50d6464-f54a-40d1-9f81-f1c19654fd05:c3267]
2019-09-12 09:26:22,507 [grpc-default-executor-1] INFO  client.GrpcClientProtocolClient (GrpcClientProtocolClient.java:onNext(264)) - client-8B023739F3BF->b50d6464-f54a-40d1-9f81-f1c19654fd05: receive RaftClientReply:client-8B023739F3BF->b50d6464-f54a-40d1-9f81-f1c19654fd05@group-1F53027F28E3, cid=2317, SUCCESS, logIndex=3268, commits[b50d6464-f54a-40d1-9f81-f1c19654fd05:c3269]
2019-09-12 09:26:22,508 [grpc-default-executor-1] INFO  client.GrpcClientProtocolClient (GrpcClientProtocolClient.java:onNext(264)) - client-8B023739F3BF->b50d6464-f54a-40d1-9f81-f1c19654fd05: receive RaftClientReply:client-8B023739F3BF->b50d6464-f54a-40d1-9f81-f1c19654fd05@group-1F53027F28E3, cid=2318, SUCCESS, logIndex=3269, commits[b50d6464-f54a-40d1-9f81-f1c19654fd05:c3269]
2019-09-12 09:26:22,510 [grpc-default-executor-1] INFO  client.GrpcClientProtocolClient (GrpcClientProtocolClient.java:onNext(264)) - client-8B023739F3BF->b50d6464-f54a-40d1-9f81-f1c19654fd05: receive RaftClientReply:client-8B023739F3BF->b50d6464-f54a-40d1-9f81-f1c19654fd05@group-1F53027F28E3, cid=2319, SUCCESS, logIndex=3270, commits[b50d6464-f54a-40d1-9f81-f1c19654fd05:c3272]
2019-09-12 09:26:22,510 [grpc-default-executor-1] INFO  client.GrpcClientProtocolClient (GrpcClientProtocolClient.java:onNext(264)) - client-8B023739F3BF->b50d6464-f54a-40d1-9f81-f1c19654fd05: receive RaftClientReply:client-8B023739F3BF->b50d6464-f54a-40d1-9f81-f1c19654fd05@group-1F53027F28E3, cid=2320, SUCCESS, logIndex=3271, commits[b50d6464-f54a-40d1-9f81-f1c19654fd05:c3272]
2019-09-12 09:26:22,541 [grpc-default-executor-2] INFO  client.GrpcClientProtocolClient (GrpcClientProtocolClient.java:onNext(264)) - client-8B023739F3BF->b50d6464-f54a-40d1-9f81-f1c19654fd05: receive RaftClientReply:client-8B023739F3BF->b50d6464-f54a-40d1-9f81-f1c19654fd05@group-1F53027F28E3, cid=2321, SUCCESS, logIndex=3273, commits[b50d6464-f54a-40d1-9f81-f1c19654fd05:c3276]
2019-09-12 09:26:22,542 [grpc-default-executor-2] INFO  client.GrpcClientProtocolClient (GrpcClientProtocolClient.java:onNext(264)) - client-8B023739F3BF->b50d6464-f54a-40d1-9f81-f1c19654fd05: receive RaftClientReply:client-8B023739F3BF->b50d6464-f54a-40d1-9f81-f1c19654fd05@group-1F53027F28E3, cid=2322, SUCCESS, logIndex=3274, commits[b50d6464-f54a-40d1-9f81-f1c19654fd05:c3276]
2019-09-12 09:26:22,542 [grpc-default-executor-2] INFO  client.GrpcClientProtocolClient (GrpcClientProtocolClient.java:onNext(264)) - client-8B023739F3BF->b50d6464-f54a-40d1-9f81-f1c19654fd05: receive RaftClientReply:client-8B023739F3BF->b50d6464-f54a-40d1-9f81-f1c19654fd05@group-1F53027F28E3, cid=2323, SUCCESS, logIndex=3275, commits[b50d6464-f54a-40d1-9f81-f1c19654fd05:c3277]
2019-09-12 09:26:22,543 [grpc-default-executor-2] INFO  client.GrpcClientProtocolClient (GrpcClientProtocolClient.java:onNext(264)) - client-8B023739F3BF->b50d6464-f54a-40d1-9f81-f1c19654fd05: receive RaftClientReply:client-8B023739F3BF->b50d6464-f54a-40d1-9f81-f1c19654fd05@group-1F53027F28E3, cid=2324, SUCCESS, logIndex=3276, commits[b50d6464-f54a-40d1-9f81-f1c19654fd05:c3277]
2019-09-12 09:26:22,559 [SCMBlockDeletingService#1] DEBUG block.SCMBlockDeletingService (SCMBlockDeletingService.java:call(138)) - Running DeletedBlockTransactionScanner
2019-09-12 09:26:22,559 [SCMBlockDeletingService#1] DEBUG block.SCMBlockDeletingService (SCMBlockDeletingService.java:call(155)) - Scanned deleted blocks log and got 0 delTX to process.
2019-09-12 09:26:22,563 [grpc-default-executor-2] INFO  client.GrpcClientProtocolClient (GrpcClientProtocolClient.java:onNext(264)) - client-8B023739F3BF->b50d6464-f54a-40d1-9f81-f1c19654fd05: receive RaftClientReply:client-8B023739F3BF->b50d6464-f54a-40d1-9f81-f1c19654fd05@group-1F53027F28E3, cid=2325, SUCCESS, logIndex=3278, commits[b50d6464-f54a-40d1-9f81-f1c19654fd05:c3281]
2019-09-12 09:26:22,563 [grpc-default-executor-2] INFO  client.GrpcClientProtocolClient (GrpcClientProtocolClient.java:onNext(264)) - client-8B023739F3BF->b50d6464-f54a-40d1-9f81-f1c19654fd05: receive RaftClientReply:client-8B023739F3BF->b50d6464-f54a-40d1-9f81-f1c19654fd05@group-1F53027F28E3, cid=2326, SUCCESS, logIndex=3279, commits[b50d6464-f54a-40d1-9f81-f1c19654fd05:c3281]
2019-09-12 09:26:22,564 [grpc-default-executor-2] INFO  client.GrpcClientProtocolClient (GrpcClientProtocolClient.java:onNext(264)) - client-8B023739F3BF->b50d6464-f54a-40d1-9f81-f1c19654fd05: receive RaftClientReply:client-8B023739F3BF->b50d6464-f54a-40d1-9f81-f1c19654fd05@group-1F53027F28E3, cid=2327, SUCCESS, logIndex=3280, commits[b50d6464-f54a-40d1-9f81-f1c19654fd05:c3281]
2019-09-12 09:26:22,564 [grpc-default-executor-2] INFO  client.GrpcClientProtocolClient (GrpcClientProtocolClient.java:onNext(264)) - client-8B023739F3BF->b50d6464-f54a-40d1-9f81-f1c19654fd05: receive RaftClientReply:client-8B023739F3BF->b50d6464-f54a-40d1-9f81-f1c19654fd05@group-1F53027F28E3, cid=2328, SUCCESS, logIndex=3281, commits[b50d6464-f54a-40d1-9f81-f1c19654fd05:c3282]
2019-09-12 09:26:22,593 [grpc-default-executor-2] INFO  client.GrpcClientProtocolClient (GrpcClientProtocolClient.java:onNext(264)) - client-8B023739F3BF->b50d6464-f54a-40d1-9f81-f1c19654fd05: receive RaftClientReply:client-8B023739F3BF->b50d6464-f54a-40d1-9f81-f1c19654fd05@group-1F53027F28E3, cid=2329, SUCCESS, logIndex=3283, commits[b50d6464-f54a-40d1-9f81-f1c19654fd05:c3286]
2019-09-12 09:26:22,593 [grpc-default-executor-2] INFO  client.GrpcClientProtocolClient (GrpcClientProtocolClient.java:onNext(264)) - client-8B023739F3BF->b50d6464-f54a-40d1-9f81-f1c19654fd05: receive RaftClientReply:client-8B023739F3BF->b50d6464-f54a-40d1-9f81-f1c19654fd05@group-1F53027F28E3, cid=2330, SUCCESS, logIndex=3284, commits[b50d6464-f54a-40d1-9f81-f1c19654fd05:c3287]
2019-09-12 09:26:22,593 [grpc-default-executor-2] INFO  client.GrpcClientProtocolClient (GrpcClientProtocolClient.java:onNext(264)) - client-8B023739F3BF->b50d6464-f54a-40d1-9f81-f1c19654fd05: receive RaftClientReply:client-8B023739F3BF->b50d6464-f54a-40d1-9f81-f1c19654fd05@group-1F53027F28E3, cid=2331, SUCCESS, logIndex=3285, commits[b50d6464-f54a-40d1-9f81-f1c19654fd05:c3287]
2019-09-12 09:26:22,594 [grpc-default-executor-2] INFO  client.GrpcClientProtocolClient (GrpcClientProtocolClient.java:onNext(264)) - client-8B023739F3BF->b50d6464-f54a-40d1-9f81-f1c19654fd05: receive RaftClientReply:client-8B023739F3BF->b50d6464-f54a-40d1-9f81-f1c19654fd05@group-1F53027F28E3, cid=2332, SUCCESS, logIndex=3286, commits[b50d6464-f54a-40d1-9f81-f1c19654fd05:c3287]
2019-09-12 09:26:22,612 [grpc-default-executor-2] INFO  client.GrpcClientProtocolClient (GrpcClientProtocolClient.java:onNext(264)) - client-8B023739F3BF->b50d6464-f54a-40d1-9f81-f1c19654fd05: receive RaftClientReply:client-8B023739F3BF->b50d6464-f54a-40d1-9f81-f1c19654fd05@group-1F53027F28E3, cid=2333, SUCCESS, logIndex=3288, commits[b50d6464-f54a-40d1-9f81-f1c19654fd05:c3289]
2019-09-12 09:26:22,612 [grpc-default-executor-2] INFO  client.GrpcClientProtocolClient (GrpcClientProtocolClient.java:onNext(264)) - client-8B023739F3BF->b50d6464-f54a-40d1-9f81-f1c19654fd05: receive RaftClientReply:client-8B023739F3BF->b50d6464-f54a-40d1-9f81-f1c19654fd05@group-1F53027F28E3, cid=2334, SUCCESS, logIndex=3289, commits[b50d6464-f54a-40d1-9f81-f1c19654fd05:c3289]
2019-09-12 09:26:22,613 [grpc-default-executor-2] INFO  client.GrpcClientProtocolClient (GrpcClientProtocolClient.java:onNext(264)) - client-8B023739F3BF->b50d6464-f54a-40d1-9f81-f1c19654fd05: receive RaftClientReply:client-8B023739F3BF->b50d6464-f54a-40d1-9f81-f1c19654fd05@group-1F53027F28E3, cid=2335, SUCCESS, logIndex=3290, commits[b50d6464-f54a-40d1-9f81-f1c19654fd05:c3291]
2019-09-12 09:26:22,613 [grpc-default-executor-2] INFO  client.GrpcClientProtocolClient (GrpcClientProtocolClient.java:onNext(264)) - client-8B023739F3BF->b50d6464-f54a-40d1-9f81-f1c19654fd05: receive RaftClientReply:client-8B023739F3BF->b50d6464-f54a-40d1-9f81-f1c19654fd05@group-1F53027F28E3, cid=2336, SUCCESS, logIndex=3291, commits[b50d6464-f54a-40d1-9f81-f1c19654fd05:c3291]
2019-09-12 09:26:22,638 [grpc-default-executor-1] INFO  client.GrpcClientProtocolClient (GrpcClientProtocolClient.java:onNext(264)) - client-8B023739F3BF->b50d6464-f54a-40d1-9f81-f1c19654fd05: receive RaftClientReply:client-8B023739F3BF->b50d6464-f54a-40d1-9f81-f1c19654fd05@group-1F53027F28E3, cid=2337, SUCCESS, logIndex=3294, commits[b50d6464-f54a-40d1-9f81-f1c19654fd05:c3295]
2019-09-12 09:26:22,638 [grpc-default-executor-1] INFO  client.GrpcClientProtocolClient (GrpcClientProtocolClient.java:onNext(264)) - client-8B023739F3BF->b50d6464-f54a-40d1-9f81-f1c19654fd05: receive RaftClientReply:client-8B023739F3BF->b50d6464-f54a-40d1-9f81-f1c19654fd05@group-1F53027F28E3, cid=2338, SUCCESS, logIndex=3295, commits[b50d6464-f54a-40d1-9f81-f1c19654fd05:c3297]
2019-09-12 09:26:22,638 [grpc-default-executor-1] INFO  client.GrpcClientProtocolClient (GrpcClientProtocolClient.java:onNext(264)) - client-8B023739F3BF->b50d6464-f54a-40d1-9f81-f1c19654fd05: receive RaftClientReply:client-8B023739F3BF->b50d6464-f54a-40d1-9f81-f1c19654fd05@group-1F53027F28E3, cid=2339, SUCCESS, logIndex=3296, commits[b50d6464-f54a-40d1-9f81-f1c19654fd05:c3298]
2019-09-12 09:26:22,639 [grpc-default-executor-1] INFO  client.GrpcClientProtocolClient (GrpcClientProtocolClient.java:onNext(264)) - client-8B023739F3BF->b50d6464-f54a-40d1-9f81-f1c19654fd05: receive RaftClientReply:client-8B023739F3BF->b50d6464-f54a-40d1-9f81-f1c19654fd05@group-1F53027F28E3, cid=2340, SUCCESS, logIndex=3297, commits[b50d6464-f54a-40d1-9f81-f1c19654fd05:c3298]
2019-09-12 09:26:22,660 [SCMBlockDeletingService#1] DEBUG block.SCMBlockDeletingService (SCMBlockDeletingService.java:call(138)) - Running DeletedBlockTransactionScanner
2019-09-12 09:26:22,660 [SCMBlockDeletingService#1] DEBUG block.SCMBlockDeletingService (SCMBlockDeletingService.java:call(155)) - Scanned deleted blocks log and got 0 delTX to process.
2019-09-12 09:26:22,664 [grpc-default-executor-2] INFO  client.GrpcClientProtocolClient (GrpcClientProtocolClient.java:onNext(264)) - client-8B023739F3BF->b50d6464-f54a-40d1-9f81-f1c19654fd05: receive RaftClientReply:client-8B023739F3BF->b50d6464-f54a-40d1-9f81-f1c19654fd05@group-1F53027F28E3, cid=2341, SUCCESS, logIndex=3300, commits[b50d6464-f54a-40d1-9f81-f1c19654fd05:c3301]
2019-09-12 09:26:22,664 [grpc-default-executor-2] INFO  client.GrpcClientProtocolClient (GrpcClientProtocolClient.java:onNext(264)) - client-8B023739F3BF->b50d6464-f54a-40d1-9f81-f1c19654fd05: receive RaftClientReply:client-8B023739F3BF->b50d6464-f54a-40d1-9f81-f1c19654fd05@group-1F53027F28E3, cid=2342, SUCCESS, logIndex=3301, commits[b50d6464-f54a-40d1-9f81-f1c19654fd05:c3302]
2019-09-12 09:26:22,760 [SCMBlockDeletingService#1] DEBUG block.SCMBlockDeletingService (SCMBlockDeletingService.java:call(138)) - Running DeletedBlockTransactionScanner
2019-09-12 09:26:22,761 [SCMBlockDeletingService#1] DEBUG block.SCMBlockDeletingService (SCMBlockDeletingService.java:call(155)) - Scanned deleted blocks log and got 0 delTX to process.
2019-09-12 09:26:22,773 [grpc-default-executor-1] INFO  client.GrpcClientProtocolClient (GrpcClientProtocolClient.java:onNext(264)) - client-8B023739F3BF->b50d6464-f54a-40d1-9f81-f1c19654fd05: receive RaftClientReply:client-8B023739F3BF->b50d6464-f54a-40d1-9f81-f1c19654fd05@group-1F53027F28E3, cid=2343, SUCCESS, logIndex=3303, commits[b50d6464-f54a-40d1-9f81-f1c19654fd05:c3304]
2019-09-12 09:26:22,774 [grpc-default-executor-1] INFO  client.GrpcClientProtocolClient (GrpcClientProtocolClient.java:onNext(264)) - client-8B023739F3BF->b50d6464-f54a-40d1-9f81-f1c19654fd05: receive RaftClientReply:client-8B023739F3BF->b50d6464-f54a-40d1-9f81-f1c19654fd05@group-1F53027F28E3, cid=2344, SUCCESS, logIndex=3304, commits[b50d6464-f54a-40d1-9f81-f1c19654fd05:c3304]
2019-09-12 09:26:22,804 [grpc-default-executor-2] INFO  client.GrpcClientProtocolClient (GrpcClientProtocolClient.java:onNext(264)) - client-8B023739F3BF->b50d6464-f54a-40d1-9f81-f1c19654fd05: receive RaftClientReply:client-8B023739F3BF->b50d6464-f54a-40d1-9f81-f1c19654fd05@group-1F53027F28E3, cid=2345, SUCCESS, logIndex=3306, commits[b50d6464-f54a-40d1-9f81-f1c19654fd05:c3309]
2019-09-12 09:26:22,804 [grpc-default-executor-2] INFO  client.GrpcClientProtocolClient (GrpcClientProtocolClient.java:onNext(264)) - client-8B023739F3BF->b50d6464-f54a-40d1-9f81-f1c19654fd05: receive RaftClientReply:client-8B023739F3BF->b50d6464-f54a-40d1-9f81-f1c19654fd05@group-1F53027F28E3, cid=2346, SUCCESS, logIndex=3307, commits[b50d6464-f54a-40d1-9f81-f1c19654fd05:c3310]
2019-09-12 09:26:22,805 [grpc-default-executor-2] INFO  client.GrpcClientProtocolClient (GrpcClientProtocolClient.java:onNext(264)) - client-8B023739F3BF->b50d6464-f54a-40d1-9f81-f1c19654fd05: receive RaftClientReply:client-8B023739F3BF->b50d6464-f54a-40d1-9f81-f1c19654fd05@group-1F53027F28E3, cid=2347, SUCCESS, logIndex=3308, commits[b50d6464-f54a-40d1-9f81-f1c19654fd05:c3310]
2019-09-12 09:26:22,805 [grpc-default-executor-2] INFO  client.GrpcClientProtocolClient (GrpcClientProtocolClient.java:onNext(264)) - client-8B023739F3BF->b50d6464-f54a-40d1-9f81-f1c19654fd05: receive RaftClientReply:client-8B023739F3BF->b50d6464-f54a-40d1-9f81-f1c19654fd05@group-1F53027F28E3, cid=2348, SUCCESS, logIndex=3309, commits[b50d6464-f54a-40d1-9f81-f1c19654fd05:c3310]
2019-09-12 09:26:22,823 [grpc-default-executor-1] INFO  client.GrpcClientProtocolClient (GrpcClientProtocolClient.java:onNext(264)) - client-8B023739F3BF->b50d6464-f54a-40d1-9f81-f1c19654fd05: receive RaftClientReply:client-8B023739F3BF->b50d6464-f54a-40d1-9f81-f1c19654fd05@group-1F53027F28E3, cid=2349, SUCCESS, logIndex=3311, commits[b50d6464-f54a-40d1-9f81-f1c19654fd05:c3312]
2019-09-12 09:26:22,823 [grpc-default-executor-1] INFO  client.GrpcClientProtocolClient (GrpcClientProtocolClient.java:onNext(264)) - client-8B023739F3BF->b50d6464-f54a-40d1-9f81-f1c19654fd05: receive RaftClientReply:client-8B023739F3BF->b50d6464-f54a-40d1-9f81-f1c19654fd05@group-1F53027F28E3, cid=2350, SUCCESS, logIndex=3312, commits[b50d6464-f54a-40d1-9f81-f1c19654fd05:c3314]
2019-09-12 09:26:22,823 [grpc-default-executor-1] INFO  client.GrpcClientProtocolClient (GrpcClientProtocolClient.java:onNext(264)) - client-8B023739F3BF->b50d6464-f54a-40d1-9f81-f1c19654fd05: receive RaftClientReply:client-8B023739F3BF->b50d6464-f54a-40d1-9f81-f1c19654fd05@group-1F53027F28E3, cid=2351, SUCCESS, logIndex=3313, commits[b50d6464-f54a-40d1-9f81-f1c19654fd05:c3315]
2019-09-12 09:26:22,824 [grpc-default-executor-1] INFO  client.GrpcClientProtocolClient (GrpcClientProtocolClient.java:onNext(264)) - client-8B023739F3BF->b50d6464-f54a-40d1-9f81-f1c19654fd05: receive RaftClientReply:client-8B023739F3BF->b50d6464-f54a-40d1-9f81-f1c19654fd05@group-1F53027F28E3, cid=2352, SUCCESS, logIndex=3314, commits[b50d6464-f54a-40d1-9f81-f1c19654fd05:c3315]
2019-09-12 09:26:22,851 [grpc-default-executor-1] INFO  client.GrpcClientProtocolClient (GrpcClientProtocolClient.java:onNext(264)) - client-8B023739F3BF->b50d6464-f54a-40d1-9f81-f1c19654fd05: receive RaftClientReply:client-8B023739F3BF->b50d6464-f54a-40d1-9f81-f1c19654fd05@group-1F53027F28E3, cid=2353, SUCCESS, logIndex=3317, commits[b50d6464-f54a-40d1-9f81-f1c19654fd05:c3318]
2019-09-12 09:26:22,852 [grpc-default-executor-1] INFO  client.GrpcClientProtocolClient (GrpcClientProtocolClient.java:onNext(264)) - client-8B023739F3BF->b50d6464-f54a-40d1-9f81-f1c19654fd05: receive RaftClientReply:client-8B023739F3BF->b50d6464-f54a-40d1-9f81-f1c19654fd05@group-1F53027F28E3, cid=2354, SUCCESS, logIndex=3318, commits[b50d6464-f54a-40d1-9f81-f1c19654fd05:c3320]
2019-09-12 09:26:22,852 [grpc-default-executor-1] INFO  client.GrpcClientProtocolClient (GrpcClientProtocolClient.java:onNext(264)) - client-8B023739F3BF->b50d6464-f54a-40d1-9f81-f1c19654fd05: receive RaftClientReply:client-8B023739F3BF->b50d6464-f54a-40d1-9f81-f1c19654fd05@group-1F53027F28E3, cid=2355, SUCCESS, logIndex=3319, commits[b50d6464-f54a-40d1-9f81-f1c19654fd05:c3320]
2019-09-12 09:26:22,852 [grpc-default-executor-1] INFO  client.GrpcClientProtocolClient (GrpcClientProtocolClient.java:onNext(264)) - client-8B023739F3BF->b50d6464-f54a-40d1-9f81-f1c19654fd05: receive RaftClientReply:client-8B023739F3BF->b50d6464-f54a-40d1-9f81-f1c19654fd05@group-1F53027F28E3, cid=2356, SUCCESS, logIndex=3320, commits[b50d6464-f54a-40d1-9f81-f1c19654fd05:c3321]
2019-09-12 09:26:22,861 [SCMBlockDeletingService#1] DEBUG block.SCMBlockDeletingService (SCMBlockDeletingService.java:call(138)) - Running DeletedBlockTransactionScanner
2019-09-12 09:26:22,861 [SCMBlockDeletingService#1] DEBUG block.SCMBlockDeletingService (SCMBlockDeletingService.java:call(155)) - Scanned deleted blocks log and got 0 delTX to process.
2019-09-12 09:26:22,871 [grpc-default-executor-1] INFO  client.GrpcClientProtocolClient (GrpcClientProtocolClient.java:onNext(264)) - client-8B023739F3BF->b50d6464-f54a-40d1-9f81-f1c19654fd05: receive RaftClientReply:client-8B023739F3BF->b50d6464-f54a-40d1-9f81-f1c19654fd05@group-1F53027F28E3, cid=2357, SUCCESS, logIndex=3323, commits[b50d6464-f54a-40d1-9f81-f1c19654fd05:c3324]
2019-09-12 09:26:22,871 [grpc-default-executor-1] INFO  client.GrpcClientProtocolClient (GrpcClientProtocolClient.java:onNext(264)) - client-8B023739F3BF->b50d6464-f54a-40d1-9f81-f1c19654fd05: receive RaftClientReply:client-8B023739F3BF->b50d6464-f54a-40d1-9f81-f1c19654fd05@group-1F53027F28E3, cid=2358, SUCCESS, logIndex=3324, commits[b50d6464-f54a-40d1-9f81-f1c19654fd05:c3326]
2019-09-12 09:26:22,871 [grpc-default-executor-1] INFO  client.GrpcClientProtocolClient (GrpcClientProtocolClient.java:onNext(264)) - client-8B023739F3BF->b50d6464-f54a-40d1-9f81-f1c19654fd05: receive RaftClientReply:client-8B023739F3BF->b50d6464-f54a-40d1-9f81-f1c19654fd05@group-1F53027F28E3, cid=2359, SUCCESS, logIndex=3325, commits[b50d6464-f54a-40d1-9f81-f1c19654fd05:c3326]
2019-09-12 09:26:22,872 [grpc-default-executor-1] INFO  client.GrpcClientProtocolClient (GrpcClientProtocolClient.java:onNext(264)) - client-8B023739F3BF->b50d6464-f54a-40d1-9f81-f1c19654fd05: receive RaftClientReply:client-8B023739F3BF->b50d6464-f54a-40d1-9f81-f1c19654fd05@group-1F53027F28E3, cid=2360, SUCCESS, logIndex=3326, commits[b50d6464-f54a-40d1-9f81-f1c19654fd05:c3327]
2019-09-12 09:26:22,898 [grpc-default-executor-1] INFO  client.GrpcClientProtocolClient (GrpcClientProtocolClient.java:onNext(264)) - client-8B023739F3BF->b50d6464-f54a-40d1-9f81-f1c19654fd05: receive RaftClientReply:client-8B023739F3BF->b50d6464-f54a-40d1-9f81-f1c19654fd05@group-1F53027F28E3, cid=2361, SUCCESS, logIndex=3329, commits[b50d6464-f54a-40d1-9f81-f1c19654fd05:c3330]
2019-09-12 09:26:22,899 [grpc-default-executor-1] INFO  client.GrpcClientProtocolClient (GrpcClientProtocolClient.java:onNext(264)) - client-8B023739F3BF->b50d6464-f54a-40d1-9f81-f1c19654fd05: receive RaftClientReply:client-8B023739F3BF->b50d6464-f54a-40d1-9f81-f1c19654fd05@group-1F53027F28E3, cid=2362, SUCCESS, logIndex=3330, commits[b50d6464-f54a-40d1-9f81-f1c19654fd05:c3332]
2019-09-12 09:26:22,899 [grpc-default-executor-1] INFO  client.GrpcClientProtocolClient (GrpcClientProtocolClient.java:onNext(264)) - client-8B023739F3BF->b50d6464-f54a-40d1-9f81-f1c19654fd05: receive RaftClientReply:client-8B023739F3BF->b50d6464-f54a-40d1-9f81-f1c19654fd05@group-1F53027F28E3, cid=2363, SUCCESS, logIndex=3331, commits[b50d6464-f54a-40d1-9f81-f1c19654fd05:c3333]
2019-09-12 09:26:22,899 [grpc-default-executor-1] INFO  client.GrpcClientProtocolClient (GrpcClientProtocolClient.java:onNext(264)) - client-8B023739F3BF->b50d6464-f54a-40d1-9f81-f1c19654fd05: receive RaftClientReply:client-8B023739F3BF->b50d6464-f54a-40d1-9f81-f1c19654fd05@group-1F53027F28E3, cid=2364, SUCCESS, logIndex=3332, commits[b50d6464-f54a-40d1-9f81-f1c19654fd05:c3333]
2019-09-12 09:26:22,917 [grpc-default-executor-2] INFO  client.GrpcClientProtocolClient (GrpcClientProtocolClient.java:onNext(264)) - client-8B023739F3BF->b50d6464-f54a-40d1-9f81-f1c19654fd05: receive RaftClientReply:client-8B023739F3BF->b50d6464-f54a-40d1-9f81-f1c19654fd05@group-1F53027F28E3, cid=2365, SUCCESS, logIndex=3335, commits[b50d6464-f54a-40d1-9f81-f1c19654fd05:c3338]
2019-09-12 09:26:22,918 [grpc-default-executor-2] INFO  client.GrpcClientProtocolClient (GrpcClientProtocolClient.java:onNext(264)) - client-8B023739F3BF->b50d6464-f54a-40d1-9f81-f1c19654fd05: receive RaftClientReply:client-8B023739F3BF->b50d6464-f54a-40d1-9f81-f1c19654fd05@group-1F53027F28E3, cid=2366, SUCCESS, logIndex=3336, commits[b50d6464-f54a-40d1-9f81-f1c19654fd05:c3339]
2019-09-12 09:26:22,918 [grpc-default-executor-2] INFO  client.GrpcClientProtocolClient (GrpcClientProtocolClient.java:onNext(264)) - client-8B023739F3BF->b50d6464-f54a-40d1-9f81-f1c19654fd05: receive RaftClientReply:client-8B023739F3BF->b50d6464-f54a-40d1-9f81-f1c19654fd05@group-1F53027F28E3, cid=2367, SUCCESS, logIndex=3337, commits[b50d6464-f54a-40d1-9f81-f1c19654fd05:c3339]
2019-09-12 09:26:22,918 [grpc-default-executor-2] INFO  client.GrpcClientProtocolClient (GrpcClientProtocolClient.java:onNext(264)) - client-8B023739F3BF->b50d6464-f54a-40d1-9f81-f1c19654fd05: receive RaftClientReply:client-8B023739F3BF->b50d6464-f54a-40d1-9f81-f1c19654fd05@group-1F53027F28E3, cid=2368, SUCCESS, logIndex=3338, commits[b50d6464-f54a-40d1-9f81-f1c19654fd05:c3339]
2019-09-12 09:26:22,943 [grpc-default-executor-2] INFO  client.GrpcClientProtocolClient (GrpcClientProtocolClient.java:onNext(264)) - client-8B023739F3BF->b50d6464-f54a-40d1-9f81-f1c19654fd05: receive RaftClientReply:client-8B023739F3BF->b50d6464-f54a-40d1-9f81-f1c19654fd05@group-1F53027F28E3, cid=2369, SUCCESS, logIndex=3340, commits[b50d6464-f54a-40d1-9f81-f1c19654fd05:c3343]
2019-09-12 09:26:22,944 [grpc-default-executor-2] INFO  client.GrpcClientProtocolClient (GrpcClientProtocolClient.java:onNext(264)) - client-8B023739F3BF->b50d6464-f54a-40d1-9f81-f1c19654fd05: receive RaftClientReply:client-8B023739F3BF->b50d6464-f54a-40d1-9f81-f1c19654fd05@group-1F53027F28E3, cid=2370, SUCCESS, logIndex=3341, commits[b50d6464-f54a-40d1-9f81-f1c19654fd05:c3343]
2019-09-12 09:26:22,944 [grpc-default-executor-2] INFO  client.GrpcClientProtocolClient (GrpcClientProtocolClient.java:onNext(264)) - client-8B023739F3BF->b50d6464-f54a-40d1-9f81-f1c19654fd05: receive RaftClientReply:client-8B023739F3BF->b50d6464-f54a-40d1-9f81-f1c19654fd05@group-1F53027F28E3, cid=2371, SUCCESS, logIndex=3342, commits[b50d6464-f54a-40d1-9f81-f1c19654fd05:c3344]
2019-09-12 09:26:22,944 [grpc-default-executor-2] INFO  client.GrpcClientProtocolClient (GrpcClientProtocolClient.java:onNext(264)) - client-8B023739F3BF->b50d6464-f54a-40d1-9f81-f1c19654fd05: receive RaftClientReply:client-8B023739F3BF->b50d6464-f54a-40d1-9f81-f1c19654fd05@group-1F53027F28E3, cid=2372, SUCCESS, logIndex=3343, commits[b50d6464-f54a-40d1-9f81-f1c19654fd05:c3344]
2019-09-12 09:26:22,961 [SCMBlockDeletingService#1] DEBUG block.SCMBlockDeletingService (SCMBlockDeletingService.java:call(138)) - Running DeletedBlockTransactionScanner
2019-09-12 09:26:22,962 [SCMBlockDeletingService#1] DEBUG block.SCMBlockDeletingService (SCMBlockDeletingService.java:call(155)) - Scanned deleted blocks log and got 0 delTX to process.
2019-09-12 09:26:22,963 [grpc-default-executor-1] INFO  client.GrpcClientProtocolClient (GrpcClientProtocolClient.java:onNext(264)) - client-8B023739F3BF->b50d6464-f54a-40d1-9f81-f1c19654fd05: receive RaftClientReply:client-8B023739F3BF->b50d6464-f54a-40d1-9f81-f1c19654fd05@group-1F53027F28E3, cid=2373, SUCCESS, logIndex=3345, commits[b50d6464-f54a-40d1-9f81-f1c19654fd05:c3348]
2019-09-12 09:26:22,963 [grpc-default-executor-1] INFO  client.GrpcClientProtocolClient (GrpcClientProtocolClient.java:onNext(264)) - client-8B023739F3BF->b50d6464-f54a-40d1-9f81-f1c19654fd05: receive RaftClientReply:client-8B023739F3BF->b50d6464-f54a-40d1-9f81-f1c19654fd05@group-1F53027F28E3, cid=2374, SUCCESS, logIndex=3346, commits[b50d6464-f54a-40d1-9f81-f1c19654fd05:c3348]
2019-09-12 09:26:22,963 [grpc-default-executor-1] INFO  client.GrpcClientProtocolClient (GrpcClientProtocolClient.java:onNext(264)) - client-8B023739F3BF->b50d6464-f54a-40d1-9f81-f1c19654fd05: receive RaftClientReply:client-8B023739F3BF->b50d6464-f54a-40d1-9f81-f1c19654fd05@group-1F53027F28E3, cid=2375, SUCCESS, logIndex=3347, commits[b50d6464-f54a-40d1-9f81-f1c19654fd05:c3349]
2019-09-12 09:26:22,963 [grpc-default-executor-1] INFO  client.GrpcClientProtocolClient (GrpcClientProtocolClient.java:onNext(264)) - client-8B023739F3BF->b50d6464-f54a-40d1-9f81-f1c19654fd05: receive RaftClientReply:client-8B023739F3BF->b50d6464-f54a-40d1-9f81-f1c19654fd05@group-1F53027F28E3, cid=2376, SUCCESS, logIndex=3348, commits[b50d6464-f54a-40d1-9f81-f1c19654fd05:c3349]
2019-09-12 09:26:22,987 [grpc-default-executor-2] INFO  client.GrpcClientProtocolClient (GrpcClientProtocolClient.java:onNext(264)) - client-8B023739F3BF->b50d6464-f54a-40d1-9f81-f1c19654fd05: receive RaftClientReply:client-8B023739F3BF->b50d6464-f54a-40d1-9f81-f1c19654fd05@group-1F53027F28E3, cid=2377, SUCCESS, logIndex=3350, commits[b50d6464-f54a-40d1-9f81-f1c19654fd05:c3351]
2019-09-12 09:26:22,987 [grpc-default-executor-2] INFO  client.GrpcClientProtocolClient (GrpcClientProtocolClient.java:onNext(264)) - client-8B023739F3BF->b50d6464-f54a-40d1-9f81-f1c19654fd05: receive RaftClientReply:client-8B023739F3BF->b50d6464-f54a-40d1-9f81-f1c19654fd05@group-1F53027F28E3, cid=2378, SUCCESS, logIndex=3351, commits[b50d6464-f54a-40d1-9f81-f1c19654fd05:c3351]
2019-09-12 09:26:22,988 [grpc-default-executor-2] INFO  client.GrpcClientProtocolClient (GrpcClientProtocolClient.java:onNext(264)) - client-8B023739F3BF->b50d6464-f54a-40d1-9f81-f1c19654fd05: receive RaftClientReply:client-8B023739F3BF->b50d6464-f54a-40d1-9f81-f1c19654fd05@group-1F53027F28E3, cid=2379, SUCCESS, logIndex=3352, commits[b50d6464-f54a-40d1-9f81-f1c19654fd05:c3353]
2019-09-12 09:26:22,988 [grpc-default-executor-2] INFO  client.GrpcClientProtocolClient (GrpcClientProtocolClient.java:onNext(264)) - client-8B023739F3BF->b50d6464-f54a-40d1-9f81-f1c19654fd05: receive RaftClientReply:client-8B023739F3BF->b50d6464-f54a-40d1-9f81-f1c19654fd05@group-1F53027F28E3, cid=2380, SUCCESS, logIndex=3353, commits[b50d6464-f54a-40d1-9f81-f1c19654fd05:c3353]
2019-09-12 09:26:22,999 [grpc-default-executor-1] INFO  client.GrpcClientProtocolClient (GrpcClientProtocolClient.java:onNext(264)) - client-8B023739F3BF->b50d6464-f54a-40d1-9f81-f1c19654fd05: receive RaftClientReply:client-8B023739F3BF->b50d6464-f54a-40d1-9f81-f1c19654fd05@group-1F53027F28E3, cid=2381, SUCCESS, logIndex=3356, commits[b50d6464-f54a-40d1-9f81-f1c19654fd05:c3359]
2019-09-12 09:26:23,000 [grpc-default-executor-1] INFO  client.GrpcClientProtocolClient (GrpcClientProtocolClient.java:onNext(264)) - client-8B023739F3BF->b50d6464-f54a-40d1-9f81-f1c19654fd05: receive RaftClientReply:client-8B023739F3BF->b50d6464-f54a-40d1-9f81-f1c19654fd05@group-1F53027F28E3, cid=2382, SUCCESS, logIndex=3357, commits[b50d6464-f54a-40d1-9f81-f1c19654fd05:c3360]
2019-09-12 09:26:23,000 [grpc-default-executor-1] INFO  client.GrpcClientProtocolClient (GrpcClientProtocolClient.java:onNext(264)) - client-8B023739F3BF->b50d6464-f54a-40d1-9f81-f1c19654fd05: receive RaftClientReply:client-8B023739F3BF->b50d6464-f54a-40d1-9f81-f1c19654fd05@group-1F53027F28E3, cid=2383, SUCCESS, logIndex=3358, commits[b50d6464-f54a-40d1-9f81-f1c19654fd05:c3360]
2019-09-12 09:26:23,000 [grpc-default-executor-1] INFO  client.GrpcClientProtocolClient (GrpcClientProtocolClient.java:onNext(264)) - client-8B023739F3BF->b50d6464-f54a-40d1-9f81-f1c19654fd05: receive RaftClientReply:client-8B023739F3BF->b50d6464-f54a-40d1-9f81-f1c19654fd05@group-1F53027F28E3, cid=2384, SUCCESS, logIndex=3359, commits[b50d6464-f54a-40d1-9f81-f1c19654fd05:c3360]
2019-09-12 09:26:23,082 [SCMBlockDeletingService#1] DEBUG block.SCMBlockDeletingService (SCMBlockDeletingService.java:call(138)) - Running DeletedBlockTransactionScanner
2019-09-12 09:26:23,083 [SCMBlockDeletingService#1] DEBUG block.SCMBlockDeletingService (SCMBlockDeletingService.java:call(155)) - Scanned deleted blocks log and got 0 delTX to process.
2019-09-12 09:26:23,099 [grpc-default-executor-2] INFO  client.GrpcClientProtocolClient (GrpcClientProtocolClient.java:onNext(264)) - client-8B023739F3BF->b50d6464-f54a-40d1-9f81-f1c19654fd05: receive RaftClientReply:client-8B023739F3BF->b50d6464-f54a-40d1-9f81-f1c19654fd05@group-1F53027F28E3, cid=2385, SUCCESS, logIndex=3361, commits[b50d6464-f54a-40d1-9f81-f1c19654fd05:c3362]
2019-09-12 09:26:23,099 [grpc-default-executor-2] INFO  client.GrpcClientProtocolClient (GrpcClientProtocolClient.java:onNext(264)) - client-8B023739F3BF->b50d6464-f54a-40d1-9f81-f1c19654fd05: receive RaftClientReply:client-8B023739F3BF->b50d6464-f54a-40d1-9f81-f1c19654fd05@group-1F53027F28E3, cid=2386, SUCCESS, logIndex=3362, commits[b50d6464-f54a-40d1-9f81-f1c19654fd05:c3363]
2019-09-12 09:26:23,183 [SCMBlockDeletingService#1] DEBUG block.SCMBlockDeletingService (SCMBlockDeletingService.java:call(138)) - Running DeletedBlockTransactionScanner
2019-09-12 09:26:23,183 [SCMBlockDeletingService#1] DEBUG block.SCMBlockDeletingService (SCMBlockDeletingService.java:call(155)) - Scanned deleted blocks log and got 0 delTX to process.
2019-09-12 09:26:23,184 [grpc-default-executor-1] INFO  client.GrpcClientProtocolClient (GrpcClientProtocolClient.java:onNext(264)) - client-8B023739F3BF->b50d6464-f54a-40d1-9f81-f1c19654fd05: receive RaftClientReply:client-8B023739F3BF->b50d6464-f54a-40d1-9f81-f1c19654fd05@group-1F53027F28E3, cid=2387, SUCCESS, logIndex=3364, commits[b50d6464-f54a-40d1-9f81-f1c19654fd05:c3365]
2019-09-12 09:26:23,185 [grpc-default-executor-1] INFO  client.GrpcClientProtocolClient (GrpcClientProtocolClient.java:onNext(264)) - client-8B023739F3BF->b50d6464-f54a-40d1-9f81-f1c19654fd05: receive RaftClientReply:client-8B023739F3BF->b50d6464-f54a-40d1-9f81-f1c19654fd05@group-1F53027F28E3, cid=2388, SUCCESS, logIndex=3365, commits[b50d6464-f54a-40d1-9f81-f1c19654fd05:c3366]
2019-09-12 09:26:23,202 [grpc-default-executor-1] INFO  client.GrpcClientProtocolClient (GrpcClientProtocolClient.java:onNext(264)) - client-8B023739F3BF->b50d6464-f54a-40d1-9f81-f1c19654fd05: receive RaftClientReply:client-8B023739F3BF->b50d6464-f54a-40d1-9f81-f1c19654fd05@group-1F53027F28E3, cid=2389, SUCCESS, logIndex=3367, commits[b50d6464-f54a-40d1-9f81-f1c19654fd05:c3368]
2019-09-12 09:26:23,203 [grpc-default-executor-1] INFO  client.GrpcClientProtocolClient (GrpcClientProtocolClient.java:onNext(264)) - client-8B023739F3BF->b50d6464-f54a-40d1-9f81-f1c19654fd05: receive RaftClientReply:client-8B023739F3BF->b50d6464-f54a-40d1-9f81-f1c19654fd05@group-1F53027F28E3, cid=2390, SUCCESS, logIndex=3368, commits[b50d6464-f54a-40d1-9f81-f1c19654fd05:c3370]
2019-09-12 09:26:23,203 [grpc-default-executor-1] INFO  client.GrpcClientProtocolClient (GrpcClientProtocolClient.java:onNext(264)) - client-8B023739F3BF->b50d6464-f54a-40d1-9f81-f1c19654fd05: receive RaftClientReply:client-8B023739F3BF->b50d6464-f54a-40d1-9f81-f1c19654fd05@group-1F53027F28E3, cid=2391, SUCCESS, logIndex=3369, commits[b50d6464-f54a-40d1-9f81-f1c19654fd05:c3371]
2019-09-12 09:26:23,203 [grpc-default-executor-1] INFO  client.GrpcClientProtocolClient (GrpcClientProtocolClient.java:onNext(264)) - client-8B023739F3BF->b50d6464-f54a-40d1-9f81-f1c19654fd05: receive RaftClientReply:client-8B023739F3BF->b50d6464-f54a-40d1-9f81-f1c19654fd05@group-1F53027F28E3, cid=2392, SUCCESS, logIndex=3370, commits[b50d6464-f54a-40d1-9f81-f1c19654fd05:c3371]
2019-09-12 09:26:23,231 [grpc-default-executor-1] INFO  client.GrpcClientProtocolClient (GrpcClientProtocolClient.java:onNext(264)) - client-8B023739F3BF->b50d6464-f54a-40d1-9f81-f1c19654fd05: receive RaftClientReply:client-8B023739F3BF->b50d6464-f54a-40d1-9f81-f1c19654fd05@group-1F53027F28E3, cid=2393, SUCCESS, logIndex=3373, commits[b50d6464-f54a-40d1-9f81-f1c19654fd05:c3374]
2019-09-12 09:26:23,232 [grpc-default-executor-1] INFO  client.GrpcClientProtocolClient (GrpcClientProtocolClient.java:onNext(264)) - client-8B023739F3BF->b50d6464-f54a-40d1-9f81-f1c19654fd05: receive RaftClientReply:client-8B023739F3BF->b50d6464-f54a-40d1-9f81-f1c19654fd05@group-1F53027F28E3, cid=2394, SUCCESS, logIndex=3374, commits[b50d6464-f54a-40d1-9f81-f1c19654fd05:c3376]
2019-09-12 09:26:23,232 [grpc-default-executor-1] INFO  client.GrpcClientProtocolClient (GrpcClientProtocolClient.java:onNext(264)) - client-8B023739F3BF->b50d6464-f54a-40d1-9f81-f1c19654fd05: receive RaftClientReply:client-8B023739F3BF->b50d6464-f54a-40d1-9f81-f1c19654fd05@group-1F53027F28E3, cid=2395, SUCCESS, logIndex=3375, commits[b50d6464-f54a-40d1-9f81-f1c19654fd05:c3376]
2019-09-12 09:26:23,233 [grpc-default-executor-1] INFO  client.GrpcClientProtocolClient (GrpcClientProtocolClient.java:onNext(264)) - client-8B023739F3BF->b50d6464-f54a-40d1-9f81-f1c19654fd05: receive RaftClientReply:client-8B023739F3BF->b50d6464-f54a-40d1-9f81-f1c19654fd05@group-1F53027F28E3, cid=2396, SUCCESS, logIndex=3376, commits[b50d6464-f54a-40d1-9f81-f1c19654fd05:c3377]
2019-09-12 09:26:23,251 [grpc-default-executor-1] INFO  client.GrpcClientProtocolClient (GrpcClientProtocolClient.java:onNext(264)) - client-8B023739F3BF->b50d6464-f54a-40d1-9f81-f1c19654fd05: receive RaftClientReply:client-8B023739F3BF->b50d6464-f54a-40d1-9f81-f1c19654fd05@group-1F53027F28E3, cid=2397, SUCCESS, logIndex=3379, commits[b50d6464-f54a-40d1-9f81-f1c19654fd05:c3380]
2019-09-12 09:26:23,252 [grpc-default-executor-1] INFO  client.GrpcClientProtocolClient (GrpcClientProtocolClient.java:onNext(264)) - client-8B023739F3BF->b50d6464-f54a-40d1-9f81-f1c19654fd05: receive RaftClientReply:client-8B023739F3BF->b50d6464-f54a-40d1-9f81-f1c19654fd05@group-1F53027F28E3, cid=2398, SUCCESS, logIndex=3380, commits[b50d6464-f54a-40d1-9f81-f1c19654fd05:c3382]
2019-09-12 09:26:23,252 [grpc-default-executor-1] INFO  client.GrpcClientProtocolClient (GrpcClientProtocolClient.java:onNext(264)) - client-8B023739F3BF->b50d6464-f54a-40d1-9f81-f1c19654fd05: receive RaftClientReply:client-8B023739F3BF->b50d6464-f54a-40d1-9f81-f1c19654fd05@group-1F53027F28E3, cid=2399, SUCCESS, logIndex=3381, commits[b50d6464-f54a-40d1-9f81-f1c19654fd05:c3382]
2019-09-12 09:26:23,252 [grpc-default-executor-1] INFO  client.GrpcClientProtocolClient (GrpcClientProtocolClient.java:onNext(264)) - client-8B023739F3BF->b50d6464-f54a-40d1-9f81-f1c19654fd05: receive RaftClientReply:client-8B023739F3BF->b50d6464-f54a-40d1-9f81-f1c19654fd05@group-1F53027F28E3, cid=2400, SUCCESS, logIndex=3382, commits[b50d6464-f54a-40d1-9f81-f1c19654fd05:c3382]
2019-09-12 09:26:23,280 [grpc-default-executor-2] INFO  client.GrpcClientProtocolClient (GrpcClientProtocolClient.java:onNext(264)) - client-8B023739F3BF->b50d6464-f54a-40d1-9f81-f1c19654fd05: receive RaftClientReply:client-8B023739F3BF->b50d6464-f54a-40d1-9f81-f1c19654fd05@group-1F53027F28E3, cid=2401, SUCCESS, logIndex=3385, commits[b50d6464-f54a-40d1-9f81-f1c19654fd05:c3389]
2019-09-12 09:26:23,281 [grpc-default-executor-2] INFO  client.GrpcClientProtocolClient (GrpcClientProtocolClient.java:onNext(264)) - client-8B023739F3BF->b50d6464-f54a-40d1-9f81-f1c19654fd05: receive RaftClientReply:client-8B023739F3BF->b50d6464-f54a-40d1-9f81-f1c19654fd05@group-1F53027F28E3, cid=2402, SUCCESS, logIndex=3386, commits[b50d6464-f54a-40d1-9f81-f1c19654fd05:c3389]
2019-09-12 09:26:23,282 [grpc-default-executor-2] INFO  client.GrpcClientProtocolClient (GrpcClientProtocolClient.java:onNext(264)) - client-8B023739F3BF->b50d6464-f54a-40d1-9f81-f1c19654fd05: receive RaftClientReply:client-8B023739F3BF->b50d6464-f54a-40d1-9f81-f1c19654fd05@group-1F53027F28E3, cid=2403, SUCCESS, logIndex=3387, commits[b50d6464-f54a-40d1-9f81-f1c19654fd05:c3389]
2019-09-12 09:26:23,283 [SCMBlockDeletingService#0] DEBUG block.SCMBlockDeletingService (SCMBlockDeletingService.java:call(138)) - Running DeletedBlockTransactionScanner
2019-09-12 09:26:23,284 [SCMBlockDeletingService#0] DEBUG block.SCMBlockDeletingService (SCMBlockDeletingService.java:call(155)) - Scanned deleted blocks log and got 0 delTX to process.
2019-09-12 09:26:23,284 [grpc-default-executor-2] INFO  client.GrpcClientProtocolClient (GrpcClientProtocolClient.java:onNext(264)) - client-8B023739F3BF->b50d6464-f54a-40d1-9f81-f1c19654fd05: receive RaftClientReply:client-8B023739F3BF->b50d6464-f54a-40d1-9f81-f1c19654fd05@group-1F53027F28E3, cid=2404, SUCCESS, logIndex=3388, commits[b50d6464-f54a-40d1-9f81-f1c19654fd05:c3389]
2019-09-12 09:26:23,304 [grpc-default-executor-2] INFO  client.GrpcClientProtocolClient (GrpcClientProtocolClient.java:onNext(264)) - client-8B023739F3BF->b50d6464-f54a-40d1-9f81-f1c19654fd05: receive RaftClientReply:client-8B023739F3BF->b50d6464-f54a-40d1-9f81-f1c19654fd05@group-1F53027F28E3, cid=2405, SUCCESS, logIndex=3390, commits[b50d6464-f54a-40d1-9f81-f1c19654fd05:c3391]
2019-09-12 09:26:23,304 [grpc-default-executor-2] INFO  client.GrpcClientProtocolClient (GrpcClientProtocolClient.java:onNext(264)) - client-8B023739F3BF->b50d6464-f54a-40d1-9f81-f1c19654fd05: receive RaftClientReply:client-8B023739F3BF->b50d6464-f54a-40d1-9f81-f1c19654fd05@group-1F53027F28E3, cid=2406, SUCCESS, logIndex=3391, commits[b50d6464-f54a-40d1-9f81-f1c19654fd05:c3393]
2019-09-12 09:26:23,304 [grpc-default-executor-2] INFO  client.GrpcClientProtocolClient (GrpcClientProtocolClient.java:onNext(264)) - client-8B023739F3BF->b50d6464-f54a-40d1-9f81-f1c19654fd05: receive RaftClientReply:client-8B023739F3BF->b50d6464-f54a-40d1-9f81-f1c19654fd05@group-1F53027F28E3, cid=2407, SUCCESS, logIndex=3392, commits[b50d6464-f54a-40d1-9f81-f1c19654fd05:c3393]
2019-09-12 09:26:23,305 [grpc-default-executor-2] INFO  client.GrpcClientProtocolClient (GrpcClientProtocolClient.java:onNext(264)) - client-8B023739F3BF->b50d6464-f54a-40d1-9f81-f1c19654fd05: receive RaftClientReply:client-8B023739F3BF->b50d6464-f54a-40d1-9f81-f1c19654fd05@group-1F53027F28E3, cid=2408, SUCCESS, logIndex=3393, commits[b50d6464-f54a-40d1-9f81-f1c19654fd05:c3394]
2019-09-12 09:26:23,331 [grpc-default-executor-1] INFO  client.GrpcClientProtocolClient (GrpcClientProtocolClient.java:onNext(264)) - client-8B023739F3BF->b50d6464-f54a-40d1-9f81-f1c19654fd05: receive RaftClientReply:client-8B023739F3BF->b50d6464-f54a-40d1-9f81-f1c19654fd05@group-1F53027F28E3, cid=2409, SUCCESS, logIndex=3396, commits[b50d6464-f54a-40d1-9f81-f1c19654fd05:c3399]
2019-09-12 09:26:23,331 [grpc-default-executor-1] INFO  client.GrpcClientProtocolClient (GrpcClientProtocolClient.java:onNext(264)) - client-8B023739F3BF->b50d6464-f54a-40d1-9f81-f1c19654fd05: receive RaftClientReply:client-8B023739F3BF->b50d6464-f54a-40d1-9f81-f1c19654fd05@group-1F53027F28E3, cid=2410, SUCCESS, logIndex=3397, commits[b50d6464-f54a-40d1-9f81-f1c19654fd05:c3400]
2019-09-12 09:26:23,331 [grpc-default-executor-1] INFO  client.GrpcClientProtocolClient (GrpcClientProtocolClient.java:onNext(264)) - client-8B023739F3BF->b50d6464-f54a-40d1-9f81-f1c19654fd05: receive RaftClientReply:client-8B023739F3BF->b50d6464-f54a-40d1-9f81-f1c19654fd05@group-1F53027F28E3, cid=2411, SUCCESS, logIndex=3398, commits[b50d6464-f54a-40d1-9f81-f1c19654fd05:c3400]
2019-09-12 09:26:23,331 [grpc-default-executor-1] INFO  client.GrpcClientProtocolClient (GrpcClientProtocolClient.java:onNext(264)) - client-8B023739F3BF->b50d6464-f54a-40d1-9f81-f1c19654fd05: receive RaftClientReply:client-8B023739F3BF->b50d6464-f54a-40d1-9f81-f1c19654fd05@group-1F53027F28E3, cid=2412, SUCCESS, logIndex=3399, commits[b50d6464-f54a-40d1-9f81-f1c19654fd05:c3400]
2019-09-12 09:26:23,350 [grpc-default-executor-1] INFO  client.GrpcClientProtocolClient (GrpcClientProtocolClient.java:onNext(264)) - client-8B023739F3BF->b50d6464-f54a-40d1-9f81-f1c19654fd05: receive RaftClientReply:client-8B023739F3BF->b50d6464-f54a-40d1-9f81-f1c19654fd05@group-1F53027F28E3, cid=2413, SUCCESS, logIndex=3401, commits[b50d6464-f54a-40d1-9f81-f1c19654fd05:c3404]
2019-09-12 09:26:23,350 [grpc-default-executor-1] INFO  client.GrpcClientProtocolClient (GrpcClientProtocolClient.java:onNext(264)) - client-8B023739F3BF->b50d6464-f54a-40d1-9f81-f1c19654fd05: receive RaftClientReply:client-8B023739F3BF->b50d6464-f54a-40d1-9f81-f1c19654fd05@group-1F53027F28E3, cid=2414, SUCCESS, logIndex=3402, commits[b50d6464-f54a-40d1-9f81-f1c19654fd05:c3405]
2019-09-12 09:26:23,350 [grpc-default-executor-1] INFO  client.GrpcClientProtocolClient (GrpcClientProtocolClient.java:onNext(264)) - client-8B023739F3BF->b50d6464-f54a-40d1-9f81-f1c19654fd05: receive RaftClientReply:client-8B023739F3BF->b50d6464-f54a-40d1-9f81-f1c19654fd05@group-1F53027F28E3, cid=2415, SUCCESS, logIndex=3403, commits[b50d6464-f54a-40d1-9f81-f1c19654fd05:c3405]
2019-09-12 09:26:23,350 [grpc-default-executor-1] INFO  client.GrpcClientProtocolClient (GrpcClientProtocolClient.java:onNext(264)) - client-8B023739F3BF->b50d6464-f54a-40d1-9f81-f1c19654fd05: receive RaftClientReply:client-8B023739F3BF->b50d6464-f54a-40d1-9f81-f1c19654fd05@group-1F53027F28E3, cid=2416, SUCCESS, logIndex=3404, commits[b50d6464-f54a-40d1-9f81-f1c19654fd05:c3405]
2019-09-12 09:26:23,378 [grpc-default-executor-1] INFO  client.GrpcClientProtocolClient (GrpcClientProtocolClient.java:onNext(264)) - client-8B023739F3BF->b50d6464-f54a-40d1-9f81-f1c19654fd05: receive RaftClientReply:client-8B023739F3BF->b50d6464-f54a-40d1-9f81-f1c19654fd05@group-1F53027F28E3, cid=2417, SUCCESS, logIndex=3406, commits[b50d6464-f54a-40d1-9f81-f1c19654fd05:c3409]
2019-09-12 09:26:23,379 [grpc-default-executor-1] INFO  client.GrpcClientProtocolClient (GrpcClientProtocolClient.java:onNext(264)) - client-8B023739F3BF->b50d6464-f54a-40d1-9f81-f1c19654fd05: receive RaftClientReply:client-8B023739F3BF->b50d6464-f54a-40d1-9f81-f1c19654fd05@group-1F53027F28E3, cid=2418, SUCCESS, logIndex=3407, commits[b50d6464-f54a-40d1-9f81-f1c19654fd05:c3410]
2019-09-12 09:26:23,379 [grpc-default-executor-1] INFO  client.GrpcClientProtocolClient (GrpcClientProtocolClient.java:onNext(264)) - client-8B023739F3BF->b50d6464-f54a-40d1-9f81-f1c19654fd05: receive RaftClientReply:client-8B023739F3BF->b50d6464-f54a-40d1-9f81-f1c19654fd05@group-1F53027F28E3, cid=2419, SUCCESS, logIndex=3408, commits[b50d6464-f54a-40d1-9f81-f1c19654fd05:c3410]
2019-09-12 09:26:23,379 [grpc-default-executor-1] INFO  client.GrpcClientProtocolClient (GrpcClientProtocolClient.java:onNext(264)) - client-8B023739F3BF->b50d6464-f54a-40d1-9f81-f1c19654fd05: receive RaftClientReply:client-8B023739F3BF->b50d6464-f54a-40d1-9f81-f1c19654fd05@group-1F53027F28E3, cid=2420, SUCCESS, logIndex=3409, commits[b50d6464-f54a-40d1-9f81-f1c19654fd05:c3410]
2019-09-12 09:26:23,384 [SCMBlockDeletingService#0] DEBUG block.SCMBlockDeletingService (SCMBlockDeletingService.java:call(138)) - Running DeletedBlockTransactionScanner
2019-09-12 09:26:23,384 [SCMBlockDeletingService#0] DEBUG block.SCMBlockDeletingService (SCMBlockDeletingService.java:call(155)) - Scanned deleted blocks log and got 0 delTX to process.
2019-09-12 09:26:23,397 [grpc-default-executor-1] INFO  client.GrpcClientProtocolClient (GrpcClientProtocolClient.java:onNext(264)) - client-8B023739F3BF->b50d6464-f54a-40d1-9f81-f1c19654fd05: receive RaftClientReply:client-8B023739F3BF->b50d6464-f54a-40d1-9f81-f1c19654fd05@group-1F53027F28E3, cid=2421, SUCCESS, logIndex=3411, commits[b50d6464-f54a-40d1-9f81-f1c19654fd05:c3412]
2019-09-12 09:26:23,397 [grpc-default-executor-1] INFO  client.GrpcClientProtocolClient (GrpcClientProtocolClient.java:onNext(264)) - client-8B023739F3BF->b50d6464-f54a-40d1-9f81-f1c19654fd05: receive RaftClientReply:client-8B023739F3BF->b50d6464-f54a-40d1-9f81-f1c19654fd05@group-1F53027F28E3, cid=2422, SUCCESS, logIndex=3412, commits[b50d6464-f54a-40d1-9f81-f1c19654fd05:c3412]
2019-09-12 09:26:23,398 [grpc-default-executor-1] INFO  client.GrpcClientProtocolClient (GrpcClientProtocolClient.java:onNext(264)) - client-8B023739F3BF->b50d6464-f54a-40d1-9f81-f1c19654fd05: receive RaftClientReply:client-8B023739F3BF->b50d6464-f54a-40d1-9f81-f1c19654fd05@group-1F53027F28E3, cid=2423, SUCCESS, logIndex=3413, commits[b50d6464-f54a-40d1-9f81-f1c19654fd05:c3414]
2019-09-12 09:26:23,398 [grpc-default-executor-1] INFO  client.GrpcClientProtocolClient (GrpcClientProtocolClient.java:onNext(264)) - client-8B023739F3BF->b50d6464-f54a-40d1-9f81-f1c19654fd05: receive RaftClientReply:client-8B023739F3BF->b50d6464-f54a-40d1-9f81-f1c19654fd05@group-1F53027F28E3, cid=2424, SUCCESS, logIndex=3414, commits[b50d6464-f54a-40d1-9f81-f1c19654fd05:c3415]
2019-09-12 09:26:23,425 [grpc-default-executor-1] INFO  client.GrpcClientProtocolClient (GrpcClientProtocolClient.java:onNext(264)) - client-8B023739F3BF->b50d6464-f54a-40d1-9f81-f1c19654fd05: receive RaftClientReply:client-8B023739F3BF->b50d6464-f54a-40d1-9f81-f1c19654fd05@group-1F53027F28E3, cid=2425, SUCCESS, logIndex=3417, commits[b50d6464-f54a-40d1-9f81-f1c19654fd05:c3420]
2019-09-12 09:26:23,425 [grpc-default-executor-1] INFO  client.GrpcClientProtocolClient (GrpcClientProtocolClient.java:onNext(264)) - client-8B023739F3BF->b50d6464-f54a-40d1-9f81-f1c19654fd05: receive RaftClientReply:client-8B023739F3BF->b50d6464-f54a-40d1-9f81-f1c19654fd05@group-1F53027F28E3, cid=2426, SUCCESS, logIndex=3418, commits[b50d6464-f54a-40d1-9f81-f1c19654fd05:c3421]
2019-09-12 09:26:23,425 [grpc-default-executor-1] INFO  client.GrpcClientProtocolClient (GrpcClientProtocolClient.java:onNext(264)) - client-8B023739F3BF->b50d6464-f54a-40d1-9f81-f1c19654fd05: receive RaftClientReply:client-8B023739F3BF->b50d6464-f54a-40d1-9f81-f1c19654fd05@group-1F53027F28E3, cid=2427, SUCCESS, logIndex=3419, commits[b50d6464-f54a-40d1-9f81-f1c19654fd05:c3421]
2019-09-12 09:26:23,425 [grpc-default-executor-1] INFO  client.GrpcClientProtocolClient (GrpcClientProtocolClient.java:onNext(264)) - client-8B023739F3BF->b50d6464-f54a-40d1-9f81-f1c19654fd05: receive RaftClientReply:client-8B023739F3BF->b50d6464-f54a-40d1-9f81-f1c19654fd05@group-1F53027F28E3, cid=2428, SUCCESS, logIndex=3420, commits[b50d6464-f54a-40d1-9f81-f1c19654fd05:c3421]
2019-09-12 09:26:23,444 [grpc-default-executor-1] INFO  client.GrpcClientProtocolClient (GrpcClientProtocolClient.java:onNext(264)) - client-8B023739F3BF->b50d6464-f54a-40d1-9f81-f1c19654fd05: receive RaftClientReply:client-8B023739F3BF->b50d6464-f54a-40d1-9f81-f1c19654fd05@group-1F53027F28E3, cid=2429, SUCCESS, logIndex=3422, commits[b50d6464-f54a-40d1-9f81-f1c19654fd05:c3423]
2019-09-12 09:26:23,444 [grpc-default-executor-1] INFO  client.GrpcClientProtocolClient (GrpcClientProtocolClient.java:onNext(264)) - client-8B023739F3BF->b50d6464-f54a-40d1-9f81-f1c19654fd05: receive RaftClientReply:client-8B023739F3BF->b50d6464-f54a-40d1-9f81-f1c19654fd05@group-1F53027F28E3, cid=2430, SUCCESS, logIndex=3423, commits[b50d6464-f54a-40d1-9f81-f1c19654fd05:c3424]
2019-09-12 09:26:23,485 [SCMBlockDeletingService#0] DEBUG block.SCMBlockDeletingService (SCMBlockDeletingService.java:call(138)) - Running DeletedBlockTransactionScanner
2019-09-12 09:26:23,485 [SCMBlockDeletingService#0] DEBUG block.SCMBlockDeletingService (SCMBlockDeletingService.java:call(155)) - Scanned deleted blocks log and got 0 delTX to process.
2019-09-12 09:26:23,540 [grpc-default-executor-1] INFO  client.GrpcClientProtocolClient (GrpcClientProtocolClient.java:onNext(264)) - client-8B023739F3BF->b50d6464-f54a-40d1-9f81-f1c19654fd05: receive RaftClientReply:client-8B023739F3BF->b50d6464-f54a-40d1-9f81-f1c19654fd05@group-1F53027F28E3, cid=2431, SUCCESS, logIndex=3425, commits[b50d6464-f54a-40d1-9f81-f1c19654fd05:c3426]
2019-09-12 09:26:23,540 [grpc-default-executor-1] INFO  client.GrpcClientProtocolClient (GrpcClientProtocolClient.java:onNext(264)) - client-8B023739F3BF->b50d6464-f54a-40d1-9f81-f1c19654fd05: receive RaftClientReply:client-8B023739F3BF->b50d6464-f54a-40d1-9f81-f1c19654fd05@group-1F53027F28E3, cid=2432, SUCCESS, logIndex=3426, commits[b50d6464-f54a-40d1-9f81-f1c19654fd05:c3427]
2019-09-12 09:26:23,567 [grpc-default-executor-1] INFO  client.GrpcClientProtocolClient (GrpcClientProtocolClient.java:onNext(264)) - client-8B023739F3BF->b50d6464-f54a-40d1-9f81-f1c19654fd05: receive RaftClientReply:client-8B023739F3BF->b50d6464-f54a-40d1-9f81-f1c19654fd05@group-1F53027F28E3, cid=2433, SUCCESS, logIndex=3428, commits[b50d6464-f54a-40d1-9f81-f1c19654fd05:c3431]
2019-09-12 09:26:23,568 [grpc-default-executor-1] INFO  client.GrpcClientProtocolClient (GrpcClientProtocolClient.java:onNext(264)) - client-8B023739F3BF->b50d6464-f54a-40d1-9f81-f1c19654fd05: receive RaftClientReply:client-8B023739F3BF->b50d6464-f54a-40d1-9f81-f1c19654fd05@group-1F53027F28E3, cid=2434, SUCCESS, logIndex=3429, commits[b50d6464-f54a-40d1-9f81-f1c19654fd05:c3432]
2019-09-12 09:26:23,568 [grpc-default-executor-1] INFO  client.GrpcClientProtocolClient (GrpcClientProtocolClient.java:onNext(264)) - client-8B023739F3BF->b50d6464-f54a-40d1-9f81-f1c19654fd05: receive RaftClientReply:client-8B023739F3BF->b50d6464-f54a-40d1-9f81-f1c19654fd05@group-1F53027F28E3, cid=2435, SUCCESS, logIndex=3430, commits[b50d6464-f54a-40d1-9f81-f1c19654fd05:c3432]
2019-09-12 09:26:23,568 [grpc-default-executor-1] INFO  client.GrpcClientProtocolClient (GrpcClientProtocolClient.java:onNext(264)) - client-8B023739F3BF->b50d6464-f54a-40d1-9f81-f1c19654fd05: receive RaftClientReply:client-8B023739F3BF->b50d6464-f54a-40d1-9f81-f1c19654fd05@group-1F53027F28E3, cid=2436, SUCCESS, logIndex=3431, commits[b50d6464-f54a-40d1-9f81-f1c19654fd05:c3432]
2019-09-12 09:26:23,585 [SCMBlockDeletingService#0] DEBUG block.SCMBlockDeletingService (SCMBlockDeletingService.java:call(138)) - Running DeletedBlockTransactionScanner
2019-09-12 09:26:23,586 [SCMBlockDeletingService#0] DEBUG block.SCMBlockDeletingService (SCMBlockDeletingService.java:call(155)) - Scanned deleted blocks log and got 0 delTX to process.
2019-09-12 09:26:23,588 [grpc-default-executor-2] INFO  client.GrpcClientProtocolClient (GrpcClientProtocolClient.java:onNext(264)) - client-8B023739F3BF->b50d6464-f54a-40d1-9f81-f1c19654fd05: receive RaftClientReply:client-8B023739F3BF->b50d6464-f54a-40d1-9f81-f1c19654fd05@group-1F53027F28E3, cid=2437, SUCCESS, logIndex=3433, commits[b50d6464-f54a-40d1-9f81-f1c19654fd05:c3436]
2019-09-12 09:26:23,589 [grpc-default-executor-2] INFO  client.GrpcClientProtocolClient (GrpcClientProtocolClient.java:onNext(264)) - client-8B023739F3BF->b50d6464-f54a-40d1-9f81-f1c19654fd05: receive RaftClientReply:client-8B023739F3BF->b50d6464-f54a-40d1-9f81-f1c19654fd05@group-1F53027F28E3, cid=2438, SUCCESS, logIndex=3434, commits[b50d6464-f54a-40d1-9f81-f1c19654fd05:c3436]
2019-09-12 09:26:23,589 [grpc-default-executor-2] INFO  client.GrpcClientProtocolClient (GrpcClientProtocolClient.java:onNext(264)) - client-8B023739F3BF->b50d6464-f54a-40d1-9f81-f1c19654fd05: receive RaftClientReply:client-8B023739F3BF->b50d6464-f54a-40d1-9f81-f1c19654fd05@group-1F53027F28E3, cid=2439, SUCCESS, logIndex=3435, commits[b50d6464-f54a-40d1-9f81-f1c19654fd05:c3437]
2019-09-12 09:26:23,589 [grpc-default-executor-2] INFO  client.GrpcClientProtocolClient (GrpcClientProtocolClient.java:onNext(264)) - client-8B023739F3BF->b50d6464-f54a-40d1-9f81-f1c19654fd05: receive RaftClientReply:client-8B023739F3BF->b50d6464-f54a-40d1-9f81-f1c19654fd05@group-1F53027F28E3, cid=2440, SUCCESS, logIndex=3436, commits[b50d6464-f54a-40d1-9f81-f1c19654fd05:c3437]
2019-09-12 09:26:23,617 [grpc-default-executor-2] INFO  client.GrpcClientProtocolClient (GrpcClientProtocolClient.java:onNext(264)) - client-8B023739F3BF->b50d6464-f54a-40d1-9f81-f1c19654fd05: receive RaftClientReply:client-8B023739F3BF->b50d6464-f54a-40d1-9f81-f1c19654fd05@group-1F53027F28E3, cid=2441, SUCCESS, logIndex=3438, commits[b50d6464-f54a-40d1-9f81-f1c19654fd05:c3439]
2019-09-12 09:26:23,617 [grpc-default-executor-2] INFO  client.GrpcClientProtocolClient (GrpcClientProtocolClient.java:onNext(264)) - client-8B023739F3BF->b50d6464-f54a-40d1-9f81-f1c19654fd05: receive RaftClientReply:client-8B023739F3BF->b50d6464-f54a-40d1-9f81-f1c19654fd05@group-1F53027F28E3, cid=2442, SUCCESS, logIndex=3439, commits[b50d6464-f54a-40d1-9f81-f1c19654fd05:c3441]
2019-09-12 09:26:23,618 [grpc-default-executor-2] INFO  client.GrpcClientProtocolClient (GrpcClientProtocolClient.java:onNext(264)) - client-8B023739F3BF->b50d6464-f54a-40d1-9f81-f1c19654fd05: receive RaftClientReply:client-8B023739F3BF->b50d6464-f54a-40d1-9f81-f1c19654fd05@group-1F53027F28E3, cid=2443, SUCCESS, logIndex=3440, commits[b50d6464-f54a-40d1-9f81-f1c19654fd05:c3441]
2019-09-12 09:26:23,618 [grpc-default-executor-2] INFO  client.GrpcClientProtocolClient (GrpcClientProtocolClient.java:onNext(264)) - client-8B023739F3BF->b50d6464-f54a-40d1-9f81-f1c19654fd05: receive RaftClientReply:client-8B023739F3BF->b50d6464-f54a-40d1-9f81-f1c19654fd05@group-1F53027F28E3, cid=2444, SUCCESS, logIndex=3441, commits[b50d6464-f54a-40d1-9f81-f1c19654fd05:c3442]
2019-09-12 09:26:23,637 [grpc-default-executor-1] INFO  client.GrpcClientProtocolClient (GrpcClientProtocolClient.java:onNext(264)) - client-8B023739F3BF->b50d6464-f54a-40d1-9f81-f1c19654fd05: receive RaftClientReply:client-8B023739F3BF->b50d6464-f54a-40d1-9f81-f1c19654fd05@group-1F53027F28E3, cid=2445, SUCCESS, logIndex=3444, commits[b50d6464-f54a-40d1-9f81-f1c19654fd05:c3447]
2019-09-12 09:26:23,638 [grpc-default-executor-1] INFO  client.GrpcClientProtocolClient (GrpcClientProtocolClient.java:onNext(264)) - client-8B023739F3BF->b50d6464-f54a-40d1-9f81-f1c19654fd05: receive RaftClientReply:client-8B023739F3BF->b50d6464-f54a-40d1-9f81-f1c19654fd05@group-1F53027F28E3, cid=2446, SUCCESS, logIndex=3445, commits[b50d6464-f54a-40d1-9f81-f1c19654fd05:c3447]
2019-09-12 09:26:23,638 [grpc-default-executor-1] INFO  client.GrpcClientProtocolClient (GrpcClientProtocolClient.java:onNext(264)) - client-8B023739F3BF->b50d6464-f54a-40d1-9f81-f1c19654fd05: receive RaftClientReply:client-8B023739F3BF->b50d6464-f54a-40d1-9f81-f1c19654fd05@group-1F53027F28E3, cid=2447, SUCCESS, logIndex=3446, commits[b50d6464-f54a-40d1-9f81-f1c19654fd05:c3448]
2019-09-12 09:26:23,638 [grpc-default-executor-1] INFO  client.GrpcClientProtocolClient (GrpcClientProtocolClient.java:onNext(264)) - client-8B023739F3BF->b50d6464-f54a-40d1-9f81-f1c19654fd05: receive RaftClientReply:client-8B023739F3BF->b50d6464-f54a-40d1-9f81-f1c19654fd05@group-1F53027F28E3, cid=2448, SUCCESS, logIndex=3447, commits[b50d6464-f54a-40d1-9f81-f1c19654fd05:c3448]
2019-09-12 09:26:23,666 [grpc-default-executor-1] INFO  client.GrpcClientProtocolClient (GrpcClientProtocolClient.java:onNext(264)) - client-8B023739F3BF->b50d6464-f54a-40d1-9f81-f1c19654fd05: receive RaftClientReply:client-8B023739F3BF->b50d6464-f54a-40d1-9f81-f1c19654fd05@group-1F53027F28E3, cid=2449, SUCCESS, logIndex=3449, commits[b50d6464-f54a-40d1-9f81-f1c19654fd05:c3450]
2019-09-12 09:26:23,667 [grpc-default-executor-1] INFO  client.GrpcClientProtocolClient (GrpcClientProtocolClient.java:onNext(264)) - client-8B023739F3BF->b50d6464-f54a-40d1-9f81-f1c19654fd05: receive RaftClientReply:client-8B023739F3BF->b50d6464-f54a-40d1-9f81-f1c19654fd05@group-1F53027F28E3, cid=2450, SUCCESS, logIndex=3450, commits[b50d6464-f54a-40d1-9f81-f1c19654fd05:c3452]
2019-09-12 09:26:23,667 [grpc-default-executor-1] INFO  client.GrpcClientProtocolClient (GrpcClientProtocolClient.java:onNext(264)) - client-8B023739F3BF->b50d6464-f54a-40d1-9f81-f1c19654fd05: receive RaftClientReply:client-8B023739F3BF->b50d6464-f54a-40d1-9f81-f1c19654fd05@group-1F53027F28E3, cid=2451, SUCCESS, logIndex=3451, commits[b50d6464-f54a-40d1-9f81-f1c19654fd05:c3452]
2019-09-12 09:26:23,667 [grpc-default-executor-1] INFO  client.GrpcClientProtocolClient (GrpcClientProtocolClient.java:onNext(264)) - client-8B023739F3BF->b50d6464-f54a-40d1-9f81-f1c19654fd05: receive RaftClientReply:client-8B023739F3BF->b50d6464-f54a-40d1-9f81-f1c19654fd05@group-1F53027F28E3, cid=2452, SUCCESS, logIndex=3452, commits[b50d6464-f54a-40d1-9f81-f1c19654fd05:c3453]
2019-09-12 09:26:23,686 [SCMBlockDeletingService#0] DEBUG block.SCMBlockDeletingService (SCMBlockDeletingService.java:call(138)) - Running DeletedBlockTransactionScanner
2019-09-12 09:26:23,686 [SCMBlockDeletingService#0] DEBUG block.SCMBlockDeletingService (SCMBlockDeletingService.java:call(155)) - Scanned deleted blocks log and got 0 delTX to process.
2019-09-12 09:26:23,687 [grpc-default-executor-2] INFO  client.GrpcClientProtocolClient (GrpcClientProtocolClient.java:onNext(264)) - client-8B023739F3BF->b50d6464-f54a-40d1-9f81-f1c19654fd05: receive RaftClientReply:client-8B023739F3BF->b50d6464-f54a-40d1-9f81-f1c19654fd05@group-1F53027F28E3, cid=2453, SUCCESS, logIndex=3455, commits[b50d6464-f54a-40d1-9f81-f1c19654fd05:c3458]
2019-09-12 09:26:23,687 [grpc-default-executor-2] INFO  client.GrpcClientProtocolClient (GrpcClientProtocolClient.java:onNext(264)) - client-8B023739F3BF->b50d6464-f54a-40d1-9f81-f1c19654fd05: receive RaftClientReply:client-8B023739F3BF->b50d6464-f54a-40d1-9f81-f1c19654fd05@group-1F53027F28E3, cid=2454, SUCCESS, logIndex=3456, commits[b50d6464-f54a-40d1-9f81-f1c19654fd05:c3459]
2019-09-12 09:26:23,687 [grpc-default-executor-2] INFO  client.GrpcClientProtocolClient (GrpcClientProtocolClient.java:onNext(264)) - client-8B023739F3BF->b50d6464-f54a-40d1-9f81-f1c19654fd05: receive RaftClientReply:client-8B023739F3BF->b50d6464-f54a-40d1-9f81-f1c19654fd05@group-1F53027F28E3, cid=2455, SUCCESS, logIndex=3457, commits[b50d6464-f54a-40d1-9f81-f1c19654fd05:c3459]
2019-09-12 09:26:23,688 [grpc-default-executor-2] INFO  client.GrpcClientProtocolClient (GrpcClientProtocolClient.java:onNext(264)) - client-8B023739F3BF->b50d6464-f54a-40d1-9f81-f1c19654fd05: receive RaftClientReply:client-8B023739F3BF->b50d6464-f54a-40d1-9f81-f1c19654fd05@group-1F53027F28E3, cid=2456, SUCCESS, logIndex=3458, commits[b50d6464-f54a-40d1-9f81-f1c19654fd05:c3459]
2019-09-12 09:26:23,716 [grpc-default-executor-1] INFO  client.GrpcClientProtocolClient (GrpcClientProtocolClient.java:onNext(264)) - client-8B023739F3BF->b50d6464-f54a-40d1-9f81-f1c19654fd05: receive RaftClientReply:client-8B023739F3BF->b50d6464-f54a-40d1-9f81-f1c19654fd05@group-1F53027F28E3, cid=2457, SUCCESS, logIndex=3460, commits[b50d6464-f54a-40d1-9f81-f1c19654fd05:c3463]
2019-09-12 09:26:23,716 [grpc-default-executor-1] INFO  client.GrpcClientProtocolClient (GrpcClientProtocolClient.java:onNext(264)) - client-8B023739F3BF->b50d6464-f54a-40d1-9f81-f1c19654fd05: receive RaftClientReply:client-8B023739F3BF->b50d6464-f54a-40d1-9f81-f1c19654fd05@group-1F53027F28E3, cid=2458, SUCCESS, logIndex=3461, commits[b50d6464-f54a-40d1-9f81-f1c19654fd05:c3464]
2019-09-12 09:26:23,717 [grpc-default-executor-1] INFO  client.GrpcClientProtocolClient (GrpcClientProtocolClient.java:onNext(264)) - client-8B023739F3BF->b50d6464-f54a-40d1-9f81-f1c19654fd05: receive RaftClientReply:client-8B023739F3BF->b50d6464-f54a-40d1-9f81-f1c19654fd05@group-1F53027F28E3, cid=2459, SUCCESS, logIndex=3462, commits[b50d6464-f54a-40d1-9f81-f1c19654fd05:c3464]
2019-09-12 09:26:23,717 [grpc-default-executor-1] INFO  client.GrpcClientProtocolClient (GrpcClientProtocolClient.java:onNext(264)) - client-8B023739F3BF->b50d6464-f54a-40d1-9f81-f1c19654fd05: receive RaftClientReply:client-8B023739F3BF->b50d6464-f54a-40d1-9f81-f1c19654fd05@group-1F53027F28E3, cid=2460, SUCCESS, logIndex=3463, commits[b50d6464-f54a-40d1-9f81-f1c19654fd05:c3464]
2019-09-12 09:26:23,736 [grpc-default-executor-2] INFO  client.GrpcClientProtocolClient (GrpcClientProtocolClient.java:onNext(264)) - client-8B023739F3BF->b50d6464-f54a-40d1-9f81-f1c19654fd05: receive RaftClientReply:client-8B023739F3BF->b50d6464-f54a-40d1-9f81-f1c19654fd05@group-1F53027F28E3, cid=2461, SUCCESS, logIndex=3465, commits[b50d6464-f54a-40d1-9f81-f1c19654fd05:c3466]
2019-09-12 09:26:23,736 [grpc-default-executor-2] INFO  client.GrpcClientProtocolClient (GrpcClientProtocolClient.java:onNext(264)) - client-8B023739F3BF->b50d6464-f54a-40d1-9f81-f1c19654fd05: receive RaftClientReply:client-8B023739F3BF->b50d6464-f54a-40d1-9f81-f1c19654fd05@group-1F53027F28E3, cid=2462, SUCCESS, logIndex=3466, commits[b50d6464-f54a-40d1-9f81-f1c19654fd05:c3468]
2019-09-12 09:26:23,736 [grpc-default-executor-2] INFO  client.GrpcClientProtocolClient (GrpcClientProtocolClient.java:onNext(264)) - client-8B023739F3BF->b50d6464-f54a-40d1-9f81-f1c19654fd05: receive RaftClientReply:client-8B023739F3BF->b50d6464-f54a-40d1-9f81-f1c19654fd05@group-1F53027F28E3, cid=2463, SUCCESS, logIndex=3467, commits[b50d6464-f54a-40d1-9f81-f1c19654fd05:c3469]
2019-09-12 09:26:23,736 [grpc-default-executor-2] INFO  client.GrpcClientProtocolClient (GrpcClientProtocolClient.java:onNext(264)) - client-8B023739F3BF->b50d6464-f54a-40d1-9f81-f1c19654fd05: receive RaftClientReply:client-8B023739F3BF->b50d6464-f54a-40d1-9f81-f1c19654fd05@group-1F53027F28E3, cid=2464, SUCCESS, logIndex=3468, commits[b50d6464-f54a-40d1-9f81-f1c19654fd05:c3470]
2019-09-12 09:26:23,760 [grpc-default-executor-2] INFO  client.GrpcClientProtocolClient (GrpcClientProtocolClient.java:onNext(264)) - client-8B023739F3BF->b50d6464-f54a-40d1-9f81-f1c19654fd05: receive RaftClientReply:client-8B023739F3BF->b50d6464-f54a-40d1-9f81-f1c19654fd05@group-1F53027F28E3, cid=2465, SUCCESS, logIndex=3471, commits[b50d6464-f54a-40d1-9f81-f1c19654fd05:c3472]
2019-09-12 09:26:23,761 [grpc-default-executor-2] INFO  client.GrpcClientProtocolClient (GrpcClientProtocolClient.java:onNext(264)) - client-8B023739F3BF->b50d6464-f54a-40d1-9f81-f1c19654fd05: receive RaftClientReply:client-8B023739F3BF->b50d6464-f54a-40d1-9f81-f1c19654fd05@group-1F53027F28E3, cid=2466, SUCCESS, logIndex=3472, commits[b50d6464-f54a-40d1-9f81-f1c19654fd05:c3472]
2019-09-12 09:26:23,762 [grpc-default-executor-2] INFO  client.GrpcClientProtocolClient (GrpcClientProtocolClient.java:onNext(264)) - client-8B023739F3BF->b50d6464-f54a-40d1-9f81-f1c19654fd05: receive RaftClientReply:client-8B023739F3BF->b50d6464-f54a-40d1-9f81-f1c19654fd05@group-1F53027F28E3, cid=2467, SUCCESS, logIndex=3473, commits[b50d6464-f54a-40d1-9f81-f1c19654fd05:c3474]
2019-09-12 09:26:23,763 [grpc-default-executor-2] INFO  client.GrpcClientProtocolClient (GrpcClientProtocolClient.java:onNext(264)) - client-8B023739F3BF->b50d6464-f54a-40d1-9f81-f1c19654fd05: receive RaftClientReply:client-8B023739F3BF->b50d6464-f54a-40d1-9f81-f1c19654fd05@group-1F53027F28E3, cid=2468, SUCCESS, logIndex=3474, commits[b50d6464-f54a-40d1-9f81-f1c19654fd05:c3474]
2019-09-12 09:26:23,774 [grpc-default-executor-2] INFO  client.GrpcClientProtocolClient (GrpcClientProtocolClient.java:onNext(264)) - client-8B023739F3BF->b50d6464-f54a-40d1-9f81-f1c19654fd05: receive RaftClientReply:client-8B023739F3BF->b50d6464-f54a-40d1-9f81-f1c19654fd05@group-1F53027F28E3, cid=2469, SUCCESS, logIndex=3477, commits[b50d6464-f54a-40d1-9f81-f1c19654fd05:c3480]
2019-09-12 09:26:23,775 [grpc-default-executor-2] INFO  client.GrpcClientProtocolClient (GrpcClientProtocolClient.java:onNext(264)) - client-8B023739F3BF->b50d6464-f54a-40d1-9f81-f1c19654fd05: receive RaftClientReply:client-8B023739F3BF->b50d6464-f54a-40d1-9f81-f1c19654fd05@group-1F53027F28E3, cid=2470, SUCCESS, logIndex=3478, commits[b50d6464-f54a-40d1-9f81-f1c19654fd05:c3481]
2019-09-12 09:26:23,775 [grpc-default-executor-2] INFO  client.GrpcClientProtocolClient (GrpcClientProtocolClient.java:onNext(264)) - client-8B023739F3BF->b50d6464-f54a-40d1-9f81-f1c19654fd05: receive RaftClientReply:client-8B023739F3BF->b50d6464-f54a-40d1-9f81-f1c19654fd05@group-1F53027F28E3, cid=2471, SUCCESS, logIndex=3479, commits[b50d6464-f54a-40d1-9f81-f1c19654fd05:c3481]
2019-09-12 09:26:23,775 [grpc-default-executor-2] INFO  client.GrpcClientProtocolClient (GrpcClientProtocolClient.java:onNext(264)) - client-8B023739F3BF->b50d6464-f54a-40d1-9f81-f1c19654fd05: receive RaftClientReply:client-8B023739F3BF->b50d6464-f54a-40d1-9f81-f1c19654fd05@group-1F53027F28E3, cid=2472, SUCCESS, logIndex=3480, commits[b50d6464-f54a-40d1-9f81-f1c19654fd05:c3481]
2019-09-12 09:26:23,786 [SCMBlockDeletingService#1] DEBUG block.SCMBlockDeletingService (SCMBlockDeletingService.java:call(138)) - Running DeletedBlockTransactionScanner
2019-09-12 09:26:23,787 [SCMBlockDeletingService#1] DEBUG block.SCMBlockDeletingService (SCMBlockDeletingService.java:call(155)) - Scanned deleted blocks log and got 0 delTX to process.
2019-09-12 09:26:23,877 [grpc-default-executor-1] INFO  client.GrpcClientProtocolClient (GrpcClientProtocolClient.java:onNext(264)) - client-8B023739F3BF->b50d6464-f54a-40d1-9f81-f1c19654fd05: receive RaftClientReply:client-8B023739F3BF->b50d6464-f54a-40d1-9f81-f1c19654fd05@group-1F53027F28E3, cid=2473, SUCCESS, logIndex=3482, commits[b50d6464-f54a-40d1-9f81-f1c19654fd05:c3483]
2019-09-12 09:26:23,877 [grpc-default-executor-1] INFO  client.GrpcClientProtocolClient (GrpcClientProtocolClient.java:onNext(264)) - client-8B023739F3BF->b50d6464-f54a-40d1-9f81-f1c19654fd05: receive RaftClientReply:client-8B023739F3BF->b50d6464-f54a-40d1-9f81-f1c19654fd05@group-1F53027F28E3, cid=2474, SUCCESS, logIndex=3483, commits[b50d6464-f54a-40d1-9f81-f1c19654fd05:c3484]
2019-09-12 09:26:23,887 [SCMBlockDeletingService#0] DEBUG block.SCMBlockDeletingService (SCMBlockDeletingService.java:call(138)) - Running DeletedBlockTransactionScanner
2019-09-12 09:26:23,887 [SCMBlockDeletingService#0] DEBUG block.SCMBlockDeletingService (SCMBlockDeletingService.java:call(155)) - Scanned deleted blocks log and got 0 delTX to process.
2019-09-12 09:26:23,987 [SCMBlockDeletingService#0] DEBUG block.SCMBlockDeletingService (SCMBlockDeletingService.java:call(138)) - Running DeletedBlockTransactionScanner
2019-09-12 09:26:23,988 [SCMBlockDeletingService#0] DEBUG block.SCMBlockDeletingService (SCMBlockDeletingService.java:call(155)) - Scanned deleted blocks log and got 0 delTX to process.
2019-09-12 09:26:23,992 [grpc-default-executor-1] INFO  client.GrpcClientProtocolClient (GrpcClientProtocolClient.java:onNext(264)) - client-8B023739F3BF->b50d6464-f54a-40d1-9f81-f1c19654fd05: receive RaftClientReply:client-8B023739F3BF->b50d6464-f54a-40d1-9f81-f1c19654fd05@group-1F53027F28E3, cid=2475, SUCCESS, logIndex=3485, commits[b50d6464-f54a-40d1-9f81-f1c19654fd05:c3486]
2019-09-12 09:26:23,992 [grpc-default-executor-1] INFO  client.GrpcClientProtocolClient (GrpcClientProtocolClient.java:onNext(264)) - client-8B023739F3BF->b50d6464-f54a-40d1-9f81-f1c19654fd05: receive RaftClientReply:client-8B023739F3BF->b50d6464-f54a-40d1-9f81-f1c19654fd05@group-1F53027F28E3, cid=2476, SUCCESS, logIndex=3486, commits[b50d6464-f54a-40d1-9f81-f1c19654fd05:c3487]
2019-09-12 09:26:24,011 [grpc-default-executor-2] INFO  client.GrpcClientProtocolClient (GrpcClientProtocolClient.java:onNext(264)) - client-8B023739F3BF->b50d6464-f54a-40d1-9f81-f1c19654fd05: receive RaftClientReply:client-8B023739F3BF->b50d6464-f54a-40d1-9f81-f1c19654fd05@group-1F53027F28E3, cid=2477, SUCCESS, logIndex=3488, commits[b50d6464-f54a-40d1-9f81-f1c19654fd05:c3489]
2019-09-12 09:26:24,012 [grpc-default-executor-2] INFO  client.GrpcClientProtocolClient (GrpcClientProtocolClient.java:onNext(264)) - client-8B023739F3BF->b50d6464-f54a-40d1-9f81-f1c19654fd05: receive RaftClientReply:client-8B023739F3BF->b50d6464-f54a-40d1-9f81-f1c19654fd05@group-1F53027F28E3, cid=2478, SUCCESS, logIndex=3489, commits[b50d6464-f54a-40d1-9f81-f1c19654fd05:c3491]
2019-09-12 09:26:24,012 [grpc-default-executor-2] INFO  client.GrpcClientProtocolClient (GrpcClientProtocolClient.java:onNext(264)) - client-8B023739F3BF->b50d6464-f54a-40d1-9f81-f1c19654fd05: receive RaftClientReply:client-8B023739F3BF->b50d6464-f54a-40d1-9f81-f1c19654fd05@group-1F53027F28E3, cid=2479, SUCCESS, logIndex=3490, commits[b50d6464-f54a-40d1-9f81-f1c19654fd05:c3491]
2019-09-12 09:26:24,013 [grpc-default-executor-2] INFO  client.GrpcClientProtocolClient (GrpcClientProtocolClient.java:onNext(264)) - client-8B023739F3BF->b50d6464-f54a-40d1-9f81-f1c19654fd05: receive RaftClientReply:client-8B023739F3BF->b50d6464-f54a-40d1-9f81-f1c19654fd05@group-1F53027F28E3, cid=2480, SUCCESS, logIndex=3491, commits[b50d6464-f54a-40d1-9f81-f1c19654fd05:c3492]
2019-09-12 09:26:24,042 [grpc-default-executor-1] INFO  client.GrpcClientProtocolClient (GrpcClientProtocolClient.java:onNext(264)) - client-8B023739F3BF->b50d6464-f54a-40d1-9f81-f1c19654fd05: receive RaftClientReply:client-8B023739F3BF->b50d6464-f54a-40d1-9f81-f1c19654fd05@group-1F53027F28E3, cid=2481, SUCCESS, logIndex=3494, commits[b50d6464-f54a-40d1-9f81-f1c19654fd05:c3495]
2019-09-12 09:26:24,042 [grpc-default-executor-1] INFO  client.GrpcClientProtocolClient (GrpcClientProtocolClient.java:onNext(264)) - client-8B023739F3BF->b50d6464-f54a-40d1-9f81-f1c19654fd05: receive RaftClientReply:client-8B023739F3BF->b50d6464-f54a-40d1-9f81-f1c19654fd05@group-1F53027F28E3, cid=2482, SUCCESS, logIndex=3495, commits[b50d6464-f54a-40d1-9f81-f1c19654fd05:c3495]
2019-09-12 09:26:24,043 [grpc-default-executor-1] INFO  client.GrpcClientProtocolClient (GrpcClientProtocolClient.java:onNext(264)) - client-8B023739F3BF->b50d6464-f54a-40d1-9f81-f1c19654fd05: receive RaftClientReply:client-8B023739F3BF->b50d6464-f54a-40d1-9f81-f1c19654fd05@group-1F53027F28E3, cid=2483, SUCCESS, logIndex=3496, commits[b50d6464-f54a-40d1-9f81-f1c19654fd05:c3498]
2019-09-12 09:26:24,043 [grpc-default-executor-1] INFO  client.GrpcClientProtocolClient (GrpcClientProtocolClient.java:onNext(264)) - client-8B023739F3BF->b50d6464-f54a-40d1-9f81-f1c19654fd05: receive RaftClientReply:client-8B023739F3BF->b50d6464-f54a-40d1-9f81-f1c19654fd05@group-1F53027F28E3, cid=2484, SUCCESS, logIndex=3497, commits[b50d6464-f54a-40d1-9f81-f1c19654fd05:c3498]
2019-09-12 09:26:24,061 [grpc-default-executor-1] INFO  client.GrpcClientProtocolClient (GrpcClientProtocolClient.java:onNext(264)) - client-8B023739F3BF->b50d6464-f54a-40d1-9f81-f1c19654fd05: receive RaftClientReply:client-8B023739F3BF->b50d6464-f54a-40d1-9f81-f1c19654fd05@group-1F53027F28E3, cid=2485, SUCCESS, logIndex=3499, commits[b50d6464-f54a-40d1-9f81-f1c19654fd05:c3500]
2019-09-12 09:26:24,062 [grpc-default-executor-1] INFO  client.GrpcClientProtocolClient (GrpcClientProtocolClient.java:onNext(264)) - client-8B023739F3BF->b50d6464-f54a-40d1-9f81-f1c19654fd05: receive RaftClientReply:client-8B023739F3BF->b50d6464-f54a-40d1-9f81-f1c19654fd05@group-1F53027F28E3, cid=2486, SUCCESS, logIndex=3500, commits[b50d6464-f54a-40d1-9f81-f1c19654fd05:c3500]
2019-09-12 09:26:24,062 [grpc-default-executor-1] INFO  client.GrpcClientProtocolClient (GrpcClientProtocolClient.java:onNext(264)) - client-8B023739F3BF->b50d6464-f54a-40d1-9f81-f1c19654fd05: receive RaftClientReply:client-8B023739F3BF->b50d6464-f54a-40d1-9f81-f1c19654fd05@group-1F53027F28E3, cid=2487, SUCCESS, logIndex=3501, commits[b50d6464-f54a-40d1-9f81-f1c19654fd05:c3502]
2019-09-12 09:26:24,062 [grpc-default-executor-1] INFO  client.GrpcClientProtocolClient (GrpcClientProtocolClient.java:onNext(264)) - client-8B023739F3BF->b50d6464-f54a-40d1-9f81-f1c19654fd05: receive RaftClientReply:client-8B023739F3BF->b50d6464-f54a-40d1-9f81-f1c19654fd05@group-1F53027F28E3, cid=2488, SUCCESS, logIndex=3502, commits[b50d6464-f54a-40d1-9f81-f1c19654fd05:c3503]
2019-09-12 09:26:24,081 [grpc-default-executor-2] INFO  client.GrpcClientProtocolClient (GrpcClientProtocolClient.java:onNext(264)) - client-8B023739F3BF->b50d6464-f54a-40d1-9f81-f1c19654fd05: receive RaftClientReply:client-8B023739F3BF->b50d6464-f54a-40d1-9f81-f1c19654fd05@group-1F53027F28E3, cid=2489, SUCCESS, logIndex=3505, commits[b50d6464-f54a-40d1-9f81-f1c19654fd05:c3506]
2019-09-12 09:26:24,081 [grpc-default-executor-2] INFO  client.GrpcClientProtocolClient (GrpcClientProtocolClient.java:onNext(264)) - client-8B023739F3BF->b50d6464-f54a-40d1-9f81-f1c19654fd05: receive RaftClientReply:client-8B023739F3BF->b50d6464-f54a-40d1-9f81-f1c19654fd05@group-1F53027F28E3, cid=2490, SUCCESS, logIndex=3506, commits[b50d6464-f54a-40d1-9f81-f1c19654fd05:c3508]
2019-09-12 09:26:24,082 [grpc-default-executor-2] INFO  client.GrpcClientProtocolClient (GrpcClientProtocolClient.java:onNext(264)) - client-8B023739F3BF->b50d6464-f54a-40d1-9f81-f1c19654fd05: receive RaftClientReply:client-8B023739F3BF->b50d6464-f54a-40d1-9f81-f1c19654fd05@group-1F53027F28E3, cid=2491, SUCCESS, logIndex=3507, commits[b50d6464-f54a-40d1-9f81-f1c19654fd05:c3508]
2019-09-12 09:26:24,082 [grpc-default-executor-2] INFO  client.GrpcClientProtocolClient (GrpcClientProtocolClient.java:onNext(264)) - client-8B023739F3BF->b50d6464-f54a-40d1-9f81-f1c19654fd05: receive RaftClientReply:client-8B023739F3BF->b50d6464-f54a-40d1-9f81-f1c19654fd05@group-1F53027F28E3, cid=2492, SUCCESS, logIndex=3508, commits[b50d6464-f54a-40d1-9f81-f1c19654fd05:c3509]
2019-09-12 09:26:24,088 [SCMBlockDeletingService#0] DEBUG block.SCMBlockDeletingService (SCMBlockDeletingService.java:call(138)) - Running DeletedBlockTransactionScanner
2019-09-12 09:26:24,088 [SCMBlockDeletingService#0] DEBUG block.SCMBlockDeletingService (SCMBlockDeletingService.java:call(155)) - Scanned deleted blocks log and got 0 delTX to process.
2019-09-12 09:26:24,101 [grpc-default-executor-1] INFO  client.GrpcClientProtocolClient (GrpcClientProtocolClient.java:onNext(264)) - client-8B023739F3BF->b50d6464-f54a-40d1-9f81-f1c19654fd05: receive RaftClientReply:client-8B023739F3BF->b50d6464-f54a-40d1-9f81-f1c19654fd05@group-1F53027F28E3, cid=2493, SUCCESS, logIndex=3511, commits[b50d6464-f54a-40d1-9f81-f1c19654fd05:c3512]
2019-09-12 09:26:24,101 [grpc-default-executor-1] INFO  client.GrpcClientProtocolClient (GrpcClientProtocolClient.java:onNext(264)) - client-8B023739F3BF->b50d6464-f54a-40d1-9f81-f1c19654fd05: receive RaftClientReply:client-8B023739F3BF->b50d6464-f54a-40d1-9f81-f1c19654fd05@group-1F53027F28E3, cid=2494, SUCCESS, logIndex=3512, commits[b50d6464-f54a-40d1-9f81-f1c19654fd05:c3512]
2019-09-12 09:26:24,114 [grpc-default-executor-1] INFO  client.GrpcClientProtocolClient (GrpcClientProtocolClient.java:onNext(264)) - client-8B023739F3BF->b50d6464-f54a-40d1-9f81-f1c19654fd05: receive RaftClientReply:client-8B023739F3BF->b50d6464-f54a-40d1-9f81-f1c19654fd05@group-1F53027F28E3, cid=2495, SUCCESS, logIndex=3513, commits[b50d6464-f54a-40d1-9f81-f1c19654fd05:c3515]
2019-09-12 09:26:24,115 [grpc-default-executor-1] INFO  client.GrpcClientProtocolClient (GrpcClientProtocolClient.java:onNext(264)) - client-8B023739F3BF->b50d6464-f54a-40d1-9f81-f1c19654fd05: receive RaftClientReply:client-8B023739F3BF->b50d6464-f54a-40d1-9f81-f1c19654fd05@group-1F53027F28E3, cid=2496, SUCCESS, logIndex=3514, commits[b50d6464-f54a-40d1-9f81-f1c19654fd05:c3515]
2019-09-12 09:26:24,152 [grpc-default-executor-2] INFO  client.GrpcClientProtocolClient (GrpcClientProtocolClient.java:onNext(264)) - client-8B023739F3BF->b50d6464-f54a-40d1-9f81-f1c19654fd05: receive RaftClientReply:client-8B023739F3BF->b50d6464-f54a-40d1-9f81-f1c19654fd05@group-1F53027F28E3, cid=2497, SUCCESS, logIndex=3517, commits[b50d6464-f54a-40d1-9f81-f1c19654fd05:c3520]
2019-09-12 09:26:24,153 [grpc-default-executor-2] INFO  client.GrpcClientProtocolClient (GrpcClientProtocolClient.java:onNext(264)) - client-8B023739F3BF->b50d6464-f54a-40d1-9f81-f1c19654fd05: receive RaftClientReply:client-8B023739F3BF->b50d6464-f54a-40d1-9f81-f1c19654fd05@group-1F53027F28E3, cid=2498, SUCCESS, logIndex=3518, commits[b50d6464-f54a-40d1-9f81-f1c19654fd05:c3520]
2019-09-12 09:26:24,153 [grpc-default-executor-2] INFO  client.GrpcClientProtocolClient (GrpcClientProtocolClient.java:onNext(264)) - client-8B023739F3BF->b50d6464-f54a-40d1-9f81-f1c19654fd05: receive RaftClientReply:client-8B023739F3BF->b50d6464-f54a-40d1-9f81-f1c19654fd05@group-1F53027F28E3, cid=2499, SUCCESS, logIndex=3519, commits[b50d6464-f54a-40d1-9f81-f1c19654fd05:c3521]
2019-09-12 09:26:24,153 [grpc-default-executor-2] INFO  client.GrpcClientProtocolClient (GrpcClientProtocolClient.java:onNext(264)) - client-8B023739F3BF->b50d6464-f54a-40d1-9f81-f1c19654fd05: receive RaftClientReply:client-8B023739F3BF->b50d6464-f54a-40d1-9f81-f1c19654fd05@group-1F53027F28E3, cid=2500, SUCCESS, logIndex=3520, commits[b50d6464-f54a-40d1-9f81-f1c19654fd05:c3521]
2019-09-12 09:26:24,172 [grpc-default-executor-2] INFO  client.GrpcClientProtocolClient (GrpcClientProtocolClient.java:onNext(264)) - client-8B023739F3BF->b50d6464-f54a-40d1-9f81-f1c19654fd05: receive RaftClientReply:client-8B023739F3BF->b50d6464-f54a-40d1-9f81-f1c19654fd05@group-1F53027F28E3, cid=2501, SUCCESS, logIndex=3522, commits[b50d6464-f54a-40d1-9f81-f1c19654fd05:c3523]
2019-09-12 09:26:24,173 [grpc-default-executor-2] INFO  client.GrpcClientProtocolClient (GrpcClientProtocolClient.java:onNext(264)) - client-8B023739F3BF->b50d6464-f54a-40d1-9f81-f1c19654fd05: receive RaftClientReply:client-8B023739F3BF->b50d6464-f54a-40d1-9f81-f1c19654fd05@group-1F53027F28E3, cid=2502, SUCCESS, logIndex=3523, commits[b50d6464-f54a-40d1-9f81-f1c19654fd05:c3523]
2019-09-12 09:26:24,176 [grpc-default-executor-2] INFO  client.GrpcClientProtocolClient (GrpcClientProtocolClient.java:onNext(264)) - client-8B023739F3BF->b50d6464-f54a-40d1-9f81-f1c19654fd05: receive RaftClientReply:client-8B023739F3BF->b50d6464-f54a-40d1-9f81-f1c19654fd05@group-1F53027F28E3, cid=2503, SUCCESS, logIndex=3524, commits[b50d6464-f54a-40d1-9f81-f1c19654fd05:c3526]
2019-09-12 09:26:24,176 [grpc-default-executor-2] INFO  client.GrpcClientProtocolClient (GrpcClientProtocolClient.java:onNext(264)) - client-8B023739F3BF->b50d6464-f54a-40d1-9f81-f1c19654fd05: receive RaftClientReply:client-8B023739F3BF->b50d6464-f54a-40d1-9f81-f1c19654fd05@group-1F53027F28E3, cid=2504, SUCCESS, logIndex=3525, commits[b50d6464-f54a-40d1-9f81-f1c19654fd05:c3526]
2019-09-12 09:26:24,189 [SCMBlockDeletingService#0] DEBUG block.SCMBlockDeletingService (SCMBlockDeletingService.java:call(138)) - Running DeletedBlockTransactionScanner
2019-09-12 09:26:24,189 [SCMBlockDeletingService#0] DEBUG block.SCMBlockDeletingService (SCMBlockDeletingService.java:call(155)) - Scanned deleted blocks log and got 0 delTX to process.
2019-09-12 09:26:24,204 [grpc-default-executor-1] INFO  client.GrpcClientProtocolClient (GrpcClientProtocolClient.java:onNext(264)) - client-8B023739F3BF->b50d6464-f54a-40d1-9f81-f1c19654fd05: receive RaftClientReply:client-8B023739F3BF->b50d6464-f54a-40d1-9f81-f1c19654fd05@group-1F53027F28E3, cid=2505, SUCCESS, logIndex=3527, commits[b50d6464-f54a-40d1-9f81-f1c19654fd05:c3528]
2019-09-12 09:26:24,204 [grpc-default-executor-1] INFO  client.GrpcClientProtocolClient (GrpcClientProtocolClient.java:onNext(264)) - client-8B023739F3BF->b50d6464-f54a-40d1-9f81-f1c19654fd05: receive RaftClientReply:client-8B023739F3BF->b50d6464-f54a-40d1-9f81-f1c19654fd05@group-1F53027F28E3, cid=2506, SUCCESS, logIndex=3528, commits[b50d6464-f54a-40d1-9f81-f1c19654fd05:c3528]
2019-09-12 09:26:24,218 [grpc-default-executor-1] INFO  client.GrpcClientProtocolClient (GrpcClientProtocolClient.java:onNext(264)) - client-8B023739F3BF->b50d6464-f54a-40d1-9f81-f1c19654fd05: receive RaftClientReply:client-8B023739F3BF->b50d6464-f54a-40d1-9f81-f1c19654fd05@group-1F53027F28E3, cid=2507, SUCCESS, logIndex=3529, commits[b50d6464-f54a-40d1-9f81-f1c19654fd05:c3531]
2019-09-12 09:26:24,218 [grpc-default-executor-1] INFO  client.GrpcClientProtocolClient (GrpcClientProtocolClient.java:onNext(264)) - client-8B023739F3BF->b50d6464-f54a-40d1-9f81-f1c19654fd05: receive RaftClientReply:client-8B023739F3BF->b50d6464-f54a-40d1-9f81-f1c19654fd05@group-1F53027F28E3, cid=2508, SUCCESS, logIndex=3530, commits[b50d6464-f54a-40d1-9f81-f1c19654fd05:c3531]
2019-09-12 09:26:24,236 [grpc-default-executor-1] INFO  client.GrpcClientProtocolClient (GrpcClientProtocolClient.java:onNext(264)) - client-8B023739F3BF->b50d6464-f54a-40d1-9f81-f1c19654fd05: receive RaftClientReply:client-8B023739F3BF->b50d6464-f54a-40d1-9f81-f1c19654fd05@group-1F53027F28E3, cid=2509, SUCCESS, logIndex=3532, commits[b50d6464-f54a-40d1-9f81-f1c19654fd05:c3535]
2019-09-12 09:26:24,236 [grpc-default-executor-1] INFO  client.GrpcClientProtocolClient (GrpcClientProtocolClient.java:onNext(264)) - client-8B023739F3BF->b50d6464-f54a-40d1-9f81-f1c19654fd05: receive RaftClientReply:client-8B023739F3BF->b50d6464-f54a-40d1-9f81-f1c19654fd05@group-1F53027F28E3, cid=2510, SUCCESS, logIndex=3533, commits[b50d6464-f54a-40d1-9f81-f1c19654fd05:c3535]
2019-09-12 09:26:24,237 [grpc-default-executor-1] INFO  client.GrpcClientProtocolClient (GrpcClientProtocolClient.java:onNext(264)) - client-8B023739F3BF->b50d6464-f54a-40d1-9f81-f1c19654fd05: receive RaftClientReply:client-8B023739F3BF->b50d6464-f54a-40d1-9f81-f1c19654fd05@group-1F53027F28E3, cid=2511, SUCCESS, logIndex=3534, commits[b50d6464-f54a-40d1-9f81-f1c19654fd05:c3536]
2019-09-12 09:26:24,237 [grpc-default-executor-1] INFO  client.GrpcClientProtocolClient (GrpcClientProtocolClient.java:onNext(264)) - client-8B023739F3BF->b50d6464-f54a-40d1-9f81-f1c19654fd05: receive RaftClientReply:client-8B023739F3BF->b50d6464-f54a-40d1-9f81-f1c19654fd05@group-1F53027F28E3, cid=2512, SUCCESS, logIndex=3535, commits[b50d6464-f54a-40d1-9f81-f1c19654fd05:c3536]
2019-09-12 09:26:24,276 [grpc-default-executor-2] INFO  client.GrpcClientProtocolClient (GrpcClientProtocolClient.java:onNext(264)) - client-8B023739F3BF->b50d6464-f54a-40d1-9f81-f1c19654fd05: receive RaftClientReply:client-8B023739F3BF->b50d6464-f54a-40d1-9f81-f1c19654fd05@group-1F53027F28E3, cid=2513, SUCCESS, logIndex=3538, commits[b50d6464-f54a-40d1-9f81-f1c19654fd05:c3542]
2019-09-12 09:26:24,276 [grpc-default-executor-2] INFO  client.GrpcClientProtocolClient (GrpcClientProtocolClient.java:onNext(264)) - client-8B023739F3BF->b50d6464-f54a-40d1-9f81-f1c19654fd05: receive RaftClientReply:client-8B023739F3BF->b50d6464-f54a-40d1-9f81-f1c19654fd05@group-1F53027F28E3, cid=2514, SUCCESS, logIndex=3539, commits[b50d6464-f54a-40d1-9f81-f1c19654fd05:c3542]
2019-09-12 09:26:24,276 [grpc-default-executor-2] INFO  client.GrpcClientProtocolClient (GrpcClientProtocolClient.java:onNext(264)) - client-8B023739F3BF->b50d6464-f54a-40d1-9f81-f1c19654fd05: receive RaftClientReply:client-8B023739F3BF->b50d6464-f54a-40d1-9f81-f1c19654fd05@group-1F53027F28E3, cid=2515, SUCCESS, logIndex=3540, commits[b50d6464-f54a-40d1-9f81-f1c19654fd05:c3542]
2019-09-12 09:26:24,277 [grpc-default-executor-2] INFO  client.GrpcClientProtocolClient (GrpcClientProtocolClient.java:onNext(264)) - client-8B023739F3BF->b50d6464-f54a-40d1-9f81-f1c19654fd05: receive RaftClientReply:client-8B023739F3BF->b50d6464-f54a-40d1-9f81-f1c19654fd05@group-1F53027F28E3, cid=2516, SUCCESS, logIndex=3541, commits[b50d6464-f54a-40d1-9f81-f1c19654fd05:c3542]
2019-09-12 09:26:24,289 [SCMBlockDeletingService#1] DEBUG block.SCMBlockDeletingService (SCMBlockDeletingService.java:call(138)) - Running DeletedBlockTransactionScanner
2019-09-12 09:26:24,289 [SCMBlockDeletingService#1] DEBUG block.SCMBlockDeletingService (SCMBlockDeletingService.java:call(155)) - Scanned deleted blocks log and got 0 delTX to process.
2019-09-12 09:26:24,297 [grpc-default-executor-1] INFO  client.GrpcClientProtocolClient (GrpcClientProtocolClient.java:onNext(264)) - client-8B023739F3BF->b50d6464-f54a-40d1-9f81-f1c19654fd05: receive RaftClientReply:client-8B023739F3BF->b50d6464-f54a-40d1-9f81-f1c19654fd05@group-1F53027F28E3, cid=2517, SUCCESS, logIndex=3543, commits[b50d6464-f54a-40d1-9f81-f1c19654fd05:c3544]
2019-09-12 09:26:24,298 [grpc-default-executor-1] INFO  client.GrpcClientProtocolClient (GrpcClientProtocolClient.java:onNext(264)) - client-8B023739F3BF->b50d6464-f54a-40d1-9f81-f1c19654fd05: receive RaftClientReply:client-8B023739F3BF->b50d6464-f54a-40d1-9f81-f1c19654fd05@group-1F53027F28E3, cid=2518, SUCCESS, logIndex=3544, commits[b50d6464-f54a-40d1-9f81-f1c19654fd05:c3545]
2019-09-12 09:26:24,390 [SCMBlockDeletingService#0] DEBUG block.SCMBlockDeletingService (SCMBlockDeletingService.java:call(138)) - Running DeletedBlockTransactionScanner
2019-09-12 09:26:24,390 [SCMBlockDeletingService#0] DEBUG block.SCMBlockDeletingService (SCMBlockDeletingService.java:call(155)) - Scanned deleted blocks log and got 0 delTX to process.
2019-09-12 09:26:24,420 [grpc-default-executor-2] INFO  client.GrpcClientProtocolClient (GrpcClientProtocolClient.java:onNext(264)) - client-8B023739F3BF->b50d6464-f54a-40d1-9f81-f1c19654fd05: receive RaftClientReply:client-8B023739F3BF->b50d6464-f54a-40d1-9f81-f1c19654fd05@group-1F53027F28E3, cid=2519, SUCCESS, logIndex=3546, commits[b50d6464-f54a-40d1-9f81-f1c19654fd05:c3547]
2019-09-12 09:26:24,420 [grpc-default-executor-2] INFO  client.GrpcClientProtocolClient (GrpcClientProtocolClient.java:onNext(264)) - client-8B023739F3BF->b50d6464-f54a-40d1-9f81-f1c19654fd05: receive RaftClientReply:client-8B023739F3BF->b50d6464-f54a-40d1-9f81-f1c19654fd05@group-1F53027F28E3, cid=2520, SUCCESS, logIndex=3547, commits[b50d6464-f54a-40d1-9f81-f1c19654fd05:c3547]
2019-09-12 09:26:24,459 [grpc-default-executor-2] INFO  client.GrpcClientProtocolClient (GrpcClientProtocolClient.java:onNext(264)) - client-8B023739F3BF->b50d6464-f54a-40d1-9f81-f1c19654fd05: receive RaftClientReply:client-8B023739F3BF->b50d6464-f54a-40d1-9f81-f1c19654fd05@group-1F53027F28E3, cid=2521, SUCCESS, logIndex=3549, commits[b50d6464-f54a-40d1-9f81-f1c19654fd05:c3552]
2019-09-12 09:26:24,459 [grpc-default-executor-2] INFO  client.GrpcClientProtocolClient (GrpcClientProtocolClient.java:onNext(264)) - client-8B023739F3BF->b50d6464-f54a-40d1-9f81-f1c19654fd05: receive RaftClientReply:client-8B023739F3BF->b50d6464-f54a-40d1-9f81-f1c19654fd05@group-1F53027F28E3, cid=2522, SUCCESS, logIndex=3550, commits[b50d6464-f54a-40d1-9f81-f1c19654fd05:c3552]
2019-09-12 09:26:24,461 [grpc-default-executor-2] INFO  client.GrpcClientProtocolClient (GrpcClientProtocolClient.java:onNext(264)) - client-8B023739F3BF->b50d6464-f54a-40d1-9f81-f1c19654fd05: receive RaftClientReply:client-8B023739F3BF->b50d6464-f54a-40d1-9f81-f1c19654fd05@group-1F53027F28E3, cid=2523, SUCCESS, logIndex=3551, commits[b50d6464-f54a-40d1-9f81-f1c19654fd05:c3553]
2019-09-12 09:26:24,461 [grpc-default-executor-2] INFO  client.GrpcClientProtocolClient (GrpcClientProtocolClient.java:onNext(264)) - client-8B023739F3BF->b50d6464-f54a-40d1-9f81-f1c19654fd05: receive RaftClientReply:client-8B023739F3BF->b50d6464-f54a-40d1-9f81-f1c19654fd05@group-1F53027F28E3, cid=2524, SUCCESS, logIndex=3552, commits[b50d6464-f54a-40d1-9f81-f1c19654fd05:c3553]
2019-09-12 09:26:24,480 [grpc-default-executor-1] INFO  client.GrpcClientProtocolClient (GrpcClientProtocolClient.java:onNext(264)) - client-8B023739F3BF->b50d6464-f54a-40d1-9f81-f1c19654fd05: receive RaftClientReply:client-8B023739F3BF->b50d6464-f54a-40d1-9f81-f1c19654fd05@group-1F53027F28E3, cid=2525, SUCCESS, logIndex=3554, commits[b50d6464-f54a-40d1-9f81-f1c19654fd05:c3555]
2019-09-12 09:26:24,481 [grpc-default-executor-1] INFO  client.GrpcClientProtocolClient (GrpcClientProtocolClient.java:onNext(264)) - client-8B023739F3BF->b50d6464-f54a-40d1-9f81-f1c19654fd05: receive RaftClientReply:client-8B023739F3BF->b50d6464-f54a-40d1-9f81-f1c19654fd05@group-1F53027F28E3, cid=2526, SUCCESS, logIndex=3555, commits[b50d6464-f54a-40d1-9f81-f1c19654fd05:c3555]
2019-09-12 09:26:24,481 [grpc-default-executor-1] INFO  client.GrpcClientProtocolClient (GrpcClientProtocolClient.java:onNext(264)) - client-8B023739F3BF->b50d6464-f54a-40d1-9f81-f1c19654fd05: receive RaftClientReply:client-8B023739F3BF->b50d6464-f54a-40d1-9f81-f1c19654fd05@group-1F53027F28E3, cid=2527, SUCCESS, logIndex=3556, commits[b50d6464-f54a-40d1-9f81-f1c19654fd05:c3558]
2019-09-12 09:26:24,481 [grpc-default-executor-1] INFO  client.GrpcClientProtocolClient (GrpcClientProtocolClient.java:onNext(264)) - client-8B023739F3BF->b50d6464-f54a-40d1-9f81-f1c19654fd05: receive RaftClientReply:client-8B023739F3BF->b50d6464-f54a-40d1-9f81-f1c19654fd05@group-1F53027F28E3, cid=2528, SUCCESS, logIndex=3557, commits[b50d6464-f54a-40d1-9f81-f1c19654fd05:c3558]
2019-09-12 09:26:24,490 [SCMBlockDeletingService#0] DEBUG block.SCMBlockDeletingService (SCMBlockDeletingService.java:call(138)) - Running DeletedBlockTransactionScanner
2019-09-12 09:26:24,491 [SCMBlockDeletingService#0] DEBUG block.SCMBlockDeletingService (SCMBlockDeletingService.java:call(155)) - Scanned deleted blocks log and got 0 delTX to process.
2019-09-12 09:26:24,506 [grpc-default-executor-1] INFO  client.GrpcClientProtocolClient (GrpcClientProtocolClient.java:onNext(264)) - client-8B023739F3BF->b50d6464-f54a-40d1-9f81-f1c19654fd05: receive RaftClientReply:client-8B023739F3BF->b50d6464-f54a-40d1-9f81-f1c19654fd05@group-1F53027F28E3, cid=2529, SUCCESS, logIndex=3560, commits[b50d6464-f54a-40d1-9f81-f1c19654fd05:c3561]
2019-09-12 09:26:24,507 [grpc-default-executor-1] INFO  client.GrpcClientProtocolClient (GrpcClientProtocolClient.java:onNext(264)) - client-8B023739F3BF->b50d6464-f54a-40d1-9f81-f1c19654fd05: receive RaftClientReply:client-8B023739F3BF->b50d6464-f54a-40d1-9f81-f1c19654fd05@group-1F53027F28E3, cid=2530, SUCCESS, logIndex=3561, commits[b50d6464-f54a-40d1-9f81-f1c19654fd05:c3561]
2019-09-12 09:26:24,524 [grpc-default-executor-1] INFO  client.GrpcClientProtocolClient (GrpcClientProtocolClient.java:onNext(264)) - client-8B023739F3BF->b50d6464-f54a-40d1-9f81-f1c19654fd05: receive RaftClientReply:client-8B023739F3BF->b50d6464-f54a-40d1-9f81-f1c19654fd05@group-1F53027F28E3, cid=2531, SUCCESS, logIndex=3562, commits[b50d6464-f54a-40d1-9f81-f1c19654fd05:c3564]
2019-09-12 09:26:24,524 [grpc-default-executor-1] INFO  client.GrpcClientProtocolClient (GrpcClientProtocolClient.java:onNext(264)) - client-8B023739F3BF->b50d6464-f54a-40d1-9f81-f1c19654fd05: receive RaftClientReply:client-8B023739F3BF->b50d6464-f54a-40d1-9f81-f1c19654fd05@group-1F53027F28E3, cid=2532, SUCCESS, logIndex=3563, commits[b50d6464-f54a-40d1-9f81-f1c19654fd05:c3564]
2019-09-12 09:26:24,535 [grpc-default-executor-2] INFO  client.GrpcClientProtocolClient (GrpcClientProtocolClient.java:onNext(264)) - client-8B023739F3BF->b50d6464-f54a-40d1-9f81-f1c19654fd05: receive RaftClientReply:client-8B023739F3BF->b50d6464-f54a-40d1-9f81-f1c19654fd05@group-1F53027F28E3, cid=2533, SUCCESS, logIndex=3565, commits[b50d6464-f54a-40d1-9f81-f1c19654fd05:c3566]
2019-09-12 09:26:24,536 [grpc-default-executor-2] INFO  client.GrpcClientProtocolClient (GrpcClientProtocolClient.java:onNext(264)) - client-8B023739F3BF->b50d6464-f54a-40d1-9f81-f1c19654fd05: receive RaftClientReply:client-8B023739F3BF->b50d6464-f54a-40d1-9f81-f1c19654fd05@group-1F53027F28E3, cid=2534, SUCCESS, logIndex=3566, commits[b50d6464-f54a-40d1-9f81-f1c19654fd05:c3566]
2019-09-12 09:26:24,537 [grpc-default-executor-2] INFO  client.GrpcClientProtocolClient (GrpcClientProtocolClient.java:onNext(264)) - client-8B023739F3BF->b50d6464-f54a-40d1-9f81-f1c19654fd05: receive RaftClientReply:client-8B023739F3BF->b50d6464-f54a-40d1-9f81-f1c19654fd05@group-1F53027F28E3, cid=2535, SUCCESS, logIndex=3567, commits[b50d6464-f54a-40d1-9f81-f1c19654fd05:c3568]
2019-09-12 09:26:24,537 [grpc-default-executor-2] INFO  client.GrpcClientProtocolClient (GrpcClientProtocolClient.java:onNext(264)) - client-8B023739F3BF->b50d6464-f54a-40d1-9f81-f1c19654fd05: receive RaftClientReply:client-8B023739F3BF->b50d6464-f54a-40d1-9f81-f1c19654fd05@group-1F53027F28E3, cid=2536, SUCCESS, logIndex=3568, commits[b50d6464-f54a-40d1-9f81-f1c19654fd05:c3568]
2019-09-12 09:26:24,563 [grpc-default-executor-2] INFO  client.GrpcClientProtocolClient (GrpcClientProtocolClient.java:onNext(264)) - client-8B023739F3BF->b50d6464-f54a-40d1-9f81-f1c19654fd05: receive RaftClientReply:client-8B023739F3BF->b50d6464-f54a-40d1-9f81-f1c19654fd05@group-1F53027F28E3, cid=2537, SUCCESS, logIndex=3571, commits[b50d6464-f54a-40d1-9f81-f1c19654fd05:c3574]
2019-09-12 09:26:24,564 [grpc-default-executor-2] INFO  client.GrpcClientProtocolClient (GrpcClientProtocolClient.java:onNext(264)) - client-8B023739F3BF->b50d6464-f54a-40d1-9f81-f1c19654fd05: receive RaftClientReply:client-8B023739F3BF->b50d6464-f54a-40d1-9f81-f1c19654fd05@group-1F53027F28E3, cid=2538, SUCCESS, logIndex=3572, commits[b50d6464-f54a-40d1-9f81-f1c19654fd05:c3575]
2019-09-12 09:26:24,564 [grpc-default-executor-2] INFO  client.GrpcClientProtocolClient (GrpcClientProtocolClient.java:onNext(264)) - client-8B023739F3BF->b50d6464-f54a-40d1-9f81-f1c19654fd05: receive RaftClientReply:client-8B023739F3BF->b50d6464-f54a-40d1-9f81-f1c19654fd05@group-1F53027F28E3, cid=2539, SUCCESS, logIndex=3573, commits[b50d6464-f54a-40d1-9f81-f1c19654fd05:c3575]
2019-09-12 09:26:24,564 [grpc-default-executor-2] INFO  client.GrpcClientProtocolClient (GrpcClientProtocolClient.java:onNext(264)) - client-8B023739F3BF->b50d6464-f54a-40d1-9f81-f1c19654fd05: receive RaftClientReply:client-8B023739F3BF->b50d6464-f54a-40d1-9f81-f1c19654fd05@group-1F53027F28E3, cid=2540, SUCCESS, logIndex=3574, commits[b50d6464-f54a-40d1-9f81-f1c19654fd05:c3575]
2019-09-12 09:26:24,588 [grpc-default-executor-1] INFO  client.GrpcClientProtocolClient (GrpcClientProtocolClient.java:onNext(264)) - client-8B023739F3BF->b50d6464-f54a-40d1-9f81-f1c19654fd05: receive RaftClientReply:client-8B023739F3BF->b50d6464-f54a-40d1-9f81-f1c19654fd05@group-1F53027F28E3, cid=2541, SUCCESS, logIndex=3576, commits[b50d6464-f54a-40d1-9f81-f1c19654fd05:c3579]
2019-09-12 09:26:24,589 [grpc-default-executor-1] INFO  client.GrpcClientProtocolClient (GrpcClientProtocolClient.java:onNext(264)) - client-8B023739F3BF->b50d6464-f54a-40d1-9f81-f1c19654fd05: receive RaftClientReply:client-8B023739F3BF->b50d6464-f54a-40d1-9f81-f1c19654fd05@group-1F53027F28E3, cid=2542, SUCCESS, logIndex=3577, commits[b50d6464-f54a-40d1-9f81-f1c19654fd05:c3579]
2019-09-12 09:26:24,589 [grpc-default-executor-1] INFO  client.GrpcClientProtocolClient (GrpcClientProtocolClient.java:onNext(264)) - client-8B023739F3BF->b50d6464-f54a-40d1-9f81-f1c19654fd05: receive RaftClientReply:client-8B023739F3BF->b50d6464-f54a-40d1-9f81-f1c19654fd05@group-1F53027F28E3, cid=2543, SUCCESS, logIndex=3578, commits[b50d6464-f54a-40d1-9f81-f1c19654fd05:c3580]
2019-09-12 09:26:24,589 [grpc-default-executor-1] INFO  client.GrpcClientProtocolClient (GrpcClientProtocolClient.java:onNext(264)) - client-8B023739F3BF->b50d6464-f54a-40d1-9f81-f1c19654fd05: receive RaftClientReply:client-8B023739F3BF->b50d6464-f54a-40d1-9f81-f1c19654fd05@group-1F53027F28E3, cid=2544, SUCCESS, logIndex=3579, commits[b50d6464-f54a-40d1-9f81-f1c19654fd05:c3580]
2019-09-12 09:26:24,591 [SCMBlockDeletingService#0] DEBUG block.SCMBlockDeletingService (SCMBlockDeletingService.java:call(138)) - Running DeletedBlockTransactionScanner
2019-09-12 09:26:24,591 [SCMBlockDeletingService#0] DEBUG block.SCMBlockDeletingService (SCMBlockDeletingService.java:call(155)) - Scanned deleted blocks log and got 0 delTX to process.
2019-09-12 09:26:24,613 [grpc-default-executor-2] INFO  client.GrpcClientProtocolClient (GrpcClientProtocolClient.java:onNext(264)) - client-8B023739F3BF->b50d6464-f54a-40d1-9f81-f1c19654fd05: receive RaftClientReply:client-8B023739F3BF->b50d6464-f54a-40d1-9f81-f1c19654fd05@group-1F53027F28E3, cid=2545, SUCCESS, logIndex=3581, commits[b50d6464-f54a-40d1-9f81-f1c19654fd05:c3582]
2019-09-12 09:26:24,614 [grpc-default-executor-2] INFO  client.GrpcClientProtocolClient (GrpcClientProtocolClient.java:onNext(264)) - client-8B023739F3BF->b50d6464-f54a-40d1-9f81-f1c19654fd05: receive RaftClientReply:client-8B023739F3BF->b50d6464-f54a-40d1-9f81-f1c19654fd05@group-1F53027F28E3, cid=2546, SUCCESS, logIndex=3582, commits[b50d6464-f54a-40d1-9f81-f1c19654fd05:c3584]
2019-09-12 09:26:24,614 [grpc-default-executor-2] INFO  client.GrpcClientProtocolClient (GrpcClientProtocolClient.java:onNext(264)) - client-8B023739F3BF->b50d6464-f54a-40d1-9f81-f1c19654fd05: receive RaftClientReply:client-8B023739F3BF->b50d6464-f54a-40d1-9f81-f1c19654fd05@group-1F53027F28E3, cid=2547, SUCCESS, logIndex=3583, commits[b50d6464-f54a-40d1-9f81-f1c19654fd05:c3585]
2019-09-12 09:26:24,614 [grpc-default-executor-2] INFO  client.GrpcClientProtocolClient (GrpcClientProtocolClient.java:onNext(264)) - client-8B023739F3BF->b50d6464-f54a-40d1-9f81-f1c19654fd05: receive RaftClientReply:client-8B023739F3BF->b50d6464-f54a-40d1-9f81-f1c19654fd05@group-1F53027F28E3, cid=2548, SUCCESS, logIndex=3584, commits[b50d6464-f54a-40d1-9f81-f1c19654fd05:c3585]
2019-09-12 09:26:24,632 [grpc-default-executor-1] INFO  client.GrpcClientProtocolClient (GrpcClientProtocolClient.java:onNext(264)) - client-8B023739F3BF->b50d6464-f54a-40d1-9f81-f1c19654fd05: receive RaftClientReply:client-8B023739F3BF->b50d6464-f54a-40d1-9f81-f1c19654fd05@group-1F53027F28E3, cid=2549, SUCCESS, logIndex=3587, commits[b50d6464-f54a-40d1-9f81-f1c19654fd05:c3588]
2019-09-12 09:26:24,632 [grpc-default-executor-1] INFO  client.GrpcClientProtocolClient (GrpcClientProtocolClient.java:onNext(264)) - client-8B023739F3BF->b50d6464-f54a-40d1-9f81-f1c19654fd05: receive RaftClientReply:client-8B023739F3BF->b50d6464-f54a-40d1-9f81-f1c19654fd05@group-1F53027F28E3, cid=2550, SUCCESS, logIndex=3588, commits[b50d6464-f54a-40d1-9f81-f1c19654fd05:c3590]
2019-09-12 09:26:24,632 [grpc-default-executor-1] INFO  client.GrpcClientProtocolClient (GrpcClientProtocolClient.java:onNext(264)) - client-8B023739F3BF->b50d6464-f54a-40d1-9f81-f1c19654fd05: receive RaftClientReply:client-8B023739F3BF->b50d6464-f54a-40d1-9f81-f1c19654fd05@group-1F53027F28E3, cid=2551, SUCCESS, logIndex=3589, commits[b50d6464-f54a-40d1-9f81-f1c19654fd05:c3590]
2019-09-12 09:26:24,633 [grpc-default-executor-1] INFO  client.GrpcClientProtocolClient (GrpcClientProtocolClient.java:onNext(264)) - client-8B023739F3BF->b50d6464-f54a-40d1-9f81-f1c19654fd05: receive RaftClientReply:client-8B023739F3BF->b50d6464-f54a-40d1-9f81-f1c19654fd05@group-1F53027F28E3, cid=2552, SUCCESS, logIndex=3590, commits[b50d6464-f54a-40d1-9f81-f1c19654fd05:c3591]
2019-09-12 09:26:24,656 [grpc-default-executor-2] INFO  client.GrpcClientProtocolClient (GrpcClientProtocolClient.java:onNext(264)) - client-8B023739F3BF->b50d6464-f54a-40d1-9f81-f1c19654fd05: receive RaftClientReply:client-8B023739F3BF->b50d6464-f54a-40d1-9f81-f1c19654fd05@group-1F53027F28E3, cid=2553, SUCCESS, logIndex=3593, commits[b50d6464-f54a-40d1-9f81-f1c19654fd05:c3594]
2019-09-12 09:26:24,657 [grpc-default-executor-2] INFO  client.GrpcClientProtocolClient (GrpcClientProtocolClient.java:onNext(264)) - client-8B023739F3BF->b50d6464-f54a-40d1-9f81-f1c19654fd05: receive RaftClientReply:client-8B023739F3BF->b50d6464-f54a-40d1-9f81-f1c19654fd05@group-1F53027F28E3, cid=2554, SUCCESS, logIndex=3594, commits[b50d6464-f54a-40d1-9f81-f1c19654fd05:c3596]
2019-09-12 09:26:24,657 [grpc-default-executor-2] INFO  client.GrpcClientProtocolClient (GrpcClientProtocolClient.java:onNext(264)) - client-8B023739F3BF->b50d6464-f54a-40d1-9f81-f1c19654fd05: receive RaftClientReply:client-8B023739F3BF->b50d6464-f54a-40d1-9f81-f1c19654fd05@group-1F53027F28E3, cid=2555, SUCCESS, logIndex=3595, commits[b50d6464-f54a-40d1-9f81-f1c19654fd05:c3596]
2019-09-12 09:26:24,657 [grpc-default-executor-2] INFO  client.GrpcClientProtocolClient (GrpcClientProtocolClient.java:onNext(264)) - client-8B023739F3BF->b50d6464-f54a-40d1-9f81-f1c19654fd05: receive RaftClientReply:client-8B023739F3BF->b50d6464-f54a-40d1-9f81-f1c19654fd05@group-1F53027F28E3, cid=2556, SUCCESS, logIndex=3596, commits[b50d6464-f54a-40d1-9f81-f1c19654fd05:c3597]
2019-09-12 09:26:24,675 [grpc-default-executor-2] INFO  client.GrpcClientProtocolClient (GrpcClientProtocolClient.java:onNext(264)) - client-8B023739F3BF->b50d6464-f54a-40d1-9f81-f1c19654fd05: receive RaftClientReply:client-8B023739F3BF->b50d6464-f54a-40d1-9f81-f1c19654fd05@group-1F53027F28E3, cid=2557, SUCCESS, logIndex=3599, commits[b50d6464-f54a-40d1-9f81-f1c19654fd05:c3600]
2019-09-12 09:26:24,675 [grpc-default-executor-2] INFO  client.GrpcClientProtocolClient (GrpcClientProtocolClient.java:onNext(264)) - client-8B023739F3BF->b50d6464-f54a-40d1-9f81-f1c19654fd05: receive RaftClientReply:client-8B023739F3BF->b50d6464-f54a-40d1-9f81-f1c19654fd05@group-1F53027F28E3, cid=2558, SUCCESS, logIndex=3600, commits[b50d6464-f54a-40d1-9f81-f1c19654fd05:c3600]
2019-09-12 09:26:24,675 [grpc-default-executor-2] INFO  client.GrpcClientProtocolClient (GrpcClientProtocolClient.java:onNext(264)) - client-8B023739F3BF->b50d6464-f54a-40d1-9f81-f1c19654fd05: receive RaftClientReply:client-8B023739F3BF->b50d6464-f54a-40d1-9f81-f1c19654fd05@group-1F53027F28E3, cid=2559, SUCCESS, logIndex=3601, commits[b50d6464-f54a-40d1-9f81-f1c19654fd05:c3602]
2019-09-12 09:26:24,676 [grpc-default-executor-2] INFO  client.GrpcClientProtocolClient (GrpcClientProtocolClient.java:onNext(264)) - client-8B023739F3BF->b50d6464-f54a-40d1-9f81-f1c19654fd05: receive RaftClientReply:client-8B023739F3BF->b50d6464-f54a-40d1-9f81-f1c19654fd05@group-1F53027F28E3, cid=2560, SUCCESS, logIndex=3602, commits[b50d6464-f54a-40d1-9f81-f1c19654fd05:c3602]
2019-09-12 09:26:24,691 [SCMBlockDeletingService#1] DEBUG block.SCMBlockDeletingService (SCMBlockDeletingService.java:call(138)) - Running DeletedBlockTransactionScanner
2019-09-12 09:26:24,691 [SCMBlockDeletingService#1] DEBUG block.SCMBlockDeletingService (SCMBlockDeletingService.java:call(155)) - Scanned deleted blocks log and got 0 delTX to process.
2019-09-12 09:26:24,703 [grpc-default-executor-1] INFO  client.GrpcClientProtocolClient (GrpcClientProtocolClient.java:onNext(264)) - client-8B023739F3BF->b50d6464-f54a-40d1-9f81-f1c19654fd05: receive RaftClientReply:client-8B023739F3BF->b50d6464-f54a-40d1-9f81-f1c19654fd05@group-1F53027F28E3, cid=2561, SUCCESS, logIndex=3605, commits[b50d6464-f54a-40d1-9f81-f1c19654fd05:c3606]
2019-09-12 09:26:24,703 [grpc-default-executor-1] INFO  client.GrpcClientProtocolClient (GrpcClientProtocolClient.java:onNext(264)) - client-8B023739F3BF->b50d6464-f54a-40d1-9f81-f1c19654fd05: receive RaftClientReply:client-8B023739F3BF->b50d6464-f54a-40d1-9f81-f1c19654fd05@group-1F53027F28E3, cid=2562, SUCCESS, logIndex=3606, commits[b50d6464-f54a-40d1-9f81-f1c19654fd05:c3606]
2019-09-12 09:26:24,703 [grpc-default-executor-1] INFO  client.GrpcClientProtocolClient (GrpcClientProtocolClient.java:onNext(264)) - client-8B023739F3BF->b50d6464-f54a-40d1-9f81-f1c19654fd05: receive RaftClientReply:client-8B023739F3BF->b50d6464-f54a-40d1-9f81-f1c19654fd05@group-1F53027F28E3, cid=2563, SUCCESS, logIndex=3607, commits[b50d6464-f54a-40d1-9f81-f1c19654fd05:c3608]
2019-09-12 09:26:24,703 [grpc-default-executor-1] INFO  client.GrpcClientProtocolClient (GrpcClientProtocolClient.java:onNext(264)) - client-8B023739F3BF->b50d6464-f54a-40d1-9f81-f1c19654fd05: receive RaftClientReply:client-8B023739F3BF->b50d6464-f54a-40d1-9f81-f1c19654fd05@group-1F53027F28E3, cid=2564, SUCCESS, logIndex=3608, commits[b50d6464-f54a-40d1-9f81-f1c19654fd05:c3609]
2019-09-12 09:26:24,792 [SCMBlockDeletingService#1] DEBUG block.SCMBlockDeletingService (SCMBlockDeletingService.java:call(138)) - Running DeletedBlockTransactionScanner
2019-09-12 09:26:24,792 [SCMBlockDeletingService#1] DEBUG block.SCMBlockDeletingService (SCMBlockDeletingService.java:call(155)) - Scanned deleted blocks log and got 0 delTX to process.
2019-09-12 09:26:24,896 [SCMBlockDeletingService#1] DEBUG block.SCMBlockDeletingService (SCMBlockDeletingService.java:call(138)) - Running DeletedBlockTransactionScanner
2019-09-12 09:26:24,897 [SCMBlockDeletingService#1] DEBUG block.SCMBlockDeletingService (SCMBlockDeletingService.java:call(155)) - Scanned deleted blocks log and got 0 delTX to process.
2019-09-12 09:26:24,913 [grpc-default-executor-1] INFO  client.GrpcClientProtocolClient (GrpcClientProtocolClient.java:onNext(264)) - client-8B023739F3BF->b50d6464-f54a-40d1-9f81-f1c19654fd05: receive RaftClientReply:client-8B023739F3BF->b50d6464-f54a-40d1-9f81-f1c19654fd05@group-1F53027F28E3, cid=2565, SUCCESS, logIndex=3611, commits[b50d6464-f54a-40d1-9f81-f1c19654fd05:c3612]
2019-09-12 09:26:24,913 [grpc-default-executor-1] INFO  client.GrpcClientProtocolClient (GrpcClientProtocolClient.java:onNext(264)) - client-8B023739F3BF->b50d6464-f54a-40d1-9f81-f1c19654fd05: receive RaftClientReply:client-8B023739F3BF->b50d6464-f54a-40d1-9f81-f1c19654fd05@group-1F53027F28E3, cid=2566, SUCCESS, logIndex=3612, commits[b50d6464-f54a-40d1-9f81-f1c19654fd05:c3614]
2019-09-12 09:26:24,914 [grpc-default-executor-1] INFO  client.GrpcClientProtocolClient (GrpcClientProtocolClient.java:onNext(264)) - client-8B023739F3BF->b50d6464-f54a-40d1-9f81-f1c19654fd05: receive RaftClientReply:client-8B023739F3BF->b50d6464-f54a-40d1-9f81-f1c19654fd05@group-1F53027F28E3, cid=2567, SUCCESS, logIndex=3613, commits[b50d6464-f54a-40d1-9f81-f1c19654fd05:c3614]
2019-09-12 09:26:24,914 [grpc-default-executor-1] INFO  client.GrpcClientProtocolClient (GrpcClientProtocolClient.java:onNext(264)) - client-8B023739F3BF->b50d6464-f54a-40d1-9f81-f1c19654fd05: receive RaftClientReply:client-8B023739F3BF->b50d6464-f54a-40d1-9f81-f1c19654fd05@group-1F53027F28E3, cid=2568, SUCCESS, logIndex=3614, commits[b50d6464-f54a-40d1-9f81-f1c19654fd05:c3615]
2019-09-12 09:26:24,945 [grpc-default-executor-1] INFO  client.GrpcClientProtocolClient (GrpcClientProtocolClient.java:onNext(264)) - client-8B023739F3BF->b50d6464-f54a-40d1-9f81-f1c19654fd05: receive RaftClientReply:client-8B023739F3BF->b50d6464-f54a-40d1-9f81-f1c19654fd05@group-1F53027F28E3, cid=2569, SUCCESS, logIndex=3617, commits[b50d6464-f54a-40d1-9f81-f1c19654fd05:c3618]
2019-09-12 09:26:24,945 [grpc-default-executor-1] INFO  client.GrpcClientProtocolClient (GrpcClientProtocolClient.java:onNext(264)) - client-8B023739F3BF->b50d6464-f54a-40d1-9f81-f1c19654fd05: receive RaftClientReply:client-8B023739F3BF->b50d6464-f54a-40d1-9f81-f1c19654fd05@group-1F53027F28E3, cid=2570, SUCCESS, logIndex=3618, commits[b50d6464-f54a-40d1-9f81-f1c19654fd05:c3618]
2019-09-12 09:26:24,946 [grpc-default-executor-1] INFO  client.GrpcClientProtocolClient (GrpcClientProtocolClient.java:onNext(264)) - client-8B023739F3BF->b50d6464-f54a-40d1-9f81-f1c19654fd05: receive RaftClientReply:client-8B023739F3BF->b50d6464-f54a-40d1-9f81-f1c19654fd05@group-1F53027F28E3, cid=2571, SUCCESS, logIndex=3619, commits[b50d6464-f54a-40d1-9f81-f1c19654fd05:c3620]
2019-09-12 09:26:24,946 [grpc-default-executor-1] INFO  client.GrpcClientProtocolClient (GrpcClientProtocolClient.java:onNext(264)) - client-8B023739F3BF->b50d6464-f54a-40d1-9f81-f1c19654fd05: receive RaftClientReply:client-8B023739F3BF->b50d6464-f54a-40d1-9f81-f1c19654fd05@group-1F53027F28E3, cid=2572, SUCCESS, logIndex=3620, commits[b50d6464-f54a-40d1-9f81-f1c19654fd05:c3621]
2019-09-12 09:26:24,961 [grpc-default-executor-2] INFO  client.GrpcClientProtocolClient (GrpcClientProtocolClient.java:onNext(264)) - client-8B023739F3BF->b50d6464-f54a-40d1-9f81-f1c19654fd05: receive RaftClientReply:client-8B023739F3BF->b50d6464-f54a-40d1-9f81-f1c19654fd05@group-1F53027F28E3, cid=2573, SUCCESS, logIndex=3623, commits[b50d6464-f54a-40d1-9f81-f1c19654fd05:c3624]
2019-09-12 09:26:24,961 [grpc-default-executor-2] INFO  client.GrpcClientProtocolClient (GrpcClientProtocolClient.java:onNext(264)) - client-8B023739F3BF->b50d6464-f54a-40d1-9f81-f1c19654fd05: receive RaftClientReply:client-8B023739F3BF->b50d6464-f54a-40d1-9f81-f1c19654fd05@group-1F53027F28E3, cid=2574, SUCCESS, logIndex=3624, commits[b50d6464-f54a-40d1-9f81-f1c19654fd05:c3624]
2019-09-12 09:26:24,962 [grpc-default-executor-2] INFO  client.GrpcClientProtocolClient (GrpcClientProtocolClient.java:onNext(264)) - client-8B023739F3BF->b50d6464-f54a-40d1-9f81-f1c19654fd05: receive RaftClientReply:client-8B023739F3BF->b50d6464-f54a-40d1-9f81-f1c19654fd05@group-1F53027F28E3, cid=2575, SUCCESS, logIndex=3625, commits[b50d6464-f54a-40d1-9f81-f1c19654fd05:c3626]
2019-09-12 09:26:24,962 [grpc-default-executor-2] INFO  client.GrpcClientProtocolClient (GrpcClientProtocolClient.java:onNext(264)) - client-8B023739F3BF->b50d6464-f54a-40d1-9f81-f1c19654fd05: receive RaftClientReply:client-8B023739F3BF->b50d6464-f54a-40d1-9f81-f1c19654fd05@group-1F53027F28E3, cid=2576, SUCCESS, logIndex=3626, commits[b50d6464-f54a-40d1-9f81-f1c19654fd05:c3627]
2019-09-12 09:26:24,988 [grpc-default-executor-2] INFO  client.GrpcClientProtocolClient (GrpcClientProtocolClient.java:onNext(264)) - client-8B023739F3BF->b50d6464-f54a-40d1-9f81-f1c19654fd05: receive RaftClientReply:client-8B023739F3BF->b50d6464-f54a-40d1-9f81-f1c19654fd05@group-1F53027F28E3, cid=2577, SUCCESS, logIndex=3629, commits[b50d6464-f54a-40d1-9f81-f1c19654fd05:c3630]
2019-09-12 09:26:24,989 [grpc-default-executor-2] INFO  client.GrpcClientProtocolClient (GrpcClientProtocolClient.java:onNext(264)) - client-8B023739F3BF->b50d6464-f54a-40d1-9f81-f1c19654fd05: receive RaftClientReply:client-8B023739F3BF->b50d6464-f54a-40d1-9f81-f1c19654fd05@group-1F53027F28E3, cid=2578, SUCCESS, logIndex=3630, commits[b50d6464-f54a-40d1-9f81-f1c19654fd05:c3630]
2019-09-12 09:26:24,989 [grpc-default-executor-2] INFO  client.GrpcClientProtocolClient (GrpcClientProtocolClient.java:onNext(264)) - client-8B023739F3BF->b50d6464-f54a-40d1-9f81-f1c19654fd05: receive RaftClientReply:client-8B023739F3BF->b50d6464-f54a-40d1-9f81-f1c19654fd05@group-1F53027F28E3, cid=2579, SUCCESS, logIndex=3631, commits[b50d6464-f54a-40d1-9f81-f1c19654fd05:c3632]
2019-09-12 09:26:24,989 [grpc-default-executor-2] INFO  client.GrpcClientProtocolClient (GrpcClientProtocolClient.java:onNext(264)) - client-8B023739F3BF->b50d6464-f54a-40d1-9f81-f1c19654fd05: receive RaftClientReply:client-8B023739F3BF->b50d6464-f54a-40d1-9f81-f1c19654fd05@group-1F53027F28E3, cid=2580, SUCCESS, logIndex=3632, commits[b50d6464-f54a-40d1-9f81-f1c19654fd05:c3632]
2019-09-12 09:26:24,997 [SCMBlockDeletingService#1] DEBUG block.SCMBlockDeletingService (SCMBlockDeletingService.java:call(138)) - Running DeletedBlockTransactionScanner
2019-09-12 09:26:24,997 [SCMBlockDeletingService#1] DEBUG block.SCMBlockDeletingService (SCMBlockDeletingService.java:call(155)) - Scanned deleted blocks log and got 0 delTX to process.
2019-09-12 09:26:25,004 [grpc-default-executor-2] INFO  client.GrpcClientProtocolClient (GrpcClientProtocolClient.java:onNext(264)) - client-8B023739F3BF->b50d6464-f54a-40d1-9f81-f1c19654fd05: receive RaftClientReply:client-8B023739F3BF->b50d6464-f54a-40d1-9f81-f1c19654fd05@group-1F53027F28E3, cid=2581, SUCCESS, logIndex=3635, commits[b50d6464-f54a-40d1-9f81-f1c19654fd05:c3636]
2019-09-12 09:26:25,005 [grpc-default-executor-2] INFO  client.GrpcClientProtocolClient (GrpcClientProtocolClient.java:onNext(264)) - client-8B023739F3BF->b50d6464-f54a-40d1-9f81-f1c19654fd05: receive RaftClientReply:client-8B023739F3BF->b50d6464-f54a-40d1-9f81-f1c19654fd05@group-1F53027F28E3, cid=2582, SUCCESS, logIndex=3636, commits[b50d6464-f54a-40d1-9f81-f1c19654fd05:c3636]
2019-09-12 09:26:25,005 [grpc-default-executor-2] INFO  client.GrpcClientProtocolClient (GrpcClientProtocolClient.java:onNext(264)) - client-8B023739F3BF->b50d6464-f54a-40d1-9f81-f1c19654fd05: receive RaftClientReply:client-8B023739F3BF->b50d6464-f54a-40d1-9f81-f1c19654fd05@group-1F53027F28E3, cid=2583, SUCCESS, logIndex=3637, commits[b50d6464-f54a-40d1-9f81-f1c19654fd05:c3638]
2019-09-12 09:26:25,005 [grpc-default-executor-2] INFO  client.GrpcClientProtocolClient (GrpcClientProtocolClient.java:onNext(264)) - client-8B023739F3BF->b50d6464-f54a-40d1-9f81-f1c19654fd05: receive RaftClientReply:client-8B023739F3BF->b50d6464-f54a-40d1-9f81-f1c19654fd05@group-1F53027F28E3, cid=2584, SUCCESS, logIndex=3638, commits[b50d6464-f54a-40d1-9f81-f1c19654fd05:c3638]
2019-09-12 09:26:25,032 [grpc-default-executor-1] INFO  client.GrpcClientProtocolClient (GrpcClientProtocolClient.java:onNext(264)) - client-8B023739F3BF->b50d6464-f54a-40d1-9f81-f1c19654fd05: receive RaftClientReply:client-8B023739F3BF->b50d6464-f54a-40d1-9f81-f1c19654fd05@group-1F53027F28E3, cid=2585, SUCCESS, logIndex=3641, commits[b50d6464-f54a-40d1-9f81-f1c19654fd05:c3642]
2019-09-12 09:26:25,032 [grpc-default-executor-1] INFO  client.GrpcClientProtocolClient (GrpcClientProtocolClient.java:onNext(264)) - client-8B023739F3BF->b50d6464-f54a-40d1-9f81-f1c19654fd05: receive RaftClientReply:client-8B023739F3BF->b50d6464-f54a-40d1-9f81-f1c19654fd05@group-1F53027F28E3, cid=2586, SUCCESS, logIndex=3642, commits[b50d6464-f54a-40d1-9f81-f1c19654fd05:c3642]
2019-09-12 09:26:25,033 [grpc-default-executor-1] INFO  client.GrpcClientProtocolClient (GrpcClientProtocolClient.java:onNext(264)) - client-8B023739F3BF->b50d6464-f54a-40d1-9f81-f1c19654fd05: receive RaftClientReply:client-8B023739F3BF->b50d6464-f54a-40d1-9f81-f1c19654fd05@group-1F53027F28E3, cid=2587, SUCCESS, logIndex=3643, commits[b50d6464-f54a-40d1-9f81-f1c19654fd05:c3644]
2019-09-12 09:26:25,033 [grpc-default-executor-1] INFO  client.GrpcClientProtocolClient (GrpcClientProtocolClient.java:onNext(264)) - client-8B023739F3BF->b50d6464-f54a-40d1-9f81-f1c19654fd05: receive RaftClientReply:client-8B023739F3BF->b50d6464-f54a-40d1-9f81-f1c19654fd05@group-1F53027F28E3, cid=2588, SUCCESS, logIndex=3644, commits[b50d6464-f54a-40d1-9f81-f1c19654fd05:c3645]
2019-09-12 09:26:25,052 [grpc-default-executor-2] INFO  client.GrpcClientProtocolClient (GrpcClientProtocolClient.java:onNext(264)) - client-8B023739F3BF->b50d6464-f54a-40d1-9f81-f1c19654fd05: receive RaftClientReply:client-8B023739F3BF->b50d6464-f54a-40d1-9f81-f1c19654fd05@group-1F53027F28E3, cid=2589, SUCCESS, logIndex=3647, commits[b50d6464-f54a-40d1-9f81-f1c19654fd05:c3648]
2019-09-12 09:26:25,053 [grpc-default-executor-2] INFO  client.GrpcClientProtocolClient (GrpcClientProtocolClient.java:onNext(264)) - client-8B023739F3BF->b50d6464-f54a-40d1-9f81-f1c19654fd05: receive RaftClientReply:client-8B023739F3BF->b50d6464-f54a-40d1-9f81-f1c19654fd05@group-1F53027F28E3, cid=2590, SUCCESS, logIndex=3648, commits[b50d6464-f54a-40d1-9f81-f1c19654fd05:c3648]
2019-09-12 09:26:25,054 [grpc-default-executor-2] INFO  client.GrpcClientProtocolClient (GrpcClientProtocolClient.java:onNext(264)) - client-8B023739F3BF->b50d6464-f54a-40d1-9f81-f1c19654fd05: receive RaftClientReply:client-8B023739F3BF->b50d6464-f54a-40d1-9f81-f1c19654fd05@group-1F53027F28E3, cid=2591, SUCCESS, logIndex=3649, commits[b50d6464-f54a-40d1-9f81-f1c19654fd05:c3650]
2019-09-12 09:26:25,054 [grpc-default-executor-2] INFO  client.GrpcClientProtocolClient (GrpcClientProtocolClient.java:onNext(264)) - client-8B023739F3BF->b50d6464-f54a-40d1-9f81-f1c19654fd05: receive RaftClientReply:client-8B023739F3BF->b50d6464-f54a-40d1-9f81-f1c19654fd05@group-1F53027F28E3, cid=2592, SUCCESS, logIndex=3650, commits[b50d6464-f54a-40d1-9f81-f1c19654fd05:c3650]
2019-09-12 09:26:25,083 [grpc-default-executor-1] INFO  client.GrpcClientProtocolClient (GrpcClientProtocolClient.java:onNext(264)) - client-8B023739F3BF->b50d6464-f54a-40d1-9f81-f1c19654fd05: receive RaftClientReply:client-8B023739F3BF->b50d6464-f54a-40d1-9f81-f1c19654fd05@group-1F53027F28E3, cid=2593, SUCCESS, logIndex=3653, commits[b50d6464-f54a-40d1-9f81-f1c19654fd05:c3654]
2019-09-12 09:26:25,084 [grpc-default-executor-1] INFO  client.GrpcClientProtocolClient (GrpcClientProtocolClient.java:onNext(264)) - client-8B023739F3BF->b50d6464-f54a-40d1-9f81-f1c19654fd05: receive RaftClientReply:client-8B023739F3BF->b50d6464-f54a-40d1-9f81-f1c19654fd05@group-1F53027F28E3, cid=2594, SUCCESS, logIndex=3654, commits[b50d6464-f54a-40d1-9f81-f1c19654fd05:c3654]
2019-09-12 09:26:25,084 [grpc-default-executor-1] INFO  client.GrpcClientProtocolClient (GrpcClientProtocolClient.java:onNext(264)) - client-8B023739F3BF->b50d6464-f54a-40d1-9f81-f1c19654fd05: receive RaftClientReply:client-8B023739F3BF->b50d6464-f54a-40d1-9f81-f1c19654fd05@group-1F53027F28E3, cid=2595, SUCCESS, logIndex=3655, commits[b50d6464-f54a-40d1-9f81-f1c19654fd05:c3656]
2019-09-12 09:26:25,085 [grpc-default-executor-1] INFO  client.GrpcClientProtocolClient (GrpcClientProtocolClient.java:onNext(264)) - client-8B023739F3BF->b50d6464-f54a-40d1-9f81-f1c19654fd05: receive RaftClientReply:client-8B023739F3BF->b50d6464-f54a-40d1-9f81-f1c19654fd05@group-1F53027F28E3, cid=2596, SUCCESS, logIndex=3656, commits[b50d6464-f54a-40d1-9f81-f1c19654fd05:c3657]
2019-09-12 09:26:25,098 [SCMBlockDeletingService#1] DEBUG block.SCMBlockDeletingService (SCMBlockDeletingService.java:call(138)) - Running DeletedBlockTransactionScanner
2019-09-12 09:26:25,098 [SCMBlockDeletingService#1] DEBUG block.SCMBlockDeletingService (SCMBlockDeletingService.java:call(155)) - Scanned deleted blocks log and got 0 delTX to process.
2019-09-12 09:26:25,100 [grpc-default-executor-1] INFO  client.GrpcClientProtocolClient (GrpcClientProtocolClient.java:onNext(264)) - client-8B023739F3BF->b50d6464-f54a-40d1-9f81-f1c19654fd05: receive RaftClientReply:client-8B023739F3BF->b50d6464-f54a-40d1-9f81-f1c19654fd05@group-1F53027F28E3, cid=2597, SUCCESS, logIndex=3659, commits[b50d6464-f54a-40d1-9f81-f1c19654fd05:c3660]
2019-09-12 09:26:25,101 [grpc-default-executor-1] INFO  client.GrpcClientProtocolClient (GrpcClientProtocolClient.java:onNext(264)) - client-8B023739F3BF->b50d6464-f54a-40d1-9f81-f1c19654fd05: receive RaftClientReply:client-8B023739F3BF->b50d6464-f54a-40d1-9f81-f1c19654fd05@group-1F53027F28E3, cid=2598, SUCCESS, logIndex=3660, commits[b50d6464-f54a-40d1-9f81-f1c19654fd05:c3660]
2019-09-12 09:26:25,103 [grpc-default-executor-1] INFO  client.GrpcClientProtocolClient (GrpcClientProtocolClient.java:onNext(264)) - client-8B023739F3BF->b50d6464-f54a-40d1-9f81-f1c19654fd05: receive RaftClientReply:client-8B023739F3BF->b50d6464-f54a-40d1-9f81-f1c19654fd05@group-1F53027F28E3, cid=2599, SUCCESS, logIndex=3661, commits[b50d6464-f54a-40d1-9f81-f1c19654fd05:c3662]
2019-09-12 09:26:25,103 [grpc-default-executor-1] INFO  client.GrpcClientProtocolClient (GrpcClientProtocolClient.java:onNext(264)) - client-8B023739F3BF->b50d6464-f54a-40d1-9f81-f1c19654fd05: receive RaftClientReply:client-8B023739F3BF->b50d6464-f54a-40d1-9f81-f1c19654fd05@group-1F53027F28E3, cid=2600, SUCCESS, logIndex=3662, commits[b50d6464-f54a-40d1-9f81-f1c19654fd05:c3662]
2019-09-12 09:26:25,135 [grpc-default-executor-1] INFO  client.GrpcClientProtocolClient (GrpcClientProtocolClient.java:onNext(264)) - client-8B023739F3BF->b50d6464-f54a-40d1-9f81-f1c19654fd05: receive RaftClientReply:client-8B023739F3BF->b50d6464-f54a-40d1-9f81-f1c19654fd05@group-1F53027F28E3, cid=2601, SUCCESS, logIndex=3665, commits[b50d6464-f54a-40d1-9f81-f1c19654fd05:c3666]
2019-09-12 09:26:25,135 [grpc-default-executor-1] INFO  client.GrpcClientProtocolClient (GrpcClientProtocolClient.java:onNext(264)) - client-8B023739F3BF->b50d6464-f54a-40d1-9f81-f1c19654fd05: receive RaftClientReply:client-8B023739F3BF->b50d6464-f54a-40d1-9f81-f1c19654fd05@group-1F53027F28E3, cid=2602, SUCCESS, logIndex=3666, commits[b50d6464-f54a-40d1-9f81-f1c19654fd05:c3666]
2019-09-12 09:26:25,135 [grpc-default-executor-1] INFO  client.GrpcClientProtocolClient (GrpcClientProtocolClient.java:onNext(264)) - client-8B023739F3BF->b50d6464-f54a-40d1-9f81-f1c19654fd05: receive RaftClientReply:client-8B023739F3BF->b50d6464-f54a-40d1-9f81-f1c19654fd05@group-1F53027F28E3, cid=2603, SUCCESS, logIndex=3667, commits[b50d6464-f54a-40d1-9f81-f1c19654fd05:c3668]
2019-09-12 09:26:25,136 [grpc-default-executor-1] INFO  client.GrpcClientProtocolClient (GrpcClientProtocolClient.java:onNext(264)) - client-8B023739F3BF->b50d6464-f54a-40d1-9f81-f1c19654fd05: receive RaftClientReply:client-8B023739F3BF->b50d6464-f54a-40d1-9f81-f1c19654fd05@group-1F53027F28E3, cid=2604, SUCCESS, logIndex=3668, commits[b50d6464-f54a-40d1-9f81-f1c19654fd05:c3668]
2019-09-12 09:26:25,153 [grpc-default-executor-1] INFO  client.GrpcClientProtocolClient (GrpcClientProtocolClient.java:onNext(264)) - client-8B023739F3BF->b50d6464-f54a-40d1-9f81-f1c19654fd05: receive RaftClientReply:client-8B023739F3BF->b50d6464-f54a-40d1-9f81-f1c19654fd05@group-1F53027F28E3, cid=2605, SUCCESS, logIndex=3671, commits[b50d6464-f54a-40d1-9f81-f1c19654fd05:c3674]
2019-09-12 09:26:25,154 [grpc-default-executor-1] INFO  client.GrpcClientProtocolClient (GrpcClientProtocolClient.java:onNext(264)) - client-8B023739F3BF->b50d6464-f54a-40d1-9f81-f1c19654fd05: receive RaftClientReply:client-8B023739F3BF->b50d6464-f54a-40d1-9f81-f1c19654fd05@group-1F53027F28E3, cid=2606, SUCCESS, logIndex=3672, commits[b50d6464-f54a-40d1-9f81-f1c19654fd05:c3674]
2019-09-12 09:26:25,154 [grpc-default-executor-1] INFO  client.GrpcClientProtocolClient (GrpcClientProtocolClient.java:onNext(264)) - client-8B023739F3BF->b50d6464-f54a-40d1-9f81-f1c19654fd05: receive RaftClientReply:client-8B023739F3BF->b50d6464-f54a-40d1-9f81-f1c19654fd05@group-1F53027F28E3, cid=2607, SUCCESS, logIndex=3673, commits[b50d6464-f54a-40d1-9f81-f1c19654fd05:c3675]
2019-09-12 09:26:25,155 [grpc-default-executor-1] INFO  client.GrpcClientProtocolClient (GrpcClientProtocolClient.java:onNext(264)) - client-8B023739F3BF->b50d6464-f54a-40d1-9f81-f1c19654fd05: receive RaftClientReply:client-8B023739F3BF->b50d6464-f54a-40d1-9f81-f1c19654fd05@group-1F53027F28E3, cid=2608, SUCCESS, logIndex=3674, commits[b50d6464-f54a-40d1-9f81-f1c19654fd05:c3675]
2019-09-12 09:26:25,198 [SCMBlockDeletingService#1] DEBUG block.SCMBlockDeletingService (SCMBlockDeletingService.java:call(138)) - Running DeletedBlockTransactionScanner
2019-09-12 09:26:25,198 [SCMBlockDeletingService#1] DEBUG block.SCMBlockDeletingService (SCMBlockDeletingService.java:call(155)) - Scanned deleted blocks log and got 0 delTX to process.
2019-09-12 09:26:25,274 [grpc-default-executor-1] INFO  client.GrpcClientProtocolClient (GrpcClientProtocolClient.java:onNext(264)) - client-8B023739F3BF->b50d6464-f54a-40d1-9f81-f1c19654fd05: receive RaftClientReply:client-8B023739F3BF->b50d6464-f54a-40d1-9f81-f1c19654fd05@group-1F53027F28E3, cid=2609, SUCCESS, logIndex=3676, commits[b50d6464-f54a-40d1-9f81-f1c19654fd05:c3679]
2019-09-12 09:26:25,275 [grpc-default-executor-1] INFO  client.GrpcClientProtocolClient (GrpcClientProtocolClient.java:onNext(264)) - client-8B023739F3BF->b50d6464-f54a-40d1-9f81-f1c19654fd05: receive RaftClientReply:client-8B023739F3BF->b50d6464-f54a-40d1-9f81-f1c19654fd05@group-1F53027F28E3, cid=2610, SUCCESS, logIndex=3677, commits[b50d6464-f54a-40d1-9f81-f1c19654fd05:c3680]
2019-09-12 09:26:25,275 [grpc-default-executor-1] INFO  client.GrpcClientProtocolClient (GrpcClientProtocolClient.java:onNext(264)) - client-8B023739F3BF->b50d6464-f54a-40d1-9f81-f1c19654fd05: receive RaftClientReply:client-8B023739F3BF->b50d6464-f54a-40d1-9f81-f1c19654fd05@group-1F53027F28E3, cid=2611, SUCCESS, logIndex=3678, commits[b50d6464-f54a-40d1-9f81-f1c19654fd05:c3680]
2019-09-12 09:26:25,276 [grpc-default-executor-1] INFO  client.GrpcClientProtocolClient (GrpcClientProtocolClient.java:onNext(264)) - client-8B023739F3BF->b50d6464-f54a-40d1-9f81-f1c19654fd05: receive RaftClientReply:client-8B023739F3BF->b50d6464-f54a-40d1-9f81-f1c19654fd05@group-1F53027F28E3, cid=2612, SUCCESS, logIndex=3679, commits[b50d6464-f54a-40d1-9f81-f1c19654fd05:c3680]
2019-09-12 09:26:25,299 [SCMBlockDeletingService#0] DEBUG block.SCMBlockDeletingService (SCMBlockDeletingService.java:call(138)) - Running DeletedBlockTransactionScanner
2019-09-12 09:26:25,299 [SCMBlockDeletingService#0] DEBUG block.SCMBlockDeletingService (SCMBlockDeletingService.java:call(155)) - Scanned deleted blocks log and got 0 delTX to process.
2019-09-12 09:26:25,319 [grpc-default-executor-2] INFO  client.GrpcClientProtocolClient (GrpcClientProtocolClient.java:onNext(264)) - client-8B023739F3BF->b50d6464-f54a-40d1-9f81-f1c19654fd05: receive RaftClientReply:client-8B023739F3BF->b50d6464-f54a-40d1-9f81-f1c19654fd05@group-1F53027F28E3, cid=2613, SUCCESS, logIndex=3681, commits[b50d6464-f54a-40d1-9f81-f1c19654fd05:c3684]
2019-09-12 09:26:25,319 [grpc-default-executor-2] INFO  client.GrpcClientProtocolClient (GrpcClientProtocolClient.java:onNext(264)) - client-8B023739F3BF->b50d6464-f54a-40d1-9f81-f1c19654fd05: receive RaftClientReply:client-8B023739F3BF->b50d6464-f54a-40d1-9f81-f1c19654fd05@group-1F53027F28E3, cid=2614, SUCCESS, logIndex=3682, commits[b50d6464-f54a-40d1-9f81-f1c19654fd05:c3684]
2019-09-12 09:26:25,320 [grpc-default-executor-2] INFO  client.GrpcClientProtocolClient (GrpcClientProtocolClient.java:onNext(264)) - client-8B023739F3BF->b50d6464-f54a-40d1-9f81-f1c19654fd05: receive RaftClientReply:client-8B023739F3BF->b50d6464-f54a-40d1-9f81-f1c19654fd05@group-1F53027F28E3, cid=2615, SUCCESS, logIndex=3683, commits[b50d6464-f54a-40d1-9f81-f1c19654fd05:c3685]
2019-09-12 09:26:25,320 [grpc-default-executor-2] INFO  client.GrpcClientProtocolClient (GrpcClientProtocolClient.java:onNext(264)) - client-8B023739F3BF->b50d6464-f54a-40d1-9f81-f1c19654fd05: receive RaftClientReply:client-8B023739F3BF->b50d6464-f54a-40d1-9f81-f1c19654fd05@group-1F53027F28E3, cid=2616, SUCCESS, logIndex=3684, commits[b50d6464-f54a-40d1-9f81-f1c19654fd05:c3685]
2019-09-12 09:26:25,349 [grpc-default-executor-2] INFO  client.GrpcClientProtocolClient (GrpcClientProtocolClient.java:onNext(264)) - client-8B023739F3BF->b50d6464-f54a-40d1-9f81-f1c19654fd05: receive RaftClientReply:client-8B023739F3BF->b50d6464-f54a-40d1-9f81-f1c19654fd05@group-1F53027F28E3, cid=2617, SUCCESS, logIndex=3686, commits[b50d6464-f54a-40d1-9f81-f1c19654fd05:c3689]
2019-09-12 09:26:25,350 [grpc-default-executor-2] INFO  client.GrpcClientProtocolClient (GrpcClientProtocolClient.java:onNext(264)) - client-8B023739F3BF->b50d6464-f54a-40d1-9f81-f1c19654fd05: receive RaftClientReply:client-8B023739F3BF->b50d6464-f54a-40d1-9f81-f1c19654fd05@group-1F53027F28E3, cid=2618, SUCCESS, logIndex=3687, commits[b50d6464-f54a-40d1-9f81-f1c19654fd05:c3689]
2019-09-12 09:26:25,350 [grpc-default-executor-2] INFO  client.GrpcClientProtocolClient (GrpcClientProtocolClient.java:onNext(264)) - client-8B023739F3BF->b50d6464-f54a-40d1-9f81-f1c19654fd05: receive RaftClientReply:client-8B023739F3BF->b50d6464-f54a-40d1-9f81-f1c19654fd05@group-1F53027F28E3, cid=2619, SUCCESS, logIndex=3688, commits[b50d6464-f54a-40d1-9f81-f1c19654fd05:c3690]
2019-09-12 09:26:25,350 [grpc-default-executor-2] INFO  client.GrpcClientProtocolClient (GrpcClientProtocolClient.java:onNext(264)) - client-8B023739F3BF->b50d6464-f54a-40d1-9f81-f1c19654fd05: receive RaftClientReply:client-8B023739F3BF->b50d6464-f54a-40d1-9f81-f1c19654fd05@group-1F53027F28E3, cid=2620, SUCCESS, logIndex=3689, commits[b50d6464-f54a-40d1-9f81-f1c19654fd05:c3691]
2019-09-12 09:26:25,376 [grpc-default-executor-1] INFO  client.GrpcClientProtocolClient (GrpcClientProtocolClient.java:onNext(264)) - client-8B023739F3BF->b50d6464-f54a-40d1-9f81-f1c19654fd05: receive RaftClientReply:client-8B023739F3BF->b50d6464-f54a-40d1-9f81-f1c19654fd05@group-1F53027F28E3, cid=2621, SUCCESS, logIndex=3692, commits[b50d6464-f54a-40d1-9f81-f1c19654fd05:c3695]
2019-09-12 09:26:25,377 [grpc-default-executor-1] INFO  client.GrpcClientProtocolClient (GrpcClientProtocolClient.java:onNext(264)) - client-8B023739F3BF->b50d6464-f54a-40d1-9f81-f1c19654fd05: receive RaftClientReply:client-8B023739F3BF->b50d6464-f54a-40d1-9f81-f1c19654fd05@group-1F53027F28E3, cid=2622, SUCCESS, logIndex=3693, commits[b50d6464-f54a-40d1-9f81-f1c19654fd05:c3696]
2019-09-12 09:26:25,377 [grpc-default-executor-1] INFO  client.GrpcClientProtocolClient (GrpcClientProtocolClient.java:onNext(264)) - client-8B023739F3BF->b50d6464-f54a-40d1-9f81-f1c19654fd05: receive RaftClientReply:client-8B023739F3BF->b50d6464-f54a-40d1-9f81-f1c19654fd05@group-1F53027F28E3, cid=2623, SUCCESS, logIndex=3694, commits[b50d6464-f54a-40d1-9f81-f1c19654fd05:c3696]
2019-09-12 09:26:25,377 [grpc-default-executor-1] INFO  client.GrpcClientProtocolClient (GrpcClientProtocolClient.java:onNext(264)) - client-8B023739F3BF->b50d6464-f54a-40d1-9f81-f1c19654fd05: receive RaftClientReply:client-8B023739F3BF->b50d6464-f54a-40d1-9f81-f1c19654fd05@group-1F53027F28E3, cid=2624, SUCCESS, logIndex=3695, commits[b50d6464-f54a-40d1-9f81-f1c19654fd05:c3696]
2019-09-12 09:26:25,399 [SCMBlockDeletingService#1] DEBUG block.SCMBlockDeletingService (SCMBlockDeletingService.java:call(138)) - Running DeletedBlockTransactionScanner
2019-09-12 09:26:25,399 [SCMBlockDeletingService#1] DEBUG block.SCMBlockDeletingService (SCMBlockDeletingService.java:call(155)) - Scanned deleted blocks log and got 0 delTX to process.
2019-09-12 09:26:25,409 [grpc-default-executor-1] INFO  client.GrpcClientProtocolClient (GrpcClientProtocolClient.java:onNext(264)) - client-8B023739F3BF->b50d6464-f54a-40d1-9f81-f1c19654fd05: receive RaftClientReply:client-8B023739F3BF->b50d6464-f54a-40d1-9f81-f1c19654fd05@group-1F53027F28E3, cid=2625, SUCCESS, logIndex=3697, commits[b50d6464-f54a-40d1-9f81-f1c19654fd05:c3698]
2019-09-12 09:26:25,410 [grpc-default-executor-1] INFO  client.GrpcClientProtocolClient (GrpcClientProtocolClient.java:onNext(264)) - client-8B023739F3BF->b50d6464-f54a-40d1-9f81-f1c19654fd05: receive RaftClientReply:client-8B023739F3BF->b50d6464-f54a-40d1-9f81-f1c19654fd05@group-1F53027F28E3, cid=2626, SUCCESS, logIndex=3698, commits[b50d6464-f54a-40d1-9f81-f1c19654fd05:c3700]
2019-09-12 09:26:25,410 [grpc-default-executor-1] INFO  client.GrpcClientProtocolClient (GrpcClientProtocolClient.java:onNext(264)) - client-8B023739F3BF->b50d6464-f54a-40d1-9f81-f1c19654fd05: receive RaftClientReply:client-8B023739F3BF->b50d6464-f54a-40d1-9f81-f1c19654fd05@group-1F53027F28E3, cid=2627, SUCCESS, logIndex=3699, commits[b50d6464-f54a-40d1-9f81-f1c19654fd05:c3701]
2019-09-12 09:26:25,411 [grpc-default-executor-1] INFO  client.GrpcClientProtocolClient (GrpcClientProtocolClient.java:onNext(264)) - client-8B023739F3BF->b50d6464-f54a-40d1-9f81-f1c19654fd05: receive RaftClientReply:client-8B023739F3BF->b50d6464-f54a-40d1-9f81-f1c19654fd05@group-1F53027F28E3, cid=2628, SUCCESS, logIndex=3700, commits[b50d6464-f54a-40d1-9f81-f1c19654fd05:c3701]
2019-09-12 09:26:25,431 [grpc-default-executor-2] INFO  client.GrpcClientProtocolClient (GrpcClientProtocolClient.java:onNext(264)) - client-8B023739F3BF->b50d6464-f54a-40d1-9f81-f1c19654fd05: receive RaftClientReply:client-8B023739F3BF->b50d6464-f54a-40d1-9f81-f1c19654fd05@group-1F53027F28E3, cid=2629, SUCCESS, logIndex=3703, commits[b50d6464-f54a-40d1-9f81-f1c19654fd05:c3704]
2019-09-12 09:26:25,432 [grpc-default-executor-2] INFO  client.GrpcClientProtocolClient (GrpcClientProtocolClient.java:onNext(264)) - client-8B023739F3BF->b50d6464-f54a-40d1-9f81-f1c19654fd05: receive RaftClientReply:client-8B023739F3BF->b50d6464-f54a-40d1-9f81-f1c19654fd05@group-1F53027F28E3, cid=2630, SUCCESS, logIndex=3704, commits[b50d6464-f54a-40d1-9f81-f1c19654fd05:c3704]
2019-09-12 09:26:25,432 [grpc-default-executor-2] INFO  client.GrpcClientProtocolClient (GrpcClientProtocolClient.java:onNext(264)) - client-8B023739F3BF->b50d6464-f54a-40d1-9f81-f1c19654fd05: receive RaftClientReply:client-8B023739F3BF->b50d6464-f54a-40d1-9f81-f1c19654fd05@group-1F53027F28E3, cid=2631, SUCCESS, logIndex=3705, commits[b50d6464-f54a-40d1-9f81-f1c19654fd05:c3706]
2019-09-12 09:26:25,432 [grpc-default-executor-2] INFO  client.GrpcClientProtocolClient (GrpcClientProtocolClient.java:onNext(264)) - client-8B023739F3BF->b50d6464-f54a-40d1-9f81-f1c19654fd05: receive RaftClientReply:client-8B023739F3BF->b50d6464-f54a-40d1-9f81-f1c19654fd05@group-1F53027F28E3, cid=2632, SUCCESS, logIndex=3706, commits[b50d6464-f54a-40d1-9f81-f1c19654fd05:c3707]
2019-09-12 09:26:25,462 [grpc-default-executor-1] INFO  client.GrpcClientProtocolClient (GrpcClientProtocolClient.java:onNext(264)) - client-8B023739F3BF->b50d6464-f54a-40d1-9f81-f1c19654fd05: receive RaftClientReply:client-8B023739F3BF->b50d6464-f54a-40d1-9f81-f1c19654fd05@group-1F53027F28E3, cid=2633, SUCCESS, logIndex=3709, commits[b50d6464-f54a-40d1-9f81-f1c19654fd05:c3710]
2019-09-12 09:26:25,462 [grpc-default-executor-1] INFO  client.GrpcClientProtocolClient (GrpcClientProtocolClient.java:onNext(264)) - client-8B023739F3BF->b50d6464-f54a-40d1-9f81-f1c19654fd05: receive RaftClientReply:client-8B023739F3BF->b50d6464-f54a-40d1-9f81-f1c19654fd05@group-1F53027F28E3, cid=2634, SUCCESS, logIndex=3710, commits[b50d6464-f54a-40d1-9f81-f1c19654fd05:c3712]
2019-09-12 09:26:25,463 [grpc-default-executor-1] INFO  client.GrpcClientProtocolClient (GrpcClientProtocolClient.java:onNext(264)) - client-8B023739F3BF->b50d6464-f54a-40d1-9f81-f1c19654fd05: receive RaftClientReply:client-8B023739F3BF->b50d6464-f54a-40d1-9f81-f1c19654fd05@group-1F53027F28E3, cid=2635, SUCCESS, logIndex=3711, commits[b50d6464-f54a-40d1-9f81-f1c19654fd05:c3712]
2019-09-12 09:26:25,463 [grpc-default-executor-1] INFO  client.GrpcClientProtocolClient (GrpcClientProtocolClient.java:onNext(264)) - client-8B023739F3BF->b50d6464-f54a-40d1-9f81-f1c19654fd05: receive RaftClientReply:client-8B023739F3BF->b50d6464-f54a-40d1-9f81-f1c19654fd05@group-1F53027F28E3, cid=2636, SUCCESS, logIndex=3712, commits[b50d6464-f54a-40d1-9f81-f1c19654fd05:c3713]
2019-09-12 09:26:25,482 [grpc-default-executor-2] INFO  client.GrpcClientProtocolClient (GrpcClientProtocolClient.java:onNext(264)) - client-8B023739F3BF->b50d6464-f54a-40d1-9f81-f1c19654fd05: receive RaftClientReply:client-8B023739F3BF->b50d6464-f54a-40d1-9f81-f1c19654fd05@group-1F53027F28E3, cid=2637, SUCCESS, logIndex=3715, commits[b50d6464-f54a-40d1-9f81-f1c19654fd05:c3716]
2019-09-12 09:26:25,482 [grpc-default-executor-2] INFO  client.GrpcClientProtocolClient (GrpcClientProtocolClient.java:onNext(264)) - client-8B023739F3BF->b50d6464-f54a-40d1-9f81-f1c19654fd05: receive RaftClientReply:client-8B023739F3BF->b50d6464-f54a-40d1-9f81-f1c19654fd05@group-1F53027F28E3, cid=2638, SUCCESS, logIndex=3716, commits[b50d6464-f54a-40d1-9f81-f1c19654fd05:c3718]
2019-09-12 09:26:25,482 [grpc-default-executor-2] INFO  client.GrpcClientProtocolClient (GrpcClientProtocolClient.java:onNext(264)) - client-8B023739F3BF->b50d6464-f54a-40d1-9f81-f1c19654fd05: receive RaftClientReply:client-8B023739F3BF->b50d6464-f54a-40d1-9f81-f1c19654fd05@group-1F53027F28E3, cid=2639, SUCCESS, logIndex=3717, commits[b50d6464-f54a-40d1-9f81-f1c19654fd05:c3719]
2019-09-12 09:26:25,483 [grpc-default-executor-2] INFO  client.GrpcClientProtocolClient (GrpcClientProtocolClient.java:onNext(264)) - client-8B023739F3BF->b50d6464-f54a-40d1-9f81-f1c19654fd05: receive RaftClientReply:client-8B023739F3BF->b50d6464-f54a-40d1-9f81-f1c19654fd05@group-1F53027F28E3, cid=2640, SUCCESS, logIndex=3718, commits[b50d6464-f54a-40d1-9f81-f1c19654fd05:c3719]
2019-09-12 09:26:25,500 [SCMBlockDeletingService#1] DEBUG block.SCMBlockDeletingService (SCMBlockDeletingService.java:call(138)) - Running DeletedBlockTransactionScanner
2019-09-12 09:26:25,500 [SCMBlockDeletingService#1] DEBUG block.SCMBlockDeletingService (SCMBlockDeletingService.java:call(155)) - Scanned deleted blocks log and got 0 delTX to process.
2019-09-12 09:26:25,511 [grpc-default-executor-2] INFO  client.GrpcClientProtocolClient (GrpcClientProtocolClient.java:onNext(264)) - client-8B023739F3BF->b50d6464-f54a-40d1-9f81-f1c19654fd05: receive RaftClientReply:client-8B023739F3BF->b50d6464-f54a-40d1-9f81-f1c19654fd05@group-1F53027F28E3, cid=2641, SUCCESS, logIndex=3721, commits[b50d6464-f54a-40d1-9f81-f1c19654fd05:c3722]
2019-09-12 09:26:25,512 [grpc-default-executor-2] INFO  client.GrpcClientProtocolClient (GrpcClientProtocolClient.java:onNext(264)) - client-8B023739F3BF->b50d6464-f54a-40d1-9f81-f1c19654fd05: receive RaftClientReply:client-8B023739F3BF->b50d6464-f54a-40d1-9f81-f1c19654fd05@group-1F53027F28E3, cid=2642, SUCCESS, logIndex=3722, commits[b50d6464-f54a-40d1-9f81-f1c19654fd05:c3722]
2019-09-12 09:26:25,524 [grpc-default-executor-2] INFO  client.GrpcClientProtocolClient (GrpcClientProtocolClient.java:onNext(264)) - client-8B023739F3BF->b50d6464-f54a-40d1-9f81-f1c19654fd05: receive RaftClientReply:client-8B023739F3BF->b50d6464-f54a-40d1-9f81-f1c19654fd05@group-1F53027F28E3, cid=2643, SUCCESS, logIndex=3723, commits[b50d6464-f54a-40d1-9f81-f1c19654fd05:c3725]
2019-09-12 09:26:25,524 [grpc-default-executor-2] INFO  client.GrpcClientProtocolClient (GrpcClientProtocolClient.java:onNext(264)) - client-8B023739F3BF->b50d6464-f54a-40d1-9f81-f1c19654fd05: receive RaftClientReply:client-8B023739F3BF->b50d6464-f54a-40d1-9f81-f1c19654fd05@group-1F53027F28E3, cid=2644, SUCCESS, logIndex=3725, commits[b50d6464-f54a-40d1-9f81-f1c19654fd05:c3726]
2019-09-12 09:26:25,546 [grpc-default-executor-2] INFO  client.GrpcClientProtocolClient (GrpcClientProtocolClient.java:onNext(264)) - client-8B023739F3BF->b50d6464-f54a-40d1-9f81-f1c19654fd05: receive RaftClientReply:client-8B023739F3BF->b50d6464-f54a-40d1-9f81-f1c19654fd05@group-1F53027F28E3, cid=2645, SUCCESS, logIndex=3727, commits[b50d6464-f54a-40d1-9f81-f1c19654fd05:c3732]
2019-09-12 09:26:25,547 [grpc-default-executor-2] INFO  client.GrpcClientProtocolClient (GrpcClientProtocolClient.java:onNext(264)) - client-8B023739F3BF->b50d6464-f54a-40d1-9f81-f1c19654fd05: receive RaftClientReply:client-8B023739F3BF->b50d6464-f54a-40d1-9f81-f1c19654fd05@group-1F53027F28E3, cid=2646, SUCCESS, logIndex=3728, commits[b50d6464-f54a-40d1-9f81-f1c19654fd05:c3732]
2019-09-12 09:26:25,547 [grpc-default-executor-2] INFO  client.GrpcClientProtocolClient (GrpcClientProtocolClient.java:onNext(264)) - client-8B023739F3BF->b50d6464-f54a-40d1-9f81-f1c19654fd05: receive RaftClientReply:client-8B023739F3BF->b50d6464-f54a-40d1-9f81-f1c19654fd05@group-1F53027F28E3, cid=2647, SUCCESS, logIndex=3729, commits[b50d6464-f54a-40d1-9f81-f1c19654fd05:c3732]
2019-09-12 09:26:25,547 [grpc-default-executor-2] INFO  client.GrpcClientProtocolClient (GrpcClientProtocolClient.java:onNext(264)) - client-8B023739F3BF->b50d6464-f54a-40d1-9f81-f1c19654fd05: receive RaftClientReply:client-8B023739F3BF->b50d6464-f54a-40d1-9f81-f1c19654fd05@group-1F53027F28E3, cid=2648, SUCCESS, logIndex=3730, commits[b50d6464-f54a-40d1-9f81-f1c19654fd05:c3732]
2019-09-12 09:26:25,594 [grpc-default-executor-1] INFO  client.GrpcClientProtocolClient (GrpcClientProtocolClient.java:onNext(264)) - client-8B023739F3BF->b50d6464-f54a-40d1-9f81-f1c19654fd05: receive RaftClientReply:client-8B023739F3BF->b50d6464-f54a-40d1-9f81-f1c19654fd05@group-1F53027F28E3, cid=2649, SUCCESS, logIndex=3733, commits[b50d6464-f54a-40d1-9f81-f1c19654fd05:c3734]
2019-09-12 09:26:25,594 [grpc-default-executor-1] INFO  client.GrpcClientProtocolClient (GrpcClientProtocolClient.java:onNext(264)) - client-8B023739F3BF->b50d6464-f54a-40d1-9f81-f1c19654fd05: receive RaftClientReply:client-8B023739F3BF->b50d6464-f54a-40d1-9f81-f1c19654fd05@group-1F53027F28E3, cid=2650, SUCCESS, logIndex=3734, commits[b50d6464-f54a-40d1-9f81-f1c19654fd05:c3736]
2019-09-12 09:26:25,594 [grpc-default-executor-1] INFO  client.GrpcClientProtocolClient (GrpcClientProtocolClient.java:onNext(264)) - client-8B023739F3BF->b50d6464-f54a-40d1-9f81-f1c19654fd05: receive RaftClientReply:client-8B023739F3BF->b50d6464-f54a-40d1-9f81-f1c19654fd05@group-1F53027F28E3, cid=2651, SUCCESS, logIndex=3735, commits[b50d6464-f54a-40d1-9f81-f1c19654fd05:c3737]
2019-09-12 09:26:25,595 [grpc-default-executor-1] INFO  client.GrpcClientProtocolClient (GrpcClientProtocolClient.java:onNext(264)) - client-8B023739F3BF->b50d6464-f54a-40d1-9f81-f1c19654fd05: receive RaftClientReply:client-8B023739F3BF->b50d6464-f54a-40d1-9f81-f1c19654fd05@group-1F53027F28E3, cid=2652, SUCCESS, logIndex=3736, commits[b50d6464-f54a-40d1-9f81-f1c19654fd05:c3738]
2019-09-12 09:26:25,600 [SCMBlockDeletingService#0] DEBUG block.SCMBlockDeletingService (SCMBlockDeletingService.java:call(138)) - Running DeletedBlockTransactionScanner
2019-09-12 09:26:25,600 [SCMBlockDeletingService#0] DEBUG block.SCMBlockDeletingService (SCMBlockDeletingService.java:call(155)) - Scanned deleted blocks log and got 0 delTX to process.
2019-09-12 09:26:25,701 [SCMBlockDeletingService#0] DEBUG block.SCMBlockDeletingService (SCMBlockDeletingService.java:call(138)) - Running DeletedBlockTransactionScanner
2019-09-12 09:26:25,701 [SCMBlockDeletingService#0] DEBUG block.SCMBlockDeletingService (SCMBlockDeletingService.java:call(155)) - Scanned deleted blocks log and got 0 delTX to process.
2019-09-12 09:26:25,733 [grpc-default-executor-1] INFO  client.GrpcClientProtocolClient (GrpcClientProtocolClient.java:onNext(264)) - client-8B023739F3BF->b50d6464-f54a-40d1-9f81-f1c19654fd05: receive RaftClientReply:client-8B023739F3BF->b50d6464-f54a-40d1-9f81-f1c19654fd05@group-1F53027F28E3, cid=2653, SUCCESS, logIndex=3739, commits[b50d6464-f54a-40d1-9f81-f1c19654fd05:c3740]
2019-09-12 09:26:25,733 [grpc-default-executor-1] INFO  client.GrpcClientProtocolClient (GrpcClientProtocolClient.java:onNext(264)) - client-8B023739F3BF->b50d6464-f54a-40d1-9f81-f1c19654fd05: receive RaftClientReply:client-8B023739F3BF->b50d6464-f54a-40d1-9f81-f1c19654fd05@group-1F53027F28E3, cid=2654, SUCCESS, logIndex=3740, commits[b50d6464-f54a-40d1-9f81-f1c19654fd05:c3742]
2019-09-12 09:26:25,733 [grpc-default-executor-1] INFO  client.GrpcClientProtocolClient (GrpcClientProtocolClient.java:onNext(264)) - client-8B023739F3BF->b50d6464-f54a-40d1-9f81-f1c19654fd05: receive RaftClientReply:client-8B023739F3BF->b50d6464-f54a-40d1-9f81-f1c19654fd05@group-1F53027F28E3, cid=2655, SUCCESS, logIndex=3741, commits[b50d6464-f54a-40d1-9f81-f1c19654fd05:c3742]
2019-09-12 09:26:25,734 [grpc-default-executor-1] INFO  client.GrpcClientProtocolClient (GrpcClientProtocolClient.java:onNext(264)) - client-8B023739F3BF->b50d6464-f54a-40d1-9f81-f1c19654fd05: receive RaftClientReply:client-8B023739F3BF->b50d6464-f54a-40d1-9f81-f1c19654fd05@group-1F53027F28E3, cid=2656, SUCCESS, logIndex=3742, commits[b50d6464-f54a-40d1-9f81-f1c19654fd05:c3743]
2019-09-12 09:26:25,767 [grpc-default-executor-1] INFO  client.GrpcClientProtocolClient (GrpcClientProtocolClient.java:onNext(264)) - client-8B023739F3BF->b50d6464-f54a-40d1-9f81-f1c19654fd05: receive RaftClientReply:client-8B023739F3BF->b50d6464-f54a-40d1-9f81-f1c19654fd05@group-1F53027F28E3, cid=2657, SUCCESS, logIndex=3745, commits[b50d6464-f54a-40d1-9f81-f1c19654fd05:c3748]
2019-09-12 09:26:25,768 [grpc-default-executor-1] INFO  client.GrpcClientProtocolClient (GrpcClientProtocolClient.java:onNext(264)) - client-8B023739F3BF->b50d6464-f54a-40d1-9f81-f1c19654fd05: receive RaftClientReply:client-8B023739F3BF->b50d6464-f54a-40d1-9f81-f1c19654fd05@group-1F53027F28E3, cid=2658, SUCCESS, logIndex=3746, commits[b50d6464-f54a-40d1-9f81-f1c19654fd05:c3748]
2019-09-12 09:26:25,768 [grpc-default-executor-1] INFO  client.GrpcClientProtocolClient (GrpcClientProtocolClient.java:onNext(264)) - client-8B023739F3BF->b50d6464-f54a-40d1-9f81-f1c19654fd05: receive RaftClientReply:client-8B023739F3BF->b50d6464-f54a-40d1-9f81-f1c19654fd05@group-1F53027F28E3, cid=2659, SUCCESS, logIndex=3747, commits[b50d6464-f54a-40d1-9f81-f1c19654fd05:c3749]
2019-09-12 09:26:25,769 [grpc-default-executor-1] INFO  client.GrpcClientProtocolClient (GrpcClientProtocolClient.java:onNext(264)) - client-8B023739F3BF->b50d6464-f54a-40d1-9f81-f1c19654fd05: receive RaftClientReply:client-8B023739F3BF->b50d6464-f54a-40d1-9f81-f1c19654fd05@group-1F53027F28E3, cid=2660, SUCCESS, logIndex=3748, commits[b50d6464-f54a-40d1-9f81-f1c19654fd05:c3750]
2019-09-12 09:26:25,791 [grpc-default-executor-2] INFO  client.GrpcClientProtocolClient (GrpcClientProtocolClient.java:onNext(264)) - client-8B023739F3BF->b50d6464-f54a-40d1-9f81-f1c19654fd05: receive RaftClientReply:client-8B023739F3BF->b50d6464-f54a-40d1-9f81-f1c19654fd05@group-1F53027F28E3, cid=2661, SUCCESS, logIndex=3751, commits[b50d6464-f54a-40d1-9f81-f1c19654fd05:c3754]
2019-09-12 09:26:25,792 [grpc-default-executor-2] INFO  client.GrpcClientProtocolClient (GrpcClientProtocolClient.java:onNext(264)) - client-8B023739F3BF->b50d6464-f54a-40d1-9f81-f1c19654fd05: receive RaftClientReply:client-8B023739F3BF->b50d6464-f54a-40d1-9f81-f1c19654fd05@group-1F53027F28E3, cid=2662, SUCCESS, logIndex=3752, commits[b50d6464-f54a-40d1-9f81-f1c19654fd05:c3755]
2019-09-12 09:26:25,792 [grpc-default-executor-2] INFO  client.GrpcClientProtocolClient (GrpcClientProtocolClient.java:onNext(264)) - client-8B023739F3BF->b50d6464-f54a-40d1-9f81-f1c19654fd05: receive RaftClientReply:client-8B023739F3BF->b50d6464-f54a-40d1-9f81-f1c19654fd05@group-1F53027F28E3, cid=2663, SUCCESS, logIndex=3753, commits[b50d6464-f54a-40d1-9f81-f1c19654fd05:c3755]
2019-09-12 09:26:25,792 [grpc-default-executor-2] INFO  client.GrpcClientProtocolClient (GrpcClientProtocolClient.java:onNext(264)) - client-8B023739F3BF->b50d6464-f54a-40d1-9f81-f1c19654fd05: receive RaftClientReply:client-8B023739F3BF->b50d6464-f54a-40d1-9f81-f1c19654fd05@group-1F53027F28E3, cid=2664, SUCCESS, logIndex=3754, commits[b50d6464-f54a-40d1-9f81-f1c19654fd05:c3755]
2019-09-12 09:26:25,801 [SCMBlockDeletingService#0] DEBUG block.SCMBlockDeletingService (SCMBlockDeletingService.java:call(138)) - Running DeletedBlockTransactionScanner
2019-09-12 09:26:25,801 [SCMBlockDeletingService#0] DEBUG block.SCMBlockDeletingService (SCMBlockDeletingService.java:call(155)) - Scanned deleted blocks log and got 0 delTX to process.
2019-09-12 09:26:25,821 [grpc-default-executor-1] INFO  client.GrpcClientProtocolClient (GrpcClientProtocolClient.java:onNext(264)) - client-8B023739F3BF->b50d6464-f54a-40d1-9f81-f1c19654fd05: receive RaftClientReply:client-8B023739F3BF->b50d6464-f54a-40d1-9f81-f1c19654fd05@group-1F53027F28E3, cid=2665, SUCCESS, logIndex=3756, commits[b50d6464-f54a-40d1-9f81-f1c19654fd05:c3757]
2019-09-12 09:26:25,821 [grpc-default-executor-1] INFO  client.GrpcClientProtocolClient (GrpcClientProtocolClient.java:onNext(264)) - client-8B023739F3BF->b50d6464-f54a-40d1-9f81-f1c19654fd05: receive RaftClientReply:client-8B023739F3BF->b50d6464-f54a-40d1-9f81-f1c19654fd05@group-1F53027F28E3, cid=2666, SUCCESS, logIndex=3757, commits[b50d6464-f54a-40d1-9f81-f1c19654fd05:c3757]
2019-09-12 09:26:25,822 [grpc-default-executor-1] INFO  client.GrpcClientProtocolClient (GrpcClientProtocolClient.java:onNext(264)) - client-8B023739F3BF->b50d6464-f54a-40d1-9f81-f1c19654fd05: receive RaftClientReply:client-8B023739F3BF->b50d6464-f54a-40d1-9f81-f1c19654fd05@group-1F53027F28E3, cid=2667, SUCCESS, logIndex=3758, commits[b50d6464-f54a-40d1-9f81-f1c19654fd05:c3759]
2019-09-12 09:26:25,823 [grpc-default-executor-1] INFO  client.GrpcClientProtocolClient (GrpcClientProtocolClient.java:onNext(264)) - client-8B023739F3BF->b50d6464-f54a-40d1-9f81-f1c19654fd05: receive RaftClientReply:client-8B023739F3BF->b50d6464-f54a-40d1-9f81-f1c19654fd05@group-1F53027F28E3, cid=2668, SUCCESS, logIndex=3759, commits[b50d6464-f54a-40d1-9f81-f1c19654fd05:c3759]
2019-09-12 09:26:25,961 [SCMBlockDeletingService#0] DEBUG block.SCMBlockDeletingService (SCMBlockDeletingService.java:call(138)) - Running DeletedBlockTransactionScanner
2019-09-12 09:26:25,961 [SCMBlockDeletingService#0] DEBUG block.SCMBlockDeletingService (SCMBlockDeletingService.java:call(155)) - Scanned deleted blocks log and got 0 delTX to process.
2019-09-12 09:26:25,962 [grpc-default-executor-2] INFO  client.GrpcClientProtocolClient (GrpcClientProtocolClient.java:onNext(264)) - client-8B023739F3BF->b50d6464-f54a-40d1-9f81-f1c19654fd05: receive RaftClientReply:client-8B023739F3BF->b50d6464-f54a-40d1-9f81-f1c19654fd05@group-1F53027F28E3, cid=2669, SUCCESS, logIndex=3762, commits[b50d6464-f54a-40d1-9f81-f1c19654fd05:c3765]
2019-09-12 09:26:25,963 [grpc-default-executor-2] INFO  client.GrpcClientProtocolClient (GrpcClientProtocolClient.java:onNext(264)) - client-8B023739F3BF->b50d6464-f54a-40d1-9f81-f1c19654fd05: receive RaftClientReply:client-8B023739F3BF->b50d6464-f54a-40d1-9f81-f1c19654fd05@group-1F53027F28E3, cid=2670, SUCCESS, logIndex=3763, commits[b50d6464-f54a-40d1-9f81-f1c19654fd05:c3766]
2019-09-12 09:26:25,963 [grpc-default-executor-2] INFO  client.GrpcClientProtocolClient (GrpcClientProtocolClient.java:onNext(264)) - client-8B023739F3BF->b50d6464-f54a-40d1-9f81-f1c19654fd05: receive RaftClientReply:client-8B023739F3BF->b50d6464-f54a-40d1-9f81-f1c19654fd05@group-1F53027F28E3, cid=2671, SUCCESS, logIndex=3764, commits[b50d6464-f54a-40d1-9f81-f1c19654fd05:c3766]
2019-09-12 09:26:25,963 [grpc-default-executor-2] INFO  client.GrpcClientProtocolClient (GrpcClientProtocolClient.java:onNext(264)) - client-8B023739F3BF->b50d6464-f54a-40d1-9f81-f1c19654fd05: receive RaftClientReply:client-8B023739F3BF->b50d6464-f54a-40d1-9f81-f1c19654fd05@group-1F53027F28E3, cid=2672, SUCCESS, logIndex=3765, commits[b50d6464-f54a-40d1-9f81-f1c19654fd05:c3766]
2019-09-12 09:26:25,991 [grpc-default-executor-2] INFO  client.GrpcClientProtocolClient (GrpcClientProtocolClient.java:onNext(264)) - client-8B023739F3BF->b50d6464-f54a-40d1-9f81-f1c19654fd05: receive RaftClientReply:client-8B023739F3BF->b50d6464-f54a-40d1-9f81-f1c19654fd05@group-1F53027F28E3, cid=2673, SUCCESS, logIndex=3767, commits[b50d6464-f54a-40d1-9f81-f1c19654fd05:c3770]
2019-09-12 09:26:25,991 [grpc-default-executor-2] INFO  client.GrpcClientProtocolClient (GrpcClientProtocolClient.java:onNext(264)) - client-8B023739F3BF->b50d6464-f54a-40d1-9f81-f1c19654fd05: receive RaftClientReply:client-8B023739F3BF->b50d6464-f54a-40d1-9f81-f1c19654fd05@group-1F53027F28E3, cid=2674, SUCCESS, logIndex=3768, commits[b50d6464-f54a-40d1-9f81-f1c19654fd05:c3771]
2019-09-12 09:26:25,991 [grpc-default-executor-2] INFO  client.GrpcClientProtocolClient (GrpcClientProtocolClient.java:onNext(264)) - client-8B023739F3BF->b50d6464-f54a-40d1-9f81-f1c19654fd05: receive RaftClientReply:client-8B023739F3BF->b50d6464-f54a-40d1-9f81-f1c19654fd05@group-1F53027F28E3, cid=2675, SUCCESS, logIndex=3769, commits[b50d6464-f54a-40d1-9f81-f1c19654fd05:c3771]
2019-09-12 09:26:25,991 [grpc-default-executor-2] INFO  client.GrpcClientProtocolClient (GrpcClientProtocolClient.java:onNext(264)) - client-8B023739F3BF->b50d6464-f54a-40d1-9f81-f1c19654fd05: receive RaftClientReply:client-8B023739F3BF->b50d6464-f54a-40d1-9f81-f1c19654fd05@group-1F53027F28E3, cid=2676, SUCCESS, logIndex=3770, commits[b50d6464-f54a-40d1-9f81-f1c19654fd05:c3771]
2019-09-12 09:26:26,008 [grpc-default-executor-2] INFO  client.GrpcClientProtocolClient (GrpcClientProtocolClient.java:onNext(264)) - client-8B023739F3BF->b50d6464-f54a-40d1-9f81-f1c19654fd05: receive RaftClientReply:client-8B023739F3BF->b50d6464-f54a-40d1-9f81-f1c19654fd05@group-1F53027F28E3, cid=2677, SUCCESS, logIndex=3772, commits[b50d6464-f54a-40d1-9f81-f1c19654fd05:c3773]
2019-09-12 09:26:26,009 [grpc-default-executor-2] INFO  client.GrpcClientProtocolClient (GrpcClientProtocolClient.java:onNext(264)) - client-8B023739F3BF->b50d6464-f54a-40d1-9f81-f1c19654fd05: receive RaftClientReply:client-8B023739F3BF->b50d6464-f54a-40d1-9f81-f1c19654fd05@group-1F53027F28E3, cid=2678, SUCCESS, logIndex=3773, commits[b50d6464-f54a-40d1-9f81-f1c19654fd05:c3775]
2019-09-12 09:26:26,009 [grpc-default-executor-2] INFO  client.GrpcClientProtocolClient (GrpcClientProtocolClient.java:onNext(264)) - client-8B023739F3BF->b50d6464-f54a-40d1-9f81-f1c19654fd05: receive RaftClientReply:client-8B023739F3BF->b50d6464-f54a-40d1-9f81-f1c19654fd05@group-1F53027F28E3, cid=2679, SUCCESS, logIndex=3774, commits[b50d6464-f54a-40d1-9f81-f1c19654fd05:c3775]
2019-09-12 09:26:26,009 [grpc-default-executor-2] INFO  client.GrpcClientProtocolClient (GrpcClientProtocolClient.java:onNext(264)) - client-8B023739F3BF->b50d6464-f54a-40d1-9f81-f1c19654fd05: receive RaftClientReply:client-8B023739F3BF->b50d6464-f54a-40d1-9f81-f1c19654fd05@group-1F53027F28E3, cid=2680, SUCCESS, logIndex=3775, commits[b50d6464-f54a-40d1-9f81-f1c19654fd05:c3776]
2019-09-12 09:26:26,040 [grpc-default-executor-1] INFO  client.GrpcClientProtocolClient (GrpcClientProtocolClient.java:onNext(264)) - client-8B023739F3BF->b50d6464-f54a-40d1-9f81-f1c19654fd05: receive RaftClientReply:client-8B023739F3BF->b50d6464-f54a-40d1-9f81-f1c19654fd05@group-1F53027F28E3, cid=2681, SUCCESS, logIndex=3778, commits[b50d6464-f54a-40d1-9f81-f1c19654fd05:c3781]
2019-09-12 09:26:26,041 [grpc-default-executor-1] INFO  client.GrpcClientProtocolClient (GrpcClientProtocolClient.java:onNext(264)) - client-8B023739F3BF->b50d6464-f54a-40d1-9f81-f1c19654fd05: receive RaftClientReply:client-8B023739F3BF->b50d6464-f54a-40d1-9f81-f1c19654fd05@group-1F53027F28E3, cid=2682, SUCCESS, logIndex=3779, commits[b50d6464-f54a-40d1-9f81-f1c19654fd05:c3781]
2019-09-12 09:26:26,041 [grpc-default-executor-1] INFO  client.GrpcClientProtocolClient (GrpcClientProtocolClient.java:onNext(264)) - client-8B023739F3BF->b50d6464-f54a-40d1-9f81-f1c19654fd05: receive RaftClientReply:client-8B023739F3BF->b50d6464-f54a-40d1-9f81-f1c19654fd05@group-1F53027F28E3, cid=2683, SUCCESS, logIndex=3780, commits[b50d6464-f54a-40d1-9f81-f1c19654fd05:c3782]
2019-09-12 09:26:26,041 [grpc-default-executor-1] INFO  client.GrpcClientProtocolClient (GrpcClientProtocolClient.java:onNext(264)) - client-8B023739F3BF->b50d6464-f54a-40d1-9f81-f1c19654fd05: receive RaftClientReply:client-8B023739F3BF->b50d6464-f54a-40d1-9f81-f1c19654fd05@group-1F53027F28E3, cid=2684, SUCCESS, logIndex=3781, commits[b50d6464-f54a-40d1-9f81-f1c19654fd05:c3782]
2019-09-12 09:26:26,061 [SCMBlockDeletingService#1] DEBUG block.SCMBlockDeletingService (SCMBlockDeletingService.java:call(138)) - Running DeletedBlockTransactionScanner
2019-09-12 09:26:26,062 [SCMBlockDeletingService#1] DEBUG block.SCMBlockDeletingService (SCMBlockDeletingService.java:call(155)) - Scanned deleted blocks log and got 0 delTX to process.
2019-09-12 09:26:26,064 [grpc-default-executor-1] INFO  client.GrpcClientProtocolClient (GrpcClientProtocolClient.java:onNext(264)) - client-8B023739F3BF->b50d6464-f54a-40d1-9f81-f1c19654fd05: receive RaftClientReply:client-8B023739F3BF->b50d6464-f54a-40d1-9f81-f1c19654fd05@group-1F53027F28E3, cid=2685, SUCCESS, logIndex=3783, commits[b50d6464-f54a-40d1-9f81-f1c19654fd05:c3786]
2019-09-12 09:26:26,064 [grpc-default-executor-1] INFO  client.GrpcClientProtocolClient (GrpcClientProtocolClient.java:onNext(264)) - client-8B023739F3BF->b50d6464-f54a-40d1-9f81-f1c19654fd05: receive RaftClientReply:client-8B023739F3BF->b50d6464-f54a-40d1-9f81-f1c19654fd05@group-1F53027F28E3, cid=2686, SUCCESS, logIndex=3784, commits[b50d6464-f54a-40d1-9f81-f1c19654fd05:c3786]
2019-09-12 09:26:26,064 [grpc-default-executor-1] INFO  client.GrpcClientProtocolClient (GrpcClientProtocolClient.java:onNext(264)) - client-8B023739F3BF->b50d6464-f54a-40d1-9f81-f1c19654fd05: receive RaftClientReply:client-8B023739F3BF->b50d6464-f54a-40d1-9f81-f1c19654fd05@group-1F53027F28E3, cid=2687, SUCCESS, logIndex=3785, commits[b50d6464-f54a-40d1-9f81-f1c19654fd05:c3787]
2019-09-12 09:26:26,065 [grpc-default-executor-1] INFO  client.GrpcClientProtocolClient (GrpcClientProtocolClient.java:onNext(264)) - client-8B023739F3BF->b50d6464-f54a-40d1-9f81-f1c19654fd05: receive RaftClientReply:client-8B023739F3BF->b50d6464-f54a-40d1-9f81-f1c19654fd05@group-1F53027F28E3, cid=2688, SUCCESS, logIndex=3786, commits[b50d6464-f54a-40d1-9f81-f1c19654fd05:c3787]
2019-09-12 09:26:26,094 [grpc-default-executor-2] INFO  client.GrpcClientProtocolClient (GrpcClientProtocolClient.java:onNext(264)) - client-8B023739F3BF->b50d6464-f54a-40d1-9f81-f1c19654fd05: receive RaftClientReply:client-8B023739F3BF->b50d6464-f54a-40d1-9f81-f1c19654fd05@group-1F53027F28E3, cid=2689, SUCCESS, logIndex=3788, commits[b50d6464-f54a-40d1-9f81-f1c19654fd05:c3791]
2019-09-12 09:26:26,094 [grpc-default-executor-2] INFO  client.GrpcClientProtocolClient (GrpcClientProtocolClient.java:onNext(264)) - client-8B023739F3BF->b50d6464-f54a-40d1-9f81-f1c19654fd05: receive RaftClientReply:client-8B023739F3BF->b50d6464-f54a-40d1-9f81-f1c19654fd05@group-1F53027F28E3, cid=2690, SUCCESS, logIndex=3789, commits[b50d6464-f54a-40d1-9f81-f1c19654fd05:c3792]
2019-09-12 09:26:26,095 [grpc-default-executor-2] INFO  client.GrpcClientProtocolClient (GrpcClientProtocolClient.java:onNext(264)) - client-8B023739F3BF->b50d6464-f54a-40d1-9f81-f1c19654fd05: receive RaftClientReply:client-8B023739F3BF->b50d6464-f54a-40d1-9f81-f1c19654fd05@group-1F53027F28E3, cid=2691, SUCCESS, logIndex=3790, commits[b50d6464-f54a-40d1-9f81-f1c19654fd05:c3792]
2019-09-12 09:26:26,095 [grpc-default-executor-2] INFO  client.GrpcClientProtocolClient (GrpcClientProtocolClient.java:onNext(264)) - client-8B023739F3BF->b50d6464-f54a-40d1-9f81-f1c19654fd05: receive RaftClientReply:client-8B023739F3BF->b50d6464-f54a-40d1-9f81-f1c19654fd05@group-1F53027F28E3, cid=2692, SUCCESS, logIndex=3791, commits[b50d6464-f54a-40d1-9f81-f1c19654fd05:c3792]
2019-09-12 09:26:26,115 [grpc-default-executor-1] INFO  client.GrpcClientProtocolClient (GrpcClientProtocolClient.java:onNext(264)) - client-8B023739F3BF->b50d6464-f54a-40d1-9f81-f1c19654fd05: receive RaftClientReply:client-8B023739F3BF->b50d6464-f54a-40d1-9f81-f1c19654fd05@group-1F53027F28E3, cid=2693, SUCCESS, logIndex=3793, commits[b50d6464-f54a-40d1-9f81-f1c19654fd05:c3796]
2019-09-12 09:26:26,116 [grpc-default-executor-1] INFO  client.GrpcClientProtocolClient (GrpcClientProtocolClient.java:onNext(264)) - client-8B023739F3BF->b50d6464-f54a-40d1-9f81-f1c19654fd05: receive RaftClientReply:client-8B023739F3BF->b50d6464-f54a-40d1-9f81-f1c19654fd05@group-1F53027F28E3, cid=2694, SUCCESS, logIndex=3794, commits[b50d6464-f54a-40d1-9f81-f1c19654fd05:c3797]
2019-09-12 09:26:26,116 [grpc-default-executor-1] INFO  client.GrpcClientProtocolClient (GrpcClientProtocolClient.java:onNext(264)) - client-8B023739F3BF->b50d6464-f54a-40d1-9f81-f1c19654fd05: receive RaftClientReply:client-8B023739F3BF->b50d6464-f54a-40d1-9f81-f1c19654fd05@group-1F53027F28E3, cid=2695, SUCCESS, logIndex=3795, commits[b50d6464-f54a-40d1-9f81-f1c19654fd05:c3797]
2019-09-12 09:26:26,117 [grpc-default-executor-1] INFO  client.GrpcClientProtocolClient (GrpcClientProtocolClient.java:onNext(264)) - client-8B023739F3BF->b50d6464-f54a-40d1-9f81-f1c19654fd05: receive RaftClientReply:client-8B023739F3BF->b50d6464-f54a-40d1-9f81-f1c19654fd05@group-1F53027F28E3, cid=2696, SUCCESS, logIndex=3796, commits[b50d6464-f54a-40d1-9f81-f1c19654fd05:c3797]
2019-09-12 09:26:26,162 [SCMBlockDeletingService#0] DEBUG block.SCMBlockDeletingService (SCMBlockDeletingService.java:call(138)) - Running DeletedBlockTransactionScanner
2019-09-12 09:26:26,162 [SCMBlockDeletingService#0] DEBUG block.SCMBlockDeletingService (SCMBlockDeletingService.java:call(155)) - Scanned deleted blocks log and got 0 delTX to process.
2019-09-12 09:26:26,236 [grpc-default-executor-1] INFO  client.GrpcClientProtocolClient (GrpcClientProtocolClient.java:onNext(264)) - client-8B023739F3BF->b50d6464-f54a-40d1-9f81-f1c19654fd05: receive RaftClientReply:client-8B023739F3BF->b50d6464-f54a-40d1-9f81-f1c19654fd05@group-1F53027F28E3, cid=2697, SUCCESS, logIndex=3798, commits[b50d6464-f54a-40d1-9f81-f1c19654fd05:c3801]
2019-09-12 09:26:26,237 [grpc-default-executor-1] INFO  client.GrpcClientProtocolClient (GrpcClientProtocolClient.java:onNext(264)) - client-8B023739F3BF->b50d6464-f54a-40d1-9f81-f1c19654fd05: receive RaftClientReply:client-8B023739F3BF->b50d6464-f54a-40d1-9f81-f1c19654fd05@group-1F53027F28E3, cid=2698, SUCCESS, logIndex=3799, commits[b50d6464-f54a-40d1-9f81-f1c19654fd05:c3802]
2019-09-12 09:26:26,237 [grpc-default-executor-1] INFO  client.GrpcClientProtocolClient (GrpcClientProtocolClient.java:onNext(264)) - client-8B023739F3BF->b50d6464-f54a-40d1-9f81-f1c19654fd05: receive RaftClientReply:client-8B023739F3BF->b50d6464-f54a-40d1-9f81-f1c19654fd05@group-1F53027F28E3, cid=2699, SUCCESS, logIndex=3800, commits[b50d6464-f54a-40d1-9f81-f1c19654fd05:c3803]
2019-09-12 09:26:26,237 [grpc-default-executor-1] INFO  client.GrpcClientProtocolClient (GrpcClientProtocolClient.java:onNext(264)) - client-8B023739F3BF->b50d6464-f54a-40d1-9f81-f1c19654fd05: receive RaftClientReply:client-8B023739F3BF->b50d6464-f54a-40d1-9f81-f1c19654fd05@group-1F53027F28E3, cid=2700, SUCCESS, logIndex=3801, commits[b50d6464-f54a-40d1-9f81-f1c19654fd05:c3803]
2019-09-12 09:26:26,258 [grpc-default-executor-1] INFO  client.GrpcClientProtocolClient (GrpcClientProtocolClient.java:onNext(264)) - client-8B023739F3BF->b50d6464-f54a-40d1-9f81-f1c19654fd05: receive RaftClientReply:client-8B023739F3BF->b50d6464-f54a-40d1-9f81-f1c19654fd05@group-1F53027F28E3, cid=2701, SUCCESS, logIndex=3804, commits[b50d6464-f54a-40d1-9f81-f1c19654fd05:c3807]
2019-09-12 09:26:26,258 [grpc-default-executor-1] INFO  client.GrpcClientProtocolClient (GrpcClientProtocolClient.java:onNext(264)) - client-8B023739F3BF->b50d6464-f54a-40d1-9f81-f1c19654fd05: receive RaftClientReply:client-8B023739F3BF->b50d6464-f54a-40d1-9f81-f1c19654fd05@group-1F53027F28E3, cid=2702, SUCCESS, logIndex=3805, commits[b50d6464-f54a-40d1-9f81-f1c19654fd05:c3808]
2019-09-12 09:26:26,259 [grpc-default-executor-1] INFO  client.GrpcClientProtocolClient (GrpcClientProtocolClient.java:onNext(264)) - client-8B023739F3BF->b50d6464-f54a-40d1-9f81-f1c19654fd05: receive RaftClientReply:client-8B023739F3BF->b50d6464-f54a-40d1-9f81-f1c19654fd05@group-1F53027F28E3, cid=2703, SUCCESS, logIndex=3806, commits[b50d6464-f54a-40d1-9f81-f1c19654fd05:c3808]
2019-09-12 09:26:26,259 [grpc-default-executor-1] INFO  client.GrpcClientProtocolClient (GrpcClientProtocolClient.java:onNext(264)) - client-8B023739F3BF->b50d6464-f54a-40d1-9f81-f1c19654fd05: receive RaftClientReply:client-8B023739F3BF->b50d6464-f54a-40d1-9f81-f1c19654fd05@group-1F53027F28E3, cid=2704, SUCCESS, logIndex=3807, commits[b50d6464-f54a-40d1-9f81-f1c19654fd05:c3808]
2019-09-12 09:26:26,262 [SCMBlockDeletingService#0] DEBUG block.SCMBlockDeletingService (SCMBlockDeletingService.java:call(138)) - Running DeletedBlockTransactionScanner
2019-09-12 09:26:26,263 [SCMBlockDeletingService#0] DEBUG block.SCMBlockDeletingService (SCMBlockDeletingService.java:call(155)) - Scanned deleted blocks log and got 0 delTX to process.
2019-09-12 09:26:26,286 [grpc-default-executor-1] INFO  client.GrpcClientProtocolClient (GrpcClientProtocolClient.java:onNext(264)) - client-8B023739F3BF->b50d6464-f54a-40d1-9f81-f1c19654fd05: receive RaftClientReply:client-8B023739F3BF->b50d6464-f54a-40d1-9f81-f1c19654fd05@group-1F53027F28E3, cid=2705, SUCCESS, logIndex=3809, commits[b50d6464-f54a-40d1-9f81-f1c19654fd05:c3812]
2019-09-12 09:26:26,286 [grpc-default-executor-1] INFO  client.GrpcClientProtocolClient (GrpcClientProtocolClient.java:onNext(264)) - client-8B023739F3BF->b50d6464-f54a-40d1-9f81-f1c19654fd05: receive RaftClientReply:client-8B023739F3BF->b50d6464-f54a-40d1-9f81-f1c19654fd05@group-1F53027F28E3, cid=2706, SUCCESS, logIndex=3810, commits[b50d6464-f54a-40d1-9f81-f1c19654fd05:c3812]
2019-09-12 09:26:26,287 [grpc-default-executor-1] INFO  client.GrpcClientProtocolClient (GrpcClientProtocolClient.java:onNext(264)) - client-8B023739F3BF->b50d6464-f54a-40d1-9f81-f1c19654fd05: receive RaftClientReply:client-8B023739F3BF->b50d6464-f54a-40d1-9f81-f1c19654fd05@group-1F53027F28E3, cid=2707, SUCCESS, logIndex=3811, commits[b50d6464-f54a-40d1-9f81-f1c19654fd05:c3812]
2019-09-12 09:26:26,287 [grpc-default-executor-1] INFO  client.GrpcClientProtocolClient (GrpcClientProtocolClient.java:onNext(264)) - client-8B023739F3BF->b50d6464-f54a-40d1-9f81-f1c19654fd05: receive RaftClientReply:client-8B023739F3BF->b50d6464-f54a-40d1-9f81-f1c19654fd05@group-1F53027F28E3, cid=2708, SUCCESS, logIndex=3812, commits[b50d6464-f54a-40d1-9f81-f1c19654fd05:c3812]
2019-09-12 09:26:26,306 [grpc-default-executor-2] INFO  client.GrpcClientProtocolClient (GrpcClientProtocolClient.java:onNext(264)) - client-8B023739F3BF->b50d6464-f54a-40d1-9f81-f1c19654fd05: receive RaftClientReply:client-8B023739F3BF->b50d6464-f54a-40d1-9f81-f1c19654fd05@group-1F53027F28E3, cid=2709, SUCCESS, logIndex=3814, commits[b50d6464-f54a-40d1-9f81-f1c19654fd05:c3815]
2019-09-12 09:26:26,306 [grpc-default-executor-2] INFO  client.GrpcClientProtocolClient (GrpcClientProtocolClient.java:onNext(264)) - client-8B023739F3BF->b50d6464-f54a-40d1-9f81-f1c19654fd05: receive RaftClientReply:client-8B023739F3BF->b50d6464-f54a-40d1-9f81-f1c19654fd05@group-1F53027F28E3, cid=2710, SUCCESS, logIndex=3815, commits[b50d6464-f54a-40d1-9f81-f1c19654fd05:c3817]
2019-09-12 09:26:26,306 [grpc-default-executor-2] INFO  client.GrpcClientProtocolClient (GrpcClientProtocolClient.java:onNext(264)) - client-8B023739F3BF->b50d6464-f54a-40d1-9f81-f1c19654fd05: receive RaftClientReply:client-8B023739F3BF->b50d6464-f54a-40d1-9f81-f1c19654fd05@group-1F53027F28E3, cid=2711, SUCCESS, logIndex=3816, commits[b50d6464-f54a-40d1-9f81-f1c19654fd05:c3817]
2019-09-12 09:26:26,306 [grpc-default-executor-2] INFO  client.GrpcClientProtocolClient (GrpcClientProtocolClient.java:onNext(264)) - client-8B023739F3BF->b50d6464-f54a-40d1-9f81-f1c19654fd05: receive RaftClientReply:client-8B023739F3BF->b50d6464-f54a-40d1-9f81-f1c19654fd05@group-1F53027F28E3, cid=2712, SUCCESS, logIndex=3817, commits[b50d6464-f54a-40d1-9f81-f1c19654fd05:c3817]
2019-09-12 09:26:26,333 [grpc-default-executor-2] INFO  client.GrpcClientProtocolClient (GrpcClientProtocolClient.java:onNext(264)) - client-8B023739F3BF->b50d6464-f54a-40d1-9f81-f1c19654fd05: receive RaftClientReply:client-8B023739F3BF->b50d6464-f54a-40d1-9f81-f1c19654fd05@group-1F53027F28E3, cid=2713, SUCCESS, logIndex=3820, commits[b50d6464-f54a-40d1-9f81-f1c19654fd05:c3823]
2019-09-12 09:26:26,334 [grpc-default-executor-2] INFO  client.GrpcClientProtocolClient (GrpcClientProtocolClient.java:onNext(264)) - client-8B023739F3BF->b50d6464-f54a-40d1-9f81-f1c19654fd05: receive RaftClientReply:client-8B023739F3BF->b50d6464-f54a-40d1-9f81-f1c19654fd05@group-1F53027F28E3, cid=2714, SUCCESS, logIndex=3821, commits[b50d6464-f54a-40d1-9f81-f1c19654fd05:c3823]
2019-09-12 09:26:26,334 [grpc-default-executor-2] INFO  client.GrpcClientProtocolClient (GrpcClientProtocolClient.java:onNext(264)) - client-8B023739F3BF->b50d6464-f54a-40d1-9f81-f1c19654fd05: receive RaftClientReply:client-8B023739F3BF->b50d6464-f54a-40d1-9f81-f1c19654fd05@group-1F53027F28E3, cid=2715, SUCCESS, logIndex=3822, commits[b50d6464-f54a-40d1-9f81-f1c19654fd05:c3824]
2019-09-12 09:26:26,334 [grpc-default-executor-2] INFO  client.GrpcClientProtocolClient (GrpcClientProtocolClient.java:onNext(264)) - client-8B023739F3BF->b50d6464-f54a-40d1-9f81-f1c19654fd05: receive RaftClientReply:client-8B023739F3BF->b50d6464-f54a-40d1-9f81-f1c19654fd05@group-1F53027F28E3, cid=2716, SUCCESS, logIndex=3823, commits[b50d6464-f54a-40d1-9f81-f1c19654fd05:c3824]
2019-09-12 09:26:26,354 [grpc-default-executor-1] INFO  client.GrpcClientProtocolClient (GrpcClientProtocolClient.java:onNext(264)) - client-8B023739F3BF->b50d6464-f54a-40d1-9f81-f1c19654fd05: receive RaftClientReply:client-8B023739F3BF->b50d6464-f54a-40d1-9f81-f1c19654fd05@group-1F53027F28E3, cid=2717, SUCCESS, logIndex=3826, commits[b50d6464-f54a-40d1-9f81-f1c19654fd05:c3829]
2019-09-12 09:26:26,354 [grpc-default-executor-1] INFO  client.GrpcClientProtocolClient (GrpcClientProtocolClient.java:onNext(264)) - client-8B023739F3BF->b50d6464-f54a-40d1-9f81-f1c19654fd05: receive RaftClientReply:client-8B023739F3BF->b50d6464-f54a-40d1-9f81-f1c19654fd05@group-1F53027F28E3, cid=2718, SUCCESS, logIndex=3827, commits[b50d6464-f54a-40d1-9f81-f1c19654fd05:c3829]
2019-09-12 09:26:26,354 [grpc-default-executor-1] INFO  client.GrpcClientProtocolClient (GrpcClientProtocolClient.java:onNext(264)) - client-8B023739F3BF->b50d6464-f54a-40d1-9f81-f1c19654fd05: receive RaftClientReply:client-8B023739F3BF->b50d6464-f54a-40d1-9f81-f1c19654fd05@group-1F53027F28E3, cid=2719, SUCCESS, logIndex=3828, commits[b50d6464-f54a-40d1-9f81-f1c19654fd05:c3830]
2019-09-12 09:26:26,355 [grpc-default-executor-1] INFO  client.GrpcClientProtocolClient (GrpcClientProtocolClient.java:onNext(264)) - client-8B023739F3BF->b50d6464-f54a-40d1-9f81-f1c19654fd05: receive RaftClientReply:client-8B023739F3BF->b50d6464-f54a-40d1-9f81-f1c19654fd05@group-1F53027F28E3, cid=2720, SUCCESS, logIndex=3829, commits[b50d6464-f54a-40d1-9f81-f1c19654fd05:c3830]
2019-09-12 09:26:26,363 [SCMBlockDeletingService#0] DEBUG block.SCMBlockDeletingService (SCMBlockDeletingService.java:call(138)) - Running DeletedBlockTransactionScanner
2019-09-12 09:26:26,363 [SCMBlockDeletingService#0] DEBUG block.SCMBlockDeletingService (SCMBlockDeletingService.java:call(155)) - Scanned deleted blocks log and got 0 delTX to process.
2019-09-12 09:26:26,381 [grpc-default-executor-2] INFO  client.GrpcClientProtocolClient (GrpcClientProtocolClient.java:onNext(264)) - client-8B023739F3BF->b50d6464-f54a-40d1-9f81-f1c19654fd05: receive RaftClientReply:client-8B023739F3BF->b50d6464-f54a-40d1-9f81-f1c19654fd05@group-1F53027F28E3, cid=2721, SUCCESS, logIndex=3832, commits[b50d6464-f54a-40d1-9f81-f1c19654fd05:c3833]
2019-09-12 09:26:26,382 [grpc-default-executor-2] INFO  client.GrpcClientProtocolClient (GrpcClientProtocolClient.java:onNext(264)) - client-8B023739F3BF->b50d6464-f54a-40d1-9f81-f1c19654fd05: receive RaftClientReply:client-8B023739F3BF->b50d6464-f54a-40d1-9f81-f1c19654fd05@group-1F53027F28E3, cid=2722, SUCCESS, logIndex=3833, commits[b50d6464-f54a-40d1-9f81-f1c19654fd05:c3833]
2019-09-12 09:26:26,382 [grpc-default-executor-2] INFO  client.GrpcClientProtocolClient (GrpcClientProtocolClient.java:onNext(264)) - client-8B023739F3BF->b50d6464-f54a-40d1-9f81-f1c19654fd05: receive RaftClientReply:client-8B023739F3BF->b50d6464-f54a-40d1-9f81-f1c19654fd05@group-1F53027F28E3, cid=2723, SUCCESS, logIndex=3834, commits[b50d6464-f54a-40d1-9f81-f1c19654fd05:c3835]
2019-09-12 09:26:26,382 [grpc-default-executor-2] INFO  client.GrpcClientProtocolClient (GrpcClientProtocolClient.java:onNext(264)) - client-8B023739F3BF->b50d6464-f54a-40d1-9f81-f1c19654fd05: receive RaftClientReply:client-8B023739F3BF->b50d6464-f54a-40d1-9f81-f1c19654fd05@group-1F53027F28E3, cid=2724, SUCCESS, logIndex=3835, commits[b50d6464-f54a-40d1-9f81-f1c19654fd05:c3835]
2019-09-12 09:26:26,401 [grpc-default-executor-1] INFO  client.GrpcClientProtocolClient (GrpcClientProtocolClient.java:onNext(264)) - client-8B023739F3BF->b50d6464-f54a-40d1-9f81-f1c19654fd05: receive RaftClientReply:client-8B023739F3BF->b50d6464-f54a-40d1-9f81-f1c19654fd05@group-1F53027F28E3, cid=2725, SUCCESS, logIndex=3838, commits[b50d6464-f54a-40d1-9f81-f1c19654fd05:c3841]
2019-09-12 09:26:26,401 [grpc-default-executor-1] INFO  client.GrpcClientProtocolClient (GrpcClientProtocolClient.java:onNext(264)) - client-8B023739F3BF->b50d6464-f54a-40d1-9f81-f1c19654fd05: receive RaftClientReply:client-8B023739F3BF->b50d6464-f54a-40d1-9f81-f1c19654fd05@group-1F53027F28E3, cid=2726, SUCCESS, logIndex=3839, commits[b50d6464-f54a-40d1-9f81-f1c19654fd05:c3841]
2019-09-12 09:26:26,402 [grpc-default-executor-1] INFO  client.GrpcClientProtocolClient (GrpcClientProtocolClient.java:onNext(264)) - client-8B023739F3BF->b50d6464-f54a-40d1-9f81-f1c19654fd05: receive RaftClientReply:client-8B023739F3BF->b50d6464-f54a-40d1-9f81-f1c19654fd05@group-1F53027F28E3, cid=2727, SUCCESS, logIndex=3840, commits[b50d6464-f54a-40d1-9f81-f1c19654fd05:c3842]
2019-09-12 09:26:26,402 [grpc-default-executor-1] INFO  client.GrpcClientProtocolClient (GrpcClientProtocolClient.java:onNext(264)) - client-8B023739F3BF->b50d6464-f54a-40d1-9f81-f1c19654fd05: receive RaftClientReply:client-8B023739F3BF->b50d6464-f54a-40d1-9f81-f1c19654fd05@group-1F53027F28E3, cid=2728, SUCCESS, logIndex=3841, commits[b50d6464-f54a-40d1-9f81-f1c19654fd05:c3842]
2019-09-12 09:26:26,428 [grpc-default-executor-2] INFO  client.GrpcClientProtocolClient (GrpcClientProtocolClient.java:onNext(264)) - client-8B023739F3BF->b50d6464-f54a-40d1-9f81-f1c19654fd05: receive RaftClientReply:client-8B023739F3BF->b50d6464-f54a-40d1-9f81-f1c19654fd05@group-1F53027F28E3, cid=2729, SUCCESS, logIndex=3843, commits[b50d6464-f54a-40d1-9f81-f1c19654fd05:c3846]
2019-09-12 09:26:26,429 [grpc-default-executor-2] INFO  client.GrpcClientProtocolClient (GrpcClientProtocolClient.java:onNext(264)) - client-8B023739F3BF->b50d6464-f54a-40d1-9f81-f1c19654fd05: receive RaftClientReply:client-8B023739F3BF->b50d6464-f54a-40d1-9f81-f1c19654fd05@group-1F53027F28E3, cid=2730, SUCCESS, logIndex=3844, commits[b50d6464-f54a-40d1-9f81-f1c19654fd05:c3847]
2019-09-12 09:26:26,429 [grpc-default-executor-2] INFO  client.GrpcClientProtocolClient (GrpcClientProtocolClient.java:onNext(264)) - client-8B023739F3BF->b50d6464-f54a-40d1-9f81-f1c19654fd05: receive RaftClientReply:client-8B023739F3BF->b50d6464-f54a-40d1-9f81-f1c19654fd05@group-1F53027F28E3, cid=2731, SUCCESS, logIndex=3845, commits[b50d6464-f54a-40d1-9f81-f1c19654fd05:c3847]
2019-09-12 09:26:26,429 [grpc-default-executor-2] INFO  client.GrpcClientProtocolClient (GrpcClientProtocolClient.java:onNext(264)) - client-8B023739F3BF->b50d6464-f54a-40d1-9f81-f1c19654fd05: receive RaftClientReply:client-8B023739F3BF->b50d6464-f54a-40d1-9f81-f1c19654fd05@group-1F53027F28E3, cid=2732, SUCCESS, logIndex=3846, commits[b50d6464-f54a-40d1-9f81-f1c19654fd05:c3847]
2019-09-12 09:26:26,448 [grpc-default-executor-2] INFO  client.GrpcClientProtocolClient (GrpcClientProtocolClient.java:onNext(264)) - client-8B023739F3BF->b50d6464-f54a-40d1-9f81-f1c19654fd05: receive RaftClientReply:client-8B023739F3BF->b50d6464-f54a-40d1-9f81-f1c19654fd05@group-1F53027F28E3, cid=2733, SUCCESS, logIndex=3848, commits[b50d6464-f54a-40d1-9f81-f1c19654fd05:c3851]
2019-09-12 09:26:26,449 [grpc-default-executor-2] INFO  client.GrpcClientProtocolClient (GrpcClientProtocolClient.java:onNext(264)) - client-8B023739F3BF->b50d6464-f54a-40d1-9f81-f1c19654fd05: receive RaftClientReply:client-8B023739F3BF->b50d6464-f54a-40d1-9f81-f1c19654fd05@group-1F53027F28E3, cid=2734, SUCCESS, logIndex=3849, commits[b50d6464-f54a-40d1-9f81-f1c19654fd05:c3851]
2019-09-12 09:26:26,449 [grpc-default-executor-2] INFO  client.GrpcClientProtocolClient (GrpcClientProtocolClient.java:onNext(264)) - client-8B023739F3BF->b50d6464-f54a-40d1-9f81-f1c19654fd05: receive RaftClientReply:client-8B023739F3BF->b50d6464-f54a-40d1-9f81-f1c19654fd05@group-1F53027F28E3, cid=2735, SUCCESS, logIndex=3850, commits[b50d6464-f54a-40d1-9f81-f1c19654fd05:c3852]
2019-09-12 09:26:26,449 [grpc-default-executor-2] INFO  client.GrpcClientProtocolClient (GrpcClientProtocolClient.java:onNext(264)) - client-8B023739F3BF->b50d6464-f54a-40d1-9f81-f1c19654fd05: receive RaftClientReply:client-8B023739F3BF->b50d6464-f54a-40d1-9f81-f1c19654fd05@group-1F53027F28E3, cid=2736, SUCCESS, logIndex=3851, commits[b50d6464-f54a-40d1-9f81-f1c19654fd05:c3852]
2019-09-12 09:26:26,463 [SCMBlockDeletingService#0] DEBUG block.SCMBlockDeletingService (SCMBlockDeletingService.java:call(138)) - Running DeletedBlockTransactionScanner
2019-09-12 09:26:26,464 [SCMBlockDeletingService#0] DEBUG block.SCMBlockDeletingService (SCMBlockDeletingService.java:call(155)) - Scanned deleted blocks log and got 0 delTX to process.
2019-09-12 09:26:26,476 [grpc-default-executor-1] INFO  client.GrpcClientProtocolClient (GrpcClientProtocolClient.java:onNext(264)) - client-8B023739F3BF->b50d6464-f54a-40d1-9f81-f1c19654fd05: receive RaftClientReply:client-8B023739F3BF->b50d6464-f54a-40d1-9f81-f1c19654fd05@group-1F53027F28E3, cid=2737, SUCCESS, logIndex=3853, commits[b50d6464-f54a-40d1-9f81-f1c19654fd05:c3856]
2019-09-12 09:26:26,477 [grpc-default-executor-1] INFO  client.GrpcClientProtocolClient (GrpcClientProtocolClient.java:onNext(264)) - client-8B023739F3BF->b50d6464-f54a-40d1-9f81-f1c19654fd05: receive RaftClientReply:client-8B023739F3BF->b50d6464-f54a-40d1-9f81-f1c19654fd05@group-1F53027F28E3, cid=2738, SUCCESS, logIndex=3854, commits[b50d6464-f54a-40d1-9f81-f1c19654fd05:c3856]
2019-09-12 09:26:26,477 [grpc-default-executor-1] INFO  client.GrpcClientProtocolClient (GrpcClientProtocolClient.java:onNext(264)) - client-8B023739F3BF->b50d6464-f54a-40d1-9f81-f1c19654fd05: receive RaftClientReply:client-8B023739F3BF->b50d6464-f54a-40d1-9f81-f1c19654fd05@group-1F53027F28E3, cid=2739, SUCCESS, logIndex=3855, commits[b50d6464-f54a-40d1-9f81-f1c19654fd05:c3857]
2019-09-12 09:26:26,477 [grpc-default-executor-1] INFO  client.GrpcClientProtocolClient (GrpcClientProtocolClient.java:onNext(264)) - client-8B023739F3BF->b50d6464-f54a-40d1-9f81-f1c19654fd05: receive RaftClientReply:client-8B023739F3BF->b50d6464-f54a-40d1-9f81-f1c19654fd05@group-1F53027F28E3, cid=2740, SUCCESS, logIndex=3856, commits[b50d6464-f54a-40d1-9f81-f1c19654fd05:c3858]
2019-09-12 09:26:26,564 [SCMBlockDeletingService#0] DEBUG block.SCMBlockDeletingService (SCMBlockDeletingService.java:call(138)) - Running DeletedBlockTransactionScanner
2019-09-12 09:26:26,564 [SCMBlockDeletingService#0] DEBUG block.SCMBlockDeletingService (SCMBlockDeletingService.java:call(155)) - Scanned deleted blocks log and got 0 delTX to process.
2019-09-12 09:26:26,608 [grpc-default-executor-1] INFO  client.GrpcClientProtocolClient (GrpcClientProtocolClient.java:onNext(264)) - client-8B023739F3BF->b50d6464-f54a-40d1-9f81-f1c19654fd05: receive RaftClientReply:client-8B023739F3BF->b50d6464-f54a-40d1-9f81-f1c19654fd05@group-1F53027F28E3, cid=2741, SUCCESS, logIndex=3859, commits[b50d6464-f54a-40d1-9f81-f1c19654fd05:c3862]
2019-09-12 09:26:26,608 [grpc-default-executor-1] INFO  client.GrpcClientProtocolClient (GrpcClientProtocolClient.java:onNext(264)) - client-8B023739F3BF->b50d6464-f54a-40d1-9f81-f1c19654fd05: receive RaftClientReply:client-8B023739F3BF->b50d6464-f54a-40d1-9f81-f1c19654fd05@group-1F53027F28E3, cid=2742, SUCCESS, logIndex=3860, commits[b50d6464-f54a-40d1-9f81-f1c19654fd05:c3863]
2019-09-12 09:26:26,608 [grpc-default-executor-1] INFO  client.GrpcClientProtocolClient (GrpcClientProtocolClient.java:onNext(264)) - client-8B023739F3BF->b50d6464-f54a-40d1-9f81-f1c19654fd05: receive RaftClientReply:client-8B023739F3BF->b50d6464-f54a-40d1-9f81-f1c19654fd05@group-1F53027F28E3, cid=2743, SUCCESS, logIndex=3861, commits[b50d6464-f54a-40d1-9f81-f1c19654fd05:c3863]
2019-09-12 09:26:26,609 [grpc-default-executor-1] INFO  client.GrpcClientProtocolClient (GrpcClientProtocolClient.java:onNext(264)) - client-8B023739F3BF->b50d6464-f54a-40d1-9f81-f1c19654fd05: receive RaftClientReply:client-8B023739F3BF->b50d6464-f54a-40d1-9f81-f1c19654fd05@group-1F53027F28E3, cid=2744, SUCCESS, logIndex=3862, commits[b50d6464-f54a-40d1-9f81-f1c19654fd05:c3863]
2019-09-12 09:26:26,638 [grpc-default-executor-1] INFO  client.GrpcClientProtocolClient (GrpcClientProtocolClient.java:onNext(264)) - client-8B023739F3BF->b50d6464-f54a-40d1-9f81-f1c19654fd05: receive RaftClientReply:client-8B023739F3BF->b50d6464-f54a-40d1-9f81-f1c19654fd05@group-1F53027F28E3, cid=2745, SUCCESS, logIndex=3864, commits[b50d6464-f54a-40d1-9f81-f1c19654fd05:c3867]
2019-09-12 09:26:26,638 [grpc-default-executor-1] INFO  client.GrpcClientProtocolClient (GrpcClientProtocolClient.java:onNext(264)) - client-8B023739F3BF->b50d6464-f54a-40d1-9f81-f1c19654fd05: receive RaftClientReply:client-8B023739F3BF->b50d6464-f54a-40d1-9f81-f1c19654fd05@group-1F53027F28E3, cid=2746, SUCCESS, logIndex=3865, commits[b50d6464-f54a-40d1-9f81-f1c19654fd05:c3868]
2019-09-12 09:26:26,639 [grpc-default-executor-1] INFO  client.GrpcClientProtocolClient (GrpcClientProtocolClient.java:onNext(264)) - client-8B023739F3BF->b50d6464-f54a-40d1-9f81-f1c19654fd05: receive RaftClientReply:client-8B023739F3BF->b50d6464-f54a-40d1-9f81-f1c19654fd05@group-1F53027F28E3, cid=2747, SUCCESS, logIndex=3866, commits[b50d6464-f54a-40d1-9f81-f1c19654fd05:c3868]
2019-09-12 09:26:26,639 [grpc-default-executor-1] INFO  client.GrpcClientProtocolClient (GrpcClientProtocolClient.java:onNext(264)) - client-8B023739F3BF->b50d6464-f54a-40d1-9f81-f1c19654fd05: receive RaftClientReply:client-8B023739F3BF->b50d6464-f54a-40d1-9f81-f1c19654fd05@group-1F53027F28E3, cid=2748, SUCCESS, logIndex=3867, commits[b50d6464-f54a-40d1-9f81-f1c19654fd05:c3868]
2019-09-12 09:26:26,658 [grpc-default-executor-1] INFO  client.GrpcClientProtocolClient (GrpcClientProtocolClient.java:onNext(264)) - client-8B023739F3BF->b50d6464-f54a-40d1-9f81-f1c19654fd05: receive RaftClientReply:client-8B023739F3BF->b50d6464-f54a-40d1-9f81-f1c19654fd05@group-1F53027F28E3, cid=2749, SUCCESS, logIndex=3869, commits[b50d6464-f54a-40d1-9f81-f1c19654fd05:c3870]
2019-09-12 09:26:26,659 [grpc-default-executor-1] INFO  client.GrpcClientProtocolClient (GrpcClientProtocolClient.java:onNext(264)) - client-8B023739F3BF->b50d6464-f54a-40d1-9f81-f1c19654fd05: receive RaftClientReply:client-8B023739F3BF->b50d6464-f54a-40d1-9f81-f1c19654fd05@group-1F53027F28E3, cid=2750, SUCCESS, logIndex=3870, commits[b50d6464-f54a-40d1-9f81-f1c19654fd05:c3870]
2019-09-12 09:26:26,659 [grpc-default-executor-1] INFO  client.GrpcClientProtocolClient (GrpcClientProtocolClient.java:onNext(264)) - client-8B023739F3BF->b50d6464-f54a-40d1-9f81-f1c19654fd05: receive RaftClientReply:client-8B023739F3BF->b50d6464-f54a-40d1-9f81-f1c19654fd05@group-1F53027F28E3, cid=2751, SUCCESS, logIndex=3871, commits[b50d6464-f54a-40d1-9f81-f1c19654fd05:c3872]
2019-09-12 09:26:26,659 [grpc-default-executor-1] INFO  client.GrpcClientProtocolClient (GrpcClientProtocolClient.java:onNext(264)) - client-8B023739F3BF->b50d6464-f54a-40d1-9f81-f1c19654fd05: receive RaftClientReply:client-8B023739F3BF->b50d6464-f54a-40d1-9f81-f1c19654fd05@group-1F53027F28E3, cid=2752, SUCCESS, logIndex=3872, commits[b50d6464-f54a-40d1-9f81-f1c19654fd05:c3873]
2019-09-12 09:26:26,664 [SCMBlockDeletingService#1] DEBUG block.SCMBlockDeletingService (SCMBlockDeletingService.java:call(138)) - Running DeletedBlockTransactionScanner
2019-09-12 09:26:26,665 [SCMBlockDeletingService#1] DEBUG block.SCMBlockDeletingService (SCMBlockDeletingService.java:call(155)) - Scanned deleted blocks log and got 0 delTX to process.
2019-09-12 09:26:26,686 [grpc-default-executor-1] INFO  client.GrpcClientProtocolClient (GrpcClientProtocolClient.java:onNext(264)) - client-8B023739F3BF->b50d6464-f54a-40d1-9f81-f1c19654fd05: receive RaftClientReply:client-8B023739F3BF->b50d6464-f54a-40d1-9f81-f1c19654fd05@group-1F53027F28E3, cid=2753, SUCCESS, logIndex=3875, commits[b50d6464-f54a-40d1-9f81-f1c19654fd05:c3876]
2019-09-12 09:26:26,687 [grpc-default-executor-1] INFO  client.GrpcClientProtocolClient (GrpcClientProtocolClient.java:onNext(264)) - client-8B023739F3BF->b50d6464-f54a-40d1-9f81-f1c19654fd05: receive RaftClientReply:client-8B023739F3BF->b50d6464-f54a-40d1-9f81-f1c19654fd05@group-1F53027F28E3, cid=2754, SUCCESS, logIndex=3876, commits[b50d6464-f54a-40d1-9f81-f1c19654fd05:c3876]
2019-09-12 09:26:26,687 [grpc-default-executor-1] INFO  client.GrpcClientProtocolClient (GrpcClientProtocolClient.java:onNext(264)) - client-8B023739F3BF->b50d6464-f54a-40d1-9f81-f1c19654fd05: receive RaftClientReply:client-8B023739F3BF->b50d6464-f54a-40d1-9f81-f1c19654fd05@group-1F53027F28E3, cid=2755, SUCCESS, logIndex=3877, commits[b50d6464-f54a-40d1-9f81-f1c19654fd05:c3878]
2019-09-12 09:26:26,687 [grpc-default-executor-1] INFO  client.GrpcClientProtocolClient (GrpcClientProtocolClient.java:onNext(264)) - client-8B023739F3BF->b50d6464-f54a-40d1-9f81-f1c19654fd05: receive RaftClientReply:client-8B023739F3BF->b50d6464-f54a-40d1-9f81-f1c19654fd05@group-1F53027F28E3, cid=2756, SUCCESS, logIndex=3878, commits[b50d6464-f54a-40d1-9f81-f1c19654fd05:c3878]
2019-09-12 09:26:26,705 [grpc-default-executor-1] INFO  client.GrpcClientProtocolClient (GrpcClientProtocolClient.java:onNext(264)) - client-8B023739F3BF->b50d6464-f54a-40d1-9f81-f1c19654fd05: receive RaftClientReply:client-8B023739F3BF->b50d6464-f54a-40d1-9f81-f1c19654fd05@group-1F53027F28E3, cid=2757, SUCCESS, logIndex=3881, commits[b50d6464-f54a-40d1-9f81-f1c19654fd05:c3882]
2019-09-12 09:26:26,705 [grpc-default-executor-1] INFO  client.GrpcClientProtocolClient (GrpcClientProtocolClient.java:onNext(264)) - client-8B023739F3BF->b50d6464-f54a-40d1-9f81-f1c19654fd05: receive RaftClientReply:client-8B023739F3BF->b50d6464-f54a-40d1-9f81-f1c19654fd05@group-1F53027F28E3, cid=2758, SUCCESS, logIndex=3882, commits[b50d6464-f54a-40d1-9f81-f1c19654fd05:c3884]
2019-09-12 09:26:26,706 [grpc-default-executor-1] INFO  client.GrpcClientProtocolClient (GrpcClientProtocolClient.java:onNext(264)) - client-8B023739F3BF->b50d6464-f54a-40d1-9f81-f1c19654fd05: receive RaftClientReply:client-8B023739F3BF->b50d6464-f54a-40d1-9f81-f1c19654fd05@group-1F53027F28E3, cid=2759, SUCCESS, logIndex=3883, commits[b50d6464-f54a-40d1-9f81-f1c19654fd05:c3885]
2019-09-12 09:26:26,706 [grpc-default-executor-1] INFO  client.GrpcClientProtocolClient (GrpcClientProtocolClient.java:onNext(264)) - client-8B023739F3BF->b50d6464-f54a-40d1-9f81-f1c19654fd05: receive RaftClientReply:client-8B023739F3BF->b50d6464-f54a-40d1-9f81-f1c19654fd05@group-1F53027F28E3, cid=2760, SUCCESS, logIndex=3884, commits[b50d6464-f54a-40d1-9f81-f1c19654fd05:c3885]
2019-09-12 09:26:26,733 [grpc-default-executor-1] INFO  client.GrpcClientProtocolClient (GrpcClientProtocolClient.java:onNext(264)) - client-8B023739F3BF->b50d6464-f54a-40d1-9f81-f1c19654fd05: receive RaftClientReply:client-8B023739F3BF->b50d6464-f54a-40d1-9f81-f1c19654fd05@group-1F53027F28E3, cid=2761, SUCCESS, logIndex=3887, commits[b50d6464-f54a-40d1-9f81-f1c19654fd05:c3888]
2019-09-12 09:26:26,734 [grpc-default-executor-1] INFO  client.GrpcClientProtocolClient (GrpcClientProtocolClient.java:onNext(264)) - client-8B023739F3BF->b50d6464-f54a-40d1-9f81-f1c19654fd05: receive RaftClientReply:client-8B023739F3BF->b50d6464-f54a-40d1-9f81-f1c19654fd05@group-1F53027F28E3, cid=2762, SUCCESS, logIndex=3888, commits[b50d6464-f54a-40d1-9f81-f1c19654fd05:c3888]
2019-09-12 09:26:26,734 [grpc-default-executor-1] INFO  client.GrpcClientProtocolClient (GrpcClientProtocolClient.java:onNext(264)) - client-8B023739F3BF->b50d6464-f54a-40d1-9f81-f1c19654fd05: receive RaftClientReply:client-8B023739F3BF->b50d6464-f54a-40d1-9f81-f1c19654fd05@group-1F53027F28E3, cid=2763, SUCCESS, logIndex=3889, commits[b50d6464-f54a-40d1-9f81-f1c19654fd05:c3890]
2019-09-12 09:26:26,734 [grpc-default-executor-1] INFO  client.GrpcClientProtocolClient (GrpcClientProtocolClient.java:onNext(264)) - client-8B023739F3BF->b50d6464-f54a-40d1-9f81-f1c19654fd05: receive RaftClientReply:client-8B023739F3BF->b50d6464-f54a-40d1-9f81-f1c19654fd05@group-1F53027F28E3, cid=2764, SUCCESS, logIndex=3890, commits[b50d6464-f54a-40d1-9f81-f1c19654fd05:c3890]
2019-09-12 09:26:26,753 [grpc-default-executor-2] INFO  client.GrpcClientProtocolClient (GrpcClientProtocolClient.java:onNext(264)) - client-8B023739F3BF->b50d6464-f54a-40d1-9f81-f1c19654fd05: receive RaftClientReply:client-8B023739F3BF->b50d6464-f54a-40d1-9f81-f1c19654fd05@group-1F53027F28E3, cid=2765, SUCCESS, logIndex=3893, commits[b50d6464-f54a-40d1-9f81-f1c19654fd05:c3896]
2019-09-12 09:26:26,754 [grpc-default-executor-2] INFO  client.GrpcClientProtocolClient (GrpcClientProtocolClient.java:onNext(264)) - client-8B023739F3BF->b50d6464-f54a-40d1-9f81-f1c19654fd05: receive RaftClientReply:client-8B023739F3BF->b50d6464-f54a-40d1-9f81-f1c19654fd05@group-1F53027F28E3, cid=2766, SUCCESS, logIndex=3894, commits[b50d6464-f54a-40d1-9f81-f1c19654fd05:c3896]
2019-09-12 09:26:26,754 [grpc-default-executor-2] INFO  client.GrpcClientProtocolClient (GrpcClientProtocolClient.java:onNext(264)) - client-8B023739F3BF->b50d6464-f54a-40d1-9f81-f1c19654fd05: receive RaftClientReply:client-8B023739F3BF->b50d6464-f54a-40d1-9f81-f1c19654fd05@group-1F53027F28E3, cid=2767, SUCCESS, logIndex=3895, commits[b50d6464-f54a-40d1-9f81-f1c19654fd05:c3897]
2019-09-12 09:26:26,754 [grpc-default-executor-2] INFO  client.GrpcClientProtocolClient (GrpcClientProtocolClient.java:onNext(264)) - client-8B023739F3BF->b50d6464-f54a-40d1-9f81-f1c19654fd05: receive RaftClientReply:client-8B023739F3BF->b50d6464-f54a-40d1-9f81-f1c19654fd05@group-1F53027F28E3, cid=2768, SUCCESS, logIndex=3896, commits[b50d6464-f54a-40d1-9f81-f1c19654fd05:c3897]
2019-09-12 09:26:26,765 [SCMBlockDeletingService#1] DEBUG block.SCMBlockDeletingService (SCMBlockDeletingService.java:call(138)) - Running DeletedBlockTransactionScanner
2019-09-12 09:26:26,765 [SCMBlockDeletingService#1] DEBUG block.SCMBlockDeletingService (SCMBlockDeletingService.java:call(155)) - Scanned deleted blocks log and got 0 delTX to process.
2019-09-12 09:26:26,781 [grpc-default-executor-1] INFO  client.GrpcClientProtocolClient (GrpcClientProtocolClient.java:onNext(264)) - client-8B023739F3BF->b50d6464-f54a-40d1-9f81-f1c19654fd05: receive RaftClientReply:client-8B023739F3BF->b50d6464-f54a-40d1-9f81-f1c19654fd05@group-1F53027F28E3, cid=2769, SUCCESS, logIndex=3898, commits[b50d6464-f54a-40d1-9f81-f1c19654fd05:c3901]
2019-09-12 09:26:26,781 [grpc-default-executor-1] INFO  client.GrpcClientProtocolClient (GrpcClientProtocolClient.java:onNext(264)) - client-8B023739F3BF->b50d6464-f54a-40d1-9f81-f1c19654fd05: receive RaftClientReply:client-8B023739F3BF->b50d6464-f54a-40d1-9f81-f1c19654fd05@group-1F53027F28E3, cid=2770, SUCCESS, logIndex=3899, commits[b50d6464-f54a-40d1-9f81-f1c19654fd05:c3902]
2019-09-12 09:26:26,782 [grpc-default-executor-1] INFO  client.GrpcClientProtocolClient (GrpcClientProtocolClient.java:onNext(264)) - client-8B023739F3BF->b50d6464-f54a-40d1-9f81-f1c19654fd05: receive RaftClientReply:client-8B023739F3BF->b50d6464-f54a-40d1-9f81-f1c19654fd05@group-1F53027F28E3, cid=2771, SUCCESS, logIndex=3900, commits[b50d6464-f54a-40d1-9f81-f1c19654fd05:c3902]
2019-09-12 09:26:26,782 [grpc-default-executor-1] INFO  client.GrpcClientProtocolClient (GrpcClientProtocolClient.java:onNext(264)) - client-8B023739F3BF->b50d6464-f54a-40d1-9f81-f1c19654fd05: receive RaftClientReply:client-8B023739F3BF->b50d6464-f54a-40d1-9f81-f1c19654fd05@group-1F53027F28E3, cid=2772, SUCCESS, logIndex=3901, commits[b50d6464-f54a-40d1-9f81-f1c19654fd05:c3902]
2019-09-12 09:26:26,799 [grpc-default-executor-1] INFO  client.GrpcClientProtocolClient (GrpcClientProtocolClient.java:onNext(264)) - client-8B023739F3BF->b50d6464-f54a-40d1-9f81-f1c19654fd05: receive RaftClientReply:client-8B023739F3BF->b50d6464-f54a-40d1-9f81-f1c19654fd05@group-1F53027F28E3, cid=2773, SUCCESS, logIndex=3903, commits[b50d6464-f54a-40d1-9f81-f1c19654fd05:c3904]
2019-09-12 09:26:26,800 [grpc-default-executor-1] INFO  client.GrpcClientProtocolClient (GrpcClientProtocolClient.java:onNext(264)) - client-8B023739F3BF->b50d6464-f54a-40d1-9f81-f1c19654fd05: receive RaftClientReply:client-8B023739F3BF->b50d6464-f54a-40d1-9f81-f1c19654fd05@group-1F53027F28E3, cid=2774, SUCCESS, logIndex=3904, commits[b50d6464-f54a-40d1-9f81-f1c19654fd05:c3906]
2019-09-12 09:26:26,800 [grpc-default-executor-1] INFO  client.GrpcClientProtocolClient (GrpcClientProtocolClient.java:onNext(264)) - client-8B023739F3BF->b50d6464-f54a-40d1-9f81-f1c19654fd05: receive RaftClientReply:client-8B023739F3BF->b50d6464-f54a-40d1-9f81-f1c19654fd05@group-1F53027F28E3, cid=2775, SUCCESS, logIndex=3905, commits[b50d6464-f54a-40d1-9f81-f1c19654fd05:c3906]
2019-09-12 09:26:26,800 [grpc-default-executor-1] INFO  client.GrpcClientProtocolClient (GrpcClientProtocolClient.java:onNext(264)) - client-8B023739F3BF->b50d6464-f54a-40d1-9f81-f1c19654fd05: receive RaftClientReply:client-8B023739F3BF->b50d6464-f54a-40d1-9f81-f1c19654fd05@group-1F53027F28E3, cid=2776, SUCCESS, logIndex=3906, commits[b50d6464-f54a-40d1-9f81-f1c19654fd05:c3907]
2019-09-12 09:26:26,900 [SCMBlockDeletingService#1] DEBUG block.SCMBlockDeletingService (SCMBlockDeletingService.java:call(138)) - Running DeletedBlockTransactionScanner
2019-09-12 09:26:26,900 [SCMBlockDeletingService#1] DEBUG block.SCMBlockDeletingService (SCMBlockDeletingService.java:call(155)) - Scanned deleted blocks log and got 0 delTX to process.
2019-09-12 09:26:26,925 [grpc-default-executor-1] INFO  client.GrpcClientProtocolClient (GrpcClientProtocolClient.java:onNext(264)) - client-8B023739F3BF->b50d6464-f54a-40d1-9f81-f1c19654fd05: receive RaftClientReply:client-8B023739F3BF->b50d6464-f54a-40d1-9f81-f1c19654fd05@group-1F53027F28E3, cid=2777, SUCCESS, logIndex=3909, commits[b50d6464-f54a-40d1-9f81-f1c19654fd05:c3912]
2019-09-12 09:26:26,926 [grpc-default-executor-1] INFO  client.GrpcClientProtocolClient (GrpcClientProtocolClient.java:onNext(264)) - client-8B023739F3BF->b50d6464-f54a-40d1-9f81-f1c19654fd05: receive RaftClientReply:client-8B023739F3BF->b50d6464-f54a-40d1-9f81-f1c19654fd05@group-1F53027F28E3, cid=2778, SUCCESS, logIndex=3910, commits[b50d6464-f54a-40d1-9f81-f1c19654fd05:c3912]
2019-09-12 09:26:26,926 [grpc-default-executor-1] INFO  client.GrpcClientProtocolClient (GrpcClientProtocolClient.java:onNext(264)) - client-8B023739F3BF->b50d6464-f54a-40d1-9f81-f1c19654fd05: receive RaftClientReply:client-8B023739F3BF->b50d6464-f54a-40d1-9f81-f1c19654fd05@group-1F53027F28E3, cid=2779, SUCCESS, logIndex=3911, commits[b50d6464-f54a-40d1-9f81-f1c19654fd05:c3913]
2019-09-12 09:26:26,926 [grpc-default-executor-1] INFO  client.GrpcClientProtocolClient (GrpcClientProtocolClient.java:onNext(264)) - client-8B023739F3BF->b50d6464-f54a-40d1-9f81-f1c19654fd05: receive RaftClientReply:client-8B023739F3BF->b50d6464-f54a-40d1-9f81-f1c19654fd05@group-1F53027F28E3, cid=2780, SUCCESS, logIndex=3912, commits[b50d6464-f54a-40d1-9f81-f1c19654fd05:c3913]
2019-09-12 09:26:26,946 [grpc-default-executor-1] INFO  client.GrpcClientProtocolClient (GrpcClientProtocolClient.java:onNext(264)) - client-8B023739F3BF->b50d6464-f54a-40d1-9f81-f1c19654fd05: receive RaftClientReply:client-8B023739F3BF->b50d6464-f54a-40d1-9f81-f1c19654fd05@group-1F53027F28E3, cid=2781, SUCCESS, logIndex=3914, commits[b50d6464-f54a-40d1-9f81-f1c19654fd05:c3917]
2019-09-12 09:26:26,946 [grpc-default-executor-1] INFO  client.GrpcClientProtocolClient (GrpcClientProtocolClient.java:onNext(264)) - client-8B023739F3BF->b50d6464-f54a-40d1-9f81-f1c19654fd05: receive RaftClientReply:client-8B023739F3BF->b50d6464-f54a-40d1-9f81-f1c19654fd05@group-1F53027F28E3, cid=2782, SUCCESS, logIndex=3915, commits[b50d6464-f54a-40d1-9f81-f1c19654fd05:c3918]
2019-09-12 09:26:26,946 [grpc-default-executor-1] INFO  client.GrpcClientProtocolClient (GrpcClientProtocolClient.java:onNext(264)) - client-8B023739F3BF->b50d6464-f54a-40d1-9f81-f1c19654fd05: receive RaftClientReply:client-8B023739F3BF->b50d6464-f54a-40d1-9f81-f1c19654fd05@group-1F53027F28E3, cid=2783, SUCCESS, logIndex=3916, commits[b50d6464-f54a-40d1-9f81-f1c19654fd05:c3918]
2019-09-12 09:26:26,947 [grpc-default-executor-1] INFO  client.GrpcClientProtocolClient (GrpcClientProtocolClient.java:onNext(264)) - client-8B023739F3BF->b50d6464-f54a-40d1-9f81-f1c19654fd05: receive RaftClientReply:client-8B023739F3BF->b50d6464-f54a-40d1-9f81-f1c19654fd05@group-1F53027F28E3, cid=2784, SUCCESS, logIndex=3917, commits[b50d6464-f54a-40d1-9f81-f1c19654fd05:c3918]
2019-09-12 09:26:27,000 [SCMBlockDeletingService#1] DEBUG block.SCMBlockDeletingService (SCMBlockDeletingService.java:call(138)) - Running DeletedBlockTransactionScanner
2019-09-12 09:26:27,001 [SCMBlockDeletingService#1] DEBUG block.SCMBlockDeletingService (SCMBlockDeletingService.java:call(155)) - Scanned deleted blocks log and got 0 delTX to process.
2019-09-12 09:26:27,057 [grpc-default-executor-2] INFO  client.GrpcClientProtocolClient (GrpcClientProtocolClient.java:onNext(264)) - client-8B023739F3BF->b50d6464-f54a-40d1-9f81-f1c19654fd05: receive RaftClientReply:client-8B023739F3BF->b50d6464-f54a-40d1-9f81-f1c19654fd05@group-1F53027F28E3, cid=2785, SUCCESS, logIndex=3919, commits[b50d6464-f54a-40d1-9f81-f1c19654fd05:c3922]
2019-09-12 09:26:27,058 [grpc-default-executor-2] INFO  client.GrpcClientProtocolClient (GrpcClientProtocolClient.java:onNext(264)) - client-8B023739F3BF->b50d6464-f54a-40d1-9f81-f1c19654fd05: receive RaftClientReply:client-8B023739F3BF->b50d6464-f54a-40d1-9f81-f1c19654fd05@group-1F53027F28E3, cid=2786, SUCCESS, logIndex=3920, commits[b50d6464-f54a-40d1-9f81-f1c19654fd05:c3922]
2019-09-12 09:26:27,058 [grpc-default-executor-2] INFO  client.GrpcClientProtocolClient (GrpcClientProtocolClient.java:onNext(264)) - client-8B023739F3BF->b50d6464-f54a-40d1-9f81-f1c19654fd05: receive RaftClientReply:client-8B023739F3BF->b50d6464-f54a-40d1-9f81-f1c19654fd05@group-1F53027F28E3, cid=2787, SUCCESS, logIndex=3921, commits[b50d6464-f54a-40d1-9f81-f1c19654fd05:c3923]
2019-09-12 09:26:27,058 [grpc-default-executor-2] INFO  client.GrpcClientProtocolClient (GrpcClientProtocolClient.java:onNext(264)) - client-8B023739F3BF->b50d6464-f54a-40d1-9f81-f1c19654fd05: receive RaftClientReply:client-8B023739F3BF->b50d6464-f54a-40d1-9f81-f1c19654fd05@group-1F53027F28E3, cid=2788, SUCCESS, logIndex=3922, commits[b50d6464-f54a-40d1-9f81-f1c19654fd05:c3923]
2019-09-12 09:26:27,079 [grpc-default-executor-2] INFO  client.GrpcClientProtocolClient (GrpcClientProtocolClient.java:onNext(264)) - client-8B023739F3BF->b50d6464-f54a-40d1-9f81-f1c19654fd05: receive RaftClientReply:client-8B023739F3BF->b50d6464-f54a-40d1-9f81-f1c19654fd05@group-1F53027F28E3, cid=2789, SUCCESS, logIndex=3924, commits[b50d6464-f54a-40d1-9f81-f1c19654fd05:c3927]
2019-09-12 09:26:27,079 [grpc-default-executor-2] INFO  client.GrpcClientProtocolClient (GrpcClientProtocolClient.java:onNext(264)) - client-8B023739F3BF->b50d6464-f54a-40d1-9f81-f1c19654fd05: receive RaftClientReply:client-8B023739F3BF->b50d6464-f54a-40d1-9f81-f1c19654fd05@group-1F53027F28E3, cid=2790, SUCCESS, logIndex=3925, commits[b50d6464-f54a-40d1-9f81-f1c19654fd05:c3927]
2019-09-12 09:26:27,079 [grpc-default-executor-2] INFO  client.GrpcClientProtocolClient (GrpcClientProtocolClient.java:onNext(264)) - client-8B023739F3BF->b50d6464-f54a-40d1-9f81-f1c19654fd05: receive RaftClientReply:client-8B023739F3BF->b50d6464-f54a-40d1-9f81-f1c19654fd05@group-1F53027F28E3, cid=2791, SUCCESS, logIndex=3926, commits[b50d6464-f54a-40d1-9f81-f1c19654fd05:c3927]
2019-09-12 09:26:27,080 [grpc-default-executor-2] INFO  client.GrpcClientProtocolClient (GrpcClientProtocolClient.java:onNext(264)) - client-8B023739F3BF->b50d6464-f54a-40d1-9f81-f1c19654fd05: receive RaftClientReply:client-8B023739F3BF->b50d6464-f54a-40d1-9f81-f1c19654fd05@group-1F53027F28E3, cid=2792, SUCCESS, logIndex=3927, commits[b50d6464-f54a-40d1-9f81-f1c19654fd05:c3927]
2019-09-12 09:26:27,101 [SCMBlockDeletingService#0] DEBUG block.SCMBlockDeletingService (SCMBlockDeletingService.java:call(138)) - Running DeletedBlockTransactionScanner
2019-09-12 09:26:27,101 [SCMBlockDeletingService#0] DEBUG block.SCMBlockDeletingService (SCMBlockDeletingService.java:call(155)) - Scanned deleted blocks log and got 0 delTX to process.
2019-09-12 09:26:27,108 [grpc-default-executor-1] INFO  client.GrpcClientProtocolClient (GrpcClientProtocolClient.java:onNext(264)) - client-8B023739F3BF->b50d6464-f54a-40d1-9f81-f1c19654fd05: receive RaftClientReply:client-8B023739F3BF->b50d6464-f54a-40d1-9f81-f1c19654fd05@group-1F53027F28E3, cid=2793, SUCCESS, logIndex=3929, commits[b50d6464-f54a-40d1-9f81-f1c19654fd05:c3932]
2019-09-12 09:26:27,109 [grpc-default-executor-1] INFO  client.GrpcClientProtocolClient (GrpcClientProtocolClient.java:onNext(264)) - client-8B023739F3BF->b50d6464-f54a-40d1-9f81-f1c19654fd05: receive RaftClientReply:client-8B023739F3BF->b50d6464-f54a-40d1-9f81-f1c19654fd05@group-1F53027F28E3, cid=2794, SUCCESS, logIndex=3930, commits[b50d6464-f54a-40d1-9f81-f1c19654fd05:c3932]
2019-09-12 09:26:27,109 [grpc-default-executor-1] INFO  client.GrpcClientProtocolClient (GrpcClientProtocolClient.java:onNext(264)) - client-8B023739F3BF->b50d6464-f54a-40d1-9f81-f1c19654fd05: receive RaftClientReply:client-8B023739F3BF->b50d6464-f54a-40d1-9f81-f1c19654fd05@group-1F53027F28E3, cid=2795, SUCCESS, logIndex=3931, commits[b50d6464-f54a-40d1-9f81-f1c19654fd05:c3933]
2019-09-12 09:26:27,109 [grpc-default-executor-1] INFO  client.GrpcClientProtocolClient (GrpcClientProtocolClient.java:onNext(264)) - client-8B023739F3BF->b50d6464-f54a-40d1-9f81-f1c19654fd05: receive RaftClientReply:client-8B023739F3BF->b50d6464-f54a-40d1-9f81-f1c19654fd05@group-1F53027F28E3, cid=2796, SUCCESS, logIndex=3932, commits[b50d6464-f54a-40d1-9f81-f1c19654fd05:c3933]
2019-09-12 09:26:27,129 [grpc-default-executor-2] INFO  client.GrpcClientProtocolClient (GrpcClientProtocolClient.java:onNext(264)) - client-8B023739F3BF->b50d6464-f54a-40d1-9f81-f1c19654fd05: receive RaftClientReply:client-8B023739F3BF->b50d6464-f54a-40d1-9f81-f1c19654fd05@group-1F53027F28E3, cid=2797, SUCCESS, logIndex=3934, commits[b50d6464-f54a-40d1-9f81-f1c19654fd05:c3937]
2019-09-12 09:26:27,129 [grpc-default-executor-2] INFO  client.GrpcClientProtocolClient (GrpcClientProtocolClient.java:onNext(264)) - client-8B023739F3BF->b50d6464-f54a-40d1-9f81-f1c19654fd05: receive RaftClientReply:client-8B023739F3BF->b50d6464-f54a-40d1-9f81-f1c19654fd05@group-1F53027F28E3, cid=2798, SUCCESS, logIndex=3935, commits[b50d6464-f54a-40d1-9f81-f1c19654fd05:c3938]
2019-09-12 09:26:27,129 [grpc-default-executor-2] INFO  client.GrpcClientProtocolClient (GrpcClientProtocolClient.java:onNext(264)) - client-8B023739F3BF->b50d6464-f54a-40d1-9f81-f1c19654fd05: receive RaftClientReply:client-8B023739F3BF->b50d6464-f54a-40d1-9f81-f1c19654fd05@group-1F53027F28E3, cid=2799, SUCCESS, logIndex=3936, commits[b50d6464-f54a-40d1-9f81-f1c19654fd05:c3938]
2019-09-12 09:26:27,130 [grpc-default-executor-2] INFO  client.GrpcClientProtocolClient (GrpcClientProtocolClient.java:onNext(264)) - client-8B023739F3BF->b50d6464-f54a-40d1-9f81-f1c19654fd05: receive RaftClientReply:client-8B023739F3BF->b50d6464-f54a-40d1-9f81-f1c19654fd05@group-1F53027F28E3, cid=2800, SUCCESS, logIndex=3937, commits[b50d6464-f54a-40d1-9f81-f1c19654fd05:c3938]
2019-09-12 09:26:27,158 [grpc-default-executor-2] INFO  client.GrpcClientProtocolClient (GrpcClientProtocolClient.java:onNext(264)) - client-8B023739F3BF->b50d6464-f54a-40d1-9f81-f1c19654fd05: receive RaftClientReply:client-8B023739F3BF->b50d6464-f54a-40d1-9f81-f1c19654fd05@group-1F53027F28E3, cid=2801, SUCCESS, logIndex=3939, commits[b50d6464-f54a-40d1-9f81-f1c19654fd05:c3942]
2019-09-12 09:26:27,159 [grpc-default-executor-2] INFO  client.GrpcClientProtocolClient (GrpcClientProtocolClient.java:onNext(264)) - client-8B023739F3BF->b50d6464-f54a-40d1-9f81-f1c19654fd05: receive RaftClientReply:client-8B023739F3BF->b50d6464-f54a-40d1-9f81-f1c19654fd05@group-1F53027F28E3, cid=2802, SUCCESS, logIndex=3940, commits[b50d6464-f54a-40d1-9f81-f1c19654fd05:c3943]
2019-09-12 09:26:27,159 [grpc-default-executor-2] INFO  client.GrpcClientProtocolClient (GrpcClientProtocolClient.java:onNext(264)) - client-8B023739F3BF->b50d6464-f54a-40d1-9f81-f1c19654fd05: receive RaftClientReply:client-8B023739F3BF->b50d6464-f54a-40d1-9f81-f1c19654fd05@group-1F53027F28E3, cid=2803, SUCCESS, logIndex=3941, commits[b50d6464-f54a-40d1-9f81-f1c19654fd05:c3943]
2019-09-12 09:26:27,159 [grpc-default-executor-2] INFO  client.GrpcClientProtocolClient (GrpcClientProtocolClient.java:onNext(264)) - client-8B023739F3BF->b50d6464-f54a-40d1-9f81-f1c19654fd05: receive RaftClientReply:client-8B023739F3BF->b50d6464-f54a-40d1-9f81-f1c19654fd05@group-1F53027F28E3, cid=2804, SUCCESS, logIndex=3942, commits[b50d6464-f54a-40d1-9f81-f1c19654fd05:c3943]
2019-09-12 09:26:27,178 [grpc-default-executor-2] INFO  client.GrpcClientProtocolClient (GrpcClientProtocolClient.java:onNext(264)) - client-8B023739F3BF->b50d6464-f54a-40d1-9f81-f1c19654fd05: receive RaftClientReply:client-8B023739F3BF->b50d6464-f54a-40d1-9f81-f1c19654fd05@group-1F53027F28E3, cid=2805, SUCCESS, logIndex=3944, commits[b50d6464-f54a-40d1-9f81-f1c19654fd05:c3947]
2019-09-12 09:26:27,179 [grpc-default-executor-2] INFO  client.GrpcClientProtocolClient (GrpcClientProtocolClient.java:onNext(264)) - client-8B023739F3BF->b50d6464-f54a-40d1-9f81-f1c19654fd05: receive RaftClientReply:client-8B023739F3BF->b50d6464-f54a-40d1-9f81-f1c19654fd05@group-1F53027F28E3, cid=2806, SUCCESS, logIndex=3945, commits[b50d6464-f54a-40d1-9f81-f1c19654fd05:c3947]
2019-09-12 09:26:27,179 [grpc-default-executor-2] INFO  client.GrpcClientProtocolClient (GrpcClientProtocolClient.java:onNext(264)) - client-8B023739F3BF->b50d6464-f54a-40d1-9f81-f1c19654fd05: receive RaftClientReply:client-8B023739F3BF->b50d6464-f54a-40d1-9f81-f1c19654fd05@group-1F53027F28E3, cid=2807, SUCCESS, logIndex=3946, commits[b50d6464-f54a-40d1-9f81-f1c19654fd05:c3947]
2019-09-12 09:26:27,179 [grpc-default-executor-2] INFO  client.GrpcClientProtocolClient (GrpcClientProtocolClient.java:onNext(264)) - client-8B023739F3BF->b50d6464-f54a-40d1-9f81-f1c19654fd05: receive RaftClientReply:client-8B023739F3BF->b50d6464-f54a-40d1-9f81-f1c19654fd05@group-1F53027F28E3, cid=2808, SUCCESS, logIndex=3947, commits[b50d6464-f54a-40d1-9f81-f1c19654fd05:c3948]
2019-09-12 09:26:27,202 [SCMBlockDeletingService#1] DEBUG block.SCMBlockDeletingService (SCMBlockDeletingService.java:call(138)) - Running DeletedBlockTransactionScanner
2019-09-12 09:26:27,202 [SCMBlockDeletingService#1] DEBUG block.SCMBlockDeletingService (SCMBlockDeletingService.java:call(155)) - Scanned deleted blocks log and got 0 delTX to process.
2019-09-12 09:26:27,210 [grpc-default-executor-1] INFO  client.GrpcClientProtocolClient (GrpcClientProtocolClient.java:onNext(264)) - client-8B023739F3BF->b50d6464-f54a-40d1-9f81-f1c19654fd05: receive RaftClientReply:client-8B023739F3BF->b50d6464-f54a-40d1-9f81-f1c19654fd05@group-1F53027F28E3, cid=2809, SUCCESS, logIndex=3949, commits[b50d6464-f54a-40d1-9f81-f1c19654fd05:c3952]
2019-09-12 09:26:27,211 [grpc-default-executor-1] INFO  client.GrpcClientProtocolClient (GrpcClientProtocolClient.java:onNext(264)) - client-8B023739F3BF->b50d6464-f54a-40d1-9f81-f1c19654fd05: receive RaftClientReply:client-8B023739F3BF->b50d6464-f54a-40d1-9f81-f1c19654fd05@group-1F53027F28E3, cid=2810, SUCCESS, logIndex=3950, commits[b50d6464-f54a-40d1-9f81-f1c19654fd05:c3953]
2019-09-12 09:26:27,211 [grpc-default-executor-1] INFO  client.GrpcClientProtocolClient (GrpcClientProtocolClient.java:onNext(264)) - client-8B023739F3BF->b50d6464-f54a-40d1-9f81-f1c19654fd05: receive RaftClientReply:client-8B023739F3BF->b50d6464-f54a-40d1-9f81-f1c19654fd05@group-1F53027F28E3, cid=2811, SUCCESS, logIndex=3951, commits[b50d6464-f54a-40d1-9f81-f1c19654fd05:c3953]
2019-09-12 09:26:27,211 [grpc-default-executor-1] INFO  client.GrpcClientProtocolClient (GrpcClientProtocolClient.java:onNext(264)) - client-8B023739F3BF->b50d6464-f54a-40d1-9f81-f1c19654fd05: receive RaftClientReply:client-8B023739F3BF->b50d6464-f54a-40d1-9f81-f1c19654fd05@group-1F53027F28E3, cid=2812, SUCCESS, logIndex=3952, commits[b50d6464-f54a-40d1-9f81-f1c19654fd05:c3953]
2019-09-12 09:26:27,230 [grpc-default-executor-1] INFO  client.GrpcClientProtocolClient (GrpcClientProtocolClient.java:onNext(264)) - client-8B023739F3BF->b50d6464-f54a-40d1-9f81-f1c19654fd05: receive RaftClientReply:client-8B023739F3BF->b50d6464-f54a-40d1-9f81-f1c19654fd05@group-1F53027F28E3, cid=2813, SUCCESS, logIndex=3954, commits[b50d6464-f54a-40d1-9f81-f1c19654fd05:c3957]
2019-09-12 09:26:27,231 [grpc-default-executor-1] INFO  client.GrpcClientProtocolClient (GrpcClientProtocolClient.java:onNext(264)) - client-8B023739F3BF->b50d6464-f54a-40d1-9f81-f1c19654fd05: receive RaftClientReply:client-8B023739F3BF->b50d6464-f54a-40d1-9f81-f1c19654fd05@group-1F53027F28E3, cid=2814, SUCCESS, logIndex=3955, commits[b50d6464-f54a-40d1-9f81-f1c19654fd05:c3957]
2019-09-12 09:26:27,231 [grpc-default-executor-1] INFO  client.GrpcClientProtocolClient (GrpcClientProtocolClient.java:onNext(264)) - client-8B023739F3BF->b50d6464-f54a-40d1-9f81-f1c19654fd05: receive RaftClientReply:client-8B023739F3BF->b50d6464-f54a-40d1-9f81-f1c19654fd05@group-1F53027F28E3, cid=2815, SUCCESS, logIndex=3956, commits[b50d6464-f54a-40d1-9f81-f1c19654fd05:c3958]
2019-09-12 09:26:27,232 [grpc-default-executor-1] INFO  client.GrpcClientProtocolClient (GrpcClientProtocolClient.java:onNext(264)) - client-8B023739F3BF->b50d6464-f54a-40d1-9f81-f1c19654fd05: receive RaftClientReply:client-8B023739F3BF->b50d6464-f54a-40d1-9f81-f1c19654fd05@group-1F53027F28E3, cid=2816, SUCCESS, logIndex=3957, commits[b50d6464-f54a-40d1-9f81-f1c19654fd05:c3958]
2019-09-12 09:26:27,257 [grpc-default-executor-1] INFO  client.GrpcClientProtocolClient (GrpcClientProtocolClient.java:onNext(264)) - client-8B023739F3BF->b50d6464-f54a-40d1-9f81-f1c19654fd05: receive RaftClientReply:client-8B023739F3BF->b50d6464-f54a-40d1-9f81-f1c19654fd05@group-1F53027F28E3, cid=2817, SUCCESS, logIndex=3959, commits[b50d6464-f54a-40d1-9f81-f1c19654fd05:c3960]
2019-09-12 09:26:27,258 [grpc-default-executor-1] INFO  client.GrpcClientProtocolClient (GrpcClientProtocolClient.java:onNext(264)) - client-8B023739F3BF->b50d6464-f54a-40d1-9f81-f1c19654fd05: receive RaftClientReply:client-8B023739F3BF->b50d6464-f54a-40d1-9f81-f1c19654fd05@group-1F53027F28E3, cid=2818, SUCCESS, logIndex=3960, commits[b50d6464-f54a-40d1-9f81-f1c19654fd05:c3962]
2019-09-12 09:26:27,258 [grpc-default-executor-1] INFO  client.GrpcClientProtocolClient (GrpcClientProtocolClient.java:onNext(264)) - client-8B023739F3BF->b50d6464-f54a-40d1-9f81-f1c19654fd05: receive RaftClientReply:client-8B023739F3BF->b50d6464-f54a-40d1-9f81-f1c19654fd05@group-1F53027F28E3, cid=2819, SUCCESS, logIndex=3961, commits[b50d6464-f54a-40d1-9f81-f1c19654fd05:c3962]
2019-09-12 09:26:27,258 [grpc-default-executor-1] INFO  client.GrpcClientProtocolClient (GrpcClientProtocolClient.java:onNext(264)) - client-8B023739F3BF->b50d6464-f54a-40d1-9f81-f1c19654fd05: receive RaftClientReply:client-8B023739F3BF->b50d6464-f54a-40d1-9f81-f1c19654fd05@group-1F53027F28E3, cid=2820, SUCCESS, logIndex=3962, commits[b50d6464-f54a-40d1-9f81-f1c19654fd05:c3963]
2019-09-12 09:26:27,278 [grpc-default-executor-1] INFO  client.GrpcClientProtocolClient (GrpcClientProtocolClient.java:onNext(264)) - client-8B023739F3BF->b50d6464-f54a-40d1-9f81-f1c19654fd05: receive RaftClientReply:client-8B023739F3BF->b50d6464-f54a-40d1-9f81-f1c19654fd05@group-1F53027F28E3, cid=2821, SUCCESS, logIndex=3965, commits[b50d6464-f54a-40d1-9f81-f1c19654fd05:c3968]
2019-09-12 09:26:27,278 [grpc-default-executor-1] INFO  client.GrpcClientProtocolClient (GrpcClientProtocolClient.java:onNext(264)) - client-8B023739F3BF->b50d6464-f54a-40d1-9f81-f1c19654fd05: receive RaftClientReply:client-8B023739F3BF->b50d6464-f54a-40d1-9f81-f1c19654fd05@group-1F53027F28E3, cid=2822, SUCCESS, logIndex=3966, commits[b50d6464-f54a-40d1-9f81-f1c19654fd05:c3968]
2019-09-12 09:26:27,278 [grpc-default-executor-1] INFO  client.GrpcClientProtocolClient (GrpcClientProtocolClient.java:onNext(264)) - client-8B023739F3BF->b50d6464-f54a-40d1-9f81-f1c19654fd05: receive RaftClientReply:client-8B023739F3BF->b50d6464-f54a-40d1-9f81-f1c19654fd05@group-1F53027F28E3, cid=2823, SUCCESS, logIndex=3967, commits[b50d6464-f54a-40d1-9f81-f1c19654fd05:c3968]
2019-09-12 09:26:27,279 [grpc-default-executor-1] INFO  client.GrpcClientProtocolClient (GrpcClientProtocolClient.java:onNext(264)) - client-8B023739F3BF->b50d6464-f54a-40d1-9f81-f1c19654fd05: receive RaftClientReply:client-8B023739F3BF->b50d6464-f54a-40d1-9f81-f1c19654fd05@group-1F53027F28E3, cid=2824, SUCCESS, logIndex=3968, commits[b50d6464-f54a-40d1-9f81-f1c19654fd05:c3969]
2019-09-12 09:26:27,302 [SCMBlockDeletingService#1] DEBUG block.SCMBlockDeletingService (SCMBlockDeletingService.java:call(138)) - Running DeletedBlockTransactionScanner
2019-09-12 09:26:27,303 [SCMBlockDeletingService#1] DEBUG block.SCMBlockDeletingService (SCMBlockDeletingService.java:call(155)) - Scanned deleted blocks log and got 0 delTX to process.
2019-09-12 09:26:27,305 [grpc-default-executor-1] INFO  client.GrpcClientProtocolClient (GrpcClientProtocolClient.java:onNext(264)) - client-8B023739F3BF->b50d6464-f54a-40d1-9f81-f1c19654fd05: receive RaftClientReply:client-8B023739F3BF->b50d6464-f54a-40d1-9f81-f1c19654fd05@group-1F53027F28E3, cid=2825, SUCCESS, logIndex=3970, commits[b50d6464-f54a-40d1-9f81-f1c19654fd05:c3973]
2019-09-12 09:26:27,305 [grpc-default-executor-1] INFO  client.GrpcClientProtocolClient (GrpcClientProtocolClient.java:onNext(264)) - client-8B023739F3BF->b50d6464-f54a-40d1-9f81-f1c19654fd05: receive RaftClientReply:client-8B023739F3BF->b50d6464-f54a-40d1-9f81-f1c19654fd05@group-1F53027F28E3, cid=2826, SUCCESS, logIndex=3971, commits[b50d6464-f54a-40d1-9f81-f1c19654fd05:c3974]
2019-09-12 09:26:27,305 [grpc-default-executor-1] INFO  client.GrpcClientProtocolClient (GrpcClientProtocolClient.java:onNext(264)) - client-8B023739F3BF->b50d6464-f54a-40d1-9f81-f1c19654fd05: receive RaftClientReply:client-8B023739F3BF->b50d6464-f54a-40d1-9f81-f1c19654fd05@group-1F53027F28E3, cid=2827, SUCCESS, logIndex=3972, commits[b50d6464-f54a-40d1-9f81-f1c19654fd05:c3974]
2019-09-12 09:26:27,306 [grpc-default-executor-1] INFO  client.GrpcClientProtocolClient (GrpcClientProtocolClient.java:onNext(264)) - client-8B023739F3BF->b50d6464-f54a-40d1-9f81-f1c19654fd05: receive RaftClientReply:client-8B023739F3BF->b50d6464-f54a-40d1-9f81-f1c19654fd05@group-1F53027F28E3, cid=2828, SUCCESS, logIndex=3973, commits[b50d6464-f54a-40d1-9f81-f1c19654fd05:c3974]
2019-09-12 09:26:27,403 [SCMBlockDeletingService#1] DEBUG block.SCMBlockDeletingService (SCMBlockDeletingService.java:call(138)) - Running DeletedBlockTransactionScanner
2019-09-12 09:26:27,403 [SCMBlockDeletingService#1] DEBUG block.SCMBlockDeletingService (SCMBlockDeletingService.java:call(155)) - Scanned deleted blocks log and got 0 delTX to process.
2019-09-12 09:26:27,411 [grpc-default-executor-1] INFO  client.GrpcClientProtocolClient (GrpcClientProtocolClient.java:onNext(264)) - client-8B023739F3BF->b50d6464-f54a-40d1-9f81-f1c19654fd05: receive RaftClientReply:client-8B023739F3BF->b50d6464-f54a-40d1-9f81-f1c19654fd05@group-1F53027F28E3, cid=2829, SUCCESS, logIndex=3975, commits[b50d6464-f54a-40d1-9f81-f1c19654fd05:c3978]
2019-09-12 09:26:27,412 [grpc-default-executor-1] INFO  client.GrpcClientProtocolClient (GrpcClientProtocolClient.java:onNext(264)) - client-8B023739F3BF->b50d6464-f54a-40d1-9f81-f1c19654fd05: receive RaftClientReply:client-8B023739F3BF->b50d6464-f54a-40d1-9f81-f1c19654fd05@group-1F53027F28E3, cid=2830, SUCCESS, logIndex=3976, commits[b50d6464-f54a-40d1-9f81-f1c19654fd05:c3978]
2019-09-12 09:26:27,412 [grpc-default-executor-1] INFO  client.GrpcClientProtocolClient (GrpcClientProtocolClient.java:onNext(264)) - client-8B023739F3BF->b50d6464-f54a-40d1-9f81-f1c19654fd05: receive RaftClientReply:client-8B023739F3BF->b50d6464-f54a-40d1-9f81-f1c19654fd05@group-1F53027F28E3, cid=2831, SUCCESS, logIndex=3977, commits[b50d6464-f54a-40d1-9f81-f1c19654fd05:c3978]
2019-09-12 09:26:27,412 [grpc-default-executor-1] INFO  client.GrpcClientProtocolClient (GrpcClientProtocolClient.java:onNext(264)) - client-8B023739F3BF->b50d6464-f54a-40d1-9f81-f1c19654fd05: receive RaftClientReply:client-8B023739F3BF->b50d6464-f54a-40d1-9f81-f1c19654fd05@group-1F53027F28E3, cid=2832, SUCCESS, logIndex=3978, commits[b50d6464-f54a-40d1-9f81-f1c19654fd05:c3979]
2019-09-12 09:26:27,438 [grpc-default-executor-1] INFO  client.GrpcClientProtocolClient (GrpcClientProtocolClient.java:onNext(264)) - client-8B023739F3BF->b50d6464-f54a-40d1-9f81-f1c19654fd05: receive RaftClientReply:client-8B023739F3BF->b50d6464-f54a-40d1-9f81-f1c19654fd05@group-1F53027F28E3, cid=2833, SUCCESS, logIndex=3980, commits[b50d6464-f54a-40d1-9f81-f1c19654fd05:c3981]
2019-09-12 09:26:27,438 [grpc-default-executor-1] INFO  client.GrpcClientProtocolClient (GrpcClientProtocolClient.java:onNext(264)) - client-8B023739F3BF->b50d6464-f54a-40d1-9f81-f1c19654fd05: receive RaftClientReply:client-8B023739F3BF->b50d6464-f54a-40d1-9f81-f1c19654fd05@group-1F53027F28E3, cid=2834, SUCCESS, logIndex=3981, commits[b50d6464-f54a-40d1-9f81-f1c19654fd05:c3983]
2019-09-12 09:26:27,438 [grpc-default-executor-1] INFO  client.GrpcClientProtocolClient (GrpcClientProtocolClient.java:onNext(264)) - client-8B023739F3BF->b50d6464-f54a-40d1-9f81-f1c19654fd05: receive RaftClientReply:client-8B023739F3BF->b50d6464-f54a-40d1-9f81-f1c19654fd05@group-1F53027F28E3, cid=2835, SUCCESS, logIndex=3982, commits[b50d6464-f54a-40d1-9f81-f1c19654fd05:c3983]
2019-09-12 09:26:27,439 [grpc-default-executor-1] INFO  client.GrpcClientProtocolClient (GrpcClientProtocolClient.java:onNext(264)) - client-8B023739F3BF->b50d6464-f54a-40d1-9f81-f1c19654fd05: receive RaftClientReply:client-8B023739F3BF->b50d6464-f54a-40d1-9f81-f1c19654fd05@group-1F53027F28E3, cid=2836, SUCCESS, logIndex=3983, commits[b50d6464-f54a-40d1-9f81-f1c19654fd05:c3984]
2019-09-12 09:26:27,455 [grpc-default-executor-1] INFO  client.GrpcClientProtocolClient (GrpcClientProtocolClient.java:onNext(264)) - client-8B023739F3BF->b50d6464-f54a-40d1-9f81-f1c19654fd05: receive RaftClientReply:client-8B023739F3BF->b50d6464-f54a-40d1-9f81-f1c19654fd05@group-1F53027F28E3, cid=2837, SUCCESS, logIndex=3986, commits[b50d6464-f54a-40d1-9f81-f1c19654fd05:c3987]
2019-09-12 09:26:27,456 [grpc-default-executor-1] INFO  client.GrpcClientProtocolClient (GrpcClientProtocolClient.java:onNext(264)) - client-8B023739F3BF->b50d6464-f54a-40d1-9f81-f1c19654fd05: receive RaftClientReply:client-8B023739F3BF->b50d6464-f54a-40d1-9f81-f1c19654fd05@group-1F53027F28E3, cid=2838, SUCCESS, logIndex=3987, commits[b50d6464-f54a-40d1-9f81-f1c19654fd05:c3987]
2019-09-12 09:26:27,456 [grpc-default-executor-1] INFO  client.GrpcClientProtocolClient (GrpcClientProtocolClient.java:onNext(264)) - client-8B023739F3BF->b50d6464-f54a-40d1-9f81-f1c19654fd05: receive RaftClientReply:client-8B023739F3BF->b50d6464-f54a-40d1-9f81-f1c19654fd05@group-1F53027F28E3, cid=2839, SUCCESS, logIndex=3988, commits[b50d6464-f54a-40d1-9f81-f1c19654fd05:c3989]
2019-09-12 09:26:27,456 [grpc-default-executor-1] INFO  client.GrpcClientProtocolClient (GrpcClientProtocolClient.java:onNext(264)) - client-8B023739F3BF->b50d6464-f54a-40d1-9f81-f1c19654fd05: receive RaftClientReply:client-8B023739F3BF->b50d6464-f54a-40d1-9f81-f1c19654fd05@group-1F53027F28E3, cid=2840, SUCCESS, logIndex=3989, commits[b50d6464-f54a-40d1-9f81-f1c19654fd05:c3989]
2019-09-12 09:26:27,483 [grpc-default-executor-1] INFO  client.GrpcClientProtocolClient (GrpcClientProtocolClient.java:onNext(264)) - client-8B023739F3BF->b50d6464-f54a-40d1-9f81-f1c19654fd05: receive RaftClientReply:client-8B023739F3BF->b50d6464-f54a-40d1-9f81-f1c19654fd05@group-1F53027F28E3, cid=2841, SUCCESS, logIndex=3992, commits[b50d6464-f54a-40d1-9f81-f1c19654fd05:c3993]
2019-09-12 09:26:27,483 [grpc-default-executor-1] INFO  client.GrpcClientProtocolClient (GrpcClientProtocolClient.java:onNext(264)) - client-8B023739F3BF->b50d6464-f54a-40d1-9f81-f1c19654fd05: receive RaftClientReply:client-8B023739F3BF->b50d6464-f54a-40d1-9f81-f1c19654fd05@group-1F53027F28E3, cid=2842, SUCCESS, logIndex=3993, commits[b50d6464-f54a-40d1-9f81-f1c19654fd05:c3995]
2019-09-12 09:26:27,484 [grpc-default-executor-1] INFO  client.GrpcClientProtocolClient (GrpcClientProtocolClient.java:onNext(264)) - client-8B023739F3BF->b50d6464-f54a-40d1-9f81-f1c19654fd05: receive RaftClientReply:client-8B023739F3BF->b50d6464-f54a-40d1-9f81-f1c19654fd05@group-1F53027F28E3, cid=2843, SUCCESS, logIndex=3994, commits[b50d6464-f54a-40d1-9f81-f1c19654fd05:c3995]
2019-09-12 09:26:27,484 [grpc-default-executor-1] INFO  client.GrpcClientProtocolClient (GrpcClientProtocolClient.java:onNext(264)) - client-8B023739F3BF->b50d6464-f54a-40d1-9f81-f1c19654fd05: receive RaftClientReply:client-8B023739F3BF->b50d6464-f54a-40d1-9f81-f1c19654fd05@group-1F53027F28E3, cid=2844, SUCCESS, logIndex=3995, commits[b50d6464-f54a-40d1-9f81-f1c19654fd05:c3996]
2019-09-12 09:26:27,504 [SCMBlockDeletingService#1] DEBUG block.SCMBlockDeletingService (SCMBlockDeletingService.java:call(138)) - Running DeletedBlockTransactionScanner
2019-09-12 09:26:27,504 [SCMBlockDeletingService#1] DEBUG block.SCMBlockDeletingService (SCMBlockDeletingService.java:call(155)) - Scanned deleted blocks log and got 0 delTX to process.
2019-09-12 09:26:27,507 [grpc-default-executor-1] INFO  client.GrpcClientProtocolClient (GrpcClientProtocolClient.java:onNext(264)) - client-8B023739F3BF->b50d6464-f54a-40d1-9f81-f1c19654fd05: receive RaftClientReply:client-8B023739F3BF->b50d6464-f54a-40d1-9f81-f1c19654fd05@group-1F53027F28E3, cid=2845, SUCCESS, logIndex=3998, commits[b50d6464-f54a-40d1-9f81-f1c19654fd05:c4001]
2019-09-12 09:26:27,507 [grpc-default-executor-1] INFO  client.GrpcClientProtocolClient (GrpcClientProtocolClient.java:onNext(264)) - client-8B023739F3BF->b50d6464-f54a-40d1-9f81-f1c19654fd05: receive RaftClientReply:client-8B023739F3BF->b50d6464-f54a-40d1-9f81-f1c19654fd05@group-1F53027F28E3, cid=2846, SUCCESS, logIndex=3999, commits[b50d6464-f54a-40d1-9f81-f1c19654fd05:c4001]
2019-09-12 09:26:27,508 [grpc-default-executor-1] INFO  client.GrpcClientProtocolClient (GrpcClientProtocolClient.java:onNext(264)) - client-8B023739F3BF->b50d6464-f54a-40d1-9f81-f1c19654fd05: receive RaftClientReply:client-8B023739F3BF->b50d6464-f54a-40d1-9f81-f1c19654fd05@group-1F53027F28E3, cid=2847, SUCCESS, logIndex=4000, commits[b50d6464-f54a-40d1-9f81-f1c19654fd05:c4002]
2019-09-12 09:26:27,509 [grpc-default-executor-1] INFO  client.GrpcClientProtocolClient (GrpcClientProtocolClient.java:onNext(264)) - client-8B023739F3BF->b50d6464-f54a-40d1-9f81-f1c19654fd05: receive RaftClientReply:client-8B023739F3BF->b50d6464-f54a-40d1-9f81-f1c19654fd05@group-1F53027F28E3, cid=2848, SUCCESS, logIndex=4001, commits[b50d6464-f54a-40d1-9f81-f1c19654fd05:c4002]
2019-09-12 09:26:27,539 [grpc-default-executor-1] INFO  client.GrpcClientProtocolClient (GrpcClientProtocolClient.java:onNext(264)) - client-8B023739F3BF->b50d6464-f54a-40d1-9f81-f1c19654fd05: receive RaftClientReply:client-8B023739F3BF->b50d6464-f54a-40d1-9f81-f1c19654fd05@group-1F53027F28E3, cid=2849, SUCCESS, logIndex=4003, commits[b50d6464-f54a-40d1-9f81-f1c19654fd05:c4006]
2019-09-12 09:26:27,539 [grpc-default-executor-1] INFO  client.GrpcClientProtocolClient (GrpcClientProtocolClient.java:onNext(264)) - client-8B023739F3BF->b50d6464-f54a-40d1-9f81-f1c19654fd05: receive RaftClientReply:client-8B023739F3BF->b50d6464-f54a-40d1-9f81-f1c19654fd05@group-1F53027F28E3, cid=2850, SUCCESS, logIndex=4004, commits[b50d6464-f54a-40d1-9f81-f1c19654fd05:c4006]
2019-09-12 09:26:27,540 [grpc-default-executor-1] INFO  client.GrpcClientProtocolClient (GrpcClientProtocolClient.java:onNext(264)) - client-8B023739F3BF->b50d6464-f54a-40d1-9f81-f1c19654fd05: receive RaftClientReply:client-8B023739F3BF->b50d6464-f54a-40d1-9f81-f1c19654fd05@group-1F53027F28E3, cid=2851, SUCCESS, logIndex=4005, commits[b50d6464-f54a-40d1-9f81-f1c19654fd05:c4007]
2019-09-12 09:26:27,540 [grpc-default-executor-1] INFO  client.GrpcClientProtocolClient (GrpcClientProtocolClient.java:onNext(264)) - client-8B023739F3BF->b50d6464-f54a-40d1-9f81-f1c19654fd05: receive RaftClientReply:client-8B023739F3BF->b50d6464-f54a-40d1-9f81-f1c19654fd05@group-1F53027F28E3, cid=2852, SUCCESS, logIndex=4006, commits[b50d6464-f54a-40d1-9f81-f1c19654fd05:c4007]
2019-09-12 09:26:27,557 [grpc-default-executor-1] INFO  client.GrpcClientProtocolClient (GrpcClientProtocolClient.java:onNext(264)) - client-8B023739F3BF->b50d6464-f54a-40d1-9f81-f1c19654fd05: receive RaftClientReply:client-8B023739F3BF->b50d6464-f54a-40d1-9f81-f1c19654fd05@group-1F53027F28E3, cid=2853, SUCCESS, logIndex=4008, commits[b50d6464-f54a-40d1-9f81-f1c19654fd05:c4009]
2019-09-12 09:26:27,557 [grpc-default-executor-1] INFO  client.GrpcClientProtocolClient (GrpcClientProtocolClient.java:onNext(264)) - client-8B023739F3BF->b50d6464-f54a-40d1-9f81-f1c19654fd05: receive RaftClientReply:client-8B023739F3BF->b50d6464-f54a-40d1-9f81-f1c19654fd05@group-1F53027F28E3, cid=2854, SUCCESS, logIndex=4009, commits[b50d6464-f54a-40d1-9f81-f1c19654fd05:c4011]
2019-09-12 09:26:27,557 [grpc-default-executor-1] INFO  client.GrpcClientProtocolClient (GrpcClientProtocolClient.java:onNext(264)) - client-8B023739F3BF->b50d6464-f54a-40d1-9f81-f1c19654fd05: receive RaftClientReply:client-8B023739F3BF->b50d6464-f54a-40d1-9f81-f1c19654fd05@group-1F53027F28E3, cid=2855, SUCCESS, logIndex=4010, commits[b50d6464-f54a-40d1-9f81-f1c19654fd05:c4011]
2019-09-12 09:26:27,558 [grpc-default-executor-1] INFO  client.GrpcClientProtocolClient (GrpcClientProtocolClient.java:onNext(264)) - client-8B023739F3BF->b50d6464-f54a-40d1-9f81-f1c19654fd05: receive RaftClientReply:client-8B023739F3BF->b50d6464-f54a-40d1-9f81-f1c19654fd05@group-1F53027F28E3, cid=2856, SUCCESS, logIndex=4011, commits[b50d6464-f54a-40d1-9f81-f1c19654fd05:c4012]
2019-09-12 09:26:27,581 [grpc-default-executor-2] INFO  client.GrpcClientProtocolClient (GrpcClientProtocolClient.java:onNext(264)) - client-8B023739F3BF->b50d6464-f54a-40d1-9f81-f1c19654fd05: receive RaftClientReply:client-8B023739F3BF->b50d6464-f54a-40d1-9f81-f1c19654fd05@group-1F53027F28E3, cid=2857, SUCCESS, logIndex=4014, commits[b50d6464-f54a-40d1-9f81-f1c19654fd05:c4015]
2019-09-12 09:26:27,582 [grpc-default-executor-2] INFO  client.GrpcClientProtocolClient (GrpcClientProtocolClient.java:onNext(264)) - client-8B023739F3BF->b50d6464-f54a-40d1-9f81-f1c19654fd05: receive RaftClientReply:client-8B023739F3BF->b50d6464-f54a-40d1-9f81-f1c19654fd05@group-1F53027F28E3, cid=2858, SUCCESS, logIndex=4015, commits[b50d6464-f54a-40d1-9f81-f1c19654fd05:c4015]
2019-09-12 09:26:27,582 [grpc-default-executor-2] INFO  client.GrpcClientProtocolClient (GrpcClientProtocolClient.java:onNext(264)) - client-8B023739F3BF->b50d6464-f54a-40d1-9f81-f1c19654fd05: receive RaftClientReply:client-8B023739F3BF->b50d6464-f54a-40d1-9f81-f1c19654fd05@group-1F53027F28E3, cid=2859, SUCCESS, logIndex=4016, commits[b50d6464-f54a-40d1-9f81-f1c19654fd05:c4017]
2019-09-12 09:26:27,582 [grpc-default-executor-2] INFO  client.GrpcClientProtocolClient (GrpcClientProtocolClient.java:onNext(264)) - client-8B023739F3BF->b50d6464-f54a-40d1-9f81-f1c19654fd05: receive RaftClientReply:client-8B023739F3BF->b50d6464-f54a-40d1-9f81-f1c19654fd05@group-1F53027F28E3, cid=2860, SUCCESS, logIndex=4017, commits[b50d6464-f54a-40d1-9f81-f1c19654fd05:c4017]
2019-09-12 09:26:27,601 [grpc-default-executor-2] INFO  client.GrpcClientProtocolClient (GrpcClientProtocolClient.java:onNext(264)) - client-8B023739F3BF->b50d6464-f54a-40d1-9f81-f1c19654fd05: receive RaftClientReply:client-8B023739F3BF->b50d6464-f54a-40d1-9f81-f1c19654fd05@group-1F53027F28E3, cid=2861, SUCCESS, logIndex=4020, commits[b50d6464-f54a-40d1-9f81-f1c19654fd05:c4023]
2019-09-12 09:26:27,602 [grpc-default-executor-2] INFO  client.GrpcClientProtocolClient (GrpcClientProtocolClient.java:onNext(264)) - client-8B023739F3BF->b50d6464-f54a-40d1-9f81-f1c19654fd05: receive RaftClientReply:client-8B023739F3BF->b50d6464-f54a-40d1-9f81-f1c19654fd05@group-1F53027F28E3, cid=2862, SUCCESS, logIndex=4021, commits[b50d6464-f54a-40d1-9f81-f1c19654fd05:c4024]
2019-09-12 09:26:27,602 [grpc-default-executor-2] INFO  client.GrpcClientProtocolClient (GrpcClientProtocolClient.java:onNext(264)) - client-8B023739F3BF->b50d6464-f54a-40d1-9f81-f1c19654fd05: receive RaftClientReply:client-8B023739F3BF->b50d6464-f54a-40d1-9f81-f1c19654fd05@group-1F53027F28E3, cid=2863, SUCCESS, logIndex=4022, commits[b50d6464-f54a-40d1-9f81-f1c19654fd05:c4024]
2019-09-12 09:26:27,602 [grpc-default-executor-2] INFO  client.GrpcClientProtocolClient (GrpcClientProtocolClient.java:onNext(264)) - client-8B023739F3BF->b50d6464-f54a-40d1-9f81-f1c19654fd05: receive RaftClientReply:client-8B023739F3BF->b50d6464-f54a-40d1-9f81-f1c19654fd05@group-1F53027F28E3, cid=2864, SUCCESS, logIndex=4023, commits[b50d6464-f54a-40d1-9f81-f1c19654fd05:c4024]
2019-09-12 09:26:27,604 [SCMBlockDeletingService#1] DEBUG block.SCMBlockDeletingService (SCMBlockDeletingService.java:call(138)) - Running DeletedBlockTransactionScanner
2019-09-12 09:26:27,605 [SCMBlockDeletingService#1] DEBUG block.SCMBlockDeletingService (SCMBlockDeletingService.java:call(155)) - Scanned deleted blocks log and got 0 delTX to process.
2019-09-12 09:26:27,626 [grpc-default-executor-2] INFO  client.GrpcClientProtocolClient (GrpcClientProtocolClient.java:onNext(264)) - client-8B023739F3BF->b50d6464-f54a-40d1-9f81-f1c19654fd05: receive RaftClientReply:client-8B023739F3BF->b50d6464-f54a-40d1-9f81-f1c19654fd05@group-1F53027F28E3, cid=2865, SUCCESS, logIndex=4025, commits[b50d6464-f54a-40d1-9f81-f1c19654fd05:c4026]
2019-09-12 09:26:27,626 [grpc-default-executor-2] INFO  client.GrpcClientProtocolClient (GrpcClientProtocolClient.java:onNext(264)) - client-8B023739F3BF->b50d6464-f54a-40d1-9f81-f1c19654fd05: receive RaftClientReply:client-8B023739F3BF->b50d6464-f54a-40d1-9f81-f1c19654fd05@group-1F53027F28E3, cid=2866, SUCCESS, logIndex=4026, commits[b50d6464-f54a-40d1-9f81-f1c19654fd05:c4028]
2019-09-12 09:26:27,626 [grpc-default-executor-2] INFO  client.GrpcClientProtocolClient (GrpcClientProtocolClient.java:onNext(264)) - client-8B023739F3BF->b50d6464-f54a-40d1-9f81-f1c19654fd05: receive RaftClientReply:client-8B023739F3BF->b50d6464-f54a-40d1-9f81-f1c19654fd05@group-1F53027F28E3, cid=2867, SUCCESS, logIndex=4027, commits[b50d6464-f54a-40d1-9f81-f1c19654fd05:c4029]
2019-09-12 09:26:27,627 [grpc-default-executor-2] INFO  client.GrpcClientProtocolClient (GrpcClientProtocolClient.java:onNext(264)) - client-8B023739F3BF->b50d6464-f54a-40d1-9f81-f1c19654fd05: receive RaftClientReply:client-8B023739F3BF->b50d6464-f54a-40d1-9f81-f1c19654fd05@group-1F53027F28E3, cid=2868, SUCCESS, logIndex=4028, commits[b50d6464-f54a-40d1-9f81-f1c19654fd05:c4030]
2019-09-12 09:26:27,646 [grpc-default-executor-2] INFO  client.GrpcClientProtocolClient (GrpcClientProtocolClient.java:onNext(264)) - client-8B023739F3BF->b50d6464-f54a-40d1-9f81-f1c19654fd05: receive RaftClientReply:client-8B023739F3BF->b50d6464-f54a-40d1-9f81-f1c19654fd05@group-1F53027F28E3, cid=2869, SUCCESS, logIndex=4031, commits[b50d6464-f54a-40d1-9f81-f1c19654fd05:c4032]
2019-09-12 09:26:27,647 [grpc-default-executor-2] INFO  client.GrpcClientProtocolClient (GrpcClientProtocolClient.java:onNext(264)) - client-8B023739F3BF->b50d6464-f54a-40d1-9f81-f1c19654fd05: receive RaftClientReply:client-8B023739F3BF->b50d6464-f54a-40d1-9f81-f1c19654fd05@group-1F53027F28E3, cid=2870, SUCCESS, logIndex=4032, commits[b50d6464-f54a-40d1-9f81-f1c19654fd05:c4034]
2019-09-12 09:26:27,647 [grpc-default-executor-2] INFO  client.GrpcClientProtocolClient (GrpcClientProtocolClient.java:onNext(264)) - client-8B023739F3BF->b50d6464-f54a-40d1-9f81-f1c19654fd05: receive RaftClientReply:client-8B023739F3BF->b50d6464-f54a-40d1-9f81-f1c19654fd05@group-1F53027F28E3, cid=2871, SUCCESS, logIndex=4033, commits[b50d6464-f54a-40d1-9f81-f1c19654fd05:c4035]
2019-09-12 09:26:27,647 [grpc-default-executor-2] INFO  client.GrpcClientProtocolClient (GrpcClientProtocolClient.java:onNext(264)) - client-8B023739F3BF->b50d6464-f54a-40d1-9f81-f1c19654fd05: receive RaftClientReply:client-8B023739F3BF->b50d6464-f54a-40d1-9f81-f1c19654fd05@group-1F53027F28E3, cid=2872, SUCCESS, logIndex=4034, commits[b50d6464-f54a-40d1-9f81-f1c19654fd05:c4035]
2019-09-12 09:26:27,715 [SCMBlockDeletingService#1] DEBUG block.SCMBlockDeletingService (SCMBlockDeletingService.java:call(138)) - Running DeletedBlockTransactionScanner
2019-09-12 09:26:27,715 [SCMBlockDeletingService#1] DEBUG block.SCMBlockDeletingService (SCMBlockDeletingService.java:call(155)) - Scanned deleted blocks log and got 0 delTX to process.
2019-09-12 09:26:27,816 [SCMBlockDeletingService#0] DEBUG block.SCMBlockDeletingService (SCMBlockDeletingService.java:call(138)) - Running DeletedBlockTransactionScanner
2019-09-12 09:26:27,816 [SCMBlockDeletingService#0] DEBUG block.SCMBlockDeletingService (SCMBlockDeletingService.java:call(155)) - Scanned deleted blocks log and got 0 delTX to process.
2019-09-12 09:26:27,867 [grpc-default-executor-2] INFO  client.GrpcClientProtocolClient (GrpcClientProtocolClient.java:onNext(264)) - client-8B023739F3BF->b50d6464-f54a-40d1-9f81-f1c19654fd05: receive RaftClientReply:client-8B023739F3BF->b50d6464-f54a-40d1-9f81-f1c19654fd05@group-1F53027F28E3, cid=2873, SUCCESS, logIndex=4037, commits[b50d6464-f54a-40d1-9f81-f1c19654fd05:c4040]
2019-09-12 09:26:27,867 [grpc-default-executor-2] INFO  client.GrpcClientProtocolClient (GrpcClientProtocolClient.java:onNext(264)) - client-8B023739F3BF->b50d6464-f54a-40d1-9f81-f1c19654fd05: receive RaftClientReply:client-8B023739F3BF->b50d6464-f54a-40d1-9f81-f1c19654fd05@group-1F53027F28E3, cid=2874, SUCCESS, logIndex=4038, commits[b50d6464-f54a-40d1-9f81-f1c19654fd05:c4041]
2019-09-12 09:26:27,867 [grpc-default-executor-2] INFO  client.GrpcClientProtocolClient (GrpcClientProtocolClient.java:onNext(264)) - client-8B023739F3BF->b50d6464-f54a-40d1-9f81-f1c19654fd05: receive RaftClientReply:client-8B023739F3BF->b50d6464-f54a-40d1-9f81-f1c19654fd05@group-1F53027F28E3, cid=2875, SUCCESS, logIndex=4039, commits[b50d6464-f54a-40d1-9f81-f1c19654fd05:c4041]
2019-09-12 09:26:27,868 [grpc-default-executor-2] INFO  client.GrpcClientProtocolClient (GrpcClientProtocolClient.java:onNext(264)) - client-8B023739F3BF->b50d6464-f54a-40d1-9f81-f1c19654fd05: receive RaftClientReply:client-8B023739F3BF->b50d6464-f54a-40d1-9f81-f1c19654fd05@group-1F53027F28E3, cid=2876, SUCCESS, logIndex=4040, commits[b50d6464-f54a-40d1-9f81-f1c19654fd05:c4041]
2019-09-12 09:26:27,887 [grpc-default-executor-1] INFO  client.GrpcClientProtocolClient (GrpcClientProtocolClient.java:onNext(264)) - client-8B023739F3BF->b50d6464-f54a-40d1-9f81-f1c19654fd05: receive RaftClientReply:client-8B023739F3BF->b50d6464-f54a-40d1-9f81-f1c19654fd05@group-1F53027F28E3, cid=2877, SUCCESS, logIndex=4042, commits[b50d6464-f54a-40d1-9f81-f1c19654fd05:c4043]
2019-09-12 09:26:27,888 [grpc-default-executor-1] INFO  client.GrpcClientProtocolClient (GrpcClientProtocolClient.java:onNext(264)) - client-8B023739F3BF->b50d6464-f54a-40d1-9f81-f1c19654fd05: receive RaftClientReply:client-8B023739F3BF->b50d6464-f54a-40d1-9f81-f1c19654fd05@group-1F53027F28E3, cid=2878, SUCCESS, logIndex=4043, commits[b50d6464-f54a-40d1-9f81-f1c19654fd05:c4045]
2019-09-12 09:26:27,888 [grpc-default-executor-1] INFO  client.GrpcClientProtocolClient (GrpcClientProtocolClient.java:onNext(264)) - client-8B023739F3BF->b50d6464-f54a-40d1-9f81-f1c19654fd05: receive RaftClientReply:client-8B023739F3BF->b50d6464-f54a-40d1-9f81-f1c19654fd05@group-1F53027F28E3, cid=2879, SUCCESS, logIndex=4044, commits[b50d6464-f54a-40d1-9f81-f1c19654fd05:c4045]
2019-09-12 09:26:27,888 [grpc-default-executor-1] INFO  client.GrpcClientProtocolClient (GrpcClientProtocolClient.java:onNext(264)) - client-8B023739F3BF->b50d6464-f54a-40d1-9f81-f1c19654fd05: receive RaftClientReply:client-8B023739F3BF->b50d6464-f54a-40d1-9f81-f1c19654fd05@group-1F53027F28E3, cid=2880, SUCCESS, logIndex=4045, commits[b50d6464-f54a-40d1-9f81-f1c19654fd05:c4045]
2019-09-12 09:26:27,916 [grpc-default-executor-1] INFO  client.GrpcClientProtocolClient (GrpcClientProtocolClient.java:onNext(264)) - client-8B023739F3BF->b50d6464-f54a-40d1-9f81-f1c19654fd05: receive RaftClientReply:client-8B023739F3BF->b50d6464-f54a-40d1-9f81-f1c19654fd05@group-1F53027F28E3, cid=2881, SUCCESS, logIndex=4048, commits[b50d6464-f54a-40d1-9f81-f1c19654fd05:c4049]
2019-09-12 09:26:27,916 [SCMBlockDeletingService#0] DEBUG block.SCMBlockDeletingService (SCMBlockDeletingService.java:call(138)) - Running DeletedBlockTransactionScanner
2019-09-12 09:26:27,916 [grpc-default-executor-1] INFO  client.GrpcClientProtocolClient (GrpcClientProtocolClient.java:onNext(264)) - client-8B023739F3BF->b50d6464-f54a-40d1-9f81-f1c19654fd05: receive RaftClientReply:client-8B023739F3BF->b50d6464-f54a-40d1-9f81-f1c19654fd05@group-1F53027F28E3, cid=2882, SUCCESS, logIndex=4049, commits[b50d6464-f54a-40d1-9f81-f1c19654fd05:c4051]
2019-09-12 09:26:27,917 [SCMBlockDeletingService#0] DEBUG block.SCMBlockDeletingService (SCMBlockDeletingService.java:call(155)) - Scanned deleted blocks log and got 0 delTX to process.
2019-09-12 09:26:27,917 [grpc-default-executor-1] INFO  client.GrpcClientProtocolClient (GrpcClientProtocolClient.java:onNext(264)) - client-8B023739F3BF->b50d6464-f54a-40d1-9f81-f1c19654fd05: receive RaftClientReply:client-8B023739F3BF->b50d6464-f54a-40d1-9f81-f1c19654fd05@group-1F53027F28E3, cid=2883, SUCCESS, logIndex=4050, commits[b50d6464-f54a-40d1-9f81-f1c19654fd05:c4051]
2019-09-12 09:26:27,917 [grpc-default-executor-1] INFO  client.GrpcClientProtocolClient (GrpcClientProtocolClient.java:onNext(264)) - client-8B023739F3BF->b50d6464-f54a-40d1-9f81-f1c19654fd05: receive RaftClientReply:client-8B023739F3BF->b50d6464-f54a-40d1-9f81-f1c19654fd05@group-1F53027F28E3, cid=2884, SUCCESS, logIndex=4051, commits[b50d6464-f54a-40d1-9f81-f1c19654fd05:c4052]
2019-09-12 09:26:27,935 [grpc-default-executor-1] INFO  client.GrpcClientProtocolClient (GrpcClientProtocolClient.java:onNext(264)) - client-8B023739F3BF->b50d6464-f54a-40d1-9f81-f1c19654fd05: receive RaftClientReply:client-8B023739F3BF->b50d6464-f54a-40d1-9f81-f1c19654fd05@group-1F53027F28E3, cid=2885, SUCCESS, logIndex=4054, commits[b50d6464-f54a-40d1-9f81-f1c19654fd05:c4055]
2019-09-12 09:26:27,936 [grpc-default-executor-1] INFO  client.GrpcClientProtocolClient (GrpcClientProtocolClient.java:onNext(264)) - client-8B023739F3BF->b50d6464-f54a-40d1-9f81-f1c19654fd05: receive RaftClientReply:client-8B023739F3BF->b50d6464-f54a-40d1-9f81-f1c19654fd05@group-1F53027F28E3, cid=2886, SUCCESS, logIndex=4055, commits[b50d6464-f54a-40d1-9f81-f1c19654fd05:c4055]
2019-09-12 09:26:27,937 [grpc-default-executor-1] INFO  client.GrpcClientProtocolClient (GrpcClientProtocolClient.java:onNext(264)) - client-8B023739F3BF->b50d6464-f54a-40d1-9f81-f1c19654fd05: receive RaftClientReply:client-8B023739F3BF->b50d6464-f54a-40d1-9f81-f1c19654fd05@group-1F53027F28E3, cid=2887, SUCCESS, logIndex=4056, commits[b50d6464-f54a-40d1-9f81-f1c19654fd05:c4057]
2019-09-12 09:26:27,937 [grpc-default-executor-1] INFO  client.GrpcClientProtocolClient (GrpcClientProtocolClient.java:onNext(264)) - client-8B023739F3BF->b50d6464-f54a-40d1-9f81-f1c19654fd05: receive RaftClientReply:client-8B023739F3BF->b50d6464-f54a-40d1-9f81-f1c19654fd05@group-1F53027F28E3, cid=2888, SUCCESS, logIndex=4057, commits[b50d6464-f54a-40d1-9f81-f1c19654fd05:c4057]
2019-09-12 09:26:27,964 [grpc-default-executor-1] INFO  client.GrpcClientProtocolClient (GrpcClientProtocolClient.java:onNext(264)) - client-8B023739F3BF->b50d6464-f54a-40d1-9f81-f1c19654fd05: receive RaftClientReply:client-8B023739F3BF->b50d6464-f54a-40d1-9f81-f1c19654fd05@group-1F53027F28E3, cid=2889, SUCCESS, logIndex=4060, commits[b50d6464-f54a-40d1-9f81-f1c19654fd05:c4061]
2019-09-12 09:26:27,965 [grpc-default-executor-1] INFO  client.GrpcClientProtocolClient (GrpcClientProtocolClient.java:onNext(264)) - client-8B023739F3BF->b50d6464-f54a-40d1-9f81-f1c19654fd05: receive RaftClientReply:client-8B023739F3BF->b50d6464-f54a-40d1-9f81-f1c19654fd05@group-1F53027F28E3, cid=2890, SUCCESS, logIndex=4061, commits[b50d6464-f54a-40d1-9f81-f1c19654fd05:c4061]
2019-09-12 09:26:27,965 [grpc-default-executor-1] INFO  client.GrpcClientProtocolClient (GrpcClientProtocolClient.java:onNext(264)) - client-8B023739F3BF->b50d6464-f54a-40d1-9f81-f1c19654fd05: receive RaftClientReply:client-8B023739F3BF->b50d6464-f54a-40d1-9f81-f1c19654fd05@group-1F53027F28E3, cid=2891, SUCCESS, logIndex=4062, commits[b50d6464-f54a-40d1-9f81-f1c19654fd05:c4063]
2019-09-12 09:26:27,966 [grpc-default-executor-1] INFO  client.GrpcClientProtocolClient (GrpcClientProtocolClient.java:onNext(264)) - client-8B023739F3BF->b50d6464-f54a-40d1-9f81-f1c19654fd05: receive RaftClientReply:client-8B023739F3BF->b50d6464-f54a-40d1-9f81-f1c19654fd05@group-1F53027F28E3, cid=2892, SUCCESS, logIndex=4063, commits[b50d6464-f54a-40d1-9f81-f1c19654fd05:c4064]
2019-09-12 09:26:27,985 [grpc-default-executor-1] INFO  client.GrpcClientProtocolClient (GrpcClientProtocolClient.java:onNext(264)) - client-8B023739F3BF->b50d6464-f54a-40d1-9f81-f1c19654fd05: receive RaftClientReply:client-8B023739F3BF->b50d6464-f54a-40d1-9f81-f1c19654fd05@group-1F53027F28E3, cid=2893, SUCCESS, logIndex=4066, commits[b50d6464-f54a-40d1-9f81-f1c19654fd05:c4067]
2019-09-12 09:26:27,985 [grpc-default-executor-1] INFO  client.GrpcClientProtocolClient (GrpcClientProtocolClient.java:onNext(264)) - client-8B023739F3BF->b50d6464-f54a-40d1-9f81-f1c19654fd05: receive RaftClientReply:client-8B023739F3BF->b50d6464-f54a-40d1-9f81-f1c19654fd05@group-1F53027F28E3, cid=2894, SUCCESS, logIndex=4067, commits[b50d6464-f54a-40d1-9f81-f1c19654fd05:c4067]
2019-09-12 09:26:27,993 [grpc-default-executor-1] INFO  client.GrpcClientProtocolClient (GrpcClientProtocolClient.java:onNext(264)) - client-8B023739F3BF->b50d6464-f54a-40d1-9f81-f1c19654fd05: receive RaftClientReply:client-8B023739F3BF->b50d6464-f54a-40d1-9f81-f1c19654fd05@group-1F53027F28E3, cid=2895, SUCCESS, logIndex=4068, commits[b50d6464-f54a-40d1-9f81-f1c19654fd05:c4069]
2019-09-12 09:26:27,994 [grpc-default-executor-1] INFO  client.GrpcClientProtocolClient (GrpcClientProtocolClient.java:onNext(264)) - client-8B023739F3BF->b50d6464-f54a-40d1-9f81-f1c19654fd05: receive RaftClientReply:client-8B023739F3BF->b50d6464-f54a-40d1-9f81-f1c19654fd05@group-1F53027F28E3, cid=2896, SUCCESS, logIndex=4069, commits[b50d6464-f54a-40d1-9f81-f1c19654fd05:c4070]
2019-09-12 09:26:28,017 [SCMBlockDeletingService#0] DEBUG block.SCMBlockDeletingService (SCMBlockDeletingService.java:call(138)) - Running DeletedBlockTransactionScanner
2019-09-12 09:26:28,017 [SCMBlockDeletingService#0] DEBUG block.SCMBlockDeletingService (SCMBlockDeletingService.java:call(155)) - Scanned deleted blocks log and got 0 delTX to process.
2019-09-12 09:26:28,021 [grpc-default-executor-1] INFO  client.GrpcClientProtocolClient (GrpcClientProtocolClient.java:onNext(264)) - client-8B023739F3BF->b50d6464-f54a-40d1-9f81-f1c19654fd05: receive RaftClientReply:client-8B023739F3BF->b50d6464-f54a-40d1-9f81-f1c19654fd05@group-1F53027F28E3, cid=2897, SUCCESS, logIndex=4072, commits[b50d6464-f54a-40d1-9f81-f1c19654fd05:c4075]
2019-09-12 09:26:28,022 [grpc-default-executor-1] INFO  client.GrpcClientProtocolClient (GrpcClientProtocolClient.java:onNext(264)) - client-8B023739F3BF->b50d6464-f54a-40d1-9f81-f1c19654fd05: receive RaftClientReply:client-8B023739F3BF->b50d6464-f54a-40d1-9f81-f1c19654fd05@group-1F53027F28E3, cid=2898, SUCCESS, logIndex=4073, commits[b50d6464-f54a-40d1-9f81-f1c19654fd05:c4075]
2019-09-12 09:26:28,022 [grpc-default-executor-1] INFO  client.GrpcClientProtocolClient (GrpcClientProtocolClient.java:onNext(264)) - client-8B023739F3BF->b50d6464-f54a-40d1-9f81-f1c19654fd05: receive RaftClientReply:client-8B023739F3BF->b50d6464-f54a-40d1-9f81-f1c19654fd05@group-1F53027F28E3, cid=2899, SUCCESS, logIndex=4074, commits[b50d6464-f54a-40d1-9f81-f1c19654fd05:c4076]
2019-09-12 09:26:28,022 [grpc-default-executor-1] INFO  client.GrpcClientProtocolClient (GrpcClientProtocolClient.java:onNext(264)) - client-8B023739F3BF->b50d6464-f54a-40d1-9f81-f1c19654fd05: receive RaftClientReply:client-8B023739F3BF->b50d6464-f54a-40d1-9f81-f1c19654fd05@group-1F53027F28E3, cid=2900, SUCCESS, logIndex=4075, commits[b50d6464-f54a-40d1-9f81-f1c19654fd05:c4076]
2019-09-12 09:26:28,040 [grpc-default-executor-1] INFO  client.GrpcClientProtocolClient (GrpcClientProtocolClient.java:onNext(264)) - client-8B023739F3BF->b50d6464-f54a-40d1-9f81-f1c19654fd05: receive RaftClientReply:client-8B023739F3BF->b50d6464-f54a-40d1-9f81-f1c19654fd05@group-1F53027F28E3, cid=2901, SUCCESS, logIndex=4078, commits[b50d6464-f54a-40d1-9f81-f1c19654fd05:c4081]
2019-09-12 09:26:28,040 [grpc-default-executor-1] INFO  client.GrpcClientProtocolClient (GrpcClientProtocolClient.java:onNext(264)) - client-8B023739F3BF->b50d6464-f54a-40d1-9f81-f1c19654fd05: receive RaftClientReply:client-8B023739F3BF->b50d6464-f54a-40d1-9f81-f1c19654fd05@group-1F53027F28E3, cid=2902, SUCCESS, logIndex=4079, commits[b50d6464-f54a-40d1-9f81-f1c19654fd05:c4081]
2019-09-12 09:26:28,041 [grpc-default-executor-1] INFO  client.GrpcClientProtocolClient (GrpcClientProtocolClient.java:onNext(264)) - client-8B023739F3BF->b50d6464-f54a-40d1-9f81-f1c19654fd05: receive RaftClientReply:client-8B023739F3BF->b50d6464-f54a-40d1-9f81-f1c19654fd05@group-1F53027F28E3, cid=2903, SUCCESS, logIndex=4080, commits[b50d6464-f54a-40d1-9f81-f1c19654fd05:c4082]
2019-09-12 09:26:28,041 [grpc-default-executor-1] INFO  client.GrpcClientProtocolClient (GrpcClientProtocolClient.java:onNext(264)) - client-8B023739F3BF->b50d6464-f54a-40d1-9f81-f1c19654fd05: receive RaftClientReply:client-8B023739F3BF->b50d6464-f54a-40d1-9f81-f1c19654fd05@group-1F53027F28E3, cid=2904, SUCCESS, logIndex=4081, commits[b50d6464-f54a-40d1-9f81-f1c19654fd05:c4083]
2019-09-12 09:26:28,066 [grpc-default-executor-2] INFO  client.GrpcClientProtocolClient (GrpcClientProtocolClient.java:onNext(264)) - client-8B023739F3BF->b50d6464-f54a-40d1-9f81-f1c19654fd05: receive RaftClientReply:client-8B023739F3BF->b50d6464-f54a-40d1-9f81-f1c19654fd05@group-1F53027F28E3, cid=2905, SUCCESS, logIndex=4084, commits[b50d6464-f54a-40d1-9f81-f1c19654fd05:c4085]
2019-09-12 09:26:28,067 [grpc-default-executor-2] INFO  client.GrpcClientProtocolClient (GrpcClientProtocolClient.java:onNext(264)) - client-8B023739F3BF->b50d6464-f54a-40d1-9f81-f1c19654fd05: receive RaftClientReply:client-8B023739F3BF->b50d6464-f54a-40d1-9f81-f1c19654fd05@group-1F53027F28E3, cid=2906, SUCCESS, logIndex=4085, commits[b50d6464-f54a-40d1-9f81-f1c19654fd05:c4087]
2019-09-12 09:26:28,067 [grpc-default-executor-2] INFO  client.GrpcClientProtocolClient (GrpcClientProtocolClient.java:onNext(264)) - client-8B023739F3BF->b50d6464-f54a-40d1-9f81-f1c19654fd05: receive RaftClientReply:client-8B023739F3BF->b50d6464-f54a-40d1-9f81-f1c19654fd05@group-1F53027F28E3, cid=2907, SUCCESS, logIndex=4086, commits[b50d6464-f54a-40d1-9f81-f1c19654fd05:c4087]
2019-09-12 09:26:28,067 [grpc-default-executor-2] INFO  client.GrpcClientProtocolClient (GrpcClientProtocolClient.java:onNext(264)) - client-8B023739F3BF->b50d6464-f54a-40d1-9f81-f1c19654fd05: receive RaftClientReply:client-8B023739F3BF->b50d6464-f54a-40d1-9f81-f1c19654fd05@group-1F53027F28E3, cid=2908, SUCCESS, logIndex=4087, commits[b50d6464-f54a-40d1-9f81-f1c19654fd05:c4088]
2019-09-12 09:26:28,086 [grpc-default-executor-2] INFO  client.GrpcClientProtocolClient (GrpcClientProtocolClient.java:onNext(264)) - client-8B023739F3BF->b50d6464-f54a-40d1-9f81-f1c19654fd05: receive RaftClientReply:client-8B023739F3BF->b50d6464-f54a-40d1-9f81-f1c19654fd05@group-1F53027F28E3, cid=2909, SUCCESS, logIndex=4090, commits[b50d6464-f54a-40d1-9f81-f1c19654fd05:c4091]
2019-09-12 09:26:28,086 [grpc-default-executor-2] INFO  client.GrpcClientProtocolClient (GrpcClientProtocolClient.java:onNext(264)) - client-8B023739F3BF->b50d6464-f54a-40d1-9f81-f1c19654fd05: receive RaftClientReply:client-8B023739F3BF->b50d6464-f54a-40d1-9f81-f1c19654fd05@group-1F53027F28E3, cid=2910, SUCCESS, logIndex=4091, commits[b50d6464-f54a-40d1-9f81-f1c19654fd05:c4093]
2019-09-12 09:26:28,086 [grpc-default-executor-2] INFO  client.GrpcClientProtocolClient (GrpcClientProtocolClient.java:onNext(264)) - client-8B023739F3BF->b50d6464-f54a-40d1-9f81-f1c19654fd05: receive RaftClientReply:client-8B023739F3BF->b50d6464-f54a-40d1-9f81-f1c19654fd05@group-1F53027F28E3, cid=2911, SUCCESS, logIndex=4092, commits[b50d6464-f54a-40d1-9f81-f1c19654fd05:c4093]
2019-09-12 09:26:28,086 [grpc-default-executor-2] INFO  client.GrpcClientProtocolClient (GrpcClientProtocolClient.java:onNext(264)) - client-8B023739F3BF->b50d6464-f54a-40d1-9f81-f1c19654fd05: receive RaftClientReply:client-8B023739F3BF->b50d6464-f54a-40d1-9f81-f1c19654fd05@group-1F53027F28E3, cid=2912, SUCCESS, logIndex=4093, commits[b50d6464-f54a-40d1-9f81-f1c19654fd05:c4094]
2019-09-12 09:26:28,113 [grpc-default-executor-2] INFO  client.GrpcClientProtocolClient (GrpcClientProtocolClient.java:onNext(264)) - client-8B023739F3BF->b50d6464-f54a-40d1-9f81-f1c19654fd05: receive RaftClientReply:client-8B023739F3BF->b50d6464-f54a-40d1-9f81-f1c19654fd05@group-1F53027F28E3, cid=2913, SUCCESS, logIndex=4096, commits[b50d6464-f54a-40d1-9f81-f1c19654fd05:c4097]
2019-09-12 09:26:28,113 [grpc-default-executor-2] INFO  client.GrpcClientProtocolClient (GrpcClientProtocolClient.java:onNext(264)) - client-8B023739F3BF->b50d6464-f54a-40d1-9f81-f1c19654fd05: receive RaftClientReply:client-8B023739F3BF->b50d6464-f54a-40d1-9f81-f1c19654fd05@group-1F53027F28E3, cid=2914, SUCCESS, logIndex=4097, commits[b50d6464-f54a-40d1-9f81-f1c19654fd05:c4097]
2019-09-12 09:26:28,115 [grpc-default-executor-2] INFO  client.GrpcClientProtocolClient (GrpcClientProtocolClient.java:onNext(264)) - client-8B023739F3BF->b50d6464-f54a-40d1-9f81-f1c19654fd05: receive RaftClientReply:client-8B023739F3BF->b50d6464-f54a-40d1-9f81-f1c19654fd05@group-1F53027F28E3, cid=2915, SUCCESS, logIndex=4098, commits[b50d6464-f54a-40d1-9f81-f1c19654fd05:c4099]
2019-09-12 09:26:28,115 [grpc-default-executor-2] INFO  client.GrpcClientProtocolClient (GrpcClientProtocolClient.java:onNext(264)) - client-8B023739F3BF->b50d6464-f54a-40d1-9f81-f1c19654fd05: receive RaftClientReply:client-8B023739F3BF->b50d6464-f54a-40d1-9f81-f1c19654fd05@group-1F53027F28E3, cid=2916, SUCCESS, logIndex=4099, commits[b50d6464-f54a-40d1-9f81-f1c19654fd05:c4099]
2019-09-12 09:26:28,117 [SCMBlockDeletingService#0] DEBUG block.SCMBlockDeletingService (SCMBlockDeletingService.java:call(138)) - Running DeletedBlockTransactionScanner
2019-09-12 09:26:28,118 [SCMBlockDeletingService#0] DEBUG block.SCMBlockDeletingService (SCMBlockDeletingService.java:call(155)) - Scanned deleted blocks log and got 0 delTX to process.
2019-09-12 09:26:28,218 [SCMBlockDeletingService#0] DEBUG block.SCMBlockDeletingService (SCMBlockDeletingService.java:call(138)) - Running DeletedBlockTransactionScanner
2019-09-12 09:26:28,218 [SCMBlockDeletingService#0] DEBUG block.SCMBlockDeletingService (SCMBlockDeletingService.java:call(155)) - Scanned deleted blocks log and got 0 delTX to process.
2019-09-12 09:26:28,234 [grpc-default-executor-2] INFO  client.GrpcClientProtocolClient (GrpcClientProtocolClient.java:onNext(264)) - client-8B023739F3BF->b50d6464-f54a-40d1-9f81-f1c19654fd05: receive RaftClientReply:client-8B023739F3BF->b50d6464-f54a-40d1-9f81-f1c19654fd05@group-1F53027F28E3, cid=2917, SUCCESS, logIndex=4102, commits[b50d6464-f54a-40d1-9f81-f1c19654fd05:c4105]
2019-09-12 09:26:28,235 [grpc-default-executor-2] INFO  client.GrpcClientProtocolClient (GrpcClientProtocolClient.java:onNext(264)) - client-8B023739F3BF->b50d6464-f54a-40d1-9f81-f1c19654fd05: receive RaftClientReply:client-8B023739F3BF->b50d6464-f54a-40d1-9f81-f1c19654fd05@group-1F53027F28E3, cid=2918, SUCCESS, logIndex=4103, commits[b50d6464-f54a-40d1-9f81-f1c19654fd05:c4106]
2019-09-12 09:26:28,235 [grpc-default-executor-2] INFO  client.GrpcClientProtocolClient (GrpcClientProtocolClient.java:onNext(264)) - client-8B023739F3BF->b50d6464-f54a-40d1-9f81-f1c19654fd05: receive RaftClientReply:client-8B023739F3BF->b50d6464-f54a-40d1-9f81-f1c19654fd05@group-1F53027F28E3, cid=2919, SUCCESS, logIndex=4104, commits[b50d6464-f54a-40d1-9f81-f1c19654fd05:c4106]
2019-09-12 09:26:28,235 [grpc-default-executor-2] INFO  client.GrpcClientProtocolClient (GrpcClientProtocolClient.java:onNext(264)) - client-8B023739F3BF->b50d6464-f54a-40d1-9f81-f1c19654fd05: receive RaftClientReply:client-8B023739F3BF->b50d6464-f54a-40d1-9f81-f1c19654fd05@group-1F53027F28E3, cid=2920, SUCCESS, logIndex=4105, commits[b50d6464-f54a-40d1-9f81-f1c19654fd05:c4106]
2019-09-12 09:26:28,265 [grpc-default-executor-2] INFO  client.GrpcClientProtocolClient (GrpcClientProtocolClient.java:onNext(264)) - client-8B023739F3BF->b50d6464-f54a-40d1-9f81-f1c19654fd05: receive RaftClientReply:client-8B023739F3BF->b50d6464-f54a-40d1-9f81-f1c19654fd05@group-1F53027F28E3, cid=2921, SUCCESS, logIndex=4107, commits[b50d6464-f54a-40d1-9f81-f1c19654fd05:c4108]
2019-09-12 09:26:28,265 [grpc-default-executor-2] INFO  client.GrpcClientProtocolClient (GrpcClientProtocolClient.java:onNext(264)) - client-8B023739F3BF->b50d6464-f54a-40d1-9f81-f1c19654fd05: receive RaftClientReply:client-8B023739F3BF->b50d6464-f54a-40d1-9f81-f1c19654fd05@group-1F53027F28E3, cid=2922, SUCCESS, logIndex=4108, commits[b50d6464-f54a-40d1-9f81-f1c19654fd05:c4110]
2019-09-12 09:26:28,266 [grpc-default-executor-2] INFO  client.GrpcClientProtocolClient (GrpcClientProtocolClient.java:onNext(264)) - client-8B023739F3BF->b50d6464-f54a-40d1-9f81-f1c19654fd05: receive RaftClientReply:client-8B023739F3BF->b50d6464-f54a-40d1-9f81-f1c19654fd05@group-1F53027F28E3, cid=2923, SUCCESS, logIndex=4109, commits[b50d6464-f54a-40d1-9f81-f1c19654fd05:c4111]
2019-09-12 09:26:28,266 [grpc-default-executor-2] INFO  client.GrpcClientProtocolClient (GrpcClientProtocolClient.java:onNext(264)) - client-8B023739F3BF->b50d6464-f54a-40d1-9f81-f1c19654fd05: receive RaftClientReply:client-8B023739F3BF->b50d6464-f54a-40d1-9f81-f1c19654fd05@group-1F53027F28E3, cid=2924, SUCCESS, logIndex=4110, commits[b50d6464-f54a-40d1-9f81-f1c19654fd05:c4111]
2019-09-12 09:26:28,284 [grpc-default-executor-2] INFO  client.GrpcClientProtocolClient (GrpcClientProtocolClient.java:onNext(264)) - client-8B023739F3BF->b50d6464-f54a-40d1-9f81-f1c19654fd05: receive RaftClientReply:client-8B023739F3BF->b50d6464-f54a-40d1-9f81-f1c19654fd05@group-1F53027F28E3, cid=2925, SUCCESS, logIndex=4113, commits[b50d6464-f54a-40d1-9f81-f1c19654fd05:c4114]
2019-09-12 09:26:28,284 [grpc-default-executor-2] INFO  client.GrpcClientProtocolClient (GrpcClientProtocolClient.java:onNext(264)) - client-8B023739F3BF->b50d6464-f54a-40d1-9f81-f1c19654fd05: receive RaftClientReply:client-8B023739F3BF->b50d6464-f54a-40d1-9f81-f1c19654fd05@group-1F53027F28E3, cid=2926, SUCCESS, logIndex=4114, commits[b50d6464-f54a-40d1-9f81-f1c19654fd05:c4114]
2019-09-12 09:26:28,285 [grpc-default-executor-2] INFO  client.GrpcClientProtocolClient (GrpcClientProtocolClient.java:onNext(264)) - client-8B023739F3BF->b50d6464-f54a-40d1-9f81-f1c19654fd05: receive RaftClientReply:client-8B023739F3BF->b50d6464-f54a-40d1-9f81-f1c19654fd05@group-1F53027F28E3, cid=2927, SUCCESS, logIndex=4115, commits[b50d6464-f54a-40d1-9f81-f1c19654fd05:c4116]
2019-09-12 09:26:28,285 [grpc-default-executor-2] INFO  client.GrpcClientProtocolClient (GrpcClientProtocolClient.java:onNext(264)) - client-8B023739F3BF->b50d6464-f54a-40d1-9f81-f1c19654fd05: receive RaftClientReply:client-8B023739F3BF->b50d6464-f54a-40d1-9f81-f1c19654fd05@group-1F53027F28E3, cid=2928, SUCCESS, logIndex=4116, commits[b50d6464-f54a-40d1-9f81-f1c19654fd05:c4116]
2019-09-12 09:26:28,319 [SCMBlockDeletingService#0] DEBUG block.SCMBlockDeletingService (SCMBlockDeletingService.java:call(138)) - Running DeletedBlockTransactionScanner
2019-09-12 09:26:28,319 [SCMBlockDeletingService#0] DEBUG block.SCMBlockDeletingService (SCMBlockDeletingService.java:call(155)) - Scanned deleted blocks log and got 0 delTX to process.
2019-09-12 09:26:28,319 [grpc-default-executor-1] INFO  client.GrpcClientProtocolClient (GrpcClientProtocolClient.java:onNext(264)) - client-8B023739F3BF->b50d6464-f54a-40d1-9f81-f1c19654fd05: receive RaftClientReply:client-8B023739F3BF->b50d6464-f54a-40d1-9f81-f1c19654fd05@group-1F53027F28E3, cid=2929, SUCCESS, logIndex=4119, commits[b50d6464-f54a-40d1-9f81-f1c19654fd05:c4122]
2019-09-12 09:26:28,320 [grpc-default-executor-1] INFO  client.GrpcClientProtocolClient (GrpcClientProtocolClient.java:onNext(264)) - client-8B023739F3BF->b50d6464-f54a-40d1-9f81-f1c19654fd05: receive RaftClientReply:client-8B023739F3BF->b50d6464-f54a-40d1-9f81-f1c19654fd05@group-1F53027F28E3, cid=2930, SUCCESS, logIndex=4120, commits[b50d6464-f54a-40d1-9f81-f1c19654fd05:c4122]
2019-09-12 09:26:28,320 [grpc-default-executor-1] INFO  client.GrpcClientProtocolClient (GrpcClientProtocolClient.java:onNext(264)) - client-8B023739F3BF->b50d6464-f54a-40d1-9f81-f1c19654fd05: receive RaftClientReply:client-8B023739F3BF->b50d6464-f54a-40d1-9f81-f1c19654fd05@group-1F53027F28E3, cid=2931, SUCCESS, logIndex=4121, commits[b50d6464-f54a-40d1-9f81-f1c19654fd05:c4123]
2019-09-12 09:26:28,321 [grpc-default-executor-1] INFO  client.GrpcClientProtocolClient (GrpcClientProtocolClient.java:onNext(264)) - client-8B023739F3BF->b50d6464-f54a-40d1-9f81-f1c19654fd05: receive RaftClientReply:client-8B023739F3BF->b50d6464-f54a-40d1-9f81-f1c19654fd05@group-1F53027F28E3, cid=2932, SUCCESS, logIndex=4122, commits[b50d6464-f54a-40d1-9f81-f1c19654fd05:c4123]
2019-09-12 09:26:28,341 [grpc-default-executor-2] INFO  client.GrpcClientProtocolClient (GrpcClientProtocolClient.java:onNext(264)) - client-8B023739F3BF->b50d6464-f54a-40d1-9f81-f1c19654fd05: receive RaftClientReply:client-8B023739F3BF->b50d6464-f54a-40d1-9f81-f1c19654fd05@group-1F53027F28E3, cid=2933, SUCCESS, logIndex=4124, commits[b50d6464-f54a-40d1-9f81-f1c19654fd05:c4127]
2019-09-12 09:26:28,341 [grpc-default-executor-2] INFO  client.GrpcClientProtocolClient (GrpcClientProtocolClient.java:onNext(264)) - client-8B023739F3BF->b50d6464-f54a-40d1-9f81-f1c19654fd05: receive RaftClientReply:client-8B023739F3BF->b50d6464-f54a-40d1-9f81-f1c19654fd05@group-1F53027F28E3, cid=2934, SUCCESS, logIndex=4125, commits[b50d6464-f54a-40d1-9f81-f1c19654fd05:c4128]
2019-09-12 09:26:28,342 [grpc-default-executor-2] INFO  client.GrpcClientProtocolClient (GrpcClientProtocolClient.java:onNext(264)) - client-8B023739F3BF->b50d6464-f54a-40d1-9f81-f1c19654fd05: receive RaftClientReply:client-8B023739F3BF->b50d6464-f54a-40d1-9f81-f1c19654fd05@group-1F53027F28E3, cid=2935, SUCCESS, logIndex=4126, commits[b50d6464-f54a-40d1-9f81-f1c19654fd05:c4128]
2019-09-12 09:26:28,342 [grpc-default-executor-2] INFO  client.GrpcClientProtocolClient (GrpcClientProtocolClient.java:onNext(264)) - client-8B023739F3BF->b50d6464-f54a-40d1-9f81-f1c19654fd05: receive RaftClientReply:client-8B023739F3BF->b50d6464-f54a-40d1-9f81-f1c19654fd05@group-1F53027F28E3, cid=2936, SUCCESS, logIndex=4127, commits[b50d6464-f54a-40d1-9f81-f1c19654fd05:c4128]
2019-09-12 09:26:28,368 [grpc-default-executor-1] INFO  client.GrpcClientProtocolClient (GrpcClientProtocolClient.java:onNext(264)) - client-8B023739F3BF->b50d6464-f54a-40d1-9f81-f1c19654fd05: receive RaftClientReply:client-8B023739F3BF->b50d6464-f54a-40d1-9f81-f1c19654fd05@group-1F53027F28E3, cid=2937, SUCCESS, logIndex=4129, commits[b50d6464-f54a-40d1-9f81-f1c19654fd05:c4130]
2019-09-12 09:26:28,368 [grpc-default-executor-1] INFO  client.GrpcClientProtocolClient (GrpcClientProtocolClient.java:onNext(264)) - client-8B023739F3BF->b50d6464-f54a-40d1-9f81-f1c19654fd05: receive RaftClientReply:client-8B023739F3BF->b50d6464-f54a-40d1-9f81-f1c19654fd05@group-1F53027F28E3, cid=2938, SUCCESS, logIndex=4130, commits[b50d6464-f54a-40d1-9f81-f1c19654fd05:c4132]
2019-09-12 09:26:28,369 [grpc-default-executor-1] INFO  client.GrpcClientProtocolClient (GrpcClientProtocolClient.java:onNext(264)) - client-8B023739F3BF->b50d6464-f54a-40d1-9f81-f1c19654fd05: receive RaftClientReply:client-8B023739F3BF->b50d6464-f54a-40d1-9f81-f1c19654fd05@group-1F53027F28E3, cid=2939, SUCCESS, logIndex=4131, commits[b50d6464-f54a-40d1-9f81-f1c19654fd05:c4133]
2019-09-12 09:26:28,369 [grpc-default-executor-1] INFO  client.GrpcClientProtocolClient (GrpcClientProtocolClient.java:onNext(264)) - client-8B023739F3BF->b50d6464-f54a-40d1-9f81-f1c19654fd05: receive RaftClientReply:client-8B023739F3BF->b50d6464-f54a-40d1-9f81-f1c19654fd05@group-1F53027F28E3, cid=2940, SUCCESS, logIndex=4132, commits[b50d6464-f54a-40d1-9f81-f1c19654fd05:c4134]
2019-09-12 09:26:28,387 [grpc-default-executor-2] INFO  client.GrpcClientProtocolClient (GrpcClientProtocolClient.java:onNext(264)) - client-8B023739F3BF->b50d6464-f54a-40d1-9f81-f1c19654fd05: receive RaftClientReply:client-8B023739F3BF->b50d6464-f54a-40d1-9f81-f1c19654fd05@group-1F53027F28E3, cid=2941, SUCCESS, logIndex=4135, commits[b50d6464-f54a-40d1-9f81-f1c19654fd05:c4136]
2019-09-12 09:26:28,387 [grpc-default-executor-2] INFO  client.GrpcClientProtocolClient (GrpcClientProtocolClient.java:onNext(264)) - client-8B023739F3BF->b50d6464-f54a-40d1-9f81-f1c19654fd05: receive RaftClientReply:client-8B023739F3BF->b50d6464-f54a-40d1-9f81-f1c19654fd05@group-1F53027F28E3, cid=2942, SUCCESS, logIndex=4136, commits[b50d6464-f54a-40d1-9f81-f1c19654fd05:c4138]
2019-09-12 09:26:28,388 [grpc-default-executor-2] INFO  client.GrpcClientProtocolClient (GrpcClientProtocolClient.java:onNext(264)) - client-8B023739F3BF->b50d6464-f54a-40d1-9f81-f1c19654fd05: receive RaftClientReply:client-8B023739F3BF->b50d6464-f54a-40d1-9f81-f1c19654fd05@group-1F53027F28E3, cid=2943, SUCCESS, logIndex=4137, commits[b50d6464-f54a-40d1-9f81-f1c19654fd05:c4139]
2019-09-12 09:26:28,388 [grpc-default-executor-2] INFO  client.GrpcClientProtocolClient (GrpcClientProtocolClient.java:onNext(264)) - client-8B023739F3BF->b50d6464-f54a-40d1-9f81-f1c19654fd05: receive RaftClientReply:client-8B023739F3BF->b50d6464-f54a-40d1-9f81-f1c19654fd05@group-1F53027F28E3, cid=2944, SUCCESS, logIndex=4138, commits[b50d6464-f54a-40d1-9f81-f1c19654fd05:c4139]
2019-09-12 09:26:28,415 [grpc-default-executor-2] INFO  client.GrpcClientProtocolClient (GrpcClientProtocolClient.java:onNext(264)) - client-8B023739F3BF->b50d6464-f54a-40d1-9f81-f1c19654fd05: receive RaftClientReply:client-8B023739F3BF->b50d6464-f54a-40d1-9f81-f1c19654fd05@group-1F53027F28E3, cid=2945, SUCCESS, logIndex=4141, commits[b50d6464-f54a-40d1-9f81-f1c19654fd05:c4142]
2019-09-12 09:26:28,415 [grpc-default-executor-2] INFO  client.GrpcClientProtocolClient (GrpcClientProtocolClient.java:onNext(264)) - client-8B023739F3BF->b50d6464-f54a-40d1-9f81-f1c19654fd05: receive RaftClientReply:client-8B023739F3BF->b50d6464-f54a-40d1-9f81-f1c19654fd05@group-1F53027F28E3, cid=2946, SUCCESS, logIndex=4142, commits[b50d6464-f54a-40d1-9f81-f1c19654fd05:c4144]
2019-09-12 09:26:28,415 [grpc-default-executor-2] INFO  client.GrpcClientProtocolClient (GrpcClientProtocolClient.java:onNext(264)) - client-8B023739F3BF->b50d6464-f54a-40d1-9f81-f1c19654fd05: receive RaftClientReply:client-8B023739F3BF->b50d6464-f54a-40d1-9f81-f1c19654fd05@group-1F53027F28E3, cid=2947, SUCCESS, logIndex=4143, commits[b50d6464-f54a-40d1-9f81-f1c19654fd05:c4145]
2019-09-12 09:26:28,416 [grpc-default-executor-2] INFO  client.GrpcClientProtocolClient (GrpcClientProtocolClient.java:onNext(264)) - client-8B023739F3BF->b50d6464-f54a-40d1-9f81-f1c19654fd05: receive RaftClientReply:client-8B023739F3BF->b50d6464-f54a-40d1-9f81-f1c19654fd05@group-1F53027F28E3, cid=2948, SUCCESS, logIndex=4144, commits[b50d6464-f54a-40d1-9f81-f1c19654fd05:c4146]
2019-09-12 09:26:28,419 [SCMBlockDeletingService#0] DEBUG block.SCMBlockDeletingService (SCMBlockDeletingService.java:call(138)) - Running DeletedBlockTransactionScanner
2019-09-12 09:26:28,419 [SCMBlockDeletingService#0] DEBUG block.SCMBlockDeletingService (SCMBlockDeletingService.java:call(155)) - Scanned deleted blocks log and got 0 delTX to process.
2019-09-12 09:26:28,433 [grpc-default-executor-2] INFO  client.GrpcClientProtocolClient (GrpcClientProtocolClient.java:onNext(264)) - client-8B023739F3BF->b50d6464-f54a-40d1-9f81-f1c19654fd05: receive RaftClientReply:client-8B023739F3BF->b50d6464-f54a-40d1-9f81-f1c19654fd05@group-1F53027F28E3, cid=2949, SUCCESS, logIndex=4147, commits[b50d6464-f54a-40d1-9f81-f1c19654fd05:c4148]
2019-09-12 09:26:28,433 [grpc-default-executor-2] INFO  client.GrpcClientProtocolClient (GrpcClientProtocolClient.java:onNext(264)) - client-8B023739F3BF->b50d6464-f54a-40d1-9f81-f1c19654fd05: receive RaftClientReply:client-8B023739F3BF->b50d6464-f54a-40d1-9f81-f1c19654fd05@group-1F53027F28E3, cid=2950, SUCCESS, logIndex=4148, commits[b50d6464-f54a-40d1-9f81-f1c19654fd05:c4150]
2019-09-12 09:26:28,434 [grpc-default-executor-2] INFO  client.GrpcClientProtocolClient (GrpcClientProtocolClient.java:onNext(264)) - client-8B023739F3BF->b50d6464-f54a-40d1-9f81-f1c19654fd05: receive RaftClientReply:client-8B023739F3BF->b50d6464-f54a-40d1-9f81-f1c19654fd05@group-1F53027F28E3, cid=2951, SUCCESS, logIndex=4149, commits[b50d6464-f54a-40d1-9f81-f1c19654fd05:c4150]
2019-09-12 09:26:28,434 [grpc-default-executor-2] INFO  client.GrpcClientProtocolClient (GrpcClientProtocolClient.java:onNext(264)) - client-8B023739F3BF->b50d6464-f54a-40d1-9f81-f1c19654fd05: receive RaftClientReply:client-8B023739F3BF->b50d6464-f54a-40d1-9f81-f1c19654fd05@group-1F53027F28E3, cid=2952, SUCCESS, logIndex=4150, commits[b50d6464-f54a-40d1-9f81-f1c19654fd05:c4151]
2019-09-12 09:26:28,455 [grpc-default-executor-2] INFO  client.GrpcClientProtocolClient (GrpcClientProtocolClient.java:onNext(264)) - client-8B023739F3BF->b50d6464-f54a-40d1-9f81-f1c19654fd05: receive RaftClientReply:client-8B023739F3BF->b50d6464-f54a-40d1-9f81-f1c19654fd05@group-1F53027F28E3, cid=2953, SUCCESS, logIndex=4153, commits[b50d6464-f54a-40d1-9f81-f1c19654fd05:c4154]
2019-09-12 09:26:28,455 [grpc-default-executor-2] INFO  client.GrpcClientProtocolClient (GrpcClientProtocolClient.java:onNext(264)) - client-8B023739F3BF->b50d6464-f54a-40d1-9f81-f1c19654fd05: receive RaftClientReply:client-8B023739F3BF->b50d6464-f54a-40d1-9f81-f1c19654fd05@group-1F53027F28E3, cid=2954, SUCCESS, logIndex=4154, commits[b50d6464-f54a-40d1-9f81-f1c19654fd05:c4156]
2019-09-12 09:26:28,455 [grpc-default-executor-2] INFO  client.GrpcClientProtocolClient (GrpcClientProtocolClient.java:onNext(264)) - client-8B023739F3BF->b50d6464-f54a-40d1-9f81-f1c19654fd05: receive RaftClientReply:client-8B023739F3BF->b50d6464-f54a-40d1-9f81-f1c19654fd05@group-1F53027F28E3, cid=2955, SUCCESS, logIndex=4155, commits[b50d6464-f54a-40d1-9f81-f1c19654fd05:c4156]
2019-09-12 09:26:28,455 [grpc-default-executor-2] INFO  client.GrpcClientProtocolClient (GrpcClientProtocolClient.java:onNext(264)) - client-8B023739F3BF->b50d6464-f54a-40d1-9f81-f1c19654fd05: receive RaftClientReply:client-8B023739F3BF->b50d6464-f54a-40d1-9f81-f1c19654fd05@group-1F53027F28E3, cid=2956, SUCCESS, logIndex=4156, commits[b50d6464-f54a-40d1-9f81-f1c19654fd05:c4157]
2019-09-12 09:26:28,475 [grpc-default-executor-2] INFO  client.GrpcClientProtocolClient (GrpcClientProtocolClient.java:onNext(264)) - client-8B023739F3BF->b50d6464-f54a-40d1-9f81-f1c19654fd05: receive RaftClientReply:client-8B023739F3BF->b50d6464-f54a-40d1-9f81-f1c19654fd05@group-1F53027F28E3, cid=2957, SUCCESS, logIndex=4159, commits[b50d6464-f54a-40d1-9f81-f1c19654fd05:c4162]
2019-09-12 09:26:28,475 [grpc-default-executor-2] INFO  client.GrpcClientProtocolClient (GrpcClientProtocolClient.java:onNext(264)) - client-8B023739F3BF->b50d6464-f54a-40d1-9f81-f1c19654fd05: receive RaftClientReply:client-8B023739F3BF->b50d6464-f54a-40d1-9f81-f1c19654fd05@group-1F53027F28E3, cid=2958, SUCCESS, logIndex=4160, commits[b50d6464-f54a-40d1-9f81-f1c19654fd05:c4163]
2019-09-12 09:26:28,475 [grpc-default-executor-2] INFO  client.GrpcClientProtocolClient (GrpcClientProtocolClient.java:onNext(264)) - client-8B023739F3BF->b50d6464-f54a-40d1-9f81-f1c19654fd05: receive RaftClientReply:client-8B023739F3BF->b50d6464-f54a-40d1-9f81-f1c19654fd05@group-1F53027F28E3, cid=2959, SUCCESS, logIndex=4161, commits[b50d6464-f54a-40d1-9f81-f1c19654fd05:c4163]
2019-09-12 09:26:28,475 [grpc-default-executor-2] INFO  client.GrpcClientProtocolClient (GrpcClientProtocolClient.java:onNext(264)) - client-8B023739F3BF->b50d6464-f54a-40d1-9f81-f1c19654fd05: receive RaftClientReply:client-8B023739F3BF->b50d6464-f54a-40d1-9f81-f1c19654fd05@group-1F53027F28E3, cid=2960, SUCCESS, logIndex=4162, commits[b50d6464-f54a-40d1-9f81-f1c19654fd05:c4163]
2019-09-12 09:26:28,544 [SCMBlockDeletingService#0] DEBUG block.SCMBlockDeletingService (SCMBlockDeletingService.java:call(138)) - Running DeletedBlockTransactionScanner
2019-09-12 09:26:28,544 [SCMBlockDeletingService#0] DEBUG block.SCMBlockDeletingService (SCMBlockDeletingService.java:call(155)) - Scanned deleted blocks log and got 0 delTX to process.
2019-09-12 09:26:28,645 [SCMBlockDeletingService#1] DEBUG block.SCMBlockDeletingService (SCMBlockDeletingService.java:call(138)) - Running DeletedBlockTransactionScanner
2019-09-12 09:26:28,645 [SCMBlockDeletingService#1] DEBUG block.SCMBlockDeletingService (SCMBlockDeletingService.java:call(155)) - Scanned deleted blocks log and got 0 delTX to process.
2019-09-12 09:26:28,648 [grpc-default-executor-2] INFO  client.GrpcClientProtocolClient (GrpcClientProtocolClient.java:onNext(264)) - client-8B023739F3BF->b50d6464-f54a-40d1-9f81-f1c19654fd05: receive RaftClientReply:client-8B023739F3BF->b50d6464-f54a-40d1-9f81-f1c19654fd05@group-1F53027F28E3, cid=2961, SUCCESS, logIndex=4164, commits[b50d6464-f54a-40d1-9f81-f1c19654fd05:c4167]
2019-09-12 09:26:28,648 [grpc-default-executor-2] INFO  client.GrpcClientProtocolClient (GrpcClientProtocolClient.java:onNext(264)) - client-8B023739F3BF->b50d6464-f54a-40d1-9f81-f1c19654fd05: receive RaftClientReply:client-8B023739F3BF->b50d6464-f54a-40d1-9f81-f1c19654fd05@group-1F53027F28E3, cid=2962, SUCCESS, logIndex=4165, commits[b50d6464-f54a-40d1-9f81-f1c19654fd05:c4168]
2019-09-12 09:26:28,649 [grpc-default-executor-2] INFO  client.GrpcClientProtocolClient (GrpcClientProtocolClient.java:onNext(264)) - client-8B023739F3BF->b50d6464-f54a-40d1-9f81-f1c19654fd05: receive RaftClientReply:client-8B023739F3BF->b50d6464-f54a-40d1-9f81-f1c19654fd05@group-1F53027F28E3, cid=2963, SUCCESS, logIndex=4166, commits[b50d6464-f54a-40d1-9f81-f1c19654fd05:c4168]
2019-09-12 09:26:28,649 [grpc-default-executor-2] INFO  client.GrpcClientProtocolClient (GrpcClientProtocolClient.java:onNext(264)) - client-8B023739F3BF->b50d6464-f54a-40d1-9f81-f1c19654fd05: receive RaftClientReply:client-8B023739F3BF->b50d6464-f54a-40d1-9f81-f1c19654fd05@group-1F53027F28E3, cid=2964, SUCCESS, logIndex=4167, commits[b50d6464-f54a-40d1-9f81-f1c19654fd05:c4168]
2019-09-12 09:26:28,668 [grpc-default-executor-1] INFO  client.GrpcClientProtocolClient (GrpcClientProtocolClient.java:onNext(264)) - client-8B023739F3BF->b50d6464-f54a-40d1-9f81-f1c19654fd05: receive RaftClientReply:client-8B023739F3BF->b50d6464-f54a-40d1-9f81-f1c19654fd05@group-1F53027F28E3, cid=2965, SUCCESS, logIndex=4169, commits[b50d6464-f54a-40d1-9f81-f1c19654fd05:c4172]
2019-09-12 09:26:28,669 [grpc-default-executor-1] INFO  client.GrpcClientProtocolClient (GrpcClientProtocolClient.java:onNext(264)) - client-8B023739F3BF->b50d6464-f54a-40d1-9f81-f1c19654fd05: receive RaftClientReply:client-8B023739F3BF->b50d6464-f54a-40d1-9f81-f1c19654fd05@group-1F53027F28E3, cid=2966, SUCCESS, logIndex=4170, commits[b50d6464-f54a-40d1-9f81-f1c19654fd05:c4173]
2019-09-12 09:26:28,669 [grpc-default-executor-1] INFO  client.GrpcClientProtocolClient (GrpcClientProtocolClient.java:onNext(264)) - client-8B023739F3BF->b50d6464-f54a-40d1-9f81-f1c19654fd05: receive RaftClientReply:client-8B023739F3BF->b50d6464-f54a-40d1-9f81-f1c19654fd05@group-1F53027F28E3, cid=2967, SUCCESS, logIndex=4171, commits[b50d6464-f54a-40d1-9f81-f1c19654fd05:c4173]
2019-09-12 09:26:28,669 [grpc-default-executor-1] INFO  client.GrpcClientProtocolClient (GrpcClientProtocolClient.java:onNext(264)) - client-8B023739F3BF->b50d6464-f54a-40d1-9f81-f1c19654fd05: receive RaftClientReply:client-8B023739F3BF->b50d6464-f54a-40d1-9f81-f1c19654fd05@group-1F53027F28E3, cid=2968, SUCCESS, logIndex=4172, commits[b50d6464-f54a-40d1-9f81-f1c19654fd05:c4173]
2019-09-12 09:26:28,697 [grpc-default-executor-1] INFO  client.GrpcClientProtocolClient (GrpcClientProtocolClient.java:onNext(264)) - client-8B023739F3BF->b50d6464-f54a-40d1-9f81-f1c19654fd05: receive RaftClientReply:client-8B023739F3BF->b50d6464-f54a-40d1-9f81-f1c19654fd05@group-1F53027F28E3, cid=2969, SUCCESS, logIndex=4174, commits[b50d6464-f54a-40d1-9f81-f1c19654fd05:c4175]
2019-09-12 09:26:28,697 [grpc-default-executor-1] INFO  client.GrpcClientProtocolClient (GrpcClientProtocolClient.java:onNext(264)) - client-8B023739F3BF->b50d6464-f54a-40d1-9f81-f1c19654fd05: receive RaftClientReply:client-8B023739F3BF->b50d6464-f54a-40d1-9f81-f1c19654fd05@group-1F53027F28E3, cid=2970, SUCCESS, logIndex=4175, commits[b50d6464-f54a-40d1-9f81-f1c19654fd05:c4177]
2019-09-12 09:26:28,698 [grpc-default-executor-1] INFO  client.GrpcClientProtocolClient (GrpcClientProtocolClient.java:onNext(264)) - client-8B023739F3BF->b50d6464-f54a-40d1-9f81-f1c19654fd05: receive RaftClientReply:client-8B023739F3BF->b50d6464-f54a-40d1-9f81-f1c19654fd05@group-1F53027F28E3, cid=2971, SUCCESS, logIndex=4176, commits[b50d6464-f54a-40d1-9f81-f1c19654fd05:c4178]
2019-09-12 09:26:28,698 [grpc-default-executor-1] INFO  client.GrpcClientProtocolClient (GrpcClientProtocolClient.java:onNext(264)) - client-8B023739F3BF->b50d6464-f54a-40d1-9f81-f1c19654fd05: receive RaftClientReply:client-8B023739F3BF->b50d6464-f54a-40d1-9f81-f1c19654fd05@group-1F53027F28E3, cid=2972, SUCCESS, logIndex=4177, commits[b50d6464-f54a-40d1-9f81-f1c19654fd05:c4178]
2019-09-12 09:26:28,716 [grpc-default-executor-2] INFO  client.GrpcClientProtocolClient (GrpcClientProtocolClient.java:onNext(264)) - client-8B023739F3BF->b50d6464-f54a-40d1-9f81-f1c19654fd05: receive RaftClientReply:client-8B023739F3BF->b50d6464-f54a-40d1-9f81-f1c19654fd05@group-1F53027F28E3, cid=2973, SUCCESS, logIndex=4180, commits[b50d6464-f54a-40d1-9f81-f1c19654fd05:c4181]
2019-09-12 09:26:28,716 [grpc-default-executor-2] INFO  client.GrpcClientProtocolClient (GrpcClientProtocolClient.java:onNext(264)) - client-8B023739F3BF->b50d6464-f54a-40d1-9f81-f1c19654fd05: receive RaftClientReply:client-8B023739F3BF->b50d6464-f54a-40d1-9f81-f1c19654fd05@group-1F53027F28E3, cid=2974, SUCCESS, logIndex=4181, commits[b50d6464-f54a-40d1-9f81-f1c19654fd05:c4183]
2019-09-12 09:26:28,716 [grpc-default-executor-2] INFO  client.GrpcClientProtocolClient (GrpcClientProtocolClient.java:onNext(264)) - client-8B023739F3BF->b50d6464-f54a-40d1-9f81-f1c19654fd05: receive RaftClientReply:client-8B023739F3BF->b50d6464-f54a-40d1-9f81-f1c19654fd05@group-1F53027F28E3, cid=2975, SUCCESS, logIndex=4182, commits[b50d6464-f54a-40d1-9f81-f1c19654fd05:c4184]
2019-09-12 09:26:28,717 [grpc-default-executor-2] INFO  client.GrpcClientProtocolClient (GrpcClientProtocolClient.java:onNext(264)) - client-8B023739F3BF->b50d6464-f54a-40d1-9f81-f1c19654fd05: receive RaftClientReply:client-8B023739F3BF->b50d6464-f54a-40d1-9f81-f1c19654fd05@group-1F53027F28E3, cid=2976, SUCCESS, logIndex=4183, commits[b50d6464-f54a-40d1-9f81-f1c19654fd05:c4184]
2019-09-12 09:26:28,744 [grpc-default-executor-1] INFO  client.GrpcClientProtocolClient (GrpcClientProtocolClient.java:onNext(264)) - client-8B023739F3BF->b50d6464-f54a-40d1-9f81-f1c19654fd05: receive RaftClientReply:client-8B023739F3BF->b50d6464-f54a-40d1-9f81-f1c19654fd05@group-1F53027F28E3, cid=2977, SUCCESS, logIndex=4186, commits[b50d6464-f54a-40d1-9f81-f1c19654fd05:c4189]
2019-09-12 09:26:28,745 [grpc-default-executor-1] INFO  client.GrpcClientProtocolClient (GrpcClientProtocolClient.java:onNext(264)) - client-8B023739F3BF->b50d6464-f54a-40d1-9f81-f1c19654fd05: receive RaftClientReply:client-8B023739F3BF->b50d6464-f54a-40d1-9f81-f1c19654fd05@group-1F53027F28E3, cid=2978, SUCCESS, logIndex=4187, commits[b50d6464-f54a-40d1-9f81-f1c19654fd05:c4189]
2019-09-12 09:26:28,745 [grpc-default-executor-1] INFO  client.GrpcClientProtocolClient (GrpcClientProtocolClient.java:onNext(264)) - client-8B023739F3BF->b50d6464-f54a-40d1-9f81-f1c19654fd05: receive RaftClientReply:client-8B023739F3BF->b50d6464-f54a-40d1-9f81-f1c19654fd05@group-1F53027F28E3, cid=2979, SUCCESS, logIndex=4188, commits[b50d6464-f54a-40d1-9f81-f1c19654fd05:c4190]
2019-09-12 09:26:28,745 [grpc-default-executor-1] INFO  client.GrpcClientProtocolClient (GrpcClientProtocolClient.java:onNext(264)) - client-8B023739F3BF->b50d6464-f54a-40d1-9f81-f1c19654fd05: receive RaftClientReply:client-8B023739F3BF->b50d6464-f54a-40d1-9f81-f1c19654fd05@group-1F53027F28E3, cid=2980, SUCCESS, logIndex=4189, commits[b50d6464-f54a-40d1-9f81-f1c19654fd05:c4190]
2019-09-12 09:26:28,745 [SCMBlockDeletingService#1] DEBUG block.SCMBlockDeletingService (SCMBlockDeletingService.java:call(138)) - Running DeletedBlockTransactionScanner
2019-09-12 09:26:28,745 [SCMBlockDeletingService#1] DEBUG block.SCMBlockDeletingService (SCMBlockDeletingService.java:call(155)) - Scanned deleted blocks log and got 0 delTX to process.
2019-09-12 09:26:28,765 [grpc-default-executor-1] INFO  client.GrpcClientProtocolClient (GrpcClientProtocolClient.java:onNext(264)) - client-8B023739F3BF->b50d6464-f54a-40d1-9f81-f1c19654fd05: receive RaftClientReply:client-8B023739F3BF->b50d6464-f54a-40d1-9f81-f1c19654fd05@group-1F53027F28E3, cid=2981, SUCCESS, logIndex=4191, commits[b50d6464-f54a-40d1-9f81-f1c19654fd05:c4194]
2019-09-12 09:26:28,766 [grpc-default-executor-1] INFO  client.GrpcClientProtocolClient (GrpcClientProtocolClient.java:onNext(264)) - client-8B023739F3BF->b50d6464-f54a-40d1-9f81-f1c19654fd05: receive RaftClientReply:client-8B023739F3BF->b50d6464-f54a-40d1-9f81-f1c19654fd05@group-1F53027F28E3, cid=2982, SUCCESS, logIndex=4192, commits[b50d6464-f54a-40d1-9f81-f1c19654fd05:c4195]
2019-09-12 09:26:28,766 [grpc-default-executor-1] INFO  client.GrpcClientProtocolClient (GrpcClientProtocolClient.java:onNext(264)) - client-8B023739F3BF->b50d6464-f54a-40d1-9f81-f1c19654fd05: receive RaftClientReply:client-8B023739F3BF->b50d6464-f54a-40d1-9f81-f1c19654fd05@group-1F53027F28E3, cid=2983, SUCCESS, logIndex=4193, commits[b50d6464-f54a-40d1-9f81-f1c19654fd05:c4195]
2019-09-12 09:26:28,766 [grpc-default-executor-1] INFO  client.GrpcClientProtocolClient (GrpcClientProtocolClient.java:onNext(264)) - client-8B023739F3BF->b50d6464-f54a-40d1-9f81-f1c19654fd05: receive RaftClientReply:client-8B023739F3BF->b50d6464-f54a-40d1-9f81-f1c19654fd05@group-1F53027F28E3, cid=2984, SUCCESS, logIndex=4194, commits[b50d6464-f54a-40d1-9f81-f1c19654fd05:c4195]
2019-09-12 09:26:28,796 [grpc-default-executor-1] INFO  client.GrpcClientProtocolClient (GrpcClientProtocolClient.java:onNext(264)) - client-8B023739F3BF->b50d6464-f54a-40d1-9f81-f1c19654fd05: receive RaftClientReply:client-8B023739F3BF->b50d6464-f54a-40d1-9f81-f1c19654fd05@group-1F53027F28E3, cid=2985, SUCCESS, logIndex=4196, commits[b50d6464-f54a-40d1-9f81-f1c19654fd05:c4197]
2019-09-12 09:26:28,797 [grpc-default-executor-1] INFO  client.GrpcClientProtocolClient (GrpcClientProtocolClient.java:onNext(264)) - client-8B023739F3BF->b50d6464-f54a-40d1-9f81-f1c19654fd05: receive RaftClientReply:client-8B023739F3BF->b50d6464-f54a-40d1-9f81-f1c19654fd05@group-1F53027F28E3, cid=2986, SUCCESS, logIndex=4197, commits[b50d6464-f54a-40d1-9f81-f1c19654fd05:c4199]
2019-09-12 09:26:28,797 [grpc-default-executor-1] INFO  client.GrpcClientProtocolClient (GrpcClientProtocolClient.java:onNext(264)) - client-8B023739F3BF->b50d6464-f54a-40d1-9f81-f1c19654fd05: receive RaftClientReply:client-8B023739F3BF->b50d6464-f54a-40d1-9f81-f1c19654fd05@group-1F53027F28E3, cid=2987, SUCCESS, logIndex=4198, commits[b50d6464-f54a-40d1-9f81-f1c19654fd05:c4200]
2019-09-12 09:26:28,797 [grpc-default-executor-1] INFO  client.GrpcClientProtocolClient (GrpcClientProtocolClient.java:onNext(264)) - client-8B023739F3BF->b50d6464-f54a-40d1-9f81-f1c19654fd05: receive RaftClientReply:client-8B023739F3BF->b50d6464-f54a-40d1-9f81-f1c19654fd05@group-1F53027F28E3, cid=2988, SUCCESS, logIndex=4199, commits[b50d6464-f54a-40d1-9f81-f1c19654fd05:c4200]
2019-09-12 09:26:28,827 [grpc-default-executor-2] INFO  client.GrpcClientProtocolClient (GrpcClientProtocolClient.java:onNext(264)) - client-8B023739F3BF->b50d6464-f54a-40d1-9f81-f1c19654fd05: receive RaftClientReply:client-8B023739F3BF->b50d6464-f54a-40d1-9f81-f1c19654fd05@group-1F53027F28E3, cid=2989, SUCCESS, logIndex=4202, commits[b50d6464-f54a-40d1-9f81-f1c19654fd05:c4205]
2019-09-12 09:26:28,828 [grpc-default-executor-2] INFO  client.GrpcClientProtocolClient (GrpcClientProtocolClient.java:onNext(264)) - client-8B023739F3BF->b50d6464-f54a-40d1-9f81-f1c19654fd05: receive RaftClientReply:client-8B023739F3BF->b50d6464-f54a-40d1-9f81-f1c19654fd05@group-1F53027F28E3, cid=2990, SUCCESS, logIndex=4203, commits[b50d6464-f54a-40d1-9f81-f1c19654fd05:c4206]
2019-09-12 09:26:28,828 [grpc-default-executor-2] INFO  client.GrpcClientProtocolClient (GrpcClientProtocolClient.java:onNext(264)) - client-8B023739F3BF->b50d6464-f54a-40d1-9f81-f1c19654fd05: receive RaftClientReply:client-8B023739F3BF->b50d6464-f54a-40d1-9f81-f1c19654fd05@group-1F53027F28E3, cid=2991, SUCCESS, logIndex=4204, commits[b50d6464-f54a-40d1-9f81-f1c19654fd05:c4206]
2019-09-12 09:26:28,828 [grpc-default-executor-2] INFO  client.GrpcClientProtocolClient (GrpcClientProtocolClient.java:onNext(264)) - client-8B023739F3BF->b50d6464-f54a-40d1-9f81-f1c19654fd05: receive RaftClientReply:client-8B023739F3BF->b50d6464-f54a-40d1-9f81-f1c19654fd05@group-1F53027F28E3, cid=2992, SUCCESS, logIndex=4205, commits[b50d6464-f54a-40d1-9f81-f1c19654fd05:c4206]
2019-09-12 09:26:28,846 [SCMBlockDeletingService#1] DEBUG block.SCMBlockDeletingService (SCMBlockDeletingService.java:call(138)) - Running DeletedBlockTransactionScanner
2019-09-12 09:26:28,846 [SCMBlockDeletingService#1] DEBUG block.SCMBlockDeletingService (SCMBlockDeletingService.java:call(155)) - Scanned deleted blocks log and got 0 delTX to process.
2019-09-12 09:26:28,856 [grpc-default-executor-1] INFO  client.GrpcClientProtocolClient (GrpcClientProtocolClient.java:onNext(264)) - client-8B023739F3BF->b50d6464-f54a-40d1-9f81-f1c19654fd05: receive RaftClientReply:client-8B023739F3BF->b50d6464-f54a-40d1-9f81-f1c19654fd05@group-1F53027F28E3, cid=2993, SUCCESS, logIndex=4207, commits[b50d6464-f54a-40d1-9f81-f1c19654fd05:c4210]
2019-09-12 09:26:28,857 [grpc-default-executor-1] INFO  client.GrpcClientProtocolClient (GrpcClientProtocolClient.java:onNext(264)) - client-8B023739F3BF->b50d6464-f54a-40d1-9f81-f1c19654fd05: receive RaftClientReply:client-8B023739F3BF->b50d6464-f54a-40d1-9f81-f1c19654fd05@group-1F53027F28E3, cid=2994, SUCCESS, logIndex=4208, commits[b50d6464-f54a-40d1-9f81-f1c19654fd05:c4211]
2019-09-12 09:26:28,857 [grpc-default-executor-1] INFO  client.GrpcClientProtocolClient (GrpcClientProtocolClient.java:onNext(264)) - client-8B023739F3BF->b50d6464-f54a-40d1-9f81-f1c19654fd05: receive RaftClientReply:client-8B023739F3BF->b50d6464-f54a-40d1-9f81-f1c19654fd05@group-1F53027F28E3, cid=2995, SUCCESS, logIndex=4209, commits[b50d6464-f54a-40d1-9f81-f1c19654fd05:c4211]
2019-09-12 09:26:28,857 [grpc-default-executor-1] INFO  client.GrpcClientProtocolClient (GrpcClientProtocolClient.java:onNext(264)) - client-8B023739F3BF->b50d6464-f54a-40d1-9f81-f1c19654fd05: receive RaftClientReply:client-8B023739F3BF->b50d6464-f54a-40d1-9f81-f1c19654fd05@group-1F53027F28E3, cid=2996, SUCCESS, logIndex=4210, commits[b50d6464-f54a-40d1-9f81-f1c19654fd05:c4211]
2019-09-12 09:26:28,875 [grpc-default-executor-1] INFO  client.GrpcClientProtocolClient (GrpcClientProtocolClient.java:onNext(264)) - client-8B023739F3BF->b50d6464-f54a-40d1-9f81-f1c19654fd05: receive RaftClientReply:client-8B023739F3BF->b50d6464-f54a-40d1-9f81-f1c19654fd05@group-1F53027F28E3, cid=2997, SUCCESS, logIndex=4212, commits[b50d6464-f54a-40d1-9f81-f1c19654fd05:c4215]
2019-09-12 09:26:28,876 [grpc-default-executor-1] INFO  client.GrpcClientProtocolClient (GrpcClientProtocolClient.java:onNext(264)) - client-8B023739F3BF->b50d6464-f54a-40d1-9f81-f1c19654fd05: receive RaftClientReply:client-8B023739F3BF->b50d6464-f54a-40d1-9f81-f1c19654fd05@group-1F53027F28E3, cid=2998, SUCCESS, logIndex=4213, commits[b50d6464-f54a-40d1-9f81-f1c19654fd05:c4216]
2019-09-12 09:26:28,876 [grpc-default-executor-1] INFO  client.GrpcClientProtocolClient (GrpcClientProtocolClient.java:onNext(264)) - client-8B023739F3BF->b50d6464-f54a-40d1-9f81-f1c19654fd05: receive RaftClientReply:client-8B023739F3BF->b50d6464-f54a-40d1-9f81-f1c19654fd05@group-1F53027F28E3, cid=2999, SUCCESS, logIndex=4214, commits[b50d6464-f54a-40d1-9f81-f1c19654fd05:c4216]
2019-09-12 09:26:28,876 [grpc-default-executor-1] INFO  client.GrpcClientProtocolClient (GrpcClientProtocolClient.java:onNext(264)) - client-8B023739F3BF->b50d6464-f54a-40d1-9f81-f1c19654fd05: receive RaftClientReply:client-8B023739F3BF->b50d6464-f54a-40d1-9f81-f1c19654fd05@group-1F53027F28E3, cid=3000, SUCCESS, logIndex=4215, commits[b50d6464-f54a-40d1-9f81-f1c19654fd05:c4216]
2019-09-12 09:26:28,901 [grpc-default-executor-2] INFO  client.GrpcClientProtocolClient (GrpcClientProtocolClient.java:onNext(264)) - client-8B023739F3BF->b50d6464-f54a-40d1-9f81-f1c19654fd05: receive RaftClientReply:client-8B023739F3BF->b50d6464-f54a-40d1-9f81-f1c19654fd05@group-1F53027F28E3, cid=3001, SUCCESS, logIndex=4217, commits[b50d6464-f54a-40d1-9f81-f1c19654fd05:c4220]
2019-09-12 09:26:28,901 [grpc-default-executor-2] INFO  client.GrpcClientProtocolClient (GrpcClientProtocolClient.java:onNext(264)) - client-8B023739F3BF->b50d6464-f54a-40d1-9f81-f1c19654fd05: receive RaftClientReply:client-8B023739F3BF->b50d6464-f54a-40d1-9f81-f1c19654fd05@group-1F53027F28E3, cid=3002, SUCCESS, logIndex=4218, commits[b50d6464-f54a-40d1-9f81-f1c19654fd05:c4220]
2019-09-12 09:26:28,901 [grpc-default-executor-2] INFO  client.GrpcClientProtocolClient (GrpcClientProtocolClient.java:onNext(264)) - client-8B023739F3BF->b50d6464-f54a-40d1-9f81-f1c19654fd05: receive RaftClientReply:client-8B023739F3BF->b50d6464-f54a-40d1-9f81-f1c19654fd05@group-1F53027F28E3, cid=3003, SUCCESS, logIndex=4219, commits[b50d6464-f54a-40d1-9f81-f1c19654fd05:c4221]
2019-09-12 09:26:28,901 [grpc-default-executor-2] INFO  client.GrpcClientProtocolClient (GrpcClientProtocolClient.java:onNext(264)) - client-8B023739F3BF->b50d6464-f54a-40d1-9f81-f1c19654fd05: receive RaftClientReply:client-8B023739F3BF->b50d6464-f54a-40d1-9f81-f1c19654fd05@group-1F53027F28E3, cid=3004, SUCCESS, logIndex=4220, commits[b50d6464-f54a-40d1-9f81-f1c19654fd05:c4221]
2019-09-12 09:26:28,918 [grpc-default-executor-1] INFO  client.GrpcClientProtocolClient (GrpcClientProtocolClient.java:onNext(264)) - client-8B023739F3BF->b50d6464-f54a-40d1-9f81-f1c19654fd05: receive RaftClientReply:client-8B023739F3BF->b50d6464-f54a-40d1-9f81-f1c19654fd05@group-1F53027F28E3, cid=3005, SUCCESS, logIndex=4222, commits[b50d6464-f54a-40d1-9f81-f1c19654fd05:c4223]
2019-09-12 09:26:28,918 [grpc-default-executor-1] INFO  client.GrpcClientProtocolClient (GrpcClientProtocolClient.java:onNext(264)) - client-8B023739F3BF->b50d6464-f54a-40d1-9f81-f1c19654fd05: receive RaftClientReply:client-8B023739F3BF->b50d6464-f54a-40d1-9f81-f1c19654fd05@group-1F53027F28E3, cid=3006, SUCCESS, logIndex=4223, commits[b50d6464-f54a-40d1-9f81-f1c19654fd05:c4224]
2019-09-12 09:26:28,946 [SCMBlockDeletingService#1] DEBUG block.SCMBlockDeletingService (SCMBlockDeletingService.java:call(138)) - Running DeletedBlockTransactionScanner
2019-09-12 09:26:28,946 [SCMBlockDeletingService#1] DEBUG block.SCMBlockDeletingService (SCMBlockDeletingService.java:call(155)) - Scanned deleted blocks log and got 0 delTX to process.
2019-09-12 09:26:29,000 [grpc-default-executor-2] INFO  client.GrpcClientProtocolClient (GrpcClientProtocolClient.java:onNext(264)) - client-8B023739F3BF->b50d6464-f54a-40d1-9f81-f1c19654fd05: receive RaftClientReply:client-8B023739F3BF->b50d6464-f54a-40d1-9f81-f1c19654fd05@group-1F53027F28E3, cid=3007, SUCCESS, logIndex=4225, commits[b50d6464-f54a-40d1-9f81-f1c19654fd05:c4226]
2019-09-12 09:26:29,001 [grpc-default-executor-2] INFO  client.GrpcClientProtocolClient (GrpcClientProtocolClient.java:onNext(264)) - client-8B023739F3BF->b50d6464-f54a-40d1-9f81-f1c19654fd05: receive RaftClientReply:client-8B023739F3BF->b50d6464-f54a-40d1-9f81-f1c19654fd05@group-1F53027F28E3, cid=3008, SUCCESS, logIndex=4226, commits[b50d6464-f54a-40d1-9f81-f1c19654fd05:c4227]
2019-09-12 09:26:29,029 [grpc-default-executor-2] INFO  client.GrpcClientProtocolClient (GrpcClientProtocolClient.java:onNext(264)) - client-8B023739F3BF->b50d6464-f54a-40d1-9f81-f1c19654fd05: receive RaftClientReply:client-8B023739F3BF->b50d6464-f54a-40d1-9f81-f1c19654fd05@group-1F53027F28E3, cid=3009, SUCCESS, logIndex=4228, commits[b50d6464-f54a-40d1-9f81-f1c19654fd05:c4231]
2019-09-12 09:26:29,029 [grpc-default-executor-2] INFO  client.GrpcClientProtocolClient (GrpcClientProtocolClient.java:onNext(264)) - client-8B023739F3BF->b50d6464-f54a-40d1-9f81-f1c19654fd05: receive RaftClientReply:client-8B023739F3BF->b50d6464-f54a-40d1-9f81-f1c19654fd05@group-1F53027F28E3, cid=3010, SUCCESS, logIndex=4229, commits[b50d6464-f54a-40d1-9f81-f1c19654fd05:c4232]
2019-09-12 09:26:29,029 [grpc-default-executor-2] INFO  client.GrpcClientProtocolClient (GrpcClientProtocolClient.java:onNext(264)) - client-8B023739F3BF->b50d6464-f54a-40d1-9f81-f1c19654fd05: receive RaftClientReply:client-8B023739F3BF->b50d6464-f54a-40d1-9f81-f1c19654fd05@group-1F53027F28E3, cid=3011, SUCCESS, logIndex=4230, commits[b50d6464-f54a-40d1-9f81-f1c19654fd05:c4232]
2019-09-12 09:26:29,029 [grpc-default-executor-2] INFO  client.GrpcClientProtocolClient (GrpcClientProtocolClient.java:onNext(264)) - client-8B023739F3BF->b50d6464-f54a-40d1-9f81-f1c19654fd05: receive RaftClientReply:client-8B023739F3BF->b50d6464-f54a-40d1-9f81-f1c19654fd05@group-1F53027F28E3, cid=3012, SUCCESS, logIndex=4231, commits[b50d6464-f54a-40d1-9f81-f1c19654fd05:c4232]
2019-09-12 09:26:29,046 [grpc-default-executor-1] INFO  client.GrpcClientProtocolClient (GrpcClientProtocolClient.java:onNext(264)) - client-8B023739F3BF->b50d6464-f54a-40d1-9f81-f1c19654fd05: receive RaftClientReply:client-8B023739F3BF->b50d6464-f54a-40d1-9f81-f1c19654fd05@group-1F53027F28E3, cid=3013, SUCCESS, logIndex=4233, commits[b50d6464-f54a-40d1-9f81-f1c19654fd05:c4234]
2019-09-12 09:26:29,046 [grpc-default-executor-1] INFO  client.GrpcClientProtocolClient (GrpcClientProtocolClient.java:onNext(264)) - client-8B023739F3BF->b50d6464-f54a-40d1-9f81-f1c19654fd05: receive RaftClientReply:client-8B023739F3BF->b50d6464-f54a-40d1-9f81-f1c19654fd05@group-1F53027F28E3, cid=3014, SUCCESS, logIndex=4234, commits[b50d6464-f54a-40d1-9f81-f1c19654fd05:c4236]
2019-09-12 09:26:29,047 [grpc-default-executor-1] INFO  client.GrpcClientProtocolClient (GrpcClientProtocolClient.java:onNext(264)) - client-8B023739F3BF->b50d6464-f54a-40d1-9f81-f1c19654fd05: receive RaftClientReply:client-8B023739F3BF->b50d6464-f54a-40d1-9f81-f1c19654fd05@group-1F53027F28E3, cid=3015, SUCCESS, logIndex=4235, commits[b50d6464-f54a-40d1-9f81-f1c19654fd05:c4236]
2019-09-12 09:26:29,047 [SCMBlockDeletingService#1] DEBUG block.SCMBlockDeletingService (SCMBlockDeletingService.java:call(138)) - Running DeletedBlockTransactionScanner
2019-09-12 09:26:29,047 [grpc-default-executor-1] INFO  client.GrpcClientProtocolClient (GrpcClientProtocolClient.java:onNext(264)) - client-8B023739F3BF->b50d6464-f54a-40d1-9f81-f1c19654fd05: receive RaftClientReply:client-8B023739F3BF->b50d6464-f54a-40d1-9f81-f1c19654fd05@group-1F53027F28E3, cid=3016, SUCCESS, logIndex=4236, commits[b50d6464-f54a-40d1-9f81-f1c19654fd05:c4237]
2019-09-12 09:26:29,047 [SCMBlockDeletingService#1] DEBUG block.SCMBlockDeletingService (SCMBlockDeletingService.java:call(155)) - Scanned deleted blocks log and got 0 delTX to process.
2019-09-12 09:26:29,074 [grpc-default-executor-1] INFO  client.GrpcClientProtocolClient (GrpcClientProtocolClient.java:onNext(264)) - client-8B023739F3BF->b50d6464-f54a-40d1-9f81-f1c19654fd05: receive RaftClientReply:client-8B023739F3BF->b50d6464-f54a-40d1-9f81-f1c19654fd05@group-1F53027F28E3, cid=3017, SUCCESS, logIndex=4239, commits[b50d6464-f54a-40d1-9f81-f1c19654fd05:c4242]
2019-09-12 09:26:29,075 [grpc-default-executor-1] INFO  client.GrpcClientProtocolClient (GrpcClientProtocolClient.java:onNext(264)) - client-8B023739F3BF->b50d6464-f54a-40d1-9f81-f1c19654fd05: receive RaftClientReply:client-8B023739F3BF->b50d6464-f54a-40d1-9f81-f1c19654fd05@group-1F53027F28E3, cid=3018, SUCCESS, logIndex=4240, commits[b50d6464-f54a-40d1-9f81-f1c19654fd05:c4243]
2019-09-12 09:26:29,075 [grpc-default-executor-1] INFO  client.GrpcClientProtocolClient (GrpcClientProtocolClient.java:onNext(264)) - client-8B023739F3BF->b50d6464-f54a-40d1-9f81-f1c19654fd05: receive RaftClientReply:client-8B023739F3BF->b50d6464-f54a-40d1-9f81-f1c19654fd05@group-1F53027F28E3, cid=3019, SUCCESS, logIndex=4241, commits[b50d6464-f54a-40d1-9f81-f1c19654fd05:c4243]
2019-09-12 09:26:29,075 [grpc-default-executor-1] INFO  client.GrpcClientProtocolClient (GrpcClientProtocolClient.java:onNext(264)) - client-8B023739F3BF->b50d6464-f54a-40d1-9f81-f1c19654fd05: receive RaftClientReply:client-8B023739F3BF->b50d6464-f54a-40d1-9f81-f1c19654fd05@group-1F53027F28E3, cid=3020, SUCCESS, logIndex=4242, commits[b50d6464-f54a-40d1-9f81-f1c19654fd05:c4243]
2019-09-12 09:26:29,095 [grpc-default-executor-2] INFO  client.GrpcClientProtocolClient (GrpcClientProtocolClient.java:onNext(264)) - client-8B023739F3BF->b50d6464-f54a-40d1-9f81-f1c19654fd05: receive RaftClientReply:client-8B023739F3BF->b50d6464-f54a-40d1-9f81-f1c19654fd05@group-1F53027F28E3, cid=3021, SUCCESS, logIndex=4244, commits[b50d6464-f54a-40d1-9f81-f1c19654fd05:c4247]
2019-09-12 09:26:29,095 [grpc-default-executor-2] INFO  client.GrpcClientProtocolClient (GrpcClientProtocolClient.java:onNext(264)) - client-8B023739F3BF->b50d6464-f54a-40d1-9f81-f1c19654fd05: receive RaftClientReply:client-8B023739F3BF->b50d6464-f54a-40d1-9f81-f1c19654fd05@group-1F53027F28E3, cid=3022, SUCCESS, logIndex=4245, commits[b50d6464-f54a-40d1-9f81-f1c19654fd05:c4248]
2019-09-12 09:26:29,095 [grpc-default-executor-2] INFO  client.GrpcClientProtocolClient (GrpcClientProtocolClient.java:onNext(264)) - client-8B023739F3BF->b50d6464-f54a-40d1-9f81-f1c19654fd05: receive RaftClientReply:client-8B023739F3BF->b50d6464-f54a-40d1-9f81-f1c19654fd05@group-1F53027F28E3, cid=3023, SUCCESS, logIndex=4246, commits[b50d6464-f54a-40d1-9f81-f1c19654fd05:c4248]
2019-09-12 09:26:29,095 [grpc-default-executor-2] INFO  client.GrpcClientProtocolClient (GrpcClientProtocolClient.java:onNext(264)) - client-8B023739F3BF->b50d6464-f54a-40d1-9f81-f1c19654fd05: receive RaftClientReply:client-8B023739F3BF->b50d6464-f54a-40d1-9f81-f1c19654fd05@group-1F53027F28E3, cid=3024, SUCCESS, logIndex=4247, commits[b50d6464-f54a-40d1-9f81-f1c19654fd05:c4248]
2019-09-12 09:26:29,128 [grpc-default-executor-1] INFO  client.GrpcClientProtocolClient (GrpcClientProtocolClient.java:onNext(264)) - client-8B023739F3BF->b50d6464-f54a-40d1-9f81-f1c19654fd05: receive RaftClientReply:client-8B023739F3BF->b50d6464-f54a-40d1-9f81-f1c19654fd05@group-1F53027F28E3, cid=3025, SUCCESS, logIndex=4249, commits[b50d6464-f54a-40d1-9f81-f1c19654fd05:c4252]
2019-09-12 09:26:29,128 [grpc-default-executor-1] INFO  client.GrpcClientProtocolClient (GrpcClientProtocolClient.java:onNext(264)) - client-8B023739F3BF->b50d6464-f54a-40d1-9f81-f1c19654fd05: receive RaftClientReply:client-8B023739F3BF->b50d6464-f54a-40d1-9f81-f1c19654fd05@group-1F53027F28E3, cid=3026, SUCCESS, logIndex=4250, commits[b50d6464-f54a-40d1-9f81-f1c19654fd05:c4252]
2019-09-12 09:26:29,129 [grpc-default-executor-1] INFO  client.GrpcClientProtocolClient (GrpcClientProtocolClient.java:onNext(264)) - client-8B023739F3BF->b50d6464-f54a-40d1-9f81-f1c19654fd05: receive RaftClientReply:client-8B023739F3BF->b50d6464-f54a-40d1-9f81-f1c19654fd05@group-1F53027F28E3, cid=3027, SUCCESS, logIndex=4251, commits[b50d6464-f54a-40d1-9f81-f1c19654fd05:c4252]
2019-09-12 09:26:29,129 [grpc-default-executor-1] INFO  client.GrpcClientProtocolClient (GrpcClientProtocolClient.java:onNext(264)) - client-8B023739F3BF->b50d6464-f54a-40d1-9f81-f1c19654fd05: receive RaftClientReply:client-8B023739F3BF->b50d6464-f54a-40d1-9f81-f1c19654fd05@group-1F53027F28E3, cid=3028, SUCCESS, logIndex=4252, commits[b50d6464-f54a-40d1-9f81-f1c19654fd05:c4252]
2019-09-12 09:26:29,147 [grpc-default-executor-2] INFO  client.GrpcClientProtocolClient (GrpcClientProtocolClient.java:onNext(264)) - client-8B023739F3BF->b50d6464-f54a-40d1-9f81-f1c19654fd05: receive RaftClientReply:client-8B023739F3BF->b50d6464-f54a-40d1-9f81-f1c19654fd05@group-1F53027F28E3, cid=3029, SUCCESS, logIndex=4254, commits[b50d6464-f54a-40d1-9f81-f1c19654fd05:c4257]
2019-09-12 09:26:29,147 [SCMBlockDeletingService#1] DEBUG block.SCMBlockDeletingService (SCMBlockDeletingService.java:call(138)) - Running DeletedBlockTransactionScanner
2019-09-12 09:26:29,148 [grpc-default-executor-2] INFO  client.GrpcClientProtocolClient (GrpcClientProtocolClient.java:onNext(264)) - client-8B023739F3BF->b50d6464-f54a-40d1-9f81-f1c19654fd05: receive RaftClientReply:client-8B023739F3BF->b50d6464-f54a-40d1-9f81-f1c19654fd05@group-1F53027F28E3, cid=3030, SUCCESS, logIndex=4255, commits[b50d6464-f54a-40d1-9f81-f1c19654fd05:c4258]
2019-09-12 09:26:29,148 [SCMBlockDeletingService#1] DEBUG block.SCMBlockDeletingService (SCMBlockDeletingService.java:call(155)) - Scanned deleted blocks log and got 0 delTX to process.
2019-09-12 09:26:29,148 [grpc-default-executor-2] INFO  client.GrpcClientProtocolClient (GrpcClientProtocolClient.java:onNext(264)) - client-8B023739F3BF->b50d6464-f54a-40d1-9f81-f1c19654fd05: receive RaftClientReply:client-8B023739F3BF->b50d6464-f54a-40d1-9f81-f1c19654fd05@group-1F53027F28E3, cid=3031, SUCCESS, logIndex=4256, commits[b50d6464-f54a-40d1-9f81-f1c19654fd05:c4258]
2019-09-12 09:26:29,148 [grpc-default-executor-2] INFO  client.GrpcClientProtocolClient (GrpcClientProtocolClient.java:onNext(264)) - client-8B023739F3BF->b50d6464-f54a-40d1-9f81-f1c19654fd05: receive RaftClientReply:client-8B023739F3BF->b50d6464-f54a-40d1-9f81-f1c19654fd05@group-1F53027F28E3, cid=3032, SUCCESS, logIndex=4257, commits[b50d6464-f54a-40d1-9f81-f1c19654fd05:c4258]
2019-09-12 09:26:29,173 [grpc-default-executor-2] INFO  client.GrpcClientProtocolClient (GrpcClientProtocolClient.java:onNext(264)) - client-8B023739F3BF->b50d6464-f54a-40d1-9f81-f1c19654fd05: receive RaftClientReply:client-8B023739F3BF->b50d6464-f54a-40d1-9f81-f1c19654fd05@group-1F53027F28E3, cid=3033, SUCCESS, logIndex=4259, commits[b50d6464-f54a-40d1-9f81-f1c19654fd05:c4262]
2019-09-12 09:26:29,174 [grpc-default-executor-2] INFO  client.GrpcClientProtocolClient (GrpcClientProtocolClient.java:onNext(264)) - client-8B023739F3BF->b50d6464-f54a-40d1-9f81-f1c19654fd05: receive RaftClientReply:client-8B023739F3BF->b50d6464-f54a-40d1-9f81-f1c19654fd05@group-1F53027F28E3, cid=3034, SUCCESS, logIndex=4260, commits[b50d6464-f54a-40d1-9f81-f1c19654fd05:c4262]
2019-09-12 09:26:29,174 [grpc-default-executor-2] INFO  client.GrpcClientProtocolClient (GrpcClientProtocolClient.java:onNext(264)) - client-8B023739F3BF->b50d6464-f54a-40d1-9f81-f1c19654fd05: receive RaftClientReply:client-8B023739F3BF->b50d6464-f54a-40d1-9f81-f1c19654fd05@group-1F53027F28E3, cid=3035, SUCCESS, logIndex=4261, commits[b50d6464-f54a-40d1-9f81-f1c19654fd05:c4263]
2019-09-12 09:26:29,174 [grpc-default-executor-2] INFO  client.GrpcClientProtocolClient (GrpcClientProtocolClient.java:onNext(264)) - client-8B023739F3BF->b50d6464-f54a-40d1-9f81-f1c19654fd05: receive RaftClientReply:client-8B023739F3BF->b50d6464-f54a-40d1-9f81-f1c19654fd05@group-1F53027F28E3, cid=3036, SUCCESS, logIndex=4262, commits[b50d6464-f54a-40d1-9f81-f1c19654fd05:c4263]
2019-09-12 09:26:29,194 [grpc-default-executor-2] INFO  client.GrpcClientProtocolClient (GrpcClientProtocolClient.java:onNext(264)) - client-8B023739F3BF->b50d6464-f54a-40d1-9f81-f1c19654fd05: receive RaftClientReply:client-8B023739F3BF->b50d6464-f54a-40d1-9f81-f1c19654fd05@group-1F53027F28E3, cid=3037, SUCCESS, logIndex=4264, commits[b50d6464-f54a-40d1-9f81-f1c19654fd05:c4267]
2019-09-12 09:26:29,195 [grpc-default-executor-2] INFO  client.GrpcClientProtocolClient (GrpcClientProtocolClient.java:onNext(264)) - client-8B023739F3BF->b50d6464-f54a-40d1-9f81-f1c19654fd05: receive RaftClientReply:client-8B023739F3BF->b50d6464-f54a-40d1-9f81-f1c19654fd05@group-1F53027F28E3, cid=3038, SUCCESS, logIndex=4265, commits[b50d6464-f54a-40d1-9f81-f1c19654fd05:c4268]
2019-09-12 09:26:29,195 [grpc-default-executor-2] INFO  client.GrpcClientProtocolClient (GrpcClientProtocolClient.java:onNext(264)) - client-8B023739F3BF->b50d6464-f54a-40d1-9f81-f1c19654fd05: receive RaftClientReply:client-8B023739F3BF->b50d6464-f54a-40d1-9f81-f1c19654fd05@group-1F53027F28E3, cid=3039, SUCCESS, logIndex=4266, commits[b50d6464-f54a-40d1-9f81-f1c19654fd05:c4268]
2019-09-12 09:26:29,195 [grpc-default-executor-2] INFO  client.GrpcClientProtocolClient (GrpcClientProtocolClient.java:onNext(264)) - client-8B023739F3BF->b50d6464-f54a-40d1-9f81-f1c19654fd05: receive RaftClientReply:client-8B023739F3BF->b50d6464-f54a-40d1-9f81-f1c19654fd05@group-1F53027F28E3, cid=3040, SUCCESS, logIndex=4267, commits[b50d6464-f54a-40d1-9f81-f1c19654fd05:c4268]
2019-09-12 09:26:29,220 [grpc-default-executor-1] INFO  client.GrpcClientProtocolClient (GrpcClientProtocolClient.java:onNext(264)) - client-8B023739F3BF->b50d6464-f54a-40d1-9f81-f1c19654fd05: receive RaftClientReply:client-8B023739F3BF->b50d6464-f54a-40d1-9f81-f1c19654fd05@group-1F53027F28E3, cid=3041, SUCCESS, logIndex=4269, commits[b50d6464-f54a-40d1-9f81-f1c19654fd05:c4272]
2019-09-12 09:26:29,220 [grpc-default-executor-1] INFO  client.GrpcClientProtocolClient (GrpcClientProtocolClient.java:onNext(264)) - client-8B023739F3BF->b50d6464-f54a-40d1-9f81-f1c19654fd05: receive RaftClientReply:client-8B023739F3BF->b50d6464-f54a-40d1-9f81-f1c19654fd05@group-1F53027F28E3, cid=3042, SUCCESS, logIndex=4270, commits[b50d6464-f54a-40d1-9f81-f1c19654fd05:c4273]
2019-09-12 09:26:29,221 [grpc-default-executor-1] INFO  client.GrpcClientProtocolClient (GrpcClientProtocolClient.java:onNext(264)) - client-8B023739F3BF->b50d6464-f54a-40d1-9f81-f1c19654fd05: receive RaftClientReply:client-8B023739F3BF->b50d6464-f54a-40d1-9f81-f1c19654fd05@group-1F53027F28E3, cid=3043, SUCCESS, logIndex=4271, commits[b50d6464-f54a-40d1-9f81-f1c19654fd05:c4273]
2019-09-12 09:26:29,221 [grpc-default-executor-1] INFO  client.GrpcClientProtocolClient (GrpcClientProtocolClient.java:onNext(264)) - client-8B023739F3BF->b50d6464-f54a-40d1-9f81-f1c19654fd05: receive RaftClientReply:client-8B023739F3BF->b50d6464-f54a-40d1-9f81-f1c19654fd05@group-1F53027F28E3, cid=3044, SUCCESS, logIndex=4272, commits[b50d6464-f54a-40d1-9f81-f1c19654fd05:c4273]
2019-09-12 09:26:29,238 [grpc-default-executor-1] INFO  client.GrpcClientProtocolClient (GrpcClientProtocolClient.java:onNext(264)) - client-8B023739F3BF->b50d6464-f54a-40d1-9f81-f1c19654fd05: receive RaftClientReply:client-8B023739F3BF->b50d6464-f54a-40d1-9f81-f1c19654fd05@group-1F53027F28E3, cid=3045, SUCCESS, logIndex=4274, commits[b50d6464-f54a-40d1-9f81-f1c19654fd05:c4275]
2019-09-12 09:26:29,238 [grpc-default-executor-1] INFO  client.GrpcClientProtocolClient (GrpcClientProtocolClient.java:onNext(264)) - client-8B023739F3BF->b50d6464-f54a-40d1-9f81-f1c19654fd05: receive RaftClientReply:client-8B023739F3BF->b50d6464-f54a-40d1-9f81-f1c19654fd05@group-1F53027F28E3, cid=3046, SUCCESS, logIndex=4275, commits[b50d6464-f54a-40d1-9f81-f1c19654fd05:c4277]
2019-09-12 09:26:29,238 [grpc-default-executor-1] INFO  client.GrpcClientProtocolClient (GrpcClientProtocolClient.java:onNext(264)) - client-8B023739F3BF->b50d6464-f54a-40d1-9f81-f1c19654fd05: receive RaftClientReply:client-8B023739F3BF->b50d6464-f54a-40d1-9f81-f1c19654fd05@group-1F53027F28E3, cid=3047, SUCCESS, logIndex=4276, commits[b50d6464-f54a-40d1-9f81-f1c19654fd05:c4278]
2019-09-12 09:26:29,238 [grpc-default-executor-1] INFO  client.GrpcClientProtocolClient (GrpcClientProtocolClient.java:onNext(264)) - client-8B023739F3BF->b50d6464-f54a-40d1-9f81-f1c19654fd05: receive RaftClientReply:client-8B023739F3BF->b50d6464-f54a-40d1-9f81-f1c19654fd05@group-1F53027F28E3, cid=3048, SUCCESS, logIndex=4277, commits[b50d6464-f54a-40d1-9f81-f1c19654fd05:c4278]
2019-09-12 09:26:29,558 [SCMBlockDeletingService#1] DEBUG block.SCMBlockDeletingService (SCMBlockDeletingService.java:call(138)) - Running DeletedBlockTransactionScanner
2019-09-12 09:26:29,558 [SCMBlockDeletingService#1] DEBUG block.SCMBlockDeletingService (SCMBlockDeletingService.java:call(155)) - Scanned deleted blocks log and got 0 delTX to process.
2019-09-12 09:26:29,574 [grpc-default-executor-2] INFO  client.GrpcClientProtocolClient (GrpcClientProtocolClient.java:onNext(264)) - client-8B023739F3BF->b50d6464-f54a-40d1-9f81-f1c19654fd05: receive RaftClientReply:client-8B023739F3BF->b50d6464-f54a-40d1-9f81-f1c19654fd05@group-1F53027F28E3, cid=3049, SUCCESS, logIndex=4280, commits[b50d6464-f54a-40d1-9f81-f1c19654fd05:c4281]
2019-09-12 09:26:29,575 [grpc-default-executor-2] INFO  client.GrpcClientProtocolClient (GrpcClientProtocolClient.java:onNext(264)) - client-8B023739F3BF->b50d6464-f54a-40d1-9f81-f1c19654fd05: receive RaftClientReply:client-8B023739F3BF->b50d6464-f54a-40d1-9f81-f1c19654fd05@group-1F53027F28E3, cid=3050, SUCCESS, logIndex=4281, commits[b50d6464-f54a-40d1-9f81-f1c19654fd05:c4282]
2019-09-12 09:26:29,653 [grpc-default-executor-2] INFO  client.GrpcClientProtocolClient (GrpcClientProtocolClient.java:onNext(264)) - client-8B023739F3BF->b50d6464-f54a-40d1-9f81-f1c19654fd05: receive RaftClientReply:client-8B023739F3BF->b50d6464-f54a-40d1-9f81-f1c19654fd05@group-1F53027F28E3, cid=3051, SUCCESS, logIndex=4283, commits[b50d6464-f54a-40d1-9f81-f1c19654fd05:c4284]
2019-09-12 09:26:29,653 [grpc-default-executor-2] INFO  client.GrpcClientProtocolClient (GrpcClientProtocolClient.java:onNext(264)) - client-8B023739F3BF->b50d6464-f54a-40d1-9f81-f1c19654fd05: receive RaftClientReply:client-8B023739F3BF->b50d6464-f54a-40d1-9f81-f1c19654fd05@group-1F53027F28E3, cid=3052, SUCCESS, logIndex=4284, commits[b50d6464-f54a-40d1-9f81-f1c19654fd05:c4285]
2019-09-12 09:26:29,658 [SCMBlockDeletingService#1] DEBUG block.SCMBlockDeletingService (SCMBlockDeletingService.java:call(138)) - Running DeletedBlockTransactionScanner
2019-09-12 09:26:29,658 [SCMBlockDeletingService#1] DEBUG block.SCMBlockDeletingService (SCMBlockDeletingService.java:call(155)) - Scanned deleted blocks log and got 0 delTX to process.
2019-09-12 09:26:29,674 [grpc-default-executor-1] INFO  client.GrpcClientProtocolClient (GrpcClientProtocolClient.java:onNext(264)) - client-8B023739F3BF->b50d6464-f54a-40d1-9f81-f1c19654fd05: receive RaftClientReply:client-8B023739F3BF->b50d6464-f54a-40d1-9f81-f1c19654fd05@group-1F53027F28E3, cid=3053, SUCCESS, logIndex=4286, commits[b50d6464-f54a-40d1-9f81-f1c19654fd05:c4289]
2019-09-12 09:26:29,675 [grpc-default-executor-1] INFO  client.GrpcClientProtocolClient (GrpcClientProtocolClient.java:onNext(264)) - client-8B023739F3BF->b50d6464-f54a-40d1-9f81-f1c19654fd05: receive RaftClientReply:client-8B023739F3BF->b50d6464-f54a-40d1-9f81-f1c19654fd05@group-1F53027F28E3, cid=3054, SUCCESS, logIndex=4287, commits[b50d6464-f54a-40d1-9f81-f1c19654fd05:c4290]
2019-09-12 09:26:29,675 [grpc-default-executor-1] INFO  client.GrpcClientProtocolClient (GrpcClientProtocolClient.java:onNext(264)) - client-8B023739F3BF->b50d6464-f54a-40d1-9f81-f1c19654fd05: receive RaftClientReply:client-8B023739F3BF->b50d6464-f54a-40d1-9f81-f1c19654fd05@group-1F53027F28E3, cid=3055, SUCCESS, logIndex=4288, commits[b50d6464-f54a-40d1-9f81-f1c19654fd05:c4290]
2019-09-12 09:26:29,675 [grpc-default-executor-1] INFO  client.GrpcClientProtocolClient (GrpcClientProtocolClient.java:onNext(264)) - client-8B023739F3BF->b50d6464-f54a-40d1-9f81-f1c19654fd05: receive RaftClientReply:client-8B023739F3BF->b50d6464-f54a-40d1-9f81-f1c19654fd05@group-1F53027F28E3, cid=3056, SUCCESS, logIndex=4289, commits[b50d6464-f54a-40d1-9f81-f1c19654fd05:c4290]
2019-09-12 09:26:29,710 [grpc-default-executor-2] INFO  client.GrpcClientProtocolClient (GrpcClientProtocolClient.java:onNext(264)) - client-8B023739F3BF->b50d6464-f54a-40d1-9f81-f1c19654fd05: receive RaftClientReply:client-8B023739F3BF->b50d6464-f54a-40d1-9f81-f1c19654fd05@group-1F53027F28E3, cid=3057, SUCCESS, logIndex=4291, commits[b50d6464-f54a-40d1-9f81-f1c19654fd05:c4294]
2019-09-12 09:26:29,711 [grpc-default-executor-2] INFO  client.GrpcClientProtocolClient (GrpcClientProtocolClient.java:onNext(264)) - client-8B023739F3BF->b50d6464-f54a-40d1-9f81-f1c19654fd05: receive RaftClientReply:client-8B023739F3BF->b50d6464-f54a-40d1-9f81-f1c19654fd05@group-1F53027F28E3, cid=3058, SUCCESS, logIndex=4292, commits[b50d6464-f54a-40d1-9f81-f1c19654fd05:c4295]
2019-09-12 09:26:29,722 [grpc-default-executor-2] INFO  client.GrpcClientProtocolClient (GrpcClientProtocolClient.java:onNext(264)) - client-8B023739F3BF->b50d6464-f54a-40d1-9f81-f1c19654fd05: receive RaftClientReply:client-8B023739F3BF->b50d6464-f54a-40d1-9f81-f1c19654fd05@group-1F53027F28E3, cid=3059, SUCCESS, logIndex=4293, commits[b50d6464-f54a-40d1-9f81-f1c19654fd05:c4295]
2019-09-12 09:26:29,723 [grpc-default-executor-2] INFO  client.GrpcClientProtocolClient (GrpcClientProtocolClient.java:onNext(264)) - client-8B023739F3BF->b50d6464-f54a-40d1-9f81-f1c19654fd05: receive RaftClientReply:client-8B023739F3BF->b50d6464-f54a-40d1-9f81-f1c19654fd05@group-1F53027F28E3, cid=3060, SUCCESS, logIndex=4294, commits[b50d6464-f54a-40d1-9f81-f1c19654fd05:c4295]
2019-09-12 09:26:29,740 [grpc-default-executor-1] INFO  client.GrpcClientProtocolClient (GrpcClientProtocolClient.java:onNext(264)) - client-8B023739F3BF->b50d6464-f54a-40d1-9f81-f1c19654fd05: receive RaftClientReply:client-8B023739F3BF->b50d6464-f54a-40d1-9f81-f1c19654fd05@group-1F53027F28E3, cid=3061, SUCCESS, logIndex=4296, commits[b50d6464-f54a-40d1-9f81-f1c19654fd05:c4299]
2019-09-12 09:26:29,741 [grpc-default-executor-1] INFO  client.GrpcClientProtocolClient (GrpcClientProtocolClient.java:onNext(264)) - client-8B023739F3BF->b50d6464-f54a-40d1-9f81-f1c19654fd05: receive RaftClientReply:client-8B023739F3BF->b50d6464-f54a-40d1-9f81-f1c19654fd05@group-1F53027F28E3, cid=3062, SUCCESS, logIndex=4297, commits[b50d6464-f54a-40d1-9f81-f1c19654fd05:c4300]
2019-09-12 09:26:29,741 [grpc-default-executor-1] INFO  client.GrpcClientProtocolClient (GrpcClientProtocolClient.java:onNext(264)) - client-8B023739F3BF->b50d6464-f54a-40d1-9f81-f1c19654fd05: receive RaftClientReply:client-8B023739F3BF->b50d6464-f54a-40d1-9f81-f1c19654fd05@group-1F53027F28E3, cid=3063, SUCCESS, logIndex=4298, commits[b50d6464-f54a-40d1-9f81-f1c19654fd05:c4300]
2019-09-12 09:26:29,741 [grpc-default-executor-1] INFO  client.GrpcClientProtocolClient (GrpcClientProtocolClient.java:onNext(264)) - client-8B023739F3BF->b50d6464-f54a-40d1-9f81-f1c19654fd05: receive RaftClientReply:client-8B023739F3BF->b50d6464-f54a-40d1-9f81-f1c19654fd05@group-1F53027F28E3, cid=3064, SUCCESS, logIndex=4299, commits[b50d6464-f54a-40d1-9f81-f1c19654fd05:c4300]
2019-09-12 09:26:29,759 [SCMBlockDeletingService#1] DEBUG block.SCMBlockDeletingService (SCMBlockDeletingService.java:call(138)) - Running DeletedBlockTransactionScanner
2019-09-12 09:26:29,759 [SCMBlockDeletingService#1] DEBUG block.SCMBlockDeletingService (SCMBlockDeletingService.java:call(155)) - Scanned deleted blocks log and got 0 delTX to process.
2019-09-12 09:26:29,768 [grpc-default-executor-1] INFO  client.GrpcClientProtocolClient (GrpcClientProtocolClient.java:onNext(264)) - client-8B023739F3BF->b50d6464-f54a-40d1-9f81-f1c19654fd05: receive RaftClientReply:client-8B023739F3BF->b50d6464-f54a-40d1-9f81-f1c19654fd05@group-1F53027F28E3, cid=3065, SUCCESS, logIndex=4301, commits[b50d6464-f54a-40d1-9f81-f1c19654fd05:c4304]
2019-09-12 09:26:29,768 [grpc-default-executor-1] INFO  client.GrpcClientProtocolClient (GrpcClientProtocolClient.java:onNext(264)) - client-8B023739F3BF->b50d6464-f54a-40d1-9f81-f1c19654fd05: receive RaftClientReply:client-8B023739F3BF->b50d6464-f54a-40d1-9f81-f1c19654fd05@group-1F53027F28E3, cid=3066, SUCCESS, logIndex=4302, commits[b50d6464-f54a-40d1-9f81-f1c19654fd05:c4304]
2019-09-12 09:26:29,769 [grpc-default-executor-1] INFO  client.GrpcClientProtocolClient (GrpcClientProtocolClient.java:onNext(264)) - client-8B023739F3BF->b50d6464-f54a-40d1-9f81-f1c19654fd05: receive RaftClientReply:client-8B023739F3BF->b50d6464-f54a-40d1-9f81-f1c19654fd05@group-1F53027F28E3, cid=3067, SUCCESS, logIndex=4303, commits[b50d6464-f54a-40d1-9f81-f1c19654fd05:c4305]
2019-09-12 09:26:29,769 [grpc-default-executor-1] INFO  client.GrpcClientProtocolClient (GrpcClientProtocolClient.java:onNext(264)) - client-8B023739F3BF->b50d6464-f54a-40d1-9f81-f1c19654fd05: receive RaftClientReply:client-8B023739F3BF->b50d6464-f54a-40d1-9f81-f1c19654fd05@group-1F53027F28E3, cid=3068, SUCCESS, logIndex=4304, commits[b50d6464-f54a-40d1-9f81-f1c19654fd05:c4305]
2019-09-12 09:26:29,787 [grpc-default-executor-2] INFO  client.GrpcClientProtocolClient (GrpcClientProtocolClient.java:onNext(264)) - client-8B023739F3BF->b50d6464-f54a-40d1-9f81-f1c19654fd05: receive RaftClientReply:client-8B023739F3BF->b50d6464-f54a-40d1-9f81-f1c19654fd05@group-1F53027F28E3, cid=3069, SUCCESS, logIndex=4306, commits[b50d6464-f54a-40d1-9f81-f1c19654fd05:c4309]
2019-09-12 09:26:29,788 [grpc-default-executor-2] INFO  client.GrpcClientProtocolClient (GrpcClientProtocolClient.java:onNext(264)) - client-8B023739F3BF->b50d6464-f54a-40d1-9f81-f1c19654fd05: receive RaftClientReply:client-8B023739F3BF->b50d6464-f54a-40d1-9f81-f1c19654fd05@group-1F53027F28E3, cid=3070, SUCCESS, logIndex=4307, commits[b50d6464-f54a-40d1-9f81-f1c19654fd05:c4310]
2019-09-12 09:26:29,788 [grpc-default-executor-2] INFO  client.GrpcClientProtocolClient (GrpcClientProtocolClient.java:onNext(264)) - client-8B023739F3BF->b50d6464-f54a-40d1-9f81-f1c19654fd05: receive RaftClientReply:client-8B023739F3BF->b50d6464-f54a-40d1-9f81-f1c19654fd05@group-1F53027F28E3, cid=3071, SUCCESS, logIndex=4308, commits[b50d6464-f54a-40d1-9f81-f1c19654fd05:c4310]
2019-09-12 09:26:29,788 [grpc-default-executor-2] INFO  client.GrpcClientProtocolClient (GrpcClientProtocolClient.java:onNext(264)) - client-8B023739F3BF->b50d6464-f54a-40d1-9f81-f1c19654fd05: receive RaftClientReply:client-8B023739F3BF->b50d6464-f54a-40d1-9f81-f1c19654fd05@group-1F53027F28E3, cid=3072, SUCCESS, logIndex=4309, commits[b50d6464-f54a-40d1-9f81-f1c19654fd05:c4310]
2019-09-12 09:26:29,816 [grpc-default-executor-2] INFO  client.GrpcClientProtocolClient (GrpcClientProtocolClient.java:onNext(264)) - client-8B023739F3BF->b50d6464-f54a-40d1-9f81-f1c19654fd05: receive RaftClientReply:client-8B023739F3BF->b50d6464-f54a-40d1-9f81-f1c19654fd05@group-1F53027F28E3, cid=3073, SUCCESS, logIndex=4311, commits[b50d6464-f54a-40d1-9f81-f1c19654fd05:c4314]
2019-09-12 09:26:29,816 [grpc-default-executor-2] INFO  client.GrpcClientProtocolClient (GrpcClientProtocolClient.java:onNext(264)) - client-8B023739F3BF->b50d6464-f54a-40d1-9f81-f1c19654fd05: receive RaftClientReply:client-8B023739F3BF->b50d6464-f54a-40d1-9f81-f1c19654fd05@group-1F53027F28E3, cid=3074, SUCCESS, logIndex=4312, commits[b50d6464-f54a-40d1-9f81-f1c19654fd05:c4315]
2019-09-12 09:26:29,817 [grpc-default-executor-2] INFO  client.GrpcClientProtocolClient (GrpcClientProtocolClient.java:onNext(264)) - client-8B023739F3BF->b50d6464-f54a-40d1-9f81-f1c19654fd05: receive RaftClientReply:client-8B023739F3BF->b50d6464-f54a-40d1-9f81-f1c19654fd05@group-1F53027F28E3, cid=3075, SUCCESS, logIndex=4313, commits[b50d6464-f54a-40d1-9f81-f1c19654fd05:c4315]
2019-09-12 09:26:29,817 [grpc-default-executor-2] INFO  client.GrpcClientProtocolClient (GrpcClientProtocolClient.java:onNext(264)) - client-8B023739F3BF->b50d6464-f54a-40d1-9f81-f1c19654fd05: receive RaftClientReply:client-8B023739F3BF->b50d6464-f54a-40d1-9f81-f1c19654fd05@group-1F53027F28E3, cid=3076, SUCCESS, logIndex=4314, commits[b50d6464-f54a-40d1-9f81-f1c19654fd05:c4315]
2019-09-12 09:26:29,834 [grpc-default-executor-2] INFO  client.GrpcClientProtocolClient (GrpcClientProtocolClient.java:onNext(264)) - client-8B023739F3BF->b50d6464-f54a-40d1-9f81-f1c19654fd05: receive RaftClientReply:client-8B023739F3BF->b50d6464-f54a-40d1-9f81-f1c19654fd05@group-1F53027F28E3, cid=3077, SUCCESS, logIndex=4316, commits[b50d6464-f54a-40d1-9f81-f1c19654fd05:c4317]
2019-09-12 09:26:29,834 [grpc-default-executor-2] INFO  client.GrpcClientProtocolClient (GrpcClientProtocolClient.java:onNext(264)) - client-8B023739F3BF->b50d6464-f54a-40d1-9f81-f1c19654fd05: receive RaftClientReply:client-8B023739F3BF->b50d6464-f54a-40d1-9f81-f1c19654fd05@group-1F53027F28E3, cid=3078, SUCCESS, logIndex=4317, commits[b50d6464-f54a-40d1-9f81-f1c19654fd05:c4319]
2019-09-12 09:26:29,835 [grpc-default-executor-2] INFO  client.GrpcClientProtocolClient (GrpcClientProtocolClient.java:onNext(264)) - client-8B023739F3BF->b50d6464-f54a-40d1-9f81-f1c19654fd05: receive RaftClientReply:client-8B023739F3BF->b50d6464-f54a-40d1-9f81-f1c19654fd05@group-1F53027F28E3, cid=3079, SUCCESS, logIndex=4318, commits[b50d6464-f54a-40d1-9f81-f1c19654fd05:c4319]
2019-09-12 09:26:29,835 [grpc-default-executor-2] INFO  client.GrpcClientProtocolClient (GrpcClientProtocolClient.java:onNext(264)) - client-8B023739F3BF->b50d6464-f54a-40d1-9f81-f1c19654fd05: receive RaftClientReply:client-8B023739F3BF->b50d6464-f54a-40d1-9f81-f1c19654fd05@group-1F53027F28E3, cid=3080, SUCCESS, logIndex=4319, commits[b50d6464-f54a-40d1-9f81-f1c19654fd05:c4320]
2019-09-12 09:26:29,856 [grpc-default-executor-2] INFO  client.GrpcClientProtocolClient (GrpcClientProtocolClient.java:onNext(264)) - client-8B023739F3BF->b50d6464-f54a-40d1-9f81-f1c19654fd05: receive RaftClientReply:client-8B023739F3BF->b50d6464-f54a-40d1-9f81-f1c19654fd05@group-1F53027F28E3, cid=3081, SUCCESS, logIndex=4322, commits[b50d6464-f54a-40d1-9f81-f1c19654fd05:c4323]
2019-09-12 09:26:29,856 [grpc-default-executor-2] INFO  client.GrpcClientProtocolClient (GrpcClientProtocolClient.java:onNext(264)) - client-8B023739F3BF->b50d6464-f54a-40d1-9f81-f1c19654fd05: receive RaftClientReply:client-8B023739F3BF->b50d6464-f54a-40d1-9f81-f1c19654fd05@group-1F53027F28E3, cid=3082, SUCCESS, logIndex=4323, commits[b50d6464-f54a-40d1-9f81-f1c19654fd05:c4323]
2019-09-12 09:26:29,857 [grpc-default-executor-2] INFO  client.GrpcClientProtocolClient (GrpcClientProtocolClient.java:onNext(264)) - client-8B023739F3BF->b50d6464-f54a-40d1-9f81-f1c19654fd05: receive RaftClientReply:client-8B023739F3BF->b50d6464-f54a-40d1-9f81-f1c19654fd05@group-1F53027F28E3, cid=3083, SUCCESS, logIndex=4324, commits[b50d6464-f54a-40d1-9f81-f1c19654fd05:c4325]
2019-09-12 09:26:29,857 [grpc-default-executor-2] INFO  client.GrpcClientProtocolClient (GrpcClientProtocolClient.java:onNext(264)) - client-8B023739F3BF->b50d6464-f54a-40d1-9f81-f1c19654fd05: receive RaftClientReply:client-8B023739F3BF->b50d6464-f54a-40d1-9f81-f1c19654fd05@group-1F53027F28E3, cid=3084, SUCCESS, logIndex=4325, commits[b50d6464-f54a-40d1-9f81-f1c19654fd05:c4326]
2019-09-12 09:26:29,859 [SCMBlockDeletingService#1] DEBUG block.SCMBlockDeletingService (SCMBlockDeletingService.java:call(138)) - Running DeletedBlockTransactionScanner
2019-09-12 09:26:29,859 [SCMBlockDeletingService#1] DEBUG block.SCMBlockDeletingService (SCMBlockDeletingService.java:call(155)) - Scanned deleted blocks log and got 0 delTX to process.
2019-09-12 09:26:29,883 [grpc-default-executor-2] INFO  client.GrpcClientProtocolClient (GrpcClientProtocolClient.java:onNext(264)) - client-8B023739F3BF->b50d6464-f54a-40d1-9f81-f1c19654fd05: receive RaftClientReply:client-8B023739F3BF->b50d6464-f54a-40d1-9f81-f1c19654fd05@group-1F53027F28E3, cid=3085, SUCCESS, logIndex=4328, commits[b50d6464-f54a-40d1-9f81-f1c19654fd05:c4331]
2019-09-12 09:26:29,884 [grpc-default-executor-2] INFO  client.GrpcClientProtocolClient (GrpcClientProtocolClient.java:onNext(264)) - client-8B023739F3BF->b50d6464-f54a-40d1-9f81-f1c19654fd05: receive RaftClientReply:client-8B023739F3BF->b50d6464-f54a-40d1-9f81-f1c19654fd05@group-1F53027F28E3, cid=3086, SUCCESS, logIndex=4329, commits[b50d6464-f54a-40d1-9f81-f1c19654fd05:c4332]
2019-09-12 09:26:29,884 [grpc-default-executor-2] INFO  client.GrpcClientProtocolClient (GrpcClientProtocolClient.java:onNext(264)) - client-8B023739F3BF->b50d6464-f54a-40d1-9f81-f1c19654fd05: receive RaftClientReply:client-8B023739F3BF->b50d6464-f54a-40d1-9f81-f1c19654fd05@group-1F53027F28E3, cid=3087, SUCCESS, logIndex=4330, commits[b50d6464-f54a-40d1-9f81-f1c19654fd05:c4332]
2019-09-12 09:26:29,884 [grpc-default-executor-2] INFO  client.GrpcClientProtocolClient (GrpcClientProtocolClient.java:onNext(264)) - client-8B023739F3BF->b50d6464-f54a-40d1-9f81-f1c19654fd05: receive RaftClientReply:client-8B023739F3BF->b50d6464-f54a-40d1-9f81-f1c19654fd05@group-1F53027F28E3, cid=3088, SUCCESS, logIndex=4331, commits[b50d6464-f54a-40d1-9f81-f1c19654fd05:c4332]
2019-09-12 09:26:29,910 [grpc-default-executor-2] INFO  client.GrpcClientProtocolClient (GrpcClientProtocolClient.java:onNext(264)) - client-8B023739F3BF->b50d6464-f54a-40d1-9f81-f1c19654fd05: receive RaftClientReply:client-8B023739F3BF->b50d6464-f54a-40d1-9f81-f1c19654fd05@group-1F53027F28E3, cid=3089, SUCCESS, logIndex=4333, commits[b50d6464-f54a-40d1-9f81-f1c19654fd05:c4336]
2019-09-12 09:26:29,911 [grpc-default-executor-2] INFO  client.GrpcClientProtocolClient (GrpcClientProtocolClient.java:onNext(264)) - client-8B023739F3BF->b50d6464-f54a-40d1-9f81-f1c19654fd05: receive RaftClientReply:client-8B023739F3BF->b50d6464-f54a-40d1-9f81-f1c19654fd05@group-1F53027F28E3, cid=3090, SUCCESS, logIndex=4334, commits[b50d6464-f54a-40d1-9f81-f1c19654fd05:c4337]
2019-09-12 09:26:29,911 [grpc-default-executor-2] INFO  client.GrpcClientProtocolClient (GrpcClientProtocolClient.java:onNext(264)) - client-8B023739F3BF->b50d6464-f54a-40d1-9f81-f1c19654fd05: receive RaftClientReply:client-8B023739F3BF->b50d6464-f54a-40d1-9f81-f1c19654fd05@group-1F53027F28E3, cid=3091, SUCCESS, logIndex=4335, commits[b50d6464-f54a-40d1-9f81-f1c19654fd05:c4337]
2019-09-12 09:26:29,911 [grpc-default-executor-2] INFO  client.GrpcClientProtocolClient (GrpcClientProtocolClient.java:onNext(264)) - client-8B023739F3BF->b50d6464-f54a-40d1-9f81-f1c19654fd05: receive RaftClientReply:client-8B023739F3BF->b50d6464-f54a-40d1-9f81-f1c19654fd05@group-1F53027F28E3, cid=3092, SUCCESS, logIndex=4336, commits[b50d6464-f54a-40d1-9f81-f1c19654fd05:c4337]
2019-09-12 09:26:29,929 [grpc-default-executor-1] INFO  client.GrpcClientProtocolClient (GrpcClientProtocolClient.java:onNext(264)) - client-8B023739F3BF->b50d6464-f54a-40d1-9f81-f1c19654fd05: receive RaftClientReply:client-8B023739F3BF->b50d6464-f54a-40d1-9f81-f1c19654fd05@group-1F53027F28E3, cid=3093, SUCCESS, logIndex=4338, commits[b50d6464-f54a-40d1-9f81-f1c19654fd05:c4339]
2019-09-12 09:26:29,929 [grpc-default-executor-1] INFO  client.GrpcClientProtocolClient (GrpcClientProtocolClient.java:onNext(264)) - client-8B023739F3BF->b50d6464-f54a-40d1-9f81-f1c19654fd05: receive RaftClientReply:client-8B023739F3BF->b50d6464-f54a-40d1-9f81-f1c19654fd05@group-1F53027F28E3, cid=3094, SUCCESS, logIndex=4339, commits[b50d6464-f54a-40d1-9f81-f1c19654fd05:c4340]
2019-09-12 09:26:29,960 [SCMBlockDeletingService#1] DEBUG block.SCMBlockDeletingService (SCMBlockDeletingService.java:call(138)) - Running DeletedBlockTransactionScanner
2019-09-12 09:26:29,960 [SCMBlockDeletingService#1] DEBUG block.SCMBlockDeletingService (SCMBlockDeletingService.java:call(155)) - Scanned deleted blocks log and got 0 delTX to process.
2019-09-12 09:26:30,003 [grpc-default-executor-2] INFO  client.GrpcClientProtocolClient (GrpcClientProtocolClient.java:onNext(264)) - client-8B023739F3BF->b50d6464-f54a-40d1-9f81-f1c19654fd05: receive RaftClientReply:client-8B023739F3BF->b50d6464-f54a-40d1-9f81-f1c19654fd05@group-1F53027F28E3, cid=3095, SUCCESS, logIndex=4341, commits[b50d6464-f54a-40d1-9f81-f1c19654fd05:c4342]
2019-09-12 09:26:30,003 [grpc-default-executor-2] INFO  client.GrpcClientProtocolClient (GrpcClientProtocolClient.java:onNext(264)) - client-8B023739F3BF->b50d6464-f54a-40d1-9f81-f1c19654fd05: receive RaftClientReply:client-8B023739F3BF->b50d6464-f54a-40d1-9f81-f1c19654fd05@group-1F53027F28E3, cid=3096, SUCCESS, logIndex=4342, commits[b50d6464-f54a-40d1-9f81-f1c19654fd05:c4343]
2019-09-12 09:26:30,031 [grpc-default-executor-2] INFO  client.GrpcClientProtocolClient (GrpcClientProtocolClient.java:onNext(264)) - client-8B023739F3BF->b50d6464-f54a-40d1-9f81-f1c19654fd05: receive RaftClientReply:client-8B023739F3BF->b50d6464-f54a-40d1-9f81-f1c19654fd05@group-1F53027F28E3, cid=3097, SUCCESS, logIndex=4344, commits[b50d6464-f54a-40d1-9f81-f1c19654fd05:c4345]
2019-09-12 09:26:30,032 [grpc-default-executor-2] INFO  client.GrpcClientProtocolClient (GrpcClientProtocolClient.java:onNext(264)) - client-8B023739F3BF->b50d6464-f54a-40d1-9f81-f1c19654fd05: receive RaftClientReply:client-8B023739F3BF->b50d6464-f54a-40d1-9f81-f1c19654fd05@group-1F53027F28E3, cid=3098, SUCCESS, logIndex=4345, commits[b50d6464-f54a-40d1-9f81-f1c19654fd05:c4345]
2019-09-12 09:26:30,032 [grpc-default-executor-2] INFO  client.GrpcClientProtocolClient (GrpcClientProtocolClient.java:onNext(264)) - client-8B023739F3BF->b50d6464-f54a-40d1-9f81-f1c19654fd05: receive RaftClientReply:client-8B023739F3BF->b50d6464-f54a-40d1-9f81-f1c19654fd05@group-1F53027F28E3, cid=3099, SUCCESS, logIndex=4346, commits[b50d6464-f54a-40d1-9f81-f1c19654fd05:c4347]
2019-09-12 09:26:30,032 [grpc-default-executor-2] INFO  client.GrpcClientProtocolClient (GrpcClientProtocolClient.java:onNext(264)) - client-8B023739F3BF->b50d6464-f54a-40d1-9f81-f1c19654fd05: receive RaftClientReply:client-8B023739F3BF->b50d6464-f54a-40d1-9f81-f1c19654fd05@group-1F53027F28E3, cid=3100, SUCCESS, logIndex=4347, commits[b50d6464-f54a-40d1-9f81-f1c19654fd05:c4347]
2019-09-12 09:26:30,052 [grpc-default-executor-2] INFO  client.GrpcClientProtocolClient (GrpcClientProtocolClient.java:onNext(264)) - client-8B023739F3BF->b50d6464-f54a-40d1-9f81-f1c19654fd05: receive RaftClientReply:client-8B023739F3BF->b50d6464-f54a-40d1-9f81-f1c19654fd05@group-1F53027F28E3, cid=3101, SUCCESS, logIndex=4350, commits[b50d6464-f54a-40d1-9f81-f1c19654fd05:c4353]
2019-09-12 09:26:30,052 [grpc-default-executor-2] INFO  client.GrpcClientProtocolClient (GrpcClientProtocolClient.java:onNext(264)) - client-8B023739F3BF->b50d6464-f54a-40d1-9f81-f1c19654fd05: receive RaftClientReply:client-8B023739F3BF->b50d6464-f54a-40d1-9f81-f1c19654fd05@group-1F53027F28E3, cid=3102, SUCCESS, logIndex=4351, commits[b50d6464-f54a-40d1-9f81-f1c19654fd05:c4354]
2019-09-12 09:26:30,052 [grpc-default-executor-2] INFO  client.GrpcClientProtocolClient (GrpcClientProtocolClient.java:onNext(264)) - client-8B023739F3BF->b50d6464-f54a-40d1-9f81-f1c19654fd05: receive RaftClientReply:client-8B023739F3BF->b50d6464-f54a-40d1-9f81-f1c19654fd05@group-1F53027F28E3, cid=3103, SUCCESS, logIndex=4352, commits[b50d6464-f54a-40d1-9f81-f1c19654fd05:c4354]
2019-09-12 09:26:30,052 [grpc-default-executor-2] INFO  client.GrpcClientProtocolClient (GrpcClientProtocolClient.java:onNext(264)) - client-8B023739F3BF->b50d6464-f54a-40d1-9f81-f1c19654fd05: receive RaftClientReply:client-8B023739F3BF->b50d6464-f54a-40d1-9f81-f1c19654fd05@group-1F53027F28E3, cid=3104, SUCCESS, logIndex=4353, commits[b50d6464-f54a-40d1-9f81-f1c19654fd05:c4354]
2019-09-12 09:26:30,060 [SCMBlockDeletingService#1] DEBUG block.SCMBlockDeletingService (SCMBlockDeletingService.java:call(138)) - Running DeletedBlockTransactionScanner
2019-09-12 09:26:30,060 [SCMBlockDeletingService#1] DEBUG block.SCMBlockDeletingService (SCMBlockDeletingService.java:call(155)) - Scanned deleted blocks log and got 0 delTX to process.
2019-09-12 09:26:30,080 [grpc-default-executor-1] INFO  client.GrpcClientProtocolClient (GrpcClientProtocolClient.java:onNext(264)) - client-8B023739F3BF->b50d6464-f54a-40d1-9f81-f1c19654fd05: receive RaftClientReply:client-8B023739F3BF->b50d6464-f54a-40d1-9f81-f1c19654fd05@group-1F53027F28E3, cid=3105, SUCCESS, logIndex=4355, commits[b50d6464-f54a-40d1-9f81-f1c19654fd05:c4358]
2019-09-12 09:26:30,081 [grpc-default-executor-1] INFO  client.GrpcClientProtocolClient (GrpcClientProtocolClient.java:onNext(264)) - client-8B023739F3BF->b50d6464-f54a-40d1-9f81-f1c19654fd05: receive RaftClientReply:client-8B023739F3BF->b50d6464-f54a-40d1-9f81-f1c19654fd05@group-1F53027F28E3, cid=3106, SUCCESS, logIndex=4356, commits[b50d6464-f54a-40d1-9f81-f1c19654fd05:c4359]
2019-09-12 09:26:30,081 [grpc-default-executor-1] INFO  client.GrpcClientProtocolClient (GrpcClientProtocolClient.java:onNext(264)) - client-8B023739F3BF->b50d6464-f54a-40d1-9f81-f1c19654fd05: receive RaftClientReply:client-8B023739F3BF->b50d6464-f54a-40d1-9f81-f1c19654fd05@group-1F53027F28E3, cid=3107, SUCCESS, logIndex=4357, commits[b50d6464-f54a-40d1-9f81-f1c19654fd05:c4359]
2019-09-12 09:26:30,081 [grpc-default-executor-1] INFO  client.GrpcClientProtocolClient (GrpcClientProtocolClient.java:onNext(264)) - client-8B023739F3BF->b50d6464-f54a-40d1-9f81-f1c19654fd05: receive RaftClientReply:client-8B023739F3BF->b50d6464-f54a-40d1-9f81-f1c19654fd05@group-1F53027F28E3, cid=3108, SUCCESS, logIndex=4358, commits[b50d6464-f54a-40d1-9f81-f1c19654fd05:c4359]
2019-09-12 09:26:30,098 [grpc-default-executor-2] INFO  client.GrpcClientProtocolClient (GrpcClientProtocolClient.java:onNext(264)) - client-8B023739F3BF->b50d6464-f54a-40d1-9f81-f1c19654fd05: receive RaftClientReply:client-8B023739F3BF->b50d6464-f54a-40d1-9f81-f1c19654fd05@group-1F53027F28E3, cid=3109, SUCCESS, logIndex=4360, commits[b50d6464-f54a-40d1-9f81-f1c19654fd05:c4361]
2019-09-12 09:26:30,098 [grpc-default-executor-2] INFO  client.GrpcClientProtocolClient (GrpcClientProtocolClient.java:onNext(264)) - client-8B023739F3BF->b50d6464-f54a-40d1-9f81-f1c19654fd05: receive RaftClientReply:client-8B023739F3BF->b50d6464-f54a-40d1-9f81-f1c19654fd05@group-1F53027F28E3, cid=3110, SUCCESS, logIndex=4361, commits[b50d6464-f54a-40d1-9f81-f1c19654fd05:c4363]
2019-09-12 09:26:30,099 [grpc-default-executor-2] INFO  client.GrpcClientProtocolClient (GrpcClientProtocolClient.java:onNext(264)) - client-8B023739F3BF->b50d6464-f54a-40d1-9f81-f1c19654fd05: receive RaftClientReply:client-8B023739F3BF->b50d6464-f54a-40d1-9f81-f1c19654fd05@group-1F53027F28E3, cid=3111, SUCCESS, logIndex=4362, commits[b50d6464-f54a-40d1-9f81-f1c19654fd05:c4364]
2019-09-12 09:26:30,099 [grpc-default-executor-2] INFO  client.GrpcClientProtocolClient (GrpcClientProtocolClient.java:onNext(264)) - client-8B023739F3BF->b50d6464-f54a-40d1-9f81-f1c19654fd05: receive RaftClientReply:client-8B023739F3BF->b50d6464-f54a-40d1-9f81-f1c19654fd05@group-1F53027F28E3, cid=3112, SUCCESS, logIndex=4363, commits[b50d6464-f54a-40d1-9f81-f1c19654fd05:c4365]
2019-09-12 09:26:30,127 [grpc-default-executor-2] INFO  client.GrpcClientProtocolClient (GrpcClientProtocolClient.java:onNext(264)) - client-8B023739F3BF->b50d6464-f54a-40d1-9f81-f1c19654fd05: receive RaftClientReply:client-8B023739F3BF->b50d6464-f54a-40d1-9f81-f1c19654fd05@group-1F53027F28E3, cid=3113, SUCCESS, logIndex=4366, commits[b50d6464-f54a-40d1-9f81-f1c19654fd05:c4367]
2019-09-12 09:26:30,129 [grpc-default-executor-2] INFO  client.GrpcClientProtocolClient (GrpcClientProtocolClient.java:onNext(264)) - client-8B023739F3BF->b50d6464-f54a-40d1-9f81-f1c19654fd05: receive RaftClientReply:client-8B023739F3BF->b50d6464-f54a-40d1-9f81-f1c19654fd05@group-1F53027F28E3, cid=3114, SUCCESS, logIndex=4367, commits[b50d6464-f54a-40d1-9f81-f1c19654fd05:c4367]
2019-09-12 09:26:30,129 [grpc-default-executor-2] INFO  client.GrpcClientProtocolClient (GrpcClientProtocolClient.java:onNext(264)) - client-8B023739F3BF->b50d6464-f54a-40d1-9f81-f1c19654fd05: receive RaftClientReply:client-8B023739F3BF->b50d6464-f54a-40d1-9f81-f1c19654fd05@group-1F53027F28E3, cid=3115, SUCCESS, logIndex=4368, commits[b50d6464-f54a-40d1-9f81-f1c19654fd05:c4370]
2019-09-12 09:26:30,130 [grpc-default-executor-2] INFO  client.GrpcClientProtocolClient (GrpcClientProtocolClient.java:onNext(264)) - client-8B023739F3BF->b50d6464-f54a-40d1-9f81-f1c19654fd05: receive RaftClientReply:client-8B023739F3BF->b50d6464-f54a-40d1-9f81-f1c19654fd05@group-1F53027F28E3, cid=3116, SUCCESS, logIndex=4369, commits[b50d6464-f54a-40d1-9f81-f1c19654fd05:c4370]
2019-09-12 09:26:30,148 [grpc-default-executor-1] INFO  client.GrpcClientProtocolClient (GrpcClientProtocolClient.java:onNext(264)) - client-8B023739F3BF->b50d6464-f54a-40d1-9f81-f1c19654fd05: receive RaftClientReply:client-8B023739F3BF->b50d6464-f54a-40d1-9f81-f1c19654fd05@group-1F53027F28E3, cid=3117, SUCCESS, logIndex=4371, commits[b50d6464-f54a-40d1-9f81-f1c19654fd05:c4374]
2019-09-12 09:26:30,148 [grpc-default-executor-1] INFO  client.GrpcClientProtocolClient (GrpcClientProtocolClient.java:onNext(264)) - client-8B023739F3BF->b50d6464-f54a-40d1-9f81-f1c19654fd05: receive RaftClientReply:client-8B023739F3BF->b50d6464-f54a-40d1-9f81-f1c19654fd05@group-1F53027F28E3, cid=3118, SUCCESS, logIndex=4372, commits[b50d6464-f54a-40d1-9f81-f1c19654fd05:c4374]
2019-09-12 09:26:30,149 [grpc-default-executor-1] INFO  client.GrpcClientProtocolClient (GrpcClientProtocolClient.java:onNext(264)) - client-8B023739F3BF->b50d6464-f54a-40d1-9f81-f1c19654fd05: receive RaftClientReply:client-8B023739F3BF->b50d6464-f54a-40d1-9f81-f1c19654fd05@group-1F53027F28E3, cid=3119, SUCCESS, logIndex=4373, commits[b50d6464-f54a-40d1-9f81-f1c19654fd05:c4375]
2019-09-12 09:26:30,149 [grpc-default-executor-1] INFO  client.GrpcClientProtocolClient (GrpcClientProtocolClient.java:onNext(264)) - client-8B023739F3BF->b50d6464-f54a-40d1-9f81-f1c19654fd05: receive RaftClientReply:client-8B023739F3BF->b50d6464-f54a-40d1-9f81-f1c19654fd05@group-1F53027F28E3, cid=3120, SUCCESS, logIndex=4374, commits[b50d6464-f54a-40d1-9f81-f1c19654fd05:c4375]
2019-09-12 09:26:30,161 [SCMBlockDeletingService#1] DEBUG block.SCMBlockDeletingService (SCMBlockDeletingService.java:call(138)) - Running DeletedBlockTransactionScanner
2019-09-12 09:26:30,161 [SCMBlockDeletingService#1] DEBUG block.SCMBlockDeletingService (SCMBlockDeletingService.java:call(155)) - Scanned deleted blocks log and got 0 delTX to process.
2019-09-12 09:26:30,174 [grpc-default-executor-1] INFO  client.GrpcClientProtocolClient (GrpcClientProtocolClient.java:onNext(264)) - client-8B023739F3BF->b50d6464-f54a-40d1-9f81-f1c19654fd05: receive RaftClientReply:client-8B023739F3BF->b50d6464-f54a-40d1-9f81-f1c19654fd05@group-1F53027F28E3, cid=3121, SUCCESS, logIndex=4376, commits[b50d6464-f54a-40d1-9f81-f1c19654fd05:c4379]
2019-09-12 09:26:30,175 [grpc-default-executor-1] INFO  client.GrpcClientProtocolClient (GrpcClientProtocolClient.java:onNext(264)) - client-8B023739F3BF->b50d6464-f54a-40d1-9f81-f1c19654fd05: receive RaftClientReply:client-8B023739F3BF->b50d6464-f54a-40d1-9f81-f1c19654fd05@group-1F53027F28E3, cid=3122, SUCCESS, logIndex=4377, commits[b50d6464-f54a-40d1-9f81-f1c19654fd05:c4380]
2019-09-12 09:26:30,175 [grpc-default-executor-1] INFO  client.GrpcClientProtocolClient (GrpcClientProtocolClient.java:onNext(264)) - client-8B023739F3BF->b50d6464-f54a-40d1-9f81-f1c19654fd05: receive RaftClientReply:client-8B023739F3BF->b50d6464-f54a-40d1-9f81-f1c19654fd05@group-1F53027F28E3, cid=3123, SUCCESS, logIndex=4378, commits[b50d6464-f54a-40d1-9f81-f1c19654fd05:c4380]
2019-09-12 09:26:30,175 [grpc-default-executor-1] INFO  client.GrpcClientProtocolClient (GrpcClientProtocolClient.java:onNext(264)) - client-8B023739F3BF->b50d6464-f54a-40d1-9f81-f1c19654fd05: receive RaftClientReply:client-8B023739F3BF->b50d6464-f54a-40d1-9f81-f1c19654fd05@group-1F53027F28E3, cid=3124, SUCCESS, logIndex=4379, commits[b50d6464-f54a-40d1-9f81-f1c19654fd05:c4380]
2019-09-12 09:26:30,192 [grpc-default-executor-1] INFO  client.GrpcClientProtocolClient (GrpcClientProtocolClient.java:onNext(264)) - client-8B023739F3BF->b50d6464-f54a-40d1-9f81-f1c19654fd05: receive RaftClientReply:client-8B023739F3BF->b50d6464-f54a-40d1-9f81-f1c19654fd05@group-1F53027F28E3, cid=3125, SUCCESS, logIndex=4381, commits[b50d6464-f54a-40d1-9f81-f1c19654fd05:c4382]
2019-09-12 09:26:30,192 [grpc-default-executor-1] INFO  client.GrpcClientProtocolClient (GrpcClientProtocolClient.java:onNext(264)) - client-8B023739F3BF->b50d6464-f54a-40d1-9f81-f1c19654fd05: receive RaftClientReply:client-8B023739F3BF->b50d6464-f54a-40d1-9f81-f1c19654fd05@group-1F53027F28E3, cid=3126, SUCCESS, logIndex=4382, commits[b50d6464-f54a-40d1-9f81-f1c19654fd05:c4384]
2019-09-12 09:26:30,193 [grpc-default-executor-1] INFO  client.GrpcClientProtocolClient (GrpcClientProtocolClient.java:onNext(264)) - client-8B023739F3BF->b50d6464-f54a-40d1-9f81-f1c19654fd05: receive RaftClientReply:client-8B023739F3BF->b50d6464-f54a-40d1-9f81-f1c19654fd05@group-1F53027F28E3, cid=3127, SUCCESS, logIndex=4383, commits[b50d6464-f54a-40d1-9f81-f1c19654fd05:c4384]
2019-09-12 09:26:30,193 [grpc-default-executor-1] INFO  client.GrpcClientProtocolClient (GrpcClientProtocolClient.java:onNext(264)) - client-8B023739F3BF->b50d6464-f54a-40d1-9f81-f1c19654fd05: receive RaftClientReply:client-8B023739F3BF->b50d6464-f54a-40d1-9f81-f1c19654fd05@group-1F53027F28E3, cid=3128, SUCCESS, logIndex=4384, commits[b50d6464-f54a-40d1-9f81-f1c19654fd05:c4385]
2019-09-12 09:26:30,219 [grpc-default-executor-2] INFO  client.GrpcClientProtocolClient (GrpcClientProtocolClient.java:onNext(264)) - client-8B023739F3BF->b50d6464-f54a-40d1-9f81-f1c19654fd05: receive RaftClientReply:client-8B023739F3BF->b50d6464-f54a-40d1-9f81-f1c19654fd05@group-1F53027F28E3, cid=3129, SUCCESS, logIndex=4387, commits[b50d6464-f54a-40d1-9f81-f1c19654fd05:c4390]
2019-09-12 09:26:30,219 [grpc-default-executor-2] INFO  client.GrpcClientProtocolClient (GrpcClientProtocolClient.java:onNext(264)) - client-8B023739F3BF->b50d6464-f54a-40d1-9f81-f1c19654fd05: receive RaftClientReply:client-8B023739F3BF->b50d6464-f54a-40d1-9f81-f1c19654fd05@group-1F53027F28E3, cid=3130, SUCCESS, logIndex=4388, commits[b50d6464-f54a-40d1-9f81-f1c19654fd05:c4390]
2019-09-12 09:26:30,220 [grpc-default-executor-2] INFO  client.GrpcClientProtocolClient (GrpcClientProtocolClient.java:onNext(264)) - client-8B023739F3BF->b50d6464-f54a-40d1-9f81-f1c19654fd05: receive RaftClientReply:client-8B023739F3BF->b50d6464-f54a-40d1-9f81-f1c19654fd05@group-1F53027F28E3, cid=3131, SUCCESS, logIndex=4389, commits[b50d6464-f54a-40d1-9f81-f1c19654fd05:c4391]
2019-09-12 09:26:30,220 [grpc-default-executor-2] INFO  client.GrpcClientProtocolClient (GrpcClientProtocolClient.java:onNext(264)) - client-8B023739F3BF->b50d6464-f54a-40d1-9f81-f1c19654fd05: receive RaftClientReply:client-8B023739F3BF->b50d6464-f54a-40d1-9f81-f1c19654fd05@group-1F53027F28E3, cid=3132, SUCCESS, logIndex=4390, commits[b50d6464-f54a-40d1-9f81-f1c19654fd05:c4391]
2019-09-12 09:26:30,238 [grpc-default-executor-2] INFO  client.GrpcClientProtocolClient (GrpcClientProtocolClient.java:onNext(264)) - client-8B023739F3BF->b50d6464-f54a-40d1-9f81-f1c19654fd05: receive RaftClientReply:client-8B023739F3BF->b50d6464-f54a-40d1-9f81-f1c19654fd05@group-1F53027F28E3, cid=3133, SUCCESS, logIndex=4392, commits[b50d6464-f54a-40d1-9f81-f1c19654fd05:c4395]
2019-09-12 09:26:30,238 [grpc-default-executor-2] INFO  client.GrpcClientProtocolClient (GrpcClientProtocolClient.java:onNext(264)) - client-8B023739F3BF->b50d6464-f54a-40d1-9f81-f1c19654fd05: receive RaftClientReply:client-8B023739F3BF->b50d6464-f54a-40d1-9f81-f1c19654fd05@group-1F53027F28E3, cid=3134, SUCCESS, logIndex=4393, commits[b50d6464-f54a-40d1-9f81-f1c19654fd05:c4396]
2019-09-12 09:26:30,238 [grpc-default-executor-2] INFO  client.GrpcClientProtocolClient (GrpcClientProtocolClient.java:onNext(264)) - client-8B023739F3BF->b50d6464-f54a-40d1-9f81-f1c19654fd05: receive RaftClientReply:client-8B023739F3BF->b50d6464-f54a-40d1-9f81-f1c19654fd05@group-1F53027F28E3, cid=3135, SUCCESS, logIndex=4394, commits[b50d6464-f54a-40d1-9f81-f1c19654fd05:c4396]
2019-09-12 09:26:30,239 [grpc-default-executor-2] INFO  client.GrpcClientProtocolClient (GrpcClientProtocolClient.java:onNext(264)) - client-8B023739F3BF->b50d6464-f54a-40d1-9f81-f1c19654fd05: receive RaftClientReply:client-8B023739F3BF->b50d6464-f54a-40d1-9f81-f1c19654fd05@group-1F53027F28E3, cid=3136, SUCCESS, logIndex=4395, commits[b50d6464-f54a-40d1-9f81-f1c19654fd05:c4396]
2019-09-12 09:26:30,280 [SCMBlockDeletingService#1] DEBUG block.SCMBlockDeletingService (SCMBlockDeletingService.java:call(138)) - Running DeletedBlockTransactionScanner
2019-09-12 09:26:30,280 [SCMBlockDeletingService#1] DEBUG block.SCMBlockDeletingService (SCMBlockDeletingService.java:call(155)) - Scanned deleted blocks log and got 0 delTX to process.
2019-09-12 09:26:30,297 [grpc-default-executor-2] INFO  client.GrpcClientProtocolClient (GrpcClientProtocolClient.java:onNext(264)) - client-8B023739F3BF->b50d6464-f54a-40d1-9f81-f1c19654fd05: receive RaftClientReply:client-8B023739F3BF->b50d6464-f54a-40d1-9f81-f1c19654fd05@group-1F53027F28E3, cid=3137, SUCCESS, logIndex=4397, commits[b50d6464-f54a-40d1-9f81-f1c19654fd05:c4398]
2019-09-12 09:26:30,297 [grpc-default-executor-2] INFO  client.GrpcClientProtocolClient (GrpcClientProtocolClient.java:onNext(264)) - client-8B023739F3BF->b50d6464-f54a-40d1-9f81-f1c19654fd05: receive RaftClientReply:client-8B023739F3BF->b50d6464-f54a-40d1-9f81-f1c19654fd05@group-1F53027F28E3, cid=3138, SUCCESS, logIndex=4398, commits[b50d6464-f54a-40d1-9f81-f1c19654fd05:c4399]
2019-09-12 09:26:30,371 [grpc-default-executor-1] INFO  client.GrpcClientProtocolClient (GrpcClientProtocolClient.java:onNext(264)) - client-8B023739F3BF->b50d6464-f54a-40d1-9f81-f1c19654fd05: receive RaftClientReply:client-8B023739F3BF->b50d6464-f54a-40d1-9f81-f1c19654fd05@group-1F53027F28E3, cid=3139, SUCCESS, logIndex=4400, commits[b50d6464-f54a-40d1-9f81-f1c19654fd05:c4401]
2019-09-12 09:26:30,371 [grpc-default-executor-1] INFO  client.GrpcClientProtocolClient (GrpcClientProtocolClient.java:onNext(264)) - client-8B023739F3BF->b50d6464-f54a-40d1-9f81-f1c19654fd05: receive RaftClientReply:client-8B023739F3BF->b50d6464-f54a-40d1-9f81-f1c19654fd05@group-1F53027F28E3, cid=3140, SUCCESS, logIndex=4401, commits[b50d6464-f54a-40d1-9f81-f1c19654fd05:c4402]
2019-09-12 09:26:30,381 [SCMBlockDeletingService#1] DEBUG block.SCMBlockDeletingService (SCMBlockDeletingService.java:call(138)) - Running DeletedBlockTransactionScanner
2019-09-12 09:26:30,381 [SCMBlockDeletingService#1] DEBUG block.SCMBlockDeletingService (SCMBlockDeletingService.java:call(155)) - Scanned deleted blocks log and got 0 delTX to process.
2019-09-12 09:26:30,390 [grpc-default-executor-1] INFO  client.GrpcClientProtocolClient (GrpcClientProtocolClient.java:onNext(264)) - client-8B023739F3BF->b50d6464-f54a-40d1-9f81-f1c19654fd05: receive RaftClientReply:client-8B023739F3BF->b50d6464-f54a-40d1-9f81-f1c19654fd05@group-1F53027F28E3, cid=3141, SUCCESS, logIndex=4403, commits[b50d6464-f54a-40d1-9f81-f1c19654fd05:c4406]
2019-09-12 09:26:30,391 [grpc-default-executor-1] INFO  client.GrpcClientProtocolClient (GrpcClientProtocolClient.java:onNext(264)) - client-8B023739F3BF->b50d6464-f54a-40d1-9f81-f1c19654fd05: receive RaftClientReply:client-8B023739F3BF->b50d6464-f54a-40d1-9f81-f1c19654fd05@group-1F53027F28E3, cid=3142, SUCCESS, logIndex=4404, commits[b50d6464-f54a-40d1-9f81-f1c19654fd05:c4407]
2019-09-12 09:26:30,391 [grpc-default-executor-1] INFO  client.GrpcClientProtocolClient (GrpcClientProtocolClient.java:onNext(264)) - client-8B023739F3BF->b50d6464-f54a-40d1-9f81-f1c19654fd05: receive RaftClientReply:client-8B023739F3BF->b50d6464-f54a-40d1-9f81-f1c19654fd05@group-1F53027F28E3, cid=3143, SUCCESS, logIndex=4405, commits[b50d6464-f54a-40d1-9f81-f1c19654fd05:c4407]
2019-09-12 09:26:30,391 [grpc-default-executor-1] INFO  client.GrpcClientProtocolClient (GrpcClientProtocolClient.java:onNext(264)) - client-8B023739F3BF->b50d6464-f54a-40d1-9f81-f1c19654fd05: receive RaftClientReply:client-8B023739F3BF->b50d6464-f54a-40d1-9f81-f1c19654fd05@group-1F53027F28E3, cid=3144, SUCCESS, logIndex=4406, commits[b50d6464-f54a-40d1-9f81-f1c19654fd05:c4407]
2019-09-12 09:26:30,417 [grpc-default-executor-1] INFO  client.GrpcClientProtocolClient (GrpcClientProtocolClient.java:onNext(264)) - client-8B023739F3BF->b50d6464-f54a-40d1-9f81-f1c19654fd05: receive RaftClientReply:client-8B023739F3BF->b50d6464-f54a-40d1-9f81-f1c19654fd05@group-1F53027F28E3, cid=3145, SUCCESS, logIndex=4408, commits[b50d6464-f54a-40d1-9f81-f1c19654fd05:c4411]
2019-09-12 09:26:30,418 [grpc-default-executor-1] INFO  client.GrpcClientProtocolClient (GrpcClientProtocolClient.java:onNext(264)) - client-8B023739F3BF->b50d6464-f54a-40d1-9f81-f1c19654fd05: receive RaftClientReply:client-8B023739F3BF->b50d6464-f54a-40d1-9f81-f1c19654fd05@group-1F53027F28E3, cid=3146, SUCCESS, logIndex=4409, commits[b50d6464-f54a-40d1-9f81-f1c19654fd05:c4411]
2019-09-12 09:26:30,418 [grpc-default-executor-1] INFO  client.GrpcClientProtocolClient (GrpcClientProtocolClient.java:onNext(264)) - client-8B023739F3BF->b50d6464-f54a-40d1-9f81-f1c19654fd05: receive RaftClientReply:client-8B023739F3BF->b50d6464-f54a-40d1-9f81-f1c19654fd05@group-1F53027F28E3, cid=3147, SUCCESS, logIndex=4410, commits[b50d6464-f54a-40d1-9f81-f1c19654fd05:c4412]
2019-09-12 09:26:30,418 [grpc-default-executor-1] INFO  client.GrpcClientProtocolClient (GrpcClientProtocolClient.java:onNext(264)) - client-8B023739F3BF->b50d6464-f54a-40d1-9f81-f1c19654fd05: receive RaftClientReply:client-8B023739F3BF->b50d6464-f54a-40d1-9f81-f1c19654fd05@group-1F53027F28E3, cid=3148, SUCCESS, logIndex=4411, commits[b50d6464-f54a-40d1-9f81-f1c19654fd05:c4412]
2019-09-12 09:26:30,436 [grpc-default-executor-1] INFO  client.GrpcClientProtocolClient (GrpcClientProtocolClient.java:onNext(264)) - client-8B023739F3BF->b50d6464-f54a-40d1-9f81-f1c19654fd05: receive RaftClientReply:client-8B023739F3BF->b50d6464-f54a-40d1-9f81-f1c19654fd05@group-1F53027F28E3, cid=3149, SUCCESS, logIndex=4413, commits[b50d6464-f54a-40d1-9f81-f1c19654fd05:c4416]
2019-09-12 09:26:30,437 [grpc-default-executor-1] INFO  client.GrpcClientProtocolClient (GrpcClientProtocolClient.java:onNext(264)) - client-8B023739F3BF->b50d6464-f54a-40d1-9f81-f1c19654fd05: receive RaftClientReply:client-8B023739F3BF->b50d6464-f54a-40d1-9f81-f1c19654fd05@group-1F53027F28E3, cid=3150, SUCCESS, logIndex=4414, commits[b50d6464-f54a-40d1-9f81-f1c19654fd05:c4416]
2019-09-12 09:26:30,437 [grpc-default-executor-1] INFO  client.GrpcClientProtocolClient (GrpcClientProtocolClient.java:onNext(264)) - client-8B023739F3BF->b50d6464-f54a-40d1-9f81-f1c19654fd05: receive RaftClientReply:client-8B023739F3BF->b50d6464-f54a-40d1-9f81-f1c19654fd05@group-1F53027F28E3, cid=3151, SUCCESS, logIndex=4415, commits[b50d6464-f54a-40d1-9f81-f1c19654fd05:c4417]
2019-09-12 09:26:30,437 [grpc-default-executor-1] INFO  client.GrpcClientProtocolClient (GrpcClientProtocolClient.java:onNext(264)) - client-8B023739F3BF->b50d6464-f54a-40d1-9f81-f1c19654fd05: receive RaftClientReply:client-8B023739F3BF->b50d6464-f54a-40d1-9f81-f1c19654fd05@group-1F53027F28E3, cid=3152, SUCCESS, logIndex=4416, commits[b50d6464-f54a-40d1-9f81-f1c19654fd05:c4417]
2019-09-12 09:26:30,467 [grpc-default-executor-1] INFO  client.GrpcClientProtocolClient (GrpcClientProtocolClient.java:onNext(264)) - client-8B023739F3BF->b50d6464-f54a-40d1-9f81-f1c19654fd05: receive RaftClientReply:client-8B023739F3BF->b50d6464-f54a-40d1-9f81-f1c19654fd05@group-1F53027F28E3, cid=3153, SUCCESS, logIndex=4418, commits[b50d6464-f54a-40d1-9f81-f1c19654fd05:c4421]
2019-09-12 09:26:30,468 [grpc-default-executor-1] INFO  client.GrpcClientProtocolClient (GrpcClientProtocolClient.java:onNext(264)) - client-8B023739F3BF->b50d6464-f54a-40d1-9f81-f1c19654fd05: receive RaftClientReply:client-8B023739F3BF->b50d6464-f54a-40d1-9f81-f1c19654fd05@group-1F53027F28E3, cid=3154, SUCCESS, logIndex=4419, commits[b50d6464-f54a-40d1-9f81-f1c19654fd05:c4422]
2019-09-12 09:26:30,468 [grpc-default-executor-1] INFO  client.GrpcClientProtocolClient (GrpcClientProtocolClient.java:onNext(264)) - client-8B023739F3BF->b50d6464-f54a-40d1-9f81-f1c19654fd05: receive RaftClientReply:client-8B023739F3BF->b50d6464-f54a-40d1-9f81-f1c19654fd05@group-1F53027F28E3, cid=3155, SUCCESS, logIndex=4420, commits[b50d6464-f54a-40d1-9f81-f1c19654fd05:c4422]
2019-09-12 09:26:30,468 [grpc-default-executor-1] INFO  client.GrpcClientProtocolClient (GrpcClientProtocolClient.java:onNext(264)) - client-8B023739F3BF->b50d6464-f54a-40d1-9f81-f1c19654fd05: receive RaftClientReply:client-8B023739F3BF->b50d6464-f54a-40d1-9f81-f1c19654fd05@group-1F53027F28E3, cid=3156, SUCCESS, logIndex=4421, commits[b50d6464-f54a-40d1-9f81-f1c19654fd05:c4422]
2019-09-12 09:26:30,481 [SCMBlockDeletingService#1] DEBUG block.SCMBlockDeletingService (SCMBlockDeletingService.java:call(138)) - Running DeletedBlockTransactionScanner
2019-09-12 09:26:30,482 [SCMBlockDeletingService#1] DEBUG block.SCMBlockDeletingService (SCMBlockDeletingService.java:call(155)) - Scanned deleted blocks log and got 0 delTX to process.
2019-09-12 09:26:30,489 [grpc-default-executor-2] INFO  client.GrpcClientProtocolClient (GrpcClientProtocolClient.java:onNext(264)) - client-8B023739F3BF->b50d6464-f54a-40d1-9f81-f1c19654fd05: receive RaftClientReply:client-8B023739F3BF->b50d6464-f54a-40d1-9f81-f1c19654fd05@group-1F53027F28E3, cid=3157, SUCCESS, logIndex=4423, commits[b50d6464-f54a-40d1-9f81-f1c19654fd05:c4426]
2019-09-12 09:26:30,489 [grpc-default-executor-2] INFO  client.GrpcClientProtocolClient (GrpcClientProtocolClient.java:onNext(264)) - client-8B023739F3BF->b50d6464-f54a-40d1-9f81-f1c19654fd05: receive RaftClientReply:client-8B023739F3BF->b50d6464-f54a-40d1-9f81-f1c19654fd05@group-1F53027F28E3, cid=3158, SUCCESS, logIndex=4424, commits[b50d6464-f54a-40d1-9f81-f1c19654fd05:c4427]
2019-09-12 09:26:30,490 [grpc-default-executor-2] INFO  client.GrpcClientProtocolClient (GrpcClientProtocolClient.java:onNext(264)) - client-8B023739F3BF->b50d6464-f54a-40d1-9f81-f1c19654fd05: receive RaftClientReply:client-8B023739F3BF->b50d6464-f54a-40d1-9f81-f1c19654fd05@group-1F53027F28E3, cid=3159, SUCCESS, logIndex=4425, commits[b50d6464-f54a-40d1-9f81-f1c19654fd05:c4427]
2019-09-12 09:26:30,490 [grpc-default-executor-2] INFO  client.GrpcClientProtocolClient (GrpcClientProtocolClient.java:onNext(264)) - client-8B023739F3BF->b50d6464-f54a-40d1-9f81-f1c19654fd05: receive RaftClientReply:client-8B023739F3BF->b50d6464-f54a-40d1-9f81-f1c19654fd05@group-1F53027F28E3, cid=3160, SUCCESS, logIndex=4426, commits[b50d6464-f54a-40d1-9f81-f1c19654fd05:c4427]
2019-09-12 09:26:30,515 [grpc-default-executor-1] INFO  client.GrpcClientProtocolClient (GrpcClientProtocolClient.java:onNext(264)) - client-8B023739F3BF->b50d6464-f54a-40d1-9f81-f1c19654fd05: receive RaftClientReply:client-8B023739F3BF->b50d6464-f54a-40d1-9f81-f1c19654fd05@group-1F53027F28E3, cid=3161, SUCCESS, logIndex=4428, commits[b50d6464-f54a-40d1-9f81-f1c19654fd05:c4429]
2019-09-12 09:26:30,515 [grpc-default-executor-1] INFO  client.GrpcClientProtocolClient (GrpcClientProtocolClient.java:onNext(264)) - client-8B023739F3BF->b50d6464-f54a-40d1-9f81-f1c19654fd05: receive RaftClientReply:client-8B023739F3BF->b50d6464-f54a-40d1-9f81-f1c19654fd05@group-1F53027F28E3, cid=3162, SUCCESS, logIndex=4429, commits[b50d6464-f54a-40d1-9f81-f1c19654fd05:c4431]
2019-09-12 09:26:30,516 [grpc-default-executor-1] INFO  client.GrpcClientProtocolClient (GrpcClientProtocolClient.java:onNext(264)) - client-8B023739F3BF->b50d6464-f54a-40d1-9f81-f1c19654fd05: receive RaftClientReply:client-8B023739F3BF->b50d6464-f54a-40d1-9f81-f1c19654fd05@group-1F53027F28E3, cid=3163, SUCCESS, logIndex=4430, commits[b50d6464-f54a-40d1-9f81-f1c19654fd05:c4431]
2019-09-12 09:26:30,516 [grpc-default-executor-1] INFO  client.GrpcClientProtocolClient (GrpcClientProtocolClient.java:onNext(264)) - client-8B023739F3BF->b50d6464-f54a-40d1-9f81-f1c19654fd05: receive RaftClientReply:client-8B023739F3BF->b50d6464-f54a-40d1-9f81-f1c19654fd05@group-1F53027F28E3, cid=3164, SUCCESS, logIndex=4431, commits[b50d6464-f54a-40d1-9f81-f1c19654fd05:c4432]
2019-09-12 09:26:30,534 [grpc-default-executor-1] INFO  client.GrpcClientProtocolClient (GrpcClientProtocolClient.java:onNext(264)) - client-8B023739F3BF->b50d6464-f54a-40d1-9f81-f1c19654fd05: receive RaftClientReply:client-8B023739F3BF->b50d6464-f54a-40d1-9f81-f1c19654fd05@group-1F53027F28E3, cid=3165, SUCCESS, logIndex=4434, commits[b50d6464-f54a-40d1-9f81-f1c19654fd05:c4437]
2019-09-12 09:26:30,535 [grpc-default-executor-1] INFO  client.GrpcClientProtocolClient (GrpcClientProtocolClient.java:onNext(264)) - client-8B023739F3BF->b50d6464-f54a-40d1-9f81-f1c19654fd05: receive RaftClientReply:client-8B023739F3BF->b50d6464-f54a-40d1-9f81-f1c19654fd05@group-1F53027F28E3, cid=3166, SUCCESS, logIndex=4435, commits[b50d6464-f54a-40d1-9f81-f1c19654fd05:c4437]
2019-09-12 09:26:30,535 [grpc-default-executor-1] INFO  client.GrpcClientProtocolClient (GrpcClientProtocolClient.java:onNext(264)) - client-8B023739F3BF->b50d6464-f54a-40d1-9f81-f1c19654fd05: receive RaftClientReply:client-8B023739F3BF->b50d6464-f54a-40d1-9f81-f1c19654fd05@group-1F53027F28E3, cid=3167, SUCCESS, logIndex=4436, commits[b50d6464-f54a-40d1-9f81-f1c19654fd05:c4438]
2019-09-12 09:26:30,535 [grpc-default-executor-1] INFO  client.GrpcClientProtocolClient (GrpcClientProtocolClient.java:onNext(264)) - client-8B023739F3BF->b50d6464-f54a-40d1-9f81-f1c19654fd05: receive RaftClientReply:client-8B023739F3BF->b50d6464-f54a-40d1-9f81-f1c19654fd05@group-1F53027F28E3, cid=3168, SUCCESS, logIndex=4437, commits[b50d6464-f54a-40d1-9f81-f1c19654fd05:c4438]
2019-09-12 09:26:30,561 [grpc-default-executor-1] INFO  client.GrpcClientProtocolClient (GrpcClientProtocolClient.java:onNext(264)) - client-8B023739F3BF->b50d6464-f54a-40d1-9f81-f1c19654fd05: receive RaftClientReply:client-8B023739F3BF->b50d6464-f54a-40d1-9f81-f1c19654fd05@group-1F53027F28E3, cid=3169, SUCCESS, logIndex=4439, commits[b50d6464-f54a-40d1-9f81-f1c19654fd05:c4440]
2019-09-12 09:26:30,561 [grpc-default-executor-1] INFO  client.GrpcClientProtocolClient (GrpcClientProtocolClient.java:onNext(264)) - client-8B023739F3BF->b50d6464-f54a-40d1-9f81-f1c19654fd05: receive RaftClientReply:client-8B023739F3BF->b50d6464-f54a-40d1-9f81-f1c19654fd05@group-1F53027F28E3, cid=3170, SUCCESS, logIndex=4440, commits[b50d6464-f54a-40d1-9f81-f1c19654fd05:c4442]
2019-09-12 09:26:30,561 [grpc-default-executor-1] INFO  client.GrpcClientProtocolClient (GrpcClientProtocolClient.java:onNext(264)) - client-8B023739F3BF->b50d6464-f54a-40d1-9f81-f1c19654fd05: receive RaftClientReply:client-8B023739F3BF->b50d6464-f54a-40d1-9f81-f1c19654fd05@group-1F53027F28E3, cid=3171, SUCCESS, logIndex=4441, commits[b50d6464-f54a-40d1-9f81-f1c19654fd05:c4442]
2019-09-12 09:26:30,562 [grpc-default-executor-1] INFO  client.GrpcClientProtocolClient (GrpcClientProtocolClient.java:onNext(264)) - client-8B023739F3BF->b50d6464-f54a-40d1-9f81-f1c19654fd05: receive RaftClientReply:client-8B023739F3BF->b50d6464-f54a-40d1-9f81-f1c19654fd05@group-1F53027F28E3, cid=3172, SUCCESS, logIndex=4442, commits[b50d6464-f54a-40d1-9f81-f1c19654fd05:c4443]
2019-09-12 09:26:30,582 [SCMBlockDeletingService#1] DEBUG block.SCMBlockDeletingService (SCMBlockDeletingService.java:call(138)) - Running DeletedBlockTransactionScanner
2019-09-12 09:26:30,582 [SCMBlockDeletingService#1] DEBUG block.SCMBlockDeletingService (SCMBlockDeletingService.java:call(155)) - Scanned deleted blocks log and got 0 delTX to process.
2019-09-12 09:26:30,583 [grpc-default-executor-2] INFO  client.GrpcClientProtocolClient (GrpcClientProtocolClient.java:onNext(264)) - client-8B023739F3BF->b50d6464-f54a-40d1-9f81-f1c19654fd05: receive RaftClientReply:client-8B023739F3BF->b50d6464-f54a-40d1-9f81-f1c19654fd05@group-1F53027F28E3, cid=3173, SUCCESS, logIndex=4445, commits[b50d6464-f54a-40d1-9f81-f1c19654fd05:c4448]
2019-09-12 09:26:30,584 [grpc-default-executor-2] INFO  client.GrpcClientProtocolClient (GrpcClientProtocolClient.java:onNext(264)) - client-8B023739F3BF->b50d6464-f54a-40d1-9f81-f1c19654fd05: receive RaftClientReply:client-8B023739F3BF->b50d6464-f54a-40d1-9f81-f1c19654fd05@group-1F53027F28E3, cid=3174, SUCCESS, logIndex=4446, commits[b50d6464-f54a-40d1-9f81-f1c19654fd05:c4449]
2019-09-12 09:26:30,584 [grpc-default-executor-2] INFO  client.GrpcClientProtocolClient (GrpcClientProtocolClient.java:onNext(264)) - client-8B023739F3BF->b50d6464-f54a-40d1-9f81-f1c19654fd05: receive RaftClientReply:client-8B023739F3BF->b50d6464-f54a-40d1-9f81-f1c19654fd05@group-1F53027F28E3, cid=3175, SUCCESS, logIndex=4447, commits[b50d6464-f54a-40d1-9f81-f1c19654fd05:c4449]
2019-09-12 09:26:30,584 [grpc-default-executor-2] INFO  client.GrpcClientProtocolClient (GrpcClientProtocolClient.java:onNext(264)) - client-8B023739F3BF->b50d6464-f54a-40d1-9f81-f1c19654fd05: receive RaftClientReply:client-8B023739F3BF->b50d6464-f54a-40d1-9f81-f1c19654fd05@group-1F53027F28E3, cid=3176, SUCCESS, logIndex=4448, commits[b50d6464-f54a-40d1-9f81-f1c19654fd05:c4449]
2019-09-12 09:26:30,609 [grpc-default-executor-1] INFO  client.GrpcClientProtocolClient (GrpcClientProtocolClient.java:onNext(264)) - client-8B023739F3BF->b50d6464-f54a-40d1-9f81-f1c19654fd05: receive RaftClientReply:client-8B023739F3BF->b50d6464-f54a-40d1-9f81-f1c19654fd05@group-1F53027F28E3, cid=3177, SUCCESS, logIndex=4450, commits[b50d6464-f54a-40d1-9f81-f1c19654fd05:c4451]
2019-09-12 09:26:30,609 [grpc-default-executor-1] INFO  client.GrpcClientProtocolClient (GrpcClientProtocolClient.java:onNext(264)) - client-8B023739F3BF->b50d6464-f54a-40d1-9f81-f1c19654fd05: receive RaftClientReply:client-8B023739F3BF->b50d6464-f54a-40d1-9f81-f1c19654fd05@group-1F53027F28E3, cid=3178, SUCCESS, logIndex=4451, commits[b50d6464-f54a-40d1-9f81-f1c19654fd05:c4451]
2019-09-12 09:26:30,610 [grpc-default-executor-1] INFO  client.GrpcClientProtocolClient (GrpcClientProtocolClient.java:onNext(264)) - client-8B023739F3BF->b50d6464-f54a-40d1-9f81-f1c19654fd05: receive RaftClientReply:client-8B023739F3BF->b50d6464-f54a-40d1-9f81-f1c19654fd05@group-1F53027F28E3, cid=3179, SUCCESS, logIndex=4452, commits[b50d6464-f54a-40d1-9f81-f1c19654fd05:c4453]
2019-09-12 09:26:30,610 [grpc-default-executor-1] INFO  client.GrpcClientProtocolClient (GrpcClientProtocolClient.java:onNext(264)) - client-8B023739F3BF->b50d6464-f54a-40d1-9f81-f1c19654fd05: receive RaftClientReply:client-8B023739F3BF->b50d6464-f54a-40d1-9f81-f1c19654fd05@group-1F53027F28E3, cid=3180, SUCCESS, logIndex=4453, commits[b50d6464-f54a-40d1-9f81-f1c19654fd05:c4453]
2019-09-12 09:26:30,627 [grpc-default-executor-2] INFO  client.GrpcClientProtocolClient (GrpcClientProtocolClient.java:onNext(264)) - client-8B023739F3BF->b50d6464-f54a-40d1-9f81-f1c19654fd05: receive RaftClientReply:client-8B023739F3BF->b50d6464-f54a-40d1-9f81-f1c19654fd05@group-1F53027F28E3, cid=3181, SUCCESS, logIndex=4456, commits[b50d6464-f54a-40d1-9f81-f1c19654fd05:c4457]
2019-09-12 09:26:30,628 [grpc-default-executor-2] INFO  client.GrpcClientProtocolClient (GrpcClientProtocolClient.java:onNext(264)) - client-8B023739F3BF->b50d6464-f54a-40d1-9f81-f1c19654fd05: receive RaftClientReply:client-8B023739F3BF->b50d6464-f54a-40d1-9f81-f1c19654fd05@group-1F53027F28E3, cid=3182, SUCCESS, logIndex=4457, commits[b50d6464-f54a-40d1-9f81-f1c19654fd05:c4458]
2019-09-12 09:26:30,682 [SCMBlockDeletingService#1] DEBUG block.SCMBlockDeletingService (SCMBlockDeletingService.java:call(138)) - Running DeletedBlockTransactionScanner
2019-09-12 09:26:30,683 [SCMBlockDeletingService#1] DEBUG block.SCMBlockDeletingService (SCMBlockDeletingService.java:call(155)) - Scanned deleted blocks log and got 0 delTX to process.
2019-09-12 09:26:30,701 [grpc-default-executor-1] INFO  client.GrpcClientProtocolClient (GrpcClientProtocolClient.java:onNext(264)) - client-8B023739F3BF->b50d6464-f54a-40d1-9f81-f1c19654fd05: receive RaftClientReply:client-8B023739F3BF->b50d6464-f54a-40d1-9f81-f1c19654fd05@group-1F53027F28E3, cid=3183, SUCCESS, logIndex=4459, commits[b50d6464-f54a-40d1-9f81-f1c19654fd05:c4460]
2019-09-12 09:26:30,702 [grpc-default-executor-1] INFO  client.GrpcClientProtocolClient (GrpcClientProtocolClient.java:onNext(264)) - client-8B023739F3BF->b50d6464-f54a-40d1-9f81-f1c19654fd05: receive RaftClientReply:client-8B023739F3BF->b50d6464-f54a-40d1-9f81-f1c19654fd05@group-1F53027F28E3, cid=3184, SUCCESS, logIndex=4460, commits[b50d6464-f54a-40d1-9f81-f1c19654fd05:c4461]
2019-09-12 09:26:30,728 [grpc-default-executor-2] INFO  client.GrpcClientProtocolClient (GrpcClientProtocolClient.java:onNext(264)) - client-8B023739F3BF->b50d6464-f54a-40d1-9f81-f1c19654fd05: receive RaftClientReply:client-8B023739F3BF->b50d6464-f54a-40d1-9f81-f1c19654fd05@group-1F53027F28E3, cid=3185, SUCCESS, logIndex=4462, commits[b50d6464-f54a-40d1-9f81-f1c19654fd05:c4463]
2019-09-12 09:26:30,729 [grpc-default-executor-2] INFO  client.GrpcClientProtocolClient (GrpcClientProtocolClient.java:onNext(264)) - client-8B023739F3BF->b50d6464-f54a-40d1-9f81-f1c19654fd05: receive RaftClientReply:client-8B023739F3BF->b50d6464-f54a-40d1-9f81-f1c19654fd05@group-1F53027F28E3, cid=3186, SUCCESS, logIndex=4463, commits[b50d6464-f54a-40d1-9f81-f1c19654fd05:c4465]
2019-09-12 09:26:30,729 [grpc-default-executor-2] INFO  client.GrpcClientProtocolClient (GrpcClientProtocolClient.java:onNext(264)) - client-8B023739F3BF->b50d6464-f54a-40d1-9f81-f1c19654fd05: receive RaftClientReply:client-8B023739F3BF->b50d6464-f54a-40d1-9f81-f1c19654fd05@group-1F53027F28E3, cid=3187, SUCCESS, logIndex=4464, commits[b50d6464-f54a-40d1-9f81-f1c19654fd05:c4465]
2019-09-12 09:26:30,729 [grpc-default-executor-2] INFO  client.GrpcClientProtocolClient (GrpcClientProtocolClient.java:onNext(264)) - client-8B023739F3BF->b50d6464-f54a-40d1-9f81-f1c19654fd05: receive RaftClientReply:client-8B023739F3BF->b50d6464-f54a-40d1-9f81-f1c19654fd05@group-1F53027F28E3, cid=3188, SUCCESS, logIndex=4465, commits[b50d6464-f54a-40d1-9f81-f1c19654fd05:c4466]
2019-09-12 09:26:30,759 [grpc-default-executor-2] INFO  client.GrpcClientProtocolClient (GrpcClientProtocolClient.java:onNext(264)) - client-8B023739F3BF->b50d6464-f54a-40d1-9f81-f1c19654fd05: receive RaftClientReply:client-8B023739F3BF->b50d6464-f54a-40d1-9f81-f1c19654fd05@group-1F53027F28E3, cid=3189, SUCCESS, logIndex=4468, commits[b50d6464-f54a-40d1-9f81-f1c19654fd05:c4469]
2019-09-12 09:26:30,760 [grpc-default-executor-2] INFO  client.GrpcClientProtocolClient (GrpcClientProtocolClient.java:onNext(264)) - client-8B023739F3BF->b50d6464-f54a-40d1-9f81-f1c19654fd05: receive RaftClientReply:client-8B023739F3BF->b50d6464-f54a-40d1-9f81-f1c19654fd05@group-1F53027F28E3, cid=3190, SUCCESS, logIndex=4469, commits[b50d6464-f54a-40d1-9f81-f1c19654fd05:c4471]
2019-09-12 09:26:30,760 [grpc-default-executor-2] INFO  client.GrpcClientProtocolClient (GrpcClientProtocolClient.java:onNext(264)) - client-8B023739F3BF->b50d6464-f54a-40d1-9f81-f1c19654fd05: receive RaftClientReply:client-8B023739F3BF->b50d6464-f54a-40d1-9f81-f1c19654fd05@group-1F53027F28E3, cid=3191, SUCCESS, logIndex=4470, commits[b50d6464-f54a-40d1-9f81-f1c19654fd05:c4471]
2019-09-12 09:26:30,760 [grpc-default-executor-2] INFO  client.GrpcClientProtocolClient (GrpcClientProtocolClient.java:onNext(264)) - client-8B023739F3BF->b50d6464-f54a-40d1-9f81-f1c19654fd05: receive RaftClientReply:client-8B023739F3BF->b50d6464-f54a-40d1-9f81-f1c19654fd05@group-1F53027F28E3, cid=3192, SUCCESS, logIndex=4471, commits[b50d6464-f54a-40d1-9f81-f1c19654fd05:c4472]
2019-09-12 09:26:30,783 [SCMBlockDeletingService#1] DEBUG block.SCMBlockDeletingService (SCMBlockDeletingService.java:call(138)) - Running DeletedBlockTransactionScanner
2019-09-12 09:26:30,783 [SCMBlockDeletingService#1] DEBUG block.SCMBlockDeletingService (SCMBlockDeletingService.java:call(155)) - Scanned deleted blocks log and got 0 delTX to process.
2019-09-12 09:26:30,788 [grpc-default-executor-1] INFO  client.GrpcClientProtocolClient (GrpcClientProtocolClient.java:onNext(264)) - client-8B023739F3BF->b50d6464-f54a-40d1-9f81-f1c19654fd05: receive RaftClientReply:client-8B023739F3BF->b50d6464-f54a-40d1-9f81-f1c19654fd05@group-1F53027F28E3, cid=3193, SUCCESS, logIndex=4474, commits[b50d6464-f54a-40d1-9f81-f1c19654fd05:c4475]
2019-09-12 09:26:30,788 [grpc-default-executor-1] INFO  client.GrpcClientProtocolClient (GrpcClientProtocolClient.java:onNext(264)) - client-8B023739F3BF->b50d6464-f54a-40d1-9f81-f1c19654fd05: receive RaftClientReply:client-8B023739F3BF->b50d6464-f54a-40d1-9f81-f1c19654fd05@group-1F53027F28E3, cid=3194, SUCCESS, logIndex=4475, commits[b50d6464-f54a-40d1-9f81-f1c19654fd05:c4475]
2019-09-12 09:26:30,789 [grpc-default-executor-1] INFO  client.GrpcClientProtocolClient (GrpcClientProtocolClient.java:onNext(264)) - client-8B023739F3BF->b50d6464-f54a-40d1-9f81-f1c19654fd05: receive RaftClientReply:client-8B023739F3BF->b50d6464-f54a-40d1-9f81-f1c19654fd05@group-1F53027F28E3, cid=3195, SUCCESS, logIndex=4476, commits[b50d6464-f54a-40d1-9f81-f1c19654fd05:c4477]
2019-09-12 09:26:30,789 [grpc-default-executor-1] INFO  client.GrpcClientProtocolClient (GrpcClientProtocolClient.java:onNext(264)) - client-8B023739F3BF->b50d6464-f54a-40d1-9f81-f1c19654fd05: receive RaftClientReply:client-8B023739F3BF->b50d6464-f54a-40d1-9f81-f1c19654fd05@group-1F53027F28E3, cid=3196, SUCCESS, logIndex=4477, commits[b50d6464-f54a-40d1-9f81-f1c19654fd05:c4477]
2019-09-12 09:26:30,808 [grpc-default-executor-1] INFO  client.GrpcClientProtocolClient (GrpcClientProtocolClient.java:onNext(264)) - client-8B023739F3BF->b50d6464-f54a-40d1-9f81-f1c19654fd05: receive RaftClientReply:client-8B023739F3BF->b50d6464-f54a-40d1-9f81-f1c19654fd05@group-1F53027F28E3, cid=3197, SUCCESS, logIndex=4480, commits[b50d6464-f54a-40d1-9f81-f1c19654fd05:c4483]
2019-09-12 09:26:30,808 [grpc-default-executor-1] INFO  client.GrpcClientProtocolClient (GrpcClientProtocolClient.java:onNext(264)) - client-8B023739F3BF->b50d6464-f54a-40d1-9f81-f1c19654fd05: receive RaftClientReply:client-8B023739F3BF->b50d6464-f54a-40d1-9f81-f1c19654fd05@group-1F53027F28E3, cid=3198, SUCCESS, logIndex=4481, commits[b50d6464-f54a-40d1-9f81-f1c19654fd05:c4483]
2019-09-12 09:26:30,809 [grpc-default-executor-1] INFO  client.GrpcClientProtocolClient (GrpcClientProtocolClient.java:onNext(264)) - client-8B023739F3BF->b50d6464-f54a-40d1-9f81-f1c19654fd05: receive RaftClientReply:client-8B023739F3BF->b50d6464-f54a-40d1-9f81-f1c19654fd05@group-1F53027F28E3, cid=3199, SUCCESS, logIndex=4482, commits[b50d6464-f54a-40d1-9f81-f1c19654fd05:c4484]
2019-09-12 09:26:30,809 [grpc-default-executor-1] INFO  client.GrpcClientProtocolClient (GrpcClientProtocolClient.java:onNext(264)) - client-8B023739F3BF->b50d6464-f54a-40d1-9f81-f1c19654fd05: receive RaftClientReply:client-8B023739F3BF->b50d6464-f54a-40d1-9f81-f1c19654fd05@group-1F53027F28E3, cid=3200, SUCCESS, logIndex=4483, commits[b50d6464-f54a-40d1-9f81-f1c19654fd05:c4484]
2019-09-12 09:26:30,834 [grpc-default-executor-1] INFO  client.GrpcClientProtocolClient (GrpcClientProtocolClient.java:onNext(264)) - client-8B023739F3BF->b50d6464-f54a-40d1-9f81-f1c19654fd05: receive RaftClientReply:client-8B023739F3BF->b50d6464-f54a-40d1-9f81-f1c19654fd05@group-1F53027F28E3, cid=3201, SUCCESS, logIndex=4485, commits[b50d6464-f54a-40d1-9f81-f1c19654fd05:c4488]
2019-09-12 09:26:30,834 [grpc-default-executor-1] INFO  client.GrpcClientProtocolClient (GrpcClientProtocolClient.java:onNext(264)) - client-8B023739F3BF->b50d6464-f54a-40d1-9f81-f1c19654fd05: receive RaftClientReply:client-8B023739F3BF->b50d6464-f54a-40d1-9f81-f1c19654fd05@group-1F53027F28E3, cid=3202, SUCCESS, logIndex=4486, commits[b50d6464-f54a-40d1-9f81-f1c19654fd05:c4488]
2019-09-12 09:26:30,834 [grpc-default-executor-1] INFO  client.GrpcClientProtocolClient (GrpcClientProtocolClient.java:onNext(264)) - client-8B023739F3BF->b50d6464-f54a-40d1-9f81-f1c19654fd05: receive RaftClientReply:client-8B023739F3BF->b50d6464-f54a-40d1-9f81-f1c19654fd05@group-1F53027F28E3, cid=3203, SUCCESS, logIndex=4487, commits[b50d6464-f54a-40d1-9f81-f1c19654fd05:c4489]
2019-09-12 09:26:30,835 [grpc-default-executor-1] INFO  client.GrpcClientProtocolClient (GrpcClientProtocolClient.java:onNext(264)) - client-8B023739F3BF->b50d6464-f54a-40d1-9f81-f1c19654fd05: receive RaftClientReply:client-8B023739F3BF->b50d6464-f54a-40d1-9f81-f1c19654fd05@group-1F53027F28E3, cid=3204, SUCCESS, logIndex=4488, commits[b50d6464-f54a-40d1-9f81-f1c19654fd05:c4489]
2019-09-12 09:26:30,851 [grpc-default-executor-1] INFO  client.GrpcClientProtocolClient (GrpcClientProtocolClient.java:onNext(264)) - client-8B023739F3BF->b50d6464-f54a-40d1-9f81-f1c19654fd05: receive RaftClientReply:client-8B023739F3BF->b50d6464-f54a-40d1-9f81-f1c19654fd05@group-1F53027F28E3, cid=3205, SUCCESS, logIndex=4490, commits[b50d6464-f54a-40d1-9f81-f1c19654fd05:c4491]
2019-09-12 09:26:30,852 [grpc-default-executor-1] INFO  client.GrpcClientProtocolClient (GrpcClientProtocolClient.java:onNext(264)) - client-8B023739F3BF->b50d6464-f54a-40d1-9f81-f1c19654fd05: receive RaftClientReply:client-8B023739F3BF->b50d6464-f54a-40d1-9f81-f1c19654fd05@group-1F53027F28E3, cid=3206, SUCCESS, logIndex=4491, commits[b50d6464-f54a-40d1-9f81-f1c19654fd05:c4491]
2019-09-12 09:26:30,852 [grpc-default-executor-1] INFO  client.GrpcClientProtocolClient (GrpcClientProtocolClient.java:onNext(264)) - client-8B023739F3BF->b50d6464-f54a-40d1-9f81-f1c19654fd05: receive RaftClientReply:client-8B023739F3BF->b50d6464-f54a-40d1-9f81-f1c19654fd05@group-1F53027F28E3, cid=3207, SUCCESS, logIndex=4492, commits[b50d6464-f54a-40d1-9f81-f1c19654fd05:c4493]
2019-09-12 09:26:30,852 [grpc-default-executor-1] INFO  client.GrpcClientProtocolClient (GrpcClientProtocolClient.java:onNext(264)) - client-8B023739F3BF->b50d6464-f54a-40d1-9f81-f1c19654fd05: receive RaftClientReply:client-8B023739F3BF->b50d6464-f54a-40d1-9f81-f1c19654fd05@group-1F53027F28E3, cid=3208, SUCCESS, logIndex=4493, commits[b50d6464-f54a-40d1-9f81-f1c19654fd05:c4494]
2019-09-12 09:26:30,875 [grpc-default-executor-1] INFO  client.GrpcClientProtocolClient (GrpcClientProtocolClient.java:onNext(264)) - client-8B023739F3BF->b50d6464-f54a-40d1-9f81-f1c19654fd05: receive RaftClientReply:client-8B023739F3BF->b50d6464-f54a-40d1-9f81-f1c19654fd05@group-1F53027F28E3, cid=3209, SUCCESS, logIndex=4496, commits[b50d6464-f54a-40d1-9f81-f1c19654fd05:c4497]
2019-09-12 09:26:30,876 [grpc-default-executor-1] INFO  client.GrpcClientProtocolClient (GrpcClientProtocolClient.java:onNext(264)) - client-8B023739F3BF->b50d6464-f54a-40d1-9f81-f1c19654fd05: receive RaftClientReply:client-8B023739F3BF->b50d6464-f54a-40d1-9f81-f1c19654fd05@group-1F53027F28E3, cid=3210, SUCCESS, logIndex=4497, commits[b50d6464-f54a-40d1-9f81-f1c19654fd05:c4499]
2019-09-12 09:26:30,876 [grpc-default-executor-1] INFO  client.GrpcClientProtocolClient (GrpcClientProtocolClient.java:onNext(264)) - client-8B023739F3BF->b50d6464-f54a-40d1-9f81-f1c19654fd05: receive RaftClientReply:client-8B023739F3BF->b50d6464-f54a-40d1-9f81-f1c19654fd05@group-1F53027F28E3, cid=3211, SUCCESS, logIndex=4498, commits[b50d6464-f54a-40d1-9f81-f1c19654fd05:c4499]
2019-09-12 09:26:30,876 [grpc-default-executor-1] INFO  client.GrpcClientProtocolClient (GrpcClientProtocolClient.java:onNext(264)) - client-8B023739F3BF->b50d6464-f54a-40d1-9f81-f1c19654fd05: receive RaftClientReply:client-8B023739F3BF->b50d6464-f54a-40d1-9f81-f1c19654fd05@group-1F53027F28E3, cid=3212, SUCCESS, logIndex=4499, commits[b50d6464-f54a-40d1-9f81-f1c19654fd05:c4500]
2019-09-12 09:26:30,883 [SCMBlockDeletingService#1] DEBUG block.SCMBlockDeletingService (SCMBlockDeletingService.java:call(138)) - Running DeletedBlockTransactionScanner
2019-09-12 09:26:30,884 [SCMBlockDeletingService#1] DEBUG block.SCMBlockDeletingService (SCMBlockDeletingService.java:call(155)) - Scanned deleted blocks log and got 0 delTX to process.
2019-09-12 09:26:30,895 [grpc-default-executor-2] INFO  client.GrpcClientProtocolClient (GrpcClientProtocolClient.java:onNext(264)) - client-8B023739F3BF->b50d6464-f54a-40d1-9f81-f1c19654fd05: receive RaftClientReply:client-8B023739F3BF->b50d6464-f54a-40d1-9f81-f1c19654fd05@group-1F53027F28E3, cid=3213, SUCCESS, logIndex=4502, commits[b50d6464-f54a-40d1-9f81-f1c19654fd05:c4505]
2019-09-12 09:26:30,895 [grpc-default-executor-2] INFO  client.GrpcClientProtocolClient (GrpcClientProtocolClient.java:onNext(264)) - client-8B023739F3BF->b50d6464-f54a-40d1-9f81-f1c19654fd05: receive RaftClientReply:client-8B023739F3BF->b50d6464-f54a-40d1-9f81-f1c19654fd05@group-1F53027F28E3, cid=3214, SUCCESS, logIndex=4503, commits[b50d6464-f54a-40d1-9f81-f1c19654fd05:c4506]
2019-09-12 09:26:30,895 [grpc-default-executor-2] INFO  client.GrpcClientProtocolClient (GrpcClientProtocolClient.java:onNext(264)) - client-8B023739F3BF->b50d6464-f54a-40d1-9f81-f1c19654fd05: receive RaftClientReply:client-8B023739F3BF->b50d6464-f54a-40d1-9f81-f1c19654fd05@group-1F53027F28E3, cid=3215, SUCCESS, logIndex=4504, commits[b50d6464-f54a-40d1-9f81-f1c19654fd05:c4506]
2019-09-12 09:26:30,896 [grpc-default-executor-2] INFO  client.GrpcClientProtocolClient (GrpcClientProtocolClient.java:onNext(264)) - client-8B023739F3BF->b50d6464-f54a-40d1-9f81-f1c19654fd05: receive RaftClientReply:client-8B023739F3BF->b50d6464-f54a-40d1-9f81-f1c19654fd05@group-1F53027F28E3, cid=3216, SUCCESS, logIndex=4505, commits[b50d6464-f54a-40d1-9f81-f1c19654fd05:c4506]
2019-09-12 09:26:30,919 [grpc-default-executor-2] INFO  client.GrpcClientProtocolClient (GrpcClientProtocolClient.java:onNext(264)) - client-8B023739F3BF->b50d6464-f54a-40d1-9f81-f1c19654fd05: receive RaftClientReply:client-8B023739F3BF->b50d6464-f54a-40d1-9f81-f1c19654fd05@group-1F53027F28E3, cid=3217, SUCCESS, logIndex=4507, commits[b50d6464-f54a-40d1-9f81-f1c19654fd05:c4508]
2019-09-12 09:26:30,919 [grpc-default-executor-2] INFO  client.GrpcClientProtocolClient (GrpcClientProtocolClient.java:onNext(264)) - client-8B023739F3BF->b50d6464-f54a-40d1-9f81-f1c19654fd05: receive RaftClientReply:client-8B023739F3BF->b50d6464-f54a-40d1-9f81-f1c19654fd05@group-1F53027F28E3, cid=3218, SUCCESS, logIndex=4508, commits[b50d6464-f54a-40d1-9f81-f1c19654fd05:c4510]
2019-09-12 09:26:30,920 [grpc-default-executor-2] INFO  client.GrpcClientProtocolClient (GrpcClientProtocolClient.java:onNext(264)) - client-8B023739F3BF->b50d6464-f54a-40d1-9f81-f1c19654fd05: receive RaftClientReply:client-8B023739F3BF->b50d6464-f54a-40d1-9f81-f1c19654fd05@group-1F53027F28E3, cid=3219, SUCCESS, logIndex=4509, commits[b50d6464-f54a-40d1-9f81-f1c19654fd05:c4510]
2019-09-12 09:26:30,920 [grpc-default-executor-2] INFO  client.GrpcClientProtocolClient (GrpcClientProtocolClient.java:onNext(264)) - client-8B023739F3BF->b50d6464-f54a-40d1-9f81-f1c19654fd05: receive RaftClientReply:client-8B023739F3BF->b50d6464-f54a-40d1-9f81-f1c19654fd05@group-1F53027F28E3, cid=3220, SUCCESS, logIndex=4510, commits[b50d6464-f54a-40d1-9f81-f1c19654fd05:c4510]
2019-09-12 09:26:30,938 [grpc-default-executor-2] INFO  client.GrpcClientProtocolClient (GrpcClientProtocolClient.java:onNext(264)) - client-8B023739F3BF->b50d6464-f54a-40d1-9f81-f1c19654fd05: receive RaftClientReply:client-8B023739F3BF->b50d6464-f54a-40d1-9f81-f1c19654fd05@group-1F53027F28E3, cid=3221, SUCCESS, logIndex=4513, commits[b50d6464-f54a-40d1-9f81-f1c19654fd05:c4516]
2019-09-12 09:26:30,939 [grpc-default-executor-2] INFO  client.GrpcClientProtocolClient (GrpcClientProtocolClient.java:onNext(264)) - client-8B023739F3BF->b50d6464-f54a-40d1-9f81-f1c19654fd05: receive RaftClientReply:client-8B023739F3BF->b50d6464-f54a-40d1-9f81-f1c19654fd05@group-1F53027F28E3, cid=3222, SUCCESS, logIndex=4514, commits[b50d6464-f54a-40d1-9f81-f1c19654fd05:c4516]
2019-09-12 09:26:30,939 [grpc-default-executor-2] INFO  client.GrpcClientProtocolClient (GrpcClientProtocolClient.java:onNext(264)) - client-8B023739F3BF->b50d6464-f54a-40d1-9f81-f1c19654fd05: receive RaftClientReply:client-8B023739F3BF->b50d6464-f54a-40d1-9f81-f1c19654fd05@group-1F53027F28E3, cid=3223, SUCCESS, logIndex=4515, commits[b50d6464-f54a-40d1-9f81-f1c19654fd05:c4517]
2019-09-12 09:26:30,939 [grpc-default-executor-2] INFO  client.GrpcClientProtocolClient (GrpcClientProtocolClient.java:onNext(264)) - client-8B023739F3BF->b50d6464-f54a-40d1-9f81-f1c19654fd05: receive RaftClientReply:client-8B023739F3BF->b50d6464-f54a-40d1-9f81-f1c19654fd05@group-1F53027F28E3, cid=3224, SUCCESS, logIndex=4516, commits[b50d6464-f54a-40d1-9f81-f1c19654fd05:c4517]
2019-09-12 09:26:31,010 [SCMBlockDeletingService#1] DEBUG block.SCMBlockDeletingService (SCMBlockDeletingService.java:call(138)) - Running DeletedBlockTransactionScanner
2019-09-12 09:26:31,011 [SCMBlockDeletingService#1] DEBUG block.SCMBlockDeletingService (SCMBlockDeletingService.java:call(155)) - Scanned deleted blocks log and got 0 delTX to process.
2019-09-12 09:26:31,026 [grpc-default-executor-1] INFO  client.GrpcClientProtocolClient (GrpcClientProtocolClient.java:onNext(264)) - client-8B023739F3BF->b50d6464-f54a-40d1-9f81-f1c19654fd05: receive RaftClientReply:client-8B023739F3BF->b50d6464-f54a-40d1-9f81-f1c19654fd05@group-1F53027F28E3, cid=3225, SUCCESS, logIndex=4518, commits[b50d6464-f54a-40d1-9f81-f1c19654fd05:c4519]
2019-09-12 09:26:31,027 [grpc-default-executor-1] INFO  client.GrpcClientProtocolClient (GrpcClientProtocolClient.java:onNext(264)) - client-8B023739F3BF->b50d6464-f54a-40d1-9f81-f1c19654fd05: receive RaftClientReply:client-8B023739F3BF->b50d6464-f54a-40d1-9f81-f1c19654fd05@group-1F53027F28E3, cid=3226, SUCCESS, logIndex=4519, commits[b50d6464-f54a-40d1-9f81-f1c19654fd05:c4520]
2019-09-12 09:26:31,111 [SCMBlockDeletingService#0] DEBUG block.SCMBlockDeletingService (SCMBlockDeletingService.java:call(138)) - Running DeletedBlockTransactionScanner
2019-09-12 09:26:31,111 [SCMBlockDeletingService#0] DEBUG block.SCMBlockDeletingService (SCMBlockDeletingService.java:call(155)) - Scanned deleted blocks log and got 0 delTX to process.
2019-09-12 09:26:31,120 [grpc-default-executor-2] INFO  client.GrpcClientProtocolClient (GrpcClientProtocolClient.java:onNext(264)) - client-8B023739F3BF->b50d6464-f54a-40d1-9f81-f1c19654fd05: receive RaftClientReply:client-8B023739F3BF->b50d6464-f54a-40d1-9f81-f1c19654fd05@group-1F53027F28E3, cid=3227, SUCCESS, logIndex=4521, commits[b50d6464-f54a-40d1-9f81-f1c19654fd05:c4522]
2019-09-12 09:26:31,120 [grpc-default-executor-2] INFO  client.GrpcClientProtocolClient (GrpcClientProtocolClient.java:onNext(264)) - client-8B023739F3BF->b50d6464-f54a-40d1-9f81-f1c19654fd05: receive RaftClientReply:client-8B023739F3BF->b50d6464-f54a-40d1-9f81-f1c19654fd05@group-1F53027F28E3, cid=3228, SUCCESS, logIndex=4522, commits[b50d6464-f54a-40d1-9f81-f1c19654fd05:c4523]
2019-09-12 09:26:31,137 [grpc-default-executor-1] INFO  client.GrpcClientProtocolClient (GrpcClientProtocolClient.java:onNext(264)) - client-8B023739F3BF->b50d6464-f54a-40d1-9f81-f1c19654fd05: receive RaftClientReply:client-8B023739F3BF->b50d6464-f54a-40d1-9f81-f1c19654fd05@group-1F53027F28E3, cid=3229, SUCCESS, logIndex=4524, commits[b50d6464-f54a-40d1-9f81-f1c19654fd05:c4525]
2019-09-12 09:26:31,138 [grpc-default-executor-1] INFO  client.GrpcClientProtocolClient (GrpcClientProtocolClient.java:onNext(264)) - client-8B023739F3BF->b50d6464-f54a-40d1-9f81-f1c19654fd05: receive RaftClientReply:client-8B023739F3BF->b50d6464-f54a-40d1-9f81-f1c19654fd05@group-1F53027F28E3, cid=3230, SUCCESS, logIndex=4525, commits[b50d6464-f54a-40d1-9f81-f1c19654fd05:c4525]
2019-09-12 09:26:31,140 [grpc-default-executor-1] INFO  client.GrpcClientProtocolClient (GrpcClientProtocolClient.java:onNext(264)) - client-8B023739F3BF->b50d6464-f54a-40d1-9f81-f1c19654fd05: receive RaftClientReply:client-8B023739F3BF->b50d6464-f54a-40d1-9f81-f1c19654fd05@group-1F53027F28E3, cid=3231, SUCCESS, logIndex=4526, commits[b50d6464-f54a-40d1-9f81-f1c19654fd05:c4527]
2019-09-12 09:26:31,140 [grpc-default-executor-1] INFO  client.GrpcClientProtocolClient (GrpcClientProtocolClient.java:onNext(264)) - client-8B023739F3BF->b50d6464-f54a-40d1-9f81-f1c19654fd05: receive RaftClientReply:client-8B023739F3BF->b50d6464-f54a-40d1-9f81-f1c19654fd05@group-1F53027F28E3, cid=3232, SUCCESS, logIndex=4527, commits[b50d6464-f54a-40d1-9f81-f1c19654fd05:c4527]
2019-09-12 09:26:31,165 [grpc-default-executor-1] INFO  client.GrpcClientProtocolClient (GrpcClientProtocolClient.java:onNext(264)) - client-8B023739F3BF->b50d6464-f54a-40d1-9f81-f1c19654fd05: receive RaftClientReply:client-8B023739F3BF->b50d6464-f54a-40d1-9f81-f1c19654fd05@group-1F53027F28E3, cid=3233, SUCCESS, logIndex=4530, commits[b50d6464-f54a-40d1-9f81-f1c19654fd05:c4531]
2019-09-12 09:26:31,166 [grpc-default-executor-1] INFO  client.GrpcClientProtocolClient (GrpcClientProtocolClient.java:onNext(264)) - client-8B023739F3BF->b50d6464-f54a-40d1-9f81-f1c19654fd05: receive RaftClientReply:client-8B023739F3BF->b50d6464-f54a-40d1-9f81-f1c19654fd05@group-1F53027F28E3, cid=3234, SUCCESS, logIndex=4531, commits[b50d6464-f54a-40d1-9f81-f1c19654fd05:c4531]
2019-09-12 09:26:31,166 [grpc-default-executor-1] INFO  client.GrpcClientProtocolClient (GrpcClientProtocolClient.java:onNext(264)) - client-8B023739F3BF->b50d6464-f54a-40d1-9f81-f1c19654fd05: receive RaftClientReply:client-8B023739F3BF->b50d6464-f54a-40d1-9f81-f1c19654fd05@group-1F53027F28E3, cid=3235, SUCCESS, logIndex=4532, commits[b50d6464-f54a-40d1-9f81-f1c19654fd05:c4533]
2019-09-12 09:26:31,166 [grpc-default-executor-1] INFO  client.GrpcClientProtocolClient (GrpcClientProtocolClient.java:onNext(264)) - client-8B023739F3BF->b50d6464-f54a-40d1-9f81-f1c19654fd05: receive RaftClientReply:client-8B023739F3BF->b50d6464-f54a-40d1-9f81-f1c19654fd05@group-1F53027F28E3, cid=3236, SUCCESS, logIndex=4533, commits[b50d6464-f54a-40d1-9f81-f1c19654fd05:c4533]
2019-09-12 09:26:31,187 [grpc-default-executor-2] INFO  client.GrpcClientProtocolClient (GrpcClientProtocolClient.java:onNext(264)) - client-8B023739F3BF->b50d6464-f54a-40d1-9f81-f1c19654fd05: receive RaftClientReply:client-8B023739F3BF->b50d6464-f54a-40d1-9f81-f1c19654fd05@group-1F53027F28E3, cid=3237, SUCCESS, logIndex=4536, commits[b50d6464-f54a-40d1-9f81-f1c19654fd05:c4537]
2019-09-12 09:26:31,187 [grpc-default-executor-2] INFO  client.GrpcClientProtocolClient (GrpcClientProtocolClient.java:onNext(264)) - client-8B023739F3BF->b50d6464-f54a-40d1-9f81-f1c19654fd05: receive RaftClientReply:client-8B023739F3BF->b50d6464-f54a-40d1-9f81-f1c19654fd05@group-1F53027F28E3, cid=3238, SUCCESS, logIndex=4537, commits[b50d6464-f54a-40d1-9f81-f1c19654fd05:c4539]
2019-09-12 09:26:31,188 [grpc-default-executor-2] INFO  client.GrpcClientProtocolClient (GrpcClientProtocolClient.java:onNext(264)) - client-8B023739F3BF->b50d6464-f54a-40d1-9f81-f1c19654fd05: receive RaftClientReply:client-8B023739F3BF->b50d6464-f54a-40d1-9f81-f1c19654fd05@group-1F53027F28E3, cid=3239, SUCCESS, logIndex=4538, commits[b50d6464-f54a-40d1-9f81-f1c19654fd05:c4539]
2019-09-12 09:26:31,188 [grpc-default-executor-2] INFO  client.GrpcClientProtocolClient (GrpcClientProtocolClient.java:onNext(264)) - client-8B023739F3BF->b50d6464-f54a-40d1-9f81-f1c19654fd05: receive RaftClientReply:client-8B023739F3BF->b50d6464-f54a-40d1-9f81-f1c19654fd05@group-1F53027F28E3, cid=3240, SUCCESS, logIndex=4539, commits[b50d6464-f54a-40d1-9f81-f1c19654fd05:c4540]
2019-09-12 09:26:31,211 [SCMBlockDeletingService#0] DEBUG block.SCMBlockDeletingService (SCMBlockDeletingService.java:call(138)) - Running DeletedBlockTransactionScanner
2019-09-12 09:26:31,212 [SCMBlockDeletingService#0] DEBUG block.SCMBlockDeletingService (SCMBlockDeletingService.java:call(155)) - Scanned deleted blocks log and got 0 delTX to process.
2019-09-12 09:26:31,216 [grpc-default-executor-2] INFO  client.GrpcClientProtocolClient (GrpcClientProtocolClient.java:onNext(264)) - client-8B023739F3BF->b50d6464-f54a-40d1-9f81-f1c19654fd05: receive RaftClientReply:client-8B023739F3BF->b50d6464-f54a-40d1-9f81-f1c19654fd05@group-1F53027F28E3, cid=3241, SUCCESS, logIndex=4542, commits[b50d6464-f54a-40d1-9f81-f1c19654fd05:c4545]
2019-09-12 09:26:31,217 [grpc-default-executor-2] INFO  client.GrpcClientProtocolClient (GrpcClientProtocolClient.java:onNext(264)) - client-8B023739F3BF->b50d6464-f54a-40d1-9f81-f1c19654fd05: receive RaftClientReply:client-8B023739F3BF->b50d6464-f54a-40d1-9f81-f1c19654fd05@group-1F53027F28E3, cid=3242, SUCCESS, logIndex=4543, commits[b50d6464-f54a-40d1-9f81-f1c19654fd05:c4545]
2019-09-12 09:26:31,217 [grpc-default-executor-2] INFO  client.GrpcClientProtocolClient (GrpcClientProtocolClient.java:onNext(264)) - client-8B023739F3BF->b50d6464-f54a-40d1-9f81-f1c19654fd05: receive RaftClientReply:client-8B023739F3BF->b50d6464-f54a-40d1-9f81-f1c19654fd05@group-1F53027F28E3, cid=3243, SUCCESS, logIndex=4544, commits[b50d6464-f54a-40d1-9f81-f1c19654fd05:c4546]
2019-09-12 09:26:31,217 [grpc-default-executor-2] INFO  client.GrpcClientProtocolClient (GrpcClientProtocolClient.java:onNext(264)) - client-8B023739F3BF->b50d6464-f54a-40d1-9f81-f1c19654fd05: receive RaftClientReply:client-8B023739F3BF->b50d6464-f54a-40d1-9f81-f1c19654fd05@group-1F53027F28E3, cid=3244, SUCCESS, logIndex=4545, commits[b50d6464-f54a-40d1-9f81-f1c19654fd05:c4546]
2019-09-12 09:26:31,235 [grpc-default-executor-2] INFO  client.GrpcClientProtocolClient (GrpcClientProtocolClient.java:onNext(264)) - client-8B023739F3BF->b50d6464-f54a-40d1-9f81-f1c19654fd05: receive RaftClientReply:client-8B023739F3BF->b50d6464-f54a-40d1-9f81-f1c19654fd05@group-1F53027F28E3, cid=3245, SUCCESS, logIndex=4547, commits[b50d6464-f54a-40d1-9f81-f1c19654fd05:c4548]
2019-09-12 09:26:31,235 [grpc-default-executor-2] INFO  client.GrpcClientProtocolClient (GrpcClientProtocolClient.java:onNext(264)) - client-8B023739F3BF->b50d6464-f54a-40d1-9f81-f1c19654fd05: receive RaftClientReply:client-8B023739F3BF->b50d6464-f54a-40d1-9f81-f1c19654fd05@group-1F53027F28E3, cid=3246, SUCCESS, logIndex=4548, commits[b50d6464-f54a-40d1-9f81-f1c19654fd05:c4550]
2019-09-12 09:26:31,236 [grpc-default-executor-2] INFO  client.GrpcClientProtocolClient (GrpcClientProtocolClient.java:onNext(264)) - client-8B023739F3BF->b50d6464-f54a-40d1-9f81-f1c19654fd05: receive RaftClientReply:client-8B023739F3BF->b50d6464-f54a-40d1-9f81-f1c19654fd05@group-1F53027F28E3, cid=3247, SUCCESS, logIndex=4549, commits[b50d6464-f54a-40d1-9f81-f1c19654fd05:c4551]
2019-09-12 09:26:31,236 [grpc-default-executor-2] INFO  client.GrpcClientProtocolClient (GrpcClientProtocolClient.java:onNext(264)) - client-8B023739F3BF->b50d6464-f54a-40d1-9f81-f1c19654fd05: receive RaftClientReply:client-8B023739F3BF->b50d6464-f54a-40d1-9f81-f1c19654fd05@group-1F53027F28E3, cid=3248, SUCCESS, logIndex=4550, commits[b50d6464-f54a-40d1-9f81-f1c19654fd05:c4551]
2019-09-12 09:26:31,263 [grpc-default-executor-2] INFO  client.GrpcClientProtocolClient (GrpcClientProtocolClient.java:onNext(264)) - client-8B023739F3BF->b50d6464-f54a-40d1-9f81-f1c19654fd05: receive RaftClientReply:client-8B023739F3BF->b50d6464-f54a-40d1-9f81-f1c19654fd05@group-1F53027F28E3, cid=3249, SUCCESS, logIndex=4553, commits[b50d6464-f54a-40d1-9f81-f1c19654fd05:c4554]
2019-09-12 09:26:31,264 [grpc-default-executor-2] INFO  client.GrpcClientProtocolClient (GrpcClientProtocolClient.java:onNext(264)) - client-8B023739F3BF->b50d6464-f54a-40d1-9f81-f1c19654fd05: receive RaftClientReply:client-8B023739F3BF->b50d6464-f54a-40d1-9f81-f1c19654fd05@group-1F53027F28E3, cid=3250, SUCCESS, logIndex=4554, commits[b50d6464-f54a-40d1-9f81-f1c19654fd05:c4554]
2019-09-12 09:26:31,264 [grpc-default-executor-2] INFO  client.GrpcClientProtocolClient (GrpcClientProtocolClient.java:onNext(264)) - client-8B023739F3BF->b50d6464-f54a-40d1-9f81-f1c19654fd05: receive RaftClientReply:client-8B023739F3BF->b50d6464-f54a-40d1-9f81-f1c19654fd05@group-1F53027F28E3, cid=3251, SUCCESS, logIndex=4555, commits[b50d6464-f54a-40d1-9f81-f1c19654fd05:c4556]
2019-09-12 09:26:31,264 [grpc-default-executor-2] INFO  client.GrpcClientProtocolClient (GrpcClientProtocolClient.java:onNext(264)) - client-8B023739F3BF->b50d6464-f54a-40d1-9f81-f1c19654fd05: receive RaftClientReply:client-8B023739F3BF->b50d6464-f54a-40d1-9f81-f1c19654fd05@group-1F53027F28E3, cid=3252, SUCCESS, logIndex=4556, commits[b50d6464-f54a-40d1-9f81-f1c19654fd05:c4556]
2019-09-12 09:26:31,283 [grpc-default-executor-1] INFO  client.GrpcClientProtocolClient (GrpcClientProtocolClient.java:onNext(264)) - client-8B023739F3BF->b50d6464-f54a-40d1-9f81-f1c19654fd05: receive RaftClientReply:client-8B023739F3BF->b50d6464-f54a-40d1-9f81-f1c19654fd05@group-1F53027F28E3, cid=3253, SUCCESS, logIndex=4559, commits[b50d6464-f54a-40d1-9f81-f1c19654fd05:c4560]
2019-09-12 09:26:31,283 [grpc-default-executor-1] INFO  client.GrpcClientProtocolClient (GrpcClientProtocolClient.java:onNext(264)) - client-8B023739F3BF->b50d6464-f54a-40d1-9f81-f1c19654fd05: receive RaftClientReply:client-8B023739F3BF->b50d6464-f54a-40d1-9f81-f1c19654fd05@group-1F53027F28E3, cid=3254, SUCCESS, logIndex=4560, commits[b50d6464-f54a-40d1-9f81-f1c19654fd05:c4562]
2019-09-12 09:26:31,283 [grpc-default-executor-1] INFO  client.GrpcClientProtocolClient (GrpcClientProtocolClient.java:onNext(264)) - client-8B023739F3BF->b50d6464-f54a-40d1-9f81-f1c19654fd05: receive RaftClientReply:client-8B023739F3BF->b50d6464-f54a-40d1-9f81-f1c19654fd05@group-1F53027F28E3, cid=3255, SUCCESS, logIndex=4561, commits[b50d6464-f54a-40d1-9f81-f1c19654fd05:c4562]
2019-09-12 09:26:31,284 [grpc-default-executor-1] INFO  client.GrpcClientProtocolClient (GrpcClientProtocolClient.java:onNext(264)) - client-8B023739F3BF->b50d6464-f54a-40d1-9f81-f1c19654fd05: receive RaftClientReply:client-8B023739F3BF->b50d6464-f54a-40d1-9f81-f1c19654fd05@group-1F53027F28E3, cid=3256, SUCCESS, logIndex=4562, commits[b50d6464-f54a-40d1-9f81-f1c19654fd05:c4563]
2019-09-12 09:26:31,312 [grpc-default-executor-2] INFO  client.GrpcClientProtocolClient (GrpcClientProtocolClient.java:onNext(264)) - client-8B023739F3BF->b50d6464-f54a-40d1-9f81-f1c19654fd05: receive RaftClientReply:client-8B023739F3BF->b50d6464-f54a-40d1-9f81-f1c19654fd05@group-1F53027F28E3, cid=3257, SUCCESS, logIndex=4565, commits[b50d6464-f54a-40d1-9f81-f1c19654fd05:c4566]
2019-09-12 09:26:31,312 [SCMBlockDeletingService#1] DEBUG block.SCMBlockDeletingService (SCMBlockDeletingService.java:call(138)) - Running DeletedBlockTransactionScanner
2019-09-12 09:26:31,312 [SCMBlockDeletingService#1] DEBUG block.SCMBlockDeletingService (SCMBlockDeletingService.java:call(155)) - Scanned deleted blocks log and got 0 delTX to process.
2019-09-12 09:26:31,312 [grpc-default-executor-2] INFO  client.GrpcClientProtocolClient (GrpcClientProtocolClient.java:onNext(264)) - client-8B023739F3BF->b50d6464-f54a-40d1-9f81-f1c19654fd05: receive RaftClientReply:client-8B023739F3BF->b50d6464-f54a-40d1-9f81-f1c19654fd05@group-1F53027F28E3, cid=3258, SUCCESS, logIndex=4566, commits[b50d6464-f54a-40d1-9f81-f1c19654fd05:c4566]
2019-09-12 09:26:31,313 [grpc-default-executor-2] INFO  client.GrpcClientProtocolClient (GrpcClientProtocolClient.java:onNext(264)) - client-8B023739F3BF->b50d6464-f54a-40d1-9f81-f1c19654fd05: receive RaftClientReply:client-8B023739F3BF->b50d6464-f54a-40d1-9f81-f1c19654fd05@group-1F53027F28E3, cid=3259, SUCCESS, logIndex=4567, commits[b50d6464-f54a-40d1-9f81-f1c19654fd05:c4568]
2019-09-12 09:26:31,313 [grpc-default-executor-2] INFO  client.GrpcClientProtocolClient (GrpcClientProtocolClient.java:onNext(264)) - client-8B023739F3BF->b50d6464-f54a-40d1-9f81-f1c19654fd05: receive RaftClientReply:client-8B023739F3BF->b50d6464-f54a-40d1-9f81-f1c19654fd05@group-1F53027F28E3, cid=3260, SUCCESS, logIndex=4568, commits[b50d6464-f54a-40d1-9f81-f1c19654fd05:c4568]
2019-09-12 09:26:31,331 [grpc-default-executor-1] INFO  client.GrpcClientProtocolClient (GrpcClientProtocolClient.java:onNext(264)) - client-8B023739F3BF->b50d6464-f54a-40d1-9f81-f1c19654fd05: receive RaftClientReply:client-8B023739F3BF->b50d6464-f54a-40d1-9f81-f1c19654fd05@group-1F53027F28E3, cid=3261, SUCCESS, logIndex=4571, commits[b50d6464-f54a-40d1-9f81-f1c19654fd05:c4572]
2019-09-12 09:26:31,331 [grpc-default-executor-1] INFO  client.GrpcClientProtocolClient (GrpcClientProtocolClient.java:onNext(264)) - client-8B023739F3BF->b50d6464-f54a-40d1-9f81-f1c19654fd05: receive RaftClientReply:client-8B023739F3BF->b50d6464-f54a-40d1-9f81-f1c19654fd05@group-1F53027F28E3, cid=3262, SUCCESS, logIndex=4572, commits[b50d6464-f54a-40d1-9f81-f1c19654fd05:c4574]
2019-09-12 09:26:31,331 [grpc-default-executor-1] INFO  client.GrpcClientProtocolClient (GrpcClientProtocolClient.java:onNext(264)) - client-8B023739F3BF->b50d6464-f54a-40d1-9f81-f1c19654fd05: receive RaftClientReply:client-8B023739F3BF->b50d6464-f54a-40d1-9f81-f1c19654fd05@group-1F53027F28E3, cid=3263, SUCCESS, logIndex=4573, commits[b50d6464-f54a-40d1-9f81-f1c19654fd05:c4574]
2019-09-12 09:26:31,332 [grpc-default-executor-1] INFO  client.GrpcClientProtocolClient (GrpcClientProtocolClient.java:onNext(264)) - client-8B023739F3BF->b50d6464-f54a-40d1-9f81-f1c19654fd05: receive RaftClientReply:client-8B023739F3BF->b50d6464-f54a-40d1-9f81-f1c19654fd05@group-1F53027F28E3, cid=3264, SUCCESS, logIndex=4574, commits[b50d6464-f54a-40d1-9f81-f1c19654fd05:c4575]
2019-09-12 09:26:31,360 [grpc-default-executor-1] INFO  client.GrpcClientProtocolClient (GrpcClientProtocolClient.java:onNext(264)) - client-8B023739F3BF->b50d6464-f54a-40d1-9f81-f1c19654fd05: receive RaftClientReply:client-8B023739F3BF->b50d6464-f54a-40d1-9f81-f1c19654fd05@group-1F53027F28E3, cid=3265, SUCCESS, logIndex=4577, commits[b50d6464-f54a-40d1-9f81-f1c19654fd05:c4578]
2019-09-12 09:26:31,361 [grpc-default-executor-1] INFO  client.GrpcClientProtocolClient (GrpcClientProtocolClient.java:onNext(264)) - client-8B023739F3BF->b50d6464-f54a-40d1-9f81-f1c19654fd05: receive RaftClientReply:client-8B023739F3BF->b50d6464-f54a-40d1-9f81-f1c19654fd05@group-1F53027F28E3, cid=3266, SUCCESS, logIndex=4578, commits[b50d6464-f54a-40d1-9f81-f1c19654fd05:c4578]
2019-09-12 09:26:31,362 [grpc-default-executor-1] INFO  client.GrpcClientProtocolClient (GrpcClientProtocolClient.java:onNext(264)) - client-8B023739F3BF->b50d6464-f54a-40d1-9f81-f1c19654fd05: receive RaftClientReply:client-8B023739F3BF->b50d6464-f54a-40d1-9f81-f1c19654fd05@group-1F53027F28E3, cid=3267, SUCCESS, logIndex=4579, commits[b50d6464-f54a-40d1-9f81-f1c19654fd05:c4580]
2019-09-12 09:26:31,362 [grpc-default-executor-1] INFO  client.GrpcClientProtocolClient (GrpcClientProtocolClient.java:onNext(264)) - client-8B023739F3BF->b50d6464-f54a-40d1-9f81-f1c19654fd05: receive RaftClientReply:client-8B023739F3BF->b50d6464-f54a-40d1-9f81-f1c19654fd05@group-1F53027F28E3, cid=3268, SUCCESS, logIndex=4580, commits[b50d6464-f54a-40d1-9f81-f1c19654fd05:c4580]
2019-09-12 09:26:31,373 [grpc-default-executor-2] INFO  client.GrpcClientProtocolClient (GrpcClientProtocolClient.java:onNext(264)) - client-8B023739F3BF->b50d6464-f54a-40d1-9f81-f1c19654fd05: receive RaftClientReply:client-8B023739F3BF->b50d6464-f54a-40d1-9f81-f1c19654fd05@group-1F53027F28E3, cid=3269, SUCCESS, logIndex=4583, commits[b50d6464-f54a-40d1-9f81-f1c19654fd05:c4584]
2019-09-12 09:26:31,373 [grpc-default-executor-2] INFO  client.GrpcClientProtocolClient (GrpcClientProtocolClient.java:onNext(264)) - client-8B023739F3BF->b50d6464-f54a-40d1-9f81-f1c19654fd05: receive RaftClientReply:client-8B023739F3BF->b50d6464-f54a-40d1-9f81-f1c19654fd05@group-1F53027F28E3, cid=3270, SUCCESS, logIndex=4584, commits[b50d6464-f54a-40d1-9f81-f1c19654fd05:c4584]
2019-09-12 09:26:31,413 [SCMBlockDeletingService#1] DEBUG block.SCMBlockDeletingService (SCMBlockDeletingService.java:call(138)) - Running DeletedBlockTransactionScanner
2019-09-12 09:26:31,413 [SCMBlockDeletingService#1] DEBUG block.SCMBlockDeletingService (SCMBlockDeletingService.java:call(155)) - Scanned deleted blocks log and got 0 delTX to process.
2019-09-12 09:26:31,484 [grpc-default-executor-1] INFO  client.GrpcClientProtocolClient (GrpcClientProtocolClient.java:onNext(264)) - client-8B023739F3BF->b50d6464-f54a-40d1-9f81-f1c19654fd05: receive RaftClientReply:client-8B023739F3BF->b50d6464-f54a-40d1-9f81-f1c19654fd05@group-1F53027F28E3, cid=3271, SUCCESS, logIndex=4586, commits[b50d6464-f54a-40d1-9f81-f1c19654fd05:c4587]
2019-09-12 09:26:31,484 [grpc-default-executor-1] INFO  client.GrpcClientProtocolClient (GrpcClientProtocolClient.java:onNext(264)) - client-8B023739F3BF->b50d6464-f54a-40d1-9f81-f1c19654fd05: receive RaftClientReply:client-8B023739F3BF->b50d6464-f54a-40d1-9f81-f1c19654fd05@group-1F53027F28E3, cid=3272, SUCCESS, logIndex=4587, commits[b50d6464-f54a-40d1-9f81-f1c19654fd05:c4588]
2019-09-12 09:26:31,513 [SCMBlockDeletingService#1] DEBUG block.SCMBlockDeletingService (SCMBlockDeletingService.java:call(138)) - Running DeletedBlockTransactionScanner
2019-09-12 09:26:31,513 [SCMBlockDeletingService#1] DEBUG block.SCMBlockDeletingService (SCMBlockDeletingService.java:call(155)) - Scanned deleted blocks log and got 0 delTX to process.
2019-09-12 09:26:31,514 [grpc-default-executor-1] INFO  client.GrpcClientProtocolClient (GrpcClientProtocolClient.java:onNext(264)) - client-8B023739F3BF->b50d6464-f54a-40d1-9f81-f1c19654fd05: receive RaftClientReply:client-8B023739F3BF->b50d6464-f54a-40d1-9f81-f1c19654fd05@group-1F53027F28E3, cid=3273, SUCCESS, logIndex=4589, commits[b50d6464-f54a-40d1-9f81-f1c19654fd05:c4590]
2019-09-12 09:26:31,515 [grpc-default-executor-1] INFO  client.GrpcClientProtocolClient (GrpcClientProtocolClient.java:onNext(264)) - client-8B023739F3BF->b50d6464-f54a-40d1-9f81-f1c19654fd05: receive RaftClientReply:client-8B023739F3BF->b50d6464-f54a-40d1-9f81-f1c19654fd05@group-1F53027F28E3, cid=3274, SUCCESS, logIndex=4590, commits[b50d6464-f54a-40d1-9f81-f1c19654fd05:c4590]
2019-09-12 09:26:31,515 [grpc-default-executor-1] INFO  client.GrpcClientProtocolClient (GrpcClientProtocolClient.java:onNext(264)) - client-8B023739F3BF->b50d6464-f54a-40d1-9f81-f1c19654fd05: receive RaftClientReply:client-8B023739F3BF->b50d6464-f54a-40d1-9f81-f1c19654fd05@group-1F53027F28E3, cid=3275, SUCCESS, logIndex=4591, commits[b50d6464-f54a-40d1-9f81-f1c19654fd05:c4592]
2019-09-12 09:26:31,515 [grpc-default-executor-1] INFO  client.GrpcClientProtocolClient (GrpcClientProtocolClient.java:onNext(264)) - client-8B023739F3BF->b50d6464-f54a-40d1-9f81-f1c19654fd05: receive RaftClientReply:client-8B023739F3BF->b50d6464-f54a-40d1-9f81-f1c19654fd05@group-1F53027F28E3, cid=3276, SUCCESS, logIndex=4592, commits[b50d6464-f54a-40d1-9f81-f1c19654fd05:c4592]
2019-09-12 09:26:31,533 [grpc-default-executor-2] INFO  client.GrpcClientProtocolClient (GrpcClientProtocolClient.java:onNext(264)) - client-8B023739F3BF->b50d6464-f54a-40d1-9f81-f1c19654fd05: receive RaftClientReply:client-8B023739F3BF->b50d6464-f54a-40d1-9f81-f1c19654fd05@group-1F53027F28E3, cid=3277, SUCCESS, logIndex=4595, commits[b50d6464-f54a-40d1-9f81-f1c19654fd05:c4596]
2019-09-12 09:26:31,533 [grpc-default-executor-2] INFO  client.GrpcClientProtocolClient (GrpcClientProtocolClient.java:onNext(264)) - client-8B023739F3BF->b50d6464-f54a-40d1-9f81-f1c19654fd05: receive RaftClientReply:client-8B023739F3BF->b50d6464-f54a-40d1-9f81-f1c19654fd05@group-1F53027F28E3, cid=3278, SUCCESS, logIndex=4596, commits[b50d6464-f54a-40d1-9f81-f1c19654fd05:c4598]
2019-09-12 09:26:31,534 [grpc-default-executor-2] INFO  client.GrpcClientProtocolClient (GrpcClientProtocolClient.java:onNext(264)) - client-8B023739F3BF->b50d6464-f54a-40d1-9f81-f1c19654fd05: receive RaftClientReply:client-8B023739F3BF->b50d6464-f54a-40d1-9f81-f1c19654fd05@group-1F53027F28E3, cid=3279, SUCCESS, logIndex=4597, commits[b50d6464-f54a-40d1-9f81-f1c19654fd05:c4598]
2019-09-12 09:26:31,534 [grpc-default-executor-2] INFO  client.GrpcClientProtocolClient (GrpcClientProtocolClient.java:onNext(264)) - client-8B023739F3BF->b50d6464-f54a-40d1-9f81-f1c19654fd05: receive RaftClientReply:client-8B023739F3BF->b50d6464-f54a-40d1-9f81-f1c19654fd05@group-1F53027F28E3, cid=3280, SUCCESS, logIndex=4598, commits[b50d6464-f54a-40d1-9f81-f1c19654fd05:c4599]
2019-09-12 09:26:31,559 [grpc-default-executor-1] INFO  client.GrpcClientProtocolClient (GrpcClientProtocolClient.java:onNext(264)) - client-8B023739F3BF->b50d6464-f54a-40d1-9f81-f1c19654fd05: receive RaftClientReply:client-8B023739F3BF->b50d6464-f54a-40d1-9f81-f1c19654fd05@group-1F53027F28E3, cid=3281, SUCCESS, logIndex=4601, commits[b50d6464-f54a-40d1-9f81-f1c19654fd05:c4602]
2019-09-12 09:26:31,559 [grpc-default-executor-1] INFO  client.GrpcClientProtocolClient (GrpcClientProtocolClient.java:onNext(264)) - client-8B023739F3BF->b50d6464-f54a-40d1-9f81-f1c19654fd05: receive RaftClientReply:client-8B023739F3BF->b50d6464-f54a-40d1-9f81-f1c19654fd05@group-1F53027F28E3, cid=3282, SUCCESS, logIndex=4602, commits[b50d6464-f54a-40d1-9f81-f1c19654fd05:c4604]
2019-09-12 09:26:31,559 [grpc-default-executor-1] INFO  client.GrpcClientProtocolClient (GrpcClientProtocolClient.java:onNext(264)) - client-8B023739F3BF->b50d6464-f54a-40d1-9f81-f1c19654fd05: receive RaftClientReply:client-8B023739F3BF->b50d6464-f54a-40d1-9f81-f1c19654fd05@group-1F53027F28E3, cid=3283, SUCCESS, logIndex=4603, commits[b50d6464-f54a-40d1-9f81-f1c19654fd05:c4605]
2019-09-12 09:26:31,560 [grpc-default-executor-1] INFO  client.GrpcClientProtocolClient (GrpcClientProtocolClient.java:onNext(264)) - client-8B023739F3BF->b50d6464-f54a-40d1-9f81-f1c19654fd05: receive RaftClientReply:client-8B023739F3BF->b50d6464-f54a-40d1-9f81-f1c19654fd05@group-1F53027F28E3, cid=3284, SUCCESS, logIndex=4604, commits[b50d6464-f54a-40d1-9f81-f1c19654fd05:c4605]
2019-09-12 09:26:31,578 [grpc-default-executor-2] INFO  client.GrpcClientProtocolClient (GrpcClientProtocolClient.java:onNext(264)) - client-8B023739F3BF->b50d6464-f54a-40d1-9f81-f1c19654fd05: receive RaftClientReply:client-8B023739F3BF->b50d6464-f54a-40d1-9f81-f1c19654fd05@group-1F53027F28E3, cid=3285, SUCCESS, logIndex=4607, commits[b50d6464-f54a-40d1-9f81-f1c19654fd05:c4610]
2019-09-12 09:26:31,579 [grpc-default-executor-2] INFO  client.GrpcClientProtocolClient (GrpcClientProtocolClient.java:onNext(264)) - client-8B023739F3BF->b50d6464-f54a-40d1-9f81-f1c19654fd05: receive RaftClientReply:client-8B023739F3BF->b50d6464-f54a-40d1-9f81-f1c19654fd05@group-1F53027F28E3, cid=3286, SUCCESS, logIndex=4608, commits[b50d6464-f54a-40d1-9f81-f1c19654fd05:c4610]
2019-09-12 09:26:31,579 [grpc-default-executor-2] INFO  client.GrpcClientProtocolClient (GrpcClientProtocolClient.java:onNext(264)) - client-8B023739F3BF->b50d6464-f54a-40d1-9f81-f1c19654fd05: receive RaftClientReply:client-8B023739F3BF->b50d6464-f54a-40d1-9f81-f1c19654fd05@group-1F53027F28E3, cid=3287, SUCCESS, logIndex=4609, commits[b50d6464-f54a-40d1-9f81-f1c19654fd05:c4611]
2019-09-12 09:26:31,579 [grpc-default-executor-2] INFO  client.GrpcClientProtocolClient (GrpcClientProtocolClient.java:onNext(264)) - client-8B023739F3BF->b50d6464-f54a-40d1-9f81-f1c19654fd05: receive RaftClientReply:client-8B023739F3BF->b50d6464-f54a-40d1-9f81-f1c19654fd05@group-1F53027F28E3, cid=3288, SUCCESS, logIndex=4610, commits[b50d6464-f54a-40d1-9f81-f1c19654fd05:c4611]
2019-09-12 09:26:31,603 [grpc-default-executor-2] INFO  client.GrpcClientProtocolClient (GrpcClientProtocolClient.java:onNext(264)) - client-8B023739F3BF->b50d6464-f54a-40d1-9f81-f1c19654fd05: receive RaftClientReply:client-8B023739F3BF->b50d6464-f54a-40d1-9f81-f1c19654fd05@group-1F53027F28E3, cid=3289, SUCCESS, logIndex=4612, commits[b50d6464-f54a-40d1-9f81-f1c19654fd05:c4613]
2019-09-12 09:26:31,603 [grpc-default-executor-2] INFO  client.GrpcClientProtocolClient (GrpcClientProtocolClient.java:onNext(264)) - client-8B023739F3BF->b50d6464-f54a-40d1-9f81-f1c19654fd05: receive RaftClientReply:client-8B023739F3BF->b50d6464-f54a-40d1-9f81-f1c19654fd05@group-1F53027F28E3, cid=3290, SUCCESS, logIndex=4613, commits[b50d6464-f54a-40d1-9f81-f1c19654fd05:c4615]
2019-09-12 09:26:31,604 [grpc-default-executor-2] INFO  client.GrpcClientProtocolClient (GrpcClientProtocolClient.java:onNext(264)) - client-8B023739F3BF->b50d6464-f54a-40d1-9f81-f1c19654fd05: receive RaftClientReply:client-8B023739F3BF->b50d6464-f54a-40d1-9f81-f1c19654fd05@group-1F53027F28E3, cid=3291, SUCCESS, logIndex=4614, commits[b50d6464-f54a-40d1-9f81-f1c19654fd05:c4615]
2019-09-12 09:26:31,604 [grpc-default-executor-2] INFO  client.GrpcClientProtocolClient (GrpcClientProtocolClient.java:onNext(264)) - client-8B023739F3BF->b50d6464-f54a-40d1-9f81-f1c19654fd05: receive RaftClientReply:client-8B023739F3BF->b50d6464-f54a-40d1-9f81-f1c19654fd05@group-1F53027F28E3, cid=3292, SUCCESS, logIndex=4615, commits[b50d6464-f54a-40d1-9f81-f1c19654fd05:c4616]
2019-09-12 09:26:31,614 [SCMBlockDeletingService#1] DEBUG block.SCMBlockDeletingService (SCMBlockDeletingService.java:call(138)) - Running DeletedBlockTransactionScanner
2019-09-12 09:26:31,614 [SCMBlockDeletingService#1] DEBUG block.SCMBlockDeletingService (SCMBlockDeletingService.java:call(155)) - Scanned deleted blocks log and got 0 delTX to process.
2019-09-12 09:26:31,623 [grpc-default-executor-1] INFO  client.GrpcClientProtocolClient (GrpcClientProtocolClient.java:onNext(264)) - client-8B023739F3BF->b50d6464-f54a-40d1-9f81-f1c19654fd05: receive RaftClientReply:client-8B023739F3BF->b50d6464-f54a-40d1-9f81-f1c19654fd05@group-1F53027F28E3, cid=3293, SUCCESS, logIndex=4618, commits[b50d6464-f54a-40d1-9f81-f1c19654fd05:c4621]
2019-09-12 09:26:31,623 [grpc-default-executor-1] INFO  client.GrpcClientProtocolClient (GrpcClientProtocolClient.java:onNext(264)) - client-8B023739F3BF->b50d6464-f54a-40d1-9f81-f1c19654fd05: receive RaftClientReply:client-8B023739F3BF->b50d6464-f54a-40d1-9f81-f1c19654fd05@group-1F53027F28E3, cid=3294, SUCCESS, logIndex=4619, commits[b50d6464-f54a-40d1-9f81-f1c19654fd05:c4621]
2019-09-12 09:26:31,623 [grpc-default-executor-1] INFO  client.GrpcClientProtocolClient (GrpcClientProtocolClient.java:onNext(264)) - client-8B023739F3BF->b50d6464-f54a-40d1-9f81-f1c19654fd05: receive RaftClientReply:client-8B023739F3BF->b50d6464-f54a-40d1-9f81-f1c19654fd05@group-1F53027F28E3, cid=3295, SUCCESS, logIndex=4620, commits[b50d6464-f54a-40d1-9f81-f1c19654fd05:c4622]
2019-09-12 09:26:31,623 [grpc-default-executor-1] INFO  client.GrpcClientProtocolClient (GrpcClientProtocolClient.java:onNext(264)) - client-8B023739F3BF->b50d6464-f54a-40d1-9f81-f1c19654fd05: receive RaftClientReply:client-8B023739F3BF->b50d6464-f54a-40d1-9f81-f1c19654fd05@group-1F53027F28E3, cid=3296, SUCCESS, logIndex=4621, commits[b50d6464-f54a-40d1-9f81-f1c19654fd05:c4622]
2019-09-12 09:26:31,655 [grpc-default-executor-2] INFO  client.GrpcClientProtocolClient (GrpcClientProtocolClient.java:onNext(264)) - client-8B023739F3BF->b50d6464-f54a-40d1-9f81-f1c19654fd05: receive RaftClientReply:client-8B023739F3BF->b50d6464-f54a-40d1-9f81-f1c19654fd05@group-1F53027F28E3, cid=3297, SUCCESS, logIndex=4623, commits[b50d6464-f54a-40d1-9f81-f1c19654fd05:c4626]
2019-09-12 09:26:31,656 [grpc-default-executor-2] INFO  client.GrpcClientProtocolClient (GrpcClientProtocolClient.java:onNext(264)) - client-8B023739F3BF->b50d6464-f54a-40d1-9f81-f1c19654fd05: receive RaftClientReply:client-8B023739F3BF->b50d6464-f54a-40d1-9f81-f1c19654fd05@group-1F53027F28E3, cid=3298, SUCCESS, logIndex=4624, commits[b50d6464-f54a-40d1-9f81-f1c19654fd05:c4626]
2019-09-12 09:26:31,656 [grpc-default-executor-2] INFO  client.GrpcClientProtocolClient (GrpcClientProtocolClient.java:onNext(264)) - client-8B023739F3BF->b50d6464-f54a-40d1-9f81-f1c19654fd05: receive RaftClientReply:client-8B023739F3BF->b50d6464-f54a-40d1-9f81-f1c19654fd05@group-1F53027F28E3, cid=3299, SUCCESS, logIndex=4625, commits[b50d6464-f54a-40d1-9f81-f1c19654fd05:c4626]
2019-09-12 09:26:31,656 [grpc-default-executor-2] INFO  client.GrpcClientProtocolClient (GrpcClientProtocolClient.java:onNext(264)) - client-8B023739F3BF->b50d6464-f54a-40d1-9f81-f1c19654fd05: receive RaftClientReply:client-8B023739F3BF->b50d6464-f54a-40d1-9f81-f1c19654fd05@group-1F53027F28E3, cid=3300, SUCCESS, logIndex=4626, commits[b50d6464-f54a-40d1-9f81-f1c19654fd05:c4627]
2019-09-12 09:26:31,673 [grpc-default-executor-2] INFO  client.GrpcClientProtocolClient (GrpcClientProtocolClient.java:onNext(264)) - client-8B023739F3BF->b50d6464-f54a-40d1-9f81-f1c19654fd05: receive RaftClientReply:client-8B023739F3BF->b50d6464-f54a-40d1-9f81-f1c19654fd05@group-1F53027F28E3, cid=3301, SUCCESS, logIndex=4628, commits[b50d6464-f54a-40d1-9f81-f1c19654fd05:c4629]
2019-09-12 09:26:31,674 [grpc-default-executor-2] INFO  client.GrpcClientProtocolClient (GrpcClientProtocolClient.java:onNext(264)) - client-8B023739F3BF->b50d6464-f54a-40d1-9f81-f1c19654fd05: receive RaftClientReply:client-8B023739F3BF->b50d6464-f54a-40d1-9f81-f1c19654fd05@group-1F53027F28E3, cid=3302, SUCCESS, logIndex=4629, commits[b50d6464-f54a-40d1-9f81-f1c19654fd05:c4629]
2019-09-12 09:26:31,674 [grpc-default-executor-2] INFO  client.GrpcClientProtocolClient (GrpcClientProtocolClient.java:onNext(264)) - client-8B023739F3BF->b50d6464-f54a-40d1-9f81-f1c19654fd05: receive RaftClientReply:client-8B023739F3BF->b50d6464-f54a-40d1-9f81-f1c19654fd05@group-1F53027F28E3, cid=3303, SUCCESS, logIndex=4630, commits[b50d6464-f54a-40d1-9f81-f1c19654fd05:c4631]
2019-09-12 09:26:31,674 [grpc-default-executor-2] INFO  client.GrpcClientProtocolClient (GrpcClientProtocolClient.java:onNext(264)) - client-8B023739F3BF->b50d6464-f54a-40d1-9f81-f1c19654fd05: receive RaftClientReply:client-8B023739F3BF->b50d6464-f54a-40d1-9f81-f1c19654fd05@group-1F53027F28E3, cid=3304, SUCCESS, logIndex=4631, commits[b50d6464-f54a-40d1-9f81-f1c19654fd05:c4631]
2019-09-12 09:26:31,699 [grpc-default-executor-2] INFO  client.GrpcClientProtocolClient (GrpcClientProtocolClient.java:onNext(264)) - client-8B023739F3BF->b50d6464-f54a-40d1-9f81-f1c19654fd05: receive RaftClientReply:client-8B023739F3BF->b50d6464-f54a-40d1-9f81-f1c19654fd05@group-1F53027F28E3, cid=3305, SUCCESS, logIndex=4634, commits[b50d6464-f54a-40d1-9f81-f1c19654fd05:c4637]
2019-09-12 09:26:31,700 [grpc-default-executor-2] INFO  client.GrpcClientProtocolClient (GrpcClientProtocolClient.java:onNext(264)) - client-8B023739F3BF->b50d6464-f54a-40d1-9f81-f1c19654fd05: receive RaftClientReply:client-8B023739F3BF->b50d6464-f54a-40d1-9f81-f1c19654fd05@group-1F53027F28E3, cid=3306, SUCCESS, logIndex=4635, commits[b50d6464-f54a-40d1-9f81-f1c19654fd05:c4637]
2019-09-12 09:26:31,700 [grpc-default-executor-2] INFO  client.GrpcClientProtocolClient (GrpcClientProtocolClient.java:onNext(264)) - client-8B023739F3BF->b50d6464-f54a-40d1-9f81-f1c19654fd05: receive RaftClientReply:client-8B023739F3BF->b50d6464-f54a-40d1-9f81-f1c19654fd05@group-1F53027F28E3, cid=3307, SUCCESS, logIndex=4636, commits[b50d6464-f54a-40d1-9f81-f1c19654fd05:c4638]
2019-09-12 09:26:31,700 [grpc-default-executor-2] INFO  client.GrpcClientProtocolClient (GrpcClientProtocolClient.java:onNext(264)) - client-8B023739F3BF->b50d6464-f54a-40d1-9f81-f1c19654fd05: receive RaftClientReply:client-8B023739F3BF->b50d6464-f54a-40d1-9f81-f1c19654fd05@group-1F53027F28E3, cid=3308, SUCCESS, logIndex=4637, commits[b50d6464-f54a-40d1-9f81-f1c19654fd05:c4638]
2019-09-12 09:26:31,714 [SCMBlockDeletingService#1] DEBUG block.SCMBlockDeletingService (SCMBlockDeletingService.java:call(138)) - Running DeletedBlockTransactionScanner
2019-09-12 09:26:31,714 [SCMBlockDeletingService#1] DEBUG block.SCMBlockDeletingService (SCMBlockDeletingService.java:call(155)) - Scanned deleted blocks log and got 0 delTX to process.
2019-09-12 09:26:31,717 [grpc-default-executor-2] INFO  client.GrpcClientProtocolClient (GrpcClientProtocolClient.java:onNext(264)) - client-8B023739F3BF->b50d6464-f54a-40d1-9f81-f1c19654fd05: receive RaftClientReply:client-8B023739F3BF->b50d6464-f54a-40d1-9f81-f1c19654fd05@group-1F53027F28E3, cid=3309, SUCCESS, logIndex=4639, commits[b50d6464-f54a-40d1-9f81-f1c19654fd05:c4640]
2019-09-12 09:26:31,718 [grpc-default-executor-2] INFO  client.GrpcClientProtocolClient (GrpcClientProtocolClient.java:onNext(264)) - client-8B023739F3BF->b50d6464-f54a-40d1-9f81-f1c19654fd05: receive RaftClientReply:client-8B023739F3BF->b50d6464-f54a-40d1-9f81-f1c19654fd05@group-1F53027F28E3, cid=3310, SUCCESS, logIndex=4640, commits[b50d6464-f54a-40d1-9f81-f1c19654fd05:c4642]
2019-09-12 09:26:31,718 [grpc-default-executor-2] INFO  client.GrpcClientProtocolClient (GrpcClientProtocolClient.java:onNext(264)) - client-8B023739F3BF->b50d6464-f54a-40d1-9f81-f1c19654fd05: receive RaftClientReply:client-8B023739F3BF->b50d6464-f54a-40d1-9f81-f1c19654fd05@group-1F53027F28E3, cid=3311, SUCCESS, logIndex=4641, commits[b50d6464-f54a-40d1-9f81-f1c19654fd05:c4643]
2019-09-12 09:26:31,719 [grpc-default-executor-2] INFO  client.GrpcClientProtocolClient (GrpcClientProtocolClient.java:onNext(264)) - client-8B023739F3BF->b50d6464-f54a-40d1-9f81-f1c19654fd05: receive RaftClientReply:client-8B023739F3BF->b50d6464-f54a-40d1-9f81-f1c19654fd05@group-1F53027F28E3, cid=3312, SUCCESS, logIndex=4642, commits[b50d6464-f54a-40d1-9f81-f1c19654fd05:c4643]
2019-09-12 09:26:31,800 [grpc-default-executor-1] INFO  client.GrpcClientProtocolClient (GrpcClientProtocolClient.java:onNext(264)) - client-8B023739F3BF->b50d6464-f54a-40d1-9f81-f1c19654fd05: receive RaftClientReply:client-8B023739F3BF->b50d6464-f54a-40d1-9f81-f1c19654fd05@group-1F53027F28E3, cid=3313, SUCCESS, logIndex=4645, commits[b50d6464-f54a-40d1-9f81-f1c19654fd05:c4646]
2019-09-12 09:26:31,801 [grpc-default-executor-1] INFO  client.GrpcClientProtocolClient (GrpcClientProtocolClient.java:onNext(264)) - client-8B023739F3BF->b50d6464-f54a-40d1-9f81-f1c19654fd05: receive RaftClientReply:client-8B023739F3BF->b50d6464-f54a-40d1-9f81-f1c19654fd05@group-1F53027F28E3, cid=3314, SUCCESS, logIndex=4646, commits[b50d6464-f54a-40d1-9f81-f1c19654fd05:c4647]
2019-09-12 09:26:31,815 [SCMBlockDeletingService#1] DEBUG block.SCMBlockDeletingService (SCMBlockDeletingService.java:call(138)) - Running DeletedBlockTransactionScanner
2019-09-12 09:26:31,815 [SCMBlockDeletingService#1] DEBUG block.SCMBlockDeletingService (SCMBlockDeletingService.java:call(155)) - Scanned deleted blocks log and got 0 delTX to process.
2019-09-12 09:26:31,916 [SCMBlockDeletingService#1] DEBUG block.SCMBlockDeletingService (SCMBlockDeletingService.java:call(138)) - Running DeletedBlockTransactionScanner
2019-09-12 09:26:31,916 [SCMBlockDeletingService#1] DEBUG block.SCMBlockDeletingService (SCMBlockDeletingService.java:call(155)) - Scanned deleted blocks log and got 0 delTX to process.
2019-09-12 09:26:31,926 [grpc-default-executor-1] INFO  client.GrpcClientProtocolClient (GrpcClientProtocolClient.java:onNext(264)) - client-8B023739F3BF->b50d6464-f54a-40d1-9f81-f1c19654fd05: receive RaftClientReply:client-8B023739F3BF->b50d6464-f54a-40d1-9f81-f1c19654fd05@group-1F53027F28E3, cid=3315, SUCCESS, logIndex=4648, commits[b50d6464-f54a-40d1-9f81-f1c19654fd05:c4649]
2019-09-12 09:26:31,926 [grpc-default-executor-1] INFO  client.GrpcClientProtocolClient (GrpcClientProtocolClient.java:onNext(264)) - client-8B023739F3BF->b50d6464-f54a-40d1-9f81-f1c19654fd05: receive RaftClientReply:client-8B023739F3BF->b50d6464-f54a-40d1-9f81-f1c19654fd05@group-1F53027F28E3, cid=3316, SUCCESS, logIndex=4649, commits[b50d6464-f54a-40d1-9f81-f1c19654fd05:c4650]
2019-09-12 09:26:31,945 [grpc-default-executor-1] INFO  client.GrpcClientProtocolClient (GrpcClientProtocolClient.java:onNext(264)) - client-8B023739F3BF->b50d6464-f54a-40d1-9f81-f1c19654fd05: receive RaftClientReply:client-8B023739F3BF->b50d6464-f54a-40d1-9f81-f1c19654fd05@group-1F53027F28E3, cid=3317, SUCCESS, logIndex=4651, commits[b50d6464-f54a-40d1-9f81-f1c19654fd05:c4652]
2019-09-12 09:26:31,946 [grpc-default-executor-1] INFO  client.GrpcClientProtocolClient (GrpcClientProtocolClient.java:onNext(264)) - client-8B023739F3BF->b50d6464-f54a-40d1-9f81-f1c19654fd05: receive RaftClientReply:client-8B023739F3BF->b50d6464-f54a-40d1-9f81-f1c19654fd05@group-1F53027F28E3, cid=3318, SUCCESS, logIndex=4652, commits[b50d6464-f54a-40d1-9f81-f1c19654fd05:c4654]
2019-09-12 09:26:31,946 [grpc-default-executor-1] INFO  client.GrpcClientProtocolClient (GrpcClientProtocolClient.java:onNext(264)) - client-8B023739F3BF->b50d6464-f54a-40d1-9f81-f1c19654fd05: receive RaftClientReply:client-8B023739F3BF->b50d6464-f54a-40d1-9f81-f1c19654fd05@group-1F53027F28E3, cid=3319, SUCCESS, logIndex=4653, commits[b50d6464-f54a-40d1-9f81-f1c19654fd05:c4654]
2019-09-12 09:26:31,946 [grpc-default-executor-1] INFO  client.GrpcClientProtocolClient (GrpcClientProtocolClient.java:onNext(264)) - client-8B023739F3BF->b50d6464-f54a-40d1-9f81-f1c19654fd05: receive RaftClientReply:client-8B023739F3BF->b50d6464-f54a-40d1-9f81-f1c19654fd05@group-1F53027F28E3, cid=3320, SUCCESS, logIndex=4654, commits[b50d6464-f54a-40d1-9f81-f1c19654fd05:c4655]
2019-09-12 09:26:31,974 [grpc-default-executor-2] INFO  client.GrpcClientProtocolClient (GrpcClientProtocolClient.java:onNext(264)) - client-8B023739F3BF->b50d6464-f54a-40d1-9f81-f1c19654fd05: receive RaftClientReply:client-8B023739F3BF->b50d6464-f54a-40d1-9f81-f1c19654fd05@group-1F53027F28E3, cid=3321, SUCCESS, logIndex=4657, commits[b50d6464-f54a-40d1-9f81-f1c19654fd05:c4658]
2019-09-12 09:26:31,975 [grpc-default-executor-2] INFO  client.GrpcClientProtocolClient (GrpcClientProtocolClient.java:onNext(264)) - client-8B023739F3BF->b50d6464-f54a-40d1-9f81-f1c19654fd05: receive RaftClientReply:client-8B023739F3BF->b50d6464-f54a-40d1-9f81-f1c19654fd05@group-1F53027F28E3, cid=3322, SUCCESS, logIndex=4658, commits[b50d6464-f54a-40d1-9f81-f1c19654fd05:c4658]
2019-09-12 09:26:31,976 [grpc-default-executor-2] INFO  client.GrpcClientProtocolClient (GrpcClientProtocolClient.java:onNext(264)) - client-8B023739F3BF->b50d6464-f54a-40d1-9f81-f1c19654fd05: receive RaftClientReply:client-8B023739F3BF->b50d6464-f54a-40d1-9f81-f1c19654fd05@group-1F53027F28E3, cid=3323, SUCCESS, logIndex=4659, commits[b50d6464-f54a-40d1-9f81-f1c19654fd05:c4660]
2019-09-12 09:26:31,976 [grpc-default-executor-2] INFO  client.GrpcClientProtocolClient (GrpcClientProtocolClient.java:onNext(264)) - client-8B023739F3BF->b50d6464-f54a-40d1-9f81-f1c19654fd05: receive RaftClientReply:client-8B023739F3BF->b50d6464-f54a-40d1-9f81-f1c19654fd05@group-1F53027F28E3, cid=3324, SUCCESS, logIndex=4660, commits[b50d6464-f54a-40d1-9f81-f1c19654fd05:c4660]
2019-09-12 09:26:31,994 [grpc-default-executor-2] INFO  client.GrpcClientProtocolClient (GrpcClientProtocolClient.java:onNext(264)) - client-8B023739F3BF->b50d6464-f54a-40d1-9f81-f1c19654fd05: receive RaftClientReply:client-8B023739F3BF->b50d6464-f54a-40d1-9f81-f1c19654fd05@group-1F53027F28E3, cid=3325, SUCCESS, logIndex=4663, commits[b50d6464-f54a-40d1-9f81-f1c19654fd05:c4664]
2019-09-12 09:26:31,994 [grpc-default-executor-2] INFO  client.GrpcClientProtocolClient (GrpcClientProtocolClient.java:onNext(264)) - client-8B023739F3BF->b50d6464-f54a-40d1-9f81-f1c19654fd05: receive RaftClientReply:client-8B023739F3BF->b50d6464-f54a-40d1-9f81-f1c19654fd05@group-1F53027F28E3, cid=3326, SUCCESS, logIndex=4664, commits[b50d6464-f54a-40d1-9f81-f1c19654fd05:c4664]
2019-09-12 09:26:31,995 [grpc-default-executor-2] INFO  client.GrpcClientProtocolClient (GrpcClientProtocolClient.java:onNext(264)) - client-8B023739F3BF->b50d6464-f54a-40d1-9f81-f1c19654fd05: receive RaftClientReply:client-8B023739F3BF->b50d6464-f54a-40d1-9f81-f1c19654fd05@group-1F53027F28E3, cid=3327, SUCCESS, logIndex=4665, commits[b50d6464-f54a-40d1-9f81-f1c19654fd05:c4666]
2019-09-12 09:26:31,995 [grpc-default-executor-2] INFO  client.GrpcClientProtocolClient (GrpcClientProtocolClient.java:onNext(264)) - client-8B023739F3BF->b50d6464-f54a-40d1-9f81-f1c19654fd05: receive RaftClientReply:client-8B023739F3BF->b50d6464-f54a-40d1-9f81-f1c19654fd05@group-1F53027F28E3, cid=3328, SUCCESS, logIndex=4666, commits[b50d6464-f54a-40d1-9f81-f1c19654fd05:c4667]
2019-09-12 09:26:32,016 [SCMBlockDeletingService#1] DEBUG block.SCMBlockDeletingService (SCMBlockDeletingService.java:call(138)) - Running DeletedBlockTransactionScanner
2019-09-12 09:26:32,017 [SCMBlockDeletingService#1] DEBUG block.SCMBlockDeletingService (SCMBlockDeletingService.java:call(155)) - Scanned deleted blocks log and got 0 delTX to process.
2019-09-12 09:26:32,024 [grpc-default-executor-2] INFO  client.GrpcClientProtocolClient (GrpcClientProtocolClient.java:onNext(264)) - client-8B023739F3BF->b50d6464-f54a-40d1-9f81-f1c19654fd05: receive RaftClientReply:client-8B023739F3BF->b50d6464-f54a-40d1-9f81-f1c19654fd05@group-1F53027F28E3, cid=3329, SUCCESS, logIndex=4669, commits[b50d6464-f54a-40d1-9f81-f1c19654fd05:c4670]
2019-09-12 09:26:32,024 [grpc-default-executor-2] INFO  client.GrpcClientProtocolClient (GrpcClientProtocolClient.java:onNext(264)) - client-8B023739F3BF->b50d6464-f54a-40d1-9f81-f1c19654fd05: receive RaftClientReply:client-8B023739F3BF->b50d6464-f54a-40d1-9f81-f1c19654fd05@group-1F53027F28E3, cid=3330, SUCCESS, logIndex=4670, commits[b50d6464-f54a-40d1-9f81-f1c19654fd05:c4672]
2019-09-12 09:26:32,024 [grpc-default-executor-2] INFO  client.GrpcClientProtocolClient (GrpcClientProtocolClient.java:onNext(264)) - client-8B023739F3BF->b50d6464-f54a-40d1-9f81-f1c19654fd05: receive RaftClientReply:client-8B023739F3BF->b50d6464-f54a-40d1-9f81-f1c19654fd05@group-1F53027F28E3, cid=3331, SUCCESS, logIndex=4671, commits[b50d6464-f54a-40d1-9f81-f1c19654fd05:c4673]
2019-09-12 09:26:32,025 [grpc-default-executor-2] INFO  client.GrpcClientProtocolClient (GrpcClientProtocolClient.java:onNext(264)) - client-8B023739F3BF->b50d6464-f54a-40d1-9f81-f1c19654fd05: receive RaftClientReply:client-8B023739F3BF->b50d6464-f54a-40d1-9f81-f1c19654fd05@group-1F53027F28E3, cid=3332, SUCCESS, logIndex=4672, commits[b50d6464-f54a-40d1-9f81-f1c19654fd05:c4673]
2019-09-12 09:26:32,042 [grpc-default-executor-2] INFO  client.GrpcClientProtocolClient (GrpcClientProtocolClient.java:onNext(264)) - client-8B023739F3BF->b50d6464-f54a-40d1-9f81-f1c19654fd05: receive RaftClientReply:client-8B023739F3BF->b50d6464-f54a-40d1-9f81-f1c19654fd05@group-1F53027F28E3, cid=3333, SUCCESS, logIndex=4675, commits[b50d6464-f54a-40d1-9f81-f1c19654fd05:c4676]
2019-09-12 09:26:32,043 [grpc-default-executor-2] INFO  client.GrpcClientProtocolClient (GrpcClientProtocolClient.java:onNext(264)) - client-8B023739F3BF->b50d6464-f54a-40d1-9f81-f1c19654fd05: receive RaftClientReply:client-8B023739F3BF->b50d6464-f54a-40d1-9f81-f1c19654fd05@group-1F53027F28E3, cid=3334, SUCCESS, logIndex=4676, commits[b50d6464-f54a-40d1-9f81-f1c19654fd05:c4678]
2019-09-12 09:26:32,043 [grpc-default-executor-2] INFO  client.GrpcClientProtocolClient (GrpcClientProtocolClient.java:onNext(264)) - client-8B023739F3BF->b50d6464-f54a-40d1-9f81-f1c19654fd05: receive RaftClientReply:client-8B023739F3BF->b50d6464-f54a-40d1-9f81-f1c19654fd05@group-1F53027F28E3, cid=3335, SUCCESS, logIndex=4677, commits[b50d6464-f54a-40d1-9f81-f1c19654fd05:c4679]
2019-09-12 09:26:32,043 [grpc-default-executor-2] INFO  client.GrpcClientProtocolClient (GrpcClientProtocolClient.java:onNext(264)) - client-8B023739F3BF->b50d6464-f54a-40d1-9f81-f1c19654fd05: receive RaftClientReply:client-8B023739F3BF->b50d6464-f54a-40d1-9f81-f1c19654fd05@group-1F53027F28E3, cid=3336, SUCCESS, logIndex=4678, commits[b50d6464-f54a-40d1-9f81-f1c19654fd05:c4679]
2019-09-12 09:26:32,069 [grpc-default-executor-2] INFO  client.GrpcClientProtocolClient (GrpcClientProtocolClient.java:onNext(264)) - client-8B023739F3BF->b50d6464-f54a-40d1-9f81-f1c19654fd05: receive RaftClientReply:client-8B023739F3BF->b50d6464-f54a-40d1-9f81-f1c19654fd05@group-1F53027F28E3, cid=3337, SUCCESS, logIndex=4681, commits[b50d6464-f54a-40d1-9f81-f1c19654fd05:c4682]
2019-09-12 09:26:32,069 [grpc-default-executor-2] INFO  client.GrpcClientProtocolClient (GrpcClientProtocolClient.java:onNext(264)) - client-8B023739F3BF->b50d6464-f54a-40d1-9f81-f1c19654fd05: receive RaftClientReply:client-8B023739F3BF->b50d6464-f54a-40d1-9f81-f1c19654fd05@group-1F53027F28E3, cid=3338, SUCCESS, logIndex=4682, commits[b50d6464-f54a-40d1-9f81-f1c19654fd05:c4684]
2019-09-12 09:26:32,070 [grpc-default-executor-2] INFO  client.GrpcClientProtocolClient (GrpcClientProtocolClient.java:onNext(264)) - client-8B023739F3BF->b50d6464-f54a-40d1-9f81-f1c19654fd05: receive RaftClientReply:client-8B023739F3BF->b50d6464-f54a-40d1-9f81-f1c19654fd05@group-1F53027F28E3, cid=3339, SUCCESS, logIndex=4683, commits[b50d6464-f54a-40d1-9f81-f1c19654fd05:c4685]
2019-09-12 09:26:32,070 [grpc-default-executor-2] INFO  client.GrpcClientProtocolClient (GrpcClientProtocolClient.java:onNext(264)) - client-8B023739F3BF->b50d6464-f54a-40d1-9f81-f1c19654fd05: receive RaftClientReply:client-8B023739F3BF->b50d6464-f54a-40d1-9f81-f1c19654fd05@group-1F53027F28E3, cid=3340, SUCCESS, logIndex=4684, commits[b50d6464-f54a-40d1-9f81-f1c19654fd05:c4685]
2019-09-12 09:26:32,089 [grpc-default-executor-2] INFO  client.GrpcClientProtocolClient (GrpcClientProtocolClient.java:onNext(264)) - client-8B023739F3BF->b50d6464-f54a-40d1-9f81-f1c19654fd05: receive RaftClientReply:client-8B023739F3BF->b50d6464-f54a-40d1-9f81-f1c19654fd05@group-1F53027F28E3, cid=3341, SUCCESS, logIndex=4687, commits[b50d6464-f54a-40d1-9f81-f1c19654fd05:c4690]
2019-09-12 09:26:32,089 [grpc-default-executor-2] INFO  client.GrpcClientProtocolClient (GrpcClientProtocolClient.java:onNext(264)) - client-8B023739F3BF->b50d6464-f54a-40d1-9f81-f1c19654fd05: receive RaftClientReply:client-8B023739F3BF->b50d6464-f54a-40d1-9f81-f1c19654fd05@group-1F53027F28E3, cid=3342, SUCCESS, logIndex=4688, commits[b50d6464-f54a-40d1-9f81-f1c19654fd05:c4691]
2019-09-12 09:26:32,090 [grpc-default-executor-2] INFO  client.GrpcClientProtocolClient (GrpcClientProtocolClient.java:onNext(264)) - client-8B023739F3BF->b50d6464-f54a-40d1-9f81-f1c19654fd05: receive RaftClientReply:client-8B023739F3BF->b50d6464-f54a-40d1-9f81-f1c19654fd05@group-1F53027F28E3, cid=3343, SUCCESS, logIndex=4689, commits[b50d6464-f54a-40d1-9f81-f1c19654fd05:c4691]
2019-09-12 09:26:32,090 [grpc-default-executor-2] INFO  client.GrpcClientProtocolClient (GrpcClientProtocolClient.java:onNext(264)) - client-8B023739F3BF->b50d6464-f54a-40d1-9f81-f1c19654fd05: receive RaftClientReply:client-8B023739F3BF->b50d6464-f54a-40d1-9f81-f1c19654fd05@group-1F53027F28E3, cid=3344, SUCCESS, logIndex=4690, commits[b50d6464-f54a-40d1-9f81-f1c19654fd05:c4691]
2019-09-12 09:26:32,117 [grpc-default-executor-2] INFO  client.GrpcClientProtocolClient (GrpcClientProtocolClient.java:onNext(264)) - client-8B023739F3BF->b50d6464-f54a-40d1-9f81-f1c19654fd05: receive RaftClientReply:client-8B023739F3BF->b50d6464-f54a-40d1-9f81-f1c19654fd05@group-1F53027F28E3, cid=3345, SUCCESS, logIndex=4692, commits[b50d6464-f54a-40d1-9f81-f1c19654fd05:c4695]
2019-09-12 09:26:32,117 [SCMBlockDeletingService#1] DEBUG block.SCMBlockDeletingService (SCMBlockDeletingService.java:call(138)) - Running DeletedBlockTransactionScanner
2019-09-12 09:26:32,117 [SCMBlockDeletingService#1] DEBUG block.SCMBlockDeletingService (SCMBlockDeletingService.java:call(155)) - Scanned deleted blocks log and got 0 delTX to process.
2019-09-12 09:26:32,117 [grpc-default-executor-2] INFO  client.GrpcClientProtocolClient (GrpcClientProtocolClient.java:onNext(264)) - client-8B023739F3BF->b50d6464-f54a-40d1-9f81-f1c19654fd05: receive RaftClientReply:client-8B023739F3BF->b50d6464-f54a-40d1-9f81-f1c19654fd05@group-1F53027F28E3, cid=3346, SUCCESS, logIndex=4693, commits[b50d6464-f54a-40d1-9f81-f1c19654fd05:c4696]
2019-09-12 09:26:32,118 [grpc-default-executor-2] INFO  client.GrpcClientProtocolClient (GrpcClientProtocolClient.java:onNext(264)) - client-8B023739F3BF->b50d6464-f54a-40d1-9f81-f1c19654fd05: receive RaftClientReply:client-8B023739F3BF->b50d6464-f54a-40d1-9f81-f1c19654fd05@group-1F53027F28E3, cid=3347, SUCCESS, logIndex=4694, commits[b50d6464-f54a-40d1-9f81-f1c19654fd05:c4696]
2019-09-12 09:26:32,118 [grpc-default-executor-2] INFO  client.GrpcClientProtocolClient (GrpcClientProtocolClient.java:onNext(264)) - client-8B023739F3BF->b50d6464-f54a-40d1-9f81-f1c19654fd05: receive RaftClientReply:client-8B023739F3BF->b50d6464-f54a-40d1-9f81-f1c19654fd05@group-1F53027F28E3, cid=3348, SUCCESS, logIndex=4695, commits[b50d6464-f54a-40d1-9f81-f1c19654fd05:c4696]
2019-09-12 09:26:32,138 [grpc-default-executor-2] INFO  client.GrpcClientProtocolClient (GrpcClientProtocolClient.java:onNext(264)) - client-8B023739F3BF->b50d6464-f54a-40d1-9f81-f1c19654fd05: receive RaftClientReply:client-8B023739F3BF->b50d6464-f54a-40d1-9f81-f1c19654fd05@group-1F53027F28E3, cid=3349, SUCCESS, logIndex=4697, commits[b50d6464-f54a-40d1-9f81-f1c19654fd05:c4700]
2019-09-12 09:26:32,139 [grpc-default-executor-2] INFO  client.GrpcClientProtocolClient (GrpcClientProtocolClient.java:onNext(264)) - client-8B023739F3BF->b50d6464-f54a-40d1-9f81-f1c19654fd05: receive RaftClientReply:client-8B023739F3BF->b50d6464-f54a-40d1-9f81-f1c19654fd05@group-1F53027F28E3, cid=3350, SUCCESS, logIndex=4698, commits[b50d6464-f54a-40d1-9f81-f1c19654fd05:c4701]
2019-09-12 09:26:32,139 [grpc-default-executor-2] INFO  client.GrpcClientProtocolClient (GrpcClientProtocolClient.java:onNext(264)) - client-8B023739F3BF->b50d6464-f54a-40d1-9f81-f1c19654fd05: receive RaftClientReply:client-8B023739F3BF->b50d6464-f54a-40d1-9f81-f1c19654fd05@group-1F53027F28E3, cid=3351, SUCCESS, logIndex=4699, commits[b50d6464-f54a-40d1-9f81-f1c19654fd05:c4701]
2019-09-12 09:26:32,139 [grpc-default-executor-2] INFO  client.GrpcClientProtocolClient (GrpcClientProtocolClient.java:onNext(264)) - client-8B023739F3BF->b50d6464-f54a-40d1-9f81-f1c19654fd05: receive RaftClientReply:client-8B023739F3BF->b50d6464-f54a-40d1-9f81-f1c19654fd05@group-1F53027F28E3, cid=3352, SUCCESS, logIndex=4700, commits[b50d6464-f54a-40d1-9f81-f1c19654fd05:c4701]
2019-09-12 09:26:32,167 [grpc-default-executor-2] INFO  client.GrpcClientProtocolClient (GrpcClientProtocolClient.java:onNext(264)) - client-8B023739F3BF->b50d6464-f54a-40d1-9f81-f1c19654fd05: receive RaftClientReply:client-8B023739F3BF->b50d6464-f54a-40d1-9f81-f1c19654fd05@group-1F53027F28E3, cid=3353, SUCCESS, logIndex=4702, commits[b50d6464-f54a-40d1-9f81-f1c19654fd05:c4705]
2019-09-12 09:26:32,168 [grpc-default-executor-2] INFO  client.GrpcClientProtocolClient (GrpcClientProtocolClient.java:onNext(264)) - client-8B023739F3BF->b50d6464-f54a-40d1-9f81-f1c19654fd05: receive RaftClientReply:client-8B023739F3BF->b50d6464-f54a-40d1-9f81-f1c19654fd05@group-1F53027F28E3, cid=3354, SUCCESS, logIndex=4703, commits[b50d6464-f54a-40d1-9f81-f1c19654fd05:c4706]
2019-09-12 09:26:32,168 [grpc-default-executor-2] INFO  client.GrpcClientProtocolClient (GrpcClientProtocolClient.java:onNext(264)) - client-8B023739F3BF->b50d6464-f54a-40d1-9f81-f1c19654fd05: receive RaftClientReply:client-8B023739F3BF->b50d6464-f54a-40d1-9f81-f1c19654fd05@group-1F53027F28E3, cid=3355, SUCCESS, logIndex=4704, commits[b50d6464-f54a-40d1-9f81-f1c19654fd05:c4706]
2019-09-12 09:26:32,168 [grpc-default-executor-2] INFO  client.GrpcClientProtocolClient (GrpcClientProtocolClient.java:onNext(264)) - client-8B023739F3BF->b50d6464-f54a-40d1-9f81-f1c19654fd05: receive RaftClientReply:client-8B023739F3BF->b50d6464-f54a-40d1-9f81-f1c19654fd05@group-1F53027F28E3, cid=3356, SUCCESS, logIndex=4705, commits[b50d6464-f54a-40d1-9f81-f1c19654fd05:c4706]
2019-09-12 09:26:32,186 [grpc-default-executor-2] INFO  client.GrpcClientProtocolClient (GrpcClientProtocolClient.java:onNext(264)) - client-8B023739F3BF->b50d6464-f54a-40d1-9f81-f1c19654fd05: receive RaftClientReply:client-8B023739F3BF->b50d6464-f54a-40d1-9f81-f1c19654fd05@group-1F53027F28E3, cid=3357, SUCCESS, logIndex=4707, commits[b50d6464-f54a-40d1-9f81-f1c19654fd05:c4708]
2019-09-12 09:26:32,186 [grpc-default-executor-2] INFO  client.GrpcClientProtocolClient (GrpcClientProtocolClient.java:onNext(264)) - client-8B023739F3BF->b50d6464-f54a-40d1-9f81-f1c19654fd05: receive RaftClientReply:client-8B023739F3BF->b50d6464-f54a-40d1-9f81-f1c19654fd05@group-1F53027F28E3, cid=3358, SUCCESS, logIndex=4708, commits[b50d6464-f54a-40d1-9f81-f1c19654fd05:c4709]
2019-09-12 09:26:32,218 [SCMBlockDeletingService#1] DEBUG block.SCMBlockDeletingService (SCMBlockDeletingService.java:call(138)) - Running DeletedBlockTransactionScanner
2019-09-12 09:26:32,218 [SCMBlockDeletingService#1] DEBUG block.SCMBlockDeletingService (SCMBlockDeletingService.java:call(155)) - Scanned deleted blocks log and got 0 delTX to process.
2019-09-12 09:26:32,275 [grpc-default-executor-2] INFO  client.GrpcClientProtocolClient (GrpcClientProtocolClient.java:onNext(264)) - client-8B023739F3BF->b50d6464-f54a-40d1-9f81-f1c19654fd05: receive RaftClientReply:client-8B023739F3BF->b50d6464-f54a-40d1-9f81-f1c19654fd05@group-1F53027F28E3, cid=3359, SUCCESS, logIndex=4710, commits[b50d6464-f54a-40d1-9f81-f1c19654fd05:c4711]
2019-09-12 09:26:32,276 [grpc-default-executor-2] INFO  client.GrpcClientProtocolClient (GrpcClientProtocolClient.java:onNext(264)) - client-8B023739F3BF->b50d6464-f54a-40d1-9f81-f1c19654fd05: receive RaftClientReply:client-8B023739F3BF->b50d6464-f54a-40d1-9f81-f1c19654fd05@group-1F53027F28E3, cid=3360, SUCCESS, logIndex=4711, commits[b50d6464-f54a-40d1-9f81-f1c19654fd05:c4712]
2019-09-12 09:26:32,302 [grpc-default-executor-2] INFO  client.GrpcClientProtocolClient (GrpcClientProtocolClient.java:onNext(264)) - client-8B023739F3BF->b50d6464-f54a-40d1-9f81-f1c19654fd05: receive RaftClientReply:client-8B023739F3BF->b50d6464-f54a-40d1-9f81-f1c19654fd05@group-1F53027F28E3, cid=3361, SUCCESS, logIndex=4713, commits[b50d6464-f54a-40d1-9f81-f1c19654fd05:c4714]
2019-09-12 09:26:32,302 [grpc-default-executor-2] INFO  client.GrpcClientProtocolClient (GrpcClientProtocolClient.java:onNext(264)) - client-8B023739F3BF->b50d6464-f54a-40d1-9f81-f1c19654fd05: receive RaftClientReply:client-8B023739F3BF->b50d6464-f54a-40d1-9f81-f1c19654fd05@group-1F53027F28E3, cid=3362, SUCCESS, logIndex=4714, commits[b50d6464-f54a-40d1-9f81-f1c19654fd05:c4716]
2019-09-12 09:26:32,302 [grpc-default-executor-2] INFO  client.GrpcClientProtocolClient (GrpcClientProtocolClient.java:onNext(264)) - client-8B023739F3BF->b50d6464-f54a-40d1-9f81-f1c19654fd05: receive RaftClientReply:client-8B023739F3BF->b50d6464-f54a-40d1-9f81-f1c19654fd05@group-1F53027F28E3, cid=3363, SUCCESS, logIndex=4715, commits[b50d6464-f54a-40d1-9f81-f1c19654fd05:c4716]
2019-09-12 09:26:32,303 [grpc-default-executor-2] INFO  client.GrpcClientProtocolClient (GrpcClientProtocolClient.java:onNext(264)) - client-8B023739F3BF->b50d6464-f54a-40d1-9f81-f1c19654fd05: receive RaftClientReply:client-8B023739F3BF->b50d6464-f54a-40d1-9f81-f1c19654fd05@group-1F53027F28E3, cid=3364, SUCCESS, logIndex=4716, commits[b50d6464-f54a-40d1-9f81-f1c19654fd05:c4717]
2019-09-12 09:26:32,318 [SCMBlockDeletingService#1] DEBUG block.SCMBlockDeletingService (SCMBlockDeletingService.java:call(138)) - Running DeletedBlockTransactionScanner
2019-09-12 09:26:32,319 [SCMBlockDeletingService#1] DEBUG block.SCMBlockDeletingService (SCMBlockDeletingService.java:call(155)) - Scanned deleted blocks log and got 0 delTX to process.
2019-09-12 09:26:32,320 [grpc-default-executor-1] INFO  client.GrpcClientProtocolClient (GrpcClientProtocolClient.java:onNext(264)) - client-8B023739F3BF->b50d6464-f54a-40d1-9f81-f1c19654fd05: receive RaftClientReply:client-8B023739F3BF->b50d6464-f54a-40d1-9f81-f1c19654fd05@group-1F53027F28E3, cid=3365, SUCCESS, logIndex=4719, commits[b50d6464-f54a-40d1-9f81-f1c19654fd05:c4720]
2019-09-12 09:26:32,321 [grpc-default-executor-1] INFO  client.GrpcClientProtocolClient (GrpcClientProtocolClient.java:onNext(264)) - client-8B023739F3BF->b50d6464-f54a-40d1-9f81-f1c19654fd05: receive RaftClientReply:client-8B023739F3BF->b50d6464-f54a-40d1-9f81-f1c19654fd05@group-1F53027F28E3, cid=3366, SUCCESS, logIndex=4720, commits[b50d6464-f54a-40d1-9f81-f1c19654fd05:c4722]
2019-09-12 09:26:32,321 [grpc-default-executor-1] INFO  client.GrpcClientProtocolClient (GrpcClientProtocolClient.java:onNext(264)) - client-8B023739F3BF->b50d6464-f54a-40d1-9f81-f1c19654fd05: receive RaftClientReply:client-8B023739F3BF->b50d6464-f54a-40d1-9f81-f1c19654fd05@group-1F53027F28E3, cid=3367, SUCCESS, logIndex=4721, commits[b50d6464-f54a-40d1-9f81-f1c19654fd05:c4723]
2019-09-12 09:26:32,321 [grpc-default-executor-1] INFO  client.GrpcClientProtocolClient (GrpcClientProtocolClient.java:onNext(264)) - client-8B023739F3BF->b50d6464-f54a-40d1-9f81-f1c19654fd05: receive RaftClientReply:client-8B023739F3BF->b50d6464-f54a-40d1-9f81-f1c19654fd05@group-1F53027F28E3, cid=3368, SUCCESS, logIndex=4722, commits[b50d6464-f54a-40d1-9f81-f1c19654fd05:c4723]
2019-09-12 09:26:32,349 [grpc-default-executor-1] INFO  client.GrpcClientProtocolClient (GrpcClientProtocolClient.java:onNext(264)) - client-8B023739F3BF->b50d6464-f54a-40d1-9f81-f1c19654fd05: receive RaftClientReply:client-8B023739F3BF->b50d6464-f54a-40d1-9f81-f1c19654fd05@group-1F53027F28E3, cid=3369, SUCCESS, logIndex=4725, commits[b50d6464-f54a-40d1-9f81-f1c19654fd05:c4728]
2019-09-12 09:26:32,350 [grpc-default-executor-1] INFO  client.GrpcClientProtocolClient (GrpcClientProtocolClient.java:onNext(264)) - client-8B023739F3BF->b50d6464-f54a-40d1-9f81-f1c19654fd05: receive RaftClientReply:client-8B023739F3BF->b50d6464-f54a-40d1-9f81-f1c19654fd05@group-1F53027F28E3, cid=3370, SUCCESS, logIndex=4726, commits[b50d6464-f54a-40d1-9f81-f1c19654fd05:c4729]
2019-09-12 09:26:32,350 [grpc-default-executor-1] INFO  client.GrpcClientProtocolClient (GrpcClientProtocolClient.java:onNext(264)) - client-8B023739F3BF->b50d6464-f54a-40d1-9f81-f1c19654fd05: receive RaftClientReply:client-8B023739F3BF->b50d6464-f54a-40d1-9f81-f1c19654fd05@group-1F53027F28E3, cid=3371, SUCCESS, logIndex=4727, commits[b50d6464-f54a-40d1-9f81-f1c19654fd05:c4729]
2019-09-12 09:26:32,350 [grpc-default-executor-1] INFO  client.GrpcClientProtocolClient (GrpcClientProtocolClient.java:onNext(264)) - client-8B023739F3BF->b50d6464-f54a-40d1-9f81-f1c19654fd05: receive RaftClientReply:client-8B023739F3BF->b50d6464-f54a-40d1-9f81-f1c19654fd05@group-1F53027F28E3, cid=3372, SUCCESS, logIndex=4728, commits[b50d6464-f54a-40d1-9f81-f1c19654fd05:c4729]
2019-09-12 09:26:32,370 [grpc-default-executor-2] INFO  client.GrpcClientProtocolClient (GrpcClientProtocolClient.java:onNext(264)) - client-8B023739F3BF->b50d6464-f54a-40d1-9f81-f1c19654fd05: receive RaftClientReply:client-8B023739F3BF->b50d6464-f54a-40d1-9f81-f1c19654fd05@group-1F53027F28E3, cid=3373, SUCCESS, logIndex=4730, commits[b50d6464-f54a-40d1-9f81-f1c19654fd05:c4733]
2019-09-12 09:26:32,370 [grpc-default-executor-2] INFO  client.GrpcClientProtocolClient (GrpcClientProtocolClient.java:onNext(264)) - client-8B023739F3BF->b50d6464-f54a-40d1-9f81-f1c19654fd05: receive RaftClientReply:client-8B023739F3BF->b50d6464-f54a-40d1-9f81-f1c19654fd05@group-1F53027F28E3, cid=3374, SUCCESS, logIndex=4731, commits[b50d6464-f54a-40d1-9f81-f1c19654fd05:c4734]
2019-09-12 09:26:32,371 [grpc-default-executor-2] INFO  client.GrpcClientProtocolClient (GrpcClientProtocolClient.java:onNext(264)) - client-8B023739F3BF->b50d6464-f54a-40d1-9f81-f1c19654fd05: receive RaftClientReply:client-8B023739F3BF->b50d6464-f54a-40d1-9f81-f1c19654fd05@group-1F53027F28E3, cid=3375, SUCCESS, logIndex=4732, commits[b50d6464-f54a-40d1-9f81-f1c19654fd05:c4734]
2019-09-12 09:26:32,371 [grpc-default-executor-2] INFO  client.GrpcClientProtocolClient (GrpcClientProtocolClient.java:onNext(264)) - client-8B023739F3BF->b50d6464-f54a-40d1-9f81-f1c19654fd05: receive RaftClientReply:client-8B023739F3BF->b50d6464-f54a-40d1-9f81-f1c19654fd05@group-1F53027F28E3, cid=3376, SUCCESS, logIndex=4733, commits[b50d6464-f54a-40d1-9f81-f1c19654fd05:c4734]
2019-09-12 09:26:32,402 [grpc-default-executor-2] INFO  client.GrpcClientProtocolClient (GrpcClientProtocolClient.java:onNext(264)) - client-8B023739F3BF->b50d6464-f54a-40d1-9f81-f1c19654fd05: receive RaftClientReply:client-8B023739F3BF->b50d6464-f54a-40d1-9f81-f1c19654fd05@group-1F53027F28E3, cid=3377, SUCCESS, logIndex=4735, commits[b50d6464-f54a-40d1-9f81-f1c19654fd05:c4738]
2019-09-12 09:26:32,402 [grpc-default-executor-2] INFO  client.GrpcClientProtocolClient (GrpcClientProtocolClient.java:onNext(264)) - client-8B023739F3BF->b50d6464-f54a-40d1-9f81-f1c19654fd05: receive RaftClientReply:client-8B023739F3BF->b50d6464-f54a-40d1-9f81-f1c19654fd05@group-1F53027F28E3, cid=3378, SUCCESS, logIndex=4736, commits[b50d6464-f54a-40d1-9f81-f1c19654fd05:c4739]
2019-09-12 09:26:32,403 [grpc-default-executor-2] INFO  client.GrpcClientProtocolClient (GrpcClientProtocolClient.java:onNext(264)) - client-8B023739F3BF->b50d6464-f54a-40d1-9f81-f1c19654fd05: receive RaftClientReply:client-8B023739F3BF->b50d6464-f54a-40d1-9f81-f1c19654fd05@group-1F53027F28E3, cid=3379, SUCCESS, logIndex=4737, commits[b50d6464-f54a-40d1-9f81-f1c19654fd05:c4739]
2019-09-12 09:26:32,403 [grpc-default-executor-2] INFO  client.GrpcClientProtocolClient (GrpcClientProtocolClient.java:onNext(264)) - client-8B023739F3BF->b50d6464-f54a-40d1-9f81-f1c19654fd05: receive RaftClientReply:client-8B023739F3BF->b50d6464-f54a-40d1-9f81-f1c19654fd05@group-1F53027F28E3, cid=3380, SUCCESS, logIndex=4738, commits[b50d6464-f54a-40d1-9f81-f1c19654fd05:c4739]
2019-09-12 09:26:32,419 [SCMBlockDeletingService#1] DEBUG block.SCMBlockDeletingService (SCMBlockDeletingService.java:call(138)) - Running DeletedBlockTransactionScanner
2019-09-12 09:26:32,419 [SCMBlockDeletingService#1] DEBUG block.SCMBlockDeletingService (SCMBlockDeletingService.java:call(155)) - Scanned deleted blocks log and got 0 delTX to process.
2019-09-12 09:26:32,421 [grpc-default-executor-1] INFO  client.GrpcClientProtocolClient (GrpcClientProtocolClient.java:onNext(264)) - client-8B023739F3BF->b50d6464-f54a-40d1-9f81-f1c19654fd05: receive RaftClientReply:client-8B023739F3BF->b50d6464-f54a-40d1-9f81-f1c19654fd05@group-1F53027F28E3, cid=3381, SUCCESS, logIndex=4740, commits[b50d6464-f54a-40d1-9f81-f1c19654fd05:c4741]
2019-09-12 09:26:32,421 [grpc-default-executor-1] INFO  client.GrpcClientProtocolClient (GrpcClientProtocolClient.java:onNext(264)) - client-8B023739F3BF->b50d6464-f54a-40d1-9f81-f1c19654fd05: receive RaftClientReply:client-8B023739F3BF->b50d6464-f54a-40d1-9f81-f1c19654fd05@group-1F53027F28E3, cid=3382, SUCCESS, logIndex=4741, commits[b50d6464-f54a-40d1-9f81-f1c19654fd05:c4743]
2019-09-12 09:26:32,422 [grpc-default-executor-1] INFO  client.GrpcClientProtocolClient (GrpcClientProtocolClient.java:onNext(264)) - client-8B023739F3BF->b50d6464-f54a-40d1-9f81-f1c19654fd05: receive RaftClientReply:client-8B023739F3BF->b50d6464-f54a-40d1-9f81-f1c19654fd05@group-1F53027F28E3, cid=3383, SUCCESS, logIndex=4742, commits[b50d6464-f54a-40d1-9f81-f1c19654fd05:c4743]
2019-09-12 09:26:32,422 [grpc-default-executor-1] INFO  client.GrpcClientProtocolClient (GrpcClientProtocolClient.java:onNext(264)) - client-8B023739F3BF->b50d6464-f54a-40d1-9f81-f1c19654fd05: receive RaftClientReply:client-8B023739F3BF->b50d6464-f54a-40d1-9f81-f1c19654fd05@group-1F53027F28E3, cid=3384, SUCCESS, logIndex=4743, commits[b50d6464-f54a-40d1-9f81-f1c19654fd05:c4744]
2019-09-12 09:26:32,452 [grpc-default-executor-2] INFO  client.GrpcClientProtocolClient (GrpcClientProtocolClient.java:onNext(264)) - client-8B023739F3BF->b50d6464-f54a-40d1-9f81-f1c19654fd05: receive RaftClientReply:client-8B023739F3BF->b50d6464-f54a-40d1-9f81-f1c19654fd05@group-1F53027F28E3, cid=3385, SUCCESS, logIndex=4746, commits[b50d6464-f54a-40d1-9f81-f1c19654fd05:c4749]
2019-09-12 09:26:32,453 [grpc-default-executor-2] INFO  client.GrpcClientProtocolClient (GrpcClientProtocolClient.java:onNext(264)) - client-8B023739F3BF->b50d6464-f54a-40d1-9f81-f1c19654fd05: receive RaftClientReply:client-8B023739F3BF->b50d6464-f54a-40d1-9f81-f1c19654fd05@group-1F53027F28E3, cid=3386, SUCCESS, logIndex=4747, commits[b50d6464-f54a-40d1-9f81-f1c19654fd05:c4749]
2019-09-12 09:26:32,453 [grpc-default-executor-2] INFO  client.GrpcClientProtocolClient (GrpcClientProtocolClient.java:onNext(264)) - client-8B023739F3BF->b50d6464-f54a-40d1-9f81-f1c19654fd05: receive RaftClientReply:client-8B023739F3BF->b50d6464-f54a-40d1-9f81-f1c19654fd05@group-1F53027F28E3, cid=3387, SUCCESS, logIndex=4748, commits[b50d6464-f54a-40d1-9f81-f1c19654fd05:c4750]
2019-09-12 09:26:32,453 [grpc-default-executor-2] INFO  client.GrpcClientProtocolClient (GrpcClientProtocolClient.java:onNext(264)) - client-8B023739F3BF->b50d6464-f54a-40d1-9f81-f1c19654fd05: receive RaftClientReply:client-8B023739F3BF->b50d6464-f54a-40d1-9f81-f1c19654fd05@group-1F53027F28E3, cid=3388, SUCCESS, logIndex=4749, commits[b50d6464-f54a-40d1-9f81-f1c19654fd05:c4751]
2019-09-12 09:26:32,473 [grpc-default-executor-2] INFO  client.GrpcClientProtocolClient (GrpcClientProtocolClient.java:onNext(264)) - client-8B023739F3BF->b50d6464-f54a-40d1-9f81-f1c19654fd05: receive RaftClientReply:client-8B023739F3BF->b50d6464-f54a-40d1-9f81-f1c19654fd05@group-1F53027F28E3, cid=3389, SUCCESS, logIndex=4752, commits[b50d6464-f54a-40d1-9f81-f1c19654fd05:c4753]
2019-09-12 09:26:32,473 [grpc-default-executor-2] INFO  client.GrpcClientProtocolClient (GrpcClientProtocolClient.java:onNext(264)) - client-8B023739F3BF->b50d6464-f54a-40d1-9f81-f1c19654fd05: receive RaftClientReply:client-8B023739F3BF->b50d6464-f54a-40d1-9f81-f1c19654fd05@group-1F53027F28E3, cid=3390, SUCCESS, logIndex=4753, commits[b50d6464-f54a-40d1-9f81-f1c19654fd05:c4755]
2019-09-12 09:26:32,473 [grpc-default-executor-2] INFO  client.GrpcClientProtocolClient (GrpcClientProtocolClient.java:onNext(264)) - client-8B023739F3BF->b50d6464-f54a-40d1-9f81-f1c19654fd05: receive RaftClientReply:client-8B023739F3BF->b50d6464-f54a-40d1-9f81-f1c19654fd05@group-1F53027F28E3, cid=3391, SUCCESS, logIndex=4754, commits[b50d6464-f54a-40d1-9f81-f1c19654fd05:c4756]
2019-09-12 09:26:32,474 [grpc-default-executor-2] INFO  client.GrpcClientProtocolClient (GrpcClientProtocolClient.java:onNext(264)) - client-8B023739F3BF->b50d6464-f54a-40d1-9f81-f1c19654fd05: receive RaftClientReply:client-8B023739F3BF->b50d6464-f54a-40d1-9f81-f1c19654fd05@group-1F53027F28E3, cid=3392, SUCCESS, logIndex=4755, commits[b50d6464-f54a-40d1-9f81-f1c19654fd05:c4756]
2019-09-12 09:26:32,502 [grpc-default-executor-2] INFO  client.GrpcClientProtocolClient (GrpcClientProtocolClient.java:onNext(264)) - client-8B023739F3BF->b50d6464-f54a-40d1-9f81-f1c19654fd05: receive RaftClientReply:client-8B023739F3BF->b50d6464-f54a-40d1-9f81-f1c19654fd05@group-1F53027F28E3, cid=3393, SUCCESS, logIndex=4758, commits[b50d6464-f54a-40d1-9f81-f1c19654fd05:c4759]
2019-09-12 09:26:32,503 [grpc-default-executor-2] INFO  client.GrpcClientProtocolClient (GrpcClientProtocolClient.java:onNext(264)) - client-8B023739F3BF->b50d6464-f54a-40d1-9f81-f1c19654fd05: receive RaftClientReply:client-8B023739F3BF->b50d6464-f54a-40d1-9f81-f1c19654fd05@group-1F53027F28E3, cid=3394, SUCCESS, logIndex=4759, commits[b50d6464-f54a-40d1-9f81-f1c19654fd05:c4761]
2019-09-12 09:26:32,503 [grpc-default-executor-2] INFO  client.GrpcClientProtocolClient (GrpcClientProtocolClient.java:onNext(264)) - client-8B023739F3BF->b50d6464-f54a-40d1-9f81-f1c19654fd05: receive RaftClientReply:client-8B023739F3BF->b50d6464-f54a-40d1-9f81-f1c19654fd05@group-1F53027F28E3, cid=3395, SUCCESS, logIndex=4760, commits[b50d6464-f54a-40d1-9f81-f1c19654fd05:c4761]
2019-09-12 09:26:32,503 [grpc-default-executor-2] INFO  client.GrpcClientProtocolClient (GrpcClientProtocolClient.java:onNext(264)) - client-8B023739F3BF->b50d6464-f54a-40d1-9f81-f1c19654fd05: receive RaftClientReply:client-8B023739F3BF->b50d6464-f54a-40d1-9f81-f1c19654fd05@group-1F53027F28E3, cid=3396, SUCCESS, logIndex=4761, commits[b50d6464-f54a-40d1-9f81-f1c19654fd05:c4762]
2019-09-12 09:26:32,519 [SCMBlockDeletingService#1] DEBUG block.SCMBlockDeletingService (SCMBlockDeletingService.java:call(138)) - Running DeletedBlockTransactionScanner
2019-09-12 09:26:32,520 [SCMBlockDeletingService#1] DEBUG block.SCMBlockDeletingService (SCMBlockDeletingService.java:call(155)) - Scanned deleted blocks log and got 0 delTX to process.
2019-09-12 09:26:32,521 [grpc-default-executor-1] INFO  client.GrpcClientProtocolClient (GrpcClientProtocolClient.java:onNext(264)) - client-8B023739F3BF->b50d6464-f54a-40d1-9f81-f1c19654fd05: receive RaftClientReply:client-8B023739F3BF->b50d6464-f54a-40d1-9f81-f1c19654fd05@group-1F53027F28E3, cid=3397, SUCCESS, logIndex=4764, commits[b50d6464-f54a-40d1-9f81-f1c19654fd05:c4767]
2019-09-12 09:26:32,521 [grpc-default-executor-1] INFO  client.GrpcClientProtocolClient (GrpcClientProtocolClient.java:onNext(264)) - client-8B023739F3BF->b50d6464-f54a-40d1-9f81-f1c19654fd05: receive RaftClientReply:client-8B023739F3BF->b50d6464-f54a-40d1-9f81-f1c19654fd05@group-1F53027F28E3, cid=3398, SUCCESS, logIndex=4765, commits[b50d6464-f54a-40d1-9f81-f1c19654fd05:c4767]
2019-09-12 09:26:32,522 [grpc-default-executor-1] INFO  client.GrpcClientProtocolClient (GrpcClientProtocolClient.java:onNext(264)) - client-8B023739F3BF->b50d6464-f54a-40d1-9f81-f1c19654fd05: receive RaftClientReply:client-8B023739F3BF->b50d6464-f54a-40d1-9f81-f1c19654fd05@group-1F53027F28E3, cid=3399, SUCCESS, logIndex=4766, commits[b50d6464-f54a-40d1-9f81-f1c19654fd05:c4768]
2019-09-12 09:26:32,522 [grpc-default-executor-1] INFO  client.GrpcClientProtocolClient (GrpcClientProtocolClient.java:onNext(264)) - client-8B023739F3BF->b50d6464-f54a-40d1-9f81-f1c19654fd05: receive RaftClientReply:client-8B023739F3BF->b50d6464-f54a-40d1-9f81-f1c19654fd05@group-1F53027F28E3, cid=3400, SUCCESS, logIndex=4767, commits[b50d6464-f54a-40d1-9f81-f1c19654fd05:c4768]
2019-09-12 09:26:32,623 [SCMBlockDeletingService#1] DEBUG block.SCMBlockDeletingService (SCMBlockDeletingService.java:call(138)) - Running DeletedBlockTransactionScanner
2019-09-12 09:26:32,623 [SCMBlockDeletingService#1] DEBUG block.SCMBlockDeletingService (SCMBlockDeletingService.java:call(155)) - Scanned deleted blocks log and got 0 delTX to process.
2019-09-12 09:26:32,642 [grpc-default-executor-2] INFO  client.GrpcClientProtocolClient (GrpcClientProtocolClient.java:onNext(264)) - client-8B023739F3BF->b50d6464-f54a-40d1-9f81-f1c19654fd05: receive RaftClientReply:client-8B023739F3BF->b50d6464-f54a-40d1-9f81-f1c19654fd05@group-1F53027F28E3, cid=3401, SUCCESS, logIndex=4770, commits[b50d6464-f54a-40d1-9f81-f1c19654fd05:c4771]
2019-09-12 09:26:32,643 [grpc-default-executor-2] INFO  client.GrpcClientProtocolClient (GrpcClientProtocolClient.java:onNext(264)) - client-8B023739F3BF->b50d6464-f54a-40d1-9f81-f1c19654fd05: receive RaftClientReply:client-8B023739F3BF->b50d6464-f54a-40d1-9f81-f1c19654fd05@group-1F53027F28E3, cid=3402, SUCCESS, logIndex=4771, commits[b50d6464-f54a-40d1-9f81-f1c19654fd05:c4772]
2019-09-12 09:26:32,723 [SCMBlockDeletingService#1] DEBUG block.SCMBlockDeletingService (SCMBlockDeletingService.java:call(138)) - Running DeletedBlockTransactionScanner
2019-09-12 09:26:32,724 [SCMBlockDeletingService#1] DEBUG block.SCMBlockDeletingService (SCMBlockDeletingService.java:call(155)) - Scanned deleted blocks log and got 0 delTX to process.
2019-09-12 09:26:32,770 [grpc-default-executor-1] INFO  client.GrpcClientProtocolClient (GrpcClientProtocolClient.java:onNext(264)) - client-8B023739F3BF->b50d6464-f54a-40d1-9f81-f1c19654fd05: receive RaftClientReply:client-8B023739F3BF->b50d6464-f54a-40d1-9f81-f1c19654fd05@group-1F53027F28E3, cid=3403, SUCCESS, logIndex=4773, commits[b50d6464-f54a-40d1-9f81-f1c19654fd05:c4774]
2019-09-12 09:26:32,771 [grpc-default-executor-1] INFO  client.GrpcClientProtocolClient (GrpcClientProtocolClient.java:onNext(264)) - client-8B023739F3BF->b50d6464-f54a-40d1-9f81-f1c19654fd05: receive RaftClientReply:client-8B023739F3BF->b50d6464-f54a-40d1-9f81-f1c19654fd05@group-1F53027F28E3, cid=3404, SUCCESS, logIndex=4774, commits[b50d6464-f54a-40d1-9f81-f1c19654fd05:c4775]
2019-09-12 09:26:32,790 [grpc-default-executor-1] INFO  client.GrpcClientProtocolClient (GrpcClientProtocolClient.java:onNext(264)) - client-8B023739F3BF->b50d6464-f54a-40d1-9f81-f1c19654fd05: receive RaftClientReply:client-8B023739F3BF->b50d6464-f54a-40d1-9f81-f1c19654fd05@group-1F53027F28E3, cid=3405, SUCCESS, logIndex=4776, commits[b50d6464-f54a-40d1-9f81-f1c19654fd05:c4777]
2019-09-12 09:26:32,790 [grpc-default-executor-1] INFO  client.GrpcClientProtocolClient (GrpcClientProtocolClient.java:onNext(264)) - client-8B023739F3BF->b50d6464-f54a-40d1-9f81-f1c19654fd05: receive RaftClientReply:client-8B023739F3BF->b50d6464-f54a-40d1-9f81-f1c19654fd05@group-1F53027F28E3, cid=3406, SUCCESS, logIndex=4777, commits[b50d6464-f54a-40d1-9f81-f1c19654fd05:c4779]
2019-09-12 09:26:32,791 [grpc-default-executor-1] INFO  client.GrpcClientProtocolClient (GrpcClientProtocolClient.java:onNext(264)) - client-8B023739F3BF->b50d6464-f54a-40d1-9f81-f1c19654fd05: receive RaftClientReply:client-8B023739F3BF->b50d6464-f54a-40d1-9f81-f1c19654fd05@group-1F53027F28E3, cid=3407, SUCCESS, logIndex=4778, commits[b50d6464-f54a-40d1-9f81-f1c19654fd05:c4779]
2019-09-12 09:26:32,791 [grpc-default-executor-1] INFO  client.GrpcClientProtocolClient (GrpcClientProtocolClient.java:onNext(264)) - client-8B023739F3BF->b50d6464-f54a-40d1-9f81-f1c19654fd05: receive RaftClientReply:client-8B023739F3BF->b50d6464-f54a-40d1-9f81-f1c19654fd05@group-1F53027F28E3, cid=3408, SUCCESS, logIndex=4779, commits[b50d6464-f54a-40d1-9f81-f1c19654fd05:c4780]
2019-09-12 09:26:32,820 [grpc-default-executor-1] INFO  client.GrpcClientProtocolClient (GrpcClientProtocolClient.java:onNext(264)) - client-8B023739F3BF->b50d6464-f54a-40d1-9f81-f1c19654fd05: receive RaftClientReply:client-8B023739F3BF->b50d6464-f54a-40d1-9f81-f1c19654fd05@group-1F53027F28E3, cid=3409, SUCCESS, logIndex=4782, commits[b50d6464-f54a-40d1-9f81-f1c19654fd05:c4783]
2019-09-12 09:26:32,821 [grpc-default-executor-1] INFO  client.GrpcClientProtocolClient (GrpcClientProtocolClient.java:onNext(264)) - client-8B023739F3BF->b50d6464-f54a-40d1-9f81-f1c19654fd05: receive RaftClientReply:client-8B023739F3BF->b50d6464-f54a-40d1-9f81-f1c19654fd05@group-1F53027F28E3, cid=3410, SUCCESS, logIndex=4783, commits[b50d6464-f54a-40d1-9f81-f1c19654fd05:c4785]
2019-09-12 09:26:32,821 [grpc-default-executor-1] INFO  client.GrpcClientProtocolClient (GrpcClientProtocolClient.java:onNext(264)) - client-8B023739F3BF->b50d6464-f54a-40d1-9f81-f1c19654fd05: receive RaftClientReply:client-8B023739F3BF->b50d6464-f54a-40d1-9f81-f1c19654fd05@group-1F53027F28E3, cid=3411, SUCCESS, logIndex=4784, commits[b50d6464-f54a-40d1-9f81-f1c19654fd05:c4786]
2019-09-12 09:26:32,822 [grpc-default-executor-1] INFO  client.GrpcClientProtocolClient (GrpcClientProtocolClient.java:onNext(264)) - client-8B023739F3BF->b50d6464-f54a-40d1-9f81-f1c19654fd05: receive RaftClientReply:client-8B023739F3BF->b50d6464-f54a-40d1-9f81-f1c19654fd05@group-1F53027F28E3, cid=3412, SUCCESS, logIndex=4785, commits[b50d6464-f54a-40d1-9f81-f1c19654fd05:c4787]
2019-09-12 09:26:32,824 [SCMBlockDeletingService#1] DEBUG block.SCMBlockDeletingService (SCMBlockDeletingService.java:call(138)) - Running DeletedBlockTransactionScanner
2019-09-12 09:26:32,824 [SCMBlockDeletingService#1] DEBUG block.SCMBlockDeletingService (SCMBlockDeletingService.java:call(155)) - Scanned deleted blocks log and got 0 delTX to process.
2019-09-12 09:26:32,840 [grpc-default-executor-1] INFO  client.GrpcClientProtocolClient (GrpcClientProtocolClient.java:onNext(264)) - client-8B023739F3BF->b50d6464-f54a-40d1-9f81-f1c19654fd05: receive RaftClientReply:client-8B023739F3BF->b50d6464-f54a-40d1-9f81-f1c19654fd05@group-1F53027F28E3, cid=3413, SUCCESS, logIndex=4788, commits[b50d6464-f54a-40d1-9f81-f1c19654fd05:c4789]
2019-09-12 09:26:32,840 [grpc-default-executor-1] INFO  client.GrpcClientProtocolClient (GrpcClientProtocolClient.java:onNext(264)) - client-8B023739F3BF->b50d6464-f54a-40d1-9f81-f1c19654fd05: receive RaftClientReply:client-8B023739F3BF->b50d6464-f54a-40d1-9f81-f1c19654fd05@group-1F53027F28E3, cid=3414, SUCCESS, logIndex=4789, commits[b50d6464-f54a-40d1-9f81-f1c19654fd05:c4791]
2019-09-12 09:26:32,840 [grpc-default-executor-1] INFO  client.GrpcClientProtocolClient (GrpcClientProtocolClient.java:onNext(264)) - client-8B023739F3BF->b50d6464-f54a-40d1-9f81-f1c19654fd05: receive RaftClientReply:client-8B023739F3BF->b50d6464-f54a-40d1-9f81-f1c19654fd05@group-1F53027F28E3, cid=3415, SUCCESS, logIndex=4790, commits[b50d6464-f54a-40d1-9f81-f1c19654fd05:c4792]
2019-09-12 09:26:32,841 [grpc-default-executor-1] INFO  client.GrpcClientProtocolClient (GrpcClientProtocolClient.java:onNext(264)) - client-8B023739F3BF->b50d6464-f54a-40d1-9f81-f1c19654fd05: receive RaftClientReply:client-8B023739F3BF->b50d6464-f54a-40d1-9f81-f1c19654fd05@group-1F53027F28E3, cid=3416, SUCCESS, logIndex=4791, commits[b50d6464-f54a-40d1-9f81-f1c19654fd05:c4792]
2019-09-12 09:26:32,869 [grpc-default-executor-2] INFO  client.GrpcClientProtocolClient (GrpcClientProtocolClient.java:onNext(264)) - client-8B023739F3BF->b50d6464-f54a-40d1-9f81-f1c19654fd05: receive RaftClientReply:client-8B023739F3BF->b50d6464-f54a-40d1-9f81-f1c19654fd05@group-1F53027F28E3, cid=3417, SUCCESS, logIndex=4794, commits[b50d6464-f54a-40d1-9f81-f1c19654fd05:c4795]
2019-09-12 09:26:32,870 [grpc-default-executor-2] INFO  client.GrpcClientProtocolClient (GrpcClientProtocolClient.java:onNext(264)) - client-8B023739F3BF->b50d6464-f54a-40d1-9f81-f1c19654fd05: receive RaftClientReply:client-8B023739F3BF->b50d6464-f54a-40d1-9f81-f1c19654fd05@group-1F53027F28E3, cid=3418, SUCCESS, logIndex=4795, commits[b50d6464-f54a-40d1-9f81-f1c19654fd05:c4795]
2019-09-12 09:26:32,872 [grpc-default-executor-2] INFO  client.GrpcClientProtocolClient (GrpcClientProtocolClient.java:onNext(264)) - client-8B023739F3BF->b50d6464-f54a-40d1-9f81-f1c19654fd05: receive RaftClientReply:client-8B023739F3BF->b50d6464-f54a-40d1-9f81-f1c19654fd05@group-1F53027F28E3, cid=3419, SUCCESS, logIndex=4796, commits[b50d6464-f54a-40d1-9f81-f1c19654fd05:c4798]
2019-09-12 09:26:32,873 [grpc-default-executor-2] INFO  client.GrpcClientProtocolClient (GrpcClientProtocolClient.java:onNext(264)) - client-8B023739F3BF->b50d6464-f54a-40d1-9f81-f1c19654fd05: receive RaftClientReply:client-8B023739F3BF->b50d6464-f54a-40d1-9f81-f1c19654fd05@group-1F53027F28E3, cid=3420, SUCCESS, logIndex=4797, commits[b50d6464-f54a-40d1-9f81-f1c19654fd05:c4798]
2019-09-12 09:26:32,892 [grpc-default-executor-2] INFO  client.GrpcClientProtocolClient (GrpcClientProtocolClient.java:onNext(264)) - client-8B023739F3BF->b50d6464-f54a-40d1-9f81-f1c19654fd05: receive RaftClientReply:client-8B023739F3BF->b50d6464-f54a-40d1-9f81-f1c19654fd05@group-1F53027F28E3, cid=3421, SUCCESS, logIndex=4799, commits[b50d6464-f54a-40d1-9f81-f1c19654fd05:c4802]
2019-09-12 09:26:32,892 [grpc-default-executor-2] INFO  client.GrpcClientProtocolClient (GrpcClientProtocolClient.java:onNext(264)) - client-8B023739F3BF->b50d6464-f54a-40d1-9f81-f1c19654fd05: receive RaftClientReply:client-8B023739F3BF->b50d6464-f54a-40d1-9f81-f1c19654fd05@group-1F53027F28E3, cid=3422, SUCCESS, logIndex=4800, commits[b50d6464-f54a-40d1-9f81-f1c19654fd05:c4802]
2019-09-12 09:26:32,893 [grpc-default-executor-2] INFO  client.GrpcClientProtocolClient (GrpcClientProtocolClient.java:onNext(264)) - client-8B023739F3BF->b50d6464-f54a-40d1-9f81-f1c19654fd05: receive RaftClientReply:client-8B023739F3BF->b50d6464-f54a-40d1-9f81-f1c19654fd05@group-1F53027F28E3, cid=3423, SUCCESS, logIndex=4801, commits[b50d6464-f54a-40d1-9f81-f1c19654fd05:c4803]
2019-09-12 09:26:32,893 [grpc-default-executor-2] INFO  client.GrpcClientProtocolClient (GrpcClientProtocolClient.java:onNext(264)) - client-8B023739F3BF->b50d6464-f54a-40d1-9f81-f1c19654fd05: receive RaftClientReply:client-8B023739F3BF->b50d6464-f54a-40d1-9f81-f1c19654fd05@group-1F53027F28E3, cid=3424, SUCCESS, logIndex=4802, commits[b50d6464-f54a-40d1-9f81-f1c19654fd05:c4803]
2019-09-12 09:26:32,925 [SCMBlockDeletingService#1] DEBUG block.SCMBlockDeletingService (SCMBlockDeletingService.java:call(138)) - Running DeletedBlockTransactionScanner
2019-09-12 09:26:32,925 [SCMBlockDeletingService#1] DEBUG block.SCMBlockDeletingService (SCMBlockDeletingService.java:call(155)) - Scanned deleted blocks log and got 0 delTX to process.
2019-09-12 09:26:32,934 [grpc-default-executor-2] INFO  client.GrpcClientProtocolClient (GrpcClientProtocolClient.java:onNext(264)) - client-8B023739F3BF->b50d6464-f54a-40d1-9f81-f1c19654fd05: receive RaftClientReply:client-8B023739F3BF->b50d6464-f54a-40d1-9f81-f1c19654fd05@group-1F53027F28E3, cid=3425, SUCCESS, logIndex=4804, commits[b50d6464-f54a-40d1-9f81-f1c19654fd05:c4807]
2019-09-12 09:26:32,935 [grpc-default-executor-2] INFO  client.GrpcClientProtocolClient (GrpcClientProtocolClient.java:onNext(264)) - client-8B023739F3BF->b50d6464-f54a-40d1-9f81-f1c19654fd05: receive RaftClientReply:client-8B023739F3BF->b50d6464-f54a-40d1-9f81-f1c19654fd05@group-1F53027F28E3, cid=3426, SUCCESS, logIndex=4805, commits[b50d6464-f54a-40d1-9f81-f1c19654fd05:c4808]
2019-09-12 09:26:32,935 [grpc-default-executor-2] INFO  client.GrpcClientProtocolClient (GrpcClientProtocolClient.java:onNext(264)) - client-8B023739F3BF->b50d6464-f54a-40d1-9f81-f1c19654fd05: receive RaftClientReply:client-8B023739F3BF->b50d6464-f54a-40d1-9f81-f1c19654fd05@group-1F53027F28E3, cid=3427, SUCCESS, logIndex=4806, commits[b50d6464-f54a-40d1-9f81-f1c19654fd05:c4808]
2019-09-12 09:26:32,935 [grpc-default-executor-2] INFO  client.GrpcClientProtocolClient (GrpcClientProtocolClient.java:onNext(264)) - client-8B023739F3BF->b50d6464-f54a-40d1-9f81-f1c19654fd05: receive RaftClientReply:client-8B023739F3BF->b50d6464-f54a-40d1-9f81-f1c19654fd05@group-1F53027F28E3, cid=3428, SUCCESS, logIndex=4807, commits[b50d6464-f54a-40d1-9f81-f1c19654fd05:c4808]
2019-09-12 09:26:32,953 [grpc-default-executor-2] INFO  client.GrpcClientProtocolClient (GrpcClientProtocolClient.java:onNext(264)) - client-8B023739F3BF->b50d6464-f54a-40d1-9f81-f1c19654fd05: receive RaftClientReply:client-8B023739F3BF->b50d6464-f54a-40d1-9f81-f1c19654fd05@group-1F53027F28E3, cid=3429, SUCCESS, logIndex=4809, commits[b50d6464-f54a-40d1-9f81-f1c19654fd05:c4810]
2019-09-12 09:26:32,953 [grpc-default-executor-2] INFO  client.GrpcClientProtocolClient (GrpcClientProtocolClient.java:onNext(264)) - client-8B023739F3BF->b50d6464-f54a-40d1-9f81-f1c19654fd05: receive RaftClientReply:client-8B023739F3BF->b50d6464-f54a-40d1-9f81-f1c19654fd05@group-1F53027F28E3, cid=3430, SUCCESS, logIndex=4810, commits[b50d6464-f54a-40d1-9f81-f1c19654fd05:c4812]
2019-09-12 09:26:32,954 [grpc-default-executor-2] INFO  client.GrpcClientProtocolClient (GrpcClientProtocolClient.java:onNext(264)) - client-8B023739F3BF->b50d6464-f54a-40d1-9f81-f1c19654fd05: receive RaftClientReply:client-8B023739F3BF->b50d6464-f54a-40d1-9f81-f1c19654fd05@group-1F53027F28E3, cid=3431, SUCCESS, logIndex=4811, commits[b50d6464-f54a-40d1-9f81-f1c19654fd05:c4812]
2019-09-12 09:26:32,954 [grpc-default-executor-2] INFO  client.GrpcClientProtocolClient (GrpcClientProtocolClient.java:onNext(264)) - client-8B023739F3BF->b50d6464-f54a-40d1-9f81-f1c19654fd05: receive RaftClientReply:client-8B023739F3BF->b50d6464-f54a-40d1-9f81-f1c19654fd05@group-1F53027F28E3, cid=3432, SUCCESS, logIndex=4812, commits[b50d6464-f54a-40d1-9f81-f1c19654fd05:c4813]
2019-09-12 09:26:32,980 [grpc-default-executor-1] INFO  client.GrpcClientProtocolClient (GrpcClientProtocolClient.java:onNext(264)) - client-8B023739F3BF->b50d6464-f54a-40d1-9f81-f1c19654fd05: receive RaftClientReply:client-8B023739F3BF->b50d6464-f54a-40d1-9f81-f1c19654fd05@group-1F53027F28E3, cid=3433, SUCCESS, logIndex=4815, commits[b50d6464-f54a-40d1-9f81-f1c19654fd05:c4816]
2019-09-12 09:26:32,980 [grpc-default-executor-1] INFO  client.GrpcClientProtocolClient (GrpcClientProtocolClient.java:onNext(264)) - client-8B023739F3BF->b50d6464-f54a-40d1-9f81-f1c19654fd05: receive RaftClientReply:client-8B023739F3BF->b50d6464-f54a-40d1-9f81-f1c19654fd05@group-1F53027F28E3, cid=3434, SUCCESS, logIndex=4816, commits[b50d6464-f54a-40d1-9f81-f1c19654fd05:c4818]
2019-09-12 09:26:32,981 [grpc-default-executor-1] INFO  client.GrpcClientProtocolClient (GrpcClientProtocolClient.java:onNext(264)) - client-8B023739F3BF->b50d6464-f54a-40d1-9f81-f1c19654fd05: receive RaftClientReply:client-8B023739F3BF->b50d6464-f54a-40d1-9f81-f1c19654fd05@group-1F53027F28E3, cid=3435, SUCCESS, logIndex=4817, commits[b50d6464-f54a-40d1-9f81-f1c19654fd05:c4819]
2019-09-12 09:26:32,981 [grpc-default-executor-1] INFO  client.GrpcClientProtocolClient (GrpcClientProtocolClient.java:onNext(264)) - client-8B023739F3BF->b50d6464-f54a-40d1-9f81-f1c19654fd05: receive RaftClientReply:client-8B023739F3BF->b50d6464-f54a-40d1-9f81-f1c19654fd05@group-1F53027F28E3, cid=3436, SUCCESS, logIndex=4818, commits[b50d6464-f54a-40d1-9f81-f1c19654fd05:c4819]
2019-09-12 09:26:33,000 [grpc-default-executor-1] INFO  client.GrpcClientProtocolClient (GrpcClientProtocolClient.java:onNext(264)) - client-8B023739F3BF->b50d6464-f54a-40d1-9f81-f1c19654fd05: receive RaftClientReply:client-8B023739F3BF->b50d6464-f54a-40d1-9f81-f1c19654fd05@group-1F53027F28E3, cid=3437, SUCCESS, logIndex=4821, commits[b50d6464-f54a-40d1-9f81-f1c19654fd05:c4822]
2019-09-12 09:26:33,000 [grpc-default-executor-1] INFO  client.GrpcClientProtocolClient (GrpcClientProtocolClient.java:onNext(264)) - client-8B023739F3BF->b50d6464-f54a-40d1-9f81-f1c19654fd05: receive RaftClientReply:client-8B023739F3BF->b50d6464-f54a-40d1-9f81-f1c19654fd05@group-1F53027F28E3, cid=3438, SUCCESS, logIndex=4822, commits[b50d6464-f54a-40d1-9f81-f1c19654fd05:c4824]
2019-09-12 09:26:33,001 [grpc-default-executor-1] INFO  client.GrpcClientProtocolClient (GrpcClientProtocolClient.java:onNext(264)) - client-8B023739F3BF->b50d6464-f54a-40d1-9f81-f1c19654fd05: receive RaftClientReply:client-8B023739F3BF->b50d6464-f54a-40d1-9f81-f1c19654fd05@group-1F53027F28E3, cid=3439, SUCCESS, logIndex=4823, commits[b50d6464-f54a-40d1-9f81-f1c19654fd05:c4824]
2019-09-12 09:26:33,001 [grpc-default-executor-1] INFO  client.GrpcClientProtocolClient (GrpcClientProtocolClient.java:onNext(264)) - client-8B023739F3BF->b50d6464-f54a-40d1-9f81-f1c19654fd05: receive RaftClientReply:client-8B023739F3BF->b50d6464-f54a-40d1-9f81-f1c19654fd05@group-1F53027F28E3, cid=3440, SUCCESS, logIndex=4824, commits[b50d6464-f54a-40d1-9f81-f1c19654fd05:c4825]
2019-09-12 09:26:33,025 [SCMBlockDeletingService#1] DEBUG block.SCMBlockDeletingService (SCMBlockDeletingService.java:call(138)) - Running DeletedBlockTransactionScanner
2019-09-12 09:26:33,026 [SCMBlockDeletingService#1] DEBUG block.SCMBlockDeletingService (SCMBlockDeletingService.java:call(155)) - Scanned deleted blocks log and got 0 delTX to process.
2019-09-12 09:26:33,033 [grpc-default-executor-1] INFO  client.GrpcClientProtocolClient (GrpcClientProtocolClient.java:onNext(264)) - client-8B023739F3BF->b50d6464-f54a-40d1-9f81-f1c19654fd05: receive RaftClientReply:client-8B023739F3BF->b50d6464-f54a-40d1-9f81-f1c19654fd05@group-1F53027F28E3, cid=3441, SUCCESS, logIndex=4827, commits[b50d6464-f54a-40d1-9f81-f1c19654fd05:c4828]
2019-09-12 09:26:33,034 [grpc-default-executor-1] INFO  client.GrpcClientProtocolClient (GrpcClientProtocolClient.java:onNext(264)) - client-8B023739F3BF->b50d6464-f54a-40d1-9f81-f1c19654fd05: receive RaftClientReply:client-8B023739F3BF->b50d6464-f54a-40d1-9f81-f1c19654fd05@group-1F53027F28E3, cid=3442, SUCCESS, logIndex=4828, commits[b50d6464-f54a-40d1-9f81-f1c19654fd05:c4828]
2019-09-12 09:26:33,034 [grpc-default-executor-1] INFO  client.GrpcClientProtocolClient (GrpcClientProtocolClient.java:onNext(264)) - client-8B023739F3BF->b50d6464-f54a-40d1-9f81-f1c19654fd05: receive RaftClientReply:client-8B023739F3BF->b50d6464-f54a-40d1-9f81-f1c19654fd05@group-1F53027F28E3, cid=3443, SUCCESS, logIndex=4829, commits[b50d6464-f54a-40d1-9f81-f1c19654fd05:c4830]
2019-09-12 09:26:33,035 [grpc-default-executor-1] INFO  client.GrpcClientProtocolClient (GrpcClientProtocolClient.java:onNext(264)) - client-8B023739F3BF->b50d6464-f54a-40d1-9f81-f1c19654fd05: receive RaftClientReply:client-8B023739F3BF->b50d6464-f54a-40d1-9f81-f1c19654fd05@group-1F53027F28E3, cid=3444, SUCCESS, logIndex=4830, commits[b50d6464-f54a-40d1-9f81-f1c19654fd05:c4831]
2019-09-12 09:26:33,053 [grpc-default-executor-2] INFO  client.GrpcClientProtocolClient (GrpcClientProtocolClient.java:onNext(264)) - client-8B023739F3BF->b50d6464-f54a-40d1-9f81-f1c19654fd05: receive RaftClientReply:client-8B023739F3BF->b50d6464-f54a-40d1-9f81-f1c19654fd05@group-1F53027F28E3, cid=3445, SUCCESS, logIndex=4833, commits[b50d6464-f54a-40d1-9f81-f1c19654fd05:c4834]
2019-09-12 09:26:33,054 [grpc-default-executor-2] INFO  client.GrpcClientProtocolClient (GrpcClientProtocolClient.java:onNext(264)) - client-8B023739F3BF->b50d6464-f54a-40d1-9f81-f1c19654fd05: receive RaftClientReply:client-8B023739F3BF->b50d6464-f54a-40d1-9f81-f1c19654fd05@group-1F53027F28E3, cid=3446, SUCCESS, logIndex=4834, commits[b50d6464-f54a-40d1-9f81-f1c19654fd05:c4836]
2019-09-12 09:26:33,054 [grpc-default-executor-2] INFO  client.GrpcClientProtocolClient (GrpcClientProtocolClient.java:onNext(264)) - client-8B023739F3BF->b50d6464-f54a-40d1-9f81-f1c19654fd05: receive RaftClientReply:client-8B023739F3BF->b50d6464-f54a-40d1-9f81-f1c19654fd05@group-1F53027F28E3, cid=3447, SUCCESS, logIndex=4835, commits[b50d6464-f54a-40d1-9f81-f1c19654fd05:c4837]
2019-09-12 09:26:33,054 [grpc-default-executor-2] INFO  client.GrpcClientProtocolClient (GrpcClientProtocolClient.java:onNext(264)) - client-8B023739F3BF->b50d6464-f54a-40d1-9f81-f1c19654fd05: receive RaftClientReply:client-8B023739F3BF->b50d6464-f54a-40d1-9f81-f1c19654fd05@group-1F53027F28E3, cid=3448, SUCCESS, logIndex=4836, commits[b50d6464-f54a-40d1-9f81-f1c19654fd05:c4837]
2019-09-12 09:26:33,126 [SCMBlockDeletingService#1] DEBUG block.SCMBlockDeletingService (SCMBlockDeletingService.java:call(138)) - Running DeletedBlockTransactionScanner
2019-09-12 09:26:33,126 [SCMBlockDeletingService#1] DEBUG block.SCMBlockDeletingService (SCMBlockDeletingService.java:call(155)) - Scanned deleted blocks log and got 0 delTX to process.
2019-09-12 09:26:33,190 [grpc-default-executor-2] INFO  client.GrpcClientProtocolClient (GrpcClientProtocolClient.java:onNext(264)) - client-8B023739F3BF->b50d6464-f54a-40d1-9f81-f1c19654fd05: receive RaftClientReply:client-8B023739F3BF->b50d6464-f54a-40d1-9f81-f1c19654fd05@group-1F53027F28E3, cid=3449, SUCCESS, logIndex=4839, commits[b50d6464-f54a-40d1-9f81-f1c19654fd05:c4840]
2019-09-12 09:26:33,191 [grpc-default-executor-2] INFO  client.GrpcClientProtocolClient (GrpcClientProtocolClient.java:onNext(264)) - client-8B023739F3BF->b50d6464-f54a-40d1-9f81-f1c19654fd05: receive RaftClientReply:client-8B023739F3BF->b50d6464-f54a-40d1-9f81-f1c19654fd05@group-1F53027F28E3, cid=3450, SUCCESS, logIndex=4840, commits[b50d6464-f54a-40d1-9f81-f1c19654fd05:c4842]
2019-09-12 09:26:33,191 [grpc-default-executor-2] INFO  client.GrpcClientProtocolClient (GrpcClientProtocolClient.java:onNext(264)) - client-8B023739F3BF->b50d6464-f54a-40d1-9f81-f1c19654fd05: receive RaftClientReply:client-8B023739F3BF->b50d6464-f54a-40d1-9f81-f1c19654fd05@group-1F53027F28E3, cid=3451, SUCCESS, logIndex=4841, commits[b50d6464-f54a-40d1-9f81-f1c19654fd05:c4843]
2019-09-12 09:26:33,191 [grpc-default-executor-2] INFO  client.GrpcClientProtocolClient (GrpcClientProtocolClient.java:onNext(264)) - client-8B023739F3BF->b50d6464-f54a-40d1-9f81-f1c19654fd05: receive RaftClientReply:client-8B023739F3BF->b50d6464-f54a-40d1-9f81-f1c19654fd05@group-1F53027F28E3, cid=3452, SUCCESS, logIndex=4842, commits[b50d6464-f54a-40d1-9f81-f1c19654fd05:c4843]
2019-09-12 09:26:33,218 [grpc-default-executor-2] INFO  client.GrpcClientProtocolClient (GrpcClientProtocolClient.java:onNext(264)) - client-8B023739F3BF->b50d6464-f54a-40d1-9f81-f1c19654fd05: receive RaftClientReply:client-8B023739F3BF->b50d6464-f54a-40d1-9f81-f1c19654fd05@group-1F53027F28E3, cid=3453, SUCCESS, logIndex=4845, commits[b50d6464-f54a-40d1-9f81-f1c19654fd05:c4846]
2019-09-12 09:26:33,218 [grpc-default-executor-2] INFO  client.GrpcClientProtocolClient (GrpcClientProtocolClient.java:onNext(264)) - client-8B023739F3BF->b50d6464-f54a-40d1-9f81-f1c19654fd05: receive RaftClientReply:client-8B023739F3BF->b50d6464-f54a-40d1-9f81-f1c19654fd05@group-1F53027F28E3, cid=3454, SUCCESS, logIndex=4846, commits[b50d6464-f54a-40d1-9f81-f1c19654fd05:c4848]
2019-09-12 09:26:33,219 [grpc-default-executor-2] INFO  client.GrpcClientProtocolClient (GrpcClientProtocolClient.java:onNext(264)) - client-8B023739F3BF->b50d6464-f54a-40d1-9f81-f1c19654fd05: receive RaftClientReply:client-8B023739F3BF->b50d6464-f54a-40d1-9f81-f1c19654fd05@group-1F53027F28E3, cid=3455, SUCCESS, logIndex=4847, commits[b50d6464-f54a-40d1-9f81-f1c19654fd05:c4849]
2019-09-12 09:26:33,219 [grpc-default-executor-2] INFO  client.GrpcClientProtocolClient (GrpcClientProtocolClient.java:onNext(264)) - client-8B023739F3BF->b50d6464-f54a-40d1-9f81-f1c19654fd05: receive RaftClientReply:client-8B023739F3BF->b50d6464-f54a-40d1-9f81-f1c19654fd05@group-1F53027F28E3, cid=3456, SUCCESS, logIndex=4848, commits[b50d6464-f54a-40d1-9f81-f1c19654fd05:c4850]
2019-09-12 09:26:33,227 [SCMBlockDeletingService#1] DEBUG block.SCMBlockDeletingService (SCMBlockDeletingService.java:call(138)) - Running DeletedBlockTransactionScanner
2019-09-12 09:26:33,227 [SCMBlockDeletingService#1] DEBUG block.SCMBlockDeletingService (SCMBlockDeletingService.java:call(155)) - Scanned deleted blocks log and got 0 delTX to process.
2019-09-12 09:26:33,250 [grpc-default-executor-2] INFO  client.GrpcClientProtocolClient (GrpcClientProtocolClient.java:onNext(264)) - client-8B023739F3BF->b50d6464-f54a-40d1-9f81-f1c19654fd05: receive RaftClientReply:client-8B023739F3BF->b50d6464-f54a-40d1-9f81-f1c19654fd05@group-1F53027F28E3, cid=3457, SUCCESS, logIndex=4851, commits[b50d6464-f54a-40d1-9f81-f1c19654fd05:c4852]
2019-09-12 09:26:33,250 [grpc-default-executor-2] INFO  client.GrpcClientProtocolClient (GrpcClientProtocolClient.java:onNext(264)) - client-8B023739F3BF->b50d6464-f54a-40d1-9f81-f1c19654fd05: receive RaftClientReply:client-8B023739F3BF->b50d6464-f54a-40d1-9f81-f1c19654fd05@group-1F53027F28E3, cid=3458, SUCCESS, logIndex=4852, commits[b50d6464-f54a-40d1-9f81-f1c19654fd05:c4854]
2019-09-12 09:26:33,251 [grpc-default-executor-2] INFO  client.GrpcClientProtocolClient (GrpcClientProtocolClient.java:onNext(264)) - client-8B023739F3BF->b50d6464-f54a-40d1-9f81-f1c19654fd05: receive RaftClientReply:client-8B023739F3BF->b50d6464-f54a-40d1-9f81-f1c19654fd05@group-1F53027F28E3, cid=3459, SUCCESS, logIndex=4853, commits[b50d6464-f54a-40d1-9f81-f1c19654fd05:c4855]
2019-09-12 09:26:33,251 [grpc-default-executor-2] INFO  client.GrpcClientProtocolClient (GrpcClientProtocolClient.java:onNext(264)) - client-8B023739F3BF->b50d6464-f54a-40d1-9f81-f1c19654fd05: receive RaftClientReply:client-8B023739F3BF->b50d6464-f54a-40d1-9f81-f1c19654fd05@group-1F53027F28E3, cid=3460, SUCCESS, logIndex=4854, commits[b50d6464-f54a-40d1-9f81-f1c19654fd05:c4855]
2019-09-12 09:26:33,271 [grpc-default-executor-2] INFO  client.GrpcClientProtocolClient (GrpcClientProtocolClient.java:onNext(264)) - client-8B023739F3BF->b50d6464-f54a-40d1-9f81-f1c19654fd05: receive RaftClientReply:client-8B023739F3BF->b50d6464-f54a-40d1-9f81-f1c19654fd05@group-1F53027F28E3, cid=3461, SUCCESS, logIndex=4857, commits[b50d6464-f54a-40d1-9f81-f1c19654fd05:c4858]
2019-09-12 09:26:33,271 [grpc-default-executor-2] INFO  client.GrpcClientProtocolClient (GrpcClientProtocolClient.java:onNext(264)) - client-8B023739F3BF->b50d6464-f54a-40d1-9f81-f1c19654fd05: receive RaftClientReply:client-8B023739F3BF->b50d6464-f54a-40d1-9f81-f1c19654fd05@group-1F53027F28E3, cid=3462, SUCCESS, logIndex=4858, commits[b50d6464-f54a-40d1-9f81-f1c19654fd05:c4860]
2019-09-12 09:26:33,271 [grpc-default-executor-2] INFO  client.GrpcClientProtocolClient (GrpcClientProtocolClient.java:onNext(264)) - client-8B023739F3BF->b50d6464-f54a-40d1-9f81-f1c19654fd05: receive RaftClientReply:client-8B023739F3BF->b50d6464-f54a-40d1-9f81-f1c19654fd05@group-1F53027F28E3, cid=3463, SUCCESS, logIndex=4859, commits[b50d6464-f54a-40d1-9f81-f1c19654fd05:c4861]
2019-09-12 09:26:33,272 [grpc-default-executor-2] INFO  client.GrpcClientProtocolClient (GrpcClientProtocolClient.java:onNext(264)) - client-8B023739F3BF->b50d6464-f54a-40d1-9f81-f1c19654fd05: receive RaftClientReply:client-8B023739F3BF->b50d6464-f54a-40d1-9f81-f1c19654fd05@group-1F53027F28E3, cid=3464, SUCCESS, logIndex=4860, commits[b50d6464-f54a-40d1-9f81-f1c19654fd05:c4861]
2019-09-12 09:26:33,303 [grpc-default-executor-2] INFO  client.GrpcClientProtocolClient (GrpcClientProtocolClient.java:onNext(264)) - client-8B023739F3BF->b50d6464-f54a-40d1-9f81-f1c19654fd05: receive RaftClientReply:client-8B023739F3BF->b50d6464-f54a-40d1-9f81-f1c19654fd05@group-1F53027F28E3, cid=3465, SUCCESS, logIndex=4863, commits[b50d6464-f54a-40d1-9f81-f1c19654fd05:c4864]
2019-09-12 09:26:33,303 [grpc-default-executor-2] INFO  client.GrpcClientProtocolClient (GrpcClientProtocolClient.java:onNext(264)) - client-8B023739F3BF->b50d6464-f54a-40d1-9f81-f1c19654fd05: receive RaftClientReply:client-8B023739F3BF->b50d6464-f54a-40d1-9f81-f1c19654fd05@group-1F53027F28E3, cid=3466, SUCCESS, logIndex=4864, commits[b50d6464-f54a-40d1-9f81-f1c19654fd05:c4866]
2019-09-12 09:26:33,304 [grpc-default-executor-2] INFO  client.GrpcClientProtocolClient (GrpcClientProtocolClient.java:onNext(264)) - client-8B023739F3BF->b50d6464-f54a-40d1-9f81-f1c19654fd05: receive RaftClientReply:client-8B023739F3BF->b50d6464-f54a-40d1-9f81-f1c19654fd05@group-1F53027F28E3, cid=3467, SUCCESS, logIndex=4865, commits[b50d6464-f54a-40d1-9f81-f1c19654fd05:c4867]
2019-09-12 09:26:33,304 [grpc-default-executor-2] INFO  client.GrpcClientProtocolClient (GrpcClientProtocolClient.java:onNext(264)) - client-8B023739F3BF->b50d6464-f54a-40d1-9f81-f1c19654fd05: receive RaftClientReply:client-8B023739F3BF->b50d6464-f54a-40d1-9f81-f1c19654fd05@group-1F53027F28E3, cid=3468, SUCCESS, logIndex=4866, commits[b50d6464-f54a-40d1-9f81-f1c19654fd05:c4867]
2019-09-12 09:26:33,323 [grpc-default-executor-1] INFO  client.GrpcClientProtocolClient (GrpcClientProtocolClient.java:onNext(264)) - client-8B023739F3BF->b50d6464-f54a-40d1-9f81-f1c19654fd05: receive RaftClientReply:client-8B023739F3BF->b50d6464-f54a-40d1-9f81-f1c19654fd05@group-1F53027F28E3, cid=3469, SUCCESS, logIndex=4869, commits[b50d6464-f54a-40d1-9f81-f1c19654fd05:c4870]
2019-09-12 09:26:33,323 [grpc-default-executor-1] INFO  client.GrpcClientProtocolClient (GrpcClientProtocolClient.java:onNext(264)) - client-8B023739F3BF->b50d6464-f54a-40d1-9f81-f1c19654fd05: receive RaftClientReply:client-8B023739F3BF->b50d6464-f54a-40d1-9f81-f1c19654fd05@group-1F53027F28E3, cid=3470, SUCCESS, logIndex=4870, commits[b50d6464-f54a-40d1-9f81-f1c19654fd05:c4870]
2019-09-12 09:26:33,324 [grpc-default-executor-1] INFO  client.GrpcClientProtocolClient (GrpcClientProtocolClient.java:onNext(264)) - client-8B023739F3BF->b50d6464-f54a-40d1-9f81-f1c19654fd05: receive RaftClientReply:client-8B023739F3BF->b50d6464-f54a-40d1-9f81-f1c19654fd05@group-1F53027F28E3, cid=3471, SUCCESS, logIndex=4871, commits[b50d6464-f54a-40d1-9f81-f1c19654fd05:c4872]
2019-09-12 09:26:33,324 [grpc-default-executor-1] INFO  client.GrpcClientProtocolClient (GrpcClientProtocolClient.java:onNext(264)) - client-8B023739F3BF->b50d6464-f54a-40d1-9f81-f1c19654fd05: receive RaftClientReply:client-8B023739F3BF->b50d6464-f54a-40d1-9f81-f1c19654fd05@group-1F53027F28E3, cid=3472, SUCCESS, logIndex=4872, commits[b50d6464-f54a-40d1-9f81-f1c19654fd05:c4872]
2019-09-12 09:26:33,327 [SCMBlockDeletingService#1] DEBUG block.SCMBlockDeletingService (SCMBlockDeletingService.java:call(138)) - Running DeletedBlockTransactionScanner
2019-09-12 09:26:33,327 [SCMBlockDeletingService#1] DEBUG block.SCMBlockDeletingService (SCMBlockDeletingService.java:call(155)) - Scanned deleted blocks log and got 0 delTX to process.
2019-09-12 09:26:33,354 [grpc-default-executor-2] INFO  client.GrpcClientProtocolClient (GrpcClientProtocolClient.java:onNext(264)) - client-8B023739F3BF->b50d6464-f54a-40d1-9f81-f1c19654fd05: receive RaftClientReply:client-8B023739F3BF->b50d6464-f54a-40d1-9f81-f1c19654fd05@group-1F53027F28E3, cid=3473, SUCCESS, logIndex=4875, commits[b50d6464-f54a-40d1-9f81-f1c19654fd05:c4876]
2019-09-12 09:26:33,354 [grpc-default-executor-2] INFO  client.GrpcClientProtocolClient (GrpcClientProtocolClient.java:onNext(264)) - client-8B023739F3BF->b50d6464-f54a-40d1-9f81-f1c19654fd05: receive RaftClientReply:client-8B023739F3BF->b50d6464-f54a-40d1-9f81-f1c19654fd05@group-1F53027F28E3, cid=3474, SUCCESS, logIndex=4876, commits[b50d6464-f54a-40d1-9f81-f1c19654fd05:c4878]
2019-09-12 09:26:33,358 [grpc-default-executor-2] INFO  client.GrpcClientProtocolClient (GrpcClientProtocolClient.java:onNext(264)) - client-8B023739F3BF->b50d6464-f54a-40d1-9f81-f1c19654fd05: receive RaftClientReply:client-8B023739F3BF->b50d6464-f54a-40d1-9f81-f1c19654fd05@group-1F53027F28E3, cid=3475, SUCCESS, logIndex=4877, commits[b50d6464-f54a-40d1-9f81-f1c19654fd05:c4880]
2019-09-12 09:26:33,358 [grpc-default-executor-2] INFO  client.GrpcClientProtocolClient (GrpcClientProtocolClient.java:onNext(264)) - client-8B023739F3BF->b50d6464-f54a-40d1-9f81-f1c19654fd05: receive RaftClientReply:client-8B023739F3BF->b50d6464-f54a-40d1-9f81-f1c19654fd05@group-1F53027F28E3, cid=3476, SUCCESS, logIndex=4878, commits[b50d6464-f54a-40d1-9f81-f1c19654fd05:c4880]
2019-09-12 09:26:33,381 [grpc-default-executor-2] INFO  client.GrpcClientProtocolClient (GrpcClientProtocolClient.java:onNext(264)) - client-8B023739F3BF->b50d6464-f54a-40d1-9f81-f1c19654fd05: receive RaftClientReply:client-8B023739F3BF->b50d6464-f54a-40d1-9f81-f1c19654fd05@group-1F53027F28E3, cid=3477, SUCCESS, logIndex=4881, commits[b50d6464-f54a-40d1-9f81-f1c19654fd05:c4882]
2019-09-12 09:26:33,383 [grpc-default-executor-2] INFO  client.GrpcClientProtocolClient (GrpcClientProtocolClient.java:onNext(264)) - client-8B023739F3BF->b50d6464-f54a-40d1-9f81-f1c19654fd05: receive RaftClientReply:client-8B023739F3BF->b50d6464-f54a-40d1-9f81-f1c19654fd05@group-1F53027F28E3, cid=3478, SUCCESS, logIndex=4882, commits[b50d6464-f54a-40d1-9f81-f1c19654fd05:c4882]
2019-09-12 09:26:33,383 [grpc-default-executor-2] INFO  client.GrpcClientProtocolClient (GrpcClientProtocolClient.java:onNext(264)) - client-8B023739F3BF->b50d6464-f54a-40d1-9f81-f1c19654fd05: receive RaftClientReply:client-8B023739F3BF->b50d6464-f54a-40d1-9f81-f1c19654fd05@group-1F53027F28E3, cid=3479, SUCCESS, logIndex=4883, commits[b50d6464-f54a-40d1-9f81-f1c19654fd05:c4885]
2019-09-12 09:26:33,384 [grpc-default-executor-2] INFO  client.GrpcClientProtocolClient (GrpcClientProtocolClient.java:onNext(264)) - client-8B023739F3BF->b50d6464-f54a-40d1-9f81-f1c19654fd05: receive RaftClientReply:client-8B023739F3BF->b50d6464-f54a-40d1-9f81-f1c19654fd05@group-1F53027F28E3, cid=3480, SUCCESS, logIndex=4884, commits[b50d6464-f54a-40d1-9f81-f1c19654fd05:c4885]
2019-09-12 09:26:33,414 [grpc-default-executor-2] INFO  client.GrpcClientProtocolClient (GrpcClientProtocolClient.java:onNext(264)) - client-8B023739F3BF->b50d6464-f54a-40d1-9f81-f1c19654fd05: receive RaftClientReply:client-8B023739F3BF->b50d6464-f54a-40d1-9f81-f1c19654fd05@group-1F53027F28E3, cid=3481, SUCCESS, logIndex=4886, commits[b50d6464-f54a-40d1-9f81-f1c19654fd05:c4887]
2019-09-12 09:26:33,415 [grpc-default-executor-2] INFO  client.GrpcClientProtocolClient (GrpcClientProtocolClient.java:onNext(264)) - client-8B023739F3BF->b50d6464-f54a-40d1-9f81-f1c19654fd05: receive RaftClientReply:client-8B023739F3BF->b50d6464-f54a-40d1-9f81-f1c19654fd05@group-1F53027F28E3, cid=3482, SUCCESS, logIndex=4887, commits[b50d6464-f54a-40d1-9f81-f1c19654fd05:c4889]
2019-09-12 09:26:33,415 [grpc-default-executor-2] INFO  client.GrpcClientProtocolClient (GrpcClientProtocolClient.java:onNext(264)) - client-8B023739F3BF->b50d6464-f54a-40d1-9f81-f1c19654fd05: receive RaftClientReply:client-8B023739F3BF->b50d6464-f54a-40d1-9f81-f1c19654fd05@group-1F53027F28E3, cid=3483, SUCCESS, logIndex=4888, commits[b50d6464-f54a-40d1-9f81-f1c19654fd05:c4890]
2019-09-12 09:26:33,416 [grpc-default-executor-2] INFO  client.GrpcClientProtocolClient (GrpcClientProtocolClient.java:onNext(264)) - client-8B023739F3BF->b50d6464-f54a-40d1-9f81-f1c19654fd05: receive RaftClientReply:client-8B023739F3BF->b50d6464-f54a-40d1-9f81-f1c19654fd05@group-1F53027F28E3, cid=3484, SUCCESS, logIndex=4889, commits[b50d6464-f54a-40d1-9f81-f1c19654fd05:c4890]
2019-09-12 09:26:33,428 [SCMBlockDeletingService#1] DEBUG block.SCMBlockDeletingService (SCMBlockDeletingService.java:call(138)) - Running DeletedBlockTransactionScanner
2019-09-12 09:26:33,428 [SCMBlockDeletingService#1] DEBUG block.SCMBlockDeletingService (SCMBlockDeletingService.java:call(155)) - Scanned deleted blocks log and got 0 delTX to process.
2019-09-12 09:26:33,435 [grpc-default-executor-2] INFO  client.GrpcClientProtocolClient (GrpcClientProtocolClient.java:onNext(264)) - client-8B023739F3BF->b50d6464-f54a-40d1-9f81-f1c19654fd05: receive RaftClientReply:client-8B023739F3BF->b50d6464-f54a-40d1-9f81-f1c19654fd05@group-1F53027F28E3, cid=3485, SUCCESS, logIndex=4892, commits[b50d6464-f54a-40d1-9f81-f1c19654fd05:c4893]
2019-09-12 09:26:33,435 [grpc-default-executor-2] INFO  client.GrpcClientProtocolClient (GrpcClientProtocolClient.java:onNext(264)) - client-8B023739F3BF->b50d6464-f54a-40d1-9f81-f1c19654fd05: receive RaftClientReply:client-8B023739F3BF->b50d6464-f54a-40d1-9f81-f1c19654fd05@group-1F53027F28E3, cid=3486, SUCCESS, logIndex=4893, commits[b50d6464-f54a-40d1-9f81-f1c19654fd05:c4893]
2019-09-12 09:26:33,435 [grpc-default-executor-2] INFO  client.GrpcClientProtocolClient (GrpcClientProtocolClient.java:onNext(264)) - client-8B023739F3BF->b50d6464-f54a-40d1-9f81-f1c19654fd05: receive RaftClientReply:client-8B023739F3BF->b50d6464-f54a-40d1-9f81-f1c19654fd05@group-1F53027F28E3, cid=3487, SUCCESS, logIndex=4894, commits[b50d6464-f54a-40d1-9f81-f1c19654fd05:c4895]
2019-09-12 09:26:33,436 [grpc-default-executor-2] INFO  client.GrpcClientProtocolClient (GrpcClientProtocolClient.java:onNext(264)) - client-8B023739F3BF->b50d6464-f54a-40d1-9f81-f1c19654fd05: receive RaftClientReply:client-8B023739F3BF->b50d6464-f54a-40d1-9f81-f1c19654fd05@group-1F53027F28E3, cid=3488, SUCCESS, logIndex=4895, commits[b50d6464-f54a-40d1-9f81-f1c19654fd05:c4896]
2019-09-12 09:26:33,463 [grpc-default-executor-2] INFO  client.GrpcClientProtocolClient (GrpcClientProtocolClient.java:onNext(264)) - client-8B023739F3BF->b50d6464-f54a-40d1-9f81-f1c19654fd05: receive RaftClientReply:client-8B023739F3BF->b50d6464-f54a-40d1-9f81-f1c19654fd05@group-1F53027F28E3, cid=3489, SUCCESS, logIndex=4898, commits[b50d6464-f54a-40d1-9f81-f1c19654fd05:c4899]
2019-09-12 09:26:33,464 [grpc-default-executor-2] INFO  client.GrpcClientProtocolClient (GrpcClientProtocolClient.java:onNext(264)) - client-8B023739F3BF->b50d6464-f54a-40d1-9f81-f1c19654fd05: receive RaftClientReply:client-8B023739F3BF->b50d6464-f54a-40d1-9f81-f1c19654fd05@group-1F53027F28E3, cid=3490, SUCCESS, logIndex=4899, commits[b50d6464-f54a-40d1-9f81-f1c19654fd05:c4901]
2019-09-12 09:26:33,464 [grpc-default-executor-2] INFO  client.GrpcClientProtocolClient (GrpcClientProtocolClient.java:onNext(264)) - client-8B023739F3BF->b50d6464-f54a-40d1-9f81-f1c19654fd05: receive RaftClientReply:client-8B023739F3BF->b50d6464-f54a-40d1-9f81-f1c19654fd05@group-1F53027F28E3, cid=3491, SUCCESS, logIndex=4900, commits[b50d6464-f54a-40d1-9f81-f1c19654fd05:c4901]
2019-09-12 09:26:33,465 [grpc-default-executor-2] INFO  client.GrpcClientProtocolClient (GrpcClientProtocolClient.java:onNext(264)) - client-8B023739F3BF->b50d6464-f54a-40d1-9f81-f1c19654fd05: receive RaftClientReply:client-8B023739F3BF->b50d6464-f54a-40d1-9f81-f1c19654fd05@group-1F53027F28E3, cid=3492, SUCCESS, logIndex=4901, commits[b50d6464-f54a-40d1-9f81-f1c19654fd05:c4901]
2019-09-12 09:26:33,548 [SCMBlockDeletingService#1] DEBUG block.SCMBlockDeletingService (SCMBlockDeletingService.java:call(138)) - Running DeletedBlockTransactionScanner
2019-09-12 09:26:33,549 [SCMBlockDeletingService#1] DEBUG block.SCMBlockDeletingService (SCMBlockDeletingService.java:call(155)) - Scanned deleted blocks log and got 0 delTX to process.
2019-09-12 09:26:33,649 [SCMBlockDeletingService#1] DEBUG block.SCMBlockDeletingService (SCMBlockDeletingService.java:call(138)) - Running DeletedBlockTransactionScanner
2019-09-12 09:26:33,649 [SCMBlockDeletingService#1] DEBUG block.SCMBlockDeletingService (SCMBlockDeletingService.java:call(155)) - Scanned deleted blocks log and got 0 delTX to process.
2019-09-12 09:26:33,669 [grpc-default-executor-2] INFO  client.GrpcClientProtocolClient (GrpcClientProtocolClient.java:onNext(264)) - client-8B023739F3BF->b50d6464-f54a-40d1-9f81-f1c19654fd05: receive RaftClientReply:client-8B023739F3BF->b50d6464-f54a-40d1-9f81-f1c19654fd05@group-1F53027F28E3, cid=3493, SUCCESS, logIndex=4904, commits[b50d6464-f54a-40d1-9f81-f1c19654fd05:c4907]
2019-09-12 09:26:33,669 [grpc-default-executor-2] INFO  client.GrpcClientProtocolClient (GrpcClientProtocolClient.java:onNext(264)) - client-8B023739F3BF->b50d6464-f54a-40d1-9f81-f1c19654fd05: receive RaftClientReply:client-8B023739F3BF->b50d6464-f54a-40d1-9f81-f1c19654fd05@group-1F53027F28E3, cid=3494, SUCCESS, logIndex=4905, commits[b50d6464-f54a-40d1-9f81-f1c19654fd05:c4908]
2019-09-12 09:26:33,669 [grpc-default-executor-2] INFO  client.GrpcClientProtocolClient (GrpcClientProtocolClient.java:onNext(264)) - client-8B023739F3BF->b50d6464-f54a-40d1-9f81-f1c19654fd05: receive RaftClientReply:client-8B023739F3BF->b50d6464-f54a-40d1-9f81-f1c19654fd05@group-1F53027F28E3, cid=3495, SUCCESS, logIndex=4906, commits[b50d6464-f54a-40d1-9f81-f1c19654fd05:c4908]
2019-09-12 09:26:33,670 [grpc-default-executor-2] INFO  client.GrpcClientProtocolClient (GrpcClientProtocolClient.java:onNext(264)) - client-8B023739F3BF->b50d6464-f54a-40d1-9f81-f1c19654fd05: receive RaftClientReply:client-8B023739F3BF->b50d6464-f54a-40d1-9f81-f1c19654fd05@group-1F53027F28E3, cid=3496, SUCCESS, logIndex=4907, commits[b50d6464-f54a-40d1-9f81-f1c19654fd05:c4908]
2019-09-12 09:26:33,697 [grpc-default-executor-2] INFO  client.GrpcClientProtocolClient (GrpcClientProtocolClient.java:onNext(264)) - client-8B023739F3BF->b50d6464-f54a-40d1-9f81-f1c19654fd05: receive RaftClientReply:client-8B023739F3BF->b50d6464-f54a-40d1-9f81-f1c19654fd05@group-1F53027F28E3, cid=3497, SUCCESS, logIndex=4909, commits[b50d6464-f54a-40d1-9f81-f1c19654fd05:c4912]
2019-09-12 09:26:33,697 [grpc-default-executor-2] INFO  client.GrpcClientProtocolClient (GrpcClientProtocolClient.java:onNext(264)) - client-8B023739F3BF->b50d6464-f54a-40d1-9f81-f1c19654fd05: receive RaftClientReply:client-8B023739F3BF->b50d6464-f54a-40d1-9f81-f1c19654fd05@group-1F53027F28E3, cid=3498, SUCCESS, logIndex=4910, commits[b50d6464-f54a-40d1-9f81-f1c19654fd05:c4912]
2019-09-12 09:26:33,698 [grpc-default-executor-2] INFO  client.GrpcClientProtocolClient (GrpcClientProtocolClient.java:onNext(264)) - client-8B023739F3BF->b50d6464-f54a-40d1-9f81-f1c19654fd05: receive RaftClientReply:client-8B023739F3BF->b50d6464-f54a-40d1-9f81-f1c19654fd05@group-1F53027F28E3, cid=3499, SUCCESS, logIndex=4911, commits[b50d6464-f54a-40d1-9f81-f1c19654fd05:c4913]
2019-09-12 09:26:33,698 [grpc-default-executor-2] INFO  client.GrpcClientProtocolClient (GrpcClientProtocolClient.java:onNext(264)) - client-8B023739F3BF->b50d6464-f54a-40d1-9f81-f1c19654fd05: receive RaftClientReply:client-8B023739F3BF->b50d6464-f54a-40d1-9f81-f1c19654fd05@group-1F53027F28E3, cid=3500, SUCCESS, logIndex=4912, commits[b50d6464-f54a-40d1-9f81-f1c19654fd05:c4913]
2019-09-12 09:26:33,716 [grpc-default-executor-1] INFO  client.GrpcClientProtocolClient (GrpcClientProtocolClient.java:onNext(264)) - client-8B023739F3BF->b50d6464-f54a-40d1-9f81-f1c19654fd05: receive RaftClientReply:client-8B023739F3BF->b50d6464-f54a-40d1-9f81-f1c19654fd05@group-1F53027F28E3, cid=3501, SUCCESS, logIndex=4914, commits[b50d6464-f54a-40d1-9f81-f1c19654fd05:c4915]
2019-09-12 09:26:33,716 [grpc-default-executor-1] INFO  client.GrpcClientProtocolClient (GrpcClientProtocolClient.java:onNext(264)) - client-8B023739F3BF->b50d6464-f54a-40d1-9f81-f1c19654fd05: receive RaftClientReply:client-8B023739F3BF->b50d6464-f54a-40d1-9f81-f1c19654fd05@group-1F53027F28E3, cid=3502, SUCCESS, logIndex=4915, commits[b50d6464-f54a-40d1-9f81-f1c19654fd05:c4917]
2019-09-12 09:26:33,716 [grpc-default-executor-1] INFO  client.GrpcClientProtocolClient (GrpcClientProtocolClient.java:onNext(264)) - client-8B023739F3BF->b50d6464-f54a-40d1-9f81-f1c19654fd05: receive RaftClientReply:client-8B023739F3BF->b50d6464-f54a-40d1-9f81-f1c19654fd05@group-1F53027F28E3, cid=3503, SUCCESS, logIndex=4916, commits[b50d6464-f54a-40d1-9f81-f1c19654fd05:c4917]
2019-09-12 09:26:33,717 [grpc-default-executor-1] INFO  client.GrpcClientProtocolClient (GrpcClientProtocolClient.java:onNext(264)) - client-8B023739F3BF->b50d6464-f54a-40d1-9f81-f1c19654fd05: receive RaftClientReply:client-8B023739F3BF->b50d6464-f54a-40d1-9f81-f1c19654fd05@group-1F53027F28E3, cid=3504, SUCCESS, logIndex=4917, commits[b50d6464-f54a-40d1-9f81-f1c19654fd05:c4918]
2019-09-12 09:26:33,745 [grpc-default-executor-2] INFO  client.GrpcClientProtocolClient (GrpcClientProtocolClient.java:onNext(264)) - client-8B023739F3BF->b50d6464-f54a-40d1-9f81-f1c19654fd05: receive RaftClientReply:client-8B023739F3BF->b50d6464-f54a-40d1-9f81-f1c19654fd05@group-1F53027F28E3, cid=3505, SUCCESS, logIndex=4920, commits[b50d6464-f54a-40d1-9f81-f1c19654fd05:c4924]
2019-09-12 09:26:33,746 [grpc-default-executor-2] INFO  client.GrpcClientProtocolClient (GrpcClientProtocolClient.java:onNext(264)) - client-8B023739F3BF->b50d6464-f54a-40d1-9f81-f1c19654fd05: receive RaftClientReply:client-8B023739F3BF->b50d6464-f54a-40d1-9f81-f1c19654fd05@group-1F53027F28E3, cid=3506, SUCCESS, logIndex=4921, commits[b50d6464-f54a-40d1-9f81-f1c19654fd05:c4924]
2019-09-12 09:26:33,746 [grpc-default-executor-2] INFO  client.GrpcClientProtocolClient (GrpcClientProtocolClient.java:onNext(264)) - client-8B023739F3BF->b50d6464-f54a-40d1-9f81-f1c19654fd05: receive RaftClientReply:client-8B023739F3BF->b50d6464-f54a-40d1-9f81-f1c19654fd05@group-1F53027F28E3, cid=3507, SUCCESS, logIndex=4922, commits[b50d6464-f54a-40d1-9f81-f1c19654fd05:c4924]
2019-09-12 09:26:33,746 [grpc-default-executor-2] INFO  client.GrpcClientProtocolClient (GrpcClientProtocolClient.java:onNext(264)) - client-8B023739F3BF->b50d6464-f54a-40d1-9f81-f1c19654fd05: receive RaftClientReply:client-8B023739F3BF->b50d6464-f54a-40d1-9f81-f1c19654fd05@group-1F53027F28E3, cid=3508, SUCCESS, logIndex=4923, commits[b50d6464-f54a-40d1-9f81-f1c19654fd05:c4924]
2019-09-12 09:26:33,750 [SCMBlockDeletingService#1] DEBUG block.SCMBlockDeletingService (SCMBlockDeletingService.java:call(138)) - Running DeletedBlockTransactionScanner
2019-09-12 09:26:33,750 [SCMBlockDeletingService#1] DEBUG block.SCMBlockDeletingService (SCMBlockDeletingService.java:call(155)) - Scanned deleted blocks log and got 0 delTX to process.
2019-09-12 09:26:33,776 [grpc-default-executor-1] INFO  client.GrpcClientProtocolClient (GrpcClientProtocolClient.java:onNext(264)) - client-8B023739F3BF->b50d6464-f54a-40d1-9f81-f1c19654fd05: receive RaftClientReply:client-8B023739F3BF->b50d6464-f54a-40d1-9f81-f1c19654fd05@group-1F53027F28E3, cid=3509, SUCCESS, logIndex=4925, commits[b50d6464-f54a-40d1-9f81-f1c19654fd05:c4926]
2019-09-12 09:26:33,777 [grpc-default-executor-1] INFO  client.GrpcClientProtocolClient (GrpcClientProtocolClient.java:onNext(264)) - client-8B023739F3BF->b50d6464-f54a-40d1-9f81-f1c19654fd05: receive RaftClientReply:client-8B023739F3BF->b50d6464-f54a-40d1-9f81-f1c19654fd05@group-1F53027F28E3, cid=3510, SUCCESS, logIndex=4926, commits[b50d6464-f54a-40d1-9f81-f1c19654fd05:c4928]
2019-09-12 09:26:33,777 [grpc-default-executor-1] INFO  client.GrpcClientProtocolClient (GrpcClientProtocolClient.java:onNext(264)) - client-8B023739F3BF->b50d6464-f54a-40d1-9f81-f1c19654fd05: receive RaftClientReply:client-8B023739F3BF->b50d6464-f54a-40d1-9f81-f1c19654fd05@group-1F53027F28E3, cid=3511, SUCCESS, logIndex=4927, commits[b50d6464-f54a-40d1-9f81-f1c19654fd05:c4928]
2019-09-12 09:26:33,777 [grpc-default-executor-1] INFO  client.GrpcClientProtocolClient (GrpcClientProtocolClient.java:onNext(264)) - client-8B023739F3BF->b50d6464-f54a-40d1-9f81-f1c19654fd05: receive RaftClientReply:client-8B023739F3BF->b50d6464-f54a-40d1-9f81-f1c19654fd05@group-1F53027F28E3, cid=3512, SUCCESS, logIndex=4928, commits[b50d6464-f54a-40d1-9f81-f1c19654fd05:c4929]
2019-09-12 09:26:33,802 [grpc-default-executor-1] INFO  client.GrpcClientProtocolClient (GrpcClientProtocolClient.java:onNext(264)) - client-8B023739F3BF->b50d6464-f54a-40d1-9f81-f1c19654fd05: receive RaftClientReply:client-8B023739F3BF->b50d6464-f54a-40d1-9f81-f1c19654fd05@group-1F53027F28E3, cid=3513, SUCCESS, logIndex=4931, commits[b50d6464-f54a-40d1-9f81-f1c19654fd05:c4932]
2019-09-12 09:26:33,802 [grpc-default-executor-1] INFO  client.GrpcClientProtocolClient (GrpcClientProtocolClient.java:onNext(264)) - client-8B023739F3BF->b50d6464-f54a-40d1-9f81-f1c19654fd05: receive RaftClientReply:client-8B023739F3BF->b50d6464-f54a-40d1-9f81-f1c19654fd05@group-1F53027F28E3, cid=3514, SUCCESS, logIndex=4932, commits[b50d6464-f54a-40d1-9f81-f1c19654fd05:c4934]
2019-09-12 09:26:33,803 [grpc-default-executor-1] INFO  client.GrpcClientProtocolClient (GrpcClientProtocolClient.java:onNext(264)) - client-8B023739F3BF->b50d6464-f54a-40d1-9f81-f1c19654fd05: receive RaftClientReply:client-8B023739F3BF->b50d6464-f54a-40d1-9f81-f1c19654fd05@group-1F53027F28E3, cid=3515, SUCCESS, logIndex=4933, commits[b50d6464-f54a-40d1-9f81-f1c19654fd05:c4934]
2019-09-12 09:26:33,803 [grpc-default-executor-1] INFO  client.GrpcClientProtocolClient (GrpcClientProtocolClient.java:onNext(264)) - client-8B023739F3BF->b50d6464-f54a-40d1-9f81-f1c19654fd05: receive RaftClientReply:client-8B023739F3BF->b50d6464-f54a-40d1-9f81-f1c19654fd05@group-1F53027F28E3, cid=3516, SUCCESS, logIndex=4934, commits[b50d6464-f54a-40d1-9f81-f1c19654fd05:c4935]
2019-09-12 09:26:33,822 [grpc-default-executor-1] INFO  client.GrpcClientProtocolClient (GrpcClientProtocolClient.java:onNext(264)) - client-8B023739F3BF->b50d6464-f54a-40d1-9f81-f1c19654fd05: receive RaftClientReply:client-8B023739F3BF->b50d6464-f54a-40d1-9f81-f1c19654fd05@group-1F53027F28E3, cid=3517, SUCCESS, logIndex=4937, commits[b50d6464-f54a-40d1-9f81-f1c19654fd05:c4940]
2019-09-12 09:26:33,823 [grpc-default-executor-1] INFO  client.GrpcClientProtocolClient (GrpcClientProtocolClient.java:onNext(264)) - client-8B023739F3BF->b50d6464-f54a-40d1-9f81-f1c19654fd05: receive RaftClientReply:client-8B023739F3BF->b50d6464-f54a-40d1-9f81-f1c19654fd05@group-1F53027F28E3, cid=3518, SUCCESS, logIndex=4938, commits[b50d6464-f54a-40d1-9f81-f1c19654fd05:c4941]
2019-09-12 09:26:33,823 [grpc-default-executor-1] INFO  client.GrpcClientProtocolClient (GrpcClientProtocolClient.java:onNext(264)) - client-8B023739F3BF->b50d6464-f54a-40d1-9f81-f1c19654fd05: receive RaftClientReply:client-8B023739F3BF->b50d6464-f54a-40d1-9f81-f1c19654fd05@group-1F53027F28E3, cid=3519, SUCCESS, logIndex=4939, commits[b50d6464-f54a-40d1-9f81-f1c19654fd05:c4941]
2019-09-12 09:26:33,823 [grpc-default-executor-1] INFO  client.GrpcClientProtocolClient (GrpcClientProtocolClient.java:onNext(264)) - client-8B023739F3BF->b50d6464-f54a-40d1-9f81-f1c19654fd05: receive RaftClientReply:client-8B023739F3BF->b50d6464-f54a-40d1-9f81-f1c19654fd05@group-1F53027F28E3, cid=3520, SUCCESS, logIndex=4940, commits[b50d6464-f54a-40d1-9f81-f1c19654fd05:c4941]
2019-09-12 09:26:33,848 [grpc-default-executor-1] INFO  client.GrpcClientProtocolClient (GrpcClientProtocolClient.java:onNext(264)) - client-8B023739F3BF->b50d6464-f54a-40d1-9f81-f1c19654fd05: receive RaftClientReply:client-8B023739F3BF->b50d6464-f54a-40d1-9f81-f1c19654fd05@group-1F53027F28E3, cid=3521, SUCCESS, logIndex=4942, commits[b50d6464-f54a-40d1-9f81-f1c19654fd05:c4943]
2019-09-12 09:26:33,849 [grpc-default-executor-1] INFO  client.GrpcClientProtocolClient (GrpcClientProtocolClient.java:onNext(264)) - client-8B023739F3BF->b50d6464-f54a-40d1-9f81-f1c19654fd05: receive RaftClientReply:client-8B023739F3BF->b50d6464-f54a-40d1-9f81-f1c19654fd05@group-1F53027F28E3, cid=3522, SUCCESS, logIndex=4943, commits[b50d6464-f54a-40d1-9f81-f1c19654fd05:c4945]
2019-09-12 09:26:33,849 [grpc-default-executor-1] INFO  client.GrpcClientProtocolClient (GrpcClientProtocolClient.java:onNext(264)) - client-8B023739F3BF->b50d6464-f54a-40d1-9f81-f1c19654fd05: receive RaftClientReply:client-8B023739F3BF->b50d6464-f54a-40d1-9f81-f1c19654fd05@group-1F53027F28E3, cid=3523, SUCCESS, logIndex=4944, commits[b50d6464-f54a-40d1-9f81-f1c19654fd05:c4945]
2019-09-12 09:26:33,850 [grpc-default-executor-1] INFO  client.GrpcClientProtocolClient (GrpcClientProtocolClient.java:onNext(264)) - client-8B023739F3BF->b50d6464-f54a-40d1-9f81-f1c19654fd05: receive RaftClientReply:client-8B023739F3BF->b50d6464-f54a-40d1-9f81-f1c19654fd05@group-1F53027F28E3, cid=3524, SUCCESS, logIndex=4945, commits[b50d6464-f54a-40d1-9f81-f1c19654fd05:c4946]
2019-09-12 09:26:33,850 [SCMBlockDeletingService#1] DEBUG block.SCMBlockDeletingService (SCMBlockDeletingService.java:call(138)) - Running DeletedBlockTransactionScanner
2019-09-12 09:26:33,850 [SCMBlockDeletingService#1] DEBUG block.SCMBlockDeletingService (SCMBlockDeletingService.java:call(155)) - Scanned deleted blocks log and got 0 delTX to process.
2019-09-12 09:26:33,867 [grpc-default-executor-1] INFO  client.GrpcClientProtocolClient (GrpcClientProtocolClient.java:onNext(264)) - client-8B023739F3BF->b50d6464-f54a-40d1-9f81-f1c19654fd05: receive RaftClientReply:client-8B023739F3BF->b50d6464-f54a-40d1-9f81-f1c19654fd05@group-1F53027F28E3, cid=3525, SUCCESS, logIndex=4948, commits[b50d6464-f54a-40d1-9f81-f1c19654fd05:c4949]
2019-09-12 09:26:33,868 [grpc-default-executor-1] INFO  client.GrpcClientProtocolClient (GrpcClientProtocolClient.java:onNext(264)) - client-8B023739F3BF->b50d6464-f54a-40d1-9f81-f1c19654fd05: receive RaftClientReply:client-8B023739F3BF->b50d6464-f54a-40d1-9f81-f1c19654fd05@group-1F53027F28E3, cid=3526, SUCCESS, logIndex=4949, commits[b50d6464-f54a-40d1-9f81-f1c19654fd05:c4951]
2019-09-12 09:26:33,868 [grpc-default-executor-1] INFO  client.GrpcClientProtocolClient (GrpcClientProtocolClient.java:onNext(264)) - client-8B023739F3BF->b50d6464-f54a-40d1-9f81-f1c19654fd05: receive RaftClientReply:client-8B023739F3BF->b50d6464-f54a-40d1-9f81-f1c19654fd05@group-1F53027F28E3, cid=3527, SUCCESS, logIndex=4950, commits[b50d6464-f54a-40d1-9f81-f1c19654fd05:c4951]
2019-09-12 09:26:33,868 [grpc-default-executor-1] INFO  client.GrpcClientProtocolClient (GrpcClientProtocolClient.java:onNext(264)) - client-8B023739F3BF->b50d6464-f54a-40d1-9f81-f1c19654fd05: receive RaftClientReply:client-8B023739F3BF->b50d6464-f54a-40d1-9f81-f1c19654fd05@group-1F53027F28E3, cid=3528, SUCCESS, logIndex=4951, commits[b50d6464-f54a-40d1-9f81-f1c19654fd05:c4952]
2019-09-12 09:26:33,894 [grpc-default-executor-2] INFO  client.GrpcClientProtocolClient (GrpcClientProtocolClient.java:onNext(264)) - client-8B023739F3BF->b50d6464-f54a-40d1-9f81-f1c19654fd05: receive RaftClientReply:client-8B023739F3BF->b50d6464-f54a-40d1-9f81-f1c19654fd05@group-1F53027F28E3, cid=3529, SUCCESS, logIndex=4954, commits[b50d6464-f54a-40d1-9f81-f1c19654fd05:c4955]
2019-09-12 09:26:33,895 [grpc-default-executor-2] INFO  client.GrpcClientProtocolClient (GrpcClientProtocolClient.java:onNext(264)) - client-8B023739F3BF->b50d6464-f54a-40d1-9f81-f1c19654fd05: receive RaftClientReply:client-8B023739F3BF->b50d6464-f54a-40d1-9f81-f1c19654fd05@group-1F53027F28E3, cid=3530, SUCCESS, logIndex=4955, commits[b50d6464-f54a-40d1-9f81-f1c19654fd05:c4957]
2019-09-12 09:26:33,895 [grpc-default-executor-2] INFO  client.GrpcClientProtocolClient (GrpcClientProtocolClient.java:onNext(264)) - client-8B023739F3BF->b50d6464-f54a-40d1-9f81-f1c19654fd05: receive RaftClientReply:client-8B023739F3BF->b50d6464-f54a-40d1-9f81-f1c19654fd05@group-1F53027F28E3, cid=3531, SUCCESS, logIndex=4956, commits[b50d6464-f54a-40d1-9f81-f1c19654fd05:c4957]
2019-09-12 09:26:33,895 [grpc-default-executor-2] INFO  client.GrpcClientProtocolClient (GrpcClientProtocolClient.java:onNext(264)) - client-8B023739F3BF->b50d6464-f54a-40d1-9f81-f1c19654fd05: receive RaftClientReply:client-8B023739F3BF->b50d6464-f54a-40d1-9f81-f1c19654fd05@group-1F53027F28E3, cid=3532, SUCCESS, logIndex=4957, commits[b50d6464-f54a-40d1-9f81-f1c19654fd05:c4958]
2019-09-12 09:26:33,912 [grpc-default-executor-2] INFO  client.GrpcClientProtocolClient (GrpcClientProtocolClient.java:onNext(264)) - client-8B023739F3BF->b50d6464-f54a-40d1-9f81-f1c19654fd05: receive RaftClientReply:client-8B023739F3BF->b50d6464-f54a-40d1-9f81-f1c19654fd05@group-1F53027F28E3, cid=3533, SUCCESS, logIndex=4960, commits[b50d6464-f54a-40d1-9f81-f1c19654fd05:c4961]
2019-09-12 09:26:33,912 [grpc-default-executor-2] INFO  client.GrpcClientProtocolClient (GrpcClientProtocolClient.java:onNext(264)) - client-8B023739F3BF->b50d6464-f54a-40d1-9f81-f1c19654fd05: receive RaftClientReply:client-8B023739F3BF->b50d6464-f54a-40d1-9f81-f1c19654fd05@group-1F53027F28E3, cid=3534, SUCCESS, logIndex=4961, commits[b50d6464-f54a-40d1-9f81-f1c19654fd05:c4963]
2019-09-12 09:26:33,912 [grpc-default-executor-2] INFO  client.GrpcClientProtocolClient (GrpcClientProtocolClient.java:onNext(264)) - client-8B023739F3BF->b50d6464-f54a-40d1-9f81-f1c19654fd05: receive RaftClientReply:client-8B023739F3BF->b50d6464-f54a-40d1-9f81-f1c19654fd05@group-1F53027F28E3, cid=3535, SUCCESS, logIndex=4962, commits[b50d6464-f54a-40d1-9f81-f1c19654fd05:c4963]
2019-09-12 09:26:33,913 [grpc-default-executor-2] INFO  client.GrpcClientProtocolClient (GrpcClientProtocolClient.java:onNext(264)) - client-8B023739F3BF->b50d6464-f54a-40d1-9f81-f1c19654fd05: receive RaftClientReply:client-8B023739F3BF->b50d6464-f54a-40d1-9f81-f1c19654fd05@group-1F53027F28E3, cid=3536, SUCCESS, logIndex=4963, commits[b50d6464-f54a-40d1-9f81-f1c19654fd05:c4963]
2019-09-12 09:26:33,951 [SCMBlockDeletingService#1] DEBUG block.SCMBlockDeletingService (SCMBlockDeletingService.java:call(138)) - Running DeletedBlockTransactionScanner
2019-09-12 09:26:33,951 [SCMBlockDeletingService#1] DEBUG block.SCMBlockDeletingService (SCMBlockDeletingService.java:call(155)) - Scanned deleted blocks log and got 0 delTX to process.
2019-09-12 09:26:34,023 [grpc-default-executor-1] INFO  client.GrpcClientProtocolClient (GrpcClientProtocolClient.java:onNext(264)) - client-8B023739F3BF->b50d6464-f54a-40d1-9f81-f1c19654fd05: receive RaftClientReply:client-8B023739F3BF->b50d6464-f54a-40d1-9f81-f1c19654fd05@group-1F53027F28E3, cid=3537, SUCCESS, logIndex=4966, commits[b50d6464-f54a-40d1-9f81-f1c19654fd05:c4969]
2019-09-12 09:26:34,024 [grpc-default-executor-1] INFO  client.GrpcClientProtocolClient (GrpcClientProtocolClient.java:onNext(264)) - client-8B023739F3BF->b50d6464-f54a-40d1-9f81-f1c19654fd05: receive RaftClientReply:client-8B023739F3BF->b50d6464-f54a-40d1-9f81-f1c19654fd05@group-1F53027F28E3, cid=3538, SUCCESS, logIndex=4967, commits[b50d6464-f54a-40d1-9f81-f1c19654fd05:c4970]
2019-09-12 09:26:34,024 [grpc-default-executor-1] INFO  client.GrpcClientProtocolClient (GrpcClientProtocolClient.java:onNext(264)) - client-8B023739F3BF->b50d6464-f54a-40d1-9f81-f1c19654fd05: receive RaftClientReply:client-8B023739F3BF->b50d6464-f54a-40d1-9f81-f1c19654fd05@group-1F53027F28E3, cid=3539, SUCCESS, logIndex=4968, commits[b50d6464-f54a-40d1-9f81-f1c19654fd05:c4970]
2019-09-12 09:26:34,024 [grpc-default-executor-1] INFO  client.GrpcClientProtocolClient (GrpcClientProtocolClient.java:onNext(264)) - client-8B023739F3BF->b50d6464-f54a-40d1-9f81-f1c19654fd05: receive RaftClientReply:client-8B023739F3BF->b50d6464-f54a-40d1-9f81-f1c19654fd05@group-1F53027F28E3, cid=3540, SUCCESS, logIndex=4969, commits[b50d6464-f54a-40d1-9f81-f1c19654fd05:c4970]
2019-09-12 09:26:34,045 [grpc-default-executor-1] INFO  client.GrpcClientProtocolClient (GrpcClientProtocolClient.java:onNext(264)) - client-8B023739F3BF->b50d6464-f54a-40d1-9f81-f1c19654fd05: receive RaftClientReply:client-8B023739F3BF->b50d6464-f54a-40d1-9f81-f1c19654fd05@group-1F53027F28E3, cid=3541, SUCCESS, logIndex=4971, commits[b50d6464-f54a-40d1-9f81-f1c19654fd05:c4972]
2019-09-12 09:26:34,045 [grpc-default-executor-1] INFO  client.GrpcClientProtocolClient (GrpcClientProtocolClient.java:onNext(264)) - client-8B023739F3BF->b50d6464-f54a-40d1-9f81-f1c19654fd05: receive RaftClientReply:client-8B023739F3BF->b50d6464-f54a-40d1-9f81-f1c19654fd05@group-1F53027F28E3, cid=3542, SUCCESS, logIndex=4972, commits[b50d6464-f54a-40d1-9f81-f1c19654fd05:c4974]
2019-09-12 09:26:34,045 [grpc-default-executor-1] INFO  client.GrpcClientProtocolClient (GrpcClientProtocolClient.java:onNext(264)) - client-8B023739F3BF->b50d6464-f54a-40d1-9f81-f1c19654fd05: receive RaftClientReply:client-8B023739F3BF->b50d6464-f54a-40d1-9f81-f1c19654fd05@group-1F53027F28E3, cid=3543, SUCCESS, logIndex=4973, commits[b50d6464-f54a-40d1-9f81-f1c19654fd05:c4975]
2019-09-12 09:26:34,046 [grpc-default-executor-1] INFO  client.GrpcClientProtocolClient (GrpcClientProtocolClient.java:onNext(264)) - client-8B023739F3BF->b50d6464-f54a-40d1-9f81-f1c19654fd05: receive RaftClientReply:client-8B023739F3BF->b50d6464-f54a-40d1-9f81-f1c19654fd05@group-1F53027F28E3, cid=3544, SUCCESS, logIndex=4974, commits[b50d6464-f54a-40d1-9f81-f1c19654fd05:c4975]
2019-09-12 09:26:34,051 [SCMBlockDeletingService#1] DEBUG block.SCMBlockDeletingService (SCMBlockDeletingService.java:call(138)) - Running DeletedBlockTransactionScanner
2019-09-12 09:26:34,052 [SCMBlockDeletingService#1] DEBUG block.SCMBlockDeletingService (SCMBlockDeletingService.java:call(155)) - Scanned deleted blocks log and got 0 delTX to process.
2019-09-12 09:26:34,076 [grpc-default-executor-2] INFO  client.GrpcClientProtocolClient (GrpcClientProtocolClient.java:onNext(264)) - client-8B023739F3BF->b50d6464-f54a-40d1-9f81-f1c19654fd05: receive RaftClientReply:client-8B023739F3BF->b50d6464-f54a-40d1-9f81-f1c19654fd05@group-1F53027F28E3, cid=3545, SUCCESS, logIndex=4977, commits[b50d6464-f54a-40d1-9f81-f1c19654fd05:c4980]
2019-09-12 09:26:34,076 [grpc-default-executor-2] INFO  client.GrpcClientProtocolClient (GrpcClientProtocolClient.java:onNext(264)) - client-8B023739F3BF->b50d6464-f54a-40d1-9f81-f1c19654fd05: receive RaftClientReply:client-8B023739F3BF->b50d6464-f54a-40d1-9f81-f1c19654fd05@group-1F53027F28E3, cid=3546, SUCCESS, logIndex=4978, commits[b50d6464-f54a-40d1-9f81-f1c19654fd05:c4981]
2019-09-12 09:26:34,076 [grpc-default-executor-2] INFO  client.GrpcClientProtocolClient (GrpcClientProtocolClient.java:onNext(264)) - client-8B023739F3BF->b50d6464-f54a-40d1-9f81-f1c19654fd05: receive RaftClientReply:client-8B023739F3BF->b50d6464-f54a-40d1-9f81-f1c19654fd05@group-1F53027F28E3, cid=3547, SUCCESS, logIndex=4979, commits[b50d6464-f54a-40d1-9f81-f1c19654fd05:c4981]
2019-09-12 09:26:34,077 [grpc-default-executor-2] INFO  client.GrpcClientProtocolClient (GrpcClientProtocolClient.java:onNext(264)) - client-8B023739F3BF->b50d6464-f54a-40d1-9f81-f1c19654fd05: receive RaftClientReply:client-8B023739F3BF->b50d6464-f54a-40d1-9f81-f1c19654fd05@group-1F53027F28E3, cid=3548, SUCCESS, logIndex=4980, commits[b50d6464-f54a-40d1-9f81-f1c19654fd05:c4981]
2019-09-12 09:26:34,094 [grpc-default-executor-1] INFO  client.GrpcClientProtocolClient (GrpcClientProtocolClient.java:onNext(264)) - client-8B023739F3BF->b50d6464-f54a-40d1-9f81-f1c19654fd05: receive RaftClientReply:client-8B023739F3BF->b50d6464-f54a-40d1-9f81-f1c19654fd05@group-1F53027F28E3, cid=3549, SUCCESS, logIndex=4982, commits[b50d6464-f54a-40d1-9f81-f1c19654fd05:c4983]
2019-09-12 09:26:34,095 [grpc-default-executor-1] INFO  client.GrpcClientProtocolClient (GrpcClientProtocolClient.java:onNext(264)) - client-8B023739F3BF->b50d6464-f54a-40d1-9f81-f1c19654fd05: receive RaftClientReply:client-8B023739F3BF->b50d6464-f54a-40d1-9f81-f1c19654fd05@group-1F53027F28E3, cid=3550, SUCCESS, logIndex=4983, commits[b50d6464-f54a-40d1-9f81-f1c19654fd05:c4985]
2019-09-12 09:26:34,095 [grpc-default-executor-1] INFO  client.GrpcClientProtocolClient (GrpcClientProtocolClient.java:onNext(264)) - client-8B023739F3BF->b50d6464-f54a-40d1-9f81-f1c19654fd05: receive RaftClientReply:client-8B023739F3BF->b50d6464-f54a-40d1-9f81-f1c19654fd05@group-1F53027F28E3, cid=3551, SUCCESS, logIndex=4984, commits[b50d6464-f54a-40d1-9f81-f1c19654fd05:c4986]
2019-09-12 09:26:34,095 [grpc-default-executor-1] INFO  client.GrpcClientProtocolClient (GrpcClientProtocolClient.java:onNext(264)) - client-8B023739F3BF->b50d6464-f54a-40d1-9f81-f1c19654fd05: receive RaftClientReply:client-8B023739F3BF->b50d6464-f54a-40d1-9f81-f1c19654fd05@group-1F53027F28E3, cid=3552, SUCCESS, logIndex=4985, commits[b50d6464-f54a-40d1-9f81-f1c19654fd05:c4986]
2019-09-12 09:26:34,124 [grpc-default-executor-1] INFO  client.GrpcClientProtocolClient (GrpcClientProtocolClient.java:onNext(264)) - client-8B023739F3BF->b50d6464-f54a-40d1-9f81-f1c19654fd05: receive RaftClientReply:client-8B023739F3BF->b50d6464-f54a-40d1-9f81-f1c19654fd05@group-1F53027F28E3, cid=3553, SUCCESS, logIndex=4988, commits[b50d6464-f54a-40d1-9f81-f1c19654fd05:c4989]
2019-09-12 09:26:34,125 [grpc-default-executor-1] INFO  client.GrpcClientProtocolClient (GrpcClientProtocolClient.java:onNext(264)) - client-8B023739F3BF->b50d6464-f54a-40d1-9f81-f1c19654fd05: receive RaftClientReply:client-8B023739F3BF->b50d6464-f54a-40d1-9f81-f1c19654fd05@group-1F53027F28E3, cid=3554, SUCCESS, logIndex=4989, commits[b50d6464-f54a-40d1-9f81-f1c19654fd05:c4991]
2019-09-12 09:26:34,125 [grpc-default-executor-1] INFO  client.GrpcClientProtocolClient (GrpcClientProtocolClient.java:onNext(264)) - client-8B023739F3BF->b50d6464-f54a-40d1-9f81-f1c19654fd05: receive RaftClientReply:client-8B023739F3BF->b50d6464-f54a-40d1-9f81-f1c19654fd05@group-1F53027F28E3, cid=3555, SUCCESS, logIndex=4990, commits[b50d6464-f54a-40d1-9f81-f1c19654fd05:c4991]
2019-09-12 09:26:34,125 [grpc-default-executor-1] INFO  client.GrpcClientProtocolClient (GrpcClientProtocolClient.java:onNext(264)) - client-8B023739F3BF->b50d6464-f54a-40d1-9f81-f1c19654fd05: receive RaftClientReply:client-8B023739F3BF->b50d6464-f54a-40d1-9f81-f1c19654fd05@group-1F53027F28E3, cid=3556, SUCCESS, logIndex=4991, commits[b50d6464-f54a-40d1-9f81-f1c19654fd05:c4992]
2019-09-12 09:26:34,144 [grpc-default-executor-1] INFO  client.GrpcClientProtocolClient (GrpcClientProtocolClient.java:onNext(264)) - client-8B023739F3BF->b50d6464-f54a-40d1-9f81-f1c19654fd05: receive RaftClientReply:client-8B023739F3BF->b50d6464-f54a-40d1-9f81-f1c19654fd05@group-1F53027F28E3, cid=3557, SUCCESS, logIndex=4994, commits[b50d6464-f54a-40d1-9f81-f1c19654fd05:c4995]
2019-09-12 09:26:34,145 [grpc-default-executor-1] INFO  client.GrpcClientProtocolClient (GrpcClientProtocolClient.java:onNext(264)) - client-8B023739F3BF->b50d6464-f54a-40d1-9f81-f1c19654fd05: receive RaftClientReply:client-8B023739F3BF->b50d6464-f54a-40d1-9f81-f1c19654fd05@group-1F53027F28E3, cid=3558, SUCCESS, logIndex=4995, commits[b50d6464-f54a-40d1-9f81-f1c19654fd05:c4997]
2019-09-12 09:26:34,145 [grpc-default-executor-1] INFO  client.GrpcClientProtocolClient (GrpcClientProtocolClient.java:onNext(264)) - client-8B023739F3BF->b50d6464-f54a-40d1-9f81-f1c19654fd05: receive RaftClientReply:client-8B023739F3BF->b50d6464-f54a-40d1-9f81-f1c19654fd05@group-1F53027F28E3, cid=3559, SUCCESS, logIndex=4996, commits[b50d6464-f54a-40d1-9f81-f1c19654fd05:c4997]
2019-09-12 09:26:34,145 [grpc-default-executor-1] INFO  client.GrpcClientProtocolClient (GrpcClientProtocolClient.java:onNext(264)) - client-8B023739F3BF->b50d6464-f54a-40d1-9f81-f1c19654fd05: receive RaftClientReply:client-8B023739F3BF->b50d6464-f54a-40d1-9f81-f1c19654fd05@group-1F53027F28E3, cid=3560, SUCCESS, logIndex=4997, commits[b50d6464-f54a-40d1-9f81-f1c19654fd05:c4998]
2019-09-12 09:26:34,152 [SCMBlockDeletingService#1] DEBUG block.SCMBlockDeletingService (SCMBlockDeletingService.java:call(138)) - Running DeletedBlockTransactionScanner
2019-09-12 09:26:34,152 [SCMBlockDeletingService#1] DEBUG block.SCMBlockDeletingService (SCMBlockDeletingService.java:call(155)) - Scanned deleted blocks log and got 0 delTX to process.
2019-09-12 09:26:34,170 [grpc-default-executor-1] INFO  client.GrpcClientProtocolClient (GrpcClientProtocolClient.java:onNext(264)) - client-8B023739F3BF->b50d6464-f54a-40d1-9f81-f1c19654fd05: receive RaftClientReply:client-8B023739F3BF->b50d6464-f54a-40d1-9f81-f1c19654fd05@group-1F53027F28E3, cid=3561, SUCCESS, logIndex=5000, commits[b50d6464-f54a-40d1-9f81-f1c19654fd05:c5001]
2019-09-12 09:26:34,171 [grpc-default-executor-1] INFO  client.GrpcClientProtocolClient (GrpcClientProtocolClient.java:onNext(264)) - client-8B023739F3BF->b50d6464-f54a-40d1-9f81-f1c19654fd05: receive RaftClientReply:client-8B023739F3BF->b50d6464-f54a-40d1-9f81-f1c19654fd05@group-1F53027F28E3, cid=3562, SUCCESS, logIndex=5001, commits[b50d6464-f54a-40d1-9f81-f1c19654fd05:c5003]
2019-09-12 09:26:34,171 [grpc-default-executor-1] INFO  client.GrpcClientProtocolClient (GrpcClientProtocolClient.java:onNext(264)) - client-8B023739F3BF->b50d6464-f54a-40d1-9f81-f1c19654fd05: receive RaftClientReply:client-8B023739F3BF->b50d6464-f54a-40d1-9f81-f1c19654fd05@group-1F53027F28E3, cid=3563, SUCCESS, logIndex=5002, commits[b50d6464-f54a-40d1-9f81-f1c19654fd05:c5003]
2019-09-12 09:26:34,171 [grpc-default-executor-1] INFO  client.GrpcClientProtocolClient (GrpcClientProtocolClient.java:onNext(264)) - client-8B023739F3BF->b50d6464-f54a-40d1-9f81-f1c19654fd05: receive RaftClientReply:client-8B023739F3BF->b50d6464-f54a-40d1-9f81-f1c19654fd05@group-1F53027F28E3, cid=3564, SUCCESS, logIndex=5003, commits[b50d6464-f54a-40d1-9f81-f1c19654fd05:c5004]
2019-09-12 09:26:34,189 [grpc-default-executor-1] INFO  client.GrpcClientProtocolClient (GrpcClientProtocolClient.java:onNext(264)) - client-8B023739F3BF->b50d6464-f54a-40d1-9f81-f1c19654fd05: receive RaftClientReply:client-8B023739F3BF->b50d6464-f54a-40d1-9f81-f1c19654fd05@group-1F53027F28E3, cid=3565, SUCCESS, logIndex=5006, commits[b50d6464-f54a-40d1-9f81-f1c19654fd05:c5007]
2019-09-12 09:26:34,189 [grpc-default-executor-1] INFO  client.GrpcClientProtocolClient (GrpcClientProtocolClient.java:onNext(264)) - client-8B023739F3BF->b50d6464-f54a-40d1-9f81-f1c19654fd05: receive RaftClientReply:client-8B023739F3BF->b50d6464-f54a-40d1-9f81-f1c19654fd05@group-1F53027F28E3, cid=3566, SUCCESS, logIndex=5007, commits[b50d6464-f54a-40d1-9f81-f1c19654fd05:c5009]
2019-09-12 09:26:34,189 [grpc-default-executor-1] INFO  client.GrpcClientProtocolClient (GrpcClientProtocolClient.java:onNext(264)) - client-8B023739F3BF->b50d6464-f54a-40d1-9f81-f1c19654fd05: receive RaftClientReply:client-8B023739F3BF->b50d6464-f54a-40d1-9f81-f1c19654fd05@group-1F53027F28E3, cid=3567, SUCCESS, logIndex=5008, commits[b50d6464-f54a-40d1-9f81-f1c19654fd05:c5009]
2019-09-12 09:26:34,189 [grpc-default-executor-1] INFO  client.GrpcClientProtocolClient (GrpcClientProtocolClient.java:onNext(264)) - client-8B023739F3BF->b50d6464-f54a-40d1-9f81-f1c19654fd05: receive RaftClientReply:client-8B023739F3BF->b50d6464-f54a-40d1-9f81-f1c19654fd05@group-1F53027F28E3, cid=3568, SUCCESS, logIndex=5009, commits[b50d6464-f54a-40d1-9f81-f1c19654fd05:c5009]
2019-09-12 09:26:34,217 [grpc-default-executor-2] INFO  client.GrpcClientProtocolClient (GrpcClientProtocolClient.java:onNext(264)) - client-8B023739F3BF->b50d6464-f54a-40d1-9f81-f1c19654fd05: receive RaftClientReply:client-8B023739F3BF->b50d6464-f54a-40d1-9f81-f1c19654fd05@group-1F53027F28E3, cid=3569, SUCCESS, logIndex=5012, commits[b50d6464-f54a-40d1-9f81-f1c19654fd05:c5015]
2019-09-12 09:26:34,217 [grpc-default-executor-2] INFO  client.GrpcClientProtocolClient (GrpcClientProtocolClient.java:onNext(264)) - client-8B023739F3BF->b50d6464-f54a-40d1-9f81-f1c19654fd05: receive RaftClientReply:client-8B023739F3BF->b50d6464-f54a-40d1-9f81-f1c19654fd05@group-1F53027F28E3, cid=3570, SUCCESS, logIndex=5013, commits[b50d6464-f54a-40d1-9f81-f1c19654fd05:c5016]
2019-09-12 09:26:34,217 [grpc-default-executor-2] INFO  client.GrpcClientProtocolClient (GrpcClientProtocolClient.java:onNext(264)) - client-8B023739F3BF->b50d6464-f54a-40d1-9f81-f1c19654fd05: receive RaftClientReply:client-8B023739F3BF->b50d6464-f54a-40d1-9f81-f1c19654fd05@group-1F53027F28E3, cid=3571, SUCCESS, logIndex=5014, commits[b50d6464-f54a-40d1-9f81-f1c19654fd05:c5016]
2019-09-12 09:26:34,217 [grpc-default-executor-2] INFO  client.GrpcClientProtocolClient (GrpcClientProtocolClient.java:onNext(264)) - client-8B023739F3BF->b50d6464-f54a-40d1-9f81-f1c19654fd05: receive RaftClientReply:client-8B023739F3BF->b50d6464-f54a-40d1-9f81-f1c19654fd05@group-1F53027F28E3, cid=3572, SUCCESS, logIndex=5015, commits[b50d6464-f54a-40d1-9f81-f1c19654fd05:c5016]
2019-09-12 09:26:34,235 [grpc-default-executor-1] INFO  client.GrpcClientProtocolClient (GrpcClientProtocolClient.java:onNext(264)) - client-8B023739F3BF->b50d6464-f54a-40d1-9f81-f1c19654fd05: receive RaftClientReply:client-8B023739F3BF->b50d6464-f54a-40d1-9f81-f1c19654fd05@group-1F53027F28E3, cid=3573, SUCCESS, logIndex=5017, commits[b50d6464-f54a-40d1-9f81-f1c19654fd05:c5018]
2019-09-12 09:26:34,235 [grpc-default-executor-1] INFO  client.GrpcClientProtocolClient (GrpcClientProtocolClient.java:onNext(264)) - client-8B023739F3BF->b50d6464-f54a-40d1-9f81-f1c19654fd05: receive RaftClientReply:client-8B023739F3BF->b50d6464-f54a-40d1-9f81-f1c19654fd05@group-1F53027F28E3, cid=3574, SUCCESS, logIndex=5018, commits[b50d6464-f54a-40d1-9f81-f1c19654fd05:c5020]
2019-09-12 09:26:34,235 [grpc-default-executor-1] INFO  client.GrpcClientProtocolClient (GrpcClientProtocolClient.java:onNext(264)) - client-8B023739F3BF->b50d6464-f54a-40d1-9f81-f1c19654fd05: receive RaftClientReply:client-8B023739F3BF->b50d6464-f54a-40d1-9f81-f1c19654fd05@group-1F53027F28E3, cid=3575, SUCCESS, logIndex=5019, commits[b50d6464-f54a-40d1-9f81-f1c19654fd05:c5020]
2019-09-12 09:26:34,236 [grpc-default-executor-1] INFO  client.GrpcClientProtocolClient (GrpcClientProtocolClient.java:onNext(264)) - client-8B023739F3BF->b50d6464-f54a-40d1-9f81-f1c19654fd05: receive RaftClientReply:client-8B023739F3BF->b50d6464-f54a-40d1-9f81-f1c19654fd05@group-1F53027F28E3, cid=3576, SUCCESS, logIndex=5020, commits[b50d6464-f54a-40d1-9f81-f1c19654fd05:c5021]
2019-09-12 09:26:34,252 [SCMBlockDeletingService#1] DEBUG block.SCMBlockDeletingService (SCMBlockDeletingService.java:call(138)) - Running DeletedBlockTransactionScanner
2019-09-12 09:26:34,252 [SCMBlockDeletingService#1] DEBUG block.SCMBlockDeletingService (SCMBlockDeletingService.java:call(155)) - Scanned deleted blocks log and got 0 delTX to process.
2019-09-12 09:26:34,263 [grpc-default-executor-2] INFO  client.GrpcClientProtocolClient (GrpcClientProtocolClient.java:onNext(264)) - client-8B023739F3BF->b50d6464-f54a-40d1-9f81-f1c19654fd05: receive RaftClientReply:client-8B023739F3BF->b50d6464-f54a-40d1-9f81-f1c19654fd05@group-1F53027F28E3, cid=3577, SUCCESS, logIndex=5023, commits[b50d6464-f54a-40d1-9f81-f1c19654fd05:c5024]
2019-09-12 09:26:34,264 [grpc-default-executor-2] INFO  client.GrpcClientProtocolClient (GrpcClientProtocolClient.java:onNext(264)) - client-8B023739F3BF->b50d6464-f54a-40d1-9f81-f1c19654fd05: receive RaftClientReply:client-8B023739F3BF->b50d6464-f54a-40d1-9f81-f1c19654fd05@group-1F53027F28E3, cid=3578, SUCCESS, logIndex=5024, commits[b50d6464-f54a-40d1-9f81-f1c19654fd05:c5026]
2019-09-12 09:26:34,264 [grpc-default-executor-2] INFO  client.GrpcClientProtocolClient (GrpcClientProtocolClient.java:onNext(264)) - client-8B023739F3BF->b50d6464-f54a-40d1-9f81-f1c19654fd05: receive RaftClientReply:client-8B023739F3BF->b50d6464-f54a-40d1-9f81-f1c19654fd05@group-1F53027F28E3, cid=3579, SUCCESS, logIndex=5025, commits[b50d6464-f54a-40d1-9f81-f1c19654fd05:c5027]
2019-09-12 09:26:34,264 [grpc-default-executor-2] INFO  client.GrpcClientProtocolClient (GrpcClientProtocolClient.java:onNext(264)) - client-8B023739F3BF->b50d6464-f54a-40d1-9f81-f1c19654fd05: receive RaftClientReply:client-8B023739F3BF->b50d6464-f54a-40d1-9f81-f1c19654fd05@group-1F53027F28E3, cid=3580, SUCCESS, logIndex=5026, commits[b50d6464-f54a-40d1-9f81-f1c19654fd05:c5028]
2019-09-12 09:26:34,353 [SCMBlockDeletingService#1] DEBUG block.SCMBlockDeletingService (SCMBlockDeletingService.java:call(138)) - Running DeletedBlockTransactionScanner
2019-09-12 09:26:34,353 [SCMBlockDeletingService#1] DEBUG block.SCMBlockDeletingService (SCMBlockDeletingService.java:call(155)) - Scanned deleted blocks log and got 0 delTX to process.
2019-09-12 09:26:34,469 [SCMBlockDeletingService#1] DEBUG block.SCMBlockDeletingService (SCMBlockDeletingService.java:call(138)) - Running DeletedBlockTransactionScanner
2019-09-12 09:26:34,469 [SCMBlockDeletingService#1] DEBUG block.SCMBlockDeletingService (SCMBlockDeletingService.java:call(155)) - Scanned deleted blocks log and got 0 delTX to process.
2019-09-12 09:26:34,495 [grpc-default-executor-2] INFO  client.GrpcClientProtocolClient (GrpcClientProtocolClient.java:onNext(264)) - client-8B023739F3BF->b50d6464-f54a-40d1-9f81-f1c19654fd05: receive RaftClientReply:client-8B023739F3BF->b50d6464-f54a-40d1-9f81-f1c19654fd05@group-1F53027F28E3, cid=3581, SUCCESS, logIndex=5029, commits[b50d6464-f54a-40d1-9f81-f1c19654fd05:c5030]
2019-09-12 09:26:34,495 [grpc-default-executor-2] INFO  client.GrpcClientProtocolClient (GrpcClientProtocolClient.java:onNext(264)) - client-8B023739F3BF->b50d6464-f54a-40d1-9f81-f1c19654fd05: receive RaftClientReply:client-8B023739F3BF->b50d6464-f54a-40d1-9f81-f1c19654fd05@group-1F53027F28E3, cid=3582, SUCCESS, logIndex=5030, commits[b50d6464-f54a-40d1-9f81-f1c19654fd05:c5032]
2019-09-12 09:26:34,496 [grpc-default-executor-2] INFO  client.GrpcClientProtocolClient (GrpcClientProtocolClient.java:onNext(264)) - client-8B023739F3BF->b50d6464-f54a-40d1-9f81-f1c19654fd05: receive RaftClientReply:client-8B023739F3BF->b50d6464-f54a-40d1-9f81-f1c19654fd05@group-1F53027F28E3, cid=3583, SUCCESS, logIndex=5031, commits[b50d6464-f54a-40d1-9f81-f1c19654fd05:c5033]
2019-09-12 09:26:34,496 [grpc-default-executor-2] INFO  client.GrpcClientProtocolClient (GrpcClientProtocolClient.java:onNext(264)) - client-8B023739F3BF->b50d6464-f54a-40d1-9f81-f1c19654fd05: receive RaftClientReply:client-8B023739F3BF->b50d6464-f54a-40d1-9f81-f1c19654fd05@group-1F53027F28E3, cid=3584, SUCCESS, logIndex=5032, commits[b50d6464-f54a-40d1-9f81-f1c19654fd05:c5033]
2019-09-12 09:26:34,525 [grpc-default-executor-1] INFO  client.GrpcClientProtocolClient (GrpcClientProtocolClient.java:onNext(264)) - client-8B023739F3BF->b50d6464-f54a-40d1-9f81-f1c19654fd05: receive RaftClientReply:client-8B023739F3BF->b50d6464-f54a-40d1-9f81-f1c19654fd05@group-1F53027F28E3, cid=3585, SUCCESS, logIndex=5035, commits[b50d6464-f54a-40d1-9f81-f1c19654fd05:c5036]
2019-09-12 09:26:34,526 [grpc-default-executor-1] INFO  client.GrpcClientProtocolClient (GrpcClientProtocolClient.java:onNext(264)) - client-8B023739F3BF->b50d6464-f54a-40d1-9f81-f1c19654fd05: receive RaftClientReply:client-8B023739F3BF->b50d6464-f54a-40d1-9f81-f1c19654fd05@group-1F53027F28E3, cid=3586, SUCCESS, logIndex=5036, commits[b50d6464-f54a-40d1-9f81-f1c19654fd05:c5038]
2019-09-12 09:26:34,526 [grpc-default-executor-1] INFO  client.GrpcClientProtocolClient (GrpcClientProtocolClient.java:onNext(264)) - client-8B023739F3BF->b50d6464-f54a-40d1-9f81-f1c19654fd05: receive RaftClientReply:client-8B023739F3BF->b50d6464-f54a-40d1-9f81-f1c19654fd05@group-1F53027F28E3, cid=3587, SUCCESS, logIndex=5037, commits[b50d6464-f54a-40d1-9f81-f1c19654fd05:c5038]
2019-09-12 09:26:34,526 [grpc-default-executor-1] INFO  client.GrpcClientProtocolClient (GrpcClientProtocolClient.java:onNext(264)) - client-8B023739F3BF->b50d6464-f54a-40d1-9f81-f1c19654fd05: receive RaftClientReply:client-8B023739F3BF->b50d6464-f54a-40d1-9f81-f1c19654fd05@group-1F53027F28E3, cid=3588, SUCCESS, logIndex=5038, commits[b50d6464-f54a-40d1-9f81-f1c19654fd05:c5038]
2019-09-12 09:26:34,546 [grpc-default-executor-1] INFO  client.GrpcClientProtocolClient (GrpcClientProtocolClient.java:onNext(264)) - client-8B023739F3BF->b50d6464-f54a-40d1-9f81-f1c19654fd05: receive RaftClientReply:client-8B023739F3BF->b50d6464-f54a-40d1-9f81-f1c19654fd05@group-1F53027F28E3, cid=3589, SUCCESS, logIndex=5041, commits[b50d6464-f54a-40d1-9f81-f1c19654fd05:c5042]
2019-09-12 09:26:34,546 [grpc-default-executor-1] INFO  client.GrpcClientProtocolClient (GrpcClientProtocolClient.java:onNext(264)) - client-8B023739F3BF->b50d6464-f54a-40d1-9f81-f1c19654fd05: receive RaftClientReply:client-8B023739F3BF->b50d6464-f54a-40d1-9f81-f1c19654fd05@group-1F53027F28E3, cid=3590, SUCCESS, logIndex=5042, commits[b50d6464-f54a-40d1-9f81-f1c19654fd05:c5044]
2019-09-12 09:26:34,546 [grpc-default-executor-1] INFO  client.GrpcClientProtocolClient (GrpcClientProtocolClient.java:onNext(264)) - client-8B023739F3BF->b50d6464-f54a-40d1-9f81-f1c19654fd05: receive RaftClientReply:client-8B023739F3BF->b50d6464-f54a-40d1-9f81-f1c19654fd05@group-1F53027F28E3, cid=3591, SUCCESS, logIndex=5043, commits[b50d6464-f54a-40d1-9f81-f1c19654fd05:c5045]
2019-09-12 09:26:34,546 [grpc-default-executor-1] INFO  client.GrpcClientProtocolClient (GrpcClientProtocolClient.java:onNext(264)) - client-8B023739F3BF->b50d6464-f54a-40d1-9f81-f1c19654fd05: receive RaftClientReply:client-8B023739F3BF->b50d6464-f54a-40d1-9f81-f1c19654fd05@group-1F53027F28E3, cid=3592, SUCCESS, logIndex=5044, commits[b50d6464-f54a-40d1-9f81-f1c19654fd05:c5045]
2019-09-12 09:26:34,570 [SCMBlockDeletingService#1] DEBUG block.SCMBlockDeletingService (SCMBlockDeletingService.java:call(138)) - Running DeletedBlockTransactionScanner
2019-09-12 09:26:34,570 [SCMBlockDeletingService#1] DEBUG block.SCMBlockDeletingService (SCMBlockDeletingService.java:call(155)) - Scanned deleted blocks log and got 0 delTX to process.
2019-09-12 09:26:34,579 [grpc-default-executor-1] INFO  client.GrpcClientProtocolClient (GrpcClientProtocolClient.java:onNext(264)) - client-8B023739F3BF->b50d6464-f54a-40d1-9f81-f1c19654fd05: receive RaftClientReply:client-8B023739F3BF->b50d6464-f54a-40d1-9f81-f1c19654fd05@group-1F53027F28E3, cid=3593, SUCCESS, logIndex=5047, commits[b50d6464-f54a-40d1-9f81-f1c19654fd05:c5050]
2019-09-12 09:26:34,579 [grpc-default-executor-1] INFO  client.GrpcClientProtocolClient (GrpcClientProtocolClient.java:onNext(264)) - client-8B023739F3BF->b50d6464-f54a-40d1-9f81-f1c19654fd05: receive RaftClientReply:client-8B023739F3BF->b50d6464-f54a-40d1-9f81-f1c19654fd05@group-1F53027F28E3, cid=3594, SUCCESS, logIndex=5048, commits[b50d6464-f54a-40d1-9f81-f1c19654fd05:c5051]
2019-09-12 09:26:34,580 [grpc-default-executor-1] INFO  client.GrpcClientProtocolClient (GrpcClientProtocolClient.java:onNext(264)) - client-8B023739F3BF->b50d6464-f54a-40d1-9f81-f1c19654fd05: receive RaftClientReply:client-8B023739F3BF->b50d6464-f54a-40d1-9f81-f1c19654fd05@group-1F53027F28E3, cid=3595, SUCCESS, logIndex=5049, commits[b50d6464-f54a-40d1-9f81-f1c19654fd05:c5051]
2019-09-12 09:26:34,580 [grpc-default-executor-1] INFO  client.GrpcClientProtocolClient (GrpcClientProtocolClient.java:onNext(264)) - client-8B023739F3BF->b50d6464-f54a-40d1-9f81-f1c19654fd05: receive RaftClientReply:client-8B023739F3BF->b50d6464-f54a-40d1-9f81-f1c19654fd05@group-1F53027F28E3, cid=3596, SUCCESS, logIndex=5050, commits[b50d6464-f54a-40d1-9f81-f1c19654fd05:c5051]
2019-09-12 09:26:34,599 [grpc-default-executor-1] INFO  client.GrpcClientProtocolClient (GrpcClientProtocolClient.java:onNext(264)) - client-8B023739F3BF->b50d6464-f54a-40d1-9f81-f1c19654fd05: receive RaftClientReply:client-8B023739F3BF->b50d6464-f54a-40d1-9f81-f1c19654fd05@group-1F53027F28E3, cid=3597, SUCCESS, logIndex=5052, commits[b50d6464-f54a-40d1-9f81-f1c19654fd05:c5055]
2019-09-12 09:26:34,599 [grpc-default-executor-1] INFO  client.GrpcClientProtocolClient (GrpcClientProtocolClient.java:onNext(264)) - client-8B023739F3BF->b50d6464-f54a-40d1-9f81-f1c19654fd05: receive RaftClientReply:client-8B023739F3BF->b50d6464-f54a-40d1-9f81-f1c19654fd05@group-1F53027F28E3, cid=3598, SUCCESS, logIndex=5053, commits[b50d6464-f54a-40d1-9f81-f1c19654fd05:c5055]
2019-09-12 09:26:34,600 [grpc-default-executor-1] INFO  client.GrpcClientProtocolClient (GrpcClientProtocolClient.java:onNext(264)) - client-8B023739F3BF->b50d6464-f54a-40d1-9f81-f1c19654fd05: receive RaftClientReply:client-8B023739F3BF->b50d6464-f54a-40d1-9f81-f1c19654fd05@group-1F53027F28E3, cid=3599, SUCCESS, logIndex=5054, commits[b50d6464-f54a-40d1-9f81-f1c19654fd05:c5055]
2019-09-12 09:26:34,600 [grpc-default-executor-1] INFO  client.GrpcClientProtocolClient (GrpcClientProtocolClient.java:onNext(264)) - client-8B023739F3BF->b50d6464-f54a-40d1-9f81-f1c19654fd05: receive RaftClientReply:client-8B023739F3BF->b50d6464-f54a-40d1-9f81-f1c19654fd05@group-1F53027F28E3, cid=3600, SUCCESS, logIndex=5055, commits[b50d6464-f54a-40d1-9f81-f1c19654fd05:c5056]
2019-09-12 09:26:34,632 [grpc-default-executor-1] INFO  client.GrpcClientProtocolClient (GrpcClientProtocolClient.java:onNext(264)) - client-8B023739F3BF->b50d6464-f54a-40d1-9f81-f1c19654fd05: receive RaftClientReply:client-8B023739F3BF->b50d6464-f54a-40d1-9f81-f1c19654fd05@group-1F53027F28E3, cid=3601, SUCCESS, logIndex=5058, commits[b50d6464-f54a-40d1-9f81-f1c19654fd05:c5059]
2019-09-12 09:26:34,633 [grpc-default-executor-1] INFO  client.GrpcClientProtocolClient (GrpcClientProtocolClient.java:onNext(264)) - client-8B023739F3BF->b50d6464-f54a-40d1-9f81-f1c19654fd05: receive RaftClientReply:client-8B023739F3BF->b50d6464-f54a-40d1-9f81-f1c19654fd05@group-1F53027F28E3, cid=3602, SUCCESS, logIndex=5059, commits[b50d6464-f54a-40d1-9f81-f1c19654fd05:c5059]
2019-09-12 09:26:34,634 [grpc-default-executor-1] INFO  client.GrpcClientProtocolClient (GrpcClientProtocolClient.java:onNext(264)) - client-8B023739F3BF->b50d6464-f54a-40d1-9f81-f1c19654fd05: receive RaftClientReply:client-8B023739F3BF->b50d6464-f54a-40d1-9f81-f1c19654fd05@group-1F53027F28E3, cid=3603, SUCCESS, logIndex=5060, commits[b50d6464-f54a-40d1-9f81-f1c19654fd05:c5062]
2019-09-12 09:26:34,635 [grpc-default-executor-1] INFO  client.GrpcClientProtocolClient (GrpcClientProtocolClient.java:onNext(264)) - client-8B023739F3BF->b50d6464-f54a-40d1-9f81-f1c19654fd05: receive RaftClientReply:client-8B023739F3BF->b50d6464-f54a-40d1-9f81-f1c19654fd05@group-1F53027F28E3, cid=3604, SUCCESS, logIndex=5061, commits[b50d6464-f54a-40d1-9f81-f1c19654fd05:c5062]
2019-09-12 09:26:34,654 [grpc-default-executor-1] INFO  client.GrpcClientProtocolClient (GrpcClientProtocolClient.java:onNext(264)) - client-8B023739F3BF->b50d6464-f54a-40d1-9f81-f1c19654fd05: receive RaftClientReply:client-8B023739F3BF->b50d6464-f54a-40d1-9f81-f1c19654fd05@group-1F53027F28E3, cid=3605, SUCCESS, logIndex=5063, commits[b50d6464-f54a-40d1-9f81-f1c19654fd05:c5064]
2019-09-12 09:26:34,654 [grpc-default-executor-1] INFO  client.GrpcClientProtocolClient (GrpcClientProtocolClient.java:onNext(264)) - client-8B023739F3BF->b50d6464-f54a-40d1-9f81-f1c19654fd05: receive RaftClientReply:client-8B023739F3BF->b50d6464-f54a-40d1-9f81-f1c19654fd05@group-1F53027F28E3, cid=3606, SUCCESS, logIndex=5064, commits[b50d6464-f54a-40d1-9f81-f1c19654fd05:c5064]
2019-09-12 09:26:34,655 [grpc-default-executor-1] INFO  client.GrpcClientProtocolClient (GrpcClientProtocolClient.java:onNext(264)) - client-8B023739F3BF->b50d6464-f54a-40d1-9f81-f1c19654fd05: receive RaftClientReply:client-8B023739F3BF->b50d6464-f54a-40d1-9f81-f1c19654fd05@group-1F53027F28E3, cid=3607, SUCCESS, logIndex=5065, commits[b50d6464-f54a-40d1-9f81-f1c19654fd05:c5066]
2019-09-12 09:26:34,655 [grpc-default-executor-1] INFO  client.GrpcClientProtocolClient (GrpcClientProtocolClient.java:onNext(264)) - client-8B023739F3BF->b50d6464-f54a-40d1-9f81-f1c19654fd05: receive RaftClientReply:client-8B023739F3BF->b50d6464-f54a-40d1-9f81-f1c19654fd05@group-1F53027F28E3, cid=3608, SUCCESS, logIndex=5066, commits[b50d6464-f54a-40d1-9f81-f1c19654fd05:c5066]
2019-09-12 09:26:34,671 [SCMBlockDeletingService#1] DEBUG block.SCMBlockDeletingService (SCMBlockDeletingService.java:call(138)) - Running DeletedBlockTransactionScanner
2019-09-12 09:26:34,671 [SCMBlockDeletingService#1] DEBUG block.SCMBlockDeletingService (SCMBlockDeletingService.java:call(155)) - Scanned deleted blocks log and got 0 delTX to process.
2019-09-12 09:26:34,685 [grpc-default-executor-1] INFO  client.GrpcClientProtocolClient (GrpcClientProtocolClient.java:onNext(264)) - client-8B023739F3BF->b50d6464-f54a-40d1-9f81-f1c19654fd05: receive RaftClientReply:client-8B023739F3BF->b50d6464-f54a-40d1-9f81-f1c19654fd05@group-1F53027F28E3, cid=3609, SUCCESS, logIndex=5069, commits[b50d6464-f54a-40d1-9f81-f1c19654fd05:c5070]
2019-09-12 09:26:34,686 [grpc-default-executor-1] INFO  client.GrpcClientProtocolClient (GrpcClientProtocolClient.java:onNext(264)) - client-8B023739F3BF->b50d6464-f54a-40d1-9f81-f1c19654fd05: receive RaftClientReply:client-8B023739F3BF->b50d6464-f54a-40d1-9f81-f1c19654fd05@group-1F53027F28E3, cid=3610, SUCCESS, logIndex=5070, commits[b50d6464-f54a-40d1-9f81-f1c19654fd05:c5073]
2019-09-12 09:26:34,686 [grpc-default-executor-1] INFO  client.GrpcClientProtocolClient (GrpcClientProtocolClient.java:onNext(264)) - client-8B023739F3BF->b50d6464-f54a-40d1-9f81-f1c19654fd05: receive RaftClientReply:client-8B023739F3BF->b50d6464-f54a-40d1-9f81-f1c19654fd05@group-1F53027F28E3, cid=3611, SUCCESS, logIndex=5071, commits[b50d6464-f54a-40d1-9f81-f1c19654fd05:c5074]
2019-09-12 09:26:34,687 [grpc-default-executor-1] INFO  client.GrpcClientProtocolClient (GrpcClientProtocolClient.java:onNext(264)) - client-8B023739F3BF->b50d6464-f54a-40d1-9f81-f1c19654fd05: receive RaftClientReply:client-8B023739F3BF->b50d6464-f54a-40d1-9f81-f1c19654fd05@group-1F53027F28E3, cid=3612, SUCCESS, logIndex=5072, commits[b50d6464-f54a-40d1-9f81-f1c19654fd05:c5074]
2019-09-12 09:26:34,706 [grpc-default-executor-1] INFO  client.GrpcClientProtocolClient (GrpcClientProtocolClient.java:onNext(264)) - client-8B023739F3BF->b50d6464-f54a-40d1-9f81-f1c19654fd05: receive RaftClientReply:client-8B023739F3BF->b50d6464-f54a-40d1-9f81-f1c19654fd05@group-1F53027F28E3, cid=3613, SUCCESS, logIndex=5075, commits[b50d6464-f54a-40d1-9f81-f1c19654fd05:c5076]
2019-09-12 09:26:34,707 [grpc-default-executor-1] INFO  client.GrpcClientProtocolClient (GrpcClientProtocolClient.java:onNext(264)) - client-8B023739F3BF->b50d6464-f54a-40d1-9f81-f1c19654fd05: receive RaftClientReply:client-8B023739F3BF->b50d6464-f54a-40d1-9f81-f1c19654fd05@group-1F53027F28E3, cid=3614, SUCCESS, logIndex=5076, commits[b50d6464-f54a-40d1-9f81-f1c19654fd05:c5078]
2019-09-12 09:26:34,707 [grpc-default-executor-1] INFO  client.GrpcClientProtocolClient (GrpcClientProtocolClient.java:onNext(264)) - client-8B023739F3BF->b50d6464-f54a-40d1-9f81-f1c19654fd05: receive RaftClientReply:client-8B023739F3BF->b50d6464-f54a-40d1-9f81-f1c19654fd05@group-1F53027F28E3, cid=3615, SUCCESS, logIndex=5077, commits[b50d6464-f54a-40d1-9f81-f1c19654fd05:c5079]
2019-09-12 09:26:34,707 [grpc-default-executor-2] INFO  client.GrpcClientProtocolClient (GrpcClientProtocolClient.java:onNext(264)) - client-8B023739F3BF->b50d6464-f54a-40d1-9f81-f1c19654fd05: receive RaftClientReply:client-8B023739F3BF->b50d6464-f54a-40d1-9f81-f1c19654fd05@group-1F53027F28E3, cid=3616, SUCCESS, logIndex=5078, commits[b50d6464-f54a-40d1-9f81-f1c19654fd05:c5079]
2019-09-12 09:26:34,736 [grpc-default-executor-1] INFO  client.GrpcClientProtocolClient (GrpcClientProtocolClient.java:onNext(264)) - client-8B023739F3BF->b50d6464-f54a-40d1-9f81-f1c19654fd05: receive RaftClientReply:client-8B023739F3BF->b50d6464-f54a-40d1-9f81-f1c19654fd05@group-1F53027F28E3, cid=3617, SUCCESS, logIndex=5081, commits[b50d6464-f54a-40d1-9f81-f1c19654fd05:c5082]
2019-09-12 09:26:34,737 [grpc-default-executor-1] INFO  client.GrpcClientProtocolClient (GrpcClientProtocolClient.java:onNext(264)) - client-8B023739F3BF->b50d6464-f54a-40d1-9f81-f1c19654fd05: receive RaftClientReply:client-8B023739F3BF->b50d6464-f54a-40d1-9f81-f1c19654fd05@group-1F53027F28E3, cid=3618, SUCCESS, logIndex=5082, commits[b50d6464-f54a-40d1-9f81-f1c19654fd05:c5084]
2019-09-12 09:26:34,737 [grpc-default-executor-1] INFO  client.GrpcClientProtocolClient (GrpcClientProtocolClient.java:onNext(264)) - client-8B023739F3BF->b50d6464-f54a-40d1-9f81-f1c19654fd05: receive RaftClientReply:client-8B023739F3BF->b50d6464-f54a-40d1-9f81-f1c19654fd05@group-1F53027F28E3, cid=3619, SUCCESS, logIndex=5083, commits[b50d6464-f54a-40d1-9f81-f1c19654fd05:c5085]
2019-09-12 09:26:34,737 [grpc-default-executor-1] INFO  client.GrpcClientProtocolClient (GrpcClientProtocolClient.java:onNext(264)) - client-8B023739F3BF->b50d6464-f54a-40d1-9f81-f1c19654fd05: receive RaftClientReply:client-8B023739F3BF->b50d6464-f54a-40d1-9f81-f1c19654fd05@group-1F53027F28E3, cid=3620, SUCCESS, logIndex=5084, commits[b50d6464-f54a-40d1-9f81-f1c19654fd05:c5085]
2019-09-12 09:26:34,758 [grpc-default-executor-2] INFO  client.GrpcClientProtocolClient (GrpcClientProtocolClient.java:onNext(264)) - client-8B023739F3BF->b50d6464-f54a-40d1-9f81-f1c19654fd05: receive RaftClientReply:client-8B023739F3BF->b50d6464-f54a-40d1-9f81-f1c19654fd05@group-1F53027F28E3, cid=3621, SUCCESS, logIndex=5087, commits[b50d6464-f54a-40d1-9f81-f1c19654fd05:c5090]
2019-09-12 09:26:34,759 [grpc-default-executor-2] INFO  client.GrpcClientProtocolClient (GrpcClientProtocolClient.java:onNext(264)) - client-8B023739F3BF->b50d6464-f54a-40d1-9f81-f1c19654fd05: receive RaftClientReply:client-8B023739F3BF->b50d6464-f54a-40d1-9f81-f1c19654fd05@group-1F53027F28E3, cid=3622, SUCCESS, logIndex=5088, commits[b50d6464-f54a-40d1-9f81-f1c19654fd05:c5091]
2019-09-12 09:26:34,759 [grpc-default-executor-2] INFO  client.GrpcClientProtocolClient (GrpcClientProtocolClient.java:onNext(264)) - client-8B023739F3BF->b50d6464-f54a-40d1-9f81-f1c19654fd05: receive RaftClientReply:client-8B023739F3BF->b50d6464-f54a-40d1-9f81-f1c19654fd05@group-1F53027F28E3, cid=3623, SUCCESS, logIndex=5089, commits[b50d6464-f54a-40d1-9f81-f1c19654fd05:c5091]
2019-09-12 09:26:34,759 [grpc-default-executor-2] INFO  client.GrpcClientProtocolClient (GrpcClientProtocolClient.java:onNext(264)) - client-8B023739F3BF->b50d6464-f54a-40d1-9f81-f1c19654fd05: receive RaftClientReply:client-8B023739F3BF->b50d6464-f54a-40d1-9f81-f1c19654fd05@group-1F53027F28E3, cid=3624, SUCCESS, logIndex=5090, commits[b50d6464-f54a-40d1-9f81-f1c19654fd05:c5091]
2019-09-12 09:26:34,771 [SCMBlockDeletingService#1] DEBUG block.SCMBlockDeletingService (SCMBlockDeletingService.java:call(138)) - Running DeletedBlockTransactionScanner
2019-09-12 09:26:34,772 [SCMBlockDeletingService#1] DEBUG block.SCMBlockDeletingService (SCMBlockDeletingService.java:call(155)) - Scanned deleted blocks log and got 0 delTX to process.
2019-09-12 09:26:34,872 [SCMBlockDeletingService#1] DEBUG block.SCMBlockDeletingService (SCMBlockDeletingService.java:call(138)) - Running DeletedBlockTransactionScanner
2019-09-12 09:26:34,872 [SCMBlockDeletingService#1] DEBUG block.SCMBlockDeletingService (SCMBlockDeletingService.java:call(155)) - Scanned deleted blocks log and got 0 delTX to process.
2019-09-12 09:26:34,887 [grpc-default-executor-2] INFO  client.GrpcClientProtocolClient (GrpcClientProtocolClient.java:onNext(264)) - client-8B023739F3BF->b50d6464-f54a-40d1-9f81-f1c19654fd05: receive RaftClientReply:client-8B023739F3BF->b50d6464-f54a-40d1-9f81-f1c19654fd05@group-1F53027F28E3, cid=3625, SUCCESS, logIndex=5092, commits[b50d6464-f54a-40d1-9f81-f1c19654fd05:c5095]
2019-09-12 09:26:34,888 [grpc-default-executor-2] INFO  client.GrpcClientProtocolClient (GrpcClientProtocolClient.java:onNext(264)) - client-8B023739F3BF->b50d6464-f54a-40d1-9f81-f1c19654fd05: receive RaftClientReply:client-8B023739F3BF->b50d6464-f54a-40d1-9f81-f1c19654fd05@group-1F53027F28E3, cid=3626, SUCCESS, logIndex=5093, commits[b50d6464-f54a-40d1-9f81-f1c19654fd05:c5096]
2019-09-12 09:26:34,888 [grpc-default-executor-2] INFO  client.GrpcClientProtocolClient (GrpcClientProtocolClient.java:onNext(264)) - client-8B023739F3BF->b50d6464-f54a-40d1-9f81-f1c19654fd05: receive RaftClientReply:client-8B023739F3BF->b50d6464-f54a-40d1-9f81-f1c19654fd05@group-1F53027F28E3, cid=3627, SUCCESS, logIndex=5094, commits[b50d6464-f54a-40d1-9f81-f1c19654fd05:c5096]
2019-09-12 09:26:34,888 [grpc-default-executor-2] INFO  client.GrpcClientProtocolClient (GrpcClientProtocolClient.java:onNext(264)) - client-8B023739F3BF->b50d6464-f54a-40d1-9f81-f1c19654fd05: receive RaftClientReply:client-8B023739F3BF->b50d6464-f54a-40d1-9f81-f1c19654fd05@group-1F53027F28E3, cid=3628, SUCCESS, logIndex=5095, commits[b50d6464-f54a-40d1-9f81-f1c19654fd05:c5096]
2019-09-12 09:26:34,909 [grpc-default-executor-2] INFO  client.GrpcClientProtocolClient (GrpcClientProtocolClient.java:onNext(264)) - client-8B023739F3BF->b50d6464-f54a-40d1-9f81-f1c19654fd05: receive RaftClientReply:client-8B023739F3BF->b50d6464-f54a-40d1-9f81-f1c19654fd05@group-1F53027F28E3, cid=3629, SUCCESS, logIndex=5097, commits[b50d6464-f54a-40d1-9f81-f1c19654fd05:c5100]
2019-09-12 09:26:34,911 [grpc-default-executor-2] INFO  client.GrpcClientProtocolClient (GrpcClientProtocolClient.java:onNext(264)) - client-8B023739F3BF->b50d6464-f54a-40d1-9f81-f1c19654fd05: receive RaftClientReply:client-8B023739F3BF->b50d6464-f54a-40d1-9f81-f1c19654fd05@group-1F53027F28E3, cid=3630, SUCCESS, logIndex=5098, commits[b50d6464-f54a-40d1-9f81-f1c19654fd05:c5101]
2019-09-12 09:26:34,911 [grpc-default-executor-2] INFO  client.GrpcClientProtocolClient (GrpcClientProtocolClient.java:onNext(264)) - client-8B023739F3BF->b50d6464-f54a-40d1-9f81-f1c19654fd05: receive RaftClientReply:client-8B023739F3BF->b50d6464-f54a-40d1-9f81-f1c19654fd05@group-1F53027F28E3, cid=3631, SUCCESS, logIndex=5099, commits[b50d6464-f54a-40d1-9f81-f1c19654fd05:c5101]
2019-09-12 09:26:34,912 [grpc-default-executor-2] INFO  client.GrpcClientProtocolClient (GrpcClientProtocolClient.java:onNext(264)) - client-8B023739F3BF->b50d6464-f54a-40d1-9f81-f1c19654fd05: receive RaftClientReply:client-8B023739F3BF->b50d6464-f54a-40d1-9f81-f1c19654fd05@group-1F53027F28E3, cid=3632, SUCCESS, logIndex=5100, commits[b50d6464-f54a-40d1-9f81-f1c19654fd05:c5101]
2019-09-12 09:26:34,942 [grpc-default-executor-2] INFO  client.GrpcClientProtocolClient (GrpcClientProtocolClient.java:onNext(264)) - client-8B023739F3BF->b50d6464-f54a-40d1-9f81-f1c19654fd05: receive RaftClientReply:client-8B023739F3BF->b50d6464-f54a-40d1-9f81-f1c19654fd05@group-1F53027F28E3, cid=3633, SUCCESS, logIndex=5102, commits[b50d6464-f54a-40d1-9f81-f1c19654fd05:c5105]
2019-09-12 09:26:34,942 [grpc-default-executor-2] INFO  client.GrpcClientProtocolClient (GrpcClientProtocolClient.java:onNext(264)) - client-8B023739F3BF->b50d6464-f54a-40d1-9f81-f1c19654fd05: receive RaftClientReply:client-8B023739F3BF->b50d6464-f54a-40d1-9f81-f1c19654fd05@group-1F53027F28E3, cid=3634, SUCCESS, logIndex=5103, commits[b50d6464-f54a-40d1-9f81-f1c19654fd05:c5106]
2019-09-12 09:26:34,943 [grpc-default-executor-2] INFO  client.GrpcClientProtocolClient (GrpcClientProtocolClient.java:onNext(264)) - client-8B023739F3BF->b50d6464-f54a-40d1-9f81-f1c19654fd05: receive RaftClientReply:client-8B023739F3BF->b50d6464-f54a-40d1-9f81-f1c19654fd05@group-1F53027F28E3, cid=3635, SUCCESS, logIndex=5104, commits[b50d6464-f54a-40d1-9f81-f1c19654fd05:c5106]
2019-09-12 09:26:34,943 [grpc-default-executor-2] INFO  client.GrpcClientProtocolClient (GrpcClientProtocolClient.java:onNext(264)) - client-8B023739F3BF->b50d6464-f54a-40d1-9f81-f1c19654fd05: receive RaftClientReply:client-8B023739F3BF->b50d6464-f54a-40d1-9f81-f1c19654fd05@group-1F53027F28E3, cid=3636, SUCCESS, logIndex=5105, commits[b50d6464-f54a-40d1-9f81-f1c19654fd05:c5106]
2019-09-12 09:26:34,963 [grpc-default-executor-2] INFO  client.GrpcClientProtocolClient (GrpcClientProtocolClient.java:onNext(264)) - client-8B023739F3BF->b50d6464-f54a-40d1-9f81-f1c19654fd05: receive RaftClientReply:client-8B023739F3BF->b50d6464-f54a-40d1-9f81-f1c19654fd05@group-1F53027F28E3, cid=3637, SUCCESS, logIndex=5107, commits[b50d6464-f54a-40d1-9f81-f1c19654fd05:c5110]
2019-09-12 09:26:34,964 [grpc-default-executor-2] INFO  client.GrpcClientProtocolClient (GrpcClientProtocolClient.java:onNext(264)) - client-8B023739F3BF->b50d6464-f54a-40d1-9f81-f1c19654fd05: receive RaftClientReply:client-8B023739F3BF->b50d6464-f54a-40d1-9f81-f1c19654fd05@group-1F53027F28E3, cid=3638, SUCCESS, logIndex=5108, commits[b50d6464-f54a-40d1-9f81-f1c19654fd05:c5110]
2019-09-12 09:26:34,964 [grpc-default-executor-2] INFO  client.GrpcClientProtocolClient (GrpcClientProtocolClient.java:onNext(264)) - client-8B023739F3BF->b50d6464-f54a-40d1-9f81-f1c19654fd05: receive RaftClientReply:client-8B023739F3BF->b50d6464-f54a-40d1-9f81-f1c19654fd05@group-1F53027F28E3, cid=3639, SUCCESS, logIndex=5109, commits[b50d6464-f54a-40d1-9f81-f1c19654fd05:c5111]
2019-09-12 09:26:34,964 [grpc-default-executor-2] INFO  client.GrpcClientProtocolClient (GrpcClientProtocolClient.java:onNext(264)) - client-8B023739F3BF->b50d6464-f54a-40d1-9f81-f1c19654fd05: receive RaftClientReply:client-8B023739F3BF->b50d6464-f54a-40d1-9f81-f1c19654fd05@group-1F53027F28E3, cid=3640, SUCCESS, logIndex=5110, commits[b50d6464-f54a-40d1-9f81-f1c19654fd05:c5111]
2019-09-12 09:26:34,972 [SCMBlockDeletingService#1] DEBUG block.SCMBlockDeletingService (SCMBlockDeletingService.java:call(138)) - Running DeletedBlockTransactionScanner
2019-09-12 09:26:34,973 [SCMBlockDeletingService#1] DEBUG block.SCMBlockDeletingService (SCMBlockDeletingService.java:call(155)) - Scanned deleted blocks log and got 0 delTX to process.
2019-09-12 09:26:34,993 [grpc-default-executor-2] INFO  client.GrpcClientProtocolClient (GrpcClientProtocolClient.java:onNext(264)) - client-8B023739F3BF->b50d6464-f54a-40d1-9f81-f1c19654fd05: receive RaftClientReply:client-8B023739F3BF->b50d6464-f54a-40d1-9f81-f1c19654fd05@group-1F53027F28E3, cid=3641, SUCCESS, logIndex=5112, commits[b50d6464-f54a-40d1-9f81-f1c19654fd05:c5115]
2019-09-12 09:26:34,994 [grpc-default-executor-2] INFO  client.GrpcClientProtocolClient (GrpcClientProtocolClient.java:onNext(264)) - client-8B023739F3BF->b50d6464-f54a-40d1-9f81-f1c19654fd05: receive RaftClientReply:client-8B023739F3BF->b50d6464-f54a-40d1-9f81-f1c19654fd05@group-1F53027F28E3, cid=3642, SUCCESS, logIndex=5113, commits[b50d6464-f54a-40d1-9f81-f1c19654fd05:c5116]
2019-09-12 09:26:34,994 [grpc-default-executor-2] INFO  client.GrpcClientProtocolClient (GrpcClientProtocolClient.java:onNext(264)) - client-8B023739F3BF->b50d6464-f54a-40d1-9f81-f1c19654fd05: receive RaftClientReply:client-8B023739F3BF->b50d6464-f54a-40d1-9f81-f1c19654fd05@group-1F53027F28E3, cid=3643, SUCCESS, logIndex=5114, commits[b50d6464-f54a-40d1-9f81-f1c19654fd05:c5116]
2019-09-12 09:26:34,994 [grpc-default-executor-2] INFO  client.GrpcClientProtocolClient (GrpcClientProtocolClient.java:onNext(264)) - client-8B023739F3BF->b50d6464-f54a-40d1-9f81-f1c19654fd05: receive RaftClientReply:client-8B023739F3BF->b50d6464-f54a-40d1-9f81-f1c19654fd05@group-1F53027F28E3, cid=3644, SUCCESS, logIndex=5115, commits[b50d6464-f54a-40d1-9f81-f1c19654fd05:c5116]
2019-09-12 09:26:35,013 [grpc-default-executor-1] INFO  client.GrpcClientProtocolClient (GrpcClientProtocolClient.java:onNext(264)) - client-8B023739F3BF->b50d6464-f54a-40d1-9f81-f1c19654fd05: receive RaftClientReply:client-8B023739F3BF->b50d6464-f54a-40d1-9f81-f1c19654fd05@group-1F53027F28E3, cid=3645, SUCCESS, logIndex=5117, commits[b50d6464-f54a-40d1-9f81-f1c19654fd05:c5120]
2019-09-12 09:26:35,013 [grpc-default-executor-1] INFO  client.GrpcClientProtocolClient (GrpcClientProtocolClient.java:onNext(264)) - client-8B023739F3BF->b50d6464-f54a-40d1-9f81-f1c19654fd05: receive RaftClientReply:client-8B023739F3BF->b50d6464-f54a-40d1-9f81-f1c19654fd05@group-1F53027F28E3, cid=3646, SUCCESS, logIndex=5118, commits[b50d6464-f54a-40d1-9f81-f1c19654fd05:c5120]
2019-09-12 09:26:35,014 [grpc-default-executor-1] INFO  client.GrpcClientProtocolClient (GrpcClientProtocolClient.java:onNext(264)) - client-8B023739F3BF->b50d6464-f54a-40d1-9f81-f1c19654fd05: receive RaftClientReply:client-8B023739F3BF->b50d6464-f54a-40d1-9f81-f1c19654fd05@group-1F53027F28E3, cid=3647, SUCCESS, logIndex=5119, commits[b50d6464-f54a-40d1-9f81-f1c19654fd05:c5121]
2019-09-12 09:26:35,014 [grpc-default-executor-1] INFO  client.GrpcClientProtocolClient (GrpcClientProtocolClient.java:onNext(264)) - client-8B023739F3BF->b50d6464-f54a-40d1-9f81-f1c19654fd05: receive RaftClientReply:client-8B023739F3BF->b50d6464-f54a-40d1-9f81-f1c19654fd05@group-1F53027F28E3, cid=3648, SUCCESS, logIndex=5120, commits[b50d6464-f54a-40d1-9f81-f1c19654fd05:c5121]
2019-09-12 09:26:35,042 [grpc-default-executor-1] INFO  client.GrpcClientProtocolClient (GrpcClientProtocolClient.java:onNext(264)) - client-8B023739F3BF->b50d6464-f54a-40d1-9f81-f1c19654fd05: receive RaftClientReply:client-8B023739F3BF->b50d6464-f54a-40d1-9f81-f1c19654fd05@group-1F53027F28E3, cid=3649, SUCCESS, logIndex=5122, commits[b50d6464-f54a-40d1-9f81-f1c19654fd05:c5125]
2019-09-12 09:26:35,042 [grpc-default-executor-1] INFO  client.GrpcClientProtocolClient (GrpcClientProtocolClient.java:onNext(264)) - client-8B023739F3BF->b50d6464-f54a-40d1-9f81-f1c19654fd05: receive RaftClientReply:client-8B023739F3BF->b50d6464-f54a-40d1-9f81-f1c19654fd05@group-1F53027F28E3, cid=3650, SUCCESS, logIndex=5123, commits[b50d6464-f54a-40d1-9f81-f1c19654fd05:c5126]
2019-09-12 09:26:35,043 [grpc-default-executor-1] INFO  client.GrpcClientProtocolClient (GrpcClientProtocolClient.java:onNext(264)) - client-8B023739F3BF->b50d6464-f54a-40d1-9f81-f1c19654fd05: receive RaftClientReply:client-8B023739F3BF->b50d6464-f54a-40d1-9f81-f1c19654fd05@group-1F53027F28E3, cid=3651, SUCCESS, logIndex=5124, commits[b50d6464-f54a-40d1-9f81-f1c19654fd05:c5126]
2019-09-12 09:26:35,043 [grpc-default-executor-1] INFO  client.GrpcClientProtocolClient (GrpcClientProtocolClient.java:onNext(264)) - client-8B023739F3BF->b50d6464-f54a-40d1-9f81-f1c19654fd05: receive RaftClientReply:client-8B023739F3BF->b50d6464-f54a-40d1-9f81-f1c19654fd05@group-1F53027F28E3, cid=3652, SUCCESS, logIndex=5125, commits[b50d6464-f54a-40d1-9f81-f1c19654fd05:c5126]
2019-09-12 09:26:35,062 [grpc-default-executor-2] INFO  client.GrpcClientProtocolClient (GrpcClientProtocolClient.java:onNext(264)) - client-8B023739F3BF->b50d6464-f54a-40d1-9f81-f1c19654fd05: receive RaftClientReply:client-8B023739F3BF->b50d6464-f54a-40d1-9f81-f1c19654fd05@group-1F53027F28E3, cid=3653, SUCCESS, logIndex=5127, commits[b50d6464-f54a-40d1-9f81-f1c19654fd05:c5130]
2019-09-12 09:26:35,062 [grpc-default-executor-2] INFO  client.GrpcClientProtocolClient (GrpcClientProtocolClient.java:onNext(264)) - client-8B023739F3BF->b50d6464-f54a-40d1-9f81-f1c19654fd05: receive RaftClientReply:client-8B023739F3BF->b50d6464-f54a-40d1-9f81-f1c19654fd05@group-1F53027F28E3, cid=3654, SUCCESS, logIndex=5128, commits[b50d6464-f54a-40d1-9f81-f1c19654fd05:c5131]
2019-09-12 09:26:35,062 [grpc-default-executor-2] INFO  client.GrpcClientProtocolClient (GrpcClientProtocolClient.java:onNext(264)) - client-8B023739F3BF->b50d6464-f54a-40d1-9f81-f1c19654fd05: receive RaftClientReply:client-8B023739F3BF->b50d6464-f54a-40d1-9f81-f1c19654fd05@group-1F53027F28E3, cid=3655, SUCCESS, logIndex=5129, commits[b50d6464-f54a-40d1-9f81-f1c19654fd05:c5131]
2019-09-12 09:26:35,063 [grpc-default-executor-2] INFO  client.GrpcClientProtocolClient (GrpcClientProtocolClient.java:onNext(264)) - client-8B023739F3BF->b50d6464-f54a-40d1-9f81-f1c19654fd05: receive RaftClientReply:client-8B023739F3BF->b50d6464-f54a-40d1-9f81-f1c19654fd05@group-1F53027F28E3, cid=3656, SUCCESS, logIndex=5130, commits[b50d6464-f54a-40d1-9f81-f1c19654fd05:c5131]
2019-09-12 09:26:35,073 [SCMBlockDeletingService#1] DEBUG block.SCMBlockDeletingService (SCMBlockDeletingService.java:call(138)) - Running DeletedBlockTransactionScanner
2019-09-12 09:26:35,073 [SCMBlockDeletingService#1] DEBUG block.SCMBlockDeletingService (SCMBlockDeletingService.java:call(155)) - Scanned deleted blocks log and got 0 delTX to process.
2019-09-12 09:26:35,091 [grpc-default-executor-2] INFO  client.GrpcClientProtocolClient (GrpcClientProtocolClient.java:onNext(264)) - client-8B023739F3BF->b50d6464-f54a-40d1-9f81-f1c19654fd05: receive RaftClientReply:client-8B023739F3BF->b50d6464-f54a-40d1-9f81-f1c19654fd05@group-1F53027F28E3, cid=3657, SUCCESS, logIndex=5132, commits[b50d6464-f54a-40d1-9f81-f1c19654fd05:c5135]
2019-09-12 09:26:35,091 [grpc-default-executor-2] INFO  client.GrpcClientProtocolClient (GrpcClientProtocolClient.java:onNext(264)) - client-8B023739F3BF->b50d6464-f54a-40d1-9f81-f1c19654fd05: receive RaftClientReply:client-8B023739F3BF->b50d6464-f54a-40d1-9f81-f1c19654fd05@group-1F53027F28E3, cid=3658, SUCCESS, logIndex=5133, commits[b50d6464-f54a-40d1-9f81-f1c19654fd05:c5136]
2019-09-12 09:26:35,091 [grpc-default-executor-2] INFO  client.GrpcClientProtocolClient (GrpcClientProtocolClient.java:onNext(264)) - client-8B023739F3BF->b50d6464-f54a-40d1-9f81-f1c19654fd05: receive RaftClientReply:client-8B023739F3BF->b50d6464-f54a-40d1-9f81-f1c19654fd05@group-1F53027F28E3, cid=3659, SUCCESS, logIndex=5134, commits[b50d6464-f54a-40d1-9f81-f1c19654fd05:c5136]
2019-09-12 09:26:35,091 [grpc-default-executor-2] INFO  client.GrpcClientProtocolClient (GrpcClientProtocolClient.java:onNext(264)) - client-8B023739F3BF->b50d6464-f54a-40d1-9f81-f1c19654fd05: receive RaftClientReply:client-8B023739F3BF->b50d6464-f54a-40d1-9f81-f1c19654fd05@group-1F53027F28E3, cid=3660, SUCCESS, logIndex=5135, commits[b50d6464-f54a-40d1-9f81-f1c19654fd05:c5136]
2019-09-12 09:26:35,113 [grpc-default-executor-1] INFO  client.GrpcClientProtocolClient (GrpcClientProtocolClient.java:onNext(264)) - client-8B023739F3BF->b50d6464-f54a-40d1-9f81-f1c19654fd05: receive RaftClientReply:client-8B023739F3BF->b50d6464-f54a-40d1-9f81-f1c19654fd05@group-1F53027F28E3, cid=3661, SUCCESS, logIndex=5137, commits[b50d6464-f54a-40d1-9f81-f1c19654fd05:c5140]
2019-09-12 09:26:35,114 [grpc-default-executor-1] INFO  client.GrpcClientProtocolClient (GrpcClientProtocolClient.java:onNext(264)) - client-8B023739F3BF->b50d6464-f54a-40d1-9f81-f1c19654fd05: receive RaftClientReply:client-8B023739F3BF->b50d6464-f54a-40d1-9f81-f1c19654fd05@group-1F53027F28E3, cid=3662, SUCCESS, logIndex=5138, commits[b50d6464-f54a-40d1-9f81-f1c19654fd05:c5140]
2019-09-12 09:26:35,114 [grpc-default-executor-1] INFO  client.GrpcClientProtocolClient (GrpcClientProtocolClient.java:onNext(264)) - client-8B023739F3BF->b50d6464-f54a-40d1-9f81-f1c19654fd05: receive RaftClientReply:client-8B023739F3BF->b50d6464-f54a-40d1-9f81-f1c19654fd05@group-1F53027F28E3, cid=3663, SUCCESS, logIndex=5139, commits[b50d6464-f54a-40d1-9f81-f1c19654fd05:c5141]
2019-09-12 09:26:35,114 [grpc-default-executor-1] INFO  client.GrpcClientProtocolClient (GrpcClientProtocolClient.java:onNext(264)) - client-8B023739F3BF->b50d6464-f54a-40d1-9f81-f1c19654fd05: receive RaftClientReply:client-8B023739F3BF->b50d6464-f54a-40d1-9f81-f1c19654fd05@group-1F53027F28E3, cid=3664, SUCCESS, logIndex=5140, commits[b50d6464-f54a-40d1-9f81-f1c19654fd05:c5141]
2019-09-12 09:26:35,142 [grpc-default-executor-2] INFO  client.GrpcClientProtocolClient (GrpcClientProtocolClient.java:onNext(264)) - client-8B023739F3BF->b50d6464-f54a-40d1-9f81-f1c19654fd05: receive RaftClientReply:client-8B023739F3BF->b50d6464-f54a-40d1-9f81-f1c19654fd05@group-1F53027F28E3, cid=3665, SUCCESS, logIndex=5142, commits[b50d6464-f54a-40d1-9f81-f1c19654fd05:c5145]
2019-09-12 09:26:35,143 [grpc-default-executor-2] INFO  client.GrpcClientProtocolClient (GrpcClientProtocolClient.java:onNext(264)) - client-8B023739F3BF->b50d6464-f54a-40d1-9f81-f1c19654fd05: receive RaftClientReply:client-8B023739F3BF->b50d6464-f54a-40d1-9f81-f1c19654fd05@group-1F53027F28E3, cid=3666, SUCCESS, logIndex=5143, commits[b50d6464-f54a-40d1-9f81-f1c19654fd05:c5146]
2019-09-12 09:26:35,143 [grpc-default-executor-2] INFO  client.GrpcClientProtocolClient (GrpcClientProtocolClient.java:onNext(264)) - client-8B023739F3BF->b50d6464-f54a-40d1-9f81-f1c19654fd05: receive RaftClientReply:client-8B023739F3BF->b50d6464-f54a-40d1-9f81-f1c19654fd05@group-1F53027F28E3, cid=3667, SUCCESS, logIndex=5144, commits[b50d6464-f54a-40d1-9f81-f1c19654fd05:c5146]
2019-09-12 09:26:35,143 [grpc-default-executor-2] INFO  client.GrpcClientProtocolClient (GrpcClientProtocolClient.java:onNext(264)) - client-8B023739F3BF->b50d6464-f54a-40d1-9f81-f1c19654fd05: receive RaftClientReply:client-8B023739F3BF->b50d6464-f54a-40d1-9f81-f1c19654fd05@group-1F53027F28E3, cid=3668, SUCCESS, logIndex=5145, commits[b50d6464-f54a-40d1-9f81-f1c19654fd05:c5146]
2019-09-12 09:26:35,173 [SCMBlockDeletingService#1] DEBUG block.SCMBlockDeletingService (SCMBlockDeletingService.java:call(138)) - Running DeletedBlockTransactionScanner
2019-09-12 09:26:35,174 [SCMBlockDeletingService#1] DEBUG block.SCMBlockDeletingService (SCMBlockDeletingService.java:call(155)) - Scanned deleted blocks log and got 0 delTX to process.
2019-09-12 09:26:35,339 [SCMBlockDeletingService#1] DEBUG block.SCMBlockDeletingService (SCMBlockDeletingService.java:call(138)) - Running DeletedBlockTransactionScanner
2019-09-12 09:26:35,339 [SCMBlockDeletingService#1] DEBUG block.SCMBlockDeletingService (SCMBlockDeletingService.java:call(155)) - Scanned deleted blocks log and got 0 delTX to process.
2019-09-12 09:26:35,356 [grpc-default-executor-2] INFO  client.GrpcClientProtocolClient (GrpcClientProtocolClient.java:onNext(264)) - client-8B023739F3BF->b50d6464-f54a-40d1-9f81-f1c19654fd05: receive RaftClientReply:client-8B023739F3BF->b50d6464-f54a-40d1-9f81-f1c19654fd05@group-1F53027F28E3, cid=3669, SUCCESS, logIndex=5147, commits[b50d6464-f54a-40d1-9f81-f1c19654fd05:c5150]
2019-09-12 09:26:35,357 [grpc-default-executor-2] INFO  client.GrpcClientProtocolClient (GrpcClientProtocolClient.java:onNext(264)) - client-8B023739F3BF->b50d6464-f54a-40d1-9f81-f1c19654fd05: receive RaftClientReply:client-8B023739F3BF->b50d6464-f54a-40d1-9f81-f1c19654fd05@group-1F53027F28E3, cid=3670, SUCCESS, logIndex=5148, commits[b50d6464-f54a-40d1-9f81-f1c19654fd05:c5150]
2019-09-12 09:26:35,357 [grpc-default-executor-2] INFO  client.GrpcClientProtocolClient (GrpcClientProtocolClient.java:onNext(264)) - client-8B023739F3BF->b50d6464-f54a-40d1-9f81-f1c19654fd05: receive RaftClientReply:client-8B023739F3BF->b50d6464-f54a-40d1-9f81-f1c19654fd05@group-1F53027F28E3, cid=3671, SUCCESS, logIndex=5149, commits[b50d6464-f54a-40d1-9f81-f1c19654fd05:c5150]
2019-09-12 09:26:35,357 [grpc-default-executor-2] INFO  client.GrpcClientProtocolClient (GrpcClientProtocolClient.java:onNext(264)) - client-8B023739F3BF->b50d6464-f54a-40d1-9f81-f1c19654fd05: receive RaftClientReply:client-8B023739F3BF->b50d6464-f54a-40d1-9f81-f1c19654fd05@group-1F53027F28E3, cid=3672, SUCCESS, logIndex=5150, commits[b50d6464-f54a-40d1-9f81-f1c19654fd05:c5150]
2019-09-12 09:26:35,394 [grpc-default-executor-1] INFO  client.GrpcClientProtocolClient (GrpcClientProtocolClient.java:onNext(264)) - client-8B023739F3BF->b50d6464-f54a-40d1-9f81-f1c19654fd05: receive RaftClientReply:client-8B023739F3BF->b50d6464-f54a-40d1-9f81-f1c19654fd05@group-1F53027F28E3, cid=3673, SUCCESS, logIndex=5152, commits[b50d6464-f54a-40d1-9f81-f1c19654fd05:c5155]
2019-09-12 09:26:35,394 [grpc-default-executor-1] INFO  client.GrpcClientProtocolClient (GrpcClientProtocolClient.java:onNext(264)) - client-8B023739F3BF->b50d6464-f54a-40d1-9f81-f1c19654fd05: receive RaftClientReply:client-8B023739F3BF->b50d6464-f54a-40d1-9f81-f1c19654fd05@group-1F53027F28E3, cid=3674, SUCCESS, logIndex=5153, commits[b50d6464-f54a-40d1-9f81-f1c19654fd05:c5156]
2019-09-12 09:26:35,395 [grpc-default-executor-1] INFO  client.GrpcClientProtocolClient (GrpcClientProtocolClient.java:onNext(264)) - client-8B023739F3BF->b50d6464-f54a-40d1-9f81-f1c19654fd05: receive RaftClientReply:client-8B023739F3BF->b50d6464-f54a-40d1-9f81-f1c19654fd05@group-1F53027F28E3, cid=3675, SUCCESS, logIndex=5154, commits[b50d6464-f54a-40d1-9f81-f1c19654fd05:c5156]
2019-09-12 09:26:35,395 [grpc-default-executor-1] INFO  client.GrpcClientProtocolClient (GrpcClientProtocolClient.java:onNext(264)) - client-8B023739F3BF->b50d6464-f54a-40d1-9f81-f1c19654fd05: receive RaftClientReply:client-8B023739F3BF->b50d6464-f54a-40d1-9f81-f1c19654fd05@group-1F53027F28E3, cid=3676, SUCCESS, logIndex=5155, commits[b50d6464-f54a-40d1-9f81-f1c19654fd05:c5156]
2019-09-12 09:26:35,418 [grpc-default-executor-1] INFO  client.GrpcClientProtocolClient (GrpcClientProtocolClient.java:onNext(264)) - client-8B023739F3BF->b50d6464-f54a-40d1-9f81-f1c19654fd05: receive RaftClientReply:client-8B023739F3BF->b50d6464-f54a-40d1-9f81-f1c19654fd05@group-1F53027F28E3, cid=3677, SUCCESS, logIndex=5157, commits[b50d6464-f54a-40d1-9f81-f1c19654fd05:c5158]
2019-09-12 09:26:35,418 [grpc-default-executor-1] INFO  client.GrpcClientProtocolClient (GrpcClientProtocolClient.java:onNext(264)) - client-8B023739F3BF->b50d6464-f54a-40d1-9f81-f1c19654fd05: receive RaftClientReply:client-8B023739F3BF->b50d6464-f54a-40d1-9f81-f1c19654fd05@group-1F53027F28E3, cid=3678, SUCCESS, logIndex=5158, commits[b50d6464-f54a-40d1-9f81-f1c19654fd05:c5160]
2019-09-12 09:26:35,419 [grpc-default-executor-1] INFO  client.GrpcClientProtocolClient (GrpcClientProtocolClient.java:onNext(264)) - client-8B023739F3BF->b50d6464-f54a-40d1-9f81-f1c19654fd05: receive RaftClientReply:client-8B023739F3BF->b50d6464-f54a-40d1-9f81-f1c19654fd05@group-1F53027F28E3, cid=3679, SUCCESS, logIndex=5159, commits[b50d6464-f54a-40d1-9f81-f1c19654fd05:c5161]
2019-09-12 09:26:35,419 [grpc-default-executor-1] INFO  client.GrpcClientProtocolClient (GrpcClientProtocolClient.java:onNext(264)) - client-8B023739F3BF->b50d6464-f54a-40d1-9f81-f1c19654fd05: receive RaftClientReply:client-8B023739F3BF->b50d6464-f54a-40d1-9f81-f1c19654fd05@group-1F53027F28E3, cid=3680, SUCCESS, logIndex=5160, commits[b50d6464-f54a-40d1-9f81-f1c19654fd05:c5161]
2019-09-12 09:26:35,439 [SCMBlockDeletingService#1] DEBUG block.SCMBlockDeletingService (SCMBlockDeletingService.java:call(138)) - Running DeletedBlockTransactionScanner
2019-09-12 09:26:35,440 [SCMBlockDeletingService#1] DEBUG block.SCMBlockDeletingService (SCMBlockDeletingService.java:call(155)) - Scanned deleted blocks log and got 0 delTX to process.
2019-09-12 09:26:35,454 [grpc-default-executor-1] INFO  client.GrpcClientProtocolClient (GrpcClientProtocolClient.java:onNext(264)) - client-8B023739F3BF->b50d6464-f54a-40d1-9f81-f1c19654fd05: receive RaftClientReply:client-8B023739F3BF->b50d6464-f54a-40d1-9f81-f1c19654fd05@group-1F53027F28E3, cid=3681, SUCCESS, logIndex=5163, commits[b50d6464-f54a-40d1-9f81-f1c19654fd05:c5166]
2019-09-12 09:26:35,455 [grpc-default-executor-1] INFO  client.GrpcClientProtocolClient (GrpcClientProtocolClient.java:onNext(264)) - client-8B023739F3BF->b50d6464-f54a-40d1-9f81-f1c19654fd05: receive RaftClientReply:client-8B023739F3BF->b50d6464-f54a-40d1-9f81-f1c19654fd05@group-1F53027F28E3, cid=3682, SUCCESS, logIndex=5164, commits[b50d6464-f54a-40d1-9f81-f1c19654fd05:c5167]
2019-09-12 09:26:35,455 [grpc-default-executor-1] INFO  client.GrpcClientProtocolClient (GrpcClientProtocolClient.java:onNext(264)) - client-8B023739F3BF->b50d6464-f54a-40d1-9f81-f1c19654fd05: receive RaftClientReply:client-8B023739F3BF->b50d6464-f54a-40d1-9f81-f1c19654fd05@group-1F53027F28E3, cid=3683, SUCCESS, logIndex=5165, commits[b50d6464-f54a-40d1-9f81-f1c19654fd05:c5167]
2019-09-12 09:26:35,456 [grpc-default-executor-1] INFO  client.GrpcClientProtocolClient (GrpcClientProtocolClient.java:onNext(264)) - client-8B023739F3BF->b50d6464-f54a-40d1-9f81-f1c19654fd05: receive RaftClientReply:client-8B023739F3BF->b50d6464-f54a-40d1-9f81-f1c19654fd05@group-1F53027F28E3, cid=3684, SUCCESS, logIndex=5166, commits[b50d6464-f54a-40d1-9f81-f1c19654fd05:c5167]
2019-09-12 09:26:35,479 [grpc-default-executor-1] INFO  client.GrpcClientProtocolClient (GrpcClientProtocolClient.java:onNext(264)) - client-8B023739F3BF->b50d6464-f54a-40d1-9f81-f1c19654fd05: receive RaftClientReply:client-8B023739F3BF->b50d6464-f54a-40d1-9f81-f1c19654fd05@group-1F53027F28E3, cid=3685, SUCCESS, logIndex=5168, commits[b50d6464-f54a-40d1-9f81-f1c19654fd05:c5171]
2019-09-12 09:26:35,480 [grpc-default-executor-1] INFO  client.GrpcClientProtocolClient (GrpcClientProtocolClient.java:onNext(264)) - client-8B023739F3BF->b50d6464-f54a-40d1-9f81-f1c19654fd05: receive RaftClientReply:client-8B023739F3BF->b50d6464-f54a-40d1-9f81-f1c19654fd05@group-1F53027F28E3, cid=3686, SUCCESS, logIndex=5169, commits[b50d6464-f54a-40d1-9f81-f1c19654fd05:c5172]
2019-09-12 09:26:35,480 [grpc-default-executor-1] INFO  client.GrpcClientProtocolClient (GrpcClientProtocolClient.java:onNext(264)) - client-8B023739F3BF->b50d6464-f54a-40d1-9f81-f1c19654fd05: receive RaftClientReply:client-8B023739F3BF->b50d6464-f54a-40d1-9f81-f1c19654fd05@group-1F53027F28E3, cid=3687, SUCCESS, logIndex=5170, commits[b50d6464-f54a-40d1-9f81-f1c19654fd05:c5172]
2019-09-12 09:26:35,480 [grpc-default-executor-1] INFO  client.GrpcClientProtocolClient (GrpcClientProtocolClient.java:onNext(264)) - client-8B023739F3BF->b50d6464-f54a-40d1-9f81-f1c19654fd05: receive RaftClientReply:client-8B023739F3BF->b50d6464-f54a-40d1-9f81-f1c19654fd05@group-1F53027F28E3, cid=3688, SUCCESS, logIndex=5171, commits[b50d6464-f54a-40d1-9f81-f1c19654fd05:c5172]
2019-09-12 09:26:35,510 [grpc-default-executor-1] INFO  client.GrpcClientProtocolClient (GrpcClientProtocolClient.java:onNext(264)) - client-8B023739F3BF->b50d6464-f54a-40d1-9f81-f1c19654fd05: receive RaftClientReply:client-8B023739F3BF->b50d6464-f54a-40d1-9f81-f1c19654fd05@group-1F53027F28E3, cid=3689, SUCCESS, logIndex=5173, commits[b50d6464-f54a-40d1-9f81-f1c19654fd05:c5176]
2019-09-12 09:26:35,511 [grpc-default-executor-1] INFO  client.GrpcClientProtocolClient (GrpcClientProtocolClient.java:onNext(264)) - client-8B023739F3BF->b50d6464-f54a-40d1-9f81-f1c19654fd05: receive RaftClientReply:client-8B023739F3BF->b50d6464-f54a-40d1-9f81-f1c19654fd05@group-1F53027F28E3, cid=3690, SUCCESS, logIndex=5174, commits[b50d6464-f54a-40d1-9f81-f1c19654fd05:c5176]
2019-09-12 09:26:35,511 [grpc-default-executor-1] INFO  client.GrpcClientProtocolClient (GrpcClientProtocolClient.java:onNext(264)) - client-8B023739F3BF->b50d6464-f54a-40d1-9f81-f1c19654fd05: receive RaftClientReply:client-8B023739F3BF->b50d6464-f54a-40d1-9f81-f1c19654fd05@group-1F53027F28E3, cid=3691, SUCCESS, logIndex=5175, commits[b50d6464-f54a-40d1-9f81-f1c19654fd05:c5176]
2019-09-12 09:26:35,511 [grpc-default-executor-1] INFO  client.GrpcClientProtocolClient (GrpcClientProtocolClient.java:onNext(264)) - client-8B023739F3BF->b50d6464-f54a-40d1-9f81-f1c19654fd05: receive RaftClientReply:client-8B023739F3BF->b50d6464-f54a-40d1-9f81-f1c19654fd05@group-1F53027F28E3, cid=3692, SUCCESS, logIndex=5176, commits[b50d6464-f54a-40d1-9f81-f1c19654fd05:c5177]
2019-09-12 09:26:35,531 [grpc-default-executor-2] INFO  client.GrpcClientProtocolClient (GrpcClientProtocolClient.java:onNext(264)) - client-8B023739F3BF->b50d6464-f54a-40d1-9f81-f1c19654fd05: receive RaftClientReply:client-8B023739F3BF->b50d6464-f54a-40d1-9f81-f1c19654fd05@group-1F53027F28E3, cid=3693, SUCCESS, logIndex=5178, commits[b50d6464-f54a-40d1-9f81-f1c19654fd05:c5181]
2019-09-12 09:26:35,531 [grpc-default-executor-2] INFO  client.GrpcClientProtocolClient (GrpcClientProtocolClient.java:onNext(264)) - client-8B023739F3BF->b50d6464-f54a-40d1-9f81-f1c19654fd05: receive RaftClientReply:client-8B023739F3BF->b50d6464-f54a-40d1-9f81-f1c19654fd05@group-1F53027F28E3, cid=3694, SUCCESS, logIndex=5179, commits[b50d6464-f54a-40d1-9f81-f1c19654fd05:c5182]
2019-09-12 09:26:35,531 [grpc-default-executor-2] INFO  client.GrpcClientProtocolClient (GrpcClientProtocolClient.java:onNext(264)) - client-8B023739F3BF->b50d6464-f54a-40d1-9f81-f1c19654fd05: receive RaftClientReply:client-8B023739F3BF->b50d6464-f54a-40d1-9f81-f1c19654fd05@group-1F53027F28E3, cid=3695, SUCCESS, logIndex=5180, commits[b50d6464-f54a-40d1-9f81-f1c19654fd05:c5182]
2019-09-12 09:26:35,532 [grpc-default-executor-2] INFO  client.GrpcClientProtocolClient (GrpcClientProtocolClient.java:onNext(264)) - client-8B023739F3BF->b50d6464-f54a-40d1-9f81-f1c19654fd05: receive RaftClientReply:client-8B023739F3BF->b50d6464-f54a-40d1-9f81-f1c19654fd05@group-1F53027F28E3, cid=3696, SUCCESS, logIndex=5181, commits[b50d6464-f54a-40d1-9f81-f1c19654fd05:c5182]
2019-09-12 09:26:35,540 [SCMBlockDeletingService#1] DEBUG block.SCMBlockDeletingService (SCMBlockDeletingService.java:call(138)) - Running DeletedBlockTransactionScanner
2019-09-12 09:26:35,541 [SCMBlockDeletingService#1] DEBUG block.SCMBlockDeletingService (SCMBlockDeletingService.java:call(155)) - Scanned deleted blocks log and got 0 delTX to process.
2019-09-12 09:26:35,562 [grpc-default-executor-1] INFO  client.GrpcClientProtocolClient (GrpcClientProtocolClient.java:onNext(264)) - client-8B023739F3BF->b50d6464-f54a-40d1-9f81-f1c19654fd05: receive RaftClientReply:client-8B023739F3BF->b50d6464-f54a-40d1-9f81-f1c19654fd05@group-1F53027F28E3, cid=3697, SUCCESS, logIndex=5183, commits[b50d6464-f54a-40d1-9f81-f1c19654fd05:c5186]
2019-09-12 09:26:35,563 [grpc-default-executor-1] INFO  client.GrpcClientProtocolClient (GrpcClientProtocolClient.java:onNext(264)) - client-8B023739F3BF->b50d6464-f54a-40d1-9f81-f1c19654fd05: receive RaftClientReply:client-8B023739F3BF->b50d6464-f54a-40d1-9f81-f1c19654fd05@group-1F53027F28E3, cid=3698, SUCCESS, logIndex=5184, commits[b50d6464-f54a-40d1-9f81-f1c19654fd05:c5187]
2019-09-12 09:26:35,563 [grpc-default-executor-1] INFO  client.GrpcClientProtocolClient (GrpcClientProtocolClient.java:onNext(264)) - client-8B023739F3BF->b50d6464-f54a-40d1-9f81-f1c19654fd05: receive RaftClientReply:client-8B023739F3BF->b50d6464-f54a-40d1-9f81-f1c19654fd05@group-1F53027F28E3, cid=3699, SUCCESS, logIndex=5185, commits[b50d6464-f54a-40d1-9f81-f1c19654fd05:c5187]
2019-09-12 09:26:35,563 [grpc-default-executor-1] INFO  client.GrpcClientProtocolClient (GrpcClientProtocolClient.java:onNext(264)) - client-8B023739F3BF->b50d6464-f54a-40d1-9f81-f1c19654fd05: receive RaftClientReply:client-8B023739F3BF->b50d6464-f54a-40d1-9f81-f1c19654fd05@group-1F53027F28E3, cid=3700, SUCCESS, logIndex=5186, commits[b50d6464-f54a-40d1-9f81-f1c19654fd05:c5187]
2019-09-12 09:26:35,584 [grpc-default-executor-2] INFO  client.GrpcClientProtocolClient (GrpcClientProtocolClient.java:onNext(264)) - client-8B023739F3BF->b50d6464-f54a-40d1-9f81-f1c19654fd05: receive RaftClientReply:client-8B023739F3BF->b50d6464-f54a-40d1-9f81-f1c19654fd05@group-1F53027F28E3, cid=3701, SUCCESS, logIndex=5188, commits[b50d6464-f54a-40d1-9f81-f1c19654fd05:c5191]
2019-09-12 09:26:35,584 [grpc-default-executor-2] INFO  client.GrpcClientProtocolClient (GrpcClientProtocolClient.java:onNext(264)) - client-8B023739F3BF->b50d6464-f54a-40d1-9f81-f1c19654fd05: receive RaftClientReply:client-8B023739F3BF->b50d6464-f54a-40d1-9f81-f1c19654fd05@group-1F53027F28E3, cid=3702, SUCCESS, logIndex=5189, commits[b50d6464-f54a-40d1-9f81-f1c19654fd05:c5191]
2019-09-12 09:26:35,585 [grpc-default-executor-2] INFO  client.GrpcClientProtocolClient (GrpcClientProtocolClient.java:onNext(264)) - client-8B023739F3BF->b50d6464-f54a-40d1-9f81-f1c19654fd05: receive RaftClientReply:client-8B023739F3BF->b50d6464-f54a-40d1-9f81-f1c19654fd05@group-1F53027F28E3, cid=3703, SUCCESS, logIndex=5190, commits[b50d6464-f54a-40d1-9f81-f1c19654fd05:c5192]
2019-09-12 09:26:35,585 [grpc-default-executor-2] INFO  client.GrpcClientProtocolClient (GrpcClientProtocolClient.java:onNext(264)) - client-8B023739F3BF->b50d6464-f54a-40d1-9f81-f1c19654fd05: receive RaftClientReply:client-8B023739F3BF->b50d6464-f54a-40d1-9f81-f1c19654fd05@group-1F53027F28E3, cid=3704, SUCCESS, logIndex=5191, commits[b50d6464-f54a-40d1-9f81-f1c19654fd05:c5192]
2019-09-12 09:26:35,612 [grpc-default-executor-2] INFO  client.GrpcClientProtocolClient (GrpcClientProtocolClient.java:onNext(264)) - client-8B023739F3BF->b50d6464-f54a-40d1-9f81-f1c19654fd05: receive RaftClientReply:client-8B023739F3BF->b50d6464-f54a-40d1-9f81-f1c19654fd05@group-1F53027F28E3, cid=3705, SUCCESS, logIndex=5193, commits[b50d6464-f54a-40d1-9f81-f1c19654fd05:c5194]
2019-09-12 09:26:35,613 [grpc-default-executor-2] INFO  client.GrpcClientProtocolClient (GrpcClientProtocolClient.java:onNext(264)) - client-8B023739F3BF->b50d6464-f54a-40d1-9f81-f1c19654fd05: receive RaftClientReply:client-8B023739F3BF->b50d6464-f54a-40d1-9f81-f1c19654fd05@group-1F53027F28E3, cid=3706, SUCCESS, logIndex=5194, commits[b50d6464-f54a-40d1-9f81-f1c19654fd05:c5196]
2019-09-12 09:26:35,613 [grpc-default-executor-2] INFO  client.GrpcClientProtocolClient (GrpcClientProtocolClient.java:onNext(264)) - client-8B023739F3BF->b50d6464-f54a-40d1-9f81-f1c19654fd05: receive RaftClientReply:client-8B023739F3BF->b50d6464-f54a-40d1-9f81-f1c19654fd05@group-1F53027F28E3, cid=3707, SUCCESS, logIndex=5195, commits[b50d6464-f54a-40d1-9f81-f1c19654fd05:c5196]
2019-09-12 09:26:35,613 [grpc-default-executor-2] INFO  client.GrpcClientProtocolClient (GrpcClientProtocolClient.java:onNext(264)) - client-8B023739F3BF->b50d6464-f54a-40d1-9f81-f1c19654fd05: receive RaftClientReply:client-8B023739F3BF->b50d6464-f54a-40d1-9f81-f1c19654fd05@group-1F53027F28E3, cid=3708, SUCCESS, logIndex=5196, commits[b50d6464-f54a-40d1-9f81-f1c19654fd05:c5196]
2019-09-12 09:26:35,633 [grpc-default-executor-2] INFO  client.GrpcClientProtocolClient (GrpcClientProtocolClient.java:onNext(264)) - client-8B023739F3BF->b50d6464-f54a-40d1-9f81-f1c19654fd05: receive RaftClientReply:client-8B023739F3BF->b50d6464-f54a-40d1-9f81-f1c19654fd05@group-1F53027F28E3, cid=3709, SUCCESS, logIndex=5199, commits[b50d6464-f54a-40d1-9f81-f1c19654fd05:c5200]
2019-09-12 09:26:35,634 [grpc-default-executor-2] INFO  client.GrpcClientProtocolClient (GrpcClientProtocolClient.java:onNext(264)) - client-8B023739F3BF->b50d6464-f54a-40d1-9f81-f1c19654fd05: receive RaftClientReply:client-8B023739F3BF->b50d6464-f54a-40d1-9f81-f1c19654fd05@group-1F53027F28E3, cid=3710, SUCCESS, logIndex=5200, commits[b50d6464-f54a-40d1-9f81-f1c19654fd05:c5200]
2019-09-12 09:26:35,635 [grpc-default-executor-2] INFO  client.GrpcClientProtocolClient (GrpcClientProtocolClient.java:onNext(264)) - client-8B023739F3BF->b50d6464-f54a-40d1-9f81-f1c19654fd05: receive RaftClientReply:client-8B023739F3BF->b50d6464-f54a-40d1-9f81-f1c19654fd05@group-1F53027F28E3, cid=3711, SUCCESS, logIndex=5201, commits[b50d6464-f54a-40d1-9f81-f1c19654fd05:c5202]
2019-09-12 09:26:35,636 [grpc-default-executor-2] INFO  client.GrpcClientProtocolClient (GrpcClientProtocolClient.java:onNext(264)) - client-8B023739F3BF->b50d6464-f54a-40d1-9f81-f1c19654fd05: receive RaftClientReply:client-8B023739F3BF->b50d6464-f54a-40d1-9f81-f1c19654fd05@group-1F53027F28E3, cid=3712, SUCCESS, logIndex=5202, commits[b50d6464-f54a-40d1-9f81-f1c19654fd05:c5204]
2019-09-12 09:26:35,641 [SCMBlockDeletingService#1] DEBUG block.SCMBlockDeletingService (SCMBlockDeletingService.java:call(138)) - Running DeletedBlockTransactionScanner
2019-09-12 09:26:35,641 [SCMBlockDeletingService#1] DEBUG block.SCMBlockDeletingService (SCMBlockDeletingService.java:call(155)) - Scanned deleted blocks log and got 0 delTX to process.
2019-09-12 09:26:35,741 [SCMBlockDeletingService#1] DEBUG block.SCMBlockDeletingService (SCMBlockDeletingService.java:call(138)) - Running DeletedBlockTransactionScanner
2019-09-12 09:26:35,742 [SCMBlockDeletingService#1] DEBUG block.SCMBlockDeletingService (SCMBlockDeletingService.java:call(155)) - Scanned deleted blocks log and got 0 delTX to process.
2019-09-12 09:26:35,753 [grpc-default-executor-1] INFO  client.GrpcClientProtocolClient (GrpcClientProtocolClient.java:onNext(264)) - client-8B023739F3BF->b50d6464-f54a-40d1-9f81-f1c19654fd05: receive RaftClientReply:client-8B023739F3BF->b50d6464-f54a-40d1-9f81-f1c19654fd05@group-1F53027F28E3, cid=3713, SUCCESS, logIndex=5205, commits[b50d6464-f54a-40d1-9f81-f1c19654fd05:c5208]
2019-09-12 09:26:35,753 [grpc-default-executor-1] INFO  client.GrpcClientProtocolClient (GrpcClientProtocolClient.java:onNext(264)) - client-8B023739F3BF->b50d6464-f54a-40d1-9f81-f1c19654fd05: receive RaftClientReply:client-8B023739F3BF->b50d6464-f54a-40d1-9f81-f1c19654fd05@group-1F53027F28E3, cid=3714, SUCCESS, logIndex=5206, commits[b50d6464-f54a-40d1-9f81-f1c19654fd05:c5209]
2019-09-12 09:26:35,754 [grpc-default-executor-1] INFO  client.GrpcClientProtocolClient (GrpcClientProtocolClient.java:onNext(264)) - client-8B023739F3BF->b50d6464-f54a-40d1-9f81-f1c19654fd05: receive RaftClientReply:client-8B023739F3BF->b50d6464-f54a-40d1-9f81-f1c19654fd05@group-1F53027F28E3, cid=3715, SUCCESS, logIndex=5207, commits[b50d6464-f54a-40d1-9f81-f1c19654fd05:c5209]
2019-09-12 09:26:35,754 [grpc-default-executor-1] INFO  client.GrpcClientProtocolClient (GrpcClientProtocolClient.java:onNext(264)) - client-8B023739F3BF->b50d6464-f54a-40d1-9f81-f1c19654fd05: receive RaftClientReply:client-8B023739F3BF->b50d6464-f54a-40d1-9f81-f1c19654fd05@group-1F53027F28E3, cid=3716, SUCCESS, logIndex=5208, commits[b50d6464-f54a-40d1-9f81-f1c19654fd05:c5209]
2019-09-12 09:26:35,773 [grpc-default-executor-1] INFO  client.GrpcClientProtocolClient (GrpcClientProtocolClient.java:onNext(264)) - client-8B023739F3BF->b50d6464-f54a-40d1-9f81-f1c19654fd05: receive RaftClientReply:client-8B023739F3BF->b50d6464-f54a-40d1-9f81-f1c19654fd05@group-1F53027F28E3, cid=3717, SUCCESS, logIndex=5210, commits[b50d6464-f54a-40d1-9f81-f1c19654fd05:c5213]
2019-09-12 09:26:35,773 [grpc-default-executor-1] INFO  client.GrpcClientProtocolClient (GrpcClientProtocolClient.java:onNext(264)) - client-8B023739F3BF->b50d6464-f54a-40d1-9f81-f1c19654fd05: receive RaftClientReply:client-8B023739F3BF->b50d6464-f54a-40d1-9f81-f1c19654fd05@group-1F53027F28E3, cid=3718, SUCCESS, logIndex=5211, commits[b50d6464-f54a-40d1-9f81-f1c19654fd05:c5214]
2019-09-12 09:26:35,774 [grpc-default-executor-1] INFO  client.GrpcClientProtocolClient (GrpcClientProtocolClient.java:onNext(264)) - client-8B023739F3BF->b50d6464-f54a-40d1-9f81-f1c19654fd05: receive RaftClientReply:client-8B023739F3BF->b50d6464-f54a-40d1-9f81-f1c19654fd05@group-1F53027F28E3, cid=3719, SUCCESS, logIndex=5212, commits[b50d6464-f54a-40d1-9f81-f1c19654fd05:c5214]
2019-09-12 09:26:35,774 [grpc-default-executor-1] INFO  client.GrpcClientProtocolClient (GrpcClientProtocolClient.java:onNext(264)) - client-8B023739F3BF->b50d6464-f54a-40d1-9f81-f1c19654fd05: receive RaftClientReply:client-8B023739F3BF->b50d6464-f54a-40d1-9f81-f1c19654fd05@group-1F53027F28E3, cid=3720, SUCCESS, logIndex=5213, commits[b50d6464-f54a-40d1-9f81-f1c19654fd05:c5214]
2019-09-12 09:26:35,799 [grpc-default-executor-1] INFO  client.GrpcClientProtocolClient (GrpcClientProtocolClient.java:onNext(264)) - client-8B023739F3BF->b50d6464-f54a-40d1-9f81-f1c19654fd05: receive RaftClientReply:client-8B023739F3BF->b50d6464-f54a-40d1-9f81-f1c19654fd05@group-1F53027F28E3, cid=3721, SUCCESS, logIndex=5215, commits[b50d6464-f54a-40d1-9f81-f1c19654fd05:c5218]
2019-09-12 09:26:35,799 [grpc-default-executor-1] INFO  client.GrpcClientProtocolClient (GrpcClientProtocolClient.java:onNext(264)) - client-8B023739F3BF->b50d6464-f54a-40d1-9f81-f1c19654fd05: receive RaftClientReply:client-8B023739F3BF->b50d6464-f54a-40d1-9f81-f1c19654fd05@group-1F53027F28E3, cid=3722, SUCCESS, logIndex=5216, commits[b50d6464-f54a-40d1-9f81-f1c19654fd05:c5218]
2019-09-12 09:26:35,800 [grpc-default-executor-1] INFO  client.GrpcClientProtocolClient (GrpcClientProtocolClient.java:onNext(264)) - client-8B023739F3BF->b50d6464-f54a-40d1-9f81-f1c19654fd05: receive RaftClientReply:client-8B023739F3BF->b50d6464-f54a-40d1-9f81-f1c19654fd05@group-1F53027F28E3, cid=3723, SUCCESS, logIndex=5217, commits[b50d6464-f54a-40d1-9f81-f1c19654fd05:c5218]
2019-09-12 09:26:35,800 [grpc-default-executor-1] INFO  client.GrpcClientProtocolClient (GrpcClientProtocolClient.java:onNext(264)) - client-8B023739F3BF->b50d6464-f54a-40d1-9f81-f1c19654fd05: receive RaftClientReply:client-8B023739F3BF->b50d6464-f54a-40d1-9f81-f1c19654fd05@group-1F53027F28E3, cid=3724, SUCCESS, logIndex=5218, commits[b50d6464-f54a-40d1-9f81-f1c19654fd05:c5218]
2019-09-12 09:26:35,821 [grpc-default-executor-1] INFO  client.GrpcClientProtocolClient (GrpcClientProtocolClient.java:onNext(264)) - client-8B023739F3BF->b50d6464-f54a-40d1-9f81-f1c19654fd05: receive RaftClientReply:client-8B023739F3BF->b50d6464-f54a-40d1-9f81-f1c19654fd05@group-1F53027F28E3, cid=3725, SUCCESS, logIndex=5220, commits[b50d6464-f54a-40d1-9f81-f1c19654fd05:c5223]
2019-09-12 09:26:35,821 [grpc-default-executor-1] INFO  client.GrpcClientProtocolClient (GrpcClientProtocolClient.java:onNext(264)) - client-8B023739F3BF->b50d6464-f54a-40d1-9f81-f1c19654fd05: receive RaftClientReply:client-8B023739F3BF->b50d6464-f54a-40d1-9f81-f1c19654fd05@group-1F53027F28E3, cid=3726, SUCCESS, logIndex=5221, commits[b50d6464-f54a-40d1-9f81-f1c19654fd05:c5223]
2019-09-12 09:26:35,822 [grpc-default-executor-1] INFO  client.GrpcClientProtocolClient (GrpcClientProtocolClient.java:onNext(264)) - client-8B023739F3BF->b50d6464-f54a-40d1-9f81-f1c19654fd05: receive RaftClientReply:client-8B023739F3BF->b50d6464-f54a-40d1-9f81-f1c19654fd05@group-1F53027F28E3, cid=3727, SUCCESS, logIndex=5222, commits[b50d6464-f54a-40d1-9f81-f1c19654fd05:c5223]
2019-09-12 09:26:35,822 [grpc-default-executor-1] INFO  client.GrpcClientProtocolClient (GrpcClientProtocolClient.java:onNext(264)) - client-8B023739F3BF->b50d6464-f54a-40d1-9f81-f1c19654fd05: receive RaftClientReply:client-8B023739F3BF->b50d6464-f54a-40d1-9f81-f1c19654fd05@group-1F53027F28E3, cid=3728, SUCCESS, logIndex=5223, commits[b50d6464-f54a-40d1-9f81-f1c19654fd05:c5224]
2019-09-12 09:26:35,842 [SCMBlockDeletingService#1] DEBUG block.SCMBlockDeletingService (SCMBlockDeletingService.java:call(138)) - Running DeletedBlockTransactionScanner
2019-09-12 09:26:35,842 [SCMBlockDeletingService#1] DEBUG block.SCMBlockDeletingService (SCMBlockDeletingService.java:call(155)) - Scanned deleted blocks log and got 0 delTX to process.
2019-09-12 09:26:35,850 [grpc-default-executor-2] INFO  client.GrpcClientProtocolClient (GrpcClientProtocolClient.java:onNext(264)) - client-8B023739F3BF->b50d6464-f54a-40d1-9f81-f1c19654fd05: receive RaftClientReply:client-8B023739F3BF->b50d6464-f54a-40d1-9f81-f1c19654fd05@group-1F53027F28E3, cid=3729, SUCCESS, logIndex=5225, commits[b50d6464-f54a-40d1-9f81-f1c19654fd05:c5226]
2019-09-12 09:26:35,850 [grpc-default-executor-2] INFO  client.GrpcClientProtocolClient (GrpcClientProtocolClient.java:onNext(264)) - client-8B023739F3BF->b50d6464-f54a-40d1-9f81-f1c19654fd05: receive RaftClientReply:client-8B023739F3BF->b50d6464-f54a-40d1-9f81-f1c19654fd05@group-1F53027F28E3, cid=3730, SUCCESS, logIndex=5226, commits[b50d6464-f54a-40d1-9f81-f1c19654fd05:c5228]
2019-09-12 09:26:35,851 [grpc-default-executor-2] INFO  client.GrpcClientProtocolClient (GrpcClientProtocolClient.java:onNext(264)) - client-8B023739F3BF->b50d6464-f54a-40d1-9f81-f1c19654fd05: receive RaftClientReply:client-8B023739F3BF->b50d6464-f54a-40d1-9f81-f1c19654fd05@group-1F53027F28E3, cid=3731, SUCCESS, logIndex=5227, commits[b50d6464-f54a-40d1-9f81-f1c19654fd05:c5228]
2019-09-12 09:26:35,851 [grpc-default-executor-2] INFO  client.GrpcClientProtocolClient (GrpcClientProtocolClient.java:onNext(264)) - client-8B023739F3BF->b50d6464-f54a-40d1-9f81-f1c19654fd05: receive RaftClientReply:client-8B023739F3BF->b50d6464-f54a-40d1-9f81-f1c19654fd05@group-1F53027F28E3, cid=3732, SUCCESS, logIndex=5228, commits[b50d6464-f54a-40d1-9f81-f1c19654fd05:c5229]
2019-09-12 09:26:35,869 [grpc-default-executor-2] INFO  client.GrpcClientProtocolClient (GrpcClientProtocolClient.java:onNext(264)) - client-8B023739F3BF->b50d6464-f54a-40d1-9f81-f1c19654fd05: receive RaftClientReply:client-8B023739F3BF->b50d6464-f54a-40d1-9f81-f1c19654fd05@group-1F53027F28E3, cid=3733, SUCCESS, logIndex=5231, commits[b50d6464-f54a-40d1-9f81-f1c19654fd05:c5232]
2019-09-12 09:26:35,869 [grpc-default-executor-2] INFO  client.GrpcClientProtocolClient (GrpcClientProtocolClient.java:onNext(264)) - client-8B023739F3BF->b50d6464-f54a-40d1-9f81-f1c19654fd05: receive RaftClientReply:client-8B023739F3BF->b50d6464-f54a-40d1-9f81-f1c19654fd05@group-1F53027F28E3, cid=3734, SUCCESS, logIndex=5232, commits[b50d6464-f54a-40d1-9f81-f1c19654fd05:c5232]
2019-09-12 09:26:35,871 [grpc-default-executor-2] INFO  client.GrpcClientProtocolClient (GrpcClientProtocolClient.java:onNext(264)) - client-8B023739F3BF->b50d6464-f54a-40d1-9f81-f1c19654fd05: receive RaftClientReply:client-8B023739F3BF->b50d6464-f54a-40d1-9f81-f1c19654fd05@group-1F53027F28E3, cid=3735, SUCCESS, logIndex=5233, commits[b50d6464-f54a-40d1-9f81-f1c19654fd05:c5234]
2019-09-12 09:26:35,871 [grpc-default-executor-2] INFO  client.GrpcClientProtocolClient (GrpcClientProtocolClient.java:onNext(264)) - client-8B023739F3BF->b50d6464-f54a-40d1-9f81-f1c19654fd05: receive RaftClientReply:client-8B023739F3BF->b50d6464-f54a-40d1-9f81-f1c19654fd05@group-1F53027F28E3, cid=3736, SUCCESS, logIndex=5234, commits[b50d6464-f54a-40d1-9f81-f1c19654fd05:c5234]
2019-09-12 09:26:35,898 [grpc-default-executor-1] INFO  client.GrpcClientProtocolClient (GrpcClientProtocolClient.java:onNext(264)) - client-8B023739F3BF->b50d6464-f54a-40d1-9f81-f1c19654fd05: receive RaftClientReply:client-8B023739F3BF->b50d6464-f54a-40d1-9f81-f1c19654fd05@group-1F53027F28E3, cid=3737, SUCCESS, logIndex=5237, commits[b50d6464-f54a-40d1-9f81-f1c19654fd05:c5238]
2019-09-12 09:26:35,898 [grpc-default-executor-1] INFO  client.GrpcClientProtocolClient (GrpcClientProtocolClient.java:onNext(264)) - client-8B023739F3BF->b50d6464-f54a-40d1-9f81-f1c19654fd05: receive RaftClientReply:client-8B023739F3BF->b50d6464-f54a-40d1-9f81-f1c19654fd05@group-1F53027F28E3, cid=3738, SUCCESS, logIndex=5238, commits[b50d6464-f54a-40d1-9f81-f1c19654fd05:c5240]
2019-09-12 09:26:35,898 [grpc-default-executor-1] INFO  client.GrpcClientProtocolClient (GrpcClientProtocolClient.java:onNext(264)) - client-8B023739F3BF->b50d6464-f54a-40d1-9f81-f1c19654fd05: receive RaftClientReply:client-8B023739F3BF->b50d6464-f54a-40d1-9f81-f1c19654fd05@group-1F53027F28E3, cid=3739, SUCCESS, logIndex=5239, commits[b50d6464-f54a-40d1-9f81-f1c19654fd05:c5240]
2019-09-12 09:26:35,898 [grpc-default-executor-1] INFO  client.GrpcClientProtocolClient (GrpcClientProtocolClient.java:onNext(264)) - client-8B023739F3BF->b50d6464-f54a-40d1-9f81-f1c19654fd05: receive RaftClientReply:client-8B023739F3BF->b50d6464-f54a-40d1-9f81-f1c19654fd05@group-1F53027F28E3, cid=3740, SUCCESS, logIndex=5240, commits[b50d6464-f54a-40d1-9f81-f1c19654fd05:c5241]
2019-09-12 09:26:35,916 [grpc-default-executor-1] INFO  client.GrpcClientProtocolClient (GrpcClientProtocolClient.java:onNext(264)) - client-8B023739F3BF->b50d6464-f54a-40d1-9f81-f1c19654fd05: receive RaftClientReply:client-8B023739F3BF->b50d6464-f54a-40d1-9f81-f1c19654fd05@group-1F53027F28E3, cid=3741, SUCCESS, logIndex=5243, commits[b50d6464-f54a-40d1-9f81-f1c19654fd05:c5244]
2019-09-12 09:26:35,916 [grpc-default-executor-1] INFO  client.GrpcClientProtocolClient (GrpcClientProtocolClient.java:onNext(264)) - client-8B023739F3BF->b50d6464-f54a-40d1-9f81-f1c19654fd05: receive RaftClientReply:client-8B023739F3BF->b50d6464-f54a-40d1-9f81-f1c19654fd05@group-1F53027F28E3, cid=3742, SUCCESS, logIndex=5244, commits[b50d6464-f54a-40d1-9f81-f1c19654fd05:c5246]
2019-09-12 09:26:35,917 [grpc-default-executor-1] INFO  client.GrpcClientProtocolClient (GrpcClientProtocolClient.java:onNext(264)) - client-8B023739F3BF->b50d6464-f54a-40d1-9f81-f1c19654fd05: receive RaftClientReply:client-8B023739F3BF->b50d6464-f54a-40d1-9f81-f1c19654fd05@group-1F53027F28E3, cid=3743, SUCCESS, logIndex=5245, commits[b50d6464-f54a-40d1-9f81-f1c19654fd05:c5247]
2019-09-12 09:26:35,917 [grpc-default-executor-1] INFO  client.GrpcClientProtocolClient (GrpcClientProtocolClient.java:onNext(264)) - client-8B023739F3BF->b50d6464-f54a-40d1-9f81-f1c19654fd05: receive RaftClientReply:client-8B023739F3BF->b50d6464-f54a-40d1-9f81-f1c19654fd05@group-1F53027F28E3, cid=3744, SUCCESS, logIndex=5246, commits[b50d6464-f54a-40d1-9f81-f1c19654fd05:c5247]
2019-09-12 09:26:35,942 [SCMBlockDeletingService#1] DEBUG block.SCMBlockDeletingService (SCMBlockDeletingService.java:call(138)) - Running DeletedBlockTransactionScanner
2019-09-12 09:26:35,943 [SCMBlockDeletingService#1] DEBUG block.SCMBlockDeletingService (SCMBlockDeletingService.java:call(155)) - Scanned deleted blocks log and got 0 delTX to process.
2019-09-12 09:26:35,952 [grpc-default-executor-1] INFO  client.GrpcClientProtocolClient (GrpcClientProtocolClient.java:onNext(264)) - client-8B023739F3BF->b50d6464-f54a-40d1-9f81-f1c19654fd05: receive RaftClientReply:client-8B023739F3BF->b50d6464-f54a-40d1-9f81-f1c19654fd05@group-1F53027F28E3, cid=3745, SUCCESS, logIndex=5249, commits[b50d6464-f54a-40d1-9f81-f1c19654fd05:c5250]
2019-09-12 09:26:35,952 [grpc-default-executor-1] INFO  client.GrpcClientProtocolClient (GrpcClientProtocolClient.java:onNext(264)) - client-8B023739F3BF->b50d6464-f54a-40d1-9f81-f1c19654fd05: receive RaftClientReply:client-8B023739F3BF->b50d6464-f54a-40d1-9f81-f1c19654fd05@group-1F53027F28E3, cid=3746, SUCCESS, logIndex=5250, commits[b50d6464-f54a-40d1-9f81-f1c19654fd05:c5250]
2019-09-12 09:26:35,952 [grpc-default-executor-1] INFO  client.GrpcClientProtocolClient (GrpcClientProtocolClient.java:onNext(264)) - client-8B023739F3BF->b50d6464-f54a-40d1-9f81-f1c19654fd05: receive RaftClientReply:client-8B023739F3BF->b50d6464-f54a-40d1-9f81-f1c19654fd05@group-1F53027F28E3, cid=3747, SUCCESS, logIndex=5251, commits[b50d6464-f54a-40d1-9f81-f1c19654fd05:c5252]
2019-09-12 09:26:35,952 [grpc-default-executor-1] INFO  client.GrpcClientProtocolClient (GrpcClientProtocolClient.java:onNext(264)) - client-8B023739F3BF->b50d6464-f54a-40d1-9f81-f1c19654fd05: receive RaftClientReply:client-8B023739F3BF->b50d6464-f54a-40d1-9f81-f1c19654fd05@group-1F53027F28E3, cid=3748, SUCCESS, logIndex=5252, commits[b50d6464-f54a-40d1-9f81-f1c19654fd05:c5252]
2019-09-12 09:26:35,966 [grpc-default-executor-1] INFO  client.GrpcClientProtocolClient (GrpcClientProtocolClient.java:onNext(264)) - client-8B023739F3BF->b50d6464-f54a-40d1-9f81-f1c19654fd05: receive RaftClientReply:client-8B023739F3BF->b50d6464-f54a-40d1-9f81-f1c19654fd05@group-1F53027F28E3, cid=3749, SUCCESS, logIndex=5255, commits[b50d6464-f54a-40d1-9f81-f1c19654fd05:c5258]
2019-09-12 09:26:35,966 [grpc-default-executor-1] INFO  client.GrpcClientProtocolClient (GrpcClientProtocolClient.java:onNext(264)) - client-8B023739F3BF->b50d6464-f54a-40d1-9f81-f1c19654fd05: receive RaftClientReply:client-8B023739F3BF->b50d6464-f54a-40d1-9f81-f1c19654fd05@group-1F53027F28E3, cid=3750, SUCCESS, logIndex=5256, commits[b50d6464-f54a-40d1-9f81-f1c19654fd05:c5259]
2019-09-12 09:26:35,966 [grpc-default-executor-1] INFO  client.GrpcClientProtocolClient (GrpcClientProtocolClient.java:onNext(264)) - client-8B023739F3BF->b50d6464-f54a-40d1-9f81-f1c19654fd05: receive RaftClientReply:client-8B023739F3BF->b50d6464-f54a-40d1-9f81-f1c19654fd05@group-1F53027F28E3, cid=3751, SUCCESS, logIndex=5257, commits[b50d6464-f54a-40d1-9f81-f1c19654fd05:c5259]
2019-09-12 09:26:35,967 [grpc-default-executor-1] INFO  client.GrpcClientProtocolClient (GrpcClientProtocolClient.java:onNext(264)) - client-8B023739F3BF->b50d6464-f54a-40d1-9f81-f1c19654fd05: receive RaftClientReply:client-8B023739F3BF->b50d6464-f54a-40d1-9f81-f1c19654fd05@group-1F53027F28E3, cid=3752, SUCCESS, logIndex=5258, commits[b50d6464-f54a-40d1-9f81-f1c19654fd05:c5259]
2019-09-12 09:26:35,994 [grpc-default-executor-2] INFO  client.GrpcClientProtocolClient (GrpcClientProtocolClient.java:onNext(264)) - client-8B023739F3BF->b50d6464-f54a-40d1-9f81-f1c19654fd05: receive RaftClientReply:client-8B023739F3BF->b50d6464-f54a-40d1-9f81-f1c19654fd05@group-1F53027F28E3, cid=3753, SUCCESS, logIndex=5260, commits[b50d6464-f54a-40d1-9f81-f1c19654fd05:c5263]
2019-09-12 09:26:35,995 [grpc-default-executor-2] INFO  client.GrpcClientProtocolClient (GrpcClientProtocolClient.java:onNext(264)) - client-8B023739F3BF->b50d6464-f54a-40d1-9f81-f1c19654fd05: receive RaftClientReply:client-8B023739F3BF->b50d6464-f54a-40d1-9f81-f1c19654fd05@group-1F53027F28E3, cid=3754, SUCCESS, logIndex=5261, commits[b50d6464-f54a-40d1-9f81-f1c19654fd05:c5263]
2019-09-12 09:26:35,995 [grpc-default-executor-2] INFO  client.GrpcClientProtocolClient (GrpcClientProtocolClient.java:onNext(264)) - client-8B023739F3BF->b50d6464-f54a-40d1-9f81-f1c19654fd05: receive RaftClientReply:client-8B023739F3BF->b50d6464-f54a-40d1-9f81-f1c19654fd05@group-1F53027F28E3, cid=3755, SUCCESS, logIndex=5262, commits[b50d6464-f54a-40d1-9f81-f1c19654fd05:c5263]
2019-09-12 09:26:35,995 [grpc-default-executor-2] INFO  client.GrpcClientProtocolClient (GrpcClientProtocolClient.java:onNext(264)) - client-8B023739F3BF->b50d6464-f54a-40d1-9f81-f1c19654fd05: receive RaftClientReply:client-8B023739F3BF->b50d6464-f54a-40d1-9f81-f1c19654fd05@group-1F53027F28E3, cid=3756, SUCCESS, logIndex=5263, commits[b50d6464-f54a-40d1-9f81-f1c19654fd05:c5263]
2019-09-12 09:26:36,043 [SCMBlockDeletingService#1] DEBUG block.SCMBlockDeletingService (SCMBlockDeletingService.java:call(138)) - Running DeletedBlockTransactionScanner
2019-09-12 09:26:36,043 [SCMBlockDeletingService#1] DEBUG block.SCMBlockDeletingService (SCMBlockDeletingService.java:call(155)) - Scanned deleted blocks log and got 0 delTX to process.
2019-09-12 09:26:36,095 [grpc-default-executor-1] INFO  client.GrpcClientProtocolClient (GrpcClientProtocolClient.java:onNext(264)) - client-8B023739F3BF->b50d6464-f54a-40d1-9f81-f1c19654fd05: receive RaftClientReply:client-8B023739F3BF->b50d6464-f54a-40d1-9f81-f1c19654fd05@group-1F53027F28E3, cid=3757, SUCCESS, logIndex=5265, commits[b50d6464-f54a-40d1-9f81-f1c19654fd05:c5268]
2019-09-12 09:26:36,096 [grpc-default-executor-1] INFO  client.GrpcClientProtocolClient (GrpcClientProtocolClient.java:onNext(264)) - client-8B023739F3BF->b50d6464-f54a-40d1-9f81-f1c19654fd05: receive RaftClientReply:client-8B023739F3BF->b50d6464-f54a-40d1-9f81-f1c19654fd05@group-1F53027F28E3, cid=3758, SUCCESS, logIndex=5266, commits[b50d6464-f54a-40d1-9f81-f1c19654fd05:c5268]
2019-09-12 09:26:36,096 [grpc-default-executor-1] INFO  client.GrpcClientProtocolClient (GrpcClientProtocolClient.java:onNext(264)) - client-8B023739F3BF->b50d6464-f54a-40d1-9f81-f1c19654fd05: receive RaftClientReply:client-8B023739F3BF->b50d6464-f54a-40d1-9f81-f1c19654fd05@group-1F53027F28E3, cid=3759, SUCCESS, logIndex=5267, commits[b50d6464-f54a-40d1-9f81-f1c19654fd05:c5268]
2019-09-12 09:26:36,096 [grpc-default-executor-1] INFO  client.GrpcClientProtocolClient (GrpcClientProtocolClient.java:onNext(264)) - client-8B023739F3BF->b50d6464-f54a-40d1-9f81-f1c19654fd05: receive RaftClientReply:client-8B023739F3BF->b50d6464-f54a-40d1-9f81-f1c19654fd05@group-1F53027F28E3, cid=3760, SUCCESS, logIndex=5268, commits[b50d6464-f54a-40d1-9f81-f1c19654fd05:c5268]
2019-09-12 09:26:36,130 [grpc-default-executor-2] INFO  client.GrpcClientProtocolClient (GrpcClientProtocolClient.java:onNext(264)) - client-8B023739F3BF->b50d6464-f54a-40d1-9f81-f1c19654fd05: receive RaftClientReply:client-8B023739F3BF->b50d6464-f54a-40d1-9f81-f1c19654fd05@group-1F53027F28E3, cid=3761, SUCCESS, logIndex=5270, commits[b50d6464-f54a-40d1-9f81-f1c19654fd05:c5273]
2019-09-12 09:26:36,131 [grpc-default-executor-2] INFO  client.GrpcClientProtocolClient (GrpcClientProtocolClient.java:onNext(264)) - client-8B023739F3BF->b50d6464-f54a-40d1-9f81-f1c19654fd05: receive RaftClientReply:client-8B023739F3BF->b50d6464-f54a-40d1-9f81-f1c19654fd05@group-1F53027F28E3, cid=3762, SUCCESS, logIndex=5271, commits[b50d6464-f54a-40d1-9f81-f1c19654fd05:c5273]
2019-09-12 09:26:36,131 [grpc-default-executor-2] INFO  client.GrpcClientProtocolClient (GrpcClientProtocolClient.java:onNext(264)) - client-8B023739F3BF->b50d6464-f54a-40d1-9f81-f1c19654fd05: receive RaftClientReply:client-8B023739F3BF->b50d6464-f54a-40d1-9f81-f1c19654fd05@group-1F53027F28E3, cid=3763, SUCCESS, logIndex=5272, commits[b50d6464-f54a-40d1-9f81-f1c19654fd05:c5273]
2019-09-12 09:26:36,131 [grpc-default-executor-2] INFO  client.GrpcClientProtocolClient (GrpcClientProtocolClient.java:onNext(264)) - client-8B023739F3BF->b50d6464-f54a-40d1-9f81-f1c19654fd05: receive RaftClientReply:client-8B023739F3BF->b50d6464-f54a-40d1-9f81-f1c19654fd05@group-1F53027F28E3, cid=3764, SUCCESS, logIndex=5273, commits[b50d6464-f54a-40d1-9f81-f1c19654fd05:c5274]
2019-09-12 09:26:36,143 [SCMBlockDeletingService#1] DEBUG block.SCMBlockDeletingService (SCMBlockDeletingService.java:call(138)) - Running DeletedBlockTransactionScanner
2019-09-12 09:26:36,143 [SCMBlockDeletingService#1] DEBUG block.SCMBlockDeletingService (SCMBlockDeletingService.java:call(155)) - Scanned deleted blocks log and got 0 delTX to process.
2019-09-12 09:26:36,149 [grpc-default-executor-1] INFO  client.GrpcClientProtocolClient (GrpcClientProtocolClient.java:onNext(264)) - client-8B023739F3BF->b50d6464-f54a-40d1-9f81-f1c19654fd05: receive RaftClientReply:client-8B023739F3BF->b50d6464-f54a-40d1-9f81-f1c19654fd05@group-1F53027F28E3, cid=3765, SUCCESS, logIndex=5275, commits[b50d6464-f54a-40d1-9f81-f1c19654fd05:c5276]
2019-09-12 09:26:36,149 [grpc-default-executor-1] INFO  client.GrpcClientProtocolClient (GrpcClientProtocolClient.java:onNext(264)) - client-8B023739F3BF->b50d6464-f54a-40d1-9f81-f1c19654fd05: receive RaftClientReply:client-8B023739F3BF->b50d6464-f54a-40d1-9f81-f1c19654fd05@group-1F53027F28E3, cid=3766, SUCCESS, logIndex=5276, commits[b50d6464-f54a-40d1-9f81-f1c19654fd05:c5276]
2019-09-12 09:26:36,149 [grpc-default-executor-1] INFO  client.GrpcClientProtocolClient (GrpcClientProtocolClient.java:onNext(264)) - client-8B023739F3BF->b50d6464-f54a-40d1-9f81-f1c19654fd05: receive RaftClientReply:client-8B023739F3BF->b50d6464-f54a-40d1-9f81-f1c19654fd05@group-1F53027F28E3, cid=3767, SUCCESS, logIndex=5277, commits[b50d6464-f54a-40d1-9f81-f1c19654fd05:c5278]
2019-09-12 09:26:36,150 [grpc-default-executor-1] INFO  client.GrpcClientProtocolClient (GrpcClientProtocolClient.java:onNext(264)) - client-8B023739F3BF->b50d6464-f54a-40d1-9f81-f1c19654fd05: receive RaftClientReply:client-8B023739F3BF->b50d6464-f54a-40d1-9f81-f1c19654fd05@group-1F53027F28E3, cid=3768, SUCCESS, logIndex=5278, commits[b50d6464-f54a-40d1-9f81-f1c19654fd05:c5279]
2019-09-12 09:26:36,244 [SCMBlockDeletingService#1] DEBUG block.SCMBlockDeletingService (SCMBlockDeletingService.java:call(138)) - Running DeletedBlockTransactionScanner
2019-09-12 09:26:36,244 [SCMBlockDeletingService#1] DEBUG block.SCMBlockDeletingService (SCMBlockDeletingService.java:call(155)) - Scanned deleted blocks log and got 0 delTX to process.
2019-09-12 09:26:36,257 [grpc-default-executor-2] INFO  client.GrpcClientProtocolClient (GrpcClientProtocolClient.java:onNext(264)) - client-8B023739F3BF->b50d6464-f54a-40d1-9f81-f1c19654fd05: receive RaftClientReply:client-8B023739F3BF->b50d6464-f54a-40d1-9f81-f1c19654fd05@group-1F53027F28E3, cid=3769, SUCCESS, logIndex=5281, commits[b50d6464-f54a-40d1-9f81-f1c19654fd05:c5282]
2019-09-12 09:26:36,257 [grpc-default-executor-2] INFO  client.GrpcClientProtocolClient (GrpcClientProtocolClient.java:onNext(264)) - client-8B023739F3BF->b50d6464-f54a-40d1-9f81-f1c19654fd05: receive RaftClientReply:client-8B023739F3BF->b50d6464-f54a-40d1-9f81-f1c19654fd05@group-1F53027F28E3, cid=3770, SUCCESS, logIndex=5282, commits[b50d6464-f54a-40d1-9f81-f1c19654fd05:c5284]
2019-09-12 09:26:36,258 [grpc-default-executor-2] INFO  client.GrpcClientProtocolClient (GrpcClientProtocolClient.java:onNext(264)) - client-8B023739F3BF->b50d6464-f54a-40d1-9f81-f1c19654fd05: receive RaftClientReply:client-8B023739F3BF->b50d6464-f54a-40d1-9f81-f1c19654fd05@group-1F53027F28E3, cid=3771, SUCCESS, logIndex=5283, commits[b50d6464-f54a-40d1-9f81-f1c19654fd05:c5285]
2019-09-12 09:26:36,258 [grpc-default-executor-2] INFO  client.GrpcClientProtocolClient (GrpcClientProtocolClient.java:onNext(264)) - client-8B023739F3BF->b50d6464-f54a-40d1-9f81-f1c19654fd05: receive RaftClientReply:client-8B023739F3BF->b50d6464-f54a-40d1-9f81-f1c19654fd05@group-1F53027F28E3, cid=3772, SUCCESS, logIndex=5284, commits[b50d6464-f54a-40d1-9f81-f1c19654fd05:c5285]
2019-09-12 09:26:36,284 [grpc-default-executor-2] INFO  client.GrpcClientProtocolClient (GrpcClientProtocolClient.java:onNext(264)) - client-8B023739F3BF->b50d6464-f54a-40d1-9f81-f1c19654fd05: receive RaftClientReply:client-8B023739F3BF->b50d6464-f54a-40d1-9f81-f1c19654fd05@group-1F53027F28E3, cid=3773, SUCCESS, logIndex=5287, commits[b50d6464-f54a-40d1-9f81-f1c19654fd05:c5288]
2019-09-12 09:26:36,285 [grpc-default-executor-2] INFO  client.GrpcClientProtocolClient (GrpcClientProtocolClient.java:onNext(264)) - client-8B023739F3BF->b50d6464-f54a-40d1-9f81-f1c19654fd05: receive RaftClientReply:client-8B023739F3BF->b50d6464-f54a-40d1-9f81-f1c19654fd05@group-1F53027F28E3, cid=3774, SUCCESS, logIndex=5288, commits[b50d6464-f54a-40d1-9f81-f1c19654fd05:c5288]
2019-09-12 09:26:36,285 [grpc-default-executor-2] INFO  client.GrpcClientProtocolClient (GrpcClientProtocolClient.java:onNext(264)) - client-8B023739F3BF->b50d6464-f54a-40d1-9f81-f1c19654fd05: receive RaftClientReply:client-8B023739F3BF->b50d6464-f54a-40d1-9f81-f1c19654fd05@group-1F53027F28E3, cid=3775, SUCCESS, logIndex=5289, commits[b50d6464-f54a-40d1-9f81-f1c19654fd05:c5290]
2019-09-12 09:26:36,285 [grpc-default-executor-2] INFO  client.GrpcClientProtocolClient (GrpcClientProtocolClient.java:onNext(264)) - client-8B023739F3BF->b50d6464-f54a-40d1-9f81-f1c19654fd05: receive RaftClientReply:client-8B023739F3BF->b50d6464-f54a-40d1-9f81-f1c19654fd05@group-1F53027F28E3, cid=3776, SUCCESS, logIndex=5290, commits[b50d6464-f54a-40d1-9f81-f1c19654fd05:c5291]
2019-09-12 09:26:36,314 [grpc-default-executor-2] INFO  client.GrpcClientProtocolClient (GrpcClientProtocolClient.java:onNext(264)) - client-8B023739F3BF->b50d6464-f54a-40d1-9f81-f1c19654fd05: receive RaftClientReply:client-8B023739F3BF->b50d6464-f54a-40d1-9f81-f1c19654fd05@group-1F53027F28E3, cid=3777, SUCCESS, logIndex=5293, commits[b50d6464-f54a-40d1-9f81-f1c19654fd05:c5296]
2019-09-12 09:26:36,315 [grpc-default-executor-2] INFO  client.GrpcClientProtocolClient (GrpcClientProtocolClient.java:onNext(264)) - client-8B023739F3BF->b50d6464-f54a-40d1-9f81-f1c19654fd05: receive RaftClientReply:client-8B023739F3BF->b50d6464-f54a-40d1-9f81-f1c19654fd05@group-1F53027F28E3, cid=3778, SUCCESS, logIndex=5294, commits[b50d6464-f54a-40d1-9f81-f1c19654fd05:c5296]
2019-09-12 09:26:36,315 [grpc-default-executor-2] INFO  client.GrpcClientProtocolClient (GrpcClientProtocolClient.java:onNext(264)) - client-8B023739F3BF->b50d6464-f54a-40d1-9f81-f1c19654fd05: receive RaftClientReply:client-8B023739F3BF->b50d6464-f54a-40d1-9f81-f1c19654fd05@group-1F53027F28E3, cid=3779, SUCCESS, logIndex=5295, commits[b50d6464-f54a-40d1-9f81-f1c19654fd05:c5297]
2019-09-12 09:26:36,315 [grpc-default-executor-2] INFO  client.GrpcClientProtocolClient (GrpcClientProtocolClient.java:onNext(264)) - client-8B023739F3BF->b50d6464-f54a-40d1-9f81-f1c19654fd05: receive RaftClientReply:client-8B023739F3BF->b50d6464-f54a-40d1-9f81-f1c19654fd05@group-1F53027F28E3, cid=3780, SUCCESS, logIndex=5296, commits[b50d6464-f54a-40d1-9f81-f1c19654fd05:c5297]
2019-09-12 09:26:36,342 [grpc-default-executor-1] INFO  client.GrpcClientProtocolClient (GrpcClientProtocolClient.java:onNext(264)) - client-8B023739F3BF->b50d6464-f54a-40d1-9f81-f1c19654fd05: receive RaftClientReply:client-8B023739F3BF->b50d6464-f54a-40d1-9f81-f1c19654fd05@group-1F53027F28E3, cid=3781, SUCCESS, logIndex=5298, commits[b50d6464-f54a-40d1-9f81-f1c19654fd05:c5301]
2019-09-12 09:26:36,342 [grpc-default-executor-1] INFO  client.GrpcClientProtocolClient (GrpcClientProtocolClient.java:onNext(264)) - client-8B023739F3BF->b50d6464-f54a-40d1-9f81-f1c19654fd05: receive RaftClientReply:client-8B023739F3BF->b50d6464-f54a-40d1-9f81-f1c19654fd05@group-1F53027F28E3, cid=3782, SUCCESS, logIndex=5299, commits[b50d6464-f54a-40d1-9f81-f1c19654fd05:c5301]
2019-09-12 09:26:36,343 [grpc-default-executor-1] INFO  client.GrpcClientProtocolClient (GrpcClientProtocolClient.java:onNext(264)) - client-8B023739F3BF->b50d6464-f54a-40d1-9f81-f1c19654fd05: receive RaftClientReply:client-8B023739F3BF->b50d6464-f54a-40d1-9f81-f1c19654fd05@group-1F53027F28E3, cid=3783, SUCCESS, logIndex=5300, commits[b50d6464-f54a-40d1-9f81-f1c19654fd05:c5301]
2019-09-12 09:26:36,343 [grpc-default-executor-1] INFO  client.GrpcClientProtocolClient (GrpcClientProtocolClient.java:onNext(264)) - client-8B023739F3BF->b50d6464-f54a-40d1-9f81-f1c19654fd05: receive RaftClientReply:client-8B023739F3BF->b50d6464-f54a-40d1-9f81-f1c19654fd05@group-1F53027F28E3, cid=3784, SUCCESS, logIndex=5301, commits[b50d6464-f54a-40d1-9f81-f1c19654fd05:c5301]
2019-09-12 09:26:36,345 [SCMBlockDeletingService#1] DEBUG block.SCMBlockDeletingService (SCMBlockDeletingService.java:call(138)) - Running DeletedBlockTransactionScanner
2019-09-12 09:26:36,345 [SCMBlockDeletingService#1] DEBUG block.SCMBlockDeletingService (SCMBlockDeletingService.java:call(155)) - Scanned deleted blocks log and got 0 delTX to process.
2019-09-12 09:26:36,378 [grpc-default-executor-1] INFO  client.GrpcClientProtocolClient (GrpcClientProtocolClient.java:onNext(264)) - client-8B023739F3BF->b50d6464-f54a-40d1-9f81-f1c19654fd05: receive RaftClientReply:client-8B023739F3BF->b50d6464-f54a-40d1-9f81-f1c19654fd05@group-1F53027F28E3, cid=3785, SUCCESS, logIndex=5303, commits[b50d6464-f54a-40d1-9f81-f1c19654fd05:c5306]
2019-09-12 09:26:36,378 [grpc-default-executor-1] INFO  client.GrpcClientProtocolClient (GrpcClientProtocolClient.java:onNext(264)) - client-8B023739F3BF->b50d6464-f54a-40d1-9f81-f1c19654fd05: receive RaftClientReply:client-8B023739F3BF->b50d6464-f54a-40d1-9f81-f1c19654fd05@group-1F53027F28E3, cid=3786, SUCCESS, logIndex=5304, commits[b50d6464-f54a-40d1-9f81-f1c19654fd05:c5307]
2019-09-12 09:26:36,379 [grpc-default-executor-1] INFO  client.GrpcClientProtocolClient (GrpcClientProtocolClient.java:onNext(264)) - client-8B023739F3BF->b50d6464-f54a-40d1-9f81-f1c19654fd05: receive RaftClientReply:client-8B023739F3BF->b50d6464-f54a-40d1-9f81-f1c19654fd05@group-1F53027F28E3, cid=3787, SUCCESS, logIndex=5305, commits[b50d6464-f54a-40d1-9f81-f1c19654fd05:c5307]
2019-09-12 09:26:36,379 [grpc-default-executor-1] INFO  client.GrpcClientProtocolClient (GrpcClientProtocolClient.java:onNext(264)) - client-8B023739F3BF->b50d6464-f54a-40d1-9f81-f1c19654fd05: receive RaftClientReply:client-8B023739F3BF->b50d6464-f54a-40d1-9f81-f1c19654fd05@group-1F53027F28E3, cid=3788, SUCCESS, logIndex=5306, commits[b50d6464-f54a-40d1-9f81-f1c19654fd05:c5307]
2019-09-12 09:26:36,396 [grpc-default-executor-2] INFO  client.GrpcClientProtocolClient (GrpcClientProtocolClient.java:onNext(264)) - client-8B023739F3BF->b50d6464-f54a-40d1-9f81-f1c19654fd05: receive RaftClientReply:client-8B023739F3BF->b50d6464-f54a-40d1-9f81-f1c19654fd05@group-1F53027F28E3, cid=3789, SUCCESS, logIndex=5308, commits[b50d6464-f54a-40d1-9f81-f1c19654fd05:c5309]
2019-09-12 09:26:36,397 [grpc-default-executor-2] INFO  client.GrpcClientProtocolClient (GrpcClientProtocolClient.java:onNext(264)) - client-8B023739F3BF->b50d6464-f54a-40d1-9f81-f1c19654fd05: receive RaftClientReply:client-8B023739F3BF->b50d6464-f54a-40d1-9f81-f1c19654fd05@group-1F53027F28E3, cid=3790, SUCCESS, logIndex=5309, commits[b50d6464-f54a-40d1-9f81-f1c19654fd05:c5311]
2019-09-12 09:26:36,397 [grpc-default-executor-2] INFO  client.GrpcClientProtocolClient (GrpcClientProtocolClient.java:onNext(264)) - client-8B023739F3BF->b50d6464-f54a-40d1-9f81-f1c19654fd05: receive RaftClientReply:client-8B023739F3BF->b50d6464-f54a-40d1-9f81-f1c19654fd05@group-1F53027F28E3, cid=3791, SUCCESS, logIndex=5310, commits[b50d6464-f54a-40d1-9f81-f1c19654fd05:c5312]
2019-09-12 09:26:36,397 [grpc-default-executor-2] INFO  client.GrpcClientProtocolClient (GrpcClientProtocolClient.java:onNext(264)) - client-8B023739F3BF->b50d6464-f54a-40d1-9f81-f1c19654fd05: receive RaftClientReply:client-8B023739F3BF->b50d6464-f54a-40d1-9f81-f1c19654fd05@group-1F53027F28E3, cid=3792, SUCCESS, logIndex=5311, commits[b50d6464-f54a-40d1-9f81-f1c19654fd05:c5313]
2019-09-12 09:26:36,425 [grpc-default-executor-2] INFO  client.GrpcClientProtocolClient (GrpcClientProtocolClient.java:onNext(264)) - client-8B023739F3BF->b50d6464-f54a-40d1-9f81-f1c19654fd05: receive RaftClientReply:client-8B023739F3BF->b50d6464-f54a-40d1-9f81-f1c19654fd05@group-1F53027F28E3, cid=3793, SUCCESS, logIndex=5314, commits[b50d6464-f54a-40d1-9f81-f1c19654fd05:c5317]
2019-09-12 09:26:36,425 [grpc-default-executor-2] INFO  client.GrpcClientProtocolClient (GrpcClientProtocolClient.java:onNext(264)) - client-8B023739F3BF->b50d6464-f54a-40d1-9f81-f1c19654fd05: receive RaftClientReply:client-8B023739F3BF->b50d6464-f54a-40d1-9f81-f1c19654fd05@group-1F53027F28E3, cid=3794, SUCCESS, logIndex=5315, commits[b50d6464-f54a-40d1-9f81-f1c19654fd05:c5317]
2019-09-12 09:26:36,425 [grpc-default-executor-2] INFO  client.GrpcClientProtocolClient (GrpcClientProtocolClient.java:onNext(264)) - client-8B023739F3BF->b50d6464-f54a-40d1-9f81-f1c19654fd05: receive RaftClientReply:client-8B023739F3BF->b50d6464-f54a-40d1-9f81-f1c19654fd05@group-1F53027F28E3, cid=3795, SUCCESS, logIndex=5316, commits[b50d6464-f54a-40d1-9f81-f1c19654fd05:c5318]
2019-09-12 09:26:36,425 [grpc-default-executor-2] INFO  client.GrpcClientProtocolClient (GrpcClientProtocolClient.java:onNext(264)) - client-8B023739F3BF->b50d6464-f54a-40d1-9f81-f1c19654fd05: receive RaftClientReply:client-8B023739F3BF->b50d6464-f54a-40d1-9f81-f1c19654fd05@group-1F53027F28E3, cid=3796, SUCCESS, logIndex=5317, commits[b50d6464-f54a-40d1-9f81-f1c19654fd05:c5318]
2019-09-12 09:26:36,444 [grpc-default-executor-2] INFO  client.GrpcClientProtocolClient (GrpcClientProtocolClient.java:onNext(264)) - client-8B023739F3BF->b50d6464-f54a-40d1-9f81-f1c19654fd05: receive RaftClientReply:client-8B023739F3BF->b50d6464-f54a-40d1-9f81-f1c19654fd05@group-1F53027F28E3, cid=3797, SUCCESS, logIndex=5319, commits[b50d6464-f54a-40d1-9f81-f1c19654fd05:c5322]
2019-09-12 09:26:36,445 [grpc-default-executor-2] INFO  client.GrpcClientProtocolClient (GrpcClientProtocolClient.java:onNext(264)) - client-8B023739F3BF->b50d6464-f54a-40d1-9f81-f1c19654fd05: receive RaftClientReply:client-8B023739F3BF->b50d6464-f54a-40d1-9f81-f1c19654fd05@group-1F53027F28E3, cid=3798, SUCCESS, logIndex=5320, commits[b50d6464-f54a-40d1-9f81-f1c19654fd05:c5322]
2019-09-12 09:26:36,445 [grpc-default-executor-2] INFO  client.GrpcClientProtocolClient (GrpcClientProtocolClient.java:onNext(264)) - client-8B023739F3BF->b50d6464-f54a-40d1-9f81-f1c19654fd05: receive RaftClientReply:client-8B023739F3BF->b50d6464-f54a-40d1-9f81-f1c19654fd05@group-1F53027F28E3, cid=3799, SUCCESS, logIndex=5321, commits[b50d6464-f54a-40d1-9f81-f1c19654fd05:c5323]
2019-09-12 09:26:36,445 [SCMBlockDeletingService#1] DEBUG block.SCMBlockDeletingService (SCMBlockDeletingService.java:call(138)) - Running DeletedBlockTransactionScanner
2019-09-12 09:26:36,445 [grpc-default-executor-2] INFO  client.GrpcClientProtocolClient (GrpcClientProtocolClient.java:onNext(264)) - client-8B023739F3BF->b50d6464-f54a-40d1-9f81-f1c19654fd05: receive RaftClientReply:client-8B023739F3BF->b50d6464-f54a-40d1-9f81-f1c19654fd05@group-1F53027F28E3, cid=3800, SUCCESS, logIndex=5322, commits[b50d6464-f54a-40d1-9f81-f1c19654fd05:c5323]
2019-09-12 09:26:36,445 [SCMBlockDeletingService#1] DEBUG block.SCMBlockDeletingService (SCMBlockDeletingService.java:call(155)) - Scanned deleted blocks log and got 0 delTX to process.
2019-09-12 09:26:36,546 [SCMBlockDeletingService#1] DEBUG block.SCMBlockDeletingService (SCMBlockDeletingService.java:call(138)) - Running DeletedBlockTransactionScanner
2019-09-12 09:26:36,546 [SCMBlockDeletingService#1] DEBUG block.SCMBlockDeletingService (SCMBlockDeletingService.java:call(155)) - Scanned deleted blocks log and got 0 delTX to process.
2019-09-12 09:26:36,563 [grpc-default-executor-1] INFO  client.GrpcClientProtocolClient (GrpcClientProtocolClient.java:onNext(264)) - client-8B023739F3BF->b50d6464-f54a-40d1-9f81-f1c19654fd05: receive RaftClientReply:client-8B023739F3BF->b50d6464-f54a-40d1-9f81-f1c19654fd05@group-1F53027F28E3, cid=3801, SUCCESS, logIndex=5324, commits[b50d6464-f54a-40d1-9f81-f1c19654fd05:c5327]
2019-09-12 09:26:36,564 [grpc-default-executor-1] INFO  client.GrpcClientProtocolClient (GrpcClientProtocolClient.java:onNext(264)) - client-8B023739F3BF->b50d6464-f54a-40d1-9f81-f1c19654fd05: receive RaftClientReply:client-8B023739F3BF->b50d6464-f54a-40d1-9f81-f1c19654fd05@group-1F53027F28E3, cid=3802, SUCCESS, logIndex=5325, commits[b50d6464-f54a-40d1-9f81-f1c19654fd05:c5327]
2019-09-12 09:26:36,564 [grpc-default-executor-1] INFO  client.GrpcClientProtocolClient (GrpcClientProtocolClient.java:onNext(264)) - client-8B023739F3BF->b50d6464-f54a-40d1-9f81-f1c19654fd05: receive RaftClientReply:client-8B023739F3BF->b50d6464-f54a-40d1-9f81-f1c19654fd05@group-1F53027F28E3, cid=3803, SUCCESS, logIndex=5326, commits[b50d6464-f54a-40d1-9f81-f1c19654fd05:c5327]
2019-09-12 09:26:36,564 [grpc-default-executor-1] INFO  client.GrpcClientProtocolClient (GrpcClientProtocolClient.java:onNext(264)) - client-8B023739F3BF->b50d6464-f54a-40d1-9f81-f1c19654fd05: receive RaftClientReply:client-8B023739F3BF->b50d6464-f54a-40d1-9f81-f1c19654fd05@group-1F53027F28E3, cid=3804, SUCCESS, logIndex=5327, commits[b50d6464-f54a-40d1-9f81-f1c19654fd05:c5327]
2019-09-12 09:26:36,578 [grpc-default-executor-2] INFO  client.GrpcClientProtocolClient (GrpcClientProtocolClient.java:onNext(264)) - client-8B023739F3BF->b50d6464-f54a-40d1-9f81-f1c19654fd05: receive RaftClientReply:client-8B023739F3BF->b50d6464-f54a-40d1-9f81-f1c19654fd05@group-1F53027F28E3, cid=3805, SUCCESS, logIndex=5329, commits[b50d6464-f54a-40d1-9f81-f1c19654fd05:c5330]
2019-09-12 09:26:36,578 [grpc-default-executor-2] INFO  client.GrpcClientProtocolClient (GrpcClientProtocolClient.java:onNext(264)) - client-8B023739F3BF->b50d6464-f54a-40d1-9f81-f1c19654fd05: receive RaftClientReply:client-8B023739F3BF->b50d6464-f54a-40d1-9f81-f1c19654fd05@group-1F53027F28E3, cid=3806, SUCCESS, logIndex=5330, commits[b50d6464-f54a-40d1-9f81-f1c19654fd05:c5332]
2019-09-12 09:26:36,579 [grpc-default-executor-2] INFO  client.GrpcClientProtocolClient (GrpcClientProtocolClient.java:onNext(264)) - client-8B023739F3BF->b50d6464-f54a-40d1-9f81-f1c19654fd05: receive RaftClientReply:client-8B023739F3BF->b50d6464-f54a-40d1-9f81-f1c19654fd05@group-1F53027F28E3, cid=3807, SUCCESS, logIndex=5331, commits[b50d6464-f54a-40d1-9f81-f1c19654fd05:c5333]
2019-09-12 09:26:36,579 [grpc-default-executor-2] INFO  client.GrpcClientProtocolClient (GrpcClientProtocolClient.java:onNext(264)) - client-8B023739F3BF->b50d6464-f54a-40d1-9f81-f1c19654fd05: receive RaftClientReply:client-8B023739F3BF->b50d6464-f54a-40d1-9f81-f1c19654fd05@group-1F53027F28E3, cid=3808, SUCCESS, logIndex=5332, commits[b50d6464-f54a-40d1-9f81-f1c19654fd05:c5333]
2019-09-12 09:26:36,604 [grpc-default-executor-2] INFO  client.GrpcClientProtocolClient (GrpcClientProtocolClient.java:onNext(264)) - client-8B023739F3BF->b50d6464-f54a-40d1-9f81-f1c19654fd05: receive RaftClientReply:client-8B023739F3BF->b50d6464-f54a-40d1-9f81-f1c19654fd05@group-1F53027F28E3, cid=3809, SUCCESS, logIndex=5335, commits[b50d6464-f54a-40d1-9f81-f1c19654fd05:c5338]
2019-09-12 09:26:36,604 [grpc-default-executor-2] INFO  client.GrpcClientProtocolClient (GrpcClientProtocolClient.java:onNext(264)) - client-8B023739F3BF->b50d6464-f54a-40d1-9f81-f1c19654fd05: receive RaftClientReply:client-8B023739F3BF->b50d6464-f54a-40d1-9f81-f1c19654fd05@group-1F53027F28E3, cid=3810, SUCCESS, logIndex=5336, commits[b50d6464-f54a-40d1-9f81-f1c19654fd05:c5339]
2019-09-12 09:26:36,605 [grpc-default-executor-2] INFO  client.GrpcClientProtocolClient (GrpcClientProtocolClient.java:onNext(264)) - client-8B023739F3BF->b50d6464-f54a-40d1-9f81-f1c19654fd05: receive RaftClientReply:client-8B023739F3BF->b50d6464-f54a-40d1-9f81-f1c19654fd05@group-1F53027F28E3, cid=3811, SUCCESS, logIndex=5337, commits[b50d6464-f54a-40d1-9f81-f1c19654fd05:c5339]
2019-09-12 09:26:36,605 [grpc-default-executor-2] INFO  client.GrpcClientProtocolClient (GrpcClientProtocolClient.java:onNext(264)) - client-8B023739F3BF->b50d6464-f54a-40d1-9f81-f1c19654fd05: receive RaftClientReply:client-8B023739F3BF->b50d6464-f54a-40d1-9f81-f1c19654fd05@group-1F53027F28E3, cid=3812, SUCCESS, logIndex=5338, commits[b50d6464-f54a-40d1-9f81-f1c19654fd05:c5339]
2019-09-12 09:26:36,624 [grpc-default-executor-2] INFO  client.GrpcClientProtocolClient (GrpcClientProtocolClient.java:onNext(264)) - client-8B023739F3BF->b50d6464-f54a-40d1-9f81-f1c19654fd05: receive RaftClientReply:client-8B023739F3BF->b50d6464-f54a-40d1-9f81-f1c19654fd05@group-1F53027F28E3, cid=3813, SUCCESS, logIndex=5340, commits[b50d6464-f54a-40d1-9f81-f1c19654fd05:c5341]
2019-09-12 09:26:36,624 [grpc-default-executor-2] INFO  client.GrpcClientProtocolClient (GrpcClientProtocolClient.java:onNext(264)) - client-8B023739F3BF->b50d6464-f54a-40d1-9f81-f1c19654fd05: receive RaftClientReply:client-8B023739F3BF->b50d6464-f54a-40d1-9f81-f1c19654fd05@group-1F53027F28E3, cid=3814, SUCCESS, logIndex=5341, commits[b50d6464-f54a-40d1-9f81-f1c19654fd05:c5341]
2019-09-12 09:26:36,637 [grpc-default-executor-2] INFO  client.GrpcClientProtocolClient (GrpcClientProtocolClient.java:onNext(264)) - client-8B023739F3BF->b50d6464-f54a-40d1-9f81-f1c19654fd05: receive RaftClientReply:client-8B023739F3BF->b50d6464-f54a-40d1-9f81-f1c19654fd05@group-1F53027F28E3, cid=3815, SUCCESS, logIndex=5342, commits[b50d6464-f54a-40d1-9f81-f1c19654fd05:c5344]
2019-09-12 09:26:36,637 [grpc-default-executor-2] INFO  client.GrpcClientProtocolClient (GrpcClientProtocolClient.java:onNext(264)) - client-8B023739F3BF->b50d6464-f54a-40d1-9f81-f1c19654fd05: receive RaftClientReply:client-8B023739F3BF->b50d6464-f54a-40d1-9f81-f1c19654fd05@group-1F53027F28E3, cid=3816, SUCCESS, logIndex=5343, commits[b50d6464-f54a-40d1-9f81-f1c19654fd05:c5344]
2019-09-12 09:26:36,646 [SCMBlockDeletingService#1] DEBUG block.SCMBlockDeletingService (SCMBlockDeletingService.java:call(138)) - Running DeletedBlockTransactionScanner
2019-09-12 09:26:36,646 [SCMBlockDeletingService#1] DEBUG block.SCMBlockDeletingService (SCMBlockDeletingService.java:call(155)) - Scanned deleted blocks log and got 0 delTX to process.
2019-09-12 09:26:36,675 [grpc-default-executor-2] INFO  client.GrpcClientProtocolClient (GrpcClientProtocolClient.java:onNext(264)) - client-8B023739F3BF->b50d6464-f54a-40d1-9f81-f1c19654fd05: receive RaftClientReply:client-8B023739F3BF->b50d6464-f54a-40d1-9f81-f1c19654fd05@group-1F53027F28E3, cid=3817, SUCCESS, logIndex=5345, commits[b50d6464-f54a-40d1-9f81-f1c19654fd05:c5348]
2019-09-12 09:26:36,676 [grpc-default-executor-2] INFO  client.GrpcClientProtocolClient (GrpcClientProtocolClient.java:onNext(264)) - client-8B023739F3BF->b50d6464-f54a-40d1-9f81-f1c19654fd05: receive RaftClientReply:client-8B023739F3BF->b50d6464-f54a-40d1-9f81-f1c19654fd05@group-1F53027F28E3, cid=3818, SUCCESS, logIndex=5346, commits[b50d6464-f54a-40d1-9f81-f1c19654fd05:c5348]
2019-09-12 09:26:36,676 [grpc-default-executor-2] INFO  client.GrpcClientProtocolClient (GrpcClientProtocolClient.java:onNext(264)) - client-8B023739F3BF->b50d6464-f54a-40d1-9f81-f1c19654fd05: receive RaftClientReply:client-8B023739F3BF->b50d6464-f54a-40d1-9f81-f1c19654fd05@group-1F53027F28E3, cid=3819, SUCCESS, logIndex=5347, commits[b50d6464-f54a-40d1-9f81-f1c19654fd05:c5349]
2019-09-12 09:26:36,676 [grpc-default-executor-2] INFO  client.GrpcClientProtocolClient (GrpcClientProtocolClient.java:onNext(264)) - client-8B023739F3BF->b50d6464-f54a-40d1-9f81-f1c19654fd05: receive RaftClientReply:client-8B023739F3BF->b50d6464-f54a-40d1-9f81-f1c19654fd05@group-1F53027F28E3, cid=3820, SUCCESS, logIndex=5348, commits[b50d6464-f54a-40d1-9f81-f1c19654fd05:c5349]
2019-09-12 09:26:36,695 [grpc-default-executor-2] INFO  client.GrpcClientProtocolClient (GrpcClientProtocolClient.java:onNext(264)) - client-8B023739F3BF->b50d6464-f54a-40d1-9f81-f1c19654fd05: receive RaftClientReply:client-8B023739F3BF->b50d6464-f54a-40d1-9f81-f1c19654fd05@group-1F53027F28E3, cid=3821, SUCCESS, logIndex=5350, commits[b50d6464-f54a-40d1-9f81-f1c19654fd05:c5351]
2019-09-12 09:26:36,696 [grpc-default-executor-2] INFO  client.GrpcClientProtocolClient (GrpcClientProtocolClient.java:onNext(264)) - client-8B023739F3BF->b50d6464-f54a-40d1-9f81-f1c19654fd05: receive RaftClientReply:client-8B023739F3BF->b50d6464-f54a-40d1-9f81-f1c19654fd05@group-1F53027F28E3, cid=3822, SUCCESS, logIndex=5351, commits[b50d6464-f54a-40d1-9f81-f1c19654fd05:c5353]
2019-09-12 09:26:36,696 [grpc-default-executor-2] INFO  client.GrpcClientProtocolClient (GrpcClientProtocolClient.java:onNext(264)) - client-8B023739F3BF->b50d6464-f54a-40d1-9f81-f1c19654fd05: receive RaftClientReply:client-8B023739F3BF->b50d6464-f54a-40d1-9f81-f1c19654fd05@group-1F53027F28E3, cid=3823, SUCCESS, logIndex=5352, commits[b50d6464-f54a-40d1-9f81-f1c19654fd05:c5353]
2019-09-12 09:26:36,696 [grpc-default-executor-2] INFO  client.GrpcClientProtocolClient (GrpcClientProtocolClient.java:onNext(264)) - client-8B023739F3BF->b50d6464-f54a-40d1-9f81-f1c19654fd05: receive RaftClientReply:client-8B023739F3BF->b50d6464-f54a-40d1-9f81-f1c19654fd05@group-1F53027F28E3, cid=3824, SUCCESS, logIndex=5353, commits[b50d6464-f54a-40d1-9f81-f1c19654fd05:c5353]
2019-09-12 09:26:36,723 [grpc-default-executor-2] INFO  client.GrpcClientProtocolClient (GrpcClientProtocolClient.java:onNext(264)) - client-8B023739F3BF->b50d6464-f54a-40d1-9f81-f1c19654fd05: receive RaftClientReply:client-8B023739F3BF->b50d6464-f54a-40d1-9f81-f1c19654fd05@group-1F53027F28E3, cid=3825, SUCCESS, logIndex=5356, commits[b50d6464-f54a-40d1-9f81-f1c19654fd05:c5357]
2019-09-12 09:26:36,724 [grpc-default-executor-2] INFO  client.GrpcClientProtocolClient (GrpcClientProtocolClient.java:onNext(264)) - client-8B023739F3BF->b50d6464-f54a-40d1-9f81-f1c19654fd05: receive RaftClientReply:client-8B023739F3BF->b50d6464-f54a-40d1-9f81-f1c19654fd05@group-1F53027F28E3, cid=3826, SUCCESS, logIndex=5357, commits[b50d6464-f54a-40d1-9f81-f1c19654fd05:c5359]
2019-09-12 09:26:36,724 [grpc-default-executor-2] INFO  client.GrpcClientProtocolClient (GrpcClientProtocolClient.java:onNext(264)) - client-8B023739F3BF->b50d6464-f54a-40d1-9f81-f1c19654fd05: receive RaftClientReply:client-8B023739F3BF->b50d6464-f54a-40d1-9f81-f1c19654fd05@group-1F53027F28E3, cid=3827, SUCCESS, logIndex=5358, commits[b50d6464-f54a-40d1-9f81-f1c19654fd05:c5360]
2019-09-12 09:26:36,724 [grpc-default-executor-2] INFO  client.GrpcClientProtocolClient (GrpcClientProtocolClient.java:onNext(264)) - client-8B023739F3BF->b50d6464-f54a-40d1-9f81-f1c19654fd05: receive RaftClientReply:client-8B023739F3BF->b50d6464-f54a-40d1-9f81-f1c19654fd05@group-1F53027F28E3, cid=3828, SUCCESS, logIndex=5359, commits[b50d6464-f54a-40d1-9f81-f1c19654fd05:c5361]
2019-09-12 09:26:36,747 [SCMBlockDeletingService#1] DEBUG block.SCMBlockDeletingService (SCMBlockDeletingService.java:call(138)) - Running DeletedBlockTransactionScanner
2019-09-12 09:26:36,747 [SCMBlockDeletingService#1] DEBUG block.SCMBlockDeletingService (SCMBlockDeletingService.java:call(155)) - Scanned deleted blocks log and got 0 delTX to process.
2019-09-12 09:26:36,756 [grpc-default-executor-1] INFO  client.GrpcClientProtocolClient (GrpcClientProtocolClient.java:onNext(264)) - client-8B023739F3BF->b50d6464-f54a-40d1-9f81-f1c19654fd05: receive RaftClientReply:client-8B023739F3BF->b50d6464-f54a-40d1-9f81-f1c19654fd05@group-1F53027F28E3, cid=3829, SUCCESS, logIndex=5362, commits[b50d6464-f54a-40d1-9f81-f1c19654fd05:c5363]
2019-09-12 09:26:36,757 [grpc-default-executor-1] INFO  client.GrpcClientProtocolClient (GrpcClientProtocolClient.java:onNext(264)) - client-8B023739F3BF->b50d6464-f54a-40d1-9f81-f1c19654fd05: receive RaftClientReply:client-8B023739F3BF->b50d6464-f54a-40d1-9f81-f1c19654fd05@group-1F53027F28E3, cid=3830, SUCCESS, logIndex=5363, commits[b50d6464-f54a-40d1-9f81-f1c19654fd05:c5363]
2019-09-12 09:26:36,758 [grpc-default-executor-1] INFO  client.GrpcClientProtocolClient (GrpcClientProtocolClient.java:onNext(264)) - client-8B023739F3BF->b50d6464-f54a-40d1-9f81-f1c19654fd05: receive RaftClientReply:client-8B023739F3BF->b50d6464-f54a-40d1-9f81-f1c19654fd05@group-1F53027F28E3, cid=3831, SUCCESS, logIndex=5364, commits[b50d6464-f54a-40d1-9f81-f1c19654fd05:c5365]
2019-09-12 09:26:36,758 [grpc-default-executor-1] INFO  client.GrpcClientProtocolClient (GrpcClientProtocolClient.java:onNext(264)) - client-8B023739F3BF->b50d6464-f54a-40d1-9f81-f1c19654fd05: receive RaftClientReply:client-8B023739F3BF->b50d6464-f54a-40d1-9f81-f1c19654fd05@group-1F53027F28E3, cid=3832, SUCCESS, logIndex=5365, commits[b50d6464-f54a-40d1-9f81-f1c19654fd05:c5365]
2019-09-12 09:26:36,797 [grpc-default-executor-1] INFO  client.GrpcClientProtocolClient (GrpcClientProtocolClient.java:onNext(264)) - client-8B023739F3BF->b50d6464-f54a-40d1-9f81-f1c19654fd05: receive RaftClientReply:client-8B023739F3BF->b50d6464-f54a-40d1-9f81-f1c19654fd05@group-1F53027F28E3, cid=3833, SUCCESS, logIndex=5368, commits[b50d6464-f54a-40d1-9f81-f1c19654fd05:c5371]
2019-09-12 09:26:36,797 [grpc-default-executor-1] INFO  client.GrpcClientProtocolClient (GrpcClientProtocolClient.java:onNext(264)) - client-8B023739F3BF->b50d6464-f54a-40d1-9f81-f1c19654fd05: receive RaftClientReply:client-8B023739F3BF->b50d6464-f54a-40d1-9f81-f1c19654fd05@group-1F53027F28E3, cid=3834, SUCCESS, logIndex=5369, commits[b50d6464-f54a-40d1-9f81-f1c19654fd05:c5371]
2019-09-12 09:26:36,799 [grpc-default-executor-1] INFO  client.GrpcClientProtocolClient (GrpcClientProtocolClient.java:onNext(264)) - client-8B023739F3BF->b50d6464-f54a-40d1-9f81-f1c19654fd05: receive RaftClientReply:client-8B023739F3BF->b50d6464-f54a-40d1-9f81-f1c19654fd05@group-1F53027F28E3, cid=3835, SUCCESS, logIndex=5370, commits[b50d6464-f54a-40d1-9f81-f1c19654fd05:c5372]
2019-09-12 09:26:36,799 [grpc-default-executor-1] INFO  client.GrpcClientProtocolClient (GrpcClientProtocolClient.java:onNext(264)) - client-8B023739F3BF->b50d6464-f54a-40d1-9f81-f1c19654fd05: receive RaftClientReply:client-8B023739F3BF->b50d6464-f54a-40d1-9f81-f1c19654fd05@group-1F53027F28E3, cid=3836, SUCCESS, logIndex=5371, commits[b50d6464-f54a-40d1-9f81-f1c19654fd05:c5372]
2019-09-12 09:26:36,811 [grpc-default-executor-1] INFO  client.GrpcClientProtocolClient (GrpcClientProtocolClient.java:onNext(264)) - client-8B023739F3BF->b50d6464-f54a-40d1-9f81-f1c19654fd05: receive RaftClientReply:client-8B023739F3BF->b50d6464-f54a-40d1-9f81-f1c19654fd05@group-1F53027F28E3, cid=3837, SUCCESS, logIndex=5373, commits[b50d6464-f54a-40d1-9f81-f1c19654fd05:c5376]
2019-09-12 09:26:36,811 [grpc-default-executor-1] INFO  client.GrpcClientProtocolClient (GrpcClientProtocolClient.java:onNext(264)) - client-8B023739F3BF->b50d6464-f54a-40d1-9f81-f1c19654fd05: receive RaftClientReply:client-8B023739F3BF->b50d6464-f54a-40d1-9f81-f1c19654fd05@group-1F53027F28E3, cid=3838, SUCCESS, logIndex=5374, commits[b50d6464-f54a-40d1-9f81-f1c19654fd05:c5377]
2019-09-12 09:26:36,812 [grpc-default-executor-1] INFO  client.GrpcClientProtocolClient (GrpcClientProtocolClient.java:onNext(264)) - client-8B023739F3BF->b50d6464-f54a-40d1-9f81-f1c19654fd05: receive RaftClientReply:client-8B023739F3BF->b50d6464-f54a-40d1-9f81-f1c19654fd05@group-1F53027F28E3, cid=3839, SUCCESS, logIndex=5375, commits[b50d6464-f54a-40d1-9f81-f1c19654fd05:c5377]
2019-09-12 09:26:36,812 [grpc-default-executor-1] INFO  client.GrpcClientProtocolClient (GrpcClientProtocolClient.java:onNext(264)) - client-8B023739F3BF->b50d6464-f54a-40d1-9f81-f1c19654fd05: receive RaftClientReply:client-8B023739F3BF->b50d6464-f54a-40d1-9f81-f1c19654fd05@group-1F53027F28E3, cid=3840, SUCCESS, logIndex=5376, commits[b50d6464-f54a-40d1-9f81-f1c19654fd05:c5377]
2019-09-12 09:26:36,840 [grpc-default-executor-1] INFO  client.GrpcClientProtocolClient (GrpcClientProtocolClient.java:onNext(264)) - client-8B023739F3BF->b50d6464-f54a-40d1-9f81-f1c19654fd05: receive RaftClientReply:client-8B023739F3BF->b50d6464-f54a-40d1-9f81-f1c19654fd05@group-1F53027F28E3, cid=3841, SUCCESS, logIndex=5378, commits[b50d6464-f54a-40d1-9f81-f1c19654fd05:c5379]
2019-09-12 09:26:36,840 [grpc-default-executor-1] INFO  client.GrpcClientProtocolClient (GrpcClientProtocolClient.java:onNext(264)) - client-8B023739F3BF->b50d6464-f54a-40d1-9f81-f1c19654fd05: receive RaftClientReply:client-8B023739F3BF->b50d6464-f54a-40d1-9f81-f1c19654fd05@group-1F53027F28E3, cid=3842, SUCCESS, logIndex=5379, commits[b50d6464-f54a-40d1-9f81-f1c19654fd05:c5379]
2019-09-12 09:26:36,841 [grpc-default-executor-1] INFO  client.GrpcClientProtocolClient (GrpcClientProtocolClient.java:onNext(264)) - client-8B023739F3BF->b50d6464-f54a-40d1-9f81-f1c19654fd05: receive RaftClientReply:client-8B023739F3BF->b50d6464-f54a-40d1-9f81-f1c19654fd05@group-1F53027F28E3, cid=3843, SUCCESS, logIndex=5380, commits[b50d6464-f54a-40d1-9f81-f1c19654fd05:c5381]
2019-09-12 09:26:36,841 [grpc-default-executor-1] INFO  client.GrpcClientProtocolClient (GrpcClientProtocolClient.java:onNext(264)) - client-8B023739F3BF->b50d6464-f54a-40d1-9f81-f1c19654fd05: receive RaftClientReply:client-8B023739F3BF->b50d6464-f54a-40d1-9f81-f1c19654fd05@group-1F53027F28E3, cid=3844, SUCCESS, logIndex=5381, commits[b50d6464-f54a-40d1-9f81-f1c19654fd05:c5381]
2019-09-12 09:26:36,847 [SCMBlockDeletingService#1] DEBUG block.SCMBlockDeletingService (SCMBlockDeletingService.java:call(138)) - Running DeletedBlockTransactionScanner
2019-09-12 09:26:36,847 [SCMBlockDeletingService#1] DEBUG block.SCMBlockDeletingService (SCMBlockDeletingService.java:call(155)) - Scanned deleted blocks log and got 0 delTX to process.
2019-09-12 09:26:36,860 [grpc-default-executor-2] INFO  client.GrpcClientProtocolClient (GrpcClientProtocolClient.java:onNext(264)) - client-8B023739F3BF->b50d6464-f54a-40d1-9f81-f1c19654fd05: receive RaftClientReply:client-8B023739F3BF->b50d6464-f54a-40d1-9f81-f1c19654fd05@group-1F53027F28E3, cid=3845, SUCCESS, logIndex=5384, commits[b50d6464-f54a-40d1-9f81-f1c19654fd05:c5385]
2019-09-12 09:26:36,860 [grpc-default-executor-2] INFO  client.GrpcClientProtocolClient (GrpcClientProtocolClient.java:onNext(264)) - client-8B023739F3BF->b50d6464-f54a-40d1-9f81-f1c19654fd05: receive RaftClientReply:client-8B023739F3BF->b50d6464-f54a-40d1-9f81-f1c19654fd05@group-1F53027F28E3, cid=3846, SUCCESS, logIndex=5385, commits[b50d6464-f54a-40d1-9f81-f1c19654fd05:c5385]
2019-09-12 09:26:36,948 [SCMBlockDeletingService#1] DEBUG block.SCMBlockDeletingService (SCMBlockDeletingService.java:call(138)) - Running DeletedBlockTransactionScanner
2019-09-12 09:26:36,948 [SCMBlockDeletingService#1] DEBUG block.SCMBlockDeletingService (SCMBlockDeletingService.java:call(155)) - Scanned deleted blocks log and got 0 delTX to process.
2019-09-12 09:26:36,963 [grpc-default-executor-1] INFO  client.GrpcClientProtocolClient (GrpcClientProtocolClient.java:onNext(264)) - client-8B023739F3BF->b50d6464-f54a-40d1-9f81-f1c19654fd05: receive RaftClientReply:client-8B023739F3BF->b50d6464-f54a-40d1-9f81-f1c19654fd05@group-1F53027F28E3, cid=3847, SUCCESS, logIndex=5387, commits[b50d6464-f54a-40d1-9f81-f1c19654fd05:c5388]
2019-09-12 09:26:36,963 [grpc-default-executor-1] INFO  client.GrpcClientProtocolClient (GrpcClientProtocolClient.java:onNext(264)) - client-8B023739F3BF->b50d6464-f54a-40d1-9f81-f1c19654fd05: receive RaftClientReply:client-8B023739F3BF->b50d6464-f54a-40d1-9f81-f1c19654fd05@group-1F53027F28E3, cid=3848, SUCCESS, logIndex=5388, commits[b50d6464-f54a-40d1-9f81-f1c19654fd05:c5389]
2019-09-12 09:26:36,989 [grpc-default-executor-2] INFO  client.GrpcClientProtocolClient (GrpcClientProtocolClient.java:onNext(264)) - client-8B023739F3BF->b50d6464-f54a-40d1-9f81-f1c19654fd05: receive RaftClientReply:client-8B023739F3BF->b50d6464-f54a-40d1-9f81-f1c19654fd05@group-1F53027F28E3, cid=3849, SUCCESS, logIndex=5390, commits[b50d6464-f54a-40d1-9f81-f1c19654fd05:c5391]
2019-09-12 09:26:36,989 [grpc-default-executor-2] INFO  client.GrpcClientProtocolClient (GrpcClientProtocolClient.java:onNext(264)) - client-8B023739F3BF->b50d6464-f54a-40d1-9f81-f1c19654fd05: receive RaftClientReply:client-8B023739F3BF->b50d6464-f54a-40d1-9f81-f1c19654fd05@group-1F53027F28E3, cid=3850, SUCCESS, logIndex=5391, commits[b50d6464-f54a-40d1-9f81-f1c19654fd05:c5391]
2019-09-12 09:26:36,990 [grpc-default-executor-2] INFO  client.GrpcClientProtocolClient (GrpcClientProtocolClient.java:onNext(264)) - client-8B023739F3BF->b50d6464-f54a-40d1-9f81-f1c19654fd05: receive RaftClientReply:client-8B023739F3BF->b50d6464-f54a-40d1-9f81-f1c19654fd05@group-1F53027F28E3, cid=3851, SUCCESS, logIndex=5392, commits[b50d6464-f54a-40d1-9f81-f1c19654fd05:c5393]
2019-09-12 09:26:36,990 [grpc-default-executor-2] INFO  client.GrpcClientProtocolClient (GrpcClientProtocolClient.java:onNext(264)) - client-8B023739F3BF->b50d6464-f54a-40d1-9f81-f1c19654fd05: receive RaftClientReply:client-8B023739F3BF->b50d6464-f54a-40d1-9f81-f1c19654fd05@group-1F53027F28E3, cid=3852, SUCCESS, logIndex=5393, commits[b50d6464-f54a-40d1-9f81-f1c19654fd05:c5393]
2019-09-12 09:26:37,005 [grpc-default-executor-2] INFO  client.GrpcClientProtocolClient (GrpcClientProtocolClient.java:onNext(264)) - client-8B023739F3BF->b50d6464-f54a-40d1-9f81-f1c19654fd05: receive RaftClientReply:client-8B023739F3BF->b50d6464-f54a-40d1-9f81-f1c19654fd05@group-1F53027F28E3, cid=3853, SUCCESS, logIndex=5396, commits[b50d6464-f54a-40d1-9f81-f1c19654fd05:c5397]
2019-09-12 09:26:37,006 [grpc-default-executor-2] INFO  client.GrpcClientProtocolClient (GrpcClientProtocolClient.java:onNext(264)) - client-8B023739F3BF->b50d6464-f54a-40d1-9f81-f1c19654fd05: receive RaftClientReply:client-8B023739F3BF->b50d6464-f54a-40d1-9f81-f1c19654fd05@group-1F53027F28E3, cid=3854, SUCCESS, logIndex=5397, commits[b50d6464-f54a-40d1-9f81-f1c19654fd05:c5397]
2019-09-12 09:26:37,006 [grpc-default-executor-2] INFO  client.GrpcClientProtocolClient (GrpcClientProtocolClient.java:onNext(264)) - client-8B023739F3BF->b50d6464-f54a-40d1-9f81-f1c19654fd05: receive RaftClientReply:client-8B023739F3BF->b50d6464-f54a-40d1-9f81-f1c19654fd05@group-1F53027F28E3, cid=3855, SUCCESS, logIndex=5398, commits[b50d6464-f54a-40d1-9f81-f1c19654fd05:c5399]
2019-09-12 09:26:37,007 [grpc-default-executor-2] INFO  client.GrpcClientProtocolClient (GrpcClientProtocolClient.java:onNext(264)) - client-8B023739F3BF->b50d6464-f54a-40d1-9f81-f1c19654fd05: receive RaftClientReply:client-8B023739F3BF->b50d6464-f54a-40d1-9f81-f1c19654fd05@group-1F53027F28E3, cid=3856, SUCCESS, logIndex=5399, commits[b50d6464-f54a-40d1-9f81-f1c19654fd05:c5399]
2019-09-12 09:26:37,048 [SCMBlockDeletingService#1] DEBUG block.SCMBlockDeletingService (SCMBlockDeletingService.java:call(138)) - Running DeletedBlockTransactionScanner
2019-09-12 09:26:37,049 [SCMBlockDeletingService#1] DEBUG block.SCMBlockDeletingService (SCMBlockDeletingService.java:call(155)) - Scanned deleted blocks log and got 0 delTX to process.
2019-09-12 09:26:37,062 [grpc-default-executor-1] INFO  client.GrpcClientProtocolClient (GrpcClientProtocolClient.java:onNext(264)) - client-8B023739F3BF->b50d6464-f54a-40d1-9f81-f1c19654fd05: receive RaftClientReply:client-8B023739F3BF->b50d6464-f54a-40d1-9f81-f1c19654fd05@group-1F53027F28E3, cid=3857, SUCCESS, logIndex=5402, commits[b50d6464-f54a-40d1-9f81-f1c19654fd05:c5403]
2019-09-12 09:26:37,062 [grpc-default-executor-1] INFO  client.GrpcClientProtocolClient (GrpcClientProtocolClient.java:onNext(264)) - client-8B023739F3BF->b50d6464-f54a-40d1-9f81-f1c19654fd05: receive RaftClientReply:client-8B023739F3BF->b50d6464-f54a-40d1-9f81-f1c19654fd05@group-1F53027F28E3, cid=3858, SUCCESS, logIndex=5403, commits[b50d6464-f54a-40d1-9f81-f1c19654fd05:c5403]
2019-09-12 09:26:37,073 [grpc-default-executor-1] INFO  client.GrpcClientProtocolClient (GrpcClientProtocolClient.java:onNext(264)) - client-8B023739F3BF->b50d6464-f54a-40d1-9f81-f1c19654fd05: receive RaftClientReply:client-8B023739F3BF->b50d6464-f54a-40d1-9f81-f1c19654fd05@group-1F53027F28E3, cid=3859, SUCCESS, logIndex=5404, commits[b50d6464-f54a-40d1-9f81-f1c19654fd05:c5405]
2019-09-12 09:26:37,073 [grpc-default-executor-1] INFO  client.GrpcClientProtocolClient (GrpcClientProtocolClient.java:onNext(264)) - client-8B023739F3BF->b50d6464-f54a-40d1-9f81-f1c19654fd05: receive RaftClientReply:client-8B023739F3BF->b50d6464-f54a-40d1-9f81-f1c19654fd05@group-1F53027F28E3, cid=3860, SUCCESS, logIndex=5405, commits[b50d6464-f54a-40d1-9f81-f1c19654fd05:c5406]
2019-09-12 09:26:37,084 [grpc-default-executor-2] INFO  client.GrpcClientProtocolClient (GrpcClientProtocolClient.java:onNext(264)) - client-8B023739F3BF->b50d6464-f54a-40d1-9f81-f1c19654fd05: receive RaftClientReply:client-8B023739F3BF->b50d6464-f54a-40d1-9f81-f1c19654fd05@group-1F53027F28E3, cid=3861, SUCCESS, logIndex=5408, commits[b50d6464-f54a-40d1-9f81-f1c19654fd05:c5409]
2019-09-12 09:26:37,086 [grpc-default-executor-2] INFO  client.GrpcClientProtocolClient (GrpcClientProtocolClient.java:onNext(264)) - client-8B023739F3BF->b50d6464-f54a-40d1-9f81-f1c19654fd05: receive RaftClientReply:client-8B023739F3BF->b50d6464-f54a-40d1-9f81-f1c19654fd05@group-1F53027F28E3, cid=3862, SUCCESS, logIndex=5409, commits[b50d6464-f54a-40d1-9f81-f1c19654fd05:c5411]
2019-09-12 09:26:37,086 [grpc-default-executor-2] INFO  client.GrpcClientProtocolClient (GrpcClientProtocolClient.java:onNext(264)) - client-8B023739F3BF->b50d6464-f54a-40d1-9f81-f1c19654fd05: receive RaftClientReply:client-8B023739F3BF->b50d6464-f54a-40d1-9f81-f1c19654fd05@group-1F53027F28E3, cid=3863, SUCCESS, logIndex=5410, commits[b50d6464-f54a-40d1-9f81-f1c19654fd05:c5411]
2019-09-12 09:26:37,086 [grpc-default-executor-2] INFO  client.GrpcClientProtocolClient (GrpcClientProtocolClient.java:onNext(264)) - client-8B023739F3BF->b50d6464-f54a-40d1-9f81-f1c19654fd05: receive RaftClientReply:client-8B023739F3BF->b50d6464-f54a-40d1-9f81-f1c19654fd05@group-1F53027F28E3, cid=3864, SUCCESS, logIndex=5411, commits[b50d6464-f54a-40d1-9f81-f1c19654fd05:c5411]
2019-09-12 09:26:37,115 [grpc-default-executor-2] INFO  client.GrpcClientProtocolClient (GrpcClientProtocolClient.java:onNext(264)) - client-8B023739F3BF->b50d6464-f54a-40d1-9f81-f1c19654fd05: receive RaftClientReply:client-8B023739F3BF->b50d6464-f54a-40d1-9f81-f1c19654fd05@group-1F53027F28E3, cid=3865, SUCCESS, logIndex=5414, commits[b50d6464-f54a-40d1-9f81-f1c19654fd05:c5415]
2019-09-12 09:26:37,115 [grpc-default-executor-2] INFO  client.GrpcClientProtocolClient (GrpcClientProtocolClient.java:onNext(264)) - client-8B023739F3BF->b50d6464-f54a-40d1-9f81-f1c19654fd05: receive RaftClientReply:client-8B023739F3BF->b50d6464-f54a-40d1-9f81-f1c19654fd05@group-1F53027F28E3, cid=3866, SUCCESS, logIndex=5415, commits[b50d6464-f54a-40d1-9f81-f1c19654fd05:c5415]
2019-09-12 09:26:37,124 [grpc-default-executor-2] INFO  client.GrpcClientProtocolClient (GrpcClientProtocolClient.java:onNext(264)) - client-8B023739F3BF->b50d6464-f54a-40d1-9f81-f1c19654fd05: receive RaftClientReply:client-8B023739F3BF->b50d6464-f54a-40d1-9f81-f1c19654fd05@group-1F53027F28E3, cid=3867, SUCCESS, logIndex=5416, commits[b50d6464-f54a-40d1-9f81-f1c19654fd05:c5417]
2019-09-12 09:26:37,124 [grpc-default-executor-2] INFO  client.GrpcClientProtocolClient (GrpcClientProtocolClient.java:onNext(264)) - client-8B023739F3BF->b50d6464-f54a-40d1-9f81-f1c19654fd05: receive RaftClientReply:client-8B023739F3BF->b50d6464-f54a-40d1-9f81-f1c19654fd05@group-1F53027F28E3, cid=3868, SUCCESS, logIndex=5417, commits[b50d6464-f54a-40d1-9f81-f1c19654fd05:c5417]
2019-09-12 09:26:37,143 [grpc-default-executor-1] INFO  client.GrpcClientProtocolClient (GrpcClientProtocolClient.java:onNext(264)) - client-8B023739F3BF->b50d6464-f54a-40d1-9f81-f1c19654fd05: receive RaftClientReply:client-8B023739F3BF->b50d6464-f54a-40d1-9f81-f1c19654fd05@group-1F53027F28E3, cid=3869, SUCCESS, logIndex=5420, commits[b50d6464-f54a-40d1-9f81-f1c19654fd05:c5421]
2019-09-12 09:26:37,143 [grpc-default-executor-1] INFO  client.GrpcClientProtocolClient (GrpcClientProtocolClient.java:onNext(264)) - client-8B023739F3BF->b50d6464-f54a-40d1-9f81-f1c19654fd05: receive RaftClientReply:client-8B023739F3BF->b50d6464-f54a-40d1-9f81-f1c19654fd05@group-1F53027F28E3, cid=3870, SUCCESS, logIndex=5421, commits[b50d6464-f54a-40d1-9f81-f1c19654fd05:c5421]
2019-09-12 09:26:37,215 [SCMBlockDeletingService#1] DEBUG block.SCMBlockDeletingService (SCMBlockDeletingService.java:call(138)) - Running DeletedBlockTransactionScanner
2019-09-12 09:26:37,215 [grpc-default-executor-1] INFO  client.GrpcClientProtocolClient (GrpcClientProtocolClient.java:onNext(264)) - client-8B023739F3BF->b50d6464-f54a-40d1-9f81-f1c19654fd05: receive RaftClientReply:client-8B023739F3BF->b50d6464-f54a-40d1-9f81-f1c19654fd05@group-1F53027F28E3, cid=3871, SUCCESS, logIndex=5422, commits[b50d6464-f54a-40d1-9f81-f1c19654fd05:c5423]
2019-09-12 09:26:37,215 [SCMBlockDeletingService#1] DEBUG block.SCMBlockDeletingService (SCMBlockDeletingService.java:call(155)) - Scanned deleted blocks log and got 0 delTX to process.
2019-09-12 09:26:37,216 [grpc-default-executor-1] INFO  client.GrpcClientProtocolClient (GrpcClientProtocolClient.java:onNext(264)) - client-8B023739F3BF->b50d6464-f54a-40d1-9f81-f1c19654fd05: receive RaftClientReply:client-8B023739F3BF->b50d6464-f54a-40d1-9f81-f1c19654fd05@group-1F53027F28E3, cid=3872, SUCCESS, logIndex=5423, commits[b50d6464-f54a-40d1-9f81-f1c19654fd05:c5424]
2019-09-12 09:26:37,254 [grpc-default-executor-1] INFO  client.GrpcClientProtocolClient (GrpcClientProtocolClient.java:onNext(264)) - client-8B023739F3BF->b50d6464-f54a-40d1-9f81-f1c19654fd05: receive RaftClientReply:client-8B023739F3BF->b50d6464-f54a-40d1-9f81-f1c19654fd05@group-1F53027F28E3, cid=3873, SUCCESS, logIndex=5426, commits[b50d6464-f54a-40d1-9f81-f1c19654fd05:c5429]
2019-09-12 09:26:37,255 [grpc-default-executor-1] INFO  client.GrpcClientProtocolClient (GrpcClientProtocolClient.java:onNext(264)) - client-8B023739F3BF->b50d6464-f54a-40d1-9f81-f1c19654fd05: receive RaftClientReply:client-8B023739F3BF->b50d6464-f54a-40d1-9f81-f1c19654fd05@group-1F53027F28E3, cid=3874, SUCCESS, logIndex=5427, commits[b50d6464-f54a-40d1-9f81-f1c19654fd05:c5430]
2019-09-12 09:26:37,255 [grpc-default-executor-1] INFO  client.GrpcClientProtocolClient (GrpcClientProtocolClient.java:onNext(264)) - client-8B023739F3BF->b50d6464-f54a-40d1-9f81-f1c19654fd05: receive RaftClientReply:client-8B023739F3BF->b50d6464-f54a-40d1-9f81-f1c19654fd05@group-1F53027F28E3, cid=3875, SUCCESS, logIndex=5428, commits[b50d6464-f54a-40d1-9f81-f1c19654fd05:c5430]
2019-09-12 09:26:37,256 [grpc-default-executor-1] INFO  client.GrpcClientProtocolClient (GrpcClientProtocolClient.java:onNext(264)) - client-8B023739F3BF->b50d6464-f54a-40d1-9f81-f1c19654fd05: receive RaftClientReply:client-8B023739F3BF->b50d6464-f54a-40d1-9f81-f1c19654fd05@group-1F53027F28E3, cid=3876, SUCCESS, logIndex=5429, commits[b50d6464-f54a-40d1-9f81-f1c19654fd05:c5430]
2019-09-12 09:26:37,293 [grpc-default-executor-1] INFO  client.GrpcClientProtocolClient (GrpcClientProtocolClient.java:onNext(264)) - client-8B023739F3BF->b50d6464-f54a-40d1-9f81-f1c19654fd05: receive RaftClientReply:client-8B023739F3BF->b50d6464-f54a-40d1-9f81-f1c19654fd05@group-1F53027F28E3, cid=3877, SUCCESS, logIndex=5431, commits[b50d6464-f54a-40d1-9f81-f1c19654fd05:c5434]
2019-09-12 09:26:37,294 [grpc-default-executor-1] INFO  client.GrpcClientProtocolClient (GrpcClientProtocolClient.java:onNext(264)) - client-8B023739F3BF->b50d6464-f54a-40d1-9f81-f1c19654fd05: receive RaftClientReply:client-8B023739F3BF->b50d6464-f54a-40d1-9f81-f1c19654fd05@group-1F53027F28E3, cid=3878, SUCCESS, logIndex=5432, commits[b50d6464-f54a-40d1-9f81-f1c19654fd05:c5434]
2019-09-12 09:26:37,294 [grpc-default-executor-1] INFO  client.GrpcClientProtocolClient (GrpcClientProtocolClient.java:onNext(264)) - client-8B023739F3BF->b50d6464-f54a-40d1-9f81-f1c19654fd05: receive RaftClientReply:client-8B023739F3BF->b50d6464-f54a-40d1-9f81-f1c19654fd05@group-1F53027F28E3, cid=3879, SUCCESS, logIndex=5433, commits[b50d6464-f54a-40d1-9f81-f1c19654fd05:c5435]
2019-09-12 09:26:37,294 [grpc-default-executor-1] INFO  client.GrpcClientProtocolClient (GrpcClientProtocolClient.java:onNext(264)) - client-8B023739F3BF->b50d6464-f54a-40d1-9f81-f1c19654fd05: receive RaftClientReply:client-8B023739F3BF->b50d6464-f54a-40d1-9f81-f1c19654fd05@group-1F53027F28E3, cid=3880, SUCCESS, logIndex=5434, commits[b50d6464-f54a-40d1-9f81-f1c19654fd05:c5435]
2019-09-12 09:26:37,316 [SCMBlockDeletingService#1] DEBUG block.SCMBlockDeletingService (SCMBlockDeletingService.java:call(138)) - Running DeletedBlockTransactionScanner
2019-09-12 09:26:37,316 [SCMBlockDeletingService#1] DEBUG block.SCMBlockDeletingService (SCMBlockDeletingService.java:call(155)) - Scanned deleted blocks log and got 0 delTX to process.
2019-09-12 09:26:37,321 [grpc-default-executor-1] INFO  client.GrpcClientProtocolClient (GrpcClientProtocolClient.java:onNext(264)) - client-8B023739F3BF->b50d6464-f54a-40d1-9f81-f1c19654fd05: receive RaftClientReply:client-8B023739F3BF->b50d6464-f54a-40d1-9f81-f1c19654fd05@group-1F53027F28E3, cid=3881, SUCCESS, logIndex=5436, commits[b50d6464-f54a-40d1-9f81-f1c19654fd05:c5439]
2019-09-12 09:26:37,321 [grpc-default-executor-1] INFO  client.GrpcClientProtocolClient (GrpcClientProtocolClient.java:onNext(264)) - client-8B023739F3BF->b50d6464-f54a-40d1-9f81-f1c19654fd05: receive RaftClientReply:client-8B023739F3BF->b50d6464-f54a-40d1-9f81-f1c19654fd05@group-1F53027F28E3, cid=3882, SUCCESS, logIndex=5437, commits[b50d6464-f54a-40d1-9f81-f1c19654fd05:c5439]
2019-09-12 09:26:37,322 [grpc-default-executor-1] INFO  client.GrpcClientProtocolClient (GrpcClientProtocolClient.java:onNext(264)) - client-8B023739F3BF->b50d6464-f54a-40d1-9f81-f1c19654fd05: receive RaftClientReply:client-8B023739F3BF->b50d6464-f54a-40d1-9f81-f1c19654fd05@group-1F53027F28E3, cid=3883, SUCCESS, logIndex=5438, commits[b50d6464-f54a-40d1-9f81-f1c19654fd05:c5439]
2019-09-12 09:26:37,322 [grpc-default-executor-1] INFO  client.GrpcClientProtocolClient (GrpcClientProtocolClient.java:onNext(264)) - client-8B023739F3BF->b50d6464-f54a-40d1-9f81-f1c19654fd05: receive RaftClientReply:client-8B023739F3BF->b50d6464-f54a-40d1-9f81-f1c19654fd05@group-1F53027F28E3, cid=3884, SUCCESS, logIndex=5439, commits[b50d6464-f54a-40d1-9f81-f1c19654fd05:c5440]
2019-09-12 09:26:37,340 [grpc-default-executor-1] INFO  client.GrpcClientProtocolClient (GrpcClientProtocolClient.java:onNext(264)) - client-8B023739F3BF->b50d6464-f54a-40d1-9f81-f1c19654fd05: receive RaftClientReply:client-8B023739F3BF->b50d6464-f54a-40d1-9f81-f1c19654fd05@group-1F53027F28E3, cid=3885, SUCCESS, logIndex=5441, commits[b50d6464-f54a-40d1-9f81-f1c19654fd05:c5444]
2019-09-12 09:26:37,340 [grpc-default-executor-1] INFO  client.GrpcClientProtocolClient (GrpcClientProtocolClient.java:onNext(264)) - client-8B023739F3BF->b50d6464-f54a-40d1-9f81-f1c19654fd05: receive RaftClientReply:client-8B023739F3BF->b50d6464-f54a-40d1-9f81-f1c19654fd05@group-1F53027F28E3, cid=3886, SUCCESS, logIndex=5442, commits[b50d6464-f54a-40d1-9f81-f1c19654fd05:c5444]
2019-09-12 09:26:37,341 [grpc-default-executor-1] INFO  client.GrpcClientProtocolClient (GrpcClientProtocolClient.java:onNext(264)) - client-8B023739F3BF->b50d6464-f54a-40d1-9f81-f1c19654fd05: receive RaftClientReply:client-8B023739F3BF->b50d6464-f54a-40d1-9f81-f1c19654fd05@group-1F53027F28E3, cid=3887, SUCCESS, logIndex=5443, commits[b50d6464-f54a-40d1-9f81-f1c19654fd05:c5445]
2019-09-12 09:26:37,341 [grpc-default-executor-1] INFO  client.GrpcClientProtocolClient (GrpcClientProtocolClient.java:onNext(264)) - client-8B023739F3BF->b50d6464-f54a-40d1-9f81-f1c19654fd05: receive RaftClientReply:client-8B023739F3BF->b50d6464-f54a-40d1-9f81-f1c19654fd05@group-1F53027F28E3, cid=3888, SUCCESS, logIndex=5444, commits[b50d6464-f54a-40d1-9f81-f1c19654fd05:c5445]
2019-09-12 09:26:37,369 [grpc-default-executor-1] INFO  client.GrpcClientProtocolClient (GrpcClientProtocolClient.java:onNext(264)) - client-8B023739F3BF->b50d6464-f54a-40d1-9f81-f1c19654fd05: receive RaftClientReply:client-8B023739F3BF->b50d6464-f54a-40d1-9f81-f1c19654fd05@group-1F53027F28E3, cid=3889, SUCCESS, logIndex=5446, commits[b50d6464-f54a-40d1-9f81-f1c19654fd05:c5447]
2019-09-12 09:26:37,369 [grpc-default-executor-1] INFO  client.GrpcClientProtocolClient (GrpcClientProtocolClient.java:onNext(264)) - client-8B023739F3BF->b50d6464-f54a-40d1-9f81-f1c19654fd05: receive RaftClientReply:client-8B023739F3BF->b50d6464-f54a-40d1-9f81-f1c19654fd05@group-1F53027F28E3, cid=3890, SUCCESS, logIndex=5447, commits[b50d6464-f54a-40d1-9f81-f1c19654fd05:c5448]
2019-09-12 09:26:37,417 [SCMBlockDeletingService#1] DEBUG block.SCMBlockDeletingService (SCMBlockDeletingService.java:call(138)) - Running DeletedBlockTransactionScanner
2019-09-12 09:26:37,417 [SCMBlockDeletingService#1] DEBUG block.SCMBlockDeletingService (SCMBlockDeletingService.java:call(155)) - Scanned deleted blocks log and got 0 delTX to process.
2019-09-12 09:26:37,442 [grpc-default-executor-2] INFO  client.GrpcClientProtocolClient (GrpcClientProtocolClient.java:onNext(264)) - client-8B023739F3BF->b50d6464-f54a-40d1-9f81-f1c19654fd05: receive RaftClientReply:client-8B023739F3BF->b50d6464-f54a-40d1-9f81-f1c19654fd05@group-1F53027F28E3, cid=3891, SUCCESS, logIndex=5449, commits[b50d6464-f54a-40d1-9f81-f1c19654fd05:c5450]
2019-09-12 09:26:37,443 [grpc-default-executor-2] INFO  client.GrpcClientProtocolClient (GrpcClientProtocolClient.java:onNext(264)) - client-8B023739F3BF->b50d6464-f54a-40d1-9f81-f1c19654fd05: receive RaftClientReply:client-8B023739F3BF->b50d6464-f54a-40d1-9f81-f1c19654fd05@group-1F53027F28E3, cid=3892, SUCCESS, logIndex=5450, commits[b50d6464-f54a-40d1-9f81-f1c19654fd05:c5451]
2019-09-12 09:26:37,461 [grpc-default-executor-2] INFO  client.GrpcClientProtocolClient (GrpcClientProtocolClient.java:onNext(264)) - client-8B023739F3BF->b50d6464-f54a-40d1-9f81-f1c19654fd05: receive RaftClientReply:client-8B023739F3BF->b50d6464-f54a-40d1-9f81-f1c19654fd05@group-1F53027F28E3, cid=3893, SUCCESS, logIndex=5452, commits[b50d6464-f54a-40d1-9f81-f1c19654fd05:c5453]
2019-09-12 09:26:37,462 [grpc-default-executor-2] INFO  client.GrpcClientProtocolClient (GrpcClientProtocolClient.java:onNext(264)) - client-8B023739F3BF->b50d6464-f54a-40d1-9f81-f1c19654fd05: receive RaftClientReply:client-8B023739F3BF->b50d6464-f54a-40d1-9f81-f1c19654fd05@group-1F53027F28E3, cid=3894, SUCCESS, logIndex=5453, commits[b50d6464-f54a-40d1-9f81-f1c19654fd05:c5453]
2019-09-12 09:26:37,462 [grpc-default-executor-2] INFO  client.GrpcClientProtocolClient (GrpcClientProtocolClient.java:onNext(264)) - client-8B023739F3BF->b50d6464-f54a-40d1-9f81-f1c19654fd05: receive RaftClientReply:client-8B023739F3BF->b50d6464-f54a-40d1-9f81-f1c19654fd05@group-1F53027F28E3, cid=3895, SUCCESS, logIndex=5454, commits[b50d6464-f54a-40d1-9f81-f1c19654fd05:c5456]
2019-09-12 09:26:37,463 [grpc-default-executor-2] INFO  client.GrpcClientProtocolClient (GrpcClientProtocolClient.java:onNext(264)) - client-8B023739F3BF->b50d6464-f54a-40d1-9f81-f1c19654fd05: receive RaftClientReply:client-8B023739F3BF->b50d6464-f54a-40d1-9f81-f1c19654fd05@group-1F53027F28E3, cid=3896, SUCCESS, logIndex=5455, commits[b50d6464-f54a-40d1-9f81-f1c19654fd05:c5456]
2019-09-12 09:26:37,487 [grpc-default-executor-1] INFO  client.GrpcClientProtocolClient (GrpcClientProtocolClient.java:onNext(264)) - client-8B023739F3BF->b50d6464-f54a-40d1-9f81-f1c19654fd05: receive RaftClientReply:client-8B023739F3BF->b50d6464-f54a-40d1-9f81-f1c19654fd05@group-1F53027F28E3, cid=3897, SUCCESS, logIndex=5458, commits[b50d6464-f54a-40d1-9f81-f1c19654fd05:c5459]
2019-09-12 09:26:37,488 [grpc-default-executor-1] INFO  client.GrpcClientProtocolClient (GrpcClientProtocolClient.java:onNext(264)) - client-8B023739F3BF->b50d6464-f54a-40d1-9f81-f1c19654fd05: receive RaftClientReply:client-8B023739F3BF->b50d6464-f54a-40d1-9f81-f1c19654fd05@group-1F53027F28E3, cid=3898, SUCCESS, logIndex=5459, commits[b50d6464-f54a-40d1-9f81-f1c19654fd05:c5459]
2019-09-12 09:26:37,488 [grpc-default-executor-1] INFO  client.GrpcClientProtocolClient (GrpcClientProtocolClient.java:onNext(264)) - client-8B023739F3BF->b50d6464-f54a-40d1-9f81-f1c19654fd05: receive RaftClientReply:client-8B023739F3BF->b50d6464-f54a-40d1-9f81-f1c19654fd05@group-1F53027F28E3, cid=3899, SUCCESS, logIndex=5460, commits[b50d6464-f54a-40d1-9f81-f1c19654fd05:c5461]
2019-09-12 09:26:37,488 [grpc-default-executor-1] INFO  client.GrpcClientProtocolClient (GrpcClientProtocolClient.java:onNext(264)) - client-8B023739F3BF->b50d6464-f54a-40d1-9f81-f1c19654fd05: receive RaftClientReply:client-8B023739F3BF->b50d6464-f54a-40d1-9f81-f1c19654fd05@group-1F53027F28E3, cid=3900, SUCCESS, logIndex=5461, commits[b50d6464-f54a-40d1-9f81-f1c19654fd05:c5461]
2019-09-12 09:26:37,506 [grpc-default-executor-2] INFO  client.GrpcClientProtocolClient (GrpcClientProtocolClient.java:onNext(264)) - client-8B023739F3BF->b50d6464-f54a-40d1-9f81-f1c19654fd05: receive RaftClientReply:client-8B023739F3BF->b50d6464-f54a-40d1-9f81-f1c19654fd05@group-1F53027F28E3, cid=3901, SUCCESS, logIndex=5464, commits[b50d6464-f54a-40d1-9f81-f1c19654fd05:c5467]
2019-09-12 09:26:37,507 [grpc-default-executor-2] INFO  client.GrpcClientProtocolClient (GrpcClientProtocolClient.java:onNext(264)) - client-8B023739F3BF->b50d6464-f54a-40d1-9f81-f1c19654fd05: receive RaftClientReply:client-8B023739F3BF->b50d6464-f54a-40d1-9f81-f1c19654fd05@group-1F53027F28E3, cid=3902, SUCCESS, logIndex=5465, commits[b50d6464-f54a-40d1-9f81-f1c19654fd05:c5468]
2019-09-12 09:26:37,507 [grpc-default-executor-2] INFO  client.GrpcClientProtocolClient (GrpcClientProtocolClient.java:onNext(264)) - client-8B023739F3BF->b50d6464-f54a-40d1-9f81-f1c19654fd05: receive RaftClientReply:client-8B023739F3BF->b50d6464-f54a-40d1-9f81-f1c19654fd05@group-1F53027F28E3, cid=3903, SUCCESS, logIndex=5466, commits[b50d6464-f54a-40d1-9f81-f1c19654fd05:c5468]
2019-09-12 09:26:37,507 [grpc-default-executor-2] INFO  client.GrpcClientProtocolClient (GrpcClientProtocolClient.java:onNext(264)) - client-8B023739F3BF->b50d6464-f54a-40d1-9f81-f1c19654fd05: receive RaftClientReply:client-8B023739F3BF->b50d6464-f54a-40d1-9f81-f1c19654fd05@group-1F53027F28E3, cid=3904, SUCCESS, logIndex=5467, commits[b50d6464-f54a-40d1-9f81-f1c19654fd05:c5468]
2019-09-12 09:26:37,517 [SCMBlockDeletingService#1] DEBUG block.SCMBlockDeletingService (SCMBlockDeletingService.java:call(138)) - Running DeletedBlockTransactionScanner
2019-09-12 09:26:37,517 [SCMBlockDeletingService#1] DEBUG block.SCMBlockDeletingService (SCMBlockDeletingService.java:call(155)) - Scanned deleted blocks log and got 0 delTX to process.
2019-09-12 09:26:37,535 [grpc-default-executor-2] INFO  client.GrpcClientProtocolClient (GrpcClientProtocolClient.java:onNext(264)) - client-8B023739F3BF->b50d6464-f54a-40d1-9f81-f1c19654fd05: receive RaftClientReply:client-8B023739F3BF->b50d6464-f54a-40d1-9f81-f1c19654fd05@group-1F53027F28E3, cid=3905, SUCCESS, logIndex=5469, commits[b50d6464-f54a-40d1-9f81-f1c19654fd05:c5470]
2019-09-12 09:26:37,536 [grpc-default-executor-2] INFO  client.GrpcClientProtocolClient (GrpcClientProtocolClient.java:onNext(264)) - client-8B023739F3BF->b50d6464-f54a-40d1-9f81-f1c19654fd05: receive RaftClientReply:client-8B023739F3BF->b50d6464-f54a-40d1-9f81-f1c19654fd05@group-1F53027F28E3, cid=3906, SUCCESS, logIndex=5470, commits[b50d6464-f54a-40d1-9f81-f1c19654fd05:c5472]
2019-09-12 09:26:37,536 [grpc-default-executor-2] INFO  client.GrpcClientProtocolClient (GrpcClientProtocolClient.java:onNext(264)) - client-8B023739F3BF->b50d6464-f54a-40d1-9f81-f1c19654fd05: receive RaftClientReply:client-8B023739F3BF->b50d6464-f54a-40d1-9f81-f1c19654fd05@group-1F53027F28E3, cid=3907, SUCCESS, logIndex=5471, commits[b50d6464-f54a-40d1-9f81-f1c19654fd05:c5472]
2019-09-12 09:26:37,536 [grpc-default-executor-2] INFO  client.GrpcClientProtocolClient (GrpcClientProtocolClient.java:onNext(264)) - client-8B023739F3BF->b50d6464-f54a-40d1-9f81-f1c19654fd05: receive RaftClientReply:client-8B023739F3BF->b50d6464-f54a-40d1-9f81-f1c19654fd05@group-1F53027F28E3, cid=3908, SUCCESS, logIndex=5472, commits[b50d6464-f54a-40d1-9f81-f1c19654fd05:c5472]
2019-09-12 09:26:37,541 [grpc-default-executor-2] INFO  segmented.SegmentedRaftLogWorker (SegmentedRaftLogWorker.java:rollLogSegment(385)) - b50d6464-f54a-40d1-9f81-f1c19654fd05@group-1F53027F28E3-SegmentedRaftLogWorker: Rolling segment log-0_5474 to index:5474
2019-09-12 09:26:37,545 [b50d6464-f54a-40d1-9f81-f1c19654fd05@group-1F53027F28E3-SegmentedRaftLogWorker] INFO  segmented.SegmentedRaftLogWorker (SegmentedRaftLogWorker.java:execute(526)) - b50d6464-f54a-40d1-9f81-f1c19654fd05@group-1F53027F28E3-SegmentedRaftLogWorker: Rolled log segment from /workdir/hadoop-ozone/integration-test/target/test-dir/MiniOzoneClusterImpl-91ceb8d4-6dc6-4c84-835d-2cce6db9d776/datanode-0/data/ratis/6602e0f3-b3f6-4d5c-8eba-1f53027f28e3/current/log_inprogress_0 to /workdir/hadoop-ozone/integration-test/target/test-dir/MiniOzoneClusterImpl-91ceb8d4-6dc6-4c84-835d-2cce6db9d776/datanode-0/data/ratis/6602e0f3-b3f6-4d5c-8eba-1f53027f28e3/current/log_0-5474
2019-09-12 09:26:37,593 [b50d6464-f54a-40d1-9f81-f1c19654fd05@group-1F53027F28E3-SegmentedRaftLogWorker] INFO  segmented.SegmentedRaftLogWorker (SegmentedRaftLogWorker.java:execute(569)) - b50d6464-f54a-40d1-9f81-f1c19654fd05@group-1F53027F28E3-SegmentedRaftLogWorker: created new log segment /workdir/hadoop-ozone/integration-test/target/test-dir/MiniOzoneClusterImpl-91ceb8d4-6dc6-4c84-835d-2cce6db9d776/datanode-0/data/ratis/6602e0f3-b3f6-4d5c-8eba-1f53027f28e3/current/log_inprogress_5475
2019-09-12 09:26:37,606 [grpc-default-executor-2] INFO  client.GrpcClientProtocolClient (GrpcClientProtocolClient.java:onNext(264)) - client-8B023739F3BF->b50d6464-f54a-40d1-9f81-f1c19654fd05: receive RaftClientReply:client-8B023739F3BF->b50d6464-f54a-40d1-9f81-f1c19654fd05@group-1F53027F28E3, cid=3909, SUCCESS, logIndex=5475, commits[b50d6464-f54a-40d1-9f81-f1c19654fd05:c5478]
2019-09-12 09:26:37,608 [grpc-default-executor-2] INFO  client.GrpcClientProtocolClient (GrpcClientProtocolClient.java:onNext(264)) - client-8B023739F3BF->b50d6464-f54a-40d1-9f81-f1c19654fd05: receive RaftClientReply:client-8B023739F3BF->b50d6464-f54a-40d1-9f81-f1c19654fd05@group-1F53027F28E3, cid=3910, SUCCESS, logIndex=5476, commits[b50d6464-f54a-40d1-9f81-f1c19654fd05:c5478]
2019-09-12 09:26:37,608 [grpc-default-executor-2] INFO  client.GrpcClientProtocolClient (GrpcClientProtocolClient.java:onNext(264)) - client-8B023739F3BF->b50d6464-f54a-40d1-9f81-f1c19654fd05: receive RaftClientReply:client-8B023739F3BF->b50d6464-f54a-40d1-9f81-f1c19654fd05@group-1F53027F28E3, cid=3911, SUCCESS, logIndex=5477, commits[b50d6464-f54a-40d1-9f81-f1c19654fd05:c5478]
2019-09-12 09:26:37,609 [grpc-default-executor-2] INFO  client.GrpcClientProtocolClient (GrpcClientProtocolClient.java:onNext(264)) - client-8B023739F3BF->b50d6464-f54a-40d1-9f81-f1c19654fd05: receive RaftClientReply:client-8B023739F3BF->b50d6464-f54a-40d1-9f81-f1c19654fd05@group-1F53027F28E3, cid=3912, SUCCESS, logIndex=5478, commits[b50d6464-f54a-40d1-9f81-f1c19654fd05:c5478]
2019-09-12 09:26:37,618 [SCMBlockDeletingService#1] DEBUG block.SCMBlockDeletingService (SCMBlockDeletingService.java:call(138)) - Running DeletedBlockTransactionScanner
2019-09-12 09:26:37,618 [SCMBlockDeletingService#1] DEBUG block.SCMBlockDeletingService (SCMBlockDeletingService.java:call(155)) - Scanned deleted blocks log and got 0 delTX to process.
2019-09-12 09:26:37,639 [grpc-default-executor-2] INFO  client.GrpcClientProtocolClient (GrpcClientProtocolClient.java:onNext(264)) - client-8B023739F3BF->b50d6464-f54a-40d1-9f81-f1c19654fd05: receive RaftClientReply:client-8B023739F3BF->b50d6464-f54a-40d1-9f81-f1c19654fd05@group-1F53027F28E3, cid=3913, SUCCESS, logIndex=5480, commits[b50d6464-f54a-40d1-9f81-f1c19654fd05:c5483]
2019-09-12 09:26:37,639 [grpc-default-executor-2] INFO  client.GrpcClientProtocolClient (GrpcClientProtocolClient.java:onNext(264)) - client-8B023739F3BF->b50d6464-f54a-40d1-9f81-f1c19654fd05: receive RaftClientReply:client-8B023739F3BF->b50d6464-f54a-40d1-9f81-f1c19654fd05@group-1F53027F28E3, cid=3914, SUCCESS, logIndex=5481, commits[b50d6464-f54a-40d1-9f81-f1c19654fd05:c5483]
2019-09-12 09:26:37,640 [grpc-default-executor-2] INFO  client.GrpcClientProtocolClient (GrpcClientProtocolClient.java:onNext(264)) - client-8B023739F3BF->b50d6464-f54a-40d1-9f81-f1c19654fd05: receive RaftClientReply:client-8B023739F3BF->b50d6464-f54a-40d1-9f81-f1c19654fd05@group-1F53027F28E3, cid=3915, SUCCESS, logIndex=5482, commits[b50d6464-f54a-40d1-9f81-f1c19654fd05:c5484]
2019-09-12 09:26:37,640 [grpc-default-executor-2] INFO  client.GrpcClientProtocolClient (GrpcClientProtocolClient.java:onNext(264)) - client-8B023739F3BF->b50d6464-f54a-40d1-9f81-f1c19654fd05: receive RaftClientReply:client-8B023739F3BF->b50d6464-f54a-40d1-9f81-f1c19654fd05@group-1F53027F28E3, cid=3916, SUCCESS, logIndex=5483, commits[b50d6464-f54a-40d1-9f81-f1c19654fd05:c5484]
2019-09-12 09:26:37,653 [grpc-default-executor-2] INFO  client.GrpcClientProtocolClient (GrpcClientProtocolClient.java:onNext(264)) - client-8B023739F3BF->b50d6464-f54a-40d1-9f81-f1c19654fd05: receive RaftClientReply:client-8B023739F3BF->b50d6464-f54a-40d1-9f81-f1c19654fd05@group-1F53027F28E3, cid=3917, SUCCESS, logIndex=5485, commits[b50d6464-f54a-40d1-9f81-f1c19654fd05:c5488]
2019-09-12 09:26:37,653 [grpc-default-executor-2] INFO  client.GrpcClientProtocolClient (GrpcClientProtocolClient.java:onNext(264)) - client-8B023739F3BF->b50d6464-f54a-40d1-9f81-f1c19654fd05: receive RaftClientReply:client-8B023739F3BF->b50d6464-f54a-40d1-9f81-f1c19654fd05@group-1F53027F28E3, cid=3918, SUCCESS, logIndex=5486, commits[b50d6464-f54a-40d1-9f81-f1c19654fd05:c5488]
2019-09-12 09:26:37,654 [grpc-default-executor-2] INFO  client.GrpcClientProtocolClient (GrpcClientProtocolClient.java:onNext(264)) - client-8B023739F3BF->b50d6464-f54a-40d1-9f81-f1c19654fd05: receive RaftClientReply:client-8B023739F3BF->b50d6464-f54a-40d1-9f81-f1c19654fd05@group-1F53027F28E3, cid=3919, SUCCESS, logIndex=5487, commits[b50d6464-f54a-40d1-9f81-f1c19654fd05:c5489]
2019-09-12 09:26:37,654 [grpc-default-executor-2] INFO  client.GrpcClientProtocolClient (GrpcClientProtocolClient.java:onNext(264)) - client-8B023739F3BF->b50d6464-f54a-40d1-9f81-f1c19654fd05: receive RaftClientReply:client-8B023739F3BF->b50d6464-f54a-40d1-9f81-f1c19654fd05@group-1F53027F28E3, cid=3920, SUCCESS, logIndex=5488, commits[b50d6464-f54a-40d1-9f81-f1c19654fd05:c5489]
2019-09-12 09:26:37,682 [grpc-default-executor-2] INFO  client.GrpcClientProtocolClient (GrpcClientProtocolClient.java:onNext(264)) - client-8B023739F3BF->b50d6464-f54a-40d1-9f81-f1c19654fd05: receive RaftClientReply:client-8B023739F3BF->b50d6464-f54a-40d1-9f81-f1c19654fd05@group-1F53027F28E3, cid=3921, SUCCESS, logIndex=5490, commits[b50d6464-f54a-40d1-9f81-f1c19654fd05:c5493]
2019-09-12 09:26:37,683 [grpc-default-executor-2] INFO  client.GrpcClientProtocolClient (GrpcClientProtocolClient.java:onNext(264)) - client-8B023739F3BF->b50d6464-f54a-40d1-9f81-f1c19654fd05: receive RaftClientReply:client-8B023739F3BF->b50d6464-f54a-40d1-9f81-f1c19654fd05@group-1F53027F28E3, cid=3922, SUCCESS, logIndex=5491, commits[b50d6464-f54a-40d1-9f81-f1c19654fd05:c5493]
2019-09-12 09:26:37,683 [grpc-default-executor-2] INFO  client.GrpcClientProtocolClient (GrpcClientProtocolClient.java:onNext(264)) - client-8B023739F3BF->b50d6464-f54a-40d1-9f81-f1c19654fd05: receive RaftClientReply:client-8B023739F3BF->b50d6464-f54a-40d1-9f81-f1c19654fd05@group-1F53027F28E3, cid=3923, SUCCESS, logIndex=5492, commits[b50d6464-f54a-40d1-9f81-f1c19654fd05:c5494]
2019-09-12 09:26:37,683 [grpc-default-executor-2] INFO  client.GrpcClientProtocolClient (GrpcClientProtocolClient.java:onNext(264)) - client-8B023739F3BF->b50d6464-f54a-40d1-9f81-f1c19654fd05: receive RaftClientReply:client-8B023739F3BF->b50d6464-f54a-40d1-9f81-f1c19654fd05@group-1F53027F28E3, cid=3924, SUCCESS, logIndex=5493, commits[b50d6464-f54a-40d1-9f81-f1c19654fd05:c5494]
2019-09-12 09:26:37,701 [grpc-default-executor-2] INFO  client.GrpcClientProtocolClient (GrpcClientProtocolClient.java:onNext(264)) - client-8B023739F3BF->b50d6464-f54a-40d1-9f81-f1c19654fd05: receive RaftClientReply:client-8B023739F3BF->b50d6464-f54a-40d1-9f81-f1c19654fd05@group-1F53027F28E3, cid=3925, SUCCESS, logIndex=5495, commits[b50d6464-f54a-40d1-9f81-f1c19654fd05:c5498]
2019-09-12 09:26:37,702 [grpc-default-executor-2] INFO  client.GrpcClientProtocolClient (GrpcClientProtocolClient.java:onNext(264)) - client-8B023739F3BF->b50d6464-f54a-40d1-9f81-f1c19654fd05: receive RaftClientReply:client-8B023739F3BF->b50d6464-f54a-40d1-9f81-f1c19654fd05@group-1F53027F28E3, cid=3926, SUCCESS, logIndex=5496, commits[b50d6464-f54a-40d1-9f81-f1c19654fd05:c5498]
2019-09-12 09:26:37,702 [grpc-default-executor-2] INFO  client.GrpcClientProtocolClient (GrpcClientProtocolClient.java:onNext(264)) - client-8B023739F3BF->b50d6464-f54a-40d1-9f81-f1c19654fd05: receive RaftClientReply:client-8B023739F3BF->b50d6464-f54a-40d1-9f81-f1c19654fd05@group-1F53027F28E3, cid=3927, SUCCESS, logIndex=5497, commits[b50d6464-f54a-40d1-9f81-f1c19654fd05:c5499]
2019-09-12 09:26:37,702 [grpc-default-executor-2] INFO  client.GrpcClientProtocolClient (GrpcClientProtocolClient.java:onNext(264)) - client-8B023739F3BF->b50d6464-f54a-40d1-9f81-f1c19654fd05: receive RaftClientReply:client-8B023739F3BF->b50d6464-f54a-40d1-9f81-f1c19654fd05@group-1F53027F28E3, cid=3928, SUCCESS, logIndex=5498, commits[b50d6464-f54a-40d1-9f81-f1c19654fd05:c5499]
2019-09-12 09:26:37,718 [SCMBlockDeletingService#1] DEBUG block.SCMBlockDeletingService (SCMBlockDeletingService.java:call(138)) - Running DeletedBlockTransactionScanner
2019-09-12 09:26:37,718 [SCMBlockDeletingService#1] DEBUG block.SCMBlockDeletingService (SCMBlockDeletingService.java:call(155)) - Scanned deleted blocks log and got 0 delTX to process.
2019-09-12 09:26:37,727 [grpc-default-executor-2] INFO  client.GrpcClientProtocolClient (GrpcClientProtocolClient.java:onNext(264)) - client-8B023739F3BF->b50d6464-f54a-40d1-9f81-f1c19654fd05: receive RaftClientReply:client-8B023739F3BF->b50d6464-f54a-40d1-9f81-f1c19654fd05@group-1F53027F28E3, cid=3929, SUCCESS, logIndex=5500, commits[b50d6464-f54a-40d1-9f81-f1c19654fd05:c5501]
2019-09-12 09:26:37,727 [grpc-default-executor-2] INFO  client.GrpcClientProtocolClient (GrpcClientProtocolClient.java:onNext(264)) - client-8B023739F3BF->b50d6464-f54a-40d1-9f81-f1c19654fd05: receive RaftClientReply:client-8B023739F3BF->b50d6464-f54a-40d1-9f81-f1c19654fd05@group-1F53027F28E3, cid=3930, SUCCESS, logIndex=5501, commits[b50d6464-f54a-40d1-9f81-f1c19654fd05:c5501]
2019-09-12 09:26:37,728 [grpc-default-executor-2] INFO  client.GrpcClientProtocolClient (GrpcClientProtocolClient.java:onNext(264)) - client-8B023739F3BF->b50d6464-f54a-40d1-9f81-f1c19654fd05: receive RaftClientReply:client-8B023739F3BF->b50d6464-f54a-40d1-9f81-f1c19654fd05@group-1F53027F28E3, cid=3931, SUCCESS, logIndex=5502, commits[b50d6464-f54a-40d1-9f81-f1c19654fd05:c5503]
2019-09-12 09:26:37,728 [grpc-default-executor-2] INFO  client.GrpcClientProtocolClient (GrpcClientProtocolClient.java:onNext(264)) - client-8B023739F3BF->b50d6464-f54a-40d1-9f81-f1c19654fd05: receive RaftClientReply:client-8B023739F3BF->b50d6464-f54a-40d1-9f81-f1c19654fd05@group-1F53027F28E3, cid=3932, SUCCESS, logIndex=5503, commits[b50d6464-f54a-40d1-9f81-f1c19654fd05:c5503]
2019-09-12 09:26:37,745 [grpc-default-executor-2] INFO  client.GrpcClientProtocolClient (GrpcClientProtocolClient.java:onNext(264)) - client-8B023739F3BF->b50d6464-f54a-40d1-9f81-f1c19654fd05: receive RaftClientReply:client-8B023739F3BF->b50d6464-f54a-40d1-9f81-f1c19654fd05@group-1F53027F28E3, cid=3933, SUCCESS, logIndex=5506, commits[b50d6464-f54a-40d1-9f81-f1c19654fd05:c5507]
2019-09-12 09:26:37,746 [grpc-default-executor-2] INFO  client.GrpcClientProtocolClient (GrpcClientProtocolClient.java:onNext(264)) - client-8B023739F3BF->b50d6464-f54a-40d1-9f81-f1c19654fd05: receive RaftClientReply:client-8B023739F3BF->b50d6464-f54a-40d1-9f81-f1c19654fd05@group-1F53027F28E3, cid=3934, SUCCESS, logIndex=5507, commits[b50d6464-f54a-40d1-9f81-f1c19654fd05:c5507]
2019-09-12 09:26:37,817 [grpc-default-executor-1] INFO  client.GrpcClientProtocolClient (GrpcClientProtocolClient.java:onNext(264)) - client-8B023739F3BF->b50d6464-f54a-40d1-9f81-f1c19654fd05: receive RaftClientReply:client-8B023739F3BF->b50d6464-f54a-40d1-9f81-f1c19654fd05@group-1F53027F28E3, cid=3935, SUCCESS, logIndex=5509, commits[b50d6464-f54a-40d1-9f81-f1c19654fd05:c5510]
2019-09-12 09:26:37,817 [grpc-default-executor-1] INFO  client.GrpcClientProtocolClient (GrpcClientProtocolClient.java:onNext(264)) - client-8B023739F3BF->b50d6464-f54a-40d1-9f81-f1c19654fd05: receive RaftClientReply:client-8B023739F3BF->b50d6464-f54a-40d1-9f81-f1c19654fd05@group-1F53027F28E3, cid=3936, SUCCESS, logIndex=5510, commits[b50d6464-f54a-40d1-9f81-f1c19654fd05:c5510]
2019-09-12 09:26:37,819 [SCMBlockDeletingService#1] DEBUG block.SCMBlockDeletingService (SCMBlockDeletingService.java:call(138)) - Running DeletedBlockTransactionScanner
2019-09-12 09:26:37,819 [SCMBlockDeletingService#1] DEBUG block.SCMBlockDeletingService (SCMBlockDeletingService.java:call(155)) - Scanned deleted blocks log and got 0 delTX to process.
2019-09-12 09:26:37,837 [grpc-default-executor-2] INFO  client.GrpcClientProtocolClient (GrpcClientProtocolClient.java:onNext(264)) - client-8B023739F3BF->b50d6464-f54a-40d1-9f81-f1c19654fd05: receive RaftClientReply:client-8B023739F3BF->b50d6464-f54a-40d1-9f81-f1c19654fd05@group-1F53027F28E3, cid=3937, SUCCESS, logIndex=5512, commits[b50d6464-f54a-40d1-9f81-f1c19654fd05:c5515]
2019-09-12 09:26:37,837 [grpc-default-executor-2] INFO  client.GrpcClientProtocolClient (GrpcClientProtocolClient.java:onNext(264)) - client-8B023739F3BF->b50d6464-f54a-40d1-9f81-f1c19654fd05: receive RaftClientReply:client-8B023739F3BF->b50d6464-f54a-40d1-9f81-f1c19654fd05@group-1F53027F28E3, cid=3938, SUCCESS, logIndex=5513, commits[b50d6464-f54a-40d1-9f81-f1c19654fd05:c5515]
2019-09-12 09:26:37,838 [grpc-default-executor-2] INFO  client.GrpcClientProtocolClient (GrpcClientProtocolClient.java:onNext(264)) - client-8B023739F3BF->b50d6464-f54a-40d1-9f81-f1c19654fd05: receive RaftClientReply:client-8B023739F3BF->b50d6464-f54a-40d1-9f81-f1c19654fd05@group-1F53027F28E3, cid=3939, SUCCESS, logIndex=5514, commits[b50d6464-f54a-40d1-9f81-f1c19654fd05:c5516]
2019-09-12 09:26:37,838 [grpc-default-executor-2] INFO  client.GrpcClientProtocolClient (GrpcClientProtocolClient.java:onNext(264)) - client-8B023739F3BF->b50d6464-f54a-40d1-9f81-f1c19654fd05: receive RaftClientReply:client-8B023739F3BF->b50d6464-f54a-40d1-9f81-f1c19654fd05@group-1F53027F28E3, cid=3940, SUCCESS, logIndex=5515, commits[b50d6464-f54a-40d1-9f81-f1c19654fd05:c5516]
2019-09-12 09:26:37,847 [grpc-default-executor-2] INFO  client.GrpcClientProtocolClient (GrpcClientProtocolClient.java:onNext(264)) - client-8B023739F3BF->b50d6464-f54a-40d1-9f81-f1c19654fd05: receive RaftClientReply:client-8B023739F3BF->b50d6464-f54a-40d1-9f81-f1c19654fd05@group-1F53027F28E3, cid=3941, SUCCESS, logIndex=5517, commits[b50d6464-f54a-40d1-9f81-f1c19654fd05:c5520]
2019-09-12 09:26:37,847 [grpc-default-executor-2] INFO  client.GrpcClientProtocolClient (GrpcClientProtocolClient.java:onNext(264)) - client-8B023739F3BF->b50d6464-f54a-40d1-9f81-f1c19654fd05: receive RaftClientReply:client-8B023739F3BF->b50d6464-f54a-40d1-9f81-f1c19654fd05@group-1F53027F28E3, cid=3942, SUCCESS, logIndex=5518, commits[b50d6464-f54a-40d1-9f81-f1c19654fd05:c5520]
2019-09-12 09:26:37,848 [grpc-default-executor-2] INFO  client.GrpcClientProtocolClient (GrpcClientProtocolClient.java:onNext(264)) - client-8B023739F3BF->b50d6464-f54a-40d1-9f81-f1c19654fd05: receive RaftClientReply:client-8B023739F3BF->b50d6464-f54a-40d1-9f81-f1c19654fd05@group-1F53027F28E3, cid=3943, SUCCESS, logIndex=5519, commits[b50d6464-f54a-40d1-9f81-f1c19654fd05:c5521]
2019-09-12 09:26:37,848 [grpc-default-executor-2] INFO  client.GrpcClientProtocolClient (GrpcClientProtocolClient.java:onNext(264)) - client-8B023739F3BF->b50d6464-f54a-40d1-9f81-f1c19654fd05: receive RaftClientReply:client-8B023739F3BF->b50d6464-f54a-40d1-9f81-f1c19654fd05@group-1F53027F28E3, cid=3944, SUCCESS, logIndex=5520, commits[b50d6464-f54a-40d1-9f81-f1c19654fd05:c5521]
2019-09-12 09:26:37,873 [grpc-default-executor-1] INFO  client.GrpcClientProtocolClient (GrpcClientProtocolClient.java:onNext(264)) - client-8B023739F3BF->b50d6464-f54a-40d1-9f81-f1c19654fd05: receive RaftClientReply:client-8B023739F3BF->b50d6464-f54a-40d1-9f81-f1c19654fd05@group-1F53027F28E3, cid=3945, SUCCESS, logIndex=5522, commits[b50d6464-f54a-40d1-9f81-f1c19654fd05:c5525]
2019-09-12 09:26:37,873 [grpc-default-executor-1] INFO  client.GrpcClientProtocolClient (GrpcClientProtocolClient.java:onNext(264)) - client-8B023739F3BF->b50d6464-f54a-40d1-9f81-f1c19654fd05: receive RaftClientReply:client-8B023739F3BF->b50d6464-f54a-40d1-9f81-f1c19654fd05@group-1F53027F28E3, cid=3946, SUCCESS, logIndex=5523, commits[b50d6464-f54a-40d1-9f81-f1c19654fd05:c5525]
2019-09-12 09:26:37,874 [grpc-default-executor-1] INFO  client.GrpcClientProtocolClient (GrpcClientProtocolClient.java:onNext(264)) - client-8B023739F3BF->b50d6464-f54a-40d1-9f81-f1c19654fd05: receive RaftClientReply:client-8B023739F3BF->b50d6464-f54a-40d1-9f81-f1c19654fd05@group-1F53027F28E3, cid=3947, SUCCESS, logIndex=5524, commits[b50d6464-f54a-40d1-9f81-f1c19654fd05:c5525]
2019-09-12 09:26:37,874 [grpc-default-executor-1] INFO  client.GrpcClientProtocolClient (GrpcClientProtocolClient.java:onNext(264)) - client-8B023739F3BF->b50d6464-f54a-40d1-9f81-f1c19654fd05: receive RaftClientReply:client-8B023739F3BF->b50d6464-f54a-40d1-9f81-f1c19654fd05@group-1F53027F28E3, cid=3948, SUCCESS, logIndex=5525, commits[b50d6464-f54a-40d1-9f81-f1c19654fd05:c5526]
2019-09-12 09:26:37,888 [grpc-default-executor-1] INFO  client.GrpcClientProtocolClient (GrpcClientProtocolClient.java:onNext(264)) - client-8B023739F3BF->b50d6464-f54a-40d1-9f81-f1c19654fd05: receive RaftClientReply:client-8B023739F3BF->b50d6464-f54a-40d1-9f81-f1c19654fd05@group-1F53027F28E3, cid=3949, SUCCESS, logIndex=5527, commits[b50d6464-f54a-40d1-9f81-f1c19654fd05:c5528]
2019-09-12 09:26:37,888 [grpc-default-executor-1] INFO  client.GrpcClientProtocolClient (GrpcClientProtocolClient.java:onNext(264)) - client-8B023739F3BF->b50d6464-f54a-40d1-9f81-f1c19654fd05: receive RaftClientReply:client-8B023739F3BF->b50d6464-f54a-40d1-9f81-f1c19654fd05@group-1F53027F28E3, cid=3950, SUCCESS, logIndex=5528, commits[b50d6464-f54a-40d1-9f81-f1c19654fd05:c5528]
2019-09-12 09:26:37,888 [grpc-default-executor-1] INFO  client.GrpcClientProtocolClient (GrpcClientProtocolClient.java:onNext(264)) - client-8B023739F3BF->b50d6464-f54a-40d1-9f81-f1c19654fd05: receive RaftClientReply:client-8B023739F3BF->b50d6464-f54a-40d1-9f81-f1c19654fd05@group-1F53027F28E3, cid=3951, SUCCESS, logIndex=5529, commits[b50d6464-f54a-40d1-9f81-f1c19654fd05:c5530]
2019-09-12 09:26:37,889 [grpc-default-executor-1] INFO  client.GrpcClientProtocolClient (GrpcClientProtocolClient.java:onNext(264)) - client-8B023739F3BF->b50d6464-f54a-40d1-9f81-f1c19654fd05: receive RaftClientReply:client-8B023739F3BF->b50d6464-f54a-40d1-9f81-f1c19654fd05@group-1F53027F28E3, cid=3952, SUCCESS, logIndex=5530, commits[b50d6464-f54a-40d1-9f81-f1c19654fd05:c5530]
2019-09-12 09:26:37,907 [grpc-default-executor-1] INFO  client.GrpcClientProtocolClient (GrpcClientProtocolClient.java:onNext(264)) - client-8B023739F3BF->b50d6464-f54a-40d1-9f81-f1c19654fd05: receive RaftClientReply:client-8B023739F3BF->b50d6464-f54a-40d1-9f81-f1c19654fd05@group-1F53027F28E3, cid=3953, SUCCESS, logIndex=5533, commits[b50d6464-f54a-40d1-9f81-f1c19654fd05:c5536]
2019-09-12 09:26:37,908 [grpc-default-executor-1] INFO  client.GrpcClientProtocolClient (GrpcClientProtocolClient.java:onNext(264)) - client-8B023739F3BF->b50d6464-f54a-40d1-9f81-f1c19654fd05: receive RaftClientReply:client-8B023739F3BF->b50d6464-f54a-40d1-9f81-f1c19654fd05@group-1F53027F28E3, cid=3954, SUCCESS, logIndex=5534, commits[b50d6464-f54a-40d1-9f81-f1c19654fd05:c5537]
2019-09-12 09:26:37,908 [grpc-default-executor-1] INFO  client.GrpcClientProtocolClient (GrpcClientProtocolClient.java:onNext(264)) - client-8B023739F3BF->b50d6464-f54a-40d1-9f81-f1c19654fd05: receive RaftClientReply:client-8B023739F3BF->b50d6464-f54a-40d1-9f81-f1c19654fd05@group-1F53027F28E3, cid=3955, SUCCESS, logIndex=5535, commits[b50d6464-f54a-40d1-9f81-f1c19654fd05:c5537]
2019-09-12 09:26:37,908 [grpc-default-executor-1] INFO  client.GrpcClientProtocolClient (GrpcClientProtocolClient.java:onNext(264)) - client-8B023739F3BF->b50d6464-f54a-40d1-9f81-f1c19654fd05: receive RaftClientReply:client-8B023739F3BF->b50d6464-f54a-40d1-9f81-f1c19654fd05@group-1F53027F28E3, cid=3956, SUCCESS, logIndex=5536, commits[b50d6464-f54a-40d1-9f81-f1c19654fd05:c5537]
2019-09-12 09:26:37,919 [SCMBlockDeletingService#1] DEBUG block.SCMBlockDeletingService (SCMBlockDeletingService.java:call(138)) - Running DeletedBlockTransactionScanner
2019-09-12 09:26:37,919 [SCMBlockDeletingService#1] DEBUG block.SCMBlockDeletingService (SCMBlockDeletingService.java:call(155)) - Scanned deleted blocks log and got 0 delTX to process.
2019-09-12 09:26:37,924 [grpc-default-executor-1] INFO  client.GrpcClientProtocolClient (GrpcClientProtocolClient.java:onNext(264)) - client-8B023739F3BF->b50d6464-f54a-40d1-9f81-f1c19654fd05: receive RaftClientReply:client-8B023739F3BF->b50d6464-f54a-40d1-9f81-f1c19654fd05@group-1F53027F28E3, cid=3957, SUCCESS, logIndex=5538, commits[b50d6464-f54a-40d1-9f81-f1c19654fd05:c5541]
2019-09-12 09:26:37,924 [grpc-default-executor-1] INFO  client.GrpcClientProtocolClient (GrpcClientProtocolClient.java:onNext(264)) - client-8B023739F3BF->b50d6464-f54a-40d1-9f81-f1c19654fd05: receive RaftClientReply:client-8B023739F3BF->b50d6464-f54a-40d1-9f81-f1c19654fd05@group-1F53027F28E3, cid=3958, SUCCESS, logIndex=5539, commits[b50d6464-f54a-40d1-9f81-f1c19654fd05:c5542]
2019-09-12 09:26:37,924 [grpc-default-executor-1] INFO  client.GrpcClientProtocolClient (GrpcClientProtocolClient.java:onNext(264)) - client-8B023739F3BF->b50d6464-f54a-40d1-9f81-f1c19654fd05: receive RaftClientReply:client-8B023739F3BF->b50d6464-f54a-40d1-9f81-f1c19654fd05@group-1F53027F28E3, cid=3959, SUCCESS, logIndex=5540, commits[b50d6464-f54a-40d1-9f81-f1c19654fd05:c5542]
2019-09-12 09:26:37,925 [grpc-default-executor-1] INFO  client.GrpcClientProtocolClient (GrpcClientProtocolClient.java:onNext(264)) - client-8B023739F3BF->b50d6464-f54a-40d1-9f81-f1c19654fd05: receive RaftClientReply:client-8B023739F3BF->b50d6464-f54a-40d1-9f81-f1c19654fd05@group-1F53027F28E3, cid=3960, SUCCESS, logIndex=5541, commits[b50d6464-f54a-40d1-9f81-f1c19654fd05:c5542]
2019-09-12 09:26:37,948 [grpc-default-executor-1] INFO  client.GrpcClientProtocolClient (GrpcClientProtocolClient.java:onNext(264)) - client-8B023739F3BF->b50d6464-f54a-40d1-9f81-f1c19654fd05: receive RaftClientReply:client-8B023739F3BF->b50d6464-f54a-40d1-9f81-f1c19654fd05@group-1F53027F28E3, cid=3961, SUCCESS, logIndex=5543, commits[b50d6464-f54a-40d1-9f81-f1c19654fd05:c5544]
2019-09-12 09:26:37,949 [grpc-default-executor-1] INFO  client.GrpcClientProtocolClient (GrpcClientProtocolClient.java:onNext(264)) - client-8B023739F3BF->b50d6464-f54a-40d1-9f81-f1c19654fd05: receive RaftClientReply:client-8B023739F3BF->b50d6464-f54a-40d1-9f81-f1c19654fd05@group-1F53027F28E3, cid=3962, SUCCESS, logIndex=5544, commits[b50d6464-f54a-40d1-9f81-f1c19654fd05:c5544]
2019-09-12 09:26:37,949 [grpc-default-executor-1] INFO  client.GrpcClientProtocolClient (GrpcClientProtocolClient.java:onNext(264)) - client-8B023739F3BF->b50d6464-f54a-40d1-9f81-f1c19654fd05: receive RaftClientReply:client-8B023739F3BF->b50d6464-f54a-40d1-9f81-f1c19654fd05@group-1F53027F28E3, cid=3963, SUCCESS, logIndex=5545, commits[b50d6464-f54a-40d1-9f81-f1c19654fd05:c5546]
2019-09-12 09:26:37,949 [grpc-default-executor-1] INFO  client.GrpcClientProtocolClient (GrpcClientProtocolClient.java:onNext(264)) - client-8B023739F3BF->b50d6464-f54a-40d1-9f81-f1c19654fd05: receive RaftClientReply:client-8B023739F3BF->b50d6464-f54a-40d1-9f81-f1c19654fd05@group-1F53027F28E3, cid=3964, SUCCESS, logIndex=5546, commits[b50d6464-f54a-40d1-9f81-f1c19654fd05:c5546]
2019-09-12 09:26:38,020 [SCMBlockDeletingService#1] DEBUG block.SCMBlockDeletingService (SCMBlockDeletingService.java:call(138)) - Running DeletedBlockTransactionScanner
2019-09-12 09:26:38,020 [SCMBlockDeletingService#1] DEBUG block.SCMBlockDeletingService (SCMBlockDeletingService.java:call(155)) - Scanned deleted blocks log and got 0 delTX to process.
2019-09-12 09:26:38,026 [grpc-default-executor-1] INFO  client.GrpcClientProtocolClient (GrpcClientProtocolClient.java:onNext(264)) - client-8B023739F3BF->b50d6464-f54a-40d1-9f81-f1c19654fd05: receive RaftClientReply:client-8B023739F3BF->b50d6464-f54a-40d1-9f81-f1c19654fd05@group-1F53027F28E3, cid=3965, SUCCESS, logIndex=5549, commits[b50d6464-f54a-40d1-9f81-f1c19654fd05:c5552]
2019-09-12 09:26:38,027 [grpc-default-executor-1] INFO  client.GrpcClientProtocolClient (GrpcClientProtocolClient.java:onNext(264)) - client-8B023739F3BF->b50d6464-f54a-40d1-9f81-f1c19654fd05: receive RaftClientReply:client-8B023739F3BF->b50d6464-f54a-40d1-9f81-f1c19654fd05@group-1F53027F28E3, cid=3966, SUCCESS, logIndex=5550, commits[b50d6464-f54a-40d1-9f81-f1c19654fd05:c5552]
2019-09-12 09:26:38,027 [grpc-default-executor-1] INFO  client.GrpcClientProtocolClient (GrpcClientProtocolClient.java:onNext(264)) - client-8B023739F3BF->b50d6464-f54a-40d1-9f81-f1c19654fd05: receive RaftClientReply:client-8B023739F3BF->b50d6464-f54a-40d1-9f81-f1c19654fd05@group-1F53027F28E3, cid=3967, SUCCESS, logIndex=5551, commits[b50d6464-f54a-40d1-9f81-f1c19654fd05:c5553]
2019-09-12 09:26:38,027 [grpc-default-executor-1] INFO  client.GrpcClientProtocolClient (GrpcClientProtocolClient.java:onNext(264)) - client-8B023739F3BF->b50d6464-f54a-40d1-9f81-f1c19654fd05: receive RaftClientReply:client-8B023739F3BF->b50d6464-f54a-40d1-9f81-f1c19654fd05@group-1F53027F28E3, cid=3968, SUCCESS, logIndex=5552, commits[b50d6464-f54a-40d1-9f81-f1c19654fd05:c5553]
2019-09-12 09:26:38,059 [grpc-default-executor-1] INFO  client.GrpcClientProtocolClient (GrpcClientProtocolClient.java:onNext(264)) - client-8B023739F3BF->b50d6464-f54a-40d1-9f81-f1c19654fd05: receive RaftClientReply:client-8B023739F3BF->b50d6464-f54a-40d1-9f81-f1c19654fd05@group-1F53027F28E3, cid=3969, SUCCESS, logIndex=5554, commits[b50d6464-f54a-40d1-9f81-f1c19654fd05:c5557]
2019-09-12 09:26:38,059 [grpc-default-executor-1] INFO  client.GrpcClientProtocolClient (GrpcClientProtocolClient.java:onNext(264)) - client-8B023739F3BF->b50d6464-f54a-40d1-9f81-f1c19654fd05: receive RaftClientReply:client-8B023739F3BF->b50d6464-f54a-40d1-9f81-f1c19654fd05@group-1F53027F28E3, cid=3970, SUCCESS, logIndex=5555, commits[b50d6464-f54a-40d1-9f81-f1c19654fd05:c5557]
2019-09-12 09:26:38,060 [grpc-default-executor-1] INFO  client.GrpcClientProtocolClient (GrpcClientProtocolClient.java:onNext(264)) - client-8B023739F3BF->b50d6464-f54a-40d1-9f81-f1c19654fd05: receive RaftClientReply:client-8B023739F3BF->b50d6464-f54a-40d1-9f81-f1c19654fd05@group-1F53027F28E3, cid=3971, SUCCESS, logIndex=5556, commits[b50d6464-f54a-40d1-9f81-f1c19654fd05:c5558]
2019-09-12 09:26:38,060 [grpc-default-executor-1] INFO  client.GrpcClientProtocolClient (GrpcClientProtocolClient.java:onNext(264)) - client-8B023739F3BF->b50d6464-f54a-40d1-9f81-f1c19654fd05: receive RaftClientReply:client-8B023739F3BF->b50d6464-f54a-40d1-9f81-f1c19654fd05@group-1F53027F28E3, cid=3972, SUCCESS, logIndex=5557, commits[b50d6464-f54a-40d1-9f81-f1c19654fd05:c5558]
2019-09-12 09:26:38,078 [grpc-default-executor-1] INFO  client.GrpcClientProtocolClient (GrpcClientProtocolClient.java:onNext(264)) - client-8B023739F3BF->b50d6464-f54a-40d1-9f81-f1c19654fd05: receive RaftClientReply:client-8B023739F3BF->b50d6464-f54a-40d1-9f81-f1c19654fd05@group-1F53027F28E3, cid=3973, SUCCESS, logIndex=5559, commits[b50d6464-f54a-40d1-9f81-f1c19654fd05:c5562]
2019-09-12 09:26:38,079 [grpc-default-executor-1] INFO  client.GrpcClientProtocolClient (GrpcClientProtocolClient.java:onNext(264)) - client-8B023739F3BF->b50d6464-f54a-40d1-9f81-f1c19654fd05: receive RaftClientReply:client-8B023739F3BF->b50d6464-f54a-40d1-9f81-f1c19654fd05@group-1F53027F28E3, cid=3974, SUCCESS, logIndex=5560, commits[b50d6464-f54a-40d1-9f81-f1c19654fd05:c5562]
2019-09-12 09:26:38,079 [grpc-default-executor-1] INFO  client.GrpcClientProtocolClient (GrpcClientProtocolClient.java:onNext(264)) - client-8B023739F3BF->b50d6464-f54a-40d1-9f81-f1c19654fd05: receive RaftClientReply:client-8B023739F3BF->b50d6464-f54a-40d1-9f81-f1c19654fd05@group-1F53027F28E3, cid=3975, SUCCESS, logIndex=5561, commits[b50d6464-f54a-40d1-9f81-f1c19654fd05:c5563]
2019-09-12 09:26:38,079 [grpc-default-executor-1] INFO  client.GrpcClientProtocolClient (GrpcClientProtocolClient.java:onNext(264)) - client-8B023739F3BF->b50d6464-f54a-40d1-9f81-f1c19654fd05: receive RaftClientReply:client-8B023739F3BF->b50d6464-f54a-40d1-9f81-f1c19654fd05@group-1F53027F28E3, cid=3976, SUCCESS, logIndex=5562, commits[b50d6464-f54a-40d1-9f81-f1c19654fd05:c5563]
2019-09-12 09:26:38,102 [grpc-default-executor-2] INFO  client.GrpcClientProtocolClient (GrpcClientProtocolClient.java:onNext(264)) - client-8B023739F3BF->b50d6464-f54a-40d1-9f81-f1c19654fd05: receive RaftClientReply:client-8B023739F3BF->b50d6464-f54a-40d1-9f81-f1c19654fd05@group-1F53027F28E3, cid=3977, SUCCESS, logIndex=5564, commits[b50d6464-f54a-40d1-9f81-f1c19654fd05:c5565]
2019-09-12 09:26:38,103 [grpc-default-executor-2] INFO  client.GrpcClientProtocolClient (GrpcClientProtocolClient.java:onNext(264)) - client-8B023739F3BF->b50d6464-f54a-40d1-9f81-f1c19654fd05: receive RaftClientReply:client-8B023739F3BF->b50d6464-f54a-40d1-9f81-f1c19654fd05@group-1F53027F28E3, cid=3978, SUCCESS, logIndex=5565, commits[b50d6464-f54a-40d1-9f81-f1c19654fd05:c5565]
2019-09-12 09:26:38,120 [SCMBlockDeletingService#1] DEBUG block.SCMBlockDeletingService (SCMBlockDeletingService.java:call(138)) - Running DeletedBlockTransactionScanner
2019-09-12 09:26:38,120 [SCMBlockDeletingService#1] DEBUG block.SCMBlockDeletingService (SCMBlockDeletingService.java:call(155)) - Scanned deleted blocks log and got 0 delTX to process.
2019-09-12 09:26:38,174 [grpc-default-executor-2] INFO  client.GrpcClientProtocolClient (GrpcClientProtocolClient.java:onNext(264)) - client-8B023739F3BF->b50d6464-f54a-40d1-9f81-f1c19654fd05: receive RaftClientReply:client-8B023739F3BF->b50d6464-f54a-40d1-9f81-f1c19654fd05@group-1F53027F28E3, cid=3979, SUCCESS, logIndex=5567, commits[b50d6464-f54a-40d1-9f81-f1c19654fd05:c5568]
2019-09-12 09:26:38,175 [grpc-default-executor-2] INFO  client.GrpcClientProtocolClient (GrpcClientProtocolClient.java:onNext(264)) - client-8B023739F3BF->b50d6464-f54a-40d1-9f81-f1c19654fd05: receive RaftClientReply:client-8B023739F3BF->b50d6464-f54a-40d1-9f81-f1c19654fd05@group-1F53027F28E3, cid=3980, SUCCESS, logIndex=5568, commits[b50d6464-f54a-40d1-9f81-f1c19654fd05:c5568]
2019-09-12 09:26:38,190 [grpc-default-executor-2] INFO  client.GrpcClientProtocolClient (GrpcClientProtocolClient.java:onNext(264)) - client-8B023739F3BF->b50d6464-f54a-40d1-9f81-f1c19654fd05: receive RaftClientReply:client-8B023739F3BF->b50d6464-f54a-40d1-9f81-f1c19654fd05@group-1F53027F28E3, cid=3981, SUCCESS, logIndex=5570, commits[b50d6464-f54a-40d1-9f81-f1c19654fd05:c5573]
2019-09-12 09:26:38,190 [grpc-default-executor-2] INFO  client.GrpcClientProtocolClient (GrpcClientProtocolClient.java:onNext(264)) - client-8B023739F3BF->b50d6464-f54a-40d1-9f81-f1c19654fd05: receive RaftClientReply:client-8B023739F3BF->b50d6464-f54a-40d1-9f81-f1c19654fd05@group-1F53027F28E3, cid=3982, SUCCESS, logIndex=5571, commits[b50d6464-f54a-40d1-9f81-f1c19654fd05:c5574]
2019-09-12 09:26:38,191 [grpc-default-executor-2] INFO  client.GrpcClientProtocolClient (GrpcClientProtocolClient.java:onNext(264)) - client-8B023739F3BF->b50d6464-f54a-40d1-9f81-f1c19654fd05: receive RaftClientReply:client-8B023739F3BF->b50d6464-f54a-40d1-9f81-f1c19654fd05@group-1F53027F28E3, cid=3983, SUCCESS, logIndex=5572, commits[b50d6464-f54a-40d1-9f81-f1c19654fd05:c5574]
2019-09-12 09:26:38,191 [grpc-default-executor-2] INFO  client.GrpcClientProtocolClient (GrpcClientProtocolClient.java:onNext(264)) - client-8B023739F3BF->b50d6464-f54a-40d1-9f81-f1c19654fd05: receive RaftClientReply:client-8B023739F3BF->b50d6464-f54a-40d1-9f81-f1c19654fd05@group-1F53027F28E3, cid=3984, SUCCESS, logIndex=5573, commits[b50d6464-f54a-40d1-9f81-f1c19654fd05:c5574]
2019-09-12 09:26:38,216 [grpc-default-executor-2] INFO  client.GrpcClientProtocolClient (GrpcClientProtocolClient.java:onNext(264)) - client-8B023739F3BF->b50d6464-f54a-40d1-9f81-f1c19654fd05: receive RaftClientReply:client-8B023739F3BF->b50d6464-f54a-40d1-9f81-f1c19654fd05@group-1F53027F28E3, cid=3985, SUCCESS, logIndex=5575, commits[b50d6464-f54a-40d1-9f81-f1c19654fd05:c5576]
2019-09-12 09:26:38,217 [grpc-default-executor-2] INFO  client.GrpcClientProtocolClient (GrpcClientProtocolClient.java:onNext(264)) - client-8B023739F3BF->b50d6464-f54a-40d1-9f81-f1c19654fd05: receive RaftClientReply:client-8B023739F3BF->b50d6464-f54a-40d1-9f81-f1c19654fd05@group-1F53027F28E3, cid=3986, SUCCESS, logIndex=5576, commits[b50d6464-f54a-40d1-9f81-f1c19654fd05:c5576]
2019-09-12 09:26:38,217 [grpc-default-executor-2] INFO  client.GrpcClientProtocolClient (GrpcClientProtocolClient.java:onNext(264)) - client-8B023739F3BF->b50d6464-f54a-40d1-9f81-f1c19654fd05: receive RaftClientReply:client-8B023739F3BF->b50d6464-f54a-40d1-9f81-f1c19654fd05@group-1F53027F28E3, cid=3987, SUCCESS, logIndex=5577, commits[b50d6464-f54a-40d1-9f81-f1c19654fd05:c5578]
2019-09-12 09:26:38,218 [grpc-default-executor-2] INFO  client.GrpcClientProtocolClient (GrpcClientProtocolClient.java:onNext(264)) - client-8B023739F3BF->b50d6464-f54a-40d1-9f81-f1c19654fd05: receive RaftClientReply:client-8B023739F3BF->b50d6464-f54a-40d1-9f81-f1c19654fd05@group-1F53027F28E3, cid=3988, SUCCESS, logIndex=5578, commits[b50d6464-f54a-40d1-9f81-f1c19654fd05:c5578]
2019-09-12 09:26:38,221 [SCMBlockDeletingService#1] DEBUG block.SCMBlockDeletingService (SCMBlockDeletingService.java:call(138)) - Running DeletedBlockTransactionScanner
2019-09-12 09:26:38,221 [SCMBlockDeletingService#1] DEBUG block.SCMBlockDeletingService (SCMBlockDeletingService.java:call(155)) - Scanned deleted blocks log and got 0 delTX to process.
2019-09-12 09:26:38,230 [grpc-default-executor-1] INFO  client.GrpcClientProtocolClient (GrpcClientProtocolClient.java:onNext(264)) - client-8B023739F3BF->b50d6464-f54a-40d1-9f81-f1c19654fd05: receive RaftClientReply:client-8B023739F3BF->b50d6464-f54a-40d1-9f81-f1c19654fd05@group-1F53027F28E3, cid=3989, SUCCESS, logIndex=5581, commits[b50d6464-f54a-40d1-9f81-f1c19654fd05:c5584]
2019-09-12 09:26:38,230 [grpc-default-executor-1] INFO  client.GrpcClientProtocolClient (GrpcClientProtocolClient.java:onNext(264)) - client-8B023739F3BF->b50d6464-f54a-40d1-9f81-f1c19654fd05: receive RaftClientReply:client-8B023739F3BF->b50d6464-f54a-40d1-9f81-f1c19654fd05@group-1F53027F28E3, cid=3990, SUCCESS, logIndex=5582, commits[b50d6464-f54a-40d1-9f81-f1c19654fd05:c5584]
2019-09-12 09:26:38,231 [grpc-default-executor-1] INFO  client.GrpcClientProtocolClient (GrpcClientProtocolClient.java:onNext(264)) - client-8B023739F3BF->b50d6464-f54a-40d1-9f81-f1c19654fd05: receive RaftClientReply:client-8B023739F3BF->b50d6464-f54a-40d1-9f81-f1c19654fd05@group-1F53027F28E3, cid=3991, SUCCESS, logIndex=5583, commits[b50d6464-f54a-40d1-9f81-f1c19654fd05:c5584]
2019-09-12 09:26:38,231 [grpc-default-executor-1] INFO  client.GrpcClientProtocolClient (GrpcClientProtocolClient.java:onNext(264)) - client-8B023739F3BF->b50d6464-f54a-40d1-9f81-f1c19654fd05: receive RaftClientReply:client-8B023739F3BF->b50d6464-f54a-40d1-9f81-f1c19654fd05@group-1F53027F28E3, cid=3992, SUCCESS, logIndex=5584, commits[b50d6464-f54a-40d1-9f81-f1c19654fd05:c5584]
2019-09-12 09:26:38,260 [grpc-default-executor-1] INFO  client.GrpcClientProtocolClient (GrpcClientProtocolClient.java:onNext(264)) - client-8B023739F3BF->b50d6464-f54a-40d1-9f81-f1c19654fd05: receive RaftClientReply:client-8B023739F3BF->b50d6464-f54a-40d1-9f81-f1c19654fd05@group-1F53027F28E3, cid=3993, SUCCESS, logIndex=5586, commits[b50d6464-f54a-40d1-9f81-f1c19654fd05:c5587]
2019-09-12 09:26:38,261 [grpc-default-executor-1] INFO  client.GrpcClientProtocolClient (GrpcClientProtocolClient.java:onNext(264)) - client-8B023739F3BF->b50d6464-f54a-40d1-9f81-f1c19654fd05: receive RaftClientReply:client-8B023739F3BF->b50d6464-f54a-40d1-9f81-f1c19654fd05@group-1F53027F28E3, cid=3994, SUCCESS, logIndex=5587, commits[b50d6464-f54a-40d1-9f81-f1c19654fd05:c5587]
2019-09-12 09:26:38,261 [grpc-default-executor-1] INFO  client.GrpcClientProtocolClient (GrpcClientProtocolClient.java:onNext(264)) - client-8B023739F3BF->b50d6464-f54a-40d1-9f81-f1c19654fd05: receive RaftClientReply:client-8B023739F3BF->b50d6464-f54a-40d1-9f81-f1c19654fd05@group-1F53027F28E3, cid=3995, SUCCESS, logIndex=5588, commits[b50d6464-f54a-40d1-9f81-f1c19654fd05:c5589]
2019-09-12 09:26:38,261 [grpc-default-executor-1] INFO  client.GrpcClientProtocolClient (GrpcClientProtocolClient.java:onNext(264)) - client-8B023739F3BF->b50d6464-f54a-40d1-9f81-f1c19654fd05: receive RaftClientReply:client-8B023739F3BF->b50d6464-f54a-40d1-9f81-f1c19654fd05@group-1F53027F28E3, cid=3996, SUCCESS, logIndex=5589, commits[b50d6464-f54a-40d1-9f81-f1c19654fd05:c5589]
2019-09-12 09:26:38,278 [grpc-default-executor-2] INFO  client.GrpcClientProtocolClient (GrpcClientProtocolClient.java:onNext(264)) - client-8B023739F3BF->b50d6464-f54a-40d1-9f81-f1c19654fd05: receive RaftClientReply:client-8B023739F3BF->b50d6464-f54a-40d1-9f81-f1c19654fd05@group-1F53027F28E3, cid=3997, SUCCESS, logIndex=5592, commits[b50d6464-f54a-40d1-9f81-f1c19654fd05:c5593]
2019-09-12 09:26:38,279 [grpc-default-executor-2] INFO  client.GrpcClientProtocolClient (GrpcClientProtocolClient.java:onNext(264)) - client-8B023739F3BF->b50d6464-f54a-40d1-9f81-f1c19654fd05: receive RaftClientReply:client-8B023739F3BF->b50d6464-f54a-40d1-9f81-f1c19654fd05@group-1F53027F28E3, cid=3998, SUCCESS, logIndex=5593, commits[b50d6464-f54a-40d1-9f81-f1c19654fd05:c5595]
2019-09-12 09:26:38,279 [grpc-default-executor-2] INFO  client.GrpcClientProtocolClient (GrpcClientProtocolClient.java:onNext(264)) - client-8B023739F3BF->b50d6464-f54a-40d1-9f81-f1c19654fd05: receive RaftClientReply:client-8B023739F3BF->b50d6464-f54a-40d1-9f81-f1c19654fd05@group-1F53027F28E3, cid=3999, SUCCESS, logIndex=5594, commits[b50d6464-f54a-40d1-9f81-f1c19654fd05:c5595]
2019-09-12 09:26:38,279 [grpc-default-executor-2] INFO  client.GrpcClientProtocolClient (GrpcClientProtocolClient.java:onNext(264)) - client-8B023739F3BF->b50d6464-f54a-40d1-9f81-f1c19654fd05: receive RaftClientReply:client-8B023739F3BF->b50d6464-f54a-40d1-9f81-f1c19654fd05@group-1F53027F28E3, cid=4000, SUCCESS, logIndex=5595, commits[b50d6464-f54a-40d1-9f81-f1c19654fd05:c5596]
2019-09-12 09:26:38,307 [grpc-default-executor-2] INFO  client.GrpcClientProtocolClient (GrpcClientProtocolClient.java:onNext(264)) - client-8B023739F3BF->b50d6464-f54a-40d1-9f81-f1c19654fd05: receive RaftClientReply:client-8B023739F3BF->b50d6464-f54a-40d1-9f81-f1c19654fd05@group-1F53027F28E3, cid=4001, SUCCESS, logIndex=5598, commits[b50d6464-f54a-40d1-9f81-f1c19654fd05:c5599]
2019-09-12 09:26:38,307 [grpc-default-executor-2] INFO  client.GrpcClientProtocolClient (GrpcClientProtocolClient.java:onNext(264)) - client-8B023739F3BF->b50d6464-f54a-40d1-9f81-f1c19654fd05: receive RaftClientReply:client-8B023739F3BF->b50d6464-f54a-40d1-9f81-f1c19654fd05@group-1F53027F28E3, cid=4002, SUCCESS, logIndex=5599, commits[b50d6464-f54a-40d1-9f81-f1c19654fd05:c5599]
2019-09-12 09:26:38,308 [grpc-default-executor-2] INFO  client.GrpcClientProtocolClient (GrpcClientProtocolClient.java:onNext(264)) - client-8B023739F3BF->b50d6464-f54a-40d1-9f81-f1c19654fd05: receive RaftClientReply:client-8B023739F3BF->b50d6464-f54a-40d1-9f81-f1c19654fd05@group-1F53027F28E3, cid=4003, SUCCESS, logIndex=5600, commits[b50d6464-f54a-40d1-9f81-f1c19654fd05:c5601]
2019-09-12 09:26:38,308 [grpc-default-executor-2] INFO  client.GrpcClientProtocolClient (GrpcClientProtocolClient.java:onNext(264)) - client-8B023739F3BF->b50d6464-f54a-40d1-9f81-f1c19654fd05: receive RaftClientReply:client-8B023739F3BF->b50d6464-f54a-40d1-9f81-f1c19654fd05@group-1F53027F28E3, cid=4004, SUCCESS, logIndex=5601, commits[b50d6464-f54a-40d1-9f81-f1c19654fd05:c5602]
2019-09-12 09:26:38,314 [grpc-default-executor-1] INFO  client.GrpcClientProtocolClient (GrpcClientProtocolClient.java:onNext(264)) - client-8B023739F3BF->b50d6464-f54a-40d1-9f81-f1c19654fd05: receive RaftClientReply:client-8B023739F3BF->b50d6464-f54a-40d1-9f81-f1c19654fd05@group-1F53027F28E3, cid=4005, SUCCESS, logIndex=5604, commits[b50d6464-f54a-40d1-9f81-f1c19654fd05:c5605]
2019-09-12 09:26:38,315 [grpc-default-executor-1] INFO  client.GrpcClientProtocolClient (GrpcClientProtocolClient.java:onNext(264)) - client-8B023739F3BF->b50d6464-f54a-40d1-9f81-f1c19654fd05: receive RaftClientReply:client-8B023739F3BF->b50d6464-f54a-40d1-9f81-f1c19654fd05@group-1F53027F28E3, cid=4006, SUCCESS, logIndex=5605, commits[b50d6464-f54a-40d1-9f81-f1c19654fd05:c5605]
2019-09-12 09:26:38,321 [SCMBlockDeletingService#1] DEBUG block.SCMBlockDeletingService (SCMBlockDeletingService.java:call(138)) - Running DeletedBlockTransactionScanner
2019-09-12 09:26:38,321 [SCMBlockDeletingService#1] DEBUG block.SCMBlockDeletingService (SCMBlockDeletingService.java:call(155)) - Scanned deleted blocks log and got 0 delTX to process.
2019-09-12 09:26:38,325 [grpc-default-executor-1] INFO  client.GrpcClientProtocolClient (GrpcClientProtocolClient.java:onNext(264)) - client-8B023739F3BF->b50d6464-f54a-40d1-9f81-f1c19654fd05: receive RaftClientReply:client-8B023739F3BF->b50d6464-f54a-40d1-9f81-f1c19654fd05@group-1F53027F28E3, cid=4007, SUCCESS, logIndex=5606, commits[b50d6464-f54a-40d1-9f81-f1c19654fd05:c5608]
2019-09-12 09:26:38,325 [grpc-default-executor-1] INFO  client.GrpcClientProtocolClient (GrpcClientProtocolClient.java:onNext(264)) - client-8B023739F3BF->b50d6464-f54a-40d1-9f81-f1c19654fd05: receive RaftClientReply:client-8B023739F3BF->b50d6464-f54a-40d1-9f81-f1c19654fd05@group-1F53027F28E3, cid=4008, SUCCESS, logIndex=5607, commits[b50d6464-f54a-40d1-9f81-f1c19654fd05:c5608]
2019-09-12 09:26:38,342 [grpc-default-executor-2] INFO  client.GrpcClientProtocolClient (GrpcClientProtocolClient.java:onNext(264)) - client-8B023739F3BF->b50d6464-f54a-40d1-9f81-f1c19654fd05: receive RaftClientReply:client-8B023739F3BF->b50d6464-f54a-40d1-9f81-f1c19654fd05@group-1F53027F28E3, cid=4009, SUCCESS, logIndex=5609, commits[b50d6464-f54a-40d1-9f81-f1c19654fd05:c5612]
2019-09-12 09:26:38,343 [grpc-default-executor-2] INFO  client.GrpcClientProtocolClient (GrpcClientProtocolClient.java:onNext(264)) - client-8B023739F3BF->b50d6464-f54a-40d1-9f81-f1c19654fd05: receive RaftClientReply:client-8B023739F3BF->b50d6464-f54a-40d1-9f81-f1c19654fd05@group-1F53027F28E3, cid=4010, SUCCESS, logIndex=5610, commits[b50d6464-f54a-40d1-9f81-f1c19654fd05:c5612]
2019-09-12 09:26:38,343 [grpc-default-executor-2] INFO  client.GrpcClientProtocolClient (GrpcClientProtocolClient.java:onNext(264)) - client-8B023739F3BF->b50d6464-f54a-40d1-9f81-f1c19654fd05: receive RaftClientReply:client-8B023739F3BF->b50d6464-f54a-40d1-9f81-f1c19654fd05@group-1F53027F28E3, cid=4011, SUCCESS, logIndex=5611, commits[b50d6464-f54a-40d1-9f81-f1c19654fd05:c5613]
2019-09-12 09:26:38,343 [grpc-default-executor-2] INFO  client.GrpcClientProtocolClient (GrpcClientProtocolClient.java:onNext(264)) - client-8B023739F3BF->b50d6464-f54a-40d1-9f81-f1c19654fd05: receive RaftClientReply:client-8B023739F3BF->b50d6464-f54a-40d1-9f81-f1c19654fd05@group-1F53027F28E3, cid=4012, SUCCESS, logIndex=5612, commits[b50d6464-f54a-40d1-9f81-f1c19654fd05:c5613]
2019-09-12 09:26:38,360 [grpc-default-executor-2] INFO  client.GrpcClientProtocolClient (GrpcClientProtocolClient.java:onNext(264)) - client-8B023739F3BF->b50d6464-f54a-40d1-9f81-f1c19654fd05: receive RaftClientReply:client-8B023739F3BF->b50d6464-f54a-40d1-9f81-f1c19654fd05@group-1F53027F28E3, cid=4013, SUCCESS, logIndex=5614, commits[b50d6464-f54a-40d1-9f81-f1c19654fd05:c5617]
2019-09-12 09:26:38,360 [grpc-default-executor-2] INFO  client.GrpcClientProtocolClient (GrpcClientProtocolClient.java:onNext(264)) - client-8B023739F3BF->b50d6464-f54a-40d1-9f81-f1c19654fd05: receive RaftClientReply:client-8B023739F3BF->b50d6464-f54a-40d1-9f81-f1c19654fd05@group-1F53027F28E3, cid=4014, SUCCESS, logIndex=5615, commits[b50d6464-f54a-40d1-9f81-f1c19654fd05:c5617]
2019-09-12 09:26:38,360 [grpc-default-executor-2] INFO  client.GrpcClientProtocolClient (GrpcClientProtocolClient.java:onNext(264)) - client-8B023739F3BF->b50d6464-f54a-40d1-9f81-f1c19654fd05: receive RaftClientReply:client-8B023739F3BF->b50d6464-f54a-40d1-9f81-f1c19654fd05@group-1F53027F28E3, cid=4015, SUCCESS, logIndex=5616, commits[b50d6464-f54a-40d1-9f81-f1c19654fd05:c5617]
2019-09-12 09:26:38,361 [grpc-default-executor-2] INFO  client.GrpcClientProtocolClient (GrpcClientProtocolClient.java:onNext(264)) - client-8B023739F3BF->b50d6464-f54a-40d1-9f81-f1c19654fd05: receive RaftClientReply:client-8B023739F3BF->b50d6464-f54a-40d1-9f81-f1c19654fd05@group-1F53027F28E3, cid=4016, SUCCESS, logIndex=5617, commits[b50d6464-f54a-40d1-9f81-f1c19654fd05:c5617]
2019-09-12 09:26:38,376 [grpc-default-executor-2] INFO  client.GrpcClientProtocolClient (GrpcClientProtocolClient.java:onNext(264)) - client-8B023739F3BF->b50d6464-f54a-40d1-9f81-f1c19654fd05: receive RaftClientReply:client-8B023739F3BF->b50d6464-f54a-40d1-9f81-f1c19654fd05@group-1F53027F28E3, cid=4017, SUCCESS, logIndex=5619, commits[b50d6464-f54a-40d1-9f81-f1c19654fd05:c5620]
2019-09-12 09:26:38,376 [grpc-default-executor-2] INFO  client.GrpcClientProtocolClient (GrpcClientProtocolClient.java:onNext(264)) - client-8B023739F3BF->b50d6464-f54a-40d1-9f81-f1c19654fd05: receive RaftClientReply:client-8B023739F3BF->b50d6464-f54a-40d1-9f81-f1c19654fd05@group-1F53027F28E3, cid=4018, SUCCESS, logIndex=5620, commits[b50d6464-f54a-40d1-9f81-f1c19654fd05:c5620]
2019-09-12 09:26:38,378 [grpc-default-executor-2] INFO  client.GrpcClientProtocolClient (GrpcClientProtocolClient.java:onNext(264)) - client-8B023739F3BF->b50d6464-f54a-40d1-9f81-f1c19654fd05: receive RaftClientReply:client-8B023739F3BF->b50d6464-f54a-40d1-9f81-f1c19654fd05@group-1F53027F28E3, cid=4019, SUCCESS, logIndex=5621, commits[b50d6464-f54a-40d1-9f81-f1c19654fd05:c5622]
2019-09-12 09:26:38,378 [grpc-default-executor-2] INFO  client.GrpcClientProtocolClient (GrpcClientProtocolClient.java:onNext(264)) - client-8B023739F3BF->b50d6464-f54a-40d1-9f81-f1c19654fd05: receive RaftClientReply:client-8B023739F3BF->b50d6464-f54a-40d1-9f81-f1c19654fd05@group-1F53027F28E3, cid=4020, SUCCESS, logIndex=5622, commits[b50d6464-f54a-40d1-9f81-f1c19654fd05:c5622]
2019-09-12 09:26:38,385 [grpc-default-executor-2] INFO  client.GrpcClientProtocolClient (GrpcClientProtocolClient.java:onNext(264)) - client-8B023739F3BF->b50d6464-f54a-40d1-9f81-f1c19654fd05: receive RaftClientReply:client-8B023739F3BF->b50d6464-f54a-40d1-9f81-f1c19654fd05@group-1F53027F28E3, cid=4021, SUCCESS, logIndex=5625, commits[b50d6464-f54a-40d1-9f81-f1c19654fd05:c5626]
2019-09-12 09:26:38,386 [grpc-default-executor-2] INFO  client.GrpcClientProtocolClient (GrpcClientProtocolClient.java:onNext(264)) - client-8B023739F3BF->b50d6464-f54a-40d1-9f81-f1c19654fd05: receive RaftClientReply:client-8B023739F3BF->b50d6464-f54a-40d1-9f81-f1c19654fd05@group-1F53027F28E3, cid=4022, SUCCESS, logIndex=5626, commits[b50d6464-f54a-40d1-9f81-f1c19654fd05:c5626]
2019-09-12 09:26:38,421 [SCMBlockDeletingService#1] DEBUG block.SCMBlockDeletingService (SCMBlockDeletingService.java:call(138)) - Running DeletedBlockTransactionScanner
2019-09-12 09:26:38,422 [SCMBlockDeletingService#1] DEBUG block.SCMBlockDeletingService (SCMBlockDeletingService.java:call(155)) - Scanned deleted blocks log and got 0 delTX to process.
2019-09-12 09:26:38,464 [grpc-default-executor-1] INFO  client.GrpcClientProtocolClient (GrpcClientProtocolClient.java:onNext(264)) - client-8B023739F3BF->b50d6464-f54a-40d1-9f81-f1c19654fd05: receive RaftClientReply:client-8B023739F3BF->b50d6464-f54a-40d1-9f81-f1c19654fd05@group-1F53027F28E3, cid=4023, SUCCESS, logIndex=5628, commits[b50d6464-f54a-40d1-9f81-f1c19654fd05:c5629]
2019-09-12 09:26:38,465 [grpc-default-executor-1] INFO  client.GrpcClientProtocolClient (GrpcClientProtocolClient.java:onNext(264)) - client-8B023739F3BF->b50d6464-f54a-40d1-9f81-f1c19654fd05: receive RaftClientReply:client-8B023739F3BF->b50d6464-f54a-40d1-9f81-f1c19654fd05@group-1F53027F28E3, cid=4024, SUCCESS, logIndex=5629, commits[b50d6464-f54a-40d1-9f81-f1c19654fd05:c5630]
2019-09-12 09:26:38,484 [grpc-default-executor-2] INFO  client.GrpcClientProtocolClient (GrpcClientProtocolClient.java:onNext(264)) - client-8B023739F3BF->b50d6464-f54a-40d1-9f81-f1c19654fd05: receive RaftClientReply:client-8B023739F3BF->b50d6464-f54a-40d1-9f81-f1c19654fd05@group-1F53027F28E3, cid=4025, SUCCESS, logIndex=5631, commits[b50d6464-f54a-40d1-9f81-f1c19654fd05:c5634]
2019-09-12 09:26:38,485 [grpc-default-executor-2] INFO  client.GrpcClientProtocolClient (GrpcClientProtocolClient.java:onNext(264)) - client-8B023739F3BF->b50d6464-f54a-40d1-9f81-f1c19654fd05: receive RaftClientReply:client-8B023739F3BF->b50d6464-f54a-40d1-9f81-f1c19654fd05@group-1F53027F28E3, cid=4026, SUCCESS, logIndex=5632, commits[b50d6464-f54a-40d1-9f81-f1c19654fd05:c5634]
2019-09-12 09:26:38,485 [grpc-default-executor-2] INFO  client.GrpcClientProtocolClient (GrpcClientProtocolClient.java:onNext(264)) - client-8B023739F3BF->b50d6464-f54a-40d1-9f81-f1c19654fd05: receive RaftClientReply:client-8B023739F3BF->b50d6464-f54a-40d1-9f81-f1c19654fd05@group-1F53027F28E3, cid=4027, SUCCESS, logIndex=5633, commits[b50d6464-f54a-40d1-9f81-f1c19654fd05:c5635]
2019-09-12 09:26:38,486 [grpc-default-executor-2] INFO  client.GrpcClientProtocolClient (GrpcClientProtocolClient.java:onNext(264)) - client-8B023739F3BF->b50d6464-f54a-40d1-9f81-f1c19654fd05: receive RaftClientReply:client-8B023739F3BF->b50d6464-f54a-40d1-9f81-f1c19654fd05@group-1F53027F28E3, cid=4028, SUCCESS, logIndex=5634, commits[b50d6464-f54a-40d1-9f81-f1c19654fd05:c5635]
2019-09-12 09:26:38,515 [grpc-default-executor-2] INFO  client.GrpcClientProtocolClient (GrpcClientProtocolClient.java:onNext(264)) - client-8B023739F3BF->b50d6464-f54a-40d1-9f81-f1c19654fd05: receive RaftClientReply:client-8B023739F3BF->b50d6464-f54a-40d1-9f81-f1c19654fd05@group-1F53027F28E3, cid=4029, SUCCESS, logIndex=5636, commits[b50d6464-f54a-40d1-9f81-f1c19654fd05:c5639]
2019-09-12 09:26:38,515 [grpc-default-executor-2] INFO  client.GrpcClientProtocolClient (GrpcClientProtocolClient.java:onNext(264)) - client-8B023739F3BF->b50d6464-f54a-40d1-9f81-f1c19654fd05: receive RaftClientReply:client-8B023739F3BF->b50d6464-f54a-40d1-9f81-f1c19654fd05@group-1F53027F28E3, cid=4030, SUCCESS, logIndex=5637, commits[b50d6464-f54a-40d1-9f81-f1c19654fd05:c5639]
2019-09-12 09:26:38,516 [grpc-default-executor-2] INFO  client.GrpcClientProtocolClient (GrpcClientProtocolClient.java:onNext(264)) - client-8B023739F3BF->b50d6464-f54a-40d1-9f81-f1c19654fd05: receive RaftClientReply:client-8B023739F3BF->b50d6464-f54a-40d1-9f81-f1c19654fd05@group-1F53027F28E3, cid=4031, SUCCESS, logIndex=5638, commits[b50d6464-f54a-40d1-9f81-f1c19654fd05:c5639]
2019-09-12 09:26:38,516 [grpc-default-executor-2] INFO  client.GrpcClientProtocolClient (GrpcClientProtocolClient.java:onNext(264)) - client-8B023739F3BF->b50d6464-f54a-40d1-9f81-f1c19654fd05: receive RaftClientReply:client-8B023739F3BF->b50d6464-f54a-40d1-9f81-f1c19654fd05@group-1F53027F28E3, cid=4032, SUCCESS, logIndex=5639, commits[b50d6464-f54a-40d1-9f81-f1c19654fd05:c5639]
2019-09-12 09:26:38,522 [SCMBlockDeletingService#1] DEBUG block.SCMBlockDeletingService (SCMBlockDeletingService.java:call(138)) - Running DeletedBlockTransactionScanner
2019-09-12 09:26:38,522 [SCMBlockDeletingService#1] DEBUG block.SCMBlockDeletingService (SCMBlockDeletingService.java:call(155)) - Scanned deleted blocks log and got 0 delTX to process.
2019-09-12 09:26:38,548 [grpc-default-executor-1] INFO  client.GrpcClientProtocolClient (GrpcClientProtocolClient.java:onNext(264)) - client-8B023739F3BF->b50d6464-f54a-40d1-9f81-f1c19654fd05: receive RaftClientReply:client-8B023739F3BF->b50d6464-f54a-40d1-9f81-f1c19654fd05@group-1F53027F28E3, cid=4033, SUCCESS, logIndex=5641, commits[b50d6464-f54a-40d1-9f81-f1c19654fd05:c5644]
2019-09-12 09:26:38,549 [grpc-default-executor-1] INFO  client.GrpcClientProtocolClient (GrpcClientProtocolClient.java:onNext(264)) - client-8B023739F3BF->b50d6464-f54a-40d1-9f81-f1c19654fd05: receive RaftClientReply:client-8B023739F3BF->b50d6464-f54a-40d1-9f81-f1c19654fd05@group-1F53027F28E3, cid=4034, SUCCESS, logIndex=5642, commits[b50d6464-f54a-40d1-9f81-f1c19654fd05:c5644]
2019-09-12 09:26:38,549 [grpc-default-executor-1] INFO  client.GrpcClientProtocolClient (GrpcClientProtocolClient.java:onNext(264)) - client-8B023739F3BF->b50d6464-f54a-40d1-9f81-f1c19654fd05: receive RaftClientReply:client-8B023739F3BF->b50d6464-f54a-40d1-9f81-f1c19654fd05@group-1F53027F28E3, cid=4035, SUCCESS, logIndex=5643, commits[b50d6464-f54a-40d1-9f81-f1c19654fd05:c5644]
2019-09-12 09:26:38,550 [grpc-default-executor-1] INFO  client.GrpcClientProtocolClient (GrpcClientProtocolClient.java:onNext(264)) - client-8B023739F3BF->b50d6464-f54a-40d1-9f81-f1c19654fd05: receive RaftClientReply:client-8B023739F3BF->b50d6464-f54a-40d1-9f81-f1c19654fd05@group-1F53027F28E3, cid=4036, SUCCESS, logIndex=5644, commits[b50d6464-f54a-40d1-9f81-f1c19654fd05:c5644]
2019-09-12 09:26:38,565 [grpc-default-executor-1] INFO  client.GrpcClientProtocolClient (GrpcClientProtocolClient.java:onNext(264)) - client-8B023739F3BF->b50d6464-f54a-40d1-9f81-f1c19654fd05: receive RaftClientReply:client-8B023739F3BF->b50d6464-f54a-40d1-9f81-f1c19654fd05@group-1F53027F28E3, cid=4037, SUCCESS, logIndex=5646, commits[b50d6464-f54a-40d1-9f81-f1c19654fd05:c5647]
2019-09-12 09:26:38,565 [grpc-default-executor-1] INFO  client.GrpcClientProtocolClient (GrpcClientProtocolClient.java:onNext(264)) - client-8B023739F3BF->b50d6464-f54a-40d1-9f81-f1c19654fd05: receive RaftClientReply:client-8B023739F3BF->b50d6464-f54a-40d1-9f81-f1c19654fd05@group-1F53027F28E3, cid=4038, SUCCESS, logIndex=5647, commits[b50d6464-f54a-40d1-9f81-f1c19654fd05:c5647]
2019-09-12 09:26:38,565 [grpc-default-executor-1] INFO  client.GrpcClientProtocolClient (GrpcClientProtocolClient.java:onNext(264)) - client-8B023739F3BF->b50d6464-f54a-40d1-9f81-f1c19654fd05: receive RaftClientReply:client-8B023739F3BF->b50d6464-f54a-40d1-9f81-f1c19654fd05@group-1F53027F28E3, cid=4039, SUCCESS, logIndex=5648, commits[b50d6464-f54a-40d1-9f81-f1c19654fd05:c5649]
2019-09-12 09:26:38,566 [grpc-default-executor-1] INFO  client.GrpcClientProtocolClient (GrpcClientProtocolClient.java:onNext(264)) - client-8B023739F3BF->b50d6464-f54a-40d1-9f81-f1c19654fd05: receive RaftClientReply:client-8B023739F3BF->b50d6464-f54a-40d1-9f81-f1c19654fd05@group-1F53027F28E3, cid=4040, SUCCESS, logIndex=5649, commits[b50d6464-f54a-40d1-9f81-f1c19654fd05:c5649]
2019-09-12 09:26:38,593 [grpc-default-executor-2] INFO  client.GrpcClientProtocolClient (GrpcClientProtocolClient.java:onNext(264)) - client-8B023739F3BF->b50d6464-f54a-40d1-9f81-f1c19654fd05: receive RaftClientReply:client-8B023739F3BF->b50d6464-f54a-40d1-9f81-f1c19654fd05@group-1F53027F28E3, cid=4041, SUCCESS, logIndex=5652, commits[b50d6464-f54a-40d1-9f81-f1c19654fd05:c5653]
2019-09-12 09:26:38,593 [grpc-default-executor-2] INFO  client.GrpcClientProtocolClient (GrpcClientProtocolClient.java:onNext(264)) - client-8B023739F3BF->b50d6464-f54a-40d1-9f81-f1c19654fd05: receive RaftClientReply:client-8B023739F3BF->b50d6464-f54a-40d1-9f81-f1c19654fd05@group-1F53027F28E3, cid=4042, SUCCESS, logIndex=5653, commits[b50d6464-f54a-40d1-9f81-f1c19654fd05:c5653]
2019-09-12 09:26:38,593 [grpc-default-executor-2] INFO  client.GrpcClientProtocolClient (GrpcClientProtocolClient.java:onNext(264)) - client-8B023739F3BF->b50d6464-f54a-40d1-9f81-f1c19654fd05: receive RaftClientReply:client-8B023739F3BF->b50d6464-f54a-40d1-9f81-f1c19654fd05@group-1F53027F28E3, cid=4043, SUCCESS, logIndex=5654, commits[b50d6464-f54a-40d1-9f81-f1c19654fd05:c5655]
2019-09-12 09:26:38,594 [grpc-default-executor-2] INFO  client.GrpcClientProtocolClient (GrpcClientProtocolClient.java:onNext(264)) - client-8B023739F3BF->b50d6464-f54a-40d1-9f81-f1c19654fd05: receive RaftClientReply:client-8B023739F3BF->b50d6464-f54a-40d1-9f81-f1c19654fd05@group-1F53027F28E3, cid=4044, SUCCESS, logIndex=5655, commits[b50d6464-f54a-40d1-9f81-f1c19654fd05:c5656]
2019-09-12 09:26:38,608 [grpc-default-executor-2] INFO  client.GrpcClientProtocolClient (GrpcClientProtocolClient.java:onNext(264)) - client-8B023739F3BF->b50d6464-f54a-40d1-9f81-f1c19654fd05: receive RaftClientReply:client-8B023739F3BF->b50d6464-f54a-40d1-9f81-f1c19654fd05@group-1F53027F28E3, cid=4045, SUCCESS, logIndex=5658, commits[b50d6464-f54a-40d1-9f81-f1c19654fd05:c5659]
2019-09-12 09:26:38,608 [grpc-default-executor-2] INFO  client.GrpcClientProtocolClient (GrpcClientProtocolClient.java:onNext(264)) - client-8B023739F3BF->b50d6464-f54a-40d1-9f81-f1c19654fd05: receive RaftClientReply:client-8B023739F3BF->b50d6464-f54a-40d1-9f81-f1c19654fd05@group-1F53027F28E3, cid=4046, SUCCESS, logIndex=5659, commits[b50d6464-f54a-40d1-9f81-f1c19654fd05:c5659]
2019-09-12 09:26:38,608 [grpc-default-executor-2] INFO  client.GrpcClientProtocolClient (GrpcClientProtocolClient.java:onNext(264)) - client-8B023739F3BF->b50d6464-f54a-40d1-9f81-f1c19654fd05: receive RaftClientReply:client-8B023739F3BF->b50d6464-f54a-40d1-9f81-f1c19654fd05@group-1F53027F28E3, cid=4047, SUCCESS, logIndex=5660, commits[b50d6464-f54a-40d1-9f81-f1c19654fd05:c5661]
2019-09-12 09:26:38,609 [grpc-default-executor-2] INFO  client.GrpcClientProtocolClient (GrpcClientProtocolClient.java:onNext(264)) - client-8B023739F3BF->b50d6464-f54a-40d1-9f81-f1c19654fd05: receive RaftClientReply:client-8B023739F3BF->b50d6464-f54a-40d1-9f81-f1c19654fd05@group-1F53027F28E3, cid=4048, SUCCESS, logIndex=5661, commits[b50d6464-f54a-40d1-9f81-f1c19654fd05:c5661]
2019-09-12 09:26:38,623 [SCMBlockDeletingService#1] DEBUG block.SCMBlockDeletingService (SCMBlockDeletingService.java:call(138)) - Running DeletedBlockTransactionScanner
2019-09-12 09:26:38,623 [SCMBlockDeletingService#1] DEBUG block.SCMBlockDeletingService (SCMBlockDeletingService.java:call(155)) - Scanned deleted blocks log and got 0 delTX to process.
2019-09-12 09:26:38,627 [grpc-default-executor-2] INFO  client.GrpcClientProtocolClient (GrpcClientProtocolClient.java:onNext(264)) - client-8B023739F3BF->b50d6464-f54a-40d1-9f81-f1c19654fd05: receive RaftClientReply:client-8B023739F3BF->b50d6464-f54a-40d1-9f81-f1c19654fd05@group-1F53027F28E3, cid=4049, SUCCESS, logIndex=5664, commits[b50d6464-f54a-40d1-9f81-f1c19654fd05:c5665]
2019-09-12 09:26:38,627 [grpc-default-executor-2] INFO  client.GrpcClientProtocolClient (GrpcClientProtocolClient.java:onNext(264)) - client-8B023739F3BF->b50d6464-f54a-40d1-9f81-f1c19654fd05: receive RaftClientReply:client-8B023739F3BF->b50d6464-f54a-40d1-9f81-f1c19654fd05@group-1F53027F28E3, cid=4050, SUCCESS, logIndex=5665, commits[b50d6464-f54a-40d1-9f81-f1c19654fd05:c5665]
2019-09-12 09:26:38,637 [grpc-default-executor-2] INFO  client.GrpcClientProtocolClient (GrpcClientProtocolClient.java:onNext(264)) - client-8B023739F3BF->b50d6464-f54a-40d1-9f81-f1c19654fd05: receive RaftClientReply:client-8B023739F3BF->b50d6464-f54a-40d1-9f81-f1c19654fd05@group-1F53027F28E3, cid=4051, SUCCESS, logIndex=5666, commits[b50d6464-f54a-40d1-9f81-f1c19654fd05:c5668]
2019-09-12 09:26:38,637 [grpc-default-executor-2] INFO  client.GrpcClientProtocolClient (GrpcClientProtocolClient.java:onNext(264)) - client-8B023739F3BF->b50d6464-f54a-40d1-9f81-f1c19654fd05: receive RaftClientReply:client-8B023739F3BF->b50d6464-f54a-40d1-9f81-f1c19654fd05@group-1F53027F28E3, cid=4052, SUCCESS, logIndex=5667, commits[b50d6464-f54a-40d1-9f81-f1c19654fd05:c5668]
2019-09-12 09:26:38,653 [grpc-default-executor-2] INFO  client.GrpcClientProtocolClient (GrpcClientProtocolClient.java:onNext(264)) - client-8B023739F3BF->b50d6464-f54a-40d1-9f81-f1c19654fd05: receive RaftClientReply:client-8B023739F3BF->b50d6464-f54a-40d1-9f81-f1c19654fd05@group-1F53027F28E3, cid=4053, SUCCESS, logIndex=5669, commits[b50d6464-f54a-40d1-9f81-f1c19654fd05:c5670]
2019-09-12 09:26:38,653 [grpc-default-executor-2] INFO  client.GrpcClientProtocolClient (GrpcClientProtocolClient.java:onNext(264)) - client-8B023739F3BF->b50d6464-f54a-40d1-9f81-f1c19654fd05: receive RaftClientReply:client-8B023739F3BF->b50d6464-f54a-40d1-9f81-f1c19654fd05@group-1F53027F28E3, cid=4054, SUCCESS, logIndex=5670, commits[b50d6464-f54a-40d1-9f81-f1c19654fd05:c5670]
2019-09-12 09:26:38,654 [grpc-default-executor-2] INFO  client.GrpcClientProtocolClient (GrpcClientProtocolClient.java:onNext(264)) - client-8B023739F3BF->b50d6464-f54a-40d1-9f81-f1c19654fd05: receive RaftClientReply:client-8B023739F3BF->b50d6464-f54a-40d1-9f81-f1c19654fd05@group-1F53027F28E3, cid=4055, SUCCESS, logIndex=5671, commits[b50d6464-f54a-40d1-9f81-f1c19654fd05:c5672]
2019-09-12 09:26:38,654 [grpc-default-executor-2] INFO  client.GrpcClientProtocolClient (GrpcClientProtocolClient.java:onNext(264)) - client-8B023739F3BF->b50d6464-f54a-40d1-9f81-f1c19654fd05: receive RaftClientReply:client-8B023739F3BF->b50d6464-f54a-40d1-9f81-f1c19654fd05@group-1F53027F28E3, cid=4056, SUCCESS, logIndex=5672, commits[b50d6464-f54a-40d1-9f81-f1c19654fd05:c5672]
2019-09-12 09:26:38,743 [SCMBlockDeletingService#0] DEBUG block.SCMBlockDeletingService (SCMBlockDeletingService.java:call(138)) - Running DeletedBlockTransactionScanner
2019-09-12 09:26:38,743 [SCMBlockDeletingService#0] DEBUG block.SCMBlockDeletingService (SCMBlockDeletingService.java:call(155)) - Scanned deleted blocks log and got 0 delTX to process.
2019-09-12 09:26:38,750 [grpc-default-executor-2] INFO  client.GrpcClientProtocolClient (GrpcClientProtocolClient.java:onNext(264)) - client-8B023739F3BF->b50d6464-f54a-40d1-9f81-f1c19654fd05: receive RaftClientReply:client-8B023739F3BF->b50d6464-f54a-40d1-9f81-f1c19654fd05@group-1F53027F28E3, cid=4057, SUCCESS, logIndex=5675, commits[b50d6464-f54a-40d1-9f81-f1c19654fd05:c5678]
2019-09-12 09:26:38,750 [grpc-default-executor-2] INFO  client.GrpcClientProtocolClient (GrpcClientProtocolClient.java:onNext(264)) - client-8B023739F3BF->b50d6464-f54a-40d1-9f81-f1c19654fd05: receive RaftClientReply:client-8B023739F3BF->b50d6464-f54a-40d1-9f81-f1c19654fd05@group-1F53027F28E3, cid=4058, SUCCESS, logIndex=5676, commits[b50d6464-f54a-40d1-9f81-f1c19654fd05:c5678]
2019-09-12 09:26:38,751 [grpc-default-executor-2] INFO  client.GrpcClientProtocolClient (GrpcClientProtocolClient.java:onNext(264)) - client-8B023739F3BF->b50d6464-f54a-40d1-9f81-f1c19654fd05: receive RaftClientReply:client-8B023739F3BF->b50d6464-f54a-40d1-9f81-f1c19654fd05@group-1F53027F28E3, cid=4059, SUCCESS, logIndex=5677, commits[b50d6464-f54a-40d1-9f81-f1c19654fd05:c5679]
2019-09-12 09:26:38,751 [grpc-default-executor-2] INFO  client.GrpcClientProtocolClient (GrpcClientProtocolClient.java:onNext(264)) - client-8B023739F3BF->b50d6464-f54a-40d1-9f81-f1c19654fd05: receive RaftClientReply:client-8B023739F3BF->b50d6464-f54a-40d1-9f81-f1c19654fd05@group-1F53027F28E3, cid=4060, SUCCESS, logIndex=5678, commits[b50d6464-f54a-40d1-9f81-f1c19654fd05:c5679]
2019-09-12 09:26:38,771 [grpc-default-executor-2] INFO  client.GrpcClientProtocolClient (GrpcClientProtocolClient.java:onNext(264)) - client-8B023739F3BF->b50d6464-f54a-40d1-9f81-f1c19654fd05: receive RaftClientReply:client-8B023739F3BF->b50d6464-f54a-40d1-9f81-f1c19654fd05@group-1F53027F28E3, cid=4061, SUCCESS, logIndex=5680, commits[b50d6464-f54a-40d1-9f81-f1c19654fd05:c5683]
2019-09-12 09:26:38,772 [grpc-default-executor-2] INFO  client.GrpcClientProtocolClient (GrpcClientProtocolClient.java:onNext(264)) - client-8B023739F3BF->b50d6464-f54a-40d1-9f81-f1c19654fd05: receive RaftClientReply:client-8B023739F3BF->b50d6464-f54a-40d1-9f81-f1c19654fd05@group-1F53027F28E3, cid=4062, SUCCESS, logIndex=5681, commits[b50d6464-f54a-40d1-9f81-f1c19654fd05:c5683]
2019-09-12 09:26:38,772 [grpc-default-executor-2] INFO  client.GrpcClientProtocolClient (GrpcClientProtocolClient.java:onNext(264)) - client-8B023739F3BF->b50d6464-f54a-40d1-9f81-f1c19654fd05: receive RaftClientReply:client-8B023739F3BF->b50d6464-f54a-40d1-9f81-f1c19654fd05@group-1F53027F28E3, cid=4063, SUCCESS, logIndex=5682, commits[b50d6464-f54a-40d1-9f81-f1c19654fd05:c5684]
2019-09-12 09:26:38,772 [grpc-default-executor-2] INFO  client.GrpcClientProtocolClient (GrpcClientProtocolClient.java:onNext(264)) - client-8B023739F3BF->b50d6464-f54a-40d1-9f81-f1c19654fd05: receive RaftClientReply:client-8B023739F3BF->b50d6464-f54a-40d1-9f81-f1c19654fd05@group-1F53027F28E3, cid=4064, SUCCESS, logIndex=5683, commits[b50d6464-f54a-40d1-9f81-f1c19654fd05:c5684]
2019-09-12 09:26:38,801 [grpc-default-executor-1] INFO  client.GrpcClientProtocolClient (GrpcClientProtocolClient.java:onNext(264)) - client-8B023739F3BF->b50d6464-f54a-40d1-9f81-f1c19654fd05: receive RaftClientReply:client-8B023739F3BF->b50d6464-f54a-40d1-9f81-f1c19654fd05@group-1F53027F28E3, cid=4065, SUCCESS, logIndex=5685, commits[b50d6464-f54a-40d1-9f81-f1c19654fd05:c5686]
2019-09-12 09:26:38,802 [grpc-default-executor-1] INFO  client.GrpcClientProtocolClient (GrpcClientProtocolClient.java:onNext(264)) - client-8B023739F3BF->b50d6464-f54a-40d1-9f81-f1c19654fd05: receive RaftClientReply:client-8B023739F3BF->b50d6464-f54a-40d1-9f81-f1c19654fd05@group-1F53027F28E3, cid=4066, SUCCESS, logIndex=5686, commits[b50d6464-f54a-40d1-9f81-f1c19654fd05:c5686]
2019-09-12 09:26:38,844 [SCMBlockDeletingService#1] DEBUG block.SCMBlockDeletingService (SCMBlockDeletingService.java:call(138)) - Running DeletedBlockTransactionScanner
2019-09-12 09:26:38,844 [SCMBlockDeletingService#1] DEBUG block.SCMBlockDeletingService (SCMBlockDeletingService.java:call(155)) - Scanned deleted blocks log and got 0 delTX to process.
2019-09-12 09:26:38,898 [grpc-default-executor-2] INFO  client.GrpcClientProtocolClient (GrpcClientProtocolClient.java:onNext(264)) - client-8B023739F3BF->b50d6464-f54a-40d1-9f81-f1c19654fd05: receive RaftClientReply:client-8B023739F3BF->b50d6464-f54a-40d1-9f81-f1c19654fd05@group-1F53027F28E3, cid=4067, SUCCESS, logIndex=5688, commits[b50d6464-f54a-40d1-9f81-f1c19654fd05:c5689]
2019-09-12 09:26:38,898 [grpc-default-executor-2] INFO  client.GrpcClientProtocolClient (GrpcClientProtocolClient.java:onNext(264)) - client-8B023739F3BF->b50d6464-f54a-40d1-9f81-f1c19654fd05: receive RaftClientReply:client-8B023739F3BF->b50d6464-f54a-40d1-9f81-f1c19654fd05@group-1F53027F28E3, cid=4068, SUCCESS, logIndex=5689, commits[b50d6464-f54a-40d1-9f81-f1c19654fd05:c5689]
2019-09-12 09:26:38,912 [grpc-default-executor-2] INFO  client.GrpcClientProtocolClient (GrpcClientProtocolClient.java:onNext(264)) - client-8B023739F3BF->b50d6464-f54a-40d1-9f81-f1c19654fd05: receive RaftClientReply:client-8B023739F3BF->b50d6464-f54a-40d1-9f81-f1c19654fd05@group-1F53027F28E3, cid=4069, SUCCESS, logIndex=5691, commits[b50d6464-f54a-40d1-9f81-f1c19654fd05:c5692]
2019-09-12 09:26:38,913 [grpc-default-executor-2] INFO  client.GrpcClientProtocolClient (GrpcClientProtocolClient.java:onNext(264)) - client-8B023739F3BF->b50d6464-f54a-40d1-9f81-f1c19654fd05: receive RaftClientReply:client-8B023739F3BF->b50d6464-f54a-40d1-9f81-f1c19654fd05@group-1F53027F28E3, cid=4070, SUCCESS, logIndex=5692, commits[b50d6464-f54a-40d1-9f81-f1c19654fd05:c5692]
2019-09-12 09:26:38,913 [grpc-default-executor-2] INFO  client.GrpcClientProtocolClient (GrpcClientProtocolClient.java:onNext(264)) - client-8B023739F3BF->b50d6464-f54a-40d1-9f81-f1c19654fd05: receive RaftClientReply:client-8B023739F3BF->b50d6464-f54a-40d1-9f81-f1c19654fd05@group-1F53027F28E3, cid=4071, SUCCESS, logIndex=5693, commits[b50d6464-f54a-40d1-9f81-f1c19654fd05:c5694]
2019-09-12 09:26:38,914 [grpc-default-executor-2] INFO  client.GrpcClientProtocolClient (GrpcClientProtocolClient.java:onNext(264)) - client-8B023739F3BF->b50d6464-f54a-40d1-9f81-f1c19654fd05: receive RaftClientReply:client-8B023739F3BF->b50d6464-f54a-40d1-9f81-f1c19654fd05@group-1F53027F28E3, cid=4072, SUCCESS, logIndex=5694, commits[b50d6464-f54a-40d1-9f81-f1c19654fd05:c5694]
2019-09-12 09:26:38,944 [SCMBlockDeletingService#1] DEBUG block.SCMBlockDeletingService (SCMBlockDeletingService.java:call(138)) - Running DeletedBlockTransactionScanner
2019-09-12 09:26:38,944 [SCMBlockDeletingService#1] DEBUG block.SCMBlockDeletingService (SCMBlockDeletingService.java:call(155)) - Scanned deleted blocks log and got 0 delTX to process.
2019-09-12 09:26:38,947 [grpc-default-executor-1] INFO  client.GrpcClientProtocolClient (GrpcClientProtocolClient.java:onNext(264)) - client-8B023739F3BF->b50d6464-f54a-40d1-9f81-f1c19654fd05: receive RaftClientReply:client-8B023739F3BF->b50d6464-f54a-40d1-9f81-f1c19654fd05@group-1F53027F28E3, cid=4073, SUCCESS, logIndex=5697, commits[b50d6464-f54a-40d1-9f81-f1c19654fd05:c5698]
2019-09-12 09:26:38,947 [grpc-default-executor-1] INFO  client.GrpcClientProtocolClient (GrpcClientProtocolClient.java:onNext(264)) - client-8B023739F3BF->b50d6464-f54a-40d1-9f81-f1c19654fd05: receive RaftClientReply:client-8B023739F3BF->b50d6464-f54a-40d1-9f81-f1c19654fd05@group-1F53027F28E3, cid=4074, SUCCESS, logIndex=5698, commits[b50d6464-f54a-40d1-9f81-f1c19654fd05:c5698]
2019-09-12 09:26:38,947 [grpc-default-executor-1] INFO  client.GrpcClientProtocolClient (GrpcClientProtocolClient.java:onNext(264)) - client-8B023739F3BF->b50d6464-f54a-40d1-9f81-f1c19654fd05: receive RaftClientReply:client-8B023739F3BF->b50d6464-f54a-40d1-9f81-f1c19654fd05@group-1F53027F28E3, cid=4075, SUCCESS, logIndex=5699, commits[b50d6464-f54a-40d1-9f81-f1c19654fd05:c5700]
2019-09-12 09:26:38,948 [grpc-default-executor-1] INFO  client.GrpcClientProtocolClient (GrpcClientProtocolClient.java:onNext(264)) - client-8B023739F3BF->b50d6464-f54a-40d1-9f81-f1c19654fd05: receive RaftClientReply:client-8B023739F3BF->b50d6464-f54a-40d1-9f81-f1c19654fd05@group-1F53027F28E3, cid=4076, SUCCESS, logIndex=5700, commits[b50d6464-f54a-40d1-9f81-f1c19654fd05:c5700]
2019-09-12 09:26:38,967 [grpc-default-executor-1] INFO  client.GrpcClientProtocolClient (GrpcClientProtocolClient.java:onNext(264)) - client-8B023739F3BF->b50d6464-f54a-40d1-9f81-f1c19654fd05: receive RaftClientReply:client-8B023739F3BF->b50d6464-f54a-40d1-9f81-f1c19654fd05@group-1F53027F28E3, cid=4077, SUCCESS, logIndex=5703, commits[b50d6464-f54a-40d1-9f81-f1c19654fd05:c5704]
2019-09-12 09:26:38,967 [grpc-default-executor-1] INFO  client.GrpcClientProtocolClient (GrpcClientProtocolClient.java:onNext(264)) - client-8B023739F3BF->b50d6464-f54a-40d1-9f81-f1c19654fd05: receive RaftClientReply:client-8B023739F3BF->b50d6464-f54a-40d1-9f81-f1c19654fd05@group-1F53027F28E3, cid=4078, SUCCESS, logIndex=5704, commits[b50d6464-f54a-40d1-9f81-f1c19654fd05:c5704]
2019-09-12 09:26:38,967 [grpc-default-executor-1] INFO  client.GrpcClientProtocolClient (GrpcClientProtocolClient.java:onNext(264)) - client-8B023739F3BF->b50d6464-f54a-40d1-9f81-f1c19654fd05: receive RaftClientReply:client-8B023739F3BF->b50d6464-f54a-40d1-9f81-f1c19654fd05@group-1F53027F28E3, cid=4079, SUCCESS, logIndex=5705, commits[b50d6464-f54a-40d1-9f81-f1c19654fd05:c5706]
2019-09-12 09:26:38,968 [grpc-default-executor-1] INFO  client.GrpcClientProtocolClient (GrpcClientProtocolClient.java:onNext(264)) - client-8B023739F3BF->b50d6464-f54a-40d1-9f81-f1c19654fd05: receive RaftClientReply:client-8B023739F3BF->b50d6464-f54a-40d1-9f81-f1c19654fd05@group-1F53027F28E3, cid=4080, SUCCESS, logIndex=5706, commits[b50d6464-f54a-40d1-9f81-f1c19654fd05:c5707]
2019-09-12 09:26:39,002 [grpc-default-executor-2] INFO  client.GrpcClientProtocolClient (GrpcClientProtocolClient.java:onNext(264)) - client-8B023739F3BF->b50d6464-f54a-40d1-9f81-f1c19654fd05: receive RaftClientReply:client-8B023739F3BF->b50d6464-f54a-40d1-9f81-f1c19654fd05@group-1F53027F28E3, cid=4081, SUCCESS, logIndex=5709, commits[b50d6464-f54a-40d1-9f81-f1c19654fd05:c5710]
2019-09-12 09:26:39,002 [grpc-default-executor-2] INFO  client.GrpcClientProtocolClient (GrpcClientProtocolClient.java:onNext(264)) - client-8B023739F3BF->b50d6464-f54a-40d1-9f81-f1c19654fd05: receive RaftClientReply:client-8B023739F3BF->b50d6464-f54a-40d1-9f81-f1c19654fd05@group-1F53027F28E3, cid=4082, SUCCESS, logIndex=5710, commits[b50d6464-f54a-40d1-9f81-f1c19654fd05:c5710]
2019-09-12 09:26:39,003 [grpc-default-executor-2] INFO  client.GrpcClientProtocolClient (GrpcClientProtocolClient.java:onNext(264)) - client-8B023739F3BF->b50d6464-f54a-40d1-9f81-f1c19654fd05: receive RaftClientReply:client-8B023739F3BF->b50d6464-f54a-40d1-9f81-f1c19654fd05@group-1F53027F28E3, cid=4083, SUCCESS, logIndex=5711, commits[b50d6464-f54a-40d1-9f81-f1c19654fd05:c5712]
2019-09-12 09:26:39,003 [grpc-default-executor-2] INFO  client.GrpcClientProtocolClient (GrpcClientProtocolClient.java:onNext(264)) - client-8B023739F3BF->b50d6464-f54a-40d1-9f81-f1c19654fd05: receive RaftClientReply:client-8B023739F3BF->b50d6464-f54a-40d1-9f81-f1c19654fd05@group-1F53027F28E3, cid=4084, SUCCESS, logIndex=5712, commits[b50d6464-f54a-40d1-9f81-f1c19654fd05:c5712]
2019-09-12 09:26:39,022 [grpc-default-executor-2] INFO  client.GrpcClientProtocolClient (GrpcClientProtocolClient.java:onNext(264)) - client-8B023739F3BF->b50d6464-f54a-40d1-9f81-f1c19654fd05: receive RaftClientReply:client-8B023739F3BF->b50d6464-f54a-40d1-9f81-f1c19654fd05@group-1F53027F28E3, cid=4085, SUCCESS, logIndex=5715, commits[b50d6464-f54a-40d1-9f81-f1c19654fd05:c5716]
2019-09-12 09:26:39,022 [grpc-default-executor-2] INFO  client.GrpcClientProtocolClient (GrpcClientProtocolClient.java:onNext(264)) - client-8B023739F3BF->b50d6464-f54a-40d1-9f81-f1c19654fd05: receive RaftClientReply:client-8B023739F3BF->b50d6464-f54a-40d1-9f81-f1c19654fd05@group-1F53027F28E3, cid=4086, SUCCESS, logIndex=5716, commits[b50d6464-f54a-40d1-9f81-f1c19654fd05:c5718]
2019-09-12 09:26:39,022 [grpc-default-executor-2] INFO  client.GrpcClientProtocolClient (GrpcClientProtocolClient.java:onNext(264)) - client-8B023739F3BF->b50d6464-f54a-40d1-9f81-f1c19654fd05: receive RaftClientReply:client-8B023739F3BF->b50d6464-f54a-40d1-9f81-f1c19654fd05@group-1F53027F28E3, cid=4087, SUCCESS, logIndex=5717, commits[b50d6464-f54a-40d1-9f81-f1c19654fd05:c5718]
2019-09-12 09:26:39,023 [grpc-default-executor-2] INFO  client.GrpcClientProtocolClient (GrpcClientProtocolClient.java:onNext(264)) - client-8B023739F3BF->b50d6464-f54a-40d1-9f81-f1c19654fd05: receive RaftClientReply:client-8B023739F3BF->b50d6464-f54a-40d1-9f81-f1c19654fd05@group-1F53027F28E3, cid=4088, SUCCESS, logIndex=5718, commits[b50d6464-f54a-40d1-9f81-f1c19654fd05:c5719]
2019-09-12 09:26:39,045 [SCMBlockDeletingService#1] DEBUG block.SCMBlockDeletingService (SCMBlockDeletingService.java:call(138)) - Running DeletedBlockTransactionScanner
2019-09-12 09:26:39,045 [SCMBlockDeletingService#1] DEBUG block.SCMBlockDeletingService (SCMBlockDeletingService.java:call(155)) - Scanned deleted blocks log and got 0 delTX to process.
2019-09-12 09:26:39,053 [grpc-default-executor-2] INFO  client.GrpcClientProtocolClient (GrpcClientProtocolClient.java:onNext(264)) - client-8B023739F3BF->b50d6464-f54a-40d1-9f81-f1c19654fd05: receive RaftClientReply:client-8B023739F3BF->b50d6464-f54a-40d1-9f81-f1c19654fd05@group-1F53027F28E3, cid=4089, SUCCESS, logIndex=5721, commits[b50d6464-f54a-40d1-9f81-f1c19654fd05:c5722]
2019-09-12 09:26:39,054 [grpc-default-executor-2] INFO  client.GrpcClientProtocolClient (GrpcClientProtocolClient.java:onNext(264)) - client-8B023739F3BF->b50d6464-f54a-40d1-9f81-f1c19654fd05: receive RaftClientReply:client-8B023739F3BF->b50d6464-f54a-40d1-9f81-f1c19654fd05@group-1F53027F28E3, cid=4090, SUCCESS, logIndex=5722, commits[b50d6464-f54a-40d1-9f81-f1c19654fd05:c5722]
2019-09-12 09:26:39,066 [grpc-default-executor-2] INFO  client.GrpcClientProtocolClient (GrpcClientProtocolClient.java:onNext(264)) - client-8B023739F3BF->b50d6464-f54a-40d1-9f81-f1c19654fd05: receive RaftClientReply:client-8B023739F3BF->b50d6464-f54a-40d1-9f81-f1c19654fd05@group-1F53027F28E3, cid=4091, SUCCESS, logIndex=5723, commits[b50d6464-f54a-40d1-9f81-f1c19654fd05:c5725]
2019-09-12 09:26:39,066 [grpc-default-executor-2] INFO  client.GrpcClientProtocolClient (GrpcClientProtocolClient.java:onNext(264)) - client-8B023739F3BF->b50d6464-f54a-40d1-9f81-f1c19654fd05: receive RaftClientReply:client-8B023739F3BF->b50d6464-f54a-40d1-9f81-f1c19654fd05@group-1F53027F28E3, cid=4092, SUCCESS, logIndex=5724, commits[b50d6464-f54a-40d1-9f81-f1c19654fd05:c5725]
2019-09-12 09:26:39,084 [grpc-default-executor-2] INFO  client.GrpcClientProtocolClient (GrpcClientProtocolClient.java:onNext(264)) - client-8B023739F3BF->b50d6464-f54a-40d1-9f81-f1c19654fd05: receive RaftClientReply:client-8B023739F3BF->b50d6464-f54a-40d1-9f81-f1c19654fd05@group-1F53027F28E3, cid=4093, SUCCESS, logIndex=5726, commits[b50d6464-f54a-40d1-9f81-f1c19654fd05:c5727]
2019-09-12 09:26:39,084 [grpc-default-executor-2] INFO  client.GrpcClientProtocolClient (GrpcClientProtocolClient.java:onNext(264)) - client-8B023739F3BF->b50d6464-f54a-40d1-9f81-f1c19654fd05: receive RaftClientReply:client-8B023739F3BF->b50d6464-f54a-40d1-9f81-f1c19654fd05@group-1F53027F28E3, cid=4094, SUCCESS, logIndex=5727, commits[b50d6464-f54a-40d1-9f81-f1c19654fd05:c5727]
2019-09-12 09:26:39,085 [grpc-default-executor-2] INFO  client.GrpcClientProtocolClient (GrpcClientProtocolClient.java:onNext(264)) - client-8B023739F3BF->b50d6464-f54a-40d1-9f81-f1c19654fd05: receive RaftClientReply:client-8B023739F3BF->b50d6464-f54a-40d1-9f81-f1c19654fd05@group-1F53027F28E3, cid=4095, SUCCESS, logIndex=5728, commits[b50d6464-f54a-40d1-9f81-f1c19654fd05:c5729]
2019-09-12 09:26:39,085 [grpc-default-executor-2] INFO  client.GrpcClientProtocolClient (GrpcClientProtocolClient.java:onNext(264)) - client-8B023739F3BF->b50d6464-f54a-40d1-9f81-f1c19654fd05: receive RaftClientReply:client-8B023739F3BF->b50d6464-f54a-40d1-9f81-f1c19654fd05@group-1F53027F28E3, cid=4096, SUCCESS, logIndex=5729, commits[b50d6464-f54a-40d1-9f81-f1c19654fd05:c5729]
2019-09-12 09:26:39,115 [grpc-default-executor-2] INFO  client.GrpcClientProtocolClient (GrpcClientProtocolClient.java:onNext(264)) - client-8B023739F3BF->b50d6464-f54a-40d1-9f81-f1c19654fd05: receive RaftClientReply:client-8B023739F3BF->b50d6464-f54a-40d1-9f81-f1c19654fd05@group-1F53027F28E3, cid=4097, SUCCESS, logIndex=5732, commits[b50d6464-f54a-40d1-9f81-f1c19654fd05:c5733]
2019-09-12 09:26:39,115 [grpc-default-executor-2] INFO  client.GrpcClientProtocolClient (GrpcClientProtocolClient.java:onNext(264)) - client-8B023739F3BF->b50d6464-f54a-40d1-9f81-f1c19654fd05: receive RaftClientReply:client-8B023739F3BF->b50d6464-f54a-40d1-9f81-f1c19654fd05@group-1F53027F28E3, cid=4098, SUCCESS, logIndex=5733, commits[b50d6464-f54a-40d1-9f81-f1c19654fd05:c5733]
2019-09-12 09:26:39,116 [grpc-default-executor-2] INFO  client.GrpcClientProtocolClient (GrpcClientProtocolClient.java:onNext(264)) - client-8B023739F3BF->b50d6464-f54a-40d1-9f81-f1c19654fd05: receive RaftClientReply:client-8B023739F3BF->b50d6464-f54a-40d1-9f81-f1c19654fd05@group-1F53027F28E3, cid=4099, SUCCESS, logIndex=5734, commits[b50d6464-f54a-40d1-9f81-f1c19654fd05:c5735]
2019-09-12 09:26:39,116 [grpc-default-executor-2] INFO  client.GrpcClientProtocolClient (GrpcClientProtocolClient.java:onNext(264)) - client-8B023739F3BF->b50d6464-f54a-40d1-9f81-f1c19654fd05: receive RaftClientReply:client-8B023739F3BF->b50d6464-f54a-40d1-9f81-f1c19654fd05@group-1F53027F28E3, cid=4100, SUCCESS, logIndex=5735, commits[b50d6464-f54a-40d1-9f81-f1c19654fd05:c5735]
2019-09-12 09:26:39,131 [grpc-default-executor-2] INFO  client.GrpcClientProtocolClient (GrpcClientProtocolClient.java:onNext(264)) - client-8B023739F3BF->b50d6464-f54a-40d1-9f81-f1c19654fd05: receive RaftClientReply:client-8B023739F3BF->b50d6464-f54a-40d1-9f81-f1c19654fd05@group-1F53027F28E3, cid=4101, SUCCESS, logIndex=5738, commits[b50d6464-f54a-40d1-9f81-f1c19654fd05:c5739]
2019-09-12 09:26:39,131 [grpc-default-executor-2] INFO  client.GrpcClientProtocolClient (GrpcClientProtocolClient.java:onNext(264)) - client-8B023739F3BF->b50d6464-f54a-40d1-9f81-f1c19654fd05: receive RaftClientReply:client-8B023739F3BF->b50d6464-f54a-40d1-9f81-f1c19654fd05@group-1F53027F28E3, cid=4102, SUCCESS, logIndex=5739, commits[b50d6464-f54a-40d1-9f81-f1c19654fd05:c5739]
2019-09-12 09:26:39,132 [grpc-default-executor-2] INFO  client.GrpcClientProtocolClient (GrpcClientProtocolClient.java:onNext(264)) - client-8B023739F3BF->b50d6464-f54a-40d1-9f81-f1c19654fd05: receive RaftClientReply:client-8B023739F3BF->b50d6464-f54a-40d1-9f81-f1c19654fd05@group-1F53027F28E3, cid=4103, SUCCESS, logIndex=5740, commits[b50d6464-f54a-40d1-9f81-f1c19654fd05:c5741]
2019-09-12 09:26:39,132 [grpc-default-executor-2] INFO  client.GrpcClientProtocolClient (GrpcClientProtocolClient.java:onNext(264)) - client-8B023739F3BF->b50d6464-f54a-40d1-9f81-f1c19654fd05: receive RaftClientReply:client-8B023739F3BF->b50d6464-f54a-40d1-9f81-f1c19654fd05@group-1F53027F28E3, cid=4104, SUCCESS, logIndex=5741, commits[b50d6464-f54a-40d1-9f81-f1c19654fd05:c5742]
2019-09-12 09:26:39,145 [SCMBlockDeletingService#0] DEBUG block.SCMBlockDeletingService (SCMBlockDeletingService.java:call(138)) - Running DeletedBlockTransactionScanner
2019-09-12 09:26:39,145 [SCMBlockDeletingService#0] DEBUG block.SCMBlockDeletingService (SCMBlockDeletingService.java:call(155)) - Scanned deleted blocks log and got 0 delTX to process.
2019-09-12 09:26:39,158 [grpc-default-executor-2] INFO  client.GrpcClientProtocolClient (GrpcClientProtocolClient.java:onNext(264)) - client-8B023739F3BF->b50d6464-f54a-40d1-9f81-f1c19654fd05: receive RaftClientReply:client-8B023739F3BF->b50d6464-f54a-40d1-9f81-f1c19654fd05@group-1F53027F28E3, cid=4105, SUCCESS, logIndex=5744, commits[b50d6464-f54a-40d1-9f81-f1c19654fd05:c5745]
2019-09-12 09:26:39,159 [grpc-default-executor-2] INFO  client.GrpcClientProtocolClient (GrpcClientProtocolClient.java:onNext(264)) - client-8B023739F3BF->b50d6464-f54a-40d1-9f81-f1c19654fd05: receive RaftClientReply:client-8B023739F3BF->b50d6464-f54a-40d1-9f81-f1c19654fd05@group-1F53027F28E3, cid=4106, SUCCESS, logIndex=5745, commits[b50d6464-f54a-40d1-9f81-f1c19654fd05:c5747]
2019-09-12 09:26:39,159 [grpc-default-executor-2] INFO  client.GrpcClientProtocolClient (GrpcClientProtocolClient.java:onNext(264)) - client-8B023739F3BF->b50d6464-f54a-40d1-9f81-f1c19654fd05: receive RaftClientReply:client-8B023739F3BF->b50d6464-f54a-40d1-9f81-f1c19654fd05@group-1F53027F28E3, cid=4107, SUCCESS, logIndex=5746, commits[b50d6464-f54a-40d1-9f81-f1c19654fd05:c5747]
2019-09-12 09:26:39,159 [grpc-default-executor-2] INFO  client.GrpcClientProtocolClient (GrpcClientProtocolClient.java:onNext(264)) - client-8B023739F3BF->b50d6464-f54a-40d1-9f81-f1c19654fd05: receive RaftClientReply:client-8B023739F3BF->b50d6464-f54a-40d1-9f81-f1c19654fd05@group-1F53027F28E3, cid=4108, SUCCESS, logIndex=5747, commits[b50d6464-f54a-40d1-9f81-f1c19654fd05:c5747]
2019-09-12 09:26:39,182 [grpc-default-executor-2] INFO  client.GrpcClientProtocolClient (GrpcClientProtocolClient.java:onNext(264)) - client-8B023739F3BF->b50d6464-f54a-40d1-9f81-f1c19654fd05: receive RaftClientReply:client-8B023739F3BF->b50d6464-f54a-40d1-9f81-f1c19654fd05@group-1F53027F28E3, cid=4109, SUCCESS, logIndex=5750, commits[b50d6464-f54a-40d1-9f81-f1c19654fd05:c5751]
2019-09-12 09:26:39,182 [grpc-default-executor-2] INFO  client.GrpcClientProtocolClient (GrpcClientProtocolClient.java:onNext(264)) - client-8B023739F3BF->b50d6464-f54a-40d1-9f81-f1c19654fd05: receive RaftClientReply:client-8B023739F3BF->b50d6464-f54a-40d1-9f81-f1c19654fd05@group-1F53027F28E3, cid=4110, SUCCESS, logIndex=5751, commits[b50d6464-f54a-40d1-9f81-f1c19654fd05:c5752]
2019-09-12 09:26:39,246 [SCMBlockDeletingService#0] DEBUG block.SCMBlockDeletingService (SCMBlockDeletingService.java:call(138)) - Running DeletedBlockTransactionScanner
2019-09-12 09:26:39,246 [SCMBlockDeletingService#0] DEBUG block.SCMBlockDeletingService (SCMBlockDeletingService.java:call(155)) - Scanned deleted blocks log and got 0 delTX to process.
2019-09-12 09:26:39,298 [grpc-default-executor-1] INFO  client.GrpcClientProtocolClient (GrpcClientProtocolClient.java:onNext(264)) - client-8B023739F3BF->b50d6464-f54a-40d1-9f81-f1c19654fd05: receive RaftClientReply:client-8B023739F3BF->b50d6464-f54a-40d1-9f81-f1c19654fd05@group-1F53027F28E3, cid=4111, SUCCESS, logIndex=5753, commits[b50d6464-f54a-40d1-9f81-f1c19654fd05:c5754]
2019-09-12 09:26:39,298 [grpc-default-executor-1] INFO  client.GrpcClientProtocolClient (GrpcClientProtocolClient.java:onNext(264)) - client-8B023739F3BF->b50d6464-f54a-40d1-9f81-f1c19654fd05: receive RaftClientReply:client-8B023739F3BF->b50d6464-f54a-40d1-9f81-f1c19654fd05@group-1F53027F28E3, cid=4112, SUCCESS, logIndex=5754, commits[b50d6464-f54a-40d1-9f81-f1c19654fd05:c5755]
2019-09-12 09:26:39,332 [grpc-default-executor-1] INFO  client.GrpcClientProtocolClient (GrpcClientProtocolClient.java:onNext(264)) - client-8B023739F3BF->b50d6464-f54a-40d1-9f81-f1c19654fd05: receive RaftClientReply:client-8B023739F3BF->b50d6464-f54a-40d1-9f81-f1c19654fd05@group-1F53027F28E3, cid=4113, SUCCESS, logIndex=5756, commits[b50d6464-f54a-40d1-9f81-f1c19654fd05:c5759]
2019-09-12 09:26:39,333 [grpc-default-executor-1] INFO  client.GrpcClientProtocolClient (GrpcClientProtocolClient.java:onNext(264)) - client-8B023739F3BF->b50d6464-f54a-40d1-9f81-f1c19654fd05: receive RaftClientReply:client-8B023739F3BF->b50d6464-f54a-40d1-9f81-f1c19654fd05@group-1F53027F28E3, cid=4114, SUCCESS, logIndex=5757, commits[b50d6464-f54a-40d1-9f81-f1c19654fd05:c5760]
2019-09-12 09:26:39,333 [grpc-default-executor-1] INFO  client.GrpcClientProtocolClient (GrpcClientProtocolClient.java:onNext(264)) - client-8B023739F3BF->b50d6464-f54a-40d1-9f81-f1c19654fd05: receive RaftClientReply:client-8B023739F3BF->b50d6464-f54a-40d1-9f81-f1c19654fd05@group-1F53027F28E3, cid=4115, SUCCESS, logIndex=5758, commits[b50d6464-f54a-40d1-9f81-f1c19654fd05:c5760]
2019-09-12 09:26:39,333 [grpc-default-executor-1] INFO  client.GrpcClientProtocolClient (GrpcClientProtocolClient.java:onNext(264)) - client-8B023739F3BF->b50d6464-f54a-40d1-9f81-f1c19654fd05: receive RaftClientReply:client-8B023739F3BF->b50d6464-f54a-40d1-9f81-f1c19654fd05@group-1F53027F28E3, cid=4116, SUCCESS, logIndex=5759, commits[b50d6464-f54a-40d1-9f81-f1c19654fd05:c5760]
2019-09-12 09:26:39,346 [SCMBlockDeletingService#0] DEBUG block.SCMBlockDeletingService (SCMBlockDeletingService.java:call(138)) - Running DeletedBlockTransactionScanner
2019-09-12 09:26:39,347 [SCMBlockDeletingService#0] DEBUG block.SCMBlockDeletingService (SCMBlockDeletingService.java:call(155)) - Scanned deleted blocks log and got 0 delTX to process.
2019-09-12 09:26:39,353 [grpc-default-executor-1] INFO  client.GrpcClientProtocolClient (GrpcClientProtocolClient.java:onNext(264)) - client-8B023739F3BF->b50d6464-f54a-40d1-9f81-f1c19654fd05: receive RaftClientReply:client-8B023739F3BF->b50d6464-f54a-40d1-9f81-f1c19654fd05@group-1F53027F28E3, cid=4117, SUCCESS, logIndex=5761, commits[b50d6464-f54a-40d1-9f81-f1c19654fd05:c5764]
2019-09-12 09:26:39,353 [grpc-default-executor-1] INFO  client.GrpcClientProtocolClient (GrpcClientProtocolClient.java:onNext(264)) - client-8B023739F3BF->b50d6464-f54a-40d1-9f81-f1c19654fd05: receive RaftClientReply:client-8B023739F3BF->b50d6464-f54a-40d1-9f81-f1c19654fd05@group-1F53027F28E3, cid=4118, SUCCESS, logIndex=5762, commits[b50d6464-f54a-40d1-9f81-f1c19654fd05:c5764]
2019-09-12 09:26:39,353 [grpc-default-executor-1] INFO  client.GrpcClientProtocolClient (GrpcClientProtocolClient.java:onNext(264)) - client-8B023739F3BF->b50d6464-f54a-40d1-9f81-f1c19654fd05: receive RaftClientReply:client-8B023739F3BF->b50d6464-f54a-40d1-9f81-f1c19654fd05@group-1F53027F28E3, cid=4119, SUCCESS, logIndex=5763, commits[b50d6464-f54a-40d1-9f81-f1c19654fd05:c5765]
2019-09-12 09:26:39,353 [grpc-default-executor-1] INFO  client.GrpcClientProtocolClient (GrpcClientProtocolClient.java:onNext(264)) - client-8B023739F3BF->b50d6464-f54a-40d1-9f81-f1c19654fd05: receive RaftClientReply:client-8B023739F3BF->b50d6464-f54a-40d1-9f81-f1c19654fd05@group-1F53027F28E3, cid=4120, SUCCESS, logIndex=5764, commits[b50d6464-f54a-40d1-9f81-f1c19654fd05:c5765]
2019-09-12 09:26:39,373 [grpc-default-executor-1] INFO  client.GrpcClientProtocolClient (GrpcClientProtocolClient.java:onNext(264)) - client-8B023739F3BF->b50d6464-f54a-40d1-9f81-f1c19654fd05: receive RaftClientReply:client-8B023739F3BF->b50d6464-f54a-40d1-9f81-f1c19654fd05@group-1F53027F28E3, cid=4121, SUCCESS, logIndex=5766, commits[b50d6464-f54a-40d1-9f81-f1c19654fd05:c5767]
2019-09-12 09:26:39,374 [grpc-default-executor-1] INFO  client.GrpcClientProtocolClient (GrpcClientProtocolClient.java:onNext(264)) - client-8B023739F3BF->b50d6464-f54a-40d1-9f81-f1c19654fd05: receive RaftClientReply:client-8B023739F3BF->b50d6464-f54a-40d1-9f81-f1c19654fd05@group-1F53027F28E3, cid=4122, SUCCESS, logIndex=5767, commits[b50d6464-f54a-40d1-9f81-f1c19654fd05:c5767]
2019-09-12 09:26:39,374 [grpc-default-executor-1] INFO  client.GrpcClientProtocolClient (GrpcClientProtocolClient.java:onNext(264)) - client-8B023739F3BF->b50d6464-f54a-40d1-9f81-f1c19654fd05: receive RaftClientReply:client-8B023739F3BF->b50d6464-f54a-40d1-9f81-f1c19654fd05@group-1F53027F28E3, cid=4123, SUCCESS, logIndex=5768, commits[b50d6464-f54a-40d1-9f81-f1c19654fd05:c5770]
2019-09-12 09:26:39,374 [grpc-default-executor-1] INFO  client.GrpcClientProtocolClient (GrpcClientProtocolClient.java:onNext(264)) - client-8B023739F3BF->b50d6464-f54a-40d1-9f81-f1c19654fd05: receive RaftClientReply:client-8B023739F3BF->b50d6464-f54a-40d1-9f81-f1c19654fd05@group-1F53027F28E3, cid=4124, SUCCESS, logIndex=5769, commits[b50d6464-f54a-40d1-9f81-f1c19654fd05:c5770]
2019-09-12 09:26:39,392 [grpc-default-executor-1] INFO  client.GrpcClientProtocolClient (GrpcClientProtocolClient.java:onNext(264)) - client-8B023739F3BF->b50d6464-f54a-40d1-9f81-f1c19654fd05: receive RaftClientReply:client-8B023739F3BF->b50d6464-f54a-40d1-9f81-f1c19654fd05@group-1F53027F28E3, cid=4125, SUCCESS, logIndex=5771, commits[b50d6464-f54a-40d1-9f81-f1c19654fd05:c5774]
2019-09-12 09:26:39,392 [grpc-default-executor-1] INFO  client.GrpcClientProtocolClient (GrpcClientProtocolClient.java:onNext(264)) - client-8B023739F3BF->b50d6464-f54a-40d1-9f81-f1c19654fd05: receive RaftClientReply:client-8B023739F3BF->b50d6464-f54a-40d1-9f81-f1c19654fd05@group-1F53027F28E3, cid=4126, SUCCESS, logIndex=5772, commits[b50d6464-f54a-40d1-9f81-f1c19654fd05:c5774]
2019-09-12 09:26:39,392 [grpc-default-executor-1] INFO  client.GrpcClientProtocolClient (GrpcClientProtocolClient.java:onNext(264)) - client-8B023739F3BF->b50d6464-f54a-40d1-9f81-f1c19654fd05: receive RaftClientReply:client-8B023739F3BF->b50d6464-f54a-40d1-9f81-f1c19654fd05@group-1F53027F28E3, cid=4127, SUCCESS, logIndex=5773, commits[b50d6464-f54a-40d1-9f81-f1c19654fd05:c5775]
2019-09-12 09:26:39,393 [grpc-default-executor-1] INFO  client.GrpcClientProtocolClient (GrpcClientProtocolClient.java:onNext(264)) - client-8B023739F3BF->b50d6464-f54a-40d1-9f81-f1c19654fd05: receive RaftClientReply:client-8B023739F3BF->b50d6464-f54a-40d1-9f81-f1c19654fd05@group-1F53027F28E3, cid=4128, SUCCESS, logIndex=5774, commits[b50d6464-f54a-40d1-9f81-f1c19654fd05:c5775]
2019-09-12 09:26:39,426 [grpc-default-executor-2] INFO  client.GrpcClientProtocolClient (GrpcClientProtocolClient.java:onNext(264)) - client-8B023739F3BF->b50d6464-f54a-40d1-9f81-f1c19654fd05: receive RaftClientReply:client-8B023739F3BF->b50d6464-f54a-40d1-9f81-f1c19654fd05@group-1F53027F28E3, cid=4129, SUCCESS, logIndex=5776, commits[b50d6464-f54a-40d1-9f81-f1c19654fd05:c5777]
2019-09-12 09:26:39,426 [grpc-default-executor-2] INFO  client.GrpcClientProtocolClient (GrpcClientProtocolClient.java:onNext(264)) - client-8B023739F3BF->b50d6464-f54a-40d1-9f81-f1c19654fd05: receive RaftClientReply:client-8B023739F3BF->b50d6464-f54a-40d1-9f81-f1c19654fd05@group-1F53027F28E3, cid=4130, SUCCESS, logIndex=5777, commits[b50d6464-f54a-40d1-9f81-f1c19654fd05:c5777]
2019-09-12 09:26:39,426 [grpc-default-executor-2] INFO  client.GrpcClientProtocolClient (GrpcClientProtocolClient.java:onNext(264)) - client-8B023739F3BF->b50d6464-f54a-40d1-9f81-f1c19654fd05: receive RaftClientReply:client-8B023739F3BF->b50d6464-f54a-40d1-9f81-f1c19654fd05@group-1F53027F28E3, cid=4131, SUCCESS, logIndex=5778, commits[b50d6464-f54a-40d1-9f81-f1c19654fd05:c5780]
2019-09-12 09:26:39,427 [grpc-default-executor-2] INFO  client.GrpcClientProtocolClient (GrpcClientProtocolClient.java:onNext(264)) - client-8B023739F3BF->b50d6464-f54a-40d1-9f81-f1c19654fd05: receive RaftClientReply:client-8B023739F3BF->b50d6464-f54a-40d1-9f81-f1c19654fd05@group-1F53027F28E3, cid=4132, SUCCESS, logIndex=5779, commits[b50d6464-f54a-40d1-9f81-f1c19654fd05:c5780]
2019-09-12 09:26:39,445 [grpc-default-executor-2] INFO  client.GrpcClientProtocolClient (GrpcClientProtocolClient.java:onNext(264)) - client-8B023739F3BF->b50d6464-f54a-40d1-9f81-f1c19654fd05: receive RaftClientReply:client-8B023739F3BF->b50d6464-f54a-40d1-9f81-f1c19654fd05@group-1F53027F28E3, cid=4133, SUCCESS, logIndex=5781, commits[b50d6464-f54a-40d1-9f81-f1c19654fd05:c5782]
2019-09-12 09:26:39,445 [grpc-default-executor-2] INFO  client.GrpcClientProtocolClient (GrpcClientProtocolClient.java:onNext(264)) - client-8B023739F3BF->b50d6464-f54a-40d1-9f81-f1c19654fd05: receive RaftClientReply:client-8B023739F3BF->b50d6464-f54a-40d1-9f81-f1c19654fd05@group-1F53027F28E3, cid=4134, SUCCESS, logIndex=5782, commits[b50d6464-f54a-40d1-9f81-f1c19654fd05:c5782]
2019-09-12 09:26:39,445 [grpc-default-executor-2] INFO  client.GrpcClientProtocolClient (GrpcClientProtocolClient.java:onNext(264)) - client-8B023739F3BF->b50d6464-f54a-40d1-9f81-f1c19654fd05: receive RaftClientReply:client-8B023739F3BF->b50d6464-f54a-40d1-9f81-f1c19654fd05@group-1F53027F28E3, cid=4135, SUCCESS, logIndex=5783, commits[b50d6464-f54a-40d1-9f81-f1c19654fd05:c5784]
2019-09-12 09:26:39,446 [grpc-default-executor-2] INFO  client.GrpcClientProtocolClient (GrpcClientProtocolClient.java:onNext(264)) - client-8B023739F3BF->b50d6464-f54a-40d1-9f81-f1c19654fd05: receive RaftClientReply:client-8B023739F3BF->b50d6464-f54a-40d1-9f81-f1c19654fd05@group-1F53027F28E3, cid=4136, SUCCESS, logIndex=5784, commits[b50d6464-f54a-40d1-9f81-f1c19654fd05:c5784]
2019-09-12 09:26:39,447 [SCMBlockDeletingService#0] DEBUG block.SCMBlockDeletingService (SCMBlockDeletingService.java:call(138)) - Running DeletedBlockTransactionScanner
2019-09-12 09:26:39,447 [SCMBlockDeletingService#0] DEBUG block.SCMBlockDeletingService (SCMBlockDeletingService.java:call(155)) - Scanned deleted blocks log and got 0 delTX to process.
2019-09-12 09:26:39,465 [grpc-default-executor-1] INFO  client.GrpcClientProtocolClient (GrpcClientProtocolClient.java:onNext(264)) - client-8B023739F3BF->b50d6464-f54a-40d1-9f81-f1c19654fd05: receive RaftClientReply:client-8B023739F3BF->b50d6464-f54a-40d1-9f81-f1c19654fd05@group-1F53027F28E3, cid=4137, SUCCESS, logIndex=5787, commits[b50d6464-f54a-40d1-9f81-f1c19654fd05:c5788]
2019-09-12 09:26:39,466 [grpc-default-executor-1] INFO  client.GrpcClientProtocolClient (GrpcClientProtocolClient.java:onNext(264)) - client-8B023739F3BF->b50d6464-f54a-40d1-9f81-f1c19654fd05: receive RaftClientReply:client-8B023739F3BF->b50d6464-f54a-40d1-9f81-f1c19654fd05@group-1F53027F28E3, cid=4138, SUCCESS, logIndex=5788, commits[b50d6464-f54a-40d1-9f81-f1c19654fd05:c5790]
2019-09-12 09:26:39,466 [grpc-default-executor-1] INFO  client.GrpcClientProtocolClient (GrpcClientProtocolClient.java:onNext(264)) - client-8B023739F3BF->b50d6464-f54a-40d1-9f81-f1c19654fd05: receive RaftClientReply:client-8B023739F3BF->b50d6464-f54a-40d1-9f81-f1c19654fd05@group-1F53027F28E3, cid=4139, SUCCESS, logIndex=5789, commits[b50d6464-f54a-40d1-9f81-f1c19654fd05:c5791]
2019-09-12 09:26:39,466 [grpc-default-executor-1] INFO  client.GrpcClientProtocolClient (GrpcClientProtocolClient.java:onNext(264)) - client-8B023739F3BF->b50d6464-f54a-40d1-9f81-f1c19654fd05: receive RaftClientReply:client-8B023739F3BF->b50d6464-f54a-40d1-9f81-f1c19654fd05@group-1F53027F28E3, cid=4140, SUCCESS, logIndex=5790, commits[b50d6464-f54a-40d1-9f81-f1c19654fd05:c5791]
2019-09-12 09:26:39,483 [grpc-default-executor-2] INFO  client.GrpcClientProtocolClient (GrpcClientProtocolClient.java:onNext(264)) - client-8B023739F3BF->b50d6464-f54a-40d1-9f81-f1c19654fd05: receive RaftClientReply:client-8B023739F3BF->b50d6464-f54a-40d1-9f81-f1c19654fd05@group-1F53027F28E3, cid=4141, SUCCESS, logIndex=5793, commits[b50d6464-f54a-40d1-9f81-f1c19654fd05:c5794]
2019-09-12 09:26:39,483 [grpc-default-executor-2] INFO  client.GrpcClientProtocolClient (GrpcClientProtocolClient.java:onNext(264)) - client-8B023739F3BF->b50d6464-f54a-40d1-9f81-f1c19654fd05: receive RaftClientReply:client-8B023739F3BF->b50d6464-f54a-40d1-9f81-f1c19654fd05@group-1F53027F28E3, cid=4142, SUCCESS, logIndex=5794, commits[b50d6464-f54a-40d1-9f81-f1c19654fd05:c5794]
2019-09-12 09:26:39,484 [grpc-default-executor-2] INFO  client.GrpcClientProtocolClient (GrpcClientProtocolClient.java:onNext(264)) - client-8B023739F3BF->b50d6464-f54a-40d1-9f81-f1c19654fd05: receive RaftClientReply:client-8B023739F3BF->b50d6464-f54a-40d1-9f81-f1c19654fd05@group-1F53027F28E3, cid=4143, SUCCESS, logIndex=5795, commits[b50d6464-f54a-40d1-9f81-f1c19654fd05:c5796]
2019-09-12 09:26:39,484 [grpc-default-executor-2] INFO  client.GrpcClientProtocolClient (GrpcClientProtocolClient.java:onNext(264)) - client-8B023739F3BF->b50d6464-f54a-40d1-9f81-f1c19654fd05: receive RaftClientReply:client-8B023739F3BF->b50d6464-f54a-40d1-9f81-f1c19654fd05@group-1F53027F28E3, cid=4144, SUCCESS, logIndex=5796, commits[b50d6464-f54a-40d1-9f81-f1c19654fd05:c5797]
2019-09-12 09:26:39,510 [grpc-default-executor-1] INFO  client.GrpcClientProtocolClient (GrpcClientProtocolClient.java:onNext(264)) - client-8B023739F3BF->b50d6464-f54a-40d1-9f81-f1c19654fd05: receive RaftClientReply:client-8B023739F3BF->b50d6464-f54a-40d1-9f81-f1c19654fd05@group-1F53027F28E3, cid=4145, SUCCESS, logIndex=5799, commits[b50d6464-f54a-40d1-9f81-f1c19654fd05:c5800]
2019-09-12 09:26:39,510 [grpc-default-executor-1] INFO  client.GrpcClientProtocolClient (GrpcClientProtocolClient.java:onNext(264)) - client-8B023739F3BF->b50d6464-f54a-40d1-9f81-f1c19654fd05: receive RaftClientReply:client-8B023739F3BF->b50d6464-f54a-40d1-9f81-f1c19654fd05@group-1F53027F28E3, cid=4146, SUCCESS, logIndex=5800, commits[b50d6464-f54a-40d1-9f81-f1c19654fd05:c5800]
2019-09-12 09:26:39,511 [grpc-default-executor-1] INFO  client.GrpcClientProtocolClient (GrpcClientProtocolClient.java:onNext(264)) - client-8B023739F3BF->b50d6464-f54a-40d1-9f81-f1c19654fd05: receive RaftClientReply:client-8B023739F3BF->b50d6464-f54a-40d1-9f81-f1c19654fd05@group-1F53027F28E3, cid=4147, SUCCESS, logIndex=5801, commits[b50d6464-f54a-40d1-9f81-f1c19654fd05:c5802]
2019-09-12 09:26:39,511 [grpc-default-executor-1] INFO  client.GrpcClientProtocolClient (GrpcClientProtocolClient.java:onNext(264)) - client-8B023739F3BF->b50d6464-f54a-40d1-9f81-f1c19654fd05: receive RaftClientReply:client-8B023739F3BF->b50d6464-f54a-40d1-9f81-f1c19654fd05@group-1F53027F28E3, cid=4148, SUCCESS, logIndex=5802, commits[b50d6464-f54a-40d1-9f81-f1c19654fd05:c5802]
2019-09-12 09:26:39,529 [grpc-default-executor-2] INFO  client.GrpcClientProtocolClient (GrpcClientProtocolClient.java:onNext(264)) - client-8B023739F3BF->b50d6464-f54a-40d1-9f81-f1c19654fd05: receive RaftClientReply:client-8B023739F3BF->b50d6464-f54a-40d1-9f81-f1c19654fd05@group-1F53027F28E3, cid=4149, SUCCESS, logIndex=5805, commits[b50d6464-f54a-40d1-9f81-f1c19654fd05:c5808]
2019-09-12 09:26:39,530 [grpc-default-executor-2] INFO  client.GrpcClientProtocolClient (GrpcClientProtocolClient.java:onNext(264)) - client-8B023739F3BF->b50d6464-f54a-40d1-9f81-f1c19654fd05: receive RaftClientReply:client-8B023739F3BF->b50d6464-f54a-40d1-9f81-f1c19654fd05@group-1F53027F28E3, cid=4150, SUCCESS, logIndex=5806, commits[b50d6464-f54a-40d1-9f81-f1c19654fd05:c5808]
2019-09-12 09:26:39,530 [grpc-default-executor-2] INFO  client.GrpcClientProtocolClient (GrpcClientProtocolClient.java:onNext(264)) - client-8B023739F3BF->b50d6464-f54a-40d1-9f81-f1c19654fd05: receive RaftClientReply:client-8B023739F3BF->b50d6464-f54a-40d1-9f81-f1c19654fd05@group-1F53027F28E3, cid=4151, SUCCESS, logIndex=5807, commits[b50d6464-f54a-40d1-9f81-f1c19654fd05:c5809]
2019-09-12 09:26:39,530 [grpc-default-executor-2] INFO  client.GrpcClientProtocolClient (GrpcClientProtocolClient.java:onNext(264)) - client-8B023739F3BF->b50d6464-f54a-40d1-9f81-f1c19654fd05: receive RaftClientReply:client-8B023739F3BF->b50d6464-f54a-40d1-9f81-f1c19654fd05@group-1F53027F28E3, cid=4152, SUCCESS, logIndex=5808, commits[b50d6464-f54a-40d1-9f81-f1c19654fd05:c5809]
2019-09-12 09:26:39,603 [SCMBlockDeletingService#0] DEBUG block.SCMBlockDeletingService (SCMBlockDeletingService.java:call(138)) - Running DeletedBlockTransactionScanner
2019-09-12 09:26:39,603 [SCMBlockDeletingService#0] DEBUG block.SCMBlockDeletingService (SCMBlockDeletingService.java:call(155)) - Scanned deleted blocks log and got 0 delTX to process.
2019-09-12 09:26:39,621 [grpc-default-executor-1] INFO  client.GrpcClientProtocolClient (GrpcClientProtocolClient.java:onNext(264)) - client-8B023739F3BF->b50d6464-f54a-40d1-9f81-f1c19654fd05: receive RaftClientReply:client-8B023739F3BF->b50d6464-f54a-40d1-9f81-f1c19654fd05@group-1F53027F28E3, cid=4153, SUCCESS, logIndex=5810, commits[b50d6464-f54a-40d1-9f81-f1c19654fd05:c5812]
2019-09-12 09:26:39,622 [grpc-default-executor-1] INFO  client.GrpcClientProtocolClient (GrpcClientProtocolClient.java:onNext(264)) - client-8B023739F3BF->b50d6464-f54a-40d1-9f81-f1c19654fd05: receive RaftClientReply:client-8B023739F3BF->b50d6464-f54a-40d1-9f81-f1c19654fd05@group-1F53027F28E3, cid=4154, SUCCESS, logIndex=5811, commits[b50d6464-f54a-40d1-9f81-f1c19654fd05:c5812]
2019-09-12 09:26:39,704 [SCMBlockDeletingService#0] DEBUG block.SCMBlockDeletingService (SCMBlockDeletingService.java:call(138)) - Running DeletedBlockTransactionScanner
2019-09-12 09:26:39,704 [SCMBlockDeletingService#0] DEBUG block.SCMBlockDeletingService (SCMBlockDeletingService.java:call(155)) - Scanned deleted blocks log and got 0 delTX to process.
2019-09-12 09:26:39,705 [grpc-default-executor-2] INFO  client.GrpcClientProtocolClient (GrpcClientProtocolClient.java:onNext(264)) - client-8B023739F3BF->b50d6464-f54a-40d1-9f81-f1c19654fd05: receive RaftClientReply:client-8B023739F3BF->b50d6464-f54a-40d1-9f81-f1c19654fd05@group-1F53027F28E3, cid=4155, SUCCESS, logIndex=5813, commits[b50d6464-f54a-40d1-9f81-f1c19654fd05:c5814]
2019-09-12 09:26:39,705 [grpc-default-executor-2] INFO  client.GrpcClientProtocolClient (GrpcClientProtocolClient.java:onNext(264)) - client-8B023739F3BF->b50d6464-f54a-40d1-9f81-f1c19654fd05: receive RaftClientReply:client-8B023739F3BF->b50d6464-f54a-40d1-9f81-f1c19654fd05@group-1F53027F28E3, cid=4156, SUCCESS, logIndex=5814, commits[b50d6464-f54a-40d1-9f81-f1c19654fd05:c5815]
2019-09-12 09:26:39,725 [grpc-default-executor-1] INFO  client.GrpcClientProtocolClient (GrpcClientProtocolClient.java:onNext(264)) - client-8B023739F3BF->b50d6464-f54a-40d1-9f81-f1c19654fd05: receive RaftClientReply:client-8B023739F3BF->b50d6464-f54a-40d1-9f81-f1c19654fd05@group-1F53027F28E3, cid=4157, SUCCESS, logIndex=5816, commits[b50d6464-f54a-40d1-9f81-f1c19654fd05:c5819]
2019-09-12 09:26:39,726 [grpc-default-executor-1] INFO  client.GrpcClientProtocolClient (GrpcClientProtocolClient.java:onNext(264)) - client-8B023739F3BF->b50d6464-f54a-40d1-9f81-f1c19654fd05: receive RaftClientReply:client-8B023739F3BF->b50d6464-f54a-40d1-9f81-f1c19654fd05@group-1F53027F28E3, cid=4158, SUCCESS, logIndex=5817, commits[b50d6464-f54a-40d1-9f81-f1c19654fd05:c5820]
2019-09-12 09:26:39,726 [grpc-default-executor-1] INFO  client.GrpcClientProtocolClient (GrpcClientProtocolClient.java:onNext(264)) - client-8B023739F3BF->b50d6464-f54a-40d1-9f81-f1c19654fd05: receive RaftClientReply:client-8B023739F3BF->b50d6464-f54a-40d1-9f81-f1c19654fd05@group-1F53027F28E3, cid=4159, SUCCESS, logIndex=5818, commits[b50d6464-f54a-40d1-9f81-f1c19654fd05:c5820]
2019-09-12 09:26:39,728 [grpc-default-executor-1] INFO  client.GrpcClientProtocolClient (GrpcClientProtocolClient.java:onNext(264)) - client-8B023739F3BF->b50d6464-f54a-40d1-9f81-f1c19654fd05: receive RaftClientReply:client-8B023739F3BF->b50d6464-f54a-40d1-9f81-f1c19654fd05@group-1F53027F28E3, cid=4160, SUCCESS, logIndex=5819, commits[b50d6464-f54a-40d1-9f81-f1c19654fd05:c5820]
2019-09-12 09:26:39,758 [grpc-default-executor-1] INFO  client.GrpcClientProtocolClient (GrpcClientProtocolClient.java:onNext(264)) - client-8B023739F3BF->b50d6464-f54a-40d1-9f81-f1c19654fd05: receive RaftClientReply:client-8B023739F3BF->b50d6464-f54a-40d1-9f81-f1c19654fd05@group-1F53027F28E3, cid=4161, SUCCESS, logIndex=5821, commits[b50d6464-f54a-40d1-9f81-f1c19654fd05:c5824]
2019-09-12 09:26:39,759 [grpc-default-executor-1] INFO  client.GrpcClientProtocolClient (GrpcClientProtocolClient.java:onNext(264)) - client-8B023739F3BF->b50d6464-f54a-40d1-9f81-f1c19654fd05: receive RaftClientReply:client-8B023739F3BF->b50d6464-f54a-40d1-9f81-f1c19654fd05@group-1F53027F28E3, cid=4162, SUCCESS, logIndex=5822, commits[b50d6464-f54a-40d1-9f81-f1c19654fd05:c5825]
2019-09-12 09:26:39,759 [grpc-default-executor-1] INFO  client.GrpcClientProtocolClient (GrpcClientProtocolClient.java:onNext(264)) - client-8B023739F3BF->b50d6464-f54a-40d1-9f81-f1c19654fd05: receive RaftClientReply:client-8B023739F3BF->b50d6464-f54a-40d1-9f81-f1c19654fd05@group-1F53027F28E3, cid=4163, SUCCESS, logIndex=5823, commits[b50d6464-f54a-40d1-9f81-f1c19654fd05:c5825]
2019-09-12 09:26:39,759 [grpc-default-executor-1] INFO  client.GrpcClientProtocolClient (GrpcClientProtocolClient.java:onNext(264)) - client-8B023739F3BF->b50d6464-f54a-40d1-9f81-f1c19654fd05: receive RaftClientReply:client-8B023739F3BF->b50d6464-f54a-40d1-9f81-f1c19654fd05@group-1F53027F28E3, cid=4164, SUCCESS, logIndex=5824, commits[b50d6464-f54a-40d1-9f81-f1c19654fd05:c5825]
2019-09-12 09:26:39,777 [grpc-default-executor-1] INFO  client.GrpcClientProtocolClient (GrpcClientProtocolClient.java:onNext(264)) - client-8B023739F3BF->b50d6464-f54a-40d1-9f81-f1c19654fd05: receive RaftClientReply:client-8B023739F3BF->b50d6464-f54a-40d1-9f81-f1c19654fd05@group-1F53027F28E3, cid=4165, SUCCESS, logIndex=5826, commits[b50d6464-f54a-40d1-9f81-f1c19654fd05:c5827]
2019-09-12 09:26:39,777 [grpc-default-executor-1] INFO  client.GrpcClientProtocolClient (GrpcClientProtocolClient.java:onNext(264)) - client-8B023739F3BF->b50d6464-f54a-40d1-9f81-f1c19654fd05: receive RaftClientReply:client-8B023739F3BF->b50d6464-f54a-40d1-9f81-f1c19654fd05@group-1F53027F28E3, cid=4166, SUCCESS, logIndex=5827, commits[b50d6464-f54a-40d1-9f81-f1c19654fd05:c5829]
2019-09-12 09:26:39,777 [grpc-default-executor-1] INFO  client.GrpcClientProtocolClient (GrpcClientProtocolClient.java:onNext(264)) - client-8B023739F3BF->b50d6464-f54a-40d1-9f81-f1c19654fd05: receive RaftClientReply:client-8B023739F3BF->b50d6464-f54a-40d1-9f81-f1c19654fd05@group-1F53027F28E3, cid=4167, SUCCESS, logIndex=5828, commits[b50d6464-f54a-40d1-9f81-f1c19654fd05:c5829]
2019-09-12 09:26:39,778 [grpc-default-executor-1] INFO  client.GrpcClientProtocolClient (GrpcClientProtocolClient.java:onNext(264)) - client-8B023739F3BF->b50d6464-f54a-40d1-9f81-f1c19654fd05: receive RaftClientReply:client-8B023739F3BF->b50d6464-f54a-40d1-9f81-f1c19654fd05@group-1F53027F28E3, cid=4168, SUCCESS, logIndex=5829, commits[b50d6464-f54a-40d1-9f81-f1c19654fd05:c5830]
2019-09-12 09:26:39,804 [grpc-default-executor-2] INFO  client.GrpcClientProtocolClient (GrpcClientProtocolClient.java:onNext(264)) - client-8B023739F3BF->b50d6464-f54a-40d1-9f81-f1c19654fd05: receive RaftClientReply:client-8B023739F3BF->b50d6464-f54a-40d1-9f81-f1c19654fd05@group-1F53027F28E3, cid=4169, SUCCESS, logIndex=5832, commits[b50d6464-f54a-40d1-9f81-f1c19654fd05:c5833]
2019-09-12 09:26:39,804 [grpc-default-executor-2] INFO  client.GrpcClientProtocolClient (GrpcClientProtocolClient.java:onNext(264)) - client-8B023739F3BF->b50d6464-f54a-40d1-9f81-f1c19654fd05: receive RaftClientReply:client-8B023739F3BF->b50d6464-f54a-40d1-9f81-f1c19654fd05@group-1F53027F28E3, cid=4170, SUCCESS, logIndex=5833, commits[b50d6464-f54a-40d1-9f81-f1c19654fd05:c5835]
2019-09-12 09:26:39,804 [SCMBlockDeletingService#0] DEBUG block.SCMBlockDeletingService (SCMBlockDeletingService.java:call(138)) - Running DeletedBlockTransactionScanner
2019-09-12 09:26:39,804 [grpc-default-executor-2] INFO  client.GrpcClientProtocolClient (GrpcClientProtocolClient.java:onNext(264)) - client-8B023739F3BF->b50d6464-f54a-40d1-9f81-f1c19654fd05: receive RaftClientReply:client-8B023739F3BF->b50d6464-f54a-40d1-9f81-f1c19654fd05@group-1F53027F28E3, cid=4171, SUCCESS, logIndex=5834, commits[b50d6464-f54a-40d1-9f81-f1c19654fd05:c5835]
2019-09-12 09:26:39,804 [SCMBlockDeletingService#0] DEBUG block.SCMBlockDeletingService (SCMBlockDeletingService.java:call(155)) - Scanned deleted blocks log and got 0 delTX to process.
2019-09-12 09:26:39,805 [grpc-default-executor-2] INFO  client.GrpcClientProtocolClient (GrpcClientProtocolClient.java:onNext(264)) - client-8B023739F3BF->b50d6464-f54a-40d1-9f81-f1c19654fd05: receive RaftClientReply:client-8B023739F3BF->b50d6464-f54a-40d1-9f81-f1c19654fd05@group-1F53027F28E3, cid=4172, SUCCESS, logIndex=5835, commits[b50d6464-f54a-40d1-9f81-f1c19654fd05:c5835]
2019-09-12 09:26:39,821 [grpc-default-executor-2] INFO  client.GrpcClientProtocolClient (GrpcClientProtocolClient.java:onNext(264)) - client-8B023739F3BF->b50d6464-f54a-40d1-9f81-f1c19654fd05: receive RaftClientReply:client-8B023739F3BF->b50d6464-f54a-40d1-9f81-f1c19654fd05@group-1F53027F28E3, cid=4173, SUCCESS, logIndex=5838, commits[b50d6464-f54a-40d1-9f81-f1c19654fd05:c5839]
2019-09-12 09:26:39,822 [grpc-default-executor-2] INFO  client.GrpcClientProtocolClient (GrpcClientProtocolClient.java:onNext(264)) - client-8B023739F3BF->b50d6464-f54a-40d1-9f81-f1c19654fd05: receive RaftClientReply:client-8B023739F3BF->b50d6464-f54a-40d1-9f81-f1c19654fd05@group-1F53027F28E3, cid=4174, SUCCESS, logIndex=5839, commits[b50d6464-f54a-40d1-9f81-f1c19654fd05:c5841]
2019-09-12 09:26:39,822 [grpc-default-executor-2] INFO  client.GrpcClientProtocolClient (GrpcClientProtocolClient.java:onNext(264)) - client-8B023739F3BF->b50d6464-f54a-40d1-9f81-f1c19654fd05: receive RaftClientReply:client-8B023739F3BF->b50d6464-f54a-40d1-9f81-f1c19654fd05@group-1F53027F28E3, cid=4175, SUCCESS, logIndex=5840, commits[b50d6464-f54a-40d1-9f81-f1c19654fd05:c5841]
2019-09-12 09:26:39,822 [grpc-default-executor-2] INFO  client.GrpcClientProtocolClient (GrpcClientProtocolClient.java:onNext(264)) - client-8B023739F3BF->b50d6464-f54a-40d1-9f81-f1c19654fd05: receive RaftClientReply:client-8B023739F3BF->b50d6464-f54a-40d1-9f81-f1c19654fd05@group-1F53027F28E3, cid=4176, SUCCESS, logIndex=5841, commits[b50d6464-f54a-40d1-9f81-f1c19654fd05:c5841]
2019-09-12 09:26:39,850 [grpc-default-executor-2] INFO  client.GrpcClientProtocolClient (GrpcClientProtocolClient.java:onNext(264)) - client-8B023739F3BF->b50d6464-f54a-40d1-9f81-f1c19654fd05: receive RaftClientReply:client-8B023739F3BF->b50d6464-f54a-40d1-9f81-f1c19654fd05@group-1F53027F28E3, cid=4177, SUCCESS, logIndex=5844, commits[b50d6464-f54a-40d1-9f81-f1c19654fd05:c5847]
2019-09-12 09:26:39,850 [grpc-default-executor-2] INFO  client.GrpcClientProtocolClient (GrpcClientProtocolClient.java:onNext(264)) - client-8B023739F3BF->b50d6464-f54a-40d1-9f81-f1c19654fd05: receive RaftClientReply:client-8B023739F3BF->b50d6464-f54a-40d1-9f81-f1c19654fd05@group-1F53027F28E3, cid=4178, SUCCESS, logIndex=5845, commits[b50d6464-f54a-40d1-9f81-f1c19654fd05:c5847]
2019-09-12 09:26:39,850 [grpc-default-executor-2] INFO  client.GrpcClientProtocolClient (GrpcClientProtocolClient.java:onNext(264)) - client-8B023739F3BF->b50d6464-f54a-40d1-9f81-f1c19654fd05: receive RaftClientReply:client-8B023739F3BF->b50d6464-f54a-40d1-9f81-f1c19654fd05@group-1F53027F28E3, cid=4179, SUCCESS, logIndex=5846, commits[b50d6464-f54a-40d1-9f81-f1c19654fd05:c5848]
2019-09-12 09:26:39,850 [grpc-default-executor-2] INFO  client.GrpcClientProtocolClient (GrpcClientProtocolClient.java:onNext(264)) - client-8B023739F3BF->b50d6464-f54a-40d1-9f81-f1c19654fd05: receive RaftClientReply:client-8B023739F3BF->b50d6464-f54a-40d1-9f81-f1c19654fd05@group-1F53027F28E3, cid=4180, SUCCESS, logIndex=5847, commits[b50d6464-f54a-40d1-9f81-f1c19654fd05:c5848]
2019-09-12 09:26:39,869 [grpc-default-executor-2] INFO  client.GrpcClientProtocolClient (GrpcClientProtocolClient.java:onNext(264)) - client-8B023739F3BF->b50d6464-f54a-40d1-9f81-f1c19654fd05: receive RaftClientReply:client-8B023739F3BF->b50d6464-f54a-40d1-9f81-f1c19654fd05@group-1F53027F28E3, cid=4181, SUCCESS, logIndex=5849, commits[b50d6464-f54a-40d1-9f81-f1c19654fd05:c5852]
2019-09-12 09:26:39,869 [grpc-default-executor-2] INFO  client.GrpcClientProtocolClient (GrpcClientProtocolClient.java:onNext(264)) - client-8B023739F3BF->b50d6464-f54a-40d1-9f81-f1c19654fd05: receive RaftClientReply:client-8B023739F3BF->b50d6464-f54a-40d1-9f81-f1c19654fd05@group-1F53027F28E3, cid=4182, SUCCESS, logIndex=5850, commits[b50d6464-f54a-40d1-9f81-f1c19654fd05:c5853]
2019-09-12 09:26:39,870 [grpc-default-executor-2] INFO  client.GrpcClientProtocolClient (GrpcClientProtocolClient.java:onNext(264)) - client-8B023739F3BF->b50d6464-f54a-40d1-9f81-f1c19654fd05: receive RaftClientReply:client-8B023739F3BF->b50d6464-f54a-40d1-9f81-f1c19654fd05@group-1F53027F28E3, cid=4183, SUCCESS, logIndex=5851, commits[b50d6464-f54a-40d1-9f81-f1c19654fd05:c5853]
2019-09-12 09:26:39,870 [grpc-default-executor-2] INFO  client.GrpcClientProtocolClient (GrpcClientProtocolClient.java:onNext(264)) - client-8B023739F3BF->b50d6464-f54a-40d1-9f81-f1c19654fd05: receive RaftClientReply:client-8B023739F3BF->b50d6464-f54a-40d1-9f81-f1c19654fd05@group-1F53027F28E3, cid=4184, SUCCESS, logIndex=5852, commits[b50d6464-f54a-40d1-9f81-f1c19654fd05:c5853]
2019-09-12 09:26:39,895 [grpc-default-executor-1] INFO  client.GrpcClientProtocolClient (GrpcClientProtocolClient.java:onNext(264)) - client-8B023739F3BF->b50d6464-f54a-40d1-9f81-f1c19654fd05: receive RaftClientReply:client-8B023739F3BF->b50d6464-f54a-40d1-9f81-f1c19654fd05@group-1F53027F28E3, cid=4185, SUCCESS, logIndex=5854, commits[b50d6464-f54a-40d1-9f81-f1c19654fd05:c5855]
2019-09-12 09:26:39,895 [grpc-default-executor-1] INFO  client.GrpcClientProtocolClient (GrpcClientProtocolClient.java:onNext(264)) - client-8B023739F3BF->b50d6464-f54a-40d1-9f81-f1c19654fd05: receive RaftClientReply:client-8B023739F3BF->b50d6464-f54a-40d1-9f81-f1c19654fd05@group-1F53027F28E3, cid=4186, SUCCESS, logIndex=5855, commits[b50d6464-f54a-40d1-9f81-f1c19654fd05:c5857]
2019-09-12 09:26:39,896 [grpc-default-executor-1] INFO  client.GrpcClientProtocolClient (GrpcClientProtocolClient.java:onNext(264)) - client-8B023739F3BF->b50d6464-f54a-40d1-9f81-f1c19654fd05: receive RaftClientReply:client-8B023739F3BF->b50d6464-f54a-40d1-9f81-f1c19654fd05@group-1F53027F28E3, cid=4187, SUCCESS, logIndex=5856, commits[b50d6464-f54a-40d1-9f81-f1c19654fd05:c5858]
2019-09-12 09:26:39,896 [grpc-default-executor-1] INFO  client.GrpcClientProtocolClient (GrpcClientProtocolClient.java:onNext(264)) - client-8B023739F3BF->b50d6464-f54a-40d1-9f81-f1c19654fd05: receive RaftClientReply:client-8B023739F3BF->b50d6464-f54a-40d1-9f81-f1c19654fd05@group-1F53027F28E3, cid=4188, SUCCESS, logIndex=5857, commits[b50d6464-f54a-40d1-9f81-f1c19654fd05:c5858]
2019-09-12 09:26:39,905 [SCMBlockDeletingService#0] DEBUG block.SCMBlockDeletingService (SCMBlockDeletingService.java:call(138)) - Running DeletedBlockTransactionScanner
2019-09-12 09:26:39,905 [SCMBlockDeletingService#0] DEBUG block.SCMBlockDeletingService (SCMBlockDeletingService.java:call(155)) - Scanned deleted blocks log and got 0 delTX to process.
2019-09-12 09:26:39,913 [grpc-default-executor-2] INFO  client.GrpcClientProtocolClient (GrpcClientProtocolClient.java:onNext(264)) - client-8B023739F3BF->b50d6464-f54a-40d1-9f81-f1c19654fd05: receive RaftClientReply:client-8B023739F3BF->b50d6464-f54a-40d1-9f81-f1c19654fd05@group-1F53027F28E3, cid=4189, SUCCESS, logIndex=5860, commits[b50d6464-f54a-40d1-9f81-f1c19654fd05:c5861]
2019-09-12 09:26:39,914 [grpc-default-executor-2] INFO  client.GrpcClientProtocolClient (GrpcClientProtocolClient.java:onNext(264)) - client-8B023739F3BF->b50d6464-f54a-40d1-9f81-f1c19654fd05: receive RaftClientReply:client-8B023739F3BF->b50d6464-f54a-40d1-9f81-f1c19654fd05@group-1F53027F28E3, cid=4190, SUCCESS, logIndex=5861, commits[b50d6464-f54a-40d1-9f81-f1c19654fd05:c5863]
2019-09-12 09:26:39,914 [grpc-default-executor-2] INFO  client.GrpcClientProtocolClient (GrpcClientProtocolClient.java:onNext(264)) - client-8B023739F3BF->b50d6464-f54a-40d1-9f81-f1c19654fd05: receive RaftClientReply:client-8B023739F3BF->b50d6464-f54a-40d1-9f81-f1c19654fd05@group-1F53027F28E3, cid=4191, SUCCESS, logIndex=5862, commits[b50d6464-f54a-40d1-9f81-f1c19654fd05:c5863]
2019-09-12 09:26:39,914 [grpc-default-executor-2] INFO  client.GrpcClientProtocolClient (GrpcClientProtocolClient.java:onNext(264)) - client-8B023739F3BF->b50d6464-f54a-40d1-9f81-f1c19654fd05: receive RaftClientReply:client-8B023739F3BF->b50d6464-f54a-40d1-9f81-f1c19654fd05@group-1F53027F28E3, cid=4192, SUCCESS, logIndex=5863, commits[b50d6464-f54a-40d1-9f81-f1c19654fd05:c5864]
2019-09-12 09:26:39,940 [grpc-default-executor-2] INFO  client.GrpcClientProtocolClient (GrpcClientProtocolClient.java:onNext(264)) - client-8B023739F3BF->b50d6464-f54a-40d1-9f81-f1c19654fd05: receive RaftClientReply:client-8B023739F3BF->b50d6464-f54a-40d1-9f81-f1c19654fd05@group-1F53027F28E3, cid=4193, SUCCESS, logIndex=5866, commits[b50d6464-f54a-40d1-9f81-f1c19654fd05:c5869]
2019-09-12 09:26:39,940 [grpc-default-executor-2] INFO  client.GrpcClientProtocolClient (GrpcClientProtocolClient.java:onNext(264)) - client-8B023739F3BF->b50d6464-f54a-40d1-9f81-f1c19654fd05: receive RaftClientReply:client-8B023739F3BF->b50d6464-f54a-40d1-9f81-f1c19654fd05@group-1F53027F28E3, cid=4194, SUCCESS, logIndex=5867, commits[b50d6464-f54a-40d1-9f81-f1c19654fd05:c5869]
2019-09-12 09:26:39,940 [grpc-default-executor-2] INFO  client.GrpcClientProtocolClient (GrpcClientProtocolClient.java:onNext(264)) - client-8B023739F3BF->b50d6464-f54a-40d1-9f81-f1c19654fd05: receive RaftClientReply:client-8B023739F3BF->b50d6464-f54a-40d1-9f81-f1c19654fd05@group-1F53027F28E3, cid=4195, SUCCESS, logIndex=5868, commits[b50d6464-f54a-40d1-9f81-f1c19654fd05:c5870]
2019-09-12 09:26:39,940 [grpc-default-executor-2] INFO  client.GrpcClientProtocolClient (GrpcClientProtocolClient.java:onNext(264)) - client-8B023739F3BF->b50d6464-f54a-40d1-9f81-f1c19654fd05: receive RaftClientReply:client-8B023739F3BF->b50d6464-f54a-40d1-9f81-f1c19654fd05@group-1F53027F28E3, cid=4196, SUCCESS, logIndex=5869, commits[b50d6464-f54a-40d1-9f81-f1c19654fd05:c5870]
2019-09-12 09:26:39,959 [grpc-default-executor-1] INFO  client.GrpcClientProtocolClient (GrpcClientProtocolClient.java:onNext(264)) - client-8B023739F3BF->b50d6464-f54a-40d1-9f81-f1c19654fd05: receive RaftClientReply:client-8B023739F3BF->b50d6464-f54a-40d1-9f81-f1c19654fd05@group-1F53027F28E3, cid=4197, SUCCESS, logIndex=5871, commits[b50d6464-f54a-40d1-9f81-f1c19654fd05:c5872]
2019-09-12 09:26:39,959 [grpc-default-executor-1] INFO  client.GrpcClientProtocolClient (GrpcClientProtocolClient.java:onNext(264)) - client-8B023739F3BF->b50d6464-f54a-40d1-9f81-f1c19654fd05: receive RaftClientReply:client-8B023739F3BF->b50d6464-f54a-40d1-9f81-f1c19654fd05@group-1F53027F28E3, cid=4198, SUCCESS, logIndex=5872, commits[b50d6464-f54a-40d1-9f81-f1c19654fd05:c5873]
2019-09-12 09:26:40,005 [SCMBlockDeletingService#1] DEBUG block.SCMBlockDeletingService (SCMBlockDeletingService.java:call(138)) - Running DeletedBlockTransactionScanner
2019-09-12 09:26:40,005 [SCMBlockDeletingService#1] DEBUG block.SCMBlockDeletingService (SCMBlockDeletingService.java:call(155)) - Scanned deleted blocks log and got 0 delTX to process.
2019-09-12 09:26:40,055 [grpc-default-executor-1] INFO  client.GrpcClientProtocolClient (GrpcClientProtocolClient.java:onNext(264)) - client-8B023739F3BF->b50d6464-f54a-40d1-9f81-f1c19654fd05: receive RaftClientReply:client-8B023739F3BF->b50d6464-f54a-40d1-9f81-f1c19654fd05@group-1F53027F28E3, cid=4199, SUCCESS, logIndex=5874, commits[b50d6464-f54a-40d1-9f81-f1c19654fd05:c5875]
2019-09-12 09:26:40,056 [grpc-default-executor-1] INFO  client.GrpcClientProtocolClient (GrpcClientProtocolClient.java:onNext(264)) - client-8B023739F3BF->b50d6464-f54a-40d1-9f81-f1c19654fd05: receive RaftClientReply:client-8B023739F3BF->b50d6464-f54a-40d1-9f81-f1c19654fd05@group-1F53027F28E3, cid=4200, SUCCESS, logIndex=5875, commits[b50d6464-f54a-40d1-9f81-f1c19654fd05:c5876]
2019-09-12 09:26:40,086 [grpc-default-executor-1] INFO  client.GrpcClientProtocolClient (GrpcClientProtocolClient.java:onNext(264)) - client-8B023739F3BF->b50d6464-f54a-40d1-9f81-f1c19654fd05: receive RaftClientReply:client-8B023739F3BF->b50d6464-f54a-40d1-9f81-f1c19654fd05@group-1F53027F28E3, cid=4201, SUCCESS, logIndex=5877, commits[b50d6464-f54a-40d1-9f81-f1c19654fd05:c5880]
2019-09-12 09:26:40,086 [grpc-default-executor-1] INFO  client.GrpcClientProtocolClient (GrpcClientProtocolClient.java:onNext(264)) - client-8B023739F3BF->b50d6464-f54a-40d1-9f81-f1c19654fd05: receive RaftClientReply:client-8B023739F3BF->b50d6464-f54a-40d1-9f81-f1c19654fd05@group-1F53027F28E3, cid=4202, SUCCESS, logIndex=5878, commits[b50d6464-f54a-40d1-9f81-f1c19654fd05:c5881]
2019-09-12 09:26:40,087 [grpc-default-executor-1] INFO  client.GrpcClientProtocolClient (GrpcClientProtocolClient.java:onNext(264)) - client-8B023739F3BF->b50d6464-f54a-40d1-9f81-f1c19654fd05: receive RaftClientReply:client-8B023739F3BF->b50d6464-f54a-40d1-9f81-f1c19654fd05@group-1F53027F28E3, cid=4203, SUCCESS, logIndex=5879, commits[b50d6464-f54a-40d1-9f81-f1c19654fd05:c5881]
2019-09-12 09:26:40,087 [grpc-default-executor-1] INFO  client.GrpcClientProtocolClient (GrpcClientProtocolClient.java:onNext(264)) - client-8B023739F3BF->b50d6464-f54a-40d1-9f81-f1c19654fd05: receive RaftClientReply:client-8B023739F3BF->b50d6464-f54a-40d1-9f81-f1c19654fd05@group-1F53027F28E3, cid=4204, SUCCESS, logIndex=5880, commits[b50d6464-f54a-40d1-9f81-f1c19654fd05:c5881]
2019-09-12 09:26:40,106 [SCMBlockDeletingService#1] DEBUG block.SCMBlockDeletingService (SCMBlockDeletingService.java:call(138)) - Running DeletedBlockTransactionScanner
2019-09-12 09:26:40,106 [SCMBlockDeletingService#1] DEBUG block.SCMBlockDeletingService (SCMBlockDeletingService.java:call(155)) - Scanned deleted blocks log and got 0 delTX to process.
2019-09-12 09:26:40,125 [grpc-default-executor-2] INFO  client.GrpcClientProtocolClient (GrpcClientProtocolClient.java:onNext(264)) - client-8B023739F3BF->b50d6464-f54a-40d1-9f81-f1c19654fd05: receive RaftClientReply:client-8B023739F3BF->b50d6464-f54a-40d1-9f81-f1c19654fd05@group-1F53027F28E3, cid=4205, SUCCESS, logIndex=5882, commits[b50d6464-f54a-40d1-9f81-f1c19654fd05:c5885]
2019-09-12 09:26:40,125 [grpc-default-executor-2] INFO  client.GrpcClientProtocolClient (GrpcClientProtocolClient.java:onNext(264)) - client-8B023739F3BF->b50d6464-f54a-40d1-9f81-f1c19654fd05: receive RaftClientReply:client-8B023739F3BF->b50d6464-f54a-40d1-9f81-f1c19654fd05@group-1F53027F28E3, cid=4206, SUCCESS, logIndex=5883, commits[b50d6464-f54a-40d1-9f81-f1c19654fd05:c5886]
2019-09-12 09:26:40,125 [grpc-default-executor-2] INFO  client.GrpcClientProtocolClient (GrpcClientProtocolClient.java:onNext(264)) - client-8B023739F3BF->b50d6464-f54a-40d1-9f81-f1c19654fd05: receive RaftClientReply:client-8B023739F3BF->b50d6464-f54a-40d1-9f81-f1c19654fd05@group-1F53027F28E3, cid=4207, SUCCESS, logIndex=5884, commits[b50d6464-f54a-40d1-9f81-f1c19654fd05:c5886]
2019-09-12 09:26:40,126 [grpc-default-executor-2] INFO  client.GrpcClientProtocolClient (GrpcClientProtocolClient.java:onNext(264)) - client-8B023739F3BF->b50d6464-f54a-40d1-9f81-f1c19654fd05: receive RaftClientReply:client-8B023739F3BF->b50d6464-f54a-40d1-9f81-f1c19654fd05@group-1F53027F28E3, cid=4208, SUCCESS, logIndex=5885, commits[b50d6464-f54a-40d1-9f81-f1c19654fd05:c5886]
2019-09-12 09:26:40,157 [grpc-default-executor-2] INFO  client.GrpcClientProtocolClient (GrpcClientProtocolClient.java:onNext(264)) - client-8B023739F3BF->b50d6464-f54a-40d1-9f81-f1c19654fd05: receive RaftClientReply:client-8B023739F3BF->b50d6464-f54a-40d1-9f81-f1c19654fd05@group-1F53027F28E3, cid=4209, SUCCESS, logIndex=5887, commits[b50d6464-f54a-40d1-9f81-f1c19654fd05:c5890]
2019-09-12 09:26:40,158 [grpc-default-executor-2] INFO  client.GrpcClientProtocolClient (GrpcClientProtocolClient.java:onNext(264)) - client-8B023739F3BF->b50d6464-f54a-40d1-9f81-f1c19654fd05: receive RaftClientReply:client-8B023739F3BF->b50d6464-f54a-40d1-9f81-f1c19654fd05@group-1F53027F28E3, cid=4210, SUCCESS, logIndex=5888, commits[b50d6464-f54a-40d1-9f81-f1c19654fd05:c5890]
2019-09-12 09:26:40,158 [grpc-default-executor-2] INFO  client.GrpcClientProtocolClient (GrpcClientProtocolClient.java:onNext(264)) - client-8B023739F3BF->b50d6464-f54a-40d1-9f81-f1c19654fd05: receive RaftClientReply:client-8B023739F3BF->b50d6464-f54a-40d1-9f81-f1c19654fd05@group-1F53027F28E3, cid=4211, SUCCESS, logIndex=5889, commits[b50d6464-f54a-40d1-9f81-f1c19654fd05:c5891]
2019-09-12 09:26:40,159 [grpc-default-executor-2] INFO  client.GrpcClientProtocolClient (GrpcClientProtocolClient.java:onNext(264)) - client-8B023739F3BF->b50d6464-f54a-40d1-9f81-f1c19654fd05: receive RaftClientReply:client-8B023739F3BF->b50d6464-f54a-40d1-9f81-f1c19654fd05@group-1F53027F28E3, cid=4212, SUCCESS, logIndex=5890, commits[b50d6464-f54a-40d1-9f81-f1c19654fd05:c5891]
2019-09-12 09:26:40,179 [grpc-default-executor-2] INFO  client.GrpcClientProtocolClient (GrpcClientProtocolClient.java:onNext(264)) - client-8B023739F3BF->b50d6464-f54a-40d1-9f81-f1c19654fd05: receive RaftClientReply:client-8B023739F3BF->b50d6464-f54a-40d1-9f81-f1c19654fd05@group-1F53027F28E3, cid=4213, SUCCESS, logIndex=5892, commits[b50d6464-f54a-40d1-9f81-f1c19654fd05:c5893]
2019-09-12 09:26:40,179 [grpc-default-executor-2] INFO  client.GrpcClientProtocolClient (GrpcClientProtocolClient.java:onNext(264)) - client-8B023739F3BF->b50d6464-f54a-40d1-9f81-f1c19654fd05: receive RaftClientReply:client-8B023739F3BF->b50d6464-f54a-40d1-9f81-f1c19654fd05@group-1F53027F28E3, cid=4214, SUCCESS, logIndex=5893, commits[b50d6464-f54a-40d1-9f81-f1c19654fd05:c5895]
2019-09-12 09:26:40,180 [grpc-default-executor-2] INFO  client.GrpcClientProtocolClient (GrpcClientProtocolClient.java:onNext(264)) - client-8B023739F3BF->b50d6464-f54a-40d1-9f81-f1c19654fd05: receive RaftClientReply:client-8B023739F3BF->b50d6464-f54a-40d1-9f81-f1c19654fd05@group-1F53027F28E3, cid=4215, SUCCESS, logIndex=5894, commits[b50d6464-f54a-40d1-9f81-f1c19654fd05:c5895]
2019-09-12 09:26:40,180 [grpc-default-executor-2] INFO  client.GrpcClientProtocolClient (GrpcClientProtocolClient.java:onNext(264)) - client-8B023739F3BF->b50d6464-f54a-40d1-9f81-f1c19654fd05: receive RaftClientReply:client-8B023739F3BF->b50d6464-f54a-40d1-9f81-f1c19654fd05@group-1F53027F28E3, cid=4216, SUCCESS, logIndex=5895, commits[b50d6464-f54a-40d1-9f81-f1c19654fd05:c5896]
2019-09-12 09:26:40,206 [SCMBlockDeletingService#1] DEBUG block.SCMBlockDeletingService (SCMBlockDeletingService.java:call(138)) - Running DeletedBlockTransactionScanner
2019-09-12 09:26:40,207 [SCMBlockDeletingService#1] DEBUG block.SCMBlockDeletingService (SCMBlockDeletingService.java:call(155)) - Scanned deleted blocks log and got 0 delTX to process.
2019-09-12 09:26:40,211 [grpc-default-executor-2] INFO  client.GrpcClientProtocolClient (GrpcClientProtocolClient.java:onNext(264)) - client-8B023739F3BF->b50d6464-f54a-40d1-9f81-f1c19654fd05: receive RaftClientReply:client-8B023739F3BF->b50d6464-f54a-40d1-9f81-f1c19654fd05@group-1F53027F28E3, cid=4217, SUCCESS, logIndex=5898, commits[b50d6464-f54a-40d1-9f81-f1c19654fd05:c5901]
2019-09-12 09:26:40,211 [grpc-default-executor-2] INFO  client.GrpcClientProtocolClient (GrpcClientProtocolClient.java:onNext(264)) - client-8B023739F3BF->b50d6464-f54a-40d1-9f81-f1c19654fd05: receive RaftClientReply:client-8B023739F3BF->b50d6464-f54a-40d1-9f81-f1c19654fd05@group-1F53027F28E3, cid=4218, SUCCESS, logIndex=5899, commits[b50d6464-f54a-40d1-9f81-f1c19654fd05:c5902]
2019-09-12 09:26:40,212 [grpc-default-executor-2] INFO  client.GrpcClientProtocolClient (GrpcClientProtocolClient.java:onNext(264)) - client-8B023739F3BF->b50d6464-f54a-40d1-9f81-f1c19654fd05: receive RaftClientReply:client-8B023739F3BF->b50d6464-f54a-40d1-9f81-f1c19654fd05@group-1F53027F28E3, cid=4219, SUCCESS, logIndex=5900, commits[b50d6464-f54a-40d1-9f81-f1c19654fd05:c5902]
2019-09-12 09:26:40,212 [grpc-default-executor-2] INFO  client.GrpcClientProtocolClient (GrpcClientProtocolClient.java:onNext(264)) - client-8B023739F3BF->b50d6464-f54a-40d1-9f81-f1c19654fd05: receive RaftClientReply:client-8B023739F3BF->b50d6464-f54a-40d1-9f81-f1c19654fd05@group-1F53027F28E3, cid=4220, SUCCESS, logIndex=5901, commits[b50d6464-f54a-40d1-9f81-f1c19654fd05:c5902]
2019-09-12 09:26:40,232 [grpc-default-executor-1] INFO  client.GrpcClientProtocolClient (GrpcClientProtocolClient.java:onNext(264)) - client-8B023739F3BF->b50d6464-f54a-40d1-9f81-f1c19654fd05: receive RaftClientReply:client-8B023739F3BF->b50d6464-f54a-40d1-9f81-f1c19654fd05@group-1F53027F28E3, cid=4221, SUCCESS, logIndex=5903, commits[b50d6464-f54a-40d1-9f81-f1c19654fd05:c5906]
2019-09-12 09:26:40,232 [grpc-default-executor-1] INFO  client.GrpcClientProtocolClient (GrpcClientProtocolClient.java:onNext(264)) - client-8B023739F3BF->b50d6464-f54a-40d1-9f81-f1c19654fd05: receive RaftClientReply:client-8B023739F3BF->b50d6464-f54a-40d1-9f81-f1c19654fd05@group-1F53027F28E3, cid=4222, SUCCESS, logIndex=5904, commits[b50d6464-f54a-40d1-9f81-f1c19654fd05:c5907]
2019-09-12 09:26:40,232 [grpc-default-executor-1] INFO  client.GrpcClientProtocolClient (GrpcClientProtocolClient.java:onNext(264)) - client-8B023739F3BF->b50d6464-f54a-40d1-9f81-f1c19654fd05: receive RaftClientReply:client-8B023739F3BF->b50d6464-f54a-40d1-9f81-f1c19654fd05@group-1F53027F28E3, cid=4223, SUCCESS, logIndex=5905, commits[b50d6464-f54a-40d1-9f81-f1c19654fd05:c5907]
2019-09-12 09:26:40,233 [grpc-default-executor-1] INFO  client.GrpcClientProtocolClient (GrpcClientProtocolClient.java:onNext(264)) - client-8B023739F3BF->b50d6464-f54a-40d1-9f81-f1c19654fd05: receive RaftClientReply:client-8B023739F3BF->b50d6464-f54a-40d1-9f81-f1c19654fd05@group-1F53027F28E3, cid=4224, SUCCESS, logIndex=5906, commits[b50d6464-f54a-40d1-9f81-f1c19654fd05:c5907]
2019-09-12 09:26:40,264 [grpc-default-executor-2] INFO  client.GrpcClientProtocolClient (GrpcClientProtocolClient.java:onNext(264)) - client-8B023739F3BF->b50d6464-f54a-40d1-9f81-f1c19654fd05: receive RaftClientReply:client-8B023739F3BF->b50d6464-f54a-40d1-9f81-f1c19654fd05@group-1F53027F28E3, cid=4225, SUCCESS, logIndex=5908, commits[b50d6464-f54a-40d1-9f81-f1c19654fd05:c5911]
2019-09-12 09:26:40,264 [grpc-default-executor-2] INFO  client.GrpcClientProtocolClient (GrpcClientProtocolClient.java:onNext(264)) - client-8B023739F3BF->b50d6464-f54a-40d1-9f81-f1c19654fd05: receive RaftClientReply:client-8B023739F3BF->b50d6464-f54a-40d1-9f81-f1c19654fd05@group-1F53027F28E3, cid=4226, SUCCESS, logIndex=5909, commits[b50d6464-f54a-40d1-9f81-f1c19654fd05:c5912]
2019-09-12 09:26:40,265 [grpc-default-executor-2] INFO  client.GrpcClientProtocolClient (GrpcClientProtocolClient.java:onNext(264)) - client-8B023739F3BF->b50d6464-f54a-40d1-9f81-f1c19654fd05: receive RaftClientReply:client-8B023739F3BF->b50d6464-f54a-40d1-9f81-f1c19654fd05@group-1F53027F28E3, cid=4227, SUCCESS, logIndex=5910, commits[b50d6464-f54a-40d1-9f81-f1c19654fd05:c5912]
2019-09-12 09:26:40,265 [grpc-default-executor-2] INFO  client.GrpcClientProtocolClient (GrpcClientProtocolClient.java:onNext(264)) - client-8B023739F3BF->b50d6464-f54a-40d1-9f81-f1c19654fd05: receive RaftClientReply:client-8B023739F3BF->b50d6464-f54a-40d1-9f81-f1c19654fd05@group-1F53027F28E3, cid=4228, SUCCESS, logIndex=5911, commits[b50d6464-f54a-40d1-9f81-f1c19654fd05:c5912]
2019-09-12 09:26:40,285 [grpc-default-executor-2] INFO  client.GrpcClientProtocolClient (GrpcClientProtocolClient.java:onNext(264)) - client-8B023739F3BF->b50d6464-f54a-40d1-9f81-f1c19654fd05: receive RaftClientReply:client-8B023739F3BF->b50d6464-f54a-40d1-9f81-f1c19654fd05@group-1F53027F28E3, cid=4229, SUCCESS, logIndex=5913, commits[b50d6464-f54a-40d1-9f81-f1c19654fd05:c5916]
2019-09-12 09:26:40,286 [grpc-default-executor-2] INFO  client.GrpcClientProtocolClient (GrpcClientProtocolClient.java:onNext(264)) - client-8B023739F3BF->b50d6464-f54a-40d1-9f81-f1c19654fd05: receive RaftClientReply:client-8B023739F3BF->b50d6464-f54a-40d1-9f81-f1c19654fd05@group-1F53027F28E3, cid=4230, SUCCESS, logIndex=5914, commits[b50d6464-f54a-40d1-9f81-f1c19654fd05:c5916]
2019-09-12 09:26:40,286 [grpc-default-executor-2] INFO  client.GrpcClientProtocolClient (GrpcClientProtocolClient.java:onNext(264)) - client-8B023739F3BF->b50d6464-f54a-40d1-9f81-f1c19654fd05: receive RaftClientReply:client-8B023739F3BF->b50d6464-f54a-40d1-9f81-f1c19654fd05@group-1F53027F28E3, cid=4231, SUCCESS, logIndex=5915, commits[b50d6464-f54a-40d1-9f81-f1c19654fd05:c5917]
2019-09-12 09:26:40,286 [grpc-default-executor-2] INFO  client.GrpcClientProtocolClient (GrpcClientProtocolClient.java:onNext(264)) - client-8B023739F3BF->b50d6464-f54a-40d1-9f81-f1c19654fd05: receive RaftClientReply:client-8B023739F3BF->b50d6464-f54a-40d1-9f81-f1c19654fd05@group-1F53027F28E3, cid=4232, SUCCESS, logIndex=5916, commits[b50d6464-f54a-40d1-9f81-f1c19654fd05:c5917]
2019-09-12 09:26:40,307 [SCMBlockDeletingService#1] DEBUG block.SCMBlockDeletingService (SCMBlockDeletingService.java:call(138)) - Running DeletedBlockTransactionScanner
2019-09-12 09:26:40,307 [SCMBlockDeletingService#1] DEBUG block.SCMBlockDeletingService (SCMBlockDeletingService.java:call(155)) - Scanned deleted blocks log and got 0 delTX to process.
2019-09-12 09:26:40,315 [grpc-default-executor-2] INFO  client.GrpcClientProtocolClient (GrpcClientProtocolClient.java:onNext(264)) - client-8B023739F3BF->b50d6464-f54a-40d1-9f81-f1c19654fd05: receive RaftClientReply:client-8B023739F3BF->b50d6464-f54a-40d1-9f81-f1c19654fd05@group-1F53027F28E3, cid=4233, SUCCESS, logIndex=5918, commits[b50d6464-f54a-40d1-9f81-f1c19654fd05:c5919]
2019-09-12 09:26:40,315 [grpc-default-executor-2] INFO  client.GrpcClientProtocolClient (GrpcClientProtocolClient.java:onNext(264)) - client-8B023739F3BF->b50d6464-f54a-40d1-9f81-f1c19654fd05: receive RaftClientReply:client-8B023739F3BF->b50d6464-f54a-40d1-9f81-f1c19654fd05@group-1F53027F28E3, cid=4234, SUCCESS, logIndex=5919, commits[b50d6464-f54a-40d1-9f81-f1c19654fd05:c5921]
2019-09-12 09:26:40,315 [grpc-default-executor-2] INFO  client.GrpcClientProtocolClient (GrpcClientProtocolClient.java:onNext(264)) - client-8B023739F3BF->b50d6464-f54a-40d1-9f81-f1c19654fd05: receive RaftClientReply:client-8B023739F3BF->b50d6464-f54a-40d1-9f81-f1c19654fd05@group-1F53027F28E3, cid=4235, SUCCESS, logIndex=5920, commits[b50d6464-f54a-40d1-9f81-f1c19654fd05:c5921]
2019-09-12 09:26:40,316 [grpc-default-executor-2] INFO  client.GrpcClientProtocolClient (GrpcClientProtocolClient.java:onNext(264)) - client-8B023739F3BF->b50d6464-f54a-40d1-9f81-f1c19654fd05: receive RaftClientReply:client-8B023739F3BF->b50d6464-f54a-40d1-9f81-f1c19654fd05@group-1F53027F28E3, cid=4236, SUCCESS, logIndex=5921, commits[b50d6464-f54a-40d1-9f81-f1c19654fd05:c5922]
2019-09-12 09:26:40,333 [grpc-default-executor-2] INFO  client.GrpcClientProtocolClient (GrpcClientProtocolClient.java:onNext(264)) - client-8B023739F3BF->b50d6464-f54a-40d1-9f81-f1c19654fd05: receive RaftClientReply:client-8B023739F3BF->b50d6464-f54a-40d1-9f81-f1c19654fd05@group-1F53027F28E3, cid=4237, SUCCESS, logIndex=5924, commits[b50d6464-f54a-40d1-9f81-f1c19654fd05:c5925]
2019-09-12 09:26:40,333 [grpc-default-executor-2] INFO  client.GrpcClientProtocolClient (GrpcClientProtocolClient.java:onNext(264)) - client-8B023739F3BF->b50d6464-f54a-40d1-9f81-f1c19654fd05: receive RaftClientReply:client-8B023739F3BF->b50d6464-f54a-40d1-9f81-f1c19654fd05@group-1F53027F28E3, cid=4238, SUCCESS, logIndex=5925, commits[b50d6464-f54a-40d1-9f81-f1c19654fd05:c5925]
2019-09-12 09:26:40,333 [grpc-default-executor-2] INFO  client.GrpcClientProtocolClient (GrpcClientProtocolClient.java:onNext(264)) - client-8B023739F3BF->b50d6464-f54a-40d1-9f81-f1c19654fd05: receive RaftClientReply:client-8B023739F3BF->b50d6464-f54a-40d1-9f81-f1c19654fd05@group-1F53027F28E3, cid=4239, SUCCESS, logIndex=5926, commits[b50d6464-f54a-40d1-9f81-f1c19654fd05:c5927]
2019-09-12 09:26:40,334 [grpc-default-executor-2] INFO  client.GrpcClientProtocolClient (GrpcClientProtocolClient.java:onNext(264)) - client-8B023739F3BF->b50d6464-f54a-40d1-9f81-f1c19654fd05: receive RaftClientReply:client-8B023739F3BF->b50d6464-f54a-40d1-9f81-f1c19654fd05@group-1F53027F28E3, cid=4240, SUCCESS, logIndex=5927, commits[b50d6464-f54a-40d1-9f81-f1c19654fd05:c5928]
2019-09-12 09:26:40,413 [SCMBlockDeletingService#1] DEBUG block.SCMBlockDeletingService (SCMBlockDeletingService.java:call(138)) - Running DeletedBlockTransactionScanner
2019-09-12 09:26:40,413 [SCMBlockDeletingService#1] DEBUG block.SCMBlockDeletingService (SCMBlockDeletingService.java:call(155)) - Scanned deleted blocks log and got 0 delTX to process.
2019-09-12 09:26:40,440 [grpc-default-executor-1] INFO  client.GrpcClientProtocolClient (GrpcClientProtocolClient.java:onNext(264)) - client-8B023739F3BF->b50d6464-f54a-40d1-9f81-f1c19654fd05: receive RaftClientReply:client-8B023739F3BF->b50d6464-f54a-40d1-9f81-f1c19654fd05@group-1F53027F28E3, cid=4241, SUCCESS, logIndex=5930, commits[b50d6464-f54a-40d1-9f81-f1c19654fd05:c5931]
2019-09-12 09:26:40,440 [grpc-default-executor-1] INFO  client.GrpcClientProtocolClient (GrpcClientProtocolClient.java:onNext(264)) - client-8B023739F3BF->b50d6464-f54a-40d1-9f81-f1c19654fd05: receive RaftClientReply:client-8B023739F3BF->b50d6464-f54a-40d1-9f81-f1c19654fd05@group-1F53027F28E3, cid=4242, SUCCESS, logIndex=5931, commits[b50d6464-f54a-40d1-9f81-f1c19654fd05:c5932]
2019-09-12 09:26:40,514 [SCMBlockDeletingService#1] DEBUG block.SCMBlockDeletingService (SCMBlockDeletingService.java:call(138)) - Running DeletedBlockTransactionScanner
2019-09-12 09:26:40,514 [SCMBlockDeletingService#1] DEBUG block.SCMBlockDeletingService (SCMBlockDeletingService.java:call(155)) - Scanned deleted blocks log and got 0 delTX to process.
2019-09-12 09:26:40,562 [grpc-default-executor-1] INFO  client.GrpcClientProtocolClient (GrpcClientProtocolClient.java:onNext(264)) - client-8B023739F3BF->b50d6464-f54a-40d1-9f81-f1c19654fd05: receive RaftClientReply:client-8B023739F3BF->b50d6464-f54a-40d1-9f81-f1c19654fd05@group-1F53027F28E3, cid=4243, SUCCESS, logIndex=5933, commits[b50d6464-f54a-40d1-9f81-f1c19654fd05:c5934]
2019-09-12 09:26:40,563 [grpc-default-executor-1] INFO  client.GrpcClientProtocolClient (GrpcClientProtocolClient.java:onNext(264)) - client-8B023739F3BF->b50d6464-f54a-40d1-9f81-f1c19654fd05: receive RaftClientReply:client-8B023739F3BF->b50d6464-f54a-40d1-9f81-f1c19654fd05@group-1F53027F28E3, cid=4244, SUCCESS, logIndex=5934, commits[b50d6464-f54a-40d1-9f81-f1c19654fd05:c5935]
2019-09-12 09:26:40,580 [grpc-default-executor-1] INFO  client.GrpcClientProtocolClient (GrpcClientProtocolClient.java:onNext(264)) - client-8B023739F3BF->b50d6464-f54a-40d1-9f81-f1c19654fd05: receive RaftClientReply:client-8B023739F3BF->b50d6464-f54a-40d1-9f81-f1c19654fd05@group-1F53027F28E3, cid=4245, SUCCESS, logIndex=5936, commits[b50d6464-f54a-40d1-9f81-f1c19654fd05:c5937]
2019-09-12 09:26:40,581 [grpc-default-executor-1] INFO  client.GrpcClientProtocolClient (GrpcClientProtocolClient.java:onNext(264)) - client-8B023739F3BF->b50d6464-f54a-40d1-9f81-f1c19654fd05: receive RaftClientReply:client-8B023739F3BF->b50d6464-f54a-40d1-9f81-f1c19654fd05@group-1F53027F28E3, cid=4246, SUCCESS, logIndex=5937, commits[b50d6464-f54a-40d1-9f81-f1c19654fd05:c5937]
2019-09-12 09:26:40,581 [grpc-default-executor-1] INFO  client.GrpcClientProtocolClient (GrpcClientProtocolClient.java:onNext(264)) - client-8B023739F3BF->b50d6464-f54a-40d1-9f81-f1c19654fd05: receive RaftClientReply:client-8B023739F3BF->b50d6464-f54a-40d1-9f81-f1c19654fd05@group-1F53027F28E3, cid=4247, SUCCESS, logIndex=5938, commits[b50d6464-f54a-40d1-9f81-f1c19654fd05:c5939]
2019-09-12 09:26:40,581 [grpc-default-executor-1] INFO  client.GrpcClientProtocolClient (GrpcClientProtocolClient.java:onNext(264)) - client-8B023739F3BF->b50d6464-f54a-40d1-9f81-f1c19654fd05: receive RaftClientReply:client-8B023739F3BF->b50d6464-f54a-40d1-9f81-f1c19654fd05@group-1F53027F28E3, cid=4248, SUCCESS, logIndex=5939, commits[b50d6464-f54a-40d1-9f81-f1c19654fd05:c5939]
2019-09-12 09:26:40,609 [grpc-default-executor-1] INFO  client.GrpcClientProtocolClient (GrpcClientProtocolClient.java:onNext(264)) - client-8B023739F3BF->b50d6464-f54a-40d1-9f81-f1c19654fd05: receive RaftClientReply:client-8B023739F3BF->b50d6464-f54a-40d1-9f81-f1c19654fd05@group-1F53027F28E3, cid=4249, SUCCESS, logIndex=5942, commits[b50d6464-f54a-40d1-9f81-f1c19654fd05:c5945]
2019-09-12 09:26:40,609 [grpc-default-executor-1] INFO  client.GrpcClientProtocolClient (GrpcClientProtocolClient.java:onNext(264)) - client-8B023739F3BF->b50d6464-f54a-40d1-9f81-f1c19654fd05: receive RaftClientReply:client-8B023739F3BF->b50d6464-f54a-40d1-9f81-f1c19654fd05@group-1F53027F28E3, cid=4250, SUCCESS, logIndex=5943, commits[b50d6464-f54a-40d1-9f81-f1c19654fd05:c5945]
2019-09-12 09:26:40,610 [grpc-default-executor-1] INFO  client.GrpcClientProtocolClient (GrpcClientProtocolClient.java:onNext(264)) - client-8B023739F3BF->b50d6464-f54a-40d1-9f81-f1c19654fd05: receive RaftClientReply:client-8B023739F3BF->b50d6464-f54a-40d1-9f81-f1c19654fd05@group-1F53027F28E3, cid=4251, SUCCESS, logIndex=5944, commits[b50d6464-f54a-40d1-9f81-f1c19654fd05:c5946]
2019-09-12 09:26:40,610 [grpc-default-executor-1] INFO  client.GrpcClientProtocolClient (GrpcClientProtocolClient.java:onNext(264)) - client-8B023739F3BF->b50d6464-f54a-40d1-9f81-f1c19654fd05: receive RaftClientReply:client-8B023739F3BF->b50d6464-f54a-40d1-9f81-f1c19654fd05@group-1F53027F28E3, cid=4252, SUCCESS, logIndex=5945, commits[b50d6464-f54a-40d1-9f81-f1c19654fd05:c5946]
2019-09-12 09:26:40,614 [SCMBlockDeletingService#1] DEBUG block.SCMBlockDeletingService (SCMBlockDeletingService.java:call(138)) - Running DeletedBlockTransactionScanner
2019-09-12 09:26:40,614 [SCMBlockDeletingService#1] DEBUG block.SCMBlockDeletingService (SCMBlockDeletingService.java:call(155)) - Scanned deleted blocks log and got 0 delTX to process.
2019-09-12 09:26:40,626 [grpc-default-executor-1] INFO  client.GrpcClientProtocolClient (GrpcClientProtocolClient.java:onNext(264)) - client-8B023739F3BF->b50d6464-f54a-40d1-9f81-f1c19654fd05: receive RaftClientReply:client-8B023739F3BF->b50d6464-f54a-40d1-9f81-f1c19654fd05@group-1F53027F28E3, cid=4253, SUCCESS, logIndex=5947, commits[b50d6464-f54a-40d1-9f81-f1c19654fd05:c5948]
2019-09-12 09:26:40,626 [grpc-default-executor-1] INFO  client.GrpcClientProtocolClient (GrpcClientProtocolClient.java:onNext(264)) - client-8B023739F3BF->b50d6464-f54a-40d1-9f81-f1c19654fd05: receive RaftClientReply:client-8B023739F3BF->b50d6464-f54a-40d1-9f81-f1c19654fd05@group-1F53027F28E3, cid=4254, SUCCESS, logIndex=5948, commits[b50d6464-f54a-40d1-9f81-f1c19654fd05:c5950]
2019-09-12 09:26:40,627 [grpc-default-executor-1] INFO  client.GrpcClientProtocolClient (GrpcClientProtocolClient.java:onNext(264)) - client-8B023739F3BF->b50d6464-f54a-40d1-9f81-f1c19654fd05: receive RaftClientReply:client-8B023739F3BF->b50d6464-f54a-40d1-9f81-f1c19654fd05@group-1F53027F28E3, cid=4255, SUCCESS, logIndex=5949, commits[b50d6464-f54a-40d1-9f81-f1c19654fd05:c5950]
2019-09-12 09:26:40,627 [grpc-default-executor-1] INFO  client.GrpcClientProtocolClient (GrpcClientProtocolClient.java:onNext(264)) - client-8B023739F3BF->b50d6464-f54a-40d1-9f81-f1c19654fd05: receive RaftClientReply:client-8B023739F3BF->b50d6464-f54a-40d1-9f81-f1c19654fd05@group-1F53027F28E3, cid=4256, SUCCESS, logIndex=5950, commits[b50d6464-f54a-40d1-9f81-f1c19654fd05:c5951]
2019-09-12 09:26:40,654 [grpc-default-executor-2] INFO  client.GrpcClientProtocolClient (GrpcClientProtocolClient.java:onNext(264)) - client-8B023739F3BF->b50d6464-f54a-40d1-9f81-f1c19654fd05: receive RaftClientReply:client-8B023739F3BF->b50d6464-f54a-40d1-9f81-f1c19654fd05@group-1F53027F28E3, cid=4257, SUCCESS, logIndex=5953, commits[b50d6464-f54a-40d1-9f81-f1c19654fd05:c5956]
2019-09-12 09:26:40,655 [grpc-default-executor-2] INFO  client.GrpcClientProtocolClient (GrpcClientProtocolClient.java:onNext(264)) - client-8B023739F3BF->b50d6464-f54a-40d1-9f81-f1c19654fd05: receive RaftClientReply:client-8B023739F3BF->b50d6464-f54a-40d1-9f81-f1c19654fd05@group-1F53027F28E3, cid=4258, SUCCESS, logIndex=5954, commits[b50d6464-f54a-40d1-9f81-f1c19654fd05:c5956]
2019-09-12 09:26:40,655 [grpc-default-executor-2] INFO  client.GrpcClientProtocolClient (GrpcClientProtocolClient.java:onNext(264)) - client-8B023739F3BF->b50d6464-f54a-40d1-9f81-f1c19654fd05: receive RaftClientReply:client-8B023739F3BF->b50d6464-f54a-40d1-9f81-f1c19654fd05@group-1F53027F28E3, cid=4259, SUCCESS, logIndex=5955, commits[b50d6464-f54a-40d1-9f81-f1c19654fd05:c5957]
2019-09-12 09:26:40,655 [grpc-default-executor-2] INFO  client.GrpcClientProtocolClient (GrpcClientProtocolClient.java:onNext(264)) - client-8B023739F3BF->b50d6464-f54a-40d1-9f81-f1c19654fd05: receive RaftClientReply:client-8B023739F3BF->b50d6464-f54a-40d1-9f81-f1c19654fd05@group-1F53027F28E3, cid=4260, SUCCESS, logIndex=5956, commits[b50d6464-f54a-40d1-9f81-f1c19654fd05:c5957]
2019-09-12 09:26:40,672 [grpc-default-executor-1] INFO  client.GrpcClientProtocolClient (GrpcClientProtocolClient.java:onNext(264)) - client-8B023739F3BF->b50d6464-f54a-40d1-9f81-f1c19654fd05: receive RaftClientReply:client-8B023739F3BF->b50d6464-f54a-40d1-9f81-f1c19654fd05@group-1F53027F28E3, cid=4261, SUCCESS, logIndex=5958, commits[b50d6464-f54a-40d1-9f81-f1c19654fd05:c5959]
2019-09-12 09:26:40,672 [grpc-default-executor-1] INFO  client.GrpcClientProtocolClient (GrpcClientProtocolClient.java:onNext(264)) - client-8B023739F3BF->b50d6464-f54a-40d1-9f81-f1c19654fd05: receive RaftClientReply:client-8B023739F3BF->b50d6464-f54a-40d1-9f81-f1c19654fd05@group-1F53027F28E3, cid=4262, SUCCESS, logIndex=5959, commits[b50d6464-f54a-40d1-9f81-f1c19654fd05:c5959]
2019-09-12 09:26:40,672 [grpc-default-executor-1] INFO  client.GrpcClientProtocolClient (GrpcClientProtocolClient.java:onNext(264)) - client-8B023739F3BF->b50d6464-f54a-40d1-9f81-f1c19654fd05: receive RaftClientReply:client-8B023739F3BF->b50d6464-f54a-40d1-9f81-f1c19654fd05@group-1F53027F28E3, cid=4263, SUCCESS, logIndex=5960, commits[b50d6464-f54a-40d1-9f81-f1c19654fd05:c5961]
2019-09-12 09:26:40,672 [grpc-default-executor-1] INFO  client.GrpcClientProtocolClient (GrpcClientProtocolClient.java:onNext(264)) - client-8B023739F3BF->b50d6464-f54a-40d1-9f81-f1c19654fd05: receive RaftClientReply:client-8B023739F3BF->b50d6464-f54a-40d1-9f81-f1c19654fd05@group-1F53027F28E3, cid=4264, SUCCESS, logIndex=5961, commits[b50d6464-f54a-40d1-9f81-f1c19654fd05:c5961]
2019-09-12 09:26:40,704 [grpc-default-executor-1] INFO  client.GrpcClientProtocolClient (GrpcClientProtocolClient.java:onNext(264)) - client-8B023739F3BF->b50d6464-f54a-40d1-9f81-f1c19654fd05: receive RaftClientReply:client-8B023739F3BF->b50d6464-f54a-40d1-9f81-f1c19654fd05@group-1F53027F28E3, cid=4265, SUCCESS, logIndex=5964, commits[b50d6464-f54a-40d1-9f81-f1c19654fd05:c5967]
2019-09-12 09:26:40,705 [grpc-default-executor-1] INFO  client.GrpcClientProtocolClient (GrpcClientProtocolClient.java:onNext(264)) - client-8B023739F3BF->b50d6464-f54a-40d1-9f81-f1c19654fd05: receive RaftClientReply:client-8B023739F3BF->b50d6464-f54a-40d1-9f81-f1c19654fd05@group-1F53027F28E3, cid=4266, SUCCESS, logIndex=5965, commits[b50d6464-f54a-40d1-9f81-f1c19654fd05:c5967]
2019-09-12 09:26:40,705 [grpc-default-executor-1] INFO  client.GrpcClientProtocolClient (GrpcClientProtocolClient.java:onNext(264)) - client-8B023739F3BF->b50d6464-f54a-40d1-9f81-f1c19654fd05: receive RaftClientReply:client-8B023739F3BF->b50d6464-f54a-40d1-9f81-f1c19654fd05@group-1F53027F28E3, cid=4267, SUCCESS, logIndex=5966, commits[b50d6464-f54a-40d1-9f81-f1c19654fd05:c5968]
2019-09-12 09:26:40,705 [grpc-default-executor-1] INFO  client.GrpcClientProtocolClient (GrpcClientProtocolClient.java:onNext(264)) - client-8B023739F3BF->b50d6464-f54a-40d1-9f81-f1c19654fd05: receive RaftClientReply:client-8B023739F3BF->b50d6464-f54a-40d1-9f81-f1c19654fd05@group-1F53027F28E3, cid=4268, SUCCESS, logIndex=5967, commits[b50d6464-f54a-40d1-9f81-f1c19654fd05:c5968]
2019-09-12 09:26:40,715 [SCMBlockDeletingService#1] DEBUG block.SCMBlockDeletingService (SCMBlockDeletingService.java:call(138)) - Running DeletedBlockTransactionScanner
2019-09-12 09:26:40,715 [SCMBlockDeletingService#1] DEBUG block.SCMBlockDeletingService (SCMBlockDeletingService.java:call(155)) - Scanned deleted blocks log and got 0 delTX to process.
2019-09-12 09:26:40,722 [grpc-default-executor-1] INFO  client.GrpcClientProtocolClient (GrpcClientProtocolClient.java:onNext(264)) - client-8B023739F3BF->b50d6464-f54a-40d1-9f81-f1c19654fd05: receive RaftClientReply:client-8B023739F3BF->b50d6464-f54a-40d1-9f81-f1c19654fd05@group-1F53027F28E3, cid=4269, SUCCESS, logIndex=5969, commits[b50d6464-f54a-40d1-9f81-f1c19654fd05:c5970]
2019-09-12 09:26:40,722 [grpc-default-executor-1] INFO  client.GrpcClientProtocolClient (GrpcClientProtocolClient.java:onNext(264)) - client-8B023739F3BF->b50d6464-f54a-40d1-9f81-f1c19654fd05: receive RaftClientReply:client-8B023739F3BF->b50d6464-f54a-40d1-9f81-f1c19654fd05@group-1F53027F28E3, cid=4270, SUCCESS, logIndex=5970, commits[b50d6464-f54a-40d1-9f81-f1c19654fd05:c5972]
2019-09-12 09:26:40,722 [grpc-default-executor-1] INFO  client.GrpcClientProtocolClient (GrpcClientProtocolClient.java:onNext(264)) - client-8B023739F3BF->b50d6464-f54a-40d1-9f81-f1c19654fd05: receive RaftClientReply:client-8B023739F3BF->b50d6464-f54a-40d1-9f81-f1c19654fd05@group-1F53027F28E3, cid=4271, SUCCESS, logIndex=5971, commits[b50d6464-f54a-40d1-9f81-f1c19654fd05:c5972]
2019-09-12 09:26:40,722 [grpc-default-executor-1] INFO  client.GrpcClientProtocolClient (GrpcClientProtocolClient.java:onNext(264)) - client-8B023739F3BF->b50d6464-f54a-40d1-9f81-f1c19654fd05: receive RaftClientReply:client-8B023739F3BF->b50d6464-f54a-40d1-9f81-f1c19654fd05@group-1F53027F28E3, cid=4272, SUCCESS, logIndex=5972, commits[b50d6464-f54a-40d1-9f81-f1c19654fd05:c5973]
2019-09-12 09:26:40,750 [grpc-default-executor-1] INFO  client.GrpcClientProtocolClient (GrpcClientProtocolClient.java:onNext(264)) - client-8B023739F3BF->b50d6464-f54a-40d1-9f81-f1c19654fd05: receive RaftClientReply:client-8B023739F3BF->b50d6464-f54a-40d1-9f81-f1c19654fd05@group-1F53027F28E3, cid=4273, SUCCESS, logIndex=5975, commits[b50d6464-f54a-40d1-9f81-f1c19654fd05:c5976]
2019-09-12 09:26:40,751 [grpc-default-executor-1] INFO  client.GrpcClientProtocolClient (GrpcClientProtocolClient.java:onNext(264)) - client-8B023739F3BF->b50d6464-f54a-40d1-9f81-f1c19654fd05: receive RaftClientReply:client-8B023739F3BF->b50d6464-f54a-40d1-9f81-f1c19654fd05@group-1F53027F28E3, cid=4274, SUCCESS, logIndex=5976, commits[b50d6464-f54a-40d1-9f81-f1c19654fd05:c5976]
2019-09-12 09:26:40,753 [grpc-default-executor-1] INFO  client.GrpcClientProtocolClient (GrpcClientProtocolClient.java:onNext(264)) - client-8B023739F3BF->b50d6464-f54a-40d1-9f81-f1c19654fd05: receive RaftClientReply:client-8B023739F3BF->b50d6464-f54a-40d1-9f81-f1c19654fd05@group-1F53027F28E3, cid=4275, SUCCESS, logIndex=5977, commits[b50d6464-f54a-40d1-9f81-f1c19654fd05:c5978]
2019-09-12 09:26:40,753 [grpc-default-executor-1] INFO  client.GrpcClientProtocolClient (GrpcClientProtocolClient.java:onNext(264)) - client-8B023739F3BF->b50d6464-f54a-40d1-9f81-f1c19654fd05: receive RaftClientReply:client-8B023739F3BF->b50d6464-f54a-40d1-9f81-f1c19654fd05@group-1F53027F28E3, cid=4276, SUCCESS, logIndex=5978, commits[b50d6464-f54a-40d1-9f81-f1c19654fd05:c5978]
2019-09-12 09:26:40,770 [grpc-default-executor-1] INFO  client.GrpcClientProtocolClient (GrpcClientProtocolClient.java:onNext(264)) - client-8B023739F3BF->b50d6464-f54a-40d1-9f81-f1c19654fd05: receive RaftClientReply:client-8B023739F3BF->b50d6464-f54a-40d1-9f81-f1c19654fd05@group-1F53027F28E3, cid=4277, SUCCESS, logIndex=5981, commits[b50d6464-f54a-40d1-9f81-f1c19654fd05:c5982]
2019-09-12 09:26:40,770 [grpc-default-executor-1] INFO  client.GrpcClientProtocolClient (GrpcClientProtocolClient.java:onNext(264)) - client-8B023739F3BF->b50d6464-f54a-40d1-9f81-f1c19654fd05: receive RaftClientReply:client-8B023739F3BF->b50d6464-f54a-40d1-9f81-f1c19654fd05@group-1F53027F28E3, cid=4278, SUCCESS, logIndex=5982, commits[b50d6464-f54a-40d1-9f81-f1c19654fd05:c5984]
2019-09-12 09:26:40,770 [grpc-default-executor-1] INFO  client.GrpcClientProtocolClient (GrpcClientProtocolClient.java:onNext(264)) - client-8B023739F3BF->b50d6464-f54a-40d1-9f81-f1c19654fd05: receive RaftClientReply:client-8B023739F3BF->b50d6464-f54a-40d1-9f81-f1c19654fd05@group-1F53027F28E3, cid=4279, SUCCESS, logIndex=5983, commits[b50d6464-f54a-40d1-9f81-f1c19654fd05:c5984]
2019-09-12 09:26:40,770 [grpc-default-executor-1] INFO  client.GrpcClientProtocolClient (GrpcClientProtocolClient.java:onNext(264)) - client-8B023739F3BF->b50d6464-f54a-40d1-9f81-f1c19654fd05: receive RaftClientReply:client-8B023739F3BF->b50d6464-f54a-40d1-9f81-f1c19654fd05@group-1F53027F28E3, cid=4280, SUCCESS, logIndex=5984, commits[b50d6464-f54a-40d1-9f81-f1c19654fd05:c5984]
2019-09-12 09:26:40,796 [grpc-default-executor-2] INFO  client.GrpcClientProtocolClient (GrpcClientProtocolClient.java:onNext(264)) - client-8B023739F3BF->b50d6464-f54a-40d1-9f81-f1c19654fd05: receive RaftClientReply:client-8B023739F3BF->b50d6464-f54a-40d1-9f81-f1c19654fd05@group-1F53027F28E3, cid=4281, SUCCESS, logIndex=5987, commits[b50d6464-f54a-40d1-9f81-f1c19654fd05:c5987]
2019-09-12 09:26:40,797 [grpc-default-executor-2] INFO  client.GrpcClientProtocolClient (GrpcClientProtocolClient.java:onNext(264)) - client-8B023739F3BF->b50d6464-f54a-40d1-9f81-f1c19654fd05: receive RaftClientReply:client-8B023739F3BF->b50d6464-f54a-40d1-9f81-f1c19654fd05@group-1F53027F28E3, cid=4282, SUCCESS, logIndex=5988, commits[b50d6464-f54a-40d1-9f81-f1c19654fd05:c5990]
2019-09-12 09:26:40,797 [grpc-default-executor-2] INFO  client.GrpcClientProtocolClient (GrpcClientProtocolClient.java:onNext(264)) - client-8B023739F3BF->b50d6464-f54a-40d1-9f81-f1c19654fd05: receive RaftClientReply:client-8B023739F3BF->b50d6464-f54a-40d1-9f81-f1c19654fd05@group-1F53027F28E3, cid=4283, SUCCESS, logIndex=5989, commits[b50d6464-f54a-40d1-9f81-f1c19654fd05:c5991]
2019-09-12 09:26:40,797 [grpc-default-executor-2] INFO  client.GrpcClientProtocolClient (GrpcClientProtocolClient.java:onNext(264)) - client-8B023739F3BF->b50d6464-f54a-40d1-9f81-f1c19654fd05: receive RaftClientReply:client-8B023739F3BF->b50d6464-f54a-40d1-9f81-f1c19654fd05@group-1F53027F28E3, cid=4284, SUCCESS, logIndex=5990, commits[b50d6464-f54a-40d1-9f81-f1c19654fd05:c5991]
2019-09-12 09:26:40,813 [grpc-default-executor-2] INFO  client.GrpcClientProtocolClient (GrpcClientProtocolClient.java:onNext(264)) - client-8B023739F3BF->b50d6464-f54a-40d1-9f81-f1c19654fd05: receive RaftClientReply:client-8B023739F3BF->b50d6464-f54a-40d1-9f81-f1c19654fd05@group-1F53027F28E3, cid=4285, SUCCESS, logIndex=5993, commits[b50d6464-f54a-40d1-9f81-f1c19654fd05:c5994]
2019-09-12 09:26:40,813 [grpc-default-executor-2] INFO  client.GrpcClientProtocolClient (GrpcClientProtocolClient.java:onNext(264)) - client-8B023739F3BF->b50d6464-f54a-40d1-9f81-f1c19654fd05: receive RaftClientReply:client-8B023739F3BF->b50d6464-f54a-40d1-9f81-f1c19654fd05@group-1F53027F28E3, cid=4286, SUCCESS, logIndex=5994, commits[b50d6464-f54a-40d1-9f81-f1c19654fd05:c5994]
2019-09-12 09:26:40,813 [grpc-default-executor-2] INFO  client.GrpcClientProtocolClient (GrpcClientProtocolClient.java:onNext(264)) - client-8B023739F3BF->b50d6464-f54a-40d1-9f81-f1c19654fd05: receive RaftClientReply:client-8B023739F3BF->b50d6464-f54a-40d1-9f81-f1c19654fd05@group-1F53027F28E3, cid=4287, SUCCESS, logIndex=5995, commits[b50d6464-f54a-40d1-9f81-f1c19654fd05:c5996]
2019-09-12 09:26:40,814 [grpc-default-executor-2] INFO  client.GrpcClientProtocolClient (GrpcClientProtocolClient.java:onNext(264)) - client-8B023739F3BF->b50d6464-f54a-40d1-9f81-f1c19654fd05: receive RaftClientReply:client-8B023739F3BF->b50d6464-f54a-40d1-9f81-f1c19654fd05@group-1F53027F28E3, cid=4288, SUCCESS, logIndex=5996, commits[b50d6464-f54a-40d1-9f81-f1c19654fd05:c5996]
2019-09-12 09:26:40,815 [SCMBlockDeletingService#0] DEBUG block.SCMBlockDeletingService (SCMBlockDeletingService.java:call(138)) - Running DeletedBlockTransactionScanner
2019-09-12 09:26:40,815 [SCMBlockDeletingService#0] DEBUG block.SCMBlockDeletingService (SCMBlockDeletingService.java:call(155)) - Scanned deleted blocks log and got 0 delTX to process.
2019-09-12 09:26:40,915 [SCMBlockDeletingService#0] DEBUG block.SCMBlockDeletingService (SCMBlockDeletingService.java:call(138)) - Running DeletedBlockTransactionScanner
2019-09-12 09:26:40,916 [SCMBlockDeletingService#0] DEBUG block.SCMBlockDeletingService (SCMBlockDeletingService.java:call(155)) - Scanned deleted blocks log and got 0 delTX to process.
2019-09-12 09:26:40,940 [grpc-default-executor-1] INFO  client.GrpcClientProtocolClient (GrpcClientProtocolClient.java:onNext(264)) - client-8B023739F3BF->b50d6464-f54a-40d1-9f81-f1c19654fd05: receive RaftClientReply:client-8B023739F3BF->b50d6464-f54a-40d1-9f81-f1c19654fd05@group-1F53027F28E3, cid=4289, SUCCESS, logIndex=5999, commits[b50d6464-f54a-40d1-9f81-f1c19654fd05:c6000]
2019-09-12 09:26:40,941 [grpc-default-executor-1] INFO  client.GrpcClientProtocolClient (GrpcClientProtocolClient.java:onNext(264)) - client-8B023739F3BF->b50d6464-f54a-40d1-9f81-f1c19654fd05: receive RaftClientReply:client-8B023739F3BF->b50d6464-f54a-40d1-9f81-f1c19654fd05@group-1F53027F28E3, cid=4290, SUCCESS, logIndex=6000, commits[b50d6464-f54a-40d1-9f81-f1c19654fd05:c6000]
2019-09-12 09:26:40,941 [grpc-default-executor-1] INFO  client.GrpcClientProtocolClient (GrpcClientProtocolClient.java:onNext(264)) - client-8B023739F3BF->b50d6464-f54a-40d1-9f81-f1c19654fd05: receive RaftClientReply:client-8B023739F3BF->b50d6464-f54a-40d1-9f81-f1c19654fd05@group-1F53027F28E3, cid=4291, SUCCESS, logIndex=6001, commits[b50d6464-f54a-40d1-9f81-f1c19654fd05:c6002]
2019-09-12 09:26:40,941 [grpc-default-executor-1] INFO  client.GrpcClientProtocolClient (GrpcClientProtocolClient.java:onNext(264)) - client-8B023739F3BF->b50d6464-f54a-40d1-9f81-f1c19654fd05: receive RaftClientReply:client-8B023739F3BF->b50d6464-f54a-40d1-9f81-f1c19654fd05@group-1F53027F28E3, cid=4292, SUCCESS, logIndex=6002, commits[b50d6464-f54a-40d1-9f81-f1c19654fd05:c6002]
2019-09-12 09:26:40,959 [grpc-default-executor-2] INFO  client.GrpcClientProtocolClient (GrpcClientProtocolClient.java:onNext(264)) - client-8B023739F3BF->b50d6464-f54a-40d1-9f81-f1c19654fd05: receive RaftClientReply:client-8B023739F3BF->b50d6464-f54a-40d1-9f81-f1c19654fd05@group-1F53027F28E3, cid=4293, SUCCESS, logIndex=6005, commits[b50d6464-f54a-40d1-9f81-f1c19654fd05:c6006]
2019-09-12 09:26:40,959 [grpc-default-executor-2] INFO  client.GrpcClientProtocolClient (GrpcClientProtocolClient.java:onNext(264)) - client-8B023739F3BF->b50d6464-f54a-40d1-9f81-f1c19654fd05: receive RaftClientReply:client-8B023739F3BF->b50d6464-f54a-40d1-9f81-f1c19654fd05@group-1F53027F28E3, cid=4294, SUCCESS, logIndex=6006, commits[b50d6464-f54a-40d1-9f81-f1c19654fd05:c6006]
2019-09-12 09:26:40,960 [grpc-default-executor-2] INFO  client.GrpcClientProtocolClient (GrpcClientProtocolClient.java:onNext(264)) - client-8B023739F3BF->b50d6464-f54a-40d1-9f81-f1c19654fd05: receive RaftClientReply:client-8B023739F3BF->b50d6464-f54a-40d1-9f81-f1c19654fd05@group-1F53027F28E3, cid=4295, SUCCESS, logIndex=6007, commits[b50d6464-f54a-40d1-9f81-f1c19654fd05:c6008]
2019-09-12 09:26:40,960 [grpc-default-executor-2] INFO  client.GrpcClientProtocolClient (GrpcClientProtocolClient.java:onNext(264)) - client-8B023739F3BF->b50d6464-f54a-40d1-9f81-f1c19654fd05: receive RaftClientReply:client-8B023739F3BF->b50d6464-f54a-40d1-9f81-f1c19654fd05@group-1F53027F28E3, cid=4296, SUCCESS, logIndex=6008, commits[b50d6464-f54a-40d1-9f81-f1c19654fd05:c6008]
2019-09-12 09:26:40,988 [grpc-default-executor-2] INFO  client.GrpcClientProtocolClient (GrpcClientProtocolClient.java:onNext(264)) - client-8B023739F3BF->b50d6464-f54a-40d1-9f81-f1c19654fd05: receive RaftClientReply:client-8B023739F3BF->b50d6464-f54a-40d1-9f81-f1c19654fd05@group-1F53027F28E3, cid=4297, SUCCESS, logIndex=6011, commits[b50d6464-f54a-40d1-9f81-f1c19654fd05:c6014]
2019-09-12 09:26:40,989 [grpc-default-executor-2] INFO  client.GrpcClientProtocolClient (GrpcClientProtocolClient.java:onNext(264)) - client-8B023739F3BF->b50d6464-f54a-40d1-9f81-f1c19654fd05: receive RaftClientReply:client-8B023739F3BF->b50d6464-f54a-40d1-9f81-f1c19654fd05@group-1F53027F28E3, cid=4298, SUCCESS, logIndex=6012, commits[b50d6464-f54a-40d1-9f81-f1c19654fd05:c6014]
2019-09-12 09:26:40,989 [grpc-default-executor-2] INFO  client.GrpcClientProtocolClient (GrpcClientProtocolClient.java:onNext(264)) - client-8B023739F3BF->b50d6464-f54a-40d1-9f81-f1c19654fd05: receive RaftClientReply:client-8B023739F3BF->b50d6464-f54a-40d1-9f81-f1c19654fd05@group-1F53027F28E3, cid=4299, SUCCESS, logIndex=6013, commits[b50d6464-f54a-40d1-9f81-f1c19654fd05:c6014]
2019-09-12 09:26:40,989 [grpc-default-executor-2] INFO  client.GrpcClientProtocolClient (GrpcClientProtocolClient.java:onNext(264)) - client-8B023739F3BF->b50d6464-f54a-40d1-9f81-f1c19654fd05: receive RaftClientReply:client-8B023739F3BF->b50d6464-f54a-40d1-9f81-f1c19654fd05@group-1F53027F28E3, cid=4300, SUCCESS, logIndex=6014, commits[b50d6464-f54a-40d1-9f81-f1c19654fd05:c6014]
2019-09-12 09:26:41,016 [SCMBlockDeletingService#0] DEBUG block.SCMBlockDeletingService (SCMBlockDeletingService.java:call(138)) - Running DeletedBlockTransactionScanner
2019-09-12 09:26:41,016 [SCMBlockDeletingService#0] DEBUG block.SCMBlockDeletingService (SCMBlockDeletingService.java:call(155)) - Scanned deleted blocks log and got 0 delTX to process.
2019-09-12 09:26:41,117 [SCMBlockDeletingService#0] DEBUG block.SCMBlockDeletingService (SCMBlockDeletingService.java:call(138)) - Running DeletedBlockTransactionScanner
2019-09-12 09:26:41,117 [SCMBlockDeletingService#0] DEBUG block.SCMBlockDeletingService (SCMBlockDeletingService.java:call(155)) - Scanned deleted blocks log and got 0 delTX to process.
2019-09-12 09:26:41,217 [SCMBlockDeletingService#0] DEBUG block.SCMBlockDeletingService (SCMBlockDeletingService.java:call(138)) - Running DeletedBlockTransactionScanner
2019-09-12 09:26:41,217 [SCMBlockDeletingService#0] DEBUG block.SCMBlockDeletingService (SCMBlockDeletingService.java:call(155)) - Scanned deleted blocks log and got 0 delTX to process.
2019-09-12 09:26:41,277 [grpc-default-executor-2] INFO  client.GrpcClientProtocolClient (GrpcClientProtocolClient.java:onNext(264)) - client-8B023739F3BF->b50d6464-f54a-40d1-9f81-f1c19654fd05: receive RaftClientReply:client-8B023739F3BF->b50d6464-f54a-40d1-9f81-f1c19654fd05@group-1F53027F28E3, cid=4301, SUCCESS, logIndex=6016, commits[b50d6464-f54a-40d1-9f81-f1c19654fd05:c6017]
2019-09-12 09:26:41,277 [grpc-default-executor-2] INFO  client.GrpcClientProtocolClient (GrpcClientProtocolClient.java:onNext(264)) - client-8B023739F3BF->b50d6464-f54a-40d1-9f81-f1c19654fd05: receive RaftClientReply:client-8B023739F3BF->b50d6464-f54a-40d1-9f81-f1c19654fd05@group-1F53027F28E3, cid=4302, SUCCESS, logIndex=6017, commits[b50d6464-f54a-40d1-9f81-f1c19654fd05:c6019]
2019-09-12 09:26:41,277 [grpc-default-executor-2] INFO  client.GrpcClientProtocolClient (GrpcClientProtocolClient.java:onNext(264)) - client-8B023739F3BF->b50d6464-f54a-40d1-9f81-f1c19654fd05: receive RaftClientReply:client-8B023739F3BF->b50d6464-f54a-40d1-9f81-f1c19654fd05@group-1F53027F28E3, cid=4303, SUCCESS, logIndex=6018, commits[b50d6464-f54a-40d1-9f81-f1c19654fd05:c6019]
2019-09-12 09:26:41,278 [grpc-default-executor-2] INFO  client.GrpcClientProtocolClient (GrpcClientProtocolClient.java:onNext(264)) - client-8B023739F3BF->b50d6464-f54a-40d1-9f81-f1c19654fd05: receive RaftClientReply:client-8B023739F3BF->b50d6464-f54a-40d1-9f81-f1c19654fd05@group-1F53027F28E3, cid=4304, SUCCESS, logIndex=6019, commits[b50d6464-f54a-40d1-9f81-f1c19654fd05:c6020]
2019-09-12 09:26:41,318 [SCMBlockDeletingService#0] DEBUG block.SCMBlockDeletingService (SCMBlockDeletingService.java:call(138)) - Running DeletedBlockTransactionScanner
2019-09-12 09:26:41,318 [SCMBlockDeletingService#0] DEBUG block.SCMBlockDeletingService (SCMBlockDeletingService.java:call(155)) - Scanned deleted blocks log and got 0 delTX to process.
2019-09-12 09:26:41,322 [grpc-default-executor-1] INFO  client.GrpcClientProtocolClient (GrpcClientProtocolClient.java:onNext(264)) - client-8B023739F3BF->b50d6464-f54a-40d1-9f81-f1c19654fd05: receive RaftClientReply:client-8B023739F3BF->b50d6464-f54a-40d1-9f81-f1c19654fd05@group-1F53027F28E3, cid=4305, SUCCESS, logIndex=6022, commits[b50d6464-f54a-40d1-9f81-f1c19654fd05:c6025]
2019-09-12 09:26:41,322 [grpc-default-executor-1] INFO  client.GrpcClientProtocolClient (GrpcClientProtocolClient.java:onNext(264)) - client-8B023739F3BF->b50d6464-f54a-40d1-9f81-f1c19654fd05: receive RaftClientReply:client-8B023739F3BF->b50d6464-f54a-40d1-9f81-f1c19654fd05@group-1F53027F28E3, cid=4306, SUCCESS, logIndex=6023, commits[b50d6464-f54a-40d1-9f81-f1c19654fd05:c6026]
2019-09-12 09:26:41,323 [grpc-default-executor-1] INFO  client.GrpcClientProtocolClient (GrpcClientProtocolClient.java:onNext(264)) - client-8B023739F3BF->b50d6464-f54a-40d1-9f81-f1c19654fd05: receive RaftClientReply:client-8B023739F3BF->b50d6464-f54a-40d1-9f81-f1c19654fd05@group-1F53027F28E3, cid=4307, SUCCESS, logIndex=6024, commits[b50d6464-f54a-40d1-9f81-f1c19654fd05:c6026]
2019-09-12 09:26:41,323 [grpc-default-executor-1] INFO  client.GrpcClientProtocolClient (GrpcClientProtocolClient.java:onNext(264)) - client-8B023739F3BF->b50d6464-f54a-40d1-9f81-f1c19654fd05: receive RaftClientReply:client-8B023739F3BF->b50d6464-f54a-40d1-9f81-f1c19654fd05@group-1F53027F28E3, cid=4308, SUCCESS, logIndex=6025, commits[b50d6464-f54a-40d1-9f81-f1c19654fd05:c6026]
2019-09-12 09:26:41,342 [grpc-default-executor-2] INFO  client.GrpcClientProtocolClient (GrpcClientProtocolClient.java:onNext(264)) - client-8B023739F3BF->b50d6464-f54a-40d1-9f81-f1c19654fd05: receive RaftClientReply:client-8B023739F3BF->b50d6464-f54a-40d1-9f81-f1c19654fd05@group-1F53027F28E3, cid=4309, SUCCESS, logIndex=6027, commits[b50d6464-f54a-40d1-9f81-f1c19654fd05:c6030]
2019-09-12 09:26:41,342 [grpc-default-executor-2] INFO  client.GrpcClientProtocolClient (GrpcClientProtocolClient.java:onNext(264)) - client-8B023739F3BF->b50d6464-f54a-40d1-9f81-f1c19654fd05: receive RaftClientReply:client-8B023739F3BF->b50d6464-f54a-40d1-9f81-f1c19654fd05@group-1F53027F28E3, cid=4310, SUCCESS, logIndex=6028, commits[b50d6464-f54a-40d1-9f81-f1c19654fd05:c6031]
2019-09-12 09:26:41,343 [grpc-default-executor-2] INFO  client.GrpcClientProtocolClient (GrpcClientProtocolClient.java:onNext(264)) - client-8B023739F3BF->b50d6464-f54a-40d1-9f81-f1c19654fd05: receive RaftClientReply:client-8B023739F3BF->b50d6464-f54a-40d1-9f81-f1c19654fd05@group-1F53027F28E3, cid=4311, SUCCESS, logIndex=6029, commits[b50d6464-f54a-40d1-9f81-f1c19654fd05:c6031]
2019-09-12 09:26:41,343 [grpc-default-executor-2] INFO  client.GrpcClientProtocolClient (GrpcClientProtocolClient.java:onNext(264)) - client-8B023739F3BF->b50d6464-f54a-40d1-9f81-f1c19654fd05: receive RaftClientReply:client-8B023739F3BF->b50d6464-f54a-40d1-9f81-f1c19654fd05@group-1F53027F28E3, cid=4312, SUCCESS, logIndex=6030, commits[b50d6464-f54a-40d1-9f81-f1c19654fd05:c6031]
2019-09-12 09:26:41,368 [grpc-default-executor-2] INFO  client.GrpcClientProtocolClient (GrpcClientProtocolClient.java:onNext(264)) - client-8B023739F3BF->b50d6464-f54a-40d1-9f81-f1c19654fd05: receive RaftClientReply:client-8B023739F3BF->b50d6464-f54a-40d1-9f81-f1c19654fd05@group-1F53027F28E3, cid=4313, SUCCESS, logIndex=6032, commits[b50d6464-f54a-40d1-9f81-f1c19654fd05:c6033]
2019-09-12 09:26:41,368 [grpc-default-executor-2] INFO  client.GrpcClientProtocolClient (GrpcClientProtocolClient.java:onNext(264)) - client-8B023739F3BF->b50d6464-f54a-40d1-9f81-f1c19654fd05: receive RaftClientReply:client-8B023739F3BF->b50d6464-f54a-40d1-9f81-f1c19654fd05@group-1F53027F28E3, cid=4314, SUCCESS, logIndex=6033, commits[b50d6464-f54a-40d1-9f81-f1c19654fd05:c6035]
2019-09-12 09:26:41,369 [grpc-default-executor-2] INFO  client.GrpcClientProtocolClient (GrpcClientProtocolClient.java:onNext(264)) - client-8B023739F3BF->b50d6464-f54a-40d1-9f81-f1c19654fd05: receive RaftClientReply:client-8B023739F3BF->b50d6464-f54a-40d1-9f81-f1c19654fd05@group-1F53027F28E3, cid=4315, SUCCESS, logIndex=6034, commits[b50d6464-f54a-40d1-9f81-f1c19654fd05:c6036]
2019-09-12 09:26:41,369 [grpc-default-executor-2] INFO  client.GrpcClientProtocolClient (GrpcClientProtocolClient.java:onNext(264)) - client-8B023739F3BF->b50d6464-f54a-40d1-9f81-f1c19654fd05: receive RaftClientReply:client-8B023739F3BF->b50d6464-f54a-40d1-9f81-f1c19654fd05@group-1F53027F28E3, cid=4316, SUCCESS, logIndex=6035, commits[b50d6464-f54a-40d1-9f81-f1c19654fd05:c6036]
2019-09-12 09:26:41,387 [grpc-default-executor-2] INFO  client.GrpcClientProtocolClient (GrpcClientProtocolClient.java:onNext(264)) - client-8B023739F3BF->b50d6464-f54a-40d1-9f81-f1c19654fd05: receive RaftClientReply:client-8B023739F3BF->b50d6464-f54a-40d1-9f81-f1c19654fd05@group-1F53027F28E3, cid=4317, SUCCESS, logIndex=6038, commits[b50d6464-f54a-40d1-9f81-f1c19654fd05:c6039]
2019-09-12 09:26:41,387 [grpc-default-executor-2] INFO  client.GrpcClientProtocolClient (GrpcClientProtocolClient.java:onNext(264)) - client-8B023739F3BF->b50d6464-f54a-40d1-9f81-f1c19654fd05: receive RaftClientReply:client-8B023739F3BF->b50d6464-f54a-40d1-9f81-f1c19654fd05@group-1F53027F28E3, cid=4318, SUCCESS, logIndex=6039, commits[b50d6464-f54a-40d1-9f81-f1c19654fd05:c6041]
2019-09-12 09:26:41,387 [grpc-default-executor-2] INFO  client.GrpcClientProtocolClient (GrpcClientProtocolClient.java:onNext(264)) - client-8B023739F3BF->b50d6464-f54a-40d1-9f81-f1c19654fd05: receive RaftClientReply:client-8B023739F3BF->b50d6464-f54a-40d1-9f81-f1c19654fd05@group-1F53027F28E3, cid=4319, SUCCESS, logIndex=6040, commits[b50d6464-f54a-40d1-9f81-f1c19654fd05:c6041]
2019-09-12 09:26:41,388 [grpc-default-executor-2] INFO  client.GrpcClientProtocolClient (GrpcClientProtocolClient.java:onNext(264)) - client-8B023739F3BF->b50d6464-f54a-40d1-9f81-f1c19654fd05: receive RaftClientReply:client-8B023739F3BF->b50d6464-f54a-40d1-9f81-f1c19654fd05@group-1F53027F28E3, cid=4320, SUCCESS, logIndex=6041, commits[b50d6464-f54a-40d1-9f81-f1c19654fd05:c6042]
2019-09-12 09:26:41,415 [grpc-default-executor-2] INFO  client.GrpcClientProtocolClient (GrpcClientProtocolClient.java:onNext(264)) - client-8B023739F3BF->b50d6464-f54a-40d1-9f81-f1c19654fd05: receive RaftClientReply:client-8B023739F3BF->b50d6464-f54a-40d1-9f81-f1c19654fd05@group-1F53027F28E3, cid=4321, SUCCESS, logIndex=6044, commits[b50d6464-f54a-40d1-9f81-f1c19654fd05:c6045]
2019-09-12 09:26:41,416 [grpc-default-executor-2] INFO  client.GrpcClientProtocolClient (GrpcClientProtocolClient.java:onNext(264)) - client-8B023739F3BF->b50d6464-f54a-40d1-9f81-f1c19654fd05: receive RaftClientReply:client-8B023739F3BF->b50d6464-f54a-40d1-9f81-f1c19654fd05@group-1F53027F28E3, cid=4322, SUCCESS, logIndex=6045, commits[b50d6464-f54a-40d1-9f81-f1c19654fd05:c6047]
2019-09-12 09:26:41,416 [grpc-default-executor-2] INFO  client.GrpcClientProtocolClient (GrpcClientProtocolClient.java:onNext(264)) - client-8B023739F3BF->b50d6464-f54a-40d1-9f81-f1c19654fd05: receive RaftClientReply:client-8B023739F3BF->b50d6464-f54a-40d1-9f81-f1c19654fd05@group-1F53027F28E3, cid=4323, SUCCESS, logIndex=6046, commits[b50d6464-f54a-40d1-9f81-f1c19654fd05:c6047]
2019-09-12 09:26:41,417 [grpc-default-executor-2] INFO  client.GrpcClientProtocolClient (GrpcClientProtocolClient.java:onNext(264)) - client-8B023739F3BF->b50d6464-f54a-40d1-9f81-f1c19654fd05: receive RaftClientReply:client-8B023739F3BF->b50d6464-f54a-40d1-9f81-f1c19654fd05@group-1F53027F28E3, cid=4324, SUCCESS, logIndex=6047, commits[b50d6464-f54a-40d1-9f81-f1c19654fd05:c6048]
2019-09-12 09:26:41,418 [SCMBlockDeletingService#0] DEBUG block.SCMBlockDeletingService (SCMBlockDeletingService.java:call(138)) - Running DeletedBlockTransactionScanner
2019-09-12 09:26:41,419 [SCMBlockDeletingService#0] DEBUG block.SCMBlockDeletingService (SCMBlockDeletingService.java:call(155)) - Scanned deleted blocks log and got 0 delTX to process.
2019-09-12 09:26:41,434 [grpc-default-executor-2] INFO  client.GrpcClientProtocolClient (GrpcClientProtocolClient.java:onNext(264)) - client-8B023739F3BF->b50d6464-f54a-40d1-9f81-f1c19654fd05: receive RaftClientReply:client-8B023739F3BF->b50d6464-f54a-40d1-9f81-f1c19654fd05@group-1F53027F28E3, cid=4325, SUCCESS, logIndex=6050, commits[b50d6464-f54a-40d1-9f81-f1c19654fd05:c6051]
2019-09-12 09:26:41,434 [grpc-default-executor-2] INFO  client.GrpcClientProtocolClient (GrpcClientProtocolClient.java:onNext(264)) - client-8B023739F3BF->b50d6464-f54a-40d1-9f81-f1c19654fd05: receive RaftClientReply:client-8B023739F3BF->b50d6464-f54a-40d1-9f81-f1c19654fd05@group-1F53027F28E3, cid=4326, SUCCESS, logIndex=6051, commits[b50d6464-f54a-40d1-9f81-f1c19654fd05:c6053]
2019-09-12 09:26:41,434 [grpc-default-executor-2] INFO  client.GrpcClientProtocolClient (GrpcClientProtocolClient.java:onNext(264)) - client-8B023739F3BF->b50d6464-f54a-40d1-9f81-f1c19654fd05: receive RaftClientReply:client-8B023739F3BF->b50d6464-f54a-40d1-9f81-f1c19654fd05@group-1F53027F28E3, cid=4327, SUCCESS, logIndex=6052, commits[b50d6464-f54a-40d1-9f81-f1c19654fd05:c6054]
2019-09-12 09:26:41,435 [grpc-default-executor-2] INFO  client.GrpcClientProtocolClient (GrpcClientProtocolClient.java:onNext(264)) - client-8B023739F3BF->b50d6464-f54a-40d1-9f81-f1c19654fd05: receive RaftClientReply:client-8B023739F3BF->b50d6464-f54a-40d1-9f81-f1c19654fd05@group-1F53027F28E3, cid=4328, SUCCESS, logIndex=6053, commits[b50d6464-f54a-40d1-9f81-f1c19654fd05:c6054]
2019-09-12 09:26:41,464 [grpc-default-executor-2] INFO  client.GrpcClientProtocolClient (GrpcClientProtocolClient.java:onNext(264)) - client-8B023739F3BF->b50d6464-f54a-40d1-9f81-f1c19654fd05: receive RaftClientReply:client-8B023739F3BF->b50d6464-f54a-40d1-9f81-f1c19654fd05@group-1F53027F28E3, cid=4329, SUCCESS, logIndex=6056, commits[b50d6464-f54a-40d1-9f81-f1c19654fd05:c6056]
2019-09-12 09:26:41,465 [grpc-default-executor-2] INFO  client.GrpcClientProtocolClient (GrpcClientProtocolClient.java:onNext(264)) - client-8B023739F3BF->b50d6464-f54a-40d1-9f81-f1c19654fd05: receive RaftClientReply:client-8B023739F3BF->b50d6464-f54a-40d1-9f81-f1c19654fd05@group-1F53027F28E3, cid=4330, SUCCESS, logIndex=6057, commits[b50d6464-f54a-40d1-9f81-f1c19654fd05:c6059]
2019-09-12 09:26:41,465 [grpc-default-executor-2] INFO  client.GrpcClientProtocolClient (GrpcClientProtocolClient.java:onNext(264)) - client-8B023739F3BF->b50d6464-f54a-40d1-9f81-f1c19654fd05: receive RaftClientReply:client-8B023739F3BF->b50d6464-f54a-40d1-9f81-f1c19654fd05@group-1F53027F28E3, cid=4331, SUCCESS, logIndex=6058, commits[b50d6464-f54a-40d1-9f81-f1c19654fd05:c6059]
2019-09-12 09:26:41,466 [grpc-default-executor-2] INFO  client.GrpcClientProtocolClient (GrpcClientProtocolClient.java:onNext(264)) - client-8B023739F3BF->b50d6464-f54a-40d1-9f81-f1c19654fd05: receive RaftClientReply:client-8B023739F3BF->b50d6464-f54a-40d1-9f81-f1c19654fd05@group-1F53027F28E3, cid=4332, SUCCESS, logIndex=6059, commits[b50d6464-f54a-40d1-9f81-f1c19654fd05:c6059]
2019-09-12 09:26:41,521 [SCMBlockDeletingService#0] DEBUG block.SCMBlockDeletingService (SCMBlockDeletingService.java:call(138)) - Running DeletedBlockTransactionScanner
2019-09-12 09:26:41,521 [SCMBlockDeletingService#0] DEBUG block.SCMBlockDeletingService (SCMBlockDeletingService.java:call(155)) - Scanned deleted blocks log and got 0 delTX to process.
2019-09-12 09:26:41,621 [SCMBlockDeletingService#0] DEBUG block.SCMBlockDeletingService (SCMBlockDeletingService.java:call(138)) - Running DeletedBlockTransactionScanner
2019-09-12 09:26:41,622 [SCMBlockDeletingService#0] DEBUG block.SCMBlockDeletingService (SCMBlockDeletingService.java:call(155)) - Scanned deleted blocks log and got 0 delTX to process.
2019-09-12 09:26:41,722 [SCMBlockDeletingService#0] DEBUG block.SCMBlockDeletingService (SCMBlockDeletingService.java:call(138)) - Running DeletedBlockTransactionScanner
2019-09-12 09:26:41,722 [SCMBlockDeletingService#0] DEBUG block.SCMBlockDeletingService (SCMBlockDeletingService.java:call(155)) - Scanned deleted blocks log and got 0 delTX to process.
2019-09-12 09:26:41,822 [SCMBlockDeletingService#0] DEBUG block.SCMBlockDeletingService (SCMBlockDeletingService.java:call(138)) - Running DeletedBlockTransactionScanner
2019-09-12 09:26:41,822 [SCMBlockDeletingService#0] DEBUG block.SCMBlockDeletingService (SCMBlockDeletingService.java:call(155)) - Scanned deleted blocks log and got 0 delTX to process.
2019-09-12 09:26:41,923 [SCMBlockDeletingService#0] DEBUG block.SCMBlockDeletingService (SCMBlockDeletingService.java:call(138)) - Running DeletedBlockTransactionScanner
2019-09-12 09:26:41,923 [SCMBlockDeletingService#0] DEBUG block.SCMBlockDeletingService (SCMBlockDeletingService.java:call(155)) - Scanned deleted blocks log and got 0 delTX to process.
2019-09-12 09:26:42,023 [SCMBlockDeletingService#1] DEBUG block.SCMBlockDeletingService (SCMBlockDeletingService.java:call(138)) - Running DeletedBlockTransactionScanner
2019-09-12 09:26:42,023 [SCMBlockDeletingService#1] DEBUG block.SCMBlockDeletingService (SCMBlockDeletingService.java:call(155)) - Scanned deleted blocks log and got 0 delTX to process.
2019-09-12 09:26:42,028 [grpc-default-executor-1] INFO  client.GrpcClientProtocolClient (GrpcClientProtocolClient.java:onNext(264)) - client-8B023739F3BF->b50d6464-f54a-40d1-9f81-f1c19654fd05: receive RaftClientReply:client-8B023739F3BF->b50d6464-f54a-40d1-9f81-f1c19654fd05@group-1F53027F28E3, cid=4333, SUCCESS, logIndex=6062, commits[b50d6464-f54a-40d1-9f81-f1c19654fd05:c6065]
2019-09-12 09:26:42,028 [grpc-default-executor-1] INFO  client.GrpcClientProtocolClient (GrpcClientProtocolClient.java:onNext(264)) - client-8B023739F3BF->b50d6464-f54a-40d1-9f81-f1c19654fd05: receive RaftClientReply:client-8B023739F3BF->b50d6464-f54a-40d1-9f81-f1c19654fd05@group-1F53027F28E3, cid=4334, SUCCESS, logIndex=6063, commits[b50d6464-f54a-40d1-9f81-f1c19654fd05:c6066]
2019-09-12 09:26:42,029 [grpc-default-executor-1] INFO  client.GrpcClientProtocolClient (GrpcClientProtocolClient.java:onNext(264)) - client-8B023739F3BF->b50d6464-f54a-40d1-9f81-f1c19654fd05: receive RaftClientReply:client-8B023739F3BF->b50d6464-f54a-40d1-9f81-f1c19654fd05@group-1F53027F28E3, cid=4335, SUCCESS, logIndex=6064, commits[b50d6464-f54a-40d1-9f81-f1c19654fd05:c6066]
2019-09-12 09:26:42,029 [grpc-default-executor-1] INFO  client.GrpcClientProtocolClient (GrpcClientProtocolClient.java:onNext(264)) - client-8B023739F3BF->b50d6464-f54a-40d1-9f81-f1c19654fd05: receive RaftClientReply:client-8B023739F3BF->b50d6464-f54a-40d1-9f81-f1c19654fd05@group-1F53027F28E3, cid=4336, SUCCESS, logIndex=6065, commits[b50d6464-f54a-40d1-9f81-f1c19654fd05:c6066]
2019-09-12 09:26:42,064 [grpc-default-executor-1] INFO  client.GrpcClientProtocolClient (GrpcClientProtocolClient.java:onNext(264)) - client-8B023739F3BF->b50d6464-f54a-40d1-9f81-f1c19654fd05: receive RaftClientReply:client-8B023739F3BF->b50d6464-f54a-40d1-9f81-f1c19654fd05@group-1F53027F28E3, cid=4337, SUCCESS, logIndex=6067, commits[b50d6464-f54a-40d1-9f81-f1c19654fd05:c6070]
2019-09-12 09:26:42,065 [grpc-default-executor-1] INFO  client.GrpcClientProtocolClient (GrpcClientProtocolClient.java:onNext(264)) - client-8B023739F3BF->b50d6464-f54a-40d1-9f81-f1c19654fd05: receive RaftClientReply:client-8B023739F3BF->b50d6464-f54a-40d1-9f81-f1c19654fd05@group-1F53027F28E3, cid=4338, SUCCESS, logIndex=6068, commits[b50d6464-f54a-40d1-9f81-f1c19654fd05:c6071]
2019-09-12 09:26:42,065 [grpc-default-executor-1] INFO  client.GrpcClientProtocolClient (GrpcClientProtocolClient.java:onNext(264)) - client-8B023739F3BF->b50d6464-f54a-40d1-9f81-f1c19654fd05: receive RaftClientReply:client-8B023739F3BF->b50d6464-f54a-40d1-9f81-f1c19654fd05@group-1F53027F28E3, cid=4339, SUCCESS, logIndex=6069, commits[b50d6464-f54a-40d1-9f81-f1c19654fd05:c6071]
2019-09-12 09:26:42,065 [grpc-default-executor-1] INFO  client.GrpcClientProtocolClient (GrpcClientProtocolClient.java:onNext(264)) - client-8B023739F3BF->b50d6464-f54a-40d1-9f81-f1c19654fd05: receive RaftClientReply:client-8B023739F3BF->b50d6464-f54a-40d1-9f81-f1c19654fd05@group-1F53027F28E3, cid=4340, SUCCESS, logIndex=6070, commits[b50d6464-f54a-40d1-9f81-f1c19654fd05:c6071]
2019-09-12 09:26:42,085 [grpc-default-executor-1] INFO  client.GrpcClientProtocolClient (GrpcClientProtocolClient.java:onNext(264)) - client-8B023739F3BF->b50d6464-f54a-40d1-9f81-f1c19654fd05: receive RaftClientReply:client-8B023739F3BF->b50d6464-f54a-40d1-9f81-f1c19654fd05@group-1F53027F28E3, cid=4341, SUCCESS, logIndex=6072, commits[b50d6464-f54a-40d1-9f81-f1c19654fd05:c6073]
2019-09-12 09:26:42,086 [grpc-default-executor-1] INFO  client.GrpcClientProtocolClient (GrpcClientProtocolClient.java:onNext(264)) - client-8B023739F3BF->b50d6464-f54a-40d1-9f81-f1c19654fd05: receive RaftClientReply:client-8B023739F3BF->b50d6464-f54a-40d1-9f81-f1c19654fd05@group-1F53027F28E3, cid=4342, SUCCESS, logIndex=6073, commits[b50d6464-f54a-40d1-9f81-f1c19654fd05:c6075]
2019-09-12 09:26:42,086 [grpc-default-executor-1] INFO  client.GrpcClientProtocolClient (GrpcClientProtocolClient.java:onNext(264)) - client-8B023739F3BF->b50d6464-f54a-40d1-9f81-f1c19654fd05: receive RaftClientReply:client-8B023739F3BF->b50d6464-f54a-40d1-9f81-f1c19654fd05@group-1F53027F28E3, cid=4343, SUCCESS, logIndex=6074, commits[b50d6464-f54a-40d1-9f81-f1c19654fd05:c6075]
2019-09-12 09:26:42,086 [grpc-default-executor-1] INFO  client.GrpcClientProtocolClient (GrpcClientProtocolClient.java:onNext(264)) - client-8B023739F3BF->b50d6464-f54a-40d1-9f81-f1c19654fd05: receive RaftClientReply:client-8B023739F3BF->b50d6464-f54a-40d1-9f81-f1c19654fd05@group-1F53027F28E3, cid=4344, SUCCESS, logIndex=6075, commits[b50d6464-f54a-40d1-9f81-f1c19654fd05:c6076]
2019-09-12 09:26:42,115 [grpc-default-executor-1] INFO  client.GrpcClientProtocolClient (GrpcClientProtocolClient.java:onNext(264)) - client-8B023739F3BF->b50d6464-f54a-40d1-9f81-f1c19654fd05: receive RaftClientReply:client-8B023739F3BF->b50d6464-f54a-40d1-9f81-f1c19654fd05@group-1F53027F28E3, cid=4345, SUCCESS, logIndex=6078, commits[b50d6464-f54a-40d1-9f81-f1c19654fd05:c6081]
2019-09-12 09:26:42,116 [grpc-default-executor-1] INFO  client.GrpcClientProtocolClient (GrpcClientProtocolClient.java:onNext(264)) - client-8B023739F3BF->b50d6464-f54a-40d1-9f81-f1c19654fd05: receive RaftClientReply:client-8B023739F3BF->b50d6464-f54a-40d1-9f81-f1c19654fd05@group-1F53027F28E3, cid=4346, SUCCESS, logIndex=6079, commits[b50d6464-f54a-40d1-9f81-f1c19654fd05:c6082]
2019-09-12 09:26:42,116 [grpc-default-executor-1] INFO  client.GrpcClientProtocolClient (GrpcClientProtocolClient.java:onNext(264)) - client-8B023739F3BF->b50d6464-f54a-40d1-9f81-f1c19654fd05: receive RaftClientReply:client-8B023739F3BF->b50d6464-f54a-40d1-9f81-f1c19654fd05@group-1F53027F28E3, cid=4347, SUCCESS, logIndex=6080, commits[b50d6464-f54a-40d1-9f81-f1c19654fd05:c6082]
2019-09-12 09:26:42,116 [grpc-default-executor-1] INFO  client.GrpcClientProtocolClient (GrpcClientProtocolClient.java:onNext(264)) - client-8B023739F3BF->b50d6464-f54a-40d1-9f81-f1c19654fd05: receive RaftClientReply:client-8B023739F3BF->b50d6464-f54a-40d1-9f81-f1c19654fd05@group-1F53027F28E3, cid=4348, SUCCESS, logIndex=6081, commits[b50d6464-f54a-40d1-9f81-f1c19654fd05:c6082]
2019-09-12 09:26:42,124 [SCMBlockDeletingService#1] DEBUG block.SCMBlockDeletingService (SCMBlockDeletingService.java:call(138)) - Running DeletedBlockTransactionScanner
2019-09-12 09:26:42,124 [SCMBlockDeletingService#1] DEBUG block.SCMBlockDeletingService (SCMBlockDeletingService.java:call(155)) - Scanned deleted blocks log and got 0 delTX to process.
2019-09-12 09:26:42,136 [grpc-default-executor-1] INFO  client.GrpcClientProtocolClient (GrpcClientProtocolClient.java:onNext(264)) - client-8B023739F3BF->b50d6464-f54a-40d1-9f81-f1c19654fd05: receive RaftClientReply:client-8B023739F3BF->b50d6464-f54a-40d1-9f81-f1c19654fd05@group-1F53027F28E3, cid=4349, SUCCESS, logIndex=6083, commits[b50d6464-f54a-40d1-9f81-f1c19654fd05:c6086]
2019-09-12 09:26:42,137 [grpc-default-executor-1] INFO  client.GrpcClientProtocolClient (GrpcClientProtocolClient.java:onNext(264)) - client-8B023739F3BF->b50d6464-f54a-40d1-9f81-f1c19654fd05: receive RaftClientReply:client-8B023739F3BF->b50d6464-f54a-40d1-9f81-f1c19654fd05@group-1F53027F28E3, cid=4350, SUCCESS, logIndex=6084, commits[b50d6464-f54a-40d1-9f81-f1c19654fd05:c6087]
2019-09-12 09:26:42,137 [grpc-default-executor-1] INFO  client.GrpcClientProtocolClient (GrpcClientProtocolClient.java:onNext(264)) - client-8B023739F3BF->b50d6464-f54a-40d1-9f81-f1c19654fd05: receive RaftClientReply:client-8B023739F3BF->b50d6464-f54a-40d1-9f81-f1c19654fd05@group-1F53027F28E3, cid=4351, SUCCESS, logIndex=6085, commits[b50d6464-f54a-40d1-9f81-f1c19654fd05:c6087]
2019-09-12 09:26:42,137 [grpc-default-executor-1] INFO  client.GrpcClientProtocolClient (GrpcClientProtocolClient.java:onNext(264)) - client-8B023739F3BF->b50d6464-f54a-40d1-9f81-f1c19654fd05: receive RaftClientReply:client-8B023739F3BF->b50d6464-f54a-40d1-9f81-f1c19654fd05@group-1F53027F28E3, cid=4352, SUCCESS, logIndex=6086, commits[b50d6464-f54a-40d1-9f81-f1c19654fd05:c6087]
2019-09-12 09:26:42,166 [grpc-default-executor-2] INFO  client.GrpcClientProtocolClient (GrpcClientProtocolClient.java:onNext(264)) - client-8B023739F3BF->b50d6464-f54a-40d1-9f81-f1c19654fd05: receive RaftClientReply:client-8B023739F3BF->b50d6464-f54a-40d1-9f81-f1c19654fd05@group-1F53027F28E3, cid=4353, SUCCESS, logIndex=6088, commits[b50d6464-f54a-40d1-9f81-f1c19654fd05:c6091]
2019-09-12 09:26:42,167 [grpc-default-executor-2] INFO  client.GrpcClientProtocolClient (GrpcClientProtocolClient.java:onNext(264)) - client-8B023739F3BF->b50d6464-f54a-40d1-9f81-f1c19654fd05: receive RaftClientReply:client-8B023739F3BF->b50d6464-f54a-40d1-9f81-f1c19654fd05@group-1F53027F28E3, cid=4354, SUCCESS, logIndex=6089, commits[b50d6464-f54a-40d1-9f81-f1c19654fd05:c6092]
2019-09-12 09:26:42,167 [grpc-default-executor-2] INFO  client.GrpcClientProtocolClient (GrpcClientProtocolClient.java:onNext(264)) - client-8B023739F3BF->b50d6464-f54a-40d1-9f81-f1c19654fd05: receive RaftClientReply:client-8B023739F3BF->b50d6464-f54a-40d1-9f81-f1c19654fd05@group-1F53027F28E3, cid=4355, SUCCESS, logIndex=6090, commits[b50d6464-f54a-40d1-9f81-f1c19654fd05:c6092]
2019-09-12 09:26:42,167 [grpc-default-executor-2] INFO  client.GrpcClientProtocolClient (GrpcClientProtocolClient.java:onNext(264)) - client-8B023739F3BF->b50d6464-f54a-40d1-9f81-f1c19654fd05: receive RaftClientReply:client-8B023739F3BF->b50d6464-f54a-40d1-9f81-f1c19654fd05@group-1F53027F28E3, cid=4356, SUCCESS, logIndex=6091, commits[b50d6464-f54a-40d1-9f81-f1c19654fd05:c6092]
2019-09-12 09:26:42,184 [grpc-default-executor-1] INFO  client.GrpcClientProtocolClient (GrpcClientProtocolClient.java:onNext(264)) - client-8B023739F3BF->b50d6464-f54a-40d1-9f81-f1c19654fd05: receive RaftClientReply:client-8B023739F3BF->b50d6464-f54a-40d1-9f81-f1c19654fd05@group-1F53027F28E3, cid=4357, SUCCESS, logIndex=6093, commits[b50d6464-f54a-40d1-9f81-f1c19654fd05:c6094]
2019-09-12 09:26:42,184 [grpc-default-executor-1] INFO  client.GrpcClientProtocolClient (GrpcClientProtocolClient.java:onNext(264)) - client-8B023739F3BF->b50d6464-f54a-40d1-9f81-f1c19654fd05: receive RaftClientReply:client-8B023739F3BF->b50d6464-f54a-40d1-9f81-f1c19654fd05@group-1F53027F28E3, cid=4358, SUCCESS, logIndex=6094, commits[b50d6464-f54a-40d1-9f81-f1c19654fd05:c6096]
2019-09-12 09:26:42,185 [grpc-default-executor-1] INFO  client.GrpcClientProtocolClient (GrpcClientProtocolClient.java:onNext(264)) - client-8B023739F3BF->b50d6464-f54a-40d1-9f81-f1c19654fd05: receive RaftClientReply:client-8B023739F3BF->b50d6464-f54a-40d1-9f81-f1c19654fd05@group-1F53027F28E3, cid=4359, SUCCESS, logIndex=6095, commits[b50d6464-f54a-40d1-9f81-f1c19654fd05:c6097]
2019-09-12 09:26:42,185 [grpc-default-executor-1] INFO  client.GrpcClientProtocolClient (GrpcClientProtocolClient.java:onNext(264)) - client-8B023739F3BF->b50d6464-f54a-40d1-9f81-f1c19654fd05: receive RaftClientReply:client-8B023739F3BF->b50d6464-f54a-40d1-9f81-f1c19654fd05@group-1F53027F28E3, cid=4360, SUCCESS, logIndex=6096, commits[b50d6464-f54a-40d1-9f81-f1c19654fd05:c6097]
2019-09-12 09:26:42,211 [grpc-default-executor-1] INFO  client.GrpcClientProtocolClient (GrpcClientProtocolClient.java:onNext(264)) - client-8B023739F3BF->b50d6464-f54a-40d1-9f81-f1c19654fd05: receive RaftClientReply:client-8B023739F3BF->b50d6464-f54a-40d1-9f81-f1c19654fd05@group-1F53027F28E3, cid=4361, SUCCESS, logIndex=6099, commits[b50d6464-f54a-40d1-9f81-f1c19654fd05:c6100]
2019-09-12 09:26:42,211 [grpc-default-executor-1] INFO  client.GrpcClientProtocolClient (GrpcClientProtocolClient.java:onNext(264)) - client-8B023739F3BF->b50d6464-f54a-40d1-9f81-f1c19654fd05: receive RaftClientReply:client-8B023739F3BF->b50d6464-f54a-40d1-9f81-f1c19654fd05@group-1F53027F28E3, cid=4362, SUCCESS, logIndex=6100, commits[b50d6464-f54a-40d1-9f81-f1c19654fd05:c6102]
2019-09-12 09:26:42,212 [grpc-default-executor-1] INFO  client.GrpcClientProtocolClient (GrpcClientProtocolClient.java:onNext(264)) - client-8B023739F3BF->b50d6464-f54a-40d1-9f81-f1c19654fd05: receive RaftClientReply:client-8B023739F3BF->b50d6464-f54a-40d1-9f81-f1c19654fd05@group-1F53027F28E3, cid=4363, SUCCESS, logIndex=6101, commits[b50d6464-f54a-40d1-9f81-f1c19654fd05:c6102]
2019-09-12 09:26:42,212 [grpc-default-executor-1] INFO  client.GrpcClientProtocolClient (GrpcClientProtocolClient.java:onNext(264)) - client-8B023739F3BF->b50d6464-f54a-40d1-9f81-f1c19654fd05: receive RaftClientReply:client-8B023739F3BF->b50d6464-f54a-40d1-9f81-f1c19654fd05@group-1F53027F28E3, cid=4364, SUCCESS, logIndex=6102, commits[b50d6464-f54a-40d1-9f81-f1c19654fd05:c6102]
2019-09-12 09:26:42,224 [SCMBlockDeletingService#1] DEBUG block.SCMBlockDeletingService (SCMBlockDeletingService.java:call(138)) - Running DeletedBlockTransactionScanner
2019-09-12 09:26:42,225 [SCMBlockDeletingService#1] DEBUG block.SCMBlockDeletingService (SCMBlockDeletingService.java:call(155)) - Scanned deleted blocks log and got 0 delTX to process.
2019-09-12 09:26:42,229 [grpc-default-executor-1] INFO  client.GrpcClientProtocolClient (GrpcClientProtocolClient.java:onNext(264)) - client-8B023739F3BF->b50d6464-f54a-40d1-9f81-f1c19654fd05: receive RaftClientReply:client-8B023739F3BF->b50d6464-f54a-40d1-9f81-f1c19654fd05@group-1F53027F28E3, cid=4365, SUCCESS, logIndex=6105, commits[b50d6464-f54a-40d1-9f81-f1c19654fd05:c6106]
2019-09-12 09:26:42,229 [grpc-default-executor-1] INFO  client.GrpcClientProtocolClient (GrpcClientProtocolClient.java:onNext(264)) - client-8B023739F3BF->b50d6464-f54a-40d1-9f81-f1c19654fd05: receive RaftClientReply:client-8B023739F3BF->b50d6464-f54a-40d1-9f81-f1c19654fd05@group-1F53027F28E3, cid=4366, SUCCESS, logIndex=6106, commits[b50d6464-f54a-40d1-9f81-f1c19654fd05:c6108]
2019-09-12 09:26:42,229 [grpc-default-executor-1] INFO  client.GrpcClientProtocolClient (GrpcClientProtocolClient.java:onNext(264)) - client-8B023739F3BF->b50d6464-f54a-40d1-9f81-f1c19654fd05: receive RaftClientReply:client-8B023739F3BF->b50d6464-f54a-40d1-9f81-f1c19654fd05@group-1F53027F28E3, cid=4367, SUCCESS, logIndex=6107, commits[b50d6464-f54a-40d1-9f81-f1c19654fd05:c6108]
2019-09-12 09:26:42,230 [grpc-default-executor-1] INFO  client.GrpcClientProtocolClient (GrpcClientProtocolClient.java:onNext(264)) - client-8B023739F3BF->b50d6464-f54a-40d1-9f81-f1c19654fd05: receive RaftClientReply:client-8B023739F3BF->b50d6464-f54a-40d1-9f81-f1c19654fd05@group-1F53027F28E3, cid=4368, SUCCESS, logIndex=6108, commits[b50d6464-f54a-40d1-9f81-f1c19654fd05:c6108]
2019-09-12 09:26:42,257 [grpc-default-executor-2] INFO  client.GrpcClientProtocolClient (GrpcClientProtocolClient.java:onNext(264)) - client-8B023739F3BF->b50d6464-f54a-40d1-9f81-f1c19654fd05: receive RaftClientReply:client-8B023739F3BF->b50d6464-f54a-40d1-9f81-f1c19654fd05@group-1F53027F28E3, cid=4369, SUCCESS, logIndex=6111, commits[b50d6464-f54a-40d1-9f81-f1c19654fd05:c6114]
2019-09-12 09:26:42,257 [grpc-default-executor-2] INFO  client.GrpcClientProtocolClient (GrpcClientProtocolClient.java:onNext(264)) - client-8B023739F3BF->b50d6464-f54a-40d1-9f81-f1c19654fd05: receive RaftClientReply:client-8B023739F3BF->b50d6464-f54a-40d1-9f81-f1c19654fd05@group-1F53027F28E3, cid=4370, SUCCESS, logIndex=6112, commits[b50d6464-f54a-40d1-9f81-f1c19654fd05:c6115]
2019-09-12 09:26:42,257 [grpc-default-executor-2] INFO  client.GrpcClientProtocolClient (GrpcClientProtocolClient.java:onNext(264)) - client-8B023739F3BF->b50d6464-f54a-40d1-9f81-f1c19654fd05: receive RaftClientReply:client-8B023739F3BF->b50d6464-f54a-40d1-9f81-f1c19654fd05@group-1F53027F28E3, cid=4371, SUCCESS, logIndex=6113, commits[b50d6464-f54a-40d1-9f81-f1c19654fd05:c6115]
2019-09-12 09:26:42,258 [grpc-default-executor-2] INFO  client.GrpcClientProtocolClient (GrpcClientProtocolClient.java:onNext(264)) - client-8B023739F3BF->b50d6464-f54a-40d1-9f81-f1c19654fd05: receive RaftClientReply:client-8B023739F3BF->b50d6464-f54a-40d1-9f81-f1c19654fd05@group-1F53027F28E3, cid=4372, SUCCESS, logIndex=6114, commits[b50d6464-f54a-40d1-9f81-f1c19654fd05:c6115]
2019-09-12 09:26:42,276 [grpc-default-executor-2] INFO  client.GrpcClientProtocolClient (GrpcClientProtocolClient.java:onNext(264)) - client-8B023739F3BF->b50d6464-f54a-40d1-9f81-f1c19654fd05: receive RaftClientReply:client-8B023739F3BF->b50d6464-f54a-40d1-9f81-f1c19654fd05@group-1F53027F28E3, cid=4373, SUCCESS, logIndex=6116, commits[b50d6464-f54a-40d1-9f81-f1c19654fd05:c6117]
2019-09-12 09:26:42,277 [grpc-default-executor-2] INFO  client.GrpcClientProtocolClient (GrpcClientProtocolClient.java:onNext(264)) - client-8B023739F3BF->b50d6464-f54a-40d1-9f81-f1c19654fd05: receive RaftClientReply:client-8B023739F3BF->b50d6464-f54a-40d1-9f81-f1c19654fd05@group-1F53027F28E3, cid=4374, SUCCESS, logIndex=6117, commits[b50d6464-f54a-40d1-9f81-f1c19654fd05:c6117]
2019-09-12 09:26:42,277 [grpc-default-executor-2] INFO  client.GrpcClientProtocolClient (GrpcClientProtocolClient.java:onNext(264)) - client-8B023739F3BF->b50d6464-f54a-40d1-9f81-f1c19654fd05: receive RaftClientReply:client-8B023739F3BF->b50d6464-f54a-40d1-9f81-f1c19654fd05@group-1F53027F28E3, cid=4375, SUCCESS, logIndex=6118, commits[b50d6464-f54a-40d1-9f81-f1c19654fd05:c6119]
2019-09-12 09:26:42,277 [grpc-default-executor-2] INFO  client.GrpcClientProtocolClient (GrpcClientProtocolClient.java:onNext(264)) - client-8B023739F3BF->b50d6464-f54a-40d1-9f81-f1c19654fd05: receive RaftClientReply:client-8B023739F3BF->b50d6464-f54a-40d1-9f81-f1c19654fd05@group-1F53027F28E3, cid=4376, SUCCESS, logIndex=6119, commits[b50d6464-f54a-40d1-9f81-f1c19654fd05:c6119]
2019-09-12 09:26:42,325 [SCMBlockDeletingService#1] DEBUG block.SCMBlockDeletingService (SCMBlockDeletingService.java:call(138)) - Running DeletedBlockTransactionScanner
2019-09-12 09:26:42,325 [SCMBlockDeletingService#1] DEBUG block.SCMBlockDeletingService (SCMBlockDeletingService.java:call(155)) - Scanned deleted blocks log and got 0 delTX to process.
2019-09-12 09:26:42,409 [grpc-default-executor-2] INFO  client.GrpcClientProtocolClient (GrpcClientProtocolClient.java:onNext(264)) - client-8B023739F3BF->b50d6464-f54a-40d1-9f81-f1c19654fd05: receive RaftClientReply:client-8B023739F3BF->b50d6464-f54a-40d1-9f81-f1c19654fd05@group-1F53027F28E3, cid=4377, SUCCESS, logIndex=6122, commits[b50d6464-f54a-40d1-9f81-f1c19654fd05:c6123]
2019-09-12 09:26:42,410 [grpc-default-executor-2] INFO  client.GrpcClientProtocolClient (GrpcClientProtocolClient.java:onNext(264)) - client-8B023739F3BF->b50d6464-f54a-40d1-9f81-f1c19654fd05: receive RaftClientReply:client-8B023739F3BF->b50d6464-f54a-40d1-9f81-f1c19654fd05@group-1F53027F28E3, cid=4378, SUCCESS, logIndex=6123, commits[b50d6464-f54a-40d1-9f81-f1c19654fd05:c6125]
2019-09-12 09:26:42,410 [grpc-default-executor-2] INFO  client.GrpcClientProtocolClient (GrpcClientProtocolClient.java:onNext(264)) - client-8B023739F3BF->b50d6464-f54a-40d1-9f81-f1c19654fd05: receive RaftClientReply:client-8B023739F3BF->b50d6464-f54a-40d1-9f81-f1c19654fd05@group-1F53027F28E3, cid=4379, SUCCESS, logIndex=6124, commits[b50d6464-f54a-40d1-9f81-f1c19654fd05:c6126]
2019-09-12 09:26:42,410 [grpc-default-executor-2] INFO  client.GrpcClientProtocolClient (GrpcClientProtocolClient.java:onNext(264)) - client-8B023739F3BF->b50d6464-f54a-40d1-9f81-f1c19654fd05: receive RaftClientReply:client-8B023739F3BF->b50d6464-f54a-40d1-9f81-f1c19654fd05@group-1F53027F28E3, cid=4380, SUCCESS, logIndex=6125, commits[b50d6464-f54a-40d1-9f81-f1c19654fd05:c6126]
2019-09-12 09:26:42,425 [SCMBlockDeletingService#1] DEBUG block.SCMBlockDeletingService (SCMBlockDeletingService.java:call(138)) - Running DeletedBlockTransactionScanner
2019-09-12 09:26:42,425 [SCMBlockDeletingService#1] DEBUG block.SCMBlockDeletingService (SCMBlockDeletingService.java:call(155)) - Scanned deleted blocks log and got 0 delTX to process.
2019-09-12 09:26:42,433 [grpc-default-executor-2] INFO  client.GrpcClientProtocolClient (GrpcClientProtocolClient.java:onNext(264)) - client-8B023739F3BF->b50d6464-f54a-40d1-9f81-f1c19654fd05: receive RaftClientReply:client-8B023739F3BF->b50d6464-f54a-40d1-9f81-f1c19654fd05@group-1F53027F28E3, cid=4381, SUCCESS, logIndex=6128, commits[b50d6464-f54a-40d1-9f81-f1c19654fd05:c6129]
2019-09-12 09:26:42,433 [grpc-default-executor-2] INFO  client.GrpcClientProtocolClient (GrpcClientProtocolClient.java:onNext(264)) - client-8B023739F3BF->b50d6464-f54a-40d1-9f81-f1c19654fd05: receive RaftClientReply:client-8B023739F3BF->b50d6464-f54a-40d1-9f81-f1c19654fd05@group-1F53027F28E3, cid=4382, SUCCESS, logIndex=6129, commits[b50d6464-f54a-40d1-9f81-f1c19654fd05:c6131]
2019-09-12 09:26:42,433 [grpc-default-executor-2] INFO  client.GrpcClientProtocolClient (GrpcClientProtocolClient.java:onNext(264)) - client-8B023739F3BF->b50d6464-f54a-40d1-9f81-f1c19654fd05: receive RaftClientReply:client-8B023739F3BF->b50d6464-f54a-40d1-9f81-f1c19654fd05@group-1F53027F28E3, cid=4383, SUCCESS, logIndex=6130, commits[b50d6464-f54a-40d1-9f81-f1c19654fd05:c6131]
2019-09-12 09:26:42,434 [grpc-default-executor-2] INFO  client.GrpcClientProtocolClient (GrpcClientProtocolClient.java:onNext(264)) - client-8B023739F3BF->b50d6464-f54a-40d1-9f81-f1c19654fd05: receive RaftClientReply:client-8B023739F3BF->b50d6464-f54a-40d1-9f81-f1c19654fd05@group-1F53027F28E3, cid=4384, SUCCESS, logIndex=6131, commits[b50d6464-f54a-40d1-9f81-f1c19654fd05:c6132]
2019-09-12 09:26:42,462 [grpc-default-executor-2] INFO  client.GrpcClientProtocolClient (GrpcClientProtocolClient.java:onNext(264)) - client-8B023739F3BF->b50d6464-f54a-40d1-9f81-f1c19654fd05: receive RaftClientReply:client-8B023739F3BF->b50d6464-f54a-40d1-9f81-f1c19654fd05@group-1F53027F28E3, cid=4385, SUCCESS, logIndex=6134, commits[b50d6464-f54a-40d1-9f81-f1c19654fd05:c6137]
2019-09-12 09:26:42,463 [grpc-default-executor-2] INFO  client.GrpcClientProtocolClient (GrpcClientProtocolClient.java:onNext(264)) - client-8B023739F3BF->b50d6464-f54a-40d1-9f81-f1c19654fd05: receive RaftClientReply:client-8B023739F3BF->b50d6464-f54a-40d1-9f81-f1c19654fd05@group-1F53027F28E3, cid=4386, SUCCESS, logIndex=6135, commits[b50d6464-f54a-40d1-9f81-f1c19654fd05:c6137]
2019-09-12 09:26:42,463 [grpc-default-executor-2] INFO  client.GrpcClientProtocolClient (GrpcClientProtocolClient.java:onNext(264)) - client-8B023739F3BF->b50d6464-f54a-40d1-9f81-f1c19654fd05: receive RaftClientReply:client-8B023739F3BF->b50d6464-f54a-40d1-9f81-f1c19654fd05@group-1F53027F28E3, cid=4387, SUCCESS, logIndex=6136, commits[b50d6464-f54a-40d1-9f81-f1c19654fd05:c6138]
2019-09-12 09:26:42,463 [grpc-default-executor-2] INFO  client.GrpcClientProtocolClient (GrpcClientProtocolClient.java:onNext(264)) - client-8B023739F3BF->b50d6464-f54a-40d1-9f81-f1c19654fd05: receive RaftClientReply:client-8B023739F3BF->b50d6464-f54a-40d1-9f81-f1c19654fd05@group-1F53027F28E3, cid=4388, SUCCESS, logIndex=6137, commits[b50d6464-f54a-40d1-9f81-f1c19654fd05:c6138]
2019-09-12 09:26:42,482 [grpc-default-executor-1] INFO  client.GrpcClientProtocolClient (GrpcClientProtocolClient.java:onNext(264)) - client-8B023739F3BF->b50d6464-f54a-40d1-9f81-f1c19654fd05: receive RaftClientReply:client-8B023739F3BF->b50d6464-f54a-40d1-9f81-f1c19654fd05@group-1F53027F28E3, cid=4389, SUCCESS, logIndex=6139, commits[b50d6464-f54a-40d1-9f81-f1c19654fd05:c6142]
2019-09-12 09:26:42,482 [grpc-default-executor-1] INFO  client.GrpcClientProtocolClient (GrpcClientProtocolClient.java:onNext(264)) - client-8B023739F3BF->b50d6464-f54a-40d1-9f81-f1c19654fd05: receive RaftClientReply:client-8B023739F3BF->b50d6464-f54a-40d1-9f81-f1c19654fd05@group-1F53027F28E3, cid=4390, SUCCESS, logIndex=6140, commits[b50d6464-f54a-40d1-9f81-f1c19654fd05:c6142]
2019-09-12 09:26:42,482 [grpc-default-executor-1] INFO  client.GrpcClientProtocolClient (GrpcClientProtocolClient.java:onNext(264)) - client-8B023739F3BF->b50d6464-f54a-40d1-9f81-f1c19654fd05: receive RaftClientReply:client-8B023739F3BF->b50d6464-f54a-40d1-9f81-f1c19654fd05@group-1F53027F28E3, cid=4391, SUCCESS, logIndex=6141, commits[b50d6464-f54a-40d1-9f81-f1c19654fd05:c6143]
2019-09-12 09:26:42,482 [grpc-default-executor-1] INFO  client.GrpcClientProtocolClient (GrpcClientProtocolClient.java:onNext(264)) - client-8B023739F3BF->b50d6464-f54a-40d1-9f81-f1c19654fd05: receive RaftClientReply:client-8B023739F3BF->b50d6464-f54a-40d1-9f81-f1c19654fd05@group-1F53027F28E3, cid=4392, SUCCESS, logIndex=6142, commits[b50d6464-f54a-40d1-9f81-f1c19654fd05:c6143]
2019-09-12 09:26:42,510 [grpc-default-executor-2] INFO  client.GrpcClientProtocolClient (GrpcClientProtocolClient.java:onNext(264)) - client-8B023739F3BF->b50d6464-f54a-40d1-9f81-f1c19654fd05: receive RaftClientReply:client-8B023739F3BF->b50d6464-f54a-40d1-9f81-f1c19654fd05@group-1F53027F28E3, cid=4393, SUCCESS, logIndex=6144, commits[b50d6464-f54a-40d1-9f81-f1c19654fd05:c6147]
2019-09-12 09:26:42,510 [grpc-default-executor-2] INFO  client.GrpcClientProtocolClient (GrpcClientProtocolClient.java:onNext(264)) - client-8B023739F3BF->b50d6464-f54a-40d1-9f81-f1c19654fd05: receive RaftClientReply:client-8B023739F3BF->b50d6464-f54a-40d1-9f81-f1c19654fd05@group-1F53027F28E3, cid=4394, SUCCESS, logIndex=6145, commits[b50d6464-f54a-40d1-9f81-f1c19654fd05:c6148]
2019-09-12 09:26:42,511 [grpc-default-executor-2] INFO  client.GrpcClientProtocolClient (GrpcClientProtocolClient.java:onNext(264)) - client-8B023739F3BF->b50d6464-f54a-40d1-9f81-f1c19654fd05: receive RaftClientReply:client-8B023739F3BF->b50d6464-f54a-40d1-9f81-f1c19654fd05@group-1F53027F28E3, cid=4395, SUCCESS, logIndex=6146, commits[b50d6464-f54a-40d1-9f81-f1c19654fd05:c6148]
2019-09-12 09:26:42,511 [grpc-default-executor-2] INFO  client.GrpcClientProtocolClient (GrpcClientProtocolClient.java:onNext(264)) - client-8B023739F3BF->b50d6464-f54a-40d1-9f81-f1c19654fd05: receive RaftClientReply:client-8B023739F3BF->b50d6464-f54a-40d1-9f81-f1c19654fd05@group-1F53027F28E3, cid=4396, SUCCESS, logIndex=6147, commits[b50d6464-f54a-40d1-9f81-f1c19654fd05:c6148]
2019-09-12 09:26:42,526 [SCMBlockDeletingService#1] DEBUG block.SCMBlockDeletingService (SCMBlockDeletingService.java:call(138)) - Running DeletedBlockTransactionScanner
2019-09-12 09:26:42,526 [SCMBlockDeletingService#1] DEBUG block.SCMBlockDeletingService (SCMBlockDeletingService.java:call(155)) - Scanned deleted blocks log and got 0 delTX to process.
2019-09-12 09:26:42,532 [grpc-default-executor-2] INFO  client.GrpcClientProtocolClient (GrpcClientProtocolClient.java:onNext(264)) - client-8B023739F3BF->b50d6464-f54a-40d1-9f81-f1c19654fd05: receive RaftClientReply:client-8B023739F3BF->b50d6464-f54a-40d1-9f81-f1c19654fd05@group-1F53027F28E3, cid=4397, SUCCESS, logIndex=6149, commits[b50d6464-f54a-40d1-9f81-f1c19654fd05:c6152]
2019-09-12 09:26:42,533 [grpc-default-executor-2] INFO  client.GrpcClientProtocolClient (GrpcClientProtocolClient.java:onNext(264)) - client-8B023739F3BF->b50d6464-f54a-40d1-9f81-f1c19654fd05: receive RaftClientReply:client-8B023739F3BF->b50d6464-f54a-40d1-9f81-f1c19654fd05@group-1F53027F28E3, cid=4398, SUCCESS, logIndex=6150, commits[b50d6464-f54a-40d1-9f81-f1c19654fd05:c6153]
2019-09-12 09:26:42,533 [grpc-default-executor-2] INFO  client.GrpcClientProtocolClient (GrpcClientProtocolClient.java:onNext(264)) - client-8B023739F3BF->b50d6464-f54a-40d1-9f81-f1c19654fd05: receive RaftClientReply:client-8B023739F3BF->b50d6464-f54a-40d1-9f81-f1c19654fd05@group-1F53027F28E3, cid=4399, SUCCESS, logIndex=6151, commits[b50d6464-f54a-40d1-9f81-f1c19654fd05:c6153]
2019-09-12 09:26:42,534 [grpc-default-executor-2] INFO  client.GrpcClientProtocolClient (GrpcClientProtocolClient.java:onNext(264)) - client-8B023739F3BF->b50d6464-f54a-40d1-9f81-f1c19654fd05: receive RaftClientReply:client-8B023739F3BF->b50d6464-f54a-40d1-9f81-f1c19654fd05@group-1F53027F28E3, cid=4400, SUCCESS, logIndex=6152, commits[b50d6464-f54a-40d1-9f81-f1c19654fd05:c6153]
2019-09-12 09:26:42,564 [grpc-default-executor-2] INFO  client.GrpcClientProtocolClient (GrpcClientProtocolClient.java:onNext(264)) - client-8B023739F3BF->b50d6464-f54a-40d1-9f81-f1c19654fd05: receive RaftClientReply:client-8B023739F3BF->b50d6464-f54a-40d1-9f81-f1c19654fd05@group-1F53027F28E3, cid=4401, SUCCESS, logIndex=6154, commits[b50d6464-f54a-40d1-9f81-f1c19654fd05:c6155]
2019-09-12 09:26:42,564 [grpc-default-executor-2] INFO  client.GrpcClientProtocolClient (GrpcClientProtocolClient.java:onNext(264)) - client-8B023739F3BF->b50d6464-f54a-40d1-9f81-f1c19654fd05: receive RaftClientReply:client-8B023739F3BF->b50d6464-f54a-40d1-9f81-f1c19654fd05@group-1F53027F28E3, cid=4402, SUCCESS, logIndex=6155, commits[b50d6464-f54a-40d1-9f81-f1c19654fd05:c6157]
2019-09-12 09:26:42,564 [grpc-default-executor-2] INFO  client.GrpcClientProtocolClient (GrpcClientProtocolClient.java:onNext(264)) - client-8B023739F3BF->b50d6464-f54a-40d1-9f81-f1c19654fd05: receive RaftClientReply:client-8B023739F3BF->b50d6464-f54a-40d1-9f81-f1c19654fd05@group-1F53027F28E3, cid=4403, SUCCESS, logIndex=6156, commits[b50d6464-f54a-40d1-9f81-f1c19654fd05:c6157]
2019-09-12 09:26:42,564 [grpc-default-executor-2] INFO  client.GrpcClientProtocolClient (GrpcClientProtocolClient.java:onNext(264)) - client-8B023739F3BF->b50d6464-f54a-40d1-9f81-f1c19654fd05: receive RaftClientReply:client-8B023739F3BF->b50d6464-f54a-40d1-9f81-f1c19654fd05@group-1F53027F28E3, cid=4404, SUCCESS, logIndex=6157, commits[b50d6464-f54a-40d1-9f81-f1c19654fd05:c6158]
2019-09-12 09:26:42,584 [grpc-default-executor-2] INFO  client.GrpcClientProtocolClient (GrpcClientProtocolClient.java:onNext(264)) - client-8B023739F3BF->b50d6464-f54a-40d1-9f81-f1c19654fd05: receive RaftClientReply:client-8B023739F3BF->b50d6464-f54a-40d1-9f81-f1c19654fd05@group-1F53027F28E3, cid=4405, SUCCESS, logIndex=6160, commits[b50d6464-f54a-40d1-9f81-f1c19654fd05:c6163]
2019-09-12 09:26:42,584 [grpc-default-executor-2] INFO  client.GrpcClientProtocolClient (GrpcClientProtocolClient.java:onNext(264)) - client-8B023739F3BF->b50d6464-f54a-40d1-9f81-f1c19654fd05: receive RaftClientReply:client-8B023739F3BF->b50d6464-f54a-40d1-9f81-f1c19654fd05@group-1F53027F28E3, cid=4406, SUCCESS, logIndex=6161, commits[b50d6464-f54a-40d1-9f81-f1c19654fd05:c6163]
2019-09-12 09:26:42,585 [grpc-default-executor-2] INFO  client.GrpcClientProtocolClient (GrpcClientProtocolClient.java:onNext(264)) - client-8B023739F3BF->b50d6464-f54a-40d1-9f81-f1c19654fd05: receive RaftClientReply:client-8B023739F3BF->b50d6464-f54a-40d1-9f81-f1c19654fd05@group-1F53027F28E3, cid=4407, SUCCESS, logIndex=6162, commits[b50d6464-f54a-40d1-9f81-f1c19654fd05:c6164]
2019-09-12 09:26:42,585 [grpc-default-executor-2] INFO  client.GrpcClientProtocolClient (GrpcClientProtocolClient.java:onNext(264)) - client-8B023739F3BF->b50d6464-f54a-40d1-9f81-f1c19654fd05: receive RaftClientReply:client-8B023739F3BF->b50d6464-f54a-40d1-9f81-f1c19654fd05@group-1F53027F28E3, cid=4408, SUCCESS, logIndex=6163, commits[b50d6464-f54a-40d1-9f81-f1c19654fd05:c6164]
2019-09-12 09:26:42,613 [grpc-default-executor-2] INFO  client.GrpcClientProtocolClient (GrpcClientProtocolClient.java:onNext(264)) - client-8B023739F3BF->b50d6464-f54a-40d1-9f81-f1c19654fd05: receive RaftClientReply:client-8B023739F3BF->b50d6464-f54a-40d1-9f81-f1c19654fd05@group-1F53027F28E3, cid=4409, SUCCESS, logIndex=6165, commits[b50d6464-f54a-40d1-9f81-f1c19654fd05:c6166]
2019-09-12 09:26:42,614 [grpc-default-executor-2] INFO  client.GrpcClientProtocolClient (GrpcClientProtocolClient.java:onNext(264)) - client-8B023739F3BF->b50d6464-f54a-40d1-9f81-f1c19654fd05: receive RaftClientReply:client-8B023739F3BF->b50d6464-f54a-40d1-9f81-f1c19654fd05@group-1F53027F28E3, cid=4410, SUCCESS, logIndex=6166, commits[b50d6464-f54a-40d1-9f81-f1c19654fd05:c6168]
2019-09-12 09:26:42,614 [grpc-default-executor-2] INFO  client.GrpcClientProtocolClient (GrpcClientProtocolClient.java:onNext(264)) - client-8B023739F3BF->b50d6464-f54a-40d1-9f81-f1c19654fd05: receive RaftClientReply:client-8B023739F3BF->b50d6464-f54a-40d1-9f81-f1c19654fd05@group-1F53027F28E3, cid=4411, SUCCESS, logIndex=6167, commits[b50d6464-f54a-40d1-9f81-f1c19654fd05:c6169]
2019-09-12 09:26:42,614 [grpc-default-executor-2] INFO  client.GrpcClientProtocolClient (GrpcClientProtocolClient.java:onNext(264)) - client-8B023739F3BF->b50d6464-f54a-40d1-9f81-f1c19654fd05: receive RaftClientReply:client-8B023739F3BF->b50d6464-f54a-40d1-9f81-f1c19654fd05@group-1F53027F28E3, cid=4412, SUCCESS, logIndex=6168, commits[b50d6464-f54a-40d1-9f81-f1c19654fd05:c6170]
2019-09-12 09:26:42,626 [SCMBlockDeletingService#1] DEBUG block.SCMBlockDeletingService (SCMBlockDeletingService.java:call(138)) - Running DeletedBlockTransactionScanner
2019-09-12 09:26:42,627 [SCMBlockDeletingService#1] DEBUG block.SCMBlockDeletingService (SCMBlockDeletingService.java:call(155)) - Scanned deleted blocks log and got 0 delTX to process.
2019-09-12 09:26:42,632 [grpc-default-executor-2] INFO  client.GrpcClientProtocolClient (GrpcClientProtocolClient.java:onNext(264)) - client-8B023739F3BF->b50d6464-f54a-40d1-9f81-f1c19654fd05: receive RaftClientReply:client-8B023739F3BF->b50d6464-f54a-40d1-9f81-f1c19654fd05@group-1F53027F28E3, cid=4413, SUCCESS, logIndex=6171, commits[b50d6464-f54a-40d1-9f81-f1c19654fd05:c6172]
2019-09-12 09:26:42,632 [grpc-default-executor-2] INFO  client.GrpcClientProtocolClient (GrpcClientProtocolClient.java:onNext(264)) - client-8B023739F3BF->b50d6464-f54a-40d1-9f81-f1c19654fd05: receive RaftClientReply:client-8B023739F3BF->b50d6464-f54a-40d1-9f81-f1c19654fd05@group-1F53027F28E3, cid=4414, SUCCESS, logIndex=6172, commits[b50d6464-f54a-40d1-9f81-f1c19654fd05:c6174]
2019-09-12 09:26:42,633 [grpc-default-executor-2] INFO  client.GrpcClientProtocolClient (GrpcClientProtocolClient.java:onNext(264)) - client-8B023739F3BF->b50d6464-f54a-40d1-9f81-f1c19654fd05: receive RaftClientReply:client-8B023739F3BF->b50d6464-f54a-40d1-9f81-f1c19654fd05@group-1F53027F28E3, cid=4415, SUCCESS, logIndex=6173, commits[b50d6464-f54a-40d1-9f81-f1c19654fd05:c6175]
2019-09-12 09:26:42,633 [grpc-default-executor-2] INFO  client.GrpcClientProtocolClient (GrpcClientProtocolClient.java:onNext(264)) - client-8B023739F3BF->b50d6464-f54a-40d1-9f81-f1c19654fd05: receive RaftClientReply:client-8B023739F3BF->b50d6464-f54a-40d1-9f81-f1c19654fd05@group-1F53027F28E3, cid=4416, SUCCESS, logIndex=6174, commits[b50d6464-f54a-40d1-9f81-f1c19654fd05:c6175]
2019-09-12 09:26:42,662 [grpc-default-executor-2] INFO  client.GrpcClientProtocolClient (GrpcClientProtocolClient.java:onNext(264)) - client-8B023739F3BF->b50d6464-f54a-40d1-9f81-f1c19654fd05: receive RaftClientReply:client-8B023739F3BF->b50d6464-f54a-40d1-9f81-f1c19654fd05@group-1F53027F28E3, cid=4417, SUCCESS, logIndex=6177, commits[b50d6464-f54a-40d1-9f81-f1c19654fd05:c6180]
2019-09-12 09:26:42,662 [grpc-default-executor-2] INFO  client.GrpcClientProtocolClient (GrpcClientProtocolClient.java:onNext(264)) - client-8B023739F3BF->b50d6464-f54a-40d1-9f81-f1c19654fd05: receive RaftClientReply:client-8B023739F3BF->b50d6464-f54a-40d1-9f81-f1c19654fd05@group-1F53027F28E3, cid=4418, SUCCESS, logIndex=6178, commits[b50d6464-f54a-40d1-9f81-f1c19654fd05:c6181]
2019-09-12 09:26:42,662 [grpc-default-executor-2] INFO  client.GrpcClientProtocolClient (GrpcClientProtocolClient.java:onNext(264)) - client-8B023739F3BF->b50d6464-f54a-40d1-9f81-f1c19654fd05: receive RaftClientReply:client-8B023739F3BF->b50d6464-f54a-40d1-9f81-f1c19654fd05@group-1F53027F28E3, cid=4419, SUCCESS, logIndex=6179, commits[b50d6464-f54a-40d1-9f81-f1c19654fd05:c6181]
2019-09-12 09:26:42,662 [grpc-default-executor-2] INFO  client.GrpcClientProtocolClient (GrpcClientProtocolClient.java:onNext(264)) - client-8B023739F3BF->b50d6464-f54a-40d1-9f81-f1c19654fd05: receive RaftClientReply:client-8B023739F3BF->b50d6464-f54a-40d1-9f81-f1c19654fd05@group-1F53027F28E3, cid=4420, SUCCESS, logIndex=6180, commits[b50d6464-f54a-40d1-9f81-f1c19654fd05:c6181]
2019-09-12 09:26:42,684 [grpc-default-executor-2] INFO  client.GrpcClientProtocolClient (GrpcClientProtocolClient.java:onNext(264)) - client-8B023739F3BF->b50d6464-f54a-40d1-9f81-f1c19654fd05: receive RaftClientReply:client-8B023739F3BF->b50d6464-f54a-40d1-9f81-f1c19654fd05@group-1F53027F28E3, cid=4421, SUCCESS, logIndex=6182, commits[b50d6464-f54a-40d1-9f81-f1c19654fd05:c6183]
2019-09-12 09:26:42,685 [grpc-default-executor-2] INFO  client.GrpcClientProtocolClient (GrpcClientProtocolClient.java:onNext(264)) - client-8B023739F3BF->b50d6464-f54a-40d1-9f81-f1c19654fd05: receive RaftClientReply:client-8B023739F3BF->b50d6464-f54a-40d1-9f81-f1c19654fd05@group-1F53027F28E3, cid=4422, SUCCESS, logIndex=6183, commits[b50d6464-f54a-40d1-9f81-f1c19654fd05:c6183]
2019-09-12 09:26:42,752 [SCMBlockDeletingService#1] DEBUG block.SCMBlockDeletingService (SCMBlockDeletingService.java:call(138)) - Running DeletedBlockTransactionScanner
2019-09-12 09:26:42,752 [SCMBlockDeletingService#1] DEBUG block.SCMBlockDeletingService (SCMBlockDeletingService.java:call(155)) - Scanned deleted blocks log and got 0 delTX to process.
2019-09-12 09:26:42,852 [SCMBlockDeletingService#1] DEBUG block.SCMBlockDeletingService (SCMBlockDeletingService.java:call(138)) - Running DeletedBlockTransactionScanner
2019-09-12 09:26:42,853 [SCMBlockDeletingService#1] DEBUG block.SCMBlockDeletingService (SCMBlockDeletingService.java:call(155)) - Scanned deleted blocks log and got 0 delTX to process.
2019-09-12 09:26:42,953 [SCMBlockDeletingService#1] DEBUG block.SCMBlockDeletingService (SCMBlockDeletingService.java:call(138)) - Running DeletedBlockTransactionScanner
2019-09-12 09:26:42,953 [SCMBlockDeletingService#1] DEBUG block.SCMBlockDeletingService (SCMBlockDeletingService.java:call(155)) - Scanned deleted blocks log and got 0 delTX to process.
2019-09-12 09:26:43,054 [SCMBlockDeletingService#1] DEBUG block.SCMBlockDeletingService (SCMBlockDeletingService.java:call(138)) - Running DeletedBlockTransactionScanner
2019-09-12 09:26:43,054 [SCMBlockDeletingService#1] DEBUG block.SCMBlockDeletingService (SCMBlockDeletingService.java:call(155)) - Scanned deleted blocks log and got 0 delTX to process.
2019-09-12 09:26:43,154 [SCMBlockDeletingService#1] DEBUG block.SCMBlockDeletingService (SCMBlockDeletingService.java:call(138)) - Running DeletedBlockTransactionScanner
2019-09-12 09:26:43,154 [SCMBlockDeletingService#1] DEBUG block.SCMBlockDeletingService (SCMBlockDeletingService.java:call(155)) - Scanned deleted blocks log and got 0 delTX to process.
2019-09-12 09:26:43,254 [SCMBlockDeletingService#1] DEBUG block.SCMBlockDeletingService (SCMBlockDeletingService.java:call(138)) - Running DeletedBlockTransactionScanner
2019-09-12 09:26:43,254 [SCMBlockDeletingService#1] DEBUG block.SCMBlockDeletingService (SCMBlockDeletingService.java:call(155)) - Scanned deleted blocks log and got 0 delTX to process.
2019-09-12 09:26:43,278 [IPC Server handler 6 on 45169] INFO  server.SCMBlockProtocolServer (SCMBlockProtocolServer.java:deleteKeyBlocks(212)) - SCM is informed by OM to delete 1 blocks
2019-09-12 09:26:43,279 [IPC Server handler 6 on 45169] INFO  block.BlockManagerImpl (BlockManagerImpl.java:deleteBlocks(269)) - Deleting blocks conID: 1 locID: 102778821069635584 bcsId: 0,conID: 2 locID: 102778821069963265 bcsId: 0,conID: 3 locID: 102778821070028802 bcsId: 0,conID: 1 locID: 102778821070159875 bcsId: 0,conID: 2 locID: 102778821070225412 bcsId: 0,conID: 3 locID: 102778821070225413 bcsId: 0,conID: 1 locID: 102778821372215303 bcsId: 0,conID: 2 locID: 102778821377654792 bcsId: 0,conID: 3 locID: 102778821381914633 bcsId: 0,conID: 1 locID: 102778821386764298 bcsId: 0,conID: 2 locID: 102778821390041099 bcsId: 0,conID: 3 locID: 102778821393776652 bcsId: 0,conID: 1 locID: 102778821404590093 bcsId: 0,conID: 2 locID: 102778821408784398 bcsId: 0,conID: 3 locID: 102778821421629455 bcsId: 0,conID: 1 locID: 102778821425758224 bcsId: 0,conID: 2 locID: 102778821429755921 bcsId: 0,conID: 3 locID: 102778821439848466 bcsId: 0,conID: 1 locID: 102778821444829203 bcsId: 0,conID: 2 locID: 102778821448957972 bcsId: 0,conID: 3 locID: 102778821453283349 bcsId: 0,conID: 1 locID: 102778821456953366 bcsId: 0,conID: 2 locID: 102778821460688919 bcsId: 0,conID: 3 locID: 102778821472550936 bcsId: 0,conID: 1 locID: 102778821475696665 bcsId: 0,conID: 2 locID: 102778821479432218 bcsId: 0,conID: 3 locID: 102778821483298843 bcsId: 0,conID: 1 locID: 102778821486706716 bcsId: 0,conID: 2 locID: 102778821496668189 bcsId: 0,conID: 3 locID: 102778821500010526 bcsId: 0,conID: 1 locID: 102778821503615007 bcsId: 0,conID: 2 locID: 102778821508333600 bcsId: 0,conID: 3 locID: 102778821511807009 bcsId: 0,conID: 1 locID: 102778821523079202 bcsId: 0,conID: 2 locID: 102778821534285859 bcsId: 0,conID: 3 locID: 102778821537759268 bcsId: 0,conID: 1 locID: 102778821541298213 bcsId: 0,conID: 2 locID: 102778821544509478 bcsId: 0,conID: 3 locID: 102778821547327527 bcsId: 0,conID: 1 locID: 102778821556961320 bcsId: 0,conID: 2 locID: 102778821560303657 bcsId: 0,conID: 3 locID: 102778821563711530 bcsId: 0,conID: 1 locID: 102778821566988331 bcsId: 0,conID: 2 locID: 102778821570265132 bcsId: 0,conID: 3 locID: 102778821572886573 bcsId: 0,conID: 1 locID: 102778821581733934 bcsId: 0,conID: 2 locID: 102778821584683055 bcsId: 0,conID: 3 locID: 102778821587632176 bcsId: 0,conID: 1 locID: 102778821590712369 bcsId: 0,conID: 2 locID: 102778821593923634 bcsId: 0,conID: 3 locID: 102778821603295283 bcsId: 0,conID: 1 locID: 102778821614239796 bcsId: 0,conID: 2 locID: 102778821617582133 bcsId: 0,conID: 3 locID: 102778821621055542 bcsId: 0,conID: 1 locID: 102778821624332343 bcsId: 0,conID: 2 locID: 102778821628002360 bcsId: 0,conID: 3 locID: 102778821638750265 bcsId: 0,conID: 1 locID: 102778821642092602 bcsId: 0,conID: 2 locID: 102778821645434939 bcsId: 0,conID: 3 locID: 102778821648777276 bcsId: 0,conID: 1 locID: 102778821652906045 bcsId: 0,conID: 2 locID: 102778821666668606 bcsId: 0,conID: 3 locID: 102778821670338623 bcsId: 0,conID: 1 locID: 102778821673877568 bcsId: 0,conID: 2 locID: 102778821677613121 bcsId: 0,conID: 3 locID: 102778821681020994 bcsId: 0,conID: 1 locID: 102778821684494403 bcsId: 0,conID: 2 locID: 102778821694718020 bcsId: 0,conID: 3 locID: 102778821698191429 bcsId: 0,conID: 1 locID: 102778821705072710 bcsId: 0,conID: 2 locID: 102778821709135943 bcsId: 0,conID: 3 locID: 102778821712347208 bcsId: 0,conID: 1 locID: 102778821723160649 bcsId: 0,conID: 2 locID: 102778821726568522 bcsId: 0,conID: 3 locID: 102778821730500683 bcsId: 0,conID: 1 locID: 102778821733777484 bcsId: 0,conID: 2 locID: 102778821737906253 bcsId: 0,conID: 3 locID: 102778821741969486 bcsId: 0,conID: 1 locID: 102778821758484559 bcsId: 0,conID: 2 locID: 102778821762089040 bcsId: 0,conID: 3 locID: 102778821765038161 bcsId: 0,conID: 1 locID: 102778821768773714 bcsId: 0,conID: 2 locID: 102778821774082131 bcsId: 0,conID: 3 locID: 102778821784502356 bcsId: 0,conID: 1 locID: 102778821788565589 bcsId: 0,conID: 2 locID: 102778821792825430 bcsId: 0,conID: 3 locID: 102778821795905623 bcsId: 0,conID: 1 locID: 102778821804687448 bcsId: 0,conID: 2 locID: 102778821808554073 bcsId: 0,conID: 3 locID: 102778821819695194 bcsId: 0,conID: 1 locID: 102778821823430747 bcsId: 0,conID: 2 locID: 102778821826773084 bcsId: 0,conID: 3 locID: 102778821829853277 bcsId: 0,conID: 1 locID: 102778821833195614 bcsId: 0,conID: 2 locID: 102778821848268895 bcsId: 0,conID: 3 locID: 102778821860982880 bcsId: 0,conID: 1 locID: 102778821864390753 bcsId: 0,conID: 2 locID: 102778821867929698 bcsId: 0,conID: 3 locID: 102778821871140963 bcsId: 0,conID: 1 locID: 102778821874352228 bcsId: 0,conID: 2 locID: 102778821883265125 bcsId: 0,conID: 3 locID: 102778821887197286 bcsId: 0,conID: 1 locID: 102778821889949799 bcsId: 0,conID: 2 locID: 102778821893357672 bcsId: 0,conID: 3 locID: 102778821897158761 bcsId: 0,conID: 1 locID: 102778821914722410 bcsId: 0,conID: 2 locID: 102778821918261355 bcsId: 0,conID: 3 locID: 102778821922259052 bcsId: 0,conID: 1 locID: 102778821925535853 bcsId: 0,conID: 2 locID: 102778821929271406 bcsId: 0,conID: 3 locID: 102778821932810351 bcsId: 0,conID: 1 locID: 102778821943820400 bcsId: 0,conID: 2 locID: 102778821948080241 bcsId: 0,conID: 3 locID: 102778821957124210 bcsId: 0,conID: 1 locID: 102778821960663155 bcsId: 0,conID: 2 locID: 102778821964398708 bcsId: 0,conID: 3 locID: 102778821968068725 bcsId: 0,conID: 1 locID: 102778821977702518 bcsId: 0,conID: 2 locID: 102778821981110391 bcsId: 0,conID: 3 locID: 102778821984649336 bcsId: 0,conID: 1 locID: 102778821988188281 bcsId: 0,conID: 2 locID: 102778821991530618 bcsId: 0,conID: 3 locID: 102778822007128187 bcsId: 0,conID: 1 locID: 102778822011519100 bcsId: 0,conID: 2 locID: 102778822015123581 bcsId: 0,conID: 3 locID: 102778822018465918 bcsId: 0,conID: 1 locID: 102778822022135935 bcsId: 0,conID: 2 locID: 102778822025937024 bcsId: 0,conID: 3 locID: 102778822035046529 bcsId: 0,conID: 1 locID: 102778822038388866 bcsId: 0,conID: 2 locID: 102778822041600131 bcsId: 0,conID: 3 locID: 102778822044680324 bcsId: 0,conID: 1 locID: 102778822053724293 bcsId: 0,conID: 2 locID: 102778822063489158 bcsId: 0,conID: 3 locID: 102778822066897031 bcsId: 0,conID: 1 locID: 102778822069518472 bcsId: 0,conID: 2 locID: 102778822072139913 bcsId: 0,conID: 3 locID: 102778822075154570 bcsId: 0,conID: 1 locID: 102778822078693515 bcsId: 0,conID: 2 locID: 102778822094094476 bcsId: 0,conID: 3 locID: 102778822097567885 bcsId: 0,conID: 1 locID: 102778822100910222 bcsId: 0,conID: 2 locID: 102778822104121487 bcsId: 0,conID: 3 locID: 102778822107463824 bcsId: 0,conID: 1 locID: 102778822117294225 bcsId: 0,conID: 2 locID: 102778822120505490 bcsId: 0,conID: 3 locID: 102778822123258003 bcsId: 0,conID: 1 locID: 102778822126338196 bcsId: 0,conID: 2 locID: 102778822129352853 bcsId: 0,conID: 3 locID: 102778822132367510 bcsId: 0,conID: 1 locID: 102778822145409175 bcsId: 0,conID: 2 locID: 102778822148489368 bcsId: 0,conID: 3 locID: 102778822151504025 bcsId: 0,conID: 1 locID: 102778822154256538 bcsId: 0,conID: 2 locID: 102778822156746907 bcsId: 0,conID: 3 locID: 102778822166970524 bcsId: 0,conID: 1 locID: 102778822170050717 bcsId: 0,conID: 2 locID: 102778822178177182 bcsId: 0,conID: 3 locID: 102778822181388447 bcsId: 0,conID: 1 locID: 102778822184730784 bcsId: 0,conID: 2 locID: 102778822187745441 bcsId: 0,conID: 3 locID: 102778822196658338 bcsId: 0,conID: 1 locID: 102778822200197283 bcsId: 0,conID: 2 locID: 102778822203408548 bcsId: 0,conID: 3 locID: 102778822206685349 bcsId: 0,conID: 1 locID: 102778822209831078 bcsId: 0,conID: 2 locID: 102778822223462567 bcsId: 0,conID: 3 locID: 102778822227198120 bcsId: 0,conID: 1 locID: 102778822230737065 bcsId: 0,conID: 2 locID: 102778822234079402 bcsId: 0,conID: 3 locID: 102778822237421739 bcsId: 0,conID: 1 locID: 102778822240698540 bcsId: 0,conID: 2 locID: 102778822250201261 bcsId: 0,conID: 3 locID: 102778822253019310 bcsId: 0,conID: 1 locID: 102778822256165039 bcsId: 0,conID: 2 locID: 102778822259441840 bcsId: 0,conID: 3 locID: 102778822268879025 bcsId: 0,conID: 1 locID: 102778822279168178 bcsId: 0,conID: 2 locID: 102778822282379443 bcsId: 0,conID: 3 locID: 102778822285656244 bcsId: 0,conID: 1 locID: 102778822289129653 bcsId: 0,conID: 2 locID: 102778822292275382 bcsId: 0,conID: 3 locID: 102778822299091127 bcsId: 0,conID: 1 locID: 102778822345818296 bcsId: 0,conID: 2 locID: 102778822347980985 bcsId: 0,conID: 3 locID: 102778822350602426 bcsId: 0,conID: 1 locID: 102778822353617083 bcsId: 0,conID: 2 locID: 102778822356828348 bcsId: 0,conID: 3 locID: 102778822365872317 bcsId: 0,conID: 1 locID: 102778822368755902 bcsId: 0,conID: 2 locID: 102778822371770559 bcsId: 0,conID: 3 locID: 102778822375309504 bcsId: 0,conID: 1 locID: 102778822378651841 bcsId: 0,conID: 2 locID: 102778822384156866 bcsId: 0,conID: 3 locID: 102778822394314947 bcsId: 0,conID: 1 locID: 102778822397657284 bcsId: 0,conID: 2 locID: 102778822400671941 bcsId: 0,conID: 3 locID: 102778822402834630 bcsId: 0,conID: 1 locID: 102778822405980359 bcsId: 0,conID: 2 locID: 102778822414893256 bcsId: 0,conID: 3 locID: 102778822418104521 bcsId: 0,conID: 1 locID: 102778822420922570 bcsId: 0,conID: 2 locID: 102778822427738315 bcsId: 0,conID: 3 locID: 102778822430818508 bcsId: 0,conID: 1 locID: 102778822433898701 bcsId: 0,conID: 2 locID: 102778822442680526 bcsId: 0,conID: 3 locID: 102778822445957327 bcsId: 0,conID: 1 locID: 102778822449168592 bcsId: 0,conID: 2 locID: 102778822452183249 bcsId: 0,conID: 3 locID: 102778822455263442 bcsId: 0,conID: 1 locID: 102778822469288147 bcsId: 0,conID: 2 locID: 102778822473023700 bcsId: 0,conID: 3 locID: 102778822476759253 bcsId: 0,conID: 1 locID: 102778822480625878 bcsId: 0,conID: 2 locID: 102778822483181783 bcsId: 0,conID: 3 locID: 102778822487048408 bcsId: 0,conID: 1 locID: 102778822498517209 bcsId: 0,conID: 2 locID: 102778822502383834 bcsId: 0,conID: 3 locID: 102778822505070811 bcsId: 0,conID: 1 locID: 102778822509002972 bcsId: 0,conID: 2 locID: 102778822512083165 bcsId: 0,conID: 3 locID: 102778822521716958 bcsId: 0,conID: 1 locID: 102778822532530399 bcsId: 0,conID: 2 locID: 102778822536134880 bcsId: 0,conID: 3 locID: 102778822539215073 bcsId: 0,conID: 1 locID: 102778822542557410 bcsId: 0,conID: 2 locID: 102778822545703139 bcsId: 0,conID: 3 locID: 102778822554943716 bcsId: 0,conID: 1 locID: 102778822557827301 bcsId: 0,conID: 2 locID: 102778822561824998 bcsId: 0,conID: 3 locID: 102778822565036263 bcsId: 0,conID: 1 locID: 102778822573228264 bcsId: 0,conID: 2 locID: 102778822575456489 bcsId: 0,conID: 3 locID: 102778822583582954 bcsId: 0,conID: 1 locID: 102778822585876715 bcsId: 0,conID: 2 locID: 102778822588629228 bcsId: 0,conID: 3 locID: 102778822591643885 bcsId: 0,conID: 1 locID: 102778822595051758 bcsId: 0,conID: 2 locID: 102778822603768047 bcsId: 0,conID: 3 locID: 102778822606192880 bcsId: 0,conID: 1 locID: 102778822609273073 bcsId: 0,conID: 2 locID: 102778822617596146 bcsId: 0,conID: 3 locID: 102778822621069555 bcsId: 0,conID: 1 locID: 102778822625198324 bcsId: 0,conID: 2 locID: 102778822635749621 bcsId: 0,conID: 3 locID: 102778822656393462 bcsId: 0,conID: 1 locID: 102778822659801335 bcsId: 0,conID: 2 locID: 102778822663602424 bcsId: 0,conID: 3 locID: 102778822667469049 bcsId: 0,conID: 1 locID: 102778822676250874 bcsId: 0,conID: 2 locID: 102778822679527675 bcsId: 0,conID: 3 locID: 102778822682673404 bcsId: 0,conID: 1 locID: 102778822804963581 bcsId: 0,conID: 2 locID: 102778822809420030 bcsId: 0,conID: 3 locID: 102778822813221119 bcsId: 0,conID: 1 locID: 102778822827114752 bcsId: 0,conID: 2 locID: 102778822830653697 bcsId: 0,conID: 3 locID: 102778822834192642 bcsId: 0,conID: 1 locID: 102778822837797123 bcsId: 0,conID: 2 locID: 102778822841336068 bcsId: 0,conID: 3 locID: 102778822922928389 bcsId: 0,conID: 1 locID: 102778822926270726 bcsId: 0,conID: 2 locID: 102778822929350919 bcsId: 0,conID: 3 locID: 102778822932234504 bcsId: 0,conID: 1 locID: 102778822941409545 bcsId: 0,conID: 2 locID: 102778822944620810 bcsId: 0,conID: 3 locID: 102778822954123531 bcsId: 0,conID: 1 locID: 102778822957465868 bcsId: 0,conID: 2 locID: 102778823006028045 bcsId: 0,conID: 3 locID: 102778823009435918 bcsId: 0,conID: 1 locID: 102778823013302543 bcsId: 0,conID: 2 locID: 102778823023067408 bcsId: 0,conID: 3 locID: 102778823026147601 bcsId: 0,conID: 1 locID: 102778823029358866 bcsId: 0,conID: 2 locID: 102778823032504595 bcsId: 0,conID: 3 locID: 102778823056818452 bcsId: 0,conID: 1 locID: 102778823071301909 bcsId: 0,conID: 2 locID: 102778823082705174 bcsId: 0,conID: 3 locID: 102778823086047511 bcsId: 0,conID: 1 locID: 102778823088996632 bcsId: 0,conID: 2 locID: 102778823092207897 bcsId: 0,conID: 3 locID: 102778823095353626 bcsId: 0,conID: 1 locID: 102778823105184027 bcsId: 0,conID: 2 locID: 102778823109312796 bcsId: 0,conID: 3 locID: 102778823112982813 bcsId: 0,conID: 1 locID: 102778823117046046 bcsId: 0,conID: 2 locID: 102778823120322847 bcsId: 0,conID: 3 locID: 102778823123796256 bcsId: 0,conID: 1 locID: 102778823141753121 bcsId: 0,conID: 2 locID: 102778823145029922 bcsId: 0,conID: 3 locID: 102778823148306723 bcsId: 0,conID: 1 locID: 102778823151845668 bcsId: 0,conID: 2 locID: 102778823154991397 bcsId: 0,conID: 3 locID: 102778823165608230 bcsId: 0,conID: 1 locID: 102778823168885031 bcsId: 0,conID: 2 locID: 102778823172030760 bcsId: 0,conID: 3 locID: 102778823175045417 bcsId: 0,conID: 1 locID: 102778823177994538 bcsId: 0,conID: 2 locID: 102778823180419371 bcsId: 0,conID: 3 locID: 102778823193723180 bcsId: 0,conID: 1 locID: 102778823196934445 bcsId: 0,conID: 2 locID: 102778823200407854 bcsId: 0,conID: 3 locID: 102778823203356975 bcsId: 0,conID: 1 locID: 102778823206502704 bcsId: 0,conID: 2 locID: 102778823215808817 bcsId: 0,conID: 3 locID: 102778823219020082 bcsId: 0,conID: 1 locID: 102778823222231347 bcsId: 0,conID: 2 locID: 102778823225442612 bcsId: 0,conID: 3 locID: 102778823228653877 bcsId: 0,conID: 1 locID: 102778823231209782 bcsId: 0,conID: 2 locID: 102778823246807351 bcsId: 0,conID: 3 locID: 102778823250018616 bcsId: 0,conID: 1 locID: 102778823253492025 bcsId: 0,conID: 2 locID: 102778823257489722 bcsId: 0,conID: 3 locID: 102778823261487419 bcsId: 0,conID: 1 locID: 102778823273480508 bcsId: 0,conID: 2 locID: 102778823277478205 bcsId: 0,conID: 3 locID: 102778823281148222 bcsId: 0,conID: 1 locID: 102778823284490559 bcsId: 0,conID: 2 locID: 102778823287374144 bcsId: 0,conID: 3 locID: 102778823290257729 bcsId: 0,conID: 1 locID: 102778823305789762 bcsId: 0,conID: 2 locID: 102778823309001027 bcsId: 0,conID: 3 locID: 102778823311819076 bcsId: 0,conID: 1 locID: 102778823315030341 bcsId: 0,conID: 2 locID: 102778823318241606 bcsId: 0,conID: 3 locID: 102778823321583943 bcsId: 0,conID: 1 locID: 102778823332462920 bcsId: 0,conID: 2 locID: 102778823336198473 bcsId: 0,conID: 3 locID: 102778823339802954 bcsId: 0,conID: 1 locID: 102778823343079755 bcsId: 0,conID: 2 locID: 102778823347339596 bcsId: 0,conID: 3 locID: 102778823359594829 bcsId: 0,conID: 1 locID: 102778823363395918 bcsId: 0,conID: 2 locID: 102778823374602575 bcsId: 0,conID: 3 locID: 102778823377617232 bcsId: 0,conID: 1 locID: 102778823381287249 bcsId: 0,conID: 2 locID: 102778823384629586 bcsId: 0,conID: 3 locID: 102778823394197843 bcsId: 0,conID: 1 locID: 102778823397081428 bcsId: 0,conID: 2 locID: 102778823400227157 bcsId: 0,conID: 3 locID: 102778823403307350 bcsId: 0,conID: 1 locID: 102778823406453079 bcsId: 0,conID: 2 locID: 102778823416873304 bcsId: 0,conID: 3 locID: 102778823420215641 bcsId: 0,conID: 1 locID: 102778823423230298 bcsId: 0,conID: 2 locID: 102778823426441563 bcsId: 0,conID: 3 locID: 102778823429456220 bcsId: 0,conID: 1 locID: 102778823439024477 bcsId: 0,conID: 2 locID: 102778823447740766 bcsId: 0,conID: 3 locID: 102778823451017567 bcsId: 0,conID: 1 locID: 102778823454294368 bcsId: 0,conID: 2 locID: 102778823457702241 bcsId: 0,conID: 3 locID: 102778823460782434 bcsId: 0,conID: 1 locID: 102778823469564259 bcsId: 0,conID: 2 locID: 102778823472447844 bcsId: 0,conID: 3 locID: 102778823475855717 bcsId: 0,conID: 1 locID: 102778823479066982 bcsId: 0,conID: 2 locID: 102778823481950567 bcsId: 0,conID: 3 locID: 102778823484965224 bcsId: 0,conID: 1 locID: 102778823500759401 bcsId: 0,conID: 2 locID: 102778823503970666 bcsId: 0,conID: 3 locID: 102778823507640683 bcsId: 0,conID: 1 locID: 102778823510786412 bcsId: 0,conID: 2 locID: 102778823513735533 bcsId: 0,conID: 3 locID: 102778823523500398 bcsId: 0,conID: 1 locID: 102778823526777199 bcsId: 0,conID: 2 locID: 102778823530447216 bcsId: 0,conID: 3 locID: 102778823533527409 bcsId: 0,conID: 1 locID: 102778823536476530 bcsId: 0,conID: 2 locID: 102778823539229043 bcsId: 0,conID: 3 locID: 102778823551943028 bcsId: 0,conID: 1 locID: 102778823555023221 bcsId: 0,conID: 2 locID: 102778823558300022 bcsId: 0,conID: 3 locID: 102778823562363255 bcsId: 0,conID: 1 locID: 102778823565443448 bcsId: 0,conID: 2 locID: 102778823573700985 bcsId: 0,conID: 3 locID: 102778823576650106 bcsId: 0,conID: 1 locID: 102778823579861371 bcsId: 0,conID: 2 locID: 102778823583334780 bcsId: 0,conID: 3 locID: 102778823586414973 bcsId: 0,conID: 1 locID: 102778823589233022 bcsId: 0,conID: 2 locID: 102778823617872255 bcsId: 0,conID: 3 locID: 102778823622197632 bcsId: 0,conID: 1 locID: 102778823625277825 bcsId: 0,conID: 2 locID: 102778823628358018 bcsId: 0,conID: 3 locID: 102778823631569283 bcsId: 0,conID: 1 locID: 102778823639433604 bcsId: 0,conID: 2 locID: 102778823642579333 bcsId: 0,conID: 3 locID: 102778823645659526 bcsId: 0,conID: 1 locID: 102778823648936327 bcsId: 0,conID: 2 locID: 102778823651754376 bcsId: 0,conID: 3 locID: 102778823654769033 bcsId: 0,conID: 1 locID: 102778823664730506 bcsId: 0,conID: 2 locID: 102778823667810699 bcsId: 0,conID: 3 locID: 102778823671218572 bcsId: 0,conID: 1 locID: 102778823674233229 bcsId: 0,conID: 2 locID: 102778823677444494 bcsId: 0,conID: 3 locID: 102778823685112207 bcsId: 0,conID: 1 locID: 102778823688978832 bcsId: 0,conID: 2 locID: 102778823692124561 bcsId: 0,conID: 3 locID: 102778823694942610 bcsId: 0,conID: 1 locID: 102778823697826195 bcsId: 0,conID: 2 locID: 102778823700709780 bcsId: 0,conID: 3 locID: 102778823713882517 bcsId: 0,conID: 1 locID: 102778823716962710 bcsId: 0,conID: 2 locID: 102778823720108439 bcsId: 0,conID: 3 locID: 102778823723254168 bcsId: 0,conID: 1 locID: 102778823726399897 bcsId: 0,conID: 2 locID: 102778823736426906 bcsId: 0,conID: 3 locID: 102778823739638171 bcsId: 0,conID: 1 locID: 102778823742652828 bcsId: 0,conID: 2 locID: 102778823745536413 bcsId: 0,conID: 3 locID: 102778823748878750 bcsId: 0,conID: 1 locID: 102778823751762335 bcsId: 0,conID: 2 locID: 102778823766704544 bcsId: 0,conID: 3 locID: 102778823769850273 bcsId: 0,conID: 1 locID: 102778823773061538 bcsId: 0,conID: 2 locID: 102778823776076195 bcsId: 0,conID: 3 locID: 102778823779352996 bcsId: 0,conID: 1 locID: 102778823788265893 bcsId: 0,conID: 2 locID: 102778823791280550 bcsId: 0,conID: 3 locID: 102778823794491815 bcsId: 0,conID: 1 locID: 102778823797834152 bcsId: 0,conID: 2 locID: 102778823801242025 bcsId: 0,conID: 3 locID: 102778823804387754 bcsId: 0,conID: 1 locID: 102778823822082475 bcsId: 0,conID: 2 locID: 102778823825293740 bcsId: 0,conID: 3 locID: 102778823828701613 bcsId: 0,conID: 1 locID: 102778823832764846 bcsId: 0,conID: 2 locID: 102778823835779503 bcsId: 0,conID: 3 locID: 102778823839318448 bcsId: 0,conID: 1 locID: 102778823850131889 bcsId: 0,conID: 2 locID: 102778823853539762 bcsId: 0,conID: 3 locID: 102778823857013171 bcsId: 0,conID: 1 locID: 102778823860879796 bcsId: 0,conID: 2 locID: 102778823864287669 bcsId: 0,conID: 3 locID: 102778823879623094 bcsId: 0,conID: 1 locID: 102778823882703287 bcsId: 0,conID: 2 locID: 102778823886700984 bcsId: 0,conID: 3 locID: 102778823889715641 bcsId: 0,conID: 1 locID: 102778823892664762 bcsId: 0,conID: 2 locID: 102778823895548347 bcsId: 0,conID: 3 locID: 102778823904264636 bcsId: 0,conID: 1 locID: 102778823907541437 bcsId: 0,conID: 2 locID: 102778823910752702 bcsId: 0,conID: 3 locID: 102778823913701823 bcsId: 0,conID: 1 locID: 102778823916716480 bcsId: 0,conID: 2 locID: 102778823933821377 bcsId: 0,conID: 3 locID: 102778823937098178 bcsId: 0,conID: 1 locID: 102778823940702659 bcsId: 0,conID: 2 locID: 102778823944241604 bcsId: 0,conID: 3 locID: 102778823947649477 bcsId: 0,conID: 1 locID: 102778823951057350 bcsId: 0,conID: 2 locID: 102778823961018823 bcsId: 0,conID: 3 locID: 102778823964492232 bcsId: 0,conID: 1 locID: 102778823967703497 bcsId: 0,conID: 2 locID: 102778823970914762 bcsId: 0,conID: 3 locID: 102778823974257099 bcsId: 0,conID: 1 locID: 102778823990378956 bcsId: 0,conID: 2 locID: 102778823994311117 bcsId: 0,conID: 3 locID: 102778823998308814 bcsId: 0,conID: 1 locID: 102778824001716687 bcsId: 0,conID: 2 locID: 102778824005190096 bcsId: 0,conID: 3 locID: 102778824008532433 bcsId: 0,conID: 1 locID: 102778824017576402 bcsId: 0,conID: 2 locID: 102778824020722131 bcsId: 0,conID: 3 locID: 102778824023933396 bcsId: 0,conID: 1 locID: 102778824026948053 bcsId: 0,conID: 2 locID: 102778824030159318 bcsId: 0,conID: 3 locID: 102778824038678999 bcsId: 0,conID: 1 locID: 102778824042152408 bcsId: 0,conID: 2 locID: 102778824051065305 bcsId: 0,conID: 3 locID: 102778824054866394 bcsId: 0,conID: 1 locID: 102778824058405339 bcsId: 0,conID: 2 locID: 102778824061551068 bcsId: 0,conID: 3 locID: 102778824070332893 bcsId: 0,conID: 1 locID: 102778824074068446 bcsId: 0,conID: 2 locID: 102778824078000607 bcsId: 0,conID: 3 locID: 102778824081998304 bcsId: 0,conID: 1 locID: 102778824085537249 bcsId: 0,conID: 2 locID: 102778824095433186 bcsId: 0,conID: 3 locID: 102778824098382307 bcsId: 0,conID: 1 locID: 102778824103559652 bcsId: 0,conID: 2 locID: 102778824112079333 bcsId: 0,conID: 3 locID: 102778824117191142 bcsId: 0,conID: 1 locID: 102778824120205799 bcsId: 0,conID: 2 locID: 102778824128266728 bcsId: 0,conID: 3 locID: 102778824131150313 bcsId: 0,conID: 1 locID: 102778824137834986 bcsId: 0,conID: 2 locID: 102778824140718571 bcsId: 0,conID: 3 locID: 102778824143864300 bcsId: 0,conID: 1 locID: 102778824151466477 bcsId: 0,conID: 2 locID: 102778824153432558 bcsId: 0,conID: 3 locID: 102778824156119535 bcsId: 0,conID: 1 locID: 102778824158478832 bcsId: 0,conID: 2 locID: 102778824165163505 bcsId: 0,conID: 3 locID: 102778824168571378 bcsId: 0,conID: 1 locID: 102778824175911411 bcsId: 0,conID: 2 locID: 102778824178598388 bcsId: 0,conID: 3 locID: 102778824181744117 bcsId: 0,conID: 1 locID: 102778824184758774 bcsId: 0,conID: 2 locID: 102778824187052535 bcsId: 0,conID: 3 locID: 102778824193868280 bcsId: 0,conID: 1 locID: 102778824197276153 bcsId: 0,conID: 2 locID: 102778824200487418 bcsId: 0,conID: 3 locID: 102778824203305467 bcsId: 0,conID: 1 locID: 102778824206320124 bcsId: 0,conID: 2 locID: 102778824214053373 bcsId: 0,conID: 3 locID: 102778824223293950 bcsId: 0,conID: 1 locID: 102778824226832895 bcsId: 0,conID: 2 locID: 102778824230502912 bcsId: 0,conID: 3 locID: 102778824234566145 bcsId: 0,conID: 1 locID: 102778824237646338 bcsId: 0,conID: 2 locID: 102778824248525315 bcsId: 0,conID: 3 locID: 102778824252129796 bcsId: 0,conID: 1 locID: 102778824254751237 bcsId: 0,conID: 2 locID: 102778824258159110 bcsId: 0,conID: 3 locID: 102778824260649479 bcsId: 0,conID: 1 locID: 102778824263729672 bcsId: 0,conID: 2 locID: 102778824276705801 bcsId: 0,conID: 3 locID: 102778824279917066 bcsId: 0,conID: 1 locID: 102778824282800651 bcsId: 0,conID: 2 locID: 102778824285946380 bcsId: 0,conID: 3 locID: 102778824288829965 bcsId: 0,conID: 1 locID: 102778824298136078 bcsId: 0,conID: 2 locID: 102778824302723599 bcsId: 0,conID: 3 locID: 102778824306262544 bcsId: 0,conID: 1 locID: 102778824309735953 bcsId: 0,conID: 2 locID: 102778824313274898 bcsId: 0,conID: 3 locID: 102778824316420627 bcsId: 0,conID: 1 locID: 102778824332608020 bcsId: 0,conID: 2 locID: 102778824335557141 bcsId: 0,conID: 3 locID: 102778824338571798 bcsId: 0,conID: 1 locID: 102778824341848599 bcsId: 0,conID: 2 locID: 102778824344928792 bcsId: 0,conID: 3 locID: 102778824347812377 bcsId: 0,conID: 1 locID: 102778824357446170 bcsId: 0,conID: 2 locID: 102778824378286619 bcsId: 0,conID: 3 locID: 102778824382480924 bcsId: 0,conID: 1 locID: 102778824385430045 bcsId: 0,conID: 2 locID: 102778824388510238 bcsId: 0,conID: 3 locID: 102778824427504159 bcsId: 0,conID: 1 locID: 102778824431174176 bcsId: 0,conID: 2 locID: 102778824434516513 bcsId: 0,conID: 3 locID: 102778824437662242 bcsId: 0,conID: 1 locID: 102778824440611363 bcsId: 0,conID: 2 locID: 102778824443757092 bcsId: 0,conID: 3 locID: 102778824453980709 bcsId: 0,conID: 1 locID: 102778824457191974 bcsId: 0,conID: 2 locID: 102778824460534311 bcsId: 0,conID: 3 locID: 102778824463942184 bcsId: 0,conID: 1 locID: 102778824467087913 bcsId: 0
2019-09-12 09:26:43,355 [SCMBlockDeletingService#1] DEBUG block.SCMBlockDeletingService (SCMBlockDeletingService.java:call(138)) - Running DeletedBlockTransactionScanner
2019-09-12 09:26:43,356 [SCMBlockDeletingService#1] DEBUG block.SCMBlockDeletingService (SCMBlockDeletingService.java:call(155)) - Scanned deleted blocks log and got 0 delTX to process.
2019-09-12 09:26:43,456 [SCMBlockDeletingService#1] DEBUG block.SCMBlockDeletingService (SCMBlockDeletingService.java:call(138)) - Running DeletedBlockTransactionScanner
2019-09-12 09:26:43,457 [SCMBlockDeletingService#1] DEBUG block.SCMBlockDeletingService (SCMBlockDeletingService.java:call(155)) - Scanned deleted blocks log and got 0 delTX to process.
2019-09-12 09:26:43,557 [SCMBlockDeletingService#1] DEBUG block.SCMBlockDeletingService (SCMBlockDeletingService.java:call(138)) - Running DeletedBlockTransactionScanner
2019-09-12 09:26:43,558 [SCMBlockDeletingService#1] DEBUG block.SCMBlockDeletingService (SCMBlockDeletingService.java:call(155)) - Scanned deleted blocks log and got 0 delTX to process.
2019-09-12 09:26:43,658 [SCMBlockDeletingService#1] DEBUG block.SCMBlockDeletingService (SCMBlockDeletingService.java:call(138)) - Running DeletedBlockTransactionScanner
2019-09-12 09:26:43,659 [SCMBlockDeletingService#1] DEBUG block.SCMBlockDeletingService (SCMBlockDeletingService.java:call(155)) - Scanned deleted blocks log and got 0 delTX to process.
2019-09-12 09:26:43,759 [SCMBlockDeletingService#1] DEBUG block.SCMBlockDeletingService (SCMBlockDeletingService.java:call(138)) - Running DeletedBlockTransactionScanner
2019-09-12 09:26:43,760 [SCMBlockDeletingService#1] DEBUG block.SCMBlockDeletingService (SCMBlockDeletingService.java:call(155)) - Scanned deleted blocks log and got 0 delTX to process.
2019-09-12 09:26:43,860 [SCMBlockDeletingService#1] DEBUG block.SCMBlockDeletingService (SCMBlockDeletingService.java:call(138)) - Running DeletedBlockTransactionScanner
2019-09-12 09:26:43,860 [SCMBlockDeletingService#1] DEBUG block.SCMBlockDeletingService (SCMBlockDeletingService.java:call(155)) - Scanned deleted blocks log and got 0 delTX to process.
2019-09-12 09:26:43,961 [SCMBlockDeletingService#1] DEBUG block.SCMBlockDeletingService (SCMBlockDeletingService.java:call(138)) - Running DeletedBlockTransactionScanner
2019-09-12 09:26:43,961 [SCMBlockDeletingService#1] DEBUG block.SCMBlockDeletingService (SCMBlockDeletingService.java:call(155)) - Scanned deleted blocks log and got 0 delTX to process.
2019-09-12 09:26:44,062 [SCMBlockDeletingService#1] DEBUG block.SCMBlockDeletingService (SCMBlockDeletingService.java:call(138)) - Running DeletedBlockTransactionScanner
2019-09-12 09:26:44,062 [SCMBlockDeletingService#1] DEBUG block.SCMBlockDeletingService (SCMBlockDeletingService.java:call(155)) - Scanned deleted blocks log and got 0 delTX to process.
2019-09-12 09:26:44,163 [SCMBlockDeletingService#0] DEBUG block.SCMBlockDeletingService (SCMBlockDeletingService.java:call(138)) - Running DeletedBlockTransactionScanner
2019-09-12 09:26:44,165 [SCMBlockDeletingService#0] DEBUG block.SCMBlockDeletingService (SCMBlockDeletingService.java:call(155)) - Scanned deleted blocks log and got 0 delTX to process.
2019-09-12 09:26:44,265 [SCMBlockDeletingService#0] DEBUG block.SCMBlockDeletingService (SCMBlockDeletingService.java:call(138)) - Running DeletedBlockTransactionScanner
2019-09-12 09:26:44,266 [SCMBlockDeletingService#0] DEBUG block.SCMBlockDeletingService (SCMBlockDeletingService.java:call(155)) - Scanned deleted blocks log and got 0 delTX to process.
2019-09-12 09:26:44,366 [SCMBlockDeletingService#0] DEBUG block.SCMBlockDeletingService (SCMBlockDeletingService.java:call(138)) - Running DeletedBlockTransactionScanner
2019-09-12 09:26:44,367 [SCMBlockDeletingService#0] DEBUG block.SCMBlockDeletingService (SCMBlockDeletingService.java:call(155)) - Scanned deleted blocks log and got 0 delTX to process.
2019-09-12 09:26:44,467 [SCMBlockDeletingService#0] DEBUG block.SCMBlockDeletingService (SCMBlockDeletingService.java:call(138)) - Running DeletedBlockTransactionScanner
2019-09-12 09:26:44,468 [SCMBlockDeletingService#0] DEBUG block.SCMBlockDeletingService (SCMBlockDeletingService.java:call(155)) - Scanned deleted blocks log and got 0 delTX to process.
2019-09-12 09:26:44,568 [SCMBlockDeletingService#0] DEBUG block.SCMBlockDeletingService (SCMBlockDeletingService.java:call(138)) - Running DeletedBlockTransactionScanner
2019-09-12 09:26:44,569 [SCMBlockDeletingService#0] DEBUG block.SCMBlockDeletingService (SCMBlockDeletingService.java:call(155)) - Scanned deleted blocks log and got 0 delTX to process.
2019-09-12 09:26:44,669 [SCMBlockDeletingService#0] DEBUG block.SCMBlockDeletingService (SCMBlockDeletingService.java:call(138)) - Running DeletedBlockTransactionScanner
2019-09-12 09:26:44,670 [SCMBlockDeletingService#0] DEBUG block.SCMBlockDeletingService (SCMBlockDeletingService.java:call(155)) - Scanned deleted blocks log and got 0 delTX to process.
2019-09-12 09:26:44,770 [SCMBlockDeletingService#0] DEBUG block.SCMBlockDeletingService (SCMBlockDeletingService.java:call(138)) - Running DeletedBlockTransactionScanner
2019-09-12 09:26:44,771 [SCMBlockDeletingService#0] DEBUG block.SCMBlockDeletingService (SCMBlockDeletingService.java:call(155)) - Scanned deleted blocks log and got 0 delTX to process.
2019-09-12 09:26:44,872 [SCMBlockDeletingService#0] DEBUG block.SCMBlockDeletingService (SCMBlockDeletingService.java:call(138)) - Running DeletedBlockTransactionScanner
2019-09-12 09:26:44,872 [SCMBlockDeletingService#0] DEBUG block.SCMBlockDeletingService (SCMBlockDeletingService.java:call(155)) - Scanned deleted blocks log and got 0 delTX to process.
2019-09-12 09:26:44,973 [SCMBlockDeletingService#0] DEBUG block.SCMBlockDeletingService (SCMBlockDeletingService.java:call(138)) - Running DeletedBlockTransactionScanner
2019-09-12 09:26:44,973 [SCMBlockDeletingService#0] DEBUG block.SCMBlockDeletingService (SCMBlockDeletingService.java:call(155)) - Scanned deleted blocks log and got 0 delTX to process.
2019-09-12 09:26:45,074 [SCMBlockDeletingService#0] DEBUG block.SCMBlockDeletingService (SCMBlockDeletingService.java:call(138)) - Running DeletedBlockTransactionScanner
2019-09-12 09:26:45,074 [SCMBlockDeletingService#0] DEBUG block.SCMBlockDeletingService (SCMBlockDeletingService.java:call(155)) - Scanned deleted blocks log and got 0 delTX to process.
2019-09-12 09:26:45,174 [SCMBlockDeletingService#0] DEBUG block.SCMBlockDeletingService (SCMBlockDeletingService.java:call(138)) - Running DeletedBlockTransactionScanner
2019-09-12 09:26:45,175 [SCMBlockDeletingService#0] DEBUG block.SCMBlockDeletingService (SCMBlockDeletingService.java:call(155)) - Scanned deleted blocks log and got 0 delTX to process.
2019-09-12 09:26:45,275 [SCMBlockDeletingService#0] DEBUG block.SCMBlockDeletingService (SCMBlockDeletingService.java:call(138)) - Running DeletedBlockTransactionScanner
2019-09-12 09:26:45,276 [SCMBlockDeletingService#0] DEBUG block.SCMBlockDeletingService (SCMBlockDeletingService.java:call(155)) - Scanned deleted blocks log and got 0 delTX to process.
2019-09-12 09:26:45,377 [SCMBlockDeletingService#0] DEBUG block.SCMBlockDeletingService (SCMBlockDeletingService.java:call(138)) - Running DeletedBlockTransactionScanner
2019-09-12 09:26:45,377 [SCMBlockDeletingService#0] DEBUG block.SCMBlockDeletingService (SCMBlockDeletingService.java:call(155)) - Scanned deleted blocks log and got 0 delTX to process.
2019-09-12 09:26:45,478 [SCMBlockDeletingService#0] DEBUG block.SCMBlockDeletingService (SCMBlockDeletingService.java:call(138)) - Running DeletedBlockTransactionScanner
2019-09-12 09:26:45,479 [SCMBlockDeletingService#0] DEBUG block.SCMBlockDeletingService (SCMBlockDeletingService.java:call(155)) - Scanned deleted blocks log and got 0 delTX to process.
2019-09-12 09:26:45,579 [SCMBlockDeletingService#0] DEBUG block.SCMBlockDeletingService (SCMBlockDeletingService.java:call(138)) - Running DeletedBlockTransactionScanner
2019-09-12 09:26:45,580 [SCMBlockDeletingService#0] DEBUG block.SCMBlockDeletingService (SCMBlockDeletingService.java:call(155)) - Scanned deleted blocks log and got 0 delTX to process.
2019-09-12 09:26:45,680 [SCMBlockDeletingService#0] DEBUG block.SCMBlockDeletingService (SCMBlockDeletingService.java:call(138)) - Running DeletedBlockTransactionScanner
2019-09-12 09:26:45,681 [SCMBlockDeletingService#0] DEBUG block.SCMBlockDeletingService (SCMBlockDeletingService.java:call(155)) - Scanned deleted blocks log and got 0 delTX to process.
2019-09-12 09:26:45,781 [SCMBlockDeletingService#0] DEBUG block.SCMBlockDeletingService (SCMBlockDeletingService.java:call(138)) - Running DeletedBlockTransactionScanner
2019-09-12 09:26:45,782 [SCMBlockDeletingService#0] DEBUG block.SCMBlockDeletingService (SCMBlockDeletingService.java:call(155)) - Scanned deleted blocks log and got 0 delTX to process.
2019-09-12 09:26:45,882 [SCMBlockDeletingService#0] DEBUG block.SCMBlockDeletingService (SCMBlockDeletingService.java:call(138)) - Running DeletedBlockTransactionScanner
2019-09-12 09:26:45,883 [SCMBlockDeletingService#0] DEBUG block.SCMBlockDeletingService (SCMBlockDeletingService.java:call(155)) - Scanned deleted blocks log and got 0 delTX to process.
2019-09-12 09:26:45,983 [SCMBlockDeletingService#0] DEBUG block.SCMBlockDeletingService (SCMBlockDeletingService.java:call(138)) - Running DeletedBlockTransactionScanner
2019-09-12 09:26:45,984 [SCMBlockDeletingService#0] DEBUG block.SCMBlockDeletingService (SCMBlockDeletingService.java:call(155)) - Scanned deleted blocks log and got 0 delTX to process.
2019-09-12 09:26:46,084 [SCMBlockDeletingService#0] DEBUG block.SCMBlockDeletingService (SCMBlockDeletingService.java:call(138)) - Running DeletedBlockTransactionScanner
2019-09-12 09:26:46,085 [SCMBlockDeletingService#0] DEBUG block.SCMBlockDeletingService (SCMBlockDeletingService.java:call(155)) - Scanned deleted blocks log and got 0 delTX to process.
2019-09-12 09:26:46,185 [SCMBlockDeletingService#0] DEBUG block.SCMBlockDeletingService (SCMBlockDeletingService.java:call(138)) - Running DeletedBlockTransactionScanner
2019-09-12 09:26:46,185 [SCMBlockDeletingService#0] DEBUG block.SCMBlockDeletingService (SCMBlockDeletingService.java:call(155)) - Scanned deleted blocks log and got 0 delTX to process.
2019-09-12 09:26:46,286 [SCMBlockDeletingService#0] DEBUG block.SCMBlockDeletingService (SCMBlockDeletingService.java:call(138)) - Running DeletedBlockTransactionScanner
2019-09-12 09:26:46,286 [SCMBlockDeletingService#0] DEBUG block.SCMBlockDeletingService (SCMBlockDeletingService.java:call(155)) - Scanned deleted blocks log and got 0 delTX to process.
2019-09-12 09:26:46,387 [SCMBlockDeletingService#0] DEBUG block.SCMBlockDeletingService (SCMBlockDeletingService.java:call(138)) - Running DeletedBlockTransactionScanner
2019-09-12 09:26:46,387 [SCMBlockDeletingService#0] DEBUG block.SCMBlockDeletingService (SCMBlockDeletingService.java:call(155)) - Scanned deleted blocks log and got 0 delTX to process.
2019-09-12 09:26:46,488 [SCMBlockDeletingService#0] DEBUG block.SCMBlockDeletingService (SCMBlockDeletingService.java:call(138)) - Running DeletedBlockTransactionScanner
2019-09-12 09:26:46,488 [SCMBlockDeletingService#0] DEBUG block.SCMBlockDeletingService (SCMBlockDeletingService.java:call(155)) - Scanned deleted blocks log and got 0 delTX to process.
2019-09-12 09:26:46,589 [SCMBlockDeletingService#0] DEBUG block.SCMBlockDeletingService (SCMBlockDeletingService.java:call(138)) - Running DeletedBlockTransactionScanner
2019-09-12 09:26:46,589 [SCMBlockDeletingService#0] DEBUG block.SCMBlockDeletingService (SCMBlockDeletingService.java:call(155)) - Scanned deleted blocks log and got 0 delTX to process.
2019-09-12 09:26:46,690 [SCMBlockDeletingService#0] DEBUG block.SCMBlockDeletingService (SCMBlockDeletingService.java:call(138)) - Running DeletedBlockTransactionScanner
2019-09-12 09:26:46,690 [SCMBlockDeletingService#0] DEBUG block.SCMBlockDeletingService (SCMBlockDeletingService.java:call(155)) - Scanned deleted blocks log and got 0 delTX to process.
2019-09-12 09:26:46,790 [SCMBlockDeletingService#0] DEBUG block.SCMBlockDeletingService (SCMBlockDeletingService.java:call(138)) - Running DeletedBlockTransactionScanner
2019-09-12 09:26:46,791 [SCMBlockDeletingService#0] DEBUG block.SCMBlockDeletingService (SCMBlockDeletingService.java:call(155)) - Scanned deleted blocks log and got 0 delTX to process.
2019-09-12 09:26:46,891 [SCMBlockDeletingService#0] DEBUG block.SCMBlockDeletingService (SCMBlockDeletingService.java:call(138)) - Running DeletedBlockTransactionScanner
2019-09-12 09:26:46,892 [SCMBlockDeletingService#0] DEBUG block.SCMBlockDeletingService (SCMBlockDeletingService.java:call(155)) - Scanned deleted blocks log and got 0 delTX to process.
2019-09-12 09:26:46,992 [SCMBlockDeletingService#0] DEBUG block.SCMBlockDeletingService (SCMBlockDeletingService.java:call(138)) - Running DeletedBlockTransactionScanner
2019-09-12 09:26:46,993 [SCMBlockDeletingService#0] DEBUG block.SCMBlockDeletingService (SCMBlockDeletingService.java:call(155)) - Scanned deleted blocks log and got 0 delTX to process.
2019-09-12 09:26:47,093 [SCMBlockDeletingService#0] DEBUG block.SCMBlockDeletingService (SCMBlockDeletingService.java:call(138)) - Running DeletedBlockTransactionScanner
2019-09-12 09:26:47,094 [SCMBlockDeletingService#0] DEBUG block.SCMBlockDeletingService (SCMBlockDeletingService.java:call(155)) - Scanned deleted blocks log and got 0 delTX to process.
2019-09-12 09:26:47,194 [SCMBlockDeletingService#0] DEBUG block.SCMBlockDeletingService (SCMBlockDeletingService.java:call(138)) - Running DeletedBlockTransactionScanner
2019-09-12 09:26:47,194 [SCMBlockDeletingService#0] DEBUG block.SCMBlockDeletingService (SCMBlockDeletingService.java:call(155)) - Scanned deleted blocks log and got 0 delTX to process.
2019-09-12 09:26:47,295 [SCMBlockDeletingService#0] DEBUG block.SCMBlockDeletingService (SCMBlockDeletingService.java:call(138)) - Running DeletedBlockTransactionScanner
2019-09-12 09:26:47,295 [SCMBlockDeletingService#0] DEBUG block.SCMBlockDeletingService (SCMBlockDeletingService.java:call(155)) - Scanned deleted blocks log and got 0 delTX to process.
2019-09-12 09:26:47,395 [SCMBlockDeletingService#0] DEBUG block.SCMBlockDeletingService (SCMBlockDeletingService.java:call(138)) - Running DeletedBlockTransactionScanner
2019-09-12 09:26:47,396 [SCMBlockDeletingService#0] DEBUG block.SCMBlockDeletingService (SCMBlockDeletingService.java:call(155)) - Scanned deleted blocks log and got 0 delTX to process.
2019-09-12 09:26:47,496 [SCMBlockDeletingService#0] DEBUG block.SCMBlockDeletingService (SCMBlockDeletingService.java:call(138)) - Running DeletedBlockTransactionScanner
2019-09-12 09:26:47,497 [SCMBlockDeletingService#0] DEBUG block.SCMBlockDeletingService (SCMBlockDeletingService.java:call(155)) - Scanned deleted blocks log and got 0 delTX to process.
2019-09-12 09:26:47,597 [SCMBlockDeletingService#0] DEBUG block.SCMBlockDeletingService (SCMBlockDeletingService.java:call(138)) - Running DeletedBlockTransactionScanner
2019-09-12 09:26:47,598 [SCMBlockDeletingService#0] DEBUG block.SCMBlockDeletingService (SCMBlockDeletingService.java:call(155)) - Scanned deleted blocks log and got 0 delTX to process.
2019-09-12 09:26:47,698 [SCMBlockDeletingService#0] DEBUG block.SCMBlockDeletingService (SCMBlockDeletingService.java:call(138)) - Running DeletedBlockTransactionScanner
2019-09-12 09:26:47,698 [SCMBlockDeletingService#0] DEBUG block.SCMBlockDeletingService (SCMBlockDeletingService.java:call(155)) - Scanned deleted blocks log and got 0 delTX to process.
2019-09-12 09:26:47,799 [SCMBlockDeletingService#0] DEBUG block.SCMBlockDeletingService (SCMBlockDeletingService.java:call(138)) - Running DeletedBlockTransactionScanner
2019-09-12 09:26:47,799 [SCMBlockDeletingService#0] DEBUG block.SCMBlockDeletingService (SCMBlockDeletingService.java:call(155)) - Scanned deleted blocks log and got 0 delTX to process.
2019-09-12 09:26:47,899 [SCMBlockDeletingService#1] DEBUG block.SCMBlockDeletingService (SCMBlockDeletingService.java:call(138)) - Running DeletedBlockTransactionScanner
2019-09-12 09:26:47,900 [SCMBlockDeletingService#1] DEBUG block.SCMBlockDeletingService (SCMBlockDeletingService.java:call(155)) - Scanned deleted blocks log and got 0 delTX to process.
2019-09-12 09:26:48,000 [SCMBlockDeletingService#1] DEBUG block.SCMBlockDeletingService (SCMBlockDeletingService.java:call(138)) - Running DeletedBlockTransactionScanner
2019-09-12 09:26:48,000 [SCMBlockDeletingService#1] DEBUG block.SCMBlockDeletingService (SCMBlockDeletingService.java:call(155)) - Scanned deleted blocks log and got 0 delTX to process.
2019-09-12 09:26:48,101 [SCMBlockDeletingService#1] DEBUG block.SCMBlockDeletingService (SCMBlockDeletingService.java:call(138)) - Running DeletedBlockTransactionScanner
2019-09-12 09:26:48,101 [SCMBlockDeletingService#1] DEBUG block.SCMBlockDeletingService (SCMBlockDeletingService.java:call(155)) - Scanned deleted blocks log and got 0 delTX to process.
2019-09-12 09:26:48,202 [SCMBlockDeletingService#1] DEBUG block.SCMBlockDeletingService (SCMBlockDeletingService.java:call(138)) - Running DeletedBlockTransactionScanner
2019-09-12 09:26:48,202 [SCMBlockDeletingService#1] DEBUG block.SCMBlockDeletingService (SCMBlockDeletingService.java:call(155)) - Scanned deleted blocks log and got 0 delTX to process.
2019-09-12 09:26:48,302 [SCMBlockDeletingService#1] DEBUG block.SCMBlockDeletingService (SCMBlockDeletingService.java:call(138)) - Running DeletedBlockTransactionScanner
2019-09-12 09:26:48,305 [SCMBlockDeletingService#1] DEBUG block.SCMBlockDeletingService (SCMBlockDeletingService.java:call(155)) - Scanned deleted blocks log and got 3 delTX to process.
2019-09-12 09:26:48,311 [SCMBlockDeletingService#1] DEBUG block.SCMBlockDeletingService (SCMBlockDeletingService.java:call(171)) - Added delete block command for datanode b50d6464-f54a-40d1-9f81-f1c19654fd05 in the queue, number of delete block transactions: 3, TxID list: 1,2,3
2019-09-12 09:26:48,312 [SCMBlockDeletingService#1] INFO  block.SCMBlockDeletingService (SCMBlockDeletingService.java:call(182)) - Totally added 3 delete blocks command for 1 datanodes, task elapsed time: 10ms
2019-09-12 09:26:48,413 [SCMBlockDeletingService#1] DEBUG block.SCMBlockDeletingService (SCMBlockDeletingService.java:call(138)) - Running DeletedBlockTransactionScanner
2019-09-12 09:26:48,413 [SCMBlockDeletingService#1] DEBUG block.SCMBlockDeletingService (SCMBlockDeletingService.java:call(155)) - Scanned deleted blocks log and got 3 delTX to process.
2019-09-12 09:26:48,413 [SCMBlockDeletingService#1] DEBUG block.SCMBlockDeletingService (SCMBlockDeletingService.java:call(171)) - Added delete block command for datanode b50d6464-f54a-40d1-9f81-f1c19654fd05 in the queue, number of delete block transactions: 3, TxID list: 1,2,3
2019-09-12 09:26:48,414 [SCMBlockDeletingService#1] INFO  block.SCMBlockDeletingService (SCMBlockDeletingService.java:call(182)) - Totally added 3 delete blocks command for 1 datanodes, task elapsed time: 1ms
2019-09-12 09:26:48,417 [Datanode State Machine Thread - 0] INFO  statemachine.DatanodeStateMachine (DatanodeStateMachine.java:lambda$startDaemon$0(350)) - Ozone container server started.
2019-09-12 09:26:48,514 [SCMBlockDeletingService#0] DEBUG block.SCMBlockDeletingService (SCMBlockDeletingService.java:call(138)) - Running DeletedBlockTransactionScanner
2019-09-12 09:26:48,515 [SCMBlockDeletingService#0] DEBUG block.SCMBlockDeletingService (SCMBlockDeletingService.java:call(155)) - Scanned deleted blocks log and got 3 delTX to process.
2019-09-12 09:26:48,515 [SCMBlockDeletingService#0] DEBUG block.SCMBlockDeletingService (SCMBlockDeletingService.java:call(171)) - Added delete block command for datanode b50d6464-f54a-40d1-9f81-f1c19654fd05 in the queue, number of delete block transactions: 3, TxID list: 1,2,3
2019-09-12 09:26:48,516 [SCMBlockDeletingService#0] INFO  block.SCMBlockDeletingService (SCMBlockDeletingService.java:call(182)) - Totally added 3 delete blocks command for 1 datanodes, task elapsed time: 1ms
2019-09-12 09:26:48,616 [SCMBlockDeletingService#0] DEBUG block.SCMBlockDeletingService (SCMBlockDeletingService.java:call(138)) - Running DeletedBlockTransactionScanner
2019-09-12 09:26:48,616 [SCMBlockDeletingService#0] DEBUG block.SCMBlockDeletingService (SCMBlockDeletingService.java:call(155)) - Scanned deleted blocks log and got 3 delTX to process.
2019-09-12 09:26:48,617 [SCMBlockDeletingService#0] DEBUG block.SCMBlockDeletingService (SCMBlockDeletingService.java:call(171)) - Added delete block command for datanode b50d6464-f54a-40d1-9f81-f1c19654fd05 in the queue, number of delete block transactions: 3, TxID list: 1,2,3
2019-09-12 09:26:48,617 [SCMBlockDeletingService#0] INFO  block.SCMBlockDeletingService (SCMBlockDeletingService.java:call(182)) - Totally added 3 delete blocks command for 1 datanodes, task elapsed time: 1ms
2019-09-12 09:26:48,718 [SCMBlockDeletingService#0] DEBUG block.SCMBlockDeletingService (SCMBlockDeletingService.java:call(138)) - Running DeletedBlockTransactionScanner
2019-09-12 09:26:48,718 [SCMBlockDeletingService#0] DEBUG block.SCMBlockDeletingService (SCMBlockDeletingService.java:call(155)) - Scanned deleted blocks log and got 3 delTX to process.
2019-09-12 09:26:48,718 [SCMBlockDeletingService#0] DEBUG block.SCMBlockDeletingService (SCMBlockDeletingService.java:call(171)) - Added delete block command for datanode b50d6464-f54a-40d1-9f81-f1c19654fd05 in the queue, number of delete block transactions: 3, TxID list: 1,2,3
2019-09-12 09:26:48,719 [SCMBlockDeletingService#0] INFO  block.SCMBlockDeletingService (SCMBlockDeletingService.java:call(182)) - Totally added 3 delete blocks command for 1 datanodes, task elapsed time: 1ms
2019-09-12 09:26:48,819 [SCMBlockDeletingService#0] DEBUG block.SCMBlockDeletingService (SCMBlockDeletingService.java:call(138)) - Running DeletedBlockTransactionScanner
2019-09-12 09:26:48,820 [SCMBlockDeletingService#0] DEBUG block.SCMBlockDeletingService (SCMBlockDeletingService.java:call(155)) - Scanned deleted blocks log and got 3 delTX to process.
2019-09-12 09:26:48,820 [SCMBlockDeletingService#0] DEBUG block.SCMBlockDeletingService (SCMBlockDeletingService.java:call(171)) - Added delete block command for datanode b50d6464-f54a-40d1-9f81-f1c19654fd05 in the queue, number of delete block transactions: 3, TxID list: 1,2,3
2019-09-12 09:26:48,820 [SCMBlockDeletingService#0] INFO  block.SCMBlockDeletingService (SCMBlockDeletingService.java:call(182)) - Totally added 3 delete blocks command for 1 datanodes, task elapsed time: 1ms
2019-09-12 09:26:48,921 [SCMBlockDeletingService#0] DEBUG block.SCMBlockDeletingService (SCMBlockDeletingService.java:call(138)) - Running DeletedBlockTransactionScanner
2019-09-12 09:26:48,921 [SCMBlockDeletingService#0] DEBUG block.SCMBlockDeletingService (SCMBlockDeletingService.java:call(155)) - Scanned deleted blocks log and got 3 delTX to process.
2019-09-12 09:26:48,921 [SCMBlockDeletingService#0] DEBUG block.SCMBlockDeletingService (SCMBlockDeletingService.java:call(171)) - Added delete block command for datanode b50d6464-f54a-40d1-9f81-f1c19654fd05 in the queue, number of delete block transactions: 3, TxID list: 1,2,3
2019-09-12 09:26:48,921 [SCMBlockDeletingService#0] INFO  block.SCMBlockDeletingService (SCMBlockDeletingService.java:call(182)) - Totally added 3 delete blocks command for 1 datanodes, task elapsed time: 1ms
2019-09-12 09:26:49,022 [SCMBlockDeletingService#0] DEBUG block.SCMBlockDeletingService (SCMBlockDeletingService.java:call(138)) - Running DeletedBlockTransactionScanner
2019-09-12 09:26:49,022 [SCMBlockDeletingService#0] DEBUG block.SCMBlockDeletingService (SCMBlockDeletingService.java:call(155)) - Scanned deleted blocks log and got 3 delTX to process.
2019-09-12 09:26:49,023 [SCMBlockDeletingService#0] DEBUG block.SCMBlockDeletingService (SCMBlockDeletingService.java:call(171)) - Added delete block command for datanode b50d6464-f54a-40d1-9f81-f1c19654fd05 in the queue, number of delete block transactions: 3, TxID list: 1,2,3
2019-09-12 09:26:49,023 [SCMBlockDeletingService#0] INFO  block.SCMBlockDeletingService (SCMBlockDeletingService.java:call(182)) - Totally added 3 delete blocks command for 1 datanodes, task elapsed time: 1ms
2019-09-12 09:26:49,123 [SCMBlockDeletingService#0] DEBUG block.SCMBlockDeletingService (SCMBlockDeletingService.java:call(138)) - Running DeletedBlockTransactionScanner
2019-09-12 09:26:49,124 [SCMBlockDeletingService#0] DEBUG block.SCMBlockDeletingService (SCMBlockDeletingService.java:call(155)) - Scanned deleted blocks log and got 3 delTX to process.
2019-09-12 09:26:49,124 [SCMBlockDeletingService#0] DEBUG block.SCMBlockDeletingService (SCMBlockDeletingService.java:call(171)) - Added delete block command for datanode b50d6464-f54a-40d1-9f81-f1c19654fd05 in the queue, number of delete block transactions: 3, TxID list: 1,2,3
2019-09-12 09:26:49,125 [SCMBlockDeletingService#0] INFO  block.SCMBlockDeletingService (SCMBlockDeletingService.java:call(182)) - Totally added 3 delete blocks command for 1 datanodes, task elapsed time: 1ms
2019-09-12 09:26:49,225 [SCMBlockDeletingService#0] DEBUG block.SCMBlockDeletingService (SCMBlockDeletingService.java:call(138)) - Running DeletedBlockTransactionScanner
2019-09-12 09:26:49,226 [SCMBlockDeletingService#0] DEBUG block.SCMBlockDeletingService (SCMBlockDeletingService.java:call(155)) - Scanned deleted blocks log and got 3 delTX to process.
2019-09-12 09:26:49,226 [SCMBlockDeletingService#0] DEBUG block.SCMBlockDeletingService (SCMBlockDeletingService.java:call(171)) - Added delete block command for datanode b50d6464-f54a-40d1-9f81-f1c19654fd05 in the queue, number of delete block transactions: 3, TxID list: 1,2,3
2019-09-12 09:26:49,227 [SCMBlockDeletingService#0] INFO  block.SCMBlockDeletingService (SCMBlockDeletingService.java:call(182)) - Totally added 3 delete blocks command for 1 datanodes, task elapsed time: 1ms
2019-09-12 09:26:49,312 [pool-7-thread-1] INFO  commands.RetriableDatanodeEventWatcher (RetriableDatanodeEventWatcher.java:onTimeout(47)) - RetriableDatanodeCommand type=deleteBlocksCommand with id=1568280408310 timed out. Retrying.
2019-09-12 09:26:49,327 [SCMBlockDeletingService#0] DEBUG block.SCMBlockDeletingService (SCMBlockDeletingService.java:call(138)) - Running DeletedBlockTransactionScanner
2019-09-12 09:26:49,327 [SCMBlockDeletingService#0] DEBUG block.SCMBlockDeletingService (SCMBlockDeletingService.java:call(155)) - Scanned deleted blocks log and got 3 delTX to process.
2019-09-12 09:26:49,328 [SCMBlockDeletingService#0] DEBUG block.SCMBlockDeletingService (SCMBlockDeletingService.java:call(171)) - Added delete block command for datanode b50d6464-f54a-40d1-9f81-f1c19654fd05 in the queue, number of delete block transactions: 3, TxID list: 1,2,3
2019-09-12 09:26:49,328 [SCMBlockDeletingService#0] INFO  block.SCMBlockDeletingService (SCMBlockDeletingService.java:call(182)) - Totally added 3 delete blocks command for 1 datanodes, task elapsed time: 2ms
2019-09-12 09:26:49,414 [pool-7-thread-1] INFO  commands.RetriableDatanodeEventWatcher (RetriableDatanodeEventWatcher.java:onTimeout(47)) - RetriableDatanodeCommand type=deleteBlocksCommand with id=1568280408311 timed out. Retrying.
2019-09-12 09:26:49,428 [SCMBlockDeletingService#0] DEBUG block.SCMBlockDeletingService (SCMBlockDeletingService.java:call(138)) - Running DeletedBlockTransactionScanner
2019-09-12 09:26:49,429 [SCMBlockDeletingService#0] DEBUG block.SCMBlockDeletingService (SCMBlockDeletingService.java:call(155)) - Scanned deleted blocks log and got 3 delTX to process.
2019-09-12 09:26:49,429 [SCMBlockDeletingService#0] DEBUG block.SCMBlockDeletingService (SCMBlockDeletingService.java:call(171)) - Added delete block command for datanode b50d6464-f54a-40d1-9f81-f1c19654fd05 in the queue, number of delete block transactions: 3, TxID list: 1,2,3
2019-09-12 09:26:49,429 [SCMBlockDeletingService#0] INFO  block.SCMBlockDeletingService (SCMBlockDeletingService.java:call(182)) - Totally added 3 delete blocks command for 1 datanodes, task elapsed time: 1ms
2019-09-12 09:26:49,516 [pool-7-thread-1] INFO  commands.RetriableDatanodeEventWatcher (RetriableDatanodeEventWatcher.java:onTimeout(47)) - RetriableDatanodeCommand type=deleteBlocksCommand with id=1568280408312 timed out. Retrying.
2019-09-12 09:26:49,530 [SCMBlockDeletingService#0] DEBUG block.SCMBlockDeletingService (SCMBlockDeletingService.java:call(138)) - Running DeletedBlockTransactionScanner
2019-09-12 09:26:49,530 [SCMBlockDeletingService#0] DEBUG block.SCMBlockDeletingService (SCMBlockDeletingService.java:call(155)) - Scanned deleted blocks log and got 3 delTX to process.
2019-09-12 09:26:49,531 [SCMBlockDeletingService#0] DEBUG block.SCMBlockDeletingService (SCMBlockDeletingService.java:call(171)) - Added delete block command for datanode b50d6464-f54a-40d1-9f81-f1c19654fd05 in the queue, number of delete block transactions: 3, TxID list: 1,2,3
2019-09-12 09:26:49,531 [SCMBlockDeletingService#0] INFO  block.SCMBlockDeletingService (SCMBlockDeletingService.java:call(182)) - Totally added 3 delete blocks command for 1 datanodes, task elapsed time: 2ms
2019-09-12 09:26:49,617 [pool-7-thread-1] INFO  commands.RetriableDatanodeEventWatcher (RetriableDatanodeEventWatcher.java:onTimeout(47)) - RetriableDatanodeCommand type=deleteBlocksCommand with id=1568280408313 timed out. Retrying.
2019-09-12 09:26:49,631 [SCMBlockDeletingService#0] DEBUG block.SCMBlockDeletingService (SCMBlockDeletingService.java:call(138)) - Running DeletedBlockTransactionScanner
2019-09-12 09:26:49,632 [SCMBlockDeletingService#0] DEBUG block.SCMBlockDeletingService (SCMBlockDeletingService.java:call(155)) - Scanned deleted blocks log and got 3 delTX to process.
2019-09-12 09:26:49,632 [SCMBlockDeletingService#0] DEBUG block.SCMBlockDeletingService (SCMBlockDeletingService.java:call(171)) - Added delete block command for datanode b50d6464-f54a-40d1-9f81-f1c19654fd05 in the queue, number of delete block transactions: 3, TxID list: 1,2,3
2019-09-12 09:26:49,632 [SCMBlockDeletingService#0] INFO  block.SCMBlockDeletingService (SCMBlockDeletingService.java:call(182)) - Totally added 3 delete blocks command for 1 datanodes, task elapsed time: 1ms
2019-09-12 09:26:49,719 [pool-7-thread-1] INFO  commands.RetriableDatanodeEventWatcher (RetriableDatanodeEventWatcher.java:onTimeout(47)) - RetriableDatanodeCommand type=deleteBlocksCommand with id=1568280408314 timed out. Retrying.
2019-09-12 09:26:49,733 [SCMBlockDeletingService#0] DEBUG block.SCMBlockDeletingService (SCMBlockDeletingService.java:call(138)) - Running DeletedBlockTransactionScanner
2019-09-12 09:26:49,733 [SCMBlockDeletingService#0] DEBUG block.SCMBlockDeletingService (SCMBlockDeletingService.java:call(155)) - Scanned deleted blocks log and got 3 delTX to process.
2019-09-12 09:26:49,734 [SCMBlockDeletingService#0] DEBUG block.SCMBlockDeletingService (SCMBlockDeletingService.java:call(171)) - Added delete block command for datanode b50d6464-f54a-40d1-9f81-f1c19654fd05 in the queue, number of delete block transactions: 3, TxID list: 1,2,3
2019-09-12 09:26:49,734 [SCMBlockDeletingService#0] INFO  block.SCMBlockDeletingService (SCMBlockDeletingService.java:call(182)) - Totally added 3 delete blocks command for 1 datanodes, task elapsed time: 2ms
2019-09-12 09:26:49,819 [pool-7-thread-1] INFO  commands.RetriableDatanodeEventWatcher (RetriableDatanodeEventWatcher.java:onTimeout(47)) - RetriableDatanodeCommand type=deleteBlocksCommand with id=1568280408315 timed out. Retrying.
2019-09-12 09:26:49,835 [SCMBlockDeletingService#0] DEBUG block.SCMBlockDeletingService (SCMBlockDeletingService.java:call(138)) - Running DeletedBlockTransactionScanner
2019-09-12 09:26:49,835 [SCMBlockDeletingService#0] DEBUG block.SCMBlockDeletingService (SCMBlockDeletingService.java:call(155)) - Scanned deleted blocks log and got 3 delTX to process.
2019-09-12 09:26:49,835 [SCMBlockDeletingService#0] DEBUG block.SCMBlockDeletingService (SCMBlockDeletingService.java:call(171)) - Added delete block command for datanode b50d6464-f54a-40d1-9f81-f1c19654fd05 in the queue, number of delete block transactions: 3, TxID list: 1,2,3
2019-09-12 09:26:49,836 [SCMBlockDeletingService#0] INFO  block.SCMBlockDeletingService (SCMBlockDeletingService.java:call(182)) - Totally added 3 delete blocks command for 1 datanodes, task elapsed time: 1ms
2019-09-12 09:26:49,922 [pool-7-thread-1] INFO  commands.RetriableDatanodeEventWatcher (RetriableDatanodeEventWatcher.java:onTimeout(47)) - RetriableDatanodeCommand type=deleteBlocksCommand with id=1568280408316 timed out. Retrying.
2019-09-12 09:26:49,936 [SCMBlockDeletingService#0] DEBUG block.SCMBlockDeletingService (SCMBlockDeletingService.java:call(138)) - Running DeletedBlockTransactionScanner
2019-09-12 09:26:49,936 [SCMBlockDeletingService#0] DEBUG block.SCMBlockDeletingService (SCMBlockDeletingService.java:call(155)) - Scanned deleted blocks log and got 3 delTX to process.
2019-09-12 09:26:49,937 [SCMBlockDeletingService#0] DEBUG block.SCMBlockDeletingService (SCMBlockDeletingService.java:call(171)) - Added delete block command for datanode b50d6464-f54a-40d1-9f81-f1c19654fd05 in the queue, number of delete block transactions: 3, TxID list: 1,2,3
2019-09-12 09:26:49,937 [SCMBlockDeletingService#0] INFO  block.SCMBlockDeletingService (SCMBlockDeletingService.java:call(182)) - Totally added 3 delete blocks command for 1 datanodes, task elapsed time: 1ms
2019-09-12 09:26:50,023 [pool-7-thread-1] INFO  commands.RetriableDatanodeEventWatcher (RetriableDatanodeEventWatcher.java:onTimeout(47)) - RetriableDatanodeCommand type=deleteBlocksCommand with id=1568280408317 timed out. Retrying.
2019-09-12 09:26:50,037 [SCMBlockDeletingService#0] DEBUG block.SCMBlockDeletingService (SCMBlockDeletingService.java:call(138)) - Running DeletedBlockTransactionScanner
2019-09-12 09:26:50,038 [SCMBlockDeletingService#0] DEBUG block.SCMBlockDeletingService (SCMBlockDeletingService.java:call(155)) - Scanned deleted blocks log and got 3 delTX to process.
2019-09-12 09:26:50,038 [SCMBlockDeletingService#0] DEBUG block.SCMBlockDeletingService (SCMBlockDeletingService.java:call(171)) - Added delete block command for datanode b50d6464-f54a-40d1-9f81-f1c19654fd05 in the queue, number of delete block transactions: 3, TxID list: 1,2,3
2019-09-12 09:26:50,039 [SCMBlockDeletingService#0] INFO  block.SCMBlockDeletingService (SCMBlockDeletingService.java:call(182)) - Totally added 3 delete blocks command for 1 datanodes, task elapsed time: 1ms
2019-09-12 09:26:50,125 [pool-7-thread-1] INFO  commands.RetriableDatanodeEventWatcher (RetriableDatanodeEventWatcher.java:onTimeout(47)) - RetriableDatanodeCommand type=deleteBlocksCommand with id=1568280408318 timed out. Retrying.
2019-09-12 09:26:50,139 [SCMBlockDeletingService#0] DEBUG block.SCMBlockDeletingService (SCMBlockDeletingService.java:call(138)) - Running DeletedBlockTransactionScanner
2019-09-12 09:26:50,140 [SCMBlockDeletingService#0] DEBUG block.SCMBlockDeletingService (SCMBlockDeletingService.java:call(155)) - Scanned deleted blocks log and got 3 delTX to process.
2019-09-12 09:26:50,140 [SCMBlockDeletingService#0] DEBUG block.SCMBlockDeletingService (SCMBlockDeletingService.java:call(171)) - Added delete block command for datanode b50d6464-f54a-40d1-9f81-f1c19654fd05 in the queue, number of delete block transactions: 3, TxID list: 1,2,3
2019-09-12 09:26:50,141 [SCMBlockDeletingService#0] INFO  block.SCMBlockDeletingService (SCMBlockDeletingService.java:call(182)) - Totally added 3 delete blocks command for 1 datanodes, task elapsed time: 1ms
2019-09-12 09:26:50,226 [pool-7-thread-1] INFO  commands.RetriableDatanodeEventWatcher (RetriableDatanodeEventWatcher.java:onTimeout(47)) - RetriableDatanodeCommand type=deleteBlocksCommand with id=1568280408319 timed out. Retrying.
2019-09-12 09:26:50,241 [SCMBlockDeletingService#0] DEBUG block.SCMBlockDeletingService (SCMBlockDeletingService.java:call(138)) - Running DeletedBlockTransactionScanner
2019-09-12 09:26:50,242 [SCMBlockDeletingService#0] DEBUG block.SCMBlockDeletingService (SCMBlockDeletingService.java:call(155)) - Scanned deleted blocks log and got 3 delTX to process.
2019-09-12 09:26:50,242 [SCMBlockDeletingService#0] DEBUG block.SCMBlockDeletingService (SCMBlockDeletingService.java:call(171)) - Added delete block command for datanode b50d6464-f54a-40d1-9f81-f1c19654fd05 in the queue, number of delete block transactions: 3, TxID list: 1,2,3
2019-09-12 09:26:50,242 [SCMBlockDeletingService#0] INFO  block.SCMBlockDeletingService (SCMBlockDeletingService.java:call(182)) - Totally added 3 delete blocks command for 1 datanodes, task elapsed time: 1ms
2019-09-12 09:26:50,312 [pool-7-thread-1] INFO  commands.RetriableDatanodeEventWatcher (RetriableDatanodeEventWatcher.java:onTimeout(47)) - RetriableDatanodeCommand type=deleteBlocksCommand with id=1568280408310 timed out. Retrying.
2019-09-12 09:26:50,328 [pool-7-thread-1] INFO  commands.RetriableDatanodeEventWatcher (RetriableDatanodeEventWatcher.java:onTimeout(47)) - RetriableDatanodeCommand type=deleteBlocksCommand with id=1568280408320 timed out. Retrying.
2019-09-12 09:26:50,343 [SCMBlockDeletingService#0] DEBUG block.SCMBlockDeletingService (SCMBlockDeletingService.java:call(138)) - Running DeletedBlockTransactionScanner
2019-09-12 09:26:50,343 [SCMBlockDeletingService#0] DEBUG block.SCMBlockDeletingService (SCMBlockDeletingService.java:call(155)) - Scanned deleted blocks log and got 3 delTX to process.
2019-09-12 09:26:50,343 [SCMBlockDeletingService#0] DEBUG block.SCMBlockDeletingService (SCMBlockDeletingService.java:call(171)) - Added delete block command for datanode b50d6464-f54a-40d1-9f81-f1c19654fd05 in the queue, number of delete block transactions: 3, TxID list: 1,2,3
2019-09-12 09:26:50,344 [SCMBlockDeletingService#0] INFO  block.SCMBlockDeletingService (SCMBlockDeletingService.java:call(182)) - Totally added 3 delete blocks command for 1 datanodes, task elapsed time: 1ms
2019-09-12 09:26:50,415 [pool-7-thread-1] INFO  commands.RetriableDatanodeEventWatcher (RetriableDatanodeEventWatcher.java:onTimeout(47)) - RetriableDatanodeCommand type=deleteBlocksCommand with id=1568280408311 timed out. Retrying.
2019-09-12 09:26:50,429 [pool-7-thread-1] INFO  commands.RetriableDatanodeEventWatcher (RetriableDatanodeEventWatcher.java:onTimeout(47)) - RetriableDatanodeCommand type=deleteBlocksCommand with id=1568280408321 timed out. Retrying.
2019-09-12 09:26:50,444 [SCMBlockDeletingService#0] DEBUG block.SCMBlockDeletingService (SCMBlockDeletingService.java:call(138)) - Running DeletedBlockTransactionScanner
2019-09-12 09:26:50,445 [SCMBlockDeletingService#0] DEBUG block.SCMBlockDeletingService (SCMBlockDeletingService.java:call(155)) - Scanned deleted blocks log and got 3 delTX to process.
2019-09-12 09:26:50,445 [SCMBlockDeletingService#0] DEBUG block.SCMBlockDeletingService (SCMBlockDeletingService.java:call(171)) - Added delete block command for datanode b50d6464-f54a-40d1-9f81-f1c19654fd05 in the queue, number of delete block transactions: 3, TxID list: 1,2,3
2019-09-12 09:26:50,445 [SCMBlockDeletingService#0] INFO  block.SCMBlockDeletingService (SCMBlockDeletingService.java:call(182)) - Totally added 3 delete blocks command for 1 datanodes, task elapsed time: 1ms
2019-09-12 09:26:50,516 [pool-7-thread-1] INFO  commands.RetriableDatanodeEventWatcher (RetriableDatanodeEventWatcher.java:onTimeout(47)) - RetriableDatanodeCommand type=deleteBlocksCommand with id=1568280408312 timed out. Retrying.
2019-09-12 09:26:50,531 [pool-7-thread-1] INFO  commands.RetriableDatanodeEventWatcher (RetriableDatanodeEventWatcher.java:onTimeout(47)) - RetriableDatanodeCommand type=deleteBlocksCommand with id=1568280408322 timed out. Retrying.
2019-09-12 09:26:50,546 [SCMBlockDeletingService#0] DEBUG block.SCMBlockDeletingService (SCMBlockDeletingService.java:call(138)) - Running DeletedBlockTransactionScanner
2019-09-12 09:26:50,546 [SCMBlockDeletingService#0] DEBUG block.SCMBlockDeletingService (SCMBlockDeletingService.java:call(155)) - Scanned deleted blocks log and got 3 delTX to process.
2019-09-12 09:26:50,546 [SCMBlockDeletingService#0] DEBUG block.SCMBlockDeletingService (SCMBlockDeletingService.java:call(171)) - Added delete block command for datanode b50d6464-f54a-40d1-9f81-f1c19654fd05 in the queue, number of delete block transactions: 3, TxID list: 1,2,3
2019-09-12 09:26:50,547 [SCMBlockDeletingService#0] INFO  block.SCMBlockDeletingService (SCMBlockDeletingService.java:call(182)) - Totally added 3 delete blocks command for 1 datanodes, task elapsed time: 1ms
2019-09-12 09:26:50,618 [pool-7-thread-1] INFO  commands.RetriableDatanodeEventWatcher (RetriableDatanodeEventWatcher.java:onTimeout(47)) - RetriableDatanodeCommand type=deleteBlocksCommand with id=1568280408313 timed out. Retrying.
2019-09-12 09:26:50,632 [pool-7-thread-1] INFO  commands.RetriableDatanodeEventWatcher (RetriableDatanodeEventWatcher.java:onTimeout(47)) - RetriableDatanodeCommand type=deleteBlocksCommand with id=1568280408323 timed out. Retrying.
2019-09-12 09:26:50,647 [SCMBlockDeletingService#0] DEBUG block.SCMBlockDeletingService (SCMBlockDeletingService.java:call(138)) - Running DeletedBlockTransactionScanner
2019-09-12 09:26:50,648 [SCMBlockDeletingService#0] DEBUG block.SCMBlockDeletingService (SCMBlockDeletingService.java:call(155)) - Scanned deleted blocks log and got 3 delTX to process.
2019-09-12 09:26:50,648 [SCMBlockDeletingService#0] DEBUG block.SCMBlockDeletingService (SCMBlockDeletingService.java:call(171)) - Added delete block command for datanode b50d6464-f54a-40d1-9f81-f1c19654fd05 in the queue, number of delete block transactions: 3, TxID list: 1,2,3
2019-09-12 09:26:50,648 [SCMBlockDeletingService#0] INFO  block.SCMBlockDeletingService (SCMBlockDeletingService.java:call(182)) - Totally added 3 delete blocks command for 1 datanodes, task elapsed time: 1ms
2019-09-12 09:26:50,719 [pool-7-thread-1] INFO  commands.RetriableDatanodeEventWatcher (RetriableDatanodeEventWatcher.java:onTimeout(47)) - RetriableDatanodeCommand type=deleteBlocksCommand with id=1568280408314 timed out. Retrying.
2019-09-12 09:26:50,734 [pool-7-thread-1] INFO  commands.RetriableDatanodeEventWatcher (RetriableDatanodeEventWatcher.java:onTimeout(47)) - RetriableDatanodeCommand type=deleteBlocksCommand with id=1568280408324 timed out. Retrying.
2019-09-12 09:26:50,748 [SCMBlockDeletingService#0] DEBUG block.SCMBlockDeletingService (SCMBlockDeletingService.java:call(138)) - Running DeletedBlockTransactionScanner
2019-09-12 09:26:50,749 [SCMBlockDeletingService#0] DEBUG block.SCMBlockDeletingService (SCMBlockDeletingService.java:call(155)) - Scanned deleted blocks log and got 3 delTX to process.
2019-09-12 09:26:50,749 [SCMBlockDeletingService#0] DEBUG block.SCMBlockDeletingService (SCMBlockDeletingService.java:call(171)) - Added delete block command for datanode b50d6464-f54a-40d1-9f81-f1c19654fd05 in the queue, number of delete block transactions: 3, TxID list: 1,2,3
2019-09-12 09:26:50,750 [SCMBlockDeletingService#0] INFO  block.SCMBlockDeletingService (SCMBlockDeletingService.java:call(182)) - Totally added 3 delete blocks command for 1 datanodes, task elapsed time: 1ms
2019-09-12 09:26:50,819 [pool-7-thread-1] INFO  commands.RetriableDatanodeEventWatcher (RetriableDatanodeEventWatcher.java:onTimeout(47)) - RetriableDatanodeCommand type=deleteBlocksCommand with id=1568280408315 timed out. Retrying.
2019-09-12 09:26:50,836 [pool-7-thread-1] INFO  commands.RetriableDatanodeEventWatcher (RetriableDatanodeEventWatcher.java:onTimeout(47)) - RetriableDatanodeCommand type=deleteBlocksCommand with id=1568280408325 timed out. Retrying.
2019-09-12 09:26:50,850 [SCMBlockDeletingService#0] DEBUG block.SCMBlockDeletingService (SCMBlockDeletingService.java:call(138)) - Running DeletedBlockTransactionScanner
2019-09-12 09:26:50,850 [SCMBlockDeletingService#0] DEBUG block.SCMBlockDeletingService (SCMBlockDeletingService.java:call(155)) - Scanned deleted blocks log and got 3 delTX to process.
2019-09-12 09:26:50,851 [SCMBlockDeletingService#0] DEBUG block.SCMBlockDeletingService (SCMBlockDeletingService.java:call(171)) - Added delete block command for datanode b50d6464-f54a-40d1-9f81-f1c19654fd05 in the queue, number of delete block transactions: 3, TxID list: 1,2,3
2019-09-12 09:26:50,851 [SCMBlockDeletingService#0] INFO  block.SCMBlockDeletingService (SCMBlockDeletingService.java:call(182)) - Totally added 3 delete blocks command for 1 datanodes, task elapsed time: 0ms
2019-09-12 09:26:50,922 [pool-7-thread-1] INFO  commands.RetriableDatanodeEventWatcher (RetriableDatanodeEventWatcher.java:onTimeout(47)) - RetriableDatanodeCommand type=deleteBlocksCommand with id=1568280408316 timed out. Retrying.
2019-09-12 09:26:50,936 [pool-7-thread-1] INFO  commands.RetriableDatanodeEventWatcher (RetriableDatanodeEventWatcher.java:onTimeout(47)) - RetriableDatanodeCommand type=deleteBlocksCommand with id=1568280408326 timed out. Retrying.
2019-09-12 09:26:50,951 [SCMBlockDeletingService#0] DEBUG block.SCMBlockDeletingService (SCMBlockDeletingService.java:call(138)) - Running DeletedBlockTransactionScanner
2019-09-12 09:26:50,952 [SCMBlockDeletingService#0] DEBUG block.SCMBlockDeletingService (SCMBlockDeletingService.java:call(155)) - Scanned deleted blocks log and got 3 delTX to process.
2019-09-12 09:26:50,952 [SCMBlockDeletingService#0] DEBUG block.SCMBlockDeletingService (SCMBlockDeletingService.java:call(171)) - Added delete block command for datanode b50d6464-f54a-40d1-9f81-f1c19654fd05 in the queue, number of delete block transactions: 3, TxID list: 1,2,3
2019-09-12 09:26:50,952 [SCMBlockDeletingService#0] INFO  block.SCMBlockDeletingService (SCMBlockDeletingService.java:call(182)) - Totally added 3 delete blocks command for 1 datanodes, task elapsed time: 1ms
2019-09-12 09:26:51,023 [pool-7-thread-1] INFO  commands.RetriableDatanodeEventWatcher (RetriableDatanodeEventWatcher.java:onTimeout(47)) - RetriableDatanodeCommand type=deleteBlocksCommand with id=1568280408317 timed out. Retrying.
2019-09-12 09:26:51,039 [pool-7-thread-1] INFO  commands.RetriableDatanodeEventWatcher (RetriableDatanodeEventWatcher.java:onTimeout(47)) - RetriableDatanodeCommand type=deleteBlocksCommand with id=1568280408327 timed out. Retrying.
2019-09-12 09:26:51,053 [SCMBlockDeletingService#0] DEBUG block.SCMBlockDeletingService (SCMBlockDeletingService.java:call(138)) - Running DeletedBlockTransactionScanner
2019-09-12 09:26:51,053 [SCMBlockDeletingService#0] DEBUG block.SCMBlockDeletingService (SCMBlockDeletingService.java:call(155)) - Scanned deleted blocks log and got 3 delTX to process.
2019-09-12 09:26:51,053 [SCMBlockDeletingService#0] DEBUG block.SCMBlockDeletingService (SCMBlockDeletingService.java:call(171)) - Added delete block command for datanode b50d6464-f54a-40d1-9f81-f1c19654fd05 in the queue, number of delete block transactions: 3, TxID list: 1,2,3
2019-09-12 09:26:51,054 [SCMBlockDeletingService#0] INFO  block.SCMBlockDeletingService (SCMBlockDeletingService.java:call(182)) - Totally added 3 delete blocks command for 1 datanodes, task elapsed time: 1ms
2019-09-12 09:26:51,126 [pool-7-thread-1] INFO  commands.RetriableDatanodeEventWatcher (RetriableDatanodeEventWatcher.java:onTimeout(47)) - RetriableDatanodeCommand type=deleteBlocksCommand with id=1568280408318 timed out. Retrying.
2019-09-12 09:26:51,140 [pool-7-thread-1] INFO  commands.RetriableDatanodeEventWatcher (RetriableDatanodeEventWatcher.java:onTimeout(47)) - RetriableDatanodeCommand type=deleteBlocksCommand with id=1568280408328 timed out. Retrying.
2019-09-12 09:26:51,154 [SCMBlockDeletingService#0] DEBUG block.SCMBlockDeletingService (SCMBlockDeletingService.java:call(138)) - Running DeletedBlockTransactionScanner
2019-09-12 09:26:51,155 [SCMBlockDeletingService#0] DEBUG block.SCMBlockDeletingService (SCMBlockDeletingService.java:call(155)) - Scanned deleted blocks log and got 3 delTX to process.
2019-09-12 09:26:51,155 [SCMBlockDeletingService#0] DEBUG block.SCMBlockDeletingService (SCMBlockDeletingService.java:call(171)) - Added delete block command for datanode b50d6464-f54a-40d1-9f81-f1c19654fd05 in the queue, number of delete block transactions: 3, TxID list: 1,2,3
2019-09-12 09:26:51,155 [SCMBlockDeletingService#0] INFO  block.SCMBlockDeletingService (SCMBlockDeletingService.java:call(182)) - Totally added 3 delete blocks command for 1 datanodes, task elapsed time: 1ms
2019-09-12 09:26:51,226 [pool-7-thread-1] INFO  commands.RetriableDatanodeEventWatcher (RetriableDatanodeEventWatcher.java:onTimeout(47)) - RetriableDatanodeCommand type=deleteBlocksCommand with id=1568280408319 timed out. Retrying.
2019-09-12 09:26:51,242 [pool-7-thread-1] INFO  commands.RetriableDatanodeEventWatcher (RetriableDatanodeEventWatcher.java:onTimeout(47)) - RetriableDatanodeCommand type=deleteBlocksCommand with id=1568280408329 timed out. Retrying.
2019-09-12 09:26:51,256 [SCMBlockDeletingService#0] DEBUG block.SCMBlockDeletingService (SCMBlockDeletingService.java:call(138)) - Running DeletedBlockTransactionScanner
2019-09-12 09:26:51,256 [SCMBlockDeletingService#0] DEBUG block.SCMBlockDeletingService (SCMBlockDeletingService.java:call(155)) - Scanned deleted blocks log and got 3 delTX to process.
2019-09-12 09:26:51,257 [SCMBlockDeletingService#0] DEBUG block.SCMBlockDeletingService (SCMBlockDeletingService.java:call(171)) - Added delete block command for datanode b50d6464-f54a-40d1-9f81-f1c19654fd05 in the queue, number of delete block transactions: 3, TxID list: 1,2,3
2019-09-12 09:26:51,257 [SCMBlockDeletingService#0] INFO  block.SCMBlockDeletingService (SCMBlockDeletingService.java:call(182)) - Totally added 3 delete blocks command for 1 datanodes, task elapsed time: 2ms
2019-09-12 09:26:51,263 [EventQueue-StaleNodeForStaleNodeHandler] INFO  node.StaleNodeHandler (StaleNodeHandler.java:onMessage(58)) - Datanode b50d6464-f54a-40d1-9f81-f1c19654fd05{ip: 192.168.69.112, host: pr-hdds-2117-slf27-1599733614, networkLocation: /default-rack, certSerialId: null} moved to stale state. Finalizing its pipelines [PipelineID=6602e0f3-b3f6-4d5c-8eba-1f53027f28e3]
2019-09-12 09:26:51,263 [EventQueue-StaleNodeForStaleNodeHandler] INFO  pipeline.SCMPipelineManager (SCMPipelineManager.java:finalizeAndDestroyPipeline(311)) - destroying pipeline:Pipeline[ Id: 6602e0f3-b3f6-4d5c-8eba-1f53027f28e3, Nodes: b50d6464-f54a-40d1-9f81-f1c19654fd05{ip: 192.168.69.112, host: pr-hdds-2117-slf27-1599733614, networkLocation: /default-rack, certSerialId: null}, Type:RATIS, Factor:ONE, State:OPEN]
2019-09-12 09:26:51,264 [EventQueue-StaleNodeForStaleNodeHandler] INFO  pipeline.PipelineStateManager (PipelineStateManager.java:finalizePipeline(123)) - Pipeline Pipeline[ Id: 6602e0f3-b3f6-4d5c-8eba-1f53027f28e3, Nodes: b50d6464-f54a-40d1-9f81-f1c19654fd05{ip: 192.168.69.112, host: pr-hdds-2117-slf27-1599733614, networkLocation: /default-rack, certSerialId: null}, Type:RATIS, Factor:ONE, State:CLOSED] moved to CLOSED state
2019-09-12 09:26:51,313 [pool-7-thread-1] INFO  commands.RetriableDatanodeEventWatcher (RetriableDatanodeEventWatcher.java:onTimeout(47)) - RetriableDatanodeCommand type=deleteBlocksCommand with id=1568280408310 timed out. Retrying.
2019-09-12 09:26:51,327 [pool-7-thread-1] INFO  commands.RetriableDatanodeEventWatcher (RetriableDatanodeEventWatcher.java:onTimeout(47)) - RetriableDatanodeCommand type=deleteBlocksCommand with id=1568280408320 timed out. Retrying.
2019-09-12 09:26:51,344 [pool-7-thread-1] INFO  commands.RetriableDatanodeEventWatcher (RetriableDatanodeEventWatcher.java:onTimeout(47)) - RetriableDatanodeCommand type=deleteBlocksCommand with id=1568280408330 timed out. Retrying.
2019-09-12 09:26:51,357 [SCMBlockDeletingService#0] DEBUG block.SCMBlockDeletingService (SCMBlockDeletingService.java:call(138)) - Running DeletedBlockTransactionScanner
2019-09-12 09:26:51,358 [SCMBlockDeletingService#0] DEBUG block.SCMBlockDeletingService (SCMBlockDeletingService.java:call(155)) - Scanned deleted blocks log and got 3 delTX to process.
2019-09-12 09:26:51,358 [SCMBlockDeletingService#0] DEBUG block.SCMBlockDeletingService (SCMBlockDeletingService.java:call(171)) - Added delete block command for datanode b50d6464-f54a-40d1-9f81-f1c19654fd05 in the queue, number of delete block transactions: 3, TxID list: 1,2,3
2019-09-12 09:26:51,359 [SCMBlockDeletingService#0] INFO  block.SCMBlockDeletingService (SCMBlockDeletingService.java:call(182)) - Totally added 3 delete blocks command for 1 datanodes, task elapsed time: 1ms
2019-09-12 09:26:51,416 [pool-7-thread-1] INFO  commands.RetriableDatanodeEventWatcher (RetriableDatanodeEventWatcher.java:onTimeout(47)) - RetriableDatanodeCommand type=deleteBlocksCommand with id=1568280408311 timed out. Retrying.
2019-09-12 09:26:51,429 [pool-7-thread-1] INFO  commands.RetriableDatanodeEventWatcher (RetriableDatanodeEventWatcher.java:onTimeout(47)) - RetriableDatanodeCommand type=deleteBlocksCommand with id=1568280408321 timed out. Retrying.
2019-09-12 09:26:51,445 [pool-7-thread-1] INFO  commands.RetriableDatanodeEventWatcher (RetriableDatanodeEventWatcher.java:onTimeout(47)) - RetriableDatanodeCommand type=deleteBlocksCommand with id=1568280408331 timed out. Retrying.
2019-09-12 09:26:51,459 [SCMBlockDeletingService#0] DEBUG block.SCMBlockDeletingService (SCMBlockDeletingService.java:call(138)) - Running DeletedBlockTransactionScanner
2019-09-12 09:26:51,460 [SCMBlockDeletingService#0] DEBUG block.SCMBlockDeletingService (SCMBlockDeletingService.java:call(155)) - Scanned deleted blocks log and got 3 delTX to process.
2019-09-12 09:26:51,460 [SCMBlockDeletingService#0] DEBUG block.SCMBlockDeletingService (SCMBlockDeletingService.java:call(171)) - Added delete block command for datanode b50d6464-f54a-40d1-9f81-f1c19654fd05 in the queue, number of delete block transactions: 3, TxID list: 1,2,3
2019-09-12 09:26:51,460 [SCMBlockDeletingService#0] INFO  block.SCMBlockDeletingService (SCMBlockDeletingService.java:call(182)) - Totally added 3 delete blocks command for 1 datanodes, task elapsed time: 1ms
2019-09-12 09:26:51,517 [pool-7-thread-1] INFO  commands.RetriableDatanodeEventWatcher (RetriableDatanodeEventWatcher.java:onTimeout(47)) - RetriableDatanodeCommand type=deleteBlocksCommand with id=1568280408312 timed out. Retrying.
2019-09-12 09:26:51,532 [pool-7-thread-1] INFO  commands.RetriableDatanodeEventWatcher (RetriableDatanodeEventWatcher.java:onTimeout(47)) - RetriableDatanodeCommand type=deleteBlocksCommand with id=1568280408322 timed out. Retrying.
2019-09-12 09:26:51,546 [pool-7-thread-1] INFO  commands.RetriableDatanodeEventWatcher (RetriableDatanodeEventWatcher.java:onTimeout(47)) - RetriableDatanodeCommand type=deleteBlocksCommand with id=1568280408332 timed out. Retrying.
2019-09-12 09:26:51,561 [SCMBlockDeletingService#0] DEBUG block.SCMBlockDeletingService (SCMBlockDeletingService.java:call(138)) - Running DeletedBlockTransactionScanner
2019-09-12 09:26:51,561 [SCMBlockDeletingService#0] DEBUG block.SCMBlockDeletingService (SCMBlockDeletingService.java:call(155)) - Scanned deleted blocks log and got 3 delTX to process.
2019-09-12 09:26:51,561 [SCMBlockDeletingService#0] DEBUG block.SCMBlockDeletingService (SCMBlockDeletingService.java:call(171)) - Added delete block command for datanode b50d6464-f54a-40d1-9f81-f1c19654fd05 in the queue, number of delete block transactions: 3, TxID list: 1,2,3
2019-09-12 09:26:51,562 [SCMBlockDeletingService#0] INFO  block.SCMBlockDeletingService (SCMBlockDeletingService.java:call(182)) - Totally added 3 delete blocks command for 1 datanodes, task elapsed time: 1ms
2019-09-12 09:26:51,618 [pool-7-thread-1] INFO  commands.RetriableDatanodeEventWatcher (RetriableDatanodeEventWatcher.java:onTimeout(47)) - RetriableDatanodeCommand type=deleteBlocksCommand with id=1568280408313 timed out. Retrying.
2019-09-12 09:26:51,632 [pool-7-thread-1] INFO  commands.RetriableDatanodeEventWatcher (RetriableDatanodeEventWatcher.java:onTimeout(47)) - RetriableDatanodeCommand type=deleteBlocksCommand with id=1568280408323 timed out. Retrying.
2019-09-12 09:26:51,648 [pool-7-thread-1] INFO  commands.RetriableDatanodeEventWatcher (RetriableDatanodeEventWatcher.java:onTimeout(47)) - RetriableDatanodeCommand type=deleteBlocksCommand with id=1568280408333 timed out. Retrying.
2019-09-12 09:26:51,662 [SCMBlockDeletingService#1] DEBUG block.SCMBlockDeletingService (SCMBlockDeletingService.java:call(138)) - Running DeletedBlockTransactionScanner
2019-09-12 09:26:51,663 [SCMBlockDeletingService#1] DEBUG block.SCMBlockDeletingService (SCMBlockDeletingService.java:call(155)) - Scanned deleted blocks log and got 3 delTX to process.
2019-09-12 09:26:51,663 [SCMBlockDeletingService#1] DEBUG block.SCMBlockDeletingService (SCMBlockDeletingService.java:call(171)) - Added delete block command for datanode b50d6464-f54a-40d1-9f81-f1c19654fd05 in the queue, number of delete block transactions: 3, TxID list: 1,2,3
2019-09-12 09:26:51,663 [SCMBlockDeletingService#1] INFO  block.SCMBlockDeletingService (SCMBlockDeletingService.java:call(182)) - Totally added 3 delete blocks command for 1 datanodes, task elapsed time: 2ms
2019-09-12 09:26:51,719 [pool-7-thread-1] INFO  commands.RetriableDatanodeEventWatcher (RetriableDatanodeEventWatcher.java:onTimeout(47)) - RetriableDatanodeCommand type=deleteBlocksCommand with id=1568280408314 timed out. Retrying.
2019-09-12 09:26:51,735 [pool-7-thread-1] INFO  commands.RetriableDatanodeEventWatcher (RetriableDatanodeEventWatcher.java:onTimeout(47)) - RetriableDatanodeCommand type=deleteBlocksCommand with id=1568280408324 timed out. Retrying.
2019-09-12 09:26:51,749 [pool-7-thread-1] INFO  commands.RetriableDatanodeEventWatcher (RetriableDatanodeEventWatcher.java:onTimeout(47)) - RetriableDatanodeCommand type=deleteBlocksCommand with id=1568280408334 timed out. Retrying.
2019-09-12 09:26:51,764 [SCMBlockDeletingService#1] DEBUG block.SCMBlockDeletingService (SCMBlockDeletingService.java:call(138)) - Running DeletedBlockTransactionScanner
2019-09-12 09:26:51,764 [SCMBlockDeletingService#1] DEBUG block.SCMBlockDeletingService (SCMBlockDeletingService.java:call(155)) - Scanned deleted blocks log and got 3 delTX to process.
2019-09-12 09:26:51,765 [SCMBlockDeletingService#1] DEBUG block.SCMBlockDeletingService (SCMBlockDeletingService.java:call(171)) - Added delete block command for datanode b50d6464-f54a-40d1-9f81-f1c19654fd05 in the queue, number of delete block transactions: 3, TxID list: 1,2,3
2019-09-12 09:26:51,765 [SCMBlockDeletingService#1] INFO  block.SCMBlockDeletingService (SCMBlockDeletingService.java:call(182)) - Totally added 3 delete blocks command for 1 datanodes, task elapsed time: 2ms
2019-09-12 09:26:51,820 [pool-7-thread-1] INFO  commands.RetriableDatanodeEventWatcher (RetriableDatanodeEventWatcher.java:onTimeout(47)) - RetriableDatanodeCommand type=deleteBlocksCommand with id=1568280408315 timed out. Retrying.
2019-09-12 09:26:51,837 [pool-7-thread-1] INFO  commands.RetriableDatanodeEventWatcher (RetriableDatanodeEventWatcher.java:onTimeout(47)) - RetriableDatanodeCommand type=deleteBlocksCommand with id=1568280408325 timed out. Retrying.
2019-09-12 09:26:51,850 [pool-7-thread-1] INFO  commands.RetriableDatanodeEventWatcher (RetriableDatanodeEventWatcher.java:onTimeout(47)) - RetriableDatanodeCommand type=deleteBlocksCommand with id=1568280408335 timed out. Retrying.
2019-09-12 09:26:51,866 [SCMBlockDeletingService#1] DEBUG block.SCMBlockDeletingService (SCMBlockDeletingService.java:call(138)) - Running DeletedBlockTransactionScanner
2019-09-12 09:26:51,866 [SCMBlockDeletingService#1] DEBUG block.SCMBlockDeletingService (SCMBlockDeletingService.java:call(155)) - Scanned deleted blocks log and got 3 delTX to process.
2019-09-12 09:26:51,866 [SCMBlockDeletingService#1] DEBUG block.SCMBlockDeletingService (SCMBlockDeletingService.java:call(171)) - Added delete block command for datanode b50d6464-f54a-40d1-9f81-f1c19654fd05 in the queue, number of delete block transactions: 3, TxID list: 1,2,3
2019-09-12 09:26:51,867 [SCMBlockDeletingService#1] INFO  block.SCMBlockDeletingService (SCMBlockDeletingService.java:call(182)) - Totally added 3 delete blocks command for 1 datanodes, task elapsed time: 1ms
2019-09-12 09:26:51,923 [pool-7-thread-1] INFO  commands.RetriableDatanodeEventWatcher (RetriableDatanodeEventWatcher.java:onTimeout(47)) - RetriableDatanodeCommand type=deleteBlocksCommand with id=1568280408316 timed out. Retrying.
2019-09-12 09:26:51,936 [pool-7-thread-1] INFO  commands.RetriableDatanodeEventWatcher (RetriableDatanodeEventWatcher.java:onTimeout(47)) - RetriableDatanodeCommand type=deleteBlocksCommand with id=1568280408326 timed out. Retrying.
2019-09-12 09:26:51,953 [pool-7-thread-1] INFO  commands.RetriableDatanodeEventWatcher (RetriableDatanodeEventWatcher.java:onTimeout(47)) - RetriableDatanodeCommand type=deleteBlocksCommand with id=1568280408336 timed out. Retrying.
2019-09-12 09:26:51,967 [SCMBlockDeletingService#1] DEBUG block.SCMBlockDeletingService (SCMBlockDeletingService.java:call(138)) - Running DeletedBlockTransactionScanner
2019-09-12 09:26:51,968 [SCMBlockDeletingService#1] DEBUG block.SCMBlockDeletingService (SCMBlockDeletingService.java:call(155)) - Scanned deleted blocks log and got 3 delTX to process.
2019-09-12 09:26:51,968 [SCMBlockDeletingService#1] DEBUG block.SCMBlockDeletingService (SCMBlockDeletingService.java:call(171)) - Added delete block command for datanode b50d6464-f54a-40d1-9f81-f1c19654fd05 in the queue, number of delete block transactions: 3, TxID list: 1,2,3
2019-09-12 09:26:51,968 [SCMBlockDeletingService#1] INFO  block.SCMBlockDeletingService (SCMBlockDeletingService.java:call(182)) - Totally added 3 delete blocks command for 1 datanodes, task elapsed time: 1ms
2019-09-12 09:26:52,023 [pool-7-thread-1] INFO  commands.RetriableDatanodeEventWatcher (RetriableDatanodeEventWatcher.java:onTimeout(47)) - RetriableDatanodeCommand type=deleteBlocksCommand with id=1568280408317 timed out. Retrying.
2019-09-12 09:26:52,040 [pool-7-thread-1] INFO  commands.RetriableDatanodeEventWatcher (RetriableDatanodeEventWatcher.java:onTimeout(47)) - RetriableDatanodeCommand type=deleteBlocksCommand with id=1568280408327 timed out. Retrying.
2019-09-12 09:26:52,054 [pool-7-thread-1] INFO  commands.RetriableDatanodeEventWatcher (RetriableDatanodeEventWatcher.java:onTimeout(47)) - RetriableDatanodeCommand type=deleteBlocksCommand with id=1568280408337 timed out. Retrying.
2019-09-12 09:26:52,069 [SCMBlockDeletingService#1] DEBUG block.SCMBlockDeletingService (SCMBlockDeletingService.java:call(138)) - Running DeletedBlockTransactionScanner
2019-09-12 09:26:52,069 [SCMBlockDeletingService#1] DEBUG block.SCMBlockDeletingService (SCMBlockDeletingService.java:call(155)) - Scanned deleted blocks log and got 3 delTX to process.
2019-09-12 09:26:52,069 [SCMBlockDeletingService#1] DEBUG block.SCMBlockDeletingService (SCMBlockDeletingService.java:call(171)) - Added delete block command for datanode b50d6464-f54a-40d1-9f81-f1c19654fd05 in the queue, number of delete block transactions: 3, TxID list: 1,2,3
2019-09-12 09:26:52,070 [SCMBlockDeletingService#1] INFO  block.SCMBlockDeletingService (SCMBlockDeletingService.java:call(182)) - Totally added 3 delete blocks command for 1 datanodes, task elapsed time: 1ms
2019-09-12 09:26:52,127 [pool-7-thread-1] INFO  commands.RetriableDatanodeEventWatcher (RetriableDatanodeEventWatcher.java:onTimeout(47)) - RetriableDatanodeCommand type=deleteBlocksCommand with id=1568280408318 timed out. Retrying.
2019-09-12 09:26:52,140 [pool-7-thread-1] INFO  commands.RetriableDatanodeEventWatcher (RetriableDatanodeEventWatcher.java:onTimeout(47)) - RetriableDatanodeCommand type=deleteBlocksCommand with id=1568280408328 timed out. Retrying.
2019-09-12 09:26:52,156 [pool-7-thread-1] INFO  commands.RetriableDatanodeEventWatcher (RetriableDatanodeEventWatcher.java:onTimeout(47)) - RetriableDatanodeCommand type=deleteBlocksCommand with id=1568280408338 timed out. Retrying.
2019-09-12 09:26:52,170 [SCMBlockDeletingService#1] DEBUG block.SCMBlockDeletingService (SCMBlockDeletingService.java:call(138)) - Running DeletedBlockTransactionScanner
2019-09-12 09:26:52,170 [SCMBlockDeletingService#1] DEBUG block.SCMBlockDeletingService (SCMBlockDeletingService.java:call(155)) - Scanned deleted blocks log and got 3 delTX to process.
2019-09-12 09:26:52,171 [SCMBlockDeletingService#1] DEBUG block.SCMBlockDeletingService (SCMBlockDeletingService.java:call(171)) - Added delete block command for datanode b50d6464-f54a-40d1-9f81-f1c19654fd05 in the queue, number of delete block transactions: 3, TxID list: 1,2,3
2019-09-12 09:26:52,171 [SCMBlockDeletingService#1] INFO  block.SCMBlockDeletingService (SCMBlockDeletingService.java:call(182)) - Totally added 3 delete blocks command for 1 datanodes, task elapsed time: 1ms
2019-09-12 09:26:52,227 [pool-7-thread-1] INFO  commands.RetriableDatanodeEventWatcher (RetriableDatanodeEventWatcher.java:onTimeout(47)) - RetriableDatanodeCommand type=deleteBlocksCommand with id=1568280408319 timed out. Retrying.
2019-09-12 09:26:52,242 [pool-7-thread-1] INFO  commands.RetriableDatanodeEventWatcher (RetriableDatanodeEventWatcher.java:onTimeout(47)) - RetriableDatanodeCommand type=deleteBlocksCommand with id=1568280408329 timed out. Retrying.
2019-09-12 09:26:52,257 [pool-7-thread-1] INFO  commands.RetriableDatanodeEventWatcher (RetriableDatanodeEventWatcher.java:onTimeout(47)) - RetriableDatanodeCommand type=deleteBlocksCommand with id=1568280408339 timed out. Retrying.
2019-09-12 09:26:52,271 [SCMBlockDeletingService#1] DEBUG block.SCMBlockDeletingService (SCMBlockDeletingService.java:call(138)) - Running DeletedBlockTransactionScanner
2019-09-12 09:26:52,272 [SCMBlockDeletingService#1] DEBUG block.SCMBlockDeletingService (SCMBlockDeletingService.java:call(155)) - Scanned deleted blocks log and got 3 delTX to process.
2019-09-12 09:26:52,272 [SCMBlockDeletingService#1] DEBUG block.SCMBlockDeletingService (SCMBlockDeletingService.java:call(171)) - Added delete block command for datanode b50d6464-f54a-40d1-9f81-f1c19654fd05 in the queue, number of delete block transactions: 3, TxID list: 1,2,3
2019-09-12 09:26:52,272 [SCMBlockDeletingService#1] INFO  block.SCMBlockDeletingService (SCMBlockDeletingService.java:call(182)) - Totally added 3 delete blocks command for 1 datanodes, task elapsed time: 1ms
2019-09-12 09:26:52,313 [pool-7-thread-1] INFO  commands.RetriableDatanodeEventWatcher (RetriableDatanodeEventWatcher.java:onTimeout(47)) - RetriableDatanodeCommand type=deleteBlocksCommand with id=1568280408310 timed out. Retrying.
2019-09-12 09:26:52,328 [pool-7-thread-1] INFO  commands.RetriableDatanodeEventWatcher (RetriableDatanodeEventWatcher.java:onTimeout(47)) - RetriableDatanodeCommand type=deleteBlocksCommand with id=1568280408320 timed out. Retrying.
2019-09-12 09:26:52,345 [pool-7-thread-1] INFO  commands.RetriableDatanodeEventWatcher (RetriableDatanodeEventWatcher.java:onTimeout(47)) - RetriableDatanodeCommand type=deleteBlocksCommand with id=1568280408330 timed out. Retrying.
2019-09-12 09:26:52,358 [pool-7-thread-1] INFO  commands.RetriableDatanodeEventWatcher (RetriableDatanodeEventWatcher.java:onTimeout(47)) - RetriableDatanodeCommand type=deleteBlocksCommand with id=1568280408340 timed out. Retrying.
2019-09-12 09:26:52,373 [SCMBlockDeletingService#1] DEBUG block.SCMBlockDeletingService (SCMBlockDeletingService.java:call(138)) - Running DeletedBlockTransactionScanner
2019-09-12 09:26:52,374 [SCMBlockDeletingService#1] DEBUG block.SCMBlockDeletingService (SCMBlockDeletingService.java:call(155)) - Scanned deleted blocks log and got 3 delTX to process.
2019-09-12 09:26:52,374 [SCMBlockDeletingService#1] DEBUG block.SCMBlockDeletingService (SCMBlockDeletingService.java:call(171)) - Added delete block command for datanode b50d6464-f54a-40d1-9f81-f1c19654fd05 in the queue, number of delete block transactions: 3, TxID list: 1,2,3
2019-09-12 09:26:52,375 [SCMBlockDeletingService#1] INFO  block.SCMBlockDeletingService (SCMBlockDeletingService.java:call(182)) - Totally added 3 delete blocks command for 1 datanodes, task elapsed time: 2ms
2019-09-12 09:26:52,416 [pool-7-thread-1] INFO  commands.RetriableDatanodeEventWatcher (RetriableDatanodeEventWatcher.java:onTimeout(47)) - RetriableDatanodeCommand type=deleteBlocksCommand with id=1568280408311 timed out. Retrying.
2019-09-12 09:26:52,429 [pool-7-thread-1] INFO  commands.RetriableDatanodeEventWatcher (RetriableDatanodeEventWatcher.java:onTimeout(47)) - RetriableDatanodeCommand type=deleteBlocksCommand with id=1568280408321 timed out. Retrying.
2019-09-12 09:26:52,446 [pool-7-thread-1] INFO  commands.RetriableDatanodeEventWatcher (RetriableDatanodeEventWatcher.java:onTimeout(47)) - RetriableDatanodeCommand type=deleteBlocksCommand with id=1568280408331 timed out. Retrying.
2019-09-12 09:26:52,459 [pool-7-thread-1] INFO  commands.RetriableDatanodeEventWatcher (RetriableDatanodeEventWatcher.java:onTimeout(47)) - RetriableDatanodeCommand type=deleteBlocksCommand with id=1568280408341 timed out. Retrying.
2019-09-12 09:26:52,475 [SCMBlockDeletingService#1] DEBUG block.SCMBlockDeletingService (SCMBlockDeletingService.java:call(138)) - Running DeletedBlockTransactionScanner
2019-09-12 09:26:52,476 [SCMBlockDeletingService#1] DEBUG block.SCMBlockDeletingService (SCMBlockDeletingService.java:call(155)) - Scanned deleted blocks log and got 3 delTX to process.
2019-09-12 09:26:52,476 [SCMBlockDeletingService#1] DEBUG block.SCMBlockDeletingService (SCMBlockDeletingService.java:call(171)) - Added delete block command for datanode b50d6464-f54a-40d1-9f81-f1c19654fd05 in the queue, number of delete block transactions: 3, TxID list: 1,2,3
2019-09-12 09:26:52,476 [SCMBlockDeletingService#1] INFO  block.SCMBlockDeletingService (SCMBlockDeletingService.java:call(182)) - Totally added 3 delete blocks command for 1 datanodes, task elapsed time: 1ms
2019-09-12 09:26:52,517 [pool-7-thread-1] INFO  commands.RetriableDatanodeEventWatcher (RetriableDatanodeEventWatcher.java:onTimeout(47)) - RetriableDatanodeCommand type=deleteBlocksCommand with id=1568280408312 timed out. Retrying.
2019-09-12 09:26:52,533 [pool-7-thread-1] INFO  commands.RetriableDatanodeEventWatcher (RetriableDatanodeEventWatcher.java:onTimeout(47)) - RetriableDatanodeCommand type=deleteBlocksCommand with id=1568280408322 timed out. Retrying.
2019-09-12 09:26:52,546 [pool-7-thread-1] INFO  commands.RetriableDatanodeEventWatcher (RetriableDatanodeEventWatcher.java:onTimeout(47)) - RetriableDatanodeCommand type=deleteBlocksCommand with id=1568280408332 timed out. Retrying.
2019-09-12 09:26:52,562 [pool-7-thread-1] INFO  commands.RetriableDatanodeEventWatcher (RetriableDatanodeEventWatcher.java:onTimeout(47)) - RetriableDatanodeCommand type=deleteBlocksCommand with id=1568280408342 timed out. Retrying.
2019-09-12 09:26:52,576 [SCMBlockDeletingService#1] DEBUG block.SCMBlockDeletingService (SCMBlockDeletingService.java:call(138)) - Running DeletedBlockTransactionScanner
2019-09-12 09:26:52,577 [SCMBlockDeletingService#1] DEBUG block.SCMBlockDeletingService (SCMBlockDeletingService.java:call(155)) - Scanned deleted blocks log and got 3 delTX to process.
2019-09-12 09:26:52,577 [SCMBlockDeletingService#1] DEBUG block.SCMBlockDeletingService (SCMBlockDeletingService.java:call(171)) - Added delete block command for datanode b50d6464-f54a-40d1-9f81-f1c19654fd05 in the queue, number of delete block transactions: 3, TxID list: 1,2,3
2019-09-12 09:26:52,577 [SCMBlockDeletingService#1] INFO  block.SCMBlockDeletingService (SCMBlockDeletingService.java:call(182)) - Totally added 3 delete blocks command for 1 datanodes, task elapsed time: 1ms
2019-09-12 09:26:52,618 [pool-7-thread-1] INFO  commands.RetriableDatanodeEventWatcher (RetriableDatanodeEventWatcher.java:onTimeout(47)) - RetriableDatanodeCommand type=deleteBlocksCommand with id=1568280408313 timed out. Retrying.
2019-09-12 09:26:52,633 [pool-7-thread-1] INFO  commands.RetriableDatanodeEventWatcher (RetriableDatanodeEventWatcher.java:onTimeout(47)) - RetriableDatanodeCommand type=deleteBlocksCommand with id=1568280408323 timed out. Retrying.
2019-09-12 09:26:52,648 [pool-7-thread-1] INFO  commands.RetriableDatanodeEventWatcher (RetriableDatanodeEventWatcher.java:onTimeout(47)) - RetriableDatanodeCommand type=deleteBlocksCommand with id=1568280408333 timed out. Retrying.
2019-09-12 09:26:52,664 [pool-7-thread-1] INFO  commands.RetriableDatanodeEventWatcher (RetriableDatanodeEventWatcher.java:onTimeout(47)) - RetriableDatanodeCommand type=deleteBlocksCommand with id=1568280408343 timed out. Retrying.
2019-09-12 09:26:52,678 [SCMBlockDeletingService#1] DEBUG block.SCMBlockDeletingService (SCMBlockDeletingService.java:call(138)) - Running DeletedBlockTransactionScanner
2019-09-12 09:26:52,678 [SCMBlockDeletingService#1] DEBUG block.SCMBlockDeletingService (SCMBlockDeletingService.java:call(155)) - Scanned deleted blocks log and got 3 delTX to process.
2019-09-12 09:26:52,678 [SCMBlockDeletingService#1] DEBUG block.SCMBlockDeletingService (SCMBlockDeletingService.java:call(171)) - Added delete block command for datanode b50d6464-f54a-40d1-9f81-f1c19654fd05 in the queue, number of delete block transactions: 3, TxID list: 1,2,3
2019-09-12 09:26:52,679 [SCMBlockDeletingService#1] INFO  block.SCMBlockDeletingService (SCMBlockDeletingService.java:call(182)) - Totally added 3 delete blocks command for 1 datanodes, task elapsed time: 1ms
2019-09-12 09:26:52,720 [pool-7-thread-1] INFO  commands.RetriableDatanodeEventWatcher (RetriableDatanodeEventWatcher.java:onTimeout(47)) - RetriableDatanodeCommand type=deleteBlocksCommand with id=1568280408314 timed out. Retrying.
2019-09-12 09:26:52,735 [pool-7-thread-1] INFO  commands.RetriableDatanodeEventWatcher (RetriableDatanodeEventWatcher.java:onTimeout(47)) - RetriableDatanodeCommand type=deleteBlocksCommand with id=1568280408324 timed out. Retrying.
2019-09-12 09:26:52,750 [pool-7-thread-1] INFO  commands.RetriableDatanodeEventWatcher (RetriableDatanodeEventWatcher.java:onTimeout(47)) - RetriableDatanodeCommand type=deleteBlocksCommand with id=1568280408334 timed out. Retrying.
2019-09-12 09:26:52,764 [pool-7-thread-1] INFO  commands.RetriableDatanodeEventWatcher (RetriableDatanodeEventWatcher.java:onTimeout(47)) - RetriableDatanodeCommand type=deleteBlocksCommand with id=1568280408344 timed out. Retrying.
2019-09-12 09:26:52,779 [SCMBlockDeletingService#1] DEBUG block.SCMBlockDeletingService (SCMBlockDeletingService.java:call(138)) - Running DeletedBlockTransactionScanner
2019-09-12 09:26:52,779 [SCMBlockDeletingService#1] DEBUG block.SCMBlockDeletingService (SCMBlockDeletingService.java:call(155)) - Scanned deleted blocks log and got 3 delTX to process.
2019-09-12 09:26:52,779 [SCMBlockDeletingService#1] DEBUG block.SCMBlockDeletingService (SCMBlockDeletingService.java:call(171)) - Added delete block command for datanode b50d6464-f54a-40d1-9f81-f1c19654fd05 in the queue, number of delete block transactions: 3, TxID list: 1,2,3
2019-09-12 09:26:52,780 [SCMBlockDeletingService#1] INFO  block.SCMBlockDeletingService (SCMBlockDeletingService.java:call(182)) - Totally added 3 delete blocks command for 1 datanodes, task elapsed time: 1ms
2019-09-12 09:26:52,821 [pool-7-thread-1] INFO  commands.RetriableDatanodeEventWatcher (RetriableDatanodeEventWatcher.java:onTimeout(47)) - RetriableDatanodeCommand type=deleteBlocksCommand with id=1568280408315 timed out. Retrying.
2019-09-12 09:26:52,836 [pool-7-thread-1] INFO  commands.RetriableDatanodeEventWatcher (RetriableDatanodeEventWatcher.java:onTimeout(47)) - RetriableDatanodeCommand type=deleteBlocksCommand with id=1568280408325 timed out. Retrying.
2019-09-12 09:26:52,851 [pool-7-thread-1] INFO  commands.RetriableDatanodeEventWatcher (RetriableDatanodeEventWatcher.java:onTimeout(47)) - RetriableDatanodeCommand type=deleteBlocksCommand with id=1568280408335 timed out. Retrying.
2019-09-12 09:26:52,867 [pool-7-thread-1] INFO  commands.RetriableDatanodeEventWatcher (RetriableDatanodeEventWatcher.java:onTimeout(47)) - RetriableDatanodeCommand type=deleteBlocksCommand with id=1568280408345 timed out. Retrying.
2019-09-12 09:26:52,880 [SCMBlockDeletingService#1] DEBUG block.SCMBlockDeletingService (SCMBlockDeletingService.java:call(138)) - Running DeletedBlockTransactionScanner
2019-09-12 09:26:52,881 [SCMBlockDeletingService#1] DEBUG block.SCMBlockDeletingService (SCMBlockDeletingService.java:call(155)) - Scanned deleted blocks log and got 3 delTX to process.
2019-09-12 09:26:52,881 [SCMBlockDeletingService#1] DEBUG block.SCMBlockDeletingService (SCMBlockDeletingService.java:call(171)) - Added delete block command for datanode b50d6464-f54a-40d1-9f81-f1c19654fd05 in the queue, number of delete block transactions: 3, TxID list: 1,2,3
2019-09-12 09:26:52,881 [SCMBlockDeletingService#1] INFO  block.SCMBlockDeletingService (SCMBlockDeletingService.java:call(182)) - Totally added 3 delete blocks command for 1 datanodes, task elapsed time: 1ms
2019-09-12 09:26:52,924 [pool-7-thread-1] INFO  commands.RetriableDatanodeEventWatcher (RetriableDatanodeEventWatcher.java:onTimeout(47)) - RetriableDatanodeCommand type=deleteBlocksCommand with id=1568280408316 timed out. Retrying.
2019-09-12 09:26:52,937 [pool-7-thread-1] INFO  commands.RetriableDatanodeEventWatcher (RetriableDatanodeEventWatcher.java:onTimeout(47)) - RetriableDatanodeCommand type=deleteBlocksCommand with id=1568280408326 timed out. Retrying.
2019-09-12 09:26:52,953 [pool-7-thread-1] INFO  commands.RetriableDatanodeEventWatcher (RetriableDatanodeEventWatcher.java:onTimeout(47)) - RetriableDatanodeCommand type=deleteBlocksCommand with id=1568280408336 timed out. Retrying.
2019-09-12 09:26:52,969 [pool-7-thread-1] INFO  commands.RetriableDatanodeEventWatcher (RetriableDatanodeEventWatcher.java:onTimeout(47)) - RetriableDatanodeCommand type=deleteBlocksCommand with id=1568280408346 timed out. Retrying.
2019-09-12 09:26:52,981 [SCMBlockDeletingService#1] DEBUG block.SCMBlockDeletingService (SCMBlockDeletingService.java:call(138)) - Running DeletedBlockTransactionScanner
2019-09-12 09:26:52,982 [SCMBlockDeletingService#1] DEBUG block.SCMBlockDeletingService (SCMBlockDeletingService.java:call(155)) - Scanned deleted blocks log and got 3 delTX to process.
2019-09-12 09:26:52,982 [SCMBlockDeletingService#1] DEBUG block.SCMBlockDeletingService (SCMBlockDeletingService.java:call(171)) - Added delete block command for datanode b50d6464-f54a-40d1-9f81-f1c19654fd05 in the queue, number of delete block transactions: 3, TxID list: 1,2,3
2019-09-12 09:26:52,983 [SCMBlockDeletingService#1] INFO  block.SCMBlockDeletingService (SCMBlockDeletingService.java:call(182)) - Totally added 3 delete blocks command for 1 datanodes, task elapsed time: 1ms
2019-09-12 09:26:53,024 [pool-7-thread-1] INFO  commands.RetriableDatanodeEventWatcher (RetriableDatanodeEventWatcher.java:onTimeout(47)) - RetriableDatanodeCommand type=deleteBlocksCommand with id=1568280408317 timed out. Retrying.
2019-09-12 09:26:53,040 [pool-7-thread-1] INFO  commands.RetriableDatanodeEventWatcher (RetriableDatanodeEventWatcher.java:onTimeout(47)) - RetriableDatanodeCommand type=deleteBlocksCommand with id=1568280408327 timed out. Retrying.
2019-09-12 09:26:53,054 [pool-7-thread-1] INFO  commands.RetriableDatanodeEventWatcher (RetriableDatanodeEventWatcher.java:onTimeout(47)) - RetriableDatanodeCommand type=deleteBlocksCommand with id=1568280408337 timed out. Retrying.
2019-09-12 09:26:53,069 [pool-7-thread-1] INFO  commands.RetriableDatanodeEventWatcher (RetriableDatanodeEventWatcher.java:onTimeout(47)) - RetriableDatanodeCommand type=deleteBlocksCommand with id=1568280408347 timed out. Retrying.
2019-09-12 09:26:53,083 [SCMBlockDeletingService#1] DEBUG block.SCMBlockDeletingService (SCMBlockDeletingService.java:call(138)) - Running DeletedBlockTransactionScanner
2019-09-12 09:26:53,083 [SCMBlockDeletingService#1] DEBUG block.SCMBlockDeletingService (SCMBlockDeletingService.java:call(155)) - Scanned deleted blocks log and got 3 delTX to process.
2019-09-12 09:26:53,084 [SCMBlockDeletingService#1] DEBUG block.SCMBlockDeletingService (SCMBlockDeletingService.java:call(171)) - Added delete block command for datanode b50d6464-f54a-40d1-9f81-f1c19654fd05 in the queue, number of delete block transactions: 3, TxID list: 1,2,3
2019-09-12 09:26:53,084 [SCMBlockDeletingService#1] INFO  block.SCMBlockDeletingService (SCMBlockDeletingService.java:call(182)) - Totally added 3 delete blocks command for 1 datanodes, task elapsed time: 1ms
2019-09-12 09:26:53,128 [pool-7-thread-1] INFO  commands.RetriableDatanodeEventWatcher (RetriableDatanodeEventWatcher.java:onTimeout(47)) - RetriableDatanodeCommand type=deleteBlocksCommand with id=1568280408318 timed out. Retrying.
2019-09-12 09:26:53,141 [pool-7-thread-1] INFO  commands.RetriableDatanodeEventWatcher (RetriableDatanodeEventWatcher.java:onTimeout(47)) - RetriableDatanodeCommand type=deleteBlocksCommand with id=1568280408328 timed out. Retrying.
2019-09-12 09:26:53,156 [pool-7-thread-1] INFO  commands.RetriableDatanodeEventWatcher (RetriableDatanodeEventWatcher.java:onTimeout(47)) - RetriableDatanodeCommand type=deleteBlocksCommand with id=1568280408338 timed out. Retrying.
2019-09-12 09:26:53,171 [pool-7-thread-1] INFO  commands.RetriableDatanodeEventWatcher (RetriableDatanodeEventWatcher.java:onTimeout(47)) - RetriableDatanodeCommand type=deleteBlocksCommand with id=1568280408348 timed out. Retrying.
2019-09-12 09:26:53,184 [SCMBlockDeletingService#1] DEBUG block.SCMBlockDeletingService (SCMBlockDeletingService.java:call(138)) - Running DeletedBlockTransactionScanner
2019-09-12 09:26:53,185 [SCMBlockDeletingService#1] DEBUG block.SCMBlockDeletingService (SCMBlockDeletingService.java:call(155)) - Scanned deleted blocks log and got 3 delTX to process.
2019-09-12 09:26:53,185 [SCMBlockDeletingService#1] DEBUG block.SCMBlockDeletingService (SCMBlockDeletingService.java:call(171)) - Added delete block command for datanode b50d6464-f54a-40d1-9f81-f1c19654fd05 in the queue, number of delete block transactions: 3, TxID list: 1,2,3
2019-09-12 09:26:53,185 [SCMBlockDeletingService#1] INFO  block.SCMBlockDeletingService (SCMBlockDeletingService.java:call(182)) - Totally added 3 delete blocks command for 1 datanodes, task elapsed time: 1ms
2019-09-12 09:26:53,227 [pool-7-thread-1] INFO  commands.RetriableDatanodeEventWatcher (RetriableDatanodeEventWatcher.java:onTimeout(47)) - RetriableDatanodeCommand type=deleteBlocksCommand with id=1568280408319 timed out. Retrying.
2019-09-12 09:26:53,242 [pool-7-thread-1] INFO  commands.RetriableDatanodeEventWatcher (RetriableDatanodeEventWatcher.java:onTimeout(47)) - RetriableDatanodeCommand type=deleteBlocksCommand with id=1568280408329 timed out. Retrying.
2019-09-12 09:26:53,255 [main] INFO  ozoneimpl.OzoneContainer (OzoneContainer.java:stop(231)) - Attempting to stop container services.
2019-09-12 09:26:53,257 [main] INFO  impl.RaftServerProxy (RaftServerProxy.java:lambda$close$4(314)) - b50d6464-f54a-40d1-9f81-f1c19654fd05: close
2019-09-12 09:26:53,258 [pool-7-thread-1] INFO  commands.RetriableDatanodeEventWatcher (RetriableDatanodeEventWatcher.java:onTimeout(47)) - RetriableDatanodeCommand type=deleteBlocksCommand with id=1568280408339 timed out. Retrying.
2019-09-12 09:26:53,259 [main] INFO  impl.RaftServerImpl (RaftServerImpl.java:lambda$shutdown$3(251)) - b50d6464-f54a-40d1-9f81-f1c19654fd05@group-1F53027F28E3: shutdown
2019-09-12 09:26:53,260 [main] INFO  util.JmxRegister (JmxRegister.java:unregister(73)) - Successfully un-registered JMX Bean with object name Ratis:service=RaftServer,group=group-1F53027F28E3,id=b50d6464-f54a-40d1-9f81-f1c19654fd05
2019-09-12 09:26:53,261 [main] INFO  impl.RoleInfo (RoleInfo.java:shutdownLeaderState(104)) - b50d6464-f54a-40d1-9f81-f1c19654fd05: shutdown LeaderState
2019-09-12 09:26:53,262 [main] INFO  impl.PendingRequests (PendingRequests.java:sendNotLeaderResponses(202)) - b50d6464-f54a-40d1-9f81-f1c19654fd05-PendingRequests: sendNotLeaderResponses
2019-09-12 09:26:53,269 [main] INFO  impl.StateMachineUpdater (StateMachineUpdater.java:stopAndJoin(125)) - b50d6464-f54a-40d1-9f81-f1c19654fd05@group-1F53027F28E3-StateMachineUpdater: set stopIndex = 6184
2019-09-12 09:26:53,270 [b50d6464-f54a-40d1-9f81-f1c19654fd05@group-1F53027F28E3-StateMachineUpdater] INFO  ratis.ContainerStateMachine (ContainerStateMachine.java:takeSnapshot(289)) - group-1F53027F28E3: Taking a snapshot at:(t:1, i:6183) file /workdir/hadoop-ozone/integration-test/target/test-dir/MiniOzoneClusterImpl-91ceb8d4-6dc6-4c84-835d-2cce6db9d776/datanode-0/data/ratis/6602e0f3-b3f6-4d5c-8eba-1f53027f28e3/sm/snapshot.1_6183
2019-09-12 09:26:53,272 [pool-7-thread-1] INFO  commands.RetriableDatanodeEventWatcher (RetriableDatanodeEventWatcher.java:onTimeout(47)) - RetriableDatanodeCommand type=deleteBlocksCommand with id=1568280408349 timed out. Retrying.
2019-09-12 09:26:53,286 [SCMBlockDeletingService#1] DEBUG block.SCMBlockDeletingService (SCMBlockDeletingService.java:call(138)) - Running DeletedBlockTransactionScanner
2019-09-12 09:26:53,286 [SCMBlockDeletingService#1] DEBUG block.SCMBlockDeletingService (SCMBlockDeletingService.java:call(155)) - Scanned deleted blocks log and got 3 delTX to process.
2019-09-12 09:26:53,286 [SCMBlockDeletingService#1] DEBUG block.SCMBlockDeletingService (SCMBlockDeletingService.java:call(171)) - Added delete block command for datanode b50d6464-f54a-40d1-9f81-f1c19654fd05 in the queue, number of delete block transactions: 3, TxID list: 1,2,3
2019-09-12 09:26:53,287 [SCMBlockDeletingService#1] INFO  block.SCMBlockDeletingService (SCMBlockDeletingService.java:call(182)) - Totally added 3 delete blocks command for 1 datanodes, task elapsed time: 1ms
2019-09-12 09:26:53,314 [pool-7-thread-1] INFO  commands.RetriableDatanodeEventWatcher (RetriableDatanodeEventWatcher.java:onTimeout(47)) - RetriableDatanodeCommand type=deleteBlocksCommand with id=1568280408310 timed out. Retrying.
2019-09-12 09:26:53,314 [b50d6464-f54a-40d1-9f81-f1c19654fd05@group-1F53027F28E3-StateMachineUpdater] INFO  ratis.ContainerStateMachine (ContainerStateMachine.java:takeSnapshot(300)) - group-1F53027F28E3: Finished taking a snapshot at:(t:1, i:6183) file:/workdir/hadoop-ozone/integration-test/target/test-dir/MiniOzoneClusterImpl-91ceb8d4-6dc6-4c84-835d-2cce6db9d776/datanode-0/data/ratis/6602e0f3-b3f6-4d5c-8eba-1f53027f28e3/sm/snapshot.1_6183 time:45
2019-09-12 09:26:53,314 [b50d6464-f54a-40d1-9f81-f1c19654fd05@group-1F53027F28E3-StateMachineUpdater] INFO  impl.StateMachineUpdater (StateMachineUpdater.java:takeSnapshot(258)) - b50d6464-f54a-40d1-9f81-f1c19654fd05@group-1F53027F28E3-StateMachineUpdater: Took a snapshot at index 6183
2019-09-12 09:26:53,315 [b50d6464-f54a-40d1-9f81-f1c19654fd05@group-1F53027F28E3-StateMachineUpdater] INFO  impl.StateMachineUpdater (StateMachineUpdater.java:lambda$new$0(83)) - b50d6464-f54a-40d1-9f81-f1c19654fd05@group-1F53027F28E3-StateMachineUpdater: snapshotIndex: updateIncreasingly -1 -> 6183
2019-09-12 09:26:53,322 [b50d6464-f54a-40d1-9f81-f1c19654fd05@group-1F53027F28E3-StateMachineUpdater] INFO  ratis.ContainerStateMachine (ContainerStateMachine.java:takeSnapshot(289)) - group-1F53027F28E3: Taking a snapshot at:(t:1, i:6183) file /workdir/hadoop-ozone/integration-test/target/test-dir/MiniOzoneClusterImpl-91ceb8d4-6dc6-4c84-835d-2cce6db9d776/datanode-0/data/ratis/6602e0f3-b3f6-4d5c-8eba-1f53027f28e3/sm/snapshot.1_6183
2019-09-12 09:26:53,328 [pool-7-thread-1] INFO  commands.RetriableDatanodeEventWatcher (RetriableDatanodeEventWatcher.java:onTimeout(47)) - RetriableDatanodeCommand type=deleteBlocksCommand with id=1568280408320 timed out. Retrying.
2019-09-12 09:26:53,337 [b50d6464-f54a-40d1-9f81-f1c19654fd05@group-1F53027F28E3-StateMachineUpdater] INFO  ratis.ContainerStateMachine (ContainerStateMachine.java:takeSnapshot(300)) - group-1F53027F28E3: Finished taking a snapshot at:(t:1, i:6183) file:/workdir/hadoop-ozone/integration-test/target/test-dir/MiniOzoneClusterImpl-91ceb8d4-6dc6-4c84-835d-2cce6db9d776/datanode-0/data/ratis/6602e0f3-b3f6-4d5c-8eba-1f53027f28e3/sm/snapshot.1_6183 time:15
2019-09-12 09:26:53,337 [b50d6464-f54a-40d1-9f81-f1c19654fd05@group-1F53027F28E3-StateMachineUpdater] INFO  impl.StateMachineUpdater (StateMachineUpdater.java:takeSnapshot(258)) - b50d6464-f54a-40d1-9f81-f1c19654fd05@group-1F53027F28E3-StateMachineUpdater: Took a snapshot at index 6183
2019-09-12 09:26:53,337 [b50d6464-f54a-40d1-9f81-f1c19654fd05@group-1F53027F28E3-StateMachineUpdater] INFO  impl.StateMachineUpdater (StateMachineUpdater.java:lambda$new$0(83)) - b50d6464-f54a-40d1-9f81-f1c19654fd05@group-1F53027F28E3-StateMachineUpdater: snapshotIndex: updateIncreasingly 6183 -> 6183
2019-09-12 09:26:53,337 [main] INFO  impl.RaftServerImpl (ServerState.java:close(385)) - b50d6464-f54a-40d1-9f81-f1c19654fd05@group-1F53027F28E3: closes. applyIndex: 6184
2019-09-12 09:26:53,342 [b50d6464-f54a-40d1-9f81-f1c19654fd05@group-1F53027F28E3-SegmentedRaftLogWorker] INFO  segmented.SegmentedRaftLogWorker (SegmentedRaftLogWorker.java:run(313)) - b50d6464-f54a-40d1-9f81-f1c19654fd05@group-1F53027F28E3-SegmentedRaftLogWorker was interrupted, exiting. There are 0 tasks remaining in the queue.
2019-09-12 09:26:53,343 [main] INFO  segmented.SegmentedRaftLogWorker (SegmentedRaftLogWorker.java:close(228)) - b50d6464-f54a-40d1-9f81-f1c19654fd05@group-1F53027F28E3-SegmentedRaftLogWorker close()
2019-09-12 09:26:53,346 [pool-7-thread-1] INFO  commands.RetriableDatanodeEventWatcher (RetriableDatanodeEventWatcher.java:onTimeout(47)) - RetriableDatanodeCommand type=deleteBlocksCommand with id=1568280408330 timed out. Retrying.
2019-09-12 09:26:53,346 [main] INFO  server.GrpcService (GrpcService.java:closeImpl(164)) - b50d6464-f54a-40d1-9f81-f1c19654fd05: shutdown server with port 45986 now
2019-09-12 09:26:53,350 [main] INFO  server.GrpcService (GrpcService.java:closeImpl(172)) - b50d6464-f54a-40d1-9f81-f1c19654fd05: shutdown server with port 45986 successfully
2019-09-12 09:26:53,352 [refreshUsed-/workdir/hadoop-ozone/integration-test/target/test-dir/MiniOzoneClusterImpl-91ceb8d4-6dc6-4c84-835d-2cce6db9d776/datanode-0/data/containers] WARN  fs.CachingGetSpaceUsed (CachingGetSpaceUsed.java:run(183)) - Thread Interrupted waiting to refresh disk information: sleep interrupted
2019-09-12 09:26:53,358 [pool-7-thread-1] INFO  commands.RetriableDatanodeEventWatcher (RetriableDatanodeEventWatcher.java:onTimeout(47)) - RetriableDatanodeCommand type=deleteBlocksCommand with id=1568280408340 timed out. Retrying.
2019-09-12 09:26:53,375 [pool-7-thread-1] INFO  commands.RetriableDatanodeEventWatcher (RetriableDatanodeEventWatcher.java:onTimeout(47)) - RetriableDatanodeCommand type=deleteBlocksCommand with id=1568280408350 timed out. Retrying.
2019-09-12 09:26:53,375 [main] INFO  utils.BackgroundService (BackgroundService.java:shutdown(148)) - Shutting down service BlockDeletingService
2019-09-12 09:26:53,380 [main] INFO  statemachine.DatanodeStateMachine (DatanodeStateMachine.java:stopDaemon(395)) - Ozone container server stopped.
2019-09-12 09:26:53,387 [SCMBlockDeletingService#1] DEBUG block.SCMBlockDeletingService (SCMBlockDeletingService.java:call(138)) - Running DeletedBlockTransactionScanner
2019-09-12 09:26:53,388 [main] INFO  handler.ContextHandler (ContextHandler.java:doStop(910)) - Stopped o.e.j.w.WebAppContext@767a014e{/,null,UNAVAILABLE}{/hddsDatanode}
2019-09-12 09:26:53,388 [SCMBlockDeletingService#1] DEBUG block.SCMBlockDeletingService (SCMBlockDeletingService.java:call(155)) - Scanned deleted blocks log and got 3 delTX to process.
2019-09-12 09:26:53,388 [SCMBlockDeletingService#1] DEBUG block.SCMBlockDeletingService (SCMBlockDeletingService.java:call(171)) - Added delete block command for datanode b50d6464-f54a-40d1-9f81-f1c19654fd05 in the queue, number of delete block transactions: 3, TxID list: 1,2,3
2019-09-12 09:26:53,389 [SCMBlockDeletingService#1] INFO  block.SCMBlockDeletingService (SCMBlockDeletingService.java:call(182)) - Totally added 3 delete blocks command for 1 datanodes, task elapsed time: 1ms
2019-09-12 09:26:53,395 [main] INFO  server.AbstractConnector (AbstractConnector.java:doStop(318)) - Stopped ServerConnector@d109c4f{HTTP/1.1,[http/1.1]}{0.0.0.0:0}
2019-09-12 09:26:53,395 [main] INFO  handler.ContextHandler (ContextHandler.java:doStop(910)) - Stopped o.e.j.s.ServletContextHandler@5d43409a{/static,jar:file:/home/user/.m2/repository/org/apache/hadoop/hadoop-hdds-container-service/0.5.0-SNAPSHOT/hadoop-hdds-container-service-0.5.0-SNAPSHOT.jar!/webapps/static,UNAVAILABLE}
2019-09-12 09:26:53,396 [main] INFO  handler.ContextHandler (ContextHandler.java:doStop(910)) - Stopped o.e.j.s.ServletContextHandler@7f353d99{/logs,file:///workdir/hadoop-ozone/integration-test/target/log,UNAVAILABLE}
2019-09-12 09:26:53,416 [pool-7-thread-1] INFO  commands.RetriableDatanodeEventWatcher (RetriableDatanodeEventWatcher.java:onTimeout(47)) - RetriableDatanodeCommand type=deleteBlocksCommand with id=1568280408311 timed out. Retrying.
2019-09-12 09:26:53,430 [pool-7-thread-1] INFO  commands.RetriableDatanodeEventWatcher (RetriableDatanodeEventWatcher.java:onTimeout(47)) - RetriableDatanodeCommand type=deleteBlocksCommand with id=1568280408321 timed out. Retrying.
2019-09-12 09:26:53,447 [pool-7-thread-1] INFO  commands.RetriableDatanodeEventWatcher (RetriableDatanodeEventWatcher.java:onTimeout(47)) - RetriableDatanodeCommand type=deleteBlocksCommand with id=1568280408331 timed out. Retrying.
2019-09-12 09:26:53,459 [pool-7-thread-1] INFO  commands.RetriableDatanodeEventWatcher (RetriableDatanodeEventWatcher.java:onTimeout(47)) - RetriableDatanodeCommand type=deleteBlocksCommand with id=1568280408341 timed out. Retrying.
2019-09-12 09:26:53,476 [pool-7-thread-1] INFO  commands.RetriableDatanodeEventWatcher (RetriableDatanodeEventWatcher.java:onTimeout(47)) - RetriableDatanodeCommand type=deleteBlocksCommand with id=1568280408351 timed out. Retrying.
2019-09-12 09:26:53,489 [SCMBlockDeletingService#1] DEBUG block.SCMBlockDeletingService (SCMBlockDeletingService.java:call(138)) - Running DeletedBlockTransactionScanner
2019-09-12 09:26:53,490 [SCMBlockDeletingService#1] DEBUG block.SCMBlockDeletingService (SCMBlockDeletingService.java:call(155)) - Scanned deleted blocks log and got 3 delTX to process.
2019-09-12 09:26:53,491 [SCMBlockDeletingService#1] DEBUG block.SCMBlockDeletingService (SCMBlockDeletingService.java:call(171)) - Added delete block command for datanode b50d6464-f54a-40d1-9f81-f1c19654fd05 in the queue, number of delete block transactions: 3, TxID list: 1,2,3
2019-09-12 09:26:53,491 [SCMBlockDeletingService#1] INFO  block.SCMBlockDeletingService (SCMBlockDeletingService.java:call(182)) - Totally added 3 delete blocks command for 1 datanodes, task elapsed time: 2ms
2019-09-12 09:26:53,518 [pool-7-thread-1] INFO  commands.RetriableDatanodeEventWatcher (RetriableDatanodeEventWatcher.java:onTimeout(47)) - RetriableDatanodeCommand type=deleteBlocksCommand with id=1568280408312 timed out. Retrying.
2019-09-12 09:26:53,533 [pool-7-thread-1] INFO  commands.RetriableDatanodeEventWatcher (RetriableDatanodeEventWatcher.java:onTimeout(47)) - RetriableDatanodeCommand type=deleteBlocksCommand with id=1568280408322 timed out. Retrying.
2019-09-12 09:26:53,547 [pool-7-thread-1] INFO  commands.RetriableDatanodeEventWatcher (RetriableDatanodeEventWatcher.java:onTimeout(47)) - RetriableDatanodeCommand type=deleteBlocksCommand with id=1568280408332 timed out. Retrying.
2019-09-12 09:26:53,563 [pool-7-thread-1] INFO  commands.RetriableDatanodeEventWatcher (RetriableDatanodeEventWatcher.java:onTimeout(47)) - RetriableDatanodeCommand type=deleteBlocksCommand with id=1568280408342 timed out. Retrying.
2019-09-12 09:26:53,577 [pool-7-thread-1] INFO  commands.RetriableDatanodeEventWatcher (RetriableDatanodeEventWatcher.java:onTimeout(47)) - RetriableDatanodeCommand type=deleteBlocksCommand with id=1568280408352 timed out. Retrying.
2019-09-12 09:26:53,591 [SCMBlockDeletingService#1] DEBUG block.SCMBlockDeletingService (SCMBlockDeletingService.java:call(138)) - Running DeletedBlockTransactionScanner
2019-09-12 09:26:53,592 [SCMBlockDeletingService#1] DEBUG block.SCMBlockDeletingService (SCMBlockDeletingService.java:call(155)) - Scanned deleted blocks log and got 3 delTX to process.
2019-09-12 09:26:53,592 [SCMBlockDeletingService#1] DEBUG block.SCMBlockDeletingService (SCMBlockDeletingService.java:call(171)) - Added delete block command for datanode b50d6464-f54a-40d1-9f81-f1c19654fd05 in the queue, number of delete block transactions: 3, TxID list: 1,2,3
2019-09-12 09:26:53,593 [SCMBlockDeletingService#1] INFO  block.SCMBlockDeletingService (SCMBlockDeletingService.java:call(182)) - Totally added 3 delete blocks command for 1 datanodes, task elapsed time: 1ms
2019-09-12 09:26:53,618 [pool-7-thread-1] INFO  commands.RetriableDatanodeEventWatcher (RetriableDatanodeEventWatcher.java:onTimeout(47)) - RetriableDatanodeCommand type=deleteBlocksCommand with id=1568280408313 timed out. Retrying.
2019-09-12 09:26:53,634 [pool-7-thread-1] INFO  commands.RetriableDatanodeEventWatcher (RetriableDatanodeEventWatcher.java:onTimeout(47)) - RetriableDatanodeCommand type=deleteBlocksCommand with id=1568280408323 timed out. Retrying.
2019-09-12 09:26:53,649 [pool-7-thread-1] INFO  commands.RetriableDatanodeEventWatcher (RetriableDatanodeEventWatcher.java:onTimeout(47)) - RetriableDatanodeCommand type=deleteBlocksCommand with id=1568280408333 timed out. Retrying.
2019-09-12 09:26:53,665 [pool-7-thread-1] INFO  commands.RetriableDatanodeEventWatcher (RetriableDatanodeEventWatcher.java:onTimeout(47)) - RetriableDatanodeCommand type=deleteBlocksCommand with id=1568280408343 timed out. Retrying.
2019-09-12 09:26:53,679 [pool-7-thread-1] INFO  commands.RetriableDatanodeEventWatcher (RetriableDatanodeEventWatcher.java:onTimeout(47)) - RetriableDatanodeCommand type=deleteBlocksCommand with id=1568280408353 timed out. Retrying.
2019-09-12 09:26:53,693 [SCMBlockDeletingService#0] DEBUG block.SCMBlockDeletingService (SCMBlockDeletingService.java:call(138)) - Running DeletedBlockTransactionScanner
2019-09-12 09:26:53,693 [SCMBlockDeletingService#0] DEBUG block.SCMBlockDeletingService (SCMBlockDeletingService.java:call(155)) - Scanned deleted blocks log and got 3 delTX to process.
2019-09-12 09:26:53,693 [SCMBlockDeletingService#0] DEBUG block.SCMBlockDeletingService (SCMBlockDeletingService.java:call(171)) - Added delete block command for datanode b50d6464-f54a-40d1-9f81-f1c19654fd05 in the queue, number of delete block transactions: 3, TxID list: 1,2,3
2019-09-12 09:26:53,694 [SCMBlockDeletingService#0] INFO  block.SCMBlockDeletingService (SCMBlockDeletingService.java:call(182)) - Totally added 3 delete blocks command for 1 datanodes, task elapsed time: 1ms
2019-09-12 09:26:53,720 [pool-7-thread-1] INFO  commands.RetriableDatanodeEventWatcher (RetriableDatanodeEventWatcher.java:onTimeout(47)) - RetriableDatanodeCommand type=deleteBlocksCommand with id=1568280408314 timed out. Retrying.
2019-09-12 09:26:53,736 [pool-7-thread-1] INFO  commands.RetriableDatanodeEventWatcher (RetriableDatanodeEventWatcher.java:onTimeout(47)) - RetriableDatanodeCommand type=deleteBlocksCommand with id=1568280408324 timed out. Retrying.
2019-09-12 09:26:53,750 [pool-7-thread-1] INFO  commands.RetriableDatanodeEventWatcher (RetriableDatanodeEventWatcher.java:onTimeout(47)) - RetriableDatanodeCommand type=deleteBlocksCommand with id=1568280408334 timed out. Retrying.
2019-09-12 09:26:53,765 [pool-7-thread-1] INFO  commands.RetriableDatanodeEventWatcher (RetriableDatanodeEventWatcher.java:onTimeout(47)) - RetriableDatanodeCommand type=deleteBlocksCommand with id=1568280408344 timed out. Retrying.
2019-09-12 09:26:53,779 [pool-7-thread-1] INFO  commands.RetriableDatanodeEventWatcher (RetriableDatanodeEventWatcher.java:onTimeout(47)) - RetriableDatanodeCommand type=deleteBlocksCommand with id=1568280408354 timed out. Retrying.
2019-09-12 09:26:53,794 [SCMBlockDeletingService#0] DEBUG block.SCMBlockDeletingService (SCMBlockDeletingService.java:call(138)) - Running DeletedBlockTransactionScanner
2019-09-12 09:26:53,794 [SCMBlockDeletingService#0] DEBUG block.SCMBlockDeletingService (SCMBlockDeletingService.java:call(155)) - Scanned deleted blocks log and got 3 delTX to process.
2019-09-12 09:26:53,794 [SCMBlockDeletingService#0] DEBUG block.SCMBlockDeletingService (SCMBlockDeletingService.java:call(171)) - Added delete block command for datanode b50d6464-f54a-40d1-9f81-f1c19654fd05 in the queue, number of delete block transactions: 3, TxID list: 1,2,3
2019-09-12 09:26:53,795 [SCMBlockDeletingService#0] INFO  block.SCMBlockDeletingService (SCMBlockDeletingService.java:call(182)) - Totally added 3 delete blocks command for 1 datanodes, task elapsed time: 1ms
2019-09-12 09:26:53,822 [pool-7-thread-1] INFO  commands.RetriableDatanodeEventWatcher (RetriableDatanodeEventWatcher.java:onTimeout(47)) - RetriableDatanodeCommand type=deleteBlocksCommand with id=1568280408315 timed out. Retrying.
2019-09-12 09:26:53,836 [pool-7-thread-1] INFO  commands.RetriableDatanodeEventWatcher (RetriableDatanodeEventWatcher.java:onTimeout(47)) - RetriableDatanodeCommand type=deleteBlocksCommand with id=1568280408325 timed out. Retrying.
2019-09-12 09:26:53,852 [pool-7-thread-1] INFO  commands.RetriableDatanodeEventWatcher (RetriableDatanodeEventWatcher.java:onTimeout(47)) - RetriableDatanodeCommand type=deleteBlocksCommand with id=1568280408335 timed out. Retrying.
2019-09-12 09:26:53,866 [pool-7-thread-1] INFO  commands.RetriableDatanodeEventWatcher (RetriableDatanodeEventWatcher.java:onTimeout(47)) - RetriableDatanodeCommand type=deleteBlocksCommand with id=1568280408345 timed out. Retrying.
2019-09-12 09:26:53,881 [pool-7-thread-1] INFO  commands.RetriableDatanodeEventWatcher (RetriableDatanodeEventWatcher.java:onTimeout(47)) - RetriableDatanodeCommand type=deleteBlocksCommand with id=1568280408355 timed out. Retrying.
2019-09-12 09:26:53,895 [SCMBlockDeletingService#0] DEBUG block.SCMBlockDeletingService (SCMBlockDeletingService.java:call(138)) - Running DeletedBlockTransactionScanner
2019-09-12 09:26:53,895 [SCMBlockDeletingService#0] DEBUG block.SCMBlockDeletingService (SCMBlockDeletingService.java:call(155)) - Scanned deleted blocks log and got 3 delTX to process.
2019-09-12 09:26:53,895 [SCMBlockDeletingService#0] DEBUG block.SCMBlockDeletingService (SCMBlockDeletingService.java:call(171)) - Added delete block command for datanode b50d6464-f54a-40d1-9f81-f1c19654fd05 in the queue, number of delete block transactions: 3, TxID list: 1,2,3
2019-09-12 09:26:53,896 [SCMBlockDeletingService#0] INFO  block.SCMBlockDeletingService (SCMBlockDeletingService.java:call(182)) - Totally added 3 delete blocks command for 1 datanodes, task elapsed time: 0ms
2019-09-12 09:26:53,898 [main] INFO  ozone.MiniOzoneClusterImpl (MiniOzoneClusterImpl.java:lambda$waitForClusterToBeReady$0(140)) - Cluster is ready. Got 0 of 0 DN Heartbeats.
2019-09-12 09:26:53,903 [main] INFO  impl.MetricsSystemImpl (MetricsSystemImpl.java:init(158)) - HddsDatanode metrics system started (again)
2019-09-12 09:26:53,925 [pool-7-thread-1] INFO  commands.RetriableDatanodeEventWatcher (RetriableDatanodeEventWatcher.java:onTimeout(47)) - RetriableDatanodeCommand type=deleteBlocksCommand with id=1568280408316 timed out. Retrying.
2019-09-12 09:26:53,936 [pool-7-thread-1] INFO  commands.RetriableDatanodeEventWatcher (RetriableDatanodeEventWatcher.java:onTimeout(47)) - RetriableDatanodeCommand type=deleteBlocksCommand with id=1568280408326 timed out. Retrying.
2019-09-12 09:26:53,954 [pool-7-thread-1] INFO  commands.RetriableDatanodeEventWatcher (RetriableDatanodeEventWatcher.java:onTimeout(47)) - RetriableDatanodeCommand type=deleteBlocksCommand with id=1568280408336 timed out. Retrying.
2019-09-12 09:26:53,956 [main] INFO  ozone.HddsDatanodeService (HddsDatanodeService.java:start(184)) - HddsDatanodeService host:pr-hdds-2117-slf27-1599733614 ip:192.168.69.112
2019-09-12 09:26:53,960 [main] INFO  volume.VolumeUsage (VolumeUsage.java:loadScmUsed(144)) - Cached ScmUsed found for /workdir/hadoop-ozone/integration-test/target/test-dir/MiniOzoneClusterImpl-91ceb8d4-6dc6-4c84-835d-2cce6db9d776/datanode-0/data/containers : 4096 
2019-09-12 09:26:53,960 [main] INFO  volume.HddsVolume (HddsVolume.java:<init>(176)) - Creating Volume: /workdir/hadoop-ozone/integration-test/target/test-dir/MiniOzoneClusterImpl-91ceb8d4-6dc6-4c84-835d-2cce6db9d776/datanode-0/data/containers/hdds of  storage type : DISK and capacity : 1482555576320
2019-09-12 09:26:53,961 [main] INFO  volume.VolumeSet (VolumeSet.java:initializeVolumeSet(170)) - Added Volume : /workdir/hadoop-ozone/integration-test/target/test-dir/MiniOzoneClusterImpl-91ceb8d4-6dc6-4c84-835d-2cce6db9d776/datanode-0/data/containers/hdds to VolumeSet
2019-09-12 09:26:53,961 [main] INFO  volume.ThrottledAsyncChecker (ThrottledAsyncChecker.java:schedule(139)) - Scheduling a check for org.apache.hadoop.ozone.container.common.volume.HddsVolume@3dc95b8b
2019-09-12 09:26:53,962 [main] INFO  volume.HddsVolumeChecker (HddsVolumeChecker.java:checkAllVolumes(202)) - Scheduled health check for volume org.apache.hadoop.ozone.container.common.volume.HddsVolume@3dc95b8b
2019-09-12 09:26:53,969 [pool-7-thread-1] INFO  commands.RetriableDatanodeEventWatcher (RetriableDatanodeEventWatcher.java:onTimeout(47)) - RetriableDatanodeCommand type=deleteBlocksCommand with id=1568280408346 timed out. Retrying.
2019-09-12 09:26:53,983 [pool-7-thread-1] INFO  commands.RetriableDatanodeEventWatcher (RetriableDatanodeEventWatcher.java:onTimeout(47)) - RetriableDatanodeCommand type=deleteBlocksCommand with id=1568280408356 timed out. Retrying.
2019-09-12 09:26:53,996 [SCMBlockDeletingService#0] DEBUG block.SCMBlockDeletingService (SCMBlockDeletingService.java:call(138)) - Running DeletedBlockTransactionScanner
2019-09-12 09:26:53,996 [SCMBlockDeletingService#0] DEBUG block.SCMBlockDeletingService (SCMBlockDeletingService.java:call(155)) - Scanned deleted blocks log and got 3 delTX to process.
2019-09-12 09:26:53,997 [SCMBlockDeletingService#0] DEBUG block.SCMBlockDeletingService (SCMBlockDeletingService.java:call(171)) - Added delete block command for datanode b50d6464-f54a-40d1-9f81-f1c19654fd05 in the queue, number of delete block transactions: 3, TxID list: 1,2,3
2019-09-12 09:26:53,997 [SCMBlockDeletingService#0] INFO  block.SCMBlockDeletingService (SCMBlockDeletingService.java:call(182)) - Totally added 3 delete blocks command for 1 datanodes, task elapsed time: 0ms
2019-09-12 09:26:54,024 [pool-7-thread-1] INFO  commands.RetriableDatanodeEventWatcher (RetriableDatanodeEventWatcher.java:onTimeout(47)) - RetriableDatanodeCommand type=deleteBlocksCommand with id=1568280408317 timed out. Retrying.
2019-09-12 09:26:54,040 [pool-7-thread-1] INFO  commands.RetriableDatanodeEventWatcher (RetriableDatanodeEventWatcher.java:onTimeout(47)) - RetriableDatanodeCommand type=deleteBlocksCommand with id=1568280408327 timed out. Retrying.
2019-09-12 09:26:54,055 [pool-7-thread-1] INFO  commands.RetriableDatanodeEventWatcher (RetriableDatanodeEventWatcher.java:onTimeout(47)) - RetriableDatanodeCommand type=deleteBlocksCommand with id=1568280408337 timed out. Retrying.
2019-09-12 09:26:54,060 [main] INFO  impl.RaftServerProxy (ConfUtils.java:logGet(43)) - raft.rpc.type = GRPC (default)
2019-09-12 09:26:54,060 [main] INFO  grpc.GrpcFactory (GrpcFactory.java:checkPooledByteBufAllocatorUseCacheForAllThreads(45)) - PERFORMANCE WARNING: useCacheForAllThreads is true that may cause Netty to create a lot garbage objects and, as a result, trigger GC.
	It is recommended to disable useCacheForAllThreads by setting -Dorg.apache.ratis.thirdparty.io.netty.allocator.useCacheForAllThreads=false in command line.
2019-09-12 09:26:54,061 [main] INFO  grpc.GrpcConfigKeys$Server (ConfUtils.java:logGet(43)) - raft.grpc.server.port = 45986 (custom)
2019-09-12 09:26:54,061 [main] INFO  server.GrpcService (ConfUtils.java:logGet(43)) - raft.grpc.message.size.max = 33570816 (custom)
2019-09-12 09:26:54,061 [main] INFO  server.RaftServerConfigKeys (ConfUtils.java:logGet(43)) - raft.server.log.appender.buffer.byte-limit = 33554432 (custom)
2019-09-12 09:26:54,062 [main] INFO  server.GrpcService (ConfUtils.java:logGet(43)) - raft.grpc.flow.control.window = 1MB (=1048576) (default)
2019-09-12 09:26:54,062 [main] INFO  server.RaftServerConfigKeys (ConfUtils.java:logGet(43)) - raft.server.rpc.request.timeout = 3000ms (default)
2019-09-12 09:26:54,063 [main] INFO  server.RaftServerConfigKeys (ConfUtils.java:logGet(43)) - raft.server.storage.dir = [/workdir/hadoop-ozone/integration-test/target/test-dir/MiniOzoneClusterImpl-91ceb8d4-6dc6-4c84-835d-2cce6db9d776/datanode-0/data/ratis] (custom)
2019-09-12 09:26:54,063 [main] INFO  impl.RaftServerProxy (RaftServerProxy.java:lambda$null$0(191)) - b50d6464-f54a-40d1-9f81-f1c19654fd05: found a subdirectory /workdir/hadoop-ozone/integration-test/target/test-dir/MiniOzoneClusterImpl-91ceb8d4-6dc6-4c84-835d-2cce6db9d776/datanode-0/data/ratis/6602e0f3-b3f6-4d5c-8eba-1f53027f28e3
2019-09-12 09:26:54,065 [main] INFO  impl.RaftServerProxy (RaftServerProxy.java:addNew(89)) - b50d6464-f54a-40d1-9f81-f1c19654fd05: addNew group-1F53027F28E3:[] returns group-1F53027F28E3:java.util.concurrent.CompletableFuture@1c7350b0[Not completed]
2019-09-12 09:26:54,068 [main] INFO  hdfs.DFSUtil (DFSUtil.java:httpServerTemplateForNNAndJN(1641)) - Starting Web-server for hddsDatanode at: http://0.0.0.0:34559
2019-09-12 09:26:54,069 [pool-592-thread-1] INFO  impl.RaftServerImpl (RaftServerImpl.java:<init>(95)) - b50d6464-f54a-40d1-9f81-f1c19654fd05: new RaftServerImpl for group-1F53027F28E3:[] with ContainerStateMachine:uninitialized
2019-09-12 09:26:54,069 [pool-592-thread-1] INFO  server.RaftServerConfigKeys (ConfUtils.java:logGet(43)) - raft.server.rpc.timeout.min = 5s (custom)
2019-09-12 09:26:54,070 [pool-7-thread-1] INFO  commands.RetriableDatanodeEventWatcher (ConfUtils.java:logGet(43)) - raft.server.rpc.timeout.max = 5200ms (custom)
2019-09-12 09:26:54,070 [pool-7-thread-1] INFO  commands.RetriableDatanodeEventWatcher (RetriableDatanodeEventWatcher.java:onTimeout(47)) - RetriableDatanodeCommand type=deleteBlocksCommand with id=1568280408347 timed out. Retrying.
2019-09-12 09:26:54,070 [pool-592-thread-1] INFO  server.RaftServerConfigKeys (ConfUtils.java:logGet(43)) - raft.server.rpcslowness.timeout = 120s (custom)
2019-09-12 09:26:54,070 [pool-592-thread-1] INFO  server.RaftServerConfigKeys (ConfUtils.java:logGet(43)) - raft.server.sleep.deviation.threshold = 300 (default)
2019-09-12 09:26:54,070 [pool-592-thread-1] INFO  server.RaftServerConfigKeys (ConfUtils.java:logGet(43)) - raft.server.log.appender.install.snapshot.enabled = false (custom)
2019-09-12 09:26:54,070 [pool-592-thread-1] INFO  impl.RaftServerImpl (ServerState.java:<init>(103)) - b50d6464-f54a-40d1-9f81-f1c19654fd05@group-1F53027F28E3: ConfigurationManager, init=-1: [], old=null, confs=<EMPTY_MAP>
2019-09-12 09:26:54,070 [pool-592-thread-1] INFO  server.RaftServerConfigKeys (ConfUtils.java:logGet(43)) - raft.server.storage.dir = [/workdir/hadoop-ozone/integration-test/target/test-dir/MiniOzoneClusterImpl-91ceb8d4-6dc6-4c84-835d-2cce6db9d776/datanode-0/data/ratis] (custom)
2019-09-12 09:26:54,071 [main] INFO  server.AuthenticationFilter (AuthenticationFilter.java:constructSecretProvider(240)) - Unable to initialize FileSignerSecretProvider, falling back to use random secrets.
2019-09-12 09:26:54,072 [main] WARN  http.HttpRequestLog (HttpRequestLog.java:getRequestLog(97)) - Jetty request log can only be enabled using Log4j
2019-09-12 09:26:54,074 [main] INFO  http.HttpServer2 (HttpServer2.java:addGlobalFilter(975)) - Added global filter 'safety' (class=org.apache.hadoop.http.HttpServer2$QuotingInputFilter)
2019-09-12 09:26:54,074 [main] INFO  http.HttpServer2 (HttpServer2.java:addFilter(948)) - Added filter static_user_filter (class=org.apache.hadoop.http.lib.StaticUserWebFilter$StaticUserFilter) to context hddsDatanode
2019-09-12 09:26:54,074 [main] INFO  http.HttpServer2 (HttpServer2.java:addFilter(958)) - Added filter static_user_filter (class=org.apache.hadoop.http.lib.StaticUserWebFilter$StaticUserFilter) to context logs
2019-09-12 09:26:54,074 [main] INFO  http.HttpServer2 (HttpServer2.java:addFilter(958)) - Added filter static_user_filter (class=org.apache.hadoop.http.lib.StaticUserWebFilter$StaticUserFilter) to context static
2019-09-12 09:26:54,075 [main] INFO  http.HttpServer2 (HttpServer2.java:bindListener(1191)) - Jetty bound to port 34559
2019-09-12 09:26:54,075 [main] INFO  server.Server (Server.java:doStart(351)) - jetty-9.3.24.v20180605, build timestamp: 2018-06-05T17:11:56Z, git hash: 84205aa28f11a4f31f2a3b86d1bba2cc8ab69827
2019-09-12 09:26:54,077 [main] INFO  handler.ContextHandler (ContextHandler.java:doStart(781)) - Started o.e.j.s.ServletContextHandler@43bdaa1b{/logs,file:///workdir/hadoop-ozone/integration-test/target/log,AVAILABLE}
2019-09-12 09:26:54,078 [main] INFO  handler.ContextHandler (ContextHandler.java:doStart(781)) - Started o.e.j.s.ServletContextHandler@75e09567{/static,jar:file:/home/user/.m2/repository/org/apache/hadoop/hadoop-hdds-container-service/0.5.0-SNAPSHOT/hadoop-hdds-container-service-0.5.0-SNAPSHOT.jar!/webapps/static,AVAILABLE}
2019-09-12 09:26:54,083 [pool-7-thread-1] INFO  commands.RetriableDatanodeEventWatcher (RetriableDatanodeEventWatcher.java:onTimeout(47)) - RetriableDatanodeCommand type=deleteBlocksCommand with id=1568280408357 timed out. Retrying.
2019-09-12 09:26:54,097 [SCMBlockDeletingService#0] DEBUG block.SCMBlockDeletingService (SCMBlockDeletingService.java:call(138)) - Running DeletedBlockTransactionScanner
2019-09-12 09:26:54,098 [SCMBlockDeletingService#0] DEBUG block.SCMBlockDeletingService (SCMBlockDeletingService.java:call(155)) - Scanned deleted blocks log and got 3 delTX to process.
2019-09-12 09:26:54,098 [SCMBlockDeletingService#0] DEBUG block.SCMBlockDeletingService (SCMBlockDeletingService.java:call(171)) - Added delete block command for datanode b50d6464-f54a-40d1-9f81-f1c19654fd05 in the queue, number of delete block transactions: 3, TxID list: 1,2,3
2019-09-12 09:26:54,098 [SCMBlockDeletingService#0] INFO  block.SCMBlockDeletingService (SCMBlockDeletingService.java:call(182)) - Totally added 3 delete blocks command for 1 datanodes, task elapsed time: 1ms
2019-09-12 09:26:54,109 [main] INFO  handler.ContextHandler (ContextHandler.java:doStart(781)) - Started o.e.j.w.WebAppContext@60d6fdd4{/,file:///tmp/jetty-0.0.0.0-34559-hddsDatanode-_-any-3233638739658165733.dir/webapp/,AVAILABLE}{/hddsDatanode}
2019-09-12 09:26:54,110 [main] INFO  server.AbstractConnector (AbstractConnector.java:doStart(278)) - Started ServerConnector@66f28a1f{HTTP/1.1,[http/1.1]}{0.0.0.0:34559}
2019-09-12 09:26:54,111 [main] INFO  server.Server (Server.java:doStart(419)) - Started @77228ms
2019-09-12 09:26:54,111 [main] WARN  impl.MetricsSystemImpl (MetricsSystemImpl.java:register(276)) - Sink prometheus already exists!
2019-09-12 09:26:54,112 [main] INFO  server.BaseHttpServer (BaseHttpServer.java:updateConnectorAddress(215)) - HTTP server of HDDSDATANODE is listening at http://0.0.0.0:34559
2019-09-12 09:26:54,113 [main] INFO  ozone.MiniOzoneClusterImpl (MiniOzoneClusterImpl.java:lambda$waitForClusterToBeReady$0(140)) - Waiting for cluster to be ready. Got 0 of 1 DN Heartbeats.
2019-09-12 09:26:54,114 [org.apache.hadoop.util.JvmPauseMonitor$Monitor@58372ad4] INFO  util.JvmPauseMonitor (JvmPauseMonitor.java:run(188)) - Starting JVM pause monitor
2019-09-12 09:26:54,128 [pool-7-thread-1] INFO  commands.RetriableDatanodeEventWatcher (RetriableDatanodeEventWatcher.java:onTimeout(47)) - RetriableDatanodeCommand type=deleteBlocksCommand with id=1568280408318 timed out. Retrying.
2019-09-12 09:26:54,141 [pool-7-thread-1] INFO  commands.RetriableDatanodeEventWatcher (RetriableDatanodeEventWatcher.java:onTimeout(47)) - RetriableDatanodeCommand type=deleteBlocksCommand with id=1568280408328 timed out. Retrying.
2019-09-12 09:26:54,156 [pool-7-thread-1] INFO  commands.RetriableDatanodeEventWatcher (RetriableDatanodeEventWatcher.java:onTimeout(47)) - RetriableDatanodeCommand type=deleteBlocksCommand with id=1568280408338 timed out. Retrying.
2019-09-12 09:26:54,172 [pool-7-thread-1] INFO  commands.RetriableDatanodeEventWatcher (RetriableDatanodeEventWatcher.java:onTimeout(47)) - RetriableDatanodeCommand type=deleteBlocksCommand with id=1568280408348 timed out. Retrying.
2019-09-12 09:26:54,185 [pool-7-thread-1] INFO  commands.RetriableDatanodeEventWatcher (RetriableDatanodeEventWatcher.java:onTimeout(47)) - RetriableDatanodeCommand type=deleteBlocksCommand with id=1568280408358 timed out. Retrying.
2019-09-12 09:26:54,198 [SCMBlockDeletingService#1] DEBUG block.SCMBlockDeletingService (SCMBlockDeletingService.java:call(138)) - Running DeletedBlockTransactionScanner
2019-09-12 09:26:54,199 [SCMBlockDeletingService#1] DEBUG block.SCMBlockDeletingService (SCMBlockDeletingService.java:call(155)) - Scanned deleted blocks log and got 3 delTX to process.
2019-09-12 09:26:54,199 [SCMBlockDeletingService#1] DEBUG block.SCMBlockDeletingService (SCMBlockDeletingService.java:call(171)) - Added delete block command for datanode b50d6464-f54a-40d1-9f81-f1c19654fd05 in the queue, number of delete block transactions: 3, TxID list: 1,2,3
2019-09-12 09:26:54,200 [SCMBlockDeletingService#1] INFO  block.SCMBlockDeletingService (SCMBlockDeletingService.java:call(182)) - Totally added 3 delete blocks command for 1 datanodes, task elapsed time: 1ms
2019-09-12 09:26:54,228 [pool-7-thread-1] INFO  commands.RetriableDatanodeEventWatcher (RetriableDatanodeEventWatcher.java:onTimeout(47)) - RetriableDatanodeCommand type=deleteBlocksCommand with id=1568280408319 timed out. Retrying.
2019-09-12 09:26:54,242 [pool-7-thread-1] INFO  commands.RetriableDatanodeEventWatcher (RetriableDatanodeEventWatcher.java:onTimeout(47)) - RetriableDatanodeCommand type=deleteBlocksCommand with id=1568280408329 timed out. Retrying.
2019-09-12 09:26:54,259 [pool-7-thread-1] INFO  commands.RetriableDatanodeEventWatcher (RetriableDatanodeEventWatcher.java:onTimeout(47)) - RetriableDatanodeCommand type=deleteBlocksCommand with id=1568280408339 timed out. Retrying.
2019-09-12 09:26:54,272 [pool-7-thread-1] INFO  commands.RetriableDatanodeEventWatcher (RetriableDatanodeEventWatcher.java:onTimeout(47)) - RetriableDatanodeCommand type=deleteBlocksCommand with id=1568280408349 timed out. Retrying.
2019-09-12 09:26:54,287 [pool-7-thread-1] INFO  commands.RetriableDatanodeEventWatcher (RetriableDatanodeEventWatcher.java:onTimeout(47)) - RetriableDatanodeCommand type=deleteBlocksCommand with id=1568280408359 timed out. Retrying.
2019-09-12 09:26:54,300 [SCMBlockDeletingService#0] DEBUG block.SCMBlockDeletingService (SCMBlockDeletingService.java:call(138)) - Running DeletedBlockTransactionScanner
2019-09-12 09:26:54,300 [SCMBlockDeletingService#0] DEBUG block.SCMBlockDeletingService (SCMBlockDeletingService.java:call(155)) - Scanned deleted blocks log and got 3 delTX to process.
2019-09-12 09:26:54,301 [SCMBlockDeletingService#0] DEBUG block.SCMBlockDeletingService (SCMBlockDeletingService.java:call(171)) - Added delete block command for datanode b50d6464-f54a-40d1-9f81-f1c19654fd05 in the queue, number of delete block transactions: 3, TxID list: 1,2,3
2019-09-12 09:26:54,301 [SCMBlockDeletingService#0] INFO  block.SCMBlockDeletingService (SCMBlockDeletingService.java:call(182)) - Totally added 3 delete blocks command for 1 datanodes, task elapsed time: 0ms
2019-09-12 09:26:54,315 [pool-7-thread-1] INFO  commands.RetriableDatanodeEventWatcher (RetriableDatanodeEventWatcher.java:onTimeout(47)) - RetriableDatanodeCommand type=deleteBlocksCommand with id=1568280408310 timed out. Retrying.
2019-09-12 09:26:54,329 [pool-7-thread-1] INFO  commands.RetriableDatanodeEventWatcher (RetriableDatanodeEventWatcher.java:onTimeout(47)) - RetriableDatanodeCommand type=deleteBlocksCommand with id=1568280408320 timed out. Retrying.
2019-09-12 09:26:54,346 [pool-7-thread-1] INFO  commands.RetriableDatanodeEventWatcher (RetriableDatanodeEventWatcher.java:onTimeout(47)) - RetriableDatanodeCommand type=deleteBlocksCommand with id=1568280408330 timed out. Retrying.
2019-09-12 09:26:54,360 [pool-7-thread-1] INFO  commands.RetriableDatanodeEventWatcher (RetriableDatanodeEventWatcher.java:onTimeout(47)) - RetriableDatanodeCommand type=deleteBlocksCommand with id=1568280408340 timed out. Retrying.
2019-09-12 09:26:54,375 [pool-7-thread-1] INFO  commands.RetriableDatanodeEventWatcher (RetriableDatanodeEventWatcher.java:onTimeout(47)) - RetriableDatanodeCommand type=deleteBlocksCommand with id=1568280408350 timed out. Retrying.
2019-09-12 09:26:54,388 [pool-7-thread-1] INFO  commands.RetriableDatanodeEventWatcher (RetriableDatanodeEventWatcher.java:onTimeout(47)) - RetriableDatanodeCommand type=deleteBlocksCommand with id=1568280408360 timed out. Retrying.
2019-09-12 09:26:54,401 [SCMBlockDeletingService#0] DEBUG block.SCMBlockDeletingService (SCMBlockDeletingService.java:call(138)) - Running DeletedBlockTransactionScanner
2019-09-12 09:26:54,401 [SCMBlockDeletingService#0] DEBUG block.SCMBlockDeletingService (SCMBlockDeletingService.java:call(155)) - Scanned deleted blocks log and got 3 delTX to process.
2019-09-12 09:26:54,402 [SCMBlockDeletingService#0] DEBUG block.SCMBlockDeletingService (SCMBlockDeletingService.java:call(171)) - Added delete block command for datanode b50d6464-f54a-40d1-9f81-f1c19654fd05 in the queue, number of delete block transactions: 3, TxID list: 1,2,3
2019-09-12 09:26:54,402 [SCMBlockDeletingService#0] INFO  block.SCMBlockDeletingService (SCMBlockDeletingService.java:call(182)) - Totally added 3 delete blocks command for 1 datanodes, task elapsed time: 1ms
2019-09-12 09:26:54,419 [pool-7-thread-1] INFO  commands.RetriableDatanodeEventWatcher (RetriableDatanodeEventWatcher.java:onTimeout(47)) - RetriableDatanodeCommand type=deleteBlocksCommand with id=1568280408311 timed out. Retrying.
2019-09-12 09:26:54,431 [pool-7-thread-1] INFO  commands.RetriableDatanodeEventWatcher (RetriableDatanodeEventWatcher.java:onTimeout(47)) - RetriableDatanodeCommand type=deleteBlocksCommand with id=1568280408321 timed out. Retrying.
2019-09-12 09:26:54,447 [pool-7-thread-1] INFO  commands.RetriableDatanodeEventWatcher (RetriableDatanodeEventWatcher.java:onTimeout(47)) - RetriableDatanodeCommand type=deleteBlocksCommand with id=1568280408331 timed out. Retrying.
2019-09-12 09:26:54,460 [pool-7-thread-1] INFO  commands.RetriableDatanodeEventWatcher (RetriableDatanodeEventWatcher.java:onTimeout(47)) - RetriableDatanodeCommand type=deleteBlocksCommand with id=1568280408341 timed out. Retrying.
2019-09-12 09:26:54,476 [pool-7-thread-1] INFO  commands.RetriableDatanodeEventWatcher (RetriableDatanodeEventWatcher.java:onTimeout(47)) - RetriableDatanodeCommand type=deleteBlocksCommand with id=1568280408351 timed out. Retrying.
2019-09-12 09:26:54,491 [pool-7-thread-1] INFO  commands.RetriableDatanodeEventWatcher (RetriableDatanodeEventWatcher.java:onTimeout(47)) - RetriableDatanodeCommand type=deleteBlocksCommand with id=1568280408361 timed out. Retrying.
2019-09-12 09:26:54,502 [SCMBlockDeletingService#0] DEBUG block.SCMBlockDeletingService (SCMBlockDeletingService.java:call(138)) - Running DeletedBlockTransactionScanner
2019-09-12 09:26:54,503 [SCMBlockDeletingService#0] DEBUG block.SCMBlockDeletingService (SCMBlockDeletingService.java:call(155)) - Scanned deleted blocks log and got 3 delTX to process.
2019-09-12 09:26:54,503 [SCMBlockDeletingService#0] DEBUG block.SCMBlockDeletingService (SCMBlockDeletingService.java:call(171)) - Added delete block command for datanode b50d6464-f54a-40d1-9f81-f1c19654fd05 in the queue, number of delete block transactions: 3, TxID list: 1,2,3
2019-09-12 09:26:54,503 [SCMBlockDeletingService#0] INFO  block.SCMBlockDeletingService (SCMBlockDeletingService.java:call(182)) - Totally added 3 delete blocks command for 1 datanodes, task elapsed time: 1ms
2019-09-12 09:26:54,518 [pool-7-thread-1] INFO  commands.RetriableDatanodeEventWatcher (RetriableDatanodeEventWatcher.java:onTimeout(47)) - RetriableDatanodeCommand type=deleteBlocksCommand with id=1568280408312 timed out. Retrying.
2019-09-12 09:26:54,534 [pool-7-thread-1] INFO  commands.RetriableDatanodeEventWatcher (RetriableDatanodeEventWatcher.java:onTimeout(47)) - RetriableDatanodeCommand type=deleteBlocksCommand with id=1568280408322 timed out. Retrying.
2019-09-12 09:26:54,547 [pool-7-thread-1] INFO  commands.RetriableDatanodeEventWatcher (RetriableDatanodeEventWatcher.java:onTimeout(47)) - RetriableDatanodeCommand type=deleteBlocksCommand with id=1568280408332 timed out. Retrying.
2019-09-12 09:26:54,564 [pool-7-thread-1] INFO  commands.RetriableDatanodeEventWatcher (RetriableDatanodeEventWatcher.java:onTimeout(47)) - RetriableDatanodeCommand type=deleteBlocksCommand with id=1568280408342 timed out. Retrying.
2019-09-12 09:26:54,577 [pool-7-thread-1] INFO  commands.RetriableDatanodeEventWatcher (RetriableDatanodeEventWatcher.java:onTimeout(47)) - RetriableDatanodeCommand type=deleteBlocksCommand with id=1568280408352 timed out. Retrying.
2019-09-12 09:26:54,593 [pool-7-thread-1] INFO  commands.RetriableDatanodeEventWatcher (RetriableDatanodeEventWatcher.java:onTimeout(47)) - RetriableDatanodeCommand type=deleteBlocksCommand with id=1568280408362 timed out. Retrying.
2019-09-12 09:26:54,603 [SCMBlockDeletingService#0] DEBUG block.SCMBlockDeletingService (SCMBlockDeletingService.java:call(138)) - Running DeletedBlockTransactionScanner
2019-09-12 09:26:54,603 [SCMBlockDeletingService#0] DEBUG block.SCMBlockDeletingService (SCMBlockDeletingService.java:call(155)) - Scanned deleted blocks log and got 3 delTX to process.
2019-09-12 09:26:54,604 [SCMBlockDeletingService#0] DEBUG block.SCMBlockDeletingService (SCMBlockDeletingService.java:call(171)) - Added delete block command for datanode b50d6464-f54a-40d1-9f81-f1c19654fd05 in the queue, number of delete block transactions: 3, TxID list: 1,2,3
2019-09-12 09:26:54,604 [SCMBlockDeletingService#0] INFO  block.SCMBlockDeletingService (SCMBlockDeletingService.java:call(182)) - Totally added 3 delete blocks command for 1 datanodes, task elapsed time: 0ms
2019-09-12 09:26:54,619 [pool-7-thread-1] INFO  commands.RetriableDatanodeEventWatcher (RetriableDatanodeEventWatcher.java:onTimeout(47)) - RetriableDatanodeCommand type=deleteBlocksCommand with id=1568280408313 timed out. Retrying.
2019-09-12 09:26:54,635 [pool-7-thread-1] INFO  commands.RetriableDatanodeEventWatcher (RetriableDatanodeEventWatcher.java:onTimeout(47)) - RetriableDatanodeCommand type=deleteBlocksCommand with id=1568280408323 timed out. Retrying.
2019-09-12 09:26:54,648 [pool-7-thread-1] INFO  commands.RetriableDatanodeEventWatcher (RetriableDatanodeEventWatcher.java:onTimeout(47)) - RetriableDatanodeCommand type=deleteBlocksCommand with id=1568280408333 timed out. Retrying.
2019-09-12 09:26:54,666 [pool-7-thread-1] INFO  commands.RetriableDatanodeEventWatcher (RetriableDatanodeEventWatcher.java:onTimeout(47)) - RetriableDatanodeCommand type=deleteBlocksCommand with id=1568280408343 timed out. Retrying.
2019-09-12 09:26:54,680 [pool-7-thread-1] INFO  commands.RetriableDatanodeEventWatcher (RetriableDatanodeEventWatcher.java:onTimeout(47)) - RetriableDatanodeCommand type=deleteBlocksCommand with id=1568280408353 timed out. Retrying.
2019-09-12 09:26:54,693 [pool-7-thread-1] INFO  commands.RetriableDatanodeEventWatcher (RetriableDatanodeEventWatcher.java:onTimeout(47)) - RetriableDatanodeCommand type=deleteBlocksCommand with id=1568280408363 timed out. Retrying.
2019-09-12 09:26:54,704 [SCMBlockDeletingService#0] DEBUG block.SCMBlockDeletingService (SCMBlockDeletingService.java:call(138)) - Running DeletedBlockTransactionScanner
2019-09-12 09:26:54,704 [SCMBlockDeletingService#0] DEBUG block.SCMBlockDeletingService (SCMBlockDeletingService.java:call(155)) - Scanned deleted blocks log and got 3 delTX to process.
2019-09-12 09:26:54,704 [SCMBlockDeletingService#0] DEBUG block.SCMBlockDeletingService (SCMBlockDeletingService.java:call(171)) - Added delete block command for datanode b50d6464-f54a-40d1-9f81-f1c19654fd05 in the queue, number of delete block transactions: 3, TxID list: 1,2,3
2019-09-12 09:26:54,721 [pool-7-thread-1] INFO  commands.RetriableDatanodeEventWatcher (RetriableDatanodeEventWatcher.java:onTimeout(47)) - RetriableDatanodeCommand type=deleteBlocksCommand with id=1568280408314 timed out. Retrying.
2019-09-12 09:26:54,736 [pool-7-thread-1] INFO  commands.RetriableDatanodeEventWatcher (RetriableDatanodeEventWatcher.java:onTimeout(47)) - RetriableDatanodeCommand type=deleteBlocksCommand with id=1568280408324 timed out. Retrying.
2019-09-12 09:26:54,751 [pool-7-thread-1] INFO  commands.RetriableDatanodeEventWatcher (RetriableDatanodeEventWatcher.java:onTimeout(47)) - RetriableDatanodeCommand type=deleteBlocksCommand with id=1568280408334 timed out. Retrying.
2019-09-12 09:26:54,765 [pool-7-thread-1] INFO  commands.RetriableDatanodeEventWatcher (RetriableDatanodeEventWatcher.java:onTimeout(47)) - RetriableDatanodeCommand type=deleteBlocksCommand with id=1568280408344 timed out. Retrying.
2019-09-12 09:26:54,768 [SCMBlockDeletingService#0] INFO  block.SCMBlockDeletingService (SCMBlockDeletingService.java:call(182)) - Totally added 3 delete blocks command for 1 datanodes, task elapsed time: 64ms
2019-09-12 09:26:54,780 [pool-7-thread-1] INFO  commands.RetriableDatanodeEventWatcher (RetriableDatanodeEventWatcher.java:onTimeout(47)) - RetriableDatanodeCommand type=deleteBlocksCommand with id=1568280408354 timed out. Retrying.
2019-09-12 09:26:54,795 [pool-7-thread-1] INFO  commands.RetriableDatanodeEventWatcher (RetriableDatanodeEventWatcher.java:onTimeout(47)) - RetriableDatanodeCommand type=deleteBlocksCommand with id=1568280408364 timed out. Retrying.
2019-09-12 09:26:54,823 [pool-7-thread-1] INFO  commands.RetriableDatanodeEventWatcher (RetriableDatanodeEventWatcher.java:onTimeout(47)) - RetriableDatanodeCommand type=deleteBlocksCommand with id=1568280408315 timed out. Retrying.
2019-09-12 09:26:54,837 [pool-7-thread-1] INFO  commands.RetriableDatanodeEventWatcher (RetriableDatanodeEventWatcher.java:onTimeout(47)) - RetriableDatanodeCommand type=deleteBlocksCommand with id=1568280408325 timed out. Retrying.
2019-09-12 09:26:54,853 [pool-7-thread-1] INFO  commands.RetriableDatanodeEventWatcher (RetriableDatanodeEventWatcher.java:onTimeout(47)) - RetriableDatanodeCommand type=deleteBlocksCommand with id=1568280408335 timed out. Retrying.
2019-09-12 09:26:54,867 [pool-7-thread-1] INFO  commands.RetriableDatanodeEventWatcher (RetriableDatanodeEventWatcher.java:onTimeout(47)) - RetriableDatanodeCommand type=deleteBlocksCommand with id=1568280408345 timed out. Retrying.
2019-09-12 09:26:54,868 [SCMBlockDeletingService#0] DEBUG block.SCMBlockDeletingService (SCMBlockDeletingService.java:call(138)) - Running DeletedBlockTransactionScanner
2019-09-12 09:26:54,869 [SCMBlockDeletingService#0] DEBUG block.SCMBlockDeletingService (SCMBlockDeletingService.java:call(155)) - Scanned deleted blocks log and got 3 delTX to process.
2019-09-12 09:26:54,869 [SCMBlockDeletingService#0] DEBUG block.SCMBlockDeletingService (SCMBlockDeletingService.java:call(171)) - Added delete block command for datanode b50d6464-f54a-40d1-9f81-f1c19654fd05 in the queue, number of delete block transactions: 3, TxID list: 1,2,3
2019-09-12 09:26:54,869 [SCMBlockDeletingService#0] INFO  block.SCMBlockDeletingService (SCMBlockDeletingService.java:call(182)) - Totally added 3 delete blocks command for 1 datanodes, task elapsed time: 1ms
2019-09-12 09:26:54,882 [pool-7-thread-1] INFO  commands.RetriableDatanodeEventWatcher (RetriableDatanodeEventWatcher.java:onTimeout(47)) - RetriableDatanodeCommand type=deleteBlocksCommand with id=1568280408355 timed out. Retrying.
2019-09-12 09:26:54,896 [pool-7-thread-1] INFO  commands.RetriableDatanodeEventWatcher (RetriableDatanodeEventWatcher.java:onTimeout(47)) - RetriableDatanodeCommand type=deleteBlocksCommand with id=1568280408365 timed out. Retrying.
2019-09-12 09:26:54,925 [pool-7-thread-1] INFO  commands.RetriableDatanodeEventWatcher (RetriableDatanodeEventWatcher.java:onTimeout(47)) - RetriableDatanodeCommand type=deleteBlocksCommand with id=1568280408316 timed out. Retrying.
2019-09-12 09:26:54,937 [pool-7-thread-1] INFO  commands.RetriableDatanodeEventWatcher (RetriableDatanodeEventWatcher.java:onTimeout(47)) - RetriableDatanodeCommand type=deleteBlocksCommand with id=1568280408326 timed out. Retrying.
2019-09-12 09:26:54,955 [pool-7-thread-1] INFO  commands.RetriableDatanodeEventWatcher (RetriableDatanodeEventWatcher.java:onTimeout(47)) - RetriableDatanodeCommand type=deleteBlocksCommand with id=1568280408336 timed out. Retrying.
2019-09-12 09:26:54,969 [SCMBlockDeletingService#0] DEBUG block.SCMBlockDeletingService (RetriableDatanodeEventWatcher.java:onTimeout(47)) - RetriableDatanodeCommand type=deleteBlocksCommand with id=1568280408346 timed out. Retrying.
SCMBlockDeletingService.java:call(138)) - Running DeletedBlockTransactionScanner
2019-09-12 09:26:54,969 [pool-7-thread-1] INFO  commands.RetriableDatanodeEventWatcher (RetriableDatanodeEventWatcher.java:onTimeout(47)) - RetriableDatanodeCommand type=deleteBlocksCommand with id=1568280408346 timed out. Retrying.
2019-09-12 09:26:54,970 [SCMBlockDeletingService#0] DEBUG block.SCMBlockDeletingService (SCMBlockDeletingService.java:call(155)) - Scanned deleted blocks log and got 3 delTX to process.
2019-09-12 09:26:54,970 [SCMBlockDeletingService#0] DEBUG block.SCMBlockDeletingService (SCMBlockDeletingService.java:call(171)) - Added delete block command for datanode b50d6464-f54a-40d1-9f81-f1c19654fd05 in the queue, number of delete block transactions: 3, TxID list: 1,2,3
2019-09-12 09:26:54,970 [SCMBlockDeletingService#0] INFO  block.SCMBlockDeletingService (SCMBlockDeletingService.java:call(182)) - Totally added 3 delete blocks command for 1 datanodes, task elapsed time: 1ms
2019-09-12 09:26:54,983 [pool-7-thread-1] INFO  commands.RetriableDatanodeEventWatcher (RetriableDatanodeEventWatcher.java:onTimeout(47)) - RetriableDatanodeCommand type=deleteBlocksCommand with id=1568280408356 timed out. Retrying.
2019-09-12 09:26:54,997 [pool-7-thread-1] INFO  commands.RetriableDatanodeEventWatcher (RetriableDatanodeEventWatcher.java:onTimeout(47)) - RetriableDatanodeCommand type=deleteBlocksCommand with id=1568280408366 timed out. Retrying.
2019-09-12 09:26:55,024 [pool-7-thread-1] INFO  commands.RetriableDatanodeEventWatcher (RetriableDatanodeEventWatcher.java:onTimeout(47)) - RetriableDatanodeCommand type=deleteBlocksCommand with id=1568280408317 timed out. Retrying.
2019-09-12 09:26:55,041 [pool-7-thread-1] INFO  commands.RetriableDatanodeEventWatcher (RetriableDatanodeEventWatcher.java:onTimeout(47)) - RetriableDatanodeCommand type=deleteBlocksCommand with id=1568280408327 timed out. Retrying.
2019-09-12 09:26:55,055 [pool-7-thread-1] INFO  commands.RetriableDatanodeEventWatcher (RetriableDatanodeEventWatcher.java:onTimeout(47)) - RetriableDatanodeCommand type=deleteBlocksCommand with id=1568280408337 timed out. Retrying.
2019-09-12 09:26:55,070 [pool-7-thread-1] INFO  commands.RetriableDatanodeEventWatcher (RetriableDatanodeEventWatcher.java:onTimeout(47)) - RetriableDatanodeCommand type=deleteBlocksCommand with id=1568280408347 timed out. Retrying.
2019-09-12 09:26:55,071 [SCMBlockDeletingService#0] DEBUG block.SCMBlockDeletingService (SCMBlockDeletingService.java:call(138)) - Running DeletedBlockTransactionScanner
2019-09-12 09:26:55,071 [SCMBlockDeletingService#0] DEBUG block.SCMBlockDeletingService (SCMBlockDeletingService.java:call(155)) - Scanned deleted blocks log and got 3 delTX to process.
2019-09-12 09:26:55,071 [SCMBlockDeletingService#0] DEBUG block.SCMBlockDeletingService (SCMBlockDeletingService.java:call(171)) - Added delete block command for datanode b50d6464-f54a-40d1-9f81-f1c19654fd05 in the queue, number of delete block transactions: 3, TxID list: 1,2,3
2019-09-12 09:26:55,071 [SCMBlockDeletingService#0] INFO  block.SCMBlockDeletingService (SCMBlockDeletingService.java:call(182)) - Totally added 3 delete blocks command for 1 datanodes, task elapsed time: 1ms
2019-09-12 09:26:55,083 [pool-7-thread-1] INFO  commands.RetriableDatanodeEventWatcher (RetriableDatanodeEventWatcher.java:onTimeout(47)) - RetriableDatanodeCommand type=deleteBlocksCommand with id=1568280408357 timed out. Retrying.
2019-09-12 09:26:55,098 [pool-7-thread-1] INFO  commands.RetriableDatanodeEventWatcher (RetriableDatanodeEventWatcher.java:onTimeout(47)) - RetriableDatanodeCommand type=deleteBlocksCommand with id=1568280408367 timed out. Retrying.
2019-09-12 09:26:55,113 [main] INFO  ozone.MiniOzoneClusterImpl (MiniOzoneClusterImpl.java:lambda$waitForClusterToBeReady$0(140)) - Waiting for cluster to be ready. Got 0 of 1 DN Heartbeats.
2019-09-12 09:26:55,128 [pool-7-thread-1] INFO  commands.RetriableDatanodeEventWatcher (RetriableDatanodeEventWatcher.java:onTimeout(47)) - RetriableDatanodeCommand type=deleteBlocksCommand with id=1568280408318 timed out. Retrying.
2019-09-12 09:26:55,142 [pool-7-thread-1] INFO  commands.RetriableDatanodeEventWatcher (RetriableDatanodeEventWatcher.java:onTimeout(47)) - RetriableDatanodeCommand type=deleteBlocksCommand with id=1568280408328 timed out. Retrying.
2019-09-12 09:26:55,156 [pool-7-thread-1] INFO  commands.RetriableDatanodeEventWatcher (RetriableDatanodeEventWatcher.java:onTimeout(47)) - RetriableDatanodeCommand type=deleteBlocksCommand with id=1568280408338 timed out. Retrying.
2019-09-12 09:26:55,172 [SCMBlockDeletingService#0] DEBUG block.SCMBlockDeletingService (SCMBlockDeletingService.java:call(138)) - Running DeletedBlockTransactionScanner
2019-09-12 09:26:55,172 [SCMBlockDeletingService#0] DEBUG block.SCMBlockDeletingService (SCMBlockDeletingService.java:call(155)) - Scanned deleted blocks log and got 3 delTX to process.
2019-09-12 09:26:55,172 [SCMBlockDeletingService#0] DEBUG block.SCMBlockDeletingService (SCMBlockDeletingService.java:call(171)) - Added delete block command for datanode b50d6464-f54a-40d1-9f81-f1c19654fd05 in the queue, number of delete block transactions: 3, TxID list: 1,2,3
2019-09-12 09:26:55,172 [SCMBlockDeletingService.java:call(182)) - Totally added 3 delete blocks command for 1 datanodes, task elapsed time: 1mspool-7-thread-1] INFO  
2019-09-12 09:26:55,172 [pool-7-thread-1] INFO  commands.RetriableDatanodeEventWatcher (RetriableDatanodeEventWatcher.java:onTimeout(47)) - RetriableDatanodeCommand type=deleteBlocksCommand with id=1568280408348 timed out. Retrying.
2019-09-12 09:26:55,186 [pool-7-thread-1] INFO  commands.RetriableDatanodeEventWatcher (RetriableDatanodeEventWatcher.java:onTimeout(47)) - RetriableDatanodeCommand type=deleteBlocksCommand with id=1568280408358 timed out. Retrying.
2019-09-12 09:26:55,199 [pool-7-thread-1] INFO  commands.RetriableDatanodeEventWatcher (RetriableDatanodeEventWatcher.java:onTimeout(47)) - RetriableDatanodeCommand type=deleteBlocksCommand with id=1568280408368 timed out. Retrying.
2019-09-12 09:26:55,228 [pool-7-thread-1] INFO  commands.RetriableDatanodeEventWatcher (RetriableDatanodeEventWatcher.java:onTimeout(47)) - RetriableDatanodeCommand type=deleteBlocksCommand with id=1568280408319 timed out. Retrying.
2019-09-12 09:26:55,242 [pool-7-thread-1] INFO  commands.RetriableDatanodeEventWatcher (RetriableDatanodeEventWatcher.java:onTimeout(47)) - RetriableDatanodeCommand type=deleteBlocksCommand with id=1568280408329 timed out. Retrying.
2019-09-12 09:26:55,260 [pool-7-thread-1] INFO  commands.RetriableDatanodeEventWatcher (RetriableDatanodeEventWatcher.java:onTimeout(47)) - RetriableDatanodeCommand type=deleteBlocksCommand with id=1568280408339 timed out. Retrying.
2019-09-12 09:26:55,272 [pool-7-thread-1] INFO  commands.RetriableDatanodeEventWatcher (RetriableDatanodeEventWatcher.java:onTimeout(47)) - RetriableDatanodeCommand type=deleteBlocksCommand with id=1568280408349 timed out. Retrying.
2019-09-12 09:26:55,272 [SCMBlockDeletingService#1] DEBUG block.SCMBlockDeletingService (SCMBlockDeletingService.java:call(138)) - Running DeletedBlockTransactionScanner
2019-09-12 09:26:55,273 [SCMBlockDeletingService#1] DEBUG block.SCMBlockDeletingService (SCMBlockDeletingService.java:call(155)) - Scanned deleted blocks log and got 3 delTX to process.
2019-09-12 09:26:55,273 [SCMBlockDeletingService#1] DEBUG block.SCMBlockDeletingService (SCMBlockDeletingService.java:call(171)) - Added delete block command for datanode b50d6464-f54a-40d1-9f81-f1c19654fd05 in the queue, number of delete block transactions: 3, TxID list: 1,2,3
2019-09-12 09:26:55,273 [SCMBlockDeletingService#1] INFO  block.SCMBlockDeletingService (SCMBlockDeletingService.java:call(182)) - Totally added 3 delete blocks command for 1 datanodes, task elapsed time: 1ms
2019-09-12 09:26:55,287 [pool-7-thread-1] INFO  commands.RetriableDatanodeEventWatcher (RetriableDatanodeEventWatcher.java:onTimeout(47)) - RetriableDatanodeCommand type=deleteBlocksCommand with id=1568280408359 timed out. Retrying.
2019-09-12 09:26:55,301 [pool-7-thread-1] INFO  commands.RetriableDatanodeEventWatcher (RetriableDatanodeEventWatcher.java:onTimeout(47)) - RetriableDatanodeCommand type=deleteBlocksCommand with id=1568280408369 timed out. Retrying.
2019-09-12 09:26:55,315 [pool-7-thread-1] INFO  commands.RetriableDatanodeEventWatcher (RetriableDatanodeEventWatcher.java:onTimeout(47)) - RetriableDatanodeCommand type=deleteBlocksCommand with id=1568280408310 timed out. Retrying.
2019-09-12 09:26:55,329 [pool-7-thread-1] INFO  commands.RetriableDatanodeEventWatcher (RetriableDatanodeEventWatcher.java:onTimeout(47)) - RetriableDatanodeCommand type=deleteBlocksCommand with id=1568280408320 timed out. Retrying.
2019-09-12 09:26:55,346 [pool-7-thread-1] INFO  commands.RetriableDatanodeEventWatcher (RetriableDatanodeEventWatcher.java:onTimeout(47)) - RetriableDatanodeCommand type=deleteBlocksCommand with id=1568280408330 timed out. Retrying.
2019-09-12 09:26:55,360 [pool-7-thread-1] INFO  commands.RetriableDatanodeEventWatcher (RetriableDatanodeEventWatcher.java:onTimeout(47)) - RetriableDatanodeCommand type=deleteBlocksCommand with id=1568280408340 timed out. Retrying.
2019-09-12 09:26:55,374 [SCMBlockDeletingService#1] DEBUG block.SCMBlockDeletingService (SCMBlockDeletingService.java:call(138)) - Running DeletedBlockTransactionScanner
2019-09-12 09:26:55,374 [SCMBlockDeletingService#1] DEBUG block.SCMBlockDeletingService (SCMBlockDeletingService.java:call(155)) - Scanned deleted blocks log and got 3 delTX to process.
2019-09-12 09:26:55,375 [SCMBlockDeletingService#1] DEBUG block.SCMBlockDeletingService (SCMBlockDeletingService.java:call(171)) - Added delete block command for datanode b50d6464-f54a-40d1-9f81-f1c19654fd05 in the queue, number of delete block transactions: 3, TxID list: 1,2,3
2019-09-12 09:26:55,375 [SCMBlockDeletingService#1] INFO  block.SCMBlockDeletingService (SCMBlockDeletingService.java:call(182)) - Totally added 3 delete blocks command for 1 datanodes, task elapsed time: 1ms
2019-09-12 09:26:55,376 [pool-7-thread-1] INFO  commands.RetriableDatanodeEventWatcher (RetriableDatanodeEventWatcher.java:onTimeout(47)) - RetriableDatanodeCommand type=deleteBlocksCommand with id=1568280408350 timed out. Retrying.
2019-09-12 09:26:55,388 [pool-7-thread-1] INFO  commands.RetriableDatanodeEventWatcher (RetriableDatanodeEventWatcher.java:onTimeout(47)) - RetriableDatanodeCommand type=deleteBlocksCommand with id=1568280408360 timed out. Retrying.
2019-09-12 09:26:55,402 [pool-7-thread-1] INFO  commands.RetriableDatanodeEventWatcher (RetriableDatanodeEventWatcher.java:onTimeout(47)) - RetriableDatanodeCommand type=deleteBlocksCommand with id=1568280408370 timed out. Retrying.
2019-09-12 09:26:55,419 [pool-7-thread-1] INFO  commands.RetriableDatanodeEventWatcher (RetriableDatanodeEventWatcher.java:onTimeout(47)) - RetriableDatanodeCommand type=deleteBlocksCommand with id=1568280408311 timed out. Retrying.
2019-09-12 09:26:55,432 [pool-7-thread-1] INFO  commands.RetriableDatanodeEventWatcher (RetriableDatanodeEventWatcher.java:onTimeout(47)) - RetriableDatanodeCommand type=deleteBlocksCommand with id=1568280408321 timed out. Retrying.
2019-09-12 09:26:55,448 [pool-7-thread-1] INFO  commands.RetriableDatanodeEventWatcher (RetriableDatanodeEventWatcher.java:onTimeout(47)) - RetriableDatanodeCommand type=deleteBlocksCommand with id=1568280408331 timed out. Retrying.
2019-09-12 09:26:55,460 [pool-7-thread-1] INFO  commands.RetriableDatanodeEventWatcher (RetriableDatanodeEventWatcher.java:onTimeout(47)) - RetriableDatanodeCommand type=deleteBlocksCommand with id=1568280408341 timed out. Retrying.
2019-09-12 09:26:55,475 [SCMBlockDeletingService#1] DEBUG block.SCMBlockDeletingService (SCMBlockDeletingService.java:call(138)) - Running DeletedBlockTransactionScanner
2019-09-12 09:26:55,476 [SCMBlockDeletingService#1] DEBUG block.SCMBlockDeletingService (SCMBlockDeletingService.java:call(155)) - Scanned deleted blocks log and got 3 delTX to process.
2019-09-12 09:26:55,476 [pool-7-thread-1] INFO  commands.RetriableDatanodeEventWatcher (SCMBlockDeletingService.java:call(171)) - Added delete block command for datanode b50d6464-f54a-40d1-9f81-f1c19654fd05 in the queue, number of delete block transactions: 3, TxID list: 1,2,3
2019-09-12 09:26:55,476 [pool-7-thread-1] INFO  commands.RetriableDatanodeEventWatcher (RetriableDatanodeEventWatcher.java:onTimeout(47)) - RetriableDatanodeCommand type=deleteBlocksCommand with id=1568280408351 timed out. Retrying.
2019-09-12 09:26:55,477 [SCMBlockDeletingService#1] INFO  block.SCMBlockDeletingService (SCMBlockDeletingService.java:call(182)) - Totally added 3 delete blocks command for 1 datanodes, task elapsed time: 1ms
2019-09-12 09:26:55,488 [pool-592-thread-1] INFO  storage.RaftStorageDirectory (RaftStorageDirectory.java:tryLock(328)) - Lock on /workdir/hadoop-ozone/integration-test/target/test-dir/MiniOzoneClusterImpl-91ceb8d4-6dc6-4c84-835d-2cce6db9d776/datanode-0/data/ratis/6602e0f3-b3f6-4d5c-8eba-1f53027f28e3/in_use.lock acquired by nodename 3229@pr-hdds-2117-slf27-1599733614
2019-09-12 09:26:55,491 [pool-7-thread-1] INFO  commands.RetriableDatanodeEventWatcher (RetriableDatanodeEventWatcher.java:onTimeout(47)) - RetriableDatanodeCommand type=deleteBlocksCommand with id=1568280408361 timed out. Retrying.
2019-09-12 09:26:55,494 [pool-592-thread-1] INFO  ratis.ContainerStateMachine (ContainerStateMachine.java:loadSnapshot(239)) - group-1F53027F28E3: Setting the last applied index to (t:1, i:6183)
2019-09-12 09:26:55,502 [pool-7-thread-1] INFO  commands.RetriableDatanodeEventWatcher (RetriableDatanodeEventWatcher.java:onTimeout(47)) - RetriableDatanodeCommand type=deleteBlocksCommand with id=1568280408371 timed out. Retrying.
2019-09-12 09:26:55,504 [pool-592-thread-1] INFO  impl.RaftServerImpl (ServerState.java:setRaftConf(354)) - b50d6464-f54a-40d1-9f81-f1c19654fd05@group-1F53027F28E3: set configuration 0: [b50d6464-f54a-40d1-9f81-f1c19654fd05:192.168.69.112:45986], old=null at 0
2019-09-12 09:26:55,504 [pool-592-thread-1] INFO  server.RaftServerConfigKeys (ConfUtils.java:logGet(43)) - raft.server.notification.no-leader.timeout = 120s (custom)
2019-09-12 09:26:55,504 [pool-592-thread-1] INFO  server.RaftServerConfigKeys (ConfUtils.java:logGet(43)) - raft.server.log.use.memory = false (default)
2019-09-12 09:26:55,504 [pool-592-thread-1] INFO  server.RaftServerConfigKeys (ConfUtils.java:logGet(43)) - raft.server.log.purge.gap = 1000000 (custom)
2019-09-12 09:26:55,505 [pool-592-thread-1] INFO  server.RaftServerConfigKeys (ConfUtils.java:logGet(43)) - raft.server.log.appender.buffer.byte-limit = 33554432 (custom)
2019-09-12 09:26:55,505 [pool-592-thread-1] INFO  server.RaftServerConfigKeys (ConfUtils.java:logGet(43)) - raft.server.log.segment.size.max = 1048576 (custom)
2019-09-12 09:26:55,505 [pool-592-thread-1] INFO  server.RaftServerConfigKeys (ConfUtils.java:logGet(43)) - raft.server.log.segment.cache.num.max = 2 (custom)
2019-09-12 09:26:55,505 [pool-592-thread-1] INFO  segmented.SegmentedRaftLogWorker (SegmentedRaftLogWorker.java:<init>(172)) - new b50d6464-f54a-40d1-9f81-f1c19654fd05@group-1F53027F28E3-SegmentedRaftLogWorker for RaftStorage:Storage Directory /workdir/hadoop-ozone/integration-test/target/test-dir/MiniOzoneClusterImpl-91ceb8d4-6dc6-4c84-835d-2cce6db9d776/datanode-0/data/ratis/6602e0f3-b3f6-4d5c-8eba-1f53027f28e3
2019-09-12 09:26:55,506 [pool-592-thread-1] INFO  server.RaftServerConfigKeys (ConfUtils.java:logGet(43)) - raft.server.log.queue.byte-limit = 2147483647 (custom)
2019-09-12 09:26:55,506 [pool-592-thread-1] INFO  server.RaftServerConfigKeys (ConfUtils.java:logGet(43)) - raft.server.log.queue.element-limit = 1024 (custom)
2019-09-12 09:26:55,506 [pool-592-thread-1] INFO  server.RaftServerConfigKeys (ConfUtils.java:logGet(43)) - raft.server.log.segment.size.max = 1048576 (custom)
2019-09-12 09:26:55,506 [pool-592-thread-1] INFO  server.RaftServerConfigKeys (ConfUtils.java:logGet(43)) - raft.server.log.preallocated.size = 16384 (custom)
2019-09-12 09:26:55,506 [pool-592-thread-1] INFO  server.RaftServerConfigKeys (ConfUtils.java:logGet(43)) - raft.server.log.write.buffer.size = 33554432 (custom)
2019-09-12 09:26:55,507 [pool-592-thread-1] INFO  server.RaftServerConfigKeys (ConfUtils.java:logGet(43)) - raft.server.log.force.sync.num = 128 (default)
2019-09-12 09:26:55,507 [pool-592-thread-1] INFO  server.RaftServerConfigKeys (ConfUtils.java:logGet(43)) - raft.server.log.statemachine.data.sync = true (default)
2019-09-12 09:26:55,507 [pool-592-thread-1] INFO  server.RaftServerConfigKeys (ConfUtils.java:logGet(43)) - raft.server.log.statemachine.data.sync.timeout = 10s (default)
2019-09-12 09:26:55,507 [pool-592-thread-1] INFO  server.RaftServerConfigKeys (ConfUtils.java:logGet(43)) - raft.server.log.statemachine.data.sync.timeout.retry = -1 (default)
2019-09-12 09:26:55,507 [pool-592-thread-1] INFO  server.RaftServerConfigKeys (ConfUtils.java:logGet(43)) - raft.server.log.statemachine.data.caching.enabled = true (custom)
2019-09-12 09:26:55,515 [pool-592-thread-1] INFO  impl.RaftServerImpl (ServerState.java:setRaftConf(354)) - b50d6464-f54a-40d1-9f81-f1c19654fd05@group-1F53027F28E3: set configuration 0: [b50d6464-f54a-40d1-9f81-f1c19654fd05:192.168.69.112:45986], old=null at 0
2019-09-12 09:26:55,519 [pool-7-thread-1] INFO  commands.RetriableDatanodeEventWatcher (RetriableDatanodeEventWatcher.java:onTimeout(47)) - RetriableDatanodeCommand type=deleteBlocksCommand with id=1568280408312 timed out. Retrying.
2019-09-12 09:26:55,535 [pool-7-thread-1] INFO  commands.RetriableDatanodeEventWatcher (RetriableDatanodeEventWatcher.java:onTimeout(47)) - RetriableDatanodeCommand type=deleteBlocksCommand with id=1568280408322 timed out. Retrying.
2019-09-12 09:26:55,548 [pool-7-thread-1] INFO  commands.RetriableDatanodeEventWatcher (RetriableDatanodeEventWatcher.java:onTimeout(47)) - RetriableDatanodeCommand type=deleteBlocksCommand with id=1568280408332 timed out. Retrying.
2019-09-12 09:26:55,564 [pool-7-thread-1] INFO  commands.RetriableDatanodeEventWatcher (RetriableDatanodeEventWatcher.java:onTimeout(47)) - RetriableDatanodeCommand type=deleteBlocksCommand with id=1568280408342 timed out. Retrying.
2019-09-12 09:26:55,569 [pool-592-thread-1] INFO  segmented.LogSegment (LogSegment.java:loadSegment(123)) - Successfully read 5475 entries from segment file /workdir/hadoop-ozone/integration-test/target/test-dir/MiniOzoneClusterImpl-91ceb8d4-6dc6-4c84-835d-2cce6db9d776/datanode-0/data/ratis/6602e0f3-b3f6-4d5c-8eba-1f53027f28e3/current/log_0-5474
2019-09-12 09:26:55,572 [pool-592-thread-1] INFO  segmented.LogSegment (LogSegment.java:loadSegment(123)) - Successfully read 710 entries from segment file /workdir/hadoop-ozone/integration-test/target/test-dir/MiniOzoneClusterImpl-91ceb8d4-6dc6-4c84-835d-2cce6db9d776/datanode-0/data/ratis/6602e0f3-b3f6-4d5c-8eba-1f53027f28e3/current/log_inprogress_5475
2019-09-12 09:26:55,573 [pool-592-thread-1] INFO  segmented.SegmentedRaftLogWorker (SegmentedRaftLogWorker.java:lambda$new$0(132)) - b50d6464-f54a-40d1-9f81-f1c19654fd05@group-1F53027F28E3-SegmentedRaftLogWorker: flushIndex: setUnconditionally 0 -> 6184
2019-09-12 09:26:55,577 [SCMBlockDeletingService#1] DEBUG block.SCMBlockDeletingService (SCMBlockDeletingService.java:call(138)) - Running DeletedBlockTransactionScanner
2019-09-12 09:26:55,578 [SCMBlockDeletingService#1] DEBUG block.SCMBlockDeletingService (SCMBlockDeletingService.java:call(155)) - Scanned deleted blocks log and got 3 delTX to process.
2019-09-12 09:26:55,578 [pool-7-thread-1] INFO  commands.RetriableDatanodeEventWatcher (RetriableDatanodeEventWatcher.java:onTimeout(47)) - RetriableDatanodeCommand type=deleteBlocksCommand with id=1568280408352 timed out. Retrying.
2019-09-12 09:26:55,578 [SCMBlockDeletingService#1] DEBUG block.SCMBlockDeletingService (SCMBlockDeletingService.java:call(171)) - Added delete block command for datanode b50d6464-f54a-40d1-9f81-f1c19654fd05 in the queue, number of delete block transactions: 3, TxID list: 1,2,3
2019-09-12 09:26:55,578 [SCMBlockDeletingService#1] INFO  block.SCMBlockDeletingService (SCMBlockDeletingService.java:call(182)) - Totally added 3 delete blocks command for 1 datanodes, task elapsed time: 1ms
2019-09-12 09:26:55,593 [pool-7-thread-1] INFO  commands.RetriableDatanodeEventWatcher (RetriableDatanodeEventWatcher.java:onTimeout(47)) - RetriableDatanodeCommand type=deleteBlocksCommand with id=1568280408362 timed out. Retrying.
2019-09-12 09:26:55,600 [pool-592-thread-1] INFO  raftlog.RaftLog (RaftLog.java:lambda$new$0(61)) - b50d6464-f54a-40d1-9f81-f1c19654fd05@group-1F53027F28E3-SegmentedRaftLog: commitIndex: updateToMax old=6183, new=6183, updated? false
2019-09-12 09:26:55,600 [pool-592-thread-1] INFO  server.RaftServerConfigKeys (ConfUtils.java:logGet(43)) - raft.server.snapshot.auto.trigger.enabled = true (custom)
2019-09-12 09:26:55,600 [pool-592-thread-1] INFO  server.RaftServerConfigKeys (ConfUtils.java:logGet(43)) - raft.server.snapshot.auto.trigger.threshold = 10000 (custom)
2019-09-12 09:26:55,600 [pool-592-thread-1] INFO  server.RaftServerConfigKeys (ConfUtils.java:logGet(43)) - raft.server.snapshot.retention.num.files = -1 (default)
2019-09-12 09:26:55,601 [pool-592-thread-1] INFO  server.RaftServerConfigKeys (ConfUtils.java:logGet(43)) - raft.server.retrycache.expirytime = 600000ms (custom)
2019-09-12 09:26:55,604 [pool-7-thread-1] INFO  commands.RetriableDatanodeEventWatcher (RetriableDatanodeEventWatcher.java:onTimeout(47)) - RetriableDatanodeCommand type=deleteBlocksCommand with id=1568280408372 timed out. Retrying.
2019-09-12 09:26:55,619 [pool-7-thread-1] INFO  commands.RetriableDatanodeEventWatcher (RetriableDatanodeEventWatcher.java:onTimeout(47)) - RetriableDatanodeCommand type=deleteBlocksCommand with id=1568280408313 timed out. Retrying.
2019-09-12 09:26:55,635 [pool-7-thread-1] INFO  commands.RetriableDatanodeEventWatcher (RetriableDatanodeEventWatcher.java:onTimeout(47)) - RetriableDatanodeCommand type=deleteBlocksCommand with id=1568280408323 timed out. Retrying.
2019-09-12 09:26:55,649 [pool-7-thread-1] INFO  commands.RetriableDatanodeEventWatcher (RetriableDatanodeEventWatcher.java:onTimeout(47)) - RetriableDatanodeCommand type=deleteBlocksCommand with id=1568280408333 timed out. Retrying.
2019-09-12 09:26:55,665 [pool-7-thread-1] INFO  commands.RetriableDatanodeEventWatcher (RetriableDatanodeEventWatcher.java:onTimeout(47)) - RetriableDatanodeCommand type=deleteBlocksCommand with id=1568280408343 timed out. Retrying.
2019-09-12 09:26:55,679 [SCMBlockDeletingService#1] DEBUG block.SCMBlockDeletingService (SCMBlockDeletingService.java:call(138)) - Running DeletedBlockTransactionScanner
2019-09-12 09:26:55,679 [SCMBlockDeletingService#1] DEBUG block.SCMBlockDeletingService (SCMBlockDeletingService.java:call(155)) - Scanned deleted blocks log and got 3 delTX to process.
2019-09-12 09:26:55,679 [SCMBlockDeletingService#1] DEBUG block.SCMBlockDeletingService (SCMBlockDeletingService.java:call(171)) - Added delete block command for datanode b50d6464-f54a-40d1-9f81-f1c19654fd05 in the queue, number of delete block transactions: 3, TxID list: 1,2,3
2019-09-12 09:26:55,680 [SCMBlockDeletingService#1] INFO  block.SCMBlockDeletingService (SCMBlockDeletingService.java:call(182)) - Totally added 3 delete blocks command for 1 datanodes, task elapsed time: 2ms
2019-09-12 09:26:55,681 [pool-7-thread-1] INFO  commands.RetriableDatanodeEventWatcher (RetriableDatanodeEventWatcher.java:onTimeout(47)) - RetriableDatanodeCommand type=deleteBlocksCommand with id=1568280408353 timed out. Retrying.
2019-09-12 09:26:55,693 [pool-7-thread-1] INFO  commands.RetriableDatanodeEventWatcher (RetriableDatanodeEventWatcher.java:onTimeout(47)) - RetriableDatanodeCommand type=deleteBlocksCommand with id=1568280408363 timed out. Retrying.
2019-09-12 09:26:55,705 [pool-7-thread-1] INFO  commands.RetriableDatanodeEventWatcher (RetriableDatanodeEventWatcher.java:onTimeout(47)) - RetriableDatanodeCommand type=deleteBlocksCommand with id=1568280408373 timed out. Retrying.
2019-09-12 09:26:55,722 [pool-7-thread-1] INFO  commands.RetriableDatanodeEventWatcher (RetriableDatanodeEventWatcher.java:onTimeout(47)) - RetriableDatanodeCommand type=deleteBlocksCommand with id=1568280408314 timed out. Retrying.
2019-09-12 09:26:55,736 [pool-7-thread-1] INFO  commands.RetriableDatanodeEventWatcher (RetriableDatanodeEventWatcher.java:onTimeout(47)) - RetriableDatanodeCommand type=deleteBlocksCommand with id=1568280408324 timed out. Retrying.
2019-09-12 09:26:55,752 [pool-7-thread-1] INFO  commands.RetriableDatanodeEventWatcher (RetriableDatanodeEventWatcher.java:onTimeout(47)) - RetriableDatanodeCommand type=deleteBlocksCommand with id=1568280408334 timed out. Retrying.
2019-09-12 09:26:55,765 [pool-7-thread-1] INFO  commands.RetriableDatanodeEventWatcher (RetriableDatanodeEventWatcher.java:onTimeout(47)) - RetriableDatanodeCommand type=deleteBlocksCommand with id=1568280408344 timed out. Retrying.
2019-09-12 09:26:55,780 [SCMBlockDeletingService#1] DEBUG block.SCMBlockDeletingService (SCMBlockDeletingService.java:call(138)) - Running DeletedBlockTransactionScanner
2019-09-12 09:26:55,781 [pool-7-thread-1] INFO  commands.RetriableDatanodeEventWatcher (SCMBlockDeletingService.java:call(155)) - Scanned deleted blocks log and got 3 delTX to process.
2019-09-12 09:26:55,781 [pool-7-thread-1] INFO  commands.RetriableDatanodeEventWatcher (RetriableDatanodeEventWatcher.java:onTimeout(47)) - RetriableDatanodeCommand type=deleteBlocksCommand with id=1568280408354 timed out. Retrying.
2019-09-12 09:26:55,781 [SCMBlockDeletingService#1] DEBUG block.SCMBlockDeletingService (SCMBlockDeletingService.java:call(171)) - Added delete block command for datanode b50d6464-f54a-40d1-9f81-f1c19654fd05 in the queue, number of delete block transactions: 3, TxID list: 1,2,3
2019-09-12 09:26:55,782 [SCMBlockDeletingService#1] INFO  block.SCMBlockDeletingService (SCMBlockDeletingService.java:call(182)) - Totally added 3 delete blocks command for 1 datanodes, task elapsed time: 1ms
2019-09-12 09:26:55,794 [pool-7-thread-1] INFO  commands.RetriableDatanodeEventWatcher (RetriableDatanodeEventWatcher.java:onTimeout(47)) - RetriableDatanodeCommand type=deleteBlocksCommand with id=1568280408364 timed out. Retrying.
2019-09-12 09:26:55,823 [pool-7-thread-1] INFO  commands.RetriableDatanodeEventWatcher (RetriableDatanodeEventWatcher.java:onTimeout(47)) - RetriableDatanodeCommand type=deleteBlocksCommand with id=1568280408315 timed out. Retrying.
2019-09-12 09:26:55,837 [pool-7-thread-1] INFO  commands.RetriableDatanodeEventWatcher (RetriableDatanodeEventWatcher.java:onTimeout(47)) - RetriableDatanodeCommand type=deleteBlocksCommand with id=1568280408325 timed out. Retrying.
2019-09-12 09:26:55,853 [pool-7-thread-1] INFO  commands.RetriableDatanodeEventWatcher (RetriableDatanodeEventWatcher.java:onTimeout(47)) - RetriableDatanodeCommand type=deleteBlocksCommand with id=1568280408335 timed out. Retrying.
2019-09-12 09:26:55,868 [pool-7-thread-1] INFO  commands.RetriableDatanodeEventWatcher (RetriableDatanodeEventWatcher.java:onTimeout(47)) - RetriableDatanodeCommand type=deleteBlocksCommand with id=1568280408345 timed out. Retrying.
2019-09-12 09:26:55,868 [pool-7-thread-1] INFO  commands.RetriableDatanodeEventWatcher (RetriableDatanodeEventWatcher.java:onTimeout(47)) - RetriableDatanodeCommand type=deleteBlocksCommand with id=1568280408374 timed out. Retrying.
2019-09-12 09:26:55,882 [SCMBlockDeletingService#1] DEBUG block.SCMBlockDeletingService (SCMBlockDeletingService.java:call(138)) - Running DeletedBlockTransactionScanner
2019-09-12 09:26:55,882 [SCMBlockDeletingService#1] DEBUG block.SCMBlockDeletingService (SCMBlockDeletingService.java:call(155)) - Scanned deleted blocks log and got 3 delTX to process.
2019-09-12 09:26:55,883 [SCMBlockDeletingService#1] DEBUG block.SCMBlockDeletingService (SCMBlockDeletingService.java:call(171)) - Added delete block command for datanode b50d6464-f54a-40d1-9f81-f1c19654fd05 in the queue, number of delete block transactions: 3, TxID list: 1,2,3
2019-09-12 09:26:55,883 [pool-7-thread-1] INFO  commands.RetriableDatanodeEventWatcher (RetriableDatanodeEventWatcher.java:onTimeout(47)) - RetriableDatanodeCommand type=deleteBlocksCommand with id=1568280408355 timed out. Retrying.
2019-09-12 09:26:55,883 [SCMBlockDeletingService#1] INFO  block.SCMBlockDeletingService (SCMBlockDeletingService.java:call(182)) - Totally added 3 delete blocks command for 1 datanodes, task elapsed time: 1ms
2019-09-12 09:26:55,895 [pool-7-thread-1] INFO  commands.RetriableDatanodeEventWatcher (RetriableDatanodeEventWatcher.java:onTimeout(47)) - RetriableDatanodeCommand type=deleteBlocksCommand with id=1568280408365 timed out. Retrying.
2019-09-12 09:26:55,926 [pool-7-thread-1] INFO  commands.RetriableDatanodeEventWatcher (RetriableDatanodeEventWatcher.java:onTimeout(47)) - RetriableDatanodeCommand type=deleteBlocksCommand with id=1568280408316 timed out. Retrying.
2019-09-12 09:26:55,937 [pool-7-thread-1] INFO  commands.RetriableDatanodeEventWatcher (RetriableDatanodeEventWatcher.java:onTimeout(47)) - RetriableDatanodeCommand type=deleteBlocksCommand with id=1568280408326 timed out. Retrying.
2019-09-12 09:26:55,956 [pool-7-thread-1] INFO  commands.RetriableDatanodeEventWatcher (RetriableDatanodeEventWatcher.java:onTimeout(47)) - RetriableDatanodeCommand type=deleteBlocksCommand with id=1568280408336 timed out. Retrying.
2019-09-12 09:26:55,970 [pool-7-thread-1] INFO  commands.RetriableDatanodeEventWatcher (RetriableDatanodeEventWatcher.java:onTimeout(47)) - RetriableDatanodeCommand type=deleteBlocksCommand with id=1568280408346 timed out. Retrying.
2019-09-12 09:26:55,971 [pool-7-thread-1] INFO  commands.RetriableDatanodeEventWatcher (RetriableDatanodeEventWatcher.java:onTimeout(47)) - RetriableDatanodeCommand type=deleteBlocksCommand with id=1568280408375 timed out. Retrying.
2019-09-12 09:26:55,983 [SCMBlockDeletingService#1] DEBUG block.SCMBlockDeletingService (SCMBlockDeletingService.java:call(138)) - Running DeletedBlockTransactionScanner
2019-09-12 09:26:55,984 [pool-7-thread-1] INFO  commands.RetriableDatanodeEventWatcher (SCMBlockDeletingService.java:call(155)) - Scanned deleted blocks log and got 3 delTX to process.
2019-09-12 09:26:55,984 [pool-7-thread-1] INFO  commands.RetriableDatanodeEventWatcher (RetriableDatanodeEventWatcher.java:onTimeout(47)) - RetriableDatanodeCommand type=deleteBlocksCommand with id=1568280408356 timed out. Retrying.
2019-09-12 09:26:55,984 [SCMBlockDeletingService#1] DEBUG block.SCMBlockDeletingService (SCMBlockDeletingService.java:call(171)) - Added delete block command for datanode b50d6464-f54a-40d1-9f81-f1c19654fd05 in the queue, number of delete block transactions: 3, TxID list: 1,2,3
2019-09-12 09:26:55,984 [SCMBlockDeletingService#1] INFO  block.SCMBlockDeletingService (SCMBlockDeletingService.java:call(182)) - Totally added 3 delete blocks command for 1 datanodes, task elapsed time: 1ms
2019-09-12 09:26:55,997 [pool-7-thread-1] INFO  commands.RetriableDatanodeEventWatcher (RetriableDatanodeEventWatcher.java:onTimeout(47)) - RetriableDatanodeCommand type=deleteBlocksCommand with id=1568280408366 timed out. Retrying.
2019-09-12 09:26:56,025 [pool-7-thread-1] INFO  commands.RetriableDatanodeEventWatcher (RetriableDatanodeEventWatcher.java:onTimeout(47)) - RetriableDatanodeCommand type=deleteBlocksCommand with id=1568280408317 timed out. Retrying.
2019-09-12 09:26:56,042 [pool-7-thread-1] INFO  commands.RetriableDatanodeEventWatcher (RetriableDatanodeEventWatcher.java:onTimeout(47)) - RetriableDatanodeCommand type=deleteBlocksCommand with id=1568280408327 timed out. Retrying.
2019-09-12 09:26:56,055 [pool-7-thread-1] INFO  commands.RetriableDatanodeEventWatcher (RetriableDatanodeEventWatcher.java:onTimeout(47)) - RetriableDatanodeCommand type=deleteBlocksCommand with id=1568280408337 timed out. Retrying.
2019-09-12 09:26:56,071 [pool-7-thread-1] INFO  commands.RetriableDatanodeEventWatcher (RetriableDatanodeEventWatcher.java:onTimeout(47)) - RetriableDatanodeCommand type=deleteBlocksCommand with id=1568280408347 timed out. Retrying.
2019-09-12 09:26:56,071 [pool-7-thread-1] INFO  commands.RetriableDatanodeEventWatcher (RetriableDatanodeEventWatcher.java:onTimeout(47)) - RetriableDatanodeCommand type=deleteBlocksCommand with id=1568280408376 timed out. Retrying.
2019-09-12 09:26:56,084 [pool-7-thread-1] INFO  commands.RetriableDatanodeEventWatcher (RetriableDatanodeEventWatcher.java:onTimeout(47)) - RetriableDatanodeCommand type=deleteBlocksCommand with id=1568280408357 timed out. Retrying.
2019-09-12 09:26:56,085 [SCMBlockDeletingService#1] DEBUG block.SCMBlockDeletingService (SCMBlockDeletingService.java:call(138)) - Running DeletedBlockTransactionScanner
2019-09-12 09:26:56,085 [SCMBlockDeletingService#1] DEBUG block.SCMBlockDeletingService (SCMBlockDeletingService.java:call(155)) - Scanned deleted blocks log and got 3 delTX to process.
2019-09-12 09:26:56,085 [SCMBlockDeletingService#1] DEBUG block.SCMBlockDeletingService (SCMBlockDeletingService.java:call(171)) - Added delete block command for datanode b50d6464-f54a-40d1-9f81-f1c19654fd05 in the queue, number of delete block transactions: 3, TxID list: 1,2,3
2019-09-12 09:26:56,086 [SCMBlockDeletingService#1] INFO  block.SCMBlockDeletingService (SCMBlockDeletingService.java:call(182)) - Totally added 3 delete blocks command for 1 datanodes, task elapsed time: 2ms
2019-09-12 09:26:56,099 [pool-7-thread-1] INFO  commands.RetriableDatanodeEventWatcher (RetriableDatanodeEventWatcher.java:onTimeout(47)) - RetriableDatanodeCommand type=deleteBlocksCommand with id=1568280408367 timed out. Retrying.
2019-09-12 09:26:56,113 [main] INFO  ozone.MiniOzoneClusterImpl (MiniOzoneClusterImpl.java:lambda$waitForClusterToBeReady$0(140)) - Waiting for cluster to be ready. Got 0 of 1 DN Heartbeats.
2019-09-12 09:26:56,120 [Datanode State Machine Thread - 0] INFO  ozoneimpl.OzoneContainer (OzoneContainer.java:start(217)) - Attempting to start container services.
2019-09-12 09:26:56,121 [Datanode State Machine Thread - 0] INFO  ozoneimpl.OzoneContainer (OzoneContainer.java:startContainerScrub(179)) - Background container scanner has been disabled.
2019-09-12 09:26:56,121 [Datanode State Machine Thread - 0] INFO  ratis.XceiverServerRatis (XceiverServerRatis.java:start(404)) - Starting XceiverServerRatis b50d6464-f54a-40d1-9f81-f1c19654fd05 at port 45986
2019-09-12 09:26:56,128 [pool-7-thread-1] INFO  commands.RetriableDatanodeEventWatcher (RetriableDatanodeEventWatcher.java:onTimeout(47)) - RetriableDatanodeCommand type=deleteBlocksCommand with id=1568280408318 timed out. Retrying.
2019-09-12 09:26:56,133 [Datanode State Machine Thread - 0] INFO  impl.RaftServerImpl (RaftServerImpl.java:start(185)) - b50d6464-f54a-40d1-9f81-f1c19654fd05@group-1F53027F28E3: start as a follower, conf=0: [b50d6464-f54a-40d1-9f81-f1c19654fd05:192.168.69.112:45986], old=null
2019-09-12 09:26:56,133 [Datanode State Machine Thread - 0] INFO  impl.RaftServerImpl (RaftServerImpl.java:setRole(174)) - b50d6464-f54a-40d1-9f81-f1c19654fd05@group-1F53027F28E3: changes role from      null to FOLLOWER at term 1 for startAsFollower
2019-09-12 09:26:56,133 [Datanode State Machine Thread - 0] INFO  impl.RoleInfo (RoleInfo.java:updateAndGet(143)) - b50d6464-f54a-40d1-9f81-f1c19654fd05: start FollowerState
2019-09-12 09:26:56,134 [Datanode State Machine Thread - 0] INFO  util.JmxRegister (JmxRegister.java:tryRegister(44)) - Successfully registered JMX Bean with object name Ratis:service=RaftServer,group=group-1F53027F28E3,id=b50d6464-f54a-40d1-9f81-f1c19654fd05
2019-09-12 09:26:56,135 [Datanode State Machine Thread - 0] INFO  impl.RaftServerProxy (RaftServerProxy.java:lambda$start$3(299)) - b50d6464-f54a-40d1-9f81-f1c19654fd05: start RPC server
2019-09-12 09:26:56,140 [Datanode State Machine Thread - 0] INFO  server.GrpcService (GrpcService.java:startImpl(158)) - b50d6464-f54a-40d1-9f81-f1c19654fd05: GrpcService started, listening on 0.0.0.0/0.0.0.0:45986
2019-09-12 09:26:56,143 [pool-7-thread-1] INFO  commands.RetriableDatanodeEventWatcher (RetriableDatanodeEventWatcher.java:onTimeout(47)) - RetriableDatanodeCommand type=deleteBlocksCommand with id=1568280408328 timed out. Retrying.
2019-09-12 09:26:56,156 [pool-7-thread-1] INFO  commands.RetriableDatanodeEventWatcher (RetriableDatanodeEventWatcher.java:onTimeout(47)) - RetriableDatanodeCommand type=deleteBlocksCommand with id=1568280408338 timed out. Retrying.
2019-09-12 09:26:56,173 [pool-7-thread-1] INFO  commands.RetriableDatanodeEventWatcher (RetriableDatanodeEventWatcher.java:onTimeout(47)) - RetriableDatanodeCommand type=deleteBlocksCommand with id=1568280408377 timed out. Retrying.
2019-09-12 09:26:56,173 [pool-7-thread-2] INFO  commands.RetriableDatanodeEventWatcher (RetriableDatanodeEventWatcher.java:onTimeout(47)) - RetriableDatanodeCommand type=deleteBlocksCommand with id=1568280408348 timed out. Retrying.
2019-09-12 09:26:56,186 [SCMBlockDeletingService#1] DEBUG block.SCMBlockDeletingService (SCMBlockDeletingService.java:call(138)) - Running DeletedBlockTransactionScanner
2019-09-12 09:26:56,187 [pool-7-thread-2] INFO  commands.RetriableDatanodeEventWatcher (RetriableDatanodeEventWatcher.java:onTimeout(47)) - RetriableDatanodeCommand type=deleteBlocksCommand with id=1568280408358 timed out. Retrying.
2019-09-12 09:26:56,187 [SCMBlockDeletingService#1] DEBUG block.SCMBlockDeletingService (SCMBlockDeletingService.java:call(155)) - Scanned deleted blocks log and got 3 delTX to process.
2019-09-12 09:26:56,187 [SCMBlockDeletingService#1] DEBUG block.SCMBlockDeletingService (SCMBlockDeletingService.java:call(171)) - Added delete block command for datanode b50d6464-f54a-40d1-9f81-f1c19654fd05 in the queue, number of delete block transactions: 3, TxID list: 1,2,3
2019-09-12 09:26:56,187 [SCMBlockDeletingService#1] INFO  block.SCMBlockDeletingService (SCMBlockDeletingService.java:call(182)) - Totally added 3 delete blocks command for 1 datanodes, task elapsed time: 1ms
2019-09-12 09:26:56,199 [pool-7-thread-2] INFO  commands.RetriableDatanodeEventWatcher (RetriableDatanodeEventWatcher.java:onTimeout(47)) - RetriableDatanodeCommand type=deleteBlocksCommand with id=1568280408368 timed out. Retrying.
2019-09-12 09:26:56,228 [pool-7-thread-2] INFO  commands.RetriableDatanodeEventWatcher (RetriableDatanodeEventWatcher.java:onTimeout(47)) - RetriableDatanodeCommand type=deleteBlocksCommand with id=1568280408319 timed out. Retrying.
2019-09-12 09:26:56,242 [pool-7-thread-2] INFO  commands.RetriableDatanodeEventWatcher (RetriableDatanodeEventWatcher.java:onTimeout(47)) - RetriableDatanodeCommand type=deleteBlocksCommand with id=1568280408329 timed out. Retrying.
2019-09-12 09:26:56,260 [pool-7-thread-2] INFO  commands.RetriableDatanodeEventWatcher (RetriableDatanodeEventWatcher.java:onTimeout(47)) - RetriableDatanodeCommand type=deleteBlocksCommand with id=1568280408339 timed out. Retrying.
2019-09-12 09:26:56,273 [pool-7-thread-2] INFO  commands.RetriableDatanodeEventWatcher (RetriableDatanodeEventWatcher.java:onTimeout(47)) - RetriableDatanodeCommand type=deleteBlocksCommand with id=1568280408349 timed out. Retrying.
2019-09-12 09:26:56,273 [pool-7-thread-2] INFO  commands.RetriableDatanodeEventWatcher (RetriableDatanodeEventWatcher.java:onTimeout(47)) - RetriableDatanodeCommand type=deleteBlocksCommand with id=1568280408378 timed out. Retrying.
2019-09-12 09:26:56,287 [pool-7-thread-2] INFO  commands.RetriableDatanodeEventWatcher (RetriableDatanodeEventWatcher.java:onTimeout(47)) - RetriableDatanodeCommand type=deleteBlocksCommand with id=1568280408359 timed out. Retrying.
2019-09-12 09:26:56,288 [SCMBlockDeletingService#1] DEBUG block.SCMBlockDeletingService (SCMBlockDeletingService.java:call(138)) - Running DeletedBlockTransactionScanner
2019-09-12 09:26:56,288 [SCMBlockDeletingService#1] DEBUG block.SCMBlockDeletingService (SCMBlockDeletingService.java:call(155)) - Scanned deleted blocks log and got 3 delTX to process.
2019-09-12 09:26:56,289 [SCMBlockDeletingService#1] DEBUG block.SCMBlockDeletingService (SCMBlockDeletingService.java:call(171)) - Added delete block command for datanode b50d6464-f54a-40d1-9f81-f1c19654fd05 in the queue, number of delete block transactions: 3, TxID list: 1,2,3
2019-09-12 09:26:56,289 [SCMBlockDeletingService#1] INFO  block.SCMBlockDeletingService (SCMBlockDeletingService.java:call(182)) - Totally added 3 delete blocks command for 1 datanodes, task elapsed time: 2ms
2019-09-12 09:26:56,302 [pool-7-thread-2] INFO  commands.RetriableDatanodeEventWatcher (RetriableDatanodeEventWatcher.java:onTimeout(47)) - RetriableDatanodeCommand type=deleteBlocksCommand with id=1568280408369 timed out. Retrying.
2019-09-12 09:26:56,315 [pool-7-thread-2] INFO  commands.RetriableDatanodeEventWatcher (RetriableDatanodeEventWatcher.java:onTimeout(47)) - RetriableDatanodeCommand type=deleteBlocksCommand with id=1568280408310 timed out. Retrying.
2019-09-12 09:26:56,329 [pool-7-thread-2] INFO  commands.RetriableDatanodeEventWatcher (RetriableDatanodeEventWatcher.java:onTimeout(47)) - RetriableDatanodeCommand type=deleteBlocksCommand with id=1568280408320 timed out. Retrying.
2019-09-12 09:26:56,347 [pool-7-thread-2] INFO  commands.RetriableDatanodeEventWatcher (RetriableDatanodeEventWatcher.java:onTimeout(47)) - RetriableDatanodeCommand type=deleteBlocksCommand with id=1568280408330 timed out. Retrying.
2019-09-12 09:26:56,360 [pool-7-thread-2] INFO  commands.RetriableDatanodeEventWatcher (RetriableDatanodeEventWatcher.java:onTimeout(47)) - RetriableDatanodeCommand type=deleteBlocksCommand with id=1568280408340 timed out. Retrying.
2019-09-12 09:26:56,375 [pool-7-thread-2] INFO  commands.RetriableDatanodeEventWatcher (RetriableDatanodeEventWatcher.java:onTimeout(47)) - RetriableDatanodeCommand type=deleteBlocksCommand with id=1568280408379 timed out. Retrying.
2019-09-12 09:26:56,376 [pool-7-thread-2] INFO  commands.RetriableDatanodeEventWatcher (RetriableDatanodeEventWatcher.java:onTimeout(47)) - RetriableDatanodeCommand type=deleteBlocksCommand with id=1568280408350 timed out. Retrying.
2019-09-12 09:26:56,389 [pool-7-thread-2] INFO  commands.RetriableDatanodeEventWatcher (RetriableDatanodeEventWatcher.java:onTimeout(47)) - RetriableDatanodeCommand type=deleteBlocksCommand with id=1568280408360 timed out. Retrying.
2019-09-12 09:26:56,389 [SCMBlockDeletingService#1] DEBUG block.SCMBlockDeletingService (SCMBlockDeletingService.java:call(138)) - Running DeletedBlockTransactionScanner
2019-09-12 09:26:56,390 [SCMBlockDeletingService#1] DEBUG block.SCMBlockDeletingService (SCMBlockDeletingService.java:call(155)) - Scanned deleted blocks log and got 3 delTX to process.
2019-09-12 09:26:56,390 [SCMBlockDeletingService#1] DEBUG block.SCMBlockDeletingService (SCMBlockDeletingService.java:call(171)) - Added delete block command for datanode b50d6464-f54a-40d1-9f81-f1c19654fd05 in the queue, number of delete block transactions: 3, TxID list: 1,2,3
2019-09-12 09:26:56,391 [SCMBlockDeletingService#1] INFO  block.SCMBlockDeletingService (SCMBlockDeletingService.java:call(182)) - Totally added 3 delete blocks command for 1 datanodes, task elapsed time: 1ms
2019-09-12 09:26:56,403 [pool-7-thread-2] INFO  commands.RetriableDatanodeEventWatcher (RetriableDatanodeEventWatcher.java:onTimeout(47)) - RetriableDatanodeCommand type=deleteBlocksCommand with id=1568280408370 timed out. Retrying.
2019-09-12 09:26:56,419 [pool-7-thread-2] INFO  commands.RetriableDatanodeEventWatcher (RetriableDatanodeEventWatcher.java:onTimeout(47)) - RetriableDatanodeCommand type=deleteBlocksCommand with id=1568280408311 timed out. Retrying.
2019-09-12 09:26:56,433 [pool-7-thread-2] INFO  commands.RetriableDatanodeEventWatcher (RetriableDatanodeEventWatcher.java:onTimeout(47)) - RetriableDatanodeCommand type=deleteBlocksCommand with id=1568280408321 timed out. Retrying.
2019-09-12 09:26:56,447 [pool-7-thread-2] INFO  commands.RetriableDatanodeEventWatcher (RetriableDatanodeEventWatcher.java:onTimeout(47)) - RetriableDatanodeCommand type=deleteBlocksCommand with id=1568280408331 timed out. Retrying.
2019-09-12 09:26:56,461 [pool-7-thread-2] INFO  commands.RetriableDatanodeEventWatcher (RetriableDatanodeEventWatcher.java:onTimeout(47)) - RetriableDatanodeCommand type=deleteBlocksCommand with id=1568280408341 timed out. Retrying.
2019-09-12 09:26:56,476 [pool-7-thread-2] INFO  commands.RetriableDatanodeEventWatcher (RetriableDatanodeEventWatcher.java:onTimeout(47)) - RetriableDatanodeCommand type=deleteBlocksCommand with id=1568280408380 timed out. Retrying.
2019-09-12 09:26:56,478 [pool-7-thread-2] INFO  commands.RetriableDatanodeEventWatcher (RetriableDatanodeEventWatcher.java:onTimeout(47)) - RetriableDatanodeCommand type=deleteBlocksCommand with id=1568280408351 timed out. Retrying.
2019-09-12 09:26:56,491 [SCMBlockDeletingService#1] DEBUG block.SCMBlockDeletingService (SCMBlockDeletingService.java:call(138)) - Running DeletedBlockTransactionScanner
2019-09-12 09:26:56,491 [pool-7-thread-2] INFO  commands.RetriableDatanodeEventWatcher (RetriableDatanodeEventWatcher.java:onTimeout(47)) - RetriableDatanodeCommand type=deleteBlocksCommand with id=1568280408361 timed out. Retrying.
SCMBlockDeletingService.java:call(155)) - Scanned deleted blocks log and got 3 delTX to process.
2019-09-12 09:26:56,491 [pool-7-thread-2] INFO  commands.RetriableDatanodeEventWatcher (RetriableDatanodeEventWatcher.java:onTimeout(47)) - RetriableDatanodeCommand type=deleteBlocksCommand with id=1568280408361 timed out. Retrying.
2019-09-12 09:26:56,492 [SCMBlockDeletingService#1] DEBUG block.SCMBlockDeletingService (SCMBlockDeletingService.java:call(171)) - Added delete block command for datanode b50d6464-f54a-40d1-9f81-f1c19654fd05 in the queue, number of delete block transactions: 3, TxID list: 1,2,3
2019-09-12 09:26:56,492 [SCMBlockDeletingService#1] INFO  block.SCMBlockDeletingService (SCMBlockDeletingService.java:call(182)) - Totally added 3 delete blocks command for 1 datanodes, task elapsed time: 1ms
2019-09-12 09:26:56,503 [pool-7-thread-2] INFO  commands.RetriableDatanodeEventWatcher (RetriableDatanodeEventWatcher.java:onTimeout(47)) - RetriableDatanodeCommand type=deleteBlocksCommand with id=1568280408371 timed out. Retrying.
2019-09-12 09:26:56,520 [pool-7-thread-2] INFO  commands.RetriableDatanodeEventWatcher (RetriableDatanodeEventWatcher.java:onTimeout(47)) - RetriableDatanodeCommand type=deleteBlocksCommand with id=1568280408312 timed out. Retrying.
2019-09-12 09:26:56,535 [pool-7-thread-2] INFO  commands.RetriableDatanodeEventWatcher (RetriableDatanodeEventWatcher.java:onTimeout(47)) - RetriableDatanodeCommand type=deleteBlocksCommand with id=1568280408322 timed out. Retrying.
2019-09-12 09:26:56,548 [pool-7-thread-2] INFO  commands.RetriableDatanodeEventWatcher (RetriableDatanodeEventWatcher.java:onTimeout(47)) - RetriableDatanodeCommand type=deleteBlocksCommand with id=1568280408332 timed out. Retrying.
2019-09-12 09:26:56,565 [pool-7-thread-2] INFO  commands.RetriableDatanodeEventWatcher (RetriableDatanodeEventWatcher.java:onTimeout(47)) - RetriableDatanodeCommand type=deleteBlocksCommand with id=1568280408342 timed out. Retrying.
2019-09-12 09:26:56,577 [pool-7-thread-2] INFO  commands.RetriableDatanodeEventWatcher (RetriableDatanodeEventWatcher.java:onTimeout(47)) - RetriableDatanodeCommand type=deleteBlocksCommand with id=1568280408352 timed out. Retrying.
2019-09-12 09:26:56,577 [pool-7-thread-1] INFO  commands.RetriableDatanodeEventWatcher (RetriableDatanodeEventWatcher.java:onTimeout(47)) - RetriableDatanodeCommand type=deleteBlocksCommand with id=1568280408381 timed out. Retrying.
2019-09-12 09:26:56,592 [SCMBlockDeletingService#1] DEBUG block.SCMBlockDeletingService (SCMBlockDeletingService.java:call(138)) - Running DeletedBlockTransactionScanner
2019-09-12 09:26:56,593 [SCMBlockDeletingService#1] DEBUG block.SCMBlockDeletingService (SCMBlockDeletingService.java:call(155)) - Scanned deleted blocks log and got 3 delTX to process.
2019-09-12 09:26:56,593 [SCMBlockDeletingService#1] DEBUG block.SCMBlockDeletingService (SCMBlockDeletingService.java:call(171)) - Added delete block command for datanode b50d6464-f54a-40d1-9f81-f1c19654fd05 in the queue, number of delete block transactions: 3, TxID list: 1,2,3
2019-09-12 09:26:56,593 [pool-7-thread-1] INFO  commands.RetriableDatanodeEventWatcher (RetriableDatanodeEventWatcher.java:onTimeout(47)) - RetriableDatanodeCommand type=deleteBlocksCommand with id=1568280408362 timed out. Retrying.
2019-09-12 09:26:56,593 [SCMBlockDeletingService#1] INFO  block.SCMBlockDeletingService (SCMBlockDeletingService.java:call(182)) - Totally added 3 delete blocks command for 1 datanodes, task elapsed time: 1ms
2019-09-12 09:26:56,605 [pool-7-thread-1] INFO  commands.RetriableDatanodeEventWatcher (RetriableDatanodeEventWatcher.java:onTimeout(47)) - RetriableDatanodeCommand type=deleteBlocksCommand with id=1568280408372 timed out. Retrying.
2019-09-12 09:26:56,620 [pool-7-thread-1] INFO  commands.RetriableDatanodeEventWatcher (RetriableDatanodeEventWatcher.java:onTimeout(47)) - RetriableDatanodeCommand type=deleteBlocksCommand with id=1568280408313 timed out. Retrying.
2019-09-12 09:26:56,635 [pool-7-thread-1] INFO  commands.RetriableDatanodeEventWatcher (RetriableDatanodeEventWatcher.java:onTimeout(47)) - RetriableDatanodeCommand type=deleteBlocksCommand with id=1568280408323 timed out. Retrying.
2019-09-12 09:26:56,649 [pool-7-thread-1] INFO  commands.RetriableDatanodeEventWatcher (RetriableDatanodeEventWatcher.java:onTimeout(47)) - RetriableDatanodeCommand type=deleteBlocksCommand with id=1568280408333 timed out. Retrying.
2019-09-12 09:26:56,666 [pool-7-thread-1] INFO  commands.RetriableDatanodeEventWatcher (RetriableDatanodeEventWatcher.java:onTimeout(47)) - RetriableDatanodeCommand type=deleteBlocksCommand with id=1568280408343 timed out. Retrying.
2019-09-12 09:26:56,679 [pool-7-thread-1] INFO  commands.RetriableDatanodeEventWatcher (RetriableDatanodeEventWatcher.java:onTimeout(47)) - RetriableDatanodeCommand type=deleteBlocksCommand with id=1568280408382 timed out. Retrying.
2019-09-12 09:26:56,682 [pool-7-thread-1] INFO  commands.RetriableDatanodeEventWatcher (RetriableDatanodeEventWatcher.java:onTimeout(47)) - RetriableDatanodeCommand type=deleteBlocksCommand with id=1568280408353 timed out. Retrying.
2019-09-12 09:26:56,693 [pool-7-thread-1] INFO  commands.RetriableDatanodeEventWatcher (RetriableDatanodeEventWatcher.java:onTimeout(47)) - RetriableDatanodeCommand type=deleteBlocksCommand with id=1568280408363 timed out. Retrying.
2019-09-12 09:26:56,694 [SCMBlockDeletingService#1] DEBUG block.SCMBlockDeletingService (SCMBlockDeletingService.java:call(138)) - Running DeletedBlockTransactionScanner
2019-09-12 09:26:56,694 [SCMBlockDeletingService#1] DEBUG block.SCMBlockDeletingService (SCMBlockDeletingService.java:call(155)) - Scanned deleted blocks log and got 3 delTX to process.
2019-09-12 09:26:56,695 [SCMBlockDeletingService#1] DEBUG block.SCMBlockDeletingService (SCMBlockDeletingService.java:call(171)) - Added delete block command for datanode b50d6464-f54a-40d1-9f81-f1c19654fd05 in the queue, number of delete block transactions: 3, TxID list: 1,2,3
2019-09-12 09:26:56,695 [SCMBlockDeletingService#1] INFO  block.SCMBlockDeletingService (SCMBlockDeletingService.java:call(182)) - Totally added 3 delete blocks command for 1 datanodes, task elapsed time: 1ms
2019-09-12 09:26:56,706 [pool-7-thread-1] INFO  commands.RetriableDatanodeEventWatcher (RetriableDatanodeEventWatcher.java:onTimeout(47)) - RetriableDatanodeCommand type=deleteBlocksCommand with id=1568280408373 timed out. Retrying.
2019-09-12 09:26:56,722 [pool-7-thread-1] INFO  commands.RetriableDatanodeEventWatcher (RetriableDatanodeEventWatcher.java:onTimeout(47)) - RetriableDatanodeCommand type=deleteBlocksCommand with id=1568280408314 timed out. Retrying.
2019-09-12 09:26:56,736 [pool-7-thread-1] INFO  commands.RetriableDatanodeEventWatcher (RetriableDatanodeEventWatcher.java:onTimeout(47)) - RetriableDatanodeCommand type=deleteBlocksCommand with id=1568280408324 timed out. Retrying.
2019-09-12 09:26:56,753 [pool-7-thread-1] INFO  commands.RetriableDatanodeEventWatcher (RetriableDatanodeEventWatcher.java:onTimeout(47)) - RetriableDatanodeCommand type=deleteBlocksCommand with id=1568280408334 timed out. Retrying.
2019-09-12 09:26:56,765 [pool-7-thread-1] INFO  commands.RetriableDatanodeEventWatcher (RetriableDatanodeEventWatcher.java:onTimeout(47)) - RetriableDatanodeCommand type=deleteBlocksCommand with id=1568280408344 timed out. Retrying.
2019-09-12 09:26:56,781 [pool-7-thread-1] INFO  commands.RetriableDatanodeEventWatcher (RetriableDatanodeEventWatcher.java:onTimeout(47)) - RetriableDatanodeCommand type=deleteBlocksCommand with id=1568280408354 timed out. Retrying.
2019-09-12 09:26:56,782 [pool-7-thread-2] INFO  commands.RetriableDatanodeEventWatcher (RetriableDatanodeEventWatcher.java:onTimeout(47)) - RetriableDatanodeCommand type=deleteBlocksCommand with id=1568280408383 timed out. Retrying.
2019-09-12 09:26:56,794 [pool-7-thread-2] INFO  commands.RetriableDatanodeEventWatcher (RetriableDatanodeEventWatcher.java:onTimeout(47)) - RetriableDatanodeCommand type=deleteBlocksCommand with id=1568280408364 timed out. Retrying.
2019-09-12 09:26:56,795 [SCMBlockDeletingService#1] DEBUG block.SCMBlockDeletingService (SCMBlockDeletingService.java:call(138)) - Running DeletedBlockTransactionScanner
2019-09-12 09:26:56,796 [SCMBlockDeletingService#1] DEBUG block.SCMBlockDeletingService (SCMBlockDeletingService.java:call(155)) - Scanned deleted blocks log and got 3 delTX to process.
2019-09-12 09:26:56,796 [SCMBlockDeletingService#1] DEBUG block.SCMBlockDeletingService (SCMBlockDeletingService.java:call(171)) - Added delete block command for datanode b50d6464-f54a-40d1-9f81-f1c19654fd05 in the queue, number of delete block transactions: 3, TxID list: 1,2,3
2019-09-12 09:26:56,797 [SCMBlockDeletingService#1] INFO  block.SCMBlockDeletingService (SCMBlockDeletingService.java:call(182)) - Totally added 3 delete blocks command for 1 datanodes, task elapsed time: 1ms
2019-09-12 09:26:56,824 [pool-7-thread-2] INFO  commands.RetriableDatanodeEventWatcher (RetriableDatanodeEventWatcher.java:onTimeout(47)) - RetriableDatanodeCommand type=deleteBlocksCommand with id=1568280408315 timed out. Retrying.
2019-09-12 09:26:56,837 [pool-7-thread-2] INFO  commands.RetriableDatanodeEventWatcher (RetriableDatanodeEventWatcher.java:onTimeout(47)) - RetriableDatanodeCommand type=deleteBlocksCommand with id=1568280408325 timed out. Retrying.
2019-09-12 09:26:56,854 [pool-7-thread-2] INFO  commands.RetriableDatanodeEventWatcher (RetriableDatanodeEventWatcher.java:onTimeout(47)) - RetriableDatanodeCommand type=deleteBlocksCommand with id=1568280408335 timed out. Retrying.
2019-09-12 09:26:56,869 [pool-7-thread-2] INFO  commands.RetriableDatanodeEventWatcher (RetriableDatanodeEventWatcher.java:onTimeout(47)) - RetriableDatanodeCommand type=deleteBlocksCommand with id=1568280408374 timed out. Retrying.
2019-09-12 09:26:56,869 [pool-7-thread-1] INFO  commands.RetriableDatanodeEventWatcher (RetriableDatanodeEventWatcher.java:onTimeout(47)) - RetriableDatanodeCommand type=deleteBlocksCommand with id=1568280408345 timed out. Retrying.
2019-09-12 09:26:56,883 [pool-7-thread-1] INFO  commands.RetriableDatanodeEventWatcher (RetriableDatanodeEventWatcher.java:onTimeout(47)) - RetriableDatanodeCommand type=deleteBlocksCommand with id=1568280408384 timed out. Retrying.
2019-09-12 09:26:56,883 [pool-7-thread-1] INFO  commands.RetriableDatanodeEventWatcher (RetriableDatanodeEventWatcher.java:onTimeout(47)) - RetriableDatanodeCommand type=deleteBlocksCommand with id=1568280408355 timed out. Retrying.
2019-09-12 09:26:56,895 [pool-7-thread-1] INFO  commands.RetriableDatanodeEventWatcher (RetriableDatanodeEventWatcher.java:onTimeout(47)) - RetriableDatanodeCommand type=deleteBlocksCommand with id=1568280408365 timed out. Retrying.
2019-09-12 09:26:56,897 [SCMBlockDeletingService#1] DEBUG block.SCMBlockDeletingService (SCMBlockDeletingService.java:call(138)) - Running DeletedBlockTransactionScanner
2019-09-12 09:26:56,897 [SCMBlockDeletingService#1] DEBUG block.SCMBlockDeletingService (SCMBlockDeletingService.java:call(155)) - Scanned deleted blocks log and got 3 delTX to process.
2019-09-12 09:26:56,898 [SCMBlockDeletingService#1] DEBUG block.SCMBlockDeletingService (SCMBlockDeletingService.java:call(171)) - Added delete block command for datanode b50d6464-f54a-40d1-9f81-f1c19654fd05 in the queue, number of delete block transactions: 3, TxID list: 1,2,3
2019-09-12 09:26:56,898 [SCMBlockDeletingService#1] INFO  block.SCMBlockDeletingService (SCMBlockDeletingService.java:call(182)) - Totally added 3 delete blocks command for 1 datanodes, task elapsed time: 1ms
2019-09-12 09:26:56,927 [pool-7-thread-1] INFO  commands.RetriableDatanodeEventWatcher (RetriableDatanodeEventWatcher.java:onTimeout(47)) - RetriableDatanodeCommand type=deleteBlocksCommand with id=1568280408316 timed out. Retrying.
2019-09-12 09:26:56,937 [pool-7-thread-1] INFO  commands.RetriableDatanodeEventWatcher (RetriableDatanodeEventWatcher.java:onTimeout(47)) - RetriableDatanodeCommand type=deleteBlocksCommand with id=1568280408326 timed out. Retrying.
2019-09-12 09:26:56,957 [pool-7-thread-1] INFO  commands.RetriableDatanodeEventWatcher (RetriableDatanodeEventWatcher.java:onTimeout(47)) - RetriableDatanodeCommand type=deleteBlocksCommand with id=1568280408336 timed out. Retrying.
2019-09-12 09:26:56,969 [pool-7-thread-1] INFO  commands.RetriableDatanodeEventWatcher (RetriableDatanodeEventWatcher.java:onTimeout(47)) - RetriableDatanodeCommand type=deleteBlocksCommand with id=1568280408346 timed out. Retrying.
2019-09-12 09:26:56,972 [pool-7-thread-1] INFO  commands.RetriableDatanodeEventWatcher (RetriableDatanodeEventWatcher.java:onTimeout(47)) - RetriableDatanodeCommand type=deleteBlocksCommand with id=1568280408375 timed out. Retrying.
2019-09-12 09:26:56,984 [pool-7-thread-1] INFO  commands.RetriableDatanodeEventWatcher (RetriableDatanodeEventWatcher.java:onTimeout(47)) - RetriableDatanodeCommand type=deleteBlocksCommand with id=1568280408356 timed out. Retrying.
2019-09-12 09:26:56,984 [pool-7-thread-2] INFO  commands.RetriableDatanodeEventWatcher (RetriableDatanodeEventWatcher.java:onTimeout(47)) - RetriableDatanodeCommand type=deleteBlocksCommand with id=1568280408385 timed out. Retrying.
2019-09-12 09:26:56,998 [pool-7-thread-2] INFO  commands.RetriableDatanodeEventWatcher (RetriableDatanodeEventWatcher.java:onTimeout(47)) - RetriableDatanodeCommand type=deleteBlocksCommand with id=1568280408366 timed out. Retrying.
2019-09-12 09:26:56,999 [SCMBlockDeletingService#1] DEBUG block.SCMBlockDeletingService (SCMBlockDeletingService.java:call(138)) - Running DeletedBlockTransactionScanner
2019-09-12 09:26:56,999 [SCMBlockDeletingService#1] DEBUG block.SCMBlockDeletingService (SCMBlockDeletingService.java:call(155)) - Scanned deleted blocks log and got 3 delTX to process.
2019-09-12 09:26:56,999 [SCMBlockDeletingService#1] DEBUG block.SCMBlockDeletingService (SCMBlockDeletingService.java:call(171)) - Added delete block command for datanode b50d6464-f54a-40d1-9f81-f1c19654fd05 in the queue, number of delete block transactions: 3, TxID list: 1,2,3
2019-09-12 09:26:57,000 [SCMBlockDeletingService#1] INFO  block.SCMBlockDeletingService (SCMBlockDeletingService.java:call(182)) - Totally added 3 delete blocks command for 1 datanodes, task elapsed time: 1ms
2019-09-12 09:26:57,027 [pool-7-thread-2] INFO  commands.RetriableDatanodeEventWatcher (RetriableDatanodeEventWatcher.java:onTimeout(47)) - RetriableDatanodeCommand type=deleteBlocksCommand with id=1568280408317 timed out. Retrying.
2019-09-12 09:26:57,041 [pool-7-thread-2] INFO  commands.RetriableDatanodeEventWatcher (RetriableDatanodeEventWatcher.java:onTimeout(47)) - RetriableDatanodeCommand type=deleteBlocksCommand with id=1568280408327 timed out. Retrying.
2019-09-12 09:26:57,056 [pool-7-thread-2] INFO  commands.RetriableDatanodeEventWatcher (RetriableDatanodeEventWatcher.java:onTimeout(47)) - RetriableDatanodeCommand type=deleteBlocksCommand with id=1568280408337 timed out. Retrying.
2019-09-12 09:26:57,071 [pool-7-thread-2] INFO  commands.RetriableDatanodeEventWatcher (RetriableDatanodeEventWatcher.java:onTimeout(47)) - RetriableDatanodeCommand type=deleteBlocksCommand with id=1568280408376 timed out. Retrying.
2019-09-12 09:26:57,071 [pool-7-thread-1] INFO  commands.RetriableDatanodeEventWatcher (RetriableDatanodeEventWatcher.java:onTimeout(47)) - RetriableDatanodeCommand type=deleteBlocksCommand with id=1568280408347 timed out. Retrying.
2019-09-12 09:26:57,084 [pool-7-thread-1] INFO  commands.RetriableDatanodeEventWatcher (RetriableDatanodeEventWatcher.java:onTimeout(47)) - RetriableDatanodeCommand type=deleteBlocksCommand with id=1568280408357 timed out. Retrying.
2019-09-12 09:26:57,085 [pool-7-thread-1] INFO  commands.RetriableDatanodeEventWatcher (RetriableDatanodeEventWatcher.java:onTimeout(47)) - RetriableDatanodeCommand type=deleteBlocksCommand with id=1568280408386 timed out. Retrying.
2019-09-12 09:26:57,100 [pool-7-thread-1] INFO  commands.RetriableDatanodeEventWatcher (RetriableDatanodeEventWatcher.java:onTimeout(47)) - RetriableDatanodeCommand type=deleteBlocksCommand with id=1568280408367 timed out. Retrying.
2019-09-12 09:26:57,100 [SCMBlockDeletingService#1] DEBUG block.SCMBlockDeletingService (SCMBlockDeletingService.java:call(138)) - Running DeletedBlockTransactionScanner
2019-09-12 09:26:57,101 [SCMBlockDeletingService#1] DEBUG block.SCMBlockDeletingService (SCMBlockDeletingService.java:call(155)) - Scanned deleted blocks log and got 3 delTX to process.
2019-09-12 09:26:57,101 [SCMBlockDeletingService#1] DEBUG block.SCMBlockDeletingService (SCMBlockDeletingService.java:call(171)) - Added delete block command for datanode b50d6464-f54a-40d1-9f81-f1c19654fd05 in the queue, number of delete block transactions: 3, TxID list: 1,2,3
2019-09-12 09:26:57,102 [SCMBlockDeletingService#1] INFO  block.SCMBlockDeletingService (SCMBlockDeletingService.java:call(182)) - Totally added 3 delete blocks command for 1 datanodes, task elapsed time: 1ms
2019-09-12 09:26:57,114 [main] INFO  ozone.MiniOzoneClusterImpl (MiniOzoneClusterImpl.java:lambda$waitForClusterToBeReady$0(140)) - Waiting for cluster to be ready. Got 0 of 1 DN Heartbeats.
2019-09-12 09:26:57,129 [pool-7-thread-1] INFO  commands.RetriableDatanodeEventWatcher (RetriableDatanodeEventWatcher.java:onTimeout(47)) - RetriableDatanodeCommand type=deleteBlocksCommand with id=1568280408318 timed out. Retrying.
2019-09-12 09:26:57,144 [pool-7-thread-1] INFO  commands.RetriableDatanodeEventWatcher (RetriableDatanodeEventWatcher.java:onTimeout(47)) - RetriableDatanodeCommand type=deleteBlocksCommand with id=1568280408328 timed out. Retrying.
2019-09-12 09:26:57,157 [pool-7-thread-1] INFO  commands.RetriableDatanodeEventWatcher (RetriableDatanodeEventWatcher.java:onTimeout(47)) - RetriableDatanodeCommand type=deleteBlocksCommand with id=1568280408338 timed out. Retrying.
2019-09-12 09:26:57,172 [pool-7-thread-1] INFO  commands.RetriableDatanodeEventWatcher (RetriableDatanodeEventWatcher.java:onTimeout(47)) - RetriableDatanodeCommand type=deleteBlocksCommand with id=1568280408377 timed out. Retrying.
2019-09-12 09:26:57,174 [pool-7-thread-1] INFO  commands.RetriableDatanodeEventWatcher (RetriableDatanodeEventWatcher.java:onTimeout(47)) - RetriableDatanodeCommand type=deleteBlocksCommand with id=1568280408348 timed out. Retrying.
2019-09-12 09:26:57,186 [pool-7-thread-1] INFO  commands.RetriableDatanodeEventWatcher (RetriableDatanodeEventWatcher.java:onTimeout(47)) - RetriableDatanodeCommand type=deleteBlocksCommand with id=1568280408358 timed out. Retrying.
2019-09-12 09:26:57,188 [pool-7-thread-1] INFO  commands.RetriableDatanodeEventWatcher (RetriableDatanodeEventWatcher.java:onTimeout(47)) - RetriableDatanodeCommand type=deleteBlocksCommand with id=1568280408387 timed out. Retrying.
2019-09-12 09:26:57,200 [pool-7-thread-1] INFO  commands.RetriableDatanodeEventWatcher (RetriableDatanodeEventWatcher.java:onTimeout(47)) - RetriableDatanodeCommand type=deleteBlocksCommand with id=1568280408368 timed out. Retrying.
2019-09-12 09:26:57,202 [SCMBlockDeletingService#1] DEBUG block.SCMBlockDeletingService (SCMBlockDeletingService.java:call(138)) - Running DeletedBlockTransactionScanner
2019-09-12 09:26:57,202 [SCMBlockDeletingService#1] DEBUG block.SCMBlockDeletingService (SCMBlockDeletingService.java:call(155)) - Scanned deleted blocks log and got 3 delTX to process.
2019-09-12 09:26:57,203 [SCMBlockDeletingService#1] DEBUG block.SCMBlockDeletingService (SCMBlockDeletingService.java:call(171)) - Added delete block command for datanode b50d6464-f54a-40d1-9f81-f1c19654fd05 in the queue, number of delete block transactions: 3, TxID list: 1,2,3
2019-09-12 09:26:57,203 [SCMBlockDeletingService#1] INFO  block.SCMBlockDeletingService (SCMBlockDeletingService.java:call(182)) - Totally added 3 delete blocks command for 1 datanodes, task elapsed time: 0ms
2019-09-12 09:26:57,229 [pool-7-thread-1] INFO  commands.RetriableDatanodeEventWatcher (RetriableDatanodeEventWatcher.java:onTimeout(47)) - RetriableDatanodeCommand type=deleteBlocksCommand with id=1568280408319 timed out. Retrying.
2019-09-12 09:26:57,242 [pool-7-thread-1] INFO  commands.RetriableDatanodeEventWatcher (RetriableDatanodeEventWatcher.java:onTimeout(47)) - RetriableDatanodeCommand type=deleteBlocksCommand with id=1568280408329 timed out. Retrying.
2019-09-12 09:26:57,261 [pool-7-thread-1] INFO  commands.RetriableDatanodeEventWatcher (RetriableDatanodeEventWatcher.java:onTimeout(47)) - RetriableDatanodeCommand type=deleteBlocksCommand with id=1568280408339 timed out. Retrying.
2019-09-12 09:26:57,272 [pool-7-thread-1] INFO  commands.RetriableDatanodeEventWatcher (RetriableDatanodeEventWatcher.java:onTimeout(47)) - RetriableDatanodeCommand type=deleteBlocksCommand with id=1568280408349 timed out. Retrying.
2019-09-12 09:26:57,274 [pool-7-thread-1] INFO  commands.RetriableDatanodeEventWatcher (RetriableDatanodeEventWatcher.java:onTimeout(47)) - RetriableDatanodeCommand type=deleteBlocksCommand with id=1568280408378 timed out. Retrying.
2019-09-12 09:26:57,288 [pool-7-thread-1] INFO  commands.RetriableDatanodeEventWatcher (RetriableDatanodeEventWatcher.java:onTimeout(47)) - RetriableDatanodeCommand type=deleteBlocksCommand with id=1568280408359 timed out. Retrying.
2019-09-12 09:26:57,288 [pool-7-thread-1] INFO  commands.RetriableDatanodeEventWatcher (RetriableDatanodeEventWatcher.java:onTimeout(47)) - RetriableDatanodeCommand type=deleteBlocksCommand with id=1568280408388 timed out. Retrying.
2019-09-12 09:26:57,302 [pool-7-thread-1] INFO  commands.RetriableDatanodeEventWatcher (RetriableDatanodeEventWatcher.java:onTimeout(47)) - RetriableDatanodeCommand type=deleteBlocksCommand with id=1568280408369 timed out. Retrying.
2019-09-12 09:26:57,303 [SCMBlockDeletingService#1] DEBUG block.SCMBlockDeletingService (SCMBlockDeletingService.java:call(138)) - Running DeletedBlockTransactionScanner
2019-09-12 09:26:57,304 [SCMBlockDeletingService#1] DEBUG block.SCMBlockDeletingService (SCMBlockDeletingService.java:call(155)) - Scanned deleted blocks log and got 3 delTX to process.
2019-09-12 09:26:57,304 [SCMBlockDeletingService#1] DEBUG block.SCMBlockDeletingService (SCMBlockDeletingService.java:call(171)) - Added delete block command for datanode b50d6464-f54a-40d1-9f81-f1c19654fd05 in the queue, number of delete block transactions: 3, TxID list: 1,2,3
2019-09-12 09:26:57,305 [SCMBlockDeletingService#1] INFO  block.SCMBlockDeletingService (SCMBlockDeletingService.java:call(182)) - Totally added 3 delete blocks command for 1 datanodes, task elapsed time: 1ms
2019-09-12 09:26:57,315 [pool-7-thread-1] INFO  commands.RetriableDatanodeEventWatcher (RetriableDatanodeEventWatcher.java:onTimeout(47)) - RetriableDatanodeCommand type=deleteBlocksCommand with id=1568280408310 timed out. Retrying.
2019-09-12 09:26:57,330 [pool-7-thread-1] INFO  commands.RetriableDatanodeEventWatcher (RetriableDatanodeEventWatcher.java:onTimeout(47)) - RetriableDatanodeCommand type=deleteBlocksCommand with id=1568280408320 timed out. Retrying.
2019-09-12 09:26:57,346 [pool-7-thread-1] INFO  commands.RetriableDatanodeEventWatcher (RetriableDatanodeEventWatcher.java:onTimeout(47)) - RetriableDatanodeCommand type=deleteBlocksCommand with id=1568280408330 timed out. Retrying.
2019-09-12 09:26:57,360 [pool-7-thread-1] INFO  commands.RetriableDatanodeEventWatcher (RetriableDatanodeEventWatcher.java:onTimeout(47)) - RetriableDatanodeCommand type=deleteBlocksCommand with id=1568280408340 timed out. Retrying.
2019-09-12 09:26:57,376 [pool-7-thread-1] INFO  commands.RetriableDatanodeEventWatcher (RetriableDatanodeEventWatcher.java:onTimeout(47)) - RetriableDatanodeCommand type=deleteBlocksCommand with id=1568280408379 timed out. Retrying.
2019-09-12 09:26:57,376 [pool-7-thread-1] INFO  commands.RetriableDatanodeEventWatcher (RetriableDatanodeEventWatcher.java:onTimeout(47)) - RetriableDatanodeCommand type=deleteBlocksCommand with id=1568280408350 timed out. Retrying.
2019-09-12 09:26:57,390 [pool-7-thread-1] INFO  commands.RetriableDatanodeEventWatcher (RetriableDatanodeEventWatcher.java:onTimeout(47)) - RetriableDatanodeCommand type=deleteBlocksCommand with id=1568280408360 timed out. Retrying.
2019-09-12 09:26:57,390 [pool-7-thread-1] INFO  commands.RetriableDatanodeEventWatcher (RetriableDatanodeEventWatcher.java:onTimeout(47)) - RetriableDatanodeCommand type=deleteBlocksCommand with id=1568280408389 timed out. Retrying.
2019-09-12 09:26:57,404 [pool-7-thread-1] INFO  commands.RetriableDatanodeEventWatcher (RetriableDatanodeEventWatcher.java:onTimeout(47)) - RetriableDatanodeCommand type=deleteBlocksCommand with id=1568280408370 timed out. Retrying.
2019-09-12 09:26:57,405 [SCMBlockDeletingService#1] DEBUG block.SCMBlockDeletingService (SCMBlockDeletingService.java:call(138)) - Running DeletedBlockTransactionScanner
2019-09-12 09:26:57,405 [SCMBlockDeletingService#1] DEBUG block.SCMBlockDeletingService (SCMBlockDeletingService.java:call(155)) - Scanned deleted blocks log and got 3 delTX to process.
2019-09-12 09:26:57,406 [SCMBlockDeletingService#1] DEBUG block.SCMBlockDeletingService (SCMBlockDeletingService.java:call(171)) - Added delete block command for datanode b50d6464-f54a-40d1-9f81-f1c19654fd05 in the queue, number of delete block transactions: 3, TxID list: 1,2,3
2019-09-12 09:26:57,406 [SCMBlockDeletingService#1] INFO  block.SCMBlockDeletingService (SCMBlockDeletingService.java:call(182)) - Totally added 3 delete blocks command for 1 datanodes, task elapsed time: 0ms
2019-09-12 09:26:57,420 [pool-7-thread-1] INFO  commands.RetriableDatanodeEventWatcher (RetriableDatanodeEventWatcher.java:onTimeout(47)) - RetriableDatanodeCommand type=deleteBlocksCommand with id=1568280408311 timed out. Retrying.
2019-09-12 09:26:57,433 [pool-7-thread-1] INFO  commands.RetriableDatanodeEventWatcher (RetriableDatanodeEventWatcher.java:onTimeout(47)) - RetriableDatanodeCommand type=deleteBlocksCommand with id=1568280408321 timed out. Retrying.
2019-09-12 09:26:57,448 [pool-7-thread-1] INFO  commands.RetriableDatanodeEventWatcher (RetriableDatanodeEventWatcher.java:onTimeout(47)) - RetriableDatanodeCommand type=deleteBlocksCommand with id=1568280408331 timed out. Retrying.
2019-09-12 09:26:57,462 [pool-7-thread-1] INFO  commands.RetriableDatanodeEventWatcher (RetriableDatanodeEventWatcher.java:onTimeout(47)) - RetriableDatanodeCommand type=deleteBlocksCommand with id=1568280408341 timed out. Retrying.
2019-09-12 09:26:57,476 [pool-7-thread-1] INFO  commands.RetriableDatanodeEventWatcher (RetriableDatanodeEventWatcher.java:onTimeout(47)) - RetriableDatanodeCommand type=deleteBlocksCommand with id=1568280408380 timed out. Retrying.
2019-09-12 09:26:57,478 [pool-7-thread-1] INFO  commands.RetriableDatanodeEventWatcher (RetriableDatanodeEventWatcher.java:onTimeout(47)) - RetriableDatanodeCommand type=deleteBlocksCommand with id=1568280408351 timed out. Retrying.
2019-09-12 09:26:57,492 [pool-7-thread-1] INFO  commands.RetriableDatanodeEventWatcher (RetriableDatanodeEventWatcher.java:onTimeout(47)) - RetriableDatanodeCommand type=deleteBlocksCommand with id=1568280408361 timed out. Retrying.
2019-09-12 09:26:57,492 [pool-7-thread-2] INFO  commands.RetriableDatanodeEventWatcher (RetriableDatanodeEventWatcher.java:onTimeout(47)) - RetriableDatanodeCommand type=deleteBlocksCommand with id=1568280408390 timed out. Retrying.
2019-09-12 09:26:57,504 [pool-7-thread-2] INFO  commands.RetriableDatanodeEventWatcher (RetriableDatanodeEventWatcher.java:onTimeout(47)) - RetriableDatanodeCommand type=deleteBlocksCommand with id=1568280408371 timed out. Retrying.
2019-09-12 09:26:57,506 [SCMBlockDeletingService#1] DEBUG block.SCMBlockDeletingService (SCMBlockDeletingService.java:call(138)) - Running DeletedBlockTransactionScanner
2019-09-12 09:26:57,507 [SCMBlockDeletingService#1] DEBUG block.SCMBlockDeletingService (SCMBlockDeletingService.java:call(155)) - Scanned deleted blocks log and got 3 delTX to process.
2019-09-12 09:26:57,507 [SCMBlockDeletingService#1] DEBUG block.SCMBlockDeletingService (SCMBlockDeletingService.java:call(171)) - Added delete block command for datanode b50d6464-f54a-40d1-9f81-f1c19654fd05 in the queue, number of delete block transactions: 3, TxID list: 1,2,3
2019-09-12 09:26:57,507 [SCMBlockDeletingService#1] INFO  block.SCMBlockDeletingService (SCMBlockDeletingService.java:call(182)) - Totally added 3 delete blocks command for 1 datanodes, task elapsed time: 1ms
2019-09-12 09:26:57,520 [pool-7-thread-2] INFO  commands.RetriableDatanodeEventWatcher (RetriableDatanodeEventWatcher.java:onTimeout(47)) - RetriableDatanodeCommand type=deleteBlocksCommand with id=1568280408312 timed out. Retrying.
2019-09-12 09:26:57,536 [pool-7-thread-2] INFO  commands.RetriableDatanodeEventWatcher (RetriableDatanodeEventWatcher.java:onTimeout(47)) - RetriableDatanodeCommand type=deleteBlocksCommand with id=1568280408322 timed out. Retrying.
2019-09-12 09:26:57,549 [pool-7-thread-2] INFO  commands.RetriableDatanodeEventWatcher (RetriableDatanodeEventWatcher.java:onTimeout(47)) - RetriableDatanodeCommand type=deleteBlocksCommand with id=1568280408332 timed out. Retrying.
2019-09-12 09:26:57,564 [pool-7-thread-2] INFO  commands.RetriableDatanodeEventWatcher (RetriableDatanodeEventWatcher.java:onTimeout(47)) - RetriableDatanodeCommand type=deleteBlocksCommand with id=1568280408342 timed out. Retrying.
2019-09-12 09:26:57,578 [pool-7-thread-2] INFO  commands.RetriableDatanodeEventWatcher (RetriableDatanodeEventWatcher.java:onTimeout(47)) - RetriableDatanodeCommand type=deleteBlocksCommand with id=1568280408352 timed out. Retrying.
2019-09-12 09:26:57,578 [pool-7-thread-1] INFO  commands.RetriableDatanodeEventWatcher (RetriableDatanodeEventWatcher.java:onTimeout(47)) - RetriableDatanodeCommand type=deleteBlocksCommand with id=1568280408381 timed out. Retrying.
2019-09-12 09:26:57,593 [pool-7-thread-1] INFO  commands.RetriableDatanodeEventWatcher (RetriableDatanodeEventWatcher.java:onTimeout(47)) - RetriableDatanodeCommand type=deleteBlocksCommand with id=1568280408362 timed out. Retrying.
2019-09-12 09:26:57,594 [pool-7-thread-2] INFO  commands.RetriableDatanodeEventWatcher (RetriableDatanodeEventWatcher.java:onTimeout(47)) - RetriableDatanodeCommand type=deleteBlocksCommand with id=1568280408391 timed out. Retrying.
2019-09-12 09:26:57,606 [pool-7-thread-2] INFO  commands.RetriableDatanodeEventWatcher (RetriableDatanodeEventWatcher.java:onTimeout(47)) - RetriableDatanodeCommand type=deleteBlocksCommand with id=1568280408372 timed out. Retrying.
2019-09-12 09:26:57,608 [SCMBlockDeletingService#1] DEBUG block.SCMBlockDeletingService (SCMBlockDeletingService.java:call(138)) - Running DeletedBlockTransactionScanner
2019-09-12 09:26:57,608 [SCMBlockDeletingService#1] DEBUG block.SCMBlockDeletingService (SCMBlockDeletingService.java:call(155)) - Scanned deleted blocks log and got 3 delTX to process.
2019-09-12 09:26:57,609 [SCMBlockDeletingService#1] DEBUG block.SCMBlockDeletingService (SCMBlockDeletingService.java:call(171)) - Added delete block command for datanode b50d6464-f54a-40d1-9f81-f1c19654fd05 in the queue, number of delete block transactions: 3, TxID list: 1,2,3
2019-09-12 09:26:57,609 [SCMBlockDeletingService#1] INFO  block.SCMBlockDeletingService (SCMBlockDeletingService.java:call(182)) - Totally added 3 delete blocks command for 1 datanodes, task elapsed time: 2ms
2019-09-12 09:26:57,621 [pool-7-thread-2] INFO  commands.RetriableDatanodeEventWatcher (RetriableDatanodeEventWatcher.java:onTimeout(47)) - RetriableDatanodeCommand type=deleteBlocksCommand with id=1568280408313 timed out. Retrying.
2019-09-12 09:26:57,635 [pool-7-thread-2] INFO  commands.RetriableDatanodeEventWatcher (RetriableDatanodeEventWatcher.java:onTimeout(47)) - RetriableDatanodeCommand type=deleteBlocksCommand with id=1568280408323 timed out. Retrying.
2019-09-12 09:26:57,650 [pool-7-thread-2] INFO  commands.RetriableDatanodeEventWatcher (RetriableDatanodeEventWatcher.java:onTimeout(47)) - RetriableDatanodeCommand type=deleteBlocksCommand with id=1568280408333 timed out. Retrying.
2019-09-12 09:26:57,665 [pool-7-thread-2] INFO  commands.RetriableDatanodeEventWatcher (RetriableDatanodeEventWatcher.java:onTimeout(47)) - RetriableDatanodeCommand type=deleteBlocksCommand with id=1568280408343 timed out. Retrying.
2019-09-12 09:26:57,680 [pool-7-thread-2] INFO  commands.RetriableDatanodeEventWatcher (RetriableDatanodeEventWatcher.java:onTimeout(47)) - RetriableDatanodeCommand type=deleteBlocksCommand with id=1568280408382 timed out. Retrying.
2019-09-12 09:26:57,682 [pool-7-thread-2] INFO  commands.RetriableDatanodeEventWatcher (RetriableDatanodeEventWatcher.java:onTimeout(47)) - RetriableDatanodeCommand type=deleteBlocksCommand with id=1568280408353 timed out. Retrying.
2019-09-12 09:26:57,694 [pool-7-thread-2] INFO  commands.RetriableDatanodeEventWatcher (RetriableDatanodeEventWatcher.java:onTimeout(47)) - RetriableDatanodeCommand type=deleteBlocksCommand with id=1568280408363 timed out. Retrying.
2019-09-12 09:26:57,695 [pool-7-thread-2] INFO  commands.RetriableDatanodeEventWatcher (RetriableDatanodeEventWatcher.java:onTimeout(47)) - RetriableDatanodeCommand type=deleteBlocksCommand with id=1568280408392 timed out. Retrying.
2019-09-12 09:26:57,706 [pool-7-thread-2] INFO  commands.RetriableDatanodeEventWatcher (RetriableDatanodeEventWatcher.java:onTimeout(47)) - RetriableDatanodeCommand type=deleteBlocksCommand with id=1568280408373 timed out. Retrying.
2019-09-12 09:26:57,709 [SCMBlockDeletingService#1] DEBUG block.SCMBlockDeletingService (SCMBlockDeletingService.java:call(138)) - Running DeletedBlockTransactionScanner
2019-09-12 09:26:57,710 [SCMBlockDeletingService#1] DEBUG block.SCMBlockDeletingService (SCMBlockDeletingService.java:call(155)) - Scanned deleted blocks log and got 3 delTX to process.
2019-09-12 09:26:57,710 [SCMBlockDeletingService#1] DEBUG block.SCMBlockDeletingService (SCMBlockDeletingService.java:call(171)) - Added delete block command for datanode b50d6464-f54a-40d1-9f81-f1c19654fd05 in the queue, number of delete block transactions: 3, TxID list: 1,2,3
2019-09-12 09:26:57,711 [SCMBlockDeletingService#1] INFO  block.SCMBlockDeletingService (SCMBlockDeletingService.java:call(182)) - Totally added 3 delete blocks command for 1 datanodes, task elapsed time: 1ms
2019-09-12 09:26:57,722 [pool-7-thread-2] INFO  commands.RetriableDatanodeEventWatcher (RetriableDatanodeEventWatcher.java:onTimeout(47)) - RetriableDatanodeCommand type=deleteBlocksCommand with id=1568280408314 timed out. Retrying.
2019-09-12 09:26:57,736 [pool-7-thread-2] INFO  commands.RetriableDatanodeEventWatcher (RetriableDatanodeEventWatcher.java:onTimeout(47)) - RetriableDatanodeCommand type=deleteBlocksCommand with id=1568280408324 timed out. Retrying.
2019-09-12 09:26:57,754 [pool-7-thread-2] INFO  commands.RetriableDatanodeEventWatcher (RetriableDatanodeEventWatcher.java:onTimeout(47)) - RetriableDatanodeCommand type=deleteBlocksCommand with id=1568280408334 timed out. Retrying.
2019-09-12 09:26:57,766 [pool-7-thread-2] INFO  commands.RetriableDatanodeEventWatcher (RetriableDatanodeEventWatcher.java:onTimeout(47)) - RetriableDatanodeCommand type=deleteBlocksCommand with id=1568280408344 timed out. Retrying.
2019-09-12 09:26:57,782 [pool-7-thread-2] INFO  commands.RetriableDatanodeEventWatcher (RetriableDatanodeEventWatcher.java:onTimeout(47)) - RetriableDatanodeCommand type=deleteBlocksCommand with id=1568280408354 timed out. Retrying.
2019-09-12 09:26:57,782 [pool-7-thread-1] INFO  commands.RetriableDatanodeEventWatcher (RetriableDatanodeEventWatcher.java:onTimeout(47)) - RetriableDatanodeCommand type=deleteBlocksCommand with id=1568280408383 timed out. Retrying.
2019-09-12 09:26:57,794 [pool-7-thread-1] INFO  commands.RetriableDatanodeEventWatcher (RetriableDatanodeEventWatcher.java:onTimeout(47)) - RetriableDatanodeCommand type=deleteBlocksCommand with id=1568280408364 timed out. Retrying.
2019-09-12 09:26:57,796 [pool-7-thread-1] INFO  commands.RetriableDatanodeEventWatcher (RetriableDatanodeEventWatcher.java:onTimeout(47)) - RetriableDatanodeCommand type=deleteBlocksCommand with id=1568280408393 timed out. Retrying.
2019-09-12 09:26:57,811 [SCMBlockDeletingService#1] DEBUG block.SCMBlockDeletingService (SCMBlockDeletingService.java:call(138)) - Running DeletedBlockTransactionScanner
2019-09-12 09:26:57,812 [SCMBlockDeletingService#1] DEBUG block.SCMBlockDeletingService (SCMBlockDeletingService.java:call(155)) - Scanned deleted blocks log and got 3 delTX to process.
2019-09-12 09:26:57,812 [SCMBlockDeletingService#1] DEBUG block.SCMBlockDeletingService (SCMBlockDeletingService.java:call(171)) - Added delete block command for datanode b50d6464-f54a-40d1-9f81-f1c19654fd05 in the queue, number of delete block transactions: 3, TxID list: 1,2,3
2019-09-12 09:26:57,812 [SCMBlockDeletingService#1] INFO  block.SCMBlockDeletingService (SCMBlockDeletingService.java:call(182)) - Totally added 3 delete blocks command for 1 datanodes, task elapsed time: 1ms
2019-09-12 09:26:57,823 [pool-7-thread-1] INFO  commands.RetriableDatanodeEventWatcher (RetriableDatanodeEventWatcher.java:onTimeout(47)) - RetriableDatanodeCommand type=deleteBlocksCommand with id=1568280408315 timed out. Retrying.
2019-09-12 09:26:57,838 [pool-7-thread-1] INFO  commands.RetriableDatanodeEventWatcher (RetriableDatanodeEventWatcher.java:onTimeout(47)) - RetriableDatanodeCommand type=deleteBlocksCommand with id=1568280408325 timed out. Retrying.
2019-09-12 09:26:57,853 [pool-7-thread-1] INFO  commands.RetriableDatanodeEventWatcher (RetriableDatanodeEventWatcher.java:onTimeout(47)) - RetriableDatanodeCommand type=deleteBlocksCommand with id=1568280408335 timed out. Retrying.
2019-09-12 09:26:57,870 [pool-7-thread-1] INFO  commands.RetriableDatanodeEventWatcher (RetriableDatanodeEventWatcher.java:onTimeout(47)) - RetriableDatanodeCommand type=deleteBlocksCommand with id=1568280408374 timed out. Retrying.
2019-09-12 09:26:57,870 [pool-7-thread-2] INFO  commands.RetriableDatanodeEventWatcher (RetriableDatanodeEventWatcher.java:onTimeout(47)) - RetriableDatanodeCommand type=deleteBlocksCommand with id=1568280408345 timed out. Retrying.
2019-09-12 09:26:57,884 [pool-7-thread-2] INFO  commands.RetriableDatanodeEventWatcher (RetriableDatanodeEventWatcher.java:onTimeout(47)) - RetriableDatanodeCommand type=deleteBlocksCommand with id=1568280408355 timed out. Retrying.
2019-09-12 09:26:57,884 [pool-7-thread-1] INFO  commands.RetriableDatanodeEventWatcher (RetriableDatanodeEventWatcher.java:onTimeout(47)) - RetriableDatanodeCommand type=deleteBlocksCommand with id=1568280408384 timed out. Retrying.
2019-09-12 09:26:57,895 [pool-7-thread-1] INFO  commands.RetriableDatanodeEventWatcher (RetriableDatanodeEventWatcher.java:onTimeout(47)) - RetriableDatanodeCommand type=deleteBlocksCommand with id=1568280408365 timed out. Retrying.
2019-09-12 09:26:57,898 [pool-7-thread-1] INFO  commands.RetriableDatanodeEventWatcher (RetriableDatanodeEventWatcher.java:onTimeout(47)) - RetriableDatanodeCommand type=deleteBlocksCommand with id=1568280408394 timed out. Retrying.
2019-09-12 09:26:57,913 [SCMBlockDeletingService#1] DEBUG block.SCMBlockDeletingService (SCMBlockDeletingService.java:call(138)) - Running DeletedBlockTransactionScanner
2019-09-12 09:26:57,913 [SCMBlockDeletingService#1] DEBUG block.SCMBlockDeletingService (SCMBlockDeletingService.java:call(155)) - Scanned deleted blocks log and got 3 delTX to process.
2019-09-12 09:26:57,913 [SCMBlockDeletingService#1] DEBUG block.SCMBlockDeletingService (SCMBlockDeletingService.java:call(171)) - Added delete block command for datanode b50d6464-f54a-40d1-9f81-f1c19654fd05 in the queue, number of delete block transactions: 3, TxID list: 1,2,3
2019-09-12 09:26:57,914 [SCMBlockDeletingService#1] INFO  block.SCMBlockDeletingService (SCMBlockDeletingService.java:call(182)) - Totally added 3 delete blocks command for 1 datanodes, task elapsed time: 1ms
2019-09-12 09:26:57,928 [pool-7-thread-1] INFO  commands.RetriableDatanodeEventWatcher (RetriableDatanodeEventWatcher.java:onTimeout(47)) - RetriableDatanodeCommand type=deleteBlocksCommand with id=1568280408316 timed out. Retrying.
2019-09-12 09:26:57,937 [pool-7-thread-1] INFO  commands.RetriableDatanodeEventWatcher (RetriableDatanodeEventWatcher.java:onTimeout(47)) - RetriableDatanodeCommand type=deleteBlocksCommand with id=1568280408326 timed out. Retrying.
2019-09-12 09:26:57,958 [pool-7-thread-1] INFO  commands.RetriableDatanodeEventWatcher (RetriableDatanodeEventWatcher.java:onTimeout(47)) - RetriableDatanodeCommand type=deleteBlocksCommand with id=1568280408336 timed out. Retrying.
2019-09-12 09:26:57,969 [pool-7-thread-1] INFO  commands.RetriableDatanodeEventWatcher (RetriableDatanodeEventWatcher.java:onTimeout(47)) - RetriableDatanodeCommand type=deleteBlocksCommand with id=1568280408346 timed out. Retrying.
2019-09-12 09:26:57,973 [pool-7-thread-1] INFO  commands.RetriableDatanodeEventWatcher (RetriableDatanodeEventWatcher.java:onTimeout(47)) - RetriableDatanodeCommand type=deleteBlocksCommand with id=1568280408375 timed out. Retrying.
2019-09-12 09:26:57,985 [pool-7-thread-1] INFO  commands.RetriableDatanodeEventWatcher (RetriableDatanodeEventWatcher.java:onTimeout(47)) - RetriableDatanodeCommand type=deleteBlocksCommand with id=1568280408356 timed out. Retrying.
2019-09-12 09:26:57,985 [pool-7-thread-2] INFO  commands.RetriableDatanodeEventWatcher (RetriableDatanodeEventWatcher.java:onTimeout(47)) - RetriableDatanodeCommand type=deleteBlocksCommand with id=1568280408385 timed out. Retrying.
2019-09-12 09:26:57,999 [pool-7-thread-2] INFO  commands.RetriableDatanodeEventWatcher (RetriableDatanodeEventWatcher.java:onTimeout(47)) - RetriableDatanodeCommand type=deleteBlocksCommand with id=1568280408366 timed out. Retrying.
2019-09-12 09:26:57,999 [pool-7-thread-2] INFO  commands.RetriableDatanodeEventWatcher (RetriableDatanodeEventWatcher.java:onTimeout(47)) - RetriableDatanodeCommand type=deleteBlocksCommand with id=1568280408395 timed out. Retrying.
2019-09-12 09:26:58,014 [SCMBlockDeletingService#1] DEBUG block.SCMBlockDeletingService (SCMBlockDeletingService.java:call(138)) - Running DeletedBlockTransactionScanner
2019-09-12 09:26:58,015 [SCMBlockDeletingService#1] DEBUG block.SCMBlockDeletingService (SCMBlockDeletingService.java:call(155)) - Scanned deleted blocks log and got 3 delTX to process.
2019-09-12 09:26:58,015 [SCMBlockDeletingService#1] DEBUG block.SCMBlockDeletingService (SCMBlockDeletingService.java:call(171)) - Added delete block command for datanode b50d6464-f54a-40d1-9f81-f1c19654fd05 in the queue, number of delete block transactions: 3, TxID list: 1,2,3
2019-09-12 09:26:58,015 [SCMBlockDeletingService#1] INFO  block.SCMBlockDeletingService (SCMBlockDeletingService.java:call(182)) - Totally added 3 delete blocks command for 1 datanodes, task elapsed time: 1ms
2019-09-12 09:26:58,027 [pool-7-thread-2] INFO  commands.RetriableDatanodeEventWatcher (RetriableDatanodeEventWatcher.java:onTimeout(47)) - RetriableDatanodeCommand type=deleteBlocksCommand with id=1568280408317 timed out. Retrying.
2019-09-12 09:26:58,042 [pool-7-thread-2] INFO  commands.RetriableDatanodeEventWatcher (RetriableDatanodeEventWatcher.java:onTimeout(47)) - RetriableDatanodeCommand type=deleteBlocksCommand with id=1568280408327 timed out. Retrying.
2019-09-12 09:26:58,056 [pool-7-thread-2] INFO  commands.RetriableDatanodeEventWatcher (RetriableDatanodeEventWatcher.java:onTimeout(47)) - RetriableDatanodeCommand type=deleteBlocksCommand with id=1568280408337 timed out. Retrying.
2019-09-12 09:26:58,072 [pool-7-thread-2] INFO  commands.RetriableDatanodeEventWatcher (RetriableDatanodeEventWatcher.java:onTimeout(47)) - RetriableDatanodeCommand type=deleteBlocksCommand with id=1568280408376 timed out. Retrying.
2019-09-12 09:26:58,072 [pool-7-thread-1] INFO  commands.RetriableDatanodeEventWatcher (RetriableDatanodeEventWatcher.java:onTimeout(47)) - RetriableDatanodeCommand type=deleteBlocksCommand with id=1568280408347 timed out. Retrying.
2019-09-12 09:26:58,085 [pool-7-thread-1] INFO  commands.RetriableDatanodeEventWatcher (RetriableDatanodeEventWatcher.java:onTimeout(47)) - RetriableDatanodeCommand type=deleteBlocksCommand with id=1568280408357 timed out. Retrying.
2019-09-12 09:26:58,085 [pool-7-thread-1] INFO  commands.RetriableDatanodeEventWatcher (RetriableDatanodeEventWatcher.java:onTimeout(47)) - RetriableDatanodeCommand type=deleteBlocksCommand with id=1568280408386 timed out. Retrying.
2019-09-12 09:26:58,101 [pool-7-thread-1] INFO  commands.RetriableDatanodeEventWatcher (RetriableDatanodeEventWatcher.java:onTimeout(47)) - RetriableDatanodeCommand type=deleteBlocksCommand with id=1568280408367 timed out. Retrying.
2019-09-12 09:26:58,101 [pool-7-thread-1] INFO  commands.RetriableDatanodeEventWatcher (RetriableDatanodeEventWatcher.java:onTimeout(47)) - RetriableDatanodeCommand type=deleteBlocksCommand with id=1568280408396 timed out. Retrying.
2019-09-12 09:26:58,115 [main] INFO  ozone.MiniOzoneClusterImpl (MiniOzoneClusterImpl.java:lambda$waitForClusterToBeReady$0(140)) - Waiting for cluster to be ready. Got 0 of 1 DN Heartbeats.
2019-09-12 09:26:58,116 [SCMBlockDeletingService#1] DEBUG block.SCMBlockDeletingService (SCMBlockDeletingService.java:call(138)) - Running DeletedBlockTransactionScanner
2019-09-12 09:26:58,116 [SCMBlockDeletingService#1] DEBUG block.SCMBlockDeletingService (SCMBlockDeletingService.java:call(155)) - Scanned deleted blocks log and got 3 delTX to process.
2019-09-12 09:26:58,116 [SCMBlockDeletingService#1] DEBUG block.SCMBlockDeletingService (SCMBlockDeletingService.java:call(171)) - Added delete block command for datanode b50d6464-f54a-40d1-9f81-f1c19654fd05 in the queue, number of delete block transactions: 3, TxID list: 1,2,3
2019-09-12 09:26:58,117 [SCMBlockDeletingService#1] INFO  block.SCMBlockDeletingService (SCMBlockDeletingService.java:call(182)) - Totally added 3 delete blocks command for 1 datanodes, task elapsed time: 1ms
2019-09-12 09:26:58,126 [EventQueue-PendingDeleteStatusForPendingDeleteHandler] INFO  block.SCMBlockDeletingService (SCMBlockDeletingService.java:handlePendingDeletes(115)) - Block deletion txnID mismatch in datanode b50d6464-f54a-40d1-9f81-f1c19654fd05 for containerID 1. Datanode delete txnID: 0, SCM txnID: 1
2019-09-12 09:26:58,126 [EventQueue-PendingDeleteStatusForPendingDeleteHandler] INFO  block.SCMBlockDeletingService (SCMBlockDeletingService.java:handlePendingDeletes(115)) - Block deletion txnID mismatch in datanode b50d6464-f54a-40d1-9f81-f1c19654fd05 for containerID 2. Datanode delete txnID: 0, SCM txnID: 2
2019-09-12 09:26:58,126 [EventQueue-PendingDeleteStatusForPendingDeleteHandler] INFO  block.SCMBlockDeletingService (SCMBlockDeletingService.java:handlePendingDeletes(115)) - Block deletion txnID mismatch in datanode b50d6464-f54a-40d1-9f81-f1c19654fd05 for containerID 3. Datanode delete txnID: 0, SCM txnID: 3
2019-09-12 09:26:58,129 [pool-7-thread-1] INFO  commands.RetriableDatanodeEventWatcher (RetriableDatanodeEventWatcher.java:onTimeout(47)) - RetriableDatanodeCommand type=deleteBlocksCommand with id=1568280408318 timed out. Retrying.
2019-09-12 09:26:58,144 [pool-7-thread-1] INFO  commands.RetriableDatanodeEventWatcher (RetriableDatanodeEventWatcher.java:onTimeout(47)) - RetriableDatanodeCommand type=deleteBlocksCommand with id=1568280408328 timed out. Retrying.
2019-09-12 09:26:58,157 [pool-7-thread-1] INFO  commands.RetriableDatanodeEventWatcher (RetriableDatanodeEventWatcher.java:onTimeout(47)) - RetriableDatanodeCommand type=deleteBlocksCommand with id=1568280408338 timed out. Retrying.
2019-09-12 09:26:58,172 [pool-7-thread-1] INFO  commands.RetriableDatanodeEventWatcher (RetriableDatanodeEventWatcher.java:onTimeout(47)) - RetriableDatanodeCommand type=deleteBlocksCommand with id=1568280408377 timed out. Retrying.
2019-09-12 09:26:58,174 [pool-7-thread-1] INFO  commands.RetriableDatanodeEventWatcher (RetriableDatanodeEventWatcher.java:onTimeout(47)) - RetriableDatanodeCommand type=deleteBlocksCommand with id=1568280408348 timed out. Retrying.
2019-09-12 09:26:58,187 [pool-7-thread-1] INFO  commands.RetriableDatanodeEventWatcher (RetriableDatanodeEventWatcher.java:onTimeout(47)) - RetriableDatanodeCommand type=deleteBlocksCommand with id=1568280408358 timed out. Retrying.
2019-09-12 09:26:58,187 [pool-7-thread-1] INFO  commands.RetriableDatanodeEventWatcher (RetriableDatanodeEventWatcher.java:onTimeout(47)) - RetriableDatanodeCommand type=deleteBlocksCommand with id=1568280408387 timed out. Retrying.
2019-09-12 09:26:58,200 [pool-7-thread-1] INFO  commands.RetriableDatanodeEventWatcher (RetriableDatanodeEventWatcher.java:onTimeout(47)) - RetriableDatanodeCommand type=deleteBlocksCommand with id=1568280408368 timed out. Retrying.
2019-09-12 09:26:58,203 [pool-7-thread-1] INFO  commands.RetriableDatanodeEventWatcher (RetriableDatanodeEventWatcher.java:onTimeout(47)) - RetriableDatanodeCommand type=deleteBlocksCommand with id=1568280408397 timed out. Retrying.
2019-09-12 09:26:58,217 [SCMBlockDeletingService#1] DEBUG block.SCMBlockDeletingService (SCMBlockDeletingService.java:call(138)) - Running DeletedBlockTransactionScanner
2019-09-12 09:26:58,217 [SCMBlockDeletingService#1] DEBUG block.SCMBlockDeletingService (SCMBlockDeletingService.java:call(155)) - Scanned deleted blocks log and got 3 delTX to process.
2019-09-12 09:26:58,218 [SCMBlockDeletingService#1] DEBUG block.SCMBlockDeletingService (SCMBlockDeletingService.java:call(171)) - Added delete block command for datanode b50d6464-f54a-40d1-9f81-f1c19654fd05 in the queue, number of delete block transactions: 3, TxID list: 1,2,3
2019-09-12 09:26:58,218 [SCMBlockDeletingService#1] INFO  block.SCMBlockDeletingService (SCMBlockDeletingService.java:call(182)) - Totally added 3 delete blocks command for 1 datanodes, task elapsed time: 1ms
2019-09-12 09:26:58,230 [pool-7-thread-1] INFO  commands.RetriableDatanodeEventWatcher (RetriableDatanodeEventWatcher.java:onTimeout(47)) - RetriableDatanodeCommand type=deleteBlocksCommand with id=1568280408319 timed out. Retrying.
2019-09-12 09:26:58,243 [pool-7-thread-1] INFO  commands.RetriableDatanodeEventWatcher (RetriableDatanodeEventWatcher.java:onTimeout(47)) - RetriableDatanodeCommand type=deleteBlocksCommand with id=1568280408329 timed out. Retrying.
2019-09-12 09:26:58,261 [pool-7-thread-1] INFO  commands.RetriableDatanodeEventWatcher (RetriableDatanodeEventWatcher.java:onTimeout(47)) - RetriableDatanodeCommand type=deleteBlocksCommand with id=1568280408339 timed out. Retrying.
2019-09-12 09:26:58,273 [pool-7-thread-1] INFO  commands.RetriableDatanodeEventWatcher (RetriableDatanodeEventWatcher.java:onTimeout(47)) - RetriableDatanodeCommand type=deleteBlocksCommand with id=1568280408349 timed out. Retrying.
2019-09-12 09:26:58,274 [pool-7-thread-1] INFO  commands.RetriableDatanodeEventWatcher (RetriableDatanodeEventWatcher.java:onTimeout(47)) - RetriableDatanodeCommand type=deleteBlocksCommand with id=1568280408378 timed out. Retrying.
2019-09-12 09:26:58,288 [pool-7-thread-1] INFO  commands.RetriableDatanodeEventWatcher (RetriableDatanodeEventWatcher.java:onTimeout(47)) - RetriableDatanodeCommand type=deleteBlocksCommand with id=1568280408359 timed out. Retrying.
2019-09-12 09:26:58,288 [pool-7-thread-2] INFO  commands.RetriableDatanodeEventWatcher (RetriableDatanodeEventWatcher.java:onTimeout(47)) - RetriableDatanodeCommand type=deleteBlocksCommand with id=1568280408388 timed out. Retrying.
2019-09-12 09:26:58,303 [pool-7-thread-2] INFO  commands.RetriableDatanodeEventWatcher (RetriableDatanodeEventWatcher.java:onTimeout(47)) - RetriableDatanodeCommand type=deleteBlocksCommand with id=1568280408369 timed out. Retrying.
2019-09-12 09:26:58,304 [pool-7-thread-2] INFO  commands.RetriableDatanodeEventWatcher (RetriableDatanodeEventWatcher.java:onTimeout(47)) - RetriableDatanodeCommand type=deleteBlocksCommand with id=1568280408398 timed out. Retrying.
2019-09-12 09:26:58,316 [pool-7-thread-2] INFO  commands.RetriableDatanodeEventWatcher (RetriableDatanodeEventWatcher.java:onTimeout(47)) - RetriableDatanodeCommand type=deleteBlocksCommand with id=1568280408310 timed out. Retrying.
2019-09-12 09:26:58,318 [SCMBlockDeletingService#1] DEBUG block.SCMBlockDeletingService (SCMBlockDeletingService.java:call(138)) - Running DeletedBlockTransactionScanner
2019-09-12 09:26:58,319 [SCMBlockDeletingService#1] DEBUG block.SCMBlockDeletingService (SCMBlockDeletingService.java:call(155)) - Scanned deleted blocks log and got 3 delTX to process.
2019-09-12 09:26:58,319 [SCMBlockDeletingService#1] DEBUG block.SCMBlockDeletingService (SCMBlockDeletingService.java:call(171)) - Added delete block command for datanode b50d6464-f54a-40d1-9f81-f1c19654fd05 in the queue, number of delete block transactions: 3, TxID list: 1,2,3
2019-09-12 09:26:58,320 [SCMBlockDeletingService#1] INFO  block.SCMBlockDeletingService (SCMBlockDeletingService.java:call(182)) - Totally added 3 delete blocks command for 1 datanodes, task elapsed time: 1ms
2019-09-12 09:26:58,331 [pool-7-thread-2] INFO  commands.RetriableDatanodeEventWatcher (RetriableDatanodeEventWatcher.java:onTimeout(47)) - RetriableDatanodeCommand type=deleteBlocksCommand with id=1568280408320 timed out. Retrying.
2019-09-12 09:26:58,348 [pool-7-thread-2] INFO  commands.RetriableDatanodeEventWatcher (RetriableDatanodeEventWatcher.java:onTimeout(47)) - RetriableDatanodeCommand type=deleteBlocksCommand with id=1568280408330 timed out. Retrying.
2019-09-12 09:26:58,361 [pool-7-thread-2] INFO  commands.RetriableDatanodeEventWatcher (RetriableDatanodeEventWatcher.java:onTimeout(47)) - RetriableDatanodeCommand type=deleteBlocksCommand with id=1568280408340 timed out. Retrying.
2019-09-12 09:26:58,376 [pool-7-thread-2] INFO  commands.RetriableDatanodeEventWatcher (RetriableDatanodeEventWatcher.java:onTimeout(47)) - RetriableDatanodeCommand type=deleteBlocksCommand with id=1568280408379 timed out. Retrying.
2019-09-12 09:26:58,376 [pool-7-thread-1] INFO  commands.RetriableDatanodeEventWatcher (RetriableDatanodeEventWatcher.java:onTimeout(47)) - RetriableDatanodeCommand type=deleteBlocksCommand with id=1568280408350 timed out. Retrying.
2019-09-12 09:26:58,391 [pool-7-thread-1] INFO  commands.RetriableDatanodeEventWatcher (RetriableDatanodeEventWatcher.java:onTimeout(47)) - RetriableDatanodeCommand type=deleteBlocksCommand with id=1568280408360 timed out. Retrying.
2019-09-12 09:26:58,391 [pool-7-thread-2] INFO  commands.RetriableDatanodeEventWatcher (RetriableDatanodeEventWatcher.java:onTimeout(47)) - RetriableDatanodeCommand type=deleteBlocksCommand with id=1568280408389 timed out. Retrying.
2019-09-12 09:26:58,405 [pool-7-thread-2] INFO  commands.RetriableDatanodeEventWatcher (RetriableDatanodeEventWatcher.java:onTimeout(47)) - RetriableDatanodeCommand type=deleteBlocksCommand with id=1568280408370 timed out. Retrying.
2019-09-12 09:26:58,405 [pool-7-thread-2] INFO  commands.RetriableDatanodeEventWatcher (RetriableDatanodeEventWatcher.java:onTimeout(47)) - RetriableDatanodeCommand type=deleteBlocksCommand with id=1568280408399 timed out. Retrying.
2019-09-12 09:26:58,420 [SCMBlockDeletingService#1] DEBUG block.SCMBlockDeletingService (SCMBlockDeletingService.java:call(138)) - Running DeletedBlockTransactionScanner
2019-09-12 09:26:58,420 [SCMBlockDeletingService#1] DEBUG block.SCMBlockDeletingService (SCMBlockDeletingService.java:call(155)) - Scanned deleted blocks log and got 3 delTX to process.
2019-09-12 09:26:58,421 [SCMBlockDeletingService#1] DEBUG block.SCMBlockDeletingService (RetriableDatanodeEventWatcher.java:onTimeout(47)) - RetriableDatanodeCommand type=deleteBlocksCommand with id=1568280408311 timed out. Retrying.
SCMBlockDeletingService.java:call(171)) - Added delete block command for datanode b50d6464-f54a-40d1-9f81-f1c19654fd05 in the queue, number of delete block transactions: 3, TxID list: 1,2,3
2019-09-12 09:26:58,421 [pool-7-thread-2] INFO  commands.RetriableDatanodeEventWatcher (RetriableDatanodeEventWatcher.java:onTimeout(47)) - RetriableDatanodeCommand type=deleteBlocksCommand with id=1568280408311 timed out. Retrying.
2019-09-12 09:26:58,421 [SCMBlockDeletingService#1] INFO  block.SCMBlockDeletingService (SCMBlockDeletingService.java:call(182)) - Totally added 3 delete blocks command for 1 datanodes, task elapsed time: 1ms
2019-09-12 09:26:58,433 [pool-7-thread-2] INFO  commands.RetriableDatanodeEventWatcher (RetriableDatanodeEventWatcher.java:onTimeout(47)) - RetriableDatanodeCommand type=deleteBlocksCommand with id=1568280408321 timed out. Retrying.
2019-09-12 09:26:58,449 [pool-7-thread-2] INFO  commands.RetriableDatanodeEventWatcher (RetriableDatanodeEventWatcher.java:onTimeout(47)) - RetriableDatanodeCommand type=deleteBlocksCommand with id=1568280408331 timed out. Retrying.
2019-09-12 09:26:58,462 [pool-7-thread-2] INFO  commands.RetriableDatanodeEventWatcher (RetriableDatanodeEventWatcher.java:onTimeout(47)) - RetriableDatanodeCommand type=deleteBlocksCommand with id=1568280408341 timed out. Retrying.
2019-09-12 09:26:58,477 [pool-7-thread-2] INFO  commands.RetriableDatanodeEventWatcher (RetriableDatanodeEventWatcher.java:onTimeout(47)) - RetriableDatanodeCommand type=deleteBlocksCommand with id=1568280408380 timed out. Retrying.
2019-09-12 09:26:58,478 [pool-7-thread-2] INFO  commands.RetriableDatanodeEventWatcher (RetriableDatanodeEventWatcher.java:onTimeout(47)) - RetriableDatanodeCommand type=deleteBlocksCommand with id=1568280408351 timed out. Retrying.
2019-09-12 09:26:58,493 [pool-7-thread-2] INFO  commands.RetriableDatanodeEventWatcher (RetriableDatanodeEventWatcher.java:onTimeout(47)) - RetriableDatanodeCommand type=deleteBlocksCommand with id=1568280408361 timed out. Retrying.
2019-09-12 09:26:58,493 [pool-7-thread-1] INFO  commands.RetriableDatanodeEventWatcher (RetriableDatanodeEventWatcher.java:onTimeout(47)) - RetriableDatanodeCommand type=deleteBlocksCommand with id=1568280408390 timed out. Retrying.
2019-09-12 09:26:58,505 [pool-7-thread-1] INFO  commands.RetriableDatanodeEventWatcher (RetriableDatanodeEventWatcher.java:onTimeout(47)) - RetriableDatanodeCommand type=deleteBlocksCommand with id=1568280408371 timed out. Retrying.
2019-09-12 09:26:58,507 [pool-7-thread-1] INFO  commands.RetriableDatanodeEventWatcher (RetriableDatanodeEventWatcher.java:onTimeout(47)) - RetriableDatanodeCommand type=deleteBlocksCommand with id=1568280408400 timed out. Retrying.
2019-09-12 09:26:58,521 [pool-7-thread-1] INFO  commands.RetriableDatanodeEventWatcher (RetriableDatanodeEventWatcher.java:onTimeout(47)) - RetriableDatanodeCommand type=deleteBlocksCommand with id=1568280408312 timed out. Retrying.
2019-09-12 09:26:58,521 [SCMBlockDeletingService#1] DEBUG block.SCMBlockDeletingService (SCMBlockDeletingService.java:call(138)) - Running DeletedBlockTransactionScanner
2019-09-12 09:26:58,522 [SCMBlockDeletingService#1] DEBUG block.SCMBlockDeletingService (SCMBlockDeletingService.java:call(155)) - Scanned deleted blocks log and got 3 delTX to process.
2019-09-12 09:26:58,522 [SCMBlockDeletingService#1] DEBUG block.SCMBlockDeletingService (SCMBlockDeletingService.java:call(171)) - Added delete block command for datanode b50d6464-f54a-40d1-9f81-f1c19654fd05 in the queue, number of delete block transactions: 3, TxID list: 1,2,3
2019-09-12 09:26:58,522 [SCMBlockDeletingService#1] INFO  block.SCMBlockDeletingService (SCMBlockDeletingService.java:call(182)) - Totally added 3 delete blocks command for 1 datanodes, task elapsed time: 1ms
2019-09-12 09:26:58,536 [pool-7-thread-1] INFO  commands.RetriableDatanodeEventWatcher (RetriableDatanodeEventWatcher.java:onTimeout(47)) - RetriableDatanodeCommand type=deleteBlocksCommand with id=1568280408322 timed out. Retrying.
2019-09-12 09:26:58,549 [pool-7-thread-1] INFO  commands.RetriableDatanodeEventWatcher (RetriableDatanodeEventWatcher.java:onTimeout(47)) - RetriableDatanodeCommand type=deleteBlocksCommand with id=1568280408332 timed out. Retrying.
2019-09-12 09:26:58,564 [pool-7-thread-1] INFO  commands.RetriableDatanodeEventWatcher (RetriableDatanodeEventWatcher.java:onTimeout(47)) - RetriableDatanodeCommand type=deleteBlocksCommand with id=1568280408342 timed out. Retrying.
2019-09-12 09:26:58,579 [pool-7-thread-1] INFO  commands.RetriableDatanodeEventWatcher (RetriableDatanodeEventWatcher.java:onTimeout(47)) - RetriableDatanodeCommand type=deleteBlocksCommand with id=1568280408352 timed out. Retrying.
2019-09-12 09:26:58,579 [pool-7-thread-2] INFO  commands.RetriableDatanodeEventWatcher (RetriableDatanodeEventWatcher.java:onTimeout(47)) - RetriableDatanodeCommand type=deleteBlocksCommand with id=1568280408381 timed out. Retrying.
2019-09-12 09:26:58,594 [pool-7-thread-2] INFO  commands.RetriableDatanodeEventWatcher (RetriableDatanodeEventWatcher.java:onTimeout(47)) - RetriableDatanodeCommand type=deleteBlocksCommand with id=1568280408362 timed out. Retrying.
2019-09-12 09:26:58,594 [pool-7-thread-1] INFO  commands.RetriableDatanodeEventWatcher (RetriableDatanodeEventWatcher.java:onTimeout(47)) - RetriableDatanodeCommand type=deleteBlocksCommand with id=1568280408391 timed out. Retrying.
2019-09-12 09:26:58,607 [pool-7-thread-1] INFO  commands.RetriableDatanodeEventWatcher (RetriableDatanodeEventWatcher.java:onTimeout(47)) - RetriableDatanodeCommand type=deleteBlocksCommand with id=1568280408372 timed out. Retrying.
2019-09-12 09:26:58,608 [pool-7-thread-1] INFO  commands.RetriableDatanodeEventWatcher (RetriableDatanodeEventWatcher.java:onTimeout(47)) - RetriableDatanodeCommand type=deleteBlocksCommand with id=1568280408401 timed out. Retrying.
2019-09-12 09:26:58,622 [pool-7-thread-1] INFO  commands.RetriableDatanodeEventWatcher (RetriableDatanodeEventWatcher.java:onTimeout(47)) - RetriableDatanodeCommand type=deleteBlocksCommand with id=1568280408313 timed out. Retrying.
2019-09-12 09:26:58,623 [SCMBlockDeletingService#1] DEBUG block.SCMBlockDeletingService (SCMBlockDeletingService.java:call(138)) - Running DeletedBlockTransactionScanner
2019-09-12 09:26:58,623 [SCMBlockDeletingService#1] DEBUG block.SCMBlockDeletingService (SCMBlockDeletingService.java:call(155)) - Scanned deleted blocks log and got 3 delTX to process.
2019-09-12 09:26:58,624 [SCMBlockDeletingService#1] DEBUG block.SCMBlockDeletingService (SCMBlockDeletingService.java:call(171)) - Added delete block command for datanode b50d6464-f54a-40d1-9f81-f1c19654fd05 in the queue, number of delete block transactions: 3, TxID list: 1,2,3
2019-09-12 09:26:58,624 [SCMBlockDeletingService#1] INFO  block.SCMBlockDeletingService (SCMBlockDeletingService.java:call(182)) - Totally added 3 delete blocks command for 1 datanodes, task elapsed time: 2ms
2019-09-12 09:26:58,636 [pool-7-thread-1] INFO  commands.RetriableDatanodeEventWatcher (RetriableDatanodeEventWatcher.java:onTimeout(47)) - RetriableDatanodeCommand type=deleteBlocksCommand with id=1568280408323 timed out. Retrying.
2019-09-12 09:26:58,649 [pool-7-thread-1] INFO  commands.RetriableDatanodeEventWatcher (RetriableDatanodeEventWatcher.java:onTimeout(47)) - RetriableDatanodeCommand type=deleteBlocksCommand with id=1568280408333 timed out. Retrying.
2019-09-12 09:26:58,666 [pool-7-thread-1] INFO  commands.RetriableDatanodeEventWatcher (RetriableDatanodeEventWatcher.java:onTimeout(47)) - RetriableDatanodeCommand type=deleteBlocksCommand with id=1568280408343 timed out. Retrying.
2019-09-12 09:26:58,680 [pool-7-thread-1] INFO  commands.RetriableDatanodeEventWatcher (RetriableDatanodeEventWatcher.java:onTimeout(47)) - RetriableDatanodeCommand type=deleteBlocksCommand with id=1568280408382 timed out. Retrying.
2019-09-12 09:26:58,683 [pool-7-thread-1] INFO  commands.RetriableDatanodeEventWatcher (RetriableDatanodeEventWatcher.java:onTimeout(47)) - RetriableDatanodeCommand type=deleteBlocksCommand with id=1568280408353 timed out. Retrying.
2019-09-12 09:26:58,694 [pool-7-thread-1] INFO  commands.RetriableDatanodeEventWatcher (RetriableDatanodeEventWatcher.java:onTimeout(47)) - RetriableDatanodeCommand type=deleteBlocksCommand with id=1568280408363 timed out. Retrying.
2019-09-12 09:26:58,695 [pool-7-thread-1] INFO  commands.RetriableDatanodeEventWatcher (RetriableDatanodeEventWatcher.java:onTimeout(47)) - RetriableDatanodeCommand type=deleteBlocksCommand with id=1568280408392 timed out. Retrying.
2019-09-12 09:26:58,707 [pool-7-thread-1] INFO  commands.RetriableDatanodeEventWatcher (RetriableDatanodeEventWatcher.java:onTimeout(47)) - RetriableDatanodeCommand type=deleteBlocksCommand with id=1568280408373 timed out. Retrying.
2019-09-12 09:26:58,710 [pool-7-thread-1] INFO  commands.RetriableDatanodeEventWatcher (RetriableDatanodeEventWatcher.java:onTimeout(47)) - RetriableDatanodeCommand type=deleteBlocksCommand with id=1568280408402 timed out. Retrying.
2019-09-12 09:26:58,722 [pool-7-thread-1] INFO  commands.RetriableDatanodeEventWatcher (RetriableDatanodeEventWatcher.java:onTimeout(47)) - RetriableDatanodeCommand type=deleteBlocksCommand with id=1568280408314 timed out. Retrying.
2019-09-12 09:26:58,724 [SCMBlockDeletingService#1] DEBUG block.SCMBlockDeletingService (SCMBlockDeletingService.java:call(138)) - Running DeletedBlockTransactionScanner
2019-09-12 09:26:58,725 [SCMBlockDeletingService#1] DEBUG block.SCMBlockDeletingService (SCMBlockDeletingService.java:call(155)) - Scanned deleted blocks log and got 3 delTX to process.
2019-09-12 09:26:58,725 [SCMBlockDeletingService#1] DEBUG block.SCMBlockDeletingService (SCMBlockDeletingService.java:call(171)) - Added delete block command for datanode b50d6464-f54a-40d1-9f81-f1c19654fd05 in the queue, number of delete block transactions: 3, TxID list: 1,2,3
2019-09-12 09:26:58,725 [SCMBlockDeletingService#1] INFO  block.SCMBlockDeletingService (SCMBlockDeletingService.java:call(182)) - Totally added 3 delete blocks command for 1 datanodes, task elapsed time: 1ms
2019-09-12 09:26:58,736 [pool-7-thread-1] INFO  commands.RetriableDatanodeEventWatcher (RetriableDatanodeEventWatcher.java:onTimeout(47)) - RetriableDatanodeCommand type=deleteBlocksCommand with id=1568280408324 timed out. Retrying.
2019-09-12 09:26:58,755 [pool-7-thread-1] INFO  commands.RetriableDatanodeEventWatcher (RetriableDatanodeEventWatcher.java:onTimeout(47)) - RetriableDatanodeCommand type=deleteBlocksCommand with id=1568280408334 timed out. Retrying.
2019-09-12 09:26:58,766 [pool-7-thread-1] INFO  commands.RetriableDatanodeEventWatcher (RetriableDatanodeEventWatcher.java:onTimeout(47)) - RetriableDatanodeCommand type=deleteBlocksCommand with id=1568280408344 timed out. Retrying.
2019-09-12 09:26:58,783 [pool-7-thread-1] INFO  commands.RetriableDatanodeEventWatcher (RetriableDatanodeEventWatcher.java:onTimeout(47)) - RetriableDatanodeCommand type=deleteBlocksCommand with id=1568280408354 timed out. Retrying.
2019-09-12 09:26:58,783 [pool-7-thread-2] INFO  commands.RetriableDatanodeEventWatcher (RetriableDatanodeEventWatcher.java:onTimeout(47)) - RetriableDatanodeCommand type=deleteBlocksCommand with id=1568280408383 timed out. Retrying.
2019-09-12 09:26:58,795 [pool-7-thread-2] INFO  commands.RetriableDatanodeEventWatcher (RetriableDatanodeEventWatcher.java:onTimeout(47)) - RetriableDatanodeCommand type=deleteBlocksCommand with id=1568280408364 timed out. Retrying.
2019-09-12 09:26:58,796 [pool-7-thread-2] INFO  commands.RetriableDatanodeEventWatcher (RetriableDatanodeEventWatcher.java:onTimeout(47)) - RetriableDatanodeCommand type=deleteBlocksCommand with id=1568280408393 timed out. Retrying.
2019-09-12 09:26:58,812 [pool-7-thread-2] INFO  commands.RetriableDatanodeEventWatcher (RetriableDatanodeEventWatcher.java:onTimeout(47)) - RetriableDatanodeCommand type=deleteBlocksCommand with id=1568280408403 timed out. Retrying.
2019-09-12 09:26:58,823 [pool-7-thread-2] INFO  commands.RetriableDatanodeEventWatcher (RetriableDatanodeEventWatcher.java:onTimeout(47)) - RetriableDatanodeCommand type=deleteBlocksCommand with id=1568280408315 timed out. Retrying.
2019-09-12 09:26:58,826 [SCMBlockDeletingService#1] DEBUG block.SCMBlockDeletingService (SCMBlockDeletingService.java:call(138)) - Running DeletedBlockTransactionScanner
2019-09-12 09:26:58,826 [SCMBlockDeletingService#1] DEBUG block.SCMBlockDeletingService (SCMBlockDeletingService.java:call(155)) - Scanned deleted blocks log and got 3 delTX to process.
2019-09-12 09:26:58,827 [SCMBlockDeletingService#1] DEBUG block.SCMBlockDeletingService (SCMBlockDeletingService.java:call(171)) - Added delete block command for datanode b50d6464-f54a-40d1-9f81-f1c19654fd05 in the queue, number of delete block transactions: 3, TxID list: 1,2,3
2019-09-12 09:26:58,827 [SCMBlockDeletingService#1] INFO  block.SCMBlockDeletingService (SCMBlockDeletingService.java:call(182)) - Totally added 3 delete blocks command for 1 datanodes, task elapsed time: 2ms
2019-09-12 09:26:58,839 [pool-7-thread-2] INFO  commands.RetriableDatanodeEventWatcher (RetriableDatanodeEventWatcher.java:onTimeout(47)) - RetriableDatanodeCommand type=deleteBlocksCommand with id=1568280408325 timed out. Retrying.
2019-09-12 09:26:58,853 [pool-7-thread-2] INFO  commands.RetriableDatanodeEventWatcher (RetriableDatanodeEventWatcher.java:onTimeout(47)) - RetriableDatanodeCommand type=deleteBlocksCommand with id=1568280408335 timed out. Retrying.
2019-09-12 09:26:58,871 [pool-7-thread-2] INFO  commands.RetriableDatanodeEventWatcher (RetriableDatanodeEventWatcher.java:onTimeout(47)) - RetriableDatanodeCommand type=deleteBlocksCommand with id=1568280408374 timed out. Retrying.
2019-09-12 09:26:58,871 [pool-7-thread-1] INFO  commands.RetriableDatanodeEventWatcher (RetriableDatanodeEventWatcher.java:onTimeout(47)) - RetriableDatanodeCommand type=deleteBlocksCommand with id=1568280408345 timed out. Retrying.
2019-09-12 09:26:58,885 [pool-7-thread-1] INFO  commands.RetriableDatanodeEventWatcher (RetriableDatanodeEventWatcher.java:onTimeout(47)) - RetriableDatanodeCommand type=deleteBlocksCommand with id=1568280408355 timed out. Retrying.
2019-09-12 09:26:58,885 [pool-7-thread-2] INFO  commands.RetriableDatanodeEventWatcher (RetriableDatanodeEventWatcher.java:onTimeout(47)) - RetriableDatanodeCommand type=deleteBlocksCommand with id=1568280408384 timed out. Retrying.
2019-09-12 09:26:58,896 [pool-7-thread-2] INFO  commands.RetriableDatanodeEventWatcher (RetriableDatanodeEventWatcher.java:onTimeout(47)) - RetriableDatanodeCommand type=deleteBlocksCommand with id=1568280408365 timed out. Retrying.
2019-09-12 09:26:58,899 [pool-7-thread-2] INFO  commands.RetriableDatanodeEventWatcher (RetriableDatanodeEventWatcher.java:onTimeout(47)) - RetriableDatanodeCommand type=deleteBlocksCommand with id=1568280408394 timed out. Retrying.
2019-09-12 09:26:58,913 [pool-7-thread-2] INFO  commands.RetriableDatanodeEventWatcher (RetriableDatanodeEventWatcher.java:onTimeout(47)) - RetriableDatanodeCommand type=deleteBlocksCommand with id=1568280408404 timed out. Retrying.
2019-09-12 09:26:58,927 [SCMBlockDeletingService#1] DEBUG block.SCMBlockDeletingService (SCMBlockDeletingService.java:call(138)) - Running DeletedBlockTransactionScanner
2019-09-12 09:26:58,928 [pool-7-thread-2] INFO  commands.RetriableDatanodeEventWatcher (SCMBlockDeletingService.java:call(155)) - Scanned deleted blocks log and got 3 delTX to process.
2019-09-12 09:26:58,928 [pool-7-thread-2] INFO  commands.RetriableDatanodeEventWatcher (RetriableDatanodeEventWatcher.java:onTimeout(47)) - RetriableDatanodeCommand type=deleteBlocksCommand with id=1568280408316 timed out. Retrying.
2019-09-12 09:26:58,928 [SCMBlockDeletingService#1] DEBUG block.SCMBlockDeletingService (SCMBlockDeletingService.java:call(171)) - Added delete block command for datanode b50d6464-f54a-40d1-9f81-f1c19654fd05 in the queue, number of delete block transactions: 3, TxID list: 1,2,3
2019-09-12 09:26:58,928 [SCMBlockDeletingService#1] INFO  block.SCMBlockDeletingService (SCMBlockDeletingService.java:call(182)) - Totally added 3 delete blocks command for 1 datanodes, task elapsed time: 1ms
2019-09-12 09:26:58,937 [pool-7-thread-2] INFO  commands.RetriableDatanodeEventWatcher (RetriableDatanodeEventWatcher.java:onTimeout(47)) - RetriableDatanodeCommand type=deleteBlocksCommand with id=1568280408326 timed out. Retrying.
2019-09-12 09:26:58,958 [pool-7-thread-2] INFO  commands.RetriableDatanodeEventWatcher (RetriableDatanodeEventWatcher.java:onTimeout(47)) - RetriableDatanodeCommand type=deleteBlocksCommand with id=1568280408336 timed out. Retrying.
2019-09-12 09:26:58,969 [pool-7-thread-2] INFO  commands.RetriableDatanodeEventWatcher (RetriableDatanodeEventWatcher.java:onTimeout(47)) - RetriableDatanodeCommand type=deleteBlocksCommand with id=1568280408346 timed out. Retrying.
2019-09-12 09:26:58,973 [pool-7-thread-2] INFO  commands.RetriableDatanodeEventWatcher (RetriableDatanodeEventWatcher.java:onTimeout(47)) - RetriableDatanodeCommand type=deleteBlocksCommand with id=1568280408375 timed out. Retrying.
2019-09-12 09:26:58,986 [pool-7-thread-2] INFO  commands.RetriableDatanodeEventWatcher (RetriableDatanodeEventWatcher.java:onTimeout(47)) - RetriableDatanodeCommand type=deleteBlocksCommand with id=1568280408356 timed out. Retrying.
2019-09-12 09:26:58,986 [pool-7-thread-1] INFO  commands.RetriableDatanodeEventWatcher (RetriableDatanodeEventWatcher.java:onTimeout(47)) - RetriableDatanodeCommand type=deleteBlocksCommand with id=1568280408385 timed out. Retrying.
2019-09-12 09:26:59,000 [pool-7-thread-1] INFO  commands.RetriableDatanodeEventWatcher (RetriableDatanodeEventWatcher.java:onTimeout(47)) - RetriableDatanodeCommand type=deleteBlocksCommand with id=1568280408366 timed out. Retrying.
2019-09-12 09:26:59,000 [pool-7-thread-2] INFO  commands.RetriableDatanodeEventWatcher (RetriableDatanodeEventWatcher.java:onTimeout(47)) - RetriableDatanodeCommand type=deleteBlocksCommand with id=1568280408395 timed out. Retrying.
2019-09-12 09:26:59,016 [pool-7-thread-2] INFO  commands.RetriableDatanodeEventWatcher (RetriableDatanodeEventWatcher.java:onTimeout(47)) - RetriableDatanodeCommand type=deleteBlocksCommand with id=1568280408405 timed out. Retrying.
2019-09-12 09:26:59,027 [pool-7-thread-2] INFO  commands.RetriableDatanodeEventWatcher (RetriableDatanodeEventWatcher.java:onTimeout(47)) - RetriableDatanodeCommand type=deleteBlocksCommand with id=1568280408317 timed out. Retrying.
2019-09-12 09:26:59,029 [SCMBlockDeletingService#1] DEBUG block.SCMBlockDeletingService (SCMBlockDeletingService.java:call(138)) - Running DeletedBlockTransactionScanner
2019-09-12 09:26:59,029 [SCMBlockDeletingService#1] DEBUG block.SCMBlockDeletingService (SCMBlockDeletingService.java:call(155)) - Scanned deleted blocks log and got 3 delTX to process.
2019-09-12 09:26:59,029 [SCMBlockDeletingService#1] DEBUG block.SCMBlockDeletingService (SCMBlockDeletingService.java:call(171)) - Added delete block command for datanode b50d6464-f54a-40d1-9f81-f1c19654fd05 in the queue, number of delete block transactions: 3, TxID list: 1,2,3
2019-09-12 09:26:59,030 [SCMBlockDeletingService#1] INFO  block.SCMBlockDeletingService (SCMBlockDeletingService.java:call(182)) - Totally added 3 delete blocks command for 1 datanodes, task elapsed time: 2ms
2019-09-12 09:26:59,043 [pool-7-thread-2] INFO  commands.RetriableDatanodeEventWatcher (RetriableDatanodeEventWatcher.java:onTimeout(47)) - RetriableDatanodeCommand type=deleteBlocksCommand with id=1568280408327 timed out. Retrying.
2019-09-12 09:26:59,056 [pool-7-thread-2] INFO  commands.RetriableDatanodeEventWatcher (RetriableDatanodeEventWatcher.java:onTimeout(47)) - RetriableDatanodeCommand type=deleteBlocksCommand with id=1568280408337 timed out. Retrying.
2019-09-12 09:26:59,073 [pool-7-thread-2] INFO  commands.RetriableDatanodeEventWatcher (RetriableDatanodeEventWatcher.java:onTimeout(47)) - RetriableDatanodeCommand type=deleteBlocksCommand with id=1568280408376 timed out. Retrying.
2019-09-12 09:26:59,073 [pool-7-thread-1] INFO  commands.RetriableDatanodeEventWatcher (RetriableDatanodeEventWatcher.java:onTimeout(47)) - RetriableDatanodeCommand type=deleteBlocksCommand with id=1568280408347 timed out. Retrying.
2019-09-12 09:26:59,085 [pool-7-thread-1] INFO  commands.RetriableDatanodeEventWatcher (RetriableDatanodeEventWatcher.java:onTimeout(47)) - RetriableDatanodeCommand type=deleteBlocksCommand with id=1568280408357 timed out. Retrying.
2019-09-12 09:26:59,085 [pool-7-thread-2] INFO  commands.RetriableDatanodeEventWatcher (RetriableDatanodeEventWatcher.java:onTimeout(47)) - RetriableDatanodeCommand type=deleteBlocksCommand with id=1568280408386 timed out. Retrying.
2019-09-12 09:26:59,101 [pool-7-thread-2] INFO  commands.RetriableDatanodeEventWatcher (RetriableDatanodeEventWatcher.java:onTimeout(47)) - RetriableDatanodeCommand type=deleteBlocksCommand with id=1568280408367 timed out. Retrying.
2019-09-12 09:26:59,101 [pool-7-thread-1] INFO  commands.RetriableDatanodeEventWatcher (RetriableDatanodeEventWatcher.java:onTimeout(47)) - RetriableDatanodeCommand type=deleteBlocksCommand with id=1568280408396 timed out. Retrying.
2019-09-12 09:26:59,115 [main] INFO  ozone.MiniOzoneClusterImpl (MiniOzoneClusterImpl.java:lambda$waitForClusterToBeReady$0(140)) - Waiting for cluster to be ready. Got 0 of 1 DN Heartbeats.
2019-09-12 09:26:59,117 [pool-7-thread-1] INFO  commands.RetriableDatanodeEventWatcher (RetriableDatanodeEventWatcher.java:onTimeout(47)) - RetriableDatanodeCommand type=deleteBlocksCommand with id=1568280408406 timed out. Retrying.
2019-09-12 09:26:59,128 [pool-7-thread-1] INFO  commands.RetriableDatanodeEventWatcher (RetriableDatanodeEventWatcher.java:onTimeout(47)) - RetriableDatanodeCommand type=deleteBlocksCommand with id=1568280408318 timed out. Retrying.
2019-09-12 09:26:59,130 [SCMBlockDeletingService#1] DEBUG block.SCMBlockDeletingService (SCMBlockDeletingService.java:call(138)) - Running DeletedBlockTransactionScanner
2019-09-12 09:26:59,131 [SCMBlockDeletingService#1] DEBUG block.SCMBlockDeletingService (SCMBlockDeletingService.java:call(155)) - Scanned deleted blocks log and got 3 delTX to process.
2019-09-12 09:26:59,131 [SCMBlockDeletingService#1] DEBUG block.SCMBlockDeletingService (SCMBlockDeletingService.java:call(171)) - Added delete block command for datanode b50d6464-f54a-40d1-9f81-f1c19654fd05 in the queue, number of delete block transactions: 3, TxID list: 1,2,3
2019-09-12 09:26:59,131 [SCMBlockDeletingService#1] INFO  block.SCMBlockDeletingService (SCMBlockDeletingService.java:call(182)) - Totally added 3 delete blocks command for 1 datanodes, task elapsed time: 1ms
2019-09-12 09:26:59,144 [pool-7-thread-1] INFO  commands.RetriableDatanodeEventWatcher (RetriableDatanodeEventWatcher.java:onTimeout(47)) - RetriableDatanodeCommand type=deleteBlocksCommand with id=1568280408328 timed out. Retrying.
2019-09-12 09:26:59,158 [pool-7-thread-1] INFO  commands.RetriableDatanodeEventWatcher (RetriableDatanodeEventWatcher.java:onTimeout(47)) - RetriableDatanodeCommand type=deleteBlocksCommand with id=1568280408338 timed out. Retrying.
2019-09-12 09:26:59,172 [pool-7-thread-1] INFO  commands.RetriableDatanodeEventWatcher (RetriableDatanodeEventWatcher.java:onTimeout(47)) - RetriableDatanodeCommand type=deleteBlocksCommand with id=1568280408377 timed out. Retrying.
2019-09-12 09:26:59,175 [pool-7-thread-1] INFO  commands.RetriableDatanodeEventWatcher (RetriableDatanodeEventWatcher.java:onTimeout(47)) - RetriableDatanodeCommand type=deleteBlocksCommand with id=1568280408348 timed out. Retrying.
2019-09-12 09:26:59,186 [pool-7-thread-1] INFO  commands.RetriableDatanodeEventWatcher (RetriableDatanodeEventWatcher.java:onTimeout(47)) - RetriableDatanodeCommand type=deleteBlocksCommand with id=1568280408358 timed out. Retrying.
2019-09-12 09:26:59,188 [pool-7-thread-1] INFO  commands.RetriableDatanodeEventWatcher (RetriableDatanodeEventWatcher.java:onTimeout(47)) - RetriableDatanodeCommand type=deleteBlocksCommand with id=1568280408387 timed out. Retrying.
2019-09-12 09:26:59,200 [pool-7-thread-1] INFO  commands.RetriableDatanodeEventWatcher (RetriableDatanodeEventWatcher.java:onTimeout(47)) - RetriableDatanodeCommand type=deleteBlocksCommand with id=1568280408368 timed out. Retrying.
2019-09-12 09:26:59,204 [pool-7-thread-1] INFO  commands.RetriableDatanodeEventWatcher (RetriableDatanodeEventWatcher.java:onTimeout(47)) - RetriableDatanodeCommand type=deleteBlocksCommand with id=1568280408397 timed out. Retrying.
2019-09-12 09:26:59,217 [pool-7-thread-1] INFO  commands.RetriableDatanodeEventWatcher (RetriableDatanodeEventWatcher.java:onTimeout(47)) - RetriableDatanodeCommand type=deleteBlocksCommand with id=1568280408407 timed out. Retrying.
2019-09-12 09:26:59,231 [pool-7-thread-1] INFO  commands.RetriableDatanodeEventWatcher (RetriableDatanodeEventWatcher.java:onTimeout(47)) - RetriableDatanodeCommand type=deleteBlocksCommand with id=1568280408319 timed out. Retrying.
2019-09-12 09:26:59,232 [SCMBlockDeletingService#1] DEBUG block.SCMBlockDeletingService (SCMBlockDeletingService.java:call(138)) - Running DeletedBlockTransactionScanner
2019-09-12 09:26:59,232 [SCMBlockDeletingService#1] DEBUG block.SCMBlockDeletingService (SCMBlockDeletingService.java:call(155)) - Scanned deleted blocks log and got 3 delTX to process.
2019-09-12 09:26:59,233 [SCMBlockDeletingService#1] DEBUG block.SCMBlockDeletingService (SCMBlockDeletingService.java:call(171)) - Added delete block command for datanode b50d6464-f54a-40d1-9f81-f1c19654fd05 in the queue, number of delete block transactions: 3, TxID list: 1,2,3
2019-09-12 09:26:59,233 [SCMBlockDeletingService#1] INFO  block.SCMBlockDeletingService (SCMBlockDeletingService.java:call(182)) - Totally added 3 delete blocks command for 1 datanodes, task elapsed time: 1ms
2019-09-12 09:26:59,243 [pool-7-thread-1] INFO  commands.RetriableDatanodeEventWatcher (RetriableDatanodeEventWatcher.java:onTimeout(47)) - RetriableDatanodeCommand type=deleteBlocksCommand with id=1568280408329 timed out. Retrying.
2019-09-12 09:26:59,261 [pool-7-thread-1] INFO  commands.RetriableDatanodeEventWatcher (RetriableDatanodeEventWatcher.java:onTimeout(47)) - RetriableDatanodeCommand type=deleteBlocksCommand with id=1568280408339 timed out. Retrying.
2019-09-12 09:26:59,274 [pool-7-thread-1] INFO  commands.RetriableDatanodeEventWatcher (RetriableDatanodeEventWatcher.java:onTimeout(47)) - RetriableDatanodeCommand type=deleteBlocksCommand with id=1568280408349 timed out. Retrying.
2019-09-12 09:26:59,274 [pool-7-thread-1] INFO  commands.RetriableDatanodeEventWatcher (RetriableDatanodeEventWatcher.java:onTimeout(47)) - RetriableDatanodeCommand type=deleteBlocksCommand with id=1568280408378 timed out. Retrying.
2019-09-12 09:26:59,289 [pool-7-thread-1] INFO  commands.RetriableDatanodeEventWatcher (RetriableDatanodeEventWatcher.java:onTimeout(47)) - RetriableDatanodeCommand type=deleteBlocksCommand with id=1568280408359 timed out. Retrying.
2019-09-12 09:26:59,289 [pool-7-thread-2] INFO  commands.RetriableDatanodeEventWatcher (RetriableDatanodeEventWatcher.java:onTimeout(47)) - RetriableDatanodeCommand type=deleteBlocksCommand with id=1568280408388 timed out. Retrying.
2019-09-12 09:26:59,303 [pool-7-thread-2] INFO  commands.RetriableDatanodeEventWatcher (RetriableDatanodeEventWatcher.java:onTimeout(47)) - RetriableDatanodeCommand type=deleteBlocksCommand with id=1568280408369 timed out. Retrying.
2019-09-12 09:26:59,305 [pool-7-thread-2] INFO  commands.RetriableDatanodeEventWatcher (RetriableDatanodeEventWatcher.java:onTimeout(47)) - RetriableDatanodeCommand type=deleteBlocksCommand with id=1568280408398 timed out. Retrying.
2019-09-12 09:26:59,316 [pool-7-thread-2] INFO  commands.RetriableDatanodeEventWatcher (RetriableDatanodeEventWatcher.java:onTimeout(47)) - RetriableDatanodeCommand type=deleteBlocksCommand with id=1568280408310 timed out. Retrying.
2019-09-12 09:26:59,320 [pool-7-thread-2] INFO  commands.RetriableDatanodeEventWatcher (RetriableDatanodeEventWatcher.java:onTimeout(47)) - RetriableDatanodeCommand type=deleteBlocksCommand with id=1568280408408 timed out. Retrying.
2019-09-12 09:26:59,331 [pool-7-thread-2] INFO  commands.RetriableDatanodeEventWatcher (RetriableDatanodeEventWatcher.java:onTimeout(47)) - RetriableDatanodeCommand type=deleteBlocksCommand with id=1568280408320 timed out. Retrying.
2019-09-12 09:26:59,334 [SCMBlockDeletingService#1] DEBUG block.SCMBlockDeletingService (SCMBlockDeletingService.java:call(138)) - Running DeletedBlockTransactionScanner
2019-09-12 09:26:59,334 [SCMBlockDeletingService#1] DEBUG block.SCMBlockDeletingService (SCMBlockDeletingService.java:call(155)) - Scanned deleted blocks log and got 3 delTX to process.
2019-09-12 09:26:59,334 [SCMBlockDeletingService#1] DEBUG block.SCMBlockDeletingService (SCMBlockDeletingService.java:call(171)) - Added delete block command for datanode b50d6464-f54a-40d1-9f81-f1c19654fd05 in the queue, number of delete block transactions: 3, TxID list: 1,2,3
2019-09-12 09:26:59,335 [SCMBlockDeletingService#1] INFO  block.SCMBlockDeletingService (SCMBlockDeletingService.java:call(182)) - Totally added 3 delete blocks command for 1 datanodes, task elapsed time: 1ms
2019-09-12 09:26:59,348 [pool-7-thread-2] INFO  commands.RetriableDatanodeEventWatcher (RetriableDatanodeEventWatcher.java:onTimeout(47)) - RetriableDatanodeCommand type=deleteBlocksCommand with id=1568280408330 timed out. Retrying.
2019-09-12 09:26:59,361 [pool-7-thread-2] INFO  commands.RetriableDatanodeEventWatcher (RetriableDatanodeEventWatcher.java:onTimeout(47)) - RetriableDatanodeCommand type=deleteBlocksCommand with id=1568280408340 timed out. Retrying.
2019-09-12 09:26:59,376 [pool-7-thread-2] INFO  commands.RetriableDatanodeEventWatcher (RetriableDatanodeEventWatcher.java:onTimeout(47)) - RetriableDatanodeCommand type=deleteBlocksCommand with id=1568280408379 timed out. Retrying.
2019-09-12 09:26:59,376 [pool-7-thread-1] INFO  commands.RetriableDatanodeEventWatcher (RetriableDatanodeEventWatcher.java:onTimeout(47)) - RetriableDatanodeCommand type=deleteBlocksCommand with id=1568280408350 timed out. Retrying.
2019-09-12 09:26:59,392 [pool-7-thread-1] INFO  commands.RetriableDatanodeEventWatcher (RetriableDatanodeEventWatcher.java:onTimeout(47)) - RetriableDatanodeCommand type=deleteBlocksCommand with id=1568280408360 timed out. Retrying.
2019-09-12 09:26:59,392 [pool-7-thread-2] INFO  commands.RetriableDatanodeEventWatcher (RetriableDatanodeEventWatcher.java:onTimeout(47)) - RetriableDatanodeCommand type=deleteBlocksCommand with id=1568280408389 timed out. Retrying.
2019-09-12 09:26:59,405 [pool-7-thread-2] INFO  commands.RetriableDatanodeEventWatcher (RetriableDatanodeEventWatcher.java:onTimeout(47)) - RetriableDatanodeCommand type=deleteBlocksCommand with id=1568280408370 timed out. Retrying.
2019-09-12 09:26:59,406 [pool-7-thread-2] INFO  commands.RetriableDatanodeEventWatcher (RetriableDatanodeEventWatcher.java:onTimeout(47)) - RetriableDatanodeCommand type=deleteBlocksCommand with id=1568280408399 timed out. Retrying.
2019-09-12 09:26:59,421 [pool-7-thread-2] INFO  commands.RetriableDatanodeEventWatcher (RetriableDatanodeEventWatcher.java:onTimeout(47)) - RetriableDatanodeCommand type=deleteBlocksCommand with id=1568280408311 timed out. Retrying.
2019-09-12 09:26:59,422 [pool-7-thread-1] INFO  commands.RetriableDatanodeEventWatcher (RetriableDatanodeEventWatcher.java:onTimeout(47)) - RetriableDatanodeCommand type=deleteBlocksCommand with id=1568280408409 timed out. Retrying.
2019-09-12 09:26:59,434 [pool-7-thread-1] INFO  commands.RetriableDatanodeEventWatcher (RetriableDatanodeEventWatcher.java:onTimeout(47)) - RetriableDatanodeCommand type=deleteBlocksCommand with id=1568280408321 timed out. Retrying.
2019-09-12 09:26:59,435 [SCMBlockDeletingService#1] DEBUG block.SCMBlockDeletingService (SCMBlockDeletingService.java:call(138)) - Running DeletedBlockTransactionScanner
2019-09-12 09:26:59,435 [SCMBlockDeletingService#1] DEBUG block.SCMBlockDeletingService (SCMBlockDeletingService.java:call(155)) - Scanned deleted blocks log and got 3 delTX to process.
2019-09-12 09:26:59,436 [SCMBlockDeletingService#1] DEBUG block.SCMBlockDeletingService (SCMBlockDeletingService.java:call(171)) - Added delete block command for datanode b50d6464-f54a-40d1-9f81-f1c19654fd05 in the queue, number of delete block transactions: 3, TxID list: 1,2,3
2019-09-12 09:26:59,436 [SCMBlockDeletingService#1] INFO  block.SCMBlockDeletingService (SCMBlockDeletingService.java:call(182)) - Totally added 3 delete blocks command for 1 datanodes, task elapsed time: 1ms
2019-09-12 09:26:59,450 [pool-7-thread-1] INFO  commands.RetriableDatanodeEventWatcher (RetriableDatanodeEventWatcher.java:onTimeout(47)) - RetriableDatanodeCommand type=deleteBlocksCommand with id=1568280408331 timed out. Retrying.
2019-09-12 09:26:59,463 [pool-7-thread-1] INFO  commands.RetriableDatanodeEventWatcher (RetriableDatanodeEventWatcher.java:onTimeout(47)) - RetriableDatanodeCommand type=deleteBlocksCommand with id=1568280408341 timed out. Retrying.
2019-09-12 09:26:59,477 [pool-7-thread-1] INFO  commands.RetriableDatanodeEventWatcher (RetriableDatanodeEventWatcher.java:onTimeout(47)) - RetriableDatanodeCommand type=deleteBlocksCommand with id=1568280408380 timed out. Retrying.
2019-09-12 09:26:59,479 [pool-7-thread-1] INFO  commands.RetriableDatanodeEventWatcher (RetriableDatanodeEventWatcher.java:onTimeout(47)) - RetriableDatanodeCommand type=deleteBlocksCommand with id=1568280408351 timed out. Retrying.
2019-09-12 09:26:59,493 [pool-7-thread-1] INFO  commands.RetriableDatanodeEventWatcher (RetriableDatanodeEventWatcher.java:onTimeout(47)) - RetriableDatanodeCommand type=deleteBlocksCommand with id=1568280408361 timed out. Retrying.
2019-09-12 09:26:59,494 [pool-7-thread-2] INFO  commands.RetriableDatanodeEventWatcher (RetriableDatanodeEventWatcher.java:onTimeout(47)) - RetriableDatanodeCommand type=deleteBlocksCommand with id=1568280408390 timed out. Retrying.
2019-09-12 09:26:59,505 [pool-7-thread-2] INFO  commands.RetriableDatanodeEventWatcher (RetriableDatanodeEventWatcher.java:onTimeout(47)) - RetriableDatanodeCommand type=deleteBlocksCommand with id=1568280408371 timed out. Retrying.
2019-09-12 09:26:59,508 [pool-7-thread-2] INFO  commands.RetriableDatanodeEventWatcher (RetriableDatanodeEventWatcher.java:onTimeout(47)) - RetriableDatanodeCommand type=deleteBlocksCommand with id=1568280408400 timed out. Retrying.
2019-09-12 09:26:59,522 [pool-7-thread-2] INFO  commands.RetriableDatanodeEventWatcher (RetriableDatanodeEventWatcher.java:onTimeout(47)) - RetriableDatanodeCommand type=deleteBlocksCommand with id=1568280408312 timed out. Retrying.
2019-09-12 09:26:59,522 [pool-7-thread-1] INFO  commands.RetriableDatanodeEventWatcher (RetriableDatanodeEventWatcher.java:onTimeout(47)) - RetriableDatanodeCommand type=deleteBlocksCommand with id=1568280408410 timed out. Retrying.
2019-09-12 09:26:59,537 [pool-7-thread-1] INFO  commands.RetriableDatanodeEventWatcher (SCMBlockDeletingService.java:call(138)) - Running DeletedBlockTransactionScanner
2019-09-12 09:26:59,537 [pool-7-thread-1] INFO  commands.RetriableDatanodeEventWatcher (RetriableDatanodeEventWatcher.java:onTimeout(47)) - RetriableDatanodeCommand type=deleteBlocksCommand with id=1568280408322 timed out. Retrying.
2019-09-12 09:26:59,537 [SCMBlockDeletingService#1] DEBUG block.SCMBlockDeletingService (SCMBlockDeletingService.java:call(155)) - Scanned deleted blocks log and got 3 delTX to process.
2019-09-12 09:26:59,538 [SCMBlockDeletingService#1] DEBUG block.SCMBlockDeletingService (SCMBlockDeletingService.java:call(171)) - Added delete block command for datanode b50d6464-f54a-40d1-9f81-f1c19654fd05 in the queue, number of delete block transactions: 3, TxID list: 1,2,3
2019-09-12 09:26:59,538 [SCMBlockDeletingService#1] INFO  block.SCMBlockDeletingService (SCMBlockDeletingService.java:call(182)) - Totally added 3 delete blocks command for 1 datanodes, task elapsed time: 2ms
2019-09-12 09:26:59,550 [pool-7-thread-1] INFO  commands.RetriableDatanodeEventWatcher (RetriableDatanodeEventWatcher.java:onTimeout(47)) - RetriableDatanodeCommand type=deleteBlocksCommand with id=1568280408332 timed out. Retrying.
2019-09-12 09:26:59,564 [pool-7-thread-1] INFO  commands.RetriableDatanodeEventWatcher (RetriableDatanodeEventWatcher.java:onTimeout(47)) - RetriableDatanodeCommand type=deleteBlocksCommand with id=1568280408342 timed out. Retrying.
2019-09-12 09:26:59,580 [pool-7-thread-1] INFO  commands.RetriableDatanodeEventWatcher (RetriableDatanodeEventWatcher.java:onTimeout(47)) - RetriableDatanodeCommand type=deleteBlocksCommand with id=1568280408352 timed out. Retrying.
2019-09-12 09:26:59,582 [pool-7-thread-2] INFO  commands.RetriableDatanodeEventWatcher (RetriableDatanodeEventWatcher.java:onTimeout(47)) - RetriableDatanodeCommand type=deleteBlocksCommand with id=1568280408381 timed out. Retrying.
2019-09-12 09:26:59,595 [pool-7-thread-2] INFO  commands.RetriableDatanodeEventWatcher (RetriableDatanodeEventWatcher.java:onTimeout(47)) - RetriableDatanodeCommand type=deleteBlocksCommand with id=1568280408362 timed out. Retrying.
2019-09-12 09:26:59,595 [pool-7-thread-1] INFO  commands.RetriableDatanodeEventWatcher (RetriableDatanodeEventWatcher.java:onTimeout(47)) - RetriableDatanodeCommand type=deleteBlocksCommand with id=1568280408391 timed out. Retrying.
2019-09-12 09:26:59,606 [pool-7-thread-2] INFO  commands.RetriableDatanodeEventWatcher (RetriableDatanodeEventWatcher.java:onTimeout(47)) - RetriableDatanodeCommand type=deleteBlocksCommand with id=1568280408372 timed out. Retrying.
2019-09-12 09:26:59,609 [pool-7-thread-2] INFO  commands.RetriableDatanodeEventWatcher (RetriableDatanodeEventWatcher.java:onTimeout(47)) - RetriableDatanodeCommand type=deleteBlocksCommand with id=1568280408401 timed out. Retrying.
2019-09-12 09:26:59,621 [pool-7-thread-2] INFO  commands.RetriableDatanodeEventWatcher (RetriableDatanodeEventWatcher.java:onTimeout(47)) - RetriableDatanodeCommand type=deleteBlocksCommand with id=1568280408313 timed out. Retrying.
2019-09-12 09:26:59,624 [pool-7-thread-2] INFO  commands.RetriableDatanodeEventWatcher (RetriableDatanodeEventWatcher.java:onTimeout(47)) - RetriableDatanodeCommand type=deleteBlocksCommand with id=1568280408411 timed out. Retrying.
2019-09-12 09:26:59,637 [pool-7-thread-2] INFO  commands.RetriableDatanodeEventWatcher (RetriableDatanodeEventWatcher.java:onTimeout(47)) - RetriableDatanodeCommand type=deleteBlocksCommand with id=1568280408323 timed out. Retrying.
2019-09-12 09:26:59,638 [SCMBlockDeletingService#1] DEBUG block.SCMBlockDeletingService (SCMBlockDeletingService.java:call(138)) - Running DeletedBlockTransactionScanner
2019-09-12 09:26:59,639 [SCMBlockDeletingService#1] DEBUG block.SCMBlockDeletingService (SCMBlockDeletingService.java:call(155)) - Scanned deleted blocks log and got 3 delTX to process.
2019-09-12 09:26:59,639 [SCMBlockDeletingService#1] DEBUG block.SCMBlockDeletingService (SCMBlockDeletingService.java:call(171)) - Added delete block command for datanode b50d6464-f54a-40d1-9f81-f1c19654fd05 in the queue, number of delete block transactions: 3, TxID list: 1,2,3
2019-09-12 09:26:59,639 [SCMBlockDeletingService#1] INFO  block.SCMBlockDeletingService (SCMBlockDeletingService.java:call(182)) - Totally added 3 delete blocks command for 1 datanodes, task elapsed time: 1ms
2019-09-12 09:26:59,649 [pool-7-thread-2] INFO  commands.RetriableDatanodeEventWatcher (RetriableDatanodeEventWatcher.java:onTimeout(47)) - RetriableDatanodeCommand type=deleteBlocksCommand with id=1568280408333 timed out. Retrying.
2019-09-12 09:26:59,667 [pool-7-thread-2] INFO  commands.RetriableDatanodeEventWatcher (RetriableDatanodeEventWatcher.java:onTimeout(47)) - RetriableDatanodeCommand type=deleteBlocksCommand with id=1568280408343 timed out. Retrying.
2019-09-12 09:26:59,679 [pool-7-thread-2] INFO  commands.RetriableDatanodeEventWatcher (RetriableDatanodeEventWatcher.java:onTimeout(47)) - RetriableDatanodeCommand type=deleteBlocksCommand with id=1568280408382 timed out. Retrying.
2019-09-12 09:26:59,684 [pool-7-thread-2] INFO  commands.RetriableDatanodeEventWatcher (RetriableDatanodeEventWatcher.java:onTimeout(47)) - RetriableDatanodeCommand type=deleteBlocksCommand with id=1568280408353 timed out. Retrying.
2019-09-12 09:26:59,694 [pool-7-thread-2] INFO  commands.RetriableDatanodeEventWatcher (RetriableDatanodeEventWatcher.java:onTimeout(47)) - RetriableDatanodeCommand type=deleteBlocksCommand with id=1568280408363 timed out. Retrying.
2019-09-12 09:26:59,695 [pool-7-thread-2] INFO  commands.RetriableDatanodeEventWatcher (RetriableDatanodeEventWatcher.java:onTimeout(47)) - RetriableDatanodeCommand type=deleteBlocksCommand with id=1568280408392 timed out. Retrying.
2019-09-12 09:26:59,707 [pool-7-thread-2] INFO  commands.RetriableDatanodeEventWatcher (RetriableDatanodeEventWatcher.java:onTimeout(47)) - RetriableDatanodeCommand type=deleteBlocksCommand with id=1568280408373 timed out. Retrying.
2019-09-12 09:26:59,710 [pool-7-thread-2] INFO  commands.RetriableDatanodeEventWatcher (RetriableDatanodeEventWatcher.java:onTimeout(47)) - RetriableDatanodeCommand type=deleteBlocksCommand with id=1568280408402 timed out. Retrying.
2019-09-12 09:26:59,722 [pool-7-thread-2] INFO  commands.RetriableDatanodeEventWatcher (RetriableDatanodeEventWatcher.java:onTimeout(47)) - RetriableDatanodeCommand type=deleteBlocksCommand with id=1568280408314 timed out. Retrying.
2019-09-12 09:26:59,725 [pool-7-thread-2] INFO  commands.RetriableDatanodeEventWatcher (RetriableDatanodeEventWatcher.java:onTimeout(47)) - RetriableDatanodeCommand type=deleteBlocksCommand with id=1568280408412 timed out. Retrying.
2019-09-12 09:26:59,736 [pool-7-thread-2] INFO  commands.RetriableDatanodeEventWatcher (RetriableDatanodeEventWatcher.java:onTimeout(47)) - RetriableDatanodeCommand type=deleteBlocksCommand with id=1568280408324 timed out. Retrying.
2019-09-12 09:26:59,740 [SCMBlockDeletingService#1] DEBUG block.SCMBlockDeletingService (SCMBlockDeletingService.java:call(138)) - Running DeletedBlockTransactionScanner
2019-09-12 09:26:59,740 [SCMBlockDeletingService#1] DEBUG block.SCMBlockDeletingService (SCMBlockDeletingService.java:call(155)) - Scanned deleted blocks log and got 3 delTX to process.
2019-09-12 09:26:59,741 [SCMBlockDeletingService#1] DEBUG block.SCMBlockDeletingService (SCMBlockDeletingService.java:call(171)) - Added delete block command for datanode b50d6464-f54a-40d1-9f81-f1c19654fd05 in the queue, number of delete block transactions: 3, TxID list: 1,2,3
2019-09-12 09:26:59,741 [SCMBlockDeletingService#1] INFO  block.SCMBlockDeletingService (SCMBlockDeletingService.java:call(182)) - Totally added 3 delete blocks command for 1 datanodes, task elapsed time: 2ms
2019-09-12 09:26:59,756 [pool-7-thread-2] INFO  commands.RetriableDatanodeEventWatcher (RetriableDatanodeEventWatcher.java:onTimeout(47)) - RetriableDatanodeCommand type=deleteBlocksCommand with id=1568280408334 timed out. Retrying.
2019-09-12 09:26:59,766 [pool-7-thread-2] INFO  commands.RetriableDatanodeEventWatcher (RetriableDatanodeEventWatcher.java:onTimeout(47)) - RetriableDatanodeCommand type=deleteBlocksCommand with id=1568280408344 timed out. Retrying.
2019-09-12 09:26:59,784 [pool-7-thread-2] INFO  commands.RetriableDatanodeEventWatcher (RetriableDatanodeEventWatcher.java:onTimeout(47)) - RetriableDatanodeCommand type=deleteBlocksCommand with id=1568280408354 timed out. Retrying.
2019-09-12 09:26:59,784 [pool-7-thread-1] INFO  commands.RetriableDatanodeEventWatcher (RetriableDatanodeEventWatcher.java:onTimeout(47)) - RetriableDatanodeCommand type=deleteBlocksCommand with id=1568280408383 timed out. Retrying.
2019-09-12 09:26:59,795 [pool-7-thread-1] INFO  commands.RetriableDatanodeEventWatcher (RetriableDatanodeEventWatcher.java:onTimeout(47)) - RetriableDatanodeCommand type=deleteBlocksCommand with id=1568280408364 timed out. Retrying.
2019-09-12 09:26:59,796 [pool-7-thread-1] INFO  commands.RetriableDatanodeEventWatcher (RetriableDatanodeEventWatcher.java:onTimeout(47)) - RetriableDatanodeCommand type=deleteBlocksCommand with id=1568280408393 timed out. Retrying.
2019-09-12 09:26:59,813 [pool-7-thread-1] INFO  commands.RetriableDatanodeEventWatcher (RetriableDatanodeEventWatcher.java:onTimeout(47)) - RetriableDatanodeCommand type=deleteBlocksCommand with id=1568280408403 timed out. Retrying.
2019-09-12 09:26:59,824 [pool-7-thread-1] INFO  commands.RetriableDatanodeEventWatcher (RetriableDatanodeEventWatcher.java:onTimeout(47)) - RetriableDatanodeCommand type=deleteBlocksCommand with id=1568280408315 timed out. Retrying.
2019-09-12 09:26:59,826 [pool-7-thread-1] INFO  commands.RetriableDatanodeEventWatcher (RetriableDatanodeEventWatcher.java:onTimeout(47)) - RetriableDatanodeCommand type=deleteBlocksCommand with id=1568280408413 timed out. Retrying.
2019-09-12 09:26:59,840 [pool-7-thread-1] INFO  commands.RetriableDatanodeEventWatcher (RetriableDatanodeEventWatcher.java:onTimeout(47)) - RetriableDatanodeCommand type=deleteBlocksCommand with id=1568280408325 timed out. Retrying.
2019-09-12 09:26:59,841 [SCMBlockDeletingService#1] DEBUG block.SCMBlockDeletingService (SCMBlockDeletingService.java:call(138)) - Running DeletedBlockTransactionScanner
2019-09-12 09:26:59,842 [SCMBlockDeletingService#1] DEBUG block.SCMBlockDeletingService (SCMBlockDeletingService.java:call(155)) - Scanned deleted blocks log and got 3 delTX to process.
2019-09-12 09:26:59,842 [SCMBlockDeletingService#1] DEBUG block.SCMBlockDeletingService (SCMBlockDeletingService.java:call(171)) - Added delete block command for datanode b50d6464-f54a-40d1-9f81-f1c19654fd05 in the queue, number of delete block transactions: 3, TxID list: 1,2,3
2019-09-12 09:26:59,842 [SCMBlockDeletingService#1] INFO  block.SCMBlockDeletingService (SCMBlockDeletingService.java:call(182)) - Totally added 3 delete blocks command for 1 datanodes, task elapsed time: 1ms
2019-09-12 09:26:59,853 [pool-7-thread-1] INFO  commands.RetriableDatanodeEventWatcher (RetriableDatanodeEventWatcher.java:onTimeout(47)) - RetriableDatanodeCommand type=deleteBlocksCommand with id=1568280408335 timed out. Retrying.
2019-09-12 09:26:59,872 [pool-7-thread-1] INFO  commands.RetriableDatanodeEventWatcher (RetriableDatanodeEventWatcher.java:onTimeout(47)) - RetriableDatanodeCommand type=deleteBlocksCommand with id=1568280408374 timed out. Retrying.
2019-09-12 09:26:59,872 [pool-7-thread-2] INFO  commands.RetriableDatanodeEventWatcher (RetriableDatanodeEventWatcher.java:onTimeout(47)) - RetriableDatanodeCommand type=deleteBlocksCommand with id=1568280408345 timed out. Retrying.
2019-09-12 09:26:59,886 [pool-7-thread-2] INFO  commands.RetriableDatanodeEventWatcher (RetriableDatanodeEventWatcher.java:onTimeout(47)) - RetriableDatanodeCommand type=deleteBlocksCommand with id=1568280408355 timed out. Retrying.
2019-09-12 09:26:59,886 [pool-7-thread-1] INFO  commands.RetriableDatanodeEventWatcher (RetriableDatanodeEventWatcher.java:onTimeout(47)) - RetriableDatanodeCommand type=deleteBlocksCommand with id=1568280408384 timed out. Retrying.
2019-09-12 09:26:59,895 [pool-7-thread-1] INFO  commands.RetriableDatanodeEventWatcher (RetriableDatanodeEventWatcher.java:onTimeout(47)) - RetriableDatanodeCommand type=deleteBlocksCommand with id=1568280408365 timed out. Retrying.
2019-09-12 09:26:59,900 [pool-7-thread-1] INFO  commands.RetriableDatanodeEventWatcher (RetriableDatanodeEventWatcher.java:onTimeout(47)) - RetriableDatanodeCommand type=deleteBlocksCommand with id=1568280408394 timed out. Retrying.
2019-09-12 09:26:59,913 [pool-7-thread-1] INFO  commands.RetriableDatanodeEventWatcher (RetriableDatanodeEventWatcher.java:onTimeout(47)) - RetriableDatanodeCommand type=deleteBlocksCommand with id=1568280408404 timed out. Retrying.
2019-09-12 09:26:59,929 [pool-7-thread-1] INFO  commands.RetriableDatanodeEventWatcher (RetriableDatanodeEventWatcher.java:onTimeout(47)) - RetriableDatanodeCommand type=deleteBlocksCommand with id=1568280408316 timed out. Retrying.
2019-09-12 09:26:59,929 [pool-7-thread-2] INFO  commands.RetriableDatanodeEventWatcher (RetriableDatanodeEventWatcher.java:onTimeout(47)) - RetriableDatanodeCommand type=deleteBlocksCommand with id=1568280408414 timed out. Retrying.
2019-09-12 09:26:59,937 [pool-7-thread-2] INFO  commands.RetriableDatanodeEventWatcher (RetriableDatanodeEventWatcher.java:onTimeout(47)) - RetriableDatanodeCommand type=deleteBlocksCommand with id=1568280408326 timed out. Retrying.
2019-09-12 09:26:59,943 [SCMBlockDeletingService#1] DEBUG block.SCMBlockDeletingService (SCMBlockDeletingService.java:call(138)) - Running DeletedBlockTransactionScanner
2019-09-12 09:26:59,943 [SCMBlockDeletingService#1] DEBUG block.SCMBlockDeletingService (SCMBlockDeletingService.java:call(155)) - Scanned deleted blocks log and got 3 delTX to process.
2019-09-12 09:26:59,944 [SCMBlockDeletingService#1] DEBUG block.SCMBlockDeletingService (SCMBlockDeletingService.java:call(171)) - Added delete block command for datanode b50d6464-f54a-40d1-9f81-f1c19654fd05 in the queue, number of delete block transactions: 3, TxID list: 1,2,3
2019-09-12 09:26:59,944 [SCMBlockDeletingService#1] INFO  block.SCMBlockDeletingService (SCMBlockDeletingService.java:call(182)) - Totally added 3 delete blocks command for 1 datanodes, task elapsed time: 2ms
2019-09-12 09:26:59,958 [pool-7-thread-2] INFO  commands.RetriableDatanodeEventWatcher (RetriableDatanodeEventWatcher.java:onTimeout(47)) - RetriableDatanodeCommand type=deleteBlocksCommand with id=1568280408336 timed out. Retrying.
2019-09-12 09:26:59,969 [pool-7-thread-2] INFO  commands.RetriableDatanodeEventWatcher (RetriableDatanodeEventWatcher.java:onTimeout(47)) - RetriableDatanodeCommand type=deleteBlocksCommand with id=1568280408346 timed out. Retrying.
2019-09-12 09:26:59,973 [pool-7-thread-2] INFO  commands.RetriableDatanodeEventWatcher (RetriableDatanodeEventWatcher.java:onTimeout(47)) - RetriableDatanodeCommand type=deleteBlocksCommand with id=1568280408375 timed out. Retrying.
2019-09-12 09:26:59,987 [pool-7-thread-2] INFO  commands.RetriableDatanodeEventWatcher (RetriableDatanodeEventWatcher.java:onTimeout(47)) - RetriableDatanodeCommand type=deleteBlocksCommand with id=1568280408356 timed out. Retrying.
2019-09-12 09:26:59,987 [pool-7-thread-1] INFO  commands.RetriableDatanodeEventWatcher (RetriableDatanodeEventWatcher.java:onTimeout(47)) - RetriableDatanodeCommand type=deleteBlocksCommand with id=1568280408385 timed out. Retrying.
2019-09-12 09:27:00,000 [pool-7-thread-1] INFO  commands.RetriableDatanodeEventWatcher (RetriableDatanodeEventWatcher.java:onTimeout(47)) - RetriableDatanodeCommand type=deleteBlocksCommand with id=1568280408366 timed out. Retrying.
2019-09-12 09:27:00,001 [pool-7-thread-2] INFO  commands.RetriableDatanodeEventWatcher (RetriableDatanodeEventWatcher.java:onTimeout(47)) - RetriableDatanodeCommand type=deleteBlocksCommand with id=1568280408395 timed out. Retrying.
2019-09-12 09:27:00,016 [pool-7-thread-2] INFO  commands.RetriableDatanodeEventWatcher (RetriableDatanodeEventWatcher.java:onTimeout(47)) - RetriableDatanodeCommand type=deleteBlocksCommand with id=1568280408405 timed out. Retrying.
2019-09-12 09:27:00,028 [pool-7-thread-2] INFO  commands.RetriableDatanodeEventWatcher (RetriableDatanodeEventWatcher.java:onTimeout(47)) - RetriableDatanodeCommand type=deleteBlocksCommand with id=1568280408317 timed out. Retrying.
2019-09-12 09:27:00,029 [pool-7-thread-2] INFO  commands.RetriableDatanodeEventWatcher (RetriableDatanodeEventWatcher.java:onTimeout(47)) - RetriableDatanodeCommand type=deleteBlocksCommand with id=1568280408415 timed out. Retrying.
2019-09-12 09:27:00,044 [pool-7-thread-2] INFO  commands.RetriableDatanodeEventWatcher (RetriableDatanodeEventWatcher.java:onTimeout(47)) - RetriableDatanodeCommand type=deleteBlocksCommand with id=1568280408327 timed out. Retrying.
2019-09-12 09:27:00,044 [SCMBlockDeletingService#1] DEBUG block.SCMBlockDeletingService (SCMBlockDeletingService.java:call(138)) - Running DeletedBlockTransactionScanner
2019-09-12 09:27:00,045 [SCMBlockDeletingService#1] DEBUG block.SCMBlockDeletingService (SCMBlockDeletingService.java:call(155)) - Scanned deleted blocks log and got 3 delTX to process.
2019-09-12 09:27:00,045 [SCMBlockDeletingService#1] DEBUG block.SCMBlockDeletingService (SCMBlockDeletingService.java:call(171)) - Added delete block command for datanode b50d6464-f54a-40d1-9f81-f1c19654fd05 in the queue, number of delete block transactions: 3, TxID list: 1,2,3
2019-09-12 09:27:00,045 [SCMBlockDeletingService#1] INFO  block.SCMBlockDeletingService (SCMBlockDeletingService.java:call(182)) - Totally added 3 delete blocks command for 1 datanodes, task elapsed time: 1ms
2019-09-12 09:27:00,056 [pool-7-thread-2] INFO  commands.RetriableDatanodeEventWatcher (RetriableDatanodeEventWatcher.java:onTimeout(47)) - RetriableDatanodeCommand type=deleteBlocksCommand with id=1568280408337 timed out. Retrying.
2019-09-12 09:27:00,074 [pool-7-thread-1] INFO  commands.RetriableDatanodeEventWatcher (RetriableDatanodeEventWatcher.java:onTimeout(47)) - RetriableDatanodeCommand type=deleteBlocksCommand with id=1568280408347 timed out. Retrying.
2019-09-12 09:27:00,074 [pool-7-thread-2] INFO  commands.RetriableDatanodeEventWatcher (RetriableDatanodeEventWatcher.java:onTimeout(47)) - RetriableDatanodeCommand type=deleteBlocksCommand with id=1568280408376 timed out. Retrying.
2019-09-12 09:27:00,086 [pool-7-thread-1] INFO  commands.RetriableDatanodeEventWatcher (RetriableDatanodeEventWatcher.java:onTimeout(47)) - RetriableDatanodeCommand type=deleteBlocksCommand with id=1568280408386 timed out. Retrying.
2019-09-12 09:27:00,086 [pool-7-thread-2] INFO  commands.RetriableDatanodeEventWatcher (RetriableDatanodeEventWatcher.java:onTimeout(47)) - RetriableDatanodeCommand type=deleteBlocksCommand with id=1568280408357 timed out. Retrying.
2019-09-12 09:27:00,101 [pool-7-thread-2] INFO  commands.RetriableDatanodeEventWatcher (RetriableDatanodeEventWatcher.java:onTimeout(47)) - RetriableDatanodeCommand type=deleteBlocksCommand with id=1568280408367 timed out. Retrying.
2019-09-12 09:27:00,101 [pool-7-thread-1] INFO  commands.RetriableDatanodeEventWatcher (RetriableDatanodeEventWatcher.java:onTimeout(47)) - RetriableDatanodeCommand type=deleteBlocksCommand with id=1568280408396 timed out. Retrying.
2019-09-12 09:27:00,115 [main] INFO  ozone.MiniOzoneClusterImpl (MiniOzoneClusterImpl.java:lambda$waitForClusterToBeReady$0(140)) - Waiting for cluster to be ready. Got 0 of 1 DN Heartbeats.
2019-09-12 09:27:00,116 [EventQueue-PendingDeleteStatusForPendingDeleteHandler] INFO  block.SCMBlockDeletingService (SCMBlockDeletingService.java:handlePendingDeletes(115)) - Block deletion txnID mismatch in datanode b50d6464-f54a-40d1-9f81-f1c19654fd05 for containerID 1. Datanode delete txnID: 0, SCM txnID: 1
2019-09-12 09:27:00,116 [EventQueue-PendingDeleteStatusForPendingDeleteHandler] INFO  block.SCMBlockDeletingService (SCMBlockDeletingService.java:handlePendingDeletes(115)) - Block deletion txnID mismatch in datanode b50d6464-f54a-40d1-9f81-f1c19654fd05 for containerID 2. Datanode delete txnID: 0, SCM txnID: 2
2019-09-12 09:27:00,117 [EventQueue-PendingDeleteStatusForPendingDeleteHandler] INFO  block.SCMBlockDeletingService (SCMBlockDeletingService.java:handlePendingDeletes(115)) - Block deletion txnID mismatch in datanode b50d6464-f54a-40d1-9f81-f1c19654fd05 for containerID 3. Datanode delete txnID: 0, SCM txnID: 3
2019-09-12 09:27:00,117 [pool-7-thread-1] INFO  commands.RetriableDatanodeEventWatcher (RetriableDatanodeEventWatcher.java:onTimeout(47)) - RetriableDatanodeCommand type=deleteBlocksCommand with id=1568280408406 timed out. Retrying.
2019-09-12 09:27:00,128 [pool-7-thread-1] INFO  commands.RetriableDatanodeEventWatcher (RetriableDatanodeEventWatcher.java:onTimeout(47)) - RetriableDatanodeCommand type=deleteBlocksCommand with id=1568280408318 timed out. Retrying.
2019-09-12 09:27:00,132 [pool-7-thread-1] INFO  commands.RetriableDatanodeEventWatcher (RetriableDatanodeEventWatcher.java:onTimeout(47)) - RetriableDatanodeCommand type=deleteBlocksCommand with id=1568280408416 timed out. Retrying.
2019-09-12 09:27:00,144 [pool-7-thread-1] INFO  commands.RetriableDatanodeEventWatcher (RetriableDatanodeEventWatcher.java:onTimeout(47)) - RetriableDatanodeCommand type=deleteBlocksCommand with id=1568280408328 timed out. Retrying.
2019-09-12 09:27:00,146 [SCMBlockDeletingService#1] DEBUG block.SCMBlockDeletingService (SCMBlockDeletingService.java:call(138)) - Running DeletedBlockTransactionScanner
2019-09-12 09:27:00,147 [SCMBlockDeletingService#1] DEBUG block.SCMBlockDeletingService (SCMBlockDeletingService.java:call(155)) - Scanned deleted blocks log and got 3 delTX to process.
2019-09-12 09:27:00,147 [SCMBlockDeletingService#1] DEBUG block.SCMBlockDeletingService (SCMBlockDeletingService.java:call(171)) - Added delete block command for datanode b50d6464-f54a-40d1-9f81-f1c19654fd05 in the queue, number of delete block transactions: 3, TxID list: 1,2,3
2019-09-12 09:27:00,147 [SCMBlockDeletingService#1] INFO  block.SCMBlockDeletingService (SCMBlockDeletingService.java:call(182)) - Totally added 3 delete blocks command for 1 datanodes, task elapsed time: 2ms
2019-09-12 09:27:00,158 [pool-7-thread-1] INFO  commands.RetriableDatanodeEventWatcher (RetriableDatanodeEventWatcher.java:onTimeout(47)) - RetriableDatanodeCommand type=deleteBlocksCommand with id=1568280408338 timed out. Retrying.
2019-09-12 09:27:00,173 [pool-7-thread-1] INFO  commands.RetriableDatanodeEventWatcher (RetriableDatanodeEventWatcher.java:onTimeout(47)) - RetriableDatanodeCommand type=deleteBlocksCommand with id=1568280408377 timed out. Retrying.
2019-09-12 09:27:00,176 [pool-7-thread-1] INFO  commands.RetriableDatanodeEventWatcher (RetriableDatanodeEventWatcher.java:onTimeout(47)) - RetriableDatanodeCommand type=deleteBlocksCommand with id=1568280408348 timed out. Retrying.
2019-09-12 09:27:00,187 [pool-7-thread-1] INFO  commands.RetriableDatanodeEventWatcher (RetriableDatanodeEventWatcher.java:onTimeout(47)) - RetriableDatanodeCommand type=deleteBlocksCommand with id=1568280408358 timed out. Retrying.
2019-09-12 09:27:00,188 [pool-7-thread-1] INFO  commands.RetriableDatanodeEventWatcher (RetriableDatanodeEventWatcher.java:onTimeout(47)) - RetriableDatanodeCommand type=deleteBlocksCommand with id=1568280408387 timed out. Retrying.
2019-09-12 09:27:00,199 [grpc-default-executor-1] INFO  impl.RaftServerProxy (RaftServerProxy.java:addNew(89)) - b50d6464-f54a-40d1-9f81-f1c19654fd05: addNew group-B6CF4AFBAA42:[b50d6464-f54a-40d1-9f81-f1c19654fd05:192.168.69.112:45986] returns group-B6CF4AFBAA42:java.util.concurrent.CompletableFuture@6b3cb11b[Not completed]
2019-09-12 09:27:00,200 [pool-7-thread-1] INFO  commands.RetriableDatanodeEventWatcher (RetriableDatanodeEventWatcher.java:onTimeout(47)) - RetriableDatanodeCommand type=deleteBlocksCommand with id=1568280408368 timed out. Retrying.
2019-09-12 09:27:00,202 [pool-592-thread-1] INFO  impl.RaftServerImpl (RaftServerImpl.java:<init>(95)) - b50d6464-f54a-40d1-9f81-f1c19654fd05: new RaftServerImpl for group-B6CF4AFBAA42:[b50d6464-f54a-40d1-9f81-f1c19654fd05:192.168.69.112:45986] with ContainerStateMachine:uninitialized
2019-09-12 09:27:00,202 [pool-592-thread-1] INFO  server.RaftServerConfigKeys (ConfUtils.java:logGet(43)) - raft.server.rpc.timeout.min = 5s (custom)
2019-09-12 09:27:00,202 [pool-592-thread-1] INFO  server.RaftServerConfigKeys (ConfUtils.java:logGet(43)) - raft.server.rpc.timeout.max = 5200ms (custom)
2019-09-12 09:27:00,202 [pool-592-thread-1] INFO  server.RaftServerConfigKeys (ConfUtils.java:logGet(43)) - raft.server.rpcslowness.timeout = 120s (custom)
2019-09-12 09:27:00,202 [pool-592-thread-1] INFO  server.RaftServerConfigKeys (ConfUtils.java:logGet(43)) - raft.server.sleep.deviation.threshold = 300 (default)
2019-09-12 09:27:00,202 [pool-592-thread-1] INFO  server.RaftServerConfigKeys (ConfUtils.java:logGet(43)) - raft.server.log.appender.install.snapshot.enabled = false (custom)
2019-09-12 09:27:00,203 [pool-592-thread-1] INFO  impl.RaftServerImpl (ServerState.java:<init>(103)) - b50d6464-f54a-40d1-9f81-f1c19654fd05@group-B6CF4AFBAA42: ConfigurationManager, init=-1: [b50d6464-f54a-40d1-9f81-f1c19654fd05:192.168.69.112:45986], old=null, confs=<EMPTY_MAP>
2019-09-12 09:27:00,203 [pool-592-thread-1] INFO  server.RaftServerConfigKeys (ConfUtils.java:logGet(43)) - raft.server.storage.dir = [/workdir/hadoop-ozone/integration-test/target/test-dir/MiniOzoneClusterImpl-91ceb8d4-6dc6-4c84-835d-2cce6db9d776/datanode-0/data/ratis] (custom)
2019-09-12 09:27:00,204 [pool-592-thread-1] INFO  storage.RaftStorageDirectory (RaftStorageDirectory.java:analyzeStorage(246)) - The storage directory /workdir/hadoop-ozone/integration-test/target/test-dir/MiniOzoneClusterImpl-91ceb8d4-6dc6-4c84-835d-2cce6db9d776/datanode-0/data/ratis/0ce2e3c9-8098-4be7-b21b-b6cf4afbaa42 does not exist. Creating ...
2019-09-12 09:27:00,205 [pool-7-thread-1] INFO  commands.RetriableDatanodeEventWatcher (RetriableDatanodeEventWatcher.java:onTimeout(47)) - RetriableDatanodeCommand type=deleteBlocksCommand with id=1568280408397 timed out. Retrying.
2019-09-12 09:27:00,217 [pool-7-thread-1] INFO  commands.RetriableDatanodeEventWatcher (RetriableDatanodeEventWatcher.java:onTimeout(47)) - RetriableDatanodeCommand type=deleteBlocksCommand with id=1568280408407 timed out. Retrying.
2019-09-12 09:27:00,229 [pool-592-thread-1] INFO  storage.RaftStorageDirectory (RaftStorageDirectory.java:tryLock(328)) - Lock on /workdir/hadoop-ozone/integration-test/target/test-dir/MiniOzoneClusterImpl-91ceb8d4-6dc6-4c84-835d-2cce6db9d776/datanode-0/data/ratis/0ce2e3c9-8098-4be7-b21b-b6cf4afbaa42/in_use.lock acquired by nodename 3229@pr-hdds-2117-slf27-1599733614
2019-09-12 09:27:00,231 [pool-7-thread-1] INFO  commands.RetriableDatanodeEventWatcher (RetriableDatanodeEventWatcher.java:onTimeout(47)) - RetriableDatanodeCommand type=deleteBlocksCommand with id=1568280408319 timed out. Retrying.
2019-09-12 09:27:00,232 [pool-7-thread-1] INFO  commands.RetriableDatanodeEventWatcher (RetriableDatanodeEventWatcher.java:onTimeout(47)) - RetriableDatanodeCommand type=deleteBlocksCommand with id=1568280408417 timed out. Retrying.
2019-09-12 09:27:00,243 [pool-7-thread-1] INFO  commands.RetriableDatanodeEventWatcher (RetriableDatanodeEventWatcher.java:onTimeout(47)) - RetriableDatanodeCommand type=deleteBlocksCommand with id=1568280408329 timed out. Retrying.
2019-09-12 09:27:00,248 [SCMBlockDeletingService#1] DEBUG block.SCMBlockDeletingService (SCMBlockDeletingService.java:call(138)) - Running DeletedBlockTransactionScanner
2019-09-12 09:27:00,250 [SCMBlockDeletingService#1] DEBUG block.SCMBlockDeletingService (SCMBlockDeletingService.java:call(155)) - Scanned deleted blocks log and got 3 delTX to process.
2019-09-12 09:27:00,250 [SCMBlockDeletingService#1] DEBUG block.SCMBlockDeletingService (SCMBlockDeletingService.java:call(171)) - Added delete block command for datanode b50d6464-f54a-40d1-9f81-f1c19654fd05 in the queue, number of delete block transactions: 3, TxID list: 1,2,3
2019-09-12 09:27:00,250 [pool-592-thread-1] INFO  storage.RaftStorage (RaftStorage.java:format(72)) - Storage directory /workdir/hadoop-ozone/integration-test/target/test-dir/MiniOzoneClusterImpl-91ceb8d4-6dc6-4c84-835d-2cce6db9d776/datanode-0/data/ratis/0ce2e3c9-8098-4be7-b21b-b6cf4afbaa42 has been successfully formatted.
2019-09-12 09:27:00,251 [pool-592-thread-1] INFO  ratis.ContainerStateMachine (ContainerStateMachine.java:loadSnapshot(230)) - group-B6CF4AFBAA42: The snapshot info is null. Setting the last applied indexto:(t:0, i:~)
2019-09-12 09:27:00,251 [SCMBlockDeletingService#1] INFO  block.SCMBlockDeletingService (SCMBlockDeletingService.java:call(182)) - Totally added 3 delete blocks command for 1 datanodes, task elapsed time: 4ms
2019-09-12 09:27:00,251 [pool-592-thread-1] INFO  server.RaftServerConfigKeys (ConfUtils.java:logGet(43)) - raft.server.notification.no-leader.timeout = 120s (custom)
2019-09-12 09:27:00,252 [pool-592-thread-1] INFO  server.RaftServerConfigKeys (ConfUtils.java:logGet(43)) - raft.server.log.use.memory = false (default)
2019-09-12 09:27:00,252 [pool-592-thread-1] INFO  server.RaftServerConfigKeys (ConfUtils.java:logGet(43)) - raft.server.log.purge.gap = 1000000 (custom)
2019-09-12 09:27:00,252 [pool-592-thread-1] INFO  server.RaftServerConfigKeys (ConfUtils.java:logGet(43)) - raft.server.log.appender.buffer.byte-limit = 33554432 (custom)
2019-09-12 09:27:00,252 [pool-592-thread-1] INFO  server.RaftServerConfigKeys (ConfUtils.java:logGet(43)) - raft.server.log.segment.size.max = 1048576 (custom)
2019-09-12 09:27:00,252 [pool-592-thread-1] INFO  server.RaftServerConfigKeys (ConfUtils.java:logGet(43)) - raft.server.log.segment.cache.num.max = 2 (custom)
2019-09-12 09:27:00,252 [pool-592-thread-1] INFO  segmented.SegmentedRaftLogWorker (SegmentedRaftLogWorker.java:<init>(172)) - new b50d6464-f54a-40d1-9f81-f1c19654fd05@group-B6CF4AFBAA42-SegmentedRaftLogWorker for RaftStorage:Storage Directory /workdir/hadoop-ozone/integration-test/target/test-dir/MiniOzoneClusterImpl-91ceb8d4-6dc6-4c84-835d-2cce6db9d776/datanode-0/data/ratis/0ce2e3c9-8098-4be7-b21b-b6cf4afbaa42
2019-09-12 09:27:00,253 [pool-592-thread-1] INFO  server.RaftServerConfigKeys (ConfUtils.java:logGet(43)) - raft.server.log.queue.byte-limit = 2147483647 (custom)
2019-09-12 09:27:00,253 [pool-592-thread-1] INFO  server.RaftServerConfigKeys (ConfUtils.java:logGet(43)) - raft.server.log.queue.element-limit = 1024 (custom)
2019-09-12 09:27:00,253 [pool-592-thread-1] INFO  server.RaftServerConfigKeys (ConfUtils.java:logGet(43)) - raft.server.log.segment.size.max = 1048576 (custom)
2019-09-12 09:27:00,253 [pool-592-thread-1] INFO  server.RaftServerConfigKeys (ConfUtils.java:logGet(43)) - raft.server.log.preallocated.size = 16384 (custom)
2019-09-12 09:27:00,253 [pool-592-thread-1] INFO  server.RaftServerConfigKeys (ConfUtils.java:logGet(43)) - raft.server.log.write.buffer.size = 33554432 (custom)
2019-09-12 09:27:00,253 [pool-592-thread-1] INFO  server.RaftServerConfigKeys (ConfUtils.java:logGet(43)) - raft.server.log.force.sync.num = 128 (default)
2019-09-12 09:27:00,254 [pool-592-thread-1] INFO  server.RaftServerConfigKeys (ConfUtils.java:logGet(43)) - raft.server.log.statemachine.data.sync = true (default)
2019-09-12 09:27:00,254 [pool-592-thread-1] INFO  server.RaftServerConfigKeys (ConfUtils.java:logGet(43)) - raft.server.log.statemachine.data.sync.timeout = 10s (default)
2019-09-12 09:27:00,254 [pool-592-thread-1] INFO  server.RaftServerConfigKeys (ConfUtils.java:logGet(43)) - raft.server.log.statemachine.data.sync.timeout.retry = -1 (default)
2019-09-12 09:27:00,254 [pool-592-thread-1] INFO  server.RaftServerConfigKeys (ConfUtils.java:logGet(43)) - raft.server.log.statemachine.data.caching.enabled = true (custom)
2019-09-12 09:27:00,254 [pool-592-thread-1] INFO  segmented.SegmentedRaftLogWorker (SegmentedRaftLogWorker.java:lambda$new$0(132)) - b50d6464-f54a-40d1-9f81-f1c19654fd05@group-B6CF4AFBAA42-SegmentedRaftLogWorker: flushIndex: setUnconditionally 0 -> -1
2019-09-12 09:27:00,255 [pool-592-thread-1] INFO  server.RaftServerConfigKeys (ConfUtils.java:logGet(43)) - raft.server.snapshot.auto.trigger.enabled = true (custom)
2019-09-12 09:27:00,255 [pool-592-thread-1] INFO  server.RaftServerConfigKeys (ConfUtils.java:logGet(43)) - raft.server.snapshot.auto.trigger.threshold = 10000 (custom)
2019-09-12 09:27:00,255 [pool-592-thread-1] INFO  server.RaftServerConfigKeys (ConfUtils.java:logGet(43)) - raft.server.snapshot.retention.num.files = -1 (default)
2019-09-12 09:27:00,255 [pool-592-thread-1] INFO  server.RaftServerConfigKeys (ConfUtils.java:logGet(43)) - raft.server.retrycache.expirytime = 600000ms (custom)
2019-09-12 09:27:00,265 [pool-7-thread-1] INFO  commands.RetriableDatanodeEventWatcher (RetriableDatanodeEventWatcher.java:onTimeout(47)) - RetriableDatanodeCommand type=deleteBlocksCommand with id=1568280408339 timed out. Retrying.
2019-09-12 09:27:00,277 [pool-7-thread-1] INFO  commands.RetriableDatanodeEventWatcher (RetriableDatanodeEventWatcher.java:onTimeout(47)) - RetriableDatanodeCommand type=deleteBlocksCommand with id=1568280408378 timed out. Retrying.
2019-09-12 09:27:00,277 [pool-7-thread-2] INFO  commands.RetriableDatanodeEventWatcher (RetriableDatanodeEventWatcher.java:onTimeout(47)) - RetriableDatanodeCommand type=deleteBlocksCommand with id=1568280408349 timed out. Retrying.
2019-09-12 09:27:00,282 [pool-592-thread-1] INFO  impl.RaftServerImpl (RaftServerImpl.java:start(185)) - b50d6464-f54a-40d1-9f81-f1c19654fd05@group-B6CF4AFBAA42: start as a follower, conf=-1: [b50d6464-f54a-40d1-9f81-f1c19654fd05:192.168.69.112:45986], old=null
2019-09-12 09:27:00,282 [pool-592-thread-1] INFO  impl.RaftServerImpl (RaftServerImpl.java:setRole(174)) - b50d6464-f54a-40d1-9f81-f1c19654fd05@group-B6CF4AFBAA42: changes role from      null to FOLLOWER at term 0 for startAsFollower
2019-09-12 09:27:00,282 [pool-592-thread-1] INFO  impl.RoleInfo (RoleInfo.java:updateAndGet(143)) - b50d6464-f54a-40d1-9f81-f1c19654fd05: start FollowerState
2019-09-12 09:27:00,283 [pool-592-thread-1] INFO  util.JmxRegister (JmxRegister.java:tryRegister(44)) - Successfully registered JMX Bean with object name Ratis:service=RaftServer,group=group-B6CF4AFBAA42,id=b50d6464-f54a-40d1-9f81-f1c19654fd05
2019-09-12 09:27:00,290 [pool-7-thread-2] INFO  commands.RetriableDatanodeEventWatcher (RetriableDatanodeEventWatcher.java:onTimeout(47)) - RetriableDatanodeCommand type=deleteBlocksCommand with id=1568280408359 timed out. Retrying.
2019-09-12 09:27:00,290 [pool-7-thread-1] INFO  commands.RetriableDatanodeEventWatcher (RetriableDatanodeEventWatcher.java:onTimeout(47)) - RetriableDatanodeCommand type=deleteBlocksCommand with id=1568280408388 timed out. Retrying.
2019-09-12 09:27:00,291 [RatisPipelineUtilsThread] INFO  pipeline.PipelineStateManager (PipelineStateManager.java:addPipeline(56)) - Created pipeline Pipeline[ Id: 0ce2e3c9-8098-4be7-b21b-b6cf4afbaa42, Nodes: b50d6464-f54a-40d1-9f81-f1c19654fd05{ip: 192.168.69.112, host: pr-hdds-2117-slf27-1599733614, networkLocation: /default-rack, certSerialId: null}, Type:RATIS, Factor:ONE, State:OPEN]
2019-09-12 09:27:00,304 [pool-7-thread-1] INFO  commands.RetriableDatanodeEventWatcher (RetriableDatanodeEventWatcher.java:onTimeout(47)) - RetriableDatanodeCommand type=deleteBlocksCommand with id=1568280408369 timed out. Retrying.
2019-09-12 09:27:00,305 [pool-7-thread-1] INFO  commands.RetriableDatanodeEventWatcher (RetriableDatanodeEventWatcher.java:onTimeout(47)) - RetriableDatanodeCommand type=deleteBlocksCommand with id=1568280408398 timed out. Retrying.
2019-09-12 09:27:00,317 [pool-7-thread-1] INFO  commands.RetriableDatanodeEventWatcher (RetriableDatanodeEventWatcher.java:onTimeout(47)) - RetriableDatanodeCommand type=deleteBlocksCommand with id=1568280408310 timed out. Retrying.
2019-09-12 09:27:00,319 [pool-7-thread-1] INFO  commands.RetriableDatanodeEventWatcher (RetriableDatanodeEventWatcher.java:onTimeout(47)) - RetriableDatanodeCommand type=deleteBlocksCommand with id=1568280408408 timed out. Retrying.
2019-09-12 09:27:00,332 [pool-7-thread-1] INFO  commands.RetriableDatanodeEventWatcher (RetriableDatanodeEventWatcher.java:onTimeout(47)) - RetriableDatanodeCommand type=deleteBlocksCommand with id=1568280408320 timed out. Retrying.
2019-09-12 09:27:00,335 [pool-7-thread-1] INFO  commands.RetriableDatanodeEventWatcher (RetriableDatanodeEventWatcher.java:onTimeout(47)) - RetriableDatanodeCommand type=deleteBlocksCommand with id=1568280408418 timed out. Retrying.
2019-09-12 09:27:00,348 [pool-7-thread-1] INFO  commands.RetriableDatanodeEventWatcher (RetriableDatanodeEventWatcher.java:onTimeout(47)) - RetriableDatanodeCommand type=deleteBlocksCommand with id=1568280408330 timed out. Retrying.
2019-09-12 09:27:00,352 [SCMBlockDeletingService#1] DEBUG block.SCMBlockDeletingService (SCMBlockDeletingService.java:call(138)) - Running DeletedBlockTransactionScanner
2019-09-12 09:27:00,352 [SCMBlockDeletingService#1] DEBUG block.SCMBlockDeletingService (SCMBlockDeletingService.java:call(155)) - Scanned deleted blocks log and got 3 delTX to process.
2019-09-12 09:27:00,352 [SCMBlockDeletingService#1] DEBUG block.SCMBlockDeletingService (SCMBlockDeletingService.java:call(171)) - Added delete block command for datanode b50d6464-f54a-40d1-9f81-f1c19654fd05 in the queue, number of delete block transactions: 3, TxID list: 1,2,3
2019-09-12 09:27:00,353 [SCMBlockDeletingService#1] INFO  block.SCMBlockDeletingService (SCMBlockDeletingService.java:call(182)) - Totally added 3 delete blocks command for 1 datanodes, task elapsed time: 1ms
2019-09-12 09:27:00,362 [pool-7-thread-1] INFO  commands.RetriableDatanodeEventWatcher (RetriableDatanodeEventWatcher.java:onTimeout(47)) - RetriableDatanodeCommand type=deleteBlocksCommand with id=1568280408340 timed out. Retrying.
2019-09-12 09:27:00,376 [pool-7-thread-1] INFO  commands.RetriableDatanodeEventWatcher (RetriableDatanodeEventWatcher.java:onTimeout(47)) - RetriableDatanodeCommand type=deleteBlocksCommand with id=1568280408379 timed out. Retrying.
2019-09-12 09:27:00,376 [pool-7-thread-2] INFO  commands.RetriableDatanodeEventWatcher (RetriableDatanodeEventWatcher.java:onTimeout(47)) - RetriableDatanodeCommand type=deleteBlocksCommand with id=1568280408350 timed out. Retrying.
2019-09-12 09:27:00,393 [pool-7-thread-2] INFO  commands.RetriableDatanodeEventWatcher (RetriableDatanodeEventWatcher.java:onTimeout(47)) - RetriableDatanodeCommand type=deleteBlocksCommand with id=1568280408360 timed out. Retrying.
2019-09-12 09:27:00,393 [pool-7-thread-1] INFO  commands.RetriableDatanodeEventWatcher (RetriableDatanodeEventWatcher.java:onTimeout(47)) - RetriableDatanodeCommand type=deleteBlocksCommand with id=1568280408389 timed out. Retrying.
2019-09-12 09:27:00,405 [pool-7-thread-1] INFO  commands.RetriableDatanodeEventWatcher (RetriableDatanodeEventWatcher.java:onTimeout(47)) - RetriableDatanodeCommand type=deleteBlocksCommand with id=1568280408370 timed out. Retrying.
2019-09-12 09:27:00,407 [pool-7-thread-1] INFO  commands.RetriableDatanodeEventWatcher (RetriableDatanodeEventWatcher.java:onTimeout(47)) - RetriableDatanodeCommand type=deleteBlocksCommand with id=1568280408399 timed out. Retrying.
2019-09-12 09:27:00,422 [pool-7-thread-1] INFO  commands.RetriableDatanodeEventWatcher (RetriableDatanodeEventWatcher.java:onTimeout(47)) - RetriableDatanodeCommand type=deleteBlocksCommand with id=1568280408311 timed out. Retrying.
2019-09-12 09:27:00,422 [pool-7-thread-2] INFO  commands.RetriableDatanodeEventWatcher (RetriableDatanodeEventWatcher.java:onTimeout(47)) - RetriableDatanodeCommand type=deleteBlocksCommand with id=1568280408409 timed out. Retrying.
2019-09-12 09:27:00,434 [pool-7-thread-2] INFO  commands.RetriableDatanodeEventWatcher (RetriableDatanodeEventWatcher.java:onTimeout(47)) - RetriableDatanodeCommand type=deleteBlocksCommand with id=1568280408321 timed out. Retrying.
2019-09-12 09:27:00,436 [pool-7-thread-2] INFO  commands.RetriableDatanodeEventWatcher (RetriableDatanodeEventWatcher.java:onTimeout(47)) - RetriableDatanodeCommand type=deleteBlocksCommand with id=1568280408419 timed out. Retrying.
2019-09-12 09:27:00,450 [pool-7-thread-2] INFO  commands.RetriableDatanodeEventWatcher (RetriableDatanodeEventWatcher.java:onTimeout(47)) - RetriableDatanodeCommand type=deleteBlocksCommand with id=1568280408331 timed out. Retrying.
2019-09-12 09:27:00,453 [SCMBlockDeletingService#0] DEBUG block.SCMBlockDeletingService (SCMBlockDeletingService.java:call(138)) - Running DeletedBlockTransactionScanner
2019-09-12 09:27:00,454 [SCMBlockDeletingService#0] DEBUG block.SCMBlockDeletingService (SCMBlockDeletingService.java:call(155)) - Scanned deleted blocks log and got 3 delTX to process.
2019-09-12 09:27:00,454 [SCMBlockDeletingService#0] DEBUG block.SCMBlockDeletingService (SCMBlockDeletingService.java:call(171)) - Added delete block command for datanode b50d6464-f54a-40d1-9f81-f1c19654fd05 in the queue, number of delete block transactions: 3, TxID list: 1,2,3
2019-09-12 09:27:00,454 [SCMBlockDeletingService#0] INFO  block.SCMBlockDeletingService (SCMBlockDeletingService.java:call(182)) - Totally added 3 delete blocks command for 1 datanodes, task elapsed time: 1ms
2019-09-12 09:27:00,464 [pool-7-thread-2] INFO  commands.RetriableDatanodeEventWatcher (RetriableDatanodeEventWatcher.java:onTimeout(47)) - RetriableDatanodeCommand type=deleteBlocksCommand with id=1568280408341 timed out. Retrying.
2019-09-12 09:27:00,478 [pool-7-thread-2] INFO  commands.RetriableDatanodeEventWatcher (RetriableDatanodeEventWatcher.java:onTimeout(47)) - RetriableDatanodeCommand type=deleteBlocksCommand with id=1568280408380 timed out. Retrying.
2019-09-12 09:27:00,479 [pool-7-thread-2] INFO  commands.RetriableDatanodeEventWatcher (RetriableDatanodeEventWatcher.java:onTimeout(47)) - RetriableDatanodeCommand type=deleteBlocksCommand with id=1568280408351 timed out. Retrying.
2019-09-12 09:27:00,494 [pool-7-thread-2] INFO  commands.RetriableDatanodeEventWatcher (RetriableDatanodeEventWatcher.java:onTimeout(47)) - RetriableDatanodeCommand type=deleteBlocksCommand with id=1568280408361 timed out. Retrying.
2019-09-12 09:27:00,495 [pool-7-thread-1] INFO  commands.RetriableDatanodeEventWatcher (RetriableDatanodeEventWatcher.java:onTimeout(47)) - RetriableDatanodeCommand type=deleteBlocksCommand with id=1568280408390 timed out. Retrying.
2019-09-12 09:27:00,505 [pool-7-thread-1] INFO  commands.RetriableDatanodeEventWatcher (RetriableDatanodeEventWatcher.java:onTimeout(47)) - RetriableDatanodeCommand type=deleteBlocksCommand with id=1568280408371 timed out. Retrying.
2019-09-12 09:27:00,508 [pool-7-thread-1] INFO  commands.RetriableDatanodeEventWatcher (RetriableDatanodeEventWatcher.java:onTimeout(47)) - RetriableDatanodeCommand type=deleteBlocksCommand with id=1568280408400 timed out. Retrying.
2019-09-12 09:27:00,522 [pool-7-thread-1] INFO  commands.RetriableDatanodeEventWatcher (RetriableDatanodeEventWatcher.java:onTimeout(47)) - RetriableDatanodeCommand type=deleteBlocksCommand with id=1568280408312 timed out. Retrying.
2019-09-12 09:27:00,523 [pool-7-thread-2] INFO  commands.RetriableDatanodeEventWatcher (RetriableDatanodeEventWatcher.java:onTimeout(47)) - RetriableDatanodeCommand type=deleteBlocksCommand with id=1568280408410 timed out. Retrying.
2019-09-12 09:27:00,537 [pool-7-thread-2] INFO  commands.RetriableDatanodeEventWatcher (RetriableDatanodeEventWatcher.java:onTimeout(47)) - RetriableDatanodeCommand type=deleteBlocksCommand with id=1568280408322 timed out. Retrying.
2019-09-12 09:27:00,537 [pool-7-thread-1] INFO  commands.RetriableDatanodeEventWatcher (RetriableDatanodeEventWatcher.java:onTimeout(47)) - RetriableDatanodeCommand type=deleteBlocksCommand with id=1568280408420 timed out. Retrying.
2019-09-12 09:27:00,551 [pool-7-thread-1] INFO  commands.RetriableDatanodeEventWatcher (RetriableDatanodeEventWatcher.java:onTimeout(47)) - RetriableDatanodeCommand type=deleteBlocksCommand with id=1568280408332 timed out. Retrying.
2019-09-12 09:27:00,555 [SCMBlockDeletingService#0] DEBUG block.SCMBlockDeletingService (SCMBlockDeletingService.java:call(138)) - Running DeletedBlockTransactionScanner
2019-09-12 09:27:00,555 [SCMBlockDeletingService#0] DEBUG block.SCMBlockDeletingService (SCMBlockDeletingService.java:call(155)) - Scanned deleted blocks log and got 3 delTX to process.
2019-09-12 09:27:00,555 [SCMBlockDeletingService#0] DEBUG block.SCMBlockDeletingService (SCMBlockDeletingService.java:call(171)) - Added delete block command for datanode b50d6464-f54a-40d1-9f81-f1c19654fd05 in the queue, number of delete block transactions: 3, TxID list: 1,2,3
2019-09-12 09:27:00,556 [SCMBlockDeletingService#0] INFO  block.SCMBlockDeletingService (SCMBlockDeletingService.java:call(182)) - Totally added 3 delete blocks command for 1 datanodes, task elapsed time: 1ms
2019-09-12 09:27:00,565 [pool-7-thread-1] INFO  commands.RetriableDatanodeEventWatcher (RetriableDatanodeEventWatcher.java:onTimeout(47)) - RetriableDatanodeCommand type=deleteBlocksCommand with id=1568280408342 timed out. Retrying.
2019-09-12 09:27:00,579 [pool-7-thread-1] INFO  commands.RetriableDatanodeEventWatcher (RetriableDatanodeEventWatcher.java:onTimeout(47)) - RetriableDatanodeCommand type=deleteBlocksCommand with id=1568280408352 timed out. Retrying.
2019-09-12 09:27:00,583 [pool-7-thread-1] INFO  commands.RetriableDatanodeEventWatcher (RetriableDatanodeEventWatcher.java:onTimeout(47)) - RetriableDatanodeCommand type=deleteBlocksCommand with id=1568280408381 timed out. Retrying.
2019-09-12 09:27:00,594 [pool-7-thread-1] INFO  commands.RetriableDatanodeEventWatcher (RetriableDatanodeEventWatcher.java:onTimeout(47)) - RetriableDatanodeCommand type=deleteBlocksCommand with id=1568280408362 timed out. Retrying.
2019-09-12 09:27:00,595 [pool-7-thread-1] INFO  commands.RetriableDatanodeEventWatcher (RetriableDatanodeEventWatcher.java:onTimeout(47)) - RetriableDatanodeCommand type=deleteBlocksCommand with id=1568280408391 timed out. Retrying.
2019-09-12 09:27:00,606 [pool-7-thread-1] INFO  commands.RetriableDatanodeEventWatcher (RetriableDatanodeEventWatcher.java:onTimeout(47)) - RetriableDatanodeCommand type=deleteBlocksCommand with id=1568280408372 timed out. Retrying.
2019-09-12 09:27:00,610 [pool-7-thread-1] INFO  commands.RetriableDatanodeEventWatcher (RetriableDatanodeEventWatcher.java:onTimeout(47)) - RetriableDatanodeCommand type=deleteBlocksCommand with id=1568280408401 timed out. Retrying.
2019-09-12 09:27:00,621 [pool-7-thread-1] INFO  commands.RetriableDatanodeEventWatcher (RetriableDatanodeEventWatcher.java:onTimeout(47)) - RetriableDatanodeCommand type=deleteBlocksCommand with id=1568280408313 timed out. Retrying.
2019-09-12 09:27:00,624 [pool-7-thread-1] INFO  commands.RetriableDatanodeEventWatcher (RetriableDatanodeEventWatcher.java:onTimeout(47)) - RetriableDatanodeCommand type=deleteBlocksCommand with id=1568280408411 timed out. Retrying.
2019-09-12 09:27:00,637 [pool-7-thread-1] INFO  commands.RetriableDatanodeEventWatcher (RetriableDatanodeEventWatcher.java:onTimeout(47)) - RetriableDatanodeCommand type=deleteBlocksCommand with id=1568280408323 timed out. Retrying.
2019-09-12 09:27:00,640 [pool-7-thread-1] INFO  commands.RetriableDatanodeEventWatcher (RetriableDatanodeEventWatcher.java:onTimeout(47)) - RetriableDatanodeCommand type=deleteBlocksCommand with id=1568280408421 timed out. Retrying.
2019-09-12 09:27:00,702 [pool-7-thread-1] INFO  commands.RetriableDatanodeEventWatcher (SCMBlockDeletingService.java:call(138)) - Running DeletedBlockTransactionScanner
2019-09-12 09:27:00,702 [pool-7-thread-1] INFO  commands.RetriableDatanodeEventWatcher (RetriableDatanodeEventWatcher.java:onTimeout(47)) - RetriableDatanodeCommand type=deleteBlocksCommand with id=1568280408353 timed out. Retrying.
2019-09-12 09:27:00,702 [pool-7-thread-3] INFO  commands.RetriableDatanodeEventWatcher (RetriableDatanodeEventWatcher.java:onTimeout(47)) - RetriableDatanodeCommand type=deleteBlocksCommand with id=1568280408382 timed out. Retrying.
2019-09-12 09:27:00,706 [pool-7-thread-4] INFO  commands.RetriableDatanodeEventWatcher (SCMBlockDeletingService.java:call(155)) - Scanned deleted blocks log and got 3 delTX to process.
2019-09-12 09:27:00,706 [pool-7-thread-4] INFO  commands.RetriableDatanodeEventWatcher (RetriableDatanodeEventWatcher.java:onTimeout(47)) - RetriableDatanodeCommand type=deleteBlocksCommand with id=1568280408333 timed out. Retrying.
2019-09-12 09:27:00,706 [pool-7-thread-1] INFO  commands.RetriableDatanodeEventWatcher (SCMBlockDeletingService.java:call(171)) - Added delete block command for datanode b50d6464-f54a-40d1-9f81-f1c19654fd05 in the queue, number of delete block transactions: 3, TxID list: 1,2,3
2019-09-12 09:27:00,706 [pool-7-thread-1] INFO  commands.RetriableDatanodeEventWatcher (RetriableDatanodeEventWatcher.java:onTimeout(47)) - RetriableDatanodeCommand type=deleteBlocksCommand with id=1568280408343 timed out. Retrying.
2019-09-12 09:27:00,708 [pool-7-thread-2] INFO  commands.RetriableDatanodeEventWatcher (RetriableDatanodeEventWatcher.java:onTimeout(47)) - RetriableDatanodeCommand type=deleteBlocksCommand with id=1568280408363 timed out. Retrying.
2019-09-12 09:27:00,708 [pool-7-thread-1] INFO  commands.RetriableDatanodeEventWatcher (RetriableDatanodeEventWatcher.java:onTimeout(47)) - RetriableDatanodeCommand type=deleteBlocksCommand with id=1568280408373 timed out. Retrying.
SCMBlockDeletingService.java:call(182)) - Totally added 3 delete blocks command for 1 datanodes, task elapsed time: 6ms
2019-09-12 09:27:00,708 [pool-7-thread-1] INFO  commands.RetriableDatanodeEventWatcher (RetriableDatanodeEventWatcher.java:onTimeout(47)) - RetriableDatanodeCommand type=deleteBlocksCommand with id=1568280408373 timed out. Retrying.
2019-09-12 09:27:00,708 [pool-7-thread-5] INFO  commands.RetriableDatanodeEventWatcher (RetriableDatanodeEventWatcher.java:onTimeout(47)) - RetriableDatanodeCommand type=deleteBlocksCommand with id=1568280408392 timed out. Retrying.
2019-09-12 09:27:00,710 [pool-7-thread-5] INFO  commands.RetriableDatanodeEventWatcher (RetriableDatanodeEventWatcher.java:onTimeout(47)) - RetriableDatanodeCommand type=deleteBlocksCommand with id=1568280408402 timed out. Retrying.
2019-09-12 09:27:00,722 [pool-7-thread-5] INFO  commands.RetriableDatanodeEventWatcher (RetriableDatanodeEventWatcher.java:onTimeout(47)) - RetriableDatanodeCommand type=deleteBlocksCommand with id=1568280408314 timed out. Retrying.
2019-09-12 09:27:00,725 [pool-7-thread-5] INFO  commands.RetriableDatanodeEventWatcher (RetriableDatanodeEventWatcher.java:onTimeout(47)) - RetriableDatanodeCommand type=deleteBlocksCommand with id=1568280408412 timed out. Retrying.
2019-09-12 09:27:00,737 [pool-7-thread-5] INFO  commands.RetriableDatanodeEventWatcher (RetriableDatanodeEventWatcher.java:onTimeout(47)) - RetriableDatanodeCommand type=deleteBlocksCommand with id=1568280408324 timed out. Retrying.
2019-09-12 09:27:00,740 [pool-7-thread-5] INFO  commands.RetriableDatanodeEventWatcher (RetriableDatanodeEventWatcher.java:onTimeout(47)) - RetriableDatanodeCommand type=deleteBlocksCommand with id=1568280408422 timed out. Retrying.
2019-09-12 09:27:00,757 [pool-7-thread-5] INFO  commands.RetriableDatanodeEventWatcher (RetriableDatanodeEventWatcher.java:onTimeout(47)) - RetriableDatanodeCommand type=deleteBlocksCommand with id=1568280408334 timed out. Retrying.
2019-09-12 09:27:00,766 [pool-7-thread-5] INFO  commands.RetriableDatanodeEventWatcher (RetriableDatanodeEventWatcher.java:onTimeout(47)) - RetriableDatanodeCommand type=deleteBlocksCommand with id=1568280408344 timed out. Retrying.
2019-09-12 09:27:00,785 [pool-7-thread-5] INFO  commands.RetriableDatanodeEventWatcher (RetriableDatanodeEventWatcher.java:onTimeout(47)) - RetriableDatanodeCommand type=deleteBlocksCommand with id=1568280408354 timed out. Retrying.
2019-09-12 09:27:00,785 [pool-7-thread-1] INFO  commands.RetriableDatanodeEventWatcher (RetriableDatanodeEventWatcher.java:onTimeout(47)) - RetriableDatanodeCommand type=deleteBlocksCommand with id=1568280408383 timed out. Retrying.
2019-09-12 09:27:00,795 [pool-7-thread-1] INFO  commands.RetriableDatanodeEventWatcher (RetriableDatanodeEventWatcher.java:onTimeout(47)) - RetriableDatanodeCommand type=deleteBlocksCommand with id=1568280408364 timed out. Retrying.
2019-09-12 09:27:00,797 [pool-7-thread-1] INFO  commands.RetriableDatanodeEventWatcher (RetriableDatanodeEventWatcher.java:onTimeout(47)) - RetriableDatanodeCommand type=deleteBlocksCommand with id=1568280408393 timed out. Retrying.
2019-09-12 09:27:00,808 [SCMBlockDeletingService#0] DEBUG block.SCMBlockDeletingService (SCMBlockDeletingService.java:call(138)) - Running DeletedBlockTransactionScanner
2019-09-12 09:27:00,809 [SCMBlockDeletingService#0] DEBUG block.SCMBlockDeletingService (SCMBlockDeletingService.java:call(155)) - Scanned deleted blocks log and got 3 delTX to process.
2019-09-12 09:27:00,809 [SCMBlockDeletingService#0] DEBUG block.SCMBlockDeletingService (SCMBlockDeletingService.java:call(171)) - Added delete block command for datanode b50d6464-f54a-40d1-9f81-f1c19654fd05 in the queue, number of delete block transactions: 3, TxID list: 1,2,3
2019-09-12 09:27:00,809 [SCMBlockDeletingService#0] INFO  block.SCMBlockDeletingService (SCMBlockDeletingService.java:call(182)) - Totally added 3 delete blocks command for 1 datanodes, task elapsed time: 1ms
2019-09-12 09:27:00,812 [pool-7-thread-1] INFO  commands.RetriableDatanodeEventWatcher (RetriableDatanodeEventWatcher.java:onTimeout(47)) - RetriableDatanodeCommand type=deleteBlocksCommand with id=1568280408403 timed out. Retrying.
2019-09-12 09:27:00,825 [pool-7-thread-1] INFO  commands.RetriableDatanodeEventWatcher (RetriableDatanodeEventWatcher.java:onTimeout(47)) - RetriableDatanodeCommand type=deleteBlocksCommand with id=1568280408315 timed out. Retrying.
2019-09-12 09:27:00,826 [pool-7-thread-1] INFO  commands.RetriableDatanodeEventWatcher (RetriableDatanodeEventWatcher.java:onTimeout(47)) - RetriableDatanodeCommand type=deleteBlocksCommand with id=1568280408413 timed out. Retrying.
2019-09-12 09:27:00,841 [pool-7-thread-1] INFO  commands.RetriableDatanodeEventWatcher (RetriableDatanodeEventWatcher.java:onTimeout(47)) - RetriableDatanodeCommand type=deleteBlocksCommand with id=1568280408325 timed out. Retrying.
2019-09-12 09:27:00,842 [pool-7-thread-1] INFO  commands.RetriableDatanodeEventWatcher (RetriableDatanodeEventWatcher.java:onTimeout(47)) - RetriableDatanodeCommand type=deleteBlocksCommand with id=1568280408423 timed out. Retrying.
2019-09-12 09:27:00,854 [pool-7-thread-1] INFO  commands.RetriableDatanodeEventWatcher (RetriableDatanodeEventWatcher.java:onTimeout(47)) - RetriableDatanodeCommand type=deleteBlocksCommand with id=1568280408335 timed out. Retrying.
2019-09-12 09:27:00,872 [pool-7-thread-5] INFO  commands.RetriableDatanodeEventWatcher (RetriableDatanodeEventWatcher.java:onTimeout(47)) - RetriableDatanodeCommand type=deleteBlocksCommand with id=1568280408345 timed out. Retrying.
2019-09-12 09:27:00,872 [pool-7-thread-1] INFO  commands.RetriableDatanodeEventWatcher (RetriableDatanodeEventWatcher.java:onTimeout(47)) - RetriableDatanodeCommand type=deleteBlocksCommand with id=1568280408374 timed out. Retrying.
2019-09-12 09:27:00,886 [pool-7-thread-1] INFO  commands.RetriableDatanodeEventWatcher (RetriableDatanodeEventWatcher.java:onTimeout(47)) - RetriableDatanodeCommand type=deleteBlocksCommand with id=1568280408355 timed out. Retrying.
2019-09-12 09:27:00,886 [pool-7-thread-1] INFO  commands.RetriableDatanodeEventWatcher (RetriableDatanodeEventWatcher.java:onTimeout(47)) - RetriableDatanodeCommand type=deleteBlocksCommand with id=1568280408384 timed out. Retrying.
2019-09-12 09:27:00,896 [pool-7-thread-1] INFO  commands.RetriableDatanodeEventWatcher (RetriableDatanodeEventWatcher.java:onTimeout(47)) - RetriableDatanodeCommand type=deleteBlocksCommand with id=1568280408365 timed out. Retrying.
2019-09-12 09:27:00,899 [pool-7-thread-1] INFO  commands.RetriableDatanodeEventWatcher (RetriableDatanodeEventWatcher.java:onTimeout(47)) - RetriableDatanodeCommand type=deleteBlocksCommand with id=1568280408394 timed out. Retrying.
2019-09-12 09:27:00,910 [SCMBlockDeletingService#0] DEBUG block.SCMBlockDeletingService (SCMBlockDeletingService.java:call(138)) - Running DeletedBlockTransactionScanner
2019-09-12 09:27:00,910 [SCMBlockDeletingService#0] DEBUG block.SCMBlockDeletingService (SCMBlockDeletingService.java:call(155)) - Scanned deleted blocks log and got 3 delTX to process.
2019-09-12 09:27:00,910 [SCMBlockDeletingService#0] DEBUG block.SCMBlockDeletingService (SCMBlockDeletingService.java:call(171)) - Added delete block command for datanode b50d6464-f54a-40d1-9f81-f1c19654fd05 in the queue, number of delete block transactions: 3, TxID list: 1,2,3
2019-09-12 09:27:00,910 [SCMBlockDeletingService#0] INFO  block.SCMBlockDeletingService (SCMBlockDeletingService.java:call(182)) - Totally added 3 delete blocks command for 1 datanodes, task elapsed time: 1ms
2019-09-12 09:27:00,913 [pool-7-thread-1] INFO  commands.RetriableDatanodeEventWatcher (RetriableDatanodeEventWatcher.java:onTimeout(47)) - RetriableDatanodeCommand type=deleteBlocksCommand with id=1568280408404 timed out. Retrying.
2019-09-12 09:27:00,930 [pool-7-thread-1] INFO  commands.RetriableDatanodeEventWatcher (RetriableDatanodeEventWatcher.java:onTimeout(47)) - RetriableDatanodeCommand type=deleteBlocksCommand with id=1568280408316 timed out. Retrying.
2019-09-12 09:27:00,930 [pool-7-thread-5] INFO  commands.RetriableDatanodeEventWatcher (RetriableDatanodeEventWatcher.java:onTimeout(47)) - RetriableDatanodeCommand type=deleteBlocksCommand with id=1568280408414 timed out. Retrying.
2019-09-12 09:27:00,938 [pool-7-thread-5] INFO  commands.RetriableDatanodeEventWatcher (RetriableDatanodeEventWatcher.java:onTimeout(47)) - RetriableDatanodeCommand type=deleteBlocksCommand with id=1568280408326 timed out. Retrying.
2019-09-12 09:27:00,943 [pool-7-thread-5] INFO  commands.RetriableDatanodeEventWatcher (RetriableDatanodeEventWatcher.java:onTimeout(47)) - RetriableDatanodeCommand type=deleteBlocksCommand with id=1568280408424 timed out. Retrying.
2019-09-12 09:27:00,959 [pool-7-thread-5] INFO  commands.RetriableDatanodeEventWatcher (RetriableDatanodeEventWatcher.java:onTimeout(47)) - RetriableDatanodeCommand type=deleteBlocksCommand with id=1568280408336 timed out. Retrying.
2019-09-12 09:27:00,969 [pool-7-thread-5] INFO  commands.RetriableDatanodeEventWatcher (RetriableDatanodeEventWatcher.java:onTimeout(47)) - RetriableDatanodeCommand type=deleteBlocksCommand with id=1568280408346 timed out. Retrying.
2019-09-12 09:27:00,974 [pool-7-thread-5] INFO  commands.RetriableDatanodeEventWatcher (RetriableDatanodeEventWatcher.java:onTimeout(47)) - RetriableDatanodeCommand type=deleteBlocksCommand with id=1568280408375 timed out. Retrying.
2019-09-12 09:27:00,986 [pool-7-thread-5] INFO  commands.RetriableDatanodeEventWatcher (RetriableDatanodeEventWatcher.java:onTimeout(47)) - RetriableDatanodeCommand type=deleteBlocksCommand with id=1568280408356 timed out. Retrying.
2019-09-12 09:27:00,988 [pool-7-thread-5] INFO  commands.RetriableDatanodeEventWatcher (RetriableDatanodeEventWatcher.java:onTimeout(47)) - RetriableDatanodeCommand type=deleteBlocksCommand with id=1568280408385 timed out. Retrying.
2019-09-12 09:27:01,001 [pool-7-thread-5] INFO  commands.RetriableDatanodeEventWatcher (RetriableDatanodeEventWatcher.java:onTimeout(47)) - RetriableDatanodeCommand type=deleteBlocksCommand with id=1568280408366 timed out. Retrying.
2019-09-12 09:27:01,001 [pool-7-thread-1] INFO  commands.RetriableDatanodeEventWatcher (RetriableDatanodeEventWatcher.java:onTimeout(47)) - RetriableDatanodeCommand type=deleteBlocksCommand with id=1568280408395 timed out. Retrying.
2019-09-12 09:27:01,011 [SCMBlockDeletingService#0] DEBUG block.SCMBlockDeletingService (SCMBlockDeletingService.java:call(138)) - Running DeletedBlockTransactionScanner
2019-09-12 09:27:01,011 [SCMBlockDeletingService#0] DEBUG block.SCMBlockDeletingService (SCMBlockDeletingService.java:call(155)) - Scanned deleted blocks log and got 3 delTX to process.
2019-09-12 09:27:01,011 [SCMBlockDeletingService#0] DEBUG block.SCMBlockDeletingService (SCMBlockDeletingService.java:call(171)) - Added delete block command for datanode b50d6464-f54a-40d1-9f81-f1c19654fd05 in the queue, number of delete block transactions: 3, TxID list: 1,2,3
2019-09-12 09:27:01,012 [SCMBlockDeletingService#0] INFO  block.SCMBlockDeletingService (SCMBlockDeletingService.java:call(182)) - Totally added 3 delete blocks command for 1 datanodes, task elapsed time: 1ms
2019-09-12 09:27:01,017 [pool-7-thread-1] INFO  commands.RetriableDatanodeEventWatcher (RetriableDatanodeEventWatcher.java:onTimeout(47)) - RetriableDatanodeCommand type=deleteBlocksCommand with id=1568280408405 timed out. Retrying.
2019-09-12 09:27:01,029 [pool-7-thread-5] INFO  commands.RetriableDatanodeEventWatcher (RetriableDatanodeEventWatcher.java:onTimeout(47)) - RetriableDatanodeCommand type=deleteBlocksCommand with id=1568280408415 timed out. Retrying.
2019-09-12 09:27:01,029 [pool-7-thread-1] INFO  commands.RetriableDatanodeEventWatcher (RetriableDatanodeEventWatcher.java:onTimeout(47)) - RetriableDatanodeCommand type=deleteBlocksCommand with id=1568280408317 timed out. Retrying.
2019-09-12 09:27:01,045 [pool-7-thread-1] INFO  commands.RetriableDatanodeEventWatcher (RetriableDatanodeEventWatcher.java:onTimeout(47)) - RetriableDatanodeCommand type=deleteBlocksCommand with id=1568280408327 timed out. Retrying.
2019-09-12 09:27:01,045 [pool-7-thread-1] INFO  commands.RetriableDatanodeEventWatcher (RetriableDatanodeEventWatcher.java:onTimeout(47)) - RetriableDatanodeCommand type=deleteBlocksCommand with id=1568280408425 timed out. Retrying.
2019-09-12 09:27:01,056 [pool-7-thread-1] INFO  commands.RetriableDatanodeEventWatcher (RetriableDatanodeEventWatcher.java:onTimeout(47)) - RetriableDatanodeCommand type=deleteBlocksCommand with id=1568280408337 timed out. Retrying.
2019-09-12 09:27:01,075 [pool-7-thread-5] INFO  commands.RetriableDatanodeEventWatcher (RetriableDatanodeEventWatcher.java:onTimeout(47)) - RetriableDatanodeCommand type=deleteBlocksCommand with id=1568280408347 timed out. Retrying.
2019-09-12 09:27:01,075 [pool-7-thread-1] INFO  commands.RetriableDatanodeEventWatcher (RetriableDatanodeEventWatcher.java:onTimeout(47)) - RetriableDatanodeCommand type=deleteBlocksCommand with id=1568280408376 timed out. Retrying.
2019-09-12 09:27:01,086 [pool-7-thread-1] INFO  commands.RetriableDatanodeEventWatcher (RetriableDatanodeEventWatcher.java:onTimeout(47)) - RetriableDatanodeCommand type=deleteBlocksCommand with id=1568280408357 timed out. Retrying.
2019-09-12 09:27:01,086 [pool-7-thread-5] INFO  commands.RetriableDatanodeEventWatcher (RetriableDatanodeEventWatcher.java:onTimeout(47)) - RetriableDatanodeCommand type=deleteBlocksCommand with id=1568280408386 timed out. Retrying.
2019-09-12 09:27:01,102 [pool-7-thread-5] INFO  commands.RetriableDatanodeEventWatcher (RetriableDatanodeEventWatcher.java:onTimeout(47)) - RetriableDatanodeCommand type=deleteBlocksCommand with id=1568280408367 timed out. Retrying.
2019-09-12 09:27:01,102 [pool-7-thread-1] INFO  commands.RetriableDatanodeEventWatcher (RetriableDatanodeEventWatcher.java:onTimeout(47)) - RetriableDatanodeCommand type=deleteBlocksCommand with id=1568280408396 timed out. Retrying.
2019-09-12 09:27:01,112 [SCMBlockDeletingService#0] DEBUG block.SCMBlockDeletingService (SCMBlockDeletingService.java:call(138)) - Running DeletedBlockTransactionScanner
2019-09-12 09:27:01,112 [SCMBlockDeletingService#0] DEBUG block.SCMBlockDeletingService (SCMBlockDeletingService.java:call(155)) - Scanned deleted blocks log and got 3 delTX to process.
2019-09-12 09:27:01,112 [SCMBlockDeletingService#0] DEBUG block.SCMBlockDeletingService (SCMBlockDeletingService.java:call(171)) - Added delete block command for datanode b50d6464-f54a-40d1-9f81-f1c19654fd05 in the queue, number of delete block transactions: 3, TxID list: 1,2,3
2019-09-12 09:27:01,113 [SCMBlockDeletingService#0] INFO  block.SCMBlockDeletingService (SCMBlockDeletingService.java:call(182)) - Totally added 3 delete blocks command for 1 datanodes, task elapsed time: 0ms
2019-09-12 09:27:01,116 [main] INFO  ozone.MiniOzoneClusterImpl (MiniOzoneClusterImpl.java:lambda$waitForClusterToBeReady$0(140)) - Cluster is ready. Got 1 of 1 DN Heartbeats.
2019-09-12 09:27:01,118 [pool-7-thread-1] INFO  commands.RetriableDatanodeEventWatcher (RetriableDatanodeEventWatcher.java:onTimeout(47)) - RetriableDatanodeCommand type=deleteBlocksCommand with id=1568280408406 timed out. Retrying.
2019-09-12 09:27:01,123 [Datanode State Machine Thread - 0] ERROR statemachine.EndpointStateMachine (EndpointStateMachine.java:logIfNeeded(204)) - Unable to communicate to SCM server at 0.0.0.0:36783 for past 0 seconds.
java.net.SocketTimeoutException: Call From pr-hdds-2117-slf27-1599733614/192.168.69.112 to 0.0.0.0:36783 failed on socket timeout exception: java.net.SocketTimeoutException: 1000 millis timeout while waiting for channel to be ready for read. ch : java.nio.channels.SocketChannel[connected local=/192.168.69.112:58236 remote=/0.0.0.0:36783]; For more details see:  http://wiki.apache.org/hadoop/SocketTimeout
	at sun.reflect.NativeConstructorAccessorImpl.newInstance0(Native Method)
	at sun.reflect.NativeConstructorAccessorImpl.newInstance(NativeConstructorAccessorImpl.java:62)
	at sun.reflect.DelegatingConstructorAccessorImpl.newInstance(DelegatingConstructorAccessorImpl.java:45)
	at java.lang.reflect.Constructor.newInstance(Constructor.java:423)
	at org.apache.hadoop.net.NetUtils.wrapWithMessage(NetUtils.java:831)
	at org.apache.hadoop.net.NetUtils.wrapException(NetUtils.java:775)
	at org.apache.hadoop.ipc.Client.getRpcResponse(Client.java:1515)
	at org.apache.hadoop.ipc.Client.call(Client.java:1457)
	at org.apache.hadoop.ipc.Client.call(Client.java:1367)
	at org.apache.hadoop.ipc.ProtobufRpcEngine$Invoker.invoke(ProtobufRpcEngine.java:228)
	at org.apache.hadoop.ipc.ProtobufRpcEngine$Invoker.invoke(ProtobufRpcEngine.java:116)
	at com.sun.proxy.$Proxy32.sendHeartbeat(Unknown Source)
	at org.apache.hadoop.ozone.protocolPB.StorageContainerDatanodeProtocolClientSideTranslatorPB.sendHeartbeat(StorageContainerDatanodeProtocolClientSideTranslatorPB.java:131)
	at org.apache.hadoop.ozone.container.common.states.endpoint.HeartbeatEndpointTask.call(HeartbeatEndpointTask.java:143)
	at org.apache.hadoop.ozone.container.common.states.endpoint.HeartbeatEndpointTask.call(HeartbeatEndpointTask.java:74)
	at java.util.concurrent.FutureTask.run(FutureTask.java:266)
	at java.util.concurrent.Executors$RunnableAdapter.call(Executors.java:511)
	at java.util.concurrent.FutureTask.run(FutureTask.java:266)
	at java.util.concurrent.ThreadPoolExecutor.runWorker(ThreadPoolExecutor.java:1149)
	at java.util.concurrent.ThreadPoolExecutor$Worker.run(ThreadPoolExecutor.java:624)
	at java.lang.Thread.run(Thread.java:748)
Caused by: java.net.SocketTimeoutException: 1000 millis timeout while waiting for channel to be ready for read. ch : java.nio.channels.SocketChannel[connected local=/192.168.69.112:58236 remote=/0.0.0.0:36783]
	at org.apache.hadoop.net.SocketIOWithTimeout.doIO(SocketIOWithTimeout.java:164)
	at org.apache.hadoop.net.SocketInputStream.read(SocketInputStream.java:161)
	at org.apache.hadoop.net.SocketInputStream.read(SocketInputStream.java:131)
	at java.io.FilterInputStream.read(FilterInputStream.java:133)
	at java.io.BufferedInputStream.fill(BufferedInputStream.java:246)
	at java.io.BufferedInputStream.read(BufferedInputStream.java:265)
	at java.io.FilterInputStream.read(FilterInputStream.java:83)
	at java.io.FilterInputStream.read(FilterInputStream.java:83)
	at org.apache.hadoop.ipc.Client$Connection$PingInputStream.read(Client.java:557)
	at java.io.DataInputStream.readInt(DataInputStream.java:387)
	at org.apache.hadoop.ipc.Client$IpcStreams.readResponse(Client.java:1816)
	at org.apache.hadoop.ipc.Client$Connection.receiveRpcResponse(Client.java:1173)
	at org.apache.hadoop.ipc.Client$Connection.run(Client.java:1069)
2019-09-12 09:27:01,129 [pool-7-thread-1] INFO  commands.RetriableDatanodeEventWatcher (RetriableDatanodeEventWatcher.java:onTimeout(47)) - RetriableDatanodeCommand type=deleteBlocksCommand with id=1568280408318 timed out. Retrying.
2019-09-12 09:27:01,132 [pool-7-thread-1] INFO  commands.RetriableDatanodeEventWatcher (RetriableDatanodeEventWatcher.java:onTimeout(47)) - RetriableDatanodeCommand type=deleteBlocksCommand with id=1568280408416 timed out. Retrying.
2019-09-12 09:27:01,133 [EventQueue-PendingDeleteStatusForPendingDeleteHandler] INFO  block.SCMBlockDeletingService (SCMBlockDeletingService.java:handlePendingDeletes(115)) - Block deletion txnID mismatch in datanode b50d6464-f54a-40d1-9f81-f1c19654fd05 for containerID 1. Datanode delete txnID: 0, SCM txnID: 1
2019-09-12 09:27:01,133 [EventQueue-PendingDeleteStatusForPendingDeleteHandler] INFO  block.SCMBlockDeletingService (SCMBlockDeletingService.java:handlePendingDeletes(115)) - Block deletion txnID mismatch in datanode b50d6464-f54a-40d1-9f81-f1c19654fd05 for containerID 2. Datanode delete txnID: 0, SCM txnID: 2
2019-09-12 09:27:01,133 [EventQueue-PendingDeleteStatusForPendingDeleteHandler] INFO  block.SCMBlockDeletingService (SCMBlockDeletingService.java:handlePendingDeletes(115)) - Block deletion txnID mismatch in datanode b50d6464-f54a-40d1-9f81-f1c19654fd05 for containerID 3. Datanode delete txnID: 0, SCM txnID: 3
2019-09-12 09:27:01,145 [pool-7-thread-1] INFO  commands.RetriableDatanodeEventWatcher (RetriableDatanodeEventWatcher.java:onTimeout(47)) - RetriableDatanodeCommand type=deleteBlocksCommand with id=1568280408328 timed out. Retrying.
2019-09-12 09:27:01,151 [pool-7-thread-1] INFO  commands.RetriableDatanodeEventWatcher (FollowerState.java:run(106)) - b50d6464-f54a-40d1-9f81-f1c19654fd05:group-1F53027F28E3 changes to CANDIDATE, lastRpcTime:5012, electionTimeout:5012ms
2019-09-12 09:27:01,151 [pool-7-thread-1] INFO  commands.RetriableDatanodeEventWatcher (RetriableDatanodeEventWatcher.java:onTimeout(47)) - RetriableDatanodeCommand type=deleteBlocksCommand with id=1568280408426 timed out. Retrying.
2019-09-12 09:27:01,151 [Thread-4615] INFO  impl.RoleInfo (RoleInfo.java:shutdownFollowerState(121)) - b50d6464-f54a-40d1-9f81-f1c19654fd05: shutdown FollowerState
2019-09-12 09:27:01,151 [Thread-4615] INFO  impl.RaftServerImpl (RaftServerImpl.java:setRole(174)) - b50d6464-f54a-40d1-9f81-f1c19654fd05@group-1F53027F28E3: changes role from  FOLLOWER to CANDIDATE at term 1 for changeToCandidate
2019-09-12 09:27:01,151 [Thread-4615] INFO  impl.RoleInfo (RoleInfo.java:updateAndGet(143)) - b50d6464-f54a-40d1-9f81-f1c19654fd05: start LeaderElection
2019-09-12 09:27:01,158 [pool-7-thread-1] INFO  commands.RetriableDatanodeEventWatcher (RetriableDatanodeEventWatcher.java:onTimeout(47)) - RetriableDatanodeCommand type=deleteBlocksCommand with id=1568280408338 timed out. Retrying.
2019-09-12 09:27:01,168 [b50d6464-f54a-40d1-9f81-f1c19654fd05@group-1F53027F28E3:LeaderElection2] INFO  impl.LeaderElection (LeaderElection.java:askForVotes(182)) - b50d6464-f54a-40d1-9f81-f1c19654fd05@group-1F53027F28E3:LeaderElection2: begin an election at term 2 for 0: [b50d6464-f54a-40d1-9f81-f1c19654fd05:192.168.69.112:45986], old=null
2019-09-12 09:27:01,169 [b50d6464-f54a-40d1-9f81-f1c19654fd05@group-1F53027F28E3:LeaderElection2] INFO  impl.RoleInfo (RoleInfo.java:shutdownLeaderElection(134)) - b50d6464-f54a-40d1-9f81-f1c19654fd05: shutdown LeaderElection
2019-09-12 09:27:01,169 [b50d6464-f54a-40d1-9f81-f1c19654fd05@group-1F53027F28E3:LeaderElection2] INFO  impl.RaftServerImpl (RaftServerImpl.java:setRole(174)) - b50d6464-f54a-40d1-9f81-f1c19654fd05@group-1F53027F28E3: changes role from CANDIDATE to LEADER at term 2 for changeToLeader
2019-09-12 09:27:01,169 [b50d6464-f54a-40d1-9f81-f1c19654fd05@group-1F53027F28E3:LeaderElection2] INFO  impl.RaftServerImpl (ServerState.java:setLeader(253)) - b50d6464-f54a-40d1-9f81-f1c19654fd05@group-1F53027F28E3: change Leader from null to b50d6464-f54a-40d1-9f81-f1c19654fd05 at term 2 for becomeLeader, leader elected after 5665ms
2019-09-12 09:27:01,170 [b50d6464-f54a-40d1-9f81-f1c19654fd05@group-1F53027F28E3:LeaderElection2] INFO  server.RaftServerConfigKeys (ConfUtils.java:logGet(43)) - raft.server.staging.catchup.gap = 1000 (default)
2019-09-12 09:27:01,170 [b50d6464-f54a-40d1-9f81-f1c19654fd05@group-1F53027F28E3:LeaderElection2] INFO  server.RaftServerConfigKeys (ConfUtils.java:logGet(43)) - raft.server.rpc.sleep.time = 25ms (default)
2019-09-12 09:27:01,170 [b50d6464-f54a-40d1-9f81-f1c19654fd05@group-1F53027F28E3:LeaderElection2] INFO  server.RaftServerConfigKeys (ConfUtils.java:logGet(43)) - raft.server.write.element-limit = 4096 (default)
2019-09-12 09:27:01,170 [b50d6464-f54a-40d1-9f81-f1c19654fd05@group-1F53027F28E3:LeaderElection2] INFO  server.RaftServerConfigKeys (ConfUtils.java:logGet(43)) - raft.server.watch.timeout = 10s (default)
2019-09-12 09:27:01,170 [b50d6464-f54a-40d1-9f81-f1c19654fd05@group-1F53027F28E3:LeaderElection2] INFO  server.RaftServerConfigKeys (ConfUtils.java:logGet(43)) - raft.server.watch.timeout.denomination = 1s (default)
2019-09-12 09:27:01,171 [b50d6464-f54a-40d1-9f81-f1c19654fd05@group-1F53027F28E3:LeaderElection2] INFO  server.RaftServerConfigKeys (ConfUtils.java:logGet(43)) - raft.server.watch.element-limit = 65536 (default)
2019-09-12 09:27:01,171 [b50d6464-f54a-40d1-9f81-f1c19654fd05@group-1F53027F28E3:LeaderElection2] INFO  impl.RoleInfo (RoleInfo.java:updateAndGet(143)) - b50d6464-f54a-40d1-9f81-f1c19654fd05: start LeaderState
2019-09-12 09:27:01,172 [b50d6464-f54a-40d1-9f81-f1c19654fd05@group-1F53027F28E3:LeaderElection2] INFO  segmented.SegmentedRaftLogWorker (SegmentedRaftLogWorker.java:rollLogSegment(385)) - b50d6464-f54a-40d1-9f81-f1c19654fd05@group-1F53027F28E3-SegmentedRaftLogWorker: Rolling segment log-5475_6184 to index:6184
2019-09-12 09:27:01,173 [pool-7-thread-1] INFO  commands.RetriableDatanodeEventWatcher (RetriableDatanodeEventWatcher.java:onTimeout(47)) - RetriableDatanodeCommand type=deleteBlocksCommand with id=1568280408377 timed out. Retrying.
2019-09-12 09:27:01,173 [b50d6464-f54a-40d1-9f81-f1c19654fd05@group-1F53027F28E3:LeaderElection2] INFO  impl.RaftServerImpl (ServerState.java:setRaftConf(354)) - b50d6464-f54a-40d1-9f81-f1c19654fd05@group-1F53027F28E3: set configuration 6185: [b50d6464-f54a-40d1-9f81-f1c19654fd05:192.168.69.112:45986], old=null at 6185
2019-09-12 09:27:01,176 [pool-7-thread-1] INFO  commands.RetriableDatanodeEventWatcher (RetriableDatanodeEventWatcher.java:onTimeout(47)) - RetriableDatanodeCommand type=deleteBlocksCommand with id=1568280408348 timed out. Retrying.
2019-09-12 09:27:01,180 [b50d6464-f54a-40d1-9f81-f1c19654fd05@group-1F53027F28E3-SegmentedRaftLogWorker] INFO  segmented.SegmentedRaftLogWorker (SegmentedRaftLogWorker.java:execute(526)) - b50d6464-f54a-40d1-9f81-f1c19654fd05@group-1F53027F28E3-SegmentedRaftLogWorker: Rolled log segment from /workdir/hadoop-ozone/integration-test/target/test-dir/MiniOzoneClusterImpl-91ceb8d4-6dc6-4c84-835d-2cce6db9d776/datanode-0/data/ratis/6602e0f3-b3f6-4d5c-8eba-1f53027f28e3/current/log_inprogress_5475 to /workdir/hadoop-ozone/integration-test/target/test-dir/MiniOzoneClusterImpl-91ceb8d4-6dc6-4c84-835d-2cce6db9d776/datanode-0/data/ratis/6602e0f3-b3f6-4d5c-8eba-1f53027f28e3/current/log_5475-6184
2019-09-12 09:27:01,188 [pool-7-thread-1] INFO  commands.RetriableDatanodeEventWatcher (RetriableDatanodeEventWatcher.java:onTimeout(47)) - RetriableDatanodeCommand type=deleteBlocksCommand with id=1568280408358 timed out. Retrying.
2019-09-12 09:27:01,188 [pool-7-thread-1] INFO  commands.RetriableDatanodeEventWatcher (RetriableDatanodeEventWatcher.java:onTimeout(47)) - RetriableDatanodeCommand type=deleteBlocksCommand with id=1568280408387 timed out. Retrying.
2019-09-12 09:27:01,200 [pool-7-thread-1] INFO  commands.RetriableDatanodeEventWatcher (RetriableDatanodeEventWatcher.java:onTimeout(47)) - RetriableDatanodeCommand type=deleteBlocksCommand with id=1568280408368 timed out. Retrying.
2019-09-12 09:27:01,206 [pool-7-thread-1] INFO  commands.RetriableDatanodeEventWatcher (RetriableDatanodeEventWatcher.java:onTimeout(47)) - RetriableDatanodeCommand type=deleteBlocksCommand with id=1568280408397 timed out. Retrying.
2019-09-12 09:27:01,254 [pool-7-thread-1] INFO  commands.RetriableDatanodeEventWatcher (RetriableDatanodeEventWatcher.java:onTimeout(47)) - RetriableDatanodeCommand type=deleteBlocksCommand with id=1568280408319 timed out. Retrying.
2019-09-12 09:27:01,255 [SCMBlockDeletingService#0] DEBUG block.SCMBlockDeletingService (SCMBlockDeletingService.java:call(138)) - Running DeletedBlockTransactionScanner
2019-09-12 09:27:01,266 [pool-7-thread-2] INFO  commands.RetriableDatanodeEventWatcher (RetriableDatanodeEventWatcher.java:onTimeout(47)) - RetriableDatanodeCommand type=deleteBlocksCommand with id=1568280408417 timed out. Retrying.
2019-09-12 09:27:01,267 [pool-7-thread-5] INFO  commands.RetriableDatanodeEventWatcher (SCMBlockDeletingService.java:call(155)) - Scanned deleted blocks log and got 3 delTX to process.
2019-09-12 09:27:01,267 [pool-7-thread-5] INFO  commands.RetriableDatanodeEventWatcher (RetriableDatanodeEventWatcher.java:onTimeout(47)) - RetriableDatanodeCommand type=deleteBlocksCommand with id=1568280408329 timed out. Retrying.
2019-09-12 09:27:01,267 [pool-7-thread-3] INFO  commands.RetriableDatanodeEventWatcher (SCMBlockDeletingService.java:call(171)) - Added delete block command for datanode b50d6464-f54a-40d1-9f81-f1c19654fd05 in the queue, number of delete block transactions: 3, TxID list: 1,2,3
2019-09-12 09:27:01,267 [pool-7-thread-3] INFO  commands.RetriableDatanodeEventWatcher (RetriableDatanodeEventWatcher.java:onTimeout(47)) - RetriableDatanodeCommand type=deleteBlocksCommand with id=1568280408407 timed out. Retrying.
2019-09-12 09:27:01,267 [pool-7-thread-4] INFO  commands.RetriableDatanodeEventWatcher (RetriableDatanodeEventWatcher.java:onTimeout(47)) - RetriableDatanodeCommand type=deleteBlocksCommand with id=1568280408427 timed out. Retrying.
2019-09-12 09:27:01,267 [SCMBlockDeletingService#0] INFO  block.SCMBlockDeletingService (SCMBlockDeletingService.java:call(182)) - Totally added 3 delete blocks command for 1 datanodes, task elapsed time: 13ms
2019-09-12 09:27:01,278 [pool-7-thread-5] INFO  commands.RetriableDatanodeEventWatcher (RetriableDatanodeEventWatcher.java:onTimeout(47)) - RetriableDatanodeCommand type=deleteBlocksCommand with id=1568280408349 timed out. Retrying.
2019-09-12 09:27:01,278 [pool-7-thread-3] INFO  commands.RetriableDatanodeEventWatcher (RetriableDatanodeEventWatcher.java:onTimeout(47)) - RetriableDatanodeCommand type=deleteBlocksCommand with id=1568280408339 timed out. Retrying.
2019-09-12 09:27:01,278 [pool-7-thread-4] INFO  commands.RetriableDatanodeEventWatcher (RetriableDatanodeEventWatcher.java:onTimeout(47)) - RetriableDatanodeCommand type=deleteBlocksCommand with id=1568280408378 timed out. Retrying.
2019-09-12 09:27:01,290 [pool-7-thread-4] INFO  commands.RetriableDatanodeEventWatcher (RetriableDatanodeEventWatcher.java:onTimeout(47)) - RetriableDatanodeCommand type=deleteBlocksCommand with id=1568280408359 timed out. Retrying.
2019-09-12 09:27:01,291 [pool-7-thread-3] INFO  commands.RetriableDatanodeEventWatcher (RetriableDatanodeEventWatcher.java:onTimeout(47)) - RetriableDatanodeCommand type=deleteBlocksCommand with id=1568280408388 timed out. Retrying.
2019-09-12 09:27:01,303 [pool-7-thread-3] INFO  commands.RetriableDatanodeEventWatcher (RetriableDatanodeEventWatcher.java:onTimeout(47)) - RetriableDatanodeCommand type=deleteBlocksCommand with id=1568280408369 timed out. Retrying.
2019-09-12 09:27:01,306 [pool-7-thread-3] INFO  commands.RetriableDatanodeEventWatcher (RetriableDatanodeEventWatcher.java:onTimeout(47)) - RetriableDatanodeCommand type=deleteBlocksCommand with id=1568280408398 timed out. Retrying.
2019-09-12 09:27:01,316 [pool-7-thread-3] INFO  commands.RetriableDatanodeEventWatcher (RetriableDatanodeEventWatcher.java:onTimeout(47)) - RetriableDatanodeCommand type=deleteBlocksCommand with id=1568280408310 timed out. Retrying.
2019-09-12 09:27:01,319 [pool-7-thread-3] INFO  commands.RetriableDatanodeEventWatcher (RetriableDatanodeEventWatcher.java:onTimeout(47)) - RetriableDatanodeCommand type=deleteBlocksCommand with id=1568280408408 timed out. Retrying.
2019-09-12 09:27:01,332 [pool-7-thread-3] INFO  commands.RetriableDatanodeEventWatcher (RetriableDatanodeEventWatcher.java:onTimeout(47)) - RetriableDatanodeCommand type=deleteBlocksCommand with id=1568280408320 timed out. Retrying.
2019-09-12 09:27:01,334 [IPC Server handler 12 on 36783] WARN  ipc.Server (Server.java:setupResponse(2950)) - Large response size 4162358 for call Call#1952 Retry#0 org.apache.hadoop.ozone.protocol.StorageContainerDatanodeProtocol.sendHeartbeat from 192.168.69.112:58236
2019-09-12 09:27:01,334 [IPC Server handler 12 on 36783] WARN  ipc.Server (Server.java:processResponse(1523)) - IPC Server handler 12 on 36783, call Call#1952 Retry#0 org.apache.hadoop.ozone.protocol.StorageContainerDatanodeProtocol.sendHeartbeat from 192.168.69.112:58236: output error
2019-09-12 09:27:01,334 [IPC Server handler 12 on 36783] INFO  ipc.Server (Server.java:run(2695)) - IPC Server handler 12 on 36783 caught an exception
java.nio.channels.ClosedChannelException
	at sun.nio.ch.SocketChannelImpl.ensureWriteOpen(SocketChannelImpl.java:270)
	at sun.nio.ch.SocketChannelImpl.write(SocketChannelImpl.java:461)
	at org.apache.hadoop.ipc.Server.channelIO(Server.java:3298)
	at org.apache.hadoop.ipc.Server.channelWrite(Server.java:3250)
	at org.apache.hadoop.ipc.Server.access$1700(Server.java:137)
	at org.apache.hadoop.ipc.Server$Responder.processResponse(Server.java:1473)
	at org.apache.hadoop.ipc.Server$Responder.doRespond(Server.java:1543)
	at org.apache.hadoop.ipc.Server$Connection.sendResponse(Server.java:2593)
	at org.apache.hadoop.ipc.Server$Connection.access$300(Server.java:1615)
	at org.apache.hadoop.ipc.Server$RpcCall.doResponse(Server.java:940)
	at org.apache.hadoop.ipc.Server$Call.sendResponse(Server.java:774)
	at org.apache.hadoop.ipc.Server$RpcCall.run(Server.java:885)
	at org.apache.hadoop.ipc.Server$RpcCall.run(Server.java:822)
	at java.security.AccessController.doPrivileged(Native Method)
	at javax.security.auth.Subject.doAs(Subject.java:422)
	at org.apache.hadoop.security.UserGroupInformation.doAs(UserGroupInformation.java:1730)
	at org.apache.hadoop.ipc.Server$Handler.run(Server.java:2682)
2019-09-12 09:27:01,335 [pool-7-thread-3] INFO  commands.RetriableDatanodeEventWatcher (RetriableDatanodeEventWatcher.java:onTimeout(47)) - RetriableDatanodeCommand type=deleteBlocksCommand with id=1568280408418 timed out. Retrying.
2019-09-12 09:27:01,349 [pool-7-thread-3] INFO  commands.RetriableDatanodeEventWatcher (RetriableDatanodeEventWatcher.java:onTimeout(47)) - RetriableDatanodeCommand type=deleteBlocksCommand with id=1568280408330 timed out. Retrying.
2019-09-12 09:27:01,352 [pool-7-thread-3] INFO  commands.RetriableDatanodeEventWatcher (RetriableDatanodeEventWatcher.java:onTimeout(47)) - RetriableDatanodeCommand type=deleteBlocksCommand with id=1568280408428 timed out. Retrying.
2019-09-12 09:27:01,363 [pool-7-thread-3] INFO  commands.RetriableDatanodeEventWatcher (RetriableDatanodeEventWatcher.java:onTimeout(47)) - RetriableDatanodeCommand type=deleteBlocksCommand with id=1568280408340 timed out. Retrying.
2019-09-12 09:27:01,368 [SCMBlockDeletingService#0] DEBUG block.SCMBlockDeletingService (SCMBlockDeletingService.java:call(138)) - Running DeletedBlockTransactionScanner
2019-09-12 09:27:01,368 [SCMBlockDeletingService#0] DEBUG block.SCMBlockDeletingService (SCMBlockDeletingService.java:call(155)) - Scanned deleted blocks log and got 3 delTX to process.
2019-09-12 09:27:01,368 [SCMBlockDeletingService#0] DEBUG block.SCMBlockDeletingService (SCMBlockDeletingService.java:call(171)) - Added delete block command for datanode b50d6464-f54a-40d1-9f81-f1c19654fd05 in the queue, number of delete block transactions: 3, TxID list: 1,2,3
2019-09-12 09:27:01,369 [SCMBlockDeletingService#0] INFO  block.SCMBlockDeletingService (SCMBlockDeletingService.java:call(182)) - Totally added 3 delete blocks command for 1 datanodes, task elapsed time: 1ms
2019-09-12 09:27:01,377 [pool-7-thread-4] INFO  commands.RetriableDatanodeEventWatcher (RetriableDatanodeEventWatcher.java:onTimeout(47)) - RetriableDatanodeCommand type=deleteBlocksCommand with id=1568280408350 timed out. Retrying.
2019-09-12 09:27:01,377 [pool-7-thread-3] INFO  commands.RetriableDatanodeEventWatcher (RetriableDatanodeEventWatcher.java:onTimeout(47)) - RetriableDatanodeCommand type=deleteBlocksCommand with id=1568280408379 timed out. Retrying.
2019-09-12 09:27:01,393 [pool-7-thread-3] INFO  commands.RetriableDatanodeEventWatcher (RetriableDatanodeEventWatcher.java:onTimeout(47)) - RetriableDatanodeCommand type=deleteBlocksCommand with id=1568280408360 timed out. Retrying.
2019-09-12 09:27:01,394 [pool-7-thread-4] INFO  commands.RetriableDatanodeEventWatcher (RetriableDatanodeEventWatcher.java:onTimeout(47)) - RetriableDatanodeCommand type=deleteBlocksCommand with id=1568280408389 timed out. Retrying.
2019-09-12 09:27:01,398 [EventQueue-PendingDeleteStatusForPendingDeleteHandler] INFO  block.SCMBlockDeletingService (SCMBlockDeletingService.java:handlePendingDeletes(115)) - Block deletion txnID mismatch in datanode b50d6464-f54a-40d1-9f81-f1c19654fd05 for containerID 1. Datanode delete txnID: 0, SCM txnID: 1
2019-09-12 09:27:01,398 [EventQueue-PendingDeleteStatusForPendingDeleteHandler] INFO  block.SCMBlockDeletingService (SCMBlockDeletingService.java:handlePendingDeletes(115)) - Block deletion txnID mismatch in datanode b50d6464-f54a-40d1-9f81-f1c19654fd05 for containerID 2. Datanode delete txnID: 0, SCM txnID: 2
2019-09-12 09:27:01,398 [EventQueue-PendingDeleteStatusForPendingDeleteHandler] INFO  block.SCMBlockDeletingService (SCMBlockDeletingService.java:handlePendingDeletes(115)) - Block deletion txnID mismatch in datanode b50d6464-f54a-40d1-9f81-f1c19654fd05 for containerID 3. Datanode delete txnID: 0, SCM txnID: 3
2019-09-12 09:27:01,405 [pool-7-thread-4] INFO  commands.RetriableDatanodeEventWatcher (RetriableDatanodeEventWatcher.java:onTimeout(47)) - RetriableDatanodeCommand type=deleteBlocksCommand with id=1568280408370 timed out. Retrying.
2019-09-12 09:27:01,407 [pool-7-thread-4] INFO  commands.RetriableDatanodeEventWatcher (RetriableDatanodeEventWatcher.java:onTimeout(47)) - RetriableDatanodeCommand type=deleteBlocksCommand with id=1568280408399 timed out. Retrying.
2019-09-12 09:27:01,422 [pool-7-thread-4] INFO  commands.RetriableDatanodeEventWatcher (RetriableDatanodeEventWatcher.java:onTimeout(47)) - RetriableDatanodeCommand type=deleteBlocksCommand with id=1568280408311 timed out. Retrying.
2019-09-12 09:27:01,423 [pool-7-thread-3] INFO  commands.RetriableDatanodeEventWatcher (RetriableDatanodeEventWatcher.java:onTimeout(47)) - RetriableDatanodeCommand type=deleteBlocksCommand with id=1568280408409 timed out. Retrying.
2019-09-12 09:27:01,435 [pool-7-thread-3] INFO  commands.RetriableDatanodeEventWatcher (RetriableDatanodeEventWatcher.java:onTimeout(47)) - RetriableDatanodeCommand type=deleteBlocksCommand with id=1568280408321 timed out. Retrying.
2019-09-12 09:27:01,436 [pool-7-thread-3] INFO  commands.RetriableDatanodeEventWatcher (RetriableDatanodeEventWatcher.java:onTimeout(47)) - RetriableDatanodeCommand type=deleteBlocksCommand with id=1568280408419 timed out. Retrying.
2019-09-12 09:27:01,483 [pool-7-thread-3] INFO  commands.RetriableDatanodeEventWatcher (SCMBlockDeletingService.java:call(138)) - Running DeletedBlockTransactionScanner
2019-09-12 09:27:01,483 [pool-7-thread-3] INFO  commands.RetriableDatanodeEventWatcher (RetriableDatanodeEventWatcher.java:onTimeout(47)) - RetriableDatanodeCommand type=deleteBlocksCommand with id=1568280408380 timed out. Retrying.
2019-09-12 09:27:01,484 [pool-7-thread-5] INFO  commands.RetriableDatanodeEventWatcher (RetriableDatanodeEventWatcher.java:onTimeout(47)) - RetriableDatanodeCommand type=deleteBlocksCommand with id=1568280408341 timed out. Retrying.
2019-09-12 09:27:01,484 [SCMBlockDeletingService#0] DEBUG block.SCMBlockDeletingService (RetriableDatanodeEventWatcher.java:onTimeout(47)) - RetriableDatanodeCommand type=deleteBlocksCommand with id=1568280408429 timed out. Retrying.
SCMBlockDeletingService.java:call(155)) - Scanned deleted blocks log and got 3 delTX to process.
2019-09-12 09:27:01,484 [pool-7-thread-1] INFO  commands.RetriableDatanodeEventWatcher (RetriableDatanodeEventWatcher.java:onTimeout(47)) - RetriableDatanodeCommand type=deleteBlocksCommand with id=1568280408429 timed out. Retrying.
2019-09-12 09:27:01,484 [SCMBlockDeletingService#0] DEBUG block.SCMBlockDeletingService (RetriableDatanodeEventWatcher.java:onTimeout(47)) - RetriableDatanodeCommand type=deleteBlocksCommand with id=1568280408351 timed out. Retrying.
SCMBlockDeletingService.java:call(171)) - Added delete block command for datanode b50d6464-f54a-40d1-9f81-f1c19654fd05 in the queue, number of delete block transactions: 3, TxID list: 1,2,3
2019-09-12 09:27:01,484 [pool-7-thread-2] INFO  commands.RetriableDatanodeEventWatcher (RetriableDatanodeEventWatcher.java:onTimeout(47)) - RetriableDatanodeCommand type=deleteBlocksCommand with id=1568280408351 timed out. Retrying.
2019-09-12 09:27:01,484 [pool-7-thread-4] INFO  commands.RetriableDatanodeEventWatcher (RetriableDatanodeEventWatcher.java:onTimeout(47)) - RetriableDatanodeCommand type=deleteBlocksCommand with id=1568280408331 timed out. Retrying.
2019-09-12 09:27:01,484 [SCMBlockDeletingService#0] INFO  block.SCMBlockDeletingService (SCMBlockDeletingService.java:call(182)) - Totally added 3 delete blocks command for 1 datanodes, task elapsed time: 1ms
2019-09-12 09:27:01,496 [pool-7-thread-4] INFO  commands.RetriableDatanodeEventWatcher (RetriableDatanodeEventWatcher.java:onTimeout(47)) - RetriableDatanodeCommand type=deleteBlocksCommand with id=1568280408361 timed out. Retrying.
2019-09-12 09:27:01,496 [pool-7-thread-2] INFO  commands.RetriableDatanodeEventWatcher (RetriableDatanodeEventWatcher.java:onTimeout(47)) - RetriableDatanodeCommand type=deleteBlocksCommand with id=1568280408390 timed out. Retrying.
2019-09-12 09:27:01,505 [pool-7-thread-2] INFO  commands.RetriableDatanodeEventWatcher (RetriableDatanodeEventWatcher.java:onTimeout(47)) - RetriableDatanodeCommand type=deleteBlocksCommand with id=1568280408371 timed out. Retrying.
2019-09-12 09:27:01,509 [pool-7-thread-2] INFO  commands.RetriableDatanodeEventWatcher (RetriableDatanodeEventWatcher.java:onTimeout(47)) - RetriableDatanodeCommand type=deleteBlocksCommand with id=1568280408400 timed out. Retrying.
2019-09-12 09:27:01,523 [pool-7-thread-2] INFO  commands.RetriableDatanodeEventWatcher (RetriableDatanodeEventWatcher.java:onTimeout(47)) - RetriableDatanodeCommand type=deleteBlocksCommand with id=1568280408312 timed out. Retrying.
2019-09-12 09:27:01,523 [pool-7-thread-4] INFO  commands.RetriableDatanodeEventWatcher (RetriableDatanodeEventWatcher.java:onTimeout(47)) - RetriableDatanodeCommand type=deleteBlocksCommand with id=1568280408410 timed out. Retrying.
2019-09-12 09:27:01,538 [pool-7-thread-4] INFO  commands.RetriableDatanodeEventWatcher (RetriableDatanodeEventWatcher.java:onTimeout(47)) - RetriableDatanodeCommand type=deleteBlocksCommand with id=1568280408322 timed out. Retrying.
2019-09-12 09:27:01,538 [pool-7-thread-2] INFO  commands.RetriableDatanodeEventWatcher (RetriableDatanodeEventWatcher.java:onTimeout(47)) - RetriableDatanodeCommand type=deleteBlocksCommand with id=1568280408420 timed out. Retrying.
2019-09-12 09:27:01,552 [pool-7-thread-2] INFO  commands.RetriableDatanodeEventWatcher (RetriableDatanodeEventWatcher.java:onTimeout(47)) - RetriableDatanodeCommand type=deleteBlocksCommand with id=1568280408332 timed out. Retrying.
2019-09-12 09:27:01,556 [pool-7-thread-2] INFO  commands.RetriableDatanodeEventWatcher (RetriableDatanodeEventWatcher.java:onTimeout(47)) - RetriableDatanodeCommand type=deleteBlocksCommand with id=1568280408430 timed out. Retrying.
2019-09-12 09:27:01,566 [pool-7-thread-2] INFO  commands.RetriableDatanodeEventWatcher (RetriableDatanodeEventWatcher.java:onTimeout(47)) - RetriableDatanodeCommand type=deleteBlocksCommand with id=1568280408342 timed out. Retrying.
2019-09-12 09:27:01,579 [pool-7-thread-2] INFO  commands.RetriableDatanodeEventWatcher (RetriableDatanodeEventWatcher.java:onTimeout(47)) - RetriableDatanodeCommand type=deleteBlocksCommand with id=1568280408352 timed out. Retrying.
2019-09-12 09:27:01,584 [pool-7-thread-2] INFO  commands.RetriableDatanodeEventWatcher (RetriableDatanodeEventWatcher.java:onTimeout(47)) - RetriableDatanodeCommand type=deleteBlocksCommand with id=1568280408381 timed out. Retrying.
2019-09-12 09:27:01,585 [SCMBlockDeletingService#0] DEBUG block.SCMBlockDeletingService (SCMBlockDeletingService.java:call(138)) - Running DeletedBlockTransactionScanner
2019-09-12 09:27:01,585 [SCMBlockDeletingService#0] DEBUG block.SCMBlockDeletingService (SCMBlockDeletingService.java:call(155)) - Scanned deleted blocks log and got 3 delTX to process.
2019-09-12 09:27:01,585 [SCMBlockDeletingService#0] DEBUG block.SCMBlockDeletingService (SCMBlockDeletingService.java:call(171)) - Added delete block command for datanode b50d6464-f54a-40d1-9f81-f1c19654fd05 in the queue, number of delete block transactions: 3, TxID list: 1,2,3
2019-09-12 09:27:01,586 [SCMBlockDeletingService#0] INFO  block.SCMBlockDeletingService (SCMBlockDeletingService.java:call(182)) - Totally added 3 delete blocks command for 1 datanodes, task elapsed time: 1ms
2019-09-12 09:27:01,595 [pool-7-thread-2] INFO  commands.RetriableDatanodeEventWatcher (RetriableDatanodeEventWatcher.java:onTimeout(47)) - RetriableDatanodeCommand type=deleteBlocksCommand with id=1568280408362 timed out. Retrying.
2019-09-12 09:27:01,596 [pool-7-thread-2] INFO  commands.RetriableDatanodeEventWatcher (RetriableDatanodeEventWatcher.java:onTimeout(47)) - RetriableDatanodeCommand type=deleteBlocksCommand with id=1568280408391 timed out. Retrying.
2019-09-12 09:27:01,606 [pool-7-thread-2] INFO  commands.RetriableDatanodeEventWatcher (RetriableDatanodeEventWatcher.java:onTimeout(47)) - RetriableDatanodeCommand type=deleteBlocksCommand with id=1568280408372 timed out. Retrying.
2019-09-12 09:27:01,611 [pool-7-thread-2] INFO  commands.RetriableDatanodeEventWatcher (RetriableDatanodeEventWatcher.java:onTimeout(47)) - RetriableDatanodeCommand type=deleteBlocksCommand with id=1568280408401 timed out. Retrying.
2019-09-12 09:27:01,622 [pool-7-thread-2] INFO  commands.RetriableDatanodeEventWatcher (RetriableDatanodeEventWatcher.java:onTimeout(47)) - RetriableDatanodeCommand type=deleteBlocksCommand with id=1568280408313 timed out. Retrying.
2019-09-12 09:27:01,624 [pool-7-thread-2] INFO  commands.RetriableDatanodeEventWatcher (RetriableDatanodeEventWatcher.java:onTimeout(47)) - RetriableDatanodeCommand type=deleteBlocksCommand with id=1568280408411 timed out. Retrying.
2019-09-12 09:27:01,638 [pool-7-thread-2] INFO  commands.RetriableDatanodeEventWatcher (RetriableDatanodeEventWatcher.java:onTimeout(47)) - RetriableDatanodeCommand type=deleteBlocksCommand with id=1568280408323 timed out. Retrying.
2019-09-12 09:27:01,639 [pool-7-thread-2] INFO  commands.RetriableDatanodeEventWatcher (RetriableDatanodeEventWatcher.java:onTimeout(47)) - RetriableDatanodeCommand type=deleteBlocksCommand with id=1568280408421 timed out. Retrying.
2019-09-12 09:27:01,686 [SCMBlockDeletingService#0] DEBUG block.SCMBlockDeletingService (SCMBlockDeletingService.java:call(138)) - Running DeletedBlockTransactionScanner
2019-09-12 09:27:01,686 [SCMBlockDeletingService#0] DEBUG block.SCMBlockDeletingService (SCMBlockDeletingService.java:call(155)) - Scanned deleted blocks log and got 3 delTX to process.
2019-09-12 09:27:01,687 [SCMBlockDeletingService#0] DEBUG block.SCMBlockDeletingService (SCMBlockDeletingService.java:call(171)) - Added delete block command for datanode b50d6464-f54a-40d1-9f81-f1c19654fd05 in the queue, number of delete block transactions: 3, TxID list: 1,2,3
2019-09-12 09:27:01,687 [SCMBlockDeletingService#0] INFO  block.SCMBlockDeletingService (SCMBlockDeletingService.java:call(182)) - Totally added 3 delete blocks command for 1 datanodes, task elapsed time: 2ms
2019-09-12 09:27:01,707 [pool-7-thread-5] INFO  commands.RetriableDatanodeEventWatcher (RetriableDatanodeEventWatcher.java:onTimeout(47)) - RetriableDatanodeCommand type=deleteBlocksCommand with id=1568280408343 timed out. Retrying.
2019-09-12 09:27:01,707 [pool-7-thread-4] INFO  commands.RetriableDatanodeEventWatcher (RetriableDatanodeEventWatcher.java:onTimeout(47)) - RetriableDatanodeCommand type=deleteBlocksCommand with id=1568280408382 timed out. Retrying.
2019-09-12 09:27:01,707 [pool-7-thread-3] INFO  commands.RetriableDatanodeEventWatcher (RetriableDatanodeEventWatcher.java:onTimeout(47)) - RetriableDatanodeCommand type=deleteBlocksCommand with id=1568280408431 timed out. Retrying.
2019-09-12 09:27:01,707 [pool-7-thread-1] INFO  commands.RetriableDatanodeEventWatcher (RetriableDatanodeEventWatcher.java:onTimeout(47)) - RetriableDatanodeCommand type=deleteBlocksCommand with id=1568280408333 timed out. Retrying.
2019-09-12 09:27:01,708 [pool-7-thread-2] INFO  commands.RetriableDatanodeEventWatcher (RetriableDatanodeEventWatcher.java:onTimeout(47)) - RetriableDatanodeCommand type=deleteBlocksCommand with id=1568280408353 timed out. Retrying.
2019-09-12 09:27:01,708 [pool-7-thread-4] INFO  commands.RetriableDatanodeEventWatcher (RetriableDatanodeEventWatcher.java:onTimeout(47)) - RetriableDatanodeCommand type=deleteBlocksCommand with id=1568280408363 timed out. Retrying.
2019-09-12 09:27:01,709 [pool-7-thread-4] INFO  commands.RetriableDatanodeEventWatcher (RetriableDatanodeEventWatcher.java:onTimeout(47)) - RetriableDatanodeCommand type=deleteBlocksCommand with id=1568280408373 timed out. Retrying.
2019-09-12 09:27:01,709 [pool-7-thread-2] INFO  commands.RetriableDatanodeEventWatcher (RetriableDatanodeEventWatcher.java:onTimeout(47)) - RetriableDatanodeCommand type=deleteBlocksCommand with id=1568280408392 timed out. Retrying.
2019-09-12 09:27:01,710 [pool-7-thread-2] INFO  commands.RetriableDatanodeEventWatcher (RetriableDatanodeEventWatcher.java:onTimeout(47)) - RetriableDatanodeCommand type=deleteBlocksCommand with id=1568280408402 timed out. Retrying.
2019-09-12 09:27:01,718 [EventQueue-PendingDeleteStatusForPendingDeleteHandler] INFO  block.SCMBlockDeletingService (SCMBlockDeletingService.java:handlePendingDeletes(115)) - Block deletion txnID mismatch in datanode b50d6464-f54a-40d1-9f81-f1c19654fd05 for containerID 1. Datanode delete txnID: 0, SCM txnID: 1
2019-09-12 09:27:01,718 [EventQueue-PendingDeleteStatusForPendingDeleteHandler] INFO  block.SCMBlockDeletingService (SCMBlockDeletingService.java:handlePendingDeletes(115)) - Block deletion txnID mismatch in datanode b50d6464-f54a-40d1-9f81-f1c19654fd05 for containerID 2. Datanode delete txnID: 0, SCM txnID: 2
2019-09-12 09:27:01,718 [EventQueue-PendingDeleteStatusForPendingDeleteHandler] INFO  block.SCMBlockDeletingService (SCMBlockDeletingService.java:handlePendingDeletes(115)) - Block deletion txnID mismatch in datanode b50d6464-f54a-40d1-9f81-f1c19654fd05 for containerID 3. Datanode delete txnID: 0, SCM txnID: 3
2019-09-12 09:27:01,723 [pool-7-thread-2] INFO  commands.RetriableDatanodeEventWatcher (RetriableDatanodeEventWatcher.java:onTimeout(47)) - RetriableDatanodeCommand type=deleteBlocksCommand with id=1568280408314 timed out. Retrying.
2019-09-12 09:27:01,725 [pool-7-thread-2] INFO  commands.RetriableDatanodeEventWatcher (RetriableDatanodeEventWatcher.java:onTimeout(47)) - RetriableDatanodeCommand type=deleteBlocksCommand with id=1568280408412 timed out. Retrying.
2019-09-12 09:27:01,737 [pool-7-thread-2] INFO  commands.RetriableDatanodeEventWatcher (RetriableDatanodeEventWatcher.java:onTimeout(47)) - RetriableDatanodeCommand type=deleteBlocksCommand with id=1568280408324 timed out. Retrying.
2019-09-12 09:27:01,741 [pool-7-thread-2] INFO  commands.RetriableDatanodeEventWatcher (RetriableDatanodeEventWatcher.java:onTimeout(47)) - RetriableDatanodeCommand type=deleteBlocksCommand with id=1568280408422 timed out. Retrying.
2019-09-12 09:27:01,757 [pool-7-thread-2] INFO  commands.RetriableDatanodeEventWatcher (RetriableDatanodeEventWatcher.java:onTimeout(47)) - RetriableDatanodeCommand type=deleteBlocksCommand with id=1568280408334 timed out. Retrying.
2019-09-12 09:27:01,767 [pool-7-thread-2] INFO  commands.RetriableDatanodeEventWatcher (RetriableDatanodeEventWatcher.java:onTimeout(47)) - RetriableDatanodeCommand type=deleteBlocksCommand with id=1568280408344 timed out. Retrying.
2019-09-12 09:27:01,785 [pool-7-thread-2] INFO  commands.RetriableDatanodeEventWatcher (RetriableDatanodeEventWatcher.java:onTimeout(47)) - RetriableDatanodeCommand type=deleteBlocksCommand with id=1568280408354 timed out. Retrying.
2019-09-12 09:27:01,785 [pool-7-thread-4] INFO  commands.RetriableDatanodeEventWatcher (RetriableDatanodeEventWatcher.java:onTimeout(47)) - RetriableDatanodeCommand type=deleteBlocksCommand with id=1568280408383 timed out. Retrying.
2019-09-12 09:27:01,787 [SCMBlockDeletingService#0] DEBUG block.SCMBlockDeletingService (SCMBlockDeletingService.java:call(138)) - Running DeletedBlockTransactionScanner
2019-09-12 09:27:01,788 [SCMBlockDeletingService#0] DEBUG block.SCMBlockDeletingService (SCMBlockDeletingService.java:call(155)) - Scanned deleted blocks log and got 3 delTX to process.
2019-09-12 09:27:01,788 [SCMBlockDeletingService#0] DEBUG block.SCMBlockDeletingService (SCMBlockDeletingService.java:call(171)) - Added delete block command for datanode b50d6464-f54a-40d1-9f81-f1c19654fd05 in the queue, number of delete block transactions: 3, TxID list: 1,2,3
2019-09-12 09:27:01,788 [SCMBlockDeletingService#0] INFO  block.SCMBlockDeletingService (SCMBlockDeletingService.java:call(182)) - Totally added 3 delete blocks command for 1 datanodes, task elapsed time: 1ms
2019-09-12 09:27:01,795 [pool-7-thread-4] INFO  commands.RetriableDatanodeEventWatcher (RetriableDatanodeEventWatcher.java:onTimeout(47)) - RetriableDatanodeCommand type=deleteBlocksCommand with id=1568280408364 timed out. Retrying.
2019-09-12 09:27:01,797 [pool-7-thread-4] INFO  commands.RetriableDatanodeEventWatcher (RetriableDatanodeEventWatcher.java:onTimeout(47)) - RetriableDatanodeCommand type=deleteBlocksCommand with id=1568280408393 timed out. Retrying.
2019-09-12 09:27:01,809 [pool-7-thread-4] INFO  commands.RetriableDatanodeEventWatcher (RetriableDatanodeEventWatcher.java:onTimeout(47)) - RetriableDatanodeCommand type=deleteBlocksCommand with id=1568280408432 timed out. Retrying.
2019-09-12 09:27:01,812 [pool-7-thread-4] INFO  commands.RetriableDatanodeEventWatcher (RetriableDatanodeEventWatcher.java:onTimeout(47)) - RetriableDatanodeCommand type=deleteBlocksCommand with id=1568280408403 timed out. Retrying.
2019-09-12 09:27:01,825 [pool-7-thread-4] INFO  commands.RetriableDatanodeEventWatcher (RetriableDatanodeEventWatcher.java:onTimeout(47)) - RetriableDatanodeCommand type=deleteBlocksCommand with id=1568280408315 timed out. Retrying.
2019-09-12 09:27:01,826 [pool-7-thread-4] INFO  commands.RetriableDatanodeEventWatcher (RetriableDatanodeEventWatcher.java:onTimeout(47)) - RetriableDatanodeCommand type=deleteBlocksCommand with id=1568280408413 timed out. Retrying.
2019-09-12 09:27:01,842 [pool-7-thread-4] INFO  commands.RetriableDatanodeEventWatcher (RetriableDatanodeEventWatcher.java:onTimeout(47)) - RetriableDatanodeCommand type=deleteBlocksCommand with id=1568280408325 timed out. Retrying.
2019-09-12 09:27:01,842 [pool-7-thread-4] INFO  commands.RetriableDatanodeEventWatcher (RetriableDatanodeEventWatcher.java:onTimeout(47)) - RetriableDatanodeCommand type=deleteBlocksCommand with id=1568280408423 timed out. Retrying.
2019-09-12 09:27:01,853 [pool-7-thread-4] INFO  commands.RetriableDatanodeEventWatcher (RetriableDatanodeEventWatcher.java:onTimeout(47)) - RetriableDatanodeCommand type=deleteBlocksCommand with id=1568280408335 timed out. Retrying.
2019-09-12 09:27:01,873 [pool-7-thread-4] INFO  commands.RetriableDatanodeEventWatcher (RetriableDatanodeEventWatcher.java:onTimeout(47)) - RetriableDatanodeCommand type=deleteBlocksCommand with id=1568280408374 timed out. Retrying.
2019-09-12 09:27:01,873 [pool-7-thread-2] INFO  commands.RetriableDatanodeEventWatcher (RetriableDatanodeEventWatcher.java:onTimeout(47)) - RetriableDatanodeCommand type=deleteBlocksCommand with id=1568280408345 timed out. Retrying.
2019-09-12 09:27:01,886 [pool-7-thread-2] INFO  commands.RetriableDatanodeEventWatcher (RetriableDatanodeEventWatcher.java:onTimeout(47)) - RetriableDatanodeCommand type=deleteBlocksCommand with id=1568280408355 timed out. Retrying.
2019-09-12 09:27:01,886 [pool-7-thread-4] INFO  commands.RetriableDatanodeEventWatcher (RetriableDatanodeEventWatcher.java:onTimeout(47)) - RetriableDatanodeCommand type=deleteBlocksCommand with id=1568280408384 timed out. Retrying.
2019-09-12 09:27:01,888 [SCMBlockDeletingService#0] DEBUG block.SCMBlockDeletingService (SCMBlockDeletingService.java:call(138)) - Running DeletedBlockTransactionScanner
2019-09-12 09:27:01,889 [SCMBlockDeletingService#0] DEBUG block.SCMBlockDeletingService (SCMBlockDeletingService.java:call(155)) - Scanned deleted blocks log and got 3 delTX to process.
2019-09-12 09:27:01,889 [SCMBlockDeletingService#0] DEBUG block.SCMBlockDeletingService (SCMBlockDeletingService.java:call(171)) - Added delete block command for datanode b50d6464-f54a-40d1-9f81-f1c19654fd05 in the queue, number of delete block transactions: 3, TxID list: 1,2,3
2019-09-12 09:27:01,890 [SCMBlockDeletingService#0] INFO  block.SCMBlockDeletingService (SCMBlockDeletingService.java:call(182)) - Totally added 3 delete blocks command for 1 datanodes, task elapsed time: 1ms
2019-09-12 09:27:01,896 [pool-7-thread-4] INFO  commands.RetriableDatanodeEventWatcher (RetriableDatanodeEventWatcher.java:onTimeout(47)) - RetriableDatanodeCommand type=deleteBlocksCommand with id=1568280408365 timed out. Retrying.
2019-09-12 09:27:01,900 [pool-7-thread-4] INFO  commands.RetriableDatanodeEventWatcher (RetriableDatanodeEventWatcher.java:onTimeout(47)) - RetriableDatanodeCommand type=deleteBlocksCommand with id=1568280408394 timed out. Retrying.
2019-09-12 09:27:01,910 [pool-7-thread-4] INFO  commands.RetriableDatanodeEventWatcher (RetriableDatanodeEventWatcher.java:onTimeout(47)) - RetriableDatanodeCommand type=deleteBlocksCommand with id=1568280408433 timed out. Retrying.
2019-09-12 09:27:01,914 [pool-7-thread-4] INFO  commands.RetriableDatanodeEventWatcher (RetriableDatanodeEventWatcher.java:onTimeout(47)) - RetriableDatanodeCommand type=deleteBlocksCommand with id=1568280408404 timed out. Retrying.
2019-09-12 09:27:01,919 [EventQueue-PendingDeleteStatusForPendingDeleteHandler] INFO  block.SCMBlockDeletingService (SCMBlockDeletingService.java:handlePendingDeletes(115)) - Block deletion txnID mismatch in datanode b50d6464-f54a-40d1-9f81-f1c19654fd05 for containerID 1. Datanode delete txnID: 0, SCM txnID: 1
2019-09-12 09:27:01,919 [EventQueue-PendingDeleteStatusForPendingDeleteHandler] INFO  block.SCMBlockDeletingService (SCMBlockDeletingService.java:handlePendingDeletes(115)) - Block deletion txnID mismatch in datanode b50d6464-f54a-40d1-9f81-f1c19654fd05 for containerID 2. Datanode delete txnID: 0, SCM txnID: 2
2019-09-12 09:27:01,919 [EventQueue-PendingDeleteStatusForPendingDeleteHandler] INFO  block.SCMBlockDeletingService (SCMBlockDeletingService.java:handlePendingDeletes(115)) - Block deletion txnID mismatch in datanode b50d6464-f54a-40d1-9f81-f1c19654fd05 for containerID 3. Datanode delete txnID: 0, SCM txnID: 3
2019-09-12 09:27:01,930 [pool-7-thread-4] INFO  commands.RetriableDatanodeEventWatcher (RetriableDatanodeEventWatcher.java:onTimeout(47)) - RetriableDatanodeCommand type=deleteBlocksCommand with id=1568280408316 timed out. Retrying.
2019-09-12 09:27:01,931 [pool-7-thread-2] INFO  commands.RetriableDatanodeEventWatcher (RetriableDatanodeEventWatcher.java:onTimeout(47)) - RetriableDatanodeCommand type=deleteBlocksCommand with id=1568280408414 timed out. Retrying.
2019-09-12 09:27:01,937 [pool-7-thread-2] INFO  commands.RetriableDatanodeEventWatcher (RetriableDatanodeEventWatcher.java:onTimeout(47)) - RetriableDatanodeCommand type=deleteBlocksCommand with id=1568280408326 timed out. Retrying.
2019-09-12 09:27:01,943 [pool-7-thread-2] INFO  commands.RetriableDatanodeEventWatcher (RetriableDatanodeEventWatcher.java:onTimeout(47)) - RetriableDatanodeCommand type=deleteBlocksCommand with id=1568280408424 timed out. Retrying.
2019-09-12 09:27:01,960 [pool-7-thread-2] INFO  commands.RetriableDatanodeEventWatcher (RetriableDatanodeEventWatcher.java:onTimeout(47)) - RetriableDatanodeCommand type=deleteBlocksCommand with id=1568280408336 timed out. Retrying.
2019-09-12 09:27:01,969 [pool-7-thread-2] INFO  commands.RetriableDatanodeEventWatcher (RetriableDatanodeEventWatcher.java:onTimeout(47)) - RetriableDatanodeCommand type=deleteBlocksCommand with id=1568280408346 timed out. Retrying.
2019-09-12 09:27:01,975 [pool-7-thread-2] INFO  commands.RetriableDatanodeEventWatcher (RetriableDatanodeEventWatcher.java:onTimeout(47)) - RetriableDatanodeCommand type=deleteBlocksCommand with id=1568280408375 timed out. Retrying.
2019-09-12 09:27:01,986 [pool-7-thread-2] INFO  commands.RetriableDatanodeEventWatcher (RetriableDatanodeEventWatcher.java:onTimeout(47)) - RetriableDatanodeCommand type=deleteBlocksCommand with id=1568280408356 timed out. Retrying.
2019-09-12 09:27:01,989 [pool-7-thread-2] INFO  commands.RetriableDatanodeEventWatcher (RetriableDatanodeEventWatcher.java:onTimeout(47)) - RetriableDatanodeCommand type=deleteBlocksCommand with id=1568280408385 timed out. Retrying.
2019-09-12 09:27:01,990 [SCMBlockDeletingService#0] DEBUG block.SCMBlockDeletingService (SCMBlockDeletingService.java:call(138)) - Running DeletedBlockTransactionScanner
2019-09-12 09:27:01,990 [SCMBlockDeletingService#0] DEBUG block.SCMBlockDeletingService (SCMBlockDeletingService.java:call(155)) - Scanned deleted blocks log and got 3 delTX to process.
2019-09-12 09:27:01,991 [SCMBlockDeletingService#0] DEBUG block.SCMBlockDeletingService (SCMBlockDeletingService.java:call(171)) - Added delete block command for datanode b50d6464-f54a-40d1-9f81-f1c19654fd05 in the queue, number of delete block transactions: 3, TxID list: 1,2,3
2019-09-12 09:27:01,991 [SCMBlockDeletingService#0] INFO  block.SCMBlockDeletingService (SCMBlockDeletingService.java:call(182)) - Totally added 3 delete blocks command for 1 datanodes, task elapsed time: 1ms
2019-09-12 09:27:02,002 [pool-7-thread-2] INFO  commands.RetriableDatanodeEventWatcher (RetriableDatanodeEventWatcher.java:onTimeout(47)) - RetriableDatanodeCommand type=deleteBlocksCommand with id=1568280408366 timed out. Retrying.
2019-09-12 09:27:02,002 [pool-7-thread-4] INFO  commands.RetriableDatanodeEventWatcher (RetriableDatanodeEventWatcher.java:onTimeout(47)) - RetriableDatanodeCommand type=deleteBlocksCommand with id=1568280408395 timed out. Retrying.
2019-09-12 09:27:02,011 [pool-7-thread-4] INFO  commands.RetriableDatanodeEventWatcher (RetriableDatanodeEventWatcher.java:onTimeout(47)) - RetriableDatanodeCommand type=deleteBlocksCommand with id=1568280408434 timed out. Retrying.
2019-09-12 09:27:02,017 [pool-7-thread-4] INFO  commands.RetriableDatanodeEventWatcher (RetriableDatanodeEventWatcher.java:onTimeout(47)) - RetriableDatanodeCommand type=deleteBlocksCommand with id=1568280408405 timed out. Retrying.
2019-09-12 09:27:02,029 [pool-7-thread-4] INFO  commands.RetriableDatanodeEventWatcher (RetriableDatanodeEventWatcher.java:onTimeout(47)) - RetriableDatanodeCommand type=deleteBlocksCommand with id=1568280408317 timed out. Retrying.
2019-09-12 09:27:02,029 [pool-7-thread-2] INFO  commands.RetriableDatanodeEventWatcher (RetriableDatanodeEventWatcher.java:onTimeout(47)) - RetriableDatanodeCommand type=deleteBlocksCommand with id=1568280408415 timed out. Retrying.
2019-09-12 09:27:02,045 [pool-7-thread-2] INFO  commands.RetriableDatanodeEventWatcher (RetriableDatanodeEventWatcher.java:onTimeout(47)) - RetriableDatanodeCommand type=deleteBlocksCommand with id=1568280408327 timed out. Retrying.
2019-09-12 09:27:02,045 [pool-7-thread-2] INFO  commands.RetriableDatanodeEventWatcher (RetriableDatanodeEventWatcher.java:onTimeout(47)) - RetriableDatanodeCommand type=deleteBlocksCommand with id=1568280408425 timed out. Retrying.
2019-09-12 09:27:02,056 [pool-7-thread-2] INFO  commands.RetriableDatanodeEventWatcher (RetriableDatanodeEventWatcher.java:onTimeout(47)) - RetriableDatanodeCommand type=deleteBlocksCommand with id=1568280408337 timed out. Retrying.
2019-09-12 09:27:02,076 [pool-7-thread-4] INFO  commands.RetriableDatanodeEventWatcher (RetriableDatanodeEventWatcher.java:onTimeout(47)) - RetriableDatanodeCommand type=deleteBlocksCommand with id=1568280408347 timed out. Retrying.
2019-09-12 09:27:02,076 [pool-7-thread-2] INFO  commands.RetriableDatanodeEventWatcher (RetriableDatanodeEventWatcher.java:onTimeout(47)) - RetriableDatanodeCommand type=deleteBlocksCommand with id=1568280408376 timed out. Retrying.
2019-09-12 09:27:02,082 [b50d6464-f54a-40d1-9f81-f1c19654fd05@group-1F53027F28E3-SegmentedRaftLogWorker] INFO  segmented.SegmentedRaftLogWorker (SegmentedRaftLogWorker.java:execute(569)) - b50d6464-f54a-40d1-9f81-f1c19654fd05@group-1F53027F28E3-SegmentedRaftLogWorker: created new log segment /workdir/hadoop-ozone/integration-test/target/test-dir/MiniOzoneClusterImpl-91ceb8d4-6dc6-4c84-835d-2cce6db9d776/datanode-0/data/ratis/6602e0f3-b3f6-4d5c-8eba-1f53027f28e3/current/log_inprogress_6185
2019-09-12 09:27:02,086 [pool-7-thread-2] INFO  commands.RetriableDatanodeEventWatcher (RetriableDatanodeEventWatcher.java:onTimeout(47)) - RetriableDatanodeCommand type=deleteBlocksCommand with id=1568280408357 timed out. Retrying.
2019-09-12 09:27:02,087 [pool-7-thread-4] INFO  commands.RetriableDatanodeEventWatcher (RetriableDatanodeEventWatcher.java:onTimeout(47)) - RetriableDatanodeCommand type=deleteBlocksCommand with id=1568280408386 timed out. Retrying.
2019-09-12 09:27:02,091 [SCMBlockDeletingService#0] DEBUG block.SCMBlockDeletingService (SCMBlockDeletingService.java:call(138)) - Running DeletedBlockTransactionScanner
2019-09-12 09:27:02,092 [SCMBlockDeletingService#0] DEBUG block.SCMBlockDeletingService (SCMBlockDeletingService.java:call(155)) - Scanned deleted blocks log and got 3 delTX to process.
2019-09-12 09:27:02,092 [SCMBlockDeletingService#0] DEBUG block.SCMBlockDeletingService (SCMBlockDeletingService.java:call(171)) - Added delete block command for datanode b50d6464-f54a-40d1-9f81-f1c19654fd05 in the queue, number of delete block transactions: 3, TxID list: 1,2,3
2019-09-12 09:27:02,092 [SCMBlockDeletingService#0] INFO  block.SCMBlockDeletingService (SCMBlockDeletingService.java:call(182)) - Totally added 3 delete blocks command for 1 datanodes, task elapsed time: 1ms
2019-09-12 09:27:02,103 [pool-7-thread-4] INFO  commands.RetriableDatanodeEventWatcher (RetriableDatanodeEventWatcher.java:onTimeout(47)) - RetriableDatanodeCommand type=deleteBlocksCommand with id=1568280408367 timed out. Retrying.
2019-09-12 09:27:02,103 [pool-7-thread-2] INFO  commands.RetriableDatanodeEventWatcher (RetriableDatanodeEventWatcher.java:onTimeout(47)) - RetriableDatanodeCommand type=deleteBlocksCommand with id=1568280408396 timed out. Retrying.
2019-09-12 09:27:02,112 [pool-7-thread-2] INFO  commands.RetriableDatanodeEventWatcher (RetriableDatanodeEventWatcher.java:onTimeout(47)) - RetriableDatanodeCommand type=deleteBlocksCommand with id=1568280408435 timed out. Retrying.
2019-09-12 09:27:02,119 [pool-7-thread-2] INFO  commands.RetriableDatanodeEventWatcher (RetriableDatanodeEventWatcher.java:onTimeout(47)) - RetriableDatanodeCommand type=deleteBlocksCommand with id=1568280408406 timed out. Retrying.
2019-09-12 09:27:02,120 [Command processor thread] INFO  commandhandler.DeleteBlocksCommandHandler (DeleteBlocksCommandHandler.java:handle(106)) - Start to delete container blocks, TXIDs=[1(0),2(0),3(0)], numOfContainers=3, numOfBlocks=553
2019-09-12 09:27:02,129 [pool-7-thread-2] INFO  commands.RetriableDatanodeEventWatcher (RetriableDatanodeEventWatcher.java:onTimeout(47)) - RetriableDatanodeCommand type=deleteBlocksCommand with id=1568280408318 timed out. Retrying.
2019-09-12 09:27:02,133 [pool-7-thread-2] INFO  commands.RetriableDatanodeEventWatcher (RetriableDatanodeEventWatcher.java:onTimeout(47)) - RetriableDatanodeCommand type=deleteBlocksCommand with id=1568280408416 timed out. Retrying.
2019-09-12 09:27:02,145 [pool-7-thread-2] INFO  commands.RetriableDatanodeEventWatcher (RetriableDatanodeEventWatcher.java:onTimeout(47)) - RetriableDatanodeCommand type=deleteBlocksCommand with id=1568280408328 timed out. Retrying.
2019-09-12 09:27:02,152 [pool-7-thread-2] INFO  commands.RetriableDatanodeEventWatcher (RetriableDatanodeEventWatcher.java:onTimeout(47)) - RetriableDatanodeCommand type=deleteBlocksCommand with id=1568280408426 timed out. Retrying.
2019-09-12 09:27:02,158 [Command processor thread] INFO  commandhandler.DeleteBlocksCommandHandler (DeleteBlocksCommandHandler.java:handle(106)) - Start to delete container blocks, TXIDs=[1(0),2(0),3(0)], numOfContainers=3, numOfBlocks=553
2019-09-12 09:27:02,159 [pool-7-thread-2] INFO  commands.RetriableDatanodeEventWatcher (RetriableDatanodeEventWatcher.java:onTimeout(47)) - RetriableDatanodeCommand type=deleteBlocksCommand with id=1568280408338 timed out. Retrying.
2019-09-12 09:27:02,160 [Command processor thread] INFO  commandhandler.DeleteBlocksCommandHandler (DeleteBlocksCommandHandler.java:handle(106)) - Start to delete container blocks, TXIDs=[1(0),2(0),3(0)], numOfContainers=3, numOfBlocks=553
2019-09-12 09:27:02,161 [Command processor thread] INFO  commandhandler.DeleteBlocksCommandHandler (DeleteBlocksCommandHandler.java:handle(106)) - Start to delete container blocks, TXIDs=[1(0),2(0),3(0)], numOfContainers=3, numOfBlocks=553
2019-09-12 09:27:02,163 [Command processor thread] INFO  commandhandler.DeleteBlocksCommandHandler (DeleteBlocksCommandHandler.java:handle(106)) - Start to delete container blocks, TXIDs=[1(9),2(9),3(9)], numOfContainers=3, numOfBlocks=553
2019-09-12 09:27:02,164 [Command processor thread] INFO  commandhandler.DeleteBlocksCommandHandler (DeleteBlocksCommandHandler.java:handle(106)) - Start to delete container blocks, TXIDs=[1(0),2(0),3(0)], numOfContainers=3, numOfBlocks=553
2019-09-12 09:27:02,165 [Command processor thread] INFO  commandhandler.DeleteBlocksCommandHandler (DeleteBlocksCommandHandler.java:handle(106)) - Start to delete container blocks, TXIDs=[1(0),2(0),3(0)], numOfContainers=3, numOfBlocks=553
2019-09-12 09:27:02,167 [Command processor thread] INFO  commandhandler.DeleteBlocksCommandHandler (DeleteBlocksCommandHandler.java:handle(106)) - Start to delete container blocks, TXIDs=[1(0),2(0),3(0)], numOfContainers=3, numOfBlocks=553
2019-09-12 09:27:02,168 [Command processor thread] INFO  commandhandler.DeleteBlocksCommandHandler (DeleteBlocksCommandHandler.java:handle(106)) - Start to delete container blocks, TXIDs=[1(0),2(0),3(0)], numOfContainers=3, numOfBlocks=553
2019-09-12 09:27:02,169 [Command processor thread] INFO  commandhandler.DeleteBlocksCommandHandler (DeleteBlocksCommandHandler.java:handle(106)) - Start to delete container blocks, TXIDs=[1(0),2(0),3(0)], numOfContainers=3, numOfBlocks=553
2019-09-12 09:27:02,170 [Command processor thread] INFO  commandhandler.DeleteBlocksCommandHandler (DeleteBlocksCommandHandler.java:handle(106)) - Start to delete container blocks, TXIDs=[1(0),2(0),3(0)], numOfContainers=3, numOfBlocks=553
2019-09-12 09:27:02,172 [Command processor thread] INFO  commandhandler.DeleteBlocksCommandHandler (DeleteBlocksCommandHandler.java:handle(106)) - Start to delete container blocks, TXIDs=[1(0),2(0),3(0)], numOfContainers=3, numOfBlocks=553
2019-09-12 09:27:02,173 [Command processor thread] INFO  commandhandler.DeleteBlocksCommandHandler (DeleteBlocksCommandHandler.java:handle(106)) - Start to delete container blocks, TXIDs=[1(0),2(0),3(0)], numOfContainers=3, numOfBlocks=553
2019-09-12 09:27:02,173 [pool-7-thread-2] INFO  commands.RetriableDatanodeEventWatcher (RetriableDatanodeEventWatcher.java:onTimeout(47)) - RetriableDatanodeCommand type=deleteBlocksCommand with id=1568280408377 timed out. Retrying.
2019-09-12 09:27:02,174 [Command processor thread] INFO  commandhandler.DeleteBlocksCommandHandler (DeleteBlocksCommandHandler.java:handle(106)) - Start to delete container blocks, TXIDs=[1(0),2(0),3(0)], numOfContainers=3, numOfBlocks=553
2019-09-12 09:27:02,175 [Command processor thread] INFO  commandhandler.DeleteBlocksCommandHandler (DeleteBlocksCommandHandler.java:handle(106)) - Start to delete container blocks, TXIDs=[1(0),2(0),3(0)], numOfContainers=3, numOfBlocks=553
2019-09-12 09:27:02,177 [Command processor thread] INFO  commandhandler.DeleteBlocksCommandHandler (DeleteBlocksCommandHandler.java:handle(106)) - Start to delete container blocks, TXIDs=[1(0),2(0),3(0)], numOfContainers=3, numOfBlocks=553
2019-09-12 09:27:02,177 [pool-7-thread-2] INFO  commands.RetriableDatanodeEventWatcher (RetriableDatanodeEventWatcher.java:onTimeout(47)) - RetriableDatanodeCommand type=deleteBlocksCommand with id=1568280408348 timed out. Retrying.
2019-09-12 09:27:02,178 [Command processor thread] INFO  commandhandler.DeleteBlocksCommandHandler (DeleteBlocksCommandHandler.java:handle(106)) - Start to delete container blocks, TXIDs=[1(297),2(297),3(297)], numOfContainers=3, numOfBlocks=553
2019-09-12 09:27:02,179 [Command processor thread] INFO  commandhandler.DeleteBlocksCommandHandler (DeleteBlocksCommandHandler.java:handle(106)) - Start to delete container blocks, TXIDs=[1(0),2(0),3(0)], numOfContainers=3, numOfBlocks=553
2019-09-12 09:27:02,180 [Command processor thread] INFO  commandhandler.DeleteBlocksCommandHandler (DeleteBlocksCommandHandler.java:handle(106)) - Start to delete container blocks, TXIDs=[1(0),2(0),3(0)], numOfContainers=3, numOfBlocks=553
2019-09-12 09:27:02,181 [Command processor thread] INFO  commandhandler.DeleteBlocksCommandHandler (DeleteBlocksCommandHandler.java:handle(106)) - Start to delete container blocks, TXIDs=[1(0),2(0),3(0)], numOfContainers=3, numOfBlocks=553
2019-09-12 09:27:02,183 [Command processor thread] INFO  commandhandler.DeleteBlocksCommandHandler (DeleteBlocksCommandHandler.java:handle(106)) - Start to delete container blocks, TXIDs=[1(0),2(0),3(0)], numOfContainers=3, numOfBlocks=553
2019-09-12 09:27:02,184 [Command processor thread] INFO  commandhandler.DeleteBlocksCommandHandler (DeleteBlocksCommandHandler.java:handle(106)) - Start to delete container blocks, TXIDs=[1(0),2(0),3(0)], numOfContainers=3, numOfBlocks=553
2019-09-12 09:27:02,185 [Command processor thread] INFO  commandhandler.DeleteBlocksCommandHandler (DeleteBlocksCommandHandler.java:handle(106)) - Start to delete container blocks, TXIDs=[1(0),2(0),3(0)], numOfContainers=3, numOfBlocks=553
2019-09-12 09:27:02,186 [Command processor thread] INFO  commandhandler.DeleteBlocksCommandHandler (DeleteBlocksCommandHandler.java:handle(106)) - Start to delete container blocks, TXIDs=[1(0),2(0),3(0)], numOfContainers=3, numOfBlocks=553
2019-09-12 09:27:02,187 [pool-7-thread-2] INFO  commands.RetriableDatanodeEventWatcher (RetriableDatanodeEventWatcher.java:onTimeout(47)) - RetriableDatanodeCommand type=deleteBlocksCommand with id=1568280408358 timed out. Retrying.
2019-09-12 09:27:02,187 [Command processor thread] INFO  commandhandler.DeleteBlocksCommandHandler (DeleteBlocksCommandHandler.java:handle(106)) - Start to delete container blocks, TXIDs=[1(0),2(0),3(0)], numOfContainers=3, numOfBlocks=553
2019-09-12 09:27:02,188 [Command processor thread] INFO  commandhandler.DeleteBlocksCommandHandler (DeleteBlocksCommandHandler.java:handle(106)) - Start to delete container blocks, TXIDs=[1(0),2(0),3(0)], numOfContainers=3, numOfBlocks=553
2019-09-12 09:27:02,189 [pool-7-thread-2] INFO  commands.RetriableDatanodeEventWatcher (RetriableDatanodeEventWatcher.java:onTimeout(47)) - RetriableDatanodeCommand type=deleteBlocksCommand with id=1568280408387 timed out. Retrying.
2019-09-12 09:27:02,190 [Command processor thread] INFO  commandhandler.DeleteBlocksCommandHandler (DeleteBlocksCommandHandler.java:handle(106)) - Start to delete container blocks, TXIDs=[1(0),2(0),3(0)], numOfContainers=3, numOfBlocks=553
2019-09-12 09:27:02,191 [Command processor thread] INFO  commandhandler.DeleteBlocksCommandHandler (DeleteBlocksCommandHandler.java:handle(106)) - Start to delete container blocks, TXIDs=[1(0),2(0),3(0)], numOfContainers=3, numOfBlocks=553
2019-09-12 09:27:02,192 [Command processor thread] INFO  commandhandler.DeleteBlocksCommandHandler (DeleteBlocksCommandHandler.java:handle(106)) - Start to delete container blocks, TXIDs=[1(0),2(0),3(0)], numOfContainers=3, numOfBlocks=553
2019-09-12 09:27:02,192 [SCMBlockDeletingService#0] DEBUG block.SCMBlockDeletingService (SCMBlockDeletingService.java:call(138)) - Running DeletedBlockTransactionScanner
2019-09-12 09:27:02,193 [SCMBlockDeletingService#0] DEBUG block.SCMBlockDeletingService (SCMBlockDeletingService.java:call(155)) - Scanned deleted blocks log and got 3 delTX to process.
2019-09-12 09:27:02,193 [SCMBlockDeletingService#0] DEBUG block.SCMBlockDeletingService (SCMBlockDeletingService.java:call(171)) - Added delete block command for datanode b50d6464-f54a-40d1-9f81-f1c19654fd05 in the queue, number of delete block transactions: 3, TxID list: 1,2,3
2019-09-12 09:27:02,193 [SCMBlockDeletingService#0] INFO  block.SCMBlockDeletingService (DeleteBlocksCommandHandler.java:handle(106)) - Start to delete container blocks, TXIDs=[1(598),2(598),3(598)], numOfContainers=3, numOfBlocks=553
SCMBlockDeletingService.java:call(182)) - Totally added 3 delete blocks command for 1 datanodes, task elapsed time: 1ms
2019-09-12 09:27:02,193 [Command processor thread] INFO  commandhandler.DeleteBlocksCommandHandler (DeleteBlocksCommandHandler.java:handle(106)) - Start to delete container blocks, TXIDs=[1(598),2(598),3(598)], numOfContainers=3, numOfBlocks=553
2019-09-12 09:27:02,194 [Command processor thread] INFO  commandhandler.DeleteBlocksCommandHandler (DeleteBlocksCommandHandler.java:handle(106)) - Start to delete container blocks, TXIDs=[1(0),2(0),3(0)], numOfContainers=3, numOfBlocks=553
2019-09-12 09:27:02,195 [Command processor thread] INFO  commandhandler.DeleteBlocksCommandHandler (DeleteBlocksCommandHandler.java:handle(106)) - Start to delete container blocks, TXIDs=[1(0),2(0),3(0)], numOfContainers=3, numOfBlocks=553
2019-09-12 09:27:02,197 [Command processor thread] INFO  commandhandler.DeleteBlocksCommandHandler (DeleteBlocksCommandHandler.java:handle(106)) - Start to delete container blocks, TXIDs=[1(0),2(0),3(0)], numOfContainers=3, numOfBlocks=553
2019-09-12 09:27:02,198 [Command processor thread] INFO  commandhandler.DeleteBlocksCommandHandler (DeleteBlocksCommandHandler.java:handle(106)) - Start to delete container blocks, TXIDs=[1(0),2(0),3(0)], numOfContainers=3, numOfBlocks=553
2019-09-12 09:27:02,199 [Command processor thread] INFO  commandhandler.DeleteBlocksCommandHandler (DeleteBlocksCommandHandler.java:handle(106)) - Start to delete container blocks, TXIDs=[1(0),2(0),3(0)], numOfContainers=3, numOfBlocks=553
2019-09-12 09:27:02,200 [Command processor thread] INFO  commandhandler.DeleteBlocksCommandHandler (DeleteBlocksCommandHandler.java:handle(106)) - Start to delete container blocks, TXIDs=[1(0),2(0),3(0)], numOfContainers=3, numOfBlocks=553
2019-09-12 09:27:02,200 [pool-7-thread-2] INFO  commands.RetriableDatanodeEventWatcher (RetriableDatanodeEventWatcher.java:onTimeout(47)) - RetriableDatanodeCommand type=deleteBlocksCommand with id=1568280408368 timed out. Retrying.
2019-09-12 09:27:02,201 [BlockDeletingService#2] INFO  background.BlockDeletingService (BlockDeletingService.java:getTasks(130)) - Plan to choose 10 containers for block deletion, actually returns 3 valid containers.
2019-09-12 09:27:02,201 [Command processor thread] INFO  commandhandler.DeleteBlocksCommandHandler (DeleteBlocksCommandHandler.java:handle(106)) - Start to delete container blocks, TXIDs=[1(0),2(0),3(0)], numOfContainers=3, numOfBlocks=553
2019-09-12 09:27:02,202 [Command processor thread] INFO  commandhandler.DeleteBlocksCommandHandler (DeleteBlocksCommandHandler.java:handle(106)) - Start to delete container blocks, TXIDs=[1(0),2(0),3(0)], numOfContainers=3, numOfBlocks=553
2019-09-12 09:27:02,203 [Command processor thread] INFO  commandhandler.DeleteBlocksCommandHandler (DeleteBlocksCommandHandler.java:handle(106)) - Start to delete container blocks, TXIDs=[1(0),2(0),3(0)], numOfContainers=3, numOfBlocks=553
2019-09-12 09:27:02,207 [pool-7-thread-2] INFO  commands.RetriableDatanodeEventWatcher (RetriableDatanodeEventWatcher.java:onTimeout(47)) - RetriableDatanodeCommand type=deleteBlocksCommand with id=1568280408397 timed out. Retrying.
2019-09-12 09:27:02,254 [pool-7-thread-2] INFO  commands.RetriableDatanodeEventWatcher (RetriableDatanodeEventWatcher.java:onTimeout(47)) - RetriableDatanodeCommand type=deleteBlocksCommand with id=1568280408319 timed out. Retrying.
2019-09-12 09:27:02,268 [pool-7-thread-2] INFO  commands.RetriableDatanodeEventWatcher (RetriableDatanodeEventWatcher.java:onTimeout(47)) - RetriableDatanodeCommand type=deleteBlocksCommand with id=1568280408329 timed out. Retrying.
2019-09-12 09:27:02,268 [pool-7-thread-3] INFO  commands.RetriableDatanodeEventWatcher (RetriableDatanodeEventWatcher.java:onTimeout(47)) - RetriableDatanodeCommand type=deleteBlocksCommand with id=1568280408436 timed out. Retrying.
2019-09-12 09:27:02,268 [pool-7-thread-4] INFO  commands.RetriableDatanodeEventWatcher (RetriableDatanodeEventWatcher.java:onTimeout(47)) - RetriableDatanodeCommand type=deleteBlocksCommand with id=1568280408417 timed out. Retrying.
2019-09-12 09:27:02,268 [pool-7-thread-5] INFO  commands.RetriableDatanodeEventWatcher (RetriableDatanodeEventWatcher.java:onTimeout(47)) - RetriableDatanodeCommand type=deleteBlocksCommand with id=1568280408407 timed out. Retrying.
2019-09-12 09:27:02,268 [pool-7-thread-1] INFO  commands.RetriableDatanodeEventWatcher (RetriableDatanodeEventWatcher.java:onTimeout(47)) - RetriableDatanodeCommand type=deleteBlocksCommand with id=1568280408427 timed out. Retrying.
2019-09-12 09:27:02,279 [pool-7-thread-5] INFO  commands.RetriableDatanodeEventWatcher (RetriableDatanodeEventWatcher.java:onTimeout(47)) - RetriableDatanodeCommand type=deleteBlocksCommand with id=1568280408339 timed out. Retrying.
2019-09-12 09:27:02,279 [pool-7-thread-4] INFO  commands.RetriableDatanodeEventWatcher (RetriableDatanodeEventWatcher.java:onTimeout(47)) - RetriableDatanodeCommand type=deleteBlocksCommand with id=1568280408349 timed out. Retrying.
2019-09-12 09:27:02,279 [pool-7-thread-1] INFO  commands.RetriableDatanodeEventWatcher (RetriableDatanodeEventWatcher.java:onTimeout(47)) - RetriableDatanodeCommand type=deleteBlocksCommand with id=1568280408378 timed out. Retrying.
2019-09-12 09:27:02,291 [pool-7-thread-1] INFO  commands.RetriableDatanodeEventWatcher (RetriableDatanodeEventWatcher.java:onTimeout(47)) - RetriableDatanodeCommand type=deleteBlocksCommand with id=1568280408359 timed out. Retrying.
2019-09-12 09:27:02,292 [pool-7-thread-4] INFO  commands.RetriableDatanodeEventWatcher (RetriableDatanodeEventWatcher.java:onTimeout(47)) - RetriableDatanodeCommand type=deleteBlocksCommand with id=1568280408388 timed out. Retrying.
2019-09-12 09:27:02,294 [SCMBlockDeletingService#1] DEBUG block.SCMBlockDeletingService (SCMBlockDeletingService.java:call(138)) - Running DeletedBlockTransactionScanner
2019-09-12 09:27:02,294 [SCMBlockDeletingService#1] DEBUG block.SCMBlockDeletingService (SCMBlockDeletingService.java:call(155)) - Scanned deleted blocks log and got 3 delTX to process.
2019-09-12 09:27:02,294 [SCMBlockDeletingService#1] DEBUG block.SCMBlockDeletingService (SCMBlockDeletingService.java:call(171)) - Added delete block command for datanode b50d6464-f54a-40d1-9f81-f1c19654fd05 in the queue, number of delete block transactions: 3, TxID list: 1,2,3
2019-09-12 09:27:02,295 [SCMBlockDeletingService#1] INFO  block.SCMBlockDeletingService (SCMBlockDeletingService.java:call(182)) - Totally added 3 delete blocks command for 1 datanodes, task elapsed time: 1ms
2019-09-12 09:27:02,303 [pool-7-thread-4] INFO  commands.RetriableDatanodeEventWatcher (RetriableDatanodeEventWatcher.java:onTimeout(47)) - RetriableDatanodeCommand type=deleteBlocksCommand with id=1568280408369 timed out. Retrying.
2019-09-12 09:27:02,307 [pool-7-thread-4] INFO  commands.RetriableDatanodeEventWatcher (RetriableDatanodeEventWatcher.java:onTimeout(47)) - RetriableDatanodeCommand type=deleteBlocksCommand with id=1568280408398 timed out. Retrying.
2019-09-12 09:27:02,316 [pool-7-thread-4] INFO  commands.RetriableDatanodeEventWatcher (RetriableDatanodeEventWatcher.java:onTimeout(47)) - RetriableDatanodeCommand type=deleteBlocksCommand with id=1568280408310 timed out. Retrying.
2019-09-12 09:27:02,319 [EventQueue-PendingDeleteStatusForPendingDeleteHandler] INFO  block.SCMBlockDeletingService (SCMBlockDeletingService.java:handlePendingDeletes(115)) - Block deletion txnID mismatch in datanode b50d6464-f54a-40d1-9f81-f1c19654fd05 for containerID 1. Datanode delete txnID: 0, SCM txnID: 1
2019-09-12 09:27:02,319 [EventQueue-PendingDeleteStatusForPendingDeleteHandler] INFO  block.SCMBlockDeletingService (SCMBlockDeletingService.java:handlePendingDeletes(115)) - Block deletion txnID mismatch in datanode b50d6464-f54a-40d1-9f81-f1c19654fd05 for containerID 2. Datanode delete txnID: 0, SCM txnID: 2
2019-09-12 09:27:02,319 [EventQueue-PendingDeleteStatusForPendingDeleteHandler] INFO  block.SCMBlockDeletingService (SCMBlockDeletingService.java:handlePendingDeletes(115)) - Block deletion txnID mismatch in datanode b50d6464-f54a-40d1-9f81-f1c19654fd05 for containerID 3. Datanode delete txnID: 0, SCM txnID: 3
2019-09-12 09:27:02,320 [pool-7-thread-4] INFO  commands.RetriableDatanodeEventWatcher (RetriableDatanodeEventWatcher.java:onTimeout(47)) - RetriableDatanodeCommand type=deleteBlocksCommand with id=1568280408408 timed out. Retrying.
2019-09-12 09:27:02,332 [pool-7-thread-4] INFO  commands.RetriableDatanodeEventWatcher (RetriableDatanodeEventWatcher.java:onTimeout(47)) - RetriableDatanodeCommand type=deleteBlocksCommand with id=1568280408320 timed out. Retrying.
2019-09-12 09:27:02,336 [pool-7-thread-4] INFO  commands.RetriableDatanodeEventWatcher (RetriableDatanodeEventWatcher.java:onTimeout(47)) - RetriableDatanodeCommand type=deleteBlocksCommand with id=1568280408418 timed out. Retrying.
2019-09-12 09:27:02,349 [pool-7-thread-4] INFO  commands.RetriableDatanodeEventWatcher (RetriableDatanodeEventWatcher.java:onTimeout(47)) - RetriableDatanodeCommand type=deleteBlocksCommand with id=1568280408330 timed out. Retrying.
2019-09-12 09:27:02,353 [pool-7-thread-4] INFO  commands.RetriableDatanodeEventWatcher (RetriableDatanodeEventWatcher.java:onTimeout(47)) - RetriableDatanodeCommand type=deleteBlocksCommand with id=1568280408428 timed out. Retrying.
2019-09-12 09:27:02,363 [pool-7-thread-4] INFO  commands.RetriableDatanodeEventWatcher (RetriableDatanodeEventWatcher.java:onTimeout(47)) - RetriableDatanodeCommand type=deleteBlocksCommand with id=1568280408340 timed out. Retrying.
2019-09-12 09:27:02,369 [pool-7-thread-4] INFO  commands.RetriableDatanodeEventWatcher (RetriableDatanodeEventWatcher.java:onTimeout(47)) - RetriableDatanodeCommand type=deleteBlocksCommand with id=1568280408437 timed out. Retrying.
2019-09-12 09:27:02,377 [pool-7-thread-4] INFO  commands.RetriableDatanodeEventWatcher (RetriableDatanodeEventWatcher.java:onTimeout(47)) - RetriableDatanodeCommand type=deleteBlocksCommand with id=1568280408379 timed out. Retrying.
2019-09-12 09:27:02,377 [pool-7-thread-1] INFO  commands.RetriableDatanodeEventWatcher (RetriableDatanodeEventWatcher.java:onTimeout(47)) - RetriableDatanodeCommand type=deleteBlocksCommand with id=1568280408350 timed out. Retrying.
2019-09-12 09:27:02,394 [pool-7-thread-4] INFO  commands.RetriableDatanodeEventWatcher (RetriableDatanodeEventWatcher.java:onTimeout(47)) - RetriableDatanodeCommand type=deleteBlocksCommand with id=1568280408389 timed out. Retrying.
2019-09-12 09:27:02,394 [pool-7-thread-1] INFO  commands.RetriableDatanodeEventWatcher (RetriableDatanodeEventWatcher.java:onTimeout(47)) - RetriableDatanodeCommand type=deleteBlocksCommand with id=1568280408360 timed out. Retrying.
2019-09-12 09:27:02,395 [SCMBlockDeletingService#1] DEBUG block.SCMBlockDeletingService (SCMBlockDeletingService.java:call(138)) - Running DeletedBlockTransactionScanner
2019-09-12 09:27:02,395 [SCMBlockDeletingService#1] DEBUG block.SCMBlockDeletingService (SCMBlockDeletingService.java:call(155)) - Scanned deleted blocks log and got 3 delTX to process.
2019-09-12 09:27:02,395 [SCMBlockDeletingService#1] DEBUG block.SCMBlockDeletingService (SCMBlockDeletingService.java:call(171)) - Added delete block command for datanode b50d6464-f54a-40d1-9f81-f1c19654fd05 in the queue, number of delete block transactions: 3, TxID list: 1,2,3
2019-09-12 09:27:02,396 [SCMBlockDeletingService#1] INFO  block.SCMBlockDeletingService (SCMBlockDeletingService.java:call(182)) - Totally added 3 delete blocks command for 1 datanodes, task elapsed time: 0ms
2019-09-12 09:27:02,406 [pool-7-thread-1] INFO  commands.RetriableDatanodeEventWatcher (RetriableDatanodeEventWatcher.java:onTimeout(47)) - RetriableDatanodeCommand type=deleteBlocksCommand with id=1568280408370 timed out. Retrying.
2019-09-12 09:27:02,407 [pool-7-thread-1] INFO  commands.RetriableDatanodeEventWatcher (RetriableDatanodeEventWatcher.java:onTimeout(47)) - RetriableDatanodeCommand type=deleteBlocksCommand with id=1568280408399 timed out. Retrying.
2019-09-12 09:27:02,423 [pool-7-thread-1] INFO  commands.RetriableDatanodeEventWatcher (RetriableDatanodeEventWatcher.java:onTimeout(47)) - RetriableDatanodeCommand type=deleteBlocksCommand with id=1568280408311 timed out. Retrying.
2019-09-12 09:27:02,423 [pool-7-thread-4] INFO  commands.RetriableDatanodeEventWatcher (RetriableDatanodeEventWatcher.java:onTimeout(47)) - RetriableDatanodeCommand type=deleteBlocksCommand with id=1568280408409 timed out. Retrying.
2019-09-12 09:27:02,435 [pool-7-thread-4] INFO  commands.RetriableDatanodeEventWatcher (RetriableDatanodeEventWatcher.java:onTimeout(47)) - RetriableDatanodeCommand type=deleteBlocksCommand with id=1568280408321 timed out. Retrying.
2019-09-12 09:27:02,437 [pool-7-thread-4] INFO  commands.RetriableDatanodeEventWatcher (RetriableDatanodeEventWatcher.java:onTimeout(47)) - RetriableDatanodeCommand type=deleteBlocksCommand with id=1568280408419 timed out. Retrying.
2019-09-12 09:27:02,483 [pool-7-thread-1] INFO  commands.RetriableDatanodeEventWatcher (RetriableDatanodeEventWatcher.java:onTimeout(47)) - RetriableDatanodeCommand type=deleteBlocksCommand with id=1568280408341 timed out. Retrying.
2019-09-12 09:27:02,483 [pool-7-thread-4] INFO  commands.RetriableDatanodeEventWatcher (RetriableDatanodeEventWatcher.java:onTimeout(47)) - RetriableDatanodeCommand type=deleteBlocksCommand with id=1568280408380 timed out. Retrying.
2019-09-12 09:27:02,485 [pool-7-thread-4] INFO  commands.RetriableDatanodeEventWatcher (RetriableDatanodeEventWatcher.java:onTimeout(47)) - RetriableDatanodeCommand type=deleteBlocksCommand with id=1568280408331 timed out. Retrying.
2019-09-12 09:27:02,485 [pool-7-thread-1] INFO  commands.RetriableDatanodeEventWatcher (RetriableDatanodeEventWatcher.java:onTimeout(47)) - RetriableDatanodeCommand type=deleteBlocksCommand with id=1568280408351 timed out. Retrying.
2019-09-12 09:27:02,485 [pool-7-thread-5] INFO  commands.RetriableDatanodeEventWatcher (RetriableDatanodeEventWatcher.java:onTimeout(47)) - RetriableDatanodeCommand type=deleteBlocksCommand with id=1568280408429 timed out. Retrying.
2019-09-12 09:27:02,486 [pool-7-thread-3] INFO  commands.RetriableDatanodeEventWatcher (RetriableDatanodeEventWatcher.java:onTimeout(47)) - RetriableDatanodeCommand type=deleteBlocksCommand with id=1568280408438 timed out. Retrying.
2019-09-12 09:27:02,496 [SCMBlockDeletingService#1] DEBUG block.SCMBlockDeletingService (SCMBlockDeletingService.java:call(138)) - Running DeletedBlockTransactionScanner
2019-09-12 09:27:02,496 [SCMBlockDeletingService#1] DEBUG block.SCMBlockDeletingService (SCMBlockDeletingService.java:call(155)) - Scanned deleted blocks log and got 3 delTX to process.
2019-09-12 09:27:02,497 [SCMBlockDeletingService#1] DEBUG block.SCMBlockDeletingService (SCMBlockDeletingService.java:call(171)) - Added delete block command for datanode b50d6464-f54a-40d1-9f81-f1c19654fd05 in the queue, number of delete block transactions: 3, TxID list: 1,2,3
2019-09-12 09:27:02,497 [SCMBlockDeletingService#1] INFO  block.SCMBlockDeletingService (RetriableDatanodeEventWatcher.java:onTimeout(47)) - RetriableDatanodeCommand type=deleteBlocksCommand with id=1568280408361 timed out. Retrying.
SCMBlockDeletingService.java:call(182)) - Totally added 3 delete blocks command for 1 datanodes, task elapsed time: 0ms
2019-09-12 09:27:02,497 [pool-7-thread-3] INFO  commands.RetriableDatanodeEventWatcher (RetriableDatanodeEventWatcher.java:onTimeout(47)) - RetriableDatanodeCommand type=deleteBlocksCommand with id=1568280408361 timed out. Retrying.
2019-09-12 09:27:02,497 [pool-7-thread-5] INFO  commands.RetriableDatanodeEventWatcher (RetriableDatanodeEventWatcher.java:onTimeout(47)) - RetriableDatanodeCommand type=deleteBlocksCommand with id=1568280408390 timed out. Retrying.
2019-09-12 09:27:02,505 [pool-7-thread-5] INFO  commands.RetriableDatanodeEventWatcher (RetriableDatanodeEventWatcher.java:onTimeout(47)) - RetriableDatanodeCommand type=deleteBlocksCommand with id=1568280408371 timed out. Retrying.
2019-09-12 09:27:02,509 [pool-7-thread-5] INFO  commands.RetriableDatanodeEventWatcher (RetriableDatanodeEventWatcher.java:onTimeout(47)) - RetriableDatanodeCommand type=deleteBlocksCommand with id=1568280408400 timed out. Retrying.
2019-09-12 09:27:02,524 [pool-7-thread-5] INFO  commands.RetriableDatanodeEventWatcher (RetriableDatanodeEventWatcher.java:onTimeout(47)) - RetriableDatanodeCommand type=deleteBlocksCommand with id=1568280408312 timed out. Retrying.
2019-09-12 09:27:02,524 [pool-7-thread-3] INFO  commands.RetriableDatanodeEventWatcher (RetriableDatanodeEventWatcher.java:onTimeout(47)) - RetriableDatanodeCommand type=deleteBlocksCommand with id=1568280408410 timed out. Retrying.
2019-09-12 09:27:02,526 [EventQueue-DeleteBlockStatusForDeletedBlockLogImpl] DEBUG block.DeletedBlockLogImpl (DeletedBlockLogImpl.java:isTransactionFailed(245)) - Got block deletion ACK from datanode, TXIDs=1, success=true
2019-09-12 09:27:02,528 [EventQueue-DeleteBlockStatusForDeletedBlockLogImpl] DEBUG block.DeletedBlockLogImpl (DeletedBlockLogImpl.java:commitTransactions(227)) - Purging txId=1 from block deletion log
2019-09-12 09:27:02,528 [EventQueue-DeleteBlockStatusForDeletedBlockLogImpl] DEBUG block.DeletedBlockLogImpl (DeletedBlockLogImpl.java:commitTransactions(231)) - Datanode txId=1 containerId=#1 committed by dnId=b50d6464-f54a-40d1-9f81-f1c19654fd05
2019-09-12 09:27:02,528 [EventQueue-DeleteBlockStatusForDeletedBlockLogImpl] DEBUG block.DeletedBlockLogImpl (DeletedBlockLogImpl.java:isTransactionFailed(245)) - Got block deletion ACK from datanode, TXIDs=2, success=true
2019-09-12 09:27:02,528 [EventQueue-DeleteBlockStatusForDeletedBlockLogImpl] DEBUG block.DeletedBlockLogImpl (DeletedBlockLogImpl.java:commitTransactions(227)) - Purging txId=2 from block deletion log
2019-09-12 09:27:02,528 [EventQueue-DeleteBlockStatusForDeletedBlockLogImpl] DEBUG block.DeletedBlockLogImpl (DeletedBlockLogImpl.java:commitTransactions(231)) - Datanode txId=2 containerId=#2 committed by dnId=b50d6464-f54a-40d1-9f81-f1c19654fd05
2019-09-12 09:27:02,529 [EventQueue-DeleteBlockStatusForDeletedBlockLogImpl] DEBUG block.DeletedBlockLogImpl (DeletedBlockLogImpl.java:isTransactionFailed(245)) - Got block deletion ACK from datanode, TXIDs=3, success=true
2019-09-12 09:27:02,529 [EventQueue-DeleteBlockStatusForDeletedBlockLogImpl] DEBUG block.DeletedBlockLogImpl (DeletedBlockLogImpl.java:commitTransactions(227)) - Purging txId=3 from block deletion log
2019-09-12 09:27:02,529 [EventQueue-DeleteBlockStatusForDeletedBlockLogImpl] DEBUG block.DeletedBlockLogImpl (DeletedBlockLogImpl.java:commitTransactions(231)) - Datanode txId=3 containerId=#3 committed by dnId=b50d6464-f54a-40d1-9f81-f1c19654fd05
2019-09-12 09:27:02,529 [EventQueue-DeleteBlockStatusForDeletedBlockLogImpl] DEBUG block.DeletedBlockLogImpl (DeletedBlockLogImpl.java:isTransactionFailed(245)) - Got block deletion ACK from datanode, TXIDs=1, success=true
2019-09-12 09:27:02,529 [EventQueue-DeleteBlockStatusForDeletedBlockLogImpl] WARN  block.DeletedBlockLogImpl (DeletedBlockLogImpl.java:commitTransactions(205)) - Transaction txId=1 commit by dnId=b50d6464-f54a-40d1-9f81-f1c19654fd05 for containerID=#1 failed. Corresponding entry not found.
2019-09-12 09:27:02,529 [IPC Server handler 19 on 36783] WARN  block.DeletedBlockLogImpl (DeletedBlockLogImpl.java:incrementCount(141)) - Deleted TXID not found.
2019-09-12 09:27:02,530 [IPC Server handler 19 on 36783] WARN  block.DeletedBlockLogImpl (DeletedBlockLogImpl.java:incrementCount(141)) - Deleted TXID not found.
2019-09-12 09:27:02,530 [IPC Server handler 19 on 36783] WARN  block.DeletedBlockLogImpl (DeletedBlockLogImpl.java:incrementCount(141)) - Deleted TXID not found.
2019-09-12 09:27:02,530 [EventQueue-DeleteBlockStatusForDeletedBlockLogImpl] DEBUG block.DeletedBlockLogImpl (DeletedBlockLogImpl.java:isTransactionFailed(245)) - Got block deletion ACK from datanode, TXIDs=1, success=true
2019-09-12 09:27:02,530 [EventQueue-DeleteBlockStatusForDeletedBlockLogImpl] WARN  block.DeletedBlockLogImpl (DeletedBlockLogImpl.java:commitTransactions(205)) - Transaction txId=1 commit by dnId=b50d6464-f54a-40d1-9f81-f1c19654fd05 for containerID=#1 failed. Corresponding entry not found.
2019-09-12 09:27:02,530 [EventQueue-DeleteBlockStatusForDeletedBlockLogImpl] DEBUG block.DeletedBlockLogImpl (DeletedBlockLogImpl.java:isTransactionFailed(245)) - Got block deletion ACK from datanode, TXIDs=1, success=true
2019-09-12 09:27:02,530 [EventQueue-DeleteBlockStatusForDeletedBlockLogImpl] WARN  block.DeletedBlockLogImpl (DeletedBlockLogImpl.java:commitTransactions(205)) - Transaction txId=1 commit by dnId=b50d6464-f54a-40d1-9f81-f1c19654fd05 for containerID=#1 failed. Corresponding entry not found.
2019-09-12 09:27:02,530 [EventQueue-DeleteBlockStatusForDeletedBlockLogImpl] DEBUG block.DeletedBlockLogImpl (DeletedBlockLogImpl.java:isTransactionFailed(245)) - Got block deletion ACK from datanode, TXIDs=1, success=true
2019-09-12 09:27:02,530 [EventQueue-DeleteBlockStatusForDeletedBlockLogImpl] WARN  block.DeletedBlockLogImpl (DeletedBlockLogImpl.java:commitTransactions(205)) - Transaction txId=1 commit by dnId=b50d6464-f54a-40d1-9f81-f1c19654fd05 for containerID=#1 failed. Corresponding entry not found.
2019-09-12 09:27:02,531 [EventQueue-DeleteBlockStatusForDeletedBlockLogImpl] DEBUG block.DeletedBlockLogImpl (DeletedBlockLogImpl.java:isTransactionFailed(245)) - Got block deletion ACK from datanode, TXIDs=1, success=true
2019-09-12 09:27:02,531 [EventQueue-DeleteBlockStatusForDeletedBlockLogImpl] WARN  block.DeletedBlockLogImpl (DeletedBlockLogImpl.java:commitTransactions(205)) - Transaction txId=1 commit by dnId=b50d6464-f54a-40d1-9f81-f1c19654fd05 for containerID=#1 failed. Corresponding entry not found.
2019-09-12 09:27:02,531 [EventQueue-DeleteBlockStatusForDeletedBlockLogImpl] DEBUG block.DeletedBlockLogImpl (DeletedBlockLogImpl.java:isTransactionFailed(245)) - Got block deletion ACK from datanode, TXIDs=1, success=true
2019-09-12 09:27:02,531 [EventQueue-DeleteBlockStatusForDeletedBlockLogImpl] WARN  block.DeletedBlockLogImpl (DeletedBlockLogImpl.java:commitTransactions(205)) - Transaction txId=1 commit by dnId=b50d6464-f54a-40d1-9f81-f1c19654fd05 for containerID=#1 failed. Corresponding entry not found.
2019-09-12 09:27:02,531 [EventQueue-DeleteBlockStatusForDeletedBlockLogImpl] DEBUG block.DeletedBlockLogImpl (DeletedBlockLogImpl.java:isTransactionFailed(245)) - Got block deletion ACK from datanode, TXIDs=1, success=true
2019-09-12 09:27:02,531 [EventQueue-DeleteBlockStatusForDeletedBlockLogImpl] WARN  block.DeletedBlockLogImpl (DeletedBlockLogImpl.java:commitTransactions(205)) - Transaction txId=1 commit by dnId=b50d6464-f54a-40d1-9f81-f1c19654fd05 for containerID=#1 failed. Corresponding entry not found.
2019-09-12 09:27:02,531 [EventQueue-DeleteBlockStatusForDeletedBlockLogImpl] DEBUG block.DeletedBlockLogImpl (DeletedBlockLogImpl.java:isTransactionFailed(245)) - Got block deletion ACK from datanode, TXIDs=1, success=true
2019-09-12 09:27:02,531 [EventQueue-DeleteBlockStatusForDeletedBlockLogImpl] WARN  block.DeletedBlockLogImpl (DeletedBlockLogImpl.java:commitTransactions(205)) - Transaction txId=1 commit by dnId=b50d6464-f54a-40d1-9f81-f1c19654fd05 for containerID=#1 failed. Corresponding entry not found.
2019-09-12 09:27:02,531 [EventQueue-DeleteBlockStatusForDeletedBlockLogImpl] DEBUG block.DeletedBlockLogImpl (DeletedBlockLogImpl.java:isTransactionFailed(245)) - Got block deletion ACK from datanode, TXIDs=1, success=true
2019-09-12 09:27:02,532 [EventQueue-DeleteBlockStatusForDeletedBlockLogImpl] WARN  block.DeletedBlockLogImpl (DeletedBlockLogImpl.java:commitTransactions(205)) - Transaction txId=1 commit by dnId=b50d6464-f54a-40d1-9f81-f1c19654fd05 for containerID=#1 failed. Corresponding entry not found.
2019-09-12 09:27:02,532 [EventQueue-DeleteBlockStatusForDeletedBlockLogImpl] DEBUG block.DeletedBlockLogImpl (DeletedBlockLogImpl.java:isTransactionFailed(245)) - Got block deletion ACK from datanode, TXIDs=1, success=true
2019-09-12 09:27:02,532 [EventQueue-DeleteBlockStatusForDeletedBlockLogImpl] WARN  block.DeletedBlockLogImpl (DeletedBlockLogImpl.java:commitTransactions(205)) - Transaction txId=1 commit by dnId=b50d6464-f54a-40d1-9f81-f1c19654fd05 for containerID=#1 failed. Corresponding entry not found.
2019-09-12 09:27:02,532 [EventQueue-DeleteBlockStatusForDeletedBlockLogImpl] DEBUG block.DeletedBlockLogImpl (DeletedBlockLogImpl.java:isTransactionFailed(245)) - Got block deletion ACK from datanode, TXIDs=1, success=true
2019-09-12 09:27:02,532 [EventQueue-DeleteBlockStatusForDeletedBlockLogImpl] WARN  block.DeletedBlockLogImpl (DeletedBlockLogImpl.java:commitTransactions(205)) - Transaction txId=1 commit by dnId=b50d6464-f54a-40d1-9f81-f1c19654fd05 for containerID=#1 failed. Corresponding entry not found.
2019-09-12 09:27:02,532 [EventQueue-DeleteBlockStatusForDeletedBlockLogImpl] DEBUG block.DeletedBlockLogImpl (DeletedBlockLogImpl.java:isTransactionFailed(245)) - Got block deletion ACK from datanode, TXIDs=1, success=true
2019-09-12 09:27:02,532 [EventQueue-DeleteBlockStatusForDeletedBlockLogImpl] WARN  block.DeletedBlockLogImpl (DeletedBlockLogImpl.java:commitTransactions(205)) - Transaction txId=1 commit by dnId=b50d6464-f54a-40d1-9f81-f1c19654fd05 for containerID=#1 failed. Corresponding entry not found.
2019-09-12 09:27:02,532 [EventQueue-DeleteBlockStatusForDeletedBlockLogImpl] DEBUG block.DeletedBlockLogImpl (DeletedBlockLogImpl.java:isTransactionFailed(245)) - Got block deletion ACK from datanode, TXIDs=1, success=true
2019-09-12 09:27:02,532 [EventQueue-DeleteBlockStatusForDeletedBlockLogImpl] WARN  block.DeletedBlockLogImpl (DeletedBlockLogImpl.java:commitTransactions(205)) - Transaction txId=1 commit by dnId=b50d6464-f54a-40d1-9f81-f1c19654fd05 for containerID=#1 failed. Corresponding entry not found.
2019-09-12 09:27:02,533 [EventQueue-DeleteBlockStatusForDeletedBlockLogImpl] DEBUG block.DeletedBlockLogImpl (DeletedBlockLogImpl.java:isTransactionFailed(245)) - Got block deletion ACK from datanode, TXIDs=1, success=true
2019-09-12 09:27:02,533 [EventQueue-DeleteBlockStatusForDeletedBlockLogImpl] WARN  block.DeletedBlockLogImpl (DeletedBlockLogImpl.java:commitTransactions(205)) - Transaction txId=1 commit by dnId=b50d6464-f54a-40d1-9f81-f1c19654fd05 for containerID=#1 failed. Corresponding entry not found.
2019-09-12 09:27:02,533 [EventQueue-DeleteBlockStatusForDeletedBlockLogImpl] DEBUG block.DeletedBlockLogImpl (DeletedBlockLogImpl.java:isTransactionFailed(245)) - Got block deletion ACK from datanode, TXIDs=1, success=true
2019-09-12 09:27:02,533 [EventQueue-DeleteBlockStatusForDeletedBlockLogImpl] WARN  block.DeletedBlockLogImpl (DeletedBlockLogImpl.java:commitTransactions(205)) - Transaction txId=1 commit by dnId=b50d6464-f54a-40d1-9f81-f1c19654fd05 for containerID=#1 failed. Corresponding entry not found.
2019-09-12 09:27:02,533 [EventQueue-DeleteBlockStatusForDeletedBlockLogImpl] DEBUG block.DeletedBlockLogImpl (DeletedBlockLogImpl.java:isTransactionFailed(245)) - Got block deletion ACK from datanode, TXIDs=1, success=true
2019-09-12 09:27:02,533 [EventQueue-DeleteBlockStatusForDeletedBlockLogImpl] WARN  block.DeletedBlockLogImpl (DeletedBlockLogImpl.java:commitTransactions(205)) - Transaction txId=1 commit by dnId=b50d6464-f54a-40d1-9f81-f1c19654fd05 for containerID=#1 failed. Corresponding entry not found.
2019-09-12 09:27:02,533 [EventQueue-DeleteBlockStatusForDeletedBlockLogImpl] DEBUG block.DeletedBlockLogImpl (DeletedBlockLogImpl.java:isTransactionFailed(245)) - Got block deletion ACK from datanode, TXIDs=1, success=true
2019-09-12 09:27:02,533 [EventQueue-DeleteBlockStatusForDeletedBlockLogImpl] WARN  block.DeletedBlockLogImpl (DeletedBlockLogImpl.java:commitTransactions(205)) - Transaction txId=1 commit by dnId=b50d6464-f54a-40d1-9f81-f1c19654fd05 for containerID=#1 failed. Corresponding entry not found.
2019-09-12 09:27:02,533 [EventQueue-DeleteBlockStatusForDeletedBlockLogImpl] DEBUG block.DeletedBlockLogImpl (DeletedBlockLogImpl.java:isTransactionFailed(245)) - Got block deletion ACK from datanode, TXIDs=1, success=true
2019-09-12 09:27:02,534 [EventQueue-DeleteBlockStatusForDeletedBlockLogImpl] WARN  block.DeletedBlockLogImpl (DeletedBlockLogImpl.java:commitTransactions(205)) - Transaction txId=1 commit by dnId=b50d6464-f54a-40d1-9f81-f1c19654fd05 for containerID=#1 failed. Corresponding entry not found.
2019-09-12 09:27:02,534 [EventQueue-DeleteBlockStatusForDeletedBlockLogImpl] DEBUG block.DeletedBlockLogImpl (DeletedBlockLogImpl.java:isTransactionFailed(245)) - Got block deletion ACK from datanode, TXIDs=1, success=true
2019-09-12 09:27:02,534 [EventQueue-DeleteBlockStatusForDeletedBlockLogImpl] WARN  block.DeletedBlockLogImpl (DeletedBlockLogImpl.java:commitTransactions(205)) - Transaction txId=1 commit by dnId=b50d6464-f54a-40d1-9f81-f1c19654fd05 for containerID=#1 failed. Corresponding entry not found.
2019-09-12 09:27:02,534 [EventQueue-DeleteBlockStatusForDeletedBlockLogImpl] DEBUG block.DeletedBlockLogImpl (DeletedBlockLogImpl.java:isTransactionFailed(245)) - Got block deletion ACK from datanode, TXIDs=1, success=true
2019-09-12 09:27:02,534 [EventQueue-DeleteBlockStatusForDeletedBlockLogImpl] WARN  block.DeletedBlockLogImpl (DeletedBlockLogImpl.java:commitTransactions(205)) - Transaction txId=1 commit by dnId=b50d6464-f54a-40d1-9f81-f1c19654fd05 for containerID=#1 failed. Corresponding entry not found.
2019-09-12 09:27:02,534 [EventQueue-DeleteBlockStatusForDeletedBlockLogImpl] DEBUG block.DeletedBlockLogImpl (DeletedBlockLogImpl.java:isTransactionFailed(245)) - Got block deletion ACK from datanode, TXIDs=1, success=true
2019-09-12 09:27:02,534 [EventQueue-DeleteBlockStatusForDeletedBlockLogImpl] WARN  block.DeletedBlockLogImpl (DeletedBlockLogImpl.java:commitTransactions(205)) - Transaction txId=1 commit by dnId=b50d6464-f54a-40d1-9f81-f1c19654fd05 for containerID=#1 failed. Corresponding entry not found.
2019-09-12 09:27:02,534 [EventQueue-DeleteBlockStatusForDeletedBlockLogImpl] DEBUG block.DeletedBlockLogImpl (DeletedBlockLogImpl.java:isTransactionFailed(245)) - Got block deletion ACK from datanode, TXIDs=1, success=true
2019-09-12 09:27:02,534 [EventQueue-DeleteBlockStatusForDeletedBlockLogImpl] WARN  block.DeletedBlockLogImpl (DeletedBlockLogImpl.java:commitTransactions(205)) - Transaction txId=1 commit by dnId=b50d6464-f54a-40d1-9f81-f1c19654fd05 for containerID=#1 failed. Corresponding entry not found.
2019-09-12 09:27:02,535 [EventQueue-DeleteBlockStatusForDeletedBlockLogImpl] DEBUG block.DeletedBlockLogImpl (DeletedBlockLogImpl.java:isTransactionFailed(245)) - Got block deletion ACK from datanode, TXIDs=1, success=true
2019-09-12 09:27:02,535 [EventQueue-DeleteBlockStatusForDeletedBlockLogImpl] WARN  block.DeletedBlockLogImpl (DeletedBlockLogImpl.java:commitTransactions(205)) - Transaction txId=1 commit by dnId=b50d6464-f54a-40d1-9f81-f1c19654fd05 for containerID=#1 failed. Corresponding entry not found.
2019-09-12 09:27:02,535 [EventQueue-DeleteBlockStatusForDeletedBlockLogImpl] DEBUG block.DeletedBlockLogImpl (DeletedBlockLogImpl.java:isTransactionFailed(245)) - Got block deletion ACK from datanode, TXIDs=1, success=true
2019-09-12 09:27:02,535 [EventQueue-DeleteBlockStatusForDeletedBlockLogImpl] WARN  block.DeletedBlockLogImpl (DeletedBlockLogImpl.java:commitTransactions(205)) - Transaction txId=1 commit by dnId=b50d6464-f54a-40d1-9f81-f1c19654fd05 for containerID=#1 failed. Corresponding entry not found.
2019-09-12 09:27:02,535 [EventQueue-DeleteBlockStatusForDeletedBlockLogImpl] DEBUG block.DeletedBlockLogImpl (DeletedBlockLogImpl.java:isTransactionFailed(245)) - Got block deletion ACK from datanode, TXIDs=1, success=true
2019-09-12 09:27:02,535 [EventQueue-DeleteBlockStatusForDeletedBlockLogImpl] WARN  block.DeletedBlockLogImpl (DeletedBlockLogImpl.java:commitTransactions(205)) - Transaction txId=1 commit by dnId=b50d6464-f54a-40d1-9f81-f1c19654fd05 for containerID=#1 failed. Corresponding entry not found.
2019-09-12 09:27:02,535 [EventQueue-DeleteBlockStatusForDeletedBlockLogImpl] DEBUG block.DeletedBlockLogImpl (DeletedBlockLogImpl.java:isTransactionFailed(245)) - Got block deletion ACK from datanode, TXIDs=1, success=true
2019-09-12 09:27:02,535 [EventQueue-DeleteBlockStatusForDeletedBlockLogImpl] WARN  block.DeletedBlockLogImpl (DeletedBlockLogImpl.java:commitTransactions(205)) - Transaction txId=1 commit by dnId=b50d6464-f54a-40d1-9f81-f1c19654fd05 for containerID=#1 failed. Corresponding entry not found.
2019-09-12 09:27:02,535 [EventQueue-DeleteBlockStatusForDeletedBlockLogImpl] DEBUG block.DeletedBlockLogImpl (DeletedBlockLogImpl.java:isTransactionFailed(245)) - Got block deletion ACK from datanode, TXIDs=1, success=true
2019-09-12 09:27:02,535 [EventQueue-DeleteBlockStatusForDeletedBlockLogImpl] WARN  block.DeletedBlockLogImpl (DeletedBlockLogImpl.java:commitTransactions(205)) - Transaction txId=1 commit by dnId=b50d6464-f54a-40d1-9f81-f1c19654fd05 for containerID=#1 failed. Corresponding entry not found.
2019-09-12 09:27:02,536 [EventQueue-DeleteBlockStatusForDeletedBlockLogImpl] DEBUG block.DeletedBlockLogImpl (DeletedBlockLogImpl.java:isTransactionFailed(245)) - Got block deletion ACK from datanode, TXIDs=1, success=true
2019-09-12 09:27:02,536 [EventQueue-DeleteBlockStatusForDeletedBlockLogImpl] WARN  block.DeletedBlockLogImpl (DeletedBlockLogImpl.java:commitTransactions(205)) - Transaction txId=1 commit by dnId=b50d6464-f54a-40d1-9f81-f1c19654fd05 for containerID=#1 failed. Corresponding entry not found.
2019-09-12 09:27:02,536 [EventQueue-DeleteBlockStatusForDeletedBlockLogImpl] DEBUG block.DeletedBlockLogImpl (DeletedBlockLogImpl.java:isTransactionFailed(245)) - Got block deletion ACK from datanode, TXIDs=1, success=true
2019-09-12 09:27:02,536 [EventQueue-DeleteBlockStatusForDeletedBlockLogImpl] WARN  block.DeletedBlockLogImpl (DeletedBlockLogImpl.java:commitTransactions(205)) - Transaction txId=1 commit by dnId=b50d6464-f54a-40d1-9f81-f1c19654fd05 for containerID=#1 failed. Corresponding entry not found.
2019-09-12 09:27:02,536 [EventQueue-DeleteBlockStatusForDeletedBlockLogImpl] DEBUG block.DeletedBlockLogImpl (DeletedBlockLogImpl.java:isTransactionFailed(245)) - Got block deletion ACK from datanode, TXIDs=1, success=true
2019-09-12 09:27:02,536 [EventQueue-DeleteBlockStatusForDeletedBlockLogImpl] WARN  block.DeletedBlockLogImpl (DeletedBlockLogImpl.java:commitTransactions(205)) - Transaction txId=1 commit by dnId=b50d6464-f54a-40d1-9f81-f1c19654fd05 for containerID=#1 failed. Corresponding entry not found.
2019-09-12 09:27:02,536 [EventQueue-DeleteBlockStatusForDeletedBlockLogImpl] DEBUG block.DeletedBlockLogImpl (DeletedBlockLogImpl.java:isTransactionFailed(245)) - Got block deletion ACK from datanode, TXIDs=1, success=true
2019-09-12 09:27:02,536 [EventQueue-DeleteBlockStatusForDeletedBlockLogImpl] WARN  block.DeletedBlockLogImpl (DeletedBlockLogImpl.java:commitTransactions(205)) - Transaction txId=1 commit by dnId=b50d6464-f54a-40d1-9f81-f1c19654fd05 for containerID=#1 failed. Corresponding entry not found.
2019-09-12 09:27:02,536 [EventQueue-DeleteBlockStatusForDeletedBlockLogImpl] DEBUG block.DeletedBlockLogImpl (DeletedBlockLogImpl.java:isTransactionFailed(245)) - Got block deletion ACK from datanode, TXIDs=1, success=true
2019-09-12 09:27:02,537 [EventQueue-DeleteBlockStatusForDeletedBlockLogImpl] WARN  block.DeletedBlockLogImpl (DeletedBlockLogImpl.java:commitTransactions(205)) - Transaction txId=1 commit by dnId=b50d6464-f54a-40d1-9f81-f1c19654fd05 for containerID=#1 failed. Corresponding entry not found.
2019-09-12 09:27:02,537 [EventQueue-DeleteBlockStatusForDeletedBlockLogImpl] DEBUG block.DeletedBlockLogImpl (DeletedBlockLogImpl.java:isTransactionFailed(245)) - Got block deletion ACK from datanode, TXIDs=1, success=true
2019-09-12 09:27:02,537 [EventQueue-DeleteBlockStatusForDeletedBlockLogImpl] WARN  block.DeletedBlockLogImpl (DeletedBlockLogImpl.java:commitTransactions(205)) - Transaction txId=1 commit by dnId=b50d6464-f54a-40d1-9f81-f1c19654fd05 for containerID=#1 failed. Corresponding entry not found.
2019-09-12 09:27:02,537 [EventQueue-DeleteBlockStatusForDeletedBlockLogImpl] DEBUG block.DeletedBlockLogImpl (DeletedBlockLogImpl.java:isTransactionFailed(245)) - Got block deletion ACK from datanode, TXIDs=1, success=true
2019-09-12 09:27:02,537 [EventQueue-DeleteBlockStatusForDeletedBlockLogImpl] WARN  block.DeletedBlockLogImpl (DeletedBlockLogImpl.java:commitTransactions(205)) - Transaction txId=1 commit by dnId=b50d6464-f54a-40d1-9f81-f1c19654fd05 for containerID=#1 failed. Corresponding entry not found.
2019-09-12 09:27:02,537 [EventQueue-DeleteBlockStatusForDeletedBlockLogImpl] DEBUG block.DeletedBlockLogImpl (DeletedBlockLogImpl.java:isTransactionFailed(245)) - Got block deletion ACK from datanode, TXIDs=1, success=true
2019-09-12 09:27:02,537 [EventQueue-DeleteBlockStatusForDeletedBlockLogImpl] WARN  block.DeletedBlockLogImpl (DeletedBlockLogImpl.java:commitTransactions(205)) - Transaction txId=1 commit by dnId=b50d6464-f54a-40d1-9f81-f1c19654fd05 for containerID=#1 failed. Corresponding entry not found.
2019-09-12 09:27:02,537 [EventQueue-DeleteBlockStatusForDeletedBlockLogImpl] DEBUG block.DeletedBlockLogImpl (DeletedBlockLogImpl.java:isTransactionFailed(245)) - Got block deletion ACK from datanode, TXIDs=1, success=true
2019-09-12 09:27:02,537 [EventQueue-DeleteBlockStatusForDeletedBlockLogImpl] WARN  block.DeletedBlockLogImpl (RetriableDatanodeEventWatcher.javaDeletedBlockLogImpl.java:commitTransactions(205)) - Transaction txId=1 commit by dnId=b50d6464-f54a-40d1-9f81-f1c19654fd05 for containerID=#1 failed. Corresponding entry not found.
2019-09-12 09:27:02,537 [pool-7-thread-5] INFO  commands.RetriableDatanodeEventWatcher (RetriableDatanodeEventWatcher.java:onTimeout(47)) - RetriableDatanodeCommand type=deleteBlocksCommand with id=1568280408420 timed out. Retrying.
2019-09-12 09:27:02,538 [pool-7-thread-3] INFO  commands.RetriableDatanodeEventWatcher (DeletedBlockLogImpl.java:isTransactionFailed(245)) - Got block deletion ACK from datanode, TXIDs=1, success=true
2019-09-12 09:27:02,538 [EventQueue-DeleteBlockStatusForDeletedBlockLogImpl] WARN  block.DeletedBlockLogImpl (RetriableDatanodeEventWatcher.java:onTimeout(47)) - RetriableDatanodeCommand type=deleteBlocksCommand with id=1568280408322 timed out. Retrying.
DeletedBlockLogImpl.java:commitTransactions(205)) - Transaction txId=1 commit by dnId=b50d6464-f54a-40d1-9f81-f1c19654fd05 for containerID=#1 failed. Corresponding entry not found.
2019-09-12 09:27:02,538 [pool-7-thread-3] INFO  commands.RetriableDatanodeEventWatcher (RetriableDatanodeEventWatcher.java:onTimeout(47)) - RetriableDatanodeCommand type=deleteBlocksCommand with id=1568280408322 timed out. Retrying.
2019-09-12 09:27:02,538 [IPC Server handler 19 on 36783] WARN  block.DeletedBlockLogImpl (DeletedBlockLogImpl.java:incrementCount(141)) - Deleted TXID not found.
2019-09-12 09:27:02,538 [IPC Server handler 19 on 36783] WARN  block.DeletedBlockLogImpl (DeletedBlockLogImpl.java:incrementCount(141)) - Deleted TXID not found.
2019-09-12 09:27:02,538 [IPC Server handler 19 on 36783] WARN  block.DeletedBlockLogImpl (DeletedBlockLogImpl.java:incrementCount(141)) - Deleted TXID not found.
2019-09-12 09:27:02,538 [IPC Server handler 19 on 36783] WARN  block.DeletedBlockLogImpl (DeletedBlockLogImpl.java:incrementCount(141)) - Deleted TXID not found.
2019-09-12 09:27:02,538 [IPC Server handler 19 on 36783] WARN  block.DeletedBlockLogImpl (DeletedBlockLogImpl.java:incrementCount(141)) - Deleted TXID not found.
2019-09-12 09:27:02,538 [IPC Server handler 19 on 36783] WARN  block.DeletedBlockLogImpl (DeletedBlockLogImpl.java:incrementCount(141)) - Deleted TXID not found.
2019-09-12 09:27:02,539 [IPC Server handler 19 on 36783] WARN  block.DeletedBlockLogImpl (DeletedBlockLogImpl.java:incrementCount(141)) - Deleted TXID not found.
2019-09-12 09:27:02,539 [IPC Server handler 19 on 36783] WARN  block.DeletedBlockLogImpl (DeletedBlockLogImpl.java:incrementCount(141)) - Deleted TXID not found.
2019-09-12 09:27:02,539 [IPC Server handler 19 on 36783] WARN  block.DeletedBlockLogImpl (DeletedBlockLogImpl.java:incrementCount(141)) - Deleted TXID not found.
2019-09-12 09:27:02,539 [IPC Server handler 19 on 36783] WARN  block.DeletedBlockLogImpl (DeletedBlockLogImpl.java:incrementCount(141)) - Deleted TXID not found.
2019-09-12 09:27:02,539 [IPC Server handler 19 on 36783] WARN  block.DeletedBlockLogImpl (DeletedBlockLogImpl.java:incrementCount(141)) - Deleted TXID not found.
2019-09-12 09:27:02,539 [IPC Server handler 19 on 36783] WARN  block.DeletedBlockLogImpl (DeletedBlockLogImpl.java:incrementCount(141)) - Deleted TXID not found.
2019-09-12 09:27:02,539 [IPC Server handler 19 on 36783] WARN  block.DeletedBlockLogImpl (DeletedBlockLogImpl.java:incrementCount(141)) - Deleted TXID not found.
2019-09-12 09:27:02,539 [IPC Server handler 19 on 36783] WARN  block.DeletedBlockLogImpl (DeletedBlockLogImpl.java:incrementCount(141)) - Deleted TXID not found.
2019-09-12 09:27:02,540 [IPC Server handler 19 on 36783] WARN  block.DeletedBlockLogImpl (DeletedBlockLogImpl.java:incrementCount(141)) - Deleted TXID not found.
2019-09-12 09:27:02,540 [IPC Server handler 19 on 36783] WARN  block.DeletedBlockLogImpl (DeletedBlockLogImpl.java:incrementCount(141)) - Deleted TXID not found.
2019-09-12 09:27:02,540 [IPC Server handler 19 on 36783] WARN  block.DeletedBlockLogImpl (DeletedBlockLogImpl.java:incrementCount(141)) - Deleted TXID not found.
2019-09-12 09:27:02,540 [IPC Server handler 19 on 36783] WARN  block.DeletedBlockLogImpl (DeletedBlockLogImpl.java:incrementCount(141)) - Deleted TXID not found.
2019-09-12 09:27:02,540 [IPC Server handler 19 on 36783] WARN  block.DeletedBlockLogImpl (DeletedBlockLogImpl.java:incrementCount(141)) - Deleted TXID not found.
2019-09-12 09:27:02,540 [IPC Server handler 19 on 36783] WARN  block.DeletedBlockLogImpl (DeletedBlockLogImpl.java:incrementCount(141)) - Deleted TXID not found.
2019-09-12 09:27:02,540 [IPC Server handler 19 on 36783] WARN  block.DeletedBlockLogImpl (DeletedBlockLogImpl.java:incrementCount(141)) - Deleted TXID not found.
2019-09-12 09:27:02,540 [IPC Server handler 19 on 36783] WARN  block.DeletedBlockLogImpl (DeletedBlockLogImpl.java:incrementCount(141)) - Deleted TXID not found.
2019-09-12 09:27:02,541 [IPC Server handler 19 on 36783] WARN  block.DeletedBlockLogImpl (DeletedBlockLogImpl.java:incrementCount(141)) - Deleted TXID not found.
2019-09-12 09:27:02,541 [IPC Server handler 19 on 36783] WARN  block.DeletedBlockLogImpl (DeletedBlockLogImpl.java:incrementCount(141)) - Deleted TXID not found.
2019-09-12 09:27:02,541 [IPC Server handler 19 on 36783] WARN  block.DeletedBlockLogImpl (DeletedBlockLogImpl.java:incrementCount(141)) - Deleted TXID not found.
2019-09-12 09:27:02,541 [IPC Server handler 19 on 36783] WARN  block.DeletedBlockLogImpl (DeletedBlockLogImpl.java:incrementCount(141)) - Deleted TXID not found.
2019-09-12 09:27:02,541 [IPC Server handler 19 on 36783] WARN  block.DeletedBlockLogImpl (DeletedBlockLogImpl.java:incrementCount(141)) - Deleted TXID not found.
2019-09-12 09:27:02,541 [IPC Server handler 19 on 36783] WARN  block.DeletedBlockLogImpl (DeletedBlockLogImpl.java:incrementCount(141)) - Deleted TXID not found.
2019-09-12 09:27:02,541 [IPC Server handler 19 on 36783] WARN  block.DeletedBlockLogImpl (DeletedBlockLogImpl.java:incrementCount(141)) - Deleted TXID not found.
2019-09-12 09:27:02,541 [IPC Server handler 19 on 36783] WARN  block.DeletedBlockLogImpl (DeletedBlockLogImpl.java:incrementCount(141)) - Deleted TXID not found.
2019-09-12 09:27:02,541 [IPC Server handler 19 on 36783] WARN  block.DeletedBlockLogImpl (DeletedBlockLogImpl.java:incrementCount(141)) - Deleted TXID not found.
2019-09-12 09:27:02,542 [IPC Server handler 19 on 36783] WARN  block.DeletedBlockLogImpl (DeletedBlockLogImpl.java:incrementCount(141)) - Deleted TXID not found.
2019-09-12 09:27:02,542 [IPC Server handler 19 on 36783] WARN  block.DeletedBlockLogImpl (DeletedBlockLogImpl.java:incrementCount(141)) - Deleted TXID not found.
2019-09-12 09:27:02,542 [IPC Server handler 19 on 36783] WARN  block.DeletedBlockLogImpl (DeletedBlockLogImpl.java:incrementCount(141)) - Deleted TXID not found.
2019-09-12 09:27:02,542 [IPC Server handler 19 on 36783] WARN  block.DeletedBlockLogImpl (DeletedBlockLogImpl.java:incrementCount(141)) - Deleted TXID not found.
2019-09-12 09:27:02,542 [IPC Server handler 19 on 36783] WARN  block.DeletedBlockLogImpl (DeletedBlockLogImpl.java:incrementCount(141)) - Deleted TXID not found.
2019-09-12 09:27:02,542 [IPC Server handler 19 on 36783] WARN  block.DeletedBlockLogImpl (DeletedBlockLogImpl.java:incrementCount(141)) - Deleted TXID not found.
2019-09-12 09:27:02,542 [IPC Server handler 19 on 36783] WARN  block.DeletedBlockLogImpl (DeletedBlockLogImpl.java:incrementCount(141)) - Deleted TXID not found.
2019-09-12 09:27:02,542 [IPC Server handler 19 on 36783] WARN  block.DeletedBlockLogImpl (DeletedBlockLogImpl.java:incrementCount(141)) - Deleted TXID not found.
2019-09-12 09:27:02,543 [IPC Server handler 19 on 36783] WARN  block.DeletedBlockLogImpl (DeletedBlockLogImpl.java:incrementCount(141)) - Deleted TXID not found.
2019-09-12 09:27:02,543 [IPC Server handler 19 on 36783] WARN  block.DeletedBlockLogImpl (DeletedBlockLogImpl.java:incrementCount(141)) - Deleted TXID not found.
2019-09-12 09:27:02,543 [IPC Server handler 19 on 36783] WARN  block.DeletedBlockLogImpl (DeletedBlockLogImpl.java:incrementCount(141)) - Deleted TXID not found.
2019-09-12 09:27:02,543 [IPC Server handler 19 on 36783] WARN  block.DeletedBlockLogImpl (DeletedBlockLogImpl.java:incrementCount(141)) - Deleted TXID not found.
2019-09-12 09:27:02,543 [IPC Server handler 19 on 36783] WARN  block.DeletedBlockLogImpl (DeletedBlockLogImpl.java:incrementCount(141)) - Deleted TXID not found.
2019-09-12 09:27:02,543 [IPC Server handler 19 on 36783] WARN  block.DeletedBlockLogImpl (DeletedBlockLogImpl.java:incrementCount(141)) - Deleted TXID not found.
2019-09-12 09:27:02,543 [IPC Server handler 19 on 36783] WARN  block.DeletedBlockLogImpl (DeletedBlockLogImpl.java:incrementCount(141)) - Deleted TXID not found.
2019-09-12 09:27:02,543 [IPC Server handler 19 on 36783] WARN  block.DeletedBlockLogImpl (DeletedBlockLogImpl.java:incrementCount(141)) - Deleted TXID not found.
2019-09-12 09:27:02,543 [IPC Server handler 19 on 36783] WARN  block.DeletedBlockLogImpl (DeletedBlockLogImpl.java:incrementCount(141)) - Deleted TXID not found.
2019-09-12 09:27:02,544 [IPC Server handler 19 on 36783] WARN  block.DeletedBlockLogImpl (DeletedBlockLogImpl.java:incrementCount(141)) - Deleted TXID not found.
2019-09-12 09:27:02,544 [IPC Server handler 19 on 36783] WARN  block.DeletedBlockLogImpl (DeletedBlockLogImpl.java:incrementCount(141)) - Deleted TXID not found.
2019-09-12 09:27:02,544 [IPC Server handler 19 on 36783] WARN  block.DeletedBlockLogImpl (DeletedBlockLogImpl.java:incrementCount(141)) - Deleted TXID not found.
2019-09-12 09:27:02,544 [IPC Server handler 19 on 36783] WARN  block.DeletedBlockLogImpl (DeletedBlockLogImpl.java:incrementCount(141)) - Deleted TXID not found.
2019-09-12 09:27:02,544 [IPC Server handler 19 on 36783] WARN  block.DeletedBlockLogImpl (DeletedBlockLogImpl.java:incrementCount(141)) - Deleted TXID not found.
2019-09-12 09:27:02,544 [IPC Server handler 19 on 36783] WARN  block.DeletedBlockLogImpl (DeletedBlockLogImpl.java:incrementCount(141)) - Deleted TXID not found.
2019-09-12 09:27:02,544 [IPC Server handler 19 on 36783] WARN  block.DeletedBlockLogImpl (DeletedBlockLogImpl.java:incrementCount(141)) - Deleted TXID not found.
2019-09-12 09:27:02,544 [IPC Server handler 19 on 36783] WARN  block.DeletedBlockLogImpl (DeletedBlockLogImpl.java:incrementCount(141)) - Deleted TXID not found.
2019-09-12 09:27:02,544 [IPC Server handler 19 on 36783] WARN  block.DeletedBlockLogImpl (DeletedBlockLogImpl.java:incrementCount(141)) - Deleted TXID not found.
2019-09-12 09:27:02,545 [IPC Server handler 19 on 36783] WARN  block.DeletedBlockLogImpl (DeletedBlockLogImpl.java:incrementCount(141)) - Deleted TXID not found.
2019-09-12 09:27:02,545 [IPC Server handler 19 on 36783] WARN  block.DeletedBlockLogImpl (DeletedBlockLogImpl.java:incrementCount(141)) - Deleted TXID not found.
2019-09-12 09:27:02,545 [IPC Server handler 19 on 36783] WARN  block.DeletedBlockLogImpl (DeletedBlockLogImpl.java:incrementCount(141)) - Deleted TXID not found.
2019-09-12 09:27:02,545 [IPC Server handler 19 on 36783] WARN  block.DeletedBlockLogImpl (DeletedBlockLogImpl.java:incrementCount(141)) - Deleted TXID not found.
2019-09-12 09:27:02,545 [IPC Server handler 19 on 36783] WARN  block.DeletedBlockLogImpl (DeletedBlockLogImpl.java:incrementCount(141)) - Deleted TXID not found.
2019-09-12 09:27:02,545 [IPC Server handler 19 on 36783] WARN  block.DeletedBlockLogImpl (DeletedBlockLogImpl.java:incrementCount(141)) - Deleted TXID not found.
2019-09-12 09:27:02,552 [pool-7-thread-3] INFO  commands.RetriableDatanodeEventWatcher (RetriableDatanodeEventWatcher.java:onTimeout(47)) - RetriableDatanodeCommand type=deleteBlocksCommand with id=1568280408332 timed out. Retrying.
2019-09-12 09:27:02,555 [pool-7-thread-3] INFO  commands.RetriableDatanodeEventWatcher (RetriableDatanodeEventWatcher.java:onTimeout(47)) - RetriableDatanodeCommand type=deleteBlocksCommand with id=1568280408430 timed out. Retrying.
2019-09-12 09:27:02,567 [pool-7-thread-3] INFO  commands.RetriableDatanodeEventWatcher (RetriableDatanodeEventWatcher.java:onTimeout(47)) - RetriableDatanodeCommand type=deleteBlocksCommand with id=1568280408342 timed out. Retrying.
2019-09-12 09:27:02,579 [pool-7-thread-3] INFO  commands.RetriableDatanodeEventWatcher (RetriableDatanodeEventWatcher.java:onTimeout(47)) - RetriableDatanodeCommand type=deleteBlocksCommand with id=1568280408352 timed out. Retrying.
2019-09-12 09:27:02,585 [pool-7-thread-3] INFO  commands.RetriableDatanodeEventWatcher (RetriableDatanodeEventWatcher.java:onTimeout(47)) - RetriableDatanodeCommand type=deleteBlocksCommand with id=1568280408381 timed out. Retrying.
2019-09-12 09:27:02,585 [pool-7-thread-3] INFO  commands.RetriableDatanodeEventWatcher (RetriableDatanodeEventWatcher.java:onTimeout(47)) - RetriableDatanodeCommand type=deleteBlocksCommand with id=1568280408439 timed out. Retrying.
2019-09-12 09:27:02,594 [pool-7-thread-3] INFO  commands.RetriableDatanodeEventWatcher (RetriableDatanodeEventWatcher.java:onTimeout(47)) - RetriableDatanodeCommand type=deleteBlocksCommand with id=1568280408362 timed out. Retrying.
2019-09-12 09:27:02,597 [pool-7-thread-3] INFO  commands.RetriableDatanodeEventWatcher (RetriableDatanodeEventWatcher.java:onTimeout(47)) - RetriableDatanodeCommand type=deleteBlocksCommand with id=1568280408391 timed out. Retrying.
2019-09-12 09:27:02,597 [SCMBlockDeletingService#1] DEBUG block.SCMBlockDeletingService (SCMBlockDeletingService.java:call(138)) - Running DeletedBlockTransactionScanner
2019-09-12 09:27:02,597 [SCMBlockDeletingService#1] DEBUG block.SCMBlockDeletingService (SCMBlockDeletingService.java:call(155)) - Scanned deleted blocks log and got 0 delTX to process.
2019-09-12 09:27:02,606 [pool-7-thread-3] INFO  commands.RetriableDatanodeEventWatcher (RetriableDatanodeEventWatcher.java:onTimeout(47)) - RetriableDatanodeCommand type=deleteBlocksCommand with id=1568280408372 timed out. Retrying.
2019-09-12 09:27:02,611 [pool-7-thread-3] INFO  commands.RetriableDatanodeEventWatcher (RetriableDatanodeEventWatcher.java:onTimeout(47)) - RetriableDatanodeCommand type=deleteBlocksCommand with id=1568280408401 timed out. Retrying.
2019-09-12 09:27:02,622 [pool-7-thread-3] INFO  commands.RetriableDatanodeEventWatcher (RetriableDatanodeEventWatcher.java:onTimeout(47)) - RetriableDatanodeCommand type=deleteBlocksCommand with id=1568280408313 timed out. Retrying.
2019-09-12 09:27:02,624 [pool-7-thread-3] INFO  commands.RetriableDatanodeEventWatcher (RetriableDatanodeEventWatcher.java:onTimeout(47)) - RetriableDatanodeCommand type=deleteBlocksCommand with id=1568280408411 timed out. Retrying.
2019-09-12 09:27:02,638 [pool-7-thread-3] INFO  commands.RetriableDatanodeEventWatcher (RetriableDatanodeEventWatcher.java:onTimeout(47)) - RetriableDatanodeCommand type=deleteBlocksCommand with id=1568280408323 timed out. Retrying.
2019-09-12 09:27:02,640 [pool-7-thread-3] INFO  commands.RetriableDatanodeEventWatcher (RetriableDatanodeEventWatcher.java:onTimeout(47)) - RetriableDatanodeCommand type=deleteBlocksCommand with id=1568280408421 timed out. Retrying.
2019-09-12 09:27:02,686 [pool-7-thread-3] INFO  commands.RetriableDatanodeEventWatcher (RetriableDatanodeEventWatcher.java:onTimeout(47)) - RetriableDatanodeCommand type=deleteBlocksCommand with id=1568280408440 timed out. Retrying.
2019-09-12 09:27:02,698 [SCMBlockDeletingService#1] DEBUG block.SCMBlockDeletingService (SCMBlockDeletingService.java:call(138)) - Running DeletedBlockTransactionScanner
2019-09-12 09:27:02,698 [SCMBlockDeletingService#1] DEBUG block.SCMBlockDeletingService (SCMBlockDeletingService.java:call(155)) - Scanned deleted blocks log and got 0 delTX to process.
2019-09-12 09:27:02,708 [pool-7-thread-5] INFO  commands.RetriableDatanodeEventWatcher (RetriableDatanodeEventWatcher.java:onTimeout(47)) - RetriableDatanodeCommand type=deleteBlocksCommand with id=1568280408363 timed out. Retrying.
2019-09-12 09:27:02,708 [pool-7-thread-2] INFO  commands.RetriableDatanodeEventWatcher (RetriableDatanodeEventWatcher.java:onTimeout(47)) - RetriableDatanodeCommand type=deleteBlocksCommand with id=1568280408343 timed out. Retrying.
2019-09-12 09:27:02,708 [pool-7-thread-3] INFO  commands.RetriableDatanodeEventWatcher (RetriableDatanodeEventWatcher.java:onTimeout(47)) - RetriableDatanodeCommand type=deleteBlocksCommand with id=1568280408353 timed out. Retrying.
2019-09-12 09:27:02,709 [pool-7-thread-1] INFO  commands.RetriableDatanodeEventWatcher (RetriableDatanodeEventWatcher.java:onTimeout(47)) - RetriableDatanodeCommand type=deleteBlocksCommand with id=1568280408382 timed out. Retrying.
2019-09-12 09:27:02,709 [pool-7-thread-4] INFO  commands.RetriableDatanodeEventWatcher (RetriableDatanodeEventWatcher.java:onTimeout(47)) - RetriableDatanodeCommand type=deleteBlocksCommand with id=1568280408333 timed out. Retrying.
2019-09-12 09:27:02,709 [pool-7-thread-6] INFO  commands.RetriableDatanodeEventWatcher (RetriableDatanodeEventWatcher.java:onTimeout(47)) - RetriableDatanodeCommand type=deleteBlocksCommand with id=1568280408431 timed out. Retrying.
2019-09-12 09:27:02,709 [pool-7-thread-1] INFO  commands.RetriableDatanodeEventWatcher (RetriableDatanodeEventWatcher.java:onTimeout(47)) - RetriableDatanodeCommand type=deleteBlocksCommand with id=1568280408392 timed out. Retrying.
2019-09-12 09:27:02,709 [pool-7-thread-4] INFO  commands.RetriableDatanodeEventWatcher (RetriableDatanodeEventWatcher.java:onTimeout(47)) - RetriableDatanodeCommand type=deleteBlocksCommand with id=1568280408373 timed out. Retrying.
2019-09-12 09:27:02,711 [pool-7-thread-4] INFO  commands.RetriableDatanodeEventWatcher (RetriableDatanodeEventWatcher.java:onTimeout(47)) - RetriableDatanodeCommand type=deleteBlocksCommand with id=1568280408402 timed out. Retrying.
2019-09-12 09:27:02,718 [IPC Server handler 6 on 36783] WARN  block.DeletedBlockLogImpl (DeletedBlockLogImpl.java:incrementCount(141)) - Deleted TXID not found.
2019-09-12 09:27:02,719 [IPC Server handler 6 on 36783] WARN  block.DeletedBlockLogImpl (DeletedBlockLogImpl.java:incrementCount(141)) - Deleted TXID not found.
2019-09-12 09:27:02,719 [IPC Server handler 6 on 36783] WARN  block.DeletedBlockLogImpl (DeletedBlockLogImpl.java:incrementCount(141)) - Deleted TXID not found.
2019-09-12 09:27:02,719 [IPC Server handler 6 on 36783] WARN  block.DeletedBlockLogImpl (DeletedBlockLogImpl.java:incrementCount(141)) - Deleted TXID not found.
2019-09-12 09:27:02,719 [IPC Server handler 6 on 36783] WARN  block.DeletedBlockLogImpl (DeletedBlockLogImpl.java:incrementCount(141)) - Deleted TXID not found.
2019-09-12 09:27:02,719 [IPC Server handler 6 on 36783] WARN  block.DeletedBlockLogImpl (DeletedBlockLogImpl.java:incrementCount(141)) - Deleted TXID not found.
2019-09-12 09:27:02,719 [IPC Server handler 6 on 36783] WARN  block.DeletedBlockLogImpl (DeletedBlockLogImpl.java:incrementCount(141)) - Deleted TXID not found.
2019-09-12 09:27:02,720 [IPC Server handler 6 on 36783] WARN  block.DeletedBlockLogImpl (DeletedBlockLogImpl.java:incrementCount(141)) - Deleted TXID not found.
2019-09-12 09:27:02,720 [IPC Server handler 6 on 36783] WARN  block.DeletedBlockLogImpl (DeletedBlockLogImpl.java:incrementCount(141)) - Deleted TXID not found.
2019-09-12 09:27:02,720 [IPC Server handler 6 on 36783] WARN  block.DeletedBlockLogImpl (DeletedBlockLogImpl.java:incrementCount(141)) - Deleted TXID not found.
2019-09-12 09:27:02,720 [IPC Server handler 6 on 36783] WARN  block.DeletedBlockLogImpl (DeletedBlockLogImpl.java:incrementCount(141)) - Deleted TXID not found.
2019-09-12 09:27:02,720 [IPC Server handler 6 on 36783] WARN  block.DeletedBlockLogImpl (DeletedBlockLogImpl.java:incrementCount(141)) - Deleted TXID not found.
2019-09-12 09:27:02,720 [IPC Server handler 6 on 36783] WARN  block.DeletedBlockLogImpl (DeletedBlockLogImpl.java:incrementCount(141)) - Deleted TXID not found.
2019-09-12 09:27:02,720 [IPC Server handler 6 on 36783] WARN  block.DeletedBlockLogImpl (DeletedBlockLogImpl.java:incrementCount(141)) - Deleted TXID not found.
2019-09-12 09:27:02,720 [IPC Server handler 6 on 36783] WARN  block.DeletedBlockLogImpl (DeletedBlockLogImpl.java:incrementCount(141)) - Deleted TXID not found.
2019-09-12 09:27:02,721 [IPC Server handler 6 on 36783] WARN  block.DeletedBlockLogImpl (DeletedBlockLogImpl.java:incrementCount(141)) - Deleted TXID not found.
2019-09-12 09:27:02,721 [IPC Server handler 6 on 36783] WARN  block.DeletedBlockLogImpl (DeletedBlockLogImpl.java:incrementCount(141)) - Deleted TXID not found.
2019-09-12 09:27:02,721 [IPC Server handler 6 on 36783] WARN  block.DeletedBlockLogImpl (DeletedBlockLogImpl.java:incrementCount(141)) - Deleted TXID not found.
2019-09-12 09:27:02,721 [IPC Server handler 6 on 36783] WARN  block.DeletedBlockLogImpl (DeletedBlockLogImpl.java:incrementCount(141)) - Deleted TXID not found.
2019-09-12 09:27:02,721 [IPC Server handler 6 on 36783] WARN  block.DeletedBlockLogImpl (DeletedBlockLogImpl.java:incrementCount(141)) - Deleted TXID not found.
2019-09-12 09:27:02,721 [IPC Server handler 6 on 36783] WARN  block.DeletedBlockLogImpl (DeletedBlockLogImpl.java:incrementCount(141)) - Deleted TXID not found.
2019-09-12 09:27:02,721 [IPC Server handler 6 on 36783] WARN  block.DeletedBlockLogImpl (DeletedBlockLogImpl.java:incrementCount(141)) - Deleted TXID not found.
2019-09-12 09:27:02,722 [IPC Server handler 6 on 36783] WARN  block.DeletedBlockLogImpl (DeletedBlockLogImpl.java:incrementCount(141)) - Deleted TXID not found.
2019-09-12 09:27:02,722 [IPC Server handler 6 on 36783] WARN  block.DeletedBlockLogImpl (DeletedBlockLogImpl.java:incrementCount(141)) - Deleted TXID not found.
2019-09-12 09:27:02,722 [IPC Server handler 6 on 36783] WARN  block.DeletedBlockLogImpl (DeletedBlockLogImpl.java:incrementCount(141)) - Deleted TXID not found.
2019-09-12 09:27:02,722 [IPC Server handler 6 on 36783] WARN  block.DeletedBlockLogImpl (DeletedBlockLogImpl.java:incrementCount(141)) - Deleted TXID not found.
2019-09-12 09:27:02,722 [IPC Server handler 6 on 36783] WARN  block.DeletedBlockLogImpl (DeletedBlockLogImpl.java:incrementCount(141)) - Deleted TXID not found.
2019-09-12 09:27:02,722 [IPC Server handler 6 on 36783] WARN  block.DeletedBlockLogImpl (DeletedBlockLogImpl.java:incrementCount(141)) - Deleted TXID not found.
2019-09-12 09:27:02,722 [IPC Server handler 6 on 36783] WARN  block.DeletedBlockLogImpl (DeletedBlockLogImpl.java:incrementCount(141)) - Deleted TXID not found.
2019-09-12 09:27:02,722 [IPC Server handler 6 on 36783] WARN  block.DeletedBlockLogImpl (DeletedBlockLogImpl.java:incrementCount(141)) - Deleted TXID not found.
2019-09-12 09:27:02,723 [IPC Server handler 6 on 36783] WARN  block.DeletedBlockLogImpl (DeletedBlockLogImpl.java:incrementCount(141)) - Deleted TXID not found.
2019-09-12 09:27:02,723 [IPC Server handler 6 on 36783] WARN  block.DeletedBlockLogImpl (DeletedBlockLogImpl.java:incrementCount(141)) - Deleted TXID not found.
2019-09-12 09:27:02,723 [IPC Server handler 6 on 36783] WARN  block.DeletedBlockLogImpl (DeletedBlockLogImpl.java:incrementCount(141)) - Deleted TXID not found.
2019-09-12 09:27:02,723 [IPC Server handler 6 on 36783] WARN  block.DeletedBlockLogImpl (DeletedBlockLogImpl.java:incrementCount(141)) - Deleted TXID not found.
2019-09-12 09:27:02,723 [pool-7-thread-4] INFO  commands.RetriableDatanodeEventWatcher (DeletedBlockLogImpl.java:incrementCount(141)) - Deleted TXID not found.
2019-09-12 09:27:02,723 [pool-7-thread-4] INFO  commands.RetriableDatanodeEventWatcher (RetriableDatanodeEventWatcher.java:onTimeout(47)) - RetriableDatanodeCommand type=deleteBlocksCommand with id=1568280408314 timed out. Retrying.
2019-09-12 09:27:02,723 [IPC Server handler 6 on 36783] WARN  block.DeletedBlockLogImpl (DeletedBlockLogImpl.java:incrementCount(141)) - Deleted TXID not found.
2019-09-12 09:27:02,723 [IPC Server handler 6 on 36783] WARN  block.DeletedBlockLogImpl (DeletedBlockLogImpl.java:incrementCount(141)) - Deleted TXID not found.
2019-09-12 09:27:02,724 [IPC Server handler 6 on 36783] WARN  block.DeletedBlockLogImpl (DeletedBlockLogImpl.java:incrementCount(141)) - Deleted TXID not found.
2019-09-12 09:27:02,724 [IPC Server handler 6 on 36783] WARN  block.DeletedBlockLogImpl (DeletedBlockLogImpl.java:incrementCount(141)) - Deleted TXID not found.
2019-09-12 09:27:02,724 [IPC Server handler 6 on 36783] WARN  block.DeletedBlockLogImpl (DeletedBlockLogImpl.java:incrementCount(141)) - Deleted TXID not found.
2019-09-12 09:27:02,724 [IPC Server handler 6 on 36783] WARN  block.DeletedBlockLogImpl (DeletedBlockLogImpl.java:incrementCount(141)) - Deleted TXID not found.
2019-09-12 09:27:02,724 [IPC Server handler 6 on 36783] WARN  block.DeletedBlockLogImpl (DeletedBlockLogImpl.java:incrementCount(141)) - Deleted TXID not found.
2019-09-12 09:27:02,724 [IPC Server handler 6 on 36783] WARN  block.DeletedBlockLogImpl (DeletedBlockLogImpl.java:incrementCount(141)) - Deleted TXID not found.
2019-09-12 09:27:02,724 [IPC Server handler 6 on 36783] WARN  block.DeletedBlockLogImpl (DeletedBlockLogImpl.java:incrementCount(141)) - Deleted TXID not found.
2019-09-12 09:27:02,724 [IPC Server handler 6 on 36783] WARN  block.DeletedBlockLogImpl (DeletedBlockLogImpl.java:incrementCount(141)) - Deleted TXID not found.
2019-09-12 09:27:02,725 [IPC Server handler 6 on 36783] WARN  block.DeletedBlockLogImpl (DeletedBlockLogImpl.java:incrementCount(141)) - Deleted TXID not found.
2019-09-12 09:27:02,725 [IPC Server handler 6 on 36783] WARN  block.DeletedBlockLogImpl (DeletedBlockLogImpl.java:incrementCount(141)) - Deleted TXID not found.
2019-09-12 09:27:02,725 [IPC Server handler 6 on 36783] WARN  block.DeletedBlockLogImpl (DeletedBlockLogImpl.java:incrementCount(141)) - Deleted TXID not found.
2019-09-12 09:27:02,725 [IPC Server handler 6 on 36783] WARN  block.DeletedBlockLogImpl (DeletedBlockLogImpl.java:incrementCount(141)) - Deleted TXID not found.
2019-09-12 09:27:02,725 [IPC Server handler 6 on 36783] WARN  block.DeletedBlockLogImpl (DeletedBlockLogImpl.java:incrementCount(141)) - Deleted TXID not found.
2019-09-12 09:27:02,725 [IPC Server handler 6 on 36783] WARN  block.DeletedBlockLogImpl (DeletedBlockLogImpl.java:incrementCount(141)) - Deleted TXID not found.
2019-09-12 09:27:02,725 [IPC Server handler 6 on 36783] WARN  block.DeletedBlockLogImpl (DeletedBlockLogImpl.java:incrementCount(141)) - Deleted TXID not found.
2019-09-12 09:27:02,726 [pool-7-thread-4] INFO  commands.RetriableDatanodeEventWatcher (DeletedBlockLogImpl.java:incrementCount(141)) - Deleted TXID not found.
2019-09-12 09:27:02,726 [IPC Server handler 6 on 36783] WARN  block.DeletedBlockLogImpl (RetriableDatanodeEventWatcher.java:onTimeout(47)) - RetriableDatanodeCommand type=deleteBlocksCommand with id=1568280408412 timed out. Retrying.
DeletedBlockLogImpl.java:incrementCount(141)) - Deleted TXID not found.
2019-09-12 09:27:02,726 [pool-7-thread-4] INFO  commands.RetriableDatanodeEventWatcher (RetriableDatanodeEventWatcher.java:onTimeout(47)) - RetriableDatanodeCommand type=deleteBlocksCommand with id=1568280408412 timed out. Retrying.
2019-09-12 09:27:02,726 [IPC Server handler 6 on 36783] WARN  block.DeletedBlockLogImpl (DeletedBlockLogImpl.java:incrementCount(141)) - Deleted TXID not found.
2019-09-12 09:27:02,726 [IPC Server handler 6 on 36783] WARN  block.DeletedBlockLogImpl (DeletedBlockLogImpl.java:incrementCount(141)) - Deleted TXID not found.
2019-09-12 09:27:02,726 [IPC Server handler 6 on 36783] WARN  block.DeletedBlockLogImpl (DeletedBlockLogImpl.java:incrementCount(141)) - Deleted TXID not found.
2019-09-12 09:27:02,726 [IPC Server handler 6 on 36783] WARN  block.DeletedBlockLogImpl (DeletedBlockLogImpl.java:incrementCount(141)) - Deleted TXID not found.
2019-09-12 09:27:02,726 [IPC Server handler 6 on 36783] WARN  block.DeletedBlockLogImpl (DeletedBlockLogImpl.java:incrementCount(141)) - Deleted TXID not found.
2019-09-12 09:27:02,726 [IPC Server handler 6 on 36783] WARN  block.DeletedBlockLogImpl (DeletedBlockLogImpl.java:incrementCount(141)) - Deleted TXID not found.
2019-09-12 09:27:02,727 [IPC Server handler 6 on 36783] WARN  block.DeletedBlockLogImpl (DeletedBlockLogImpl.java:incrementCount(141)) - Deleted TXID not found.
2019-09-12 09:27:02,727 [IPC Server handler 6 on 36783] WARN  block.DeletedBlockLogImpl (DeletedBlockLogImpl.java:incrementCount(141)) - Deleted TXID not found.
2019-09-12 09:27:02,727 [IPC Server handler 6 on 36783] WARN  block.DeletedBlockLogImpl (DeletedBlockLogImpl.java:incrementCount(141)) - Deleted TXID not found.
2019-09-12 09:27:02,727 [IPC Server handler 6 on 36783] WARN  block.DeletedBlockLogImpl (DeletedBlockLogImpl.java:incrementCount(141)) - Deleted TXID not found.
2019-09-12 09:27:02,727 [IPC Server handler 6 on 36783] WARN  block.DeletedBlockLogImpl (DeletedBlockLogImpl.java:incrementCount(141)) - Deleted TXID not found.
2019-09-12 09:27:02,727 [IPC Server handler 6 on 36783] WARN  block.DeletedBlockLogImpl (DeletedBlockLogImpl.java:incrementCount(141)) - Deleted TXID not found.
2019-09-12 09:27:02,727 [IPC Server handler 6 on 36783] WARN  block.DeletedBlockLogImpl (DeletedBlockLogImpl.java:incrementCount(141)) - Deleted TXID not found.
2019-09-12 09:27:02,728 [IPC Server handler 6 on 36783] WARN  block.DeletedBlockLogImpl (DeletedBlockLogImpl.java:incrementCount(141)) - Deleted TXID not found.
2019-09-12 09:27:02,728 [IPC Server handler 6 on 36783] WARN  block.DeletedBlockLogImpl (DeletedBlockLogImpl.java:incrementCount(141)) - Deleted TXID not found.
2019-09-12 09:27:02,728 [IPC Server handler 6 on 36783] WARN  block.DeletedBlockLogImpl (DeletedBlockLogImpl.java:incrementCount(141)) - Deleted TXID not found.
2019-09-12 09:27:02,728 [IPC Server handler 6 on 36783] WARN  block.DeletedBlockLogImpl (DeletedBlockLogImpl.java:incrementCount(141)) - Deleted TXID not found.
2019-09-12 09:27:02,728 [IPC Server handler 6 on 36783] WARN  block.DeletedBlockLogImpl (DeletedBlockLogImpl.java:incrementCount(141)) - Deleted TXID not found.
2019-09-12 09:27:02,728 [IPC Server handler 6 on 36783] WARN  block.DeletedBlockLogImpl (DeletedBlockLogImpl.java:incrementCount(141)) - Deleted TXID not found.
2019-09-12 09:27:02,728 [IPC Server handler 6 on 36783] WARN  block.DeletedBlockLogImpl (DeletedBlockLogImpl.java:incrementCount(141)) - Deleted TXID not found.
2019-09-12 09:27:02,728 [IPC Server handler 6 on 36783] WARN  block.DeletedBlockLogImpl (DeletedBlockLogImpl.java:incrementCount(141)) - Deleted TXID not found.
2019-09-12 09:27:02,729 [IPC Server handler 6 on 36783] WARN  block.DeletedBlockLogImpl (DeletedBlockLogImpl.java:incrementCount(141)) - Deleted TXID not found.
2019-09-12 09:27:02,729 [IPC Server handler 6 on 36783] WARN  block.DeletedBlockLogImpl (DeletedBlockLogImpl.java:incrementCount(141)) - Deleted TXID not found.
2019-09-12 09:27:02,729 [IPC Server handler 6 on 36783] WARN  block.DeletedBlockLogImpl (DeletedBlockLogImpl.java:incrementCount(141)) - Deleted TXID not found.
2019-09-12 09:27:02,729 [IPC Server handler 6 on 36783] WARN  block.DeletedBlockLogImpl (DeletedBlockLogImpl.java:incrementCount(141)) - Deleted TXID not found.
2019-09-12 09:27:02,729 [IPC Server handler 6 on 36783] WARN  block.DeletedBlockLogImpl (DeletedBlockLogImpl.java:incrementCount(141)) - Deleted TXID not found.
2019-09-12 09:27:02,729 [IPC Server handler 6 on 36783] WARN  block.DeletedBlockLogImpl (DeletedBlockLogImpl.java:incrementCount(141)) - Deleted TXID not found.
2019-09-12 09:27:02,729 [IPC Server handler 6 on 36783] WARN  block.DeletedBlockLogImpl (DeletedBlockLogImpl.java:incrementCount(141)) - Deleted TXID not found.
2019-09-12 09:27:02,730 [IPC Server handler 6 on 36783] WARN  block.DeletedBlockLogImpl (DeletedBlockLogImpl.java:incrementCount(141)) - Deleted TXID not found.
2019-09-12 09:27:02,730 [IPC Server handler 6 on 36783] WARN  block.DeletedBlockLogImpl (DeletedBlockLogImpl.java:incrementCount(141)) - Deleted TXID not found.
2019-09-12 09:27:02,737 [pool-7-thread-4] INFO  commands.RetriableDatanodeEventWatcher (RetriableDatanodeEventWatcher.java:onTimeout(47)) - RetriableDatanodeCommand type=deleteBlocksCommand with id=1568280408324 timed out. Retrying.
2019-09-12 09:27:02,742 [pool-7-thread-4] INFO  commands.RetriableDatanodeEventWatcher (RetriableDatanodeEventWatcher.java:onTimeout(47)) - RetriableDatanodeCommand type=deleteBlocksCommand with id=1568280408422 timed out. Retrying.
2019-09-12 09:27:02,757 [pool-7-thread-4] INFO  commands.RetriableDatanodeEventWatcher (RetriableDatanodeEventWatcher.java:onTimeout(47)) - RetriableDatanodeCommand type=deleteBlocksCommand with id=1568280408334 timed out. Retrying.
2019-09-12 09:27:02,768 [pool-7-thread-4] INFO  commands.RetriableDatanodeEventWatcher (RetriableDatanodeEventWatcher.java:onTimeout(47)) - RetriableDatanodeCommand type=deleteBlocksCommand with id=1568280408344 timed out. Retrying.
2019-09-12 09:27:02,785 [pool-7-thread-4] INFO  commands.RetriableDatanodeEventWatcher (RetriableDatanodeEventWatcher.java:onTimeout(47)) - RetriableDatanodeCommand type=deleteBlocksCommand with id=1568280408354 timed out. Retrying.
2019-09-12 09:27:02,785 [pool-7-thread-1] INFO  commands.RetriableDatanodeEventWatcher (RetriableDatanodeEventWatcher.java:onTimeout(47)) - RetriableDatanodeCommand type=deleteBlocksCommand with id=1568280408383 timed out. Retrying.
2019-09-12 09:27:02,788 [pool-7-thread-1] INFO  commands.RetriableDatanodeEventWatcher (RetriableDatanodeEventWatcher.java:onTimeout(47)) - RetriableDatanodeCommand type=deleteBlocksCommand with id=1568280408441 timed out. Retrying.
2019-09-12 09:27:02,795 [pool-7-thread-1] INFO  commands.RetriableDatanodeEventWatcher (RetriableDatanodeEventWatcher.java:onTimeout(47)) - RetriableDatanodeCommand type=deleteBlocksCommand with id=1568280408364 timed out. Retrying.
2019-09-12 09:27:02,798 [pool-7-thread-1] INFO  commands.RetriableDatanodeEventWatcher (RetriableDatanodeEventWatcher.java:onTimeout(47)) - RetriableDatanodeCommand type=deleteBlocksCommand with id=1568280408393 timed out. Retrying.
2019-09-12 09:27:02,798 [SCMBlockDeletingService#1] DEBUG block.SCMBlockDeletingService (SCMBlockDeletingService.java:call(138)) - Running DeletedBlockTransactionScanner
2019-09-12 09:27:02,798 [SCMBlockDeletingService#1] DEBUG block.SCMBlockDeletingService (SCMBlockDeletingService.java:call(155)) - Scanned deleted blocks log and got 0 delTX to process.
2019-09-12 09:27:02,809 [pool-7-thread-1] INFO  commands.RetriableDatanodeEventWatcher (RetriableDatanodeEventWatcher.java:onTimeout(47)) - RetriableDatanodeCommand type=deleteBlocksCommand with id=1568280408432 timed out. Retrying.
2019-09-12 09:27:02,813 [pool-7-thread-1] INFO  commands.RetriableDatanodeEventWatcher (RetriableDatanodeEventWatcher.java:onTimeout(47)) - RetriableDatanodeCommand type=deleteBlocksCommand with id=1568280408403 timed out. Retrying.
2019-09-12 09:27:02,825 [pool-7-thread-1] INFO  commands.RetriableDatanodeEventWatcher (RetriableDatanodeEventWatcher.java:onTimeout(47)) - RetriableDatanodeCommand type=deleteBlocksCommand with id=1568280408315 timed out. Retrying.
2019-09-12 09:27:02,827 [pool-7-thread-1] INFO  commands.RetriableDatanodeEventWatcher (RetriableDatanodeEventWatcher.java:onTimeout(47)) - RetriableDatanodeCommand type=deleteBlocksCommand with id=1568280408413 timed out. Retrying.
2019-09-12 09:27:02,841 [pool-7-thread-1] INFO  commands.RetriableDatanodeEventWatcher (RetriableDatanodeEventWatcher.java:onTimeout(47)) - RetriableDatanodeCommand type=deleteBlocksCommand with id=1568280408325 timed out. Retrying.
2019-09-12 09:27:02,843 [pool-7-thread-1] INFO  commands.RetriableDatanodeEventWatcher (RetriableDatanodeEventWatcher.java:onTimeout(47)) - RetriableDatanodeCommand type=deleteBlocksCommand with id=1568280408423 timed out. Retrying.
2019-09-12 09:27:02,853 [pool-7-thread-1] INFO  commands.RetriableDatanodeEventWatcher (RetriableDatanodeEventWatcher.java:onTimeout(47)) - RetriableDatanodeCommand type=deleteBlocksCommand with id=1568280408335 timed out. Retrying.
2019-09-12 09:27:02,874 [pool-7-thread-1] INFO  commands.RetriableDatanodeEventWatcher (RetriableDatanodeEventWatcher.java:onTimeout(47)) - RetriableDatanodeCommand type=deleteBlocksCommand with id=1568280408374 timed out. Retrying.
2019-09-12 09:27:02,874 [pool-7-thread-4] INFO  commands.RetriableDatanodeEventWatcher (RetriableDatanodeEventWatcher.java:onTimeout(47)) - RetriableDatanodeCommand type=deleteBlocksCommand with id=1568280408345 timed out. Retrying.
2019-09-12 09:27:02,886 [pool-7-thread-4] INFO  commands.RetriableDatanodeEventWatcher (RetriableDatanodeEventWatcher.java:onTimeout(47)) - RetriableDatanodeCommand type=deleteBlocksCommand with id=1568280408355 timed out. Retrying.
2019-09-12 09:27:02,887 [pool-7-thread-1] INFO  commands.RetriableDatanodeEventWatcher (RetriableDatanodeEventWatcher.java:onTimeout(47)) - RetriableDatanodeCommand type=deleteBlocksCommand with id=1568280408384 timed out. Retrying.
2019-09-12 09:27:02,889 [pool-7-thread-1] INFO  commands.RetriableDatanodeEventWatcher (RetriableDatanodeEventWatcher.java:onTimeout(47)) - RetriableDatanodeCommand type=deleteBlocksCommand with id=1568280408442 timed out. Retrying.
2019-09-12 09:27:02,897 [pool-7-thread-1] INFO  commands.RetriableDatanodeEventWatcher (RetriableDatanodeEventWatcher.java:onTimeout(47)) - RetriableDatanodeCommand type=deleteBlocksCommand with id=1568280408365 timed out. Retrying.
2019-09-12 09:27:02,898 [SCMBlockDeletingService#1] DEBUG block.SCMBlockDeletingService (SCMBlockDeletingService.java:call(138)) - Running DeletedBlockTransactionScanner
2019-09-12 09:27:02,898 [SCMBlockDeletingService#1] DEBUG block.SCMBlockDeletingService (SCMBlockDeletingService.java:call(155)) - Scanned deleted blocks log and got 0 delTX to process.
2019-09-12 09:27:02,900 [pool-7-thread-1] INFO  commands.RetriableDatanodeEventWatcher (RetriableDatanodeEventWatcher.java:onTimeout(47)) - RetriableDatanodeCommand type=deleteBlocksCommand with id=1568280408394 timed out. Retrying.
2019-09-12 09:27:02,911 [pool-7-thread-1] INFO  commands.RetriableDatanodeEventWatcher (RetriableDatanodeEventWatcher.java:onTimeout(47)) - RetriableDatanodeCommand type=deleteBlocksCommand with id=1568280408433 timed out. Retrying.
2019-09-12 09:27:02,914 [pool-7-thread-1] INFO  commands.RetriableDatanodeEventWatcher (RetriableDatanodeEventWatcher.java:onTimeout(47)) - RetriableDatanodeCommand type=deleteBlocksCommand with id=1568280408404 timed out. Retrying.
2019-09-12 09:27:02,919 [IPC Server handler 10 on 36783] WARN  block.DeletedBlockLogImpl (DeletedBlockLogImpl.java:incrementCount(141)) - Deleted TXID not found.
2019-09-12 09:27:02,919 [IPC Server handler 10 on 36783] WARN  block.DeletedBlockLogImpl (DeletedBlockLogImpl.java:incrementCount(141)) - Deleted TXID not found.
2019-09-12 09:27:02,919 [IPC Server handler 10 on 36783] WARN  block.DeletedBlockLogImpl (DeletedBlockLogImpl.java:incrementCount(141)) - Deleted TXID not found.
2019-09-12 09:27:02,919 [IPC Server handler 10 on 36783] WARN  block.DeletedBlockLogImpl (DeletedBlockLogImpl.java:incrementCount(141)) - Deleted TXID not found.
2019-09-12 09:27:02,919 [IPC Server handler 10 on 36783] WARN  block.DeletedBlockLogImpl (DeletedBlockLogImpl.java:incrementCount(141)) - Deleted TXID not found.
2019-09-12 09:27:02,919 [IPC Server handler 10 on 36783] WARN  block.DeletedBlockLogImpl (DeletedBlockLogImpl.java:incrementCount(141)) - Deleted TXID not found.
2019-09-12 09:27:02,920 [IPC Server handler 10 on 36783] WARN  block.DeletedBlockLogImpl (DeletedBlockLogImpl.java:incrementCount(141)) - Deleted TXID not found.
2019-09-12 09:27:02,920 [IPC Server handler 10 on 36783] WARN  block.DeletedBlockLogImpl (DeletedBlockLogImpl.java:incrementCount(141)) - Deleted TXID not found.
2019-09-12 09:27:02,920 [IPC Server handler 10 on 36783] WARN  block.DeletedBlockLogImpl (DeletedBlockLogImpl.java:incrementCount(141)) - Deleted TXID not found.
2019-09-12 09:27:02,920 [IPC Server handler 10 on 36783] WARN  block.DeletedBlockLogImpl (DeletedBlockLogImpl.java:incrementCount(141)) - Deleted TXID not found.
2019-09-12 09:27:02,920 [IPC Server handler 10 on 36783] WARN  block.DeletedBlockLogImpl (DeletedBlockLogImpl.java:incrementCount(141)) - Deleted TXID not found.
2019-09-12 09:27:02,920 [IPC Server handler 10 on 36783] WARN  block.DeletedBlockLogImpl (DeletedBlockLogImpl.java:incrementCount(141)) - Deleted TXID not found.
2019-09-12 09:27:02,920 [IPC Server handler 10 on 36783] WARN  block.DeletedBlockLogImpl (DeletedBlockLogImpl.java:incrementCount(141)) - Deleted TXID not found.
2019-09-12 09:27:02,921 [IPC Server handler 10 on 36783] WARN  block.DeletedBlockLogImpl (DeletedBlockLogImpl.java:incrementCount(141)) - Deleted TXID not found.
2019-09-12 09:27:02,921 [IPC Server handler 10 on 36783] WARN  block.DeletedBlockLogImpl (DeletedBlockLogImpl.java:incrementCount(141)) - Deleted TXID not found.
2019-09-12 09:27:02,921 [IPC Server handler 10 on 36783] WARN  block.DeletedBlockLogImpl (DeletedBlockLogImpl.java:incrementCount(141)) - Deleted TXID not found.
2019-09-12 09:27:02,921 [IPC Server handler 10 on 36783] WARN  block.DeletedBlockLogImpl (DeletedBlockLogImpl.java:incrementCount(141)) - Deleted TXID not found.
2019-09-12 09:27:02,921 [IPC Server handler 10 on 36783] WARN  block.DeletedBlockLogImpl (DeletedBlockLogImpl.java:incrementCount(141)) - Deleted TXID not found.
2019-09-12 09:27:02,921 [IPC Server handler 10 on 36783] WARN  block.DeletedBlockLogImpl (DeletedBlockLogImpl.java:incrementCount(141)) - Deleted TXID not found.
2019-09-12 09:27:02,921 [IPC Server handler 10 on 36783] WARN  block.DeletedBlockLogImpl (DeletedBlockLogImpl.java:incrementCount(141)) - Deleted TXID not found.
2019-09-12 09:27:02,921 [IPC Server handler 10 on 36783] WARN  block.DeletedBlockLogImpl (DeletedBlockLogImpl.java:incrementCount(141)) - Deleted TXID not found.
2019-09-12 09:27:02,922 [IPC Server handler 10 on 36783] WARN  block.DeletedBlockLogImpl (DeletedBlockLogImpl.java:incrementCount(141)) - Deleted TXID not found.
2019-09-12 09:27:02,922 [IPC Server handler 10 on 36783] WARN  block.DeletedBlockLogImpl (DeletedBlockLogImpl.java:incrementCount(141)) - Deleted TXID not found.
2019-09-12 09:27:02,922 [IPC Server handler 10 on 36783] WARN  block.DeletedBlockLogImpl (DeletedBlockLogImpl.java:incrementCount(141)) - Deleted TXID not found.
2019-09-12 09:27:02,922 [IPC Server handler 10 on 36783] WARN  block.DeletedBlockLogImpl (DeletedBlockLogImpl.java:incrementCount(141)) - Deleted TXID not found.
2019-09-12 09:27:02,922 [IPC Server handler 10 on 36783] WARN  block.DeletedBlockLogImpl (DeletedBlockLogImpl.java:incrementCount(141)) - Deleted TXID not found.
2019-09-12 09:27:02,922 [IPC Server handler 10 on 36783] WARN  block.DeletedBlockLogImpl (DeletedBlockLogImpl.java:incrementCount(141)) - Deleted TXID not found.
2019-09-12 09:27:02,922 [IPC Server handler 10 on 36783] WARN  block.DeletedBlockLogImpl (DeletedBlockLogImpl.java:incrementCount(141)) - Deleted TXID not found.
2019-09-12 09:27:02,922 [IPC Server handler 10 on 36783] WARN  block.DeletedBlockLogImpl (DeletedBlockLogImpl.java:incrementCount(141)) - Deleted TXID not found.
2019-09-12 09:27:02,923 [IPC Server handler 10 on 36783] WARN  block.DeletedBlockLogImpl (DeletedBlockLogImpl.java:incrementCount(141)) - Deleted TXID not found.
2019-09-12 09:27:02,923 [IPC Server handler 10 on 36783] WARN  block.DeletedBlockLogImpl (DeletedBlockLogImpl.java:incrementCount(141)) - Deleted TXID not found.
2019-09-12 09:27:02,923 [IPC Server handler 10 on 36783] WARN  block.DeletedBlockLogImpl (DeletedBlockLogImpl.java:incrementCount(141)) - Deleted TXID not found.
2019-09-12 09:27:02,923 [IPC Server handler 10 on 36783] WARN  block.DeletedBlockLogImpl (DeletedBlockLogImpl.java:incrementCount(141)) - Deleted TXID not found.
2019-09-12 09:27:02,923 [IPC Server handler 10 on 36783] WARN  block.DeletedBlockLogImpl (DeletedBlockLogImpl.java:incrementCount(141)) - Deleted TXID not found.
2019-09-12 09:27:02,923 [IPC Server handler 10 on 36783] WARN  block.DeletedBlockLogImpl (DeletedBlockLogImpl.java:incrementCount(141)) - Deleted TXID not found.
2019-09-12 09:27:02,923 [IPC Server handler 10 on 36783] WARN  block.DeletedBlockLogImpl (DeletedBlockLogImpl.java:incrementCount(141)) - Deleted TXID not found.
2019-09-12 09:27:02,923 [IPC Server handler 10 on 36783] WARN  block.DeletedBlockLogImpl (DeletedBlockLogImpl.java:incrementCount(141)) - Deleted TXID not found.
2019-09-12 09:27:02,924 [IPC Server handler 10 on 36783] WARN  block.DeletedBlockLogImpl (DeletedBlockLogImpl.java:incrementCount(141)) - Deleted TXID not found.
2019-09-12 09:27:02,924 [IPC Server handler 10 on 36783] WARN  block.DeletedBlockLogImpl (DeletedBlockLogImpl.java:incrementCount(141)) - Deleted TXID not found.
2019-09-12 09:27:02,924 [IPC Server handler 10 on 36783] WARN  block.DeletedBlockLogImpl (DeletedBlockLogImpl.java:incrementCount(141)) - Deleted TXID not found.
2019-09-12 09:27:02,924 [IPC Server handler 10 on 36783] WARN  block.DeletedBlockLogImpl (DeletedBlockLogImpl.java:incrementCount(141)) - Deleted TXID not found.
2019-09-12 09:27:02,924 [IPC Server handler 10 on 36783] WARN  block.DeletedBlockLogImpl (DeletedBlockLogImpl.java:incrementCount(141)) - Deleted TXID not found.
2019-09-12 09:27:02,924 [IPC Server handler 10 on 36783] WARN  block.DeletedBlockLogImpl (DeletedBlockLogImpl.java:incrementCount(141)) - Deleted TXID not found.
2019-09-12 09:27:02,924 [IPC Server handler 10 on 36783] WARN  block.DeletedBlockLogImpl (DeletedBlockLogImpl.java:incrementCount(141)) - Deleted TXID not found.
2019-09-12 09:27:02,924 [IPC Server handler 10 on 36783] WARN  block.DeletedBlockLogImpl (DeletedBlockLogImpl.java:incrementCount(141)) - Deleted TXID not found.
2019-09-12 09:27:02,925 [IPC Server handler 10 on 36783] WARN  block.DeletedBlockLogImpl (DeletedBlockLogImpl.java:incrementCount(141)) - Deleted TXID not found.
2019-09-12 09:27:02,925 [IPC Server handler 10 on 36783] WARN  block.DeletedBlockLogImpl (DeletedBlockLogImpl.java:incrementCount(141)) - Deleted TXID not found.
2019-09-12 09:27:02,925 [IPC Server handler 10 on 36783] WARN  block.DeletedBlockLogImpl (DeletedBlockLogImpl.java:incrementCount(141)) - Deleted TXID not found.
2019-09-12 09:27:02,925 [IPC Server handler 10 on 36783] WARN  block.DeletedBlockLogImpl (DeletedBlockLogImpl.java:incrementCount(141)) - Deleted TXID not found.
2019-09-12 09:27:02,925 [IPC Server handler 10 on 36783] WARN  block.DeletedBlockLogImpl (DeletedBlockLogImpl.java:incrementCount(141)) - Deleted TXID not found.
2019-09-12 09:27:02,925 [IPC Server handler 10 on 36783] WARN  block.DeletedBlockLogImpl (DeletedBlockLogImpl.java:incrementCount(141)) - Deleted TXID not found.
2019-09-12 09:27:02,925 [IPC Server handler 10 on 36783] WARN  block.DeletedBlockLogImpl (DeletedBlockLogImpl.java:incrementCount(141)) - Deleted TXID not found.
2019-09-12 09:27:02,925 [IPC Server handler 10 on 36783] WARN  block.DeletedBlockLogImpl (DeletedBlockLogImpl.java:incrementCount(141)) - Deleted TXID not found.
2019-09-12 09:27:02,926 [IPC Server handler 10 on 36783] WARN  block.DeletedBlockLogImpl (DeletedBlockLogImpl.java:incrementCount(141)) - Deleted TXID not found.
2019-09-12 09:27:02,926 [IPC Server handler 10 on 36783] WARN  block.DeletedBlockLogImpl (DeletedBlockLogImpl.java:incrementCount(141)) - Deleted TXID not found.
2019-09-12 09:27:02,926 [IPC Server handler 10 on 36783] WARN  block.DeletedBlockLogImpl (DeletedBlockLogImpl.java:incrementCount(141)) - Deleted TXID not found.
2019-09-12 09:27:02,926 [IPC Server handler 10 on 36783] WARN  block.DeletedBlockLogImpl (DeletedBlockLogImpl.java:incrementCount(141)) - Deleted TXID not found.
2019-09-12 09:27:02,926 [IPC Server handler 10 on 36783] WARN  block.DeletedBlockLogImpl (DeletedBlockLogImpl.java:incrementCount(141)) - Deleted TXID not found.
2019-09-12 09:27:02,926 [IPC Server handler 10 on 36783] WARN  block.DeletedBlockLogImpl (DeletedBlockLogImpl.java:incrementCount(141)) - Deleted TXID not found.
2019-09-12 09:27:02,926 [IPC Server handler 10 on 36783] WARN  block.DeletedBlockLogImpl (DeletedBlockLogImpl.java:incrementCount(141)) - Deleted TXID not found.
2019-09-12 09:27:02,926 [IPC Server handler 10 on 36783] WARN  block.DeletedBlockLogImpl (DeletedBlockLogImpl.java:incrementCount(141)) - Deleted TXID not found.
2019-09-12 09:27:02,926 [IPC Server handler 10 on 36783] WARN  block.DeletedBlockLogImpl (DeletedBlockLogImpl.java:incrementCount(141)) - Deleted TXID not found.
2019-09-12 09:27:02,927 [IPC Server handler 10 on 36783] WARN  block.DeletedBlockLogImpl (DeletedBlockLogImpl.java:incrementCount(141)) - Deleted TXID not found.
2019-09-12 09:27:02,927 [IPC Server handler 10 on 36783] WARN  block.DeletedBlockLogImpl (DeletedBlockLogImpl.java:incrementCount(141)) - Deleted TXID not found.
2019-09-12 09:27:02,927 [IPC Server handler 10 on 36783] WARN  block.DeletedBlockLogImpl (DeletedBlockLogImpl.java:incrementCount(141)) - Deleted TXID not found.
2019-09-12 09:27:02,927 [IPC Server handler 10 on 36783] WARN  block.DeletedBlockLogImpl (DeletedBlockLogImpl.java:incrementCount(141)) - Deleted TXID not found.
2019-09-12 09:27:02,927 [IPC Server handler 10 on 36783] WARN  block.DeletedBlockLogImpl (DeletedBlockLogImpl.java:incrementCount(141)) - Deleted TXID not found.
2019-09-12 09:27:02,927 [IPC Server handler 10 on 36783] WARN  block.DeletedBlockLogImpl (DeletedBlockLogImpl.java:incrementCount(141)) - Deleted TXID not found.
2019-09-12 09:27:02,927 [IPC Server handler 10 on 36783] WARN  block.DeletedBlockLogImpl (DeletedBlockLogImpl.java:incrementCount(141)) - Deleted TXID not found.
2019-09-12 09:27:02,927 [IPC Server handler 10 on 36783] WARN  block.DeletedBlockLogImpl (DeletedBlockLogImpl.java:incrementCount(141)) - Deleted TXID not found.
2019-09-12 09:27:02,928 [IPC Server handler 10 on 36783] WARN  block.DeletedBlockLogImpl (DeletedBlockLogImpl.java:incrementCount(141)) - Deleted TXID not found.
2019-09-12 09:27:02,928 [IPC Server handler 10 on 36783] WARN  block.DeletedBlockLogImpl (DeletedBlockLogImpl.java:incrementCount(141)) - Deleted TXID not found.
2019-09-12 09:27:02,928 [IPC Server handler 10 on 36783] WARN  block.DeletedBlockLogImpl (DeletedBlockLogImpl.java:incrementCount(141)) - Deleted TXID not found.
2019-09-12 09:27:02,928 [IPC Server handler 10 on 36783] WARN  block.DeletedBlockLogImpl (DeletedBlockLogImpl.java:incrementCount(141)) - Deleted TXID not found.
2019-09-12 09:27:02,928 [IPC Server handler 10 on 36783] WARN  block.DeletedBlockLogImpl (DeletedBlockLogImpl.java:incrementCount(141)) - Deleted TXID not found.
2019-09-12 09:27:02,928 [IPC Server handler 10 on 36783] WARN  block.DeletedBlockLogImpl (DeletedBlockLogImpl.java:incrementCount(141)) - Deleted TXID not found.
2019-09-12 09:27:02,928 [IPC Server handler 10 on 36783] WARN  block.DeletedBlockLogImpl (DeletedBlockLogImpl.java:incrementCount(141)) - Deleted TXID not found.
2019-09-12 09:27:02,928 [IPC Server handler 10 on 36783] WARN  block.DeletedBlockLogImpl (DeletedBlockLogImpl.java:incrementCount(141)) - Deleted TXID not found.
2019-09-12 09:27:02,929 [IPC Server handler 10 on 36783] WARN  block.DeletedBlockLogImpl (DeletedBlockLogImpl.java:incrementCount(141)) - Deleted TXID not found.
2019-09-12 09:27:02,929 [IPC Server handler 10 on 36783] WARN  block.DeletedBlockLogImpl (DeletedBlockLogImpl.java:incrementCount(141)) - Deleted TXID not found.
2019-09-12 09:27:02,929 [IPC Server handler 10 on 36783] WARN  block.DeletedBlockLogImpl (DeletedBlockLogImpl.java:incrementCount(141)) - Deleted TXID not found.
2019-09-12 09:27:02,931 [pool-7-thread-1] INFO  commands.RetriableDatanodeEventWatcher (RetriableDatanodeEventWatcher.java:onTimeout(47)) - RetriableDatanodeCommand type=deleteBlocksCommand with id=1568280408316 timed out. Retrying.
2019-09-12 09:27:02,931 [pool-7-thread-4] INFO  commands.RetriableDatanodeEventWatcher (RetriableDatanodeEventWatcher.java:onTimeout(47)) - RetriableDatanodeCommand type=deleteBlocksCommand with id=1568280408414 timed out. Retrying.
2019-09-12 09:27:02,937 [pool-7-thread-4] INFO  commands.RetriableDatanodeEventWatcher (RetriableDatanodeEventWatcher.java:onTimeout(47)) - RetriableDatanodeCommand type=deleteBlocksCommand with id=1568280408326 timed out. Retrying.
2019-09-12 09:27:02,944 [pool-7-thread-4] INFO  commands.RetriableDatanodeEventWatcher (RetriableDatanodeEventWatcher.java:onTimeout(47)) - RetriableDatanodeCommand type=deleteBlocksCommand with id=1568280408424 timed out. Retrying.
2019-09-12 09:27:02,960 [pool-7-thread-4] INFO  commands.RetriableDatanodeEventWatcher (RetriableDatanodeEventWatcher.java:onTimeout(47)) - RetriableDatanodeCommand type=deleteBlocksCommand with id=1568280408336 timed out. Retrying.
2019-09-12 09:27:02,970 [pool-7-thread-4] INFO  commands.RetriableDatanodeEventWatcher (RetriableDatanodeEventWatcher.java:onTimeout(47)) - RetriableDatanodeCommand type=deleteBlocksCommand with id=1568280408346 timed out. Retrying.
2019-09-12 09:27:02,975 [pool-7-thread-4] INFO  commands.RetriableDatanodeEventWatcher (RetriableDatanodeEventWatcher.java:onTimeout(47)) - RetriableDatanodeCommand type=deleteBlocksCommand with id=1568280408375 timed out. Retrying.
2019-09-12 09:27:02,987 [pool-7-thread-4] INFO  commands.RetriableDatanodeEventWatcher (RetriableDatanodeEventWatcher.java:onTimeout(47)) - RetriableDatanodeCommand type=deleteBlocksCommand with id=1568280408356 timed out. Retrying.
2019-09-12 09:27:02,989 [pool-7-thread-4] INFO  commands.RetriableDatanodeEventWatcher (RetriableDatanodeEventWatcher.java:onTimeout(47)) - RetriableDatanodeCommand type=deleteBlocksCommand with id=1568280408385 timed out. Retrying.
2019-09-12 09:27:02,991 [pool-7-thread-4] INFO  commands.RetriableDatanodeEventWatcher (RetriableDatanodeEventWatcher.java:onTimeout(47)) - RetriableDatanodeCommand type=deleteBlocksCommand with id=1568280408443 timed out. Retrying.
2019-09-12 09:27:02,999 [SCMBlockDeletingService#1] DEBUG block.SCMBlockDeletingService (SCMBlockDeletingService.java:call(138)) - Running DeletedBlockTransactionScanner
2019-09-12 09:27:02,999 [SCMBlockDeletingService#1] DEBUG block.SCMBlockDeletingService (SCMBlockDeletingService.java:call(155)) - Scanned deleted blocks log and got 0 delTX to process.
2019-09-12 09:27:03,002 [pool-7-thread-4] INFO  commands.RetriableDatanodeEventWatcher (RetriableDatanodeEventWatcher.java:onTimeout(47)) - RetriableDatanodeCommand type=deleteBlocksCommand with id=1568280408366 timed out. Retrying.
2019-09-12 09:27:03,002 [pool-7-thread-1] INFO  commands.RetriableDatanodeEventWatcher (RetriableDatanodeEventWatcher.java:onTimeout(47)) - RetriableDatanodeCommand type=deleteBlocksCommand with id=1568280408395 timed out. Retrying.
2019-09-12 09:27:03,012 [pool-7-thread-1] INFO  commands.RetriableDatanodeEventWatcher (RetriableDatanodeEventWatcher.java:onTimeout(47)) - RetriableDatanodeCommand type=deleteBlocksCommand with id=1568280408434 timed out. Retrying.
2019-09-12 09:27:03,017 [pool-7-thread-1] INFO  commands.RetriableDatanodeEventWatcher (RetriableDatanodeEventWatcher.java:onTimeout(47)) - RetriableDatanodeCommand type=deleteBlocksCommand with id=1568280408405 timed out. Retrying.
2019-09-12 09:27:03,030 [pool-7-thread-1] INFO  commands.RetriableDatanodeEventWatcher (RetriableDatanodeEventWatcher.java:onTimeout(47)) - RetriableDatanodeCommand type=deleteBlocksCommand with id=1568280408317 timed out. Retrying.
2019-09-12 09:27:03,030 [pool-7-thread-4] INFO  commands.RetriableDatanodeEventWatcher (RetriableDatanodeEventWatcher.java:onTimeout(47)) - RetriableDatanodeCommand type=deleteBlocksCommand with id=1568280408415 timed out. Retrying.
2019-09-12 09:27:03,046 [pool-7-thread-4] INFO  commands.RetriableDatanodeEventWatcher (RetriableDatanodeEventWatcher.java:onTimeout(47)) - RetriableDatanodeCommand type=deleteBlocksCommand with id=1568280408327 timed out. Retrying.
2019-09-12 09:27:03,046 [pool-7-thread-1] INFO  commands.RetriableDatanodeEventWatcher (RetriableDatanodeEventWatcher.java:onTimeout(47)) - RetriableDatanodeCommand type=deleteBlocksCommand with id=1568280408425 timed out. Retrying.
2019-09-12 09:27:03,056 [pool-7-thread-1] INFO  commands.RetriableDatanodeEventWatcher (RetriableDatanodeEventWatcher.java:onTimeout(47)) - RetriableDatanodeCommand type=deleteBlocksCommand with id=1568280408337 timed out. Retrying.
2019-09-12 09:27:03,077 [pool-7-thread-4] INFO  commands.RetriableDatanodeEventWatcher (RetriableDatanodeEventWatcher.java:onTimeout(47)) - RetriableDatanodeCommand type=deleteBlocksCommand with id=1568280408347 timed out. Retrying.
2019-09-12 09:27:03,077 [pool-7-thread-1] INFO  commands.RetriableDatanodeEventWatcher (RetriableDatanodeEventWatcher.java:onTimeout(47)) - RetriableDatanodeCommand type=deleteBlocksCommand with id=1568280408376 timed out. Retrying.
2019-09-12 09:27:03,086 [pool-7-thread-4] INFO  commands.RetriableDatanodeEventWatcher (RetriableDatanodeEventWatcher.java:onTimeout(47)) - RetriableDatanodeCommand type=deleteBlocksCommand with id=1568280408386 timed out. Retrying.
2019-09-12 09:27:03,086 [pool-7-thread-1] INFO  commands.RetriableDatanodeEventWatcher (RetriableDatanodeEventWatcher.java:onTimeout(47)) - RetriableDatanodeCommand type=deleteBlocksCommand with id=1568280408357 timed out. Retrying.
2019-09-12 09:27:03,092 [pool-7-thread-1] INFO  commands.RetriableDatanodeEventWatcher (RetriableDatanodeEventWatcher.java:onTimeout(47)) - RetriableDatanodeCommand type=deleteBlocksCommand with id=1568280408444 timed out. Retrying.
2019-09-12 09:27:03,099 [SCMBlockDeletingService#1] DEBUG block.SCMBlockDeletingService (SCMBlockDeletingService.java:call(138)) - Running DeletedBlockTransactionScanner
2019-09-12 09:27:03,099 [SCMBlockDeletingService#1] DEBUG block.SCMBlockDeletingService (SCMBlockDeletingService.java:call(155)) - Scanned deleted blocks log and got 0 delTX to process.
2019-09-12 09:27:03,103 [pool-7-thread-1] INFO  commands.RetriableDatanodeEventWatcher (RetriableDatanodeEventWatcher.java:onTimeout(47)) - RetriableDatanodeCommand type=deleteBlocksCommand with id=1568280408367 timed out. Retrying.
2019-09-12 09:27:03,104 [pool-7-thread-4] INFO  commands.RetriableDatanodeEventWatcher (RetriableDatanodeEventWatcher.java:onTimeout(47)) - RetriableDatanodeCommand type=deleteBlocksCommand with id=1568280408396 timed out. Retrying.
2019-09-12 09:27:03,112 [pool-7-thread-4] INFO  commands.RetriableDatanodeEventWatcher (RetriableDatanodeEventWatcher.java:onTimeout(47)) - RetriableDatanodeCommand type=deleteBlocksCommand with id=1568280408435 timed out. Retrying.
2019-09-12 09:27:03,119 [IPC Server handler 5 on 36783] WARN  block.DeletedBlockLogImpl (DeletedBlockLogImpl.java:incrementCount(141)) - Deleted TXID not found.
2019-09-12 09:27:03,119 [IPC Server handler 5 on 36783] WARN  block.DeletedBlockLogImpl (DeletedBlockLogImpl.java:incrementCount(141)) - Deleted TXID not found.
2019-09-12 09:27:03,119 [IPC Server handler 5 on 36783] WARN  block.DeletedBlockLogImpl (DeletedBlockLogImpl.java:incrementCount(141)) - Deleted TXID not found.
2019-09-12 09:27:03,119 [IPC Server handler 5 on 36783] WARN  block.DeletedBlockLogImpl (DeletedBlockLogImpl.java:incrementCount(141)) - Deleted TXID not found.
2019-09-12 09:27:03,119 [IPC Server handler 5 on 36783] WARN  block.DeletedBlockLogImpl (DeletedBlockLogImpl.java:incrementCount(141)) - Deleted TXID not found.
2019-09-12 09:27:03,120 [IPC Server handler 5 on 36783] WARN  block.DeletedBlockLogImpl (DeletedBlockLogImpl.java:incrementCount(141)) - Deleted TXID not found.
2019-09-12 09:27:03,120 [IPC Server handler 5 on 36783] WARN  block.DeletedBlockLogImpl (DeletedBlockLogImpl.java:incrementCount(141)) - Deleted TXID not found.
2019-09-12 09:27:03,120 [IPC Server handler 5 on 36783] WARN  block.DeletedBlockLogImpl (DeletedBlockLogImpl.java:incrementCount(141)) - Deleted TXID not found.
2019-09-12 09:27:03,120 [IPC Server handler 5 on 36783] WARN  block.DeletedBlockLogImpl (DeletedBlockLogImpl.java:incrementCount(141)) - Deleted TXID not found.
2019-09-12 09:27:03,120 [IPC Server handler 5 on 36783] WARN  block.DeletedBlockLogImpl (DeletedBlockLogImpl.java:incrementCount(141)) - Deleted TXID not found.
2019-09-12 09:27:03,120 [IPC Server handler 5 on 36783] WARN  block.DeletedBlockLogImpl (DeletedBlockLogImpl.java:incrementCount(141)) - Deleted TXID not found.
2019-09-12 09:27:03,120 [IPC Server handler 5 on 36783] WARN  block.DeletedBlockLogImpl (DeletedBlockLogImpl.java:incrementCount(141)) - Deleted TXID not found.
2019-09-12 09:27:03,120 [IPC Server handler 5 on 36783] WARN  block.DeletedBlockLogImpl (DeletedBlockLogImpl.java:incrementCount(141)) - Deleted TXID not found.
2019-09-12 09:27:03,120 [IPC Server handler 5 on 36783] WARN  block.DeletedBlockLogImpl (DeletedBlockLogImpl.java:incrementCount(141)) - Deleted TXID not found.
2019-09-12 09:27:03,121 [IPC Server handler 5 on 36783] WARN  block.DeletedBlockLogImpl (DeletedBlockLogImpl.java:incrementCount(141)) - Deleted TXID not found.
2019-09-12 09:27:03,121 [IPC Server handler 5 on 36783] WARN  block.DeletedBlockLogImpl (DeletedBlockLogImpl.java:incrementCount(141)) - Deleted TXID not found.
2019-09-12 09:27:03,121 [IPC Server handler 5 on 36783] WARN  block.DeletedBlockLogImpl (DeletedBlockLogImpl.java:incrementCount(141)) - Deleted TXID not found.
2019-09-12 09:27:03,121 [IPC Server handler 5 on 36783] WARN  block.DeletedBlockLogImpl (DeletedBlockLogImpl.java:incrementCount(141)) - Deleted TXID not found.
2019-09-12 09:27:03,121 [IPC Server handler 5 on 36783] WARN  block.DeletedBlockLogImpl (DeletedBlockLogImpl.java:incrementCount(141)) - Deleted TXID not found.
2019-09-12 09:27:03,121 [IPC Server handler 5 on 36783] WARN  block.DeletedBlockLogImpl (DeletedBlockLogImpl.java:incrementCount(141)) - Deleted TXID not found.
2019-09-12 09:27:03,121 [IPC Server handler 5 on 36783] WARN  block.DeletedBlockLogImpl (DeletedBlockLogImpl.java:incrementCount(141)) - Deleted TXID not found.
2019-09-12 09:27:03,121 [IPC Server handler 5 on 36783] WARN  block.DeletedBlockLogImpl (DeletedBlockLogImpl.java:incrementCount(141)) - Deleted TXID not found.
2019-09-12 09:27:03,122 [IPC Server handler 5 on 36783] WARN  block.DeletedBlockLogImpl (DeletedBlockLogImpl.java:incrementCount(141)) - Deleted TXID not found.
2019-09-12 09:27:03,122 [IPC Server handler 5 on 36783] WARN  block.DeletedBlockLogImpl (DeletedBlockLogImpl.java:incrementCount(141)) - Deleted TXID not found.
2019-09-12 09:27:03,122 [IPC Server handler 5 on 36783] WARN  block.DeletedBlockLogImpl (DeletedBlockLogImpl.java:incrementCount(141)) - Deleted TXID not found.
2019-09-12 09:27:03,122 [IPC Server handler 5 on 36783] WARN  block.DeletedBlockLogImpl (DeletedBlockLogImpl.java:incrementCount(141)) - Deleted TXID not found.
2019-09-12 09:27:03,122 [IPC Server handler 5 on 36783] WARN  block.DeletedBlockLogImpl (DeletedBlockLogImpl.java:incrementCount(141)) - Deleted TXID not found.
2019-09-12 09:27:03,122 [IPC Server handler 5 on 36783] WARN  block.DeletedBlockLogImpl (DeletedBlockLogImpl.java:incrementCount(141)) - Deleted TXID not found.
2019-09-12 09:27:03,122 [IPC Server handler 5 on 36783] WARN  block.DeletedBlockLogImpl (DeletedBlockLogImpl.java:incrementCount(141)) - Deleted TXID not found.
2019-09-12 09:27:03,122 [IPC Server handler 5 on 36783] WARN  block.DeletedBlockLogImpl (DeletedBlockLogImpl.java:incrementCount(141)) - Deleted TXID not found.
2019-09-12 09:27:03,122 [IPC Server handler 5 on 36783] WARN  block.DeletedBlockLogImpl (DeletedBlockLogImpl.java:incrementCount(141)) - Deleted TXID not found.
2019-09-12 09:27:03,123 [IPC Server handler 5 on 36783] WARN  block.DeletedBlockLogImpl (DeletedBlockLogImpl.java:incrementCount(141)) - Deleted TXID not found.
2019-09-12 09:27:03,123 [IPC Server handler 5 on 36783] WARN  block.DeletedBlockLogImpl (DeletedBlockLogImpl.java:incrementCount(141)) - Deleted TXID not found.
2019-09-12 09:27:03,123 [IPC Server handler 5 on 36783] WARN  block.DeletedBlockLogImpl (DeletedBlockLogImpl.java:incrementCount(141)) - Deleted TXID not found.
2019-09-12 09:27:03,123 [IPC Server handler 5 on 36783] WARN  block.DeletedBlockLogImpl (DeletedBlockLogImpl.java:incrementCount(141)) - Deleted TXID not found.
2019-09-12 09:27:03,123 [IPC Server handler 5 on 36783] WARN  block.DeletedBlockLogImpl (DeletedBlockLogImpl.java:incrementCount(141)) - Deleted TXID not found.
2019-09-12 09:27:03,123 [IPC Server handler 5 on 36783] WARN  block.DeletedBlockLogImpl (DeletedBlockLogImpl.java:incrementCount(141)) - Deleted TXID not found.
2019-09-12 09:27:03,123 [IPC Server handler 5 on 36783] WARN  block.DeletedBlockLogImpl (DeletedBlockLogImpl.java:incrementCount(141)) - Deleted TXID not found.
2019-09-12 09:27:03,123 [IPC Server handler 5 on 36783] WARN  block.DeletedBlockLogImpl (DeletedBlockLogImpl.java:incrementCount(141)) - Deleted TXID not found.
2019-09-12 09:27:03,123 [IPC Server handler 5 on 36783] WARN  block.DeletedBlockLogImpl (DeletedBlockLogImpl.java:incrementCount(141)) - Deleted TXID not found.
2019-09-12 09:27:03,124 [IPC Server handler 5 on 36783] WARN  block.DeletedBlockLogImpl (DeletedBlockLogImpl.java:incrementCount(141)) - Deleted TXID not found.
2019-09-12 09:27:03,124 [IPC Server handler 5 on 36783] WARN  block.DeletedBlockLogImpl (DeletedBlockLogImpl.java:incrementCount(141)) - Deleted TXID not found.
2019-09-12 09:27:03,124 [IPC Server handler 5 on 36783] WARN  block.DeletedBlockLogImpl (DeletedBlockLogImpl.java:incrementCount(141)) - Deleted TXID not found.
2019-09-12 09:27:03,124 [IPC Server handler 5 on 36783] WARN  block.DeletedBlockLogImpl (DeletedBlockLogImpl.java:incrementCount(141)) - Deleted TXID not found.
2019-09-12 09:27:03,124 [IPC Server handler 5 on 36783] WARN  block.DeletedBlockLogImpl (DeletedBlockLogImpl.java:incrementCount(141)) - Deleted TXID not found.
2019-09-12 09:27:03,124 [IPC Server handler 5 on 36783] WARN  block.DeletedBlockLogImpl (DeletedBlockLogImpl.java:incrementCount(141)) - Deleted TXID not found.
2019-09-12 09:27:03,124 [IPC Server handler 5 on 36783] WARN  block.DeletedBlockLogImpl (DeletedBlockLogImpl.java:incrementCount(141)) - Deleted TXID not found.
2019-09-12 09:27:03,124 [IPC Server handler 5 on 36783] WARN  block.DeletedBlockLogImpl (DeletedBlockLogImpl.java:incrementCount(141)) - Deleted TXID not found.
2019-09-12 09:27:03,124 [IPC Server handler 5 on 36783] WARN  block.DeletedBlockLogImpl (DeletedBlockLogImpl.java:incrementCount(141)) - Deleted TXID not found.
2019-09-12 09:27:03,125 [IPC Server handler 5 on 36783] WARN  block.DeletedBlockLogImpl (DeletedBlockLogImpl.java:incrementCount(141)) - Deleted TXID not found.
2019-09-12 09:27:03,125 [IPC Server handler 5 on 36783] WARN  block.DeletedBlockLogImpl (DeletedBlockLogImpl.java:incrementCount(141)) - Deleted TXID not found.
2019-09-12 09:27:03,125 [IPC Server handler 5 on 36783] WARN  block.DeletedBlockLogImpl (DeletedBlockLogImpl.java:incrementCount(141)) - Deleted TXID not found.
2019-09-12 09:27:03,125 [IPC Server handler 5 on 36783] WARN  block.DeletedBlockLogImpl (DeletedBlockLogImpl.java:incrementCount(141)) - Deleted TXID not found.
2019-09-12 09:27:03,125 [IPC Server handler 5 on 36783] WARN  block.DeletedBlockLogImpl (DeletedBlockLogImpl.java:incrementCount(141)) - Deleted TXID not found.
2019-09-12 09:27:03,125 [IPC Server handler 5 on 36783] WARN  block.DeletedBlockLogImpl (DeletedBlockLogImpl.java:incrementCount(141)) - Deleted TXID not found.
2019-09-12 09:27:03,125 [IPC Server handler 5 on 36783] WARN  block.DeletedBlockLogImpl (DeletedBlockLogImpl.java:incrementCount(141)) - Deleted TXID not found.
2019-09-12 09:27:03,125 [IPC Server handler 5 on 36783] WARN  block.DeletedBlockLogImpl (DeletedBlockLogImpl.java:incrementCount(141)) - Deleted TXID not found.
2019-09-12 09:27:03,125 [IPC Server handler 5 on 36783] WARN  block.DeletedBlockLogImpl (DeletedBlockLogImpl.java:incrementCount(141)) - Deleted TXID not found.
2019-09-12 09:27:03,125 [IPC Server handler 5 on 36783] WARN  block.DeletedBlockLogImpl (DeletedBlockLogImpl.java:incrementCount(141)) - Deleted TXID not found.
2019-09-12 09:27:03,126 [IPC Server handler 5 on 36783] WARN  block.DeletedBlockLogImpl (DeletedBlockLogImpl.java:incrementCount(141)) - Deleted TXID not found.
2019-09-12 09:27:03,126 [IPC Server handler 5 on 36783] WARN  block.DeletedBlockLogImpl (DeletedBlockLogImpl.java:incrementCount(141)) - Deleted TXID not found.
2019-09-12 09:27:03,126 [IPC Server handler 5 on 36783] WARN  block.DeletedBlockLogImpl (DeletedBlockLogImpl.java:incrementCount(141)) - Deleted TXID not found.
2019-09-12 09:27:03,126 [IPC Server handler 5 on 36783] WARN  block.DeletedBlockLogImpl (DeletedBlockLogImpl.java:incrementCount(141)) - Deleted TXID not found.
2019-09-12 09:27:03,126 [IPC Server handler 5 on 36783] WARN  block.DeletedBlockLogImpl (DeletedBlockLogImpl.java:incrementCount(141)) - Deleted TXID not found.
2019-09-12 09:27:03,126 [IPC Server handler 5 on 36783] WARN  block.DeletedBlockLogImpl (DeletedBlockLogImpl.java:incrementCount(141)) - Deleted TXID not found.
2019-09-12 09:27:03,126 [IPC Server handler 5 on 36783] WARN  block.DeletedBlockLogImpl (DeletedBlockLogImpl.java:incrementCount(141)) - Deleted TXID not found.
2019-09-12 09:27:03,126 [IPC Server handler 5 on 36783] WARN  block.DeletedBlockLogImpl (DeletedBlockLogImpl.java:incrementCount(141)) - Deleted TXID not found.
2019-09-12 09:27:03,126 [IPC Server handler 5 on 36783] WARN  block.DeletedBlockLogImpl (DeletedBlockLogImpl.java:incrementCount(141)) - Deleted TXID not found.
2019-09-12 09:27:03,127 [IPC Server handler 5 on 36783] WARN  block.DeletedBlockLogImpl (DeletedBlockLogImpl.java:incrementCount(141)) - Deleted TXID not found.
2019-09-12 09:27:03,127 [IPC Server handler 5 on 36783] WARN  block.DeletedBlockLogImpl (DeletedBlockLogImpl.java:incrementCount(141)) - Deleted TXID not found.
2019-09-12 09:27:03,127 [IPC Server handler 5 on 36783] WARN  block.DeletedBlockLogImpl (DeletedBlockLogImpl.java:incrementCount(141)) - Deleted TXID not found.
2019-09-12 09:27:03,127 [IPC Server handler 5 on 36783] WARN  block.DeletedBlockLogImpl (DeletedBlockLogImpl.java:incrementCount(141)) - Deleted TXID not found.
2019-09-12 09:27:03,127 [IPC Server handler 5 on 36783] WARN  block.DeletedBlockLogImpl (DeletedBlockLogImpl.java:incrementCount(141)) - Deleted TXID not found.
2019-09-12 09:27:03,127 [IPC Server handler 5 on 36783] WARN  block.DeletedBlockLogImpl (DeletedBlockLogImpl.java:incrementCount(141)) - Deleted TXID not found.
2019-09-12 09:27:03,127 [IPC Server handler 5 on 36783] WARN  block.DeletedBlockLogImpl (DeletedBlockLogImpl.java:incrementCount(141)) - Deleted TXID not found.
2019-09-12 09:27:03,127 [IPC Server handler 5 on 36783] WARN  block.DeletedBlockLogImpl (DeletedBlockLogImpl.java:incrementCount(141)) - Deleted TXID not found.
2019-09-12 09:27:03,127 [IPC Server handler 5 on 36783] WARN  block.DeletedBlockLogImpl (DeletedBlockLogImpl.java:incrementCount(141)) - Deleted TXID not found.
2019-09-12 09:27:03,127 [IPC Server handler 5 on 36783] WARN  block.DeletedBlockLogImpl (DeletedBlockLogImpl.java:incrementCount(141)) - Deleted TXID not found.
2019-09-12 09:27:03,128 [IPC Server handler 5 on 36783] WARN  block.DeletedBlockLogImpl (DeletedBlockLogImpl.java:incrementCount(141)) - Deleted TXID not found.
2019-09-12 09:27:03,128 [IPC Server handler 5 on 36783] WARN  block.DeletedBlockLogImpl (DeletedBlockLogImpl.java:incrementCount(141)) - Deleted TXID not found.
2019-09-12 09:27:03,128 [IPC Server handler 5 on 36783] WARN  block.DeletedBlockLogImpl (DeletedBlockLogImpl.java:incrementCount(141)) - Deleted TXID not found.
2019-09-12 09:27:03,194 [pool-7-thread-4] INFO  commands.RetriableDatanodeEventWatcher (RetriableDatanodeEventWatcher.java:onTimeout(47)) - RetriableDatanodeCommand type=deleteBlocksCommand with id=1568280408445 timed out. Retrying.
2019-09-12 09:27:03,200 [SCMBlockDeletingService#1] DEBUG block.SCMBlockDeletingService (SCMBlockDeletingService.java:call(138)) - Running DeletedBlockTransactionScanner
2019-09-12 09:27:03,200 [SCMBlockDeletingService#1] DEBUG block.SCMBlockDeletingService (SCMBlockDeletingService.java:call(155)) - Scanned deleted blocks log and got 0 delTX to process.
2019-09-12 09:27:03,268 [pool-7-thread-4] INFO  commands.RetriableDatanodeEventWatcher (RetriableDatanodeEventWatcher.java:onTimeout(47)) - RetriableDatanodeCommand type=deleteBlocksCommand with id=1568280408436 timed out. Retrying.
2019-09-12 09:27:03,295 [pool-7-thread-4] INFO  commands.RetriableDatanodeEventWatcher (RetriableDatanodeEventWatcher.java:onTimeout(47)) - RetriableDatanodeCommand type=deleteBlocksCommand with id=1568280408446 timed out. Retrying.
2019-09-12 09:27:03,300 [SCMBlockDeletingService#1] DEBUG block.SCMBlockDeletingService (SCMBlockDeletingService.java:call(138)) - Running DeletedBlockTransactionScanner
2019-09-12 09:27:03,301 [SCMBlockDeletingService#1] DEBUG block.SCMBlockDeletingService (SCMBlockDeletingService.java:call(155)) - Scanned deleted blocks log and got 0 delTX to process.
2019-09-12 09:27:03,319 [IPC Server handler 12 on 36783] WARN  block.DeletedBlockLogImpl (DeletedBlockLogImpl.java:incrementCount(141)) - Deleted TXID not found.
2019-09-12 09:27:03,319 [IPC Server handler 12 on 36783] WARN  block.DeletedBlockLogImpl (DeletedBlockLogImpl.java:incrementCount(141)) - Deleted TXID not found.
2019-09-12 09:27:03,319 [IPC Server handler 12 on 36783] WARN  block.DeletedBlockLogImpl (DeletedBlockLogImpl.java:incrementCount(141)) - Deleted TXID not found.
2019-09-12 09:27:03,320 [IPC Server handler 12 on 36783] WARN  block.DeletedBlockLogImpl (DeletedBlockLogImpl.java:incrementCount(141)) - Deleted TXID not found.
2019-09-12 09:27:03,320 [IPC Server handler 12 on 36783] WARN  block.DeletedBlockLogImpl (DeletedBlockLogImpl.java:incrementCount(141)) - Deleted TXID not found.
2019-09-12 09:27:03,320 [IPC Server handler 12 on 36783] WARN  block.DeletedBlockLogImpl (DeletedBlockLogImpl.java:incrementCount(141)) - Deleted TXID not found.
2019-09-12 09:27:03,320 [IPC Server handler 12 on 36783] WARN  block.DeletedBlockLogImpl (DeletedBlockLogImpl.java:incrementCount(141)) - Deleted TXID not found.
2019-09-12 09:27:03,320 [IPC Server handler 12 on 36783] WARN  block.DeletedBlockLogImpl (DeletedBlockLogImpl.java:incrementCount(141)) - Deleted TXID not found.
2019-09-12 09:27:03,320 [IPC Server handler 12 on 36783] WARN  block.DeletedBlockLogImpl (DeletedBlockLogImpl.java:incrementCount(141)) - Deleted TXID not found.
2019-09-12 09:27:03,370 [pool-7-thread-4] INFO  commands.RetriableDatanodeEventWatcher (RetriableDatanodeEventWatcher.java:onTimeout(47)) - RetriableDatanodeCommand type=deleteBlocksCommand with id=1568280408437 timed out. Retrying.
2019-09-12 09:27:03,395 [pool-7-thread-4] INFO  commands.RetriableDatanodeEventWatcher (RetriableDatanodeEventWatcher.java:onTimeout(47)) - RetriableDatanodeCommand type=deleteBlocksCommand with id=1568280408447 timed out. Retrying.
2019-09-12 09:27:03,401 [SCMBlockDeletingService#1] DEBUG block.SCMBlockDeletingService (SCMBlockDeletingService.java:call(138)) - Running DeletedBlockTransactionScanner
2019-09-12 09:27:03,401 [SCMBlockDeletingService#1] DEBUG block.SCMBlockDeletingService (SCMBlockDeletingService.java:call(155)) - Scanned deleted blocks log and got 0 delTX to process.
2019-09-12 09:27:03,424 [pool-7-thread-4] INFO  commands.RetriableDatanodeEventWatcher (RetriableDatanodeEventWatcher.java:onTimeout(47)) - RetriableDatanodeCommand type=deleteBlocksCommand with id=1568280408409 timed out. Retrying.
2019-09-12 09:27:03,435 [pool-7-thread-4] INFO  commands.RetriableDatanodeEventWatcher (RetriableDatanodeEventWatcher.java:onTimeout(47)) - RetriableDatanodeCommand type=deleteBlocksCommand with id=1568280408321 timed out. Retrying.
2019-09-12 09:27:03,438 [pool-7-thread-4] INFO  commands.RetriableDatanodeEventWatcher (RetriableDatanodeEventWatcher.java:onTimeout(47)) - RetriableDatanodeCommand type=deleteBlocksCommand with id=1568280408419 timed out. Retrying.
2019-09-12 09:27:03,483 [pool-7-thread-4] INFO  commands.RetriableDatanodeEventWatcher (RetriableDatanodeEventWatcher.java:onTimeout(47)) - RetriableDatanodeCommand type=deleteBlocksCommand with id=1568280408380 timed out. Retrying.
2019-09-12 09:27:03,483 [pool-7-thread-1] INFO  commands.RetriableDatanodeEventWatcher (RetriableDatanodeEventWatcher.java:onTimeout(47)) - RetriableDatanodeCommand type=deleteBlocksCommand with id=1568280408341 timed out. Retrying.
2019-09-12 09:27:03,486 [pool-7-thread-1] INFO  commands.RetriableDatanodeEventWatcher (RetriableDatanodeEventWatcher.java:onTimeout(47)) - RetriableDatanodeCommand type=deleteBlocksCommand with id=1568280408331 timed out. Retrying.
2019-09-12 09:27:03,486 [pool-7-thread-6] INFO  commands.RetriableDatanodeEventWatcher (RetriableDatanodeEventWatcher.java:onTimeout(47)) - RetriableDatanodeCommand type=deleteBlocksCommand with id=1568280408429 timed out. Retrying.
2019-09-12 09:27:03,486 [pool-7-thread-4] INFO  commands.RetriableDatanodeEventWatcher (RetriableDatanodeEventWatcher.java:onTimeout(47)) - RetriableDatanodeCommand type=deleteBlocksCommand with id=1568280408351 timed out. Retrying.
2019-09-12 09:27:03,487 [pool-7-thread-3] INFO  commands.RetriableDatanodeEventWatcher (RetriableDatanodeEventWatcher.java:onTimeout(47)) - RetriableDatanodeCommand type=deleteBlocksCommand with id=1568280408438 timed out. Retrying.
2019-09-12 09:27:03,496 [pool-7-thread-3] INFO  commands.RetriableDatanodeEventWatcher (RetriableDatanodeEventWatcher.java:onTimeout(47)) - RetriableDatanodeCommand type=deleteBlocksCommand with id=1568280408448 timed out. Retrying.
2019-09-12 09:27:03,498 [pool-7-thread-3] INFO  commands.RetriableDatanodeEventWatcher (RetriableDatanodeEventWatcher.java:onTimeout(47)) - RetriableDatanodeCommand type=deleteBlocksCommand with id=1568280408361 timed out. Retrying.
2019-09-12 09:27:03,498 [pool-7-thread-4] INFO  commands.RetriableDatanodeEventWatcher (RetriableDatanodeEventWatcher.java:onTimeout(47)) - RetriableDatanodeCommand type=deleteBlocksCommand with id=1568280408390 timed out. Retrying.
2019-09-12 09:27:03,502 [SCMBlockDeletingService#1] DEBUG block.SCMBlockDeletingService (SCMBlockDeletingService.java:call(138)) - Running DeletedBlockTransactionScanner
2019-09-12 09:27:03,502 [SCMBlockDeletingService#1] DEBUG block.SCMBlockDeletingService (SCMBlockDeletingService.java:call(155)) - Scanned deleted blocks log and got 0 delTX to process.
2019-09-12 09:27:03,506 [pool-7-thread-4] INFO  commands.RetriableDatanodeEventWatcher (RetriableDatanodeEventWatcher.java:onTimeout(47)) - RetriableDatanodeCommand type=deleteBlocksCommand with id=1568280408371 timed out. Retrying.
2019-09-12 09:27:03,508 [pool-7-thread-4] INFO  commands.RetriableDatanodeEventWatcher (RetriableDatanodeEventWatcher.java:onTimeout(47)) - RetriableDatanodeCommand type=deleteBlocksCommand with id=1568280408400 timed out. Retrying.
2019-09-12 09:27:03,520 [IPC Server handler 19 on 36783] WARN  block.DeletedBlockLogImpl (DeletedBlockLogImpl.java:incrementCount(141)) - Deleted TXID not found.
2019-09-12 09:27:03,520 [IPC Server handler 19 on 36783] WARN  block.DeletedBlockLogImpl (DeletedBlockLogImpl.java:incrementCount(141)) - Deleted TXID not found.
2019-09-12 09:27:03,520 [IPC Server handler 19 on 36783] WARN  block.DeletedBlockLogImpl (DeletedBlockLogImpl.java:incrementCount(141)) - Deleted TXID not found.
2019-09-12 09:27:03,520 [IPC Server handler 19 on 36783] WARN  block.DeletedBlockLogImpl (DeletedBlockLogImpl.java:incrementCount(141)) - Deleted TXID not found.
2019-09-12 09:27:03,520 [IPC Server handler 19 on 36783] WARN  block.DeletedBlockLogImpl (DeletedBlockLogImpl.java:incrementCount(141)) - Deleted TXID not found.
2019-09-12 09:27:03,520 [IPC Server handler 19 on 36783] WARN  block.DeletedBlockLogImpl (DeletedBlockLogImpl.java:incrementCount(141)) - Deleted TXID not found.
2019-09-12 09:27:03,520 [IPC Server handler 19 on 36783] WARN  block.DeletedBlockLogImpl (DeletedBlockLogImpl.java:incrementCount(141)) - Deleted TXID not found.
2019-09-12 09:27:03,520 [IPC Server handler 19 on 36783] WARN  block.DeletedBlockLogImpl (DeletedBlockLogImpl.java:incrementCount(141)) - Deleted TXID not found.
2019-09-12 09:27:03,520 [IPC Server handler 19 on 36783] WARN  block.DeletedBlockLogImpl (DeletedBlockLogImpl.java:incrementCount(141)) - Deleted TXID not found.
2019-09-12 09:27:03,521 [IPC Server handler 19 on 36783] WARN  block.DeletedBlockLogImpl (DeletedBlockLogImpl.java:incrementCount(141)) - Deleted TXID not found.
2019-09-12 09:27:03,521 [IPC Server handler 19 on 36783] WARN  block.DeletedBlockLogImpl (DeletedBlockLogImpl.java:incrementCount(141)) - Deleted TXID not found.
2019-09-12 09:27:03,521 [IPC Server handler 19 on 36783] WARN  block.DeletedBlockLogImpl (DeletedBlockLogImpl.java:incrementCount(141)) - Deleted TXID not found.
2019-09-12 09:27:03,521 [IPC Server handler 19 on 36783] WARN  block.DeletedBlockLogImpl (DeletedBlockLogImpl.java:incrementCount(141)) - Deleted TXID not found.
2019-09-12 09:27:03,521 [IPC Server handler 19 on 36783] WARN  block.DeletedBlockLogImpl (DeletedBlockLogImpl.java:incrementCount(141)) - Deleted TXID not found.
2019-09-12 09:27:03,521 [IPC Server handler 19 on 36783] WARN  block.DeletedBlockLogImpl (DeletedBlockLogImpl.java:incrementCount(141)) - Deleted TXID not found.
2019-09-12 09:27:03,521 [IPC Server handler 19 on 36783] WARN  block.DeletedBlockLogImpl (DeletedBlockLogImpl.java:incrementCount(141)) - Deleted TXID not found.
2019-09-12 09:27:03,521 [IPC Server handler 19 on 36783] WARN  block.DeletedBlockLogImpl (DeletedBlockLogImpl.java:incrementCount(141)) - Deleted TXID not found.
2019-09-12 09:27:03,521 [IPC Server handler 19 on 36783] WARN  block.DeletedBlockLogImpl (DeletedBlockLogImpl.java:incrementCount(141)) - Deleted TXID not found.
2019-09-12 09:27:03,521 [IPC Server handler 19 on 36783] WARN  block.DeletedBlockLogImpl (DeletedBlockLogImpl.java:incrementCount(141)) - Deleted TXID not found.
2019-09-12 09:27:03,522 [IPC Server handler 19 on 36783] WARN  block.DeletedBlockLogImpl (DeletedBlockLogImpl.java:incrementCount(141)) - Deleted TXID not found.
2019-09-12 09:27:03,522 [IPC Server handler 19 on 36783] WARN  block.DeletedBlockLogImpl (DeletedBlockLogImpl.java:incrementCount(141)) - Deleted TXID not found.
2019-09-12 09:27:03,522 [IPC Server handler 19 on 36783] WARN  block.DeletedBlockLogImpl (DeletedBlockLogImpl.java:incrementCount(141)) - Deleted TXID not found.
2019-09-12 09:27:03,522 [IPC Server handler 19 on 36783] WARN  block.DeletedBlockLogImpl (DeletedBlockLogImpl.java:incrementCount(141)) - Deleted TXID not found.
2019-09-12 09:27:03,522 [IPC Server handler 19 on 36783] WARN  block.DeletedBlockLogImpl (DeletedBlockLogImpl.java:incrementCount(141)) - Deleted TXID not found.
2019-09-12 09:27:03,522 [IPC Server handler 19 on 36783] WARN  block.DeletedBlockLogImpl (DeletedBlockLogImpl.java:incrementCount(141)) - Deleted TXID not found.
2019-09-12 09:27:03,522 [IPC Server handler 19 on 36783] WARN  block.DeletedBlockLogImpl (DeletedBlockLogImpl.java:incrementCount(141)) - Deleted TXID not found.
2019-09-12 09:27:03,522 [IPC Server handler 19 on 36783] WARN  block.DeletedBlockLogImpl (DeletedBlockLogImpl.java:incrementCount(141)) - Deleted TXID not found.
2019-09-12 09:27:03,522 [IPC Server handler 19 on 36783] WARN  block.DeletedBlockLogImpl (DeletedBlockLogImpl.java:incrementCount(141)) - Deleted TXID not found.
2019-09-12 09:27:03,522 [IPC Server handler 19 on 36783] WARN  block.DeletedBlockLogImpl (DeletedBlockLogImpl.java:incrementCount(141)) - Deleted TXID not found.
2019-09-12 09:27:03,522 [IPC Server handler 19 on 36783] WARN  block.DeletedBlockLogImpl (DeletedBlockLogImpl.java:incrementCount(141)) - Deleted TXID not found.
2019-09-12 09:27:03,523 [IPC Server handler 19 on 36783] WARN  block.DeletedBlockLogImpl (DeletedBlockLogImpl.java:incrementCount(141)) - Deleted TXID not found.
2019-09-12 09:27:03,523 [IPC Server handler 19 on 36783] WARN  block.DeletedBlockLogImpl (DeletedBlockLogImpl.java:incrementCount(141)) - Deleted TXID not found.
2019-09-12 09:27:03,523 [IPC Server handler 19 on 36783] WARN  block.DeletedBlockLogImpl (DeletedBlockLogImpl.java:incrementCount(141)) - Deleted TXID not found.
2019-09-12 09:27:03,523 [IPC Server handler 19 on 36783] WARN  block.DeletedBlockLogImpl (DeletedBlockLogImpl.java:incrementCount(141)) - Deleted TXID not found.
2019-09-12 09:27:03,523 [IPC Server handler 19 on 36783] WARN  block.DeletedBlockLogImpl (DeletedBlockLogImpl.java:incrementCount(141)) - Deleted TXID not found.
2019-09-12 09:27:03,523 [IPC Server handler 19 on 36783] WARN  block.DeletedBlockLogImpl (DeletedBlockLogImpl.java:incrementCount(141)) - Deleted TXID not found.
2019-09-12 09:27:03,523 [IPC Server handler 19 on 36783] WARN  block.DeletedBlockLogImpl (DeletedBlockLogImpl.java:incrementCount(141)) - Deleted TXID not found.
2019-09-12 09:27:03,523 [IPC Server handler 19 on 36783] WARN  block.DeletedBlockLogImpl (DeletedBlockLogImpl.java:incrementCount(141)) - Deleted TXID not found.
2019-09-12 09:27:03,523 [IPC Server handler 19 on 36783] WARN  block.DeletedBlockLogImpl (DeletedBlockLogImpl.java:incrementCount(141)) - Deleted TXID not found.
2019-09-12 09:27:03,523 [IPC Server handler 19 on 36783] WARN  block.DeletedBlockLogImpl (DeletedBlockLogImpl.java:incrementCount(141)) - Deleted TXID not found.
2019-09-12 09:27:03,524 [IPC Server handler 19 on 36783] WARN  block.DeletedBlockLogImpl (DeletedBlockLogImpl.java:incrementCount(141)) - Deleted TXID not found.
2019-09-12 09:27:03,524 [IPC Server handler 19 on 36783] WARN  block.DeletedBlockLogImpl (DeletedBlockLogImpl.java:incrementCount(141)) - Deleted TXID not found.
2019-09-12 09:27:03,524 [IPC Server handler 19 on 36783] WARN  block.DeletedBlockLogImpl (DeletedBlockLogImpl.java:incrementCount(141)) - Deleted TXID not found.
2019-09-12 09:27:03,524 [IPC Server handler 19 on 36783] WARN  block.DeletedBlockLogImpl (DeletedBlockLogImpl.java:incrementCount(141)) - Deleted TXID not found.
2019-09-12 09:27:03,524 [IPC Server handler 19 on 36783] WARN  block.DeletedBlockLogImpl (DeletedBlockLogImpl.java:incrementCount(141)) - Deleted TXID not found.
2019-09-12 09:27:03,524 [IPC Server handler 19 on 36783] WARN  block.DeletedBlockLogImpl (DeletedBlockLogImpl.java:incrementCount(141)) - Deleted TXID not found.
2019-09-12 09:27:03,524 [IPC Server handler 19 on 36783] WARN  block.DeletedBlockLogImpl (DeletedBlockLogImpl.java:incrementCount(141)) - Deleted TXID not found.
2019-09-12 09:27:03,524 [IPC Server handler 19 on 36783] WARN  block.DeletedBlockLogImpl (DeletedBlockLogImpl.java:incrementCount(141)) - Deleted TXID not found.
2019-09-12 09:27:03,524 [pool-7-thread-4] INFO  commands.RetriableDatanodeEventWatcher (RetriableDatanodeEventWatcher.java:onTimeout(47)) - RetriableDatanodeCommand type=deleteBlocksCommand with id=1568280408312 timed out. Retrying.
2019-09-12 09:27:03,524 [pool-7-thread-3] INFO  commands.RetriableDatanodeEventWatcher (RetriableDatanodeEventWatcher.java:onTimeout(47)) - RetriableDatanodeCommand type=deleteBlocksCommand with id=1568280408410 timed out. Retrying.
2019-09-12 09:27:03,538 [pool-7-thread-3] INFO  commands.RetriableDatanodeEventWatcher (RetriableDatanodeEventWatcher.java:onTimeout(47)) - RetriableDatanodeCommand type=deleteBlocksCommand with id=1568280408322 timed out. Retrying.
2019-09-12 09:27:03,538 [pool-7-thread-4] INFO  commands.RetriableDatanodeEventWatcher (RetriableDatanodeEventWatcher.java:onTimeout(47)) - RetriableDatanodeCommand type=deleteBlocksCommand with id=1568280408420 timed out. Retrying.
2019-09-12 09:27:03,552 [pool-7-thread-4] INFO  commands.RetriableDatanodeEventWatcher (RetriableDatanodeEventWatcher.java:onTimeout(47)) - RetriableDatanodeCommand type=deleteBlocksCommand with id=1568280408332 timed out. Retrying.
2019-09-12 09:27:03,556 [pool-7-thread-4] INFO  commands.RetriableDatanodeEventWatcher (RetriableDatanodeEventWatcher.java:onTimeout(47)) - RetriableDatanodeCommand type=deleteBlocksCommand with id=1568280408430 timed out. Retrying.
2019-09-12 09:27:03,567 [pool-7-thread-4] INFO  commands.RetriableDatanodeEventWatcher (RetriableDatanodeEventWatcher.java:onTimeout(47)) - RetriableDatanodeCommand type=deleteBlocksCommand with id=1568280408342 timed out. Retrying.
2019-09-12 09:27:03,580 [pool-7-thread-4] INFO  commands.RetriableDatanodeEventWatcher (RetriableDatanodeEventWatcher.java:onTimeout(47)) - RetriableDatanodeCommand type=deleteBlocksCommand with id=1568280408352 timed out. Retrying.
2019-09-12 09:27:03,585 [pool-7-thread-4] INFO  commands.RetriableDatanodeEventWatcher (RetriableDatanodeEventWatcher.java:onTimeout(47)) - RetriableDatanodeCommand type=deleteBlocksCommand with id=1568280408381 timed out. Retrying.
2019-09-12 09:27:03,585 [pool-7-thread-3] INFO  commands.RetriableDatanodeEventWatcher (RetriableDatanodeEventWatcher.java:onTimeout(47)) - RetriableDatanodeCommand type=deleteBlocksCommand with id=1568280408439 timed out. Retrying.
2019-09-12 09:27:03,595 [pool-7-thread-3] INFO  commands.RetriableDatanodeEventWatcher (RetriableDatanodeEventWatcher.java:onTimeout(47)) - RetriableDatanodeCommand type=deleteBlocksCommand with id=1568280408362 timed out. Retrying.
2019-09-12 09:27:03,597 [pool-7-thread-3] INFO  commands.RetriableDatanodeEventWatcher (RetriableDatanodeEventWatcher.java:onTimeout(47)) - RetriableDatanodeCommand type=deleteBlocksCommand with id=1568280408391 timed out. Retrying.
2019-09-12 09:27:03,602 [SCMBlockDeletingService#1] DEBUG block.SCMBlockDeletingService (SCMBlockDeletingService.java:call(138)) - Running DeletedBlockTransactionScanner
2019-09-12 09:27:03,603 [SCMBlockDeletingService#1] DEBUG block.SCMBlockDeletingService (SCMBlockDeletingService.java:call(155)) - Scanned deleted blocks log and got 0 delTX to process.
2019-09-12 09:27:03,607 [pool-7-thread-3] INFO  commands.RetriableDatanodeEventWatcher (RetriableDatanodeEventWatcher.java:onTimeout(47)) - RetriableDatanodeCommand type=deleteBlocksCommand with id=1568280408372 timed out. Retrying.
2019-09-12 09:27:03,612 [pool-7-thread-3] INFO  commands.RetriableDatanodeEventWatcher (RetriableDatanodeEventWatcher.java:onTimeout(47)) - RetriableDatanodeCommand type=deleteBlocksCommand with id=1568280408401 timed out. Retrying.
2019-09-12 09:27:03,622 [pool-7-thread-3] INFO  commands.RetriableDatanodeEventWatcher (RetriableDatanodeEventWatcher.java:onTimeout(47)) - RetriableDatanodeCommand type=deleteBlocksCommand with id=1568280408313 timed out. Retrying.
2019-09-12 09:27:03,625 [pool-7-thread-3] INFO  commands.RetriableDatanodeEventWatcher (RetriableDatanodeEventWatcher.java:onTimeout(47)) - RetriableDatanodeCommand type=deleteBlocksCommand with id=1568280408411 timed out. Retrying.
2019-09-12 09:27:03,638 [pool-7-thread-3] INFO  commands.RetriableDatanodeEventWatcher (RetriableDatanodeEventWatcher.java:onTimeout(47)) - RetriableDatanodeCommand type=deleteBlocksCommand with id=1568280408323 timed out. Retrying.
]]></system-out>
    <system-err><![CDATA[ERROR StatusLogger No Log4j 2 configuration file found. Using default configuration (logging only errors to the console), or user programmatically provided configurations. Set system property 'log4j2.debug' to show Log4j 2 internal initialization logging. See https://logging.apache.org/log4j/2.x/manual/configuration.html for instructions on how to configure Log4j 2
]]></system-err>
  </testcase>
</testsuite>