<?xml version="1.0" encoding="UTF-8"?>
<testsuite xmlns:xsi="http://www.w3.org/2001/XMLSchema-instance" xsi:noNamespaceSchemaLocation="https://maven.apache.org/surefire/maven-surefire-plugin/xsd/surefire-test-report.xsd" name="org.apache.hadoop.ozone.client.rpc.TestBlockOutputStreamWithFailures" time="745.331" tests="8" errors="0" skipped="0" failures="1">
  <properties>
    <property name="awt.toolkit" value="sun.awt.X11.XToolkit"/>
    <property name="file.encoding.pkg" value="sun.io"/>
    <property name="java.specification.version" value="1.8"/>
    <property name="sun.cpu.isalist" value=""/>
    <property name="sun.jnu.encoding" value="UTF-8"/>
    <property name="java.class.path" value="/workdir/hadoop-ozone/integration-test/target/test-classes:/workdir/hadoop-ozone/integration-test/target/classes:/home/user/.m2/repository/org/apache/hadoop/hadoop-ozone-common/0.5.0-SNAPSHOT/hadoop-ozone-common-0.5.0-SNAPSHOT.jar:/home/user/.m2/repository/org/apache/commons/commons-compress/1.4.1/commons-compress-1.4.1.jar:/home/user/.m2/repository/org/tukaani/xz/1.0/xz-1.0.jar:/home/user/.m2/repository/org/apache/hadoop/hadoop-common/3.2.0/hadoop-common-3.2.0.jar:/home/user/.m2/repository/org/apache/hadoop/hadoop-hdfs/3.2.0/hadoop-hdfs-3.2.0.jar:/home/user/.m2/repository/org/apache/hadoop/hadoop-hdfs-client/3.2.0/hadoop-hdfs-client-3.2.0.jar:/home/user/.m2/repository/com/fasterxml/jackson/core/jackson-annotations/2.9.5/jackson-annotations-2.9.5.jar:/home/user/.m2/repository/org/apache/hadoop/hadoop-hdds-common/0.5.0-SNAPSHOT/hadoop-hdds-common-0.5.0-SNAPSHOT.jar:/home/user/.m2/repository/javax/annotation/javax.annotation-api/1.2/javax.annotation-api-1.2.jar:/home/user/.m2/repository/org/apache/ratis/ratis-server/0.4.0-78e95b9-SNAPSHOT/ratis-server-0.4.0-78e95b9-SNAPSHOT.jar:/home/user/.m2/repository/org/apache/ratis/ratis-thirdparty-misc/0.2.0/ratis-thirdparty-misc-0.2.0.jar:/home/user/.m2/repository/org/apache/ratis/ratis-proto/0.4.0-78e95b9-SNAPSHOT/ratis-proto-0.4.0-78e95b9-SNAPSHOT.jar:/home/user/.m2/repository/org/apache/ratis/ratis-common/0.4.0-78e95b9-SNAPSHOT/ratis-common-0.4.0-78e95b9-SNAPSHOT.jar:/home/user/.m2/repository/org/apache/ratis/ratis-client/0.4.0-78e95b9-SNAPSHOT/ratis-client-0.4.0-78e95b9-SNAPSHOT.jar:/home/user/.m2/repository/org/apache/ratis/ratis-metrics/0.4.0-78e95b9-SNAPSHOT/ratis-metrics-0.4.0-78e95b9-SNAPSHOT.jar:/home/user/.m2/repository/com/github/joshelser/dropwizard-metrics-hadoop-metrics2-reporter/0.1.2/dropwizard-metrics-hadoop-metrics2-reporter-0.1.2.jar:/home/user/.m2/repository/io/dropwizard/metrics/metrics-jvm/3.2.5/metrics-jvm-3.2.5.jar:/home/user/.m2/repository/io/dropwizard/metrics/metrics-ganglia/3.2.5/metrics-ganglia-3.2.5.jar:/home/user/.m2/repository/info/ganglia/gmetric4j/gmetric4j/1.0.7/gmetric4j-1.0.7.jar:/home/user/.m2/repository/org/apache/ratis/ratis-netty/0.4.0-78e95b9-SNAPSHOT/ratis-netty-0.4.0-78e95b9-SNAPSHOT.jar:/home/user/.m2/repository/org/apache/ratis/ratis-grpc/0.4.0-78e95b9-SNAPSHOT/ratis-grpc-0.4.0-78e95b9-SNAPSHOT.jar:/home/user/.m2/repository/org/rocksdb/rocksdbjni/6.0.1/rocksdbjni-6.0.1.jar:/home/user/.m2/repository/org/apache/logging/log4j/log4j-api/2.11.0/log4j-api-2.11.0.jar:/home/user/.m2/repository/org/apache/logging/log4j/log4j-core/2.11.0/log4j-core-2.11.0.jar:/home/user/.m2/repository/com/lmax/disruptor/3.4.2/disruptor-3.4.2.jar:/home/user/.m2/repository/org/apache/commons/commons-pool2/2.6.0/commons-pool2-2.6.0.jar:/home/user/.m2/repository/org/bouncycastle/bcpkix-jdk15on/1.60/bcpkix-jdk15on-1.60.jar:/home/user/.m2/repository/commons-validator/commons-validator/1.6/commons-validator-1.6.jar:/home/user/.m2/repository/commons-digester/commons-digester/1.8.1/commons-digester-1.8.1.jar:/home/user/.m2/repository/io/jaegertracing/jaeger-client/0.33.1/jaeger-client-0.33.1.jar:/home/user/.m2/repository/io/jaegertracing/jaeger-thrift/0.33.1/jaeger-thrift-0.33.1.jar:/home/user/.m2/repository/org/apache/thrift/libthrift/0.11.0/libthrift-0.11.0.jar:/home/user/.m2/repository/com/squareup/okhttp3/okhttp/3.9.0/okhttp-3.9.0.jar:/home/user/.m2/repository/com/squareup/okio/okio/1.13.0/okio-1.13.0.jar:/home/user/.m2/repository/io/jaegertracing/jaeger-core/0.33.1/jaeger-core-0.33.1.jar:/home/user/.m2/repository/io/jaegertracing/jaeger-tracerresolver/0.33.1/jaeger-tracerresolver-0.33.1.jar:/home/user/.m2/repository/io/opentracing/contrib/opentracing-tracerresolver/0.1.5/opentracing-tracerresolver-0.1.5.jar:/home/user/.m2/repository/io/opentracing/opentracing-util/0.31.0/opentracing-util-0.31.0.jar:/home/user/.m2/repository/io/opentracing/opentracing-api/0.31.0/opentracing-api-0.31.0.jar:/home/user/.m2/repository/io/opentracing/opentracing-noop/0.31.0/opentracing-noop-0.31.0.jar:/home/user/.m2/repository/org/apache/hadoop/hadoop-hdds-server-framework/0.5.0-SNAPSHOT/hadoop-hdds-server-framework-0.5.0-SNAPSHOT.jar:/home/user/.m2/repository/org/apache/hadoop/hadoop-hdds-container-service/0.5.0-SNAPSHOT/hadoop-hdds-container-service-0.5.0-SNAPSHOT.jar:/home/user/.m2/repository/org/apache/hadoop/hadoop-hdds-client/0.5.0-SNAPSHOT/hadoop-hdds-client-0.5.0-SNAPSHOT.jar:/home/user/.m2/repository/org/apache/hadoop/hadoop-hdds-tools/0.5.0-SNAPSHOT/hadoop-hdds-tools-0.5.0-SNAPSHOT.jar:/home/user/.m2/repository/org/apache/hadoop/hadoop-hdds-server-scm/0.5.0-SNAPSHOT/hadoop-hdds-server-scm-0.5.0-SNAPSHOT.jar:/home/user/.m2/repository/org/apache/hadoop/hadoop-hdds-docs/0.5.0-SNAPSHOT/hadoop-hdds-docs-0.5.0-SNAPSHOT.jar:/home/user/.m2/repository/io/dropwizard/metrics/metrics-core/3.2.4/metrics-core-3.2.4.jar:/home/user/.m2/repository/org/hamcrest/hamcrest-all/1.3/hamcrest-all-1.3.jar:/home/user/.m2/repository/org/bouncycastle/bcprov-jdk15on/1.60/bcprov-jdk15on-1.60.jar:/home/user/.m2/repository/info/picocli/picocli/3.9.6/picocli-3.9.6.jar:/home/user/.m2/repository/com/google/protobuf/protobuf-java/2.5.0/protobuf-java-2.5.0.jar:/home/user/.m2/repository/com/google/guava/guava/11.0.2/guava-11.0.2.jar:/home/user/.m2/repository/org/apache/hadoop/hadoop-ozone-ozone-manager/0.5.0-SNAPSHOT/hadoop-ozone-ozone-manager-0.5.0-SNAPSHOT.jar:/home/user/.m2/repository/org/apache/hadoop/hadoop-minikdc/3.2.0/hadoop-minikdc-3.2.0.jar:/home/user/.m2/repository/commons-io/commons-io/2.5/commons-io-2.5.jar:/home/user/.m2/repository/org/apache/kerby/kerb-simplekdc/1.0.1/kerb-simplekdc-1.0.1.jar:/home/user/.m2/repository/org/apache/kerby/kerb-client/1.0.1/kerb-client-1.0.1.jar:/home/user/.m2/repository/org/apache/kerby/kerby-config/1.0.1/kerby-config-1.0.1.jar:/home/user/.m2/repository/org/apache/kerby/kerb-core/1.0.1/kerb-core-1.0.1.jar:/home/user/.m2/repository/org/apache/kerby/kerby-pkix/1.0.1/kerby-pkix-1.0.1.jar:/home/user/.m2/repository/org/apache/kerby/kerby-asn1/1.0.1/kerby-asn1-1.0.1.jar:/home/user/.m2/repository/org/apache/kerby/kerby-util/1.0.1/kerby-util-1.0.1.jar:/home/user/.m2/repository/org/apache/kerby/kerb-common/1.0.1/kerb-common-1.0.1.jar:/home/user/.m2/repository/org/apache/kerby/kerb-crypto/1.0.1/kerb-crypto-1.0.1.jar:/home/user/.m2/repository/org/apache/kerby/kerb-util/1.0.1/kerb-util-1.0.1.jar:/home/user/.m2/repository/org/apache/kerby/token-provider/1.0.1/token-provider-1.0.1.jar:/home/user/.m2/repository/org/apache/kerby/kerb-admin/1.0.1/kerb-admin-1.0.1.jar:/home/user/.m2/repository/org/apache/kerby/kerb-server/1.0.1/kerb-server-1.0.1.jar:/home/user/.m2/repository/org/apache/kerby/kerb-identity/1.0.1/kerb-identity-1.0.1.jar:/home/user/.m2/repository/org/apache/kerby/kerby-xdr/1.0.1/kerby-xdr-1.0.1.jar:/home/user/.m2/repository/org/slf4j/slf4j-log4j12/1.7.25/slf4j-log4j12-1.7.25.jar:/home/user/.m2/repository/org/apache/hadoop/hadoop-ozone-s3gateway/0.5.0-SNAPSHOT/hadoop-ozone-s3gateway-0.5.0-SNAPSHOT.jar:/home/user/.m2/repository/org/jboss/weld/servlet/weld-servlet/2.4.7.Final/weld-servlet-2.4.7.Final.jar:/home/user/.m2/repository/org/glassfish/jersey/containers/jersey-container-servlet-core/2.27/jersey-container-servlet-core-2.27.jar:/home/user/.m2/repository/org/glassfish/hk2/external/javax.inject/2.5.0-b42/javax.inject-2.5.0-b42.jar:/home/user/.m2/repository/org/glassfish/jersey/core/jersey-common/2.27/jersey-common-2.27.jar:/home/user/.m2/repository/org/glassfish/hk2/osgi-resource-locator/1.0.1/osgi-resource-locator-1.0.1.jar:/home/user/.m2/repository/javax/ws/rs/javax.ws.rs-api/2.1/javax.ws.rs-api-2.1.jar:/home/user/.m2/repository/org/glassfish/jersey/ext/cdi/jersey-cdi1x/2.27/jersey-cdi1x-2.27.jar:/home/user/.m2/repository/org/glassfish/jersey/inject/jersey-hk2/2.27/jersey-hk2-2.27.jar:/home/user/.m2/repository/org/glassfish/hk2/hk2-locator/2.5.0-b42/hk2-locator-2.5.0-b42.jar:/home/user/.m2/repository/org/javassist/javassist/3.22.0-CR2/javassist-3.22.0-CR2.jar:/home/user/.m2/repository/org/glassfish/hk2/hk2-api/2.5.0/hk2-api-2.5.0.jar:/home/user/.m2/repository/org/glassfish/hk2/external/jakarta.inject/2.5.0/jakarta.inject-2.5.0.jar:/home/user/.m2/repository/org/glassfish/hk2/hk2-utils/2.5.0/hk2-utils-2.5.0.jar:/home/user/.m2/repository/jakarta/annotation/jakarta.annotation-api/1.3.4/jakarta.annotation-api-1.3.4.jar:/home/user/.m2/repository/org/glassfish/hk2/external/aopalliance-repackaged/2.5.0/aopalliance-repackaged-2.5.0.jar:/home/user/.m2/repository/com/fasterxml/jackson/dataformat/jackson-dataformat-xml/2.9.0/jackson-dataformat-xml-2.9.0.jar:/home/user/.m2/repository/com/fasterxml/jackson/core/jackson-core/2.9.5/jackson-core-2.9.5.jar:/home/user/.m2/repository/com/fasterxml/jackson/module/jackson-module-jaxb-annotations/2.9.5/jackson-module-jaxb-annotations-2.9.5.jar:/home/user/.m2/repository/javax/enterprise/cdi-api/1.2/cdi-api-1.2.jar:/home/user/.m2/repository/javax/el/javax.el-api/3.0.0/javax.el-api-3.0.0.jar:/home/user/.m2/repository/javax/interceptor/javax.interceptor-api/1.2/javax.interceptor-api-1.2.jar:/home/user/.m2/repository/javax/inject/javax.inject/1/javax.inject-1.jar:/home/user/.m2/repository/com/sun/xml/bind/jaxb-impl/2.3.0.1/jaxb-impl-2.3.0.1.jar:/home/user/.m2/repository/com/sun/xml/bind/jaxb-core/2.3.0.1/jaxb-core-2.3.0.1.jar:/home/user/.m2/repository/javax/xml/bind/jaxb-api/2.3.0/jaxb-api-2.3.0.jar:/home/user/.m2/repository/javax/activation/activation/1.1.1/activation-1.1.1.jar:/home/user/.m2/repository/org/apache/hadoop/hadoop-ozone-csi/0.5.0-SNAPSHOT/hadoop-ozone-csi-0.5.0-SNAPSHOT.jar:/home/user/.m2/repository/com/google/protobuf/protobuf-java-util/3.5.1/protobuf-java-util-3.5.1.jar:/home/user/.m2/repository/org/apache/hadoop/hadoop-hdds-config/0.5.0-SNAPSHOT/hadoop-hdds-config-0.5.0-SNAPSHOT.jar:/home/user/.m2/repository/io/grpc/grpc-netty/1.17.1/grpc-netty-1.17.1.jar:/home/user/.m2/repository/io/grpc/grpc-core/1.17.1/grpc-core-1.17.1.jar:/home/user/.m2/repository/io/grpc/grpc-context/1.17.1/grpc-context-1.17.1.jar:/home/user/.m2/repository/com/google/errorprone/error_prone_annotations/2.2.0/error_prone_annotations-2.2.0.jar:/home/user/.m2/repository/org/codehaus/mojo/animal-sniffer-annotations/1.17/animal-sniffer-annotations-1.17.jar:/home/user/.m2/repository/io/opencensus/opencensus-api/0.17.0/opencensus-api-0.17.0.jar:/home/user/.m2/repository/io/opencensus/opencensus-contrib-grpc-metrics/0.17.0/opencensus-contrib-grpc-metrics-0.17.0.jar:/home/user/.m2/repository/io/netty/netty-codec-http2/4.1.30.Final/netty-codec-http2-4.1.30.Final.jar:/home/user/.m2/repository/io/netty/netty-codec-http/4.1.30.Final/netty-codec-http-4.1.30.Final.jar:/home/user/.m2/repository/io/netty/netty-codec/4.1.30.Final/netty-codec-4.1.30.Final.jar:/home/user/.m2/repository/io/netty/netty-handler/4.1.30.Final/netty-handler-4.1.30.Final.jar:/home/user/.m2/repository/io/netty/netty-handler-proxy/4.1.30.Final/netty-handler-proxy-4.1.30.Final.jar:/home/user/.m2/repository/io/netty/netty-codec-socks/4.1.30.Final/netty-codec-socks-4.1.30.Final.jar:/home/user/.m2/repository/io/netty/netty-transport-native-epoll/4.1.30.Final/netty-transport-native-epoll-4.1.30.Final.jar:/home/user/.m2/repository/io/netty/netty-common/4.1.30.Final/netty-common-4.1.30.Final.jar:/home/user/.m2/repository/io/netty/netty-buffer/4.1.30.Final/netty-buffer-4.1.30.Final.jar:/home/user/.m2/repository/io/netty/netty-transport/4.1.30.Final/netty-transport-4.1.30.Final.jar:/home/user/.m2/repository/io/netty/netty-resolver/4.1.30.Final/netty-resolver-4.1.30.Final.jar:/home/user/.m2/repository/io/netty/netty-transport-native-unix-common/4.1.30.Final/netty-transport-native-unix-common-4.1.30.Final.jar:/home/user/.m2/repository/io/grpc/grpc-protobuf/1.17.1/grpc-protobuf-1.17.1.jar:/home/user/.m2/repository/com/google/api/grpc/proto-google-common-protos/1.0.0/proto-google-common-protos-1.0.0.jar:/home/user/.m2/repository/io/grpc/grpc-protobuf-lite/1.17.1/grpc-protobuf-lite-1.17.1.jar:/home/user/.m2/repository/io/grpc/grpc-stub/1.17.1/grpc-stub-1.17.1.jar:/home/user/.m2/repository/org/apache/hadoop/hadoop-ozone-recon/0.5.0-SNAPSHOT/hadoop-ozone-recon-0.5.0-SNAPSHOT.jar:/home/user/.m2/repository/org/apache/hadoop/hadoop-ozone-reconcodegen/0.5.0-SNAPSHOT/hadoop-ozone-reconcodegen-0.5.0-SNAPSHOT.jar:/home/user/.m2/repository/com/google/inject/extensions/guice-multibindings/4.0/guice-multibindings-4.0.jar:/home/user/.m2/repository/com/google/inject/guice/4.0/guice-4.0.jar:/home/user/.m2/repository/aopalliance/aopalliance/1.0/aopalliance-1.0.jar:/home/user/.m2/repository/com/google/inject/extensions/guice-servlet/4.0/guice-servlet-4.0.jar:/home/user/.m2/repository/org/glassfish/jersey/containers/jersey-container-servlet/2.27/jersey-container-servlet-2.27.jar:/home/user/.m2/repository/org/glassfish/hk2/guice-bridge/2.5.0/guice-bridge-2.5.0.jar:/home/user/.m2/repository/org/glassfish/jersey/core/jersey-server/2.27/jersey-server-2.27.jar:/home/user/.m2/repository/org/glassfish/jersey/core/jersey-client/2.27/jersey-client-2.27.jar:/home/user/.m2/repository/org/glassfish/jersey/media/jersey-media-jaxb/2.27/jersey-media-jaxb-2.27.jar:/home/user/.m2/repository/javax/validation/validation-api/1.1.0.Final/validation-api-1.1.0.Final.jar:/home/user/.m2/repository/org/glassfish/jersey/media/jersey-media-json-jackson/2.27/jersey-media-json-jackson-2.27.jar:/home/user/.m2/repository/org/glassfish/jersey/ext/jersey-entity-filtering/2.27/jersey-entity-filtering-2.27.jar:/home/user/.m2/repository/com/google/inject/extensions/guice-assistedinject/4.0/guice-assistedinject-4.0.jar:/home/user/.m2/repository/org/jooq/jooq/3.11.10/jooq-3.11.10.jar:/home/user/.m2/repository/org/jooq/jooq-meta/3.11.10/jooq-meta-3.11.10.jar:/home/user/.m2/repository/org/jooq/jooq-codegen/3.11.10/jooq-codegen-3.11.10.jar:/home/user/.m2/repository/com/jolbox/bonecp/0.8.0.RELEASE/bonecp-0.8.0.RELEASE.jar:/home/user/.m2/repository/org/xerial/sqlite-jdbc/3.25.2/sqlite-jdbc-3.25.2.jar:/home/user/.m2/repository/org/springframework/spring-jdbc/5.1.3.RELEASE/spring-jdbc-5.1.3.RELEASE.jar:/home/user/.m2/repository/org/springframework/spring-beans/5.1.3.RELEASE/spring-beans-5.1.3.RELEASE.jar:/home/user/.m2/repository/org/springframework/spring-core/5.1.3.RELEASE/spring-core-5.1.3.RELEASE.jar:/home/user/.m2/repository/org/springframework/spring-jcl/5.1.3.RELEASE/spring-jcl-5.1.3.RELEASE.jar:/home/user/.m2/repository/org/springframework/spring-tx/5.1.3.RELEASE/spring-tx-5.1.3.RELEASE.jar:/home/user/.m2/repository/org/apache/hadoop/hadoop-ozone-client/0.5.0-SNAPSHOT/hadoop-ozone-client-0.5.0-SNAPSHOT.jar:/home/user/.m2/repository/commons-lang/commons-lang/2.6/commons-lang-2.6.jar:/home/user/.m2/repository/org/apache/hadoop/hadoop-ozone-ozone-manager/0.5.0-SNAPSHOT/hadoop-ozone-ozone-manager-0.5.0-SNAPSHOT-tests.jar:/home/user/.m2/repository/junit/junit/4.11/junit-4.11.jar:/home/user/.m2/repository/org/hamcrest/hamcrest-core/1.3/hamcrest-core-1.3.jar:/home/user/.m2/repository/org/openjdk/jmh/jmh-core/1.19/jmh-core-1.19.jar:/home/user/.m2/repository/net/sf/jopt-simple/jopt-simple/4.6/jopt-simple-4.6.jar:/home/user/.m2/repository/org/apache/commons/commons-math3/3.1.1/commons-math3-3.1.1.jar:/home/user/.m2/repository/org/openjdk/jmh/jmh-generator-annprocess/1.19/jmh-generator-annprocess-1.19.jar:/home/user/.m2/repository/org/mockito/mockito-all/1.8.5/mockito-all-1.8.5.jar:/home/user/.m2/repository/org/apache/hadoop/hadoop-kms/3.2.0/hadoop-kms-3.2.0.jar:/home/user/.m2/repository/org/apache/hadoop/hadoop-auth/3.2.0/hadoop-auth-3.2.0.jar:/home/user/.m2/repository/com/nimbusds/nimbus-jose-jwt/4.41.1/nimbus-jose-jwt-4.41.1.jar:/home/user/.m2/repository/com/github/stephenc/jcip/jcip-annotations/1.0-1/jcip-annotations-1.0-1.jar:/home/user/.m2/repository/net/minidev/json-smart/2.3/json-smart-2.3.jar:/home/user/.m2/repository/net/minidev/accessors-smart/1.2/accessors-smart-1.2.jar:/home/user/.m2/repository/org/ow2/asm/asm/5.0.4/asm-5.0.4.jar:/home/user/.m2/repository/org/apache/curator/curator-framework/2.12.0/curator-framework-2.12.0.jar:/home/user/.m2/repository/com/sun/jersey/jersey-core/1.19/jersey-core-1.19.jar:/home/user/.m2/repository/javax/ws/rs/jsr311-api/1.1.1/jsr311-api-1.1.1.jar:/home/user/.m2/repository/com/sun/jersey/jersey-server/1.19/jersey-server-1.19.jar:/home/user/.m2/repository/javax/servlet/javax.servlet-api/3.1.0/javax.servlet-api-3.1.0.jar:/home/user/.m2/repository/org/eclipse/jetty/jetty-server/9.3.24.v20180605/jetty-server-9.3.24.v20180605.jar:/home/user/.m2/repository/org/eclipse/jetty/jetty-http/9.3.24.v20180605/jetty-http-9.3.24.v20180605.jar:/home/user/.m2/repository/org/eclipse/jetty/jetty-io/9.3.24.v20180605/jetty-io-9.3.24.v20180605.jar:/home/user/.m2/repository/org/eclipse/jetty/jetty-webapp/9.3.24.v20180605/jetty-webapp-9.3.24.v20180605.jar:/home/user/.m2/repository/org/eclipse/jetty/jetty-xml/9.3.24.v20180605/jetty-xml-9.3.24.v20180605.jar:/home/user/.m2/repository/log4j/log4j/1.2.17/log4j-1.2.17.jar:/home/user/.m2/repository/org/slf4j/slf4j-api/1.7.25/slf4j-api-1.7.25.jar:/home/user/.m2/repository/org/slf4j/jul-to-slf4j/1.7.25/jul-to-slf4j-1.7.25.jar:/home/user/.m2/repository/org/eclipse/jetty/jetty-util/9.3.24.v20180605/jetty-util-9.3.24.v20180605.jar:/home/user/.m2/repository/com/fasterxml/jackson/core/jackson-databind/2.9.5/jackson-databind-2.9.5.jar:/home/user/.m2/repository/org/apache/hadoop/hadoop-kms/3.2.0/hadoop-kms-3.2.0-tests.jar:/home/user/.m2/repository/org/apache/hadoop/hadoop-hdds-server-scm/0.5.0-SNAPSHOT/hadoop-hdds-server-scm-0.5.0-SNAPSHOT-tests.jar:/home/user/.m2/repository/org/apache/hadoop/hadoop-hdds-container-service/0.5.0-SNAPSHOT/hadoop-hdds-container-service-0.5.0-SNAPSHOT-tests.jar:/home/user/.m2/repository/org/yaml/snakeyaml/1.16/snakeyaml-1.16.jar:/home/user/.m2/repository/org/apache/hadoop/hadoop-common/3.2.0/hadoop-common-3.2.0-tests.jar:/home/user/.m2/repository/org/apache/hadoop/hadoop-annotations/3.2.0/hadoop-annotations-3.2.0.jar:/usr/lib/jvm/java-1.8-openjdk/jre/../lib/tools.jar:/home/user/.m2/repository/commons-cli/commons-cli/1.2/commons-cli-1.2.jar:/home/user/.m2/repository/org/apache/httpcomponents/httpclient/4.5.2/httpclient-4.5.2.jar:/home/user/.m2/repository/org/apache/httpcomponents/httpcore/4.4.4/httpcore-4.4.4.jar:/home/user/.m2/repository/commons-codec/commons-codec/1.11/commons-codec-1.11.jar:/home/user/.m2/repository/commons-net/commons-net/3.6/commons-net-3.6.jar:/home/user/.m2/repository/commons-collections/commons-collections/3.2.2/commons-collections-3.2.2.jar:/home/user/.m2/repository/org/eclipse/jetty/jetty-servlet/9.3.24.v20180605/jetty-servlet-9.3.24.v20180605.jar:/home/user/.m2/repository/org/eclipse/jetty/jetty-security/9.3.24.v20180605/jetty-security-9.3.24.v20180605.jar:/home/user/.m2/repository/javax/servlet/jsp/jsp-api/2.1/jsp-api-2.1.jar:/home/user/.m2/repository/com/sun/jersey/jersey-servlet/1.19/jersey-servlet-1.19.jar:/home/user/.m2/repository/com/sun/jersey/jersey-json/1.19/jersey-json-1.19.jar:/home/user/.m2/repository/org/codehaus/jettison/jettison/1.1/jettison-1.1.jar:/home/user/.m2/repository/org/codehaus/jackson/jackson-core-asl/1.9.13/jackson-core-asl-1.9.13.jar:/home/user/.m2/repository/org/codehaus/jackson/jackson-mapper-asl/1.9.13/jackson-mapper-asl-1.9.13.jar:/home/user/.m2/repository/org/codehaus/jackson/jackson-jaxrs/1.9.13/jackson-jaxrs-1.9.13.jar:/home/user/.m2/repository/org/codehaus/jackson/jackson-xc/1.9.13/jackson-xc-1.9.13.jar:/home/user/.m2/repository/commons-logging/commons-logging/1.1.3/commons-logging-1.1.3.jar:/home/user/.m2/repository/commons-beanutils/commons-beanutils/1.9.3/commons-beanutils-1.9.3.jar:/home/user/.m2/repository/org/apache/commons/commons-configuration2/2.1.1/commons-configuration2-2.1.1.jar:/home/user/.m2/repository/org/apache/commons/commons-lang3/3.7/commons-lang3-3.7.jar:/home/user/.m2/repository/org/apache/commons/commons-text/1.4/commons-text-1.4.jar:/home/user/.m2/repository/org/apache/avro/avro/1.7.7/avro-1.7.7.jar:/home/user/.m2/repository/com/thoughtworks/paranamer/paranamer/2.3/paranamer-2.3.jar:/home/user/.m2/repository/org/xerial/snappy/snappy-java/1.0.5/snappy-java-1.0.5.jar:/home/user/.m2/repository/com/google/re2j/re2j/1.1/re2j-1.1.jar:/home/user/.m2/repository/com/google/code/gson/gson/2.2.4/gson-2.2.4.jar:/home/user/.m2/repository/com/jcraft/jsch/0.1.54/jsch-0.1.54.jar:/home/user/.m2/repository/org/apache/curator/curator-client/2.12.0/curator-client-2.12.0.jar:/home/user/.m2/repository/org/apache/curator/curator-recipes/2.12.0/curator-recipes-2.12.0.jar:/home/user/.m2/repository/com/google/code/findbugs/jsr305/3.0.0/jsr305-3.0.0.jar:/home/user/.m2/repository/org/apache/htrace/htrace-core4/4.1.0-incubating/htrace-core4-4.1.0-incubating.jar:/home/user/.m2/repository/org/apache/zookeeper/zookeeper/3.4.13/zookeeper-3.4.13.jar:/home/user/.m2/repository/org/apache/yetus/audience-annotations/0.5.0/audience-annotations-0.5.0.jar:/home/user/.m2/repository/org/codehaus/woodstox/stax2-api/3.1.4/stax2-api-3.1.4.jar:/home/user/.m2/repository/com/fasterxml/woodstox/woodstox-core/5.0.3/woodstox-core-5.0.3.jar:/home/user/.m2/repository/dnsjava/dnsjava/2.1.7/dnsjava-2.1.7.jar:/home/user/.m2/repository/org/apache/hadoop/hadoop-hdfs/3.2.0/hadoop-hdfs-3.2.0-tests.jar:/home/user/.m2/repository/org/eclipse/jetty/jetty-util-ajax/9.3.24.v20180605/jetty-util-ajax-9.3.24.v20180605.jar:/home/user/.m2/repository/commons-daemon/commons-daemon/1.0.13/commons-daemon-1.0.13.jar:/home/user/.m2/repository/io/netty/netty/3.10.5.Final/netty-3.10.5.Final.jar:/home/user/.m2/repository/io/netty/netty-all/4.0.52.Final/netty-all-4.0.52.Final.jar:/home/user/.m2/repository/org/fusesource/leveldbjni/leveldbjni-all/1.8/leveldbjni-all-1.8.jar:"/>
    <property name="java.vm.vendor" value="IcedTea"/>
    <property name="sun.arch.data.model" value="64"/>
    <property name="test.build.dir" value="/workdir/hadoop-ozone/integration-test/target/test-dir"/>
    <property name="test.cache.data" value=""/>
    <property name="java.vendor.url" value="https://icedtea.classpath.org"/>
    <property name="user.timezone" value=""/>
    <property name="java.vm.specification.version" value="1.8"/>
    <property name="os.name" value="Linux"/>
    <property name="test.build.data" value="/workdir/hadoop-ozone/integration-test/target/test-dir"/>
    <property name="user.country" value="US"/>
    <property name="sun.java.launcher" value="SUN_STANDARD"/>
    <property name="sun.boot.library.path" value="/usr/lib/jvm/java-1.8-openjdk/jre/lib/amd64"/>
    <property name="sun.java.command" value="/workdir/hadoop-ozone/integration-test/target/surefire/surefirebooter6465685652241574557.jar /workdir/hadoop-ozone/integration-test/target/surefire 2019-09-12T09-24-07_549-jvmRun1 surefire7943618075119215193tmp surefire_206790733270731573663tmp"/>
    <property name="test" value="!TestMiniChaosOzoneCluster"/>
    <property name="surefire.test.class.path" value="/workdir/hadoop-ozone/integration-test/target/test-classes:/workdir/hadoop-ozone/integration-test/target/classes:/home/user/.m2/repository/org/apache/hadoop/hadoop-ozone-common/0.5.0-SNAPSHOT/hadoop-ozone-common-0.5.0-SNAPSHOT.jar:/home/user/.m2/repository/org/apache/commons/commons-compress/1.4.1/commons-compress-1.4.1.jar:/home/user/.m2/repository/org/tukaani/xz/1.0/xz-1.0.jar:/home/user/.m2/repository/org/apache/hadoop/hadoop-common/3.2.0/hadoop-common-3.2.0.jar:/home/user/.m2/repository/org/apache/hadoop/hadoop-hdfs/3.2.0/hadoop-hdfs-3.2.0.jar:/home/user/.m2/repository/org/apache/hadoop/hadoop-hdfs-client/3.2.0/hadoop-hdfs-client-3.2.0.jar:/home/user/.m2/repository/com/fasterxml/jackson/core/jackson-annotations/2.9.5/jackson-annotations-2.9.5.jar:/home/user/.m2/repository/org/apache/hadoop/hadoop-hdds-common/0.5.0-SNAPSHOT/hadoop-hdds-common-0.5.0-SNAPSHOT.jar:/home/user/.m2/repository/javax/annotation/javax.annotation-api/1.2/javax.annotation-api-1.2.jar:/home/user/.m2/repository/org/apache/ratis/ratis-server/0.4.0-78e95b9-SNAPSHOT/ratis-server-0.4.0-78e95b9-SNAPSHOT.jar:/home/user/.m2/repository/org/apache/ratis/ratis-thirdparty-misc/0.2.0/ratis-thirdparty-misc-0.2.0.jar:/home/user/.m2/repository/org/apache/ratis/ratis-proto/0.4.0-78e95b9-SNAPSHOT/ratis-proto-0.4.0-78e95b9-SNAPSHOT.jar:/home/user/.m2/repository/org/apache/ratis/ratis-common/0.4.0-78e95b9-SNAPSHOT/ratis-common-0.4.0-78e95b9-SNAPSHOT.jar:/home/user/.m2/repository/org/apache/ratis/ratis-client/0.4.0-78e95b9-SNAPSHOT/ratis-client-0.4.0-78e95b9-SNAPSHOT.jar:/home/user/.m2/repository/org/apache/ratis/ratis-metrics/0.4.0-78e95b9-SNAPSHOT/ratis-metrics-0.4.0-78e95b9-SNAPSHOT.jar:/home/user/.m2/repository/com/github/joshelser/dropwizard-metrics-hadoop-metrics2-reporter/0.1.2/dropwizard-metrics-hadoop-metrics2-reporter-0.1.2.jar:/home/user/.m2/repository/io/dropwizard/metrics/metrics-jvm/3.2.5/metrics-jvm-3.2.5.jar:/home/user/.m2/repository/io/dropwizard/metrics/metrics-ganglia/3.2.5/metrics-ganglia-3.2.5.jar:/home/user/.m2/repository/info/ganglia/gmetric4j/gmetric4j/1.0.7/gmetric4j-1.0.7.jar:/home/user/.m2/repository/org/apache/ratis/ratis-netty/0.4.0-78e95b9-SNAPSHOT/ratis-netty-0.4.0-78e95b9-SNAPSHOT.jar:/home/user/.m2/repository/org/apache/ratis/ratis-grpc/0.4.0-78e95b9-SNAPSHOT/ratis-grpc-0.4.0-78e95b9-SNAPSHOT.jar:/home/user/.m2/repository/org/rocksdb/rocksdbjni/6.0.1/rocksdbjni-6.0.1.jar:/home/user/.m2/repository/org/apache/logging/log4j/log4j-api/2.11.0/log4j-api-2.11.0.jar:/home/user/.m2/repository/org/apache/logging/log4j/log4j-core/2.11.0/log4j-core-2.11.0.jar:/home/user/.m2/repository/com/lmax/disruptor/3.4.2/disruptor-3.4.2.jar:/home/user/.m2/repository/org/apache/commons/commons-pool2/2.6.0/commons-pool2-2.6.0.jar:/home/user/.m2/repository/org/bouncycastle/bcpkix-jdk15on/1.60/bcpkix-jdk15on-1.60.jar:/home/user/.m2/repository/commons-validator/commons-validator/1.6/commons-validator-1.6.jar:/home/user/.m2/repository/commons-digester/commons-digester/1.8.1/commons-digester-1.8.1.jar:/home/user/.m2/repository/io/jaegertracing/jaeger-client/0.33.1/jaeger-client-0.33.1.jar:/home/user/.m2/repository/io/jaegertracing/jaeger-thrift/0.33.1/jaeger-thrift-0.33.1.jar:/home/user/.m2/repository/org/apache/thrift/libthrift/0.11.0/libthrift-0.11.0.jar:/home/user/.m2/repository/com/squareup/okhttp3/okhttp/3.9.0/okhttp-3.9.0.jar:/home/user/.m2/repository/com/squareup/okio/okio/1.13.0/okio-1.13.0.jar:/home/user/.m2/repository/io/jaegertracing/jaeger-core/0.33.1/jaeger-core-0.33.1.jar:/home/user/.m2/repository/io/jaegertracing/jaeger-tracerresolver/0.33.1/jaeger-tracerresolver-0.33.1.jar:/home/user/.m2/repository/io/opentracing/contrib/opentracing-tracerresolver/0.1.5/opentracing-tracerresolver-0.1.5.jar:/home/user/.m2/repository/io/opentracing/opentracing-util/0.31.0/opentracing-util-0.31.0.jar:/home/user/.m2/repository/io/opentracing/opentracing-api/0.31.0/opentracing-api-0.31.0.jar:/home/user/.m2/repository/io/opentracing/opentracing-noop/0.31.0/opentracing-noop-0.31.0.jar:/home/user/.m2/repository/org/apache/hadoop/hadoop-hdds-server-framework/0.5.0-SNAPSHOT/hadoop-hdds-server-framework-0.5.0-SNAPSHOT.jar:/home/user/.m2/repository/org/apache/hadoop/hadoop-hdds-container-service/0.5.0-SNAPSHOT/hadoop-hdds-container-service-0.5.0-SNAPSHOT.jar:/home/user/.m2/repository/org/apache/hadoop/hadoop-hdds-client/0.5.0-SNAPSHOT/hadoop-hdds-client-0.5.0-SNAPSHOT.jar:/home/user/.m2/repository/org/apache/hadoop/hadoop-hdds-tools/0.5.0-SNAPSHOT/hadoop-hdds-tools-0.5.0-SNAPSHOT.jar:/home/user/.m2/repository/org/apache/hadoop/hadoop-hdds-server-scm/0.5.0-SNAPSHOT/hadoop-hdds-server-scm-0.5.0-SNAPSHOT.jar:/home/user/.m2/repository/org/apache/hadoop/hadoop-hdds-docs/0.5.0-SNAPSHOT/hadoop-hdds-docs-0.5.0-SNAPSHOT.jar:/home/user/.m2/repository/io/dropwizard/metrics/metrics-core/3.2.4/metrics-core-3.2.4.jar:/home/user/.m2/repository/org/hamcrest/hamcrest-all/1.3/hamcrest-all-1.3.jar:/home/user/.m2/repository/org/bouncycastle/bcprov-jdk15on/1.60/bcprov-jdk15on-1.60.jar:/home/user/.m2/repository/info/picocli/picocli/3.9.6/picocli-3.9.6.jar:/home/user/.m2/repository/com/google/protobuf/protobuf-java/2.5.0/protobuf-java-2.5.0.jar:/home/user/.m2/repository/com/google/guava/guava/11.0.2/guava-11.0.2.jar:/home/user/.m2/repository/org/apache/hadoop/hadoop-ozone-ozone-manager/0.5.0-SNAPSHOT/hadoop-ozone-ozone-manager-0.5.0-SNAPSHOT.jar:/home/user/.m2/repository/org/apache/hadoop/hadoop-minikdc/3.2.0/hadoop-minikdc-3.2.0.jar:/home/user/.m2/repository/commons-io/commons-io/2.5/commons-io-2.5.jar:/home/user/.m2/repository/org/apache/kerby/kerb-simplekdc/1.0.1/kerb-simplekdc-1.0.1.jar:/home/user/.m2/repository/org/apache/kerby/kerb-client/1.0.1/kerb-client-1.0.1.jar:/home/user/.m2/repository/org/apache/kerby/kerby-config/1.0.1/kerby-config-1.0.1.jar:/home/user/.m2/repository/org/apache/kerby/kerb-core/1.0.1/kerb-core-1.0.1.jar:/home/user/.m2/repository/org/apache/kerby/kerby-pkix/1.0.1/kerby-pkix-1.0.1.jar:/home/user/.m2/repository/org/apache/kerby/kerby-asn1/1.0.1/kerby-asn1-1.0.1.jar:/home/user/.m2/repository/org/apache/kerby/kerby-util/1.0.1/kerby-util-1.0.1.jar:/home/user/.m2/repository/org/apache/kerby/kerb-common/1.0.1/kerb-common-1.0.1.jar:/home/user/.m2/repository/org/apache/kerby/kerb-crypto/1.0.1/kerb-crypto-1.0.1.jar:/home/user/.m2/repository/org/apache/kerby/kerb-util/1.0.1/kerb-util-1.0.1.jar:/home/user/.m2/repository/org/apache/kerby/token-provider/1.0.1/token-provider-1.0.1.jar:/home/user/.m2/repository/org/apache/kerby/kerb-admin/1.0.1/kerb-admin-1.0.1.jar:/home/user/.m2/repository/org/apache/kerby/kerb-server/1.0.1/kerb-server-1.0.1.jar:/home/user/.m2/repository/org/apache/kerby/kerb-identity/1.0.1/kerb-identity-1.0.1.jar:/home/user/.m2/repository/org/apache/kerby/kerby-xdr/1.0.1/kerby-xdr-1.0.1.jar:/home/user/.m2/repository/org/slf4j/slf4j-log4j12/1.7.25/slf4j-log4j12-1.7.25.jar:/home/user/.m2/repository/org/apache/hadoop/hadoop-ozone-s3gateway/0.5.0-SNAPSHOT/hadoop-ozone-s3gateway-0.5.0-SNAPSHOT.jar:/home/user/.m2/repository/org/jboss/weld/servlet/weld-servlet/2.4.7.Final/weld-servlet-2.4.7.Final.jar:/home/user/.m2/repository/org/glassfish/jersey/containers/jersey-container-servlet-core/2.27/jersey-container-servlet-core-2.27.jar:/home/user/.m2/repository/org/glassfish/hk2/external/javax.inject/2.5.0-b42/javax.inject-2.5.0-b42.jar:/home/user/.m2/repository/org/glassfish/jersey/core/jersey-common/2.27/jersey-common-2.27.jar:/home/user/.m2/repository/org/glassfish/hk2/osgi-resource-locator/1.0.1/osgi-resource-locator-1.0.1.jar:/home/user/.m2/repository/javax/ws/rs/javax.ws.rs-api/2.1/javax.ws.rs-api-2.1.jar:/home/user/.m2/repository/org/glassfish/jersey/ext/cdi/jersey-cdi1x/2.27/jersey-cdi1x-2.27.jar:/home/user/.m2/repository/org/glassfish/jersey/inject/jersey-hk2/2.27/jersey-hk2-2.27.jar:/home/user/.m2/repository/org/glassfish/hk2/hk2-locator/2.5.0-b42/hk2-locator-2.5.0-b42.jar:/home/user/.m2/repository/org/javassist/javassist/3.22.0-CR2/javassist-3.22.0-CR2.jar:/home/user/.m2/repository/org/glassfish/hk2/hk2-api/2.5.0/hk2-api-2.5.0.jar:/home/user/.m2/repository/org/glassfish/hk2/external/jakarta.inject/2.5.0/jakarta.inject-2.5.0.jar:/home/user/.m2/repository/org/glassfish/hk2/hk2-utils/2.5.0/hk2-utils-2.5.0.jar:/home/user/.m2/repository/jakarta/annotation/jakarta.annotation-api/1.3.4/jakarta.annotation-api-1.3.4.jar:/home/user/.m2/repository/org/glassfish/hk2/external/aopalliance-repackaged/2.5.0/aopalliance-repackaged-2.5.0.jar:/home/user/.m2/repository/com/fasterxml/jackson/dataformat/jackson-dataformat-xml/2.9.0/jackson-dataformat-xml-2.9.0.jar:/home/user/.m2/repository/com/fasterxml/jackson/core/jackson-core/2.9.5/jackson-core-2.9.5.jar:/home/user/.m2/repository/com/fasterxml/jackson/module/jackson-module-jaxb-annotations/2.9.5/jackson-module-jaxb-annotations-2.9.5.jar:/home/user/.m2/repository/javax/enterprise/cdi-api/1.2/cdi-api-1.2.jar:/home/user/.m2/repository/javax/el/javax.el-api/3.0.0/javax.el-api-3.0.0.jar:/home/user/.m2/repository/javax/interceptor/javax.interceptor-api/1.2/javax.interceptor-api-1.2.jar:/home/user/.m2/repository/javax/inject/javax.inject/1/javax.inject-1.jar:/home/user/.m2/repository/com/sun/xml/bind/jaxb-impl/2.3.0.1/jaxb-impl-2.3.0.1.jar:/home/user/.m2/repository/com/sun/xml/bind/jaxb-core/2.3.0.1/jaxb-core-2.3.0.1.jar:/home/user/.m2/repository/javax/xml/bind/jaxb-api/2.3.0/jaxb-api-2.3.0.jar:/home/user/.m2/repository/javax/activation/activation/1.1.1/activation-1.1.1.jar:/home/user/.m2/repository/org/apache/hadoop/hadoop-ozone-csi/0.5.0-SNAPSHOT/hadoop-ozone-csi-0.5.0-SNAPSHOT.jar:/home/user/.m2/repository/com/google/protobuf/protobuf-java-util/3.5.1/protobuf-java-util-3.5.1.jar:/home/user/.m2/repository/org/apache/hadoop/hadoop-hdds-config/0.5.0-SNAPSHOT/hadoop-hdds-config-0.5.0-SNAPSHOT.jar:/home/user/.m2/repository/io/grpc/grpc-netty/1.17.1/grpc-netty-1.17.1.jar:/home/user/.m2/repository/io/grpc/grpc-core/1.17.1/grpc-core-1.17.1.jar:/home/user/.m2/repository/io/grpc/grpc-context/1.17.1/grpc-context-1.17.1.jar:/home/user/.m2/repository/com/google/errorprone/error_prone_annotations/2.2.0/error_prone_annotations-2.2.0.jar:/home/user/.m2/repository/org/codehaus/mojo/animal-sniffer-annotations/1.17/animal-sniffer-annotations-1.17.jar:/home/user/.m2/repository/io/opencensus/opencensus-api/0.17.0/opencensus-api-0.17.0.jar:/home/user/.m2/repository/io/opencensus/opencensus-contrib-grpc-metrics/0.17.0/opencensus-contrib-grpc-metrics-0.17.0.jar:/home/user/.m2/repository/io/netty/netty-codec-http2/4.1.30.Final/netty-codec-http2-4.1.30.Final.jar:/home/user/.m2/repository/io/netty/netty-codec-http/4.1.30.Final/netty-codec-http-4.1.30.Final.jar:/home/user/.m2/repository/io/netty/netty-codec/4.1.30.Final/netty-codec-4.1.30.Final.jar:/home/user/.m2/repository/io/netty/netty-handler/4.1.30.Final/netty-handler-4.1.30.Final.jar:/home/user/.m2/repository/io/netty/netty-handler-proxy/4.1.30.Final/netty-handler-proxy-4.1.30.Final.jar:/home/user/.m2/repository/io/netty/netty-codec-socks/4.1.30.Final/netty-codec-socks-4.1.30.Final.jar:/home/user/.m2/repository/io/netty/netty-transport-native-epoll/4.1.30.Final/netty-transport-native-epoll-4.1.30.Final.jar:/home/user/.m2/repository/io/netty/netty-common/4.1.30.Final/netty-common-4.1.30.Final.jar:/home/user/.m2/repository/io/netty/netty-buffer/4.1.30.Final/netty-buffer-4.1.30.Final.jar:/home/user/.m2/repository/io/netty/netty-transport/4.1.30.Final/netty-transport-4.1.30.Final.jar:/home/user/.m2/repository/io/netty/netty-resolver/4.1.30.Final/netty-resolver-4.1.30.Final.jar:/home/user/.m2/repository/io/netty/netty-transport-native-unix-common/4.1.30.Final/netty-transport-native-unix-common-4.1.30.Final.jar:/home/user/.m2/repository/io/grpc/grpc-protobuf/1.17.1/grpc-protobuf-1.17.1.jar:/home/user/.m2/repository/com/google/api/grpc/proto-google-common-protos/1.0.0/proto-google-common-protos-1.0.0.jar:/home/user/.m2/repository/io/grpc/grpc-protobuf-lite/1.17.1/grpc-protobuf-lite-1.17.1.jar:/home/user/.m2/repository/io/grpc/grpc-stub/1.17.1/grpc-stub-1.17.1.jar:/home/user/.m2/repository/org/apache/hadoop/hadoop-ozone-recon/0.5.0-SNAPSHOT/hadoop-ozone-recon-0.5.0-SNAPSHOT.jar:/home/user/.m2/repository/org/apache/hadoop/hadoop-ozone-reconcodegen/0.5.0-SNAPSHOT/hadoop-ozone-reconcodegen-0.5.0-SNAPSHOT.jar:/home/user/.m2/repository/com/google/inject/extensions/guice-multibindings/4.0/guice-multibindings-4.0.jar:/home/user/.m2/repository/com/google/inject/guice/4.0/guice-4.0.jar:/home/user/.m2/repository/aopalliance/aopalliance/1.0/aopalliance-1.0.jar:/home/user/.m2/repository/com/google/inject/extensions/guice-servlet/4.0/guice-servlet-4.0.jar:/home/user/.m2/repository/org/glassfish/jersey/containers/jersey-container-servlet/2.27/jersey-container-servlet-2.27.jar:/home/user/.m2/repository/org/glassfish/hk2/guice-bridge/2.5.0/guice-bridge-2.5.0.jar:/home/user/.m2/repository/org/glassfish/jersey/core/jersey-server/2.27/jersey-server-2.27.jar:/home/user/.m2/repository/org/glassfish/jersey/core/jersey-client/2.27/jersey-client-2.27.jar:/home/user/.m2/repository/org/glassfish/jersey/media/jersey-media-jaxb/2.27/jersey-media-jaxb-2.27.jar:/home/user/.m2/repository/javax/validation/validation-api/1.1.0.Final/validation-api-1.1.0.Final.jar:/home/user/.m2/repository/org/glassfish/jersey/media/jersey-media-json-jackson/2.27/jersey-media-json-jackson-2.27.jar:/home/user/.m2/repository/org/glassfish/jersey/ext/jersey-entity-filtering/2.27/jersey-entity-filtering-2.27.jar:/home/user/.m2/repository/com/google/inject/extensions/guice-assistedinject/4.0/guice-assistedinject-4.0.jar:/home/user/.m2/repository/org/jooq/jooq/3.11.10/jooq-3.11.10.jar:/home/user/.m2/repository/org/jooq/jooq-meta/3.11.10/jooq-meta-3.11.10.jar:/home/user/.m2/repository/org/jooq/jooq-codegen/3.11.10/jooq-codegen-3.11.10.jar:/home/user/.m2/repository/com/jolbox/bonecp/0.8.0.RELEASE/bonecp-0.8.0.RELEASE.jar:/home/user/.m2/repository/org/xerial/sqlite-jdbc/3.25.2/sqlite-jdbc-3.25.2.jar:/home/user/.m2/repository/org/springframework/spring-jdbc/5.1.3.RELEASE/spring-jdbc-5.1.3.RELEASE.jar:/home/user/.m2/repository/org/springframework/spring-beans/5.1.3.RELEASE/spring-beans-5.1.3.RELEASE.jar:/home/user/.m2/repository/org/springframework/spring-core/5.1.3.RELEASE/spring-core-5.1.3.RELEASE.jar:/home/user/.m2/repository/org/springframework/spring-jcl/5.1.3.RELEASE/spring-jcl-5.1.3.RELEASE.jar:/home/user/.m2/repository/org/springframework/spring-tx/5.1.3.RELEASE/spring-tx-5.1.3.RELEASE.jar:/home/user/.m2/repository/org/apache/hadoop/hadoop-ozone-client/0.5.0-SNAPSHOT/hadoop-ozone-client-0.5.0-SNAPSHOT.jar:/home/user/.m2/repository/commons-lang/commons-lang/2.6/commons-lang-2.6.jar:/home/user/.m2/repository/org/apache/hadoop/hadoop-ozone-ozone-manager/0.5.0-SNAPSHOT/hadoop-ozone-ozone-manager-0.5.0-SNAPSHOT-tests.jar:/home/user/.m2/repository/junit/junit/4.11/junit-4.11.jar:/home/user/.m2/repository/org/hamcrest/hamcrest-core/1.3/hamcrest-core-1.3.jar:/home/user/.m2/repository/org/openjdk/jmh/jmh-core/1.19/jmh-core-1.19.jar:/home/user/.m2/repository/net/sf/jopt-simple/jopt-simple/4.6/jopt-simple-4.6.jar:/home/user/.m2/repository/org/apache/commons/commons-math3/3.1.1/commons-math3-3.1.1.jar:/home/user/.m2/repository/org/openjdk/jmh/jmh-generator-annprocess/1.19/jmh-generator-annprocess-1.19.jar:/home/user/.m2/repository/org/mockito/mockito-all/1.8.5/mockito-all-1.8.5.jar:/home/user/.m2/repository/org/apache/hadoop/hadoop-kms/3.2.0/hadoop-kms-3.2.0.jar:/home/user/.m2/repository/org/apache/hadoop/hadoop-auth/3.2.0/hadoop-auth-3.2.0.jar:/home/user/.m2/repository/com/nimbusds/nimbus-jose-jwt/4.41.1/nimbus-jose-jwt-4.41.1.jar:/home/user/.m2/repository/com/github/stephenc/jcip/jcip-annotations/1.0-1/jcip-annotations-1.0-1.jar:/home/user/.m2/repository/net/minidev/json-smart/2.3/json-smart-2.3.jar:/home/user/.m2/repository/net/minidev/accessors-smart/1.2/accessors-smart-1.2.jar:/home/user/.m2/repository/org/ow2/asm/asm/5.0.4/asm-5.0.4.jar:/home/user/.m2/repository/org/apache/curator/curator-framework/2.12.0/curator-framework-2.12.0.jar:/home/user/.m2/repository/com/sun/jersey/jersey-core/1.19/jersey-core-1.19.jar:/home/user/.m2/repository/javax/ws/rs/jsr311-api/1.1.1/jsr311-api-1.1.1.jar:/home/user/.m2/repository/com/sun/jersey/jersey-server/1.19/jersey-server-1.19.jar:/home/user/.m2/repository/javax/servlet/javax.servlet-api/3.1.0/javax.servlet-api-3.1.0.jar:/home/user/.m2/repository/org/eclipse/jetty/jetty-server/9.3.24.v20180605/jetty-server-9.3.24.v20180605.jar:/home/user/.m2/repository/org/eclipse/jetty/jetty-http/9.3.24.v20180605/jetty-http-9.3.24.v20180605.jar:/home/user/.m2/repository/org/eclipse/jetty/jetty-io/9.3.24.v20180605/jetty-io-9.3.24.v20180605.jar:/home/user/.m2/repository/org/eclipse/jetty/jetty-webapp/9.3.24.v20180605/jetty-webapp-9.3.24.v20180605.jar:/home/user/.m2/repository/org/eclipse/jetty/jetty-xml/9.3.24.v20180605/jetty-xml-9.3.24.v20180605.jar:/home/user/.m2/repository/log4j/log4j/1.2.17/log4j-1.2.17.jar:/home/user/.m2/repository/org/slf4j/slf4j-api/1.7.25/slf4j-api-1.7.25.jar:/home/user/.m2/repository/org/slf4j/jul-to-slf4j/1.7.25/jul-to-slf4j-1.7.25.jar:/home/user/.m2/repository/org/eclipse/jetty/jetty-util/9.3.24.v20180605/jetty-util-9.3.24.v20180605.jar:/home/user/.m2/repository/com/fasterxml/jackson/core/jackson-databind/2.9.5/jackson-databind-2.9.5.jar:/home/user/.m2/repository/org/apache/hadoop/hadoop-kms/3.2.0/hadoop-kms-3.2.0-tests.jar:/home/user/.m2/repository/org/apache/hadoop/hadoop-hdds-server-scm/0.5.0-SNAPSHOT/hadoop-hdds-server-scm-0.5.0-SNAPSHOT-tests.jar:/home/user/.m2/repository/org/apache/hadoop/hadoop-hdds-container-service/0.5.0-SNAPSHOT/hadoop-hdds-container-service-0.5.0-SNAPSHOT-tests.jar:/home/user/.m2/repository/org/yaml/snakeyaml/1.16/snakeyaml-1.16.jar:/home/user/.m2/repository/org/apache/hadoop/hadoop-common/3.2.0/hadoop-common-3.2.0-tests.jar:/home/user/.m2/repository/org/apache/hadoop/hadoop-annotations/3.2.0/hadoop-annotations-3.2.0.jar:/usr/lib/jvm/java-1.8-openjdk/jre/../lib/tools.jar:/home/user/.m2/repository/commons-cli/commons-cli/1.2/commons-cli-1.2.jar:/home/user/.m2/repository/org/apache/httpcomponents/httpclient/4.5.2/httpclient-4.5.2.jar:/home/user/.m2/repository/org/apache/httpcomponents/httpcore/4.4.4/httpcore-4.4.4.jar:/home/user/.m2/repository/commons-codec/commons-codec/1.11/commons-codec-1.11.jar:/home/user/.m2/repository/commons-net/commons-net/3.6/commons-net-3.6.jar:/home/user/.m2/repository/commons-collections/commons-collections/3.2.2/commons-collections-3.2.2.jar:/home/user/.m2/repository/org/eclipse/jetty/jetty-servlet/9.3.24.v20180605/jetty-servlet-9.3.24.v20180605.jar:/home/user/.m2/repository/org/eclipse/jetty/jetty-security/9.3.24.v20180605/jetty-security-9.3.24.v20180605.jar:/home/user/.m2/repository/javax/servlet/jsp/jsp-api/2.1/jsp-api-2.1.jar:/home/user/.m2/repository/com/sun/jersey/jersey-servlet/1.19/jersey-servlet-1.19.jar:/home/user/.m2/repository/com/sun/jersey/jersey-json/1.19/jersey-json-1.19.jar:/home/user/.m2/repository/org/codehaus/jettison/jettison/1.1/jettison-1.1.jar:/home/user/.m2/repository/org/codehaus/jackson/jackson-core-asl/1.9.13/jackson-core-asl-1.9.13.jar:/home/user/.m2/repository/org/codehaus/jackson/jackson-mapper-asl/1.9.13/jackson-mapper-asl-1.9.13.jar:/home/user/.m2/repository/org/codehaus/jackson/jackson-jaxrs/1.9.13/jackson-jaxrs-1.9.13.jar:/home/user/.m2/repository/org/codehaus/jackson/jackson-xc/1.9.13/jackson-xc-1.9.13.jar:/home/user/.m2/repository/commons-logging/commons-logging/1.1.3/commons-logging-1.1.3.jar:/home/user/.m2/repository/commons-beanutils/commons-beanutils/1.9.3/commons-beanutils-1.9.3.jar:/home/user/.m2/repository/org/apache/commons/commons-configuration2/2.1.1/commons-configuration2-2.1.1.jar:/home/user/.m2/repository/org/apache/commons/commons-lang3/3.7/commons-lang3-3.7.jar:/home/user/.m2/repository/org/apache/commons/commons-text/1.4/commons-text-1.4.jar:/home/user/.m2/repository/org/apache/avro/avro/1.7.7/avro-1.7.7.jar:/home/user/.m2/repository/com/thoughtworks/paranamer/paranamer/2.3/paranamer-2.3.jar:/home/user/.m2/repository/org/xerial/snappy/snappy-java/1.0.5/snappy-java-1.0.5.jar:/home/user/.m2/repository/com/google/re2j/re2j/1.1/re2j-1.1.jar:/home/user/.m2/repository/com/google/code/gson/gson/2.2.4/gson-2.2.4.jar:/home/user/.m2/repository/com/jcraft/jsch/0.1.54/jsch-0.1.54.jar:/home/user/.m2/repository/org/apache/curator/curator-client/2.12.0/curator-client-2.12.0.jar:/home/user/.m2/repository/org/apache/curator/curator-recipes/2.12.0/curator-recipes-2.12.0.jar:/home/user/.m2/repository/com/google/code/findbugs/jsr305/3.0.0/jsr305-3.0.0.jar:/home/user/.m2/repository/org/apache/htrace/htrace-core4/4.1.0-incubating/htrace-core4-4.1.0-incubating.jar:/home/user/.m2/repository/org/apache/zookeeper/zookeeper/3.4.13/zookeeper-3.4.13.jar:/home/user/.m2/repository/org/apache/yetus/audience-annotations/0.5.0/audience-annotations-0.5.0.jar:/home/user/.m2/repository/org/codehaus/woodstox/stax2-api/3.1.4/stax2-api-3.1.4.jar:/home/user/.m2/repository/com/fasterxml/woodstox/woodstox-core/5.0.3/woodstox-core-5.0.3.jar:/home/user/.m2/repository/dnsjava/dnsjava/2.1.7/dnsjava-2.1.7.jar:/home/user/.m2/repository/org/apache/hadoop/hadoop-hdfs/3.2.0/hadoop-hdfs-3.2.0-tests.jar:/home/user/.m2/repository/org/eclipse/jetty/jetty-util-ajax/9.3.24.v20180605/jetty-util-ajax-9.3.24.v20180605.jar:/home/user/.m2/repository/commons-daemon/commons-daemon/1.0.13/commons-daemon-1.0.13.jar:/home/user/.m2/repository/io/netty/netty/3.10.5.Final/netty-3.10.5.Final.jar:/home/user/.m2/repository/io/netty/netty-all/4.0.52.Final/netty-all-4.0.52.Final.jar:/home/user/.m2/repository/org/fusesource/leveldbjni/leveldbjni-all/1.8/leveldbjni-all-1.8.jar:"/>
    <property name="sun.cpu.endian" value="little"/>
    <property name="user.home" value="/home/user"/>
    <property name="user.language" value="en"/>
    <property name="java.specification.vendor" value="Oracle Corporation"/>
    <property name="java.home" value="/usr/lib/jvm/java-1.8-openjdk/jre"/>
    <property name="java.security.krb5.conf" value="/workdir/hadoop-ozone/integration-test/target/test-classes/krb5.conf"/>
    <property name="basedir" value="/workdir/hadoop-ozone/integration-test"/>
    <property name="file.separator" value="/"/>
    <property name="line.separator" value="&#10;"/>
    <property name="java.vm.specification.vendor" value="Oracle Corporation"/>
    <property name="java.specification.name" value="Java Platform API Specification"/>
    <property name="java.awt.graphicsenv" value="sun.awt.X11GraphicsEnvironment"/>
    <property name="surefire.real.class.path" value="/workdir/hadoop-ozone/integration-test/target/surefire/surefirebooter6465685652241574557.jar"/>
    <property name="hadoop.log.dir" value="/workdir/hadoop-ozone/integration-test/target/log"/>
    <property name="sun.boot.class.path" value="/usr/lib/jvm/java-1.8-openjdk/jre/lib/resources.jar:/usr/lib/jvm/java-1.8-openjdk/jre/lib/rt.jar:/usr/lib/jvm/java-1.8-openjdk/jre/lib/sunrsasign.jar:/usr/lib/jvm/java-1.8-openjdk/jre/lib/jsse.jar:/usr/lib/jvm/java-1.8-openjdk/jre/lib/jce.jar:/usr/lib/jvm/java-1.8-openjdk/jre/lib/charsets.jar:/usr/lib/jvm/java-1.8-openjdk/jre/lib/jfr.jar:/usr/lib/jvm/java-1.8-openjdk/jre/classes"/>
    <property name="sun.management.compiler" value="HotSpot 64-Bit Tiered Compilers"/>
    <property name="java.runtime.version" value="1.8.0_212-b04"/>
    <property name="java.net.preferIPv4Stack" value="true"/>
    <property name="user.name" value="jenkins1000"/>
    <property name="path.separator" value=":"/>
    <property name="java.security.egd" value="file:///dev/urandom"/>
    <property name="os.version" value="3.10.0-957.12.2.el7.x86_64"/>
    <property name="java.endorsed.dirs" value="/usr/lib/jvm/java-1.8-openjdk/jre/lib/endorsed"/>
    <property name="java.runtime.name" value="OpenJDK Runtime Environment"/>
    <property name="file.encoding" value="UTF-8"/>
    <property name="java.vm.name" value="OpenJDK 64-Bit Server VM"/>
    <property name="test.build.webapps" value=""/>
    <property name="localRepository" value="/home/user/.m2/repository"/>
    <property name="java.vendor.url.bug" value="https://icedtea.classpath.org/bugzilla"/>
    <property name="java.io.tmpdir" value="/tmp"/>
    <property name="require.test.libhadoop" value=""/>
    <property name="java.version" value="1.8.0_212"/>
    <property name="user.dir" value="/workdir/hadoop-ozone/integration-test"/>
    <property name="os.arch" value="amd64"/>
    <property name="java.vm.specification.name" value="Java Virtual Machine Specification"/>
    <property name="test.build.classes" value="/workdir/hadoop-ozone/integration-test/target/test-classes"/>
    <property name="java.awt.printerjob" value="sun.print.PSPrinterJob"/>
    <property name="sun.os.patch.level" value="unknown"/>
    <property name="hadoop.tmp.dir" value="/workdir/hadoop-ozone/integration-test/target/tmp"/>
    <property name="java.library.path" value="/usr/lib/jvm/java-1.8-openjdk/jre/lib/amd64/server:/usr/lib/jvm/java-1.8-openjdk/jre/lib/amd64:/usr/lib/jvm/java-1.8-openjdk/jre/../lib/amd64:/workdir/hadoop-ozone/integration-test/target/native/target/usr/local/lib:/workdir/hadoop-ozone/integration-test/../../hadoop-common-project/hadoop-common/target/native/target/usr/local/lib:/usr/java/packages/lib/amd64:/usr/lib64:/lib64:/lib:/usr/lib"/>
    <property name="java.vm.info" value="mixed mode"/>
    <property name="java.vendor" value="IcedTea"/>
    <property name="java.vm.version" value="25.212-b04"/>
    <property name="java.ext.dirs" value="/usr/lib/jvm/java-1.8-openjdk/jre/lib/ext:/usr/java/packages/lib/ext"/>
    <property name="sun.io.unicode.encoding" value="UnicodeLittle"/>
    <property name="java.class.version" value="52.0"/>
  </properties>
  <testcase name="test2DatanodesFailure" classname="org.apache.hadoop.ozone.client.rpc.TestBlockOutputStreamWithFailures" time="106.698"/>
  <testcase name="testDatanodeFailureWithPreAllocation" classname="org.apache.hadoop.ozone.client.rpc.TestBlockOutputStreamWithFailures" time="224.489"/>
  <testcase name="testDatanodeFailureWithSingleNodeRatis" classname="org.apache.hadoop.ozone.client.rpc.TestBlockOutputStreamWithFailures" time="223.959"/>
  <testcase name="testWatchForCommitWithSingleNodeRatis" classname="org.apache.hadoop.ozone.client.rpc.TestBlockOutputStreamWithFailures" time="36.299"/>
  <testcase name="testWatchForCommitDatanodeFailure" classname="org.apache.hadoop.ozone.client.rpc.TestBlockOutputStreamWithFailures" time="35.008"/>
  <testcase name="testFailureWithPrimeSizedData" classname="org.apache.hadoop.ozone.client.rpc.TestBlockOutputStreamWithFailures" time="44.828">
    <failure message="expected:&lt;2&gt; but was:&lt;3&gt;" type="java.lang.AssertionError"><![CDATA[java.lang.AssertionError: expected:<2> but was:<3>
	at org.junit.Assert.fail(Assert.java:88)
	at org.junit.Assert.failNotEquals(Assert.java:743)
	at org.junit.Assert.assertEquals(Assert.java:118)
	at org.junit.Assert.assertEquals(Assert.java:555)
	at org.junit.Assert.assertEquals(Assert.java:542)
	at org.apache.hadoop.ozone.client.rpc.TestBlockOutputStreamWithFailures.testFailureWithPrimeSizedData(TestBlockOutputStreamWithFailures.java:635)
	at sun.reflect.NativeMethodAccessorImpl.invoke0(Native Method)
	at sun.reflect.NativeMethodAccessorImpl.invoke(NativeMethodAccessorImpl.java:62)
	at sun.reflect.DelegatingMethodAccessorImpl.invoke(DelegatingMethodAccessorImpl.java:43)
	at java.lang.reflect.Method.invoke(Method.java:498)
	at org.junit.runners.model.FrameworkMethod$1.runReflectiveCall(FrameworkMethod.java:47)
	at org.junit.internal.runners.model.ReflectiveCallable.run(ReflectiveCallable.java:12)
	at org.junit.runners.model.FrameworkMethod.invokeExplosively(FrameworkMethod.java:44)
	at org.junit.internal.runners.statements.InvokeMethod.evaluate(InvokeMethod.java:17)
	at org.junit.internal.runners.statements.RunBefores.evaluate(RunBefores.java:26)
	at org.junit.internal.runners.statements.RunAfters.evaluate(RunAfters.java:27)
	at org.junit.runners.ParentRunner.runLeaf(ParentRunner.java:271)
	at org.junit.runners.BlockJUnit4ClassRunner.runChild(BlockJUnit4ClassRunner.java:70)
	at org.junit.runners.BlockJUnit4ClassRunner.runChild(BlockJUnit4ClassRunner.java:50)
	at org.junit.runners.ParentRunner$3.run(ParentRunner.java:238)
	at org.junit.runners.ParentRunner$1.schedule(ParentRunner.java:63)
	at org.junit.runners.ParentRunner.runChildren(ParentRunner.java:236)
	at org.junit.runners.ParentRunner.access$000(ParentRunner.java:53)
	at org.junit.runners.ParentRunner$2.evaluate(ParentRunner.java:229)
	at org.junit.runners.ParentRunner.run(ParentRunner.java:309)
	at org.apache.maven.surefire.junit4.JUnit4Provider.execute(JUnit4Provider.java:365)
	at org.apache.maven.surefire.junit4.JUnit4Provider.executeWithRerun(JUnit4Provider.java:273)
	at org.apache.maven.surefire.junit4.JUnit4Provider.executeTestSet(JUnit4Provider.java:238)
	at org.apache.maven.surefire.junit4.JUnit4Provider.invoke(JUnit4Provider.java:159)
	at org.apache.maven.surefire.booter.ForkedBooter.invokeProviderInSameClassLoader(ForkedBooter.java:384)
	at org.apache.maven.surefire.booter.ForkedBooter.runSuitesInProcess(ForkedBooter.java:345)
	at org.apache.maven.surefire.booter.ForkedBooter.execute(ForkedBooter.java:126)
	at org.apache.maven.surefire.booter.ForkedBooter.main(ForkedBooter.java:418)
]]></failure>
    <system-out><![CDATA[2019-09-12 09:42:31,362 [main] WARN  server.ServerUtils (ServerUtils.java:getScmDbDir(145)) - ozone.scm.db.dirs is not configured. We recommend adding this setting. Falling back to ozone.metadata.dirs instead.
2019-09-12 09:42:31,399 [main] WARN  server.ServerUtils (ServerUtils.java:getScmDbDir(145)) - ozone.scm.db.dirs is not configured. We recommend adding this setting. Falling back to ozone.metadata.dirs instead.
2019-09-12 09:42:31,399 [main] WARN  server.ServerUtils (ServerUtils.java:getScmDbDir(145)) - ozone.scm.db.dirs is not configured. We recommend adding this setting. Falling back to ozone.metadata.dirs instead.
2019-09-12 09:42:31,400 [main] INFO  db.DBStoreBuilder (DBStoreBuilder.java:addTable(110)) - using custom profile for table: deletedBlocks
2019-09-12 09:42:31,400 [main] INFO  db.DBStoreBuilder (DBStoreBuilder.java:processTables(161)) - Using default column profile:DBProfile.DISK for Table:deletedBlocks
2019-09-12 09:42:31,400 [main] INFO  db.DBStoreBuilder (DBStoreBuilder.java:addTable(110)) - using custom profile for table: validCerts
2019-09-12 09:42:31,400 [main] INFO  db.DBStoreBuilder (DBStoreBuilder.java:processTables(161)) - Using default column profile:DBProfile.DISK for Table:validCerts
2019-09-12 09:42:31,401 [main] INFO  db.DBStoreBuilder (DBStoreBuilder.java:addTable(110)) - using custom profile for table: revokedCerts
2019-09-12 09:42:31,401 [main] INFO  db.DBStoreBuilder (DBStoreBuilder.java:processTables(161)) - Using default column profile:DBProfile.DISK for Table:revokedCerts
2019-09-12 09:42:31,401 [main] INFO  db.DBStoreBuilder (DBStoreBuilder.java:addTable(110)) - using custom profile for table: default
2019-09-12 09:42:31,401 [main] INFO  db.DBStoreBuilder (DBStoreBuilder.java:processTables(167)) - Using default column profile:DBProfile.DISK for Table:default
2019-09-12 09:42:31,402 [main] INFO  db.DBStoreBuilder (DBStoreBuilder.java:getDbProfile(198)) - Using default options. DBProfile.DISK
2019-09-12 09:42:31,602 [main] INFO  net.NodeSchemaLoader (NodeSchemaLoader.java:loadSchemaFromFile(125)) - Loading file from sun.misc.CompoundEnumeration@5002fde9
2019-09-12 09:42:31,602 [main] INFO  net.NodeSchemaLoader (NodeSchemaLoader.java:loadSchema(171)) - Loading network topology layer schema file
2019-09-12 09:42:31,608 [main] INFO  node.SCMNodeManager (SCMNodeManager.java:<init>(114)) - Entering startup safe mode.
2019-09-12 09:42:31,608 [main] INFO  algorithms.ContainerPlacementPolicyFactory (ContainerPlacementPolicyFactory.java:getPolicy(57)) - Create container placement policy of type org.apache.hadoop.hdds.scm.container.placement.algorithms.SCMContainerPlacementRandom
2019-09-12 09:42:31,609 [main] WARN  server.ServerUtils (ServerUtils.java:getScmDbDir(145)) - ozone.scm.db.dirs is not configured. We recommend adding this setting. Falling back to ozone.metadata.dirs instead.
2019-09-12 09:42:31,698 [main] INFO  pipeline.SCMPipelineManager (SCMPipelineManager.java:initializePipelineState(128)) - No pipeline exists in current db
2019-09-12 09:42:31,698 [main] WARN  server.ServerUtils (ServerUtils.java:getScmDbDir(145)) - ozone.scm.db.dirs is not configured. We recommend adding this setting. Falling back to ozone.metadata.dirs instead.
2019-09-12 09:42:31,803 [main] WARN  events.EventQueue (EventQueue.java:fireEvent(183)) - No event handler registered for event TypedEvent{payloadType=SafeModeStatus, name='SafeModeStatus'}
2019-09-12 09:42:31,804 [main] INFO  ipc.CallQueueManager (CallQueueManager.java:<init>(84)) - Using callQueue: class java.util.concurrent.LinkedBlockingQueue, queueCapacity: 2000, scheduler: class org.apache.hadoop.ipc.DefaultRpcScheduler, ipcBackoff: false.
2019-09-12 09:42:31,805 [Socket Reader #1 for port 41681] INFO  ipc.Server (Server.java:run(1074)) - Starting Socket Reader #1 for port 41681
2019-09-12 09:42:31,807 [main] INFO  ipc.CallQueueManager (CallQueueManager.java:<init>(84)) - Using callQueue: class java.util.concurrent.LinkedBlockingQueue, queueCapacity: 2000, scheduler: class org.apache.hadoop.ipc.DefaultRpcScheduler, ipcBackoff: false.
2019-09-12 09:42:31,808 [Socket Reader #1 for port 45933] INFO  ipc.Server (Server.java:run(1074)) - Starting Socket Reader #1 for port 45933
2019-09-12 09:42:31,809 [main] INFO  ipc.CallQueueManager (CallQueueManager.java:<init>(84)) - Using callQueue: class java.util.concurrent.LinkedBlockingQueue, queueCapacity: 2000, scheduler: class org.apache.hadoop.ipc.DefaultRpcScheduler, ipcBackoff: false.
2019-09-12 09:42:31,810 [Socket Reader #1 for port 37813] INFO  ipc.Server (Server.java:run(1074)) - Starting Socket Reader #1 for port 37813
2019-09-12 09:42:31,815 [main] INFO  hdfs.DFSUtil (DFSUtil.java:httpServerTemplateForNNAndJN(1641)) - Starting Web-server for scm at: http://0.0.0.0:0
2019-09-12 09:42:31,818 [main] INFO  server.AuthenticationFilter (AuthenticationFilter.java:constructSecretProvider(240)) - Unable to initialize FileSignerSecretProvider, falling back to use random secrets.
2019-09-12 09:42:31,819 [main] WARN  http.HttpRequestLog (HttpRequestLog.java:getRequestLog(97)) - Jetty request log can only be enabled using Log4j
2019-09-12 09:42:31,820 [main] INFO  http.HttpServer2 (HttpServer2.java:addGlobalFilter(975)) - Added global filter 'safety' (class=org.apache.hadoop.http.HttpServer2$QuotingInputFilter)
2019-09-12 09:42:31,820 [main] INFO  http.HttpServer2 (HttpServer2.java:addFilter(948)) - Added filter static_user_filter (class=org.apache.hadoop.http.lib.StaticUserWebFilter$StaticUserFilter) to context scm
2019-09-12 09:42:31,821 [main] INFO  http.HttpServer2 (HttpServer2.java:addFilter(958)) - Added filter static_user_filter (class=org.apache.hadoop.http.lib.StaticUserWebFilter$StaticUserFilter) to context static
2019-09-12 09:42:31,821 [main] INFO  http.HttpServer2 (HttpServer2.java:addFilter(958)) - Added filter static_user_filter (class=org.apache.hadoop.http.lib.StaticUserWebFilter$StaticUserFilter) to context logs
2019-09-12 09:42:31,822 [main] INFO  server.StorageContainerManager (StorageContainerManager.java:start(763)) - StorageContainerLocationProtocol RPC server is listening at /0.0.0.0:37813
2019-09-12 09:42:31,824 [main] WARN  impl.MetricsConfig (MetricsConfig.java:loadFirst(134)) - Cannot locate configuration: tried hadoop-metrics2-storagecontainermanager.properties,hadoop-metrics2.properties
2019-09-12 09:42:31,825 [main] INFO  impl.MetricsSystemImpl (MetricsSystemImpl.java:startTimer(374)) - Scheduled Metric snapshot period at 10 second(s).
2019-09-12 09:42:31,825 [main] INFO  impl.MetricsSystemImpl (MetricsSystemImpl.java:start(191)) - StorageContainerManager metrics system started
2019-09-12 09:42:31,936 [main] WARN  impl.MetricsSystemImpl (MetricsSystemImpl.java:register(276)) - Sink prometheus already exists!
2019-09-12 09:42:31,992 [main] INFO  server.SCMClientProtocolServer (SCMClientProtocolServer.java:start(151)) - RPC server for Client  is listening at /0.0.0.0:37813
2019-09-12 09:42:31,992 [IPC Server Responder] INFO  ipc.Server (Server.java:run(1314)) - IPC Server Responder: starting
2019-09-12 09:42:31,992 [IPC Server listener on 37813] INFO  ipc.Server (Server.java:run(1153)) - IPC Server listener on 37813: starting
2019-09-12 09:42:31,996 [main] INFO  server.StorageContainerManager (StorageContainerManager.java:start(773)) - ScmBlockLocationProtocol RPC server is listening at /0.0.0.0:45933
2019-09-12 09:42:31,996 [main] INFO  server.SCMBlockProtocolServer (SCMBlockProtocolServer.java:start(146)) - RPC server for Block Protocol is listening at /0.0.0.0:45933
2019-09-12 09:42:31,997 [IPC Server Responder] INFO  ipc.Server (Server.java:run(1314)) - IPC Server Responder: starting
2019-09-12 09:42:31,997 [IPC Server listener on 45933] INFO  ipc.Server (Server.java:run(1153)) - IPC Server listener on 45933: starting
2019-09-12 09:42:32,000 [main] INFO  server.StorageContainerManager (StorageContainerManager.java:start(777)) - ScmDatanodeProtocl RPC server is listening at /0.0.0.0:41681
2019-09-12 09:42:32,000 [main] INFO  server.SCMDatanodeProtocolServer (SCMDatanodeProtocolServer.java:start(191)) - RPC server for DataNodes is listening at /0.0.0.0:41681
2019-09-12 09:42:32,001 [IPC Server Responder] INFO  ipc.Server (Server.java:run(1314)) - IPC Server Responder: starting
2019-09-12 09:42:32,001 [IPC Server listener on 41681] INFO  ipc.Server (Server.java:run(1153)) - IPC Server listener on 41681: starting
2019-09-12 09:42:32,007 [main] INFO  http.HttpServer2 (HttpServer2.java:bindListener(1191)) - Jetty bound to port 33369
2019-09-12 09:42:32,007 [main] INFO  server.Server (Server.java:doStart(351)) - jetty-9.3.24.v20180605, build timestamp: 2018-06-05T17:11:56Z, git hash: 84205aa28f11a4f31f2a3b86d1bba2cc8ab69827
2019-09-12 09:42:32,009 [main] INFO  handler.ContextHandler (ContextHandler.java:doStart(781)) - Started o.e.j.s.ServletContextHandler@1c62c3fd{/logs,file:///workdir/hadoop-ozone/integration-test/target/log,AVAILABLE}
2019-09-12 09:42:32,009 [main] INFO  handler.ContextHandler (ContextHandler.java:doStart(781)) - Started o.e.j.s.ServletContextHandler@49b89425{/static,file:///workdir/hadoop-ozone/integration-test/target/test-classes/webapps/static,AVAILABLE}
2019-09-12 09:42:32,013 [main] INFO  handler.ContextHandler (ContextHandler.java:doStart(781)) - Started o.e.j.w.WebAppContext@7caf1e5{/,file:///workdir/hadoop-ozone/integration-test/target/test-classes/webapps/scm/,AVAILABLE}{/scm}
2019-09-12 09:42:32,013 [main] INFO  server.AbstractConnector (AbstractConnector.java:doStart(278)) - Started ServerConnector@5c234920{HTTP/1.1,[http/1.1]}{0.0.0.0:33369}
2019-09-12 09:42:32,014 [main] INFO  server.Server (Server.java:doStart(419)) - Started @627748ms
2019-09-12 09:42:32,014 [main] WARN  impl.MetricsSystemImpl (MetricsSystemImpl.java:register(276)) - Sink prometheus already exists!
2019-09-12 09:42:32,015 [main] INFO  server.BaseHttpServer (BaseHttpServer.java:updateConnectorAddress(215)) - HTTP server of SCM is listening at http://0.0.0.0:33369
2019-09-12 09:42:32,015 [main] WARN  server.ServerUtils (ServerUtils.java:getDBPath(222)) - ozone.om.db.dirs is not configured. We recommend adding this setting. Falling back to ozone.metadata.dirs instead.
2019-09-12 09:42:32,016 [org.apache.hadoop.util.JvmPauseMonitor$Monitor@38087342] INFO  util.JvmPauseMonitor (JvmPauseMonitor.java:run(188)) - Starting JVM pause monitor
2019-09-12 09:42:32,040 [main] WARN  server.ServerUtils (ServerUtils.java:getDBPath(222)) - ozone.om.db.dirs is not configured. We recommend adding this setting. Falling back to ozone.metadata.dirs instead.
2019-09-12 09:42:32,040 [main] WARN  server.ServerUtils (ServerUtils.java:getDBPath(222)) - ozone.om.db.dirs is not configured. We recommend adding this setting. Falling back to ozone.metadata.dirs instead.
2019-09-12 09:42:32,040 [main] INFO  om.OzoneManager (OzoneManager.java:setOMNodeDetails(649)) - OM Service ID is not set. Setting it to the default ID: omServiceIdDefault
2019-09-12 09:42:32,040 [main] INFO  om.OzoneManager (OzoneManager.java:setOMNodeDetails(655)) - OM Node ID is not set. Setting it to the OmStorage's OmID: b38595d8-7d38-4b7f-b53b-bb7cfe841aa1
2019-09-12 09:42:32,041 [main] INFO  om.OzoneManager (OzoneManager.java:loadOMHAConfigs(606)) - Found matching OM address with OMServiceId: null, OMNodeId: null, RPC Address: localhost:0 and Ratis port: 9872
2019-09-12 09:42:32,046 [main] WARN  server.ServerUtils (ServerUtils.java:getDBPath(222)) - ozone.om.db.dirs is not configured. We recommend adding this setting. Falling back to ozone.metadata.dirs instead.
2019-09-12 09:42:32,046 [main] INFO  db.DBStoreBuilder (DBStoreBuilder.java:addTable(110)) - using custom profile for table: userTable
2019-09-12 09:42:32,046 [main] INFO  db.DBStoreBuilder (DBStoreBuilder.java:processTables(161)) - Using default column profile:DBProfile.DISK for Table:userTable
2019-09-12 09:42:32,047 [main] INFO  db.DBStoreBuilder (DBStoreBuilder.java:addTable(110)) - using custom profile for table: volumeTable
2019-09-12 09:42:32,047 [main] INFO  db.DBStoreBuilder (DBStoreBuilder.java:processTables(161)) - Using default column profile:DBProfile.DISK for Table:volumeTable
2019-09-12 09:42:32,047 [main] INFO  db.DBStoreBuilder (DBStoreBuilder.java:addTable(110)) - using custom profile for table: bucketTable
2019-09-12 09:42:32,047 [main] INFO  db.DBStoreBuilder (DBStoreBuilder.java:processTables(161)) - Using default column profile:DBProfile.DISK for Table:bucketTable
2019-09-12 09:42:32,047 [main] INFO  db.DBStoreBuilder (DBStoreBuilder.java:addTable(110)) - using custom profile for table: keyTable
2019-09-12 09:42:32,047 [main] INFO  db.DBStoreBuilder (DBStoreBuilder.java:processTables(161)) - Using default column profile:DBProfile.DISK for Table:keyTable
2019-09-12 09:42:32,048 [main] INFO  db.DBStoreBuilder (DBStoreBuilder.java:addTable(110)) - using custom profile for table: deletedTable
2019-09-12 09:42:32,048 [main] INFO  db.DBStoreBuilder (DBStoreBuilder.java:processTables(161)) - Using default column profile:DBProfile.DISK for Table:deletedTable
2019-09-12 09:42:32,048 [main] INFO  db.DBStoreBuilder (DBStoreBuilder.java:addTable(110)) - using custom profile for table: openKeyTable
2019-09-12 09:42:32,048 [main] INFO  db.DBStoreBuilder (DBStoreBuilder.java:processTables(161)) - Using default column profile:DBProfile.DISK for Table:openKeyTable
2019-09-12 09:42:32,048 [main] INFO  db.DBStoreBuilder (DBStoreBuilder.java:addTable(110)) - using custom profile for table: s3Table
2019-09-12 09:42:32,048 [main] INFO  db.DBStoreBuilder (DBStoreBuilder.java:processTables(161)) - Using default column profile:DBProfile.DISK for Table:s3Table
2019-09-12 09:42:32,049 [main] INFO  db.DBStoreBuilder (DBStoreBuilder.java:addTable(110)) - using custom profile for table: multipartInfoTable
2019-09-12 09:42:32,049 [main] INFO  db.DBStoreBuilder (DBStoreBuilder.java:processTables(161)) - Using default column profile:DBProfile.DISK for Table:multipartInfoTable
2019-09-12 09:42:32,049 [main] INFO  db.DBStoreBuilder (DBStoreBuilder.java:addTable(110)) - using custom profile for table: dTokenTable
2019-09-12 09:42:32,049 [main] INFO  db.DBStoreBuilder (DBStoreBuilder.java:processTables(161)) - Using default column profile:DBProfile.DISK for Table:dTokenTable
2019-09-12 09:42:32,049 [main] INFO  db.DBStoreBuilder (DBStoreBuilder.java:addTable(110)) - using custom profile for table: s3SecretTable
2019-09-12 09:42:32,049 [main] INFO  db.DBStoreBuilder (DBStoreBuilder.java:processTables(161)) - Using default column profile:DBProfile.DISK for Table:s3SecretTable
2019-09-12 09:42:32,050 [main] INFO  db.DBStoreBuilder (DBStoreBuilder.java:addTable(110)) - using custom profile for table: prefixTable
2019-09-12 09:42:32,050 [main] INFO  db.DBStoreBuilder (DBStoreBuilder.java:processTables(161)) - Using default column profile:DBProfile.DISK for Table:prefixTable
2019-09-12 09:42:32,050 [main] INFO  db.DBStoreBuilder (DBStoreBuilder.java:addTable(110)) - using custom profile for table: default
2019-09-12 09:42:32,050 [main] INFO  db.DBStoreBuilder (DBStoreBuilder.java:processTables(167)) - Using default column profile:DBProfile.DISK for Table:default
2019-09-12 09:42:32,050 [main] INFO  db.DBStoreBuilder (DBStoreBuilder.java:getDbProfile(198)) - Using default options. DBProfile.DISK
2019-09-12 09:42:32,658 [main] INFO  ipc.CallQueueManager (CallQueueManager.java:<init>(84)) - Using callQueue: class java.util.concurrent.LinkedBlockingQueue, queueCapacity: 2000, scheduler: class org.apache.hadoop.ipc.DefaultRpcScheduler, ipcBackoff: false.
2019-09-12 09:42:32,659 [Socket Reader #1 for port 46552] INFO  ipc.Server (Server.java:run(1074)) - Starting Socket Reader #1 for port 46552
2019-09-12 09:42:32,678 [main] INFO  om.OzoneManager (OzoneManager.java:start(1240)) - OzoneManager RPC server is listening at localhost/127.0.0.1:46552
2019-09-12 09:42:32,678 [main] INFO  impl.MetricsSystemImpl (MetricsSystemImpl.java:init(158)) - OzoneManager metrics system started (again)
2019-09-12 09:42:32,679 [IPC Server Responder] INFO  ipc.Server (Server.java:run(1314)) - IPC Server Responder: starting
2019-09-12 09:42:32,679 [IPC Server listener on 46552] INFO  ipc.Server (Server.java:run(1153)) - IPC Server listener on 46552: starting
2019-09-12 09:42:32,686 [main] INFO  hdfs.DFSUtil (DFSUtil.java:httpServerTemplateForNNAndJN(1641)) - Starting Web-server for ozoneManager at: http://0.0.0.0:0
2019-09-12 09:42:32,688 [main] INFO  server.AuthenticationFilter (AuthenticationFilter.java:constructSecretProvider(240)) - Unable to initialize FileSignerSecretProvider, falling back to use random secrets.
2019-09-12 09:42:32,689 [main] WARN  http.HttpRequestLog (HttpRequestLog.java:getRequestLog(97)) - Jetty request log can only be enabled using Log4j
2019-09-12 09:42:32,690 [main] INFO  http.HttpServer2 (HttpServer2.java:addGlobalFilter(975)) - Added global filter 'safety' (class=org.apache.hadoop.http.HttpServer2$QuotingInputFilter)
2019-09-12 09:42:32,691 [main] INFO  http.HttpServer2 (HttpServer2.java:addFilter(948)) - Added filter static_user_filter (class=org.apache.hadoop.http.lib.StaticUserWebFilter$StaticUserFilter) to context ozoneManager
2019-09-12 09:42:32,691 [main] INFO  http.HttpServer2 (HttpServer2.java:addFilter(958)) - Added filter static_user_filter (class=org.apache.hadoop.http.lib.StaticUserWebFilter$StaticUserFilter) to context logs
2019-09-12 09:42:32,691 [main] INFO  http.HttpServer2 (HttpServer2.java:addFilter(958)) - Added filter static_user_filter (class=org.apache.hadoop.http.lib.StaticUserWebFilter$StaticUserFilter) to context static
2019-09-12 09:42:32,692 [main] INFO  http.HttpServer2 (HttpServer2.java:bindListener(1191)) - Jetty bound to port 35073
2019-09-12 09:42:32,692 [main] INFO  server.Server (Server.java:doStart(351)) - jetty-9.3.24.v20180605, build timestamp: 2018-06-05T17:11:56Z, git hash: 84205aa28f11a4f31f2a3b86d1bba2cc8ab69827
2019-09-12 09:42:32,694 [main] INFO  handler.ContextHandler (ContextHandler.java:doStart(781)) - Started o.e.j.s.ServletContextHandler@13ef7fa1{/logs,file:///workdir/hadoop-ozone/integration-test/target/log,AVAILABLE}
2019-09-12 09:42:32,695 [main] INFO  handler.ContextHandler (ContextHandler.java:doStart(781)) - Started o.e.j.s.ServletContextHandler@54489296{/static,file:///workdir/hadoop-ozone/integration-test/target/test-classes/webapps/static,AVAILABLE}
2019-09-12 09:42:32,700 [main] INFO  handler.ContextHandler (ContextHandler.java:doStart(781)) - Started o.e.j.w.WebAppContext@a21c74{/,file:///workdir/hadoop-ozone/integration-test/target/test-classes/webapps/ozoneManager/,AVAILABLE}{/ozoneManager}
2019-09-12 09:42:32,700 [main] INFO  server.AbstractConnector (AbstractConnector.java:doStart(278)) - Started ServerConnector@b8a144e{HTTP/1.1,[http/1.1]}{0.0.0.0:35073}
2019-09-12 09:42:32,701 [main] INFO  server.Server (Server.java:doStart(419)) - Started @628435ms
2019-09-12 09:42:32,702 [main] WARN  impl.MetricsSystemImpl (MetricsSystemImpl.java:register(276)) - Sink prometheus already exists!
2019-09-12 09:42:32,702 [main] INFO  server.BaseHttpServer (BaseHttpServer.java:updateConnectorAddress(215)) - HTTP server of OZONEMANAGER is listening at http://0.0.0.0:35073
2019-09-12 09:42:32,719 [main] INFO  impl.MetricsSystemImpl (MetricsSystemImpl.java:init(158)) - HddsDatanode metrics system started (again)
2019-09-12 09:42:32,724 [main] INFO  ozone.HddsDatanodeService (HddsDatanodeService.java:start(184)) - HddsDatanodeService host:pr-hdds-2117-slf27-1599733614 ip:192.168.69.112
2019-09-12 09:42:32,731 [main] INFO  volume.HddsVolume (HddsVolume.java:<init>(176)) - Creating Volume: /workdir/hadoop-ozone/integration-test/target/test-dir/MiniOzoneClusterImpl-24bb607f-2e24-47f8-b34a-f96654db79dd/datanode-0/data/containers/hdds of  storage type : DISK and capacity : 1482555576320
2019-09-12 09:42:32,731 [main] INFO  volume.VolumeSet (VolumeSet.java:initializeVolumeSet(170)) - Added Volume : /workdir/hadoop-ozone/integration-test/target/test-dir/MiniOzoneClusterImpl-24bb607f-2e24-47f8-b34a-f96654db79dd/datanode-0/data/containers/hdds to VolumeSet
2019-09-12 09:42:32,731 [main] INFO  volume.ThrottledAsyncChecker (ThrottledAsyncChecker.java:schedule(139)) - Scheduling a check for org.apache.hadoop.ozone.container.common.volume.HddsVolume@6c9a3661
2019-09-12 09:42:32,732 [main] INFO  volume.HddsVolumeChecker (HddsVolumeChecker.java:checkAllVolumes(202)) - Scheduled health check for volume org.apache.hadoop.ozone.container.common.volume.HddsVolume@6c9a3661
2019-09-12 09:42:32,749 [main] INFO  impl.RaftServerProxy (ConfUtils.java:logGet(43)) - raft.rpc.type = GRPC (default)
2019-09-12 09:42:32,750 [main] INFO  grpc.GrpcFactory (GrpcFactory.java:checkPooledByteBufAllocatorUseCacheForAllThreads(45)) - PERFORMANCE WARNING: useCacheForAllThreads is true that may cause Netty to create a lot garbage objects and, as a result, trigger GC.
	It is recommended to disable useCacheForAllThreads by setting -Dorg.apache.ratis.thirdparty.io.netty.allocator.useCacheForAllThreads=false in command line.
2019-09-12 09:42:32,750 [main] INFO  grpc.GrpcConfigKeys$Server (ConfUtils.java:logGet(43)) - raft.grpc.server.port = 0 (default)
2019-09-12 09:42:32,750 [main] INFO  server.GrpcService (ConfUtils.java:logGet(43)) - raft.grpc.message.size.max = 33570816 (custom)
2019-09-12 09:42:32,750 [main] INFO  server.RaftServerConfigKeys (ConfUtils.java:logGet(43)) - raft.server.log.appender.buffer.byte-limit = 33554432 (custom)
2019-09-12 09:42:32,751 [main] INFO  server.GrpcService (ConfUtils.java:logGet(43)) - raft.grpc.flow.control.window = 1MB (=1048576) (default)
2019-09-12 09:42:32,751 [main] INFO  server.RaftServerConfigKeys (ConfUtils.java:logGet(43)) - raft.server.rpc.request.timeout = 3000ms (default)
2019-09-12 09:42:32,752 [main] INFO  server.RaftServerConfigKeys (ConfUtils.java:logGet(43)) - raft.server.storage.dir = [/workdir/hadoop-ozone/integration-test/target/test-dir/MiniOzoneClusterImpl-24bb607f-2e24-47f8-b34a-f96654db79dd/datanode-0/data/ratis] (custom)
2019-09-12 09:42:32,753 [main] INFO  hdfs.DFSUtil (DFSUtil.java:httpServerTemplateForNNAndJN(1641)) - Starting Web-server for hddsDatanode at: http://0.0.0.0:0
2019-09-12 09:42:32,754 [main] INFO  server.AuthenticationFilter (AuthenticationFilter.java:constructSecretProvider(240)) - Unable to initialize FileSignerSecretProvider, falling back to use random secrets.
2019-09-12 09:42:32,755 [main] WARN  http.HttpRequestLog (HttpRequestLog.java:getRequestLog(97)) - Jetty request log can only be enabled using Log4j
2019-09-12 09:42:32,756 [main] INFO  http.HttpServer2 (HttpServer2.java:addGlobalFilter(975)) - Added global filter 'safety' (class=org.apache.hadoop.http.HttpServer2$QuotingInputFilter)
2019-09-12 09:42:32,757 [main] INFO  http.HttpServer2 (HttpServer2.java:addFilter(948)) - Added filter static_user_filter (class=org.apache.hadoop.http.lib.StaticUserWebFilter$StaticUserFilter) to context hddsDatanode
2019-09-12 09:42:32,757 [main] INFO  http.HttpServer2 (HttpServer2.java:addFilter(958)) - Added filter static_user_filter (class=org.apache.hadoop.http.lib.StaticUserWebFilter$StaticUserFilter) to context static
2019-09-12 09:42:32,758 [main] INFO  http.HttpServer2 (HttpServer2.java:addFilter(958)) - Added filter static_user_filter (class=org.apache.hadoop.http.lib.StaticUserWebFilter$StaticUserFilter) to context logs
2019-09-12 09:42:32,758 [main] INFO  http.HttpServer2 (HttpServer2.java:bindListener(1191)) - Jetty bound to port 46729
2019-09-12 09:42:32,759 [main] INFO  server.Server (Server.java:doStart(351)) - jetty-9.3.24.v20180605, build timestamp: 2018-06-05T17:11:56Z, git hash: 84205aa28f11a4f31f2a3b86d1bba2cc8ab69827
2019-09-12 09:42:32,760 [main] INFO  handler.ContextHandler (ContextHandler.java:doStart(781)) - Started o.e.j.s.ServletContextHandler@4607d78b{/logs,file:///workdir/hadoop-ozone/integration-test/target/log,AVAILABLE}
2019-09-12 09:42:32,761 [main] INFO  handler.ContextHandler (ContextHandler.java:doStart(781)) - Started o.e.j.s.ServletContextHandler@22048bd6{/static,jar:file:/home/user/.m2/repository/org/apache/hadoop/hadoop-hdds-container-service/0.5.0-SNAPSHOT/hadoop-hdds-container-service-0.5.0-SNAPSHOT.jar!/webapps/static,AVAILABLE}
2019-09-12 09:42:32,797 [main] INFO  handler.ContextHandler (ContextHandler.java:doStart(781)) - Started o.e.j.w.WebAppContext@375084c9{/,file:///tmp/jetty-0.0.0.0-46729-hddsDatanode-_-any-9152984832238955750.dir/webapp/,AVAILABLE}{/hddsDatanode}
2019-09-12 09:42:32,797 [main] INFO  server.AbstractConnector (AbstractConnector.java:doStart(278)) - Started ServerConnector@bd93bc3{HTTP/1.1,[http/1.1]}{0.0.0.0:46729}
2019-09-12 09:42:32,799 [main] INFO  server.Server (Server.java:doStart(419)) - Started @628533ms
2019-09-12 09:42:32,799 [main] WARN  impl.MetricsSystemImpl (MetricsSystemImpl.java:register(276)) - Sink prometheus already exists!
2019-09-12 09:42:32,800 [main] INFO  server.BaseHttpServer (BaseHttpServer.java:updateConnectorAddress(215)) - HTTP server of HDDSDATANODE is listening at http://0.0.0.0:46729
2019-09-12 09:42:32,800 [main] INFO  impl.MetricsSystemImpl (MetricsSystemImpl.java:init(158)) - HddsDatanode metrics system started (again)
2019-09-12 09:42:32,804 [org.apache.hadoop.util.JvmPauseMonitor$Monitor@5c02b774] INFO  util.JvmPauseMonitor (JvmPauseMonitor.java:run(188)) - Starting JVM pause monitor
2019-09-12 09:42:32,805 [main] INFO  ozone.HddsDatanodeService (HddsDatanodeService.java:start(184)) - HddsDatanodeService host:pr-hdds-2117-slf27-1599733614 ip:192.168.69.112
2019-09-12 09:42:32,806 [Datanode State Machine Thread - 0] INFO  datanode.InitDatanodeState (InitDatanodeState.java:persistContainerDatanodeDetails(140)) - DatanodeDetails is persisted to /workdir/hadoop-ozone/integration-test/target/test-dir/MiniOzoneClusterImpl-24bb607f-2e24-47f8-b34a-f96654db79dd/datanode-0/meta/datanode.id
2019-09-12 09:42:32,812 [main] INFO  volume.HddsVolume (HddsVolume.java:<init>(176)) - Creating Volume: /workdir/hadoop-ozone/integration-test/target/test-dir/MiniOzoneClusterImpl-24bb607f-2e24-47f8-b34a-f96654db79dd/datanode-1/data/containers/hdds of  storage type : DISK and capacity : 1482555576320
2019-09-12 09:42:32,813 [main] INFO  volume.VolumeSet (VolumeSet.java:initializeVolumeSet(170)) - Added Volume : /workdir/hadoop-ozone/integration-test/target/test-dir/MiniOzoneClusterImpl-24bb607f-2e24-47f8-b34a-f96654db79dd/datanode-1/data/containers/hdds to VolumeSet
2019-09-12 09:42:32,813 [main] INFO  volume.ThrottledAsyncChecker (ThrottledAsyncChecker.java:schedule(139)) - Scheduling a check for org.apache.hadoop.ozone.container.common.volume.HddsVolume@71bb8b34
2019-09-12 09:42:32,813 [main] INFO  volume.HddsVolumeChecker (HddsVolumeChecker.java:checkAllVolumes(202)) - Scheduled health check for volume org.apache.hadoop.ozone.container.common.volume.HddsVolume@71bb8b34
2019-09-12 09:42:32,830 [main] INFO  impl.RaftServerProxy (ConfUtils.java:logGet(43)) - raft.rpc.type = GRPC (default)
2019-09-12 09:42:32,830 [main] INFO  grpc.GrpcFactory (GrpcFactory.java:checkPooledByteBufAllocatorUseCacheForAllThreads(45)) - PERFORMANCE WARNING: useCacheForAllThreads is true that may cause Netty to create a lot garbage objects and, as a result, trigger GC.
	It is recommended to disable useCacheForAllThreads by setting -Dorg.apache.ratis.thirdparty.io.netty.allocator.useCacheForAllThreads=false in command line.
2019-09-12 09:42:32,831 [main] INFO  grpc.GrpcConfigKeys$Server (ConfUtils.java:logGet(43)) - raft.grpc.server.port = 0 (default)
2019-09-12 09:42:32,831 [main] INFO  server.GrpcService (ConfUtils.java:logGet(43)) - raft.grpc.message.size.max = 33570816 (custom)
2019-09-12 09:42:32,831 [main] INFO  server.RaftServerConfigKeys (ConfUtils.java:logGet(43)) - raft.server.log.appender.buffer.byte-limit = 33554432 (custom)
2019-09-12 09:42:32,831 [main] INFO  server.GrpcService (ConfUtils.java:logGet(43)) - raft.grpc.flow.control.window = 1MB (=1048576) (default)
2019-09-12 09:42:32,832 [main] INFO  server.RaftServerConfigKeys (ConfUtils.java:logGet(43)) - raft.server.rpc.request.timeout = 3000ms (default)
2019-09-12 09:42:32,832 [main] INFO  server.RaftServerConfigKeys (ConfUtils.java:logGet(43)) - raft.server.storage.dir = [/workdir/hadoop-ozone/integration-test/target/test-dir/MiniOzoneClusterImpl-24bb607f-2e24-47f8-b34a-f96654db79dd/datanode-1/data/ratis] (custom)
2019-09-12 09:42:32,833 [main] INFO  hdfs.DFSUtil (DFSUtil.java:httpServerTemplateForNNAndJN(1641)) - Starting Web-server for hddsDatanode at: http://0.0.0.0:0
2019-09-12 09:42:32,835 [main] INFO  server.AuthenticationFilter (AuthenticationFilter.java:constructSecretProvider(240)) - Unable to initialize FileSignerSecretProvider, falling back to use random secrets.
2019-09-12 09:42:32,835 [main] WARN  http.HttpRequestLog (HttpRequestLog.java:getRequestLog(97)) - Jetty request log can only be enabled using Log4j
2019-09-12 09:42:32,837 [main] INFO  http.HttpServer2 (HttpServer2.java:addGlobalFilter(975)) - Added global filter 'safety' (class=org.apache.hadoop.http.HttpServer2$QuotingInputFilter)
2019-09-12 09:42:32,838 [main] INFO  http.HttpServer2 (HttpServer2.java:addFilter(948)) - Added filter static_user_filter (class=org.apache.hadoop.http.lib.StaticUserWebFilter$StaticUserFilter) to context hddsDatanode
2019-09-12 09:42:32,838 [main] INFO  http.HttpServer2 (HttpServer2.java:addFilter(958)) - Added filter static_user_filter (class=org.apache.hadoop.http.lib.StaticUserWebFilter$StaticUserFilter) to context static
2019-09-12 09:42:32,838 [main] INFO  http.HttpServer2 (HttpServer2.java:addFilter(958)) - Added filter static_user_filter (class=org.apache.hadoop.http.lib.StaticUserWebFilter$StaticUserFilter) to context logs
2019-09-12 09:42:32,839 [main] INFO  http.HttpServer2 (HttpServer2.java:bindListener(1191)) - Jetty bound to port 35210
2019-09-12 09:42:32,839 [main] INFO  server.Server (Server.java:doStart(351)) - jetty-9.3.24.v20180605, build timestamp: 2018-06-05T17:11:56Z, git hash: 84205aa28f11a4f31f2a3b86d1bba2cc8ab69827
2019-09-12 09:42:32,841 [main] INFO  handler.ContextHandler (ContextHandler.java:doStart(781)) - Started o.e.j.s.ServletContextHandler@5dcf0772{/logs,file:///workdir/hadoop-ozone/integration-test/target/log,AVAILABLE}
2019-09-12 09:42:32,841 [main] INFO  handler.ContextHandler (ContextHandler.java:doStart(781)) - Started o.e.j.s.ServletContextHandler@5f6494c0{/static,jar:file:/home/user/.m2/repository/org/apache/hadoop/hadoop-hdds-container-service/0.5.0-SNAPSHOT/hadoop-hdds-container-service-0.5.0-SNAPSHOT.jar!/webapps/static,AVAILABLE}
2019-09-12 09:42:32,876 [main] INFO  handler.ContextHandler (ContextHandler.java:doStart(781)) - Started o.e.j.w.WebAppContext@537b3b2e{/,file:///tmp/jetty-0.0.0.0-35210-hddsDatanode-_-any-6905535708469305841.dir/webapp/,AVAILABLE}{/hddsDatanode}
2019-09-12 09:42:32,876 [main] INFO  server.AbstractConnector (AbstractConnector.java:doStart(278)) - Started ServerConnector@1544ded3{HTTP/1.1,[http/1.1]}{0.0.0.0:35210}
2019-09-12 09:42:32,876 [main] INFO  server.Server (Server.java:doStart(419)) - Started @628610ms
2019-09-12 09:42:32,878 [main] WARN  impl.MetricsSystemImpl (MetricsSystemImpl.java:register(276)) - Sink prometheus already exists!
2019-09-12 09:42:32,879 [main] INFO  server.BaseHttpServer (BaseHttpServer.java:updateConnectorAddress(215)) - HTTP server of HDDSDATANODE is listening at http://0.0.0.0:35210
2019-09-12 09:42:32,879 [main] INFO  impl.MetricsSystemImpl (MetricsSystemImpl.java:init(158)) - HddsDatanode metrics system started (again)
2019-09-12 09:42:32,883 [org.apache.hadoop.util.JvmPauseMonitor$Monitor@3f98b967] INFO  util.JvmPauseMonitor (JvmPauseMonitor.java:run(188)) - Starting JVM pause monitor
2019-09-12 09:42:32,884 [main] INFO  ozone.HddsDatanodeService (HddsDatanodeService.java:start(184)) - HddsDatanodeService host:pr-hdds-2117-slf27-1599733614 ip:192.168.69.112
2019-09-12 09:42:32,884 [Datanode State Machine Thread - 0] INFO  datanode.InitDatanodeState (InitDatanodeState.java:persistContainerDatanodeDetails(140)) - DatanodeDetails is persisted to /workdir/hadoop-ozone/integration-test/target/test-dir/MiniOzoneClusterImpl-24bb607f-2e24-47f8-b34a-f96654db79dd/datanode-1/meta/datanode.id
2019-09-12 09:42:32,891 [main] INFO  volume.HddsVolume (HddsVolume.java:<init>(176)) - Creating Volume: /workdir/hadoop-ozone/integration-test/target/test-dir/MiniOzoneClusterImpl-24bb607f-2e24-47f8-b34a-f96654db79dd/datanode-2/data/containers/hdds of  storage type : DISK and capacity : 1482555576320
2019-09-12 09:42:32,891 [main] INFO  volume.VolumeSet (VolumeSet.java:initializeVolumeSet(170)) - Added Volume : /workdir/hadoop-ozone/integration-test/target/test-dir/MiniOzoneClusterImpl-24bb607f-2e24-47f8-b34a-f96654db79dd/datanode-2/data/containers/hdds to VolumeSet
2019-09-12 09:42:32,891 [main] INFO  volume.ThrottledAsyncChecker (ThrottledAsyncChecker.java:schedule(139)) - Scheduling a check for org.apache.hadoop.ozone.container.common.volume.HddsVolume@2b01c689
2019-09-12 09:42:32,892 [main] INFO  volume.HddsVolumeChecker (HddsVolumeChecker.java:checkAllVolumes(202)) - Scheduled health check for volume org.apache.hadoop.ozone.container.common.volume.HddsVolume@2b01c689
2019-09-12 09:42:32,906 [main] INFO  impl.RaftServerProxy (ConfUtils.java:logGet(43)) - raft.rpc.type = GRPC (default)
2019-09-12 09:42:32,906 [main] INFO  grpc.GrpcFactory (GrpcFactory.java:checkPooledByteBufAllocatorUseCacheForAllThreads(45)) - PERFORMANCE WARNING: useCacheForAllThreads is true that may cause Netty to create a lot garbage objects and, as a result, trigger GC.
	It is recommended to disable useCacheForAllThreads by setting -Dorg.apache.ratis.thirdparty.io.netty.allocator.useCacheForAllThreads=false in command line.
2019-09-12 09:42:32,906 [main] INFO  grpc.GrpcConfigKeys$Server (ConfUtils.java:logGet(43)) - raft.grpc.server.port = 0 (default)
2019-09-12 09:42:32,907 [main] INFO  server.GrpcService (ConfUtils.java:logGet(43)) - raft.grpc.message.size.max = 33570816 (custom)
2019-09-12 09:42:32,907 [main] INFO  server.RaftServerConfigKeys (ConfUtils.java:logGet(43)) - raft.server.log.appender.buffer.byte-limit = 33554432 (custom)
2019-09-12 09:42:32,907 [main] INFO  server.GrpcService (ConfUtils.java:logGet(43)) - raft.grpc.flow.control.window = 1MB (=1048576) (default)
2019-09-12 09:42:32,907 [main] INFO  server.RaftServerConfigKeys (ConfUtils.java:logGet(43)) - raft.server.rpc.request.timeout = 3000ms (default)
2019-09-12 09:42:32,908 [main] INFO  server.RaftServerConfigKeys (ConfUtils.java:logGet(43)) - raft.server.storage.dir = [/workdir/hadoop-ozone/integration-test/target/test-dir/MiniOzoneClusterImpl-24bb607f-2e24-47f8-b34a-f96654db79dd/datanode-2/data/ratis] (custom)
2019-09-12 09:42:32,909 [main] INFO  hdfs.DFSUtil (DFSUtil.java:httpServerTemplateForNNAndJN(1641)) - Starting Web-server for hddsDatanode at: http://0.0.0.0:0
2019-09-12 09:42:32,910 [main] INFO  server.AuthenticationFilter (AuthenticationFilter.java:constructSecretProvider(240)) - Unable to initialize FileSignerSecretProvider, falling back to use random secrets.
2019-09-12 09:42:32,910 [main] WARN  http.HttpRequestLog (HttpRequestLog.java:getRequestLog(97)) - Jetty request log can only be enabled using Log4j
2019-09-12 09:42:32,912 [main] INFO  http.HttpServer2 (HttpServer2.java:addGlobalFilter(975)) - Added global filter 'safety' (class=org.apache.hadoop.http.HttpServer2$QuotingInputFilter)
2019-09-12 09:42:32,913 [main] INFO  http.HttpServer2 (HttpServer2.java:addFilter(948)) - Added filter static_user_filter (class=org.apache.hadoop.http.lib.StaticUserWebFilter$StaticUserFilter) to context hddsDatanode
2019-09-12 09:42:32,913 [main] INFO  http.HttpServer2 (HttpServer2.java:addFilter(958)) - Added filter static_user_filter (class=org.apache.hadoop.http.lib.StaticUserWebFilter$StaticUserFilter) to context static
2019-09-12 09:42:32,913 [main] INFO  http.HttpServer2 (HttpServer2.java:addFilter(958)) - Added filter static_user_filter (class=org.apache.hadoop.http.lib.StaticUserWebFilter$StaticUserFilter) to context logs
2019-09-12 09:42:32,914 [main] INFO  http.HttpServer2 (HttpServer2.java:bindListener(1191)) - Jetty bound to port 33599
2019-09-12 09:42:32,914 [main] INFO  server.Server (Server.java:doStart(351)) - jetty-9.3.24.v20180605, build timestamp: 2018-06-05T17:11:56Z, git hash: 84205aa28f11a4f31f2a3b86d1bba2cc8ab69827
2019-09-12 09:42:32,915 [main] INFO  handler.ContextHandler (ContextHandler.java:doStart(781)) - Started o.e.j.s.ServletContextHandler@3181d4de{/logs,file:///workdir/hadoop-ozone/integration-test/target/log,AVAILABLE}
2019-09-12 09:42:32,916 [main] INFO  handler.ContextHandler (ContextHandler.java:doStart(781)) - Started o.e.j.s.ServletContextHandler@639c7f9c{/static,jar:file:/home/user/.m2/repository/org/apache/hadoop/hadoop-hdds-container-service/0.5.0-SNAPSHOT/hadoop-hdds-container-service-0.5.0-SNAPSHOT.jar!/webapps/static,AVAILABLE}
2019-09-12 09:42:32,946 [main] INFO  handler.ContextHandler (ContextHandler.java:doStart(781)) - Started o.e.j.w.WebAppContext@28e7bb31{/,file:///tmp/jetty-0.0.0.0-33599-hddsDatanode-_-any-7703137563406115441.dir/webapp/,AVAILABLE}{/hddsDatanode}
2019-09-12 09:42:32,947 [main] INFO  server.AbstractConnector (AbstractConnector.java:doStart(278)) - Started ServerConnector@6fe04f2a{HTTP/1.1,[http/1.1]}{0.0.0.0:33599}
2019-09-12 09:42:32,947 [main] INFO  server.Server (Server.java:doStart(419)) - Started @628681ms
2019-09-12 09:42:32,948 [main] WARN  impl.MetricsSystemImpl (MetricsSystemImpl.java:register(276)) - Sink prometheus already exists!
2019-09-12 09:42:32,949 [main] INFO  server.BaseHttpServer (BaseHttpServer.java:updateConnectorAddress(215)) - HTTP server of HDDSDATANODE is listening at http://0.0.0.0:33599
2019-09-12 09:42:32,949 [main] INFO  impl.MetricsSystemImpl (MetricsSystemImpl.java:init(158)) - HddsDatanode metrics system started (again)
2019-09-12 09:42:32,953 [org.apache.hadoop.util.JvmPauseMonitor$Monitor@288531e8] INFO  util.JvmPauseMonitor (JvmPauseMonitor.java:run(188)) - Starting JVM pause monitor
2019-09-12 09:42:32,954 [Datanode State Machine Thread - 0] INFO  datanode.InitDatanodeState (InitDatanodeState.java:persistContainerDatanodeDetails(140)) - DatanodeDetails is persisted to /workdir/hadoop-ozone/integration-test/target/test-dir/MiniOzoneClusterImpl-24bb607f-2e24-47f8-b34a-f96654db79dd/datanode-2/meta/datanode.id
2019-09-12 09:42:32,955 [main] INFO  ozone.HddsDatanodeService (HddsDatanodeService.java:start(184)) - HddsDatanodeService host:pr-hdds-2117-slf27-1599733614 ip:192.168.69.112
2019-09-12 09:42:32,960 [main] INFO  volume.HddsVolume (HddsVolume.java:<init>(176)) - Creating Volume: /workdir/hadoop-ozone/integration-test/target/test-dir/MiniOzoneClusterImpl-24bb607f-2e24-47f8-b34a-f96654db79dd/datanode-3/data/containers/hdds of  storage type : DISK and capacity : 1482555576320
2019-09-12 09:42:32,961 [main] INFO  volume.VolumeSet (VolumeSet.java:initializeVolumeSet(170)) - Added Volume : /workdir/hadoop-ozone/integration-test/target/test-dir/MiniOzoneClusterImpl-24bb607f-2e24-47f8-b34a-f96654db79dd/datanode-3/data/containers/hdds to VolumeSet
2019-09-12 09:42:32,961 [main] INFO  volume.ThrottledAsyncChecker (ThrottledAsyncChecker.java:schedule(139)) - Scheduling a check for org.apache.hadoop.ozone.container.common.volume.HddsVolume@59d5a6fd
2019-09-12 09:42:32,962 [main] INFO  volume.HddsVolumeChecker (HddsVolumeChecker.java:checkAllVolumes(202)) - Scheduled health check for volume org.apache.hadoop.ozone.container.common.volume.HddsVolume@59d5a6fd
2019-09-12 09:42:32,977 [main] INFO  impl.RaftServerProxy (ConfUtils.java:logGet(43)) - raft.rpc.type = GRPC (default)
2019-09-12 09:42:32,977 [main] INFO  grpc.GrpcFactory (GrpcFactory.java:checkPooledByteBufAllocatorUseCacheForAllThreads(45)) - PERFORMANCE WARNING: useCacheForAllThreads is true that may cause Netty to create a lot garbage objects and, as a result, trigger GC.
	It is recommended to disable useCacheForAllThreads by setting -Dorg.apache.ratis.thirdparty.io.netty.allocator.useCacheForAllThreads=false in command line.
2019-09-12 09:42:32,977 [main] INFO  grpc.GrpcConfigKeys$Server (ConfUtils.java:logGet(43)) - raft.grpc.server.port = 0 (default)
2019-09-12 09:42:32,978 [main] INFO  server.GrpcService (ConfUtils.java:logGet(43)) - raft.grpc.message.size.max = 33570816 (custom)
2019-09-12 09:42:32,978 [main] INFO  server.RaftServerConfigKeys (ConfUtils.java:logGet(43)) - raft.server.log.appender.buffer.byte-limit = 33554432 (custom)
2019-09-12 09:42:32,978 [main] INFO  server.GrpcService (ConfUtils.java:logGet(43)) - raft.grpc.flow.control.window = 1MB (=1048576) (default)
2019-09-12 09:42:32,978 [main] INFO  server.RaftServerConfigKeys (ConfUtils.java:logGet(43)) - raft.server.rpc.request.timeout = 3000ms (default)
2019-09-12 09:42:32,979 [main] INFO  server.RaftServerConfigKeys (ConfUtils.java:logGet(43)) - raft.server.storage.dir = [/workdir/hadoop-ozone/integration-test/target/test-dir/MiniOzoneClusterImpl-24bb607f-2e24-47f8-b34a-f96654db79dd/datanode-3/data/ratis] (custom)
2019-09-12 09:42:32,980 [main] INFO  hdfs.DFSUtil (DFSUtil.java:httpServerTemplateForNNAndJN(1641)) - Starting Web-server for hddsDatanode at: http://0.0.0.0:0
2019-09-12 09:42:32,981 [main] INFO  server.AuthenticationFilter (AuthenticationFilter.java:constructSecretProvider(240)) - Unable to initialize FileSignerSecretProvider, falling back to use random secrets.
2019-09-12 09:42:32,982 [main] WARN  http.HttpRequestLog (HttpRequestLog.java:getRequestLog(97)) - Jetty request log can only be enabled using Log4j
2019-09-12 09:42:32,983 [main] INFO  http.HttpServer2 (HttpServer2.java:addGlobalFilter(975)) - Added global filter 'safety' (class=org.apache.hadoop.http.HttpServer2$QuotingInputFilter)
2019-09-12 09:42:32,983 [main] INFO  http.HttpServer2 (HttpServer2.java:addFilter(948)) - Added filter static_user_filter (class=org.apache.hadoop.http.lib.StaticUserWebFilter$StaticUserFilter) to context hddsDatanode
2019-09-12 09:42:32,984 [main] INFO  http.HttpServer2 (HttpServer2.java:addFilter(958)) - Added filter static_user_filter (class=org.apache.hadoop.http.lib.StaticUserWebFilter$StaticUserFilter) to context logs
2019-09-12 09:42:32,984 [main] INFO  http.HttpServer2 (HttpServer2.java:addFilter(958)) - Added filter static_user_filter (class=org.apache.hadoop.http.lib.StaticUserWebFilter$StaticUserFilter) to context static
2019-09-12 09:42:32,984 [main] INFO  http.HttpServer2 (HttpServer2.java:bindListener(1191)) - Jetty bound to port 46442
2019-09-12 09:42:32,985 [main] INFO  server.Server (Server.java:doStart(351)) - jetty-9.3.24.v20180605, build timestamp: 2018-06-05T17:11:56Z, git hash: 84205aa28f11a4f31f2a3b86d1bba2cc8ab69827
2019-09-12 09:42:32,986 [main] INFO  handler.ContextHandler (ContextHandler.java:doStart(781)) - Started o.e.j.s.ServletContextHandler@6fb22ae3{/logs,file:///workdir/hadoop-ozone/integration-test/target/log,AVAILABLE}
2019-09-12 09:42:32,987 [main] INFO  handler.ContextHandler (ContextHandler.java:doStart(781)) - Started o.e.j.s.ServletContextHandler@69a373fd{/static,jar:file:/home/user/.m2/repository/org/apache/hadoop/hadoop-hdds-container-service/0.5.0-SNAPSHOT/hadoop-hdds-container-service-0.5.0-SNAPSHOT.jar!/webapps/static,AVAILABLE}
2019-09-12 09:42:33,022 [main] INFO  handler.ContextHandler (ContextHandler.java:doStart(781)) - Started o.e.j.w.WebAppContext@4217bce6{/,file:///tmp/jetty-0.0.0.0-46442-hddsDatanode-_-any-5536978163382611274.dir/webapp/,AVAILABLE}{/hddsDatanode}
2019-09-12 09:42:33,023 [main] INFO  server.AbstractConnector (AbstractConnector.java:doStart(278)) - Started ServerConnector@aa752bb{HTTP/1.1,[http/1.1]}{0.0.0.0:46442}
2019-09-12 09:42:33,024 [main] INFO  server.Server (Server.java:doStart(419)) - Started @628758ms
2019-09-12 09:42:33,025 [main] WARN  impl.MetricsSystemImpl (MetricsSystemImpl.java:register(276)) - Sink prometheus already exists!
2019-09-12 09:42:33,025 [main] INFO  server.BaseHttpServer (BaseHttpServer.java:updateConnectorAddress(215)) - HTTP server of HDDSDATANODE is listening at http://0.0.0.0:46442
2019-09-12 09:42:33,025 [main] INFO  impl.MetricsSystemImpl (MetricsSystemImpl.java:init(158)) - HddsDatanode metrics system started (again)
2019-09-12 09:42:33,030 [org.apache.hadoop.util.JvmPauseMonitor$Monitor@196ce214] INFO  util.JvmPauseMonitor (JvmPauseMonitor.java:run(188)) - Starting JVM pause monitor
2019-09-12 09:42:33,030 [main] INFO  ozone.HddsDatanodeService (HddsDatanodeService.java:start(184)) - HddsDatanodeService host:pr-hdds-2117-slf27-1599733614 ip:192.168.69.112
2019-09-12 09:42:33,030 [Datanode State Machine Thread - 0] INFO  datanode.InitDatanodeState (InitDatanodeState.java:persistContainerDatanodeDetails(140)) - DatanodeDetails is persisted to /workdir/hadoop-ozone/integration-test/target/test-dir/MiniOzoneClusterImpl-24bb607f-2e24-47f8-b34a-f96654db79dd/datanode-3/meta/datanode.id
2019-09-12 09:42:33,036 [main] INFO  volume.HddsVolume (HddsVolume.java:<init>(176)) - Creating Volume: /workdir/hadoop-ozone/integration-test/target/test-dir/MiniOzoneClusterImpl-24bb607f-2e24-47f8-b34a-f96654db79dd/datanode-4/data/containers/hdds of  storage type : DISK and capacity : 1482555576320
2019-09-12 09:42:33,036 [main] INFO  volume.VolumeSet (VolumeSet.java:initializeVolumeSet(170)) - Added Volume : /workdir/hadoop-ozone/integration-test/target/test-dir/MiniOzoneClusterImpl-24bb607f-2e24-47f8-b34a-f96654db79dd/datanode-4/data/containers/hdds to VolumeSet
2019-09-12 09:42:33,036 [main] INFO  volume.ThrottledAsyncChecker (ThrottledAsyncChecker.java:schedule(139)) - Scheduling a check for org.apache.hadoop.ozone.container.common.volume.HddsVolume@1b1252c8
2019-09-12 09:42:33,037 [main] INFO  volume.HddsVolumeChecker (HddsVolumeChecker.java:checkAllVolumes(202)) - Scheduled health check for volume org.apache.hadoop.ozone.container.common.volume.HddsVolume@1b1252c8
2019-09-12 09:42:33,050 [main] INFO  impl.RaftServerProxy (ConfUtils.java:logGet(43)) - raft.rpc.type = GRPC (default)
2019-09-12 09:42:33,050 [main] INFO  grpc.GrpcFactory (GrpcFactory.java:checkPooledByteBufAllocatorUseCacheForAllThreads(45)) - PERFORMANCE WARNING: useCacheForAllThreads is true that may cause Netty to create a lot garbage objects and, as a result, trigger GC.
	It is recommended to disable useCacheForAllThreads by setting -Dorg.apache.ratis.thirdparty.io.netty.allocator.useCacheForAllThreads=false in command line.
2019-09-12 09:42:33,050 [main] INFO  grpc.GrpcConfigKeys$Server (ConfUtils.java:logGet(43)) - raft.grpc.server.port = 0 (default)
2019-09-12 09:42:33,050 [main] INFO  server.GrpcService (ConfUtils.java:logGet(43)) - raft.grpc.message.size.max = 33570816 (custom)
2019-09-12 09:42:33,050 [main] INFO  server.RaftServerConfigKeys (ConfUtils.java:logGet(43)) - raft.server.log.appender.buffer.byte-limit = 33554432 (custom)
2019-09-12 09:42:33,051 [main] INFO  server.GrpcService (ConfUtils.java:logGet(43)) - raft.grpc.flow.control.window = 1MB (=1048576) (default)
2019-09-12 09:42:33,051 [main] INFO  server.RaftServerConfigKeys (ConfUtils.java:logGet(43)) - raft.server.rpc.request.timeout = 3000ms (default)
2019-09-12 09:42:33,051 [main] INFO  server.RaftServerConfigKeys (ConfUtils.java:logGet(43)) - raft.server.storage.dir = [/workdir/hadoop-ozone/integration-test/target/test-dir/MiniOzoneClusterImpl-24bb607f-2e24-47f8-b34a-f96654db79dd/datanode-4/data/ratis] (custom)
2019-09-12 09:42:33,052 [main] INFO  hdfs.DFSUtil (DFSUtil.java:httpServerTemplateForNNAndJN(1641)) - Starting Web-server for hddsDatanode at: http://0.0.0.0:0
2019-09-12 09:42:33,053 [main] INFO  server.AuthenticationFilter (AuthenticationFilter.java:constructSecretProvider(240)) - Unable to initialize FileSignerSecretProvider, falling back to use random secrets.
2019-09-12 09:42:33,054 [main] WARN  http.HttpRequestLog (HttpRequestLog.java:getRequestLog(97)) - Jetty request log can only be enabled using Log4j
2019-09-12 09:42:33,055 [main] INFO  http.HttpServer2 (HttpServer2.java:addGlobalFilter(975)) - Added global filter 'safety' (class=org.apache.hadoop.http.HttpServer2$QuotingInputFilter)
2019-09-12 09:42:33,055 [main] INFO  http.HttpServer2 (HttpServer2.java:addFilter(948)) - Added filter static_user_filter (class=org.apache.hadoop.http.lib.StaticUserWebFilter$StaticUserFilter) to context hddsDatanode
2019-09-12 09:42:33,055 [main] INFO  http.HttpServer2 (HttpServer2.java:addFilter(958)) - Added filter static_user_filter (class=org.apache.hadoop.http.lib.StaticUserWebFilter$StaticUserFilter) to context logs
2019-09-12 09:42:33,055 [main] INFO  http.HttpServer2 (HttpServer2.java:addFilter(958)) - Added filter static_user_filter (class=org.apache.hadoop.http.lib.StaticUserWebFilter$StaticUserFilter) to context static
2019-09-12 09:42:33,056 [main] INFO  http.HttpServer2 (HttpServer2.java:bindListener(1191)) - Jetty bound to port 33563
2019-09-12 09:42:33,056 [main] INFO  server.Server (Server.java:doStart(351)) - jetty-9.3.24.v20180605, build timestamp: 2018-06-05T17:11:56Z, git hash: 84205aa28f11a4f31f2a3b86d1bba2cc8ab69827
2019-09-12 09:42:33,057 [main] INFO  handler.ContextHandler (ContextHandler.java:doStart(781)) - Started o.e.j.s.ServletContextHandler@61911947{/logs,file:///workdir/hadoop-ozone/integration-test/target/log,AVAILABLE}
2019-09-12 09:42:33,058 [main] INFO  handler.ContextHandler (ContextHandler.java:doStart(781)) - Started o.e.j.s.ServletContextHandler@2dcd0e41{/static,jar:file:/home/user/.m2/repository/org/apache/hadoop/hadoop-hdds-container-service/0.5.0-SNAPSHOT/hadoop-hdds-container-service-0.5.0-SNAPSHOT.jar!/webapps/static,AVAILABLE}
2019-09-12 09:42:33,081 [main] INFO  handler.ContextHandler (ContextHandler.java:doStart(781)) - Started o.e.j.w.WebAppContext@65d9e72a{/,file:///tmp/jetty-0.0.0.0-33563-hddsDatanode-_-any-5302041260298505779.dir/webapp/,AVAILABLE}{/hddsDatanode}
2019-09-12 09:42:33,082 [main] INFO  server.AbstractConnector (AbstractConnector.java:doStart(278)) - Started ServerConnector@1f7e52d1{HTTP/1.1,[http/1.1]}{0.0.0.0:33563}
2019-09-12 09:42:33,083 [main] INFO  server.Server (Server.java:doStart(419)) - Started @628817ms
2019-09-12 09:42:33,083 [main] WARN  impl.MetricsSystemImpl (MetricsSystemImpl.java:register(276)) - Sink prometheus already exists!
2019-09-12 09:42:33,084 [main] INFO  server.BaseHttpServer (BaseHttpServer.java:updateConnectorAddress(215)) - HTTP server of HDDSDATANODE is listening at http://0.0.0.0:33563
2019-09-12 09:42:33,084 [main] INFO  impl.MetricsSystemImpl (MetricsSystemImpl.java:init(158)) - HddsDatanode metrics system started (again)
2019-09-12 09:42:33,089 [org.apache.hadoop.util.JvmPauseMonitor$Monitor@c7214bf] INFO  util.JvmPauseMonitor (JvmPauseMonitor.java:run(188)) - Starting JVM pause monitor
2019-09-12 09:42:33,090 [main] INFO  ozone.HddsDatanodeService (HddsDatanodeService.java:start(184)) - HddsDatanodeService host:pr-hdds-2117-slf27-1599733614 ip:192.168.69.112
2019-09-12 09:42:33,090 [Datanode State Machine Thread - 0] INFO  datanode.InitDatanodeState (InitDatanodeState.java:persistContainerDatanodeDetails(140)) - DatanodeDetails is persisted to /workdir/hadoop-ozone/integration-test/target/test-dir/MiniOzoneClusterImpl-24bb607f-2e24-47f8-b34a-f96654db79dd/datanode-4/meta/datanode.id
2019-09-12 09:42:33,100 [main] INFO  volume.HddsVolume (HddsVolume.java:<init>(176)) - Creating Volume: /workdir/hadoop-ozone/integration-test/target/test-dir/MiniOzoneClusterImpl-24bb607f-2e24-47f8-b34a-f96654db79dd/datanode-5/data/containers/hdds of  storage type : DISK and capacity : 1482555576320
2019-09-12 09:42:33,100 [main] INFO  volume.VolumeSet (VolumeSet.java:initializeVolumeSet(170)) - Added Volume : /workdir/hadoop-ozone/integration-test/target/test-dir/MiniOzoneClusterImpl-24bb607f-2e24-47f8-b34a-f96654db79dd/datanode-5/data/containers/hdds to VolumeSet
2019-09-12 09:42:33,100 [main] INFO  volume.ThrottledAsyncChecker (ThrottledAsyncChecker.java:schedule(139)) - Scheduling a check for org.apache.hadoop.ozone.container.common.volume.HddsVolume@52d7ab79
2019-09-12 09:42:33,101 [main] INFO  volume.HddsVolumeChecker (HddsVolumeChecker.java:checkAllVolumes(202)) - Scheduled health check for volume org.apache.hadoop.ozone.container.common.volume.HddsVolume@52d7ab79
2019-09-12 09:42:33,113 [main] INFO  impl.RaftServerProxy (ConfUtils.java:logGet(43)) - raft.rpc.type = GRPC (default)
2019-09-12 09:42:33,113 [main] INFO  grpc.GrpcFactory (GrpcFactory.java:checkPooledByteBufAllocatorUseCacheForAllThreads(45)) - PERFORMANCE WARNING: useCacheForAllThreads is true that may cause Netty to create a lot garbage objects and, as a result, trigger GC.
	It is recommended to disable useCacheForAllThreads by setting -Dorg.apache.ratis.thirdparty.io.netty.allocator.useCacheForAllThreads=false in command line.
2019-09-12 09:42:33,113 [main] INFO  grpc.GrpcConfigKeys$Server (ConfUtils.java:logGet(43)) - raft.grpc.server.port = 0 (default)
2019-09-12 09:42:33,113 [main] INFO  server.GrpcService (ConfUtils.java:logGet(43)) - raft.grpc.message.size.max = 33570816 (custom)
2019-09-12 09:42:33,113 [main] INFO  server.RaftServerConfigKeys (ConfUtils.java:logGet(43)) - raft.server.log.appender.buffer.byte-limit = 33554432 (custom)
2019-09-12 09:42:33,113 [main] INFO  server.GrpcService (ConfUtils.java:logGet(43)) - raft.grpc.flow.control.window = 1MB (=1048576) (default)
2019-09-12 09:42:33,114 [main] INFO  server.RaftServerConfigKeys (ConfUtils.java:logGet(43)) - raft.server.rpc.request.timeout = 3000ms (default)
2019-09-12 09:42:33,114 [main] INFO  server.RaftServerConfigKeys (ConfUtils.java:logGet(43)) - raft.server.storage.dir = [/workdir/hadoop-ozone/integration-test/target/test-dir/MiniOzoneClusterImpl-24bb607f-2e24-47f8-b34a-f96654db79dd/datanode-5/data/ratis] (custom)
2019-09-12 09:42:33,115 [main] INFO  hdfs.DFSUtil (DFSUtil.java:httpServerTemplateForNNAndJN(1641)) - Starting Web-server for hddsDatanode at: http://0.0.0.0:0
2019-09-12 09:42:33,116 [main] INFO  server.AuthenticationFilter (AuthenticationFilter.java:constructSecretProvider(240)) - Unable to initialize FileSignerSecretProvider, falling back to use random secrets.
2019-09-12 09:42:33,117 [main] WARN  http.HttpRequestLog (HttpRequestLog.java:getRequestLog(97)) - Jetty request log can only be enabled using Log4j
2019-09-12 09:42:33,118 [main] INFO  http.HttpServer2 (HttpServer2.java:addGlobalFilter(975)) - Added global filter 'safety' (class=org.apache.hadoop.http.HttpServer2$QuotingInputFilter)
2019-09-12 09:42:33,118 [main] INFO  http.HttpServer2 (HttpServer2.java:addFilter(948)) - Added filter static_user_filter (class=org.apache.hadoop.http.lib.StaticUserWebFilter$StaticUserFilter) to context hddsDatanode
2019-09-12 09:42:33,118 [main] INFO  http.HttpServer2 (HttpServer2.java:addFilter(958)) - Added filter static_user_filter (class=org.apache.hadoop.http.lib.StaticUserWebFilter$StaticUserFilter) to context static
2019-09-12 09:42:33,119 [main] INFO  http.HttpServer2 (HttpServer2.java:addFilter(958)) - Added filter static_user_filter (class=org.apache.hadoop.http.lib.StaticUserWebFilter$StaticUserFilter) to context logs
2019-09-12 09:42:33,119 [main] INFO  http.HttpServer2 (HttpServer2.java:bindListener(1191)) - Jetty bound to port 38789
2019-09-12 09:42:33,119 [main] INFO  server.Server (Server.java:doStart(351)) - jetty-9.3.24.v20180605, build timestamp: 2018-06-05T17:11:56Z, git hash: 84205aa28f11a4f31f2a3b86d1bba2cc8ab69827
2019-09-12 09:42:33,120 [main] INFO  handler.ContextHandler (ContextHandler.java:doStart(781)) - Started o.e.j.s.ServletContextHandler@14d1737a{/logs,file:///workdir/hadoop-ozone/integration-test/target/log,AVAILABLE}
2019-09-12 09:42:33,121 [main] INFO  handler.ContextHandler (ContextHandler.java:doStart(781)) - Started o.e.j.s.ServletContextHandler@3e74fd84{/static,jar:file:/home/user/.m2/repository/org/apache/hadoop/hadoop-hdds-container-service/0.5.0-SNAPSHOT/hadoop-hdds-container-service-0.5.0-SNAPSHOT.jar!/webapps/static,AVAILABLE}
2019-09-12 09:42:33,145 [main] INFO  handler.ContextHandler (ContextHandler.java:doStart(781)) - Started o.e.j.w.WebAppContext@5d5d3a5c{/,file:///tmp/jetty-0.0.0.0-38789-hddsDatanode-_-any-6930429903998812732.dir/webapp/,AVAILABLE}{/hddsDatanode}
2019-09-12 09:42:33,145 [main] INFO  server.AbstractConnector (AbstractConnector.java:doStart(278)) - Started ServerConnector@6e0d16a4{HTTP/1.1,[http/1.1]}{0.0.0.0:38789}
2019-09-12 09:42:33,147 [main] INFO  server.Server (Server.java:doStart(419)) - Started @628880ms
2019-09-12 09:42:33,147 [main] WARN  impl.MetricsSystemImpl (MetricsSystemImpl.java:register(276)) - Sink prometheus already exists!
2019-09-12 09:42:33,148 [main] INFO  server.BaseHttpServer (BaseHttpServer.java:updateConnectorAddress(215)) - HTTP server of HDDSDATANODE is listening at http://0.0.0.0:38789
2019-09-12 09:42:33,148 [main] INFO  impl.MetricsSystemImpl (MetricsSystemImpl.java:init(158)) - HddsDatanode metrics system started (again)
2019-09-12 09:42:33,153 [org.apache.hadoop.util.JvmPauseMonitor$Monitor@28f3618c] INFO  util.JvmPauseMonitor (JvmPauseMonitor.java:run(188)) - Starting JVM pause monitor
2019-09-12 09:42:33,154 [Datanode State Machine Thread - 0] INFO  datanode.InitDatanodeState (InitDatanodeState.java:persistContainerDatanodeDetails(140)) - DatanodeDetails is persisted to /workdir/hadoop-ozone/integration-test/target/test-dir/MiniOzoneClusterImpl-24bb607f-2e24-47f8-b34a-f96654db79dd/datanode-5/meta/datanode.id
2019-09-12 09:42:33,154 [main] INFO  ozone.HddsDatanodeService (HddsDatanodeService.java:start(184)) - HddsDatanodeService host:pr-hdds-2117-slf27-1599733614 ip:192.168.69.112
2019-09-12 09:42:33,159 [main] INFO  volume.HddsVolume (HddsVolume.java:<init>(176)) - Creating Volume: /workdir/hadoop-ozone/integration-test/target/test-dir/MiniOzoneClusterImpl-24bb607f-2e24-47f8-b34a-f96654db79dd/datanode-6/data/containers/hdds of  storage type : DISK and capacity : 1482555576320
2019-09-12 09:42:33,159 [main] INFO  volume.VolumeSet (VolumeSet.java:initializeVolumeSet(170)) - Added Volume : /workdir/hadoop-ozone/integration-test/target/test-dir/MiniOzoneClusterImpl-24bb607f-2e24-47f8-b34a-f96654db79dd/datanode-6/data/containers/hdds to VolumeSet
2019-09-12 09:42:33,160 [main] INFO  volume.ThrottledAsyncChecker (ThrottledAsyncChecker.java:schedule(139)) - Scheduling a check for org.apache.hadoop.ozone.container.common.volume.HddsVolume@63e4484d
2019-09-12 09:42:33,160 [main] INFO  volume.HddsVolumeChecker (HddsVolumeChecker.java:checkAllVolumes(202)) - Scheduled health check for volume org.apache.hadoop.ozone.container.common.volume.HddsVolume@63e4484d
2019-09-12 09:42:33,173 [main] INFO  impl.RaftServerProxy (ConfUtils.java:logGet(43)) - raft.rpc.type = GRPC (default)
2019-09-12 09:42:33,173 [main] INFO  grpc.GrpcFactory (GrpcFactory.java:checkPooledByteBufAllocatorUseCacheForAllThreads(45)) - PERFORMANCE WARNING: useCacheForAllThreads is true that may cause Netty to create a lot garbage objects and, as a result, trigger GC.
	It is recommended to disable useCacheForAllThreads by setting -Dorg.apache.ratis.thirdparty.io.netty.allocator.useCacheForAllThreads=false in command line.
2019-09-12 09:42:33,173 [main] INFO  grpc.GrpcConfigKeys$Server (ConfUtils.java:logGet(43)) - raft.grpc.server.port = 0 (default)
2019-09-12 09:42:33,174 [main] INFO  server.GrpcService (ConfUtils.java:logGet(43)) - raft.grpc.message.size.max = 33570816 (custom)
2019-09-12 09:42:33,174 [main] INFO  server.RaftServerConfigKeys (ConfUtils.java:logGet(43)) - raft.server.log.appender.buffer.byte-limit = 33554432 (custom)
2019-09-12 09:42:33,174 [main] INFO  server.GrpcService (ConfUtils.java:logGet(43)) - raft.grpc.flow.control.window = 1MB (=1048576) (default)
2019-09-12 09:42:33,174 [main] INFO  server.RaftServerConfigKeys (ConfUtils.java:logGet(43)) - raft.server.rpc.request.timeout = 3000ms (default)
2019-09-12 09:42:33,174 [main] INFO  server.RaftServerConfigKeys (ConfUtils.java:logGet(43)) - raft.server.storage.dir = [/workdir/hadoop-ozone/integration-test/target/test-dir/MiniOzoneClusterImpl-24bb607f-2e24-47f8-b34a-f96654db79dd/datanode-6/data/ratis] (custom)
2019-09-12 09:42:33,175 [main] INFO  hdfs.DFSUtil (DFSUtil.java:httpServerTemplateForNNAndJN(1641)) - Starting Web-server for hddsDatanode at: http://0.0.0.0:0
2019-09-12 09:42:33,176 [main] INFO  server.AuthenticationFilter (AuthenticationFilter.java:constructSecretProvider(240)) - Unable to initialize FileSignerSecretProvider, falling back to use random secrets.
2019-09-12 09:42:33,177 [main] WARN  http.HttpRequestLog (HttpRequestLog.java:getRequestLog(97)) - Jetty request log can only be enabled using Log4j
2019-09-12 09:42:33,178 [main] INFO  http.HttpServer2 (HttpServer2.java:addGlobalFilter(975)) - Added global filter 'safety' (class=org.apache.hadoop.http.HttpServer2$QuotingInputFilter)
2019-09-12 09:42:33,178 [main] INFO  http.HttpServer2 (HttpServer2.java:addFilter(948)) - Added filter static_user_filter (class=org.apache.hadoop.http.lib.StaticUserWebFilter$StaticUserFilter) to context hddsDatanode
2019-09-12 09:42:33,178 [main] INFO  http.HttpServer2 (HttpServer2.java:addFilter(958)) - Added filter static_user_filter (class=org.apache.hadoop.http.lib.StaticUserWebFilter$StaticUserFilter) to context logs
2019-09-12 09:42:33,179 [main] INFO  http.HttpServer2 (HttpServer2.java:addFilter(958)) - Added filter static_user_filter (class=org.apache.hadoop.http.lib.StaticUserWebFilter$StaticUserFilter) to context static
2019-09-12 09:42:33,179 [main] INFO  http.HttpServer2 (HttpServer2.java:bindListener(1191)) - Jetty bound to port 41228
2019-09-12 09:42:33,179 [main] INFO  server.Server (Server.java:doStart(351)) - jetty-9.3.24.v20180605, build timestamp: 2018-06-05T17:11:56Z, git hash: 84205aa28f11a4f31f2a3b86d1bba2cc8ab69827
2019-09-12 09:42:33,180 [main] INFO  handler.ContextHandler (ContextHandler.java:doStart(781)) - Started o.e.j.s.ServletContextHandler@43e8f1c{/logs,file:///workdir/hadoop-ozone/integration-test/target/log,AVAILABLE}
2019-09-12 09:42:33,181 [main] INFO  handler.ContextHandler (ContextHandler.java:doStart(781)) - Started o.e.j.s.ServletContextHandler@675ec28b{/static,jar:file:/home/user/.m2/repository/org/apache/hadoop/hadoop-hdds-container-service/0.5.0-SNAPSHOT/hadoop-hdds-container-service-0.5.0-SNAPSHOT.jar!/webapps/static,AVAILABLE}
2019-09-12 09:42:33,204 [main] INFO  handler.ContextHandler (ContextHandler.java:doStart(781)) - Started o.e.j.w.WebAppContext@42730828{/,file:///tmp/jetty-0.0.0.0-41228-hddsDatanode-_-any-768275524185259307.dir/webapp/,AVAILABLE}{/hddsDatanode}
2019-09-12 09:42:33,205 [main] INFO  server.AbstractConnector (AbstractConnector.java:doStart(278)) - Started ServerConnector@18c7f6b5{HTTP/1.1,[http/1.1]}{0.0.0.0:41228}
2019-09-12 09:42:33,207 [main] INFO  server.Server (Server.java:doStart(419)) - Started @628941ms
2019-09-12 09:42:33,207 [main] WARN  impl.MetricsSystemImpl (MetricsSystemImpl.java:register(276)) - Sink prometheus already exists!
2019-09-12 09:42:33,208 [main] INFO  server.BaseHttpServer (BaseHttpServer.java:updateConnectorAddress(215)) - HTTP server of HDDSDATANODE is listening at http://0.0.0.0:41228
2019-09-12 09:42:33,208 [main] INFO  ozone.MiniOzoneClusterImpl (MiniOzoneClusterImpl.java:lambda$waitForClusterToBeReady$0(140)) - Waiting for cluster to be ready. Got 0 of 7 DN Heartbeats.
2019-09-12 09:42:33,209 [org.apache.hadoop.util.JvmPauseMonitor$Monitor@616a2009] INFO  util.JvmPauseMonitor (JvmPauseMonitor.java:run(188)) - Starting JVM pause monitor
2019-09-12 09:42:33,210 [Datanode State Machine Thread - 0] INFO  datanode.InitDatanodeState (InitDatanodeState.java:persistContainerDatanodeDetails(140)) - DatanodeDetails is persisted to /workdir/hadoop-ozone/integration-test/target/test-dir/MiniOzoneClusterImpl-24bb607f-2e24-47f8-b34a-f96654db79dd/datanode-6/meta/datanode.id
2019-09-12 09:42:34,209 [main] INFO  ozone.MiniOzoneClusterImpl (MiniOzoneClusterImpl.java:lambda$waitForClusterToBeReady$0(140)) - Waiting for cluster to be ready. Got 0 of 7 DN Heartbeats.
2019-09-12 09:42:34,844 [Datanode State Machine Thread - 0] INFO  ozoneimpl.OzoneContainer (OzoneContainer.java:start(217)) - Attempting to start container services.
2019-09-12 09:42:34,844 [Datanode State Machine Thread - 0] INFO  ozoneimpl.OzoneContainer (OzoneContainer.java:startContainerScrub(179)) - Background container scanner has been disabled.
2019-09-12 09:42:34,845 [Datanode State Machine Thread - 0] INFO  ratis.XceiverServerRatis (XceiverServerRatis.java:start(404)) - Starting XceiverServerRatis 9d8b0a0e-9d22-4935-bd66-2b722dc07855 at port 0
2019-09-12 09:42:34,850 [Datanode State Machine Thread - 0] INFO  impl.RaftServerProxy (RaftServerProxy.java:lambda$start$3(299)) - 9d8b0a0e-9d22-4935-bd66-2b722dc07855: start RPC server
2019-09-12 09:42:34,852 [Datanode State Machine Thread - 0] INFO  server.GrpcService (GrpcService.java:startImpl(158)) - 9d8b0a0e-9d22-4935-bd66-2b722dc07855: GrpcService started, listening on 0.0.0.0/0.0.0.0:38000
2019-09-12 09:42:34,852 [Datanode State Machine Thread - 0] INFO  ratis.XceiverServerRatis (XceiverServerRatis.java:start(414)) - XceiverServerRatis 9d8b0a0e-9d22-4935-bd66-2b722dc07855 is started using port 38000
2019-09-12 09:42:34,854 [Datanode State Machine Thread - 0] INFO  server.XceiverServerGrpc (XceiverServerGrpc.java:start(163)) - XceiverServerGrpc 9d8b0a0e-9d22-4935-bd66-2b722dc07855 is started using port 40172
2019-09-12 09:42:34,899 [Datanode State Machine Thread - 0] INFO  ozoneimpl.OzoneContainer (OzoneContainer.java:start(217)) - Attempting to start container services.
2019-09-12 09:42:34,899 [Datanode State Machine Thread - 0] INFO  ozoneimpl.OzoneContainer (OzoneContainer.java:startContainerScrub(179)) - Background container scanner has been disabled.
2019-09-12 09:42:34,899 [Datanode State Machine Thread - 0] INFO  ratis.XceiverServerRatis (XceiverServerRatis.java:start(404)) - Starting XceiverServerRatis e7a3f9df-59d0-4b1c-af2f-429d00af68b5 at port 0
2019-09-12 09:42:34,904 [Datanode State Machine Thread - 0] INFO  impl.RaftServerProxy (RaftServerProxy.java:lambda$start$3(299)) - e7a3f9df-59d0-4b1c-af2f-429d00af68b5: start RPC server
2019-09-12 09:42:34,904 [Datanode State Machine Thread - 0] INFO  server.GrpcService (GrpcService.java:startImpl(158)) - e7a3f9df-59d0-4b1c-af2f-429d00af68b5: GrpcService started, listening on 0.0.0.0/0.0.0.0:43944
2019-09-12 09:42:34,905 [Datanode State Machine Thread - 0] INFO  ratis.XceiverServerRatis (XceiverServerRatis.java:start(414)) - XceiverServerRatis e7a3f9df-59d0-4b1c-af2f-429d00af68b5 is started using port 43944
2019-09-12 09:42:34,905 [Datanode State Machine Thread - 0] INFO  server.XceiverServerGrpc (XceiverServerGrpc.java:start(163)) - XceiverServerGrpc e7a3f9df-59d0-4b1c-af2f-429d00af68b5 is started using port 43254
2019-09-12 09:42:34,978 [Datanode State Machine Thread - 0] INFO  ozoneimpl.OzoneContainer (OzoneContainer.java:start(217)) - Attempting to start container services.
2019-09-12 09:42:34,978 [Datanode State Machine Thread - 0] INFO  ozoneimpl.OzoneContainer (OzoneContainer.java:startContainerScrub(179)) - Background container scanner has been disabled.
2019-09-12 09:42:34,978 [Datanode State Machine Thread - 0] INFO  ratis.XceiverServerRatis (XceiverServerRatis.java:start(404)) - Starting XceiverServerRatis 8df7c35a-b2af-4aa3-b2ea-ebc25917681d at port 0
2019-09-12 09:42:34,994 [Datanode State Machine Thread - 0] INFO  impl.RaftServerProxy (RaftServerProxy.java:lambda$start$3(299)) - 8df7c35a-b2af-4aa3-b2ea-ebc25917681d: start RPC server
2019-09-12 09:42:35,000 [Datanode State Machine Thread - 0] INFO  server.GrpcService (GrpcService.java:startImpl(158)) - 8df7c35a-b2af-4aa3-b2ea-ebc25917681d: GrpcService started, listening on 0.0.0.0/0.0.0.0:42509
2019-09-12 09:42:35,000 [Datanode State Machine Thread - 0] INFO  ratis.XceiverServerRatis (XceiverServerRatis.java:start(414)) - XceiverServerRatis 8df7c35a-b2af-4aa3-b2ea-ebc25917681d is started using port 42509
2019-09-12 09:42:35,016 [Datanode State Machine Thread - 0] INFO  server.XceiverServerGrpc (XceiverServerGrpc.java:start(163)) - XceiverServerGrpc 8df7c35a-b2af-4aa3-b2ea-ebc25917681d is started using port 39366
2019-09-12 09:42:35,050 [Datanode State Machine Thread - 0] INFO  ozoneimpl.OzoneContainer (OzoneContainer.java:start(217)) - Attempting to start container services.
2019-09-12 09:42:35,051 [Datanode State Machine Thread - 0] INFO  ozoneimpl.OzoneContainer (OzoneContainer.java:startContainerScrub(179)) - Background container scanner has been disabled.
2019-09-12 09:42:35,051 [Datanode State Machine Thread - 0] INFO  ratis.XceiverServerRatis (XceiverServerRatis.java:start(404)) - Starting XceiverServerRatis ab1435ba-055f-42a6-ac0c-0c241e3586c1 at port 0
2019-09-12 09:42:35,058 [Datanode State Machine Thread - 0] INFO  impl.RaftServerProxy (RaftServerProxy.java:lambda$start$3(299)) - ab1435ba-055f-42a6-ac0c-0c241e3586c1: start RPC server
2019-09-12 09:42:35,059 [Datanode State Machine Thread - 0] INFO  server.GrpcService (GrpcService.java:startImpl(158)) - ab1435ba-055f-42a6-ac0c-0c241e3586c1: GrpcService started, listening on 0.0.0.0/0.0.0.0:46664
2019-09-12 09:42:35,059 [Datanode State Machine Thread - 0] INFO  ratis.XceiverServerRatis (XceiverServerRatis.java:start(414)) - XceiverServerRatis ab1435ba-055f-42a6-ac0c-0c241e3586c1 is started using port 46664
2019-09-12 09:42:35,059 [Datanode State Machine Thread - 0] INFO  server.XceiverServerGrpc (XceiverServerGrpc.java:start(163)) - XceiverServerGrpc ab1435ba-055f-42a6-ac0c-0c241e3586c1 is started using port 46155
2019-09-12 09:42:35,131 [Datanode State Machine Thread - 0] INFO  ozoneimpl.OzoneContainer (OzoneContainer.java:start(217)) - Attempting to start container services.
2019-09-12 09:42:35,132 [Datanode State Machine Thread - 0] INFO  ozoneimpl.OzoneContainer (OzoneContainer.java:startContainerScrub(179)) - Background container scanner has been disabled.
2019-09-12 09:42:35,132 [Datanode State Machine Thread - 0] INFO  ratis.XceiverServerRatis (XceiverServerRatis.java:start(404)) - Starting XceiverServerRatis 040e264f-7231-418c-8fde-c9895bbf90ff at port 0
2019-09-12 09:42:35,139 [Datanode State Machine Thread - 0] INFO  impl.RaftServerProxy (RaftServerProxy.java:lambda$start$3(299)) - 040e264f-7231-418c-8fde-c9895bbf90ff: start RPC server
2019-09-12 09:42:35,149 [Datanode State Machine Thread - 0] INFO  server.GrpcService (GrpcService.java:startImpl(158)) - 040e264f-7231-418c-8fde-c9895bbf90ff: GrpcService started, listening on 0.0.0.0/0.0.0.0:39080
2019-09-12 09:42:35,150 [Datanode State Machine Thread - 0] INFO  ratis.XceiverServerRatis (XceiverServerRatis.java:start(414)) - XceiverServerRatis 040e264f-7231-418c-8fde-c9895bbf90ff is started using port 39080
2019-09-12 09:42:35,150 [Datanode State Machine Thread - 0] INFO  server.XceiverServerGrpc (XceiverServerGrpc.java:start(163)) - XceiverServerGrpc 040e264f-7231-418c-8fde-c9895bbf90ff is started using port 40459
2019-09-12 09:42:35,166 [Datanode State Machine Thread - 0] INFO  ozoneimpl.OzoneContainer (OzoneContainer.java:start(217)) - Attempting to start container services.
2019-09-12 09:42:35,166 [Datanode State Machine Thread - 0] INFO  ozoneimpl.OzoneContainer (OzoneContainer.java:startContainerScrub(179)) - Background container scanner has been disabled.
2019-09-12 09:42:35,167 [Datanode State Machine Thread - 0] INFO  ratis.XceiverServerRatis (XceiverServerRatis.java:start(404)) - Starting XceiverServerRatis f2981fec-dc68-4fe8-867b-817b759e8286 at port 0
2019-09-12 09:42:35,174 [Datanode State Machine Thread - 0] INFO  impl.RaftServerProxy (RaftServerProxy.java:lambda$start$3(299)) - f2981fec-dc68-4fe8-867b-817b759e8286: start RPC server
2019-09-12 09:42:35,175 [Datanode State Machine Thread - 0] INFO  server.GrpcService (GrpcService.java:startImpl(158)) - f2981fec-dc68-4fe8-867b-817b759e8286: GrpcService started, listening on 0.0.0.0/0.0.0.0:44740
2019-09-12 09:42:35,175 [Datanode State Machine Thread - 0] INFO  ratis.XceiverServerRatis (XceiverServerRatis.java:start(414)) - XceiverServerRatis f2981fec-dc68-4fe8-867b-817b759e8286 is started using port 44740
2019-09-12 09:42:35,175 [Datanode State Machine Thread - 0] INFO  server.XceiverServerGrpc (XceiverServerGrpc.java:start(163)) - XceiverServerGrpc f2981fec-dc68-4fe8-867b-817b759e8286 is started using port 42004
2019-09-12 09:42:35,210 [main] INFO  ozone.MiniOzoneClusterImpl (MiniOzoneClusterImpl.java:lambda$waitForClusterToBeReady$0(140)) - Waiting for cluster to be ready. Got 0 of 7 DN Heartbeats.
2019-09-12 09:42:35,237 [Datanode State Machine Thread - 0] INFO  ozoneimpl.OzoneContainer (OzoneContainer.java:start(217)) - Attempting to start container services.
2019-09-12 09:42:35,237 [Datanode State Machine Thread - 0] INFO  ozoneimpl.OzoneContainer (OzoneContainer.java:startContainerScrub(179)) - Background container scanner has been disabled.
2019-09-12 09:42:35,237 [Datanode State Machine Thread - 0] INFO  ratis.XceiverServerRatis (XceiverServerRatis.java:start(404)) - Starting XceiverServerRatis 06e1cc61-18a3-42d4-aec7-b27779cb650a at port 0
2019-09-12 09:42:35,244 [Datanode State Machine Thread - 0] INFO  impl.RaftServerProxy (RaftServerProxy.java:lambda$start$3(299)) - 06e1cc61-18a3-42d4-aec7-b27779cb650a: start RPC server
2019-09-12 09:42:35,246 [Datanode State Machine Thread - 0] INFO  server.GrpcService (GrpcService.java:startImpl(158)) - 06e1cc61-18a3-42d4-aec7-b27779cb650a: GrpcService started, listening on 0.0.0.0/0.0.0.0:41604
2019-09-12 09:42:35,246 [Datanode State Machine Thread - 0] INFO  ratis.XceiverServerRatis (XceiverServerRatis.java:start(414)) - XceiverServerRatis 06e1cc61-18a3-42d4-aec7-b27779cb650a is started using port 41604
2019-09-12 09:42:35,247 [Datanode State Machine Thread - 0] INFO  server.XceiverServerGrpc (XceiverServerGrpc.java:start(163)) - XceiverServerGrpc 06e1cc61-18a3-42d4-aec7-b27779cb650a is started using port 41937
2019-09-12 09:42:36,210 [main] INFO  ozone.MiniOzoneClusterImpl (MiniOzoneClusterImpl.java:lambda$waitForClusterToBeReady$0(140)) - Waiting for cluster to be ready. Got 0 of 7 DN Heartbeats.
2019-09-12 09:42:36,814 [IPC Server handler 18 on 41681] INFO  net.NetworkTopology (NetworkTopologyImpl.java:add(110)) - Added a new node: /default-rack/9d8b0a0e-9d22-4935-bd66-2b722dc07855
2019-09-12 09:42:36,817 [IPC Server handler 18 on 41681] INFO  node.SCMNodeManager (SCMNodeManager.java:register(266)) - Registered Data node : 9d8b0a0e-9d22-4935-bd66-2b722dc07855{ip: 192.168.69.112, host: pr-hdds-2117-slf27-1599733614, networkLocation: /default-rack, certSerialId: null}
2019-09-12 09:42:36,818 [EventQueue-NodeRegistrationContainerReportForDataNodeSafeModeRule] INFO  safemode.SCMSafeModeManager (DataNodeSafeModeRule.java:process(71)) - SCM in safe mode. 1 DataNodes registered, 1 required.
2019-09-12 09:42:36,821 [EventQueue-NodeRegistrationContainerReportForDataNodeSafeModeRule] INFO  safemode.SCMSafeModeManager (SCMSafeModeManager.java:validateSafeModeExitRules(177)) - ScmSafeModeManager, all rules are successfully validated
2019-09-12 09:42:36,821 [EventQueue-NodeRegistrationContainerReportForDataNodeSafeModeRule] INFO  safemode.SCMSafeModeManager (SCMSafeModeManager.java:exitSafeMode(193)) - SCM exiting safe mode.
2019-09-12 09:42:36,834 [grpc-default-executor-10] INFO  impl.RaftServerProxy (RaftServerProxy.java:addNew(89)) - 9d8b0a0e-9d22-4935-bd66-2b722dc07855: addNew group-0181AD95EC6F:[9d8b0a0e-9d22-4935-bd66-2b722dc07855:192.168.69.112:38000] returns group-0181AD95EC6F:java.util.concurrent.CompletableFuture@73c7fa3c[Not completed]
2019-09-12 09:42:36,836 [pool-499-thread-1] INFO  impl.RaftServerImpl (RaftServerImpl.java:<init>(95)) - 9d8b0a0e-9d22-4935-bd66-2b722dc07855: new RaftServerImpl for group-0181AD95EC6F:[9d8b0a0e-9d22-4935-bd66-2b722dc07855:192.168.69.112:38000] with ContainerStateMachine:uninitialized
2019-09-12 09:42:36,836 [pool-499-thread-1] INFO  server.RaftServerConfigKeys (ConfUtils.java:logGet(43)) - raft.server.rpc.timeout.min = 5s (custom)
2019-09-12 09:42:36,836 [pool-499-thread-1] INFO  server.RaftServerConfigKeys (ConfUtils.java:logGet(43)) - raft.server.rpc.timeout.max = 5200ms (custom)
2019-09-12 09:42:36,836 [pool-499-thread-1] INFO  server.RaftServerConfigKeys (ConfUtils.java:logGet(43)) - raft.server.rpcslowness.timeout = 120s (custom)
2019-09-12 09:42:36,836 [pool-499-thread-1] INFO  server.RaftServerConfigKeys (ConfUtils.java:logGet(43)) - raft.server.sleep.deviation.threshold = 300 (default)
2019-09-12 09:42:36,836 [pool-499-thread-1] INFO  server.RaftServerConfigKeys (ConfUtils.java:logGet(43)) - raft.server.log.appender.install.snapshot.enabled = false (custom)
2019-09-12 09:42:36,836 [pool-499-thread-1] INFO  impl.RaftServerImpl (ServerState.java:<init>(103)) - 9d8b0a0e-9d22-4935-bd66-2b722dc07855@group-0181AD95EC6F: ConfigurationManager, init=-1: [9d8b0a0e-9d22-4935-bd66-2b722dc07855:192.168.69.112:38000], old=null, confs=<EMPTY_MAP>
2019-09-12 09:42:36,836 [pool-499-thread-1] INFO  server.RaftServerConfigKeys (ConfUtils.java:logGet(43)) - raft.server.storage.dir = [/workdir/hadoop-ozone/integration-test/target/test-dir/MiniOzoneClusterImpl-24bb607f-2e24-47f8-b34a-f96654db79dd/datanode-0/data/ratis] (custom)
2019-09-12 09:42:36,837 [pool-499-thread-1] INFO  storage.RaftStorageDirectory (RaftStorageDirectory.java:analyzeStorage(246)) - The storage directory /workdir/hadoop-ozone/integration-test/target/test-dir/MiniOzoneClusterImpl-24bb607f-2e24-47f8-b34a-f96654db79dd/datanode-0/data/ratis/96c39029-09b4-400d-9e99-0181ad95ec6f does not exist. Creating ...
2019-09-12 09:42:36,861 [pool-499-thread-1] INFO  storage.RaftStorageDirectory (RaftStorageDirectory.java:tryLock(328)) - Lock on /workdir/hadoop-ozone/integration-test/target/test-dir/MiniOzoneClusterImpl-24bb607f-2e24-47f8-b34a-f96654db79dd/datanode-0/data/ratis/96c39029-09b4-400d-9e99-0181ad95ec6f/in_use.lock acquired by nodename 16937@pr-hdds-2117-slf27-1599733614
2019-09-12 09:42:36,883 [IPC Server handler 16 on 41681] INFO  net.NetworkTopology (NetworkTopologyImpl.java:add(110)) - Added a new node: /default-rack/e7a3f9df-59d0-4b1c-af2f-429d00af68b5
2019-09-12 09:42:36,883 [pool-499-thread-1] INFO  storage.RaftStorage (RaftStorage.java:format(72)) - Storage directory /workdir/hadoop-ozone/integration-test/target/test-dir/MiniOzoneClusterImpl-24bb607f-2e24-47f8-b34a-f96654db79dd/datanode-0/data/ratis/96c39029-09b4-400d-9e99-0181ad95ec6f has been successfully formatted.
2019-09-12 09:42:36,884 [IPC Server handler 16 on 41681] INFO  node.SCMNodeManager (SCMNodeManager.java:register(266)) - Registered Data node : e7a3f9df-59d0-4b1c-af2f-429d00af68b5{ip: 192.168.69.112, host: pr-hdds-2117-slf27-1599733614, networkLocation: /default-rack, certSerialId: null}
2019-09-12 09:42:36,884 [pool-499-thread-1] INFO  ratis.ContainerStateMachine (ContainerStateMachine.java:loadSnapshot(230)) - group-0181AD95EC6F: The snapshot info is null. Setting the last applied indexto:(t:0, i:~)
2019-09-12 09:42:36,884 [pool-499-thread-1] INFO  server.RaftServerConfigKeys (ConfUtils.java:logGet(43)) - raft.server.notification.no-leader.timeout = 120s (custom)
2019-09-12 09:42:36,884 [pool-499-thread-1] INFO  server.RaftServerConfigKeys (ConfUtils.java:logGet(43)) - raft.server.log.use.memory = false (default)
2019-09-12 09:42:36,884 [pool-499-thread-1] INFO  server.RaftServerConfigKeys (ConfUtils.java:logGet(43)) - raft.server.log.purge.gap = 1000000 (custom)
2019-09-12 09:42:36,885 [pool-499-thread-1] INFO  server.RaftServerConfigKeys (ConfUtils.java:logGet(43)) - raft.server.log.appender.buffer.byte-limit = 33554432 (custom)
2019-09-12 09:42:36,885 [pool-499-thread-1] INFO  server.RaftServerConfigKeys (ConfUtils.java:logGet(43)) - raft.server.log.segment.size.max = 1048576 (custom)
2019-09-12 09:42:36,885 [pool-499-thread-1] INFO  server.RaftServerConfigKeys (ConfUtils.java:logGet(43)) - raft.server.log.segment.cache.num.max = 2 (custom)
2019-09-12 09:42:36,885 [pool-499-thread-1] INFO  segmented.SegmentedRaftLogWorker (SegmentedRaftLogWorker.java:<init>(172)) - new 9d8b0a0e-9d22-4935-bd66-2b722dc07855@group-0181AD95EC6F-SegmentedRaftLogWorker for RaftStorage:Storage Directory /workdir/hadoop-ozone/integration-test/target/test-dir/MiniOzoneClusterImpl-24bb607f-2e24-47f8-b34a-f96654db79dd/datanode-0/data/ratis/96c39029-09b4-400d-9e99-0181ad95ec6f
2019-09-12 09:42:36,887 [pool-499-thread-1] INFO  server.RaftServerConfigKeys (ConfUtils.java:logGet(43)) - raft.server.log.queue.byte-limit = 2147483647 (custom)
2019-09-12 09:42:36,887 [pool-499-thread-1] INFO  server.RaftServerConfigKeys (ConfUtils.java:logGet(43)) - raft.server.log.queue.element-limit = 1024 (custom)
2019-09-12 09:42:36,888 [pool-499-thread-1] INFO  server.RaftServerConfigKeys (ConfUtils.java:logGet(43)) - raft.server.log.segment.size.max = 1048576 (custom)
2019-09-12 09:42:36,888 [pool-499-thread-1] INFO  server.RaftServerConfigKeys (ConfUtils.java:logGet(43)) - raft.server.log.preallocated.size = 16384 (custom)
2019-09-12 09:42:36,888 [pool-499-thread-1] INFO  server.RaftServerConfigKeys (ConfUtils.java:logGet(43)) - raft.server.log.write.buffer.size = 33554432 (custom)
2019-09-12 09:42:36,888 [pool-499-thread-1] INFO  server.RaftServerConfigKeys (ConfUtils.java:logGet(43)) - raft.server.log.force.sync.num = 128 (default)
2019-09-12 09:42:36,888 [pool-499-thread-1] INFO  server.RaftServerConfigKeys (ConfUtils.java:logGet(43)) - raft.server.log.statemachine.data.sync = true (default)
2019-09-12 09:42:36,888 [pool-499-thread-1] INFO  server.RaftServerConfigKeys (ConfUtils.java:logGet(43)) - raft.server.log.statemachine.data.sync.timeout = 10s (default)
2019-09-12 09:42:36,888 [pool-499-thread-1] INFO  server.RaftServerConfigKeys (ConfUtils.java:logGet(43)) - raft.server.log.statemachine.data.sync.timeout.retry = -1 (default)
2019-09-12 09:42:36,889 [pool-499-thread-1] INFO  server.RaftServerConfigKeys (ConfUtils.java:logGet(43)) - raft.server.log.statemachine.data.caching.enabled = true (custom)
2019-09-12 09:42:36,889 [pool-499-thread-1] INFO  segmented.SegmentedRaftLogWorker (SegmentedRaftLogWorker.java:lambda$new$0(132)) - 9d8b0a0e-9d22-4935-bd66-2b722dc07855@group-0181AD95EC6F-SegmentedRaftLogWorker: flushIndex: setUnconditionally 0 -> -1
2019-09-12 09:42:36,890 [pool-499-thread-1] INFO  server.RaftServerConfigKeys (ConfUtils.java:logGet(43)) - raft.server.snapshot.auto.trigger.enabled = true (custom)
2019-09-12 09:42:36,890 [pool-499-thread-1] INFO  server.RaftServerConfigKeys (ConfUtils.java:logGet(43)) - raft.server.snapshot.auto.trigger.threshold = 10000 (custom)
2019-09-12 09:42:36,890 [pool-499-thread-1] INFO  server.RaftServerConfigKeys (ConfUtils.java:logGet(43)) - raft.server.snapshot.retention.num.files = -1 (default)
2019-09-12 09:42:36,890 [pool-499-thread-1] INFO  server.RaftServerConfigKeys (ConfUtils.java:logGet(43)) - raft.server.retrycache.expirytime = 600000ms (custom)
2019-09-12 09:42:36,891 [pool-499-thread-1] INFO  impl.RaftServerImpl (RaftServerImpl.java:start(185)) - 9d8b0a0e-9d22-4935-bd66-2b722dc07855@group-0181AD95EC6F: start as a follower, conf=-1: [9d8b0a0e-9d22-4935-bd66-2b722dc07855:192.168.69.112:38000], old=null
2019-09-12 09:42:36,891 [pool-499-thread-1] INFO  impl.RaftServerImpl (RaftServerImpl.java:setRole(174)) - 9d8b0a0e-9d22-4935-bd66-2b722dc07855@group-0181AD95EC6F: changes role from      null to FOLLOWER at term 0 for startAsFollower
2019-09-12 09:42:36,891 [pool-499-thread-1] INFO  impl.RoleInfo (RoleInfo.java:updateAndGet(143)) - 9d8b0a0e-9d22-4935-bd66-2b722dc07855: start FollowerState
2019-09-12 09:42:36,892 [pool-499-thread-1] INFO  util.JmxRegister (JmxRegister.java:tryRegister(44)) - Successfully registered JMX Bean with object name Ratis:service=RaftServer,group=group-0181AD95EC6F,id=9d8b0a0e-9d22-4935-bd66-2b722dc07855
2019-09-12 09:42:36,895 [RatisPipelineUtilsThread] INFO  pipeline.PipelineStateManager (PipelineStateManager.java:addPipeline(56)) - Created pipeline Pipeline[ Id: 96c39029-09b4-400d-9e99-0181ad95ec6f, Nodes: 9d8b0a0e-9d22-4935-bd66-2b722dc07855{ip: 192.168.69.112, host: pr-hdds-2117-slf27-1599733614, networkLocation: /default-rack, certSerialId: null}, Type:RATIS, Factor:ONE, State:OPEN]
2019-09-12 09:42:36,903 [grpc-default-executor-10] INFO  impl.RaftServerProxy (RaftServerProxy.java:addNew(89)) - e7a3f9df-59d0-4b1c-af2f-429d00af68b5: addNew group-D0E0C6DCA956:[e7a3f9df-59d0-4b1c-af2f-429d00af68b5:192.168.69.112:43944] returns group-D0E0C6DCA956:java.util.concurrent.CompletableFuture@37fe446e[Not completed]
2019-09-12 09:42:36,904 [pool-509-thread-1] INFO  impl.RaftServerImpl (RaftServerImpl.java:<init>(95)) - e7a3f9df-59d0-4b1c-af2f-429d00af68b5: new RaftServerImpl for group-D0E0C6DCA956:[e7a3f9df-59d0-4b1c-af2f-429d00af68b5:192.168.69.112:43944] with ContainerStateMachine:uninitialized
2019-09-12 09:42:36,904 [pool-509-thread-1] INFO  server.RaftServerConfigKeys (ConfUtils.java:logGet(43)) - raft.server.rpc.timeout.min = 5s (custom)
2019-09-12 09:42:36,905 [pool-509-thread-1] INFO  server.RaftServerConfigKeys (ConfUtils.java:logGet(43)) - raft.server.rpc.timeout.max = 5200ms (custom)
2019-09-12 09:42:36,905 [pool-509-thread-1] INFO  server.RaftServerConfigKeys (ConfUtils.java:logGet(43)) - raft.server.rpcslowness.timeout = 120s (custom)
2019-09-12 09:42:36,905 [pool-509-thread-1] INFO  server.RaftServerConfigKeys (ConfUtils.java:logGet(43)) - raft.server.sleep.deviation.threshold = 300 (default)
2019-09-12 09:42:36,905 [pool-509-thread-1] INFO  server.RaftServerConfigKeys (ConfUtils.java:logGet(43)) - raft.server.log.appender.install.snapshot.enabled = false (custom)
2019-09-12 09:42:36,905 [pool-509-thread-1] INFO  impl.RaftServerImpl (ServerState.java:<init>(103)) - e7a3f9df-59d0-4b1c-af2f-429d00af68b5@group-D0E0C6DCA956: ConfigurationManager, init=-1: [e7a3f9df-59d0-4b1c-af2f-429d00af68b5:192.168.69.112:43944], old=null, confs=<EMPTY_MAP>
2019-09-12 09:42:36,905 [pool-509-thread-1] INFO  server.RaftServerConfigKeys (ConfUtils.java:logGet(43)) - raft.server.storage.dir = [/workdir/hadoop-ozone/integration-test/target/test-dir/MiniOzoneClusterImpl-24bb607f-2e24-47f8-b34a-f96654db79dd/datanode-1/data/ratis] (custom)
2019-09-12 09:42:36,905 [pool-509-thread-1] INFO  storage.RaftStorageDirectory (RaftStorageDirectory.java:analyzeStorage(246)) - The storage directory /workdir/hadoop-ozone/integration-test/target/test-dir/MiniOzoneClusterImpl-24bb607f-2e24-47f8-b34a-f96654db79dd/datanode-1/data/ratis/ca769f75-4fe2-4683-84e7-d0e0c6dca956 does not exist. Creating ...
2019-09-12 09:42:36,928 [pool-509-thread-1] INFO  storage.RaftStorageDirectory (RaftStorageDirectory.java:tryLock(328)) - Lock on /workdir/hadoop-ozone/integration-test/target/test-dir/MiniOzoneClusterImpl-24bb607f-2e24-47f8-b34a-f96654db79dd/datanode-1/data/ratis/ca769f75-4fe2-4683-84e7-d0e0c6dca956/in_use.lock acquired by nodename 16937@pr-hdds-2117-slf27-1599733614
2019-09-12 09:42:36,951 [pool-509-thread-1] INFO  storage.RaftStorage (RaftStorage.java:format(72)) - Storage directory /workdir/hadoop-ozone/integration-test/target/test-dir/MiniOzoneClusterImpl-24bb607f-2e24-47f8-b34a-f96654db79dd/datanode-1/data/ratis/ca769f75-4fe2-4683-84e7-d0e0c6dca956 has been successfully formatted.
2019-09-12 09:42:36,951 [pool-509-thread-1] INFO  ratis.ContainerStateMachine (ContainerStateMachine.java:loadSnapshot(230)) - group-D0E0C6DCA956: The snapshot info is null. Setting the last applied indexto:(t:0, i:~)
2019-09-12 09:42:36,951 [pool-509-thread-1] INFO  server.RaftServerConfigKeys (ConfUtils.java:logGet(43)) - raft.server.notification.no-leader.timeout = 120s (custom)
2019-09-12 09:42:36,951 [pool-509-thread-1] INFO  server.RaftServerConfigKeys (ConfUtils.java:logGet(43)) - raft.server.log.use.memory = false (default)
2019-09-12 09:42:36,951 [pool-509-thread-1] INFO  server.RaftServerConfigKeys (ConfUtils.java:logGet(43)) - raft.server.log.purge.gap = 1000000 (custom)
2019-09-12 09:42:36,951 [pool-509-thread-1] INFO  server.RaftServerConfigKeys (ConfUtils.java:logGet(43)) - raft.server.log.appender.buffer.byte-limit = 33554432 (custom)
2019-09-12 09:42:36,951 [pool-509-thread-1] INFO  server.RaftServerConfigKeys (ConfUtils.java:logGet(43)) - raft.server.log.segment.size.max = 1048576 (custom)
2019-09-12 09:42:36,951 [pool-509-thread-1] INFO  server.RaftServerConfigKeys (ConfUtils.java:logGet(43)) - raft.server.log.segment.cache.num.max = 2 (custom)
2019-09-12 09:42:36,951 [pool-509-thread-1] INFO  segmented.SegmentedRaftLogWorker (SegmentedRaftLogWorker.java:<init>(172)) - new e7a3f9df-59d0-4b1c-af2f-429d00af68b5@group-D0E0C6DCA956-SegmentedRaftLogWorker for RaftStorage:Storage Directory /workdir/hadoop-ozone/integration-test/target/test-dir/MiniOzoneClusterImpl-24bb607f-2e24-47f8-b34a-f96654db79dd/datanode-1/data/ratis/ca769f75-4fe2-4683-84e7-d0e0c6dca956
2019-09-12 09:42:36,953 [pool-509-thread-1] INFO  server.RaftServerConfigKeys (ConfUtils.java:logGet(43)) - raft.server.log.queue.byte-limit = 2147483647 (custom)
2019-09-12 09:42:36,953 [pool-509-thread-1] INFO  server.RaftServerConfigKeys (ConfUtils.java:logGet(43)) - raft.server.log.queue.element-limit = 1024 (custom)
2019-09-12 09:42:36,953 [pool-509-thread-1] INFO  server.RaftServerConfigKeys (ConfUtils.java:logGet(43)) - raft.server.log.segment.size.max = 1048576 (custom)
2019-09-12 09:42:36,953 [pool-509-thread-1] INFO  server.RaftServerConfigKeys (ConfUtils.java:logGet(43)) - raft.server.log.preallocated.size = 16384 (custom)
2019-09-12 09:42:36,953 [pool-509-thread-1] INFO  server.RaftServerConfigKeys (ConfUtils.java:logGet(43)) - raft.server.log.write.buffer.size = 33554432 (custom)
2019-09-12 09:42:36,953 [pool-509-thread-1] INFO  server.RaftServerConfigKeys (ConfUtils.java:logGet(43)) - raft.server.log.force.sync.num = 128 (default)
2019-09-12 09:42:36,953 [pool-509-thread-1] INFO  server.RaftServerConfigKeys (ConfUtils.java:logGet(43)) - raft.server.log.statemachine.data.sync = true (default)
2019-09-12 09:42:36,953 [pool-509-thread-1] INFO  server.RaftServerConfigKeys (ConfUtils.java:logGet(43)) - raft.server.log.statemachine.data.sync.timeout = 10s (default)
2019-09-12 09:42:36,953 [pool-509-thread-1] INFO  server.RaftServerConfigKeys (ConfUtils.java:logGet(43)) - raft.server.log.statemachine.data.sync.timeout.retry = -1 (default)
2019-09-12 09:42:36,953 [pool-509-thread-1] INFO  server.RaftServerConfigKeys (ConfUtils.java:logGet(43)) - raft.server.log.statemachine.data.caching.enabled = true (custom)
2019-09-12 09:42:36,954 [pool-509-thread-1] INFO  segmented.SegmentedRaftLogWorker (SegmentedRaftLogWorker.java:lambda$new$0(132)) - e7a3f9df-59d0-4b1c-af2f-429d00af68b5@group-D0E0C6DCA956-SegmentedRaftLogWorker: flushIndex: setUnconditionally 0 -> -1
2019-09-12 09:42:36,954 [pool-509-thread-1] INFO  server.RaftServerConfigKeys (ConfUtils.java:logGet(43)) - raft.server.snapshot.auto.trigger.enabled = true (custom)
2019-09-12 09:42:36,954 [pool-509-thread-1] INFO  server.RaftServerConfigKeys (ConfUtils.java:logGet(43)) - raft.server.snapshot.auto.trigger.threshold = 10000 (custom)
2019-09-12 09:42:36,954 [pool-509-thread-1] INFO  server.RaftServerConfigKeys (ConfUtils.java:logGet(43)) - raft.server.snapshot.retention.num.files = -1 (default)
2019-09-12 09:42:36,954 [pool-509-thread-1] INFO  server.RaftServerConfigKeys (ConfUtils.java:logGet(43)) - raft.server.retrycache.expirytime = 600000ms (custom)
2019-09-12 09:42:36,955 [IPC Server handler 14 on 41681] INFO  net.NetworkTopology (NetworkTopologyImpl.java:add(110)) - Added a new node: /default-rack/8df7c35a-b2af-4aa3-b2ea-ebc25917681d
2019-09-12 09:42:36,955 [pool-509-thread-1] INFO  impl.RaftServerImpl (RaftServerImpl.java:start(185)) - e7a3f9df-59d0-4b1c-af2f-429d00af68b5@group-D0E0C6DCA956: start as a follower, conf=-1: [e7a3f9df-59d0-4b1c-af2f-429d00af68b5:192.168.69.112:43944], old=null
2019-09-12 09:42:36,955 [IPC Server handler 14 on 41681] INFO  node.SCMNodeManager (SCMNodeManager.java:register(266)) - Registered Data node : 8df7c35a-b2af-4aa3-b2ea-ebc25917681d{ip: 192.168.69.112, host: pr-hdds-2117-slf27-1599733614, networkLocation: /default-rack, certSerialId: null}
2019-09-12 09:42:36,955 [pool-509-thread-1] INFO  impl.RaftServerImpl (RaftServerImpl.java:setRole(174)) - e7a3f9df-59d0-4b1c-af2f-429d00af68b5@group-D0E0C6DCA956: changes role from      null to FOLLOWER at term 0 for startAsFollower
2019-09-12 09:42:36,956 [pool-509-thread-1] INFO  impl.RoleInfo (RoleInfo.java:updateAndGet(143)) - e7a3f9df-59d0-4b1c-af2f-429d00af68b5: start FollowerState
2019-09-12 09:42:36,956 [pool-509-thread-1] INFO  util.JmxRegister (JmxRegister.java:tryRegister(44)) - Successfully registered JMX Bean with object name Ratis:service=RaftServer,group=group-D0E0C6DCA956,id=e7a3f9df-59d0-4b1c-af2f-429d00af68b5
2019-09-12 09:42:36,958 [RatisPipelineUtilsThread] INFO  pipeline.PipelineStateManager (PipelineStateManager.java:addPipeline(56)) - Created pipeline Pipeline[ Id: ca769f75-4fe2-4683-84e7-d0e0c6dca956, Nodes: e7a3f9df-59d0-4b1c-af2f-429d00af68b5{ip: 192.168.69.112, host: pr-hdds-2117-slf27-1599733614, networkLocation: /default-rack, certSerialId: null}, Type:RATIS, Factor:ONE, State:OPEN]
2019-09-12 09:42:36,966 [grpc-default-executor-10] INFO  impl.RaftServerProxy (RaftServerProxy.java:addNew(89)) - 8df7c35a-b2af-4aa3-b2ea-ebc25917681d: addNew group-B46FEB7DD0EB:[8df7c35a-b2af-4aa3-b2ea-ebc25917681d:192.168.69.112:42509] returns group-B46FEB7DD0EB:java.util.concurrent.CompletableFuture@86c22c4[Not completed]
2019-09-12 09:42:36,967 [pool-519-thread-1] INFO  impl.RaftServerImpl (RaftServerImpl.java:<init>(95)) - 8df7c35a-b2af-4aa3-b2ea-ebc25917681d: new RaftServerImpl for group-B46FEB7DD0EB:[8df7c35a-b2af-4aa3-b2ea-ebc25917681d:192.168.69.112:42509] with ContainerStateMachine:uninitialized
2019-09-12 09:42:36,967 [pool-519-thread-1] INFO  server.RaftServerConfigKeys (ConfUtils.java:logGet(43)) - raft.server.rpc.timeout.min = 5s (custom)
2019-09-12 09:42:36,967 [pool-519-thread-1] INFO  server.RaftServerConfigKeys (ConfUtils.java:logGet(43)) - raft.server.rpc.timeout.max = 5200ms (custom)
2019-09-12 09:42:36,967 [pool-519-thread-1] INFO  server.RaftServerConfigKeys (ConfUtils.java:logGet(43)) - raft.server.rpcslowness.timeout = 120s (custom)
2019-09-12 09:42:36,967 [pool-519-thread-1] INFO  server.RaftServerConfigKeys (ConfUtils.java:logGet(43)) - raft.server.sleep.deviation.threshold = 300 (default)
2019-09-12 09:42:36,967 [pool-519-thread-1] INFO  server.RaftServerConfigKeys (ConfUtils.java:logGet(43)) - raft.server.log.appender.install.snapshot.enabled = false (custom)
2019-09-12 09:42:36,967 [pool-519-thread-1] INFO  impl.RaftServerImpl (ServerState.java:<init>(103)) - 8df7c35a-b2af-4aa3-b2ea-ebc25917681d@group-B46FEB7DD0EB: ConfigurationManager, init=-1: [8df7c35a-b2af-4aa3-b2ea-ebc25917681d:192.168.69.112:42509], old=null, confs=<EMPTY_MAP>
2019-09-12 09:42:36,967 [pool-519-thread-1] INFO  server.RaftServerConfigKeys (ConfUtils.java:logGet(43)) - raft.server.storage.dir = [/workdir/hadoop-ozone/integration-test/target/test-dir/MiniOzoneClusterImpl-24bb607f-2e24-47f8-b34a-f96654db79dd/datanode-2/data/ratis] (custom)
2019-09-12 09:42:36,967 [pool-519-thread-1] INFO  storage.RaftStorageDirectory (RaftStorageDirectory.java:analyzeStorage(246)) - The storage directory /workdir/hadoop-ozone/integration-test/target/test-dir/MiniOzoneClusterImpl-24bb607f-2e24-47f8-b34a-f96654db79dd/datanode-2/data/ratis/c96e7686-c45f-4c36-bcc7-b46feb7dd0eb does not exist. Creating ...
2019-09-12 09:42:36,990 [pool-519-thread-1] INFO  storage.RaftStorageDirectory (RaftStorageDirectory.java:tryLock(328)) - Lock on /workdir/hadoop-ozone/integration-test/target/test-dir/MiniOzoneClusterImpl-24bb607f-2e24-47f8-b34a-f96654db79dd/datanode-2/data/ratis/c96e7686-c45f-4c36-bcc7-b46feb7dd0eb/in_use.lock acquired by nodename 16937@pr-hdds-2117-slf27-1599733614
2019-09-12 09:42:37,012 [pool-519-thread-1] INFO  storage.RaftStorage (RaftStorage.java:format(72)) - Storage directory /workdir/hadoop-ozone/integration-test/target/test-dir/MiniOzoneClusterImpl-24bb607f-2e24-47f8-b34a-f96654db79dd/datanode-2/data/ratis/c96e7686-c45f-4c36-bcc7-b46feb7dd0eb has been successfully formatted.
2019-09-12 09:42:37,012 [pool-519-thread-1] INFO  ratis.ContainerStateMachine (ContainerStateMachine.java:loadSnapshot(230)) - group-B46FEB7DD0EB: The snapshot info is null. Setting the last applied indexto:(t:0, i:~)
2019-09-12 09:42:37,013 [pool-519-thread-1] INFO  server.RaftServerConfigKeys (ConfUtils.java:logGet(43)) - raft.server.notification.no-leader.timeout = 120s (custom)
2019-09-12 09:42:37,013 [pool-519-thread-1] INFO  server.RaftServerConfigKeys (ConfUtils.java:logGet(43)) - raft.server.log.use.memory = false (default)
2019-09-12 09:42:37,013 [pool-519-thread-1] INFO  server.RaftServerConfigKeys (ConfUtils.java:logGet(43)) - raft.server.log.purge.gap = 1000000 (custom)
2019-09-12 09:42:37,013 [pool-519-thread-1] INFO  server.RaftServerConfigKeys (ConfUtils.java:logGet(43)) - raft.server.log.appender.buffer.byte-limit = 33554432 (custom)
2019-09-12 09:42:37,013 [pool-519-thread-1] INFO  server.RaftServerConfigKeys (ConfUtils.java:logGet(43)) - raft.server.log.segment.size.max = 1048576 (custom)
2019-09-12 09:42:37,013 [pool-519-thread-1] INFO  server.RaftServerConfigKeys (ConfUtils.java:logGet(43)) - raft.server.log.segment.cache.num.max = 2 (custom)
2019-09-12 09:42:37,013 [pool-519-thread-1] INFO  segmented.SegmentedRaftLogWorker (SegmentedRaftLogWorker.java:<init>(172)) - new 8df7c35a-b2af-4aa3-b2ea-ebc25917681d@group-B46FEB7DD0EB-SegmentedRaftLogWorker for RaftStorage:Storage Directory /workdir/hadoop-ozone/integration-test/target/test-dir/MiniOzoneClusterImpl-24bb607f-2e24-47f8-b34a-f96654db79dd/datanode-2/data/ratis/c96e7686-c45f-4c36-bcc7-b46feb7dd0eb
2019-09-12 09:42:37,014 [pool-519-thread-1] INFO  server.RaftServerConfigKeys (ConfUtils.java:logGet(43)) - raft.server.log.queue.byte-limit = 2147483647 (custom)
2019-09-12 09:42:37,014 [pool-519-thread-1] INFO  server.RaftServerConfigKeys (ConfUtils.java:logGet(43)) - raft.server.log.queue.element-limit = 1024 (custom)
2019-09-12 09:42:37,015 [pool-519-thread-1] INFO  server.RaftServerConfigKeys (ConfUtils.java:logGet(43)) - raft.server.log.segment.size.max = 1048576 (custom)
2019-09-12 09:42:37,015 [pool-519-thread-1] INFO  server.RaftServerConfigKeys (ConfUtils.java:logGet(43)) - raft.server.log.preallocated.size = 16384 (custom)
2019-09-12 09:42:37,015 [pool-519-thread-1] INFO  server.RaftServerConfigKeys (ConfUtils.java:logGet(43)) - raft.server.log.write.buffer.size = 33554432 (custom)
2019-09-12 09:42:37,015 [pool-519-thread-1] INFO  server.RaftServerConfigKeys (ConfUtils.java:logGet(43)) - raft.server.log.force.sync.num = 128 (default)
2019-09-12 09:42:37,015 [pool-519-thread-1] INFO  server.RaftServerConfigKeys (ConfUtils.java:logGet(43)) - raft.server.log.statemachine.data.sync = true (default)
2019-09-12 09:42:37,015 [pool-519-thread-1] INFO  server.RaftServerConfigKeys (ConfUtils.java:logGet(43)) - raft.server.log.statemachine.data.sync.timeout = 10s (default)
2019-09-12 09:42:37,015 [pool-519-thread-1] INFO  server.RaftServerConfigKeys (ConfUtils.java:logGet(43)) - raft.server.log.statemachine.data.sync.timeout.retry = -1 (default)
2019-09-12 09:42:37,015 [pool-519-thread-1] INFO  server.RaftServerConfigKeys (ConfUtils.java:logGet(43)) - raft.server.log.statemachine.data.caching.enabled = true (custom)
2019-09-12 09:42:37,015 [pool-519-thread-1] INFO  segmented.SegmentedRaftLogWorker (SegmentedRaftLogWorker.java:lambda$new$0(132)) - 8df7c35a-b2af-4aa3-b2ea-ebc25917681d@group-B46FEB7DD0EB-SegmentedRaftLogWorker: flushIndex: setUnconditionally 0 -> -1
2019-09-12 09:42:37,016 [pool-519-thread-1] INFO  server.RaftServerConfigKeys (ConfUtils.java:logGet(43)) - raft.server.snapshot.auto.trigger.enabled = true (custom)
2019-09-12 09:42:37,016 [pool-519-thread-1] INFO  server.RaftServerConfigKeys (ConfUtils.java:logGet(43)) - raft.server.snapshot.auto.trigger.threshold = 10000 (custom)
2019-09-12 09:42:37,016 [pool-519-thread-1] INFO  server.RaftServerConfigKeys (ConfUtils.java:logGet(43)) - raft.server.snapshot.retention.num.files = -1 (default)
2019-09-12 09:42:37,016 [pool-519-thread-1] INFO  server.RaftServerConfigKeys (ConfUtils.java:logGet(43)) - raft.server.retrycache.expirytime = 600000ms (custom)
2019-09-12 09:42:37,017 [pool-519-thread-1] INFO  impl.RaftServerImpl (RaftServerImpl.java:start(185)) - 8df7c35a-b2af-4aa3-b2ea-ebc25917681d@group-B46FEB7DD0EB: start as a follower, conf=-1: [8df7c35a-b2af-4aa3-b2ea-ebc25917681d:192.168.69.112:42509], old=null
2019-09-12 09:42:37,017 [pool-519-thread-1] INFO  impl.RaftServerImpl (RaftServerImpl.java:setRole(174)) - 8df7c35a-b2af-4aa3-b2ea-ebc25917681d@group-B46FEB7DD0EB: changes role from      null to FOLLOWER at term 0 for startAsFollower
2019-09-12 09:42:37,017 [pool-519-thread-1] INFO  impl.RoleInfo (RoleInfo.java:updateAndGet(143)) - 8df7c35a-b2af-4aa3-b2ea-ebc25917681d: start FollowerState
2019-09-12 09:42:37,017 [pool-519-thread-1] INFO  util.JmxRegister (JmxRegister.java:tryRegister(44)) - Successfully registered JMX Bean with object name Ratis:service=RaftServer,group=group-B46FEB7DD0EB,id=8df7c35a-b2af-4aa3-b2ea-ebc25917681d
2019-09-12 09:42:37,019 [RatisPipelineUtilsThread] INFO  pipeline.PipelineStateManager (PipelineStateManager.java:addPipeline(56)) - Created pipeline Pipeline[ Id: c96e7686-c45f-4c36-bcc7-b46feb7dd0eb, Nodes: 8df7c35a-b2af-4aa3-b2ea-ebc25917681d{ip: 192.168.69.112, host: pr-hdds-2117-slf27-1599733614, networkLocation: /default-rack, certSerialId: null}, Type:RATIS, Factor:ONE, State:OPEN]
2019-09-12 09:42:37,031 [IPC Server handler 0 on 41681] INFO  net.NetworkTopology (NetworkTopologyImpl.java:add(110)) - Added a new node: /default-rack/ab1435ba-055f-42a6-ac0c-0c241e3586c1
2019-09-12 09:42:37,031 [IPC Server handler 0 on 41681] INFO  node.SCMNodeManager (SCMNodeManager.java:register(266)) - Registered Data node : ab1435ba-055f-42a6-ac0c-0c241e3586c1{ip: 192.168.69.112, host: pr-hdds-2117-slf27-1599733614, networkLocation: /default-rack, certSerialId: null}
2019-09-12 09:42:37,031 [grpc-default-executor-9] INFO  impl.RaftServerProxy (RaftServerProxy.java:addNew(89)) - 8df7c35a-b2af-4aa3-b2ea-ebc25917681d: addNew group-B8998CF259C7:[8df7c35a-b2af-4aa3-b2ea-ebc25917681d:192.168.69.112:42509, e7a3f9df-59d0-4b1c-af2f-429d00af68b5:192.168.69.112:43944, 9d8b0a0e-9d22-4935-bd66-2b722dc07855:192.168.69.112:38000] returns group-B8998CF259C7:java.util.concurrent.CompletableFuture@13ee9f4b[Not completed]
2019-09-12 09:42:37,032 [grpc-default-executor-3] INFO  impl.RaftServerProxy (RaftServerProxy.java:addNew(89)) - e7a3f9df-59d0-4b1c-af2f-429d00af68b5: addNew group-B8998CF259C7:[8df7c35a-b2af-4aa3-b2ea-ebc25917681d:192.168.69.112:42509, e7a3f9df-59d0-4b1c-af2f-429d00af68b5:192.168.69.112:43944, 9d8b0a0e-9d22-4935-bd66-2b722dc07855:192.168.69.112:38000] returns group-B8998CF259C7:java.util.concurrent.CompletableFuture@5e4538e6[Not completed]
2019-09-12 09:42:37,032 [grpc-default-executor-10] INFO  impl.RaftServerProxy (RaftServerProxy.java:addNew(89)) - 9d8b0a0e-9d22-4935-bd66-2b722dc07855: addNew group-B8998CF259C7:[8df7c35a-b2af-4aa3-b2ea-ebc25917681d:192.168.69.112:42509, e7a3f9df-59d0-4b1c-af2f-429d00af68b5:192.168.69.112:43944, 9d8b0a0e-9d22-4935-bd66-2b722dc07855:192.168.69.112:38000] returns group-B8998CF259C7:java.util.concurrent.CompletableFuture@14fc747c[Not completed]
2019-09-12 09:42:37,032 [pool-519-thread-1] INFO  impl.RaftServerImpl (RaftServerImpl.java:<init>(95)) - 8df7c35a-b2af-4aa3-b2ea-ebc25917681d: new RaftServerImpl for group-B8998CF259C7:[8df7c35a-b2af-4aa3-b2ea-ebc25917681d:192.168.69.112:42509, e7a3f9df-59d0-4b1c-af2f-429d00af68b5:192.168.69.112:43944, 9d8b0a0e-9d22-4935-bd66-2b722dc07855:192.168.69.112:38000] with ContainerStateMachine:uninitialized
2019-09-12 09:42:37,033 [pool-519-thread-1] INFO  server.RaftServerConfigKeys (ConfUtils.java:logGet(43)) - raft.server.rpc.timeout.min = 5s (custom)
2019-09-12 09:42:37,033 [pool-519-thread-1] INFO  server.RaftServerConfigKeys (ConfUtils.java:logGet(43)) - raft.server.rpc.timeout.max = 5200ms (custom)
2019-09-12 09:42:37,033 [pool-519-thread-1] INFO  server.RaftServerConfigKeys (ConfUtils.java:logGet(43)) - raft.server.rpcslowness.timeout = 120s (custom)
2019-09-12 09:42:37,033 [pool-519-thread-1] INFO  server.RaftServerConfigKeys (ConfUtils.java:logGet(43)) - raft.server.sleep.deviation.threshold = 300 (default)
2019-09-12 09:42:37,033 [pool-519-thread-1] INFO  server.RaftServerConfigKeys (ConfUtils.java:logGet(43)) - raft.server.log.appender.install.snapshot.enabled = false (custom)
2019-09-12 09:42:37,033 [pool-509-thread-1] INFO  impl.RaftServerImpl (RaftServerImpl.java:<init>(95)) - e7a3f9df-59d0-4b1c-af2f-429d00af68b5: new RaftServerImpl for group-B8998CF259C7:[8df7c35a-b2af-4aa3-b2ea-ebc25917681d:192.168.69.112:42509, e7a3f9df-59d0-4b1c-af2f-429d00af68b5:192.168.69.112:43944, 9d8b0a0e-9d22-4935-bd66-2b722dc07855:192.168.69.112:38000] with ContainerStateMachine:uninitialized
2019-09-12 09:42:37,033 [pool-519-thread-1] INFO  impl.RaftServerImpl (ServerState.java:<init>(103)) - 8df7c35a-b2af-4aa3-b2ea-ebc25917681d@group-B8998CF259C7: ConfigurationManager, init=-1: [8df7c35a-b2af-4aa3-b2ea-ebc25917681d:192.168.69.112:42509, e7a3f9df-59d0-4b1c-af2f-429d00af68b5:192.168.69.112:43944, 9d8b0a0e-9d22-4935-bd66-2b722dc07855:192.168.69.112:38000], old=null, confs=<EMPTY_MAP>
2019-09-12 09:42:37,033 [pool-509-thread-1] INFO  server.RaftServerConfigKeys (ConfUtils.java:logGet(43)) - raft.server.rpc.timeout.min = 5s (custom)
2019-09-12 09:42:37,033 [pool-519-thread-1] INFO  server.RaftServerConfigKeys (ConfUtils.java:logGet(43)) - raft.server.storage.dir = [/workdir/hadoop-ozone/integration-test/target/test-dir/MiniOzoneClusterImpl-24bb607f-2e24-47f8-b34a-f96654db79dd/datanode-2/data/ratis] (custom)
2019-09-12 09:42:37,033 [pool-509-thread-1] INFO  server.RaftServerConfigKeys (ConfUtils.java:logGet(43)) - raft.server.rpc.timeout.max = 5200ms (custom)
2019-09-12 09:42:37,033 [pool-509-thread-1] INFO  server.RaftServerConfigKeys (ConfUtils.java:logGet(43)) - raft.server.rpcslowness.timeout = 120s (custom)
2019-09-12 09:42:37,033 [pool-519-thread-1] INFO  storage.RaftStorageDirectory (RaftStorageDirectory.java:analyzeStorage(246)) - The storage directory /workdir/hadoop-ozone/integration-test/target/test-dir/MiniOzoneClusterImpl-24bb607f-2e24-47f8-b34a-f96654db79dd/datanode-2/data/ratis/197a84bb-c10f-4e81-ae38-b8998cf259c7 does not exist. Creating ...
2019-09-12 09:42:37,033 [pool-509-thread-1] INFO  server.RaftServerConfigKeys (ConfUtils.java:logGet(43)) - raft.server.sleep.deviation.threshold = 300 (default)
2019-09-12 09:42:37,034 [pool-509-thread-1] INFO  server.RaftServerConfigKeys (ConfUtils.java:logGet(43)) - raft.server.log.appender.install.snapshot.enabled = false (custom)
2019-09-12 09:42:37,034 [pool-509-thread-1] INFO  impl.RaftServerImpl (ServerState.java:<init>(103)) - e7a3f9df-59d0-4b1c-af2f-429d00af68b5@group-B8998CF259C7: ConfigurationManager, init=-1: [8df7c35a-b2af-4aa3-b2ea-ebc25917681d:192.168.69.112:42509, e7a3f9df-59d0-4b1c-af2f-429d00af68b5:192.168.69.112:43944, 9d8b0a0e-9d22-4935-bd66-2b722dc07855:192.168.69.112:38000], old=null, confs=<EMPTY_MAP>
2019-09-12 09:42:37,034 [pool-509-thread-1] INFO  server.RaftServerConfigKeys (ConfUtils.java:logGet(43)) - raft.server.storage.dir = [/workdir/hadoop-ozone/integration-test/target/test-dir/MiniOzoneClusterImpl-24bb607f-2e24-47f8-b34a-f96654db79dd/datanode-1/data/ratis] (custom)
2019-09-12 09:42:37,034 [pool-499-thread-1] INFO  impl.RaftServerImpl (RaftServerImpl.java:<init>(95)) - 9d8b0a0e-9d22-4935-bd66-2b722dc07855: new RaftServerImpl for group-B8998CF259C7:[8df7c35a-b2af-4aa3-b2ea-ebc25917681d:192.168.69.112:42509, e7a3f9df-59d0-4b1c-af2f-429d00af68b5:192.168.69.112:43944, 9d8b0a0e-9d22-4935-bd66-2b722dc07855:192.168.69.112:38000] with ContainerStateMachine:uninitialized
2019-09-12 09:42:37,034 [pool-509-thread-1] INFO  storage.RaftStorageDirectory (RaftStorageDirectory.java:analyzeStorage(246)) - The storage directory /workdir/hadoop-ozone/integration-test/target/test-dir/MiniOzoneClusterImpl-24bb607f-2e24-47f8-b34a-f96654db79dd/datanode-1/data/ratis/197a84bb-c10f-4e81-ae38-b8998cf259c7 does not exist. Creating ...
2019-09-12 09:42:37,034 [pool-499-thread-1] INFO  server.RaftServerConfigKeys (ConfUtils.java:logGet(43)) - raft.server.rpc.timeout.min = 5s (custom)
2019-09-12 09:42:37,034 [pool-499-thread-1] INFO  server.RaftServerConfigKeys (ConfUtils.java:logGet(43)) - raft.server.rpc.timeout.max = 5200ms (custom)
2019-09-12 09:42:37,035 [pool-499-thread-1] INFO  server.RaftServerConfigKeys (ConfUtils.java:logGet(43)) - raft.server.rpcslowness.timeout = 120s (custom)
2019-09-12 09:42:37,035 [pool-499-thread-1] INFO  server.RaftServerConfigKeys (ConfUtils.java:logGet(43)) - raft.server.sleep.deviation.threshold = 300 (default)
2019-09-12 09:42:37,035 [pool-499-thread-1] INFO  server.RaftServerConfigKeys (ConfUtils.java:logGet(43)) - raft.server.log.appender.install.snapshot.enabled = false (custom)
2019-09-12 09:42:37,035 [pool-499-thread-1] INFO  impl.RaftServerImpl (ServerState.java:<init>(103)) - 9d8b0a0e-9d22-4935-bd66-2b722dc07855@group-B8998CF259C7: ConfigurationManager, init=-1: [8df7c35a-b2af-4aa3-b2ea-ebc25917681d:192.168.69.112:42509, e7a3f9df-59d0-4b1c-af2f-429d00af68b5:192.168.69.112:43944, 9d8b0a0e-9d22-4935-bd66-2b722dc07855:192.168.69.112:38000], old=null, confs=<EMPTY_MAP>
2019-09-12 09:42:37,035 [pool-499-thread-1] INFO  server.RaftServerConfigKeys (ConfUtils.java:logGet(43)) - raft.server.storage.dir = [/workdir/hadoop-ozone/integration-test/target/test-dir/MiniOzoneClusterImpl-24bb607f-2e24-47f8-b34a-f96654db79dd/datanode-0/data/ratis] (custom)
2019-09-12 09:42:37,035 [pool-499-thread-1] INFO  storage.RaftStorageDirectory (RaftStorageDirectory.java:analyzeStorage(246)) - The storage directory /workdir/hadoop-ozone/integration-test/target/test-dir/MiniOzoneClusterImpl-24bb607f-2e24-47f8-b34a-f96654db79dd/datanode-0/data/ratis/197a84bb-c10f-4e81-ae38-b8998cf259c7 does not exist. Creating ...
2019-09-12 09:42:37,056 [pool-509-thread-1] INFO  storage.RaftStorageDirectory (RaftStorageDirectory.java:tryLock(328)) - Lock on /workdir/hadoop-ozone/integration-test/target/test-dir/MiniOzoneClusterImpl-24bb607f-2e24-47f8-b34a-f96654db79dd/datanode-1/data/ratis/197a84bb-c10f-4e81-ae38-b8998cf259c7/in_use.lock acquired by nodename 16937@pr-hdds-2117-slf27-1599733614
2019-09-12 09:42:37,056 [pool-499-thread-1] INFO  storage.RaftStorageDirectory (RaftStorageDirectory.java:tryLock(328)) - Lock on /workdir/hadoop-ozone/integration-test/target/test-dir/MiniOzoneClusterImpl-24bb607f-2e24-47f8-b34a-f96654db79dd/datanode-0/data/ratis/197a84bb-c10f-4e81-ae38-b8998cf259c7/in_use.lock acquired by nodename 16937@pr-hdds-2117-slf27-1599733614
2019-09-12 09:42:37,056 [pool-519-thread-1] INFO  storage.RaftStorageDirectory (RaftStorageDirectory.java:tryLock(328)) - Lock on /workdir/hadoop-ozone/integration-test/target/test-dir/MiniOzoneClusterImpl-24bb607f-2e24-47f8-b34a-f96654db79dd/datanode-2/data/ratis/197a84bb-c10f-4e81-ae38-b8998cf259c7/in_use.lock acquired by nodename 16937@pr-hdds-2117-slf27-1599733614
2019-09-12 09:42:37,090 [IPC Server handler 3 on 41681] INFO  net.NetworkTopology (NetworkTopologyImpl.java:add(110)) - Added a new node: /default-rack/040e264f-7231-418c-8fde-c9895bbf90ff
2019-09-12 09:42:37,090 [IPC Server handler 3 on 41681] INFO  node.SCMNodeManager (SCMNodeManager.java:register(266)) - Registered Data node : 040e264f-7231-418c-8fde-c9895bbf90ff{ip: 192.168.69.112, host: pr-hdds-2117-slf27-1599733614, networkLocation: /default-rack, certSerialId: null}
2019-09-12 09:42:37,154 [IPC Server handler 19 on 41681] INFO  net.NetworkTopology (NetworkTopologyImpl.java:add(110)) - Added a new node: /default-rack/f2981fec-dc68-4fe8-867b-817b759e8286
2019-09-12 09:42:37,155 [IPC Server handler 19 on 41681] INFO  node.SCMNodeManager (SCMNodeManager.java:register(266)) - Registered Data node : f2981fec-dc68-4fe8-867b-817b759e8286{ip: 192.168.69.112, host: pr-hdds-2117-slf27-1599733614, networkLocation: /default-rack, certSerialId: null}
2019-09-12 09:42:37,210 [IPC Server handler 18 on 41681] INFO  net.NetworkTopology (NetworkTopologyImpl.java:add(110)) - Added a new node: /default-rack/06e1cc61-18a3-42d4-aec7-b27779cb650a
2019-09-12 09:42:37,210 [IPC Server handler 18 on 41681] INFO  node.SCMNodeManager (SCMNodeManager.java:register(266)) - Registered Data node : 06e1cc61-18a3-42d4-aec7-b27779cb650a{ip: 192.168.69.112, host: pr-hdds-2117-slf27-1599733614, networkLocation: /default-rack, certSerialId: null}
2019-09-12 09:42:37,211 [main] INFO  ozone.MiniOzoneClusterImpl (MiniOzoneClusterImpl.java:lambda$waitForClusterToBeReady$0(140)) - Cluster is ready. Got 7 of 7 DN Heartbeats.
2019-09-12 09:42:37,247 [main] INFO  rpc.RpcClient (RpcClient.java:createVolume(301)) - Creating Volume: testblockoutputstream, with jenkins1000 as owner.
2019-09-12 09:42:37,251 [IPC Server handler 2 on 46552] INFO  volume.OMVolumeCreateRequest (OMVolumeCreateRequest.java:validateAndUpdateCache(189)) - created volume:testblockoutputstream for user:jenkins1000
2019-09-12 09:42:37,268 [main] INFO  rpc.RpcClient (RpcClient.java:createBucket(440)) - Creating Bucket: testblockoutputstream/testblockoutputstream, with Versioning false and Storage Type set to DISK and Encryption set to false 
2019-09-12 09:42:37,551 [pool-519-thread-1] INFO  storage.RaftStorage (RaftStorage.java:format(72)) - Storage directory /workdir/hadoop-ozone/integration-test/target/test-dir/MiniOzoneClusterImpl-24bb607f-2e24-47f8-b34a-f96654db79dd/datanode-2/data/ratis/197a84bb-c10f-4e81-ae38-b8998cf259c7 has been successfully formatted.
2019-09-12 09:42:37,551 [pool-499-thread-1] INFO  storage.RaftStorage (RaftStorage.java:format(72)) - Storage directory /workdir/hadoop-ozone/integration-test/target/test-dir/MiniOzoneClusterImpl-24bb607f-2e24-47f8-b34a-f96654db79dd/datanode-0/data/ratis/197a84bb-c10f-4e81-ae38-b8998cf259c7 has been successfully formatted.
2019-09-12 09:42:37,551 [pool-509-thread-1] INFO  storage.RaftStorage (RaftStorage.java:format(72)) - Storage directory /workdir/hadoop-ozone/integration-test/target/test-dir/MiniOzoneClusterImpl-24bb607f-2e24-47f8-b34a-f96654db79dd/datanode-1/data/ratis/197a84bb-c10f-4e81-ae38-b8998cf259c7 has been successfully formatted.
2019-09-12 09:42:37,552 [pool-519-thread-1] INFO  ratis.ContainerStateMachine (ContainerStateMachine.java:loadSnapshot(230)) - group-B8998CF259C7: The snapshot info is null. Setting the last applied indexto:(t:0, i:~)
2019-09-12 09:42:37,552 [pool-509-thread-1] INFO  ratis.ContainerStateMachine (ContainerStateMachine.java:loadSnapshot(230)) - group-B8998CF259C7: The snapshot info is null. Setting the last applied indexto:(t:0, i:~)
2019-09-12 09:42:37,552 [pool-499-thread-1] INFO  ratis.ContainerStateMachine (ContainerStateMachine.java:loadSnapshot(230)) - group-B8998CF259C7: The snapshot info is null. Setting the last applied indexto:(t:0, i:~)
2019-09-12 09:42:37,552 [pool-509-thread-1] INFO  server.RaftServerConfigKeys (ConfUtils.java:logGet(43)) - raft.server.notification.no-leader.timeout = 120s (custom)
2019-09-12 09:42:37,552 [pool-519-thread-1] INFO  server.RaftServerConfigKeys (ConfUtils.java:logGet(43)) - raft.server.notification.no-leader.timeout = 120s (custom)
2019-09-12 09:42:37,552 [pool-509-thread-1] INFO  server.RaftServerConfigKeys (ConfUtils.java:logGet(43)) - raft.server.log.use.memory = false (default)
2019-09-12 09:42:37,552 [pool-499-thread-1] INFO  server.RaftServerConfigKeys (ConfUtils.java:logGet(43)) - raft.server.notification.no-leader.timeout = 120s (custom)
2019-09-12 09:42:37,553 [pool-509-thread-1] INFO  server.RaftServerConfigKeys (ConfUtils.java:logGet(43)) - raft.server.log.purge.gap = 1000000 (custom)
2019-09-12 09:42:37,553 [pool-519-thread-1] INFO  server.RaftServerConfigKeys (ConfUtils.java:logGet(43)) - raft.server.log.use.memory = false (default)
2019-09-12 09:42:37,553 [pool-509-thread-1] INFO  server.RaftServerConfigKeys (ConfUtils.java:logGet(43)) - raft.server.log.appender.buffer.byte-limit = 33554432 (custom)
2019-09-12 09:42:37,553 [pool-499-thread-1] INFO  server.RaftServerConfigKeys (ConfUtils.java:logGet(43)) - raft.server.log.use.memory = false (default)
2019-09-12 09:42:37,553 [pool-509-thread-1] INFO  server.RaftServerConfigKeys (ConfUtils.java:logGet(43)) - raft.server.log.segment.size.max = 1048576 (custom)
2019-09-12 09:42:37,553 [pool-519-thread-1] INFO  server.RaftServerConfigKeys (ConfUtils.java:logGet(43)) - raft.server.log.purge.gap = 1000000 (custom)
2019-09-12 09:42:37,553 [pool-509-thread-1] INFO  server.RaftServerConfigKeys (ConfUtils.java:logGet(43)) - raft.server.log.segment.cache.num.max = 2 (custom)
2019-09-12 09:42:37,553 [pool-499-thread-1] INFO  server.RaftServerConfigKeys (ConfUtils.java:logGet(43)) - raft.server.log.purge.gap = 1000000 (custom)
2019-09-12 09:42:37,554 [pool-509-thread-1] INFO  segmented.SegmentedRaftLogWorker (SegmentedRaftLogWorker.java:<init>(172)) - new e7a3f9df-59d0-4b1c-af2f-429d00af68b5@group-B8998CF259C7-SegmentedRaftLogWorker for RaftStorage:Storage Directory /workdir/hadoop-ozone/integration-test/target/test-dir/MiniOzoneClusterImpl-24bb607f-2e24-47f8-b34a-f96654db79dd/datanode-1/data/ratis/197a84bb-c10f-4e81-ae38-b8998cf259c7
2019-09-12 09:42:37,554 [pool-519-thread-1] INFO  server.RaftServerConfigKeys (ConfUtils.java:logGet(43)) - raft.server.log.appender.buffer.byte-limit = 33554432 (custom)
2019-09-12 09:42:37,554 [pool-509-thread-1] INFO  server.RaftServerConfigKeys (ConfUtils.java:logGet(43)) - raft.server.log.queue.byte-limit = 2147483647 (custom)
2019-09-12 09:42:37,554 [pool-499-thread-1] INFO  server.RaftServerConfigKeys (ConfUtils.java:logGet(43)) - raft.server.log.appender.buffer.byte-limit = 33554432 (custom)
2019-09-12 09:42:37,554 [pool-509-thread-1] INFO  server.RaftServerConfigKeys (ConfUtils.java:logGet(43)) - raft.server.log.queue.element-limit = 1024 (custom)
2019-09-12 09:42:37,554 [pool-519-thread-1] INFO  server.RaftServerConfigKeys (ConfUtils.java:logGet(43)) - raft.server.log.segment.size.max = 1048576 (custom)
2019-09-12 09:42:37,555 [pool-509-thread-1] INFO  server.RaftServerConfigKeys (ConfUtils.java:logGet(43)) - raft.server.log.segment.size.max = 1048576 (custom)
2019-09-12 09:42:37,554 [pool-499-thread-1] INFO  server.RaftServerConfigKeys (ConfUtils.java:logGet(43)) - raft.server.log.segment.size.max = 1048576 (custom)
2019-09-12 09:42:37,555 [pool-509-thread-1] INFO  server.RaftServerConfigKeys (ConfUtils.java:logGet(43)) - raft.server.log.preallocated.size = 16384 (custom)
2019-09-12 09:42:37,555 [pool-519-thread-1] INFO  server.RaftServerConfigKeys (ConfUtils.java:logGet(43)) - raft.server.log.segment.cache.num.max = 2 (custom)
2019-09-12 09:42:37,555 [pool-509-thread-1] INFO  server.RaftServerConfigKeys (ConfUtils.java:logGet(43)) - raft.server.log.write.buffer.size = 33554432 (custom)
2019-09-12 09:42:37,555 [pool-499-thread-1] INFO  server.RaftServerConfigKeys (ConfUtils.java:logGet(43)) - raft.server.log.segment.cache.num.max = 2 (custom)
2019-09-12 09:42:37,555 [pool-509-thread-1] INFO  server.RaftServerConfigKeys (ConfUtils.java:logGet(43)) - raft.server.log.force.sync.num = 128 (default)
2019-09-12 09:42:37,555 [pool-519-thread-1] INFO  segmented.SegmentedRaftLogWorker (SegmentedRaftLogWorker.java:<init>(172)) - new 8df7c35a-b2af-4aa3-b2ea-ebc25917681d@group-B8998CF259C7-SegmentedRaftLogWorker for RaftStorage:Storage Directory /workdir/hadoop-ozone/integration-test/target/test-dir/MiniOzoneClusterImpl-24bb607f-2e24-47f8-b34a-f96654db79dd/datanode-2/data/ratis/197a84bb-c10f-4e81-ae38-b8998cf259c7
2019-09-12 09:42:37,556 [pool-509-thread-1] INFO  server.RaftServerConfigKeys (ConfUtils.java:logGet(43)) - raft.server.log.statemachine.data.sync = true (default)
2019-09-12 09:42:37,556 [pool-499-thread-1] INFO  segmented.SegmentedRaftLogWorker (SegmentedRaftLogWorker.java:<init>(172)) - new 9d8b0a0e-9d22-4935-bd66-2b722dc07855@group-B8998CF259C7-SegmentedRaftLogWorker for RaftStorage:Storage Directory /workdir/hadoop-ozone/integration-test/target/test-dir/MiniOzoneClusterImpl-24bb607f-2e24-47f8-b34a-f96654db79dd/datanode-0/data/ratis/197a84bb-c10f-4e81-ae38-b8998cf259c7
2019-09-12 09:42:37,556 [pool-509-thread-1] INFO  server.RaftServerConfigKeys (ConfUtils.java:logGet(43)) - raft.server.log.statemachine.data.sync.timeout = 10s (default)
2019-09-12 09:42:37,556 [pool-519-thread-1] INFO  server.RaftServerConfigKeys (ConfUtils.java:logGet(43)) - raft.server.log.queue.byte-limit = 2147483647 (custom)
2019-09-12 09:42:37,556 [pool-509-thread-1] INFO  server.RaftServerConfigKeys (ConfUtils.java:logGet(43)) - raft.server.log.statemachine.data.sync.timeout.retry = -1 (default)
2019-09-12 09:42:37,556 [pool-499-thread-1] INFO  server.RaftServerConfigKeys (ConfUtils.java:logGet(43)) - raft.server.log.queue.byte-limit = 2147483647 (custom)
2019-09-12 09:42:37,556 [pool-509-thread-1] INFO  server.RaftServerConfigKeys (ConfUtils.java:logGet(43)) - raft.server.log.statemachine.data.caching.enabled = true (custom)
2019-09-12 09:42:37,556 [pool-519-thread-1] INFO  server.RaftServerConfigKeys (ConfUtils.java:logGet(43)) - raft.server.log.queue.element-limit = 1024 (custom)
2019-09-12 09:42:37,557 [pool-499-thread-1] INFO  server.RaftServerConfigKeys (ConfUtils.java:logGet(43)) - raft.server.log.queue.element-limit = 1024 (custom)
2019-09-12 09:42:37,557 [pool-509-thread-1] INFO  segmented.SegmentedRaftLogWorker (SegmentedRaftLogWorker.java:lambda$new$0(132)) - e7a3f9df-59d0-4b1c-af2f-429d00af68b5@group-B8998CF259C7-SegmentedRaftLogWorker: flushIndex: setUnconditionally 0 -> -1
2019-09-12 09:42:37,557 [pool-519-thread-1] INFO  server.RaftServerConfigKeys (ConfUtils.java:logGet(43)) - raft.server.log.segment.size.max = 1048576 (custom)
2019-09-12 09:42:37,557 [pool-499-thread-1] INFO  server.RaftServerConfigKeys (ConfUtils.java:logGet(43)) - raft.server.log.segment.size.max = 1048576 (custom)
2019-09-12 09:42:37,557 [pool-509-thread-1] INFO  server.RaftServerConfigKeys (ConfUtils.java:logGet(43)) - raft.server.snapshot.auto.trigger.enabled = true (custom)
2019-09-12 09:42:37,557 [pool-519-thread-1] INFO  server.RaftServerConfigKeys (ConfUtils.java:logGet(43)) - raft.server.log.preallocated.size = 16384 (custom)
2019-09-12 09:42:37,557 [pool-509-thread-1] INFO  server.RaftServerConfigKeys (ConfUtils.java:logGet(43)) - raft.server.snapshot.auto.trigger.threshold = 10000 (custom)
2019-09-12 09:42:37,557 [pool-499-thread-1] INFO  server.RaftServerConfigKeys (ConfUtils.java:logGet(43)) - raft.server.log.preallocated.size = 16384 (custom)
2019-09-12 09:42:37,558 [pool-509-thread-1] INFO  server.RaftServerConfigKeys (ConfUtils.java:logGet(43)) - raft.server.snapshot.retention.num.files = -1 (default)
2019-09-12 09:42:37,558 [pool-519-thread-1] INFO  server.RaftServerConfigKeys (ConfUtils.java:logGet(43)) - raft.server.log.write.buffer.size = 33554432 (custom)
2019-09-12 09:42:37,558 [pool-509-thread-1] INFO  server.RaftServerConfigKeys (ConfUtils.java:logGet(43)) - raft.server.retrycache.expirytime = 600000ms (custom)
2019-09-12 09:42:37,558 [pool-499-thread-1] INFO  server.RaftServerConfigKeys (ConfUtils.java:logGet(43)) - raft.server.log.write.buffer.size = 33554432 (custom)
2019-09-12 09:42:37,558 [pool-519-thread-1] INFO  server.RaftServerConfigKeys (ConfUtils.java:logGet(43)) - raft.server.log.force.sync.num = 128 (default)
2019-09-12 09:42:37,558 [pool-499-thread-1] INFO  server.RaftServerConfigKeys (ConfUtils.java:logGet(43)) - raft.server.log.force.sync.num = 128 (default)
2019-09-12 09:42:37,558 [pool-519-thread-1] INFO  server.RaftServerConfigKeys (ConfUtils.java:logGet(43)) - raft.server.log.statemachine.data.sync = true (default)
2019-09-12 09:42:37,559 [pool-499-thread-1] INFO  server.RaftServerConfigKeys (ConfUtils.java:logGet(43)) - raft.server.log.statemachine.data.sync = true (default)
2019-09-12 09:42:37,559 [pool-519-thread-1] INFO  server.RaftServerConfigKeys (ConfUtils.java:logGet(43)) - raft.server.log.statemachine.data.sync.timeout = 10s (default)
2019-09-12 09:42:37,559 [pool-499-thread-1] INFO  server.RaftServerConfigKeys (ConfUtils.java:logGet(43)) - raft.server.log.statemachine.data.sync.timeout = 10s (default)
2019-09-12 09:42:37,559 [pool-519-thread-1] INFO  server.RaftServerConfigKeys (ConfUtils.java:logGet(43)) - raft.server.log.statemachine.data.sync.timeout.retry = -1 (default)
2019-09-12 09:42:37,559 [pool-499-thread-1] INFO  server.RaftServerConfigKeys (ConfUtils.java:logGet(43)) - raft.server.log.statemachine.data.sync.timeout.retry = -1 (default)
2019-09-12 09:42:37,559 [pool-519-thread-1] INFO  server.RaftServerConfigKeys (ConfUtils.java:logGet(43)) - raft.server.log.statemachine.data.caching.enabled = true (custom)
2019-09-12 09:42:37,559 [pool-499-thread-1] INFO  server.RaftServerConfigKeys (ConfUtils.java:logGet(43)) - raft.server.log.statemachine.data.caching.enabled = true (custom)
2019-09-12 09:42:37,559 [pool-519-thread-1] INFO  segmented.SegmentedRaftLogWorker (SegmentedRaftLogWorker.java:lambda$new$0(132)) - 8df7c35a-b2af-4aa3-b2ea-ebc25917681d@group-B8998CF259C7-SegmentedRaftLogWorker: flushIndex: setUnconditionally 0 -> -1
2019-09-12 09:42:37,560 [pool-499-thread-1] INFO  segmented.SegmentedRaftLogWorker (SegmentedRaftLogWorker.java:lambda$new$0(132)) - 9d8b0a0e-9d22-4935-bd66-2b722dc07855@group-B8998CF259C7-SegmentedRaftLogWorker: flushIndex: setUnconditionally 0 -> -1
2019-09-12 09:42:37,560 [pool-519-thread-1] INFO  server.RaftServerConfigKeys (ConfUtils.java:logGet(43)) - raft.server.snapshot.auto.trigger.enabled = true (custom)
2019-09-12 09:42:37,560 [pool-519-thread-1] INFO  server.RaftServerConfigKeys (ConfUtils.java:logGet(43)) - raft.server.snapshot.auto.trigger.threshold = 10000 (custom)
2019-09-12 09:42:37,560 [pool-509-thread-1] INFO  impl.RaftServerImpl (RaftServerImpl.java:start(185)) - e7a3f9df-59d0-4b1c-af2f-429d00af68b5@group-B8998CF259C7: start as a follower, conf=-1: [8df7c35a-b2af-4aa3-b2ea-ebc25917681d:192.168.69.112:42509, e7a3f9df-59d0-4b1c-af2f-429d00af68b5:192.168.69.112:43944, 9d8b0a0e-9d22-4935-bd66-2b722dc07855:192.168.69.112:38000], old=null
2019-09-12 09:42:37,560 [pool-499-thread-1] INFO  server.RaftServerConfigKeys (ConfUtils.java:logGet(43)) - raft.server.snapshot.auto.trigger.enabled = true (custom)
2019-09-12 09:42:37,560 [pool-509-thread-1] INFO  impl.RaftServerImpl (RaftServerImpl.java:setRole(174)) - e7a3f9df-59d0-4b1c-af2f-429d00af68b5@group-B8998CF259C7: changes role from      null to FOLLOWER at term 0 for startAsFollower
2019-09-12 09:42:37,560 [pool-519-thread-1] INFO  server.RaftServerConfigKeys (ConfUtils.java:logGet(43)) - raft.server.snapshot.retention.num.files = -1 (default)
2019-09-12 09:42:37,560 [pool-509-thread-1] INFO  impl.RoleInfo (RoleInfo.java:updateAndGet(143)) - e7a3f9df-59d0-4b1c-af2f-429d00af68b5: start FollowerState
2019-09-12 09:42:37,560 [pool-499-thread-1] INFO  server.RaftServerConfigKeys (ConfUtils.java:logGet(43)) - raft.server.snapshot.auto.trigger.threshold = 10000 (custom)
2019-09-12 09:42:37,560 [pool-519-thread-1] INFO  server.RaftServerConfigKeys (ConfUtils.java:logGet(43)) - raft.server.retrycache.expirytime = 600000ms (custom)
2019-09-12 09:42:37,561 [pool-499-thread-1] INFO  server.RaftServerConfigKeys (ConfUtils.java:logGet(43)) - raft.server.snapshot.retention.num.files = -1 (default)
2019-09-12 09:42:37,561 [pool-509-thread-1] INFO  util.JmxRegister (JmxRegister.java:tryRegister(44)) - Successfully registered JMX Bean with object name Ratis:service=RaftServer,group=group-B8998CF259C7,id=e7a3f9df-59d0-4b1c-af2f-429d00af68b5
2019-09-12 09:42:37,561 [pool-499-thread-1] INFO  server.RaftServerConfigKeys (ConfUtils.java:logGet(43)) - raft.server.retrycache.expirytime = 600000ms (custom)
2019-09-12 09:42:37,563 [pool-519-thread-1] INFO  impl.RaftServerImpl (RaftServerImpl.java:start(185)) - 8df7c35a-b2af-4aa3-b2ea-ebc25917681d@group-B8998CF259C7: start as a follower, conf=-1: [8df7c35a-b2af-4aa3-b2ea-ebc25917681d:192.168.69.112:42509, e7a3f9df-59d0-4b1c-af2f-429d00af68b5:192.168.69.112:43944, 9d8b0a0e-9d22-4935-bd66-2b722dc07855:192.168.69.112:38000], old=null
2019-09-12 09:42:37,563 [pool-519-thread-1] INFO  impl.RaftServerImpl (RaftServerImpl.java:setRole(174)) - 8df7c35a-b2af-4aa3-b2ea-ebc25917681d@group-B8998CF259C7: changes role from      null to FOLLOWER at term 0 for startAsFollower
2019-09-12 09:42:37,563 [pool-519-thread-1] INFO  impl.RoleInfo (RoleInfo.java:updateAndGet(143)) - 8df7c35a-b2af-4aa3-b2ea-ebc25917681d: start FollowerState
2019-09-12 09:42:37,564 [pool-519-thread-1] INFO  util.JmxRegister (JmxRegister.java:tryRegister(44)) - Successfully registered JMX Bean with object name Ratis:service=RaftServer,group=group-B8998CF259C7,id=8df7c35a-b2af-4aa3-b2ea-ebc25917681d
2019-09-12 09:42:37,564 [pool-499-thread-1] INFO  impl.RaftServerImpl (RaftServerImpl.java:start(185)) - 9d8b0a0e-9d22-4935-bd66-2b722dc07855@group-B8998CF259C7: start as a follower, conf=-1: [8df7c35a-b2af-4aa3-b2ea-ebc25917681d:192.168.69.112:42509, e7a3f9df-59d0-4b1c-af2f-429d00af68b5:192.168.69.112:43944, 9d8b0a0e-9d22-4935-bd66-2b722dc07855:192.168.69.112:38000], old=null
2019-09-12 09:42:37,564 [pool-499-thread-1] INFO  impl.RaftServerImpl (RaftServerImpl.java:setRole(174)) - 9d8b0a0e-9d22-4935-bd66-2b722dc07855@group-B8998CF259C7: changes role from      null to FOLLOWER at term 0 for startAsFollower
2019-09-12 09:42:37,564 [pool-499-thread-1] INFO  impl.RoleInfo (RoleInfo.java:updateAndGet(143)) - 9d8b0a0e-9d22-4935-bd66-2b722dc07855: start FollowerState
2019-09-12 09:42:37,565 [pool-499-thread-1] INFO  util.JmxRegister (JmxRegister.java:tryRegister(44)) - Successfully registered JMX Bean with object name Ratis:service=RaftServer,group=group-B8998CF259C7,id=9d8b0a0e-9d22-4935-bd66-2b722dc07855
2019-09-12 09:42:37,567 [RatisPipelineUtilsThread] INFO  pipeline.PipelineStateManager (PipelineStateManager.java:addPipeline(56)) - Created pipeline Pipeline[ Id: 197a84bb-c10f-4e81-ae38-b8998cf259c7, Nodes: 9d8b0a0e-9d22-4935-bd66-2b722dc07855{ip: 192.168.69.112, host: pr-hdds-2117-slf27-1599733614, networkLocation: /default-rack, certSerialId: null}8df7c35a-b2af-4aa3-b2ea-ebc25917681d{ip: 192.168.69.112, host: pr-hdds-2117-slf27-1599733614, networkLocation: /default-rack, certSerialId: null}e7a3f9df-59d0-4b1c-af2f-429d00af68b5{ip: 192.168.69.112, host: pr-hdds-2117-slf27-1599733614, networkLocation: /default-rack, certSerialId: null}, Type:RATIS, Factor:THREE, State:OPEN]
2019-09-12 09:42:37,589 [grpc-default-executor-10] INFO  impl.RaftServerProxy (RaftServerProxy.java:addNew(89)) - 040e264f-7231-418c-8fde-c9895bbf90ff: addNew group-17840A3B8B0B:[06e1cc61-18a3-42d4-aec7-b27779cb650a:192.168.69.112:41604, 040e264f-7231-418c-8fde-c9895bbf90ff:192.168.69.112:39080, ab1435ba-055f-42a6-ac0c-0c241e3586c1:192.168.69.112:46664] returns group-17840A3B8B0B:java.util.concurrent.CompletableFuture@7c4fbdad[Not completed]
2019-09-12 09:42:37,589 [grpc-default-executor-3] INFO  impl.RaftServerProxy (RaftServerProxy.java:addNew(89)) - ab1435ba-055f-42a6-ac0c-0c241e3586c1: addNew group-17840A3B8B0B:[06e1cc61-18a3-42d4-aec7-b27779cb650a:192.168.69.112:41604, 040e264f-7231-418c-8fde-c9895bbf90ff:192.168.69.112:39080, ab1435ba-055f-42a6-ac0c-0c241e3586c1:192.168.69.112:46664] returns group-17840A3B8B0B:java.util.concurrent.CompletableFuture@25e6642c[Not completed]
2019-09-12 09:42:37,592 [grpc-default-executor-9] INFO  impl.RaftServerProxy (RaftServerProxy.java:addNew(89)) - 06e1cc61-18a3-42d4-aec7-b27779cb650a: addNew group-17840A3B8B0B:[06e1cc61-18a3-42d4-aec7-b27779cb650a:192.168.69.112:41604, 040e264f-7231-418c-8fde-c9895bbf90ff:192.168.69.112:39080, ab1435ba-055f-42a6-ac0c-0c241e3586c1:192.168.69.112:46664] returns group-17840A3B8B0B:java.util.concurrent.CompletableFuture@65ef3802[Not completed]
2019-09-12 09:42:37,592 [pool-539-thread-1] INFO  impl.RaftServerImpl (RaftServerImpl.java:<init>(95)) - 040e264f-7231-418c-8fde-c9895bbf90ff: new RaftServerImpl for group-17840A3B8B0B:[06e1cc61-18a3-42d4-aec7-b27779cb650a:192.168.69.112:41604, 040e264f-7231-418c-8fde-c9895bbf90ff:192.168.69.112:39080, ab1435ba-055f-42a6-ac0c-0c241e3586c1:192.168.69.112:46664] with ContainerStateMachine:uninitialized
2019-09-12 09:42:37,593 [pool-539-thread-1] INFO  server.RaftServerConfigKeys (ConfUtils.java:logGet(43)) - raft.server.rpc.timeout.min = 5s (custom)
2019-09-12 09:42:37,593 [pool-539-thread-1] INFO  server.RaftServerConfigKeys (ConfUtils.java:logGet(43)) - raft.server.rpc.timeout.max = 5200ms (custom)
2019-09-12 09:42:37,593 [pool-539-thread-1] INFO  server.RaftServerConfigKeys (ConfUtils.java:logGet(43)) - raft.server.rpcslowness.timeout = 120s (custom)
2019-09-12 09:42:37,593 [pool-539-thread-1] INFO  server.RaftServerConfigKeys (ConfUtils.java:logGet(43)) - raft.server.sleep.deviation.threshold = 300 (default)
2019-09-12 09:42:37,593 [pool-529-thread-1] INFO  impl.RaftServerImpl (RaftServerImpl.java:<init>(95)) - ab1435ba-055f-42a6-ac0c-0c241e3586c1: new RaftServerImpl for group-17840A3B8B0B:[06e1cc61-18a3-42d4-aec7-b27779cb650a:192.168.69.112:41604, 040e264f-7231-418c-8fde-c9895bbf90ff:192.168.69.112:39080, ab1435ba-055f-42a6-ac0c-0c241e3586c1:192.168.69.112:46664] with ContainerStateMachine:uninitialized
2019-09-12 09:42:37,593 [pool-539-thread-1] INFO  server.RaftServerConfigKeys (ConfUtils.java:logGet(43)) - raft.server.log.appender.install.snapshot.enabled = false (custom)
2019-09-12 09:42:37,593 [pool-529-thread-1] INFO  server.RaftServerConfigKeys (ConfUtils.java:logGet(43)) - raft.server.rpc.timeout.min = 5s (custom)
2019-09-12 09:42:37,593 [pool-539-thread-1] INFO  impl.RaftServerImpl (ServerState.java:<init>(103)) - 040e264f-7231-418c-8fde-c9895bbf90ff@group-17840A3B8B0B: ConfigurationManager, init=-1: [06e1cc61-18a3-42d4-aec7-b27779cb650a:192.168.69.112:41604, 040e264f-7231-418c-8fde-c9895bbf90ff:192.168.69.112:39080, ab1435ba-055f-42a6-ac0c-0c241e3586c1:192.168.69.112:46664], old=null, confs=<EMPTY_MAP>
2019-09-12 09:42:37,593 [pool-529-thread-1] INFO  server.RaftServerConfigKeys (ConfUtils.java:logGet(43)) - raft.server.rpc.timeout.max = 5200ms (custom)
2019-09-12 09:42:37,594 [pool-539-thread-1] INFO  server.RaftServerConfigKeys (ConfUtils.java:logGet(43)) - raft.server.storage.dir = [/workdir/hadoop-ozone/integration-test/target/test-dir/MiniOzoneClusterImpl-24bb607f-2e24-47f8-b34a-f96654db79dd/datanode-4/data/ratis] (custom)
2019-09-12 09:42:37,594 [pool-529-thread-1] INFO  server.RaftServerConfigKeys (ConfUtils.java:logGet(43)) - raft.server.rpcslowness.timeout = 120s (custom)
2019-09-12 09:42:37,594 [pool-529-thread-1] INFO  server.RaftServerConfigKeys (ConfUtils.java:logGet(43)) - raft.server.sleep.deviation.threshold = 300 (default)
2019-09-12 09:42:37,594 [pool-559-thread-1] INFO  impl.RaftServerImpl (RaftServerImpl.java:<init>(95)) - 06e1cc61-18a3-42d4-aec7-b27779cb650a: new RaftServerImpl for group-17840A3B8B0B:[06e1cc61-18a3-42d4-aec7-b27779cb650a:192.168.69.112:41604, 040e264f-7231-418c-8fde-c9895bbf90ff:192.168.69.112:39080, ab1435ba-055f-42a6-ac0c-0c241e3586c1:192.168.69.112:46664] with ContainerStateMachine:uninitialized
2019-09-12 09:42:37,594 [pool-539-thread-1] INFO  storage.RaftStorageDirectory (RaftStorageDirectory.java:analyzeStorage(246)) - The storage directory /workdir/hadoop-ozone/integration-test/target/test-dir/MiniOzoneClusterImpl-24bb607f-2e24-47f8-b34a-f96654db79dd/datanode-4/data/ratis/da0ce2f5-d18f-4adc-a07b-17840a3b8b0b does not exist. Creating ...
2019-09-12 09:42:37,594 [pool-529-thread-1] INFO  server.RaftServerConfigKeys (ConfUtils.java:logGet(43)) - raft.server.log.appender.install.snapshot.enabled = false (custom)
2019-09-12 09:42:37,594 [pool-559-thread-1] INFO  server.RaftServerConfigKeys (ConfUtils.java:logGet(43)) - raft.server.rpc.timeout.min = 5s (custom)
2019-09-12 09:42:37,594 [pool-529-thread-1] INFO  impl.RaftServerImpl (ServerState.java:<init>(103)) - ab1435ba-055f-42a6-ac0c-0c241e3586c1@group-17840A3B8B0B: ConfigurationManager, init=-1: [06e1cc61-18a3-42d4-aec7-b27779cb650a:192.168.69.112:41604, 040e264f-7231-418c-8fde-c9895bbf90ff:192.168.69.112:39080, ab1435ba-055f-42a6-ac0c-0c241e3586c1:192.168.69.112:46664], old=null, confs=<EMPTY_MAP>
2019-09-12 09:42:37,594 [pool-559-thread-1] INFO  server.RaftServerConfigKeys (ConfUtils.java:logGet(43)) - raft.server.rpc.timeout.max = 5200ms (custom)
2019-09-12 09:42:37,595 [pool-529-thread-1] INFO  server.RaftServerConfigKeys (ConfUtils.java:logGet(43)) - raft.server.storage.dir = [/workdir/hadoop-ozone/integration-test/target/test-dir/MiniOzoneClusterImpl-24bb607f-2e24-47f8-b34a-f96654db79dd/datanode-3/data/ratis] (custom)
2019-09-12 09:42:37,595 [pool-559-thread-1] INFO  server.RaftServerConfigKeys (ConfUtils.java:logGet(43)) - raft.server.rpcslowness.timeout = 120s (custom)
2019-09-12 09:42:37,595 [pool-559-thread-1] INFO  server.RaftServerConfigKeys (ConfUtils.java:logGet(43)) - raft.server.sleep.deviation.threshold = 300 (default)
2019-09-12 09:42:37,595 [pool-529-thread-1] INFO  storage.RaftStorageDirectory (RaftStorageDirectory.java:analyzeStorage(246)) - The storage directory /workdir/hadoop-ozone/integration-test/target/test-dir/MiniOzoneClusterImpl-24bb607f-2e24-47f8-b34a-f96654db79dd/datanode-3/data/ratis/da0ce2f5-d18f-4adc-a07b-17840a3b8b0b does not exist. Creating ...
2019-09-12 09:42:37,595 [pool-559-thread-1] INFO  server.RaftServerConfigKeys (ConfUtils.java:logGet(43)) - raft.server.log.appender.install.snapshot.enabled = false (custom)
2019-09-12 09:42:37,595 [pool-559-thread-1] INFO  impl.RaftServerImpl (ServerState.java:<init>(103)) - 06e1cc61-18a3-42d4-aec7-b27779cb650a@group-17840A3B8B0B: ConfigurationManager, init=-1: [06e1cc61-18a3-42d4-aec7-b27779cb650a:192.168.69.112:41604, 040e264f-7231-418c-8fde-c9895bbf90ff:192.168.69.112:39080, ab1435ba-055f-42a6-ac0c-0c241e3586c1:192.168.69.112:46664], old=null, confs=<EMPTY_MAP>
2019-09-12 09:42:37,596 [pool-559-thread-1] INFO  server.RaftServerConfigKeys (ConfUtils.java:logGet(43)) - raft.server.storage.dir = [/workdir/hadoop-ozone/integration-test/target/test-dir/MiniOzoneClusterImpl-24bb607f-2e24-47f8-b34a-f96654db79dd/datanode-6/data/ratis] (custom)
2019-09-12 09:42:37,596 [pool-559-thread-1] INFO  storage.RaftStorageDirectory (RaftStorageDirectory.java:analyzeStorage(246)) - The storage directory /workdir/hadoop-ozone/integration-test/target/test-dir/MiniOzoneClusterImpl-24bb607f-2e24-47f8-b34a-f96654db79dd/datanode-6/data/ratis/da0ce2f5-d18f-4adc-a07b-17840a3b8b0b does not exist. Creating ...
2019-09-12 09:42:37,610 [pool-529-thread-1] INFO  storage.RaftStorageDirectory (RaftStorageDirectory.java:tryLock(328)) - Lock on /workdir/hadoop-ozone/integration-test/target/test-dir/MiniOzoneClusterImpl-24bb607f-2e24-47f8-b34a-f96654db79dd/datanode-3/data/ratis/da0ce2f5-d18f-4adc-a07b-17840a3b8b0b/in_use.lock acquired by nodename 16937@pr-hdds-2117-slf27-1599733614
2019-09-12 09:42:37,610 [pool-559-thread-1] INFO  storage.RaftStorageDirectory (RaftStorageDirectory.java:tryLock(328)) - Lock on /workdir/hadoop-ozone/integration-test/target/test-dir/MiniOzoneClusterImpl-24bb607f-2e24-47f8-b34a-f96654db79dd/datanode-6/data/ratis/da0ce2f5-d18f-4adc-a07b-17840a3b8b0b/in_use.lock acquired by nodename 16937@pr-hdds-2117-slf27-1599733614
2019-09-12 09:42:37,610 [pool-539-thread-1] INFO  storage.RaftStorageDirectory (RaftStorageDirectory.java:tryLock(328)) - Lock on /workdir/hadoop-ozone/integration-test/target/test-dir/MiniOzoneClusterImpl-24bb607f-2e24-47f8-b34a-f96654db79dd/datanode-4/data/ratis/da0ce2f5-d18f-4adc-a07b-17840a3b8b0b/in_use.lock acquired by nodename 16937@pr-hdds-2117-slf27-1599733614
2019-09-12 09:42:37,647 [pool-539-thread-1] INFO  storage.RaftStorage (RaftStorage.java:format(72)) - Storage directory /workdir/hadoop-ozone/integration-test/target/test-dir/MiniOzoneClusterImpl-24bb607f-2e24-47f8-b34a-f96654db79dd/datanode-4/data/ratis/da0ce2f5-d18f-4adc-a07b-17840a3b8b0b has been successfully formatted.
2019-09-12 09:42:37,647 [pool-559-thread-1] INFO  storage.RaftStorage (RaftStorage.java:format(72)) - Storage directory /workdir/hadoop-ozone/integration-test/target/test-dir/MiniOzoneClusterImpl-24bb607f-2e24-47f8-b34a-f96654db79dd/datanode-6/data/ratis/da0ce2f5-d18f-4adc-a07b-17840a3b8b0b has been successfully formatted.
2019-09-12 09:42:37,647 [pool-529-thread-1] INFO  storage.RaftStorage (RaftStorage.java:format(72)) - Storage directory /workdir/hadoop-ozone/integration-test/target/test-dir/MiniOzoneClusterImpl-24bb607f-2e24-47f8-b34a-f96654db79dd/datanode-3/data/ratis/da0ce2f5-d18f-4adc-a07b-17840a3b8b0b has been successfully formatted.
2019-09-12 09:42:37,648 [pool-539-thread-1] INFO  ratis.ContainerStateMachine (ContainerStateMachine.java:loadSnapshot(230)) - group-17840A3B8B0B: The snapshot info is null. Setting the last applied indexto:(t:0, i:~)
2019-09-12 09:42:37,648 [pool-529-thread-1] INFO  ratis.ContainerStateMachine (ContainerStateMachine.java:loadSnapshot(230)) - group-17840A3B8B0B: The snapshot info is null. Setting the last applied indexto:(t:0, i:~)
2019-09-12 09:42:37,648 [pool-559-thread-1] INFO  ratis.ContainerStateMachine (ContainerStateMachine.java:loadSnapshot(230)) - group-17840A3B8B0B: The snapshot info is null. Setting the last applied indexto:(t:0, i:~)
2019-09-12 09:42:37,648 [pool-529-thread-1] INFO  server.RaftServerConfigKeys (ConfUtils.java:logGet(43)) - raft.server.notification.no-leader.timeout = 120s (custom)
2019-09-12 09:42:37,648 [pool-539-thread-1] INFO  server.RaftServerConfigKeys (ConfUtils.java:logGet(43)) - raft.server.notification.no-leader.timeout = 120s (custom)
2019-09-12 09:42:37,648 [pool-529-thread-1] INFO  server.RaftServerConfigKeys (ConfUtils.java:logGet(43)) - raft.server.log.use.memory = false (default)
2019-09-12 09:42:37,648 [pool-559-thread-1] INFO  server.RaftServerConfigKeys (ConfUtils.java:logGet(43)) - raft.server.notification.no-leader.timeout = 120s (custom)
2019-09-12 09:42:37,649 [pool-529-thread-1] INFO  server.RaftServerConfigKeys (ConfUtils.java:logGet(43)) - raft.server.log.purge.gap = 1000000 (custom)
2019-09-12 09:42:37,649 [pool-539-thread-1] INFO  server.RaftServerConfigKeys (ConfUtils.java:logGet(43)) - raft.server.log.use.memory = false (default)
2019-09-12 09:42:37,649 [pool-529-thread-1] INFO  server.RaftServerConfigKeys (ConfUtils.java:logGet(43)) - raft.server.log.appender.buffer.byte-limit = 33554432 (custom)
2019-09-12 09:42:37,649 [pool-559-thread-1] INFO  server.RaftServerConfigKeys (ConfUtils.java:logGet(43)) - raft.server.log.use.memory = false (default)
2019-09-12 09:42:37,649 [pool-529-thread-1] INFO  server.RaftServerConfigKeys (ConfUtils.java:logGet(43)) - raft.server.log.segment.size.max = 1048576 (custom)
2019-09-12 09:42:37,649 [pool-539-thread-1] INFO  server.RaftServerConfigKeys (ConfUtils.java:logGet(43)) - raft.server.log.purge.gap = 1000000 (custom)
2019-09-12 09:42:37,649 [pool-529-thread-1] INFO  server.RaftServerConfigKeys (ConfUtils.java:logGet(43)) - raft.server.log.segment.cache.num.max = 2 (custom)
2019-09-12 09:42:37,649 [pool-559-thread-1] INFO  server.RaftServerConfigKeys (ConfUtils.java:logGet(43)) - raft.server.log.purge.gap = 1000000 (custom)
2019-09-12 09:42:37,650 [pool-529-thread-1] INFO  segmented.SegmentedRaftLogWorker (SegmentedRaftLogWorker.java:<init>(172)) - new ab1435ba-055f-42a6-ac0c-0c241e3586c1@group-17840A3B8B0B-SegmentedRaftLogWorker for RaftStorage:Storage Directory /workdir/hadoop-ozone/integration-test/target/test-dir/MiniOzoneClusterImpl-24bb607f-2e24-47f8-b34a-f96654db79dd/datanode-3/data/ratis/da0ce2f5-d18f-4adc-a07b-17840a3b8b0b
2019-09-12 09:42:37,650 [pool-539-thread-1] INFO  server.RaftServerConfigKeys (ConfUtils.java:logGet(43)) - raft.server.log.appender.buffer.byte-limit = 33554432 (custom)
2019-09-12 09:42:37,650 [pool-559-thread-1] INFO  server.RaftServerConfigKeys (ConfUtils.java:logGet(43)) - raft.server.log.appender.buffer.byte-limit = 33554432 (custom)
2019-09-12 09:42:37,650 [pool-539-thread-1] INFO  server.RaftServerConfigKeys (ConfUtils.java:logGet(43)) - raft.server.log.segment.size.max = 1048576 (custom)
2019-09-12 09:42:37,650 [pool-559-thread-1] INFO  server.RaftServerConfigKeys (ConfUtils.java:logGet(43)) - raft.server.log.segment.size.max = 1048576 (custom)
2019-09-12 09:42:37,651 [pool-539-thread-1] INFO  server.RaftServerConfigKeys (ConfUtils.java:logGet(43)) - raft.server.log.segment.cache.num.max = 2 (custom)
2019-09-12 09:42:37,651 [pool-559-thread-1] INFO  server.RaftServerConfigKeys (ConfUtils.java:logGet(43)) - raft.server.log.segment.cache.num.max = 2 (custom)
2019-09-12 09:42:37,651 [pool-539-thread-1] INFO  segmented.SegmentedRaftLogWorker (SegmentedRaftLogWorker.java:<init>(172)) - new 040e264f-7231-418c-8fde-c9895bbf90ff@group-17840A3B8B0B-SegmentedRaftLogWorker for RaftStorage:Storage Directory /workdir/hadoop-ozone/integration-test/target/test-dir/MiniOzoneClusterImpl-24bb607f-2e24-47f8-b34a-f96654db79dd/datanode-4/data/ratis/da0ce2f5-d18f-4adc-a07b-17840a3b8b0b
2019-09-12 09:42:37,651 [pool-559-thread-1] INFO  segmented.SegmentedRaftLogWorker (SegmentedRaftLogWorker.java:<init>(172)) - new 06e1cc61-18a3-42d4-aec7-b27779cb650a@group-17840A3B8B0B-SegmentedRaftLogWorker for RaftStorage:Storage Directory /workdir/hadoop-ozone/integration-test/target/test-dir/MiniOzoneClusterImpl-24bb607f-2e24-47f8-b34a-f96654db79dd/datanode-6/data/ratis/da0ce2f5-d18f-4adc-a07b-17840a3b8b0b
2019-09-12 09:42:37,652 [pool-529-thread-1] INFO  server.RaftServerConfigKeys (ConfUtils.java:logGet(43)) - raft.server.log.queue.byte-limit = 2147483647 (custom)
2019-09-12 09:42:37,652 [pool-529-thread-1] INFO  server.RaftServerConfigKeys (ConfUtils.java:logGet(43)) - raft.server.log.queue.element-limit = 1024 (custom)
2019-09-12 09:42:37,652 [pool-529-thread-1] INFO  server.RaftServerConfigKeys (ConfUtils.java:logGet(43)) - raft.server.log.segment.size.max = 1048576 (custom)
2019-09-12 09:42:37,652 [pool-529-thread-1] INFO  server.RaftServerConfigKeys (ConfUtils.java:logGet(43)) - raft.server.log.preallocated.size = 16384 (custom)
2019-09-12 09:42:37,653 [pool-529-thread-1] INFO  server.RaftServerConfigKeys (ConfUtils.java:logGet(43)) - raft.server.log.write.buffer.size = 33554432 (custom)
2019-09-12 09:42:37,653 [pool-529-thread-1] INFO  server.RaftServerConfigKeys (ConfUtils.java:logGet(43)) - raft.server.log.force.sync.num = 128 (default)
2019-09-12 09:42:37,653 [pool-529-thread-1] INFO  server.RaftServerConfigKeys (ConfUtils.java:logGet(43)) - raft.server.log.statemachine.data.sync = true (default)
2019-09-12 09:42:37,653 [pool-529-thread-1] INFO  server.RaftServerConfigKeys (ConfUtils.java:logGet(43)) - raft.server.log.statemachine.data.sync.timeout = 10s (default)
2019-09-12 09:42:37,653 [pool-529-thread-1] INFO  server.RaftServerConfigKeys (ConfUtils.java:logGet(43)) - raft.server.log.statemachine.data.sync.timeout.retry = -1 (default)
2019-09-12 09:42:37,653 [pool-529-thread-1] INFO  server.RaftServerConfigKeys (ConfUtils.java:logGet(43)) - raft.server.log.statemachine.data.caching.enabled = true (custom)
2019-09-12 09:42:37,654 [pool-529-thread-1] INFO  segmented.SegmentedRaftLogWorker (SegmentedRaftLogWorker.java:lambda$new$0(132)) - ab1435ba-055f-42a6-ac0c-0c241e3586c1@group-17840A3B8B0B-SegmentedRaftLogWorker: flushIndex: setUnconditionally 0 -> -1
2019-09-12 09:42:37,654 [pool-539-thread-1] INFO  server.RaftServerConfigKeys (ConfUtils.java:logGet(43)) - raft.server.log.queue.byte-limit = 2147483647 (custom)
2019-09-12 09:42:37,654 [pool-539-thread-1] INFO  server.RaftServerConfigKeys (ConfUtils.java:logGet(43)) - raft.server.log.queue.element-limit = 1024 (custom)
2019-09-12 09:42:37,654 [pool-529-thread-1] INFO  server.RaftServerConfigKeys (ConfUtils.java:logGet(43)) - raft.server.snapshot.auto.trigger.enabled = true (custom)
2019-09-12 09:42:37,654 [pool-539-thread-1] INFO  server.RaftServerConfigKeys (ConfUtils.java:logGet(43)) - raft.server.log.segment.size.max = 1048576 (custom)
2019-09-12 09:42:37,654 [pool-529-thread-1] INFO  server.RaftServerConfigKeys (ConfUtils.java:logGet(43)) - raft.server.snapshot.auto.trigger.threshold = 10000 (custom)
2019-09-12 09:42:37,654 [pool-559-thread-1] INFO  server.RaftServerConfigKeys (ConfUtils.java:logGet(43)) - raft.server.log.queue.byte-limit = 2147483647 (custom)
2019-09-12 09:42:37,654 [pool-539-thread-1] INFO  server.RaftServerConfigKeys (ConfUtils.java:logGet(43)) - raft.server.log.preallocated.size = 16384 (custom)
2019-09-12 09:42:37,655 [pool-559-thread-1] INFO  server.RaftServerConfigKeys (ConfUtils.java:logGet(43)) - raft.server.log.queue.element-limit = 1024 (custom)
2019-09-12 09:42:37,654 [pool-529-thread-1] INFO  server.RaftServerConfigKeys (ConfUtils.java:logGet(43)) - raft.server.snapshot.retention.num.files = -1 (default)
2019-09-12 09:42:37,655 [pool-559-thread-1] INFO  server.RaftServerConfigKeys (ConfUtils.java:logGet(43)) - raft.server.log.segment.size.max = 1048576 (custom)
2019-09-12 09:42:37,655 [pool-539-thread-1] INFO  server.RaftServerConfigKeys (ConfUtils.java:logGet(43)) - raft.server.log.write.buffer.size = 33554432 (custom)
2019-09-12 09:42:37,655 [pool-559-thread-1] INFO  server.RaftServerConfigKeys (ConfUtils.java:logGet(43)) - raft.server.log.preallocated.size = 16384 (custom)
2019-09-12 09:42:37,655 [pool-529-thread-1] INFO  server.RaftServerConfigKeys (ConfUtils.java:logGet(43)) - raft.server.retrycache.expirytime = 600000ms (custom)
2019-09-12 09:42:37,655 [pool-559-thread-1] INFO  server.RaftServerConfigKeys (ConfUtils.java:logGet(43)) - raft.server.log.write.buffer.size = 33554432 (custom)
2019-09-12 09:42:37,656 [pool-559-thread-1] INFO  server.RaftServerConfigKeys (ConfUtils.java:logGet(43)) - raft.server.log.force.sync.num = 128 (default)
2019-09-12 09:42:37,655 [pool-539-thread-1] INFO  server.RaftServerConfigKeys (ConfUtils.java:logGet(43)) - raft.server.log.force.sync.num = 128 (default)
2019-09-12 09:42:37,656 [pool-559-thread-1] INFO  server.RaftServerConfigKeys (ConfUtils.java:logGet(43)) - raft.server.log.statemachine.data.sync = true (default)
2019-09-12 09:42:37,656 [pool-539-thread-1] INFO  server.RaftServerConfigKeys (ConfUtils.java:logGet(43)) - raft.server.log.statemachine.data.sync = true (default)
2019-09-12 09:42:37,656 [pool-559-thread-1] INFO  server.RaftServerConfigKeys (ConfUtils.java:logGet(43)) - raft.server.log.statemachine.data.sync.timeout = 10s (default)
2019-09-12 09:42:37,656 [pool-539-thread-1] INFO  server.RaftServerConfigKeys (ConfUtils.java:logGet(43)) - raft.server.log.statemachine.data.sync.timeout = 10s (default)
2019-09-12 09:42:37,656 [pool-559-thread-1] INFO  server.RaftServerConfigKeys (ConfUtils.java:logGet(43)) - raft.server.log.statemachine.data.sync.timeout.retry = -1 (default)
2019-09-12 09:42:37,656 [pool-539-thread-1] INFO  server.RaftServerConfigKeys (ConfUtils.java:logGet(43)) - raft.server.log.statemachine.data.sync.timeout.retry = -1 (default)
2019-09-12 09:42:37,657 [pool-559-thread-1] INFO  server.RaftServerConfigKeys (ConfUtils.java:logGet(43)) - raft.server.log.statemachine.data.caching.enabled = true (custom)
2019-09-12 09:42:37,657 [pool-539-thread-1] INFO  server.RaftServerConfigKeys (ConfUtils.java:logGet(43)) - raft.server.log.statemachine.data.caching.enabled = true (custom)
2019-09-12 09:42:37,657 [pool-529-thread-1] INFO  impl.RaftServerImpl (RaftServerImpl.java:start(185)) - ab1435ba-055f-42a6-ac0c-0c241e3586c1@group-17840A3B8B0B: start as a follower, conf=-1: [06e1cc61-18a3-42d4-aec7-b27779cb650a:192.168.69.112:41604, 040e264f-7231-418c-8fde-c9895bbf90ff:192.168.69.112:39080, ab1435ba-055f-42a6-ac0c-0c241e3586c1:192.168.69.112:46664], old=null
2019-09-12 09:42:37,657 [pool-559-thread-1] INFO  segmented.SegmentedRaftLogWorker (SegmentedRaftLogWorker.java:lambda$new$0(132)) - 06e1cc61-18a3-42d4-aec7-b27779cb650a@group-17840A3B8B0B-SegmentedRaftLogWorker: flushIndex: setUnconditionally 0 -> -1
2019-09-12 09:42:37,657 [pool-529-thread-1] INFO  impl.RaftServerImpl (RaftServerImpl.java:setRole(174)) - ab1435ba-055f-42a6-ac0c-0c241e3586c1@group-17840A3B8B0B: changes role from      null to FOLLOWER at term 0 for startAsFollower
2019-09-12 09:42:37,657 [pool-539-thread-1] INFO  segmented.SegmentedRaftLogWorker (SegmentedRaftLogWorker.java:lambda$new$0(132)) - 040e264f-7231-418c-8fde-c9895bbf90ff@group-17840A3B8B0B-SegmentedRaftLogWorker: flushIndex: setUnconditionally 0 -> -1
2019-09-12 09:42:37,658 [pool-559-thread-1] INFO  server.RaftServerConfigKeys (ConfUtils.java:logGet(43)) - raft.server.snapshot.auto.trigger.enabled = true (custom)
2019-09-12 09:42:37,657 [pool-529-thread-1] INFO  impl.RoleInfo (RoleInfo.java:updateAndGet(143)) - ab1435ba-055f-42a6-ac0c-0c241e3586c1: start FollowerState
2019-09-12 09:42:37,658 [pool-539-thread-1] INFO  server.RaftServerConfigKeys (ConfUtils.java:logGet(43)) - raft.server.snapshot.auto.trigger.enabled = true (custom)
2019-09-12 09:42:37,658 [pool-559-thread-1] INFO  server.RaftServerConfigKeys (ConfUtils.java:logGet(43)) - raft.server.snapshot.auto.trigger.threshold = 10000 (custom)
2019-09-12 09:42:37,658 [pool-539-thread-1] INFO  server.RaftServerConfigKeys (ConfUtils.java:logGet(43)) - raft.server.snapshot.auto.trigger.threshold = 10000 (custom)
2019-09-12 09:42:37,658 [pool-529-thread-1] INFO  util.JmxRegister (JmxRegister.java:tryRegister(44)) - Successfully registered JMX Bean with object name Ratis:service=RaftServer,group=group-17840A3B8B0B,id=ab1435ba-055f-42a6-ac0c-0c241e3586c1
2019-09-12 09:42:37,658 [pool-559-thread-1] INFO  server.RaftServerConfigKeys (ConfUtils.java:logGet(43)) - raft.server.snapshot.retention.num.files = -1 (default)
2019-09-12 09:42:37,658 [pool-539-thread-1] INFO  server.RaftServerConfigKeys (ConfUtils.java:logGet(43)) - raft.server.snapshot.retention.num.files = -1 (default)
2019-09-12 09:42:37,659 [pool-559-thread-1] INFO  server.RaftServerConfigKeys (ConfUtils.java:logGet(43)) - raft.server.retrycache.expirytime = 600000ms (custom)
2019-09-12 09:42:37,659 [pool-539-thread-1] INFO  server.RaftServerConfigKeys (ConfUtils.java:logGet(43)) - raft.server.retrycache.expirytime = 600000ms (custom)
2019-09-12 09:42:37,662 [pool-559-thread-1] INFO  impl.RaftServerImpl (RaftServerImpl.java:start(185)) - 06e1cc61-18a3-42d4-aec7-b27779cb650a@group-17840A3B8B0B: start as a follower, conf=-1: [06e1cc61-18a3-42d4-aec7-b27779cb650a:192.168.69.112:41604, 040e264f-7231-418c-8fde-c9895bbf90ff:192.168.69.112:39080, ab1435ba-055f-42a6-ac0c-0c241e3586c1:192.168.69.112:46664], old=null
2019-09-12 09:42:37,662 [pool-539-thread-1] INFO  impl.RaftServerImpl (RaftServerImpl.java:start(185)) - 040e264f-7231-418c-8fde-c9895bbf90ff@group-17840A3B8B0B: start as a follower, conf=-1: [06e1cc61-18a3-42d4-aec7-b27779cb650a:192.168.69.112:41604, 040e264f-7231-418c-8fde-c9895bbf90ff:192.168.69.112:39080, ab1435ba-055f-42a6-ac0c-0c241e3586c1:192.168.69.112:46664], old=null
2019-09-12 09:42:37,662 [pool-559-thread-1] INFO  impl.RaftServerImpl (RaftServerImpl.java:setRole(174)) - 06e1cc61-18a3-42d4-aec7-b27779cb650a@group-17840A3B8B0B: changes role from      null to FOLLOWER at term 0 for startAsFollower
2019-09-12 09:42:37,662 [pool-539-thread-1] INFO  impl.RaftServerImpl (RaftServerImpl.java:setRole(174)) - 040e264f-7231-418c-8fde-c9895bbf90ff@group-17840A3B8B0B: changes role from      null to FOLLOWER at term 0 for startAsFollower
2019-09-12 09:42:37,662 [pool-559-thread-1] INFO  impl.RoleInfo (RoleInfo.java:updateAndGet(143)) - 06e1cc61-18a3-42d4-aec7-b27779cb650a: start FollowerState
2019-09-12 09:42:37,662 [pool-539-thread-1] INFO  impl.RoleInfo (RoleInfo.java:updateAndGet(143)) - 040e264f-7231-418c-8fde-c9895bbf90ff: start FollowerState
2019-09-12 09:42:37,663 [pool-559-thread-1] INFO  util.JmxRegister (JmxRegister.java:tryRegister(44)) - Successfully registered JMX Bean with object name Ratis:service=RaftServer,group=group-17840A3B8B0B,id=06e1cc61-18a3-42d4-aec7-b27779cb650a
2019-09-12 09:42:37,663 [pool-539-thread-1] INFO  util.JmxRegister (JmxRegister.java:tryRegister(44)) - Successfully registered JMX Bean with object name Ratis:service=RaftServer,group=group-17840A3B8B0B,id=040e264f-7231-418c-8fde-c9895bbf90ff
2019-09-12 09:42:37,666 [RatisPipelineUtilsThread] INFO  pipeline.PipelineStateManager (PipelineStateManager.java:addPipeline(56)) - Created pipeline Pipeline[ Id: da0ce2f5-d18f-4adc-a07b-17840a3b8b0b, Nodes: 06e1cc61-18a3-42d4-aec7-b27779cb650a{ip: 192.168.69.112, host: pr-hdds-2117-slf27-1599733614, networkLocation: /default-rack, certSerialId: null}ab1435ba-055f-42a6-ac0c-0c241e3586c1{ip: 192.168.69.112, host: pr-hdds-2117-slf27-1599733614, networkLocation: /default-rack, certSerialId: null}040e264f-7231-418c-8fde-c9895bbf90ff{ip: 192.168.69.112, host: pr-hdds-2117-slf27-1599733614, networkLocation: /default-rack, certSerialId: null}, Type:RATIS, Factor:THREE, State:OPEN]
2019-09-12 09:42:37,669 [grpc-default-executor-9] INFO  impl.RaftServerProxy (RaftServerProxy.java:addNew(89)) - 06e1cc61-18a3-42d4-aec7-b27779cb650a: addNew group-AF08BD14DD72:[06e1cc61-18a3-42d4-aec7-b27779cb650a:192.168.69.112:41604] returns group-AF08BD14DD72:java.util.concurrent.CompletableFuture@2972519e[Not completed]
2019-09-12 09:42:37,671 [pool-559-thread-1] INFO  impl.RaftServerImpl (RaftServerImpl.java:<init>(95)) - 06e1cc61-18a3-42d4-aec7-b27779cb650a: new RaftServerImpl for group-AF08BD14DD72:[06e1cc61-18a3-42d4-aec7-b27779cb650a:192.168.69.112:41604] with ContainerStateMachine:uninitialized
2019-09-12 09:42:37,678 [pool-559-thread-1] INFO  server.RaftServerConfigKeys (ConfUtils.java:logGet(43)) - raft.server.rpc.timeout.min = 5s (custom)
2019-09-12 09:42:37,678 [pool-559-thread-1] INFO  server.RaftServerConfigKeys (ConfUtils.java:logGet(43)) - raft.server.rpc.timeout.max = 5200ms (custom)
2019-09-12 09:42:37,678 [pool-559-thread-1] INFO  server.RaftServerConfigKeys (ConfUtils.java:logGet(43)) - raft.server.rpcslowness.timeout = 120s (custom)
2019-09-12 09:42:37,678 [pool-559-thread-1] INFO  server.RaftServerConfigKeys (ConfUtils.java:logGet(43)) - raft.server.sleep.deviation.threshold = 300 (default)
2019-09-12 09:42:37,679 [pool-559-thread-1] INFO  server.RaftServerConfigKeys (ConfUtils.java:logGet(43)) - raft.server.log.appender.install.snapshot.enabled = false (custom)
2019-09-12 09:42:37,679 [pool-559-thread-1] INFO  impl.RaftServerImpl (ServerState.java:<init>(103)) - 06e1cc61-18a3-42d4-aec7-b27779cb650a@group-AF08BD14DD72: ConfigurationManager, init=-1: [06e1cc61-18a3-42d4-aec7-b27779cb650a:192.168.69.112:41604], old=null, confs=<EMPTY_MAP>
2019-09-12 09:42:37,679 [pool-559-thread-1] INFO  server.RaftServerConfigKeys (ConfUtils.java:logGet(43)) - raft.server.storage.dir = [/workdir/hadoop-ozone/integration-test/target/test-dir/MiniOzoneClusterImpl-24bb607f-2e24-47f8-b34a-f96654db79dd/datanode-6/data/ratis] (custom)
2019-09-12 09:42:37,680 [pool-559-thread-1] INFO  storage.RaftStorageDirectory (RaftStorageDirectory.java:analyzeStorage(246)) - The storage directory /workdir/hadoop-ozone/integration-test/target/test-dir/MiniOzoneClusterImpl-24bb607f-2e24-47f8-b34a-f96654db79dd/datanode-6/data/ratis/5d2ead0f-ac2c-46dc-ab82-af08bd14dd72 does not exist. Creating ...
2019-09-12 09:42:37,695 [pool-559-thread-1] INFO  storage.RaftStorageDirectory (RaftStorageDirectory.java:tryLock(328)) - Lock on /workdir/hadoop-ozone/integration-test/target/test-dir/MiniOzoneClusterImpl-24bb607f-2e24-47f8-b34a-f96654db79dd/datanode-6/data/ratis/5d2ead0f-ac2c-46dc-ab82-af08bd14dd72/in_use.lock acquired by nodename 16937@pr-hdds-2117-slf27-1599733614
2019-09-12 09:42:37,760 [pool-559-thread-1] INFO  storage.RaftStorage (RaftStorage.java:format(72)) - Storage directory /workdir/hadoop-ozone/integration-test/target/test-dir/MiniOzoneClusterImpl-24bb607f-2e24-47f8-b34a-f96654db79dd/datanode-6/data/ratis/5d2ead0f-ac2c-46dc-ab82-af08bd14dd72 has been successfully formatted.
2019-09-12 09:42:37,761 [pool-559-thread-1] INFO  ratis.ContainerStateMachine (ContainerStateMachine.java:loadSnapshot(230)) - group-AF08BD14DD72: The snapshot info is null. Setting the last applied indexto:(t:0, i:~)
2019-09-12 09:42:37,761 [pool-559-thread-1] INFO  server.RaftServerConfigKeys (ConfUtils.java:logGet(43)) - raft.server.notification.no-leader.timeout = 120s (custom)
2019-09-12 09:42:37,761 [pool-559-thread-1] INFO  server.RaftServerConfigKeys (ConfUtils.java:logGet(43)) - raft.server.log.use.memory = false (default)
2019-09-12 09:42:37,761 [pool-559-thread-1] INFO  server.RaftServerConfigKeys (ConfUtils.java:logGet(43)) - raft.server.log.purge.gap = 1000000 (custom)
2019-09-12 09:42:37,761 [pool-559-thread-1] INFO  server.RaftServerConfigKeys (ConfUtils.java:logGet(43)) - raft.server.log.appender.buffer.byte-limit = 33554432 (custom)
2019-09-12 09:42:37,761 [pool-559-thread-1] INFO  server.RaftServerConfigKeys (ConfUtils.java:logGet(43)) - raft.server.log.segment.size.max = 1048576 (custom)
2019-09-12 09:42:37,762 [pool-559-thread-1] INFO  server.RaftServerConfigKeys (ConfUtils.java:logGet(43)) - raft.server.log.segment.cache.num.max = 2 (custom)
2019-09-12 09:42:37,762 [pool-559-thread-1] INFO  segmented.SegmentedRaftLogWorker (SegmentedRaftLogWorker.java:<init>(172)) - new 06e1cc61-18a3-42d4-aec7-b27779cb650a@group-AF08BD14DD72-SegmentedRaftLogWorker for RaftStorage:Storage Directory /workdir/hadoop-ozone/integration-test/target/test-dir/MiniOzoneClusterImpl-24bb607f-2e24-47f8-b34a-f96654db79dd/datanode-6/data/ratis/5d2ead0f-ac2c-46dc-ab82-af08bd14dd72
2019-09-12 09:42:37,762 [pool-559-thread-1] INFO  server.RaftServerConfigKeys (ConfUtils.java:logGet(43)) - raft.server.log.queue.byte-limit = 2147483647 (custom)
2019-09-12 09:42:37,762 [pool-559-thread-1] INFO  server.RaftServerConfigKeys (ConfUtils.java:logGet(43)) - raft.server.log.queue.element-limit = 1024 (custom)
2019-09-12 09:42:37,762 [pool-559-thread-1] INFO  server.RaftServerConfigKeys (ConfUtils.java:logGet(43)) - raft.server.log.segment.size.max = 1048576 (custom)
2019-09-12 09:42:37,762 [pool-559-thread-1] INFO  server.RaftServerConfigKeys (ConfUtils.java:logGet(43)) - raft.server.log.preallocated.size = 16384 (custom)
2019-09-12 09:42:37,762 [pool-559-thread-1] INFO  server.RaftServerConfigKeys (ConfUtils.java:logGet(43)) - raft.server.log.write.buffer.size = 33554432 (custom)
2019-09-12 09:42:37,763 [pool-559-thread-1] INFO  server.RaftServerConfigKeys (ConfUtils.java:logGet(43)) - raft.server.log.force.sync.num = 128 (default)
2019-09-12 09:42:37,763 [pool-559-thread-1] INFO  server.RaftServerConfigKeys (ConfUtils.java:logGet(43)) - raft.server.log.statemachine.data.sync = true (default)
2019-09-12 09:42:37,763 [pool-559-thread-1] INFO  server.RaftServerConfigKeys (ConfUtils.java:logGet(43)) - raft.server.log.statemachine.data.sync.timeout = 10s (default)
2019-09-12 09:42:37,763 [pool-559-thread-1] INFO  server.RaftServerConfigKeys (ConfUtils.java:logGet(43)) - raft.server.log.statemachine.data.sync.timeout.retry = -1 (default)
2019-09-12 09:42:37,763 [pool-559-thread-1] INFO  server.RaftServerConfigKeys (ConfUtils.java:logGet(43)) - raft.server.log.statemachine.data.caching.enabled = true (custom)
2019-09-12 09:42:37,763 [pool-559-thread-1] INFO  segmented.SegmentedRaftLogWorker (SegmentedRaftLogWorker.java:lambda$new$0(132)) - 06e1cc61-18a3-42d4-aec7-b27779cb650a@group-AF08BD14DD72-SegmentedRaftLogWorker: flushIndex: setUnconditionally 0 -> -1
2019-09-12 09:42:37,764 [pool-559-thread-1] INFO  server.RaftServerConfigKeys (ConfUtils.java:logGet(43)) - raft.server.snapshot.auto.trigger.enabled = true (custom)
2019-09-12 09:42:37,764 [pool-559-thread-1] INFO  server.RaftServerConfigKeys (ConfUtils.java:logGet(43)) - raft.server.snapshot.auto.trigger.threshold = 10000 (custom)
2019-09-12 09:42:37,764 [pool-559-thread-1] INFO  server.RaftServerConfigKeys (ConfUtils.java:logGet(43)) - raft.server.snapshot.retention.num.files = -1 (default)
2019-09-12 09:42:37,764 [pool-559-thread-1] INFO  server.RaftServerConfigKeys (ConfUtils.java:logGet(43)) - raft.server.retrycache.expirytime = 600000ms (custom)
2019-09-12 09:42:37,766 [pool-559-thread-1] INFO  impl.RaftServerImpl (RaftServerImpl.java:start(185)) - 06e1cc61-18a3-42d4-aec7-b27779cb650a@group-AF08BD14DD72: start as a follower, conf=-1: [06e1cc61-18a3-42d4-aec7-b27779cb650a:192.168.69.112:41604], old=null
2019-09-12 09:42:37,766 [pool-559-thread-1] INFO  impl.RaftServerImpl (RaftServerImpl.java:setRole(174)) - 06e1cc61-18a3-42d4-aec7-b27779cb650a@group-AF08BD14DD72: changes role from      null to FOLLOWER at term 0 for startAsFollower
2019-09-12 09:42:37,766 [pool-559-thread-1] INFO  impl.RoleInfo (RoleInfo.java:updateAndGet(143)) - 06e1cc61-18a3-42d4-aec7-b27779cb650a: start FollowerState
2019-09-12 09:42:37,767 [pool-559-thread-1] INFO  util.JmxRegister (JmxRegister.java:tryRegister(44)) - Successfully registered JMX Bean with object name Ratis:service=RaftServer,group=group-AF08BD14DD72,id=06e1cc61-18a3-42d4-aec7-b27779cb650a
2019-09-12 09:42:37,769 [RatisPipelineUtilsThread] INFO  pipeline.PipelineStateManager (PipelineStateManager.java:addPipeline(56)) - Created pipeline Pipeline[ Id: 5d2ead0f-ac2c-46dc-ab82-af08bd14dd72, Nodes: 06e1cc61-18a3-42d4-aec7-b27779cb650a{ip: 192.168.69.112, host: pr-hdds-2117-slf27-1599733614, networkLocation: /default-rack, certSerialId: null}, Type:RATIS, Factor:ONE, State:OPEN]
2019-09-12 09:42:37,777 [grpc-default-executor-9] INFO  impl.RaftServerProxy (RaftServerProxy.java:addNew(89)) - ab1435ba-055f-42a6-ac0c-0c241e3586c1: addNew group-A69F9439C514:[ab1435ba-055f-42a6-ac0c-0c241e3586c1:192.168.69.112:46664] returns group-A69F9439C514:java.util.concurrent.CompletableFuture@1ec6f988[Not completed]
2019-09-12 09:42:37,778 [pool-529-thread-1] INFO  impl.RaftServerImpl (RaftServerImpl.java:<init>(95)) - ab1435ba-055f-42a6-ac0c-0c241e3586c1: new RaftServerImpl for group-A69F9439C514:[ab1435ba-055f-42a6-ac0c-0c241e3586c1:192.168.69.112:46664] with ContainerStateMachine:uninitialized
2019-09-12 09:42:37,779 [pool-529-thread-1] INFO  server.RaftServerConfigKeys (ConfUtils.java:logGet(43)) - raft.server.rpc.timeout.min = 5s (custom)
2019-09-12 09:42:37,779 [pool-529-thread-1] INFO  server.RaftServerConfigKeys (ConfUtils.java:logGet(43)) - raft.server.rpc.timeout.max = 5200ms (custom)
2019-09-12 09:42:37,779 [pool-529-thread-1] INFO  server.RaftServerConfigKeys (ConfUtils.java:logGet(43)) - raft.server.rpcslowness.timeout = 120s (custom)
2019-09-12 09:42:37,779 [pool-529-thread-1] INFO  server.RaftServerConfigKeys (ConfUtils.java:logGet(43)) - raft.server.sleep.deviation.threshold = 300 (default)
2019-09-12 09:42:37,779 [pool-529-thread-1] INFO  server.RaftServerConfigKeys (ConfUtils.java:logGet(43)) - raft.server.log.appender.install.snapshot.enabled = false (custom)
2019-09-12 09:42:37,779 [pool-529-thread-1] INFO  impl.RaftServerImpl (ServerState.java:<init>(103)) - ab1435ba-055f-42a6-ac0c-0c241e3586c1@group-A69F9439C514: ConfigurationManager, init=-1: [ab1435ba-055f-42a6-ac0c-0c241e3586c1:192.168.69.112:46664], old=null, confs=<EMPTY_MAP>
2019-09-12 09:42:37,779 [pool-529-thread-1] INFO  server.RaftServerConfigKeys (ConfUtils.java:logGet(43)) - raft.server.storage.dir = [/workdir/hadoop-ozone/integration-test/target/test-dir/MiniOzoneClusterImpl-24bb607f-2e24-47f8-b34a-f96654db79dd/datanode-3/data/ratis] (custom)
2019-09-12 09:42:37,780 [pool-529-thread-1] INFO  storage.RaftStorageDirectory (RaftStorageDirectory.java:analyzeStorage(246)) - The storage directory /workdir/hadoop-ozone/integration-test/target/test-dir/MiniOzoneClusterImpl-24bb607f-2e24-47f8-b34a-f96654db79dd/datanode-3/data/ratis/481da2d9-39a1-4dea-99fb-a69f9439c514 does not exist. Creating ...
2019-09-12 09:42:37,804 [pool-529-thread-1] INFO  storage.RaftStorageDirectory (RaftStorageDirectory.java:tryLock(328)) - Lock on /workdir/hadoop-ozone/integration-test/target/test-dir/MiniOzoneClusterImpl-24bb607f-2e24-47f8-b34a-f96654db79dd/datanode-3/data/ratis/481da2d9-39a1-4dea-99fb-a69f9439c514/in_use.lock acquired by nodename 16937@pr-hdds-2117-slf27-1599733614
2019-09-12 09:42:37,820 [pool-529-thread-1] INFO  storage.RaftStorage (RaftStorage.java:format(72)) - Storage directory /workdir/hadoop-ozone/integration-test/target/test-dir/MiniOzoneClusterImpl-24bb607f-2e24-47f8-b34a-f96654db79dd/datanode-3/data/ratis/481da2d9-39a1-4dea-99fb-a69f9439c514 has been successfully formatted.
2019-09-12 09:42:37,820 [pool-529-thread-1] INFO  ratis.ContainerStateMachine (ContainerStateMachine.java:loadSnapshot(230)) - group-A69F9439C514: The snapshot info is null. Setting the last applied indexto:(t:0, i:~)
2019-09-12 09:42:37,820 [pool-529-thread-1] INFO  server.RaftServerConfigKeys (ConfUtils.java:logGet(43)) - raft.server.notification.no-leader.timeout = 120s (custom)
2019-09-12 09:42:37,820 [pool-529-thread-1] INFO  server.RaftServerConfigKeys (ConfUtils.java:logGet(43)) - raft.server.log.use.memory = false (default)
2019-09-12 09:42:37,821 [pool-529-thread-1] INFO  server.RaftServerConfigKeys (ConfUtils.java:logGet(43)) - raft.server.log.purge.gap = 1000000 (custom)
2019-09-12 09:42:37,821 [pool-529-thread-1] INFO  server.RaftServerConfigKeys (ConfUtils.java:logGet(43)) - raft.server.log.appender.buffer.byte-limit = 33554432 (custom)
2019-09-12 09:42:37,821 [pool-529-thread-1] INFO  server.RaftServerConfigKeys (ConfUtils.java:logGet(43)) - raft.server.log.segment.size.max = 1048576 (custom)
2019-09-12 09:42:37,821 [pool-529-thread-1] INFO  server.RaftServerConfigKeys (ConfUtils.java:logGet(43)) - raft.server.log.segment.cache.num.max = 2 (custom)
2019-09-12 09:42:37,821 [pool-529-thread-1] INFO  segmented.SegmentedRaftLogWorker (SegmentedRaftLogWorker.java:<init>(172)) - new ab1435ba-055f-42a6-ac0c-0c241e3586c1@group-A69F9439C514-SegmentedRaftLogWorker for RaftStorage:Storage Directory /workdir/hadoop-ozone/integration-test/target/test-dir/MiniOzoneClusterImpl-24bb607f-2e24-47f8-b34a-f96654db79dd/datanode-3/data/ratis/481da2d9-39a1-4dea-99fb-a69f9439c514
2019-09-12 09:42:37,821 [pool-529-thread-1] INFO  server.RaftServerConfigKeys (ConfUtils.java:logGet(43)) - raft.server.log.queue.byte-limit = 2147483647 (custom)
2019-09-12 09:42:37,821 [pool-529-thread-1] INFO  server.RaftServerConfigKeys (ConfUtils.java:logGet(43)) - raft.server.log.queue.element-limit = 1024 (custom)
2019-09-12 09:42:37,822 [pool-529-thread-1] INFO  server.RaftServerConfigKeys (ConfUtils.java:logGet(43)) - raft.server.log.segment.size.max = 1048576 (custom)
2019-09-12 09:42:37,822 [pool-529-thread-1] INFO  server.RaftServerConfigKeys (ConfUtils.java:logGet(43)) - raft.server.log.preallocated.size = 16384 (custom)
2019-09-12 09:42:37,822 [pool-529-thread-1] INFO  server.RaftServerConfigKeys (ConfUtils.java:logGet(43)) - raft.server.log.write.buffer.size = 33554432 (custom)
2019-09-12 09:42:37,822 [pool-529-thread-1] INFO  server.RaftServerConfigKeys (ConfUtils.java:logGet(43)) - raft.server.log.force.sync.num = 128 (default)
2019-09-12 09:42:37,822 [pool-529-thread-1] INFO  server.RaftServerConfigKeys (ConfUtils.java:logGet(43)) - raft.server.log.statemachine.data.sync = true (default)
2019-09-12 09:42:37,822 [pool-529-thread-1] INFO  server.RaftServerConfigKeys (ConfUtils.java:logGet(43)) - raft.server.log.statemachine.data.sync.timeout = 10s (default)
2019-09-12 09:42:37,822 [pool-529-thread-1] INFO  server.RaftServerConfigKeys (ConfUtils.java:logGet(43)) - raft.server.log.statemachine.data.sync.timeout.retry = -1 (default)
2019-09-12 09:42:37,823 [pool-529-thread-1] INFO  server.RaftServerConfigKeys (ConfUtils.java:logGet(43)) - raft.server.log.statemachine.data.caching.enabled = true (custom)
2019-09-12 09:42:37,823 [pool-529-thread-1] INFO  segmented.SegmentedRaftLogWorker (SegmentedRaftLogWorker.java:lambda$new$0(132)) - ab1435ba-055f-42a6-ac0c-0c241e3586c1@group-A69F9439C514-SegmentedRaftLogWorker: flushIndex: setUnconditionally 0 -> -1
2019-09-12 09:42:37,823 [pool-529-thread-1] INFO  server.RaftServerConfigKeys (ConfUtils.java:logGet(43)) - raft.server.snapshot.auto.trigger.enabled = true (custom)
2019-09-12 09:42:37,823 [pool-529-thread-1] INFO  server.RaftServerConfigKeys (ConfUtils.java:logGet(43)) - raft.server.snapshot.auto.trigger.threshold = 10000 (custom)
2019-09-12 09:42:37,823 [pool-529-thread-1] INFO  server.RaftServerConfigKeys (ConfUtils.java:logGet(43)) - raft.server.snapshot.retention.num.files = -1 (default)
2019-09-12 09:42:37,824 [pool-529-thread-1] INFO  server.RaftServerConfigKeys (ConfUtils.java:logGet(43)) - raft.server.retrycache.expirytime = 600000ms (custom)
2019-09-12 09:42:37,825 [pool-529-thread-1] INFO  impl.RaftServerImpl (RaftServerImpl.java:start(185)) - ab1435ba-055f-42a6-ac0c-0c241e3586c1@group-A69F9439C514: start as a follower, conf=-1: [ab1435ba-055f-42a6-ac0c-0c241e3586c1:192.168.69.112:46664], old=null
2019-09-12 09:42:37,825 [pool-529-thread-1] INFO  impl.RaftServerImpl (RaftServerImpl.java:setRole(174)) - ab1435ba-055f-42a6-ac0c-0c241e3586c1@group-A69F9439C514: changes role from      null to FOLLOWER at term 0 for startAsFollower
2019-09-12 09:42:37,825 [pool-529-thread-1] INFO  impl.RoleInfo (RoleInfo.java:updateAndGet(143)) - ab1435ba-055f-42a6-ac0c-0c241e3586c1: start FollowerState
2019-09-12 09:42:37,826 [pool-529-thread-1] INFO  util.JmxRegister (JmxRegister.java:tryRegister(44)) - Successfully registered JMX Bean with object name Ratis:service=RaftServer,group=group-A69F9439C514,id=ab1435ba-055f-42a6-ac0c-0c241e3586c1
2019-09-12 09:42:37,828 [RatisPipelineUtilsThread] INFO  pipeline.PipelineStateManager (PipelineStateManager.java:addPipeline(56)) - Created pipeline Pipeline[ Id: 481da2d9-39a1-4dea-99fb-a69f9439c514, Nodes: ab1435ba-055f-42a6-ac0c-0c241e3586c1{ip: 192.168.69.112, host: pr-hdds-2117-slf27-1599733614, networkLocation: /default-rack, certSerialId: null}, Type:RATIS, Factor:ONE, State:OPEN]
2019-09-12 09:42:37,838 [grpc-default-executor-9] INFO  impl.RaftServerProxy (RaftServerProxy.java:addNew(89)) - 040e264f-7231-418c-8fde-c9895bbf90ff: addNew group-6D98DFC74BB0:[040e264f-7231-418c-8fde-c9895bbf90ff:192.168.69.112:39080] returns group-6D98DFC74BB0:java.util.concurrent.CompletableFuture@40c36053[Not completed]
2019-09-12 09:42:37,839 [pool-539-thread-1] INFO  impl.RaftServerImpl (RaftServerImpl.java:<init>(95)) - 040e264f-7231-418c-8fde-c9895bbf90ff: new RaftServerImpl for group-6D98DFC74BB0:[040e264f-7231-418c-8fde-c9895bbf90ff:192.168.69.112:39080] with ContainerStateMachine:uninitialized
2019-09-12 09:42:37,839 [pool-539-thread-1] INFO  server.RaftServerConfigKeys (ConfUtils.java:logGet(43)) - raft.server.rpc.timeout.min = 5s (custom)
2019-09-12 09:42:37,839 [pool-539-thread-1] INFO  server.RaftServerConfigKeys (ConfUtils.java:logGet(43)) - raft.server.rpc.timeout.max = 5200ms (custom)
2019-09-12 09:42:37,839 [pool-539-thread-1] INFO  server.RaftServerConfigKeys (ConfUtils.java:logGet(43)) - raft.server.rpcslowness.timeout = 120s (custom)
2019-09-12 09:42:37,839 [pool-539-thread-1] INFO  server.RaftServerConfigKeys (ConfUtils.java:logGet(43)) - raft.server.sleep.deviation.threshold = 300 (default)
2019-09-12 09:42:37,840 [pool-539-thread-1] INFO  server.RaftServerConfigKeys (ConfUtils.java:logGet(43)) - raft.server.log.appender.install.snapshot.enabled = false (custom)
2019-09-12 09:42:37,840 [pool-539-thread-1] INFO  impl.RaftServerImpl (ServerState.java:<init>(103)) - 040e264f-7231-418c-8fde-c9895bbf90ff@group-6D98DFC74BB0: ConfigurationManager, init=-1: [040e264f-7231-418c-8fde-c9895bbf90ff:192.168.69.112:39080], old=null, confs=<EMPTY_MAP>
2019-09-12 09:42:37,840 [pool-539-thread-1] INFO  server.RaftServerConfigKeys (ConfUtils.java:logGet(43)) - raft.server.storage.dir = [/workdir/hadoop-ozone/integration-test/target/test-dir/MiniOzoneClusterImpl-24bb607f-2e24-47f8-b34a-f96654db79dd/datanode-4/data/ratis] (custom)
2019-09-12 09:42:37,840 [pool-539-thread-1] INFO  storage.RaftStorageDirectory (RaftStorageDirectory.java:analyzeStorage(246)) - The storage directory /workdir/hadoop-ozone/integration-test/target/test-dir/MiniOzoneClusterImpl-24bb607f-2e24-47f8-b34a-f96654db79dd/datanode-4/data/ratis/6ea99ac1-ebc8-4b6a-82a3-6d98dfc74bb0 does not exist. Creating ...
2019-09-12 09:42:37,871 [pool-539-thread-1] INFO  storage.RaftStorageDirectory (RaftStorageDirectory.java:tryLock(328)) - Lock on /workdir/hadoop-ozone/integration-test/target/test-dir/MiniOzoneClusterImpl-24bb607f-2e24-47f8-b34a-f96654db79dd/datanode-4/data/ratis/6ea99ac1-ebc8-4b6a-82a3-6d98dfc74bb0/in_use.lock acquired by nodename 16937@pr-hdds-2117-slf27-1599733614
2019-09-12 09:42:37,888 [pool-539-thread-1] INFO  storage.RaftStorage (RaftStorage.java:format(72)) - Storage directory /workdir/hadoop-ozone/integration-test/target/test-dir/MiniOzoneClusterImpl-24bb607f-2e24-47f8-b34a-f96654db79dd/datanode-4/data/ratis/6ea99ac1-ebc8-4b6a-82a3-6d98dfc74bb0 has been successfully formatted.
2019-09-12 09:42:37,889 [pool-539-thread-1] INFO  ratis.ContainerStateMachine (ContainerStateMachine.java:loadSnapshot(230)) - group-6D98DFC74BB0: The snapshot info is null. Setting the last applied indexto:(t:0, i:~)
2019-09-12 09:42:37,889 [pool-539-thread-1] INFO  server.RaftServerConfigKeys (ConfUtils.java:logGet(43)) - raft.server.notification.no-leader.timeout = 120s (custom)
2019-09-12 09:42:37,889 [pool-539-thread-1] INFO  server.RaftServerConfigKeys (ConfUtils.java:logGet(43)) - raft.server.log.use.memory = false (default)
2019-09-12 09:42:37,889 [pool-539-thread-1] INFO  server.RaftServerConfigKeys (ConfUtils.java:logGet(43)) - raft.server.log.purge.gap = 1000000 (custom)
2019-09-12 09:42:37,889 [pool-539-thread-1] INFO  server.RaftServerConfigKeys (ConfUtils.java:logGet(43)) - raft.server.log.appender.buffer.byte-limit = 33554432 (custom)
2019-09-12 09:42:37,889 [pool-539-thread-1] INFO  server.RaftServerConfigKeys (ConfUtils.java:logGet(43)) - raft.server.log.segment.size.max = 1048576 (custom)
2019-09-12 09:42:37,890 [pool-539-thread-1] INFO  server.RaftServerConfigKeys (ConfUtils.java:logGet(43)) - raft.server.log.segment.cache.num.max = 2 (custom)
2019-09-12 09:42:37,890 [pool-539-thread-1] INFO  segmented.SegmentedRaftLogWorker (SegmentedRaftLogWorker.java:<init>(172)) - new 040e264f-7231-418c-8fde-c9895bbf90ff@group-6D98DFC74BB0-SegmentedRaftLogWorker for RaftStorage:Storage Directory /workdir/hadoop-ozone/integration-test/target/test-dir/MiniOzoneClusterImpl-24bb607f-2e24-47f8-b34a-f96654db79dd/datanode-4/data/ratis/6ea99ac1-ebc8-4b6a-82a3-6d98dfc74bb0
2019-09-12 09:42:37,890 [pool-539-thread-1] INFO  server.RaftServerConfigKeys (ConfUtils.java:logGet(43)) - raft.server.log.queue.byte-limit = 2147483647 (custom)
2019-09-12 09:42:37,890 [pool-539-thread-1] INFO  server.RaftServerConfigKeys (ConfUtils.java:logGet(43)) - raft.server.log.queue.element-limit = 1024 (custom)
2019-09-12 09:42:37,890 [pool-539-thread-1] INFO  server.RaftServerConfigKeys (ConfUtils.java:logGet(43)) - raft.server.log.segment.size.max = 1048576 (custom)
2019-09-12 09:42:37,890 [pool-539-thread-1] INFO  server.RaftServerConfigKeys (ConfUtils.java:logGet(43)) - raft.server.log.preallocated.size = 16384 (custom)
2019-09-12 09:42:37,890 [pool-539-thread-1] INFO  server.RaftServerConfigKeys (ConfUtils.java:logGet(43)) - raft.server.log.write.buffer.size = 33554432 (custom)
2019-09-12 09:42:37,891 [pool-539-thread-1] INFO  server.RaftServerConfigKeys (ConfUtils.java:logGet(43)) - raft.server.log.force.sync.num = 128 (default)
2019-09-12 09:42:37,891 [pool-539-thread-1] INFO  server.RaftServerConfigKeys (ConfUtils.java:logGet(43)) - raft.server.log.statemachine.data.sync = true (default)
2019-09-12 09:42:37,891 [pool-539-thread-1] INFO  server.RaftServerConfigKeys (ConfUtils.java:logGet(43)) - raft.server.log.statemachine.data.sync.timeout = 10s (default)
2019-09-12 09:42:37,891 [pool-539-thread-1] INFO  server.RaftServerConfigKeys (ConfUtils.java:logGet(43)) - raft.server.log.statemachine.data.sync.timeout.retry = -1 (default)
2019-09-12 09:42:37,891 [pool-539-thread-1] INFO  server.RaftServerConfigKeys (ConfUtils.java:logGet(43)) - raft.server.log.statemachine.data.caching.enabled = true (custom)
2019-09-12 09:42:37,891 [pool-539-thread-1] INFO  segmented.SegmentedRaftLogWorker (SegmentedRaftLogWorker.java:lambda$new$0(132)) - 040e264f-7231-418c-8fde-c9895bbf90ff@group-6D98DFC74BB0-SegmentedRaftLogWorker: flushIndex: setUnconditionally 0 -> -1
2019-09-12 09:42:37,892 [pool-539-thread-1] INFO  server.RaftServerConfigKeys (ConfUtils.java:logGet(43)) - raft.server.snapshot.auto.trigger.enabled = true (custom)
2019-09-12 09:42:37,892 [pool-539-thread-1] INFO  server.RaftServerConfigKeys (ConfUtils.java:logGet(43)) - raft.server.snapshot.auto.trigger.threshold = 10000 (custom)
2019-09-12 09:42:37,892 [pool-539-thread-1] INFO  server.RaftServerConfigKeys (ConfUtils.java:logGet(43)) - raft.server.snapshot.retention.num.files = -1 (default)
2019-09-12 09:42:37,892 [pool-539-thread-1] INFO  server.RaftServerConfigKeys (ConfUtils.java:logGet(43)) - raft.server.retrycache.expirytime = 600000ms (custom)
2019-09-12 09:42:37,894 [pool-539-thread-1] INFO  impl.RaftServerImpl (RaftServerImpl.java:start(185)) - 040e264f-7231-418c-8fde-c9895bbf90ff@group-6D98DFC74BB0: start as a follower, conf=-1: [040e264f-7231-418c-8fde-c9895bbf90ff:192.168.69.112:39080], old=null
2019-09-12 09:42:37,894 [pool-539-thread-1] INFO  impl.RaftServerImpl (RaftServerImpl.java:setRole(174)) - 040e264f-7231-418c-8fde-c9895bbf90ff@group-6D98DFC74BB0: changes role from      null to FOLLOWER at term 0 for startAsFollower
2019-09-12 09:42:37,894 [pool-539-thread-1] INFO  impl.RoleInfo (RoleInfo.java:updateAndGet(143)) - 040e264f-7231-418c-8fde-c9895bbf90ff: start FollowerState
2019-09-12 09:42:37,895 [pool-539-thread-1] INFO  util.JmxRegister (JmxRegister.java:tryRegister(44)) - Successfully registered JMX Bean with object name Ratis:service=RaftServer,group=group-6D98DFC74BB0,id=040e264f-7231-418c-8fde-c9895bbf90ff
2019-09-12 09:42:37,896 [RatisPipelineUtilsThread] INFO  pipeline.PipelineStateManager (PipelineStateManager.java:addPipeline(56)) - Created pipeline Pipeline[ Id: 6ea99ac1-ebc8-4b6a-82a3-6d98dfc74bb0, Nodes: 040e264f-7231-418c-8fde-c9895bbf90ff{ip: 192.168.69.112, host: pr-hdds-2117-slf27-1599733614, networkLocation: /default-rack, certSerialId: null}, Type:RATIS, Factor:ONE, State:OPEN]
2019-09-12 09:42:37,900 [grpc-default-executor-9] INFO  impl.RaftServerProxy (RaftServerProxy.java:addNew(89)) - f2981fec-dc68-4fe8-867b-817b759e8286: addNew group-C89437509ADE:[f2981fec-dc68-4fe8-867b-817b759e8286:192.168.69.112:44740] returns group-C89437509ADE:java.util.concurrent.CompletableFuture@e038460[Not completed]
2019-09-12 09:42:37,900 [pool-549-thread-1] INFO  impl.RaftServerImpl (RaftServerImpl.java:<init>(95)) - f2981fec-dc68-4fe8-867b-817b759e8286: new RaftServerImpl for group-C89437509ADE:[f2981fec-dc68-4fe8-867b-817b759e8286:192.168.69.112:44740] with ContainerStateMachine:uninitialized
2019-09-12 09:42:37,901 [pool-549-thread-1] INFO  server.RaftServerConfigKeys (ConfUtils.java:logGet(43)) - raft.server.rpc.timeout.min = 5s (custom)
2019-09-12 09:42:37,901 [pool-549-thread-1] INFO  server.RaftServerConfigKeys (ConfUtils.java:logGet(43)) - raft.server.rpc.timeout.max = 5200ms (custom)
2019-09-12 09:42:37,901 [pool-549-thread-1] INFO  server.RaftServerConfigKeys (ConfUtils.java:logGet(43)) - raft.server.rpcslowness.timeout = 120s (custom)
2019-09-12 09:42:37,901 [pool-549-thread-1] INFO  server.RaftServerConfigKeys (ConfUtils.java:logGet(43)) - raft.server.sleep.deviation.threshold = 300 (default)
2019-09-12 09:42:37,901 [pool-549-thread-1] INFO  server.RaftServerConfigKeys (ConfUtils.java:logGet(43)) - raft.server.log.appender.install.snapshot.enabled = false (custom)
2019-09-12 09:42:37,901 [pool-549-thread-1] INFO  impl.RaftServerImpl (ServerState.java:<init>(103)) - f2981fec-dc68-4fe8-867b-817b759e8286@group-C89437509ADE: ConfigurationManager, init=-1: [f2981fec-dc68-4fe8-867b-817b759e8286:192.168.69.112:44740], old=null, confs=<EMPTY_MAP>
2019-09-12 09:42:37,901 [pool-549-thread-1] INFO  server.RaftServerConfigKeys (ConfUtils.java:logGet(43)) - raft.server.storage.dir = [/workdir/hadoop-ozone/integration-test/target/test-dir/MiniOzoneClusterImpl-24bb607f-2e24-47f8-b34a-f96654db79dd/datanode-5/data/ratis] (custom)
2019-09-12 09:42:37,901 [pool-549-thread-1] INFO  storage.RaftStorageDirectory (RaftStorageDirectory.java:analyzeStorage(246)) - The storage directory /workdir/hadoop-ozone/integration-test/target/test-dir/MiniOzoneClusterImpl-24bb607f-2e24-47f8-b34a-f96654db79dd/datanode-5/data/ratis/4562008d-c240-477a-a938-c89437509ade does not exist. Creating ...
2019-09-12 09:42:37,922 [pool-549-thread-1] INFO  storage.RaftStorageDirectory (RaftStorageDirectory.java:tryLock(328)) - Lock on /workdir/hadoop-ozone/integration-test/target/test-dir/MiniOzoneClusterImpl-24bb607f-2e24-47f8-b34a-f96654db79dd/datanode-5/data/ratis/4562008d-c240-477a-a938-c89437509ade/in_use.lock acquired by nodename 16937@pr-hdds-2117-slf27-1599733614
2019-09-12 09:42:37,940 [pool-549-thread-1] INFO  storage.RaftStorage (RaftStorage.java:format(72)) - Storage directory /workdir/hadoop-ozone/integration-test/target/test-dir/MiniOzoneClusterImpl-24bb607f-2e24-47f8-b34a-f96654db79dd/datanode-5/data/ratis/4562008d-c240-477a-a938-c89437509ade has been successfully formatted.
2019-09-12 09:42:37,940 [pool-549-thread-1] INFO  ratis.ContainerStateMachine (ContainerStateMachine.java:loadSnapshot(230)) - group-C89437509ADE: The snapshot info is null. Setting the last applied indexto:(t:0, i:~)
2019-09-12 09:42:37,940 [pool-549-thread-1] INFO  server.RaftServerConfigKeys (ConfUtils.java:logGet(43)) - raft.server.notification.no-leader.timeout = 120s (custom)
2019-09-12 09:42:37,940 [pool-549-thread-1] INFO  server.RaftServerConfigKeys (ConfUtils.java:logGet(43)) - raft.server.log.use.memory = false (default)
2019-09-12 09:42:37,940 [pool-549-thread-1] INFO  server.RaftServerConfigKeys (ConfUtils.java:logGet(43)) - raft.server.log.purge.gap = 1000000 (custom)
2019-09-12 09:42:37,941 [pool-549-thread-1] INFO  server.RaftServerConfigKeys (ConfUtils.java:logGet(43)) - raft.server.log.appender.buffer.byte-limit = 33554432 (custom)
2019-09-12 09:42:37,941 [pool-549-thread-1] INFO  server.RaftServerConfigKeys (ConfUtils.java:logGet(43)) - raft.server.log.segment.size.max = 1048576 (custom)
2019-09-12 09:42:37,941 [pool-549-thread-1] INFO  server.RaftServerConfigKeys (ConfUtils.java:logGet(43)) - raft.server.log.segment.cache.num.max = 2 (custom)
2019-09-12 09:42:37,941 [pool-549-thread-1] INFO  segmented.SegmentedRaftLogWorker (SegmentedRaftLogWorker.java:<init>(172)) - new f2981fec-dc68-4fe8-867b-817b759e8286@group-C89437509ADE-SegmentedRaftLogWorker for RaftStorage:Storage Directory /workdir/hadoop-ozone/integration-test/target/test-dir/MiniOzoneClusterImpl-24bb607f-2e24-47f8-b34a-f96654db79dd/datanode-5/data/ratis/4562008d-c240-477a-a938-c89437509ade
2019-09-12 09:42:37,942 [pool-549-thread-1] INFO  server.RaftServerConfigKeys (ConfUtils.java:logGet(43)) - raft.server.log.queue.byte-limit = 2147483647 (custom)
2019-09-12 09:42:37,942 [pool-549-thread-1] INFO  server.RaftServerConfigKeys (ConfUtils.java:logGet(43)) - raft.server.log.queue.element-limit = 1024 (custom)
2019-09-12 09:42:37,942 [pool-549-thread-1] INFO  server.RaftServerConfigKeys (ConfUtils.java:logGet(43)) - raft.server.log.segment.size.max = 1048576 (custom)
2019-09-12 09:42:37,942 [pool-549-thread-1] INFO  server.RaftServerConfigKeys (ConfUtils.java:logGet(43)) - raft.server.log.preallocated.size = 16384 (custom)
2019-09-12 09:42:37,942 [pool-549-thread-1] INFO  server.RaftServerConfigKeys (ConfUtils.java:logGet(43)) - raft.server.log.write.buffer.size = 33554432 (custom)
2019-09-12 09:42:37,942 [pool-549-thread-1] INFO  server.RaftServerConfigKeys (ConfUtils.java:logGet(43)) - raft.server.log.force.sync.num = 128 (default)
2019-09-12 09:42:37,943 [pool-549-thread-1] INFO  server.RaftServerConfigKeys (ConfUtils.java:logGet(43)) - raft.server.log.statemachine.data.sync = true (default)
2019-09-12 09:42:37,943 [pool-549-thread-1] INFO  server.RaftServerConfigKeys (ConfUtils.java:logGet(43)) - raft.server.log.statemachine.data.sync.timeout = 10s (default)
2019-09-12 09:42:37,943 [pool-549-thread-1] INFO  server.RaftServerConfigKeys (ConfUtils.java:logGet(43)) - raft.server.log.statemachine.data.sync.timeout.retry = -1 (default)
2019-09-12 09:42:37,943 [pool-549-thread-1] INFO  server.RaftServerConfigKeys (ConfUtils.java:logGet(43)) - raft.server.log.statemachine.data.caching.enabled = true (custom)
2019-09-12 09:42:37,943 [pool-549-thread-1] INFO  segmented.SegmentedRaftLogWorker (SegmentedRaftLogWorker.java:lambda$new$0(132)) - f2981fec-dc68-4fe8-867b-817b759e8286@group-C89437509ADE-SegmentedRaftLogWorker: flushIndex: setUnconditionally 0 -> -1
2019-09-12 09:42:37,943 [pool-549-thread-1] INFO  server.RaftServerConfigKeys (ConfUtils.java:logGet(43)) - raft.server.snapshot.auto.trigger.enabled = true (custom)
2019-09-12 09:42:37,943 [pool-549-thread-1] INFO  server.RaftServerConfigKeys (ConfUtils.java:logGet(43)) - raft.server.snapshot.auto.trigger.threshold = 10000 (custom)
2019-09-12 09:42:37,944 [pool-549-thread-1] INFO  server.RaftServerConfigKeys (ConfUtils.java:logGet(43)) - raft.server.snapshot.retention.num.files = -1 (default)
2019-09-12 09:42:37,944 [pool-549-thread-1] INFO  server.RaftServerConfigKeys (ConfUtils.java:logGet(43)) - raft.server.retrycache.expirytime = 600000ms (custom)
2019-09-12 09:42:37,945 [pool-549-thread-1] INFO  impl.RaftServerImpl (RaftServerImpl.java:start(185)) - f2981fec-dc68-4fe8-867b-817b759e8286@group-C89437509ADE: start as a follower, conf=-1: [f2981fec-dc68-4fe8-867b-817b759e8286:192.168.69.112:44740], old=null
2019-09-12 09:42:37,945 [pool-549-thread-1] INFO  impl.RaftServerImpl (RaftServerImpl.java:setRole(174)) - f2981fec-dc68-4fe8-867b-817b759e8286@group-C89437509ADE: changes role from      null to FOLLOWER at term 0 for startAsFollower
2019-09-12 09:42:37,945 [pool-549-thread-1] INFO  impl.RoleInfo (RoleInfo.java:updateAndGet(143)) - f2981fec-dc68-4fe8-867b-817b759e8286: start FollowerState
2019-09-12 09:42:37,945 [pool-549-thread-1] INFO  util.JmxRegister (JmxRegister.java:tryRegister(44)) - Successfully registered JMX Bean with object name Ratis:service=RaftServer,group=group-C89437509ADE,id=f2981fec-dc68-4fe8-867b-817b759e8286
2019-09-12 09:42:37,947 [RatisPipelineUtilsThread] INFO  pipeline.PipelineStateManager (PipelineStateManager.java:addPipeline(56)) - Created pipeline Pipeline[ Id: 4562008d-c240-477a-a938-c89437509ade, Nodes: f2981fec-dc68-4fe8-867b-817b759e8286{ip: 192.168.69.112, host: pr-hdds-2117-slf27-1599733614, networkLocation: /default-rack, certSerialId: null}, Type:RATIS, Factor:ONE, State:OPEN]
2019-09-12 09:42:37,971 [grpc-default-executor-9] INFO  client.GrpcClientProtocolClient (GrpcClientProtocolClient.java:onNext(264)) - client-950977FD9448->06e1cc61-18a3-42d4-aec7-b27779cb650a: receive RaftClientReply:client-950977FD9448->06e1cc61-18a3-42d4-aec7-b27779cb650a@group-17840A3B8B0B, cid=215, FAILED org.apache.ratis.protocol.NotLeaderException: Server 06e1cc61-18a3-42d4-aec7-b27779cb650a@group-17840A3B8B0B is not the leader, logIndex=0, commits[06e1cc61-18a3-42d4-aec7-b27779cb650a:c-1]
2019-09-12 09:42:38,986 [grpc-default-executor-9] INFO  client.GrpcClientProtocolClient (GrpcClientProtocolClient.java:onNext(264)) - client-950977FD9448->ab1435ba-055f-42a6-ac0c-0c241e3586c1: receive RaftClientReply:client-950977FD9448->ab1435ba-055f-42a6-ac0c-0c241e3586c1@group-17840A3B8B0B, cid=215, FAILED org.apache.ratis.protocol.NotLeaderException: Server ab1435ba-055f-42a6-ac0c-0c241e3586c1@group-17840A3B8B0B is not the leader, logIndex=0, commits[ab1435ba-055f-42a6-ac0c-0c241e3586c1:c-1]
2019-09-12 09:42:39,823 [Thread-3493] INFO  container.ReplicationManager (ReplicationManager.java:start(162)) - Starting Replication Monitor Thread.
2019-09-12 09:42:39,830 [ReplicationMonitor] INFO  container.ReplicationManager (ReplicationManager.java:run(225)) - Replication Monitor Thread took 0 milliseconds for processing 1 containers.
2019-09-12 09:42:40,004 [grpc-default-executor-9] INFO  client.GrpcClientProtocolClient (GrpcClientProtocolClient.java:onNext(264)) - client-950977FD9448->040e264f-7231-418c-8fde-c9895bbf90ff: receive RaftClientReply:client-950977FD9448->040e264f-7231-418c-8fde-c9895bbf90ff@group-17840A3B8B0B, cid=215, FAILED org.apache.ratis.protocol.NotLeaderException: Server 040e264f-7231-418c-8fde-c9895bbf90ff@group-17840A3B8B0B is not the leader, logIndex=0, commits[040e264f-7231-418c-8fde-c9895bbf90ff:c-1]
2019-09-12 09:42:41,019 [grpc-default-executor-9] INFO  client.GrpcClientProtocolClient (GrpcClientProtocolClient.java:onNext(264)) - client-950977FD9448->06e1cc61-18a3-42d4-aec7-b27779cb650a: receive RaftClientReply:client-950977FD9448->06e1cc61-18a3-42d4-aec7-b27779cb650a@group-17840A3B8B0B, cid=215, FAILED org.apache.ratis.protocol.NotLeaderException: Server 06e1cc61-18a3-42d4-aec7-b27779cb650a@group-17840A3B8B0B is not the leader, logIndex=0, commits[06e1cc61-18a3-42d4-aec7-b27779cb650a:c-1]
2019-09-12 09:42:41,927 [Thread-3495] INFO  impl.FollowerState (FollowerState.java:run(106)) - 9d8b0a0e-9d22-4935-bd66-2b722dc07855:group-0181AD95EC6F changes to CANDIDATE, lastRpcTime:5035, electionTimeout:5035ms
2019-09-12 09:42:41,927 [Thread-3495] INFO  impl.RoleInfo (RoleInfo.java:shutdownFollowerState(121)) - 9d8b0a0e-9d22-4935-bd66-2b722dc07855: shutdown FollowerState
2019-09-12 09:42:41,927 [Thread-3495] INFO  impl.RaftServerImpl (RaftServerImpl.java:setRole(174)) - 9d8b0a0e-9d22-4935-bd66-2b722dc07855@group-0181AD95EC6F: changes role from  FOLLOWER to CANDIDATE at term 0 for changeToCandidate
2019-09-12 09:42:41,927 [Thread-3495] INFO  impl.RoleInfo (RoleInfo.java:updateAndGet(143)) - 9d8b0a0e-9d22-4935-bd66-2b722dc07855: start LeaderElection
2019-09-12 09:42:41,963 [9d8b0a0e-9d22-4935-bd66-2b722dc07855@group-0181AD95EC6F:LeaderElection73] INFO  impl.LeaderElection (LeaderElection.java:askForVotes(182)) - 9d8b0a0e-9d22-4935-bd66-2b722dc07855@group-0181AD95EC6F:LeaderElection73: begin an election at term 1 for -1: [9d8b0a0e-9d22-4935-bd66-2b722dc07855:192.168.69.112:38000], old=null
2019-09-12 09:42:41,963 [9d8b0a0e-9d22-4935-bd66-2b722dc07855@group-0181AD95EC6F:LeaderElection73] INFO  impl.RoleInfo (RoleInfo.java:shutdownLeaderElection(134)) - 9d8b0a0e-9d22-4935-bd66-2b722dc07855: shutdown LeaderElection
2019-09-12 09:42:41,963 [9d8b0a0e-9d22-4935-bd66-2b722dc07855@group-0181AD95EC6F:LeaderElection73] INFO  impl.RaftServerImpl (RaftServerImpl.java:setRole(174)) - 9d8b0a0e-9d22-4935-bd66-2b722dc07855@group-0181AD95EC6F: changes role from CANDIDATE to LEADER at term 1 for changeToLeader
2019-09-12 09:42:41,963 [9d8b0a0e-9d22-4935-bd66-2b722dc07855@group-0181AD95EC6F:LeaderElection73] INFO  impl.RaftServerImpl (ServerState.java:setLeader(253)) - 9d8b0a0e-9d22-4935-bd66-2b722dc07855@group-0181AD95EC6F: change Leader from null to 9d8b0a0e-9d22-4935-bd66-2b722dc07855 at term 1 for becomeLeader, leader elected after 5079ms
2019-09-12 09:42:41,963 [9d8b0a0e-9d22-4935-bd66-2b722dc07855@group-0181AD95EC6F:LeaderElection73] INFO  server.RaftServerConfigKeys (ConfUtils.java:logGet(43)) - raft.server.staging.catchup.gap = 1000 (default)
2019-09-12 09:42:41,964 [9d8b0a0e-9d22-4935-bd66-2b722dc07855@group-0181AD95EC6F:LeaderElection73] INFO  server.RaftServerConfigKeys (ConfUtils.java:logGet(43)) - raft.server.rpc.sleep.time = 25ms (default)
2019-09-12 09:42:41,964 [9d8b0a0e-9d22-4935-bd66-2b722dc07855@group-0181AD95EC6F:LeaderElection73] INFO  server.RaftServerConfigKeys (ConfUtils.java:logGet(43)) - raft.server.write.element-limit = 4096 (default)
2019-09-12 09:42:41,964 [9d8b0a0e-9d22-4935-bd66-2b722dc07855@group-0181AD95EC6F:LeaderElection73] INFO  server.RaftServerConfigKeys (ConfUtils.java:logGet(43)) - raft.server.watch.timeout = 10s (default)
2019-09-12 09:42:41,964 [9d8b0a0e-9d22-4935-bd66-2b722dc07855@group-0181AD95EC6F:LeaderElection73] INFO  server.RaftServerConfigKeys (ConfUtils.java:logGet(43)) - raft.server.watch.timeout.denomination = 1s (default)
2019-09-12 09:42:41,964 [9d8b0a0e-9d22-4935-bd66-2b722dc07855@group-0181AD95EC6F:LeaderElection73] INFO  server.RaftServerConfigKeys (ConfUtils.java:logGet(43)) - raft.server.watch.element-limit = 65536 (default)
2019-09-12 09:42:41,967 [9d8b0a0e-9d22-4935-bd66-2b722dc07855@group-0181AD95EC6F:LeaderElection73] INFO  impl.RoleInfo (RoleInfo.java:updateAndGet(143)) - 9d8b0a0e-9d22-4935-bd66-2b722dc07855: start LeaderState
2019-09-12 09:42:41,967 [9d8b0a0e-9d22-4935-bd66-2b722dc07855@group-0181AD95EC6F:LeaderElection73] INFO  segmented.SegmentedRaftLogWorker (SegmentedRaftLogWorker.java:startLogSegment(380)) - 9d8b0a0e-9d22-4935-bd66-2b722dc07855@group-0181AD95EC6F-SegmentedRaftLogWorker: Starting segment from index:0
2019-09-12 09:42:41,968 [9d8b0a0e-9d22-4935-bd66-2b722dc07855@group-0181AD95EC6F:LeaderElection73] INFO  impl.RaftServerImpl (ServerState.java:setRaftConf(354)) - 9d8b0a0e-9d22-4935-bd66-2b722dc07855@group-0181AD95EC6F: set configuration 0: [9d8b0a0e-9d22-4935-bd66-2b722dc07855:192.168.69.112:38000], old=null at 0
2019-09-12 09:42:42,007 [Thread-3498] INFO  impl.FollowerState (FollowerState.java:run(106)) - e7a3f9df-59d0-4b1c-af2f-429d00af68b5:group-D0E0C6DCA956 changes to CANDIDATE, lastRpcTime:5051, electionTimeout:5051ms
2019-09-12 09:42:42,007 [Thread-3498] INFO  impl.RoleInfo (RoleInfo.java:shutdownFollowerState(121)) - e7a3f9df-59d0-4b1c-af2f-429d00af68b5: shutdown FollowerState
2019-09-12 09:42:42,007 [Thread-3498] INFO  impl.RaftServerImpl (RaftServerImpl.java:setRole(174)) - e7a3f9df-59d0-4b1c-af2f-429d00af68b5@group-D0E0C6DCA956: changes role from  FOLLOWER to CANDIDATE at term 0 for changeToCandidate
2019-09-12 09:42:42,007 [Thread-3498] INFO  impl.RoleInfo (RoleInfo.java:updateAndGet(143)) - e7a3f9df-59d0-4b1c-af2f-429d00af68b5: start LeaderElection
2019-09-12 09:42:42,026 [9d8b0a0e-9d22-4935-bd66-2b722dc07855@group-0181AD95EC6F-SegmentedRaftLogWorker] INFO  segmented.SegmentedRaftLogWorker (SegmentedRaftLogWorker.java:execute(569)) - 9d8b0a0e-9d22-4935-bd66-2b722dc07855@group-0181AD95EC6F-SegmentedRaftLogWorker: created new log segment /workdir/hadoop-ozone/integration-test/target/test-dir/MiniOzoneClusterImpl-24bb607f-2e24-47f8-b34a-f96654db79dd/datanode-0/data/ratis/96c39029-09b4-400d-9e99-0181ad95ec6f/current/log_inprogress_0
2019-09-12 09:42:42,026 [grpc-default-executor-9] INFO  client.GrpcClientProtocolClient (GrpcClientProtocolClient.java:onNext(264)) - client-950977FD9448->040e264f-7231-418c-8fde-c9895bbf90ff: receive RaftClientReply:client-950977FD9448->040e264f-7231-418c-8fde-c9895bbf90ff@group-17840A3B8B0B, cid=215, FAILED org.apache.ratis.protocol.NotLeaderException: Server 040e264f-7231-418c-8fde-c9895bbf90ff@group-17840A3B8B0B is not the leader, logIndex=0, commits[040e264f-7231-418c-8fde-c9895bbf90ff:c-1]
2019-09-12 09:42:42,048 [e7a3f9df-59d0-4b1c-af2f-429d00af68b5@group-D0E0C6DCA956:LeaderElection74] INFO  impl.LeaderElection (LeaderElection.java:askForVotes(182)) - e7a3f9df-59d0-4b1c-af2f-429d00af68b5@group-D0E0C6DCA956:LeaderElection74: begin an election at term 1 for -1: [e7a3f9df-59d0-4b1c-af2f-429d00af68b5:192.168.69.112:43944], old=null
2019-09-12 09:42:42,048 [e7a3f9df-59d0-4b1c-af2f-429d00af68b5@group-D0E0C6DCA956:LeaderElection74] INFO  impl.RoleInfo (RoleInfo.java:shutdownLeaderElection(134)) - e7a3f9df-59d0-4b1c-af2f-429d00af68b5: shutdown LeaderElection
2019-09-12 09:42:42,048 [e7a3f9df-59d0-4b1c-af2f-429d00af68b5@group-D0E0C6DCA956:LeaderElection74] INFO  impl.RaftServerImpl (RaftServerImpl.java:setRole(174)) - e7a3f9df-59d0-4b1c-af2f-429d00af68b5@group-D0E0C6DCA956: changes role from CANDIDATE to LEADER at term 1 for changeToLeader
2019-09-12 09:42:42,048 [e7a3f9df-59d0-4b1c-af2f-429d00af68b5@group-D0E0C6DCA956:LeaderElection74] INFO  impl.RaftServerImpl (ServerState.java:setLeader(253)) - e7a3f9df-59d0-4b1c-af2f-429d00af68b5@group-D0E0C6DCA956: change Leader from null to e7a3f9df-59d0-4b1c-af2f-429d00af68b5 at term 1 for becomeLeader, leader elected after 5097ms
2019-09-12 09:42:42,049 [e7a3f9df-59d0-4b1c-af2f-429d00af68b5@group-D0E0C6DCA956:LeaderElection74] INFO  server.RaftServerConfigKeys (ConfUtils.java:logGet(43)) - raft.server.staging.catchup.gap = 1000 (default)
2019-09-12 09:42:42,049 [e7a3f9df-59d0-4b1c-af2f-429d00af68b5@group-D0E0C6DCA956:LeaderElection74] INFO  server.RaftServerConfigKeys (ConfUtils.java:logGet(43)) - raft.server.rpc.sleep.time = 25ms (default)
2019-09-12 09:42:42,049 [e7a3f9df-59d0-4b1c-af2f-429d00af68b5@group-D0E0C6DCA956:LeaderElection74] INFO  server.RaftServerConfigKeys (ConfUtils.java:logGet(43)) - raft.server.write.element-limit = 4096 (default)
2019-09-12 09:42:42,049 [e7a3f9df-59d0-4b1c-af2f-429d00af68b5@group-D0E0C6DCA956:LeaderElection74] INFO  server.RaftServerConfigKeys (ConfUtils.java:logGet(43)) - raft.server.watch.timeout = 10s (default)
2019-09-12 09:42:42,049 [e7a3f9df-59d0-4b1c-af2f-429d00af68b5@group-D0E0C6DCA956:LeaderElection74] INFO  server.RaftServerConfigKeys (ConfUtils.java:logGet(43)) - raft.server.watch.timeout.denomination = 1s (default)
2019-09-12 09:42:42,049 [e7a3f9df-59d0-4b1c-af2f-429d00af68b5@group-D0E0C6DCA956:LeaderElection74] INFO  server.RaftServerConfigKeys (ConfUtils.java:logGet(43)) - raft.server.watch.element-limit = 65536 (default)
2019-09-12 09:42:42,052 [e7a3f9df-59d0-4b1c-af2f-429d00af68b5@group-D0E0C6DCA956:LeaderElection74] INFO  impl.RoleInfo (RoleInfo.java:updateAndGet(143)) - e7a3f9df-59d0-4b1c-af2f-429d00af68b5: start LeaderState
2019-09-12 09:42:42,052 [e7a3f9df-59d0-4b1c-af2f-429d00af68b5@group-D0E0C6DCA956:LeaderElection74] INFO  segmented.SegmentedRaftLogWorker (SegmentedRaftLogWorker.java:startLogSegment(380)) - e7a3f9df-59d0-4b1c-af2f-429d00af68b5@group-D0E0C6DCA956-SegmentedRaftLogWorker: Starting segment from index:0
2019-09-12 09:42:42,053 [e7a3f9df-59d0-4b1c-af2f-429d00af68b5@group-D0E0C6DCA956:LeaderElection74] INFO  impl.RaftServerImpl (ServerState.java:setRaftConf(354)) - e7a3f9df-59d0-4b1c-af2f-429d00af68b5@group-D0E0C6DCA956: set configuration 0: [e7a3f9df-59d0-4b1c-af2f-429d00af68b5:192.168.69.112:43944], old=null at 0
2019-09-12 09:42:42,109 [e7a3f9df-59d0-4b1c-af2f-429d00af68b5@group-D0E0C6DCA956-SegmentedRaftLogWorker] INFO  segmented.SegmentedRaftLogWorker (SegmentedRaftLogWorker.java:execute(569)) - e7a3f9df-59d0-4b1c-af2f-429d00af68b5@group-D0E0C6DCA956-SegmentedRaftLogWorker: created new log segment /workdir/hadoop-ozone/integration-test/target/test-dir/MiniOzoneClusterImpl-24bb607f-2e24-47f8-b34a-f96654db79dd/datanode-1/data/ratis/ca769f75-4fe2-4683-84e7-d0e0c6dca956/current/log_inprogress_0
2019-09-12 09:42:42,131 [Thread-3501] INFO  impl.FollowerState (FollowerState.java:run(106)) - 8df7c35a-b2af-4aa3-b2ea-ebc25917681d:group-B46FEB7DD0EB changes to CANDIDATE, lastRpcTime:5114, electionTimeout:5114ms
2019-09-12 09:42:42,132 [Thread-3501] INFO  impl.RoleInfo (RoleInfo.java:shutdownFollowerState(121)) - 8df7c35a-b2af-4aa3-b2ea-ebc25917681d: shutdown FollowerState
2019-09-12 09:42:42,132 [Thread-3501] INFO  impl.RaftServerImpl (RaftServerImpl.java:setRole(174)) - 8df7c35a-b2af-4aa3-b2ea-ebc25917681d@group-B46FEB7DD0EB: changes role from  FOLLOWER to CANDIDATE at term 0 for changeToCandidate
2019-09-12 09:42:42,132 [Thread-3501] INFO  impl.RoleInfo (RoleInfo.java:updateAndGet(143)) - 8df7c35a-b2af-4aa3-b2ea-ebc25917681d: start LeaderElection
2019-09-12 09:42:42,202 [8df7c35a-b2af-4aa3-b2ea-ebc25917681d@group-B46FEB7DD0EB:LeaderElection75] INFO  impl.LeaderElection (LeaderElection.java:askForVotes(182)) - 8df7c35a-b2af-4aa3-b2ea-ebc25917681d@group-B46FEB7DD0EB:LeaderElection75: begin an election at term 1 for -1: [8df7c35a-b2af-4aa3-b2ea-ebc25917681d:192.168.69.112:42509], old=null
2019-09-12 09:42:42,203 [8df7c35a-b2af-4aa3-b2ea-ebc25917681d@group-B46FEB7DD0EB:LeaderElection75] INFO  impl.RoleInfo (RoleInfo.java:shutdownLeaderElection(134)) - 8df7c35a-b2af-4aa3-b2ea-ebc25917681d: shutdown LeaderElection
2019-09-12 09:42:42,203 [8df7c35a-b2af-4aa3-b2ea-ebc25917681d@group-B46FEB7DD0EB:LeaderElection75] INFO  impl.RaftServerImpl (RaftServerImpl.java:setRole(174)) - 8df7c35a-b2af-4aa3-b2ea-ebc25917681d@group-B46FEB7DD0EB: changes role from CANDIDATE to LEADER at term 1 for changeToLeader
2019-09-12 09:42:42,203 [8df7c35a-b2af-4aa3-b2ea-ebc25917681d@group-B46FEB7DD0EB:LeaderElection75] INFO  impl.RaftServerImpl (ServerState.java:setLeader(253)) - 8df7c35a-b2af-4aa3-b2ea-ebc25917681d@group-B46FEB7DD0EB: change Leader from null to 8df7c35a-b2af-4aa3-b2ea-ebc25917681d at term 1 for becomeLeader, leader elected after 5190ms
2019-09-12 09:42:42,203 [8df7c35a-b2af-4aa3-b2ea-ebc25917681d@group-B46FEB7DD0EB:LeaderElection75] INFO  server.RaftServerConfigKeys (ConfUtils.java:logGet(43)) - raft.server.staging.catchup.gap = 1000 (default)
2019-09-12 09:42:42,203 [8df7c35a-b2af-4aa3-b2ea-ebc25917681d@group-B46FEB7DD0EB:LeaderElection75] INFO  server.RaftServerConfigKeys (ConfUtils.java:logGet(43)) - raft.server.rpc.sleep.time = 25ms (default)
2019-09-12 09:42:42,203 [8df7c35a-b2af-4aa3-b2ea-ebc25917681d@group-B46FEB7DD0EB:LeaderElection75] INFO  server.RaftServerConfigKeys (ConfUtils.java:logGet(43)) - raft.server.write.element-limit = 4096 (default)
2019-09-12 09:42:42,203 [8df7c35a-b2af-4aa3-b2ea-ebc25917681d@group-B46FEB7DD0EB:LeaderElection75] INFO  server.RaftServerConfigKeys (ConfUtils.java:logGet(43)) - raft.server.watch.timeout = 10s (default)
2019-09-12 09:42:42,203 [8df7c35a-b2af-4aa3-b2ea-ebc25917681d@group-B46FEB7DD0EB:LeaderElection75] INFO  server.RaftServerConfigKeys (ConfUtils.java:logGet(43)) - raft.server.watch.timeout.denomination = 1s (default)
2019-09-12 09:42:42,204 [8df7c35a-b2af-4aa3-b2ea-ebc25917681d@group-B46FEB7DD0EB:LeaderElection75] INFO  server.RaftServerConfigKeys (ConfUtils.java:logGet(43)) - raft.server.watch.element-limit = 65536 (default)
2019-09-12 09:42:42,206 [8df7c35a-b2af-4aa3-b2ea-ebc25917681d@group-B46FEB7DD0EB:LeaderElection75] INFO  impl.RoleInfo (RoleInfo.java:updateAndGet(143)) - 8df7c35a-b2af-4aa3-b2ea-ebc25917681d: start LeaderState
2019-09-12 09:42:42,206 [8df7c35a-b2af-4aa3-b2ea-ebc25917681d@group-B46FEB7DD0EB:LeaderElection75] INFO  segmented.SegmentedRaftLogWorker (SegmentedRaftLogWorker.java:startLogSegment(380)) - 8df7c35a-b2af-4aa3-b2ea-ebc25917681d@group-B46FEB7DD0EB-SegmentedRaftLogWorker: Starting segment from index:0
2019-09-12 09:42:42,206 [8df7c35a-b2af-4aa3-b2ea-ebc25917681d@group-B46FEB7DD0EB:LeaderElection75] INFO  impl.RaftServerImpl (ServerState.java:setRaftConf(354)) - 8df7c35a-b2af-4aa3-b2ea-ebc25917681d@group-B46FEB7DD0EB: set configuration 0: [8df7c35a-b2af-4aa3-b2ea-ebc25917681d:192.168.69.112:42509], old=null at 0
2019-09-12 09:42:42,278 [8df7c35a-b2af-4aa3-b2ea-ebc25917681d@group-B46FEB7DD0EB-SegmentedRaftLogWorker] INFO  segmented.SegmentedRaftLogWorker (SegmentedRaftLogWorker.java:execute(569)) - 8df7c35a-b2af-4aa3-b2ea-ebc25917681d@group-B46FEB7DD0EB-SegmentedRaftLogWorker: created new log segment /workdir/hadoop-ozone/integration-test/target/test-dir/MiniOzoneClusterImpl-24bb607f-2e24-47f8-b34a-f96654db79dd/datanode-2/data/ratis/c96e7686-c45f-4c36-bcc7-b46feb7dd0eb/current/log_inprogress_0
2019-09-12 09:42:42,572 [Thread-3506] INFO  impl.FollowerState (FollowerState.java:run(106)) - e7a3f9df-59d0-4b1c-af2f-429d00af68b5:group-B8998CF259C7 changes to CANDIDATE, lastRpcTime:5011, electionTimeout:5011ms
2019-09-12 09:42:42,573 [Thread-3506] INFO  impl.RoleInfo (RoleInfo.java:shutdownFollowerState(121)) - e7a3f9df-59d0-4b1c-af2f-429d00af68b5: shutdown FollowerState
2019-09-12 09:42:42,573 [Thread-3506] INFO  impl.RaftServerImpl (RaftServerImpl.java:setRole(174)) - e7a3f9df-59d0-4b1c-af2f-429d00af68b5@group-B8998CF259C7: changes role from  FOLLOWER to CANDIDATE at term 0 for changeToCandidate
2019-09-12 09:42:42,573 [Thread-3506] INFO  impl.RoleInfo (RoleInfo.java:updateAndGet(143)) - e7a3f9df-59d0-4b1c-af2f-429d00af68b5: start LeaderElection
2019-09-12 09:42:42,723 [Thread-3510] INFO  impl.FollowerState (FollowerState.java:run(106)) - 8df7c35a-b2af-4aa3-b2ea-ebc25917681d:group-B8998CF259C7 changes to CANDIDATE, lastRpcTime:5159, electionTimeout:5159ms
2019-09-12 09:42:42,723 [Thread-3510] INFO  impl.RoleInfo (RoleInfo.java:shutdownFollowerState(121)) - 8df7c35a-b2af-4aa3-b2ea-ebc25917681d: shutdown FollowerState
2019-09-12 09:42:42,723 [Thread-3510] INFO  impl.RaftServerImpl (RaftServerImpl.java:setRole(174)) - 8df7c35a-b2af-4aa3-b2ea-ebc25917681d@group-B8998CF259C7: changes role from  FOLLOWER to CANDIDATE at term 0 for changeToCandidate
2019-09-12 09:42:42,723 [Thread-3510] INFO  impl.RoleInfo (RoleInfo.java:updateAndGet(143)) - 8df7c35a-b2af-4aa3-b2ea-ebc25917681d: start LeaderElection
2019-09-12 09:42:42,746 [Thread-3512] INFO  impl.FollowerState (FollowerState.java:run(106)) - 9d8b0a0e-9d22-4935-bd66-2b722dc07855:group-B8998CF259C7 changes to CANDIDATE, lastRpcTime:5181, electionTimeout:5181ms
2019-09-12 09:42:42,746 [Thread-3512] INFO  impl.RoleInfo (RoleInfo.java:shutdownFollowerState(121)) - 9d8b0a0e-9d22-4935-bd66-2b722dc07855: shutdown FollowerState
2019-09-12 09:42:42,746 [Thread-3512] INFO  impl.RaftServerImpl (RaftServerImpl.java:setRole(174)) - 9d8b0a0e-9d22-4935-bd66-2b722dc07855@group-B8998CF259C7: changes role from  FOLLOWER to CANDIDATE at term 0 for changeToCandidate
2019-09-12 09:42:42,746 [Thread-3512] INFO  impl.RoleInfo (RoleInfo.java:updateAndGet(143)) - 9d8b0a0e-9d22-4935-bd66-2b722dc07855: start LeaderElection
2019-09-12 09:42:42,813 [Thread-3520] INFO  impl.FollowerState (FollowerState.java:run(106)) - 040e264f-7231-418c-8fde-c9895bbf90ff:group-17840A3B8B0B changes to CANDIDATE, lastRpcTime:5150, electionTimeout:5150ms
2019-09-12 09:42:42,813 [Thread-3520] INFO  impl.RoleInfo (RoleInfo.java:shutdownFollowerState(121)) - 040e264f-7231-418c-8fde-c9895bbf90ff: shutdown FollowerState
2019-09-12 09:42:42,813 [Thread-3520] INFO  impl.RaftServerImpl (RaftServerImpl.java:setRole(174)) - 040e264f-7231-418c-8fde-c9895bbf90ff@group-17840A3B8B0B: changes role from  FOLLOWER to CANDIDATE at term 0 for changeToCandidate
2019-09-12 09:42:42,814 [Thread-3520] INFO  impl.RoleInfo (RoleInfo.java:updateAndGet(143)) - 040e264f-7231-418c-8fde-c9895bbf90ff: start LeaderElection
2019-09-12 09:42:42,818 [Thread-3524] INFO  impl.FollowerState (FollowerState.java:run(106)) - 06e1cc61-18a3-42d4-aec7-b27779cb650a:group-AF08BD14DD72 changes to CANDIDATE, lastRpcTime:5051, electionTimeout:5048ms
2019-09-12 09:42:42,818 [Thread-3515] INFO  impl.FollowerState (FollowerState.java:run(106)) - ab1435ba-055f-42a6-ac0c-0c241e3586c1:group-17840A3B8B0B changes to CANDIDATE, lastRpcTime:5160, electionTimeout:5156ms
2019-09-12 09:42:42,818 [Thread-3524] INFO  impl.RoleInfo (RoleInfo.java:shutdownFollowerState(121)) - 06e1cc61-18a3-42d4-aec7-b27779cb650a: shutdown FollowerState
2019-09-12 09:42:42,818 [Thread-3515] INFO  impl.RoleInfo (RoleInfo.java:shutdownFollowerState(121)) - ab1435ba-055f-42a6-ac0c-0c241e3586c1: shutdown FollowerState
2019-09-12 09:42:42,818 [Thread-3524] INFO  impl.RaftServerImpl (RaftServerImpl.java:setRole(174)) - 06e1cc61-18a3-42d4-aec7-b27779cb650a@group-AF08BD14DD72: changes role from  FOLLOWER to CANDIDATE at term 0 for changeToCandidate
2019-09-12 09:42:42,819 [Thread-3515] INFO  impl.RaftServerImpl (RaftServerImpl.java:setRole(174)) - ab1435ba-055f-42a6-ac0c-0c241e3586c1@group-17840A3B8B0B: changes role from  FOLLOWER to CANDIDATE at term 0 for changeToCandidate
2019-09-12 09:42:42,819 [Thread-3524] INFO  impl.RoleInfo (RoleInfo.java:updateAndGet(143)) - 06e1cc61-18a3-42d4-aec7-b27779cb650a: start LeaderElection
2019-09-12 09:42:42,819 [Thread-3515] INFO  impl.RoleInfo (RoleInfo.java:updateAndGet(143)) - ab1435ba-055f-42a6-ac0c-0c241e3586c1: start LeaderElection
2019-09-12 09:42:42,853 [Thread-3519] INFO  impl.FollowerState (FollowerState.java:run(106)) - 06e1cc61-18a3-42d4-aec7-b27779cb650a:group-17840A3B8B0B changes to CANDIDATE, lastRpcTime:5190, electionTimeout:5190ms
2019-09-12 09:42:42,853 [Thread-3519] INFO  impl.RoleInfo (RoleInfo.java:shutdownFollowerState(121)) - 06e1cc61-18a3-42d4-aec7-b27779cb650a: shutdown FollowerState
2019-09-12 09:42:42,853 [Thread-3519] INFO  impl.RaftServerImpl (RaftServerImpl.java:setRole(174)) - 06e1cc61-18a3-42d4-aec7-b27779cb650a@group-17840A3B8B0B: changes role from  FOLLOWER to CANDIDATE at term 0 for changeToCandidate
2019-09-12 09:42:42,853 [Thread-3519] INFO  impl.RoleInfo (RoleInfo.java:updateAndGet(143)) - 06e1cc61-18a3-42d4-aec7-b27779cb650a: start LeaderElection
2019-09-12 09:42:42,891 [06e1cc61-18a3-42d4-aec7-b27779cb650a@group-17840A3B8B0B:LeaderElection82] INFO  impl.LeaderElection (LeaderElection.java:askForVotes(182)) - 06e1cc61-18a3-42d4-aec7-b27779cb650a@group-17840A3B8B0B:LeaderElection82: begin an election at term 1 for -1: [06e1cc61-18a3-42d4-aec7-b27779cb650a:192.168.69.112:41604, 040e264f-7231-418c-8fde-c9895bbf90ff:192.168.69.112:39080, ab1435ba-055f-42a6-ac0c-0c241e3586c1:192.168.69.112:46664], old=null
2019-09-12 09:42:42,891 [e7a3f9df-59d0-4b1c-af2f-429d00af68b5@group-B8998CF259C7:LeaderElection76] INFO  impl.LeaderElection (LeaderElection.java:askForVotes(182)) - e7a3f9df-59d0-4b1c-af2f-429d00af68b5@group-B8998CF259C7:LeaderElection76: begin an election at term 1 for -1: [8df7c35a-b2af-4aa3-b2ea-ebc25917681d:192.168.69.112:42509, e7a3f9df-59d0-4b1c-af2f-429d00af68b5:192.168.69.112:43944, 9d8b0a0e-9d22-4935-bd66-2b722dc07855:192.168.69.112:38000], old=null
2019-09-12 09:42:42,891 [06e1cc61-18a3-42d4-aec7-b27779cb650a@group-AF08BD14DD72:LeaderElection80] INFO  impl.LeaderElection (LeaderElection.java:askForVotes(182)) - 06e1cc61-18a3-42d4-aec7-b27779cb650a@group-AF08BD14DD72:LeaderElection80: begin an election at term 1 for -1: [06e1cc61-18a3-42d4-aec7-b27779cb650a:192.168.69.112:41604], old=null
2019-09-12 09:42:42,891 [9d8b0a0e-9d22-4935-bd66-2b722dc07855@group-B8998CF259C7:LeaderElection78] INFO  impl.LeaderElection (LeaderElection.java:askForVotes(182)) - 9d8b0a0e-9d22-4935-bd66-2b722dc07855@group-B8998CF259C7:LeaderElection78: begin an election at term 1 for -1: [8df7c35a-b2af-4aa3-b2ea-ebc25917681d:192.168.69.112:42509, e7a3f9df-59d0-4b1c-af2f-429d00af68b5:192.168.69.112:43944, 9d8b0a0e-9d22-4935-bd66-2b722dc07855:192.168.69.112:38000], old=null
2019-09-12 09:42:42,891 [040e264f-7231-418c-8fde-c9895bbf90ff@group-17840A3B8B0B:LeaderElection79] INFO  impl.LeaderElection (LeaderElection.java:askForVotes(182)) - 040e264f-7231-418c-8fde-c9895bbf90ff@group-17840A3B8B0B:LeaderElection79: begin an election at term 1 for -1: [06e1cc61-18a3-42d4-aec7-b27779cb650a:192.168.69.112:41604, 040e264f-7231-418c-8fde-c9895bbf90ff:192.168.69.112:39080, ab1435ba-055f-42a6-ac0c-0c241e3586c1:192.168.69.112:46664], old=null
2019-09-12 09:42:42,891 [8df7c35a-b2af-4aa3-b2ea-ebc25917681d@group-B8998CF259C7:LeaderElection77] INFO  impl.LeaderElection (LeaderElection.java:askForVotes(182)) - 8df7c35a-b2af-4aa3-b2ea-ebc25917681d@group-B8998CF259C7:LeaderElection77: begin an election at term 1 for -1: [8df7c35a-b2af-4aa3-b2ea-ebc25917681d:192.168.69.112:42509, e7a3f9df-59d0-4b1c-af2f-429d00af68b5:192.168.69.112:43944, 9d8b0a0e-9d22-4935-bd66-2b722dc07855:192.168.69.112:38000], old=null
2019-09-12 09:42:42,891 [ab1435ba-055f-42a6-ac0c-0c241e3586c1@group-17840A3B8B0B:LeaderElection81] INFO  impl.LeaderElection (LeaderElection.java:askForVotes(182)) - ab1435ba-055f-42a6-ac0c-0c241e3586c1@group-17840A3B8B0B:LeaderElection81: begin an election at term 1 for -1: [06e1cc61-18a3-42d4-aec7-b27779cb650a:192.168.69.112:41604, 040e264f-7231-418c-8fde-c9895bbf90ff:192.168.69.112:39080, ab1435ba-055f-42a6-ac0c-0c241e3586c1:192.168.69.112:46664], old=null
2019-09-12 09:42:42,892 [06e1cc61-18a3-42d4-aec7-b27779cb650a@group-AF08BD14DD72:LeaderElection80] INFO  impl.RoleInfo (RoleInfo.java:shutdownLeaderElection(134)) - 06e1cc61-18a3-42d4-aec7-b27779cb650a: shutdown LeaderElection
2019-09-12 09:42:42,893 [06e1cc61-18a3-42d4-aec7-b27779cb650a@group-AF08BD14DD72:LeaderElection80] INFO  impl.RaftServerImpl (RaftServerImpl.java:setRole(174)) - 06e1cc61-18a3-42d4-aec7-b27779cb650a@group-AF08BD14DD72: changes role from CANDIDATE to LEADER at term 1 for changeToLeader
2019-09-12 09:42:42,893 [06e1cc61-18a3-42d4-aec7-b27779cb650a@group-AF08BD14DD72:LeaderElection80] INFO  impl.RaftServerImpl (ServerState.java:setLeader(253)) - 06e1cc61-18a3-42d4-aec7-b27779cb650a@group-AF08BD14DD72: change Leader from null to 06e1cc61-18a3-42d4-aec7-b27779cb650a at term 1 for becomeLeader, leader elected after 5131ms
2019-09-12 09:42:42,893 [06e1cc61-18a3-42d4-aec7-b27779cb650a@group-AF08BD14DD72:LeaderElection80] INFO  server.RaftServerConfigKeys (ConfUtils.java:logGet(43)) - raft.server.staging.catchup.gap = 1000 (default)
2019-09-12 09:42:42,894 [06e1cc61-18a3-42d4-aec7-b27779cb650a@group-AF08BD14DD72:LeaderElection80] INFO  server.RaftServerConfigKeys (ConfUtils.java:logGet(43)) - raft.server.rpc.sleep.time = 25ms (default)
2019-09-12 09:42:42,894 [06e1cc61-18a3-42d4-aec7-b27779cb650a@group-AF08BD14DD72:LeaderElection80] INFO  server.RaftServerConfigKeys (ConfUtils.java:logGet(43)) - raft.server.write.element-limit = 4096 (default)
2019-09-12 09:42:42,894 [06e1cc61-18a3-42d4-aec7-b27779cb650a@group-AF08BD14DD72:LeaderElection80] INFO  server.RaftServerConfigKeys (ConfUtils.java:logGet(43)) - raft.server.watch.timeout = 10s (default)
2019-09-12 09:42:42,894 [06e1cc61-18a3-42d4-aec7-b27779cb650a@group-AF08BD14DD72:LeaderElection80] INFO  server.RaftServerConfigKeys (ConfUtils.java:logGet(43)) - raft.server.watch.timeout.denomination = 1s (default)
2019-09-12 09:42:42,894 [06e1cc61-18a3-42d4-aec7-b27779cb650a@group-AF08BD14DD72:LeaderElection80] INFO  server.RaftServerConfigKeys (ConfUtils.java:logGet(43)) - raft.server.watch.element-limit = 65536 (default)
2019-09-12 09:42:42,899 [06e1cc61-18a3-42d4-aec7-b27779cb650a@group-AF08BD14DD72:LeaderElection80] INFO  impl.RoleInfo (RoleInfo.java:updateAndGet(143)) - 06e1cc61-18a3-42d4-aec7-b27779cb650a: start LeaderState
2019-09-12 09:42:42,899 [06e1cc61-18a3-42d4-aec7-b27779cb650a@group-AF08BD14DD72:LeaderElection80] INFO  segmented.SegmentedRaftLogWorker (SegmentedRaftLogWorker.java:startLogSegment(380)) - 06e1cc61-18a3-42d4-aec7-b27779cb650a@group-AF08BD14DD72-SegmentedRaftLogWorker: Starting segment from index:0
2019-09-12 09:42:42,900 [06e1cc61-18a3-42d4-aec7-b27779cb650a@group-AF08BD14DD72:LeaderElection80] INFO  impl.RaftServerImpl (ServerState.java:setRaftConf(354)) - 06e1cc61-18a3-42d4-aec7-b27779cb650a@group-AF08BD14DD72: set configuration 0: [06e1cc61-18a3-42d4-aec7-b27779cb650a:192.168.69.112:41604], old=null at 0
2019-09-12 09:42:42,900 [06e1cc61-18a3-42d4-aec7-b27779cb650a@group-17840A3B8B0B:LeaderElection82] INFO  impl.LeaderElection (LeaderElection.java:logAndReturn(56)) - 06e1cc61-18a3-42d4-aec7-b27779cb650a@group-17840A3B8B0B:LeaderElection82: Election REJECTED; received 2 response(s) [06e1cc61-18a3-42d4-aec7-b27779cb650a<-040e264f-7231-418c-8fde-c9895bbf90ff#0:FAIL-t1, 06e1cc61-18a3-42d4-aec7-b27779cb650a<-ab1435ba-055f-42a6-ac0c-0c241e3586c1#0:FAIL-t1] and 0 exception(s); 06e1cc61-18a3-42d4-aec7-b27779cb650a@group-17840A3B8B0B:t1, leader=null, voted=06e1cc61-18a3-42d4-aec7-b27779cb650a, raftlog=06e1cc61-18a3-42d4-aec7-b27779cb650a@group-17840A3B8B0B-SegmentedRaftLog:OPENED:c-1,f-1,i0, conf=-1: [06e1cc61-18a3-42d4-aec7-b27779cb650a:192.168.69.112:41604, 040e264f-7231-418c-8fde-c9895bbf90ff:192.168.69.112:39080, ab1435ba-055f-42a6-ac0c-0c241e3586c1:192.168.69.112:46664], old=null
2019-09-12 09:42:42,900 [06e1cc61-18a3-42d4-aec7-b27779cb650a@group-17840A3B8B0B:LeaderElection82] INFO  impl.RaftServerImpl (RaftServerImpl.java:setRole(174)) - 06e1cc61-18a3-42d4-aec7-b27779cb650a@group-17840A3B8B0B: changes role from CANDIDATE to FOLLOWER at term 1 for DISCOVERED_A_NEW_TERM
2019-09-12 09:42:42,900 [06e1cc61-18a3-42d4-aec7-b27779cb650a@group-17840A3B8B0B:LeaderElection82] INFO  impl.RoleInfo (RoleInfo.java:shutdownLeaderElection(134)) - 06e1cc61-18a3-42d4-aec7-b27779cb650a: shutdown LeaderElection
2019-09-12 09:42:42,901 [06e1cc61-18a3-42d4-aec7-b27779cb650a@group-17840A3B8B0B:LeaderElection82] INFO  impl.RoleInfo (RoleInfo.java:updateAndGet(143)) - 06e1cc61-18a3-42d4-aec7-b27779cb650a: start FollowerState
2019-09-12 09:42:42,903 [9d8b0a0e-9d22-4935-bd66-2b722dc07855@group-B8998CF259C7:LeaderElection78] INFO  impl.LeaderElection (LeaderElection.java:logAndReturn(56)) - 9d8b0a0e-9d22-4935-bd66-2b722dc07855@group-B8998CF259C7:LeaderElection78: Election REJECTED; received 2 response(s) [9d8b0a0e-9d22-4935-bd66-2b722dc07855<-8df7c35a-b2af-4aa3-b2ea-ebc25917681d#0:FAIL-t1, 9d8b0a0e-9d22-4935-bd66-2b722dc07855<-e7a3f9df-59d0-4b1c-af2f-429d00af68b5#0:FAIL-t1] and 0 exception(s); 9d8b0a0e-9d22-4935-bd66-2b722dc07855@group-B8998CF259C7:t1, leader=null, voted=9d8b0a0e-9d22-4935-bd66-2b722dc07855, raftlog=9d8b0a0e-9d22-4935-bd66-2b722dc07855@group-B8998CF259C7-SegmentedRaftLog:OPENED:c-1,f-1,i0, conf=-1: [8df7c35a-b2af-4aa3-b2ea-ebc25917681d:192.168.69.112:42509, e7a3f9df-59d0-4b1c-af2f-429d00af68b5:192.168.69.112:43944, 9d8b0a0e-9d22-4935-bd66-2b722dc07855:192.168.69.112:38000], old=null
2019-09-12 09:42:42,930 [9d8b0a0e-9d22-4935-bd66-2b722dc07855@group-B8998CF259C7:LeaderElection78] INFO  impl.RaftServerImpl (RaftServerImpl.java:setRole(174)) - 9d8b0a0e-9d22-4935-bd66-2b722dc07855@group-B8998CF259C7: changes role from CANDIDATE to FOLLOWER at term 1 for DISCOVERED_A_NEW_TERM
2019-09-12 09:42:42,930 [Thread-3530] INFO  impl.FollowerState (FollowerState.java:run(106)) - 040e264f-7231-418c-8fde-c9895bbf90ff:group-6D98DFC74BB0 changes to CANDIDATE, lastRpcTime:5036, electionTimeout:5018ms
2019-09-12 09:42:42,931 [9d8b0a0e-9d22-4935-bd66-2b722dc07855@group-B8998CF259C7:LeaderElection78] INFO  impl.RoleInfo (RoleInfo.java:shutdownLeaderElection(134)) - 9d8b0a0e-9d22-4935-bd66-2b722dc07855: shutdown LeaderElection
2019-09-12 09:42:42,933 [9d8b0a0e-9d22-4935-bd66-2b722dc07855@group-B8998CF259C7:LeaderElection78] INFO  impl.RoleInfo (RoleInfo.java:updateAndGet(143)) - 9d8b0a0e-9d22-4935-bd66-2b722dc07855: start FollowerState
2019-09-12 09:42:42,933 [Thread-3530] INFO  impl.RoleInfo (RoleInfo.java:shutdownFollowerState(121)) - 040e264f-7231-418c-8fde-c9895bbf90ff: shutdown FollowerState
2019-09-12 09:42:42,933 [Thread-3530] INFO  impl.RaftServerImpl (RaftServerImpl.java:setRole(174)) - 040e264f-7231-418c-8fde-c9895bbf90ff@group-6D98DFC74BB0: changes role from  FOLLOWER to CANDIDATE at term 0 for changeToCandidate
2019-09-12 09:42:42,933 [Thread-3530] INFO  impl.RoleInfo (RoleInfo.java:updateAndGet(143)) - 040e264f-7231-418c-8fde-c9895bbf90ff: start LeaderElection
2019-09-12 09:42:42,933 [8df7c35a-b2af-4aa3-b2ea-ebc25917681d@group-B8998CF259C7:LeaderElection77] INFO  impl.LeaderElection (LeaderElection.java:logAndReturn(56)) - 8df7c35a-b2af-4aa3-b2ea-ebc25917681d@group-B8998CF259C7:LeaderElection77: Election REJECTED; received 2 response(s) [8df7c35a-b2af-4aa3-b2ea-ebc25917681d<-e7a3f9df-59d0-4b1c-af2f-429d00af68b5#0:FAIL-t1, 8df7c35a-b2af-4aa3-b2ea-ebc25917681d<-9d8b0a0e-9d22-4935-bd66-2b722dc07855#0:FAIL-t1] and 0 exception(s); 8df7c35a-b2af-4aa3-b2ea-ebc25917681d@group-B8998CF259C7:t1, leader=null, voted=8df7c35a-b2af-4aa3-b2ea-ebc25917681d, raftlog=8df7c35a-b2af-4aa3-b2ea-ebc25917681d@group-B8998CF259C7-SegmentedRaftLog:OPENED:c-1,f-1,i0, conf=-1: [8df7c35a-b2af-4aa3-b2ea-ebc25917681d:192.168.69.112:42509, e7a3f9df-59d0-4b1c-af2f-429d00af68b5:192.168.69.112:43944, 9d8b0a0e-9d22-4935-bd66-2b722dc07855:192.168.69.112:38000], old=null
2019-09-12 09:42:42,933 [8df7c35a-b2af-4aa3-b2ea-ebc25917681d@group-B8998CF259C7:LeaderElection77] INFO  impl.RaftServerImpl (RaftServerImpl.java:setRole(174)) - 8df7c35a-b2af-4aa3-b2ea-ebc25917681d@group-B8998CF259C7: changes role from CANDIDATE to FOLLOWER at term 1 for DISCOVERED_A_NEW_TERM
2019-09-12 09:42:42,934 [040e264f-7231-418c-8fde-c9895bbf90ff@group-17840A3B8B0B:LeaderElection79] INFO  impl.LeaderElection (LeaderElection.java:logAndReturn(56)) - 040e264f-7231-418c-8fde-c9895bbf90ff@group-17840A3B8B0B:LeaderElection79: Election REJECTED; received 2 response(s) [040e264f-7231-418c-8fde-c9895bbf90ff<-06e1cc61-18a3-42d4-aec7-b27779cb650a#0:FAIL-t1, 040e264f-7231-418c-8fde-c9895bbf90ff<-ab1435ba-055f-42a6-ac0c-0c241e3586c1#0:FAIL-t1] and 0 exception(s); 040e264f-7231-418c-8fde-c9895bbf90ff@group-17840A3B8B0B:t1, leader=null, voted=040e264f-7231-418c-8fde-c9895bbf90ff, raftlog=040e264f-7231-418c-8fde-c9895bbf90ff@group-17840A3B8B0B-SegmentedRaftLog:OPENED:c-1,f-1,i0, conf=-1: [06e1cc61-18a3-42d4-aec7-b27779cb650a:192.168.69.112:41604, 040e264f-7231-418c-8fde-c9895bbf90ff:192.168.69.112:39080, ab1435ba-055f-42a6-ac0c-0c241e3586c1:192.168.69.112:46664], old=null
2019-09-12 09:42:42,942 [ab1435ba-055f-42a6-ac0c-0c241e3586c1@group-17840A3B8B0B:LeaderElection81] INFO  impl.LeaderElection (LeaderElection.java:logAndReturn(56)) - ab1435ba-055f-42a6-ac0c-0c241e3586c1@group-17840A3B8B0B:LeaderElection81: Election REJECTED; received 2 response(s) [ab1435ba-055f-42a6-ac0c-0c241e3586c1<-06e1cc61-18a3-42d4-aec7-b27779cb650a#0:FAIL-t1, ab1435ba-055f-42a6-ac0c-0c241e3586c1<-040e264f-7231-418c-8fde-c9895bbf90ff#0:FAIL-t1] and 0 exception(s); ab1435ba-055f-42a6-ac0c-0c241e3586c1@group-17840A3B8B0B:t1, leader=null, voted=ab1435ba-055f-42a6-ac0c-0c241e3586c1, raftlog=ab1435ba-055f-42a6-ac0c-0c241e3586c1@group-17840A3B8B0B-SegmentedRaftLog:OPENED:c-1,f-1,i0, conf=-1: [06e1cc61-18a3-42d4-aec7-b27779cb650a:192.168.69.112:41604, 040e264f-7231-418c-8fde-c9895bbf90ff:192.168.69.112:39080, ab1435ba-055f-42a6-ac0c-0c241e3586c1:192.168.69.112:46664], old=null
2019-09-12 09:42:42,942 [Thread-3527] INFO  impl.FollowerState (FollowerState.java:run(106)) - ab1435ba-055f-42a6-ac0c-0c241e3586c1:group-A69F9439C514 changes to CANDIDATE, lastRpcTime:5116, electionTimeout:5110ms
2019-09-12 09:42:42,934 [8df7c35a-b2af-4aa3-b2ea-ebc25917681d@group-B8998CF259C7:LeaderElection77] INFO  impl.RoleInfo (RoleInfo.java:shutdownLeaderElection(134)) - 8df7c35a-b2af-4aa3-b2ea-ebc25917681d: shutdown LeaderElection
2019-09-12 09:42:42,946 [ab1435ba-055f-42a6-ac0c-0c241e3586c1@group-17840A3B8B0B:LeaderElection81] INFO  impl.RaftServerImpl (RaftServerImpl.java:setRole(174)) - ab1435ba-055f-42a6-ac0c-0c241e3586c1@group-17840A3B8B0B: changes role from CANDIDATE to FOLLOWER at term 1 for DISCOVERED_A_NEW_TERM
2019-09-12 09:42:42,950 [ab1435ba-055f-42a6-ac0c-0c241e3586c1@group-17840A3B8B0B:LeaderElection81] INFO  impl.RoleInfo (RoleInfo.java:shutdownLeaderElection(134)) - ab1435ba-055f-42a6-ac0c-0c241e3586c1: shutdown LeaderElection
2019-09-12 09:42:42,946 [040e264f-7231-418c-8fde-c9895bbf90ff@group-17840A3B8B0B:LeaderElection79] INFO  impl.RaftServerImpl (RaftServerImpl.java:setRole(174)) - 040e264f-7231-418c-8fde-c9895bbf90ff@group-17840A3B8B0B: changes role from CANDIDATE to FOLLOWER at term 1 for DISCOVERED_A_NEW_TERM
2019-09-12 09:42:42,951 [ab1435ba-055f-42a6-ac0c-0c241e3586c1@group-17840A3B8B0B:LeaderElection81] INFO  impl.RoleInfo (RoleInfo.java:updateAndGet(143)) - ab1435ba-055f-42a6-ac0c-0c241e3586c1: start FollowerState
2019-09-12 09:42:42,951 [Thread-3527] INFO  impl.RoleInfo (RoleInfo.java:shutdownFollowerState(121)) - ab1435ba-055f-42a6-ac0c-0c241e3586c1: shutdown FollowerState
2019-09-12 09:42:42,950 [8df7c35a-b2af-4aa3-b2ea-ebc25917681d@group-B8998CF259C7:LeaderElection77] INFO  impl.RoleInfo (RoleInfo.java:updateAndGet(143)) - 8df7c35a-b2af-4aa3-b2ea-ebc25917681d: start FollowerState
2019-09-12 09:42:42,951 [Thread-3527] INFO  impl.RaftServerImpl (RaftServerImpl.java:setRole(174)) - ab1435ba-055f-42a6-ac0c-0c241e3586c1@group-A69F9439C514: changes role from  FOLLOWER to CANDIDATE at term 0 for changeToCandidate
2019-09-12 09:42:42,951 [040e264f-7231-418c-8fde-c9895bbf90ff@group-17840A3B8B0B:LeaderElection79] INFO  impl.RoleInfo (RoleInfo.java:shutdownLeaderElection(134)) - 040e264f-7231-418c-8fde-c9895bbf90ff: shutdown LeaderElection
2019-09-12 09:42:42,951 [Thread-3527] INFO  impl.RoleInfo (RoleInfo.java:updateAndGet(143)) - ab1435ba-055f-42a6-ac0c-0c241e3586c1: start LeaderElection
2019-09-12 09:42:42,951 [040e264f-7231-418c-8fde-c9895bbf90ff@group-17840A3B8B0B:LeaderElection79] INFO  impl.RoleInfo (RoleInfo.java:updateAndGet(143)) - 040e264f-7231-418c-8fde-c9895bbf90ff: start FollowerState
2019-09-12 09:42:42,959 [e7a3f9df-59d0-4b1c-af2f-429d00af68b5@group-B8998CF259C7:LeaderElection76] INFO  impl.LeaderElection (LeaderElection.java:logAndReturn(56)) - e7a3f9df-59d0-4b1c-af2f-429d00af68b5@group-B8998CF259C7:LeaderElection76: Election REJECTED; received 2 response(s) [e7a3f9df-59d0-4b1c-af2f-429d00af68b5<-8df7c35a-b2af-4aa3-b2ea-ebc25917681d#0:FAIL-t1, e7a3f9df-59d0-4b1c-af2f-429d00af68b5<-9d8b0a0e-9d22-4935-bd66-2b722dc07855#0:FAIL-t1] and 0 exception(s); e7a3f9df-59d0-4b1c-af2f-429d00af68b5@group-B8998CF259C7:t1, leader=null, voted=e7a3f9df-59d0-4b1c-af2f-429d00af68b5, raftlog=e7a3f9df-59d0-4b1c-af2f-429d00af68b5@group-B8998CF259C7-SegmentedRaftLog:OPENED:c-1,f-1,i0, conf=-1: [8df7c35a-b2af-4aa3-b2ea-ebc25917681d:192.168.69.112:42509, e7a3f9df-59d0-4b1c-af2f-429d00af68b5:192.168.69.112:43944, 9d8b0a0e-9d22-4935-bd66-2b722dc07855:192.168.69.112:38000], old=null
2019-09-12 09:42:42,960 [e7a3f9df-59d0-4b1c-af2f-429d00af68b5@group-B8998CF259C7:LeaderElection76] INFO  impl.RaftServerImpl (RaftServerImpl.java:setRole(174)) - e7a3f9df-59d0-4b1c-af2f-429d00af68b5@group-B8998CF259C7: changes role from CANDIDATE to FOLLOWER at term 1 for DISCOVERED_A_NEW_TERM
2019-09-12 09:42:42,960 [e7a3f9df-59d0-4b1c-af2f-429d00af68b5@group-B8998CF259C7:LeaderElection76] INFO  impl.RoleInfo (RoleInfo.java:shutdownLeaderElection(134)) - e7a3f9df-59d0-4b1c-af2f-429d00af68b5: shutdown LeaderElection
2019-09-12 09:42:42,960 [e7a3f9df-59d0-4b1c-af2f-429d00af68b5@group-B8998CF259C7:LeaderElection76] INFO  impl.RoleInfo (RoleInfo.java:updateAndGet(143)) - e7a3f9df-59d0-4b1c-af2f-429d00af68b5: start FollowerState
2019-09-12 09:42:43,011 [Thread-3533] INFO  impl.FollowerState (FollowerState.java:run(106)) - f2981fec-dc68-4fe8-867b-817b759e8286:group-C89437509ADE changes to CANDIDATE, lastRpcTime:5066, electionTimeout:5066ms
2019-09-12 09:42:43,015 [Thread-3533] INFO  impl.RoleInfo (RoleInfo.java:shutdownFollowerState(121)) - f2981fec-dc68-4fe8-867b-817b759e8286: shutdown FollowerState
2019-09-12 09:42:43,015 [Thread-3533] INFO  impl.RaftServerImpl (RaftServerImpl.java:setRole(174)) - f2981fec-dc68-4fe8-867b-817b759e8286@group-C89437509ADE: changes role from  FOLLOWER to CANDIDATE at term 0 for changeToCandidate
2019-09-12 09:42:43,015 [Thread-3533] INFO  impl.RoleInfo (RoleInfo.java:updateAndGet(143)) - f2981fec-dc68-4fe8-867b-817b759e8286: start LeaderElection
2019-09-12 09:42:43,028 [06e1cc61-18a3-42d4-aec7-b27779cb650a@group-AF08BD14DD72-SegmentedRaftLogWorker] INFO  segmented.SegmentedRaftLogWorker (SegmentedRaftLogWorker.java:execute(569)) - 06e1cc61-18a3-42d4-aec7-b27779cb650a@group-AF08BD14DD72-SegmentedRaftLogWorker: created new log segment /workdir/hadoop-ozone/integration-test/target/test-dir/MiniOzoneClusterImpl-24bb607f-2e24-47f8-b34a-f96654db79dd/datanode-6/data/ratis/5d2ead0f-ac2c-46dc-ab82-af08bd14dd72/current/log_inprogress_0
2019-09-12 09:42:43,028 [ab1435ba-055f-42a6-ac0c-0c241e3586c1@group-A69F9439C514:LeaderElection84] INFO  impl.LeaderElection (LeaderElection.java:askForVotes(182)) - ab1435ba-055f-42a6-ac0c-0c241e3586c1@group-A69F9439C514:LeaderElection84: begin an election at term 1 for -1: [ab1435ba-055f-42a6-ac0c-0c241e3586c1:192.168.69.112:46664], old=null
2019-09-12 09:42:43,028 [040e264f-7231-418c-8fde-c9895bbf90ff@group-6D98DFC74BB0:LeaderElection83] INFO  impl.LeaderElection (LeaderElection.java:askForVotes(182)) - 040e264f-7231-418c-8fde-c9895bbf90ff@group-6D98DFC74BB0:LeaderElection83: begin an election at term 1 for -1: [040e264f-7231-418c-8fde-c9895bbf90ff:192.168.69.112:39080], old=null
2019-09-12 09:42:43,028 [ab1435ba-055f-42a6-ac0c-0c241e3586c1@group-A69F9439C514:LeaderElection84] INFO  impl.RoleInfo (RoleInfo.java:shutdownLeaderElection(134)) - ab1435ba-055f-42a6-ac0c-0c241e3586c1: shutdown LeaderElection
2019-09-12 09:42:43,028 [040e264f-7231-418c-8fde-c9895bbf90ff@group-6D98DFC74BB0:LeaderElection83] INFO  impl.RoleInfo (RoleInfo.java:shutdownLeaderElection(134)) - 040e264f-7231-418c-8fde-c9895bbf90ff: shutdown LeaderElection
2019-09-12 09:42:43,028 [ab1435ba-055f-42a6-ac0c-0c241e3586c1@group-A69F9439C514:LeaderElection84] INFO  impl.RaftServerImpl (RaftServerImpl.java:setRole(174)) - ab1435ba-055f-42a6-ac0c-0c241e3586c1@group-A69F9439C514: changes role from CANDIDATE to LEADER at term 1 for changeToLeader
2019-09-12 09:42:43,028 [ab1435ba-055f-42a6-ac0c-0c241e3586c1@group-A69F9439C514:LeaderElection84] INFO  impl.RaftServerImpl (ServerState.java:setLeader(253)) - ab1435ba-055f-42a6-ac0c-0c241e3586c1@group-A69F9439C514: change Leader from null to ab1435ba-055f-42a6-ac0c-0c241e3586c1 at term 1 for becomeLeader, leader elected after 5208ms
2019-09-12 09:42:43,028 [040e264f-7231-418c-8fde-c9895bbf90ff@group-6D98DFC74BB0:LeaderElection83] INFO  impl.RaftServerImpl (RaftServerImpl.java:setRole(174)) - 040e264f-7231-418c-8fde-c9895bbf90ff@group-6D98DFC74BB0: changes role from CANDIDATE to LEADER at term 1 for changeToLeader
2019-09-12 09:42:43,029 [ab1435ba-055f-42a6-ac0c-0c241e3586c1@group-A69F9439C514:LeaderElection84] INFO  server.RaftServerConfigKeys (ConfUtils.java:logGet(43)) - raft.server.staging.catchup.gap = 1000 (default)
2019-09-12 09:42:43,029 [040e264f-7231-418c-8fde-c9895bbf90ff@group-6D98DFC74BB0:LeaderElection83] INFO  impl.RaftServerImpl (ServerState.java:setLeader(253)) - 040e264f-7231-418c-8fde-c9895bbf90ff@group-6D98DFC74BB0: change Leader from null to 040e264f-7231-418c-8fde-c9895bbf90ff at term 1 for becomeLeader, leader elected after 5139ms
2019-09-12 09:42:43,029 [ab1435ba-055f-42a6-ac0c-0c241e3586c1@group-A69F9439C514:LeaderElection84] INFO  server.RaftServerConfigKeys (ConfUtils.java:logGet(43)) - raft.server.rpc.sleep.time = 25ms (default)
2019-09-12 09:42:43,029 [040e264f-7231-418c-8fde-c9895bbf90ff@group-6D98DFC74BB0:LeaderElection83] INFO  server.RaftServerConfigKeys (ConfUtils.java:logGet(43)) - raft.server.staging.catchup.gap = 1000 (default)
2019-09-12 09:42:43,029 [ab1435ba-055f-42a6-ac0c-0c241e3586c1@group-A69F9439C514:LeaderElection84] INFO  server.RaftServerConfigKeys (ConfUtils.java:logGet(43)) - raft.server.write.element-limit = 4096 (default)
2019-09-12 09:42:43,029 [040e264f-7231-418c-8fde-c9895bbf90ff@group-6D98DFC74BB0:LeaderElection83] INFO  server.RaftServerConfigKeys (ConfUtils.java:logGet(43)) - raft.server.rpc.sleep.time = 25ms (default)
2019-09-12 09:42:43,029 [ab1435ba-055f-42a6-ac0c-0c241e3586c1@group-A69F9439C514:LeaderElection84] INFO  server.RaftServerConfigKeys (ConfUtils.java:logGet(43)) - raft.server.watch.timeout = 10s (default)
2019-09-12 09:42:43,029 [040e264f-7231-418c-8fde-c9895bbf90ff@group-6D98DFC74BB0:LeaderElection83] INFO  server.RaftServerConfigKeys (ConfUtils.java:logGet(43)) - raft.server.write.element-limit = 4096 (default)
2019-09-12 09:42:43,029 [ab1435ba-055f-42a6-ac0c-0c241e3586c1@group-A69F9439C514:LeaderElection84] INFO  server.RaftServerConfigKeys (ConfUtils.java:logGet(43)) - raft.server.watch.timeout.denomination = 1s (default)
2019-09-12 09:42:43,029 [040e264f-7231-418c-8fde-c9895bbf90ff@group-6D98DFC74BB0:LeaderElection83] INFO  server.RaftServerConfigKeys (ConfUtils.java:logGet(43)) - raft.server.watch.timeout = 10s (default)
2019-09-12 09:42:43,029 [ab1435ba-055f-42a6-ac0c-0c241e3586c1@group-A69F9439C514:LeaderElection84] INFO  server.RaftServerConfigKeys (ConfUtils.java:logGet(43)) - raft.server.watch.element-limit = 65536 (default)
2019-09-12 09:42:43,029 [040e264f-7231-418c-8fde-c9895bbf90ff@group-6D98DFC74BB0:LeaderElection83] INFO  server.RaftServerConfigKeys (ConfUtils.java:logGet(43)) - raft.server.watch.timeout.denomination = 1s (default)
2019-09-12 09:42:43,033 [040e264f-7231-418c-8fde-c9895bbf90ff@group-6D98DFC74BB0:LeaderElection83] INFO  server.RaftServerConfigKeys (ConfUtils.java:logGet(43)) - raft.server.watch.element-limit = 65536 (default)
2019-09-12 09:42:43,034 [grpc-default-executor-3] INFO  client.GrpcClientProtocolClient (GrpcClientProtocolClient.java:onNext(264)) - client-950977FD9448->06e1cc61-18a3-42d4-aec7-b27779cb650a: receive RaftClientReply:client-950977FD9448->06e1cc61-18a3-42d4-aec7-b27779cb650a@group-17840A3B8B0B, cid=215, FAILED org.apache.ratis.protocol.NotLeaderException: Server 06e1cc61-18a3-42d4-aec7-b27779cb650a@group-17840A3B8B0B is not the leader, logIndex=0, commits[06e1cc61-18a3-42d4-aec7-b27779cb650a:c-1]
2019-09-12 09:42:43,039 [ab1435ba-055f-42a6-ac0c-0c241e3586c1@group-A69F9439C514:LeaderElection84] INFO  impl.RoleInfo (RoleInfo.java:updateAndGet(143)) - ab1435ba-055f-42a6-ac0c-0c241e3586c1: start LeaderState
2019-09-12 09:42:43,039 [040e264f-7231-418c-8fde-c9895bbf90ff@group-6D98DFC74BB0:LeaderElection83] INFO  impl.RoleInfo (RoleInfo.java:updateAndGet(143)) - 040e264f-7231-418c-8fde-c9895bbf90ff: start LeaderState
2019-09-12 09:42:43,039 [ab1435ba-055f-42a6-ac0c-0c241e3586c1@group-A69F9439C514:LeaderElection84] INFO  segmented.SegmentedRaftLogWorker (SegmentedRaftLogWorker.java:startLogSegment(380)) - ab1435ba-055f-42a6-ac0c-0c241e3586c1@group-A69F9439C514-SegmentedRaftLogWorker: Starting segment from index:0
2019-09-12 09:42:43,039 [040e264f-7231-418c-8fde-c9895bbf90ff@group-6D98DFC74BB0:LeaderElection83] INFO  segmented.SegmentedRaftLogWorker (SegmentedRaftLogWorker.java:startLogSegment(380)) - 040e264f-7231-418c-8fde-c9895bbf90ff@group-6D98DFC74BB0-SegmentedRaftLogWorker: Starting segment from index:0
2019-09-12 09:42:43,039 [ab1435ba-055f-42a6-ac0c-0c241e3586c1@group-A69F9439C514:LeaderElection84] INFO  impl.RaftServerImpl (ServerState.java:setRaftConf(354)) - ab1435ba-055f-42a6-ac0c-0c241e3586c1@group-A69F9439C514: set configuration 0: [ab1435ba-055f-42a6-ac0c-0c241e3586c1:192.168.69.112:46664], old=null at 0
2019-09-12 09:42:43,039 [040e264f-7231-418c-8fde-c9895bbf90ff@group-6D98DFC74BB0:LeaderElection83] INFO  impl.RaftServerImpl (ServerState.java:setRaftConf(354)) - 040e264f-7231-418c-8fde-c9895bbf90ff@group-6D98DFC74BB0: set configuration 0: [040e264f-7231-418c-8fde-c9895bbf90ff:192.168.69.112:39080], old=null at 0
2019-09-12 09:42:43,044 [f2981fec-dc68-4fe8-867b-817b759e8286@group-C89437509ADE:LeaderElection85] INFO  impl.LeaderElection (LeaderElection.java:askForVotes(182)) - f2981fec-dc68-4fe8-867b-817b759e8286@group-C89437509ADE:LeaderElection85: begin an election at term 1 for -1: [f2981fec-dc68-4fe8-867b-817b759e8286:192.168.69.112:44740], old=null
2019-09-12 09:42:43,044 [f2981fec-dc68-4fe8-867b-817b759e8286@group-C89437509ADE:LeaderElection85] INFO  impl.RoleInfo (RoleInfo.java:shutdownLeaderElection(134)) - f2981fec-dc68-4fe8-867b-817b759e8286: shutdown LeaderElection
2019-09-12 09:42:43,044 [f2981fec-dc68-4fe8-867b-817b759e8286@group-C89437509ADE:LeaderElection85] INFO  impl.RaftServerImpl (RaftServerImpl.java:setRole(174)) - f2981fec-dc68-4fe8-867b-817b759e8286@group-C89437509ADE: changes role from CANDIDATE to LEADER at term 1 for changeToLeader
2019-09-12 09:42:43,044 [f2981fec-dc68-4fe8-867b-817b759e8286@group-C89437509ADE:LeaderElection85] INFO  impl.RaftServerImpl (ServerState.java:setLeader(253)) - f2981fec-dc68-4fe8-867b-817b759e8286@group-C89437509ADE: change Leader from null to f2981fec-dc68-4fe8-867b-817b759e8286 at term 1 for becomeLeader, leader elected after 5103ms
2019-09-12 09:42:43,044 [f2981fec-dc68-4fe8-867b-817b759e8286@group-C89437509ADE:LeaderElection85] INFO  server.RaftServerConfigKeys (ConfUtils.java:logGet(43)) - raft.server.staging.catchup.gap = 1000 (default)
2019-09-12 09:42:43,044 [f2981fec-dc68-4fe8-867b-817b759e8286@group-C89437509ADE:LeaderElection85] INFO  server.RaftServerConfigKeys (ConfUtils.java:logGet(43)) - raft.server.rpc.sleep.time = 25ms (default)
2019-09-12 09:42:43,044 [f2981fec-dc68-4fe8-867b-817b759e8286@group-C89437509ADE:LeaderElection85] INFO  server.RaftServerConfigKeys (ConfUtils.java:logGet(43)) - raft.server.write.element-limit = 4096 (default)
2019-09-12 09:42:43,044 [f2981fec-dc68-4fe8-867b-817b759e8286@group-C89437509ADE:LeaderElection85] INFO  server.RaftServerConfigKeys (ConfUtils.java:logGet(43)) - raft.server.watch.timeout = 10s (default)
2019-09-12 09:42:43,044 [f2981fec-dc68-4fe8-867b-817b759e8286@group-C89437509ADE:LeaderElection85] INFO  server.RaftServerConfigKeys (ConfUtils.java:logGet(43)) - raft.server.watch.timeout.denomination = 1s (default)
2019-09-12 09:42:43,044 [f2981fec-dc68-4fe8-867b-817b759e8286@group-C89437509ADE:LeaderElection85] INFO  server.RaftServerConfigKeys (ConfUtils.java:logGet(43)) - raft.server.watch.element-limit = 65536 (default)
2019-09-12 09:42:43,046 [f2981fec-dc68-4fe8-867b-817b759e8286@group-C89437509ADE:LeaderElection85] INFO  impl.RoleInfo (RoleInfo.java:updateAndGet(143)) - f2981fec-dc68-4fe8-867b-817b759e8286: start LeaderState
2019-09-12 09:42:43,046 [f2981fec-dc68-4fe8-867b-817b759e8286@group-C89437509ADE:LeaderElection85] INFO  segmented.SegmentedRaftLogWorker (SegmentedRaftLogWorker.java:startLogSegment(380)) - f2981fec-dc68-4fe8-867b-817b759e8286@group-C89437509ADE-SegmentedRaftLogWorker: Starting segment from index:0
2019-09-12 09:42:43,046 [f2981fec-dc68-4fe8-867b-817b759e8286@group-C89437509ADE:LeaderElection85] INFO  impl.RaftServerImpl (ServerState.java:setRaftConf(354)) - f2981fec-dc68-4fe8-867b-817b759e8286@group-C89437509ADE: set configuration 0: [f2981fec-dc68-4fe8-867b-817b759e8286:192.168.69.112:44740], old=null at 0
2019-09-12 09:42:43,083 [040e264f-7231-418c-8fde-c9895bbf90ff@group-6D98DFC74BB0-SegmentedRaftLogWorker] INFO  segmented.SegmentedRaftLogWorker (SegmentedRaftLogWorker.java:execute(569)) - 040e264f-7231-418c-8fde-c9895bbf90ff@group-6D98DFC74BB0-SegmentedRaftLogWorker: created new log segment /workdir/hadoop-ozone/integration-test/target/test-dir/MiniOzoneClusterImpl-24bb607f-2e24-47f8-b34a-f96654db79dd/datanode-4/data/ratis/6ea99ac1-ebc8-4b6a-82a3-6d98dfc74bb0/current/log_inprogress_0
2019-09-12 09:42:43,083 [ab1435ba-055f-42a6-ac0c-0c241e3586c1@group-A69F9439C514-SegmentedRaftLogWorker] INFO  segmented.SegmentedRaftLogWorker (SegmentedRaftLogWorker.java:execute(569)) - ab1435ba-055f-42a6-ac0c-0c241e3586c1@group-A69F9439C514-SegmentedRaftLogWorker: created new log segment /workdir/hadoop-ozone/integration-test/target/test-dir/MiniOzoneClusterImpl-24bb607f-2e24-47f8-b34a-f96654db79dd/datanode-3/data/ratis/481da2d9-39a1-4dea-99fb-a69f9439c514/current/log_inprogress_0
2019-09-12 09:42:43,083 [f2981fec-dc68-4fe8-867b-817b759e8286@group-C89437509ADE-SegmentedRaftLogWorker] INFO  segmented.SegmentedRaftLogWorker (SegmentedRaftLogWorker.java:execute(569)) - f2981fec-dc68-4fe8-867b-817b759e8286@group-C89437509ADE-SegmentedRaftLogWorker: created new log segment /workdir/hadoop-ozone/integration-test/target/test-dir/MiniOzoneClusterImpl-24bb607f-2e24-47f8-b34a-f96654db79dd/datanode-5/data/ratis/4562008d-c240-477a-a938-c89437509ade/current/log_inprogress_0
2019-09-12 09:42:44,044 [grpc-default-executor-10] INFO  client.GrpcClientProtocolClient (GrpcClientProtocolClient.java:onNext(264)) - client-950977FD9448->ab1435ba-055f-42a6-ac0c-0c241e3586c1: receive RaftClientReply:client-950977FD9448->ab1435ba-055f-42a6-ac0c-0c241e3586c1@group-17840A3B8B0B, cid=215, FAILED org.apache.ratis.protocol.NotLeaderException: Server ab1435ba-055f-42a6-ac0c-0c241e3586c1@group-17840A3B8B0B is not the leader, logIndex=0, commits[ab1435ba-055f-42a6-ac0c-0c241e3586c1:c-1]
2019-09-12 09:42:45,055 [grpc-default-executor-3] INFO  client.GrpcClientProtocolClient (GrpcClientProtocolClient.java:onNext(264)) - client-950977FD9448->040e264f-7231-418c-8fde-c9895bbf90ff: receive RaftClientReply:client-950977FD9448->040e264f-7231-418c-8fde-c9895bbf90ff@group-17840A3B8B0B, cid=215, FAILED org.apache.ratis.protocol.NotLeaderException: Server 040e264f-7231-418c-8fde-c9895bbf90ff@group-17840A3B8B0B is not the leader, logIndex=0, commits[040e264f-7231-418c-8fde-c9895bbf90ff:c-1]
2019-09-12 09:42:46,074 [grpc-default-executor-3] INFO  client.GrpcClientProtocolClient (GrpcClientProtocolClient.java:onNext(264)) - client-950977FD9448->ab1435ba-055f-42a6-ac0c-0c241e3586c1: receive RaftClientReply:client-950977FD9448->ab1435ba-055f-42a6-ac0c-0c241e3586c1@group-17840A3B8B0B, cid=215, FAILED org.apache.ratis.protocol.NotLeaderException: Server ab1435ba-055f-42a6-ac0c-0c241e3586c1@group-17840A3B8B0B is not the leader, logIndex=0, commits[ab1435ba-055f-42a6-ac0c-0c241e3586c1:c-1]
2019-09-12 09:42:47,082 [grpc-default-executor-3] INFO  client.GrpcClientProtocolClient (GrpcClientProtocolClient.java:onNext(264)) - client-950977FD9448->040e264f-7231-418c-8fde-c9895bbf90ff: receive RaftClientReply:client-950977FD9448->040e264f-7231-418c-8fde-c9895bbf90ff@group-17840A3B8B0B, cid=215, FAILED org.apache.ratis.protocol.NotLeaderException: Server 040e264f-7231-418c-8fde-c9895bbf90ff@group-17840A3B8B0B is not the leader, logIndex=0, commits[040e264f-7231-418c-8fde-c9895bbf90ff:c-1]
2019-09-12 09:42:47,994 [Thread-3573] INFO  impl.FollowerState (FollowerState.java:run(106)) - 06e1cc61-18a3-42d4-aec7-b27779cb650a:group-17840A3B8B0B changes to CANDIDATE, lastRpcTime:5093, electionTimeout:5093ms
2019-09-12 09:42:47,995 [Thread-3573] INFO  impl.RoleInfo (RoleInfo.java:shutdownFollowerState(121)) - 06e1cc61-18a3-42d4-aec7-b27779cb650a: shutdown FollowerState
2019-09-12 09:42:47,995 [Thread-3573] INFO  impl.RaftServerImpl (RaftServerImpl.java:setRole(174)) - 06e1cc61-18a3-42d4-aec7-b27779cb650a@group-17840A3B8B0B: changes role from  FOLLOWER to CANDIDATE at term 1 for changeToCandidate
2019-09-12 09:42:47,995 [Thread-3573] INFO  impl.RoleInfo (RoleInfo.java:updateAndGet(143)) - 06e1cc61-18a3-42d4-aec7-b27779cb650a: start LeaderElection
2019-09-12 09:42:48,028 [Thread-3580] INFO  impl.FollowerState (FollowerState.java:run(106)) - e7a3f9df-59d0-4b1c-af2f-429d00af68b5:group-B8998CF259C7 changes to CANDIDATE, lastRpcTime:5067, electionTimeout:5067ms
2019-09-12 09:42:48,028 [Thread-3580] INFO  impl.RoleInfo (RoleInfo.java:shutdownFollowerState(121)) - e7a3f9df-59d0-4b1c-af2f-429d00af68b5: shutdown FollowerState
2019-09-12 09:42:48,028 [Thread-3580] INFO  impl.RaftServerImpl (RaftServerImpl.java:setRole(174)) - e7a3f9df-59d0-4b1c-af2f-429d00af68b5@group-B8998CF259C7: changes role from  FOLLOWER to CANDIDATE at term 1 for changeToCandidate
2019-09-12 09:42:48,028 [Thread-3580] INFO  impl.RoleInfo (RoleInfo.java:updateAndGet(143)) - e7a3f9df-59d0-4b1c-af2f-429d00af68b5: start LeaderElection
2019-09-12 09:42:48,033 [06e1cc61-18a3-42d4-aec7-b27779cb650a@group-17840A3B8B0B:LeaderElection86] INFO  impl.LeaderElection (LeaderElection.java:askForVotes(182)) - 06e1cc61-18a3-42d4-aec7-b27779cb650a@group-17840A3B8B0B:LeaderElection86: begin an election at term 2 for -1: [06e1cc61-18a3-42d4-aec7-b27779cb650a:192.168.69.112:41604, 040e264f-7231-418c-8fde-c9895bbf90ff:192.168.69.112:39080, ab1435ba-055f-42a6-ac0c-0c241e3586c1:192.168.69.112:46664], old=null
2019-09-12 09:42:48,037 [grpc-default-executor-3] INFO  impl.RaftServerImpl (RaftServerImpl.java:setRole(174)) - 040e264f-7231-418c-8fde-c9895bbf90ff@group-17840A3B8B0B: changes role from  FOLLOWER to FOLLOWER at term 2 for recognizeCandidate:06e1cc61-18a3-42d4-aec7-b27779cb650a
2019-09-12 09:42:48,037 [grpc-default-executor-10] INFO  impl.RaftServerImpl (RaftServerImpl.java:setRole(174)) - ab1435ba-055f-42a6-ac0c-0c241e3586c1@group-17840A3B8B0B: changes role from  FOLLOWER to FOLLOWER at term 2 for recognizeCandidate:06e1cc61-18a3-42d4-aec7-b27779cb650a
2019-09-12 09:42:48,037 [grpc-default-executor-10] INFO  impl.RoleInfo (RoleInfo.java:shutdownFollowerState(121)) - ab1435ba-055f-42a6-ac0c-0c241e3586c1: shutdown FollowerState
2019-09-12 09:42:48,037 [grpc-default-executor-3] INFO  impl.RoleInfo (RoleInfo.java:shutdownFollowerState(121)) - 040e264f-7231-418c-8fde-c9895bbf90ff: shutdown FollowerState
2019-09-12 09:42:48,038 [grpc-default-executor-3] INFO  impl.RoleInfo (RoleInfo.java:updateAndGet(143)) - 040e264f-7231-418c-8fde-c9895bbf90ff: start FollowerState
2019-09-12 09:42:48,038 [grpc-default-executor-10] INFO  impl.RoleInfo (RoleInfo.java:updateAndGet(143)) - ab1435ba-055f-42a6-ac0c-0c241e3586c1: start FollowerState
2019-09-12 09:42:48,038 [Thread-3579] INFO  impl.FollowerState (FollowerState.java:run(115)) - 040e264f-7231-418c-8fde-c9895bbf90ff: FollowerState was interrupted: java.lang.InterruptedException: sleep interrupted
2019-09-12 09:42:48,038 [Thread-3577] INFO  impl.FollowerState (FollowerState.java:run(115)) - ab1435ba-055f-42a6-ac0c-0c241e3586c1: FollowerState was interrupted: java.lang.InterruptedException: sleep interrupted
2019-09-12 09:42:48,050 [Thread-3574] INFO  impl.FollowerState (FollowerState.java:run(106)) - 9d8b0a0e-9d22-4935-bd66-2b722dc07855:group-B8998CF259C7 changes to CANDIDATE, lastRpcTime:5117, electionTimeout:5117ms
2019-09-12 09:42:48,050 [Thread-3574] INFO  impl.RoleInfo (RoleInfo.java:shutdownFollowerState(121)) - 9d8b0a0e-9d22-4935-bd66-2b722dc07855: shutdown FollowerState
2019-09-12 09:42:48,051 [Thread-3574] INFO  impl.RaftServerImpl (RaftServerImpl.java:setRole(174)) - 9d8b0a0e-9d22-4935-bd66-2b722dc07855@group-B8998CF259C7: changes role from  FOLLOWER to CANDIDATE at term 1 for changeToCandidate
2019-09-12 09:42:48,051 [Thread-3574] INFO  impl.RoleInfo (RoleInfo.java:updateAndGet(143)) - 9d8b0a0e-9d22-4935-bd66-2b722dc07855: start LeaderElection
2019-09-12 09:42:48,059 [e7a3f9df-59d0-4b1c-af2f-429d00af68b5@group-B8998CF259C7:LeaderElection87] INFO  impl.LeaderElection (LeaderElection.java:askForVotes(182)) - e7a3f9df-59d0-4b1c-af2f-429d00af68b5@group-B8998CF259C7:LeaderElection87: begin an election at term 2 for -1: [8df7c35a-b2af-4aa3-b2ea-ebc25917681d:192.168.69.112:42509, e7a3f9df-59d0-4b1c-af2f-429d00af68b5:192.168.69.112:43944, 9d8b0a0e-9d22-4935-bd66-2b722dc07855:192.168.69.112:38000], old=null
2019-09-12 09:42:48,060 [06e1cc61-18a3-42d4-aec7-b27779cb650a@group-17840A3B8B0B:LeaderElection86] INFO  impl.LeaderElection (LeaderElection.java:logAndReturn(56)) - 06e1cc61-18a3-42d4-aec7-b27779cb650a@group-17840A3B8B0B:LeaderElection86: Election PASSED; received 1 response(s) [06e1cc61-18a3-42d4-aec7-b27779cb650a<-040e264f-7231-418c-8fde-c9895bbf90ff#0:OK-t2] and 0 exception(s); 06e1cc61-18a3-42d4-aec7-b27779cb650a@group-17840A3B8B0B:t2, leader=null, voted=06e1cc61-18a3-42d4-aec7-b27779cb650a, raftlog=06e1cc61-18a3-42d4-aec7-b27779cb650a@group-17840A3B8B0B-SegmentedRaftLog:OPENED:c-1,f-1,i0, conf=-1: [06e1cc61-18a3-42d4-aec7-b27779cb650a:192.168.69.112:41604, 040e264f-7231-418c-8fde-c9895bbf90ff:192.168.69.112:39080, ab1435ba-055f-42a6-ac0c-0c241e3586c1:192.168.69.112:46664], old=null
2019-09-12 09:42:48,060 [06e1cc61-18a3-42d4-aec7-b27779cb650a@group-17840A3B8B0B:LeaderElection86] INFO  impl.RoleInfo (RoleInfo.java:shutdownLeaderElection(134)) - 06e1cc61-18a3-42d4-aec7-b27779cb650a: shutdown LeaderElection
2019-09-12 09:42:48,061 [06e1cc61-18a3-42d4-aec7-b27779cb650a@group-17840A3B8B0B:LeaderElection86] INFO  impl.RaftServerImpl (RaftServerImpl.java:setRole(174)) - 06e1cc61-18a3-42d4-aec7-b27779cb650a@group-17840A3B8B0B: changes role from CANDIDATE to LEADER at term 2 for changeToLeader
2019-09-12 09:42:48,061 [06e1cc61-18a3-42d4-aec7-b27779cb650a@group-17840A3B8B0B:LeaderElection86] INFO  impl.RaftServerImpl (ServerState.java:setLeader(253)) - 06e1cc61-18a3-42d4-aec7-b27779cb650a@group-17840A3B8B0B: change Leader from null to 06e1cc61-18a3-42d4-aec7-b27779cb650a at term 2 for becomeLeader, leader elected after 10412ms
2019-09-12 09:42:48,061 [06e1cc61-18a3-42d4-aec7-b27779cb650a@group-17840A3B8B0B:LeaderElection86] INFO  server.RaftServerConfigKeys (ConfUtils.java:logGet(43)) - raft.server.staging.catchup.gap = 1000 (default)
2019-09-12 09:42:48,061 [grpc-default-executor-3] INFO  impl.RaftServerImpl (RaftServerImpl.java:setRole(174)) - 8df7c35a-b2af-4aa3-b2ea-ebc25917681d@group-B8998CF259C7: changes role from  FOLLOWER to FOLLOWER at term 2 for recognizeCandidate:e7a3f9df-59d0-4b1c-af2f-429d00af68b5
2019-09-12 09:42:48,063 [06e1cc61-18a3-42d4-aec7-b27779cb650a@group-17840A3B8B0B:LeaderElection86] INFO  server.RaftServerConfigKeys (ConfUtils.java:logGet(43)) - raft.server.rpc.sleep.time = 25ms (default)
2019-09-12 09:42:48,063 [grpc-default-executor-3] INFO  impl.RoleInfo (RoleInfo.java:shutdownFollowerState(121)) - 8df7c35a-b2af-4aa3-b2ea-ebc25917681d: shutdown FollowerState
2019-09-12 09:42:48,064 [06e1cc61-18a3-42d4-aec7-b27779cb650a@group-17840A3B8B0B:LeaderElection86] INFO  server.RaftServerConfigKeys (ConfUtils.java:logGet(43)) - raft.server.write.element-limit = 4096 (default)
2019-09-12 09:42:48,064 [Thread-3576] INFO  impl.FollowerState (FollowerState.java:run(115)) - 8df7c35a-b2af-4aa3-b2ea-ebc25917681d: FollowerState was interrupted: java.lang.InterruptedException: sleep interrupted
2019-09-12 09:42:48,064 [grpc-default-executor-3] INFO  impl.RoleInfo (RoleInfo.java:updateAndGet(143)) - 8df7c35a-b2af-4aa3-b2ea-ebc25917681d: start FollowerState
2019-09-12 09:42:48,064 [06e1cc61-18a3-42d4-aec7-b27779cb650a@group-17840A3B8B0B:LeaderElection86] INFO  server.RaftServerConfigKeys (ConfUtils.java:logGet(43)) - raft.server.watch.timeout = 10s (default)
2019-09-12 09:42:48,067 [06e1cc61-18a3-42d4-aec7-b27779cb650a@group-17840A3B8B0B:LeaderElection86] INFO  server.RaftServerConfigKeys (ConfUtils.java:logGet(43)) - raft.server.watch.timeout.denomination = 1s (default)
2019-09-12 09:42:48,067 [06e1cc61-18a3-42d4-aec7-b27779cb650a@group-17840A3B8B0B:LeaderElection86] INFO  server.RaftServerConfigKeys (ConfUtils.java:logGet(43)) - raft.server.watch.element-limit = 65536 (default)
2019-09-12 09:42:48,070 [06e1cc61-18a3-42d4-aec7-b27779cb650a@group-17840A3B8B0B:LeaderElection86] INFO  server.RaftServerConfigKeys (ConfUtils.java:logGet(43)) - raft.server.log.appender.snapshot.chunk.size.max = 16MB (=16777216) (default)
2019-09-12 09:42:48,070 [06e1cc61-18a3-42d4-aec7-b27779cb650a@group-17840A3B8B0B:LeaderElection86] INFO  server.RaftServerConfigKeys (ConfUtils.java:logGet(43)) - raft.server.log.appender.buffer.byte-limit = 33554432 (custom)
2019-09-12 09:42:48,070 [06e1cc61-18a3-42d4-aec7-b27779cb650a@group-17840A3B8B0B:LeaderElection86] INFO  server.RaftServerConfigKeys (ConfUtils.java:logGet(43)) - raft.server.log.appender.buffer.element-limit = 1 (custom)
2019-09-12 09:42:48,070 [06e1cc61-18a3-42d4-aec7-b27779cb650a@group-17840A3B8B0B:LeaderElection86] INFO  grpc.GrpcConfigKeys$Server (ConfUtils.java:logGet(43)) - raft.grpc.server.leader.outstanding.appends.max = 128 (default)
2019-09-12 09:42:48,070 [06e1cc61-18a3-42d4-aec7-b27779cb650a@group-17840A3B8B0B:LeaderElection86] INFO  server.RaftServerConfigKeys (ConfUtils.java:logGet(43)) - raft.server.rpc.request.timeout = 3000ms (default)
2019-09-12 09:42:48,071 [06e1cc61-18a3-42d4-aec7-b27779cb650a@group-17840A3B8B0B:LeaderElection86] INFO  server.RaftServerConfigKeys (ConfUtils.java:logGet(43)) - raft.server.log.appender.install.snapshot.enabled = false (custom)
2019-09-12 09:42:48,071 [06e1cc61-18a3-42d4-aec7-b27779cb650a@group-17840A3B8B0B:LeaderElection86] INFO  server.RaftServerConfigKeys (ConfUtils.java:logGet(43)) - raft.server.log.appender.snapshot.chunk.size.max = 16MB (=16777216) (default)
2019-09-12 09:42:48,071 [06e1cc61-18a3-42d4-aec7-b27779cb650a@group-17840A3B8B0B:LeaderElection86] INFO  server.RaftServerConfigKeys (ConfUtils.java:logGet(43)) - raft.server.log.appender.buffer.byte-limit = 33554432 (custom)
2019-09-12 09:42:48,071 [06e1cc61-18a3-42d4-aec7-b27779cb650a@group-17840A3B8B0B:LeaderElection86] INFO  server.RaftServerConfigKeys (ConfUtils.java:logGet(43)) - raft.server.log.appender.buffer.element-limit = 1 (custom)
2019-09-12 09:42:48,071 [06e1cc61-18a3-42d4-aec7-b27779cb650a@group-17840A3B8B0B:LeaderElection86] INFO  grpc.GrpcConfigKeys$Server (ConfUtils.java:logGet(43)) - raft.grpc.server.leader.outstanding.appends.max = 128 (default)
2019-09-12 09:42:48,071 [06e1cc61-18a3-42d4-aec7-b27779cb650a@group-17840A3B8B0B:LeaderElection86] INFO  server.RaftServerConfigKeys (ConfUtils.java:logGet(43)) - raft.server.rpc.request.timeout = 3000ms (default)
2019-09-12 09:42:48,072 [06e1cc61-18a3-42d4-aec7-b27779cb650a@group-17840A3B8B0B:LeaderElection86] INFO  server.RaftServerConfigKeys (ConfUtils.java:logGet(43)) - raft.server.log.appender.install.snapshot.enabled = false (custom)
2019-09-12 09:42:48,072 [06e1cc61-18a3-42d4-aec7-b27779cb650a@group-17840A3B8B0B:LeaderElection86] INFO  impl.RoleInfo (RoleInfo.java:updateAndGet(143)) - 06e1cc61-18a3-42d4-aec7-b27779cb650a: start LeaderState
2019-09-12 09:42:48,072 [06e1cc61-18a3-42d4-aec7-b27779cb650a@group-17840A3B8B0B:LeaderElection86] INFO  segmented.SegmentedRaftLogWorker (SegmentedRaftLogWorker.java:startLogSegment(380)) - 06e1cc61-18a3-42d4-aec7-b27779cb650a@group-17840A3B8B0B-SegmentedRaftLogWorker: Starting segment from index:0
2019-09-12 09:42:48,073 [06e1cc61-18a3-42d4-aec7-b27779cb650a@group-17840A3B8B0B:LeaderElection86] INFO  impl.RaftServerImpl (ServerState.java:setRaftConf(354)) - 06e1cc61-18a3-42d4-aec7-b27779cb650a@group-17840A3B8B0B: set configuration 0: [06e1cc61-18a3-42d4-aec7-b27779cb650a:192.168.69.112:41604, 040e264f-7231-418c-8fde-c9895bbf90ff:192.168.69.112:39080, ab1435ba-055f-42a6-ac0c-0c241e3586c1:192.168.69.112:46664], old=null at 0
2019-09-12 09:42:48,106 [9d8b0a0e-9d22-4935-bd66-2b722dc07855@group-B8998CF259C7:LeaderElection88] INFO  impl.LeaderElection (LeaderElection.java:askForVotes(182)) - 9d8b0a0e-9d22-4935-bd66-2b722dc07855@group-B8998CF259C7:LeaderElection88: begin an election at term 2 for -1: [8df7c35a-b2af-4aa3-b2ea-ebc25917681d:192.168.69.112:42509, e7a3f9df-59d0-4b1c-af2f-429d00af68b5:192.168.69.112:43944, 9d8b0a0e-9d22-4935-bd66-2b722dc07855:192.168.69.112:38000], old=null
2019-09-12 09:42:48,106 [e7a3f9df-59d0-4b1c-af2f-429d00af68b5@group-B8998CF259C7:LeaderElection87] INFO  impl.LeaderElection (LeaderElection.java:logAndReturn(56)) - e7a3f9df-59d0-4b1c-af2f-429d00af68b5@group-B8998CF259C7:LeaderElection87: Election PASSED; received 1 response(s) [e7a3f9df-59d0-4b1c-af2f-429d00af68b5<-8df7c35a-b2af-4aa3-b2ea-ebc25917681d#0:OK-t2] and 0 exception(s); e7a3f9df-59d0-4b1c-af2f-429d00af68b5@group-B8998CF259C7:t2, leader=null, voted=e7a3f9df-59d0-4b1c-af2f-429d00af68b5, raftlog=e7a3f9df-59d0-4b1c-af2f-429d00af68b5@group-B8998CF259C7-SegmentedRaftLog:OPENED:c-1,f-1,i0, conf=-1: [8df7c35a-b2af-4aa3-b2ea-ebc25917681d:192.168.69.112:42509, e7a3f9df-59d0-4b1c-af2f-429d00af68b5:192.168.69.112:43944, 9d8b0a0e-9d22-4935-bd66-2b722dc07855:192.168.69.112:38000], old=null
2019-09-12 09:42:48,107 [e7a3f9df-59d0-4b1c-af2f-429d00af68b5@group-B8998CF259C7:LeaderElection87] INFO  impl.RoleInfo (RoleInfo.java:shutdownLeaderElection(134)) - e7a3f9df-59d0-4b1c-af2f-429d00af68b5: shutdown LeaderElection
2019-09-12 09:42:48,107 [grpc-default-executor-9] INFO  impl.RaftServerImpl (ServerState.java:setLeader(253)) - ab1435ba-055f-42a6-ac0c-0c241e3586c1@group-17840A3B8B0B: change Leader from null to 06e1cc61-18a3-42d4-aec7-b27779cb650a at term 2 for appendEntries, leader elected after 10459ms
2019-09-12 09:42:48,110 [grpc-default-executor-3] INFO  impl.RaftServerImpl (ServerState.java:setLeader(253)) - 040e264f-7231-418c-8fde-c9895bbf90ff@group-17840A3B8B0B: change Leader from null to 06e1cc61-18a3-42d4-aec7-b27779cb650a at term 2 for appendEntries, leader elected after 10461ms
2019-09-12 09:42:48,107 [e7a3f9df-59d0-4b1c-af2f-429d00af68b5@group-B8998CF259C7:LeaderElection87] INFO  impl.RaftServerImpl (RaftServerImpl.java:setRole(174)) - e7a3f9df-59d0-4b1c-af2f-429d00af68b5@group-B8998CF259C7: changes role from CANDIDATE to LEADER at term 2 for changeToLeader
2019-09-12 09:42:48,110 [e7a3f9df-59d0-4b1c-af2f-429d00af68b5@group-B8998CF259C7:LeaderElection87] INFO  impl.RaftServerImpl (ServerState.java:setLeader(253)) - e7a3f9df-59d0-4b1c-af2f-429d00af68b5@group-B8998CF259C7: change Leader from null to e7a3f9df-59d0-4b1c-af2f-429d00af68b5 at term 2 for becomeLeader, leader elected after 10558ms
2019-09-12 09:42:48,111 [e7a3f9df-59d0-4b1c-af2f-429d00af68b5@group-B8998CF259C7:LeaderElection87] INFO  server.RaftServerConfigKeys (ConfUtils.java:logGet(43)) - raft.server.staging.catchup.gap = 1000 (default)
2019-09-12 09:42:48,111 [e7a3f9df-59d0-4b1c-af2f-429d00af68b5@group-B8998CF259C7:LeaderElection87] INFO  server.RaftServerConfigKeys (ConfUtils.java:logGet(43)) - raft.server.rpc.sleep.time = 25ms (default)
2019-09-12 09:42:48,111 [e7a3f9df-59d0-4b1c-af2f-429d00af68b5@group-B8998CF259C7:LeaderElection87] INFO  server.RaftServerConfigKeys (ConfUtils.java:logGet(43)) - raft.server.write.element-limit = 4096 (default)
2019-09-12 09:42:48,111 [e7a3f9df-59d0-4b1c-af2f-429d00af68b5@group-B8998CF259C7:LeaderElection87] INFO  server.RaftServerConfigKeys (ConfUtils.java:logGet(43)) - raft.server.watch.timeout = 10s (default)
2019-09-12 09:42:48,112 [e7a3f9df-59d0-4b1c-af2f-429d00af68b5@group-B8998CF259C7:LeaderElection87] INFO  server.RaftServerConfigKeys (ConfUtils.java:logGet(43)) - raft.server.watch.timeout.denomination = 1s (default)
2019-09-12 09:42:48,112 [e7a3f9df-59d0-4b1c-af2f-429d00af68b5@group-B8998CF259C7:LeaderElection87] INFO  server.RaftServerConfigKeys (ConfUtils.java:logGet(43)) - raft.server.watch.element-limit = 65536 (default)
2019-09-12 09:42:48,113 [grpc-default-executor-10] INFO  impl.RaftServerImpl (ServerState.java:setRaftConf(354)) - ab1435ba-055f-42a6-ac0c-0c241e3586c1@group-17840A3B8B0B: set configuration 0: [06e1cc61-18a3-42d4-aec7-b27779cb650a:192.168.69.112:41604, 040e264f-7231-418c-8fde-c9895bbf90ff:192.168.69.112:39080, ab1435ba-055f-42a6-ac0c-0c241e3586c1:192.168.69.112:46664], old=null at 0
2019-09-12 09:42:48,113 [grpc-default-executor-8] INFO  impl.RaftServerImpl (ServerState.java:setRaftConf(354)) - 040e264f-7231-418c-8fde-c9895bbf90ff@group-17840A3B8B0B: set configuration 0: [06e1cc61-18a3-42d4-aec7-b27779cb650a:192.168.69.112:41604, 040e264f-7231-418c-8fde-c9895bbf90ff:192.168.69.112:39080, ab1435ba-055f-42a6-ac0c-0c241e3586c1:192.168.69.112:46664], old=null at 0
2019-09-12 09:42:48,115 [grpc-default-executor-10] INFO  segmented.SegmentedRaftLogWorker (SegmentedRaftLogWorker.java:startLogSegment(380)) - ab1435ba-055f-42a6-ac0c-0c241e3586c1@group-17840A3B8B0B-SegmentedRaftLogWorker: Starting segment from index:0
2019-09-12 09:42:48,115 [grpc-default-executor-8] INFO  segmented.SegmentedRaftLogWorker (SegmentedRaftLogWorker.java:startLogSegment(380)) - 040e264f-7231-418c-8fde-c9895bbf90ff@group-17840A3B8B0B-SegmentedRaftLogWorker: Starting segment from index:0
2019-09-12 09:42:48,116 [grpc-default-executor-10] INFO  client.GrpcClientProtocolClient (GrpcClientProtocolClient.java:onNext(264)) - client-950977FD9448->ab1435ba-055f-42a6-ac0c-0c241e3586c1: receive RaftClientReply:client-950977FD9448->ab1435ba-055f-42a6-ac0c-0c241e3586c1@group-17840A3B8B0B, cid=215, FAILED org.apache.ratis.protocol.NotLeaderException: Server ab1435ba-055f-42a6-ac0c-0c241e3586c1@group-17840A3B8B0B is not the leader 06e1cc61-18a3-42d4-aec7-b27779cb650a:192.168.69.112:41604, logIndex=0, commits[ab1435ba-055f-42a6-ac0c-0c241e3586c1:c-1, 06e1cc61-18a3-42d4-aec7-b27779cb650a:c-1, 040e264f-7231-418c-8fde-c9895bbf90ff:c-1]
2019-09-12 09:42:48,150 [e7a3f9df-59d0-4b1c-af2f-429d00af68b5@group-B8998CF259C7:LeaderElection87] INFO  server.RaftServerConfigKeys (ConfUtils.java:logGet(43)) - raft.server.log.appender.snapshot.chunk.size.max = 16MB (=16777216) (default)
2019-09-12 09:42:48,150 [e7a3f9df-59d0-4b1c-af2f-429d00af68b5@group-B8998CF259C7:LeaderElection87] INFO  server.RaftServerConfigKeys (ConfUtils.java:logGet(43)) - raft.server.log.appender.buffer.byte-limit = 33554432 (custom)
2019-09-12 09:42:48,151 [e7a3f9df-59d0-4b1c-af2f-429d00af68b5@group-B8998CF259C7:LeaderElection87] INFO  server.RaftServerConfigKeys (ConfUtils.java:logGet(43)) - raft.server.log.appender.buffer.element-limit = 1 (custom)
2019-09-12 09:42:48,151 [e7a3f9df-59d0-4b1c-af2f-429d00af68b5@group-B8998CF259C7:LeaderElection87] INFO  grpc.GrpcConfigKeys$Server (ConfUtils.java:logGet(43)) - raft.grpc.server.leader.outstanding.appends.max = 128 (default)
2019-09-12 09:42:48,151 [e7a3f9df-59d0-4b1c-af2f-429d00af68b5@group-B8998CF259C7:LeaderElection87] INFO  server.RaftServerConfigKeys (ConfUtils.java:logGet(43)) - raft.server.rpc.request.timeout = 3000ms (default)
2019-09-12 09:42:48,152 [e7a3f9df-59d0-4b1c-af2f-429d00af68b5@group-B8998CF259C7:LeaderElection87] INFO  server.RaftServerConfigKeys (ConfUtils.java:logGet(43)) - raft.server.log.appender.install.snapshot.enabled = false (custom)
2019-09-12 09:42:48,152 [e7a3f9df-59d0-4b1c-af2f-429d00af68b5@group-B8998CF259C7:LeaderElection87] INFO  server.RaftServerConfigKeys (ConfUtils.java:logGet(43)) - raft.server.log.appender.snapshot.chunk.size.max = 16MB (=16777216) (default)
2019-09-12 09:42:48,153 [e7a3f9df-59d0-4b1c-af2f-429d00af68b5@group-B8998CF259C7:LeaderElection87] INFO  server.RaftServerConfigKeys (ConfUtils.java:logGet(43)) - raft.server.log.appender.buffer.byte-limit = 33554432 (custom)
2019-09-12 09:42:48,153 [e7a3f9df-59d0-4b1c-af2f-429d00af68b5@group-B8998CF259C7:LeaderElection87] INFO  server.RaftServerConfigKeys (ConfUtils.java:logGet(43)) - raft.server.log.appender.buffer.element-limit = 1 (custom)
2019-09-12 09:42:48,153 [e7a3f9df-59d0-4b1c-af2f-429d00af68b5@group-B8998CF259C7:LeaderElection87] INFO  grpc.GrpcConfigKeys$Server (ConfUtils.java:logGet(43)) - raft.grpc.server.leader.outstanding.appends.max = 128 (default)
2019-09-12 09:42:48,154 [e7a3f9df-59d0-4b1c-af2f-429d00af68b5@group-B8998CF259C7:LeaderElection87] INFO  server.RaftServerConfigKeys (ConfUtils.java:logGet(43)) - raft.server.rpc.request.timeout = 3000ms (default)
2019-09-12 09:42:48,154 [e7a3f9df-59d0-4b1c-af2f-429d00af68b5@group-B8998CF259C7:LeaderElection87] INFO  server.RaftServerConfigKeys (ConfUtils.java:logGet(43)) - raft.server.log.appender.install.snapshot.enabled = false (custom)
2019-09-12 09:42:48,155 [e7a3f9df-59d0-4b1c-af2f-429d00af68b5@group-B8998CF259C7:LeaderElection87] INFO  impl.RoleInfo (RoleInfo.java:updateAndGet(143)) - e7a3f9df-59d0-4b1c-af2f-429d00af68b5: start LeaderState
2019-09-12 09:42:48,155 [e7a3f9df-59d0-4b1c-af2f-429d00af68b5@group-B8998CF259C7:LeaderElection87] INFO  segmented.SegmentedRaftLogWorker (SegmentedRaftLogWorker.java:startLogSegment(380)) - e7a3f9df-59d0-4b1c-af2f-429d00af68b5@group-B8998CF259C7-SegmentedRaftLogWorker: Starting segment from index:0
2019-09-12 09:42:48,152 [06e1cc61-18a3-42d4-aec7-b27779cb650a@group-17840A3B8B0B-SegmentedRaftLogWorker] INFO  segmented.SegmentedRaftLogWorker (SegmentedRaftLogWorker.java:execute(569)) - 06e1cc61-18a3-42d4-aec7-b27779cb650a@group-17840A3B8B0B-SegmentedRaftLogWorker: created new log segment /workdir/hadoop-ozone/integration-test/target/test-dir/MiniOzoneClusterImpl-24bb607f-2e24-47f8-b34a-f96654db79dd/datanode-6/data/ratis/da0ce2f5-d18f-4adc-a07b-17840a3b8b0b/current/log_inprogress_0
2019-09-12 09:42:48,159 [e7a3f9df-59d0-4b1c-af2f-429d00af68b5@group-B8998CF259C7:LeaderElection87] INFO  impl.RaftServerImpl (ServerState.java:setRaftConf(354)) - e7a3f9df-59d0-4b1c-af2f-429d00af68b5@group-B8998CF259C7: set configuration 0: [8df7c35a-b2af-4aa3-b2ea-ebc25917681d:192.168.69.112:42509, e7a3f9df-59d0-4b1c-af2f-429d00af68b5:192.168.69.112:43944, 9d8b0a0e-9d22-4935-bd66-2b722dc07855:192.168.69.112:38000], old=null at 0
2019-09-12 09:42:48,187 [ab1435ba-055f-42a6-ac0c-0c241e3586c1@group-17840A3B8B0B-SegmentedRaftLogWorker] INFO  segmented.SegmentedRaftLogWorker (SegmentedRaftLogWorker.java:execute(569)) - ab1435ba-055f-42a6-ac0c-0c241e3586c1@group-17840A3B8B0B-SegmentedRaftLogWorker: created new log segment /workdir/hadoop-ozone/integration-test/target/test-dir/MiniOzoneClusterImpl-24bb607f-2e24-47f8-b34a-f96654db79dd/datanode-3/data/ratis/da0ce2f5-d18f-4adc-a07b-17840a3b8b0b/current/log_inprogress_0
2019-09-12 09:42:48,187 [grpc-default-executor-9] INFO  impl.RaftServerImpl (RaftServerImpl.java:requestVote(758)) - e7a3f9df-59d0-4b1c-af2f-429d00af68b5@group-B8998CF259C7-   LEADER: Withhold vote from candidate 9d8b0a0e-9d22-4935-bd66-2b722dc07855 with term 2. State: leader=e7a3f9df-59d0-4b1c-af2f-429d00af68b5, term=2, lastRpcElapsed=null
2019-09-12 09:42:48,191 [9d8b0a0e-9d22-4935-bd66-2b722dc07855@group-B8998CF259C7:LeaderElection88] INFO  impl.LeaderElection (LeaderElection.java:logAndReturn(56)) - 9d8b0a0e-9d22-4935-bd66-2b722dc07855@group-B8998CF259C7:LeaderElection88: Election REJECTED; received 2 response(s) [9d8b0a0e-9d22-4935-bd66-2b722dc07855<-8df7c35a-b2af-4aa3-b2ea-ebc25917681d#0:FAIL-t2, 9d8b0a0e-9d22-4935-bd66-2b722dc07855<-e7a3f9df-59d0-4b1c-af2f-429d00af68b5#0:FAIL-t2] and 0 exception(s); 9d8b0a0e-9d22-4935-bd66-2b722dc07855@group-B8998CF259C7:t2, leader=null, voted=9d8b0a0e-9d22-4935-bd66-2b722dc07855, raftlog=9d8b0a0e-9d22-4935-bd66-2b722dc07855@group-B8998CF259C7-SegmentedRaftLog:OPENED:c-1,f-1,i0, conf=-1: [8df7c35a-b2af-4aa3-b2ea-ebc25917681d:192.168.69.112:42509, e7a3f9df-59d0-4b1c-af2f-429d00af68b5:192.168.69.112:43944, 9d8b0a0e-9d22-4935-bd66-2b722dc07855:192.168.69.112:38000], old=null
2019-09-12 09:42:48,191 [grpc-default-executor-9] INFO  client.GrpcClientProtocolClient (GrpcClientProtocolClient.java:onNext(264)) - client-950977FD9448->06e1cc61-18a3-42d4-aec7-b27779cb650a: receive RaftClientReply:client-950977FD9448->06e1cc61-18a3-42d4-aec7-b27779cb650a@group-17840A3B8B0B, cid=215, FAILED org.apache.ratis.protocol.LeaderNotReadyException: 06e1cc61-18a3-42d4-aec7-b27779cb650a@group-17840A3B8B0B is in LEADER state but not ready yet., logIndex=0, commits[06e1cc61-18a3-42d4-aec7-b27779cb650a:c-1, 040e264f-7231-418c-8fde-c9895bbf90ff:c-1, ab1435ba-055f-42a6-ac0c-0c241e3586c1:c-1]
2019-09-12 09:42:48,191 [grpc-default-executor-8] INFO  impl.RaftServerImpl (RaftServerImpl.java:setRole(174)) - 9d8b0a0e-9d22-4935-bd66-2b722dc07855@group-B8998CF259C7: changes role from CANDIDATE to FOLLOWER at term 2 for appendEntries
2019-09-12 09:42:48,193 [grpc-default-executor-8] INFO  impl.RoleInfo (RoleInfo.java:shutdownLeaderElection(134)) - 9d8b0a0e-9d22-4935-bd66-2b722dc07855: shutdown LeaderElection
2019-09-12 09:42:48,193 [grpc-default-executor-9] INFO  impl.RaftServerImpl (ServerState.java:setLeader(253)) - 8df7c35a-b2af-4aa3-b2ea-ebc25917681d@group-B8998CF259C7: change Leader from null to e7a3f9df-59d0-4b1c-af2f-429d00af68b5 at term 2 for appendEntries, leader elected after 10640ms
2019-09-12 09:42:48,195 [grpc-default-executor-8] INFO  impl.RoleInfo (RoleInfo.java:updateAndGet(143)) - 9d8b0a0e-9d22-4935-bd66-2b722dc07855: start FollowerState
2019-09-12 09:42:48,195 [grpc-default-executor-8] INFO  impl.RaftServerImpl (ServerState.java:setLeader(253)) - 9d8b0a0e-9d22-4935-bd66-2b722dc07855@group-B8998CF259C7: change Leader from null to e7a3f9df-59d0-4b1c-af2f-429d00af68b5 at term 2 for appendEntries, leader elected after 10642ms
2019-09-12 09:42:48,196 [grpc-default-executor-9] INFO  impl.RaftServerImpl (ServerState.java:setRaftConf(354)) - 8df7c35a-b2af-4aa3-b2ea-ebc25917681d@group-B8998CF259C7: set configuration 0: [8df7c35a-b2af-4aa3-b2ea-ebc25917681d:192.168.69.112:42509, e7a3f9df-59d0-4b1c-af2f-429d00af68b5:192.168.69.112:43944, 9d8b0a0e-9d22-4935-bd66-2b722dc07855:192.168.69.112:38000], old=null at 0
2019-09-12 09:42:48,197 [grpc-default-executor-9] INFO  segmented.SegmentedRaftLogWorker (SegmentedRaftLogWorker.java:startLogSegment(380)) - 8df7c35a-b2af-4aa3-b2ea-ebc25917681d@group-B8998CF259C7-SegmentedRaftLogWorker: Starting segment from index:0
2019-09-12 09:42:48,197 [grpc-default-executor-8] INFO  impl.RaftServerImpl (ServerState.java:setRaftConf(354)) - 9d8b0a0e-9d22-4935-bd66-2b722dc07855@group-B8998CF259C7: set configuration 0: [8df7c35a-b2af-4aa3-b2ea-ebc25917681d:192.168.69.112:42509, e7a3f9df-59d0-4b1c-af2f-429d00af68b5:192.168.69.112:43944, 9d8b0a0e-9d22-4935-bd66-2b722dc07855:192.168.69.112:38000], old=null at 0
2019-09-12 09:42:48,197 [grpc-default-executor-8] INFO  segmented.SegmentedRaftLogWorker (SegmentedRaftLogWorker.java:startLogSegment(380)) - 9d8b0a0e-9d22-4935-bd66-2b722dc07855@group-B8998CF259C7-SegmentedRaftLogWorker: Starting segment from index:0
2019-09-12 09:42:48,211 [040e264f-7231-418c-8fde-c9895bbf90ff@group-17840A3B8B0B-SegmentedRaftLogWorker] INFO  segmented.SegmentedRaftLogWorker (SegmentedRaftLogWorker.java:execute(569)) - 040e264f-7231-418c-8fde-c9895bbf90ff@group-17840A3B8B0B-SegmentedRaftLogWorker: created new log segment /workdir/hadoop-ozone/integration-test/target/test-dir/MiniOzoneClusterImpl-24bb607f-2e24-47f8-b34a-f96654db79dd/datanode-4/data/ratis/da0ce2f5-d18f-4adc-a07b-17840a3b8b0b/current/log_inprogress_0
2019-09-12 09:42:48,211 [e7a3f9df-59d0-4b1c-af2f-429d00af68b5@group-B8998CF259C7-SegmentedRaftLogWorker] INFO  segmented.SegmentedRaftLogWorker (SegmentedRaftLogWorker.java:execute(569)) - e7a3f9df-59d0-4b1c-af2f-429d00af68b5@group-B8998CF259C7-SegmentedRaftLogWorker: created new log segment /workdir/hadoop-ozone/integration-test/target/test-dir/MiniOzoneClusterImpl-24bb607f-2e24-47f8-b34a-f96654db79dd/datanode-1/data/ratis/197a84bb-c10f-4e81-ae38-b8998cf259c7/current/log_inprogress_0
2019-09-12 09:42:48,237 [8df7c35a-b2af-4aa3-b2ea-ebc25917681d@group-B8998CF259C7-SegmentedRaftLogWorker] INFO  segmented.SegmentedRaftLogWorker (SegmentedRaftLogWorker.java:execute(569)) - 8df7c35a-b2af-4aa3-b2ea-ebc25917681d@group-B8998CF259C7-SegmentedRaftLogWorker: created new log segment /workdir/hadoop-ozone/integration-test/target/test-dir/MiniOzoneClusterImpl-24bb607f-2e24-47f8-b34a-f96654db79dd/datanode-2/data/ratis/197a84bb-c10f-4e81-ae38-b8998cf259c7/current/log_inprogress_0
2019-09-12 09:42:48,254 [9d8b0a0e-9d22-4935-bd66-2b722dc07855@group-B8998CF259C7-SegmentedRaftLogWorker] INFO  segmented.SegmentedRaftLogWorker (SegmentedRaftLogWorker.java:execute(569)) - 9d8b0a0e-9d22-4935-bd66-2b722dc07855@group-B8998CF259C7-SegmentedRaftLogWorker: created new log segment /workdir/hadoop-ozone/integration-test/target/test-dir/MiniOzoneClusterImpl-24bb607f-2e24-47f8-b34a-f96654db79dd/datanode-0/data/ratis/197a84bb-c10f-4e81-ae38-b8998cf259c7/current/log_inprogress_0
2019-09-12 09:42:50,397 [grpc-default-executor-8] INFO  client.GrpcClientProtocolClient (GrpcClientProtocolClient.java:onNext(264)) - client-950977FD9448->06e1cc61-18a3-42d4-aec7-b27779cb650a: receive RaftClientReply:client-950977FD9448->06e1cc61-18a3-42d4-aec7-b27779cb650a@group-17840A3B8B0B, cid=215, SUCCESS, logIndex=1, commits[06e1cc61-18a3-42d4-aec7-b27779cb650a:c1, 040e264f-7231-418c-8fde-c9895bbf90ff:c0, ab1435ba-055f-42a6-ac0c-0c241e3586c1:c0]
2019-09-12 09:42:50,427 [grpc-default-executor-10] INFO  client.GrpcClientProtocolClient (GrpcClientProtocolClient.java:onNext(264)) - client-950977FD9448->06e1cc61-18a3-42d4-aec7-b27779cb650a: receive RaftClientReply:client-950977FD9448->06e1cc61-18a3-42d4-aec7-b27779cb650a@group-17840A3B8B0B, cid=216, SUCCESS, logIndex=3, commits[06e1cc61-18a3-42d4-aec7-b27779cb650a:c3, 040e264f-7231-418c-8fde-c9895bbf90ff:c2, ab1435ba-055f-42a6-ac0c-0c241e3586c1:c2]
2019-09-12 09:42:50,506 [grpc-default-executor-10] INFO  client.GrpcClientProtocolClient (GrpcClientProtocolClient.java:onNext(264)) - client-950977FD9448->06e1cc61-18a3-42d4-aec7-b27779cb650a: receive RaftClientReply:client-950977FD9448->06e1cc61-18a3-42d4-aec7-b27779cb650a@group-17840A3B8B0B, cid=217, SUCCESS, logIndex=4, commits[06e1cc61-18a3-42d4-aec7-b27779cb650a:c6, 040e264f-7231-418c-8fde-c9895bbf90ff:c4, ab1435ba-055f-42a6-ac0c-0c241e3586c1:c4]
2019-09-12 09:42:50,508 [EventQueue-CloseContainerForCloseContainerEventHandler] INFO  container.CloseContainerEventHandler (CloseContainerEventHandler.java:onMessage(61)) - Close container Event triggered for container : #1
2019-09-12 09:42:50,509 [EventQueue-CloseContainerForCloseContainerEventHandler] INFO  container.CloseContainerEventHandler (CloseContainerEventHandler.java:onMessage(61)) - Close container Event triggered for container : #1
2019-09-12 09:42:50,510 [EventQueue-CloseContainerForCloseContainerEventHandler] INFO  container.CloseContainerEventHandler (CloseContainerEventHandler.java:onMessage(61)) - Close container Event triggered for container : #1
2019-09-12 09:42:52,453 [RatisApplyTransactionExecutor 1] INFO  interfaces.Container (KeyValueContainer.java:flushAndSyncDB(386)) - Container 1 is synced with bcsId 4.
2019-09-12 09:42:52,453 [RatisApplyTransactionExecutor 1] INFO  interfaces.Container (KeyValueContainer.java:flushAndSyncDB(386)) - Container 1 is synced with bcsId 4.
2019-09-12 09:42:52,453 [RatisApplyTransactionExecutor 1] INFO  interfaces.Container (KeyValueContainer.java:flushAndSyncDB(386)) - Container 1 is synced with bcsId 4.
2019-09-12 09:42:52,454 [RatisApplyTransactionExecutor 1] INFO  interfaces.Container (KeyValueContainer.java:flushAndSyncDB(386)) - Container 1 is synced with bcsId 4.
2019-09-12 09:42:52,453 [RatisApplyTransactionExecutor 1] INFO  interfaces.Container (KeyValueContainer.java:flushAndSyncDB(386)) - Container 1 is synced with bcsId 4.
2019-09-12 09:42:52,454 [RatisApplyTransactionExecutor 1] INFO  interfaces.Container (KeyValueContainer.java:flushAndSyncDB(386)) - Container 1 is synced with bcsId 4.
2019-09-12 09:42:52,486 [RatisApplyTransactionExecutor 1] INFO  interfaces.Container (KeyValueContainer.java:close(335)) - Container 1 is closed with bcsId 4.
2019-09-12 09:42:52,486 [RatisApplyTransactionExecutor 1] INFO  interfaces.Container (KeyValueContainer.java:close(335)) - Container 1 is closed with bcsId 4.
2019-09-12 09:42:52,486 [RatisApplyTransactionExecutor 1] INFO  interfaces.Container (KeyValueContainer.java:close(335)) - Container 1 is closed with bcsId 4.
2019-09-12 09:42:52,487 [EventQueue-IncrementalContainerReportForIncrementalContainerReportHandler] INFO  container.IncrementalContainerReportHandler (AbstractContainerReportHandler.java:updateContainerState(176)) - Moving container #1 to CLOSED state, datanode ab1435ba-055f-42a6-ac0c-0c241e3586c1{ip: 192.168.69.112, host: pr-hdds-2117-slf27-1599733614, networkLocation: /default-rack, certSerialId: null} reported CLOSED replica.
09:42:52.513 [grpc-default-executor-3] ERROR DNAudit - user=null | ip=null | op=WRITE_CHUNK {blockData=conID: 1 locID: 102778887074742288 bcsId: 4} | ret=FAILURE
org.apache.hadoop.hdds.scm.container.common.helpers.ContainerNotOpenException: Container 1 in CLOSED state
	at org.apache.hadoop.ozone.container.common.impl.HddsDispatcher.validateContainerCommand(HddsDispatcher.java:429) ~[hadoop-hdds-container-service-0.5.0-SNAPSHOT.jar:?]
	at org.apache.hadoop.ozone.container.common.transport.server.ratis.ContainerStateMachine.startTransaction(ContainerStateMachine.java:315) ~[hadoop-hdds-container-service-0.5.0-SNAPSHOT.jar:?]
	at org.apache.ratis.server.impl.RaftServerImpl.submitClientRequestAsync(RaftServerImpl.java:573) ~[ratis-server-0.4.0-78e95b9-SNAPSHOT.jar:0.4.0-78e95b9-SNAPSHOT]
	at org.apache.ratis.server.impl.RaftServerProxy.lambda$submitClientRequestAsync$7(RaftServerProxy.java:333) ~[ratis-server-0.4.0-78e95b9-SNAPSHOT.jar:0.4.0-78e95b9-SNAPSHOT]
	at org.apache.ratis.server.impl.RaftServerProxy.lambda$null$5(RaftServerProxy.java:328) ~[ratis-server-0.4.0-78e95b9-SNAPSHOT.jar:0.4.0-78e95b9-SNAPSHOT]
	at org.apache.ratis.util.JavaUtils.callAsUnchecked(JavaUtils.java:109) ~[ratis-common-0.4.0-78e95b9-SNAPSHOT.jar:0.4.0-78e95b9-SNAPSHOT]
	at org.apache.ratis.server.impl.RaftServerProxy.lambda$submitRequest$6(RaftServerProxy.java:328) ~[ratis-server-0.4.0-78e95b9-SNAPSHOT.jar:0.4.0-78e95b9-SNAPSHOT]
	at java.util.concurrent.CompletableFuture.uniComposeStage(CompletableFuture.java:981) ~[?:1.8.0_212]
	at java.util.concurrent.CompletableFuture.thenCompose(CompletableFuture.java:2124) ~[?:1.8.0_212]
	at org.apache.ratis.server.impl.RaftServerProxy.submitRequest(RaftServerProxy.java:327) ~[ratis-server-0.4.0-78e95b9-SNAPSHOT.jar:0.4.0-78e95b9-SNAPSHOT]
	at org.apache.ratis.server.impl.RaftServerProxy.submitClientRequestAsync(RaftServerProxy.java:333) ~[ratis-server-0.4.0-78e95b9-SNAPSHOT.jar:0.4.0-78e95b9-SNAPSHOT]
	at org.apache.ratis.grpc.client.GrpcClientProtocolService$RequestStreamObserver.processClientRequest(GrpcClientProtocolService.java:220) ~[ratis-grpc-0.4.0-78e95b9-SNAPSHOT.jar:0.4.0-78e95b9-SNAPSHOT]
	at org.apache.ratis.grpc.client.GrpcClientProtocolService$OrderedRequestStreamObserver.processClientRequest(GrpcClientProtocolService.java:326) ~[ratis-grpc-0.4.0-78e95b9-SNAPSHOT.jar:0.4.0-78e95b9-SNAPSHOT]
	at org.apache.ratis.util.SlidingWindow$Server.processRequestsFromHead(SlidingWindow.java:429) [ratis-common-0.4.0-78e95b9-SNAPSHOT.jar:0.4.0-78e95b9-SNAPSHOT]
	at org.apache.ratis.util.SlidingWindow$Server.receivedRequest(SlidingWindow.java:421) [ratis-common-0.4.0-78e95b9-SNAPSHOT.jar:0.4.0-78e95b9-SNAPSHOT]
	at org.apache.ratis.grpc.client.GrpcClientProtocolService$OrderedRequestStreamObserver.processClientRequest(GrpcClientProtocolService.java:345) [ratis-grpc-0.4.0-78e95b9-SNAPSHOT.jar:0.4.0-78e95b9-SNAPSHOT]
	at org.apache.ratis.grpc.client.GrpcClientProtocolService$RequestStreamObserver.onNext(GrpcClientProtocolService.java:240) [ratis-grpc-0.4.0-78e95b9-SNAPSHOT.jar:0.4.0-78e95b9-SNAPSHOT]
	at org.apache.ratis.grpc.client.GrpcClientProtocolService$RequestStreamObserver.onNext(GrpcClientProtocolService.java:168) [ratis-grpc-0.4.0-78e95b9-SNAPSHOT.jar:0.4.0-78e95b9-SNAPSHOT]
	at org.apache.ratis.thirdparty.io.grpc.stub.ServerCalls$StreamingServerCallHandler$StreamingServerCallListener.onMessage(ServerCalls.java:248) [ratis-thirdparty-misc-0.2.0.jar:0.2.0]
	at org.apache.ratis.thirdparty.io.grpc.internal.ServerCallImpl$ServerStreamListenerImpl.messagesAvailable(ServerCallImpl.java:263) [ratis-thirdparty-misc-0.2.0.jar:0.2.0]
	at org.apache.ratis.thirdparty.io.grpc.internal.ServerImpl$JumpToApplicationThreadServerStreamListener$1MessagesAvailable.runInContext(ServerImpl.java:686) [ratis-thirdparty-misc-0.2.0.jar:0.2.0]
	at org.apache.ratis.thirdparty.io.grpc.internal.ContextRunnable.run(ContextRunnable.java:37) [ratis-thirdparty-misc-0.2.0.jar:0.2.0]
	at org.apache.ratis.thirdparty.io.grpc.internal.SerializingExecutor.run(SerializingExecutor.java:123) [ratis-thirdparty-misc-0.2.0.jar:0.2.0]
	at java.util.concurrent.ThreadPoolExecutor.runWorker(ThreadPoolExecutor.java:1149) [?:1.8.0_212]
	at java.util.concurrent.ThreadPoolExecutor$Worker.run(ThreadPoolExecutor.java:624) [?:1.8.0_212]
	at java.lang.Thread.run(Thread.java:748) [?:1.8.0_212]
09:42:52.523 [grpc-default-executor-3] ERROR DNAudit - user=null | ip=null | op=WRITE_CHUNK {blockData=conID: 1 locID: 102778887074742288 bcsId: 4} | ret=FAILURE
org.apache.hadoop.hdds.scm.container.common.helpers.ContainerNotOpenException: Container 1 in CLOSED state
	at org.apache.hadoop.ozone.container.common.impl.HddsDispatcher.validateContainerCommand(HddsDispatcher.java:429) ~[hadoop-hdds-container-service-0.5.0-SNAPSHOT.jar:?]
	at org.apache.hadoop.ozone.container.common.transport.server.ratis.ContainerStateMachine.startTransaction(ContainerStateMachine.java:315) ~[hadoop-hdds-container-service-0.5.0-SNAPSHOT.jar:?]
	at org.apache.ratis.server.impl.RaftServerImpl.submitClientRequestAsync(RaftServerImpl.java:573) ~[ratis-server-0.4.0-78e95b9-SNAPSHOT.jar:0.4.0-78e95b9-SNAPSHOT]
	at org.apache.ratis.server.impl.RaftServerProxy.lambda$submitClientRequestAsync$7(RaftServerProxy.java:333) ~[ratis-server-0.4.0-78e95b9-SNAPSHOT.jar:0.4.0-78e95b9-SNAPSHOT]
	at org.apache.ratis.server.impl.RaftServerProxy.lambda$null$5(RaftServerProxy.java:328) ~[ratis-server-0.4.0-78e95b9-SNAPSHOT.jar:0.4.0-78e95b9-SNAPSHOT]
	at org.apache.ratis.util.JavaUtils.callAsUnchecked(JavaUtils.java:109) ~[ratis-common-0.4.0-78e95b9-SNAPSHOT.jar:0.4.0-78e95b9-SNAPSHOT]
	at org.apache.ratis.server.impl.RaftServerProxy.lambda$submitRequest$6(RaftServerProxy.java:328) ~[ratis-server-0.4.0-78e95b9-SNAPSHOT.jar:0.4.0-78e95b9-SNAPSHOT]
	at java.util.concurrent.CompletableFuture.uniComposeStage(CompletableFuture.java:981) ~[?:1.8.0_212]
	at java.util.concurrent.CompletableFuture.thenCompose(CompletableFuture.java:2124) ~[?:1.8.0_212]
	at org.apache.ratis.server.impl.RaftServerProxy.submitRequest(RaftServerProxy.java:327) ~[ratis-server-0.4.0-78e95b9-SNAPSHOT.jar:0.4.0-78e95b9-SNAPSHOT]
	at org.apache.ratis.server.impl.RaftServerProxy.submitClientRequestAsync(RaftServerProxy.java:333) ~[ratis-server-0.4.0-78e95b9-SNAPSHOT.jar:0.4.0-78e95b9-SNAPSHOT]
	at org.apache.ratis.grpc.client.GrpcClientProtocolService$RequestStreamObserver.processClientRequest(GrpcClientProtocolService.java:220) ~[ratis-grpc-0.4.0-78e95b9-SNAPSHOT.jar:0.4.0-78e95b9-SNAPSHOT]
	at org.apache.ratis.grpc.client.GrpcClientProtocolService$OrderedRequestStreamObserver.processClientRequest(GrpcClientProtocolService.java:326) ~[ratis-grpc-0.4.0-78e95b9-SNAPSHOT.jar:0.4.0-78e95b9-SNAPSHOT]
	at org.apache.ratis.util.SlidingWindow$Server.processRequestsFromHead(SlidingWindow.java:429) [ratis-common-0.4.0-78e95b9-SNAPSHOT.jar:0.4.0-78e95b9-SNAPSHOT]
	at org.apache.ratis.util.SlidingWindow$Server.receivedRequest(SlidingWindow.java:421) [ratis-common-0.4.0-78e95b9-SNAPSHOT.jar:0.4.0-78e95b9-SNAPSHOT]
	at org.apache.ratis.grpc.client.GrpcClientProtocolService$OrderedRequestStreamObserver.processClientRequest(GrpcClientProtocolService.java:345) [ratis-grpc-0.4.0-78e95b9-SNAPSHOT.jar:0.4.0-78e95b9-SNAPSHOT]
	at org.apache.ratis.grpc.client.GrpcClientProtocolService$RequestStreamObserver.onNext(GrpcClientProtocolService.java:240) [ratis-grpc-0.4.0-78e95b9-SNAPSHOT.jar:0.4.0-78e95b9-SNAPSHOT]
	at org.apache.ratis.grpc.client.GrpcClientProtocolService$RequestStreamObserver.onNext(GrpcClientProtocolService.java:168) [ratis-grpc-0.4.0-78e95b9-SNAPSHOT.jar:0.4.0-78e95b9-SNAPSHOT]
	at org.apache.ratis.thirdparty.io.grpc.stub.ServerCalls$StreamingServerCallHandler$StreamingServerCallListener.onMessage(ServerCalls.java:248) [ratis-thirdparty-misc-0.2.0.jar:0.2.0]
	at org.apache.ratis.thirdparty.io.grpc.internal.ServerCallImpl$ServerStreamListenerImpl.messagesAvailable(ServerCallImpl.java:263) [ratis-thirdparty-misc-0.2.0.jar:0.2.0]
	at org.apache.ratis.thirdparty.io.grpc.internal.ServerImpl$JumpToApplicationThreadServerStreamListener$1MessagesAvailable.runInContext(ServerImpl.java:686) [ratis-thirdparty-misc-0.2.0.jar:0.2.0]
	at org.apache.ratis.thirdparty.io.grpc.internal.ContextRunnable.run(ContextRunnable.java:37) [ratis-thirdparty-misc-0.2.0.jar:0.2.0]
	at org.apache.ratis.thirdparty.io.grpc.internal.SerializingExecutor.run(SerializingExecutor.java:123) [ratis-thirdparty-misc-0.2.0.jar:0.2.0]
	at java.util.concurrent.ThreadPoolExecutor.runWorker(ThreadPoolExecutor.java:1149) [?:1.8.0_212]
	at java.util.concurrent.ThreadPoolExecutor$Worker.run(ThreadPoolExecutor.java:624) [?:1.8.0_212]
	at java.lang.Thread.run(Thread.java:748) [?:1.8.0_212]
2019-09-12 09:42:52,525 [grpc-default-executor-10] INFO  client.GrpcClientProtocolClient (GrpcClientProtocolClient.java:onNext(264)) - client-950977FD9448->06e1cc61-18a3-42d4-aec7-b27779cb650a: receive RaftClientReply:client-950977FD9448->06e1cc61-18a3-42d4-aec7-b27779cb650a@group-17840A3B8B0B, cid=218, FAILED org.apache.ratis.protocol.StateMachineException: org.apache.hadoop.hdds.scm.container.common.helpers.ContainerNotOpenException from Server 06e1cc61-18a3-42d4-aec7-b27779cb650a@group-17840A3B8B0B: Container 1 in CLOSED state, logIndex=0, commits[06e1cc61-18a3-42d4-aec7-b27779cb650a:c8, 040e264f-7231-418c-8fde-c9895bbf90ff:c7, ab1435ba-055f-42a6-ac0c-0c241e3586c1:c7]
09:42:52.525 [grpc-default-executor-3] ERROR DNAudit - user=null | ip=null | op=PUT_BLOCK {blockData=[blockId=conID: 1 locID: 102778887074742288 bcsId: 0,size=334]} | ret=FAILURE
org.apache.hadoop.hdds.scm.container.common.helpers.ContainerNotOpenException: Container 1 in CLOSED state
	at org.apache.hadoop.ozone.container.common.impl.HddsDispatcher.validateContainerCommand(HddsDispatcher.java:429) ~[hadoop-hdds-container-service-0.5.0-SNAPSHOT.jar:?]
	at org.apache.hadoop.ozone.container.common.transport.server.ratis.ContainerStateMachine.startTransaction(ContainerStateMachine.java:315) ~[hadoop-hdds-container-service-0.5.0-SNAPSHOT.jar:?]
	at org.apache.ratis.server.impl.RaftServerImpl.submitClientRequestAsync(RaftServerImpl.java:573) ~[ratis-server-0.4.0-78e95b9-SNAPSHOT.jar:0.4.0-78e95b9-SNAPSHOT]
	at org.apache.ratis.server.impl.RaftServerProxy.lambda$submitClientRequestAsync$7(RaftServerProxy.java:333) ~[ratis-server-0.4.0-78e95b9-SNAPSHOT.jar:0.4.0-78e95b9-SNAPSHOT]
	at org.apache.ratis.server.impl.RaftServerProxy.lambda$null$5(RaftServerProxy.java:328) ~[ratis-server-0.4.0-78e95b9-SNAPSHOT.jar:0.4.0-78e95b9-SNAPSHOT]
	at org.apache.ratis.util.JavaUtils.callAsUnchecked(JavaUtils.java:109) ~[ratis-common-0.4.0-78e95b9-SNAPSHOT.jar:0.4.0-78e95b9-SNAPSHOT]
	at org.apache.ratis.server.impl.RaftServerProxy.lambda$submitRequest$6(RaftServerProxy.java:328) ~[ratis-server-0.4.0-78e95b9-SNAPSHOT.jar:0.4.0-78e95b9-SNAPSHOT]
	at java.util.concurrent.CompletableFuture.uniComposeStage(CompletableFuture.java:981) ~[?:1.8.0_212]
	at java.util.concurrent.CompletableFuture.thenCompose(CompletableFuture.java:2124) ~[?:1.8.0_212]
	at org.apache.ratis.server.impl.RaftServerProxy.submitRequest(RaftServerProxy.java:327) ~[ratis-server-0.4.0-78e95b9-SNAPSHOT.jar:0.4.0-78e95b9-SNAPSHOT]
	at org.apache.ratis.server.impl.RaftServerProxy.submitClientRequestAsync(RaftServerProxy.java:333) ~[ratis-server-0.4.0-78e95b9-SNAPSHOT.jar:0.4.0-78e95b9-SNAPSHOT]
	at org.apache.ratis.grpc.client.GrpcClientProtocolService$RequestStreamObserver.processClientRequest(GrpcClientProtocolService.java:220) ~[ratis-grpc-0.4.0-78e95b9-SNAPSHOT.jar:0.4.0-78e95b9-SNAPSHOT]
	at org.apache.ratis.grpc.client.GrpcClientProtocolService$OrderedRequestStreamObserver.processClientRequest(GrpcClientProtocolService.java:326) ~[ratis-grpc-0.4.0-78e95b9-SNAPSHOT.jar:0.4.0-78e95b9-SNAPSHOT]
	at org.apache.ratis.util.SlidingWindow$Server.processRequestsFromHead(SlidingWindow.java:429) [ratis-common-0.4.0-78e95b9-SNAPSHOT.jar:0.4.0-78e95b9-SNAPSHOT]
	at org.apache.ratis.util.SlidingWindow$Server.receivedRequest(SlidingWindow.java:421) [ratis-common-0.4.0-78e95b9-SNAPSHOT.jar:0.4.0-78e95b9-SNAPSHOT]
	at org.apache.ratis.grpc.client.GrpcClientProtocolService$OrderedRequestStreamObserver.processClientRequest(GrpcClientProtocolService.java:345) [ratis-grpc-0.4.0-78e95b9-SNAPSHOT.jar:0.4.0-78e95b9-SNAPSHOT]
	at org.apache.ratis.grpc.client.GrpcClientProtocolService$RequestStreamObserver.onNext(GrpcClientProtocolService.java:240) [ratis-grpc-0.4.0-78e95b9-SNAPSHOT.jar:0.4.0-78e95b9-SNAPSHOT]
	at org.apache.ratis.grpc.client.GrpcClientProtocolService$RequestStreamObserver.onNext(GrpcClientProtocolService.java:168) [ratis-grpc-0.4.0-78e95b9-SNAPSHOT.jar:0.4.0-78e95b9-SNAPSHOT]
	at org.apache.ratis.thirdparty.io.grpc.stub.ServerCalls$StreamingServerCallHandler$StreamingServerCallListener.onMessage(ServerCalls.java:248) [ratis-thirdparty-misc-0.2.0.jar:0.2.0]
	at org.apache.ratis.thirdparty.io.grpc.internal.ServerCallImpl$ServerStreamListenerImpl.messagesAvailable(ServerCallImpl.java:263) [ratis-thirdparty-misc-0.2.0.jar:0.2.0]
	at org.apache.ratis.thirdparty.io.grpc.internal.ServerImpl$JumpToApplicationThreadServerStreamListener$1MessagesAvailable.runInContext(ServerImpl.java:686) [ratis-thirdparty-misc-0.2.0.jar:0.2.0]
	at org.apache.ratis.thirdparty.io.grpc.internal.ContextRunnable.run(ContextRunnable.java:37) [ratis-thirdparty-misc-0.2.0.jar:0.2.0]
	at org.apache.ratis.thirdparty.io.grpc.internal.SerializingExecutor.run(SerializingExecutor.java:123) [ratis-thirdparty-misc-0.2.0.jar:0.2.0]
	at java.util.concurrent.ThreadPoolExecutor.runWorker(ThreadPoolExecutor.java:1149) [?:1.8.0_212]
	at java.util.concurrent.ThreadPoolExecutor$Worker.run(ThreadPoolExecutor.java:624) [?:1.8.0_212]
	at java.lang.Thread.run(Thread.java:748) [?:1.8.0_212]
2019-09-12 09:42:52,537 [grpc-default-executor-3] INFO  client.GrpcClientProtocolClient (GrpcClientProtocolClient.java:onNext(264)) - client-950977FD9448->06e1cc61-18a3-42d4-aec7-b27779cb650a: receive RaftClientReply:client-950977FD9448->06e1cc61-18a3-42d4-aec7-b27779cb650a@group-17840A3B8B0B, cid=219, FAILED org.apache.ratis.protocol.StateMachineException: org.apache.hadoop.hdds.scm.container.common.helpers.ContainerNotOpenException from Server 06e1cc61-18a3-42d4-aec7-b27779cb650a@group-17840A3B8B0B: Container 1 in CLOSED state, logIndex=0, commits[06e1cc61-18a3-42d4-aec7-b27779cb650a:c8, 040e264f-7231-418c-8fde-c9895bbf90ff:c7, ab1435ba-055f-42a6-ac0c-0c241e3586c1:c7]
2019-09-12 09:42:52,538 [grpc-default-executor-3] INFO  client.GrpcClientProtocolClient (GrpcClientProtocolClient.java:onNext(264)) - client-950977FD9448->06e1cc61-18a3-42d4-aec7-b27779cb650a: receive RaftClientReply:client-950977FD9448->06e1cc61-18a3-42d4-aec7-b27779cb650a@group-17840A3B8B0B, cid=220, FAILED org.apache.ratis.protocol.StateMachineException: org.apache.hadoop.hdds.scm.container.common.helpers.ContainerNotOpenException from Server 06e1cc61-18a3-42d4-aec7-b27779cb650a@group-17840A3B8B0B: Container 1 in CLOSED state, logIndex=0, commits[06e1cc61-18a3-42d4-aec7-b27779cb650a:c8, 040e264f-7231-418c-8fde-c9895bbf90ff:c7, ab1435ba-055f-42a6-ac0c-0c241e3586c1:c7]
2019-09-12 09:42:52,594 [grpc-default-executor-3] INFO  client.GrpcClientProtocolClient (GrpcClientProtocolClient.java:onNext(264)) - client-127FADE3D66C->9d8b0a0e-9d22-4935-bd66-2b722dc07855: receive RaftClientReply:client-127FADE3D66C->9d8b0a0e-9d22-4935-bd66-2b722dc07855@group-B8998CF259C7, cid=221, FAILED org.apache.ratis.protocol.NotLeaderException: Server 9d8b0a0e-9d22-4935-bd66-2b722dc07855@group-B8998CF259C7 is not the leader e7a3f9df-59d0-4b1c-af2f-429d00af68b5:192.168.69.112:43944, logIndex=0, commits[9d8b0a0e-9d22-4935-bd66-2b722dc07855:c0, 8df7c35a-b2af-4aa3-b2ea-ebc25917681d:c0, e7a3f9df-59d0-4b1c-af2f-429d00af68b5:c0]
2019-09-12 09:42:52,780 [grpc-default-executor-10] INFO  client.GrpcClientProtocolClient (GrpcClientProtocolClient.java:onNext(264)) - client-127FADE3D66C->e7a3f9df-59d0-4b1c-af2f-429d00af68b5: receive RaftClientReply:client-127FADE3D66C->e7a3f9df-59d0-4b1c-af2f-429d00af68b5@group-B8998CF259C7, cid=221, SUCCESS, logIndex=1, commits[e7a3f9df-59d0-4b1c-af2f-429d00af68b5:c1, 8df7c35a-b2af-4aa3-b2ea-ebc25917681d:c0, 9d8b0a0e-9d22-4935-bd66-2b722dc07855:c0]
2019-09-12 09:42:53,139 [grpc-default-executor-10] INFO  client.GrpcClientProtocolClient (GrpcClientProtocolClient.java:onNext(264)) - client-127FADE3D66C->e7a3f9df-59d0-4b1c-af2f-429d00af68b5: receive RaftClientReply:client-127FADE3D66C->e7a3f9df-59d0-4b1c-af2f-429d00af68b5@group-B8998CF259C7, cid=222, SUCCESS, logIndex=3, commits[e7a3f9df-59d0-4b1c-af2f-429d00af68b5:c3, 8df7c35a-b2af-4aa3-b2ea-ebc25917681d:c1, 9d8b0a0e-9d22-4935-bd66-2b722dc07855:c1]
2019-09-12 09:42:53,226 [grpc-default-executor-10] INFO  client.GrpcClientProtocolClient (GrpcClientProtocolClient.java:onNext(264)) - client-127FADE3D66C->e7a3f9df-59d0-4b1c-af2f-429d00af68b5: receive RaftClientReply:client-127FADE3D66C->e7a3f9df-59d0-4b1c-af2f-429d00af68b5@group-B8998CF259C7, cid=223, SUCCESS, logIndex=4, commits[e7a3f9df-59d0-4b1c-af2f-429d00af68b5:c6, 8df7c35a-b2af-4aa3-b2ea-ebc25917681d:c3, 9d8b0a0e-9d22-4935-bd66-2b722dc07855:c3]
2019-09-12 09:42:54,227 [main] WARN  scm.XceiverClientRatis (XceiverClientRatis.java:watchForCommit(262)) - 3 way commit failed on pipeline Pipeline[ Id: 197a84bb-c10f-4e81-ae38-b8998cf259c7, Nodes: 9d8b0a0e-9d22-4935-bd66-2b722dc07855{ip: 192.168.69.112, host: pr-hdds-2117-slf27-1599733614, networkLocation: /default-rack, certSerialId: null}8df7c35a-b2af-4aa3-b2ea-ebc25917681d{ip: 192.168.69.112, host: pr-hdds-2117-slf27-1599733614, networkLocation: /default-rack, certSerialId: null}e7a3f9df-59d0-4b1c-af2f-429d00af68b5{ip: 192.168.69.112, host: pr-hdds-2117-slf27-1599733614, networkLocation: /default-rack, certSerialId: null}, Type:RATIS, Factor:THREE, State:OPEN]
java.util.concurrent.TimeoutException
	at java.util.concurrent.CompletableFuture.timedGet(CompletableFuture.java:1771)
	at java.util.concurrent.CompletableFuture.get(CompletableFuture.java:1915)
	at org.apache.hadoop.hdds.scm.XceiverClientRatis.watchForCommit(XceiverClientRatis.java:259)
	at org.apache.hadoop.hdds.scm.storage.CommitWatcher.watchForCommit(CommitWatcher.java:194)
	at org.apache.hadoop.hdds.scm.storage.CommitWatcher.watchOnLastIndex(CommitWatcher.java:157)
	at org.apache.hadoop.hdds.scm.storage.BlockOutputStream.watchForCommit(BlockOutputStream.java:347)
	at org.apache.hadoop.hdds.scm.storage.BlockOutputStream.handleFlush(BlockOutputStream.java:479)
	at org.apache.hadoop.hdds.scm.storage.BlockOutputStream.flush(BlockOutputStream.java:428)
	at org.apache.hadoop.ozone.client.io.BlockOutputStreamEntry.flush(BlockOutputStreamEntry.java:136)
	at org.apache.hadoop.ozone.client.io.KeyOutputStream.handleFlushOrClose(KeyOutputStream.java:442)
	at org.apache.hadoop.ozone.client.io.KeyOutputStream.flush(KeyOutputStream.java:396)
	at org.apache.hadoop.ozone.client.io.OzoneOutputStream.flush(OzoneOutputStream.java:54)
	at org.apache.hadoop.ozone.client.rpc.TestBlockOutputStreamWithFailures.testFailureWithPrimeSizedData(TestBlockOutputStreamWithFailures.java:633)
	at sun.reflect.NativeMethodAccessorImpl.invoke0(Native Method)
	at sun.reflect.NativeMethodAccessorImpl.invoke(NativeMethodAccessorImpl.java:62)
	at sun.reflect.DelegatingMethodAccessorImpl.invoke(DelegatingMethodAccessorImpl.java:43)
	at java.lang.reflect.Method.invoke(Method.java:498)
	at org.junit.runners.model.FrameworkMethod$1.runReflectiveCall(FrameworkMethod.java:47)
	at org.junit.internal.runners.model.ReflectiveCallable.run(ReflectiveCallable.java:12)
	at org.junit.runners.model.FrameworkMethod.invokeExplosively(FrameworkMethod.java:44)
	at org.junit.internal.runners.statements.InvokeMethod.evaluate(InvokeMethod.java:17)
	at org.junit.internal.runners.statements.RunBefores.evaluate(RunBefores.java:26)
	at org.junit.internal.runners.statements.RunAfters.evaluate(RunAfters.java:27)
	at org.junit.runners.ParentRunner.runLeaf(ParentRunner.java:271)
	at org.junit.runners.BlockJUnit4ClassRunner.runChild(BlockJUnit4ClassRunner.java:70)
	at org.junit.runners.BlockJUnit4ClassRunner.runChild(BlockJUnit4ClassRunner.java:50)
	at org.junit.runners.ParentRunner$3.run(ParentRunner.java:238)
	at org.junit.runners.ParentRunner$1.schedule(ParentRunner.java:63)
	at org.junit.runners.ParentRunner.runChildren(ParentRunner.java:236)
	at org.junit.runners.ParentRunner.access$000(ParentRunner.java:53)
	at org.junit.runners.ParentRunner$2.evaluate(ParentRunner.java:229)
	at org.junit.runners.ParentRunner.run(ParentRunner.java:309)
	at org.apache.maven.surefire.junit4.JUnit4Provider.execute(JUnit4Provider.java:365)
	at org.apache.maven.surefire.junit4.JUnit4Provider.executeWithRerun(JUnit4Provider.java:273)
	at org.apache.maven.surefire.junit4.JUnit4Provider.executeTestSet(JUnit4Provider.java:238)
	at org.apache.maven.surefire.junit4.JUnit4Provider.invoke(JUnit4Provider.java:159)
	at org.apache.maven.surefire.booter.ForkedBooter.invokeProviderInSameClassLoader(ForkedBooter.java:384)
	at org.apache.maven.surefire.booter.ForkedBooter.runSuitesInProcess(ForkedBooter.java:345)
	at org.apache.maven.surefire.booter.ForkedBooter.execute(ForkedBooter.java:126)
	at org.apache.maven.surefire.booter.ForkedBooter.main(ForkedBooter.java:418)
2019-09-12 09:42:55,232 [main] WARN  storage.CommitWatcher (CommitWatcher.java:watchForCommit(203)) - watchForCommit failed for index 4
java.util.concurrent.TimeoutException
	at java.util.concurrent.CompletableFuture.timedGet(CompletableFuture.java:1771)
	at java.util.concurrent.CompletableFuture.get(CompletableFuture.java:1915)
	at org.apache.hadoop.hdds.scm.XceiverClientRatis.watchForCommit(XceiverClientRatis.java:268)
	at org.apache.hadoop.hdds.scm.storage.CommitWatcher.watchForCommit(CommitWatcher.java:194)
	at org.apache.hadoop.hdds.scm.storage.CommitWatcher.watchOnLastIndex(CommitWatcher.java:157)
	at org.apache.hadoop.hdds.scm.storage.BlockOutputStream.watchForCommit(BlockOutputStream.java:347)
	at org.apache.hadoop.hdds.scm.storage.BlockOutputStream.handleFlush(BlockOutputStream.java:479)
	at org.apache.hadoop.hdds.scm.storage.BlockOutputStream.flush(BlockOutputStream.java:428)
	at org.apache.hadoop.ozone.client.io.BlockOutputStreamEntry.flush(BlockOutputStreamEntry.java:136)
	at org.apache.hadoop.ozone.client.io.KeyOutputStream.handleFlushOrClose(KeyOutputStream.java:442)
	at org.apache.hadoop.ozone.client.io.KeyOutputStream.flush(KeyOutputStream.java:396)
	at org.apache.hadoop.ozone.client.io.OzoneOutputStream.flush(OzoneOutputStream.java:54)
	at org.apache.hadoop.ozone.client.rpc.TestBlockOutputStreamWithFailures.testFailureWithPrimeSizedData(TestBlockOutputStreamWithFailures.java:633)
	at sun.reflect.NativeMethodAccessorImpl.invoke0(Native Method)
	at sun.reflect.NativeMethodAccessorImpl.invoke(NativeMethodAccessorImpl.java:62)
	at sun.reflect.DelegatingMethodAccessorImpl.invoke(DelegatingMethodAccessorImpl.java:43)
	at java.lang.reflect.Method.invoke(Method.java:498)
	at org.junit.runners.model.FrameworkMethod$1.runReflectiveCall(FrameworkMethod.java:47)
	at org.junit.internal.runners.model.ReflectiveCallable.run(ReflectiveCallable.java:12)
	at org.junit.runners.model.FrameworkMethod.invokeExplosively(FrameworkMethod.java:44)
	at org.junit.internal.runners.statements.InvokeMethod.evaluate(InvokeMethod.java:17)
	at org.junit.internal.runners.statements.RunBefores.evaluate(RunBefores.java:26)
	at org.junit.internal.runners.statements.RunAfters.evaluate(RunAfters.java:27)
	at org.junit.runners.ParentRunner.runLeaf(ParentRunner.java:271)
	at org.junit.runners.BlockJUnit4ClassRunner.runChild(BlockJUnit4ClassRunner.java:70)
	at org.junit.runners.BlockJUnit4ClassRunner.runChild(BlockJUnit4ClassRunner.java:50)
	at org.junit.runners.ParentRunner$3.run(ParentRunner.java:238)
	at org.junit.runners.ParentRunner$1.schedule(ParentRunner.java:63)
	at org.junit.runners.ParentRunner.runChildren(ParentRunner.java:236)
	at org.junit.runners.ParentRunner.access$000(ParentRunner.java:53)
	at org.junit.runners.ParentRunner$2.evaluate(ParentRunner.java:229)
	at org.junit.runners.ParentRunner.run(ParentRunner.java:309)
	at org.apache.maven.surefire.junit4.JUnit4Provider.execute(JUnit4Provider.java:365)
	at org.apache.maven.surefire.junit4.JUnit4Provider.executeWithRerun(JUnit4Provider.java:273)
	at org.apache.maven.surefire.junit4.JUnit4Provider.executeTestSet(JUnit4Provider.java:238)
	at org.apache.maven.surefire.junit4.JUnit4Provider.invoke(JUnit4Provider.java:159)
	at org.apache.maven.surefire.booter.ForkedBooter.invokeProviderInSameClassLoader(ForkedBooter.java:384)
	at org.apache.maven.surefire.booter.ForkedBooter.runSuitesInProcess(ForkedBooter.java:345)
	at org.apache.maven.surefire.booter.ForkedBooter.execute(ForkedBooter.java:126)
	at org.apache.maven.surefire.booter.ForkedBooter.main(ForkedBooter.java:418)
2019-09-12 09:42:55,234 [main] WARN  io.KeyOutputStream (KeyOutputStream.java:handleException(276)) - Encountered exception java.io.IOException: Unexpected Storage Container Exception: java.io.IOException: Unexpected Storage Container Exception: java.util.concurrent.TimeoutException on the pipeline Pipeline[ Id: 197a84bb-c10f-4e81-ae38-b8998cf259c7, Nodes: 9d8b0a0e-9d22-4935-bd66-2b722dc07855{ip: 192.168.69.112, host: pr-hdds-2117-slf27-1599733614, networkLocation: /default-rack, certSerialId: null}8df7c35a-b2af-4aa3-b2ea-ebc25917681d{ip: 192.168.69.112, host: pr-hdds-2117-slf27-1599733614, networkLocation: /default-rack, certSerialId: null}e7a3f9df-59d0-4b1c-af2f-429d00af68b5{ip: 192.168.69.112, host: pr-hdds-2117-slf27-1599733614, networkLocation: /default-rack, certSerialId: null}, Type:RATIS, Factor:THREE, State:OPEN]. The last committed block length is 0, uncommitted data length is 167 retry count 0
2019-09-12 09:42:55,459 [grpc-default-executor-3] INFO  client.GrpcClientProtocolClient (GrpcClientProtocolClient.java:onNext(264)) - client-7734EF4D2AA6->06e1cc61-18a3-42d4-aec7-b27779cb650a: receive RaftClientReply:client-7734EF4D2AA6->06e1cc61-18a3-42d4-aec7-b27779cb650a@group-17840A3B8B0B, cid=226, SUCCESS, logIndex=9, commits[06e1cc61-18a3-42d4-aec7-b27779cb650a:c9, 040e264f-7231-418c-8fde-c9895bbf90ff:c8, ab1435ba-055f-42a6-ac0c-0c241e3586c1:c8]
2019-09-12 09:42:55,501 [grpc-default-executor-10] INFO  client.GrpcClientProtocolClient (GrpcClientProtocolClient.java:onNext(264)) - client-7734EF4D2AA6->06e1cc61-18a3-42d4-aec7-b27779cb650a: receive RaftClientReply:client-7734EF4D2AA6->06e1cc61-18a3-42d4-aec7-b27779cb650a@group-17840A3B8B0B, cid=227, SUCCESS, logIndex=11, commits[06e1cc61-18a3-42d4-aec7-b27779cb650a:c12, 040e264f-7231-418c-8fde-c9895bbf90ff:c10, ab1435ba-055f-42a6-ac0c-0c241e3586c1:c10]
2019-09-12 09:42:55,589 [grpc-default-executor-10] INFO  client.GrpcClientProtocolClient (GrpcClientProtocolClient.java:onNext(264)) - client-7734EF4D2AA6->06e1cc61-18a3-42d4-aec7-b27779cb650a: receive RaftClientReply:client-7734EF4D2AA6->06e1cc61-18a3-42d4-aec7-b27779cb650a@group-17840A3B8B0B, cid=228, SUCCESS, logIndex=12, commits[06e1cc61-18a3-42d4-aec7-b27779cb650a:c14, 040e264f-7231-418c-8fde-c9895bbf90ff:c12, ab1435ba-055f-42a6-ac0c-0c241e3586c1:c12]
2019-09-12 09:42:55,591 [main] INFO  ozone.MiniOzoneClusterImpl (MiniOzoneClusterImpl.java:shutdown(307)) - Shutting down the Mini Ozone Cluster
2019-09-12 09:42:55,592 [main] INFO  ozone.MiniOzoneClusterImpl (MiniOzoneClusterImpl.java:stop(322)) - Stopping the Mini Ozone Cluster
2019-09-12 09:42:55,592 [main] INFO  ozone.MiniOzoneClusterImpl (MiniOzoneClusterImpl.java:stop(324)) - Stopping the OzoneManager
2019-09-12 09:42:55,592 [main] INFO  ipc.Server (Server.java:stop(3082)) - Stopping server on 46552
2019-09-12 09:42:55,611 [IPC Server listener on 46552] INFO  ipc.Server (Server.java:run(1185)) - Stopping IPC Server listener on 46552
2019-09-12 09:42:55,617 [IPC Server Responder] INFO  ipc.Server (Server.java:run(1319)) - Stopping IPC Server Responder
2019-09-12 09:42:55,617 [main] INFO  ratis.OzoneManagerDoubleBuffer (OzoneManagerDoubleBuffer.java:stop(248)) - Stopping OMDoubleBuffer flush thread
2019-09-12 09:42:55,656 [OMDoubleBufferFlushThread] INFO  ratis.OzoneManagerDoubleBuffer (OzoneManagerDoubleBuffer.java:flushTransactions(191)) - OMDoubleBuffer flush thread OMDoubleBufferFlushThread is interrupted and will exit. OMDoubleBufferFlushThread
2019-09-12 09:42:55,666 [main] INFO  utils.BackgroundService (BackgroundService.java:shutdown(148)) - Shutting down service KeyDeletingService
2019-09-12 09:42:55,676 [grpc-default-executor-9] INFO  client.GrpcClientProtocolClient (GrpcClientProtocolClient.java:onNext(264)) - client-127FADE3D66C->e7a3f9df-59d0-4b1c-af2f-429d00af68b5: receive RaftClientReply:client-127FADE3D66C->e7a3f9df-59d0-4b1c-af2f-429d00af68b5@group-B8998CF259C7, cid=225, SUCCESS, logIndex=0, commits[e7a3f9df-59d0-4b1c-af2f-429d00af68b5:c6, 8df7c35a-b2af-4aa3-b2ea-ebc25917681d:c3, 9d8b0a0e-9d22-4935-bd66-2b722dc07855:c6]
2019-09-12 09:42:55,677 [grpc-default-executor-9] INFO  client.GrpcClientProtocolClient (GrpcClientProtocolClient.java:onNext(264)) - client-127FADE3D66C->e7a3f9df-59d0-4b1c-af2f-429d00af68b5: receive RaftClientReply:client-127FADE3D66C->e7a3f9df-59d0-4b1c-af2f-429d00af68b5@group-B8998CF259C7, cid=224, SUCCESS, logIndex=0, commits[e7a3f9df-59d0-4b1c-af2f-429d00af68b5:c6, 8df7c35a-b2af-4aa3-b2ea-ebc25917681d:c6, 9d8b0a0e-9d22-4935-bd66-2b722dc07855:c6]
2019-09-12 09:42:55,677 [main] INFO  handler.ContextHandler (ContextHandler.java:doStop(910)) - Stopped o.e.j.w.WebAppContext@a21c74{/,null,UNAVAILABLE}{/ozoneManager}
2019-09-12 09:42:55,679 [main] INFO  server.AbstractConnector (AbstractConnector.java:doStop(318)) - Stopped ServerConnector@b8a144e{HTTP/1.1,[http/1.1]}{0.0.0.0:0}
2019-09-12 09:42:55,680 [main] INFO  handler.ContextHandler (ContextHandler.java:doStop(910)) - Stopped o.e.j.s.ServletContextHandler@54489296{/static,file:///workdir/hadoop-ozone/integration-test/target/test-classes/webapps/static,UNAVAILABLE}
2019-09-12 09:42:55,681 [main] INFO  handler.ContextHandler (ContextHandler.java:doStop(910)) - Stopped o.e.j.s.ServletContextHandler@13ef7fa1{/logs,file:///workdir/hadoop-ozone/integration-test/target/log,UNAVAILABLE}
2019-09-12 09:42:55,684 [main] INFO  ozone.MiniOzoneClusterImpl (MiniOzoneClusterImpl.java:stop(330)) - Shutting the HddsDatanodes
2019-09-12 09:42:55,745 [Datanode State Machine Thread - 0] INFO  statemachine.DatanodeStateMachine (DatanodeStateMachine.java:lambda$startDaemon$0(350)) - Ozone container server started.
2019-09-12 09:42:56,435 [Datanode State Machine Thread - 0] INFO  statemachine.DatanodeStateMachine (DatanodeStateMachine.java:lambda$startDaemon$0(350)) - Ozone container server started.
2019-09-12 09:42:59,772 [EventQueue-StaleNodeForStaleNodeHandler] INFO  node.StaleNodeHandler (StaleNodeHandler.java:onMessage(58)) - Datanode e7a3f9df-59d0-4b1c-af2f-429d00af68b5{ip: 192.168.69.112, host: pr-hdds-2117-slf27-1599733614, networkLocation: /default-rack, certSerialId: null} moved to stale state. Finalizing its pipelines [PipelineID=197a84bb-c10f-4e81-ae38-b8998cf259c7, PipelineID=ca769f75-4fe2-4683-84e7-d0e0c6dca956]
2019-09-12 09:42:59,773 [EventQueue-StaleNodeForStaleNodeHandler] INFO  pipeline.SCMPipelineManager (SCMPipelineManager.java:finalizeAndDestroyPipeline(311)) - destroying pipeline:Pipeline[ Id: 197a84bb-c10f-4e81-ae38-b8998cf259c7, Nodes: 9d8b0a0e-9d22-4935-bd66-2b722dc07855{ip: 192.168.69.112, host: pr-hdds-2117-slf27-1599733614, networkLocation: /default-rack, certSerialId: null}8df7c35a-b2af-4aa3-b2ea-ebc25917681d{ip: 192.168.69.112, host: pr-hdds-2117-slf27-1599733614, networkLocation: /default-rack, certSerialId: null}e7a3f9df-59d0-4b1c-af2f-429d00af68b5{ip: 192.168.69.112, host: pr-hdds-2117-slf27-1599733614, networkLocation: /default-rack, certSerialId: null}, Type:RATIS, Factor:THREE, State:OPEN]
2019-09-12 09:42:59,773 [EventQueue-StaleNodeForStaleNodeHandler] INFO  pipeline.PipelineStateManager (PipelineStateManager.java:finalizePipeline(123)) - Pipeline Pipeline[ Id: 197a84bb-c10f-4e81-ae38-b8998cf259c7, Nodes: 9d8b0a0e-9d22-4935-bd66-2b722dc07855{ip: 192.168.69.112, host: pr-hdds-2117-slf27-1599733614, networkLocation: /default-rack, certSerialId: null}8df7c35a-b2af-4aa3-b2ea-ebc25917681d{ip: 192.168.69.112, host: pr-hdds-2117-slf27-1599733614, networkLocation: /default-rack, certSerialId: null}e7a3f9df-59d0-4b1c-af2f-429d00af68b5{ip: 192.168.69.112, host: pr-hdds-2117-slf27-1599733614, networkLocation: /default-rack, certSerialId: null}, Type:RATIS, Factor:THREE, State:CLOSED] moved to CLOSED state
2019-09-12 09:42:59,774 [EventQueue-CloseContainerForCloseContainerEventHandler] INFO  container.CloseContainerEventHandler (CloseContainerEventHandler.java:onMessage(61)) - Close container Event triggered for container : #2
2019-09-12 09:42:59,780 [EventQueue-StaleNodeForStaleNodeHandler] INFO  pipeline.SCMPipelineManager (SCMPipelineManager.java:finalizeAndDestroyPipeline(311)) - destroying pipeline:Pipeline[ Id: ca769f75-4fe2-4683-84e7-d0e0c6dca956, Nodes: e7a3f9df-59d0-4b1c-af2f-429d00af68b5{ip: 192.168.69.112, host: pr-hdds-2117-slf27-1599733614, networkLocation: /default-rack, certSerialId: null}, Type:RATIS, Factor:ONE, State:OPEN]
2019-09-12 09:42:59,782 [EventQueue-StaleNodeForStaleNodeHandler] INFO  pipeline.PipelineStateManager (PipelineStateManager.java:finalizePipeline(123)) - Pipeline Pipeline[ Id: ca769f75-4fe2-4683-84e7-d0e0c6dca956, Nodes: e7a3f9df-59d0-4b1c-af2f-429d00af68b5{ip: 192.168.69.112, host: pr-hdds-2117-slf27-1599733614, networkLocation: /default-rack, certSerialId: null}, Type:RATIS, Factor:ONE, State:CLOSED] moved to CLOSED state
2019-09-12 09:43:00,472 [EventQueue-StaleNodeForStaleNodeHandler] INFO  node.StaleNodeHandler (StaleNodeHandler.java:onMessage(58)) - Datanode 040e264f-7231-418c-8fde-c9895bbf90ff{ip: 192.168.69.112, host: pr-hdds-2117-slf27-1599733614, networkLocation: /default-rack, certSerialId: null} moved to stale state. Finalizing its pipelines [PipelineID=da0ce2f5-d18f-4adc-a07b-17840a3b8b0b, PipelineID=6ea99ac1-ebc8-4b6a-82a3-6d98dfc74bb0]
2019-09-12 09:43:00,473 [EventQueue-StaleNodeForStaleNodeHandler] INFO  pipeline.SCMPipelineManager (SCMPipelineManager.java:finalizeAndDestroyPipeline(311)) - destroying pipeline:Pipeline[ Id: da0ce2f5-d18f-4adc-a07b-17840a3b8b0b, Nodes: 06e1cc61-18a3-42d4-aec7-b27779cb650a{ip: 192.168.69.112, host: pr-hdds-2117-slf27-1599733614, networkLocation: /default-rack, certSerialId: null}ab1435ba-055f-42a6-ac0c-0c241e3586c1{ip: 192.168.69.112, host: pr-hdds-2117-slf27-1599733614, networkLocation: /default-rack, certSerialId: null}040e264f-7231-418c-8fde-c9895bbf90ff{ip: 192.168.69.112, host: pr-hdds-2117-slf27-1599733614, networkLocation: /default-rack, certSerialId: null}, Type:RATIS, Factor:THREE, State:OPEN]
2019-09-12 09:43:00,473 [EventQueue-StaleNodeForStaleNodeHandler] INFO  pipeline.PipelineStateManager (PipelineStateManager.java:finalizePipeline(123)) - Pipeline Pipeline[ Id: da0ce2f5-d18f-4adc-a07b-17840a3b8b0b, Nodes: 06e1cc61-18a3-42d4-aec7-b27779cb650a{ip: 192.168.69.112, host: pr-hdds-2117-slf27-1599733614, networkLocation: /default-rack, certSerialId: null}ab1435ba-055f-42a6-ac0c-0c241e3586c1{ip: 192.168.69.112, host: pr-hdds-2117-slf27-1599733614, networkLocation: /default-rack, certSerialId: null}040e264f-7231-418c-8fde-c9895bbf90ff{ip: 192.168.69.112, host: pr-hdds-2117-slf27-1599733614, networkLocation: /default-rack, certSerialId: null}, Type:RATIS, Factor:THREE, State:CLOSED] moved to CLOSED state
2019-09-12 09:43:00,473 [EventQueue-StaleNodeForStaleNodeHandler] INFO  pipeline.SCMPipelineManager (SCMPipelineManager.java:finalizeAndDestroyPipeline(311)) - destroying pipeline:Pipeline[ Id: 6ea99ac1-ebc8-4b6a-82a3-6d98dfc74bb0, Nodes: 040e264f-7231-418c-8fde-c9895bbf90ff{ip: 192.168.69.112, host: pr-hdds-2117-slf27-1599733614, networkLocation: /default-rack, certSerialId: null}, Type:RATIS, Factor:ONE, State:OPEN]
2019-09-12 09:43:00,473 [EventQueue-StaleNodeForStaleNodeHandler] INFO  pipeline.PipelineStateManager (PipelineStateManager.java:finalizePipeline(123)) - Pipeline Pipeline[ Id: 6ea99ac1-ebc8-4b6a-82a3-6d98dfc74bb0, Nodes: 040e264f-7231-418c-8fde-c9895bbf90ff{ip: 192.168.69.112, host: pr-hdds-2117-slf27-1599733614, networkLocation: /default-rack, certSerialId: null}, Type:RATIS, Factor:ONE, State:CLOSED] moved to CLOSED state
2019-09-12 09:43:00,474 [EventQueue-CloseContainerForCloseContainerEventHandler] INFO  container.CloseContainerEventHandler (CloseContainerEventHandler.java:onMessage(61)) - Close container Event triggered for container : #3
2019-09-12 09:43:00,686 [main] INFO  ozoneimpl.OzoneContainer (OzoneContainer.java:stop(231)) - Attempting to stop container services.
2019-09-12 09:43:00,686 [ForkJoinPool.commonPool-worker-0] INFO  ozoneimpl.OzoneContainer (OzoneContainer.java:stop(231)) - Attempting to stop container services.
2019-09-12 09:43:00,687 [main] INFO  impl.RaftServerProxy (RaftServerProxy.java:lambda$close$4(314)) - 040e264f-7231-418c-8fde-c9895bbf90ff: close
2019-09-12 09:43:00,687 [ForkJoinPool.commonPool-worker-0] INFO  impl.RaftServerProxy (RaftServerProxy.java:lambda$close$4(314)) - e7a3f9df-59d0-4b1c-af2f-429d00af68b5: close
2019-09-12 09:43:00,687 [main] INFO  impl.RaftServerImpl (RaftServerImpl.java:lambda$shutdown$3(251)) - 040e264f-7231-418c-8fde-c9895bbf90ff@group-17840A3B8B0B: shutdown
2019-09-12 09:43:00,687 [ForkJoinPool.commonPool-worker-0] INFO  impl.RaftServerImpl (RaftServerImpl.java:lambda$shutdown$3(251)) - e7a3f9df-59d0-4b1c-af2f-429d00af68b5@group-B8998CF259C7: shutdown
2019-09-12 09:43:00,688 [main] INFO  util.JmxRegister (JmxRegister.java:unregister(73)) - Successfully un-registered JMX Bean with object name Ratis:service=RaftServer,group=group-17840A3B8B0B,id=040e264f-7231-418c-8fde-c9895bbf90ff
2019-09-12 09:43:00,688 [ForkJoinPool.commonPool-worker-0] INFO  util.JmxRegister (JmxRegister.java:unregister(73)) - Successfully un-registered JMX Bean with object name Ratis:service=RaftServer,group=group-B8998CF259C7,id=e7a3f9df-59d0-4b1c-af2f-429d00af68b5
2019-09-12 09:43:00,688 [main] INFO  impl.RoleInfo (RoleInfo.java:shutdownFollowerState(121)) - 040e264f-7231-418c-8fde-c9895bbf90ff: shutdown FollowerState
2019-09-12 09:43:00,689 [ForkJoinPool.commonPool-worker-0] INFO  impl.RoleInfo (RoleInfo.java:shutdownLeaderState(104)) - e7a3f9df-59d0-4b1c-af2f-429d00af68b5: shutdown LeaderState
2019-09-12 09:43:00,689 [040e264f-7231-418c-8fde-c9895bbf90ff@group-17840A3B8B0B-StateMachineUpdater] INFO  ratis.ContainerStateMachine (ContainerStateMachine.java:takeSnapshot(289)) - group-17840A3B8B0B: Taking a snapshot at:(t:2, i:12) file /workdir/hadoop-ozone/integration-test/target/test-dir/MiniOzoneClusterImpl-24bb607f-2e24-47f8-b34a-f96654db79dd/datanode-4/data/ratis/da0ce2f5-d18f-4adc-a07b-17840a3b8b0b/sm/snapshot.2_12
2019-09-12 09:43:00,689 [main] INFO  impl.StateMachineUpdater (StateMachineUpdater.java:stopAndJoin(125)) - 040e264f-7231-418c-8fde-c9895bbf90ff@group-17840A3B8B0B-StateMachineUpdater: set stopIndex = 14
2019-09-12 09:43:00,695 [org.apache.ratis.server.impl.LogAppender$AppenderDaemon$$Lambda$491/928668833@24405fb1] WARN  server.GrpcLogAppender (GrpcLogAppender.java:mayWait(143)) - e7a3f9df-59d0-4b1c-af2f-429d00af68b5@group-B8998CF259C7->8df7c35a-b2af-4aa3-b2ea-ebc25917681d-GrpcLogAppender: Wait interrupted by java.lang.InterruptedException
2019-09-12 09:43:00,695 [ForkJoinPool.commonPool-worker-0] INFO  impl.PendingRequests (PendingRequests.java:sendNotLeaderResponses(202)) - e7a3f9df-59d0-4b1c-af2f-429d00af68b5-PendingRequests: sendNotLeaderResponses
2019-09-12 09:43:00,695 [org.apache.ratis.server.impl.LogAppender$AppenderDaemon$$Lambda$491/928668833@1a708b6a] WARN  server.GrpcLogAppender (GrpcLogAppender.java:mayWait(143)) - e7a3f9df-59d0-4b1c-af2f-429d00af68b5@group-B8998CF259C7->9d8b0a0e-9d22-4935-bd66-2b722dc07855-GrpcLogAppender: Wait interrupted by java.lang.InterruptedException
2019-09-12 09:43:00,689 [Thread-3600] INFO  impl.FollowerState (FollowerState.java:run(115)) - 040e264f-7231-418c-8fde-c9895bbf90ff: FollowerState was interrupted: java.lang.InterruptedException: sleep interrupted
2019-09-12 09:43:00,698 [grpc-default-executor-9] INFO  server.GrpcServerProtocolService (GrpcServerProtocolService.java:onCompleted(113)) - 8df7c35a-b2af-4aa3-b2ea-ebc25917681d: Completed APPEND_ENTRIES, lastRequest: e7a3f9df-59d0-4b1c-af2f-429d00af68b5->8df7c35a-b2af-4aa3-b2ea-ebc25917681d#11-t2, previous=(t:2, i:6), leaderCommit=6, initializing? false, entries: <empty>
2019-09-12 09:43:00,700 [grpc-default-executor-10] INFO  server.GrpcServerProtocolService (GrpcServerProtocolService.java:onCompleted(113)) - 9d8b0a0e-9d22-4935-bd66-2b722dc07855: Completed APPEND_ENTRIES, lastRequest: e7a3f9df-59d0-4b1c-af2f-429d00af68b5->9d8b0a0e-9d22-4935-bd66-2b722dc07855#11-t2, previous=(t:2, i:6), leaderCommit=6, initializing? false, entries: <empty>
2019-09-12 09:43:00,702 [ForkJoinPool.commonPool-worker-0] INFO  impl.StateMachineUpdater (StateMachineUpdater.java:stopAndJoin(125)) - e7a3f9df-59d0-4b1c-af2f-429d00af68b5@group-B8998CF259C7-StateMachineUpdater: set stopIndex = 6
2019-09-12 09:43:00,702 [e7a3f9df-59d0-4b1c-af2f-429d00af68b5@group-B8998CF259C7-StateMachineUpdater] INFO  ratis.ContainerStateMachine (ContainerStateMachine.java:takeSnapshot(289)) - group-B8998CF259C7: Taking a snapshot at:(t:2, i:6) file /workdir/hadoop-ozone/integration-test/target/test-dir/MiniOzoneClusterImpl-24bb607f-2e24-47f8-b34a-f96654db79dd/datanode-1/data/ratis/197a84bb-c10f-4e81-ae38-b8998cf259c7/sm/snapshot.2_6
2019-09-12 09:43:00,702 [grpc-default-executor-10] INFO  server.GrpcLogAppender (GrpcLogAppender.java:onCompleted(293)) - e7a3f9df-59d0-4b1c-af2f-429d00af68b5@group-B8998CF259C7->9d8b0a0e-9d22-4935-bd66-2b722dc07855-AppendLogResponseHandler: follower responses appendEntries COMPLETED
2019-09-12 09:43:00,702 [grpc-default-executor-9] INFO  server.GrpcLogAppender (GrpcLogAppender.java:onCompleted(293)) - e7a3f9df-59d0-4b1c-af2f-429d00af68b5@group-B8998CF259C7->8df7c35a-b2af-4aa3-b2ea-ebc25917681d-AppendLogResponseHandler: follower responses appendEntries COMPLETED
2019-09-12 09:43:00,703 [grpc-default-executor-10] INFO  impl.FollowerInfo (FollowerInfo.java:lambda$new$0(51)) - e7a3f9df-59d0-4b1c-af2f-429d00af68b5@group-B8998CF259C7->9d8b0a0e-9d22-4935-bd66-2b722dc07855: nextIndex: updateUnconditionally 7 -> 6
2019-09-12 09:43:00,703 [grpc-default-executor-9] INFO  impl.FollowerInfo (FollowerInfo.java:lambda$new$0(51)) - e7a3f9df-59d0-4b1c-af2f-429d00af68b5@group-B8998CF259C7->8df7c35a-b2af-4aa3-b2ea-ebc25917681d: nextIndex: updateUnconditionally 7 -> 6
2019-09-12 09:43:00,719 [040e264f-7231-418c-8fde-c9895bbf90ff@group-17840A3B8B0B-StateMachineUpdater] INFO  ratis.ContainerStateMachine (ContainerStateMachine.java:takeSnapshot(300)) - group-17840A3B8B0B: Finished taking a snapshot at:(t:2, i:12) file:/workdir/hadoop-ozone/integration-test/target/test-dir/MiniOzoneClusterImpl-24bb607f-2e24-47f8-b34a-f96654db79dd/datanode-4/data/ratis/da0ce2f5-d18f-4adc-a07b-17840a3b8b0b/sm/snapshot.2_12 time:30
2019-09-12 09:43:00,719 [e7a3f9df-59d0-4b1c-af2f-429d00af68b5@group-B8998CF259C7-StateMachineUpdater] INFO  ratis.ContainerStateMachine (ContainerStateMachine.java:takeSnapshot(300)) - group-B8998CF259C7: Finished taking a snapshot at:(t:2, i:6) file:/workdir/hadoop-ozone/integration-test/target/test-dir/MiniOzoneClusterImpl-24bb607f-2e24-47f8-b34a-f96654db79dd/datanode-1/data/ratis/197a84bb-c10f-4e81-ae38-b8998cf259c7/sm/snapshot.2_6 time:18
2019-09-12 09:43:00,719 [040e264f-7231-418c-8fde-c9895bbf90ff@group-17840A3B8B0B-StateMachineUpdater] INFO  impl.StateMachineUpdater (StateMachineUpdater.java:takeSnapshot(258)) - 040e264f-7231-418c-8fde-c9895bbf90ff@group-17840A3B8B0B-StateMachineUpdater: Took a snapshot at index 12
2019-09-12 09:43:00,719 [e7a3f9df-59d0-4b1c-af2f-429d00af68b5@group-B8998CF259C7-StateMachineUpdater] INFO  impl.StateMachineUpdater (StateMachineUpdater.java:takeSnapshot(258)) - e7a3f9df-59d0-4b1c-af2f-429d00af68b5@group-B8998CF259C7-StateMachineUpdater: Took a snapshot at index 6
2019-09-12 09:43:00,720 [040e264f-7231-418c-8fde-c9895bbf90ff@group-17840A3B8B0B-StateMachineUpdater] INFO  impl.StateMachineUpdater (StateMachineUpdater.java:lambda$new$0(83)) - 040e264f-7231-418c-8fde-c9895bbf90ff@group-17840A3B8B0B-StateMachineUpdater: snapshotIndex: updateIncreasingly -1 -> 12
2019-09-12 09:43:00,720 [e7a3f9df-59d0-4b1c-af2f-429d00af68b5@group-B8998CF259C7-StateMachineUpdater] INFO  impl.StateMachineUpdater (StateMachineUpdater.java:lambda$new$0(83)) - e7a3f9df-59d0-4b1c-af2f-429d00af68b5@group-B8998CF259C7-StateMachineUpdater: snapshotIndex: updateIncreasingly -1 -> 6
2019-09-12 09:43:00,720 [040e264f-7231-418c-8fde-c9895bbf90ff@group-17840A3B8B0B-StateMachineUpdater] INFO  ratis.ContainerStateMachine (ContainerStateMachine.java:takeSnapshot(289)) - group-17840A3B8B0B: Taking a snapshot at:(t:2, i:12) file /workdir/hadoop-ozone/integration-test/target/test-dir/MiniOzoneClusterImpl-24bb607f-2e24-47f8-b34a-f96654db79dd/datanode-4/data/ratis/da0ce2f5-d18f-4adc-a07b-17840a3b8b0b/sm/snapshot.2_12
2019-09-12 09:43:00,721 [ForkJoinPool.commonPool-worker-0] INFO  impl.RaftServerImpl (ServerState.java:close(385)) - e7a3f9df-59d0-4b1c-af2f-429d00af68b5@group-B8998CF259C7: closes. applyIndex: 6
2019-09-12 09:43:00,721 [e7a3f9df-59d0-4b1c-af2f-429d00af68b5@group-B8998CF259C7-SegmentedRaftLogWorker] INFO  segmented.SegmentedRaftLogWorker (SegmentedRaftLogWorker.java:run(313)) - e7a3f9df-59d0-4b1c-af2f-429d00af68b5@group-B8998CF259C7-SegmentedRaftLogWorker was interrupted, exiting. There are 0 tasks remaining in the queue.
2019-09-12 09:43:00,724 [ForkJoinPool.commonPool-worker-0] INFO  segmented.SegmentedRaftLogWorker (SegmentedRaftLogWorker.java:close(228)) - e7a3f9df-59d0-4b1c-af2f-429d00af68b5@group-B8998CF259C7-SegmentedRaftLogWorker close()
2019-09-12 09:43:00,727 [ForkJoinPool.commonPool-worker-0] INFO  impl.RaftServerImpl (RaftServerImpl.java:lambda$shutdown$3(251)) - e7a3f9df-59d0-4b1c-af2f-429d00af68b5@group-D0E0C6DCA956: shutdown
2019-09-12 09:43:00,728 [ForkJoinPool.commonPool-worker-0] INFO  util.JmxRegister (JmxRegister.java:unregister(73)) - Successfully un-registered JMX Bean with object name Ratis:service=RaftServer,group=group-D0E0C6DCA956,id=e7a3f9df-59d0-4b1c-af2f-429d00af68b5
2019-09-12 09:43:00,728 [ForkJoinPool.commonPool-worker-0] INFO  impl.RoleInfo (RoleInfo.java:shutdownLeaderState(104)) - e7a3f9df-59d0-4b1c-af2f-429d00af68b5: shutdown LeaderState
2019-09-12 09:43:00,729 [ForkJoinPool.commonPool-worker-0] INFO  impl.PendingRequests (PendingRequests.java:sendNotLeaderResponses(202)) - e7a3f9df-59d0-4b1c-af2f-429d00af68b5-PendingRequests: sendNotLeaderResponses
2019-09-12 09:43:00,729 [ForkJoinPool.commonPool-worker-0] INFO  impl.StateMachineUpdater (StateMachineUpdater.java:stopAndJoin(125)) - e7a3f9df-59d0-4b1c-af2f-429d00af68b5@group-D0E0C6DCA956-StateMachineUpdater: set stopIndex = 0
2019-09-12 09:43:00,729 [ForkJoinPool.commonPool-worker-0] INFO  impl.RaftServerImpl (ServerState.java:close(385)) - e7a3f9df-59d0-4b1c-af2f-429d00af68b5@group-D0E0C6DCA956: closes. applyIndex: 0
2019-09-12 09:43:00,730 [e7a3f9df-59d0-4b1c-af2f-429d00af68b5@group-D0E0C6DCA956-SegmentedRaftLogWorker] INFO  segmented.SegmentedRaftLogWorker (SegmentedRaftLogWorker.java:run(313)) - e7a3f9df-59d0-4b1c-af2f-429d00af68b5@group-D0E0C6DCA956-SegmentedRaftLogWorker was interrupted, exiting. There are 0 tasks remaining in the queue.
2019-09-12 09:43:00,731 [ForkJoinPool.commonPool-worker-0] INFO  segmented.SegmentedRaftLogWorker (SegmentedRaftLogWorker.java:close(228)) - e7a3f9df-59d0-4b1c-af2f-429d00af68b5@group-D0E0C6DCA956-SegmentedRaftLogWorker close()
2019-09-12 09:43:00,734 [ForkJoinPool.commonPool-worker-0] INFO  server.GrpcService (GrpcService.java:closeImpl(164)) - e7a3f9df-59d0-4b1c-af2f-429d00af68b5: shutdown server with port 43944 now
2019-09-12 09:43:00,736 [grpc-default-executor-10] WARN  client.GrpcClientProtocolService (LogUtils.java:warn(134)) - 1-UnorderedRequestStreamObserver1: onError: org.apache.ratis.thirdparty.io.grpc.StatusRuntimeException: CANCELLED: cancelled before receiving half close
2019-09-12 09:43:00,736 [ForkJoinPool.commonPool-worker-0] INFO  server.GrpcService (GrpcService.java:closeImpl(172)) - e7a3f9df-59d0-4b1c-af2f-429d00af68b5: shutdown server with port 43944 successfully
2019-09-12 09:43:00,743 [refreshUsed-/workdir/hadoop-ozone/integration-test/target/test-dir/MiniOzoneClusterImpl-24bb607f-2e24-47f8-b34a-f96654db79dd/datanode-1/data/containers] WARN  fs.CachingGetSpaceUsed (CachingGetSpaceUsed.java:run(183)) - Thread Interrupted waiting to refresh disk information: sleep interrupted
2019-09-12 09:43:00,743 [040e264f-7231-418c-8fde-c9895bbf90ff@group-17840A3B8B0B-StateMachineUpdater] INFO  ratis.ContainerStateMachine (ContainerStateMachine.java:takeSnapshot(300)) - group-17840A3B8B0B: Finished taking a snapshot at:(t:2, i:12) file:/workdir/hadoop-ozone/integration-test/target/test-dir/MiniOzoneClusterImpl-24bb607f-2e24-47f8-b34a-f96654db79dd/datanode-4/data/ratis/da0ce2f5-d18f-4adc-a07b-17840a3b8b0b/sm/snapshot.2_12 time:23
2019-09-12 09:43:00,743 [040e264f-7231-418c-8fde-c9895bbf90ff@group-17840A3B8B0B-StateMachineUpdater] INFO  impl.StateMachineUpdater (StateMachineUpdater.java:takeSnapshot(258)) - 040e264f-7231-418c-8fde-c9895bbf90ff@group-17840A3B8B0B-StateMachineUpdater: Took a snapshot at index 12
2019-09-12 09:43:00,744 [040e264f-7231-418c-8fde-c9895bbf90ff@group-17840A3B8B0B-StateMachineUpdater] INFO  impl.StateMachineUpdater (StateMachineUpdater.java:lambda$new$0(83)) - 040e264f-7231-418c-8fde-c9895bbf90ff@group-17840A3B8B0B-StateMachineUpdater: snapshotIndex: updateIncreasingly 12 -> 12
2019-09-12 09:43:00,744 [main] INFO  impl.RaftServerImpl (ServerState.java:close(385)) - 040e264f-7231-418c-8fde-c9895bbf90ff@group-17840A3B8B0B: closes. applyIndex: 14
2019-09-12 09:43:00,744 [040e264f-7231-418c-8fde-c9895bbf90ff@group-17840A3B8B0B-SegmentedRaftLogWorker] INFO  segmented.SegmentedRaftLogWorker (SegmentedRaftLogWorker.java:run(313)) - 040e264f-7231-418c-8fde-c9895bbf90ff@group-17840A3B8B0B-SegmentedRaftLogWorker was interrupted, exiting. There are 0 tasks remaining in the queue.
2019-09-12 09:43:00,747 [main] INFO  segmented.SegmentedRaftLogWorker (SegmentedRaftLogWorker.java:close(228)) - 040e264f-7231-418c-8fde-c9895bbf90ff@group-17840A3B8B0B-SegmentedRaftLogWorker close()
2019-09-12 09:43:00,750 [main] INFO  impl.RaftServerImpl (RaftServerImpl.java:lambda$shutdown$3(251)) - 040e264f-7231-418c-8fde-c9895bbf90ff@group-6D98DFC74BB0: shutdown
2019-09-12 09:43:00,750 [main] INFO  util.JmxRegister (JmxRegister.java:unregister(73)) - Successfully un-registered JMX Bean with object name Ratis:service=RaftServer,group=group-6D98DFC74BB0,id=040e264f-7231-418c-8fde-c9895bbf90ff
2019-09-12 09:43:00,750 [main] INFO  impl.RoleInfo (RoleInfo.java:shutdownLeaderState(104)) - 040e264f-7231-418c-8fde-c9895bbf90ff: shutdown LeaderState
2019-09-12 09:43:00,751 [main] INFO  impl.PendingRequests (PendingRequests.java:sendNotLeaderResponses(202)) - 040e264f-7231-418c-8fde-c9895bbf90ff-PendingRequests: sendNotLeaderResponses
2019-09-12 09:43:00,751 [main] INFO  impl.StateMachineUpdater (StateMachineUpdater.java:stopAndJoin(125)) - 040e264f-7231-418c-8fde-c9895bbf90ff@group-6D98DFC74BB0-StateMachineUpdater: set stopIndex = 0
2019-09-12 09:43:00,751 [main] INFO  impl.RaftServerImpl (ServerState.java:close(385)) - 040e264f-7231-418c-8fde-c9895bbf90ff@group-6D98DFC74BB0: closes. applyIndex: 0
2019-09-12 09:43:00,751 [040e264f-7231-418c-8fde-c9895bbf90ff@group-6D98DFC74BB0-SegmentedRaftLogWorker] INFO  segmented.SegmentedRaftLogWorker (SegmentedRaftLogWorker.java:run(313)) - 040e264f-7231-418c-8fde-c9895bbf90ff@group-6D98DFC74BB0-SegmentedRaftLogWorker was interrupted, exiting. There are 0 tasks remaining in the queue.
2019-09-12 09:43:00,753 [main] INFO  segmented.SegmentedRaftLogWorker (SegmentedRaftLogWorker.java:close(228)) - 040e264f-7231-418c-8fde-c9895bbf90ff@group-6D98DFC74BB0-SegmentedRaftLogWorker close()
2019-09-12 09:43:00,756 [main] INFO  server.GrpcService (GrpcService.java:closeImpl(164)) - 040e264f-7231-418c-8fde-c9895bbf90ff: shutdown server with port 39080 now
2019-09-12 09:43:00,757 [main] INFO  server.GrpcService (GrpcService.java:closeImpl(172)) - 040e264f-7231-418c-8fde-c9895bbf90ff: shutdown server with port 39080 successfully
2019-09-12 09:43:00,757 [grpc-default-executor-10] WARN  server.GrpcServerProtocolService (LogUtils.java:warn(134)) - 040e264f-7231-418c-8fde-c9895bbf90ff: installSnapshot onError, lastRequest: 06e1cc61-18a3-42d4-aec7-b27779cb650a->040e264f-7231-418c-8fde-c9895bbf90ff#18-t2, previous=(t:2, i:14), leaderCommit=14, initializing? false, entries: <empty>: org.apache.ratis.thirdparty.io.grpc.StatusRuntimeException: CANCELLED: cancelled before receiving half close
2019-09-12 09:43:00,757 [grpc-default-executor-9] WARN  server.GrpcLogAppender (LogUtils.java:warn(134)) - 06e1cc61-18a3-42d4-aec7-b27779cb650a@group-17840A3B8B0B->040e264f-7231-418c-8fde-c9895bbf90ff-AppendLogResponseHandler: Failed appendEntries: org.apache.ratis.thirdparty.io.grpc.StatusRuntimeException: CANCELLED: HTTP/2 error code: CANCEL
Received Rst Stream
2019-09-12 09:43:00,757 [grpc-default-executor-9] INFO  impl.FollowerInfo (FollowerInfo.java:lambda$new$0(51)) - 06e1cc61-18a3-42d4-aec7-b27779cb650a@group-17840A3B8B0B->040e264f-7231-418c-8fde-c9895bbf90ff: nextIndex: updateUnconditionally 15 -> 14
2019-09-12 09:43:00,762 [refreshUsed-/workdir/hadoop-ozone/integration-test/target/test-dir/MiniOzoneClusterImpl-24bb607f-2e24-47f8-b34a-f96654db79dd/datanode-4/data/containers] WARN  fs.CachingGetSpaceUsed (CachingGetSpaceUsed.java:run(183)) - Thread Interrupted waiting to refresh disk information: sleep interrupted
2019-09-12 09:43:00,773 [ForkJoinPool.commonPool-worker-0] INFO  utils.BackgroundService (BackgroundService.java:shutdown(148)) - Shutting down service BlockDeletingService
2019-09-12 09:43:00,778 [ForkJoinPool.commonPool-worker-0] INFO  statemachine.DatanodeStateMachine (DatanodeStateMachine.java:stopDaemon(395)) - Ozone container server stopped.
2019-09-12 09:43:00,784 [ForkJoinPool.commonPool-worker-0] INFO  handler.ContextHandler (ContextHandler.java:doStop(910)) - Stopped o.e.j.w.WebAppContext@537b3b2e{/,null,UNAVAILABLE}{/hddsDatanode}
2019-09-12 09:43:00,784 [main] INFO  utils.BackgroundService (BackgroundService.java:shutdown(148)) - Shutting down service BlockDeletingService
2019-09-12 09:43:00,785 [ForkJoinPool.commonPool-worker-0] INFO  server.AbstractConnector (AbstractConnector.java:doStop(318)) - Stopped ServerConnector@1544ded3{HTTP/1.1,[http/1.1]}{0.0.0.0:0}
2019-09-12 09:43:00,786 [ForkJoinPool.commonPool-worker-0] INFO  handler.ContextHandler (ContextHandler.java:doStop(910)) - Stopped o.e.j.s.ServletContextHandler@5f6494c0{/static,jar:file:/home/user/.m2/repository/org/apache/hadoop/hadoop-hdds-container-service/0.5.0-SNAPSHOT/hadoop-hdds-container-service-0.5.0-SNAPSHOT.jar!/webapps/static,UNAVAILABLE}
2019-09-12 09:43:00,792 [ForkJoinPool.commonPool-worker-0] INFO  handler.ContextHandler (ContextHandler.java:doStop(910)) - Stopped o.e.j.s.ServletContextHandler@5dcf0772{/logs,file:///workdir/hadoop-ozone/integration-test/target/log,UNAVAILABLE}
2019-09-12 09:43:00,794 [main] INFO  statemachine.DatanodeStateMachine (DatanodeStateMachine.java:stopDaemon(395)) - Ozone container server stopped.
2019-09-12 09:43:00,795 [main] INFO  handler.ContextHandler (ContextHandler.java:doStop(910)) - Stopped o.e.j.w.WebAppContext@65d9e72a{/,null,UNAVAILABLE}{/hddsDatanode}
2019-09-12 09:43:00,796 [main] INFO  server.AbstractConnector (AbstractConnector.java:doStop(318)) - Stopped ServerConnector@1f7e52d1{HTTP/1.1,[http/1.1]}{0.0.0.0:0}
2019-09-12 09:43:00,796 [main] INFO  handler.ContextHandler (ContextHandler.java:doStop(910)) - Stopped o.e.j.s.ServletContextHandler@2dcd0e41{/static,jar:file:/home/user/.m2/repository/org/apache/hadoop/hadoop-hdds-container-service/0.5.0-SNAPSHOT/hadoop-hdds-container-service-0.5.0-SNAPSHOT.jar!/webapps/static,UNAVAILABLE}
2019-09-12 09:43:00,796 [main] INFO  handler.ContextHandler (ContextHandler.java:doStop(910)) - Stopped o.e.j.s.ServletContextHandler@61911947{/logs,file:///workdir/hadoop-ozone/integration-test/target/log,UNAVAILABLE}
2019-09-12 09:43:01,435 [Datanode State Machine Thread - 0] INFO  statemachine.DatanodeStateMachine (DatanodeStateMachine.java:lambda$startDaemon$0(350)) - Ozone container server started.
2019-09-12 09:43:01,763 [Datanode State Machine Thread - 0] INFO  statemachine.DatanodeStateMachine (DatanodeStateMachine.java:lambda$startDaemon$0(350)) - Ozone container server started.
2019-09-12 09:43:02,479 [grpc-default-executor-9] WARN  server.GrpcLogAppender (LogUtils.java:warn(134)) - 06e1cc61-18a3-42d4-aec7-b27779cb650a@group-17840A3B8B0B->040e264f-7231-418c-8fde-c9895bbf90ff-AppendLogResponseHandler: Failed appendEntries: org.apache.ratis.thirdparty.io.grpc.StatusRuntimeException: UNAVAILABLE: io exception
2019-09-12 09:43:02,479 [grpc-default-executor-9] INFO  impl.FollowerInfo (FollowerInfo.java:lambda$new$0(51)) - 06e1cc61-18a3-42d4-aec7-b27779cb650a@group-17840A3B8B0B->040e264f-7231-418c-8fde-c9895bbf90ff: nextIndex: updateUnconditionally 15 -> 14
2019-09-12 09:43:02,490 [grpc-default-executor-3] WARN  server.GrpcLogAppender (LogUtils.java:warn(134)) - 06e1cc61-18a3-42d4-aec7-b27779cb650a@group-17840A3B8B0B->040e264f-7231-418c-8fde-c9895bbf90ff-AppendLogResponseHandler: Failed appendEntries: org.apache.ratis.thirdparty.io.grpc.StatusRuntimeException: UNAVAILABLE: io exception
2019-09-12 09:43:02,490 [grpc-default-executor-3] INFO  impl.FollowerInfo (FollowerInfo.java:lambda$new$0(51)) - 06e1cc61-18a3-42d4-aec7-b27779cb650a@group-17840A3B8B0B->040e264f-7231-418c-8fde-c9895bbf90ff: nextIndex: updateUnconditionally 15 -> 14
2019-09-12 09:43:02,502 [grpc-default-executor-9] WARN  server.GrpcLogAppender (LogUtils.java:warn(134)) - 06e1cc61-18a3-42d4-aec7-b27779cb650a@group-17840A3B8B0B->040e264f-7231-418c-8fde-c9895bbf90ff-AppendLogResponseHandler: Failed appendEntries: org.apache.ratis.thirdparty.io.grpc.StatusRuntimeException: UNAVAILABLE: io exception
2019-09-12 09:43:02,502 [grpc-default-executor-9] INFO  impl.FollowerInfo (FollowerInfo.java:lambda$new$0(51)) - 06e1cc61-18a3-42d4-aec7-b27779cb650a@group-17840A3B8B0B->040e264f-7231-418c-8fde-c9895bbf90ff: nextIndex: updateUnconditionally 15 -> 14
2019-09-12 09:43:02,504 [RatisApplyTransactionExecutor 3] INFO  interfaces.Container (KeyValueContainer.java:flushAndSyncDB(386)) - Container 3 is synced with bcsId 12.
2019-09-12 09:43:02,504 [RatisApplyTransactionExecutor 3] INFO  interfaces.Container (KeyValueContainer.java:flushAndSyncDB(386)) - Container 3 is synced with bcsId 12.
2019-09-12 09:43:02,527 [RatisApplyTransactionExecutor 3] INFO  interfaces.Container (KeyValueContainer.java:close(335)) - Container 3 is closed with bcsId 12.
2019-09-12 09:43:02,528 [EventQueue-IncrementalContainerReportForIncrementalContainerReportHandler] INFO  container.IncrementalContainerReportHandler (AbstractContainerReportHandler.java:updateContainerState(176)) - Moving container #3 to CLOSED state, datanode 06e1cc61-18a3-42d4-aec7-b27779cb650a{ip: 192.168.69.112, host: pr-hdds-2117-slf27-1599733614, networkLocation: /default-rack, certSerialId: null} reported CLOSED replica.
2019-09-12 09:43:02,541 [RatisApplyTransactionExecutor 3] INFO  interfaces.Container (KeyValueContainer.java:flushAndSyncDB(386)) - Container 3 is synced with bcsId 12.
2019-09-12 09:43:02,541 [RatisApplyTransactionExecutor 3] INFO  interfaces.Container (KeyValueContainer.java:flushAndSyncDB(386)) - Container 3 is synced with bcsId 12.
2019-09-12 09:43:02,567 [RatisApplyTransactionExecutor 3] INFO  interfaces.Container (KeyValueContainer.java:close(335)) - Container 3 is closed with bcsId 12.
2019-09-12 09:43:05,003 [grpc-default-executor-10] WARN  server.GrpcLogAppender (LogUtils.java:warn(134)) - 06e1cc61-18a3-42d4-aec7-b27779cb650a@group-17840A3B8B0B->040e264f-7231-418c-8fde-c9895bbf90ff-AppendLogResponseHandler: Failed appendEntries: org.apache.ratis.thirdparty.io.grpc.StatusRuntimeException: UNAVAILABLE: io exception
2019-09-12 09:43:05,003 [grpc-default-executor-10] INFO  impl.FollowerInfo (FollowerInfo.java:lambda$new$0(51)) - 06e1cc61-18a3-42d4-aec7-b27779cb650a@group-17840A3B8B0B->040e264f-7231-418c-8fde-c9895bbf90ff: nextIndex: updateUnconditionally 14 -> 13
2019-09-12 09:43:05,478 [EventQueue-StaleNodeForStaleNodeHandler] INFO  node.StaleNodeHandler (StaleNodeHandler.java:onMessage(58)) - Datanode ab1435ba-055f-42a6-ac0c-0c241e3586c1{ip: 192.168.69.112, host: pr-hdds-2117-slf27-1599733614, networkLocation: /default-rack, certSerialId: null} moved to stale state. Finalizing its pipelines [PipelineID=da0ce2f5-d18f-4adc-a07b-17840a3b8b0b, PipelineID=481da2d9-39a1-4dea-99fb-a69f9439c514]
2019-09-12 09:43:05,479 [EventQueue-StaleNodeForStaleNodeHandler] INFO  pipeline.SCMPipelineManager (SCMPipelineManager.java:finalizeAndDestroyPipeline(311)) - destroying pipeline:Pipeline[ Id: da0ce2f5-d18f-4adc-a07b-17840a3b8b0b, Nodes: 06e1cc61-18a3-42d4-aec7-b27779cb650a{ip: 192.168.69.112, host: pr-hdds-2117-slf27-1599733614, networkLocation: /default-rack, certSerialId: null}ab1435ba-055f-42a6-ac0c-0c241e3586c1{ip: 192.168.69.112, host: pr-hdds-2117-slf27-1599733614, networkLocation: /default-rack, certSerialId: null}040e264f-7231-418c-8fde-c9895bbf90ff{ip: 192.168.69.112, host: pr-hdds-2117-slf27-1599733614, networkLocation: /default-rack, certSerialId: null}, Type:RATIS, Factor:THREE, State:CLOSED]
2019-09-12 09:43:05,479 [EventQueue-StaleNodeForStaleNodeHandler] INFO  pipeline.SCMPipelineManager (SCMPipelineManager.java:finalizeAndDestroyPipeline(311)) - destroying pipeline:Pipeline[ Id: 481da2d9-39a1-4dea-99fb-a69f9439c514, Nodes: ab1435ba-055f-42a6-ac0c-0c241e3586c1{ip: 192.168.69.112, host: pr-hdds-2117-slf27-1599733614, networkLocation: /default-rack, certSerialId: null}, Type:RATIS, Factor:ONE, State:OPEN]
2019-09-12 09:43:05,479 [EventQueue-StaleNodeForStaleNodeHandler] INFO  pipeline.PipelineStateManager (PipelineStateManager.java:finalizePipeline(123)) - Pipeline Pipeline[ Id: 481da2d9-39a1-4dea-99fb-a69f9439c514, Nodes: ab1435ba-055f-42a6-ac0c-0c241e3586c1{ip: 192.168.69.112, host: pr-hdds-2117-slf27-1599733614, networkLocation: /default-rack, certSerialId: null}, Type:RATIS, Factor:ONE, State:CLOSED] moved to CLOSED state
2019-09-12 09:43:05,779 [EventQueue-StaleNodeForStaleNodeHandler] INFO  node.StaleNodeHandler (StaleNodeHandler.java:onMessage(58)) - Datanode 8df7c35a-b2af-4aa3-b2ea-ebc25917681d{ip: 192.168.69.112, host: pr-hdds-2117-slf27-1599733614, networkLocation: /default-rack, certSerialId: null} moved to stale state. Finalizing its pipelines [PipelineID=197a84bb-c10f-4e81-ae38-b8998cf259c7, PipelineID=c96e7686-c45f-4c36-bcc7-b46feb7dd0eb]
2019-09-12 09:43:05,779 [EventQueue-StaleNodeForStaleNodeHandler] INFO  pipeline.SCMPipelineManager (SCMPipelineManager.java:finalizeAndDestroyPipeline(311)) - destroying pipeline:Pipeline[ Id: 197a84bb-c10f-4e81-ae38-b8998cf259c7, Nodes: 9d8b0a0e-9d22-4935-bd66-2b722dc07855{ip: 192.168.69.112, host: pr-hdds-2117-slf27-1599733614, networkLocation: /default-rack, certSerialId: null}8df7c35a-b2af-4aa3-b2ea-ebc25917681d{ip: 192.168.69.112, host: pr-hdds-2117-slf27-1599733614, networkLocation: /default-rack, certSerialId: null}e7a3f9df-59d0-4b1c-af2f-429d00af68b5{ip: 192.168.69.112, host: pr-hdds-2117-slf27-1599733614, networkLocation: /default-rack, certSerialId: null}, Type:RATIS, Factor:THREE, State:CLOSED]
2019-09-12 09:43:05,780 [EventQueue-StaleNodeForStaleNodeHandler] INFO  pipeline.SCMPipelineManager (SCMPipelineManager.java:finalizeAndDestroyPipeline(311)) - destroying pipeline:Pipeline[ Id: c96e7686-c45f-4c36-bcc7-b46feb7dd0eb, Nodes: 8df7c35a-b2af-4aa3-b2ea-ebc25917681d{ip: 192.168.69.112, host: pr-hdds-2117-slf27-1599733614, networkLocation: /default-rack, certSerialId: null}, Type:RATIS, Factor:ONE, State:OPEN]
2019-09-12 09:43:05,780 [EventQueue-StaleNodeForStaleNodeHandler] INFO  pipeline.PipelineStateManager (PipelineStateManager.java:finalizePipeline(123)) - Pipeline Pipeline[ Id: c96e7686-c45f-4c36-bcc7-b46feb7dd0eb, Nodes: 8df7c35a-b2af-4aa3-b2ea-ebc25917681d{ip: 192.168.69.112, host: pr-hdds-2117-slf27-1599733614, networkLocation: /default-rack, certSerialId: null}, Type:RATIS, Factor:ONE, State:CLOSED] moved to CLOSED state
2019-09-12 09:43:05,796 [ForkJoinPool.commonPool-worker-0] INFO  ozoneimpl.OzoneContainer (OzoneContainer.java:stop(231)) - Attempting to stop container services.
2019-09-12 09:43:05,807 [ForkJoinPool.commonPool-worker-0] INFO  impl.RaftServerProxy (RaftServerProxy.java:lambda$close$4(314)) - 8df7c35a-b2af-4aa3-b2ea-ebc25917681d: close
2019-09-12 09:43:05,807 [main] INFO  ozoneimpl.OzoneContainer (OzoneContainer.java:stop(231)) - Attempting to stop container services.
2019-09-12 09:43:05,807 [ForkJoinPool.commonPool-worker-0] INFO  impl.RaftServerImpl (RaftServerImpl.java:lambda$shutdown$3(251)) - 8df7c35a-b2af-4aa3-b2ea-ebc25917681d@group-B8998CF259C7: shutdown
2019-09-12 09:43:05,808 [main] INFO  impl.RaftServerProxy (RaftServerProxy.java:lambda$close$4(314)) - ab1435ba-055f-42a6-ac0c-0c241e3586c1: close
2019-09-12 09:43:05,808 [ForkJoinPool.commonPool-worker-0] INFO  util.JmxRegister (JmxRegister.java:unregister(73)) - Successfully un-registered JMX Bean with object name Ratis:service=RaftServer,group=group-B8998CF259C7,id=8df7c35a-b2af-4aa3-b2ea-ebc25917681d
2019-09-12 09:43:05,808 [main] INFO  impl.RaftServerImpl (RaftServerImpl.java:lambda$shutdown$3(251)) - ab1435ba-055f-42a6-ac0c-0c241e3586c1@group-17840A3B8B0B: shutdown
2019-09-12 09:43:05,808 [ForkJoinPool.commonPool-worker-0] INFO  impl.RoleInfo (RoleInfo.java:shutdownFollowerState(121)) - 8df7c35a-b2af-4aa3-b2ea-ebc25917681d: shutdown FollowerState
2019-09-12 09:43:05,809 [main] INFO  util.JmxRegister (JmxRegister.java:unregister(73)) - Successfully un-registered JMX Bean with object name Ratis:service=RaftServer,group=group-17840A3B8B0B,id=ab1435ba-055f-42a6-ac0c-0c241e3586c1
2019-09-12 09:43:05,809 [8df7c35a-b2af-4aa3-b2ea-ebc25917681d@group-B8998CF259C7-StateMachineUpdater] INFO  ratis.ContainerStateMachine (ContainerStateMachine.java:takeSnapshot(289)) - group-B8998CF259C7: Taking a snapshot at:(t:2, i:6) file /workdir/hadoop-ozone/integration-test/target/test-dir/MiniOzoneClusterImpl-24bb607f-2e24-47f8-b34a-f96654db79dd/datanode-2/data/ratis/197a84bb-c10f-4e81-ae38-b8998cf259c7/sm/snapshot.2_6
2019-09-12 09:43:05,809 [Thread-3605] INFO  impl.FollowerState (FollowerState.java:run(115)) - 8df7c35a-b2af-4aa3-b2ea-ebc25917681d: FollowerState was interrupted: java.lang.InterruptedException: sleep interrupted
2019-09-12 09:43:05,809 [ForkJoinPool.commonPool-worker-0] INFO  impl.StateMachineUpdater (StateMachineUpdater.java:stopAndJoin(125)) - 8df7c35a-b2af-4aa3-b2ea-ebc25917681d@group-B8998CF259C7-StateMachineUpdater: set stopIndex = 6
2019-09-12 09:43:05,809 [main] INFO  impl.RoleInfo (RoleInfo.java:shutdownFollowerState(121)) - ab1435ba-055f-42a6-ac0c-0c241e3586c1: shutdown FollowerState
2019-09-12 09:43:05,813 [main] INFO  impl.StateMachineUpdater (StateMachineUpdater.java:stopAndJoin(125)) - ab1435ba-055f-42a6-ac0c-0c241e3586c1@group-17840A3B8B0B-StateMachineUpdater: set stopIndex = 16
2019-09-12 09:43:05,813 [ab1435ba-055f-42a6-ac0c-0c241e3586c1@group-17840A3B8B0B-StateMachineUpdater] INFO  ratis.ContainerStateMachine (ContainerStateMachine.java:takeSnapshot(289)) - group-17840A3B8B0B: Taking a snapshot at:(t:2, i:15) file /workdir/hadoop-ozone/integration-test/target/test-dir/MiniOzoneClusterImpl-24bb607f-2e24-47f8-b34a-f96654db79dd/datanode-3/data/ratis/da0ce2f5-d18f-4adc-a07b-17840a3b8b0b/sm/snapshot.2_15
2019-09-12 09:43:05,813 [Thread-3599] INFO  impl.FollowerState (FollowerState.java:run(115)) - ab1435ba-055f-42a6-ac0c-0c241e3586c1: FollowerState was interrupted: java.lang.InterruptedException: sleep interrupted
2019-09-12 09:43:05,827 [ab1435ba-055f-42a6-ac0c-0c241e3586c1@group-17840A3B8B0B-StateMachineUpdater] INFO  ratis.ContainerStateMachine (ContainerStateMachine.java:takeSnapshot(300)) - group-17840A3B8B0B: Finished taking a snapshot at:(t:2, i:15) file:/workdir/hadoop-ozone/integration-test/target/test-dir/MiniOzoneClusterImpl-24bb607f-2e24-47f8-b34a-f96654db79dd/datanode-3/data/ratis/da0ce2f5-d18f-4adc-a07b-17840a3b8b0b/sm/snapshot.2_15 time:14
2019-09-12 09:43:05,827 [8df7c35a-b2af-4aa3-b2ea-ebc25917681d@group-B8998CF259C7-StateMachineUpdater] INFO  ratis.ContainerStateMachine (ContainerStateMachine.java:takeSnapshot(300)) - group-B8998CF259C7: Finished taking a snapshot at:(t:2, i:6) file:/workdir/hadoop-ozone/integration-test/target/test-dir/MiniOzoneClusterImpl-24bb607f-2e24-47f8-b34a-f96654db79dd/datanode-2/data/ratis/197a84bb-c10f-4e81-ae38-b8998cf259c7/sm/snapshot.2_6 time:18
2019-09-12 09:43:05,827 [ab1435ba-055f-42a6-ac0c-0c241e3586c1@group-17840A3B8B0B-StateMachineUpdater] INFO  impl.StateMachineUpdater (StateMachineUpdater.java:takeSnapshot(258)) - ab1435ba-055f-42a6-ac0c-0c241e3586c1@group-17840A3B8B0B-StateMachineUpdater: Took a snapshot at index 15
2019-09-12 09:43:05,827 [8df7c35a-b2af-4aa3-b2ea-ebc25917681d@group-B8998CF259C7-StateMachineUpdater] INFO  impl.StateMachineUpdater (StateMachineUpdater.java:takeSnapshot(258)) - 8df7c35a-b2af-4aa3-b2ea-ebc25917681d@group-B8998CF259C7-StateMachineUpdater: Took a snapshot at index 6
2019-09-12 09:43:05,827 [ab1435ba-055f-42a6-ac0c-0c241e3586c1@group-17840A3B8B0B-StateMachineUpdater] INFO  impl.StateMachineUpdater (StateMachineUpdater.java:lambda$new$0(83)) - ab1435ba-055f-42a6-ac0c-0c241e3586c1@group-17840A3B8B0B-StateMachineUpdater: snapshotIndex: updateIncreasingly -1 -> 15
2019-09-12 09:43:05,827 [8df7c35a-b2af-4aa3-b2ea-ebc25917681d@group-B8998CF259C7-StateMachineUpdater] INFO  impl.StateMachineUpdater (StateMachineUpdater.java:lambda$new$0(83)) - 8df7c35a-b2af-4aa3-b2ea-ebc25917681d@group-B8998CF259C7-StateMachineUpdater: snapshotIndex: updateIncreasingly -1 -> 6
2019-09-12 09:43:05,828 [ab1435ba-055f-42a6-ac0c-0c241e3586c1@group-17840A3B8B0B-StateMachineUpdater] INFO  ratis.ContainerStateMachine (ContainerStateMachine.java:takeSnapshot(289)) - group-17840A3B8B0B: Taking a snapshot at:(t:2, i:15) file /workdir/hadoop-ozone/integration-test/target/test-dir/MiniOzoneClusterImpl-24bb607f-2e24-47f8-b34a-f96654db79dd/datanode-3/data/ratis/da0ce2f5-d18f-4adc-a07b-17840a3b8b0b/sm/snapshot.2_15
2019-09-12 09:43:05,828 [ForkJoinPool.commonPool-worker-0] INFO  impl.RaftServerImpl (ServerState.java:close(385)) - 8df7c35a-b2af-4aa3-b2ea-ebc25917681d@group-B8998CF259C7: closes. applyIndex: 6
2019-09-12 09:43:05,829 [8df7c35a-b2af-4aa3-b2ea-ebc25917681d@group-B8998CF259C7-SegmentedRaftLogWorker] INFO  segmented.SegmentedRaftLogWorker (SegmentedRaftLogWorker.java:run(313)) - 8df7c35a-b2af-4aa3-b2ea-ebc25917681d@group-B8998CF259C7-SegmentedRaftLogWorker was interrupted, exiting. There are 0 tasks remaining in the queue.
2019-09-12 09:43:05,830 [ForkJoinPool.commonPool-worker-0] INFO  segmented.SegmentedRaftLogWorker (SegmentedRaftLogWorker.java:close(228)) - 8df7c35a-b2af-4aa3-b2ea-ebc25917681d@group-B8998CF259C7-SegmentedRaftLogWorker close()
2019-09-12 09:43:05,833 [ForkJoinPool.commonPool-worker-0] INFO  impl.RaftServerImpl (RaftServerImpl.java:lambda$shutdown$3(251)) - 8df7c35a-b2af-4aa3-b2ea-ebc25917681d@group-B46FEB7DD0EB: shutdown
2019-09-12 09:43:05,833 [ForkJoinPool.commonPool-worker-0] INFO  util.JmxRegister (JmxRegister.java:unregister(73)) - Successfully un-registered JMX Bean with object name Ratis:service=RaftServer,group=group-B46FEB7DD0EB,id=8df7c35a-b2af-4aa3-b2ea-ebc25917681d
2019-09-12 09:43:05,834 [ForkJoinPool.commonPool-worker-0] INFO  impl.RoleInfo (RoleInfo.java:shutdownLeaderState(104)) - 8df7c35a-b2af-4aa3-b2ea-ebc25917681d: shutdown LeaderState
2019-09-12 09:43:05,834 [ForkJoinPool.commonPool-worker-0] INFO  impl.PendingRequests (PendingRequests.java:sendNotLeaderResponses(202)) - 8df7c35a-b2af-4aa3-b2ea-ebc25917681d-PendingRequests: sendNotLeaderResponses
2019-09-12 09:43:05,834 [ForkJoinPool.commonPool-worker-0] INFO  impl.StateMachineUpdater (StateMachineUpdater.java:stopAndJoin(125)) - 8df7c35a-b2af-4aa3-b2ea-ebc25917681d@group-B46FEB7DD0EB-StateMachineUpdater: set stopIndex = 0
2019-09-12 09:43:05,835 [ForkJoinPool.commonPool-worker-0] INFO  impl.RaftServerImpl (ServerState.java:close(385)) - 8df7c35a-b2af-4aa3-b2ea-ebc25917681d@group-B46FEB7DD0EB: closes. applyIndex: 0
2019-09-12 09:43:05,835 [8df7c35a-b2af-4aa3-b2ea-ebc25917681d@group-B46FEB7DD0EB-SegmentedRaftLogWorker] INFO  segmented.SegmentedRaftLogWorker (SegmentedRaftLogWorker.java:run(313)) - 8df7c35a-b2af-4aa3-b2ea-ebc25917681d@group-B46FEB7DD0EB-SegmentedRaftLogWorker was interrupted, exiting. There are 0 tasks remaining in the queue.
2019-09-12 09:43:05,837 [ForkJoinPool.commonPool-worker-0] INFO  segmented.SegmentedRaftLogWorker (SegmentedRaftLogWorker.java:close(228)) - 8df7c35a-b2af-4aa3-b2ea-ebc25917681d@group-B46FEB7DD0EB-SegmentedRaftLogWorker close()
2019-09-12 09:43:05,840 [ForkJoinPool.commonPool-worker-0] INFO  server.GrpcService (GrpcService.java:closeImpl(164)) - 8df7c35a-b2af-4aa3-b2ea-ebc25917681d: shutdown server with port 42509 now
2019-09-12 09:43:05,840 [ab1435ba-055f-42a6-ac0c-0c241e3586c1@group-17840A3B8B0B-StateMachineUpdater] INFO  ratis.ContainerStateMachine (ContainerStateMachine.java:takeSnapshot(300)) - group-17840A3B8B0B: Finished taking a snapshot at:(t:2, i:15) file:/workdir/hadoop-ozone/integration-test/target/test-dir/MiniOzoneClusterImpl-24bb607f-2e24-47f8-b34a-f96654db79dd/datanode-3/data/ratis/da0ce2f5-d18f-4adc-a07b-17840a3b8b0b/sm/snapshot.2_15 time:12
2019-09-12 09:43:05,840 [ab1435ba-055f-42a6-ac0c-0c241e3586c1@group-17840A3B8B0B-StateMachineUpdater] INFO  impl.StateMachineUpdater (StateMachineUpdater.java:takeSnapshot(258)) - ab1435ba-055f-42a6-ac0c-0c241e3586c1@group-17840A3B8B0B-StateMachineUpdater: Took a snapshot at index 15
2019-09-12 09:43:05,841 [ab1435ba-055f-42a6-ac0c-0c241e3586c1@group-17840A3B8B0B-StateMachineUpdater] INFO  impl.StateMachineUpdater (StateMachineUpdater.java:lambda$new$0(83)) - ab1435ba-055f-42a6-ac0c-0c241e3586c1@group-17840A3B8B0B-StateMachineUpdater: snapshotIndex: updateIncreasingly 15 -> 15
2019-09-12 09:43:05,841 [ForkJoinPool.commonPool-worker-0] INFO  server.GrpcService (GrpcService.java:closeImpl(172)) - 8df7c35a-b2af-4aa3-b2ea-ebc25917681d: shutdown server with port 42509 successfully
2019-09-12 09:43:05,841 [main] INFO  impl.RaftServerImpl (ServerState.java:close(385)) - ab1435ba-055f-42a6-ac0c-0c241e3586c1@group-17840A3B8B0B: closes. applyIndex: 16
2019-09-12 09:43:05,842 [ab1435ba-055f-42a6-ac0c-0c241e3586c1@group-17840A3B8B0B-SegmentedRaftLogWorker] INFO  segmented.SegmentedRaftLogWorker (SegmentedRaftLogWorker.java:run(313)) - ab1435ba-055f-42a6-ac0c-0c241e3586c1@group-17840A3B8B0B-SegmentedRaftLogWorker was interrupted, exiting. There are 0 tasks remaining in the queue.
2019-09-12 09:43:05,843 [main] INFO  segmented.SegmentedRaftLogWorker (SegmentedRaftLogWorker.java:close(228)) - ab1435ba-055f-42a6-ac0c-0c241e3586c1@group-17840A3B8B0B-SegmentedRaftLogWorker close()
2019-09-12 09:43:05,855 [main] INFO  impl.RaftServerImpl (RaftServerImpl.java:lambda$shutdown$3(251)) - ab1435ba-055f-42a6-ac0c-0c241e3586c1@group-A69F9439C514: shutdown
2019-09-12 09:43:05,855 [main] INFO  util.JmxRegister (JmxRegister.java:unregister(73)) - Successfully un-registered JMX Bean with object name Ratis:service=RaftServer,group=group-A69F9439C514,id=ab1435ba-055f-42a6-ac0c-0c241e3586c1
2019-09-12 09:43:05,855 [refreshUsed-/workdir/hadoop-ozone/integration-test/target/test-dir/MiniOzoneClusterImpl-24bb607f-2e24-47f8-b34a-f96654db79dd/datanode-2/data/containers] WARN  fs.CachingGetSpaceUsed (CachingGetSpaceUsed.java:run(183)) - Thread Interrupted waiting to refresh disk information: sleep interrupted
2019-09-12 09:43:05,855 [main] INFO  impl.RoleInfo (RoleInfo.java:shutdownLeaderState(104)) - ab1435ba-055f-42a6-ac0c-0c241e3586c1: shutdown LeaderState
2019-09-12 09:43:05,856 [main] INFO  impl.PendingRequests (PendingRequests.java:sendNotLeaderResponses(202)) - ab1435ba-055f-42a6-ac0c-0c241e3586c1-PendingRequests: sendNotLeaderResponses
2019-09-12 09:43:05,856 [main] INFO  impl.StateMachineUpdater (StateMachineUpdater.java:stopAndJoin(125)) - ab1435ba-055f-42a6-ac0c-0c241e3586c1@group-A69F9439C514-StateMachineUpdater: set stopIndex = 0
2019-09-12 09:43:05,856 [main] INFO  impl.RaftServerImpl (ServerState.java:close(385)) - ab1435ba-055f-42a6-ac0c-0c241e3586c1@group-A69F9439C514: closes. applyIndex: 0
2019-09-12 09:43:05,858 [ab1435ba-055f-42a6-ac0c-0c241e3586c1@group-A69F9439C514-SegmentedRaftLogWorker] INFO  segmented.SegmentedRaftLogWorker (SegmentedRaftLogWorker.java:run(313)) - ab1435ba-055f-42a6-ac0c-0c241e3586c1@group-A69F9439C514-SegmentedRaftLogWorker was interrupted, exiting. There are 0 tasks remaining in the queue.
2019-09-12 09:43:05,859 [main] INFO  segmented.SegmentedRaftLogWorker (SegmentedRaftLogWorker.java:close(228)) - ab1435ba-055f-42a6-ac0c-0c241e3586c1@group-A69F9439C514-SegmentedRaftLogWorker close()
2019-09-12 09:43:05,861 [main] INFO  server.GrpcService (GrpcService.java:closeImpl(164)) - ab1435ba-055f-42a6-ac0c-0c241e3586c1: shutdown server with port 46664 now
2019-09-12 09:43:05,862 [grpc-default-executor-3] WARN  server.GrpcServerProtocolService (LogUtils.java:warn(134)) - ab1435ba-055f-42a6-ac0c-0c241e3586c1: installSnapshot onError, lastRequest: 06e1cc61-18a3-42d4-aec7-b27779cb650a->ab1435ba-055f-42a6-ac0c-0c241e3586c1#21-t2, previous=(t:2, i:16), leaderCommit=16, initializing? false, entries: <empty>: org.apache.ratis.thirdparty.io.grpc.StatusRuntimeException: CANCELLED: cancelled before receiving half close
2019-09-12 09:43:05,862 [main] INFO  server.GrpcService (GrpcService.java:closeImpl(172)) - ab1435ba-055f-42a6-ac0c-0c241e3586c1: shutdown server with port 46664 successfully
2019-09-12 09:43:05,862 [grpc-default-executor-10] WARN  server.GrpcLogAppender (LogUtils.java:warn(134)) - 06e1cc61-18a3-42d4-aec7-b27779cb650a@group-17840A3B8B0B->ab1435ba-055f-42a6-ac0c-0c241e3586c1-AppendLogResponseHandler: Failed appendEntries: org.apache.ratis.thirdparty.io.grpc.StatusRuntimeException: CANCELLED: HTTP/2 error code: CANCEL
Received Rst Stream
2019-09-12 09:43:05,863 [grpc-default-executor-10] INFO  impl.FollowerInfo (FollowerInfo.java:lambda$new$0(51)) - 06e1cc61-18a3-42d4-aec7-b27779cb650a@group-17840A3B8B0B->ab1435ba-055f-42a6-ac0c-0c241e3586c1: nextIndex: updateUnconditionally 17 -> 16
2019-09-12 09:43:05,867 [refreshUsed-/workdir/hadoop-ozone/integration-test/target/test-dir/MiniOzoneClusterImpl-24bb607f-2e24-47f8-b34a-f96654db79dd/datanode-3/data/containers] WARN  fs.CachingGetSpaceUsed (CachingGetSpaceUsed.java:run(183)) - Thread Interrupted waiting to refresh disk information: sleep interrupted
2019-09-12 09:43:05,873 [ForkJoinPool.commonPool-worker-0] INFO  utils.BackgroundService (BackgroundService.java:shutdown(148)) - Shutting down service BlockDeletingService
2019-09-12 09:43:05,878 [ForkJoinPool.commonPool-worker-0] INFO  statemachine.DatanodeStateMachine (DatanodeStateMachine.java:stopDaemon(395)) - Ozone container server stopped.
2019-09-12 09:43:05,882 [ForkJoinPool.commonPool-worker-0] INFO  handler.ContextHandler (ContextHandler.java:doStop(910)) - Stopped o.e.j.w.WebAppContext@28e7bb31{/,null,UNAVAILABLE}{/hddsDatanode}
2019-09-12 09:43:05,883 [ForkJoinPool.commonPool-worker-0] INFO  server.AbstractConnector (AbstractConnector.java:doStop(318)) - Stopped ServerConnector@6fe04f2a{HTTP/1.1,[http/1.1]}{0.0.0.0:0}
2019-09-12 09:43:05,884 [ForkJoinPool.commonPool-worker-0] INFO  handler.ContextHandler (ContextHandler.java:doStop(910)) - Stopped o.e.j.s.ServletContextHandler@639c7f9c{/static,jar:file:/home/user/.m2/repository/org/apache/hadoop/hadoop-hdds-container-service/0.5.0-SNAPSHOT/hadoop-hdds-container-service-0.5.0-SNAPSHOT.jar!/webapps/static,UNAVAILABLE}
2019-09-12 09:43:05,885 [ForkJoinPool.commonPool-worker-0] INFO  handler.ContextHandler (ContextHandler.java:doStop(910)) - Stopped o.e.j.s.ServletContextHandler@3181d4de{/logs,file:///workdir/hadoop-ozone/integration-test/target/log,UNAVAILABLE}
2019-09-12 09:43:05,886 [main] INFO  utils.BackgroundService (BackgroundService.java:shutdown(148)) - Shutting down service BlockDeletingService
2019-09-12 09:43:05,894 [main] INFO  statemachine.DatanodeStateMachine (DatanodeStateMachine.java:stopDaemon(395)) - Ozone container server stopped.
2019-09-12 09:43:05,896 [main] INFO  handler.ContextHandler (ContextHandler.java:doStop(910)) - Stopped o.e.j.w.WebAppContext@4217bce6{/,null,UNAVAILABLE}{/hddsDatanode}
2019-09-12 09:43:05,896 [main] INFO  server.AbstractConnector (AbstractConnector.java:doStop(318)) - Stopped ServerConnector@aa752bb{HTTP/1.1,[http/1.1]}{0.0.0.0:0}
2019-09-12 09:43:05,897 [main] INFO  handler.ContextHandler (ContextHandler.java:doStop(910)) - Stopped o.e.j.s.ServletContextHandler@69a373fd{/static,jar:file:/home/user/.m2/repository/org/apache/hadoop/hadoop-hdds-container-service/0.5.0-SNAPSHOT/hadoop-hdds-container-service-0.5.0-SNAPSHOT.jar!/webapps/static,UNAVAILABLE}
2019-09-12 09:43:05,897 [main] INFO  handler.ContextHandler (ContextHandler.java:doStop(910)) - Stopped o.e.j.s.ServletContextHandler@6fb22ae3{/logs,file:///workdir/hadoop-ozone/integration-test/target/log,UNAVAILABLE}
2019-09-12 09:43:06,530 [Datanode State Machine Thread - 0] INFO  statemachine.DatanodeStateMachine (DatanodeStateMachine.java:lambda$startDaemon$0(350)) - Ozone container server started.
2019-09-12 09:43:06,798 [Datanode State Machine Thread - 0] INFO  statemachine.DatanodeStateMachine (DatanodeStateMachine.java:lambda$startDaemon$0(350)) - Ozone container server started.
2019-09-12 09:43:07,504 [grpc-default-executor-3] WARN  server.GrpcLogAppender (LogUtils.java:warn(134)) - 06e1cc61-18a3-42d4-aec7-b27779cb650a@group-17840A3B8B0B->ab1435ba-055f-42a6-ac0c-0c241e3586c1-AppendLogResponseHandler: Failed appendEntries: org.apache.ratis.thirdparty.io.grpc.StatusRuntimeException: UNAVAILABLE: io exception
2019-09-12 09:43:07,505 [grpc-default-executor-9] WARN  server.GrpcLogAppender (LogUtils.java:warn(134)) - 06e1cc61-18a3-42d4-aec7-b27779cb650a@group-17840A3B8B0B->040e264f-7231-418c-8fde-c9895bbf90ff-AppendLogResponseHandler: Failed appendEntries: org.apache.ratis.thirdparty.io.grpc.StatusRuntimeException: UNAVAILABLE: io exception
2019-09-12 09:43:07,505 [grpc-default-executor-3] INFO  impl.FollowerInfo (FollowerInfo.java:lambda$new$0(51)) - 06e1cc61-18a3-42d4-aec7-b27779cb650a@group-17840A3B8B0B->ab1435ba-055f-42a6-ac0c-0c241e3586c1: nextIndex: updateUnconditionally 16 -> 15
2019-09-12 09:43:07,505 [grpc-default-executor-9] INFO  impl.FollowerInfo (FollowerInfo.java:lambda$new$0(51)) - 06e1cc61-18a3-42d4-aec7-b27779cb650a@group-17840A3B8B0B->040e264f-7231-418c-8fde-c9895bbf90ff: nextIndex: updateUnconditionally 13 -> 12
2019-09-12 09:43:08,464 [Thread-3623] INFO  impl.FollowerState (FollowerState.java:run(106)) - 9d8b0a0e-9d22-4935-bd66-2b722dc07855:group-B8998CF259C7 changes to CANDIDATE, lastRpcTime:7792, electionTimeout:5119ms
2019-09-12 09:43:08,465 [Thread-3623] INFO  impl.RoleInfo (RoleInfo.java:shutdownFollowerState(121)) - 9d8b0a0e-9d22-4935-bd66-2b722dc07855: shutdown FollowerState
2019-09-12 09:43:08,465 [Thread-3623] INFO  impl.RaftServerImpl (RaftServerImpl.java:setRole(174)) - 9d8b0a0e-9d22-4935-bd66-2b722dc07855@group-B8998CF259C7: changes role from  FOLLOWER to CANDIDATE at term 2 for changeToCandidate
2019-09-12 09:43:08,465 [Thread-3623] INFO  impl.RoleInfo (RoleInfo.java:updateAndGet(143)) - 9d8b0a0e-9d22-4935-bd66-2b722dc07855: start LeaderElection
2019-09-12 09:43:08,468 [9d8b0a0e-9d22-4935-bd66-2b722dc07855@group-B8998CF259C7:LeaderElection89] INFO  impl.RaftServerImpl (ServerState.java:setLeader(253)) - 9d8b0a0e-9d22-4935-bd66-2b722dc07855@group-B8998CF259C7: change Leader from e7a3f9df-59d0-4b1c-af2f-429d00af68b5 to null at term 2 for initElection
2019-09-12 09:43:08,529 [9d8b0a0e-9d22-4935-bd66-2b722dc07855@group-B8998CF259C7:LeaderElection89] INFO  impl.LeaderElection (LeaderElection.java:askForVotes(182)) - 9d8b0a0e-9d22-4935-bd66-2b722dc07855@group-B8998CF259C7:LeaderElection89: begin an election at term 3 for 0: [8df7c35a-b2af-4aa3-b2ea-ebc25917681d:192.168.69.112:42509, e7a3f9df-59d0-4b1c-af2f-429d00af68b5:192.168.69.112:43944, 9d8b0a0e-9d22-4935-bd66-2b722dc07855:192.168.69.112:38000], old=null
2019-09-12 09:43:08,534 [9d8b0a0e-9d22-4935-bd66-2b722dc07855@group-B8998CF259C7:LeaderElection89] INFO  impl.LeaderElection (LogUtils.java:infoOrTrace(149)) - 9d8b0a0e-9d22-4935-bd66-2b722dc07855@group-B8998CF259C7:LeaderElection89 got exception when requesting votes: {}
java.util.concurrent.ExecutionException: org.apache.ratis.thirdparty.io.grpc.StatusRuntimeException: UNAVAILABLE: io exception
	at java.util.concurrent.FutureTask.report(FutureTask.java:122)
	at java.util.concurrent.FutureTask.get(FutureTask.java:192)
	at org.apache.ratis.server.impl.LeaderElection.waitForResults(LeaderElection.java:263)
	at org.apache.ratis.server.impl.LeaderElection.askForVotes(LeaderElection.java:201)
	at org.apache.ratis.server.impl.LeaderElection.run(LeaderElection.java:133)
	at java.lang.Thread.run(Thread.java:748)
Caused by: org.apache.ratis.thirdparty.io.grpc.StatusRuntimeException: UNAVAILABLE: io exception
	at org.apache.ratis.thirdparty.io.grpc.stub.ClientCalls.toStatusRuntimeException(ClientCalls.java:233)
	at org.apache.ratis.thirdparty.io.grpc.stub.ClientCalls.getUnchecked(ClientCalls.java:214)
	at org.apache.ratis.thirdparty.io.grpc.stub.ClientCalls.blockingUnaryCall(ClientCalls.java:139)
	at org.apache.ratis.proto.grpc.RaftServerProtocolServiceGrpc$RaftServerProtocolServiceBlockingStub.requestVote(RaftServerProtocolServiceGrpc.java:265)
	at org.apache.ratis.grpc.server.GrpcServerProtocolClient.requestVote(GrpcServerProtocolClient.java:90)
	at org.apache.ratis.grpc.server.GrpcService.requestVote(GrpcService.java:204)
	at org.apache.ratis.server.impl.LeaderElection.lambda$submitRequests$1(LeaderElection.java:238)
	at java.util.concurrent.FutureTask.run(FutureTask.java:266)
	at java.util.concurrent.Executors$RunnableAdapter.call(Executors.java:511)
	at java.util.concurrent.FutureTask.run(FutureTask.java:266)
	at java.util.concurrent.ThreadPoolExecutor.runWorker(ThreadPoolExecutor.java:1149)
	at java.util.concurrent.ThreadPoolExecutor$Worker.run(ThreadPoolExecutor.java:624)
	... 1 more
Caused by: org.apache.ratis.thirdparty.io.netty.channel.AbstractChannel$AnnotatedConnectException: Connection refused: /192.168.69.112:42509
	at sun.nio.ch.SocketChannelImpl.checkConnect(Native Method)
	at sun.nio.ch.SocketChannelImpl.finishConnect(SocketChannelImpl.java:717)
	at org.apache.ratis.thirdparty.io.netty.channel.socket.nio.NioSocketChannel.doFinishConnect(NioSocketChannel.java:327)
	at org.apache.ratis.thirdparty.io.netty.channel.nio.AbstractNioChannel$AbstractNioUnsafe.finishConnect(AbstractNioChannel.java:340)
	at org.apache.ratis.thirdparty.io.netty.channel.nio.NioEventLoop.processSelectedKey(NioEventLoop.java:632)
	at org.apache.ratis.thirdparty.io.netty.channel.nio.NioEventLoop.processSelectedKeysOptimized(NioEventLoop.java:579)
	at org.apache.ratis.thirdparty.io.netty.channel.nio.NioEventLoop.processSelectedKeys(NioEventLoop.java:496)
	at org.apache.ratis.thirdparty.io.netty.channel.nio.NioEventLoop.run(NioEventLoop.java:458)
	at org.apache.ratis.thirdparty.io.netty.util.concurrent.SingleThreadEventExecutor$5.run(SingleThreadEventExecutor.java:897)
	at org.apache.ratis.thirdparty.io.netty.util.concurrent.FastThreadLocalRunnable.run(FastThreadLocalRunnable.java:30)
	... 1 more
Caused by: java.net.ConnectException: Connection refused
	... 11 more
2019-09-12 09:43:08,537 [9d8b0a0e-9d22-4935-bd66-2b722dc07855@group-B8998CF259C7:LeaderElection89] INFO  impl.LeaderElection (LogUtils.java:infoOrTrace(149)) - 9d8b0a0e-9d22-4935-bd66-2b722dc07855@group-B8998CF259C7:LeaderElection89 got exception when requesting votes: {}
java.util.concurrent.ExecutionException: org.apache.ratis.thirdparty.io.grpc.StatusRuntimeException: UNAVAILABLE: io exception
	at java.util.concurrent.FutureTask.report(FutureTask.java:122)
	at java.util.concurrent.FutureTask.get(FutureTask.java:192)
	at org.apache.ratis.server.impl.LeaderElection.waitForResults(LeaderElection.java:263)
	at org.apache.ratis.server.impl.LeaderElection.askForVotes(LeaderElection.java:201)
	at org.apache.ratis.server.impl.LeaderElection.run(LeaderElection.java:133)
	at java.lang.Thread.run(Thread.java:748)
Caused by: org.apache.ratis.thirdparty.io.grpc.StatusRuntimeException: UNAVAILABLE: io exception
	at org.apache.ratis.thirdparty.io.grpc.stub.ClientCalls.toStatusRuntimeException(ClientCalls.java:233)
	at org.apache.ratis.thirdparty.io.grpc.stub.ClientCalls.getUnchecked(ClientCalls.java:214)
	at org.apache.ratis.thirdparty.io.grpc.stub.ClientCalls.blockingUnaryCall(ClientCalls.java:139)
	at org.apache.ratis.proto.grpc.RaftServerProtocolServiceGrpc$RaftServerProtocolServiceBlockingStub.requestVote(RaftServerProtocolServiceGrpc.java:265)
	at org.apache.ratis.grpc.server.GrpcServerProtocolClient.requestVote(GrpcServerProtocolClient.java:90)
	at org.apache.ratis.grpc.server.GrpcService.requestVote(GrpcService.java:204)
	at org.apache.ratis.server.impl.LeaderElection.lambda$submitRequests$1(LeaderElection.java:238)
	at java.util.concurrent.FutureTask.run(FutureTask.java:266)
	at java.util.concurrent.Executors$RunnableAdapter.call(Executors.java:511)
	at java.util.concurrent.FutureTask.run(FutureTask.java:266)
	at java.util.concurrent.ThreadPoolExecutor.runWorker(ThreadPoolExecutor.java:1149)
	at java.util.concurrent.ThreadPoolExecutor$Worker.run(ThreadPoolExecutor.java:624)
	... 1 more
Caused by: org.apache.ratis.thirdparty.io.netty.channel.AbstractChannel$AnnotatedConnectException: Connection refused: /192.168.69.112:43944
	at sun.nio.ch.SocketChannelImpl.checkConnect(Native Method)
	at sun.nio.ch.SocketChannelImpl.finishConnect(SocketChannelImpl.java:717)
	at org.apache.ratis.thirdparty.io.netty.channel.socket.nio.NioSocketChannel.doFinishConnect(NioSocketChannel.java:327)
	at org.apache.ratis.thirdparty.io.netty.channel.nio.AbstractNioChannel$AbstractNioUnsafe.finishConnect(AbstractNioChannel.java:340)
	at org.apache.ratis.thirdparty.io.netty.channel.nio.NioEventLoop.processSelectedKey(NioEventLoop.java:632)
	at org.apache.ratis.thirdparty.io.netty.channel.nio.NioEventLoop.processSelectedKeysOptimized(NioEventLoop.java:579)
	at org.apache.ratis.thirdparty.io.netty.channel.nio.NioEventLoop.processSelectedKeys(NioEventLoop.java:496)
	at org.apache.ratis.thirdparty.io.netty.channel.nio.NioEventLoop.run(NioEventLoop.java:458)
	at org.apache.ratis.thirdparty.io.netty.util.concurrent.SingleThreadEventExecutor$5.run(SingleThreadEventExecutor.java:897)
	at org.apache.ratis.thirdparty.io.netty.util.concurrent.FastThreadLocalRunnable.run(FastThreadLocalRunnable.java:30)
	... 1 more
Caused by: java.net.ConnectException: Connection refused
	... 11 more
2019-09-12 09:43:08,545 [9d8b0a0e-9d22-4935-bd66-2b722dc07855@group-B8998CF259C7:LeaderElection89] INFO  impl.LeaderElection (LeaderElection.java:logAndReturn(56)) - 9d8b0a0e-9d22-4935-bd66-2b722dc07855@group-B8998CF259C7:LeaderElection89: Election REJECTED; received 0 response(s) [] and 2 exception(s); 9d8b0a0e-9d22-4935-bd66-2b722dc07855@group-B8998CF259C7:t3, leader=null, voted=9d8b0a0e-9d22-4935-bd66-2b722dc07855, raftlog=9d8b0a0e-9d22-4935-bd66-2b722dc07855@group-B8998CF259C7-SegmentedRaftLog:OPENED:c6,f6,i6, conf=0: [8df7c35a-b2af-4aa3-b2ea-ebc25917681d:192.168.69.112:42509, e7a3f9df-59d0-4b1c-af2f-429d00af68b5:192.168.69.112:43944, 9d8b0a0e-9d22-4935-bd66-2b722dc07855:192.168.69.112:38000], old=null
2019-09-12 09:43:08,545 [9d8b0a0e-9d22-4935-bd66-2b722dc07855@group-B8998CF259C7:LeaderElection89] INFO  impl.LeaderElection (LogUtils.java:infoOrTrace(149)) -   Exception 0: {}
java.util.concurrent.ExecutionException: org.apache.ratis.thirdparty.io.grpc.StatusRuntimeException: UNAVAILABLE: io exception
	at java.util.concurrent.FutureTask.report(FutureTask.java:122)
	at java.util.concurrent.FutureTask.get(FutureTask.java:192)
	at org.apache.ratis.server.impl.LeaderElection.waitForResults(LeaderElection.java:263)
	at org.apache.ratis.server.impl.LeaderElection.askForVotes(LeaderElection.java:201)
	at org.apache.ratis.server.impl.LeaderElection.run(LeaderElection.java:133)
	at java.lang.Thread.run(Thread.java:748)
Caused by: org.apache.ratis.thirdparty.io.grpc.StatusRuntimeException: UNAVAILABLE: io exception
	at org.apache.ratis.thirdparty.io.grpc.stub.ClientCalls.toStatusRuntimeException(ClientCalls.java:233)
	at org.apache.ratis.thirdparty.io.grpc.stub.ClientCalls.getUnchecked(ClientCalls.java:214)
	at org.apache.ratis.thirdparty.io.grpc.stub.ClientCalls.blockingUnaryCall(ClientCalls.java:139)
	at org.apache.ratis.proto.grpc.RaftServerProtocolServiceGrpc$RaftServerProtocolServiceBlockingStub.requestVote(RaftServerProtocolServiceGrpc.java:265)
	at org.apache.ratis.grpc.server.GrpcServerProtocolClient.requestVote(GrpcServerProtocolClient.java:90)
	at org.apache.ratis.grpc.server.GrpcService.requestVote(GrpcService.java:204)
	at org.apache.ratis.server.impl.LeaderElection.lambda$submitRequests$1(LeaderElection.java:238)
	at java.util.concurrent.FutureTask.run(FutureTask.java:266)
	at java.util.concurrent.Executors$RunnableAdapter.call(Executors.java:511)
	at java.util.concurrent.FutureTask.run(FutureTask.java:266)
	at java.util.concurrent.ThreadPoolExecutor.runWorker(ThreadPoolExecutor.java:1149)
	at java.util.concurrent.ThreadPoolExecutor$Worker.run(ThreadPoolExecutor.java:624)
	... 1 more
Caused by: org.apache.ratis.thirdparty.io.netty.channel.AbstractChannel$AnnotatedConnectException: Connection refused: /192.168.69.112:42509
	at sun.nio.ch.SocketChannelImpl.checkConnect(Native Method)
	at sun.nio.ch.SocketChannelImpl.finishConnect(SocketChannelImpl.java:717)
	at org.apache.ratis.thirdparty.io.netty.channel.socket.nio.NioSocketChannel.doFinishConnect(NioSocketChannel.java:327)
	at org.apache.ratis.thirdparty.io.netty.channel.nio.AbstractNioChannel$AbstractNioUnsafe.finishConnect(AbstractNioChannel.java:340)
	at org.apache.ratis.thirdparty.io.netty.channel.nio.NioEventLoop.processSelectedKey(NioEventLoop.java:632)
	at org.apache.ratis.thirdparty.io.netty.channel.nio.NioEventLoop.processSelectedKeysOptimized(NioEventLoop.java:579)
	at org.apache.ratis.thirdparty.io.netty.channel.nio.NioEventLoop.processSelectedKeys(NioEventLoop.java:496)
	at org.apache.ratis.thirdparty.io.netty.channel.nio.NioEventLoop.run(NioEventLoop.java:458)
	at org.apache.ratis.thirdparty.io.netty.util.concurrent.SingleThreadEventExecutor$5.run(SingleThreadEventExecutor.java:897)
	at org.apache.ratis.thirdparty.io.netty.util.concurrent.FastThreadLocalRunnable.run(FastThreadLocalRunnable.java:30)
	... 1 more
Caused by: java.net.ConnectException: Connection refused
	... 11 more
2019-09-12 09:43:08,546 [9d8b0a0e-9d22-4935-bd66-2b722dc07855@group-B8998CF259C7:LeaderElection89] INFO  impl.LeaderElection (LogUtils.java:infoOrTrace(149)) -   Exception 1: {}
java.util.concurrent.ExecutionException: org.apache.ratis.thirdparty.io.grpc.StatusRuntimeException: UNAVAILABLE: io exception
	at java.util.concurrent.FutureTask.report(FutureTask.java:122)
	at java.util.concurrent.FutureTask.get(FutureTask.java:192)
	at org.apache.ratis.server.impl.LeaderElection.waitForResults(LeaderElection.java:263)
	at org.apache.ratis.server.impl.LeaderElection.askForVotes(LeaderElection.java:201)
	at org.apache.ratis.server.impl.LeaderElection.run(LeaderElection.java:133)
	at java.lang.Thread.run(Thread.java:748)
Caused by: org.apache.ratis.thirdparty.io.grpc.StatusRuntimeException: UNAVAILABLE: io exception
	at org.apache.ratis.thirdparty.io.grpc.stub.ClientCalls.toStatusRuntimeException(ClientCalls.java:233)
	at org.apache.ratis.thirdparty.io.grpc.stub.ClientCalls.getUnchecked(ClientCalls.java:214)
	at org.apache.ratis.thirdparty.io.grpc.stub.ClientCalls.blockingUnaryCall(ClientCalls.java:139)
	at org.apache.ratis.proto.grpc.RaftServerProtocolServiceGrpc$RaftServerProtocolServiceBlockingStub.requestVote(RaftServerProtocolServiceGrpc.java:265)
	at org.apache.ratis.grpc.server.GrpcServerProtocolClient.requestVote(GrpcServerProtocolClient.java:90)
	at org.apache.ratis.grpc.server.GrpcService.requestVote(GrpcService.java:204)
	at org.apache.ratis.server.impl.LeaderElection.lambda$submitRequests$1(LeaderElection.java:238)
	at java.util.concurrent.FutureTask.run(FutureTask.java:266)
	at java.util.concurrent.Executors$RunnableAdapter.call(Executors.java:511)
	at java.util.concurrent.FutureTask.run(FutureTask.java:266)
	at java.util.concurrent.ThreadPoolExecutor.runWorker(ThreadPoolExecutor.java:1149)
	at java.util.concurrent.ThreadPoolExecutor$Worker.run(ThreadPoolExecutor.java:624)
	... 1 more
Caused by: org.apache.ratis.thirdparty.io.netty.channel.AbstractChannel$AnnotatedConnectException: Connection refused: /192.168.69.112:43944
	at sun.nio.ch.SocketChannelImpl.checkConnect(Native Method)
	at sun.nio.ch.SocketChannelImpl.finishConnect(SocketChannelImpl.java:717)
	at org.apache.ratis.thirdparty.io.netty.channel.socket.nio.NioSocketChannel.doFinishConnect(NioSocketChannel.java:327)
	at org.apache.ratis.thirdparty.io.netty.channel.nio.AbstractNioChannel$AbstractNioUnsafe.finishConnect(AbstractNioChannel.java:340)
	at org.apache.ratis.thirdparty.io.netty.channel.nio.NioEventLoop.processSelectedKey(NioEventLoop.java:632)
	at org.apache.ratis.thirdparty.io.netty.channel.nio.NioEventLoop.processSelectedKeysOptimized(NioEventLoop.java:579)
	at org.apache.ratis.thirdparty.io.netty.channel.nio.NioEventLoop.processSelectedKeys(NioEventLoop.java:496)
	at org.apache.ratis.thirdparty.io.netty.channel.nio.NioEventLoop.run(NioEventLoop.java:458)
	at org.apache.ratis.thirdparty.io.netty.util.concurrent.SingleThreadEventExecutor$5.run(SingleThreadEventExecutor.java:897)
	at org.apache.ratis.thirdparty.io.netty.util.concurrent.FastThreadLocalRunnable.run(FastThreadLocalRunnable.java:30)
	... 1 more
Caused by: java.net.ConnectException: Connection refused
	... 11 more
2019-09-12 09:43:08,546 [9d8b0a0e-9d22-4935-bd66-2b722dc07855@group-B8998CF259C7:LeaderElection89] INFO  impl.RaftServerImpl (RaftServerImpl.java:setRole(174)) - 9d8b0a0e-9d22-4935-bd66-2b722dc07855@group-B8998CF259C7: changes role from CANDIDATE to FOLLOWER at term 3 for DISCOVERED_A_NEW_TERM
2019-09-12 09:43:08,547 [9d8b0a0e-9d22-4935-bd66-2b722dc07855@group-B8998CF259C7:LeaderElection89] INFO  impl.RoleInfo (RoleInfo.java:shutdownLeaderElection(134)) - 9d8b0a0e-9d22-4935-bd66-2b722dc07855: shutdown LeaderElection
2019-09-12 09:43:08,547 [9d8b0a0e-9d22-4935-bd66-2b722dc07855@group-B8998CF259C7:LeaderElection89] INFO  impl.RoleInfo (RoleInfo.java:updateAndGet(143)) - 9d8b0a0e-9d22-4935-bd66-2b722dc07855: start FollowerState
2019-09-12 09:43:10,008 [grpc-default-executor-9] WARN  server.GrpcLogAppender (LogUtils.java:warn(134)) - 06e1cc61-18a3-42d4-aec7-b27779cb650a@group-17840A3B8B0B->040e264f-7231-418c-8fde-c9895bbf90ff-AppendLogResponseHandler: Failed appendEntries: org.apache.ratis.thirdparty.io.grpc.StatusRuntimeException: UNAVAILABLE: io exception
2019-09-12 09:43:10,008 [grpc-default-executor-3] WARN  server.GrpcLogAppender (LogUtils.java:warn(134)) - 06e1cc61-18a3-42d4-aec7-b27779cb650a@group-17840A3B8B0B->ab1435ba-055f-42a6-ac0c-0c241e3586c1-AppendLogResponseHandler: Failed appendEntries: org.apache.ratis.thirdparty.io.grpc.StatusRuntimeException: UNAVAILABLE: io exception
2019-09-12 09:43:10,015 [grpc-default-executor-9] INFO  impl.FollowerInfo (FollowerInfo.java:lambda$new$0(51)) - 06e1cc61-18a3-42d4-aec7-b27779cb650a@group-17840A3B8B0B->040e264f-7231-418c-8fde-c9895bbf90ff: nextIndex: updateUnconditionally 12 -> 11
2019-09-12 09:43:10,015 [grpc-default-executor-3] INFO  impl.FollowerInfo (FollowerInfo.java:lambda$new$0(51)) - 06e1cc61-18a3-42d4-aec7-b27779cb650a@group-17840A3B8B0B->ab1435ba-055f-42a6-ac0c-0c241e3586c1: nextIndex: updateUnconditionally 15 -> 14
2019-09-12 09:43:10,585 [EventQueue-StaleNodeForStaleNodeHandler] INFO  node.StaleNodeHandler (StaleNodeHandler.java:onMessage(58)) - Datanode 06e1cc61-18a3-42d4-aec7-b27779cb650a{ip: 192.168.69.112, host: pr-hdds-2117-slf27-1599733614, networkLocation: /default-rack, certSerialId: null} moved to stale state. Finalizing its pipelines [PipelineID=da0ce2f5-d18f-4adc-a07b-17840a3b8b0b, PipelineID=5d2ead0f-ac2c-46dc-ab82-af08bd14dd72]
2019-09-12 09:43:10,586 [EventQueue-StaleNodeForStaleNodeHandler] INFO  pipeline.SCMPipelineManager (SCMPipelineManager.java:finalizeAndDestroyPipeline(311)) - destroying pipeline:Pipeline[ Id: da0ce2f5-d18f-4adc-a07b-17840a3b8b0b, Nodes: 06e1cc61-18a3-42d4-aec7-b27779cb650a{ip: 192.168.69.112, host: pr-hdds-2117-slf27-1599733614, networkLocation: /default-rack, certSerialId: null}ab1435ba-055f-42a6-ac0c-0c241e3586c1{ip: 192.168.69.112, host: pr-hdds-2117-slf27-1599733614, networkLocation: /default-rack, certSerialId: null}040e264f-7231-418c-8fde-c9895bbf90ff{ip: 192.168.69.112, host: pr-hdds-2117-slf27-1599733614, networkLocation: /default-rack, certSerialId: null}, Type:RATIS, Factor:THREE, State:CLOSED]
2019-09-12 09:43:10,586 [EventQueue-StaleNodeForStaleNodeHandler] INFO  pipeline.SCMPipelineManager (SCMPipelineManager.java:finalizeAndDestroyPipeline(311)) - destroying pipeline:Pipeline[ Id: 5d2ead0f-ac2c-46dc-ab82-af08bd14dd72, Nodes: 06e1cc61-18a3-42d4-aec7-b27779cb650a{ip: 192.168.69.112, host: pr-hdds-2117-slf27-1599733614, networkLocation: /default-rack, certSerialId: null}, Type:RATIS, Factor:ONE, State:OPEN]
2019-09-12 09:43:10,587 [EventQueue-StaleNodeForStaleNodeHandler] INFO  pipeline.PipelineStateManager (PipelineStateManager.java:finalizePipeline(123)) - Pipeline Pipeline[ Id: 5d2ead0f-ac2c-46dc-ab82-af08bd14dd72, Nodes: 06e1cc61-18a3-42d4-aec7-b27779cb650a{ip: 192.168.69.112, host: pr-hdds-2117-slf27-1599733614, networkLocation: /default-rack, certSerialId: null}, Type:RATIS, Factor:ONE, State:CLOSED] moved to CLOSED state
2019-09-12 09:43:10,885 [EventQueue-StaleNodeForStaleNodeHandler] INFO  node.StaleNodeHandler (StaleNodeHandler.java:onMessage(58)) - Datanode 9d8b0a0e-9d22-4935-bd66-2b722dc07855{ip: 192.168.69.112, host: pr-hdds-2117-slf27-1599733614, networkLocation: /default-rack, certSerialId: null} moved to stale state. Finalizing its pipelines [PipelineID=96c39029-09b4-400d-9e99-0181ad95ec6f, PipelineID=197a84bb-c10f-4e81-ae38-b8998cf259c7]
2019-09-12 09:43:10,886 [EventQueue-StaleNodeForStaleNodeHandler] INFO  pipeline.SCMPipelineManager (SCMPipelineManager.java:finalizeAndDestroyPipeline(311)) - destroying pipeline:Pipeline[ Id: 96c39029-09b4-400d-9e99-0181ad95ec6f, Nodes: 9d8b0a0e-9d22-4935-bd66-2b722dc07855{ip: 192.168.69.112, host: pr-hdds-2117-slf27-1599733614, networkLocation: /default-rack, certSerialId: null}, Type:RATIS, Factor:ONE, State:OPEN]
2019-09-12 09:43:10,886 [EventQueue-StaleNodeForStaleNodeHandler] INFO  pipeline.PipelineStateManager (PipelineStateManager.java:finalizePipeline(123)) - Pipeline Pipeline[ Id: 96c39029-09b4-400d-9e99-0181ad95ec6f, Nodes: 9d8b0a0e-9d22-4935-bd66-2b722dc07855{ip: 192.168.69.112, host: pr-hdds-2117-slf27-1599733614, networkLocation: /default-rack, certSerialId: null}, Type:RATIS, Factor:ONE, State:CLOSED] moved to CLOSED state
2019-09-12 09:43:10,886 [EventQueue-StaleNodeForStaleNodeHandler] INFO  pipeline.SCMPipelineManager (SCMPipelineManager.java:finalizeAndDestroyPipeline(311)) - destroying pipeline:Pipeline[ Id: 197a84bb-c10f-4e81-ae38-b8998cf259c7, Nodes: 9d8b0a0e-9d22-4935-bd66-2b722dc07855{ip: 192.168.69.112, host: pr-hdds-2117-slf27-1599733614, networkLocation: /default-rack, certSerialId: null}8df7c35a-b2af-4aa3-b2ea-ebc25917681d{ip: 192.168.69.112, host: pr-hdds-2117-slf27-1599733614, networkLocation: /default-rack, certSerialId: null}e7a3f9df-59d0-4b1c-af2f-429d00af68b5{ip: 192.168.69.112, host: pr-hdds-2117-slf27-1599733614, networkLocation: /default-rack, certSerialId: null}, Type:RATIS, Factor:THREE, State:CLOSED]
2019-09-12 09:43:10,887 [ForkJoinPool.commonPool-worker-0] INFO  ozoneimpl.OzoneContainer (OzoneContainer.java:stop(231)) - Attempting to stop container services.
2019-09-12 09:43:10,893 [ForkJoinPool.commonPool-worker-0] INFO  impl.RaftServerProxy (RaftServerProxy.java:lambda$close$4(314)) - 9d8b0a0e-9d22-4935-bd66-2b722dc07855: close
2019-09-12 09:43:10,894 [ForkJoinPool.commonPool-worker-0] INFO  impl.RaftServerImpl (RaftServerImpl.java:lambda$shutdown$3(251)) - 9d8b0a0e-9d22-4935-bd66-2b722dc07855@group-0181AD95EC6F: shutdown
2019-09-12 09:43:10,894 [ForkJoinPool.commonPool-worker-0] INFO  util.JmxRegister (JmxRegister.java:unregister(73)) - Successfully un-registered JMX Bean with object name Ratis:service=RaftServer,group=group-0181AD95EC6F,id=9d8b0a0e-9d22-4935-bd66-2b722dc07855
2019-09-12 09:43:10,894 [ForkJoinPool.commonPool-worker-0] INFO  impl.RoleInfo (RoleInfo.java:shutdownLeaderState(104)) - 9d8b0a0e-9d22-4935-bd66-2b722dc07855: shutdown LeaderState
2019-09-12 09:43:10,895 [ForkJoinPool.commonPool-worker-0] INFO  impl.PendingRequests (PendingRequests.java:sendNotLeaderResponses(202)) - 9d8b0a0e-9d22-4935-bd66-2b722dc07855-PendingRequests: sendNotLeaderResponses
2019-09-12 09:43:10,895 [ForkJoinPool.commonPool-worker-0] INFO  impl.StateMachineUpdater (StateMachineUpdater.java:stopAndJoin(125)) - 9d8b0a0e-9d22-4935-bd66-2b722dc07855@group-0181AD95EC6F-StateMachineUpdater: set stopIndex = 0
2019-09-12 09:43:10,896 [ForkJoinPool.commonPool-worker-0] INFO  impl.RaftServerImpl (ServerState.java:close(385)) - 9d8b0a0e-9d22-4935-bd66-2b722dc07855@group-0181AD95EC6F: closes. applyIndex: 0
2019-09-12 09:43:10,896 [9d8b0a0e-9d22-4935-bd66-2b722dc07855@group-0181AD95EC6F-SegmentedRaftLogWorker] INFO  segmented.SegmentedRaftLogWorker (SegmentedRaftLogWorker.java:run(313)) - 9d8b0a0e-9d22-4935-bd66-2b722dc07855@group-0181AD95EC6F-SegmentedRaftLogWorker was interrupted, exiting. There are 0 tasks remaining in the queue.
2019-09-12 09:43:10,900 [ForkJoinPool.commonPool-worker-0] INFO  segmented.SegmentedRaftLogWorker (SegmentedRaftLogWorker.java:close(228)) - 9d8b0a0e-9d22-4935-bd66-2b722dc07855@group-0181AD95EC6F-SegmentedRaftLogWorker close()
2019-09-12 09:43:10,900 [main] INFO  ozoneimpl.OzoneContainer (OzoneContainer.java:stop(231)) - Attempting to stop container services.
2019-09-12 09:43:10,902 [ForkJoinPool.commonPool-worker-0] INFO  impl.RaftServerImpl (RaftServerImpl.java:lambda$shutdown$3(251)) - 9d8b0a0e-9d22-4935-bd66-2b722dc07855@group-B8998CF259C7: shutdown
2019-09-12 09:43:10,903 [main] INFO  impl.RaftServerProxy (RaftServerProxy.java:lambda$close$4(314)) - 06e1cc61-18a3-42d4-aec7-b27779cb650a: close
2019-09-12 09:43:10,903 [ForkJoinPool.commonPool-worker-0] INFO  util.JmxRegister (JmxRegister.java:unregister(73)) - Successfully un-registered JMX Bean with object name Ratis:service=RaftServer,group=group-B8998CF259C7,id=9d8b0a0e-9d22-4935-bd66-2b722dc07855
2019-09-12 09:43:10,905 [main] INFO  impl.RaftServerImpl (RaftServerImpl.java:lambda$shutdown$3(251)) - 06e1cc61-18a3-42d4-aec7-b27779cb650a@group-17840A3B8B0B: shutdown
2019-09-12 09:43:10,905 [ForkJoinPool.commonPool-worker-0] INFO  impl.RoleInfo (RoleInfo.java:shutdownFollowerState(121)) - 9d8b0a0e-9d22-4935-bd66-2b722dc07855: shutdown FollowerState
2019-09-12 09:43:10,905 [main] INFO  util.JmxRegister (JmxRegister.java:unregister(73)) - Successfully un-registered JMX Bean with object name Ratis:service=RaftServer,group=group-17840A3B8B0B,id=06e1cc61-18a3-42d4-aec7-b27779cb650a
2019-09-12 09:43:10,905 [ForkJoinPool.commonPool-worker-0] INFO  impl.StateMachineUpdater (StateMachineUpdater.java:stopAndJoin(125)) - 9d8b0a0e-9d22-4935-bd66-2b722dc07855@group-B8998CF259C7-StateMachineUpdater: set stopIndex = 6
2019-09-12 09:43:10,905 [Thread-3728] INFO  impl.FollowerState (FollowerState.java:run(115)) - 9d8b0a0e-9d22-4935-bd66-2b722dc07855: FollowerState was interrupted: java.lang.InterruptedException: sleep interrupted
2019-09-12 09:43:10,905 [9d8b0a0e-9d22-4935-bd66-2b722dc07855@group-B8998CF259C7-StateMachineUpdater] INFO  ratis.ContainerStateMachine (ContainerStateMachine.java:takeSnapshot(289)) - group-B8998CF259C7: Taking a snapshot at:(t:2, i:6) file /workdir/hadoop-ozone/integration-test/target/test-dir/MiniOzoneClusterImpl-24bb607f-2e24-47f8-b34a-f96654db79dd/datanode-0/data/ratis/197a84bb-c10f-4e81-ae38-b8998cf259c7/sm/snapshot.2_6
2019-09-12 09:43:10,905 [main] INFO  impl.RoleInfo (RoleInfo.java:shutdownLeaderState(104)) - 06e1cc61-18a3-42d4-aec7-b27779cb650a: shutdown LeaderState
2019-09-12 09:43:10,911 [main] INFO  impl.PendingRequests (PendingRequests.java:sendNotLeaderResponses(202)) - 06e1cc61-18a3-42d4-aec7-b27779cb650a-PendingRequests: sendNotLeaderResponses
2019-09-12 09:43:10,911 [org.apache.ratis.server.impl.LogAppender$AppenderDaemon$$Lambda$491/928668833@717a0ce9] WARN  server.GrpcLogAppender (GrpcLogAppender.java:mayWait(143)) - 06e1cc61-18a3-42d4-aec7-b27779cb650a@group-17840A3B8B0B->ab1435ba-055f-42a6-ac0c-0c241e3586c1-GrpcLogAppender: Wait interrupted by java.lang.InterruptedException
2019-09-12 09:43:10,911 [org.apache.ratis.server.impl.LogAppender$AppenderDaemon$$Lambda$491/928668833@5fad3392] WARN  server.GrpcLogAppender (GrpcLogAppender.java:mayWait(143)) - 06e1cc61-18a3-42d4-aec7-b27779cb650a@group-17840A3B8B0B->040e264f-7231-418c-8fde-c9895bbf90ff-GrpcLogAppender: Wait interrupted by java.lang.InterruptedException
2019-09-12 09:43:10,915 [main] INFO  impl.StateMachineUpdater (StateMachineUpdater.java:stopAndJoin(125)) - 06e1cc61-18a3-42d4-aec7-b27779cb650a@group-17840A3B8B0B-StateMachineUpdater: set stopIndex = 16
2019-09-12 09:43:10,915 [06e1cc61-18a3-42d4-aec7-b27779cb650a@group-17840A3B8B0B-StateMachineUpdater] INFO  ratis.ContainerStateMachine (ContainerStateMachine.java:takeSnapshot(289)) - group-17840A3B8B0B: Taking a snapshot at:(t:2, i:16) file /workdir/hadoop-ozone/integration-test/target/test-dir/MiniOzoneClusterImpl-24bb607f-2e24-47f8-b34a-f96654db79dd/datanode-6/data/ratis/da0ce2f5-d18f-4adc-a07b-17840a3b8b0b/sm/snapshot.2_16
2019-09-12 09:43:10,929 [06e1cc61-18a3-42d4-aec7-b27779cb650a@group-17840A3B8B0B-StateMachineUpdater] INFO  ratis.ContainerStateMachine (ContainerStateMachine.java:takeSnapshot(300)) - group-17840A3B8B0B: Finished taking a snapshot at:(t:2, i:16) file:/workdir/hadoop-ozone/integration-test/target/test-dir/MiniOzoneClusterImpl-24bb607f-2e24-47f8-b34a-f96654db79dd/datanode-6/data/ratis/da0ce2f5-d18f-4adc-a07b-17840a3b8b0b/sm/snapshot.2_16 time:15
2019-09-12 09:43:10,929 [9d8b0a0e-9d22-4935-bd66-2b722dc07855@group-B8998CF259C7-StateMachineUpdater] INFO  ratis.ContainerStateMachine (ContainerStateMachine.java:takeSnapshot(300)) - group-B8998CF259C7: Finished taking a snapshot at:(t:2, i:6) file:/workdir/hadoop-ozone/integration-test/target/test-dir/MiniOzoneClusterImpl-24bb607f-2e24-47f8-b34a-f96654db79dd/datanode-0/data/ratis/197a84bb-c10f-4e81-ae38-b8998cf259c7/sm/snapshot.2_6 time:24
2019-09-12 09:43:10,929 [06e1cc61-18a3-42d4-aec7-b27779cb650a@group-17840A3B8B0B-StateMachineUpdater] INFO  impl.StateMachineUpdater (StateMachineUpdater.java:takeSnapshot(258)) - 06e1cc61-18a3-42d4-aec7-b27779cb650a@group-17840A3B8B0B-StateMachineUpdater: Took a snapshot at index 16
2019-09-12 09:43:10,929 [9d8b0a0e-9d22-4935-bd66-2b722dc07855@group-B8998CF259C7-StateMachineUpdater] INFO  impl.StateMachineUpdater (StateMachineUpdater.java:takeSnapshot(258)) - 9d8b0a0e-9d22-4935-bd66-2b722dc07855@group-B8998CF259C7-StateMachineUpdater: Took a snapshot at index 6
2019-09-12 09:43:10,930 [06e1cc61-18a3-42d4-aec7-b27779cb650a@group-17840A3B8B0B-StateMachineUpdater] INFO  impl.StateMachineUpdater (StateMachineUpdater.java:lambda$new$0(83)) - 06e1cc61-18a3-42d4-aec7-b27779cb650a@group-17840A3B8B0B-StateMachineUpdater: snapshotIndex: updateIncreasingly -1 -> 16
2019-09-12 09:43:10,930 [9d8b0a0e-9d22-4935-bd66-2b722dc07855@group-B8998CF259C7-StateMachineUpdater] INFO  impl.StateMachineUpdater (StateMachineUpdater.java:lambda$new$0(83)) - 9d8b0a0e-9d22-4935-bd66-2b722dc07855@group-B8998CF259C7-StateMachineUpdater: snapshotIndex: updateIncreasingly -1 -> 6
2019-09-12 09:43:10,930 [main] INFO  impl.RaftServerImpl (ServerState.java:close(385)) - 06e1cc61-18a3-42d4-aec7-b27779cb650a@group-17840A3B8B0B: closes. applyIndex: 16
2019-09-12 09:43:10,930 [ForkJoinPool.commonPool-worker-0] INFO  impl.RaftServerImpl (ServerState.java:close(385)) - 9d8b0a0e-9d22-4935-bd66-2b722dc07855@group-B8998CF259C7: closes. applyIndex: 6
2019-09-12 09:43:10,931 [06e1cc61-18a3-42d4-aec7-b27779cb650a@group-17840A3B8B0B-SegmentedRaftLogWorker] INFO  segmented.SegmentedRaftLogWorker (SegmentedRaftLogWorker.java:run(313)) - 06e1cc61-18a3-42d4-aec7-b27779cb650a@group-17840A3B8B0B-SegmentedRaftLogWorker was interrupted, exiting. There are 0 tasks remaining in the queue.
2019-09-12 09:43:10,931 [9d8b0a0e-9d22-4935-bd66-2b722dc07855@group-B8998CF259C7-SegmentedRaftLogWorker] INFO  segmented.SegmentedRaftLogWorker (SegmentedRaftLogWorker.java:run(313)) - 9d8b0a0e-9d22-4935-bd66-2b722dc07855@group-B8998CF259C7-SegmentedRaftLogWorker was interrupted, exiting. There are 0 tasks remaining in the queue.
2019-09-12 09:43:10,933 [main] INFO  segmented.SegmentedRaftLogWorker (SegmentedRaftLogWorker.java:close(228)) - 06e1cc61-18a3-42d4-aec7-b27779cb650a@group-17840A3B8B0B-SegmentedRaftLogWorker close()
2019-09-12 09:43:10,947 [ForkJoinPool.commonPool-worker-0] INFO  segmented.SegmentedRaftLogWorker (SegmentedRaftLogWorker.java:close(228)) - 9d8b0a0e-9d22-4935-bd66-2b722dc07855@group-B8998CF259C7-SegmentedRaftLogWorker close()
2019-09-12 09:43:10,948 [main] INFO  impl.RaftServerImpl (RaftServerImpl.java:lambda$shutdown$3(251)) - 06e1cc61-18a3-42d4-aec7-b27779cb650a@group-AF08BD14DD72: shutdown
2019-09-12 09:43:10,948 [ForkJoinPool.commonPool-worker-0] INFO  server.GrpcService (GrpcService.java:closeImpl(164)) - 9d8b0a0e-9d22-4935-bd66-2b722dc07855: shutdown server with port 38000 now
2019-09-12 09:43:10,948 [main] INFO  util.JmxRegister (JmxRegister.java:unregister(73)) - Successfully un-registered JMX Bean with object name Ratis:service=RaftServer,group=group-AF08BD14DD72,id=06e1cc61-18a3-42d4-aec7-b27779cb650a
2019-09-12 09:43:10,948 [main] INFO  impl.RoleInfo (RoleInfo.java:shutdownLeaderState(104)) - 06e1cc61-18a3-42d4-aec7-b27779cb650a: shutdown LeaderState
2019-09-12 09:43:10,949 [ForkJoinPool.commonPool-worker-0] INFO  server.GrpcService (GrpcService.java:closeImpl(172)) - 9d8b0a0e-9d22-4935-bd66-2b722dc07855: shutdown server with port 38000 successfully
2019-09-12 09:43:10,949 [main] INFO  impl.PendingRequests (PendingRequests.java:sendNotLeaderResponses(202)) - 06e1cc61-18a3-42d4-aec7-b27779cb650a-PendingRequests: sendNotLeaderResponses
2019-09-12 09:43:10,949 [main] INFO  impl.StateMachineUpdater (StateMachineUpdater.java:stopAndJoin(125)) - 06e1cc61-18a3-42d4-aec7-b27779cb650a@group-AF08BD14DD72-StateMachineUpdater: set stopIndex = 0
2019-09-12 09:43:10,950 [main] INFO  impl.RaftServerImpl (ServerState.java:close(385)) - 06e1cc61-18a3-42d4-aec7-b27779cb650a@group-AF08BD14DD72: closes. applyIndex: 0
2019-09-12 09:43:10,951 [06e1cc61-18a3-42d4-aec7-b27779cb650a@group-AF08BD14DD72-SegmentedRaftLogWorker] INFO  segmented.SegmentedRaftLogWorker (SegmentedRaftLogWorker.java:run(313)) - 06e1cc61-18a3-42d4-aec7-b27779cb650a@group-AF08BD14DD72-SegmentedRaftLogWorker was interrupted, exiting. There are 0 tasks remaining in the queue.
2019-09-12 09:43:10,951 [main] INFO  segmented.SegmentedRaftLogWorker (SegmentedRaftLogWorker.java:close(228)) - 06e1cc61-18a3-42d4-aec7-b27779cb650a@group-AF08BD14DD72-SegmentedRaftLogWorker close()
2019-09-12 09:43:10,952 [main] INFO  server.GrpcService (GrpcService.java:closeImpl(164)) - 06e1cc61-18a3-42d4-aec7-b27779cb650a: shutdown server with port 41604 now
2019-09-12 09:43:10,955 [main] INFO  server.GrpcService (GrpcService.java:closeImpl(172)) - 06e1cc61-18a3-42d4-aec7-b27779cb650a: shutdown server with port 41604 successfully
2019-09-12 09:43:10,956 [refreshUsed-/workdir/hadoop-ozone/integration-test/target/test-dir/MiniOzoneClusterImpl-24bb607f-2e24-47f8-b34a-f96654db79dd/datanode-0/data/containers] WARN  fs.CachingGetSpaceUsed (CachingGetSpaceUsed.java:run(183)) - Thread Interrupted waiting to refresh disk information: sleep interrupted
2019-09-12 09:43:10,958 [refreshUsed-/workdir/hadoop-ozone/integration-test/target/test-dir/MiniOzoneClusterImpl-24bb607f-2e24-47f8-b34a-f96654db79dd/datanode-6/data/containers] WARN  fs.CachingGetSpaceUsed (CachingGetSpaceUsed.java:run(183)) - Thread Interrupted waiting to refresh disk information: sleep interrupted
2019-09-12 09:43:10,988 [ForkJoinPool.commonPool-worker-0] INFO  utils.BackgroundService (BackgroundService.java:shutdown(148)) - Shutting down service BlockDeletingService
2019-09-12 09:43:10,988 [main] INFO  utils.BackgroundService (BackgroundService.java:shutdown(148)) - Shutting down service BlockDeletingService
2019-09-12 09:43:11,000 [main] INFO  statemachine.DatanodeStateMachine (DatanodeStateMachine.java:stopDaemon(395)) - Ozone container server stopped.
2019-09-12 09:43:11,005 [ForkJoinPool.commonPool-worker-0] INFO  statemachine.DatanodeStateMachine (DatanodeStateMachine.java:stopDaemon(395)) - Ozone container server stopped.
2019-09-12 09:43:11,012 [ForkJoinPool.commonPool-worker-0] INFO  handler.ContextHandler (ContextHandler.java:doStop(910)) - Stopped o.e.j.w.WebAppContext@375084c9{/,null,UNAVAILABLE}{/hddsDatanode}
2019-09-12 09:43:11,012 [main] INFO  handler.ContextHandler (ContextHandler.java:doStop(910)) - Stopped o.e.j.w.WebAppContext@42730828{/,null,UNAVAILABLE}{/hddsDatanode}
2019-09-12 09:43:11,014 [ForkJoinPool.commonPool-worker-0] INFO  server.AbstractConnector (AbstractConnector.java:doStop(318)) - Stopped ServerConnector@bd93bc3{HTTP/1.1,[http/1.1]}{0.0.0.0:0}
2019-09-12 09:43:11,014 [main] INFO  server.AbstractConnector (AbstractConnector.java:doStop(318)) - Stopped ServerConnector@18c7f6b5{HTTP/1.1,[http/1.1]}{0.0.0.0:0}
2019-09-12 09:43:11,015 [ForkJoinPool.commonPool-worker-0] INFO  handler.ContextHandler (ContextHandler.java:doStop(910)) - Stopped o.e.j.s.ServletContextHandler@22048bd6{/static,jar:file:/home/user/.m2/repository/org/apache/hadoop/hadoop-hdds-container-service/0.5.0-SNAPSHOT/hadoop-hdds-container-service-0.5.0-SNAPSHOT.jar!/webapps/static,UNAVAILABLE}
2019-09-12 09:43:11,016 [main] INFO  handler.ContextHandler (ContextHandler.java:doStop(910)) - Stopped o.e.j.s.ServletContextHandler@675ec28b{/static,jar:file:/home/user/.m2/repository/org/apache/hadoop/hadoop-hdds-container-service/0.5.0-SNAPSHOT/hadoop-hdds-container-service-0.5.0-SNAPSHOT.jar!/webapps/static,UNAVAILABLE}
2019-09-12 09:43:11,017 [ForkJoinPool.commonPool-worker-0] INFO  handler.ContextHandler (ContextHandler.java:doStop(910)) - Stopped o.e.j.s.ServletContextHandler@4607d78b{/logs,file:///workdir/hadoop-ozone/integration-test/target/log,UNAVAILABLE}
2019-09-12 09:43:11,018 [main] INFO  handler.ContextHandler (ContextHandler.java:doStop(910)) - Stopped o.e.j.s.ServletContextHandler@43e8f1c{/logs,file:///workdir/hadoop-ozone/integration-test/target/log,UNAVAILABLE}
2019-09-12 09:43:11,158 [Datanode State Machine Thread - 0] INFO  statemachine.DatanodeStateMachine (DatanodeStateMachine.java:lambda$startDaemon$0(350)) - Ozone container server started.
2019-09-12 09:43:15,194 [EventQueue-StaleNodeForStaleNodeHandler] INFO  node.StaleNodeHandler (StaleNodeHandler.java:onMessage(58)) - Datanode f2981fec-dc68-4fe8-867b-817b759e8286{ip: 192.168.69.112, host: pr-hdds-2117-slf27-1599733614, networkLocation: /default-rack, certSerialId: null} moved to stale state. Finalizing its pipelines [PipelineID=4562008d-c240-477a-a938-c89437509ade]
2019-09-12 09:43:15,195 [EventQueue-StaleNodeForStaleNodeHandler] INFO  pipeline.SCMPipelineManager (SCMPipelineManager.java:finalizeAndDestroyPipeline(311)) - destroying pipeline:Pipeline[ Id: 4562008d-c240-477a-a938-c89437509ade, Nodes: f2981fec-dc68-4fe8-867b-817b759e8286{ip: 192.168.69.112, host: pr-hdds-2117-slf27-1599733614, networkLocation: /default-rack, certSerialId: null}, Type:RATIS, Factor:ONE, State:OPEN]
2019-09-12 09:43:15,195 [EventQueue-StaleNodeForStaleNodeHandler] INFO  pipeline.PipelineStateManager (PipelineStateManager.java:finalizePipeline(123)) - Pipeline Pipeline[ Id: 4562008d-c240-477a-a938-c89437509ade, Nodes: f2981fec-dc68-4fe8-867b-817b759e8286{ip: 192.168.69.112, host: pr-hdds-2117-slf27-1599733614, networkLocation: /default-rack, certSerialId: null}, Type:RATIS, Factor:ONE, State:CLOSED] moved to CLOSED state
2019-09-12 09:43:16,021 [ForkJoinPool.commonPool-worker-0] INFO  ozoneimpl.OzoneContainer (OzoneContainer.java:stop(231)) - Attempting to stop container services.
2019-09-12 09:43:16,022 [ForkJoinPool.commonPool-worker-0] INFO  impl.RaftServerProxy (RaftServerProxy.java:lambda$close$4(314)) - f2981fec-dc68-4fe8-867b-817b759e8286: close
2019-09-12 09:43:16,027 [ForkJoinPool.commonPool-worker-0] INFO  impl.RaftServerImpl (RaftServerImpl.java:lambda$shutdown$3(251)) - f2981fec-dc68-4fe8-867b-817b759e8286@group-C89437509ADE: shutdown
2019-09-12 09:43:16,027 [ForkJoinPool.commonPool-worker-0] INFO  util.JmxRegister (JmxRegister.java:unregister(73)) - Successfully un-registered JMX Bean with object name Ratis:service=RaftServer,group=group-C89437509ADE,id=f2981fec-dc68-4fe8-867b-817b759e8286
2019-09-12 09:43:16,028 [ForkJoinPool.commonPool-worker-0] INFO  impl.RoleInfo (RoleInfo.java:shutdownLeaderState(104)) - f2981fec-dc68-4fe8-867b-817b759e8286: shutdown LeaderState
2019-09-12 09:43:16,028 [ForkJoinPool.commonPool-worker-0] INFO  impl.PendingRequests (PendingRequests.java:sendNotLeaderResponses(202)) - f2981fec-dc68-4fe8-867b-817b759e8286-PendingRequests: sendNotLeaderResponses
2019-09-12 09:43:16,029 [ForkJoinPool.commonPool-worker-0] INFO  impl.StateMachineUpdater (StateMachineUpdater.java:stopAndJoin(125)) - f2981fec-dc68-4fe8-867b-817b759e8286@group-C89437509ADE-StateMachineUpdater: set stopIndex = 0
2019-09-12 09:43:16,029 [ForkJoinPool.commonPool-worker-0] INFO  impl.RaftServerImpl (ServerState.java:close(385)) - f2981fec-dc68-4fe8-867b-817b759e8286@group-C89437509ADE: closes. applyIndex: 0
2019-09-12 09:43:16,030 [f2981fec-dc68-4fe8-867b-817b759e8286@group-C89437509ADE-SegmentedRaftLogWorker] INFO  segmented.SegmentedRaftLogWorker (SegmentedRaftLogWorker.java:run(313)) - f2981fec-dc68-4fe8-867b-817b759e8286@group-C89437509ADE-SegmentedRaftLogWorker was interrupted, exiting. There are 0 tasks remaining in the queue.
2019-09-12 09:43:16,030 [ForkJoinPool.commonPool-worker-0] INFO  segmented.SegmentedRaftLogWorker (SegmentedRaftLogWorker.java:close(228)) - f2981fec-dc68-4fe8-867b-817b759e8286@group-C89437509ADE-SegmentedRaftLogWorker close()
2019-09-12 09:43:16,031 [ForkJoinPool.commonPool-worker-0] INFO  server.GrpcService (GrpcService.java:closeImpl(164)) - f2981fec-dc68-4fe8-867b-817b759e8286: shutdown server with port 44740 now
2019-09-12 09:43:16,033 [ForkJoinPool.commonPool-worker-0] INFO  server.GrpcService (GrpcService.java:closeImpl(172)) - f2981fec-dc68-4fe8-867b-817b759e8286: shutdown server with port 44740 successfully
2019-09-12 09:43:16,038 [refreshUsed-/workdir/hadoop-ozone/integration-test/target/test-dir/MiniOzoneClusterImpl-24bb607f-2e24-47f8-b34a-f96654db79dd/datanode-5/data/containers] WARN  fs.CachingGetSpaceUsed (CachingGetSpaceUsed.java:run(183)) - Thread Interrupted waiting to refresh disk information: sleep interrupted
2019-09-12 09:43:16,053 [ForkJoinPool.commonPool-worker-0] INFO  utils.BackgroundService (BackgroundService.java:shutdown(148)) - Shutting down service BlockDeletingService
2019-09-12 09:43:16,056 [ForkJoinPool.commonPool-worker-0] INFO  statemachine.DatanodeStateMachine (DatanodeStateMachine.java:stopDaemon(395)) - Ozone container server stopped.
2019-09-12 09:43:16,069 [ForkJoinPool.commonPool-worker-0] INFO  handler.ContextHandler (ContextHandler.java:doStop(910)) - Stopped o.e.j.w.WebAppContext@5d5d3a5c{/,null,UNAVAILABLE}{/hddsDatanode}
2019-09-12 09:43:16,070 [ForkJoinPool.commonPool-worker-0] INFO  server.AbstractConnector (AbstractConnector.java:doStop(318)) - Stopped ServerConnector@6e0d16a4{HTTP/1.1,[http/1.1]}{0.0.0.0:0}
2019-09-12 09:43:16,072 [ForkJoinPool.commonPool-worker-0] INFO  handler.ContextHandler (ContextHandler.java:doStop(910)) - Stopped o.e.j.s.ServletContextHandler@3e74fd84{/static,jar:file:/home/user/.m2/repository/org/apache/hadoop/hadoop-hdds-container-service/0.5.0-SNAPSHOT/hadoop-hdds-container-service-0.5.0-SNAPSHOT.jar!/webapps/static,UNAVAILABLE}
2019-09-12 09:43:16,073 [ForkJoinPool.commonPool-worker-0] INFO  handler.ContextHandler (ContextHandler.java:doStop(910)) - Stopped o.e.j.s.ServletContextHandler@14d1737a{/logs,file:///workdir/hadoop-ozone/integration-test/target/log,UNAVAILABLE}
2019-09-12 09:43:16,075 [main] INFO  ozone.MiniOzoneClusterImpl (MiniOzoneClusterImpl.java:stop(339)) - Stopping the StorageContainerManager
2019-09-12 09:43:16,076 [main] INFO  server.StorageContainerManager (StorageContainerManager.java:stop(801)) - Stopping Replication Manager Service.
2019-09-12 09:43:16,076 [main] INFO  container.ReplicationManager (ReplicationManager.java:stop(203)) - Stopping Replication Monitor Thread.
2019-09-12 09:43:16,076 [main] INFO  server.StorageContainerManager (StorageContainerManager.java:stop(808)) - Stopping Lease Manager of the command watchers
2019-09-12 09:43:16,076 [main] INFO  server.StorageContainerManager (StorageContainerManager.java:stop(815)) - Stopping datanode service RPC server
2019-09-12 09:43:16,077 [main] INFO  server.SCMDatanodeProtocolServer (SCMDatanodeProtocolServer.java:stop(367)) - Stopping the RPC server for DataNodes
2019-09-12 09:43:16,077 [main] INFO  ipc.Server (Server.java:stop(3082)) - Stopping server on 41681
2019-09-12 09:43:16,079 [IPC Server listener on 41681] INFO  ipc.Server (Server.java:run(1185)) - Stopping IPC Server listener on 41681
2019-09-12 09:43:16,081 [IPC Server Responder] INFO  ipc.Server (Server.java:run(1319)) - Stopping IPC Server Responder
2019-09-12 09:43:16,094 [SCM Heartbeat Processing Thread - 0] WARN  node.NodeStateManager (NodeStateManager.java:scheduleNextHealthCheck(646)) - Current Thread is interrupted, shutting down HB processing thread for Node Manager.
2019-09-12 09:43:16,094 [main] INFO  server.StorageContainerManager (StorageContainerManager.java:stop(823)) - Stopping block service RPC server
2019-09-12 09:43:16,094 [main] INFO  server.SCMBlockProtocolServer (SCMBlockProtocolServer.java:stop(155)) - Stopping the RPC server for Block Protocol
2019-09-12 09:43:16,094 [main] INFO  ipc.Server (Server.java:stop(3082)) - Stopping server on 45933
2019-09-12 09:43:16,096 [IPC Server listener on 45933] INFO  ipc.Server (Server.java:run(1185)) - Stopping IPC Server listener on 45933
2019-09-12 09:43:16,099 [main] INFO  server.StorageContainerManager (StorageContainerManager.java:stop(830)) - Stopping the StorageContainerLocationProtocol RPC server
2019-09-12 09:43:16,099 [main] INFO  server.SCMClientProtocolServer (SCMClientProtocolServer.java:stop(159)) - Stopping the RPC server for Client Protocol
2019-09-12 09:43:16,099 [IPC Server Responder] INFO  ipc.Server (Server.java:run(1319)) - Stopping IPC Server Responder
2019-09-12 09:43:16,100 [main] INFO  ipc.Server (Server.java:stop(3082)) - Stopping server on 37813
2019-09-12 09:43:16,103 [IPC Server listener on 37813] INFO  ipc.Server (Server.java:run(1185)) - Stopping IPC Server listener on 37813
2019-09-12 09:43:16,104 [main] INFO  server.StorageContainerManager (StorageContainerManager.java:stop(837)) - Stopping Storage Container Manager HTTP server.
2019-09-12 09:43:16,104 [IPC Server Responder] INFO  ipc.Server (Server.java:run(1319)) - Stopping IPC Server Responder
2019-09-12 09:43:16,105 [main] INFO  handler.ContextHandler (ContextHandler.java:doStop(910)) - Stopped o.e.j.w.WebAppContext@7caf1e5{/,null,UNAVAILABLE}{/scm}
2019-09-12 09:43:16,106 [main] INFO  server.AbstractConnector (AbstractConnector.java:doStop(318)) - Stopped ServerConnector@5c234920{HTTP/1.1,[http/1.1]}{0.0.0.0:0}
2019-09-12 09:43:16,106 [main] INFO  handler.ContextHandler (ContextHandler.java:doStop(910)) - Stopped o.e.j.s.ServletContextHandler@49b89425{/static,file:///workdir/hadoop-ozone/integration-test/target/test-classes/webapps/static,UNAVAILABLE}
2019-09-12 09:43:16,107 [main] INFO  handler.ContextHandler (ContextHandler.java:doStop(910)) - Stopped o.e.j.s.ServletContextHandler@1c62c3fd{/logs,file:///workdir/hadoop-ozone/integration-test/target/log,UNAVAILABLE}
2019-09-12 09:43:16,107 [main] INFO  server.StorageContainerManager (StorageContainerManager.java:stop(848)) - Stopping Block Manager Service.
2019-09-12 09:43:16,108 [main] INFO  utils.BackgroundService (BackgroundService.java:shutdown(148)) - Shutting down service SCMBlockDeletingService
2019-09-12 09:43:16,108 [main] INFO  utils.BackgroundService (BackgroundService.java:shutdown(148)) - Shutting down service SCMBlockDeletingService
2019-09-12 09:43:16,108 [main] INFO  server.StorageContainerManager (StorageContainerManager.java:stop(870)) - Stopping SCM Event Queue.
2019-09-12 09:43:16,113 [main] INFO  impl.MetricsSystemImpl (MetricsSystemImpl.java:stop(210)) - Stopping HddsDatanode metrics system...
2019-09-12 09:43:16,137 [main] INFO  impl.MetricsSystemImpl (MetricsSystemImpl.java:stop(216)) - HddsDatanode metrics system stopped.
]]></system-out>
    <system-err><![CDATA[Sep 12, 2019 9:43:00 AM org.apache.ratis.thirdparty.io.grpc.internal.SerializingExecutor run
SEVERE: Exception while executing runnable org.apache.ratis.thirdparty.io.grpc.internal.ServerImpl$JumpToApplicationThreadServerStreamListener$1Closed@26d39723
org.apache.ratis.thirdparty.io.grpc.StatusRuntimeException: CANCELLED: call already cancelled
	at org.apache.ratis.thirdparty.io.grpc.Status.asRuntimeException(Status.java:517)
	at org.apache.ratis.thirdparty.io.grpc.stub.ServerCalls$ServerCallStreamObserverImpl.onCompleted(ServerCalls.java:356)
	at org.apache.ratis.grpc.server.GrpcServerProtocolService$ServerRequestStreamObserver.onError(GrpcServerProtocolService.java:121)
	at org.apache.ratis.thirdparty.io.grpc.stub.ServerCalls$StreamingServerCallHandler$StreamingServerCallListener.onCancel(ServerCalls.java:269)
	at org.apache.ratis.thirdparty.io.grpc.internal.ServerCallImpl$ServerStreamListenerImpl.closed(ServerCallImpl.java:293)
	at org.apache.ratis.thirdparty.io.grpc.internal.ServerImpl$JumpToApplicationThreadServerStreamListener$1Closed.runInContext(ServerImpl.java:741)
	at org.apache.ratis.thirdparty.io.grpc.internal.ContextRunnable.run(ContextRunnable.java:37)
	at org.apache.ratis.thirdparty.io.grpc.internal.SerializingExecutor.run(SerializingExecutor.java:123)
	at java.util.concurrent.ThreadPoolExecutor.runWorker(ThreadPoolExecutor.java:1149)
	at java.util.concurrent.ThreadPoolExecutor$Worker.run(ThreadPoolExecutor.java:624)
	at java.lang.Thread.run(Thread.java:748)

Sep 12, 2019 9:43:05 AM org.apache.ratis.thirdparty.io.grpc.internal.SerializingExecutor run
SEVERE: Exception while executing runnable org.apache.ratis.thirdparty.io.grpc.internal.ServerImpl$JumpToApplicationThreadServerStreamListener$1Closed@7f4cb539
org.apache.ratis.thirdparty.io.grpc.StatusRuntimeException: CANCELLED: call already cancelled
	at org.apache.ratis.thirdparty.io.grpc.Status.asRuntimeException(Status.java:517)
	at org.apache.ratis.thirdparty.io.grpc.stub.ServerCalls$ServerCallStreamObserverImpl.onCompleted(ServerCalls.java:356)
	at org.apache.ratis.grpc.server.GrpcServerProtocolService$ServerRequestStreamObserver.onError(GrpcServerProtocolService.java:121)
	at org.apache.ratis.thirdparty.io.grpc.stub.ServerCalls$StreamingServerCallHandler$StreamingServerCallListener.onCancel(ServerCalls.java:269)
	at org.apache.ratis.thirdparty.io.grpc.internal.ServerCallImpl$ServerStreamListenerImpl.closed(ServerCallImpl.java:293)
	at org.apache.ratis.thirdparty.io.grpc.internal.ServerImpl$JumpToApplicationThreadServerStreamListener$1Closed.runInContext(ServerImpl.java:741)
	at org.apache.ratis.thirdparty.io.grpc.internal.ContextRunnable.run(ContextRunnable.java:37)
	at org.apache.ratis.thirdparty.io.grpc.internal.SerializingExecutor.run(SerializingExecutor.java:123)
	at java.util.concurrent.ThreadPoolExecutor.runWorker(ThreadPoolExecutor.java:1149)
	at java.util.concurrent.ThreadPoolExecutor$Worker.run(ThreadPoolExecutor.java:624)
	at java.lang.Thread.run(Thread.java:748)

]]></system-err>
  </testcase>
  <testcase name="testWatchForCommitWithCloseContainerException" classname="org.apache.hadoop.ozone.client.rpc.TestBlockOutputStreamWithFailures" time="39.224"/>
  <testcase name="testExceptionDuringClose" classname="org.apache.hadoop.ozone.client.rpc.TestBlockOutputStreamWithFailures" time="34.574"/>
</testsuite>