<?xml version="1.0" encoding="UTF-8"?>
<testsuite xmlns:xsi="http://www.w3.org/2001/XMLSchema-instance" xsi:noNamespaceSchemaLocation="https://maven.apache.org/surefire/maven-surefire-plugin/xsd/surefire-test-report.xsd" name="org.apache.hadoop.ozone.freon.TestRandomKeyGenerator" time="133.414" tests="5" errors="2" skipped="0" failures="0">
  <properties>
    <property name="awt.toolkit" value="sun.awt.X11.XToolkit"/>
    <property name="file.encoding.pkg" value="sun.io"/>
    <property name="java.specification.version" value="1.8"/>
    <property name="sun.cpu.isalist" value=""/>
    <property name="sun.jnu.encoding" value="UTF-8"/>
    <property name="java.class.path" value="/tmp/workdir/hadoop-ozone/tools/target/test-classes:/tmp/workdir/hadoop-ozone/tools/target/classes:/tmp/workdir/hadoop-ozone/ozone-manager/target/classes:/tmp/workdir/hadoop-hdds/docs/target/classes:/home/user/.m2/repository/org/bouncycastle/bcprov-jdk15on/1.60/bcprov-jdk15on-1.60.jar:/tmp/workdir/hadoop-ozone/common/target/classes:/home/user/.m2/repository/org/apache/commons/commons-compress/1.4.1/commons-compress-1.4.1.jar:/home/user/.m2/repository/org/tukaani/xz/1.0/xz-1.0.jar:/home/user/.m2/repository/org/apache/hadoop/hadoop-hdfs-client/3.2.0/hadoop-hdfs-client-3.2.0.jar:/home/user/.m2/repository/com/fasterxml/jackson/core/jackson-annotations/2.9.5/jackson-annotations-2.9.5.jar:/tmp/workdir/hadoop-hdds/common/target/classes:/tmp/workdir/hadoop-hdds/config/target/classes:/home/user/.m2/repository/javax/annotation/javax.annotation-api/1.2/javax.annotation-api-1.2.jar:/home/user/.m2/repository/org/apache/ratis/ratis-server/0.4.0-2337318-SNAPSHOT/ratis-server-0.4.0-2337318-SNAPSHOT.jar:/home/user/.m2/repository/org/apache/ratis/ratis-thirdparty-misc/0.2.0/ratis-thirdparty-misc-0.2.0.jar:/home/user/.m2/repository/org/apache/ratis/ratis-proto/0.4.0-2337318-SNAPSHOT/ratis-proto-0.4.0-2337318-SNAPSHOT.jar:/home/user/.m2/repository/org/apache/ratis/ratis-common/0.4.0-2337318-SNAPSHOT/ratis-common-0.4.0-2337318-SNAPSHOT.jar:/home/user/.m2/repository/org/apache/ratis/ratis-client/0.4.0-2337318-SNAPSHOT/ratis-client-0.4.0-2337318-SNAPSHOT.jar:/home/user/.m2/repository/org/apache/ratis/ratis-metrics/0.4.0-2337318-SNAPSHOT/ratis-metrics-0.4.0-2337318-SNAPSHOT.jar:/home/user/.m2/repository/org/apache/ratis/ratis-netty/0.4.0-2337318-SNAPSHOT/ratis-netty-0.4.0-2337318-SNAPSHOT.jar:/home/user/.m2/repository/org/apache/ratis/ratis-grpc/0.4.0-2337318-SNAPSHOT/ratis-grpc-0.4.0-2337318-SNAPSHOT.jar:/home/user/.m2/repository/org/rocksdb/rocksdbjni/6.0.1/rocksdbjni-6.0.1.jar:/home/user/.m2/repository/org/apache/logging/log4j/log4j-api/2.11.0/log4j-api-2.11.0.jar:/home/user/.m2/repository/org/apache/logging/log4j/log4j-core/2.11.0/log4j-core-2.11.0.jar:/home/user/.m2/repository/com/lmax/disruptor/3.4.2/disruptor-3.4.2.jar:/home/user/.m2/repository/org/apache/commons/commons-pool2/2.6.0/commons-pool2-2.6.0.jar:/home/user/.m2/repository/org/bouncycastle/bcpkix-jdk15on/1.60/bcpkix-jdk15on-1.60.jar:/home/user/.m2/repository/commons-validator/commons-validator/1.6/commons-validator-1.6.jar:/home/user/.m2/repository/commons-digester/commons-digester/1.8.1/commons-digester-1.8.1.jar:/home/user/.m2/repository/io/jaegertracing/jaeger-client/0.33.1/jaeger-client-0.33.1.jar:/home/user/.m2/repository/io/jaegertracing/jaeger-thrift/0.33.1/jaeger-thrift-0.33.1.jar:/home/user/.m2/repository/org/apache/thrift/libthrift/0.11.0/libthrift-0.11.0.jar:/home/user/.m2/repository/com/squareup/okhttp3/okhttp/3.9.0/okhttp-3.9.0.jar:/home/user/.m2/repository/com/squareup/okio/okio/1.13.0/okio-1.13.0.jar:/home/user/.m2/repository/io/jaegertracing/jaeger-core/0.33.1/jaeger-core-0.33.1.jar:/home/user/.m2/repository/io/jaegertracing/jaeger-tracerresolver/0.33.1/jaeger-tracerresolver-0.33.1.jar:/home/user/.m2/repository/io/opentracing/contrib/opentracing-tracerresolver/0.1.5/opentracing-tracerresolver-0.1.5.jar:/home/user/.m2/repository/io/opentracing/opentracing-util/0.31.0/opentracing-util-0.31.0.jar:/home/user/.m2/repository/io/opentracing/opentracing-api/0.31.0/opentracing-api-0.31.0.jar:/home/user/.m2/repository/io/opentracing/opentracing-noop/0.31.0/opentracing-noop-0.31.0.jar:/home/user/.m2/repository/org/yaml/snakeyaml/1.16/snakeyaml-1.16.jar:/tmp/workdir/hadoop-hdds/container-service/target/classes:/tmp/workdir/hadoop-hdds/client/target/classes:/tmp/workdir/hadoop-hdds/tools/target/classes:/home/user/.m2/repository/org/xerial/sqlite-jdbc/3.25.2/sqlite-jdbc-3.25.2.jar:/tmp/workdir/hadoop-hdds/server-scm/target/classes:/home/user/.m2/repository/org/hamcrest/hamcrest-all/1.3/hamcrest-all-1.3.jar:/home/user/.m2/repository/info/picocli/picocli/3.9.6/picocli-3.9.6.jar:/home/user/.m2/repository/com/google/protobuf/protobuf-java/2.5.0/protobuf-java-2.5.0.jar:/home/user/.m2/repository/com/google/guava/guava/11.0.2/guava-11.0.2.jar:/tmp/workdir/hadoop-ozone/client/target/classes:/home/user/.m2/repository/org/apache/hadoop/hadoop-ozone-filesystem/0.5.0-SNAPSHOT/hadoop-ozone-filesystem-0.5.0-SNAPSHOT.jar:/tmp/workdir/hadoop-hdds/framework/target/classes:/home/user/.m2/repository/org/apache/hadoop/hadoop-common/3.2.0/hadoop-common-3.2.0.jar:/home/user/.m2/repository/org/apache/hadoop/hadoop-annotations/3.2.0/hadoop-annotations-3.2.0.jar:/usr/lib/jvm/java-1.8-openjdk/jre/../lib/tools.jar:/home/user/.m2/repository/commons-cli/commons-cli/1.2/commons-cli-1.2.jar:/home/user/.m2/repository/org/apache/commons/commons-math3/3.1.1/commons-math3-3.1.1.jar:/home/user/.m2/repository/org/apache/httpcomponents/httpclient/4.5.2/httpclient-4.5.2.jar:/home/user/.m2/repository/org/apache/httpcomponents/httpcore/4.4.4/httpcore-4.4.4.jar:/home/user/.m2/repository/commons-codec/commons-codec/1.11/commons-codec-1.11.jar:/home/user/.m2/repository/commons-io/commons-io/2.5/commons-io-2.5.jar:/home/user/.m2/repository/commons-net/commons-net/3.6/commons-net-3.6.jar:/home/user/.m2/repository/commons-collections/commons-collections/3.2.2/commons-collections-3.2.2.jar:/home/user/.m2/repository/javax/servlet/javax.servlet-api/3.1.0/javax.servlet-api-3.1.0.jar:/home/user/.m2/repository/org/eclipse/jetty/jetty-server/9.3.24.v20180605/jetty-server-9.3.24.v20180605.jar:/home/user/.m2/repository/org/eclipse/jetty/jetty-http/9.3.24.v20180605/jetty-http-9.3.24.v20180605.jar:/home/user/.m2/repository/org/eclipse/jetty/jetty-io/9.3.24.v20180605/jetty-io-9.3.24.v20180605.jar:/home/user/.m2/repository/org/eclipse/jetty/jetty-util/9.3.24.v20180605/jetty-util-9.3.24.v20180605.jar:/home/user/.m2/repository/org/eclipse/jetty/jetty-servlet/9.3.24.v20180605/jetty-servlet-9.3.24.v20180605.jar:/home/user/.m2/repository/org/eclipse/jetty/jetty-security/9.3.24.v20180605/jetty-security-9.3.24.v20180605.jar:/home/user/.m2/repository/org/eclipse/jetty/jetty-webapp/9.3.24.v20180605/jetty-webapp-9.3.24.v20180605.jar:/home/user/.m2/repository/org/eclipse/jetty/jetty-xml/9.3.24.v20180605/jetty-xml-9.3.24.v20180605.jar:/home/user/.m2/repository/javax/servlet/jsp/jsp-api/2.1/jsp-api-2.1.jar:/home/user/.m2/repository/com/sun/jersey/jersey-core/1.19/jersey-core-1.19.jar:/home/user/.m2/repository/javax/ws/rs/jsr311-api/1.1.1/jsr311-api-1.1.1.jar:/home/user/.m2/repository/com/sun/jersey/jersey-servlet/1.19/jersey-servlet-1.19.jar:/home/user/.m2/repository/com/sun/jersey/jersey-json/1.19/jersey-json-1.19.jar:/home/user/.m2/repository/org/codehaus/jettison/jettison/1.1/jettison-1.1.jar:/home/user/.m2/repository/com/sun/xml/bind/jaxb-impl/2.3.0.1/jaxb-impl-2.3.0.1.jar:/home/user/.m2/repository/org/codehaus/jackson/jackson-core-asl/1.9.13/jackson-core-asl-1.9.13.jar:/home/user/.m2/repository/org/codehaus/jackson/jackson-mapper-asl/1.9.13/jackson-mapper-asl-1.9.13.jar:/home/user/.m2/repository/org/codehaus/jackson/jackson-jaxrs/1.9.13/jackson-jaxrs-1.9.13.jar:/home/user/.m2/repository/org/codehaus/jackson/jackson-xc/1.9.13/jackson-xc-1.9.13.jar:/home/user/.m2/repository/com/sun/jersey/jersey-server/1.19/jersey-server-1.19.jar:/home/user/.m2/repository/commons-logging/commons-logging/1.1.3/commons-logging-1.1.3.jar:/home/user/.m2/repository/log4j/log4j/1.2.17/log4j-1.2.17.jar:/home/user/.m2/repository/commons-beanutils/commons-beanutils/1.9.3/commons-beanutils-1.9.3.jar:/home/user/.m2/repository/org/apache/commons/commons-configuration2/2.1.1/commons-configuration2-2.1.1.jar:/home/user/.m2/repository/org/apache/commons/commons-lang3/3.7/commons-lang3-3.7.jar:/home/user/.m2/repository/org/apache/commons/commons-text/1.4/commons-text-1.4.jar:/home/user/.m2/repository/org/slf4j/slf4j-api/1.7.25/slf4j-api-1.7.25.jar:/home/user/.m2/repository/org/slf4j/slf4j-log4j12/1.7.25/slf4j-log4j12-1.7.25.jar:/home/user/.m2/repository/org/apache/avro/avro/1.7.7/avro-1.7.7.jar:/home/user/.m2/repository/com/thoughtworks/paranamer/paranamer/2.3/paranamer-2.3.jar:/home/user/.m2/repository/org/xerial/snappy/snappy-java/1.0.5/snappy-java-1.0.5.jar:/home/user/.m2/repository/com/google/re2j/re2j/1.1/re2j-1.1.jar:/home/user/.m2/repository/com/google/code/gson/gson/2.2.4/gson-2.2.4.jar:/home/user/.m2/repository/org/apache/hadoop/hadoop-auth/3.2.0/hadoop-auth-3.2.0.jar:/home/user/.m2/repository/com/nimbusds/nimbus-jose-jwt/4.41.1/nimbus-jose-jwt-4.41.1.jar:/home/user/.m2/repository/com/github/stephenc/jcip/jcip-annotations/1.0-1/jcip-annotations-1.0-1.jar:/home/user/.m2/repository/net/minidev/json-smart/2.3/json-smart-2.3.jar:/home/user/.m2/repository/net/minidev/accessors-smart/1.2/accessors-smart-1.2.jar:/home/user/.m2/repository/org/apache/curator/curator-framework/2.12.0/curator-framework-2.12.0.jar:/home/user/.m2/repository/com/jcraft/jsch/0.1.54/jsch-0.1.54.jar:/home/user/.m2/repository/org/apache/curator/curator-client/2.12.0/curator-client-2.12.0.jar:/home/user/.m2/repository/org/apache/curator/curator-recipes/2.12.0/curator-recipes-2.12.0.jar:/home/user/.m2/repository/com/google/code/findbugs/jsr305/3.0.0/jsr305-3.0.0.jar:/home/user/.m2/repository/org/apache/htrace/htrace-core4/4.1.0-incubating/htrace-core4-4.1.0-incubating.jar:/home/user/.m2/repository/org/apache/zookeeper/zookeeper/3.4.13/zookeeper-3.4.13.jar:/home/user/.m2/repository/org/apache/yetus/audience-annotations/0.5.0/audience-annotations-0.5.0.jar:/home/user/.m2/repository/org/apache/kerby/kerb-simplekdc/1.0.1/kerb-simplekdc-1.0.1.jar:/home/user/.m2/repository/org/apache/kerby/kerb-client/1.0.1/kerb-client-1.0.1.jar:/home/user/.m2/repository/org/apache/kerby/kerby-config/1.0.1/kerby-config-1.0.1.jar:/home/user/.m2/repository/org/apache/kerby/kerb-core/1.0.1/kerb-core-1.0.1.jar:/home/user/.m2/repository/org/apache/kerby/kerby-pkix/1.0.1/kerby-pkix-1.0.1.jar:/home/user/.m2/repository/org/apache/kerby/kerby-asn1/1.0.1/kerby-asn1-1.0.1.jar:/home/user/.m2/repository/org/apache/kerby/kerby-util/1.0.1/kerby-util-1.0.1.jar:/home/user/.m2/repository/org/apache/kerby/kerb-common/1.0.1/kerb-common-1.0.1.jar:/home/user/.m2/repository/org/apache/kerby/kerb-crypto/1.0.1/kerb-crypto-1.0.1.jar:/home/user/.m2/repository/org/apache/kerby/kerb-util/1.0.1/kerb-util-1.0.1.jar:/home/user/.m2/repository/org/apache/kerby/token-provider/1.0.1/token-provider-1.0.1.jar:/home/user/.m2/repository/org/apache/kerby/kerb-admin/1.0.1/kerb-admin-1.0.1.jar:/home/user/.m2/repository/org/apache/kerby/kerb-server/1.0.1/kerb-server-1.0.1.jar:/home/user/.m2/repository/org/apache/kerby/kerb-identity/1.0.1/kerb-identity-1.0.1.jar:/home/user/.m2/repository/org/apache/kerby/kerby-xdr/1.0.1/kerby-xdr-1.0.1.jar:/home/user/.m2/repository/com/fasterxml/jackson/core/jackson-databind/2.9.5/jackson-databind-2.9.5.jar:/home/user/.m2/repository/com/fasterxml/jackson/core/jackson-core/2.9.5/jackson-core-2.9.5.jar:/home/user/.m2/repository/org/codehaus/woodstox/stax2-api/3.1.4/stax2-api-3.1.4.jar:/home/user/.m2/repository/com/fasterxml/woodstox/woodstox-core/5.0.3/woodstox-core-5.0.3.jar:/home/user/.m2/repository/dnsjava/dnsjava/2.1.7/dnsjava-2.1.7.jar:/home/user/.m2/repository/org/apache/hadoop/hadoop-hdfs/3.2.0/hadoop-hdfs-3.2.0.jar:/home/user/.m2/repository/org/eclipse/jetty/jetty-util-ajax/9.3.24.v20180605/jetty-util-ajax-9.3.24.v20180605.jar:/home/user/.m2/repository/commons-daemon/commons-daemon/1.0.13/commons-daemon-1.0.13.jar:/home/user/.m2/repository/io/netty/netty/3.10.5.Final/netty-3.10.5.Final.jar:/home/user/.m2/repository/io/netty/netty-all/4.0.52.Final/netty-all-4.0.52.Final.jar:/home/user/.m2/repository/org/fusesource/leveldbjni/leveldbjni-all/1.8/leveldbjni-all-1.8.jar:/home/user/.m2/repository/com/sun/xml/bind/jaxb-core/2.3.0.1/jaxb-core-2.3.0.1.jar:/home/user/.m2/repository/javax/xml/bind/jaxb-api/2.3.0/jaxb-api-2.3.0.jar:/home/user/.m2/repository/javax/activation/activation/1.1.1/activation-1.1.1.jar:/home/user/.m2/repository/io/dropwizard/metrics/metrics-core/3.2.4/metrics-core-3.2.4.jar:/home/user/.m2/repository/org/openjdk/jmh/jmh-core/1.19/jmh-core-1.19.jar:/home/user/.m2/repository/net/sf/jopt-simple/jopt-simple/4.6/jopt-simple-4.6.jar:/home/user/.m2/repository/org/openjdk/jmh/jmh-generator-annprocess/1.19/jmh-generator-annprocess-1.19.jar:/home/user/.m2/repository/com/google/code/findbugs/findbugs/3.0.1/findbugs-3.0.1.jar:/home/user/.m2/repository/net/jcip/jcip-annotations/1.0/jcip-annotations-1.0.jar:/home/user/.m2/repository/com/google/code/findbugs/bcel-findbugs/6.0/bcel-findbugs-6.0.jar:/home/user/.m2/repository/com/google/code/findbugs/jFormatString/2.0.1/jFormatString-2.0.1.jar:/home/user/.m2/repository/dom4j/dom4j/1.6.1/dom4j-1.6.1.jar:/home/user/.m2/repository/xml-apis/xml-apis/1.0.b2/xml-apis-1.0.b2.jar:/home/user/.m2/repository/org/ow2/asm/asm-debug-all/5.0.2/asm-debug-all-5.0.2.jar:/home/user/.m2/repository/org/ow2/asm/asm-commons/5.0.2/asm-commons-5.0.2.jar:/home/user/.m2/repository/org/ow2/asm/asm-tree/5.0.2/asm-tree-5.0.2.jar:/home/user/.m2/repository/org/ow2/asm/asm/5.0.4/asm-5.0.4.jar:/home/user/.m2/repository/commons-lang/commons-lang/2.6/commons-lang-2.6.jar:/home/user/.m2/repository/com/apple/AppleJavaExtensions/1.4/AppleJavaExtensions-1.4.jar:/home/user/.m2/repository/jaxen/jaxen/1.1.6/jaxen-1.1.6.jar:/home/user/.m2/repository/junit/junit/4.11/junit-4.11.jar:/home/user/.m2/repository/org/hamcrest/hamcrest-core/1.3/hamcrest-core-1.3.jar:/home/user/.m2/repository/org/apache/hadoop/hadoop-common/3.2.0/hadoop-common-3.2.0-tests.jar:/home/user/.m2/repository/org/apache/hadoop/hadoop-ozone-integration-test/0.5.0-SNAPSHOT/hadoop-ozone-integration-test-0.5.0-SNAPSHOT-tests.jar:/tmp/workdir/hadoop-ozone/objectstore-service/target/classes:/tmp/workdir/hadoop-ozone/s3gateway/target/classes:/home/user/.m2/repository/org/jboss/weld/servlet/weld-servlet/2.4.7.Final/weld-servlet-2.4.7.Final.jar:/home/user/.m2/repository/org/glassfish/jersey/containers/jersey-container-servlet-core/2.27/jersey-container-servlet-core-2.27.jar:/home/user/.m2/repository/org/glassfish/hk2/external/javax.inject/2.5.0-b42/javax.inject-2.5.0-b42.jar:/home/user/.m2/repository/org/glassfish/jersey/core/jersey-common/2.27/jersey-common-2.27.jar:/home/user/.m2/repository/org/glassfish/hk2/osgi-resource-locator/1.0.1/osgi-resource-locator-1.0.1.jar:/home/user/.m2/repository/javax/ws/rs/javax.ws.rs-api/2.1/javax.ws.rs-api-2.1.jar:/home/user/.m2/repository/org/glassfish/jersey/ext/cdi/jersey-cdi1x/2.27/jersey-cdi1x-2.27.jar:/home/user/.m2/repository/org/glassfish/jersey/inject/jersey-hk2/2.27/jersey-hk2-2.27.jar:/home/user/.m2/repository/org/glassfish/hk2/hk2-locator/2.5.0-b42/hk2-locator-2.5.0-b42.jar:/home/user/.m2/repository/org/javassist/javassist/3.22.0-CR2/javassist-3.22.0-CR2.jar:/home/user/.m2/repository/org/glassfish/hk2/hk2-api/2.5.0/hk2-api-2.5.0.jar:/home/user/.m2/repository/org/glassfish/hk2/external/jakarta.inject/2.5.0/jakarta.inject-2.5.0.jar:/home/user/.m2/repository/org/glassfish/hk2/hk2-utils/2.5.0/hk2-utils-2.5.0.jar:/home/user/.m2/repository/jakarta/annotation/jakarta.annotation-api/1.3.4/jakarta.annotation-api-1.3.4.jar:/home/user/.m2/repository/org/glassfish/hk2/external/aopalliance-repackaged/2.5.0/aopalliance-repackaged-2.5.0.jar:/home/user/.m2/repository/com/fasterxml/jackson/dataformat/jackson-dataformat-xml/2.9.0/jackson-dataformat-xml-2.9.0.jar:/home/user/.m2/repository/com/fasterxml/jackson/module/jackson-module-jaxb-annotations/2.9.5/jackson-module-jaxb-annotations-2.9.5.jar:/home/user/.m2/repository/javax/enterprise/cdi-api/1.2/cdi-api-1.2.jar:/home/user/.m2/repository/javax/el/javax.el-api/3.0.0/javax.el-api-3.0.0.jar:/home/user/.m2/repository/javax/interceptor/javax.interceptor-api/1.2/javax.interceptor-api-1.2.jar:/home/user/.m2/repository/javax/inject/javax.inject/1/javax.inject-1.jar:/tmp/workdir/hadoop-ozone/csi/target/classes:/home/user/.m2/repository/com/google/protobuf/protobuf-java-util/3.5.1/protobuf-java-util-3.5.1.jar:/home/user/.m2/repository/io/grpc/grpc-netty/1.17.1/grpc-netty-1.17.1.jar:/home/user/.m2/repository/io/grpc/grpc-core/1.17.1/grpc-core-1.17.1.jar:/home/user/.m2/repository/io/grpc/grpc-context/1.17.1/grpc-context-1.17.1.jar:/home/user/.m2/repository/com/google/errorprone/error_prone_annotations/2.2.0/error_prone_annotations-2.2.0.jar:/home/user/.m2/repository/org/codehaus/mojo/animal-sniffer-annotations/1.17/animal-sniffer-annotations-1.17.jar:/home/user/.m2/repository/io/opencensus/opencensus-api/0.17.0/opencensus-api-0.17.0.jar:/home/user/.m2/repository/io/opencensus/opencensus-contrib-grpc-metrics/0.17.0/opencensus-contrib-grpc-metrics-0.17.0.jar:/home/user/.m2/repository/io/netty/netty-codec-http2/4.1.30.Final/netty-codec-http2-4.1.30.Final.jar:/home/user/.m2/repository/io/netty/netty-codec-http/4.1.30.Final/netty-codec-http-4.1.30.Final.jar:/home/user/.m2/repository/io/netty/netty-codec/4.1.30.Final/netty-codec-4.1.30.Final.jar:/home/user/.m2/repository/io/netty/netty-handler/4.1.30.Final/netty-handler-4.1.30.Final.jar:/home/user/.m2/repository/io/netty/netty-handler-proxy/4.1.30.Final/netty-handler-proxy-4.1.30.Final.jar:/home/user/.m2/repository/io/netty/netty-codec-socks/4.1.30.Final/netty-codec-socks-4.1.30.Final.jar:/home/user/.m2/repository/io/netty/netty-transport-native-epoll/4.1.30.Final/netty-transport-native-epoll-4.1.30.Final.jar:/home/user/.m2/repository/io/netty/netty-common/4.1.30.Final/netty-common-4.1.30.Final.jar:/home/user/.m2/repository/io/netty/netty-buffer/4.1.30.Final/netty-buffer-4.1.30.Final.jar:/home/user/.m2/repository/io/netty/netty-transport/4.1.30.Final/netty-transport-4.1.30.Final.jar:/home/user/.m2/repository/io/netty/netty-resolver/4.1.30.Final/netty-resolver-4.1.30.Final.jar:/home/user/.m2/repository/io/netty/netty-transport-native-unix-common/4.1.30.Final/netty-transport-native-unix-common-4.1.30.Final.jar:/home/user/.m2/repository/io/grpc/grpc-protobuf/1.17.1/grpc-protobuf-1.17.1.jar:/home/user/.m2/repository/com/google/api/grpc/proto-google-common-protos/1.0.0/proto-google-common-protos-1.0.0.jar:/home/user/.m2/repository/io/grpc/grpc-protobuf-lite/1.17.1/grpc-protobuf-lite-1.17.1.jar:/home/user/.m2/repository/io/grpc/grpc-stub/1.17.1/grpc-stub-1.17.1.jar:/tmp/workdir/hadoop-ozone/ozone-recon/target/classes:/tmp/workdir/hadoop-ozone/ozone-recon-codegen/target/classes:/home/user/.m2/repository/com/google/inject/extensions/guice-multibindings/4.0/guice-multibindings-4.0.jar:/home/user/.m2/repository/com/google/inject/guice/4.0/guice-4.0.jar:/home/user/.m2/repository/aopalliance/aopalliance/1.0/aopalliance-1.0.jar:/home/user/.m2/repository/com/google/inject/extensions/guice-servlet/4.0/guice-servlet-4.0.jar:/home/user/.m2/repository/org/glassfish/jersey/containers/jersey-container-servlet/2.27/jersey-container-servlet-2.27.jar:/home/user/.m2/repository/org/glassfish/hk2/guice-bridge/2.5.0/guice-bridge-2.5.0.jar:/home/user/.m2/repository/org/glassfish/jersey/core/jersey-server/2.27/jersey-server-2.27.jar:/home/user/.m2/repository/org/glassfish/jersey/core/jersey-client/2.27/jersey-client-2.27.jar:/home/user/.m2/repository/org/glassfish/jersey/media/jersey-media-jaxb/2.27/jersey-media-jaxb-2.27.jar:/home/user/.m2/repository/javax/validation/validation-api/1.1.0.Final/validation-api-1.1.0.Final.jar:/home/user/.m2/repository/org/glassfish/jersey/media/jersey-media-json-jackson/2.27/jersey-media-json-jackson-2.27.jar:/home/user/.m2/repository/org/glassfish/jersey/ext/jersey-entity-filtering/2.27/jersey-entity-filtering-2.27.jar:/home/user/.m2/repository/com/google/inject/extensions/guice-assistedinject/4.0/guice-assistedinject-4.0.jar:/home/user/.m2/repository/org/jooq/jooq/3.11.10/jooq-3.11.10.jar:/home/user/.m2/repository/org/jooq/jooq-meta/3.11.10/jooq-meta-3.11.10.jar:/home/user/.m2/repository/org/jooq/jooq-codegen/3.11.10/jooq-codegen-3.11.10.jar:/home/user/.m2/repository/com/jolbox/bonecp/0.8.0.RELEASE/bonecp-0.8.0.RELEASE.jar:/home/user/.m2/repository/org/springframework/spring-jdbc/5.1.3.RELEASE/spring-jdbc-5.1.3.RELEASE.jar:/home/user/.m2/repository/org/springframework/spring-beans/5.1.3.RELEASE/spring-beans-5.1.3.RELEASE.jar:/home/user/.m2/repository/org/springframework/spring-core/5.1.3.RELEASE/spring-core-5.1.3.RELEASE.jar:/home/user/.m2/repository/org/springframework/spring-jcl/5.1.3.RELEASE/spring-jcl-5.1.3.RELEASE.jar:/home/user/.m2/repository/org/springframework/spring-tx/5.1.3.RELEASE/spring-tx-5.1.3.RELEASE.jar:/home/user/.m2/repository/org/mockito/mockito-core/2.15.0/mockito-core-2.15.0.jar:/home/user/.m2/repository/net/bytebuddy/byte-buddy/1.7.9/byte-buddy-1.7.9.jar:/home/user/.m2/repository/net/bytebuddy/byte-buddy-agent/1.7.9/byte-buddy-agent-1.7.9.jar:/home/user/.m2/repository/org/objenesis/objenesis/1.0/objenesis-1.0.jar:"/>
    <property name="java.vm.vendor" value="IcedTea"/>
    <property name="sun.arch.data.model" value="64"/>
    <property name="test.build.dir" value="/tmp/workdir/hadoop-ozone/tools/target/test-dir"/>
    <property name="test.cache.data" value=""/>
    <property name="java.vendor.url" value="https://icedtea.classpath.org"/>
    <property name="user.timezone" value=""/>
    <property name="java.vm.specification.version" value="1.8"/>
    <property name="os.name" value="Linux"/>
    <property name="test.build.data" value="/tmp/workdir/hadoop-ozone/tools/target/test-dir"/>
    <property name="user.country" value="US"/>
    <property name="sun.java.launcher" value="SUN_STANDARD"/>
    <property name="sun.boot.library.path" value="/usr/lib/jvm/java-1.8-openjdk/jre/lib/amd64"/>
    <property name="sun.java.command" value="/tmp/workdir/hadoop-ozone/tools/target/surefire/surefirebooter1452922547482964031.jar /tmp/workdir/hadoop-ozone/tools/target/surefire 2019-07-14T06-11-25_811-jvmRun1 surefire6673854637401246171tmp surefire_1084420672509066087650tmp"/>
    <property name="surefire.test.class.path" value="/tmp/workdir/hadoop-ozone/tools/target/test-classes:/tmp/workdir/hadoop-ozone/tools/target/classes:/tmp/workdir/hadoop-ozone/ozone-manager/target/classes:/tmp/workdir/hadoop-hdds/docs/target/classes:/home/user/.m2/repository/org/bouncycastle/bcprov-jdk15on/1.60/bcprov-jdk15on-1.60.jar:/tmp/workdir/hadoop-ozone/common/target/classes:/home/user/.m2/repository/org/apache/commons/commons-compress/1.4.1/commons-compress-1.4.1.jar:/home/user/.m2/repository/org/tukaani/xz/1.0/xz-1.0.jar:/home/user/.m2/repository/org/apache/hadoop/hadoop-hdfs-client/3.2.0/hadoop-hdfs-client-3.2.0.jar:/home/user/.m2/repository/com/fasterxml/jackson/core/jackson-annotations/2.9.5/jackson-annotations-2.9.5.jar:/tmp/workdir/hadoop-hdds/common/target/classes:/tmp/workdir/hadoop-hdds/config/target/classes:/home/user/.m2/repository/javax/annotation/javax.annotation-api/1.2/javax.annotation-api-1.2.jar:/home/user/.m2/repository/org/apache/ratis/ratis-server/0.4.0-2337318-SNAPSHOT/ratis-server-0.4.0-2337318-SNAPSHOT.jar:/home/user/.m2/repository/org/apache/ratis/ratis-thirdparty-misc/0.2.0/ratis-thirdparty-misc-0.2.0.jar:/home/user/.m2/repository/org/apache/ratis/ratis-proto/0.4.0-2337318-SNAPSHOT/ratis-proto-0.4.0-2337318-SNAPSHOT.jar:/home/user/.m2/repository/org/apache/ratis/ratis-common/0.4.0-2337318-SNAPSHOT/ratis-common-0.4.0-2337318-SNAPSHOT.jar:/home/user/.m2/repository/org/apache/ratis/ratis-client/0.4.0-2337318-SNAPSHOT/ratis-client-0.4.0-2337318-SNAPSHOT.jar:/home/user/.m2/repository/org/apache/ratis/ratis-metrics/0.4.0-2337318-SNAPSHOT/ratis-metrics-0.4.0-2337318-SNAPSHOT.jar:/home/user/.m2/repository/org/apache/ratis/ratis-netty/0.4.0-2337318-SNAPSHOT/ratis-netty-0.4.0-2337318-SNAPSHOT.jar:/home/user/.m2/repository/org/apache/ratis/ratis-grpc/0.4.0-2337318-SNAPSHOT/ratis-grpc-0.4.0-2337318-SNAPSHOT.jar:/home/user/.m2/repository/org/rocksdb/rocksdbjni/6.0.1/rocksdbjni-6.0.1.jar:/home/user/.m2/repository/org/apache/logging/log4j/log4j-api/2.11.0/log4j-api-2.11.0.jar:/home/user/.m2/repository/org/apache/logging/log4j/log4j-core/2.11.0/log4j-core-2.11.0.jar:/home/user/.m2/repository/com/lmax/disruptor/3.4.2/disruptor-3.4.2.jar:/home/user/.m2/repository/org/apache/commons/commons-pool2/2.6.0/commons-pool2-2.6.0.jar:/home/user/.m2/repository/org/bouncycastle/bcpkix-jdk15on/1.60/bcpkix-jdk15on-1.60.jar:/home/user/.m2/repository/commons-validator/commons-validator/1.6/commons-validator-1.6.jar:/home/user/.m2/repository/commons-digester/commons-digester/1.8.1/commons-digester-1.8.1.jar:/home/user/.m2/repository/io/jaegertracing/jaeger-client/0.33.1/jaeger-client-0.33.1.jar:/home/user/.m2/repository/io/jaegertracing/jaeger-thrift/0.33.1/jaeger-thrift-0.33.1.jar:/home/user/.m2/repository/org/apache/thrift/libthrift/0.11.0/libthrift-0.11.0.jar:/home/user/.m2/repository/com/squareup/okhttp3/okhttp/3.9.0/okhttp-3.9.0.jar:/home/user/.m2/repository/com/squareup/okio/okio/1.13.0/okio-1.13.0.jar:/home/user/.m2/repository/io/jaegertracing/jaeger-core/0.33.1/jaeger-core-0.33.1.jar:/home/user/.m2/repository/io/jaegertracing/jaeger-tracerresolver/0.33.1/jaeger-tracerresolver-0.33.1.jar:/home/user/.m2/repository/io/opentracing/contrib/opentracing-tracerresolver/0.1.5/opentracing-tracerresolver-0.1.5.jar:/home/user/.m2/repository/io/opentracing/opentracing-util/0.31.0/opentracing-util-0.31.0.jar:/home/user/.m2/repository/io/opentracing/opentracing-api/0.31.0/opentracing-api-0.31.0.jar:/home/user/.m2/repository/io/opentracing/opentracing-noop/0.31.0/opentracing-noop-0.31.0.jar:/home/user/.m2/repository/org/yaml/snakeyaml/1.16/snakeyaml-1.16.jar:/tmp/workdir/hadoop-hdds/container-service/target/classes:/tmp/workdir/hadoop-hdds/client/target/classes:/tmp/workdir/hadoop-hdds/tools/target/classes:/home/user/.m2/repository/org/xerial/sqlite-jdbc/3.25.2/sqlite-jdbc-3.25.2.jar:/tmp/workdir/hadoop-hdds/server-scm/target/classes:/home/user/.m2/repository/org/hamcrest/hamcrest-all/1.3/hamcrest-all-1.3.jar:/home/user/.m2/repository/info/picocli/picocli/3.9.6/picocli-3.9.6.jar:/home/user/.m2/repository/com/google/protobuf/protobuf-java/2.5.0/protobuf-java-2.5.0.jar:/home/user/.m2/repository/com/google/guava/guava/11.0.2/guava-11.0.2.jar:/tmp/workdir/hadoop-ozone/client/target/classes:/home/user/.m2/repository/org/apache/hadoop/hadoop-ozone-filesystem/0.5.0-SNAPSHOT/hadoop-ozone-filesystem-0.5.0-SNAPSHOT.jar:/tmp/workdir/hadoop-hdds/framework/target/classes:/home/user/.m2/repository/org/apache/hadoop/hadoop-common/3.2.0/hadoop-common-3.2.0.jar:/home/user/.m2/repository/org/apache/hadoop/hadoop-annotations/3.2.0/hadoop-annotations-3.2.0.jar:/usr/lib/jvm/java-1.8-openjdk/jre/../lib/tools.jar:/home/user/.m2/repository/commons-cli/commons-cli/1.2/commons-cli-1.2.jar:/home/user/.m2/repository/org/apache/commons/commons-math3/3.1.1/commons-math3-3.1.1.jar:/home/user/.m2/repository/org/apache/httpcomponents/httpclient/4.5.2/httpclient-4.5.2.jar:/home/user/.m2/repository/org/apache/httpcomponents/httpcore/4.4.4/httpcore-4.4.4.jar:/home/user/.m2/repository/commons-codec/commons-codec/1.11/commons-codec-1.11.jar:/home/user/.m2/repository/commons-io/commons-io/2.5/commons-io-2.5.jar:/home/user/.m2/repository/commons-net/commons-net/3.6/commons-net-3.6.jar:/home/user/.m2/repository/commons-collections/commons-collections/3.2.2/commons-collections-3.2.2.jar:/home/user/.m2/repository/javax/servlet/javax.servlet-api/3.1.0/javax.servlet-api-3.1.0.jar:/home/user/.m2/repository/org/eclipse/jetty/jetty-server/9.3.24.v20180605/jetty-server-9.3.24.v20180605.jar:/home/user/.m2/repository/org/eclipse/jetty/jetty-http/9.3.24.v20180605/jetty-http-9.3.24.v20180605.jar:/home/user/.m2/repository/org/eclipse/jetty/jetty-io/9.3.24.v20180605/jetty-io-9.3.24.v20180605.jar:/home/user/.m2/repository/org/eclipse/jetty/jetty-util/9.3.24.v20180605/jetty-util-9.3.24.v20180605.jar:/home/user/.m2/repository/org/eclipse/jetty/jetty-servlet/9.3.24.v20180605/jetty-servlet-9.3.24.v20180605.jar:/home/user/.m2/repository/org/eclipse/jetty/jetty-security/9.3.24.v20180605/jetty-security-9.3.24.v20180605.jar:/home/user/.m2/repository/org/eclipse/jetty/jetty-webapp/9.3.24.v20180605/jetty-webapp-9.3.24.v20180605.jar:/home/user/.m2/repository/org/eclipse/jetty/jetty-xml/9.3.24.v20180605/jetty-xml-9.3.24.v20180605.jar:/home/user/.m2/repository/javax/servlet/jsp/jsp-api/2.1/jsp-api-2.1.jar:/home/user/.m2/repository/com/sun/jersey/jersey-core/1.19/jersey-core-1.19.jar:/home/user/.m2/repository/javax/ws/rs/jsr311-api/1.1.1/jsr311-api-1.1.1.jar:/home/user/.m2/repository/com/sun/jersey/jersey-servlet/1.19/jersey-servlet-1.19.jar:/home/user/.m2/repository/com/sun/jersey/jersey-json/1.19/jersey-json-1.19.jar:/home/user/.m2/repository/org/codehaus/jettison/jettison/1.1/jettison-1.1.jar:/home/user/.m2/repository/com/sun/xml/bind/jaxb-impl/2.3.0.1/jaxb-impl-2.3.0.1.jar:/home/user/.m2/repository/org/codehaus/jackson/jackson-core-asl/1.9.13/jackson-core-asl-1.9.13.jar:/home/user/.m2/repository/org/codehaus/jackson/jackson-mapper-asl/1.9.13/jackson-mapper-asl-1.9.13.jar:/home/user/.m2/repository/org/codehaus/jackson/jackson-jaxrs/1.9.13/jackson-jaxrs-1.9.13.jar:/home/user/.m2/repository/org/codehaus/jackson/jackson-xc/1.9.13/jackson-xc-1.9.13.jar:/home/user/.m2/repository/com/sun/jersey/jersey-server/1.19/jersey-server-1.19.jar:/home/user/.m2/repository/commons-logging/commons-logging/1.1.3/commons-logging-1.1.3.jar:/home/user/.m2/repository/log4j/log4j/1.2.17/log4j-1.2.17.jar:/home/user/.m2/repository/commons-beanutils/commons-beanutils/1.9.3/commons-beanutils-1.9.3.jar:/home/user/.m2/repository/org/apache/commons/commons-configuration2/2.1.1/commons-configuration2-2.1.1.jar:/home/user/.m2/repository/org/apache/commons/commons-lang3/3.7/commons-lang3-3.7.jar:/home/user/.m2/repository/org/apache/commons/commons-text/1.4/commons-text-1.4.jar:/home/user/.m2/repository/org/slf4j/slf4j-api/1.7.25/slf4j-api-1.7.25.jar:/home/user/.m2/repository/org/slf4j/slf4j-log4j12/1.7.25/slf4j-log4j12-1.7.25.jar:/home/user/.m2/repository/org/apache/avro/avro/1.7.7/avro-1.7.7.jar:/home/user/.m2/repository/com/thoughtworks/paranamer/paranamer/2.3/paranamer-2.3.jar:/home/user/.m2/repository/org/xerial/snappy/snappy-java/1.0.5/snappy-java-1.0.5.jar:/home/user/.m2/repository/com/google/re2j/re2j/1.1/re2j-1.1.jar:/home/user/.m2/repository/com/google/code/gson/gson/2.2.4/gson-2.2.4.jar:/home/user/.m2/repository/org/apache/hadoop/hadoop-auth/3.2.0/hadoop-auth-3.2.0.jar:/home/user/.m2/repository/com/nimbusds/nimbus-jose-jwt/4.41.1/nimbus-jose-jwt-4.41.1.jar:/home/user/.m2/repository/com/github/stephenc/jcip/jcip-annotations/1.0-1/jcip-annotations-1.0-1.jar:/home/user/.m2/repository/net/minidev/json-smart/2.3/json-smart-2.3.jar:/home/user/.m2/repository/net/minidev/accessors-smart/1.2/accessors-smart-1.2.jar:/home/user/.m2/repository/org/apache/curator/curator-framework/2.12.0/curator-framework-2.12.0.jar:/home/user/.m2/repository/com/jcraft/jsch/0.1.54/jsch-0.1.54.jar:/home/user/.m2/repository/org/apache/curator/curator-client/2.12.0/curator-client-2.12.0.jar:/home/user/.m2/repository/org/apache/curator/curator-recipes/2.12.0/curator-recipes-2.12.0.jar:/home/user/.m2/repository/com/google/code/findbugs/jsr305/3.0.0/jsr305-3.0.0.jar:/home/user/.m2/repository/org/apache/htrace/htrace-core4/4.1.0-incubating/htrace-core4-4.1.0-incubating.jar:/home/user/.m2/repository/org/apache/zookeeper/zookeeper/3.4.13/zookeeper-3.4.13.jar:/home/user/.m2/repository/org/apache/yetus/audience-annotations/0.5.0/audience-annotations-0.5.0.jar:/home/user/.m2/repository/org/apache/kerby/kerb-simplekdc/1.0.1/kerb-simplekdc-1.0.1.jar:/home/user/.m2/repository/org/apache/kerby/kerb-client/1.0.1/kerb-client-1.0.1.jar:/home/user/.m2/repository/org/apache/kerby/kerby-config/1.0.1/kerby-config-1.0.1.jar:/home/user/.m2/repository/org/apache/kerby/kerb-core/1.0.1/kerb-core-1.0.1.jar:/home/user/.m2/repository/org/apache/kerby/kerby-pkix/1.0.1/kerby-pkix-1.0.1.jar:/home/user/.m2/repository/org/apache/kerby/kerby-asn1/1.0.1/kerby-asn1-1.0.1.jar:/home/user/.m2/repository/org/apache/kerby/kerby-util/1.0.1/kerby-util-1.0.1.jar:/home/user/.m2/repository/org/apache/kerby/kerb-common/1.0.1/kerb-common-1.0.1.jar:/home/user/.m2/repository/org/apache/kerby/kerb-crypto/1.0.1/kerb-crypto-1.0.1.jar:/home/user/.m2/repository/org/apache/kerby/kerb-util/1.0.1/kerb-util-1.0.1.jar:/home/user/.m2/repository/org/apache/kerby/token-provider/1.0.1/token-provider-1.0.1.jar:/home/user/.m2/repository/org/apache/kerby/kerb-admin/1.0.1/kerb-admin-1.0.1.jar:/home/user/.m2/repository/org/apache/kerby/kerb-server/1.0.1/kerb-server-1.0.1.jar:/home/user/.m2/repository/org/apache/kerby/kerb-identity/1.0.1/kerb-identity-1.0.1.jar:/home/user/.m2/repository/org/apache/kerby/kerby-xdr/1.0.1/kerby-xdr-1.0.1.jar:/home/user/.m2/repository/com/fasterxml/jackson/core/jackson-databind/2.9.5/jackson-databind-2.9.5.jar:/home/user/.m2/repository/com/fasterxml/jackson/core/jackson-core/2.9.5/jackson-core-2.9.5.jar:/home/user/.m2/repository/org/codehaus/woodstox/stax2-api/3.1.4/stax2-api-3.1.4.jar:/home/user/.m2/repository/com/fasterxml/woodstox/woodstox-core/5.0.3/woodstox-core-5.0.3.jar:/home/user/.m2/repository/dnsjava/dnsjava/2.1.7/dnsjava-2.1.7.jar:/home/user/.m2/repository/org/apache/hadoop/hadoop-hdfs/3.2.0/hadoop-hdfs-3.2.0.jar:/home/user/.m2/repository/org/eclipse/jetty/jetty-util-ajax/9.3.24.v20180605/jetty-util-ajax-9.3.24.v20180605.jar:/home/user/.m2/repository/commons-daemon/commons-daemon/1.0.13/commons-daemon-1.0.13.jar:/home/user/.m2/repository/io/netty/netty/3.10.5.Final/netty-3.10.5.Final.jar:/home/user/.m2/repository/io/netty/netty-all/4.0.52.Final/netty-all-4.0.52.Final.jar:/home/user/.m2/repository/org/fusesource/leveldbjni/leveldbjni-all/1.8/leveldbjni-all-1.8.jar:/home/user/.m2/repository/com/sun/xml/bind/jaxb-core/2.3.0.1/jaxb-core-2.3.0.1.jar:/home/user/.m2/repository/javax/xml/bind/jaxb-api/2.3.0/jaxb-api-2.3.0.jar:/home/user/.m2/repository/javax/activation/activation/1.1.1/activation-1.1.1.jar:/home/user/.m2/repository/io/dropwizard/metrics/metrics-core/3.2.4/metrics-core-3.2.4.jar:/home/user/.m2/repository/org/openjdk/jmh/jmh-core/1.19/jmh-core-1.19.jar:/home/user/.m2/repository/net/sf/jopt-simple/jopt-simple/4.6/jopt-simple-4.6.jar:/home/user/.m2/repository/org/openjdk/jmh/jmh-generator-annprocess/1.19/jmh-generator-annprocess-1.19.jar:/home/user/.m2/repository/com/google/code/findbugs/findbugs/3.0.1/findbugs-3.0.1.jar:/home/user/.m2/repository/net/jcip/jcip-annotations/1.0/jcip-annotations-1.0.jar:/home/user/.m2/repository/com/google/code/findbugs/bcel-findbugs/6.0/bcel-findbugs-6.0.jar:/home/user/.m2/repository/com/google/code/findbugs/jFormatString/2.0.1/jFormatString-2.0.1.jar:/home/user/.m2/repository/dom4j/dom4j/1.6.1/dom4j-1.6.1.jar:/home/user/.m2/repository/xml-apis/xml-apis/1.0.b2/xml-apis-1.0.b2.jar:/home/user/.m2/repository/org/ow2/asm/asm-debug-all/5.0.2/asm-debug-all-5.0.2.jar:/home/user/.m2/repository/org/ow2/asm/asm-commons/5.0.2/asm-commons-5.0.2.jar:/home/user/.m2/repository/org/ow2/asm/asm-tree/5.0.2/asm-tree-5.0.2.jar:/home/user/.m2/repository/org/ow2/asm/asm/5.0.4/asm-5.0.4.jar:/home/user/.m2/repository/commons-lang/commons-lang/2.6/commons-lang-2.6.jar:/home/user/.m2/repository/com/apple/AppleJavaExtensions/1.4/AppleJavaExtensions-1.4.jar:/home/user/.m2/repository/jaxen/jaxen/1.1.6/jaxen-1.1.6.jar:/home/user/.m2/repository/junit/junit/4.11/junit-4.11.jar:/home/user/.m2/repository/org/hamcrest/hamcrest-core/1.3/hamcrest-core-1.3.jar:/home/user/.m2/repository/org/apache/hadoop/hadoop-common/3.2.0/hadoop-common-3.2.0-tests.jar:/home/user/.m2/repository/org/apache/hadoop/hadoop-ozone-integration-test/0.5.0-SNAPSHOT/hadoop-ozone-integration-test-0.5.0-SNAPSHOT-tests.jar:/tmp/workdir/hadoop-ozone/objectstore-service/target/classes:/tmp/workdir/hadoop-ozone/s3gateway/target/classes:/home/user/.m2/repository/org/jboss/weld/servlet/weld-servlet/2.4.7.Final/weld-servlet-2.4.7.Final.jar:/home/user/.m2/repository/org/glassfish/jersey/containers/jersey-container-servlet-core/2.27/jersey-container-servlet-core-2.27.jar:/home/user/.m2/repository/org/glassfish/hk2/external/javax.inject/2.5.0-b42/javax.inject-2.5.0-b42.jar:/home/user/.m2/repository/org/glassfish/jersey/core/jersey-common/2.27/jersey-common-2.27.jar:/home/user/.m2/repository/org/glassfish/hk2/osgi-resource-locator/1.0.1/osgi-resource-locator-1.0.1.jar:/home/user/.m2/repository/javax/ws/rs/javax.ws.rs-api/2.1/javax.ws.rs-api-2.1.jar:/home/user/.m2/repository/org/glassfish/jersey/ext/cdi/jersey-cdi1x/2.27/jersey-cdi1x-2.27.jar:/home/user/.m2/repository/org/glassfish/jersey/inject/jersey-hk2/2.27/jersey-hk2-2.27.jar:/home/user/.m2/repository/org/glassfish/hk2/hk2-locator/2.5.0-b42/hk2-locator-2.5.0-b42.jar:/home/user/.m2/repository/org/javassist/javassist/3.22.0-CR2/javassist-3.22.0-CR2.jar:/home/user/.m2/repository/org/glassfish/hk2/hk2-api/2.5.0/hk2-api-2.5.0.jar:/home/user/.m2/repository/org/glassfish/hk2/external/jakarta.inject/2.5.0/jakarta.inject-2.5.0.jar:/home/user/.m2/repository/org/glassfish/hk2/hk2-utils/2.5.0/hk2-utils-2.5.0.jar:/home/user/.m2/repository/jakarta/annotation/jakarta.annotation-api/1.3.4/jakarta.annotation-api-1.3.4.jar:/home/user/.m2/repository/org/glassfish/hk2/external/aopalliance-repackaged/2.5.0/aopalliance-repackaged-2.5.0.jar:/home/user/.m2/repository/com/fasterxml/jackson/dataformat/jackson-dataformat-xml/2.9.0/jackson-dataformat-xml-2.9.0.jar:/home/user/.m2/repository/com/fasterxml/jackson/module/jackson-module-jaxb-annotations/2.9.5/jackson-module-jaxb-annotations-2.9.5.jar:/home/user/.m2/repository/javax/enterprise/cdi-api/1.2/cdi-api-1.2.jar:/home/user/.m2/repository/javax/el/javax.el-api/3.0.0/javax.el-api-3.0.0.jar:/home/user/.m2/repository/javax/interceptor/javax.interceptor-api/1.2/javax.interceptor-api-1.2.jar:/home/user/.m2/repository/javax/inject/javax.inject/1/javax.inject-1.jar:/tmp/workdir/hadoop-ozone/csi/target/classes:/home/user/.m2/repository/com/google/protobuf/protobuf-java-util/3.5.1/protobuf-java-util-3.5.1.jar:/home/user/.m2/repository/io/grpc/grpc-netty/1.17.1/grpc-netty-1.17.1.jar:/home/user/.m2/repository/io/grpc/grpc-core/1.17.1/grpc-core-1.17.1.jar:/home/user/.m2/repository/io/grpc/grpc-context/1.17.1/grpc-context-1.17.1.jar:/home/user/.m2/repository/com/google/errorprone/error_prone_annotations/2.2.0/error_prone_annotations-2.2.0.jar:/home/user/.m2/repository/org/codehaus/mojo/animal-sniffer-annotations/1.17/animal-sniffer-annotations-1.17.jar:/home/user/.m2/repository/io/opencensus/opencensus-api/0.17.0/opencensus-api-0.17.0.jar:/home/user/.m2/repository/io/opencensus/opencensus-contrib-grpc-metrics/0.17.0/opencensus-contrib-grpc-metrics-0.17.0.jar:/home/user/.m2/repository/io/netty/netty-codec-http2/4.1.30.Final/netty-codec-http2-4.1.30.Final.jar:/home/user/.m2/repository/io/netty/netty-codec-http/4.1.30.Final/netty-codec-http-4.1.30.Final.jar:/home/user/.m2/repository/io/netty/netty-codec/4.1.30.Final/netty-codec-4.1.30.Final.jar:/home/user/.m2/repository/io/netty/netty-handler/4.1.30.Final/netty-handler-4.1.30.Final.jar:/home/user/.m2/repository/io/netty/netty-handler-proxy/4.1.30.Final/netty-handler-proxy-4.1.30.Final.jar:/home/user/.m2/repository/io/netty/netty-codec-socks/4.1.30.Final/netty-codec-socks-4.1.30.Final.jar:/home/user/.m2/repository/io/netty/netty-transport-native-epoll/4.1.30.Final/netty-transport-native-epoll-4.1.30.Final.jar:/home/user/.m2/repository/io/netty/netty-common/4.1.30.Final/netty-common-4.1.30.Final.jar:/home/user/.m2/repository/io/netty/netty-buffer/4.1.30.Final/netty-buffer-4.1.30.Final.jar:/home/user/.m2/repository/io/netty/netty-transport/4.1.30.Final/netty-transport-4.1.30.Final.jar:/home/user/.m2/repository/io/netty/netty-resolver/4.1.30.Final/netty-resolver-4.1.30.Final.jar:/home/user/.m2/repository/io/netty/netty-transport-native-unix-common/4.1.30.Final/netty-transport-native-unix-common-4.1.30.Final.jar:/home/user/.m2/repository/io/grpc/grpc-protobuf/1.17.1/grpc-protobuf-1.17.1.jar:/home/user/.m2/repository/com/google/api/grpc/proto-google-common-protos/1.0.0/proto-google-common-protos-1.0.0.jar:/home/user/.m2/repository/io/grpc/grpc-protobuf-lite/1.17.1/grpc-protobuf-lite-1.17.1.jar:/home/user/.m2/repository/io/grpc/grpc-stub/1.17.1/grpc-stub-1.17.1.jar:/tmp/workdir/hadoop-ozone/ozone-recon/target/classes:/tmp/workdir/hadoop-ozone/ozone-recon-codegen/target/classes:/home/user/.m2/repository/com/google/inject/extensions/guice-multibindings/4.0/guice-multibindings-4.0.jar:/home/user/.m2/repository/com/google/inject/guice/4.0/guice-4.0.jar:/home/user/.m2/repository/aopalliance/aopalliance/1.0/aopalliance-1.0.jar:/home/user/.m2/repository/com/google/inject/extensions/guice-servlet/4.0/guice-servlet-4.0.jar:/home/user/.m2/repository/org/glassfish/jersey/containers/jersey-container-servlet/2.27/jersey-container-servlet-2.27.jar:/home/user/.m2/repository/org/glassfish/hk2/guice-bridge/2.5.0/guice-bridge-2.5.0.jar:/home/user/.m2/repository/org/glassfish/jersey/core/jersey-server/2.27/jersey-server-2.27.jar:/home/user/.m2/repository/org/glassfish/jersey/core/jersey-client/2.27/jersey-client-2.27.jar:/home/user/.m2/repository/org/glassfish/jersey/media/jersey-media-jaxb/2.27/jersey-media-jaxb-2.27.jar:/home/user/.m2/repository/javax/validation/validation-api/1.1.0.Final/validation-api-1.1.0.Final.jar:/home/user/.m2/repository/org/glassfish/jersey/media/jersey-media-json-jackson/2.27/jersey-media-json-jackson-2.27.jar:/home/user/.m2/repository/org/glassfish/jersey/ext/jersey-entity-filtering/2.27/jersey-entity-filtering-2.27.jar:/home/user/.m2/repository/com/google/inject/extensions/guice-assistedinject/4.0/guice-assistedinject-4.0.jar:/home/user/.m2/repository/org/jooq/jooq/3.11.10/jooq-3.11.10.jar:/home/user/.m2/repository/org/jooq/jooq-meta/3.11.10/jooq-meta-3.11.10.jar:/home/user/.m2/repository/org/jooq/jooq-codegen/3.11.10/jooq-codegen-3.11.10.jar:/home/user/.m2/repository/com/jolbox/bonecp/0.8.0.RELEASE/bonecp-0.8.0.RELEASE.jar:/home/user/.m2/repository/org/springframework/spring-jdbc/5.1.3.RELEASE/spring-jdbc-5.1.3.RELEASE.jar:/home/user/.m2/repository/org/springframework/spring-beans/5.1.3.RELEASE/spring-beans-5.1.3.RELEASE.jar:/home/user/.m2/repository/org/springframework/spring-core/5.1.3.RELEASE/spring-core-5.1.3.RELEASE.jar:/home/user/.m2/repository/org/springframework/spring-jcl/5.1.3.RELEASE/spring-jcl-5.1.3.RELEASE.jar:/home/user/.m2/repository/org/springframework/spring-tx/5.1.3.RELEASE/spring-tx-5.1.3.RELEASE.jar:/home/user/.m2/repository/org/mockito/mockito-core/2.15.0/mockito-core-2.15.0.jar:/home/user/.m2/repository/net/bytebuddy/byte-buddy/1.7.9/byte-buddy-1.7.9.jar:/home/user/.m2/repository/net/bytebuddy/byte-buddy-agent/1.7.9/byte-buddy-agent-1.7.9.jar:/home/user/.m2/repository/org/objenesis/objenesis/1.0/objenesis-1.0.jar:"/>
    <property name="sun.cpu.endian" value="little"/>
    <property name="user.home" value="/home/user"/>
    <property name="user.language" value="en"/>
    <property name="java.specification.vendor" value="Oracle Corporation"/>
    <property name="java.home" value="/usr/lib/jvm/java-1.8-openjdk/jre"/>
    <property name="java.security.krb5.conf" value="/tmp/workdir/hadoop-ozone/tools/target/test-classes/krb5.conf"/>
    <property name="basedir" value="/tmp/workdir/hadoop-ozone/tools"/>
    <property name="file.separator" value="/"/>
    <property name="line.separator" value="&#10;"/>
    <property name="java.vm.specification.vendor" value="Oracle Corporation"/>
    <property name="java.specification.name" value="Java Platform API Specification"/>
    <property name="java.awt.graphicsenv" value="sun.awt.X11GraphicsEnvironment"/>
    <property name="surefire.real.class.path" value="/tmp/workdir/hadoop-ozone/tools/target/surefire/surefirebooter1452922547482964031.jar"/>
    <property name="hadoop.log.dir" value="/tmp/workdir/hadoop-ozone/tools/target/log"/>
    <property name="sun.boot.class.path" value="/usr/lib/jvm/java-1.8-openjdk/jre/lib/resources.jar:/usr/lib/jvm/java-1.8-openjdk/jre/lib/rt.jar:/usr/lib/jvm/java-1.8-openjdk/jre/lib/sunrsasign.jar:/usr/lib/jvm/java-1.8-openjdk/jre/lib/jsse.jar:/usr/lib/jvm/java-1.8-openjdk/jre/lib/jce.jar:/usr/lib/jvm/java-1.8-openjdk/jre/lib/charsets.jar:/usr/lib/jvm/java-1.8-openjdk/jre/lib/jfr.jar:/usr/lib/jvm/java-1.8-openjdk/jre/classes"/>
    <property name="sun.management.compiler" value="HotSpot 64-Bit Tiered Compilers"/>
    <property name="java.runtime.version" value="1.8.0_212-b04"/>
    <property name="java.net.preferIPv4Stack" value="true"/>
    <property name="user.name" value="jenkins1000"/>
    <property name="path.separator" value=":"/>
    <property name="java.security.egd" value="file:///dev/urandom"/>
    <property name="os.version" value="3.10.0-957.12.2.el7.x86_64"/>
    <property name="java.endorsed.dirs" value="/usr/lib/jvm/java-1.8-openjdk/jre/lib/endorsed"/>
    <property name="java.runtime.name" value="OpenJDK Runtime Environment"/>
    <property name="file.encoding" value="UTF-8"/>
    <property name="java.vm.name" value="OpenJDK 64-Bit Server VM"/>
    <property name="test.build.webapps" value=""/>
    <property name="localRepository" value="/home/user/.m2/repository"/>
    <property name="java.vendor.url.bug" value="https://icedtea.classpath.org/bugzilla"/>
    <property name="java.io.tmpdir" value="/tmp"/>
    <property name="require.test.libhadoop" value=""/>
    <property name="java.version" value="1.8.0_212"/>
    <property name="user.dir" value="/tmp/workdir/hadoop-ozone/tools"/>
    <property name="os.arch" value="amd64"/>
    <property name="java.vm.specification.name" value="Java Virtual Machine Specification"/>
    <property name="test.build.classes" value="/tmp/workdir/hadoop-ozone/tools/target/test-classes"/>
    <property name="java.awt.printerjob" value="sun.print.PSPrinterJob"/>
    <property name="sun.os.patch.level" value="unknown"/>
    <property name="hadoop.tmp.dir" value="/tmp/workdir/hadoop-ozone/tools/target/tmp"/>
    <property name="java.library.path" value="/usr/lib/jvm/java-1.8-openjdk/jre/lib/amd64/server:/usr/lib/jvm/java-1.8-openjdk/jre/lib/amd64:/usr/lib/jvm/java-1.8-openjdk/jre/../lib/amd64:/tmp/workdir/hadoop-ozone/tools/target/native/target/usr/local/lib:/tmp/workdir/hadoop-ozone/tools/../../hadoop-common-project/hadoop-common/target/native/target/usr/local/lib:/usr/java/packages/lib/amd64:/usr/lib64:/lib64:/lib:/usr/lib"/>
    <property name="java.vm.info" value="mixed mode"/>
    <property name="java.vendor" value="IcedTea"/>
    <property name="java.vm.version" value="25.212-b04"/>
    <property name="java.ext.dirs" value="/usr/lib/jvm/java-1.8-openjdk/jre/lib/ext:/usr/java/packages/lib/ext"/>
    <property name="sun.io.unicode.encoding" value="UnicodeLittle"/>
    <property name="java.class.version" value="52.0"/>
  </properties>
  <testcase name="ratisTest3" classname="org.apache.hadoop.ozone.freon.TestRandomKeyGenerator" time="10.342"/>
  <testcase name="testThreadPoolSize" classname="org.apache.hadoop.ozone.freon.TestRandomKeyGenerator" time="5.047"/>
  <testcase name="defaultTest" classname="org.apache.hadoop.ozone.freon.TestRandomKeyGenerator" time="5.022"/>
  <testcase name="bigFileThan2GB" classname="org.apache.hadoop.ozone.freon.TestRandomKeyGenerator" time="57.429">
    <error type="java.lang.UnsupportedOperationException">java.lang.UnsupportedOperationException
	at java.util.AbstractList.add(AbstractList.java:148)
	at java.util.AbstractList.add(AbstractList.java:108)
	at java.util.AbstractCollection.addAll(AbstractCollection.java:344)
	at org.apache.hadoop.hdds.scm.storage.BlockOutputStream.watchForCommit(BlockOutputStream.java:363)
	at org.apache.hadoop.hdds.scm.storage.BlockOutputStream.handleFullBuffer(BlockOutputStream.java:332)
	at org.apache.hadoop.hdds.scm.storage.BlockOutputStream.write(BlockOutputStream.java:259)
	at org.apache.hadoop.ozone.client.io.BlockOutputStreamEntry.write(BlockOutputStreamEntry.java:129)
	at org.apache.hadoop.ozone.client.io.KeyOutputStream.handleWrite(KeyOutputStream.java:211)
	at org.apache.hadoop.ozone.client.io.KeyOutputStream.write(KeyOutputStream.java:193)
	at org.apache.hadoop.ozone.client.io.OzoneOutputStream.write(OzoneOutputStream.java:49)
	at org.apache.hadoop.ozone.freon.RandomKeyGenerator$KeyProcessor.run(RandomKeyGenerator.java:693)
	at java.util.concurrent.Executors$RunnableAdapter.call(Executors.java:511)
	at java.util.concurrent.FutureTask.run(FutureTask.java:266)
	at java.util.concurrent.ThreadPoolExecutor.runWorker(ThreadPoolExecutor.java:1149)
	at java.util.concurrent.ThreadPoolExecutor$Worker.run(ThreadPoolExecutor.java:624)
	at java.lang.Thread.run(Thread.java:748)
</error>
    <system-out><![CDATA[2019-07-14 06:25:45,596 INFO  freon.RandomKeyGenerator (RandomKeyGenerator.java:call(262)) - Number of Threads: 1
2019-07-14 06:25:45,596 INFO  freon.RandomKeyGenerator (RandomKeyGenerator.java:call(267)) - Number of Volumes: 1.
2019-07-14 06:25:45,596 INFO  freon.RandomKeyGenerator (RandomKeyGenerator.java:call(268)) - Number of Buckets per Volume: 1.
2019-07-14 06:25:45,596 INFO  freon.RandomKeyGenerator (RandomKeyGenerator.java:call(269)) - Number of Keys per Bucket: 1.
2019-07-14 06:25:45,596 INFO  freon.RandomKeyGenerator (RandomKeyGenerator.java:call(270)) - Key size: 2147483657 bytes
2019-07-14 06:25:45,596 INFO  freon.RandomKeyGenerator (RandomKeyGenerator.java:call(271)) - Buffer size: 4096 bytes
2019-07-14 06:25:45,597 INFO  rpc.RpcClient (RpcClient.java:createVolume(287)) - Creating Volume: vol-0-73112, with jenkins1000 as owner.
2019-07-14 06:25:45,598 INFO  freon.RandomKeyGenerator (RandomKeyGenerator.java:call(286)) - Data validation is enabled.
2019-07-14 06:25:45,598 INFO  freon.RandomKeyGenerator (RandomKeyGenerator.java:call(299)) - Starting progress bar Thread.

 0.00% |█                                                                                                    |  0/1 Time: 0:00:002019-07-14 06:25:45,605 INFO  rpc.RpcClient (RpcClient.java:createBucket(424)) - Creating Bucket: vol-0-73112/bucket-0-86474, with Versioning false and Storage Type set to DISK and Encryption set to false 
2019-07-14 06:25:45,719 INFO  client.GrpcClientProtocolClient (GrpcClientProtocolClient.java:onNext(255)) - client-D2340BF4DD29->f9fecd82-c7ae-483e-b259-6428f2dfb240: receive RaftClientReply:client-D2340BF4DD29->f9fecd82-c7ae-483e-b259-6428f2dfb240@group-7DE138E597A5, cid=600, SUCCESS, logIndex=718, commits[f9fecd82-c7ae-483e-b259-6428f2dfb240:c718, adbfec77-7a0d-4773-aa56-ba0b778d0ab5:c717, 90c45227-141f-43fe-b831-a2b91b39d6b0:c717]
2019-07-14 06:25:45,745 INFO  client.GrpcClientProtocolClient (GrpcClientProtocolClient.java:onNext(255)) - client-D2340BF4DD29->f9fecd82-c7ae-483e-b259-6428f2dfb240: receive RaftClientReply:client-D2340BF4DD29->f9fecd82-c7ae-483e-b259-6428f2dfb240@group-7DE138E597A5, cid=601, SUCCESS, logIndex=720, commits[f9fecd82-c7ae-483e-b259-6428f2dfb240:c720, adbfec77-7a0d-4773-aa56-ba0b778d0ab5:c719, 90c45227-141f-43fe-b831-a2b91b39d6b0:c719]
2019-07-14 06:25:45,755 INFO  client.GrpcClientProtocolClient (GrpcClientProtocolClient.java:onNext(255)) - client-D2340BF4DD29->f9fecd82-c7ae-483e-b259-6428f2dfb240: receive RaftClientReply:client-D2340BF4DD29->f9fecd82-c7ae-483e-b259-6428f2dfb240@group-7DE138E597A5, cid=602, SUCCESS, logIndex=721, commits[f9fecd82-c7ae-483e-b259-6428f2dfb240:c721, adbfec77-7a0d-4773-aa56-ba0b778d0ab5:c719, 90c45227-141f-43fe-b831-a2b91b39d6b0:c719]
2019-07-14 06:25:45,757 INFO  client.GrpcClientProtocolClient (GrpcClientProtocolClient.java:onNext(255)) - client-D2340BF4DD29->f9fecd82-c7ae-483e-b259-6428f2dfb240: receive RaftClientReply:client-D2340BF4DD29->f9fecd82-c7ae-483e-b259-6428f2dfb240@group-7DE138E597A5, cid=603, SUCCESS, logIndex=722, commits[f9fecd82-c7ae-483e-b259-6428f2dfb240:c723, adbfec77-7a0d-4773-aa56-ba0b778d0ab5:c720, 90c45227-141f-43fe-b831-a2b91b39d6b0:c720]
2019-07-14 06:25:45,786 INFO  client.GrpcClientProtocolClient (GrpcClientProtocolClient.java:onNext(255)) - client-D2340BF4DD29->f9fecd82-c7ae-483e-b259-6428f2dfb240: receive RaftClientReply:client-D2340BF4DD29->f9fecd82-c7ae-483e-b259-6428f2dfb240@group-7DE138E597A5, cid=604, SUCCESS, logIndex=726, commits[f9fecd82-c7ae-483e-b259-6428f2dfb240:c727, adbfec77-7a0d-4773-aa56-ba0b778d0ab5:c725, 90c45227-141f-43fe-b831-a2b91b39d6b0:c725]
2019-07-14 06:25:45,790 INFO  client.GrpcClientProtocolClient (GrpcClientProtocolClient.java:onNext(255)) - client-D2340BF4DD29->f9fecd82-c7ae-483e-b259-6428f2dfb240: receive RaftClientReply:client-D2340BF4DD29->f9fecd82-c7ae-483e-b259-6428f2dfb240@group-7DE138E597A5, cid=605, SUCCESS, logIndex=727, commits[f9fecd82-c7ae-483e-b259-6428f2dfb240:c727, adbfec77-7a0d-4773-aa56-ba0b778d0ab5:c725, 90c45227-141f-43fe-b831-a2b91b39d6b0:c725]
2019-07-14 06:25:45,816 INFO  client.GrpcClientProtocolClient (GrpcClientProtocolClient.java:onNext(255)) - client-D2340BF4DD29->f9fecd82-c7ae-483e-b259-6428f2dfb240: receive RaftClientReply:client-D2340BF4DD29->f9fecd82-c7ae-483e-b259-6428f2dfb240@group-7DE138E597A5, cid=606, SUCCESS, logIndex=730, commits[f9fecd82-c7ae-483e-b259-6428f2dfb240:c731, adbfec77-7a0d-4773-aa56-ba0b778d0ab5:c729, 90c45227-141f-43fe-b831-a2b91b39d6b0:c729]
2019-07-14 06:25:45,817 INFO  client.GrpcClientProtocolClient (GrpcClientProtocolClient.java:onNext(255)) - client-D2340BF4DD29->f9fecd82-c7ae-483e-b259-6428f2dfb240: receive RaftClientReply:client-D2340BF4DD29->f9fecd82-c7ae-483e-b259-6428f2dfb240@group-7DE138E597A5, cid=607, SUCCESS, logIndex=731, commits[f9fecd82-c7ae-483e-b259-6428f2dfb240:c731, adbfec77-7a0d-4773-aa56-ba0b778d0ab5:c729, 90c45227-141f-43fe-b831-a2b91b39d6b0:c729]
2019-07-14 06:25:45,830 INFO  client.GrpcClientProtocolClient (GrpcClientProtocolClient.java:onNext(255)) - client-D2340BF4DD29->f9fecd82-c7ae-483e-b259-6428f2dfb240: receive RaftClientReply:client-D2340BF4DD29->f9fecd82-c7ae-483e-b259-6428f2dfb240@group-7DE138E597A5, cid=608, SUCCESS, logIndex=0, commits[f9fecd82-c7ae-483e-b259-6428f2dfb240:c732, adbfec77-7a0d-4773-aa56-ba0b778d0ab5:c731, 90c45227-141f-43fe-b831-a2b91b39d6b0:c731]
2019-07-14 06:25:46,092 INFO  client.GrpcClientProtocolClient (GrpcClientProtocolClient.java:onNext(255)) - client-D2340BF4DD29->f9fecd82-c7ae-483e-b259-6428f2dfb240: receive RaftClientReply:client-D2340BF4DD29->f9fecd82-c7ae-483e-b259-6428f2dfb240@group-7DE138E597A5, cid=609, SUCCESS, logIndex=734, commits[f9fecd82-c7ae-483e-b259-6428f2dfb240:c736, adbfec77-7a0d-4773-aa56-ba0b778d0ab5:c733, 90c45227-141f-43fe-b831-a2b91b39d6b0:c733]
2019-07-14 06:25:46,093 INFO  client.GrpcClientProtocolClient (GrpcClientProtocolClient.java:onNext(255)) - client-D2340BF4DD29->f9fecd82-c7ae-483e-b259-6428f2dfb240: receive RaftClientReply:client-D2340BF4DD29->f9fecd82-c7ae-483e-b259-6428f2dfb240@group-7DE138E597A5, cid=610, SUCCESS, logIndex=735, commits[f9fecd82-c7ae-483e-b259-6428f2dfb240:c737, adbfec77-7a0d-4773-aa56-ba0b778d0ab5:c733, 90c45227-141f-43fe-b831-a2b91b39d6b0:c733]
2019-07-14 06:25:46,094 INFO  client.GrpcClientProtocolClient (GrpcClientProtocolClient.java:onNext(255)) - client-D2340BF4DD29->f9fecd82-c7ae-483e-b259-6428f2dfb240: receive RaftClientReply:client-D2340BF4DD29->f9fecd82-c7ae-483e-b259-6428f2dfb240@group-7DE138E597A5, cid=611, SUCCESS, logIndex=736, commits[f9fecd82-c7ae-483e-b259-6428f2dfb240:c737, adbfec77-7a0d-4773-aa56-ba0b778d0ab5:c733, 90c45227-141f-43fe-b831-a2b91b39d6b0:c733]
2019-07-14 06:25:46,094 INFO  client.GrpcClientProtocolClient (GrpcClientProtocolClient.java:onNext(255)) - client-D2340BF4DD29->f9fecd82-c7ae-483e-b259-6428f2dfb240: receive RaftClientReply:client-D2340BF4DD29->f9fecd82-c7ae-483e-b259-6428f2dfb240@group-7DE138E597A5, cid=612, SUCCESS, logIndex=737, commits[f9fecd82-c7ae-483e-b259-6428f2dfb240:c737, adbfec77-7a0d-4773-aa56-ba0b778d0ab5:c733, 90c45227-141f-43fe-b831-a2b91b39d6b0:c733]
2019-07-14 06:25:46,113 INFO  client.GrpcClientProtocolClient (GrpcClientProtocolClient.java:onNext(255)) - client-D2340BF4DD29->f9fecd82-c7ae-483e-b259-6428f2dfb240: receive RaftClientReply:client-D2340BF4DD29->f9fecd82-c7ae-483e-b259-6428f2dfb240@group-7DE138E597A5, cid=613, SUCCESS, logIndex=0, commits[f9fecd82-c7ae-483e-b259-6428f2dfb240:c739, adbfec77-7a0d-4773-aa56-ba0b778d0ab5:c736, 90c45227-141f-43fe-b831-a2b91b39d6b0:c736]
2019-07-14 06:25:46,139 INFO  client.GrpcClientProtocolClient (GrpcClientProtocolClient.java:onNext(255)) - client-D2340BF4DD29->f9fecd82-c7ae-483e-b259-6428f2dfb240: receive RaftClientReply:client-D2340BF4DD29->f9fecd82-c7ae-483e-b259-6428f2dfb240@group-7DE138E597A5, cid=614, SUCCESS, logIndex=742, commits[f9fecd82-c7ae-483e-b259-6428f2dfb240:c743, adbfec77-7a0d-4773-aa56-ba0b778d0ab5:c741, 90c45227-141f-43fe-b831-a2b91b39d6b0:c741]
2019-07-14 06:25:46,140 INFO  client.GrpcClientProtocolClient (GrpcClientProtocolClient.java:onNext(255)) - client-D2340BF4DD29->f9fecd82-c7ae-483e-b259-6428f2dfb240: receive RaftClientReply:client-D2340BF4DD29->f9fecd82-c7ae-483e-b259-6428f2dfb240@group-7DE138E597A5, cid=615, SUCCESS, logIndex=743, commits[f9fecd82-c7ae-483e-b259-6428f2dfb240:c743, adbfec77-7a0d-4773-aa56-ba0b778d0ab5:c741, 90c45227-141f-43fe-b831-a2b91b39d6b0:c741]
2019-07-14 06:25:46,168 INFO  client.GrpcClientProtocolClient (GrpcClientProtocolClient.java:onNext(255)) - client-D2340BF4DD29->f9fecd82-c7ae-483e-b259-6428f2dfb240: receive RaftClientReply:client-D2340BF4DD29->f9fecd82-c7ae-483e-b259-6428f2dfb240@group-7DE138E597A5, cid=616, SUCCESS, logIndex=746, commits[f9fecd82-c7ae-483e-b259-6428f2dfb240:c747, adbfec77-7a0d-4773-aa56-ba0b778d0ab5:c743, 90c45227-141f-43fe-b831-a2b91b39d6b0:c743]
2019-07-14 06:25:46,169 INFO  client.GrpcClientProtocolClient (GrpcClientProtocolClient.java:onNext(255)) - client-D2340BF4DD29->f9fecd82-c7ae-483e-b259-6428f2dfb240: receive RaftClientReply:client-D2340BF4DD29->f9fecd82-c7ae-483e-b259-6428f2dfb240@group-7DE138E597A5, cid=617, SUCCESS, logIndex=747, commits[f9fecd82-c7ae-483e-b259-6428f2dfb240:c747, adbfec77-7a0d-4773-aa56-ba0b778d0ab5:c743, 90c45227-141f-43fe-b831-a2b91b39d6b0:c743]
2019-07-14 06:25:46,181 INFO  client.GrpcClientProtocolClient (GrpcClientProtocolClient.java:onNext(255)) - client-D2340BF4DD29->f9fecd82-c7ae-483e-b259-6428f2dfb240: receive RaftClientReply:client-D2340BF4DD29->f9fecd82-c7ae-483e-b259-6428f2dfb240@group-7DE138E597A5, cid=618, SUCCESS, logIndex=0, commits[f9fecd82-c7ae-483e-b259-6428f2dfb240:c749, adbfec77-7a0d-4773-aa56-ba0b778d0ab5:c747, 90c45227-141f-43fe-b831-a2b91b39d6b0:c747]
2019-07-14 06:25:46,205 INFO  client.GrpcClientProtocolClient (GrpcClientProtocolClient.java:onNext(255)) - client-D2340BF4DD29->f9fecd82-c7ae-483e-b259-6428f2dfb240: receive RaftClientReply:client-D2340BF4DD29->f9fecd82-c7ae-483e-b259-6428f2dfb240@group-7DE138E597A5, cid=619, SUCCESS, logIndex=750, commits[f9fecd82-c7ae-483e-b259-6428f2dfb240:c751, adbfec77-7a0d-4773-aa56-ba0b778d0ab5:c749, 90c45227-141f-43fe-b831-a2b91b39d6b0:c749]
2019-07-14 06:25:46,205 INFO  client.GrpcClientProtocolClient (GrpcClientProtocolClient.java:onNext(255)) - client-D2340BF4DD29->f9fecd82-c7ae-483e-b259-6428f2dfb240: receive RaftClientReply:client-D2340BF4DD29->f9fecd82-c7ae-483e-b259-6428f2dfb240@group-7DE138E597A5, cid=620, SUCCESS, logIndex=751, commits[f9fecd82-c7ae-483e-b259-6428f2dfb240:c753, adbfec77-7a0d-4773-aa56-ba0b778d0ab5:c749, 90c45227-141f-43fe-b831-a2b91b39d6b0:c749]
2019-07-14 06:25:46,206 INFO  client.GrpcClientProtocolClient (GrpcClientProtocolClient.java:onNext(255)) - client-D2340BF4DD29->f9fecd82-c7ae-483e-b259-6428f2dfb240: receive RaftClientReply:client-D2340BF4DD29->f9fecd82-c7ae-483e-b259-6428f2dfb240@group-7DE138E597A5, cid=621, SUCCESS, logIndex=752, commits[f9fecd82-c7ae-483e-b259-6428f2dfb240:c753, adbfec77-7a0d-4773-aa56-ba0b778d0ab5:c749, 90c45227-141f-43fe-b831-a2b91b39d6b0:c749]
2019-07-14 06:25:46,207 INFO  client.GrpcClientProtocolClient (GrpcClientProtocolClient.java:onNext(255)) - client-D2340BF4DD29->f9fecd82-c7ae-483e-b259-6428f2dfb240: receive RaftClientReply:client-D2340BF4DD29->f9fecd82-c7ae-483e-b259-6428f2dfb240@group-7DE138E597A5, cid=622, SUCCESS, logIndex=753, commits[f9fecd82-c7ae-483e-b259-6428f2dfb240:c753, adbfec77-7a0d-4773-aa56-ba0b778d0ab5:c749, 90c45227-141f-43fe-b831-a2b91b39d6b0:c749]
2019-07-14 06:25:46,218 INFO  client.GrpcClientProtocolClient (GrpcClientProtocolClient.java:onNext(255)) - client-D2340BF4DD29->f9fecd82-c7ae-483e-b259-6428f2dfb240: receive RaftClientReply:client-D2340BF4DD29->f9fecd82-c7ae-483e-b259-6428f2dfb240@group-7DE138E597A5, cid=623, SUCCESS, logIndex=0, commits[f9fecd82-c7ae-483e-b259-6428f2dfb240:c754, adbfec77-7a0d-4773-aa56-ba0b778d0ab5:c751, 90c45227-141f-43fe-b831-a2b91b39d6b0:c751]
2019-07-14 06:25:46,234 INFO  client.GrpcClientProtocolClient (GrpcClientProtocolClient.java:onNext(255)) - client-D2340BF4DD29->f9fecd82-c7ae-483e-b259-6428f2dfb240: receive RaftClientReply:client-D2340BF4DD29->f9fecd82-c7ae-483e-b259-6428f2dfb240@group-7DE138E597A5, cid=624, SUCCESS, logIndex=758, commits[f9fecd82-c7ae-483e-b259-6428f2dfb240:c759, adbfec77-7a0d-4773-aa56-ba0b778d0ab5:c757, 90c45227-141f-43fe-b831-a2b91b39d6b0:c753]
2019-07-14 06:25:46,234 INFO  client.GrpcClientProtocolClient (GrpcClientProtocolClient.java:onNext(255)) - client-D2340BF4DD29->f9fecd82-c7ae-483e-b259-6428f2dfb240: receive RaftClientReply:client-D2340BF4DD29->f9fecd82-c7ae-483e-b259-6428f2dfb240@group-7DE138E597A5, cid=625, SUCCESS, logIndex=759, commits[f9fecd82-c7ae-483e-b259-6428f2dfb240:c759, adbfec77-7a0d-4773-aa56-ba0b778d0ab5:c757, 90c45227-141f-43fe-b831-a2b91b39d6b0:c757]
2019-07-14 06:25:46,251 INFO  client.GrpcClientProtocolClient (GrpcClientProtocolClient.java:onNext(255)) - client-D2340BF4DD29->f9fecd82-c7ae-483e-b259-6428f2dfb240: receive RaftClientReply:client-D2340BF4DD29->f9fecd82-c7ae-483e-b259-6428f2dfb240@group-7DE138E597A5, cid=626, SUCCESS, logIndex=762, commits[f9fecd82-c7ae-483e-b259-6428f2dfb240:c763, adbfec77-7a0d-4773-aa56-ba0b778d0ab5:c761, 90c45227-141f-43fe-b831-a2b91b39d6b0:c761]
2019-07-14 06:25:46,252 INFO  client.GrpcClientProtocolClient (GrpcClientProtocolClient.java:onNext(255)) - client-D2340BF4DD29->f9fecd82-c7ae-483e-b259-6428f2dfb240: receive RaftClientReply:client-D2340BF4DD29->f9fecd82-c7ae-483e-b259-6428f2dfb240@group-7DE138E597A5, cid=627, SUCCESS, logIndex=763, commits[f9fecd82-c7ae-483e-b259-6428f2dfb240:c763, adbfec77-7a0d-4773-aa56-ba0b778d0ab5:c761, 90c45227-141f-43fe-b831-a2b91b39d6b0:c761]
2019-07-14 06:25:46,257 INFO  client.GrpcClientProtocolClient (GrpcClientProtocolClient.java:onNext(255)) - client-D2340BF4DD29->f9fecd82-c7ae-483e-b259-6428f2dfb240: receive RaftClientReply:client-D2340BF4DD29->f9fecd82-c7ae-483e-b259-6428f2dfb240@group-7DE138E597A5, cid=628, SUCCESS, logIndex=0, commits[f9fecd82-c7ae-483e-b259-6428f2dfb240:c765, adbfec77-7a0d-4773-aa56-ba0b778d0ab5:c763, 90c45227-141f-43fe-b831-a2b91b39d6b0:c763]
2019-07-14 06:25:46,274 INFO  client.GrpcClientProtocolClient (GrpcClientProtocolClient.java:onNext(255)) - client-D2340BF4DD29->f9fecd82-c7ae-483e-b259-6428f2dfb240: receive RaftClientReply:client-D2340BF4DD29->f9fecd82-c7ae-483e-b259-6428f2dfb240@group-7DE138E597A5, cid=629, SUCCESS, logIndex=766, commits[f9fecd82-c7ae-483e-b259-6428f2dfb240:c767, adbfec77-7a0d-4773-aa56-ba0b778d0ab5:c765, 90c45227-141f-43fe-b831-a2b91b39d6b0:c765]
2019-07-14 06:25:46,275 INFO  client.GrpcClientProtocolClient (GrpcClientProtocolClient.java:onNext(255)) - client-D2340BF4DD29->f9fecd82-c7ae-483e-b259-6428f2dfb240: receive RaftClientReply:client-D2340BF4DD29->f9fecd82-c7ae-483e-b259-6428f2dfb240@group-7DE138E597A5, cid=630, SUCCESS, logIndex=767, commits[f9fecd82-c7ae-483e-b259-6428f2dfb240:c769, adbfec77-7a0d-4773-aa56-ba0b778d0ab5:c765, 90c45227-141f-43fe-b831-a2b91b39d6b0:c765]
2019-07-14 06:25:46,275 INFO  client.GrpcClientProtocolClient (GrpcClientProtocolClient.java:onNext(255)) - client-D2340BF4DD29->f9fecd82-c7ae-483e-b259-6428f2dfb240: receive RaftClientReply:client-D2340BF4DD29->f9fecd82-c7ae-483e-b259-6428f2dfb240@group-7DE138E597A5, cid=631, SUCCESS, logIndex=768, commits[f9fecd82-c7ae-483e-b259-6428f2dfb240:c769, adbfec77-7a0d-4773-aa56-ba0b778d0ab5:c765, 90c45227-141f-43fe-b831-a2b91b39d6b0:c765]
2019-07-14 06:25:46,276 INFO  client.GrpcClientProtocolClient (GrpcClientProtocolClient.java:onNext(255)) - client-D2340BF4DD29->f9fecd82-c7ae-483e-b259-6428f2dfb240: receive RaftClientReply:client-D2340BF4DD29->f9fecd82-c7ae-483e-b259-6428f2dfb240@group-7DE138E597A5, cid=632, SUCCESS, logIndex=769, commits[f9fecd82-c7ae-483e-b259-6428f2dfb240:c769, adbfec77-7a0d-4773-aa56-ba0b778d0ab5:c765, 90c45227-141f-43fe-b831-a2b91b39d6b0:c765]
2019-07-14 06:25:46,277 INFO  client.GrpcClientProtocolClient (GrpcClientProtocolClient.java:onNext(255)) - client-D2340BF4DD29->f9fecd82-c7ae-483e-b259-6428f2dfb240: receive RaftClientReply:client-D2340BF4DD29->f9fecd82-c7ae-483e-b259-6428f2dfb240@group-7DE138E597A5, cid=633, SUCCESS, logIndex=0, commits[f9fecd82-c7ae-483e-b259-6428f2dfb240:c770, adbfec77-7a0d-4773-aa56-ba0b778d0ab5:c767, 90c45227-141f-43fe-b831-a2b91b39d6b0:c767]
2019-07-14 06:25:46,293 INFO  client.GrpcClientProtocolClient (GrpcClientProtocolClient.java:onNext(255)) - client-D2340BF4DD29->f9fecd82-c7ae-483e-b259-6428f2dfb240: receive RaftClientReply:client-D2340BF4DD29->f9fecd82-c7ae-483e-b259-6428f2dfb240@group-7DE138E597A5, cid=634, SUCCESS, logIndex=774, commits[f9fecd82-c7ae-483e-b259-6428f2dfb240:c775, adbfec77-7a0d-4773-aa56-ba0b778d0ab5:c769, 90c45227-141f-43fe-b831-a2b91b39d6b0:c773]
2019-07-14 06:25:46,294 INFO  client.GrpcClientProtocolClient (GrpcClientProtocolClient.java:onNext(255)) - client-D2340BF4DD29->f9fecd82-c7ae-483e-b259-6428f2dfb240: receive RaftClientReply:client-D2340BF4DD29->f9fecd82-c7ae-483e-b259-6428f2dfb240@group-7DE138E597A5, cid=635, SUCCESS, logIndex=775, commits[f9fecd82-c7ae-483e-b259-6428f2dfb240:c775, adbfec77-7a0d-4773-aa56-ba0b778d0ab5:c773, 90c45227-141f-43fe-b831-a2b91b39d6b0:c773]
2019-07-14 06:25:46,308 INFO  client.GrpcClientProtocolClient (GrpcClientProtocolClient.java:onNext(255)) - client-D2340BF4DD29->f9fecd82-c7ae-483e-b259-6428f2dfb240: receive RaftClientReply:client-D2340BF4DD29->f9fecd82-c7ae-483e-b259-6428f2dfb240@group-7DE138E597A5, cid=636, SUCCESS, logIndex=778, commits[f9fecd82-c7ae-483e-b259-6428f2dfb240:c779, adbfec77-7a0d-4773-aa56-ba0b778d0ab5:c777, 90c45227-141f-43fe-b831-a2b91b39d6b0:c777]
2019-07-14 06:25:46,309 INFO  client.GrpcClientProtocolClient (GrpcClientProtocolClient.java:onNext(255)) - client-D2340BF4DD29->f9fecd82-c7ae-483e-b259-6428f2dfb240: receive RaftClientReply:client-D2340BF4DD29->f9fecd82-c7ae-483e-b259-6428f2dfb240@group-7DE138E597A5, cid=637, SUCCESS, logIndex=779, commits[f9fecd82-c7ae-483e-b259-6428f2dfb240:c779, adbfec77-7a0d-4773-aa56-ba0b778d0ab5:c777, 90c45227-141f-43fe-b831-a2b91b39d6b0:c777]
2019-07-14 06:25:46,311 INFO  client.GrpcClientProtocolClient (GrpcClientProtocolClient.java:onNext(255)) - client-D2340BF4DD29->f9fecd82-c7ae-483e-b259-6428f2dfb240: receive RaftClientReply:client-D2340BF4DD29->f9fecd82-c7ae-483e-b259-6428f2dfb240@group-7DE138E597A5, cid=638, SUCCESS, logIndex=0, commits[f9fecd82-c7ae-483e-b259-6428f2dfb240:c780, adbfec77-7a0d-4773-aa56-ba0b778d0ab5:c779, 90c45227-141f-43fe-b831-a2b91b39d6b0:c779]
2019-07-14 06:25:46,326 INFO  client.GrpcClientProtocolClient (GrpcClientProtocolClient.java:onNext(255)) - client-D2340BF4DD29->f9fecd82-c7ae-483e-b259-6428f2dfb240: receive RaftClientReply:client-D2340BF4DD29->f9fecd82-c7ae-483e-b259-6428f2dfb240@group-7DE138E597A5, cid=639, SUCCESS, logIndex=782, commits[f9fecd82-c7ae-483e-b259-6428f2dfb240:c783, adbfec77-7a0d-4773-aa56-ba0b778d0ab5:c781, 90c45227-141f-43fe-b831-a2b91b39d6b0:c779]
2019-07-14 06:25:46,326 INFO  client.GrpcClientProtocolClient (GrpcClientProtocolClient.java:onNext(255)) - client-D2340BF4DD29->f9fecd82-c7ae-483e-b259-6428f2dfb240: receive RaftClientReply:client-D2340BF4DD29->f9fecd82-c7ae-483e-b259-6428f2dfb240@group-7DE138E597A5, cid=640, SUCCESS, logIndex=783, commits[f9fecd82-c7ae-483e-b259-6428f2dfb240:c783, adbfec77-7a0d-4773-aa56-ba0b778d0ab5:c781, 90c45227-141f-43fe-b831-a2b91b39d6b0:c779]
2019-07-14 06:25:46,328 INFO  client.GrpcClientProtocolClient (GrpcClientProtocolClient.java:onNext(255)) - client-D2340BF4DD29->f9fecd82-c7ae-483e-b259-6428f2dfb240: receive RaftClientReply:client-D2340BF4DD29->f9fecd82-c7ae-483e-b259-6428f2dfb240@group-7DE138E597A5, cid=641, SUCCESS, logIndex=784, commits[f9fecd82-c7ae-483e-b259-6428f2dfb240:c786, adbfec77-7a0d-4773-aa56-ba0b778d0ab5:c783, 90c45227-141f-43fe-b831-a2b91b39d6b0:c781]
2019-07-14 06:25:46,329 INFO  client.GrpcClientProtocolClient (GrpcClientProtocolClient.java:onNext(255)) - client-D2340BF4DD29->f9fecd82-c7ae-483e-b259-6428f2dfb240: receive RaftClientReply:client-D2340BF4DD29->f9fecd82-c7ae-483e-b259-6428f2dfb240@group-7DE138E597A5, cid=642, SUCCESS, logIndex=785, commits[f9fecd82-c7ae-483e-b259-6428f2dfb240:c787, adbfec77-7a0d-4773-aa56-ba0b778d0ab5:c783, 90c45227-141f-43fe-b831-a2b91b39d6b0:c783]
2019-07-14 06:25:46,360 INFO  client.GrpcClientProtocolClient (GrpcClientProtocolClient.java:onNext(255)) - client-D2340BF4DD29->f9fecd82-c7ae-483e-b259-6428f2dfb240: receive RaftClientReply:client-D2340BF4DD29->f9fecd82-c7ae-483e-b259-6428f2dfb240@group-7DE138E597A5, cid=643, SUCCESS, logIndex=790, commits[f9fecd82-c7ae-483e-b259-6428f2dfb240:c791, adbfec77-7a0d-4773-aa56-ba0b778d0ab5:c789, 90c45227-141f-43fe-b831-a2b91b39d6b0:c789]
2019-07-14 06:25:46,361 INFO  client.GrpcClientProtocolClient (GrpcClientProtocolClient.java:onNext(255)) - client-D2340BF4DD29->f9fecd82-c7ae-483e-b259-6428f2dfb240: receive RaftClientReply:client-D2340BF4DD29->f9fecd82-c7ae-483e-b259-6428f2dfb240@group-7DE138E597A5, cid=644, SUCCESS, logIndex=791, commits[f9fecd82-c7ae-483e-b259-6428f2dfb240:c791, adbfec77-7a0d-4773-aa56-ba0b778d0ab5:c789, 90c45227-141f-43fe-b831-a2b91b39d6b0:c789]
2019-07-14 06:25:46,389 INFO  client.GrpcClientProtocolClient (GrpcClientProtocolClient.java:onNext(255)) - client-D2340BF4DD29->f9fecd82-c7ae-483e-b259-6428f2dfb240: receive RaftClientReply:client-D2340BF4DD29->f9fecd82-c7ae-483e-b259-6428f2dfb240@group-7DE138E597A5, cid=645, SUCCESS, logIndex=794, commits[f9fecd82-c7ae-483e-b259-6428f2dfb240:c795, adbfec77-7a0d-4773-aa56-ba0b778d0ab5:c791, 90c45227-141f-43fe-b831-a2b91b39d6b0:c791]
2019-07-14 06:25:46,390 INFO  client.GrpcClientProtocolClient (GrpcClientProtocolClient.java:onNext(255)) - client-D2340BF4DD29->f9fecd82-c7ae-483e-b259-6428f2dfb240: receive RaftClientReply:client-D2340BF4DD29->f9fecd82-c7ae-483e-b259-6428f2dfb240@group-7DE138E597A5, cid=646, SUCCESS, logIndex=795, commits[f9fecd82-c7ae-483e-b259-6428f2dfb240:c795, adbfec77-7a0d-4773-aa56-ba0b778d0ab5:c791, 90c45227-141f-43fe-b831-a2b91b39d6b0:c791]
2019-07-14 06:25:46,404 INFO  client.GrpcClientProtocolClient (GrpcClientProtocolClient.java:onNext(255)) - client-D2340BF4DD29->f9fecd82-c7ae-483e-b259-6428f2dfb240: receive RaftClientReply:client-D2340BF4DD29->f9fecd82-c7ae-483e-b259-6428f2dfb240@group-7DE138E597A5, cid=647, SUCCESS, logIndex=0, commits[f9fecd82-c7ae-483e-b259-6428f2dfb240:c796, adbfec77-7a0d-4773-aa56-ba0b778d0ab5:c795, 90c45227-141f-43fe-b831-a2b91b39d6b0:c795]
2019-07-14 06:25:46,427 INFO  client.GrpcClientProtocolClient (GrpcClientProtocolClient.java:onNext(255)) - client-D2340BF4DD29->f9fecd82-c7ae-483e-b259-6428f2dfb240: receive RaftClientReply:client-D2340BF4DD29->f9fecd82-c7ae-483e-b259-6428f2dfb240@group-7DE138E597A5, cid=648, SUCCESS, logIndex=798, commits[f9fecd82-c7ae-483e-b259-6428f2dfb240:c799, adbfec77-7a0d-4773-aa56-ba0b778d0ab5:c797, 90c45227-141f-43fe-b831-a2b91b39d6b0:c797]
2019-07-14 06:25:46,427 INFO  client.GrpcClientProtocolClient (GrpcClientProtocolClient.java:onNext(255)) - client-D2340BF4DD29->f9fecd82-c7ae-483e-b259-6428f2dfb240: receive RaftClientReply:client-D2340BF4DD29->f9fecd82-c7ae-483e-b259-6428f2dfb240@group-7DE138E597A5, cid=649, SUCCESS, logIndex=799, commits[f9fecd82-c7ae-483e-b259-6428f2dfb240:c801, adbfec77-7a0d-4773-aa56-ba0b778d0ab5:c797, 90c45227-141f-43fe-b831-a2b91b39d6b0:c797]
2019-07-14 06:25:46,428 INFO  client.GrpcClientProtocolClient (GrpcClientProtocolClient.java:onNext(255)) - client-D2340BF4DD29->f9fecd82-c7ae-483e-b259-6428f2dfb240: receive RaftClientReply:client-D2340BF4DD29->f9fecd82-c7ae-483e-b259-6428f2dfb240@group-7DE138E597A5, cid=650, SUCCESS, logIndex=800, commits[f9fecd82-c7ae-483e-b259-6428f2dfb240:c801, adbfec77-7a0d-4773-aa56-ba0b778d0ab5:c797, 90c45227-141f-43fe-b831-a2b91b39d6b0:c797]
2019-07-14 06:25:46,428 INFO  client.GrpcClientProtocolClient (GrpcClientProtocolClient.java:onNext(255)) - client-D2340BF4DD29->f9fecd82-c7ae-483e-b259-6428f2dfb240: receive RaftClientReply:client-D2340BF4DD29->f9fecd82-c7ae-483e-b259-6428f2dfb240@group-7DE138E597A5, cid=651, SUCCESS, logIndex=801, commits[f9fecd82-c7ae-483e-b259-6428f2dfb240:c801, adbfec77-7a0d-4773-aa56-ba0b778d0ab5:c797, 90c45227-141f-43fe-b831-a2b91b39d6b0:c797]
2019-07-14 06:25:46,441 INFO  client.GrpcClientProtocolClient (GrpcClientProtocolClient.java:onNext(255)) - client-D2340BF4DD29->f9fecd82-c7ae-483e-b259-6428f2dfb240: receive RaftClientReply:client-D2340BF4DD29->f9fecd82-c7ae-483e-b259-6428f2dfb240@group-7DE138E597A5, cid=652, SUCCESS, logIndex=0, commits[f9fecd82-c7ae-483e-b259-6428f2dfb240:c803, adbfec77-7a0d-4773-aa56-ba0b778d0ab5:c800, 90c45227-141f-43fe-b831-a2b91b39d6b0:c799]
2019-07-14 06:25:46,462 INFO  client.GrpcClientProtocolClient (GrpcClientProtocolClient.java:onNext(255)) - client-D2340BF4DD29->f9fecd82-c7ae-483e-b259-6428f2dfb240: receive RaftClientReply:client-D2340BF4DD29->f9fecd82-c7ae-483e-b259-6428f2dfb240@group-7DE138E597A5, cid=653, SUCCESS, logIndex=806, commits[f9fecd82-c7ae-483e-b259-6428f2dfb240:c807, adbfec77-7a0d-4773-aa56-ba0b778d0ab5:c805, 90c45227-141f-43fe-b831-a2b91b39d6b0:c805]
2019-07-14 06:25:46,462 INFO  client.GrpcClientProtocolClient (GrpcClientProtocolClient.java:onNext(255)) - client-D2340BF4DD29->f9fecd82-c7ae-483e-b259-6428f2dfb240: receive RaftClientReply:client-D2340BF4DD29->f9fecd82-c7ae-483e-b259-6428f2dfb240@group-7DE138E597A5, cid=654, SUCCESS, logIndex=807, commits[f9fecd82-c7ae-483e-b259-6428f2dfb240:c807, adbfec77-7a0d-4773-aa56-ba0b778d0ab5:c805, 90c45227-141f-43fe-b831-a2b91b39d6b0:c805]
2019-07-14 06:25:46,477 INFO  client.GrpcClientProtocolClient (GrpcClientProtocolClient.java:onNext(255)) - client-D2340BF4DD29->f9fecd82-c7ae-483e-b259-6428f2dfb240: receive RaftClientReply:client-D2340BF4DD29->f9fecd82-c7ae-483e-b259-6428f2dfb240@group-7DE138E597A5, cid=655, SUCCESS, logIndex=810, commits[f9fecd82-c7ae-483e-b259-6428f2dfb240:c811, adbfec77-7a0d-4773-aa56-ba0b778d0ab5:c807, 90c45227-141f-43fe-b831-a2b91b39d6b0:c807]
2019-07-14 06:25:46,477 INFO  client.GrpcClientProtocolClient (GrpcClientProtocolClient.java:onNext(255)) - client-D2340BF4DD29->f9fecd82-c7ae-483e-b259-6428f2dfb240: receive RaftClientReply:client-D2340BF4DD29->f9fecd82-c7ae-483e-b259-6428f2dfb240@group-7DE138E597A5, cid=656, SUCCESS, logIndex=811, commits[f9fecd82-c7ae-483e-b259-6428f2dfb240:c811, adbfec77-7a0d-4773-aa56-ba0b778d0ab5:c807, 90c45227-141f-43fe-b831-a2b91b39d6b0:c807]
2019-07-14 06:25:46,491 INFO  client.GrpcClientProtocolClient (GrpcClientProtocolClient.java:onNext(255)) - client-D2340BF4DD29->f9fecd82-c7ae-483e-b259-6428f2dfb240: receive RaftClientReply:client-D2340BF4DD29->f9fecd82-c7ae-483e-b259-6428f2dfb240@group-7DE138E597A5, cid=657, SUCCESS, logIndex=0, commits[f9fecd82-c7ae-483e-b259-6428f2dfb240:c813, adbfec77-7a0d-4773-aa56-ba0b778d0ab5:c811, 90c45227-141f-43fe-b831-a2b91b39d6b0:c811]
2019-07-14 06:25:46,514 INFO  client.GrpcClientProtocolClient (GrpcClientProtocolClient.java:onNext(255)) - client-D2340BF4DD29->f9fecd82-c7ae-483e-b259-6428f2dfb240: receive RaftClientReply:client-D2340BF4DD29->f9fecd82-c7ae-483e-b259-6428f2dfb240@group-7DE138E597A5, cid=658, SUCCESS, logIndex=814, commits[f9fecd82-c7ae-483e-b259-6428f2dfb240:c816, adbfec77-7a0d-4773-aa56-ba0b778d0ab5:c813, 90c45227-141f-43fe-b831-a2b91b39d6b0:c813]
2019-07-14 06:25:46,515 INFO  client.GrpcClientProtocolClient (GrpcClientProtocolClient.java:onNext(255)) - client-D2340BF4DD29->f9fecd82-c7ae-483e-b259-6428f2dfb240: receive RaftClientReply:client-D2340BF4DD29->f9fecd82-c7ae-483e-b259-6428f2dfb240@group-7DE138E597A5, cid=659, SUCCESS, logIndex=815, commits[f9fecd82-c7ae-483e-b259-6428f2dfb240:c817, adbfec77-7a0d-4773-aa56-ba0b778d0ab5:c813, 90c45227-141f-43fe-b831-a2b91b39d6b0:c813]
2019-07-14 06:25:46,515 INFO  client.GrpcClientProtocolClient (GrpcClientProtocolClient.java:onNext(255)) - client-D2340BF4DD29->f9fecd82-c7ae-483e-b259-6428f2dfb240: receive RaftClientReply:client-D2340BF4DD29->f9fecd82-c7ae-483e-b259-6428f2dfb240@group-7DE138E597A5, cid=660, SUCCESS, logIndex=816, commits[f9fecd82-c7ae-483e-b259-6428f2dfb240:c817, adbfec77-7a0d-4773-aa56-ba0b778d0ab5:c813, 90c45227-141f-43fe-b831-a2b91b39d6b0:c813]
2019-07-14 06:25:46,516 INFO  client.GrpcClientProtocolClient (GrpcClientProtocolClient.java:onNext(255)) - client-D2340BF4DD29->f9fecd82-c7ae-483e-b259-6428f2dfb240: receive RaftClientReply:client-D2340BF4DD29->f9fecd82-c7ae-483e-b259-6428f2dfb240@group-7DE138E597A5, cid=661, SUCCESS, logIndex=817, commits[f9fecd82-c7ae-483e-b259-6428f2dfb240:c817, adbfec77-7a0d-4773-aa56-ba0b778d0ab5:c813, 90c45227-141f-43fe-b831-a2b91b39d6b0:c813]
2019-07-14 06:25:46,527 INFO  client.GrpcClientProtocolClient (GrpcClientProtocolClient.java:onNext(255)) - client-D2340BF4DD29->f9fecd82-c7ae-483e-b259-6428f2dfb240: receive RaftClientReply:client-D2340BF4DD29->f9fecd82-c7ae-483e-b259-6428f2dfb240@group-7DE138E597A5, cid=662, SUCCESS, logIndex=0, commits[f9fecd82-c7ae-483e-b259-6428f2dfb240:c818, adbfec77-7a0d-4773-aa56-ba0b778d0ab5:c815, 90c45227-141f-43fe-b831-a2b91b39d6b0:c815]
2019-07-14 06:25:46,551 INFO  client.GrpcClientProtocolClient (GrpcClientProtocolClient.java:onNext(255)) - client-D2340BF4DD29->f9fecd82-c7ae-483e-b259-6428f2dfb240: receive RaftClientReply:client-D2340BF4DD29->f9fecd82-c7ae-483e-b259-6428f2dfb240@group-7DE138E597A5, cid=663, SUCCESS, logIndex=822, commits[f9fecd82-c7ae-483e-b259-6428f2dfb240:c823, adbfec77-7a0d-4773-aa56-ba0b778d0ab5:c818, 90c45227-141f-43fe-b831-a2b91b39d6b0:c818]
2019-07-14 06:25:46,560 INFO  client.GrpcClientProtocolClient (GrpcClientProtocolClient.java:onNext(255)) - client-D2340BF4DD29->f9fecd82-c7ae-483e-b259-6428f2dfb240: receive RaftClientReply:client-D2340BF4DD29->f9fecd82-c7ae-483e-b259-6428f2dfb240@group-7DE138E597A5, cid=664, SUCCESS, logIndex=823, commits[f9fecd82-c7ae-483e-b259-6428f2dfb240:c825, adbfec77-7a0d-4773-aa56-ba0b778d0ab5:c823, 90c45227-141f-43fe-b831-a2b91b39d6b0:c823]
2019-07-14 06:25:46,581 INFO  client.GrpcClientProtocolClient (GrpcClientProtocolClient.java:onNext(255)) - client-D2340BF4DD29->f9fecd82-c7ae-483e-b259-6428f2dfb240: receive RaftClientReply:client-D2340BF4DD29->f9fecd82-c7ae-483e-b259-6428f2dfb240@group-7DE138E597A5, cid=665, SUCCESS, logIndex=826, commits[f9fecd82-c7ae-483e-b259-6428f2dfb240:c827, adbfec77-7a0d-4773-aa56-ba0b778d0ab5:c825, 90c45227-141f-43fe-b831-a2b91b39d6b0:c825]
2019-07-14 06:25:46,581 INFO  client.GrpcClientProtocolClient (GrpcClientProtocolClient.java:onNext(255)) - client-D2340BF4DD29->f9fecd82-c7ae-483e-b259-6428f2dfb240: receive RaftClientReply:client-D2340BF4DD29->f9fecd82-c7ae-483e-b259-6428f2dfb240@group-7DE138E597A5, cid=666, SUCCESS, logIndex=827, commits[f9fecd82-c7ae-483e-b259-6428f2dfb240:c827, adbfec77-7a0d-4773-aa56-ba0b778d0ab5:c825, 90c45227-141f-43fe-b831-a2b91b39d6b0:c825]
2019-07-14 06:25:46,583 INFO  client.GrpcClientProtocolClient (GrpcClientProtocolClient.java:onNext(255)) - client-D2340BF4DD29->f9fecd82-c7ae-483e-b259-6428f2dfb240: receive RaftClientReply:client-D2340BF4DD29->f9fecd82-c7ae-483e-b259-6428f2dfb240@group-7DE138E597A5, cid=667, SUCCESS, logIndex=0, commits[f9fecd82-c7ae-483e-b259-6428f2dfb240:c828, adbfec77-7a0d-4773-aa56-ba0b778d0ab5:c827, 90c45227-141f-43fe-b831-a2b91b39d6b0:c827]
 0.00% |█                                                                                                    |  0/1 Time: 0:00:012019-07-14 06:25:46,619 INFO  client.GrpcClientProtocolClient (GrpcClientProtocolClient.java:onNext(255)) - client-D2340BF4DD29->f9fecd82-c7ae-483e-b259-6428f2dfb240: receive RaftClientReply:client-D2340BF4DD29->f9fecd82-c7ae-483e-b259-6428f2dfb240@group-7DE138E597A5, cid=668, SUCCESS, logIndex=830, commits[f9fecd82-c7ae-483e-b259-6428f2dfb240:c833, adbfec77-7a0d-4773-aa56-ba0b778d0ab5:c829, 90c45227-141f-43fe-b831-a2b91b39d6b0:c829]
2019-07-14 06:25:46,619 INFO  client.GrpcClientProtocolClient (GrpcClientProtocolClient.java:onNext(255)) - client-D2340BF4DD29->f9fecd82-c7ae-483e-b259-6428f2dfb240: receive RaftClientReply:client-D2340BF4DD29->f9fecd82-c7ae-483e-b259-6428f2dfb240@group-7DE138E597A5, cid=669, SUCCESS, logIndex=831, commits[f9fecd82-c7ae-483e-b259-6428f2dfb240:c833, adbfec77-7a0d-4773-aa56-ba0b778d0ab5:c829, 90c45227-141f-43fe-b831-a2b91b39d6b0:c829]
2019-07-14 06:25:46,620 INFO  client.GrpcClientProtocolClient (GrpcClientProtocolClient.java:onNext(255)) - client-D2340BF4DD29->f9fecd82-c7ae-483e-b259-6428f2dfb240: receive RaftClientReply:client-D2340BF4DD29->f9fecd82-c7ae-483e-b259-6428f2dfb240@group-7DE138E597A5, cid=670, SUCCESS, logIndex=832, commits[f9fecd82-c7ae-483e-b259-6428f2dfb240:c833, adbfec77-7a0d-4773-aa56-ba0b778d0ab5:c829, 90c45227-141f-43fe-b831-a2b91b39d6b0:c829]
2019-07-14 06:25:46,620 INFO  client.GrpcClientProtocolClient (GrpcClientProtocolClient.java:onNext(255)) - client-D2340BF4DD29->f9fecd82-c7ae-483e-b259-6428f2dfb240: receive RaftClientReply:client-D2340BF4DD29->f9fecd82-c7ae-483e-b259-6428f2dfb240@group-7DE138E597A5, cid=671, SUCCESS, logIndex=833, commits[f9fecd82-c7ae-483e-b259-6428f2dfb240:c833, adbfec77-7a0d-4773-aa56-ba0b778d0ab5:c829, 90c45227-141f-43fe-b831-a2b91b39d6b0:c829]
2019-07-14 06:25:46,627 INFO  client.GrpcClientProtocolClient (GrpcClientProtocolClient.java:onNext(255)) - client-D2340BF4DD29->f9fecd82-c7ae-483e-b259-6428f2dfb240: receive RaftClientReply:client-D2340BF4DD29->f9fecd82-c7ae-483e-b259-6428f2dfb240@group-7DE138E597A5, cid=672, SUCCESS, logIndex=0, commits[f9fecd82-c7ae-483e-b259-6428f2dfb240:c834, adbfec77-7a0d-4773-aa56-ba0b778d0ab5:c833, 90c45227-141f-43fe-b831-a2b91b39d6b0:c832]
2019-07-14 06:25:46,650 INFO  client.GrpcClientProtocolClient (GrpcClientProtocolClient.java:onNext(255)) - client-D2340BF4DD29->f9fecd82-c7ae-483e-b259-6428f2dfb240: receive RaftClientReply:client-D2340BF4DD29->f9fecd82-c7ae-483e-b259-6428f2dfb240@group-7DE138E597A5, cid=673, SUCCESS, logIndex=837, commits[f9fecd82-c7ae-483e-b259-6428f2dfb240:c838, adbfec77-7a0d-4773-aa56-ba0b778d0ab5:c836, 90c45227-141f-43fe-b831-a2b91b39d6b0:c836]
2019-07-14 06:25:46,650 INFO  client.GrpcClientProtocolClient (GrpcClientProtocolClient.java:onNext(255)) - client-D2340BF4DD29->f9fecd82-c7ae-483e-b259-6428f2dfb240: receive RaftClientReply:client-D2340BF4DD29->f9fecd82-c7ae-483e-b259-6428f2dfb240@group-7DE138E597A5, cid=674, SUCCESS, logIndex=838, commits[f9fecd82-c7ae-483e-b259-6428f2dfb240:c838, adbfec77-7a0d-4773-aa56-ba0b778d0ab5:c836, 90c45227-141f-43fe-b831-a2b91b39d6b0:c836]
2019-07-14 06:25:46,680 INFO  client.GrpcClientProtocolClient (GrpcClientProtocolClient.java:onNext(255)) - client-D2340BF4DD29->f9fecd82-c7ae-483e-b259-6428f2dfb240: receive RaftClientReply:client-D2340BF4DD29->f9fecd82-c7ae-483e-b259-6428f2dfb240@group-7DE138E597A5, cid=675, SUCCESS, logIndex=841, commits[f9fecd82-c7ae-483e-b259-6428f2dfb240:c842, adbfec77-7a0d-4773-aa56-ba0b778d0ab5:c838, 90c45227-141f-43fe-b831-a2b91b39d6b0:c838]
2019-07-14 06:25:46,680 INFO  client.GrpcClientProtocolClient (GrpcClientProtocolClient.java:onNext(255)) - client-D2340BF4DD29->f9fecd82-c7ae-483e-b259-6428f2dfb240: receive RaftClientReply:client-D2340BF4DD29->f9fecd82-c7ae-483e-b259-6428f2dfb240@group-7DE138E597A5, cid=676, SUCCESS, logIndex=842, commits[f9fecd82-c7ae-483e-b259-6428f2dfb240:c842, adbfec77-7a0d-4773-aa56-ba0b778d0ab5:c838, 90c45227-141f-43fe-b831-a2b91b39d6b0:c838]
2019-07-14 06:25:46,694 INFO  client.GrpcClientProtocolClient (GrpcClientProtocolClient.java:onNext(255)) - client-D2340BF4DD29->f9fecd82-c7ae-483e-b259-6428f2dfb240: receive RaftClientReply:client-D2340BF4DD29->f9fecd82-c7ae-483e-b259-6428f2dfb240@group-7DE138E597A5, cid=677, SUCCESS, logIndex=0, commits[f9fecd82-c7ae-483e-b259-6428f2dfb240:c844, adbfec77-7a0d-4773-aa56-ba0b778d0ab5:c842, 90c45227-141f-43fe-b831-a2b91b39d6b0:c842]
2019-07-14 06:25:46,718 INFO  client.GrpcClientProtocolClient (GrpcClientProtocolClient.java:onNext(255)) - client-D2340BF4DD29->f9fecd82-c7ae-483e-b259-6428f2dfb240: receive RaftClientReply:client-D2340BF4DD29->f9fecd82-c7ae-483e-b259-6428f2dfb240@group-7DE138E597A5, cid=678, SUCCESS, logIndex=845, commits[f9fecd82-c7ae-483e-b259-6428f2dfb240:c846, adbfec77-7a0d-4773-aa56-ba0b778d0ab5:c844, 90c45227-141f-43fe-b831-a2b91b39d6b0:c844]
2019-07-14 06:25:46,718 INFO  client.GrpcClientProtocolClient (GrpcClientProtocolClient.java:onNext(255)) - client-D2340BF4DD29->f9fecd82-c7ae-483e-b259-6428f2dfb240: receive RaftClientReply:client-D2340BF4DD29->f9fecd82-c7ae-483e-b259-6428f2dfb240@group-7DE138E597A5, cid=679, SUCCESS, logIndex=846, commits[f9fecd82-c7ae-483e-b259-6428f2dfb240:c846, adbfec77-7a0d-4773-aa56-ba0b778d0ab5:c844, 90c45227-141f-43fe-b831-a2b91b39d6b0:c844]
2019-07-14 06:25:46,729 INFO  client.GrpcClientProtocolClient (GrpcClientProtocolClient.java:onNext(255)) - client-D2340BF4DD29->f9fecd82-c7ae-483e-b259-6428f2dfb240: receive RaftClientReply:client-D2340BF4DD29->f9fecd82-c7ae-483e-b259-6428f2dfb240@group-7DE138E597A5, cid=680, SUCCESS, logIndex=847, commits[f9fecd82-c7ae-483e-b259-6428f2dfb240:c848, adbfec77-7a0d-4773-aa56-ba0b778d0ab5:c844, 90c45227-141f-43fe-b831-a2b91b39d6b0:c844]
2019-07-14 06:25:46,730 INFO  client.GrpcClientProtocolClient (GrpcClientProtocolClient.java:onNext(255)) - client-D2340BF4DD29->f9fecd82-c7ae-483e-b259-6428f2dfb240: receive RaftClientReply:client-D2340BF4DD29->f9fecd82-c7ae-483e-b259-6428f2dfb240@group-7DE138E597A5, cid=681, SUCCESS, logIndex=848, commits[f9fecd82-c7ae-483e-b259-6428f2dfb240:c848, adbfec77-7a0d-4773-aa56-ba0b778d0ab5:c844, 90c45227-141f-43fe-b831-a2b91b39d6b0:c844]
2019-07-14 06:25:46,732 INFO  client.GrpcClientProtocolClient (GrpcClientProtocolClient.java:onNext(255)) - client-D2340BF4DD29->f9fecd82-c7ae-483e-b259-6428f2dfb240: receive RaftClientReply:client-D2340BF4DD29->f9fecd82-c7ae-483e-b259-6428f2dfb240@group-7DE138E597A5, cid=682, SUCCESS, logIndex=0, commits[f9fecd82-c7ae-483e-b259-6428f2dfb240:c850, adbfec77-7a0d-4773-aa56-ba0b778d0ab5:c846, 90c45227-141f-43fe-b831-a2b91b39d6b0:c846]
2019-07-14 06:25:46,745 INFO  client.GrpcClientProtocolClient (GrpcClientProtocolClient.java:onNext(255)) - client-D2340BF4DD29->f9fecd82-c7ae-483e-b259-6428f2dfb240: receive RaftClientReply:client-D2340BF4DD29->f9fecd82-c7ae-483e-b259-6428f2dfb240@group-7DE138E597A5, cid=683, SUCCESS, logIndex=853, commits[f9fecd82-c7ae-483e-b259-6428f2dfb240:c854, adbfec77-7a0d-4773-aa56-ba0b778d0ab5:c850, 90c45227-141f-43fe-b831-a2b91b39d6b0:c848]
2019-07-14 06:25:46,745 INFO  client.GrpcClientProtocolClient (GrpcClientProtocolClient.java:onNext(255)) - client-D2340BF4DD29->f9fecd82-c7ae-483e-b259-6428f2dfb240: receive RaftClientReply:client-D2340BF4DD29->f9fecd82-c7ae-483e-b259-6428f2dfb240@group-7DE138E597A5, cid=684, SUCCESS, logIndex=854, commits[f9fecd82-c7ae-483e-b259-6428f2dfb240:c854, adbfec77-7a0d-4773-aa56-ba0b778d0ab5:c850, 90c45227-141f-43fe-b831-a2b91b39d6b0:c848]
2019-07-14 06:25:46,770 INFO  client.GrpcClientProtocolClient (GrpcClientProtocolClient.java:onNext(255)) - client-D2340BF4DD29->f9fecd82-c7ae-483e-b259-6428f2dfb240: receive RaftClientReply:client-D2340BF4DD29->f9fecd82-c7ae-483e-b259-6428f2dfb240@group-7DE138E597A5, cid=685, SUCCESS, logIndex=857, commits[f9fecd82-c7ae-483e-b259-6428f2dfb240:c858, adbfec77-7a0d-4773-aa56-ba0b778d0ab5:c854, 90c45227-141f-43fe-b831-a2b91b39d6b0:c854]
2019-07-14 06:25:46,771 INFO  client.GrpcClientProtocolClient (GrpcClientProtocolClient.java:onNext(255)) - client-D2340BF4DD29->f9fecd82-c7ae-483e-b259-6428f2dfb240: receive RaftClientReply:client-D2340BF4DD29->f9fecd82-c7ae-483e-b259-6428f2dfb240@group-7DE138E597A5, cid=686, SUCCESS, logIndex=858, commits[f9fecd82-c7ae-483e-b259-6428f2dfb240:c858, adbfec77-7a0d-4773-aa56-ba0b778d0ab5:c854, 90c45227-141f-43fe-b831-a2b91b39d6b0:c854]
2019-07-14 06:25:46,774 INFO  client.GrpcClientProtocolClient (GrpcClientProtocolClient.java:onNext(255)) - client-D2340BF4DD29->f9fecd82-c7ae-483e-b259-6428f2dfb240: receive RaftClientReply:client-D2340BF4DD29->f9fecd82-c7ae-483e-b259-6428f2dfb240@group-7DE138E597A5, cid=687, SUCCESS, logIndex=0, commits[f9fecd82-c7ae-483e-b259-6428f2dfb240:c860, adbfec77-7a0d-4773-aa56-ba0b778d0ab5:c858, 90c45227-141f-43fe-b831-a2b91b39d6b0:c858]
2019-07-14 06:25:46,790 INFO  client.GrpcClientProtocolClient (GrpcClientProtocolClient.java:onNext(255)) - client-D2340BF4DD29->f9fecd82-c7ae-483e-b259-6428f2dfb240: receive RaftClientReply:client-D2340BF4DD29->f9fecd82-c7ae-483e-b259-6428f2dfb240@group-7DE138E597A5, cid=688, SUCCESS, logIndex=861, commits[f9fecd82-c7ae-483e-b259-6428f2dfb240:c862, adbfec77-7a0d-4773-aa56-ba0b778d0ab5:c860, 90c45227-141f-43fe-b831-a2b91b39d6b0:c858]
2019-07-14 06:25:46,791 INFO  client.GrpcClientProtocolClient (GrpcClientProtocolClient.java:onNext(255)) - client-D2340BF4DD29->f9fecd82-c7ae-483e-b259-6428f2dfb240: receive RaftClientReply:client-D2340BF4DD29->f9fecd82-c7ae-483e-b259-6428f2dfb240@group-7DE138E597A5, cid=689, SUCCESS, logIndex=862, commits[f9fecd82-c7ae-483e-b259-6428f2dfb240:c862, adbfec77-7a0d-4773-aa56-ba0b778d0ab5:c860, 90c45227-141f-43fe-b831-a2b91b39d6b0:c860]
2019-07-14 06:25:46,794 INFO  client.GrpcClientProtocolClient (GrpcClientProtocolClient.java:onNext(255)) - client-D2340BF4DD29->f9fecd82-c7ae-483e-b259-6428f2dfb240: receive RaftClientReply:client-D2340BF4DD29->f9fecd82-c7ae-483e-b259-6428f2dfb240@group-7DE138E597A5, cid=690, SUCCESS, logIndex=863, commits[f9fecd82-c7ae-483e-b259-6428f2dfb240:c864, adbfec77-7a0d-4773-aa56-ba0b778d0ab5:c861, 90c45227-141f-43fe-b831-a2b91b39d6b0:c860]
2019-07-14 06:25:46,794 INFO  client.GrpcClientProtocolClient (GrpcClientProtocolClient.java:onNext(255)) - client-D2340BF4DD29->f9fecd82-c7ae-483e-b259-6428f2dfb240: receive RaftClientReply:client-D2340BF4DD29->f9fecd82-c7ae-483e-b259-6428f2dfb240@group-7DE138E597A5, cid=691, SUCCESS, logIndex=864, commits[f9fecd82-c7ae-483e-b259-6428f2dfb240:c866, adbfec77-7a0d-4773-aa56-ba0b778d0ab5:c862, 90c45227-141f-43fe-b831-a2b91b39d6b0:c861]
2019-07-14 06:25:46,795 INFO  client.GrpcClientProtocolClient (GrpcClientProtocolClient.java:onNext(255)) - client-D2340BF4DD29->f9fecd82-c7ae-483e-b259-6428f2dfb240: receive RaftClientReply:client-D2340BF4DD29->f9fecd82-c7ae-483e-b259-6428f2dfb240@group-7DE138E597A5, cid=692, SUCCESS, logIndex=0, commits[f9fecd82-c7ae-483e-b259-6428f2dfb240:c867, adbfec77-7a0d-4773-aa56-ba0b778d0ab5:c863, 90c45227-141f-43fe-b831-a2b91b39d6b0:c863]
2019-07-14 06:25:46,916 INFO  client.GrpcClientProtocolClient (GrpcClientProtocolClient.java:onNext(255)) - client-D2340BF4DD29->f9fecd82-c7ae-483e-b259-6428f2dfb240: receive RaftClientReply:client-D2340BF4DD29->f9fecd82-c7ae-483e-b259-6428f2dfb240@group-7DE138E597A5, cid=693, SUCCESS, logIndex=869, commits[f9fecd82-c7ae-483e-b259-6428f2dfb240:c870, adbfec77-7a0d-4773-aa56-ba0b778d0ab5:c868, 90c45227-141f-43fe-b831-a2b91b39d6b0:c868]
2019-07-14 06:25:46,916 INFO  client.GrpcClientProtocolClient (GrpcClientProtocolClient.java:onNext(255)) - client-D2340BF4DD29->f9fecd82-c7ae-483e-b259-6428f2dfb240: receive RaftClientReply:client-D2340BF4DD29->f9fecd82-c7ae-483e-b259-6428f2dfb240@group-7DE138E597A5, cid=694, SUCCESS, logIndex=870, commits[f9fecd82-c7ae-483e-b259-6428f2dfb240:c870, adbfec77-7a0d-4773-aa56-ba0b778d0ab5:c868, 90c45227-141f-43fe-b831-a2b91b39d6b0:c868]
2019-07-14 06:25:46,942 INFO  client.GrpcClientProtocolClient (GrpcClientProtocolClient.java:onNext(255)) - client-D2340BF4DD29->f9fecd82-c7ae-483e-b259-6428f2dfb240: receive RaftClientReply:client-D2340BF4DD29->f9fecd82-c7ae-483e-b259-6428f2dfb240@group-7DE138E597A5, cid=695, SUCCESS, logIndex=873, commits[f9fecd82-c7ae-483e-b259-6428f2dfb240:c874, adbfec77-7a0d-4773-aa56-ba0b778d0ab5:c870, 90c45227-141f-43fe-b831-a2b91b39d6b0:c870]
2019-07-14 06:25:46,943 INFO  client.GrpcClientProtocolClient (GrpcClientProtocolClient.java:onNext(255)) - client-D2340BF4DD29->f9fecd82-c7ae-483e-b259-6428f2dfb240: receive RaftClientReply:client-D2340BF4DD29->f9fecd82-c7ae-483e-b259-6428f2dfb240@group-7DE138E597A5, cid=696, SUCCESS, logIndex=874, commits[f9fecd82-c7ae-483e-b259-6428f2dfb240:c874, adbfec77-7a0d-4773-aa56-ba0b778d0ab5:c870, 90c45227-141f-43fe-b831-a2b91b39d6b0:c870]
2019-07-14 06:25:46,945 INFO  client.GrpcClientProtocolClient (GrpcClientProtocolClient.java:onNext(255)) - client-D2340BF4DD29->f9fecd82-c7ae-483e-b259-6428f2dfb240: receive RaftClientReply:client-D2340BF4DD29->f9fecd82-c7ae-483e-b259-6428f2dfb240@group-7DE138E597A5, cid=697, SUCCESS, logIndex=0, commits[f9fecd82-c7ae-483e-b259-6428f2dfb240:c876, adbfec77-7a0d-4773-aa56-ba0b778d0ab5:c874, 90c45227-141f-43fe-b831-a2b91b39d6b0:c874]
2019-07-14 06:25:46,973 INFO  client.GrpcClientProtocolClient (GrpcClientProtocolClient.java:onNext(255)) - client-D2340BF4DD29->f9fecd82-c7ae-483e-b259-6428f2dfb240: receive RaftClientReply:client-D2340BF4DD29->f9fecd82-c7ae-483e-b259-6428f2dfb240@group-7DE138E597A5, cid=698, SUCCESS, logIndex=877, commits[f9fecd82-c7ae-483e-b259-6428f2dfb240:c878, adbfec77-7a0d-4773-aa56-ba0b778d0ab5:c876, 90c45227-141f-43fe-b831-a2b91b39d6b0:c876]
2019-07-14 06:25:46,973 INFO  client.GrpcClientProtocolClient (GrpcClientProtocolClient.java:onNext(255)) - client-D2340BF4DD29->f9fecd82-c7ae-483e-b259-6428f2dfb240: receive RaftClientReply:client-D2340BF4DD29->f9fecd82-c7ae-483e-b259-6428f2dfb240@group-7DE138E597A5, cid=699, SUCCESS, logIndex=878, commits[f9fecd82-c7ae-483e-b259-6428f2dfb240:c880, adbfec77-7a0d-4773-aa56-ba0b778d0ab5:c876, 90c45227-141f-43fe-b831-a2b91b39d6b0:c876]
2019-07-14 06:25:46,974 INFO  client.GrpcClientProtocolClient (GrpcClientProtocolClient.java:onNext(255)) - client-D2340BF4DD29->f9fecd82-c7ae-483e-b259-6428f2dfb240: receive RaftClientReply:client-D2340BF4DD29->f9fecd82-c7ae-483e-b259-6428f2dfb240@group-7DE138E597A5, cid=700, SUCCESS, logIndex=879, commits[f9fecd82-c7ae-483e-b259-6428f2dfb240:c880, adbfec77-7a0d-4773-aa56-ba0b778d0ab5:c876, 90c45227-141f-43fe-b831-a2b91b39d6b0:c876]
2019-07-14 06:25:46,974 INFO  client.GrpcClientProtocolClient (GrpcClientProtocolClient.java:onNext(255)) - client-D2340BF4DD29->f9fecd82-c7ae-483e-b259-6428f2dfb240: receive RaftClientReply:client-D2340BF4DD29->f9fecd82-c7ae-483e-b259-6428f2dfb240@group-7DE138E597A5, cid=701, SUCCESS, logIndex=880, commits[f9fecd82-c7ae-483e-b259-6428f2dfb240:c880, adbfec77-7a0d-4773-aa56-ba0b778d0ab5:c876, 90c45227-141f-43fe-b831-a2b91b39d6b0:c876]
2019-07-14 06:25:46,987 INFO  client.GrpcClientProtocolClient (GrpcClientProtocolClient.java:onNext(255)) - client-D2340BF4DD29->f9fecd82-c7ae-483e-b259-6428f2dfb240: receive RaftClientReply:client-D2340BF4DD29->f9fecd82-c7ae-483e-b259-6428f2dfb240@group-7DE138E597A5, cid=702, SUCCESS, logIndex=0, commits[f9fecd82-c7ae-483e-b259-6428f2dfb240:c882, adbfec77-7a0d-4773-aa56-ba0b778d0ab5:c878, 90c45227-141f-43fe-b831-a2b91b39d6b0:c878]
2019-07-14 06:25:47,010 INFO  client.GrpcClientProtocolClient (GrpcClientProtocolClient.java:onNext(255)) - client-D2340BF4DD29->f9fecd82-c7ae-483e-b259-6428f2dfb240: receive RaftClientReply:client-D2340BF4DD29->f9fecd82-c7ae-483e-b259-6428f2dfb240@group-7DE138E597A5, cid=703, SUCCESS, logIndex=885, commits[f9fecd82-c7ae-483e-b259-6428f2dfb240:c886, adbfec77-7a0d-4773-aa56-ba0b778d0ab5:c884, 90c45227-141f-43fe-b831-a2b91b39d6b0:c884]
2019-07-14 06:25:47,010 INFO  client.GrpcClientProtocolClient (GrpcClientProtocolClient.java:onNext(255)) - client-D2340BF4DD29->f9fecd82-c7ae-483e-b259-6428f2dfb240: receive RaftClientReply:client-D2340BF4DD29->f9fecd82-c7ae-483e-b259-6428f2dfb240@group-7DE138E597A5, cid=704, SUCCESS, logIndex=886, commits[f9fecd82-c7ae-483e-b259-6428f2dfb240:c886, adbfec77-7a0d-4773-aa56-ba0b778d0ab5:c884, 90c45227-141f-43fe-b831-a2b91b39d6b0:c884]
2019-07-14 06:25:47,035 INFO  client.GrpcClientProtocolClient (GrpcClientProtocolClient.java:onNext(255)) - client-D2340BF4DD29->f9fecd82-c7ae-483e-b259-6428f2dfb240: receive RaftClientReply:client-D2340BF4DD29->f9fecd82-c7ae-483e-b259-6428f2dfb240@group-7DE138E597A5, cid=705, SUCCESS, logIndex=889, commits[f9fecd82-c7ae-483e-b259-6428f2dfb240:c890, adbfec77-7a0d-4773-aa56-ba0b778d0ab5:c886, 90c45227-141f-43fe-b831-a2b91b39d6b0:c886]
2019-07-14 06:25:47,036 INFO  client.GrpcClientProtocolClient (GrpcClientProtocolClient.java:onNext(255)) - client-D2340BF4DD29->f9fecd82-c7ae-483e-b259-6428f2dfb240: receive RaftClientReply:client-D2340BF4DD29->f9fecd82-c7ae-483e-b259-6428f2dfb240@group-7DE138E597A5, cid=706, SUCCESS, logIndex=890, commits[f9fecd82-c7ae-483e-b259-6428f2dfb240:c890, adbfec77-7a0d-4773-aa56-ba0b778d0ab5:c886, 90c45227-141f-43fe-b831-a2b91b39d6b0:c886]
2019-07-14 06:25:47,047 INFO  client.GrpcClientProtocolClient (GrpcClientProtocolClient.java:onNext(255)) - client-D2340BF4DD29->f9fecd82-c7ae-483e-b259-6428f2dfb240: receive RaftClientReply:client-D2340BF4DD29->f9fecd82-c7ae-483e-b259-6428f2dfb240@group-7DE138E597A5, cid=707, SUCCESS, logIndex=0, commits[f9fecd82-c7ae-483e-b259-6428f2dfb240:c891, adbfec77-7a0d-4773-aa56-ba0b778d0ab5:c890, 90c45227-141f-43fe-b831-a2b91b39d6b0:c890]
2019-07-14 06:25:47,069 INFO  client.GrpcClientProtocolClient (GrpcClientProtocolClient.java:onNext(255)) - client-D2340BF4DD29->f9fecd82-c7ae-483e-b259-6428f2dfb240: receive RaftClientReply:client-D2340BF4DD29->f9fecd82-c7ae-483e-b259-6428f2dfb240@group-7DE138E597A5, cid=708, SUCCESS, logIndex=893, commits[f9fecd82-c7ae-483e-b259-6428f2dfb240:c894, adbfec77-7a0d-4773-aa56-ba0b778d0ab5:c892, 90c45227-141f-43fe-b831-a2b91b39d6b0:c892]
2019-07-14 06:25:47,070 INFO  client.GrpcClientProtocolClient (GrpcClientProtocolClient.java:onNext(255)) - client-D2340BF4DD29->f9fecd82-c7ae-483e-b259-6428f2dfb240: receive RaftClientReply:client-D2340BF4DD29->f9fecd82-c7ae-483e-b259-6428f2dfb240@group-7DE138E597A5, cid=709, SUCCESS, logIndex=894, commits[f9fecd82-c7ae-483e-b259-6428f2dfb240:c896, adbfec77-7a0d-4773-aa56-ba0b778d0ab5:c892, 90c45227-141f-43fe-b831-a2b91b39d6b0:c892]
2019-07-14 06:25:47,070 INFO  client.GrpcClientProtocolClient (GrpcClientProtocolClient.java:onNext(255)) - client-D2340BF4DD29->f9fecd82-c7ae-483e-b259-6428f2dfb240: receive RaftClientReply:client-D2340BF4DD29->f9fecd82-c7ae-483e-b259-6428f2dfb240@group-7DE138E597A5, cid=710, SUCCESS, logIndex=895, commits[f9fecd82-c7ae-483e-b259-6428f2dfb240:c896, adbfec77-7a0d-4773-aa56-ba0b778d0ab5:c892, 90c45227-141f-43fe-b831-a2b91b39d6b0:c892]
2019-07-14 06:25:47,071 INFO  client.GrpcClientProtocolClient (GrpcClientProtocolClient.java:onNext(255)) - client-D2340BF4DD29->f9fecd82-c7ae-483e-b259-6428f2dfb240: receive RaftClientReply:client-D2340BF4DD29->f9fecd82-c7ae-483e-b259-6428f2dfb240@group-7DE138E597A5, cid=711, SUCCESS, logIndex=896, commits[f9fecd82-c7ae-483e-b259-6428f2dfb240:c896, adbfec77-7a0d-4773-aa56-ba0b778d0ab5:c892, 90c45227-141f-43fe-b831-a2b91b39d6b0:c892]
2019-07-14 06:25:47,083 INFO  client.GrpcClientProtocolClient (GrpcClientProtocolClient.java:onNext(255)) - client-D2340BF4DD29->f9fecd82-c7ae-483e-b259-6428f2dfb240: receive RaftClientReply:client-D2340BF4DD29->f9fecd82-c7ae-483e-b259-6428f2dfb240@group-7DE138E597A5, cid=712, SUCCESS, logIndex=0, commits[f9fecd82-c7ae-483e-b259-6428f2dfb240:c897, adbfec77-7a0d-4773-aa56-ba0b778d0ab5:c894, 90c45227-141f-43fe-b831-a2b91b39d6b0:c894]
2019-07-14 06:25:47,097 INFO  client.GrpcClientProtocolClient (GrpcClientProtocolClient.java:onNext(255)) - client-D2340BF4DD29->f9fecd82-c7ae-483e-b259-6428f2dfb240: receive RaftClientReply:client-D2340BF4DD29->f9fecd82-c7ae-483e-b259-6428f2dfb240@group-7DE138E597A5, cid=713, SUCCESS, logIndex=900, commits[f9fecd82-c7ae-483e-b259-6428f2dfb240:c901, adbfec77-7a0d-4773-aa56-ba0b778d0ab5:c896, 90c45227-141f-43fe-b831-a2b91b39d6b0:c899]
2019-07-14 06:25:47,097 INFO  client.GrpcClientProtocolClient (GrpcClientProtocolClient.java:onNext(255)) - client-D2340BF4DD29->f9fecd82-c7ae-483e-b259-6428f2dfb240: receive RaftClientReply:client-D2340BF4DD29->f9fecd82-c7ae-483e-b259-6428f2dfb240@group-7DE138E597A5, cid=714, SUCCESS, logIndex=901, commits[f9fecd82-c7ae-483e-b259-6428f2dfb240:c901, adbfec77-7a0d-4773-aa56-ba0b778d0ab5:c899, 90c45227-141f-43fe-b831-a2b91b39d6b0:c899]
2019-07-14 06:25:47,110 INFO  client.GrpcClientProtocolClient (GrpcClientProtocolClient.java:onNext(255)) - client-D2340BF4DD29->f9fecd82-c7ae-483e-b259-6428f2dfb240: receive RaftClientReply:client-D2340BF4DD29->f9fecd82-c7ae-483e-b259-6428f2dfb240@group-7DE138E597A5, cid=715, SUCCESS, logIndex=904, commits[f9fecd82-c7ae-483e-b259-6428f2dfb240:c905, adbfec77-7a0d-4773-aa56-ba0b778d0ab5:c901, 90c45227-141f-43fe-b831-a2b91b39d6b0:c903]
2019-07-14 06:25:47,111 INFO  client.GrpcClientProtocolClient (GrpcClientProtocolClient.java:onNext(255)) - client-D2340BF4DD29->f9fecd82-c7ae-483e-b259-6428f2dfb240: receive RaftClientReply:client-D2340BF4DD29->f9fecd82-c7ae-483e-b259-6428f2dfb240@group-7DE138E597A5, cid=716, SUCCESS, logIndex=905, commits[f9fecd82-c7ae-483e-b259-6428f2dfb240:c905, adbfec77-7a0d-4773-aa56-ba0b778d0ab5:c903, 90c45227-141f-43fe-b831-a2b91b39d6b0:c903]
2019-07-14 06:25:47,115 INFO  client.GrpcClientProtocolClient (GrpcClientProtocolClient.java:onNext(255)) - client-D2340BF4DD29->f9fecd82-c7ae-483e-b259-6428f2dfb240: receive RaftClientReply:client-D2340BF4DD29->f9fecd82-c7ae-483e-b259-6428f2dfb240@group-7DE138E597A5, cid=717, SUCCESS, logIndex=0, commits[f9fecd82-c7ae-483e-b259-6428f2dfb240:c907, adbfec77-7a0d-4773-aa56-ba0b778d0ab5:c905, 90c45227-141f-43fe-b831-a2b91b39d6b0:c905]
2019-07-14 06:25:47,131 INFO  client.GrpcClientProtocolClient (GrpcClientProtocolClient.java:onNext(255)) - client-D2340BF4DD29->f9fecd82-c7ae-483e-b259-6428f2dfb240: receive RaftClientReply:client-D2340BF4DD29->f9fecd82-c7ae-483e-b259-6428f2dfb240@group-7DE138E597A5, cid=718, SUCCESS, logIndex=908, commits[f9fecd82-c7ae-483e-b259-6428f2dfb240:c910, adbfec77-7a0d-4773-aa56-ba0b778d0ab5:c905, 90c45227-141f-43fe-b831-a2b91b39d6b0:c907]
2019-07-14 06:25:47,132 INFO  client.GrpcClientProtocolClient (GrpcClientProtocolClient.java:onNext(255)) - client-D2340BF4DD29->f9fecd82-c7ae-483e-b259-6428f2dfb240: receive RaftClientReply:client-D2340BF4DD29->f9fecd82-c7ae-483e-b259-6428f2dfb240@group-7DE138E597A5, cid=719, SUCCESS, logIndex=909, commits[f9fecd82-c7ae-483e-b259-6428f2dfb240:c911, adbfec77-7a0d-4773-aa56-ba0b778d0ab5:c905, 90c45227-141f-43fe-b831-a2b91b39d6b0:c907]
2019-07-14 06:25:47,132 INFO  client.GrpcClientProtocolClient (GrpcClientProtocolClient.java:onNext(255)) - client-D2340BF4DD29->f9fecd82-c7ae-483e-b259-6428f2dfb240: receive RaftClientReply:client-D2340BF4DD29->f9fecd82-c7ae-483e-b259-6428f2dfb240@group-7DE138E597A5, cid=720, SUCCESS, logIndex=910, commits[f9fecd82-c7ae-483e-b259-6428f2dfb240:c911, adbfec77-7a0d-4773-aa56-ba0b778d0ab5:c905, 90c45227-141f-43fe-b831-a2b91b39d6b0:c907]
2019-07-14 06:25:47,133 INFO  client.GrpcClientProtocolClient (GrpcClientProtocolClient.java:onNext(255)) - client-D2340BF4DD29->f9fecd82-c7ae-483e-b259-6428f2dfb240: receive RaftClientReply:client-D2340BF4DD29->f9fecd82-c7ae-483e-b259-6428f2dfb240@group-7DE138E597A5, cid=721, SUCCESS, logIndex=911, commits[f9fecd82-c7ae-483e-b259-6428f2dfb240:c911, adbfec77-7a0d-4773-aa56-ba0b778d0ab5:c907, 90c45227-141f-43fe-b831-a2b91b39d6b0:c907]
2019-07-14 06:25:47,134 INFO  client.GrpcClientProtocolClient (GrpcClientProtocolClient.java:onNext(255)) - client-D2340BF4DD29->f9fecd82-c7ae-483e-b259-6428f2dfb240: receive RaftClientReply:client-D2340BF4DD29->f9fecd82-c7ae-483e-b259-6428f2dfb240@group-7DE138E597A5, cid=722, SUCCESS, logIndex=0, commits[f9fecd82-c7ae-483e-b259-6428f2dfb240:c913, adbfec77-7a0d-4773-aa56-ba0b778d0ab5:c909, 90c45227-141f-43fe-b831-a2b91b39d6b0:c909]
2019-07-14 06:25:47,158 INFO  client.GrpcClientProtocolClient (GrpcClientProtocolClient.java:onNext(255)) - client-D2340BF4DD29->f9fecd82-c7ae-483e-b259-6428f2dfb240: receive RaftClientReply:client-D2340BF4DD29->f9fecd82-c7ae-483e-b259-6428f2dfb240@group-7DE138E597A5, cid=723, SUCCESS, logIndex=916, commits[f9fecd82-c7ae-483e-b259-6428f2dfb240:c917, adbfec77-7a0d-4773-aa56-ba0b778d0ab5:c915, 90c45227-141f-43fe-b831-a2b91b39d6b0:c915]
2019-07-14 06:25:47,158 INFO  client.GrpcClientProtocolClient (GrpcClientProtocolClient.java:onNext(255)) - client-D2340BF4DD29->f9fecd82-c7ae-483e-b259-6428f2dfb240: receive RaftClientReply:client-D2340BF4DD29->f9fecd82-c7ae-483e-b259-6428f2dfb240@group-7DE138E597A5, cid=724, SUCCESS, logIndex=917, commits[f9fecd82-c7ae-483e-b259-6428f2dfb240:c917, adbfec77-7a0d-4773-aa56-ba0b778d0ab5:c915, 90c45227-141f-43fe-b831-a2b91b39d6b0:c915]
2019-07-14 06:25:47,172 INFO  client.GrpcClientProtocolClient (GrpcClientProtocolClient.java:onNext(255)) - client-D2340BF4DD29->f9fecd82-c7ae-483e-b259-6428f2dfb240: receive RaftClientReply:client-D2340BF4DD29->f9fecd82-c7ae-483e-b259-6428f2dfb240@group-7DE138E597A5, cid=725, SUCCESS, logIndex=920, commits[f9fecd82-c7ae-483e-b259-6428f2dfb240:c921, adbfec77-7a0d-4773-aa56-ba0b778d0ab5:c917, 90c45227-141f-43fe-b831-a2b91b39d6b0:c917]
2019-07-14 06:25:47,173 INFO  client.GrpcClientProtocolClient (GrpcClientProtocolClient.java:onNext(255)) - client-D2340BF4DD29->f9fecd82-c7ae-483e-b259-6428f2dfb240: receive RaftClientReply:client-D2340BF4DD29->f9fecd82-c7ae-483e-b259-6428f2dfb240@group-7DE138E597A5, cid=726, SUCCESS, logIndex=921, commits[f9fecd82-c7ae-483e-b259-6428f2dfb240:c921, adbfec77-7a0d-4773-aa56-ba0b778d0ab5:c917, 90c45227-141f-43fe-b831-a2b91b39d6b0:c917]
2019-07-14 06:25:47,186 INFO  client.GrpcClientProtocolClient (GrpcClientProtocolClient.java:onNext(255)) - client-D2340BF4DD29->f9fecd82-c7ae-483e-b259-6428f2dfb240: receive RaftClientReply:client-D2340BF4DD29->f9fecd82-c7ae-483e-b259-6428f2dfb240@group-7DE138E597A5, cid=727, SUCCESS, logIndex=0, commits[f9fecd82-c7ae-483e-b259-6428f2dfb240:c922, adbfec77-7a0d-4773-aa56-ba0b778d0ab5:c921, 90c45227-141f-43fe-b831-a2b91b39d6b0:c921]
2019-07-14 06:25:47,225 INFO  client.GrpcClientProtocolClient (GrpcClientProtocolClient.java:onNext(255)) - client-D2340BF4DD29->f9fecd82-c7ae-483e-b259-6428f2dfb240: receive RaftClientReply:client-D2340BF4DD29->f9fecd82-c7ae-483e-b259-6428f2dfb240@group-7DE138E597A5, cid=728, SUCCESS, logIndex=924, commits[f9fecd82-c7ae-483e-b259-6428f2dfb240:c925, adbfec77-7a0d-4773-aa56-ba0b778d0ab5:c923, 90c45227-141f-43fe-b831-a2b91b39d6b0:c923]
2019-07-14 06:25:47,226 INFO  client.GrpcClientProtocolClient (GrpcClientProtocolClient.java:onNext(255)) - client-D2340BF4DD29->f9fecd82-c7ae-483e-b259-6428f2dfb240: receive RaftClientReply:client-D2340BF4DD29->f9fecd82-c7ae-483e-b259-6428f2dfb240@group-7DE138E597A5, cid=729, SUCCESS, logIndex=925, commits[f9fecd82-c7ae-483e-b259-6428f2dfb240:c927, adbfec77-7a0d-4773-aa56-ba0b778d0ab5:c923, 90c45227-141f-43fe-b831-a2b91b39d6b0:c923]
2019-07-14 06:25:47,226 INFO  client.GrpcClientProtocolClient (GrpcClientProtocolClient.java:onNext(255)) - client-D2340BF4DD29->f9fecd82-c7ae-483e-b259-6428f2dfb240: receive RaftClientReply:client-D2340BF4DD29->f9fecd82-c7ae-483e-b259-6428f2dfb240@group-7DE138E597A5, cid=730, SUCCESS, logIndex=926, commits[f9fecd82-c7ae-483e-b259-6428f2dfb240:c927, adbfec77-7a0d-4773-aa56-ba0b778d0ab5:c923, 90c45227-141f-43fe-b831-a2b91b39d6b0:c923]
2019-07-14 06:25:47,227 INFO  client.GrpcClientProtocolClient (GrpcClientProtocolClient.java:onNext(255)) - client-D2340BF4DD29->f9fecd82-c7ae-483e-b259-6428f2dfb240: receive RaftClientReply:client-D2340BF4DD29->f9fecd82-c7ae-483e-b259-6428f2dfb240@group-7DE138E597A5, cid=731, SUCCESS, logIndex=927, commits[f9fecd82-c7ae-483e-b259-6428f2dfb240:c927, adbfec77-7a0d-4773-aa56-ba0b778d0ab5:c923, 90c45227-141f-43fe-b831-a2b91b39d6b0:c923]
2019-07-14 06:25:47,238 INFO  client.GrpcClientProtocolClient (GrpcClientProtocolClient.java:onNext(255)) - client-D2340BF4DD29->f9fecd82-c7ae-483e-b259-6428f2dfb240: receive RaftClientReply:client-D2340BF4DD29->f9fecd82-c7ae-483e-b259-6428f2dfb240@group-7DE138E597A5, cid=732, SUCCESS, logIndex=0, commits[f9fecd82-c7ae-483e-b259-6428f2dfb240:c928, adbfec77-7a0d-4773-aa56-ba0b778d0ab5:c925, 90c45227-141f-43fe-b831-a2b91b39d6b0:c925]
2019-07-14 06:25:47,264 INFO  client.GrpcClientProtocolClient (GrpcClientProtocolClient.java:onNext(255)) - client-D2340BF4DD29->f9fecd82-c7ae-483e-b259-6428f2dfb240: receive RaftClientReply:client-D2340BF4DD29->f9fecd82-c7ae-483e-b259-6428f2dfb240@group-7DE138E597A5, cid=733, SUCCESS, logIndex=932, commits[f9fecd82-c7ae-483e-b259-6428f2dfb240:c933, adbfec77-7a0d-4773-aa56-ba0b778d0ab5:c928, 90c45227-141f-43fe-b831-a2b91b39d6b0:c928]
2019-07-14 06:25:47,265 INFO  client.GrpcClientProtocolClient (GrpcClientProtocolClient.java:onNext(255)) - client-D2340BF4DD29->f9fecd82-c7ae-483e-b259-6428f2dfb240: receive RaftClientReply:client-D2340BF4DD29->f9fecd82-c7ae-483e-b259-6428f2dfb240@group-7DE138E597A5, cid=734, SUCCESS, logIndex=933, commits[f9fecd82-c7ae-483e-b259-6428f2dfb240:c933, adbfec77-7a0d-4773-aa56-ba0b778d0ab5:c928, 90c45227-141f-43fe-b831-a2b91b39d6b0:c928]
2019-07-14 06:25:47,290 INFO  client.GrpcClientProtocolClient (GrpcClientProtocolClient.java:onNext(255)) - client-D2340BF4DD29->f9fecd82-c7ae-483e-b259-6428f2dfb240: receive RaftClientReply:client-D2340BF4DD29->f9fecd82-c7ae-483e-b259-6428f2dfb240@group-7DE138E597A5, cid=735, SUCCESS, logIndex=935, commits[f9fecd82-c7ae-483e-b259-6428f2dfb240:c936, adbfec77-7a0d-4773-aa56-ba0b778d0ab5:c933, 90c45227-141f-43fe-b831-a2b91b39d6b0:c933]
2019-07-14 06:25:47,291 INFO  client.GrpcClientProtocolClient (GrpcClientProtocolClient.java:onNext(255)) - client-D2340BF4DD29->f9fecd82-c7ae-483e-b259-6428f2dfb240: receive RaftClientReply:client-D2340BF4DD29->f9fecd82-c7ae-483e-b259-6428f2dfb240@group-7DE138E597A5, cid=736, SUCCESS, logIndex=936, commits[f9fecd82-c7ae-483e-b259-6428f2dfb240:c936, adbfec77-7a0d-4773-aa56-ba0b778d0ab5:c933, 90c45227-141f-43fe-b831-a2b91b39d6b0:c933]
2019-07-14 06:25:47,293 INFO  client.GrpcClientProtocolClient (GrpcClientProtocolClient.java:onNext(255)) - client-D2340BF4DD29->f9fecd82-c7ae-483e-b259-6428f2dfb240: receive RaftClientReply:client-D2340BF4DD29->f9fecd82-c7ae-483e-b259-6428f2dfb240@group-7DE138E597A5, cid=737, SUCCESS, logIndex=0, commits[f9fecd82-c7ae-483e-b259-6428f2dfb240:c938, adbfec77-7a0d-4773-aa56-ba0b778d0ab5:c936, 90c45227-141f-43fe-b831-a2b91b39d6b0:c936]
2019-07-14 06:25:47,317 INFO  client.GrpcClientProtocolClient (GrpcClientProtocolClient.java:onNext(255)) - client-D2340BF4DD29->f9fecd82-c7ae-483e-b259-6428f2dfb240: receive RaftClientReply:client-D2340BF4DD29->f9fecd82-c7ae-483e-b259-6428f2dfb240@group-7DE138E597A5, cid=738, SUCCESS, logIndex=939, commits[f9fecd82-c7ae-483e-b259-6428f2dfb240:c940, adbfec77-7a0d-4773-aa56-ba0b778d0ab5:c938, 90c45227-141f-43fe-b831-a2b91b39d6b0:c938]
2019-07-14 06:25:47,318 INFO  client.GrpcClientProtocolClient (GrpcClientProtocolClient.java:onNext(255)) - client-D2340BF4DD29->f9fecd82-c7ae-483e-b259-6428f2dfb240: receive RaftClientReply:client-D2340BF4DD29->f9fecd82-c7ae-483e-b259-6428f2dfb240@group-7DE138E597A5, cid=739, SUCCESS, logIndex=940, commits[f9fecd82-c7ae-483e-b259-6428f2dfb240:c940, adbfec77-7a0d-4773-aa56-ba0b778d0ab5:c938, 90c45227-141f-43fe-b831-a2b91b39d6b0:c938]
2019-07-14 06:25:47,328 INFO  client.GrpcClientProtocolClient (GrpcClientProtocolClient.java:onNext(255)) - client-D2340BF4DD29->f9fecd82-c7ae-483e-b259-6428f2dfb240: receive RaftClientReply:client-D2340BF4DD29->f9fecd82-c7ae-483e-b259-6428f2dfb240@group-7DE138E597A5, cid=740, SUCCESS, logIndex=941, commits[f9fecd82-c7ae-483e-b259-6428f2dfb240:c942, adbfec77-7a0d-4773-aa56-ba0b778d0ab5:c938, 90c45227-141f-43fe-b831-a2b91b39d6b0:c938]
2019-07-14 06:25:47,329 INFO  client.GrpcClientProtocolClient (GrpcClientProtocolClient.java:onNext(255)) - client-D2340BF4DD29->f9fecd82-c7ae-483e-b259-6428f2dfb240: receive RaftClientReply:client-D2340BF4DD29->f9fecd82-c7ae-483e-b259-6428f2dfb240@group-7DE138E597A5, cid=741, SUCCESS, logIndex=942, commits[f9fecd82-c7ae-483e-b259-6428f2dfb240:c942, adbfec77-7a0d-4773-aa56-ba0b778d0ab5:c938, 90c45227-141f-43fe-b831-a2b91b39d6b0:c938]
2019-07-14 06:25:47,331 INFO  client.GrpcClientProtocolClient (GrpcClientProtocolClient.java:onNext(255)) - client-D2340BF4DD29->f9fecd82-c7ae-483e-b259-6428f2dfb240: receive RaftClientReply:client-D2340BF4DD29->f9fecd82-c7ae-483e-b259-6428f2dfb240@group-7DE138E597A5, cid=742, SUCCESS, logIndex=0, commits[f9fecd82-c7ae-483e-b259-6428f2dfb240:c944, adbfec77-7a0d-4773-aa56-ba0b778d0ab5:c940, 90c45227-141f-43fe-b831-a2b91b39d6b0:c940]
2019-07-14 06:25:47,355 INFO  client.GrpcClientProtocolClient (GrpcClientProtocolClient.java:onNext(255)) - client-D2340BF4DD29->f9fecd82-c7ae-483e-b259-6428f2dfb240: receive RaftClientReply:client-D2340BF4DD29->f9fecd82-c7ae-483e-b259-6428f2dfb240@group-7DE138E597A5, cid=743, SUCCESS, logIndex=947, commits[f9fecd82-c7ae-483e-b259-6428f2dfb240:c948, adbfec77-7a0d-4773-aa56-ba0b778d0ab5:c944, 90c45227-141f-43fe-b831-a2b91b39d6b0:c944]
2019-07-14 06:25:47,355 INFO  client.GrpcClientProtocolClient (GrpcClientProtocolClient.java:onNext(255)) - client-D2340BF4DD29->f9fecd82-c7ae-483e-b259-6428f2dfb240: receive RaftClientReply:client-D2340BF4DD29->f9fecd82-c7ae-483e-b259-6428f2dfb240@group-7DE138E597A5, cid=744, SUCCESS, logIndex=948, commits[f9fecd82-c7ae-483e-b259-6428f2dfb240:c948, adbfec77-7a0d-4773-aa56-ba0b778d0ab5:c944, 90c45227-141f-43fe-b831-a2b91b39d6b0:c944]
2019-07-14 06:25:47,369 INFO  client.GrpcClientProtocolClient (GrpcClientProtocolClient.java:onNext(255)) - client-D2340BF4DD29->f9fecd82-c7ae-483e-b259-6428f2dfb240: receive RaftClientReply:client-D2340BF4DD29->f9fecd82-c7ae-483e-b259-6428f2dfb240@group-7DE138E597A5, cid=745, SUCCESS, logIndex=951, commits[f9fecd82-c7ae-483e-b259-6428f2dfb240:c952, adbfec77-7a0d-4773-aa56-ba0b778d0ab5:c948, 90c45227-141f-43fe-b831-a2b91b39d6b0:c950]
2019-07-14 06:25:47,369 INFO  client.GrpcClientProtocolClient (GrpcClientProtocolClient.java:onNext(255)) - client-D2340BF4DD29->f9fecd82-c7ae-483e-b259-6428f2dfb240: receive RaftClientReply:client-D2340BF4DD29->f9fecd82-c7ae-483e-b259-6428f2dfb240@group-7DE138E597A5, cid=746, SUCCESS, logIndex=952, commits[f9fecd82-c7ae-483e-b259-6428f2dfb240:c952, adbfec77-7a0d-4773-aa56-ba0b778d0ab5:c950, 90c45227-141f-43fe-b831-a2b91b39d6b0:c950]
2019-07-14 06:25:47,371 INFO  client.GrpcClientProtocolClient (GrpcClientProtocolClient.java:onNext(255)) - client-D2340BF4DD29->f9fecd82-c7ae-483e-b259-6428f2dfb240: receive RaftClientReply:client-D2340BF4DD29->f9fecd82-c7ae-483e-b259-6428f2dfb240@group-7DE138E597A5, cid=747, SUCCESS, logIndex=0, commits[f9fecd82-c7ae-483e-b259-6428f2dfb240:c953, adbfec77-7a0d-4773-aa56-ba0b778d0ab5:c952, 90c45227-141f-43fe-b831-a2b91b39d6b0:c952]
2019-07-14 06:25:47,407 INFO  client.GrpcClientProtocolClient (GrpcClientProtocolClient.java:onNext(255)) - client-D2340BF4DD29->f9fecd82-c7ae-483e-b259-6428f2dfb240: receive RaftClientReply:client-D2340BF4DD29->f9fecd82-c7ae-483e-b259-6428f2dfb240@group-7DE138E597A5, cid=748, SUCCESS, logIndex=955, commits[f9fecd82-c7ae-483e-b259-6428f2dfb240:c956, adbfec77-7a0d-4773-aa56-ba0b778d0ab5:c954, 90c45227-141f-43fe-b831-a2b91b39d6b0:c954]
2019-07-14 06:25:47,407 INFO  client.GrpcClientProtocolClient (GrpcClientProtocolClient.java:onNext(255)) - client-D2340BF4DD29->f9fecd82-c7ae-483e-b259-6428f2dfb240: receive RaftClientReply:client-D2340BF4DD29->f9fecd82-c7ae-483e-b259-6428f2dfb240@group-7DE138E597A5, cid=749, SUCCESS, logIndex=956, commits[f9fecd82-c7ae-483e-b259-6428f2dfb240:c956, adbfec77-7a0d-4773-aa56-ba0b778d0ab5:c954, 90c45227-141f-43fe-b831-a2b91b39d6b0:c954]
2019-07-14 06:25:47,419 INFO  client.GrpcClientProtocolClient (GrpcClientProtocolClient.java:onNext(255)) - client-D2340BF4DD29->f9fecd82-c7ae-483e-b259-6428f2dfb240: receive RaftClientReply:client-D2340BF4DD29->f9fecd82-c7ae-483e-b259-6428f2dfb240@group-7DE138E597A5, cid=750, SUCCESS, logIndex=957, commits[f9fecd82-c7ae-483e-b259-6428f2dfb240:c958, adbfec77-7a0d-4773-aa56-ba0b778d0ab5:c954, 90c45227-141f-43fe-b831-a2b91b39d6b0:c954]
2019-07-14 06:25:47,419 INFO  client.GrpcClientProtocolClient (GrpcClientProtocolClient.java:onNext(255)) - client-D2340BF4DD29->f9fecd82-c7ae-483e-b259-6428f2dfb240: receive RaftClientReply:client-D2340BF4DD29->f9fecd82-c7ae-483e-b259-6428f2dfb240@group-7DE138E597A5, cid=751, SUCCESS, logIndex=958, commits[f9fecd82-c7ae-483e-b259-6428f2dfb240:c958, adbfec77-7a0d-4773-aa56-ba0b778d0ab5:c955, 90c45227-141f-43fe-b831-a2b91b39d6b0:c954]
2019-07-14 06:25:47,421 INFO  client.GrpcClientProtocolClient (GrpcClientProtocolClient.java:onNext(255)) - client-D2340BF4DD29->f9fecd82-c7ae-483e-b259-6428f2dfb240: receive RaftClientReply:client-D2340BF4DD29->f9fecd82-c7ae-483e-b259-6428f2dfb240@group-7DE138E597A5, cid=752, SUCCESS, logIndex=0, commits[f9fecd82-c7ae-483e-b259-6428f2dfb240:c960, adbfec77-7a0d-4773-aa56-ba0b778d0ab5:c956, 90c45227-141f-43fe-b831-a2b91b39d6b0:c956]
2019-07-14 06:25:47,448 INFO  client.GrpcClientProtocolClient (GrpcClientProtocolClient.java:onNext(255)) - client-D2340BF4DD29->f9fecd82-c7ae-483e-b259-6428f2dfb240: receive RaftClientReply:client-D2340BF4DD29->f9fecd82-c7ae-483e-b259-6428f2dfb240@group-7DE138E597A5, cid=753, SUCCESS, logIndex=963, commits[f9fecd82-c7ae-483e-b259-6428f2dfb240:c964, adbfec77-7a0d-4773-aa56-ba0b778d0ab5:c960, 90c45227-141f-43fe-b831-a2b91b39d6b0:c960]
2019-07-14 06:25:47,449 INFO  client.GrpcClientProtocolClient (GrpcClientProtocolClient.java:onNext(255)) - client-D2340BF4DD29->f9fecd82-c7ae-483e-b259-6428f2dfb240: receive RaftClientReply:client-D2340BF4DD29->f9fecd82-c7ae-483e-b259-6428f2dfb240@group-7DE138E597A5, cid=754, SUCCESS, logIndex=964, commits[f9fecd82-c7ae-483e-b259-6428f2dfb240:c964, adbfec77-7a0d-4773-aa56-ba0b778d0ab5:c960, 90c45227-141f-43fe-b831-a2b91b39d6b0:c960]
2019-07-14 06:25:47,470 INFO  client.GrpcClientProtocolClient (GrpcClientProtocolClient.java:onNext(255)) - client-D2340BF4DD29->f9fecd82-c7ae-483e-b259-6428f2dfb240: receive RaftClientReply:client-D2340BF4DD29->f9fecd82-c7ae-483e-b259-6428f2dfb240@group-7DE138E597A5, cid=755, SUCCESS, logIndex=967, commits[f9fecd82-c7ae-483e-b259-6428f2dfb240:c968, adbfec77-7a0d-4773-aa56-ba0b778d0ab5:c966, 90c45227-141f-43fe-b831-a2b91b39d6b0:c966]
2019-07-14 06:25:47,471 INFO  client.GrpcClientProtocolClient (GrpcClientProtocolClient.java:onNext(255)) - client-D2340BF4DD29->f9fecd82-c7ae-483e-b259-6428f2dfb240: receive RaftClientReply:client-D2340BF4DD29->f9fecd82-c7ae-483e-b259-6428f2dfb240@group-7DE138E597A5, cid=756, SUCCESS, logIndex=968, commits[f9fecd82-c7ae-483e-b259-6428f2dfb240:c968, adbfec77-7a0d-4773-aa56-ba0b778d0ab5:c966, 90c45227-141f-43fe-b831-a2b91b39d6b0:c966]
2019-07-14 06:25:47,483 INFO  client.GrpcClientProtocolClient (GrpcClientProtocolClient.java:onNext(255)) - client-D2340BF4DD29->f9fecd82-c7ae-483e-b259-6428f2dfb240: receive RaftClientReply:client-D2340BF4DD29->f9fecd82-c7ae-483e-b259-6428f2dfb240@group-7DE138E597A5, cid=757, SUCCESS, logIndex=0, commits[f9fecd82-c7ae-483e-b259-6428f2dfb240:c970, adbfec77-7a0d-4773-aa56-ba0b778d0ab5:c968, 90c45227-141f-43fe-b831-a2b91b39d6b0:c968]
2019-07-14 06:25:47,506 INFO  client.GrpcClientProtocolClient (GrpcClientProtocolClient.java:onNext(255)) - client-D2340BF4DD29->f9fecd82-c7ae-483e-b259-6428f2dfb240: receive RaftClientReply:client-D2340BF4DD29->f9fecd82-c7ae-483e-b259-6428f2dfb240@group-7DE138E597A5, cid=758, SUCCESS, logIndex=971, commits[f9fecd82-c7ae-483e-b259-6428f2dfb240:c972, adbfec77-7a0d-4773-aa56-ba0b778d0ab5:c970, 90c45227-141f-43fe-b831-a2b91b39d6b0:c970]
2019-07-14 06:25:47,506 INFO  client.GrpcClientProtocolClient (GrpcClientProtocolClient.java:onNext(255)) - client-D2340BF4DD29->f9fecd82-c7ae-483e-b259-6428f2dfb240: receive RaftClientReply:client-D2340BF4DD29->f9fecd82-c7ae-483e-b259-6428f2dfb240@group-7DE138E597A5, cid=759, SUCCESS, logIndex=972, commits[f9fecd82-c7ae-483e-b259-6428f2dfb240:c972, adbfec77-7a0d-4773-aa56-ba0b778d0ab5:c970, 90c45227-141f-43fe-b831-a2b91b39d6b0:c970]
2019-07-14 06:25:47,517 INFO  client.GrpcClientProtocolClient (GrpcClientProtocolClient.java:onNext(255)) - client-D2340BF4DD29->f9fecd82-c7ae-483e-b259-6428f2dfb240: receive RaftClientReply:client-D2340BF4DD29->f9fecd82-c7ae-483e-b259-6428f2dfb240@group-7DE138E597A5, cid=760, SUCCESS, logIndex=973, commits[f9fecd82-c7ae-483e-b259-6428f2dfb240:c974, adbfec77-7a0d-4773-aa56-ba0b778d0ab5:c970, 90c45227-141f-43fe-b831-a2b91b39d6b0:c970]
2019-07-14 06:25:47,517 INFO  client.GrpcClientProtocolClient (GrpcClientProtocolClient.java:onNext(255)) - client-D2340BF4DD29->f9fecd82-c7ae-483e-b259-6428f2dfb240: receive RaftClientReply:client-D2340BF4DD29->f9fecd82-c7ae-483e-b259-6428f2dfb240@group-7DE138E597A5, cid=761, SUCCESS, logIndex=974, commits[f9fecd82-c7ae-483e-b259-6428f2dfb240:c975, adbfec77-7a0d-4773-aa56-ba0b778d0ab5:c971, 90c45227-141f-43fe-b831-a2b91b39d6b0:c971]
2019-07-14 06:25:47,519 INFO  client.GrpcClientProtocolClient (GrpcClientProtocolClient.java:onNext(255)) - client-D2340BF4DD29->f9fecd82-c7ae-483e-b259-6428f2dfb240: receive RaftClientReply:client-D2340BF4DD29->f9fecd82-c7ae-483e-b259-6428f2dfb240@group-7DE138E597A5, cid=762, SUCCESS, logIndex=0, commits[f9fecd82-c7ae-483e-b259-6428f2dfb240:c978, adbfec77-7a0d-4773-aa56-ba0b778d0ab5:c974, 90c45227-141f-43fe-b831-a2b91b39d6b0:c972]
2019-07-14 06:25:47,540 INFO  client.GrpcClientProtocolClient (GrpcClientProtocolClient.java:onNext(255)) - client-D2340BF4DD29->f9fecd82-c7ae-483e-b259-6428f2dfb240: receive RaftClientReply:client-D2340BF4DD29->f9fecd82-c7ae-483e-b259-6428f2dfb240@group-7DE138E597A5, cid=763, SUCCESS, logIndex=979, commits[f9fecd82-c7ae-483e-b259-6428f2dfb240:c980, adbfec77-7a0d-4773-aa56-ba0b778d0ab5:c978, 90c45227-141f-43fe-b831-a2b91b39d6b0:c978]
2019-07-14 06:25:47,541 INFO  client.GrpcClientProtocolClient (GrpcClientProtocolClient.java:onNext(255)) - client-D2340BF4DD29->f9fecd82-c7ae-483e-b259-6428f2dfb240: receive RaftClientReply:client-D2340BF4DD29->f9fecd82-c7ae-483e-b259-6428f2dfb240@group-7DE138E597A5, cid=764, SUCCESS, logIndex=980, commits[f9fecd82-c7ae-483e-b259-6428f2dfb240:c980, adbfec77-7a0d-4773-aa56-ba0b778d0ab5:c978, 90c45227-141f-43fe-b831-a2b91b39d6b0:c978]
2019-07-14 06:25:47,554 INFO  client.GrpcClientProtocolClient (GrpcClientProtocolClient.java:onNext(255)) - client-D2340BF4DD29->f9fecd82-c7ae-483e-b259-6428f2dfb240: receive RaftClientReply:client-D2340BF4DD29->f9fecd82-c7ae-483e-b259-6428f2dfb240@group-7DE138E597A5, cid=765, SUCCESS, logIndex=983, commits[f9fecd82-c7ae-483e-b259-6428f2dfb240:c984, adbfec77-7a0d-4773-aa56-ba0b778d0ab5:c980, 90c45227-141f-43fe-b831-a2b91b39d6b0:c980]
2019-07-14 06:25:47,555 INFO  client.GrpcClientProtocolClient (GrpcClientProtocolClient.java:onNext(255)) - client-D2340BF4DD29->f9fecd82-c7ae-483e-b259-6428f2dfb240: receive RaftClientReply:client-D2340BF4DD29->f9fecd82-c7ae-483e-b259-6428f2dfb240@group-7DE138E597A5, cid=766, SUCCESS, logIndex=984, commits[f9fecd82-c7ae-483e-b259-6428f2dfb240:c984, adbfec77-7a0d-4773-aa56-ba0b778d0ab5:c980, 90c45227-141f-43fe-b831-a2b91b39d6b0:c980]
2019-07-14 06:25:47,566 INFO  client.GrpcClientProtocolClient (GrpcClientProtocolClient.java:onNext(255)) - client-D2340BF4DD29->f9fecd82-c7ae-483e-b259-6428f2dfb240: receive RaftClientReply:client-D2340BF4DD29->f9fecd82-c7ae-483e-b259-6428f2dfb240@group-7DE138E597A5, cid=767, SUCCESS, logIndex=0, commits[f9fecd82-c7ae-483e-b259-6428f2dfb240:c985, adbfec77-7a0d-4773-aa56-ba0b778d0ab5:c984, 90c45227-141f-43fe-b831-a2b91b39d6b0:c984]
2019-07-14 06:25:47,587 INFO  client.GrpcClientProtocolClient (GrpcClientProtocolClient.java:onNext(255)) - client-D2340BF4DD29->f9fecd82-c7ae-483e-b259-6428f2dfb240: receive RaftClientReply:client-D2340BF4DD29->f9fecd82-c7ae-483e-b259-6428f2dfb240@group-7DE138E597A5, cid=768, SUCCESS, logIndex=987, commits[f9fecd82-c7ae-483e-b259-6428f2dfb240:c988, adbfec77-7a0d-4773-aa56-ba0b778d0ab5:c986, 90c45227-141f-43fe-b831-a2b91b39d6b0:c986]
2019-07-14 06:25:47,588 INFO  client.GrpcClientProtocolClient (GrpcClientProtocolClient.java:onNext(255)) - client-D2340BF4DD29->f9fecd82-c7ae-483e-b259-6428f2dfb240: receive RaftClientReply:client-D2340BF4DD29->f9fecd82-c7ae-483e-b259-6428f2dfb240@group-7DE138E597A5, cid=769, SUCCESS, logIndex=988, commits[f9fecd82-c7ae-483e-b259-6428f2dfb240:c988, adbfec77-7a0d-4773-aa56-ba0b778d0ab5:c986, 90c45227-141f-43fe-b831-a2b91b39d6b0:c986]
2019-07-14 06:25:47,588 INFO  client.GrpcClientProtocolClient (GrpcClientProtocolClient.java:onNext(255)) - client-D2340BF4DD29->f9fecd82-c7ae-483e-b259-6428f2dfb240: receive RaftClientReply:client-D2340BF4DD29->f9fecd82-c7ae-483e-b259-6428f2dfb240@group-7DE138E597A5, cid=770, SUCCESS, logIndex=989, commits[f9fecd82-c7ae-483e-b259-6428f2dfb240:c990, adbfec77-7a0d-4773-aa56-ba0b778d0ab5:c986, 90c45227-141f-43fe-b831-a2b91b39d6b0:c986]
2019-07-14 06:25:47,589 INFO  client.GrpcClientProtocolClient (GrpcClientProtocolClient.java:onNext(255)) - client-D2340BF4DD29->f9fecd82-c7ae-483e-b259-6428f2dfb240: receive RaftClientReply:client-D2340BF4DD29->f9fecd82-c7ae-483e-b259-6428f2dfb240@group-7DE138E597A5, cid=771, SUCCESS, logIndex=990, commits[f9fecd82-c7ae-483e-b259-6428f2dfb240:c990, adbfec77-7a0d-4773-aa56-ba0b778d0ab5:c986, 90c45227-141f-43fe-b831-a2b91b39d6b0:c986]
 0.00% |█                                                                                                    |  0/1 Time: 0:00:022019-07-14 06:25:47,604 INFO  client.GrpcClientProtocolClient (GrpcClientProtocolClient.java:onNext(255)) - client-D2340BF4DD29->f9fecd82-c7ae-483e-b259-6428f2dfb240: receive RaftClientReply:client-D2340BF4DD29->f9fecd82-c7ae-483e-b259-6428f2dfb240@group-7DE138E597A5, cid=772, SUCCESS, logIndex=0, commits[f9fecd82-c7ae-483e-b259-6428f2dfb240:c992, adbfec77-7a0d-4773-aa56-ba0b778d0ab5:c988, 90c45227-141f-43fe-b831-a2b91b39d6b0:c988]
2019-07-14 06:25:47,618 INFO  client.GrpcClientProtocolClient (GrpcClientProtocolClient.java:onNext(255)) - client-D2340BF4DD29->f9fecd82-c7ae-483e-b259-6428f2dfb240: receive RaftClientReply:client-D2340BF4DD29->f9fecd82-c7ae-483e-b259-6428f2dfb240@group-7DE138E597A5, cid=773, SUCCESS, logIndex=995, commits[f9fecd82-c7ae-483e-b259-6428f2dfb240:c996, adbfec77-7a0d-4773-aa56-ba0b778d0ab5:c990, 90c45227-141f-43fe-b831-a2b91b39d6b0:c994]
2019-07-14 06:25:47,619 INFO  client.GrpcClientProtocolClient (GrpcClientProtocolClient.java:onNext(255)) - client-D2340BF4DD29->f9fecd82-c7ae-483e-b259-6428f2dfb240: receive RaftClientReply:client-D2340BF4DD29->f9fecd82-c7ae-483e-b259-6428f2dfb240@group-7DE138E597A5, cid=774, SUCCESS, logIndex=996, commits[f9fecd82-c7ae-483e-b259-6428f2dfb240:c996, adbfec77-7a0d-4773-aa56-ba0b778d0ab5:c990, 90c45227-141f-43fe-b831-a2b91b39d6b0:c994]
2019-07-14 06:25:47,632 INFO  client.GrpcClientProtocolClient (GrpcClientProtocolClient.java:onNext(255)) - client-D2340BF4DD29->f9fecd82-c7ae-483e-b259-6428f2dfb240: receive RaftClientReply:client-D2340BF4DD29->f9fecd82-c7ae-483e-b259-6428f2dfb240@group-7DE138E597A5, cid=775, SUCCESS, logIndex=999, commits[f9fecd82-c7ae-483e-b259-6428f2dfb240:c1000, adbfec77-7a0d-4773-aa56-ba0b778d0ab5:c998, 90c45227-141f-43fe-b831-a2b91b39d6b0:c998]
2019-07-14 06:25:47,633 INFO  client.GrpcClientProtocolClient (GrpcClientProtocolClient.java:onNext(255)) - client-D2340BF4DD29->f9fecd82-c7ae-483e-b259-6428f2dfb240: receive RaftClientReply:client-D2340BF4DD29->f9fecd82-c7ae-483e-b259-6428f2dfb240@group-7DE138E597A5, cid=776, SUCCESS, logIndex=1000, commits[f9fecd82-c7ae-483e-b259-6428f2dfb240:c1000, adbfec77-7a0d-4773-aa56-ba0b778d0ab5:c998, 90c45227-141f-43fe-b831-a2b91b39d6b0:c998]
2019-07-14 06:25:47,757 INFO  client.GrpcClientProtocolClient (GrpcClientProtocolClient.java:onNext(255)) - client-D2340BF4DD29->f9fecd82-c7ae-483e-b259-6428f2dfb240: receive RaftClientReply:client-D2340BF4DD29->f9fecd82-c7ae-483e-b259-6428f2dfb240@group-7DE138E597A5, cid=777, SUCCESS, logIndex=0, commits[f9fecd82-c7ae-483e-b259-6428f2dfb240:c1001, adbfec77-7a0d-4773-aa56-ba0b778d0ab5:c1000, 90c45227-141f-43fe-b831-a2b91b39d6b0:c1000]
2019-07-14 06:25:47,783 INFO  client.GrpcClientProtocolClient (GrpcClientProtocolClient.java:onNext(255)) - client-D2340BF4DD29->f9fecd82-c7ae-483e-b259-6428f2dfb240: receive RaftClientReply:client-D2340BF4DD29->f9fecd82-c7ae-483e-b259-6428f2dfb240@group-7DE138E597A5, cid=778, SUCCESS, logIndex=1003, commits[f9fecd82-c7ae-483e-b259-6428f2dfb240:c1004, adbfec77-7a0d-4773-aa56-ba0b778d0ab5:c1002, 90c45227-141f-43fe-b831-a2b91b39d6b0:c1002]
2019-07-14 06:25:47,784 INFO  client.GrpcClientProtocolClient (GrpcClientProtocolClient.java:onNext(255)) - client-D2340BF4DD29->f9fecd82-c7ae-483e-b259-6428f2dfb240: receive RaftClientReply:client-D2340BF4DD29->f9fecd82-c7ae-483e-b259-6428f2dfb240@group-7DE138E597A5, cid=779, SUCCESS, logIndex=1004, commits[f9fecd82-c7ae-483e-b259-6428f2dfb240:c1004, adbfec77-7a0d-4773-aa56-ba0b778d0ab5:c1002, 90c45227-141f-43fe-b831-a2b91b39d6b0:c1002]
2019-07-14 06:25:47,786 INFO  client.GrpcClientProtocolClient (GrpcClientProtocolClient.java:onNext(255)) - client-D2340BF4DD29->f9fecd82-c7ae-483e-b259-6428f2dfb240: receive RaftClientReply:client-D2340BF4DD29->f9fecd82-c7ae-483e-b259-6428f2dfb240@group-7DE138E597A5, cid=780, SUCCESS, logIndex=1005, commits[f9fecd82-c7ae-483e-b259-6428f2dfb240:c1008, adbfec77-7a0d-4773-aa56-ba0b778d0ab5:c1004, 90c45227-141f-43fe-b831-a2b91b39d6b0:c1002]
2019-07-14 06:25:47,787 INFO  client.GrpcClientProtocolClient (GrpcClientProtocolClient.java:onNext(255)) - client-D2340BF4DD29->f9fecd82-c7ae-483e-b259-6428f2dfb240: receive RaftClientReply:client-D2340BF4DD29->f9fecd82-c7ae-483e-b259-6428f2dfb240@group-7DE138E597A5, cid=781, SUCCESS, logIndex=1006, commits[f9fecd82-c7ae-483e-b259-6428f2dfb240:c1008, adbfec77-7a0d-4773-aa56-ba0b778d0ab5:c1004, 90c45227-141f-43fe-b831-a2b91b39d6b0:c1002]
2019-07-14 06:25:47,789 INFO  client.GrpcClientProtocolClient (GrpcClientProtocolClient.java:onNext(255)) - client-D2340BF4DD29->f9fecd82-c7ae-483e-b259-6428f2dfb240: receive RaftClientReply:client-D2340BF4DD29->f9fecd82-c7ae-483e-b259-6428f2dfb240@group-7DE138E597A5, cid=782, SUCCESS, logIndex=0, commits[f9fecd82-c7ae-483e-b259-6428f2dfb240:c1010, adbfec77-7a0d-4773-aa56-ba0b778d0ab5:c1006, 90c45227-141f-43fe-b831-a2b91b39d6b0:c1004]
2019-07-14 06:25:47,815 INFO  client.GrpcClientProtocolClient (GrpcClientProtocolClient.java:onNext(255)) - client-D2340BF4DD29->f9fecd82-c7ae-483e-b259-6428f2dfb240: receive RaftClientReply:client-D2340BF4DD29->f9fecd82-c7ae-483e-b259-6428f2dfb240@group-7DE138E597A5, cid=783, SUCCESS, logIndex=1011, commits[f9fecd82-c7ae-483e-b259-6428f2dfb240:c1012, adbfec77-7a0d-4773-aa56-ba0b778d0ab5:c1010, 90c45227-141f-43fe-b831-a2b91b39d6b0:c1010]
2019-07-14 06:25:47,815 INFO  client.GrpcClientProtocolClient (GrpcClientProtocolClient.java:onNext(255)) - client-D2340BF4DD29->f9fecd82-c7ae-483e-b259-6428f2dfb240: receive RaftClientReply:client-D2340BF4DD29->f9fecd82-c7ae-483e-b259-6428f2dfb240@group-7DE138E597A5, cid=784, SUCCESS, logIndex=1012, commits[f9fecd82-c7ae-483e-b259-6428f2dfb240:c1012, adbfec77-7a0d-4773-aa56-ba0b778d0ab5:c1010, 90c45227-141f-43fe-b831-a2b91b39d6b0:c1010]
2019-07-14 06:25:47,839 INFO  client.GrpcClientProtocolClient (GrpcClientProtocolClient.java:onNext(255)) - client-D2340BF4DD29->f9fecd82-c7ae-483e-b259-6428f2dfb240: receive RaftClientReply:client-D2340BF4DD29->f9fecd82-c7ae-483e-b259-6428f2dfb240@group-7DE138E597A5, cid=785, SUCCESS, logIndex=1015, commits[f9fecd82-c7ae-483e-b259-6428f2dfb240:c1016, adbfec77-7a0d-4773-aa56-ba0b778d0ab5:c1012, 90c45227-141f-43fe-b831-a2b91b39d6b0:c1012]
2019-07-14 06:25:47,840 INFO  client.GrpcClientProtocolClient (GrpcClientProtocolClient.java:onNext(255)) - client-D2340BF4DD29->f9fecd82-c7ae-483e-b259-6428f2dfb240: receive RaftClientReply:client-D2340BF4DD29->f9fecd82-c7ae-483e-b259-6428f2dfb240@group-7DE138E597A5, cid=786, SUCCESS, logIndex=1016, commits[f9fecd82-c7ae-483e-b259-6428f2dfb240:c1016, adbfec77-7a0d-4773-aa56-ba0b778d0ab5:c1012, 90c45227-141f-43fe-b831-a2b91b39d6b0:c1012]
2019-07-14 06:25:47,854 INFO  client.GrpcClientProtocolClient (GrpcClientProtocolClient.java:onNext(255)) - client-D2340BF4DD29->f9fecd82-c7ae-483e-b259-6428f2dfb240: receive RaftClientReply:client-D2340BF4DD29->f9fecd82-c7ae-483e-b259-6428f2dfb240@group-7DE138E597A5, cid=787, SUCCESS, logIndex=0, commits[f9fecd82-c7ae-483e-b259-6428f2dfb240:c1018, adbfec77-7a0d-4773-aa56-ba0b778d0ab5:c1016, 90c45227-141f-43fe-b831-a2b91b39d6b0:c1016]
2019-07-14 06:25:47,884 INFO  client.GrpcClientProtocolClient (GrpcClientProtocolClient.java:onNext(255)) - client-D2340BF4DD29->f9fecd82-c7ae-483e-b259-6428f2dfb240: receive RaftClientReply:client-D2340BF4DD29->f9fecd82-c7ae-483e-b259-6428f2dfb240@group-7DE138E597A5, cid=788, SUCCESS, logIndex=1019, commits[f9fecd82-c7ae-483e-b259-6428f2dfb240:c1020, adbfec77-7a0d-4773-aa56-ba0b778d0ab5:c1018, 90c45227-141f-43fe-b831-a2b91b39d6b0:c1018]
2019-07-14 06:25:47,885 INFO  client.GrpcClientProtocolClient (GrpcClientProtocolClient.java:onNext(255)) - client-D2340BF4DD29->f9fecd82-c7ae-483e-b259-6428f2dfb240: receive RaftClientReply:client-D2340BF4DD29->f9fecd82-c7ae-483e-b259-6428f2dfb240@group-7DE138E597A5, cid=789, SUCCESS, logIndex=1020, commits[f9fecd82-c7ae-483e-b259-6428f2dfb240:c1020, adbfec77-7a0d-4773-aa56-ba0b778d0ab5:c1018, 90c45227-141f-43fe-b831-a2b91b39d6b0:c1018]
2019-07-14 06:25:47,891 INFO  client.GrpcClientProtocolClient (GrpcClientProtocolClient.java:onNext(255)) - client-D2340BF4DD29->f9fecd82-c7ae-483e-b259-6428f2dfb240: receive RaftClientReply:client-D2340BF4DD29->f9fecd82-c7ae-483e-b259-6428f2dfb240@group-7DE138E597A5, cid=790, SUCCESS, logIndex=1021, commits[f9fecd82-c7ae-483e-b259-6428f2dfb240:c1022, adbfec77-7a0d-4773-aa56-ba0b778d0ab5:c1018, 90c45227-141f-43fe-b831-a2b91b39d6b0:c1018]
2019-07-14 06:25:47,891 INFO  client.GrpcClientProtocolClient (GrpcClientProtocolClient.java:onNext(255)) - client-D2340BF4DD29->f9fecd82-c7ae-483e-b259-6428f2dfb240: receive RaftClientReply:client-D2340BF4DD29->f9fecd82-c7ae-483e-b259-6428f2dfb240@group-7DE138E597A5, cid=791, SUCCESS, logIndex=1022, commits[f9fecd82-c7ae-483e-b259-6428f2dfb240:c1022, adbfec77-7a0d-4773-aa56-ba0b778d0ab5:c1018, 90c45227-141f-43fe-b831-a2b91b39d6b0:c1018]
2019-07-14 06:25:47,902 INFO  client.GrpcClientProtocolClient (GrpcClientProtocolClient.java:onNext(255)) - client-D2340BF4DD29->f9fecd82-c7ae-483e-b259-6428f2dfb240: receive RaftClientReply:client-D2340BF4DD29->f9fecd82-c7ae-483e-b259-6428f2dfb240@group-7DE138E597A5, cid=792, SUCCESS, logIndex=0, commits[f9fecd82-c7ae-483e-b259-6428f2dfb240:c1024, adbfec77-7a0d-4773-aa56-ba0b778d0ab5:c1020, 90c45227-141f-43fe-b831-a2b91b39d6b0:c1020]
2019-07-14 06:25:47,926 INFO  client.GrpcClientProtocolClient (GrpcClientProtocolClient.java:onNext(255)) - client-D2340BF4DD29->f9fecd82-c7ae-483e-b259-6428f2dfb240: receive RaftClientReply:client-D2340BF4DD29->f9fecd82-c7ae-483e-b259-6428f2dfb240@group-7DE138E597A5, cid=793, SUCCESS, logIndex=1027, commits[f9fecd82-c7ae-483e-b259-6428f2dfb240:c1028, adbfec77-7a0d-4773-aa56-ba0b778d0ab5:c1026, 90c45227-141f-43fe-b831-a2b91b39d6b0:c1026]
2019-07-14 06:25:47,927 INFO  client.GrpcClientProtocolClient (GrpcClientProtocolClient.java:onNext(255)) - client-D2340BF4DD29->f9fecd82-c7ae-483e-b259-6428f2dfb240: receive RaftClientReply:client-D2340BF4DD29->f9fecd82-c7ae-483e-b259-6428f2dfb240@group-7DE138E597A5, cid=794, SUCCESS, logIndex=1028, commits[f9fecd82-c7ae-483e-b259-6428f2dfb240:c1028, adbfec77-7a0d-4773-aa56-ba0b778d0ab5:c1026, 90c45227-141f-43fe-b831-a2b91b39d6b0:c1026]
2019-07-14 06:25:47,950 INFO  client.GrpcClientProtocolClient (GrpcClientProtocolClient.java:onNext(255)) - client-D2340BF4DD29->f9fecd82-c7ae-483e-b259-6428f2dfb240: receive RaftClientReply:client-D2340BF4DD29->f9fecd82-c7ae-483e-b259-6428f2dfb240@group-7DE138E597A5, cid=795, SUCCESS, logIndex=1031, commits[f9fecd82-c7ae-483e-b259-6428f2dfb240:c1032, adbfec77-7a0d-4773-aa56-ba0b778d0ab5:c1030, 90c45227-141f-43fe-b831-a2b91b39d6b0:c1030]
2019-07-14 06:25:47,950 INFO  client.GrpcClientProtocolClient (GrpcClientProtocolClient.java:onNext(255)) - client-D2340BF4DD29->f9fecd82-c7ae-483e-b259-6428f2dfb240: receive RaftClientReply:client-D2340BF4DD29->f9fecd82-c7ae-483e-b259-6428f2dfb240@group-7DE138E597A5, cid=796, SUCCESS, logIndex=1032, commits[f9fecd82-c7ae-483e-b259-6428f2dfb240:c1032, adbfec77-7a0d-4773-aa56-ba0b778d0ab5:c1030, 90c45227-141f-43fe-b831-a2b91b39d6b0:c1030]
2019-07-14 06:25:47,961 INFO  client.GrpcClientProtocolClient (GrpcClientProtocolClient.java:onNext(255)) - client-D2340BF4DD29->f9fecd82-c7ae-483e-b259-6428f2dfb240: receive RaftClientReply:client-D2340BF4DD29->f9fecd82-c7ae-483e-b259-6428f2dfb240@group-7DE138E597A5, cid=797, SUCCESS, logIndex=0, commits[f9fecd82-c7ae-483e-b259-6428f2dfb240:c1033, adbfec77-7a0d-4773-aa56-ba0b778d0ab5:c1032, 90c45227-141f-43fe-b831-a2b91b39d6b0:c1032]
2019-07-14 06:25:47,984 INFO  client.GrpcClientProtocolClient (GrpcClientProtocolClient.java:onNext(255)) - client-D2340BF4DD29->f9fecd82-c7ae-483e-b259-6428f2dfb240: receive RaftClientReply:client-D2340BF4DD29->f9fecd82-c7ae-483e-b259-6428f2dfb240@group-7DE138E597A5, cid=798, SUCCESS, logIndex=1035, commits[f9fecd82-c7ae-483e-b259-6428f2dfb240:c1036, adbfec77-7a0d-4773-aa56-ba0b778d0ab5:c1034, 90c45227-141f-43fe-b831-a2b91b39d6b0:c1034]
2019-07-14 06:25:47,984 INFO  client.GrpcClientProtocolClient (GrpcClientProtocolClient.java:onNext(255)) - client-D2340BF4DD29->f9fecd82-c7ae-483e-b259-6428f2dfb240: receive RaftClientReply:client-D2340BF4DD29->f9fecd82-c7ae-483e-b259-6428f2dfb240@group-7DE138E597A5, cid=799, SUCCESS, logIndex=1036, commits[f9fecd82-c7ae-483e-b259-6428f2dfb240:c1038, adbfec77-7a0d-4773-aa56-ba0b778d0ab5:c1034, 90c45227-141f-43fe-b831-a2b91b39d6b0:c1034]
2019-07-14 06:25:47,985 INFO  client.GrpcClientProtocolClient (GrpcClientProtocolClient.java:onNext(255)) - client-D2340BF4DD29->f9fecd82-c7ae-483e-b259-6428f2dfb240: receive RaftClientReply:client-D2340BF4DD29->f9fecd82-c7ae-483e-b259-6428f2dfb240@group-7DE138E597A5, cid=800, SUCCESS, logIndex=1037, commits[f9fecd82-c7ae-483e-b259-6428f2dfb240:c1038, adbfec77-7a0d-4773-aa56-ba0b778d0ab5:c1034, 90c45227-141f-43fe-b831-a2b91b39d6b0:c1034]
2019-07-14 06:25:47,985 INFO  client.GrpcClientProtocolClient (GrpcClientProtocolClient.java:onNext(255)) - client-D2340BF4DD29->f9fecd82-c7ae-483e-b259-6428f2dfb240: receive RaftClientReply:client-D2340BF4DD29->f9fecd82-c7ae-483e-b259-6428f2dfb240@group-7DE138E597A5, cid=801, SUCCESS, logIndex=1038, commits[f9fecd82-c7ae-483e-b259-6428f2dfb240:c1038, adbfec77-7a0d-4773-aa56-ba0b778d0ab5:c1034, 90c45227-141f-43fe-b831-a2b91b39d6b0:c1034]
2019-07-14 06:25:47,997 INFO  client.GrpcClientProtocolClient (GrpcClientProtocolClient.java:onNext(255)) - client-D2340BF4DD29->f9fecd82-c7ae-483e-b259-6428f2dfb240: receive RaftClientReply:client-D2340BF4DD29->f9fecd82-c7ae-483e-b259-6428f2dfb240@group-7DE138E597A5, cid=802, SUCCESS, logIndex=0, commits[f9fecd82-c7ae-483e-b259-6428f2dfb240:c1040, adbfec77-7a0d-4773-aa56-ba0b778d0ab5:c1036, 90c45227-141f-43fe-b831-a2b91b39d6b0:c1036]
2019-07-14 06:25:48,019 INFO  client.GrpcClientProtocolClient (GrpcClientProtocolClient.java:onNext(255)) - client-D2340BF4DD29->f9fecd82-c7ae-483e-b259-6428f2dfb240: receive RaftClientReply:client-D2340BF4DD29->f9fecd82-c7ae-483e-b259-6428f2dfb240@group-7DE138E597A5, cid=803, SUCCESS, logIndex=1043, commits[f9fecd82-c7ae-483e-b259-6428f2dfb240:c1044, adbfec77-7a0d-4773-aa56-ba0b778d0ab5:c1042, 90c45227-141f-43fe-b831-a2b91b39d6b0:c1042]
2019-07-14 06:25:48,019 INFO  client.GrpcClientProtocolClient (GrpcClientProtocolClient.java:onNext(255)) - client-D2340BF4DD29->f9fecd82-c7ae-483e-b259-6428f2dfb240: receive RaftClientReply:client-D2340BF4DD29->f9fecd82-c7ae-483e-b259-6428f2dfb240@group-7DE138E597A5, cid=804, SUCCESS, logIndex=1044, commits[f9fecd82-c7ae-483e-b259-6428f2dfb240:c1044, adbfec77-7a0d-4773-aa56-ba0b778d0ab5:c1042, 90c45227-141f-43fe-b831-a2b91b39d6b0:c1042]
2019-07-14 06:25:48,032 INFO  client.GrpcClientProtocolClient (GrpcClientProtocolClient.java:onNext(255)) - client-D2340BF4DD29->f9fecd82-c7ae-483e-b259-6428f2dfb240: receive RaftClientReply:client-D2340BF4DD29->f9fecd82-c7ae-483e-b259-6428f2dfb240@group-7DE138E597A5, cid=805, SUCCESS, logIndex=1047, commits[f9fecd82-c7ae-483e-b259-6428f2dfb240:c1048, adbfec77-7a0d-4773-aa56-ba0b778d0ab5:c1044, 90c45227-141f-43fe-b831-a2b91b39d6b0:c1044]
2019-07-14 06:25:48,033 INFO  client.GrpcClientProtocolClient (GrpcClientProtocolClient.java:onNext(255)) - client-D2340BF4DD29->f9fecd82-c7ae-483e-b259-6428f2dfb240: receive RaftClientReply:client-D2340BF4DD29->f9fecd82-c7ae-483e-b259-6428f2dfb240@group-7DE138E597A5, cid=806, SUCCESS, logIndex=1048, commits[f9fecd82-c7ae-483e-b259-6428f2dfb240:c1048, adbfec77-7a0d-4773-aa56-ba0b778d0ab5:c1044, 90c45227-141f-43fe-b831-a2b91b39d6b0:c1044]
2019-07-14 06:25:48,035 INFO  client.GrpcClientProtocolClient (GrpcClientProtocolClient.java:onNext(255)) - client-D2340BF4DD29->f9fecd82-c7ae-483e-b259-6428f2dfb240: receive RaftClientReply:client-D2340BF4DD29->f9fecd82-c7ae-483e-b259-6428f2dfb240@group-7DE138E597A5, cid=807, SUCCESS, logIndex=0, commits[f9fecd82-c7ae-483e-b259-6428f2dfb240:c1049, adbfec77-7a0d-4773-aa56-ba0b778d0ab5:c1048, 90c45227-141f-43fe-b831-a2b91b39d6b0:c1048]
2019-07-14 06:25:48,059 INFO  client.GrpcClientProtocolClient (GrpcClientProtocolClient.java:onNext(255)) - client-D2340BF4DD29->f9fecd82-c7ae-483e-b259-6428f2dfb240: receive RaftClientReply:client-D2340BF4DD29->f9fecd82-c7ae-483e-b259-6428f2dfb240@group-7DE138E597A5, cid=808, SUCCESS, logIndex=1051, commits[f9fecd82-c7ae-483e-b259-6428f2dfb240:c1052, adbfec77-7a0d-4773-aa56-ba0b778d0ab5:c1049, 90c45227-141f-43fe-b831-a2b91b39d6b0:c1048]
2019-07-14 06:25:48,060 INFO  client.GrpcClientProtocolClient (GrpcClientProtocolClient.java:onNext(255)) - client-D2340BF4DD29->f9fecd82-c7ae-483e-b259-6428f2dfb240: receive RaftClientReply:client-D2340BF4DD29->f9fecd82-c7ae-483e-b259-6428f2dfb240@group-7DE138E597A5, cid=809, SUCCESS, logIndex=1052, commits[f9fecd82-c7ae-483e-b259-6428f2dfb240:c1052, adbfec77-7a0d-4773-aa56-ba0b778d0ab5:c1049, 90c45227-141f-43fe-b831-a2b91b39d6b0:c1048]
2019-07-14 06:25:48,072 INFO  client.GrpcClientProtocolClient (GrpcClientProtocolClient.java:onNext(255)) - client-D2340BF4DD29->f9fecd82-c7ae-483e-b259-6428f2dfb240: receive RaftClientReply:client-D2340BF4DD29->f9fecd82-c7ae-483e-b259-6428f2dfb240@group-7DE138E597A5, cid=810, SUCCESS, logIndex=1053, commits[f9fecd82-c7ae-483e-b259-6428f2dfb240:c1054, adbfec77-7a0d-4773-aa56-ba0b778d0ab5:c1049, 90c45227-141f-43fe-b831-a2b91b39d6b0:c1049]
2019-07-14 06:25:48,073 INFO  client.GrpcClientProtocolClient (GrpcClientProtocolClient.java:onNext(255)) - client-D2340BF4DD29->f9fecd82-c7ae-483e-b259-6428f2dfb240: receive RaftClientReply:client-D2340BF4DD29->f9fecd82-c7ae-483e-b259-6428f2dfb240@group-7DE138E597A5, cid=811, SUCCESS, logIndex=1054, commits[f9fecd82-c7ae-483e-b259-6428f2dfb240:c1056, adbfec77-7a0d-4773-aa56-ba0b778d0ab5:c1049, 90c45227-141f-43fe-b831-a2b91b39d6b0:c1052]
2019-07-14 06:25:48,074 INFO  client.GrpcClientProtocolClient (GrpcClientProtocolClient.java:onNext(255)) - client-D2340BF4DD29->f9fecd82-c7ae-483e-b259-6428f2dfb240: receive RaftClientReply:client-D2340BF4DD29->f9fecd82-c7ae-483e-b259-6428f2dfb240@group-7DE138E597A5, cid=812, SUCCESS, logIndex=0, commits[f9fecd82-c7ae-483e-b259-6428f2dfb240:c1057, adbfec77-7a0d-4773-aa56-ba0b778d0ab5:c1053, 90c45227-141f-43fe-b831-a2b91b39d6b0:c1052]
2019-07-14 06:25:48,090 INFO  client.GrpcClientProtocolClient (GrpcClientProtocolClient.java:onNext(255)) - client-D2340BF4DD29->f9fecd82-c7ae-483e-b259-6428f2dfb240: receive RaftClientReply:client-D2340BF4DD29->f9fecd82-c7ae-483e-b259-6428f2dfb240@group-7DE138E597A5, cid=813, SUCCESS, logIndex=1059, commits[f9fecd82-c7ae-483e-b259-6428f2dfb240:c1060, adbfec77-7a0d-4773-aa56-ba0b778d0ab5:c1057, 90c45227-141f-43fe-b831-a2b91b39d6b0:c1057]
2019-07-14 06:25:48,090 INFO  client.GrpcClientProtocolClient (GrpcClientProtocolClient.java:onNext(255)) - client-D2340BF4DD29->f9fecd82-c7ae-483e-b259-6428f2dfb240: receive RaftClientReply:client-D2340BF4DD29->f9fecd82-c7ae-483e-b259-6428f2dfb240@group-7DE138E597A5, cid=814, SUCCESS, logIndex=1060, commits[f9fecd82-c7ae-483e-b259-6428f2dfb240:c1060, adbfec77-7a0d-4773-aa56-ba0b778d0ab5:c1057, 90c45227-141f-43fe-b831-a2b91b39d6b0:c1057]
2019-07-14 06:25:48,107 INFO  client.GrpcClientProtocolClient (GrpcClientProtocolClient.java:onNext(255)) - client-D2340BF4DD29->f9fecd82-c7ae-483e-b259-6428f2dfb240: receive RaftClientReply:client-D2340BF4DD29->f9fecd82-c7ae-483e-b259-6428f2dfb240@group-7DE138E597A5, cid=815, SUCCESS, logIndex=1063, commits[f9fecd82-c7ae-483e-b259-6428f2dfb240:c1064, adbfec77-7a0d-4773-aa56-ba0b778d0ab5:c1062, 90c45227-141f-43fe-b831-a2b91b39d6b0:c1062]
2019-07-14 06:25:48,107 INFO  client.GrpcClientProtocolClient (GrpcClientProtocolClient.java:onNext(255)) - client-D2340BF4DD29->f9fecd82-c7ae-483e-b259-6428f2dfb240: receive RaftClientReply:client-D2340BF4DD29->f9fecd82-c7ae-483e-b259-6428f2dfb240@group-7DE138E597A5, cid=816, SUCCESS, logIndex=1064, commits[f9fecd82-c7ae-483e-b259-6428f2dfb240:c1064, adbfec77-7a0d-4773-aa56-ba0b778d0ab5:c1062, 90c45227-141f-43fe-b831-a2b91b39d6b0:c1062]
2019-07-14 06:25:48,109 INFO  client.GrpcClientProtocolClient (GrpcClientProtocolClient.java:onNext(255)) - client-D2340BF4DD29->f9fecd82-c7ae-483e-b259-6428f2dfb240: receive RaftClientReply:client-D2340BF4DD29->f9fecd82-c7ae-483e-b259-6428f2dfb240@group-7DE138E597A5, cid=817, SUCCESS, logIndex=0, commits[f9fecd82-c7ae-483e-b259-6428f2dfb240:c1065, adbfec77-7a0d-4773-aa56-ba0b778d0ab5:c1064, 90c45227-141f-43fe-b831-a2b91b39d6b0:c1064]
2019-07-14 06:25:48,124 INFO  client.GrpcClientProtocolClient (GrpcClientProtocolClient.java:onNext(255)) - client-D2340BF4DD29->f9fecd82-c7ae-483e-b259-6428f2dfb240: receive RaftClientReply:client-D2340BF4DD29->f9fecd82-c7ae-483e-b259-6428f2dfb240@group-7DE138E597A5, cid=818, SUCCESS, logIndex=1067, commits[f9fecd82-c7ae-483e-b259-6428f2dfb240:c1068, adbfec77-7a0d-4773-aa56-ba0b778d0ab5:c1066, 90c45227-141f-43fe-b831-a2b91b39d6b0:c1064]
2019-07-14 06:25:48,125 INFO  client.GrpcClientProtocolClient (GrpcClientProtocolClient.java:onNext(255)) - client-D2340BF4DD29->f9fecd82-c7ae-483e-b259-6428f2dfb240: receive RaftClientReply:client-D2340BF4DD29->f9fecd82-c7ae-483e-b259-6428f2dfb240@group-7DE138E597A5, cid=819, SUCCESS, logIndex=1068, commits[f9fecd82-c7ae-483e-b259-6428f2dfb240:c1068, adbfec77-7a0d-4773-aa56-ba0b778d0ab5:c1066, 90c45227-141f-43fe-b831-a2b91b39d6b0:c1066]
2019-07-14 06:25:48,129 INFO  client.GrpcClientProtocolClient (GrpcClientProtocolClient.java:onNext(255)) - client-D2340BF4DD29->f9fecd82-c7ae-483e-b259-6428f2dfb240: receive RaftClientReply:client-D2340BF4DD29->f9fecd82-c7ae-483e-b259-6428f2dfb240@group-7DE138E597A5, cid=820, SUCCESS, logIndex=1069, commits[f9fecd82-c7ae-483e-b259-6428f2dfb240:c1072, adbfec77-7a0d-4773-aa56-ba0b778d0ab5:c1066, 90c45227-141f-43fe-b831-a2b91b39d6b0:c1068]
2019-07-14 06:25:48,129 INFO  client.GrpcClientProtocolClient (GrpcClientProtocolClient.java:onNext(255)) - client-D2340BF4DD29->f9fecd82-c7ae-483e-b259-6428f2dfb240: receive RaftClientReply:client-D2340BF4DD29->f9fecd82-c7ae-483e-b259-6428f2dfb240@group-7DE138E597A5, cid=821, SUCCESS, logIndex=1070, commits[f9fecd82-c7ae-483e-b259-6428f2dfb240:c1072, adbfec77-7a0d-4773-aa56-ba0b778d0ab5:c1068, 90c45227-141f-43fe-b831-a2b91b39d6b0:c1068]
2019-07-14 06:25:48,141 INFO  client.GrpcClientProtocolClient (GrpcClientProtocolClient.java:onNext(255)) - client-D2340BF4DD29->f9fecd82-c7ae-483e-b259-6428f2dfb240: receive RaftClientReply:client-D2340BF4DD29->f9fecd82-c7ae-483e-b259-6428f2dfb240@group-7DE138E597A5, cid=822, SUCCESS, logIndex=1075, commits[f9fecd82-c7ae-483e-b259-6428f2dfb240:c1076, adbfec77-7a0d-4773-aa56-ba0b778d0ab5:c1070, 90c45227-141f-43fe-b831-a2b91b39d6b0:c1074]
2019-07-14 06:25:48,142 INFO  client.GrpcClientProtocolClient (GrpcClientProtocolClient.java:onNext(255)) - client-D2340BF4DD29->f9fecd82-c7ae-483e-b259-6428f2dfb240: receive RaftClientReply:client-D2340BF4DD29->f9fecd82-c7ae-483e-b259-6428f2dfb240@group-7DE138E597A5, cid=823, SUCCESS, logIndex=1076, commits[f9fecd82-c7ae-483e-b259-6428f2dfb240:c1076, adbfec77-7a0d-4773-aa56-ba0b778d0ab5:c1074, 90c45227-141f-43fe-b831-a2b91b39d6b0:c1074]
2019-07-14 06:25:48,177 INFO  client.GrpcClientProtocolClient (GrpcClientProtocolClient.java:onNext(255)) - client-D2340BF4DD29->f9fecd82-c7ae-483e-b259-6428f2dfb240: receive RaftClientReply:client-D2340BF4DD29->f9fecd82-c7ae-483e-b259-6428f2dfb240@group-7DE138E597A5, cid=824, SUCCESS, logIndex=1079, commits[f9fecd82-c7ae-483e-b259-6428f2dfb240:c1080, adbfec77-7a0d-4773-aa56-ba0b778d0ab5:c1078, 90c45227-141f-43fe-b831-a2b91b39d6b0:c1078]
2019-07-14 06:25:48,177 INFO  client.GrpcClientProtocolClient (GrpcClientProtocolClient.java:onNext(255)) - client-D2340BF4DD29->f9fecd82-c7ae-483e-b259-6428f2dfb240: receive RaftClientReply:client-D2340BF4DD29->f9fecd82-c7ae-483e-b259-6428f2dfb240@group-7DE138E597A5, cid=825, SUCCESS, logIndex=1080, commits[f9fecd82-c7ae-483e-b259-6428f2dfb240:c1080, adbfec77-7a0d-4773-aa56-ba0b778d0ab5:c1078, 90c45227-141f-43fe-b831-a2b91b39d6b0:c1078]
2019-07-14 06:25:48,193 INFO  client.GrpcClientProtocolClient (GrpcClientProtocolClient.java:onNext(255)) - client-D2340BF4DD29->f9fecd82-c7ae-483e-b259-6428f2dfb240: receive RaftClientReply:client-D2340BF4DD29->f9fecd82-c7ae-483e-b259-6428f2dfb240@group-7DE138E597A5, cid=826, SUCCESS, logIndex=0, commits[f9fecd82-c7ae-483e-b259-6428f2dfb240:c1082, adbfec77-7a0d-4773-aa56-ba0b778d0ab5:c1080, 90c45227-141f-43fe-b831-a2b91b39d6b0:c1080]
2019-07-14 06:25:48,214 INFO  client.GrpcClientProtocolClient (GrpcClientProtocolClient.java:onNext(255)) - client-D2340BF4DD29->f9fecd82-c7ae-483e-b259-6428f2dfb240: receive RaftClientReply:client-D2340BF4DD29->f9fecd82-c7ae-483e-b259-6428f2dfb240@group-7DE138E597A5, cid=827, SUCCESS, logIndex=1083, commits[f9fecd82-c7ae-483e-b259-6428f2dfb240:c1085, adbfec77-7a0d-4773-aa56-ba0b778d0ab5:c1082, 90c45227-141f-43fe-b831-a2b91b39d6b0:c1082]
2019-07-14 06:25:48,215 INFO  client.GrpcClientProtocolClient (GrpcClientProtocolClient.java:onNext(255)) - client-D2340BF4DD29->f9fecd82-c7ae-483e-b259-6428f2dfb240: receive RaftClientReply:client-D2340BF4DD29->f9fecd82-c7ae-483e-b259-6428f2dfb240@group-7DE138E597A5, cid=828, SUCCESS, logIndex=1084, commits[f9fecd82-c7ae-483e-b259-6428f2dfb240:c1086, adbfec77-7a0d-4773-aa56-ba0b778d0ab5:c1082, 90c45227-141f-43fe-b831-a2b91b39d6b0:c1082]
2019-07-14 06:25:48,216 INFO  client.GrpcClientProtocolClient (GrpcClientProtocolClient.java:onNext(255)) - client-D2340BF4DD29->f9fecd82-c7ae-483e-b259-6428f2dfb240: receive RaftClientReply:client-D2340BF4DD29->f9fecd82-c7ae-483e-b259-6428f2dfb240@group-7DE138E597A5, cid=829, SUCCESS, logIndex=1085, commits[f9fecd82-c7ae-483e-b259-6428f2dfb240:c1086, adbfec77-7a0d-4773-aa56-ba0b778d0ab5:c1082, 90c45227-141f-43fe-b831-a2b91b39d6b0:c1082]
2019-07-14 06:25:48,216 INFO  client.GrpcClientProtocolClient (GrpcClientProtocolClient.java:onNext(255)) - client-D2340BF4DD29->f9fecd82-c7ae-483e-b259-6428f2dfb240: receive RaftClientReply:client-D2340BF4DD29->f9fecd82-c7ae-483e-b259-6428f2dfb240@group-7DE138E597A5, cid=830, SUCCESS, logIndex=1086, commits[f9fecd82-c7ae-483e-b259-6428f2dfb240:c1086, adbfec77-7a0d-4773-aa56-ba0b778d0ab5:c1082, 90c45227-141f-43fe-b831-a2b91b39d6b0:c1082]
2019-07-14 06:25:48,228 INFO  client.GrpcClientProtocolClient (GrpcClientProtocolClient.java:onNext(255)) - client-D2340BF4DD29->f9fecd82-c7ae-483e-b259-6428f2dfb240: receive RaftClientReply:client-D2340BF4DD29->f9fecd82-c7ae-483e-b259-6428f2dfb240@group-7DE138E597A5, cid=831, SUCCESS, logIndex=0, commits[f9fecd82-c7ae-483e-b259-6428f2dfb240:c1090, adbfec77-7a0d-4773-aa56-ba0b778d0ab5:c1084, 90c45227-141f-43fe-b831-a2b91b39d6b0:c1086]
2019-07-14 06:25:48,251 INFO  client.GrpcClientProtocolClient (GrpcClientProtocolClient.java:onNext(255)) - client-D2340BF4DD29->f9fecd82-c7ae-483e-b259-6428f2dfb240: receive RaftClientReply:client-D2340BF4DD29->f9fecd82-c7ae-483e-b259-6428f2dfb240@group-7DE138E597A5, cid=832, SUCCESS, logIndex=1091, commits[f9fecd82-c7ae-483e-b259-6428f2dfb240:c1092, adbfec77-7a0d-4773-aa56-ba0b778d0ab5:c1090, 90c45227-141f-43fe-b831-a2b91b39d6b0:c1090]
2019-07-14 06:25:48,252 INFO  client.GrpcClientProtocolClient (GrpcClientProtocolClient.java:onNext(255)) - client-D2340BF4DD29->f9fecd82-c7ae-483e-b259-6428f2dfb240: receive RaftClientReply:client-D2340BF4DD29->f9fecd82-c7ae-483e-b259-6428f2dfb240@group-7DE138E597A5, cid=833, SUCCESS, logIndex=1092, commits[f9fecd82-c7ae-483e-b259-6428f2dfb240:c1092, adbfec77-7a0d-4773-aa56-ba0b778d0ab5:c1090, 90c45227-141f-43fe-b831-a2b91b39d6b0:c1090]
2019-07-14 06:25:48,266 INFO  client.GrpcClientProtocolClient (GrpcClientProtocolClient.java:onNext(255)) - client-D2340BF4DD29->f9fecd82-c7ae-483e-b259-6428f2dfb240: receive RaftClientReply:client-D2340BF4DD29->f9fecd82-c7ae-483e-b259-6428f2dfb240@group-7DE138E597A5, cid=834, SUCCESS, logIndex=1095, commits[f9fecd82-c7ae-483e-b259-6428f2dfb240:c1096, adbfec77-7a0d-4773-aa56-ba0b778d0ab5:c1092, 90c45227-141f-43fe-b831-a2b91b39d6b0:c1092]
2019-07-14 06:25:48,266 INFO  client.GrpcClientProtocolClient (GrpcClientProtocolClient.java:onNext(255)) - client-D2340BF4DD29->f9fecd82-c7ae-483e-b259-6428f2dfb240: receive RaftClientReply:client-D2340BF4DD29->f9fecd82-c7ae-483e-b259-6428f2dfb240@group-7DE138E597A5, cid=835, SUCCESS, logIndex=1096, commits[f9fecd82-c7ae-483e-b259-6428f2dfb240:c1096, adbfec77-7a0d-4773-aa56-ba0b778d0ab5:c1092, 90c45227-141f-43fe-b831-a2b91b39d6b0:c1092]
2019-07-14 06:25:48,280 INFO  client.GrpcClientProtocolClient (GrpcClientProtocolClient.java:onNext(255)) - client-D2340BF4DD29->f9fecd82-c7ae-483e-b259-6428f2dfb240: receive RaftClientReply:client-D2340BF4DD29->f9fecd82-c7ae-483e-b259-6428f2dfb240@group-7DE138E597A5, cid=836, SUCCESS, logIndex=0, commits[f9fecd82-c7ae-483e-b259-6428f2dfb240:c1098, adbfec77-7a0d-4773-aa56-ba0b778d0ab5:c1096, 90c45227-141f-43fe-b831-a2b91b39d6b0:c1096]
2019-07-14 06:25:48,303 INFO  client.GrpcClientProtocolClient (GrpcClientProtocolClient.java:onNext(255)) - client-D2340BF4DD29->f9fecd82-c7ae-483e-b259-6428f2dfb240: receive RaftClientReply:client-D2340BF4DD29->f9fecd82-c7ae-483e-b259-6428f2dfb240@group-7DE138E597A5, cid=837, SUCCESS, logIndex=1099, commits[f9fecd82-c7ae-483e-b259-6428f2dfb240:c1100, adbfec77-7a0d-4773-aa56-ba0b778d0ab5:c1098, 90c45227-141f-43fe-b831-a2b91b39d6b0:c1098]
2019-07-14 06:25:48,304 INFO  client.GrpcClientProtocolClient (GrpcClientProtocolClient.java:onNext(255)) - client-D2340BF4DD29->f9fecd82-c7ae-483e-b259-6428f2dfb240: receive RaftClientReply:client-D2340BF4DD29->f9fecd82-c7ae-483e-b259-6428f2dfb240@group-7DE138E597A5, cid=838, SUCCESS, logIndex=1100, commits[f9fecd82-c7ae-483e-b259-6428f2dfb240:c1100, adbfec77-7a0d-4773-aa56-ba0b778d0ab5:c1098, 90c45227-141f-43fe-b831-a2b91b39d6b0:c1098]
2019-07-14 06:25:48,304 INFO  client.GrpcClientProtocolClient (GrpcClientProtocolClient.java:onNext(255)) - client-D2340BF4DD29->f9fecd82-c7ae-483e-b259-6428f2dfb240: receive RaftClientReply:client-D2340BF4DD29->f9fecd82-c7ae-483e-b259-6428f2dfb240@group-7DE138E597A5, cid=839, SUCCESS, logIndex=1101, commits[f9fecd82-c7ae-483e-b259-6428f2dfb240:c1102, adbfec77-7a0d-4773-aa56-ba0b778d0ab5:c1098, 90c45227-141f-43fe-b831-a2b91b39d6b0:c1098]
2019-07-14 06:25:48,305 INFO  client.GrpcClientProtocolClient (GrpcClientProtocolClient.java:onNext(255)) - client-D2340BF4DD29->f9fecd82-c7ae-483e-b259-6428f2dfb240: receive RaftClientReply:client-D2340BF4DD29->f9fecd82-c7ae-483e-b259-6428f2dfb240@group-7DE138E597A5, cid=840, SUCCESS, logIndex=1102, commits[f9fecd82-c7ae-483e-b259-6428f2dfb240:c1102, adbfec77-7a0d-4773-aa56-ba0b778d0ab5:c1098, 90c45227-141f-43fe-b831-a2b91b39d6b0:c1098]
2019-07-14 06:25:48,317 INFO  client.GrpcClientProtocolClient (GrpcClientProtocolClient.java:onNext(255)) - client-D2340BF4DD29->f9fecd82-c7ae-483e-b259-6428f2dfb240: receive RaftClientReply:client-D2340BF4DD29->f9fecd82-c7ae-483e-b259-6428f2dfb240@group-7DE138E597A5, cid=841, SUCCESS, logIndex=0, commits[f9fecd82-c7ae-483e-b259-6428f2dfb240:c1104, adbfec77-7a0d-4773-aa56-ba0b778d0ab5:c1100, 90c45227-141f-43fe-b831-a2b91b39d6b0:c1100]
2019-07-14 06:25:48,338 INFO  client.GrpcClientProtocolClient (GrpcClientProtocolClient.java:onNext(255)) - client-D2340BF4DD29->f9fecd82-c7ae-483e-b259-6428f2dfb240: receive RaftClientReply:client-D2340BF4DD29->f9fecd82-c7ae-483e-b259-6428f2dfb240@group-7DE138E597A5, cid=842, SUCCESS, logIndex=1107, commits[f9fecd82-c7ae-483e-b259-6428f2dfb240:c1108, adbfec77-7a0d-4773-aa56-ba0b778d0ab5:c1106, 90c45227-141f-43fe-b831-a2b91b39d6b0:c1106]
2019-07-14 06:25:48,339 INFO  client.GrpcClientProtocolClient (GrpcClientProtocolClient.java:onNext(255)) - client-D2340BF4DD29->f9fecd82-c7ae-483e-b259-6428f2dfb240: receive RaftClientReply:client-D2340BF4DD29->f9fecd82-c7ae-483e-b259-6428f2dfb240@group-7DE138E597A5, cid=843, SUCCESS, logIndex=1108, commits[f9fecd82-c7ae-483e-b259-6428f2dfb240:c1108, adbfec77-7a0d-4773-aa56-ba0b778d0ab5:c1106, 90c45227-141f-43fe-b831-a2b91b39d6b0:c1106]
2019-07-14 06:25:48,364 INFO  client.GrpcClientProtocolClient (GrpcClientProtocolClient.java:onNext(255)) - client-D2340BF4DD29->f9fecd82-c7ae-483e-b259-6428f2dfb240: receive RaftClientReply:client-D2340BF4DD29->f9fecd82-c7ae-483e-b259-6428f2dfb240@group-7DE138E597A5, cid=844, SUCCESS, logIndex=1111, commits[f9fecd82-c7ae-483e-b259-6428f2dfb240:c1112, adbfec77-7a0d-4773-aa56-ba0b778d0ab5:c1108, 90c45227-141f-43fe-b831-a2b91b39d6b0:c1108]
2019-07-14 06:25:48,365 INFO  client.GrpcClientProtocolClient (GrpcClientProtocolClient.java:onNext(255)) - client-D2340BF4DD29->f9fecd82-c7ae-483e-b259-6428f2dfb240: receive RaftClientReply:client-D2340BF4DD29->f9fecd82-c7ae-483e-b259-6428f2dfb240@group-7DE138E597A5, cid=845, SUCCESS, logIndex=1112, commits[f9fecd82-c7ae-483e-b259-6428f2dfb240:c1112, adbfec77-7a0d-4773-aa56-ba0b778d0ab5:c1108, 90c45227-141f-43fe-b831-a2b91b39d6b0:c1108]
2019-07-14 06:25:48,502 INFO  client.GrpcClientProtocolClient (GrpcClientProtocolClient.java:onNext(255)) - client-D2340BF4DD29->f9fecd82-c7ae-483e-b259-6428f2dfb240: receive RaftClientReply:client-D2340BF4DD29->f9fecd82-c7ae-483e-b259-6428f2dfb240@group-7DE138E597A5, cid=846, SUCCESS, logIndex=0, commits[f9fecd82-c7ae-483e-b259-6428f2dfb240:c1114, adbfec77-7a0d-4773-aa56-ba0b778d0ab5:c1112, 90c45227-141f-43fe-b831-a2b91b39d6b0:c1112]
2019-07-14 06:25:48,527 INFO  client.GrpcClientProtocolClient (GrpcClientProtocolClient.java:onNext(255)) - client-D2340BF4DD29->f9fecd82-c7ae-483e-b259-6428f2dfb240: receive RaftClientReply:client-D2340BF4DD29->f9fecd82-c7ae-483e-b259-6428f2dfb240@group-7DE138E597A5, cid=847, SUCCESS, logIndex=1115, commits[f9fecd82-c7ae-483e-b259-6428f2dfb240:c1116, adbfec77-7a0d-4773-aa56-ba0b778d0ab5:c1114, 90c45227-141f-43fe-b831-a2b91b39d6b0:c1114]
2019-07-14 06:25:48,528 INFO  client.GrpcClientProtocolClient (GrpcClientProtocolClient.java:onNext(255)) - client-D2340BF4DD29->f9fecd82-c7ae-483e-b259-6428f2dfb240: receive RaftClientReply:client-D2340BF4DD29->f9fecd82-c7ae-483e-b259-6428f2dfb240@group-7DE138E597A5, cid=848, SUCCESS, logIndex=1116, commits[f9fecd82-c7ae-483e-b259-6428f2dfb240:c1117, adbfec77-7a0d-4773-aa56-ba0b778d0ab5:c1114, 90c45227-141f-43fe-b831-a2b91b39d6b0:c1114]
2019-07-14 06:25:48,529 INFO  client.GrpcClientProtocolClient (GrpcClientProtocolClient.java:onNext(255)) - client-D2340BF4DD29->f9fecd82-c7ae-483e-b259-6428f2dfb240: receive RaftClientReply:client-D2340BF4DD29->f9fecd82-c7ae-483e-b259-6428f2dfb240@group-7DE138E597A5, cid=849, SUCCESS, logIndex=1117, commits[f9fecd82-c7ae-483e-b259-6428f2dfb240:c1118, adbfec77-7a0d-4773-aa56-ba0b778d0ab5:c1114, 90c45227-141f-43fe-b831-a2b91b39d6b0:c1114]
2019-07-14 06:25:48,529 INFO  client.GrpcClientProtocolClient (GrpcClientProtocolClient.java:onNext(255)) - client-D2340BF4DD29->f9fecd82-c7ae-483e-b259-6428f2dfb240: receive RaftClientReply:client-D2340BF4DD29->f9fecd82-c7ae-483e-b259-6428f2dfb240@group-7DE138E597A5, cid=850, SUCCESS, logIndex=1118, commits[f9fecd82-c7ae-483e-b259-6428f2dfb240:c1118, adbfec77-7a0d-4773-aa56-ba0b778d0ab5:c1114, 90c45227-141f-43fe-b831-a2b91b39d6b0:c1114]
2019-07-14 06:25:48,542 INFO  client.GrpcClientProtocolClient (GrpcClientProtocolClient.java:onNext(255)) - client-D2340BF4DD29->f9fecd82-c7ae-483e-b259-6428f2dfb240: receive RaftClientReply:client-D2340BF4DD29->f9fecd82-c7ae-483e-b259-6428f2dfb240@group-7DE138E597A5, cid=851, SUCCESS, logIndex=0, commits[f9fecd82-c7ae-483e-b259-6428f2dfb240:c1121, adbfec77-7a0d-4773-aa56-ba0b778d0ab5:c1116, 90c45227-141f-43fe-b831-a2b91b39d6b0:c1118]
2019-07-14 06:25:48,564 INFO  client.GrpcClientProtocolClient (GrpcClientProtocolClient.java:onNext(255)) - client-D2340BF4DD29->f9fecd82-c7ae-483e-b259-6428f2dfb240: receive RaftClientReply:client-D2340BF4DD29->f9fecd82-c7ae-483e-b259-6428f2dfb240@group-7DE138E597A5, cid=852, SUCCESS, logIndex=1123, commits[f9fecd82-c7ae-483e-b259-6428f2dfb240:c1124, adbfec77-7a0d-4773-aa56-ba0b778d0ab5:c1122, 90c45227-141f-43fe-b831-a2b91b39d6b0:c1122]
2019-07-14 06:25:48,565 INFO  client.GrpcClientProtocolClient (GrpcClientProtocolClient.java:onNext(255)) - client-D2340BF4DD29->f9fecd82-c7ae-483e-b259-6428f2dfb240: receive RaftClientReply:client-D2340BF4DD29->f9fecd82-c7ae-483e-b259-6428f2dfb240@group-7DE138E597A5, cid=853, SUCCESS, logIndex=1124, commits[f9fecd82-c7ae-483e-b259-6428f2dfb240:c1124, adbfec77-7a0d-4773-aa56-ba0b778d0ab5:c1122, 90c45227-141f-43fe-b831-a2b91b39d6b0:c1122]
2019-07-14 06:25:48,589 INFO  client.GrpcClientProtocolClient (GrpcClientProtocolClient.java:onNext(255)) - client-D2340BF4DD29->f9fecd82-c7ae-483e-b259-6428f2dfb240: receive RaftClientReply:client-D2340BF4DD29->f9fecd82-c7ae-483e-b259-6428f2dfb240@group-7DE138E597A5, cid=854, SUCCESS, logIndex=1127, commits[f9fecd82-c7ae-483e-b259-6428f2dfb240:c1128, adbfec77-7a0d-4773-aa56-ba0b778d0ab5:c1124, 90c45227-141f-43fe-b831-a2b91b39d6b0:c1124]
2019-07-14 06:25:48,590 INFO  client.GrpcClientProtocolClient (GrpcClientProtocolClient.java:onNext(255)) - client-D2340BF4DD29->f9fecd82-c7ae-483e-b259-6428f2dfb240: receive RaftClientReply:client-D2340BF4DD29->f9fecd82-c7ae-483e-b259-6428f2dfb240@group-7DE138E597A5, cid=855, SUCCESS, logIndex=1128, commits[f9fecd82-c7ae-483e-b259-6428f2dfb240:c1128, adbfec77-7a0d-4773-aa56-ba0b778d0ab5:c1124, 90c45227-141f-43fe-b831-a2b91b39d6b0:c1124]
2019-07-14 06:25:48,601 INFO  client.GrpcClientProtocolClient (GrpcClientProtocolClient.java:onNext(255)) - client-D2340BF4DD29->f9fecd82-c7ae-483e-b259-6428f2dfb240: receive RaftClientReply:client-D2340BF4DD29->f9fecd82-c7ae-483e-b259-6428f2dfb240@group-7DE138E597A5, cid=856, SUCCESS, logIndex=0, commits[f9fecd82-c7ae-483e-b259-6428f2dfb240:c1129, adbfec77-7a0d-4773-aa56-ba0b778d0ab5:c1128, 90c45227-141f-43fe-b831-a2b91b39d6b0:c1128]
 0.00% |█                                                                                                    |  0/1 Time: 0:00:032019-07-14 06:25:48,622 INFO  client.GrpcClientProtocolClient (GrpcClientProtocolClient.java:onNext(255)) - client-D2340BF4DD29->f9fecd82-c7ae-483e-b259-6428f2dfb240: receive RaftClientReply:client-D2340BF4DD29->f9fecd82-c7ae-483e-b259-6428f2dfb240@group-7DE138E597A5, cid=857, SUCCESS, logIndex=1131, commits[f9fecd82-c7ae-483e-b259-6428f2dfb240:c1132, adbfec77-7a0d-4773-aa56-ba0b778d0ab5:c1130, 90c45227-141f-43fe-b831-a2b91b39d6b0:c1130]
2019-07-14 06:25:48,622 INFO  client.GrpcClientProtocolClient (GrpcClientProtocolClient.java:onNext(255)) - client-D2340BF4DD29->f9fecd82-c7ae-483e-b259-6428f2dfb240: receive RaftClientReply:client-D2340BF4DD29->f9fecd82-c7ae-483e-b259-6428f2dfb240@group-7DE138E597A5, cid=858, SUCCESS, logIndex=1132, commits[f9fecd82-c7ae-483e-b259-6428f2dfb240:c1134, adbfec77-7a0d-4773-aa56-ba0b778d0ab5:c1130, 90c45227-141f-43fe-b831-a2b91b39d6b0:c1130]
2019-07-14 06:25:48,623 INFO  client.GrpcClientProtocolClient (GrpcClientProtocolClient.java:onNext(255)) - client-D2340BF4DD29->f9fecd82-c7ae-483e-b259-6428f2dfb240: receive RaftClientReply:client-D2340BF4DD29->f9fecd82-c7ae-483e-b259-6428f2dfb240@group-7DE138E597A5, cid=859, SUCCESS, logIndex=1133, commits[f9fecd82-c7ae-483e-b259-6428f2dfb240:c1134, adbfec77-7a0d-4773-aa56-ba0b778d0ab5:c1130, 90c45227-141f-43fe-b831-a2b91b39d6b0:c1130]
2019-07-14 06:25:48,623 INFO  client.GrpcClientProtocolClient (GrpcClientProtocolClient.java:onNext(255)) - client-D2340BF4DD29->f9fecd82-c7ae-483e-b259-6428f2dfb240: receive RaftClientReply:client-D2340BF4DD29->f9fecd82-c7ae-483e-b259-6428f2dfb240@group-7DE138E597A5, cid=860, SUCCESS, logIndex=1134, commits[f9fecd82-c7ae-483e-b259-6428f2dfb240:c1134, adbfec77-7a0d-4773-aa56-ba0b778d0ab5:c1130, 90c45227-141f-43fe-b831-a2b91b39d6b0:c1130]
2019-07-14 06:25:48,636 INFO  client.GrpcClientProtocolClient (GrpcClientProtocolClient.java:onNext(255)) - client-D2340BF4DD29->f9fecd82-c7ae-483e-b259-6428f2dfb240: receive RaftClientReply:client-D2340BF4DD29->f9fecd82-c7ae-483e-b259-6428f2dfb240@group-7DE138E597A5, cid=861, SUCCESS, logIndex=0, commits[f9fecd82-c7ae-483e-b259-6428f2dfb240:c1136, adbfec77-7a0d-4773-aa56-ba0b778d0ab5:c1132, 90c45227-141f-43fe-b831-a2b91b39d6b0:c1132]
2019-07-14 06:25:48,659 INFO  client.GrpcClientProtocolClient (GrpcClientProtocolClient.java:onNext(255)) - client-D2340BF4DD29->f9fecd82-c7ae-483e-b259-6428f2dfb240: receive RaftClientReply:client-D2340BF4DD29->f9fecd82-c7ae-483e-b259-6428f2dfb240@group-7DE138E597A5, cid=862, SUCCESS, logIndex=1138, commits[f9fecd82-c7ae-483e-b259-6428f2dfb240:c1139, adbfec77-7a0d-4773-aa56-ba0b778d0ab5:c1137, 90c45227-141f-43fe-b831-a2b91b39d6b0:c1137]
2019-07-14 06:25:48,660 INFO  client.GrpcClientProtocolClient (GrpcClientProtocolClient.java:onNext(255)) - client-D2340BF4DD29->f9fecd82-c7ae-483e-b259-6428f2dfb240: receive RaftClientReply:client-D2340BF4DD29->f9fecd82-c7ae-483e-b259-6428f2dfb240@group-7DE138E597A5, cid=863, SUCCESS, logIndex=1139, commits[f9fecd82-c7ae-483e-b259-6428f2dfb240:c1139, adbfec77-7a0d-4773-aa56-ba0b778d0ab5:c1137, 90c45227-141f-43fe-b831-a2b91b39d6b0:c1137]
2019-07-14 06:25:48,677 INFO  client.GrpcClientProtocolClient (GrpcClientProtocolClient.java:onNext(255)) - client-D2340BF4DD29->f9fecd82-c7ae-483e-b259-6428f2dfb240: receive RaftClientReply:client-D2340BF4DD29->f9fecd82-c7ae-483e-b259-6428f2dfb240@group-7DE138E597A5, cid=864, SUCCESS, logIndex=1142, commits[f9fecd82-c7ae-483e-b259-6428f2dfb240:c1143, adbfec77-7a0d-4773-aa56-ba0b778d0ab5:c1139, 90c45227-141f-43fe-b831-a2b91b39d6b0:c1139]
2019-07-14 06:25:48,677 INFO  client.GrpcClientProtocolClient (GrpcClientProtocolClient.java:onNext(255)) - client-D2340BF4DD29->f9fecd82-c7ae-483e-b259-6428f2dfb240: receive RaftClientReply:client-D2340BF4DD29->f9fecd82-c7ae-483e-b259-6428f2dfb240@group-7DE138E597A5, cid=865, SUCCESS, logIndex=1143, commits[f9fecd82-c7ae-483e-b259-6428f2dfb240:c1143, adbfec77-7a0d-4773-aa56-ba0b778d0ab5:c1139, 90c45227-141f-43fe-b831-a2b91b39d6b0:c1139]
2019-07-14 06:25:48,682 INFO  client.GrpcClientProtocolClient (GrpcClientProtocolClient.java:onNext(255)) - client-D2340BF4DD29->f9fecd82-c7ae-483e-b259-6428f2dfb240: receive RaftClientReply:client-D2340BF4DD29->f9fecd82-c7ae-483e-b259-6428f2dfb240@group-7DE138E597A5, cid=866, SUCCESS, logIndex=0, commits[f9fecd82-c7ae-483e-b259-6428f2dfb240:c1145, adbfec77-7a0d-4773-aa56-ba0b778d0ab5:c1143, 90c45227-141f-43fe-b831-a2b91b39d6b0:c1143]
2019-07-14 06:25:48,702 INFO  client.GrpcClientProtocolClient (GrpcClientProtocolClient.java:onNext(255)) - client-D2340BF4DD29->f9fecd82-c7ae-483e-b259-6428f2dfb240: receive RaftClientReply:client-D2340BF4DD29->f9fecd82-c7ae-483e-b259-6428f2dfb240@group-7DE138E597A5, cid=867, SUCCESS, logIndex=1146, commits[f9fecd82-c7ae-483e-b259-6428f2dfb240:c1147, adbfec77-7a0d-4773-aa56-ba0b778d0ab5:c1145, 90c45227-141f-43fe-b831-a2b91b39d6b0:c1145]
2019-07-14 06:25:48,703 INFO  client.GrpcClientProtocolClient (GrpcClientProtocolClient.java:onNext(255)) - client-D2340BF4DD29->f9fecd82-c7ae-483e-b259-6428f2dfb240: receive RaftClientReply:client-D2340BF4DD29->f9fecd82-c7ae-483e-b259-6428f2dfb240@group-7DE138E597A5, cid=868, SUCCESS, logIndex=1147, commits[f9fecd82-c7ae-483e-b259-6428f2dfb240:c1148, adbfec77-7a0d-4773-aa56-ba0b778d0ab5:c1145, 90c45227-141f-43fe-b831-a2b91b39d6b0:c1145]
2019-07-14 06:25:48,703 INFO  client.GrpcClientProtocolClient (GrpcClientProtocolClient.java:onNext(255)) - client-D2340BF4DD29->f9fecd82-c7ae-483e-b259-6428f2dfb240: receive RaftClientReply:client-D2340BF4DD29->f9fecd82-c7ae-483e-b259-6428f2dfb240@group-7DE138E597A5, cid=869, SUCCESS, logIndex=1148, commits[f9fecd82-c7ae-483e-b259-6428f2dfb240:c1149, adbfec77-7a0d-4773-aa56-ba0b778d0ab5:c1145, 90c45227-141f-43fe-b831-a2b91b39d6b0:c1145]
2019-07-14 06:25:48,703 INFO  client.GrpcClientProtocolClient (GrpcClientProtocolClient.java:onNext(255)) - client-D2340BF4DD29->f9fecd82-c7ae-483e-b259-6428f2dfb240: receive RaftClientReply:client-D2340BF4DD29->f9fecd82-c7ae-483e-b259-6428f2dfb240@group-7DE138E597A5, cid=870, SUCCESS, logIndex=1149, commits[f9fecd82-c7ae-483e-b259-6428f2dfb240:c1149, adbfec77-7a0d-4773-aa56-ba0b778d0ab5:c1145, 90c45227-141f-43fe-b831-a2b91b39d6b0:c1145]
2019-07-14 06:25:48,706 INFO  client.GrpcClientProtocolClient (GrpcClientProtocolClient.java:onNext(255)) - client-D2340BF4DD29->f9fecd82-c7ae-483e-b259-6428f2dfb240: receive RaftClientReply:client-D2340BF4DD29->f9fecd82-c7ae-483e-b259-6428f2dfb240@group-7DE138E597A5, cid=871, SUCCESS, logIndex=0, commits[f9fecd82-c7ae-483e-b259-6428f2dfb240:c1152, adbfec77-7a0d-4773-aa56-ba0b778d0ab5:c1149, 90c45227-141f-43fe-b831-a2b91b39d6b0:c1147]
2019-07-14 06:25:48,718 INFO  client.GrpcClientProtocolClient (GrpcClientProtocolClient.java:onNext(255)) - client-D2340BF4DD29->f9fecd82-c7ae-483e-b259-6428f2dfb240: receive RaftClientReply:client-D2340BF4DD29->f9fecd82-c7ae-483e-b259-6428f2dfb240@group-7DE138E597A5, cid=872, SUCCESS, logIndex=1154, commits[f9fecd82-c7ae-483e-b259-6428f2dfb240:c1155, adbfec77-7a0d-4773-aa56-ba0b778d0ab5:c1152, 90c45227-141f-43fe-b831-a2b91b39d6b0:c1152]
2019-07-14 06:25:48,718 INFO  client.GrpcClientProtocolClient (GrpcClientProtocolClient.java:onNext(255)) - client-D2340BF4DD29->f9fecd82-c7ae-483e-b259-6428f2dfb240: receive RaftClientReply:client-D2340BF4DD29->f9fecd82-c7ae-483e-b259-6428f2dfb240@group-7DE138E597A5, cid=873, SUCCESS, logIndex=1155, commits[f9fecd82-c7ae-483e-b259-6428f2dfb240:c1155, adbfec77-7a0d-4773-aa56-ba0b778d0ab5:c1152, 90c45227-141f-43fe-b831-a2b91b39d6b0:c1152]
2019-07-14 06:25:48,734 INFO  client.GrpcClientProtocolClient (GrpcClientProtocolClient.java:onNext(255)) - client-D2340BF4DD29->f9fecd82-c7ae-483e-b259-6428f2dfb240: receive RaftClientReply:client-D2340BF4DD29->f9fecd82-c7ae-483e-b259-6428f2dfb240@group-7DE138E597A5, cid=874, SUCCESS, logIndex=1158, commits[f9fecd82-c7ae-483e-b259-6428f2dfb240:c1159, adbfec77-7a0d-4773-aa56-ba0b778d0ab5:c1155, 90c45227-141f-43fe-b831-a2b91b39d6b0:c1155]
2019-07-14 06:25:48,734 INFO  client.GrpcClientProtocolClient (GrpcClientProtocolClient.java:onNext(255)) - client-D2340BF4DD29->f9fecd82-c7ae-483e-b259-6428f2dfb240: receive RaftClientReply:client-D2340BF4DD29->f9fecd82-c7ae-483e-b259-6428f2dfb240@group-7DE138E597A5, cid=875, SUCCESS, logIndex=1159, commits[f9fecd82-c7ae-483e-b259-6428f2dfb240:c1159, adbfec77-7a0d-4773-aa56-ba0b778d0ab5:c1155, 90c45227-141f-43fe-b831-a2b91b39d6b0:c1155]
2019-07-14 06:25:48,745 INFO  client.GrpcClientProtocolClient (GrpcClientProtocolClient.java:onNext(255)) - client-D2340BF4DD29->f9fecd82-c7ae-483e-b259-6428f2dfb240: receive RaftClientReply:client-D2340BF4DD29->f9fecd82-c7ae-483e-b259-6428f2dfb240@group-7DE138E597A5, cid=876, SUCCESS, logIndex=0, commits[f9fecd82-c7ae-483e-b259-6428f2dfb240:c1160, adbfec77-7a0d-4773-aa56-ba0b778d0ab5:c1159, 90c45227-141f-43fe-b831-a2b91b39d6b0:c1159]
2019-07-14 06:25:48,766 INFO  client.GrpcClientProtocolClient (GrpcClientProtocolClient.java:onNext(255)) - client-D2340BF4DD29->f9fecd82-c7ae-483e-b259-6428f2dfb240: receive RaftClientReply:client-D2340BF4DD29->f9fecd82-c7ae-483e-b259-6428f2dfb240@group-7DE138E597A5, cid=877, SUCCESS, logIndex=1161, commits[f9fecd82-c7ae-483e-b259-6428f2dfb240:c1164, adbfec77-7a0d-4773-aa56-ba0b778d0ab5:c1159, 90c45227-141f-43fe-b831-a2b91b39d6b0:c1160]
2019-07-14 06:25:48,766 INFO  client.GrpcClientProtocolClient (GrpcClientProtocolClient.java:onNext(255)) - client-D2340BF4DD29->f9fecd82-c7ae-483e-b259-6428f2dfb240: receive RaftClientReply:client-D2340BF4DD29->f9fecd82-c7ae-483e-b259-6428f2dfb240@group-7DE138E597A5, cid=878, SUCCESS, logIndex=1162, commits[f9fecd82-c7ae-483e-b259-6428f2dfb240:c1164, adbfec77-7a0d-4773-aa56-ba0b778d0ab5:c1160, 90c45227-141f-43fe-b831-a2b91b39d6b0:c1160]
2019-07-14 06:25:48,767 INFO  client.GrpcClientProtocolClient (GrpcClientProtocolClient.java:onNext(255)) - client-D2340BF4DD29->f9fecd82-c7ae-483e-b259-6428f2dfb240: receive RaftClientReply:client-D2340BF4DD29->f9fecd82-c7ae-483e-b259-6428f2dfb240@group-7DE138E597A5, cid=879, SUCCESS, logIndex=1163, commits[f9fecd82-c7ae-483e-b259-6428f2dfb240:c1164, adbfec77-7a0d-4773-aa56-ba0b778d0ab5:c1160, 90c45227-141f-43fe-b831-a2b91b39d6b0:c1160]
2019-07-14 06:25:48,767 INFO  client.GrpcClientProtocolClient (GrpcClientProtocolClient.java:onNext(255)) - client-D2340BF4DD29->f9fecd82-c7ae-483e-b259-6428f2dfb240: receive RaftClientReply:client-D2340BF4DD29->f9fecd82-c7ae-483e-b259-6428f2dfb240@group-7DE138E597A5, cid=880, SUCCESS, logIndex=1164, commits[f9fecd82-c7ae-483e-b259-6428f2dfb240:c1164, adbfec77-7a0d-4773-aa56-ba0b778d0ab5:c1160, 90c45227-141f-43fe-b831-a2b91b39d6b0:c1160]
2019-07-14 06:25:48,768 INFO  client.GrpcClientProtocolClient (GrpcClientProtocolClient.java:onNext(255)) - client-D2340BF4DD29->f9fecd82-c7ae-483e-b259-6428f2dfb240: receive RaftClientReply:client-D2340BF4DD29->f9fecd82-c7ae-483e-b259-6428f2dfb240@group-7DE138E597A5, cid=881, SUCCESS, logIndex=0, commits[f9fecd82-c7ae-483e-b259-6428f2dfb240:c1167, adbfec77-7a0d-4773-aa56-ba0b778d0ab5:c1164, 90c45227-141f-43fe-b831-a2b91b39d6b0:c1164]
2019-07-14 06:25:48,807 INFO  client.GrpcClientProtocolClient (GrpcClientProtocolClient.java:onNext(255)) - client-D2340BF4DD29->f9fecd82-c7ae-483e-b259-6428f2dfb240: receive RaftClientReply:client-D2340BF4DD29->f9fecd82-c7ae-483e-b259-6428f2dfb240@group-7DE138E597A5, cid=882, SUCCESS, logIndex=1168, commits[f9fecd82-c7ae-483e-b259-6428f2dfb240:c1169, adbfec77-7a0d-4773-aa56-ba0b778d0ab5:c1167, 90c45227-141f-43fe-b831-a2b91b39d6b0:c1167]
2019-07-14 06:25:48,807 INFO  client.GrpcClientProtocolClient (GrpcClientProtocolClient.java:onNext(255)) - client-D2340BF4DD29->f9fecd82-c7ae-483e-b259-6428f2dfb240: receive RaftClientReply:client-D2340BF4DD29->f9fecd82-c7ae-483e-b259-6428f2dfb240@group-7DE138E597A5, cid=883, SUCCESS, logIndex=1169, commits[f9fecd82-c7ae-483e-b259-6428f2dfb240:c1169, adbfec77-7a0d-4773-aa56-ba0b778d0ab5:c1167, 90c45227-141f-43fe-b831-a2b91b39d6b0:c1167]
2019-07-14 06:25:48,830 INFO  client.GrpcClientProtocolClient (GrpcClientProtocolClient.java:onNext(255)) - client-D2340BF4DD29->f9fecd82-c7ae-483e-b259-6428f2dfb240: receive RaftClientReply:client-D2340BF4DD29->f9fecd82-c7ae-483e-b259-6428f2dfb240@group-7DE138E597A5, cid=884, SUCCESS, logIndex=1172, commits[f9fecd82-c7ae-483e-b259-6428f2dfb240:c1173, adbfec77-7a0d-4773-aa56-ba0b778d0ab5:c1169, 90c45227-141f-43fe-b831-a2b91b39d6b0:c1169]
2019-07-14 06:25:48,831 INFO  client.GrpcClientProtocolClient (GrpcClientProtocolClient.java:onNext(255)) - client-D2340BF4DD29->f9fecd82-c7ae-483e-b259-6428f2dfb240: receive RaftClientReply:client-D2340BF4DD29->f9fecd82-c7ae-483e-b259-6428f2dfb240@group-7DE138E597A5, cid=885, SUCCESS, logIndex=1173, commits[f9fecd82-c7ae-483e-b259-6428f2dfb240:c1173, adbfec77-7a0d-4773-aa56-ba0b778d0ab5:c1169, 90c45227-141f-43fe-b831-a2b91b39d6b0:c1169]
2019-07-14 06:25:48,833 INFO  client.GrpcClientProtocolClient (GrpcClientProtocolClient.java:onNext(255)) - client-D2340BF4DD29->f9fecd82-c7ae-483e-b259-6428f2dfb240: receive RaftClientReply:client-D2340BF4DD29->f9fecd82-c7ae-483e-b259-6428f2dfb240@group-7DE138E597A5, cid=886, SUCCESS, logIndex=0, commits[f9fecd82-c7ae-483e-b259-6428f2dfb240:c1174, adbfec77-7a0d-4773-aa56-ba0b778d0ab5:c1173, 90c45227-141f-43fe-b831-a2b91b39d6b0:c1173]
2019-07-14 06:25:48,855 INFO  client.GrpcClientProtocolClient (GrpcClientProtocolClient.java:onNext(255)) - client-D2340BF4DD29->f9fecd82-c7ae-483e-b259-6428f2dfb240: receive RaftClientReply:client-D2340BF4DD29->f9fecd82-c7ae-483e-b259-6428f2dfb240@group-7DE138E597A5, cid=887, SUCCESS, logIndex=1176, commits[f9fecd82-c7ae-483e-b259-6428f2dfb240:c1177, adbfec77-7a0d-4773-aa56-ba0b778d0ab5:c1175, 90c45227-141f-43fe-b831-a2b91b39d6b0:c1175]
2019-07-14 06:25:48,855 INFO  client.GrpcClientProtocolClient (GrpcClientProtocolClient.java:onNext(255)) - client-D2340BF4DD29->f9fecd82-c7ae-483e-b259-6428f2dfb240: receive RaftClientReply:client-D2340BF4DD29->f9fecd82-c7ae-483e-b259-6428f2dfb240@group-7DE138E597A5, cid=888, SUCCESS, logIndex=1177, commits[f9fecd82-c7ae-483e-b259-6428f2dfb240:c1179, adbfec77-7a0d-4773-aa56-ba0b778d0ab5:c1175, 90c45227-141f-43fe-b831-a2b91b39d6b0:c1175]
2019-07-14 06:25:48,856 INFO  client.GrpcClientProtocolClient (GrpcClientProtocolClient.java:onNext(255)) - client-D2340BF4DD29->f9fecd82-c7ae-483e-b259-6428f2dfb240: receive RaftClientReply:client-D2340BF4DD29->f9fecd82-c7ae-483e-b259-6428f2dfb240@group-7DE138E597A5, cid=889, SUCCESS, logIndex=1178, commits[f9fecd82-c7ae-483e-b259-6428f2dfb240:c1179, adbfec77-7a0d-4773-aa56-ba0b778d0ab5:c1175, 90c45227-141f-43fe-b831-a2b91b39d6b0:c1175]
2019-07-14 06:25:48,856 INFO  client.GrpcClientProtocolClient (GrpcClientProtocolClient.java:onNext(255)) - client-D2340BF4DD29->f9fecd82-c7ae-483e-b259-6428f2dfb240: receive RaftClientReply:client-D2340BF4DD29->f9fecd82-c7ae-483e-b259-6428f2dfb240@group-7DE138E597A5, cid=890, SUCCESS, logIndex=1179, commits[f9fecd82-c7ae-483e-b259-6428f2dfb240:c1179, adbfec77-7a0d-4773-aa56-ba0b778d0ab5:c1175, 90c45227-141f-43fe-b831-a2b91b39d6b0:c1175]
2019-07-14 06:25:48,859 INFO  client.GrpcClientProtocolClient (GrpcClientProtocolClient.java:onNext(255)) - client-D2340BF4DD29->f9fecd82-c7ae-483e-b259-6428f2dfb240: receive RaftClientReply:client-D2340BF4DD29->f9fecd82-c7ae-483e-b259-6428f2dfb240@group-7DE138E597A5, cid=891, SUCCESS, logIndex=0, commits[f9fecd82-c7ae-483e-b259-6428f2dfb240:c1180, adbfec77-7a0d-4773-aa56-ba0b778d0ab5:c1177, 90c45227-141f-43fe-b831-a2b91b39d6b0:c1177]
2019-07-14 06:25:48,883 INFO  client.GrpcClientProtocolClient (GrpcClientProtocolClient.java:onNext(255)) - client-D2340BF4DD29->f9fecd82-c7ae-483e-b259-6428f2dfb240: receive RaftClientReply:client-D2340BF4DD29->f9fecd82-c7ae-483e-b259-6428f2dfb240@group-7DE138E597A5, cid=892, SUCCESS, logIndex=1184, commits[f9fecd82-c7ae-483e-b259-6428f2dfb240:c1185, adbfec77-7a0d-4773-aa56-ba0b778d0ab5:c1179, 90c45227-141f-43fe-b831-a2b91b39d6b0:c1183]
2019-07-14 06:25:48,883 INFO  client.GrpcClientProtocolClient (GrpcClientProtocolClient.java:onNext(255)) - client-D2340BF4DD29->f9fecd82-c7ae-483e-b259-6428f2dfb240: receive RaftClientReply:client-D2340BF4DD29->f9fecd82-c7ae-483e-b259-6428f2dfb240@group-7DE138E597A5, cid=893, SUCCESS, logIndex=1185, commits[f9fecd82-c7ae-483e-b259-6428f2dfb240:c1185, adbfec77-7a0d-4773-aa56-ba0b778d0ab5:c1183, 90c45227-141f-43fe-b831-a2b91b39d6b0:c1183]
2019-07-14 06:25:48,906 INFO  client.GrpcClientProtocolClient (GrpcClientProtocolClient.java:onNext(255)) - client-D2340BF4DD29->f9fecd82-c7ae-483e-b259-6428f2dfb240: receive RaftClientReply:client-D2340BF4DD29->f9fecd82-c7ae-483e-b259-6428f2dfb240@group-7DE138E597A5, cid=894, SUCCESS, logIndex=1188, commits[f9fecd82-c7ae-483e-b259-6428f2dfb240:c1189, adbfec77-7a0d-4773-aa56-ba0b778d0ab5:c1187, 90c45227-141f-43fe-b831-a2b91b39d6b0:c1187]
2019-07-14 06:25:48,906 INFO  client.GrpcClientProtocolClient (GrpcClientProtocolClient.java:onNext(255)) - client-D2340BF4DD29->f9fecd82-c7ae-483e-b259-6428f2dfb240: receive RaftClientReply:client-D2340BF4DD29->f9fecd82-c7ae-483e-b259-6428f2dfb240@group-7DE138E597A5, cid=895, SUCCESS, logIndex=1189, commits[f9fecd82-c7ae-483e-b259-6428f2dfb240:c1189, adbfec77-7a0d-4773-aa56-ba0b778d0ab5:c1187, 90c45227-141f-43fe-b831-a2b91b39d6b0:c1187]
2019-07-14 06:25:48,932 INFO  client.GrpcClientProtocolClient (GrpcClientProtocolClient.java:onNext(255)) - client-D2340BF4DD29->f9fecd82-c7ae-483e-b259-6428f2dfb240: receive RaftClientReply:client-D2340BF4DD29->f9fecd82-c7ae-483e-b259-6428f2dfb240@group-7DE138E597A5, cid=896, SUCCESS, logIndex=0, commits[f9fecd82-c7ae-483e-b259-6428f2dfb240:c1191, adbfec77-7a0d-4773-aa56-ba0b778d0ab5:c1189, 90c45227-141f-43fe-b831-a2b91b39d6b0:c1189]
2019-07-14 06:25:48,966 INFO  client.GrpcClientProtocolClient (GrpcClientProtocolClient.java:onNext(255)) - client-D2340BF4DD29->f9fecd82-c7ae-483e-b259-6428f2dfb240: receive RaftClientReply:client-D2340BF4DD29->f9fecd82-c7ae-483e-b259-6428f2dfb240@group-7DE138E597A5, cid=897, SUCCESS, logIndex=1192, commits[f9fecd82-c7ae-483e-b259-6428f2dfb240:c1193, adbfec77-7a0d-4773-aa56-ba0b778d0ab5:c1191, 90c45227-141f-43fe-b831-a2b91b39d6b0:c1191]
2019-07-14 06:25:48,967 INFO  client.GrpcClientProtocolClient (GrpcClientProtocolClient.java:onNext(255)) - client-D2340BF4DD29->f9fecd82-c7ae-483e-b259-6428f2dfb240: receive RaftClientReply:client-D2340BF4DD29->f9fecd82-c7ae-483e-b259-6428f2dfb240@group-7DE138E597A5, cid=898, SUCCESS, logIndex=1193, commits[f9fecd82-c7ae-483e-b259-6428f2dfb240:c1194, adbfec77-7a0d-4773-aa56-ba0b778d0ab5:c1191, 90c45227-141f-43fe-b831-a2b91b39d6b0:c1191]
2019-07-14 06:25:48,967 INFO  client.GrpcClientProtocolClient (GrpcClientProtocolClient.java:onNext(255)) - client-D2340BF4DD29->f9fecd82-c7ae-483e-b259-6428f2dfb240: receive RaftClientReply:client-D2340BF4DD29->f9fecd82-c7ae-483e-b259-6428f2dfb240@group-7DE138E597A5, cid=899, SUCCESS, logIndex=1194, commits[f9fecd82-c7ae-483e-b259-6428f2dfb240:c1195, adbfec77-7a0d-4773-aa56-ba0b778d0ab5:c1191, 90c45227-141f-43fe-b831-a2b91b39d6b0:c1191]
2019-07-14 06:25:48,968 INFO  client.GrpcClientProtocolClient (GrpcClientProtocolClient.java:onNext(255)) - client-D2340BF4DD29->f9fecd82-c7ae-483e-b259-6428f2dfb240: receive RaftClientReply:client-D2340BF4DD29->f9fecd82-c7ae-483e-b259-6428f2dfb240@group-7DE138E597A5, cid=900, SUCCESS, logIndex=1195, commits[f9fecd82-c7ae-483e-b259-6428f2dfb240:c1196, adbfec77-7a0d-4773-aa56-ba0b778d0ab5:c1193, 90c45227-141f-43fe-b831-a2b91b39d6b0:c1191]
2019-07-14 06:25:48,970 INFO  client.GrpcClientProtocolClient (GrpcClientProtocolClient.java:onNext(255)) - client-D2340BF4DD29->f9fecd82-c7ae-483e-b259-6428f2dfb240: receive RaftClientReply:client-D2340BF4DD29->f9fecd82-c7ae-483e-b259-6428f2dfb240@group-7DE138E597A5, cid=901, SUCCESS, logIndex=0, commits[f9fecd82-c7ae-483e-b259-6428f2dfb240:c1196, adbfec77-7a0d-4773-aa56-ba0b778d0ab5:c1193, 90c45227-141f-43fe-b831-a2b91b39d6b0:c1193]
2019-07-14 06:25:48,994 INFO  client.GrpcClientProtocolClient (GrpcClientProtocolClient.java:onNext(255)) - client-D2340BF4DD29->f9fecd82-c7ae-483e-b259-6428f2dfb240: receive RaftClientReply:client-D2340BF4DD29->f9fecd82-c7ae-483e-b259-6428f2dfb240@group-7DE138E597A5, cid=902, SUCCESS, logIndex=1200, commits[f9fecd82-c7ae-483e-b259-6428f2dfb240:c1201, adbfec77-7a0d-4773-aa56-ba0b778d0ab5:c1194, 90c45227-141f-43fe-b831-a2b91b39d6b0:c1196]
2019-07-14 06:25:48,994 INFO  client.GrpcClientProtocolClient (GrpcClientProtocolClient.java:onNext(255)) - client-D2340BF4DD29->f9fecd82-c7ae-483e-b259-6428f2dfb240: receive RaftClientReply:client-D2340BF4DD29->f9fecd82-c7ae-483e-b259-6428f2dfb240@group-7DE138E597A5, cid=903, SUCCESS, logIndex=1201, commits[f9fecd82-c7ae-483e-b259-6428f2dfb240:c1201, adbfec77-7a0d-4773-aa56-ba0b778d0ab5:c1196, 90c45227-141f-43fe-b831-a2b91b39d6b0:c1196]
2019-07-14 06:25:49,011 INFO  client.GrpcClientProtocolClient (GrpcClientProtocolClient.java:onNext(255)) - client-D2340BF4DD29->f9fecd82-c7ae-483e-b259-6428f2dfb240: receive RaftClientReply:client-D2340BF4DD29->f9fecd82-c7ae-483e-b259-6428f2dfb240@group-7DE138E597A5, cid=904, SUCCESS, logIndex=1204, commits[f9fecd82-c7ae-483e-b259-6428f2dfb240:c1205, adbfec77-7a0d-4773-aa56-ba0b778d0ab5:c1201, 90c45227-141f-43fe-b831-a2b91b39d6b0:c1201]
2019-07-14 06:25:49,011 INFO  client.GrpcClientProtocolClient (GrpcClientProtocolClient.java:onNext(255)) - client-D2340BF4DD29->f9fecd82-c7ae-483e-b259-6428f2dfb240: receive RaftClientReply:client-D2340BF4DD29->f9fecd82-c7ae-483e-b259-6428f2dfb240@group-7DE138E597A5, cid=905, SUCCESS, logIndex=1205, commits[f9fecd82-c7ae-483e-b259-6428f2dfb240:c1205, adbfec77-7a0d-4773-aa56-ba0b778d0ab5:c1201, 90c45227-141f-43fe-b831-a2b91b39d6b0:c1201]
2019-07-14 06:25:49,023 INFO  client.GrpcClientProtocolClient (GrpcClientProtocolClient.java:onNext(255)) - client-D2340BF4DD29->f9fecd82-c7ae-483e-b259-6428f2dfb240: receive RaftClientReply:client-D2340BF4DD29->f9fecd82-c7ae-483e-b259-6428f2dfb240@group-7DE138E597A5, cid=906, SUCCESS, logIndex=0, commits[f9fecd82-c7ae-483e-b259-6428f2dfb240:c1207, adbfec77-7a0d-4773-aa56-ba0b778d0ab5:c1205, 90c45227-141f-43fe-b831-a2b91b39d6b0:c1205]
2019-07-14 06:25:49,049 INFO  client.GrpcClientProtocolClient (GrpcClientProtocolClient.java:onNext(255)) - client-D2340BF4DD29->f9fecd82-c7ae-483e-b259-6428f2dfb240: receive RaftClientReply:client-D2340BF4DD29->f9fecd82-c7ae-483e-b259-6428f2dfb240@group-7DE138E597A5, cid=907, SUCCESS, logIndex=1208, commits[f9fecd82-c7ae-483e-b259-6428f2dfb240:c1209, adbfec77-7a0d-4773-aa56-ba0b778d0ab5:c1207, 90c45227-141f-43fe-b831-a2b91b39d6b0:c1207]
2019-07-14 06:25:49,049 INFO  client.GrpcClientProtocolClient (GrpcClientProtocolClient.java:onNext(255)) - client-D2340BF4DD29->f9fecd82-c7ae-483e-b259-6428f2dfb240: receive RaftClientReply:client-D2340BF4DD29->f9fecd82-c7ae-483e-b259-6428f2dfb240@group-7DE138E597A5, cid=908, SUCCESS, logIndex=1209, commits[f9fecd82-c7ae-483e-b259-6428f2dfb240:c1211, adbfec77-7a0d-4773-aa56-ba0b778d0ab5:c1207, 90c45227-141f-43fe-b831-a2b91b39d6b0:c1207]
2019-07-14 06:25:49,050 INFO  client.GrpcClientProtocolClient (GrpcClientProtocolClient.java:onNext(255)) - client-D2340BF4DD29->f9fecd82-c7ae-483e-b259-6428f2dfb240: receive RaftClientReply:client-D2340BF4DD29->f9fecd82-c7ae-483e-b259-6428f2dfb240@group-7DE138E597A5, cid=909, SUCCESS, logIndex=1210, commits[f9fecd82-c7ae-483e-b259-6428f2dfb240:c1211, adbfec77-7a0d-4773-aa56-ba0b778d0ab5:c1207, 90c45227-141f-43fe-b831-a2b91b39d6b0:c1207]
2019-07-14 06:25:49,051 INFO  client.GrpcClientProtocolClient (GrpcClientProtocolClient.java:onNext(255)) - client-D2340BF4DD29->f9fecd82-c7ae-483e-b259-6428f2dfb240: receive RaftClientReply:client-D2340BF4DD29->f9fecd82-c7ae-483e-b259-6428f2dfb240@group-7DE138E597A5, cid=910, SUCCESS, logIndex=1211, commits[f9fecd82-c7ae-483e-b259-6428f2dfb240:c1211, adbfec77-7a0d-4773-aa56-ba0b778d0ab5:c1207, 90c45227-141f-43fe-b831-a2b91b39d6b0:c1207]
2019-07-14 06:25:49,052 INFO  client.GrpcClientProtocolClient (GrpcClientProtocolClient.java:onNext(255)) - client-D2340BF4DD29->f9fecd82-c7ae-483e-b259-6428f2dfb240: receive RaftClientReply:client-D2340BF4DD29->f9fecd82-c7ae-483e-b259-6428f2dfb240@group-7DE138E597A5, cid=911, SUCCESS, logIndex=0, commits[f9fecd82-c7ae-483e-b259-6428f2dfb240:c1214, adbfec77-7a0d-4773-aa56-ba0b778d0ab5:c1209, 90c45227-141f-43fe-b831-a2b91b39d6b0:c1211]
2019-07-14 06:25:49,066 INFO  client.GrpcClientProtocolClient (GrpcClientProtocolClient.java:onNext(255)) - client-D2340BF4DD29->f9fecd82-c7ae-483e-b259-6428f2dfb240: receive RaftClientReply:client-D2340BF4DD29->f9fecd82-c7ae-483e-b259-6428f2dfb240@group-7DE138E597A5, cid=912, SUCCESS, logIndex=1215, commits[f9fecd82-c7ae-483e-b259-6428f2dfb240:c1216, adbfec77-7a0d-4773-aa56-ba0b778d0ab5:c1214, 90c45227-141f-43fe-b831-a2b91b39d6b0:c1214]
2019-07-14 06:25:49,066 INFO  client.GrpcClientProtocolClient (GrpcClientProtocolClient.java:onNext(255)) - client-D2340BF4DD29->f9fecd82-c7ae-483e-b259-6428f2dfb240: receive RaftClientReply:client-D2340BF4DD29->f9fecd82-c7ae-483e-b259-6428f2dfb240@group-7DE138E597A5, cid=913, SUCCESS, logIndex=1216, commits[f9fecd82-c7ae-483e-b259-6428f2dfb240:c1216, adbfec77-7a0d-4773-aa56-ba0b778d0ab5:c1214, 90c45227-141f-43fe-b831-a2b91b39d6b0:c1214]
2019-07-14 06:25:49,086 INFO  client.GrpcClientProtocolClient (GrpcClientProtocolClient.java:onNext(255)) - client-D2340BF4DD29->f9fecd82-c7ae-483e-b259-6428f2dfb240: receive RaftClientReply:client-D2340BF4DD29->f9fecd82-c7ae-483e-b259-6428f2dfb240@group-7DE138E597A5, cid=914, SUCCESS, logIndex=1219, commits[f9fecd82-c7ae-483e-b259-6428f2dfb240:c1220, adbfec77-7a0d-4773-aa56-ba0b778d0ab5:c1218, 90c45227-141f-43fe-b831-a2b91b39d6b0:c1218]
2019-07-14 06:25:49,087 INFO  client.GrpcClientProtocolClient (GrpcClientProtocolClient.java:onNext(255)) - client-D2340BF4DD29->f9fecd82-c7ae-483e-b259-6428f2dfb240: receive RaftClientReply:client-D2340BF4DD29->f9fecd82-c7ae-483e-b259-6428f2dfb240@group-7DE138E597A5, cid=915, SUCCESS, logIndex=1220, commits[f9fecd82-c7ae-483e-b259-6428f2dfb240:c1220, adbfec77-7a0d-4773-aa56-ba0b778d0ab5:c1218, 90c45227-141f-43fe-b831-a2b91b39d6b0:c1218]
2019-07-14 06:25:49,113 INFO  client.GrpcClientProtocolClient (GrpcClientProtocolClient.java:onNext(255)) - client-D2340BF4DD29->f9fecd82-c7ae-483e-b259-6428f2dfb240: receive RaftClientReply:client-D2340BF4DD29->f9fecd82-c7ae-483e-b259-6428f2dfb240@group-7DE138E597A5, cid=916, SUCCESS, logIndex=0, commits[f9fecd82-c7ae-483e-b259-6428f2dfb240:c1222, adbfec77-7a0d-4773-aa56-ba0b778d0ab5:c1220, 90c45227-141f-43fe-b831-a2b91b39d6b0:c1220]
2019-07-14 06:25:49,277 INFO  client.GrpcClientProtocolClient (GrpcClientProtocolClient.java:onNext(255)) - client-D2340BF4DD29->f9fecd82-c7ae-483e-b259-6428f2dfb240: receive RaftClientReply:client-D2340BF4DD29->f9fecd82-c7ae-483e-b259-6428f2dfb240@group-7DE138E597A5, cid=917, SUCCESS, logIndex=1223, commits[f9fecd82-c7ae-483e-b259-6428f2dfb240:c1226, adbfec77-7a0d-4773-aa56-ba0b778d0ab5:c1222, 90c45227-141f-43fe-b831-a2b91b39d6b0:c1222]
2019-07-14 06:25:49,278 INFO  client.GrpcClientProtocolClient (GrpcClientProtocolClient.java:onNext(255)) - client-D2340BF4DD29->f9fecd82-c7ae-483e-b259-6428f2dfb240: receive RaftClientReply:client-D2340BF4DD29->f9fecd82-c7ae-483e-b259-6428f2dfb240@group-7DE138E597A5, cid=918, SUCCESS, logIndex=1224, commits[f9fecd82-c7ae-483e-b259-6428f2dfb240:c1226, adbfec77-7a0d-4773-aa56-ba0b778d0ab5:c1222, 90c45227-141f-43fe-b831-a2b91b39d6b0:c1222]
2019-07-14 06:25:49,279 INFO  client.GrpcClientProtocolClient (GrpcClientProtocolClient.java:onNext(255)) - client-D2340BF4DD29->f9fecd82-c7ae-483e-b259-6428f2dfb240: receive RaftClientReply:client-D2340BF4DD29->f9fecd82-c7ae-483e-b259-6428f2dfb240@group-7DE138E597A5, cid=919, SUCCESS, logIndex=1225, commits[f9fecd82-c7ae-483e-b259-6428f2dfb240:c1226, adbfec77-7a0d-4773-aa56-ba0b778d0ab5:c1222, 90c45227-141f-43fe-b831-a2b91b39d6b0:c1222]
2019-07-14 06:25:49,279 INFO  client.GrpcClientProtocolClient (GrpcClientProtocolClient.java:onNext(255)) - client-D2340BF4DD29->f9fecd82-c7ae-483e-b259-6428f2dfb240: receive RaftClientReply:client-D2340BF4DD29->f9fecd82-c7ae-483e-b259-6428f2dfb240@group-7DE138E597A5, cid=920, SUCCESS, logIndex=1226, commits[f9fecd82-c7ae-483e-b259-6428f2dfb240:c1226, adbfec77-7a0d-4773-aa56-ba0b778d0ab5:c1222, 90c45227-141f-43fe-b831-a2b91b39d6b0:c1222]
2019-07-14 06:25:49,287 INFO  client.GrpcClientProtocolClient (GrpcClientProtocolClient.java:onNext(255)) - client-D2340BF4DD29->f9fecd82-c7ae-483e-b259-6428f2dfb240: receive RaftClientReply:client-D2340BF4DD29->f9fecd82-c7ae-483e-b259-6428f2dfb240@group-7DE138E597A5, cid=921, SUCCESS, logIndex=0, commits[f9fecd82-c7ae-483e-b259-6428f2dfb240:c1227, adbfec77-7a0d-4773-aa56-ba0b778d0ab5:c1224, 90c45227-141f-43fe-b831-a2b91b39d6b0:c1224]
2019-07-14 06:25:49,311 INFO  client.GrpcClientProtocolClient (GrpcClientProtocolClient.java:onNext(255)) - client-D2340BF4DD29->f9fecd82-c7ae-483e-b259-6428f2dfb240: receive RaftClientReply:client-D2340BF4DD29->f9fecd82-c7ae-483e-b259-6428f2dfb240@group-7DE138E597A5, cid=922, SUCCESS, logIndex=1231, commits[f9fecd82-c7ae-483e-b259-6428f2dfb240:c1232, adbfec77-7a0d-4773-aa56-ba0b778d0ab5:c1230, 90c45227-141f-43fe-b831-a2b91b39d6b0:c1230]
2019-07-14 06:25:49,312 INFO  client.GrpcClientProtocolClient (GrpcClientProtocolClient.java:onNext(255)) - client-D2340BF4DD29->f9fecd82-c7ae-483e-b259-6428f2dfb240: receive RaftClientReply:client-D2340BF4DD29->f9fecd82-c7ae-483e-b259-6428f2dfb240@group-7DE138E597A5, cid=923, SUCCESS, logIndex=1232, commits[f9fecd82-c7ae-483e-b259-6428f2dfb240:c1232, adbfec77-7a0d-4773-aa56-ba0b778d0ab5:c1230, 90c45227-141f-43fe-b831-a2b91b39d6b0:c1230]
2019-07-14 06:25:49,338 INFO  client.GrpcClientProtocolClient (GrpcClientProtocolClient.java:onNext(255)) - client-D2340BF4DD29->f9fecd82-c7ae-483e-b259-6428f2dfb240: receive RaftClientReply:client-D2340BF4DD29->f9fecd82-c7ae-483e-b259-6428f2dfb240@group-7DE138E597A5, cid=924, SUCCESS, logIndex=1235, commits[f9fecd82-c7ae-483e-b259-6428f2dfb240:c1236, adbfec77-7a0d-4773-aa56-ba0b778d0ab5:c1232, 90c45227-141f-43fe-b831-a2b91b39d6b0:c1232]
2019-07-14 06:25:49,339 INFO  client.GrpcClientProtocolClient (GrpcClientProtocolClient.java:onNext(255)) - client-D2340BF4DD29->f9fecd82-c7ae-483e-b259-6428f2dfb240: receive RaftClientReply:client-D2340BF4DD29->f9fecd82-c7ae-483e-b259-6428f2dfb240@group-7DE138E597A5, cid=925, SUCCESS, logIndex=1236, commits[f9fecd82-c7ae-483e-b259-6428f2dfb240:c1236, adbfec77-7a0d-4773-aa56-ba0b778d0ab5:c1232, 90c45227-141f-43fe-b831-a2b91b39d6b0:c1232]
2019-07-14 06:25:49,350 INFO  client.GrpcClientProtocolClient (GrpcClientProtocolClient.java:onNext(255)) - client-D2340BF4DD29->f9fecd82-c7ae-483e-b259-6428f2dfb240: receive RaftClientReply:client-D2340BF4DD29->f9fecd82-c7ae-483e-b259-6428f2dfb240@group-7DE138E597A5, cid=926, SUCCESS, logIndex=0, commits[f9fecd82-c7ae-483e-b259-6428f2dfb240:c1237, adbfec77-7a0d-4773-aa56-ba0b778d0ab5:c1236, 90c45227-141f-43fe-b831-a2b91b39d6b0:c1236]
2019-07-14 06:25:49,373 INFO  client.GrpcClientProtocolClient (GrpcClientProtocolClient.java:onNext(255)) - client-D2340BF4DD29->f9fecd82-c7ae-483e-b259-6428f2dfb240: receive RaftClientReply:client-D2340BF4DD29->f9fecd82-c7ae-483e-b259-6428f2dfb240@group-7DE138E597A5, cid=927, SUCCESS, logIndex=1238, commits[f9fecd82-c7ae-483e-b259-6428f2dfb240:c1240, adbfec77-7a0d-4773-aa56-ba0b778d0ab5:c1237, 90c45227-141f-43fe-b831-a2b91b39d6b0:c1237]
2019-07-14 06:25:49,374 INFO  client.GrpcClientProtocolClient (GrpcClientProtocolClient.java:onNext(255)) - client-D2340BF4DD29->f9fecd82-c7ae-483e-b259-6428f2dfb240: receive RaftClientReply:client-D2340BF4DD29->f9fecd82-c7ae-483e-b259-6428f2dfb240@group-7DE138E597A5, cid=928, SUCCESS, logIndex=1239, commits[f9fecd82-c7ae-483e-b259-6428f2dfb240:c1241, adbfec77-7a0d-4773-aa56-ba0b778d0ab5:c1237, 90c45227-141f-43fe-b831-a2b91b39d6b0:c1237]
2019-07-14 06:25:49,375 INFO  client.GrpcClientProtocolClient (GrpcClientProtocolClient.java:onNext(255)) - client-D2340BF4DD29->f9fecd82-c7ae-483e-b259-6428f2dfb240: receive RaftClientReply:client-D2340BF4DD29->f9fecd82-c7ae-483e-b259-6428f2dfb240@group-7DE138E597A5, cid=929, SUCCESS, logIndex=1240, commits[f9fecd82-c7ae-483e-b259-6428f2dfb240:c1241, adbfec77-7a0d-4773-aa56-ba0b778d0ab5:c1237, 90c45227-141f-43fe-b831-a2b91b39d6b0:c1237]
2019-07-14 06:25:49,375 INFO  client.GrpcClientProtocolClient (GrpcClientProtocolClient.java:onNext(255)) - client-D2340BF4DD29->f9fecd82-c7ae-483e-b259-6428f2dfb240: receive RaftClientReply:client-D2340BF4DD29->f9fecd82-c7ae-483e-b259-6428f2dfb240@group-7DE138E597A5, cid=930, SUCCESS, logIndex=1241, commits[f9fecd82-c7ae-483e-b259-6428f2dfb240:c1241, adbfec77-7a0d-4773-aa56-ba0b778d0ab5:c1237, 90c45227-141f-43fe-b831-a2b91b39d6b0:c1237]
2019-07-14 06:25:49,387 INFO  client.GrpcClientProtocolClient (GrpcClientProtocolClient.java:onNext(255)) - client-D2340BF4DD29->f9fecd82-c7ae-483e-b259-6428f2dfb240: receive RaftClientReply:client-D2340BF4DD29->f9fecd82-c7ae-483e-b259-6428f2dfb240@group-7DE138E597A5, cid=931, SUCCESS, logIndex=0, commits[f9fecd82-c7ae-483e-b259-6428f2dfb240:c1244, adbfec77-7a0d-4773-aa56-ba0b778d0ab5:c1239, 90c45227-141f-43fe-b831-a2b91b39d6b0:c1240]
2019-07-14 06:25:49,410 INFO  client.GrpcClientProtocolClient (GrpcClientProtocolClient.java:onNext(255)) - client-D2340BF4DD29->f9fecd82-c7ae-483e-b259-6428f2dfb240: receive RaftClientReply:client-D2340BF4DD29->f9fecd82-c7ae-483e-b259-6428f2dfb240@group-7DE138E597A5, cid=932, SUCCESS, logIndex=1246, commits[f9fecd82-c7ae-483e-b259-6428f2dfb240:c1247, adbfec77-7a0d-4773-aa56-ba0b778d0ab5:c1245, 90c45227-141f-43fe-b831-a2b91b39d6b0:c1245]
2019-07-14 06:25:49,411 INFO  client.GrpcClientProtocolClient (GrpcClientProtocolClient.java:onNext(255)) - client-D2340BF4DD29->f9fecd82-c7ae-483e-b259-6428f2dfb240: receive RaftClientReply:client-D2340BF4DD29->f9fecd82-c7ae-483e-b259-6428f2dfb240@group-7DE138E597A5, cid=933, SUCCESS, logIndex=1247, commits[f9fecd82-c7ae-483e-b259-6428f2dfb240:c1247, adbfec77-7a0d-4773-aa56-ba0b778d0ab5:c1245, 90c45227-141f-43fe-b831-a2b91b39d6b0:c1245]
2019-07-14 06:25:49,429 INFO  client.GrpcClientProtocolClient (GrpcClientProtocolClient.java:onNext(255)) - client-D2340BF4DD29->f9fecd82-c7ae-483e-b259-6428f2dfb240: receive RaftClientReply:client-D2340BF4DD29->f9fecd82-c7ae-483e-b259-6428f2dfb240@group-7DE138E597A5, cid=934, SUCCESS, logIndex=1250, commits[f9fecd82-c7ae-483e-b259-6428f2dfb240:c1251, adbfec77-7a0d-4773-aa56-ba0b778d0ab5:c1247, 90c45227-141f-43fe-b831-a2b91b39d6b0:c1247]
2019-07-14 06:25:49,429 INFO  client.GrpcClientProtocolClient (GrpcClientProtocolClient.java:onNext(255)) - client-D2340BF4DD29->f9fecd82-c7ae-483e-b259-6428f2dfb240: receive RaftClientReply:client-D2340BF4DD29->f9fecd82-c7ae-483e-b259-6428f2dfb240@group-7DE138E597A5, cid=935, SUCCESS, logIndex=1251, commits[f9fecd82-c7ae-483e-b259-6428f2dfb240:c1251, adbfec77-7a0d-4773-aa56-ba0b778d0ab5:c1247, 90c45227-141f-43fe-b831-a2b91b39d6b0:c1247]
2019-07-14 06:25:49,434 INFO  client.GrpcClientProtocolClient (GrpcClientProtocolClient.java:onNext(255)) - client-D2340BF4DD29->f9fecd82-c7ae-483e-b259-6428f2dfb240: receive RaftClientReply:client-D2340BF4DD29->f9fecd82-c7ae-483e-b259-6428f2dfb240@group-7DE138E597A5, cid=936, SUCCESS, logIndex=0, commits[f9fecd82-c7ae-483e-b259-6428f2dfb240:c1253, adbfec77-7a0d-4773-aa56-ba0b778d0ab5:c1251, 90c45227-141f-43fe-b831-a2b91b39d6b0:c1251]
2019-07-14 06:25:49,451 INFO  client.GrpcClientProtocolClient (GrpcClientProtocolClient.java:onNext(255)) - client-D2340BF4DD29->f9fecd82-c7ae-483e-b259-6428f2dfb240: receive RaftClientReply:client-D2340BF4DD29->f9fecd82-c7ae-483e-b259-6428f2dfb240@group-7DE138E597A5, cid=937, SUCCESS, logIndex=1254, commits[f9fecd82-c7ae-483e-b259-6428f2dfb240:c1257, adbfec77-7a0d-4773-aa56-ba0b778d0ab5:c1251, 90c45227-141f-43fe-b831-a2b91b39d6b0:c1253]
2019-07-14 06:25:49,451 INFO  client.GrpcClientProtocolClient (GrpcClientProtocolClient.java:onNext(255)) - client-D2340BF4DD29->f9fecd82-c7ae-483e-b259-6428f2dfb240: receive RaftClientReply:client-D2340BF4DD29->f9fecd82-c7ae-483e-b259-6428f2dfb240@group-7DE138E597A5, cid=938, SUCCESS, logIndex=1255, commits[f9fecd82-c7ae-483e-b259-6428f2dfb240:c1257, adbfec77-7a0d-4773-aa56-ba0b778d0ab5:c1253, 90c45227-141f-43fe-b831-a2b91b39d6b0:c1253]
2019-07-14 06:25:49,452 INFO  client.GrpcClientProtocolClient (GrpcClientProtocolClient.java:onNext(255)) - client-D2340BF4DD29->f9fecd82-c7ae-483e-b259-6428f2dfb240: receive RaftClientReply:client-D2340BF4DD29->f9fecd82-c7ae-483e-b259-6428f2dfb240@group-7DE138E597A5, cid=939, SUCCESS, logIndex=1256, commits[f9fecd82-c7ae-483e-b259-6428f2dfb240:c1257, adbfec77-7a0d-4773-aa56-ba0b778d0ab5:c1253, 90c45227-141f-43fe-b831-a2b91b39d6b0:c1253]
2019-07-14 06:25:49,452 INFO  client.GrpcClientProtocolClient (GrpcClientProtocolClient.java:onNext(255)) - client-D2340BF4DD29->f9fecd82-c7ae-483e-b259-6428f2dfb240: receive RaftClientReply:client-D2340BF4DD29->f9fecd82-c7ae-483e-b259-6428f2dfb240@group-7DE138E597A5, cid=940, SUCCESS, logIndex=1257, commits[f9fecd82-c7ae-483e-b259-6428f2dfb240:c1258, adbfec77-7a0d-4773-aa56-ba0b778d0ab5:c1253, 90c45227-141f-43fe-b831-a2b91b39d6b0:c1254]
2019-07-14 06:25:49,455 INFO  client.GrpcClientProtocolClient (GrpcClientProtocolClient.java:onNext(255)) - client-D2340BF4DD29->f9fecd82-c7ae-483e-b259-6428f2dfb240: receive RaftClientReply:client-D2340BF4DD29->f9fecd82-c7ae-483e-b259-6428f2dfb240@group-7DE138E597A5, cid=941, SUCCESS, logIndex=0, commits[f9fecd82-c7ae-483e-b259-6428f2dfb240:c1260, adbfec77-7a0d-4773-aa56-ba0b778d0ab5:c1257, 90c45227-141f-43fe-b831-a2b91b39d6b0:c1255]
2019-07-14 06:25:49,468 INFO  client.GrpcClientProtocolClient (GrpcClientProtocolClient.java:onNext(255)) - client-D2340BF4DD29->f9fecd82-c7ae-483e-b259-6428f2dfb240: receive RaftClientReply:client-D2340BF4DD29->f9fecd82-c7ae-483e-b259-6428f2dfb240@group-7DE138E597A5, cid=942, SUCCESS, logIndex=1262, commits[f9fecd82-c7ae-483e-b259-6428f2dfb240:c1263, adbfec77-7a0d-4773-aa56-ba0b778d0ab5:c1261, 90c45227-141f-43fe-b831-a2b91b39d6b0:c1261]
2019-07-14 06:25:49,468 INFO  client.GrpcClientProtocolClient (GrpcClientProtocolClient.java:onNext(255)) - client-D2340BF4DD29->f9fecd82-c7ae-483e-b259-6428f2dfb240: receive RaftClientReply:client-D2340BF4DD29->f9fecd82-c7ae-483e-b259-6428f2dfb240@group-7DE138E597A5, cid=943, SUCCESS, logIndex=1263, commits[f9fecd82-c7ae-483e-b259-6428f2dfb240:c1263, adbfec77-7a0d-4773-aa56-ba0b778d0ab5:c1261, 90c45227-141f-43fe-b831-a2b91b39d6b0:c1261]
2019-07-14 06:25:49,483 INFO  client.GrpcClientProtocolClient (GrpcClientProtocolClient.java:onNext(255)) - client-D2340BF4DD29->f9fecd82-c7ae-483e-b259-6428f2dfb240: receive RaftClientReply:client-D2340BF4DD29->f9fecd82-c7ae-483e-b259-6428f2dfb240@group-7DE138E597A5, cid=944, SUCCESS, logIndex=1266, commits[f9fecd82-c7ae-483e-b259-6428f2dfb240:c1267, adbfec77-7a0d-4773-aa56-ba0b778d0ab5:c1265, 90c45227-141f-43fe-b831-a2b91b39d6b0:c1263]
2019-07-14 06:25:49,484 INFO  client.GrpcClientProtocolClient (GrpcClientProtocolClient.java:onNext(255)) - client-D2340BF4DD29->f9fecd82-c7ae-483e-b259-6428f2dfb240: receive RaftClientReply:client-D2340BF4DD29->f9fecd82-c7ae-483e-b259-6428f2dfb240@group-7DE138E597A5, cid=945, SUCCESS, logIndex=1267, commits[f9fecd82-c7ae-483e-b259-6428f2dfb240:c1267, adbfec77-7a0d-4773-aa56-ba0b778d0ab5:c1265, 90c45227-141f-43fe-b831-a2b91b39d6b0:c1265]
2019-07-14 06:25:49,486 INFO  client.GrpcClientProtocolClient (GrpcClientProtocolClient.java:onNext(255)) - client-D2340BF4DD29->f9fecd82-c7ae-483e-b259-6428f2dfb240: receive RaftClientReply:client-D2340BF4DD29->f9fecd82-c7ae-483e-b259-6428f2dfb240@group-7DE138E597A5, cid=946, SUCCESS, logIndex=0, commits[f9fecd82-c7ae-483e-b259-6428f2dfb240:c1269, adbfec77-7a0d-4773-aa56-ba0b778d0ab5:c1267, 90c45227-141f-43fe-b831-a2b91b39d6b0:c1267]
2019-07-14 06:25:49,498 INFO  client.GrpcClientProtocolClient (GrpcClientProtocolClient.java:onNext(255)) - client-D2340BF4DD29->f9fecd82-c7ae-483e-b259-6428f2dfb240: receive RaftClientReply:client-D2340BF4DD29->f9fecd82-c7ae-483e-b259-6428f2dfb240@group-7DE138E597A5, cid=947, SUCCESS, logIndex=1270, commits[f9fecd82-c7ae-483e-b259-6428f2dfb240:c1271, adbfec77-7a0d-4773-aa56-ba0b778d0ab5:c1269, 90c45227-141f-43fe-b831-a2b91b39d6b0:c1269]
2019-07-14 06:25:49,499 INFO  client.GrpcClientProtocolClient (GrpcClientProtocolClient.java:onNext(255)) - client-D2340BF4DD29->f9fecd82-c7ae-483e-b259-6428f2dfb240: receive RaftClientReply:client-D2340BF4DD29->f9fecd82-c7ae-483e-b259-6428f2dfb240@group-7DE138E597A5, cid=948, SUCCESS, logIndex=1271, commits[f9fecd82-c7ae-483e-b259-6428f2dfb240:c1271, adbfec77-7a0d-4773-aa56-ba0b778d0ab5:c1269, 90c45227-141f-43fe-b831-a2b91b39d6b0:c1269]
2019-07-14 06:25:49,500 INFO  client.GrpcClientProtocolClient (GrpcClientProtocolClient.java:onNext(255)) - client-D2340BF4DD29->f9fecd82-c7ae-483e-b259-6428f2dfb240: receive RaftClientReply:client-D2340BF4DD29->f9fecd82-c7ae-483e-b259-6428f2dfb240@group-7DE138E597A5, cid=949, SUCCESS, logIndex=1272, commits[f9fecd82-c7ae-483e-b259-6428f2dfb240:c1273, adbfec77-7a0d-4773-aa56-ba0b778d0ab5:c1270, 90c45227-141f-43fe-b831-a2b91b39d6b0:c1269]
2019-07-14 06:25:49,501 INFO  client.GrpcClientProtocolClient (GrpcClientProtocolClient.java:onNext(255)) - client-D2340BF4DD29->f9fecd82-c7ae-483e-b259-6428f2dfb240: receive RaftClientReply:client-D2340BF4DD29->f9fecd82-c7ae-483e-b259-6428f2dfb240@group-7DE138E597A5, cid=950, SUCCESS, logIndex=1273, commits[f9fecd82-c7ae-483e-b259-6428f2dfb240:c1275, adbfec77-7a0d-4773-aa56-ba0b778d0ab5:c1271, 90c45227-141f-43fe-b831-a2b91b39d6b0:c1271]
2019-07-14 06:25:49,512 INFO  client.GrpcClientProtocolClient (GrpcClientProtocolClient.java:onNext(255)) - client-D2340BF4DD29->f9fecd82-c7ae-483e-b259-6428f2dfb240: receive RaftClientReply:client-D2340BF4DD29->f9fecd82-c7ae-483e-b259-6428f2dfb240@group-7DE138E597A5, cid=951, SUCCESS, logIndex=1278, commits[f9fecd82-c7ae-483e-b259-6428f2dfb240:c1279, adbfec77-7a0d-4773-aa56-ba0b778d0ab5:c1277, 90c45227-141f-43fe-b831-a2b91b39d6b0:c1273]
2019-07-14 06:25:49,513 INFO  client.GrpcClientProtocolClient (GrpcClientProtocolClient.java:onNext(255)) - client-D2340BF4DD29->f9fecd82-c7ae-483e-b259-6428f2dfb240: receive RaftClientReply:client-D2340BF4DD29->f9fecd82-c7ae-483e-b259-6428f2dfb240@group-7DE138E597A5, cid=952, SUCCESS, logIndex=1279, commits[f9fecd82-c7ae-483e-b259-6428f2dfb240:c1279, adbfec77-7a0d-4773-aa56-ba0b778d0ab5:c1277, 90c45227-141f-43fe-b831-a2b91b39d6b0:c1277]
2019-07-14 06:25:49,525 INFO  client.GrpcClientProtocolClient (GrpcClientProtocolClient.java:onNext(255)) - client-D2340BF4DD29->f9fecd82-c7ae-483e-b259-6428f2dfb240: receive RaftClientReply:client-D2340BF4DD29->f9fecd82-c7ae-483e-b259-6428f2dfb240@group-7DE138E597A5, cid=953, SUCCESS, logIndex=1282, commits[f9fecd82-c7ae-483e-b259-6428f2dfb240:c1283, adbfec77-7a0d-4773-aa56-ba0b778d0ab5:c1281, 90c45227-141f-43fe-b831-a2b91b39d6b0:c1279]
2019-07-14 06:25:49,526 INFO  client.GrpcClientProtocolClient (GrpcClientProtocolClient.java:onNext(255)) - client-D2340BF4DD29->f9fecd82-c7ae-483e-b259-6428f2dfb240: receive RaftClientReply:client-D2340BF4DD29->f9fecd82-c7ae-483e-b259-6428f2dfb240@group-7DE138E597A5, cid=954, SUCCESS, logIndex=1283, commits[f9fecd82-c7ae-483e-b259-6428f2dfb240:c1283, adbfec77-7a0d-4773-aa56-ba0b778d0ab5:c1281, 90c45227-141f-43fe-b831-a2b91b39d6b0:c1281]
2019-07-14 06:25:49,528 INFO  client.GrpcClientProtocolClient (GrpcClientProtocolClient.java:onNext(255)) - client-D2340BF4DD29->f9fecd82-c7ae-483e-b259-6428f2dfb240: receive RaftClientReply:client-D2340BF4DD29->f9fecd82-c7ae-483e-b259-6428f2dfb240@group-7DE138E597A5, cid=955, SUCCESS, logIndex=0, commits[f9fecd82-c7ae-483e-b259-6428f2dfb240:c1284, adbfec77-7a0d-4773-aa56-ba0b778d0ab5:c1283, 90c45227-141f-43fe-b831-a2b91b39d6b0:c1283]
2019-07-14 06:25:49,560 INFO  client.GrpcClientProtocolClient (GrpcClientProtocolClient.java:onNext(255)) - client-D2340BF4DD29->f9fecd82-c7ae-483e-b259-6428f2dfb240: receive RaftClientReply:client-D2340BF4DD29->f9fecd82-c7ae-483e-b259-6428f2dfb240@group-7DE138E597A5, cid=956, SUCCESS, logIndex=1286, commits[f9fecd82-c7ae-483e-b259-6428f2dfb240:c1287, adbfec77-7a0d-4773-aa56-ba0b778d0ab5:c1285, 90c45227-141f-43fe-b831-a2b91b39d6b0:c1285]
2019-07-14 06:25:49,561 INFO  client.GrpcClientProtocolClient (GrpcClientProtocolClient.java:onNext(255)) - client-D2340BF4DD29->f9fecd82-c7ae-483e-b259-6428f2dfb240: receive RaftClientReply:client-D2340BF4DD29->f9fecd82-c7ae-483e-b259-6428f2dfb240@group-7DE138E597A5, cid=957, SUCCESS, logIndex=1287, commits[f9fecd82-c7ae-483e-b259-6428f2dfb240:c1289, adbfec77-7a0d-4773-aa56-ba0b778d0ab5:c1285, 90c45227-141f-43fe-b831-a2b91b39d6b0:c1285]
2019-07-14 06:25:49,561 INFO  client.GrpcClientProtocolClient (GrpcClientProtocolClient.java:onNext(255)) - client-D2340BF4DD29->f9fecd82-c7ae-483e-b259-6428f2dfb240: receive RaftClientReply:client-D2340BF4DD29->f9fecd82-c7ae-483e-b259-6428f2dfb240@group-7DE138E597A5, cid=958, SUCCESS, logIndex=1288, commits[f9fecd82-c7ae-483e-b259-6428f2dfb240:c1289, adbfec77-7a0d-4773-aa56-ba0b778d0ab5:c1285, 90c45227-141f-43fe-b831-a2b91b39d6b0:c1285]
2019-07-14 06:25:49,561 INFO  client.GrpcClientProtocolClient (GrpcClientProtocolClient.java:onNext(255)) - client-D2340BF4DD29->f9fecd82-c7ae-483e-b259-6428f2dfb240: receive RaftClientReply:client-D2340BF4DD29->f9fecd82-c7ae-483e-b259-6428f2dfb240@group-7DE138E597A5, cid=959, SUCCESS, logIndex=1289, commits[f9fecd82-c7ae-483e-b259-6428f2dfb240:c1289, adbfec77-7a0d-4773-aa56-ba0b778d0ab5:c1285, 90c45227-141f-43fe-b831-a2b91b39d6b0:c1285]
2019-07-14 06:25:49,574 INFO  client.GrpcClientProtocolClient (GrpcClientProtocolClient.java:onNext(255)) - client-D2340BF4DD29->f9fecd82-c7ae-483e-b259-6428f2dfb240: receive RaftClientReply:client-D2340BF4DD29->f9fecd82-c7ae-483e-b259-6428f2dfb240@group-7DE138E597A5, cid=960, SUCCESS, logIndex=0, commits[f9fecd82-c7ae-483e-b259-6428f2dfb240:c1292, adbfec77-7a0d-4773-aa56-ba0b778d0ab5:c1289, 90c45227-141f-43fe-b831-a2b91b39d6b0:c1287]
2019-07-14 06:25:49,592 INFO  client.GrpcClientProtocolClient (GrpcClientProtocolClient.java:onNext(255)) - client-D2340BF4DD29->f9fecd82-c7ae-483e-b259-6428f2dfb240: receive RaftClientReply:client-D2340BF4DD29->f9fecd82-c7ae-483e-b259-6428f2dfb240@group-7DE138E597A5, cid=961, SUCCESS, logIndex=1293, commits[f9fecd82-c7ae-483e-b259-6428f2dfb240:c1294, adbfec77-7a0d-4773-aa56-ba0b778d0ab5:c1292, 90c45227-141f-43fe-b831-a2b91b39d6b0:c1292]
2019-07-14 06:25:49,592 INFO  client.GrpcClientProtocolClient (GrpcClientProtocolClient.java:onNext(255)) - client-D2340BF4DD29->f9fecd82-c7ae-483e-b259-6428f2dfb240: receive RaftClientReply:client-D2340BF4DD29->f9fecd82-c7ae-483e-b259-6428f2dfb240@group-7DE138E597A5, cid=962, SUCCESS, logIndex=1294, commits[f9fecd82-c7ae-483e-b259-6428f2dfb240:c1294, adbfec77-7a0d-4773-aa56-ba0b778d0ab5:c1292, 90c45227-141f-43fe-b831-a2b91b39d6b0:c1292]
 0.00% |█                                                                                                    |  0/1 Time: 0:00:042019-07-14 06:25:49,607 INFO  client.GrpcClientProtocolClient (GrpcClientProtocolClient.java:onNext(255)) - client-D2340BF4DD29->f9fecd82-c7ae-483e-b259-6428f2dfb240: receive RaftClientReply:client-D2340BF4DD29->f9fecd82-c7ae-483e-b259-6428f2dfb240@group-7DE138E597A5, cid=963, SUCCESS, logIndex=1297, commits[f9fecd82-c7ae-483e-b259-6428f2dfb240:c1298, adbfec77-7a0d-4773-aa56-ba0b778d0ab5:c1294, 90c45227-141f-43fe-b831-a2b91b39d6b0:c1294]
2019-07-14 06:25:49,607 INFO  client.GrpcClientProtocolClient (GrpcClientProtocolClient.java:onNext(255)) - client-D2340BF4DD29->f9fecd82-c7ae-483e-b259-6428f2dfb240: receive RaftClientReply:client-D2340BF4DD29->f9fecd82-c7ae-483e-b259-6428f2dfb240@group-7DE138E597A5, cid=964, SUCCESS, logIndex=1298, commits[f9fecd82-c7ae-483e-b259-6428f2dfb240:c1298, adbfec77-7a0d-4773-aa56-ba0b778d0ab5:c1294, 90c45227-141f-43fe-b831-a2b91b39d6b0:c1294]
2019-07-14 06:25:49,622 INFO  client.GrpcClientProtocolClient (GrpcClientProtocolClient.java:onNext(255)) - client-D2340BF4DD29->f9fecd82-c7ae-483e-b259-6428f2dfb240: receive RaftClientReply:client-D2340BF4DD29->f9fecd82-c7ae-483e-b259-6428f2dfb240@group-7DE138E597A5, cid=965, SUCCESS, logIndex=0, commits[f9fecd82-c7ae-483e-b259-6428f2dfb240:c1300, adbfec77-7a0d-4773-aa56-ba0b778d0ab5:c1298, 90c45227-141f-43fe-b831-a2b91b39d6b0:c1298]
2019-07-14 06:25:49,645 INFO  client.GrpcClientProtocolClient (GrpcClientProtocolClient.java:onNext(255)) - client-D2340BF4DD29->f9fecd82-c7ae-483e-b259-6428f2dfb240: receive RaftClientReply:client-D2340BF4DD29->f9fecd82-c7ae-483e-b259-6428f2dfb240@group-7DE138E597A5, cid=966, SUCCESS, logIndex=1301, commits[f9fecd82-c7ae-483e-b259-6428f2dfb240:c1304, adbfec77-7a0d-4773-aa56-ba0b778d0ab5:c1300, 90c45227-141f-43fe-b831-a2b91b39d6b0:c1300]
2019-07-14 06:25:49,646 INFO  client.GrpcClientProtocolClient (GrpcClientProtocolClient.java:onNext(255)) - client-D2340BF4DD29->f9fecd82-c7ae-483e-b259-6428f2dfb240: receive RaftClientReply:client-D2340BF4DD29->f9fecd82-c7ae-483e-b259-6428f2dfb240@group-7DE138E597A5, cid=967, SUCCESS, logIndex=1302, commits[f9fecd82-c7ae-483e-b259-6428f2dfb240:c1304, adbfec77-7a0d-4773-aa56-ba0b778d0ab5:c1300, 90c45227-141f-43fe-b831-a2b91b39d6b0:c1300]
2019-07-14 06:25:49,646 INFO  client.GrpcClientProtocolClient (GrpcClientProtocolClient.java:onNext(255)) - client-D2340BF4DD29->f9fecd82-c7ae-483e-b259-6428f2dfb240: receive RaftClientReply:client-D2340BF4DD29->f9fecd82-c7ae-483e-b259-6428f2dfb240@group-7DE138E597A5, cid=968, SUCCESS, logIndex=1303, commits[f9fecd82-c7ae-483e-b259-6428f2dfb240:c1304, adbfec77-7a0d-4773-aa56-ba0b778d0ab5:c1300, 90c45227-141f-43fe-b831-a2b91b39d6b0:c1300]
2019-07-14 06:25:49,647 INFO  client.GrpcClientProtocolClient (GrpcClientProtocolClient.java:onNext(255)) - client-D2340BF4DD29->f9fecd82-c7ae-483e-b259-6428f2dfb240: receive RaftClientReply:client-D2340BF4DD29->f9fecd82-c7ae-483e-b259-6428f2dfb240@group-7DE138E597A5, cid=969, SUCCESS, logIndex=1304, commits[f9fecd82-c7ae-483e-b259-6428f2dfb240:c1304, adbfec77-7a0d-4773-aa56-ba0b778d0ab5:c1300, 90c45227-141f-43fe-b831-a2b91b39d6b0:c1300]
2019-07-14 06:25:49,657 INFO  client.GrpcClientProtocolClient (GrpcClientProtocolClient.java:onNext(255)) - client-D2340BF4DD29->f9fecd82-c7ae-483e-b259-6428f2dfb240: receive RaftClientReply:client-D2340BF4DD29->f9fecd82-c7ae-483e-b259-6428f2dfb240@group-7DE138E597A5, cid=970, SUCCESS, logIndex=0, commits[f9fecd82-c7ae-483e-b259-6428f2dfb240:c1305, adbfec77-7a0d-4773-aa56-ba0b778d0ab5:c1302, 90c45227-141f-43fe-b831-a2b91b39d6b0:c1302]
2019-07-14 06:25:49,678 INFO  client.GrpcClientProtocolClient (GrpcClientProtocolClient.java:onNext(255)) - client-D2340BF4DD29->f9fecd82-c7ae-483e-b259-6428f2dfb240: receive RaftClientReply:client-D2340BF4DD29->f9fecd82-c7ae-483e-b259-6428f2dfb240@group-7DE138E597A5, cid=971, SUCCESS, logIndex=1309, commits[f9fecd82-c7ae-483e-b259-6428f2dfb240:c1310, adbfec77-7a0d-4773-aa56-ba0b778d0ab5:c1308, 90c45227-141f-43fe-b831-a2b91b39d6b0:c1308]
2019-07-14 06:25:49,678 INFO  client.GrpcClientProtocolClient (GrpcClientProtocolClient.java:onNext(255)) - client-D2340BF4DD29->f9fecd82-c7ae-483e-b259-6428f2dfb240: receive RaftClientReply:client-D2340BF4DD29->f9fecd82-c7ae-483e-b259-6428f2dfb240@group-7DE138E597A5, cid=972, SUCCESS, logIndex=1310, commits[f9fecd82-c7ae-483e-b259-6428f2dfb240:c1310, adbfec77-7a0d-4773-aa56-ba0b778d0ab5:c1308, 90c45227-141f-43fe-b831-a2b91b39d6b0:c1308]
2019-07-14 06:25:49,693 INFO  client.GrpcClientProtocolClient (GrpcClientProtocolClient.java:onNext(255)) - client-D2340BF4DD29->f9fecd82-c7ae-483e-b259-6428f2dfb240: receive RaftClientReply:client-D2340BF4DD29->f9fecd82-c7ae-483e-b259-6428f2dfb240@group-7DE138E597A5, cid=973, SUCCESS, logIndex=1313, commits[f9fecd82-c7ae-483e-b259-6428f2dfb240:c1314, adbfec77-7a0d-4773-aa56-ba0b778d0ab5:c1310, 90c45227-141f-43fe-b831-a2b91b39d6b0:c1310]
2019-07-14 06:25:49,693 INFO  client.GrpcClientProtocolClient (GrpcClientProtocolClient.java:onNext(255)) - client-D2340BF4DD29->f9fecd82-c7ae-483e-b259-6428f2dfb240: receive RaftClientReply:client-D2340BF4DD29->f9fecd82-c7ae-483e-b259-6428f2dfb240@group-7DE138E597A5, cid=974, SUCCESS, logIndex=1314, commits[f9fecd82-c7ae-483e-b259-6428f2dfb240:c1314, adbfec77-7a0d-4773-aa56-ba0b778d0ab5:c1310, 90c45227-141f-43fe-b831-a2b91b39d6b0:c1310]
2019-07-14 06:25:49,706 INFO  client.GrpcClientProtocolClient (GrpcClientProtocolClient.java:onNext(255)) - client-D2340BF4DD29->f9fecd82-c7ae-483e-b259-6428f2dfb240: receive RaftClientReply:client-D2340BF4DD29->f9fecd82-c7ae-483e-b259-6428f2dfb240@group-7DE138E597A5, cid=975, SUCCESS, logIndex=0, commits[f9fecd82-c7ae-483e-b259-6428f2dfb240:c1316, adbfec77-7a0d-4773-aa56-ba0b778d0ab5:c1314, 90c45227-141f-43fe-b831-a2b91b39d6b0:c1314]
2019-07-14 06:25:49,719 INFO  client.GrpcClientProtocolClient (GrpcClientProtocolClient.java:onNext(255)) - client-D2340BF4DD29->f9fecd82-c7ae-483e-b259-6428f2dfb240: receive RaftClientReply:client-D2340BF4DD29->f9fecd82-c7ae-483e-b259-6428f2dfb240@group-7DE138E597A5, cid=976, SUCCESS, logIndex=1317, commits[f9fecd82-c7ae-483e-b259-6428f2dfb240:c1318, adbfec77-7a0d-4773-aa56-ba0b778d0ab5:c1316, 90c45227-141f-43fe-b831-a2b91b39d6b0:c1316]
2019-07-14 06:25:49,720 INFO  client.GrpcClientProtocolClient (GrpcClientProtocolClient.java:onNext(255)) - client-D2340BF4DD29->f9fecd82-c7ae-483e-b259-6428f2dfb240: receive RaftClientReply:client-D2340BF4DD29->f9fecd82-c7ae-483e-b259-6428f2dfb240@group-7DE138E597A5, cid=977, SUCCESS, logIndex=1318, commits[f9fecd82-c7ae-483e-b259-6428f2dfb240:c1320, adbfec77-7a0d-4773-aa56-ba0b778d0ab5:c1316, 90c45227-141f-43fe-b831-a2b91b39d6b0:c1316]
2019-07-14 06:25:49,720 INFO  client.GrpcClientProtocolClient (GrpcClientProtocolClient.java:onNext(255)) - client-D2340BF4DD29->f9fecd82-c7ae-483e-b259-6428f2dfb240: receive RaftClientReply:client-D2340BF4DD29->f9fecd82-c7ae-483e-b259-6428f2dfb240@group-7DE138E597A5, cid=978, SUCCESS, logIndex=1319, commits[f9fecd82-c7ae-483e-b259-6428f2dfb240:c1320, adbfec77-7a0d-4773-aa56-ba0b778d0ab5:c1316, 90c45227-141f-43fe-b831-a2b91b39d6b0:c1316]
2019-07-14 06:25:49,721 INFO  client.GrpcClientProtocolClient (GrpcClientProtocolClient.java:onNext(255)) - client-D2340BF4DD29->f9fecd82-c7ae-483e-b259-6428f2dfb240: receive RaftClientReply:client-D2340BF4DD29->f9fecd82-c7ae-483e-b259-6428f2dfb240@group-7DE138E597A5, cid=979, SUCCESS, logIndex=1320, commits[f9fecd82-c7ae-483e-b259-6428f2dfb240:c1320, adbfec77-7a0d-4773-aa56-ba0b778d0ab5:c1316, 90c45227-141f-43fe-b831-a2b91b39d6b0:c1316]
2019-07-14 06:25:49,722 INFO  client.GrpcClientProtocolClient (GrpcClientProtocolClient.java:onNext(255)) - client-D2340BF4DD29->f9fecd82-c7ae-483e-b259-6428f2dfb240: receive RaftClientReply:client-D2340BF4DD29->f9fecd82-c7ae-483e-b259-6428f2dfb240@group-7DE138E597A5, cid=980, SUCCESS, logIndex=0, commits[f9fecd82-c7ae-483e-b259-6428f2dfb240:c1322, adbfec77-7a0d-4773-aa56-ba0b778d0ab5:c1318, 90c45227-141f-43fe-b831-a2b91b39d6b0:c1318]
2019-07-14 06:25:49,742 INFO  client.GrpcClientProtocolClient (GrpcClientProtocolClient.java:onNext(255)) - client-D2340BF4DD29->f9fecd82-c7ae-483e-b259-6428f2dfb240: receive RaftClientReply:client-D2340BF4DD29->f9fecd82-c7ae-483e-b259-6428f2dfb240@group-7DE138E597A5, cid=981, SUCCESS, logIndex=1325, commits[f9fecd82-c7ae-483e-b259-6428f2dfb240:c1326, adbfec77-7a0d-4773-aa56-ba0b778d0ab5:c1324, 90c45227-141f-43fe-b831-a2b91b39d6b0:c1324]
2019-07-14 06:25:49,742 INFO  client.GrpcClientProtocolClient (GrpcClientProtocolClient.java:onNext(255)) - client-D2340BF4DD29->f9fecd82-c7ae-483e-b259-6428f2dfb240: receive RaftClientReply:client-D2340BF4DD29->f9fecd82-c7ae-483e-b259-6428f2dfb240@group-7DE138E597A5, cid=982, SUCCESS, logIndex=1326, commits[f9fecd82-c7ae-483e-b259-6428f2dfb240:c1326, adbfec77-7a0d-4773-aa56-ba0b778d0ab5:c1324, 90c45227-141f-43fe-b831-a2b91b39d6b0:c1324]
2019-07-14 06:25:49,754 INFO  client.GrpcClientProtocolClient (GrpcClientProtocolClient.java:onNext(255)) - client-D2340BF4DD29->f9fecd82-c7ae-483e-b259-6428f2dfb240: receive RaftClientReply:client-D2340BF4DD29->f9fecd82-c7ae-483e-b259-6428f2dfb240@group-7DE138E597A5, cid=983, SUCCESS, logIndex=1329, commits[f9fecd82-c7ae-483e-b259-6428f2dfb240:c1330, adbfec77-7a0d-4773-aa56-ba0b778d0ab5:c1326, 90c45227-141f-43fe-b831-a2b91b39d6b0:c1328]
2019-07-14 06:25:49,754 INFO  client.GrpcClientProtocolClient (GrpcClientProtocolClient.java:onNext(255)) - client-D2340BF4DD29->f9fecd82-c7ae-483e-b259-6428f2dfb240: receive RaftClientReply:client-D2340BF4DD29->f9fecd82-c7ae-483e-b259-6428f2dfb240@group-7DE138E597A5, cid=984, SUCCESS, logIndex=1330, commits[f9fecd82-c7ae-483e-b259-6428f2dfb240:c1330, adbfec77-7a0d-4773-aa56-ba0b778d0ab5:c1328, 90c45227-141f-43fe-b831-a2b91b39d6b0:c1328]
2019-07-14 06:25:49,757 INFO  client.GrpcClientProtocolClient (GrpcClientProtocolClient.java:onNext(255)) - client-D2340BF4DD29->f9fecd82-c7ae-483e-b259-6428f2dfb240: receive RaftClientReply:client-D2340BF4DD29->f9fecd82-c7ae-483e-b259-6428f2dfb240@group-7DE138E597A5, cid=985, SUCCESS, logIndex=0, commits[f9fecd82-c7ae-483e-b259-6428f2dfb240:c1331, adbfec77-7a0d-4773-aa56-ba0b778d0ab5:c1330, 90c45227-141f-43fe-b831-a2b91b39d6b0:c1330]
2019-07-14 06:25:49,916 INFO  client.GrpcClientProtocolClient (GrpcClientProtocolClient.java:onNext(255)) - client-D2340BF4DD29->f9fecd82-c7ae-483e-b259-6428f2dfb240: receive RaftClientReply:client-D2340BF4DD29->f9fecd82-c7ae-483e-b259-6428f2dfb240@group-7DE138E597A5, cid=986, SUCCESS, logIndex=1333, commits[f9fecd82-c7ae-483e-b259-6428f2dfb240:c1334, adbfec77-7a0d-4773-aa56-ba0b778d0ab5:c1332, 90c45227-141f-43fe-b831-a2b91b39d6b0:c1332]
2019-07-14 06:25:49,917 INFO  client.GrpcClientProtocolClient (GrpcClientProtocolClient.java:onNext(255)) - client-D2340BF4DD29->f9fecd82-c7ae-483e-b259-6428f2dfb240: receive RaftClientReply:client-D2340BF4DD29->f9fecd82-c7ae-483e-b259-6428f2dfb240@group-7DE138E597A5, cid=987, SUCCESS, logIndex=1334, commits[f9fecd82-c7ae-483e-b259-6428f2dfb240:c1334, adbfec77-7a0d-4773-aa56-ba0b778d0ab5:c1332, 90c45227-141f-43fe-b831-a2b91b39d6b0:c1332]
2019-07-14 06:25:49,918 INFO  client.GrpcClientProtocolClient (GrpcClientProtocolClient.java:onNext(255)) - client-D2340BF4DD29->f9fecd82-c7ae-483e-b259-6428f2dfb240: receive RaftClientReply:client-D2340BF4DD29->f9fecd82-c7ae-483e-b259-6428f2dfb240@group-7DE138E597A5, cid=988, SUCCESS, logIndex=1335, commits[f9fecd82-c7ae-483e-b259-6428f2dfb240:c1336, adbfec77-7a0d-4773-aa56-ba0b778d0ab5:c1332, 90c45227-141f-43fe-b831-a2b91b39d6b0:c1332]
2019-07-14 06:25:49,918 INFO  client.GrpcClientProtocolClient (GrpcClientProtocolClient.java:onNext(255)) - client-D2340BF4DD29->f9fecd82-c7ae-483e-b259-6428f2dfb240: receive RaftClientReply:client-D2340BF4DD29->f9fecd82-c7ae-483e-b259-6428f2dfb240@group-7DE138E597A5, cid=989, SUCCESS, logIndex=1336, commits[f9fecd82-c7ae-483e-b259-6428f2dfb240:c1336, adbfec77-7a0d-4773-aa56-ba0b778d0ab5:c1332, 90c45227-141f-43fe-b831-a2b91b39d6b0:c1332]
2019-07-14 06:25:49,920 INFO  client.GrpcClientProtocolClient (GrpcClientProtocolClient.java:onNext(255)) - client-D2340BF4DD29->f9fecd82-c7ae-483e-b259-6428f2dfb240: receive RaftClientReply:client-D2340BF4DD29->f9fecd82-c7ae-483e-b259-6428f2dfb240@group-7DE138E597A5, cid=990, SUCCESS, logIndex=0, commits[f9fecd82-c7ae-483e-b259-6428f2dfb240:c1338, adbfec77-7a0d-4773-aa56-ba0b778d0ab5:c1334, 90c45227-141f-43fe-b831-a2b91b39d6b0:c1334]
2019-07-14 06:25:49,940 INFO  client.GrpcClientProtocolClient (GrpcClientProtocolClient.java:onNext(255)) - client-D2340BF4DD29->f9fecd82-c7ae-483e-b259-6428f2dfb240: receive RaftClientReply:client-D2340BF4DD29->f9fecd82-c7ae-483e-b259-6428f2dfb240@group-7DE138E597A5, cid=991, SUCCESS, logIndex=1341, commits[f9fecd82-c7ae-483e-b259-6428f2dfb240:c1342, adbfec77-7a0d-4773-aa56-ba0b778d0ab5:c1340, 90c45227-141f-43fe-b831-a2b91b39d6b0:c1340]
2019-07-14 06:25:49,940 INFO  client.GrpcClientProtocolClient (GrpcClientProtocolClient.java:onNext(255)) - client-D2340BF4DD29->f9fecd82-c7ae-483e-b259-6428f2dfb240: receive RaftClientReply:client-D2340BF4DD29->f9fecd82-c7ae-483e-b259-6428f2dfb240@group-7DE138E597A5, cid=992, SUCCESS, logIndex=1342, commits[f9fecd82-c7ae-483e-b259-6428f2dfb240:c1342, adbfec77-7a0d-4773-aa56-ba0b778d0ab5:c1340, 90c45227-141f-43fe-b831-a2b91b39d6b0:c1340]
2019-07-14 06:25:49,953 INFO  client.GrpcClientProtocolClient (GrpcClientProtocolClient.java:onNext(255)) - client-D2340BF4DD29->f9fecd82-c7ae-483e-b259-6428f2dfb240: receive RaftClientReply:client-D2340BF4DD29->f9fecd82-c7ae-483e-b259-6428f2dfb240@group-7DE138E597A5, cid=993, SUCCESS, logIndex=1345, commits[f9fecd82-c7ae-483e-b259-6428f2dfb240:c1345, adbfec77-7a0d-4773-aa56-ba0b778d0ab5:c1342, 90c45227-141f-43fe-b831-a2b91b39d6b0:c1342]
2019-07-14 06:25:49,954 INFO  client.GrpcClientProtocolClient (GrpcClientProtocolClient.java:onNext(255)) - client-D2340BF4DD29->f9fecd82-c7ae-483e-b259-6428f2dfb240: receive RaftClientReply:client-D2340BF4DD29->f9fecd82-c7ae-483e-b259-6428f2dfb240@group-7DE138E597A5, cid=994, SUCCESS, logIndex=1346, commits[f9fecd82-c7ae-483e-b259-6428f2dfb240:c1346, adbfec77-7a0d-4773-aa56-ba0b778d0ab5:c1342, 90c45227-141f-43fe-b831-a2b91b39d6b0:c1342]
2019-07-14 06:25:49,966 INFO  client.GrpcClientProtocolClient (GrpcClientProtocolClient.java:onNext(255)) - client-D2340BF4DD29->f9fecd82-c7ae-483e-b259-6428f2dfb240: receive RaftClientReply:client-D2340BF4DD29->f9fecd82-c7ae-483e-b259-6428f2dfb240@group-7DE138E597A5, cid=995, SUCCESS, logIndex=0, commits[f9fecd82-c7ae-483e-b259-6428f2dfb240:c1348, adbfec77-7a0d-4773-aa56-ba0b778d0ab5:c1346, 90c45227-141f-43fe-b831-a2b91b39d6b0:c1346]
2019-07-14 06:25:49,986 INFO  client.GrpcClientProtocolClient (GrpcClientProtocolClient.java:onNext(255)) - client-D2340BF4DD29->f9fecd82-c7ae-483e-b259-6428f2dfb240: receive RaftClientReply:client-D2340BF4DD29->f9fecd82-c7ae-483e-b259-6428f2dfb240@group-7DE138E597A5, cid=996, SUCCESS, logIndex=1349, commits[f9fecd82-c7ae-483e-b259-6428f2dfb240:c1350, adbfec77-7a0d-4773-aa56-ba0b778d0ab5:c1348, 90c45227-141f-43fe-b831-a2b91b39d6b0:c1348]
2019-07-14 06:25:49,987 INFO  client.GrpcClientProtocolClient (GrpcClientProtocolClient.java:onNext(255)) - client-D2340BF4DD29->f9fecd82-c7ae-483e-b259-6428f2dfb240: receive RaftClientReply:client-D2340BF4DD29->f9fecd82-c7ae-483e-b259-6428f2dfb240@group-7DE138E597A5, cid=997, SUCCESS, logIndex=1350, commits[f9fecd82-c7ae-483e-b259-6428f2dfb240:c1352, adbfec77-7a0d-4773-aa56-ba0b778d0ab5:c1348, 90c45227-141f-43fe-b831-a2b91b39d6b0:c1348]
2019-07-14 06:25:49,987 INFO  client.GrpcClientProtocolClient (GrpcClientProtocolClient.java:onNext(255)) - client-D2340BF4DD29->f9fecd82-c7ae-483e-b259-6428f2dfb240: receive RaftClientReply:client-D2340BF4DD29->f9fecd82-c7ae-483e-b259-6428f2dfb240@group-7DE138E597A5, cid=998, SUCCESS, logIndex=1351, commits[f9fecd82-c7ae-483e-b259-6428f2dfb240:c1352, adbfec77-7a0d-4773-aa56-ba0b778d0ab5:c1348, 90c45227-141f-43fe-b831-a2b91b39d6b0:c1348]
2019-07-14 06:25:49,988 INFO  client.GrpcClientProtocolClient (GrpcClientProtocolClient.java:onNext(255)) - client-D2340BF4DD29->f9fecd82-c7ae-483e-b259-6428f2dfb240: receive RaftClientReply:client-D2340BF4DD29->f9fecd82-c7ae-483e-b259-6428f2dfb240@group-7DE138E597A5, cid=999, SUCCESS, logIndex=1352, commits[f9fecd82-c7ae-483e-b259-6428f2dfb240:c1352, adbfec77-7a0d-4773-aa56-ba0b778d0ab5:c1348, 90c45227-141f-43fe-b831-a2b91b39d6b0:c1348]
2019-07-14 06:25:49,989 INFO  client.GrpcClientProtocolClient (GrpcClientProtocolClient.java:onNext(255)) - client-D2340BF4DD29->f9fecd82-c7ae-483e-b259-6428f2dfb240: receive RaftClientReply:client-D2340BF4DD29->f9fecd82-c7ae-483e-b259-6428f2dfb240@group-7DE138E597A5, cid=1000, SUCCESS, logIndex=0, commits[f9fecd82-c7ae-483e-b259-6428f2dfb240:c1353, adbfec77-7a0d-4773-aa56-ba0b778d0ab5:c1350, 90c45227-141f-43fe-b831-a2b91b39d6b0:c1350]
2019-07-14 06:25:50,008 INFO  client.GrpcClientProtocolClient (GrpcClientProtocolClient.java:onNext(255)) - client-D2340BF4DD29->f9fecd82-c7ae-483e-b259-6428f2dfb240: receive RaftClientReply:client-D2340BF4DD29->f9fecd82-c7ae-483e-b259-6428f2dfb240@group-7DE138E597A5, cid=1001, SUCCESS, logIndex=1357, commits[f9fecd82-c7ae-483e-b259-6428f2dfb240:c1358, adbfec77-7a0d-4773-aa56-ba0b778d0ab5:c1356, 90c45227-141f-43fe-b831-a2b91b39d6b0:c1356]
2019-07-14 06:25:50,009 INFO  client.GrpcClientProtocolClient (GrpcClientProtocolClient.java:onNext(255)) - client-D2340BF4DD29->f9fecd82-c7ae-483e-b259-6428f2dfb240: receive RaftClientReply:client-D2340BF4DD29->f9fecd82-c7ae-483e-b259-6428f2dfb240@group-7DE138E597A5, cid=1002, SUCCESS, logIndex=1358, commits[f9fecd82-c7ae-483e-b259-6428f2dfb240:c1358, adbfec77-7a0d-4773-aa56-ba0b778d0ab5:c1356, 90c45227-141f-43fe-b831-a2b91b39d6b0:c1356]
2019-07-14 06:25:50,023 INFO  client.GrpcClientProtocolClient (GrpcClientProtocolClient.java:onNext(255)) - client-D2340BF4DD29->f9fecd82-c7ae-483e-b259-6428f2dfb240: receive RaftClientReply:client-D2340BF4DD29->f9fecd82-c7ae-483e-b259-6428f2dfb240@group-7DE138E597A5, cid=1003, SUCCESS, logIndex=1361, commits[f9fecd82-c7ae-483e-b259-6428f2dfb240:c1361, adbfec77-7a0d-4773-aa56-ba0b778d0ab5:c1358, 90c45227-141f-43fe-b831-a2b91b39d6b0:c1358]
2019-07-14 06:25:50,024 INFO  client.GrpcClientProtocolClient (GrpcClientProtocolClient.java:onNext(255)) - client-D2340BF4DD29->f9fecd82-c7ae-483e-b259-6428f2dfb240: receive RaftClientReply:client-D2340BF4DD29->f9fecd82-c7ae-483e-b259-6428f2dfb240@group-7DE138E597A5, cid=1004, SUCCESS, logIndex=1362, commits[f9fecd82-c7ae-483e-b259-6428f2dfb240:c1362, adbfec77-7a0d-4773-aa56-ba0b778d0ab5:c1358, 90c45227-141f-43fe-b831-a2b91b39d6b0:c1358]
2019-07-14 06:25:50,038 INFO  client.GrpcClientProtocolClient (GrpcClientProtocolClient.java:onNext(255)) - client-D2340BF4DD29->f9fecd82-c7ae-483e-b259-6428f2dfb240: receive RaftClientReply:client-D2340BF4DD29->f9fecd82-c7ae-483e-b259-6428f2dfb240@group-7DE138E597A5, cid=1005, SUCCESS, logIndex=0, commits[f9fecd82-c7ae-483e-b259-6428f2dfb240:c1364, adbfec77-7a0d-4773-aa56-ba0b778d0ab5:c1362, 90c45227-141f-43fe-b831-a2b91b39d6b0:c1362]
2019-07-14 06:25:50,063 INFO  client.GrpcClientProtocolClient (GrpcClientProtocolClient.java:onNext(255)) - client-D2340BF4DD29->f9fecd82-c7ae-483e-b259-6428f2dfb240: receive RaftClientReply:client-D2340BF4DD29->f9fecd82-c7ae-483e-b259-6428f2dfb240@group-7DE138E597A5, cid=1006, SUCCESS, logIndex=1365, commits[f9fecd82-c7ae-483e-b259-6428f2dfb240:c1366, adbfec77-7a0d-4773-aa56-ba0b778d0ab5:c1364, 90c45227-141f-43fe-b831-a2b91b39d6b0:c1364]
2019-07-14 06:25:50,064 INFO  client.GrpcClientProtocolClient (GrpcClientProtocolClient.java:onNext(255)) - client-D2340BF4DD29->f9fecd82-c7ae-483e-b259-6428f2dfb240: receive RaftClientReply:client-D2340BF4DD29->f9fecd82-c7ae-483e-b259-6428f2dfb240@group-7DE138E597A5, cid=1007, SUCCESS, logIndex=1366, commits[f9fecd82-c7ae-483e-b259-6428f2dfb240:c1368, adbfec77-7a0d-4773-aa56-ba0b778d0ab5:c1364, 90c45227-141f-43fe-b831-a2b91b39d6b0:c1364]
2019-07-14 06:25:50,064 INFO  client.GrpcClientProtocolClient (GrpcClientProtocolClient.java:onNext(255)) - client-D2340BF4DD29->f9fecd82-c7ae-483e-b259-6428f2dfb240: receive RaftClientReply:client-D2340BF4DD29->f9fecd82-c7ae-483e-b259-6428f2dfb240@group-7DE138E597A5, cid=1008, SUCCESS, logIndex=1367, commits[f9fecd82-c7ae-483e-b259-6428f2dfb240:c1368, adbfec77-7a0d-4773-aa56-ba0b778d0ab5:c1364, 90c45227-141f-43fe-b831-a2b91b39d6b0:c1364]
2019-07-14 06:25:50,064 INFO  client.GrpcClientProtocolClient (GrpcClientProtocolClient.java:onNext(255)) - client-D2340BF4DD29->f9fecd82-c7ae-483e-b259-6428f2dfb240: receive RaftClientReply:client-D2340BF4DD29->f9fecd82-c7ae-483e-b259-6428f2dfb240@group-7DE138E597A5, cid=1009, SUCCESS, logIndex=1368, commits[f9fecd82-c7ae-483e-b259-6428f2dfb240:c1368, adbfec77-7a0d-4773-aa56-ba0b778d0ab5:c1364, 90c45227-141f-43fe-b831-a2b91b39d6b0:c1364]
2019-07-14 06:25:50,067 INFO  client.GrpcClientProtocolClient (GrpcClientProtocolClient.java:onNext(255)) - client-D2340BF4DD29->f9fecd82-c7ae-483e-b259-6428f2dfb240: receive RaftClientReply:client-D2340BF4DD29->f9fecd82-c7ae-483e-b259-6428f2dfb240@group-7DE138E597A5, cid=1010, SUCCESS, logIndex=0, commits[f9fecd82-c7ae-483e-b259-6428f2dfb240:c1372, adbfec77-7a0d-4773-aa56-ba0b778d0ab5:c1366, 90c45227-141f-43fe-b831-a2b91b39d6b0:c1368]
2019-07-14 06:25:50,086 INFO  client.GrpcClientProtocolClient (GrpcClientProtocolClient.java:onNext(255)) - client-D2340BF4DD29->f9fecd82-c7ae-483e-b259-6428f2dfb240: receive RaftClientReply:client-D2340BF4DD29->f9fecd82-c7ae-483e-b259-6428f2dfb240@group-7DE138E597A5, cid=1011, SUCCESS, logIndex=1373, commits[f9fecd82-c7ae-483e-b259-6428f2dfb240:c1374, adbfec77-7a0d-4773-aa56-ba0b778d0ab5:c1372, 90c45227-141f-43fe-b831-a2b91b39d6b0:c1372]
2019-07-14 06:25:50,087 INFO  client.GrpcClientProtocolClient (GrpcClientProtocolClient.java:onNext(255)) - client-D2340BF4DD29->f9fecd82-c7ae-483e-b259-6428f2dfb240: receive RaftClientReply:client-D2340BF4DD29->f9fecd82-c7ae-483e-b259-6428f2dfb240@group-7DE138E597A5, cid=1012, SUCCESS, logIndex=1374, commits[f9fecd82-c7ae-483e-b259-6428f2dfb240:c1374, adbfec77-7a0d-4773-aa56-ba0b778d0ab5:c1372, 90c45227-141f-43fe-b831-a2b91b39d6b0:c1372]
2019-07-14 06:25:50,099 INFO  client.GrpcClientProtocolClient (GrpcClientProtocolClient.java:onNext(255)) - client-D2340BF4DD29->f9fecd82-c7ae-483e-b259-6428f2dfb240: receive RaftClientReply:client-D2340BF4DD29->f9fecd82-c7ae-483e-b259-6428f2dfb240@group-7DE138E597A5, cid=1013, SUCCESS, logIndex=1377, commits[f9fecd82-c7ae-483e-b259-6428f2dfb240:c1378, adbfec77-7a0d-4773-aa56-ba0b778d0ab5:c1374, 90c45227-141f-43fe-b831-a2b91b39d6b0:c1374]
2019-07-14 06:25:50,100 INFO  client.GrpcClientProtocolClient (GrpcClientProtocolClient.java:onNext(255)) - client-D2340BF4DD29->f9fecd82-c7ae-483e-b259-6428f2dfb240: receive RaftClientReply:client-D2340BF4DD29->f9fecd82-c7ae-483e-b259-6428f2dfb240@group-7DE138E597A5, cid=1014, SUCCESS, logIndex=1378, commits[f9fecd82-c7ae-483e-b259-6428f2dfb240:c1378, adbfec77-7a0d-4773-aa56-ba0b778d0ab5:c1374, 90c45227-141f-43fe-b831-a2b91b39d6b0:c1374]
2019-07-14 06:25:50,111 INFO  client.GrpcClientProtocolClient (GrpcClientProtocolClient.java:onNext(255)) - client-D2340BF4DD29->f9fecd82-c7ae-483e-b259-6428f2dfb240: receive RaftClientReply:client-D2340BF4DD29->f9fecd82-c7ae-483e-b259-6428f2dfb240@group-7DE138E597A5, cid=1015, SUCCESS, logIndex=0, commits[f9fecd82-c7ae-483e-b259-6428f2dfb240:c1379, adbfec77-7a0d-4773-aa56-ba0b778d0ab5:c1378, 90c45227-141f-43fe-b831-a2b91b39d6b0:c1378]
2019-07-14 06:25:50,131 INFO  client.GrpcClientProtocolClient (GrpcClientProtocolClient.java:onNext(255)) - client-D2340BF4DD29->f9fecd82-c7ae-483e-b259-6428f2dfb240: receive RaftClientReply:client-D2340BF4DD29->f9fecd82-c7ae-483e-b259-6428f2dfb240@group-7DE138E597A5, cid=1016, SUCCESS, logIndex=1381, commits[f9fecd82-c7ae-483e-b259-6428f2dfb240:c1382, adbfec77-7a0d-4773-aa56-ba0b778d0ab5:c1380, 90c45227-141f-43fe-b831-a2b91b39d6b0:c1380]
2019-07-14 06:25:50,131 INFO  client.GrpcClientProtocolClient (GrpcClientProtocolClient.java:onNext(255)) - client-D2340BF4DD29->f9fecd82-c7ae-483e-b259-6428f2dfb240: receive RaftClientReply:client-D2340BF4DD29->f9fecd82-c7ae-483e-b259-6428f2dfb240@group-7DE138E597A5, cid=1017, SUCCESS, logIndex=1382, commits[f9fecd82-c7ae-483e-b259-6428f2dfb240:c1382, adbfec77-7a0d-4773-aa56-ba0b778d0ab5:c1380, 90c45227-141f-43fe-b831-a2b91b39d6b0:c1380]
2019-07-14 06:25:50,132 INFO  client.GrpcClientProtocolClient (GrpcClientProtocolClient.java:onNext(255)) - client-D2340BF4DD29->f9fecd82-c7ae-483e-b259-6428f2dfb240: receive RaftClientReply:client-D2340BF4DD29->f9fecd82-c7ae-483e-b259-6428f2dfb240@group-7DE138E597A5, cid=1018, SUCCESS, logIndex=1383, commits[f9fecd82-c7ae-483e-b259-6428f2dfb240:c1384, adbfec77-7a0d-4773-aa56-ba0b778d0ab5:c1380, 90c45227-141f-43fe-b831-a2b91b39d6b0:c1380]
2019-07-14 06:25:50,132 INFO  client.GrpcClientProtocolClient (GrpcClientProtocolClient.java:onNext(255)) - client-D2340BF4DD29->f9fecd82-c7ae-483e-b259-6428f2dfb240: receive RaftClientReply:client-D2340BF4DD29->f9fecd82-c7ae-483e-b259-6428f2dfb240@group-7DE138E597A5, cid=1019, SUCCESS, logIndex=1384, commits[f9fecd82-c7ae-483e-b259-6428f2dfb240:c1384, adbfec77-7a0d-4773-aa56-ba0b778d0ab5:c1380, 90c45227-141f-43fe-b831-a2b91b39d6b0:c1380]
2019-07-14 06:25:50,133 INFO  client.GrpcClientProtocolClient (GrpcClientProtocolClient.java:onNext(255)) - client-D2340BF4DD29->f9fecd82-c7ae-483e-b259-6428f2dfb240: receive RaftClientReply:client-D2340BF4DD29->f9fecd82-c7ae-483e-b259-6428f2dfb240@group-7DE138E597A5, cid=1020, SUCCESS, logIndex=0, commits[f9fecd82-c7ae-483e-b259-6428f2dfb240:c1386, adbfec77-7a0d-4773-aa56-ba0b778d0ab5:c1382, 90c45227-141f-43fe-b831-a2b91b39d6b0:c1382]
2019-07-14 06:25:50,152 INFO  client.GrpcClientProtocolClient (GrpcClientProtocolClient.java:onNext(255)) - client-D2340BF4DD29->f9fecd82-c7ae-483e-b259-6428f2dfb240: receive RaftClientReply:client-D2340BF4DD29->f9fecd82-c7ae-483e-b259-6428f2dfb240@group-7DE138E597A5, cid=1021, SUCCESS, logIndex=1389, commits[f9fecd82-c7ae-483e-b259-6428f2dfb240:c1390, adbfec77-7a0d-4773-aa56-ba0b778d0ab5:c1388, 90c45227-141f-43fe-b831-a2b91b39d6b0:c1388]
2019-07-14 06:25:50,152 INFO  client.GrpcClientProtocolClient (GrpcClientProtocolClient.java:onNext(255)) - client-D2340BF4DD29->f9fecd82-c7ae-483e-b259-6428f2dfb240: receive RaftClientReply:client-D2340BF4DD29->f9fecd82-c7ae-483e-b259-6428f2dfb240@group-7DE138E597A5, cid=1022, SUCCESS, logIndex=1390, commits[f9fecd82-c7ae-483e-b259-6428f2dfb240:c1390, adbfec77-7a0d-4773-aa56-ba0b778d0ab5:c1388, 90c45227-141f-43fe-b831-a2b91b39d6b0:c1388]
2019-07-14 06:25:50,164 INFO  client.GrpcClientProtocolClient (GrpcClientProtocolClient.java:onNext(255)) - client-D2340BF4DD29->f9fecd82-c7ae-483e-b259-6428f2dfb240: receive RaftClientReply:client-D2340BF4DD29->f9fecd82-c7ae-483e-b259-6428f2dfb240@group-7DE138E597A5, cid=1023, SUCCESS, logIndex=1393, commits[f9fecd82-c7ae-483e-b259-6428f2dfb240:c1394, adbfec77-7a0d-4773-aa56-ba0b778d0ab5:c1390, 90c45227-141f-43fe-b831-a2b91b39d6b0:c1390]
2019-07-14 06:25:50,165 INFO  client.GrpcClientProtocolClient (GrpcClientProtocolClient.java:onNext(255)) - client-D2340BF4DD29->f9fecd82-c7ae-483e-b259-6428f2dfb240: receive RaftClientReply:client-D2340BF4DD29->f9fecd82-c7ae-483e-b259-6428f2dfb240@group-7DE138E597A5, cid=1024, SUCCESS, logIndex=1394, commits[f9fecd82-c7ae-483e-b259-6428f2dfb240:c1394, adbfec77-7a0d-4773-aa56-ba0b778d0ab5:c1390, 90c45227-141f-43fe-b831-a2b91b39d6b0:c1390]
2019-07-14 06:25:50,179 INFO  client.GrpcClientProtocolClient (GrpcClientProtocolClient.java:onNext(255)) - client-D2340BF4DD29->f9fecd82-c7ae-483e-b259-6428f2dfb240: receive RaftClientReply:client-D2340BF4DD29->f9fecd82-c7ae-483e-b259-6428f2dfb240@group-7DE138E597A5, cid=1025, SUCCESS, logIndex=0, commits[f9fecd82-c7ae-483e-b259-6428f2dfb240:c1396, adbfec77-7a0d-4773-aa56-ba0b778d0ab5:c1394, 90c45227-141f-43fe-b831-a2b91b39d6b0:c1394]
2019-07-14 06:25:50,198 INFO  client.GrpcClientProtocolClient (GrpcClientProtocolClient.java:onNext(255)) - client-D2340BF4DD29->f9fecd82-c7ae-483e-b259-6428f2dfb240: receive RaftClientReply:client-D2340BF4DD29->f9fecd82-c7ae-483e-b259-6428f2dfb240@group-7DE138E597A5, cid=1026, SUCCESS, logIndex=1397, commits[f9fecd82-c7ae-483e-b259-6428f2dfb240:c1398, adbfec77-7a0d-4773-aa56-ba0b778d0ab5:c1396, 90c45227-141f-43fe-b831-a2b91b39d6b0:c1396]
2019-07-14 06:25:50,199 INFO  client.GrpcClientProtocolClient (GrpcClientProtocolClient.java:onNext(255)) - client-D2340BF4DD29->f9fecd82-c7ae-483e-b259-6428f2dfb240: receive RaftClientReply:client-D2340BF4DD29->f9fecd82-c7ae-483e-b259-6428f2dfb240@group-7DE138E597A5, cid=1027, SUCCESS, logIndex=1398, commits[f9fecd82-c7ae-483e-b259-6428f2dfb240:c1398, adbfec77-7a0d-4773-aa56-ba0b778d0ab5:c1396, 90c45227-141f-43fe-b831-a2b91b39d6b0:c1396]
2019-07-14 06:25:50,210 INFO  client.GrpcClientProtocolClient (GrpcClientProtocolClient.java:onNext(255)) - client-D2340BF4DD29->f9fecd82-c7ae-483e-b259-6428f2dfb240: receive RaftClientReply:client-D2340BF4DD29->f9fecd82-c7ae-483e-b259-6428f2dfb240@group-7DE138E597A5, cid=1028, SUCCESS, logIndex=1399, commits[f9fecd82-c7ae-483e-b259-6428f2dfb240:c1400, adbfec77-7a0d-4773-aa56-ba0b778d0ab5:c1396, 90c45227-141f-43fe-b831-a2b91b39d6b0:c1396]
2019-07-14 06:25:50,210 INFO  client.GrpcClientProtocolClient (GrpcClientProtocolClient.java:onNext(255)) - client-D2340BF4DD29->f9fecd82-c7ae-483e-b259-6428f2dfb240: receive RaftClientReply:client-D2340BF4DD29->f9fecd82-c7ae-483e-b259-6428f2dfb240@group-7DE138E597A5, cid=1029, SUCCESS, logIndex=1400, commits[f9fecd82-c7ae-483e-b259-6428f2dfb240:c1400, adbfec77-7a0d-4773-aa56-ba0b778d0ab5:c1396, 90c45227-141f-43fe-b831-a2b91b39d6b0:c1396]
2019-07-14 06:25:50,211 INFO  client.GrpcClientProtocolClient (GrpcClientProtocolClient.java:onNext(255)) - client-D2340BF4DD29->f9fecd82-c7ae-483e-b259-6428f2dfb240: receive RaftClientReply:client-D2340BF4DD29->f9fecd82-c7ae-483e-b259-6428f2dfb240@group-7DE138E597A5, cid=1030, SUCCESS, logIndex=0, commits[f9fecd82-c7ae-483e-b259-6428f2dfb240:c1402, adbfec77-7a0d-4773-aa56-ba0b778d0ab5:c1398, 90c45227-141f-43fe-b831-a2b91b39d6b0:c1398]
2019-07-14 06:25:50,222 INFO  client.GrpcClientProtocolClient (GrpcClientProtocolClient.java:onNext(255)) - client-D2340BF4DD29->f9fecd82-c7ae-483e-b259-6428f2dfb240: receive RaftClientReply:client-D2340BF4DD29->f9fecd82-c7ae-483e-b259-6428f2dfb240@group-7DE138E597A5, cid=1031, SUCCESS, logIndex=1405, commits[f9fecd82-c7ae-483e-b259-6428f2dfb240:c1406, adbfec77-7a0d-4773-aa56-ba0b778d0ab5:c1404, 90c45227-141f-43fe-b831-a2b91b39d6b0:c1400]
2019-07-14 06:25:50,223 INFO  client.GrpcClientProtocolClient (GrpcClientProtocolClient.java:onNext(255)) - client-D2340BF4DD29->f9fecd82-c7ae-483e-b259-6428f2dfb240: receive RaftClientReply:client-D2340BF4DD29->f9fecd82-c7ae-483e-b259-6428f2dfb240@group-7DE138E597A5, cid=1032, SUCCESS, logIndex=1406, commits[f9fecd82-c7ae-483e-b259-6428f2dfb240:c1406, adbfec77-7a0d-4773-aa56-ba0b778d0ab5:c1404, 90c45227-141f-43fe-b831-a2b91b39d6b0:c1404]
2019-07-14 06:25:50,233 INFO  client.GrpcClientProtocolClient (GrpcClientProtocolClient.java:onNext(255)) - client-D2340BF4DD29->f9fecd82-c7ae-483e-b259-6428f2dfb240: receive RaftClientReply:client-D2340BF4DD29->f9fecd82-c7ae-483e-b259-6428f2dfb240@group-7DE138E597A5, cid=1033, SUCCESS, logIndex=1409, commits[f9fecd82-c7ae-483e-b259-6428f2dfb240:c1410, adbfec77-7a0d-4773-aa56-ba0b778d0ab5:c1408, 90c45227-141f-43fe-b831-a2b91b39d6b0:c1406]
2019-07-14 06:25:50,233 INFO  client.GrpcClientProtocolClient (GrpcClientProtocolClient.java:onNext(255)) - client-D2340BF4DD29->f9fecd82-c7ae-483e-b259-6428f2dfb240: receive RaftClientReply:client-D2340BF4DD29->f9fecd82-c7ae-483e-b259-6428f2dfb240@group-7DE138E597A5, cid=1034, SUCCESS, logIndex=1410, commits[f9fecd82-c7ae-483e-b259-6428f2dfb240:c1410, adbfec77-7a0d-4773-aa56-ba0b778d0ab5:c1408, 90c45227-141f-43fe-b831-a2b91b39d6b0:c1408]
2019-07-14 06:25:50,235 INFO  client.GrpcClientProtocolClient (GrpcClientProtocolClient.java:onNext(255)) - client-D2340BF4DD29->f9fecd82-c7ae-483e-b259-6428f2dfb240: receive RaftClientReply:client-D2340BF4DD29->f9fecd82-c7ae-483e-b259-6428f2dfb240@group-7DE138E597A5, cid=1035, SUCCESS, logIndex=0, commits[f9fecd82-c7ae-483e-b259-6428f2dfb240:c1411, adbfec77-7a0d-4773-aa56-ba0b778d0ab5:c1410, 90c45227-141f-43fe-b831-a2b91b39d6b0:c1410]
2019-07-14 06:25:50,250 INFO  client.GrpcClientProtocolClient (GrpcClientProtocolClient.java:onNext(255)) - client-D2340BF4DD29->f9fecd82-c7ae-483e-b259-6428f2dfb240: receive RaftClientReply:client-D2340BF4DD29->f9fecd82-c7ae-483e-b259-6428f2dfb240@group-7DE138E597A5, cid=1036, SUCCESS, logIndex=1412, commits[f9fecd82-c7ae-483e-b259-6428f2dfb240:c1413, adbfec77-7a0d-4773-aa56-ba0b778d0ab5:c1411, 90c45227-141f-43fe-b831-a2b91b39d6b0:c1410]
2019-07-14 06:25:50,250 INFO  client.GrpcClientProtocolClient (GrpcClientProtocolClient.java:onNext(255)) - client-D2340BF4DD29->f9fecd82-c7ae-483e-b259-6428f2dfb240: receive RaftClientReply:client-D2340BF4DD29->f9fecd82-c7ae-483e-b259-6428f2dfb240@group-7DE138E597A5, cid=1037, SUCCESS, logIndex=1413, commits[f9fecd82-c7ae-483e-b259-6428f2dfb240:c1413, adbfec77-7a0d-4773-aa56-ba0b778d0ab5:c1411, 90c45227-141f-43fe-b831-a2b91b39d6b0:c1410]
2019-07-14 06:25:50,252 INFO  client.GrpcClientProtocolClient (GrpcClientProtocolClient.java:onNext(255)) - client-D2340BF4DD29->f9fecd82-c7ae-483e-b259-6428f2dfb240: receive RaftClientReply:client-D2340BF4DD29->f9fecd82-c7ae-483e-b259-6428f2dfb240@group-7DE138E597A5, cid=1038, SUCCESS, logIndex=1414, commits[f9fecd82-c7ae-483e-b259-6428f2dfb240:c1415, adbfec77-7a0d-4773-aa56-ba0b778d0ab5:c1411, 90c45227-141f-43fe-b831-a2b91b39d6b0:c1411]
2019-07-14 06:25:50,252 INFO  client.GrpcClientProtocolClient (GrpcClientProtocolClient.java:onNext(255)) - client-D2340BF4DD29->f9fecd82-c7ae-483e-b259-6428f2dfb240: receive RaftClientReply:client-D2340BF4DD29->f9fecd82-c7ae-483e-b259-6428f2dfb240@group-7DE138E597A5, cid=1039, SUCCESS, logIndex=1415, commits[f9fecd82-c7ae-483e-b259-6428f2dfb240:c1415, adbfec77-7a0d-4773-aa56-ba0b778d0ab5:c1411, 90c45227-141f-43fe-b831-a2b91b39d6b0:c1411]
2019-07-14 06:25:50,254 INFO  client.GrpcClientProtocolClient (GrpcClientProtocolClient.java:onNext(255)) - client-D2340BF4DD29->f9fecd82-c7ae-483e-b259-6428f2dfb240: receive RaftClientReply:client-D2340BF4DD29->f9fecd82-c7ae-483e-b259-6428f2dfb240@group-7DE138E597A5, cid=1040, SUCCESS, logIndex=0, commits[f9fecd82-c7ae-483e-b259-6428f2dfb240:c1417, adbfec77-7a0d-4773-aa56-ba0b778d0ab5:c1413, 90c45227-141f-43fe-b831-a2b91b39d6b0:c1413]
2019-07-14 06:25:50,266 INFO  client.GrpcClientProtocolClient (GrpcClientProtocolClient.java:onNext(255)) - client-D2340BF4DD29->f9fecd82-c7ae-483e-b259-6428f2dfb240: receive RaftClientReply:client-D2340BF4DD29->f9fecd82-c7ae-483e-b259-6428f2dfb240@group-7DE138E597A5, cid=1041, SUCCESS, logIndex=1420, commits[f9fecd82-c7ae-483e-b259-6428f2dfb240:c1421, adbfec77-7a0d-4773-aa56-ba0b778d0ab5:c1419, 90c45227-141f-43fe-b831-a2b91b39d6b0:c1415]
2019-07-14 06:25:50,267 INFO  client.GrpcClientProtocolClient (GrpcClientProtocolClient.java:onNext(255)) - client-D2340BF4DD29->f9fecd82-c7ae-483e-b259-6428f2dfb240: receive RaftClientReply:client-D2340BF4DD29->f9fecd82-c7ae-483e-b259-6428f2dfb240@group-7DE138E597A5, cid=1042, SUCCESS, logIndex=1421, commits[f9fecd82-c7ae-483e-b259-6428f2dfb240:c1421, adbfec77-7a0d-4773-aa56-ba0b778d0ab5:c1419, 90c45227-141f-43fe-b831-a2b91b39d6b0:c1419]
2019-07-14 06:25:50,287 INFO  client.GrpcClientProtocolClient (GrpcClientProtocolClient.java:onNext(255)) - client-D2340BF4DD29->f9fecd82-c7ae-483e-b259-6428f2dfb240: receive RaftClientReply:client-D2340BF4DD29->f9fecd82-c7ae-483e-b259-6428f2dfb240@group-7DE138E597A5, cid=1043, SUCCESS, logIndex=1424, commits[f9fecd82-c7ae-483e-b259-6428f2dfb240:c1425, adbfec77-7a0d-4773-aa56-ba0b778d0ab5:c1423, 90c45227-141f-43fe-b831-a2b91b39d6b0:c1421]
2019-07-14 06:25:50,287 INFO  client.GrpcClientProtocolClient (GrpcClientProtocolClient.java:onNext(255)) - client-D2340BF4DD29->f9fecd82-c7ae-483e-b259-6428f2dfb240: receive RaftClientReply:client-D2340BF4DD29->f9fecd82-c7ae-483e-b259-6428f2dfb240@group-7DE138E597A5, cid=1044, SUCCESS, logIndex=1425, commits[f9fecd82-c7ae-483e-b259-6428f2dfb240:c1425, adbfec77-7a0d-4773-aa56-ba0b778d0ab5:c1423, 90c45227-141f-43fe-b831-a2b91b39d6b0:c1423]
2019-07-14 06:25:50,289 INFO  client.GrpcClientProtocolClient (GrpcClientProtocolClient.java:onNext(255)) - client-D2340BF4DD29->f9fecd82-c7ae-483e-b259-6428f2dfb240: receive RaftClientReply:client-D2340BF4DD29->f9fecd82-c7ae-483e-b259-6428f2dfb240@group-7DE138E597A5, cid=1045, SUCCESS, logIndex=0, commits[f9fecd82-c7ae-483e-b259-6428f2dfb240:c1426, adbfec77-7a0d-4773-aa56-ba0b778d0ab5:c1425, 90c45227-141f-43fe-b831-a2b91b39d6b0:c1425]
2019-07-14 06:25:50,316 INFO  client.GrpcClientProtocolClient (GrpcClientProtocolClient.java:onNext(255)) - client-D2340BF4DD29->f9fecd82-c7ae-483e-b259-6428f2dfb240: receive RaftClientReply:client-D2340BF4DD29->f9fecd82-c7ae-483e-b259-6428f2dfb240@group-7DE138E597A5, cid=1046, SUCCESS, logIndex=1428, commits[f9fecd82-c7ae-483e-b259-6428f2dfb240:c1429, adbfec77-7a0d-4773-aa56-ba0b778d0ab5:c1427, 90c45227-141f-43fe-b831-a2b91b39d6b0:c1427]
2019-07-14 06:25:50,318 INFO  client.GrpcClientProtocolClient (GrpcClientProtocolClient.java:onNext(255)) - client-D2340BF4DD29->f9fecd82-c7ae-483e-b259-6428f2dfb240: receive RaftClientReply:client-D2340BF4DD29->f9fecd82-c7ae-483e-b259-6428f2dfb240@group-7DE138E597A5, cid=1047, SUCCESS, logIndex=1429, commits[f9fecd82-c7ae-483e-b259-6428f2dfb240:c1429, adbfec77-7a0d-4773-aa56-ba0b778d0ab5:c1427, 90c45227-141f-43fe-b831-a2b91b39d6b0:c1427]
2019-07-14 06:25:50,321 INFO  client.GrpcClientProtocolClient (GrpcClientProtocolClient.java:onNext(255)) - client-D2340BF4DD29->f9fecd82-c7ae-483e-b259-6428f2dfb240: receive RaftClientReply:client-D2340BF4DD29->f9fecd82-c7ae-483e-b259-6428f2dfb240@group-7DE138E597A5, cid=1048, SUCCESS, logIndex=1430, commits[f9fecd82-c7ae-483e-b259-6428f2dfb240:c1431, adbfec77-7a0d-4773-aa56-ba0b778d0ab5:c1427, 90c45227-141f-43fe-b831-a2b91b39d6b0:c1427]
2019-07-14 06:25:50,322 INFO  client.GrpcClientProtocolClient (GrpcClientProtocolClient.java:onNext(255)) - client-D2340BF4DD29->f9fecd82-c7ae-483e-b259-6428f2dfb240: receive RaftClientReply:client-D2340BF4DD29->f9fecd82-c7ae-483e-b259-6428f2dfb240@group-7DE138E597A5, cid=1049, SUCCESS, logIndex=1431, commits[f9fecd82-c7ae-483e-b259-6428f2dfb240:c1431, adbfec77-7a0d-4773-aa56-ba0b778d0ab5:c1427, 90c45227-141f-43fe-b831-a2b91b39d6b0:c1427]
2019-07-14 06:25:50,324 INFO  client.GrpcClientProtocolClient (GrpcClientProtocolClient.java:onNext(255)) - client-D2340BF4DD29->f9fecd82-c7ae-483e-b259-6428f2dfb240: receive RaftClientReply:client-D2340BF4DD29->f9fecd82-c7ae-483e-b259-6428f2dfb240@group-7DE138E597A5, cid=1050, SUCCESS, logIndex=0, commits[f9fecd82-c7ae-483e-b259-6428f2dfb240:c1435, adbfec77-7a0d-4773-aa56-ba0b778d0ab5:c1431, 90c45227-141f-43fe-b831-a2b91b39d6b0:c1431]
2019-07-14 06:25:50,335 INFO  client.GrpcClientProtocolClient (GrpcClientProtocolClient.java:onNext(255)) - client-D2340BF4DD29->f9fecd82-c7ae-483e-b259-6428f2dfb240: receive RaftClientReply:client-D2340BF4DD29->f9fecd82-c7ae-483e-b259-6428f2dfb240@group-7DE138E597A5, cid=1051, SUCCESS, logIndex=1436, commits[f9fecd82-c7ae-483e-b259-6428f2dfb240:c1437, adbfec77-7a0d-4773-aa56-ba0b778d0ab5:c1431, 90c45227-141f-43fe-b831-a2b91b39d6b0:c1435]
2019-07-14 06:25:50,335 INFO  client.GrpcClientProtocolClient (GrpcClientProtocolClient.java:onNext(255)) - client-D2340BF4DD29->f9fecd82-c7ae-483e-b259-6428f2dfb240: receive RaftClientReply:client-D2340BF4DD29->f9fecd82-c7ae-483e-b259-6428f2dfb240@group-7DE138E597A5, cid=1052, SUCCESS, logIndex=1437, commits[f9fecd82-c7ae-483e-b259-6428f2dfb240:c1437, adbfec77-7a0d-4773-aa56-ba0b778d0ab5:c1431, 90c45227-141f-43fe-b831-a2b91b39d6b0:c1435]
2019-07-14 06:25:50,347 INFO  client.GrpcClientProtocolClient (GrpcClientProtocolClient.java:onNext(255)) - client-D2340BF4DD29->f9fecd82-c7ae-483e-b259-6428f2dfb240: receive RaftClientReply:client-D2340BF4DD29->f9fecd82-c7ae-483e-b259-6428f2dfb240@group-7DE138E597A5, cid=1053, SUCCESS, logIndex=1440, commits[f9fecd82-c7ae-483e-b259-6428f2dfb240:c1441, adbfec77-7a0d-4773-aa56-ba0b778d0ab5:c1437, 90c45227-141f-43fe-b831-a2b91b39d6b0:c1437]
2019-07-14 06:25:50,347 INFO  client.GrpcClientProtocolClient (GrpcClientProtocolClient.java:onNext(255)) - client-D2340BF4DD29->f9fecd82-c7ae-483e-b259-6428f2dfb240: receive RaftClientReply:client-D2340BF4DD29->f9fecd82-c7ae-483e-b259-6428f2dfb240@group-7DE138E597A5, cid=1054, SUCCESS, logIndex=1441, commits[f9fecd82-c7ae-483e-b259-6428f2dfb240:c1441, adbfec77-7a0d-4773-aa56-ba0b778d0ab5:c1437, 90c45227-141f-43fe-b831-a2b91b39d6b0:c1437]
2019-07-14 06:25:50,359 INFO  client.GrpcClientProtocolClient (GrpcClientProtocolClient.java:onNext(255)) - client-D2340BF4DD29->f9fecd82-c7ae-483e-b259-6428f2dfb240: receive RaftClientReply:client-D2340BF4DD29->f9fecd82-c7ae-483e-b259-6428f2dfb240@group-7DE138E597A5, cid=1055, SUCCESS, logIndex=0, commits[f9fecd82-c7ae-483e-b259-6428f2dfb240:c1443, adbfec77-7a0d-4773-aa56-ba0b778d0ab5:c1441, 90c45227-141f-43fe-b831-a2b91b39d6b0:c1441]
2019-07-14 06:25:50,489 INFO  client.GrpcClientProtocolClient (GrpcClientProtocolClient.java:onNext(255)) - client-D2340BF4DD29->f9fecd82-c7ae-483e-b259-6428f2dfb240: receive RaftClientReply:client-D2340BF4DD29->f9fecd82-c7ae-483e-b259-6428f2dfb240@group-7DE138E597A5, cid=1056, SUCCESS, logIndex=1444, commits[f9fecd82-c7ae-483e-b259-6428f2dfb240:c1445, adbfec77-7a0d-4773-aa56-ba0b778d0ab5:c1443, 90c45227-141f-43fe-b831-a2b91b39d6b0:c1443]
2019-07-14 06:25:50,491 INFO  client.GrpcClientProtocolClient (GrpcClientProtocolClient.java:onNext(255)) - client-D2340BF4DD29->f9fecd82-c7ae-483e-b259-6428f2dfb240: receive RaftClientReply:client-D2340BF4DD29->f9fecd82-c7ae-483e-b259-6428f2dfb240@group-7DE138E597A5, cid=1057, SUCCESS, logIndex=1445, commits[f9fecd82-c7ae-483e-b259-6428f2dfb240:c1447, adbfec77-7a0d-4773-aa56-ba0b778d0ab5:c1443, 90c45227-141f-43fe-b831-a2b91b39d6b0:c1443]
2019-07-14 06:25:50,491 INFO  client.GrpcClientProtocolClient (GrpcClientProtocolClient.java:onNext(255)) - client-D2340BF4DD29->f9fecd82-c7ae-483e-b259-6428f2dfb240: receive RaftClientReply:client-D2340BF4DD29->f9fecd82-c7ae-483e-b259-6428f2dfb240@group-7DE138E597A5, cid=1058, SUCCESS, logIndex=1446, commits[f9fecd82-c7ae-483e-b259-6428f2dfb240:c1447, adbfec77-7a0d-4773-aa56-ba0b778d0ab5:c1443, 90c45227-141f-43fe-b831-a2b91b39d6b0:c1443]
2019-07-14 06:25:50,493 INFO  client.GrpcClientProtocolClient (GrpcClientProtocolClient.java:onNext(255)) - client-D2340BF4DD29->f9fecd82-c7ae-483e-b259-6428f2dfb240: receive RaftClientReply:client-D2340BF4DD29->f9fecd82-c7ae-483e-b259-6428f2dfb240@group-7DE138E597A5, cid=1059, SUCCESS, logIndex=1447, commits[f9fecd82-c7ae-483e-b259-6428f2dfb240:c1447, adbfec77-7a0d-4773-aa56-ba0b778d0ab5:c1443, 90c45227-141f-43fe-b831-a2b91b39d6b0:c1443]
2019-07-14 06:25:50,501 INFO  client.GrpcClientProtocolClient (GrpcClientProtocolClient.java:onNext(255)) - client-D2340BF4DD29->f9fecd82-c7ae-483e-b259-6428f2dfb240: receive RaftClientReply:client-D2340BF4DD29->f9fecd82-c7ae-483e-b259-6428f2dfb240@group-7DE138E597A5, cid=1060, SUCCESS, logIndex=0, commits[f9fecd82-c7ae-483e-b259-6428f2dfb240:c1451, adbfec77-7a0d-4773-aa56-ba0b778d0ab5:c1445, 90c45227-141f-43fe-b831-a2b91b39d6b0:c1447]
2019-07-14 06:25:50,522 INFO  client.GrpcClientProtocolClient (GrpcClientProtocolClient.java:onNext(255)) - client-D2340BF4DD29->f9fecd82-c7ae-483e-b259-6428f2dfb240: receive RaftClientReply:client-D2340BF4DD29->f9fecd82-c7ae-483e-b259-6428f2dfb240@group-7DE138E597A5, cid=1061, SUCCESS, logIndex=1452, commits[f9fecd82-c7ae-483e-b259-6428f2dfb240:c1453, adbfec77-7a0d-4773-aa56-ba0b778d0ab5:c1451, 90c45227-141f-43fe-b831-a2b91b39d6b0:c1451]
2019-07-14 06:25:50,522 INFO  client.GrpcClientProtocolClient (GrpcClientProtocolClient.java:onNext(255)) - client-D2340BF4DD29->f9fecd82-c7ae-483e-b259-6428f2dfb240: receive RaftClientReply:client-D2340BF4DD29->f9fecd82-c7ae-483e-b259-6428f2dfb240@group-7DE138E597A5, cid=1062, SUCCESS, logIndex=1453, commits[f9fecd82-c7ae-483e-b259-6428f2dfb240:c1453, adbfec77-7a0d-4773-aa56-ba0b778d0ab5:c1451, 90c45227-141f-43fe-b831-a2b91b39d6b0:c1451]
2019-07-14 06:25:50,547 INFO  client.GrpcClientProtocolClient (GrpcClientProtocolClient.java:onNext(255)) - client-D2340BF4DD29->f9fecd82-c7ae-483e-b259-6428f2dfb240: receive RaftClientReply:client-D2340BF4DD29->f9fecd82-c7ae-483e-b259-6428f2dfb240@group-7DE138E597A5, cid=1063, SUCCESS, logIndex=1456, commits[f9fecd82-c7ae-483e-b259-6428f2dfb240:c1457, adbfec77-7a0d-4773-aa56-ba0b778d0ab5:c1453, 90c45227-141f-43fe-b831-a2b91b39d6b0:c1453]
2019-07-14 06:25:50,548 INFO  client.GrpcClientProtocolClient (GrpcClientProtocolClient.java:onNext(255)) - client-D2340BF4DD29->f9fecd82-c7ae-483e-b259-6428f2dfb240: receive RaftClientReply:client-D2340BF4DD29->f9fecd82-c7ae-483e-b259-6428f2dfb240@group-7DE138E597A5, cid=1064, SUCCESS, logIndex=1457, commits[f9fecd82-c7ae-483e-b259-6428f2dfb240:c1457, adbfec77-7a0d-4773-aa56-ba0b778d0ab5:c1453, 90c45227-141f-43fe-b831-a2b91b39d6b0:c1453]
2019-07-14 06:25:50,570 INFO  client.GrpcClientProtocolClient (GrpcClientProtocolClient.java:onNext(255)) - client-D2340BF4DD29->f9fecd82-c7ae-483e-b259-6428f2dfb240: receive RaftClientReply:client-D2340BF4DD29->f9fecd82-c7ae-483e-b259-6428f2dfb240@group-7DE138E597A5, cid=1065, SUCCESS, logIndex=0, commits[f9fecd82-c7ae-483e-b259-6428f2dfb240:c1458, adbfec77-7a0d-4773-aa56-ba0b778d0ab5:c1457, 90c45227-141f-43fe-b831-a2b91b39d6b0:c1457]
 0.00% |█                                                                                                    |  0/1 Time: 0:00:052019-07-14 06:25:50,604 INFO  client.GrpcClientProtocolClient (GrpcClientProtocolClient.java:onNext(255)) - client-D2340BF4DD29->f9fecd82-c7ae-483e-b259-6428f2dfb240: receive RaftClientReply:client-D2340BF4DD29->f9fecd82-c7ae-483e-b259-6428f2dfb240@group-7DE138E597A5, cid=1066, SUCCESS, logIndex=1460, commits[f9fecd82-c7ae-483e-b259-6428f2dfb240:c1460, adbfec77-7a0d-4773-aa56-ba0b778d0ab5:c1459, 90c45227-141f-43fe-b831-a2b91b39d6b0:c1459]
2019-07-14 06:25:50,605 INFO  client.GrpcClientProtocolClient (GrpcClientProtocolClient.java:onNext(255)) - client-D2340BF4DD29->f9fecd82-c7ae-483e-b259-6428f2dfb240: receive RaftClientReply:client-D2340BF4DD29->f9fecd82-c7ae-483e-b259-6428f2dfb240@group-7DE138E597A5, cid=1067, SUCCESS, logIndex=1461, commits[f9fecd82-c7ae-483e-b259-6428f2dfb240:c1463, adbfec77-7a0d-4773-aa56-ba0b778d0ab5:c1459, 90c45227-141f-43fe-b831-a2b91b39d6b0:c1459]
2019-07-14 06:25:50,605 INFO  client.GrpcClientProtocolClient (GrpcClientProtocolClient.java:onNext(255)) - client-D2340BF4DD29->f9fecd82-c7ae-483e-b259-6428f2dfb240: receive RaftClientReply:client-D2340BF4DD29->f9fecd82-c7ae-483e-b259-6428f2dfb240@group-7DE138E597A5, cid=1068, SUCCESS, logIndex=1462, commits[f9fecd82-c7ae-483e-b259-6428f2dfb240:c1463, adbfec77-7a0d-4773-aa56-ba0b778d0ab5:c1459, 90c45227-141f-43fe-b831-a2b91b39d6b0:c1459]
2019-07-14 06:25:50,605 INFO  client.GrpcClientProtocolClient (GrpcClientProtocolClient.java:onNext(255)) - client-D2340BF4DD29->f9fecd82-c7ae-483e-b259-6428f2dfb240: receive RaftClientReply:client-D2340BF4DD29->f9fecd82-c7ae-483e-b259-6428f2dfb240@group-7DE138E597A5, cid=1069, SUCCESS, logIndex=1463, commits[f9fecd82-c7ae-483e-b259-6428f2dfb240:c1463, adbfec77-7a0d-4773-aa56-ba0b778d0ab5:c1459, 90c45227-141f-43fe-b831-a2b91b39d6b0:c1459]
2019-07-14 06:25:50,615 INFO  client.GrpcClientProtocolClient (GrpcClientProtocolClient.java:onNext(255)) - client-D2340BF4DD29->f9fecd82-c7ae-483e-b259-6428f2dfb240: receive RaftClientReply:client-D2340BF4DD29->f9fecd82-c7ae-483e-b259-6428f2dfb240@group-7DE138E597A5, cid=1070, SUCCESS, logIndex=0, commits[f9fecd82-c7ae-483e-b259-6428f2dfb240:c1464, adbfec77-7a0d-4773-aa56-ba0b778d0ab5:c1461, 90c45227-141f-43fe-b831-a2b91b39d6b0:c1461]
2019-07-14 06:25:50,635 INFO  client.GrpcClientProtocolClient (GrpcClientProtocolClient.java:onNext(255)) - client-D2340BF4DD29->f9fecd82-c7ae-483e-b259-6428f2dfb240: receive RaftClientReply:client-D2340BF4DD29->f9fecd82-c7ae-483e-b259-6428f2dfb240@group-7DE138E597A5, cid=1071, SUCCESS, logIndex=1468, commits[f9fecd82-c7ae-483e-b259-6428f2dfb240:c1469, adbfec77-7a0d-4773-aa56-ba0b778d0ab5:c1467, 90c45227-141f-43fe-b831-a2b91b39d6b0:c1467]
2019-07-14 06:25:50,636 INFO  client.GrpcClientProtocolClient (GrpcClientProtocolClient.java:onNext(255)) - client-D2340BF4DD29->f9fecd82-c7ae-483e-b259-6428f2dfb240: receive RaftClientReply:client-D2340BF4DD29->f9fecd82-c7ae-483e-b259-6428f2dfb240@group-7DE138E597A5, cid=1072, SUCCESS, logIndex=1469, commits[f9fecd82-c7ae-483e-b259-6428f2dfb240:c1469, adbfec77-7a0d-4773-aa56-ba0b778d0ab5:c1467, 90c45227-141f-43fe-b831-a2b91b39d6b0:c1467]
2019-07-14 06:25:50,650 INFO  client.GrpcClientProtocolClient (GrpcClientProtocolClient.java:onNext(255)) - client-D2340BF4DD29->f9fecd82-c7ae-483e-b259-6428f2dfb240: receive RaftClientReply:client-D2340BF4DD29->f9fecd82-c7ae-483e-b259-6428f2dfb240@group-7DE138E597A5, cid=1073, SUCCESS, logIndex=1472, commits[f9fecd82-c7ae-483e-b259-6428f2dfb240:c1473, adbfec77-7a0d-4773-aa56-ba0b778d0ab5:c1469, 90c45227-141f-43fe-b831-a2b91b39d6b0:c1469]
2019-07-14 06:25:50,650 INFO  client.GrpcClientProtocolClient (GrpcClientProtocolClient.java:onNext(255)) - client-D2340BF4DD29->f9fecd82-c7ae-483e-b259-6428f2dfb240: receive RaftClientReply:client-D2340BF4DD29->f9fecd82-c7ae-483e-b259-6428f2dfb240@group-7DE138E597A5, cid=1074, SUCCESS, logIndex=1473, commits[f9fecd82-c7ae-483e-b259-6428f2dfb240:c1473, adbfec77-7a0d-4773-aa56-ba0b778d0ab5:c1469, 90c45227-141f-43fe-b831-a2b91b39d6b0:c1469]
2019-07-14 06:25:50,662 INFO  client.GrpcClientProtocolClient (GrpcClientProtocolClient.java:onNext(255)) - client-D2340BF4DD29->f9fecd82-c7ae-483e-b259-6428f2dfb240: receive RaftClientReply:client-D2340BF4DD29->f9fecd82-c7ae-483e-b259-6428f2dfb240@group-7DE138E597A5, cid=1075, SUCCESS, logIndex=0, commits[f9fecd82-c7ae-483e-b259-6428f2dfb240:c1474, adbfec77-7a0d-4773-aa56-ba0b778d0ab5:c1473, 90c45227-141f-43fe-b831-a2b91b39d6b0:c1473]
2019-07-14 06:25:50,682 INFO  client.GrpcClientProtocolClient (GrpcClientProtocolClient.java:onNext(255)) - client-D2340BF4DD29->f9fecd82-c7ae-483e-b259-6428f2dfb240: receive RaftClientReply:client-D2340BF4DD29->f9fecd82-c7ae-483e-b259-6428f2dfb240@group-7DE138E597A5, cid=1076, SUCCESS, logIndex=1476, commits[f9fecd82-c7ae-483e-b259-6428f2dfb240:c1477, adbfec77-7a0d-4773-aa56-ba0b778d0ab5:c1475, 90c45227-141f-43fe-b831-a2b91b39d6b0:c1475]
2019-07-14 06:25:50,683 INFO  client.GrpcClientProtocolClient (GrpcClientProtocolClient.java:onNext(255)) - client-D2340BF4DD29->f9fecd82-c7ae-483e-b259-6428f2dfb240: receive RaftClientReply:client-D2340BF4DD29->f9fecd82-c7ae-483e-b259-6428f2dfb240@group-7DE138E597A5, cid=1077, SUCCESS, logIndex=1477, commits[f9fecd82-c7ae-483e-b259-6428f2dfb240:c1478, adbfec77-7a0d-4773-aa56-ba0b778d0ab5:c1475, 90c45227-141f-43fe-b831-a2b91b39d6b0:c1475]
2019-07-14 06:25:50,683 INFO  client.GrpcClientProtocolClient (GrpcClientProtocolClient.java:onNext(255)) - client-D2340BF4DD29->f9fecd82-c7ae-483e-b259-6428f2dfb240: receive RaftClientReply:client-D2340BF4DD29->f9fecd82-c7ae-483e-b259-6428f2dfb240@group-7DE138E597A5, cid=1078, SUCCESS, logIndex=1478, commits[f9fecd82-c7ae-483e-b259-6428f2dfb240:c1479, adbfec77-7a0d-4773-aa56-ba0b778d0ab5:c1475, 90c45227-141f-43fe-b831-a2b91b39d6b0:c1475]
2019-07-14 06:25:50,683 INFO  client.GrpcClientProtocolClient (GrpcClientProtocolClient.java:onNext(255)) - client-D2340BF4DD29->f9fecd82-c7ae-483e-b259-6428f2dfb240: receive RaftClientReply:client-D2340BF4DD29->f9fecd82-c7ae-483e-b259-6428f2dfb240@group-7DE138E597A5, cid=1079, SUCCESS, logIndex=1479, commits[f9fecd82-c7ae-483e-b259-6428f2dfb240:c1479, adbfec77-7a0d-4773-aa56-ba0b778d0ab5:c1475, 90c45227-141f-43fe-b831-a2b91b39d6b0:c1475]
2019-07-14 06:25:50,685 INFO  client.GrpcClientProtocolClient (GrpcClientProtocolClient.java:onNext(255)) - client-D2340BF4DD29->f9fecd82-c7ae-483e-b259-6428f2dfb240: receive RaftClientReply:client-D2340BF4DD29->f9fecd82-c7ae-483e-b259-6428f2dfb240@group-7DE138E597A5, cid=1080, SUCCESS, logIndex=0, commits[f9fecd82-c7ae-483e-b259-6428f2dfb240:c1483, adbfec77-7a0d-4773-aa56-ba0b778d0ab5:c1477, 90c45227-141f-43fe-b831-a2b91b39d6b0:c1479]
2019-07-14 06:25:50,705 INFO  client.GrpcClientProtocolClient (GrpcClientProtocolClient.java:onNext(255)) - client-D2340BF4DD29->f9fecd82-c7ae-483e-b259-6428f2dfb240: receive RaftClientReply:client-D2340BF4DD29->f9fecd82-c7ae-483e-b259-6428f2dfb240@group-7DE138E597A5, cid=1081, SUCCESS, logIndex=1484, commits[f9fecd82-c7ae-483e-b259-6428f2dfb240:c1485, adbfec77-7a0d-4773-aa56-ba0b778d0ab5:c1483, 90c45227-141f-43fe-b831-a2b91b39d6b0:c1483]
2019-07-14 06:25:50,705 INFO  client.GrpcClientProtocolClient (GrpcClientProtocolClient.java:onNext(255)) - client-D2340BF4DD29->f9fecd82-c7ae-483e-b259-6428f2dfb240: receive RaftClientReply:client-D2340BF4DD29->f9fecd82-c7ae-483e-b259-6428f2dfb240@group-7DE138E597A5, cid=1082, SUCCESS, logIndex=1485, commits[f9fecd82-c7ae-483e-b259-6428f2dfb240:c1485, adbfec77-7a0d-4773-aa56-ba0b778d0ab5:c1483, 90c45227-141f-43fe-b831-a2b91b39d6b0:c1483]
2019-07-14 06:25:50,720 INFO  client.GrpcClientProtocolClient (GrpcClientProtocolClient.java:onNext(255)) - client-D2340BF4DD29->f9fecd82-c7ae-483e-b259-6428f2dfb240: receive RaftClientReply:client-D2340BF4DD29->f9fecd82-c7ae-483e-b259-6428f2dfb240@group-7DE138E597A5, cid=1083, SUCCESS, logIndex=1488, commits[f9fecd82-c7ae-483e-b259-6428f2dfb240:c1489, adbfec77-7a0d-4773-aa56-ba0b778d0ab5:c1485, 90c45227-141f-43fe-b831-a2b91b39d6b0:c1485]
2019-07-14 06:25:50,721 INFO  client.GrpcClientProtocolClient (GrpcClientProtocolClient.java:onNext(255)) - client-D2340BF4DD29->f9fecd82-c7ae-483e-b259-6428f2dfb240: receive RaftClientReply:client-D2340BF4DD29->f9fecd82-c7ae-483e-b259-6428f2dfb240@group-7DE138E597A5, cid=1084, SUCCESS, logIndex=1489, commits[f9fecd82-c7ae-483e-b259-6428f2dfb240:c1489, adbfec77-7a0d-4773-aa56-ba0b778d0ab5:c1485, 90c45227-141f-43fe-b831-a2b91b39d6b0:c1485]
2019-07-14 06:25:50,734 INFO  client.GrpcClientProtocolClient (GrpcClientProtocolClient.java:onNext(255)) - client-D2340BF4DD29->f9fecd82-c7ae-483e-b259-6428f2dfb240: receive RaftClientReply:client-D2340BF4DD29->f9fecd82-c7ae-483e-b259-6428f2dfb240@group-7DE138E597A5, cid=1085, SUCCESS, logIndex=0, commits[f9fecd82-c7ae-483e-b259-6428f2dfb240:c1491, adbfec77-7a0d-4773-aa56-ba0b778d0ab5:c1489, 90c45227-141f-43fe-b831-a2b91b39d6b0:c1489]
2019-07-14 06:25:50,754 INFO  client.GrpcClientProtocolClient (GrpcClientProtocolClient.java:onNext(255)) - client-D2340BF4DD29->f9fecd82-c7ae-483e-b259-6428f2dfb240: receive RaftClientReply:client-D2340BF4DD29->f9fecd82-c7ae-483e-b259-6428f2dfb240@group-7DE138E597A5, cid=1086, SUCCESS, logIndex=1492, commits[f9fecd82-c7ae-483e-b259-6428f2dfb240:c1493, adbfec77-7a0d-4773-aa56-ba0b778d0ab5:c1491, 90c45227-141f-43fe-b831-a2b91b39d6b0:c1491]
2019-07-14 06:25:50,754 INFO  client.GrpcClientProtocolClient (GrpcClientProtocolClient.java:onNext(255)) - client-D2340BF4DD29->f9fecd82-c7ae-483e-b259-6428f2dfb240: receive RaftClientReply:client-D2340BF4DD29->f9fecd82-c7ae-483e-b259-6428f2dfb240@group-7DE138E597A5, cid=1087, SUCCESS, logIndex=1493, commits[f9fecd82-c7ae-483e-b259-6428f2dfb240:c1495, adbfec77-7a0d-4773-aa56-ba0b778d0ab5:c1491, 90c45227-141f-43fe-b831-a2b91b39d6b0:c1491]
2019-07-14 06:25:50,755 INFO  client.GrpcClientProtocolClient (GrpcClientProtocolClient.java:onNext(255)) - client-D2340BF4DD29->f9fecd82-c7ae-483e-b259-6428f2dfb240: receive RaftClientReply:client-D2340BF4DD29->f9fecd82-c7ae-483e-b259-6428f2dfb240@group-7DE138E597A5, cid=1088, SUCCESS, logIndex=1494, commits[f9fecd82-c7ae-483e-b259-6428f2dfb240:c1495, adbfec77-7a0d-4773-aa56-ba0b778d0ab5:c1491, 90c45227-141f-43fe-b831-a2b91b39d6b0:c1491]
2019-07-14 06:25:50,755 INFO  client.GrpcClientProtocolClient (GrpcClientProtocolClient.java:onNext(255)) - client-D2340BF4DD29->f9fecd82-c7ae-483e-b259-6428f2dfb240: receive RaftClientReply:client-D2340BF4DD29->f9fecd82-c7ae-483e-b259-6428f2dfb240@group-7DE138E597A5, cid=1089, SUCCESS, logIndex=1495, commits[f9fecd82-c7ae-483e-b259-6428f2dfb240:c1495, adbfec77-7a0d-4773-aa56-ba0b778d0ab5:c1491, 90c45227-141f-43fe-b831-a2b91b39d6b0:c1491]
2019-07-14 06:25:50,758 INFO  client.GrpcClientProtocolClient (GrpcClientProtocolClient.java:onNext(255)) - client-D2340BF4DD29->f9fecd82-c7ae-483e-b259-6428f2dfb240: receive RaftClientReply:client-D2340BF4DD29->f9fecd82-c7ae-483e-b259-6428f2dfb240@group-7DE138E597A5, cid=1090, SUCCESS, logIndex=0, commits[f9fecd82-c7ae-483e-b259-6428f2dfb240:c1497, adbfec77-7a0d-4773-aa56-ba0b778d0ab5:c1493, 90c45227-141f-43fe-b831-a2b91b39d6b0:c1493]
2019-07-14 06:25:50,772 INFO  client.GrpcClientProtocolClient (GrpcClientProtocolClient.java:onNext(255)) - client-D2340BF4DD29->f9fecd82-c7ae-483e-b259-6428f2dfb240: receive RaftClientReply:client-D2340BF4DD29->f9fecd82-c7ae-483e-b259-6428f2dfb240@group-7DE138E597A5, cid=1091, SUCCESS, logIndex=1499, commits[f9fecd82-c7ae-483e-b259-6428f2dfb240:c1500, adbfec77-7a0d-4773-aa56-ba0b778d0ab5:c1498, 90c45227-141f-43fe-b831-a2b91b39d6b0:c1498]
2019-07-14 06:25:50,773 INFO  client.GrpcClientProtocolClient (GrpcClientProtocolClient.java:onNext(255)) - client-D2340BF4DD29->f9fecd82-c7ae-483e-b259-6428f2dfb240: receive RaftClientReply:client-D2340BF4DD29->f9fecd82-c7ae-483e-b259-6428f2dfb240@group-7DE138E597A5, cid=1092, SUCCESS, logIndex=1500, commits[f9fecd82-c7ae-483e-b259-6428f2dfb240:c1500, adbfec77-7a0d-4773-aa56-ba0b778d0ab5:c1498, 90c45227-141f-43fe-b831-a2b91b39d6b0:c1498]
2019-07-14 06:25:50,792 INFO  client.GrpcClientProtocolClient (GrpcClientProtocolClient.java:onNext(255)) - client-D2340BF4DD29->f9fecd82-c7ae-483e-b259-6428f2dfb240: receive RaftClientReply:client-D2340BF4DD29->f9fecd82-c7ae-483e-b259-6428f2dfb240@group-7DE138E597A5, cid=1093, SUCCESS, logIndex=1503, commits[f9fecd82-c7ae-483e-b259-6428f2dfb240:c1504, adbfec77-7a0d-4773-aa56-ba0b778d0ab5:c1500, 90c45227-141f-43fe-b831-a2b91b39d6b0:c1502]
2019-07-14 06:25:50,792 INFO  client.GrpcClientProtocolClient (GrpcClientProtocolClient.java:onNext(255)) - client-D2340BF4DD29->f9fecd82-c7ae-483e-b259-6428f2dfb240: receive RaftClientReply:client-D2340BF4DD29->f9fecd82-c7ae-483e-b259-6428f2dfb240@group-7DE138E597A5, cid=1094, SUCCESS, logIndex=1504, commits[f9fecd82-c7ae-483e-b259-6428f2dfb240:c1504, adbfec77-7a0d-4773-aa56-ba0b778d0ab5:c1502, 90c45227-141f-43fe-b831-a2b91b39d6b0:c1502]
2019-07-14 06:25:50,797 INFO  client.GrpcClientProtocolClient (GrpcClientProtocolClient.java:onNext(255)) - client-D2340BF4DD29->f9fecd82-c7ae-483e-b259-6428f2dfb240: receive RaftClientReply:client-D2340BF4DD29->f9fecd82-c7ae-483e-b259-6428f2dfb240@group-7DE138E597A5, cid=1095, SUCCESS, logIndex=0, commits[f9fecd82-c7ae-483e-b259-6428f2dfb240:c1505, adbfec77-7a0d-4773-aa56-ba0b778d0ab5:c1504, 90c45227-141f-43fe-b831-a2b91b39d6b0:c1504]
2019-07-14 06:25:50,820 INFO  client.GrpcClientProtocolClient (GrpcClientProtocolClient.java:onNext(255)) - client-D2340BF4DD29->f9fecd82-c7ae-483e-b259-6428f2dfb240: receive RaftClientReply:client-D2340BF4DD29->f9fecd82-c7ae-483e-b259-6428f2dfb240@group-7DE138E597A5, cid=1096, SUCCESS, logIndex=1507, commits[f9fecd82-c7ae-483e-b259-6428f2dfb240:c1508, adbfec77-7a0d-4773-aa56-ba0b778d0ab5:c1506, 90c45227-141f-43fe-b831-a2b91b39d6b0:c1506]
2019-07-14 06:25:50,821 INFO  client.GrpcClientProtocolClient (GrpcClientProtocolClient.java:onNext(255)) - client-D2340BF4DD29->f9fecd82-c7ae-483e-b259-6428f2dfb240: receive RaftClientReply:client-D2340BF4DD29->f9fecd82-c7ae-483e-b259-6428f2dfb240@group-7DE138E597A5, cid=1097, SUCCESS, logIndex=1508, commits[f9fecd82-c7ae-483e-b259-6428f2dfb240:c1509, adbfec77-7a0d-4773-aa56-ba0b778d0ab5:c1506, 90c45227-141f-43fe-b831-a2b91b39d6b0:c1506]
2019-07-14 06:25:50,821 INFO  client.GrpcClientProtocolClient (GrpcClientProtocolClient.java:onNext(255)) - client-D2340BF4DD29->f9fecd82-c7ae-483e-b259-6428f2dfb240: receive RaftClientReply:client-D2340BF4DD29->f9fecd82-c7ae-483e-b259-6428f2dfb240@group-7DE138E597A5, cid=1098, SUCCESS, logIndex=1509, commits[f9fecd82-c7ae-483e-b259-6428f2dfb240:c1510, adbfec77-7a0d-4773-aa56-ba0b778d0ab5:c1506, 90c45227-141f-43fe-b831-a2b91b39d6b0:c1506]
2019-07-14 06:25:50,821 INFO  client.GrpcClientProtocolClient (GrpcClientProtocolClient.java:onNext(255)) - client-D2340BF4DD29->f9fecd82-c7ae-483e-b259-6428f2dfb240: receive RaftClientReply:client-D2340BF4DD29->f9fecd82-c7ae-483e-b259-6428f2dfb240@group-7DE138E597A5, cid=1099, SUCCESS, logIndex=1510, commits[f9fecd82-c7ae-483e-b259-6428f2dfb240:c1510, adbfec77-7a0d-4773-aa56-ba0b778d0ab5:c1506, 90c45227-141f-43fe-b831-a2b91b39d6b0:c1506]
2019-07-14 06:25:50,823 INFO  client.GrpcClientProtocolClient (GrpcClientProtocolClient.java:onNext(255)) - client-D2340BF4DD29->f9fecd82-c7ae-483e-b259-6428f2dfb240: receive RaftClientReply:client-D2340BF4DD29->f9fecd82-c7ae-483e-b259-6428f2dfb240@group-7DE138E597A5, cid=1100, SUCCESS, logIndex=0, commits[f9fecd82-c7ae-483e-b259-6428f2dfb240:c1512, adbfec77-7a0d-4773-aa56-ba0b778d0ab5:c1508, 90c45227-141f-43fe-b831-a2b91b39d6b0:c1508]
2019-07-14 06:25:50,846 INFO  client.GrpcClientProtocolClient (GrpcClientProtocolClient.java:onNext(255)) - client-D2340BF4DD29->f9fecd82-c7ae-483e-b259-6428f2dfb240: receive RaftClientReply:client-D2340BF4DD29->f9fecd82-c7ae-483e-b259-6428f2dfb240@group-7DE138E597A5, cid=1101, SUCCESS, logIndex=1515, commits[f9fecd82-c7ae-483e-b259-6428f2dfb240:c1516, adbfec77-7a0d-4773-aa56-ba0b778d0ab5:c1514, 90c45227-141f-43fe-b831-a2b91b39d6b0:c1514]
2019-07-14 06:25:50,846 INFO  client.GrpcClientProtocolClient (GrpcClientProtocolClient.java:onNext(255)) - client-D2340BF4DD29->f9fecd82-c7ae-483e-b259-6428f2dfb240: receive RaftClientReply:client-D2340BF4DD29->f9fecd82-c7ae-483e-b259-6428f2dfb240@group-7DE138E597A5, cid=1102, SUCCESS, logIndex=1516, commits[f9fecd82-c7ae-483e-b259-6428f2dfb240:c1516, adbfec77-7a0d-4773-aa56-ba0b778d0ab5:c1514, 90c45227-141f-43fe-b831-a2b91b39d6b0:c1514]
2019-07-14 06:25:50,859 INFO  client.GrpcClientProtocolClient (GrpcClientProtocolClient.java:onNext(255)) - client-D2340BF4DD29->f9fecd82-c7ae-483e-b259-6428f2dfb240: receive RaftClientReply:client-D2340BF4DD29->f9fecd82-c7ae-483e-b259-6428f2dfb240@group-7DE138E597A5, cid=1103, SUCCESS, logIndex=1519, commits[f9fecd82-c7ae-483e-b259-6428f2dfb240:c1519, adbfec77-7a0d-4773-aa56-ba0b778d0ab5:c1516, 90c45227-141f-43fe-b831-a2b91b39d6b0:c1516]
2019-07-14 06:25:50,859 INFO  client.GrpcClientProtocolClient (GrpcClientProtocolClient.java:onNext(255)) - client-D2340BF4DD29->f9fecd82-c7ae-483e-b259-6428f2dfb240: receive RaftClientReply:client-D2340BF4DD29->f9fecd82-c7ae-483e-b259-6428f2dfb240@group-7DE138E597A5, cid=1104, SUCCESS, logIndex=1520, commits[f9fecd82-c7ae-483e-b259-6428f2dfb240:c1520, adbfec77-7a0d-4773-aa56-ba0b778d0ab5:c1516, 90c45227-141f-43fe-b831-a2b91b39d6b0:c1516]
2019-07-14 06:25:50,873 INFO  client.GrpcClientProtocolClient (GrpcClientProtocolClient.java:onNext(255)) - client-D2340BF4DD29->f9fecd82-c7ae-483e-b259-6428f2dfb240: receive RaftClientReply:client-D2340BF4DD29->f9fecd82-c7ae-483e-b259-6428f2dfb240@group-7DE138E597A5, cid=1105, SUCCESS, logIndex=0, commits[f9fecd82-c7ae-483e-b259-6428f2dfb240:c1521, adbfec77-7a0d-4773-aa56-ba0b778d0ab5:c1520, 90c45227-141f-43fe-b831-a2b91b39d6b0:c1520]
2019-07-14 06:25:50,892 INFO  client.GrpcClientProtocolClient (GrpcClientProtocolClient.java:onNext(255)) - client-D2340BF4DD29->f9fecd82-c7ae-483e-b259-6428f2dfb240: receive RaftClientReply:client-D2340BF4DD29->f9fecd82-c7ae-483e-b259-6428f2dfb240@group-7DE138E597A5, cid=1106, SUCCESS, logIndex=1523, commits[f9fecd82-c7ae-483e-b259-6428f2dfb240:c1524, adbfec77-7a0d-4773-aa56-ba0b778d0ab5:c1522, 90c45227-141f-43fe-b831-a2b91b39d6b0:c1522]
2019-07-14 06:25:50,893 INFO  client.GrpcClientProtocolClient (GrpcClientProtocolClient.java:onNext(255)) - client-D2340BF4DD29->f9fecd82-c7ae-483e-b259-6428f2dfb240: receive RaftClientReply:client-D2340BF4DD29->f9fecd82-c7ae-483e-b259-6428f2dfb240@group-7DE138E597A5, cid=1107, SUCCESS, logIndex=1524, commits[f9fecd82-c7ae-483e-b259-6428f2dfb240:c1526, adbfec77-7a0d-4773-aa56-ba0b778d0ab5:c1522, 90c45227-141f-43fe-b831-a2b91b39d6b0:c1522]
2019-07-14 06:25:50,893 INFO  client.GrpcClientProtocolClient (GrpcClientProtocolClient.java:onNext(255)) - client-D2340BF4DD29->f9fecd82-c7ae-483e-b259-6428f2dfb240: receive RaftClientReply:client-D2340BF4DD29->f9fecd82-c7ae-483e-b259-6428f2dfb240@group-7DE138E597A5, cid=1108, SUCCESS, logIndex=1525, commits[f9fecd82-c7ae-483e-b259-6428f2dfb240:c1526, adbfec77-7a0d-4773-aa56-ba0b778d0ab5:c1522, 90c45227-141f-43fe-b831-a2b91b39d6b0:c1522]
2019-07-14 06:25:50,893 INFO  client.GrpcClientProtocolClient (GrpcClientProtocolClient.java:onNext(255)) - client-D2340BF4DD29->f9fecd82-c7ae-483e-b259-6428f2dfb240: receive RaftClientReply:client-D2340BF4DD29->f9fecd82-c7ae-483e-b259-6428f2dfb240@group-7DE138E597A5, cid=1109, SUCCESS, logIndex=1526, commits[f9fecd82-c7ae-483e-b259-6428f2dfb240:c1526, adbfec77-7a0d-4773-aa56-ba0b778d0ab5:c1522, 90c45227-141f-43fe-b831-a2b91b39d6b0:c1522]
2019-07-14 06:25:50,907 INFO  client.GrpcClientProtocolClient (GrpcClientProtocolClient.java:onNext(255)) - client-D2340BF4DD29->f9fecd82-c7ae-483e-b259-6428f2dfb240: receive RaftClientReply:client-D2340BF4DD29->f9fecd82-c7ae-483e-b259-6428f2dfb240@group-7DE138E597A5, cid=1110, SUCCESS, logIndex=0, commits[f9fecd82-c7ae-483e-b259-6428f2dfb240:c1527, adbfec77-7a0d-4773-aa56-ba0b778d0ab5:c1524, 90c45227-141f-43fe-b831-a2b91b39d6b0:c1524]
2019-07-14 06:25:50,926 INFO  client.GrpcClientProtocolClient (GrpcClientProtocolClient.java:onNext(255)) - client-D2340BF4DD29->f9fecd82-c7ae-483e-b259-6428f2dfb240: receive RaftClientReply:client-D2340BF4DD29->f9fecd82-c7ae-483e-b259-6428f2dfb240@group-7DE138E597A5, cid=1111, SUCCESS, logIndex=1531, commits[f9fecd82-c7ae-483e-b259-6428f2dfb240:c1532, adbfec77-7a0d-4773-aa56-ba0b778d0ab5:c1530, 90c45227-141f-43fe-b831-a2b91b39d6b0:c1530]
2019-07-14 06:25:50,926 INFO  client.GrpcClientProtocolClient (GrpcClientProtocolClient.java:onNext(255)) - client-D2340BF4DD29->f9fecd82-c7ae-483e-b259-6428f2dfb240: receive RaftClientReply:client-D2340BF4DD29->f9fecd82-c7ae-483e-b259-6428f2dfb240@group-7DE138E597A5, cid=1112, SUCCESS, logIndex=1532, commits[f9fecd82-c7ae-483e-b259-6428f2dfb240:c1532, adbfec77-7a0d-4773-aa56-ba0b778d0ab5:c1530, 90c45227-141f-43fe-b831-a2b91b39d6b0:c1530]
2019-07-14 06:25:50,939 INFO  client.GrpcClientProtocolClient (GrpcClientProtocolClient.java:onNext(255)) - client-D2340BF4DD29->f9fecd82-c7ae-483e-b259-6428f2dfb240: receive RaftClientReply:client-D2340BF4DD29->f9fecd82-c7ae-483e-b259-6428f2dfb240@group-7DE138E597A5, cid=1113, SUCCESS, logIndex=1535, commits[f9fecd82-c7ae-483e-b259-6428f2dfb240:c1536, adbfec77-7a0d-4773-aa56-ba0b778d0ab5:c1531, 90c45227-141f-43fe-b831-a2b91b39d6b0:c1532]
2019-07-14 06:25:50,940 INFO  client.GrpcClientProtocolClient (GrpcClientProtocolClient.java:onNext(255)) - client-D2340BF4DD29->f9fecd82-c7ae-483e-b259-6428f2dfb240: receive RaftClientReply:client-D2340BF4DD29->f9fecd82-c7ae-483e-b259-6428f2dfb240@group-7DE138E597A5, cid=1114, SUCCESS, logIndex=1536, commits[f9fecd82-c7ae-483e-b259-6428f2dfb240:c1536, adbfec77-7a0d-4773-aa56-ba0b778d0ab5:c1532, 90c45227-141f-43fe-b831-a2b91b39d6b0:c1532]
2019-07-14 06:25:50,941 INFO  client.GrpcClientProtocolClient (GrpcClientProtocolClient.java:onNext(255)) - client-D2340BF4DD29->f9fecd82-c7ae-483e-b259-6428f2dfb240: receive RaftClientReply:client-D2340BF4DD29->f9fecd82-c7ae-483e-b259-6428f2dfb240@group-7DE138E597A5, cid=1115, SUCCESS, logIndex=0, commits[f9fecd82-c7ae-483e-b259-6428f2dfb240:c1537, adbfec77-7a0d-4773-aa56-ba0b778d0ab5:c1536, 90c45227-141f-43fe-b831-a2b91b39d6b0:c1536]
2019-07-14 06:25:50,960 INFO  client.GrpcClientProtocolClient (GrpcClientProtocolClient.java:onNext(255)) - client-D2340BF4DD29->f9fecd82-c7ae-483e-b259-6428f2dfb240: receive RaftClientReply:client-D2340BF4DD29->f9fecd82-c7ae-483e-b259-6428f2dfb240@group-7DE138E597A5, cid=1116, SUCCESS, logIndex=1539, commits[f9fecd82-c7ae-483e-b259-6428f2dfb240:c1541, adbfec77-7a0d-4773-aa56-ba0b778d0ab5:c1538, 90c45227-141f-43fe-b831-a2b91b39d6b0:c1538]
2019-07-14 06:25:50,961 INFO  client.GrpcClientProtocolClient (GrpcClientProtocolClient.java:onNext(255)) - client-D2340BF4DD29->f9fecd82-c7ae-483e-b259-6428f2dfb240: receive RaftClientReply:client-D2340BF4DD29->f9fecd82-c7ae-483e-b259-6428f2dfb240@group-7DE138E597A5, cid=1117, SUCCESS, logIndex=1540, commits[f9fecd82-c7ae-483e-b259-6428f2dfb240:c1542, adbfec77-7a0d-4773-aa56-ba0b778d0ab5:c1538, 90c45227-141f-43fe-b831-a2b91b39d6b0:c1538]
2019-07-14 06:25:50,961 INFO  client.GrpcClientProtocolClient (GrpcClientProtocolClient.java:onNext(255)) - client-D2340BF4DD29->f9fecd82-c7ae-483e-b259-6428f2dfb240: receive RaftClientReply:client-D2340BF4DD29->f9fecd82-c7ae-483e-b259-6428f2dfb240@group-7DE138E597A5, cid=1118, SUCCESS, logIndex=1541, commits[f9fecd82-c7ae-483e-b259-6428f2dfb240:c1542, adbfec77-7a0d-4773-aa56-ba0b778d0ab5:c1538, 90c45227-141f-43fe-b831-a2b91b39d6b0:c1538]
2019-07-14 06:25:50,962 INFO  client.GrpcClientProtocolClient (GrpcClientProtocolClient.java:onNext(255)) - client-D2340BF4DD29->f9fecd82-c7ae-483e-b259-6428f2dfb240: receive RaftClientReply:client-D2340BF4DD29->f9fecd82-c7ae-483e-b259-6428f2dfb240@group-7DE138E597A5, cid=1119, SUCCESS, logIndex=1542, commits[f9fecd82-c7ae-483e-b259-6428f2dfb240:c1542, adbfec77-7a0d-4773-aa56-ba0b778d0ab5:c1538, 90c45227-141f-43fe-b831-a2b91b39d6b0:c1538]
2019-07-14 06:25:50,964 INFO  client.GrpcClientProtocolClient (GrpcClientProtocolClient.java:onNext(255)) - client-D2340BF4DD29->f9fecd82-c7ae-483e-b259-6428f2dfb240: receive RaftClientReply:client-D2340BF4DD29->f9fecd82-c7ae-483e-b259-6428f2dfb240@group-7DE138E597A5, cid=1120, SUCCESS, logIndex=0, commits[f9fecd82-c7ae-483e-b259-6428f2dfb240:c1544, adbfec77-7a0d-4773-aa56-ba0b778d0ab5:c1540, 90c45227-141f-43fe-b831-a2b91b39d6b0:c1540]
2019-07-14 06:25:50,983 INFO  client.GrpcClientProtocolClient (GrpcClientProtocolClient.java:onNext(255)) - client-D2340BF4DD29->f9fecd82-c7ae-483e-b259-6428f2dfb240: receive RaftClientReply:client-D2340BF4DD29->f9fecd82-c7ae-483e-b259-6428f2dfb240@group-7DE138E597A5, cid=1121, SUCCESS, logIndex=1547, commits[f9fecd82-c7ae-483e-b259-6428f2dfb240:c1548, adbfec77-7a0d-4773-aa56-ba0b778d0ab5:c1546, 90c45227-141f-43fe-b831-a2b91b39d6b0:c1546]
2019-07-14 06:25:50,984 INFO  client.GrpcClientProtocolClient (GrpcClientProtocolClient.java:onNext(255)) - client-D2340BF4DD29->f9fecd82-c7ae-483e-b259-6428f2dfb240: receive RaftClientReply:client-D2340BF4DD29->f9fecd82-c7ae-483e-b259-6428f2dfb240@group-7DE138E597A5, cid=1122, SUCCESS, logIndex=1548, commits[f9fecd82-c7ae-483e-b259-6428f2dfb240:c1548, adbfec77-7a0d-4773-aa56-ba0b778d0ab5:c1546, 90c45227-141f-43fe-b831-a2b91b39d6b0:c1546]
2019-07-14 06:25:50,997 INFO  client.GrpcClientProtocolClient (GrpcClientProtocolClient.java:onNext(255)) - client-D2340BF4DD29->f9fecd82-c7ae-483e-b259-6428f2dfb240: receive RaftClientReply:client-D2340BF4DD29->f9fecd82-c7ae-483e-b259-6428f2dfb240@group-7DE138E597A5, cid=1123, SUCCESS, logIndex=1551, commits[f9fecd82-c7ae-483e-b259-6428f2dfb240:c1551, adbfec77-7a0d-4773-aa56-ba0b778d0ab5:c1548, 90c45227-141f-43fe-b831-a2b91b39d6b0:c1548]
2019-07-14 06:25:50,997 INFO  client.GrpcClientProtocolClient (GrpcClientProtocolClient.java:onNext(255)) - client-D2340BF4DD29->f9fecd82-c7ae-483e-b259-6428f2dfb240: receive RaftClientReply:client-D2340BF4DD29->f9fecd82-c7ae-483e-b259-6428f2dfb240@group-7DE138E597A5, cid=1124, SUCCESS, logIndex=1552, commits[f9fecd82-c7ae-483e-b259-6428f2dfb240:c1552, adbfec77-7a0d-4773-aa56-ba0b778d0ab5:c1548, 90c45227-141f-43fe-b831-a2b91b39d6b0:c1548]
2019-07-14 06:25:51,001 INFO  client.GrpcClientProtocolClient (GrpcClientProtocolClient.java:onNext(255)) - client-D2340BF4DD29->f9fecd82-c7ae-483e-b259-6428f2dfb240: receive RaftClientReply:client-D2340BF4DD29->f9fecd82-c7ae-483e-b259-6428f2dfb240@group-7DE138E597A5, cid=1125, SUCCESS, logIndex=0, commits[f9fecd82-c7ae-483e-b259-6428f2dfb240:c1553, adbfec77-7a0d-4773-aa56-ba0b778d0ab5:c1552, 90c45227-141f-43fe-b831-a2b91b39d6b0:c1552]
2019-07-14 06:25:51,123 INFO  client.GrpcClientProtocolClient (GrpcClientProtocolClient.java:onNext(255)) - client-D2340BF4DD29->f9fecd82-c7ae-483e-b259-6428f2dfb240: receive RaftClientReply:client-D2340BF4DD29->f9fecd82-c7ae-483e-b259-6428f2dfb240@group-7DE138E597A5, cid=1126, SUCCESS, logIndex=1555, commits[f9fecd82-c7ae-483e-b259-6428f2dfb240:c1556, adbfec77-7a0d-4773-aa56-ba0b778d0ab5:c1554, 90c45227-141f-43fe-b831-a2b91b39d6b0:c1554]
2019-07-14 06:25:51,124 INFO  client.GrpcClientProtocolClient (GrpcClientProtocolClient.java:onNext(255)) - client-D2340BF4DD29->f9fecd82-c7ae-483e-b259-6428f2dfb240: receive RaftClientReply:client-D2340BF4DD29->f9fecd82-c7ae-483e-b259-6428f2dfb240@group-7DE138E597A5, cid=1127, SUCCESS, logIndex=1556, commits[f9fecd82-c7ae-483e-b259-6428f2dfb240:c1558, adbfec77-7a0d-4773-aa56-ba0b778d0ab5:c1554, 90c45227-141f-43fe-b831-a2b91b39d6b0:c1554]
2019-07-14 06:25:51,124 INFO  client.GrpcClientProtocolClient (GrpcClientProtocolClient.java:onNext(255)) - client-D2340BF4DD29->f9fecd82-c7ae-483e-b259-6428f2dfb240: receive RaftClientReply:client-D2340BF4DD29->f9fecd82-c7ae-483e-b259-6428f2dfb240@group-7DE138E597A5, cid=1128, SUCCESS, logIndex=1557, commits[f9fecd82-c7ae-483e-b259-6428f2dfb240:c1558, adbfec77-7a0d-4773-aa56-ba0b778d0ab5:c1554, 90c45227-141f-43fe-b831-a2b91b39d6b0:c1554]
2019-07-14 06:25:51,125 INFO  client.GrpcClientProtocolClient (GrpcClientProtocolClient.java:onNext(255)) - client-D2340BF4DD29->f9fecd82-c7ae-483e-b259-6428f2dfb240: receive RaftClientReply:client-D2340BF4DD29->f9fecd82-c7ae-483e-b259-6428f2dfb240@group-7DE138E597A5, cid=1129, SUCCESS, logIndex=1558, commits[f9fecd82-c7ae-483e-b259-6428f2dfb240:c1558, adbfec77-7a0d-4773-aa56-ba0b778d0ab5:c1554, 90c45227-141f-43fe-b831-a2b91b39d6b0:c1554]
2019-07-14 06:25:51,135 INFO  client.GrpcClientProtocolClient (GrpcClientProtocolClient.java:onNext(255)) - client-D2340BF4DD29->f9fecd82-c7ae-483e-b259-6428f2dfb240: receive RaftClientReply:client-D2340BF4DD29->f9fecd82-c7ae-483e-b259-6428f2dfb240@group-7DE138E597A5, cid=1130, SUCCESS, logIndex=0, commits[f9fecd82-c7ae-483e-b259-6428f2dfb240:c1560, adbfec77-7a0d-4773-aa56-ba0b778d0ab5:c1556, 90c45227-141f-43fe-b831-a2b91b39d6b0:c1556]
2019-07-14 06:25:51,158 INFO  client.GrpcClientProtocolClient (GrpcClientProtocolClient.java:onNext(255)) - client-D2340BF4DD29->f9fecd82-c7ae-483e-b259-6428f2dfb240: receive RaftClientReply:client-D2340BF4DD29->f9fecd82-c7ae-483e-b259-6428f2dfb240@group-7DE138E597A5, cid=1131, SUCCESS, logIndex=1563, commits[f9fecd82-c7ae-483e-b259-6428f2dfb240:c1564, adbfec77-7a0d-4773-aa56-ba0b778d0ab5:c1562, 90c45227-141f-43fe-b831-a2b91b39d6b0:c1562]
2019-07-14 06:25:51,158 INFO  client.GrpcClientProtocolClient (GrpcClientProtocolClient.java:onNext(255)) - client-D2340BF4DD29->f9fecd82-c7ae-483e-b259-6428f2dfb240: receive RaftClientReply:client-D2340BF4DD29->f9fecd82-c7ae-483e-b259-6428f2dfb240@group-7DE138E597A5, cid=1132, SUCCESS, logIndex=1564, commits[f9fecd82-c7ae-483e-b259-6428f2dfb240:c1564, adbfec77-7a0d-4773-aa56-ba0b778d0ab5:c1562, 90c45227-141f-43fe-b831-a2b91b39d6b0:c1562]
2019-07-14 06:25:51,184 INFO  client.GrpcClientProtocolClient (GrpcClientProtocolClient.java:onNext(255)) - client-D2340BF4DD29->f9fecd82-c7ae-483e-b259-6428f2dfb240: receive RaftClientReply:client-D2340BF4DD29->f9fecd82-c7ae-483e-b259-6428f2dfb240@group-7DE138E597A5, cid=1133, SUCCESS, logIndex=1567, commits[f9fecd82-c7ae-483e-b259-6428f2dfb240:c1568, adbfec77-7a0d-4773-aa56-ba0b778d0ab5:c1564, 90c45227-141f-43fe-b831-a2b91b39d6b0:c1564]
2019-07-14 06:25:51,184 INFO  client.GrpcClientProtocolClient (GrpcClientProtocolClient.java:onNext(255)) - client-D2340BF4DD29->f9fecd82-c7ae-483e-b259-6428f2dfb240: receive RaftClientReply:client-D2340BF4DD29->f9fecd82-c7ae-483e-b259-6428f2dfb240@group-7DE138E597A5, cid=1134, SUCCESS, logIndex=1568, commits[f9fecd82-c7ae-483e-b259-6428f2dfb240:c1568, adbfec77-7a0d-4773-aa56-ba0b778d0ab5:c1564, 90c45227-141f-43fe-b831-a2b91b39d6b0:c1564]
2019-07-14 06:25:51,198 INFO  client.GrpcClientProtocolClient (GrpcClientProtocolClient.java:onNext(255)) - client-D2340BF4DD29->f9fecd82-c7ae-483e-b259-6428f2dfb240: receive RaftClientReply:client-D2340BF4DD29->f9fecd82-c7ae-483e-b259-6428f2dfb240@group-7DE138E597A5, cid=1135, SUCCESS, logIndex=0, commits[f9fecd82-c7ae-483e-b259-6428f2dfb240:c1569, adbfec77-7a0d-4773-aa56-ba0b778d0ab5:c1568, 90c45227-141f-43fe-b831-a2b91b39d6b0:c1568]
2019-07-14 06:25:51,221 INFO  client.GrpcClientProtocolClient (GrpcClientProtocolClient.java:onNext(255)) - client-D2340BF4DD29->f9fecd82-c7ae-483e-b259-6428f2dfb240: receive RaftClientReply:client-D2340BF4DD29->f9fecd82-c7ae-483e-b259-6428f2dfb240@group-7DE138E597A5, cid=1136, SUCCESS, logIndex=1571, commits[f9fecd82-c7ae-483e-b259-6428f2dfb240:c1572, adbfec77-7a0d-4773-aa56-ba0b778d0ab5:c1570, 90c45227-141f-43fe-b831-a2b91b39d6b0:c1570]
2019-07-14 06:25:51,221 INFO  client.GrpcClientProtocolClient (GrpcClientProtocolClient.java:onNext(255)) - client-D2340BF4DD29->f9fecd82-c7ae-483e-b259-6428f2dfb240: receive RaftClientReply:client-D2340BF4DD29->f9fecd82-c7ae-483e-b259-6428f2dfb240@group-7DE138E597A5, cid=1137, SUCCESS, logIndex=1572, commits[f9fecd82-c7ae-483e-b259-6428f2dfb240:c1574, adbfec77-7a0d-4773-aa56-ba0b778d0ab5:c1570, 90c45227-141f-43fe-b831-a2b91b39d6b0:c1570]
2019-07-14 06:25:51,221 INFO  client.GrpcClientProtocolClient (GrpcClientProtocolClient.java:onNext(255)) - client-D2340BF4DD29->f9fecd82-c7ae-483e-b259-6428f2dfb240: receive RaftClientReply:client-D2340BF4DD29->f9fecd82-c7ae-483e-b259-6428f2dfb240@group-7DE138E597A5, cid=1138, SUCCESS, logIndex=1573, commits[f9fecd82-c7ae-483e-b259-6428f2dfb240:c1574, adbfec77-7a0d-4773-aa56-ba0b778d0ab5:c1570, 90c45227-141f-43fe-b831-a2b91b39d6b0:c1570]
2019-07-14 06:25:51,222 INFO  client.GrpcClientProtocolClient (GrpcClientProtocolClient.java:onNext(255)) - client-D2340BF4DD29->f9fecd82-c7ae-483e-b259-6428f2dfb240: receive RaftClientReply:client-D2340BF4DD29->f9fecd82-c7ae-483e-b259-6428f2dfb240@group-7DE138E597A5, cid=1139, SUCCESS, logIndex=1574, commits[f9fecd82-c7ae-483e-b259-6428f2dfb240:c1574, adbfec77-7a0d-4773-aa56-ba0b778d0ab5:c1570, 90c45227-141f-43fe-b831-a2b91b39d6b0:c1570]
2019-07-14 06:25:51,224 INFO  client.GrpcClientProtocolClient (GrpcClientProtocolClient.java:onNext(255)) - client-D2340BF4DD29->f9fecd82-c7ae-483e-b259-6428f2dfb240: receive RaftClientReply:client-D2340BF4DD29->f9fecd82-c7ae-483e-b259-6428f2dfb240@group-7DE138E597A5, cid=1140, SUCCESS, logIndex=0, commits[f9fecd82-c7ae-483e-b259-6428f2dfb240:c1577, adbfec77-7a0d-4773-aa56-ba0b778d0ab5:c1574, 90c45227-141f-43fe-b831-a2b91b39d6b0:c1572]
2019-07-14 06:25:51,251 INFO  client.GrpcClientProtocolClient (GrpcClientProtocolClient.java:onNext(255)) - client-D2340BF4DD29->f9fecd82-c7ae-483e-b259-6428f2dfb240: receive RaftClientReply:client-D2340BF4DD29->f9fecd82-c7ae-483e-b259-6428f2dfb240@group-7DE138E597A5, cid=1141, SUCCESS, logIndex=1579, commits[f9fecd82-c7ae-483e-b259-6428f2dfb240:c1579, adbfec77-7a0d-4773-aa56-ba0b778d0ab5:c1578, 90c45227-141f-43fe-b831-a2b91b39d6b0:c1578]
2019-07-14 06:25:51,251 INFO  client.GrpcClientProtocolClient (GrpcClientProtocolClient.java:onNext(255)) - client-D2340BF4DD29->f9fecd82-c7ae-483e-b259-6428f2dfb240: receive RaftClientReply:client-D2340BF4DD29->f9fecd82-c7ae-483e-b259-6428f2dfb240@group-7DE138E597A5, cid=1142, SUCCESS, logIndex=1580, commits[f9fecd82-c7ae-483e-b259-6428f2dfb240:c1580, adbfec77-7a0d-4773-aa56-ba0b778d0ab5:c1578, 90c45227-141f-43fe-b831-a2b91b39d6b0:c1578]
2019-07-14 06:25:51,267 INFO  client.GrpcClientProtocolClient (GrpcClientProtocolClient.java:onNext(255)) - client-D2340BF4DD29->f9fecd82-c7ae-483e-b259-6428f2dfb240: receive RaftClientReply:client-D2340BF4DD29->f9fecd82-c7ae-483e-b259-6428f2dfb240@group-7DE138E597A5, cid=1143, SUCCESS, logIndex=1583, commits[f9fecd82-c7ae-483e-b259-6428f2dfb240:c1584, adbfec77-7a0d-4773-aa56-ba0b778d0ab5:c1582, 90c45227-141f-43fe-b831-a2b91b39d6b0:c1580]
2019-07-14 06:25:51,267 INFO  client.GrpcClientProtocolClient (GrpcClientProtocolClient.java:onNext(255)) - client-D2340BF4DD29->f9fecd82-c7ae-483e-b259-6428f2dfb240: receive RaftClientReply:client-D2340BF4DD29->f9fecd82-c7ae-483e-b259-6428f2dfb240@group-7DE138E597A5, cid=1144, SUCCESS, logIndex=1584, commits[f9fecd82-c7ae-483e-b259-6428f2dfb240:c1584, adbfec77-7a0d-4773-aa56-ba0b778d0ab5:c1582, 90c45227-141f-43fe-b831-a2b91b39d6b0:c1582]
2019-07-14 06:25:51,270 INFO  client.GrpcClientProtocolClient (GrpcClientProtocolClient.java:onNext(255)) - client-D2340BF4DD29->f9fecd82-c7ae-483e-b259-6428f2dfb240: receive RaftClientReply:client-D2340BF4DD29->f9fecd82-c7ae-483e-b259-6428f2dfb240@group-7DE138E597A5, cid=1145, SUCCESS, logIndex=0, commits[f9fecd82-c7ae-483e-b259-6428f2dfb240:c1585, adbfec77-7a0d-4773-aa56-ba0b778d0ab5:c1584, 90c45227-141f-43fe-b831-a2b91b39d6b0:c1584]
2019-07-14 06:25:51,287 INFO  client.GrpcClientProtocolClient (GrpcClientProtocolClient.java:onNext(255)) - client-D2340BF4DD29->f9fecd82-c7ae-483e-b259-6428f2dfb240: receive RaftClientReply:client-D2340BF4DD29->f9fecd82-c7ae-483e-b259-6428f2dfb240@group-7DE138E597A5, cid=1146, SUCCESS, logIndex=1587, commits[f9fecd82-c7ae-483e-b259-6428f2dfb240:c1590, adbfec77-7a0d-4773-aa56-ba0b778d0ab5:c1586, 90c45227-141f-43fe-b831-a2b91b39d6b0:c1584]
2019-07-14 06:25:51,288 INFO  client.GrpcClientProtocolClient (GrpcClientProtocolClient.java:onNext(255)) - client-D2340BF4DD29->f9fecd82-c7ae-483e-b259-6428f2dfb240: receive RaftClientReply:client-D2340BF4DD29->f9fecd82-c7ae-483e-b259-6428f2dfb240@group-7DE138E597A5, cid=1147, SUCCESS, logIndex=1588, commits[f9fecd82-c7ae-483e-b259-6428f2dfb240:c1590, adbfec77-7a0d-4773-aa56-ba0b778d0ab5:c1586, 90c45227-141f-43fe-b831-a2b91b39d6b0:c1586]
2019-07-14 06:25:51,288 INFO  client.GrpcClientProtocolClient (GrpcClientProtocolClient.java:onNext(255)) - client-D2340BF4DD29->f9fecd82-c7ae-483e-b259-6428f2dfb240: receive RaftClientReply:client-D2340BF4DD29->f9fecd82-c7ae-483e-b259-6428f2dfb240@group-7DE138E597A5, cid=1148, SUCCESS, logIndex=1589, commits[f9fecd82-c7ae-483e-b259-6428f2dfb240:c1590, adbfec77-7a0d-4773-aa56-ba0b778d0ab5:c1586, 90c45227-141f-43fe-b831-a2b91b39d6b0:c1586]
2019-07-14 06:25:51,289 INFO  client.GrpcClientProtocolClient (GrpcClientProtocolClient.java:onNext(255)) - client-D2340BF4DD29->f9fecd82-c7ae-483e-b259-6428f2dfb240: receive RaftClientReply:client-D2340BF4DD29->f9fecd82-c7ae-483e-b259-6428f2dfb240@group-7DE138E597A5, cid=1149, SUCCESS, logIndex=1590, commits[f9fecd82-c7ae-483e-b259-6428f2dfb240:c1590, adbfec77-7a0d-4773-aa56-ba0b778d0ab5:c1586, 90c45227-141f-43fe-b831-a2b91b39d6b0:c1586]
2019-07-14 06:25:51,290 INFO  client.GrpcClientProtocolClient (GrpcClientProtocolClient.java:onNext(255)) - client-D2340BF4DD29->f9fecd82-c7ae-483e-b259-6428f2dfb240: receive RaftClientReply:client-D2340BF4DD29->f9fecd82-c7ae-483e-b259-6428f2dfb240@group-7DE138E597A5, cid=1150, SUCCESS, logIndex=0, commits[f9fecd82-c7ae-483e-b259-6428f2dfb240:c1591, adbfec77-7a0d-4773-aa56-ba0b778d0ab5:c1588, 90c45227-141f-43fe-b831-a2b91b39d6b0:c1588]
2019-07-14 06:25:51,312 INFO  client.GrpcClientProtocolClient (GrpcClientProtocolClient.java:onNext(255)) - client-D2340BF4DD29->f9fecd82-c7ae-483e-b259-6428f2dfb240: receive RaftClientReply:client-D2340BF4DD29->f9fecd82-c7ae-483e-b259-6428f2dfb240@group-7DE138E597A5, cid=1151, SUCCESS, logIndex=1595, commits[f9fecd82-c7ae-483e-b259-6428f2dfb240:c1596, adbfec77-7a0d-4773-aa56-ba0b778d0ab5:c1590, 90c45227-141f-43fe-b831-a2b91b39d6b0:c1594]
2019-07-14 06:25:51,312 INFO  client.GrpcClientProtocolClient (GrpcClientProtocolClient.java:onNext(255)) - client-D2340BF4DD29->f9fecd82-c7ae-483e-b259-6428f2dfb240: receive RaftClientReply:client-D2340BF4DD29->f9fecd82-c7ae-483e-b259-6428f2dfb240@group-7DE138E597A5, cid=1152, SUCCESS, logIndex=1596, commits[f9fecd82-c7ae-483e-b259-6428f2dfb240:c1596, adbfec77-7a0d-4773-aa56-ba0b778d0ab5:c1594, 90c45227-141f-43fe-b831-a2b91b39d6b0:c1594]
2019-07-14 06:25:51,325 INFO  client.GrpcClientProtocolClient (GrpcClientProtocolClient.java:onNext(255)) - client-D2340BF4DD29->f9fecd82-c7ae-483e-b259-6428f2dfb240: receive RaftClientReply:client-D2340BF4DD29->f9fecd82-c7ae-483e-b259-6428f2dfb240@group-7DE138E597A5, cid=1153, SUCCESS, logIndex=1599, commits[f9fecd82-c7ae-483e-b259-6428f2dfb240:c1600, adbfec77-7a0d-4773-aa56-ba0b778d0ab5:c1598, 90c45227-141f-43fe-b831-a2b91b39d6b0:c1596]
2019-07-14 06:25:51,326 INFO  client.GrpcClientProtocolClient (GrpcClientProtocolClient.java:onNext(255)) - client-D2340BF4DD29->f9fecd82-c7ae-483e-b259-6428f2dfb240: receive RaftClientReply:client-D2340BF4DD29->f9fecd82-c7ae-483e-b259-6428f2dfb240@group-7DE138E597A5, cid=1154, SUCCESS, logIndex=1600, commits[f9fecd82-c7ae-483e-b259-6428f2dfb240:c1600, adbfec77-7a0d-4773-aa56-ba0b778d0ab5:c1598, 90c45227-141f-43fe-b831-a2b91b39d6b0:c1598]
2019-07-14 06:25:51,327 INFO  client.GrpcClientProtocolClient (GrpcClientProtocolClient.java:onNext(255)) - client-D2340BF4DD29->f9fecd82-c7ae-483e-b259-6428f2dfb240: receive RaftClientReply:client-D2340BF4DD29->f9fecd82-c7ae-483e-b259-6428f2dfb240@group-7DE138E597A5, cid=1155, SUCCESS, logIndex=0, commits[f9fecd82-c7ae-483e-b259-6428f2dfb240:c1601, adbfec77-7a0d-4773-aa56-ba0b778d0ab5:c1600, 90c45227-141f-43fe-b831-a2b91b39d6b0:c1600]
2019-07-14 06:25:51,356 INFO  client.GrpcClientProtocolClient (GrpcClientProtocolClient.java:onNext(255)) - client-D2340BF4DD29->f9fecd82-c7ae-483e-b259-6428f2dfb240: receive RaftClientReply:client-D2340BF4DD29->f9fecd82-c7ae-483e-b259-6428f2dfb240@group-7DE138E597A5, cid=1156, SUCCESS, logIndex=1603, commits[f9fecd82-c7ae-483e-b259-6428f2dfb240:c1604, adbfec77-7a0d-4773-aa56-ba0b778d0ab5:c1602, 90c45227-141f-43fe-b831-a2b91b39d6b0:c1602]
2019-07-14 06:25:51,357 INFO  client.GrpcClientProtocolClient (GrpcClientProtocolClient.java:onNext(255)) - client-D2340BF4DD29->f9fecd82-c7ae-483e-b259-6428f2dfb240: receive RaftClientReply:client-D2340BF4DD29->f9fecd82-c7ae-483e-b259-6428f2dfb240@group-7DE138E597A5, cid=1157, SUCCESS, logIndex=1604, commits[f9fecd82-c7ae-483e-b259-6428f2dfb240:c1606, adbfec77-7a0d-4773-aa56-ba0b778d0ab5:c1602, 90c45227-141f-43fe-b831-a2b91b39d6b0:c1602]
2019-07-14 06:25:51,357 INFO  client.GrpcClientProtocolClient (GrpcClientProtocolClient.java:onNext(255)) - client-D2340BF4DD29->f9fecd82-c7ae-483e-b259-6428f2dfb240: receive RaftClientReply:client-D2340BF4DD29->f9fecd82-c7ae-483e-b259-6428f2dfb240@group-7DE138E597A5, cid=1158, SUCCESS, logIndex=1605, commits[f9fecd82-c7ae-483e-b259-6428f2dfb240:c1606, adbfec77-7a0d-4773-aa56-ba0b778d0ab5:c1602, 90c45227-141f-43fe-b831-a2b91b39d6b0:c1602]
2019-07-14 06:25:51,357 INFO  client.GrpcClientProtocolClient (GrpcClientProtocolClient.java:onNext(255)) - client-D2340BF4DD29->f9fecd82-c7ae-483e-b259-6428f2dfb240: receive RaftClientReply:client-D2340BF4DD29->f9fecd82-c7ae-483e-b259-6428f2dfb240@group-7DE138E597A5, cid=1159, SUCCESS, logIndex=1606, commits[f9fecd82-c7ae-483e-b259-6428f2dfb240:c1606, adbfec77-7a0d-4773-aa56-ba0b778d0ab5:c1602, 90c45227-141f-43fe-b831-a2b91b39d6b0:c1602]
2019-07-14 06:25:51,360 INFO  client.GrpcClientProtocolClient (GrpcClientProtocolClient.java:onNext(255)) - client-D2340BF4DD29->f9fecd82-c7ae-483e-b259-6428f2dfb240: receive RaftClientReply:client-D2340BF4DD29->f9fecd82-c7ae-483e-b259-6428f2dfb240@group-7DE138E597A5, cid=1160, SUCCESS, logIndex=0, commits[f9fecd82-c7ae-483e-b259-6428f2dfb240:c1610, adbfec77-7a0d-4773-aa56-ba0b778d0ab5:c1604, 90c45227-141f-43fe-b831-a2b91b39d6b0:c1606]
2019-07-14 06:25:51,380 INFO  client.GrpcClientProtocolClient (GrpcClientProtocolClient.java:onNext(255)) - client-D2340BF4DD29->f9fecd82-c7ae-483e-b259-6428f2dfb240: receive RaftClientReply:client-D2340BF4DD29->f9fecd82-c7ae-483e-b259-6428f2dfb240@group-7DE138E597A5, cid=1161, SUCCESS, logIndex=1611, commits[f9fecd82-c7ae-483e-b259-6428f2dfb240:c1612, adbfec77-7a0d-4773-aa56-ba0b778d0ab5:c1610, 90c45227-141f-43fe-b831-a2b91b39d6b0:c1610]
2019-07-14 06:25:51,381 INFO  client.GrpcClientProtocolClient (GrpcClientProtocolClient.java:onNext(255)) - client-D2340BF4DD29->f9fecd82-c7ae-483e-b259-6428f2dfb240: receive RaftClientReply:client-D2340BF4DD29->f9fecd82-c7ae-483e-b259-6428f2dfb240@group-7DE138E597A5, cid=1162, SUCCESS, logIndex=1612, commits[f9fecd82-c7ae-483e-b259-6428f2dfb240:c1612, adbfec77-7a0d-4773-aa56-ba0b778d0ab5:c1610, 90c45227-141f-43fe-b831-a2b91b39d6b0:c1610]
2019-07-14 06:25:51,394 INFO  client.GrpcClientProtocolClient (GrpcClientProtocolClient.java:onNext(255)) - client-D2340BF4DD29->f9fecd82-c7ae-483e-b259-6428f2dfb240: receive RaftClientReply:client-D2340BF4DD29->f9fecd82-c7ae-483e-b259-6428f2dfb240@group-7DE138E597A5, cid=1163, SUCCESS, logIndex=1615, commits[f9fecd82-c7ae-483e-b259-6428f2dfb240:c1615, adbfec77-7a0d-4773-aa56-ba0b778d0ab5:c1612, 90c45227-141f-43fe-b831-a2b91b39d6b0:c1612]
2019-07-14 06:25:51,395 INFO  client.GrpcClientProtocolClient (GrpcClientProtocolClient.java:onNext(255)) - client-D2340BF4DD29->f9fecd82-c7ae-483e-b259-6428f2dfb240: receive RaftClientReply:client-D2340BF4DD29->f9fecd82-c7ae-483e-b259-6428f2dfb240@group-7DE138E597A5, cid=1164, SUCCESS, logIndex=1616, commits[f9fecd82-c7ae-483e-b259-6428f2dfb240:c1616, adbfec77-7a0d-4773-aa56-ba0b778d0ab5:c1612, 90c45227-141f-43fe-b831-a2b91b39d6b0:c1612]
2019-07-14 06:25:51,407 INFO  client.GrpcClientProtocolClient (GrpcClientProtocolClient.java:onNext(255)) - client-D2340BF4DD29->f9fecd82-c7ae-483e-b259-6428f2dfb240: receive RaftClientReply:client-D2340BF4DD29->f9fecd82-c7ae-483e-b259-6428f2dfb240@group-7DE138E597A5, cid=1165, SUCCESS, logIndex=0, commits[f9fecd82-c7ae-483e-b259-6428f2dfb240:c1618, adbfec77-7a0d-4773-aa56-ba0b778d0ab5:c1616, 90c45227-141f-43fe-b831-a2b91b39d6b0:c1616]
2019-07-14 06:25:51,427 INFO  client.GrpcClientProtocolClient (GrpcClientProtocolClient.java:onNext(255)) - client-D2340BF4DD29->f9fecd82-c7ae-483e-b259-6428f2dfb240: receive RaftClientReply:client-D2340BF4DD29->f9fecd82-c7ae-483e-b259-6428f2dfb240@group-7DE138E597A5, cid=1166, SUCCESS, logIndex=1619, commits[f9fecd82-c7ae-483e-b259-6428f2dfb240:c1620, adbfec77-7a0d-4773-aa56-ba0b778d0ab5:c1618, 90c45227-141f-43fe-b831-a2b91b39d6b0:c1618]
2019-07-14 06:25:51,428 INFO  client.GrpcClientProtocolClient (GrpcClientProtocolClient.java:onNext(255)) - client-D2340BF4DD29->f9fecd82-c7ae-483e-b259-6428f2dfb240: receive RaftClientReply:client-D2340BF4DD29->f9fecd82-c7ae-483e-b259-6428f2dfb240@group-7DE138E597A5, cid=1167, SUCCESS, logIndex=1620, commits[f9fecd82-c7ae-483e-b259-6428f2dfb240:c1620, adbfec77-7a0d-4773-aa56-ba0b778d0ab5:c1618, 90c45227-141f-43fe-b831-a2b91b39d6b0:c1618]
2019-07-14 06:25:51,428 INFO  client.GrpcClientProtocolClient (GrpcClientProtocolClient.java:onNext(255)) - client-D2340BF4DD29->f9fecd82-c7ae-483e-b259-6428f2dfb240: receive RaftClientReply:client-D2340BF4DD29->f9fecd82-c7ae-483e-b259-6428f2dfb240@group-7DE138E597A5, cid=1168, SUCCESS, logIndex=1621, commits[f9fecd82-c7ae-483e-b259-6428f2dfb240:c1622, adbfec77-7a0d-4773-aa56-ba0b778d0ab5:c1618, 90c45227-141f-43fe-b831-a2b91b39d6b0:c1618]
2019-07-14 06:25:51,429 INFO  client.GrpcClientProtocolClient (GrpcClientProtocolClient.java:onNext(255)) - client-D2340BF4DD29->f9fecd82-c7ae-483e-b259-6428f2dfb240: receive RaftClientReply:client-D2340BF4DD29->f9fecd82-c7ae-483e-b259-6428f2dfb240@group-7DE138E597A5, cid=1169, SUCCESS, logIndex=1622, commits[f9fecd82-c7ae-483e-b259-6428f2dfb240:c1622, adbfec77-7a0d-4773-aa56-ba0b778d0ab5:c1618, 90c45227-141f-43fe-b831-a2b91b39d6b0:c1618]
2019-07-14 06:25:51,430 INFO  client.GrpcClientProtocolClient (GrpcClientProtocolClient.java:onNext(255)) - client-D2340BF4DD29->f9fecd82-c7ae-483e-b259-6428f2dfb240: receive RaftClientReply:client-D2340BF4DD29->f9fecd82-c7ae-483e-b259-6428f2dfb240@group-7DE138E597A5, cid=1170, SUCCESS, logIndex=0, commits[f9fecd82-c7ae-483e-b259-6428f2dfb240:c1626, adbfec77-7a0d-4773-aa56-ba0b778d0ab5:c1620, 90c45227-141f-43fe-b831-a2b91b39d6b0:c1622]
2019-07-14 06:25:51,450 INFO  client.GrpcClientProtocolClient (GrpcClientProtocolClient.java:onNext(255)) - client-D2340BF4DD29->f9fecd82-c7ae-483e-b259-6428f2dfb240: receive RaftClientReply:client-D2340BF4DD29->f9fecd82-c7ae-483e-b259-6428f2dfb240@group-7DE138E597A5, cid=1171, SUCCESS, logIndex=1627, commits[f9fecd82-c7ae-483e-b259-6428f2dfb240:c1628, adbfec77-7a0d-4773-aa56-ba0b778d0ab5:c1626, 90c45227-141f-43fe-b831-a2b91b39d6b0:c1626]
2019-07-14 06:25:51,450 INFO  client.GrpcClientProtocolClient (GrpcClientProtocolClient.java:onNext(255)) - client-D2340BF4DD29->f9fecd82-c7ae-483e-b259-6428f2dfb240: receive RaftClientReply:client-D2340BF4DD29->f9fecd82-c7ae-483e-b259-6428f2dfb240@group-7DE138E597A5, cid=1172, SUCCESS, logIndex=1628, commits[f9fecd82-c7ae-483e-b259-6428f2dfb240:c1628, adbfec77-7a0d-4773-aa56-ba0b778d0ab5:c1626, 90c45227-141f-43fe-b831-a2b91b39d6b0:c1626]
2019-07-14 06:25:51,463 INFO  client.GrpcClientProtocolClient (GrpcClientProtocolClient.java:onNext(255)) - client-D2340BF4DD29->f9fecd82-c7ae-483e-b259-6428f2dfb240: receive RaftClientReply:client-D2340BF4DD29->f9fecd82-c7ae-483e-b259-6428f2dfb240@group-7DE138E597A5, cid=1173, SUCCESS, logIndex=1631, commits[f9fecd82-c7ae-483e-b259-6428f2dfb240:c1632, adbfec77-7a0d-4773-aa56-ba0b778d0ab5:c1628, 90c45227-141f-43fe-b831-a2b91b39d6b0:c1628]
2019-07-14 06:25:51,464 INFO  client.GrpcClientProtocolClient (GrpcClientProtocolClient.java:onNext(255)) - client-D2340BF4DD29->f9fecd82-c7ae-483e-b259-6428f2dfb240: receive RaftClientReply:client-D2340BF4DD29->f9fecd82-c7ae-483e-b259-6428f2dfb240@group-7DE138E597A5, cid=1174, SUCCESS, logIndex=1632, commits[f9fecd82-c7ae-483e-b259-6428f2dfb240:c1632, adbfec77-7a0d-4773-aa56-ba0b778d0ab5:c1628, 90c45227-141f-43fe-b831-a2b91b39d6b0:c1628]
2019-07-14 06:25:51,476 INFO  client.GrpcClientProtocolClient (GrpcClientProtocolClient.java:onNext(255)) - client-D2340BF4DD29->f9fecd82-c7ae-483e-b259-6428f2dfb240: receive RaftClientReply:client-D2340BF4DD29->f9fecd82-c7ae-483e-b259-6428f2dfb240@group-7DE138E597A5, cid=1175, SUCCESS, logIndex=0, commits[f9fecd82-c7ae-483e-b259-6428f2dfb240:c1634, adbfec77-7a0d-4773-aa56-ba0b778d0ab5:c1632, 90c45227-141f-43fe-b831-a2b91b39d6b0:c1632]
2019-07-14 06:25:51,496 INFO  client.GrpcClientProtocolClient (GrpcClientProtocolClient.java:onNext(255)) - client-D2340BF4DD29->f9fecd82-c7ae-483e-b259-6428f2dfb240: receive RaftClientReply:client-D2340BF4DD29->f9fecd82-c7ae-483e-b259-6428f2dfb240@group-7DE138E597A5, cid=1176, SUCCESS, logIndex=1635, commits[f9fecd82-c7ae-483e-b259-6428f2dfb240:c1636, adbfec77-7a0d-4773-aa56-ba0b778d0ab5:c1634, 90c45227-141f-43fe-b831-a2b91b39d6b0:c1634]
2019-07-14 06:25:51,496 INFO  client.GrpcClientProtocolClient (GrpcClientProtocolClient.java:onNext(255)) - client-D2340BF4DD29->f9fecd82-c7ae-483e-b259-6428f2dfb240: receive RaftClientReply:client-D2340BF4DD29->f9fecd82-c7ae-483e-b259-6428f2dfb240@group-7DE138E597A5, cid=1177, SUCCESS, logIndex=1636, commits[f9fecd82-c7ae-483e-b259-6428f2dfb240:c1636, adbfec77-7a0d-4773-aa56-ba0b778d0ab5:c1634, 90c45227-141f-43fe-b831-a2b91b39d6b0:c1634]
2019-07-14 06:25:51,507 INFO  client.GrpcClientProtocolClient (GrpcClientProtocolClient.java:onNext(255)) - client-D2340BF4DD29->f9fecd82-c7ae-483e-b259-6428f2dfb240: receive RaftClientReply:client-D2340BF4DD29->f9fecd82-c7ae-483e-b259-6428f2dfb240@group-7DE138E597A5, cid=1178, SUCCESS, logIndex=1637, commits[f9fecd82-c7ae-483e-b259-6428f2dfb240:c1638, adbfec77-7a0d-4773-aa56-ba0b778d0ab5:c1634, 90c45227-141f-43fe-b831-a2b91b39d6b0:c1634]
2019-07-14 06:25:51,508 INFO  client.GrpcClientProtocolClient (GrpcClientProtocolClient.java:onNext(255)) - client-D2340BF4DD29->f9fecd82-c7ae-483e-b259-6428f2dfb240: receive RaftClientReply:client-D2340BF4DD29->f9fecd82-c7ae-483e-b259-6428f2dfb240@group-7DE138E597A5, cid=1179, SUCCESS, logIndex=1638, commits[f9fecd82-c7ae-483e-b259-6428f2dfb240:c1638, adbfec77-7a0d-4773-aa56-ba0b778d0ab5:c1634, 90c45227-141f-43fe-b831-a2b91b39d6b0:c1634]
2019-07-14 06:25:51,509 INFO  client.GrpcClientProtocolClient (GrpcClientProtocolClient.java:onNext(255)) - client-D2340BF4DD29->f9fecd82-c7ae-483e-b259-6428f2dfb240: receive RaftClientReply:client-D2340BF4DD29->f9fecd82-c7ae-483e-b259-6428f2dfb240@group-7DE138E597A5, cid=1180, SUCCESS, logIndex=0, commits[f9fecd82-c7ae-483e-b259-6428f2dfb240:c1640, adbfec77-7a0d-4773-aa56-ba0b778d0ab5:c1636, 90c45227-141f-43fe-b831-a2b91b39d6b0:c1636]
2019-07-14 06:25:51,528 INFO  client.GrpcClientProtocolClient (GrpcClientProtocolClient.java:onNext(255)) - client-D2340BF4DD29->f9fecd82-c7ae-483e-b259-6428f2dfb240: receive RaftClientReply:client-D2340BF4DD29->f9fecd82-c7ae-483e-b259-6428f2dfb240@group-7DE138E597A5, cid=1181, SUCCESS, logIndex=1643, commits[f9fecd82-c7ae-483e-b259-6428f2dfb240:c1644, adbfec77-7a0d-4773-aa56-ba0b778d0ab5:c1642, 90c45227-141f-43fe-b831-a2b91b39d6b0:c1642]
2019-07-14 06:25:51,529 INFO  client.GrpcClientProtocolClient (GrpcClientProtocolClient.java:onNext(255)) - client-D2340BF4DD29->f9fecd82-c7ae-483e-b259-6428f2dfb240: receive RaftClientReply:client-D2340BF4DD29->f9fecd82-c7ae-483e-b259-6428f2dfb240@group-7DE138E597A5, cid=1182, SUCCESS, logIndex=1644, commits[f9fecd82-c7ae-483e-b259-6428f2dfb240:c1644, adbfec77-7a0d-4773-aa56-ba0b778d0ab5:c1642, 90c45227-141f-43fe-b831-a2b91b39d6b0:c1642]
2019-07-14 06:25:51,541 INFO  client.GrpcClientProtocolClient (GrpcClientProtocolClient.java:onNext(255)) - client-D2340BF4DD29->f9fecd82-c7ae-483e-b259-6428f2dfb240: receive RaftClientReply:client-D2340BF4DD29->f9fecd82-c7ae-483e-b259-6428f2dfb240@group-7DE138E597A5, cid=1183, SUCCESS, logIndex=1647, commits[f9fecd82-c7ae-483e-b259-6428f2dfb240:c1648, adbfec77-7a0d-4773-aa56-ba0b778d0ab5:c1646, 90c45227-141f-43fe-b831-a2b91b39d6b0:c1644]
2019-07-14 06:25:51,541 INFO  client.GrpcClientProtocolClient (GrpcClientProtocolClient.java:onNext(255)) - client-D2340BF4DD29->f9fecd82-c7ae-483e-b259-6428f2dfb240: receive RaftClientReply:client-D2340BF4DD29->f9fecd82-c7ae-483e-b259-6428f2dfb240@group-7DE138E597A5, cid=1184, SUCCESS, logIndex=1648, commits[f9fecd82-c7ae-483e-b259-6428f2dfb240:c1648, adbfec77-7a0d-4773-aa56-ba0b778d0ab5:c1646, 90c45227-141f-43fe-b831-a2b91b39d6b0:c1646]
2019-07-14 06:25:51,543 INFO  client.GrpcClientProtocolClient (GrpcClientProtocolClient.java:onNext(255)) - client-D2340BF4DD29->f9fecd82-c7ae-483e-b259-6428f2dfb240: receive RaftClientReply:client-D2340BF4DD29->f9fecd82-c7ae-483e-b259-6428f2dfb240@group-7DE138E597A5, cid=1185, SUCCESS, logIndex=0, commits[f9fecd82-c7ae-483e-b259-6428f2dfb240:c1649, adbfec77-7a0d-4773-aa56-ba0b778d0ab5:c1648, 90c45227-141f-43fe-b831-a2b91b39d6b0:c1648]
2019-07-14 06:25:51,555 INFO  client.GrpcClientProtocolClient (GrpcClientProtocolClient.java:onNext(255)) - client-D2340BF4DD29->f9fecd82-c7ae-483e-b259-6428f2dfb240: receive RaftClientReply:client-D2340BF4DD29->f9fecd82-c7ae-483e-b259-6428f2dfb240@group-7DE138E597A5, cid=1186, SUCCESS, logIndex=1651, commits[f9fecd82-c7ae-483e-b259-6428f2dfb240:c1652, adbfec77-7a0d-4773-aa56-ba0b778d0ab5:c1650, 90c45227-141f-43fe-b831-a2b91b39d6b0:c1648]
2019-07-14 06:25:51,556 INFO  client.GrpcClientProtocolClient (GrpcClientProtocolClient.java:onNext(255)) - client-D2340BF4DD29->f9fecd82-c7ae-483e-b259-6428f2dfb240: receive RaftClientReply:client-D2340BF4DD29->f9fecd82-c7ae-483e-b259-6428f2dfb240@group-7DE138E597A5, cid=1187, SUCCESS, logIndex=1652, commits[f9fecd82-c7ae-483e-b259-6428f2dfb240:c1652, adbfec77-7a0d-4773-aa56-ba0b778d0ab5:c1650, 90c45227-141f-43fe-b831-a2b91b39d6b0:c1650]
2019-07-14 06:25:51,557 INFO  client.GrpcClientProtocolClient (GrpcClientProtocolClient.java:onNext(255)) - client-D2340BF4DD29->f9fecd82-c7ae-483e-b259-6428f2dfb240: receive RaftClientReply:client-D2340BF4DD29->f9fecd82-c7ae-483e-b259-6428f2dfb240@group-7DE138E597A5, cid=1188, SUCCESS, logIndex=1653, commits[f9fecd82-c7ae-483e-b259-6428f2dfb240:c1654, adbfec77-7a0d-4773-aa56-ba0b778d0ab5:c1650, 90c45227-141f-43fe-b831-a2b91b39d6b0:c1650]
2019-07-14 06:25:51,557 INFO  client.GrpcClientProtocolClient (GrpcClientProtocolClient.java:onNext(255)) - client-D2340BF4DD29->f9fecd82-c7ae-483e-b259-6428f2dfb240: receive RaftClientReply:client-D2340BF4DD29->f9fecd82-c7ae-483e-b259-6428f2dfb240@group-7DE138E597A5, cid=1189, SUCCESS, logIndex=1654, commits[f9fecd82-c7ae-483e-b259-6428f2dfb240:c1654, adbfec77-7a0d-4773-aa56-ba0b778d0ab5:c1650, 90c45227-141f-43fe-b831-a2b91b39d6b0:c1650]
2019-07-14 06:25:51,559 INFO  client.GrpcClientProtocolClient (GrpcClientProtocolClient.java:onNext(255)) - client-D2340BF4DD29->f9fecd82-c7ae-483e-b259-6428f2dfb240: receive RaftClientReply:client-D2340BF4DD29->f9fecd82-c7ae-483e-b259-6428f2dfb240@group-7DE138E597A5, cid=1190, SUCCESS, logIndex=0, commits[f9fecd82-c7ae-483e-b259-6428f2dfb240:c1656, adbfec77-7a0d-4773-aa56-ba0b778d0ab5:c1652, 90c45227-141f-43fe-b831-a2b91b39d6b0:c1652]
2019-07-14 06:25:51,571 INFO  client.GrpcClientProtocolClient (GrpcClientProtocolClient.java:onNext(255)) - client-D2340BF4DD29->f9fecd82-c7ae-483e-b259-6428f2dfb240: receive RaftClientReply:client-D2340BF4DD29->f9fecd82-c7ae-483e-b259-6428f2dfb240@group-7DE138E597A5, cid=1191, SUCCESS, logIndex=1659, commits[f9fecd82-c7ae-483e-b259-6428f2dfb240:c1660, adbfec77-7a0d-4773-aa56-ba0b778d0ab5:c1658, 90c45227-141f-43fe-b831-a2b91b39d6b0:c1654]
2019-07-14 06:25:51,571 INFO  client.GrpcClientProtocolClient (GrpcClientProtocolClient.java:onNext(255)) - client-D2340BF4DD29->f9fecd82-c7ae-483e-b259-6428f2dfb240: receive RaftClientReply:client-D2340BF4DD29->f9fecd82-c7ae-483e-b259-6428f2dfb240@group-7DE138E597A5, cid=1192, SUCCESS, logIndex=1660, commits[f9fecd82-c7ae-483e-b259-6428f2dfb240:c1660, adbfec77-7a0d-4773-aa56-ba0b778d0ab5:c1658, 90c45227-141f-43fe-b831-a2b91b39d6b0:c1654]
2019-07-14 06:25:51,587 INFO  client.GrpcClientProtocolClient (GrpcClientProtocolClient.java:onNext(255)) - client-D2340BF4DD29->f9fecd82-c7ae-483e-b259-6428f2dfb240: receive RaftClientReply:client-D2340BF4DD29->f9fecd82-c7ae-483e-b259-6428f2dfb240@group-7DE138E597A5, cid=1193, SUCCESS, logIndex=1663, commits[f9fecd82-c7ae-483e-b259-6428f2dfb240:c1664, adbfec77-7a0d-4773-aa56-ba0b778d0ab5:c1662, 90c45227-141f-43fe-b831-a2b91b39d6b0:c1662]
2019-07-14 06:25:51,588 INFO  client.GrpcClientProtocolClient (GrpcClientProtocolClient.java:onNext(255)) - client-D2340BF4DD29->f9fecd82-c7ae-483e-b259-6428f2dfb240: receive RaftClientReply:client-D2340BF4DD29->f9fecd82-c7ae-483e-b259-6428f2dfb240@group-7DE138E597A5, cid=1194, SUCCESS, logIndex=1664, commits[f9fecd82-c7ae-483e-b259-6428f2dfb240:c1664, adbfec77-7a0d-4773-aa56-ba0b778d0ab5:c1662, 90c45227-141f-43fe-b831-a2b91b39d6b0:c1662]
2019-07-14 06:25:51,592 INFO  client.GrpcClientProtocolClient (GrpcClientProtocolClient.java:onNext(255)) - client-D2340BF4DD29->f9fecd82-c7ae-483e-b259-6428f2dfb240: receive RaftClientReply:client-D2340BF4DD29->f9fecd82-c7ae-483e-b259-6428f2dfb240@group-7DE138E597A5, cid=1195, SUCCESS, logIndex=0, commits[f9fecd82-c7ae-483e-b259-6428f2dfb240:c1666, adbfec77-7a0d-4773-aa56-ba0b778d0ab5:c1664, 90c45227-141f-43fe-b831-a2b91b39d6b0:c1664]
 0.00% |█                                                                                                    |  0/1 Time: 0:00:062019-07-14 06:25:51,613 INFO  client.GrpcClientProtocolClient (GrpcClientProtocolClient.java:onNext(255)) - client-D2340BF4DD29->f9fecd82-c7ae-483e-b259-6428f2dfb240: receive RaftClientReply:client-D2340BF4DD29->f9fecd82-c7ae-483e-b259-6428f2dfb240@group-7DE138E597A5, cid=1196, SUCCESS, logIndex=1667, commits[f9fecd82-c7ae-483e-b259-6428f2dfb240:c1668, adbfec77-7a0d-4773-aa56-ba0b778d0ab5:c1666, 90c45227-141f-43fe-b831-a2b91b39d6b0:c1666]
2019-07-14 06:25:51,614 INFO  client.GrpcClientProtocolClient (GrpcClientProtocolClient.java:onNext(255)) - client-D2340BF4DD29->f9fecd82-c7ae-483e-b259-6428f2dfb240: receive RaftClientReply:client-D2340BF4DD29->f9fecd82-c7ae-483e-b259-6428f2dfb240@group-7DE138E597A5, cid=1197, SUCCESS, logIndex=1668, commits[f9fecd82-c7ae-483e-b259-6428f2dfb240:c1668, adbfec77-7a0d-4773-aa56-ba0b778d0ab5:c1666, 90c45227-141f-43fe-b831-a2b91b39d6b0:c1666]
2019-07-14 06:25:51,614 INFO  client.GrpcClientProtocolClient (GrpcClientProtocolClient.java:onNext(255)) - client-D2340BF4DD29->f9fecd82-c7ae-483e-b259-6428f2dfb240: receive RaftClientReply:client-D2340BF4DD29->f9fecd82-c7ae-483e-b259-6428f2dfb240@group-7DE138E597A5, cid=1198, SUCCESS, logIndex=1669, commits[f9fecd82-c7ae-483e-b259-6428f2dfb240:c1670, adbfec77-7a0d-4773-aa56-ba0b778d0ab5:c1666, 90c45227-141f-43fe-b831-a2b91b39d6b0:c1666]
2019-07-14 06:25:51,615 INFO  client.GrpcClientProtocolClient (GrpcClientProtocolClient.java:onNext(255)) - client-D2340BF4DD29->f9fecd82-c7ae-483e-b259-6428f2dfb240: receive RaftClientReply:client-D2340BF4DD29->f9fecd82-c7ae-483e-b259-6428f2dfb240@group-7DE138E597A5, cid=1199, SUCCESS, logIndex=1670, commits[f9fecd82-c7ae-483e-b259-6428f2dfb240:c1670, adbfec77-7a0d-4773-aa56-ba0b778d0ab5:c1666, 90c45227-141f-43fe-b831-a2b91b39d6b0:c1666]
2019-07-14 06:25:51,628 INFO  client.GrpcClientProtocolClient (GrpcClientProtocolClient.java:onNext(255)) - client-D2340BF4DD29->f9fecd82-c7ae-483e-b259-6428f2dfb240: receive RaftClientReply:client-D2340BF4DD29->f9fecd82-c7ae-483e-b259-6428f2dfb240@group-7DE138E597A5, cid=1200, SUCCESS, logIndex=0, commits[f9fecd82-c7ae-483e-b259-6428f2dfb240:c1672, adbfec77-7a0d-4773-aa56-ba0b778d0ab5:c1668, 90c45227-141f-43fe-b831-a2b91b39d6b0:c1668]
2019-07-14 06:25:51,747 INFO  client.GrpcClientProtocolClient (GrpcClientProtocolClient.java:onNext(255)) - client-D2340BF4DD29->f9fecd82-c7ae-483e-b259-6428f2dfb240: receive RaftClientReply:client-D2340BF4DD29->f9fecd82-c7ae-483e-b259-6428f2dfb240@group-7DE138E597A5, cid=1201, SUCCESS, logIndex=1675, commits[f9fecd82-c7ae-483e-b259-6428f2dfb240:c1676, adbfec77-7a0d-4773-aa56-ba0b778d0ab5:c1674, 90c45227-141f-43fe-b831-a2b91b39d6b0:c1670]
2019-07-14 06:25:51,748 INFO  client.GrpcClientProtocolClient (GrpcClientProtocolClient.java:onNext(255)) - client-D2340BF4DD29->f9fecd82-c7ae-483e-b259-6428f2dfb240: receive RaftClientReply:client-D2340BF4DD29->f9fecd82-c7ae-483e-b259-6428f2dfb240@group-7DE138E597A5, cid=1202, SUCCESS, logIndex=1676, commits[f9fecd82-c7ae-483e-b259-6428f2dfb240:c1676, adbfec77-7a0d-4773-aa56-ba0b778d0ab5:c1674, 90c45227-141f-43fe-b831-a2b91b39d6b0:c1674]
2019-07-14 06:25:51,774 INFO  client.GrpcClientProtocolClient (GrpcClientProtocolClient.java:onNext(255)) - client-D2340BF4DD29->f9fecd82-c7ae-483e-b259-6428f2dfb240: receive RaftClientReply:client-D2340BF4DD29->f9fecd82-c7ae-483e-b259-6428f2dfb240@group-7DE138E597A5, cid=1203, SUCCESS, logIndex=1679, commits[f9fecd82-c7ae-483e-b259-6428f2dfb240:c1680, adbfec77-7a0d-4773-aa56-ba0b778d0ab5:c1676, 90c45227-141f-43fe-b831-a2b91b39d6b0:c1676]
2019-07-14 06:25:51,775 INFO  client.GrpcClientProtocolClient (GrpcClientProtocolClient.java:onNext(255)) - client-D2340BF4DD29->f9fecd82-c7ae-483e-b259-6428f2dfb240: receive RaftClientReply:client-D2340BF4DD29->f9fecd82-c7ae-483e-b259-6428f2dfb240@group-7DE138E597A5, cid=1204, SUCCESS, logIndex=1680, commits[f9fecd82-c7ae-483e-b259-6428f2dfb240:c1680, adbfec77-7a0d-4773-aa56-ba0b778d0ab5:c1676, 90c45227-141f-43fe-b831-a2b91b39d6b0:c1676]
2019-07-14 06:25:51,786 INFO  client.GrpcClientProtocolClient (GrpcClientProtocolClient.java:onNext(255)) - client-D2340BF4DD29->f9fecd82-c7ae-483e-b259-6428f2dfb240: receive RaftClientReply:client-D2340BF4DD29->f9fecd82-c7ae-483e-b259-6428f2dfb240@group-7DE138E597A5, cid=1205, SUCCESS, logIndex=0, commits[f9fecd82-c7ae-483e-b259-6428f2dfb240:c1680, adbfec77-7a0d-4773-aa56-ba0b778d0ab5:c1680, 90c45227-141f-43fe-b831-a2b91b39d6b0:c1680]
2019-07-14 06:25:51,809 INFO  client.GrpcClientProtocolClient (GrpcClientProtocolClient.java:onNext(255)) - client-D2340BF4DD29->f9fecd82-c7ae-483e-b259-6428f2dfb240: receive RaftClientReply:client-D2340BF4DD29->f9fecd82-c7ae-483e-b259-6428f2dfb240@group-7DE138E597A5, cid=1206, SUCCESS, logIndex=1683, commits[f9fecd82-c7ae-483e-b259-6428f2dfb240:c1684, adbfec77-7a0d-4773-aa56-ba0b778d0ab5:c1682, 90c45227-141f-43fe-b831-a2b91b39d6b0:c1682]
2019-07-14 06:25:51,810 INFO  client.GrpcClientProtocolClient (GrpcClientProtocolClient.java:onNext(255)) - client-D2340BF4DD29->f9fecd82-c7ae-483e-b259-6428f2dfb240: receive RaftClientReply:client-D2340BF4DD29->f9fecd82-c7ae-483e-b259-6428f2dfb240@group-7DE138E597A5, cid=1207, SUCCESS, logIndex=1684, commits[f9fecd82-c7ae-483e-b259-6428f2dfb240:c1686, adbfec77-7a0d-4773-aa56-ba0b778d0ab5:c1682, 90c45227-141f-43fe-b831-a2b91b39d6b0:c1682]
2019-07-14 06:25:51,810 INFO  client.GrpcClientProtocolClient (GrpcClientProtocolClient.java:onNext(255)) - client-D2340BF4DD29->f9fecd82-c7ae-483e-b259-6428f2dfb240: receive RaftClientReply:client-D2340BF4DD29->f9fecd82-c7ae-483e-b259-6428f2dfb240@group-7DE138E597A5, cid=1208, SUCCESS, logIndex=1685, commits[f9fecd82-c7ae-483e-b259-6428f2dfb240:c1686, adbfec77-7a0d-4773-aa56-ba0b778d0ab5:c1682, 90c45227-141f-43fe-b831-a2b91b39d6b0:c1682]
2019-07-14 06:25:51,810 INFO  client.GrpcClientProtocolClient (GrpcClientProtocolClient.java:onNext(255)) - client-D2340BF4DD29->f9fecd82-c7ae-483e-b259-6428f2dfb240: receive RaftClientReply:client-D2340BF4DD29->f9fecd82-c7ae-483e-b259-6428f2dfb240@group-7DE138E597A5, cid=1209, SUCCESS, logIndex=1686, commits[f9fecd82-c7ae-483e-b259-6428f2dfb240:c1686, adbfec77-7a0d-4773-aa56-ba0b778d0ab5:c1682, 90c45227-141f-43fe-b831-a2b91b39d6b0:c1682]
2019-07-14 06:25:51,825 INFO  client.GrpcClientProtocolClient (GrpcClientProtocolClient.java:onNext(255)) - client-D2340BF4DD29->f9fecd82-c7ae-483e-b259-6428f2dfb240: receive RaftClientReply:client-D2340BF4DD29->f9fecd82-c7ae-483e-b259-6428f2dfb240@group-7DE138E597A5, cid=1210, SUCCESS, logIndex=0, commits[f9fecd82-c7ae-483e-b259-6428f2dfb240:c1688, adbfec77-7a0d-4773-aa56-ba0b778d0ab5:c1684, 90c45227-141f-43fe-b831-a2b91b39d6b0:c1684]
2019-07-14 06:25:51,848 INFO  client.GrpcClientProtocolClient (GrpcClientProtocolClient.java:onNext(255)) - client-D2340BF4DD29->f9fecd82-c7ae-483e-b259-6428f2dfb240: receive RaftClientReply:client-D2340BF4DD29->f9fecd82-c7ae-483e-b259-6428f2dfb240@group-7DE138E597A5, cid=1211, SUCCESS, logIndex=1691, commits[f9fecd82-c7ae-483e-b259-6428f2dfb240:c1692, adbfec77-7a0d-4773-aa56-ba0b778d0ab5:c1690, 90c45227-141f-43fe-b831-a2b91b39d6b0:c1686]
2019-07-14 06:25:51,848 INFO  client.GrpcClientProtocolClient (GrpcClientProtocolClient.java:onNext(255)) - client-D2340BF4DD29->f9fecd82-c7ae-483e-b259-6428f2dfb240: receive RaftClientReply:client-D2340BF4DD29->f9fecd82-c7ae-483e-b259-6428f2dfb240@group-7DE138E597A5, cid=1212, SUCCESS, logIndex=1692, commits[f9fecd82-c7ae-483e-b259-6428f2dfb240:c1692, adbfec77-7a0d-4773-aa56-ba0b778d0ab5:c1690, 90c45227-141f-43fe-b831-a2b91b39d6b0:c1686]
2019-07-14 06:25:51,872 INFO  client.GrpcClientProtocolClient (GrpcClientProtocolClient.java:onNext(255)) - client-D2340BF4DD29->f9fecd82-c7ae-483e-b259-6428f2dfb240: receive RaftClientReply:client-D2340BF4DD29->f9fecd82-c7ae-483e-b259-6428f2dfb240@group-7DE138E597A5, cid=1213, SUCCESS, logIndex=1695, commits[f9fecd82-c7ae-483e-b259-6428f2dfb240:c1696, adbfec77-7a0d-4773-aa56-ba0b778d0ab5:c1694, 90c45227-141f-43fe-b831-a2b91b39d6b0:c1694]
2019-07-14 06:25:51,872 INFO  client.GrpcClientProtocolClient (GrpcClientProtocolClient.java:onNext(255)) - client-D2340BF4DD29->f9fecd82-c7ae-483e-b259-6428f2dfb240: receive RaftClientReply:client-D2340BF4DD29->f9fecd82-c7ae-483e-b259-6428f2dfb240@group-7DE138E597A5, cid=1214, SUCCESS, logIndex=1696, commits[f9fecd82-c7ae-483e-b259-6428f2dfb240:c1696, adbfec77-7a0d-4773-aa56-ba0b778d0ab5:c1694, 90c45227-141f-43fe-b831-a2b91b39d6b0:c1694]
2019-07-14 06:25:51,886 INFO  client.GrpcClientProtocolClient (GrpcClientProtocolClient.java:onNext(255)) - client-D2340BF4DD29->f9fecd82-c7ae-483e-b259-6428f2dfb240: receive RaftClientReply:client-D2340BF4DD29->f9fecd82-c7ae-483e-b259-6428f2dfb240@group-7DE138E597A5, cid=1215, SUCCESS, logIndex=0, commits[f9fecd82-c7ae-483e-b259-6428f2dfb240:c1698, adbfec77-7a0d-4773-aa56-ba0b778d0ab5:c1696, 90c45227-141f-43fe-b831-a2b91b39d6b0:c1696]
2019-07-14 06:25:51,901 INFO  client.GrpcClientProtocolClient (GrpcClientProtocolClient.java:onNext(255)) - client-D2340BF4DD29->f9fecd82-c7ae-483e-b259-6428f2dfb240: receive RaftClientReply:client-D2340BF4DD29->f9fecd82-c7ae-483e-b259-6428f2dfb240@group-7DE138E597A5, cid=1216, SUCCESS, logIndex=1699, commits[f9fecd82-c7ae-483e-b259-6428f2dfb240:c1700, adbfec77-7a0d-4773-aa56-ba0b778d0ab5:c1698, 90c45227-141f-43fe-b831-a2b91b39d6b0:c1698]
2019-07-14 06:25:51,901 INFO  client.GrpcClientProtocolClient (GrpcClientProtocolClient.java:onNext(255)) - client-D2340BF4DD29->f9fecd82-c7ae-483e-b259-6428f2dfb240: receive RaftClientReply:client-D2340BF4DD29->f9fecd82-c7ae-483e-b259-6428f2dfb240@group-7DE138E597A5, cid=1217, SUCCESS, logIndex=1700, commits[f9fecd82-c7ae-483e-b259-6428f2dfb240:c1700, adbfec77-7a0d-4773-aa56-ba0b778d0ab5:c1698, 90c45227-141f-43fe-b831-a2b91b39d6b0:c1698]
2019-07-14 06:25:51,903 INFO  client.GrpcClientProtocolClient (GrpcClientProtocolClient.java:onNext(255)) - client-D2340BF4DD29->f9fecd82-c7ae-483e-b259-6428f2dfb240: receive RaftClientReply:client-D2340BF4DD29->f9fecd82-c7ae-483e-b259-6428f2dfb240@group-7DE138E597A5, cid=1218, SUCCESS, logIndex=1701, commits[f9fecd82-c7ae-483e-b259-6428f2dfb240:c1702, adbfec77-7a0d-4773-aa56-ba0b778d0ab5:c1698, 90c45227-141f-43fe-b831-a2b91b39d6b0:c1698]
2019-07-14 06:25:51,903 INFO  client.GrpcClientProtocolClient (GrpcClientProtocolClient.java:onNext(255)) - client-D2340BF4DD29->f9fecd82-c7ae-483e-b259-6428f2dfb240: receive RaftClientReply:client-D2340BF4DD29->f9fecd82-c7ae-483e-b259-6428f2dfb240@group-7DE138E597A5, cid=1219, SUCCESS, logIndex=1702, commits[f9fecd82-c7ae-483e-b259-6428f2dfb240:c1702, adbfec77-7a0d-4773-aa56-ba0b778d0ab5:c1698, 90c45227-141f-43fe-b831-a2b91b39d6b0:c1698]
2019-07-14 06:25:51,914 INFO  client.GrpcClientProtocolClient (GrpcClientProtocolClient.java:onNext(255)) - client-D2340BF4DD29->f9fecd82-c7ae-483e-b259-6428f2dfb240: receive RaftClientReply:client-D2340BF4DD29->f9fecd82-c7ae-483e-b259-6428f2dfb240@group-7DE138E597A5, cid=1220, SUCCESS, logIndex=0, commits[f9fecd82-c7ae-483e-b259-6428f2dfb240:c1704, adbfec77-7a0d-4773-aa56-ba0b778d0ab5:c1700, 90c45227-141f-43fe-b831-a2b91b39d6b0:c1700]
2019-07-14 06:25:51,934 INFO  client.GrpcClientProtocolClient (GrpcClientProtocolClient.java:onNext(255)) - client-D2340BF4DD29->f9fecd82-c7ae-483e-b259-6428f2dfb240: receive RaftClientReply:client-D2340BF4DD29->f9fecd82-c7ae-483e-b259-6428f2dfb240@group-7DE138E597A5, cid=1221, SUCCESS, logIndex=1707, commits[f9fecd82-c7ae-483e-b259-6428f2dfb240:c1708, adbfec77-7a0d-4773-aa56-ba0b778d0ab5:c1706, 90c45227-141f-43fe-b831-a2b91b39d6b0:c1706]
2019-07-14 06:25:51,935 INFO  client.GrpcClientProtocolClient (GrpcClientProtocolClient.java:onNext(255)) - client-D2340BF4DD29->f9fecd82-c7ae-483e-b259-6428f2dfb240: receive RaftClientReply:client-D2340BF4DD29->f9fecd82-c7ae-483e-b259-6428f2dfb240@group-7DE138E597A5, cid=1222, SUCCESS, logIndex=1708, commits[f9fecd82-c7ae-483e-b259-6428f2dfb240:c1708, adbfec77-7a0d-4773-aa56-ba0b778d0ab5:c1706, 90c45227-141f-43fe-b831-a2b91b39d6b0:c1706]
2019-07-14 06:25:51,949 INFO  client.GrpcClientProtocolClient (GrpcClientProtocolClient.java:onNext(255)) - client-D2340BF4DD29->f9fecd82-c7ae-483e-b259-6428f2dfb240: receive RaftClientReply:client-D2340BF4DD29->f9fecd82-c7ae-483e-b259-6428f2dfb240@group-7DE138E597A5, cid=1223, SUCCESS, logIndex=1711, commits[f9fecd82-c7ae-483e-b259-6428f2dfb240:c1712, adbfec77-7a0d-4773-aa56-ba0b778d0ab5:c1708, 90c45227-141f-43fe-b831-a2b91b39d6b0:c1708]
2019-07-14 06:25:51,950 INFO  client.GrpcClientProtocolClient (GrpcClientProtocolClient.java:onNext(255)) - client-D2340BF4DD29->f9fecd82-c7ae-483e-b259-6428f2dfb240: receive RaftClientReply:client-D2340BF4DD29->f9fecd82-c7ae-483e-b259-6428f2dfb240@group-7DE138E597A5, cid=1224, SUCCESS, logIndex=1712, commits[f9fecd82-c7ae-483e-b259-6428f2dfb240:c1712, adbfec77-7a0d-4773-aa56-ba0b778d0ab5:c1708, 90c45227-141f-43fe-b831-a2b91b39d6b0:c1708]
2019-07-14 06:25:51,964 INFO  client.GrpcClientProtocolClient (GrpcClientProtocolClient.java:onNext(255)) - client-D2340BF4DD29->f9fecd82-c7ae-483e-b259-6428f2dfb240: receive RaftClientReply:client-D2340BF4DD29->f9fecd82-c7ae-483e-b259-6428f2dfb240@group-7DE138E597A5, cid=1225, SUCCESS, logIndex=0, commits[f9fecd82-c7ae-483e-b259-6428f2dfb240:c1714, adbfec77-7a0d-4773-aa56-ba0b778d0ab5:c1712, 90c45227-141f-43fe-b831-a2b91b39d6b0:c1712]
2019-07-14 06:25:51,984 INFO  client.GrpcClientProtocolClient (GrpcClientProtocolClient.java:onNext(255)) - client-D2340BF4DD29->f9fecd82-c7ae-483e-b259-6428f2dfb240: receive RaftClientReply:client-D2340BF4DD29->f9fecd82-c7ae-483e-b259-6428f2dfb240@group-7DE138E597A5, cid=1226, SUCCESS, logIndex=1715, commits[f9fecd82-c7ae-483e-b259-6428f2dfb240:c1717, adbfec77-7a0d-4773-aa56-ba0b778d0ab5:c1714, 90c45227-141f-43fe-b831-a2b91b39d6b0:c1714]
2019-07-14 06:25:51,985 INFO  client.GrpcClientProtocolClient (GrpcClientProtocolClient.java:onNext(255)) - client-D2340BF4DD29->f9fecd82-c7ae-483e-b259-6428f2dfb240: receive RaftClientReply:client-D2340BF4DD29->f9fecd82-c7ae-483e-b259-6428f2dfb240@group-7DE138E597A5, cid=1227, SUCCESS, logIndex=1716, commits[f9fecd82-c7ae-483e-b259-6428f2dfb240:c1718, adbfec77-7a0d-4773-aa56-ba0b778d0ab5:c1714, 90c45227-141f-43fe-b831-a2b91b39d6b0:c1714]
2019-07-14 06:25:51,985 INFO  client.GrpcClientProtocolClient (GrpcClientProtocolClient.java:onNext(255)) - client-D2340BF4DD29->f9fecd82-c7ae-483e-b259-6428f2dfb240: receive RaftClientReply:client-D2340BF4DD29->f9fecd82-c7ae-483e-b259-6428f2dfb240@group-7DE138E597A5, cid=1228, SUCCESS, logIndex=1717, commits[f9fecd82-c7ae-483e-b259-6428f2dfb240:c1718, adbfec77-7a0d-4773-aa56-ba0b778d0ab5:c1714, 90c45227-141f-43fe-b831-a2b91b39d6b0:c1714]
2019-07-14 06:25:51,986 INFO  client.GrpcClientProtocolClient (GrpcClientProtocolClient.java:onNext(255)) - client-D2340BF4DD29->f9fecd82-c7ae-483e-b259-6428f2dfb240: receive RaftClientReply:client-D2340BF4DD29->f9fecd82-c7ae-483e-b259-6428f2dfb240@group-7DE138E597A5, cid=1229, SUCCESS, logIndex=1718, commits[f9fecd82-c7ae-483e-b259-6428f2dfb240:c1718, adbfec77-7a0d-4773-aa56-ba0b778d0ab5:c1714, 90c45227-141f-43fe-b831-a2b91b39d6b0:c1715]
2019-07-14 06:25:51,987 INFO  client.GrpcClientProtocolClient (GrpcClientProtocolClient.java:onNext(255)) - client-D2340BF4DD29->f9fecd82-c7ae-483e-b259-6428f2dfb240: receive RaftClientReply:client-D2340BF4DD29->f9fecd82-c7ae-483e-b259-6428f2dfb240@group-7DE138E597A5, cid=1230, SUCCESS, logIndex=0, commits[f9fecd82-c7ae-483e-b259-6428f2dfb240:c1722, adbfec77-7a0d-4773-aa56-ba0b778d0ab5:c1718, 90c45227-141f-43fe-b831-a2b91b39d6b0:c1716]
2019-07-14 06:25:52,007 INFO  client.GrpcClientProtocolClient (GrpcClientProtocolClient.java:onNext(255)) - client-D2340BF4DD29->f9fecd82-c7ae-483e-b259-6428f2dfb240: receive RaftClientReply:client-D2340BF4DD29->f9fecd82-c7ae-483e-b259-6428f2dfb240@group-7DE138E597A5, cid=1231, SUCCESS, logIndex=1723, commits[f9fecd82-c7ae-483e-b259-6428f2dfb240:c1724, adbfec77-7a0d-4773-aa56-ba0b778d0ab5:c1722, 90c45227-141f-43fe-b831-a2b91b39d6b0:c1722]
2019-07-14 06:25:52,008 INFO  client.GrpcClientProtocolClient (GrpcClientProtocolClient.java:onNext(255)) - client-D2340BF4DD29->f9fecd82-c7ae-483e-b259-6428f2dfb240: receive RaftClientReply:client-D2340BF4DD29->f9fecd82-c7ae-483e-b259-6428f2dfb240@group-7DE138E597A5, cid=1232, SUCCESS, logIndex=1724, commits[f9fecd82-c7ae-483e-b259-6428f2dfb240:c1724, adbfec77-7a0d-4773-aa56-ba0b778d0ab5:c1722, 90c45227-141f-43fe-b831-a2b91b39d6b0:c1722]
2019-07-14 06:25:52,023 INFO  client.GrpcClientProtocolClient (GrpcClientProtocolClient.java:onNext(255)) - client-D2340BF4DD29->f9fecd82-c7ae-483e-b259-6428f2dfb240: receive RaftClientReply:client-D2340BF4DD29->f9fecd82-c7ae-483e-b259-6428f2dfb240@group-7DE138E597A5, cid=1233, SUCCESS, logIndex=1727, commits[f9fecd82-c7ae-483e-b259-6428f2dfb240:c1728, adbfec77-7a0d-4773-aa56-ba0b778d0ab5:c1724, 90c45227-141f-43fe-b831-a2b91b39d6b0:c1724]
2019-07-14 06:25:52,023 INFO  client.GrpcClientProtocolClient (GrpcClientProtocolClient.java:onNext(255)) - client-D2340BF4DD29->f9fecd82-c7ae-483e-b259-6428f2dfb240: receive RaftClientReply:client-D2340BF4DD29->f9fecd82-c7ae-483e-b259-6428f2dfb240@group-7DE138E597A5, cid=1234, SUCCESS, logIndex=1728, commits[f9fecd82-c7ae-483e-b259-6428f2dfb240:c1728, adbfec77-7a0d-4773-aa56-ba0b778d0ab5:c1724, 90c45227-141f-43fe-b831-a2b91b39d6b0:c1724]
2019-07-14 06:25:52,048 INFO  client.GrpcClientProtocolClient (GrpcClientProtocolClient.java:onNext(255)) - client-D2340BF4DD29->f9fecd82-c7ae-483e-b259-6428f2dfb240: receive RaftClientReply:client-D2340BF4DD29->f9fecd82-c7ae-483e-b259-6428f2dfb240@group-7DE138E597A5, cid=1235, SUCCESS, logIndex=0, commits[f9fecd82-c7ae-483e-b259-6428f2dfb240:c1730, adbfec77-7a0d-4773-aa56-ba0b778d0ab5:c1728, 90c45227-141f-43fe-b831-a2b91b39d6b0:c1728]
2019-07-14 06:25:52,095 INFO  client.GrpcClientProtocolClient (GrpcClientProtocolClient.java:onNext(255)) - client-D2340BF4DD29->f9fecd82-c7ae-483e-b259-6428f2dfb240: receive RaftClientReply:client-D2340BF4DD29->f9fecd82-c7ae-483e-b259-6428f2dfb240@group-7DE138E597A5, cid=1236, SUCCESS, logIndex=1731, commits[f9fecd82-c7ae-483e-b259-6428f2dfb240:c1732, adbfec77-7a0d-4773-aa56-ba0b778d0ab5:c1730, 90c45227-141f-43fe-b831-a2b91b39d6b0:c1730]
2019-07-14 06:25:52,095 INFO  client.GrpcClientProtocolClient (GrpcClientProtocolClient.java:onNext(255)) - client-D2340BF4DD29->f9fecd82-c7ae-483e-b259-6428f2dfb240: receive RaftClientReply:client-D2340BF4DD29->f9fecd82-c7ae-483e-b259-6428f2dfb240@group-7DE138E597A5, cid=1237, SUCCESS, logIndex=1732, commits[f9fecd82-c7ae-483e-b259-6428f2dfb240:c1734, adbfec77-7a0d-4773-aa56-ba0b778d0ab5:c1730, 90c45227-141f-43fe-b831-a2b91b39d6b0:c1730]
2019-07-14 06:25:52,095 INFO  client.GrpcClientProtocolClient (GrpcClientProtocolClient.java:onNext(255)) - client-D2340BF4DD29->f9fecd82-c7ae-483e-b259-6428f2dfb240: receive RaftClientReply:client-D2340BF4DD29->f9fecd82-c7ae-483e-b259-6428f2dfb240@group-7DE138E597A5, cid=1238, SUCCESS, logIndex=1733, commits[f9fecd82-c7ae-483e-b259-6428f2dfb240:c1734, adbfec77-7a0d-4773-aa56-ba0b778d0ab5:c1730, 90c45227-141f-43fe-b831-a2b91b39d6b0:c1730]
2019-07-14 06:25:52,096 INFO  client.GrpcClientProtocolClient (GrpcClientProtocolClient.java:onNext(255)) - client-D2340BF4DD29->f9fecd82-c7ae-483e-b259-6428f2dfb240: receive RaftClientReply:client-D2340BF4DD29->f9fecd82-c7ae-483e-b259-6428f2dfb240@group-7DE138E597A5, cid=1239, SUCCESS, logIndex=1734, commits[f9fecd82-c7ae-483e-b259-6428f2dfb240:c1734, adbfec77-7a0d-4773-aa56-ba0b778d0ab5:c1730, 90c45227-141f-43fe-b831-a2b91b39d6b0:c1730]
2019-07-14 06:25:52,122 INFO  client.GrpcClientProtocolClient (GrpcClientProtocolClient.java:onNext(255)) - client-D2340BF4DD29->f9fecd82-c7ae-483e-b259-6428f2dfb240: receive RaftClientReply:client-D2340BF4DD29->f9fecd82-c7ae-483e-b259-6428f2dfb240@group-7DE138E597A5, cid=1240, SUCCESS, logIndex=0, commits[f9fecd82-c7ae-483e-b259-6428f2dfb240:c1736, adbfec77-7a0d-4773-aa56-ba0b778d0ab5:c1732, 90c45227-141f-43fe-b831-a2b91b39d6b0:c1732]
2019-07-14 06:25:52,143 INFO  client.GrpcClientProtocolClient (GrpcClientProtocolClient.java:onNext(255)) - client-D2340BF4DD29->f9fecd82-c7ae-483e-b259-6428f2dfb240: receive RaftClientReply:client-D2340BF4DD29->f9fecd82-c7ae-483e-b259-6428f2dfb240@group-7DE138E597A5, cid=1241, SUCCESS, logIndex=1739, commits[f9fecd82-c7ae-483e-b259-6428f2dfb240:c1740, adbfec77-7a0d-4773-aa56-ba0b778d0ab5:c1738, 90c45227-141f-43fe-b831-a2b91b39d6b0:c1738]
2019-07-14 06:25:52,144 INFO  client.GrpcClientProtocolClient (GrpcClientProtocolClient.java:onNext(255)) - client-D2340BF4DD29->f9fecd82-c7ae-483e-b259-6428f2dfb240: receive RaftClientReply:client-D2340BF4DD29->f9fecd82-c7ae-483e-b259-6428f2dfb240@group-7DE138E597A5, cid=1242, SUCCESS, logIndex=1740, commits[f9fecd82-c7ae-483e-b259-6428f2dfb240:c1740, adbfec77-7a0d-4773-aa56-ba0b778d0ab5:c1738, 90c45227-141f-43fe-b831-a2b91b39d6b0:c1738]
2019-07-14 06:25:52,167 INFO  client.GrpcClientProtocolClient (GrpcClientProtocolClient.java:onNext(255)) - client-D2340BF4DD29->f9fecd82-c7ae-483e-b259-6428f2dfb240: receive RaftClientReply:client-D2340BF4DD29->f9fecd82-c7ae-483e-b259-6428f2dfb240@group-7DE138E597A5, cid=1243, SUCCESS, logIndex=1743, commits[f9fecd82-c7ae-483e-b259-6428f2dfb240:c1744, adbfec77-7a0d-4773-aa56-ba0b778d0ab5:c1740, 90c45227-141f-43fe-b831-a2b91b39d6b0:c1739]
2019-07-14 06:25:52,167 INFO  client.GrpcClientProtocolClient (GrpcClientProtocolClient.java:onNext(255)) - client-D2340BF4DD29->f9fecd82-c7ae-483e-b259-6428f2dfb240: receive RaftClientReply:client-D2340BF4DD29->f9fecd82-c7ae-483e-b259-6428f2dfb240@group-7DE138E597A5, cid=1244, SUCCESS, logIndex=1744, commits[f9fecd82-c7ae-483e-b259-6428f2dfb240:c1744, adbfec77-7a0d-4773-aa56-ba0b778d0ab5:c1740, 90c45227-141f-43fe-b831-a2b91b39d6b0:c1740]
2019-07-14 06:25:52,181 INFO  client.GrpcClientProtocolClient (GrpcClientProtocolClient.java:onNext(255)) - client-D2340BF4DD29->f9fecd82-c7ae-483e-b259-6428f2dfb240: receive RaftClientReply:client-D2340BF4DD29->f9fecd82-c7ae-483e-b259-6428f2dfb240@group-7DE138E597A5, cid=1245, SUCCESS, logIndex=0, commits[f9fecd82-c7ae-483e-b259-6428f2dfb240:c1746, adbfec77-7a0d-4773-aa56-ba0b778d0ab5:c1744, 90c45227-141f-43fe-b831-a2b91b39d6b0:c1744]
2019-07-14 06:25:52,218 INFO  client.GrpcClientProtocolClient (GrpcClientProtocolClient.java:onNext(255)) - client-D2340BF4DD29->f9fecd82-c7ae-483e-b259-6428f2dfb240: receive RaftClientReply:client-D2340BF4DD29->f9fecd82-c7ae-483e-b259-6428f2dfb240@group-7DE138E597A5, cid=1246, SUCCESS, logIndex=1747, commits[f9fecd82-c7ae-483e-b259-6428f2dfb240:c1748, adbfec77-7a0d-4773-aa56-ba0b778d0ab5:c1746, 90c45227-141f-43fe-b831-a2b91b39d6b0:c1746]
2019-07-14 06:25:52,219 INFO  client.GrpcClientProtocolClient (GrpcClientProtocolClient.java:onNext(255)) - client-D2340BF4DD29->f9fecd82-c7ae-483e-b259-6428f2dfb240: receive RaftClientReply:client-D2340BF4DD29->f9fecd82-c7ae-483e-b259-6428f2dfb240@group-7DE138E597A5, cid=1247, SUCCESS, logIndex=1748, commits[f9fecd82-c7ae-483e-b259-6428f2dfb240:c1749, adbfec77-7a0d-4773-aa56-ba0b778d0ab5:c1746, 90c45227-141f-43fe-b831-a2b91b39d6b0:c1746]
2019-07-14 06:25:52,219 INFO  client.GrpcClientProtocolClient (GrpcClientProtocolClient.java:onNext(255)) - client-D2340BF4DD29->f9fecd82-c7ae-483e-b259-6428f2dfb240: receive RaftClientReply:client-D2340BF4DD29->f9fecd82-c7ae-483e-b259-6428f2dfb240@group-7DE138E597A5, cid=1248, SUCCESS, logIndex=1749, commits[f9fecd82-c7ae-483e-b259-6428f2dfb240:c1750, adbfec77-7a0d-4773-aa56-ba0b778d0ab5:c1746, 90c45227-141f-43fe-b831-a2b91b39d6b0:c1746]
2019-07-14 06:25:52,220 INFO  client.GrpcClientProtocolClient (GrpcClientProtocolClient.java:onNext(255)) - client-D2340BF4DD29->f9fecd82-c7ae-483e-b259-6428f2dfb240: receive RaftClientReply:client-D2340BF4DD29->f9fecd82-c7ae-483e-b259-6428f2dfb240@group-7DE138E597A5, cid=1249, SUCCESS, logIndex=1750, commits[f9fecd82-c7ae-483e-b259-6428f2dfb240:c1750, adbfec77-7a0d-4773-aa56-ba0b778d0ab5:c1746, 90c45227-141f-43fe-b831-a2b91b39d6b0:c1746]
2019-07-14 06:25:52,233 INFO  client.GrpcClientProtocolClient (GrpcClientProtocolClient.java:onNext(255)) - client-D2340BF4DD29->f9fecd82-c7ae-483e-b259-6428f2dfb240: receive RaftClientReply:client-D2340BF4DD29->f9fecd82-c7ae-483e-b259-6428f2dfb240@group-7DE138E597A5, cid=1250, SUCCESS, logIndex=0, commits[f9fecd82-c7ae-483e-b259-6428f2dfb240:c1754, adbfec77-7a0d-4773-aa56-ba0b778d0ab5:c1750, 90c45227-141f-43fe-b831-a2b91b39d6b0:c1748]
2019-07-14 06:25:52,253 INFO  client.GrpcClientProtocolClient (GrpcClientProtocolClient.java:onNext(255)) - client-D2340BF4DD29->f9fecd82-c7ae-483e-b259-6428f2dfb240: receive RaftClientReply:client-D2340BF4DD29->f9fecd82-c7ae-483e-b259-6428f2dfb240@group-7DE138E597A5, cid=1251, SUCCESS, logIndex=1755, commits[f9fecd82-c7ae-483e-b259-6428f2dfb240:c1756, adbfec77-7a0d-4773-aa56-ba0b778d0ab5:c1754, 90c45227-141f-43fe-b831-a2b91b39d6b0:c1754]
2019-07-14 06:25:52,254 INFO  client.GrpcClientProtocolClient (GrpcClientProtocolClient.java:onNext(255)) - client-D2340BF4DD29->f9fecd82-c7ae-483e-b259-6428f2dfb240: receive RaftClientReply:client-D2340BF4DD29->f9fecd82-c7ae-483e-b259-6428f2dfb240@group-7DE138E597A5, cid=1252, SUCCESS, logIndex=1756, commits[f9fecd82-c7ae-483e-b259-6428f2dfb240:c1756, adbfec77-7a0d-4773-aa56-ba0b778d0ab5:c1754, 90c45227-141f-43fe-b831-a2b91b39d6b0:c1754]
2019-07-14 06:25:52,281 INFO  client.GrpcClientProtocolClient (GrpcClientProtocolClient.java:onNext(255)) - client-D2340BF4DD29->f9fecd82-c7ae-483e-b259-6428f2dfb240: receive RaftClientReply:client-D2340BF4DD29->f9fecd82-c7ae-483e-b259-6428f2dfb240@group-7DE138E597A5, cid=1253, SUCCESS, logIndex=1759, commits[f9fecd82-c7ae-483e-b259-6428f2dfb240:c1760, adbfec77-7a0d-4773-aa56-ba0b778d0ab5:c1756, 90c45227-141f-43fe-b831-a2b91b39d6b0:c1756]
2019-07-14 06:25:52,281 INFO  client.GrpcClientProtocolClient (GrpcClientProtocolClient.java:onNext(255)) - client-D2340BF4DD29->f9fecd82-c7ae-483e-b259-6428f2dfb240: receive RaftClientReply:client-D2340BF4DD29->f9fecd82-c7ae-483e-b259-6428f2dfb240@group-7DE138E597A5, cid=1254, SUCCESS, logIndex=1760, commits[f9fecd82-c7ae-483e-b259-6428f2dfb240:c1760, adbfec77-7a0d-4773-aa56-ba0b778d0ab5:c1756, 90c45227-141f-43fe-b831-a2b91b39d6b0:c1756]
2019-07-14 06:25:52,298 INFO  client.GrpcClientProtocolClient (GrpcClientProtocolClient.java:onNext(255)) - client-D2340BF4DD29->f9fecd82-c7ae-483e-b259-6428f2dfb240: receive RaftClientReply:client-D2340BF4DD29->f9fecd82-c7ae-483e-b259-6428f2dfb240@group-7DE138E597A5, cid=1255, SUCCESS, logIndex=0, commits[f9fecd82-c7ae-483e-b259-6428f2dfb240:c1762, adbfec77-7a0d-4773-aa56-ba0b778d0ab5:c1760, 90c45227-141f-43fe-b831-a2b91b39d6b0:c1760]
2019-07-14 06:25:52,322 INFO  client.GrpcClientProtocolClient (GrpcClientProtocolClient.java:onNext(255)) - client-D2340BF4DD29->f9fecd82-c7ae-483e-b259-6428f2dfb240: receive RaftClientReply:client-D2340BF4DD29->f9fecd82-c7ae-483e-b259-6428f2dfb240@group-7DE138E597A5, cid=1256, SUCCESS, logIndex=1763, commits[f9fecd82-c7ae-483e-b259-6428f2dfb240:c1764, adbfec77-7a0d-4773-aa56-ba0b778d0ab5:c1762, 90c45227-141f-43fe-b831-a2b91b39d6b0:c1760]
2019-07-14 06:25:52,323 INFO  client.GrpcClientProtocolClient (GrpcClientProtocolClient.java:onNext(255)) - client-D2340BF4DD29->f9fecd82-c7ae-483e-b259-6428f2dfb240: receive RaftClientReply:client-D2340BF4DD29->f9fecd82-c7ae-483e-b259-6428f2dfb240@group-7DE138E597A5, cid=1257, SUCCESS, logIndex=1764, commits[f9fecd82-c7ae-483e-b259-6428f2dfb240:c1764, adbfec77-7a0d-4773-aa56-ba0b778d0ab5:c1762, 90c45227-141f-43fe-b831-a2b91b39d6b0:c1760]
2019-07-14 06:25:52,325 INFO  client.GrpcClientProtocolClient (GrpcClientProtocolClient.java:onNext(255)) - client-D2340BF4DD29->f9fecd82-c7ae-483e-b259-6428f2dfb240: receive RaftClientReply:client-D2340BF4DD29->f9fecd82-c7ae-483e-b259-6428f2dfb240@group-7DE138E597A5, cid=1258, SUCCESS, logIndex=1765, commits[f9fecd82-c7ae-483e-b259-6428f2dfb240:c1766, adbfec77-7a0d-4773-aa56-ba0b778d0ab5:c1762, 90c45227-141f-43fe-b831-a2b91b39d6b0:c1762]
2019-07-14 06:25:52,326 INFO  client.GrpcClientProtocolClient (GrpcClientProtocolClient.java:onNext(255)) - client-D2340BF4DD29->f9fecd82-c7ae-483e-b259-6428f2dfb240: receive RaftClientReply:client-D2340BF4DD29->f9fecd82-c7ae-483e-b259-6428f2dfb240@group-7DE138E597A5, cid=1259, SUCCESS, logIndex=1766, commits[f9fecd82-c7ae-483e-b259-6428f2dfb240:c1768, adbfec77-7a0d-4773-aa56-ba0b778d0ab5:c1764, 90c45227-141f-43fe-b831-a2b91b39d6b0:c1762]
2019-07-14 06:25:52,327 INFO  client.GrpcClientProtocolClient (GrpcClientProtocolClient.java:onNext(255)) - client-D2340BF4DD29->f9fecd82-c7ae-483e-b259-6428f2dfb240: receive RaftClientReply:client-D2340BF4DD29->f9fecd82-c7ae-483e-b259-6428f2dfb240@group-7DE138E597A5, cid=1260, SUCCESS, logIndex=0, commits[f9fecd82-c7ae-483e-b259-6428f2dfb240:c1769, adbfec77-7a0d-4773-aa56-ba0b778d0ab5:c1765, 90c45227-141f-43fe-b831-a2b91b39d6b0:c1764]
2019-07-14 06:25:52,339 INFO  client.GrpcClientProtocolClient (GrpcClientProtocolClient.java:onNext(255)) - client-D2340BF4DD29->f9fecd82-c7ae-483e-b259-6428f2dfb240: receive RaftClientReply:client-D2340BF4DD29->f9fecd82-c7ae-483e-b259-6428f2dfb240@group-7DE138E597A5, cid=1261, SUCCESS, logIndex=1771, commits[f9fecd82-c7ae-483e-b259-6428f2dfb240:c1772, adbfec77-7a0d-4773-aa56-ba0b778d0ab5:c1770, 90c45227-141f-43fe-b831-a2b91b39d6b0:c1766]
2019-07-14 06:25:52,339 INFO  client.GrpcClientProtocolClient (GrpcClientProtocolClient.java:onNext(255)) - client-D2340BF4DD29->f9fecd82-c7ae-483e-b259-6428f2dfb240: receive RaftClientReply:client-D2340BF4DD29->f9fecd82-c7ae-483e-b259-6428f2dfb240@group-7DE138E597A5, cid=1262, SUCCESS, logIndex=1772, commits[f9fecd82-c7ae-483e-b259-6428f2dfb240:c1772, adbfec77-7a0d-4773-aa56-ba0b778d0ab5:c1770, 90c45227-141f-43fe-b831-a2b91b39d6b0:c1770]
2019-07-14 06:25:52,349 INFO  client.GrpcClientProtocolClient (GrpcClientProtocolClient.java:onNext(255)) - client-D2340BF4DD29->f9fecd82-c7ae-483e-b259-6428f2dfb240: receive RaftClientReply:client-D2340BF4DD29->f9fecd82-c7ae-483e-b259-6428f2dfb240@group-7DE138E597A5, cid=1263, SUCCESS, logIndex=1775, commits[f9fecd82-c7ae-483e-b259-6428f2dfb240:c1776, adbfec77-7a0d-4773-aa56-ba0b778d0ab5:c1774, 90c45227-141f-43fe-b831-a2b91b39d6b0:c1772]
2019-07-14 06:25:52,349 INFO  client.GrpcClientProtocolClient (GrpcClientProtocolClient.java:onNext(255)) - client-D2340BF4DD29->f9fecd82-c7ae-483e-b259-6428f2dfb240: receive RaftClientReply:client-D2340BF4DD29->f9fecd82-c7ae-483e-b259-6428f2dfb240@group-7DE138E597A5, cid=1264, SUCCESS, logIndex=1776, commits[f9fecd82-c7ae-483e-b259-6428f2dfb240:c1776, adbfec77-7a0d-4773-aa56-ba0b778d0ab5:c1774, 90c45227-141f-43fe-b831-a2b91b39d6b0:c1772]
2019-07-14 06:25:52,351 INFO  client.GrpcClientProtocolClient (GrpcClientProtocolClient.java:onNext(255)) - client-D2340BF4DD29->f9fecd82-c7ae-483e-b259-6428f2dfb240: receive RaftClientReply:client-D2340BF4DD29->f9fecd82-c7ae-483e-b259-6428f2dfb240@group-7DE138E597A5, cid=1265, SUCCESS, logIndex=0, commits[f9fecd82-c7ae-483e-b259-6428f2dfb240:c1777, adbfec77-7a0d-4773-aa56-ba0b778d0ab5:c1776, 90c45227-141f-43fe-b831-a2b91b39d6b0:c1776]
2019-07-14 06:25:52,378 INFO  client.GrpcClientProtocolClient (GrpcClientProtocolClient.java:onNext(255)) - client-D2340BF4DD29->f9fecd82-c7ae-483e-b259-6428f2dfb240: receive RaftClientReply:client-D2340BF4DD29->f9fecd82-c7ae-483e-b259-6428f2dfb240@group-7DE138E597A5, cid=1266, SUCCESS, logIndex=1779, commits[f9fecd82-c7ae-483e-b259-6428f2dfb240:c1781, adbfec77-7a0d-4773-aa56-ba0b778d0ab5:c1778, 90c45227-141f-43fe-b831-a2b91b39d6b0:c1778]
2019-07-14 06:25:52,379 INFO  client.GrpcClientProtocolClient (GrpcClientProtocolClient.java:onNext(255)) - client-D2340BF4DD29->f9fecd82-c7ae-483e-b259-6428f2dfb240: receive RaftClientReply:client-D2340BF4DD29->f9fecd82-c7ae-483e-b259-6428f2dfb240@group-7DE138E597A5, cid=1267, SUCCESS, logIndex=1780, commits[f9fecd82-c7ae-483e-b259-6428f2dfb240:c1782, adbfec77-7a0d-4773-aa56-ba0b778d0ab5:c1778, 90c45227-141f-43fe-b831-a2b91b39d6b0:c1778]
2019-07-14 06:25:52,379 INFO  client.GrpcClientProtocolClient (GrpcClientProtocolClient.java:onNext(255)) - client-D2340BF4DD29->f9fecd82-c7ae-483e-b259-6428f2dfb240: receive RaftClientReply:client-D2340BF4DD29->f9fecd82-c7ae-483e-b259-6428f2dfb240@group-7DE138E597A5, cid=1268, SUCCESS, logIndex=1781, commits[f9fecd82-c7ae-483e-b259-6428f2dfb240:c1782, adbfec77-7a0d-4773-aa56-ba0b778d0ab5:c1778, 90c45227-141f-43fe-b831-a2b91b39d6b0:c1778]
2019-07-14 06:25:52,379 INFO  client.GrpcClientProtocolClient (GrpcClientProtocolClient.java:onNext(255)) - client-D2340BF4DD29->f9fecd82-c7ae-483e-b259-6428f2dfb240: receive RaftClientReply:client-D2340BF4DD29->f9fecd82-c7ae-483e-b259-6428f2dfb240@group-7DE138E597A5, cid=1269, SUCCESS, logIndex=1782, commits[f9fecd82-c7ae-483e-b259-6428f2dfb240:c1782, adbfec77-7a0d-4773-aa56-ba0b778d0ab5:c1778, 90c45227-141f-43fe-b831-a2b91b39d6b0:c1778]
2019-07-14 06:25:52,381 INFO  client.GrpcClientProtocolClient (GrpcClientProtocolClient.java:onNext(255)) - client-D2340BF4DD29->f9fecd82-c7ae-483e-b259-6428f2dfb240: receive RaftClientReply:client-D2340BF4DD29->f9fecd82-c7ae-483e-b259-6428f2dfb240@group-7DE138E597A5, cid=1270, SUCCESS, logIndex=0, commits[f9fecd82-c7ae-483e-b259-6428f2dfb240:c1784, adbfec77-7a0d-4773-aa56-ba0b778d0ab5:c1780, 90c45227-141f-43fe-b831-a2b91b39d6b0:c1780]
2019-07-14 06:25:52,506 INFO  client.GrpcClientProtocolClient (GrpcClientProtocolClient.java:onNext(255)) - client-D2340BF4DD29->f9fecd82-c7ae-483e-b259-6428f2dfb240: receive RaftClientReply:client-D2340BF4DD29->f9fecd82-c7ae-483e-b259-6428f2dfb240@group-7DE138E597A5, cid=1271, SUCCESS, logIndex=1787, commits[f9fecd82-c7ae-483e-b259-6428f2dfb240:c1788, adbfec77-7a0d-4773-aa56-ba0b778d0ab5:c1786, 90c45227-141f-43fe-b831-a2b91b39d6b0:c1786]
2019-07-14 06:25:52,506 INFO  client.GrpcClientProtocolClient (GrpcClientProtocolClient.java:onNext(255)) - client-D2340BF4DD29->f9fecd82-c7ae-483e-b259-6428f2dfb240: receive RaftClientReply:client-D2340BF4DD29->f9fecd82-c7ae-483e-b259-6428f2dfb240@group-7DE138E597A5, cid=1272, SUCCESS, logIndex=1788, commits[f9fecd82-c7ae-483e-b259-6428f2dfb240:c1788, adbfec77-7a0d-4773-aa56-ba0b778d0ab5:c1786, 90c45227-141f-43fe-b831-a2b91b39d6b0:c1786]
2019-07-14 06:25:52,530 INFO  client.GrpcClientProtocolClient (GrpcClientProtocolClient.java:onNext(255)) - client-D2340BF4DD29->f9fecd82-c7ae-483e-b259-6428f2dfb240: receive RaftClientReply:client-D2340BF4DD29->f9fecd82-c7ae-483e-b259-6428f2dfb240@group-7DE138E597A5, cid=1273, SUCCESS, logIndex=1791, commits[f9fecd82-c7ae-483e-b259-6428f2dfb240:c1792, adbfec77-7a0d-4773-aa56-ba0b778d0ab5:c1788, 90c45227-141f-43fe-b831-a2b91b39d6b0:c1787]
2019-07-14 06:25:52,530 INFO  client.GrpcClientProtocolClient (GrpcClientProtocolClient.java:onNext(255)) - client-D2340BF4DD29->f9fecd82-c7ae-483e-b259-6428f2dfb240: receive RaftClientReply:client-D2340BF4DD29->f9fecd82-c7ae-483e-b259-6428f2dfb240@group-7DE138E597A5, cid=1274, SUCCESS, logIndex=1792, commits[f9fecd82-c7ae-483e-b259-6428f2dfb240:c1792, adbfec77-7a0d-4773-aa56-ba0b778d0ab5:c1788, 90c45227-141f-43fe-b831-a2b91b39d6b0:c1788]
2019-07-14 06:25:52,543 INFO  client.GrpcClientProtocolClient (GrpcClientProtocolClient.java:onNext(255)) - client-D2340BF4DD29->f9fecd82-c7ae-483e-b259-6428f2dfb240: receive RaftClientReply:client-D2340BF4DD29->f9fecd82-c7ae-483e-b259-6428f2dfb240@group-7DE138E597A5, cid=1275, SUCCESS, logIndex=0, commits[f9fecd82-c7ae-483e-b259-6428f2dfb240:c1794, adbfec77-7a0d-4773-aa56-ba0b778d0ab5:c1792, 90c45227-141f-43fe-b831-a2b91b39d6b0:c1792]
2019-07-14 06:25:52,575 INFO  client.GrpcClientProtocolClient (GrpcClientProtocolClient.java:onNext(255)) - client-D2340BF4DD29->f9fecd82-c7ae-483e-b259-6428f2dfb240: receive RaftClientReply:client-D2340BF4DD29->f9fecd82-c7ae-483e-b259-6428f2dfb240@group-7DE138E597A5, cid=1276, SUCCESS, logIndex=1795, commits[f9fecd82-c7ae-483e-b259-6428f2dfb240:c1796, adbfec77-7a0d-4773-aa56-ba0b778d0ab5:c1794, 90c45227-141f-43fe-b831-a2b91b39d6b0:c1794]
2019-07-14 06:25:52,576 INFO  client.GrpcClientProtocolClient (GrpcClientProtocolClient.java:onNext(255)) - client-D2340BF4DD29->f9fecd82-c7ae-483e-b259-6428f2dfb240: receive RaftClientReply:client-D2340BF4DD29->f9fecd82-c7ae-483e-b259-6428f2dfb240@group-7DE138E597A5, cid=1277, SUCCESS, logIndex=1796, commits[f9fecd82-c7ae-483e-b259-6428f2dfb240:c1796, adbfec77-7a0d-4773-aa56-ba0b778d0ab5:c1794, 90c45227-141f-43fe-b831-a2b91b39d6b0:c1794]
2019-07-14 06:25:52,576 INFO  client.GrpcClientProtocolClient (GrpcClientProtocolClient.java:onNext(255)) - client-D2340BF4DD29->f9fecd82-c7ae-483e-b259-6428f2dfb240: receive RaftClientReply:client-D2340BF4DD29->f9fecd82-c7ae-483e-b259-6428f2dfb240@group-7DE138E597A5, cid=1278, SUCCESS, logIndex=1797, commits[f9fecd82-c7ae-483e-b259-6428f2dfb240:c1798, adbfec77-7a0d-4773-aa56-ba0b778d0ab5:c1794, 90c45227-141f-43fe-b831-a2b91b39d6b0:c1794]
2019-07-14 06:25:52,577 INFO  client.GrpcClientProtocolClient (GrpcClientProtocolClient.java:onNext(255)) - client-D2340BF4DD29->f9fecd82-c7ae-483e-b259-6428f2dfb240: receive RaftClientReply:client-D2340BF4DD29->f9fecd82-c7ae-483e-b259-6428f2dfb240@group-7DE138E597A5, cid=1279, SUCCESS, logIndex=1798, commits[f9fecd82-c7ae-483e-b259-6428f2dfb240:c1798, adbfec77-7a0d-4773-aa56-ba0b778d0ab5:c1794, 90c45227-141f-43fe-b831-a2b91b39d6b0:c1794]
2019-07-14 06:25:52,578 INFO  client.GrpcClientProtocolClient (GrpcClientProtocolClient.java:onNext(255)) - client-D2340BF4DD29->f9fecd82-c7ae-483e-b259-6428f2dfb240: receive RaftClientReply:client-D2340BF4DD29->f9fecd82-c7ae-483e-b259-6428f2dfb240@group-7DE138E597A5, cid=1280, SUCCESS, logIndex=0, commits[f9fecd82-c7ae-483e-b259-6428f2dfb240:c1800, adbfec77-7a0d-4773-aa56-ba0b778d0ab5:c1796, 90c45227-141f-43fe-b831-a2b91b39d6b0:c1796]
2019-07-14 06:25:52,600 INFO  client.GrpcClientProtocolClient (GrpcClientProtocolClient.java:onNext(255)) - client-D2340BF4DD29->f9fecd82-c7ae-483e-b259-6428f2dfb240: receive RaftClientReply:client-D2340BF4DD29->f9fecd82-c7ae-483e-b259-6428f2dfb240@group-7DE138E597A5, cid=1281, SUCCESS, logIndex=1803, commits[f9fecd82-c7ae-483e-b259-6428f2dfb240:c1803, adbfec77-7a0d-4773-aa56-ba0b778d0ab5:c1802, 90c45227-141f-43fe-b831-a2b91b39d6b0:c1802]
2019-07-14 06:25:52,600 INFO  client.GrpcClientProtocolClient (GrpcClientProtocolClient.java:onNext(255)) - client-D2340BF4DD29->f9fecd82-c7ae-483e-b259-6428f2dfb240: receive RaftClientReply:client-D2340BF4DD29->f9fecd82-c7ae-483e-b259-6428f2dfb240@group-7DE138E597A5, cid=1282, SUCCESS, logIndex=1804, commits[f9fecd82-c7ae-483e-b259-6428f2dfb240:c1804, adbfec77-7a0d-4773-aa56-ba0b778d0ab5:c1802, 90c45227-141f-43fe-b831-a2b91b39d6b0:c1802]
 0.00% |█                                                                                                    |  0/1 Time: 0:00:072019-07-14 06:25:52,620 INFO  client.GrpcClientProtocolClient (GrpcClientProtocolClient.java:onNext(255)) - client-D2340BF4DD29->f9fecd82-c7ae-483e-b259-6428f2dfb240: receive RaftClientReply:client-D2340BF4DD29->f9fecd82-c7ae-483e-b259-6428f2dfb240@group-7DE138E597A5, cid=1283, SUCCESS, logIndex=1807, commits[f9fecd82-c7ae-483e-b259-6428f2dfb240:c1808, adbfec77-7a0d-4773-aa56-ba0b778d0ab5:c1804, 90c45227-141f-43fe-b831-a2b91b39d6b0:c1803]
2019-07-14 06:25:52,621 INFO  client.GrpcClientProtocolClient (GrpcClientProtocolClient.java:onNext(255)) - client-D2340BF4DD29->f9fecd82-c7ae-483e-b259-6428f2dfb240: receive RaftClientReply:client-D2340BF4DD29->f9fecd82-c7ae-483e-b259-6428f2dfb240@group-7DE138E597A5, cid=1284, SUCCESS, logIndex=1808, commits[f9fecd82-c7ae-483e-b259-6428f2dfb240:c1808, adbfec77-7a0d-4773-aa56-ba0b778d0ab5:c1804, 90c45227-141f-43fe-b831-a2b91b39d6b0:c1804]
2019-07-14 06:25:52,623 INFO  client.GrpcClientProtocolClient (GrpcClientProtocolClient.java:onNext(255)) - client-D2340BF4DD29->f9fecd82-c7ae-483e-b259-6428f2dfb240: receive RaftClientReply:client-D2340BF4DD29->f9fecd82-c7ae-483e-b259-6428f2dfb240@group-7DE138E597A5, cid=1285, SUCCESS, logIndex=0, commits[f9fecd82-c7ae-483e-b259-6428f2dfb240:c1810, adbfec77-7a0d-4773-aa56-ba0b778d0ab5:c1808, 90c45227-141f-43fe-b831-a2b91b39d6b0:c1808]
2019-07-14 06:25:52,654 INFO  client.GrpcClientProtocolClient (GrpcClientProtocolClient.java:onNext(255)) - client-D2340BF4DD29->f9fecd82-c7ae-483e-b259-6428f2dfb240: receive RaftClientReply:client-D2340BF4DD29->f9fecd82-c7ae-483e-b259-6428f2dfb240@group-7DE138E597A5, cid=1286, SUCCESS, logIndex=1811, commits[f9fecd82-c7ae-483e-b259-6428f2dfb240:c1812, adbfec77-7a0d-4773-aa56-ba0b778d0ab5:c1810, 90c45227-141f-43fe-b831-a2b91b39d6b0:c1810]
2019-07-14 06:25:52,655 INFO  client.GrpcClientProtocolClient (GrpcClientProtocolClient.java:onNext(255)) - client-D2340BF4DD29->f9fecd82-c7ae-483e-b259-6428f2dfb240: receive RaftClientReply:client-D2340BF4DD29->f9fecd82-c7ae-483e-b259-6428f2dfb240@group-7DE138E597A5, cid=1287, SUCCESS, logIndex=1812, commits[f9fecd82-c7ae-483e-b259-6428f2dfb240:c1814, adbfec77-7a0d-4773-aa56-ba0b778d0ab5:c1810, 90c45227-141f-43fe-b831-a2b91b39d6b0:c1810]
2019-07-14 06:25:52,655 INFO  client.GrpcClientProtocolClient (GrpcClientProtocolClient.java:onNext(255)) - client-D2340BF4DD29->f9fecd82-c7ae-483e-b259-6428f2dfb240: receive RaftClientReply:client-D2340BF4DD29->f9fecd82-c7ae-483e-b259-6428f2dfb240@group-7DE138E597A5, cid=1288, SUCCESS, logIndex=1813, commits[f9fecd82-c7ae-483e-b259-6428f2dfb240:c1814, adbfec77-7a0d-4773-aa56-ba0b778d0ab5:c1810, 90c45227-141f-43fe-b831-a2b91b39d6b0:c1810]
2019-07-14 06:25:52,655 INFO  client.GrpcClientProtocolClient (GrpcClientProtocolClient.java:onNext(255)) - client-D2340BF4DD29->f9fecd82-c7ae-483e-b259-6428f2dfb240: receive RaftClientReply:client-D2340BF4DD29->f9fecd82-c7ae-483e-b259-6428f2dfb240@group-7DE138E597A5, cid=1289, SUCCESS, logIndex=1814, commits[f9fecd82-c7ae-483e-b259-6428f2dfb240:c1814, adbfec77-7a0d-4773-aa56-ba0b778d0ab5:c1810, 90c45227-141f-43fe-b831-a2b91b39d6b0:c1810]
2019-07-14 06:25:52,656 INFO  client.GrpcClientProtocolClient (GrpcClientProtocolClient.java:onNext(255)) - client-D2340BF4DD29->f9fecd82-c7ae-483e-b259-6428f2dfb240: receive RaftClientReply:client-D2340BF4DD29->f9fecd82-c7ae-483e-b259-6428f2dfb240@group-7DE138E597A5, cid=1290, SUCCESS, logIndex=0, commits[f9fecd82-c7ae-483e-b259-6428f2dfb240:c1816, adbfec77-7a0d-4773-aa56-ba0b778d0ab5:c1812, 90c45227-141f-43fe-b831-a2b91b39d6b0:c1812]
2019-07-14 06:25:52,679 INFO  client.GrpcClientProtocolClient (GrpcClientProtocolClient.java:onNext(255)) - client-D2340BF4DD29->f9fecd82-c7ae-483e-b259-6428f2dfb240: receive RaftClientReply:client-D2340BF4DD29->f9fecd82-c7ae-483e-b259-6428f2dfb240@group-7DE138E597A5, cid=1291, SUCCESS, logIndex=1819, commits[f9fecd82-c7ae-483e-b259-6428f2dfb240:c1820, adbfec77-7a0d-4773-aa56-ba0b778d0ab5:c1816, 90c45227-141f-43fe-b831-a2b91b39d6b0:c1816]
2019-07-14 06:25:52,679 INFO  client.GrpcClientProtocolClient (GrpcClientProtocolClient.java:onNext(255)) - client-D2340BF4DD29->f9fecd82-c7ae-483e-b259-6428f2dfb240: receive RaftClientReply:client-D2340BF4DD29->f9fecd82-c7ae-483e-b259-6428f2dfb240@group-7DE138E597A5, cid=1292, SUCCESS, logIndex=1820, commits[f9fecd82-c7ae-483e-b259-6428f2dfb240:c1820, adbfec77-7a0d-4773-aa56-ba0b778d0ab5:c1816, 90c45227-141f-43fe-b831-a2b91b39d6b0:c1816]
2019-07-14 06:25:52,699 INFO  client.GrpcClientProtocolClient (GrpcClientProtocolClient.java:onNext(255)) - client-D2340BF4DD29->f9fecd82-c7ae-483e-b259-6428f2dfb240: receive RaftClientReply:client-D2340BF4DD29->f9fecd82-c7ae-483e-b259-6428f2dfb240@group-7DE138E597A5, cid=1293, SUCCESS, logIndex=1822, commits[f9fecd82-c7ae-483e-b259-6428f2dfb240:c1823, adbfec77-7a0d-4773-aa56-ba0b778d0ab5:c1821, 90c45227-141f-43fe-b831-a2b91b39d6b0:c1821]
2019-07-14 06:25:52,700 INFO  client.GrpcClientProtocolClient (GrpcClientProtocolClient.java:onNext(255)) - client-D2340BF4DD29->f9fecd82-c7ae-483e-b259-6428f2dfb240: receive RaftClientReply:client-D2340BF4DD29->f9fecd82-c7ae-483e-b259-6428f2dfb240@group-7DE138E597A5, cid=1294, SUCCESS, logIndex=1823, commits[f9fecd82-c7ae-483e-b259-6428f2dfb240:c1823, adbfec77-7a0d-4773-aa56-ba0b778d0ab5:c1821, 90c45227-141f-43fe-b831-a2b91b39d6b0:c1821]
2019-07-14 06:25:52,712 INFO  client.GrpcClientProtocolClient (GrpcClientProtocolClient.java:onNext(255)) - client-D2340BF4DD29->f9fecd82-c7ae-483e-b259-6428f2dfb240: receive RaftClientReply:client-D2340BF4DD29->f9fecd82-c7ae-483e-b259-6428f2dfb240@group-7DE138E597A5, cid=1295, SUCCESS, logIndex=0, commits[f9fecd82-c7ae-483e-b259-6428f2dfb240:c1824, adbfec77-7a0d-4773-aa56-ba0b778d0ab5:c1823, 90c45227-141f-43fe-b831-a2b91b39d6b0:c1823]
2019-07-14 06:25:52,744 INFO  client.GrpcClientProtocolClient (GrpcClientProtocolClient.java:onNext(255)) - client-D2340BF4DD29->f9fecd82-c7ae-483e-b259-6428f2dfb240: receive RaftClientReply:client-D2340BF4DD29->f9fecd82-c7ae-483e-b259-6428f2dfb240@group-7DE138E597A5, cid=1296, SUCCESS, logIndex=1826, commits[f9fecd82-c7ae-483e-b259-6428f2dfb240:c1829, adbfec77-7a0d-4773-aa56-ba0b778d0ab5:c1825, 90c45227-141f-43fe-b831-a2b91b39d6b0:c1825]
2019-07-14 06:25:52,745 INFO  client.GrpcClientProtocolClient (GrpcClientProtocolClient.java:onNext(255)) - client-D2340BF4DD29->f9fecd82-c7ae-483e-b259-6428f2dfb240: receive RaftClientReply:client-D2340BF4DD29->f9fecd82-c7ae-483e-b259-6428f2dfb240@group-7DE138E597A5, cid=1297, SUCCESS, logIndex=1827, commits[f9fecd82-c7ae-483e-b259-6428f2dfb240:c1829, adbfec77-7a0d-4773-aa56-ba0b778d0ab5:c1825, 90c45227-141f-43fe-b831-a2b91b39d6b0:c1825]
2019-07-14 06:25:52,745 INFO  client.GrpcClientProtocolClient (GrpcClientProtocolClient.java:onNext(255)) - client-D2340BF4DD29->f9fecd82-c7ae-483e-b259-6428f2dfb240: receive RaftClientReply:client-D2340BF4DD29->f9fecd82-c7ae-483e-b259-6428f2dfb240@group-7DE138E597A5, cid=1298, SUCCESS, logIndex=1828, commits[f9fecd82-c7ae-483e-b259-6428f2dfb240:c1829, adbfec77-7a0d-4773-aa56-ba0b778d0ab5:c1825, 90c45227-141f-43fe-b831-a2b91b39d6b0:c1825]
2019-07-14 06:25:52,745 INFO  client.GrpcClientProtocolClient (GrpcClientProtocolClient.java:onNext(255)) - client-D2340BF4DD29->f9fecd82-c7ae-483e-b259-6428f2dfb240: receive RaftClientReply:client-D2340BF4DD29->f9fecd82-c7ae-483e-b259-6428f2dfb240@group-7DE138E597A5, cid=1299, SUCCESS, logIndex=1829, commits[f9fecd82-c7ae-483e-b259-6428f2dfb240:c1829, adbfec77-7a0d-4773-aa56-ba0b778d0ab5:c1825, 90c45227-141f-43fe-b831-a2b91b39d6b0:c1825]
2019-07-14 06:25:52,757 INFO  client.GrpcClientProtocolClient (GrpcClientProtocolClient.java:onNext(255)) - client-D2340BF4DD29->f9fecd82-c7ae-483e-b259-6428f2dfb240: receive RaftClientReply:client-D2340BF4DD29->f9fecd82-c7ae-483e-b259-6428f2dfb240@group-7DE138E597A5, cid=1300, SUCCESS, logIndex=0, commits[f9fecd82-c7ae-483e-b259-6428f2dfb240:c1831, adbfec77-7a0d-4773-aa56-ba0b778d0ab5:c1827, 90c45227-141f-43fe-b831-a2b91b39d6b0:c1827]
2019-07-14 06:25:52,776 INFO  client.GrpcClientProtocolClient (GrpcClientProtocolClient.java:onNext(255)) - client-D2340BF4DD29->f9fecd82-c7ae-483e-b259-6428f2dfb240: receive RaftClientReply:client-D2340BF4DD29->f9fecd82-c7ae-483e-b259-6428f2dfb240@group-7DE138E597A5, cid=1301, SUCCESS, logIndex=1834, commits[f9fecd82-c7ae-483e-b259-6428f2dfb240:c1835, adbfec77-7a0d-4773-aa56-ba0b778d0ab5:c1833, 90c45227-141f-43fe-b831-a2b91b39d6b0:c1833]
2019-07-14 06:25:52,777 INFO  client.GrpcClientProtocolClient (GrpcClientProtocolClient.java:onNext(255)) - client-D2340BF4DD29->f9fecd82-c7ae-483e-b259-6428f2dfb240: receive RaftClientReply:client-D2340BF4DD29->f9fecd82-c7ae-483e-b259-6428f2dfb240@group-7DE138E597A5, cid=1302, SUCCESS, logIndex=1835, commits[f9fecd82-c7ae-483e-b259-6428f2dfb240:c1835, adbfec77-7a0d-4773-aa56-ba0b778d0ab5:c1833, 90c45227-141f-43fe-b831-a2b91b39d6b0:c1833]
2019-07-14 06:25:52,790 INFO  client.GrpcClientProtocolClient (GrpcClientProtocolClient.java:onNext(255)) - client-D2340BF4DD29->f9fecd82-c7ae-483e-b259-6428f2dfb240: receive RaftClientReply:client-D2340BF4DD29->f9fecd82-c7ae-483e-b259-6428f2dfb240@group-7DE138E597A5, cid=1303, SUCCESS, logIndex=1838, commits[f9fecd82-c7ae-483e-b259-6428f2dfb240:c1839, adbfec77-7a0d-4773-aa56-ba0b778d0ab5:c1835, 90c45227-141f-43fe-b831-a2b91b39d6b0:c1835]
2019-07-14 06:25:52,790 INFO  client.GrpcClientProtocolClient (GrpcClientProtocolClient.java:onNext(255)) - client-D2340BF4DD29->f9fecd82-c7ae-483e-b259-6428f2dfb240: receive RaftClientReply:client-D2340BF4DD29->f9fecd82-c7ae-483e-b259-6428f2dfb240@group-7DE138E597A5, cid=1304, SUCCESS, logIndex=1839, commits[f9fecd82-c7ae-483e-b259-6428f2dfb240:c1839, adbfec77-7a0d-4773-aa56-ba0b778d0ab5:c1835, 90c45227-141f-43fe-b831-a2b91b39d6b0:c1835]
2019-07-14 06:25:52,803 INFO  client.GrpcClientProtocolClient (GrpcClientProtocolClient.java:onNext(255)) - client-D2340BF4DD29->f9fecd82-c7ae-483e-b259-6428f2dfb240: receive RaftClientReply:client-D2340BF4DD29->f9fecd82-c7ae-483e-b259-6428f2dfb240@group-7DE138E597A5, cid=1305, SUCCESS, logIndex=0, commits[f9fecd82-c7ae-483e-b259-6428f2dfb240:c1841, adbfec77-7a0d-4773-aa56-ba0b778d0ab5:c1839, 90c45227-141f-43fe-b831-a2b91b39d6b0:c1839]
2019-07-14 06:25:52,826 INFO  client.GrpcClientProtocolClient (GrpcClientProtocolClient.java:onNext(255)) - client-D2340BF4DD29->f9fecd82-c7ae-483e-b259-6428f2dfb240: receive RaftClientReply:client-D2340BF4DD29->f9fecd82-c7ae-483e-b259-6428f2dfb240@group-7DE138E597A5, cid=1306, SUCCESS, logIndex=1842, commits[f9fecd82-c7ae-483e-b259-6428f2dfb240:c1845, adbfec77-7a0d-4773-aa56-ba0b778d0ab5:c1839, 90c45227-141f-43fe-b831-a2b91b39d6b0:c1841]
2019-07-14 06:25:52,827 INFO  client.GrpcClientProtocolClient (GrpcClientProtocolClient.java:onNext(255)) - client-D2340BF4DD29->f9fecd82-c7ae-483e-b259-6428f2dfb240: receive RaftClientReply:client-D2340BF4DD29->f9fecd82-c7ae-483e-b259-6428f2dfb240@group-7DE138E597A5, cid=1307, SUCCESS, logIndex=1843, commits[f9fecd82-c7ae-483e-b259-6428f2dfb240:c1845, adbfec77-7a0d-4773-aa56-ba0b778d0ab5:c1841, 90c45227-141f-43fe-b831-a2b91b39d6b0:c1841]
2019-07-14 06:25:52,827 INFO  client.GrpcClientProtocolClient (GrpcClientProtocolClient.java:onNext(255)) - client-D2340BF4DD29->f9fecd82-c7ae-483e-b259-6428f2dfb240: receive RaftClientReply:client-D2340BF4DD29->f9fecd82-c7ae-483e-b259-6428f2dfb240@group-7DE138E597A5, cid=1308, SUCCESS, logIndex=1844, commits[f9fecd82-c7ae-483e-b259-6428f2dfb240:c1845, adbfec77-7a0d-4773-aa56-ba0b778d0ab5:c1841, 90c45227-141f-43fe-b831-a2b91b39d6b0:c1841]
2019-07-14 06:25:52,828 INFO  client.GrpcClientProtocolClient (GrpcClientProtocolClient.java:onNext(255)) - client-D2340BF4DD29->f9fecd82-c7ae-483e-b259-6428f2dfb240: receive RaftClientReply:client-D2340BF4DD29->f9fecd82-c7ae-483e-b259-6428f2dfb240@group-7DE138E597A5, cid=1309, SUCCESS, logIndex=1845, commits[f9fecd82-c7ae-483e-b259-6428f2dfb240:c1845, adbfec77-7a0d-4773-aa56-ba0b778d0ab5:c1841, 90c45227-141f-43fe-b831-a2b91b39d6b0:c1843]
2019-07-14 06:25:52,829 INFO  client.GrpcClientProtocolClient (GrpcClientProtocolClient.java:onNext(255)) - client-D2340BF4DD29->f9fecd82-c7ae-483e-b259-6428f2dfb240: receive RaftClientReply:client-D2340BF4DD29->f9fecd82-c7ae-483e-b259-6428f2dfb240@group-7DE138E597A5, cid=1310, SUCCESS, logIndex=0, commits[f9fecd82-c7ae-483e-b259-6428f2dfb240:c1848, adbfec77-7a0d-4773-aa56-ba0b778d0ab5:c1844, 90c45227-141f-43fe-b831-a2b91b39d6b0:c1844]
2019-07-14 06:25:52,841 INFO  client.GrpcClientProtocolClient (GrpcClientProtocolClient.java:onNext(255)) - client-D2340BF4DD29->f9fecd82-c7ae-483e-b259-6428f2dfb240: receive RaftClientReply:client-D2340BF4DD29->f9fecd82-c7ae-483e-b259-6428f2dfb240@group-7DE138E597A5, cid=1311, SUCCESS, logIndex=1850, commits[f9fecd82-c7ae-483e-b259-6428f2dfb240:c1851, adbfec77-7a0d-4773-aa56-ba0b778d0ab5:c1845, 90c45227-141f-43fe-b831-a2b91b39d6b0:c1849]
2019-07-14 06:25:52,841 INFO  client.GrpcClientProtocolClient (GrpcClientProtocolClient.java:onNext(255)) - client-D2340BF4DD29->f9fecd82-c7ae-483e-b259-6428f2dfb240: receive RaftClientReply:client-D2340BF4DD29->f9fecd82-c7ae-483e-b259-6428f2dfb240@group-7DE138E597A5, cid=1312, SUCCESS, logIndex=1851, commits[f9fecd82-c7ae-483e-b259-6428f2dfb240:c1851, adbfec77-7a0d-4773-aa56-ba0b778d0ab5:c1849, 90c45227-141f-43fe-b831-a2b91b39d6b0:c1849]
2019-07-14 06:25:52,852 INFO  client.GrpcClientProtocolClient (GrpcClientProtocolClient.java:onNext(255)) - client-D2340BF4DD29->f9fecd82-c7ae-483e-b259-6428f2dfb240: receive RaftClientReply:client-D2340BF4DD29->f9fecd82-c7ae-483e-b259-6428f2dfb240@group-7DE138E597A5, cid=1313, SUCCESS, logIndex=1854, commits[f9fecd82-c7ae-483e-b259-6428f2dfb240:c1855, adbfec77-7a0d-4773-aa56-ba0b778d0ab5:c1851, 90c45227-141f-43fe-b831-a2b91b39d6b0:c1853]
2019-07-14 06:25:52,853 INFO  client.GrpcClientProtocolClient (GrpcClientProtocolClient.java:onNext(255)) - client-D2340BF4DD29->f9fecd82-c7ae-483e-b259-6428f2dfb240: receive RaftClientReply:client-D2340BF4DD29->f9fecd82-c7ae-483e-b259-6428f2dfb240@group-7DE138E597A5, cid=1314, SUCCESS, logIndex=1855, commits[f9fecd82-c7ae-483e-b259-6428f2dfb240:c1855, adbfec77-7a0d-4773-aa56-ba0b778d0ab5:c1853, 90c45227-141f-43fe-b831-a2b91b39d6b0:c1853]
2019-07-14 06:25:52,854 INFO  client.GrpcClientProtocolClient (GrpcClientProtocolClient.java:onNext(255)) - client-D2340BF4DD29->f9fecd82-c7ae-483e-b259-6428f2dfb240: receive RaftClientReply:client-D2340BF4DD29->f9fecd82-c7ae-483e-b259-6428f2dfb240@group-7DE138E597A5, cid=1315, SUCCESS, logIndex=0, commits[f9fecd82-c7ae-483e-b259-6428f2dfb240:c1856, adbfec77-7a0d-4773-aa56-ba0b778d0ab5:c1855, 90c45227-141f-43fe-b831-a2b91b39d6b0:c1855]
2019-07-14 06:25:52,889 INFO  client.GrpcClientProtocolClient (GrpcClientProtocolClient.java:onNext(255)) - client-D2340BF4DD29->f9fecd82-c7ae-483e-b259-6428f2dfb240: receive RaftClientReply:client-D2340BF4DD29->f9fecd82-c7ae-483e-b259-6428f2dfb240@group-7DE138E597A5, cid=1316, SUCCESS, logIndex=1858, commits[f9fecd82-c7ae-483e-b259-6428f2dfb240:c1859, adbfec77-7a0d-4773-aa56-ba0b778d0ab5:c1857, 90c45227-141f-43fe-b831-a2b91b39d6b0:c1857]
2019-07-14 06:25:52,889 INFO  client.GrpcClientProtocolClient (GrpcClientProtocolClient.java:onNext(255)) - client-D2340BF4DD29->f9fecd82-c7ae-483e-b259-6428f2dfb240: receive RaftClientReply:client-D2340BF4DD29->f9fecd82-c7ae-483e-b259-6428f2dfb240@group-7DE138E597A5, cid=1317, SUCCESS, logIndex=1859, commits[f9fecd82-c7ae-483e-b259-6428f2dfb240:c1861, adbfec77-7a0d-4773-aa56-ba0b778d0ab5:c1857, 90c45227-141f-43fe-b831-a2b91b39d6b0:c1857]
2019-07-14 06:25:52,890 INFO  client.GrpcClientProtocolClient (GrpcClientProtocolClient.java:onNext(255)) - client-D2340BF4DD29->f9fecd82-c7ae-483e-b259-6428f2dfb240: receive RaftClientReply:client-D2340BF4DD29->f9fecd82-c7ae-483e-b259-6428f2dfb240@group-7DE138E597A5, cid=1318, SUCCESS, logIndex=1860, commits[f9fecd82-c7ae-483e-b259-6428f2dfb240:c1861, adbfec77-7a0d-4773-aa56-ba0b778d0ab5:c1857, 90c45227-141f-43fe-b831-a2b91b39d6b0:c1857]
2019-07-14 06:25:52,890 INFO  client.GrpcClientProtocolClient (GrpcClientProtocolClient.java:onNext(255)) - client-D2340BF4DD29->f9fecd82-c7ae-483e-b259-6428f2dfb240: receive RaftClientReply:client-D2340BF4DD29->f9fecd82-c7ae-483e-b259-6428f2dfb240@group-7DE138E597A5, cid=1319, SUCCESS, logIndex=1861, commits[f9fecd82-c7ae-483e-b259-6428f2dfb240:c1861, adbfec77-7a0d-4773-aa56-ba0b778d0ab5:c1857, 90c45227-141f-43fe-b831-a2b91b39d6b0:c1857]
2019-07-14 06:25:52,892 INFO  client.GrpcClientProtocolClient (GrpcClientProtocolClient.java:onNext(255)) - client-D2340BF4DD29->f9fecd82-c7ae-483e-b259-6428f2dfb240: receive RaftClientReply:client-D2340BF4DD29->f9fecd82-c7ae-483e-b259-6428f2dfb240@group-7DE138E597A5, cid=1320, SUCCESS, logIndex=0, commits[f9fecd82-c7ae-483e-b259-6428f2dfb240:c1863, adbfec77-7a0d-4773-aa56-ba0b778d0ab5:c1859, 90c45227-141f-43fe-b831-a2b91b39d6b0:c1859]
2019-07-14 06:25:52,912 INFO  client.GrpcClientProtocolClient (GrpcClientProtocolClient.java:onNext(255)) - client-D2340BF4DD29->f9fecd82-c7ae-483e-b259-6428f2dfb240: receive RaftClientReply:client-D2340BF4DD29->f9fecd82-c7ae-483e-b259-6428f2dfb240@group-7DE138E597A5, cid=1321, SUCCESS, logIndex=1866, commits[f9fecd82-c7ae-483e-b259-6428f2dfb240:c1867, adbfec77-7a0d-4773-aa56-ba0b778d0ab5:c1865, 90c45227-141f-43fe-b831-a2b91b39d6b0:c1865]
2019-07-14 06:25:52,912 INFO  client.GrpcClientProtocolClient (GrpcClientProtocolClient.java:onNext(255)) - client-D2340BF4DD29->f9fecd82-c7ae-483e-b259-6428f2dfb240: receive RaftClientReply:client-D2340BF4DD29->f9fecd82-c7ae-483e-b259-6428f2dfb240@group-7DE138E597A5, cid=1322, SUCCESS, logIndex=1867, commits[f9fecd82-c7ae-483e-b259-6428f2dfb240:c1867, adbfec77-7a0d-4773-aa56-ba0b778d0ab5:c1865, 90c45227-141f-43fe-b831-a2b91b39d6b0:c1865]
2019-07-14 06:25:52,925 INFO  client.GrpcClientProtocolClient (GrpcClientProtocolClient.java:onNext(255)) - client-D2340BF4DD29->f9fecd82-c7ae-483e-b259-6428f2dfb240: receive RaftClientReply:client-D2340BF4DD29->f9fecd82-c7ae-483e-b259-6428f2dfb240@group-7DE138E597A5, cid=1323, SUCCESS, logIndex=1870, commits[f9fecd82-c7ae-483e-b259-6428f2dfb240:c1870, adbfec77-7a0d-4773-aa56-ba0b778d0ab5:c1867, 90c45227-141f-43fe-b831-a2b91b39d6b0:c1867]
2019-07-14 06:25:52,925 INFO  client.GrpcClientProtocolClient (GrpcClientProtocolClient.java:onNext(255)) - client-D2340BF4DD29->f9fecd82-c7ae-483e-b259-6428f2dfb240: receive RaftClientReply:client-D2340BF4DD29->f9fecd82-c7ae-483e-b259-6428f2dfb240@group-7DE138E597A5, cid=1324, SUCCESS, logIndex=1871, commits[f9fecd82-c7ae-483e-b259-6428f2dfb240:c1871, adbfec77-7a0d-4773-aa56-ba0b778d0ab5:c1867, 90c45227-141f-43fe-b831-a2b91b39d6b0:c1867]
2019-07-14 06:25:52,938 INFO  client.GrpcClientProtocolClient (GrpcClientProtocolClient.java:onNext(255)) - client-D2340BF4DD29->f9fecd82-c7ae-483e-b259-6428f2dfb240: receive RaftClientReply:client-D2340BF4DD29->f9fecd82-c7ae-483e-b259-6428f2dfb240@group-7DE138E597A5, cid=1325, SUCCESS, logIndex=0, commits[f9fecd82-c7ae-483e-b259-6428f2dfb240:c1873, adbfec77-7a0d-4773-aa56-ba0b778d0ab5:c1871, 90c45227-141f-43fe-b831-a2b91b39d6b0:c1871]
2019-07-14 06:25:52,966 INFO  client.GrpcClientProtocolClient (GrpcClientProtocolClient.java:onNext(255)) - client-D2340BF4DD29->f9fecd82-c7ae-483e-b259-6428f2dfb240: receive RaftClientReply:client-D2340BF4DD29->f9fecd82-c7ae-483e-b259-6428f2dfb240@group-7DE138E597A5, cid=1326, SUCCESS, logIndex=1874, commits[f9fecd82-c7ae-483e-b259-6428f2dfb240:c1875, adbfec77-7a0d-4773-aa56-ba0b778d0ab5:c1873, 90c45227-141f-43fe-b831-a2b91b39d6b0:c1873]
2019-07-14 06:25:52,967 INFO  client.GrpcClientProtocolClient (GrpcClientProtocolClient.java:onNext(255)) - client-D2340BF4DD29->f9fecd82-c7ae-483e-b259-6428f2dfb240: receive RaftClientReply:client-D2340BF4DD29->f9fecd82-c7ae-483e-b259-6428f2dfb240@group-7DE138E597A5, cid=1327, SUCCESS, logIndex=1875, commits[f9fecd82-c7ae-483e-b259-6428f2dfb240:c1875, adbfec77-7a0d-4773-aa56-ba0b778d0ab5:c1873, 90c45227-141f-43fe-b831-a2b91b39d6b0:c1873]
2019-07-14 06:25:52,968 INFO  client.GrpcClientProtocolClient (GrpcClientProtocolClient.java:onNext(255)) - client-D2340BF4DD29->f9fecd82-c7ae-483e-b259-6428f2dfb240: receive RaftClientReply:client-D2340BF4DD29->f9fecd82-c7ae-483e-b259-6428f2dfb240@group-7DE138E597A5, cid=1328, SUCCESS, logIndex=1876, commits[f9fecd82-c7ae-483e-b259-6428f2dfb240:c1877, adbfec77-7a0d-4773-aa56-ba0b778d0ab5:c1873, 90c45227-141f-43fe-b831-a2b91b39d6b0:c1873]
2019-07-14 06:25:52,968 INFO  client.GrpcClientProtocolClient (GrpcClientProtocolClient.java:onNext(255)) - client-D2340BF4DD29->f9fecd82-c7ae-483e-b259-6428f2dfb240: receive RaftClientReply:client-D2340BF4DD29->f9fecd82-c7ae-483e-b259-6428f2dfb240@group-7DE138E597A5, cid=1329, SUCCESS, logIndex=1877, commits[f9fecd82-c7ae-483e-b259-6428f2dfb240:c1877, adbfec77-7a0d-4773-aa56-ba0b778d0ab5:c1873, 90c45227-141f-43fe-b831-a2b91b39d6b0:c1873]
2019-07-14 06:25:52,970 INFO  client.GrpcClientProtocolClient (GrpcClientProtocolClient.java:onNext(255)) - client-D2340BF4DD29->f9fecd82-c7ae-483e-b259-6428f2dfb240: receive RaftClientReply:client-D2340BF4DD29->f9fecd82-c7ae-483e-b259-6428f2dfb240@group-7DE138E597A5, cid=1330, SUCCESS, logIndex=0, commits[f9fecd82-c7ae-483e-b259-6428f2dfb240:c1881, adbfec77-7a0d-4773-aa56-ba0b778d0ab5:c1875, 90c45227-141f-43fe-b831-a2b91b39d6b0:c1877]
2019-07-14 06:25:52,989 INFO  client.GrpcClientProtocolClient (GrpcClientProtocolClient.java:onNext(255)) - client-D2340BF4DD29->f9fecd82-c7ae-483e-b259-6428f2dfb240: receive RaftClientReply:client-D2340BF4DD29->f9fecd82-c7ae-483e-b259-6428f2dfb240@group-7DE138E597A5, cid=1331, SUCCESS, logIndex=1882, commits[f9fecd82-c7ae-483e-b259-6428f2dfb240:c1883, adbfec77-7a0d-4773-aa56-ba0b778d0ab5:c1881, 90c45227-141f-43fe-b831-a2b91b39d6b0:c1881]
2019-07-14 06:25:52,990 INFO  client.GrpcClientProtocolClient (GrpcClientProtocolClient.java:onNext(255)) - client-D2340BF4DD29->f9fecd82-c7ae-483e-b259-6428f2dfb240: receive RaftClientReply:client-D2340BF4DD29->f9fecd82-c7ae-483e-b259-6428f2dfb240@group-7DE138E597A5, cid=1332, SUCCESS, logIndex=1883, commits[f9fecd82-c7ae-483e-b259-6428f2dfb240:c1883, adbfec77-7a0d-4773-aa56-ba0b778d0ab5:c1881, 90c45227-141f-43fe-b831-a2b91b39d6b0:c1881]
2019-07-14 06:25:53,003 INFO  client.GrpcClientProtocolClient (GrpcClientProtocolClient.java:onNext(255)) - client-D2340BF4DD29->f9fecd82-c7ae-483e-b259-6428f2dfb240: receive RaftClientReply:client-D2340BF4DD29->f9fecd82-c7ae-483e-b259-6428f2dfb240@group-7DE138E597A5, cid=1333, SUCCESS, logIndex=1886, commits[f9fecd82-c7ae-483e-b259-6428f2dfb240:c1887, adbfec77-7a0d-4773-aa56-ba0b778d0ab5:c1883, 90c45227-141f-43fe-b831-a2b91b39d6b0:c1883]
2019-07-14 06:25:53,003 INFO  client.GrpcClientProtocolClient (GrpcClientProtocolClient.java:onNext(255)) - client-D2340BF4DD29->f9fecd82-c7ae-483e-b259-6428f2dfb240: receive RaftClientReply:client-D2340BF4DD29->f9fecd82-c7ae-483e-b259-6428f2dfb240@group-7DE138E597A5, cid=1334, SUCCESS, logIndex=1887, commits[f9fecd82-c7ae-483e-b259-6428f2dfb240:c1887, adbfec77-7a0d-4773-aa56-ba0b778d0ab5:c1883, 90c45227-141f-43fe-b831-a2b91b39d6b0:c1883]
2019-07-14 06:25:53,014 INFO  client.GrpcClientProtocolClient (GrpcClientProtocolClient.java:onNext(255)) - client-D2340BF4DD29->f9fecd82-c7ae-483e-b259-6428f2dfb240: receive RaftClientReply:client-D2340BF4DD29->f9fecd82-c7ae-483e-b259-6428f2dfb240@group-7DE138E597A5, cid=1335, SUCCESS, logIndex=0, commits[f9fecd82-c7ae-483e-b259-6428f2dfb240:c1888, adbfec77-7a0d-4773-aa56-ba0b778d0ab5:c1887, 90c45227-141f-43fe-b831-a2b91b39d6b0:c1887]
2019-07-14 06:25:53,136 INFO  client.GrpcClientProtocolClient (GrpcClientProtocolClient.java:onNext(255)) - client-D2340BF4DD29->f9fecd82-c7ae-483e-b259-6428f2dfb240: receive RaftClientReply:client-D2340BF4DD29->f9fecd82-c7ae-483e-b259-6428f2dfb240@group-7DE138E597A5, cid=1336, SUCCESS, logIndex=1890, commits[f9fecd82-c7ae-483e-b259-6428f2dfb240:c1892, adbfec77-7a0d-4773-aa56-ba0b778d0ab5:c1889, 90c45227-141f-43fe-b831-a2b91b39d6b0:c1889]
2019-07-14 06:25:53,136 INFO  client.GrpcClientProtocolClient (GrpcClientProtocolClient.java:onNext(255)) - client-D2340BF4DD29->f9fecd82-c7ae-483e-b259-6428f2dfb240: receive RaftClientReply:client-D2340BF4DD29->f9fecd82-c7ae-483e-b259-6428f2dfb240@group-7DE138E597A5, cid=1337, SUCCESS, logIndex=1891, commits[f9fecd82-c7ae-483e-b259-6428f2dfb240:c1893, adbfec77-7a0d-4773-aa56-ba0b778d0ab5:c1889, 90c45227-141f-43fe-b831-a2b91b39d6b0:c1889]
2019-07-14 06:25:53,137 INFO  client.GrpcClientProtocolClient (GrpcClientProtocolClient.java:onNext(255)) - client-D2340BF4DD29->f9fecd82-c7ae-483e-b259-6428f2dfb240: receive RaftClientReply:client-D2340BF4DD29->f9fecd82-c7ae-483e-b259-6428f2dfb240@group-7DE138E597A5, cid=1338, SUCCESS, logIndex=1892, commits[f9fecd82-c7ae-483e-b259-6428f2dfb240:c1893, adbfec77-7a0d-4773-aa56-ba0b778d0ab5:c1889, 90c45227-141f-43fe-b831-a2b91b39d6b0:c1889]
2019-07-14 06:25:53,137 INFO  client.GrpcClientProtocolClient (GrpcClientProtocolClient.java:onNext(255)) - client-D2340BF4DD29->f9fecd82-c7ae-483e-b259-6428f2dfb240: receive RaftClientReply:client-D2340BF4DD29->f9fecd82-c7ae-483e-b259-6428f2dfb240@group-7DE138E597A5, cid=1339, SUCCESS, logIndex=1893, commits[f9fecd82-c7ae-483e-b259-6428f2dfb240:c1893, adbfec77-7a0d-4773-aa56-ba0b778d0ab5:c1889, 90c45227-141f-43fe-b831-a2b91b39d6b0:c1889]
2019-07-14 06:25:53,156 INFO  client.GrpcClientProtocolClient (GrpcClientProtocolClient.java:onNext(255)) - client-D2340BF4DD29->f9fecd82-c7ae-483e-b259-6428f2dfb240: receive RaftClientReply:client-D2340BF4DD29->f9fecd82-c7ae-483e-b259-6428f2dfb240@group-7DE138E597A5, cid=1340, SUCCESS, logIndex=0, commits[f9fecd82-c7ae-483e-b259-6428f2dfb240:c1897, adbfec77-7a0d-4773-aa56-ba0b778d0ab5:c1893, 90c45227-141f-43fe-b831-a2b91b39d6b0:c1892]
2019-07-14 06:25:53,179 INFO  client.GrpcClientProtocolClient (GrpcClientProtocolClient.java:onNext(255)) - client-D2340BF4DD29->f9fecd82-c7ae-483e-b259-6428f2dfb240: receive RaftClientReply:client-D2340BF4DD29->f9fecd82-c7ae-483e-b259-6428f2dfb240@group-7DE138E597A5, cid=1341, SUCCESS, logIndex=1898, commits[f9fecd82-c7ae-483e-b259-6428f2dfb240:c1899, adbfec77-7a0d-4773-aa56-ba0b778d0ab5:c1897, 90c45227-141f-43fe-b831-a2b91b39d6b0:c1897]
2019-07-14 06:25:53,179 INFO  client.GrpcClientProtocolClient (GrpcClientProtocolClient.java:onNext(255)) - client-D2340BF4DD29->f9fecd82-c7ae-483e-b259-6428f2dfb240: receive RaftClientReply:client-D2340BF4DD29->f9fecd82-c7ae-483e-b259-6428f2dfb240@group-7DE138E597A5, cid=1342, SUCCESS, logIndex=1899, commits[f9fecd82-c7ae-483e-b259-6428f2dfb240:c1899, adbfec77-7a0d-4773-aa56-ba0b778d0ab5:c1897, 90c45227-141f-43fe-b831-a2b91b39d6b0:c1897]
2019-07-14 06:25:53,204 INFO  client.GrpcClientProtocolClient (GrpcClientProtocolClient.java:onNext(255)) - client-D2340BF4DD29->f9fecd82-c7ae-483e-b259-6428f2dfb240: receive RaftClientReply:client-D2340BF4DD29->f9fecd82-c7ae-483e-b259-6428f2dfb240@group-7DE138E597A5, cid=1343, SUCCESS, logIndex=1902, commits[f9fecd82-c7ae-483e-b259-6428f2dfb240:c1903, adbfec77-7a0d-4773-aa56-ba0b778d0ab5:c1899, 90c45227-141f-43fe-b831-a2b91b39d6b0:c1899]
2019-07-14 06:25:53,204 INFO  client.GrpcClientProtocolClient (GrpcClientProtocolClient.java:onNext(255)) - client-D2340BF4DD29->f9fecd82-c7ae-483e-b259-6428f2dfb240: receive RaftClientReply:client-D2340BF4DD29->f9fecd82-c7ae-483e-b259-6428f2dfb240@group-7DE138E597A5, cid=1344, SUCCESS, logIndex=1903, commits[f9fecd82-c7ae-483e-b259-6428f2dfb240:c1903, adbfec77-7a0d-4773-aa56-ba0b778d0ab5:c1899, 90c45227-141f-43fe-b831-a2b91b39d6b0:c1899]
2019-07-14 06:25:53,206 INFO  client.GrpcClientProtocolClient (GrpcClientProtocolClient.java:onNext(255)) - client-D2340BF4DD29->f9fecd82-c7ae-483e-b259-6428f2dfb240: receive RaftClientReply:client-D2340BF4DD29->f9fecd82-c7ae-483e-b259-6428f2dfb240@group-7DE138E597A5, cid=1345, SUCCESS, logIndex=0, commits[f9fecd82-c7ae-483e-b259-6428f2dfb240:c1904, adbfec77-7a0d-4773-aa56-ba0b778d0ab5:c1903, 90c45227-141f-43fe-b831-a2b91b39d6b0:c1903]
2019-07-14 06:25:53,241 INFO  client.GrpcClientProtocolClient (GrpcClientProtocolClient.java:onNext(255)) - client-D2340BF4DD29->f9fecd82-c7ae-483e-b259-6428f2dfb240: receive RaftClientReply:client-D2340BF4DD29->f9fecd82-c7ae-483e-b259-6428f2dfb240@group-7DE138E597A5, cid=1346, SUCCESS, logIndex=1906, commits[f9fecd82-c7ae-483e-b259-6428f2dfb240:c1908, adbfec77-7a0d-4773-aa56-ba0b778d0ab5:c1905, 90c45227-141f-43fe-b831-a2b91b39d6b0:c1905]
2019-07-14 06:25:53,241 INFO  client.GrpcClientProtocolClient (GrpcClientProtocolClient.java:onNext(255)) - client-D2340BF4DD29->f9fecd82-c7ae-483e-b259-6428f2dfb240: receive RaftClientReply:client-D2340BF4DD29->f9fecd82-c7ae-483e-b259-6428f2dfb240@group-7DE138E597A5, cid=1347, SUCCESS, logIndex=1907, commits[f9fecd82-c7ae-483e-b259-6428f2dfb240:c1909, adbfec77-7a0d-4773-aa56-ba0b778d0ab5:c1905, 90c45227-141f-43fe-b831-a2b91b39d6b0:c1905]
2019-07-14 06:25:53,242 INFO  client.GrpcClientProtocolClient (GrpcClientProtocolClient.java:onNext(255)) - client-D2340BF4DD29->f9fecd82-c7ae-483e-b259-6428f2dfb240: receive RaftClientReply:client-D2340BF4DD29->f9fecd82-c7ae-483e-b259-6428f2dfb240@group-7DE138E597A5, cid=1348, SUCCESS, logIndex=1908, commits[f9fecd82-c7ae-483e-b259-6428f2dfb240:c1909, adbfec77-7a0d-4773-aa56-ba0b778d0ab5:c1905, 90c45227-141f-43fe-b831-a2b91b39d6b0:c1905]
2019-07-14 06:25:53,243 INFO  client.GrpcClientProtocolClient (GrpcClientProtocolClient.java:onNext(255)) - client-D2340BF4DD29->f9fecd82-c7ae-483e-b259-6428f2dfb240: receive RaftClientReply:client-D2340BF4DD29->f9fecd82-c7ae-483e-b259-6428f2dfb240@group-7DE138E597A5, cid=1349, SUCCESS, logIndex=1909, commits[f9fecd82-c7ae-483e-b259-6428f2dfb240:c1909, adbfec77-7a0d-4773-aa56-ba0b778d0ab5:c1905, 90c45227-141f-43fe-b831-a2b91b39d6b0:c1905]
2019-07-14 06:25:53,255 INFO  client.GrpcClientProtocolClient (GrpcClientProtocolClient.java:onNext(255)) - client-D2340BF4DD29->f9fecd82-c7ae-483e-b259-6428f2dfb240: receive RaftClientReply:client-D2340BF4DD29->f9fecd82-c7ae-483e-b259-6428f2dfb240@group-7DE138E597A5, cid=1350, SUCCESS, logIndex=0, commits[f9fecd82-c7ae-483e-b259-6428f2dfb240:c1911, adbfec77-7a0d-4773-aa56-ba0b778d0ab5:c1907, 90c45227-141f-43fe-b831-a2b91b39d6b0:c1907]
2019-07-14 06:25:53,275 INFO  client.GrpcClientProtocolClient (GrpcClientProtocolClient.java:onNext(255)) - client-D2340BF4DD29->f9fecd82-c7ae-483e-b259-6428f2dfb240: receive RaftClientReply:client-D2340BF4DD29->f9fecd82-c7ae-483e-b259-6428f2dfb240@group-7DE138E597A5, cid=1351, SUCCESS, logIndex=1914, commits[f9fecd82-c7ae-483e-b259-6428f2dfb240:c1915, adbfec77-7a0d-4773-aa56-ba0b778d0ab5:c1913, 90c45227-141f-43fe-b831-a2b91b39d6b0:c1913]
2019-07-14 06:25:53,276 INFO  client.GrpcClientProtocolClient (GrpcClientProtocolClient.java:onNext(255)) - client-D2340BF4DD29->f9fecd82-c7ae-483e-b259-6428f2dfb240: receive RaftClientReply:client-D2340BF4DD29->f9fecd82-c7ae-483e-b259-6428f2dfb240@group-7DE138E597A5, cid=1352, SUCCESS, logIndex=1915, commits[f9fecd82-c7ae-483e-b259-6428f2dfb240:c1915, adbfec77-7a0d-4773-aa56-ba0b778d0ab5:c1913, 90c45227-141f-43fe-b831-a2b91b39d6b0:c1913]
2019-07-14 06:25:53,289 INFO  client.GrpcClientProtocolClient (GrpcClientProtocolClient.java:onNext(255)) - client-D2340BF4DD29->f9fecd82-c7ae-483e-b259-6428f2dfb240: receive RaftClientReply:client-D2340BF4DD29->f9fecd82-c7ae-483e-b259-6428f2dfb240@group-7DE138E597A5, cid=1353, SUCCESS, logIndex=1918, commits[f9fecd82-c7ae-483e-b259-6428f2dfb240:c1919, adbfec77-7a0d-4773-aa56-ba0b778d0ab5:c1915, 90c45227-141f-43fe-b831-a2b91b39d6b0:c1915]
2019-07-14 06:25:53,290 INFO  client.GrpcClientProtocolClient (GrpcClientProtocolClient.java:onNext(255)) - client-D2340BF4DD29->f9fecd82-c7ae-483e-b259-6428f2dfb240: receive RaftClientReply:client-D2340BF4DD29->f9fecd82-c7ae-483e-b259-6428f2dfb240@group-7DE138E597A5, cid=1354, SUCCESS, logIndex=1919, commits[f9fecd82-c7ae-483e-b259-6428f2dfb240:c1919, adbfec77-7a0d-4773-aa56-ba0b778d0ab5:c1915, 90c45227-141f-43fe-b831-a2b91b39d6b0:c1915]
2019-07-14 06:25:53,301 INFO  client.GrpcClientProtocolClient (GrpcClientProtocolClient.java:onNext(255)) - client-D2340BF4DD29->f9fecd82-c7ae-483e-b259-6428f2dfb240: receive RaftClientReply:client-D2340BF4DD29->f9fecd82-c7ae-483e-b259-6428f2dfb240@group-7DE138E597A5, cid=1355, SUCCESS, logIndex=0, commits[f9fecd82-c7ae-483e-b259-6428f2dfb240:c1920, adbfec77-7a0d-4773-aa56-ba0b778d0ab5:c1919, 90c45227-141f-43fe-b831-a2b91b39d6b0:c1919]
2019-07-14 06:25:53,329 INFO  client.GrpcClientProtocolClient (GrpcClientProtocolClient.java:onNext(255)) - client-D2340BF4DD29->f9fecd82-c7ae-483e-b259-6428f2dfb240: receive RaftClientReply:client-D2340BF4DD29->f9fecd82-c7ae-483e-b259-6428f2dfb240@group-7DE138E597A5, cid=1356, SUCCESS, logIndex=1922, commits[f9fecd82-c7ae-483e-b259-6428f2dfb240:c1923, adbfec77-7a0d-4773-aa56-ba0b778d0ab5:c1921, 90c45227-141f-43fe-b831-a2b91b39d6b0:c1921]
2019-07-14 06:25:53,330 INFO  client.GrpcClientProtocolClient (GrpcClientProtocolClient.java:onNext(255)) - client-D2340BF4DD29->f9fecd82-c7ae-483e-b259-6428f2dfb240: receive RaftClientReply:client-D2340BF4DD29->f9fecd82-c7ae-483e-b259-6428f2dfb240@group-7DE138E597A5, cid=1357, SUCCESS, logIndex=1923, commits[f9fecd82-c7ae-483e-b259-6428f2dfb240:c1923, adbfec77-7a0d-4773-aa56-ba0b778d0ab5:c1921, 90c45227-141f-43fe-b831-a2b91b39d6b0:c1921]
2019-07-14 06:25:53,330 INFO  client.GrpcClientProtocolClient (GrpcClientProtocolClient.java:onNext(255)) - client-D2340BF4DD29->f9fecd82-c7ae-483e-b259-6428f2dfb240: receive RaftClientReply:client-D2340BF4DD29->f9fecd82-c7ae-483e-b259-6428f2dfb240@group-7DE138E597A5, cid=1358, SUCCESS, logIndex=1924, commits[f9fecd82-c7ae-483e-b259-6428f2dfb240:c1925, adbfec77-7a0d-4773-aa56-ba0b778d0ab5:c1921, 90c45227-141f-43fe-b831-a2b91b39d6b0:c1921]
2019-07-14 06:25:53,331 INFO  client.GrpcClientProtocolClient (GrpcClientProtocolClient.java:onNext(255)) - client-D2340BF4DD29->f9fecd82-c7ae-483e-b259-6428f2dfb240: receive RaftClientReply:client-D2340BF4DD29->f9fecd82-c7ae-483e-b259-6428f2dfb240@group-7DE138E597A5, cid=1359, SUCCESS, logIndex=1925, commits[f9fecd82-c7ae-483e-b259-6428f2dfb240:c1925, adbfec77-7a0d-4773-aa56-ba0b778d0ab5:c1921, 90c45227-141f-43fe-b831-a2b91b39d6b0:c1921]
2019-07-14 06:25:53,332 INFO  client.GrpcClientProtocolClient (GrpcClientProtocolClient.java:onNext(255)) - client-D2340BF4DD29->f9fecd82-c7ae-483e-b259-6428f2dfb240: receive RaftClientReply:client-D2340BF4DD29->f9fecd82-c7ae-483e-b259-6428f2dfb240@group-7DE138E597A5, cid=1360, SUCCESS, logIndex=0, commits[f9fecd82-c7ae-483e-b259-6428f2dfb240:c1927, adbfec77-7a0d-4773-aa56-ba0b778d0ab5:c1923, 90c45227-141f-43fe-b831-a2b91b39d6b0:c1923]
2019-07-14 06:25:53,351 INFO  client.GrpcClientProtocolClient (GrpcClientProtocolClient.java:onNext(255)) - client-D2340BF4DD29->f9fecd82-c7ae-483e-b259-6428f2dfb240: receive RaftClientReply:client-D2340BF4DD29->f9fecd82-c7ae-483e-b259-6428f2dfb240@group-7DE138E597A5, cid=1361, SUCCESS, logIndex=1930, commits[f9fecd82-c7ae-483e-b259-6428f2dfb240:c1931, adbfec77-7a0d-4773-aa56-ba0b778d0ab5:c1929, 90c45227-141f-43fe-b831-a2b91b39d6b0:c1929]
2019-07-14 06:25:53,352 INFO  client.GrpcClientProtocolClient (GrpcClientProtocolClient.java:onNext(255)) - client-D2340BF4DD29->f9fecd82-c7ae-483e-b259-6428f2dfb240: receive RaftClientReply:client-D2340BF4DD29->f9fecd82-c7ae-483e-b259-6428f2dfb240@group-7DE138E597A5, cid=1362, SUCCESS, logIndex=1931, commits[f9fecd82-c7ae-483e-b259-6428f2dfb240:c1931, adbfec77-7a0d-4773-aa56-ba0b778d0ab5:c1929, 90c45227-141f-43fe-b831-a2b91b39d6b0:c1929]
2019-07-14 06:25:53,370 INFO  client.GrpcClientProtocolClient (GrpcClientProtocolClient.java:onNext(255)) - client-D2340BF4DD29->f9fecd82-c7ae-483e-b259-6428f2dfb240: receive RaftClientReply:client-D2340BF4DD29->f9fecd82-c7ae-483e-b259-6428f2dfb240@group-7DE138E597A5, cid=1363, SUCCESS, logIndex=1934, commits[f9fecd82-c7ae-483e-b259-6428f2dfb240:c1935, adbfec77-7a0d-4773-aa56-ba0b778d0ab5:c1933, 90c45227-141f-43fe-b831-a2b91b39d6b0:c1933]
2019-07-14 06:25:53,371 INFO  client.GrpcClientProtocolClient (GrpcClientProtocolClient.java:onNext(255)) - client-D2340BF4DD29->f9fecd82-c7ae-483e-b259-6428f2dfb240: receive RaftClientReply:client-D2340BF4DD29->f9fecd82-c7ae-483e-b259-6428f2dfb240@group-7DE138E597A5, cid=1364, SUCCESS, logIndex=1935, commits[f9fecd82-c7ae-483e-b259-6428f2dfb240:c1935, adbfec77-7a0d-4773-aa56-ba0b778d0ab5:c1933, 90c45227-141f-43fe-b831-a2b91b39d6b0:c1933]
2019-07-14 06:25:53,374 INFO  client.GrpcClientProtocolClient (GrpcClientProtocolClient.java:onNext(255)) - client-D2340BF4DD29->f9fecd82-c7ae-483e-b259-6428f2dfb240: receive RaftClientReply:client-D2340BF4DD29->f9fecd82-c7ae-483e-b259-6428f2dfb240@group-7DE138E597A5, cid=1365, SUCCESS, logIndex=0, commits[f9fecd82-c7ae-483e-b259-6428f2dfb240:c1937, adbfec77-7a0d-4773-aa56-ba0b778d0ab5:c1935, 90c45227-141f-43fe-b831-a2b91b39d6b0:c1935]
2019-07-14 06:25:53,411 INFO  client.GrpcClientProtocolClient (GrpcClientProtocolClient.java:onNext(255)) - client-D2340BF4DD29->f9fecd82-c7ae-483e-b259-6428f2dfb240: receive RaftClientReply:client-D2340BF4DD29->f9fecd82-c7ae-483e-b259-6428f2dfb240@group-7DE138E597A5, cid=1366, SUCCESS, logIndex=1938, commits[f9fecd82-c7ae-483e-b259-6428f2dfb240:c1939, adbfec77-7a0d-4773-aa56-ba0b778d0ab5:c1937, 90c45227-141f-43fe-b831-a2b91b39d6b0:c1937]
2019-07-14 06:25:53,412 INFO  client.GrpcClientProtocolClient (GrpcClientProtocolClient.java:onNext(255)) - client-D2340BF4DD29->f9fecd82-c7ae-483e-b259-6428f2dfb240: receive RaftClientReply:client-D2340BF4DD29->f9fecd82-c7ae-483e-b259-6428f2dfb240@group-7DE138E597A5, cid=1367, SUCCESS, logIndex=1939, commits[f9fecd82-c7ae-483e-b259-6428f2dfb240:c1941, adbfec77-7a0d-4773-aa56-ba0b778d0ab5:c1937, 90c45227-141f-43fe-b831-a2b91b39d6b0:c1937]
2019-07-14 06:25:53,412 INFO  client.GrpcClientProtocolClient (GrpcClientProtocolClient.java:onNext(255)) - client-D2340BF4DD29->f9fecd82-c7ae-483e-b259-6428f2dfb240: receive RaftClientReply:client-D2340BF4DD29->f9fecd82-c7ae-483e-b259-6428f2dfb240@group-7DE138E597A5, cid=1368, SUCCESS, logIndex=1940, commits[f9fecd82-c7ae-483e-b259-6428f2dfb240:c1941, adbfec77-7a0d-4773-aa56-ba0b778d0ab5:c1937, 90c45227-141f-43fe-b831-a2b91b39d6b0:c1937]
2019-07-14 06:25:53,413 INFO  client.GrpcClientProtocolClient (GrpcClientProtocolClient.java:onNext(255)) - client-D2340BF4DD29->f9fecd82-c7ae-483e-b259-6428f2dfb240: receive RaftClientReply:client-D2340BF4DD29->f9fecd82-c7ae-483e-b259-6428f2dfb240@group-7DE138E597A5, cid=1369, SUCCESS, logIndex=1941, commits[f9fecd82-c7ae-483e-b259-6428f2dfb240:c1941, adbfec77-7a0d-4773-aa56-ba0b778d0ab5:c1937, 90c45227-141f-43fe-b831-a2b91b39d6b0:c1937]
2019-07-14 06:25:53,414 INFO  client.GrpcClientProtocolClient (GrpcClientProtocolClient.java:onNext(255)) - client-D2340BF4DD29->f9fecd82-c7ae-483e-b259-6428f2dfb240: receive RaftClientReply:client-D2340BF4DD29->f9fecd82-c7ae-483e-b259-6428f2dfb240@group-7DE138E597A5, cid=1370, SUCCESS, logIndex=0, commits[f9fecd82-c7ae-483e-b259-6428f2dfb240:c1943, adbfec77-7a0d-4773-aa56-ba0b778d0ab5:c1939, 90c45227-141f-43fe-b831-a2b91b39d6b0:c1939]
2019-07-14 06:25:53,425 INFO  client.GrpcClientProtocolClient (GrpcClientProtocolClient.java:onNext(255)) - client-D2340BF4DD29->f9fecd82-c7ae-483e-b259-6428f2dfb240: receive RaftClientReply:client-D2340BF4DD29->f9fecd82-c7ae-483e-b259-6428f2dfb240@group-7DE138E597A5, cid=1371, SUCCESS, logIndex=1946, commits[f9fecd82-c7ae-483e-b259-6428f2dfb240:c1947, adbfec77-7a0d-4773-aa56-ba0b778d0ab5:c1945, 90c45227-141f-43fe-b831-a2b91b39d6b0:c1945]
2019-07-14 06:25:53,426 INFO  client.GrpcClientProtocolClient (GrpcClientProtocolClient.java:onNext(255)) - client-D2340BF4DD29->f9fecd82-c7ae-483e-b259-6428f2dfb240: receive RaftClientReply:client-D2340BF4DD29->f9fecd82-c7ae-483e-b259-6428f2dfb240@group-7DE138E597A5, cid=1372, SUCCESS, logIndex=1947, commits[f9fecd82-c7ae-483e-b259-6428f2dfb240:c1947, adbfec77-7a0d-4773-aa56-ba0b778d0ab5:c1945, 90c45227-141f-43fe-b831-a2b91b39d6b0:c1945]
2019-07-14 06:25:53,439 INFO  client.GrpcClientProtocolClient (GrpcClientProtocolClient.java:onNext(255)) - client-D2340BF4DD29->f9fecd82-c7ae-483e-b259-6428f2dfb240: receive RaftClientReply:client-D2340BF4DD29->f9fecd82-c7ae-483e-b259-6428f2dfb240@group-7DE138E597A5, cid=1373, SUCCESS, logIndex=1950, commits[f9fecd82-c7ae-483e-b259-6428f2dfb240:c1951, adbfec77-7a0d-4773-aa56-ba0b778d0ab5:c1947, 90c45227-141f-43fe-b831-a2b91b39d6b0:c1947]
2019-07-14 06:25:53,439 INFO  client.GrpcClientProtocolClient (GrpcClientProtocolClient.java:onNext(255)) - client-D2340BF4DD29->f9fecd82-c7ae-483e-b259-6428f2dfb240: receive RaftClientReply:client-D2340BF4DD29->f9fecd82-c7ae-483e-b259-6428f2dfb240@group-7DE138E597A5, cid=1374, SUCCESS, logIndex=1951, commits[f9fecd82-c7ae-483e-b259-6428f2dfb240:c1951, adbfec77-7a0d-4773-aa56-ba0b778d0ab5:c1947, 90c45227-141f-43fe-b831-a2b91b39d6b0:c1947]
2019-07-14 06:25:53,451 INFO  client.GrpcClientProtocolClient (GrpcClientProtocolClient.java:onNext(255)) - client-D2340BF4DD29->f9fecd82-c7ae-483e-b259-6428f2dfb240: receive RaftClientReply:client-D2340BF4DD29->f9fecd82-c7ae-483e-b259-6428f2dfb240@group-7DE138E597A5, cid=1375, SUCCESS, logIndex=0, commits[f9fecd82-c7ae-483e-b259-6428f2dfb240:c1952, adbfec77-7a0d-4773-aa56-ba0b778d0ab5:c1951, 90c45227-141f-43fe-b831-a2b91b39d6b0:c1951]
2019-07-14 06:25:53,477 INFO  client.GrpcClientProtocolClient (GrpcClientProtocolClient.java:onNext(255)) - client-D2340BF4DD29->f9fecd82-c7ae-483e-b259-6428f2dfb240: receive RaftClientReply:client-D2340BF4DD29->f9fecd82-c7ae-483e-b259-6428f2dfb240@group-7DE138E597A5, cid=1376, SUCCESS, logIndex=1954, commits[f9fecd82-c7ae-483e-b259-6428f2dfb240:c1956, adbfec77-7a0d-4773-aa56-ba0b778d0ab5:c1953, 90c45227-141f-43fe-b831-a2b91b39d6b0:c1953]
2019-07-14 06:25:53,478 INFO  client.GrpcClientProtocolClient (GrpcClientProtocolClient.java:onNext(255)) - client-D2340BF4DD29->f9fecd82-c7ae-483e-b259-6428f2dfb240: receive RaftClientReply:client-D2340BF4DD29->f9fecd82-c7ae-483e-b259-6428f2dfb240@group-7DE138E597A5, cid=1377, SUCCESS, logIndex=1955, commits[f9fecd82-c7ae-483e-b259-6428f2dfb240:c1957, adbfec77-7a0d-4773-aa56-ba0b778d0ab5:c1953, 90c45227-141f-43fe-b831-a2b91b39d6b0:c1953]
2019-07-14 06:25:53,478 INFO  client.GrpcClientProtocolClient (GrpcClientProtocolClient.java:onNext(255)) - client-D2340BF4DD29->f9fecd82-c7ae-483e-b259-6428f2dfb240: receive RaftClientReply:client-D2340BF4DD29->f9fecd82-c7ae-483e-b259-6428f2dfb240@group-7DE138E597A5, cid=1378, SUCCESS, logIndex=1956, commits[f9fecd82-c7ae-483e-b259-6428f2dfb240:c1957, adbfec77-7a0d-4773-aa56-ba0b778d0ab5:c1953, 90c45227-141f-43fe-b831-a2b91b39d6b0:c1953]
2019-07-14 06:25:53,478 INFO  client.GrpcClientProtocolClient (GrpcClientProtocolClient.java:onNext(255)) - client-D2340BF4DD29->f9fecd82-c7ae-483e-b259-6428f2dfb240: receive RaftClientReply:client-D2340BF4DD29->f9fecd82-c7ae-483e-b259-6428f2dfb240@group-7DE138E597A5, cid=1379, SUCCESS, logIndex=1957, commits[f9fecd82-c7ae-483e-b259-6428f2dfb240:c1957, adbfec77-7a0d-4773-aa56-ba0b778d0ab5:c1953, 90c45227-141f-43fe-b831-a2b91b39d6b0:c1953]
2019-07-14 06:25:53,480 INFO  client.GrpcClientProtocolClient (GrpcClientProtocolClient.java:onNext(255)) - client-D2340BF4DD29->f9fecd82-c7ae-483e-b259-6428f2dfb240: receive RaftClientReply:client-D2340BF4DD29->f9fecd82-c7ae-483e-b259-6428f2dfb240@group-7DE138E597A5, cid=1380, SUCCESS, logIndex=0, commits[f9fecd82-c7ae-483e-b259-6428f2dfb240:c1959, adbfec77-7a0d-4773-aa56-ba0b778d0ab5:c1955, 90c45227-141f-43fe-b831-a2b91b39d6b0:c1955]
2019-07-14 06:25:53,493 INFO  client.GrpcClientProtocolClient (GrpcClientProtocolClient.java:onNext(255)) - client-D2340BF4DD29->f9fecd82-c7ae-483e-b259-6428f2dfb240: receive RaftClientReply:client-D2340BF4DD29->f9fecd82-c7ae-483e-b259-6428f2dfb240@group-7DE138E597A5, cid=1381, SUCCESS, logIndex=1962, commits[f9fecd82-c7ae-483e-b259-6428f2dfb240:c1963, adbfec77-7a0d-4773-aa56-ba0b778d0ab5:c1960, 90c45227-141f-43fe-b831-a2b91b39d6b0:c1960]
2019-07-14 06:25:53,493 INFO  client.GrpcClientProtocolClient (GrpcClientProtocolClient.java:onNext(255)) - client-D2340BF4DD29->f9fecd82-c7ae-483e-b259-6428f2dfb240: receive RaftClientReply:client-D2340BF4DD29->f9fecd82-c7ae-483e-b259-6428f2dfb240@group-7DE138E597A5, cid=1382, SUCCESS, logIndex=1963, commits[f9fecd82-c7ae-483e-b259-6428f2dfb240:c1963, adbfec77-7a0d-4773-aa56-ba0b778d0ab5:c1960, 90c45227-141f-43fe-b831-a2b91b39d6b0:c1960]
2019-07-14 06:25:53,510 INFO  client.GrpcClientProtocolClient (GrpcClientProtocolClient.java:onNext(255)) - client-D2340BF4DD29->f9fecd82-c7ae-483e-b259-6428f2dfb240: receive RaftClientReply:client-D2340BF4DD29->f9fecd82-c7ae-483e-b259-6428f2dfb240@group-7DE138E597A5, cid=1383, SUCCESS, logIndex=1966, commits[f9fecd82-c7ae-483e-b259-6428f2dfb240:c1967, adbfec77-7a0d-4773-aa56-ba0b778d0ab5:c1964, 90c45227-141f-43fe-b831-a2b91b39d6b0:c1964]
2019-07-14 06:25:53,511 INFO  client.GrpcClientProtocolClient (GrpcClientProtocolClient.java:onNext(255)) - client-D2340BF4DD29->f9fecd82-c7ae-483e-b259-6428f2dfb240: receive RaftClientReply:client-D2340BF4DD29->f9fecd82-c7ae-483e-b259-6428f2dfb240@group-7DE138E597A5, cid=1384, SUCCESS, logIndex=1967, commits[f9fecd82-c7ae-483e-b259-6428f2dfb240:c1967, adbfec77-7a0d-4773-aa56-ba0b778d0ab5:c1964, 90c45227-141f-43fe-b831-a2b91b39d6b0:c1964]
2019-07-14 06:25:53,525 INFO  client.GrpcClientProtocolClient (GrpcClientProtocolClient.java:onNext(255)) - client-D2340BF4DD29->f9fecd82-c7ae-483e-b259-6428f2dfb240: receive RaftClientReply:client-D2340BF4DD29->f9fecd82-c7ae-483e-b259-6428f2dfb240@group-7DE138E597A5, cid=1385, SUCCESS, logIndex=0, commits[f9fecd82-c7ae-483e-b259-6428f2dfb240:c1969, adbfec77-7a0d-4773-aa56-ba0b778d0ab5:c1967, 90c45227-141f-43fe-b831-a2b91b39d6b0:c1967]
2019-07-14 06:25:53,551 INFO  client.GrpcClientProtocolClient (GrpcClientProtocolClient.java:onNext(255)) - client-D2340BF4DD29->f9fecd82-c7ae-483e-b259-6428f2dfb240: receive RaftClientReply:client-D2340BF4DD29->f9fecd82-c7ae-483e-b259-6428f2dfb240@group-7DE138E597A5, cid=1386, SUCCESS, logIndex=1970, commits[f9fecd82-c7ae-483e-b259-6428f2dfb240:c1972, adbfec77-7a0d-4773-aa56-ba0b778d0ab5:c1969, 90c45227-141f-43fe-b831-a2b91b39d6b0:c1969]
2019-07-14 06:25:53,551 INFO  client.GrpcClientProtocolClient (GrpcClientProtocolClient.java:onNext(255)) - client-D2340BF4DD29->f9fecd82-c7ae-483e-b259-6428f2dfb240: receive RaftClientReply:client-D2340BF4DD29->f9fecd82-c7ae-483e-b259-6428f2dfb240@group-7DE138E597A5, cid=1387, SUCCESS, logIndex=1971, commits[f9fecd82-c7ae-483e-b259-6428f2dfb240:c1973, adbfec77-7a0d-4773-aa56-ba0b778d0ab5:c1969, 90c45227-141f-43fe-b831-a2b91b39d6b0:c1969]
2019-07-14 06:25:53,551 INFO  client.GrpcClientProtocolClient (GrpcClientProtocolClient.java:onNext(255)) - client-D2340BF4DD29->f9fecd82-c7ae-483e-b259-6428f2dfb240: receive RaftClientReply:client-D2340BF4DD29->f9fecd82-c7ae-483e-b259-6428f2dfb240@group-7DE138E597A5, cid=1388, SUCCESS, logIndex=1972, commits[f9fecd82-c7ae-483e-b259-6428f2dfb240:c1973, adbfec77-7a0d-4773-aa56-ba0b778d0ab5:c1969, 90c45227-141f-43fe-b831-a2b91b39d6b0:c1969]
2019-07-14 06:25:53,552 INFO  client.GrpcClientProtocolClient (GrpcClientProtocolClient.java:onNext(255)) - client-D2340BF4DD29->f9fecd82-c7ae-483e-b259-6428f2dfb240: receive RaftClientReply:client-D2340BF4DD29->f9fecd82-c7ae-483e-b259-6428f2dfb240@group-7DE138E597A5, cid=1389, SUCCESS, logIndex=1973, commits[f9fecd82-c7ae-483e-b259-6428f2dfb240:c1973, adbfec77-7a0d-4773-aa56-ba0b778d0ab5:c1969, 90c45227-141f-43fe-b831-a2b91b39d6b0:c1970]
2019-07-14 06:25:53,554 INFO  client.GrpcClientProtocolClient (GrpcClientProtocolClient.java:onNext(255)) - client-D2340BF4DD29->f9fecd82-c7ae-483e-b259-6428f2dfb240: receive RaftClientReply:client-D2340BF4DD29->f9fecd82-c7ae-483e-b259-6428f2dfb240@group-7DE138E597A5, cid=1390, SUCCESS, logIndex=0, commits[f9fecd82-c7ae-483e-b259-6428f2dfb240:c1974, adbfec77-7a0d-4773-aa56-ba0b778d0ab5:c1971, 90c45227-141f-43fe-b831-a2b91b39d6b0:c1971]
2019-07-14 06:25:53,565 INFO  client.GrpcClientProtocolClient (GrpcClientProtocolClient.java:onNext(255)) - client-D2340BF4DD29->f9fecd82-c7ae-483e-b259-6428f2dfb240: receive RaftClientReply:client-D2340BF4DD29->f9fecd82-c7ae-483e-b259-6428f2dfb240@group-7DE138E597A5, cid=1391, SUCCESS, logIndex=1978, commits[f9fecd82-c7ae-483e-b259-6428f2dfb240:c1979, adbfec77-7a0d-4773-aa56-ba0b778d0ab5:c1973, 90c45227-141f-43fe-b831-a2b91b39d6b0:c1977]
2019-07-14 06:25:53,565 INFO  client.GrpcClientProtocolClient (GrpcClientProtocolClient.java:onNext(255)) - client-D2340BF4DD29->f9fecd82-c7ae-483e-b259-6428f2dfb240: receive RaftClientReply:client-D2340BF4DD29->f9fecd82-c7ae-483e-b259-6428f2dfb240@group-7DE138E597A5, cid=1392, SUCCESS, logIndex=1979, commits[f9fecd82-c7ae-483e-b259-6428f2dfb240:c1979, adbfec77-7a0d-4773-aa56-ba0b778d0ab5:c1977, 90c45227-141f-43fe-b831-a2b91b39d6b0:c1977]
2019-07-14 06:25:53,580 INFO  client.GrpcClientProtocolClient (GrpcClientProtocolClient.java:onNext(255)) - client-D2340BF4DD29->f9fecd82-c7ae-483e-b259-6428f2dfb240: receive RaftClientReply:client-D2340BF4DD29->f9fecd82-c7ae-483e-b259-6428f2dfb240@group-7DE138E597A5, cid=1393, SUCCESS, logIndex=1982, commits[f9fecd82-c7ae-483e-b259-6428f2dfb240:c1983, adbfec77-7a0d-4773-aa56-ba0b778d0ab5:c1980, 90c45227-141f-43fe-b831-a2b91b39d6b0:c1980]
2019-07-14 06:25:53,581 INFO  client.GrpcClientProtocolClient (GrpcClientProtocolClient.java:onNext(255)) - client-D2340BF4DD29->f9fecd82-c7ae-483e-b259-6428f2dfb240: receive RaftClientReply:client-D2340BF4DD29->f9fecd82-c7ae-483e-b259-6428f2dfb240@group-7DE138E597A5, cid=1394, SUCCESS, logIndex=1983, commits[f9fecd82-c7ae-483e-b259-6428f2dfb240:c1983, adbfec77-7a0d-4773-aa56-ba0b778d0ab5:c1980, 90c45227-141f-43fe-b831-a2b91b39d6b0:c1980]
2019-07-14 06:25:53,585 INFO  client.GrpcClientProtocolClient (GrpcClientProtocolClient.java:onNext(255)) - client-D2340BF4DD29->f9fecd82-c7ae-483e-b259-6428f2dfb240: receive RaftClientReply:client-D2340BF4DD29->f9fecd82-c7ae-483e-b259-6428f2dfb240@group-7DE138E597A5, cid=1395, SUCCESS, logIndex=0, commits[f9fecd82-c7ae-483e-b259-6428f2dfb240:c1984, adbfec77-7a0d-4773-aa56-ba0b778d0ab5:c1983, 90c45227-141f-43fe-b831-a2b91b39d6b0:c1983]
 0.00% |█                                                                                                    |  0/1 Time: 0:00:082019-07-14 06:25:53,604 INFO  client.GrpcClientProtocolClient (GrpcClientProtocolClient.java:onNext(255)) - client-D2340BF4DD29->f9fecd82-c7ae-483e-b259-6428f2dfb240: receive RaftClientReply:client-D2340BF4DD29->f9fecd82-c7ae-483e-b259-6428f2dfb240@group-7DE138E597A5, cid=1396, SUCCESS, logIndex=1986, commits[f9fecd82-c7ae-483e-b259-6428f2dfb240:c1987, adbfec77-7a0d-4773-aa56-ba0b778d0ab5:c1983, 90c45227-141f-43fe-b831-a2b91b39d6b0:c1985]
2019-07-14 06:25:53,604 INFO  client.GrpcClientProtocolClient (GrpcClientProtocolClient.java:onNext(255)) - client-D2340BF4DD29->f9fecd82-c7ae-483e-b259-6428f2dfb240: receive RaftClientReply:client-D2340BF4DD29->f9fecd82-c7ae-483e-b259-6428f2dfb240@group-7DE138E597A5, cid=1397, SUCCESS, logIndex=1987, commits[f9fecd82-c7ae-483e-b259-6428f2dfb240:c1987, adbfec77-7a0d-4773-aa56-ba0b778d0ab5:c1985, 90c45227-141f-43fe-b831-a2b91b39d6b0:c1985]
2019-07-14 06:25:53,606 INFO  client.GrpcClientProtocolClient (GrpcClientProtocolClient.java:onNext(255)) - client-D2340BF4DD29->f9fecd82-c7ae-483e-b259-6428f2dfb240: receive RaftClientReply:client-D2340BF4DD29->f9fecd82-c7ae-483e-b259-6428f2dfb240@group-7DE138E597A5, cid=1398, SUCCESS, logIndex=1988, commits[f9fecd82-c7ae-483e-b259-6428f2dfb240:c1991, adbfec77-7a0d-4773-aa56-ba0b778d0ab5:c1985, 90c45227-141f-43fe-b831-a2b91b39d6b0:c1987]
2019-07-14 06:25:53,606 INFO  client.GrpcClientProtocolClient (GrpcClientProtocolClient.java:onNext(255)) - client-D2340BF4DD29->f9fecd82-c7ae-483e-b259-6428f2dfb240: receive RaftClientReply:client-D2340BF4DD29->f9fecd82-c7ae-483e-b259-6428f2dfb240@group-7DE138E597A5, cid=1399, SUCCESS, logIndex=1989, commits[f9fecd82-c7ae-483e-b259-6428f2dfb240:c1991, adbfec77-7a0d-4773-aa56-ba0b778d0ab5:c1987, 90c45227-141f-43fe-b831-a2b91b39d6b0:c1987]
2019-07-14 06:25:53,626 INFO  client.GrpcClientProtocolClient (GrpcClientProtocolClient.java:onNext(255)) - client-D2340BF4DD29->f9fecd82-c7ae-483e-b259-6428f2dfb240: receive RaftClientReply:client-D2340BF4DD29->f9fecd82-c7ae-483e-b259-6428f2dfb240@group-7DE138E597A5, cid=1400, SUCCESS, logIndex=1994, commits[f9fecd82-c7ae-483e-b259-6428f2dfb240:c1995, adbfec77-7a0d-4773-aa56-ba0b778d0ab5:c1993, 90c45227-141f-43fe-b831-a2b91b39d6b0:c1993]
2019-07-14 06:25:53,627 INFO  client.GrpcClientProtocolClient (GrpcClientProtocolClient.java:onNext(255)) - client-D2340BF4DD29->f9fecd82-c7ae-483e-b259-6428f2dfb240: receive RaftClientReply:client-D2340BF4DD29->f9fecd82-c7ae-483e-b259-6428f2dfb240@group-7DE138E597A5, cid=1401, SUCCESS, logIndex=1995, commits[f9fecd82-c7ae-483e-b259-6428f2dfb240:c1995, adbfec77-7a0d-4773-aa56-ba0b778d0ab5:c1993, 90c45227-141f-43fe-b831-a2b91b39d6b0:c1993]
2019-07-14 06:25:53,637 INFO  client.GrpcClientProtocolClient (GrpcClientProtocolClient.java:onNext(255)) - client-D2340BF4DD29->f9fecd82-c7ae-483e-b259-6428f2dfb240: receive RaftClientReply:client-D2340BF4DD29->f9fecd82-c7ae-483e-b259-6428f2dfb240@group-7DE138E597A5, cid=1402, SUCCESS, logIndex=1998, commits[f9fecd82-c7ae-483e-b259-6428f2dfb240:c1999, adbfec77-7a0d-4773-aa56-ba0b778d0ab5:c1997, 90c45227-141f-43fe-b831-a2b91b39d6b0:c1995]
2019-07-14 06:25:53,637 INFO  client.GrpcClientProtocolClient (GrpcClientProtocolClient.java:onNext(255)) - client-D2340BF4DD29->f9fecd82-c7ae-483e-b259-6428f2dfb240: receive RaftClientReply:client-D2340BF4DD29->f9fecd82-c7ae-483e-b259-6428f2dfb240@group-7DE138E597A5, cid=1403, SUCCESS, logIndex=1999, commits[f9fecd82-c7ae-483e-b259-6428f2dfb240:c1999, adbfec77-7a0d-4773-aa56-ba0b778d0ab5:c1997, 90c45227-141f-43fe-b831-a2b91b39d6b0:c1997]
2019-07-14 06:25:53,642 INFO  client.GrpcClientProtocolClient (GrpcClientProtocolClient.java:onNext(255)) - client-D2340BF4DD29->f9fecd82-c7ae-483e-b259-6428f2dfb240: receive RaftClientReply:client-D2340BF4DD29->f9fecd82-c7ae-483e-b259-6428f2dfb240@group-7DE138E597A5, cid=1404, SUCCESS, logIndex=0, commits[f9fecd82-c7ae-483e-b259-6428f2dfb240:c2001, adbfec77-7a0d-4773-aa56-ba0b778d0ab5:c1999, 90c45227-141f-43fe-b831-a2b91b39d6b0:c1999]
2019-07-14 06:25:53,769 INFO  client.GrpcClientProtocolClient (GrpcClientProtocolClient.java:onNext(255)) - client-D2340BF4DD29->f9fecd82-c7ae-483e-b259-6428f2dfb240: receive RaftClientReply:client-D2340BF4DD29->f9fecd82-c7ae-483e-b259-6428f2dfb240@group-7DE138E597A5, cid=1405, SUCCESS, logIndex=2002, commits[f9fecd82-c7ae-483e-b259-6428f2dfb240:c2003, adbfec77-7a0d-4773-aa56-ba0b778d0ab5:c2001, 90c45227-141f-43fe-b831-a2b91b39d6b0:c2001]
2019-07-14 06:25:53,769 INFO  client.GrpcClientProtocolClient (GrpcClientProtocolClient.java:onNext(255)) - client-D2340BF4DD29->f9fecd82-c7ae-483e-b259-6428f2dfb240: receive RaftClientReply:client-D2340BF4DD29->f9fecd82-c7ae-483e-b259-6428f2dfb240@group-7DE138E597A5, cid=1406, SUCCESS, logIndex=2003, commits[f9fecd82-c7ae-483e-b259-6428f2dfb240:c2005, adbfec77-7a0d-4773-aa56-ba0b778d0ab5:c2001, 90c45227-141f-43fe-b831-a2b91b39d6b0:c2001]
2019-07-14 06:25:53,770 INFO  client.GrpcClientProtocolClient (GrpcClientProtocolClient.java:onNext(255)) - client-D2340BF4DD29->f9fecd82-c7ae-483e-b259-6428f2dfb240: receive RaftClientReply:client-D2340BF4DD29->f9fecd82-c7ae-483e-b259-6428f2dfb240@group-7DE138E597A5, cid=1407, SUCCESS, logIndex=2004, commits[f9fecd82-c7ae-483e-b259-6428f2dfb240:c2005, adbfec77-7a0d-4773-aa56-ba0b778d0ab5:c2001, 90c45227-141f-43fe-b831-a2b91b39d6b0:c2001]
2019-07-14 06:25:53,770 INFO  client.GrpcClientProtocolClient (GrpcClientProtocolClient.java:onNext(255)) - client-D2340BF4DD29->f9fecd82-c7ae-483e-b259-6428f2dfb240: receive RaftClientReply:client-D2340BF4DD29->f9fecd82-c7ae-483e-b259-6428f2dfb240@group-7DE138E597A5, cid=1408, SUCCESS, logIndex=2005, commits[f9fecd82-c7ae-483e-b259-6428f2dfb240:c2005, adbfec77-7a0d-4773-aa56-ba0b778d0ab5:c2001, 90c45227-141f-43fe-b831-a2b91b39d6b0:c2001]
2019-07-14 06:25:53,771 INFO  client.GrpcClientProtocolClient (GrpcClientProtocolClient.java:onNext(255)) - client-D2340BF4DD29->f9fecd82-c7ae-483e-b259-6428f2dfb240: receive RaftClientReply:client-D2340BF4DD29->f9fecd82-c7ae-483e-b259-6428f2dfb240@group-7DE138E597A5, cid=1409, SUCCESS, logIndex=0, commits[f9fecd82-c7ae-483e-b259-6428f2dfb240:c2007, adbfec77-7a0d-4773-aa56-ba0b778d0ab5:c2005, 90c45227-141f-43fe-b831-a2b91b39d6b0:c2003]
2019-07-14 06:25:53,791 INFO  client.GrpcClientProtocolClient (GrpcClientProtocolClient.java:onNext(255)) - client-D2340BF4DD29->f9fecd82-c7ae-483e-b259-6428f2dfb240: receive RaftClientReply:client-D2340BF4DD29->f9fecd82-c7ae-483e-b259-6428f2dfb240@group-7DE138E597A5, cid=1410, SUCCESS, logIndex=2009, commits[f9fecd82-c7ae-483e-b259-6428f2dfb240:c2010, adbfec77-7a0d-4773-aa56-ba0b778d0ab5:c2008, 90c45227-141f-43fe-b831-a2b91b39d6b0:c2008]
2019-07-14 06:25:53,791 INFO  client.GrpcClientProtocolClient (GrpcClientProtocolClient.java:onNext(255)) - client-D2340BF4DD29->f9fecd82-c7ae-483e-b259-6428f2dfb240: receive RaftClientReply:client-D2340BF4DD29->f9fecd82-c7ae-483e-b259-6428f2dfb240@group-7DE138E597A5, cid=1411, SUCCESS, logIndex=2010, commits[f9fecd82-c7ae-483e-b259-6428f2dfb240:c2010, adbfec77-7a0d-4773-aa56-ba0b778d0ab5:c2008, 90c45227-141f-43fe-b831-a2b91b39d6b0:c2008]
2019-07-14 06:25:53,804 INFO  client.GrpcClientProtocolClient (GrpcClientProtocolClient.java:onNext(255)) - client-D2340BF4DD29->f9fecd82-c7ae-483e-b259-6428f2dfb240: receive RaftClientReply:client-D2340BF4DD29->f9fecd82-c7ae-483e-b259-6428f2dfb240@group-7DE138E597A5, cid=1412, SUCCESS, logIndex=2013, commits[f9fecd82-c7ae-483e-b259-6428f2dfb240:c2013, adbfec77-7a0d-4773-aa56-ba0b778d0ab5:c2010, 90c45227-141f-43fe-b831-a2b91b39d6b0:c2010]
2019-07-14 06:25:53,804 INFO  client.GrpcClientProtocolClient (GrpcClientProtocolClient.java:onNext(255)) - client-D2340BF4DD29->f9fecd82-c7ae-483e-b259-6428f2dfb240: receive RaftClientReply:client-D2340BF4DD29->f9fecd82-c7ae-483e-b259-6428f2dfb240@group-7DE138E597A5, cid=1413, SUCCESS, logIndex=2014, commits[f9fecd82-c7ae-483e-b259-6428f2dfb240:c2014, adbfec77-7a0d-4773-aa56-ba0b778d0ab5:c2010, 90c45227-141f-43fe-b831-a2b91b39d6b0:c2010]
2019-07-14 06:25:53,817 INFO  client.GrpcClientProtocolClient (GrpcClientProtocolClient.java:onNext(255)) - client-D2340BF4DD29->f9fecd82-c7ae-483e-b259-6428f2dfb240: receive RaftClientReply:client-D2340BF4DD29->f9fecd82-c7ae-483e-b259-6428f2dfb240@group-7DE138E597A5, cid=1414, SUCCESS, logIndex=0, commits[f9fecd82-c7ae-483e-b259-6428f2dfb240:c2016, adbfec77-7a0d-4773-aa56-ba0b778d0ab5:c2014, 90c45227-141f-43fe-b831-a2b91b39d6b0:c2014]
2019-07-14 06:25:53,844 INFO  client.GrpcClientProtocolClient (GrpcClientProtocolClient.java:onNext(255)) - client-D2340BF4DD29->f9fecd82-c7ae-483e-b259-6428f2dfb240: receive RaftClientReply:client-D2340BF4DD29->f9fecd82-c7ae-483e-b259-6428f2dfb240@group-7DE138E597A5, cid=1415, SUCCESS, logIndex=2017, commits[f9fecd82-c7ae-483e-b259-6428f2dfb240:c2018, adbfec77-7a0d-4773-aa56-ba0b778d0ab5:c2016, 90c45227-141f-43fe-b831-a2b91b39d6b0:c2016]
2019-07-14 06:25:53,845 INFO  client.GrpcClientProtocolClient (GrpcClientProtocolClient.java:onNext(255)) - client-D2340BF4DD29->f9fecd82-c7ae-483e-b259-6428f2dfb240: receive RaftClientReply:client-D2340BF4DD29->f9fecd82-c7ae-483e-b259-6428f2dfb240@group-7DE138E597A5, cid=1416, SUCCESS, logIndex=2018, commits[f9fecd82-c7ae-483e-b259-6428f2dfb240:c2020, adbfec77-7a0d-4773-aa56-ba0b778d0ab5:c2016, 90c45227-141f-43fe-b831-a2b91b39d6b0:c2016]
2019-07-14 06:25:53,845 INFO  client.GrpcClientProtocolClient (GrpcClientProtocolClient.java:onNext(255)) - client-D2340BF4DD29->f9fecd82-c7ae-483e-b259-6428f2dfb240: receive RaftClientReply:client-D2340BF4DD29->f9fecd82-c7ae-483e-b259-6428f2dfb240@group-7DE138E597A5, cid=1417, SUCCESS, logIndex=2019, commits[f9fecd82-c7ae-483e-b259-6428f2dfb240:c2020, adbfec77-7a0d-4773-aa56-ba0b778d0ab5:c2016, 90c45227-141f-43fe-b831-a2b91b39d6b0:c2016]
2019-07-14 06:25:53,846 INFO  client.GrpcClientProtocolClient (GrpcClientProtocolClient.java:onNext(255)) - client-D2340BF4DD29->f9fecd82-c7ae-483e-b259-6428f2dfb240: receive RaftClientReply:client-D2340BF4DD29->f9fecd82-c7ae-483e-b259-6428f2dfb240@group-7DE138E597A5, cid=1418, SUCCESS, logIndex=2020, commits[f9fecd82-c7ae-483e-b259-6428f2dfb240:c2020, adbfec77-7a0d-4773-aa56-ba0b778d0ab5:c2016, 90c45227-141f-43fe-b831-a2b91b39d6b0:c2016]
2019-07-14 06:25:53,859 INFO  client.GrpcClientProtocolClient (GrpcClientProtocolClient.java:onNext(255)) - client-D2340BF4DD29->f9fecd82-c7ae-483e-b259-6428f2dfb240: receive RaftClientReply:client-D2340BF4DD29->f9fecd82-c7ae-483e-b259-6428f2dfb240@group-7DE138E597A5, cid=1419, SUCCESS, logIndex=0, commits[f9fecd82-c7ae-483e-b259-6428f2dfb240:c2022, adbfec77-7a0d-4773-aa56-ba0b778d0ab5:c2018, 90c45227-141f-43fe-b831-a2b91b39d6b0:c2018]
2019-07-14 06:25:53,878 INFO  client.GrpcClientProtocolClient (GrpcClientProtocolClient.java:onNext(255)) - client-D2340BF4DD29->f9fecd82-c7ae-483e-b259-6428f2dfb240: receive RaftClientReply:client-D2340BF4DD29->f9fecd82-c7ae-483e-b259-6428f2dfb240@group-7DE138E597A5, cid=1420, SUCCESS, logIndex=2025, commits[f9fecd82-c7ae-483e-b259-6428f2dfb240:c2026, adbfec77-7a0d-4773-aa56-ba0b778d0ab5:c2024, 90c45227-141f-43fe-b831-a2b91b39d6b0:c2024]
2019-07-14 06:25:53,879 INFO  client.GrpcClientProtocolClient (GrpcClientProtocolClient.java:onNext(255)) - client-D2340BF4DD29->f9fecd82-c7ae-483e-b259-6428f2dfb240: receive RaftClientReply:client-D2340BF4DD29->f9fecd82-c7ae-483e-b259-6428f2dfb240@group-7DE138E597A5, cid=1421, SUCCESS, logIndex=2026, commits[f9fecd82-c7ae-483e-b259-6428f2dfb240:c2026, adbfec77-7a0d-4773-aa56-ba0b778d0ab5:c2024, 90c45227-141f-43fe-b831-a2b91b39d6b0:c2024]
2019-07-14 06:25:53,894 INFO  client.GrpcClientProtocolClient (GrpcClientProtocolClient.java:onNext(255)) - client-D2340BF4DD29->f9fecd82-c7ae-483e-b259-6428f2dfb240: receive RaftClientReply:client-D2340BF4DD29->f9fecd82-c7ae-483e-b259-6428f2dfb240@group-7DE138E597A5, cid=1422, SUCCESS, logIndex=2029, commits[f9fecd82-c7ae-483e-b259-6428f2dfb240:c2030, adbfec77-7a0d-4773-aa56-ba0b778d0ab5:c2026, 90c45227-141f-43fe-b831-a2b91b39d6b0:c2026]
2019-07-14 06:25:53,894 INFO  client.GrpcClientProtocolClient (GrpcClientProtocolClient.java:onNext(255)) - client-D2340BF4DD29->f9fecd82-c7ae-483e-b259-6428f2dfb240: receive RaftClientReply:client-D2340BF4DD29->f9fecd82-c7ae-483e-b259-6428f2dfb240@group-7DE138E597A5, cid=1423, SUCCESS, logIndex=2030, commits[f9fecd82-c7ae-483e-b259-6428f2dfb240:c2030, adbfec77-7a0d-4773-aa56-ba0b778d0ab5:c2026, 90c45227-141f-43fe-b831-a2b91b39d6b0:c2026]
2019-07-14 06:25:53,916 INFO  client.GrpcClientProtocolClient (GrpcClientProtocolClient.java:onNext(255)) - client-D2340BF4DD29->f9fecd82-c7ae-483e-b259-6428f2dfb240: receive RaftClientReply:client-D2340BF4DD29->f9fecd82-c7ae-483e-b259-6428f2dfb240@group-7DE138E597A5, cid=1424, SUCCESS, logIndex=0, commits[f9fecd82-c7ae-483e-b259-6428f2dfb240:c2032, adbfec77-7a0d-4773-aa56-ba0b778d0ab5:c2030, 90c45227-141f-43fe-b831-a2b91b39d6b0:c2030]
2019-07-14 06:25:53,946 INFO  client.GrpcClientProtocolClient (GrpcClientProtocolClient.java:onNext(255)) - client-D2340BF4DD29->f9fecd82-c7ae-483e-b259-6428f2dfb240: receive RaftClientReply:client-D2340BF4DD29->f9fecd82-c7ae-483e-b259-6428f2dfb240@group-7DE138E597A5, cid=1425, SUCCESS, logIndex=2033, commits[f9fecd82-c7ae-483e-b259-6428f2dfb240:c2034, adbfec77-7a0d-4773-aa56-ba0b778d0ab5:c2032, 90c45227-141f-43fe-b831-a2b91b39d6b0:c2032]
2019-07-14 06:25:53,946 INFO  client.GrpcClientProtocolClient (GrpcClientProtocolClient.java:onNext(255)) - client-D2340BF4DD29->f9fecd82-c7ae-483e-b259-6428f2dfb240: receive RaftClientReply:client-D2340BF4DD29->f9fecd82-c7ae-483e-b259-6428f2dfb240@group-7DE138E597A5, cid=1426, SUCCESS, logIndex=2034, commits[f9fecd82-c7ae-483e-b259-6428f2dfb240:c2036, adbfec77-7a0d-4773-aa56-ba0b778d0ab5:c2032, 90c45227-141f-43fe-b831-a2b91b39d6b0:c2032]
2019-07-14 06:25:53,946 INFO  client.GrpcClientProtocolClient (GrpcClientProtocolClient.java:onNext(255)) - client-D2340BF4DD29->f9fecd82-c7ae-483e-b259-6428f2dfb240: receive RaftClientReply:client-D2340BF4DD29->f9fecd82-c7ae-483e-b259-6428f2dfb240@group-7DE138E597A5, cid=1427, SUCCESS, logIndex=2035, commits[f9fecd82-c7ae-483e-b259-6428f2dfb240:c2036, adbfec77-7a0d-4773-aa56-ba0b778d0ab5:c2032, 90c45227-141f-43fe-b831-a2b91b39d6b0:c2032]
2019-07-14 06:25:53,947 INFO  client.GrpcClientProtocolClient (GrpcClientProtocolClient.java:onNext(255)) - client-D2340BF4DD29->f9fecd82-c7ae-483e-b259-6428f2dfb240: receive RaftClientReply:client-D2340BF4DD29->f9fecd82-c7ae-483e-b259-6428f2dfb240@group-7DE138E597A5, cid=1428, SUCCESS, logIndex=2036, commits[f9fecd82-c7ae-483e-b259-6428f2dfb240:c2036, adbfec77-7a0d-4773-aa56-ba0b778d0ab5:c2032, 90c45227-141f-43fe-b831-a2b91b39d6b0:c2032]
2019-07-14 06:25:53,957 INFO  client.GrpcClientProtocolClient (GrpcClientProtocolClient.java:onNext(255)) - client-D2340BF4DD29->f9fecd82-c7ae-483e-b259-6428f2dfb240: receive RaftClientReply:client-D2340BF4DD29->f9fecd82-c7ae-483e-b259-6428f2dfb240@group-7DE138E597A5, cid=1429, SUCCESS, logIndex=0, commits[f9fecd82-c7ae-483e-b259-6428f2dfb240:c2037, adbfec77-7a0d-4773-aa56-ba0b778d0ab5:c2034, 90c45227-141f-43fe-b831-a2b91b39d6b0:c2034]
2019-07-14 06:25:53,977 INFO  client.GrpcClientProtocolClient (GrpcClientProtocolClient.java:onNext(255)) - client-D2340BF4DD29->f9fecd82-c7ae-483e-b259-6428f2dfb240: receive RaftClientReply:client-D2340BF4DD29->f9fecd82-c7ae-483e-b259-6428f2dfb240@group-7DE138E597A5, cid=1430, SUCCESS, logIndex=2040, commits[f9fecd82-c7ae-483e-b259-6428f2dfb240:c2041, adbfec77-7a0d-4773-aa56-ba0b778d0ab5:c2039, 90c45227-141f-43fe-b831-a2b91b39d6b0:c2039]
2019-07-14 06:25:53,977 INFO  client.GrpcClientProtocolClient (GrpcClientProtocolClient.java:onNext(255)) - client-D2340BF4DD29->f9fecd82-c7ae-483e-b259-6428f2dfb240: receive RaftClientReply:client-D2340BF4DD29->f9fecd82-c7ae-483e-b259-6428f2dfb240@group-7DE138E597A5, cid=1431, SUCCESS, logIndex=2041, commits[f9fecd82-c7ae-483e-b259-6428f2dfb240:c2041, adbfec77-7a0d-4773-aa56-ba0b778d0ab5:c2039, 90c45227-141f-43fe-b831-a2b91b39d6b0:c2039]
2019-07-14 06:25:53,990 INFO  client.GrpcClientProtocolClient (GrpcClientProtocolClient.java:onNext(255)) - client-D2340BF4DD29->f9fecd82-c7ae-483e-b259-6428f2dfb240: receive RaftClientReply:client-D2340BF4DD29->f9fecd82-c7ae-483e-b259-6428f2dfb240@group-7DE138E597A5, cid=1432, SUCCESS, logIndex=2044, commits[f9fecd82-c7ae-483e-b259-6428f2dfb240:c2044, adbfec77-7a0d-4773-aa56-ba0b778d0ab5:c2041, 90c45227-141f-43fe-b831-a2b91b39d6b0:c2041]
2019-07-14 06:25:53,991 INFO  client.GrpcClientProtocolClient (GrpcClientProtocolClient.java:onNext(255)) - client-D2340BF4DD29->f9fecd82-c7ae-483e-b259-6428f2dfb240: receive RaftClientReply:client-D2340BF4DD29->f9fecd82-c7ae-483e-b259-6428f2dfb240@group-7DE138E597A5, cid=1433, SUCCESS, logIndex=2045, commits[f9fecd82-c7ae-483e-b259-6428f2dfb240:c2045, adbfec77-7a0d-4773-aa56-ba0b778d0ab5:c2041, 90c45227-141f-43fe-b831-a2b91b39d6b0:c2041]
2019-07-14 06:25:54,005 INFO  client.GrpcClientProtocolClient (GrpcClientProtocolClient.java:onNext(255)) - client-D2340BF4DD29->f9fecd82-c7ae-483e-b259-6428f2dfb240: receive RaftClientReply:client-D2340BF4DD29->f9fecd82-c7ae-483e-b259-6428f2dfb240@group-7DE138E597A5, cid=1434, SUCCESS, logIndex=0, commits[f9fecd82-c7ae-483e-b259-6428f2dfb240:c2046, adbfec77-7a0d-4773-aa56-ba0b778d0ab5:c2045, 90c45227-141f-43fe-b831-a2b91b39d6b0:c2045]
2019-07-14 06:25:54,035 INFO  client.GrpcClientProtocolClient (GrpcClientProtocolClient.java:onNext(255)) - client-D2340BF4DD29->f9fecd82-c7ae-483e-b259-6428f2dfb240: receive RaftClientReply:client-D2340BF4DD29->f9fecd82-c7ae-483e-b259-6428f2dfb240@group-7DE138E597A5, cid=1435, SUCCESS, logIndex=2048, commits[f9fecd82-c7ae-483e-b259-6428f2dfb240:c2049, adbfec77-7a0d-4773-aa56-ba0b778d0ab5:c2047, 90c45227-141f-43fe-b831-a2b91b39d6b0:c2047]
2019-07-14 06:25:54,036 INFO  client.GrpcClientProtocolClient (GrpcClientProtocolClient.java:onNext(255)) - client-D2340BF4DD29->f9fecd82-c7ae-483e-b259-6428f2dfb240: receive RaftClientReply:client-D2340BF4DD29->f9fecd82-c7ae-483e-b259-6428f2dfb240@group-7DE138E597A5, cid=1436, SUCCESS, logIndex=2049, commits[f9fecd82-c7ae-483e-b259-6428f2dfb240:c2051, adbfec77-7a0d-4773-aa56-ba0b778d0ab5:c2047, 90c45227-141f-43fe-b831-a2b91b39d6b0:c2047]
2019-07-14 06:25:54,036 INFO  client.GrpcClientProtocolClient (GrpcClientProtocolClient.java:onNext(255)) - client-D2340BF4DD29->f9fecd82-c7ae-483e-b259-6428f2dfb240: receive RaftClientReply:client-D2340BF4DD29->f9fecd82-c7ae-483e-b259-6428f2dfb240@group-7DE138E597A5, cid=1437, SUCCESS, logIndex=2050, commits[f9fecd82-c7ae-483e-b259-6428f2dfb240:c2051, adbfec77-7a0d-4773-aa56-ba0b778d0ab5:c2047, 90c45227-141f-43fe-b831-a2b91b39d6b0:c2047]
2019-07-14 06:25:54,037 INFO  client.GrpcClientProtocolClient (GrpcClientProtocolClient.java:onNext(255)) - client-D2340BF4DD29->f9fecd82-c7ae-483e-b259-6428f2dfb240: receive RaftClientReply:client-D2340BF4DD29->f9fecd82-c7ae-483e-b259-6428f2dfb240@group-7DE138E597A5, cid=1438, SUCCESS, logIndex=2051, commits[f9fecd82-c7ae-483e-b259-6428f2dfb240:c2051, adbfec77-7a0d-4773-aa56-ba0b778d0ab5:c2047, 90c45227-141f-43fe-b831-a2b91b39d6b0:c2047]
2019-07-14 06:25:54,038 INFO  client.GrpcClientProtocolClient (GrpcClientProtocolClient.java:onNext(255)) - client-D2340BF4DD29->f9fecd82-c7ae-483e-b259-6428f2dfb240: receive RaftClientReply:client-D2340BF4DD29->f9fecd82-c7ae-483e-b259-6428f2dfb240@group-7DE138E597A5, cid=1439, SUCCESS, logIndex=0, commits[f9fecd82-c7ae-483e-b259-6428f2dfb240:c2053, adbfec77-7a0d-4773-aa56-ba0b778d0ab5:c2049, 90c45227-141f-43fe-b831-a2b91b39d6b0:c2049]
2019-07-14 06:25:54,058 INFO  client.GrpcClientProtocolClient (GrpcClientProtocolClient.java:onNext(255)) - client-D2340BF4DD29->f9fecd82-c7ae-483e-b259-6428f2dfb240: receive RaftClientReply:client-D2340BF4DD29->f9fecd82-c7ae-483e-b259-6428f2dfb240@group-7DE138E597A5, cid=1440, SUCCESS, logIndex=2056, commits[f9fecd82-c7ae-483e-b259-6428f2dfb240:c2057, adbfec77-7a0d-4773-aa56-ba0b778d0ab5:c2055, 90c45227-141f-43fe-b831-a2b91b39d6b0:c2055]
2019-07-14 06:25:54,058 INFO  client.GrpcClientProtocolClient (GrpcClientProtocolClient.java:onNext(255)) - client-D2340BF4DD29->f9fecd82-c7ae-483e-b259-6428f2dfb240: receive RaftClientReply:client-D2340BF4DD29->f9fecd82-c7ae-483e-b259-6428f2dfb240@group-7DE138E597A5, cid=1441, SUCCESS, logIndex=2057, commits[f9fecd82-c7ae-483e-b259-6428f2dfb240:c2057, adbfec77-7a0d-4773-aa56-ba0b778d0ab5:c2055, 90c45227-141f-43fe-b831-a2b91b39d6b0:c2055]
2019-07-14 06:25:54,072 INFO  client.GrpcClientProtocolClient (GrpcClientProtocolClient.java:onNext(255)) - client-D2340BF4DD29->f9fecd82-c7ae-483e-b259-6428f2dfb240: receive RaftClientReply:client-D2340BF4DD29->f9fecd82-c7ae-483e-b259-6428f2dfb240@group-7DE138E597A5, cid=1442, SUCCESS, logIndex=2060, commits[f9fecd82-c7ae-483e-b259-6428f2dfb240:c2061, adbfec77-7a0d-4773-aa56-ba0b778d0ab5:c2057, 90c45227-141f-43fe-b831-a2b91b39d6b0:c2056]
2019-07-14 06:25:54,073 INFO  client.GrpcClientProtocolClient (GrpcClientProtocolClient.java:onNext(255)) - client-D2340BF4DD29->f9fecd82-c7ae-483e-b259-6428f2dfb240: receive RaftClientReply:client-D2340BF4DD29->f9fecd82-c7ae-483e-b259-6428f2dfb240@group-7DE138E597A5, cid=1443, SUCCESS, logIndex=2061, commits[f9fecd82-c7ae-483e-b259-6428f2dfb240:c2061, adbfec77-7a0d-4773-aa56-ba0b778d0ab5:c2057, 90c45227-141f-43fe-b831-a2b91b39d6b0:c2057]
2019-07-14 06:25:54,084 INFO  client.GrpcClientProtocolClient (GrpcClientProtocolClient.java:onNext(255)) - client-D2340BF4DD29->f9fecd82-c7ae-483e-b259-6428f2dfb240: receive RaftClientReply:client-D2340BF4DD29->f9fecd82-c7ae-483e-b259-6428f2dfb240@group-7DE138E597A5, cid=1444, SUCCESS, logIndex=0, commits[f9fecd82-c7ae-483e-b259-6428f2dfb240:c2062, adbfec77-7a0d-4773-aa56-ba0b778d0ab5:c2061, 90c45227-141f-43fe-b831-a2b91b39d6b0:c2061]
2019-07-14 06:25:54,114 INFO  client.GrpcClientProtocolClient (GrpcClientProtocolClient.java:onNext(255)) - client-D2340BF4DD29->f9fecd82-c7ae-483e-b259-6428f2dfb240: receive RaftClientReply:client-D2340BF4DD29->f9fecd82-c7ae-483e-b259-6428f2dfb240@group-7DE138E597A5, cid=1445, SUCCESS, logIndex=2064, commits[f9fecd82-c7ae-483e-b259-6428f2dfb240:c2065, adbfec77-7a0d-4773-aa56-ba0b778d0ab5:c2063, 90c45227-141f-43fe-b831-a2b91b39d6b0:c2063]
2019-07-14 06:25:54,115 INFO  client.GrpcClientProtocolClient (GrpcClientProtocolClient.java:onNext(255)) - client-D2340BF4DD29->f9fecd82-c7ae-483e-b259-6428f2dfb240: receive RaftClientReply:client-D2340BF4DD29->f9fecd82-c7ae-483e-b259-6428f2dfb240@group-7DE138E597A5, cid=1446, SUCCESS, logIndex=2065, commits[f9fecd82-c7ae-483e-b259-6428f2dfb240:c2066, adbfec77-7a0d-4773-aa56-ba0b778d0ab5:c2063, 90c45227-141f-43fe-b831-a2b91b39d6b0:c2063]
2019-07-14 06:25:54,115 INFO  client.GrpcClientProtocolClient (GrpcClientProtocolClient.java:onNext(255)) - client-D2340BF4DD29->f9fecd82-c7ae-483e-b259-6428f2dfb240: receive RaftClientReply:client-D2340BF4DD29->f9fecd82-c7ae-483e-b259-6428f2dfb240@group-7DE138E597A5, cid=1447, SUCCESS, logIndex=2066, commits[f9fecd82-c7ae-483e-b259-6428f2dfb240:c2067, adbfec77-7a0d-4773-aa56-ba0b778d0ab5:c2063, 90c45227-141f-43fe-b831-a2b91b39d6b0:c2063]
2019-07-14 06:25:54,115 INFO  client.GrpcClientProtocolClient (GrpcClientProtocolClient.java:onNext(255)) - client-D2340BF4DD29->f9fecd82-c7ae-483e-b259-6428f2dfb240: receive RaftClientReply:client-D2340BF4DD29->f9fecd82-c7ae-483e-b259-6428f2dfb240@group-7DE138E597A5, cid=1448, SUCCESS, logIndex=2067, commits[f9fecd82-c7ae-483e-b259-6428f2dfb240:c2068, adbfec77-7a0d-4773-aa56-ba0b778d0ab5:c2063, 90c45227-141f-43fe-b831-a2b91b39d6b0:c2065]
2019-07-14 06:25:54,118 INFO  client.GrpcClientProtocolClient (GrpcClientProtocolClient.java:onNext(255)) - client-D2340BF4DD29->f9fecd82-c7ae-483e-b259-6428f2dfb240: receive RaftClientReply:client-D2340BF4DD29->f9fecd82-c7ae-483e-b259-6428f2dfb240@group-7DE138E597A5, cid=1449, SUCCESS, logIndex=0, commits[f9fecd82-c7ae-483e-b259-6428f2dfb240:c2069, adbfec77-7a0d-4773-aa56-ba0b778d0ab5:c2065, 90c45227-141f-43fe-b831-a2b91b39d6b0:c2065]
2019-07-14 06:25:54,131 INFO  client.GrpcClientProtocolClient (GrpcClientProtocolClient.java:onNext(255)) - client-D2340BF4DD29->f9fecd82-c7ae-483e-b259-6428f2dfb240: receive RaftClientReply:client-D2340BF4DD29->f9fecd82-c7ae-483e-b259-6428f2dfb240@group-7DE138E597A5, cid=1450, SUCCESS, logIndex=2072, commits[f9fecd82-c7ae-483e-b259-6428f2dfb240:c2073, adbfec77-7a0d-4773-aa56-ba0b778d0ab5:c2071, 90c45227-141f-43fe-b831-a2b91b39d6b0:c2071]
2019-07-14 06:25:54,132 INFO  client.GrpcClientProtocolClient (GrpcClientProtocolClient.java:onNext(255)) - client-D2340BF4DD29->f9fecd82-c7ae-483e-b259-6428f2dfb240: receive RaftClientReply:client-D2340BF4DD29->f9fecd82-c7ae-483e-b259-6428f2dfb240@group-7DE138E597A5, cid=1451, SUCCESS, logIndex=2073, commits[f9fecd82-c7ae-483e-b259-6428f2dfb240:c2073, adbfec77-7a0d-4773-aa56-ba0b778d0ab5:c2071, 90c45227-141f-43fe-b831-a2b91b39d6b0:c2071]
2019-07-14 06:25:54,154 INFO  client.GrpcClientProtocolClient (GrpcClientProtocolClient.java:onNext(255)) - client-D2340BF4DD29->f9fecd82-c7ae-483e-b259-6428f2dfb240: receive RaftClientReply:client-D2340BF4DD29->f9fecd82-c7ae-483e-b259-6428f2dfb240@group-7DE138E597A5, cid=1452, SUCCESS, logIndex=2076, commits[f9fecd82-c7ae-483e-b259-6428f2dfb240:c2077, adbfec77-7a0d-4773-aa56-ba0b778d0ab5:c2075, 90c45227-141f-43fe-b831-a2b91b39d6b0:c2075]
2019-07-14 06:25:54,154 INFO  client.GrpcClientProtocolClient (GrpcClientProtocolClient.java:onNext(255)) - client-D2340BF4DD29->f9fecd82-c7ae-483e-b259-6428f2dfb240: receive RaftClientReply:client-D2340BF4DD29->f9fecd82-c7ae-483e-b259-6428f2dfb240@group-7DE138E597A5, cid=1453, SUCCESS, logIndex=2077, commits[f9fecd82-c7ae-483e-b259-6428f2dfb240:c2077, adbfec77-7a0d-4773-aa56-ba0b778d0ab5:c2075, 90c45227-141f-43fe-b831-a2b91b39d6b0:c2075]
2019-07-14 06:25:54,182 INFO  client.GrpcClientProtocolClient (GrpcClientProtocolClient.java:onNext(255)) - client-D2340BF4DD29->f9fecd82-c7ae-483e-b259-6428f2dfb240: receive RaftClientReply:client-D2340BF4DD29->f9fecd82-c7ae-483e-b259-6428f2dfb240@group-7DE138E597A5, cid=1454, SUCCESS, logIndex=0, commits[f9fecd82-c7ae-483e-b259-6428f2dfb240:c2079, adbfec77-7a0d-4773-aa56-ba0b778d0ab5:c2077, 90c45227-141f-43fe-b831-a2b91b39d6b0:c2077]
2019-07-14 06:25:54,212 INFO  client.GrpcClientProtocolClient (GrpcClientProtocolClient.java:onNext(255)) - client-D2340BF4DD29->f9fecd82-c7ae-483e-b259-6428f2dfb240: receive RaftClientReply:client-D2340BF4DD29->f9fecd82-c7ae-483e-b259-6428f2dfb240@group-7DE138E597A5, cid=1455, SUCCESS, logIndex=2080, commits[f9fecd82-c7ae-483e-b259-6428f2dfb240:c2081, adbfec77-7a0d-4773-aa56-ba0b778d0ab5:c2079, 90c45227-141f-43fe-b831-a2b91b39d6b0:c2079]
2019-07-14 06:25:54,213 INFO  client.GrpcClientProtocolClient (GrpcClientProtocolClient.java:onNext(255)) - client-D2340BF4DD29->f9fecd82-c7ae-483e-b259-6428f2dfb240: receive RaftClientReply:client-D2340BF4DD29->f9fecd82-c7ae-483e-b259-6428f2dfb240@group-7DE138E597A5, cid=1456, SUCCESS, logIndex=2081, commits[f9fecd82-c7ae-483e-b259-6428f2dfb240:c2081, adbfec77-7a0d-4773-aa56-ba0b778d0ab5:c2079, 90c45227-141f-43fe-b831-a2b91b39d6b0:c2079]
2019-07-14 06:25:54,213 INFO  client.GrpcClientProtocolClient (GrpcClientProtocolClient.java:onNext(255)) - client-D2340BF4DD29->f9fecd82-c7ae-483e-b259-6428f2dfb240: receive RaftClientReply:client-D2340BF4DD29->f9fecd82-c7ae-483e-b259-6428f2dfb240@group-7DE138E597A5, cid=1457, SUCCESS, logIndex=2082, commits[f9fecd82-c7ae-483e-b259-6428f2dfb240:c2083, adbfec77-7a0d-4773-aa56-ba0b778d0ab5:c2079, 90c45227-141f-43fe-b831-a2b91b39d6b0:c2079]
2019-07-14 06:25:54,213 INFO  client.GrpcClientProtocolClient (GrpcClientProtocolClient.java:onNext(255)) - client-D2340BF4DD29->f9fecd82-c7ae-483e-b259-6428f2dfb240: receive RaftClientReply:client-D2340BF4DD29->f9fecd82-c7ae-483e-b259-6428f2dfb240@group-7DE138E597A5, cid=1458, SUCCESS, logIndex=2083, commits[f9fecd82-c7ae-483e-b259-6428f2dfb240:c2083, adbfec77-7a0d-4773-aa56-ba0b778d0ab5:c2079, 90c45227-141f-43fe-b831-a2b91b39d6b0:c2079]
2019-07-14 06:25:54,226 INFO  client.GrpcClientProtocolClient (GrpcClientProtocolClient.java:onNext(255)) - client-D2340BF4DD29->f9fecd82-c7ae-483e-b259-6428f2dfb240: receive RaftClientReply:client-D2340BF4DD29->f9fecd82-c7ae-483e-b259-6428f2dfb240@group-7DE138E597A5, cid=1459, SUCCESS, logIndex=0, commits[f9fecd82-c7ae-483e-b259-6428f2dfb240:c2085, adbfec77-7a0d-4773-aa56-ba0b778d0ab5:c2081, 90c45227-141f-43fe-b831-a2b91b39d6b0:c2081]
2019-07-14 06:25:54,247 INFO  client.GrpcClientProtocolClient (GrpcClientProtocolClient.java:onNext(255)) - client-D2340BF4DD29->f9fecd82-c7ae-483e-b259-6428f2dfb240: receive RaftClientReply:client-D2340BF4DD29->f9fecd82-c7ae-483e-b259-6428f2dfb240@group-7DE138E597A5, cid=1460, SUCCESS, logIndex=2088, commits[f9fecd82-c7ae-483e-b259-6428f2dfb240:c2089, adbfec77-7a0d-4773-aa56-ba0b778d0ab5:c2087, 90c45227-141f-43fe-b831-a2b91b39d6b0:c2087]
2019-07-14 06:25:54,247 INFO  client.GrpcClientProtocolClient (GrpcClientProtocolClient.java:onNext(255)) - client-D2340BF4DD29->f9fecd82-c7ae-483e-b259-6428f2dfb240: receive RaftClientReply:client-D2340BF4DD29->f9fecd82-c7ae-483e-b259-6428f2dfb240@group-7DE138E597A5, cid=1461, SUCCESS, logIndex=2089, commits[f9fecd82-c7ae-483e-b259-6428f2dfb240:c2089, adbfec77-7a0d-4773-aa56-ba0b778d0ab5:c2087, 90c45227-141f-43fe-b831-a2b91b39d6b0:c2087]
2019-07-14 06:25:54,261 INFO  client.GrpcClientProtocolClient (GrpcClientProtocolClient.java:onNext(255)) - client-D2340BF4DD29->f9fecd82-c7ae-483e-b259-6428f2dfb240: receive RaftClientReply:client-D2340BF4DD29->f9fecd82-c7ae-483e-b259-6428f2dfb240@group-7DE138E597A5, cid=1462, SUCCESS, logIndex=2092, commits[f9fecd82-c7ae-483e-b259-6428f2dfb240:c2093, adbfec77-7a0d-4773-aa56-ba0b778d0ab5:c2089, 90c45227-141f-43fe-b831-a2b91b39d6b0:c2089]
2019-07-14 06:25:54,262 INFO  client.GrpcClientProtocolClient (GrpcClientProtocolClient.java:onNext(255)) - client-D2340BF4DD29->f9fecd82-c7ae-483e-b259-6428f2dfb240: receive RaftClientReply:client-D2340BF4DD29->f9fecd82-c7ae-483e-b259-6428f2dfb240@group-7DE138E597A5, cid=1463, SUCCESS, logIndex=2093, commits[f9fecd82-c7ae-483e-b259-6428f2dfb240:c2093, adbfec77-7a0d-4773-aa56-ba0b778d0ab5:c2089, 90c45227-141f-43fe-b831-a2b91b39d6b0:c2089]
2019-07-14 06:25:54,275 INFO  client.GrpcClientProtocolClient (GrpcClientProtocolClient.java:onNext(255)) - client-D2340BF4DD29->f9fecd82-c7ae-483e-b259-6428f2dfb240: receive RaftClientReply:client-D2340BF4DD29->f9fecd82-c7ae-483e-b259-6428f2dfb240@group-7DE138E597A5, cid=1464, SUCCESS, logIndex=0, commits[f9fecd82-c7ae-483e-b259-6428f2dfb240:c2095, adbfec77-7a0d-4773-aa56-ba0b778d0ab5:c2093, 90c45227-141f-43fe-b831-a2b91b39d6b0:c2093]
2019-07-14 06:25:54,303 INFO  client.GrpcClientProtocolClient (GrpcClientProtocolClient.java:onNext(255)) - client-D2340BF4DD29->f9fecd82-c7ae-483e-b259-6428f2dfb240: receive RaftClientReply:client-D2340BF4DD29->f9fecd82-c7ae-483e-b259-6428f2dfb240@group-7DE138E597A5, cid=1465, SUCCESS, logIndex=2096, commits[f9fecd82-c7ae-483e-b259-6428f2dfb240:c2098, adbfec77-7a0d-4773-aa56-ba0b778d0ab5:c2095, 90c45227-141f-43fe-b831-a2b91b39d6b0:c2095]
2019-07-14 06:25:54,304 INFO  client.GrpcClientProtocolClient (GrpcClientProtocolClient.java:onNext(255)) - client-D2340BF4DD29->f9fecd82-c7ae-483e-b259-6428f2dfb240: receive RaftClientReply:client-D2340BF4DD29->f9fecd82-c7ae-483e-b259-6428f2dfb240@group-7DE138E597A5, cid=1466, SUCCESS, logIndex=2097, commits[f9fecd82-c7ae-483e-b259-6428f2dfb240:c2099, adbfec77-7a0d-4773-aa56-ba0b778d0ab5:c2095, 90c45227-141f-43fe-b831-a2b91b39d6b0:c2095]
2019-07-14 06:25:54,304 INFO  client.GrpcClientProtocolClient (GrpcClientProtocolClient.java:onNext(255)) - client-D2340BF4DD29->f9fecd82-c7ae-483e-b259-6428f2dfb240: receive RaftClientReply:client-D2340BF4DD29->f9fecd82-c7ae-483e-b259-6428f2dfb240@group-7DE138E597A5, cid=1467, SUCCESS, logIndex=2098, commits[f9fecd82-c7ae-483e-b259-6428f2dfb240:c2099, adbfec77-7a0d-4773-aa56-ba0b778d0ab5:c2095, 90c45227-141f-43fe-b831-a2b91b39d6b0:c2095]
2019-07-14 06:25:54,304 INFO  client.GrpcClientProtocolClient (GrpcClientProtocolClient.java:onNext(255)) - client-D2340BF4DD29->f9fecd82-c7ae-483e-b259-6428f2dfb240: receive RaftClientReply:client-D2340BF4DD29->f9fecd82-c7ae-483e-b259-6428f2dfb240@group-7DE138E597A5, cid=1468, SUCCESS, logIndex=2099, commits[f9fecd82-c7ae-483e-b259-6428f2dfb240:c2099, adbfec77-7a0d-4773-aa56-ba0b778d0ab5:c2095, 90c45227-141f-43fe-b831-a2b91b39d6b0:c2095]
2019-07-14 06:25:54,307 INFO  client.GrpcClientProtocolClient (GrpcClientProtocolClient.java:onNext(255)) - client-D2340BF4DD29->f9fecd82-c7ae-483e-b259-6428f2dfb240: receive RaftClientReply:client-D2340BF4DD29->f9fecd82-c7ae-483e-b259-6428f2dfb240@group-7DE138E597A5, cid=1469, SUCCESS, logIndex=0, commits[f9fecd82-c7ae-483e-b259-6428f2dfb240:c2102, adbfec77-7a0d-4773-aa56-ba0b778d0ab5:c2097, 90c45227-141f-43fe-b831-a2b91b39d6b0:c2098]
2019-07-14 06:25:54,326 INFO  client.GrpcClientProtocolClient (GrpcClientProtocolClient.java:onNext(255)) - client-D2340BF4DD29->f9fecd82-c7ae-483e-b259-6428f2dfb240: receive RaftClientReply:client-D2340BF4DD29->f9fecd82-c7ae-483e-b259-6428f2dfb240@group-7DE138E597A5, cid=1470, SUCCESS, logIndex=2104, commits[f9fecd82-c7ae-483e-b259-6428f2dfb240:c2105, adbfec77-7a0d-4773-aa56-ba0b778d0ab5:c2103, 90c45227-141f-43fe-b831-a2b91b39d6b0:c2103]
2019-07-14 06:25:54,327 INFO  client.GrpcClientProtocolClient (GrpcClientProtocolClient.java:onNext(255)) - client-D2340BF4DD29->f9fecd82-c7ae-483e-b259-6428f2dfb240: receive RaftClientReply:client-D2340BF4DD29->f9fecd82-c7ae-483e-b259-6428f2dfb240@group-7DE138E597A5, cid=1471, SUCCESS, logIndex=2105, commits[f9fecd82-c7ae-483e-b259-6428f2dfb240:c2105, adbfec77-7a0d-4773-aa56-ba0b778d0ab5:c2103, 90c45227-141f-43fe-b831-a2b91b39d6b0:c2103]
2019-07-14 06:25:54,436 INFO  client.GrpcClientProtocolClient (GrpcClientProtocolClient.java:onNext(255)) - client-D2340BF4DD29->f9fecd82-c7ae-483e-b259-6428f2dfb240: receive RaftClientReply:client-D2340BF4DD29->f9fecd82-c7ae-483e-b259-6428f2dfb240@group-7DE138E597A5, cid=1472, SUCCESS, logIndex=2108, commits[f9fecd82-c7ae-483e-b259-6428f2dfb240:c2108, adbfec77-7a0d-4773-aa56-ba0b778d0ab5:c2105, 90c45227-141f-43fe-b831-a2b91b39d6b0:c2105]
2019-07-14 06:25:54,436 INFO  client.GrpcClientProtocolClient (GrpcClientProtocolClient.java:onNext(255)) - client-D2340BF4DD29->f9fecd82-c7ae-483e-b259-6428f2dfb240: receive RaftClientReply:client-D2340BF4DD29->f9fecd82-c7ae-483e-b259-6428f2dfb240@group-7DE138E597A5, cid=1473, SUCCESS, logIndex=2109, commits[f9fecd82-c7ae-483e-b259-6428f2dfb240:c2109, adbfec77-7a0d-4773-aa56-ba0b778d0ab5:c2105, 90c45227-141f-43fe-b831-a2b91b39d6b0:c2105]
2019-07-14 06:25:54,449 INFO  client.GrpcClientProtocolClient (GrpcClientProtocolClient.java:onNext(255)) - client-D2340BF4DD29->f9fecd82-c7ae-483e-b259-6428f2dfb240: receive RaftClientReply:client-D2340BF4DD29->f9fecd82-c7ae-483e-b259-6428f2dfb240@group-7DE138E597A5, cid=1474, SUCCESS, logIndex=0, commits[f9fecd82-c7ae-483e-b259-6428f2dfb240:c2111, adbfec77-7a0d-4773-aa56-ba0b778d0ab5:c2109, 90c45227-141f-43fe-b831-a2b91b39d6b0:c2109]
2019-07-14 06:25:54,479 INFO  client.GrpcClientProtocolClient (GrpcClientProtocolClient.java:onNext(255)) - client-D2340BF4DD29->f9fecd82-c7ae-483e-b259-6428f2dfb240: receive RaftClientReply:client-D2340BF4DD29->f9fecd82-c7ae-483e-b259-6428f2dfb240@group-7DE138E597A5, cid=1475, SUCCESS, logIndex=2112, commits[f9fecd82-c7ae-483e-b259-6428f2dfb240:c2114, adbfec77-7a0d-4773-aa56-ba0b778d0ab5:c2111, 90c45227-141f-43fe-b831-a2b91b39d6b0:c2111]
2019-07-14 06:25:54,480 INFO  client.GrpcClientProtocolClient (GrpcClientProtocolClient.java:onNext(255)) - client-D2340BF4DD29->f9fecd82-c7ae-483e-b259-6428f2dfb240: receive RaftClientReply:client-D2340BF4DD29->f9fecd82-c7ae-483e-b259-6428f2dfb240@group-7DE138E597A5, cid=1476, SUCCESS, logIndex=2113, commits[f9fecd82-c7ae-483e-b259-6428f2dfb240:c2115, adbfec77-7a0d-4773-aa56-ba0b778d0ab5:c2111, 90c45227-141f-43fe-b831-a2b91b39d6b0:c2111]
2019-07-14 06:25:54,480 INFO  client.GrpcClientProtocolClient (GrpcClientProtocolClient.java:onNext(255)) - client-D2340BF4DD29->f9fecd82-c7ae-483e-b259-6428f2dfb240: receive RaftClientReply:client-D2340BF4DD29->f9fecd82-c7ae-483e-b259-6428f2dfb240@group-7DE138E597A5, cid=1477, SUCCESS, logIndex=2114, commits[f9fecd82-c7ae-483e-b259-6428f2dfb240:c2115, adbfec77-7a0d-4773-aa56-ba0b778d0ab5:c2111, 90c45227-141f-43fe-b831-a2b91b39d6b0:c2111]
2019-07-14 06:25:54,481 INFO  client.GrpcClientProtocolClient (GrpcClientProtocolClient.java:onNext(255)) - client-D2340BF4DD29->f9fecd82-c7ae-483e-b259-6428f2dfb240: receive RaftClientReply:client-D2340BF4DD29->f9fecd82-c7ae-483e-b259-6428f2dfb240@group-7DE138E597A5, cid=1478, SUCCESS, logIndex=2115, commits[f9fecd82-c7ae-483e-b259-6428f2dfb240:c2116, adbfec77-7a0d-4773-aa56-ba0b778d0ab5:c2113, 90c45227-141f-43fe-b831-a2b91b39d6b0:c2111]
2019-07-14 06:25:54,483 INFO  client.GrpcClientProtocolClient (GrpcClientProtocolClient.java:onNext(255)) - client-D2340BF4DD29->f9fecd82-c7ae-483e-b259-6428f2dfb240: receive RaftClientReply:client-D2340BF4DD29->f9fecd82-c7ae-483e-b259-6428f2dfb240@group-7DE138E597A5, cid=1479, SUCCESS, logIndex=0, commits[f9fecd82-c7ae-483e-b259-6428f2dfb240:c2116, adbfec77-7a0d-4773-aa56-ba0b778d0ab5:c2113, 90c45227-141f-43fe-b831-a2b91b39d6b0:c2113]
2019-07-14 06:25:54,496 INFO  client.GrpcClientProtocolClient (GrpcClientProtocolClient.java:onNext(255)) - client-D2340BF4DD29->f9fecd82-c7ae-483e-b259-6428f2dfb240: receive RaftClientReply:client-D2340BF4DD29->f9fecd82-c7ae-483e-b259-6428f2dfb240@group-7DE138E597A5, cid=1480, SUCCESS, logIndex=2120, commits[f9fecd82-c7ae-483e-b259-6428f2dfb240:c2121, adbfec77-7a0d-4773-aa56-ba0b778d0ab5:c2117, 90c45227-141f-43fe-b831-a2b91b39d6b0:c2115]
2019-07-14 06:25:54,497 INFO  client.GrpcClientProtocolClient (GrpcClientProtocolClient.java:onNext(255)) - client-D2340BF4DD29->f9fecd82-c7ae-483e-b259-6428f2dfb240: receive RaftClientReply:client-D2340BF4DD29->f9fecd82-c7ae-483e-b259-6428f2dfb240@group-7DE138E597A5, cid=1481, SUCCESS, logIndex=2121, commits[f9fecd82-c7ae-483e-b259-6428f2dfb240:c2121, adbfec77-7a0d-4773-aa56-ba0b778d0ab5:c2117, 90c45227-141f-43fe-b831-a2b91b39d6b0:c2117]
2019-07-14 06:25:54,510 INFO  client.GrpcClientProtocolClient (GrpcClientProtocolClient.java:onNext(255)) - client-D2340BF4DD29->f9fecd82-c7ae-483e-b259-6428f2dfb240: receive RaftClientReply:client-D2340BF4DD29->f9fecd82-c7ae-483e-b259-6428f2dfb240@group-7DE138E597A5, cid=1482, SUCCESS, logIndex=2123, commits[f9fecd82-c7ae-483e-b259-6428f2dfb240:c2124, adbfec77-7a0d-4773-aa56-ba0b778d0ab5:c2121, 90c45227-141f-43fe-b831-a2b91b39d6b0:c2121]
2019-07-14 06:25:54,510 INFO  client.GrpcClientProtocolClient (GrpcClientProtocolClient.java:onNext(255)) - client-D2340BF4DD29->f9fecd82-c7ae-483e-b259-6428f2dfb240: receive RaftClientReply:client-D2340BF4DD29->f9fecd82-c7ae-483e-b259-6428f2dfb240@group-7DE138E597A5, cid=1483, SUCCESS, logIndex=2124, commits[f9fecd82-c7ae-483e-b259-6428f2dfb240:c2124, adbfec77-7a0d-4773-aa56-ba0b778d0ab5:c2121, 90c45227-141f-43fe-b831-a2b91b39d6b0:c2121]
2019-07-14 06:25:54,524 INFO  client.GrpcClientProtocolClient (GrpcClientProtocolClient.java:onNext(255)) - client-D2340BF4DD29->f9fecd82-c7ae-483e-b259-6428f2dfb240: receive RaftClientReply:client-D2340BF4DD29->f9fecd82-c7ae-483e-b259-6428f2dfb240@group-7DE138E597A5, cid=1484, SUCCESS, logIndex=0, commits[f9fecd82-c7ae-483e-b259-6428f2dfb240:c2126, adbfec77-7a0d-4773-aa56-ba0b778d0ab5:c2124, 90c45227-141f-43fe-b831-a2b91b39d6b0:c2124]
2019-07-14 06:25:54,554 INFO  client.GrpcClientProtocolClient (GrpcClientProtocolClient.java:onNext(255)) - client-D2340BF4DD29->f9fecd82-c7ae-483e-b259-6428f2dfb240: receive RaftClientReply:client-D2340BF4DD29->f9fecd82-c7ae-483e-b259-6428f2dfb240@group-7DE138E597A5, cid=1485, SUCCESS, logIndex=2127, commits[f9fecd82-c7ae-483e-b259-6428f2dfb240:c2128, adbfec77-7a0d-4773-aa56-ba0b778d0ab5:c2126, 90c45227-141f-43fe-b831-a2b91b39d6b0:c2126]
2019-07-14 06:25:54,555 INFO  client.GrpcClientProtocolClient (GrpcClientProtocolClient.java:onNext(255)) - client-D2340BF4DD29->f9fecd82-c7ae-483e-b259-6428f2dfb240: receive RaftClientReply:client-D2340BF4DD29->f9fecd82-c7ae-483e-b259-6428f2dfb240@group-7DE138E597A5, cid=1486, SUCCESS, logIndex=2128, commits[f9fecd82-c7ae-483e-b259-6428f2dfb240:c2130, adbfec77-7a0d-4773-aa56-ba0b778d0ab5:c2126, 90c45227-141f-43fe-b831-a2b91b39d6b0:c2126]
2019-07-14 06:25:54,555 INFO  client.GrpcClientProtocolClient (GrpcClientProtocolClient.java:onNext(255)) - client-D2340BF4DD29->f9fecd82-c7ae-483e-b259-6428f2dfb240: receive RaftClientReply:client-D2340BF4DD29->f9fecd82-c7ae-483e-b259-6428f2dfb240@group-7DE138E597A5, cid=1487, SUCCESS, logIndex=2129, commits[f9fecd82-c7ae-483e-b259-6428f2dfb240:c2130, adbfec77-7a0d-4773-aa56-ba0b778d0ab5:c2126, 90c45227-141f-43fe-b831-a2b91b39d6b0:c2126]
2019-07-14 06:25:54,555 INFO  client.GrpcClientProtocolClient (GrpcClientProtocolClient.java:onNext(255)) - client-D2340BF4DD29->f9fecd82-c7ae-483e-b259-6428f2dfb240: receive RaftClientReply:client-D2340BF4DD29->f9fecd82-c7ae-483e-b259-6428f2dfb240@group-7DE138E597A5, cid=1488, SUCCESS, logIndex=2130, commits[f9fecd82-c7ae-483e-b259-6428f2dfb240:c2131, adbfec77-7a0d-4773-aa56-ba0b778d0ab5:c2127, 90c45227-141f-43fe-b831-a2b91b39d6b0:c2127]
2019-07-14 06:25:54,557 INFO  client.GrpcClientProtocolClient (GrpcClientProtocolClient.java:onNext(255)) - client-D2340BF4DD29->f9fecd82-c7ae-483e-b259-6428f2dfb240: receive RaftClientReply:client-D2340BF4DD29->f9fecd82-c7ae-483e-b259-6428f2dfb240@group-7DE138E597A5, cid=1489, SUCCESS, logIndex=0, commits[f9fecd82-c7ae-483e-b259-6428f2dfb240:c2132, adbfec77-7a0d-4773-aa56-ba0b778d0ab5:c2128, 90c45227-141f-43fe-b831-a2b91b39d6b0:c2128]
2019-07-14 06:25:54,578 INFO  client.GrpcClientProtocolClient (GrpcClientProtocolClient.java:onNext(255)) - client-D2340BF4DD29->f9fecd82-c7ae-483e-b259-6428f2dfb240: receive RaftClientReply:client-D2340BF4DD29->f9fecd82-c7ae-483e-b259-6428f2dfb240@group-7DE138E597A5, cid=1490, SUCCESS, logIndex=2135, commits[f9fecd82-c7ae-483e-b259-6428f2dfb240:c2136, adbfec77-7a0d-4773-aa56-ba0b778d0ab5:c2134, 90c45227-141f-43fe-b831-a2b91b39d6b0:c2134]
2019-07-14 06:25:54,578 INFO  client.GrpcClientProtocolClient (GrpcClientProtocolClient.java:onNext(255)) - client-D2340BF4DD29->f9fecd82-c7ae-483e-b259-6428f2dfb240: receive RaftClientReply:client-D2340BF4DD29->f9fecd82-c7ae-483e-b259-6428f2dfb240@group-7DE138E597A5, cid=1491, SUCCESS, logIndex=2136, commits[f9fecd82-c7ae-483e-b259-6428f2dfb240:c2136, adbfec77-7a0d-4773-aa56-ba0b778d0ab5:c2134, 90c45227-141f-43fe-b831-a2b91b39d6b0:c2134]
2019-07-14 06:25:54,591 INFO  client.GrpcClientProtocolClient (GrpcClientProtocolClient.java:onNext(255)) - client-D2340BF4DD29->f9fecd82-c7ae-483e-b259-6428f2dfb240: receive RaftClientReply:client-D2340BF4DD29->f9fecd82-c7ae-483e-b259-6428f2dfb240@group-7DE138E597A5, cid=1492, SUCCESS, logIndex=2139, commits[f9fecd82-c7ae-483e-b259-6428f2dfb240:c2139, adbfec77-7a0d-4773-aa56-ba0b778d0ab5:c2136, 90c45227-141f-43fe-b831-a2b91b39d6b0:c2136]
2019-07-14 06:25:54,592 INFO  client.GrpcClientProtocolClient (GrpcClientProtocolClient.java:onNext(255)) - client-D2340BF4DD29->f9fecd82-c7ae-483e-b259-6428f2dfb240: receive RaftClientReply:client-D2340BF4DD29->f9fecd82-c7ae-483e-b259-6428f2dfb240@group-7DE138E597A5, cid=1493, SUCCESS, logIndex=2140, commits[f9fecd82-c7ae-483e-b259-6428f2dfb240:c2140, adbfec77-7a0d-4773-aa56-ba0b778d0ab5:c2136, 90c45227-141f-43fe-b831-a2b91b39d6b0:c2136]
 0.00% |█                                                                                                    |  0/1 Time: 0:00:092019-07-14 06:25:54,605 INFO  client.GrpcClientProtocolClient (GrpcClientProtocolClient.java:onNext(255)) - client-D2340BF4DD29->f9fecd82-c7ae-483e-b259-6428f2dfb240: receive RaftClientReply:client-D2340BF4DD29->f9fecd82-c7ae-483e-b259-6428f2dfb240@group-7DE138E597A5, cid=1494, SUCCESS, logIndex=0, commits[f9fecd82-c7ae-483e-b259-6428f2dfb240:c2142, adbfec77-7a0d-4773-aa56-ba0b778d0ab5:c2140, 90c45227-141f-43fe-b831-a2b91b39d6b0:c2140]
2019-07-14 06:25:54,632 INFO  client.GrpcClientProtocolClient (GrpcClientProtocolClient.java:onNext(255)) - client-D2340BF4DD29->f9fecd82-c7ae-483e-b259-6428f2dfb240: receive RaftClientReply:client-D2340BF4DD29->f9fecd82-c7ae-483e-b259-6428f2dfb240@group-7DE138E597A5, cid=1495, SUCCESS, logIndex=2143, commits[f9fecd82-c7ae-483e-b259-6428f2dfb240:c2146, adbfec77-7a0d-4773-aa56-ba0b778d0ab5:c2142, 90c45227-141f-43fe-b831-a2b91b39d6b0:c2142]
2019-07-14 06:25:54,632 INFO  client.GrpcClientProtocolClient (GrpcClientProtocolClient.java:onNext(255)) - client-D2340BF4DD29->f9fecd82-c7ae-483e-b259-6428f2dfb240: receive RaftClientReply:client-D2340BF4DD29->f9fecd82-c7ae-483e-b259-6428f2dfb240@group-7DE138E597A5, cid=1496, SUCCESS, logIndex=2144, commits[f9fecd82-c7ae-483e-b259-6428f2dfb240:c2146, adbfec77-7a0d-4773-aa56-ba0b778d0ab5:c2142, 90c45227-141f-43fe-b831-a2b91b39d6b0:c2142]
2019-07-14 06:25:54,632 INFO  client.GrpcClientProtocolClient (GrpcClientProtocolClient.java:onNext(255)) - client-D2340BF4DD29->f9fecd82-c7ae-483e-b259-6428f2dfb240: receive RaftClientReply:client-D2340BF4DD29->f9fecd82-c7ae-483e-b259-6428f2dfb240@group-7DE138E597A5, cid=1497, SUCCESS, logIndex=2145, commits[f9fecd82-c7ae-483e-b259-6428f2dfb240:c2146, adbfec77-7a0d-4773-aa56-ba0b778d0ab5:c2142, 90c45227-141f-43fe-b831-a2b91b39d6b0:c2142]
2019-07-14 06:25:54,633 INFO  client.GrpcClientProtocolClient (GrpcClientProtocolClient.java:onNext(255)) - client-D2340BF4DD29->f9fecd82-c7ae-483e-b259-6428f2dfb240: receive RaftClientReply:client-D2340BF4DD29->f9fecd82-c7ae-483e-b259-6428f2dfb240@group-7DE138E597A5, cid=1498, SUCCESS, logIndex=2146, commits[f9fecd82-c7ae-483e-b259-6428f2dfb240:c2146, adbfec77-7a0d-4773-aa56-ba0b778d0ab5:c2142, 90c45227-141f-43fe-b831-a2b91b39d6b0:c2142]
2019-07-14 06:25:54,646 INFO  client.GrpcClientProtocolClient (GrpcClientProtocolClient.java:onNext(255)) - client-D2340BF4DD29->f9fecd82-c7ae-483e-b259-6428f2dfb240: receive RaftClientReply:client-D2340BF4DD29->f9fecd82-c7ae-483e-b259-6428f2dfb240@group-7DE138E597A5, cid=1499, SUCCESS, logIndex=0, commits[f9fecd82-c7ae-483e-b259-6428f2dfb240:c2149, adbfec77-7a0d-4773-aa56-ba0b778d0ab5:c2145, 90c45227-141f-43fe-b831-a2b91b39d6b0:c2144]
2019-07-14 06:25:54,656 INFO  client.GrpcClientProtocolClient (GrpcClientProtocolClient.java:onNext(255)) - client-D2340BF4DD29->f9fecd82-c7ae-483e-b259-6428f2dfb240: receive RaftClientReply:client-D2340BF4DD29->f9fecd82-c7ae-483e-b259-6428f2dfb240@group-7DE138E597A5, cid=1500, SUCCESS, logIndex=2151, commits[f9fecd82-c7ae-483e-b259-6428f2dfb240:c2152, adbfec77-7a0d-4773-aa56-ba0b778d0ab5:c2150, 90c45227-141f-43fe-b831-a2b91b39d6b0:c2146]
2019-07-14 06:25:54,656 INFO  client.GrpcClientProtocolClient (GrpcClientProtocolClient.java:onNext(255)) - client-D2340BF4DD29->f9fecd82-c7ae-483e-b259-6428f2dfb240: receive RaftClientReply:client-D2340BF4DD29->f9fecd82-c7ae-483e-b259-6428f2dfb240@group-7DE138E597A5, cid=1501, SUCCESS, logIndex=2152, commits[f9fecd82-c7ae-483e-b259-6428f2dfb240:c2152, adbfec77-7a0d-4773-aa56-ba0b778d0ab5:c2150, 90c45227-141f-43fe-b831-a2b91b39d6b0:c2146]
2019-07-14 06:25:54,692 INFO  client.GrpcClientProtocolClient (GrpcClientProtocolClient.java:onNext(255)) - client-D2340BF4DD29->f9fecd82-c7ae-483e-b259-6428f2dfb240: receive RaftClientReply:client-D2340BF4DD29->f9fecd82-c7ae-483e-b259-6428f2dfb240@group-7DE138E597A5, cid=1502, SUCCESS, logIndex=2155, commits[f9fecd82-c7ae-483e-b259-6428f2dfb240:c2156, adbfec77-7a0d-4773-aa56-ba0b778d0ab5:c2154, 90c45227-141f-43fe-b831-a2b91b39d6b0:c2154]
2019-07-14 06:25:54,693 INFO  client.GrpcClientProtocolClient (GrpcClientProtocolClient.java:onNext(255)) - client-D2340BF4DD29->f9fecd82-c7ae-483e-b259-6428f2dfb240: receive RaftClientReply:client-D2340BF4DD29->f9fecd82-c7ae-483e-b259-6428f2dfb240@group-7DE138E597A5, cid=1503, SUCCESS, logIndex=2156, commits[f9fecd82-c7ae-483e-b259-6428f2dfb240:c2156, adbfec77-7a0d-4773-aa56-ba0b778d0ab5:c2154, 90c45227-141f-43fe-b831-a2b91b39d6b0:c2154]
2019-07-14 06:25:54,704 INFO  client.GrpcClientProtocolClient (GrpcClientProtocolClient.java:onNext(255)) - client-D2340BF4DD29->f9fecd82-c7ae-483e-b259-6428f2dfb240: receive RaftClientReply:client-D2340BF4DD29->f9fecd82-c7ae-483e-b259-6428f2dfb240@group-7DE138E597A5, cid=1504, SUCCESS, logIndex=0, commits[f9fecd82-c7ae-483e-b259-6428f2dfb240:c2157, adbfec77-7a0d-4773-aa56-ba0b778d0ab5:c2156, 90c45227-141f-43fe-b831-a2b91b39d6b0:c2156]
2019-07-14 06:25:54,731 INFO  client.GrpcClientProtocolClient (GrpcClientProtocolClient.java:onNext(255)) - client-D2340BF4DD29->f9fecd82-c7ae-483e-b259-6428f2dfb240: receive RaftClientReply:client-D2340BF4DD29->f9fecd82-c7ae-483e-b259-6428f2dfb240@group-7DE138E597A5, cid=1505, SUCCESS, logIndex=2159, commits[f9fecd82-c7ae-483e-b259-6428f2dfb240:c2160, adbfec77-7a0d-4773-aa56-ba0b778d0ab5:c2158, 90c45227-141f-43fe-b831-a2b91b39d6b0:c2158]
2019-07-14 06:25:54,732 INFO  client.GrpcClientProtocolClient (GrpcClientProtocolClient.java:onNext(255)) - client-D2340BF4DD29->f9fecd82-c7ae-483e-b259-6428f2dfb240: receive RaftClientReply:client-D2340BF4DD29->f9fecd82-c7ae-483e-b259-6428f2dfb240@group-7DE138E597A5, cid=1506, SUCCESS, logIndex=2160, commits[f9fecd82-c7ae-483e-b259-6428f2dfb240:c2162, adbfec77-7a0d-4773-aa56-ba0b778d0ab5:c2158, 90c45227-141f-43fe-b831-a2b91b39d6b0:c2158]
2019-07-14 06:25:54,732 INFO  client.GrpcClientProtocolClient (GrpcClientProtocolClient.java:onNext(255)) - client-D2340BF4DD29->f9fecd82-c7ae-483e-b259-6428f2dfb240: receive RaftClientReply:client-D2340BF4DD29->f9fecd82-c7ae-483e-b259-6428f2dfb240@group-7DE138E597A5, cid=1507, SUCCESS, logIndex=2161, commits[f9fecd82-c7ae-483e-b259-6428f2dfb240:c2162, adbfec77-7a0d-4773-aa56-ba0b778d0ab5:c2158, 90c45227-141f-43fe-b831-a2b91b39d6b0:c2158]
2019-07-14 06:25:54,732 INFO  client.GrpcClientProtocolClient (GrpcClientProtocolClient.java:onNext(255)) - client-D2340BF4DD29->f9fecd82-c7ae-483e-b259-6428f2dfb240: receive RaftClientReply:client-D2340BF4DD29->f9fecd82-c7ae-483e-b259-6428f2dfb240@group-7DE138E597A5, cid=1508, SUCCESS, logIndex=2162, commits[f9fecd82-c7ae-483e-b259-6428f2dfb240:c2162, adbfec77-7a0d-4773-aa56-ba0b778d0ab5:c2158, 90c45227-141f-43fe-b831-a2b91b39d6b0:c2158]
2019-07-14 06:25:54,745 INFO  client.GrpcClientProtocolClient (GrpcClientProtocolClient.java:onNext(255)) - client-D2340BF4DD29->f9fecd82-c7ae-483e-b259-6428f2dfb240: receive RaftClientReply:client-D2340BF4DD29->f9fecd82-c7ae-483e-b259-6428f2dfb240@group-7DE138E597A5, cid=1509, SUCCESS, logIndex=0, commits[f9fecd82-c7ae-483e-b259-6428f2dfb240:c2164, adbfec77-7a0d-4773-aa56-ba0b778d0ab5:c2160, 90c45227-141f-43fe-b831-a2b91b39d6b0:c2160]
2019-07-14 06:25:54,765 INFO  client.GrpcClientProtocolClient (GrpcClientProtocolClient.java:onNext(255)) - client-D2340BF4DD29->f9fecd82-c7ae-483e-b259-6428f2dfb240: receive RaftClientReply:client-D2340BF4DD29->f9fecd82-c7ae-483e-b259-6428f2dfb240@group-7DE138E597A5, cid=1510, SUCCESS, logIndex=2166, commits[f9fecd82-c7ae-483e-b259-6428f2dfb240:c2167, adbfec77-7a0d-4773-aa56-ba0b778d0ab5:c2165, 90c45227-141f-43fe-b831-a2b91b39d6b0:c2165]
2019-07-14 06:25:54,765 INFO  client.GrpcClientProtocolClient (GrpcClientProtocolClient.java:onNext(255)) - client-D2340BF4DD29->f9fecd82-c7ae-483e-b259-6428f2dfb240: receive RaftClientReply:client-D2340BF4DD29->f9fecd82-c7ae-483e-b259-6428f2dfb240@group-7DE138E597A5, cid=1511, SUCCESS, logIndex=2167, commits[f9fecd82-c7ae-483e-b259-6428f2dfb240:c2167, adbfec77-7a0d-4773-aa56-ba0b778d0ab5:c2165, 90c45227-141f-43fe-b831-a2b91b39d6b0:c2165]
2019-07-14 06:25:54,778 INFO  client.GrpcClientProtocolClient (GrpcClientProtocolClient.java:onNext(255)) - client-D2340BF4DD29->f9fecd82-c7ae-483e-b259-6428f2dfb240: receive RaftClientReply:client-D2340BF4DD29->f9fecd82-c7ae-483e-b259-6428f2dfb240@group-7DE138E597A5, cid=1512, SUCCESS, logIndex=2170, commits[f9fecd82-c7ae-483e-b259-6428f2dfb240:c2171, adbfec77-7a0d-4773-aa56-ba0b778d0ab5:c2167, 90c45227-141f-43fe-b831-a2b91b39d6b0:c2167]
2019-07-14 06:25:54,779 INFO  client.GrpcClientProtocolClient (GrpcClientProtocolClient.java:onNext(255)) - client-D2340BF4DD29->f9fecd82-c7ae-483e-b259-6428f2dfb240: receive RaftClientReply:client-D2340BF4DD29->f9fecd82-c7ae-483e-b259-6428f2dfb240@group-7DE138E597A5, cid=1513, SUCCESS, logIndex=2171, commits[f9fecd82-c7ae-483e-b259-6428f2dfb240:c2171, adbfec77-7a0d-4773-aa56-ba0b778d0ab5:c2167, 90c45227-141f-43fe-b831-a2b91b39d6b0:c2167]
2019-07-14 06:25:54,793 INFO  client.GrpcClientProtocolClient (GrpcClientProtocolClient.java:onNext(255)) - client-D2340BF4DD29->f9fecd82-c7ae-483e-b259-6428f2dfb240: receive RaftClientReply:client-D2340BF4DD29->f9fecd82-c7ae-483e-b259-6428f2dfb240@group-7DE138E597A5, cid=1514, SUCCESS, logIndex=0, commits[f9fecd82-c7ae-483e-b259-6428f2dfb240:c2173, adbfec77-7a0d-4773-aa56-ba0b778d0ab5:c2171, 90c45227-141f-43fe-b831-a2b91b39d6b0:c2171]
2019-07-14 06:25:54,819 INFO  client.GrpcClientProtocolClient (GrpcClientProtocolClient.java:onNext(255)) - client-D2340BF4DD29->f9fecd82-c7ae-483e-b259-6428f2dfb240: receive RaftClientReply:client-D2340BF4DD29->f9fecd82-c7ae-483e-b259-6428f2dfb240@group-7DE138E597A5, cid=1515, SUCCESS, logIndex=2174, commits[f9fecd82-c7ae-483e-b259-6428f2dfb240:c2175, adbfec77-7a0d-4773-aa56-ba0b778d0ab5:c2173, 90c45227-141f-43fe-b831-a2b91b39d6b0:c2173]
2019-07-14 06:25:54,820 INFO  client.GrpcClientProtocolClient (GrpcClientProtocolClient.java:onNext(255)) - client-D2340BF4DD29->f9fecd82-c7ae-483e-b259-6428f2dfb240: receive RaftClientReply:client-D2340BF4DD29->f9fecd82-c7ae-483e-b259-6428f2dfb240@group-7DE138E597A5, cid=1516, SUCCESS, logIndex=2175, commits[f9fecd82-c7ae-483e-b259-6428f2dfb240:c2175, adbfec77-7a0d-4773-aa56-ba0b778d0ab5:c2173, 90c45227-141f-43fe-b831-a2b91b39d6b0:c2173]
2019-07-14 06:25:54,821 INFO  client.GrpcClientProtocolClient (GrpcClientProtocolClient.java:onNext(255)) - client-D2340BF4DD29->f9fecd82-c7ae-483e-b259-6428f2dfb240: receive RaftClientReply:client-D2340BF4DD29->f9fecd82-c7ae-483e-b259-6428f2dfb240@group-7DE138E597A5, cid=1517, SUCCESS, logIndex=2176, commits[f9fecd82-c7ae-483e-b259-6428f2dfb240:c2177, adbfec77-7a0d-4773-aa56-ba0b778d0ab5:c2173, 90c45227-141f-43fe-b831-a2b91b39d6b0:c2173]
2019-07-14 06:25:54,821 INFO  client.GrpcClientProtocolClient (GrpcClientProtocolClient.java:onNext(255)) - client-D2340BF4DD29->f9fecd82-c7ae-483e-b259-6428f2dfb240: receive RaftClientReply:client-D2340BF4DD29->f9fecd82-c7ae-483e-b259-6428f2dfb240@group-7DE138E597A5, cid=1518, SUCCESS, logIndex=2177, commits[f9fecd82-c7ae-483e-b259-6428f2dfb240:c2177, adbfec77-7a0d-4773-aa56-ba0b778d0ab5:c2173, 90c45227-141f-43fe-b831-a2b91b39d6b0:c2173]
2019-07-14 06:25:54,822 INFO  client.GrpcClientProtocolClient (GrpcClientProtocolClient.java:onNext(255)) - client-D2340BF4DD29->f9fecd82-c7ae-483e-b259-6428f2dfb240: receive RaftClientReply:client-D2340BF4DD29->f9fecd82-c7ae-483e-b259-6428f2dfb240@group-7DE138E597A5, cid=1519, SUCCESS, logIndex=0, commits[f9fecd82-c7ae-483e-b259-6428f2dfb240:c2179, adbfec77-7a0d-4773-aa56-ba0b778d0ab5:c2175, 90c45227-141f-43fe-b831-a2b91b39d6b0:c2175]
2019-07-14 06:25:54,842 INFO  client.GrpcClientProtocolClient (GrpcClientProtocolClient.java:onNext(255)) - client-D2340BF4DD29->f9fecd82-c7ae-483e-b259-6428f2dfb240: receive RaftClientReply:client-D2340BF4DD29->f9fecd82-c7ae-483e-b259-6428f2dfb240@group-7DE138E597A5, cid=1520, SUCCESS, logIndex=2182, commits[f9fecd82-c7ae-483e-b259-6428f2dfb240:c2183, adbfec77-7a0d-4773-aa56-ba0b778d0ab5:c2181, 90c45227-141f-43fe-b831-a2b91b39d6b0:c2181]
2019-07-14 06:25:54,843 INFO  client.GrpcClientProtocolClient (GrpcClientProtocolClient.java:onNext(255)) - client-D2340BF4DD29->f9fecd82-c7ae-483e-b259-6428f2dfb240: receive RaftClientReply:client-D2340BF4DD29->f9fecd82-c7ae-483e-b259-6428f2dfb240@group-7DE138E597A5, cid=1521, SUCCESS, logIndex=2183, commits[f9fecd82-c7ae-483e-b259-6428f2dfb240:c2183, adbfec77-7a0d-4773-aa56-ba0b778d0ab5:c2181, 90c45227-141f-43fe-b831-a2b91b39d6b0:c2181]
2019-07-14 06:25:54,858 INFO  client.GrpcClientProtocolClient (GrpcClientProtocolClient.java:onNext(255)) - client-D2340BF4DD29->f9fecd82-c7ae-483e-b259-6428f2dfb240: receive RaftClientReply:client-D2340BF4DD29->f9fecd82-c7ae-483e-b259-6428f2dfb240@group-7DE138E597A5, cid=1522, SUCCESS, logIndex=2186, commits[f9fecd82-c7ae-483e-b259-6428f2dfb240:c2186, adbfec77-7a0d-4773-aa56-ba0b778d0ab5:c2183, 90c45227-141f-43fe-b831-a2b91b39d6b0:c2183]
2019-07-14 06:25:54,858 INFO  client.GrpcClientProtocolClient (GrpcClientProtocolClient.java:onNext(255)) - client-D2340BF4DD29->f9fecd82-c7ae-483e-b259-6428f2dfb240: receive RaftClientReply:client-D2340BF4DD29->f9fecd82-c7ae-483e-b259-6428f2dfb240@group-7DE138E597A5, cid=1523, SUCCESS, logIndex=2187, commits[f9fecd82-c7ae-483e-b259-6428f2dfb240:c2187, adbfec77-7a0d-4773-aa56-ba0b778d0ab5:c2183, 90c45227-141f-43fe-b831-a2b91b39d6b0:c2183]
2019-07-14 06:25:54,871 INFO  client.GrpcClientProtocolClient (GrpcClientProtocolClient.java:onNext(255)) - client-D2340BF4DD29->f9fecd82-c7ae-483e-b259-6428f2dfb240: receive RaftClientReply:client-D2340BF4DD29->f9fecd82-c7ae-483e-b259-6428f2dfb240@group-7DE138E597A5, cid=1524, SUCCESS, logIndex=0, commits[f9fecd82-c7ae-483e-b259-6428f2dfb240:c2189, adbfec77-7a0d-4773-aa56-ba0b778d0ab5:c2187, 90c45227-141f-43fe-b831-a2b91b39d6b0:c2187]
2019-07-14 06:25:54,900 INFO  client.GrpcClientProtocolClient (GrpcClientProtocolClient.java:onNext(255)) - client-D2340BF4DD29->f9fecd82-c7ae-483e-b259-6428f2dfb240: receive RaftClientReply:client-D2340BF4DD29->f9fecd82-c7ae-483e-b259-6428f2dfb240@group-7DE138E597A5, cid=1525, SUCCESS, logIndex=2190, commits[f9fecd82-c7ae-483e-b259-6428f2dfb240:c2193, adbfec77-7a0d-4773-aa56-ba0b778d0ab5:c2189, 90c45227-141f-43fe-b831-a2b91b39d6b0:c2189]
2019-07-14 06:25:54,902 INFO  client.GrpcClientProtocolClient (GrpcClientProtocolClient.java:onNext(255)) - client-D2340BF4DD29->f9fecd82-c7ae-483e-b259-6428f2dfb240: receive RaftClientReply:client-D2340BF4DD29->f9fecd82-c7ae-483e-b259-6428f2dfb240@group-7DE138E597A5, cid=1526, SUCCESS, logIndex=2191, commits[f9fecd82-c7ae-483e-b259-6428f2dfb240:c2193, adbfec77-7a0d-4773-aa56-ba0b778d0ab5:c2189, 90c45227-141f-43fe-b831-a2b91b39d6b0:c2189]
2019-07-14 06:25:54,902 INFO  client.GrpcClientProtocolClient (GrpcClientProtocolClient.java:onNext(255)) - client-D2340BF4DD29->f9fecd82-c7ae-483e-b259-6428f2dfb240: receive RaftClientReply:client-D2340BF4DD29->f9fecd82-c7ae-483e-b259-6428f2dfb240@group-7DE138E597A5, cid=1527, SUCCESS, logIndex=2192, commits[f9fecd82-c7ae-483e-b259-6428f2dfb240:c2193, adbfec77-7a0d-4773-aa56-ba0b778d0ab5:c2189, 90c45227-141f-43fe-b831-a2b91b39d6b0:c2190]
2019-07-14 06:25:54,903 INFO  client.GrpcClientProtocolClient (GrpcClientProtocolClient.java:onNext(255)) - client-D2340BF4DD29->f9fecd82-c7ae-483e-b259-6428f2dfb240: receive RaftClientReply:client-D2340BF4DD29->f9fecd82-c7ae-483e-b259-6428f2dfb240@group-7DE138E597A5, cid=1528, SUCCESS, logIndex=2193, commits[f9fecd82-c7ae-483e-b259-6428f2dfb240:c2195, adbfec77-7a0d-4773-aa56-ba0b778d0ab5:c2193, 90c45227-141f-43fe-b831-a2b91b39d6b0:c2190]
2019-07-14 06:25:54,904 INFO  client.GrpcClientProtocolClient (GrpcClientProtocolClient.java:onNext(255)) - client-D2340BF4DD29->f9fecd82-c7ae-483e-b259-6428f2dfb240: receive RaftClientReply:client-D2340BF4DD29->f9fecd82-c7ae-483e-b259-6428f2dfb240@group-7DE138E597A5, cid=1529, SUCCESS, logIndex=0, commits[f9fecd82-c7ae-483e-b259-6428f2dfb240:c2195, adbfec77-7a0d-4773-aa56-ba0b778d0ab5:c2193, 90c45227-141f-43fe-b831-a2b91b39d6b0:c2193]
2019-07-14 06:25:54,937 INFO  client.GrpcClientProtocolClient (GrpcClientProtocolClient.java:onNext(255)) - client-D2340BF4DD29->f9fecd82-c7ae-483e-b259-6428f2dfb240: receive RaftClientReply:client-D2340BF4DD29->f9fecd82-c7ae-483e-b259-6428f2dfb240@group-7DE138E597A5, cid=1530, SUCCESS, logIndex=2196, commits[f9fecd82-c7ae-483e-b259-6428f2dfb240:c2197, adbfec77-7a0d-4773-aa56-ba0b778d0ab5:c2195, 90c45227-141f-43fe-b831-a2b91b39d6b0:c2195]
2019-07-14 06:25:54,937 INFO  client.GrpcClientProtocolClient (GrpcClientProtocolClient.java:onNext(255)) - client-D2340BF4DD29->f9fecd82-c7ae-483e-b259-6428f2dfb240: receive RaftClientReply:client-D2340BF4DD29->f9fecd82-c7ae-483e-b259-6428f2dfb240@group-7DE138E597A5, cid=1531, SUCCESS, logIndex=2197, commits[f9fecd82-c7ae-483e-b259-6428f2dfb240:c2197, adbfec77-7a0d-4773-aa56-ba0b778d0ab5:c2195, 90c45227-141f-43fe-b831-a2b91b39d6b0:c2195]
2019-07-14 06:25:54,951 INFO  client.GrpcClientProtocolClient (GrpcClientProtocolClient.java:onNext(255)) - client-D2340BF4DD29->f9fecd82-c7ae-483e-b259-6428f2dfb240: receive RaftClientReply:client-D2340BF4DD29->f9fecd82-c7ae-483e-b259-6428f2dfb240@group-7DE138E597A5, cid=1532, SUCCESS, logIndex=2200, commits[f9fecd82-c7ae-483e-b259-6428f2dfb240:c2201, adbfec77-7a0d-4773-aa56-ba0b778d0ab5:c2197, 90c45227-141f-43fe-b831-a2b91b39d6b0:c2197]
2019-07-14 06:25:54,951 INFO  client.GrpcClientProtocolClient (GrpcClientProtocolClient.java:onNext(255)) - client-D2340BF4DD29->f9fecd82-c7ae-483e-b259-6428f2dfb240: receive RaftClientReply:client-D2340BF4DD29->f9fecd82-c7ae-483e-b259-6428f2dfb240@group-7DE138E597A5, cid=1533, SUCCESS, logIndex=2201, commits[f9fecd82-c7ae-483e-b259-6428f2dfb240:c2201, adbfec77-7a0d-4773-aa56-ba0b778d0ab5:c2197, 90c45227-141f-43fe-b831-a2b91b39d6b0:c2197]
2019-07-14 06:25:54,952 INFO  client.GrpcClientProtocolClient (GrpcClientProtocolClient.java:onNext(255)) - client-D2340BF4DD29->f9fecd82-c7ae-483e-b259-6428f2dfb240: receive RaftClientReply:client-D2340BF4DD29->f9fecd82-c7ae-483e-b259-6428f2dfb240@group-7DE138E597A5, cid=1534, SUCCESS, logIndex=0, commits[f9fecd82-c7ae-483e-b259-6428f2dfb240:c2202, adbfec77-7a0d-4773-aa56-ba0b778d0ab5:c2201, 90c45227-141f-43fe-b831-a2b91b39d6b0:c2201]
2019-07-14 06:25:54,983 INFO  client.GrpcClientProtocolClient (GrpcClientProtocolClient.java:onNext(255)) - client-D2340BF4DD29->f9fecd82-c7ae-483e-b259-6428f2dfb240: receive RaftClientReply:client-D2340BF4DD29->f9fecd82-c7ae-483e-b259-6428f2dfb240@group-7DE138E597A5, cid=1535, SUCCESS, logIndex=2204, commits[f9fecd82-c7ae-483e-b259-6428f2dfb240:c2205, adbfec77-7a0d-4773-aa56-ba0b778d0ab5:c2203, 90c45227-141f-43fe-b831-a2b91b39d6b0:c2203]
2019-07-14 06:25:54,983 INFO  client.GrpcClientProtocolClient (GrpcClientProtocolClient.java:onNext(255)) - client-D2340BF4DD29->f9fecd82-c7ae-483e-b259-6428f2dfb240: receive RaftClientReply:client-D2340BF4DD29->f9fecd82-c7ae-483e-b259-6428f2dfb240@group-7DE138E597A5, cid=1536, SUCCESS, logIndex=2205, commits[f9fecd82-c7ae-483e-b259-6428f2dfb240:c2205, adbfec77-7a0d-4773-aa56-ba0b778d0ab5:c2203, 90c45227-141f-43fe-b831-a2b91b39d6b0:c2203]
2019-07-14 06:25:54,992 INFO  client.GrpcClientProtocolClient (GrpcClientProtocolClient.java:onNext(255)) - client-D2340BF4DD29->f9fecd82-c7ae-483e-b259-6428f2dfb240: receive RaftClientReply:client-D2340BF4DD29->f9fecd82-c7ae-483e-b259-6428f2dfb240@group-7DE138E597A5, cid=1537, SUCCESS, logIndex=2206, commits[f9fecd82-c7ae-483e-b259-6428f2dfb240:c2207, adbfec77-7a0d-4773-aa56-ba0b778d0ab5:c2203, 90c45227-141f-43fe-b831-a2b91b39d6b0:c2203]
2019-07-14 06:25:54,993 INFO  client.GrpcClientProtocolClient (GrpcClientProtocolClient.java:onNext(255)) - client-D2340BF4DD29->f9fecd82-c7ae-483e-b259-6428f2dfb240: receive RaftClientReply:client-D2340BF4DD29->f9fecd82-c7ae-483e-b259-6428f2dfb240@group-7DE138E597A5, cid=1538, SUCCESS, logIndex=2207, commits[f9fecd82-c7ae-483e-b259-6428f2dfb240:c2207, adbfec77-7a0d-4773-aa56-ba0b778d0ab5:c2203, 90c45227-141f-43fe-b831-a2b91b39d6b0:c2203]
2019-07-14 06:25:55,029 INFO  client.GrpcClientProtocolClient (GrpcClientProtocolClient.java:onNext(255)) - client-D2340BF4DD29->f9fecd82-c7ae-483e-b259-6428f2dfb240: receive RaftClientReply:client-D2340BF4DD29->f9fecd82-c7ae-483e-b259-6428f2dfb240@group-7DE138E597A5, cid=1539, SUCCESS, logIndex=0, commits[f9fecd82-c7ae-483e-b259-6428f2dfb240:c2209, adbfec77-7a0d-4773-aa56-ba0b778d0ab5:c2205, 90c45227-141f-43fe-b831-a2b91b39d6b0:c2205]
2019-07-14 06:25:55,174 INFO  client.GrpcClientProtocolClient (GrpcClientProtocolClient.java:onNext(255)) - client-D2340BF4DD29->f9fecd82-c7ae-483e-b259-6428f2dfb240: receive RaftClientReply:client-D2340BF4DD29->f9fecd82-c7ae-483e-b259-6428f2dfb240@group-7DE138E597A5, cid=1540, SUCCESS, logIndex=2212, commits[f9fecd82-c7ae-483e-b259-6428f2dfb240:c2213, adbfec77-7a0d-4773-aa56-ba0b778d0ab5:c2211, 90c45227-141f-43fe-b831-a2b91b39d6b0:c2211]
2019-07-14 06:25:55,174 INFO  client.GrpcClientProtocolClient (GrpcClientProtocolClient.java:onNext(255)) - client-D2340BF4DD29->f9fecd82-c7ae-483e-b259-6428f2dfb240: receive RaftClientReply:client-D2340BF4DD29->f9fecd82-c7ae-483e-b259-6428f2dfb240@group-7DE138E597A5, cid=1541, SUCCESS, logIndex=2213, commits[f9fecd82-c7ae-483e-b259-6428f2dfb240:c2213, adbfec77-7a0d-4773-aa56-ba0b778d0ab5:c2211, 90c45227-141f-43fe-b831-a2b91b39d6b0:c2211]
2019-07-14 06:25:55,209 INFO  client.GrpcClientProtocolClient (GrpcClientProtocolClient.java:onNext(255)) - client-D2340BF4DD29->f9fecd82-c7ae-483e-b259-6428f2dfb240: receive RaftClientReply:client-D2340BF4DD29->f9fecd82-c7ae-483e-b259-6428f2dfb240@group-7DE138E597A5, cid=1542, SUCCESS, logIndex=2216, commits[f9fecd82-c7ae-483e-b259-6428f2dfb240:c2217, adbfec77-7a0d-4773-aa56-ba0b778d0ab5:c2213, 90c45227-141f-43fe-b831-a2b91b39d6b0:c2212]
2019-07-14 06:25:55,209 INFO  client.GrpcClientProtocolClient (GrpcClientProtocolClient.java:onNext(255)) - client-D2340BF4DD29->f9fecd82-c7ae-483e-b259-6428f2dfb240: receive RaftClientReply:client-D2340BF4DD29->f9fecd82-c7ae-483e-b259-6428f2dfb240@group-7DE138E597A5, cid=1543, SUCCESS, logIndex=2217, commits[f9fecd82-c7ae-483e-b259-6428f2dfb240:c2217, adbfec77-7a0d-4773-aa56-ba0b778d0ab5:c2213, 90c45227-141f-43fe-b831-a2b91b39d6b0:c2213]
2019-07-14 06:25:55,223 INFO  client.GrpcClientProtocolClient (GrpcClientProtocolClient.java:onNext(255)) - client-D2340BF4DD29->f9fecd82-c7ae-483e-b259-6428f2dfb240: receive RaftClientReply:client-D2340BF4DD29->f9fecd82-c7ae-483e-b259-6428f2dfb240@group-7DE138E597A5, cid=1544, SUCCESS, logIndex=0, commits[f9fecd82-c7ae-483e-b259-6428f2dfb240:c2219, adbfec77-7a0d-4773-aa56-ba0b778d0ab5:c2217, 90c45227-141f-43fe-b831-a2b91b39d6b0:c2217]
2019-07-14 06:25:55,258 INFO  client.GrpcClientProtocolClient (GrpcClientProtocolClient.java:onNext(255)) - client-D2340BF4DD29->f9fecd82-c7ae-483e-b259-6428f2dfb240: receive RaftClientReply:client-D2340BF4DD29->f9fecd82-c7ae-483e-b259-6428f2dfb240@group-7DE138E597A5, cid=1545, SUCCESS, logIndex=2220, commits[f9fecd82-c7ae-483e-b259-6428f2dfb240:c2222, adbfec77-7a0d-4773-aa56-ba0b778d0ab5:c2219, 90c45227-141f-43fe-b831-a2b91b39d6b0:c2219]
2019-07-14 06:25:55,258 INFO  client.GrpcClientProtocolClient (GrpcClientProtocolClient.java:onNext(255)) - client-D2340BF4DD29->f9fecd82-c7ae-483e-b259-6428f2dfb240: receive RaftClientReply:client-D2340BF4DD29->f9fecd82-c7ae-483e-b259-6428f2dfb240@group-7DE138E597A5, cid=1546, SUCCESS, logIndex=2221, commits[f9fecd82-c7ae-483e-b259-6428f2dfb240:c2223, adbfec77-7a0d-4773-aa56-ba0b778d0ab5:c2219, 90c45227-141f-43fe-b831-a2b91b39d6b0:c2219]
2019-07-14 06:25:55,259 INFO  client.GrpcClientProtocolClient (GrpcClientProtocolClient.java:onNext(255)) - client-D2340BF4DD29->f9fecd82-c7ae-483e-b259-6428f2dfb240: receive RaftClientReply:client-D2340BF4DD29->f9fecd82-c7ae-483e-b259-6428f2dfb240@group-7DE138E597A5, cid=1547, SUCCESS, logIndex=2222, commits[f9fecd82-c7ae-483e-b259-6428f2dfb240:c2223, adbfec77-7a0d-4773-aa56-ba0b778d0ab5:c2219, 90c45227-141f-43fe-b831-a2b91b39d6b0:c2219]
2019-07-14 06:25:55,259 INFO  client.GrpcClientProtocolClient (GrpcClientProtocolClient.java:onNext(255)) - client-D2340BF4DD29->f9fecd82-c7ae-483e-b259-6428f2dfb240: receive RaftClientReply:client-D2340BF4DD29->f9fecd82-c7ae-483e-b259-6428f2dfb240@group-7DE138E597A5, cid=1548, SUCCESS, logIndex=2223, commits[f9fecd82-c7ae-483e-b259-6428f2dfb240:c2223, adbfec77-7a0d-4773-aa56-ba0b778d0ab5:c2219, 90c45227-141f-43fe-b831-a2b91b39d6b0:c2219]
2019-07-14 06:25:55,273 INFO  client.GrpcClientProtocolClient (GrpcClientProtocolClient.java:onNext(255)) - client-D2340BF4DD29->f9fecd82-c7ae-483e-b259-6428f2dfb240: receive RaftClientReply:client-D2340BF4DD29->f9fecd82-c7ae-483e-b259-6428f2dfb240@group-7DE138E597A5, cid=1549, SUCCESS, logIndex=0, commits[f9fecd82-c7ae-483e-b259-6428f2dfb240:c2225, adbfec77-7a0d-4773-aa56-ba0b778d0ab5:c2221, 90c45227-141f-43fe-b831-a2b91b39d6b0:c2221]
2019-07-14 06:25:55,295 INFO  client.GrpcClientProtocolClient (GrpcClientProtocolClient.java:onNext(255)) - client-D2340BF4DD29->f9fecd82-c7ae-483e-b259-6428f2dfb240: receive RaftClientReply:client-D2340BF4DD29->f9fecd82-c7ae-483e-b259-6428f2dfb240@group-7DE138E597A5, cid=1550, SUCCESS, logIndex=2228, commits[f9fecd82-c7ae-483e-b259-6428f2dfb240:c2229, adbfec77-7a0d-4773-aa56-ba0b778d0ab5:c2227, 90c45227-141f-43fe-b831-a2b91b39d6b0:c2227]
2019-07-14 06:25:55,295 INFO  client.GrpcClientProtocolClient (GrpcClientProtocolClient.java:onNext(255)) - client-D2340BF4DD29->f9fecd82-c7ae-483e-b259-6428f2dfb240: receive RaftClientReply:client-D2340BF4DD29->f9fecd82-c7ae-483e-b259-6428f2dfb240@group-7DE138E597A5, cid=1551, SUCCESS, logIndex=2229, commits[f9fecd82-c7ae-483e-b259-6428f2dfb240:c2229, adbfec77-7a0d-4773-aa56-ba0b778d0ab5:c2227, 90c45227-141f-43fe-b831-a2b91b39d6b0:c2227]
2019-07-14 06:25:55,309 INFO  client.GrpcClientProtocolClient (GrpcClientProtocolClient.java:onNext(255)) - client-D2340BF4DD29->f9fecd82-c7ae-483e-b259-6428f2dfb240: receive RaftClientReply:client-D2340BF4DD29->f9fecd82-c7ae-483e-b259-6428f2dfb240@group-7DE138E597A5, cid=1552, SUCCESS, logIndex=2232, commits[f9fecd82-c7ae-483e-b259-6428f2dfb240:c2233, adbfec77-7a0d-4773-aa56-ba0b778d0ab5:c2229, 90c45227-141f-43fe-b831-a2b91b39d6b0:c2229]
2019-07-14 06:25:55,309 INFO  client.GrpcClientProtocolClient (GrpcClientProtocolClient.java:onNext(255)) - client-D2340BF4DD29->f9fecd82-c7ae-483e-b259-6428f2dfb240: receive RaftClientReply:client-D2340BF4DD29->f9fecd82-c7ae-483e-b259-6428f2dfb240@group-7DE138E597A5, cid=1553, SUCCESS, logIndex=2233, commits[f9fecd82-c7ae-483e-b259-6428f2dfb240:c2233, adbfec77-7a0d-4773-aa56-ba0b778d0ab5:c2229, 90c45227-141f-43fe-b831-a2b91b39d6b0:c2229]
2019-07-14 06:25:55,322 INFO  client.GrpcClientProtocolClient (GrpcClientProtocolClient.java:onNext(255)) - client-D2340BF4DD29->f9fecd82-c7ae-483e-b259-6428f2dfb240: receive RaftClientReply:client-D2340BF4DD29->f9fecd82-c7ae-483e-b259-6428f2dfb240@group-7DE138E597A5, cid=1554, SUCCESS, logIndex=0, commits[f9fecd82-c7ae-483e-b259-6428f2dfb240:c2235, adbfec77-7a0d-4773-aa56-ba0b778d0ab5:c2233, 90c45227-141f-43fe-b831-a2b91b39d6b0:c2233]
2019-07-14 06:25:55,356 INFO  client.GrpcClientProtocolClient (GrpcClientProtocolClient.java:onNext(255)) - client-D2340BF4DD29->f9fecd82-c7ae-483e-b259-6428f2dfb240: receive RaftClientReply:client-D2340BF4DD29->f9fecd82-c7ae-483e-b259-6428f2dfb240@group-7DE138E597A5, cid=1555, SUCCESS, logIndex=2236, commits[f9fecd82-c7ae-483e-b259-6428f2dfb240:c2239, adbfec77-7a0d-4773-aa56-ba0b778d0ab5:c2235, 90c45227-141f-43fe-b831-a2b91b39d6b0:c2235]
2019-07-14 06:25:55,356 INFO  client.GrpcClientProtocolClient (GrpcClientProtocolClient.java:onNext(255)) - client-D2340BF4DD29->f9fecd82-c7ae-483e-b259-6428f2dfb240: receive RaftClientReply:client-D2340BF4DD29->f9fecd82-c7ae-483e-b259-6428f2dfb240@group-7DE138E597A5, cid=1556, SUCCESS, logIndex=2237, commits[f9fecd82-c7ae-483e-b259-6428f2dfb240:c2239, adbfec77-7a0d-4773-aa56-ba0b778d0ab5:c2235, 90c45227-141f-43fe-b831-a2b91b39d6b0:c2235]
2019-07-14 06:25:55,356 INFO  client.GrpcClientProtocolClient (GrpcClientProtocolClient.java:onNext(255)) - client-D2340BF4DD29->f9fecd82-c7ae-483e-b259-6428f2dfb240: receive RaftClientReply:client-D2340BF4DD29->f9fecd82-c7ae-483e-b259-6428f2dfb240@group-7DE138E597A5, cid=1557, SUCCESS, logIndex=2238, commits[f9fecd82-c7ae-483e-b259-6428f2dfb240:c2239, adbfec77-7a0d-4773-aa56-ba0b778d0ab5:c2235, 90c45227-141f-43fe-b831-a2b91b39d6b0:c2235]
2019-07-14 06:25:55,356 INFO  client.GrpcClientProtocolClient (GrpcClientProtocolClient.java:onNext(255)) - client-D2340BF4DD29->f9fecd82-c7ae-483e-b259-6428f2dfb240: receive RaftClientReply:client-D2340BF4DD29->f9fecd82-c7ae-483e-b259-6428f2dfb240@group-7DE138E597A5, cid=1558, SUCCESS, logIndex=2239, commits[f9fecd82-c7ae-483e-b259-6428f2dfb240:c2239, adbfec77-7a0d-4773-aa56-ba0b778d0ab5:c2235, 90c45227-141f-43fe-b831-a2b91b39d6b0:c2235]
2019-07-14 06:25:55,357 INFO  client.GrpcClientProtocolClient (GrpcClientProtocolClient.java:onNext(255)) - client-D2340BF4DD29->f9fecd82-c7ae-483e-b259-6428f2dfb240: receive RaftClientReply:client-D2340BF4DD29->f9fecd82-c7ae-483e-b259-6428f2dfb240@group-7DE138E597A5, cid=1559, SUCCESS, logIndex=0, commits[f9fecd82-c7ae-483e-b259-6428f2dfb240:c2240, adbfec77-7a0d-4773-aa56-ba0b778d0ab5:c2237, 90c45227-141f-43fe-b831-a2b91b39d6b0:c2237]
2019-07-14 06:25:55,381 INFO  client.GrpcClientProtocolClient (GrpcClientProtocolClient.java:onNext(255)) - client-D2340BF4DD29->f9fecd82-c7ae-483e-b259-6428f2dfb240: receive RaftClientReply:client-D2340BF4DD29->f9fecd82-c7ae-483e-b259-6428f2dfb240@group-7DE138E597A5, cid=1560, SUCCESS, logIndex=2244, commits[f9fecd82-c7ae-483e-b259-6428f2dfb240:c2245, adbfec77-7a0d-4773-aa56-ba0b778d0ab5:c2239, 90c45227-141f-43fe-b831-a2b91b39d6b0:c2240]
2019-07-14 06:25:55,382 INFO  client.GrpcClientProtocolClient (GrpcClientProtocolClient.java:onNext(255)) - client-D2340BF4DD29->f9fecd82-c7ae-483e-b259-6428f2dfb240: receive RaftClientReply:client-D2340BF4DD29->f9fecd82-c7ae-483e-b259-6428f2dfb240@group-7DE138E597A5, cid=1561, SUCCESS, logIndex=2245, commits[f9fecd82-c7ae-483e-b259-6428f2dfb240:c2245, adbfec77-7a0d-4773-aa56-ba0b778d0ab5:c2240, 90c45227-141f-43fe-b831-a2b91b39d6b0:c2240]
2019-07-14 06:25:55,395 INFO  client.GrpcClientProtocolClient (GrpcClientProtocolClient.java:onNext(255)) - client-D2340BF4DD29->f9fecd82-c7ae-483e-b259-6428f2dfb240: receive RaftClientReply:client-D2340BF4DD29->f9fecd82-c7ae-483e-b259-6428f2dfb240@group-7DE138E597A5, cid=1562, SUCCESS, logIndex=2248, commits[f9fecd82-c7ae-483e-b259-6428f2dfb240:c2249, adbfec77-7a0d-4773-aa56-ba0b778d0ab5:c2247, 90c45227-141f-43fe-b831-a2b91b39d6b0:c2247]
2019-07-14 06:25:55,395 INFO  client.GrpcClientProtocolClient (GrpcClientProtocolClient.java:onNext(255)) - client-D2340BF4DD29->f9fecd82-c7ae-483e-b259-6428f2dfb240: receive RaftClientReply:client-D2340BF4DD29->f9fecd82-c7ae-483e-b259-6428f2dfb240@group-7DE138E597A5, cid=1563, SUCCESS, logIndex=2249, commits[f9fecd82-c7ae-483e-b259-6428f2dfb240:c2249, adbfec77-7a0d-4773-aa56-ba0b778d0ab5:c2247, 90c45227-141f-43fe-b831-a2b91b39d6b0:c2247]
2019-07-14 06:25:55,399 INFO  client.GrpcClientProtocolClient (GrpcClientProtocolClient.java:onNext(255)) - client-D2340BF4DD29->f9fecd82-c7ae-483e-b259-6428f2dfb240: receive RaftClientReply:client-D2340BF4DD29->f9fecd82-c7ae-483e-b259-6428f2dfb240@group-7DE138E597A5, cid=1564, SUCCESS, logIndex=0, commits[f9fecd82-c7ae-483e-b259-6428f2dfb240:c2250, adbfec77-7a0d-4773-aa56-ba0b778d0ab5:c2249, 90c45227-141f-43fe-b831-a2b91b39d6b0:c2249]
2019-07-14 06:25:55,450 INFO  client.GrpcClientProtocolClient (GrpcClientProtocolClient.java:onNext(255)) - client-D2340BF4DD29->f9fecd82-c7ae-483e-b259-6428f2dfb240: receive RaftClientReply:client-D2340BF4DD29->f9fecd82-c7ae-483e-b259-6428f2dfb240@group-7DE138E597A5, cid=1565, SUCCESS, logIndex=2252, commits[f9fecd82-c7ae-483e-b259-6428f2dfb240:c2255, adbfec77-7a0d-4773-aa56-ba0b778d0ab5:c2251, 90c45227-141f-43fe-b831-a2b91b39d6b0:c2251]
2019-07-14 06:25:55,451 INFO  client.GrpcClientProtocolClient (GrpcClientProtocolClient.java:onNext(255)) - client-D2340BF4DD29->f9fecd82-c7ae-483e-b259-6428f2dfb240: receive RaftClientReply:client-D2340BF4DD29->f9fecd82-c7ae-483e-b259-6428f2dfb240@group-7DE138E597A5, cid=1566, SUCCESS, logIndex=2253, commits[f9fecd82-c7ae-483e-b259-6428f2dfb240:c2255, adbfec77-7a0d-4773-aa56-ba0b778d0ab5:c2251, 90c45227-141f-43fe-b831-a2b91b39d6b0:c2251]
2019-07-14 06:25:55,451 INFO  client.GrpcClientProtocolClient (GrpcClientProtocolClient.java:onNext(255)) - client-D2340BF4DD29->f9fecd82-c7ae-483e-b259-6428f2dfb240: receive RaftClientReply:client-D2340BF4DD29->f9fecd82-c7ae-483e-b259-6428f2dfb240@group-7DE138E597A5, cid=1567, SUCCESS, logIndex=2254, commits[f9fecd82-c7ae-483e-b259-6428f2dfb240:c2255, adbfec77-7a0d-4773-aa56-ba0b778d0ab5:c2251, 90c45227-141f-43fe-b831-a2b91b39d6b0:c2251]
2019-07-14 06:25:55,451 INFO  client.GrpcClientProtocolClient (GrpcClientProtocolClient.java:onNext(255)) - client-D2340BF4DD29->f9fecd82-c7ae-483e-b259-6428f2dfb240: receive RaftClientReply:client-D2340BF4DD29->f9fecd82-c7ae-483e-b259-6428f2dfb240@group-7DE138E597A5, cid=1568, SUCCESS, logIndex=2255, commits[f9fecd82-c7ae-483e-b259-6428f2dfb240:c2255, adbfec77-7a0d-4773-aa56-ba0b778d0ab5:c2251, 90c45227-141f-43fe-b831-a2b91b39d6b0:c2251]
2019-07-14 06:25:55,461 INFO  client.GrpcClientProtocolClient (GrpcClientProtocolClient.java:onNext(255)) - client-D2340BF4DD29->f9fecd82-c7ae-483e-b259-6428f2dfb240: receive RaftClientReply:client-D2340BF4DD29->f9fecd82-c7ae-483e-b259-6428f2dfb240@group-7DE138E597A5, cid=1569, SUCCESS, logIndex=0, commits[f9fecd82-c7ae-483e-b259-6428f2dfb240:c2256, adbfec77-7a0d-4773-aa56-ba0b778d0ab5:c2255, 90c45227-141f-43fe-b831-a2b91b39d6b0:c2255]
2019-07-14 06:25:55,483 INFO  client.GrpcClientProtocolClient (GrpcClientProtocolClient.java:onNext(255)) - client-D2340BF4DD29->f9fecd82-c7ae-483e-b259-6428f2dfb240: receive RaftClientReply:client-D2340BF4DD29->f9fecd82-c7ae-483e-b259-6428f2dfb240@group-7DE138E597A5, cid=1570, SUCCESS, logIndex=2258, commits[f9fecd82-c7ae-483e-b259-6428f2dfb240:c2259, adbfec77-7a0d-4773-aa56-ba0b778d0ab5:c2257, 90c45227-141f-43fe-b831-a2b91b39d6b0:c2257]
2019-07-14 06:25:55,484 INFO  client.GrpcClientProtocolClient (GrpcClientProtocolClient.java:onNext(255)) - client-D2340BF4DD29->f9fecd82-c7ae-483e-b259-6428f2dfb240: receive RaftClientReply:client-D2340BF4DD29->f9fecd82-c7ae-483e-b259-6428f2dfb240@group-7DE138E597A5, cid=1571, SUCCESS, logIndex=2259, commits[f9fecd82-c7ae-483e-b259-6428f2dfb240:c2259, adbfec77-7a0d-4773-aa56-ba0b778d0ab5:c2257, 90c45227-141f-43fe-b831-a2b91b39d6b0:c2257]
2019-07-14 06:25:55,498 INFO  client.GrpcClientProtocolClient (GrpcClientProtocolClient.java:onNext(255)) - client-D2340BF4DD29->f9fecd82-c7ae-483e-b259-6428f2dfb240: receive RaftClientReply:client-D2340BF4DD29->f9fecd82-c7ae-483e-b259-6428f2dfb240@group-7DE138E597A5, cid=1572, SUCCESS, logIndex=2262, commits[f9fecd82-c7ae-483e-b259-6428f2dfb240:c2262, adbfec77-7a0d-4773-aa56-ba0b778d0ab5:c2259, 90c45227-141f-43fe-b831-a2b91b39d6b0:c2259]
2019-07-14 06:25:55,499 INFO  client.GrpcClientProtocolClient (GrpcClientProtocolClient.java:onNext(255)) - client-D2340BF4DD29->f9fecd82-c7ae-483e-b259-6428f2dfb240: receive RaftClientReply:client-D2340BF4DD29->f9fecd82-c7ae-483e-b259-6428f2dfb240@group-7DE138E597A5, cid=1573, SUCCESS, logIndex=2263, commits[f9fecd82-c7ae-483e-b259-6428f2dfb240:c2263, adbfec77-7a0d-4773-aa56-ba0b778d0ab5:c2259, 90c45227-141f-43fe-b831-a2b91b39d6b0:c2259]
2019-07-14 06:25:55,513 INFO  client.GrpcClientProtocolClient (GrpcClientProtocolClient.java:onNext(255)) - client-D2340BF4DD29->f9fecd82-c7ae-483e-b259-6428f2dfb240: receive RaftClientReply:client-D2340BF4DD29->f9fecd82-c7ae-483e-b259-6428f2dfb240@group-7DE138E597A5, cid=1574, SUCCESS, logIndex=0, commits[f9fecd82-c7ae-483e-b259-6428f2dfb240:c2264, adbfec77-7a0d-4773-aa56-ba0b778d0ab5:c2263, 90c45227-141f-43fe-b831-a2b91b39d6b0:c2263]
2019-07-14 06:25:55,545 INFO  client.GrpcClientProtocolClient (GrpcClientProtocolClient.java:onNext(255)) - client-D2340BF4DD29->f9fecd82-c7ae-483e-b259-6428f2dfb240: receive RaftClientReply:client-D2340BF4DD29->f9fecd82-c7ae-483e-b259-6428f2dfb240@group-7DE138E597A5, cid=1575, SUCCESS, logIndex=2266, commits[f9fecd82-c7ae-483e-b259-6428f2dfb240:c2267, adbfec77-7a0d-4773-aa56-ba0b778d0ab5:c2265, 90c45227-141f-43fe-b831-a2b91b39d6b0:c2265]
2019-07-14 06:25:55,546 INFO  client.GrpcClientProtocolClient (GrpcClientProtocolClient.java:onNext(255)) - client-D2340BF4DD29->f9fecd82-c7ae-483e-b259-6428f2dfb240: receive RaftClientReply:client-D2340BF4DD29->f9fecd82-c7ae-483e-b259-6428f2dfb240@group-7DE138E597A5, cid=1576, SUCCESS, logIndex=2267, commits[f9fecd82-c7ae-483e-b259-6428f2dfb240:c2269, adbfec77-7a0d-4773-aa56-ba0b778d0ab5:c2265, 90c45227-141f-43fe-b831-a2b91b39d6b0:c2265]
2019-07-14 06:25:55,546 INFO  client.GrpcClientProtocolClient (GrpcClientProtocolClient.java:onNext(255)) - client-D2340BF4DD29->f9fecd82-c7ae-483e-b259-6428f2dfb240: receive RaftClientReply:client-D2340BF4DD29->f9fecd82-c7ae-483e-b259-6428f2dfb240@group-7DE138E597A5, cid=1577, SUCCESS, logIndex=2268, commits[f9fecd82-c7ae-483e-b259-6428f2dfb240:c2269, adbfec77-7a0d-4773-aa56-ba0b778d0ab5:c2265, 90c45227-141f-43fe-b831-a2b91b39d6b0:c2265]
2019-07-14 06:25:55,546 INFO  client.GrpcClientProtocolClient (GrpcClientProtocolClient.java:onNext(255)) - client-D2340BF4DD29->f9fecd82-c7ae-483e-b259-6428f2dfb240: receive RaftClientReply:client-D2340BF4DD29->f9fecd82-c7ae-483e-b259-6428f2dfb240@group-7DE138E597A5, cid=1578, SUCCESS, logIndex=2269, commits[f9fecd82-c7ae-483e-b259-6428f2dfb240:c2269, adbfec77-7a0d-4773-aa56-ba0b778d0ab5:c2265, 90c45227-141f-43fe-b831-a2b91b39d6b0:c2265]
2019-07-14 06:25:55,558 INFO  client.GrpcClientProtocolClient (GrpcClientProtocolClient.java:onNext(255)) - client-D2340BF4DD29->f9fecd82-c7ae-483e-b259-6428f2dfb240: receive RaftClientReply:client-D2340BF4DD29->f9fecd82-c7ae-483e-b259-6428f2dfb240@group-7DE138E597A5, cid=1579, SUCCESS, logIndex=0, commits[f9fecd82-c7ae-483e-b259-6428f2dfb240:c2271, adbfec77-7a0d-4773-aa56-ba0b778d0ab5:c2267, 90c45227-141f-43fe-b831-a2b91b39d6b0:c2267]
2019-07-14 06:25:55,578 INFO  client.GrpcClientProtocolClient (GrpcClientProtocolClient.java:onNext(255)) - client-D2340BF4DD29->f9fecd82-c7ae-483e-b259-6428f2dfb240: receive RaftClientReply:client-D2340BF4DD29->f9fecd82-c7ae-483e-b259-6428f2dfb240@group-7DE138E597A5, cid=1580, SUCCESS, logIndex=2274, commits[f9fecd82-c7ae-483e-b259-6428f2dfb240:c2275, adbfec77-7a0d-4773-aa56-ba0b778d0ab5:c2273, 90c45227-141f-43fe-b831-a2b91b39d6b0:c2273]
2019-07-14 06:25:55,579 INFO  client.GrpcClientProtocolClient (GrpcClientProtocolClient.java:onNext(255)) - client-D2340BF4DD29->f9fecd82-c7ae-483e-b259-6428f2dfb240: receive RaftClientReply:client-D2340BF4DD29->f9fecd82-c7ae-483e-b259-6428f2dfb240@group-7DE138E597A5, cid=1581, SUCCESS, logIndex=2275, commits[f9fecd82-c7ae-483e-b259-6428f2dfb240:c2275, adbfec77-7a0d-4773-aa56-ba0b778d0ab5:c2273, 90c45227-141f-43fe-b831-a2b91b39d6b0:c2273]
2019-07-14 06:25:55,604 INFO  client.GrpcClientProtocolClient (GrpcClientProtocolClient.java:onNext(255)) - client-D2340BF4DD29->f9fecd82-c7ae-483e-b259-6428f2dfb240: receive RaftClientReply:client-D2340BF4DD29->f9fecd82-c7ae-483e-b259-6428f2dfb240@group-7DE138E597A5, cid=1582, SUCCESS, logIndex=2278, commits[f9fecd82-c7ae-483e-b259-6428f2dfb240:c2279, adbfec77-7a0d-4773-aa56-ba0b778d0ab5:c2275, 90c45227-141f-43fe-b831-a2b91b39d6b0:c2275]
 0.00% |█                                                                                                    |  0/1 Time: 0:00:102019-07-14 06:25:55,605 INFO  client.GrpcClientProtocolClient (GrpcClientProtocolClient.java:onNext(255)) - client-D2340BF4DD29->f9fecd82-c7ae-483e-b259-6428f2dfb240: receive RaftClientReply:client-D2340BF4DD29->f9fecd82-c7ae-483e-b259-6428f2dfb240@group-7DE138E597A5, cid=1583, SUCCESS, logIndex=2279, commits[f9fecd82-c7ae-483e-b259-6428f2dfb240:c2279, adbfec77-7a0d-4773-aa56-ba0b778d0ab5:c2275, 90c45227-141f-43fe-b831-a2b91b39d6b0:c2275]
2019-07-14 06:25:55,609 INFO  client.GrpcClientProtocolClient (GrpcClientProtocolClient.java:onNext(255)) - client-D2340BF4DD29->f9fecd82-c7ae-483e-b259-6428f2dfb240: receive RaftClientReply:client-D2340BF4DD29->f9fecd82-c7ae-483e-b259-6428f2dfb240@group-7DE138E597A5, cid=1584, SUCCESS, logIndex=0, commits[f9fecd82-c7ae-483e-b259-6428f2dfb240:c2281, adbfec77-7a0d-4773-aa56-ba0b778d0ab5:c2279, 90c45227-141f-43fe-b831-a2b91b39d6b0:c2279]
2019-07-14 06:25:55,632 INFO  client.GrpcClientProtocolClient (GrpcClientProtocolClient.java:onNext(255)) - client-D2340BF4DD29->f9fecd82-c7ae-483e-b259-6428f2dfb240: receive RaftClientReply:client-D2340BF4DD29->f9fecd82-c7ae-483e-b259-6428f2dfb240@group-7DE138E597A5, cid=1585, SUCCESS, logIndex=2282, commits[f9fecd82-c7ae-483e-b259-6428f2dfb240:c2283, adbfec77-7a0d-4773-aa56-ba0b778d0ab5:c2281, 90c45227-141f-43fe-b831-a2b91b39d6b0:c2279]
2019-07-14 06:25:55,632 INFO  client.GrpcClientProtocolClient (GrpcClientProtocolClient.java:onNext(255)) - client-D2340BF4DD29->f9fecd82-c7ae-483e-b259-6428f2dfb240: receive RaftClientReply:client-D2340BF4DD29->f9fecd82-c7ae-483e-b259-6428f2dfb240@group-7DE138E597A5, cid=1586, SUCCESS, logIndex=2283, commits[f9fecd82-c7ae-483e-b259-6428f2dfb240:c2283, adbfec77-7a0d-4773-aa56-ba0b778d0ab5:c2281, 90c45227-141f-43fe-b831-a2b91b39d6b0:c2279]
2019-07-14 06:25:55,635 INFO  client.GrpcClientProtocolClient (GrpcClientProtocolClient.java:onNext(255)) - client-D2340BF4DD29->f9fecd82-c7ae-483e-b259-6428f2dfb240: receive RaftClientReply:client-D2340BF4DD29->f9fecd82-c7ae-483e-b259-6428f2dfb240@group-7DE138E597A5, cid=1587, SUCCESS, logIndex=2284, commits[f9fecd82-c7ae-483e-b259-6428f2dfb240:c2284, adbfec77-7a0d-4773-aa56-ba0b778d0ab5:c2281, 90c45227-141f-43fe-b831-a2b91b39d6b0:c2279]
2019-07-14 06:25:55,636 INFO  client.GrpcClientProtocolClient (GrpcClientProtocolClient.java:onNext(255)) - client-D2340BF4DD29->f9fecd82-c7ae-483e-b259-6428f2dfb240: receive RaftClientReply:client-D2340BF4DD29->f9fecd82-c7ae-483e-b259-6428f2dfb240@group-7DE138E597A5, cid=1588, SUCCESS, logIndex=2285, commits[f9fecd82-c7ae-483e-b259-6428f2dfb240:c2287, adbfec77-7a0d-4773-aa56-ba0b778d0ab5:c2283, 90c45227-141f-43fe-b831-a2b91b39d6b0:c2281]
2019-07-14 06:25:55,637 INFO  client.GrpcClientProtocolClient (GrpcClientProtocolClient.java:onNext(255)) - client-D2340BF4DD29->f9fecd82-c7ae-483e-b259-6428f2dfb240: receive RaftClientReply:client-D2340BF4DD29->f9fecd82-c7ae-483e-b259-6428f2dfb240@group-7DE138E597A5, cid=1589, SUCCESS, logIndex=0, commits[f9fecd82-c7ae-483e-b259-6428f2dfb240:c2288, adbfec77-7a0d-4773-aa56-ba0b778d0ab5:c2284, 90c45227-141f-43fe-b831-a2b91b39d6b0:c2283]
2019-07-14 06:25:55,650 INFO  client.GrpcClientProtocolClient (GrpcClientProtocolClient.java:onNext(255)) - client-D2340BF4DD29->f9fecd82-c7ae-483e-b259-6428f2dfb240: receive RaftClientReply:client-D2340BF4DD29->f9fecd82-c7ae-483e-b259-6428f2dfb240@group-7DE138E597A5, cid=1590, SUCCESS, logIndex=2290, commits[f9fecd82-c7ae-483e-b259-6428f2dfb240:c2291, adbfec77-7a0d-4773-aa56-ba0b778d0ab5:c2289, 90c45227-141f-43fe-b831-a2b91b39d6b0:c2286]
2019-07-14 06:25:55,650 INFO  client.GrpcClientProtocolClient (GrpcClientProtocolClient.java:onNext(255)) - client-D2340BF4DD29->f9fecd82-c7ae-483e-b259-6428f2dfb240: receive RaftClientReply:client-D2340BF4DD29->f9fecd82-c7ae-483e-b259-6428f2dfb240@group-7DE138E597A5, cid=1591, SUCCESS, logIndex=2291, commits[f9fecd82-c7ae-483e-b259-6428f2dfb240:c2291, adbfec77-7a0d-4773-aa56-ba0b778d0ab5:c2289, 90c45227-141f-43fe-b831-a2b91b39d6b0:c2289]
2019-07-14 06:25:55,661 INFO  client.GrpcClientProtocolClient (GrpcClientProtocolClient.java:onNext(255)) - client-D2340BF4DD29->f9fecd82-c7ae-483e-b259-6428f2dfb240: receive RaftClientReply:client-D2340BF4DD29->f9fecd82-c7ae-483e-b259-6428f2dfb240@group-7DE138E597A5, cid=1592, SUCCESS, logIndex=2294, commits[f9fecd82-c7ae-483e-b259-6428f2dfb240:c2295, adbfec77-7a0d-4773-aa56-ba0b778d0ab5:c2292, 90c45227-141f-43fe-b831-a2b91b39d6b0:c2292]
2019-07-14 06:25:55,662 INFO  client.GrpcClientProtocolClient (GrpcClientProtocolClient.java:onNext(255)) - client-D2340BF4DD29->f9fecd82-c7ae-483e-b259-6428f2dfb240: receive RaftClientReply:client-D2340BF4DD29->f9fecd82-c7ae-483e-b259-6428f2dfb240@group-7DE138E597A5, cid=1593, SUCCESS, logIndex=2295, commits[f9fecd82-c7ae-483e-b259-6428f2dfb240:c2295, adbfec77-7a0d-4773-aa56-ba0b778d0ab5:c2292, 90c45227-141f-43fe-b831-a2b91b39d6b0:c2292]
2019-07-14 06:25:55,664 INFO  client.GrpcClientProtocolClient (GrpcClientProtocolClient.java:onNext(255)) - client-D2340BF4DD29->f9fecd82-c7ae-483e-b259-6428f2dfb240: receive RaftClientReply:client-D2340BF4DD29->f9fecd82-c7ae-483e-b259-6428f2dfb240@group-7DE138E597A5, cid=1594, SUCCESS, logIndex=0, commits[f9fecd82-c7ae-483e-b259-6428f2dfb240:c2296, adbfec77-7a0d-4773-aa56-ba0b778d0ab5:c2295, 90c45227-141f-43fe-b831-a2b91b39d6b0:c2295]
2019-07-14 06:25:55,690 INFO  client.GrpcClientProtocolClient (GrpcClientProtocolClient.java:onNext(255)) - client-D2340BF4DD29->f9fecd82-c7ae-483e-b259-6428f2dfb240: receive RaftClientReply:client-D2340BF4DD29->f9fecd82-c7ae-483e-b259-6428f2dfb240@group-7DE138E597A5, cid=1595, SUCCESS, logIndex=2298, commits[f9fecd82-c7ae-483e-b259-6428f2dfb240:c2301, adbfec77-7a0d-4773-aa56-ba0b778d0ab5:c2297, 90c45227-141f-43fe-b831-a2b91b39d6b0:c2297]
2019-07-14 06:25:55,690 INFO  client.GrpcClientProtocolClient (GrpcClientProtocolClient.java:onNext(255)) - client-D2340BF4DD29->f9fecd82-c7ae-483e-b259-6428f2dfb240: receive RaftClientReply:client-D2340BF4DD29->f9fecd82-c7ae-483e-b259-6428f2dfb240@group-7DE138E597A5, cid=1596, SUCCESS, logIndex=2299, commits[f9fecd82-c7ae-483e-b259-6428f2dfb240:c2301, adbfec77-7a0d-4773-aa56-ba0b778d0ab5:c2297, 90c45227-141f-43fe-b831-a2b91b39d6b0:c2297]
2019-07-14 06:25:55,691 INFO  client.GrpcClientProtocolClient (GrpcClientProtocolClient.java:onNext(255)) - client-D2340BF4DD29->f9fecd82-c7ae-483e-b259-6428f2dfb240: receive RaftClientReply:client-D2340BF4DD29->f9fecd82-c7ae-483e-b259-6428f2dfb240@group-7DE138E597A5, cid=1597, SUCCESS, logIndex=2300, commits[f9fecd82-c7ae-483e-b259-6428f2dfb240:c2301, adbfec77-7a0d-4773-aa56-ba0b778d0ab5:c2297, 90c45227-141f-43fe-b831-a2b91b39d6b0:c2297]
2019-07-14 06:25:55,691 INFO  client.GrpcClientProtocolClient (GrpcClientProtocolClient.java:onNext(255)) - client-D2340BF4DD29->f9fecd82-c7ae-483e-b259-6428f2dfb240: receive RaftClientReply:client-D2340BF4DD29->f9fecd82-c7ae-483e-b259-6428f2dfb240@group-7DE138E597A5, cid=1598, SUCCESS, logIndex=2301, commits[f9fecd82-c7ae-483e-b259-6428f2dfb240:c2302, adbfec77-7a0d-4773-aa56-ba0b778d0ab5:c2297, 90c45227-141f-43fe-b831-a2b91b39d6b0:c2298]
2019-07-14 06:25:55,693 INFO  client.GrpcClientProtocolClient (GrpcClientProtocolClient.java:onNext(255)) - client-D2340BF4DD29->f9fecd82-c7ae-483e-b259-6428f2dfb240: receive RaftClientReply:client-D2340BF4DD29->f9fecd82-c7ae-483e-b259-6428f2dfb240@group-7DE138E597A5, cid=1599, SUCCESS, logIndex=0, commits[f9fecd82-c7ae-483e-b259-6428f2dfb240:c2304, adbfec77-7a0d-4773-aa56-ba0b778d0ab5:c2299, 90c45227-141f-43fe-b831-a2b91b39d6b0:c2300]
2019-07-14 06:25:55,714 INFO  client.GrpcClientProtocolClient (GrpcClientProtocolClient.java:onNext(255)) - client-D2340BF4DD29->f9fecd82-c7ae-483e-b259-6428f2dfb240: receive RaftClientReply:client-D2340BF4DD29->f9fecd82-c7ae-483e-b259-6428f2dfb240@group-7DE138E597A5, cid=1600, SUCCESS, logIndex=2306, commits[f9fecd82-c7ae-483e-b259-6428f2dfb240:c2307, adbfec77-7a0d-4773-aa56-ba0b778d0ab5:c2305, 90c45227-141f-43fe-b831-a2b91b39d6b0:c2305]
2019-07-14 06:25:55,714 INFO  client.GrpcClientProtocolClient (GrpcClientProtocolClient.java:onNext(255)) - client-D2340BF4DD29->f9fecd82-c7ae-483e-b259-6428f2dfb240: receive RaftClientReply:client-D2340BF4DD29->f9fecd82-c7ae-483e-b259-6428f2dfb240@group-7DE138E597A5, cid=1601, SUCCESS, logIndex=2307, commits[f9fecd82-c7ae-483e-b259-6428f2dfb240:c2307, adbfec77-7a0d-4773-aa56-ba0b778d0ab5:c2305, 90c45227-141f-43fe-b831-a2b91b39d6b0:c2305]
2019-07-14 06:25:55,728 INFO  client.GrpcClientProtocolClient (GrpcClientProtocolClient.java:onNext(255)) - client-D2340BF4DD29->f9fecd82-c7ae-483e-b259-6428f2dfb240: receive RaftClientReply:client-D2340BF4DD29->f9fecd82-c7ae-483e-b259-6428f2dfb240@group-7DE138E597A5, cid=1602, SUCCESS, logIndex=2310, commits[f9fecd82-c7ae-483e-b259-6428f2dfb240:c2311, adbfec77-7a0d-4773-aa56-ba0b778d0ab5:c2307, 90c45227-141f-43fe-b831-a2b91b39d6b0:c2307]
2019-07-14 06:25:55,729 INFO  client.GrpcClientProtocolClient (GrpcClientProtocolClient.java:onNext(255)) - client-D2340BF4DD29->f9fecd82-c7ae-483e-b259-6428f2dfb240: receive RaftClientReply:client-D2340BF4DD29->f9fecd82-c7ae-483e-b259-6428f2dfb240@group-7DE138E597A5, cid=1603, SUCCESS, logIndex=2311, commits[f9fecd82-c7ae-483e-b259-6428f2dfb240:c2311, adbfec77-7a0d-4773-aa56-ba0b778d0ab5:c2307, 90c45227-141f-43fe-b831-a2b91b39d6b0:c2307]
2019-07-14 06:25:55,741 INFO  client.GrpcClientProtocolClient (GrpcClientProtocolClient.java:onNext(255)) - client-D2340BF4DD29->f9fecd82-c7ae-483e-b259-6428f2dfb240: receive RaftClientReply:client-D2340BF4DD29->f9fecd82-c7ae-483e-b259-6428f2dfb240@group-7DE138E597A5, cid=1604, SUCCESS, logIndex=0, commits[f9fecd82-c7ae-483e-b259-6428f2dfb240:c2312, adbfec77-7a0d-4773-aa56-ba0b778d0ab5:c2311, 90c45227-141f-43fe-b831-a2b91b39d6b0:c2311]
2019-07-14 06:25:55,876 INFO  client.GrpcClientProtocolClient (GrpcClientProtocolClient.java:onNext(255)) - client-D2340BF4DD29->f9fecd82-c7ae-483e-b259-6428f2dfb240: receive RaftClientReply:client-D2340BF4DD29->f9fecd82-c7ae-483e-b259-6428f2dfb240@group-7DE138E597A5, cid=1605, SUCCESS, logIndex=2314, commits[f9fecd82-c7ae-483e-b259-6428f2dfb240:c2316, adbfec77-7a0d-4773-aa56-ba0b778d0ab5:c2313, 90c45227-141f-43fe-b831-a2b91b39d6b0:c2313]
2019-07-14 06:25:55,876 INFO  client.GrpcClientProtocolClient (GrpcClientProtocolClient.java:onNext(255)) - client-D2340BF4DD29->f9fecd82-c7ae-483e-b259-6428f2dfb240: receive RaftClientReply:client-D2340BF4DD29->f9fecd82-c7ae-483e-b259-6428f2dfb240@group-7DE138E597A5, cid=1606, SUCCESS, logIndex=2315, commits[f9fecd82-c7ae-483e-b259-6428f2dfb240:c2317, adbfec77-7a0d-4773-aa56-ba0b778d0ab5:c2313, 90c45227-141f-43fe-b831-a2b91b39d6b0:c2313]
2019-07-14 06:25:55,877 INFO  client.GrpcClientProtocolClient (GrpcClientProtocolClient.java:onNext(255)) - client-D2340BF4DD29->f9fecd82-c7ae-483e-b259-6428f2dfb240: receive RaftClientReply:client-D2340BF4DD29->f9fecd82-c7ae-483e-b259-6428f2dfb240@group-7DE138E597A5, cid=1607, SUCCESS, logIndex=2316, commits[f9fecd82-c7ae-483e-b259-6428f2dfb240:c2317, adbfec77-7a0d-4773-aa56-ba0b778d0ab5:c2313, 90c45227-141f-43fe-b831-a2b91b39d6b0:c2313]
2019-07-14 06:25:55,877 INFO  client.GrpcClientProtocolClient (GrpcClientProtocolClient.java:onNext(255)) - client-D2340BF4DD29->f9fecd82-c7ae-483e-b259-6428f2dfb240: receive RaftClientReply:client-D2340BF4DD29->f9fecd82-c7ae-483e-b259-6428f2dfb240@group-7DE138E597A5, cid=1608, SUCCESS, logIndex=2317, commits[f9fecd82-c7ae-483e-b259-6428f2dfb240:c2317, adbfec77-7a0d-4773-aa56-ba0b778d0ab5:c2313, 90c45227-141f-43fe-b831-a2b91b39d6b0:c2313]
2019-07-14 06:25:55,888 INFO  client.GrpcClientProtocolClient (GrpcClientProtocolClient.java:onNext(255)) - client-D2340BF4DD29->f9fecd82-c7ae-483e-b259-6428f2dfb240: receive RaftClientReply:client-D2340BF4DD29->f9fecd82-c7ae-483e-b259-6428f2dfb240@group-7DE138E597A5, cid=1609, SUCCESS, logIndex=0, commits[f9fecd82-c7ae-483e-b259-6428f2dfb240:c2319, adbfec77-7a0d-4773-aa56-ba0b778d0ab5:c2315, 90c45227-141f-43fe-b831-a2b91b39d6b0:c2315]
2019-07-14 06:25:55,911 INFO  client.GrpcClientProtocolClient (GrpcClientProtocolClient.java:onNext(255)) - client-D2340BF4DD29->f9fecd82-c7ae-483e-b259-6428f2dfb240: receive RaftClientReply:client-D2340BF4DD29->f9fecd82-c7ae-483e-b259-6428f2dfb240@group-7DE138E597A5, cid=1610, SUCCESS, logIndex=2322, commits[f9fecd82-c7ae-483e-b259-6428f2dfb240:c2323, adbfec77-7a0d-4773-aa56-ba0b778d0ab5:c2321, 90c45227-141f-43fe-b831-a2b91b39d6b0:c2321]
2019-07-14 06:25:55,911 INFO  client.GrpcClientProtocolClient (GrpcClientProtocolClient.java:onNext(255)) - client-D2340BF4DD29->f9fecd82-c7ae-483e-b259-6428f2dfb240: receive RaftClientReply:client-D2340BF4DD29->f9fecd82-c7ae-483e-b259-6428f2dfb240@group-7DE138E597A5, cid=1611, SUCCESS, logIndex=2323, commits[f9fecd82-c7ae-483e-b259-6428f2dfb240:c2323, adbfec77-7a0d-4773-aa56-ba0b778d0ab5:c2321, 90c45227-141f-43fe-b831-a2b91b39d6b0:c2321]
2019-07-14 06:25:55,935 INFO  client.GrpcClientProtocolClient (GrpcClientProtocolClient.java:onNext(255)) - client-D2340BF4DD29->f9fecd82-c7ae-483e-b259-6428f2dfb240: receive RaftClientReply:client-D2340BF4DD29->f9fecd82-c7ae-483e-b259-6428f2dfb240@group-7DE138E597A5, cid=1612, SUCCESS, logIndex=2326, commits[f9fecd82-c7ae-483e-b259-6428f2dfb240:c2327, adbfec77-7a0d-4773-aa56-ba0b778d0ab5:c2323, 90c45227-141f-43fe-b831-a2b91b39d6b0:c2323]
2019-07-14 06:25:55,935 INFO  client.GrpcClientProtocolClient (GrpcClientProtocolClient.java:onNext(255)) - client-D2340BF4DD29->f9fecd82-c7ae-483e-b259-6428f2dfb240: receive RaftClientReply:client-D2340BF4DD29->f9fecd82-c7ae-483e-b259-6428f2dfb240@group-7DE138E597A5, cid=1613, SUCCESS, logIndex=2327, commits[f9fecd82-c7ae-483e-b259-6428f2dfb240:c2327, adbfec77-7a0d-4773-aa56-ba0b778d0ab5:c2323, 90c45227-141f-43fe-b831-a2b91b39d6b0:c2323]
2019-07-14 06:25:55,956 INFO  client.GrpcClientProtocolClient (GrpcClientProtocolClient.java:onNext(255)) - client-D2340BF4DD29->f9fecd82-c7ae-483e-b259-6428f2dfb240: receive RaftClientReply:client-D2340BF4DD29->f9fecd82-c7ae-483e-b259-6428f2dfb240@group-7DE138E597A5, cid=1614, SUCCESS, logIndex=0, commits[f9fecd82-c7ae-483e-b259-6428f2dfb240:c2329, adbfec77-7a0d-4773-aa56-ba0b778d0ab5:c2327, 90c45227-141f-43fe-b831-a2b91b39d6b0:c2327]
2019-07-14 06:25:55,984 INFO  client.GrpcClientProtocolClient (GrpcClientProtocolClient.java:onNext(255)) - client-D2340BF4DD29->f9fecd82-c7ae-483e-b259-6428f2dfb240: receive RaftClientReply:client-D2340BF4DD29->f9fecd82-c7ae-483e-b259-6428f2dfb240@group-7DE138E597A5, cid=1615, SUCCESS, logIndex=2330, commits[f9fecd82-c7ae-483e-b259-6428f2dfb240:c2332, adbfec77-7a0d-4773-aa56-ba0b778d0ab5:c2329, 90c45227-141f-43fe-b831-a2b91b39d6b0:c2329]
2019-07-14 06:25:55,984 INFO  client.GrpcClientProtocolClient (GrpcClientProtocolClient.java:onNext(255)) - client-D2340BF4DD29->f9fecd82-c7ae-483e-b259-6428f2dfb240: receive RaftClientReply:client-D2340BF4DD29->f9fecd82-c7ae-483e-b259-6428f2dfb240@group-7DE138E597A5, cid=1616, SUCCESS, logIndex=2331, commits[f9fecd82-c7ae-483e-b259-6428f2dfb240:c2333, adbfec77-7a0d-4773-aa56-ba0b778d0ab5:c2329, 90c45227-141f-43fe-b831-a2b91b39d6b0:c2329]
2019-07-14 06:25:55,984 INFO  client.GrpcClientProtocolClient (GrpcClientProtocolClient.java:onNext(255)) - client-D2340BF4DD29->f9fecd82-c7ae-483e-b259-6428f2dfb240: receive RaftClientReply:client-D2340BF4DD29->f9fecd82-c7ae-483e-b259-6428f2dfb240@group-7DE138E597A5, cid=1617, SUCCESS, logIndex=2332, commits[f9fecd82-c7ae-483e-b259-6428f2dfb240:c2333, adbfec77-7a0d-4773-aa56-ba0b778d0ab5:c2329, 90c45227-141f-43fe-b831-a2b91b39d6b0:c2329]
2019-07-14 06:25:55,985 INFO  client.GrpcClientProtocolClient (GrpcClientProtocolClient.java:onNext(255)) - client-D2340BF4DD29->f9fecd82-c7ae-483e-b259-6428f2dfb240: receive RaftClientReply:client-D2340BF4DD29->f9fecd82-c7ae-483e-b259-6428f2dfb240@group-7DE138E597A5, cid=1618, SUCCESS, logIndex=2333, commits[f9fecd82-c7ae-483e-b259-6428f2dfb240:c2333, adbfec77-7a0d-4773-aa56-ba0b778d0ab5:c2329, 90c45227-141f-43fe-b831-a2b91b39d6b0:c2329]
2019-07-14 06:25:55,986 INFO  client.GrpcClientProtocolClient (GrpcClientProtocolClient.java:onNext(255)) - client-D2340BF4DD29->f9fecd82-c7ae-483e-b259-6428f2dfb240: receive RaftClientReply:client-D2340BF4DD29->f9fecd82-c7ae-483e-b259-6428f2dfb240@group-7DE138E597A5, cid=1619, SUCCESS, logIndex=0, commits[f9fecd82-c7ae-483e-b259-6428f2dfb240:c2337, adbfec77-7a0d-4773-aa56-ba0b778d0ab5:c2331, 90c45227-141f-43fe-b831-a2b91b39d6b0:c2333]
2019-07-14 06:25:56,005 INFO  client.GrpcClientProtocolClient (GrpcClientProtocolClient.java:onNext(255)) - client-D2340BF4DD29->f9fecd82-c7ae-483e-b259-6428f2dfb240: receive RaftClientReply:client-D2340BF4DD29->f9fecd82-c7ae-483e-b259-6428f2dfb240@group-7DE138E597A5, cid=1620, SUCCESS, logIndex=2338, commits[f9fecd82-c7ae-483e-b259-6428f2dfb240:c2339, adbfec77-7a0d-4773-aa56-ba0b778d0ab5:c2337, 90c45227-141f-43fe-b831-a2b91b39d6b0:c2337]
2019-07-14 06:25:56,005 INFO  client.GrpcClientProtocolClient (GrpcClientProtocolClient.java:onNext(255)) - client-D2340BF4DD29->f9fecd82-c7ae-483e-b259-6428f2dfb240: receive RaftClientReply:client-D2340BF4DD29->f9fecd82-c7ae-483e-b259-6428f2dfb240@group-7DE138E597A5, cid=1621, SUCCESS, logIndex=2339, commits[f9fecd82-c7ae-483e-b259-6428f2dfb240:c2339, adbfec77-7a0d-4773-aa56-ba0b778d0ab5:c2337, 90c45227-141f-43fe-b831-a2b91b39d6b0:c2337]
2019-07-14 06:25:56,030 INFO  client.GrpcClientProtocolClient (GrpcClientProtocolClient.java:onNext(255)) - client-D2340BF4DD29->f9fecd82-c7ae-483e-b259-6428f2dfb240: receive RaftClientReply:client-D2340BF4DD29->f9fecd82-c7ae-483e-b259-6428f2dfb240@group-7DE138E597A5, cid=1622, SUCCESS, logIndex=2342, commits[f9fecd82-c7ae-483e-b259-6428f2dfb240:c2343, adbfec77-7a0d-4773-aa56-ba0b778d0ab5:c2339, 90c45227-141f-43fe-b831-a2b91b39d6b0:c2339]
2019-07-14 06:25:56,030 INFO  client.GrpcClientProtocolClient (GrpcClientProtocolClient.java:onNext(255)) - client-D2340BF4DD29->f9fecd82-c7ae-483e-b259-6428f2dfb240: receive RaftClientReply:client-D2340BF4DD29->f9fecd82-c7ae-483e-b259-6428f2dfb240@group-7DE138E597A5, cid=1623, SUCCESS, logIndex=2343, commits[f9fecd82-c7ae-483e-b259-6428f2dfb240:c2343, adbfec77-7a0d-4773-aa56-ba0b778d0ab5:c2339, 90c45227-141f-43fe-b831-a2b91b39d6b0:c2339]
2019-07-14 06:25:56,044 INFO  client.GrpcClientProtocolClient (GrpcClientProtocolClient.java:onNext(255)) - client-D2340BF4DD29->f9fecd82-c7ae-483e-b259-6428f2dfb240: receive RaftClientReply:client-D2340BF4DD29->f9fecd82-c7ae-483e-b259-6428f2dfb240@group-7DE138E597A5, cid=1624, SUCCESS, logIndex=0, commits[f9fecd82-c7ae-483e-b259-6428f2dfb240:c2345, adbfec77-7a0d-4773-aa56-ba0b778d0ab5:c2343, 90c45227-141f-43fe-b831-a2b91b39d6b0:c2343]
2019-07-14 06:25:56,079 INFO  client.GrpcClientProtocolClient (GrpcClientProtocolClient.java:onNext(255)) - client-D2340BF4DD29->f9fecd82-c7ae-483e-b259-6428f2dfb240: receive RaftClientReply:client-D2340BF4DD29->f9fecd82-c7ae-483e-b259-6428f2dfb240@group-7DE138E597A5, cid=1625, SUCCESS, logIndex=2346, commits[f9fecd82-c7ae-483e-b259-6428f2dfb240:c2348, adbfec77-7a0d-4773-aa56-ba0b778d0ab5:c2345, 90c45227-141f-43fe-b831-a2b91b39d6b0:c2345]
2019-07-14 06:25:56,079 INFO  client.GrpcClientProtocolClient (GrpcClientProtocolClient.java:onNext(255)) - client-D2340BF4DD29->f9fecd82-c7ae-483e-b259-6428f2dfb240: receive RaftClientReply:client-D2340BF4DD29->f9fecd82-c7ae-483e-b259-6428f2dfb240@group-7DE138E597A5, cid=1626, SUCCESS, logIndex=2347, commits[f9fecd82-c7ae-483e-b259-6428f2dfb240:c2349, adbfec77-7a0d-4773-aa56-ba0b778d0ab5:c2345, 90c45227-141f-43fe-b831-a2b91b39d6b0:c2345]
2019-07-14 06:25:56,080 INFO  client.GrpcClientProtocolClient (GrpcClientProtocolClient.java:onNext(255)) - client-D2340BF4DD29->f9fecd82-c7ae-483e-b259-6428f2dfb240: receive RaftClientReply:client-D2340BF4DD29->f9fecd82-c7ae-483e-b259-6428f2dfb240@group-7DE138E597A5, cid=1627, SUCCESS, logIndex=2348, commits[f9fecd82-c7ae-483e-b259-6428f2dfb240:c2349, adbfec77-7a0d-4773-aa56-ba0b778d0ab5:c2345, 90c45227-141f-43fe-b831-a2b91b39d6b0:c2345]
2019-07-14 06:25:56,080 INFO  client.GrpcClientProtocolClient (GrpcClientProtocolClient.java:onNext(255)) - client-D2340BF4DD29->f9fecd82-c7ae-483e-b259-6428f2dfb240: receive RaftClientReply:client-D2340BF4DD29->f9fecd82-c7ae-483e-b259-6428f2dfb240@group-7DE138E597A5, cid=1628, SUCCESS, logIndex=2349, commits[f9fecd82-c7ae-483e-b259-6428f2dfb240:c2349, adbfec77-7a0d-4773-aa56-ba0b778d0ab5:c2345, 90c45227-141f-43fe-b831-a2b91b39d6b0:c2345]
2019-07-14 06:25:56,092 INFO  client.GrpcClientProtocolClient (GrpcClientProtocolClient.java:onNext(255)) - client-D2340BF4DD29->f9fecd82-c7ae-483e-b259-6428f2dfb240: receive RaftClientReply:client-D2340BF4DD29->f9fecd82-c7ae-483e-b259-6428f2dfb240@group-7DE138E597A5, cid=1629, SUCCESS, logIndex=0, commits[f9fecd82-c7ae-483e-b259-6428f2dfb240:c2350, adbfec77-7a0d-4773-aa56-ba0b778d0ab5:c2347, 90c45227-141f-43fe-b831-a2b91b39d6b0:c2347]
2019-07-14 06:25:56,130 INFO  client.GrpcClientProtocolClient (GrpcClientProtocolClient.java:onNext(255)) - client-D2340BF4DD29->f9fecd82-c7ae-483e-b259-6428f2dfb240: receive RaftClientReply:client-D2340BF4DD29->f9fecd82-c7ae-483e-b259-6428f2dfb240@group-7DE138E597A5, cid=1630, SUCCESS, logIndex=2354, commits[f9fecd82-c7ae-483e-b259-6428f2dfb240:c2355, adbfec77-7a0d-4773-aa56-ba0b778d0ab5:c2350, 90c45227-141f-43fe-b831-a2b91b39d6b0:c2349]
2019-07-14 06:25:56,130 INFO  client.GrpcClientProtocolClient (GrpcClientProtocolClient.java:onNext(255)) - client-D2340BF4DD29->f9fecd82-c7ae-483e-b259-6428f2dfb240: receive RaftClientReply:client-D2340BF4DD29->f9fecd82-c7ae-483e-b259-6428f2dfb240@group-7DE138E597A5, cid=1631, SUCCESS, logIndex=2355, commits[f9fecd82-c7ae-483e-b259-6428f2dfb240:c2355, adbfec77-7a0d-4773-aa56-ba0b778d0ab5:c2350, 90c45227-141f-43fe-b831-a2b91b39d6b0:c2350]
2019-07-14 06:25:56,148 INFO  client.GrpcClientProtocolClient (GrpcClientProtocolClient.java:onNext(255)) - client-D2340BF4DD29->f9fecd82-c7ae-483e-b259-6428f2dfb240: receive RaftClientReply:client-D2340BF4DD29->f9fecd82-c7ae-483e-b259-6428f2dfb240@group-7DE138E597A5, cid=1632, SUCCESS, logIndex=2358, commits[f9fecd82-c7ae-483e-b259-6428f2dfb240:c2359, adbfec77-7a0d-4773-aa56-ba0b778d0ab5:c2356, 90c45227-141f-43fe-b831-a2b91b39d6b0:c2355]
2019-07-14 06:25:56,148 INFO  client.GrpcClientProtocolClient (GrpcClientProtocolClient.java:onNext(255)) - client-D2340BF4DD29->f9fecd82-c7ae-483e-b259-6428f2dfb240: receive RaftClientReply:client-D2340BF4DD29->f9fecd82-c7ae-483e-b259-6428f2dfb240@group-7DE138E597A5, cid=1633, SUCCESS, logIndex=2359, commits[f9fecd82-c7ae-483e-b259-6428f2dfb240:c2359, adbfec77-7a0d-4773-aa56-ba0b778d0ab5:c2356, 90c45227-141f-43fe-b831-a2b91b39d6b0:c2356]
2019-07-14 06:25:56,150 INFO  client.GrpcClientProtocolClient (GrpcClientProtocolClient.java:onNext(255)) - client-D2340BF4DD29->f9fecd82-c7ae-483e-b259-6428f2dfb240: receive RaftClientReply:client-D2340BF4DD29->f9fecd82-c7ae-483e-b259-6428f2dfb240@group-7DE138E597A5, cid=1634, SUCCESS, logIndex=0, commits[f9fecd82-c7ae-483e-b259-6428f2dfb240:c2360, adbfec77-7a0d-4773-aa56-ba0b778d0ab5:c2359, 90c45227-141f-43fe-b831-a2b91b39d6b0:c2359]
2019-07-14 06:25:56,174 INFO  client.GrpcClientProtocolClient (GrpcClientProtocolClient.java:onNext(255)) - client-D2340BF4DD29->f9fecd82-c7ae-483e-b259-6428f2dfb240: receive RaftClientReply:client-D2340BF4DD29->f9fecd82-c7ae-483e-b259-6428f2dfb240@group-7DE138E597A5, cid=1635, SUCCESS, logIndex=2362, commits[f9fecd82-c7ae-483e-b259-6428f2dfb240:c2363, adbfec77-7a0d-4773-aa56-ba0b778d0ab5:c2361, 90c45227-141f-43fe-b831-a2b91b39d6b0:c2359]
2019-07-14 06:25:56,177 INFO  client.GrpcClientProtocolClient (GrpcClientProtocolClient.java:onNext(255)) - client-D2340BF4DD29->f9fecd82-c7ae-483e-b259-6428f2dfb240: receive RaftClientReply:client-D2340BF4DD29->f9fecd82-c7ae-483e-b259-6428f2dfb240@group-7DE138E597A5, cid=1636, SUCCESS, logIndex=2363, commits[f9fecd82-c7ae-483e-b259-6428f2dfb240:c2363, adbfec77-7a0d-4773-aa56-ba0b778d0ab5:c2361, 90c45227-141f-43fe-b831-a2b91b39d6b0:c2359]
2019-07-14 06:25:56,179 INFO  client.GrpcClientProtocolClient (GrpcClientProtocolClient.java:onNext(255)) - client-D2340BF4DD29->f9fecd82-c7ae-483e-b259-6428f2dfb240: receive RaftClientReply:client-D2340BF4DD29->f9fecd82-c7ae-483e-b259-6428f2dfb240@group-7DE138E597A5, cid=1637, SUCCESS, logIndex=2364, commits[f9fecd82-c7ae-483e-b259-6428f2dfb240:c2367, adbfec77-7a0d-4773-aa56-ba0b778d0ab5:c2363, 90c45227-141f-43fe-b831-a2b91b39d6b0:c2361]
2019-07-14 06:25:56,180 INFO  client.GrpcClientProtocolClient (GrpcClientProtocolClient.java:onNext(255)) - client-D2340BF4DD29->f9fecd82-c7ae-483e-b259-6428f2dfb240: receive RaftClientReply:client-D2340BF4DD29->f9fecd82-c7ae-483e-b259-6428f2dfb240@group-7DE138E597A5, cid=1638, SUCCESS, logIndex=2365, commits[f9fecd82-c7ae-483e-b259-6428f2dfb240:c2367, adbfec77-7a0d-4773-aa56-ba0b778d0ab5:c2363, 90c45227-141f-43fe-b831-a2b91b39d6b0:c2361]
2019-07-14 06:25:56,181 INFO  client.GrpcClientProtocolClient (GrpcClientProtocolClient.java:onNext(255)) - client-D2340BF4DD29->f9fecd82-c7ae-483e-b259-6428f2dfb240: receive RaftClientReply:client-D2340BF4DD29->f9fecd82-c7ae-483e-b259-6428f2dfb240@group-7DE138E597A5, cid=1639, SUCCESS, logIndex=0, commits[f9fecd82-c7ae-483e-b259-6428f2dfb240:c2367, adbfec77-7a0d-4773-aa56-ba0b778d0ab5:c2365, 90c45227-141f-43fe-b831-a2b91b39d6b0:c2363]
2019-07-14 06:25:56,206 INFO  client.GrpcClientProtocolClient (GrpcClientProtocolClient.java:onNext(255)) - client-D2340BF4DD29->f9fecd82-c7ae-483e-b259-6428f2dfb240: receive RaftClientReply:client-D2340BF4DD29->f9fecd82-c7ae-483e-b259-6428f2dfb240@group-7DE138E597A5, cid=1640, SUCCESS, logIndex=2370, commits[f9fecd82-c7ae-483e-b259-6428f2dfb240:c2371, adbfec77-7a0d-4773-aa56-ba0b778d0ab5:c2369, 90c45227-141f-43fe-b831-a2b91b39d6b0:c2369]
2019-07-14 06:25:56,206 INFO  client.GrpcClientProtocolClient (GrpcClientProtocolClient.java:onNext(255)) - client-D2340BF4DD29->f9fecd82-c7ae-483e-b259-6428f2dfb240: receive RaftClientReply:client-D2340BF4DD29->f9fecd82-c7ae-483e-b259-6428f2dfb240@group-7DE138E597A5, cid=1641, SUCCESS, logIndex=2371, commits[f9fecd82-c7ae-483e-b259-6428f2dfb240:c2371, adbfec77-7a0d-4773-aa56-ba0b778d0ab5:c2369, 90c45227-141f-43fe-b831-a2b91b39d6b0:c2369]
2019-07-14 06:25:56,248 INFO  client.GrpcClientProtocolClient (GrpcClientProtocolClient.java:onNext(255)) - client-D2340BF4DD29->f9fecd82-c7ae-483e-b259-6428f2dfb240: receive RaftClientReply:client-D2340BF4DD29->f9fecd82-c7ae-483e-b259-6428f2dfb240@group-7DE138E597A5, cid=1642, SUCCESS, logIndex=2374, commits[f9fecd82-c7ae-483e-b259-6428f2dfb240:c2375, adbfec77-7a0d-4773-aa56-ba0b778d0ab5:c2371, 90c45227-141f-43fe-b831-a2b91b39d6b0:c2371]
2019-07-14 06:25:56,249 INFO  client.GrpcClientProtocolClient (GrpcClientProtocolClient.java:onNext(255)) - client-D2340BF4DD29->f9fecd82-c7ae-483e-b259-6428f2dfb240: receive RaftClientReply:client-D2340BF4DD29->f9fecd82-c7ae-483e-b259-6428f2dfb240@group-7DE138E597A5, cid=1643, SUCCESS, logIndex=2375, commits[f9fecd82-c7ae-483e-b259-6428f2dfb240:c2375, adbfec77-7a0d-4773-aa56-ba0b778d0ab5:c2371, 90c45227-141f-43fe-b831-a2b91b39d6b0:c2371]
2019-07-14 06:25:56,262 INFO  client.GrpcClientProtocolClient (GrpcClientProtocolClient.java:onNext(255)) - client-D2340BF4DD29->f9fecd82-c7ae-483e-b259-6428f2dfb240: receive RaftClientReply:client-D2340BF4DD29->f9fecd82-c7ae-483e-b259-6428f2dfb240@group-7DE138E597A5, cid=1644, SUCCESS, logIndex=0, commits[f9fecd82-c7ae-483e-b259-6428f2dfb240:c2376, adbfec77-7a0d-4773-aa56-ba0b778d0ab5:c2375, 90c45227-141f-43fe-b831-a2b91b39d6b0:c2375]
2019-07-14 06:25:56,293 INFO  client.GrpcClientProtocolClient (GrpcClientProtocolClient.java:onNext(255)) - client-D2340BF4DD29->f9fecd82-c7ae-483e-b259-6428f2dfb240: receive RaftClientReply:client-D2340BF4DD29->f9fecd82-c7ae-483e-b259-6428f2dfb240@group-7DE138E597A5, cid=1645, SUCCESS, logIndex=2378, commits[f9fecd82-c7ae-483e-b259-6428f2dfb240:c2379, adbfec77-7a0d-4773-aa56-ba0b778d0ab5:c2377, 90c45227-141f-43fe-b831-a2b91b39d6b0:c2377]
2019-07-14 06:25:56,293 INFO  client.GrpcClientProtocolClient (GrpcClientProtocolClient.java:onNext(255)) - client-D2340BF4DD29->f9fecd82-c7ae-483e-b259-6428f2dfb240: receive RaftClientReply:client-D2340BF4DD29->f9fecd82-c7ae-483e-b259-6428f2dfb240@group-7DE138E597A5, cid=1646, SUCCESS, logIndex=2379, commits[f9fecd82-c7ae-483e-b259-6428f2dfb240:c2381, adbfec77-7a0d-4773-aa56-ba0b778d0ab5:c2377, 90c45227-141f-43fe-b831-a2b91b39d6b0:c2377]
2019-07-14 06:25:56,294 INFO  client.GrpcClientProtocolClient (GrpcClientProtocolClient.java:onNext(255)) - client-D2340BF4DD29->f9fecd82-c7ae-483e-b259-6428f2dfb240: receive RaftClientReply:client-D2340BF4DD29->f9fecd82-c7ae-483e-b259-6428f2dfb240@group-7DE138E597A5, cid=1647, SUCCESS, logIndex=2380, commits[f9fecd82-c7ae-483e-b259-6428f2dfb240:c2381, adbfec77-7a0d-4773-aa56-ba0b778d0ab5:c2377, 90c45227-141f-43fe-b831-a2b91b39d6b0:c2377]
2019-07-14 06:25:56,294 INFO  client.GrpcClientProtocolClient (GrpcClientProtocolClient.java:onNext(255)) - client-D2340BF4DD29->f9fecd82-c7ae-483e-b259-6428f2dfb240: receive RaftClientReply:client-D2340BF4DD29->f9fecd82-c7ae-483e-b259-6428f2dfb240@group-7DE138E597A5, cid=1648, SUCCESS, logIndex=2381, commits[f9fecd82-c7ae-483e-b259-6428f2dfb240:c2382, adbfec77-7a0d-4773-aa56-ba0b778d0ab5:c2377, 90c45227-141f-43fe-b831-a2b91b39d6b0:c2378]
2019-07-14 06:25:56,295 INFO  client.GrpcClientProtocolClient (GrpcClientProtocolClient.java:onNext(255)) - client-D2340BF4DD29->f9fecd82-c7ae-483e-b259-6428f2dfb240: receive RaftClientReply:client-D2340BF4DD29->f9fecd82-c7ae-483e-b259-6428f2dfb240@group-7DE138E597A5, cid=1649, SUCCESS, logIndex=0, commits[f9fecd82-c7ae-483e-b259-6428f2dfb240:c2383, adbfec77-7a0d-4773-aa56-ba0b778d0ab5:c2379, 90c45227-141f-43fe-b831-a2b91b39d6b0:c2379]
2019-07-14 06:25:56,313 INFO  client.GrpcClientProtocolClient (GrpcClientProtocolClient.java:onNext(255)) - client-D2340BF4DD29->f9fecd82-c7ae-483e-b259-6428f2dfb240: receive RaftClientReply:client-D2340BF4DD29->f9fecd82-c7ae-483e-b259-6428f2dfb240@group-7DE138E597A5, cid=1650, SUCCESS, logIndex=2386, commits[f9fecd82-c7ae-483e-b259-6428f2dfb240:c2387, adbfec77-7a0d-4773-aa56-ba0b778d0ab5:c2383, 90c45227-141f-43fe-b831-a2b91b39d6b0:c2381]
2019-07-14 06:25:56,314 INFO  client.GrpcClientProtocolClient (GrpcClientProtocolClient.java:onNext(255)) - client-D2340BF4DD29->f9fecd82-c7ae-483e-b259-6428f2dfb240: receive RaftClientReply:client-D2340BF4DD29->f9fecd82-c7ae-483e-b259-6428f2dfb240@group-7DE138E597A5, cid=1651, SUCCESS, logIndex=2387, commits[f9fecd82-c7ae-483e-b259-6428f2dfb240:c2388, adbfec77-7a0d-4773-aa56-ba0b778d0ab5:c2387, 90c45227-141f-43fe-b831-a2b91b39d6b0:c2387]
2019-07-14 06:25:56,338 INFO  client.GrpcClientProtocolClient (GrpcClientProtocolClient.java:onNext(255)) - client-D2340BF4DD29->f9fecd82-c7ae-483e-b259-6428f2dfb240: receive RaftClientReply:client-D2340BF4DD29->f9fecd82-c7ae-483e-b259-6428f2dfb240@group-7DE138E597A5, cid=1652, SUCCESS, logIndex=2390, commits[f9fecd82-c7ae-483e-b259-6428f2dfb240:c2391, adbfec77-7a0d-4773-aa56-ba0b778d0ab5:c2388, 90c45227-141f-43fe-b831-a2b91b39d6b0:c2388]
2019-07-14 06:25:56,338 INFO  client.GrpcClientProtocolClient (GrpcClientProtocolClient.java:onNext(255)) - client-D2340BF4DD29->f9fecd82-c7ae-483e-b259-6428f2dfb240: receive RaftClientReply:client-D2340BF4DD29->f9fecd82-c7ae-483e-b259-6428f2dfb240@group-7DE138E597A5, cid=1653, SUCCESS, logIndex=2391, commits[f9fecd82-c7ae-483e-b259-6428f2dfb240:c2391, adbfec77-7a0d-4773-aa56-ba0b778d0ab5:c2388, 90c45227-141f-43fe-b831-a2b91b39d6b0:c2388]
2019-07-14 06:25:56,352 INFO  client.GrpcClientProtocolClient (GrpcClientProtocolClient.java:onNext(255)) - client-D2340BF4DD29->f9fecd82-c7ae-483e-b259-6428f2dfb240: receive RaftClientReply:client-D2340BF4DD29->f9fecd82-c7ae-483e-b259-6428f2dfb240@group-7DE138E597A5, cid=1654, SUCCESS, logIndex=0, commits[f9fecd82-c7ae-483e-b259-6428f2dfb240:c2392, adbfec77-7a0d-4773-aa56-ba0b778d0ab5:c2391, 90c45227-141f-43fe-b831-a2b91b39d6b0:c2391]
2019-07-14 06:25:56,386 INFO  client.GrpcClientProtocolClient (GrpcClientProtocolClient.java:onNext(255)) - client-D2340BF4DD29->f9fecd82-c7ae-483e-b259-6428f2dfb240: receive RaftClientReply:client-D2340BF4DD29->f9fecd82-c7ae-483e-b259-6428f2dfb240@group-7DE138E597A5, cid=1655, SUCCESS, logIndex=2394, commits[f9fecd82-c7ae-483e-b259-6428f2dfb240:c2395, adbfec77-7a0d-4773-aa56-ba0b778d0ab5:c2393, 90c45227-141f-43fe-b831-a2b91b39d6b0:c2393]
2019-07-14 06:25:56,387 INFO  client.GrpcClientProtocolClient (GrpcClientProtocolClient.java:onNext(255)) - client-D2340BF4DD29->f9fecd82-c7ae-483e-b259-6428f2dfb240: receive RaftClientReply:client-D2340BF4DD29->f9fecd82-c7ae-483e-b259-6428f2dfb240@group-7DE138E597A5, cid=1656, SUCCESS, logIndex=2395, commits[f9fecd82-c7ae-483e-b259-6428f2dfb240:c2395, adbfec77-7a0d-4773-aa56-ba0b778d0ab5:c2393, 90c45227-141f-43fe-b831-a2b91b39d6b0:c2393]
2019-07-14 06:25:56,387 INFO  client.GrpcClientProtocolClient (GrpcClientProtocolClient.java:onNext(255)) - client-D2340BF4DD29->f9fecd82-c7ae-483e-b259-6428f2dfb240: receive RaftClientReply:client-D2340BF4DD29->f9fecd82-c7ae-483e-b259-6428f2dfb240@group-7DE138E597A5, cid=1657, SUCCESS, logIndex=2396, commits[f9fecd82-c7ae-483e-b259-6428f2dfb240:c2397, adbfec77-7a0d-4773-aa56-ba0b778d0ab5:c2393, 90c45227-141f-43fe-b831-a2b91b39d6b0:c2393]
2019-07-14 06:25:56,388 INFO  client.GrpcClientProtocolClient (GrpcClientProtocolClient.java:onNext(255)) - client-D2340BF4DD29->f9fecd82-c7ae-483e-b259-6428f2dfb240: receive RaftClientReply:client-D2340BF4DD29->f9fecd82-c7ae-483e-b259-6428f2dfb240@group-7DE138E597A5, cid=1658, SUCCESS, logIndex=2397, commits[f9fecd82-c7ae-483e-b259-6428f2dfb240:c2397, adbfec77-7a0d-4773-aa56-ba0b778d0ab5:c2393, 90c45227-141f-43fe-b831-a2b91b39d6b0:c2393]
2019-07-14 06:25:56,401 INFO  client.GrpcClientProtocolClient (GrpcClientProtocolClient.java:onNext(255)) - client-D2340BF4DD29->f9fecd82-c7ae-483e-b259-6428f2dfb240: receive RaftClientReply:client-D2340BF4DD29->f9fecd82-c7ae-483e-b259-6428f2dfb240@group-7DE138E597A5, cid=1659, SUCCESS, logIndex=0, commits[f9fecd82-c7ae-483e-b259-6428f2dfb240:c2401, adbfec77-7a0d-4773-aa56-ba0b778d0ab5:c2395, 90c45227-141f-43fe-b831-a2b91b39d6b0:c2395]
2019-07-14 06:25:56,417 INFO  client.GrpcClientProtocolClient (GrpcClientProtocolClient.java:onNext(255)) - client-D2340BF4DD29->f9fecd82-c7ae-483e-b259-6428f2dfb240: receive RaftClientReply:client-D2340BF4DD29->f9fecd82-c7ae-483e-b259-6428f2dfb240@group-7DE138E597A5, cid=1660, SUCCESS, logIndex=2402, commits[f9fecd82-c7ae-483e-b259-6428f2dfb240:c2403, adbfec77-7a0d-4773-aa56-ba0b778d0ab5:c2401, 90c45227-141f-43fe-b831-a2b91b39d6b0:c2395]
2019-07-14 06:25:56,418 INFO  client.GrpcClientProtocolClient (GrpcClientProtocolClient.java:onNext(255)) - client-D2340BF4DD29->f9fecd82-c7ae-483e-b259-6428f2dfb240: receive RaftClientReply:client-D2340BF4DD29->f9fecd82-c7ae-483e-b259-6428f2dfb240@group-7DE138E597A5, cid=1661, SUCCESS, logIndex=2403, commits[f9fecd82-c7ae-483e-b259-6428f2dfb240:c2403, adbfec77-7a0d-4773-aa56-ba0b778d0ab5:c2401, 90c45227-141f-43fe-b831-a2b91b39d6b0:c2401]
2019-07-14 06:25:56,452 INFO  client.GrpcClientProtocolClient (GrpcClientProtocolClient.java:onNext(255)) - client-D2340BF4DD29->f9fecd82-c7ae-483e-b259-6428f2dfb240: receive RaftClientReply:client-D2340BF4DD29->f9fecd82-c7ae-483e-b259-6428f2dfb240@group-7DE138E597A5, cid=1662, SUCCESS, logIndex=2406, commits[f9fecd82-c7ae-483e-b259-6428f2dfb240:c2407, adbfec77-7a0d-4773-aa56-ba0b778d0ab5:c2405, 90c45227-141f-43fe-b831-a2b91b39d6b0:c2405]
2019-07-14 06:25:56,453 INFO  client.GrpcClientProtocolClient (GrpcClientProtocolClient.java:onNext(255)) - client-D2340BF4DD29->f9fecd82-c7ae-483e-b259-6428f2dfb240: receive RaftClientReply:client-D2340BF4DD29->f9fecd82-c7ae-483e-b259-6428f2dfb240@group-7DE138E597A5, cid=1663, SUCCESS, logIndex=2407, commits[f9fecd82-c7ae-483e-b259-6428f2dfb240:c2407, adbfec77-7a0d-4773-aa56-ba0b778d0ab5:c2405, 90c45227-141f-43fe-b831-a2b91b39d6b0:c2405]
2019-07-14 06:25:56,467 INFO  client.GrpcClientProtocolClient (GrpcClientProtocolClient.java:onNext(255)) - client-D2340BF4DD29->f9fecd82-c7ae-483e-b259-6428f2dfb240: receive RaftClientReply:client-D2340BF4DD29->f9fecd82-c7ae-483e-b259-6428f2dfb240@group-7DE138E597A5, cid=1664, SUCCESS, logIndex=0, commits[f9fecd82-c7ae-483e-b259-6428f2dfb240:c2408, adbfec77-7a0d-4773-aa56-ba0b778d0ab5:c2407, 90c45227-141f-43fe-b831-a2b91b39d6b0:c2407]
2019-07-14 06:25:56,498 INFO  client.GrpcClientProtocolClient (GrpcClientProtocolClient.java:onNext(255)) - client-D2340BF4DD29->f9fecd82-c7ae-483e-b259-6428f2dfb240: receive RaftClientReply:client-D2340BF4DD29->f9fecd82-c7ae-483e-b259-6428f2dfb240@group-7DE138E597A5, cid=1665, SUCCESS, logIndex=2410, commits[f9fecd82-c7ae-483e-b259-6428f2dfb240:c2411, adbfec77-7a0d-4773-aa56-ba0b778d0ab5:c2409, 90c45227-141f-43fe-b831-a2b91b39d6b0:c2409]
2019-07-14 06:25:56,499 INFO  client.GrpcClientProtocolClient (GrpcClientProtocolClient.java:onNext(255)) - client-D2340BF4DD29->f9fecd82-c7ae-483e-b259-6428f2dfb240: receive RaftClientReply:client-D2340BF4DD29->f9fecd82-c7ae-483e-b259-6428f2dfb240@group-7DE138E597A5, cid=1666, SUCCESS, logIndex=2411, commits[f9fecd82-c7ae-483e-b259-6428f2dfb240:c2411, adbfec77-7a0d-4773-aa56-ba0b778d0ab5:c2409, 90c45227-141f-43fe-b831-a2b91b39d6b0:c2409]
2019-07-14 06:25:56,506 INFO  client.GrpcClientProtocolClient (GrpcClientProtocolClient.java:onNext(255)) - client-D2340BF4DD29->f9fecd82-c7ae-483e-b259-6428f2dfb240: receive RaftClientReply:client-D2340BF4DD29->f9fecd82-c7ae-483e-b259-6428f2dfb240@group-7DE138E597A5, cid=1667, SUCCESS, logIndex=2412, commits[f9fecd82-c7ae-483e-b259-6428f2dfb240:c2413, adbfec77-7a0d-4773-aa56-ba0b778d0ab5:c2409, 90c45227-141f-43fe-b831-a2b91b39d6b0:c2409]
2019-07-14 06:25:56,506 INFO  client.GrpcClientProtocolClient (GrpcClientProtocolClient.java:onNext(255)) - client-D2340BF4DD29->f9fecd82-c7ae-483e-b259-6428f2dfb240: receive RaftClientReply:client-D2340BF4DD29->f9fecd82-c7ae-483e-b259-6428f2dfb240@group-7DE138E597A5, cid=1668, SUCCESS, logIndex=2413, commits[f9fecd82-c7ae-483e-b259-6428f2dfb240:c2413, adbfec77-7a0d-4773-aa56-ba0b778d0ab5:c2409, 90c45227-141f-43fe-b831-a2b91b39d6b0:c2409]
2019-07-14 06:25:56,519 INFO  client.GrpcClientProtocolClient (GrpcClientProtocolClient.java:onNext(255)) - client-D2340BF4DD29->f9fecd82-c7ae-483e-b259-6428f2dfb240: receive RaftClientReply:client-D2340BF4DD29->f9fecd82-c7ae-483e-b259-6428f2dfb240@group-7DE138E597A5, cid=1669, SUCCESS, logIndex=0, commits[f9fecd82-c7ae-483e-b259-6428f2dfb240:c2417, adbfec77-7a0d-4773-aa56-ba0b778d0ab5:c2411, 90c45227-141f-43fe-b831-a2b91b39d6b0:c2411]
2019-07-14 06:25:56,540 INFO  client.GrpcClientProtocolClient (GrpcClientProtocolClient.java:onNext(255)) - client-D2340BF4DD29->f9fecd82-c7ae-483e-b259-6428f2dfb240: receive RaftClientReply:client-D2340BF4DD29->f9fecd82-c7ae-483e-b259-6428f2dfb240@group-7DE138E597A5, cid=1670, SUCCESS, logIndex=2418, commits[f9fecd82-c7ae-483e-b259-6428f2dfb240:c2419, adbfec77-7a0d-4773-aa56-ba0b778d0ab5:c2417, 90c45227-141f-43fe-b831-a2b91b39d6b0:c2417]
2019-07-14 06:25:56,540 INFO  client.GrpcClientProtocolClient (GrpcClientProtocolClient.java:onNext(255)) - client-D2340BF4DD29->f9fecd82-c7ae-483e-b259-6428f2dfb240: receive RaftClientReply:client-D2340BF4DD29->f9fecd82-c7ae-483e-b259-6428f2dfb240@group-7DE138E597A5, cid=1671, SUCCESS, logIndex=2419, commits[f9fecd82-c7ae-483e-b259-6428f2dfb240:c2419, adbfec77-7a0d-4773-aa56-ba0b778d0ab5:c2417, 90c45227-141f-43fe-b831-a2b91b39d6b0:c2417]
2019-07-14 06:25:56,555 INFO  client.GrpcClientProtocolClient (GrpcClientProtocolClient.java:onNext(255)) - client-D2340BF4DD29->f9fecd82-c7ae-483e-b259-6428f2dfb240: receive RaftClientReply:client-D2340BF4DD29->f9fecd82-c7ae-483e-b259-6428f2dfb240@group-7DE138E597A5, cid=1672, SUCCESS, logIndex=2422, commits[f9fecd82-c7ae-483e-b259-6428f2dfb240:c2423, adbfec77-7a0d-4773-aa56-ba0b778d0ab5:c2419, 90c45227-141f-43fe-b831-a2b91b39d6b0:c2419]
2019-07-14 06:25:56,556 INFO  client.GrpcClientProtocolClient (GrpcClientProtocolClient.java:onNext(255)) - client-D2340BF4DD29->f9fecd82-c7ae-483e-b259-6428f2dfb240: receive RaftClientReply:client-D2340BF4DD29->f9fecd82-c7ae-483e-b259-6428f2dfb240@group-7DE138E597A5, cid=1673, SUCCESS, logIndex=2423, commits[f9fecd82-c7ae-483e-b259-6428f2dfb240:c2423, adbfec77-7a0d-4773-aa56-ba0b778d0ab5:c2419, 90c45227-141f-43fe-b831-a2b91b39d6b0:c2419]
2019-07-14 06:25:56,567 INFO  client.GrpcClientProtocolClient (GrpcClientProtocolClient.java:onNext(255)) - client-D2340BF4DD29->f9fecd82-c7ae-483e-b259-6428f2dfb240: receive RaftClientReply:client-D2340BF4DD29->f9fecd82-c7ae-483e-b259-6428f2dfb240@group-7DE138E597A5, cid=1674, SUCCESS, logIndex=0, commits[f9fecd82-c7ae-483e-b259-6428f2dfb240:c2424, adbfec77-7a0d-4773-aa56-ba0b778d0ab5:c2423, 90c45227-141f-43fe-b831-a2b91b39d6b0:c2423]
 0.00% |█                                                                                                    |  0/1 Time: 0:00:112019-07-14 06:25:56,709 INFO  client.GrpcClientProtocolClient (GrpcClientProtocolClient.java:onNext(255)) - client-D2340BF4DD29->f9fecd82-c7ae-483e-b259-6428f2dfb240: receive RaftClientReply:client-D2340BF4DD29->f9fecd82-c7ae-483e-b259-6428f2dfb240@group-7DE138E597A5, cid=1675, SUCCESS, logIndex=2426, commits[f9fecd82-c7ae-483e-b259-6428f2dfb240:c2428, adbfec77-7a0d-4773-aa56-ba0b778d0ab5:c2425, 90c45227-141f-43fe-b831-a2b91b39d6b0:c2425]
2019-07-14 06:25:56,710 INFO  client.GrpcClientProtocolClient (GrpcClientProtocolClient.java:onNext(255)) - client-D2340BF4DD29->f9fecd82-c7ae-483e-b259-6428f2dfb240: receive RaftClientReply:client-D2340BF4DD29->f9fecd82-c7ae-483e-b259-6428f2dfb240@group-7DE138E597A5, cid=1676, SUCCESS, logIndex=2427, commits[f9fecd82-c7ae-483e-b259-6428f2dfb240:c2429, adbfec77-7a0d-4773-aa56-ba0b778d0ab5:c2425, 90c45227-141f-43fe-b831-a2b91b39d6b0:c2425]
2019-07-14 06:25:56,711 INFO  client.GrpcClientProtocolClient (GrpcClientProtocolClient.java:onNext(255)) - client-D2340BF4DD29->f9fecd82-c7ae-483e-b259-6428f2dfb240: receive RaftClientReply:client-D2340BF4DD29->f9fecd82-c7ae-483e-b259-6428f2dfb240@group-7DE138E597A5, cid=1677, SUCCESS, logIndex=2428, commits[f9fecd82-c7ae-483e-b259-6428f2dfb240:c2429, adbfec77-7a0d-4773-aa56-ba0b778d0ab5:c2425, 90c45227-141f-43fe-b831-a2b91b39d6b0:c2425]
2019-07-14 06:25:56,711 INFO  client.GrpcClientProtocolClient (GrpcClientProtocolClient.java:onNext(255)) - client-D2340BF4DD29->f9fecd82-c7ae-483e-b259-6428f2dfb240: receive RaftClientReply:client-D2340BF4DD29->f9fecd82-c7ae-483e-b259-6428f2dfb240@group-7DE138E597A5, cid=1678, SUCCESS, logIndex=2429, commits[f9fecd82-c7ae-483e-b259-6428f2dfb240:c2429, adbfec77-7a0d-4773-aa56-ba0b778d0ab5:c2425, 90c45227-141f-43fe-b831-a2b91b39d6b0:c2425]
2019-07-14 06:25:56,724 INFO  client.GrpcClientProtocolClient (GrpcClientProtocolClient.java:onNext(255)) - client-D2340BF4DD29->f9fecd82-c7ae-483e-b259-6428f2dfb240: receive RaftClientReply:client-D2340BF4DD29->f9fecd82-c7ae-483e-b259-6428f2dfb240@group-7DE138E597A5, cid=1679, SUCCESS, logIndex=0, commits[f9fecd82-c7ae-483e-b259-6428f2dfb240:c2431, adbfec77-7a0d-4773-aa56-ba0b778d0ab5:c2427, 90c45227-141f-43fe-b831-a2b91b39d6b0:c2427]
2019-07-14 06:25:56,744 INFO  client.GrpcClientProtocolClient (GrpcClientProtocolClient.java:onNext(255)) - client-D2340BF4DD29->f9fecd82-c7ae-483e-b259-6428f2dfb240: receive RaftClientReply:client-D2340BF4DD29->f9fecd82-c7ae-483e-b259-6428f2dfb240@group-7DE138E597A5, cid=1680, SUCCESS, logIndex=2434, commits[f9fecd82-c7ae-483e-b259-6428f2dfb240:c2435, adbfec77-7a0d-4773-aa56-ba0b778d0ab5:c2433, 90c45227-141f-43fe-b831-a2b91b39d6b0:c2433]
2019-07-14 06:25:56,745 INFO  client.GrpcClientProtocolClient (GrpcClientProtocolClient.java:onNext(255)) - client-D2340BF4DD29->f9fecd82-c7ae-483e-b259-6428f2dfb240: receive RaftClientReply:client-D2340BF4DD29->f9fecd82-c7ae-483e-b259-6428f2dfb240@group-7DE138E597A5, cid=1681, SUCCESS, logIndex=2435, commits[f9fecd82-c7ae-483e-b259-6428f2dfb240:c2435, adbfec77-7a0d-4773-aa56-ba0b778d0ab5:c2433, 90c45227-141f-43fe-b831-a2b91b39d6b0:c2433]
2019-07-14 06:25:56,760 INFO  client.GrpcClientProtocolClient (GrpcClientProtocolClient.java:onNext(255)) - client-D2340BF4DD29->f9fecd82-c7ae-483e-b259-6428f2dfb240: receive RaftClientReply:client-D2340BF4DD29->f9fecd82-c7ae-483e-b259-6428f2dfb240@group-7DE138E597A5, cid=1682, SUCCESS, logIndex=2438, commits[f9fecd82-c7ae-483e-b259-6428f2dfb240:c2439, adbfec77-7a0d-4773-aa56-ba0b778d0ab5:c2435, 90c45227-141f-43fe-b831-a2b91b39d6b0:c2435]
2019-07-14 06:25:56,760 INFO  client.GrpcClientProtocolClient (GrpcClientProtocolClient.java:onNext(255)) - client-D2340BF4DD29->f9fecd82-c7ae-483e-b259-6428f2dfb240: receive RaftClientReply:client-D2340BF4DD29->f9fecd82-c7ae-483e-b259-6428f2dfb240@group-7DE138E597A5, cid=1683, SUCCESS, logIndex=2439, commits[f9fecd82-c7ae-483e-b259-6428f2dfb240:c2439, adbfec77-7a0d-4773-aa56-ba0b778d0ab5:c2435, 90c45227-141f-43fe-b831-a2b91b39d6b0:c2435]
2019-07-14 06:25:56,774 INFO  client.GrpcClientProtocolClient (GrpcClientProtocolClient.java:onNext(255)) - client-D2340BF4DD29->f9fecd82-c7ae-483e-b259-6428f2dfb240: receive RaftClientReply:client-D2340BF4DD29->f9fecd82-c7ae-483e-b259-6428f2dfb240@group-7DE138E597A5, cid=1684, SUCCESS, logIndex=0, commits[f9fecd82-c7ae-483e-b259-6428f2dfb240:c2441, adbfec77-7a0d-4773-aa56-ba0b778d0ab5:c2439, 90c45227-141f-43fe-b831-a2b91b39d6b0:c2439]
2019-07-14 06:25:56,803 INFO  client.GrpcClientProtocolClient (GrpcClientProtocolClient.java:onNext(255)) - client-D2340BF4DD29->f9fecd82-c7ae-483e-b259-6428f2dfb240: receive RaftClientReply:client-D2340BF4DD29->f9fecd82-c7ae-483e-b259-6428f2dfb240@group-7DE138E597A5, cid=1685, SUCCESS, logIndex=2442, commits[f9fecd82-c7ae-483e-b259-6428f2dfb240:c2443, adbfec77-7a0d-4773-aa56-ba0b778d0ab5:c2441, 90c45227-141f-43fe-b831-a2b91b39d6b0:c2441]
2019-07-14 06:25:56,804 INFO  client.GrpcClientProtocolClient (GrpcClientProtocolClient.java:onNext(255)) - client-D2340BF4DD29->f9fecd82-c7ae-483e-b259-6428f2dfb240: receive RaftClientReply:client-D2340BF4DD29->f9fecd82-c7ae-483e-b259-6428f2dfb240@group-7DE138E597A5, cid=1686, SUCCESS, logIndex=2443, commits[f9fecd82-c7ae-483e-b259-6428f2dfb240:c2445, adbfec77-7a0d-4773-aa56-ba0b778d0ab5:c2441, 90c45227-141f-43fe-b831-a2b91b39d6b0:c2441]
2019-07-14 06:25:56,804 INFO  client.GrpcClientProtocolClient (GrpcClientProtocolClient.java:onNext(255)) - client-D2340BF4DD29->f9fecd82-c7ae-483e-b259-6428f2dfb240: receive RaftClientReply:client-D2340BF4DD29->f9fecd82-c7ae-483e-b259-6428f2dfb240@group-7DE138E597A5, cid=1687, SUCCESS, logIndex=2444, commits[f9fecd82-c7ae-483e-b259-6428f2dfb240:c2445, adbfec77-7a0d-4773-aa56-ba0b778d0ab5:c2441, 90c45227-141f-43fe-b831-a2b91b39d6b0:c2441]
2019-07-14 06:25:56,805 INFO  client.GrpcClientProtocolClient (GrpcClientProtocolClient.java:onNext(255)) - client-D2340BF4DD29->f9fecd82-c7ae-483e-b259-6428f2dfb240: receive RaftClientReply:client-D2340BF4DD29->f9fecd82-c7ae-483e-b259-6428f2dfb240@group-7DE138E597A5, cid=1688, SUCCESS, logIndex=2445, commits[f9fecd82-c7ae-483e-b259-6428f2dfb240:c2445, adbfec77-7a0d-4773-aa56-ba0b778d0ab5:c2441, 90c45227-141f-43fe-b831-a2b91b39d6b0:c2441]
2019-07-14 06:25:56,806 INFO  client.GrpcClientProtocolClient (GrpcClientProtocolClient.java:onNext(255)) - client-D2340BF4DD29->f9fecd82-c7ae-483e-b259-6428f2dfb240: receive RaftClientReply:client-D2340BF4DD29->f9fecd82-c7ae-483e-b259-6428f2dfb240@group-7DE138E597A5, cid=1689, SUCCESS, logIndex=0, commits[f9fecd82-c7ae-483e-b259-6428f2dfb240:c2449, adbfec77-7a0d-4773-aa56-ba0b778d0ab5:c2444, 90c45227-141f-43fe-b831-a2b91b39d6b0:c2445]
2019-07-14 06:25:56,826 INFO  client.GrpcClientProtocolClient (GrpcClientProtocolClient.java:onNext(255)) - client-D2340BF4DD29->f9fecd82-c7ae-483e-b259-6428f2dfb240: receive RaftClientReply:client-D2340BF4DD29->f9fecd82-c7ae-483e-b259-6428f2dfb240@group-7DE138E597A5, cid=1690, SUCCESS, logIndex=2450, commits[f9fecd82-c7ae-483e-b259-6428f2dfb240:c2451, adbfec77-7a0d-4773-aa56-ba0b778d0ab5:c2449, 90c45227-141f-43fe-b831-a2b91b39d6b0:c2449]
2019-07-14 06:25:56,826 INFO  client.GrpcClientProtocolClient (GrpcClientProtocolClient.java:onNext(255)) - client-D2340BF4DD29->f9fecd82-c7ae-483e-b259-6428f2dfb240: receive RaftClientReply:client-D2340BF4DD29->f9fecd82-c7ae-483e-b259-6428f2dfb240@group-7DE138E597A5, cid=1691, SUCCESS, logIndex=2451, commits[f9fecd82-c7ae-483e-b259-6428f2dfb240:c2451, adbfec77-7a0d-4773-aa56-ba0b778d0ab5:c2449, 90c45227-141f-43fe-b831-a2b91b39d6b0:c2449]
2019-07-14 06:25:56,841 INFO  client.GrpcClientProtocolClient (GrpcClientProtocolClient.java:onNext(255)) - client-D2340BF4DD29->f9fecd82-c7ae-483e-b259-6428f2dfb240: receive RaftClientReply:client-D2340BF4DD29->f9fecd82-c7ae-483e-b259-6428f2dfb240@group-7DE138E597A5, cid=1692, SUCCESS, logIndex=2454, commits[f9fecd82-c7ae-483e-b259-6428f2dfb240:c2455, adbfec77-7a0d-4773-aa56-ba0b778d0ab5:c2451, 90c45227-141f-43fe-b831-a2b91b39d6b0:c2451]
2019-07-14 06:25:56,842 INFO  client.GrpcClientProtocolClient (GrpcClientProtocolClient.java:onNext(255)) - client-D2340BF4DD29->f9fecd82-c7ae-483e-b259-6428f2dfb240: receive RaftClientReply:client-D2340BF4DD29->f9fecd82-c7ae-483e-b259-6428f2dfb240@group-7DE138E597A5, cid=1693, SUCCESS, logIndex=2455, commits[f9fecd82-c7ae-483e-b259-6428f2dfb240:c2455, adbfec77-7a0d-4773-aa56-ba0b778d0ab5:c2451, 90c45227-141f-43fe-b831-a2b91b39d6b0:c2451]
2019-07-14 06:25:56,866 INFO  client.GrpcClientProtocolClient (GrpcClientProtocolClient.java:onNext(255)) - client-D2340BF4DD29->f9fecd82-c7ae-483e-b259-6428f2dfb240: receive RaftClientReply:client-D2340BF4DD29->f9fecd82-c7ae-483e-b259-6428f2dfb240@group-7DE138E597A5, cid=1694, SUCCESS, logIndex=0, commits[f9fecd82-c7ae-483e-b259-6428f2dfb240:c2457, adbfec77-7a0d-4773-aa56-ba0b778d0ab5:c2455, 90c45227-141f-43fe-b831-a2b91b39d6b0:c2455]
2019-07-14 06:25:56,887 INFO  client.GrpcClientProtocolClient (GrpcClientProtocolClient.java:onNext(255)) - client-D2340BF4DD29->f9fecd82-c7ae-483e-b259-6428f2dfb240: receive RaftClientReply:client-D2340BF4DD29->f9fecd82-c7ae-483e-b259-6428f2dfb240@group-7DE138E597A5, cid=1695, SUCCESS, logIndex=2458, commits[f9fecd82-c7ae-483e-b259-6428f2dfb240:c2459, adbfec77-7a0d-4773-aa56-ba0b778d0ab5:c2455, 90c45227-141f-43fe-b831-a2b91b39d6b0:c2457]
2019-07-14 06:25:56,888 INFO  client.GrpcClientProtocolClient (GrpcClientProtocolClient.java:onNext(255)) - client-D2340BF4DD29->f9fecd82-c7ae-483e-b259-6428f2dfb240: receive RaftClientReply:client-D2340BF4DD29->f9fecd82-c7ae-483e-b259-6428f2dfb240@group-7DE138E597A5, cid=1696, SUCCESS, logIndex=2459, commits[f9fecd82-c7ae-483e-b259-6428f2dfb240:c2459, adbfec77-7a0d-4773-aa56-ba0b778d0ab5:c2455, 90c45227-141f-43fe-b831-a2b91b39d6b0:c2457]
2019-07-14 06:25:56,888 INFO  client.GrpcClientProtocolClient (GrpcClientProtocolClient.java:onNext(255)) - client-D2340BF4DD29->f9fecd82-c7ae-483e-b259-6428f2dfb240: receive RaftClientReply:client-D2340BF4DD29->f9fecd82-c7ae-483e-b259-6428f2dfb240@group-7DE138E597A5, cid=1697, SUCCESS, logIndex=2460, commits[f9fecd82-c7ae-483e-b259-6428f2dfb240:c2461, adbfec77-7a0d-4773-aa56-ba0b778d0ab5:c2457, 90c45227-141f-43fe-b831-a2b91b39d6b0:c2457]
2019-07-14 06:25:56,889 INFO  client.GrpcClientProtocolClient (GrpcClientProtocolClient.java:onNext(255)) - client-D2340BF4DD29->f9fecd82-c7ae-483e-b259-6428f2dfb240: receive RaftClientReply:client-D2340BF4DD29->f9fecd82-c7ae-483e-b259-6428f2dfb240@group-7DE138E597A5, cid=1698, SUCCESS, logIndex=2461, commits[f9fecd82-c7ae-483e-b259-6428f2dfb240:c2461, adbfec77-7a0d-4773-aa56-ba0b778d0ab5:c2457, 90c45227-141f-43fe-b831-a2b91b39d6b0:c2457]
2019-07-14 06:25:56,890 INFO  client.GrpcClientProtocolClient (GrpcClientProtocolClient.java:onNext(255)) - client-D2340BF4DD29->f9fecd82-c7ae-483e-b259-6428f2dfb240: receive RaftClientReply:client-D2340BF4DD29->f9fecd82-c7ae-483e-b259-6428f2dfb240@group-7DE138E597A5, cid=1699, SUCCESS, logIndex=0, commits[f9fecd82-c7ae-483e-b259-6428f2dfb240:c2463, adbfec77-7a0d-4773-aa56-ba0b778d0ab5:c2459, 90c45227-141f-43fe-b831-a2b91b39d6b0:c2459]
2019-07-14 06:25:56,901 INFO  client.GrpcClientProtocolClient (GrpcClientProtocolClient.java:onNext(255)) - client-D2340BF4DD29->f9fecd82-c7ae-483e-b259-6428f2dfb240: receive RaftClientReply:client-D2340BF4DD29->f9fecd82-c7ae-483e-b259-6428f2dfb240@group-7DE138E597A5, cid=1700, SUCCESS, logIndex=2466, commits[f9fecd82-c7ae-483e-b259-6428f2dfb240:c2467, adbfec77-7a0d-4773-aa56-ba0b778d0ab5:c2465, 90c45227-141f-43fe-b831-a2b91b39d6b0:c2465]
2019-07-14 06:25:56,901 INFO  client.GrpcClientProtocolClient (GrpcClientProtocolClient.java:onNext(255)) - client-D2340BF4DD29->f9fecd82-c7ae-483e-b259-6428f2dfb240: receive RaftClientReply:client-D2340BF4DD29->f9fecd82-c7ae-483e-b259-6428f2dfb240@group-7DE138E597A5, cid=1701, SUCCESS, logIndex=2467, commits[f9fecd82-c7ae-483e-b259-6428f2dfb240:c2467, adbfec77-7a0d-4773-aa56-ba0b778d0ab5:c2465, 90c45227-141f-43fe-b831-a2b91b39d6b0:c2465]
2019-07-14 06:25:56,911 INFO  client.GrpcClientProtocolClient (GrpcClientProtocolClient.java:onNext(255)) - client-D2340BF4DD29->f9fecd82-c7ae-483e-b259-6428f2dfb240: receive RaftClientReply:client-D2340BF4DD29->f9fecd82-c7ae-483e-b259-6428f2dfb240@group-7DE138E597A5, cid=1702, SUCCESS, logIndex=2470, commits[f9fecd82-c7ae-483e-b259-6428f2dfb240:c2471, adbfec77-7a0d-4773-aa56-ba0b778d0ab5:c2469, 90c45227-141f-43fe-b831-a2b91b39d6b0:c2467]
2019-07-14 06:25:56,911 INFO  client.GrpcClientProtocolClient (GrpcClientProtocolClient.java:onNext(255)) - client-D2340BF4DD29->f9fecd82-c7ae-483e-b259-6428f2dfb240: receive RaftClientReply:client-D2340BF4DD29->f9fecd82-c7ae-483e-b259-6428f2dfb240@group-7DE138E597A5, cid=1703, SUCCESS, logIndex=2471, commits[f9fecd82-c7ae-483e-b259-6428f2dfb240:c2471, adbfec77-7a0d-4773-aa56-ba0b778d0ab5:c2469, 90c45227-141f-43fe-b831-a2b91b39d6b0:c2469]
2019-07-14 06:25:56,912 INFO  client.GrpcClientProtocolClient (GrpcClientProtocolClient.java:onNext(255)) - client-D2340BF4DD29->f9fecd82-c7ae-483e-b259-6428f2dfb240: receive RaftClientReply:client-D2340BF4DD29->f9fecd82-c7ae-483e-b259-6428f2dfb240@group-7DE138E597A5, cid=1704, SUCCESS, logIndex=0, commits[f9fecd82-c7ae-483e-b259-6428f2dfb240:c2472, adbfec77-7a0d-4773-aa56-ba0b778d0ab5:c2471, 90c45227-141f-43fe-b831-a2b91b39d6b0:c2471]
2019-07-14 06:25:56,932 INFO  client.GrpcClientProtocolClient (GrpcClientProtocolClient.java:onNext(255)) - client-D2340BF4DD29->f9fecd82-c7ae-483e-b259-6428f2dfb240: receive RaftClientReply:client-D2340BF4DD29->f9fecd82-c7ae-483e-b259-6428f2dfb240@group-7DE138E597A5, cid=1705, SUCCESS, logIndex=2474, commits[f9fecd82-c7ae-483e-b259-6428f2dfb240:c2475, adbfec77-7a0d-4773-aa56-ba0b778d0ab5:c2473, 90c45227-141f-43fe-b831-a2b91b39d6b0:c2473]
2019-07-14 06:25:56,932 INFO  client.GrpcClientProtocolClient (GrpcClientProtocolClient.java:onNext(255)) - client-D2340BF4DD29->f9fecd82-c7ae-483e-b259-6428f2dfb240: receive RaftClientReply:client-D2340BF4DD29->f9fecd82-c7ae-483e-b259-6428f2dfb240@group-7DE138E597A5, cid=1706, SUCCESS, logIndex=2475, commits[f9fecd82-c7ae-483e-b259-6428f2dfb240:c2477, adbfec77-7a0d-4773-aa56-ba0b778d0ab5:c2473, 90c45227-141f-43fe-b831-a2b91b39d6b0:c2473]
2019-07-14 06:25:56,933 INFO  client.GrpcClientProtocolClient (GrpcClientProtocolClient.java:onNext(255)) - client-D2340BF4DD29->f9fecd82-c7ae-483e-b259-6428f2dfb240: receive RaftClientReply:client-D2340BF4DD29->f9fecd82-c7ae-483e-b259-6428f2dfb240@group-7DE138E597A5, cid=1707, SUCCESS, logIndex=2476, commits[f9fecd82-c7ae-483e-b259-6428f2dfb240:c2477, adbfec77-7a0d-4773-aa56-ba0b778d0ab5:c2473, 90c45227-141f-43fe-b831-a2b91b39d6b0:c2473]
2019-07-14 06:25:56,933 INFO  client.GrpcClientProtocolClient (GrpcClientProtocolClient.java:onNext(255)) - client-D2340BF4DD29->f9fecd82-c7ae-483e-b259-6428f2dfb240: receive RaftClientReply:client-D2340BF4DD29->f9fecd82-c7ae-483e-b259-6428f2dfb240@group-7DE138E597A5, cid=1708, SUCCESS, logIndex=2477, commits[f9fecd82-c7ae-483e-b259-6428f2dfb240:c2477, adbfec77-7a0d-4773-aa56-ba0b778d0ab5:c2473, 90c45227-141f-43fe-b831-a2b91b39d6b0:c2473]
2019-07-14 06:25:56,936 INFO  client.GrpcClientProtocolClient (GrpcClientProtocolClient.java:onNext(255)) - client-D2340BF4DD29->f9fecd82-c7ae-483e-b259-6428f2dfb240: receive RaftClientReply:client-D2340BF4DD29->f9fecd82-c7ae-483e-b259-6428f2dfb240@group-7DE138E597A5, cid=1709, SUCCESS, logIndex=0, commits[f9fecd82-c7ae-483e-b259-6428f2dfb240:c2481, adbfec77-7a0d-4773-aa56-ba0b778d0ab5:c2475, 90c45227-141f-43fe-b831-a2b91b39d6b0:c2477]
2019-07-14 06:25:56,956 INFO  client.GrpcClientProtocolClient (GrpcClientProtocolClient.java:onNext(255)) - client-D2340BF4DD29->f9fecd82-c7ae-483e-b259-6428f2dfb240: receive RaftClientReply:client-D2340BF4DD29->f9fecd82-c7ae-483e-b259-6428f2dfb240@group-7DE138E597A5, cid=1710, SUCCESS, logIndex=2482, commits[f9fecd82-c7ae-483e-b259-6428f2dfb240:c2483, adbfec77-7a0d-4773-aa56-ba0b778d0ab5:c2481, 90c45227-141f-43fe-b831-a2b91b39d6b0:c2481]
2019-07-14 06:25:56,956 INFO  client.GrpcClientProtocolClient (GrpcClientProtocolClient.java:onNext(255)) - client-D2340BF4DD29->f9fecd82-c7ae-483e-b259-6428f2dfb240: receive RaftClientReply:client-D2340BF4DD29->f9fecd82-c7ae-483e-b259-6428f2dfb240@group-7DE138E597A5, cid=1711, SUCCESS, logIndex=2483, commits[f9fecd82-c7ae-483e-b259-6428f2dfb240:c2483, adbfec77-7a0d-4773-aa56-ba0b778d0ab5:c2481, 90c45227-141f-43fe-b831-a2b91b39d6b0:c2481]
2019-07-14 06:25:56,985 INFO  client.GrpcClientProtocolClient (GrpcClientProtocolClient.java:onNext(255)) - client-D2340BF4DD29->f9fecd82-c7ae-483e-b259-6428f2dfb240: receive RaftClientReply:client-D2340BF4DD29->f9fecd82-c7ae-483e-b259-6428f2dfb240@group-7DE138E597A5, cid=1712, SUCCESS, logIndex=2486, commits[f9fecd82-c7ae-483e-b259-6428f2dfb240:c2487, adbfec77-7a0d-4773-aa56-ba0b778d0ab5:c2483, 90c45227-141f-43fe-b831-a2b91b39d6b0:c2483]
2019-07-14 06:25:56,986 INFO  client.GrpcClientProtocolClient (GrpcClientProtocolClient.java:onNext(255)) - client-D2340BF4DD29->f9fecd82-c7ae-483e-b259-6428f2dfb240: receive RaftClientReply:client-D2340BF4DD29->f9fecd82-c7ae-483e-b259-6428f2dfb240@group-7DE138E597A5, cid=1713, SUCCESS, logIndex=2487, commits[f9fecd82-c7ae-483e-b259-6428f2dfb240:c2487, adbfec77-7a0d-4773-aa56-ba0b778d0ab5:c2483, 90c45227-141f-43fe-b831-a2b91b39d6b0:c2483]
2019-07-14 06:25:57,005 INFO  client.GrpcClientProtocolClient (GrpcClientProtocolClient.java:onNext(255)) - client-D2340BF4DD29->f9fecd82-c7ae-483e-b259-6428f2dfb240: receive RaftClientReply:client-D2340BF4DD29->f9fecd82-c7ae-483e-b259-6428f2dfb240@group-7DE138E597A5, cid=1714, SUCCESS, logIndex=0, commits[f9fecd82-c7ae-483e-b259-6428f2dfb240:c2489, adbfec77-7a0d-4773-aa56-ba0b778d0ab5:c2487, 90c45227-141f-43fe-b831-a2b91b39d6b0:c2487]
2019-07-14 06:25:57,035 INFO  client.GrpcClientProtocolClient (GrpcClientProtocolClient.java:onNext(255)) - client-D2340BF4DD29->f9fecd82-c7ae-483e-b259-6428f2dfb240: receive RaftClientReply:client-D2340BF4DD29->f9fecd82-c7ae-483e-b259-6428f2dfb240@group-7DE138E597A5, cid=1715, SUCCESS, logIndex=2490, commits[f9fecd82-c7ae-483e-b259-6428f2dfb240:c2491, adbfec77-7a0d-4773-aa56-ba0b778d0ab5:c2489, 90c45227-141f-43fe-b831-a2b91b39d6b0:c2489]
2019-07-14 06:25:57,036 INFO  client.GrpcClientProtocolClient (GrpcClientProtocolClient.java:onNext(255)) - client-D2340BF4DD29->f9fecd82-c7ae-483e-b259-6428f2dfb240: receive RaftClientReply:client-D2340BF4DD29->f9fecd82-c7ae-483e-b259-6428f2dfb240@group-7DE138E597A5, cid=1716, SUCCESS, logIndex=2491, commits[f9fecd82-c7ae-483e-b259-6428f2dfb240:c2492, adbfec77-7a0d-4773-aa56-ba0b778d0ab5:c2489, 90c45227-141f-43fe-b831-a2b91b39d6b0:c2489]
2019-07-14 06:25:57,036 INFO  client.GrpcClientProtocolClient (GrpcClientProtocolClient.java:onNext(255)) - client-D2340BF4DD29->f9fecd82-c7ae-483e-b259-6428f2dfb240: receive RaftClientReply:client-D2340BF4DD29->f9fecd82-c7ae-483e-b259-6428f2dfb240@group-7DE138E597A5, cid=1717, SUCCESS, logIndex=2492, commits[f9fecd82-c7ae-483e-b259-6428f2dfb240:c2493, adbfec77-7a0d-4773-aa56-ba0b778d0ab5:c2489, 90c45227-141f-43fe-b831-a2b91b39d6b0:c2489]
2019-07-14 06:25:57,037 INFO  client.GrpcClientProtocolClient (GrpcClientProtocolClient.java:onNext(255)) - client-D2340BF4DD29->f9fecd82-c7ae-483e-b259-6428f2dfb240: receive RaftClientReply:client-D2340BF4DD29->f9fecd82-c7ae-483e-b259-6428f2dfb240@group-7DE138E597A5, cid=1718, SUCCESS, logIndex=2493, commits[f9fecd82-c7ae-483e-b259-6428f2dfb240:c2493, adbfec77-7a0d-4773-aa56-ba0b778d0ab5:c2489, 90c45227-141f-43fe-b831-a2b91b39d6b0:c2489]
2019-07-14 06:25:57,050 INFO  client.GrpcClientProtocolClient (GrpcClientProtocolClient.java:onNext(255)) - client-D2340BF4DD29->f9fecd82-c7ae-483e-b259-6428f2dfb240: receive RaftClientReply:client-D2340BF4DD29->f9fecd82-c7ae-483e-b259-6428f2dfb240@group-7DE138E597A5, cid=1719, SUCCESS, logIndex=0, commits[f9fecd82-c7ae-483e-b259-6428f2dfb240:c2495, adbfec77-7a0d-4773-aa56-ba0b778d0ab5:c2491, 90c45227-141f-43fe-b831-a2b91b39d6b0:c2491]
2019-07-14 06:25:57,069 INFO  client.GrpcClientProtocolClient (GrpcClientProtocolClient.java:onNext(255)) - client-D2340BF4DD29->f9fecd82-c7ae-483e-b259-6428f2dfb240: receive RaftClientReply:client-D2340BF4DD29->f9fecd82-c7ae-483e-b259-6428f2dfb240@group-7DE138E597A5, cid=1720, SUCCESS, logIndex=2498, commits[f9fecd82-c7ae-483e-b259-6428f2dfb240:c2499, adbfec77-7a0d-4773-aa56-ba0b778d0ab5:c2497, 90c45227-141f-43fe-b831-a2b91b39d6b0:c2497]
2019-07-14 06:25:57,069 INFO  client.GrpcClientProtocolClient (GrpcClientProtocolClient.java:onNext(255)) - client-D2340BF4DD29->f9fecd82-c7ae-483e-b259-6428f2dfb240: receive RaftClientReply:client-D2340BF4DD29->f9fecd82-c7ae-483e-b259-6428f2dfb240@group-7DE138E597A5, cid=1721, SUCCESS, logIndex=2499, commits[f9fecd82-c7ae-483e-b259-6428f2dfb240:c2499, adbfec77-7a0d-4773-aa56-ba0b778d0ab5:c2497, 90c45227-141f-43fe-b831-a2b91b39d6b0:c2497]
2019-07-14 06:25:57,082 INFO  client.GrpcClientProtocolClient (GrpcClientProtocolClient.java:onNext(255)) - client-D2340BF4DD29->f9fecd82-c7ae-483e-b259-6428f2dfb240: receive RaftClientReply:client-D2340BF4DD29->f9fecd82-c7ae-483e-b259-6428f2dfb240@group-7DE138E597A5, cid=1722, SUCCESS, logIndex=2502, commits[f9fecd82-c7ae-483e-b259-6428f2dfb240:c2503, adbfec77-7a0d-4773-aa56-ba0b778d0ab5:c2499, 90c45227-141f-43fe-b831-a2b91b39d6b0:c2499]
2019-07-14 06:25:57,082 INFO  client.GrpcClientProtocolClient (GrpcClientProtocolClient.java:onNext(255)) - client-D2340BF4DD29->f9fecd82-c7ae-483e-b259-6428f2dfb240: receive RaftClientReply:client-D2340BF4DD29->f9fecd82-c7ae-483e-b259-6428f2dfb240@group-7DE138E597A5, cid=1723, SUCCESS, logIndex=2503, commits[f9fecd82-c7ae-483e-b259-6428f2dfb240:c2503, adbfec77-7a0d-4773-aa56-ba0b778d0ab5:c2499, 90c45227-141f-43fe-b831-a2b91b39d6b0:c2499]
2019-07-14 06:25:57,096 INFO  client.GrpcClientProtocolClient (GrpcClientProtocolClient.java:onNext(255)) - client-D2340BF4DD29->f9fecd82-c7ae-483e-b259-6428f2dfb240: receive RaftClientReply:client-D2340BF4DD29->f9fecd82-c7ae-483e-b259-6428f2dfb240@group-7DE138E597A5, cid=1724, SUCCESS, logIndex=0, commits[f9fecd82-c7ae-483e-b259-6428f2dfb240:c2504, adbfec77-7a0d-4773-aa56-ba0b778d0ab5:c2503, 90c45227-141f-43fe-b831-a2b91b39d6b0:c2503]
2019-07-14 06:25:57,126 INFO  client.GrpcClientProtocolClient (GrpcClientProtocolClient.java:onNext(255)) - client-D2340BF4DD29->f9fecd82-c7ae-483e-b259-6428f2dfb240: receive RaftClientReply:client-D2340BF4DD29->f9fecd82-c7ae-483e-b259-6428f2dfb240@group-7DE138E597A5, cid=1725, SUCCESS, logIndex=2506, commits[f9fecd82-c7ae-483e-b259-6428f2dfb240:c2507, adbfec77-7a0d-4773-aa56-ba0b778d0ab5:c2505, 90c45227-141f-43fe-b831-a2b91b39d6b0:c2505]
2019-07-14 06:25:57,126 INFO  client.GrpcClientProtocolClient (GrpcClientProtocolClient.java:onNext(255)) - client-D2340BF4DD29->f9fecd82-c7ae-483e-b259-6428f2dfb240: receive RaftClientReply:client-D2340BF4DD29->f9fecd82-c7ae-483e-b259-6428f2dfb240@group-7DE138E597A5, cid=1726, SUCCESS, logIndex=2507, commits[f9fecd82-c7ae-483e-b259-6428f2dfb240:c2509, adbfec77-7a0d-4773-aa56-ba0b778d0ab5:c2505, 90c45227-141f-43fe-b831-a2b91b39d6b0:c2505]
2019-07-14 06:25:57,127 INFO  client.GrpcClientProtocolClient (GrpcClientProtocolClient.java:onNext(255)) - client-D2340BF4DD29->f9fecd82-c7ae-483e-b259-6428f2dfb240: receive RaftClientReply:client-D2340BF4DD29->f9fecd82-c7ae-483e-b259-6428f2dfb240@group-7DE138E597A5, cid=1727, SUCCESS, logIndex=2508, commits[f9fecd82-c7ae-483e-b259-6428f2dfb240:c2509, adbfec77-7a0d-4773-aa56-ba0b778d0ab5:c2505, 90c45227-141f-43fe-b831-a2b91b39d6b0:c2505]
2019-07-14 06:25:57,127 INFO  client.GrpcClientProtocolClient (GrpcClientProtocolClient.java:onNext(255)) - client-D2340BF4DD29->f9fecd82-c7ae-483e-b259-6428f2dfb240: receive RaftClientReply:client-D2340BF4DD29->f9fecd82-c7ae-483e-b259-6428f2dfb240@group-7DE138E597A5, cid=1728, SUCCESS, logIndex=2509, commits[f9fecd82-c7ae-483e-b259-6428f2dfb240:c2509, adbfec77-7a0d-4773-aa56-ba0b778d0ab5:c2505, 90c45227-141f-43fe-b831-a2b91b39d6b0:c2505]
2019-07-14 06:25:57,141 INFO  client.GrpcClientProtocolClient (GrpcClientProtocolClient.java:onNext(255)) - client-D2340BF4DD29->f9fecd82-c7ae-483e-b259-6428f2dfb240: receive RaftClientReply:client-D2340BF4DD29->f9fecd82-c7ae-483e-b259-6428f2dfb240@group-7DE138E597A5, cid=1729, SUCCESS, logIndex=0, commits[f9fecd82-c7ae-483e-b259-6428f2dfb240:c2511, adbfec77-7a0d-4773-aa56-ba0b778d0ab5:c2507, 90c45227-141f-43fe-b831-a2b91b39d6b0:c2507]
2019-07-14 06:25:57,160 INFO  client.GrpcClientProtocolClient (GrpcClientProtocolClient.java:onNext(255)) - client-D2340BF4DD29->f9fecd82-c7ae-483e-b259-6428f2dfb240: receive RaftClientReply:client-D2340BF4DD29->f9fecd82-c7ae-483e-b259-6428f2dfb240@group-7DE138E597A5, cid=1730, SUCCESS, logIndex=2514, commits[f9fecd82-c7ae-483e-b259-6428f2dfb240:c2515, adbfec77-7a0d-4773-aa56-ba0b778d0ab5:c2513, 90c45227-141f-43fe-b831-a2b91b39d6b0:c2513]
2019-07-14 06:25:57,161 INFO  client.GrpcClientProtocolClient (GrpcClientProtocolClient.java:onNext(255)) - client-D2340BF4DD29->f9fecd82-c7ae-483e-b259-6428f2dfb240: receive RaftClientReply:client-D2340BF4DD29->f9fecd82-c7ae-483e-b259-6428f2dfb240@group-7DE138E597A5, cid=1731, SUCCESS, logIndex=2515, commits[f9fecd82-c7ae-483e-b259-6428f2dfb240:c2515, adbfec77-7a0d-4773-aa56-ba0b778d0ab5:c2513, 90c45227-141f-43fe-b831-a2b91b39d6b0:c2513]
2019-07-14 06:25:57,175 INFO  client.GrpcClientProtocolClient (GrpcClientProtocolClient.java:onNext(255)) - client-D2340BF4DD29->f9fecd82-c7ae-483e-b259-6428f2dfb240: receive RaftClientReply:client-D2340BF4DD29->f9fecd82-c7ae-483e-b259-6428f2dfb240@group-7DE138E597A5, cid=1732, SUCCESS, logIndex=2518, commits[f9fecd82-c7ae-483e-b259-6428f2dfb240:c2519, adbfec77-7a0d-4773-aa56-ba0b778d0ab5:c2515, 90c45227-141f-43fe-b831-a2b91b39d6b0:c2515]
2019-07-14 06:25:57,176 INFO  client.GrpcClientProtocolClient (GrpcClientProtocolClient.java:onNext(255)) - client-D2340BF4DD29->f9fecd82-c7ae-483e-b259-6428f2dfb240: receive RaftClientReply:client-D2340BF4DD29->f9fecd82-c7ae-483e-b259-6428f2dfb240@group-7DE138E597A5, cid=1733, SUCCESS, logIndex=2519, commits[f9fecd82-c7ae-483e-b259-6428f2dfb240:c2519, adbfec77-7a0d-4773-aa56-ba0b778d0ab5:c2515, 90c45227-141f-43fe-b831-a2b91b39d6b0:c2515]
2019-07-14 06:25:57,190 INFO  client.GrpcClientProtocolClient (GrpcClientProtocolClient.java:onNext(255)) - client-D2340BF4DD29->f9fecd82-c7ae-483e-b259-6428f2dfb240: receive RaftClientReply:client-D2340BF4DD29->f9fecd82-c7ae-483e-b259-6428f2dfb240@group-7DE138E597A5, cid=1734, SUCCESS, logIndex=0, commits[f9fecd82-c7ae-483e-b259-6428f2dfb240:c2521, adbfec77-7a0d-4773-aa56-ba0b778d0ab5:c2519, 90c45227-141f-43fe-b831-a2b91b39d6b0:c2519]
2019-07-14 06:25:57,215 INFO  client.GrpcClientProtocolClient (GrpcClientProtocolClient.java:onNext(255)) - client-D2340BF4DD29->f9fecd82-c7ae-483e-b259-6428f2dfb240: receive RaftClientReply:client-D2340BF4DD29->f9fecd82-c7ae-483e-b259-6428f2dfb240@group-7DE138E597A5, cid=1735, SUCCESS, logIndex=2522, commits[f9fecd82-c7ae-483e-b259-6428f2dfb240:c2523, adbfec77-7a0d-4773-aa56-ba0b778d0ab5:c2521, 90c45227-141f-43fe-b831-a2b91b39d6b0:c2521]
2019-07-14 06:25:57,215 INFO  client.GrpcClientProtocolClient (GrpcClientProtocolClient.java:onNext(255)) - client-D2340BF4DD29->f9fecd82-c7ae-483e-b259-6428f2dfb240: receive RaftClientReply:client-D2340BF4DD29->f9fecd82-c7ae-483e-b259-6428f2dfb240@group-7DE138E597A5, cid=1736, SUCCESS, logIndex=2523, commits[f9fecd82-c7ae-483e-b259-6428f2dfb240:c2525, adbfec77-7a0d-4773-aa56-ba0b778d0ab5:c2521, 90c45227-141f-43fe-b831-a2b91b39d6b0:c2521]
2019-07-14 06:25:57,215 INFO  client.GrpcClientProtocolClient (GrpcClientProtocolClient.java:onNext(255)) - client-D2340BF4DD29->f9fecd82-c7ae-483e-b259-6428f2dfb240: receive RaftClientReply:client-D2340BF4DD29->f9fecd82-c7ae-483e-b259-6428f2dfb240@group-7DE138E597A5, cid=1737, SUCCESS, logIndex=2524, commits[f9fecd82-c7ae-483e-b259-6428f2dfb240:c2525, adbfec77-7a0d-4773-aa56-ba0b778d0ab5:c2521, 90c45227-141f-43fe-b831-a2b91b39d6b0:c2521]
2019-07-14 06:25:57,216 INFO  client.GrpcClientProtocolClient (GrpcClientProtocolClient.java:onNext(255)) - client-D2340BF4DD29->f9fecd82-c7ae-483e-b259-6428f2dfb240: receive RaftClientReply:client-D2340BF4DD29->f9fecd82-c7ae-483e-b259-6428f2dfb240@group-7DE138E597A5, cid=1738, SUCCESS, logIndex=2525, commits[f9fecd82-c7ae-483e-b259-6428f2dfb240:c2525, adbfec77-7a0d-4773-aa56-ba0b778d0ab5:c2521, 90c45227-141f-43fe-b831-a2b91b39d6b0:c2521]
2019-07-14 06:25:57,217 INFO  client.GrpcClientProtocolClient (GrpcClientProtocolClient.java:onNext(255)) - client-D2340BF4DD29->f9fecd82-c7ae-483e-b259-6428f2dfb240: receive RaftClientReply:client-D2340BF4DD29->f9fecd82-c7ae-483e-b259-6428f2dfb240@group-7DE138E597A5, cid=1739, SUCCESS, logIndex=0, commits[f9fecd82-c7ae-483e-b259-6428f2dfb240:c2526, adbfec77-7a0d-4773-aa56-ba0b778d0ab5:c2523, 90c45227-141f-43fe-b831-a2b91b39d6b0:c2523]
2019-07-14 06:25:57,331 INFO  client.GrpcClientProtocolClient (GrpcClientProtocolClient.java:onNext(255)) - client-D2340BF4DD29->f9fecd82-c7ae-483e-b259-6428f2dfb240: receive RaftClientReply:client-D2340BF4DD29->f9fecd82-c7ae-483e-b259-6428f2dfb240@group-7DE138E597A5, cid=1740, SUCCESS, logIndex=2530, commits[f9fecd82-c7ae-483e-b259-6428f2dfb240:c2531, adbfec77-7a0d-4773-aa56-ba0b778d0ab5:c2529, 90c45227-141f-43fe-b831-a2b91b39d6b0:c2525]
2019-07-14 06:25:57,332 INFO  client.GrpcClientProtocolClient (GrpcClientProtocolClient.java:onNext(255)) - client-D2340BF4DD29->f9fecd82-c7ae-483e-b259-6428f2dfb240: receive RaftClientReply:client-D2340BF4DD29->f9fecd82-c7ae-483e-b259-6428f2dfb240@group-7DE138E597A5, cid=1741, SUCCESS, logIndex=2531, commits[f9fecd82-c7ae-483e-b259-6428f2dfb240:c2531, adbfec77-7a0d-4773-aa56-ba0b778d0ab5:c2529, 90c45227-141f-43fe-b831-a2b91b39d6b0:c2529]
2019-07-14 06:25:57,356 INFO  client.GrpcClientProtocolClient (GrpcClientProtocolClient.java:onNext(255)) - client-D2340BF4DD29->f9fecd82-c7ae-483e-b259-6428f2dfb240: receive RaftClientReply:client-D2340BF4DD29->f9fecd82-c7ae-483e-b259-6428f2dfb240@group-7DE138E597A5, cid=1742, SUCCESS, logIndex=2534, commits[f9fecd82-c7ae-483e-b259-6428f2dfb240:c2535, adbfec77-7a0d-4773-aa56-ba0b778d0ab5:c2531, 90c45227-141f-43fe-b831-a2b91b39d6b0:c2531]
2019-07-14 06:25:57,356 INFO  client.GrpcClientProtocolClient (GrpcClientProtocolClient.java:onNext(255)) - client-D2340BF4DD29->f9fecd82-c7ae-483e-b259-6428f2dfb240: receive RaftClientReply:client-D2340BF4DD29->f9fecd82-c7ae-483e-b259-6428f2dfb240@group-7DE138E597A5, cid=1743, SUCCESS, logIndex=2535, commits[f9fecd82-c7ae-483e-b259-6428f2dfb240:c2535, adbfec77-7a0d-4773-aa56-ba0b778d0ab5:c2531, 90c45227-141f-43fe-b831-a2b91b39d6b0:c2531]
2019-07-14 06:25:57,371 INFO  client.GrpcClientProtocolClient (GrpcClientProtocolClient.java:onNext(255)) - client-D2340BF4DD29->f9fecd82-c7ae-483e-b259-6428f2dfb240: receive RaftClientReply:client-D2340BF4DD29->f9fecd82-c7ae-483e-b259-6428f2dfb240@group-7DE138E597A5, cid=1744, SUCCESS, logIndex=0, commits[f9fecd82-c7ae-483e-b259-6428f2dfb240:c2537, adbfec77-7a0d-4773-aa56-ba0b778d0ab5:c2535, 90c45227-141f-43fe-b831-a2b91b39d6b0:c2535]
2019-07-14 06:25:57,403 INFO  client.GrpcClientProtocolClient (GrpcClientProtocolClient.java:onNext(255)) - client-D2340BF4DD29->f9fecd82-c7ae-483e-b259-6428f2dfb240: receive RaftClientReply:client-D2340BF4DD29->f9fecd82-c7ae-483e-b259-6428f2dfb240@group-7DE138E597A5, cid=1745, SUCCESS, logIndex=2538, commits[f9fecd82-c7ae-483e-b259-6428f2dfb240:c2540, adbfec77-7a0d-4773-aa56-ba0b778d0ab5:c2537, 90c45227-141f-43fe-b831-a2b91b39d6b0:c2537]
2019-07-14 06:25:57,404 INFO  client.GrpcClientProtocolClient (GrpcClientProtocolClient.java:onNext(255)) - client-D2340BF4DD29->f9fecd82-c7ae-483e-b259-6428f2dfb240: receive RaftClientReply:client-D2340BF4DD29->f9fecd82-c7ae-483e-b259-6428f2dfb240@group-7DE138E597A5, cid=1746, SUCCESS, logIndex=2539, commits[f9fecd82-c7ae-483e-b259-6428f2dfb240:c2541, adbfec77-7a0d-4773-aa56-ba0b778d0ab5:c2537, 90c45227-141f-43fe-b831-a2b91b39d6b0:c2537]
2019-07-14 06:25:57,404 INFO  client.GrpcClientProtocolClient (GrpcClientProtocolClient.java:onNext(255)) - client-D2340BF4DD29->f9fecd82-c7ae-483e-b259-6428f2dfb240: receive RaftClientReply:client-D2340BF4DD29->f9fecd82-c7ae-483e-b259-6428f2dfb240@group-7DE138E597A5, cid=1747, SUCCESS, logIndex=2540, commits[f9fecd82-c7ae-483e-b259-6428f2dfb240:c2541, adbfec77-7a0d-4773-aa56-ba0b778d0ab5:c2537, 90c45227-141f-43fe-b831-a2b91b39d6b0:c2537]
2019-07-14 06:25:57,404 INFO  client.GrpcClientProtocolClient (GrpcClientProtocolClient.java:onNext(255)) - client-D2340BF4DD29->f9fecd82-c7ae-483e-b259-6428f2dfb240: receive RaftClientReply:client-D2340BF4DD29->f9fecd82-c7ae-483e-b259-6428f2dfb240@group-7DE138E597A5, cid=1748, SUCCESS, logIndex=2541, commits[f9fecd82-c7ae-483e-b259-6428f2dfb240:c2542, adbfec77-7a0d-4773-aa56-ba0b778d0ab5:c2537, 90c45227-141f-43fe-b831-a2b91b39d6b0:c2538]
2019-07-14 06:25:57,406 INFO  client.GrpcClientProtocolClient (GrpcClientProtocolClient.java:onNext(255)) - client-D2340BF4DD29->f9fecd82-c7ae-483e-b259-6428f2dfb240: receive RaftClientReply:client-D2340BF4DD29->f9fecd82-c7ae-483e-b259-6428f2dfb240@group-7DE138E597A5, cid=1749, SUCCESS, logIndex=0, commits[f9fecd82-c7ae-483e-b259-6428f2dfb240:c2544, adbfec77-7a0d-4773-aa56-ba0b778d0ab5:c2540, 90c45227-141f-43fe-b831-a2b91b39d6b0:c2539]
2019-07-14 06:25:57,427 INFO  client.GrpcClientProtocolClient (GrpcClientProtocolClient.java:onNext(255)) - client-D2340BF4DD29->f9fecd82-c7ae-483e-b259-6428f2dfb240: receive RaftClientReply:client-D2340BF4DD29->f9fecd82-c7ae-483e-b259-6428f2dfb240@group-7DE138E597A5, cid=1750, SUCCESS, logIndex=2546, commits[f9fecd82-c7ae-483e-b259-6428f2dfb240:c2547, adbfec77-7a0d-4773-aa56-ba0b778d0ab5:c2545, 90c45227-141f-43fe-b831-a2b91b39d6b0:c2545]
2019-07-14 06:25:57,428 INFO  client.GrpcClientProtocolClient (GrpcClientProtocolClient.java:onNext(255)) - client-D2340BF4DD29->f9fecd82-c7ae-483e-b259-6428f2dfb240: receive RaftClientReply:client-D2340BF4DD29->f9fecd82-c7ae-483e-b259-6428f2dfb240@group-7DE138E597A5, cid=1751, SUCCESS, logIndex=2547, commits[f9fecd82-c7ae-483e-b259-6428f2dfb240:c2547, adbfec77-7a0d-4773-aa56-ba0b778d0ab5:c2545, 90c45227-141f-43fe-b831-a2b91b39d6b0:c2545]
2019-07-14 06:25:57,442 INFO  client.GrpcClientProtocolClient (GrpcClientProtocolClient.java:onNext(255)) - client-D2340BF4DD29->f9fecd82-c7ae-483e-b259-6428f2dfb240: receive RaftClientReply:client-D2340BF4DD29->f9fecd82-c7ae-483e-b259-6428f2dfb240@group-7DE138E597A5, cid=1752, SUCCESS, logIndex=2550, commits[f9fecd82-c7ae-483e-b259-6428f2dfb240:c2551, adbfec77-7a0d-4773-aa56-ba0b778d0ab5:c2547, 90c45227-141f-43fe-b831-a2b91b39d6b0:c2547]
2019-07-14 06:25:57,443 INFO  client.GrpcClientProtocolClient (GrpcClientProtocolClient.java:onNext(255)) - client-D2340BF4DD29->f9fecd82-c7ae-483e-b259-6428f2dfb240: receive RaftClientReply:client-D2340BF4DD29->f9fecd82-c7ae-483e-b259-6428f2dfb240@group-7DE138E597A5, cid=1753, SUCCESS, logIndex=2551, commits[f9fecd82-c7ae-483e-b259-6428f2dfb240:c2551, adbfec77-7a0d-4773-aa56-ba0b778d0ab5:c2547, 90c45227-141f-43fe-b831-a2b91b39d6b0:c2547]
2019-07-14 06:25:57,466 INFO  client.GrpcClientProtocolClient (GrpcClientProtocolClient.java:onNext(255)) - client-D2340BF4DD29->f9fecd82-c7ae-483e-b259-6428f2dfb240: receive RaftClientReply:client-D2340BF4DD29->f9fecd82-c7ae-483e-b259-6428f2dfb240@group-7DE138E597A5, cid=1754, SUCCESS, logIndex=0, commits[f9fecd82-c7ae-483e-b259-6428f2dfb240:c2553, adbfec77-7a0d-4773-aa56-ba0b778d0ab5:c2551, 90c45227-141f-43fe-b831-a2b91b39d6b0:c2551]
2019-07-14 06:25:57,495 INFO  client.GrpcClientProtocolClient (GrpcClientProtocolClient.java:onNext(255)) - client-D2340BF4DD29->f9fecd82-c7ae-483e-b259-6428f2dfb240: receive RaftClientReply:client-D2340BF4DD29->f9fecd82-c7ae-483e-b259-6428f2dfb240@group-7DE138E597A5, cid=1755, SUCCESS, logIndex=2554, commits[f9fecd82-c7ae-483e-b259-6428f2dfb240:c2556, adbfec77-7a0d-4773-aa56-ba0b778d0ab5:c2553, 90c45227-141f-43fe-b831-a2b91b39d6b0:c2553]
2019-07-14 06:25:57,496 INFO  client.GrpcClientProtocolClient (GrpcClientProtocolClient.java:onNext(255)) - client-D2340BF4DD29->f9fecd82-c7ae-483e-b259-6428f2dfb240: receive RaftClientReply:client-D2340BF4DD29->f9fecd82-c7ae-483e-b259-6428f2dfb240@group-7DE138E597A5, cid=1756, SUCCESS, logIndex=2555, commits[f9fecd82-c7ae-483e-b259-6428f2dfb240:c2557, adbfec77-7a0d-4773-aa56-ba0b778d0ab5:c2553, 90c45227-141f-43fe-b831-a2b91b39d6b0:c2553]
2019-07-14 06:25:57,496 INFO  client.GrpcClientProtocolClient (GrpcClientProtocolClient.java:onNext(255)) - client-D2340BF4DD29->f9fecd82-c7ae-483e-b259-6428f2dfb240: receive RaftClientReply:client-D2340BF4DD29->f9fecd82-c7ae-483e-b259-6428f2dfb240@group-7DE138E597A5, cid=1757, SUCCESS, logIndex=2556, commits[f9fecd82-c7ae-483e-b259-6428f2dfb240:c2557, adbfec77-7a0d-4773-aa56-ba0b778d0ab5:c2553, 90c45227-141f-43fe-b831-a2b91b39d6b0:c2553]
2019-07-14 06:25:57,496 INFO  client.GrpcClientProtocolClient (GrpcClientProtocolClient.java:onNext(255)) - client-D2340BF4DD29->f9fecd82-c7ae-483e-b259-6428f2dfb240: receive RaftClientReply:client-D2340BF4DD29->f9fecd82-c7ae-483e-b259-6428f2dfb240@group-7DE138E597A5, cid=1758, SUCCESS, logIndex=2557, commits[f9fecd82-c7ae-483e-b259-6428f2dfb240:c2558, adbfec77-7a0d-4773-aa56-ba0b778d0ab5:c2553, 90c45227-141f-43fe-b831-a2b91b39d6b0:c2554]
2019-07-14 06:25:57,498 INFO  client.GrpcClientProtocolClient (GrpcClientProtocolClient.java:onNext(255)) - client-D2340BF4DD29->f9fecd82-c7ae-483e-b259-6428f2dfb240: receive RaftClientReply:client-D2340BF4DD29->f9fecd82-c7ae-483e-b259-6428f2dfb240@group-7DE138E597A5, cid=1759, SUCCESS, logIndex=0, commits[f9fecd82-c7ae-483e-b259-6428f2dfb240:c2561, adbfec77-7a0d-4773-aa56-ba0b778d0ab5:c2555, 90c45227-141f-43fe-b831-a2b91b39d6b0:c2557]
2019-07-14 06:25:57,518 INFO  client.GrpcClientProtocolClient (GrpcClientProtocolClient.java:onNext(255)) - client-D2340BF4DD29->f9fecd82-c7ae-483e-b259-6428f2dfb240: receive RaftClientReply:client-D2340BF4DD29->f9fecd82-c7ae-483e-b259-6428f2dfb240@group-7DE138E597A5, cid=1760, SUCCESS, logIndex=2562, commits[f9fecd82-c7ae-483e-b259-6428f2dfb240:c2563, adbfec77-7a0d-4773-aa56-ba0b778d0ab5:c2561, 90c45227-141f-43fe-b831-a2b91b39d6b0:c2561]
2019-07-14 06:25:57,519 INFO  client.GrpcClientProtocolClient (GrpcClientProtocolClient.java:onNext(255)) - client-D2340BF4DD29->f9fecd82-c7ae-483e-b259-6428f2dfb240: receive RaftClientReply:client-D2340BF4DD29->f9fecd82-c7ae-483e-b259-6428f2dfb240@group-7DE138E597A5, cid=1761, SUCCESS, logIndex=2563, commits[f9fecd82-c7ae-483e-b259-6428f2dfb240:c2563, adbfec77-7a0d-4773-aa56-ba0b778d0ab5:c2561, 90c45227-141f-43fe-b831-a2b91b39d6b0:c2561]
2019-07-14 06:25:57,535 INFO  client.GrpcClientProtocolClient (GrpcClientProtocolClient.java:onNext(255)) - client-D2340BF4DD29->f9fecd82-c7ae-483e-b259-6428f2dfb240: receive RaftClientReply:client-D2340BF4DD29->f9fecd82-c7ae-483e-b259-6428f2dfb240@group-7DE138E597A5, cid=1762, SUCCESS, logIndex=2566, commits[f9fecd82-c7ae-483e-b259-6428f2dfb240:c2567, adbfec77-7a0d-4773-aa56-ba0b778d0ab5:c2563, 90c45227-141f-43fe-b831-a2b91b39d6b0:c2563]
2019-07-14 06:25:57,535 INFO  client.GrpcClientProtocolClient (GrpcClientProtocolClient.java:onNext(255)) - client-D2340BF4DD29->f9fecd82-c7ae-483e-b259-6428f2dfb240: receive RaftClientReply:client-D2340BF4DD29->f9fecd82-c7ae-483e-b259-6428f2dfb240@group-7DE138E597A5, cid=1763, SUCCESS, logIndex=2567, commits[f9fecd82-c7ae-483e-b259-6428f2dfb240:c2567, adbfec77-7a0d-4773-aa56-ba0b778d0ab5:c2563, 90c45227-141f-43fe-b831-a2b91b39d6b0:c2563]
2019-07-14 06:25:57,547 INFO  client.GrpcClientProtocolClient (GrpcClientProtocolClient.java:onNext(255)) - client-D2340BF4DD29->f9fecd82-c7ae-483e-b259-6428f2dfb240: receive RaftClientReply:client-D2340BF4DD29->f9fecd82-c7ae-483e-b259-6428f2dfb240@group-7DE138E597A5, cid=1764, SUCCESS, logIndex=0, commits[f9fecd82-c7ae-483e-b259-6428f2dfb240:c2568, adbfec77-7a0d-4773-aa56-ba0b778d0ab5:c2567, 90c45227-141f-43fe-b831-a2b91b39d6b0:c2567]
2019-07-14 06:25:57,581 INFO  client.GrpcClientProtocolClient (GrpcClientProtocolClient.java:onNext(255)) - client-D2340BF4DD29->f9fecd82-c7ae-483e-b259-6428f2dfb240: receive RaftClientReply:client-D2340BF4DD29->f9fecd82-c7ae-483e-b259-6428f2dfb240@group-7DE138E597A5, cid=1765, SUCCESS, logIndex=2570, commits[f9fecd82-c7ae-483e-b259-6428f2dfb240:c2571, adbfec77-7a0d-4773-aa56-ba0b778d0ab5:c2569, 90c45227-141f-43fe-b831-a2b91b39d6b0:c2569]
2019-07-14 06:25:57,582 INFO  client.GrpcClientProtocolClient (GrpcClientProtocolClient.java:onNext(255)) - client-D2340BF4DD29->f9fecd82-c7ae-483e-b259-6428f2dfb240: receive RaftClientReply:client-D2340BF4DD29->f9fecd82-c7ae-483e-b259-6428f2dfb240@group-7DE138E597A5, cid=1766, SUCCESS, logIndex=2571, commits[f9fecd82-c7ae-483e-b259-6428f2dfb240:c2573, adbfec77-7a0d-4773-aa56-ba0b778d0ab5:c2569, 90c45227-141f-43fe-b831-a2b91b39d6b0:c2569]
2019-07-14 06:25:57,583 INFO  client.GrpcClientProtocolClient (GrpcClientProtocolClient.java:onNext(255)) - client-D2340BF4DD29->f9fecd82-c7ae-483e-b259-6428f2dfb240: receive RaftClientReply:client-D2340BF4DD29->f9fecd82-c7ae-483e-b259-6428f2dfb240@group-7DE138E597A5, cid=1767, SUCCESS, logIndex=2572, commits[f9fecd82-c7ae-483e-b259-6428f2dfb240:c2573, adbfec77-7a0d-4773-aa56-ba0b778d0ab5:c2569, 90c45227-141f-43fe-b831-a2b91b39d6b0:c2569]
2019-07-14 06:25:57,583 INFO  client.GrpcClientProtocolClient (GrpcClientProtocolClient.java:onNext(255)) - client-D2340BF4DD29->f9fecd82-c7ae-483e-b259-6428f2dfb240: receive RaftClientReply:client-D2340BF4DD29->f9fecd82-c7ae-483e-b259-6428f2dfb240@group-7DE138E597A5, cid=1768, SUCCESS, logIndex=2573, commits[f9fecd82-c7ae-483e-b259-6428f2dfb240:c2574, adbfec77-7a0d-4773-aa56-ba0b778d0ab5:c2569, 90c45227-141f-43fe-b831-a2b91b39d6b0:c2570]
2019-07-14 06:25:57,584 INFO  client.GrpcClientProtocolClient (GrpcClientProtocolClient.java:onNext(255)) - client-D2340BF4DD29->f9fecd82-c7ae-483e-b259-6428f2dfb240: receive RaftClientReply:client-D2340BF4DD29->f9fecd82-c7ae-483e-b259-6428f2dfb240@group-7DE138E597A5, cid=1769, SUCCESS, logIndex=0, commits[f9fecd82-c7ae-483e-b259-6428f2dfb240:c2575, adbfec77-7a0d-4773-aa56-ba0b778d0ab5:c2571, 90c45227-141f-43fe-b831-a2b91b39d6b0:c2571]
2019-07-14 06:25:57,604 INFO  client.GrpcClientProtocolClient (GrpcClientProtocolClient.java:onNext(255)) - client-D2340BF4DD29->f9fecd82-c7ae-483e-b259-6428f2dfb240: receive RaftClientReply:client-D2340BF4DD29->f9fecd82-c7ae-483e-b259-6428f2dfb240@group-7DE138E597A5, cid=1770, SUCCESS, logIndex=2578, commits[f9fecd82-c7ae-483e-b259-6428f2dfb240:c2578, adbfec77-7a0d-4773-aa56-ba0b778d0ab5:c2577, 90c45227-141f-43fe-b831-a2b91b39d6b0:c2577]
2019-07-14 06:25:57,605 INFO  client.GrpcClientProtocolClient (GrpcClientProtocolClient.java:onNext(255)) - client-D2340BF4DD29->f9fecd82-c7ae-483e-b259-6428f2dfb240: receive RaftClientReply:client-D2340BF4DD29->f9fecd82-c7ae-483e-b259-6428f2dfb240@group-7DE138E597A5, cid=1771, SUCCESS, logIndex=2579, commits[f9fecd82-c7ae-483e-b259-6428f2dfb240:c2579, adbfec77-7a0d-4773-aa56-ba0b778d0ab5:c2577, 90c45227-141f-43fe-b831-a2b91b39d6b0:c2577]
2019-07-14 06:25:57,620 INFO  client.GrpcClientProtocolClient (GrpcClientProtocolClient.java:onNext(255)) - client-D2340BF4DD29->f9fecd82-c7ae-483e-b259-6428f2dfb240: receive RaftClientReply:client-D2340BF4DD29->f9fecd82-c7ae-483e-b259-6428f2dfb240@group-7DE138E597A5, cid=1772, SUCCESS, logIndex=2582, commits[f9fecd82-c7ae-483e-b259-6428f2dfb240:c2583, adbfec77-7a0d-4773-aa56-ba0b778d0ab5:c2579, 90c45227-141f-43fe-b831-a2b91b39d6b0:c2579]
2019-07-14 06:25:57,620 INFO  client.GrpcClientProtocolClient (GrpcClientProtocolClient.java:onNext(255)) - client-D2340BF4DD29->f9fecd82-c7ae-483e-b259-6428f2dfb240: receive RaftClientReply:client-D2340BF4DD29->f9fecd82-c7ae-483e-b259-6428f2dfb240@group-7DE138E597A5, cid=1773, SUCCESS, logIndex=2583, commits[f9fecd82-c7ae-483e-b259-6428f2dfb240:c2583, adbfec77-7a0d-4773-aa56-ba0b778d0ab5:c2579, 90c45227-141f-43fe-b831-a2b91b39d6b0:c2579]
2019-07-14 06:25:57,635 INFO  client.GrpcClientProtocolClient (GrpcClientProtocolClient.java:onNext(255)) - client-D2340BF4DD29->f9fecd82-c7ae-483e-b259-6428f2dfb240: receive RaftClientReply:client-D2340BF4DD29->f9fecd82-c7ae-483e-b259-6428f2dfb240@group-7DE138E597A5, cid=1774, SUCCESS, logIndex=0, commits[f9fecd82-c7ae-483e-b259-6428f2dfb240:c2585, adbfec77-7a0d-4773-aa56-ba0b778d0ab5:c2583, 90c45227-141f-43fe-b831-a2b91b39d6b0:c2583]
2019-07-14 06:25:57,668 INFO  client.GrpcClientProtocolClient (GrpcClientProtocolClient.java:onNext(255)) - client-D2340BF4DD29->f9fecd82-c7ae-483e-b259-6428f2dfb240: receive RaftClientReply:client-D2340BF4DD29->f9fecd82-c7ae-483e-b259-6428f2dfb240@group-7DE138E597A5, cid=1775, SUCCESS, logIndex=2586, commits[f9fecd82-c7ae-483e-b259-6428f2dfb240:c2587, adbfec77-7a0d-4773-aa56-ba0b778d0ab5:c2585, 90c45227-141f-43fe-b831-a2b91b39d6b0:c2585]
2019-07-14 06:25:57,668 INFO  client.GrpcClientProtocolClient (GrpcClientProtocolClient.java:onNext(255)) - client-D2340BF4DD29->f9fecd82-c7ae-483e-b259-6428f2dfb240: receive RaftClientReply:client-D2340BF4DD29->f9fecd82-c7ae-483e-b259-6428f2dfb240@group-7DE138E597A5, cid=1776, SUCCESS, logIndex=2587, commits[f9fecd82-c7ae-483e-b259-6428f2dfb240:c2589, adbfec77-7a0d-4773-aa56-ba0b778d0ab5:c2585, 90c45227-141f-43fe-b831-a2b91b39d6b0:c2585]
2019-07-14 06:25:57,669 INFO  client.GrpcClientProtocolClient (GrpcClientProtocolClient.java:onNext(255)) - client-D2340BF4DD29->f9fecd82-c7ae-483e-b259-6428f2dfb240: receive RaftClientReply:client-D2340BF4DD29->f9fecd82-c7ae-483e-b259-6428f2dfb240@group-7DE138E597A5, cid=1777, SUCCESS, logIndex=2588, commits[f9fecd82-c7ae-483e-b259-6428f2dfb240:c2589, adbfec77-7a0d-4773-aa56-ba0b778d0ab5:c2585, 90c45227-141f-43fe-b831-a2b91b39d6b0:c2585]
2019-07-14 06:25:57,669 INFO  client.GrpcClientProtocolClient (GrpcClientProtocolClient.java:onNext(255)) - client-D2340BF4DD29->f9fecd82-c7ae-483e-b259-6428f2dfb240: receive RaftClientReply:client-D2340BF4DD29->f9fecd82-c7ae-483e-b259-6428f2dfb240@group-7DE138E597A5, cid=1778, SUCCESS, logIndex=2589, commits[f9fecd82-c7ae-483e-b259-6428f2dfb240:c2589, adbfec77-7a0d-4773-aa56-ba0b778d0ab5:c2585, 90c45227-141f-43fe-b831-a2b91b39d6b0:c2585]
2019-07-14 06:25:57,680 INFO  client.GrpcClientProtocolClient (GrpcClientProtocolClient.java:onNext(255)) - client-D2340BF4DD29->f9fecd82-c7ae-483e-b259-6428f2dfb240: receive RaftClientReply:client-D2340BF4DD29->f9fecd82-c7ae-483e-b259-6428f2dfb240@group-7DE138E597A5, cid=1779, SUCCESS, logIndex=0, commits[f9fecd82-c7ae-483e-b259-6428f2dfb240:c2591, adbfec77-7a0d-4773-aa56-ba0b778d0ab5:c2587, 90c45227-141f-43fe-b831-a2b91b39d6b0:c2587]
 0.00% |█                                                                                                    |  0/1 Time: 0:00:122019-07-14 06:25:57,692 INFO  client.GrpcClientProtocolClient (GrpcClientProtocolClient.java:onNext(255)) - client-D2340BF4DD29->f9fecd82-c7ae-483e-b259-6428f2dfb240: receive RaftClientReply:client-D2340BF4DD29->f9fecd82-c7ae-483e-b259-6428f2dfb240@group-7DE138E597A5, cid=1780, SUCCESS, logIndex=2594, commits[f9fecd82-c7ae-483e-b259-6428f2dfb240:c2595, adbfec77-7a0d-4773-aa56-ba0b778d0ab5:c2593, 90c45227-141f-43fe-b831-a2b91b39d6b0:c2593]
2019-07-14 06:25:57,693 INFO  client.GrpcClientProtocolClient (GrpcClientProtocolClient.java:onNext(255)) - client-D2340BF4DD29->f9fecd82-c7ae-483e-b259-6428f2dfb240: receive RaftClientReply:client-D2340BF4DD29->f9fecd82-c7ae-483e-b259-6428f2dfb240@group-7DE138E597A5, cid=1781, SUCCESS, logIndex=2595, commits[f9fecd82-c7ae-483e-b259-6428f2dfb240:c2595, adbfec77-7a0d-4773-aa56-ba0b778d0ab5:c2593, 90c45227-141f-43fe-b831-a2b91b39d6b0:c2593]
2019-07-14 06:25:57,726 INFO  client.GrpcClientProtocolClient (GrpcClientProtocolClient.java:onNext(255)) - client-D2340BF4DD29->f9fecd82-c7ae-483e-b259-6428f2dfb240: receive RaftClientReply:client-D2340BF4DD29->f9fecd82-c7ae-483e-b259-6428f2dfb240@group-7DE138E597A5, cid=1782, SUCCESS, logIndex=2598, commits[f9fecd82-c7ae-483e-b259-6428f2dfb240:c2599, adbfec77-7a0d-4773-aa56-ba0b778d0ab5:c2597, 90c45227-141f-43fe-b831-a2b91b39d6b0:c2597]
2019-07-14 06:25:57,726 INFO  client.GrpcClientProtocolClient (GrpcClientProtocolClient.java:onNext(255)) - client-D2340BF4DD29->f9fecd82-c7ae-483e-b259-6428f2dfb240: receive RaftClientReply:client-D2340BF4DD29->f9fecd82-c7ae-483e-b259-6428f2dfb240@group-7DE138E597A5, cid=1783, SUCCESS, logIndex=2599, commits[f9fecd82-c7ae-483e-b259-6428f2dfb240:c2599, adbfec77-7a0d-4773-aa56-ba0b778d0ab5:c2597, 90c45227-141f-43fe-b831-a2b91b39d6b0:c2597]
2019-07-14 06:25:57,733 INFO  client.GrpcClientProtocolClient (GrpcClientProtocolClient.java:onNext(255)) - client-D2340BF4DD29->f9fecd82-c7ae-483e-b259-6428f2dfb240: receive RaftClientReply:client-D2340BF4DD29->f9fecd82-c7ae-483e-b259-6428f2dfb240@group-7DE138E597A5, cid=1784, SUCCESS, logIndex=0, commits[f9fecd82-c7ae-483e-b259-6428f2dfb240:c2601, adbfec77-7a0d-4773-aa56-ba0b778d0ab5:c2599, 90c45227-141f-43fe-b831-a2b91b39d6b0:c2599]
2019-07-14 06:25:57,763 INFO  client.GrpcClientProtocolClient (GrpcClientProtocolClient.java:onNext(255)) - client-D2340BF4DD29->f9fecd82-c7ae-483e-b259-6428f2dfb240: receive RaftClientReply:client-D2340BF4DD29->f9fecd82-c7ae-483e-b259-6428f2dfb240@group-7DE138E597A5, cid=1785, SUCCESS, logIndex=2602, commits[f9fecd82-c7ae-483e-b259-6428f2dfb240:c2603, adbfec77-7a0d-4773-aa56-ba0b778d0ab5:c2601, 90c45227-141f-43fe-b831-a2b91b39d6b0:c2601]
2019-07-14 06:25:57,763 INFO  client.GrpcClientProtocolClient (GrpcClientProtocolClient.java:onNext(255)) - client-D2340BF4DD29->f9fecd82-c7ae-483e-b259-6428f2dfb240: receive RaftClientReply:client-D2340BF4DD29->f9fecd82-c7ae-483e-b259-6428f2dfb240@group-7DE138E597A5, cid=1786, SUCCESS, logIndex=2603, commits[f9fecd82-c7ae-483e-b259-6428f2dfb240:c2605, adbfec77-7a0d-4773-aa56-ba0b778d0ab5:c2601, 90c45227-141f-43fe-b831-a2b91b39d6b0:c2601]
2019-07-14 06:25:57,764 INFO  client.GrpcClientProtocolClient (GrpcClientProtocolClient.java:onNext(255)) - client-D2340BF4DD29->f9fecd82-c7ae-483e-b259-6428f2dfb240: receive RaftClientReply:client-D2340BF4DD29->f9fecd82-c7ae-483e-b259-6428f2dfb240@group-7DE138E597A5, cid=1787, SUCCESS, logIndex=2604, commits[f9fecd82-c7ae-483e-b259-6428f2dfb240:c2605, adbfec77-7a0d-4773-aa56-ba0b778d0ab5:c2601, 90c45227-141f-43fe-b831-a2b91b39d6b0:c2601]
2019-07-14 06:25:57,764 INFO  client.GrpcClientProtocolClient (GrpcClientProtocolClient.java:onNext(255)) - client-D2340BF4DD29->f9fecd82-c7ae-483e-b259-6428f2dfb240: receive RaftClientReply:client-D2340BF4DD29->f9fecd82-c7ae-483e-b259-6428f2dfb240@group-7DE138E597A5, cid=1788, SUCCESS, logIndex=2605, commits[f9fecd82-c7ae-483e-b259-6428f2dfb240:c2606, adbfec77-7a0d-4773-aa56-ba0b778d0ab5:c2601, 90c45227-141f-43fe-b831-a2b91b39d6b0:c2602]
2019-07-14 06:25:57,778 INFO  client.GrpcClientProtocolClient (GrpcClientProtocolClient.java:onNext(255)) - client-D2340BF4DD29->f9fecd82-c7ae-483e-b259-6428f2dfb240: receive RaftClientReply:client-D2340BF4DD29->f9fecd82-c7ae-483e-b259-6428f2dfb240@group-7DE138E597A5, cid=1789, SUCCESS, logIndex=0, commits[f9fecd82-c7ae-483e-b259-6428f2dfb240:c2609, adbfec77-7a0d-4773-aa56-ba0b778d0ab5:c2603, 90c45227-141f-43fe-b831-a2b91b39d6b0:c2605]
2019-07-14 06:25:57,800 INFO  client.GrpcClientProtocolClient (GrpcClientProtocolClient.java:onNext(255)) - client-D2340BF4DD29->f9fecd82-c7ae-483e-b259-6428f2dfb240: receive RaftClientReply:client-D2340BF4DD29->f9fecd82-c7ae-483e-b259-6428f2dfb240@group-7DE138E597A5, cid=1790, SUCCESS, logIndex=2610, commits[f9fecd82-c7ae-483e-b259-6428f2dfb240:c2611, adbfec77-7a0d-4773-aa56-ba0b778d0ab5:c2609, 90c45227-141f-43fe-b831-a2b91b39d6b0:c2609]
2019-07-14 06:25:57,801 INFO  client.GrpcClientProtocolClient (GrpcClientProtocolClient.java:onNext(255)) - client-D2340BF4DD29->f9fecd82-c7ae-483e-b259-6428f2dfb240: receive RaftClientReply:client-D2340BF4DD29->f9fecd82-c7ae-483e-b259-6428f2dfb240@group-7DE138E597A5, cid=1791, SUCCESS, logIndex=2611, commits[f9fecd82-c7ae-483e-b259-6428f2dfb240:c2611, adbfec77-7a0d-4773-aa56-ba0b778d0ab5:c2609, 90c45227-141f-43fe-b831-a2b91b39d6b0:c2609]
2019-07-14 06:25:57,814 INFO  client.GrpcClientProtocolClient (GrpcClientProtocolClient.java:onNext(255)) - client-D2340BF4DD29->f9fecd82-c7ae-483e-b259-6428f2dfb240: receive RaftClientReply:client-D2340BF4DD29->f9fecd82-c7ae-483e-b259-6428f2dfb240@group-7DE138E597A5, cid=1792, SUCCESS, logIndex=2614, commits[f9fecd82-c7ae-483e-b259-6428f2dfb240:c2614, adbfec77-7a0d-4773-aa56-ba0b778d0ab5:c2611, 90c45227-141f-43fe-b831-a2b91b39d6b0:c2611]
2019-07-14 06:25:57,814 INFO  client.GrpcClientProtocolClient (GrpcClientProtocolClient.java:onNext(255)) - client-D2340BF4DD29->f9fecd82-c7ae-483e-b259-6428f2dfb240: receive RaftClientReply:client-D2340BF4DD29->f9fecd82-c7ae-483e-b259-6428f2dfb240@group-7DE138E597A5, cid=1793, SUCCESS, logIndex=2615, commits[f9fecd82-c7ae-483e-b259-6428f2dfb240:c2615, adbfec77-7a0d-4773-aa56-ba0b778d0ab5:c2611, 90c45227-141f-43fe-b831-a2b91b39d6b0:c2611]
2019-07-14 06:25:57,829 INFO  client.GrpcClientProtocolClient (GrpcClientProtocolClient.java:onNext(255)) - client-D2340BF4DD29->f9fecd82-c7ae-483e-b259-6428f2dfb240: receive RaftClientReply:client-D2340BF4DD29->f9fecd82-c7ae-483e-b259-6428f2dfb240@group-7DE138E597A5, cid=1794, SUCCESS, logIndex=0, commits[f9fecd82-c7ae-483e-b259-6428f2dfb240:c2617, adbfec77-7a0d-4773-aa56-ba0b778d0ab5:c2615, 90c45227-141f-43fe-b831-a2b91b39d6b0:c2615]
2019-07-14 06:25:57,862 INFO  client.GrpcClientProtocolClient (GrpcClientProtocolClient.java:onNext(255)) - client-D2340BF4DD29->f9fecd82-c7ae-483e-b259-6428f2dfb240: receive RaftClientReply:client-D2340BF4DD29->f9fecd82-c7ae-483e-b259-6428f2dfb240@group-7DE138E597A5, cid=1795, SUCCESS, logIndex=2618, commits[f9fecd82-c7ae-483e-b259-6428f2dfb240:c2619, adbfec77-7a0d-4773-aa56-ba0b778d0ab5:c2617, 90c45227-141f-43fe-b831-a2b91b39d6b0:c2617]
2019-07-14 06:25:57,863 INFO  client.GrpcClientProtocolClient (GrpcClientProtocolClient.java:onNext(255)) - client-D2340BF4DD29->f9fecd82-c7ae-483e-b259-6428f2dfb240: receive RaftClientReply:client-D2340BF4DD29->f9fecd82-c7ae-483e-b259-6428f2dfb240@group-7DE138E597A5, cid=1796, SUCCESS, logIndex=2619, commits[f9fecd82-c7ae-483e-b259-6428f2dfb240:c2621, adbfec77-7a0d-4773-aa56-ba0b778d0ab5:c2617, 90c45227-141f-43fe-b831-a2b91b39d6b0:c2617]
2019-07-14 06:25:57,863 INFO  client.GrpcClientProtocolClient (GrpcClientProtocolClient.java:onNext(255)) - client-D2340BF4DD29->f9fecd82-c7ae-483e-b259-6428f2dfb240: receive RaftClientReply:client-D2340BF4DD29->f9fecd82-c7ae-483e-b259-6428f2dfb240@group-7DE138E597A5, cid=1797, SUCCESS, logIndex=2620, commits[f9fecd82-c7ae-483e-b259-6428f2dfb240:c2621, adbfec77-7a0d-4773-aa56-ba0b778d0ab5:c2617, 90c45227-141f-43fe-b831-a2b91b39d6b0:c2617]
2019-07-14 06:25:57,863 INFO  client.GrpcClientProtocolClient (GrpcClientProtocolClient.java:onNext(255)) - client-D2340BF4DD29->f9fecd82-c7ae-483e-b259-6428f2dfb240: receive RaftClientReply:client-D2340BF4DD29->f9fecd82-c7ae-483e-b259-6428f2dfb240@group-7DE138E597A5, cid=1798, SUCCESS, logIndex=2621, commits[f9fecd82-c7ae-483e-b259-6428f2dfb240:c2621, adbfec77-7a0d-4773-aa56-ba0b778d0ab5:c2617, 90c45227-141f-43fe-b831-a2b91b39d6b0:c2617]
2019-07-14 06:25:57,877 INFO  client.GrpcClientProtocolClient (GrpcClientProtocolClient.java:onNext(255)) - client-D2340BF4DD29->f9fecd82-c7ae-483e-b259-6428f2dfb240: receive RaftClientReply:client-D2340BF4DD29->f9fecd82-c7ae-483e-b259-6428f2dfb240@group-7DE138E597A5, cid=1799, SUCCESS, logIndex=0, commits[f9fecd82-c7ae-483e-b259-6428f2dfb240:c2623, adbfec77-7a0d-4773-aa56-ba0b778d0ab5:c2619, 90c45227-141f-43fe-b831-a2b91b39d6b0:c2619]
2019-07-14 06:25:57,898 INFO  client.GrpcClientProtocolClient (GrpcClientProtocolClient.java:onNext(255)) - client-D2340BF4DD29->f9fecd82-c7ae-483e-b259-6428f2dfb240: receive RaftClientReply:client-D2340BF4DD29->f9fecd82-c7ae-483e-b259-6428f2dfb240@group-7DE138E597A5, cid=1800, SUCCESS, logIndex=2625, commits[f9fecd82-c7ae-483e-b259-6428f2dfb240:c2626, adbfec77-7a0d-4773-aa56-ba0b778d0ab5:c2624, 90c45227-141f-43fe-b831-a2b91b39d6b0:c2624]
2019-07-14 06:25:57,898 INFO  client.GrpcClientProtocolClient (GrpcClientProtocolClient.java:onNext(255)) - client-D2340BF4DD29->f9fecd82-c7ae-483e-b259-6428f2dfb240: receive RaftClientReply:client-D2340BF4DD29->f9fecd82-c7ae-483e-b259-6428f2dfb240@group-7DE138E597A5, cid=1801, SUCCESS, logIndex=2626, commits[f9fecd82-c7ae-483e-b259-6428f2dfb240:c2626, adbfec77-7a0d-4773-aa56-ba0b778d0ab5:c2624, 90c45227-141f-43fe-b831-a2b91b39d6b0:c2624]
2019-07-14 06:25:57,911 INFO  client.GrpcClientProtocolClient (GrpcClientProtocolClient.java:onNext(255)) - client-D2340BF4DD29->f9fecd82-c7ae-483e-b259-6428f2dfb240: receive RaftClientReply:client-D2340BF4DD29->f9fecd82-c7ae-483e-b259-6428f2dfb240@group-7DE138E597A5, cid=1802, SUCCESS, logIndex=2629, commits[f9fecd82-c7ae-483e-b259-6428f2dfb240:c2630, adbfec77-7a0d-4773-aa56-ba0b778d0ab5:c2626, 90c45227-141f-43fe-b831-a2b91b39d6b0:c2626]
2019-07-14 06:25:57,912 INFO  client.GrpcClientProtocolClient (GrpcClientProtocolClient.java:onNext(255)) - client-D2340BF4DD29->f9fecd82-c7ae-483e-b259-6428f2dfb240: receive RaftClientReply:client-D2340BF4DD29->f9fecd82-c7ae-483e-b259-6428f2dfb240@group-7DE138E597A5, cid=1803, SUCCESS, logIndex=2630, commits[f9fecd82-c7ae-483e-b259-6428f2dfb240:c2630, adbfec77-7a0d-4773-aa56-ba0b778d0ab5:c2626, 90c45227-141f-43fe-b831-a2b91b39d6b0:c2626]
2019-07-14 06:25:57,926 INFO  client.GrpcClientProtocolClient (GrpcClientProtocolClient.java:onNext(255)) - client-D2340BF4DD29->f9fecd82-c7ae-483e-b259-6428f2dfb240: receive RaftClientReply:client-D2340BF4DD29->f9fecd82-c7ae-483e-b259-6428f2dfb240@group-7DE138E597A5, cid=1804, SUCCESS, logIndex=0, commits[f9fecd82-c7ae-483e-b259-6428f2dfb240:c2632, adbfec77-7a0d-4773-aa56-ba0b778d0ab5:c2630, 90c45227-141f-43fe-b831-a2b91b39d6b0:c2630]
2019-07-14 06:25:57,965 INFO  client.GrpcClientProtocolClient (GrpcClientProtocolClient.java:onNext(255)) - client-D2340BF4DD29->f9fecd82-c7ae-483e-b259-6428f2dfb240: receive RaftClientReply:client-D2340BF4DD29->f9fecd82-c7ae-483e-b259-6428f2dfb240@group-7DE138E597A5, cid=1805, SUCCESS, logIndex=2633, commits[f9fecd82-c7ae-483e-b259-6428f2dfb240:c2634, adbfec77-7a0d-4773-aa56-ba0b778d0ab5:c2632, 90c45227-141f-43fe-b831-a2b91b39d6b0:c2632]
2019-07-14 06:25:57,966 INFO  client.GrpcClientProtocolClient (GrpcClientProtocolClient.java:onNext(255)) - client-D2340BF4DD29->f9fecd82-c7ae-483e-b259-6428f2dfb240: receive RaftClientReply:client-D2340BF4DD29->f9fecd82-c7ae-483e-b259-6428f2dfb240@group-7DE138E597A5, cid=1806, SUCCESS, logIndex=2634, commits[f9fecd82-c7ae-483e-b259-6428f2dfb240:c2636, adbfec77-7a0d-4773-aa56-ba0b778d0ab5:c2632, 90c45227-141f-43fe-b831-a2b91b39d6b0:c2632]
2019-07-14 06:25:57,966 INFO  client.GrpcClientProtocolClient (GrpcClientProtocolClient.java:onNext(255)) - client-D2340BF4DD29->f9fecd82-c7ae-483e-b259-6428f2dfb240: receive RaftClientReply:client-D2340BF4DD29->f9fecd82-c7ae-483e-b259-6428f2dfb240@group-7DE138E597A5, cid=1807, SUCCESS, logIndex=2635, commits[f9fecd82-c7ae-483e-b259-6428f2dfb240:c2636, adbfec77-7a0d-4773-aa56-ba0b778d0ab5:c2632, 90c45227-141f-43fe-b831-a2b91b39d6b0:c2632]
2019-07-14 06:25:57,967 INFO  client.GrpcClientProtocolClient (GrpcClientProtocolClient.java:onNext(255)) - client-D2340BF4DD29->f9fecd82-c7ae-483e-b259-6428f2dfb240: receive RaftClientReply:client-D2340BF4DD29->f9fecd82-c7ae-483e-b259-6428f2dfb240@group-7DE138E597A5, cid=1808, SUCCESS, logIndex=2636, commits[f9fecd82-c7ae-483e-b259-6428f2dfb240:c2637, adbfec77-7a0d-4773-aa56-ba0b778d0ab5:c2633, 90c45227-141f-43fe-b831-a2b91b39d6b0:c2632]
2019-07-14 06:25:57,968 INFO  client.GrpcClientProtocolClient (GrpcClientProtocolClient.java:onNext(255)) - client-D2340BF4DD29->f9fecd82-c7ae-483e-b259-6428f2dfb240: receive RaftClientReply:client-D2340BF4DD29->f9fecd82-c7ae-483e-b259-6428f2dfb240@group-7DE138E597A5, cid=1809, SUCCESS, logIndex=0, commits[f9fecd82-c7ae-483e-b259-6428f2dfb240:c2638, adbfec77-7a0d-4773-aa56-ba0b778d0ab5:c2636, 90c45227-141f-43fe-b831-a2b91b39d6b0:c2634]
2019-07-14 06:25:58,094 INFO  client.GrpcClientProtocolClient (GrpcClientProtocolClient.java:onNext(255)) - client-D2340BF4DD29->f9fecd82-c7ae-483e-b259-6428f2dfb240: receive RaftClientReply:client-D2340BF4DD29->f9fecd82-c7ae-483e-b259-6428f2dfb240@group-7DE138E597A5, cid=1810, SUCCESS, logIndex=2640, commits[f9fecd82-c7ae-483e-b259-6428f2dfb240:c2641, adbfec77-7a0d-4773-aa56-ba0b778d0ab5:c2639, 90c45227-141f-43fe-b831-a2b91b39d6b0:c2639]
2019-07-14 06:25:58,094 INFO  client.GrpcClientProtocolClient (GrpcClientProtocolClient.java:onNext(255)) - client-D2340BF4DD29->f9fecd82-c7ae-483e-b259-6428f2dfb240: receive RaftClientReply:client-D2340BF4DD29->f9fecd82-c7ae-483e-b259-6428f2dfb240@group-7DE138E597A5, cid=1811, SUCCESS, logIndex=2641, commits[f9fecd82-c7ae-483e-b259-6428f2dfb240:c2641, adbfec77-7a0d-4773-aa56-ba0b778d0ab5:c2639, 90c45227-141f-43fe-b831-a2b91b39d6b0:c2639]
2019-07-14 06:25:58,119 INFO  client.GrpcClientProtocolClient (GrpcClientProtocolClient.java:onNext(255)) - client-D2340BF4DD29->f9fecd82-c7ae-483e-b259-6428f2dfb240: receive RaftClientReply:client-D2340BF4DD29->f9fecd82-c7ae-483e-b259-6428f2dfb240@group-7DE138E597A5, cid=1812, SUCCESS, logIndex=2644, commits[f9fecd82-c7ae-483e-b259-6428f2dfb240:c2645, adbfec77-7a0d-4773-aa56-ba0b778d0ab5:c2641, 90c45227-141f-43fe-b831-a2b91b39d6b0:c2641]
2019-07-14 06:25:58,120 INFO  client.GrpcClientProtocolClient (GrpcClientProtocolClient.java:onNext(255)) - client-D2340BF4DD29->f9fecd82-c7ae-483e-b259-6428f2dfb240: receive RaftClientReply:client-D2340BF4DD29->f9fecd82-c7ae-483e-b259-6428f2dfb240@group-7DE138E597A5, cid=1813, SUCCESS, logIndex=2645, commits[f9fecd82-c7ae-483e-b259-6428f2dfb240:c2645, adbfec77-7a0d-4773-aa56-ba0b778d0ab5:c2641, 90c45227-141f-43fe-b831-a2b91b39d6b0:c2641]
2019-07-14 06:25:58,133 INFO  client.GrpcClientProtocolClient (GrpcClientProtocolClient.java:onNext(255)) - client-D2340BF4DD29->f9fecd82-c7ae-483e-b259-6428f2dfb240: receive RaftClientReply:client-D2340BF4DD29->f9fecd82-c7ae-483e-b259-6428f2dfb240@group-7DE138E597A5, cid=1814, SUCCESS, logIndex=0, commits[f9fecd82-c7ae-483e-b259-6428f2dfb240:c2647, adbfec77-7a0d-4773-aa56-ba0b778d0ab5:c2645, 90c45227-141f-43fe-b831-a2b91b39d6b0:c2645]
2019-07-14 06:25:58,168 INFO  client.GrpcClientProtocolClient (GrpcClientProtocolClient.java:onNext(255)) - client-D2340BF4DD29->f9fecd82-c7ae-483e-b259-6428f2dfb240: receive RaftClientReply:client-D2340BF4DD29->f9fecd82-c7ae-483e-b259-6428f2dfb240@group-7DE138E597A5, cid=1815, SUCCESS, logIndex=2648, commits[f9fecd82-c7ae-483e-b259-6428f2dfb240:c2649, adbfec77-7a0d-4773-aa56-ba0b778d0ab5:c2647, 90c45227-141f-43fe-b831-a2b91b39d6b0:c2647]
2019-07-14 06:25:58,169 INFO  client.GrpcClientProtocolClient (GrpcClientProtocolClient.java:onNext(255)) - client-D2340BF4DD29->f9fecd82-c7ae-483e-b259-6428f2dfb240: receive RaftClientReply:client-D2340BF4DD29->f9fecd82-c7ae-483e-b259-6428f2dfb240@group-7DE138E597A5, cid=1816, SUCCESS, logIndex=2649, commits[f9fecd82-c7ae-483e-b259-6428f2dfb240:c2651, adbfec77-7a0d-4773-aa56-ba0b778d0ab5:c2647, 90c45227-141f-43fe-b831-a2b91b39d6b0:c2647]
2019-07-14 06:25:58,169 INFO  client.GrpcClientProtocolClient (GrpcClientProtocolClient.java:onNext(255)) - client-D2340BF4DD29->f9fecd82-c7ae-483e-b259-6428f2dfb240: receive RaftClientReply:client-D2340BF4DD29->f9fecd82-c7ae-483e-b259-6428f2dfb240@group-7DE138E597A5, cid=1817, SUCCESS, logIndex=2650, commits[f9fecd82-c7ae-483e-b259-6428f2dfb240:c2651, adbfec77-7a0d-4773-aa56-ba0b778d0ab5:c2647, 90c45227-141f-43fe-b831-a2b91b39d6b0:c2647]
2019-07-14 06:25:58,169 INFO  client.GrpcClientProtocolClient (GrpcClientProtocolClient.java:onNext(255)) - client-D2340BF4DD29->f9fecd82-c7ae-483e-b259-6428f2dfb240: receive RaftClientReply:client-D2340BF4DD29->f9fecd82-c7ae-483e-b259-6428f2dfb240@group-7DE138E597A5, cid=1818, SUCCESS, logIndex=2651, commits[f9fecd82-c7ae-483e-b259-6428f2dfb240:c2651, adbfec77-7a0d-4773-aa56-ba0b778d0ab5:c2647, 90c45227-141f-43fe-b831-a2b91b39d6b0:c2647]
2019-07-14 06:25:58,170 INFO  client.GrpcClientProtocolClient (GrpcClientProtocolClient.java:onNext(255)) - client-D2340BF4DD29->f9fecd82-c7ae-483e-b259-6428f2dfb240: receive RaftClientReply:client-D2340BF4DD29->f9fecd82-c7ae-483e-b259-6428f2dfb240@group-7DE138E597A5, cid=1819, SUCCESS, logIndex=0, commits[f9fecd82-c7ae-483e-b259-6428f2dfb240:c2652, adbfec77-7a0d-4773-aa56-ba0b778d0ab5:c2649, 90c45227-141f-43fe-b831-a2b91b39d6b0:c2649]
2019-07-14 06:25:58,183 INFO  client.GrpcClientProtocolClient (GrpcClientProtocolClient.java:onNext(255)) - client-D2340BF4DD29->f9fecd82-c7ae-483e-b259-6428f2dfb240: receive RaftClientReply:client-D2340BF4DD29->f9fecd82-c7ae-483e-b259-6428f2dfb240@group-7DE138E597A5, cid=1820, SUCCESS, logIndex=2656, commits[f9fecd82-c7ae-483e-b259-6428f2dfb240:c2657, adbfec77-7a0d-4773-aa56-ba0b778d0ab5:c2655, 90c45227-141f-43fe-b831-a2b91b39d6b0:c2651]
2019-07-14 06:25:58,184 INFO  client.GrpcClientProtocolClient (GrpcClientProtocolClient.java:onNext(255)) - client-D2340BF4DD29->f9fecd82-c7ae-483e-b259-6428f2dfb240: receive RaftClientReply:client-D2340BF4DD29->f9fecd82-c7ae-483e-b259-6428f2dfb240@group-7DE138E597A5, cid=1821, SUCCESS, logIndex=2657, commits[f9fecd82-c7ae-483e-b259-6428f2dfb240:c2657, adbfec77-7a0d-4773-aa56-ba0b778d0ab5:c2655, 90c45227-141f-43fe-b831-a2b91b39d6b0:c2655]
2019-07-14 06:25:58,199 INFO  client.GrpcClientProtocolClient (GrpcClientProtocolClient.java:onNext(255)) - client-D2340BF4DD29->f9fecd82-c7ae-483e-b259-6428f2dfb240: receive RaftClientReply:client-D2340BF4DD29->f9fecd82-c7ae-483e-b259-6428f2dfb240@group-7DE138E597A5, cid=1822, SUCCESS, logIndex=2660, commits[f9fecd82-c7ae-483e-b259-6428f2dfb240:c2661, adbfec77-7a0d-4773-aa56-ba0b778d0ab5:c2657, 90c45227-141f-43fe-b831-a2b91b39d6b0:c2659]
2019-07-14 06:25:58,199 INFO  client.GrpcClientProtocolClient (GrpcClientProtocolClient.java:onNext(255)) - client-D2340BF4DD29->f9fecd82-c7ae-483e-b259-6428f2dfb240: receive RaftClientReply:client-D2340BF4DD29->f9fecd82-c7ae-483e-b259-6428f2dfb240@group-7DE138E597A5, cid=1823, SUCCESS, logIndex=2661, commits[f9fecd82-c7ae-483e-b259-6428f2dfb240:c2661, adbfec77-7a0d-4773-aa56-ba0b778d0ab5:c2659, 90c45227-141f-43fe-b831-a2b91b39d6b0:c2659]
2019-07-14 06:25:58,213 INFO  client.GrpcClientProtocolClient (GrpcClientProtocolClient.java:onNext(255)) - client-D2340BF4DD29->f9fecd82-c7ae-483e-b259-6428f2dfb240: receive RaftClientReply:client-D2340BF4DD29->f9fecd82-c7ae-483e-b259-6428f2dfb240@group-7DE138E597A5, cid=1824, SUCCESS, logIndex=0, commits[f9fecd82-c7ae-483e-b259-6428f2dfb240:c2662, adbfec77-7a0d-4773-aa56-ba0b778d0ab5:c2661, 90c45227-141f-43fe-b831-a2b91b39d6b0:c2661]
2019-07-14 06:25:58,236 INFO  client.GrpcClientProtocolClient (GrpcClientProtocolClient.java:onNext(255)) - client-D2340BF4DD29->f9fecd82-c7ae-483e-b259-6428f2dfb240: receive RaftClientReply:client-D2340BF4DD29->f9fecd82-c7ae-483e-b259-6428f2dfb240@group-7DE138E597A5, cid=1825, SUCCESS, logIndex=2664, commits[f9fecd82-c7ae-483e-b259-6428f2dfb240:c2665, adbfec77-7a0d-4773-aa56-ba0b778d0ab5:c2663, 90c45227-141f-43fe-b831-a2b91b39d6b0:c2663]
2019-07-14 06:25:58,237 INFO  client.GrpcClientProtocolClient (GrpcClientProtocolClient.java:onNext(255)) - client-D2340BF4DD29->f9fecd82-c7ae-483e-b259-6428f2dfb240: receive RaftClientReply:client-D2340BF4DD29->f9fecd82-c7ae-483e-b259-6428f2dfb240@group-7DE138E597A5, cid=1826, SUCCESS, logIndex=2665, commits[f9fecd82-c7ae-483e-b259-6428f2dfb240:c2665, adbfec77-7a0d-4773-aa56-ba0b778d0ab5:c2663, 90c45227-141f-43fe-b831-a2b91b39d6b0:c2663]
2019-07-14 06:25:58,237 INFO  client.GrpcClientProtocolClient (GrpcClientProtocolClient.java:onNext(255)) - client-D2340BF4DD29->f9fecd82-c7ae-483e-b259-6428f2dfb240: receive RaftClientReply:client-D2340BF4DD29->f9fecd82-c7ae-483e-b259-6428f2dfb240@group-7DE138E597A5, cid=1827, SUCCESS, logIndex=2666, commits[f9fecd82-c7ae-483e-b259-6428f2dfb240:c2667, adbfec77-7a0d-4773-aa56-ba0b778d0ab5:c2663, 90c45227-141f-43fe-b831-a2b91b39d6b0:c2663]
2019-07-14 06:25:58,238 INFO  client.GrpcClientProtocolClient (GrpcClientProtocolClient.java:onNext(255)) - client-D2340BF4DD29->f9fecd82-c7ae-483e-b259-6428f2dfb240: receive RaftClientReply:client-D2340BF4DD29->f9fecd82-c7ae-483e-b259-6428f2dfb240@group-7DE138E597A5, cid=1828, SUCCESS, logIndex=2667, commits[f9fecd82-c7ae-483e-b259-6428f2dfb240:c2667, adbfec77-7a0d-4773-aa56-ba0b778d0ab5:c2663, 90c45227-141f-43fe-b831-a2b91b39d6b0:c2663]
2019-07-14 06:25:58,250 INFO  client.GrpcClientProtocolClient (GrpcClientProtocolClient.java:onNext(255)) - client-D2340BF4DD29->f9fecd82-c7ae-483e-b259-6428f2dfb240: receive RaftClientReply:client-D2340BF4DD29->f9fecd82-c7ae-483e-b259-6428f2dfb240@group-7DE138E597A5, cid=1829, SUCCESS, logIndex=0, commits[f9fecd82-c7ae-483e-b259-6428f2dfb240:c2669, adbfec77-7a0d-4773-aa56-ba0b778d0ab5:c2665, 90c45227-141f-43fe-b831-a2b91b39d6b0:c2665]
2019-07-14 06:25:58,272 INFO  client.GrpcClientProtocolClient (GrpcClientProtocolClient.java:onNext(255)) - client-D2340BF4DD29->f9fecd82-c7ae-483e-b259-6428f2dfb240: receive RaftClientReply:client-D2340BF4DD29->f9fecd82-c7ae-483e-b259-6428f2dfb240@group-7DE138E597A5, cid=1830, SUCCESS, logIndex=2672, commits[f9fecd82-c7ae-483e-b259-6428f2dfb240:c2673, adbfec77-7a0d-4773-aa56-ba0b778d0ab5:c2671, 90c45227-141f-43fe-b831-a2b91b39d6b0:c2671]
2019-07-14 06:25:58,272 INFO  client.GrpcClientProtocolClient (GrpcClientProtocolClient.java:onNext(255)) - client-D2340BF4DD29->f9fecd82-c7ae-483e-b259-6428f2dfb240: receive RaftClientReply:client-D2340BF4DD29->f9fecd82-c7ae-483e-b259-6428f2dfb240@group-7DE138E597A5, cid=1831, SUCCESS, logIndex=2673, commits[f9fecd82-c7ae-483e-b259-6428f2dfb240:c2673, adbfec77-7a0d-4773-aa56-ba0b778d0ab5:c2671, 90c45227-141f-43fe-b831-a2b91b39d6b0:c2671]
2019-07-14 06:25:58,285 INFO  client.GrpcClientProtocolClient (GrpcClientProtocolClient.java:onNext(255)) - client-D2340BF4DD29->f9fecd82-c7ae-483e-b259-6428f2dfb240: receive RaftClientReply:client-D2340BF4DD29->f9fecd82-c7ae-483e-b259-6428f2dfb240@group-7DE138E597A5, cid=1832, SUCCESS, logIndex=2676, commits[f9fecd82-c7ae-483e-b259-6428f2dfb240:c2677, adbfec77-7a0d-4773-aa56-ba0b778d0ab5:c2673, 90c45227-141f-43fe-b831-a2b91b39d6b0:c2673]
2019-07-14 06:25:58,285 INFO  client.GrpcClientProtocolClient (GrpcClientProtocolClient.java:onNext(255)) - client-D2340BF4DD29->f9fecd82-c7ae-483e-b259-6428f2dfb240: receive RaftClientReply:client-D2340BF4DD29->f9fecd82-c7ae-483e-b259-6428f2dfb240@group-7DE138E597A5, cid=1833, SUCCESS, logIndex=2677, commits[f9fecd82-c7ae-483e-b259-6428f2dfb240:c2677, adbfec77-7a0d-4773-aa56-ba0b778d0ab5:c2673, 90c45227-141f-43fe-b831-a2b91b39d6b0:c2673]
2019-07-14 06:25:58,298 INFO  client.GrpcClientProtocolClient (GrpcClientProtocolClient.java:onNext(255)) - client-D2340BF4DD29->f9fecd82-c7ae-483e-b259-6428f2dfb240: receive RaftClientReply:client-D2340BF4DD29->f9fecd82-c7ae-483e-b259-6428f2dfb240@group-7DE138E597A5, cid=1834, SUCCESS, logIndex=0, commits[f9fecd82-c7ae-483e-b259-6428f2dfb240:c2679, adbfec77-7a0d-4773-aa56-ba0b778d0ab5:c2677, 90c45227-141f-43fe-b831-a2b91b39d6b0:c2677]
2019-07-14 06:25:58,324 INFO  client.GrpcClientProtocolClient (GrpcClientProtocolClient.java:onNext(255)) - client-D2340BF4DD29->f9fecd82-c7ae-483e-b259-6428f2dfb240: receive RaftClientReply:client-D2340BF4DD29->f9fecd82-c7ae-483e-b259-6428f2dfb240@group-7DE138E597A5, cid=1835, SUCCESS, logIndex=2680, commits[f9fecd82-c7ae-483e-b259-6428f2dfb240:c2681, adbfec77-7a0d-4773-aa56-ba0b778d0ab5:c2679, 90c45227-141f-43fe-b831-a2b91b39d6b0:c2679]
2019-07-14 06:25:58,325 INFO  client.GrpcClientProtocolClient (GrpcClientProtocolClient.java:onNext(255)) - client-D2340BF4DD29->f9fecd82-c7ae-483e-b259-6428f2dfb240: receive RaftClientReply:client-D2340BF4DD29->f9fecd82-c7ae-483e-b259-6428f2dfb240@group-7DE138E597A5, cid=1836, SUCCESS, logIndex=2681, commits[f9fecd82-c7ae-483e-b259-6428f2dfb240:c2681, adbfec77-7a0d-4773-aa56-ba0b778d0ab5:c2679, 90c45227-141f-43fe-b831-a2b91b39d6b0:c2679]
2019-07-14 06:25:58,325 INFO  client.GrpcClientProtocolClient (GrpcClientProtocolClient.java:onNext(255)) - client-D2340BF4DD29->f9fecd82-c7ae-483e-b259-6428f2dfb240: receive RaftClientReply:client-D2340BF4DD29->f9fecd82-c7ae-483e-b259-6428f2dfb240@group-7DE138E597A5, cid=1837, SUCCESS, logIndex=2682, commits[f9fecd82-c7ae-483e-b259-6428f2dfb240:c2683, adbfec77-7a0d-4773-aa56-ba0b778d0ab5:c2679, 90c45227-141f-43fe-b831-a2b91b39d6b0:c2679]
2019-07-14 06:25:58,326 INFO  client.GrpcClientProtocolClient (GrpcClientProtocolClient.java:onNext(255)) - client-D2340BF4DD29->f9fecd82-c7ae-483e-b259-6428f2dfb240: receive RaftClientReply:client-D2340BF4DD29->f9fecd82-c7ae-483e-b259-6428f2dfb240@group-7DE138E597A5, cid=1838, SUCCESS, logIndex=2683, commits[f9fecd82-c7ae-483e-b259-6428f2dfb240:c2683, adbfec77-7a0d-4773-aa56-ba0b778d0ab5:c2679, 90c45227-141f-43fe-b831-a2b91b39d6b0:c2679]
2019-07-14 06:25:58,327 INFO  client.GrpcClientProtocolClient (GrpcClientProtocolClient.java:onNext(255)) - client-D2340BF4DD29->f9fecd82-c7ae-483e-b259-6428f2dfb240: receive RaftClientReply:client-D2340BF4DD29->f9fecd82-c7ae-483e-b259-6428f2dfb240@group-7DE138E597A5, cid=1839, SUCCESS, logIndex=0, commits[f9fecd82-c7ae-483e-b259-6428f2dfb240:c2685, adbfec77-7a0d-4773-aa56-ba0b778d0ab5:c2681, 90c45227-141f-43fe-b831-a2b91b39d6b0:c2681]
2019-07-14 06:25:58,348 INFO  client.GrpcClientProtocolClient (GrpcClientProtocolClient.java:onNext(255)) - client-D2340BF4DD29->f9fecd82-c7ae-483e-b259-6428f2dfb240: receive RaftClientReply:client-D2340BF4DD29->f9fecd82-c7ae-483e-b259-6428f2dfb240@group-7DE138E597A5, cid=1840, SUCCESS, logIndex=2688, commits[f9fecd82-c7ae-483e-b259-6428f2dfb240:c2689, adbfec77-7a0d-4773-aa56-ba0b778d0ab5:c2683, 90c45227-141f-43fe-b831-a2b91b39d6b0:c2687]
2019-07-14 06:25:58,348 INFO  client.GrpcClientProtocolClient (GrpcClientProtocolClient.java:onNext(255)) - client-D2340BF4DD29->f9fecd82-c7ae-483e-b259-6428f2dfb240: receive RaftClientReply:client-D2340BF4DD29->f9fecd82-c7ae-483e-b259-6428f2dfb240@group-7DE138E597A5, cid=1841, SUCCESS, logIndex=2689, commits[f9fecd82-c7ae-483e-b259-6428f2dfb240:c2689, adbfec77-7a0d-4773-aa56-ba0b778d0ab5:c2687, 90c45227-141f-43fe-b831-a2b91b39d6b0:c2687]
2019-07-14 06:25:58,359 INFO  client.GrpcClientProtocolClient (GrpcClientProtocolClient.java:onNext(255)) - client-D2340BF4DD29->f9fecd82-c7ae-483e-b259-6428f2dfb240: receive RaftClientReply:client-D2340BF4DD29->f9fecd82-c7ae-483e-b259-6428f2dfb240@group-7DE138E597A5, cid=1842, SUCCESS, logIndex=2692, commits[f9fecd82-c7ae-483e-b259-6428f2dfb240:c2693, adbfec77-7a0d-4773-aa56-ba0b778d0ab5:c2688, 90c45227-141f-43fe-b831-a2b91b39d6b0:c2689]
2019-07-14 06:25:58,359 INFO  client.GrpcClientProtocolClient (GrpcClientProtocolClient.java:onNext(255)) - client-D2340BF4DD29->f9fecd82-c7ae-483e-b259-6428f2dfb240: receive RaftClientReply:client-D2340BF4DD29->f9fecd82-c7ae-483e-b259-6428f2dfb240@group-7DE138E597A5, cid=1843, SUCCESS, logIndex=2693, commits[f9fecd82-c7ae-483e-b259-6428f2dfb240:c2693, adbfec77-7a0d-4773-aa56-ba0b778d0ab5:c2689, 90c45227-141f-43fe-b831-a2b91b39d6b0:c2689]
2019-07-14 06:25:58,362 INFO  client.GrpcClientProtocolClient (GrpcClientProtocolClient.java:onNext(255)) - client-D2340BF4DD29->f9fecd82-c7ae-483e-b259-6428f2dfb240: receive RaftClientReply:client-D2340BF4DD29->f9fecd82-c7ae-483e-b259-6428f2dfb240@group-7DE138E597A5, cid=1844, SUCCESS, logIndex=0, commits[f9fecd82-c7ae-483e-b259-6428f2dfb240:c2695, adbfec77-7a0d-4773-aa56-ba0b778d0ab5:c2693, 90c45227-141f-43fe-b831-a2b91b39d6b0:c2693]
2019-07-14 06:25:58,387 INFO  client.GrpcClientProtocolClient (GrpcClientProtocolClient.java:onNext(255)) - client-D2340BF4DD29->f9fecd82-c7ae-483e-b259-6428f2dfb240: receive RaftClientReply:client-D2340BF4DD29->f9fecd82-c7ae-483e-b259-6428f2dfb240@group-7DE138E597A5, cid=1845, SUCCESS, logIndex=2696, commits[f9fecd82-c7ae-483e-b259-6428f2dfb240:c2697, adbfec77-7a0d-4773-aa56-ba0b778d0ab5:c2695, 90c45227-141f-43fe-b831-a2b91b39d6b0:c2695]
2019-07-14 06:25:58,388 INFO  client.GrpcClientProtocolClient (GrpcClientProtocolClient.java:onNext(255)) - client-D2340BF4DD29->f9fecd82-c7ae-483e-b259-6428f2dfb240: receive RaftClientReply:client-D2340BF4DD29->f9fecd82-c7ae-483e-b259-6428f2dfb240@group-7DE138E597A5, cid=1846, SUCCESS, logIndex=2697, commits[f9fecd82-c7ae-483e-b259-6428f2dfb240:c2699, adbfec77-7a0d-4773-aa56-ba0b778d0ab5:c2695, 90c45227-141f-43fe-b831-a2b91b39d6b0:c2695]
2019-07-14 06:25:58,388 INFO  client.GrpcClientProtocolClient (GrpcClientProtocolClient.java:onNext(255)) - client-D2340BF4DD29->f9fecd82-c7ae-483e-b259-6428f2dfb240: receive RaftClientReply:client-D2340BF4DD29->f9fecd82-c7ae-483e-b259-6428f2dfb240@group-7DE138E597A5, cid=1847, SUCCESS, logIndex=2698, commits[f9fecd82-c7ae-483e-b259-6428f2dfb240:c2699, adbfec77-7a0d-4773-aa56-ba0b778d0ab5:c2695, 90c45227-141f-43fe-b831-a2b91b39d6b0:c2695]
2019-07-14 06:25:58,388 INFO  client.GrpcClientProtocolClient (GrpcClientProtocolClient.java:onNext(255)) - client-D2340BF4DD29->f9fecd82-c7ae-483e-b259-6428f2dfb240: receive RaftClientReply:client-D2340BF4DD29->f9fecd82-c7ae-483e-b259-6428f2dfb240@group-7DE138E597A5, cid=1848, SUCCESS, logIndex=2699, commits[f9fecd82-c7ae-483e-b259-6428f2dfb240:c2699, adbfec77-7a0d-4773-aa56-ba0b778d0ab5:c2695, 90c45227-141f-43fe-b831-a2b91b39d6b0:c2695]
2019-07-14 06:25:58,402 INFO  client.GrpcClientProtocolClient (GrpcClientProtocolClient.java:onNext(255)) - client-D2340BF4DD29->f9fecd82-c7ae-483e-b259-6428f2dfb240: receive RaftClientReply:client-D2340BF4DD29->f9fecd82-c7ae-483e-b259-6428f2dfb240@group-7DE138E597A5, cid=1849, SUCCESS, logIndex=0, commits[f9fecd82-c7ae-483e-b259-6428f2dfb240:c2701, adbfec77-7a0d-4773-aa56-ba0b778d0ab5:c2697, 90c45227-141f-43fe-b831-a2b91b39d6b0:c2697]
2019-07-14 06:25:58,421 INFO  client.GrpcClientProtocolClient (GrpcClientProtocolClient.java:onNext(255)) - client-D2340BF4DD29->f9fecd82-c7ae-483e-b259-6428f2dfb240: receive RaftClientReply:client-D2340BF4DD29->f9fecd82-c7ae-483e-b259-6428f2dfb240@group-7DE138E597A5, cid=1850, SUCCESS, logIndex=2703, commits[f9fecd82-c7ae-483e-b259-6428f2dfb240:c2704, adbfec77-7a0d-4773-aa56-ba0b778d0ab5:c2702, 90c45227-141f-43fe-b831-a2b91b39d6b0:c2702]
2019-07-14 06:25:58,421 INFO  client.GrpcClientProtocolClient (GrpcClientProtocolClient.java:onNext(255)) - client-D2340BF4DD29->f9fecd82-c7ae-483e-b259-6428f2dfb240: receive RaftClientReply:client-D2340BF4DD29->f9fecd82-c7ae-483e-b259-6428f2dfb240@group-7DE138E597A5, cid=1851, SUCCESS, logIndex=2704, commits[f9fecd82-c7ae-483e-b259-6428f2dfb240:c2704, adbfec77-7a0d-4773-aa56-ba0b778d0ab5:c2702, 90c45227-141f-43fe-b831-a2b91b39d6b0:c2702]
2019-07-14 06:25:58,435 INFO  client.GrpcClientProtocolClient (GrpcClientProtocolClient.java:onNext(255)) - client-D2340BF4DD29->f9fecd82-c7ae-483e-b259-6428f2dfb240: receive RaftClientReply:client-D2340BF4DD29->f9fecd82-c7ae-483e-b259-6428f2dfb240@group-7DE138E597A5, cid=1852, SUCCESS, logIndex=2707, commits[f9fecd82-c7ae-483e-b259-6428f2dfb240:c2708, adbfec77-7a0d-4773-aa56-ba0b778d0ab5:c2704, 90c45227-141f-43fe-b831-a2b91b39d6b0:c2704]
2019-07-14 06:25:58,436 INFO  client.GrpcClientProtocolClient (GrpcClientProtocolClient.java:onNext(255)) - client-D2340BF4DD29->f9fecd82-c7ae-483e-b259-6428f2dfb240: receive RaftClientReply:client-D2340BF4DD29->f9fecd82-c7ae-483e-b259-6428f2dfb240@group-7DE138E597A5, cid=1853, SUCCESS, logIndex=2708, commits[f9fecd82-c7ae-483e-b259-6428f2dfb240:c2708, adbfec77-7a0d-4773-aa56-ba0b778d0ab5:c2704, 90c45227-141f-43fe-b831-a2b91b39d6b0:c2704]
2019-07-14 06:25:58,439 INFO  client.GrpcClientProtocolClient (GrpcClientProtocolClient.java:onNext(255)) - client-D2340BF4DD29->f9fecd82-c7ae-483e-b259-6428f2dfb240: receive RaftClientReply:client-D2340BF4DD29->f9fecd82-c7ae-483e-b259-6428f2dfb240@group-7DE138E597A5, cid=1854, SUCCESS, logIndex=0, commits[f9fecd82-c7ae-483e-b259-6428f2dfb240:c2710, adbfec77-7a0d-4773-aa56-ba0b778d0ab5:c2708, 90c45227-141f-43fe-b831-a2b91b39d6b0:c2708]
2019-07-14 06:25:58,480 INFO  client.GrpcClientProtocolClient (GrpcClientProtocolClient.java:onNext(255)) - client-D2340BF4DD29->f9fecd82-c7ae-483e-b259-6428f2dfb240: receive RaftClientReply:client-D2340BF4DD29->f9fecd82-c7ae-483e-b259-6428f2dfb240@group-7DE138E597A5, cid=1855, SUCCESS, logIndex=2711, commits[f9fecd82-c7ae-483e-b259-6428f2dfb240:c2714, adbfec77-7a0d-4773-aa56-ba0b778d0ab5:c2710, 90c45227-141f-43fe-b831-a2b91b39d6b0:c2710]
2019-07-14 06:25:58,480 INFO  client.GrpcClientProtocolClient (GrpcClientProtocolClient.java:onNext(255)) - client-D2340BF4DD29->f9fecd82-c7ae-483e-b259-6428f2dfb240: receive RaftClientReply:client-D2340BF4DD29->f9fecd82-c7ae-483e-b259-6428f2dfb240@group-7DE138E597A5, cid=1856, SUCCESS, logIndex=2712, commits[f9fecd82-c7ae-483e-b259-6428f2dfb240:c2714, adbfec77-7a0d-4773-aa56-ba0b778d0ab5:c2710, 90c45227-141f-43fe-b831-a2b91b39d6b0:c2710]
2019-07-14 06:25:58,481 INFO  client.GrpcClientProtocolClient (GrpcClientProtocolClient.java:onNext(255)) - client-D2340BF4DD29->f9fecd82-c7ae-483e-b259-6428f2dfb240: receive RaftClientReply:client-D2340BF4DD29->f9fecd82-c7ae-483e-b259-6428f2dfb240@group-7DE138E597A5, cid=1857, SUCCESS, logIndex=2713, commits[f9fecd82-c7ae-483e-b259-6428f2dfb240:c2714, adbfec77-7a0d-4773-aa56-ba0b778d0ab5:c2710, 90c45227-141f-43fe-b831-a2b91b39d6b0:c2710]
2019-07-14 06:25:58,481 INFO  client.GrpcClientProtocolClient (GrpcClientProtocolClient.java:onNext(255)) - client-D2340BF4DD29->f9fecd82-c7ae-483e-b259-6428f2dfb240: receive RaftClientReply:client-D2340BF4DD29->f9fecd82-c7ae-483e-b259-6428f2dfb240@group-7DE138E597A5, cid=1858, SUCCESS, logIndex=2714, commits[f9fecd82-c7ae-483e-b259-6428f2dfb240:c2715, adbfec77-7a0d-4773-aa56-ba0b778d0ab5:c2712, 90c45227-141f-43fe-b831-a2b91b39d6b0:c2710]
2019-07-14 06:25:58,482 INFO  client.GrpcClientProtocolClient (GrpcClientProtocolClient.java:onNext(255)) - client-D2340BF4DD29->f9fecd82-c7ae-483e-b259-6428f2dfb240: receive RaftClientReply:client-D2340BF4DD29->f9fecd82-c7ae-483e-b259-6428f2dfb240@group-7DE138E597A5, cid=1859, SUCCESS, logIndex=0, commits[f9fecd82-c7ae-483e-b259-6428f2dfb240:c2718, adbfec77-7a0d-4773-aa56-ba0b778d0ab5:c2712, 90c45227-141f-43fe-b831-a2b91b39d6b0:c2714]
2019-07-14 06:25:58,502 INFO  client.GrpcClientProtocolClient (GrpcClientProtocolClient.java:onNext(255)) - client-D2340BF4DD29->f9fecd82-c7ae-483e-b259-6428f2dfb240: receive RaftClientReply:client-D2340BF4DD29->f9fecd82-c7ae-483e-b259-6428f2dfb240@group-7DE138E597A5, cid=1860, SUCCESS, logIndex=2719, commits[f9fecd82-c7ae-483e-b259-6428f2dfb240:c2720, adbfec77-7a0d-4773-aa56-ba0b778d0ab5:c2718, 90c45227-141f-43fe-b831-a2b91b39d6b0:c2718]
2019-07-14 06:25:58,502 INFO  client.GrpcClientProtocolClient (GrpcClientProtocolClient.java:onNext(255)) - client-D2340BF4DD29->f9fecd82-c7ae-483e-b259-6428f2dfb240: receive RaftClientReply:client-D2340BF4DD29->f9fecd82-c7ae-483e-b259-6428f2dfb240@group-7DE138E597A5, cid=1861, SUCCESS, logIndex=2720, commits[f9fecd82-c7ae-483e-b259-6428f2dfb240:c2720, adbfec77-7a0d-4773-aa56-ba0b778d0ab5:c2718, 90c45227-141f-43fe-b831-a2b91b39d6b0:c2718]
2019-07-14 06:25:58,515 INFO  client.GrpcClientProtocolClient (GrpcClientProtocolClient.java:onNext(255)) - client-D2340BF4DD29->f9fecd82-c7ae-483e-b259-6428f2dfb240: receive RaftClientReply:client-D2340BF4DD29->f9fecd82-c7ae-483e-b259-6428f2dfb240@group-7DE138E597A5, cid=1862, SUCCESS, logIndex=2723, commits[f9fecd82-c7ae-483e-b259-6428f2dfb240:c2723, adbfec77-7a0d-4773-aa56-ba0b778d0ab5:c2720, 90c45227-141f-43fe-b831-a2b91b39d6b0:c2720]
2019-07-14 06:25:58,516 INFO  client.GrpcClientProtocolClient (GrpcClientProtocolClient.java:onNext(255)) - client-D2340BF4DD29->f9fecd82-c7ae-483e-b259-6428f2dfb240: receive RaftClientReply:client-D2340BF4DD29->f9fecd82-c7ae-483e-b259-6428f2dfb240@group-7DE138E597A5, cid=1863, SUCCESS, logIndex=2724, commits[f9fecd82-c7ae-483e-b259-6428f2dfb240:c2724, adbfec77-7a0d-4773-aa56-ba0b778d0ab5:c2720, 90c45227-141f-43fe-b831-a2b91b39d6b0:c2720]
2019-07-14 06:25:58,529 INFO  client.GrpcClientProtocolClient (GrpcClientProtocolClient.java:onNext(255)) - client-D2340BF4DD29->f9fecd82-c7ae-483e-b259-6428f2dfb240: receive RaftClientReply:client-D2340BF4DD29->f9fecd82-c7ae-483e-b259-6428f2dfb240@group-7DE138E597A5, cid=1864, SUCCESS, logIndex=0, commits[f9fecd82-c7ae-483e-b259-6428f2dfb240:c2726, adbfec77-7a0d-4773-aa56-ba0b778d0ab5:c2724, 90c45227-141f-43fe-b831-a2b91b39d6b0:c2724]
2019-07-14 06:25:58,558 INFO  client.GrpcClientProtocolClient (GrpcClientProtocolClient.java:onNext(255)) - client-D2340BF4DD29->f9fecd82-c7ae-483e-b259-6428f2dfb240: receive RaftClientReply:client-D2340BF4DD29->f9fecd82-c7ae-483e-b259-6428f2dfb240@group-7DE138E597A5, cid=1865, SUCCESS, logIndex=2727, commits[f9fecd82-c7ae-483e-b259-6428f2dfb240:c2728, adbfec77-7a0d-4773-aa56-ba0b778d0ab5:c2726, 90c45227-141f-43fe-b831-a2b91b39d6b0:c2726]
2019-07-14 06:25:58,559 INFO  client.GrpcClientProtocolClient (GrpcClientProtocolClient.java:onNext(255)) - client-D2340BF4DD29->f9fecd82-c7ae-483e-b259-6428f2dfb240: receive RaftClientReply:client-D2340BF4DD29->f9fecd82-c7ae-483e-b259-6428f2dfb240@group-7DE138E597A5, cid=1866, SUCCESS, logIndex=2728, commits[f9fecd82-c7ae-483e-b259-6428f2dfb240:c2728, adbfec77-7a0d-4773-aa56-ba0b778d0ab5:c2726, 90c45227-141f-43fe-b831-a2b91b39d6b0:c2726]
2019-07-14 06:25:58,563 INFO  client.GrpcClientProtocolClient (GrpcClientProtocolClient.java:onNext(255)) - client-D2340BF4DD29->f9fecd82-c7ae-483e-b259-6428f2dfb240: receive RaftClientReply:client-D2340BF4DD29->f9fecd82-c7ae-483e-b259-6428f2dfb240@group-7DE138E597A5, cid=1867, SUCCESS, logIndex=2729, commits[f9fecd82-c7ae-483e-b259-6428f2dfb240:c2731, adbfec77-7a0d-4773-aa56-ba0b778d0ab5:c2727, 90c45227-141f-43fe-b831-a2b91b39d6b0:c2726]
2019-07-14 06:25:58,563 INFO  client.GrpcClientProtocolClient (GrpcClientProtocolClient.java:onNext(255)) - client-D2340BF4DD29->f9fecd82-c7ae-483e-b259-6428f2dfb240: receive RaftClientReply:client-D2340BF4DD29->f9fecd82-c7ae-483e-b259-6428f2dfb240@group-7DE138E597A5, cid=1868, SUCCESS, logIndex=2730, commits[f9fecd82-c7ae-483e-b259-6428f2dfb240:c2732, adbfec77-7a0d-4773-aa56-ba0b778d0ab5:c2728, 90c45227-141f-43fe-b831-a2b91b39d6b0:c2726]
2019-07-14 06:25:58,574 INFO  client.GrpcClientProtocolClient (GrpcClientProtocolClient.java:onNext(255)) - client-D2340BF4DD29->f9fecd82-c7ae-483e-b259-6428f2dfb240: receive RaftClientReply:client-D2340BF4DD29->f9fecd82-c7ae-483e-b259-6428f2dfb240@group-7DE138E597A5, cid=1869, SUCCESS, logIndex=0, commits[f9fecd82-c7ae-483e-b259-6428f2dfb240:c2732, adbfec77-7a0d-4773-aa56-ba0b778d0ab5:c2728, 90c45227-141f-43fe-b831-a2b91b39d6b0:c2728]
2019-07-14 06:25:58,594 INFO  client.GrpcClientProtocolClient (GrpcClientProtocolClient.java:onNext(255)) - client-D2340BF4DD29->f9fecd82-c7ae-483e-b259-6428f2dfb240: receive RaftClientReply:client-D2340BF4DD29->f9fecd82-c7ae-483e-b259-6428f2dfb240@group-7DE138E597A5, cid=1870, SUCCESS, logIndex=2735, commits[f9fecd82-c7ae-483e-b259-6428f2dfb240:c2736, adbfec77-7a0d-4773-aa56-ba0b778d0ab5:c2734, 90c45227-141f-43fe-b831-a2b91b39d6b0:c2734]
2019-07-14 06:25:58,595 INFO  client.GrpcClientProtocolClient (GrpcClientProtocolClient.java:onNext(255)) - client-D2340BF4DD29->f9fecd82-c7ae-483e-b259-6428f2dfb240: receive RaftClientReply:client-D2340BF4DD29->f9fecd82-c7ae-483e-b259-6428f2dfb240@group-7DE138E597A5, cid=1871, SUCCESS, logIndex=2736, commits[f9fecd82-c7ae-483e-b259-6428f2dfb240:c2736, adbfec77-7a0d-4773-aa56-ba0b778d0ab5:c2734, 90c45227-141f-43fe-b831-a2b91b39d6b0:c2734]
2019-07-14 06:25:58,608 INFO  client.GrpcClientProtocolClient (GrpcClientProtocolClient.java:onNext(255)) - client-D2340BF4DD29->f9fecd82-c7ae-483e-b259-6428f2dfb240: receive RaftClientReply:client-D2340BF4DD29->f9fecd82-c7ae-483e-b259-6428f2dfb240@group-7DE138E597A5, cid=1872, SUCCESS, logIndex=2739, commits[f9fecd82-c7ae-483e-b259-6428f2dfb240:c2740, adbfec77-7a0d-4773-aa56-ba0b778d0ab5:c2736, 90c45227-141f-43fe-b831-a2b91b39d6b0:c2736]
2019-07-14 06:25:58,608 INFO  client.GrpcClientProtocolClient (GrpcClientProtocolClient.java:onNext(255)) - client-D2340BF4DD29->f9fecd82-c7ae-483e-b259-6428f2dfb240: receive RaftClientReply:client-D2340BF4DD29->f9fecd82-c7ae-483e-b259-6428f2dfb240@group-7DE138E597A5, cid=1873, SUCCESS, logIndex=2740, commits[f9fecd82-c7ae-483e-b259-6428f2dfb240:c2740, adbfec77-7a0d-4773-aa56-ba0b778d0ab5:c2736, 90c45227-141f-43fe-b831-a2b91b39d6b0:c2736]
2019-07-14 06:25:58,620 INFO  client.GrpcClientProtocolClient (GrpcClientProtocolClient.java:onNext(255)) - client-D2340BF4DD29->f9fecd82-c7ae-483e-b259-6428f2dfb240: receive RaftClientReply:client-D2340BF4DD29->f9fecd82-c7ae-483e-b259-6428f2dfb240@group-7DE138E597A5, cid=1874, SUCCESS, logIndex=0, commits[f9fecd82-c7ae-483e-b259-6428f2dfb240:c2741, adbfec77-7a0d-4773-aa56-ba0b778d0ab5:c2740, 90c45227-141f-43fe-b831-a2b91b39d6b0:c2740]
2019-07-14 06:25:58,649 INFO  client.GrpcClientProtocolClient (GrpcClientProtocolClient.java:onNext(255)) - client-D2340BF4DD29->f9fecd82-c7ae-483e-b259-6428f2dfb240: receive RaftClientReply:client-D2340BF4DD29->f9fecd82-c7ae-483e-b259-6428f2dfb240@group-7DE138E597A5, cid=1875, SUCCESS, logIndex=2743, commits[f9fecd82-c7ae-483e-b259-6428f2dfb240:c2745, adbfec77-7a0d-4773-aa56-ba0b778d0ab5:c2742, 90c45227-141f-43fe-b831-a2b91b39d6b0:c2742]
2019-07-14 06:25:58,649 INFO  client.GrpcClientProtocolClient (GrpcClientProtocolClient.java:onNext(255)) - client-D2340BF4DD29->f9fecd82-c7ae-483e-b259-6428f2dfb240: receive RaftClientReply:client-D2340BF4DD29->f9fecd82-c7ae-483e-b259-6428f2dfb240@group-7DE138E597A5, cid=1876, SUCCESS, logIndex=2744, commits[f9fecd82-c7ae-483e-b259-6428f2dfb240:c2746, adbfec77-7a0d-4773-aa56-ba0b778d0ab5:c2742, 90c45227-141f-43fe-b831-a2b91b39d6b0:c2742]
2019-07-14 06:25:58,650 INFO  client.GrpcClientProtocolClient (GrpcClientProtocolClient.java:onNext(255)) - client-D2340BF4DD29->f9fecd82-c7ae-483e-b259-6428f2dfb240: receive RaftClientReply:client-D2340BF4DD29->f9fecd82-c7ae-483e-b259-6428f2dfb240@group-7DE138E597A5, cid=1877, SUCCESS, logIndex=2745, commits[f9fecd82-c7ae-483e-b259-6428f2dfb240:c2746, adbfec77-7a0d-4773-aa56-ba0b778d0ab5:c2742, 90c45227-141f-43fe-b831-a2b91b39d6b0:c2742]
2019-07-14 06:25:58,650 INFO  client.GrpcClientProtocolClient (GrpcClientProtocolClient.java:onNext(255)) - client-D2340BF4DD29->f9fecd82-c7ae-483e-b259-6428f2dfb240: receive RaftClientReply:client-D2340BF4DD29->f9fecd82-c7ae-483e-b259-6428f2dfb240@group-7DE138E597A5, cid=1878, SUCCESS, logIndex=2746, commits[f9fecd82-c7ae-483e-b259-6428f2dfb240:c2746, adbfec77-7a0d-4773-aa56-ba0b778d0ab5:c2742, 90c45227-141f-43fe-b831-a2b91b39d6b0:c2742]
 0.00% |█                                                                                                    |  0/1 Time: 0:00:132019-07-14 06:25:58,763 INFO  client.GrpcClientProtocolClient (GrpcClientProtocolClient.java:onNext(255)) - client-D2340BF4DD29->f9fecd82-c7ae-483e-b259-6428f2dfb240: receive RaftClientReply:client-D2340BF4DD29->f9fecd82-c7ae-483e-b259-6428f2dfb240@group-7DE138E597A5, cid=1879, SUCCESS, logIndex=0, commits[f9fecd82-c7ae-483e-b259-6428f2dfb240:c2749, adbfec77-7a0d-4773-aa56-ba0b778d0ab5:c2746, 90c45227-141f-43fe-b831-a2b91b39d6b0:c2744]
2019-07-14 06:25:58,786 INFO  client.GrpcClientProtocolClient (GrpcClientProtocolClient.java:onNext(255)) - client-D2340BF4DD29->f9fecd82-c7ae-483e-b259-6428f2dfb240: receive RaftClientReply:client-D2340BF4DD29->f9fecd82-c7ae-483e-b259-6428f2dfb240@group-7DE138E597A5, cid=1880, SUCCESS, logIndex=2751, commits[f9fecd82-c7ae-483e-b259-6428f2dfb240:c2751, adbfec77-7a0d-4773-aa56-ba0b778d0ab5:c2750, 90c45227-141f-43fe-b831-a2b91b39d6b0:c2750]
2019-07-14 06:25:58,786 INFO  client.GrpcClientProtocolClient (GrpcClientProtocolClient.java:onNext(255)) - client-D2340BF4DD29->f9fecd82-c7ae-483e-b259-6428f2dfb240: receive RaftClientReply:client-D2340BF4DD29->f9fecd82-c7ae-483e-b259-6428f2dfb240@group-7DE138E597A5, cid=1881, SUCCESS, logIndex=2752, commits[f9fecd82-c7ae-483e-b259-6428f2dfb240:c2752, adbfec77-7a0d-4773-aa56-ba0b778d0ab5:c2750, 90c45227-141f-43fe-b831-a2b91b39d6b0:c2750]
2019-07-14 06:25:58,810 INFO  client.GrpcClientProtocolClient (GrpcClientProtocolClient.java:onNext(255)) - client-D2340BF4DD29->f9fecd82-c7ae-483e-b259-6428f2dfb240: receive RaftClientReply:client-D2340BF4DD29->f9fecd82-c7ae-483e-b259-6428f2dfb240@group-7DE138E597A5, cid=1882, SUCCESS, logIndex=2755, commits[f9fecd82-c7ae-483e-b259-6428f2dfb240:c2755, adbfec77-7a0d-4773-aa56-ba0b778d0ab5:c2752, 90c45227-141f-43fe-b831-a2b91b39d6b0:c2751]
2019-07-14 06:25:58,810 INFO  client.GrpcClientProtocolClient (GrpcClientProtocolClient.java:onNext(255)) - client-D2340BF4DD29->f9fecd82-c7ae-483e-b259-6428f2dfb240: receive RaftClientReply:client-D2340BF4DD29->f9fecd82-c7ae-483e-b259-6428f2dfb240@group-7DE138E597A5, cid=1883, SUCCESS, logIndex=2756, commits[f9fecd82-c7ae-483e-b259-6428f2dfb240:c2756, adbfec77-7a0d-4773-aa56-ba0b778d0ab5:c2752, 90c45227-141f-43fe-b831-a2b91b39d6b0:c2752]
2019-07-14 06:25:58,823 INFO  client.GrpcClientProtocolClient (GrpcClientProtocolClient.java:onNext(255)) - client-D2340BF4DD29->f9fecd82-c7ae-483e-b259-6428f2dfb240: receive RaftClientReply:client-D2340BF4DD29->f9fecd82-c7ae-483e-b259-6428f2dfb240@group-7DE138E597A5, cid=1884, SUCCESS, logIndex=0, commits[f9fecd82-c7ae-483e-b259-6428f2dfb240:c2758, adbfec77-7a0d-4773-aa56-ba0b778d0ab5:c2756, 90c45227-141f-43fe-b831-a2b91b39d6b0:c2756]
2019-07-14 06:25:58,854 INFO  client.GrpcClientProtocolClient (GrpcClientProtocolClient.java:onNext(255)) - client-D2340BF4DD29->f9fecd82-c7ae-483e-b259-6428f2dfb240: receive RaftClientReply:client-D2340BF4DD29->f9fecd82-c7ae-483e-b259-6428f2dfb240@group-7DE138E597A5, cid=1885, SUCCESS, logIndex=2759, commits[f9fecd82-c7ae-483e-b259-6428f2dfb240:c2761, adbfec77-7a0d-4773-aa56-ba0b778d0ab5:c2758, 90c45227-141f-43fe-b831-a2b91b39d6b0:c2758]
2019-07-14 06:25:58,855 INFO  client.GrpcClientProtocolClient (GrpcClientProtocolClient.java:onNext(255)) - client-D2340BF4DD29->f9fecd82-c7ae-483e-b259-6428f2dfb240: receive RaftClientReply:client-D2340BF4DD29->f9fecd82-c7ae-483e-b259-6428f2dfb240@group-7DE138E597A5, cid=1886, SUCCESS, logIndex=2760, commits[f9fecd82-c7ae-483e-b259-6428f2dfb240:c2761, adbfec77-7a0d-4773-aa56-ba0b778d0ab5:c2758, 90c45227-141f-43fe-b831-a2b91b39d6b0:c2758]
2019-07-14 06:25:58,856 INFO  client.GrpcClientProtocolClient (GrpcClientProtocolClient.java:onNext(255)) - client-D2340BF4DD29->f9fecd82-c7ae-483e-b259-6428f2dfb240: receive RaftClientReply:client-D2340BF4DD29->f9fecd82-c7ae-483e-b259-6428f2dfb240@group-7DE138E597A5, cid=1887, SUCCESS, logIndex=2761, commits[f9fecd82-c7ae-483e-b259-6428f2dfb240:c2762, adbfec77-7a0d-4773-aa56-ba0b778d0ab5:c2758, 90c45227-141f-43fe-b831-a2b91b39d6b0:c2758]
2019-07-14 06:25:58,856 INFO  client.GrpcClientProtocolClient (GrpcClientProtocolClient.java:onNext(255)) - client-D2340BF4DD29->f9fecd82-c7ae-483e-b259-6428f2dfb240: receive RaftClientReply:client-D2340BF4DD29->f9fecd82-c7ae-483e-b259-6428f2dfb240@group-7DE138E597A5, cid=1888, SUCCESS, logIndex=2762, commits[f9fecd82-c7ae-483e-b259-6428f2dfb240:c2762, adbfec77-7a0d-4773-aa56-ba0b778d0ab5:c2758, 90c45227-141f-43fe-b831-a2b91b39d6b0:c2758]
2019-07-14 06:25:58,857 INFO  client.GrpcClientProtocolClient (GrpcClientProtocolClient.java:onNext(255)) - client-D2340BF4DD29->f9fecd82-c7ae-483e-b259-6428f2dfb240: receive RaftClientReply:client-D2340BF4DD29->f9fecd82-c7ae-483e-b259-6428f2dfb240@group-7DE138E597A5, cid=1889, SUCCESS, logIndex=0, commits[f9fecd82-c7ae-483e-b259-6428f2dfb240:c2764, adbfec77-7a0d-4773-aa56-ba0b778d0ab5:c2760, 90c45227-141f-43fe-b831-a2b91b39d6b0:c2760]
2019-07-14 06:25:58,878 INFO  client.GrpcClientProtocolClient (GrpcClientProtocolClient.java:onNext(255)) - client-D2340BF4DD29->f9fecd82-c7ae-483e-b259-6428f2dfb240: receive RaftClientReply:client-D2340BF4DD29->f9fecd82-c7ae-483e-b259-6428f2dfb240@group-7DE138E597A5, cid=1890, SUCCESS, logIndex=2767, commits[f9fecd82-c7ae-483e-b259-6428f2dfb240:c2768, adbfec77-7a0d-4773-aa56-ba0b778d0ab5:c2766, 90c45227-141f-43fe-b831-a2b91b39d6b0:c2766]
2019-07-14 06:25:58,878 INFO  client.GrpcClientProtocolClient (GrpcClientProtocolClient.java:onNext(255)) - client-D2340BF4DD29->f9fecd82-c7ae-483e-b259-6428f2dfb240: receive RaftClientReply:client-D2340BF4DD29->f9fecd82-c7ae-483e-b259-6428f2dfb240@group-7DE138E597A5, cid=1891, SUCCESS, logIndex=2768, commits[f9fecd82-c7ae-483e-b259-6428f2dfb240:c2768, adbfec77-7a0d-4773-aa56-ba0b778d0ab5:c2766, 90c45227-141f-43fe-b831-a2b91b39d6b0:c2766]
2019-07-14 06:25:58,892 INFO  client.GrpcClientProtocolClient (GrpcClientProtocolClient.java:onNext(255)) - client-D2340BF4DD29->f9fecd82-c7ae-483e-b259-6428f2dfb240: receive RaftClientReply:client-D2340BF4DD29->f9fecd82-c7ae-483e-b259-6428f2dfb240@group-7DE138E597A5, cid=1892, SUCCESS, logIndex=2771, commits[f9fecd82-c7ae-483e-b259-6428f2dfb240:c2772, adbfec77-7a0d-4773-aa56-ba0b778d0ab5:c2768, 90c45227-141f-43fe-b831-a2b91b39d6b0:c2768]
2019-07-14 06:25:58,892 INFO  client.GrpcClientProtocolClient (GrpcClientProtocolClient.java:onNext(255)) - client-D2340BF4DD29->f9fecd82-c7ae-483e-b259-6428f2dfb240: receive RaftClientReply:client-D2340BF4DD29->f9fecd82-c7ae-483e-b259-6428f2dfb240@group-7DE138E597A5, cid=1893, SUCCESS, logIndex=2772, commits[f9fecd82-c7ae-483e-b259-6428f2dfb240:c2772, adbfec77-7a0d-4773-aa56-ba0b778d0ab5:c2768, 90c45227-141f-43fe-b831-a2b91b39d6b0:c2768]
2019-07-14 06:25:58,905 INFO  client.GrpcClientProtocolClient (GrpcClientProtocolClient.java:onNext(255)) - client-D2340BF4DD29->f9fecd82-c7ae-483e-b259-6428f2dfb240: receive RaftClientReply:client-D2340BF4DD29->f9fecd82-c7ae-483e-b259-6428f2dfb240@group-7DE138E597A5, cid=1894, SUCCESS, logIndex=0, commits[f9fecd82-c7ae-483e-b259-6428f2dfb240:c2774, adbfec77-7a0d-4773-aa56-ba0b778d0ab5:c2772, 90c45227-141f-43fe-b831-a2b91b39d6b0:c2772]
2019-07-14 06:25:58,935 INFO  client.GrpcClientProtocolClient (GrpcClientProtocolClient.java:onNext(255)) - client-D2340BF4DD29->f9fecd82-c7ae-483e-b259-6428f2dfb240: receive RaftClientReply:client-D2340BF4DD29->f9fecd82-c7ae-483e-b259-6428f2dfb240@group-7DE138E597A5, cid=1895, SUCCESS, logIndex=2775, commits[f9fecd82-c7ae-483e-b259-6428f2dfb240:c2777, adbfec77-7a0d-4773-aa56-ba0b778d0ab5:c2774, 90c45227-141f-43fe-b831-a2b91b39d6b0:c2774]
2019-07-14 06:25:58,935 INFO  client.GrpcClientProtocolClient (GrpcClientProtocolClient.java:onNext(255)) - client-D2340BF4DD29->f9fecd82-c7ae-483e-b259-6428f2dfb240: receive RaftClientReply:client-D2340BF4DD29->f9fecd82-c7ae-483e-b259-6428f2dfb240@group-7DE138E597A5, cid=1896, SUCCESS, logIndex=2776, commits[f9fecd82-c7ae-483e-b259-6428f2dfb240:c2778, adbfec77-7a0d-4773-aa56-ba0b778d0ab5:c2774, 90c45227-141f-43fe-b831-a2b91b39d6b0:c2774]
2019-07-14 06:25:58,936 INFO  client.GrpcClientProtocolClient (GrpcClientProtocolClient.java:onNext(255)) - client-D2340BF4DD29->f9fecd82-c7ae-483e-b259-6428f2dfb240: receive RaftClientReply:client-D2340BF4DD29->f9fecd82-c7ae-483e-b259-6428f2dfb240@group-7DE138E597A5, cid=1897, SUCCESS, logIndex=2777, commits[f9fecd82-c7ae-483e-b259-6428f2dfb240:c2778, adbfec77-7a0d-4773-aa56-ba0b778d0ab5:c2774, 90c45227-141f-43fe-b831-a2b91b39d6b0:c2774]
2019-07-14 06:25:58,936 INFO  client.GrpcClientProtocolClient (GrpcClientProtocolClient.java:onNext(255)) - client-D2340BF4DD29->f9fecd82-c7ae-483e-b259-6428f2dfb240: receive RaftClientReply:client-D2340BF4DD29->f9fecd82-c7ae-483e-b259-6428f2dfb240@group-7DE138E597A5, cid=1898, SUCCESS, logIndex=2778, commits[f9fecd82-c7ae-483e-b259-6428f2dfb240:c2779, adbfec77-7a0d-4773-aa56-ba0b778d0ab5:c2774, 90c45227-141f-43fe-b831-a2b91b39d6b0:c2776]
2019-07-14 06:25:58,937 INFO  client.GrpcClientProtocolClient (GrpcClientProtocolClient.java:onNext(255)) - client-D2340BF4DD29->f9fecd82-c7ae-483e-b259-6428f2dfb240: receive RaftClientReply:client-D2340BF4DD29->f9fecd82-c7ae-483e-b259-6428f2dfb240@group-7DE138E597A5, cid=1899, SUCCESS, logIndex=0, commits[f9fecd82-c7ae-483e-b259-6428f2dfb240:c2779, adbfec77-7a0d-4773-aa56-ba0b778d0ab5:c2776, 90c45227-141f-43fe-b831-a2b91b39d6b0:c2776]
2019-07-14 06:25:58,949 INFO  client.GrpcClientProtocolClient (GrpcClientProtocolClient.java:onNext(255)) - client-D2340BF4DD29->f9fecd82-c7ae-483e-b259-6428f2dfb240: receive RaftClientReply:client-D2340BF4DD29->f9fecd82-c7ae-483e-b259-6428f2dfb240@group-7DE138E597A5, cid=1900, SUCCESS, logIndex=2783, commits[f9fecd82-c7ae-483e-b259-6428f2dfb240:c2784, adbfec77-7a0d-4773-aa56-ba0b778d0ab5:c2778, 90c45227-141f-43fe-b831-a2b91b39d6b0:c2779]
2019-07-14 06:25:58,949 INFO  client.GrpcClientProtocolClient (GrpcClientProtocolClient.java:onNext(255)) - client-D2340BF4DD29->f9fecd82-c7ae-483e-b259-6428f2dfb240: receive RaftClientReply:client-D2340BF4DD29->f9fecd82-c7ae-483e-b259-6428f2dfb240@group-7DE138E597A5, cid=1901, SUCCESS, logIndex=2784, commits[f9fecd82-c7ae-483e-b259-6428f2dfb240:c2784, adbfec77-7a0d-4773-aa56-ba0b778d0ab5:c2779, 90c45227-141f-43fe-b831-a2b91b39d6b0:c2779]
2019-07-14 06:25:58,960 INFO  client.GrpcClientProtocolClient (GrpcClientProtocolClient.java:onNext(255)) - client-D2340BF4DD29->f9fecd82-c7ae-483e-b259-6428f2dfb240: receive RaftClientReply:client-D2340BF4DD29->f9fecd82-c7ae-483e-b259-6428f2dfb240@group-7DE138E597A5, cid=1902, SUCCESS, logIndex=2787, commits[f9fecd82-c7ae-483e-b259-6428f2dfb240:c2788, adbfec77-7a0d-4773-aa56-ba0b778d0ab5:c2786, 90c45227-141f-43fe-b831-a2b91b39d6b0:c2784]
2019-07-14 06:25:58,960 INFO  client.GrpcClientProtocolClient (GrpcClientProtocolClient.java:onNext(255)) - client-D2340BF4DD29->f9fecd82-c7ae-483e-b259-6428f2dfb240: receive RaftClientReply:client-D2340BF4DD29->f9fecd82-c7ae-483e-b259-6428f2dfb240@group-7DE138E597A5, cid=1903, SUCCESS, logIndex=2788, commits[f9fecd82-c7ae-483e-b259-6428f2dfb240:c2788, adbfec77-7a0d-4773-aa56-ba0b778d0ab5:c2786, 90c45227-141f-43fe-b831-a2b91b39d6b0:c2786]
2019-07-14 06:25:58,962 INFO  client.GrpcClientProtocolClient (GrpcClientProtocolClient.java:onNext(255)) - client-D2340BF4DD29->f9fecd82-c7ae-483e-b259-6428f2dfb240: receive RaftClientReply:client-D2340BF4DD29->f9fecd82-c7ae-483e-b259-6428f2dfb240@group-7DE138E597A5, cid=1904, SUCCESS, logIndex=0, commits[f9fecd82-c7ae-483e-b259-6428f2dfb240:c2789, adbfec77-7a0d-4773-aa56-ba0b778d0ab5:c2788, 90c45227-141f-43fe-b831-a2b91b39d6b0:c2788]
2019-07-14 06:25:58,988 INFO  client.GrpcClientProtocolClient (GrpcClientProtocolClient.java:onNext(255)) - client-D2340BF4DD29->f9fecd82-c7ae-483e-b259-6428f2dfb240: receive RaftClientReply:client-D2340BF4DD29->f9fecd82-c7ae-483e-b259-6428f2dfb240@group-7DE138E597A5, cid=1905, SUCCESS, logIndex=2791, commits[f9fecd82-c7ae-483e-b259-6428f2dfb240:c2793, adbfec77-7a0d-4773-aa56-ba0b778d0ab5:c2790, 90c45227-141f-43fe-b831-a2b91b39d6b0:c2790]
2019-07-14 06:25:58,988 INFO  client.GrpcClientProtocolClient (GrpcClientProtocolClient.java:onNext(255)) - client-D2340BF4DD29->f9fecd82-c7ae-483e-b259-6428f2dfb240: receive RaftClientReply:client-D2340BF4DD29->f9fecd82-c7ae-483e-b259-6428f2dfb240@group-7DE138E597A5, cid=1906, SUCCESS, logIndex=2792, commits[f9fecd82-c7ae-483e-b259-6428f2dfb240:c2794, adbfec77-7a0d-4773-aa56-ba0b778d0ab5:c2790, 90c45227-141f-43fe-b831-a2b91b39d6b0:c2790]
2019-07-14 06:25:58,989 INFO  client.GrpcClientProtocolClient (GrpcClientProtocolClient.java:onNext(255)) - client-D2340BF4DD29->f9fecd82-c7ae-483e-b259-6428f2dfb240: receive RaftClientReply:client-D2340BF4DD29->f9fecd82-c7ae-483e-b259-6428f2dfb240@group-7DE138E597A5, cid=1907, SUCCESS, logIndex=2793, commits[f9fecd82-c7ae-483e-b259-6428f2dfb240:c2794, adbfec77-7a0d-4773-aa56-ba0b778d0ab5:c2790, 90c45227-141f-43fe-b831-a2b91b39d6b0:c2790]
2019-07-14 06:25:58,989 INFO  client.GrpcClientProtocolClient (GrpcClientProtocolClient.java:onNext(255)) - client-D2340BF4DD29->f9fecd82-c7ae-483e-b259-6428f2dfb240: receive RaftClientReply:client-D2340BF4DD29->f9fecd82-c7ae-483e-b259-6428f2dfb240@group-7DE138E597A5, cid=1908, SUCCESS, logIndex=2794, commits[f9fecd82-c7ae-483e-b259-6428f2dfb240:c2794, adbfec77-7a0d-4773-aa56-ba0b778d0ab5:c2790, 90c45227-141f-43fe-b831-a2b91b39d6b0:c2790]
2019-07-14 06:25:58,992 INFO  client.GrpcClientProtocolClient (GrpcClientProtocolClient.java:onNext(255)) - client-D2340BF4DD29->f9fecd82-c7ae-483e-b259-6428f2dfb240: receive RaftClientReply:client-D2340BF4DD29->f9fecd82-c7ae-483e-b259-6428f2dfb240@group-7DE138E597A5, cid=1909, SUCCESS, logIndex=0, commits[f9fecd82-c7ae-483e-b259-6428f2dfb240:c2796, adbfec77-7a0d-4773-aa56-ba0b778d0ab5:c2792, 90c45227-141f-43fe-b831-a2b91b39d6b0:c2792]
2019-07-14 06:25:59,015 INFO  client.GrpcClientProtocolClient (GrpcClientProtocolClient.java:onNext(255)) - client-D2340BF4DD29->f9fecd82-c7ae-483e-b259-6428f2dfb240: receive RaftClientReply:client-D2340BF4DD29->f9fecd82-c7ae-483e-b259-6428f2dfb240@group-7DE138E597A5, cid=1910, SUCCESS, logIndex=2799, commits[f9fecd82-c7ae-483e-b259-6428f2dfb240:c2800, adbfec77-7a0d-4773-aa56-ba0b778d0ab5:c2798, 90c45227-141f-43fe-b831-a2b91b39d6b0:c2798]
2019-07-14 06:25:59,016 INFO  client.GrpcClientProtocolClient (GrpcClientProtocolClient.java:onNext(255)) - client-D2340BF4DD29->f9fecd82-c7ae-483e-b259-6428f2dfb240: receive RaftClientReply:client-D2340BF4DD29->f9fecd82-c7ae-483e-b259-6428f2dfb240@group-7DE138E597A5, cid=1911, SUCCESS, logIndex=2800, commits[f9fecd82-c7ae-483e-b259-6428f2dfb240:c2800, adbfec77-7a0d-4773-aa56-ba0b778d0ab5:c2798, 90c45227-141f-43fe-b831-a2b91b39d6b0:c2798]
2019-07-14 06:25:59,030 INFO  client.GrpcClientProtocolClient (GrpcClientProtocolClient.java:onNext(255)) - client-D2340BF4DD29->f9fecd82-c7ae-483e-b259-6428f2dfb240: receive RaftClientReply:client-D2340BF4DD29->f9fecd82-c7ae-483e-b259-6428f2dfb240@group-7DE138E597A5, cid=1912, SUCCESS, logIndex=2803, commits[f9fecd82-c7ae-483e-b259-6428f2dfb240:c2804, adbfec77-7a0d-4773-aa56-ba0b778d0ab5:c2800, 90c45227-141f-43fe-b831-a2b91b39d6b0:c2800]
2019-07-14 06:25:59,031 INFO  client.GrpcClientProtocolClient (GrpcClientProtocolClient.java:onNext(255)) - client-D2340BF4DD29->f9fecd82-c7ae-483e-b259-6428f2dfb240: receive RaftClientReply:client-D2340BF4DD29->f9fecd82-c7ae-483e-b259-6428f2dfb240@group-7DE138E597A5, cid=1913, SUCCESS, logIndex=2804, commits[f9fecd82-c7ae-483e-b259-6428f2dfb240:c2804, adbfec77-7a0d-4773-aa56-ba0b778d0ab5:c2800, 90c45227-141f-43fe-b831-a2b91b39d6b0:c2800]
2019-07-14 06:25:59,051 INFO  client.GrpcClientProtocolClient (GrpcClientProtocolClient.java:onNext(255)) - client-D2340BF4DD29->f9fecd82-c7ae-483e-b259-6428f2dfb240: receive RaftClientReply:client-D2340BF4DD29->f9fecd82-c7ae-483e-b259-6428f2dfb240@group-7DE138E597A5, cid=1914, SUCCESS, logIndex=0, commits[f9fecd82-c7ae-483e-b259-6428f2dfb240:c2804, adbfec77-7a0d-4773-aa56-ba0b778d0ab5:c2804, 90c45227-141f-43fe-b831-a2b91b39d6b0:c2804]
2019-07-14 06:25:59,083 INFO  client.GrpcClientProtocolClient (GrpcClientProtocolClient.java:onNext(255)) - client-D2340BF4DD29->f9fecd82-c7ae-483e-b259-6428f2dfb240: receive RaftClientReply:client-D2340BF4DD29->f9fecd82-c7ae-483e-b259-6428f2dfb240@group-7DE138E597A5, cid=1915, SUCCESS, logIndex=2807, commits[f9fecd82-c7ae-483e-b259-6428f2dfb240:c2807, adbfec77-7a0d-4773-aa56-ba0b778d0ab5:c2806, 90c45227-141f-43fe-b831-a2b91b39d6b0:c2804]
2019-07-14 06:25:59,086 INFO  client.GrpcClientProtocolClient (GrpcClientProtocolClient.java:onNext(255)) - client-D2340BF4DD29->f9fecd82-c7ae-483e-b259-6428f2dfb240: receive RaftClientReply:client-D2340BF4DD29->f9fecd82-c7ae-483e-b259-6428f2dfb240@group-7DE138E597A5, cid=1916, SUCCESS, logIndex=2808, commits[f9fecd82-c7ae-483e-b259-6428f2dfb240:c2808, adbfec77-7a0d-4773-aa56-ba0b778d0ab5:c2806, 90c45227-141f-43fe-b831-a2b91b39d6b0:c2806]
2019-07-14 06:25:59,087 INFO  client.GrpcClientProtocolClient (GrpcClientProtocolClient.java:onNext(255)) - client-D2340BF4DD29->f9fecd82-c7ae-483e-b259-6428f2dfb240: receive RaftClientReply:client-D2340BF4DD29->f9fecd82-c7ae-483e-b259-6428f2dfb240@group-7DE138E597A5, cid=1917, SUCCESS, logIndex=2809, commits[f9fecd82-c7ae-483e-b259-6428f2dfb240:c2810, adbfec77-7a0d-4773-aa56-ba0b778d0ab5:c2806, 90c45227-141f-43fe-b831-a2b91b39d6b0:c2806]
2019-07-14 06:25:59,087 INFO  client.GrpcClientProtocolClient (GrpcClientProtocolClient.java:onNext(255)) - client-D2340BF4DD29->f9fecd82-c7ae-483e-b259-6428f2dfb240: receive RaftClientReply:client-D2340BF4DD29->f9fecd82-c7ae-483e-b259-6428f2dfb240@group-7DE138E597A5, cid=1918, SUCCESS, logIndex=2810, commits[f9fecd82-c7ae-483e-b259-6428f2dfb240:c2810, adbfec77-7a0d-4773-aa56-ba0b778d0ab5:c2806, 90c45227-141f-43fe-b831-a2b91b39d6b0:c2806]
2019-07-14 06:25:59,094 INFO  client.GrpcClientProtocolClient (GrpcClientProtocolClient.java:onNext(255)) - client-D2340BF4DD29->f9fecd82-c7ae-483e-b259-6428f2dfb240: receive RaftClientReply:client-D2340BF4DD29->f9fecd82-c7ae-483e-b259-6428f2dfb240@group-7DE138E597A5, cid=1919, SUCCESS, logIndex=0, commits[f9fecd82-c7ae-483e-b259-6428f2dfb240:c2812, adbfec77-7a0d-4773-aa56-ba0b778d0ab5:c2808, 90c45227-141f-43fe-b831-a2b91b39d6b0:c2808]
2019-07-14 06:25:59,111 INFO  client.GrpcClientProtocolClient (GrpcClientProtocolClient.java:onNext(255)) - client-D2340BF4DD29->f9fecd82-c7ae-483e-b259-6428f2dfb240: receive RaftClientReply:client-D2340BF4DD29->f9fecd82-c7ae-483e-b259-6428f2dfb240@group-7DE138E597A5, cid=1920, SUCCESS, logIndex=2815, commits[f9fecd82-c7ae-483e-b259-6428f2dfb240:c2816, adbfec77-7a0d-4773-aa56-ba0b778d0ab5:c2814, 90c45227-141f-43fe-b831-a2b91b39d6b0:c2814]
2019-07-14 06:25:59,111 INFO  client.GrpcClientProtocolClient (GrpcClientProtocolClient.java:onNext(255)) - client-D2340BF4DD29->f9fecd82-c7ae-483e-b259-6428f2dfb240: receive RaftClientReply:client-D2340BF4DD29->f9fecd82-c7ae-483e-b259-6428f2dfb240@group-7DE138E597A5, cid=1921, SUCCESS, logIndex=2816, commits[f9fecd82-c7ae-483e-b259-6428f2dfb240:c2816, adbfec77-7a0d-4773-aa56-ba0b778d0ab5:c2814, 90c45227-141f-43fe-b831-a2b91b39d6b0:c2814]
2019-07-14 06:25:59,124 INFO  client.GrpcClientProtocolClient (GrpcClientProtocolClient.java:onNext(255)) - client-D2340BF4DD29->f9fecd82-c7ae-483e-b259-6428f2dfb240: receive RaftClientReply:client-D2340BF4DD29->f9fecd82-c7ae-483e-b259-6428f2dfb240@group-7DE138E597A5, cid=1922, SUCCESS, logIndex=2819, commits[f9fecd82-c7ae-483e-b259-6428f2dfb240:c2819, adbfec77-7a0d-4773-aa56-ba0b778d0ab5:c2816, 90c45227-141f-43fe-b831-a2b91b39d6b0:c2816]
2019-07-14 06:25:59,125 INFO  client.GrpcClientProtocolClient (GrpcClientProtocolClient.java:onNext(255)) - client-D2340BF4DD29->f9fecd82-c7ae-483e-b259-6428f2dfb240: receive RaftClientReply:client-D2340BF4DD29->f9fecd82-c7ae-483e-b259-6428f2dfb240@group-7DE138E597A5, cid=1923, SUCCESS, logIndex=2820, commits[f9fecd82-c7ae-483e-b259-6428f2dfb240:c2820, adbfec77-7a0d-4773-aa56-ba0b778d0ab5:c2816, 90c45227-141f-43fe-b831-a2b91b39d6b0:c2816]
2019-07-14 06:25:59,137 INFO  client.GrpcClientProtocolClient (GrpcClientProtocolClient.java:onNext(255)) - client-D2340BF4DD29->f9fecd82-c7ae-483e-b259-6428f2dfb240: receive RaftClientReply:client-D2340BF4DD29->f9fecd82-c7ae-483e-b259-6428f2dfb240@group-7DE138E597A5, cid=1924, SUCCESS, logIndex=0, commits[f9fecd82-c7ae-483e-b259-6428f2dfb240:c2822, adbfec77-7a0d-4773-aa56-ba0b778d0ab5:c2820, 90c45227-141f-43fe-b831-a2b91b39d6b0:c2820]
2019-07-14 06:25:59,164 INFO  client.GrpcClientProtocolClient (GrpcClientProtocolClient.java:onNext(255)) - client-D2340BF4DD29->f9fecd82-c7ae-483e-b259-6428f2dfb240: receive RaftClientReply:client-D2340BF4DD29->f9fecd82-c7ae-483e-b259-6428f2dfb240@group-7DE138E597A5, cid=1925, SUCCESS, logIndex=2823, commits[f9fecd82-c7ae-483e-b259-6428f2dfb240:c2825, adbfec77-7a0d-4773-aa56-ba0b778d0ab5:c2822, 90c45227-141f-43fe-b831-a2b91b39d6b0:c2822]
2019-07-14 06:25:59,165 INFO  client.GrpcClientProtocolClient (GrpcClientProtocolClient.java:onNext(255)) - client-D2340BF4DD29->f9fecd82-c7ae-483e-b259-6428f2dfb240: receive RaftClientReply:client-D2340BF4DD29->f9fecd82-c7ae-483e-b259-6428f2dfb240@group-7DE138E597A5, cid=1926, SUCCESS, logIndex=2824, commits[f9fecd82-c7ae-483e-b259-6428f2dfb240:c2826, adbfec77-7a0d-4773-aa56-ba0b778d0ab5:c2822, 90c45227-141f-43fe-b831-a2b91b39d6b0:c2822]
2019-07-14 06:25:59,165 INFO  client.GrpcClientProtocolClient (GrpcClientProtocolClient.java:onNext(255)) - client-D2340BF4DD29->f9fecd82-c7ae-483e-b259-6428f2dfb240: receive RaftClientReply:client-D2340BF4DD29->f9fecd82-c7ae-483e-b259-6428f2dfb240@group-7DE138E597A5, cid=1927, SUCCESS, logIndex=2825, commits[f9fecd82-c7ae-483e-b259-6428f2dfb240:c2826, adbfec77-7a0d-4773-aa56-ba0b778d0ab5:c2822, 90c45227-141f-43fe-b831-a2b91b39d6b0:c2822]
2019-07-14 06:25:59,165 INFO  client.GrpcClientProtocolClient (GrpcClientProtocolClient.java:onNext(255)) - client-D2340BF4DD29->f9fecd82-c7ae-483e-b259-6428f2dfb240: receive RaftClientReply:client-D2340BF4DD29->f9fecd82-c7ae-483e-b259-6428f2dfb240@group-7DE138E597A5, cid=1928, SUCCESS, logIndex=2826, commits[f9fecd82-c7ae-483e-b259-6428f2dfb240:c2826, adbfec77-7a0d-4773-aa56-ba0b778d0ab5:c2822, 90c45227-141f-43fe-b831-a2b91b39d6b0:c2822]
2019-07-14 06:25:59,177 INFO  client.GrpcClientProtocolClient (GrpcClientProtocolClient.java:onNext(255)) - client-D2340BF4DD29->f9fecd82-c7ae-483e-b259-6428f2dfb240: receive RaftClientReply:client-D2340BF4DD29->f9fecd82-c7ae-483e-b259-6428f2dfb240@group-7DE138E597A5, cid=1929, SUCCESS, logIndex=0, commits[f9fecd82-c7ae-483e-b259-6428f2dfb240:c2830, adbfec77-7a0d-4773-aa56-ba0b778d0ab5:c2826, 90c45227-141f-43fe-b831-a2b91b39d6b0:c2824]
2019-07-14 06:25:59,196 INFO  client.GrpcClientProtocolClient (GrpcClientProtocolClient.java:onNext(255)) - client-D2340BF4DD29->f9fecd82-c7ae-483e-b259-6428f2dfb240: receive RaftClientReply:client-D2340BF4DD29->f9fecd82-c7ae-483e-b259-6428f2dfb240@group-7DE138E597A5, cid=1930, SUCCESS, logIndex=2831, commits[f9fecd82-c7ae-483e-b259-6428f2dfb240:c2832, adbfec77-7a0d-4773-aa56-ba0b778d0ab5:c2830, 90c45227-141f-43fe-b831-a2b91b39d6b0:c2830]
2019-07-14 06:25:59,196 INFO  client.GrpcClientProtocolClient (GrpcClientProtocolClient.java:onNext(255)) - client-D2340BF4DD29->f9fecd82-c7ae-483e-b259-6428f2dfb240: receive RaftClientReply:client-D2340BF4DD29->f9fecd82-c7ae-483e-b259-6428f2dfb240@group-7DE138E597A5, cid=1931, SUCCESS, logIndex=2832, commits[f9fecd82-c7ae-483e-b259-6428f2dfb240:c2832, adbfec77-7a0d-4773-aa56-ba0b778d0ab5:c2830, 90c45227-141f-43fe-b831-a2b91b39d6b0:c2830]
2019-07-14 06:25:59,211 INFO  client.GrpcClientProtocolClient (GrpcClientProtocolClient.java:onNext(255)) - client-D2340BF4DD29->f9fecd82-c7ae-483e-b259-6428f2dfb240: receive RaftClientReply:client-D2340BF4DD29->f9fecd82-c7ae-483e-b259-6428f2dfb240@group-7DE138E597A5, cid=1932, SUCCESS, logIndex=2835, commits[f9fecd82-c7ae-483e-b259-6428f2dfb240:c2836, adbfec77-7a0d-4773-aa56-ba0b778d0ab5:c2832, 90c45227-141f-43fe-b831-a2b91b39d6b0:c2832]
2019-07-14 06:25:59,212 INFO  client.GrpcClientProtocolClient (GrpcClientProtocolClient.java:onNext(255)) - client-D2340BF4DD29->f9fecd82-c7ae-483e-b259-6428f2dfb240: receive RaftClientReply:client-D2340BF4DD29->f9fecd82-c7ae-483e-b259-6428f2dfb240@group-7DE138E597A5, cid=1933, SUCCESS, logIndex=2836, commits[f9fecd82-c7ae-483e-b259-6428f2dfb240:c2836, adbfec77-7a0d-4773-aa56-ba0b778d0ab5:c2832, 90c45227-141f-43fe-b831-a2b91b39d6b0:c2832]
2019-07-14 06:25:59,216 INFO  client.GrpcClientProtocolClient (GrpcClientProtocolClient.java:onNext(255)) - client-D2340BF4DD29->f9fecd82-c7ae-483e-b259-6428f2dfb240: receive RaftClientReply:client-D2340BF4DD29->f9fecd82-c7ae-483e-b259-6428f2dfb240@group-7DE138E597A5, cid=1934, SUCCESS, logIndex=0, commits[f9fecd82-c7ae-483e-b259-6428f2dfb240:c2838, adbfec77-7a0d-4773-aa56-ba0b778d0ab5:c2836, 90c45227-141f-43fe-b831-a2b91b39d6b0:c2836]
2019-07-14 06:25:59,234 INFO  client.GrpcClientProtocolClient (GrpcClientProtocolClient.java:onNext(255)) - client-D2340BF4DD29->f9fecd82-c7ae-483e-b259-6428f2dfb240: receive RaftClientReply:client-D2340BF4DD29->f9fecd82-c7ae-483e-b259-6428f2dfb240@group-7DE138E597A5, cid=1935, SUCCESS, logIndex=2839, commits[f9fecd82-c7ae-483e-b259-6428f2dfb240:c2840, adbfec77-7a0d-4773-aa56-ba0b778d0ab5:c2838, 90c45227-141f-43fe-b831-a2b91b39d6b0:c2836]
2019-07-14 06:25:59,235 INFO  client.GrpcClientProtocolClient (GrpcClientProtocolClient.java:onNext(255)) - client-D2340BF4DD29->f9fecd82-c7ae-483e-b259-6428f2dfb240: receive RaftClientReply:client-D2340BF4DD29->f9fecd82-c7ae-483e-b259-6428f2dfb240@group-7DE138E597A5, cid=1936, SUCCESS, logIndex=2840, commits[f9fecd82-c7ae-483e-b259-6428f2dfb240:c2840, adbfec77-7a0d-4773-aa56-ba0b778d0ab5:c2838, 90c45227-141f-43fe-b831-a2b91b39d6b0:c2838]
2019-07-14 06:25:59,236 INFO  client.GrpcClientProtocolClient (GrpcClientProtocolClient.java:onNext(255)) - client-D2340BF4DD29->f9fecd82-c7ae-483e-b259-6428f2dfb240: receive RaftClientReply:client-D2340BF4DD29->f9fecd82-c7ae-483e-b259-6428f2dfb240@group-7DE138E597A5, cid=1937, SUCCESS, logIndex=2841, commits[f9fecd82-c7ae-483e-b259-6428f2dfb240:c2842, adbfec77-7a0d-4773-aa56-ba0b778d0ab5:c2838, 90c45227-141f-43fe-b831-a2b91b39d6b0:c2839]
2019-07-14 06:25:59,236 INFO  client.GrpcClientProtocolClient (GrpcClientProtocolClient.java:onNext(255)) - client-D2340BF4DD29->f9fecd82-c7ae-483e-b259-6428f2dfb240: receive RaftClientReply:client-D2340BF4DD29->f9fecd82-c7ae-483e-b259-6428f2dfb240@group-7DE138E597A5, cid=1938, SUCCESS, logIndex=2842, commits[f9fecd82-c7ae-483e-b259-6428f2dfb240:c2843, adbfec77-7a0d-4773-aa56-ba0b778d0ab5:c2838, 90c45227-141f-43fe-b831-a2b91b39d6b0:c2839]
2019-07-14 06:25:59,239 INFO  client.GrpcClientProtocolClient (GrpcClientProtocolClient.java:onNext(255)) - client-D2340BF4DD29->f9fecd82-c7ae-483e-b259-6428f2dfb240: receive RaftClientReply:client-D2340BF4DD29->f9fecd82-c7ae-483e-b259-6428f2dfb240@group-7DE138E597A5, cid=1939, SUCCESS, logIndex=0, commits[f9fecd82-c7ae-483e-b259-6428f2dfb240:c2844, adbfec77-7a0d-4773-aa56-ba0b778d0ab5:c2840, 90c45227-141f-43fe-b831-a2b91b39d6b0:c2840]
2019-07-14 06:25:59,268 INFO  client.GrpcClientProtocolClient (GrpcClientProtocolClient.java:onNext(255)) - client-D2340BF4DD29->f9fecd82-c7ae-483e-b259-6428f2dfb240: receive RaftClientReply:client-D2340BF4DD29->f9fecd82-c7ae-483e-b259-6428f2dfb240@group-7DE138E597A5, cid=1940, SUCCESS, logIndex=2847, commits[f9fecd82-c7ae-483e-b259-6428f2dfb240:c2848, adbfec77-7a0d-4773-aa56-ba0b778d0ab5:c2846, 90c45227-141f-43fe-b831-a2b91b39d6b0:c2846]
2019-07-14 06:25:59,268 INFO  client.GrpcClientProtocolClient (GrpcClientProtocolClient.java:onNext(255)) - client-D2340BF4DD29->f9fecd82-c7ae-483e-b259-6428f2dfb240: receive RaftClientReply:client-D2340BF4DD29->f9fecd82-c7ae-483e-b259-6428f2dfb240@group-7DE138E597A5, cid=1941, SUCCESS, logIndex=2848, commits[f9fecd82-c7ae-483e-b259-6428f2dfb240:c2848, adbfec77-7a0d-4773-aa56-ba0b778d0ab5:c2846, 90c45227-141f-43fe-b831-a2b91b39d6b0:c2846]
2019-07-14 06:25:59,292 INFO  client.GrpcClientProtocolClient (GrpcClientProtocolClient.java:onNext(255)) - client-D2340BF4DD29->f9fecd82-c7ae-483e-b259-6428f2dfb240: receive RaftClientReply:client-D2340BF4DD29->f9fecd82-c7ae-483e-b259-6428f2dfb240@group-7DE138E597A5, cid=1942, SUCCESS, logIndex=2851, commits[f9fecd82-c7ae-483e-b259-6428f2dfb240:c2851, adbfec77-7a0d-4773-aa56-ba0b778d0ab5:c2848, 90c45227-141f-43fe-b831-a2b91b39d6b0:c2848]
2019-07-14 06:25:59,293 INFO  client.GrpcClientProtocolClient (GrpcClientProtocolClient.java:onNext(255)) - client-D2340BF4DD29->f9fecd82-c7ae-483e-b259-6428f2dfb240: receive RaftClientReply:client-D2340BF4DD29->f9fecd82-c7ae-483e-b259-6428f2dfb240@group-7DE138E597A5, cid=1943, SUCCESS, logIndex=2852, commits[f9fecd82-c7ae-483e-b259-6428f2dfb240:c2852, adbfec77-7a0d-4773-aa56-ba0b778d0ab5:c2848, 90c45227-141f-43fe-b831-a2b91b39d6b0:c2848]
2019-07-14 06:25:59,305 INFO  client.GrpcClientProtocolClient (GrpcClientProtocolClient.java:onNext(255)) - client-D2340BF4DD29->f9fecd82-c7ae-483e-b259-6428f2dfb240: receive RaftClientReply:client-D2340BF4DD29->f9fecd82-c7ae-483e-b259-6428f2dfb240@group-7DE138E597A5, cid=1944, SUCCESS, logIndex=0, commits[f9fecd82-c7ae-483e-b259-6428f2dfb240:c2854, adbfec77-7a0d-4773-aa56-ba0b778d0ab5:c2852, 90c45227-141f-43fe-b831-a2b91b39d6b0:c2852]
2019-07-14 06:25:59,333 INFO  client.GrpcClientProtocolClient (GrpcClientProtocolClient.java:onNext(255)) - client-D2340BF4DD29->f9fecd82-c7ae-483e-b259-6428f2dfb240: receive RaftClientReply:client-D2340BF4DD29->f9fecd82-c7ae-483e-b259-6428f2dfb240@group-7DE138E597A5, cid=1945, SUCCESS, logIndex=2855, commits[f9fecd82-c7ae-483e-b259-6428f2dfb240:c2856, adbfec77-7a0d-4773-aa56-ba0b778d0ab5:c2854, 90c45227-141f-43fe-b831-a2b91b39d6b0:c2854]
2019-07-14 06:25:59,334 INFO  client.GrpcClientProtocolClient (GrpcClientProtocolClient.java:onNext(255)) - client-D2340BF4DD29->f9fecd82-c7ae-483e-b259-6428f2dfb240: receive RaftClientReply:client-D2340BF4DD29->f9fecd82-c7ae-483e-b259-6428f2dfb240@group-7DE138E597A5, cid=1946, SUCCESS, logIndex=2856, commits[f9fecd82-c7ae-483e-b259-6428f2dfb240:c2858, adbfec77-7a0d-4773-aa56-ba0b778d0ab5:c2854, 90c45227-141f-43fe-b831-a2b91b39d6b0:c2854]
2019-07-14 06:25:59,335 INFO  client.GrpcClientProtocolClient (GrpcClientProtocolClient.java:onNext(255)) - client-D2340BF4DD29->f9fecd82-c7ae-483e-b259-6428f2dfb240: receive RaftClientReply:client-D2340BF4DD29->f9fecd82-c7ae-483e-b259-6428f2dfb240@group-7DE138E597A5, cid=1947, SUCCESS, logIndex=2857, commits[f9fecd82-c7ae-483e-b259-6428f2dfb240:c2858, adbfec77-7a0d-4773-aa56-ba0b778d0ab5:c2854, 90c45227-141f-43fe-b831-a2b91b39d6b0:c2854]
2019-07-14 06:25:59,335 INFO  client.GrpcClientProtocolClient (GrpcClientProtocolClient.java:onNext(255)) - client-D2340BF4DD29->f9fecd82-c7ae-483e-b259-6428f2dfb240: receive RaftClientReply:client-D2340BF4DD29->f9fecd82-c7ae-483e-b259-6428f2dfb240@group-7DE138E597A5, cid=1948, SUCCESS, logIndex=2858, commits[f9fecd82-c7ae-483e-b259-6428f2dfb240:c2858, adbfec77-7a0d-4773-aa56-ba0b778d0ab5:c2854, 90c45227-141f-43fe-b831-a2b91b39d6b0:c2854]
2019-07-14 06:25:59,336 INFO  client.GrpcClientProtocolClient (GrpcClientProtocolClient.java:onNext(255)) - client-D2340BF4DD29->f9fecd82-c7ae-483e-b259-6428f2dfb240: receive RaftClientReply:client-D2340BF4DD29->f9fecd82-c7ae-483e-b259-6428f2dfb240@group-7DE138E597A5, cid=1949, SUCCESS, logIndex=0, commits[f9fecd82-c7ae-483e-b259-6428f2dfb240:c2860, adbfec77-7a0d-4773-aa56-ba0b778d0ab5:c2856, 90c45227-141f-43fe-b831-a2b91b39d6b0:c2856]
 0.00% |█                                                                                                    |  0/1 Time: 0:00:142019-07-14 06:25:59,859 INFO  client.GrpcClientProtocolClient (GrpcClientProtocolClient.java:onNext(255)) - client-D2340BF4DD29->f9fecd82-c7ae-483e-b259-6428f2dfb240: receive RaftClientReply:client-D2340BF4DD29->f9fecd82-c7ae-483e-b259-6428f2dfb240@group-7DE138E597A5, cid=1950, SUCCESS, logIndex=2862, commits[f9fecd82-c7ae-483e-b259-6428f2dfb240:c2863, adbfec77-7a0d-4773-aa56-ba0b778d0ab5:c2861, 90c45227-141f-43fe-b831-a2b91b39d6b0:c2861]
2019-07-14 06:25:59,859 INFO  client.GrpcClientProtocolClient (GrpcClientProtocolClient.java:onNext(255)) - client-D2340BF4DD29->f9fecd82-c7ae-483e-b259-6428f2dfb240: receive RaftClientReply:client-D2340BF4DD29->f9fecd82-c7ae-483e-b259-6428f2dfb240@group-7DE138E597A5, cid=1951, SUCCESS, logIndex=2863, commits[f9fecd82-c7ae-483e-b259-6428f2dfb240:c2863, adbfec77-7a0d-4773-aa56-ba0b778d0ab5:c2861, 90c45227-141f-43fe-b831-a2b91b39d6b0:c2861]
2019-07-14 06:25:59,875 INFO  client.GrpcClientProtocolClient (GrpcClientProtocolClient.java:onNext(255)) - client-D2340BF4DD29->f9fecd82-c7ae-483e-b259-6428f2dfb240: receive RaftClientReply:client-D2340BF4DD29->f9fecd82-c7ae-483e-b259-6428f2dfb240@group-7DE138E597A5, cid=1952, SUCCESS, logIndex=2866, commits[f9fecd82-c7ae-483e-b259-6428f2dfb240:c2866, adbfec77-7a0d-4773-aa56-ba0b778d0ab5:c2863, 90c45227-141f-43fe-b831-a2b91b39d6b0:c2863]
2019-07-14 06:25:59,875 INFO  client.GrpcClientProtocolClient (GrpcClientProtocolClient.java:onNext(255)) - client-D2340BF4DD29->f9fecd82-c7ae-483e-b259-6428f2dfb240: receive RaftClientReply:client-D2340BF4DD29->f9fecd82-c7ae-483e-b259-6428f2dfb240@group-7DE138E597A5, cid=1953, SUCCESS, logIndex=2867, commits[f9fecd82-c7ae-483e-b259-6428f2dfb240:c2867, adbfec77-7a0d-4773-aa56-ba0b778d0ab5:c2863, 90c45227-141f-43fe-b831-a2b91b39d6b0:c2863]
2019-07-14 06:25:59,889 INFO  client.GrpcClientProtocolClient (GrpcClientProtocolClient.java:onNext(255)) - client-D2340BF4DD29->f9fecd82-c7ae-483e-b259-6428f2dfb240: receive RaftClientReply:client-D2340BF4DD29->f9fecd82-c7ae-483e-b259-6428f2dfb240@group-7DE138E597A5, cid=1954, SUCCESS, logIndex=0, commits[f9fecd82-c7ae-483e-b259-6428f2dfb240:c2869, adbfec77-7a0d-4773-aa56-ba0b778d0ab5:c2867, 90c45227-141f-43fe-b831-a2b91b39d6b0:c2867]
2019-07-14 06:25:59,917 INFO  client.GrpcClientProtocolClient (GrpcClientProtocolClient.java:onNext(255)) - client-D2340BF4DD29->f9fecd82-c7ae-483e-b259-6428f2dfb240: receive RaftClientReply:client-D2340BF4DD29->f9fecd82-c7ae-483e-b259-6428f2dfb240@group-7DE138E597A5, cid=1955, SUCCESS, logIndex=2870, commits[f9fecd82-c7ae-483e-b259-6428f2dfb240:c2872, adbfec77-7a0d-4773-aa56-ba0b778d0ab5:c2869, 90c45227-141f-43fe-b831-a2b91b39d6b0:c2869]
2019-07-14 06:25:59,918 INFO  client.GrpcClientProtocolClient (GrpcClientProtocolClient.java:onNext(255)) - client-D2340BF4DD29->f9fecd82-c7ae-483e-b259-6428f2dfb240: receive RaftClientReply:client-D2340BF4DD29->f9fecd82-c7ae-483e-b259-6428f2dfb240@group-7DE138E597A5, cid=1956, SUCCESS, logIndex=2871, commits[f9fecd82-c7ae-483e-b259-6428f2dfb240:c2873, adbfec77-7a0d-4773-aa56-ba0b778d0ab5:c2869, 90c45227-141f-43fe-b831-a2b91b39d6b0:c2869]
2019-07-14 06:25:59,918 INFO  client.GrpcClientProtocolClient (GrpcClientProtocolClient.java:onNext(255)) - client-D2340BF4DD29->f9fecd82-c7ae-483e-b259-6428f2dfb240: receive RaftClientReply:client-D2340BF4DD29->f9fecd82-c7ae-483e-b259-6428f2dfb240@group-7DE138E597A5, cid=1957, SUCCESS, logIndex=2872, commits[f9fecd82-c7ae-483e-b259-6428f2dfb240:c2873, adbfec77-7a0d-4773-aa56-ba0b778d0ab5:c2869, 90c45227-141f-43fe-b831-a2b91b39d6b0:c2869]
2019-07-14 06:25:59,919 INFO  client.GrpcClientProtocolClient (GrpcClientProtocolClient.java:onNext(255)) - client-D2340BF4DD29->f9fecd82-c7ae-483e-b259-6428f2dfb240: receive RaftClientReply:client-D2340BF4DD29->f9fecd82-c7ae-483e-b259-6428f2dfb240@group-7DE138E597A5, cid=1958, SUCCESS, logIndex=2873, commits[f9fecd82-c7ae-483e-b259-6428f2dfb240:c2874, adbfec77-7a0d-4773-aa56-ba0b778d0ab5:c2870, 90c45227-141f-43fe-b831-a2b91b39d6b0:c2870]
2019-07-14 06:25:59,920 INFO  client.GrpcClientProtocolClient (GrpcClientProtocolClient.java:onNext(255)) - client-D2340BF4DD29->f9fecd82-c7ae-483e-b259-6428f2dfb240: receive RaftClientReply:client-D2340BF4DD29->f9fecd82-c7ae-483e-b259-6428f2dfb240@group-7DE138E597A5, cid=1959, SUCCESS, logIndex=0, commits[f9fecd82-c7ae-483e-b259-6428f2dfb240:c2876, adbfec77-7a0d-4773-aa56-ba0b778d0ab5:c2871, 90c45227-141f-43fe-b831-a2b91b39d6b0:c2873]
2019-07-14 06:25:59,939 INFO  client.GrpcClientProtocolClient (GrpcClientProtocolClient.java:onNext(255)) - client-D2340BF4DD29->f9fecd82-c7ae-483e-b259-6428f2dfb240: receive RaftClientReply:client-D2340BF4DD29->f9fecd82-c7ae-483e-b259-6428f2dfb240@group-7DE138E597A5, cid=1960, SUCCESS, logIndex=2878, commits[f9fecd82-c7ae-483e-b259-6428f2dfb240:c2879, adbfec77-7a0d-4773-aa56-ba0b778d0ab5:c2877, 90c45227-141f-43fe-b831-a2b91b39d6b0:c2877]
2019-07-14 06:25:59,939 INFO  client.GrpcClientProtocolClient (GrpcClientProtocolClient.java:onNext(255)) - client-D2340BF4DD29->f9fecd82-c7ae-483e-b259-6428f2dfb240: receive RaftClientReply:client-D2340BF4DD29->f9fecd82-c7ae-483e-b259-6428f2dfb240@group-7DE138E597A5, cid=1961, SUCCESS, logIndex=2879, commits[f9fecd82-c7ae-483e-b259-6428f2dfb240:c2879, adbfec77-7a0d-4773-aa56-ba0b778d0ab5:c2877, 90c45227-141f-43fe-b831-a2b91b39d6b0:c2877]
2019-07-14 06:25:59,953 INFO  client.GrpcClientProtocolClient (GrpcClientProtocolClient.java:onNext(255)) - client-D2340BF4DD29->f9fecd82-c7ae-483e-b259-6428f2dfb240: receive RaftClientReply:client-D2340BF4DD29->f9fecd82-c7ae-483e-b259-6428f2dfb240@group-7DE138E597A5, cid=1962, SUCCESS, logIndex=2882, commits[f9fecd82-c7ae-483e-b259-6428f2dfb240:c2883, adbfec77-7a0d-4773-aa56-ba0b778d0ab5:c2879, 90c45227-141f-43fe-b831-a2b91b39d6b0:c2879]
2019-07-14 06:25:59,954 INFO  client.GrpcClientProtocolClient (GrpcClientProtocolClient.java:onNext(255)) - client-D2340BF4DD29->f9fecd82-c7ae-483e-b259-6428f2dfb240: receive RaftClientReply:client-D2340BF4DD29->f9fecd82-c7ae-483e-b259-6428f2dfb240@group-7DE138E597A5, cid=1963, SUCCESS, logIndex=2883, commits[f9fecd82-c7ae-483e-b259-6428f2dfb240:c2883, adbfec77-7a0d-4773-aa56-ba0b778d0ab5:c2879, 90c45227-141f-43fe-b831-a2b91b39d6b0:c2879]
2019-07-14 06:25:59,968 INFO  client.GrpcClientProtocolClient (GrpcClientProtocolClient.java:onNext(255)) - client-D2340BF4DD29->f9fecd82-c7ae-483e-b259-6428f2dfb240: receive RaftClientReply:client-D2340BF4DD29->f9fecd82-c7ae-483e-b259-6428f2dfb240@group-7DE138E597A5, cid=1964, SUCCESS, logIndex=0, commits[f9fecd82-c7ae-483e-b259-6428f2dfb240:c2885, adbfec77-7a0d-4773-aa56-ba0b778d0ab5:c2883, 90c45227-141f-43fe-b831-a2b91b39d6b0:c2883]
2019-07-14 06:25:59,998 INFO  client.GrpcClientProtocolClient (GrpcClientProtocolClient.java:onNext(255)) - client-D2340BF4DD29->f9fecd82-c7ae-483e-b259-6428f2dfb240: receive RaftClientReply:client-D2340BF4DD29->f9fecd82-c7ae-483e-b259-6428f2dfb240@group-7DE138E597A5, cid=1965, SUCCESS, logIndex=2886, commits[f9fecd82-c7ae-483e-b259-6428f2dfb240:c2887, adbfec77-7a0d-4773-aa56-ba0b778d0ab5:c2885, 90c45227-141f-43fe-b831-a2b91b39d6b0:c2885]
2019-07-14 06:25:59,999 INFO  client.GrpcClientProtocolClient (GrpcClientProtocolClient.java:onNext(255)) - client-D2340BF4DD29->f9fecd82-c7ae-483e-b259-6428f2dfb240: receive RaftClientReply:client-D2340BF4DD29->f9fecd82-c7ae-483e-b259-6428f2dfb240@group-7DE138E597A5, cid=1966, SUCCESS, logIndex=2887, commits[f9fecd82-c7ae-483e-b259-6428f2dfb240:c2889, adbfec77-7a0d-4773-aa56-ba0b778d0ab5:c2885, 90c45227-141f-43fe-b831-a2b91b39d6b0:c2885]
2019-07-14 06:25:59,999 INFO  client.GrpcClientProtocolClient (GrpcClientProtocolClient.java:onNext(255)) - client-D2340BF4DD29->f9fecd82-c7ae-483e-b259-6428f2dfb240: receive RaftClientReply:client-D2340BF4DD29->f9fecd82-c7ae-483e-b259-6428f2dfb240@group-7DE138E597A5, cid=1967, SUCCESS, logIndex=2888, commits[f9fecd82-c7ae-483e-b259-6428f2dfb240:c2889, adbfec77-7a0d-4773-aa56-ba0b778d0ab5:c2885, 90c45227-141f-43fe-b831-a2b91b39d6b0:c2885]
2019-07-14 06:25:59,999 INFO  client.GrpcClientProtocolClient (GrpcClientProtocolClient.java:onNext(255)) - client-D2340BF4DD29->f9fecd82-c7ae-483e-b259-6428f2dfb240: receive RaftClientReply:client-D2340BF4DD29->f9fecd82-c7ae-483e-b259-6428f2dfb240@group-7DE138E597A5, cid=1968, SUCCESS, logIndex=2889, commits[f9fecd82-c7ae-483e-b259-6428f2dfb240:c2889, adbfec77-7a0d-4773-aa56-ba0b778d0ab5:c2885, 90c45227-141f-43fe-b831-a2b91b39d6b0:c2885]
2019-07-14 06:26:00,012 INFO  client.GrpcClientProtocolClient (GrpcClientProtocolClient.java:onNext(255)) - client-D2340BF4DD29->f9fecd82-c7ae-483e-b259-6428f2dfb240: receive RaftClientReply:client-D2340BF4DD29->f9fecd82-c7ae-483e-b259-6428f2dfb240@group-7DE138E597A5, cid=1969, SUCCESS, logIndex=0, commits[f9fecd82-c7ae-483e-b259-6428f2dfb240:c2891, adbfec77-7a0d-4773-aa56-ba0b778d0ab5:c2887, 90c45227-141f-43fe-b831-a2b91b39d6b0:c2887]
2019-07-14 06:26:00,032 INFO  client.GrpcClientProtocolClient (GrpcClientProtocolClient.java:onNext(255)) - client-D2340BF4DD29->f9fecd82-c7ae-483e-b259-6428f2dfb240: receive RaftClientReply:client-D2340BF4DD29->f9fecd82-c7ae-483e-b259-6428f2dfb240@group-7DE138E597A5, cid=1970, SUCCESS, logIndex=2894, commits[f9fecd82-c7ae-483e-b259-6428f2dfb240:c2895, adbfec77-7a0d-4773-aa56-ba0b778d0ab5:c2893, 90c45227-141f-43fe-b831-a2b91b39d6b0:c2893]
2019-07-14 06:26:00,032 INFO  client.GrpcClientProtocolClient (GrpcClientProtocolClient.java:onNext(255)) - client-D2340BF4DD29->f9fecd82-c7ae-483e-b259-6428f2dfb240: receive RaftClientReply:client-D2340BF4DD29->f9fecd82-c7ae-483e-b259-6428f2dfb240@group-7DE138E597A5, cid=1971, SUCCESS, logIndex=2895, commits[f9fecd82-c7ae-483e-b259-6428f2dfb240:c2895, adbfec77-7a0d-4773-aa56-ba0b778d0ab5:c2893, 90c45227-141f-43fe-b831-a2b91b39d6b0:c2893]
2019-07-14 06:26:00,087 INFO  client.GrpcClientProtocolClient (GrpcClientProtocolClient.java:onNext(255)) - client-D2340BF4DD29->f9fecd82-c7ae-483e-b259-6428f2dfb240: receive RaftClientReply:client-D2340BF4DD29->f9fecd82-c7ae-483e-b259-6428f2dfb240@group-7DE138E597A5, cid=1972, SUCCESS, logIndex=2898, commits[f9fecd82-c7ae-483e-b259-6428f2dfb240:c2899, adbfec77-7a0d-4773-aa56-ba0b778d0ab5:c2897, 90c45227-141f-43fe-b831-a2b91b39d6b0:c2897]
2019-07-14 06:26:00,088 INFO  client.GrpcClientProtocolClient (GrpcClientProtocolClient.java:onNext(255)) - client-D2340BF4DD29->f9fecd82-c7ae-483e-b259-6428f2dfb240: receive RaftClientReply:client-D2340BF4DD29->f9fecd82-c7ae-483e-b259-6428f2dfb240@group-7DE138E597A5, cid=1973, SUCCESS, logIndex=2899, commits[f9fecd82-c7ae-483e-b259-6428f2dfb240:c2899, adbfec77-7a0d-4773-aa56-ba0b778d0ab5:c2897, 90c45227-141f-43fe-b831-a2b91b39d6b0:c2897]
2019-07-14 06:26:00,099 INFO  client.GrpcClientProtocolClient (GrpcClientProtocolClient.java:onNext(255)) - client-D2340BF4DD29->f9fecd82-c7ae-483e-b259-6428f2dfb240: receive RaftClientReply:client-D2340BF4DD29->f9fecd82-c7ae-483e-b259-6428f2dfb240@group-7DE138E597A5, cid=1974, SUCCESS, logIndex=0, commits[f9fecd82-c7ae-483e-b259-6428f2dfb240:c2900, adbfec77-7a0d-4773-aa56-ba0b778d0ab5:c2899, 90c45227-141f-43fe-b831-a2b91b39d6b0:c2899]
2019-07-14 06:26:00,129 INFO  client.GrpcClientProtocolClient (GrpcClientProtocolClient.java:onNext(255)) - client-D2340BF4DD29->f9fecd82-c7ae-483e-b259-6428f2dfb240: receive RaftClientReply:client-D2340BF4DD29->f9fecd82-c7ae-483e-b259-6428f2dfb240@group-7DE138E597A5, cid=1975, SUCCESS, logIndex=2902, commits[f9fecd82-c7ae-483e-b259-6428f2dfb240:c2903, adbfec77-7a0d-4773-aa56-ba0b778d0ab5:c2901, 90c45227-141f-43fe-b831-a2b91b39d6b0:c2901]
2019-07-14 06:26:00,130 INFO  client.GrpcClientProtocolClient (GrpcClientProtocolClient.java:onNext(255)) - client-D2340BF4DD29->f9fecd82-c7ae-483e-b259-6428f2dfb240: receive RaftClientReply:client-D2340BF4DD29->f9fecd82-c7ae-483e-b259-6428f2dfb240@group-7DE138E597A5, cid=1976, SUCCESS, logIndex=2903, commits[f9fecd82-c7ae-483e-b259-6428f2dfb240:c2904, adbfec77-7a0d-4773-aa56-ba0b778d0ab5:c2901, 90c45227-141f-43fe-b831-a2b91b39d6b0:c2901]
2019-07-14 06:26:00,130 INFO  client.GrpcClientProtocolClient (GrpcClientProtocolClient.java:onNext(255)) - client-D2340BF4DD29->f9fecd82-c7ae-483e-b259-6428f2dfb240: receive RaftClientReply:client-D2340BF4DD29->f9fecd82-c7ae-483e-b259-6428f2dfb240@group-7DE138E597A5, cid=1977, SUCCESS, logIndex=2904, commits[f9fecd82-c7ae-483e-b259-6428f2dfb240:c2905, adbfec77-7a0d-4773-aa56-ba0b778d0ab5:c2901, 90c45227-141f-43fe-b831-a2b91b39d6b0:c2901]
2019-07-14 06:26:00,130 INFO  client.GrpcClientProtocolClient (GrpcClientProtocolClient.java:onNext(255)) - client-D2340BF4DD29->f9fecd82-c7ae-483e-b259-6428f2dfb240: receive RaftClientReply:client-D2340BF4DD29->f9fecd82-c7ae-483e-b259-6428f2dfb240@group-7DE138E597A5, cid=1978, SUCCESS, logIndex=2905, commits[f9fecd82-c7ae-483e-b259-6428f2dfb240:c2905, adbfec77-7a0d-4773-aa56-ba0b778d0ab5:c2901, 90c45227-141f-43fe-b831-a2b91b39d6b0:c2901]
2019-07-14 06:26:00,132 INFO  client.GrpcClientProtocolClient (GrpcClientProtocolClient.java:onNext(255)) - client-D2340BF4DD29->f9fecd82-c7ae-483e-b259-6428f2dfb240: receive RaftClientReply:client-D2340BF4DD29->f9fecd82-c7ae-483e-b259-6428f2dfb240@group-7DE138E597A5, cid=1979, SUCCESS, logIndex=0, commits[f9fecd82-c7ae-483e-b259-6428f2dfb240:c2908, adbfec77-7a0d-4773-aa56-ba0b778d0ab5:c2903, 90c45227-141f-43fe-b831-a2b91b39d6b0:c2904]
2019-07-14 06:26:00,151 INFO  client.GrpcClientProtocolClient (GrpcClientProtocolClient.java:onNext(255)) - client-D2340BF4DD29->f9fecd82-c7ae-483e-b259-6428f2dfb240: receive RaftClientReply:client-D2340BF4DD29->f9fecd82-c7ae-483e-b259-6428f2dfb240@group-7DE138E597A5, cid=1980, SUCCESS, logIndex=2910, commits[f9fecd82-c7ae-483e-b259-6428f2dfb240:c2911, adbfec77-7a0d-4773-aa56-ba0b778d0ab5:c2909, 90c45227-141f-43fe-b831-a2b91b39d6b0:c2909]
2019-07-14 06:26:00,152 INFO  client.GrpcClientProtocolClient (GrpcClientProtocolClient.java:onNext(255)) - client-D2340BF4DD29->f9fecd82-c7ae-483e-b259-6428f2dfb240: receive RaftClientReply:client-D2340BF4DD29->f9fecd82-c7ae-483e-b259-6428f2dfb240@group-7DE138E597A5, cid=1981, SUCCESS, logIndex=2911, commits[f9fecd82-c7ae-483e-b259-6428f2dfb240:c2911, adbfec77-7a0d-4773-aa56-ba0b778d0ab5:c2909, 90c45227-141f-43fe-b831-a2b91b39d6b0:c2909]
2019-07-14 06:26:00,165 INFO  client.GrpcClientProtocolClient (GrpcClientProtocolClient.java:onNext(255)) - client-D2340BF4DD29->f9fecd82-c7ae-483e-b259-6428f2dfb240: receive RaftClientReply:client-D2340BF4DD29->f9fecd82-c7ae-483e-b259-6428f2dfb240@group-7DE138E597A5, cid=1982, SUCCESS, logIndex=2914, commits[f9fecd82-c7ae-483e-b259-6428f2dfb240:c2915, adbfec77-7a0d-4773-aa56-ba0b778d0ab5:c2911, 90c45227-141f-43fe-b831-a2b91b39d6b0:c2911]
2019-07-14 06:26:00,165 INFO  client.GrpcClientProtocolClient (GrpcClientProtocolClient.java:onNext(255)) - client-D2340BF4DD29->f9fecd82-c7ae-483e-b259-6428f2dfb240: receive RaftClientReply:client-D2340BF4DD29->f9fecd82-c7ae-483e-b259-6428f2dfb240@group-7DE138E597A5, cid=1983, SUCCESS, logIndex=2915, commits[f9fecd82-c7ae-483e-b259-6428f2dfb240:c2915, adbfec77-7a0d-4773-aa56-ba0b778d0ab5:c2911, 90c45227-141f-43fe-b831-a2b91b39d6b0:c2911]
2019-07-14 06:26:00,179 INFO  client.GrpcClientProtocolClient (GrpcClientProtocolClient.java:onNext(255)) - client-D2340BF4DD29->f9fecd82-c7ae-483e-b259-6428f2dfb240: receive RaftClientReply:client-D2340BF4DD29->f9fecd82-c7ae-483e-b259-6428f2dfb240@group-7DE138E597A5, cid=1984, SUCCESS, logIndex=0, commits[f9fecd82-c7ae-483e-b259-6428f2dfb240:c2917, adbfec77-7a0d-4773-aa56-ba0b778d0ab5:c2915, 90c45227-141f-43fe-b831-a2b91b39d6b0:c2915]
2019-07-14 06:26:00,208 INFO  client.GrpcClientProtocolClient (GrpcClientProtocolClient.java:onNext(255)) - client-D2340BF4DD29->f9fecd82-c7ae-483e-b259-6428f2dfb240: receive RaftClientReply:client-D2340BF4DD29->f9fecd82-c7ae-483e-b259-6428f2dfb240@group-7DE138E597A5, cid=1985, SUCCESS, logIndex=2918, commits[f9fecd82-c7ae-483e-b259-6428f2dfb240:c2919, adbfec77-7a0d-4773-aa56-ba0b778d0ab5:c2917, 90c45227-141f-43fe-b831-a2b91b39d6b0:c2917]
2019-07-14 06:26:00,208 INFO  client.GrpcClientProtocolClient (GrpcClientProtocolClient.java:onNext(255)) - client-D2340BF4DD29->f9fecd82-c7ae-483e-b259-6428f2dfb240: receive RaftClientReply:client-D2340BF4DD29->f9fecd82-c7ae-483e-b259-6428f2dfb240@group-7DE138E597A5, cid=1986, SUCCESS, logIndex=2919, commits[f9fecd82-c7ae-483e-b259-6428f2dfb240:c2921, adbfec77-7a0d-4773-aa56-ba0b778d0ab5:c2917, 90c45227-141f-43fe-b831-a2b91b39d6b0:c2917]
2019-07-14 06:26:00,209 INFO  client.GrpcClientProtocolClient (GrpcClientProtocolClient.java:onNext(255)) - client-D2340BF4DD29->f9fecd82-c7ae-483e-b259-6428f2dfb240: receive RaftClientReply:client-D2340BF4DD29->f9fecd82-c7ae-483e-b259-6428f2dfb240@group-7DE138E597A5, cid=1987, SUCCESS, logIndex=2920, commits[f9fecd82-c7ae-483e-b259-6428f2dfb240:c2921, adbfec77-7a0d-4773-aa56-ba0b778d0ab5:c2917, 90c45227-141f-43fe-b831-a2b91b39d6b0:c2917]
2019-07-14 06:26:00,209 INFO  client.GrpcClientProtocolClient (GrpcClientProtocolClient.java:onNext(255)) - client-D2340BF4DD29->f9fecd82-c7ae-483e-b259-6428f2dfb240: receive RaftClientReply:client-D2340BF4DD29->f9fecd82-c7ae-483e-b259-6428f2dfb240@group-7DE138E597A5, cid=1988, SUCCESS, logIndex=2921, commits[f9fecd82-c7ae-483e-b259-6428f2dfb240:c2921, adbfec77-7a0d-4773-aa56-ba0b778d0ab5:c2917, 90c45227-141f-43fe-b831-a2b91b39d6b0:c2917]
2019-07-14 06:26:00,210 INFO  client.GrpcClientProtocolClient (GrpcClientProtocolClient.java:onNext(255)) - client-D2340BF4DD29->f9fecd82-c7ae-483e-b259-6428f2dfb240: receive RaftClientReply:client-D2340BF4DD29->f9fecd82-c7ae-483e-b259-6428f2dfb240@group-7DE138E597A5, cid=1989, SUCCESS, logIndex=0, commits[f9fecd82-c7ae-483e-b259-6428f2dfb240:c2923, adbfec77-7a0d-4773-aa56-ba0b778d0ab5:c2919, 90c45227-141f-43fe-b831-a2b91b39d6b0:c2919]
2019-07-14 06:26:00,231 INFO  client.GrpcClientProtocolClient (GrpcClientProtocolClient.java:onNext(255)) - client-D2340BF4DD29->f9fecd82-c7ae-483e-b259-6428f2dfb240: receive RaftClientReply:client-D2340BF4DD29->f9fecd82-c7ae-483e-b259-6428f2dfb240@group-7DE138E597A5, cid=1990, SUCCESS, logIndex=2925, commits[f9fecd82-c7ae-483e-b259-6428f2dfb240:c2926, adbfec77-7a0d-4773-aa56-ba0b778d0ab5:c2924, 90c45227-141f-43fe-b831-a2b91b39d6b0:c2924]
2019-07-14 06:26:00,231 INFO  client.GrpcClientProtocolClient (GrpcClientProtocolClient.java:onNext(255)) - client-D2340BF4DD29->f9fecd82-c7ae-483e-b259-6428f2dfb240: receive RaftClientReply:client-D2340BF4DD29->f9fecd82-c7ae-483e-b259-6428f2dfb240@group-7DE138E597A5, cid=1991, SUCCESS, logIndex=2926, commits[f9fecd82-c7ae-483e-b259-6428f2dfb240:c2926, adbfec77-7a0d-4773-aa56-ba0b778d0ab5:c2924, 90c45227-141f-43fe-b831-a2b91b39d6b0:c2924]
2019-07-14 06:26:00,244 INFO  client.GrpcClientProtocolClient (GrpcClientProtocolClient.java:onNext(255)) - client-D2340BF4DD29->f9fecd82-c7ae-483e-b259-6428f2dfb240: receive RaftClientReply:client-D2340BF4DD29->f9fecd82-c7ae-483e-b259-6428f2dfb240@group-7DE138E597A5, cid=1992, SUCCESS, logIndex=2929, commits[f9fecd82-c7ae-483e-b259-6428f2dfb240:c2930, adbfec77-7a0d-4773-aa56-ba0b778d0ab5:c2926, 90c45227-141f-43fe-b831-a2b91b39d6b0:c2926]
2019-07-14 06:26:00,244 INFO  client.GrpcClientProtocolClient (GrpcClientProtocolClient.java:onNext(255)) - client-D2340BF4DD29->f9fecd82-c7ae-483e-b259-6428f2dfb240: receive RaftClientReply:client-D2340BF4DD29->f9fecd82-c7ae-483e-b259-6428f2dfb240@group-7DE138E597A5, cid=1993, SUCCESS, logIndex=2930, commits[f9fecd82-c7ae-483e-b259-6428f2dfb240:c2930, adbfec77-7a0d-4773-aa56-ba0b778d0ab5:c2926, 90c45227-141f-43fe-b831-a2b91b39d6b0:c2926]
2019-07-14 06:26:00,258 INFO  client.GrpcClientProtocolClient (GrpcClientProtocolClient.java:onNext(255)) - client-D2340BF4DD29->f9fecd82-c7ae-483e-b259-6428f2dfb240: receive RaftClientReply:client-D2340BF4DD29->f9fecd82-c7ae-483e-b259-6428f2dfb240@group-7DE138E597A5, cid=1994, SUCCESS, logIndex=0, commits[f9fecd82-c7ae-483e-b259-6428f2dfb240:c2932, adbfec77-7a0d-4773-aa56-ba0b778d0ab5:c2930, 90c45227-141f-43fe-b831-a2b91b39d6b0:c2930]
2019-07-14 06:26:00,287 INFO  client.GrpcClientProtocolClient (GrpcClientProtocolClient.java:onNext(255)) - client-D2340BF4DD29->f9fecd82-c7ae-483e-b259-6428f2dfb240: receive RaftClientReply:client-D2340BF4DD29->f9fecd82-c7ae-483e-b259-6428f2dfb240@group-7DE138E597A5, cid=1995, SUCCESS, logIndex=2933, commits[f9fecd82-c7ae-483e-b259-6428f2dfb240:c2936, adbfec77-7a0d-4773-aa56-ba0b778d0ab5:c2932, 90c45227-141f-43fe-b831-a2b91b39d6b0:c2932]
2019-07-14 06:26:00,288 INFO  client.GrpcClientProtocolClient (GrpcClientProtocolClient.java:onNext(255)) - client-D2340BF4DD29->f9fecd82-c7ae-483e-b259-6428f2dfb240: receive RaftClientReply:client-D2340BF4DD29->f9fecd82-c7ae-483e-b259-6428f2dfb240@group-7DE138E597A5, cid=1996, SUCCESS, logIndex=2934, commits[f9fecd82-c7ae-483e-b259-6428f2dfb240:c2936, adbfec77-7a0d-4773-aa56-ba0b778d0ab5:c2932, 90c45227-141f-43fe-b831-a2b91b39d6b0:c2932]
2019-07-14 06:26:00,289 INFO  client.GrpcClientProtocolClient (GrpcClientProtocolClient.java:onNext(255)) - client-D2340BF4DD29->f9fecd82-c7ae-483e-b259-6428f2dfb240: receive RaftClientReply:client-D2340BF4DD29->f9fecd82-c7ae-483e-b259-6428f2dfb240@group-7DE138E597A5, cid=1997, SUCCESS, logIndex=2935, commits[f9fecd82-c7ae-483e-b259-6428f2dfb240:c2936, adbfec77-7a0d-4773-aa56-ba0b778d0ab5:c2932, 90c45227-141f-43fe-b831-a2b91b39d6b0:c2932]
2019-07-14 06:26:00,289 INFO  client.GrpcClientProtocolClient (GrpcClientProtocolClient.java:onNext(255)) - client-D2340BF4DD29->f9fecd82-c7ae-483e-b259-6428f2dfb240: receive RaftClientReply:client-D2340BF4DD29->f9fecd82-c7ae-483e-b259-6428f2dfb240@group-7DE138E597A5, cid=1998, SUCCESS, logIndex=2936, commits[f9fecd82-c7ae-483e-b259-6428f2dfb240:c2937, adbfec77-7a0d-4773-aa56-ba0b778d0ab5:c2933, 90c45227-141f-43fe-b831-a2b91b39d6b0:c2932]
2019-07-14 06:26:00,291 INFO  client.GrpcClientProtocolClient (GrpcClientProtocolClient.java:onNext(255)) - client-D2340BF4DD29->f9fecd82-c7ae-483e-b259-6428f2dfb240: receive RaftClientReply:client-D2340BF4DD29->f9fecd82-c7ae-483e-b259-6428f2dfb240@group-7DE138E597A5, cid=1999, SUCCESS, logIndex=0, commits[f9fecd82-c7ae-483e-b259-6428f2dfb240:c2940, adbfec77-7a0d-4773-aa56-ba0b778d0ab5:c2935, 90c45227-141f-43fe-b831-a2b91b39d6b0:c2936]
2019-07-14 06:26:00,313 INFO  client.GrpcClientProtocolClient (GrpcClientProtocolClient.java:onNext(255)) - client-D2340BF4DD29->f9fecd82-c7ae-483e-b259-6428f2dfb240: receive RaftClientReply:client-D2340BF4DD29->f9fecd82-c7ae-483e-b259-6428f2dfb240@group-7DE138E597A5, cid=2000, SUCCESS, logIndex=2941, commits[f9fecd82-c7ae-483e-b259-6428f2dfb240:c2941, adbfec77-7a0d-4773-aa56-ba0b778d0ab5:c2940, 90c45227-141f-43fe-b831-a2b91b39d6b0:c2940]
2019-07-14 06:26:00,314 INFO  client.GrpcClientProtocolClient (GrpcClientProtocolClient.java:onNext(255)) - client-D2340BF4DD29->f9fecd82-c7ae-483e-b259-6428f2dfb240: receive RaftClientReply:client-D2340BF4DD29->f9fecd82-c7ae-483e-b259-6428f2dfb240@group-7DE138E597A5, cid=2001, SUCCESS, logIndex=2942, commits[f9fecd82-c7ae-483e-b259-6428f2dfb240:c2942, adbfec77-7a0d-4773-aa56-ba0b778d0ab5:c2940, 90c45227-141f-43fe-b831-a2b91b39d6b0:c2940]
2019-07-14 06:26:00,326 INFO  client.GrpcClientProtocolClient (GrpcClientProtocolClient.java:onNext(255)) - client-D2340BF4DD29->f9fecd82-c7ae-483e-b259-6428f2dfb240: receive RaftClientReply:client-D2340BF4DD29->f9fecd82-c7ae-483e-b259-6428f2dfb240@group-7DE138E597A5, cid=2002, SUCCESS, logIndex=2945, commits[f9fecd82-c7ae-483e-b259-6428f2dfb240:c2946, adbfec77-7a0d-4773-aa56-ba0b778d0ab5:c2942, 90c45227-141f-43fe-b831-a2b91b39d6b0:c2942]
2019-07-14 06:26:00,326 INFO  client.GrpcClientProtocolClient (GrpcClientProtocolClient.java:onNext(255)) - client-D2340BF4DD29->f9fecd82-c7ae-483e-b259-6428f2dfb240: receive RaftClientReply:client-D2340BF4DD29->f9fecd82-c7ae-483e-b259-6428f2dfb240@group-7DE138E597A5, cid=2003, SUCCESS, logIndex=2946, commits[f9fecd82-c7ae-483e-b259-6428f2dfb240:c2946, adbfec77-7a0d-4773-aa56-ba0b778d0ab5:c2942, 90c45227-141f-43fe-b831-a2b91b39d6b0:c2942]
2019-07-14 06:26:00,342 INFO  client.GrpcClientProtocolClient (GrpcClientProtocolClient.java:onNext(255)) - client-D2340BF4DD29->f9fecd82-c7ae-483e-b259-6428f2dfb240: receive RaftClientReply:client-D2340BF4DD29->f9fecd82-c7ae-483e-b259-6428f2dfb240@group-7DE138E597A5, cid=2004, SUCCESS, logIndex=0, commits[f9fecd82-c7ae-483e-b259-6428f2dfb240:c2948, adbfec77-7a0d-4773-aa56-ba0b778d0ab5:c2946, 90c45227-141f-43fe-b831-a2b91b39d6b0:c2946]
2019-07-14 06:26:00,376 INFO  client.GrpcClientProtocolClient (GrpcClientProtocolClient.java:onNext(255)) - client-D2340BF4DD29->f9fecd82-c7ae-483e-b259-6428f2dfb240: receive RaftClientReply:client-D2340BF4DD29->f9fecd82-c7ae-483e-b259-6428f2dfb240@group-7DE138E597A5, cid=2005, SUCCESS, logIndex=2949, commits[f9fecd82-c7ae-483e-b259-6428f2dfb240:c2950, adbfec77-7a0d-4773-aa56-ba0b778d0ab5:c2948, 90c45227-141f-43fe-b831-a2b91b39d6b0:c2948]
2019-07-14 06:26:00,377 INFO  client.GrpcClientProtocolClient (GrpcClientProtocolClient.java:onNext(255)) - client-D2340BF4DD29->f9fecd82-c7ae-483e-b259-6428f2dfb240: receive RaftClientReply:client-D2340BF4DD29->f9fecd82-c7ae-483e-b259-6428f2dfb240@group-7DE138E597A5, cid=2006, SUCCESS, logIndex=2950, commits[f9fecd82-c7ae-483e-b259-6428f2dfb240:c2952, adbfec77-7a0d-4773-aa56-ba0b778d0ab5:c2948, 90c45227-141f-43fe-b831-a2b91b39d6b0:c2948]
2019-07-14 06:26:00,377 INFO  client.GrpcClientProtocolClient (GrpcClientProtocolClient.java:onNext(255)) - client-D2340BF4DD29->f9fecd82-c7ae-483e-b259-6428f2dfb240: receive RaftClientReply:client-D2340BF4DD29->f9fecd82-c7ae-483e-b259-6428f2dfb240@group-7DE138E597A5, cid=2007, SUCCESS, logIndex=2951, commits[f9fecd82-c7ae-483e-b259-6428f2dfb240:c2952, adbfec77-7a0d-4773-aa56-ba0b778d0ab5:c2948, 90c45227-141f-43fe-b831-a2b91b39d6b0:c2948]
2019-07-14 06:26:00,377 INFO  client.GrpcClientProtocolClient (GrpcClientProtocolClient.java:onNext(255)) - client-D2340BF4DD29->f9fecd82-c7ae-483e-b259-6428f2dfb240: receive RaftClientReply:client-D2340BF4DD29->f9fecd82-c7ae-483e-b259-6428f2dfb240@group-7DE138E597A5, cid=2008, SUCCESS, logIndex=2952, commits[f9fecd82-c7ae-483e-b259-6428f2dfb240:c2952, adbfec77-7a0d-4773-aa56-ba0b778d0ab5:c2948, 90c45227-141f-43fe-b831-a2b91b39d6b0:c2948]
2019-07-14 06:26:00,387 INFO  client.GrpcClientProtocolClient (GrpcClientProtocolClient.java:onNext(255)) - client-D2340BF4DD29->f9fecd82-c7ae-483e-b259-6428f2dfb240: receive RaftClientReply:client-D2340BF4DD29->f9fecd82-c7ae-483e-b259-6428f2dfb240@group-7DE138E597A5, cid=2009, SUCCESS, logIndex=0, commits[f9fecd82-c7ae-483e-b259-6428f2dfb240:c2954, adbfec77-7a0d-4773-aa56-ba0b778d0ab5:c2950, 90c45227-141f-43fe-b831-a2b91b39d6b0:c2950]
2019-07-14 06:26:00,407 INFO  client.GrpcClientProtocolClient (GrpcClientProtocolClient.java:onNext(255)) - client-D2340BF4DD29->f9fecd82-c7ae-483e-b259-6428f2dfb240: receive RaftClientReply:client-D2340BF4DD29->f9fecd82-c7ae-483e-b259-6428f2dfb240@group-7DE138E597A5, cid=2010, SUCCESS, logIndex=2957, commits[f9fecd82-c7ae-483e-b259-6428f2dfb240:c2958, adbfec77-7a0d-4773-aa56-ba0b778d0ab5:c2956, 90c45227-141f-43fe-b831-a2b91b39d6b0:c2956]
2019-07-14 06:26:00,408 INFO  client.GrpcClientProtocolClient (GrpcClientProtocolClient.java:onNext(255)) - client-D2340BF4DD29->f9fecd82-c7ae-483e-b259-6428f2dfb240: receive RaftClientReply:client-D2340BF4DD29->f9fecd82-c7ae-483e-b259-6428f2dfb240@group-7DE138E597A5, cid=2011, SUCCESS, logIndex=2958, commits[f9fecd82-c7ae-483e-b259-6428f2dfb240:c2958, adbfec77-7a0d-4773-aa56-ba0b778d0ab5:c2956, 90c45227-141f-43fe-b831-a2b91b39d6b0:c2956]
2019-07-14 06:26:00,419 INFO  client.GrpcClientProtocolClient (GrpcClientProtocolClient.java:onNext(255)) - client-D2340BF4DD29->f9fecd82-c7ae-483e-b259-6428f2dfb240: receive RaftClientReply:client-D2340BF4DD29->f9fecd82-c7ae-483e-b259-6428f2dfb240@group-7DE138E597A5, cid=2012, SUCCESS, logIndex=2961, commits[f9fecd82-c7ae-483e-b259-6428f2dfb240:c2962, adbfec77-7a0d-4773-aa56-ba0b778d0ab5:c2957, 90c45227-141f-43fe-b831-a2b91b39d6b0:c2958]
2019-07-14 06:26:00,420 INFO  client.GrpcClientProtocolClient (GrpcClientProtocolClient.java:onNext(255)) - client-D2340BF4DD29->f9fecd82-c7ae-483e-b259-6428f2dfb240: receive RaftClientReply:client-D2340BF4DD29->f9fecd82-c7ae-483e-b259-6428f2dfb240@group-7DE138E597A5, cid=2013, SUCCESS, logIndex=2962, commits[f9fecd82-c7ae-483e-b259-6428f2dfb240:c2962, adbfec77-7a0d-4773-aa56-ba0b778d0ab5:c2958, 90c45227-141f-43fe-b831-a2b91b39d6b0:c2958]
2019-07-14 06:26:00,423 INFO  client.GrpcClientProtocolClient (GrpcClientProtocolClient.java:onNext(255)) - client-D2340BF4DD29->f9fecd82-c7ae-483e-b259-6428f2dfb240: receive RaftClientReply:client-D2340BF4DD29->f9fecd82-c7ae-483e-b259-6428f2dfb240@group-7DE138E597A5, cid=2014, SUCCESS, logIndex=0, commits[f9fecd82-c7ae-483e-b259-6428f2dfb240:c2964, adbfec77-7a0d-4773-aa56-ba0b778d0ab5:c2962, 90c45227-141f-43fe-b831-a2b91b39d6b0:c2962]
2019-07-14 06:26:00,450 INFO  client.GrpcClientProtocolClient (GrpcClientProtocolClient.java:onNext(255)) - client-D2340BF4DD29->f9fecd82-c7ae-483e-b259-6428f2dfb240: receive RaftClientReply:client-D2340BF4DD29->f9fecd82-c7ae-483e-b259-6428f2dfb240@group-7DE138E597A5, cid=2015, SUCCESS, logIndex=2965, commits[f9fecd82-c7ae-483e-b259-6428f2dfb240:c2966, adbfec77-7a0d-4773-aa56-ba0b778d0ab5:c2964, 90c45227-141f-43fe-b831-a2b91b39d6b0:c2964]
2019-07-14 06:26:00,450 INFO  client.GrpcClientProtocolClient (GrpcClientProtocolClient.java:onNext(255)) - client-D2340BF4DD29->f9fecd82-c7ae-483e-b259-6428f2dfb240: receive RaftClientReply:client-D2340BF4DD29->f9fecd82-c7ae-483e-b259-6428f2dfb240@group-7DE138E597A5, cid=2016, SUCCESS, logIndex=2966, commits[f9fecd82-c7ae-483e-b259-6428f2dfb240:c2968, adbfec77-7a0d-4773-aa56-ba0b778d0ab5:c2964, 90c45227-141f-43fe-b831-a2b91b39d6b0:c2964]
2019-07-14 06:26:00,535 INFO  client.GrpcClientProtocolClient (GrpcClientProtocolClient.java:onNext(255)) - client-D2340BF4DD29->f9fecd82-c7ae-483e-b259-6428f2dfb240: receive RaftClientReply:client-D2340BF4DD29->f9fecd82-c7ae-483e-b259-6428f2dfb240@group-7DE138E597A5, cid=2017, SUCCESS, logIndex=2967, commits[f9fecd82-c7ae-483e-b259-6428f2dfb240:c2968, adbfec77-7a0d-4773-aa56-ba0b778d0ab5:c2964, 90c45227-141f-43fe-b831-a2b91b39d6b0:c2964]
2019-07-14 06:26:00,536 INFO  client.GrpcClientProtocolClient (GrpcClientProtocolClient.java:onNext(255)) - client-D2340BF4DD29->f9fecd82-c7ae-483e-b259-6428f2dfb240: receive RaftClientReply:client-D2340BF4DD29->f9fecd82-c7ae-483e-b259-6428f2dfb240@group-7DE138E597A5, cid=2018, SUCCESS, logIndex=2968, commits[f9fecd82-c7ae-483e-b259-6428f2dfb240:c2968, adbfec77-7a0d-4773-aa56-ba0b778d0ab5:c2964, 90c45227-141f-43fe-b831-a2b91b39d6b0:c2964]
2019-07-14 06:26:00,538 INFO  client.GrpcClientProtocolClient (GrpcClientProtocolClient.java:onNext(255)) - client-D2340BF4DD29->f9fecd82-c7ae-483e-b259-6428f2dfb240: receive RaftClientReply:client-D2340BF4DD29->f9fecd82-c7ae-483e-b259-6428f2dfb240@group-7DE138E597A5, cid=2019, SUCCESS, logIndex=0, commits[f9fecd82-c7ae-483e-b259-6428f2dfb240:c2970, adbfec77-7a0d-4773-aa56-ba0b778d0ab5:c2966, 90c45227-141f-43fe-b831-a2b91b39d6b0:c2966]
2019-07-14 06:26:00,567 INFO  client.GrpcClientProtocolClient (GrpcClientProtocolClient.java:onNext(255)) - client-D2340BF4DD29->f9fecd82-c7ae-483e-b259-6428f2dfb240: receive RaftClientReply:client-D2340BF4DD29->f9fecd82-c7ae-483e-b259-6428f2dfb240@group-7DE138E597A5, cid=2020, SUCCESS, logIndex=2973, commits[f9fecd82-c7ae-483e-b259-6428f2dfb240:c2974, adbfec77-7a0d-4773-aa56-ba0b778d0ab5:c2970, 90c45227-141f-43fe-b831-a2b91b39d6b0:c2970]
2019-07-14 06:26:00,567 INFO  client.GrpcClientProtocolClient (GrpcClientProtocolClient.java:onNext(255)) - client-D2340BF4DD29->f9fecd82-c7ae-483e-b259-6428f2dfb240: receive RaftClientReply:client-D2340BF4DD29->f9fecd82-c7ae-483e-b259-6428f2dfb240@group-7DE138E597A5, cid=2021, SUCCESS, logIndex=2974, commits[f9fecd82-c7ae-483e-b259-6428f2dfb240:c2974, adbfec77-7a0d-4773-aa56-ba0b778d0ab5:c2970, 90c45227-141f-43fe-b831-a2b91b39d6b0:c2970]
2019-07-14 06:26:00,599 INFO  client.GrpcClientProtocolClient (GrpcClientProtocolClient.java:onNext(255)) - client-D2340BF4DD29->f9fecd82-c7ae-483e-b259-6428f2dfb240: receive RaftClientReply:client-D2340BF4DD29->f9fecd82-c7ae-483e-b259-6428f2dfb240@group-7DE138E597A5, cid=2022, SUCCESS, logIndex=2977, commits[f9fecd82-c7ae-483e-b259-6428f2dfb240:c2978, adbfec77-7a0d-4773-aa56-ba0b778d0ab5:c2974, 90c45227-141f-43fe-b831-a2b91b39d6b0:c2974]
2019-07-14 06:26:00,600 INFO  client.GrpcClientProtocolClient (GrpcClientProtocolClient.java:onNext(255)) - client-D2340BF4DD29->f9fecd82-c7ae-483e-b259-6428f2dfb240: receive RaftClientReply:client-D2340BF4DD29->f9fecd82-c7ae-483e-b259-6428f2dfb240@group-7DE138E597A5, cid=2023, SUCCESS, logIndex=2978, commits[f9fecd82-c7ae-483e-b259-6428f2dfb240:c2978, adbfec77-7a0d-4773-aa56-ba0b778d0ab5:c2974, 90c45227-141f-43fe-b831-a2b91b39d6b0:c2974]
2019-07-14 06:26:00,612 INFO  client.GrpcClientProtocolClient (GrpcClientProtocolClient.java:onNext(255)) - client-D2340BF4DD29->f9fecd82-c7ae-483e-b259-6428f2dfb240: receive RaftClientReply:client-D2340BF4DD29->f9fecd82-c7ae-483e-b259-6428f2dfb240@group-7DE138E597A5, cid=2024, SUCCESS, logIndex=0, commits[f9fecd82-c7ae-483e-b259-6428f2dfb240:c2980, adbfec77-7a0d-4773-aa56-ba0b778d0ab5:c2978, 90c45227-141f-43fe-b831-a2b91b39d6b0:c2978]
2019-07-14 06:26:00,646 INFO  client.GrpcClientProtocolClient (GrpcClientProtocolClient.java:onNext(255)) - client-D2340BF4DD29->f9fecd82-c7ae-483e-b259-6428f2dfb240: receive RaftClientReply:client-D2340BF4DD29->f9fecd82-c7ae-483e-b259-6428f2dfb240@group-7DE138E597A5, cid=2025, SUCCESS, logIndex=2981, commits[f9fecd82-c7ae-483e-b259-6428f2dfb240:c2983, adbfec77-7a0d-4773-aa56-ba0b778d0ab5:c2980, 90c45227-141f-43fe-b831-a2b91b39d6b0:c2980]
2019-07-14 06:26:00,647 INFO  client.GrpcClientProtocolClient (GrpcClientProtocolClient.java:onNext(255)) - client-D2340BF4DD29->f9fecd82-c7ae-483e-b259-6428f2dfb240: receive RaftClientReply:client-D2340BF4DD29->f9fecd82-c7ae-483e-b259-6428f2dfb240@group-7DE138E597A5, cid=2026, SUCCESS, logIndex=2982, commits[f9fecd82-c7ae-483e-b259-6428f2dfb240:c2984, adbfec77-7a0d-4773-aa56-ba0b778d0ab5:c2980, 90c45227-141f-43fe-b831-a2b91b39d6b0:c2980]
2019-07-14 06:26:00,647 INFO  client.GrpcClientProtocolClient (GrpcClientProtocolClient.java:onNext(255)) - client-D2340BF4DD29->f9fecd82-c7ae-483e-b259-6428f2dfb240: receive RaftClientReply:client-D2340BF4DD29->f9fecd82-c7ae-483e-b259-6428f2dfb240@group-7DE138E597A5, cid=2027, SUCCESS, logIndex=2983, commits[f9fecd82-c7ae-483e-b259-6428f2dfb240:c2985, adbfec77-7a0d-4773-aa56-ba0b778d0ab5:c2981, 90c45227-141f-43fe-b831-a2b91b39d6b0:c2980]
2019-07-14 06:26:00,648 INFO  client.GrpcClientProtocolClient (GrpcClientProtocolClient.java:onNext(255)) - client-D2340BF4DD29->f9fecd82-c7ae-483e-b259-6428f2dfb240: receive RaftClientReply:client-D2340BF4DD29->f9fecd82-c7ae-483e-b259-6428f2dfb240@group-7DE138E597A5, cid=2028, SUCCESS, logIndex=2984, commits[f9fecd82-c7ae-483e-b259-6428f2dfb240:c2985, adbfec77-7a0d-4773-aa56-ba0b778d0ab5:c2981, 90c45227-141f-43fe-b831-a2b91b39d6b0:c2981]
2019-07-14 06:26:00,649 INFO  client.GrpcClientProtocolClient (GrpcClientProtocolClient.java:onNext(255)) - client-D2340BF4DD29->f9fecd82-c7ae-483e-b259-6428f2dfb240: receive RaftClientReply:client-D2340BF4DD29->f9fecd82-c7ae-483e-b259-6428f2dfb240@group-7DE138E597A5, cid=2029, SUCCESS, logIndex=0, commits[f9fecd82-c7ae-483e-b259-6428f2dfb240:c2988, adbfec77-7a0d-4773-aa56-ba0b778d0ab5:c2984, 90c45227-141f-43fe-b831-a2b91b39d6b0:c2984]
2019-07-14 06:26:00,671 INFO  client.GrpcClientProtocolClient (GrpcClientProtocolClient.java:onNext(255)) - client-D2340BF4DD29->f9fecd82-c7ae-483e-b259-6428f2dfb240: receive RaftClientReply:client-D2340BF4DD29->f9fecd82-c7ae-483e-b259-6428f2dfb240@group-7DE138E597A5, cid=2030, SUCCESS, logIndex=2989, commits[f9fecd82-c7ae-483e-b259-6428f2dfb240:c2990, adbfec77-7a0d-4773-aa56-ba0b778d0ab5:c2988, 90c45227-141f-43fe-b831-a2b91b39d6b0:c2988]
2019-07-14 06:26:00,671 INFO  client.GrpcClientProtocolClient (GrpcClientProtocolClient.java:onNext(255)) - client-D2340BF4DD29->f9fecd82-c7ae-483e-b259-6428f2dfb240: receive RaftClientReply:client-D2340BF4DD29->f9fecd82-c7ae-483e-b259-6428f2dfb240@group-7DE138E597A5, cid=2031, SUCCESS, logIndex=2990, commits[f9fecd82-c7ae-483e-b259-6428f2dfb240:c2990, adbfec77-7a0d-4773-aa56-ba0b778d0ab5:c2988, 90c45227-141f-43fe-b831-a2b91b39d6b0:c2988]
2019-07-14 06:26:00,696 INFO  client.GrpcClientProtocolClient (GrpcClientProtocolClient.java:onNext(255)) - client-D2340BF4DD29->f9fecd82-c7ae-483e-b259-6428f2dfb240: receive RaftClientReply:client-D2340BF4DD29->f9fecd82-c7ae-483e-b259-6428f2dfb240@group-7DE138E597A5, cid=2032, SUCCESS, logIndex=2993, commits[f9fecd82-c7ae-483e-b259-6428f2dfb240:c2994, adbfec77-7a0d-4773-aa56-ba0b778d0ab5:c2990, 90c45227-141f-43fe-b831-a2b91b39d6b0:c2990]
2019-07-14 06:26:00,696 INFO  client.GrpcClientProtocolClient (GrpcClientProtocolClient.java:onNext(255)) - client-D2340BF4DD29->f9fecd82-c7ae-483e-b259-6428f2dfb240: receive RaftClientReply:client-D2340BF4DD29->f9fecd82-c7ae-483e-b259-6428f2dfb240@group-7DE138E597A5, cid=2033, SUCCESS, logIndex=2994, commits[f9fecd82-c7ae-483e-b259-6428f2dfb240:c2994, adbfec77-7a0d-4773-aa56-ba0b778d0ab5:c2990, 90c45227-141f-43fe-b831-a2b91b39d6b0:c2990]
2019-07-14 06:26:00,707 INFO  client.GrpcClientProtocolClient (GrpcClientProtocolClient.java:onNext(255)) - client-D2340BF4DD29->f9fecd82-c7ae-483e-b259-6428f2dfb240: receive RaftClientReply:client-D2340BF4DD29->f9fecd82-c7ae-483e-b259-6428f2dfb240@group-7DE138E597A5, cid=2034, SUCCESS, logIndex=0, commits[f9fecd82-c7ae-483e-b259-6428f2dfb240:c2995, adbfec77-7a0d-4773-aa56-ba0b778d0ab5:c2994, 90c45227-141f-43fe-b831-a2b91b39d6b0:c2994]
2019-07-14 06:26:00,737 INFO  client.GrpcClientProtocolClient (GrpcClientProtocolClient.java:onNext(255)) - client-D2340BF4DD29->f9fecd82-c7ae-483e-b259-6428f2dfb240: receive RaftClientReply:client-D2340BF4DD29->f9fecd82-c7ae-483e-b259-6428f2dfb240@group-7DE138E597A5, cid=2035, SUCCESS, logIndex=2997, commits[f9fecd82-c7ae-483e-b259-6428f2dfb240:c2998, adbfec77-7a0d-4773-aa56-ba0b778d0ab5:c2996, 90c45227-141f-43fe-b831-a2b91b39d6b0:c2996]
2019-07-14 06:26:00,738 INFO  client.GrpcClientProtocolClient (GrpcClientProtocolClient.java:onNext(255)) - client-D2340BF4DD29->f9fecd82-c7ae-483e-b259-6428f2dfb240: receive RaftClientReply:client-D2340BF4DD29->f9fecd82-c7ae-483e-b259-6428f2dfb240@group-7DE138E597A5, cid=2036, SUCCESS, logIndex=2998, commits[f9fecd82-c7ae-483e-b259-6428f2dfb240:c3000, adbfec77-7a0d-4773-aa56-ba0b778d0ab5:c2996, 90c45227-141f-43fe-b831-a2b91b39d6b0:c2996]
2019-07-14 06:26:00,738 INFO  client.GrpcClientProtocolClient (GrpcClientProtocolClient.java:onNext(255)) - client-D2340BF4DD29->f9fecd82-c7ae-483e-b259-6428f2dfb240: receive RaftClientReply:client-D2340BF4DD29->f9fecd82-c7ae-483e-b259-6428f2dfb240@group-7DE138E597A5, cid=2037, SUCCESS, logIndex=2999, commits[f9fecd82-c7ae-483e-b259-6428f2dfb240:c3001, adbfec77-7a0d-4773-aa56-ba0b778d0ab5:c2996, 90c45227-141f-43fe-b831-a2b91b39d6b0:c2997]
2019-07-14 06:26:00,739 INFO  client.GrpcClientProtocolClient (GrpcClientProtocolClient.java:onNext(255)) - client-D2340BF4DD29->f9fecd82-c7ae-483e-b259-6428f2dfb240: receive RaftClientReply:client-D2340BF4DD29->f9fecd82-c7ae-483e-b259-6428f2dfb240@group-7DE138E597A5, cid=2038, SUCCESS, logIndex=3000, commits[f9fecd82-c7ae-483e-b259-6428f2dfb240:c3001, adbfec77-7a0d-4773-aa56-ba0b778d0ab5:c2997, 90c45227-141f-43fe-b831-a2b91b39d6b0:c2997]
2019-07-14 06:26:00,740 INFO  client.GrpcClientProtocolClient (GrpcClientProtocolClient.java:onNext(255)) - client-D2340BF4DD29->f9fecd82-c7ae-483e-b259-6428f2dfb240: receive RaftClientReply:client-D2340BF4DD29->f9fecd82-c7ae-483e-b259-6428f2dfb240@group-7DE138E597A5, cid=2039, SUCCESS, logIndex=0, commits[f9fecd82-c7ae-483e-b259-6428f2dfb240:c3004, adbfec77-7a0d-4773-aa56-ba0b778d0ab5:c2998, 90c45227-141f-43fe-b831-a2b91b39d6b0:c3000]
2019-07-14 06:26:00,752 INFO  client.GrpcClientProtocolClient (GrpcClientProtocolClient.java:onNext(255)) - client-D2340BF4DD29->f9fecd82-c7ae-483e-b259-6428f2dfb240: receive RaftClientReply:client-D2340BF4DD29->f9fecd82-c7ae-483e-b259-6428f2dfb240@group-7DE138E597A5, cid=2040, SUCCESS, logIndex=3005, commits[f9fecd82-c7ae-483e-b259-6428f2dfb240:c3006, adbfec77-7a0d-4773-aa56-ba0b778d0ab5:c3000, 90c45227-141f-43fe-b831-a2b91b39d6b0:c3004]
2019-07-14 06:26:00,752 INFO  client.GrpcClientProtocolClient (GrpcClientProtocolClient.java:onNext(255)) - client-D2340BF4DD29->f9fecd82-c7ae-483e-b259-6428f2dfb240: receive RaftClientReply:client-D2340BF4DD29->f9fecd82-c7ae-483e-b259-6428f2dfb240@group-7DE138E597A5, cid=2041, SUCCESS, logIndex=3006, commits[f9fecd82-c7ae-483e-b259-6428f2dfb240:c3006, adbfec77-7a0d-4773-aa56-ba0b778d0ab5:c3004, 90c45227-141f-43fe-b831-a2b91b39d6b0:c3004]
2019-07-14 06:26:00,770 INFO  client.GrpcClientProtocolClient (GrpcClientProtocolClient.java:onNext(255)) - client-D2340BF4DD29->f9fecd82-c7ae-483e-b259-6428f2dfb240: receive RaftClientReply:client-D2340BF4DD29->f9fecd82-c7ae-483e-b259-6428f2dfb240@group-7DE138E597A5, cid=2042, SUCCESS, logIndex=3009, commits[f9fecd82-c7ae-483e-b259-6428f2dfb240:c3010, adbfec77-7a0d-4773-aa56-ba0b778d0ab5:c3007, 90c45227-141f-43fe-b831-a2b91b39d6b0:c3007]
2019-07-14 06:26:00,770 INFO  client.GrpcClientProtocolClient (GrpcClientProtocolClient.java:onNext(255)) - client-D2340BF4DD29->f9fecd82-c7ae-483e-b259-6428f2dfb240: receive RaftClientReply:client-D2340BF4DD29->f9fecd82-c7ae-483e-b259-6428f2dfb240@group-7DE138E597A5, cid=2043, SUCCESS, logIndex=3010, commits[f9fecd82-c7ae-483e-b259-6428f2dfb240:c3010, adbfec77-7a0d-4773-aa56-ba0b778d0ab5:c3007, 90c45227-141f-43fe-b831-a2b91b39d6b0:c3007]
2019-07-14 06:26:00,775 INFO  client.GrpcClientProtocolClient (GrpcClientProtocolClient.java:onNext(255)) - client-D2340BF4DD29->f9fecd82-c7ae-483e-b259-6428f2dfb240: receive RaftClientReply:client-D2340BF4DD29->f9fecd82-c7ae-483e-b259-6428f2dfb240@group-7DE138E597A5, cid=2044, SUCCESS, logIndex=0, commits[f9fecd82-c7ae-483e-b259-6428f2dfb240:c3012, adbfec77-7a0d-4773-aa56-ba0b778d0ab5:c3010, 90c45227-141f-43fe-b831-a2b91b39d6b0:c3010]
2019-07-14 06:26:00,797 INFO  client.GrpcClientProtocolClient (GrpcClientProtocolClient.java:onNext(255)) - client-D2340BF4DD29->f9fecd82-c7ae-483e-b259-6428f2dfb240: receive RaftClientReply:client-D2340BF4DD29->f9fecd82-c7ae-483e-b259-6428f2dfb240@group-7DE138E597A5, cid=2045, SUCCESS, logIndex=3013, commits[f9fecd82-c7ae-483e-b259-6428f2dfb240:c3015, adbfec77-7a0d-4773-aa56-ba0b778d0ab5:c3012, 90c45227-141f-43fe-b831-a2b91b39d6b0:c3010]
2019-07-14 06:26:00,798 INFO  client.GrpcClientProtocolClient (GrpcClientProtocolClient.java:onNext(255)) - client-D2340BF4DD29->f9fecd82-c7ae-483e-b259-6428f2dfb240: receive RaftClientReply:client-D2340BF4DD29->f9fecd82-c7ae-483e-b259-6428f2dfb240@group-7DE138E597A5, cid=2046, SUCCESS, logIndex=3014, commits[f9fecd82-c7ae-483e-b259-6428f2dfb240:c3016, adbfec77-7a0d-4773-aa56-ba0b778d0ab5:c3012, 90c45227-141f-43fe-b831-a2b91b39d6b0:c3012]
2019-07-14 06:26:00,798 INFO  client.GrpcClientProtocolClient (GrpcClientProtocolClient.java:onNext(255)) - client-D2340BF4DD29->f9fecd82-c7ae-483e-b259-6428f2dfb240: receive RaftClientReply:client-D2340BF4DD29->f9fecd82-c7ae-483e-b259-6428f2dfb240@group-7DE138E597A5, cid=2047, SUCCESS, logIndex=3015, commits[f9fecd82-c7ae-483e-b259-6428f2dfb240:c3017, adbfec77-7a0d-4773-aa56-ba0b778d0ab5:c3013, 90c45227-141f-43fe-b831-a2b91b39d6b0:c3012]
2019-07-14 06:26:00,798 INFO  client.GrpcClientProtocolClient (GrpcClientProtocolClient.java:onNext(255)) - client-D2340BF4DD29->f9fecd82-c7ae-483e-b259-6428f2dfb240: receive RaftClientReply:client-D2340BF4DD29->f9fecd82-c7ae-483e-b259-6428f2dfb240@group-7DE138E597A5, cid=2048, SUCCESS, logIndex=3016, commits[f9fecd82-c7ae-483e-b259-6428f2dfb240:c3017, adbfec77-7a0d-4773-aa56-ba0b778d0ab5:c3013, 90c45227-141f-43fe-b831-a2b91b39d6b0:c3012]
2019-07-14 06:26:00,801 INFO  client.GrpcClientProtocolClient (GrpcClientProtocolClient.java:onNext(255)) - client-D2340BF4DD29->f9fecd82-c7ae-483e-b259-6428f2dfb240: receive RaftClientReply:client-D2340BF4DD29->f9fecd82-c7ae-483e-b259-6428f2dfb240@group-7DE138E597A5, cid=2049, SUCCESS, logIndex=0, commits[f9fecd82-c7ae-483e-b259-6428f2dfb240:c3019, adbfec77-7a0d-4773-aa56-ba0b778d0ab5:c3014, 90c45227-141f-43fe-b831-a2b91b39d6b0:c3015]
2019-07-14 06:26:00,834 INFO  client.GrpcClientProtocolClient (GrpcClientProtocolClient.java:onNext(255)) - client-D2340BF4DD29->f9fecd82-c7ae-483e-b259-6428f2dfb240: receive RaftClientReply:client-D2340BF4DD29->f9fecd82-c7ae-483e-b259-6428f2dfb240@group-7DE138E597A5, cid=2050, SUCCESS, logIndex=3021, commits[f9fecd82-c7ae-483e-b259-6428f2dfb240:c3022, adbfec77-7a0d-4773-aa56-ba0b778d0ab5:c3020, 90c45227-141f-43fe-b831-a2b91b39d6b0:c3016]
2019-07-14 06:26:00,834 INFO  client.GrpcClientProtocolClient (GrpcClientProtocolClient.java:onNext(255)) - client-D2340BF4DD29->f9fecd82-c7ae-483e-b259-6428f2dfb240: receive RaftClientReply:client-D2340BF4DD29->f9fecd82-c7ae-483e-b259-6428f2dfb240@group-7DE138E597A5, cid=2051, SUCCESS, logIndex=3022, commits[f9fecd82-c7ae-483e-b259-6428f2dfb240:c3022, adbfec77-7a0d-4773-aa56-ba0b778d0ab5:c3020, 90c45227-141f-43fe-b831-a2b91b39d6b0:c3020]
 0.00% |█                                                                                                    |  0/1 Time: 0:00:152019-07-14 06:26:00,848 INFO  client.GrpcClientProtocolClient (GrpcClientProtocolClient.java:onNext(255)) - client-D2340BF4DD29->f9fecd82-c7ae-483e-b259-6428f2dfb240: receive RaftClientReply:client-D2340BF4DD29->f9fecd82-c7ae-483e-b259-6428f2dfb240@group-7DE138E597A5, cid=2052, SUCCESS, logIndex=3025, commits[f9fecd82-c7ae-483e-b259-6428f2dfb240:c3025, adbfec77-7a0d-4773-aa56-ba0b778d0ab5:c3022, 90c45227-141f-43fe-b831-a2b91b39d6b0:c3023]
2019-07-14 06:26:00,848 INFO  client.GrpcClientProtocolClient (GrpcClientProtocolClient.java:onNext(255)) - client-D2340BF4DD29->f9fecd82-c7ae-483e-b259-6428f2dfb240: receive RaftClientReply:client-D2340BF4DD29->f9fecd82-c7ae-483e-b259-6428f2dfb240@group-7DE138E597A5, cid=2053, SUCCESS, logIndex=3026, commits[f9fecd82-c7ae-483e-b259-6428f2dfb240:c3026, adbfec77-7a0d-4773-aa56-ba0b778d0ab5:c3022, 90c45227-141f-43fe-b831-a2b91b39d6b0:c3023]
2019-07-14 06:26:00,863 INFO  client.GrpcClientProtocolClient (GrpcClientProtocolClient.java:onNext(255)) - client-D2340BF4DD29->f9fecd82-c7ae-483e-b259-6428f2dfb240: receive RaftClientReply:client-D2340BF4DD29->f9fecd82-c7ae-483e-b259-6428f2dfb240@group-7DE138E597A5, cid=2054, SUCCESS, logIndex=0, commits[f9fecd82-c7ae-483e-b259-6428f2dfb240:c3028, adbfec77-7a0d-4773-aa56-ba0b778d0ab5:c3026, 90c45227-141f-43fe-b831-a2b91b39d6b0:c3026]
2019-07-14 06:26:00,895 INFO  client.GrpcClientProtocolClient (GrpcClientProtocolClient.java:onNext(255)) - client-D2340BF4DD29->f9fecd82-c7ae-483e-b259-6428f2dfb240: receive RaftClientReply:client-D2340BF4DD29->f9fecd82-c7ae-483e-b259-6428f2dfb240@group-7DE138E597A5, cid=2055, SUCCESS, logIndex=3029, commits[f9fecd82-c7ae-483e-b259-6428f2dfb240:c3031, adbfec77-7a0d-4773-aa56-ba0b778d0ab5:c3028, 90c45227-141f-43fe-b831-a2b91b39d6b0:c3028]
2019-07-14 06:26:00,895 INFO  client.GrpcClientProtocolClient (GrpcClientProtocolClient.java:onNext(255)) - client-D2340BF4DD29->f9fecd82-c7ae-483e-b259-6428f2dfb240: receive RaftClientReply:client-D2340BF4DD29->f9fecd82-c7ae-483e-b259-6428f2dfb240@group-7DE138E597A5, cid=2056, SUCCESS, logIndex=3030, commits[f9fecd82-c7ae-483e-b259-6428f2dfb240:c3032, adbfec77-7a0d-4773-aa56-ba0b778d0ab5:c3028, 90c45227-141f-43fe-b831-a2b91b39d6b0:c3028]
2019-07-14 06:26:00,896 INFO  client.GrpcClientProtocolClient (GrpcClientProtocolClient.java:onNext(255)) - client-D2340BF4DD29->f9fecd82-c7ae-483e-b259-6428f2dfb240: receive RaftClientReply:client-D2340BF4DD29->f9fecd82-c7ae-483e-b259-6428f2dfb240@group-7DE138E597A5, cid=2057, SUCCESS, logIndex=3031, commits[f9fecd82-c7ae-483e-b259-6428f2dfb240:c3032, adbfec77-7a0d-4773-aa56-ba0b778d0ab5:c3028, 90c45227-141f-43fe-b831-a2b91b39d6b0:c3028]
2019-07-14 06:26:00,896 INFO  client.GrpcClientProtocolClient (GrpcClientProtocolClient.java:onNext(255)) - client-D2340BF4DD29->f9fecd82-c7ae-483e-b259-6428f2dfb240: receive RaftClientReply:client-D2340BF4DD29->f9fecd82-c7ae-483e-b259-6428f2dfb240@group-7DE138E597A5, cid=2058, SUCCESS, logIndex=3032, commits[f9fecd82-c7ae-483e-b259-6428f2dfb240:c3032, adbfec77-7a0d-4773-aa56-ba0b778d0ab5:c3028, 90c45227-141f-43fe-b831-a2b91b39d6b0:c3028]
2019-07-14 06:26:00,907 INFO  client.GrpcClientProtocolClient (GrpcClientProtocolClient.java:onNext(255)) - client-D2340BF4DD29->f9fecd82-c7ae-483e-b259-6428f2dfb240: receive RaftClientReply:client-D2340BF4DD29->f9fecd82-c7ae-483e-b259-6428f2dfb240@group-7DE138E597A5, cid=2059, SUCCESS, logIndex=0, commits[f9fecd82-c7ae-483e-b259-6428f2dfb240:c3035, adbfec77-7a0d-4773-aa56-ba0b778d0ab5:c3031, 90c45227-141f-43fe-b831-a2b91b39d6b0:c3030]
2019-07-14 06:26:00,927 INFO  client.GrpcClientProtocolClient (GrpcClientProtocolClient.java:onNext(255)) - client-D2340BF4DD29->f9fecd82-c7ae-483e-b259-6428f2dfb240: receive RaftClientReply:client-D2340BF4DD29->f9fecd82-c7ae-483e-b259-6428f2dfb240@group-7DE138E597A5, cid=2060, SUCCESS, logIndex=3037, commits[f9fecd82-c7ae-483e-b259-6428f2dfb240:c3038, adbfec77-7a0d-4773-aa56-ba0b778d0ab5:c3036, 90c45227-141f-43fe-b831-a2b91b39d6b0:c3036]
2019-07-14 06:26:00,927 INFO  client.GrpcClientProtocolClient (GrpcClientProtocolClient.java:onNext(255)) - client-D2340BF4DD29->f9fecd82-c7ae-483e-b259-6428f2dfb240: receive RaftClientReply:client-D2340BF4DD29->f9fecd82-c7ae-483e-b259-6428f2dfb240@group-7DE138E597A5, cid=2061, SUCCESS, logIndex=3038, commits[f9fecd82-c7ae-483e-b259-6428f2dfb240:c3038, adbfec77-7a0d-4773-aa56-ba0b778d0ab5:c3036, 90c45227-141f-43fe-b831-a2b91b39d6b0:c3036]
2019-07-14 06:26:00,940 INFO  client.GrpcClientProtocolClient (GrpcClientProtocolClient.java:onNext(255)) - client-D2340BF4DD29->f9fecd82-c7ae-483e-b259-6428f2dfb240: receive RaftClientReply:client-D2340BF4DD29->f9fecd82-c7ae-483e-b259-6428f2dfb240@group-7DE138E597A5, cid=2062, SUCCESS, logIndex=3041, commits[f9fecd82-c7ae-483e-b259-6428f2dfb240:c3041, adbfec77-7a0d-4773-aa56-ba0b778d0ab5:c3038, 90c45227-141f-43fe-b831-a2b91b39d6b0:c3038]
2019-07-14 06:26:00,941 INFO  client.GrpcClientProtocolClient (GrpcClientProtocolClient.java:onNext(255)) - client-D2340BF4DD29->f9fecd82-c7ae-483e-b259-6428f2dfb240: receive RaftClientReply:client-D2340BF4DD29->f9fecd82-c7ae-483e-b259-6428f2dfb240@group-7DE138E597A5, cid=2063, SUCCESS, logIndex=3042, commits[f9fecd82-c7ae-483e-b259-6428f2dfb240:c3042, adbfec77-7a0d-4773-aa56-ba0b778d0ab5:c3038, 90c45227-141f-43fe-b831-a2b91b39d6b0:c3038]
2019-07-14 06:26:00,956 INFO  client.GrpcClientProtocolClient (GrpcClientProtocolClient.java:onNext(255)) - client-D2340BF4DD29->f9fecd82-c7ae-483e-b259-6428f2dfb240: receive RaftClientReply:client-D2340BF4DD29->f9fecd82-c7ae-483e-b259-6428f2dfb240@group-7DE138E597A5, cid=2064, SUCCESS, logIndex=0, commits[f9fecd82-c7ae-483e-b259-6428f2dfb240:c3044, adbfec77-7a0d-4773-aa56-ba0b778d0ab5:c3042, 90c45227-141f-43fe-b831-a2b91b39d6b0:c3042]
2019-07-14 06:26:00,987 INFO  client.GrpcClientProtocolClient (GrpcClientProtocolClient.java:onNext(255)) - client-D2340BF4DD29->f9fecd82-c7ae-483e-b259-6428f2dfb240: receive RaftClientReply:client-D2340BF4DD29->f9fecd82-c7ae-483e-b259-6428f2dfb240@group-7DE138E597A5, cid=2065, SUCCESS, logIndex=3045, commits[f9fecd82-c7ae-483e-b259-6428f2dfb240:c3047, adbfec77-7a0d-4773-aa56-ba0b778d0ab5:c3044, 90c45227-141f-43fe-b831-a2b91b39d6b0:c3044]
2019-07-14 06:26:00,988 INFO  client.GrpcClientProtocolClient (GrpcClientProtocolClient.java:onNext(255)) - client-D2340BF4DD29->f9fecd82-c7ae-483e-b259-6428f2dfb240: receive RaftClientReply:client-D2340BF4DD29->f9fecd82-c7ae-483e-b259-6428f2dfb240@group-7DE138E597A5, cid=2066, SUCCESS, logIndex=3046, commits[f9fecd82-c7ae-483e-b259-6428f2dfb240:c3048, adbfec77-7a0d-4773-aa56-ba0b778d0ab5:c3044, 90c45227-141f-43fe-b831-a2b91b39d6b0:c3044]
2019-07-14 06:26:00,988 INFO  client.GrpcClientProtocolClient (GrpcClientProtocolClient.java:onNext(255)) - client-D2340BF4DD29->f9fecd82-c7ae-483e-b259-6428f2dfb240: receive RaftClientReply:client-D2340BF4DD29->f9fecd82-c7ae-483e-b259-6428f2dfb240@group-7DE138E597A5, cid=2067, SUCCESS, logIndex=3047, commits[f9fecd82-c7ae-483e-b259-6428f2dfb240:c3048, adbfec77-7a0d-4773-aa56-ba0b778d0ab5:c3044, 90c45227-141f-43fe-b831-a2b91b39d6b0:c3044]
2019-07-14 06:26:00,989 INFO  client.GrpcClientProtocolClient (GrpcClientProtocolClient.java:onNext(255)) - client-D2340BF4DD29->f9fecd82-c7ae-483e-b259-6428f2dfb240: receive RaftClientReply:client-D2340BF4DD29->f9fecd82-c7ae-483e-b259-6428f2dfb240@group-7DE138E597A5, cid=2068, SUCCESS, logIndex=3048, commits[f9fecd82-c7ae-483e-b259-6428f2dfb240:c3049, adbfec77-7a0d-4773-aa56-ba0b778d0ab5:c3044, 90c45227-141f-43fe-b831-a2b91b39d6b0:c3045]
2019-07-14 06:26:01,002 INFO  client.GrpcClientProtocolClient (GrpcClientProtocolClient.java:onNext(255)) - client-D2340BF4DD29->f9fecd82-c7ae-483e-b259-6428f2dfb240: receive RaftClientReply:client-D2340BF4DD29->f9fecd82-c7ae-483e-b259-6428f2dfb240@group-7DE138E597A5, cid=2069, SUCCESS, logIndex=0, commits[f9fecd82-c7ae-483e-b259-6428f2dfb240:c3050, adbfec77-7a0d-4773-aa56-ba0b778d0ab5:c3046, 90c45227-141f-43fe-b831-a2b91b39d6b0:c3046]
2019-07-14 06:26:01,015 INFO  client.GrpcClientProtocolClient (GrpcClientProtocolClient.java:onNext(255)) - client-D2340BF4DD29->f9fecd82-c7ae-483e-b259-6428f2dfb240: receive RaftClientReply:client-D2340BF4DD29->f9fecd82-c7ae-483e-b259-6428f2dfb240@group-7DE138E597A5, cid=2070, SUCCESS, logIndex=3053, commits[f9fecd82-c7ae-483e-b259-6428f2dfb240:c3054, adbfec77-7a0d-4773-aa56-ba0b778d0ab5:c3052, 90c45227-141f-43fe-b831-a2b91b39d6b0:c3048]
2019-07-14 06:26:01,015 INFO  client.GrpcClientProtocolClient (GrpcClientProtocolClient.java:onNext(255)) - client-D2340BF4DD29->f9fecd82-c7ae-483e-b259-6428f2dfb240: receive RaftClientReply:client-D2340BF4DD29->f9fecd82-c7ae-483e-b259-6428f2dfb240@group-7DE138E597A5, cid=2071, SUCCESS, logIndex=3054, commits[f9fecd82-c7ae-483e-b259-6428f2dfb240:c3054, adbfec77-7a0d-4773-aa56-ba0b778d0ab5:c3052, 90c45227-141f-43fe-b831-a2b91b39d6b0:c3052]
2019-07-14 06:26:01,036 INFO  client.GrpcClientProtocolClient (GrpcClientProtocolClient.java:onNext(255)) - client-D2340BF4DD29->f9fecd82-c7ae-483e-b259-6428f2dfb240: receive RaftClientReply:client-D2340BF4DD29->f9fecd82-c7ae-483e-b259-6428f2dfb240@group-7DE138E597A5, cid=2072, SUCCESS, logIndex=3057, commits[f9fecd82-c7ae-483e-b259-6428f2dfb240:c3058, adbfec77-7a0d-4773-aa56-ba0b778d0ab5:c3056, 90c45227-141f-43fe-b831-a2b91b39d6b0:c3054]
2019-07-14 06:26:01,037 INFO  client.GrpcClientProtocolClient (GrpcClientProtocolClient.java:onNext(255)) - client-D2340BF4DD29->f9fecd82-c7ae-483e-b259-6428f2dfb240: receive RaftClientReply:client-D2340BF4DD29->f9fecd82-c7ae-483e-b259-6428f2dfb240@group-7DE138E597A5, cid=2073, SUCCESS, logIndex=3058, commits[f9fecd82-c7ae-483e-b259-6428f2dfb240:c3058, adbfec77-7a0d-4773-aa56-ba0b778d0ab5:c3056, 90c45227-141f-43fe-b831-a2b91b39d6b0:c3056]
2019-07-14 06:26:01,041 INFO  client.GrpcClientProtocolClient (GrpcClientProtocolClient.java:onNext(255)) - client-D2340BF4DD29->f9fecd82-c7ae-483e-b259-6428f2dfb240: receive RaftClientReply:client-D2340BF4DD29->f9fecd82-c7ae-483e-b259-6428f2dfb240@group-7DE138E597A5, cid=2074, SUCCESS, logIndex=0, commits[f9fecd82-c7ae-483e-b259-6428f2dfb240:c3060, adbfec77-7a0d-4773-aa56-ba0b778d0ab5:c3058, 90c45227-141f-43fe-b831-a2b91b39d6b0:c3058]
2019-07-14 06:26:01,109 INFO  client.GrpcClientProtocolClient (GrpcClientProtocolClient.java:onNext(255)) - client-D2340BF4DD29->f9fecd82-c7ae-483e-b259-6428f2dfb240: receive RaftClientReply:client-D2340BF4DD29->f9fecd82-c7ae-483e-b259-6428f2dfb240@group-7DE138E597A5, cid=2075, SUCCESS, logIndex=3061, commits[f9fecd82-c7ae-483e-b259-6428f2dfb240:c3063, adbfec77-7a0d-4773-aa56-ba0b778d0ab5:c3060, 90c45227-141f-43fe-b831-a2b91b39d6b0:c3060]
2019-07-14 06:26:01,110 INFO  client.GrpcClientProtocolClient (GrpcClientProtocolClient.java:onNext(255)) - client-D2340BF4DD29->f9fecd82-c7ae-483e-b259-6428f2dfb240: receive RaftClientReply:client-D2340BF4DD29->f9fecd82-c7ae-483e-b259-6428f2dfb240@group-7DE138E597A5, cid=2076, SUCCESS, logIndex=3062, commits[f9fecd82-c7ae-483e-b259-6428f2dfb240:c3064, adbfec77-7a0d-4773-aa56-ba0b778d0ab5:c3060, 90c45227-141f-43fe-b831-a2b91b39d6b0:c3060]
2019-07-14 06:26:01,114 INFO  client.GrpcClientProtocolClient (GrpcClientProtocolClient.java:onNext(255)) - client-D2340BF4DD29->f9fecd82-c7ae-483e-b259-6428f2dfb240: receive RaftClientReply:client-D2340BF4DD29->f9fecd82-c7ae-483e-b259-6428f2dfb240@group-7DE138E597A5, cid=2077, SUCCESS, logIndex=3063, commits[f9fecd82-c7ae-483e-b259-6428f2dfb240:c3064, adbfec77-7a0d-4773-aa56-ba0b778d0ab5:c3060, 90c45227-141f-43fe-b831-a2b91b39d6b0:c3060]
2019-07-14 06:26:01,115 INFO  client.GrpcClientProtocolClient (GrpcClientProtocolClient.java:onNext(255)) - client-D2340BF4DD29->f9fecd82-c7ae-483e-b259-6428f2dfb240: receive RaftClientReply:client-D2340BF4DD29->f9fecd82-c7ae-483e-b259-6428f2dfb240@group-7DE138E597A5, cid=2078, SUCCESS, logIndex=3064, commits[f9fecd82-c7ae-483e-b259-6428f2dfb240:c3064, adbfec77-7a0d-4773-aa56-ba0b778d0ab5:c3060, 90c45227-141f-43fe-b831-a2b91b39d6b0:c3060]
2019-07-14 06:26:01,152 INFO  client.GrpcClientProtocolClient (GrpcClientProtocolClient.java:onNext(255)) - client-D2340BF4DD29->f9fecd82-c7ae-483e-b259-6428f2dfb240: receive RaftClientReply:client-D2340BF4DD29->f9fecd82-c7ae-483e-b259-6428f2dfb240@group-7DE138E597A5, cid=2079, SUCCESS, logIndex=0, commits[f9fecd82-c7ae-483e-b259-6428f2dfb240:c3065, adbfec77-7a0d-4773-aa56-ba0b778d0ab5:c3062, 90c45227-141f-43fe-b831-a2b91b39d6b0:c3062]
2019-07-14 06:26:01,180 INFO  client.GrpcClientProtocolClient (GrpcClientProtocolClient.java:onNext(255)) - client-D2340BF4DD29->f9fecd82-c7ae-483e-b259-6428f2dfb240: receive RaftClientReply:client-D2340BF4DD29->f9fecd82-c7ae-483e-b259-6428f2dfb240@group-7DE138E597A5, cid=2080, SUCCESS, logIndex=3069, commits[f9fecd82-c7ae-483e-b259-6428f2dfb240:c3070, adbfec77-7a0d-4773-aa56-ba0b778d0ab5:c3068, 90c45227-141f-43fe-b831-a2b91b39d6b0:c3068]
2019-07-14 06:26:01,180 INFO  client.GrpcClientProtocolClient (GrpcClientProtocolClient.java:onNext(255)) - client-D2340BF4DD29->f9fecd82-c7ae-483e-b259-6428f2dfb240: receive RaftClientReply:client-D2340BF4DD29->f9fecd82-c7ae-483e-b259-6428f2dfb240@group-7DE138E597A5, cid=2081, SUCCESS, logIndex=3070, commits[f9fecd82-c7ae-483e-b259-6428f2dfb240:c3070, adbfec77-7a0d-4773-aa56-ba0b778d0ab5:c3068, 90c45227-141f-43fe-b831-a2b91b39d6b0:c3068]
2019-07-14 06:26:01,206 INFO  client.GrpcClientProtocolClient (GrpcClientProtocolClient.java:onNext(255)) - client-D2340BF4DD29->f9fecd82-c7ae-483e-b259-6428f2dfb240: receive RaftClientReply:client-D2340BF4DD29->f9fecd82-c7ae-483e-b259-6428f2dfb240@group-7DE138E597A5, cid=2082, SUCCESS, logIndex=3073, commits[f9fecd82-c7ae-483e-b259-6428f2dfb240:c3074, adbfec77-7a0d-4773-aa56-ba0b778d0ab5:c3070, 90c45227-141f-43fe-b831-a2b91b39d6b0:c3070]
2019-07-14 06:26:01,206 INFO  client.GrpcClientProtocolClient (GrpcClientProtocolClient.java:onNext(255)) - client-D2340BF4DD29->f9fecd82-c7ae-483e-b259-6428f2dfb240: receive RaftClientReply:client-D2340BF4DD29->f9fecd82-c7ae-483e-b259-6428f2dfb240@group-7DE138E597A5, cid=2083, SUCCESS, logIndex=3074, commits[f9fecd82-c7ae-483e-b259-6428f2dfb240:c3074, adbfec77-7a0d-4773-aa56-ba0b778d0ab5:c3070, 90c45227-141f-43fe-b831-a2b91b39d6b0:c3070]
2019-07-14 06:26:01,218 INFO  client.GrpcClientProtocolClient (GrpcClientProtocolClient.java:onNext(255)) - client-D2340BF4DD29->f9fecd82-c7ae-483e-b259-6428f2dfb240: receive RaftClientReply:client-D2340BF4DD29->f9fecd82-c7ae-483e-b259-6428f2dfb240@group-7DE138E597A5, cid=2084, SUCCESS, logIndex=0, commits[f9fecd82-c7ae-483e-b259-6428f2dfb240:c3075, adbfec77-7a0d-4773-aa56-ba0b778d0ab5:c3074, 90c45227-141f-43fe-b831-a2b91b39d6b0:c3074]
2019-07-14 06:26:01,252 INFO  client.GrpcClientProtocolClient (GrpcClientProtocolClient.java:onNext(255)) - client-D2340BF4DD29->f9fecd82-c7ae-483e-b259-6428f2dfb240: receive RaftClientReply:client-D2340BF4DD29->f9fecd82-c7ae-483e-b259-6428f2dfb240@group-7DE138E597A5, cid=2085, SUCCESS, logIndex=3077, commits[f9fecd82-c7ae-483e-b259-6428f2dfb240:c3078, adbfec77-7a0d-4773-aa56-ba0b778d0ab5:c3076, 90c45227-141f-43fe-b831-a2b91b39d6b0:c3076]
2019-07-14 06:26:01,253 INFO  client.GrpcClientProtocolClient (GrpcClientProtocolClient.java:onNext(255)) - client-D2340BF4DD29->f9fecd82-c7ae-483e-b259-6428f2dfb240: receive RaftClientReply:client-D2340BF4DD29->f9fecd82-c7ae-483e-b259-6428f2dfb240@group-7DE138E597A5, cid=2086, SUCCESS, logIndex=3078, commits[f9fecd82-c7ae-483e-b259-6428f2dfb240:c3080, adbfec77-7a0d-4773-aa56-ba0b778d0ab5:c3076, 90c45227-141f-43fe-b831-a2b91b39d6b0:c3076]
2019-07-14 06:26:01,253 INFO  client.GrpcClientProtocolClient (GrpcClientProtocolClient.java:onNext(255)) - client-D2340BF4DD29->f9fecd82-c7ae-483e-b259-6428f2dfb240: receive RaftClientReply:client-D2340BF4DD29->f9fecd82-c7ae-483e-b259-6428f2dfb240@group-7DE138E597A5, cid=2087, SUCCESS, logIndex=3079, commits[f9fecd82-c7ae-483e-b259-6428f2dfb240:c3080, adbfec77-7a0d-4773-aa56-ba0b778d0ab5:c3076, 90c45227-141f-43fe-b831-a2b91b39d6b0:c3076]
2019-07-14 06:26:01,254 INFO  client.GrpcClientProtocolClient (GrpcClientProtocolClient.java:onNext(255)) - client-D2340BF4DD29->f9fecd82-c7ae-483e-b259-6428f2dfb240: receive RaftClientReply:client-D2340BF4DD29->f9fecd82-c7ae-483e-b259-6428f2dfb240@group-7DE138E597A5, cid=2088, SUCCESS, logIndex=3080, commits[f9fecd82-c7ae-483e-b259-6428f2dfb240:c3081, adbfec77-7a0d-4773-aa56-ba0b778d0ab5:c3077, 90c45227-141f-43fe-b831-a2b91b39d6b0:c3076]
2019-07-14 06:26:01,255 INFO  client.GrpcClientProtocolClient (GrpcClientProtocolClient.java:onNext(255)) - client-D2340BF4DD29->f9fecd82-c7ae-483e-b259-6428f2dfb240: receive RaftClientReply:client-D2340BF4DD29->f9fecd82-c7ae-483e-b259-6428f2dfb240@group-7DE138E597A5, cid=2089, SUCCESS, logIndex=0, commits[f9fecd82-c7ae-483e-b259-6428f2dfb240:c3082, adbfec77-7a0d-4773-aa56-ba0b778d0ab5:c3079, 90c45227-141f-43fe-b831-a2b91b39d6b0:c3078]
2019-07-14 06:26:01,276 INFO  client.GrpcClientProtocolClient (GrpcClientProtocolClient.java:onNext(255)) - client-D2340BF4DD29->f9fecd82-c7ae-483e-b259-6428f2dfb240: receive RaftClientReply:client-D2340BF4DD29->f9fecd82-c7ae-483e-b259-6428f2dfb240@group-7DE138E597A5, cid=2090, SUCCESS, logIndex=3085, commits[f9fecd82-c7ae-483e-b259-6428f2dfb240:c3086, adbfec77-7a0d-4773-aa56-ba0b778d0ab5:c3084, 90c45227-141f-43fe-b831-a2b91b39d6b0:c3084]
2019-07-14 06:26:01,277 INFO  client.GrpcClientProtocolClient (GrpcClientProtocolClient.java:onNext(255)) - client-D2340BF4DD29->f9fecd82-c7ae-483e-b259-6428f2dfb240: receive RaftClientReply:client-D2340BF4DD29->f9fecd82-c7ae-483e-b259-6428f2dfb240@group-7DE138E597A5, cid=2091, SUCCESS, logIndex=3086, commits[f9fecd82-c7ae-483e-b259-6428f2dfb240:c3086, adbfec77-7a0d-4773-aa56-ba0b778d0ab5:c3084, 90c45227-141f-43fe-b831-a2b91b39d6b0:c3084]
2019-07-14 06:26:01,292 INFO  client.GrpcClientProtocolClient (GrpcClientProtocolClient.java:onNext(255)) - client-D2340BF4DD29->f9fecd82-c7ae-483e-b259-6428f2dfb240: receive RaftClientReply:client-D2340BF4DD29->f9fecd82-c7ae-483e-b259-6428f2dfb240@group-7DE138E597A5, cid=2092, SUCCESS, logIndex=3089, commits[f9fecd82-c7ae-483e-b259-6428f2dfb240:c3089, adbfec77-7a0d-4773-aa56-ba0b778d0ab5:c3086, 90c45227-141f-43fe-b831-a2b91b39d6b0:c3086]
2019-07-14 06:26:01,292 INFO  client.GrpcClientProtocolClient (GrpcClientProtocolClient.java:onNext(255)) - client-D2340BF4DD29->f9fecd82-c7ae-483e-b259-6428f2dfb240: receive RaftClientReply:client-D2340BF4DD29->f9fecd82-c7ae-483e-b259-6428f2dfb240@group-7DE138E597A5, cid=2093, SUCCESS, logIndex=3090, commits[f9fecd82-c7ae-483e-b259-6428f2dfb240:c3090, adbfec77-7a0d-4773-aa56-ba0b778d0ab5:c3086, 90c45227-141f-43fe-b831-a2b91b39d6b0:c3086]
2019-07-14 06:26:01,307 INFO  client.GrpcClientProtocolClient (GrpcClientProtocolClient.java:onNext(255)) - client-D2340BF4DD29->f9fecd82-c7ae-483e-b259-6428f2dfb240: receive RaftClientReply:client-D2340BF4DD29->f9fecd82-c7ae-483e-b259-6428f2dfb240@group-7DE138E597A5, cid=2094, SUCCESS, logIndex=0, commits[f9fecd82-c7ae-483e-b259-6428f2dfb240:c3092, adbfec77-7a0d-4773-aa56-ba0b778d0ab5:c3090, 90c45227-141f-43fe-b831-a2b91b39d6b0:c3090]
2019-07-14 06:26:01,448 INFO  client.GrpcClientProtocolClient (GrpcClientProtocolClient.java:onNext(255)) - client-D2340BF4DD29->f9fecd82-c7ae-483e-b259-6428f2dfb240: receive RaftClientReply:client-D2340BF4DD29->f9fecd82-c7ae-483e-b259-6428f2dfb240@group-7DE138E597A5, cid=2095, SUCCESS, logIndex=3093, commits[f9fecd82-c7ae-483e-b259-6428f2dfb240:c3094, adbfec77-7a0d-4773-aa56-ba0b778d0ab5:c3092, 90c45227-141f-43fe-b831-a2b91b39d6b0:c3092]
2019-07-14 06:26:01,449 INFO  client.GrpcClientProtocolClient (GrpcClientProtocolClient.java:onNext(255)) - client-D2340BF4DD29->f9fecd82-c7ae-483e-b259-6428f2dfb240: receive RaftClientReply:client-D2340BF4DD29->f9fecd82-c7ae-483e-b259-6428f2dfb240@group-7DE138E597A5, cid=2096, SUCCESS, logIndex=3094, commits[f9fecd82-c7ae-483e-b259-6428f2dfb240:c3095, adbfec77-7a0d-4773-aa56-ba0b778d0ab5:c3092, 90c45227-141f-43fe-b831-a2b91b39d6b0:c3092]
2019-07-14 06:26:01,449 INFO  client.GrpcClientProtocolClient (GrpcClientProtocolClient.java:onNext(255)) - client-D2340BF4DD29->f9fecd82-c7ae-483e-b259-6428f2dfb240: receive RaftClientReply:client-D2340BF4DD29->f9fecd82-c7ae-483e-b259-6428f2dfb240@group-7DE138E597A5, cid=2097, SUCCESS, logIndex=3095, commits[f9fecd82-c7ae-483e-b259-6428f2dfb240:c3096, adbfec77-7a0d-4773-aa56-ba0b778d0ab5:c3092, 90c45227-141f-43fe-b831-a2b91b39d6b0:c3092]
2019-07-14 06:26:01,449 INFO  client.GrpcClientProtocolClient (GrpcClientProtocolClient.java:onNext(255)) - client-D2340BF4DD29->f9fecd82-c7ae-483e-b259-6428f2dfb240: receive RaftClientReply:client-D2340BF4DD29->f9fecd82-c7ae-483e-b259-6428f2dfb240@group-7DE138E597A5, cid=2098, SUCCESS, logIndex=3096, commits[f9fecd82-c7ae-483e-b259-6428f2dfb240:c3097, adbfec77-7a0d-4773-aa56-ba0b778d0ab5:c3094, 90c45227-141f-43fe-b831-a2b91b39d6b0:c3092]
2019-07-14 06:26:01,451 INFO  client.GrpcClientProtocolClient (GrpcClientProtocolClient.java:onNext(255)) - client-D2340BF4DD29->f9fecd82-c7ae-483e-b259-6428f2dfb240: receive RaftClientReply:client-D2340BF4DD29->f9fecd82-c7ae-483e-b259-6428f2dfb240@group-7DE138E597A5, cid=2099, SUCCESS, logIndex=0, commits[f9fecd82-c7ae-483e-b259-6428f2dfb240:c3097, adbfec77-7a0d-4773-aa56-ba0b778d0ab5:c3094, 90c45227-141f-43fe-b831-a2b91b39d6b0:c3094]
2019-07-14 06:26:01,475 INFO  client.GrpcClientProtocolClient (GrpcClientProtocolClient.java:onNext(255)) - client-D2340BF4DD29->f9fecd82-c7ae-483e-b259-6428f2dfb240: receive RaftClientReply:client-D2340BF4DD29->f9fecd82-c7ae-483e-b259-6428f2dfb240@group-7DE138E597A5, cid=2100, SUCCESS, logIndex=3101, commits[f9fecd82-c7ae-483e-b259-6428f2dfb240:c3102, adbfec77-7a0d-4773-aa56-ba0b778d0ab5:c3096, 90c45227-141f-43fe-b831-a2b91b39d6b0:c3098]
2019-07-14 06:26:01,476 INFO  client.GrpcClientProtocolClient (GrpcClientProtocolClient.java:onNext(255)) - client-D2340BF4DD29->f9fecd82-c7ae-483e-b259-6428f2dfb240: receive RaftClientReply:client-D2340BF4DD29->f9fecd82-c7ae-483e-b259-6428f2dfb240@group-7DE138E597A5, cid=2101, SUCCESS, logIndex=3102, commits[f9fecd82-c7ae-483e-b259-6428f2dfb240:c3102, adbfec77-7a0d-4773-aa56-ba0b778d0ab5:c3098, 90c45227-141f-43fe-b831-a2b91b39d6b0:c3098]
2019-07-14 06:26:01,493 INFO  client.GrpcClientProtocolClient (GrpcClientProtocolClient.java:onNext(255)) - client-D2340BF4DD29->f9fecd82-c7ae-483e-b259-6428f2dfb240: receive RaftClientReply:client-D2340BF4DD29->f9fecd82-c7ae-483e-b259-6428f2dfb240@group-7DE138E597A5, cid=2102, SUCCESS, logIndex=3105, commits[f9fecd82-c7ae-483e-b259-6428f2dfb240:c3106, adbfec77-7a0d-4773-aa56-ba0b778d0ab5:c3103, 90c45227-141f-43fe-b831-a2b91b39d6b0:c3103]
2019-07-14 06:26:01,494 INFO  client.GrpcClientProtocolClient (GrpcClientProtocolClient.java:onNext(255)) - client-D2340BF4DD29->f9fecd82-c7ae-483e-b259-6428f2dfb240: receive RaftClientReply:client-D2340BF4DD29->f9fecd82-c7ae-483e-b259-6428f2dfb240@group-7DE138E597A5, cid=2103, SUCCESS, logIndex=3106, commits[f9fecd82-c7ae-483e-b259-6428f2dfb240:c3106, adbfec77-7a0d-4773-aa56-ba0b778d0ab5:c3103, 90c45227-141f-43fe-b831-a2b91b39d6b0:c3103]
2019-07-14 06:26:01,508 INFO  client.GrpcClientProtocolClient (GrpcClientProtocolClient.java:onNext(255)) - client-D2340BF4DD29->f9fecd82-c7ae-483e-b259-6428f2dfb240: receive RaftClientReply:client-D2340BF4DD29->f9fecd82-c7ae-483e-b259-6428f2dfb240@group-7DE138E597A5, cid=2104, SUCCESS, logIndex=0, commits[f9fecd82-c7ae-483e-b259-6428f2dfb240:c3108, adbfec77-7a0d-4773-aa56-ba0b778d0ab5:c3106, 90c45227-141f-43fe-b831-a2b91b39d6b0:c3106]
2019-07-14 06:26:01,540 INFO  client.GrpcClientProtocolClient (GrpcClientProtocolClient.java:onNext(255)) - client-D2340BF4DD29->f9fecd82-c7ae-483e-b259-6428f2dfb240: receive RaftClientReply:client-D2340BF4DD29->f9fecd82-c7ae-483e-b259-6428f2dfb240@group-7DE138E597A5, cid=2105, SUCCESS, logIndex=3109, commits[f9fecd82-c7ae-483e-b259-6428f2dfb240:c3110, adbfec77-7a0d-4773-aa56-ba0b778d0ab5:c3108, 90c45227-141f-43fe-b831-a2b91b39d6b0:c3108]
2019-07-14 06:26:01,541 INFO  client.GrpcClientProtocolClient (GrpcClientProtocolClient.java:onNext(255)) - client-D2340BF4DD29->f9fecd82-c7ae-483e-b259-6428f2dfb240: receive RaftClientReply:client-D2340BF4DD29->f9fecd82-c7ae-483e-b259-6428f2dfb240@group-7DE138E597A5, cid=2106, SUCCESS, logIndex=3110, commits[f9fecd82-c7ae-483e-b259-6428f2dfb240:c3112, adbfec77-7a0d-4773-aa56-ba0b778d0ab5:c3108, 90c45227-141f-43fe-b831-a2b91b39d6b0:c3108]
2019-07-14 06:26:01,541 INFO  client.GrpcClientProtocolClient (GrpcClientProtocolClient.java:onNext(255)) - client-D2340BF4DD29->f9fecd82-c7ae-483e-b259-6428f2dfb240: receive RaftClientReply:client-D2340BF4DD29->f9fecd82-c7ae-483e-b259-6428f2dfb240@group-7DE138E597A5, cid=2107, SUCCESS, logIndex=3111, commits[f9fecd82-c7ae-483e-b259-6428f2dfb240:c3112, adbfec77-7a0d-4773-aa56-ba0b778d0ab5:c3108, 90c45227-141f-43fe-b831-a2b91b39d6b0:c3108]
2019-07-14 06:26:01,541 INFO  client.GrpcClientProtocolClient (GrpcClientProtocolClient.java:onNext(255)) - client-D2340BF4DD29->f9fecd82-c7ae-483e-b259-6428f2dfb240: receive RaftClientReply:client-D2340BF4DD29->f9fecd82-c7ae-483e-b259-6428f2dfb240@group-7DE138E597A5, cid=2108, SUCCESS, logIndex=3112, commits[f9fecd82-c7ae-483e-b259-6428f2dfb240:c3112, adbfec77-7a0d-4773-aa56-ba0b778d0ab5:c3108, 90c45227-141f-43fe-b831-a2b91b39d6b0:c3108]
2019-07-14 06:26:01,556 INFO  client.GrpcClientProtocolClient (GrpcClientProtocolClient.java:onNext(255)) - client-D2340BF4DD29->f9fecd82-c7ae-483e-b259-6428f2dfb240: receive RaftClientReply:client-D2340BF4DD29->f9fecd82-c7ae-483e-b259-6428f2dfb240@group-7DE138E597A5, cid=2109, SUCCESS, logIndex=0, commits[f9fecd82-c7ae-483e-b259-6428f2dfb240:c3114, adbfec77-7a0d-4773-aa56-ba0b778d0ab5:c3110, 90c45227-141f-43fe-b831-a2b91b39d6b0:c3110]
2019-07-14 06:26:01,568 INFO  client.GrpcClientProtocolClient (GrpcClientProtocolClient.java:onNext(255)) - client-D2340BF4DD29->f9fecd82-c7ae-483e-b259-6428f2dfb240: receive RaftClientReply:client-D2340BF4DD29->f9fecd82-c7ae-483e-b259-6428f2dfb240@group-7DE138E597A5, cid=2110, SUCCESS, logIndex=3117, commits[f9fecd82-c7ae-483e-b259-6428f2dfb240:c3118, adbfec77-7a0d-4773-aa56-ba0b778d0ab5:c3112, 90c45227-141f-43fe-b831-a2b91b39d6b0:c3116]
2019-07-14 06:26:01,568 INFO  client.GrpcClientProtocolClient (GrpcClientProtocolClient.java:onNext(255)) - client-D2340BF4DD29->f9fecd82-c7ae-483e-b259-6428f2dfb240: receive RaftClientReply:client-D2340BF4DD29->f9fecd82-c7ae-483e-b259-6428f2dfb240@group-7DE138E597A5, cid=2111, SUCCESS, logIndex=3118, commits[f9fecd82-c7ae-483e-b259-6428f2dfb240:c3118, adbfec77-7a0d-4773-aa56-ba0b778d0ab5:c3112, 90c45227-141f-43fe-b831-a2b91b39d6b0:c3116]
2019-07-14 06:26:01,588 INFO  client.GrpcClientProtocolClient (GrpcClientProtocolClient.java:onNext(255)) - client-D2340BF4DD29->f9fecd82-c7ae-483e-b259-6428f2dfb240: receive RaftClientReply:client-D2340BF4DD29->f9fecd82-c7ae-483e-b259-6428f2dfb240@group-7DE138E597A5, cid=2112, SUCCESS, logIndex=3121, commits[f9fecd82-c7ae-483e-b259-6428f2dfb240:c3122, adbfec77-7a0d-4773-aa56-ba0b778d0ab5:c3119, 90c45227-141f-43fe-b831-a2b91b39d6b0:c3118]
2019-07-14 06:26:01,588 INFO  client.GrpcClientProtocolClient (GrpcClientProtocolClient.java:onNext(255)) - client-D2340BF4DD29->f9fecd82-c7ae-483e-b259-6428f2dfb240: receive RaftClientReply:client-D2340BF4DD29->f9fecd82-c7ae-483e-b259-6428f2dfb240@group-7DE138E597A5, cid=2113, SUCCESS, logIndex=3122, commits[f9fecd82-c7ae-483e-b259-6428f2dfb240:c3122, adbfec77-7a0d-4773-aa56-ba0b778d0ab5:c3119, 90c45227-141f-43fe-b831-a2b91b39d6b0:c3119]
2019-07-14 06:26:01,591 INFO  client.GrpcClientProtocolClient (GrpcClientProtocolClient.java:onNext(255)) - client-D2340BF4DD29->f9fecd82-c7ae-483e-b259-6428f2dfb240: receive RaftClientReply:client-D2340BF4DD29->f9fecd82-c7ae-483e-b259-6428f2dfb240@group-7DE138E597A5, cid=2114, SUCCESS, logIndex=0, commits[f9fecd82-c7ae-483e-b259-6428f2dfb240:c3123, adbfec77-7a0d-4773-aa56-ba0b778d0ab5:c3122, 90c45227-141f-43fe-b831-a2b91b39d6b0:c3122]
2019-07-14 06:26:01,619 INFO  client.GrpcClientProtocolClient (GrpcClientProtocolClient.java:onNext(255)) - client-D2340BF4DD29->f9fecd82-c7ae-483e-b259-6428f2dfb240: receive RaftClientReply:client-D2340BF4DD29->f9fecd82-c7ae-483e-b259-6428f2dfb240@group-7DE138E597A5, cid=2115, SUCCESS, logIndex=3124, commits[f9fecd82-c7ae-483e-b259-6428f2dfb240:c3125, adbfec77-7a0d-4773-aa56-ba0b778d0ab5:c3123, 90c45227-141f-43fe-b831-a2b91b39d6b0:c3123]
2019-07-14 06:26:01,619 INFO  client.GrpcClientProtocolClient (GrpcClientProtocolClient.java:onNext(255)) - client-D2340BF4DD29->f9fecd82-c7ae-483e-b259-6428f2dfb240: receive RaftClientReply:client-D2340BF4DD29->f9fecd82-c7ae-483e-b259-6428f2dfb240@group-7DE138E597A5, cid=2116, SUCCESS, logIndex=3125, commits[f9fecd82-c7ae-483e-b259-6428f2dfb240:c3125, adbfec77-7a0d-4773-aa56-ba0b778d0ab5:c3123, 90c45227-141f-43fe-b831-a2b91b39d6b0:c3123]
2019-07-14 06:26:01,629 INFO  client.GrpcClientProtocolClient (GrpcClientProtocolClient.java:onNext(255)) - client-D2340BF4DD29->f9fecd82-c7ae-483e-b259-6428f2dfb240: receive RaftClientReply:client-D2340BF4DD29->f9fecd82-c7ae-483e-b259-6428f2dfb240@group-7DE138E597A5, cid=2117, SUCCESS, logIndex=3126, commits[f9fecd82-c7ae-483e-b259-6428f2dfb240:c3127, adbfec77-7a0d-4773-aa56-ba0b778d0ab5:c3123, 90c45227-141f-43fe-b831-a2b91b39d6b0:c3123]
2019-07-14 06:26:01,629 INFO  client.GrpcClientProtocolClient (GrpcClientProtocolClient.java:onNext(255)) - client-D2340BF4DD29->f9fecd82-c7ae-483e-b259-6428f2dfb240: receive RaftClientReply:client-D2340BF4DD29->f9fecd82-c7ae-483e-b259-6428f2dfb240@group-7DE138E597A5, cid=2118, SUCCESS, logIndex=3127, commits[f9fecd82-c7ae-483e-b259-6428f2dfb240:c3127, adbfec77-7a0d-4773-aa56-ba0b778d0ab5:c3123, 90c45227-141f-43fe-b831-a2b91b39d6b0:c3123]
2019-07-14 06:26:01,631 INFO  client.GrpcClientProtocolClient (GrpcClientProtocolClient.java:onNext(255)) - client-D2340BF4DD29->f9fecd82-c7ae-483e-b259-6428f2dfb240: receive RaftClientReply:client-D2340BF4DD29->f9fecd82-c7ae-483e-b259-6428f2dfb240@group-7DE138E597A5, cid=2119, SUCCESS, logIndex=0, commits[f9fecd82-c7ae-483e-b259-6428f2dfb240:c3129, adbfec77-7a0d-4773-aa56-ba0b778d0ab5:c3125, 90c45227-141f-43fe-b831-a2b91b39d6b0:c3125]
2019-07-14 06:26:01,652 INFO  client.GrpcClientProtocolClient (GrpcClientProtocolClient.java:onNext(255)) - client-D2340BF4DD29->f9fecd82-c7ae-483e-b259-6428f2dfb240: receive RaftClientReply:client-D2340BF4DD29->f9fecd82-c7ae-483e-b259-6428f2dfb240@group-7DE138E597A5, cid=2120, SUCCESS, logIndex=3132, commits[f9fecd82-c7ae-483e-b259-6428f2dfb240:c3132, adbfec77-7a0d-4773-aa56-ba0b778d0ab5:c3131, 90c45227-141f-43fe-b831-a2b91b39d6b0:c3131]
2019-07-14 06:26:01,652 INFO  client.GrpcClientProtocolClient (GrpcClientProtocolClient.java:onNext(255)) - client-D2340BF4DD29->f9fecd82-c7ae-483e-b259-6428f2dfb240: receive RaftClientReply:client-D2340BF4DD29->f9fecd82-c7ae-483e-b259-6428f2dfb240@group-7DE138E597A5, cid=2121, SUCCESS, logIndex=3133, commits[f9fecd82-c7ae-483e-b259-6428f2dfb240:c3133, adbfec77-7a0d-4773-aa56-ba0b778d0ab5:c3131, 90c45227-141f-43fe-b831-a2b91b39d6b0:c3131]
2019-07-14 06:26:01,665 INFO  client.GrpcClientProtocolClient (GrpcClientProtocolClient.java:onNext(255)) - client-D2340BF4DD29->f9fecd82-c7ae-483e-b259-6428f2dfb240: receive RaftClientReply:client-D2340BF4DD29->f9fecd82-c7ae-483e-b259-6428f2dfb240@group-7DE138E597A5, cid=2122, SUCCESS, logIndex=3136, commits[f9fecd82-c7ae-483e-b259-6428f2dfb240:c3137, adbfec77-7a0d-4773-aa56-ba0b778d0ab5:c3133, 90c45227-141f-43fe-b831-a2b91b39d6b0:c3132]
2019-07-14 06:26:01,666 INFO  client.GrpcClientProtocolClient (GrpcClientProtocolClient.java:onNext(255)) - client-D2340BF4DD29->f9fecd82-c7ae-483e-b259-6428f2dfb240: receive RaftClientReply:client-D2340BF4DD29->f9fecd82-c7ae-483e-b259-6428f2dfb240@group-7DE138E597A5, cid=2123, SUCCESS, logIndex=3137, commits[f9fecd82-c7ae-483e-b259-6428f2dfb240:c3137, adbfec77-7a0d-4773-aa56-ba0b778d0ab5:c3133, 90c45227-141f-43fe-b831-a2b91b39d6b0:c3133]
2019-07-14 06:26:01,667 INFO  client.GrpcClientProtocolClient (GrpcClientProtocolClient.java:onNext(255)) - client-D2340BF4DD29->f9fecd82-c7ae-483e-b259-6428f2dfb240: receive RaftClientReply:client-D2340BF4DD29->f9fecd82-c7ae-483e-b259-6428f2dfb240@group-7DE138E597A5, cid=2124, SUCCESS, logIndex=0, commits[f9fecd82-c7ae-483e-b259-6428f2dfb240:c3138, adbfec77-7a0d-4773-aa56-ba0b778d0ab5:c3137, 90c45227-141f-43fe-b831-a2b91b39d6b0:c3137]
2019-07-14 06:26:01,703 INFO  client.GrpcClientProtocolClient (GrpcClientProtocolClient.java:onNext(255)) - client-D2340BF4DD29->f9fecd82-c7ae-483e-b259-6428f2dfb240: receive RaftClientReply:client-D2340BF4DD29->f9fecd82-c7ae-483e-b259-6428f2dfb240@group-7DE138E597A5, cid=2125, SUCCESS, logIndex=3140, commits[f9fecd82-c7ae-483e-b259-6428f2dfb240:c3141, adbfec77-7a0d-4773-aa56-ba0b778d0ab5:c3139, 90c45227-141f-43fe-b831-a2b91b39d6b0:c3139]
2019-07-14 06:26:01,704 INFO  client.GrpcClientProtocolClient (GrpcClientProtocolClient.java:onNext(255)) - client-D2340BF4DD29->f9fecd82-c7ae-483e-b259-6428f2dfb240: receive RaftClientReply:client-D2340BF4DD29->f9fecd82-c7ae-483e-b259-6428f2dfb240@group-7DE138E597A5, cid=2126, SUCCESS, logIndex=3141, commits[f9fecd82-c7ae-483e-b259-6428f2dfb240:c3143, adbfec77-7a0d-4773-aa56-ba0b778d0ab5:c3139, 90c45227-141f-43fe-b831-a2b91b39d6b0:c3139]
2019-07-14 06:26:01,704 INFO  client.GrpcClientProtocolClient (GrpcClientProtocolClient.java:onNext(255)) - client-D2340BF4DD29->f9fecd82-c7ae-483e-b259-6428f2dfb240: receive RaftClientReply:client-D2340BF4DD29->f9fecd82-c7ae-483e-b259-6428f2dfb240@group-7DE138E597A5, cid=2127, SUCCESS, logIndex=3142, commits[f9fecd82-c7ae-483e-b259-6428f2dfb240:c3143, adbfec77-7a0d-4773-aa56-ba0b778d0ab5:c3139, 90c45227-141f-43fe-b831-a2b91b39d6b0:c3139]
2019-07-14 06:26:01,704 INFO  client.GrpcClientProtocolClient (GrpcClientProtocolClient.java:onNext(255)) - client-D2340BF4DD29->f9fecd82-c7ae-483e-b259-6428f2dfb240: receive RaftClientReply:client-D2340BF4DD29->f9fecd82-c7ae-483e-b259-6428f2dfb240@group-7DE138E597A5, cid=2128, SUCCESS, logIndex=3143, commits[f9fecd82-c7ae-483e-b259-6428f2dfb240:c3143, adbfec77-7a0d-4773-aa56-ba0b778d0ab5:c3139, 90c45227-141f-43fe-b831-a2b91b39d6b0:c3139]
2019-07-14 06:26:01,716 INFO  client.GrpcClientProtocolClient (GrpcClientProtocolClient.java:onNext(255)) - client-D2340BF4DD29->f9fecd82-c7ae-483e-b259-6428f2dfb240: receive RaftClientReply:client-D2340BF4DD29->f9fecd82-c7ae-483e-b259-6428f2dfb240@group-7DE138E597A5, cid=2129, SUCCESS, logIndex=0, commits[f9fecd82-c7ae-483e-b259-6428f2dfb240:c3146, adbfec77-7a0d-4773-aa56-ba0b778d0ab5:c3141, 90c45227-141f-43fe-b831-a2b91b39d6b0:c3143]
2019-07-14 06:26:01,737 INFO  client.GrpcClientProtocolClient (GrpcClientProtocolClient.java:onNext(255)) - client-D2340BF4DD29->f9fecd82-c7ae-483e-b259-6428f2dfb240: receive RaftClientReply:client-D2340BF4DD29->f9fecd82-c7ae-483e-b259-6428f2dfb240@group-7DE138E597A5, cid=2130, SUCCESS, logIndex=3148, commits[f9fecd82-c7ae-483e-b259-6428f2dfb240:c3149, adbfec77-7a0d-4773-aa56-ba0b778d0ab5:c3147, 90c45227-141f-43fe-b831-a2b91b39d6b0:c3147]
2019-07-14 06:26:01,737 INFO  client.GrpcClientProtocolClient (GrpcClientProtocolClient.java:onNext(255)) - client-D2340BF4DD29->f9fecd82-c7ae-483e-b259-6428f2dfb240: receive RaftClientReply:client-D2340BF4DD29->f9fecd82-c7ae-483e-b259-6428f2dfb240@group-7DE138E597A5, cid=2131, SUCCESS, logIndex=3149, commits[f9fecd82-c7ae-483e-b259-6428f2dfb240:c3149, adbfec77-7a0d-4773-aa56-ba0b778d0ab5:c3147, 90c45227-141f-43fe-b831-a2b91b39d6b0:c3147]
2019-07-14 06:26:01,750 INFO  client.GrpcClientProtocolClient (GrpcClientProtocolClient.java:onNext(255)) - client-D2340BF4DD29->f9fecd82-c7ae-483e-b259-6428f2dfb240: receive RaftClientReply:client-D2340BF4DD29->f9fecd82-c7ae-483e-b259-6428f2dfb240@group-7DE138E597A5, cid=2132, SUCCESS, logIndex=3152, commits[f9fecd82-c7ae-483e-b259-6428f2dfb240:c3153, adbfec77-7a0d-4773-aa56-ba0b778d0ab5:c3149, 90c45227-141f-43fe-b831-a2b91b39d6b0:c3149]
2019-07-14 06:26:01,751 INFO  client.GrpcClientProtocolClient (GrpcClientProtocolClient.java:onNext(255)) - client-D2340BF4DD29->f9fecd82-c7ae-483e-b259-6428f2dfb240: receive RaftClientReply:client-D2340BF4DD29->f9fecd82-c7ae-483e-b259-6428f2dfb240@group-7DE138E597A5, cid=2133, SUCCESS, logIndex=3153, commits[f9fecd82-c7ae-483e-b259-6428f2dfb240:c3153, adbfec77-7a0d-4773-aa56-ba0b778d0ab5:c3149, 90c45227-141f-43fe-b831-a2b91b39d6b0:c3149]
2019-07-14 06:26:01,754 INFO  client.GrpcClientProtocolClient (GrpcClientProtocolClient.java:onNext(255)) - client-D2340BF4DD29->f9fecd82-c7ae-483e-b259-6428f2dfb240: receive RaftClientReply:client-D2340BF4DD29->f9fecd82-c7ae-483e-b259-6428f2dfb240@group-7DE138E597A5, cid=2134, SUCCESS, logIndex=0, commits[f9fecd82-c7ae-483e-b259-6428f2dfb240:c3154, adbfec77-7a0d-4773-aa56-ba0b778d0ab5:c3153, 90c45227-141f-43fe-b831-a2b91b39d6b0:c3153]
2019-07-14 06:26:01,782 INFO  client.GrpcClientProtocolClient (GrpcClientProtocolClient.java:onNext(255)) - client-D2340BF4DD29->f9fecd82-c7ae-483e-b259-6428f2dfb240: receive RaftClientReply:client-D2340BF4DD29->f9fecd82-c7ae-483e-b259-6428f2dfb240@group-7DE138E597A5, cid=2135, SUCCESS, logIndex=3156, commits[f9fecd82-c7ae-483e-b259-6428f2dfb240:c3157, adbfec77-7a0d-4773-aa56-ba0b778d0ab5:c3155, 90c45227-141f-43fe-b831-a2b91b39d6b0:c3155]
2019-07-14 06:26:01,782 INFO  client.GrpcClientProtocolClient (GrpcClientProtocolClient.java:onNext(255)) - client-D2340BF4DD29->f9fecd82-c7ae-483e-b259-6428f2dfb240: receive RaftClientReply:client-D2340BF4DD29->f9fecd82-c7ae-483e-b259-6428f2dfb240@group-7DE138E597A5, cid=2136, SUCCESS, logIndex=3157, commits[f9fecd82-c7ae-483e-b259-6428f2dfb240:c3158, adbfec77-7a0d-4773-aa56-ba0b778d0ab5:c3155, 90c45227-141f-43fe-b831-a2b91b39d6b0:c3155]
2019-07-14 06:26:01,783 INFO  client.GrpcClientProtocolClient (GrpcClientProtocolClient.java:onNext(255)) - client-D2340BF4DD29->f9fecd82-c7ae-483e-b259-6428f2dfb240: receive RaftClientReply:client-D2340BF4DD29->f9fecd82-c7ae-483e-b259-6428f2dfb240@group-7DE138E597A5, cid=2137, SUCCESS, logIndex=3158, commits[f9fecd82-c7ae-483e-b259-6428f2dfb240:c3159, adbfec77-7a0d-4773-aa56-ba0b778d0ab5:c3155, 90c45227-141f-43fe-b831-a2b91b39d6b0:c3155]
2019-07-14 06:26:01,783 INFO  client.GrpcClientProtocolClient (GrpcClientProtocolClient.java:onNext(255)) - client-D2340BF4DD29->f9fecd82-c7ae-483e-b259-6428f2dfb240: receive RaftClientReply:client-D2340BF4DD29->f9fecd82-c7ae-483e-b259-6428f2dfb240@group-7DE138E597A5, cid=2138, SUCCESS, logIndex=3159, commits[f9fecd82-c7ae-483e-b259-6428f2dfb240:c3159, adbfec77-7a0d-4773-aa56-ba0b778d0ab5:c3155, 90c45227-141f-43fe-b831-a2b91b39d6b0:c3155]
2019-07-14 06:26:01,796 INFO  client.GrpcClientProtocolClient (GrpcClientProtocolClient.java:onNext(255)) - client-D2340BF4DD29->f9fecd82-c7ae-483e-b259-6428f2dfb240: receive RaftClientReply:client-D2340BF4DD29->f9fecd82-c7ae-483e-b259-6428f2dfb240@group-7DE138E597A5, cid=2139, SUCCESS, logIndex=0, commits[f9fecd82-c7ae-483e-b259-6428f2dfb240:c3161, adbfec77-7a0d-4773-aa56-ba0b778d0ab5:c3157, 90c45227-141f-43fe-b831-a2b91b39d6b0:c3157]
2019-07-14 06:26:01,809 INFO  client.GrpcClientProtocolClient (GrpcClientProtocolClient.java:onNext(255)) - client-D2340BF4DD29->f9fecd82-c7ae-483e-b259-6428f2dfb240: receive RaftClientReply:client-D2340BF4DD29->f9fecd82-c7ae-483e-b259-6428f2dfb240@group-7DE138E597A5, cid=2140, SUCCESS, logIndex=3164, commits[f9fecd82-c7ae-483e-b259-6428f2dfb240:c3165, adbfec77-7a0d-4773-aa56-ba0b778d0ab5:c3163, 90c45227-141f-43fe-b831-a2b91b39d6b0:c3163]
2019-07-14 06:26:01,809 INFO  client.GrpcClientProtocolClient (GrpcClientProtocolClient.java:onNext(255)) - client-D2340BF4DD29->f9fecd82-c7ae-483e-b259-6428f2dfb240: receive RaftClientReply:client-D2340BF4DD29->f9fecd82-c7ae-483e-b259-6428f2dfb240@group-7DE138E597A5, cid=2141, SUCCESS, logIndex=3165, commits[f9fecd82-c7ae-483e-b259-6428f2dfb240:c3165, adbfec77-7a0d-4773-aa56-ba0b778d0ab5:c3163, 90c45227-141f-43fe-b831-a2b91b39d6b0:c3163]
2019-07-14 06:26:01,821 INFO  client.GrpcClientProtocolClient (GrpcClientProtocolClient.java:onNext(255)) - client-D2340BF4DD29->f9fecd82-c7ae-483e-b259-6428f2dfb240: receive RaftClientReply:client-D2340BF4DD29->f9fecd82-c7ae-483e-b259-6428f2dfb240@group-7DE138E597A5, cid=2142, SUCCESS, logIndex=3167, commits[f9fecd82-c7ae-483e-b259-6428f2dfb240:c3168, adbfec77-7a0d-4773-aa56-ba0b778d0ab5:c3166, 90c45227-141f-43fe-b831-a2b91b39d6b0:c3166]
2019-07-14 06:26:01,822 INFO  client.GrpcClientProtocolClient (GrpcClientProtocolClient.java:onNext(255)) - client-D2340BF4DD29->f9fecd82-c7ae-483e-b259-6428f2dfb240: receive RaftClientReply:client-D2340BF4DD29->f9fecd82-c7ae-483e-b259-6428f2dfb240@group-7DE138E597A5, cid=2143, SUCCESS, logIndex=3168, commits[f9fecd82-c7ae-483e-b259-6428f2dfb240:c3168, adbfec77-7a0d-4773-aa56-ba0b778d0ab5:c3166, 90c45227-141f-43fe-b831-a2b91b39d6b0:c3166]
2019-07-14 06:26:01,823 INFO  client.GrpcClientProtocolClient (GrpcClientProtocolClient.java:onNext(255)) - client-D2340BF4DD29->f9fecd82-c7ae-483e-b259-6428f2dfb240: receive RaftClientReply:client-D2340BF4DD29->f9fecd82-c7ae-483e-b259-6428f2dfb240@group-7DE138E597A5, cid=2144, SUCCESS, logIndex=0, commits[f9fecd82-c7ae-483e-b259-6428f2dfb240:c3169, adbfec77-7a0d-4773-aa56-ba0b778d0ab5:c3168, 90c45227-141f-43fe-b831-a2b91b39d6b0:c3168]
 0.00% |█                                                                                                    |  0/1 Time: 0:00:162019-07-14 06:26:01,864 INFO  client.GrpcClientProtocolClient (GrpcClientProtocolClient.java:onNext(255)) - client-D2340BF4DD29->f9fecd82-c7ae-483e-b259-6428f2dfb240: receive RaftClientReply:client-D2340BF4DD29->f9fecd82-c7ae-483e-b259-6428f2dfb240@group-7DE138E597A5, cid=2145, SUCCESS, logIndex=3171, commits[f9fecd82-c7ae-483e-b259-6428f2dfb240:c3173, adbfec77-7a0d-4773-aa56-ba0b778d0ab5:c3170, 90c45227-141f-43fe-b831-a2b91b39d6b0:c3170]
2019-07-14 06:26:01,864 INFO  client.GrpcClientProtocolClient (GrpcClientProtocolClient.java:onNext(255)) - client-D2340BF4DD29->f9fecd82-c7ae-483e-b259-6428f2dfb240: receive RaftClientReply:client-D2340BF4DD29->f9fecd82-c7ae-483e-b259-6428f2dfb240@group-7DE138E597A5, cid=2146, SUCCESS, logIndex=3172, commits[f9fecd82-c7ae-483e-b259-6428f2dfb240:c3174, adbfec77-7a0d-4773-aa56-ba0b778d0ab5:c3170, 90c45227-141f-43fe-b831-a2b91b39d6b0:c3170]
2019-07-14 06:26:01,864 INFO  client.GrpcClientProtocolClient (GrpcClientProtocolClient.java:onNext(255)) - client-D2340BF4DD29->f9fecd82-c7ae-483e-b259-6428f2dfb240: receive RaftClientReply:client-D2340BF4DD29->f9fecd82-c7ae-483e-b259-6428f2dfb240@group-7DE138E597A5, cid=2147, SUCCESS, logIndex=3173, commits[f9fecd82-c7ae-483e-b259-6428f2dfb240:c3174, adbfec77-7a0d-4773-aa56-ba0b778d0ab5:c3170, 90c45227-141f-43fe-b831-a2b91b39d6b0:c3170]
2019-07-14 06:26:01,865 INFO  client.GrpcClientProtocolClient (GrpcClientProtocolClient.java:onNext(255)) - client-D2340BF4DD29->f9fecd82-c7ae-483e-b259-6428f2dfb240: receive RaftClientReply:client-D2340BF4DD29->f9fecd82-c7ae-483e-b259-6428f2dfb240@group-7DE138E597A5, cid=2148, SUCCESS, logIndex=3174, commits[f9fecd82-c7ae-483e-b259-6428f2dfb240:c3174, adbfec77-7a0d-4773-aa56-ba0b778d0ab5:c3170, 90c45227-141f-43fe-b831-a2b91b39d6b0:c3170]
2019-07-14 06:26:01,875 INFO  client.GrpcClientProtocolClient (GrpcClientProtocolClient.java:onNext(255)) - client-D2340BF4DD29->f9fecd82-c7ae-483e-b259-6428f2dfb240: receive RaftClientReply:client-D2340BF4DD29->f9fecd82-c7ae-483e-b259-6428f2dfb240@group-7DE138E597A5, cid=2149, SUCCESS, logIndex=0, commits[f9fecd82-c7ae-483e-b259-6428f2dfb240:c3175, adbfec77-7a0d-4773-aa56-ba0b778d0ab5:c3172, 90c45227-141f-43fe-b831-a2b91b39d6b0:c3172]
2019-07-14 06:26:01,895 INFO  client.GrpcClientProtocolClient (GrpcClientProtocolClient.java:onNext(255)) - client-D2340BF4DD29->f9fecd82-c7ae-483e-b259-6428f2dfb240: receive RaftClientReply:client-D2340BF4DD29->f9fecd82-c7ae-483e-b259-6428f2dfb240@group-7DE138E597A5, cid=2150, SUCCESS, logIndex=3179, commits[f9fecd82-c7ae-483e-b259-6428f2dfb240:c3180, adbfec77-7a0d-4773-aa56-ba0b778d0ab5:c3178, 90c45227-141f-43fe-b831-a2b91b39d6b0:c3178]
2019-07-14 06:26:01,895 INFO  client.GrpcClientProtocolClient (GrpcClientProtocolClient.java:onNext(255)) - client-D2340BF4DD29->f9fecd82-c7ae-483e-b259-6428f2dfb240: receive RaftClientReply:client-D2340BF4DD29->f9fecd82-c7ae-483e-b259-6428f2dfb240@group-7DE138E597A5, cid=2151, SUCCESS, logIndex=3180, commits[f9fecd82-c7ae-483e-b259-6428f2dfb240:c3180, adbfec77-7a0d-4773-aa56-ba0b778d0ab5:c3178, 90c45227-141f-43fe-b831-a2b91b39d6b0:c3178]
2019-07-14 06:26:01,917 INFO  client.GrpcClientProtocolClient (GrpcClientProtocolClient.java:onNext(255)) - client-D2340BF4DD29->f9fecd82-c7ae-483e-b259-6428f2dfb240: receive RaftClientReply:client-D2340BF4DD29->f9fecd82-c7ae-483e-b259-6428f2dfb240@group-7DE138E597A5, cid=2152, SUCCESS, logIndex=3183, commits[f9fecd82-c7ae-483e-b259-6428f2dfb240:c3184, adbfec77-7a0d-4773-aa56-ba0b778d0ab5:c3182, 90c45227-141f-43fe-b831-a2b91b39d6b0:c3182]
2019-07-14 06:26:01,917 INFO  client.GrpcClientProtocolClient (GrpcClientProtocolClient.java:onNext(255)) - client-D2340BF4DD29->f9fecd82-c7ae-483e-b259-6428f2dfb240: receive RaftClientReply:client-D2340BF4DD29->f9fecd82-c7ae-483e-b259-6428f2dfb240@group-7DE138E597A5, cid=2153, SUCCESS, logIndex=3184, commits[f9fecd82-c7ae-483e-b259-6428f2dfb240:c3184, adbfec77-7a0d-4773-aa56-ba0b778d0ab5:c3182, 90c45227-141f-43fe-b831-a2b91b39d6b0:c3182]
2019-07-14 06:26:01,931 INFO  client.GrpcClientProtocolClient (GrpcClientProtocolClient.java:onNext(255)) - client-D2340BF4DD29->f9fecd82-c7ae-483e-b259-6428f2dfb240: receive RaftClientReply:client-D2340BF4DD29->f9fecd82-c7ae-483e-b259-6428f2dfb240@group-7DE138E597A5, cid=2154, SUCCESS, logIndex=0, commits[f9fecd82-c7ae-483e-b259-6428f2dfb240:c3186, adbfec77-7a0d-4773-aa56-ba0b778d0ab5:c3184, 90c45227-141f-43fe-b831-a2b91b39d6b0:c3184]
2019-07-14 06:26:01,961 INFO  client.GrpcClientProtocolClient (GrpcClientProtocolClient.java:onNext(255)) - client-D2340BF4DD29->f9fecd82-c7ae-483e-b259-6428f2dfb240: receive RaftClientReply:client-D2340BF4DD29->f9fecd82-c7ae-483e-b259-6428f2dfb240@group-7DE138E597A5, cid=2155, SUCCESS, logIndex=3187, commits[f9fecd82-c7ae-483e-b259-6428f2dfb240:c3188, adbfec77-7a0d-4773-aa56-ba0b778d0ab5:c3186, 90c45227-141f-43fe-b831-a2b91b39d6b0:c3186]
2019-07-14 06:26:01,962 INFO  client.GrpcClientProtocolClient (GrpcClientProtocolClient.java:onNext(255)) - client-D2340BF4DD29->f9fecd82-c7ae-483e-b259-6428f2dfb240: receive RaftClientReply:client-D2340BF4DD29->f9fecd82-c7ae-483e-b259-6428f2dfb240@group-7DE138E597A5, cid=2156, SUCCESS, logIndex=3188, commits[f9fecd82-c7ae-483e-b259-6428f2dfb240:c3188, adbfec77-7a0d-4773-aa56-ba0b778d0ab5:c3186, 90c45227-141f-43fe-b831-a2b91b39d6b0:c3186]
2019-07-14 06:26:01,962 INFO  client.GrpcClientProtocolClient (GrpcClientProtocolClient.java:onNext(255)) - client-D2340BF4DD29->f9fecd82-c7ae-483e-b259-6428f2dfb240: receive RaftClientReply:client-D2340BF4DD29->f9fecd82-c7ae-483e-b259-6428f2dfb240@group-7DE138E597A5, cid=2157, SUCCESS, logIndex=3189, commits[f9fecd82-c7ae-483e-b259-6428f2dfb240:c3190, adbfec77-7a0d-4773-aa56-ba0b778d0ab5:c3186, 90c45227-141f-43fe-b831-a2b91b39d6b0:c3186]
2019-07-14 06:26:01,962 INFO  client.GrpcClientProtocolClient (GrpcClientProtocolClient.java:onNext(255)) - client-D2340BF4DD29->f9fecd82-c7ae-483e-b259-6428f2dfb240: receive RaftClientReply:client-D2340BF4DD29->f9fecd82-c7ae-483e-b259-6428f2dfb240@group-7DE138E597A5, cid=2158, SUCCESS, logIndex=3190, commits[f9fecd82-c7ae-483e-b259-6428f2dfb240:c3190, adbfec77-7a0d-4773-aa56-ba0b778d0ab5:c3186, 90c45227-141f-43fe-b831-a2b91b39d6b0:c3186]
2019-07-14 06:26:01,975 INFO  client.GrpcClientProtocolClient (GrpcClientProtocolClient.java:onNext(255)) - client-D2340BF4DD29->f9fecd82-c7ae-483e-b259-6428f2dfb240: receive RaftClientReply:client-D2340BF4DD29->f9fecd82-c7ae-483e-b259-6428f2dfb240@group-7DE138E597A5, cid=2159, SUCCESS, logIndex=0, commits[f9fecd82-c7ae-483e-b259-6428f2dfb240:c3192, adbfec77-7a0d-4773-aa56-ba0b778d0ab5:c3188, 90c45227-141f-43fe-b831-a2b91b39d6b0:c3188]
2019-07-14 06:26:01,994 INFO  client.GrpcClientProtocolClient (GrpcClientProtocolClient.java:onNext(255)) - client-D2340BF4DD29->f9fecd82-c7ae-483e-b259-6428f2dfb240: receive RaftClientReply:client-D2340BF4DD29->f9fecd82-c7ae-483e-b259-6428f2dfb240@group-7DE138E597A5, cid=2160, SUCCESS, logIndex=3195, commits[f9fecd82-c7ae-483e-b259-6428f2dfb240:c3196, adbfec77-7a0d-4773-aa56-ba0b778d0ab5:c3194, 90c45227-141f-43fe-b831-a2b91b39d6b0:c3194]
2019-07-14 06:26:01,995 INFO  client.GrpcClientProtocolClient (GrpcClientProtocolClient.java:onNext(255)) - client-D2340BF4DD29->f9fecd82-c7ae-483e-b259-6428f2dfb240: receive RaftClientReply:client-D2340BF4DD29->f9fecd82-c7ae-483e-b259-6428f2dfb240@group-7DE138E597A5, cid=2161, SUCCESS, logIndex=3196, commits[f9fecd82-c7ae-483e-b259-6428f2dfb240:c3196, adbfec77-7a0d-4773-aa56-ba0b778d0ab5:c3194, 90c45227-141f-43fe-b831-a2b91b39d6b0:c3194]
2019-07-14 06:26:02,010 INFO  client.GrpcClientProtocolClient (GrpcClientProtocolClient.java:onNext(255)) - client-D2340BF4DD29->f9fecd82-c7ae-483e-b259-6428f2dfb240: receive RaftClientReply:client-D2340BF4DD29->f9fecd82-c7ae-483e-b259-6428f2dfb240@group-7DE138E597A5, cid=2162, SUCCESS, logIndex=3199, commits[f9fecd82-c7ae-483e-b259-6428f2dfb240:c3200, adbfec77-7a0d-4773-aa56-ba0b778d0ab5:c3196, 90c45227-141f-43fe-b831-a2b91b39d6b0:c3196]
2019-07-14 06:26:02,010 INFO  client.GrpcClientProtocolClient (GrpcClientProtocolClient.java:onNext(255)) - client-D2340BF4DD29->f9fecd82-c7ae-483e-b259-6428f2dfb240: receive RaftClientReply:client-D2340BF4DD29->f9fecd82-c7ae-483e-b259-6428f2dfb240@group-7DE138E597A5, cid=2163, SUCCESS, logIndex=3200, commits[f9fecd82-c7ae-483e-b259-6428f2dfb240:c3200, adbfec77-7a0d-4773-aa56-ba0b778d0ab5:c3196, 90c45227-141f-43fe-b831-a2b91b39d6b0:c3196]
2019-07-14 06:26:02,033 INFO  client.GrpcClientProtocolClient (GrpcClientProtocolClient.java:onNext(255)) - client-D2340BF4DD29->f9fecd82-c7ae-483e-b259-6428f2dfb240: receive RaftClientReply:client-D2340BF4DD29->f9fecd82-c7ae-483e-b259-6428f2dfb240@group-7DE138E597A5, cid=2164, SUCCESS, logIndex=0, commits[f9fecd82-c7ae-483e-b259-6428f2dfb240:c3202, adbfec77-7a0d-4773-aa56-ba0b778d0ab5:c3200, 90c45227-141f-43fe-b831-a2b91b39d6b0:c3200]
2019-07-14 06:26:02,065 INFO  client.GrpcClientProtocolClient (GrpcClientProtocolClient.java:onNext(255)) - client-D2340BF4DD29->f9fecd82-c7ae-483e-b259-6428f2dfb240: receive RaftClientReply:client-D2340BF4DD29->f9fecd82-c7ae-483e-b259-6428f2dfb240@group-7DE138E597A5, cid=2165, SUCCESS, logIndex=3203, commits[f9fecd82-c7ae-483e-b259-6428f2dfb240:c3205, adbfec77-7a0d-4773-aa56-ba0b778d0ab5:c3202, 90c45227-141f-43fe-b831-a2b91b39d6b0:c3202]
2019-07-14 06:26:02,066 INFO  client.GrpcClientProtocolClient (GrpcClientProtocolClient.java:onNext(255)) - client-D2340BF4DD29->f9fecd82-c7ae-483e-b259-6428f2dfb240: receive RaftClientReply:client-D2340BF4DD29->f9fecd82-c7ae-483e-b259-6428f2dfb240@group-7DE138E597A5, cid=2166, SUCCESS, logIndex=3204, commits[f9fecd82-c7ae-483e-b259-6428f2dfb240:c3206, adbfec77-7a0d-4773-aa56-ba0b778d0ab5:c3202, 90c45227-141f-43fe-b831-a2b91b39d6b0:c3202]
2019-07-14 06:26:02,066 INFO  client.GrpcClientProtocolClient (GrpcClientProtocolClient.java:onNext(255)) - client-D2340BF4DD29->f9fecd82-c7ae-483e-b259-6428f2dfb240: receive RaftClientReply:client-D2340BF4DD29->f9fecd82-c7ae-483e-b259-6428f2dfb240@group-7DE138E597A5, cid=2167, SUCCESS, logIndex=3205, commits[f9fecd82-c7ae-483e-b259-6428f2dfb240:c3206, adbfec77-7a0d-4773-aa56-ba0b778d0ab5:c3202, 90c45227-141f-43fe-b831-a2b91b39d6b0:c3202]
2019-07-14 06:26:02,067 INFO  client.GrpcClientProtocolClient (GrpcClientProtocolClient.java:onNext(255)) - client-D2340BF4DD29->f9fecd82-c7ae-483e-b259-6428f2dfb240: receive RaftClientReply:client-D2340BF4DD29->f9fecd82-c7ae-483e-b259-6428f2dfb240@group-7DE138E597A5, cid=2168, SUCCESS, logIndex=3206, commits[f9fecd82-c7ae-483e-b259-6428f2dfb240:c3206, adbfec77-7a0d-4773-aa56-ba0b778d0ab5:c3202, 90c45227-141f-43fe-b831-a2b91b39d6b0:c3202]
2019-07-14 06:26:02,078 INFO  client.GrpcClientProtocolClient (GrpcClientProtocolClient.java:onNext(255)) - client-D2340BF4DD29->f9fecd82-c7ae-483e-b259-6428f2dfb240: receive RaftClientReply:client-D2340BF4DD29->f9fecd82-c7ae-483e-b259-6428f2dfb240@group-7DE138E597A5, cid=2169, SUCCESS, logIndex=0, commits[f9fecd82-c7ae-483e-b259-6428f2dfb240:c3207, adbfec77-7a0d-4773-aa56-ba0b778d0ab5:c3204, 90c45227-141f-43fe-b831-a2b91b39d6b0:c3204]
2019-07-14 06:26:02,089 INFO  client.GrpcClientProtocolClient (GrpcClientProtocolClient.java:onNext(255)) - client-D2340BF4DD29->f9fecd82-c7ae-483e-b259-6428f2dfb240: receive RaftClientReply:client-D2340BF4DD29->f9fecd82-c7ae-483e-b259-6428f2dfb240@group-7DE138E597A5, cid=2170, SUCCESS, logIndex=3211, commits[f9fecd82-c7ae-483e-b259-6428f2dfb240:c3212, adbfec77-7a0d-4773-aa56-ba0b778d0ab5:c3206, 90c45227-141f-43fe-b831-a2b91b39d6b0:c3210]
2019-07-14 06:26:02,090 INFO  client.GrpcClientProtocolClient (GrpcClientProtocolClient.java:onNext(255)) - client-D2340BF4DD29->f9fecd82-c7ae-483e-b259-6428f2dfb240: receive RaftClientReply:client-D2340BF4DD29->f9fecd82-c7ae-483e-b259-6428f2dfb240@group-7DE138E597A5, cid=2171, SUCCESS, logIndex=3212, commits[f9fecd82-c7ae-483e-b259-6428f2dfb240:c3212, adbfec77-7a0d-4773-aa56-ba0b778d0ab5:c3210, 90c45227-141f-43fe-b831-a2b91b39d6b0:c3210]
2019-07-14 06:26:02,117 INFO  client.GrpcClientProtocolClient (GrpcClientProtocolClient.java:onNext(255)) - client-D2340BF4DD29->f9fecd82-c7ae-483e-b259-6428f2dfb240: receive RaftClientReply:client-D2340BF4DD29->f9fecd82-c7ae-483e-b259-6428f2dfb240@group-7DE138E597A5, cid=2172, SUCCESS, logIndex=3215, commits[f9fecd82-c7ae-483e-b259-6428f2dfb240:c3216, adbfec77-7a0d-4773-aa56-ba0b778d0ab5:c3214, 90c45227-141f-43fe-b831-a2b91b39d6b0:c3212]
2019-07-14 06:26:02,117 INFO  client.GrpcClientProtocolClient (GrpcClientProtocolClient.java:onNext(255)) - client-D2340BF4DD29->f9fecd82-c7ae-483e-b259-6428f2dfb240: receive RaftClientReply:client-D2340BF4DD29->f9fecd82-c7ae-483e-b259-6428f2dfb240@group-7DE138E597A5, cid=2173, SUCCESS, logIndex=3216, commits[f9fecd82-c7ae-483e-b259-6428f2dfb240:c3216, adbfec77-7a0d-4773-aa56-ba0b778d0ab5:c3214, 90c45227-141f-43fe-b831-a2b91b39d6b0:c3214]
2019-07-14 06:26:02,132 INFO  client.GrpcClientProtocolClient (GrpcClientProtocolClient.java:onNext(255)) - client-D2340BF4DD29->f9fecd82-c7ae-483e-b259-6428f2dfb240: receive RaftClientReply:client-D2340BF4DD29->f9fecd82-c7ae-483e-b259-6428f2dfb240@group-7DE138E597A5, cid=2174, SUCCESS, logIndex=0, commits[f9fecd82-c7ae-483e-b259-6428f2dfb240:c3218, adbfec77-7a0d-4773-aa56-ba0b778d0ab5:c3216, 90c45227-141f-43fe-b831-a2b91b39d6b0:c3216]
2019-07-14 06:26:02,277 INFO  client.GrpcClientProtocolClient (GrpcClientProtocolClient.java:onNext(255)) - client-D2340BF4DD29->f9fecd82-c7ae-483e-b259-6428f2dfb240: receive RaftClientReply:client-D2340BF4DD29->f9fecd82-c7ae-483e-b259-6428f2dfb240@group-7DE138E597A5, cid=2175, SUCCESS, logIndex=3219, commits[f9fecd82-c7ae-483e-b259-6428f2dfb240:c3220, adbfec77-7a0d-4773-aa56-ba0b778d0ab5:c3218, 90c45227-141f-43fe-b831-a2b91b39d6b0:c3218]
2019-07-14 06:26:02,277 INFO  client.GrpcClientProtocolClient (GrpcClientProtocolClient.java:onNext(255)) - client-D2340BF4DD29->f9fecd82-c7ae-483e-b259-6428f2dfb240: receive RaftClientReply:client-D2340BF4DD29->f9fecd82-c7ae-483e-b259-6428f2dfb240@group-7DE138E597A5, cid=2176, SUCCESS, logIndex=3220, commits[f9fecd82-c7ae-483e-b259-6428f2dfb240:c3221, adbfec77-7a0d-4773-aa56-ba0b778d0ab5:c3218, 90c45227-141f-43fe-b831-a2b91b39d6b0:c3218]
2019-07-14 06:26:02,278 INFO  client.GrpcClientProtocolClient (GrpcClientProtocolClient.java:onNext(255)) - client-D2340BF4DD29->f9fecd82-c7ae-483e-b259-6428f2dfb240: receive RaftClientReply:client-D2340BF4DD29->f9fecd82-c7ae-483e-b259-6428f2dfb240@group-7DE138E597A5, cid=2177, SUCCESS, logIndex=3221, commits[f9fecd82-c7ae-483e-b259-6428f2dfb240:c3221, adbfec77-7a0d-4773-aa56-ba0b778d0ab5:c3218, 90c45227-141f-43fe-b831-a2b91b39d6b0:c3218]
2019-07-14 06:26:02,278 INFO  client.GrpcClientProtocolClient (GrpcClientProtocolClient.java:onNext(255)) - client-D2340BF4DD29->f9fecd82-c7ae-483e-b259-6428f2dfb240: receive RaftClientReply:client-D2340BF4DD29->f9fecd82-c7ae-483e-b259-6428f2dfb240@group-7DE138E597A5, cid=2178, SUCCESS, logIndex=3222, commits[f9fecd82-c7ae-483e-b259-6428f2dfb240:c3222, adbfec77-7a0d-4773-aa56-ba0b778d0ab5:c3218, 90c45227-141f-43fe-b831-a2b91b39d6b0:c3218]
2019-07-14 06:26:02,291 INFO  client.GrpcClientProtocolClient (GrpcClientProtocolClient.java:onNext(255)) - client-D2340BF4DD29->f9fecd82-c7ae-483e-b259-6428f2dfb240: receive RaftClientReply:client-D2340BF4DD29->f9fecd82-c7ae-483e-b259-6428f2dfb240@group-7DE138E597A5, cid=2179, SUCCESS, logIndex=0, commits[f9fecd82-c7ae-483e-b259-6428f2dfb240:c3224, adbfec77-7a0d-4773-aa56-ba0b778d0ab5:c3220, 90c45227-141f-43fe-b831-a2b91b39d6b0:c3220]
2019-07-14 06:26:02,307 INFO  client.GrpcClientProtocolClient (GrpcClientProtocolClient.java:onNext(255)) - client-D2340BF4DD29->f9fecd82-c7ae-483e-b259-6428f2dfb240: receive RaftClientReply:client-D2340BF4DD29->f9fecd82-c7ae-483e-b259-6428f2dfb240@group-7DE138E597A5, cid=2180, SUCCESS, logIndex=3227, commits[f9fecd82-c7ae-483e-b259-6428f2dfb240:c3227, adbfec77-7a0d-4773-aa56-ba0b778d0ab5:c3226, 90c45227-141f-43fe-b831-a2b91b39d6b0:c3226]
2019-07-14 06:26:02,308 INFO  client.GrpcClientProtocolClient (GrpcClientProtocolClient.java:onNext(255)) - client-D2340BF4DD29->f9fecd82-c7ae-483e-b259-6428f2dfb240: receive RaftClientReply:client-D2340BF4DD29->f9fecd82-c7ae-483e-b259-6428f2dfb240@group-7DE138E597A5, cid=2181, SUCCESS, logIndex=3228, commits[f9fecd82-c7ae-483e-b259-6428f2dfb240:c3228, adbfec77-7a0d-4773-aa56-ba0b778d0ab5:c3226, 90c45227-141f-43fe-b831-a2b91b39d6b0:c3226]
2019-07-14 06:26:02,323 INFO  client.GrpcClientProtocolClient (GrpcClientProtocolClient.java:onNext(255)) - client-D2340BF4DD29->f9fecd82-c7ae-483e-b259-6428f2dfb240: receive RaftClientReply:client-D2340BF4DD29->f9fecd82-c7ae-483e-b259-6428f2dfb240@group-7DE138E597A5, cid=2182, SUCCESS, logIndex=3231, commits[f9fecd82-c7ae-483e-b259-6428f2dfb240:c3232, adbfec77-7a0d-4773-aa56-ba0b778d0ab5:c3228, 90c45227-141f-43fe-b831-a2b91b39d6b0:c3228]
2019-07-14 06:26:02,323 INFO  client.GrpcClientProtocolClient (GrpcClientProtocolClient.java:onNext(255)) - client-D2340BF4DD29->f9fecd82-c7ae-483e-b259-6428f2dfb240: receive RaftClientReply:client-D2340BF4DD29->f9fecd82-c7ae-483e-b259-6428f2dfb240@group-7DE138E597A5, cid=2183, SUCCESS, logIndex=3232, commits[f9fecd82-c7ae-483e-b259-6428f2dfb240:c3232, adbfec77-7a0d-4773-aa56-ba0b778d0ab5:c3228, 90c45227-141f-43fe-b831-a2b91b39d6b0:c3228]
2019-07-14 06:26:02,335 INFO  client.GrpcClientProtocolClient (GrpcClientProtocolClient.java:onNext(255)) - client-D2340BF4DD29->f9fecd82-c7ae-483e-b259-6428f2dfb240: receive RaftClientReply:client-D2340BF4DD29->f9fecd82-c7ae-483e-b259-6428f2dfb240@group-7DE138E597A5, cid=2184, SUCCESS, logIndex=0, commits[f9fecd82-c7ae-483e-b259-6428f2dfb240:c3233, adbfec77-7a0d-4773-aa56-ba0b778d0ab5:c3232, 90c45227-141f-43fe-b831-a2b91b39d6b0:c3232]
2019-07-14 06:26:02,367 INFO  client.GrpcClientProtocolClient (GrpcClientProtocolClient.java:onNext(255)) - client-D2340BF4DD29->f9fecd82-c7ae-483e-b259-6428f2dfb240: receive RaftClientReply:client-D2340BF4DD29->f9fecd82-c7ae-483e-b259-6428f2dfb240@group-7DE138E597A5, cid=2185, SUCCESS, logIndex=3235, commits[f9fecd82-c7ae-483e-b259-6428f2dfb240:c3236, adbfec77-7a0d-4773-aa56-ba0b778d0ab5:c3234, 90c45227-141f-43fe-b831-a2b91b39d6b0:c3234]
2019-07-14 06:26:02,368 INFO  client.GrpcClientProtocolClient (GrpcClientProtocolClient.java:onNext(255)) - client-D2340BF4DD29->f9fecd82-c7ae-483e-b259-6428f2dfb240: receive RaftClientReply:client-D2340BF4DD29->f9fecd82-c7ae-483e-b259-6428f2dfb240@group-7DE138E597A5, cid=2186, SUCCESS, logIndex=3236, commits[f9fecd82-c7ae-483e-b259-6428f2dfb240:c3238, adbfec77-7a0d-4773-aa56-ba0b778d0ab5:c3234, 90c45227-141f-43fe-b831-a2b91b39d6b0:c3234]
2019-07-14 06:26:02,369 INFO  client.GrpcClientProtocolClient (GrpcClientProtocolClient.java:onNext(255)) - client-D2340BF4DD29->f9fecd82-c7ae-483e-b259-6428f2dfb240: receive RaftClientReply:client-D2340BF4DD29->f9fecd82-c7ae-483e-b259-6428f2dfb240@group-7DE138E597A5, cid=2187, SUCCESS, logIndex=3237, commits[f9fecd82-c7ae-483e-b259-6428f2dfb240:c3238, adbfec77-7a0d-4773-aa56-ba0b778d0ab5:c3234, 90c45227-141f-43fe-b831-a2b91b39d6b0:c3234]
2019-07-14 06:26:02,369 INFO  client.GrpcClientProtocolClient (GrpcClientProtocolClient.java:onNext(255)) - client-D2340BF4DD29->f9fecd82-c7ae-483e-b259-6428f2dfb240: receive RaftClientReply:client-D2340BF4DD29->f9fecd82-c7ae-483e-b259-6428f2dfb240@group-7DE138E597A5, cid=2188, SUCCESS, logIndex=3238, commits[f9fecd82-c7ae-483e-b259-6428f2dfb240:c3239, adbfec77-7a0d-4773-aa56-ba0b778d0ab5:c3234, 90c45227-141f-43fe-b831-a2b91b39d6b0:c3236]
2019-07-14 06:26:02,371 INFO  client.GrpcClientProtocolClient (GrpcClientProtocolClient.java:onNext(255)) - client-D2340BF4DD29->f9fecd82-c7ae-483e-b259-6428f2dfb240: receive RaftClientReply:client-D2340BF4DD29->f9fecd82-c7ae-483e-b259-6428f2dfb240@group-7DE138E597A5, cid=2189, SUCCESS, logIndex=0, commits[f9fecd82-c7ae-483e-b259-6428f2dfb240:c3242, adbfec77-7a0d-4773-aa56-ba0b778d0ab5:c3237, 90c45227-141f-43fe-b831-a2b91b39d6b0:c3238]
2019-07-14 06:26:02,383 INFO  client.GrpcClientProtocolClient (GrpcClientProtocolClient.java:onNext(255)) - client-D2340BF4DD29->f9fecd82-c7ae-483e-b259-6428f2dfb240: receive RaftClientReply:client-D2340BF4DD29->f9fecd82-c7ae-483e-b259-6428f2dfb240@group-7DE138E597A5, cid=2190, SUCCESS, logIndex=3243, commits[f9fecd82-c7ae-483e-b259-6428f2dfb240:c3244, adbfec77-7a0d-4773-aa56-ba0b778d0ab5:c3242, 90c45227-141f-43fe-b831-a2b91b39d6b0:c3238]
2019-07-14 06:26:02,383 INFO  client.GrpcClientProtocolClient (GrpcClientProtocolClient.java:onNext(255)) - client-D2340BF4DD29->f9fecd82-c7ae-483e-b259-6428f2dfb240: receive RaftClientReply:client-D2340BF4DD29->f9fecd82-c7ae-483e-b259-6428f2dfb240@group-7DE138E597A5, cid=2191, SUCCESS, logIndex=3244, commits[f9fecd82-c7ae-483e-b259-6428f2dfb240:c3244, adbfec77-7a0d-4773-aa56-ba0b778d0ab5:c3242, 90c45227-141f-43fe-b831-a2b91b39d6b0:c3242]
2019-07-14 06:26:02,418 INFO  client.GrpcClientProtocolClient (GrpcClientProtocolClient.java:onNext(255)) - client-D2340BF4DD29->f9fecd82-c7ae-483e-b259-6428f2dfb240: receive RaftClientReply:client-D2340BF4DD29->f9fecd82-c7ae-483e-b259-6428f2dfb240@group-7DE138E597A5, cid=2192, SUCCESS, logIndex=3247, commits[f9fecd82-c7ae-483e-b259-6428f2dfb240:c3248, adbfec77-7a0d-4773-aa56-ba0b778d0ab5:c3246, 90c45227-141f-43fe-b831-a2b91b39d6b0:c3246]
2019-07-14 06:26:02,418 INFO  client.GrpcClientProtocolClient (GrpcClientProtocolClient.java:onNext(255)) - client-D2340BF4DD29->f9fecd82-c7ae-483e-b259-6428f2dfb240: receive RaftClientReply:client-D2340BF4DD29->f9fecd82-c7ae-483e-b259-6428f2dfb240@group-7DE138E597A5, cid=2193, SUCCESS, logIndex=3248, commits[f9fecd82-c7ae-483e-b259-6428f2dfb240:c3248, adbfec77-7a0d-4773-aa56-ba0b778d0ab5:c3246, 90c45227-141f-43fe-b831-a2b91b39d6b0:c3246]
2019-07-14 06:26:02,429 INFO  client.GrpcClientProtocolClient (GrpcClientProtocolClient.java:onNext(255)) - client-D2340BF4DD29->f9fecd82-c7ae-483e-b259-6428f2dfb240: receive RaftClientReply:client-D2340BF4DD29->f9fecd82-c7ae-483e-b259-6428f2dfb240@group-7DE138E597A5, cid=2194, SUCCESS, logIndex=0, commits[f9fecd82-c7ae-483e-b259-6428f2dfb240:c3249, adbfec77-7a0d-4773-aa56-ba0b778d0ab5:c3248, 90c45227-141f-43fe-b831-a2b91b39d6b0:c3248]
2019-07-14 06:26:02,461 INFO  client.GrpcClientProtocolClient (GrpcClientProtocolClient.java:onNext(255)) - client-D2340BF4DD29->f9fecd82-c7ae-483e-b259-6428f2dfb240: receive RaftClientReply:client-D2340BF4DD29->f9fecd82-c7ae-483e-b259-6428f2dfb240@group-7DE138E597A5, cid=2195, SUCCESS, logIndex=3251, commits[f9fecd82-c7ae-483e-b259-6428f2dfb240:c3252, adbfec77-7a0d-4773-aa56-ba0b778d0ab5:c3250, 90c45227-141f-43fe-b831-a2b91b39d6b0:c3250]
2019-07-14 06:26:02,461 INFO  client.GrpcClientProtocolClient (GrpcClientProtocolClient.java:onNext(255)) - client-D2340BF4DD29->f9fecd82-c7ae-483e-b259-6428f2dfb240: receive RaftClientReply:client-D2340BF4DD29->f9fecd82-c7ae-483e-b259-6428f2dfb240@group-7DE138E597A5, cid=2196, SUCCESS, logIndex=3252, commits[f9fecd82-c7ae-483e-b259-6428f2dfb240:c3252, adbfec77-7a0d-4773-aa56-ba0b778d0ab5:c3250, 90c45227-141f-43fe-b831-a2b91b39d6b0:c3250]
2019-07-14 06:26:02,463 INFO  client.GrpcClientProtocolClient (GrpcClientProtocolClient.java:onNext(255)) - client-D2340BF4DD29->f9fecd82-c7ae-483e-b259-6428f2dfb240: receive RaftClientReply:client-D2340BF4DD29->f9fecd82-c7ae-483e-b259-6428f2dfb240@group-7DE138E597A5, cid=2197, SUCCESS, logIndex=3253, commits[f9fecd82-c7ae-483e-b259-6428f2dfb240:c3254, adbfec77-7a0d-4773-aa56-ba0b778d0ab5:c3250, 90c45227-141f-43fe-b831-a2b91b39d6b0:c3250]
2019-07-14 06:26:02,464 INFO  client.GrpcClientProtocolClient (GrpcClientProtocolClient.java:onNext(255)) - client-D2340BF4DD29->f9fecd82-c7ae-483e-b259-6428f2dfb240: receive RaftClientReply:client-D2340BF4DD29->f9fecd82-c7ae-483e-b259-6428f2dfb240@group-7DE138E597A5, cid=2198, SUCCESS, logIndex=3254, commits[f9fecd82-c7ae-483e-b259-6428f2dfb240:c3254, adbfec77-7a0d-4773-aa56-ba0b778d0ab5:c3250, 90c45227-141f-43fe-b831-a2b91b39d6b0:c3250]
2019-07-14 06:26:02,476 INFO  client.GrpcClientProtocolClient (GrpcClientProtocolClient.java:onNext(255)) - client-D2340BF4DD29->f9fecd82-c7ae-483e-b259-6428f2dfb240: receive RaftClientReply:client-D2340BF4DD29->f9fecd82-c7ae-483e-b259-6428f2dfb240@group-7DE138E597A5, cid=2199, SUCCESS, logIndex=0, commits[f9fecd82-c7ae-483e-b259-6428f2dfb240:c3256, adbfec77-7a0d-4773-aa56-ba0b778d0ab5:c3252, 90c45227-141f-43fe-b831-a2b91b39d6b0:c3252]
2019-07-14 06:26:02,502 INFO  client.GrpcClientProtocolClient (GrpcClientProtocolClient.java:onNext(255)) - client-D2340BF4DD29->f9fecd82-c7ae-483e-b259-6428f2dfb240: receive RaftClientReply:client-D2340BF4DD29->f9fecd82-c7ae-483e-b259-6428f2dfb240@group-7DE138E597A5, cid=2200, SUCCESS, logIndex=3259, commits[f9fecd82-c7ae-483e-b259-6428f2dfb240:c3260, adbfec77-7a0d-4773-aa56-ba0b778d0ab5:c3256, 90c45227-141f-43fe-b831-a2b91b39d6b0:c3256]
2019-07-14 06:26:02,502 INFO  client.GrpcClientProtocolClient (GrpcClientProtocolClient.java:onNext(255)) - client-D2340BF4DD29->f9fecd82-c7ae-483e-b259-6428f2dfb240: receive RaftClientReply:client-D2340BF4DD29->f9fecd82-c7ae-483e-b259-6428f2dfb240@group-7DE138E597A5, cid=2201, SUCCESS, logIndex=3260, commits[f9fecd82-c7ae-483e-b259-6428f2dfb240:c3260, adbfec77-7a0d-4773-aa56-ba0b778d0ab5:c3256, 90c45227-141f-43fe-b831-a2b91b39d6b0:c3256]
2019-07-14 06:26:02,529 INFO  client.GrpcClientProtocolClient (GrpcClientProtocolClient.java:onNext(255)) - client-D2340BF4DD29->f9fecd82-c7ae-483e-b259-6428f2dfb240: receive RaftClientReply:client-D2340BF4DD29->f9fecd82-c7ae-483e-b259-6428f2dfb240@group-7DE138E597A5, cid=2202, SUCCESS, logIndex=3263, commits[f9fecd82-c7ae-483e-b259-6428f2dfb240:c3263, adbfec77-7a0d-4773-aa56-ba0b778d0ab5:c3260, 90c45227-141f-43fe-b831-a2b91b39d6b0:c3260]
2019-07-14 06:26:02,529 INFO  client.GrpcClientProtocolClient (GrpcClientProtocolClient.java:onNext(255)) - client-D2340BF4DD29->f9fecd82-c7ae-483e-b259-6428f2dfb240: receive RaftClientReply:client-D2340BF4DD29->f9fecd82-c7ae-483e-b259-6428f2dfb240@group-7DE138E597A5, cid=2203, SUCCESS, logIndex=3264, commits[f9fecd82-c7ae-483e-b259-6428f2dfb240:c3264, adbfec77-7a0d-4773-aa56-ba0b778d0ab5:c3260, 90c45227-141f-43fe-b831-a2b91b39d6b0:c3260]
2019-07-14 06:26:02,554 INFO  client.GrpcClientProtocolClient (GrpcClientProtocolClient.java:onNext(255)) - client-D2340BF4DD29->f9fecd82-c7ae-483e-b259-6428f2dfb240: receive RaftClientReply:client-D2340BF4DD29->f9fecd82-c7ae-483e-b259-6428f2dfb240@group-7DE138E597A5, cid=2204, SUCCESS, logIndex=0, commits[f9fecd82-c7ae-483e-b259-6428f2dfb240:c3265, adbfec77-7a0d-4773-aa56-ba0b778d0ab5:c3264, 90c45227-141f-43fe-b831-a2b91b39d6b0:c3264]
2019-07-14 06:26:02,577 INFO  client.GrpcClientProtocolClient (GrpcClientProtocolClient.java:onNext(255)) - client-D2340BF4DD29->f9fecd82-c7ae-483e-b259-6428f2dfb240: receive RaftClientReply:client-D2340BF4DD29->f9fecd82-c7ae-483e-b259-6428f2dfb240@group-7DE138E597A5, cid=2205, SUCCESS, logIndex=3267, commits[f9fecd82-c7ae-483e-b259-6428f2dfb240:c3268, adbfec77-7a0d-4773-aa56-ba0b778d0ab5:c3266, 90c45227-141f-43fe-b831-a2b91b39d6b0:c3266]
2019-07-14 06:26:02,578 INFO  client.GrpcClientProtocolClient (GrpcClientProtocolClient.java:onNext(255)) - client-D2340BF4DD29->f9fecd82-c7ae-483e-b259-6428f2dfb240: receive RaftClientReply:client-D2340BF4DD29->f9fecd82-c7ae-483e-b259-6428f2dfb240@group-7DE138E597A5, cid=2206, SUCCESS, logIndex=3268, commits[f9fecd82-c7ae-483e-b259-6428f2dfb240:c3268, adbfec77-7a0d-4773-aa56-ba0b778d0ab5:c3266, 90c45227-141f-43fe-b831-a2b91b39d6b0:c3266]
2019-07-14 06:26:02,581 INFO  client.GrpcClientProtocolClient (GrpcClientProtocolClient.java:onNext(255)) - client-D2340BF4DD29->f9fecd82-c7ae-483e-b259-6428f2dfb240: receive RaftClientReply:client-D2340BF4DD29->f9fecd82-c7ae-483e-b259-6428f2dfb240@group-7DE138E597A5, cid=2207, SUCCESS, logIndex=3269, commits[f9fecd82-c7ae-483e-b259-6428f2dfb240:c3269, adbfec77-7a0d-4773-aa56-ba0b778d0ab5:c3266, 90c45227-141f-43fe-b831-a2b91b39d6b0:c3266]
2019-07-14 06:26:02,582 INFO  client.GrpcClientProtocolClient (GrpcClientProtocolClient.java:onNext(255)) - client-D2340BF4DD29->f9fecd82-c7ae-483e-b259-6428f2dfb240: receive RaftClientReply:client-D2340BF4DD29->f9fecd82-c7ae-483e-b259-6428f2dfb240@group-7DE138E597A5, cid=2208, SUCCESS, logIndex=3270, commits[f9fecd82-c7ae-483e-b259-6428f2dfb240:c3271, adbfec77-7a0d-4773-aa56-ba0b778d0ab5:c3266, 90c45227-141f-43fe-b831-a2b91b39d6b0:c3268]
2019-07-14 06:26:02,584 INFO  client.GrpcClientProtocolClient (GrpcClientProtocolClient.java:onNext(255)) - client-D2340BF4DD29->f9fecd82-c7ae-483e-b259-6428f2dfb240: receive RaftClientReply:client-D2340BF4DD29->f9fecd82-c7ae-483e-b259-6428f2dfb240@group-7DE138E597A5, cid=2209, SUCCESS, logIndex=0, commits[f9fecd82-c7ae-483e-b259-6428f2dfb240:c3272, adbfec77-7a0d-4773-aa56-ba0b778d0ab5:c3268, 90c45227-141f-43fe-b831-a2b91b39d6b0:c3269]
2019-07-14 06:26:02,596 INFO  client.GrpcClientProtocolClient (GrpcClientProtocolClient.java:onNext(255)) - client-D2340BF4DD29->f9fecd82-c7ae-483e-b259-6428f2dfb240: receive RaftClientReply:client-D2340BF4DD29->f9fecd82-c7ae-483e-b259-6428f2dfb240@group-7DE138E597A5, cid=2210, SUCCESS, logIndex=3274, commits[f9fecd82-c7ae-483e-b259-6428f2dfb240:c3275, adbfec77-7a0d-4773-aa56-ba0b778d0ab5:c3273, 90c45227-141f-43fe-b831-a2b91b39d6b0:c3269]
2019-07-14 06:26:02,596 INFO  client.GrpcClientProtocolClient (GrpcClientProtocolClient.java:onNext(255)) - client-D2340BF4DD29->f9fecd82-c7ae-483e-b259-6428f2dfb240: receive RaftClientReply:client-D2340BF4DD29->f9fecd82-c7ae-483e-b259-6428f2dfb240@group-7DE138E597A5, cid=2211, SUCCESS, logIndex=3275, commits[f9fecd82-c7ae-483e-b259-6428f2dfb240:c3275, adbfec77-7a0d-4773-aa56-ba0b778d0ab5:c3273, 90c45227-141f-43fe-b831-a2b91b39d6b0:c3273]
2019-07-14 06:26:02,607 INFO  client.GrpcClientProtocolClient (GrpcClientProtocolClient.java:onNext(255)) - client-D2340BF4DD29->f9fecd82-c7ae-483e-b259-6428f2dfb240: receive RaftClientReply:client-D2340BF4DD29->f9fecd82-c7ae-483e-b259-6428f2dfb240@group-7DE138E597A5, cid=2212, SUCCESS, logIndex=3278, commits[f9fecd82-c7ae-483e-b259-6428f2dfb240:c3279, adbfec77-7a0d-4773-aa56-ba0b778d0ab5:c3277, 90c45227-141f-43fe-b831-a2b91b39d6b0:c3275]
2019-07-14 06:26:02,608 INFO  client.GrpcClientProtocolClient (GrpcClientProtocolClient.java:onNext(255)) - client-D2340BF4DD29->f9fecd82-c7ae-483e-b259-6428f2dfb240: receive RaftClientReply:client-D2340BF4DD29->f9fecd82-c7ae-483e-b259-6428f2dfb240@group-7DE138E597A5, cid=2213, SUCCESS, logIndex=3279, commits[f9fecd82-c7ae-483e-b259-6428f2dfb240:c3279, adbfec77-7a0d-4773-aa56-ba0b778d0ab5:c3277, 90c45227-141f-43fe-b831-a2b91b39d6b0:c3277]
2019-07-14 06:26:02,610 INFO  client.GrpcClientProtocolClient (GrpcClientProtocolClient.java:onNext(255)) - client-D2340BF4DD29->f9fecd82-c7ae-483e-b259-6428f2dfb240: receive RaftClientReply:client-D2340BF4DD29->f9fecd82-c7ae-483e-b259-6428f2dfb240@group-7DE138E597A5, cid=2214, SUCCESS, logIndex=0, commits[f9fecd82-c7ae-483e-b259-6428f2dfb240:c3280, adbfec77-7a0d-4773-aa56-ba0b778d0ab5:c3279, 90c45227-141f-43fe-b831-a2b91b39d6b0:c3279]
2019-07-14 06:26:02,633 INFO  client.GrpcClientProtocolClient (GrpcClientProtocolClient.java:onNext(255)) - client-D2340BF4DD29->f9fecd82-c7ae-483e-b259-6428f2dfb240: receive RaftClientReply:client-D2340BF4DD29->f9fecd82-c7ae-483e-b259-6428f2dfb240@group-7DE138E597A5, cid=2215, SUCCESS, logIndex=3282, commits[f9fecd82-c7ae-483e-b259-6428f2dfb240:c3283, adbfec77-7a0d-4773-aa56-ba0b778d0ab5:c3279, 90c45227-141f-43fe-b831-a2b91b39d6b0:c3281]
2019-07-14 06:26:02,634 INFO  client.GrpcClientProtocolClient (GrpcClientProtocolClient.java:onNext(255)) - client-D2340BF4DD29->f9fecd82-c7ae-483e-b259-6428f2dfb240: receive RaftClientReply:client-D2340BF4DD29->f9fecd82-c7ae-483e-b259-6428f2dfb240@group-7DE138E597A5, cid=2216, SUCCESS, logIndex=3283, commits[f9fecd82-c7ae-483e-b259-6428f2dfb240:c3283, adbfec77-7a0d-4773-aa56-ba0b778d0ab5:c3279, 90c45227-141f-43fe-b831-a2b91b39d6b0:c3281]
2019-07-14 06:26:02,635 INFO  client.GrpcClientProtocolClient (GrpcClientProtocolClient.java:onNext(255)) - client-D2340BF4DD29->f9fecd82-c7ae-483e-b259-6428f2dfb240: receive RaftClientReply:client-D2340BF4DD29->f9fecd82-c7ae-483e-b259-6428f2dfb240@group-7DE138E597A5, cid=2217, SUCCESS, logIndex=3284, commits[f9fecd82-c7ae-483e-b259-6428f2dfb240:c3285, adbfec77-7a0d-4773-aa56-ba0b778d0ab5:c3281, 90c45227-141f-43fe-b831-a2b91b39d6b0:c3281]
2019-07-14 06:26:02,635 INFO  client.GrpcClientProtocolClient (GrpcClientProtocolClient.java:onNext(255)) - client-D2340BF4DD29->f9fecd82-c7ae-483e-b259-6428f2dfb240: receive RaftClientReply:client-D2340BF4DD29->f9fecd82-c7ae-483e-b259-6428f2dfb240@group-7DE138E597A5, cid=2218, SUCCESS, logIndex=3285, commits[f9fecd82-c7ae-483e-b259-6428f2dfb240:c3285, adbfec77-7a0d-4773-aa56-ba0b778d0ab5:c3281, 90c45227-141f-43fe-b831-a2b91b39d6b0:c3281]
2019-07-14 06:26:02,638 INFO  client.GrpcClientProtocolClient (GrpcClientProtocolClient.java:onNext(255)) - client-D2340BF4DD29->f9fecd82-c7ae-483e-b259-6428f2dfb240: receive RaftClientReply:client-D2340BF4DD29->f9fecd82-c7ae-483e-b259-6428f2dfb240@group-7DE138E597A5, cid=2219, SUCCESS, logIndex=0, commits[f9fecd82-c7ae-483e-b259-6428f2dfb240:c3287, adbfec77-7a0d-4773-aa56-ba0b778d0ab5:c3283, 90c45227-141f-43fe-b831-a2b91b39d6b0:c3283]
2019-07-14 06:26:02,652 INFO  client.GrpcClientProtocolClient (GrpcClientProtocolClient.java:onNext(255)) - client-D2340BF4DD29->f9fecd82-c7ae-483e-b259-6428f2dfb240: receive RaftClientReply:client-D2340BF4DD29->f9fecd82-c7ae-483e-b259-6428f2dfb240@group-7DE138E597A5, cid=2220, SUCCESS, logIndex=3290, commits[f9fecd82-c7ae-483e-b259-6428f2dfb240:c3291, adbfec77-7a0d-4773-aa56-ba0b778d0ab5:c3287, 90c45227-141f-43fe-b831-a2b91b39d6b0:c3285]
2019-07-14 06:26:02,652 INFO  client.GrpcClientProtocolClient (GrpcClientProtocolClient.java:onNext(255)) - client-D2340BF4DD29->f9fecd82-c7ae-483e-b259-6428f2dfb240: receive RaftClientReply:client-D2340BF4DD29->f9fecd82-c7ae-483e-b259-6428f2dfb240@group-7DE138E597A5, cid=2221, SUCCESS, logIndex=3291, commits[f9fecd82-c7ae-483e-b259-6428f2dfb240:c3291, adbfec77-7a0d-4773-aa56-ba0b778d0ab5:c3287, 90c45227-141f-43fe-b831-a2b91b39d6b0:c3287]
2019-07-14 06:26:02,678 INFO  client.GrpcClientProtocolClient (GrpcClientProtocolClient.java:onNext(255)) - client-D2340BF4DD29->f9fecd82-c7ae-483e-b259-6428f2dfb240: receive RaftClientReply:client-D2340BF4DD29->f9fecd82-c7ae-483e-b259-6428f2dfb240@group-7DE138E597A5, cid=2222, SUCCESS, logIndex=3293, commits[f9fecd82-c7ae-483e-b259-6428f2dfb240:c3294, adbfec77-7a0d-4773-aa56-ba0b778d0ab5:c3291, 90c45227-141f-43fe-b831-a2b91b39d6b0:c3291]
2019-07-14 06:26:02,678 INFO  client.GrpcClientProtocolClient (GrpcClientProtocolClient.java:onNext(255)) - client-D2340BF4DD29->f9fecd82-c7ae-483e-b259-6428f2dfb240: receive RaftClientReply:client-D2340BF4DD29->f9fecd82-c7ae-483e-b259-6428f2dfb240@group-7DE138E597A5, cid=2223, SUCCESS, logIndex=3294, commits[f9fecd82-c7ae-483e-b259-6428f2dfb240:c3294, adbfec77-7a0d-4773-aa56-ba0b778d0ab5:c3291, 90c45227-141f-43fe-b831-a2b91b39d6b0:c3291]
2019-07-14 06:26:02,709 INFO  client.GrpcClientProtocolClient (GrpcClientProtocolClient.java:onNext(255)) - client-D2340BF4DD29->f9fecd82-c7ae-483e-b259-6428f2dfb240: receive RaftClientReply:client-D2340BF4DD29->f9fecd82-c7ae-483e-b259-6428f2dfb240@group-7DE138E597A5, cid=2224, SUCCESS, logIndex=0, commits[f9fecd82-c7ae-483e-b259-6428f2dfb240:c3296, adbfec77-7a0d-4773-aa56-ba0b778d0ab5:c3294, 90c45227-141f-43fe-b831-a2b91b39d6b0:c3294]
2019-07-14 06:26:02,741 INFO  client.GrpcClientProtocolClient (GrpcClientProtocolClient.java:onNext(255)) - client-D2340BF4DD29->f9fecd82-c7ae-483e-b259-6428f2dfb240: receive RaftClientReply:client-D2340BF4DD29->f9fecd82-c7ae-483e-b259-6428f2dfb240@group-7DE138E597A5, cid=2225, SUCCESS, logIndex=3297, commits[f9fecd82-c7ae-483e-b259-6428f2dfb240:c3298, adbfec77-7a0d-4773-aa56-ba0b778d0ab5:c3296, 90c45227-141f-43fe-b831-a2b91b39d6b0:c3296]
2019-07-14 06:26:02,741 INFO  client.GrpcClientProtocolClient (GrpcClientProtocolClient.java:onNext(255)) - client-D2340BF4DD29->f9fecd82-c7ae-483e-b259-6428f2dfb240: receive RaftClientReply:client-D2340BF4DD29->f9fecd82-c7ae-483e-b259-6428f2dfb240@group-7DE138E597A5, cid=2226, SUCCESS, logIndex=3298, commits[f9fecd82-c7ae-483e-b259-6428f2dfb240:c3300, adbfec77-7a0d-4773-aa56-ba0b778d0ab5:c3296, 90c45227-141f-43fe-b831-a2b91b39d6b0:c3296]
2019-07-14 06:26:02,742 INFO  client.GrpcClientProtocolClient (GrpcClientProtocolClient.java:onNext(255)) - client-D2340BF4DD29->f9fecd82-c7ae-483e-b259-6428f2dfb240: receive RaftClientReply:client-D2340BF4DD29->f9fecd82-c7ae-483e-b259-6428f2dfb240@group-7DE138E597A5, cid=2227, SUCCESS, logIndex=3299, commits[f9fecd82-c7ae-483e-b259-6428f2dfb240:c3300, adbfec77-7a0d-4773-aa56-ba0b778d0ab5:c3296, 90c45227-141f-43fe-b831-a2b91b39d6b0:c3296]
2019-07-14 06:26:02,742 INFO  client.GrpcClientProtocolClient (GrpcClientProtocolClient.java:onNext(255)) - client-D2340BF4DD29->f9fecd82-c7ae-483e-b259-6428f2dfb240: receive RaftClientReply:client-D2340BF4DD29->f9fecd82-c7ae-483e-b259-6428f2dfb240@group-7DE138E597A5, cid=2228, SUCCESS, logIndex=3300, commits[f9fecd82-c7ae-483e-b259-6428f2dfb240:c3300, adbfec77-7a0d-4773-aa56-ba0b778d0ab5:c3296, 90c45227-141f-43fe-b831-a2b91b39d6b0:c3296]
2019-07-14 06:26:02,757 INFO  client.GrpcClientProtocolClient (GrpcClientProtocolClient.java:onNext(255)) - client-D2340BF4DD29->f9fecd82-c7ae-483e-b259-6428f2dfb240: receive RaftClientReply:client-D2340BF4DD29->f9fecd82-c7ae-483e-b259-6428f2dfb240@group-7DE138E597A5, cid=2229, SUCCESS, logIndex=0, commits[f9fecd82-c7ae-483e-b259-6428f2dfb240:c3304, adbfec77-7a0d-4773-aa56-ba0b778d0ab5:c3298, 90c45227-141f-43fe-b831-a2b91b39d6b0:c3300]
2019-07-14 06:26:02,779 INFO  client.GrpcClientProtocolClient (GrpcClientProtocolClient.java:onNext(255)) - client-D2340BF4DD29->f9fecd82-c7ae-483e-b259-6428f2dfb240: receive RaftClientReply:client-D2340BF4DD29->f9fecd82-c7ae-483e-b259-6428f2dfb240@group-7DE138E597A5, cid=2230, SUCCESS, logIndex=3305, commits[f9fecd82-c7ae-483e-b259-6428f2dfb240:c3306, adbfec77-7a0d-4773-aa56-ba0b778d0ab5:c3304, 90c45227-141f-43fe-b831-a2b91b39d6b0:c3304]
2019-07-14 06:26:02,779 INFO  client.GrpcClientProtocolClient (GrpcClientProtocolClient.java:onNext(255)) - client-D2340BF4DD29->f9fecd82-c7ae-483e-b259-6428f2dfb240: receive RaftClientReply:client-D2340BF4DD29->f9fecd82-c7ae-483e-b259-6428f2dfb240@group-7DE138E597A5, cid=2231, SUCCESS, logIndex=3306, commits[f9fecd82-c7ae-483e-b259-6428f2dfb240:c3306, adbfec77-7a0d-4773-aa56-ba0b778d0ab5:c3304, 90c45227-141f-43fe-b831-a2b91b39d6b0:c3304]
2019-07-14 06:26:02,796 INFO  client.GrpcClientProtocolClient (GrpcClientProtocolClient.java:onNext(255)) - client-D2340BF4DD29->f9fecd82-c7ae-483e-b259-6428f2dfb240: receive RaftClientReply:client-D2340BF4DD29->f9fecd82-c7ae-483e-b259-6428f2dfb240@group-7DE138E597A5, cid=2232, SUCCESS, logIndex=3309, commits[f9fecd82-c7ae-483e-b259-6428f2dfb240:c3310, adbfec77-7a0d-4773-aa56-ba0b778d0ab5:c3306, 90c45227-141f-43fe-b831-a2b91b39d6b0:c3306]
2019-07-14 06:26:02,796 INFO  client.GrpcClientProtocolClient (GrpcClientProtocolClient.java:onNext(255)) - client-D2340BF4DD29->f9fecd82-c7ae-483e-b259-6428f2dfb240: receive RaftClientReply:client-D2340BF4DD29->f9fecd82-c7ae-483e-b259-6428f2dfb240@group-7DE138E597A5, cid=2233, SUCCESS, logIndex=3310, commits[f9fecd82-c7ae-483e-b259-6428f2dfb240:c3310, adbfec77-7a0d-4773-aa56-ba0b778d0ab5:c3306, 90c45227-141f-43fe-b831-a2b91b39d6b0:c3306]
2019-07-14 06:26:02,809 INFO  client.GrpcClientProtocolClient (GrpcClientProtocolClient.java:onNext(255)) - client-D2340BF4DD29->f9fecd82-c7ae-483e-b259-6428f2dfb240: receive RaftClientReply:client-D2340BF4DD29->f9fecd82-c7ae-483e-b259-6428f2dfb240@group-7DE138E597A5, cid=2234, SUCCESS, logIndex=0, commits[f9fecd82-c7ae-483e-b259-6428f2dfb240:c3310, adbfec77-7a0d-4773-aa56-ba0b778d0ab5:c3310, 90c45227-141f-43fe-b831-a2b91b39d6b0:c3310]
2019-07-14 06:26:02,840 INFO  client.GrpcClientProtocolClient (GrpcClientProtocolClient.java:onNext(255)) - client-D2340BF4DD29->f9fecd82-c7ae-483e-b259-6428f2dfb240: receive RaftClientReply:client-D2340BF4DD29->f9fecd82-c7ae-483e-b259-6428f2dfb240@group-7DE138E597A5, cid=2235, SUCCESS, logIndex=3313, commits[f9fecd82-c7ae-483e-b259-6428f2dfb240:c3314, adbfec77-7a0d-4773-aa56-ba0b778d0ab5:c3312, 90c45227-141f-43fe-b831-a2b91b39d6b0:c3312]
2019-07-14 06:26:02,840 INFO  client.GrpcClientProtocolClient (GrpcClientProtocolClient.java:onNext(255)) - client-D2340BF4DD29->f9fecd82-c7ae-483e-b259-6428f2dfb240: receive RaftClientReply:client-D2340BF4DD29->f9fecd82-c7ae-483e-b259-6428f2dfb240@group-7DE138E597A5, cid=2236, SUCCESS, logIndex=3314, commits[f9fecd82-c7ae-483e-b259-6428f2dfb240:c3314, adbfec77-7a0d-4773-aa56-ba0b778d0ab5:c3312, 90c45227-141f-43fe-b831-a2b91b39d6b0:c3312]
 0.00% |█                                                                                                    |  0/1 Time: 0:00:172019-07-14 06:26:02,850 INFO  client.GrpcClientProtocolClient (GrpcClientProtocolClient.java:onNext(255)) - client-D2340BF4DD29->f9fecd82-c7ae-483e-b259-6428f2dfb240: receive RaftClientReply:client-D2340BF4DD29->f9fecd82-c7ae-483e-b259-6428f2dfb240@group-7DE138E597A5, cid=2237, SUCCESS, logIndex=3315, commits[f9fecd82-c7ae-483e-b259-6428f2dfb240:c3316, adbfec77-7a0d-4773-aa56-ba0b778d0ab5:c3312, 90c45227-141f-43fe-b831-a2b91b39d6b0:c3312]
2019-07-14 06:26:02,850 INFO  client.GrpcClientProtocolClient (GrpcClientProtocolClient.java:onNext(255)) - client-D2340BF4DD29->f9fecd82-c7ae-483e-b259-6428f2dfb240: receive RaftClientReply:client-D2340BF4DD29->f9fecd82-c7ae-483e-b259-6428f2dfb240@group-7DE138E597A5, cid=2238, SUCCESS, logIndex=3316, commits[f9fecd82-c7ae-483e-b259-6428f2dfb240:c3316, adbfec77-7a0d-4773-aa56-ba0b778d0ab5:c3312, 90c45227-141f-43fe-b831-a2b91b39d6b0:c3312]
2019-07-14 06:26:02,852 INFO  client.GrpcClientProtocolClient (GrpcClientProtocolClient.java:onNext(255)) - client-D2340BF4DD29->f9fecd82-c7ae-483e-b259-6428f2dfb240: receive RaftClientReply:client-D2340BF4DD29->f9fecd82-c7ae-483e-b259-6428f2dfb240@group-7DE138E597A5, cid=2239, SUCCESS, logIndex=0, commits[f9fecd82-c7ae-483e-b259-6428f2dfb240:c3316, adbfec77-7a0d-4773-aa56-ba0b778d0ab5:c3314, 90c45227-141f-43fe-b831-a2b91b39d6b0:c3314]
2019-07-14 06:26:02,869 INFO  client.GrpcClientProtocolClient (GrpcClientProtocolClient.java:onNext(255)) - client-D2340BF4DD29->f9fecd82-c7ae-483e-b259-6428f2dfb240: receive RaftClientReply:client-D2340BF4DD29->f9fecd82-c7ae-483e-b259-6428f2dfb240@group-7DE138E597A5, cid=2240, SUCCESS, logIndex=3321, commits[f9fecd82-c7ae-483e-b259-6428f2dfb240:c3322, adbfec77-7a0d-4773-aa56-ba0b778d0ab5:c3316, 90c45227-141f-43fe-b831-a2b91b39d6b0:c3316]
2019-07-14 06:26:02,869 INFO  client.GrpcClientProtocolClient (GrpcClientProtocolClient.java:onNext(255)) - client-D2340BF4DD29->f9fecd82-c7ae-483e-b259-6428f2dfb240: receive RaftClientReply:client-D2340BF4DD29->f9fecd82-c7ae-483e-b259-6428f2dfb240@group-7DE138E597A5, cid=2241, SUCCESS, logIndex=3322, commits[f9fecd82-c7ae-483e-b259-6428f2dfb240:c3322, adbfec77-7a0d-4773-aa56-ba0b778d0ab5:c3316, 90c45227-141f-43fe-b831-a2b91b39d6b0:c3316]
2019-07-14 06:26:02,898 INFO  client.GrpcClientProtocolClient (GrpcClientProtocolClient.java:onNext(255)) - client-D2340BF4DD29->f9fecd82-c7ae-483e-b259-6428f2dfb240: receive RaftClientReply:client-D2340BF4DD29->f9fecd82-c7ae-483e-b259-6428f2dfb240@group-7DE138E597A5, cid=2242, SUCCESS, logIndex=3325, commits[f9fecd82-c7ae-483e-b259-6428f2dfb240:c3326, adbfec77-7a0d-4773-aa56-ba0b778d0ab5:c3322, 90c45227-141f-43fe-b831-a2b91b39d6b0:c3322]
2019-07-14 06:26:02,898 INFO  client.GrpcClientProtocolClient (GrpcClientProtocolClient.java:onNext(255)) - client-D2340BF4DD29->f9fecd82-c7ae-483e-b259-6428f2dfb240: receive RaftClientReply:client-D2340BF4DD29->f9fecd82-c7ae-483e-b259-6428f2dfb240@group-7DE138E597A5, cid=2243, SUCCESS, logIndex=3326, commits[f9fecd82-c7ae-483e-b259-6428f2dfb240:c3326, adbfec77-7a0d-4773-aa56-ba0b778d0ab5:c3322, 90c45227-141f-43fe-b831-a2b91b39d6b0:c3322]
2019-07-14 06:26:02,910 INFO  client.GrpcClientProtocolClient (GrpcClientProtocolClient.java:onNext(255)) - client-D2340BF4DD29->f9fecd82-c7ae-483e-b259-6428f2dfb240: receive RaftClientReply:client-D2340BF4DD29->f9fecd82-c7ae-483e-b259-6428f2dfb240@group-7DE138E597A5, cid=2244, SUCCESS, logIndex=0, commits[f9fecd82-c7ae-483e-b259-6428f2dfb240:c3327, adbfec77-7a0d-4773-aa56-ba0b778d0ab5:c3326, 90c45227-141f-43fe-b831-a2b91b39d6b0:c3326]
2019-07-14 06:26:02,938 INFO  client.GrpcClientProtocolClient (GrpcClientProtocolClient.java:onNext(255)) - client-D2340BF4DD29->f9fecd82-c7ae-483e-b259-6428f2dfb240: receive RaftClientReply:client-D2340BF4DD29->f9fecd82-c7ae-483e-b259-6428f2dfb240@group-7DE138E597A5, cid=2245, SUCCESS, logIndex=3328, commits[f9fecd82-c7ae-483e-b259-6428f2dfb240:c3329, adbfec77-7a0d-4773-aa56-ba0b778d0ab5:c3327, 90c45227-141f-43fe-b831-a2b91b39d6b0:c3327]
2019-07-14 06:26:02,939 INFO  client.GrpcClientProtocolClient (GrpcClientProtocolClient.java:onNext(255)) - client-D2340BF4DD29->f9fecd82-c7ae-483e-b259-6428f2dfb240: receive RaftClientReply:client-D2340BF4DD29->f9fecd82-c7ae-483e-b259-6428f2dfb240@group-7DE138E597A5, cid=2246, SUCCESS, logIndex=3329, commits[f9fecd82-c7ae-483e-b259-6428f2dfb240:c3330, adbfec77-7a0d-4773-aa56-ba0b778d0ab5:c3327, 90c45227-141f-43fe-b831-a2b91b39d6b0:c3327]
2019-07-14 06:26:02,939 INFO  client.GrpcClientProtocolClient (GrpcClientProtocolClient.java:onNext(255)) - client-D2340BF4DD29->f9fecd82-c7ae-483e-b259-6428f2dfb240: receive RaftClientReply:client-D2340BF4DD29->f9fecd82-c7ae-483e-b259-6428f2dfb240@group-7DE138E597A5, cid=2247, SUCCESS, logIndex=3330, commits[f9fecd82-c7ae-483e-b259-6428f2dfb240:c3330, adbfec77-7a0d-4773-aa56-ba0b778d0ab5:c3327, 90c45227-141f-43fe-b831-a2b91b39d6b0:c3327]
2019-07-14 06:26:02,939 INFO  client.GrpcClientProtocolClient (GrpcClientProtocolClient.java:onNext(255)) - client-D2340BF4DD29->f9fecd82-c7ae-483e-b259-6428f2dfb240: receive RaftClientReply:client-D2340BF4DD29->f9fecd82-c7ae-483e-b259-6428f2dfb240@group-7DE138E597A5, cid=2248, SUCCESS, logIndex=3331, commits[f9fecd82-c7ae-483e-b259-6428f2dfb240:c3331, adbfec77-7a0d-4773-aa56-ba0b778d0ab5:c3327, 90c45227-141f-43fe-b831-a2b91b39d6b0:c3327]
2019-07-14 06:26:02,953 INFO  client.GrpcClientProtocolClient (GrpcClientProtocolClient.java:onNext(255)) - client-D2340BF4DD29->f9fecd82-c7ae-483e-b259-6428f2dfb240: receive RaftClientReply:client-D2340BF4DD29->f9fecd82-c7ae-483e-b259-6428f2dfb240@group-7DE138E597A5, cid=2249, SUCCESS, logIndex=0, commits[f9fecd82-c7ae-483e-b259-6428f2dfb240:c3333, adbfec77-7a0d-4773-aa56-ba0b778d0ab5:c3329, 90c45227-141f-43fe-b831-a2b91b39d6b0:c3330]
2019-07-14 06:26:02,978 INFO  client.GrpcClientProtocolClient (GrpcClientProtocolClient.java:onNext(255)) - client-D2340BF4DD29->f9fecd82-c7ae-483e-b259-6428f2dfb240: receive RaftClientReply:client-D2340BF4DD29->f9fecd82-c7ae-483e-b259-6428f2dfb240@group-7DE138E597A5, cid=2250, SUCCESS, logIndex=3336, commits[f9fecd82-c7ae-483e-b259-6428f2dfb240:c3336, adbfec77-7a0d-4773-aa56-ba0b778d0ab5:c3333, 90c45227-141f-43fe-b831-a2b91b39d6b0:c3333]
2019-07-14 06:26:02,979 INFO  client.GrpcClientProtocolClient (GrpcClientProtocolClient.java:onNext(255)) - client-D2340BF4DD29->f9fecd82-c7ae-483e-b259-6428f2dfb240: receive RaftClientReply:client-D2340BF4DD29->f9fecd82-c7ae-483e-b259-6428f2dfb240@group-7DE138E597A5, cid=2251, SUCCESS, logIndex=3337, commits[f9fecd82-c7ae-483e-b259-6428f2dfb240:c3337, adbfec77-7a0d-4773-aa56-ba0b778d0ab5:c3333, 90c45227-141f-43fe-b831-a2b91b39d6b0:c3333]
2019-07-14 06:26:03,006 INFO  client.GrpcClientProtocolClient (GrpcClientProtocolClient.java:onNext(255)) - client-D2340BF4DD29->f9fecd82-c7ae-483e-b259-6428f2dfb240: receive RaftClientReply:client-D2340BF4DD29->f9fecd82-c7ae-483e-b259-6428f2dfb240@group-7DE138E597A5, cid=2252, SUCCESS, logIndex=3340, commits[f9fecd82-c7ae-483e-b259-6428f2dfb240:c3341, adbfec77-7a0d-4773-aa56-ba0b778d0ab5:c3337, 90c45227-141f-43fe-b831-a2b91b39d6b0:c3337]
2019-07-14 06:26:03,006 INFO  client.GrpcClientProtocolClient (GrpcClientProtocolClient.java:onNext(255)) - client-D2340BF4DD29->f9fecd82-c7ae-483e-b259-6428f2dfb240: receive RaftClientReply:client-D2340BF4DD29->f9fecd82-c7ae-483e-b259-6428f2dfb240@group-7DE138E597A5, cid=2253, SUCCESS, logIndex=3341, commits[f9fecd82-c7ae-483e-b259-6428f2dfb240:c3341, adbfec77-7a0d-4773-aa56-ba0b778d0ab5:c3337, 90c45227-141f-43fe-b831-a2b91b39d6b0:c3337]
2019-07-14 06:26:03,019 INFO  client.GrpcClientProtocolClient (GrpcClientProtocolClient.java:onNext(255)) - client-D2340BF4DD29->f9fecd82-c7ae-483e-b259-6428f2dfb240: receive RaftClientReply:client-D2340BF4DD29->f9fecd82-c7ae-483e-b259-6428f2dfb240@group-7DE138E597A5, cid=2254, SUCCESS, logIndex=0, commits[f9fecd82-c7ae-483e-b259-6428f2dfb240:c3342, adbfec77-7a0d-4773-aa56-ba0b778d0ab5:c3341, 90c45227-141f-43fe-b831-a2b91b39d6b0:c3341]
2019-07-14 06:26:03,045 INFO  client.GrpcClientProtocolClient (GrpcClientProtocolClient.java:onNext(255)) - client-D2340BF4DD29->f9fecd82-c7ae-483e-b259-6428f2dfb240: receive RaftClientReply:client-D2340BF4DD29->f9fecd82-c7ae-483e-b259-6428f2dfb240@group-7DE138E597A5, cid=2255, SUCCESS, logIndex=3344, commits[f9fecd82-c7ae-483e-b259-6428f2dfb240:c3345, adbfec77-7a0d-4773-aa56-ba0b778d0ab5:c3341, 90c45227-141f-43fe-b831-a2b91b39d6b0:c3342]
2019-07-14 06:26:03,046 INFO  client.GrpcClientProtocolClient (GrpcClientProtocolClient.java:onNext(255)) - client-D2340BF4DD29->f9fecd82-c7ae-483e-b259-6428f2dfb240: receive RaftClientReply:client-D2340BF4DD29->f9fecd82-c7ae-483e-b259-6428f2dfb240@group-7DE138E597A5, cid=2256, SUCCESS, logIndex=3345, commits[f9fecd82-c7ae-483e-b259-6428f2dfb240:c3345, adbfec77-7a0d-4773-aa56-ba0b778d0ab5:c3341, 90c45227-141f-43fe-b831-a2b91b39d6b0:c3342]
2019-07-14 06:26:03,046 INFO  client.GrpcClientProtocolClient (GrpcClientProtocolClient.java:onNext(255)) - client-D2340BF4DD29->f9fecd82-c7ae-483e-b259-6428f2dfb240: receive RaftClientReply:client-D2340BF4DD29->f9fecd82-c7ae-483e-b259-6428f2dfb240@group-7DE138E597A5, cid=2257, SUCCESS, logIndex=3346, commits[f9fecd82-c7ae-483e-b259-6428f2dfb240:c3347, adbfec77-7a0d-4773-aa56-ba0b778d0ab5:c3341, 90c45227-141f-43fe-b831-a2b91b39d6b0:c3343]
2019-07-14 06:26:03,047 INFO  client.GrpcClientProtocolClient (GrpcClientProtocolClient.java:onNext(255)) - client-D2340BF4DD29->f9fecd82-c7ae-483e-b259-6428f2dfb240: receive RaftClientReply:client-D2340BF4DD29->f9fecd82-c7ae-483e-b259-6428f2dfb240@group-7DE138E597A5, cid=2258, SUCCESS, logIndex=3347, commits[f9fecd82-c7ae-483e-b259-6428f2dfb240:c3347, adbfec77-7a0d-4773-aa56-ba0b778d0ab5:c3341, 90c45227-141f-43fe-b831-a2b91b39d6b0:c3343]
2019-07-14 06:26:03,049 INFO  client.GrpcClientProtocolClient (GrpcClientProtocolClient.java:onNext(255)) - client-D2340BF4DD29->f9fecd82-c7ae-483e-b259-6428f2dfb240: receive RaftClientReply:client-D2340BF4DD29->f9fecd82-c7ae-483e-b259-6428f2dfb240@group-7DE138E597A5, cid=2259, SUCCESS, logIndex=0, commits[f9fecd82-c7ae-483e-b259-6428f2dfb240:c3349, adbfec77-7a0d-4773-aa56-ba0b778d0ab5:c3345, 90c45227-141f-43fe-b831-a2b91b39d6b0:c3345]
2019-07-14 06:26:03,063 INFO  client.GrpcClientProtocolClient (GrpcClientProtocolClient.java:onNext(255)) - client-D2340BF4DD29->f9fecd82-c7ae-483e-b259-6428f2dfb240: receive RaftClientReply:client-D2340BF4DD29->f9fecd82-c7ae-483e-b259-6428f2dfb240@group-7DE138E597A5, cid=2260, SUCCESS, logIndex=3352, commits[f9fecd82-c7ae-483e-b259-6428f2dfb240:c3353, adbfec77-7a0d-4773-aa56-ba0b778d0ab5:c3347, 90c45227-141f-43fe-b831-a2b91b39d6b0:c3351]
2019-07-14 06:26:03,063 INFO  client.GrpcClientProtocolClient (GrpcClientProtocolClient.java:onNext(255)) - client-D2340BF4DD29->f9fecd82-c7ae-483e-b259-6428f2dfb240: receive RaftClientReply:client-D2340BF4DD29->f9fecd82-c7ae-483e-b259-6428f2dfb240@group-7DE138E597A5, cid=2261, SUCCESS, logIndex=3353, commits[f9fecd82-c7ae-483e-b259-6428f2dfb240:c3353, adbfec77-7a0d-4773-aa56-ba0b778d0ab5:c3351, 90c45227-141f-43fe-b831-a2b91b39d6b0:c3351]
2019-07-14 06:26:03,077 INFO  client.GrpcClientProtocolClient (GrpcClientProtocolClient.java:onNext(255)) - client-D2340BF4DD29->f9fecd82-c7ae-483e-b259-6428f2dfb240: receive RaftClientReply:client-D2340BF4DD29->f9fecd82-c7ae-483e-b259-6428f2dfb240@group-7DE138E597A5, cid=2262, SUCCESS, logIndex=3356, commits[f9fecd82-c7ae-483e-b259-6428f2dfb240:c3357, adbfec77-7a0d-4773-aa56-ba0b778d0ab5:c3355, 90c45227-141f-43fe-b831-a2b91b39d6b0:c3355]
2019-07-14 06:26:03,077 INFO  client.GrpcClientProtocolClient (GrpcClientProtocolClient.java:onNext(255)) - client-D2340BF4DD29->f9fecd82-c7ae-483e-b259-6428f2dfb240: receive RaftClientReply:client-D2340BF4DD29->f9fecd82-c7ae-483e-b259-6428f2dfb240@group-7DE138E597A5, cid=2263, SUCCESS, logIndex=3357, commits[f9fecd82-c7ae-483e-b259-6428f2dfb240:c3357, adbfec77-7a0d-4773-aa56-ba0b778d0ab5:c3355, 90c45227-141f-43fe-b831-a2b91b39d6b0:c3355]
2019-07-14 06:26:03,209 INFO  client.GrpcClientProtocolClient (GrpcClientProtocolClient.java:onNext(255)) - client-D2340BF4DD29->f9fecd82-c7ae-483e-b259-6428f2dfb240: receive RaftClientReply:client-D2340BF4DD29->f9fecd82-c7ae-483e-b259-6428f2dfb240@group-7DE138E597A5, cid=2264, SUCCESS, logIndex=0, commits[f9fecd82-c7ae-483e-b259-6428f2dfb240:c3358, adbfec77-7a0d-4773-aa56-ba0b778d0ab5:c3357, 90c45227-141f-43fe-b831-a2b91b39d6b0:c3357]
2019-07-14 06:26:03,242 INFO  client.GrpcClientProtocolClient (GrpcClientProtocolClient.java:onNext(255)) - client-D2340BF4DD29->f9fecd82-c7ae-483e-b259-6428f2dfb240: receive RaftClientReply:client-D2340BF4DD29->f9fecd82-c7ae-483e-b259-6428f2dfb240@group-7DE138E597A5, cid=2265, SUCCESS, logIndex=3360, commits[f9fecd82-c7ae-483e-b259-6428f2dfb240:c3362, adbfec77-7a0d-4773-aa56-ba0b778d0ab5:c3359, 90c45227-141f-43fe-b831-a2b91b39d6b0:c3359]
2019-07-14 06:26:03,242 INFO  client.GrpcClientProtocolClient (GrpcClientProtocolClient.java:onNext(255)) - client-D2340BF4DD29->f9fecd82-c7ae-483e-b259-6428f2dfb240: receive RaftClientReply:client-D2340BF4DD29->f9fecd82-c7ae-483e-b259-6428f2dfb240@group-7DE138E597A5, cid=2266, SUCCESS, logIndex=3361, commits[f9fecd82-c7ae-483e-b259-6428f2dfb240:c3363, adbfec77-7a0d-4773-aa56-ba0b778d0ab5:c3359, 90c45227-141f-43fe-b831-a2b91b39d6b0:c3359]
2019-07-14 06:26:03,242 INFO  client.GrpcClientProtocolClient (GrpcClientProtocolClient.java:onNext(255)) - client-D2340BF4DD29->f9fecd82-c7ae-483e-b259-6428f2dfb240: receive RaftClientReply:client-D2340BF4DD29->f9fecd82-c7ae-483e-b259-6428f2dfb240@group-7DE138E597A5, cid=2267, SUCCESS, logIndex=3362, commits[f9fecd82-c7ae-483e-b259-6428f2dfb240:c3363, adbfec77-7a0d-4773-aa56-ba0b778d0ab5:c3359, 90c45227-141f-43fe-b831-a2b91b39d6b0:c3359]
2019-07-14 06:26:03,243 INFO  client.GrpcClientProtocolClient (GrpcClientProtocolClient.java:onNext(255)) - client-D2340BF4DD29->f9fecd82-c7ae-483e-b259-6428f2dfb240: receive RaftClientReply:client-D2340BF4DD29->f9fecd82-c7ae-483e-b259-6428f2dfb240@group-7DE138E597A5, cid=2268, SUCCESS, logIndex=3363, commits[f9fecd82-c7ae-483e-b259-6428f2dfb240:c3364, adbfec77-7a0d-4773-aa56-ba0b778d0ab5:c3359, 90c45227-141f-43fe-b831-a2b91b39d6b0:c3360]
2019-07-14 06:26:03,256 INFO  client.GrpcClientProtocolClient (GrpcClientProtocolClient.java:onNext(255)) - client-D2340BF4DD29->f9fecd82-c7ae-483e-b259-6428f2dfb240: receive RaftClientReply:client-D2340BF4DD29->f9fecd82-c7ae-483e-b259-6428f2dfb240@group-7DE138E597A5, cid=2269, SUCCESS, logIndex=0, commits[f9fecd82-c7ae-483e-b259-6428f2dfb240:c3367, adbfec77-7a0d-4773-aa56-ba0b778d0ab5:c3362, 90c45227-141f-43fe-b831-a2b91b39d6b0:c3363]
2019-07-14 06:26:03,278 INFO  client.GrpcClientProtocolClient (GrpcClientProtocolClient.java:onNext(255)) - client-D2340BF4DD29->f9fecd82-c7ae-483e-b259-6428f2dfb240: receive RaftClientReply:client-D2340BF4DD29->f9fecd82-c7ae-483e-b259-6428f2dfb240@group-7DE138E597A5, cid=2270, SUCCESS, logIndex=3368, commits[f9fecd82-c7ae-483e-b259-6428f2dfb240:c3368, adbfec77-7a0d-4773-aa56-ba0b778d0ab5:c3367, 90c45227-141f-43fe-b831-a2b91b39d6b0:c3367]
2019-07-14 06:26:03,278 INFO  client.GrpcClientProtocolClient (GrpcClientProtocolClient.java:onNext(255)) - client-D2340BF4DD29->f9fecd82-c7ae-483e-b259-6428f2dfb240: receive RaftClientReply:client-D2340BF4DD29->f9fecd82-c7ae-483e-b259-6428f2dfb240@group-7DE138E597A5, cid=2271, SUCCESS, logIndex=3369, commits[f9fecd82-c7ae-483e-b259-6428f2dfb240:c3369, adbfec77-7a0d-4773-aa56-ba0b778d0ab5:c3367, 90c45227-141f-43fe-b831-a2b91b39d6b0:c3367]
2019-07-14 06:26:03,305 INFO  client.GrpcClientProtocolClient (GrpcClientProtocolClient.java:onNext(255)) - client-D2340BF4DD29->f9fecd82-c7ae-483e-b259-6428f2dfb240: receive RaftClientReply:client-D2340BF4DD29->f9fecd82-c7ae-483e-b259-6428f2dfb240@group-7DE138E597A5, cid=2272, SUCCESS, logIndex=3372, commits[f9fecd82-c7ae-483e-b259-6428f2dfb240:c3373, adbfec77-7a0d-4773-aa56-ba0b778d0ab5:c3369, 90c45227-141f-43fe-b831-a2b91b39d6b0:c3369]
2019-07-14 06:26:03,306 INFO  client.GrpcClientProtocolClient (GrpcClientProtocolClient.java:onNext(255)) - client-D2340BF4DD29->f9fecd82-c7ae-483e-b259-6428f2dfb240: receive RaftClientReply:client-D2340BF4DD29->f9fecd82-c7ae-483e-b259-6428f2dfb240@group-7DE138E597A5, cid=2273, SUCCESS, logIndex=3373, commits[f9fecd82-c7ae-483e-b259-6428f2dfb240:c3373, adbfec77-7a0d-4773-aa56-ba0b778d0ab5:c3369, 90c45227-141f-43fe-b831-a2b91b39d6b0:c3369]
2019-07-14 06:26:03,318 INFO  client.GrpcClientProtocolClient (GrpcClientProtocolClient.java:onNext(255)) - client-D2340BF4DD29->f9fecd82-c7ae-483e-b259-6428f2dfb240: receive RaftClientReply:client-D2340BF4DD29->f9fecd82-c7ae-483e-b259-6428f2dfb240@group-7DE138E597A5, cid=2274, SUCCESS, logIndex=0, commits[f9fecd82-c7ae-483e-b259-6428f2dfb240:c3374, adbfec77-7a0d-4773-aa56-ba0b778d0ab5:c3373, 90c45227-141f-43fe-b831-a2b91b39d6b0:c3373]
2019-07-14 06:26:03,349 INFO  client.GrpcClientProtocolClient (GrpcClientProtocolClient.java:onNext(255)) - client-D2340BF4DD29->f9fecd82-c7ae-483e-b259-6428f2dfb240: receive RaftClientReply:client-D2340BF4DD29->f9fecd82-c7ae-483e-b259-6428f2dfb240@group-7DE138E597A5, cid=2275, SUCCESS, logIndex=3376, commits[f9fecd82-c7ae-483e-b259-6428f2dfb240:c3376, adbfec77-7a0d-4773-aa56-ba0b778d0ab5:c3375, 90c45227-141f-43fe-b831-a2b91b39d6b0:c3375]
2019-07-14 06:26:03,349 INFO  client.GrpcClientProtocolClient (GrpcClientProtocolClient.java:onNext(255)) - client-D2340BF4DD29->f9fecd82-c7ae-483e-b259-6428f2dfb240: receive RaftClientReply:client-D2340BF4DD29->f9fecd82-c7ae-483e-b259-6428f2dfb240@group-7DE138E597A5, cid=2276, SUCCESS, logIndex=3377, commits[f9fecd82-c7ae-483e-b259-6428f2dfb240:c3377, adbfec77-7a0d-4773-aa56-ba0b778d0ab5:c3375, 90c45227-141f-43fe-b831-a2b91b39d6b0:c3375]
2019-07-14 06:26:03,361 INFO  client.GrpcClientProtocolClient (GrpcClientProtocolClient.java:onNext(255)) - client-D2340BF4DD29->f9fecd82-c7ae-483e-b259-6428f2dfb240: receive RaftClientReply:client-D2340BF4DD29->f9fecd82-c7ae-483e-b259-6428f2dfb240@group-7DE138E597A5, cid=2277, SUCCESS, logIndex=3378, commits[f9fecd82-c7ae-483e-b259-6428f2dfb240:c3379, adbfec77-7a0d-4773-aa56-ba0b778d0ab5:c3375, 90c45227-141f-43fe-b831-a2b91b39d6b0:c3375]
2019-07-14 06:26:03,362 INFO  client.GrpcClientProtocolClient (GrpcClientProtocolClient.java:onNext(255)) - client-D2340BF4DD29->f9fecd82-c7ae-483e-b259-6428f2dfb240: receive RaftClientReply:client-D2340BF4DD29->f9fecd82-c7ae-483e-b259-6428f2dfb240@group-7DE138E597A5, cid=2278, SUCCESS, logIndex=3379, commits[f9fecd82-c7ae-483e-b259-6428f2dfb240:c3379, adbfec77-7a0d-4773-aa56-ba0b778d0ab5:c3375, 90c45227-141f-43fe-b831-a2b91b39d6b0:c3375]
2019-07-14 06:26:03,374 INFO  client.GrpcClientProtocolClient (GrpcClientProtocolClient.java:onNext(255)) - client-D2340BF4DD29->f9fecd82-c7ae-483e-b259-6428f2dfb240: receive RaftClientReply:client-D2340BF4DD29->f9fecd82-c7ae-483e-b259-6428f2dfb240@group-7DE138E597A5, cid=2279, SUCCESS, logIndex=0, commits[f9fecd82-c7ae-483e-b259-6428f2dfb240:c3381, adbfec77-7a0d-4773-aa56-ba0b778d0ab5:c3377, 90c45227-141f-43fe-b831-a2b91b39d6b0:c3377]
2019-07-14 06:26:03,404 INFO  client.GrpcClientProtocolClient (GrpcClientProtocolClient.java:onNext(255)) - client-D2340BF4DD29->f9fecd82-c7ae-483e-b259-6428f2dfb240: receive RaftClientReply:client-D2340BF4DD29->f9fecd82-c7ae-483e-b259-6428f2dfb240@group-7DE138E597A5, cid=2280, SUCCESS, logIndex=3384, commits[f9fecd82-c7ae-483e-b259-6428f2dfb240:c3385, adbfec77-7a0d-4773-aa56-ba0b778d0ab5:c3383, 90c45227-141f-43fe-b831-a2b91b39d6b0:c3379]
2019-07-14 06:26:03,404 INFO  client.GrpcClientProtocolClient (GrpcClientProtocolClient.java:onNext(255)) - client-D2340BF4DD29->f9fecd82-c7ae-483e-b259-6428f2dfb240: receive RaftClientReply:client-D2340BF4DD29->f9fecd82-c7ae-483e-b259-6428f2dfb240@group-7DE138E597A5, cid=2281, SUCCESS, logIndex=3385, commits[f9fecd82-c7ae-483e-b259-6428f2dfb240:c3385, adbfec77-7a0d-4773-aa56-ba0b778d0ab5:c3383, 90c45227-141f-43fe-b831-a2b91b39d6b0:c3383]
2019-07-14 06:26:03,421 INFO  client.GrpcClientProtocolClient (GrpcClientProtocolClient.java:onNext(255)) - client-D2340BF4DD29->f9fecd82-c7ae-483e-b259-6428f2dfb240: receive RaftClientReply:client-D2340BF4DD29->f9fecd82-c7ae-483e-b259-6428f2dfb240@group-7DE138E597A5, cid=2282, SUCCESS, logIndex=3388, commits[f9fecd82-c7ae-483e-b259-6428f2dfb240:c3389, adbfec77-7a0d-4773-aa56-ba0b778d0ab5:c3385, 90c45227-141f-43fe-b831-a2b91b39d6b0:c3385]
2019-07-14 06:26:03,422 INFO  client.GrpcClientProtocolClient (GrpcClientProtocolClient.java:onNext(255)) - client-D2340BF4DD29->f9fecd82-c7ae-483e-b259-6428f2dfb240: receive RaftClientReply:client-D2340BF4DD29->f9fecd82-c7ae-483e-b259-6428f2dfb240@group-7DE138E597A5, cid=2283, SUCCESS, logIndex=3389, commits[f9fecd82-c7ae-483e-b259-6428f2dfb240:c3389, adbfec77-7a0d-4773-aa56-ba0b778d0ab5:c3385, 90c45227-141f-43fe-b831-a2b91b39d6b0:c3385]
2019-07-14 06:26:03,424 INFO  client.GrpcClientProtocolClient (GrpcClientProtocolClient.java:onNext(255)) - client-D2340BF4DD29->f9fecd82-c7ae-483e-b259-6428f2dfb240: receive RaftClientReply:client-D2340BF4DD29->f9fecd82-c7ae-483e-b259-6428f2dfb240@group-7DE138E597A5, cid=2284, SUCCESS, logIndex=0, commits[f9fecd82-c7ae-483e-b259-6428f2dfb240:c3390, adbfec77-7a0d-4773-aa56-ba0b778d0ab5:c3389, 90c45227-141f-43fe-b831-a2b91b39d6b0:c3389]
2019-07-14 06:26:03,456 INFO  client.GrpcClientProtocolClient (GrpcClientProtocolClient.java:onNext(255)) - client-D2340BF4DD29->f9fecd82-c7ae-483e-b259-6428f2dfb240: receive RaftClientReply:client-D2340BF4DD29->f9fecd82-c7ae-483e-b259-6428f2dfb240@group-7DE138E597A5, cid=2285, SUCCESS, logIndex=3392, commits[f9fecd82-c7ae-483e-b259-6428f2dfb240:c3393, adbfec77-7a0d-4773-aa56-ba0b778d0ab5:c3391, 90c45227-141f-43fe-b831-a2b91b39d6b0:c3391]
2019-07-14 06:26:03,456 INFO  client.GrpcClientProtocolClient (GrpcClientProtocolClient.java:onNext(255)) - client-D2340BF4DD29->f9fecd82-c7ae-483e-b259-6428f2dfb240: receive RaftClientReply:client-D2340BF4DD29->f9fecd82-c7ae-483e-b259-6428f2dfb240@group-7DE138E597A5, cid=2286, SUCCESS, logIndex=3393, commits[f9fecd82-c7ae-483e-b259-6428f2dfb240:c3393, adbfec77-7a0d-4773-aa56-ba0b778d0ab5:c3391, 90c45227-141f-43fe-b831-a2b91b39d6b0:c3391]
2019-07-14 06:26:03,458 INFO  client.GrpcClientProtocolClient (GrpcClientProtocolClient.java:onNext(255)) - client-D2340BF4DD29->f9fecd82-c7ae-483e-b259-6428f2dfb240: receive RaftClientReply:client-D2340BF4DD29->f9fecd82-c7ae-483e-b259-6428f2dfb240@group-7DE138E597A5, cid=2287, SUCCESS, logIndex=3394, commits[f9fecd82-c7ae-483e-b259-6428f2dfb240:c3395, adbfec77-7a0d-4773-aa56-ba0b778d0ab5:c3391, 90c45227-141f-43fe-b831-a2b91b39d6b0:c3391]
2019-07-14 06:26:03,459 INFO  client.GrpcClientProtocolClient (GrpcClientProtocolClient.java:onNext(255)) - client-D2340BF4DD29->f9fecd82-c7ae-483e-b259-6428f2dfb240: receive RaftClientReply:client-D2340BF4DD29->f9fecd82-c7ae-483e-b259-6428f2dfb240@group-7DE138E597A5, cid=2288, SUCCESS, logIndex=3395, commits[f9fecd82-c7ae-483e-b259-6428f2dfb240:c3395, adbfec77-7a0d-4773-aa56-ba0b778d0ab5:c3391, 90c45227-141f-43fe-b831-a2b91b39d6b0:c3391]
2019-07-14 06:26:03,481 INFO  client.GrpcClientProtocolClient (GrpcClientProtocolClient.java:onNext(255)) - client-D2340BF4DD29->f9fecd82-c7ae-483e-b259-6428f2dfb240: receive RaftClientReply:client-D2340BF4DD29->f9fecd82-c7ae-483e-b259-6428f2dfb240@group-7DE138E597A5, cid=2289, SUCCESS, logIndex=0, commits[f9fecd82-c7ae-483e-b259-6428f2dfb240:c3396, adbfec77-7a0d-4773-aa56-ba0b778d0ab5:c3393, 90c45227-141f-43fe-b831-a2b91b39d6b0:c3393]
2019-07-14 06:26:03,503 INFO  client.GrpcClientProtocolClient (GrpcClientProtocolClient.java:onNext(255)) - client-D2340BF4DD29->f9fecd82-c7ae-483e-b259-6428f2dfb240: receive RaftClientReply:client-D2340BF4DD29->f9fecd82-c7ae-483e-b259-6428f2dfb240@group-7DE138E597A5, cid=2290, SUCCESS, logIndex=3400, commits[f9fecd82-c7ae-483e-b259-6428f2dfb240:c3401, adbfec77-7a0d-4773-aa56-ba0b778d0ab5:c3399, 90c45227-141f-43fe-b831-a2b91b39d6b0:c3399]
2019-07-14 06:26:03,504 INFO  client.GrpcClientProtocolClient (GrpcClientProtocolClient.java:onNext(255)) - client-D2340BF4DD29->f9fecd82-c7ae-483e-b259-6428f2dfb240: receive RaftClientReply:client-D2340BF4DD29->f9fecd82-c7ae-483e-b259-6428f2dfb240@group-7DE138E597A5, cid=2291, SUCCESS, logIndex=3401, commits[f9fecd82-c7ae-483e-b259-6428f2dfb240:c3401, adbfec77-7a0d-4773-aa56-ba0b778d0ab5:c3399, 90c45227-141f-43fe-b831-a2b91b39d6b0:c3399]
2019-07-14 06:26:03,517 INFO  client.GrpcClientProtocolClient (GrpcClientProtocolClient.java:onNext(255)) - client-D2340BF4DD29->f9fecd82-c7ae-483e-b259-6428f2dfb240: receive RaftClientReply:client-D2340BF4DD29->f9fecd82-c7ae-483e-b259-6428f2dfb240@group-7DE138E597A5, cid=2292, SUCCESS, logIndex=3404, commits[f9fecd82-c7ae-483e-b259-6428f2dfb240:c3405, adbfec77-7a0d-4773-aa56-ba0b778d0ab5:c3400, 90c45227-141f-43fe-b831-a2b91b39d6b0:c3401]
2019-07-14 06:26:03,517 INFO  client.GrpcClientProtocolClient (GrpcClientProtocolClient.java:onNext(255)) - client-D2340BF4DD29->f9fecd82-c7ae-483e-b259-6428f2dfb240: receive RaftClientReply:client-D2340BF4DD29->f9fecd82-c7ae-483e-b259-6428f2dfb240@group-7DE138E597A5, cid=2293, SUCCESS, logIndex=3405, commits[f9fecd82-c7ae-483e-b259-6428f2dfb240:c3405, adbfec77-7a0d-4773-aa56-ba0b778d0ab5:c3401, 90c45227-141f-43fe-b831-a2b91b39d6b0:c3401]
2019-07-14 06:26:03,520 INFO  client.GrpcClientProtocolClient (GrpcClientProtocolClient.java:onNext(255)) - client-D2340BF4DD29->f9fecd82-c7ae-483e-b259-6428f2dfb240: receive RaftClientReply:client-D2340BF4DD29->f9fecd82-c7ae-483e-b259-6428f2dfb240@group-7DE138E597A5, cid=2294, SUCCESS, logIndex=0, commits[f9fecd82-c7ae-483e-b259-6428f2dfb240:c3406, adbfec77-7a0d-4773-aa56-ba0b778d0ab5:c3405, 90c45227-141f-43fe-b831-a2b91b39d6b0:c3405]
2019-07-14 06:26:03,551 INFO  client.GrpcClientProtocolClient (GrpcClientProtocolClient.java:onNext(255)) - client-D2340BF4DD29->f9fecd82-c7ae-483e-b259-6428f2dfb240: receive RaftClientReply:client-D2340BF4DD29->f9fecd82-c7ae-483e-b259-6428f2dfb240@group-7DE138E597A5, cid=2295, SUCCESS, logIndex=3408, commits[f9fecd82-c7ae-483e-b259-6428f2dfb240:c3409, adbfec77-7a0d-4773-aa56-ba0b778d0ab5:c3407, 90c45227-141f-43fe-b831-a2b91b39d6b0:c3407]
2019-07-14 06:26:03,552 INFO  client.GrpcClientProtocolClient (GrpcClientProtocolClient.java:onNext(255)) - client-D2340BF4DD29->f9fecd82-c7ae-483e-b259-6428f2dfb240: receive RaftClientReply:client-D2340BF4DD29->f9fecd82-c7ae-483e-b259-6428f2dfb240@group-7DE138E597A5, cid=2296, SUCCESS, logIndex=3409, commits[f9fecd82-c7ae-483e-b259-6428f2dfb240:c3410, adbfec77-7a0d-4773-aa56-ba0b778d0ab5:c3407, 90c45227-141f-43fe-b831-a2b91b39d6b0:c3407]
2019-07-14 06:26:03,552 INFO  client.GrpcClientProtocolClient (GrpcClientProtocolClient.java:onNext(255)) - client-D2340BF4DD29->f9fecd82-c7ae-483e-b259-6428f2dfb240: receive RaftClientReply:client-D2340BF4DD29->f9fecd82-c7ae-483e-b259-6428f2dfb240@group-7DE138E597A5, cid=2297, SUCCESS, logIndex=3410, commits[f9fecd82-c7ae-483e-b259-6428f2dfb240:c3411, adbfec77-7a0d-4773-aa56-ba0b778d0ab5:c3407, 90c45227-141f-43fe-b831-a2b91b39d6b0:c3407]
2019-07-14 06:26:03,552 INFO  client.GrpcClientProtocolClient (GrpcClientProtocolClient.java:onNext(255)) - client-D2340BF4DD29->f9fecd82-c7ae-483e-b259-6428f2dfb240: receive RaftClientReply:client-D2340BF4DD29->f9fecd82-c7ae-483e-b259-6428f2dfb240@group-7DE138E597A5, cid=2298, SUCCESS, logIndex=3411, commits[f9fecd82-c7ae-483e-b259-6428f2dfb240:c3411, adbfec77-7a0d-4773-aa56-ba0b778d0ab5:c3407, 90c45227-141f-43fe-b831-a2b91b39d6b0:c3407]
2019-07-14 06:26:03,578 INFO  client.GrpcClientProtocolClient (GrpcClientProtocolClient.java:onNext(255)) - client-D2340BF4DD29->f9fecd82-c7ae-483e-b259-6428f2dfb240: receive RaftClientReply:client-D2340BF4DD29->f9fecd82-c7ae-483e-b259-6428f2dfb240@group-7DE138E597A5, cid=2299, SUCCESS, logIndex=0, commits[f9fecd82-c7ae-483e-b259-6428f2dfb240:c3415, adbfec77-7a0d-4773-aa56-ba0b778d0ab5:c3411, 90c45227-141f-43fe-b831-a2b91b39d6b0:c3409]
2019-07-14 06:26:03,602 INFO  client.GrpcClientProtocolClient (GrpcClientProtocolClient.java:onNext(255)) - client-D2340BF4DD29->f9fecd82-c7ae-483e-b259-6428f2dfb240: receive RaftClientReply:client-D2340BF4DD29->f9fecd82-c7ae-483e-b259-6428f2dfb240@group-7DE138E597A5, cid=2300, SUCCESS, logIndex=3416, commits[f9fecd82-c7ae-483e-b259-6428f2dfb240:c3417, adbfec77-7a0d-4773-aa56-ba0b778d0ab5:c3415, 90c45227-141f-43fe-b831-a2b91b39d6b0:c3415]
2019-07-14 06:26:03,602 INFO  client.GrpcClientProtocolClient (GrpcClientProtocolClient.java:onNext(255)) - client-D2340BF4DD29->f9fecd82-c7ae-483e-b259-6428f2dfb240: receive RaftClientReply:client-D2340BF4DD29->f9fecd82-c7ae-483e-b259-6428f2dfb240@group-7DE138E597A5, cid=2301, SUCCESS, logIndex=3417, commits[f9fecd82-c7ae-483e-b259-6428f2dfb240:c3417, adbfec77-7a0d-4773-aa56-ba0b778d0ab5:c3415, 90c45227-141f-43fe-b831-a2b91b39d6b0:c3415]
2019-07-14 06:26:03,619 INFO  client.GrpcClientProtocolClient (GrpcClientProtocolClient.java:onNext(255)) - client-D2340BF4DD29->f9fecd82-c7ae-483e-b259-6428f2dfb240: receive RaftClientReply:client-D2340BF4DD29->f9fecd82-c7ae-483e-b259-6428f2dfb240@group-7DE138E597A5, cid=2302, SUCCESS, logIndex=3420, commits[f9fecd82-c7ae-483e-b259-6428f2dfb240:c3421, adbfec77-7a0d-4773-aa56-ba0b778d0ab5:c3417, 90c45227-141f-43fe-b831-a2b91b39d6b0:c3417]
2019-07-14 06:26:03,619 INFO  client.GrpcClientProtocolClient (GrpcClientProtocolClient.java:onNext(255)) - client-D2340BF4DD29->f9fecd82-c7ae-483e-b259-6428f2dfb240: receive RaftClientReply:client-D2340BF4DD29->f9fecd82-c7ae-483e-b259-6428f2dfb240@group-7DE138E597A5, cid=2303, SUCCESS, logIndex=3421, commits[f9fecd82-c7ae-483e-b259-6428f2dfb240:c3421, adbfec77-7a0d-4773-aa56-ba0b778d0ab5:c3417, 90c45227-141f-43fe-b831-a2b91b39d6b0:c3417]
2019-07-14 06:26:03,626 INFO  client.GrpcClientProtocolClient (GrpcClientProtocolClient.java:onNext(255)) - client-D2340BF4DD29->f9fecd82-c7ae-483e-b259-6428f2dfb240: receive RaftClientReply:client-D2340BF4DD29->f9fecd82-c7ae-483e-b259-6428f2dfb240@group-7DE138E597A5, cid=2304, SUCCESS, logIndex=0, commits[f9fecd82-c7ae-483e-b259-6428f2dfb240:c3423, adbfec77-7a0d-4773-aa56-ba0b778d0ab5:c3421, 90c45227-141f-43fe-b831-a2b91b39d6b0:c3421]
2019-07-14 06:26:03,673 INFO  client.GrpcClientProtocolClient (GrpcClientProtocolClient.java:onNext(255)) - client-D2340BF4DD29->f9fecd82-c7ae-483e-b259-6428f2dfb240: receive RaftClientReply:client-D2340BF4DD29->f9fecd82-c7ae-483e-b259-6428f2dfb240@group-7DE138E597A5, cid=2305, SUCCESS, logIndex=3424, commits[f9fecd82-c7ae-483e-b259-6428f2dfb240:c3426, adbfec77-7a0d-4773-aa56-ba0b778d0ab5:c3423, 90c45227-141f-43fe-b831-a2b91b39d6b0:c3423]
2019-07-14 06:26:03,674 INFO  client.GrpcClientProtocolClient (GrpcClientProtocolClient.java:onNext(255)) - client-D2340BF4DD29->f9fecd82-c7ae-483e-b259-6428f2dfb240: receive RaftClientReply:client-D2340BF4DD29->f9fecd82-c7ae-483e-b259-6428f2dfb240@group-7DE138E597A5, cid=2306, SUCCESS, logIndex=3425, commits[f9fecd82-c7ae-483e-b259-6428f2dfb240:c3427, adbfec77-7a0d-4773-aa56-ba0b778d0ab5:c3423, 90c45227-141f-43fe-b831-a2b91b39d6b0:c3423]
2019-07-14 06:26:03,674 INFO  client.GrpcClientProtocolClient (GrpcClientProtocolClient.java:onNext(255)) - client-D2340BF4DD29->f9fecd82-c7ae-483e-b259-6428f2dfb240: receive RaftClientReply:client-D2340BF4DD29->f9fecd82-c7ae-483e-b259-6428f2dfb240@group-7DE138E597A5, cid=2307, SUCCESS, logIndex=3426, commits[f9fecd82-c7ae-483e-b259-6428f2dfb240:c3427, adbfec77-7a0d-4773-aa56-ba0b778d0ab5:c3423, 90c45227-141f-43fe-b831-a2b91b39d6b0:c3423]
2019-07-14 06:26:03,674 INFO  client.GrpcClientProtocolClient (GrpcClientProtocolClient.java:onNext(255)) - client-D2340BF4DD29->f9fecd82-c7ae-483e-b259-6428f2dfb240: receive RaftClientReply:client-D2340BF4DD29->f9fecd82-c7ae-483e-b259-6428f2dfb240@group-7DE138E597A5, cid=2308, SUCCESS, logIndex=3427, commits[f9fecd82-c7ae-483e-b259-6428f2dfb240:c3427, adbfec77-7a0d-4773-aa56-ba0b778d0ab5:c3423, 90c45227-141f-43fe-b831-a2b91b39d6b0:c3423]
2019-07-14 06:26:03,680 INFO  client.GrpcClientProtocolClient (GrpcClientProtocolClient.java:onNext(255)) - client-D2340BF4DD29->f9fecd82-c7ae-483e-b259-6428f2dfb240: receive RaftClientReply:client-D2340BF4DD29->f9fecd82-c7ae-483e-b259-6428f2dfb240@group-7DE138E597A5, cid=2309, SUCCESS, logIndex=0, commits[f9fecd82-c7ae-483e-b259-6428f2dfb240:c3428, adbfec77-7a0d-4773-aa56-ba0b778d0ab5:c3425, 90c45227-141f-43fe-b831-a2b91b39d6b0:c3425]
2019-07-14 06:26:03,701 INFO  client.GrpcClientProtocolClient (GrpcClientProtocolClient.java:onNext(255)) - client-D2340BF4DD29->f9fecd82-c7ae-483e-b259-6428f2dfb240: receive RaftClientReply:client-D2340BF4DD29->f9fecd82-c7ae-483e-b259-6428f2dfb240@group-7DE138E597A5, cid=2310, SUCCESS, logIndex=3432, commits[f9fecd82-c7ae-483e-b259-6428f2dfb240:c3433, adbfec77-7a0d-4773-aa56-ba0b778d0ab5:c3431, 90c45227-141f-43fe-b831-a2b91b39d6b0:c3431]
2019-07-14 06:26:03,701 INFO  client.GrpcClientProtocolClient (GrpcClientProtocolClient.java:onNext(255)) - client-D2340BF4DD29->f9fecd82-c7ae-483e-b259-6428f2dfb240: receive RaftClientReply:client-D2340BF4DD29->f9fecd82-c7ae-483e-b259-6428f2dfb240@group-7DE138E597A5, cid=2311, SUCCESS, logIndex=3433, commits[f9fecd82-c7ae-483e-b259-6428f2dfb240:c3433, adbfec77-7a0d-4773-aa56-ba0b778d0ab5:c3431, 90c45227-141f-43fe-b831-a2b91b39d6b0:c3431]
2019-07-14 06:26:03,715 INFO  client.GrpcClientProtocolClient (GrpcClientProtocolClient.java:onNext(255)) - client-D2340BF4DD29->f9fecd82-c7ae-483e-b259-6428f2dfb240: receive RaftClientReply:client-D2340BF4DD29->f9fecd82-c7ae-483e-b259-6428f2dfb240@group-7DE138E597A5, cid=2312, SUCCESS, logIndex=3436, commits[f9fecd82-c7ae-483e-b259-6428f2dfb240:c3437, adbfec77-7a0d-4773-aa56-ba0b778d0ab5:c3433, 90c45227-141f-43fe-b831-a2b91b39d6b0:c3433]
2019-07-14 06:26:03,715 INFO  client.GrpcClientProtocolClient (GrpcClientProtocolClient.java:onNext(255)) - client-D2340BF4DD29->f9fecd82-c7ae-483e-b259-6428f2dfb240: receive RaftClientReply:client-D2340BF4DD29->f9fecd82-c7ae-483e-b259-6428f2dfb240@group-7DE138E597A5, cid=2313, SUCCESS, logIndex=3437, commits[f9fecd82-c7ae-483e-b259-6428f2dfb240:c3437, adbfec77-7a0d-4773-aa56-ba0b778d0ab5:c3433, 90c45227-141f-43fe-b831-a2b91b39d6b0:c3433]
2019-07-14 06:26:03,740 INFO  client.GrpcClientProtocolClient (GrpcClientProtocolClient.java:onNext(255)) - client-D2340BF4DD29->f9fecd82-c7ae-483e-b259-6428f2dfb240: receive RaftClientReply:client-D2340BF4DD29->f9fecd82-c7ae-483e-b259-6428f2dfb240@group-7DE138E597A5, cid=2314, SUCCESS, logIndex=0, commits[f9fecd82-c7ae-483e-b259-6428f2dfb240:c3439, adbfec77-7a0d-4773-aa56-ba0b778d0ab5:c3437, 90c45227-141f-43fe-b831-a2b91b39d6b0:c3437]
2019-07-14 06:26:03,772 INFO  client.GrpcClientProtocolClient (GrpcClientProtocolClient.java:onNext(255)) - client-D2340BF4DD29->f9fecd82-c7ae-483e-b259-6428f2dfb240: receive RaftClientReply:client-D2340BF4DD29->f9fecd82-c7ae-483e-b259-6428f2dfb240@group-7DE138E597A5, cid=2315, SUCCESS, logIndex=3440, commits[f9fecd82-c7ae-483e-b259-6428f2dfb240:c3441, adbfec77-7a0d-4773-aa56-ba0b778d0ab5:c3439, 90c45227-141f-43fe-b831-a2b91b39d6b0:c3439]
2019-07-14 06:26:03,773 INFO  client.GrpcClientProtocolClient (GrpcClientProtocolClient.java:onNext(255)) - client-D2340BF4DD29->f9fecd82-c7ae-483e-b259-6428f2dfb240: receive RaftClientReply:client-D2340BF4DD29->f9fecd82-c7ae-483e-b259-6428f2dfb240@group-7DE138E597A5, cid=2316, SUCCESS, logIndex=3441, commits[f9fecd82-c7ae-483e-b259-6428f2dfb240:c3441, adbfec77-7a0d-4773-aa56-ba0b778d0ab5:c3439, 90c45227-141f-43fe-b831-a2b91b39d6b0:c3439]
2019-07-14 06:26:03,786 INFO  client.GrpcClientProtocolClient (GrpcClientProtocolClient.java:onNext(255)) - client-D2340BF4DD29->f9fecd82-c7ae-483e-b259-6428f2dfb240: receive RaftClientReply:client-D2340BF4DD29->f9fecd82-c7ae-483e-b259-6428f2dfb240@group-7DE138E597A5, cid=2317, SUCCESS, logIndex=3442, commits[f9fecd82-c7ae-483e-b259-6428f2dfb240:c3443, adbfec77-7a0d-4773-aa56-ba0b778d0ab5:c3439, 90c45227-141f-43fe-b831-a2b91b39d6b0:c3439]
2019-07-14 06:26:03,786 INFO  client.GrpcClientProtocolClient (GrpcClientProtocolClient.java:onNext(255)) - client-D2340BF4DD29->f9fecd82-c7ae-483e-b259-6428f2dfb240: receive RaftClientReply:client-D2340BF4DD29->f9fecd82-c7ae-483e-b259-6428f2dfb240@group-7DE138E597A5, cid=2318, SUCCESS, logIndex=3443, commits[f9fecd82-c7ae-483e-b259-6428f2dfb240:c3443, adbfec77-7a0d-4773-aa56-ba0b778d0ab5:c3439, 90c45227-141f-43fe-b831-a2b91b39d6b0:c3439]
2019-07-14 06:26:03,797 INFO  client.GrpcClientProtocolClient (GrpcClientProtocolClient.java:onNext(255)) - client-D2340BF4DD29->f9fecd82-c7ae-483e-b259-6428f2dfb240: receive RaftClientReply:client-D2340BF4DD29->f9fecd82-c7ae-483e-b259-6428f2dfb240@group-7DE138E597A5, cid=2319, SUCCESS, logIndex=0, commits[f9fecd82-c7ae-483e-b259-6428f2dfb240:c3445, adbfec77-7a0d-4773-aa56-ba0b778d0ab5:c3441, 90c45227-141f-43fe-b831-a2b91b39d6b0:c3441]
2019-07-14 06:26:03,818 INFO  client.GrpcClientProtocolClient (GrpcClientProtocolClient.java:onNext(255)) - client-D2340BF4DD29->f9fecd82-c7ae-483e-b259-6428f2dfb240: receive RaftClientReply:client-D2340BF4DD29->f9fecd82-c7ae-483e-b259-6428f2dfb240@group-7DE138E597A5, cid=2320, SUCCESS, logIndex=3448, commits[f9fecd82-c7ae-483e-b259-6428f2dfb240:c3449, adbfec77-7a0d-4773-aa56-ba0b778d0ab5:c3447, 90c45227-141f-43fe-b831-a2b91b39d6b0:c3447]
2019-07-14 06:26:03,818 INFO  client.GrpcClientProtocolClient (GrpcClientProtocolClient.java:onNext(255)) - client-D2340BF4DD29->f9fecd82-c7ae-483e-b259-6428f2dfb240: receive RaftClientReply:client-D2340BF4DD29->f9fecd82-c7ae-483e-b259-6428f2dfb240@group-7DE138E597A5, cid=2321, SUCCESS, logIndex=3449, commits[f9fecd82-c7ae-483e-b259-6428f2dfb240:c3449, adbfec77-7a0d-4773-aa56-ba0b778d0ab5:c3447, 90c45227-141f-43fe-b831-a2b91b39d6b0:c3447]
2019-07-14 06:26:03,845 INFO  client.GrpcClientProtocolClient (GrpcClientProtocolClient.java:onNext(255)) - client-D2340BF4DD29->f9fecd82-c7ae-483e-b259-6428f2dfb240: receive RaftClientReply:client-D2340BF4DD29->f9fecd82-c7ae-483e-b259-6428f2dfb240@group-7DE138E597A5, cid=2322, SUCCESS, logIndex=3452, commits[f9fecd82-c7ae-483e-b259-6428f2dfb240:c3452, adbfec77-7a0d-4773-aa56-ba0b778d0ab5:c3449, 90c45227-141f-43fe-b831-a2b91b39d6b0:c3449]
 0.00% |█                                                                                                    |  0/1 Time: 0:00:182019-07-14 06:26:03,845 INFO  client.GrpcClientProtocolClient (GrpcClientProtocolClient.java:onNext(255)) - client-D2340BF4DD29->f9fecd82-c7ae-483e-b259-6428f2dfb240: receive RaftClientReply:client-D2340BF4DD29->f9fecd82-c7ae-483e-b259-6428f2dfb240@group-7DE138E597A5, cid=2323, SUCCESS, logIndex=3453, commits[f9fecd82-c7ae-483e-b259-6428f2dfb240:c3453, adbfec77-7a0d-4773-aa56-ba0b778d0ab5:c3449, 90c45227-141f-43fe-b831-a2b91b39d6b0:c3449]
2019-07-14 06:26:03,852 INFO  client.GrpcClientProtocolClient (GrpcClientProtocolClient.java:onNext(255)) - client-D2340BF4DD29->f9fecd82-c7ae-483e-b259-6428f2dfb240: receive RaftClientReply:client-D2340BF4DD29->f9fecd82-c7ae-483e-b259-6428f2dfb240@group-7DE138E597A5, cid=2324, SUCCESS, logIndex=0, commits[f9fecd82-c7ae-483e-b259-6428f2dfb240:c3455, adbfec77-7a0d-4773-aa56-ba0b778d0ab5:c3453, 90c45227-141f-43fe-b831-a2b91b39d6b0:c3453]
2019-07-14 06:26:03,878 INFO  client.GrpcClientProtocolClient (GrpcClientProtocolClient.java:onNext(255)) - client-D2340BF4DD29->f9fecd82-c7ae-483e-b259-6428f2dfb240: receive RaftClientReply:client-D2340BF4DD29->f9fecd82-c7ae-483e-b259-6428f2dfb240@group-7DE138E597A5, cid=2325, SUCCESS, logIndex=3456, commits[f9fecd82-c7ae-483e-b259-6428f2dfb240:c3457, adbfec77-7a0d-4773-aa56-ba0b778d0ab5:c3455, 90c45227-141f-43fe-b831-a2b91b39d6b0:c3455]
2019-07-14 06:26:03,878 INFO  client.GrpcClientProtocolClient (GrpcClientProtocolClient.java:onNext(255)) - client-D2340BF4DD29->f9fecd82-c7ae-483e-b259-6428f2dfb240: receive RaftClientReply:client-D2340BF4DD29->f9fecd82-c7ae-483e-b259-6428f2dfb240@group-7DE138E597A5, cid=2326, SUCCESS, logIndex=3457, commits[f9fecd82-c7ae-483e-b259-6428f2dfb240:c3459, adbfec77-7a0d-4773-aa56-ba0b778d0ab5:c3455, 90c45227-141f-43fe-b831-a2b91b39d6b0:c3455]
2019-07-14 06:26:03,879 INFO  client.GrpcClientProtocolClient (GrpcClientProtocolClient.java:onNext(255)) - client-D2340BF4DD29->f9fecd82-c7ae-483e-b259-6428f2dfb240: receive RaftClientReply:client-D2340BF4DD29->f9fecd82-c7ae-483e-b259-6428f2dfb240@group-7DE138E597A5, cid=2327, SUCCESS, logIndex=3458, commits[f9fecd82-c7ae-483e-b259-6428f2dfb240:c3459, adbfec77-7a0d-4773-aa56-ba0b778d0ab5:c3455, 90c45227-141f-43fe-b831-a2b91b39d6b0:c3455]
2019-07-14 06:26:03,879 INFO  client.GrpcClientProtocolClient (GrpcClientProtocolClient.java:onNext(255)) - client-D2340BF4DD29->f9fecd82-c7ae-483e-b259-6428f2dfb240: receive RaftClientReply:client-D2340BF4DD29->f9fecd82-c7ae-483e-b259-6428f2dfb240@group-7DE138E597A5, cid=2328, SUCCESS, logIndex=3459, commits[f9fecd82-c7ae-483e-b259-6428f2dfb240:c3460, adbfec77-7a0d-4773-aa56-ba0b778d0ab5:c3456, 90c45227-141f-43fe-b831-a2b91b39d6b0:c3456]
2019-07-14 06:26:03,880 INFO  client.GrpcClientProtocolClient (GrpcClientProtocolClient.java:onNext(255)) - client-D2340BF4DD29->f9fecd82-c7ae-483e-b259-6428f2dfb240: receive RaftClientReply:client-D2340BF4DD29->f9fecd82-c7ae-483e-b259-6428f2dfb240@group-7DE138E597A5, cid=2329, SUCCESS, logIndex=0, commits[f9fecd82-c7ae-483e-b259-6428f2dfb240:c3462, adbfec77-7a0d-4773-aa56-ba0b778d0ab5:c3459, 90c45227-141f-43fe-b831-a2b91b39d6b0:c3457]
2019-07-14 06:26:03,900 INFO  client.GrpcClientProtocolClient (GrpcClientProtocolClient.java:onNext(255)) - client-D2340BF4DD29->f9fecd82-c7ae-483e-b259-6428f2dfb240: receive RaftClientReply:client-D2340BF4DD29->f9fecd82-c7ae-483e-b259-6428f2dfb240@group-7DE138E597A5, cid=2330, SUCCESS, logIndex=3464, commits[f9fecd82-c7ae-483e-b259-6428f2dfb240:c3465, adbfec77-7a0d-4773-aa56-ba0b778d0ab5:c3463, 90c45227-141f-43fe-b831-a2b91b39d6b0:c3463]
2019-07-14 06:26:03,901 INFO  client.GrpcClientProtocolClient (GrpcClientProtocolClient.java:onNext(255)) - client-D2340BF4DD29->f9fecd82-c7ae-483e-b259-6428f2dfb240: receive RaftClientReply:client-D2340BF4DD29->f9fecd82-c7ae-483e-b259-6428f2dfb240@group-7DE138E597A5, cid=2331, SUCCESS, logIndex=3465, commits[f9fecd82-c7ae-483e-b259-6428f2dfb240:c3465, adbfec77-7a0d-4773-aa56-ba0b778d0ab5:c3463, 90c45227-141f-43fe-b831-a2b91b39d6b0:c3463]
2019-07-14 06:26:03,928 INFO  client.GrpcClientProtocolClient (GrpcClientProtocolClient.java:onNext(255)) - client-D2340BF4DD29->f9fecd82-c7ae-483e-b259-6428f2dfb240: receive RaftClientReply:client-D2340BF4DD29->f9fecd82-c7ae-483e-b259-6428f2dfb240@group-7DE138E597A5, cid=2332, SUCCESS, logIndex=3468, commits[f9fecd82-c7ae-483e-b259-6428f2dfb240:c3469, adbfec77-7a0d-4773-aa56-ba0b778d0ab5:c3465, 90c45227-141f-43fe-b831-a2b91b39d6b0:c3465]
2019-07-14 06:26:03,928 INFO  client.GrpcClientProtocolClient (GrpcClientProtocolClient.java:onNext(255)) - client-D2340BF4DD29->f9fecd82-c7ae-483e-b259-6428f2dfb240: receive RaftClientReply:client-D2340BF4DD29->f9fecd82-c7ae-483e-b259-6428f2dfb240@group-7DE138E597A5, cid=2333, SUCCESS, logIndex=3469, commits[f9fecd82-c7ae-483e-b259-6428f2dfb240:c3469, adbfec77-7a0d-4773-aa56-ba0b778d0ab5:c3465, 90c45227-141f-43fe-b831-a2b91b39d6b0:c3465]
2019-07-14 06:26:03,954 INFO  client.GrpcClientProtocolClient (GrpcClientProtocolClient.java:onNext(255)) - client-D2340BF4DD29->f9fecd82-c7ae-483e-b259-6428f2dfb240: receive RaftClientReply:client-D2340BF4DD29->f9fecd82-c7ae-483e-b259-6428f2dfb240@group-7DE138E597A5, cid=2334, SUCCESS, logIndex=0, commits[f9fecd82-c7ae-483e-b259-6428f2dfb240:c3471, adbfec77-7a0d-4773-aa56-ba0b778d0ab5:c3469, 90c45227-141f-43fe-b831-a2b91b39d6b0:c3469]
2019-07-14 06:26:03,990 INFO  client.GrpcClientProtocolClient (GrpcClientProtocolClient.java:onNext(255)) - client-D2340BF4DD29->f9fecd82-c7ae-483e-b259-6428f2dfb240: receive RaftClientReply:client-D2340BF4DD29->f9fecd82-c7ae-483e-b259-6428f2dfb240@group-7DE138E597A5, cid=2335, SUCCESS, logIndex=3472, commits[f9fecd82-c7ae-483e-b259-6428f2dfb240:c3473, adbfec77-7a0d-4773-aa56-ba0b778d0ab5:c3471, 90c45227-141f-43fe-b831-a2b91b39d6b0:c3471]
2019-07-14 06:26:03,990 INFO  client.GrpcClientProtocolClient (GrpcClientProtocolClient.java:onNext(255)) - client-D2340BF4DD29->f9fecd82-c7ae-483e-b259-6428f2dfb240: receive RaftClientReply:client-D2340BF4DD29->f9fecd82-c7ae-483e-b259-6428f2dfb240@group-7DE138E597A5, cid=2336, SUCCESS, logIndex=3473, commits[f9fecd82-c7ae-483e-b259-6428f2dfb240:c3473, adbfec77-7a0d-4773-aa56-ba0b778d0ab5:c3471, 90c45227-141f-43fe-b831-a2b91b39d6b0:c3471]
2019-07-14 06:26:03,992 INFO  client.GrpcClientProtocolClient (GrpcClientProtocolClient.java:onNext(255)) - client-D2340BF4DD29->f9fecd82-c7ae-483e-b259-6428f2dfb240: receive RaftClientReply:client-D2340BF4DD29->f9fecd82-c7ae-483e-b259-6428f2dfb240@group-7DE138E597A5, cid=2337, SUCCESS, logIndex=3474, commits[f9fecd82-c7ae-483e-b259-6428f2dfb240:c3475, adbfec77-7a0d-4773-aa56-ba0b778d0ab5:c3471, 90c45227-141f-43fe-b831-a2b91b39d6b0:c3471]
2019-07-14 06:26:03,992 INFO  client.GrpcClientProtocolClient (GrpcClientProtocolClient.java:onNext(255)) - client-D2340BF4DD29->f9fecd82-c7ae-483e-b259-6428f2dfb240: receive RaftClientReply:client-D2340BF4DD29->f9fecd82-c7ae-483e-b259-6428f2dfb240@group-7DE138E597A5, cid=2338, SUCCESS, logIndex=3475, commits[f9fecd82-c7ae-483e-b259-6428f2dfb240:c3475, adbfec77-7a0d-4773-aa56-ba0b778d0ab5:c3471, 90c45227-141f-43fe-b831-a2b91b39d6b0:c3471]
2019-07-14 06:26:04,005 INFO  client.GrpcClientProtocolClient (GrpcClientProtocolClient.java:onNext(255)) - client-D2340BF4DD29->f9fecd82-c7ae-483e-b259-6428f2dfb240: receive RaftClientReply:client-D2340BF4DD29->f9fecd82-c7ae-483e-b259-6428f2dfb240@group-7DE138E597A5, cid=2339, SUCCESS, logIndex=0, commits[f9fecd82-c7ae-483e-b259-6428f2dfb240:c3477, adbfec77-7a0d-4773-aa56-ba0b778d0ab5:c3473, 90c45227-141f-43fe-b831-a2b91b39d6b0:c3473]
2019-07-14 06:26:04,027 INFO  client.GrpcClientProtocolClient (GrpcClientProtocolClient.java:onNext(255)) - client-D2340BF4DD29->f9fecd82-c7ae-483e-b259-6428f2dfb240: receive RaftClientReply:client-D2340BF4DD29->f9fecd82-c7ae-483e-b259-6428f2dfb240@group-7DE138E597A5, cid=2340, SUCCESS, logIndex=3480, commits[f9fecd82-c7ae-483e-b259-6428f2dfb240:c3481, adbfec77-7a0d-4773-aa56-ba0b778d0ab5:c3479, 90c45227-141f-43fe-b831-a2b91b39d6b0:c3479]
2019-07-14 06:26:04,028 INFO  client.GrpcClientProtocolClient (GrpcClientProtocolClient.java:onNext(255)) - client-D2340BF4DD29->f9fecd82-c7ae-483e-b259-6428f2dfb240: receive RaftClientReply:client-D2340BF4DD29->f9fecd82-c7ae-483e-b259-6428f2dfb240@group-7DE138E597A5, cid=2341, SUCCESS, logIndex=3481, commits[f9fecd82-c7ae-483e-b259-6428f2dfb240:c3481, adbfec77-7a0d-4773-aa56-ba0b778d0ab5:c3479, 90c45227-141f-43fe-b831-a2b91b39d6b0:c3479]
2019-07-14 06:26:04,054 INFO  client.GrpcClientProtocolClient (GrpcClientProtocolClient.java:onNext(255)) - client-D2340BF4DD29->f9fecd82-c7ae-483e-b259-6428f2dfb240: receive RaftClientReply:client-D2340BF4DD29->f9fecd82-c7ae-483e-b259-6428f2dfb240@group-7DE138E597A5, cid=2342, SUCCESS, logIndex=3484, commits[f9fecd82-c7ae-483e-b259-6428f2dfb240:c3484, adbfec77-7a0d-4773-aa56-ba0b778d0ab5:c3481, 90c45227-141f-43fe-b831-a2b91b39d6b0:c3481]
2019-07-14 06:26:04,054 INFO  client.GrpcClientProtocolClient (GrpcClientProtocolClient.java:onNext(255)) - client-D2340BF4DD29->f9fecd82-c7ae-483e-b259-6428f2dfb240: receive RaftClientReply:client-D2340BF4DD29->f9fecd82-c7ae-483e-b259-6428f2dfb240@group-7DE138E597A5, cid=2343, SUCCESS, logIndex=3485, commits[f9fecd82-c7ae-483e-b259-6428f2dfb240:c3485, adbfec77-7a0d-4773-aa56-ba0b778d0ab5:c3481, 90c45227-141f-43fe-b831-a2b91b39d6b0:c3481]
2019-07-14 06:26:04,078 INFO  client.GrpcClientProtocolClient (GrpcClientProtocolClient.java:onNext(255)) - client-D2340BF4DD29->f9fecd82-c7ae-483e-b259-6428f2dfb240: receive RaftClientReply:client-D2340BF4DD29->f9fecd82-c7ae-483e-b259-6428f2dfb240@group-7DE138E597A5, cid=2344, SUCCESS, logIndex=0, commits[f9fecd82-c7ae-483e-b259-6428f2dfb240:c3487, adbfec77-7a0d-4773-aa56-ba0b778d0ab5:c3485, 90c45227-141f-43fe-b831-a2b91b39d6b0:c3485]
2019-07-14 06:26:04,109 INFO  client.GrpcClientProtocolClient (GrpcClientProtocolClient.java:onNext(255)) - client-D2340BF4DD29->f9fecd82-c7ae-483e-b259-6428f2dfb240: receive RaftClientReply:client-D2340BF4DD29->f9fecd82-c7ae-483e-b259-6428f2dfb240@group-7DE138E597A5, cid=2345, SUCCESS, logIndex=3488, commits[f9fecd82-c7ae-483e-b259-6428f2dfb240:c3489, adbfec77-7a0d-4773-aa56-ba0b778d0ab5:c3487, 90c45227-141f-43fe-b831-a2b91b39d6b0:c3487]
2019-07-14 06:26:04,109 INFO  client.GrpcClientProtocolClient (GrpcClientProtocolClient.java:onNext(255)) - client-D2340BF4DD29->f9fecd82-c7ae-483e-b259-6428f2dfb240: receive RaftClientReply:client-D2340BF4DD29->f9fecd82-c7ae-483e-b259-6428f2dfb240@group-7DE138E597A5, cid=2346, SUCCESS, logIndex=3489, commits[f9fecd82-c7ae-483e-b259-6428f2dfb240:c3489, adbfec77-7a0d-4773-aa56-ba0b778d0ab5:c3487, 90c45227-141f-43fe-b831-a2b91b39d6b0:c3487]
2019-07-14 06:26:04,110 INFO  client.GrpcClientProtocolClient (GrpcClientProtocolClient.java:onNext(255)) - client-D2340BF4DD29->f9fecd82-c7ae-483e-b259-6428f2dfb240: receive RaftClientReply:client-D2340BF4DD29->f9fecd82-c7ae-483e-b259-6428f2dfb240@group-7DE138E597A5, cid=2347, SUCCESS, logIndex=3490, commits[f9fecd82-c7ae-483e-b259-6428f2dfb240:c3490, adbfec77-7a0d-4773-aa56-ba0b778d0ab5:c3487, 90c45227-141f-43fe-b831-a2b91b39d6b0:c3487]
2019-07-14 06:26:04,111 INFO  client.GrpcClientProtocolClient (GrpcClientProtocolClient.java:onNext(255)) - client-D2340BF4DD29->f9fecd82-c7ae-483e-b259-6428f2dfb240: receive RaftClientReply:client-D2340BF4DD29->f9fecd82-c7ae-483e-b259-6428f2dfb240@group-7DE138E597A5, cid=2348, SUCCESS, logIndex=3491, commits[f9fecd82-c7ae-483e-b259-6428f2dfb240:c3491, adbfec77-7a0d-4773-aa56-ba0b778d0ab5:c3487, 90c45227-141f-43fe-b831-a2b91b39d6b0:c3487]
2019-07-14 06:26:04,112 INFO  client.GrpcClientProtocolClient (GrpcClientProtocolClient.java:onNext(255)) - client-D2340BF4DD29->f9fecd82-c7ae-483e-b259-6428f2dfb240: receive RaftClientReply:client-D2340BF4DD29->f9fecd82-c7ae-483e-b259-6428f2dfb240@group-7DE138E597A5, cid=2349, SUCCESS, logIndex=0, commits[f9fecd82-c7ae-483e-b259-6428f2dfb240:c3493, adbfec77-7a0d-4773-aa56-ba0b778d0ab5:c3489, 90c45227-141f-43fe-b831-a2b91b39d6b0:c3489]
2019-07-14 06:26:04,240 INFO  client.GrpcClientProtocolClient (GrpcClientProtocolClient.java:onNext(255)) - client-D2340BF4DD29->f9fecd82-c7ae-483e-b259-6428f2dfb240: receive RaftClientReply:client-D2340BF4DD29->f9fecd82-c7ae-483e-b259-6428f2dfb240@group-7DE138E597A5, cid=2350, SUCCESS, logIndex=3496, commits[f9fecd82-c7ae-483e-b259-6428f2dfb240:c3497, adbfec77-7a0d-4773-aa56-ba0b778d0ab5:c3495, 90c45227-141f-43fe-b831-a2b91b39d6b0:c3495]
2019-07-14 06:26:04,240 INFO  client.GrpcClientProtocolClient (GrpcClientProtocolClient.java:onNext(255)) - client-D2340BF4DD29->f9fecd82-c7ae-483e-b259-6428f2dfb240: receive RaftClientReply:client-D2340BF4DD29->f9fecd82-c7ae-483e-b259-6428f2dfb240@group-7DE138E597A5, cid=2351, SUCCESS, logIndex=3497, commits[f9fecd82-c7ae-483e-b259-6428f2dfb240:c3497, adbfec77-7a0d-4773-aa56-ba0b778d0ab5:c3495, 90c45227-141f-43fe-b831-a2b91b39d6b0:c3495]
2019-07-14 06:26:04,254 INFO  client.GrpcClientProtocolClient (GrpcClientProtocolClient.java:onNext(255)) - client-D2340BF4DD29->f9fecd82-c7ae-483e-b259-6428f2dfb240: receive RaftClientReply:client-D2340BF4DD29->f9fecd82-c7ae-483e-b259-6428f2dfb240@group-7DE138E597A5, cid=2352, SUCCESS, logIndex=3500, commits[f9fecd82-c7ae-483e-b259-6428f2dfb240:c3501, adbfec77-7a0d-4773-aa56-ba0b778d0ab5:c3496, 90c45227-141f-43fe-b831-a2b91b39d6b0:c3497]
2019-07-14 06:26:04,255 INFO  client.GrpcClientProtocolClient (GrpcClientProtocolClient.java:onNext(255)) - client-D2340BF4DD29->f9fecd82-c7ae-483e-b259-6428f2dfb240: receive RaftClientReply:client-D2340BF4DD29->f9fecd82-c7ae-483e-b259-6428f2dfb240@group-7DE138E597A5, cid=2353, SUCCESS, logIndex=3501, commits[f9fecd82-c7ae-483e-b259-6428f2dfb240:c3501, adbfec77-7a0d-4773-aa56-ba0b778d0ab5:c3496, 90c45227-141f-43fe-b831-a2b91b39d6b0:c3497]
2019-07-14 06:26:04,264 INFO  client.GrpcClientProtocolClient (GrpcClientProtocolClient.java:onNext(255)) - client-D2340BF4DD29->f9fecd82-c7ae-483e-b259-6428f2dfb240: receive RaftClientReply:client-D2340BF4DD29->f9fecd82-c7ae-483e-b259-6428f2dfb240@group-7DE138E597A5, cid=2354, SUCCESS, logIndex=0, commits[f9fecd82-c7ae-483e-b259-6428f2dfb240:c3501, adbfec77-7a0d-4773-aa56-ba0b778d0ab5:c3497, 90c45227-141f-43fe-b831-a2b91b39d6b0:c3497]
2019-07-14 06:26:04,280 INFO  client.GrpcClientProtocolClient (GrpcClientProtocolClient.java:onNext(255)) - client-D2340BF4DD29->f9fecd82-c7ae-483e-b259-6428f2dfb240: receive RaftClientReply:client-D2340BF4DD29->f9fecd82-c7ae-483e-b259-6428f2dfb240@group-7DE138E597A5, cid=2355, SUCCESS, logIndex=0, commits[f9fecd82-c7ae-483e-b259-6428f2dfb240:c3503, adbfec77-7a0d-4773-aa56-ba0b778d0ab5:c3501, 90c45227-141f-43fe-b831-a2b91b39d6b0:c3501]
2019-07-14 06:26:04,312 INFO  client.GrpcClientProtocolClient (GrpcClientProtocolClient.java:onNext(255)) - client-D2340BF4DD29->f9fecd82-c7ae-483e-b259-6428f2dfb240: receive RaftClientReply:client-D2340BF4DD29->f9fecd82-c7ae-483e-b259-6428f2dfb240@group-7DE138E597A5, cid=2356, SUCCESS, logIndex=3504, commits[f9fecd82-c7ae-483e-b259-6428f2dfb240:c3505, adbfec77-7a0d-4773-aa56-ba0b778d0ab5:c3503, 90c45227-141f-43fe-b831-a2b91b39d6b0:c3503]
2019-07-14 06:26:04,313 INFO  client.GrpcClientProtocolClient (GrpcClientProtocolClient.java:onNext(255)) - client-D2340BF4DD29->f9fecd82-c7ae-483e-b259-6428f2dfb240: receive RaftClientReply:client-D2340BF4DD29->f9fecd82-c7ae-483e-b259-6428f2dfb240@group-7DE138E597A5, cid=2357, SUCCESS, logIndex=3505, commits[f9fecd82-c7ae-483e-b259-6428f2dfb240:c3505, adbfec77-7a0d-4773-aa56-ba0b778d0ab5:c3503, 90c45227-141f-43fe-b831-a2b91b39d6b0:c3503]
2019-07-14 06:26:04,324 INFO  client.GrpcClientProtocolClient (GrpcClientProtocolClient.java:onNext(255)) - client-D2340BF4DD29->f9fecd82-c7ae-483e-b259-6428f2dfb240: receive RaftClientReply:client-D2340BF4DD29->f9fecd82-c7ae-483e-b259-6428f2dfb240@group-7DE138E597A5, cid=2358, SUCCESS, logIndex=3506, commits[f9fecd82-c7ae-483e-b259-6428f2dfb240:c3507, adbfec77-7a0d-4773-aa56-ba0b778d0ab5:c3503, 90c45227-141f-43fe-b831-a2b91b39d6b0:c3503]
2019-07-14 06:26:04,325 INFO  client.GrpcClientProtocolClient (GrpcClientProtocolClient.java:onNext(255)) - client-D2340BF4DD29->f9fecd82-c7ae-483e-b259-6428f2dfb240: receive RaftClientReply:client-D2340BF4DD29->f9fecd82-c7ae-483e-b259-6428f2dfb240@group-7DE138E597A5, cid=2359, SUCCESS, logIndex=3507, commits[f9fecd82-c7ae-483e-b259-6428f2dfb240:c3509, adbfec77-7a0d-4773-aa56-ba0b778d0ab5:c3505, 90c45227-141f-43fe-b831-a2b91b39d6b0:c3505]
2019-07-14 06:26:04,345 INFO  client.GrpcClientProtocolClient (GrpcClientProtocolClient.java:onNext(255)) - client-D2340BF4DD29->f9fecd82-c7ae-483e-b259-6428f2dfb240: receive RaftClientReply:client-D2340BF4DD29->f9fecd82-c7ae-483e-b259-6428f2dfb240@group-7DE138E597A5, cid=2360, SUCCESS, logIndex=3512, commits[f9fecd82-c7ae-483e-b259-6428f2dfb240:c3513, adbfec77-7a0d-4773-aa56-ba0b778d0ab5:c3511, 90c45227-141f-43fe-b831-a2b91b39d6b0:c3511]
2019-07-14 06:26:04,345 INFO  client.GrpcClientProtocolClient (GrpcClientProtocolClient.java:onNext(255)) - client-D2340BF4DD29->f9fecd82-c7ae-483e-b259-6428f2dfb240: receive RaftClientReply:client-D2340BF4DD29->f9fecd82-c7ae-483e-b259-6428f2dfb240@group-7DE138E597A5, cid=2361, SUCCESS, logIndex=3513, commits[f9fecd82-c7ae-483e-b259-6428f2dfb240:c3513, adbfec77-7a0d-4773-aa56-ba0b778d0ab5:c3511, 90c45227-141f-43fe-b831-a2b91b39d6b0:c3511]
2019-07-14 06:26:04,372 INFO  client.GrpcClientProtocolClient (GrpcClientProtocolClient.java:onNext(255)) - client-D2340BF4DD29->f9fecd82-c7ae-483e-b259-6428f2dfb240: receive RaftClientReply:client-D2340BF4DD29->f9fecd82-c7ae-483e-b259-6428f2dfb240@group-7DE138E597A5, cid=2362, SUCCESS, logIndex=3516, commits[f9fecd82-c7ae-483e-b259-6428f2dfb240:c3517, adbfec77-7a0d-4773-aa56-ba0b778d0ab5:c3513, 90c45227-141f-43fe-b831-a2b91b39d6b0:c3513]
2019-07-14 06:26:04,373 INFO  client.GrpcClientProtocolClient (GrpcClientProtocolClient.java:onNext(255)) - client-D2340BF4DD29->f9fecd82-c7ae-483e-b259-6428f2dfb240: receive RaftClientReply:client-D2340BF4DD29->f9fecd82-c7ae-483e-b259-6428f2dfb240@group-7DE138E597A5, cid=2363, SUCCESS, logIndex=3517, commits[f9fecd82-c7ae-483e-b259-6428f2dfb240:c3517, adbfec77-7a0d-4773-aa56-ba0b778d0ab5:c3513, 90c45227-141f-43fe-b831-a2b91b39d6b0:c3513]
2019-07-14 06:26:04,388 INFO  client.GrpcClientProtocolClient (GrpcClientProtocolClient.java:onNext(255)) - client-D2340BF4DD29->f9fecd82-c7ae-483e-b259-6428f2dfb240: receive RaftClientReply:client-D2340BF4DD29->f9fecd82-c7ae-483e-b259-6428f2dfb240@group-7DE138E597A5, cid=2364, SUCCESS, logIndex=0, commits[f9fecd82-c7ae-483e-b259-6428f2dfb240:c3519, adbfec77-7a0d-4773-aa56-ba0b778d0ab5:c3517, 90c45227-141f-43fe-b831-a2b91b39d6b0:c3517]
2019-07-14 06:26:04,413 INFO  client.GrpcClientProtocolClient (GrpcClientProtocolClient.java:onNext(255)) - client-D2340BF4DD29->f9fecd82-c7ae-483e-b259-6428f2dfb240: receive RaftClientReply:client-D2340BF4DD29->f9fecd82-c7ae-483e-b259-6428f2dfb240@group-7DE138E597A5, cid=2365, SUCCESS, logIndex=3520, commits[f9fecd82-c7ae-483e-b259-6428f2dfb240:c3521, adbfec77-7a0d-4773-aa56-ba0b778d0ab5:c3519, 90c45227-141f-43fe-b831-a2b91b39d6b0:c3517]
2019-07-14 06:26:04,414 INFO  client.GrpcClientProtocolClient (GrpcClientProtocolClient.java:onNext(255)) - client-D2340BF4DD29->f9fecd82-c7ae-483e-b259-6428f2dfb240: receive RaftClientReply:client-D2340BF4DD29->f9fecd82-c7ae-483e-b259-6428f2dfb240@group-7DE138E597A5, cid=2366, SUCCESS, logIndex=3521, commits[f9fecd82-c7ae-483e-b259-6428f2dfb240:c3521, adbfec77-7a0d-4773-aa56-ba0b778d0ab5:c3519, 90c45227-141f-43fe-b831-a2b91b39d6b0:c3517]
2019-07-14 06:26:04,416 INFO  client.GrpcClientProtocolClient (GrpcClientProtocolClient.java:onNext(255)) - client-D2340BF4DD29->f9fecd82-c7ae-483e-b259-6428f2dfb240: receive RaftClientReply:client-D2340BF4DD29->f9fecd82-c7ae-483e-b259-6428f2dfb240@group-7DE138E597A5, cid=2367, SUCCESS, logIndex=3522, commits[f9fecd82-c7ae-483e-b259-6428f2dfb240:c3523, adbfec77-7a0d-4773-aa56-ba0b778d0ab5:c3521, 90c45227-141f-43fe-b831-a2b91b39d6b0:c3519]
2019-07-14 06:26:04,416 INFO  client.GrpcClientProtocolClient (GrpcClientProtocolClient.java:onNext(255)) - client-D2340BF4DD29->f9fecd82-c7ae-483e-b259-6428f2dfb240: receive RaftClientReply:client-D2340BF4DD29->f9fecd82-c7ae-483e-b259-6428f2dfb240@group-7DE138E597A5, cid=2368, SUCCESS, logIndex=3523, commits[f9fecd82-c7ae-483e-b259-6428f2dfb240:c3523, adbfec77-7a0d-4773-aa56-ba0b778d0ab5:c3521, 90c45227-141f-43fe-b831-a2b91b39d6b0:c3519]
2019-07-14 06:26:04,418 INFO  client.GrpcClientProtocolClient (GrpcClientProtocolClient.java:onNext(255)) - client-D2340BF4DD29->f9fecd82-c7ae-483e-b259-6428f2dfb240: receive RaftClientReply:client-D2340BF4DD29->f9fecd82-c7ae-483e-b259-6428f2dfb240@group-7DE138E597A5, cid=2369, SUCCESS, logIndex=0, commits[f9fecd82-c7ae-483e-b259-6428f2dfb240:c3525, adbfec77-7a0d-4773-aa56-ba0b778d0ab5:c3521, 90c45227-141f-43fe-b831-a2b91b39d6b0:c3521]
2019-07-14 06:26:04,430 INFO  client.GrpcClientProtocolClient (GrpcClientProtocolClient.java:onNext(255)) - client-D2340BF4DD29->f9fecd82-c7ae-483e-b259-6428f2dfb240: receive RaftClientReply:client-D2340BF4DD29->f9fecd82-c7ae-483e-b259-6428f2dfb240@group-7DE138E597A5, cid=2370, SUCCESS, logIndex=3528, commits[f9fecd82-c7ae-483e-b259-6428f2dfb240:c3529, adbfec77-7a0d-4773-aa56-ba0b778d0ab5:c3527, 90c45227-141f-43fe-b831-a2b91b39d6b0:c3527]
2019-07-14 06:26:04,430 INFO  client.GrpcClientProtocolClient (GrpcClientProtocolClient.java:onNext(255)) - client-D2340BF4DD29->f9fecd82-c7ae-483e-b259-6428f2dfb240: receive RaftClientReply:client-D2340BF4DD29->f9fecd82-c7ae-483e-b259-6428f2dfb240@group-7DE138E597A5, cid=2371, SUCCESS, logIndex=3529, commits[f9fecd82-c7ae-483e-b259-6428f2dfb240:c3529, adbfec77-7a0d-4773-aa56-ba0b778d0ab5:c3527, 90c45227-141f-43fe-b831-a2b91b39d6b0:c3527]
2019-07-14 06:26:04,459 INFO  client.GrpcClientProtocolClient (GrpcClientProtocolClient.java:onNext(255)) - client-D2340BF4DD29->f9fecd82-c7ae-483e-b259-6428f2dfb240: receive RaftClientReply:client-D2340BF4DD29->f9fecd82-c7ae-483e-b259-6428f2dfb240@group-7DE138E597A5, cid=2372, SUCCESS, logIndex=3532, commits[f9fecd82-c7ae-483e-b259-6428f2dfb240:c3533, adbfec77-7a0d-4773-aa56-ba0b778d0ab5:c3530, 90c45227-141f-43fe-b831-a2b91b39d6b0:c3530]
2019-07-14 06:26:04,460 INFO  client.GrpcClientProtocolClient (GrpcClientProtocolClient.java:onNext(255)) - client-D2340BF4DD29->f9fecd82-c7ae-483e-b259-6428f2dfb240: receive RaftClientReply:client-D2340BF4DD29->f9fecd82-c7ae-483e-b259-6428f2dfb240@group-7DE138E597A5, cid=2373, SUCCESS, logIndex=3533, commits[f9fecd82-c7ae-483e-b259-6428f2dfb240:c3533, adbfec77-7a0d-4773-aa56-ba0b778d0ab5:c3530, 90c45227-141f-43fe-b831-a2b91b39d6b0:c3530]
2019-07-14 06:26:04,474 INFO  client.GrpcClientProtocolClient (GrpcClientProtocolClient.java:onNext(255)) - client-D2340BF4DD29->f9fecd82-c7ae-483e-b259-6428f2dfb240: receive RaftClientReply:client-D2340BF4DD29->f9fecd82-c7ae-483e-b259-6428f2dfb240@group-7DE138E597A5, cid=2374, SUCCESS, logIndex=0, commits[f9fecd82-c7ae-483e-b259-6428f2dfb240:c3535, adbfec77-7a0d-4773-aa56-ba0b778d0ab5:c3533, 90c45227-141f-43fe-b831-a2b91b39d6b0:c3533]
2019-07-14 06:26:04,506 INFO  client.GrpcClientProtocolClient (GrpcClientProtocolClient.java:onNext(255)) - client-D2340BF4DD29->f9fecd82-c7ae-483e-b259-6428f2dfb240: receive RaftClientReply:client-D2340BF4DD29->f9fecd82-c7ae-483e-b259-6428f2dfb240@group-7DE138E597A5, cid=2375, SUCCESS, logIndex=3536, commits[f9fecd82-c7ae-483e-b259-6428f2dfb240:c3537, adbfec77-7a0d-4773-aa56-ba0b778d0ab5:c3535, 90c45227-141f-43fe-b831-a2b91b39d6b0:c3535]
2019-07-14 06:26:04,506 INFO  client.GrpcClientProtocolClient (GrpcClientProtocolClient.java:onNext(255)) - client-D2340BF4DD29->f9fecd82-c7ae-483e-b259-6428f2dfb240: receive RaftClientReply:client-D2340BF4DD29->f9fecd82-c7ae-483e-b259-6428f2dfb240@group-7DE138E597A5, cid=2376, SUCCESS, logIndex=3537, commits[f9fecd82-c7ae-483e-b259-6428f2dfb240:c3539, adbfec77-7a0d-4773-aa56-ba0b778d0ab5:c3535, 90c45227-141f-43fe-b831-a2b91b39d6b0:c3535]
2019-07-14 06:26:04,507 INFO  client.GrpcClientProtocolClient (GrpcClientProtocolClient.java:onNext(255)) - client-D2340BF4DD29->f9fecd82-c7ae-483e-b259-6428f2dfb240: receive RaftClientReply:client-D2340BF4DD29->f9fecd82-c7ae-483e-b259-6428f2dfb240@group-7DE138E597A5, cid=2377, SUCCESS, logIndex=3538, commits[f9fecd82-c7ae-483e-b259-6428f2dfb240:c3539, adbfec77-7a0d-4773-aa56-ba0b778d0ab5:c3535, 90c45227-141f-43fe-b831-a2b91b39d6b0:c3535]
2019-07-14 06:26:04,507 INFO  client.GrpcClientProtocolClient (GrpcClientProtocolClient.java:onNext(255)) - client-D2340BF4DD29->f9fecd82-c7ae-483e-b259-6428f2dfb240: receive RaftClientReply:client-D2340BF4DD29->f9fecd82-c7ae-483e-b259-6428f2dfb240@group-7DE138E597A5, cid=2378, SUCCESS, logIndex=3539, commits[f9fecd82-c7ae-483e-b259-6428f2dfb240:c3539, adbfec77-7a0d-4773-aa56-ba0b778d0ab5:c3535, 90c45227-141f-43fe-b831-a2b91b39d6b0:c3535]
2019-07-14 06:26:04,530 INFO  client.GrpcClientProtocolClient (GrpcClientProtocolClient.java:onNext(255)) - client-D2340BF4DD29->f9fecd82-c7ae-483e-b259-6428f2dfb240: receive RaftClientReply:client-D2340BF4DD29->f9fecd82-c7ae-483e-b259-6428f2dfb240@group-7DE138E597A5, cid=2379, SUCCESS, logIndex=0, commits[f9fecd82-c7ae-483e-b259-6428f2dfb240:c3541, adbfec77-7a0d-4773-aa56-ba0b778d0ab5:c3537, 90c45227-141f-43fe-b831-a2b91b39d6b0:c3537]
2019-07-14 06:26:04,554 INFO  client.GrpcClientProtocolClient (GrpcClientProtocolClient.java:onNext(255)) - client-D2340BF4DD29->f9fecd82-c7ae-483e-b259-6428f2dfb240: receive RaftClientReply:client-D2340BF4DD29->f9fecd82-c7ae-483e-b259-6428f2dfb240@group-7DE138E597A5, cid=2380, SUCCESS, logIndex=3544, commits[f9fecd82-c7ae-483e-b259-6428f2dfb240:c3545, adbfec77-7a0d-4773-aa56-ba0b778d0ab5:c3543, 90c45227-141f-43fe-b831-a2b91b39d6b0:c3543]
2019-07-14 06:26:04,555 INFO  client.GrpcClientProtocolClient (GrpcClientProtocolClient.java:onNext(255)) - client-D2340BF4DD29->f9fecd82-c7ae-483e-b259-6428f2dfb240: receive RaftClientReply:client-D2340BF4DD29->f9fecd82-c7ae-483e-b259-6428f2dfb240@group-7DE138E597A5, cid=2381, SUCCESS, logIndex=3545, commits[f9fecd82-c7ae-483e-b259-6428f2dfb240:c3545, adbfec77-7a0d-4773-aa56-ba0b778d0ab5:c3543, 90c45227-141f-43fe-b831-a2b91b39d6b0:c3543]
2019-07-14 06:26:04,579 INFO  client.GrpcClientProtocolClient (GrpcClientProtocolClient.java:onNext(255)) - client-D2340BF4DD29->f9fecd82-c7ae-483e-b259-6428f2dfb240: receive RaftClientReply:client-D2340BF4DD29->f9fecd82-c7ae-483e-b259-6428f2dfb240@group-7DE138E597A5, cid=2382, SUCCESS, logIndex=3548, commits[f9fecd82-c7ae-483e-b259-6428f2dfb240:c3549, adbfec77-7a0d-4773-aa56-ba0b778d0ab5:c3545, 90c45227-141f-43fe-b831-a2b91b39d6b0:c3545]
2019-07-14 06:26:04,580 INFO  client.GrpcClientProtocolClient (GrpcClientProtocolClient.java:onNext(255)) - client-D2340BF4DD29->f9fecd82-c7ae-483e-b259-6428f2dfb240: receive RaftClientReply:client-D2340BF4DD29->f9fecd82-c7ae-483e-b259-6428f2dfb240@group-7DE138E597A5, cid=2383, SUCCESS, logIndex=3549, commits[f9fecd82-c7ae-483e-b259-6428f2dfb240:c3549, adbfec77-7a0d-4773-aa56-ba0b778d0ab5:c3545, 90c45227-141f-43fe-b831-a2b91b39d6b0:c3545]
2019-07-14 06:26:04,593 INFO  client.GrpcClientProtocolClient (GrpcClientProtocolClient.java:onNext(255)) - client-D2340BF4DD29->f9fecd82-c7ae-483e-b259-6428f2dfb240: receive RaftClientReply:client-D2340BF4DD29->f9fecd82-c7ae-483e-b259-6428f2dfb240@group-7DE138E597A5, cid=2384, SUCCESS, logIndex=0, commits[f9fecd82-c7ae-483e-b259-6428f2dfb240:c3550, adbfec77-7a0d-4773-aa56-ba0b778d0ab5:c3549, 90c45227-141f-43fe-b831-a2b91b39d6b0:c3549]
2019-07-14 06:26:04,630 INFO  client.GrpcClientProtocolClient (GrpcClientProtocolClient.java:onNext(255)) - client-D2340BF4DD29->f9fecd82-c7ae-483e-b259-6428f2dfb240: receive RaftClientReply:client-D2340BF4DD29->f9fecd82-c7ae-483e-b259-6428f2dfb240@group-7DE138E597A5, cid=2385, SUCCESS, logIndex=3552, commits[f9fecd82-c7ae-483e-b259-6428f2dfb240:c3555, adbfec77-7a0d-4773-aa56-ba0b778d0ab5:c3551, 90c45227-141f-43fe-b831-a2b91b39d6b0:c3549]
2019-07-14 06:26:04,631 INFO  client.GrpcClientProtocolClient (GrpcClientProtocolClient.java:onNext(255)) - client-D2340BF4DD29->f9fecd82-c7ae-483e-b259-6428f2dfb240: receive RaftClientReply:client-D2340BF4DD29->f9fecd82-c7ae-483e-b259-6428f2dfb240@group-7DE138E597A5, cid=2386, SUCCESS, logIndex=3553, commits[f9fecd82-c7ae-483e-b259-6428f2dfb240:c3555, adbfec77-7a0d-4773-aa56-ba0b778d0ab5:c3551, 90c45227-141f-43fe-b831-a2b91b39d6b0:c3551]
2019-07-14 06:26:04,631 INFO  client.GrpcClientProtocolClient (GrpcClientProtocolClient.java:onNext(255)) - client-D2340BF4DD29->f9fecd82-c7ae-483e-b259-6428f2dfb240: receive RaftClientReply:client-D2340BF4DD29->f9fecd82-c7ae-483e-b259-6428f2dfb240@group-7DE138E597A5, cid=2387, SUCCESS, logIndex=3554, commits[f9fecd82-c7ae-483e-b259-6428f2dfb240:c3555, adbfec77-7a0d-4773-aa56-ba0b778d0ab5:c3551, 90c45227-141f-43fe-b831-a2b91b39d6b0:c3551]
2019-07-14 06:26:04,631 INFO  client.GrpcClientProtocolClient (GrpcClientProtocolClient.java:onNext(255)) - client-D2340BF4DD29->f9fecd82-c7ae-483e-b259-6428f2dfb240: receive RaftClientReply:client-D2340BF4DD29->f9fecd82-c7ae-483e-b259-6428f2dfb240@group-7DE138E597A5, cid=2388, SUCCESS, logIndex=3555, commits[f9fecd82-c7ae-483e-b259-6428f2dfb240:c3555, adbfec77-7a0d-4773-aa56-ba0b778d0ab5:c3551, 90c45227-141f-43fe-b831-a2b91b39d6b0:c3551]
2019-07-14 06:26:04,633 INFO  client.GrpcClientProtocolClient (GrpcClientProtocolClient.java:onNext(255)) - client-D2340BF4DD29->f9fecd82-c7ae-483e-b259-6428f2dfb240: receive RaftClientReply:client-D2340BF4DD29->f9fecd82-c7ae-483e-b259-6428f2dfb240@group-7DE138E597A5, cid=2389, SUCCESS, logIndex=0, commits[f9fecd82-c7ae-483e-b259-6428f2dfb240:c3556, adbfec77-7a0d-4773-aa56-ba0b778d0ab5:c3553, 90c45227-141f-43fe-b831-a2b91b39d6b0:c3553]
2019-07-14 06:26:04,647 INFO  client.GrpcClientProtocolClient (GrpcClientProtocolClient.java:onNext(255)) - client-D2340BF4DD29->f9fecd82-c7ae-483e-b259-6428f2dfb240: receive RaftClientReply:client-D2340BF4DD29->f9fecd82-c7ae-483e-b259-6428f2dfb240@group-7DE138E597A5, cid=2390, SUCCESS, logIndex=3559, commits[f9fecd82-c7ae-483e-b259-6428f2dfb240:c3559, adbfec77-7a0d-4773-aa56-ba0b778d0ab5:c3558, 90c45227-141f-43fe-b831-a2b91b39d6b0:c3558]
2019-07-14 06:26:04,647 INFO  client.GrpcClientProtocolClient (GrpcClientProtocolClient.java:onNext(255)) - client-D2340BF4DD29->f9fecd82-c7ae-483e-b259-6428f2dfb240: receive RaftClientReply:client-D2340BF4DD29->f9fecd82-c7ae-483e-b259-6428f2dfb240@group-7DE138E597A5, cid=2391, SUCCESS, logIndex=3560, commits[f9fecd82-c7ae-483e-b259-6428f2dfb240:c3560, adbfec77-7a0d-4773-aa56-ba0b778d0ab5:c3558, 90c45227-141f-43fe-b831-a2b91b39d6b0:c3558]
2019-07-14 06:26:04,659 INFO  client.GrpcClientProtocolClient (GrpcClientProtocolClient.java:onNext(255)) - client-D2340BF4DD29->f9fecd82-c7ae-483e-b259-6428f2dfb240: receive RaftClientReply:client-D2340BF4DD29->f9fecd82-c7ae-483e-b259-6428f2dfb240@group-7DE138E597A5, cid=2392, SUCCESS, logIndex=3563, commits[f9fecd82-c7ae-483e-b259-6428f2dfb240:c3564, adbfec77-7a0d-4773-aa56-ba0b778d0ab5:c3562, 90c45227-141f-43fe-b831-a2b91b39d6b0:c3560]
2019-07-14 06:26:04,660 INFO  client.GrpcClientProtocolClient (GrpcClientProtocolClient.java:onNext(255)) - client-D2340BF4DD29->f9fecd82-c7ae-483e-b259-6428f2dfb240: receive RaftClientReply:client-D2340BF4DD29->f9fecd82-c7ae-483e-b259-6428f2dfb240@group-7DE138E597A5, cid=2393, SUCCESS, logIndex=3564, commits[f9fecd82-c7ae-483e-b259-6428f2dfb240:c3564, adbfec77-7a0d-4773-aa56-ba0b778d0ab5:c3562, 90c45227-141f-43fe-b831-a2b91b39d6b0:c3562]
2019-07-14 06:26:04,665 INFO  client.GrpcClientProtocolClient (GrpcClientProtocolClient.java:onNext(255)) - client-D2340BF4DD29->f9fecd82-c7ae-483e-b259-6428f2dfb240: receive RaftClientReply:client-D2340BF4DD29->f9fecd82-c7ae-483e-b259-6428f2dfb240@group-7DE138E597A5, cid=2394, SUCCESS, logIndex=0, commits[f9fecd82-c7ae-483e-b259-6428f2dfb240:c3566, adbfec77-7a0d-4773-aa56-ba0b778d0ab5:c3564, 90c45227-141f-43fe-b831-a2b91b39d6b0:c3564]
2019-07-14 06:26:04,714 INFO  client.GrpcClientProtocolClient (GrpcClientProtocolClient.java:onNext(255)) - client-D2340BF4DD29->f9fecd82-c7ae-483e-b259-6428f2dfb240: receive RaftClientReply:client-D2340BF4DD29->f9fecd82-c7ae-483e-b259-6428f2dfb240@group-7DE138E597A5, cid=2395, SUCCESS, logIndex=3567, commits[f9fecd82-c7ae-483e-b259-6428f2dfb240:c3569, adbfec77-7a0d-4773-aa56-ba0b778d0ab5:c3566, 90c45227-141f-43fe-b831-a2b91b39d6b0:c3566]
2019-07-14 06:26:04,714 INFO  client.GrpcClientProtocolClient (GrpcClientProtocolClient.java:onNext(255)) - client-D2340BF4DD29->f9fecd82-c7ae-483e-b259-6428f2dfb240: receive RaftClientReply:client-D2340BF4DD29->f9fecd82-c7ae-483e-b259-6428f2dfb240@group-7DE138E597A5, cid=2396, SUCCESS, logIndex=3568, commits[f9fecd82-c7ae-483e-b259-6428f2dfb240:c3570, adbfec77-7a0d-4773-aa56-ba0b778d0ab5:c3566, 90c45227-141f-43fe-b831-a2b91b39d6b0:c3566]
2019-07-14 06:26:04,715 INFO  client.GrpcClientProtocolClient (GrpcClientProtocolClient.java:onNext(255)) - client-D2340BF4DD29->f9fecd82-c7ae-483e-b259-6428f2dfb240: receive RaftClientReply:client-D2340BF4DD29->f9fecd82-c7ae-483e-b259-6428f2dfb240@group-7DE138E597A5, cid=2397, SUCCESS, logIndex=3569, commits[f9fecd82-c7ae-483e-b259-6428f2dfb240:c3570, adbfec77-7a0d-4773-aa56-ba0b778d0ab5:c3566, 90c45227-141f-43fe-b831-a2b91b39d6b0:c3566]
2019-07-14 06:26:04,715 INFO  client.GrpcClientProtocolClient (GrpcClientProtocolClient.java:onNext(255)) - client-D2340BF4DD29->f9fecd82-c7ae-483e-b259-6428f2dfb240: receive RaftClientReply:client-D2340BF4DD29->f9fecd82-c7ae-483e-b259-6428f2dfb240@group-7DE138E597A5, cid=2398, SUCCESS, logIndex=3570, commits[f9fecd82-c7ae-483e-b259-6428f2dfb240:c3570, adbfec77-7a0d-4773-aa56-ba0b778d0ab5:c3566, 90c45227-141f-43fe-b831-a2b91b39d6b0:c3566]
2019-07-14 06:26:04,725 INFO  client.GrpcClientProtocolClient (GrpcClientProtocolClient.java:onNext(255)) - client-D2340BF4DD29->f9fecd82-c7ae-483e-b259-6428f2dfb240: receive RaftClientReply:client-D2340BF4DD29->f9fecd82-c7ae-483e-b259-6428f2dfb240@group-7DE138E597A5, cid=2399, SUCCESS, logIndex=0, commits[f9fecd82-c7ae-483e-b259-6428f2dfb240:c3572, adbfec77-7a0d-4773-aa56-ba0b778d0ab5:c3568, 90c45227-141f-43fe-b831-a2b91b39d6b0:c3568]
2019-07-14 06:26:04,747 INFO  client.GrpcClientProtocolClient (GrpcClientProtocolClient.java:onNext(255)) - client-D2340BF4DD29->f9fecd82-c7ae-483e-b259-6428f2dfb240: receive RaftClientReply:client-D2340BF4DD29->f9fecd82-c7ae-483e-b259-6428f2dfb240@group-7DE138E597A5, cid=2400, SUCCESS, logIndex=3575, commits[f9fecd82-c7ae-483e-b259-6428f2dfb240:c3576, adbfec77-7a0d-4773-aa56-ba0b778d0ab5:c3574, 90c45227-141f-43fe-b831-a2b91b39d6b0:c3574]
2019-07-14 06:26:04,748 INFO  client.GrpcClientProtocolClient (GrpcClientProtocolClient.java:onNext(255)) - client-D2340BF4DD29->f9fecd82-c7ae-483e-b259-6428f2dfb240: receive RaftClientReply:client-D2340BF4DD29->f9fecd82-c7ae-483e-b259-6428f2dfb240@group-7DE138E597A5, cid=2401, SUCCESS, logIndex=3576, commits[f9fecd82-c7ae-483e-b259-6428f2dfb240:c3576, adbfec77-7a0d-4773-aa56-ba0b778d0ab5:c3574, 90c45227-141f-43fe-b831-a2b91b39d6b0:c3574]
2019-07-14 06:26:04,774 INFO  client.GrpcClientProtocolClient (GrpcClientProtocolClient.java:onNext(255)) - client-D2340BF4DD29->f9fecd82-c7ae-483e-b259-6428f2dfb240: receive RaftClientReply:client-D2340BF4DD29->f9fecd82-c7ae-483e-b259-6428f2dfb240@group-7DE138E597A5, cid=2402, SUCCESS, logIndex=3579, commits[f9fecd82-c7ae-483e-b259-6428f2dfb240:c3580, adbfec77-7a0d-4773-aa56-ba0b778d0ab5:c3576, 90c45227-141f-43fe-b831-a2b91b39d6b0:c3576]
2019-07-14 06:26:04,775 INFO  client.GrpcClientProtocolClient (GrpcClientProtocolClient.java:onNext(255)) - client-D2340BF4DD29->f9fecd82-c7ae-483e-b259-6428f2dfb240: receive RaftClientReply:client-D2340BF4DD29->f9fecd82-c7ae-483e-b259-6428f2dfb240@group-7DE138E597A5, cid=2403, SUCCESS, logIndex=3580, commits[f9fecd82-c7ae-483e-b259-6428f2dfb240:c3580, adbfec77-7a0d-4773-aa56-ba0b778d0ab5:c3576, 90c45227-141f-43fe-b831-a2b91b39d6b0:c3576]
2019-07-14 06:26:04,800 INFO  client.GrpcClientProtocolClient (GrpcClientProtocolClient.java:onNext(255)) - client-D2340BF4DD29->f9fecd82-c7ae-483e-b259-6428f2dfb240: receive RaftClientReply:client-D2340BF4DD29->f9fecd82-c7ae-483e-b259-6428f2dfb240@group-7DE138E597A5, cid=2404, SUCCESS, logIndex=0, commits[f9fecd82-c7ae-483e-b259-6428f2dfb240:c3582, adbfec77-7a0d-4773-aa56-ba0b778d0ab5:c3580, 90c45227-141f-43fe-b831-a2b91b39d6b0:c3580]
2019-07-14 06:26:04,835 INFO  client.GrpcClientProtocolClient (GrpcClientProtocolClient.java:onNext(255)) - client-D2340BF4DD29->f9fecd82-c7ae-483e-b259-6428f2dfb240: receive RaftClientReply:client-D2340BF4DD29->f9fecd82-c7ae-483e-b259-6428f2dfb240@group-7DE138E597A5, cid=2405, SUCCESS, logIndex=3583, commits[f9fecd82-c7ae-483e-b259-6428f2dfb240:c3584, adbfec77-7a0d-4773-aa56-ba0b778d0ab5:c3582, 90c45227-141f-43fe-b831-a2b91b39d6b0:c3582]
2019-07-14 06:26:04,836 INFO  client.GrpcClientProtocolClient (GrpcClientProtocolClient.java:onNext(255)) - client-D2340BF4DD29->f9fecd82-c7ae-483e-b259-6428f2dfb240: receive RaftClientReply:client-D2340BF4DD29->f9fecd82-c7ae-483e-b259-6428f2dfb240@group-7DE138E597A5, cid=2406, SUCCESS, logIndex=3584, commits[f9fecd82-c7ae-483e-b259-6428f2dfb240:c3584, adbfec77-7a0d-4773-aa56-ba0b778d0ab5:c3582, 90c45227-141f-43fe-b831-a2b91b39d6b0:c3582]
2019-07-14 06:26:04,845 INFO  client.GrpcClientProtocolClient (GrpcClientProtocolClient.java:onNext(255)) - client-D2340BF4DD29->f9fecd82-c7ae-483e-b259-6428f2dfb240: receive RaftClientReply:client-D2340BF4DD29->f9fecd82-c7ae-483e-b259-6428f2dfb240@group-7DE138E597A5, cid=2407, SUCCESS, logIndex=3585, commits[f9fecd82-c7ae-483e-b259-6428f2dfb240:c3586, adbfec77-7a0d-4773-aa56-ba0b778d0ab5:c3582, 90c45227-141f-43fe-b831-a2b91b39d6b0:c3582]
 0.00% |█                                                                                                    |  0/1 Time: 0:00:192019-07-14 06:26:04,845 INFO  client.GrpcClientProtocolClient (GrpcClientProtocolClient.java:onNext(255)) - client-D2340BF4DD29->f9fecd82-c7ae-483e-b259-6428f2dfb240: receive RaftClientReply:client-D2340BF4DD29->f9fecd82-c7ae-483e-b259-6428f2dfb240@group-7DE138E597A5, cid=2408, SUCCESS, logIndex=3586, commits[f9fecd82-c7ae-483e-b259-6428f2dfb240:c3586, adbfec77-7a0d-4773-aa56-ba0b778d0ab5:c3582, 90c45227-141f-43fe-b831-a2b91b39d6b0:c3582]
2019-07-14 06:26:04,848 INFO  client.GrpcClientProtocolClient (GrpcClientProtocolClient.java:onNext(255)) - client-D2340BF4DD29->f9fecd82-c7ae-483e-b259-6428f2dfb240: receive RaftClientReply:client-D2340BF4DD29->f9fecd82-c7ae-483e-b259-6428f2dfb240@group-7DE138E597A5, cid=2409, SUCCESS, logIndex=0, commits[f9fecd82-c7ae-483e-b259-6428f2dfb240:c3586, adbfec77-7a0d-4773-aa56-ba0b778d0ab5:c3584, 90c45227-141f-43fe-b831-a2b91b39d6b0:c3584]
2019-07-14 06:26:04,864 INFO  client.GrpcClientProtocolClient (GrpcClientProtocolClient.java:onNext(255)) - client-D2340BF4DD29->f9fecd82-c7ae-483e-b259-6428f2dfb240: receive RaftClientReply:client-D2340BF4DD29->f9fecd82-c7ae-483e-b259-6428f2dfb240@group-7DE138E597A5, cid=2410, SUCCESS, logIndex=3591, commits[f9fecd82-c7ae-483e-b259-6428f2dfb240:c3592, adbfec77-7a0d-4773-aa56-ba0b778d0ab5:c3586, 90c45227-141f-43fe-b831-a2b91b39d6b0:c3586]
2019-07-14 06:26:04,865 INFO  client.GrpcClientProtocolClient (GrpcClientProtocolClient.java:onNext(255)) - client-D2340BF4DD29->f9fecd82-c7ae-483e-b259-6428f2dfb240: receive RaftClientReply:client-D2340BF4DD29->f9fecd82-c7ae-483e-b259-6428f2dfb240@group-7DE138E597A5, cid=2411, SUCCESS, logIndex=3592, commits[f9fecd82-c7ae-483e-b259-6428f2dfb240:c3592, adbfec77-7a0d-4773-aa56-ba0b778d0ab5:c3586, 90c45227-141f-43fe-b831-a2b91b39d6b0:c3586]
2019-07-14 06:26:04,876 INFO  client.GrpcClientProtocolClient (GrpcClientProtocolClient.java:onNext(255)) - client-D2340BF4DD29->f9fecd82-c7ae-483e-b259-6428f2dfb240: receive RaftClientReply:client-D2340BF4DD29->f9fecd82-c7ae-483e-b259-6428f2dfb240@group-7DE138E597A5, cid=2412, SUCCESS, logIndex=3595, commits[f9fecd82-c7ae-483e-b259-6428f2dfb240:c3596, adbfec77-7a0d-4773-aa56-ba0b778d0ab5:c3592, 90c45227-141f-43fe-b831-a2b91b39d6b0:c3592]
2019-07-14 06:26:04,877 INFO  client.GrpcClientProtocolClient (GrpcClientProtocolClient.java:onNext(255)) - client-D2340BF4DD29->f9fecd82-c7ae-483e-b259-6428f2dfb240: receive RaftClientReply:client-D2340BF4DD29->f9fecd82-c7ae-483e-b259-6428f2dfb240@group-7DE138E597A5, cid=2413, SUCCESS, logIndex=3596, commits[f9fecd82-c7ae-483e-b259-6428f2dfb240:c3596, adbfec77-7a0d-4773-aa56-ba0b778d0ab5:c3592, 90c45227-141f-43fe-b831-a2b91b39d6b0:c3592]
2019-07-14 06:26:04,881 INFO  client.GrpcClientProtocolClient (GrpcClientProtocolClient.java:onNext(255)) - client-D2340BF4DD29->f9fecd82-c7ae-483e-b259-6428f2dfb240: receive RaftClientReply:client-D2340BF4DD29->f9fecd82-c7ae-483e-b259-6428f2dfb240@group-7DE138E597A5, cid=2414, SUCCESS, logIndex=0, commits[f9fecd82-c7ae-483e-b259-6428f2dfb240:c3598, adbfec77-7a0d-4773-aa56-ba0b778d0ab5:c3596, 90c45227-141f-43fe-b831-a2b91b39d6b0:c3596]
2019-07-14 06:26:04,906 INFO  client.GrpcClientProtocolClient (GrpcClientProtocolClient.java:onNext(255)) - client-D2340BF4DD29->f9fecd82-c7ae-483e-b259-6428f2dfb240: receive RaftClientReply:client-D2340BF4DD29->f9fecd82-c7ae-483e-b259-6428f2dfb240@group-7DE138E597A5, cid=2415, SUCCESS, logIndex=3599, commits[f9fecd82-c7ae-483e-b259-6428f2dfb240:c3602, adbfec77-7a0d-4773-aa56-ba0b778d0ab5:c3598, 90c45227-141f-43fe-b831-a2b91b39d6b0:c3598]
2019-07-14 06:26:04,906 INFO  client.GrpcClientProtocolClient (GrpcClientProtocolClient.java:onNext(255)) - client-D2340BF4DD29->f9fecd82-c7ae-483e-b259-6428f2dfb240: receive RaftClientReply:client-D2340BF4DD29->f9fecd82-c7ae-483e-b259-6428f2dfb240@group-7DE138E597A5, cid=2416, SUCCESS, logIndex=3600, commits[f9fecd82-c7ae-483e-b259-6428f2dfb240:c3602, adbfec77-7a0d-4773-aa56-ba0b778d0ab5:c3598, 90c45227-141f-43fe-b831-a2b91b39d6b0:c3598]
2019-07-14 06:26:04,907 INFO  client.GrpcClientProtocolClient (GrpcClientProtocolClient.java:onNext(255)) - client-D2340BF4DD29->f9fecd82-c7ae-483e-b259-6428f2dfb240: receive RaftClientReply:client-D2340BF4DD29->f9fecd82-c7ae-483e-b259-6428f2dfb240@group-7DE138E597A5, cid=2417, SUCCESS, logIndex=3601, commits[f9fecd82-c7ae-483e-b259-6428f2dfb240:c3602, adbfec77-7a0d-4773-aa56-ba0b778d0ab5:c3598, 90c45227-141f-43fe-b831-a2b91b39d6b0:c3598]
2019-07-14 06:26:04,907 INFO  client.GrpcClientProtocolClient (GrpcClientProtocolClient.java:onNext(255)) - client-D2340BF4DD29->f9fecd82-c7ae-483e-b259-6428f2dfb240: receive RaftClientReply:client-D2340BF4DD29->f9fecd82-c7ae-483e-b259-6428f2dfb240@group-7DE138E597A5, cid=2418, SUCCESS, logIndex=3602, commits[f9fecd82-c7ae-483e-b259-6428f2dfb240:c3602, adbfec77-7a0d-4773-aa56-ba0b778d0ab5:c3598, 90c45227-141f-43fe-b831-a2b91b39d6b0:c3598]
2019-07-14 06:26:04,910 INFO  client.GrpcClientProtocolClient (GrpcClientProtocolClient.java:onNext(255)) - client-D2340BF4DD29->f9fecd82-c7ae-483e-b259-6428f2dfb240: receive RaftClientReply:client-D2340BF4DD29->f9fecd82-c7ae-483e-b259-6428f2dfb240@group-7DE138E597A5, cid=2419, SUCCESS, logIndex=0, commits[f9fecd82-c7ae-483e-b259-6428f2dfb240:c3603, adbfec77-7a0d-4773-aa56-ba0b778d0ab5:c3600, 90c45227-141f-43fe-b831-a2b91b39d6b0:c3600]
2019-07-14 06:26:04,922 INFO  client.GrpcClientProtocolClient (GrpcClientProtocolClient.java:onNext(255)) - client-D2340BF4DD29->f9fecd82-c7ae-483e-b259-6428f2dfb240: receive RaftClientReply:client-D2340BF4DD29->f9fecd82-c7ae-483e-b259-6428f2dfb240@group-7DE138E597A5, cid=2420, SUCCESS, logIndex=3607, commits[f9fecd82-c7ae-483e-b259-6428f2dfb240:c3608, adbfec77-7a0d-4773-aa56-ba0b778d0ab5:c3606, 90c45227-141f-43fe-b831-a2b91b39d6b0:c3602]
2019-07-14 06:26:04,922 INFO  client.GrpcClientProtocolClient (GrpcClientProtocolClient.java:onNext(255)) - client-D2340BF4DD29->f9fecd82-c7ae-483e-b259-6428f2dfb240: receive RaftClientReply:client-D2340BF4DD29->f9fecd82-c7ae-483e-b259-6428f2dfb240@group-7DE138E597A5, cid=2421, SUCCESS, logIndex=3608, commits[f9fecd82-c7ae-483e-b259-6428f2dfb240:c3608, adbfec77-7a0d-4773-aa56-ba0b778d0ab5:c3606, 90c45227-141f-43fe-b831-a2b91b39d6b0:c3606]
2019-07-14 06:26:04,934 INFO  client.GrpcClientProtocolClient (GrpcClientProtocolClient.java:onNext(255)) - client-D2340BF4DD29->f9fecd82-c7ae-483e-b259-6428f2dfb240: receive RaftClientReply:client-D2340BF4DD29->f9fecd82-c7ae-483e-b259-6428f2dfb240@group-7DE138E597A5, cid=2422, SUCCESS, logIndex=3611, commits[f9fecd82-c7ae-483e-b259-6428f2dfb240:c3612, adbfec77-7a0d-4773-aa56-ba0b778d0ab5:c3610, 90c45227-141f-43fe-b831-a2b91b39d6b0:c3608]
2019-07-14 06:26:04,934 INFO  client.GrpcClientProtocolClient (GrpcClientProtocolClient.java:onNext(255)) - client-D2340BF4DD29->f9fecd82-c7ae-483e-b259-6428f2dfb240: receive RaftClientReply:client-D2340BF4DD29->f9fecd82-c7ae-483e-b259-6428f2dfb240@group-7DE138E597A5, cid=2423, SUCCESS, logIndex=3612, commits[f9fecd82-c7ae-483e-b259-6428f2dfb240:c3612, adbfec77-7a0d-4773-aa56-ba0b778d0ab5:c3610, 90c45227-141f-43fe-b831-a2b91b39d6b0:c3610]
2019-07-14 06:26:04,938 INFO  client.GrpcClientProtocolClient (GrpcClientProtocolClient.java:onNext(255)) - client-D2340BF4DD29->f9fecd82-c7ae-483e-b259-6428f2dfb240: receive RaftClientReply:client-D2340BF4DD29->f9fecd82-c7ae-483e-b259-6428f2dfb240@group-7DE138E597A5, cid=2424, SUCCESS, logIndex=0, commits[f9fecd82-c7ae-483e-b259-6428f2dfb240:c3612, adbfec77-7a0d-4773-aa56-ba0b778d0ab5:c3612, 90c45227-141f-43fe-b831-a2b91b39d6b0:c3612]
2019-07-14 06:26:04,959 INFO  client.GrpcClientProtocolClient (GrpcClientProtocolClient.java:onNext(255)) - client-D2340BF4DD29->f9fecd82-c7ae-483e-b259-6428f2dfb240: receive RaftClientReply:client-D2340BF4DD29->f9fecd82-c7ae-483e-b259-6428f2dfb240@group-7DE138E597A5, cid=2425, SUCCESS, logIndex=3615, commits[f9fecd82-c7ae-483e-b259-6428f2dfb240:c3616, adbfec77-7a0d-4773-aa56-ba0b778d0ab5:c3614, 90c45227-141f-43fe-b831-a2b91b39d6b0:c3614]
2019-07-14 06:26:04,960 INFO  client.GrpcClientProtocolClient (GrpcClientProtocolClient.java:onNext(255)) - client-D2340BF4DD29->f9fecd82-c7ae-483e-b259-6428f2dfb240: receive RaftClientReply:client-D2340BF4DD29->f9fecd82-c7ae-483e-b259-6428f2dfb240@group-7DE138E597A5, cid=2426, SUCCESS, logIndex=3616, commits[f9fecd82-c7ae-483e-b259-6428f2dfb240:c3618, adbfec77-7a0d-4773-aa56-ba0b778d0ab5:c3614, 90c45227-141f-43fe-b831-a2b91b39d6b0:c3614]
2019-07-14 06:26:04,960 INFO  client.GrpcClientProtocolClient (GrpcClientProtocolClient.java:onNext(255)) - client-D2340BF4DD29->f9fecd82-c7ae-483e-b259-6428f2dfb240: receive RaftClientReply:client-D2340BF4DD29->f9fecd82-c7ae-483e-b259-6428f2dfb240@group-7DE138E597A5, cid=2427, SUCCESS, logIndex=3617, commits[f9fecd82-c7ae-483e-b259-6428f2dfb240:c3618, adbfec77-7a0d-4773-aa56-ba0b778d0ab5:c3614, 90c45227-141f-43fe-b831-a2b91b39d6b0:c3614]
2019-07-14 06:26:04,960 INFO  client.GrpcClientProtocolClient (GrpcClientProtocolClient.java:onNext(255)) - client-D2340BF4DD29->f9fecd82-c7ae-483e-b259-6428f2dfb240: receive RaftClientReply:client-D2340BF4DD29->f9fecd82-c7ae-483e-b259-6428f2dfb240@group-7DE138E597A5, cid=2428, SUCCESS, logIndex=3618, commits[f9fecd82-c7ae-483e-b259-6428f2dfb240:c3619, adbfec77-7a0d-4773-aa56-ba0b778d0ab5:c3616, 90c45227-141f-43fe-b831-a2b91b39d6b0:c3614]
2019-07-14 06:26:04,962 INFO  client.GrpcClientProtocolClient (GrpcClientProtocolClient.java:onNext(255)) - client-D2340BF4DD29->f9fecd82-c7ae-483e-b259-6428f2dfb240: receive RaftClientReply:client-D2340BF4DD29->f9fecd82-c7ae-483e-b259-6428f2dfb240@group-7DE138E597A5, cid=2429, SUCCESS, logIndex=0, commits[f9fecd82-c7ae-483e-b259-6428f2dfb240:c3619, adbfec77-7a0d-4773-aa56-ba0b778d0ab5:c3616, 90c45227-141f-43fe-b831-a2b91b39d6b0:c3616]
2019-07-14 06:26:04,976 INFO  client.GrpcClientProtocolClient (GrpcClientProtocolClient.java:onNext(255)) - client-D2340BF4DD29->f9fecd82-c7ae-483e-b259-6428f2dfb240: receive RaftClientReply:client-D2340BF4DD29->f9fecd82-c7ae-483e-b259-6428f2dfb240@group-7DE138E597A5, cid=2430, SUCCESS, logIndex=3623, commits[f9fecd82-c7ae-483e-b259-6428f2dfb240:c3624, adbfec77-7a0d-4773-aa56-ba0b778d0ab5:c3620, 90c45227-141f-43fe-b831-a2b91b39d6b0:c3618]
2019-07-14 06:26:04,976 INFO  client.GrpcClientProtocolClient (GrpcClientProtocolClient.java:onNext(255)) - client-D2340BF4DD29->f9fecd82-c7ae-483e-b259-6428f2dfb240: receive RaftClientReply:client-D2340BF4DD29->f9fecd82-c7ae-483e-b259-6428f2dfb240@group-7DE138E597A5, cid=2431, SUCCESS, logIndex=3624, commits[f9fecd82-c7ae-483e-b259-6428f2dfb240:c3624, adbfec77-7a0d-4773-aa56-ba0b778d0ab5:c3620, 90c45227-141f-43fe-b831-a2b91b39d6b0:c3620]
2019-07-14 06:26:04,996 INFO  client.GrpcClientProtocolClient (GrpcClientProtocolClient.java:onNext(255)) - client-D2340BF4DD29->f9fecd82-c7ae-483e-b259-6428f2dfb240: receive RaftClientReply:client-D2340BF4DD29->f9fecd82-c7ae-483e-b259-6428f2dfb240@group-7DE138E597A5, cid=2432, SUCCESS, logIndex=3626, commits[f9fecd82-c7ae-483e-b259-6428f2dfb240:c3627, adbfec77-7a0d-4773-aa56-ba0b778d0ab5:c3625, 90c45227-141f-43fe-b831-a2b91b39d6b0:c3624]
2019-07-14 06:26:04,996 INFO  client.GrpcClientProtocolClient (GrpcClientProtocolClient.java:onNext(255)) - client-D2340BF4DD29->f9fecd82-c7ae-483e-b259-6428f2dfb240: receive RaftClientReply:client-D2340BF4DD29->f9fecd82-c7ae-483e-b259-6428f2dfb240@group-7DE138E597A5, cid=2433, SUCCESS, logIndex=3627, commits[f9fecd82-c7ae-483e-b259-6428f2dfb240:c3627, adbfec77-7a0d-4773-aa56-ba0b778d0ab5:c3625, 90c45227-141f-43fe-b831-a2b91b39d6b0:c3625]
2019-07-14 06:26:04,997 INFO  client.GrpcClientProtocolClient (GrpcClientProtocolClient.java:onNext(255)) - client-D2340BF4DD29->f9fecd82-c7ae-483e-b259-6428f2dfb240: receive RaftClientReply:client-D2340BF4DD29->f9fecd82-c7ae-483e-b259-6428f2dfb240@group-7DE138E597A5, cid=2434, SUCCESS, logIndex=0, commits[f9fecd82-c7ae-483e-b259-6428f2dfb240:c3628, adbfec77-7a0d-4773-aa56-ba0b778d0ab5:c3627, 90c45227-141f-43fe-b831-a2b91b39d6b0:c3627]
2019-07-14 06:26:05,027 INFO  client.GrpcClientProtocolClient (GrpcClientProtocolClient.java:onNext(255)) - client-D2340BF4DD29->f9fecd82-c7ae-483e-b259-6428f2dfb240: receive RaftClientReply:client-D2340BF4DD29->f9fecd82-c7ae-483e-b259-6428f2dfb240@group-7DE138E597A5, cid=2435, SUCCESS, logIndex=3630, commits[f9fecd82-c7ae-483e-b259-6428f2dfb240:c3631, adbfec77-7a0d-4773-aa56-ba0b778d0ab5:c3629, 90c45227-141f-43fe-b831-a2b91b39d6b0:c3629]
2019-07-14 06:26:05,028 INFO  client.GrpcClientProtocolClient (GrpcClientProtocolClient.java:onNext(255)) - client-D2340BF4DD29->f9fecd82-c7ae-483e-b259-6428f2dfb240: receive RaftClientReply:client-D2340BF4DD29->f9fecd82-c7ae-483e-b259-6428f2dfb240@group-7DE138E597A5, cid=2436, SUCCESS, logIndex=3631, commits[f9fecd82-c7ae-483e-b259-6428f2dfb240:c3631, adbfec77-7a0d-4773-aa56-ba0b778d0ab5:c3629, 90c45227-141f-43fe-b831-a2b91b39d6b0:c3629]
2019-07-14 06:26:05,029 INFO  client.GrpcClientProtocolClient (GrpcClientProtocolClient.java:onNext(255)) - client-D2340BF4DD29->f9fecd82-c7ae-483e-b259-6428f2dfb240: receive RaftClientReply:client-D2340BF4DD29->f9fecd82-c7ae-483e-b259-6428f2dfb240@group-7DE138E597A5, cid=2437, SUCCESS, logIndex=3632, commits[f9fecd82-c7ae-483e-b259-6428f2dfb240:c3633, adbfec77-7a0d-4773-aa56-ba0b778d0ab5:c3629, 90c45227-141f-43fe-b831-a2b91b39d6b0:c3629]
2019-07-14 06:26:05,029 INFO  client.GrpcClientProtocolClient (GrpcClientProtocolClient.java:onNext(255)) - client-D2340BF4DD29->f9fecd82-c7ae-483e-b259-6428f2dfb240: receive RaftClientReply:client-D2340BF4DD29->f9fecd82-c7ae-483e-b259-6428f2dfb240@group-7DE138E597A5, cid=2438, SUCCESS, logIndex=3633, commits[f9fecd82-c7ae-483e-b259-6428f2dfb240:c3633, adbfec77-7a0d-4773-aa56-ba0b778d0ab5:c3629, 90c45227-141f-43fe-b831-a2b91b39d6b0:c3629]
2019-07-14 06:26:05,154 INFO  client.GrpcClientProtocolClient (GrpcClientProtocolClient.java:onNext(255)) - client-D2340BF4DD29->f9fecd82-c7ae-483e-b259-6428f2dfb240: receive RaftClientReply:client-D2340BF4DD29->f9fecd82-c7ae-483e-b259-6428f2dfb240@group-7DE138E597A5, cid=2439, SUCCESS, logIndex=0, commits[f9fecd82-c7ae-483e-b259-6428f2dfb240:c3634, adbfec77-7a0d-4773-aa56-ba0b778d0ab5:c3632, 90c45227-141f-43fe-b831-a2b91b39d6b0:c3631]
2019-07-14 06:26:05,193 INFO  client.GrpcClientProtocolClient (GrpcClientProtocolClient.java:onNext(255)) - client-D2340BF4DD29->f9fecd82-c7ae-483e-b259-6428f2dfb240: receive RaftClientReply:client-D2340BF4DD29->f9fecd82-c7ae-483e-b259-6428f2dfb240@group-7DE138E597A5, cid=2440, SUCCESS, logIndex=3638, commits[f9fecd82-c7ae-483e-b259-6428f2dfb240:c3639, adbfec77-7a0d-4773-aa56-ba0b778d0ab5:c3634, 90c45227-141f-43fe-b831-a2b91b39d6b0:c3634]
2019-07-14 06:26:05,193 INFO  client.GrpcClientProtocolClient (GrpcClientProtocolClient.java:onNext(255)) - client-D2340BF4DD29->f9fecd82-c7ae-483e-b259-6428f2dfb240: receive RaftClientReply:client-D2340BF4DD29->f9fecd82-c7ae-483e-b259-6428f2dfb240@group-7DE138E597A5, cid=2441, SUCCESS, logIndex=3639, commits[f9fecd82-c7ae-483e-b259-6428f2dfb240:c3639, adbfec77-7a0d-4773-aa56-ba0b778d0ab5:c3634, 90c45227-141f-43fe-b831-a2b91b39d6b0:c3634]
2019-07-14 06:26:05,220 INFO  client.GrpcClientProtocolClient (GrpcClientProtocolClient.java:onNext(255)) - client-D2340BF4DD29->f9fecd82-c7ae-483e-b259-6428f2dfb240: receive RaftClientReply:client-D2340BF4DD29->f9fecd82-c7ae-483e-b259-6428f2dfb240@group-7DE138E597A5, cid=2442, SUCCESS, logIndex=3642, commits[f9fecd82-c7ae-483e-b259-6428f2dfb240:c3643, adbfec77-7a0d-4773-aa56-ba0b778d0ab5:c3639, 90c45227-141f-43fe-b831-a2b91b39d6b0:c3638]
2019-07-14 06:26:05,220 INFO  client.GrpcClientProtocolClient (GrpcClientProtocolClient.java:onNext(255)) - client-D2340BF4DD29->f9fecd82-c7ae-483e-b259-6428f2dfb240: receive RaftClientReply:client-D2340BF4DD29->f9fecd82-c7ae-483e-b259-6428f2dfb240@group-7DE138E597A5, cid=2443, SUCCESS, logIndex=3643, commits[f9fecd82-c7ae-483e-b259-6428f2dfb240:c3643, adbfec77-7a0d-4773-aa56-ba0b778d0ab5:c3639, 90c45227-141f-43fe-b831-a2b91b39d6b0:c3639]
2019-07-14 06:26:05,233 INFO  client.GrpcClientProtocolClient (GrpcClientProtocolClient.java:onNext(255)) - client-D2340BF4DD29->f9fecd82-c7ae-483e-b259-6428f2dfb240: receive RaftClientReply:client-D2340BF4DD29->f9fecd82-c7ae-483e-b259-6428f2dfb240@group-7DE138E597A5, cid=2444, SUCCESS, logIndex=0, commits[f9fecd82-c7ae-483e-b259-6428f2dfb240:c3644, adbfec77-7a0d-4773-aa56-ba0b778d0ab5:c3643, 90c45227-141f-43fe-b831-a2b91b39d6b0:c3643]
2019-07-14 06:26:05,265 INFO  client.GrpcClientProtocolClient (GrpcClientProtocolClient.java:onNext(255)) - client-D2340BF4DD29->f9fecd82-c7ae-483e-b259-6428f2dfb240: receive RaftClientReply:client-D2340BF4DD29->f9fecd82-c7ae-483e-b259-6428f2dfb240@group-7DE138E597A5, cid=2445, SUCCESS, logIndex=3645, commits[f9fecd82-c7ae-483e-b259-6428f2dfb240:c3646, adbfec77-7a0d-4773-aa56-ba0b778d0ab5:c3644, 90c45227-141f-43fe-b831-a2b91b39d6b0:c3644]
2019-07-14 06:26:05,265 INFO  client.GrpcClientProtocolClient (GrpcClientProtocolClient.java:onNext(255)) - client-D2340BF4DD29->f9fecd82-c7ae-483e-b259-6428f2dfb240: receive RaftClientReply:client-D2340BF4DD29->f9fecd82-c7ae-483e-b259-6428f2dfb240@group-7DE138E597A5, cid=2446, SUCCESS, logIndex=3646, commits[f9fecd82-c7ae-483e-b259-6428f2dfb240:c3646, adbfec77-7a0d-4773-aa56-ba0b778d0ab5:c3644, 90c45227-141f-43fe-b831-a2b91b39d6b0:c3644]
2019-07-14 06:26:05,266 INFO  client.GrpcClientProtocolClient (GrpcClientProtocolClient.java:onNext(255)) - client-D2340BF4DD29->f9fecd82-c7ae-483e-b259-6428f2dfb240: receive RaftClientReply:client-D2340BF4DD29->f9fecd82-c7ae-483e-b259-6428f2dfb240@group-7DE138E597A5, cid=2447, SUCCESS, logIndex=3647, commits[f9fecd82-c7ae-483e-b259-6428f2dfb240:c3648, adbfec77-7a0d-4773-aa56-ba0b778d0ab5:c3644, 90c45227-141f-43fe-b831-a2b91b39d6b0:c3644]
2019-07-14 06:26:05,266 INFO  client.GrpcClientProtocolClient (GrpcClientProtocolClient.java:onNext(255)) - client-D2340BF4DD29->f9fecd82-c7ae-483e-b259-6428f2dfb240: receive RaftClientReply:client-D2340BF4DD29->f9fecd82-c7ae-483e-b259-6428f2dfb240@group-7DE138E597A5, cid=2448, SUCCESS, logIndex=3648, commits[f9fecd82-c7ae-483e-b259-6428f2dfb240:c3648, adbfec77-7a0d-4773-aa56-ba0b778d0ab5:c3644, 90c45227-141f-43fe-b831-a2b91b39d6b0:c3644]
2019-07-14 06:26:05,278 INFO  client.GrpcClientProtocolClient (GrpcClientProtocolClient.java:onNext(255)) - client-D2340BF4DD29->f9fecd82-c7ae-483e-b259-6428f2dfb240: receive RaftClientReply:client-D2340BF4DD29->f9fecd82-c7ae-483e-b259-6428f2dfb240@group-7DE138E597A5, cid=2449, SUCCESS, logIndex=0, commits[f9fecd82-c7ae-483e-b259-6428f2dfb240:c3650, adbfec77-7a0d-4773-aa56-ba0b778d0ab5:c3646, 90c45227-141f-43fe-b831-a2b91b39d6b0:c3646]
2019-07-14 06:26:05,300 INFO  client.GrpcClientProtocolClient (GrpcClientProtocolClient.java:onNext(255)) - client-D2340BF4DD29->f9fecd82-c7ae-483e-b259-6428f2dfb240: receive RaftClientReply:client-D2340BF4DD29->f9fecd82-c7ae-483e-b259-6428f2dfb240@group-7DE138E597A5, cid=2450, SUCCESS, logIndex=3653, commits[f9fecd82-c7ae-483e-b259-6428f2dfb240:c3654, adbfec77-7a0d-4773-aa56-ba0b778d0ab5:c3652, 90c45227-141f-43fe-b831-a2b91b39d6b0:c3652]
2019-07-14 06:26:05,300 INFO  client.GrpcClientProtocolClient (GrpcClientProtocolClient.java:onNext(255)) - client-D2340BF4DD29->f9fecd82-c7ae-483e-b259-6428f2dfb240: receive RaftClientReply:client-D2340BF4DD29->f9fecd82-c7ae-483e-b259-6428f2dfb240@group-7DE138E597A5, cid=2451, SUCCESS, logIndex=3654, commits[f9fecd82-c7ae-483e-b259-6428f2dfb240:c3654, adbfec77-7a0d-4773-aa56-ba0b778d0ab5:c3652, 90c45227-141f-43fe-b831-a2b91b39d6b0:c3652]
2019-07-14 06:26:05,314 INFO  client.GrpcClientProtocolClient (GrpcClientProtocolClient.java:onNext(255)) - client-D2340BF4DD29->f9fecd82-c7ae-483e-b259-6428f2dfb240: receive RaftClientReply:client-D2340BF4DD29->f9fecd82-c7ae-483e-b259-6428f2dfb240@group-7DE138E597A5, cid=2452, SUCCESS, logIndex=3657, commits[f9fecd82-c7ae-483e-b259-6428f2dfb240:c3658, adbfec77-7a0d-4773-aa56-ba0b778d0ab5:c3654, 90c45227-141f-43fe-b831-a2b91b39d6b0:c3654]
2019-07-14 06:26:05,315 INFO  client.GrpcClientProtocolClient (GrpcClientProtocolClient.java:onNext(255)) - client-D2340BF4DD29->f9fecd82-c7ae-483e-b259-6428f2dfb240: receive RaftClientReply:client-D2340BF4DD29->f9fecd82-c7ae-483e-b259-6428f2dfb240@group-7DE138E597A5, cid=2453, SUCCESS, logIndex=3658, commits[f9fecd82-c7ae-483e-b259-6428f2dfb240:c3658, adbfec77-7a0d-4773-aa56-ba0b778d0ab5:c3654, 90c45227-141f-43fe-b831-a2b91b39d6b0:c3654]
2019-07-14 06:26:05,328 INFO  client.GrpcClientProtocolClient (GrpcClientProtocolClient.java:onNext(255)) - client-D2340BF4DD29->f9fecd82-c7ae-483e-b259-6428f2dfb240: receive RaftClientReply:client-D2340BF4DD29->f9fecd82-c7ae-483e-b259-6428f2dfb240@group-7DE138E597A5, cid=2454, SUCCESS, logIndex=0, commits[f9fecd82-c7ae-483e-b259-6428f2dfb240:c3659, adbfec77-7a0d-4773-aa56-ba0b778d0ab5:c3658, 90c45227-141f-43fe-b831-a2b91b39d6b0:c3658]
2019-07-14 06:26:05,362 INFO  client.GrpcClientProtocolClient (GrpcClientProtocolClient.java:onNext(255)) - client-D2340BF4DD29->f9fecd82-c7ae-483e-b259-6428f2dfb240: receive RaftClientReply:client-D2340BF4DD29->f9fecd82-c7ae-483e-b259-6428f2dfb240@group-7DE138E597A5, cid=2455, SUCCESS, logIndex=3661, commits[f9fecd82-c7ae-483e-b259-6428f2dfb240:c3662, adbfec77-7a0d-4773-aa56-ba0b778d0ab5:c3660, 90c45227-141f-43fe-b831-a2b91b39d6b0:c3660]
2019-07-14 06:26:05,363 INFO  client.GrpcClientProtocolClient (GrpcClientProtocolClient.java:onNext(255)) - client-D2340BF4DD29->f9fecd82-c7ae-483e-b259-6428f2dfb240: receive RaftClientReply:client-D2340BF4DD29->f9fecd82-c7ae-483e-b259-6428f2dfb240@group-7DE138E597A5, cid=2456, SUCCESS, logIndex=3662, commits[f9fecd82-c7ae-483e-b259-6428f2dfb240:c3662, adbfec77-7a0d-4773-aa56-ba0b778d0ab5:c3660, 90c45227-141f-43fe-b831-a2b91b39d6b0:c3660]
2019-07-14 06:26:05,374 INFO  client.GrpcClientProtocolClient (GrpcClientProtocolClient.java:onNext(255)) - client-D2340BF4DD29->f9fecd82-c7ae-483e-b259-6428f2dfb240: receive RaftClientReply:client-D2340BF4DD29->f9fecd82-c7ae-483e-b259-6428f2dfb240@group-7DE138E597A5, cid=2457, SUCCESS, logIndex=3663, commits[f9fecd82-c7ae-483e-b259-6428f2dfb240:c3664, adbfec77-7a0d-4773-aa56-ba0b778d0ab5:c3660, 90c45227-141f-43fe-b831-a2b91b39d6b0:c3660]
2019-07-14 06:26:05,375 INFO  client.GrpcClientProtocolClient (GrpcClientProtocolClient.java:onNext(255)) - client-D2340BF4DD29->f9fecd82-c7ae-483e-b259-6428f2dfb240: receive RaftClientReply:client-D2340BF4DD29->f9fecd82-c7ae-483e-b259-6428f2dfb240@group-7DE138E597A5, cid=2458, SUCCESS, logIndex=3664, commits[f9fecd82-c7ae-483e-b259-6428f2dfb240:c3664, adbfec77-7a0d-4773-aa56-ba0b778d0ab5:c3660, 90c45227-141f-43fe-b831-a2b91b39d6b0:c3660]
2019-07-14 06:26:05,387 INFO  client.GrpcClientProtocolClient (GrpcClientProtocolClient.java:onNext(255)) - client-D2340BF4DD29->f9fecd82-c7ae-483e-b259-6428f2dfb240: receive RaftClientReply:client-D2340BF4DD29->f9fecd82-c7ae-483e-b259-6428f2dfb240@group-7DE138E597A5, cid=2459, SUCCESS, logIndex=0, commits[f9fecd82-c7ae-483e-b259-6428f2dfb240:c3666, adbfec77-7a0d-4773-aa56-ba0b778d0ab5:c3662, 90c45227-141f-43fe-b831-a2b91b39d6b0:c3662]
2019-07-14 06:26:05,401 INFO  client.GrpcClientProtocolClient (GrpcClientProtocolClient.java:onNext(255)) - client-D2340BF4DD29->f9fecd82-c7ae-483e-b259-6428f2dfb240: receive RaftClientReply:client-D2340BF4DD29->f9fecd82-c7ae-483e-b259-6428f2dfb240@group-7DE138E597A5, cid=2460, SUCCESS, logIndex=3669, commits[f9fecd82-c7ae-483e-b259-6428f2dfb240:c3670, adbfec77-7a0d-4773-aa56-ba0b778d0ab5:c3666, 90c45227-141f-43fe-b831-a2b91b39d6b0:c3666]
2019-07-14 06:26:05,401 INFO  client.GrpcClientProtocolClient (GrpcClientProtocolClient.java:onNext(255)) - client-D2340BF4DD29->f9fecd82-c7ae-483e-b259-6428f2dfb240: receive RaftClientReply:client-D2340BF4DD29->f9fecd82-c7ae-483e-b259-6428f2dfb240@group-7DE138E597A5, cid=2461, SUCCESS, logIndex=3670, commits[f9fecd82-c7ae-483e-b259-6428f2dfb240:c3670, adbfec77-7a0d-4773-aa56-ba0b778d0ab5:c3666, 90c45227-141f-43fe-b831-a2b91b39d6b0:c3666]
2019-07-14 06:26:05,416 INFO  client.GrpcClientProtocolClient (GrpcClientProtocolClient.java:onNext(255)) - client-D2340BF4DD29->f9fecd82-c7ae-483e-b259-6428f2dfb240: receive RaftClientReply:client-D2340BF4DD29->f9fecd82-c7ae-483e-b259-6428f2dfb240@group-7DE138E597A5, cid=2462, SUCCESS, logIndex=3673, commits[f9fecd82-c7ae-483e-b259-6428f2dfb240:c3674, adbfec77-7a0d-4773-aa56-ba0b778d0ab5:c3672, 90c45227-141f-43fe-b831-a2b91b39d6b0:c3672]
2019-07-14 06:26:05,416 INFO  client.GrpcClientProtocolClient (GrpcClientProtocolClient.java:onNext(255)) - client-D2340BF4DD29->f9fecd82-c7ae-483e-b259-6428f2dfb240: receive RaftClientReply:client-D2340BF4DD29->f9fecd82-c7ae-483e-b259-6428f2dfb240@group-7DE138E597A5, cid=2463, SUCCESS, logIndex=3674, commits[f9fecd82-c7ae-483e-b259-6428f2dfb240:c3674, adbfec77-7a0d-4773-aa56-ba0b778d0ab5:c3672, 90c45227-141f-43fe-b831-a2b91b39d6b0:c3672]
2019-07-14 06:26:05,418 INFO  client.GrpcClientProtocolClient (GrpcClientProtocolClient.java:onNext(255)) - client-D2340BF4DD29->f9fecd82-c7ae-483e-b259-6428f2dfb240: receive RaftClientReply:client-D2340BF4DD29->f9fecd82-c7ae-483e-b259-6428f2dfb240@group-7DE138E597A5, cid=2464, SUCCESS, logIndex=0, commits[f9fecd82-c7ae-483e-b259-6428f2dfb240:c3675, adbfec77-7a0d-4773-aa56-ba0b778d0ab5:c3674, 90c45227-141f-43fe-b831-a2b91b39d6b0:c3674]
2019-07-14 06:26:05,441 INFO  client.GrpcClientProtocolClient (GrpcClientProtocolClient.java:onNext(255)) - client-D2340BF4DD29->f9fecd82-c7ae-483e-b259-6428f2dfb240: receive RaftClientReply:client-D2340BF4DD29->f9fecd82-c7ae-483e-b259-6428f2dfb240@group-7DE138E597A5, cid=2465, SUCCESS, logIndex=3677, commits[f9fecd82-c7ae-483e-b259-6428f2dfb240:c3678, adbfec77-7a0d-4773-aa56-ba0b778d0ab5:c3676, 90c45227-141f-43fe-b831-a2b91b39d6b0:c3676]
2019-07-14 06:26:05,442 INFO  client.GrpcClientProtocolClient (GrpcClientProtocolClient.java:onNext(255)) - client-D2340BF4DD29->f9fecd82-c7ae-483e-b259-6428f2dfb240: receive RaftClientReply:client-D2340BF4DD29->f9fecd82-c7ae-483e-b259-6428f2dfb240@group-7DE138E597A5, cid=2466, SUCCESS, logIndex=3678, commits[f9fecd82-c7ae-483e-b259-6428f2dfb240:c3678, adbfec77-7a0d-4773-aa56-ba0b778d0ab5:c3676, 90c45227-141f-43fe-b831-a2b91b39d6b0:c3676]
2019-07-14 06:26:05,443 INFO  client.GrpcClientProtocolClient (GrpcClientProtocolClient.java:onNext(255)) - client-D2340BF4DD29->f9fecd82-c7ae-483e-b259-6428f2dfb240: receive RaftClientReply:client-D2340BF4DD29->f9fecd82-c7ae-483e-b259-6428f2dfb240@group-7DE138E597A5, cid=2467, SUCCESS, logIndex=3679, commits[f9fecd82-c7ae-483e-b259-6428f2dfb240:c3680, adbfec77-7a0d-4773-aa56-ba0b778d0ab5:c3676, 90c45227-141f-43fe-b831-a2b91b39d6b0:c3676]
2019-07-14 06:26:05,443 INFO  client.GrpcClientProtocolClient (GrpcClientProtocolClient.java:onNext(255)) - client-D2340BF4DD29->f9fecd82-c7ae-483e-b259-6428f2dfb240: receive RaftClientReply:client-D2340BF4DD29->f9fecd82-c7ae-483e-b259-6428f2dfb240@group-7DE138E597A5, cid=2468, SUCCESS, logIndex=3680, commits[f9fecd82-c7ae-483e-b259-6428f2dfb240:c3680, adbfec77-7a0d-4773-aa56-ba0b778d0ab5:c3676, 90c45227-141f-43fe-b831-a2b91b39d6b0:c3676]
2019-07-14 06:26:05,445 INFO  client.GrpcClientProtocolClient (GrpcClientProtocolClient.java:onNext(255)) - client-D2340BF4DD29->f9fecd82-c7ae-483e-b259-6428f2dfb240: receive RaftClientReply:client-D2340BF4DD29->f9fecd82-c7ae-483e-b259-6428f2dfb240@group-7DE138E597A5, cid=2469, SUCCESS, logIndex=0, commits[f9fecd82-c7ae-483e-b259-6428f2dfb240:c3682, adbfec77-7a0d-4773-aa56-ba0b778d0ab5:c3678, 90c45227-141f-43fe-b831-a2b91b39d6b0:c3678]
2019-07-14 06:26:05,468 INFO  client.GrpcClientProtocolClient (GrpcClientProtocolClient.java:onNext(255)) - client-D2340BF4DD29->f9fecd82-c7ae-483e-b259-6428f2dfb240: receive RaftClientReply:client-D2340BF4DD29->f9fecd82-c7ae-483e-b259-6428f2dfb240@group-7DE138E597A5, cid=2470, SUCCESS, logIndex=3685, commits[f9fecd82-c7ae-483e-b259-6428f2dfb240:c3686, adbfec77-7a0d-4773-aa56-ba0b778d0ab5:c3684, 90c45227-141f-43fe-b831-a2b91b39d6b0:c3684]
2019-07-14 06:26:05,468 INFO  client.GrpcClientProtocolClient (GrpcClientProtocolClient.java:onNext(255)) - client-D2340BF4DD29->f9fecd82-c7ae-483e-b259-6428f2dfb240: receive RaftClientReply:client-D2340BF4DD29->f9fecd82-c7ae-483e-b259-6428f2dfb240@group-7DE138E597A5, cid=2471, SUCCESS, logIndex=3686, commits[f9fecd82-c7ae-483e-b259-6428f2dfb240:c3686, adbfec77-7a0d-4773-aa56-ba0b778d0ab5:c3684, 90c45227-141f-43fe-b831-a2b91b39d6b0:c3684]
2019-07-14 06:26:05,483 INFO  client.GrpcClientProtocolClient (GrpcClientProtocolClient.java:onNext(255)) - client-D2340BF4DD29->f9fecd82-c7ae-483e-b259-6428f2dfb240: receive RaftClientReply:client-D2340BF4DD29->f9fecd82-c7ae-483e-b259-6428f2dfb240@group-7DE138E597A5, cid=2472, SUCCESS, logIndex=3689, commits[f9fecd82-c7ae-483e-b259-6428f2dfb240:c3690, adbfec77-7a0d-4773-aa56-ba0b778d0ab5:c3686, 90c45227-141f-43fe-b831-a2b91b39d6b0:c3686]
2019-07-14 06:26:05,483 INFO  client.GrpcClientProtocolClient (GrpcClientProtocolClient.java:onNext(255)) - client-D2340BF4DD29->f9fecd82-c7ae-483e-b259-6428f2dfb240: receive RaftClientReply:client-D2340BF4DD29->f9fecd82-c7ae-483e-b259-6428f2dfb240@group-7DE138E597A5, cid=2473, SUCCESS, logIndex=3690, commits[f9fecd82-c7ae-483e-b259-6428f2dfb240:c3690, adbfec77-7a0d-4773-aa56-ba0b778d0ab5:c3686, 90c45227-141f-43fe-b831-a2b91b39d6b0:c3686]
2019-07-14 06:26:05,504 INFO  client.GrpcClientProtocolClient (GrpcClientProtocolClient.java:onNext(255)) - client-D2340BF4DD29->f9fecd82-c7ae-483e-b259-6428f2dfb240: receive RaftClientReply:client-D2340BF4DD29->f9fecd82-c7ae-483e-b259-6428f2dfb240@group-7DE138E597A5, cid=2474, SUCCESS, logIndex=0, commits[f9fecd82-c7ae-483e-b259-6428f2dfb240:c3691, adbfec77-7a0d-4773-aa56-ba0b778d0ab5:c3690, 90c45227-141f-43fe-b831-a2b91b39d6b0:c3690]
2019-07-14 06:26:05,535 INFO  client.GrpcClientProtocolClient (GrpcClientProtocolClient.java:onNext(255)) - client-D2340BF4DD29->f9fecd82-c7ae-483e-b259-6428f2dfb240: receive RaftClientReply:client-D2340BF4DD29->f9fecd82-c7ae-483e-b259-6428f2dfb240@group-7DE138E597A5, cid=2475, SUCCESS, logIndex=3693, commits[f9fecd82-c7ae-483e-b259-6428f2dfb240:c3695, adbfec77-7a0d-4773-aa56-ba0b778d0ab5:c3692, 90c45227-141f-43fe-b831-a2b91b39d6b0:c3692]
2019-07-14 06:26:05,536 INFO  client.GrpcClientProtocolClient (GrpcClientProtocolClient.java:onNext(255)) - client-D2340BF4DD29->f9fecd82-c7ae-483e-b259-6428f2dfb240: receive RaftClientReply:client-D2340BF4DD29->f9fecd82-c7ae-483e-b259-6428f2dfb240@group-7DE138E597A5, cid=2476, SUCCESS, logIndex=3694, commits[f9fecd82-c7ae-483e-b259-6428f2dfb240:c3696, adbfec77-7a0d-4773-aa56-ba0b778d0ab5:c3692, 90c45227-141f-43fe-b831-a2b91b39d6b0:c3692]
2019-07-14 06:26:05,536 INFO  client.GrpcClientProtocolClient (GrpcClientProtocolClient.java:onNext(255)) - client-D2340BF4DD29->f9fecd82-c7ae-483e-b259-6428f2dfb240: receive RaftClientReply:client-D2340BF4DD29->f9fecd82-c7ae-483e-b259-6428f2dfb240@group-7DE138E597A5, cid=2477, SUCCESS, logIndex=3695, commits[f9fecd82-c7ae-483e-b259-6428f2dfb240:c3696, adbfec77-7a0d-4773-aa56-ba0b778d0ab5:c3692, 90c45227-141f-43fe-b831-a2b91b39d6b0:c3692]
2019-07-14 06:26:05,537 INFO  client.GrpcClientProtocolClient (GrpcClientProtocolClient.java:onNext(255)) - client-D2340BF4DD29->f9fecd82-c7ae-483e-b259-6428f2dfb240: receive RaftClientReply:client-D2340BF4DD29->f9fecd82-c7ae-483e-b259-6428f2dfb240@group-7DE138E597A5, cid=2478, SUCCESS, logIndex=3696, commits[f9fecd82-c7ae-483e-b259-6428f2dfb240:c3697, adbfec77-7a0d-4773-aa56-ba0b778d0ab5:c3692, 90c45227-141f-43fe-b831-a2b91b39d6b0:c3693]
2019-07-14 06:26:05,549 INFO  client.GrpcClientProtocolClient (GrpcClientProtocolClient.java:onNext(255)) - client-D2340BF4DD29->f9fecd82-c7ae-483e-b259-6428f2dfb240: receive RaftClientReply:client-D2340BF4DD29->f9fecd82-c7ae-483e-b259-6428f2dfb240@group-7DE138E597A5, cid=2479, SUCCESS, logIndex=0, commits[f9fecd82-c7ae-483e-b259-6428f2dfb240:c3699, adbfec77-7a0d-4773-aa56-ba0b778d0ab5:c3695, 90c45227-141f-43fe-b831-a2b91b39d6b0:c3694]
2019-07-14 06:26:05,570 INFO  client.GrpcClientProtocolClient (GrpcClientProtocolClient.java:onNext(255)) - client-D2340BF4DD29->f9fecd82-c7ae-483e-b259-6428f2dfb240: receive RaftClientReply:client-D2340BF4DD29->f9fecd82-c7ae-483e-b259-6428f2dfb240@group-7DE138E597A5, cid=2480, SUCCESS, logIndex=3701, commits[f9fecd82-c7ae-483e-b259-6428f2dfb240:c3702, adbfec77-7a0d-4773-aa56-ba0b778d0ab5:c3700, 90c45227-141f-43fe-b831-a2b91b39d6b0:c3700]
2019-07-14 06:26:05,570 INFO  client.GrpcClientProtocolClient (GrpcClientProtocolClient.java:onNext(255)) - client-D2340BF4DD29->f9fecd82-c7ae-483e-b259-6428f2dfb240: receive RaftClientReply:client-D2340BF4DD29->f9fecd82-c7ae-483e-b259-6428f2dfb240@group-7DE138E597A5, cid=2481, SUCCESS, logIndex=3702, commits[f9fecd82-c7ae-483e-b259-6428f2dfb240:c3702, adbfec77-7a0d-4773-aa56-ba0b778d0ab5:c3700, 90c45227-141f-43fe-b831-a2b91b39d6b0:c3700]
2019-07-14 06:26:05,583 INFO  client.GrpcClientProtocolClient (GrpcClientProtocolClient.java:onNext(255)) - client-D2340BF4DD29->f9fecd82-c7ae-483e-b259-6428f2dfb240: receive RaftClientReply:client-D2340BF4DD29->f9fecd82-c7ae-483e-b259-6428f2dfb240@group-7DE138E597A5, cid=2482, SUCCESS, logIndex=3705, commits[f9fecd82-c7ae-483e-b259-6428f2dfb240:c3706, adbfec77-7a0d-4773-aa56-ba0b778d0ab5:c3701, 90c45227-141f-43fe-b831-a2b91b39d6b0:c3702]
2019-07-14 06:26:05,583 INFO  client.GrpcClientProtocolClient (GrpcClientProtocolClient.java:onNext(255)) - client-D2340BF4DD29->f9fecd82-c7ae-483e-b259-6428f2dfb240: receive RaftClientReply:client-D2340BF4DD29->f9fecd82-c7ae-483e-b259-6428f2dfb240@group-7DE138E597A5, cid=2483, SUCCESS, logIndex=3706, commits[f9fecd82-c7ae-483e-b259-6428f2dfb240:c3706, adbfec77-7a0d-4773-aa56-ba0b778d0ab5:c3702, 90c45227-141f-43fe-b831-a2b91b39d6b0:c3702]
2019-07-14 06:26:05,587 INFO  client.GrpcClientProtocolClient (GrpcClientProtocolClient.java:onNext(255)) - client-D2340BF4DD29->f9fecd82-c7ae-483e-b259-6428f2dfb240: receive RaftClientReply:client-D2340BF4DD29->f9fecd82-c7ae-483e-b259-6428f2dfb240@group-7DE138E597A5, cid=2484, SUCCESS, logIndex=0, commits[f9fecd82-c7ae-483e-b259-6428f2dfb240:c3707, adbfec77-7a0d-4773-aa56-ba0b778d0ab5:c3706, 90c45227-141f-43fe-b831-a2b91b39d6b0:c3706]
2019-07-14 06:26:05,617 INFO  client.GrpcClientProtocolClient (GrpcClientProtocolClient.java:onNext(255)) - client-D2340BF4DD29->f9fecd82-c7ae-483e-b259-6428f2dfb240: receive RaftClientReply:client-D2340BF4DD29->f9fecd82-c7ae-483e-b259-6428f2dfb240@group-7DE138E597A5, cid=2485, SUCCESS, logIndex=3709, commits[f9fecd82-c7ae-483e-b259-6428f2dfb240:c3710, adbfec77-7a0d-4773-aa56-ba0b778d0ab5:c3708, 90c45227-141f-43fe-b831-a2b91b39d6b0:c3708]
2019-07-14 06:26:05,618 INFO  client.GrpcClientProtocolClient (GrpcClientProtocolClient.java:onNext(255)) - client-D2340BF4DD29->f9fecd82-c7ae-483e-b259-6428f2dfb240: receive RaftClientReply:client-D2340BF4DD29->f9fecd82-c7ae-483e-b259-6428f2dfb240@group-7DE138E597A5, cid=2486, SUCCESS, logIndex=3710, commits[f9fecd82-c7ae-483e-b259-6428f2dfb240:c3712, adbfec77-7a0d-4773-aa56-ba0b778d0ab5:c3708, 90c45227-141f-43fe-b831-a2b91b39d6b0:c3708]
2019-07-14 06:26:05,618 INFO  client.GrpcClientProtocolClient (GrpcClientProtocolClient.java:onNext(255)) - client-D2340BF4DD29->f9fecd82-c7ae-483e-b259-6428f2dfb240: receive RaftClientReply:client-D2340BF4DD29->f9fecd82-c7ae-483e-b259-6428f2dfb240@group-7DE138E597A5, cid=2487, SUCCESS, logIndex=3711, commits[f9fecd82-c7ae-483e-b259-6428f2dfb240:c3712, adbfec77-7a0d-4773-aa56-ba0b778d0ab5:c3708, 90c45227-141f-43fe-b831-a2b91b39d6b0:c3708]
2019-07-14 06:26:05,618 INFO  client.GrpcClientProtocolClient (GrpcClientProtocolClient.java:onNext(255)) - client-D2340BF4DD29->f9fecd82-c7ae-483e-b259-6428f2dfb240: receive RaftClientReply:client-D2340BF4DD29->f9fecd82-c7ae-483e-b259-6428f2dfb240@group-7DE138E597A5, cid=2488, SUCCESS, logIndex=3712, commits[f9fecd82-c7ae-483e-b259-6428f2dfb240:c3712, adbfec77-7a0d-4773-aa56-ba0b778d0ab5:c3708, 90c45227-141f-43fe-b831-a2b91b39d6b0:c3709]
2019-07-14 06:26:05,632 INFO  client.GrpcClientProtocolClient (GrpcClientProtocolClient.java:onNext(255)) - client-D2340BF4DD29->f9fecd82-c7ae-483e-b259-6428f2dfb240: receive RaftClientReply:client-D2340BF4DD29->f9fecd82-c7ae-483e-b259-6428f2dfb240@group-7DE138E597A5, cid=2489, SUCCESS, logIndex=0, commits[f9fecd82-c7ae-483e-b259-6428f2dfb240:c3714, adbfec77-7a0d-4773-aa56-ba0b778d0ab5:c3710, 90c45227-141f-43fe-b831-a2b91b39d6b0:c3710]
2019-07-14 06:26:05,655 INFO  client.GrpcClientProtocolClient (GrpcClientProtocolClient.java:onNext(255)) - client-D2340BF4DD29->f9fecd82-c7ae-483e-b259-6428f2dfb240: receive RaftClientReply:client-D2340BF4DD29->f9fecd82-c7ae-483e-b259-6428f2dfb240@group-7DE138E597A5, cid=2490, SUCCESS, logIndex=3716, commits[f9fecd82-c7ae-483e-b259-6428f2dfb240:c3717, adbfec77-7a0d-4773-aa56-ba0b778d0ab5:c3715, 90c45227-141f-43fe-b831-a2b91b39d6b0:c3715]
2019-07-14 06:26:05,656 INFO  client.GrpcClientProtocolClient (GrpcClientProtocolClient.java:onNext(255)) - client-D2340BF4DD29->f9fecd82-c7ae-483e-b259-6428f2dfb240: receive RaftClientReply:client-D2340BF4DD29->f9fecd82-c7ae-483e-b259-6428f2dfb240@group-7DE138E597A5, cid=2491, SUCCESS, logIndex=3717, commits[f9fecd82-c7ae-483e-b259-6428f2dfb240:c3717, adbfec77-7a0d-4773-aa56-ba0b778d0ab5:c3715, 90c45227-141f-43fe-b831-a2b91b39d6b0:c3715]
2019-07-14 06:26:05,670 INFO  client.GrpcClientProtocolClient (GrpcClientProtocolClient.java:onNext(255)) - client-D2340BF4DD29->f9fecd82-c7ae-483e-b259-6428f2dfb240: receive RaftClientReply:client-D2340BF4DD29->f9fecd82-c7ae-483e-b259-6428f2dfb240@group-7DE138E597A5, cid=2492, SUCCESS, logIndex=3720, commits[f9fecd82-c7ae-483e-b259-6428f2dfb240:c3721, adbfec77-7a0d-4773-aa56-ba0b778d0ab5:c3717, 90c45227-141f-43fe-b831-a2b91b39d6b0:c3717]
2019-07-14 06:26:05,671 INFO  client.GrpcClientProtocolClient (GrpcClientProtocolClient.java:onNext(255)) - client-D2340BF4DD29->f9fecd82-c7ae-483e-b259-6428f2dfb240: receive RaftClientReply:client-D2340BF4DD29->f9fecd82-c7ae-483e-b259-6428f2dfb240@group-7DE138E597A5, cid=2493, SUCCESS, logIndex=3721, commits[f9fecd82-c7ae-483e-b259-6428f2dfb240:c3721, adbfec77-7a0d-4773-aa56-ba0b778d0ab5:c3717, 90c45227-141f-43fe-b831-a2b91b39d6b0:c3717]
2019-07-14 06:26:05,684 INFO  client.GrpcClientProtocolClient (GrpcClientProtocolClient.java:onNext(255)) - client-D2340BF4DD29->f9fecd82-c7ae-483e-b259-6428f2dfb240: receive RaftClientReply:client-D2340BF4DD29->f9fecd82-c7ae-483e-b259-6428f2dfb240@group-7DE138E597A5, cid=2494, SUCCESS, logIndex=0, commits[f9fecd82-c7ae-483e-b259-6428f2dfb240:c3723, adbfec77-7a0d-4773-aa56-ba0b778d0ab5:c3721, 90c45227-141f-43fe-b831-a2b91b39d6b0:c3721]
2019-07-14 06:26:05,729 INFO  client.GrpcClientProtocolClient (GrpcClientProtocolClient.java:onNext(255)) - client-D2340BF4DD29->f9fecd82-c7ae-483e-b259-6428f2dfb240: receive RaftClientReply:client-D2340BF4DD29->f9fecd82-c7ae-483e-b259-6428f2dfb240@group-7DE138E597A5, cid=2495, SUCCESS, logIndex=3724, commits[f9fecd82-c7ae-483e-b259-6428f2dfb240:c3725, adbfec77-7a0d-4773-aa56-ba0b778d0ab5:c3723, 90c45227-141f-43fe-b831-a2b91b39d6b0:c3723]
2019-07-14 06:26:05,730 INFO  client.GrpcClientProtocolClient (GrpcClientProtocolClient.java:onNext(255)) - client-D2340BF4DD29->f9fecd82-c7ae-483e-b259-6428f2dfb240: receive RaftClientReply:client-D2340BF4DD29->f9fecd82-c7ae-483e-b259-6428f2dfb240@group-7DE138E597A5, cid=2496, SUCCESS, logIndex=3725, commits[f9fecd82-c7ae-483e-b259-6428f2dfb240:c3727, adbfec77-7a0d-4773-aa56-ba0b778d0ab5:c3723, 90c45227-141f-43fe-b831-a2b91b39d6b0:c3723]
2019-07-14 06:26:05,730 INFO  client.GrpcClientProtocolClient (GrpcClientProtocolClient.java:onNext(255)) - client-D2340BF4DD29->f9fecd82-c7ae-483e-b259-6428f2dfb240: receive RaftClientReply:client-D2340BF4DD29->f9fecd82-c7ae-483e-b259-6428f2dfb240@group-7DE138E597A5, cid=2497, SUCCESS, logIndex=3726, commits[f9fecd82-c7ae-483e-b259-6428f2dfb240:c3727, adbfec77-7a0d-4773-aa56-ba0b778d0ab5:c3723, 90c45227-141f-43fe-b831-a2b91b39d6b0:c3723]
2019-07-14 06:26:05,731 INFO  client.GrpcClientProtocolClient (GrpcClientProtocolClient.java:onNext(255)) - client-D2340BF4DD29->f9fecd82-c7ae-483e-b259-6428f2dfb240: receive RaftClientReply:client-D2340BF4DD29->f9fecd82-c7ae-483e-b259-6428f2dfb240@group-7DE138E597A5, cid=2498, SUCCESS, logIndex=3727, commits[f9fecd82-c7ae-483e-b259-6428f2dfb240:c3727, adbfec77-7a0d-4773-aa56-ba0b778d0ab5:c3723, 90c45227-141f-43fe-b831-a2b91b39d6b0:c3723]
2019-07-14 06:26:05,744 INFO  client.GrpcClientProtocolClient (GrpcClientProtocolClient.java:onNext(255)) - client-D2340BF4DD29->f9fecd82-c7ae-483e-b259-6428f2dfb240: receive RaftClientReply:client-D2340BF4DD29->f9fecd82-c7ae-483e-b259-6428f2dfb240@group-7DE138E597A5, cid=2499, SUCCESS, logIndex=0, commits[f9fecd82-c7ae-483e-b259-6428f2dfb240:c3728, adbfec77-7a0d-4773-aa56-ba0b778d0ab5:c3725, 90c45227-141f-43fe-b831-a2b91b39d6b0:c3725]
2019-07-14 06:26:05,767 INFO  client.GrpcClientProtocolClient (GrpcClientProtocolClient.java:onNext(255)) - client-D2340BF4DD29->f9fecd82-c7ae-483e-b259-6428f2dfb240: receive RaftClientReply:client-D2340BF4DD29->f9fecd82-c7ae-483e-b259-6428f2dfb240@group-7DE138E597A5, cid=2500, SUCCESS, logIndex=3732, commits[f9fecd82-c7ae-483e-b259-6428f2dfb240:c3733, adbfec77-7a0d-4773-aa56-ba0b778d0ab5:c3731, 90c45227-141f-43fe-b831-a2b91b39d6b0:c3731]
2019-07-14 06:26:05,767 INFO  client.GrpcClientProtocolClient (GrpcClientProtocolClient.java:onNext(255)) - client-D2340BF4DD29->f9fecd82-c7ae-483e-b259-6428f2dfb240: receive RaftClientReply:client-D2340BF4DD29->f9fecd82-c7ae-483e-b259-6428f2dfb240@group-7DE138E597A5, cid=2501, SUCCESS, logIndex=3733, commits[f9fecd82-c7ae-483e-b259-6428f2dfb240:c3733, adbfec77-7a0d-4773-aa56-ba0b778d0ab5:c3731, 90c45227-141f-43fe-b831-a2b91b39d6b0:c3731]
2019-07-14 06:26:05,792 INFO  client.GrpcClientProtocolClient (GrpcClientProtocolClient.java:onNext(255)) - client-D2340BF4DD29->f9fecd82-c7ae-483e-b259-6428f2dfb240: receive RaftClientReply:client-D2340BF4DD29->f9fecd82-c7ae-483e-b259-6428f2dfb240@group-7DE138E597A5, cid=2502, SUCCESS, logIndex=3736, commits[f9fecd82-c7ae-483e-b259-6428f2dfb240:c3737, adbfec77-7a0d-4773-aa56-ba0b778d0ab5:c3733, 90c45227-141f-43fe-b831-a2b91b39d6b0:c3733]
2019-07-14 06:26:05,792 INFO  client.GrpcClientProtocolClient (GrpcClientProtocolClient.java:onNext(255)) - client-D2340BF4DD29->f9fecd82-c7ae-483e-b259-6428f2dfb240: receive RaftClientReply:client-D2340BF4DD29->f9fecd82-c7ae-483e-b259-6428f2dfb240@group-7DE138E597A5, cid=2503, SUCCESS, logIndex=3737, commits[f9fecd82-c7ae-483e-b259-6428f2dfb240:c3737, adbfec77-7a0d-4773-aa56-ba0b778d0ab5:c3733, 90c45227-141f-43fe-b831-a2b91b39d6b0:c3733]
2019-07-14 06:26:05,804 INFO  client.GrpcClientProtocolClient (GrpcClientProtocolClient.java:onNext(255)) - client-D2340BF4DD29->f9fecd82-c7ae-483e-b259-6428f2dfb240: receive RaftClientReply:client-D2340BF4DD29->f9fecd82-c7ae-483e-b259-6428f2dfb240@group-7DE138E597A5, cid=2504, SUCCESS, logIndex=0, commits[f9fecd82-c7ae-483e-b259-6428f2dfb240:c3738, adbfec77-7a0d-4773-aa56-ba0b778d0ab5:c3737, 90c45227-141f-43fe-b831-a2b91b39d6b0:c3737]
2019-07-14 06:26:05,839 INFO  client.GrpcClientProtocolClient (GrpcClientProtocolClient.java:onNext(255)) - client-D2340BF4DD29->f9fecd82-c7ae-483e-b259-6428f2dfb240: receive RaftClientReply:client-D2340BF4DD29->f9fecd82-c7ae-483e-b259-6428f2dfb240@group-7DE138E597A5, cid=2505, SUCCESS, logIndex=3740, commits[f9fecd82-c7ae-483e-b259-6428f2dfb240:c3741, adbfec77-7a0d-4773-aa56-ba0b778d0ab5:c3739, 90c45227-141f-43fe-b831-a2b91b39d6b0:c3739]
2019-07-14 06:26:05,840 INFO  client.GrpcClientProtocolClient (GrpcClientProtocolClient.java:onNext(255)) - client-D2340BF4DD29->f9fecd82-c7ae-483e-b259-6428f2dfb240: receive RaftClientReply:client-D2340BF4DD29->f9fecd82-c7ae-483e-b259-6428f2dfb240@group-7DE138E597A5, cid=2506, SUCCESS, logIndex=3741, commits[f9fecd82-c7ae-483e-b259-6428f2dfb240:c3743, adbfec77-7a0d-4773-aa56-ba0b778d0ab5:c3739, 90c45227-141f-43fe-b831-a2b91b39d6b0:c3739]
2019-07-14 06:26:05,840 INFO  client.GrpcClientProtocolClient (GrpcClientProtocolClient.java:onNext(255)) - client-D2340BF4DD29->f9fecd82-c7ae-483e-b259-6428f2dfb240: receive RaftClientReply:client-D2340BF4DD29->f9fecd82-c7ae-483e-b259-6428f2dfb240@group-7DE138E597A5, cid=2507, SUCCESS, logIndex=3742, commits[f9fecd82-c7ae-483e-b259-6428f2dfb240:c3743, adbfec77-7a0d-4773-aa56-ba0b778d0ab5:c3739, 90c45227-141f-43fe-b831-a2b91b39d6b0:c3739]
2019-07-14 06:26:05,841 INFO  client.GrpcClientProtocolClient (GrpcClientProtocolClient.java:onNext(255)) - client-D2340BF4DD29->f9fecd82-c7ae-483e-b259-6428f2dfb240: receive RaftClientReply:client-D2340BF4DD29->f9fecd82-c7ae-483e-b259-6428f2dfb240@group-7DE138E597A5, cid=2508, SUCCESS, logIndex=3743, commits[f9fecd82-c7ae-483e-b259-6428f2dfb240:c3743, adbfec77-7a0d-4773-aa56-ba0b778d0ab5:c3739, 90c45227-141f-43fe-b831-a2b91b39d6b0:c3739]
2019-07-14 06:26:05,842 INFO  client.GrpcClientProtocolClient (GrpcClientProtocolClient.java:onNext(255)) - client-D2340BF4DD29->f9fecd82-c7ae-483e-b259-6428f2dfb240: receive RaftClientReply:client-D2340BF4DD29->f9fecd82-c7ae-483e-b259-6428f2dfb240@group-7DE138E597A5, cid=2509, SUCCESS, logIndex=0, commits[f9fecd82-c7ae-483e-b259-6428f2dfb240:c3747, adbfec77-7a0d-4773-aa56-ba0b778d0ab5:c3743, 90c45227-141f-43fe-b831-a2b91b39d6b0:c3741]
 0.00% |█                                                                                                    |  0/1 Time: 0:00:202019-07-14 06:26:05,865 INFO  client.GrpcClientProtocolClient (GrpcClientProtocolClient.java:onNext(255)) - client-D2340BF4DD29->f9fecd82-c7ae-483e-b259-6428f2dfb240: receive RaftClientReply:client-D2340BF4DD29->f9fecd82-c7ae-483e-b259-6428f2dfb240@group-7DE138E597A5, cid=2510, SUCCESS, logIndex=3748, commits[f9fecd82-c7ae-483e-b259-6428f2dfb240:c3749, adbfec77-7a0d-4773-aa56-ba0b778d0ab5:c3747, 90c45227-141f-43fe-b831-a2b91b39d6b0:c3747]
2019-07-14 06:26:05,865 INFO  client.GrpcClientProtocolClient (GrpcClientProtocolClient.java:onNext(255)) - client-D2340BF4DD29->f9fecd82-c7ae-483e-b259-6428f2dfb240: receive RaftClientReply:client-D2340BF4DD29->f9fecd82-c7ae-483e-b259-6428f2dfb240@group-7DE138E597A5, cid=2511, SUCCESS, logIndex=3749, commits[f9fecd82-c7ae-483e-b259-6428f2dfb240:c3749, adbfec77-7a0d-4773-aa56-ba0b778d0ab5:c3747, 90c45227-141f-43fe-b831-a2b91b39d6b0:c3747]
2019-07-14 06:26:05,879 INFO  client.GrpcClientProtocolClient (GrpcClientProtocolClient.java:onNext(255)) - client-D2340BF4DD29->f9fecd82-c7ae-483e-b259-6428f2dfb240: receive RaftClientReply:client-D2340BF4DD29->f9fecd82-c7ae-483e-b259-6428f2dfb240@group-7DE138E597A5, cid=2512, SUCCESS, logIndex=3752, commits[f9fecd82-c7ae-483e-b259-6428f2dfb240:c3753, adbfec77-7a0d-4773-aa56-ba0b778d0ab5:c3748, 90c45227-141f-43fe-b831-a2b91b39d6b0:c3749]
2019-07-14 06:26:05,879 INFO  client.GrpcClientProtocolClient (GrpcClientProtocolClient.java:onNext(255)) - client-D2340BF4DD29->f9fecd82-c7ae-483e-b259-6428f2dfb240: receive RaftClientReply:client-D2340BF4DD29->f9fecd82-c7ae-483e-b259-6428f2dfb240@group-7DE138E597A5, cid=2513, SUCCESS, logIndex=3753, commits[f9fecd82-c7ae-483e-b259-6428f2dfb240:c3753, adbfec77-7a0d-4773-aa56-ba0b778d0ab5:c3749, 90c45227-141f-43fe-b831-a2b91b39d6b0:c3749]
2019-07-14 06:26:05,881 INFO  client.GrpcClientProtocolClient (GrpcClientProtocolClient.java:onNext(255)) - client-D2340BF4DD29->f9fecd82-c7ae-483e-b259-6428f2dfb240: receive RaftClientReply:client-D2340BF4DD29->f9fecd82-c7ae-483e-b259-6428f2dfb240@group-7DE138E597A5, cid=2514, SUCCESS, logIndex=0, commits[f9fecd82-c7ae-483e-b259-6428f2dfb240:c3755, adbfec77-7a0d-4773-aa56-ba0b778d0ab5:c3753, 90c45227-141f-43fe-b831-a2b91b39d6b0:c3753]
2019-07-14 06:26:05,912 INFO  client.GrpcClientProtocolClient (GrpcClientProtocolClient.java:onNext(255)) - client-D2340BF4DD29->f9fecd82-c7ae-483e-b259-6428f2dfb240: receive RaftClientReply:client-D2340BF4DD29->f9fecd82-c7ae-483e-b259-6428f2dfb240@group-7DE138E597A5, cid=2515, SUCCESS, logIndex=3756, commits[f9fecd82-c7ae-483e-b259-6428f2dfb240:c3757, adbfec77-7a0d-4773-aa56-ba0b778d0ab5:c3755, 90c45227-141f-43fe-b831-a2b91b39d6b0:c3755]
2019-07-14 06:26:05,913 INFO  client.GrpcClientProtocolClient (GrpcClientProtocolClient.java:onNext(255)) - client-D2340BF4DD29->f9fecd82-c7ae-483e-b259-6428f2dfb240: receive RaftClientReply:client-D2340BF4DD29->f9fecd82-c7ae-483e-b259-6428f2dfb240@group-7DE138E597A5, cid=2516, SUCCESS, logIndex=3757, commits[f9fecd82-c7ae-483e-b259-6428f2dfb240:c3757, adbfec77-7a0d-4773-aa56-ba0b778d0ab5:c3755, 90c45227-141f-43fe-b831-a2b91b39d6b0:c3755]
2019-07-14 06:26:05,913 INFO  client.GrpcClientProtocolClient (GrpcClientProtocolClient.java:onNext(255)) - client-D2340BF4DD29->f9fecd82-c7ae-483e-b259-6428f2dfb240: receive RaftClientReply:client-D2340BF4DD29->f9fecd82-c7ae-483e-b259-6428f2dfb240@group-7DE138E597A5, cid=2517, SUCCESS, logIndex=3758, commits[f9fecd82-c7ae-483e-b259-6428f2dfb240:c3759, adbfec77-7a0d-4773-aa56-ba0b778d0ab5:c3755, 90c45227-141f-43fe-b831-a2b91b39d6b0:c3755]
2019-07-14 06:26:05,913 INFO  client.GrpcClientProtocolClient (GrpcClientProtocolClient.java:onNext(255)) - client-D2340BF4DD29->f9fecd82-c7ae-483e-b259-6428f2dfb240: receive RaftClientReply:client-D2340BF4DD29->f9fecd82-c7ae-483e-b259-6428f2dfb240@group-7DE138E597A5, cid=2518, SUCCESS, logIndex=3759, commits[f9fecd82-c7ae-483e-b259-6428f2dfb240:c3759, adbfec77-7a0d-4773-aa56-ba0b778d0ab5:c3755, 90c45227-141f-43fe-b831-a2b91b39d6b0:c3755]
2019-07-14 06:26:05,915 INFO  client.GrpcClientProtocolClient (GrpcClientProtocolClient.java:onNext(255)) - client-D2340BF4DD29->f9fecd82-c7ae-483e-b259-6428f2dfb240: receive RaftClientReply:client-D2340BF4DD29->f9fecd82-c7ae-483e-b259-6428f2dfb240@group-7DE138E597A5, cid=2519, SUCCESS, logIndex=0, commits[f9fecd82-c7ae-483e-b259-6428f2dfb240:c3761, adbfec77-7a0d-4773-aa56-ba0b778d0ab5:c3757, 90c45227-141f-43fe-b831-a2b91b39d6b0:c3757]
2019-07-14 06:26:05,928 INFO  client.GrpcClientProtocolClient (GrpcClientProtocolClient.java:onNext(255)) - client-D2340BF4DD29->f9fecd82-c7ae-483e-b259-6428f2dfb240: receive RaftClientReply:client-D2340BF4DD29->f9fecd82-c7ae-483e-b259-6428f2dfb240@group-7DE138E597A5, cid=2520, SUCCESS, logIndex=3764, commits[f9fecd82-c7ae-483e-b259-6428f2dfb240:c3765, adbfec77-7a0d-4773-aa56-ba0b778d0ab5:c3759, 90c45227-141f-43fe-b831-a2b91b39d6b0:c3763]
2019-07-14 06:26:05,928 INFO  client.GrpcClientProtocolClient (GrpcClientProtocolClient.java:onNext(255)) - client-D2340BF4DD29->f9fecd82-c7ae-483e-b259-6428f2dfb240: receive RaftClientReply:client-D2340BF4DD29->f9fecd82-c7ae-483e-b259-6428f2dfb240@group-7DE138E597A5, cid=2521, SUCCESS, logIndex=3765, commits[f9fecd82-c7ae-483e-b259-6428f2dfb240:c3765, adbfec77-7a0d-4773-aa56-ba0b778d0ab5:c3763, 90c45227-141f-43fe-b831-a2b91b39d6b0:c3763]
2019-07-14 06:26:05,945 INFO  client.GrpcClientProtocolClient (GrpcClientProtocolClient.java:onNext(255)) - client-D2340BF4DD29->f9fecd82-c7ae-483e-b259-6428f2dfb240: receive RaftClientReply:client-D2340BF4DD29->f9fecd82-c7ae-483e-b259-6428f2dfb240@group-7DE138E597A5, cid=2522, SUCCESS, logIndex=3768, commits[f9fecd82-c7ae-483e-b259-6428f2dfb240:c3769, adbfec77-7a0d-4773-aa56-ba0b778d0ab5:c3766, 90c45227-141f-43fe-b831-a2b91b39d6b0:c3766]
2019-07-14 06:26:05,946 INFO  client.GrpcClientProtocolClient (GrpcClientProtocolClient.java:onNext(255)) - client-D2340BF4DD29->f9fecd82-c7ae-483e-b259-6428f2dfb240: receive RaftClientReply:client-D2340BF4DD29->f9fecd82-c7ae-483e-b259-6428f2dfb240@group-7DE138E597A5, cid=2523, SUCCESS, logIndex=3769, commits[f9fecd82-c7ae-483e-b259-6428f2dfb240:c3769, adbfec77-7a0d-4773-aa56-ba0b778d0ab5:c3766, 90c45227-141f-43fe-b831-a2b91b39d6b0:c3766]
2019-07-14 06:26:05,947 INFO  client.GrpcClientProtocolClient (GrpcClientProtocolClient.java:onNext(255)) - client-D2340BF4DD29->f9fecd82-c7ae-483e-b259-6428f2dfb240: receive RaftClientReply:client-D2340BF4DD29->f9fecd82-c7ae-483e-b259-6428f2dfb240@group-7DE138E597A5, cid=2524, SUCCESS, logIndex=0, commits[f9fecd82-c7ae-483e-b259-6428f2dfb240:c3770, adbfec77-7a0d-4773-aa56-ba0b778d0ab5:c3769, 90c45227-141f-43fe-b831-a2b91b39d6b0:c3769]
2019-07-14 06:26:05,988 INFO  client.GrpcClientProtocolClient (GrpcClientProtocolClient.java:onNext(255)) - client-D2340BF4DD29->f9fecd82-c7ae-483e-b259-6428f2dfb240: receive RaftClientReply:client-D2340BF4DD29->f9fecd82-c7ae-483e-b259-6428f2dfb240@group-7DE138E597A5, cid=2525, SUCCESS, logIndex=3772, commits[f9fecd82-c7ae-483e-b259-6428f2dfb240:c3775, adbfec77-7a0d-4773-aa56-ba0b778d0ab5:c3771, 90c45227-141f-43fe-b831-a2b91b39d6b0:c3771]
2019-07-14 06:26:05,989 INFO  client.GrpcClientProtocolClient (GrpcClientProtocolClient.java:onNext(255)) - client-D2340BF4DD29->f9fecd82-c7ae-483e-b259-6428f2dfb240: receive RaftClientReply:client-D2340BF4DD29->f9fecd82-c7ae-483e-b259-6428f2dfb240@group-7DE138E597A5, cid=2526, SUCCESS, logIndex=3773, commits[f9fecd82-c7ae-483e-b259-6428f2dfb240:c3775, adbfec77-7a0d-4773-aa56-ba0b778d0ab5:c3771, 90c45227-141f-43fe-b831-a2b91b39d6b0:c3771]
2019-07-14 06:26:05,989 INFO  client.GrpcClientProtocolClient (GrpcClientProtocolClient.java:onNext(255)) - client-D2340BF4DD29->f9fecd82-c7ae-483e-b259-6428f2dfb240: receive RaftClientReply:client-D2340BF4DD29->f9fecd82-c7ae-483e-b259-6428f2dfb240@group-7DE138E597A5, cid=2527, SUCCESS, logIndex=3774, commits[f9fecd82-c7ae-483e-b259-6428f2dfb240:c3775, adbfec77-7a0d-4773-aa56-ba0b778d0ab5:c3771, 90c45227-141f-43fe-b831-a2b91b39d6b0:c3771]
2019-07-14 06:26:06,097 INFO  client.GrpcClientProtocolClient (GrpcClientProtocolClient.java:onNext(255)) - client-D2340BF4DD29->f9fecd82-c7ae-483e-b259-6428f2dfb240: receive RaftClientReply:client-D2340BF4DD29->f9fecd82-c7ae-483e-b259-6428f2dfb240@group-7DE138E597A5, cid=2528, SUCCESS, logIndex=3775, commits[f9fecd82-c7ae-483e-b259-6428f2dfb240:c3775, adbfec77-7a0d-4773-aa56-ba0b778d0ab5:c3771, 90c45227-141f-43fe-b831-a2b91b39d6b0:c3771]
2019-07-14 06:26:06,098 INFO  client.GrpcClientProtocolClient (GrpcClientProtocolClient.java:onNext(255)) - client-D2340BF4DD29->f9fecd82-c7ae-483e-b259-6428f2dfb240: receive RaftClientReply:client-D2340BF4DD29->f9fecd82-c7ae-483e-b259-6428f2dfb240@group-7DE138E597A5, cid=2529, SUCCESS, logIndex=0, commits[f9fecd82-c7ae-483e-b259-6428f2dfb240:c3776, adbfec77-7a0d-4773-aa56-ba0b778d0ab5:c3775, 90c45227-141f-43fe-b831-a2b91b39d6b0:c3773]
2019-07-14 06:26:06,123 INFO  client.GrpcClientProtocolClient (GrpcClientProtocolClient.java:onNext(255)) - client-D2340BF4DD29->f9fecd82-c7ae-483e-b259-6428f2dfb240: receive RaftClientReply:client-D2340BF4DD29->f9fecd82-c7ae-483e-b259-6428f2dfb240@group-7DE138E597A5, cid=2530, SUCCESS, logIndex=3780, commits[f9fecd82-c7ae-483e-b259-6428f2dfb240:c3781, adbfec77-7a0d-4773-aa56-ba0b778d0ab5:c3776, 90c45227-141f-43fe-b831-a2b91b39d6b0:c3776]
2019-07-14 06:26:06,123 INFO  client.GrpcClientProtocolClient (GrpcClientProtocolClient.java:onNext(255)) - client-D2340BF4DD29->f9fecd82-c7ae-483e-b259-6428f2dfb240: receive RaftClientReply:client-D2340BF4DD29->f9fecd82-c7ae-483e-b259-6428f2dfb240@group-7DE138E597A5, cid=2531, SUCCESS, logIndex=3781, commits[f9fecd82-c7ae-483e-b259-6428f2dfb240:c3781, adbfec77-7a0d-4773-aa56-ba0b778d0ab5:c3776, 90c45227-141f-43fe-b831-a2b91b39d6b0:c3776]
2019-07-14 06:26:06,139 INFO  client.GrpcClientProtocolClient (GrpcClientProtocolClient.java:onNext(255)) - client-D2340BF4DD29->f9fecd82-c7ae-483e-b259-6428f2dfb240: receive RaftClientReply:client-D2340BF4DD29->f9fecd82-c7ae-483e-b259-6428f2dfb240@group-7DE138E597A5, cid=2532, SUCCESS, logIndex=3784, commits[f9fecd82-c7ae-483e-b259-6428f2dfb240:c3785, adbfec77-7a0d-4773-aa56-ba0b778d0ab5:c3782, 90c45227-141f-43fe-b831-a2b91b39d6b0:c3782]
2019-07-14 06:26:06,139 INFO  client.GrpcClientProtocolClient (GrpcClientProtocolClient.java:onNext(255)) - client-D2340BF4DD29->f9fecd82-c7ae-483e-b259-6428f2dfb240: receive RaftClientReply:client-D2340BF4DD29->f9fecd82-c7ae-483e-b259-6428f2dfb240@group-7DE138E597A5, cid=2533, SUCCESS, logIndex=3785, commits[f9fecd82-c7ae-483e-b259-6428f2dfb240:c3785, adbfec77-7a0d-4773-aa56-ba0b778d0ab5:c3782, 90c45227-141f-43fe-b831-a2b91b39d6b0:c3782]
2019-07-14 06:26:06,142 INFO  client.GrpcClientProtocolClient (GrpcClientProtocolClient.java:onNext(255)) - client-D2340BF4DD29->f9fecd82-c7ae-483e-b259-6428f2dfb240: receive RaftClientReply:client-D2340BF4DD29->f9fecd82-c7ae-483e-b259-6428f2dfb240@group-7DE138E597A5, cid=2534, SUCCESS, logIndex=0, commits[f9fecd82-c7ae-483e-b259-6428f2dfb240:c3786, adbfec77-7a0d-4773-aa56-ba0b778d0ab5:c3785, 90c45227-141f-43fe-b831-a2b91b39d6b0:c3785]
2019-07-14 06:26:06,167 INFO  client.GrpcClientProtocolClient (GrpcClientProtocolClient.java:onNext(255)) - client-D2340BF4DD29->f9fecd82-c7ae-483e-b259-6428f2dfb240: receive RaftClientReply:client-D2340BF4DD29->f9fecd82-c7ae-483e-b259-6428f2dfb240@group-7DE138E597A5, cid=2535, SUCCESS, logIndex=3788, commits[f9fecd82-c7ae-483e-b259-6428f2dfb240:c3791, adbfec77-7a0d-4773-aa56-ba0b778d0ab5:c3787, 90c45227-141f-43fe-b831-a2b91b39d6b0:c3785]
2019-07-14 06:26:06,167 INFO  client.GrpcClientProtocolClient (GrpcClientProtocolClient.java:onNext(255)) - client-D2340BF4DD29->f9fecd82-c7ae-483e-b259-6428f2dfb240: receive RaftClientReply:client-D2340BF4DD29->f9fecd82-c7ae-483e-b259-6428f2dfb240@group-7DE138E597A5, cid=2536, SUCCESS, logIndex=3789, commits[f9fecd82-c7ae-483e-b259-6428f2dfb240:c3791, adbfec77-7a0d-4773-aa56-ba0b778d0ab5:c3787, 90c45227-141f-43fe-b831-a2b91b39d6b0:c3787]
2019-07-14 06:26:06,167 INFO  client.GrpcClientProtocolClient (GrpcClientProtocolClient.java:onNext(255)) - client-D2340BF4DD29->f9fecd82-c7ae-483e-b259-6428f2dfb240: receive RaftClientReply:client-D2340BF4DD29->f9fecd82-c7ae-483e-b259-6428f2dfb240@group-7DE138E597A5, cid=2537, SUCCESS, logIndex=3790, commits[f9fecd82-c7ae-483e-b259-6428f2dfb240:c3791, adbfec77-7a0d-4773-aa56-ba0b778d0ab5:c3787, 90c45227-141f-43fe-b831-a2b91b39d6b0:c3787]
2019-07-14 06:26:06,168 INFO  client.GrpcClientProtocolClient (GrpcClientProtocolClient.java:onNext(255)) - client-D2340BF4DD29->f9fecd82-c7ae-483e-b259-6428f2dfb240: receive RaftClientReply:client-D2340BF4DD29->f9fecd82-c7ae-483e-b259-6428f2dfb240@group-7DE138E597A5, cid=2538, SUCCESS, logIndex=3791, commits[f9fecd82-c7ae-483e-b259-6428f2dfb240:c3791, adbfec77-7a0d-4773-aa56-ba0b778d0ab5:c3787, 90c45227-141f-43fe-b831-a2b91b39d6b0:c3787]
2019-07-14 06:26:06,170 INFO  client.GrpcClientProtocolClient (GrpcClientProtocolClient.java:onNext(255)) - client-D2340BF4DD29->f9fecd82-c7ae-483e-b259-6428f2dfb240: receive RaftClientReply:client-D2340BF4DD29->f9fecd82-c7ae-483e-b259-6428f2dfb240@group-7DE138E597A5, cid=2539, SUCCESS, logIndex=0, commits[f9fecd82-c7ae-483e-b259-6428f2dfb240:c3792, adbfec77-7a0d-4773-aa56-ba0b778d0ab5:c3789, 90c45227-141f-43fe-b831-a2b91b39d6b0:c3789]
2019-07-14 06:26:06,182 INFO  client.GrpcClientProtocolClient (GrpcClientProtocolClient.java:onNext(255)) - client-D2340BF4DD29->f9fecd82-c7ae-483e-b259-6428f2dfb240: receive RaftClientReply:client-D2340BF4DD29->f9fecd82-c7ae-483e-b259-6428f2dfb240@group-7DE138E597A5, cid=2540, SUCCESS, logIndex=3795, commits[f9fecd82-c7ae-483e-b259-6428f2dfb240:c3796, adbfec77-7a0d-4773-aa56-ba0b778d0ab5:c3794, 90c45227-141f-43fe-b831-a2b91b39d6b0:c3791]
2019-07-14 06:26:06,183 INFO  client.GrpcClientProtocolClient (GrpcClientProtocolClient.java:onNext(255)) - client-D2340BF4DD29->f9fecd82-c7ae-483e-b259-6428f2dfb240: receive RaftClientReply:client-D2340BF4DD29->f9fecd82-c7ae-483e-b259-6428f2dfb240@group-7DE138E597A5, cid=2541, SUCCESS, logIndex=3796, commits[f9fecd82-c7ae-483e-b259-6428f2dfb240:c3796, adbfec77-7a0d-4773-aa56-ba0b778d0ab5:c3794, 90c45227-141f-43fe-b831-a2b91b39d6b0:c3794]
2019-07-14 06:26:06,199 INFO  client.GrpcClientProtocolClient (GrpcClientProtocolClient.java:onNext(255)) - client-D2340BF4DD29->f9fecd82-c7ae-483e-b259-6428f2dfb240: receive RaftClientReply:client-D2340BF4DD29->f9fecd82-c7ae-483e-b259-6428f2dfb240@group-7DE138E597A5, cid=2542, SUCCESS, logIndex=3799, commits[f9fecd82-c7ae-483e-b259-6428f2dfb240:c3800, adbfec77-7a0d-4773-aa56-ba0b778d0ab5:c3798, 90c45227-141f-43fe-b831-a2b91b39d6b0:c3796]
2019-07-14 06:26:06,199 INFO  client.GrpcClientProtocolClient (GrpcClientProtocolClient.java:onNext(255)) - client-D2340BF4DD29->f9fecd82-c7ae-483e-b259-6428f2dfb240: receive RaftClientReply:client-D2340BF4DD29->f9fecd82-c7ae-483e-b259-6428f2dfb240@group-7DE138E597A5, cid=2543, SUCCESS, logIndex=3800, commits[f9fecd82-c7ae-483e-b259-6428f2dfb240:c3800, adbfec77-7a0d-4773-aa56-ba0b778d0ab5:c3798, 90c45227-141f-43fe-b831-a2b91b39d6b0:c3796]
2019-07-14 06:26:06,205 INFO  client.GrpcClientProtocolClient (GrpcClientProtocolClient.java:onNext(255)) - client-D2340BF4DD29->f9fecd82-c7ae-483e-b259-6428f2dfb240: receive RaftClientReply:client-D2340BF4DD29->f9fecd82-c7ae-483e-b259-6428f2dfb240@group-7DE138E597A5, cid=2544, SUCCESS, logIndex=0, commits[f9fecd82-c7ae-483e-b259-6428f2dfb240:c3802, adbfec77-7a0d-4773-aa56-ba0b778d0ab5:c3800, 90c45227-141f-43fe-b831-a2b91b39d6b0:c3800]
2019-07-14 06:26:06,250 INFO  client.GrpcClientProtocolClient (GrpcClientProtocolClient.java:onNext(255)) - client-D2340BF4DD29->f9fecd82-c7ae-483e-b259-6428f2dfb240: receive RaftClientReply:client-D2340BF4DD29->f9fecd82-c7ae-483e-b259-6428f2dfb240@group-7DE138E597A5, cid=2545, SUCCESS, logIndex=3803, commits[f9fecd82-c7ae-483e-b259-6428f2dfb240:c3805, adbfec77-7a0d-4773-aa56-ba0b778d0ab5:c3802, 90c45227-141f-43fe-b831-a2b91b39d6b0:c3802]
2019-07-14 06:26:06,250 INFO  client.GrpcClientProtocolClient (GrpcClientProtocolClient.java:onNext(255)) - client-D2340BF4DD29->f9fecd82-c7ae-483e-b259-6428f2dfb240: receive RaftClientReply:client-D2340BF4DD29->f9fecd82-c7ae-483e-b259-6428f2dfb240@group-7DE138E597A5, cid=2546, SUCCESS, logIndex=3804, commits[f9fecd82-c7ae-483e-b259-6428f2dfb240:c3806, adbfec77-7a0d-4773-aa56-ba0b778d0ab5:c3802, 90c45227-141f-43fe-b831-a2b91b39d6b0:c3802]
2019-07-14 06:26:06,250 INFO  client.GrpcClientProtocolClient (GrpcClientProtocolClient.java:onNext(255)) - client-D2340BF4DD29->f9fecd82-c7ae-483e-b259-6428f2dfb240: receive RaftClientReply:client-D2340BF4DD29->f9fecd82-c7ae-483e-b259-6428f2dfb240@group-7DE138E597A5, cid=2547, SUCCESS, logIndex=3805, commits[f9fecd82-c7ae-483e-b259-6428f2dfb240:c3806, adbfec77-7a0d-4773-aa56-ba0b778d0ab5:c3802, 90c45227-141f-43fe-b831-a2b91b39d6b0:c3802]
2019-07-14 06:26:06,251 INFO  client.GrpcClientProtocolClient (GrpcClientProtocolClient.java:onNext(255)) - client-D2340BF4DD29->f9fecd82-c7ae-483e-b259-6428f2dfb240: receive RaftClientReply:client-D2340BF4DD29->f9fecd82-c7ae-483e-b259-6428f2dfb240@group-7DE138E597A5, cid=2548, SUCCESS, logIndex=3806, commits[f9fecd82-c7ae-483e-b259-6428f2dfb240:c3806, adbfec77-7a0d-4773-aa56-ba0b778d0ab5:c3802, 90c45227-141f-43fe-b831-a2b91b39d6b0:c3802]
2019-07-14 06:26:06,255 INFO  client.GrpcClientProtocolClient (GrpcClientProtocolClient.java:onNext(255)) - client-D2340BF4DD29->f9fecd82-c7ae-483e-b259-6428f2dfb240: receive RaftClientReply:client-D2340BF4DD29->f9fecd82-c7ae-483e-b259-6428f2dfb240@group-7DE138E597A5, cid=2549, SUCCESS, logIndex=0, commits[f9fecd82-c7ae-483e-b259-6428f2dfb240:c3807, adbfec77-7a0d-4773-aa56-ba0b778d0ab5:c3804, 90c45227-141f-43fe-b831-a2b91b39d6b0:c3804]
2019-07-14 06:26:06,276 INFO  client.GrpcClientProtocolClient (GrpcClientProtocolClient.java:onNext(255)) - client-D2340BF4DD29->f9fecd82-c7ae-483e-b259-6428f2dfb240: receive RaftClientReply:client-D2340BF4DD29->f9fecd82-c7ae-483e-b259-6428f2dfb240@group-7DE138E597A5, cid=2550, SUCCESS, logIndex=3811, commits[f9fecd82-c7ae-483e-b259-6428f2dfb240:c3812, adbfec77-7a0d-4773-aa56-ba0b778d0ab5:c3810, 90c45227-141f-43fe-b831-a2b91b39d6b0:c3810]
2019-07-14 06:26:06,277 INFO  client.GrpcClientProtocolClient (GrpcClientProtocolClient.java:onNext(255)) - client-D2340BF4DD29->f9fecd82-c7ae-483e-b259-6428f2dfb240: receive RaftClientReply:client-D2340BF4DD29->f9fecd82-c7ae-483e-b259-6428f2dfb240@group-7DE138E597A5, cid=2551, SUCCESS, logIndex=3812, commits[f9fecd82-c7ae-483e-b259-6428f2dfb240:c3812, adbfec77-7a0d-4773-aa56-ba0b778d0ab5:c3810, 90c45227-141f-43fe-b831-a2b91b39d6b0:c3810]
2019-07-14 06:26:06,289 INFO  client.GrpcClientProtocolClient (GrpcClientProtocolClient.java:onNext(255)) - client-D2340BF4DD29->f9fecd82-c7ae-483e-b259-6428f2dfb240: receive RaftClientReply:client-D2340BF4DD29->f9fecd82-c7ae-483e-b259-6428f2dfb240@group-7DE138E597A5, cid=2552, SUCCESS, logIndex=3815, commits[f9fecd82-c7ae-483e-b259-6428f2dfb240:c3816, adbfec77-7a0d-4773-aa56-ba0b778d0ab5:c3812, 90c45227-141f-43fe-b831-a2b91b39d6b0:c3812]
2019-07-14 06:26:06,290 INFO  client.GrpcClientProtocolClient (GrpcClientProtocolClient.java:onNext(255)) - client-D2340BF4DD29->f9fecd82-c7ae-483e-b259-6428f2dfb240: receive RaftClientReply:client-D2340BF4DD29->f9fecd82-c7ae-483e-b259-6428f2dfb240@group-7DE138E597A5, cid=2553, SUCCESS, logIndex=3816, commits[f9fecd82-c7ae-483e-b259-6428f2dfb240:c3816, adbfec77-7a0d-4773-aa56-ba0b778d0ab5:c3812, 90c45227-141f-43fe-b831-a2b91b39d6b0:c3812]
2019-07-14 06:26:06,300 INFO  client.GrpcClientProtocolClient (GrpcClientProtocolClient.java:onNext(255)) - client-D2340BF4DD29->f9fecd82-c7ae-483e-b259-6428f2dfb240: receive RaftClientReply:client-D2340BF4DD29->f9fecd82-c7ae-483e-b259-6428f2dfb240@group-7DE138E597A5, cid=2554, SUCCESS, logIndex=0, commits[f9fecd82-c7ae-483e-b259-6428f2dfb240:c3817, adbfec77-7a0d-4773-aa56-ba0b778d0ab5:c3816, 90c45227-141f-43fe-b831-a2b91b39d6b0:c3816]
2019-07-14 06:26:06,329 INFO  client.GrpcClientProtocolClient (GrpcClientProtocolClient.java:onNext(255)) - client-D2340BF4DD29->f9fecd82-c7ae-483e-b259-6428f2dfb240: receive RaftClientReply:client-D2340BF4DD29->f9fecd82-c7ae-483e-b259-6428f2dfb240@group-7DE138E597A5, cid=2555, SUCCESS, logIndex=3819, commits[f9fecd82-c7ae-483e-b259-6428f2dfb240:c3820, adbfec77-7a0d-4773-aa56-ba0b778d0ab5:c3818, 90c45227-141f-43fe-b831-a2b91b39d6b0:c3818]
2019-07-14 06:26:06,330 INFO  client.GrpcClientProtocolClient (GrpcClientProtocolClient.java:onNext(255)) - client-D2340BF4DD29->f9fecd82-c7ae-483e-b259-6428f2dfb240: receive RaftClientReply:client-D2340BF4DD29->f9fecd82-c7ae-483e-b259-6428f2dfb240@group-7DE138E597A5, cid=2556, SUCCESS, logIndex=3820, commits[f9fecd82-c7ae-483e-b259-6428f2dfb240:c3822, adbfec77-7a0d-4773-aa56-ba0b778d0ab5:c3818, 90c45227-141f-43fe-b831-a2b91b39d6b0:c3818]
2019-07-14 06:26:06,330 INFO  client.GrpcClientProtocolClient (GrpcClientProtocolClient.java:onNext(255)) - client-D2340BF4DD29->f9fecd82-c7ae-483e-b259-6428f2dfb240: receive RaftClientReply:client-D2340BF4DD29->f9fecd82-c7ae-483e-b259-6428f2dfb240@group-7DE138E597A5, cid=2557, SUCCESS, logIndex=3821, commits[f9fecd82-c7ae-483e-b259-6428f2dfb240:c3822, adbfec77-7a0d-4773-aa56-ba0b778d0ab5:c3818, 90c45227-141f-43fe-b831-a2b91b39d6b0:c3818]
2019-07-14 06:26:06,330 INFO  client.GrpcClientProtocolClient (GrpcClientProtocolClient.java:onNext(255)) - client-D2340BF4DD29->f9fecd82-c7ae-483e-b259-6428f2dfb240: receive RaftClientReply:client-D2340BF4DD29->f9fecd82-c7ae-483e-b259-6428f2dfb240@group-7DE138E597A5, cid=2558, SUCCESS, logIndex=3822, commits[f9fecd82-c7ae-483e-b259-6428f2dfb240:c3823, adbfec77-7a0d-4773-aa56-ba0b778d0ab5:c3819, 90c45227-141f-43fe-b831-a2b91b39d6b0:c3819]
2019-07-14 06:26:06,332 INFO  client.GrpcClientProtocolClient (GrpcClientProtocolClient.java:onNext(255)) - client-D2340BF4DD29->f9fecd82-c7ae-483e-b259-6428f2dfb240: receive RaftClientReply:client-D2340BF4DD29->f9fecd82-c7ae-483e-b259-6428f2dfb240@group-7DE138E597A5, cid=2559, SUCCESS, logIndex=0, commits[f9fecd82-c7ae-483e-b259-6428f2dfb240:c3826, adbfec77-7a0d-4773-aa56-ba0b778d0ab5:c3821, 90c45227-141f-43fe-b831-a2b91b39d6b0:c3822]
2019-07-14 06:26:06,353 INFO  client.GrpcClientProtocolClient (GrpcClientProtocolClient.java:onNext(255)) - client-D2340BF4DD29->f9fecd82-c7ae-483e-b259-6428f2dfb240: receive RaftClientReply:client-D2340BF4DD29->f9fecd82-c7ae-483e-b259-6428f2dfb240@group-7DE138E597A5, cid=2560, SUCCESS, logIndex=3827, commits[f9fecd82-c7ae-483e-b259-6428f2dfb240:c3828, adbfec77-7a0d-4773-aa56-ba0b778d0ab5:c3826, 90c45227-141f-43fe-b831-a2b91b39d6b0:c3826]
2019-07-14 06:26:06,354 INFO  client.GrpcClientProtocolClient (GrpcClientProtocolClient.java:onNext(255)) - client-D2340BF4DD29->f9fecd82-c7ae-483e-b259-6428f2dfb240: receive RaftClientReply:client-D2340BF4DD29->f9fecd82-c7ae-483e-b259-6428f2dfb240@group-7DE138E597A5, cid=2561, SUCCESS, logIndex=3828, commits[f9fecd82-c7ae-483e-b259-6428f2dfb240:c3828, adbfec77-7a0d-4773-aa56-ba0b778d0ab5:c3826, 90c45227-141f-43fe-b831-a2b91b39d6b0:c3826]
2019-07-14 06:26:06,367 INFO  client.GrpcClientProtocolClient (GrpcClientProtocolClient.java:onNext(255)) - client-D2340BF4DD29->f9fecd82-c7ae-483e-b259-6428f2dfb240: receive RaftClientReply:client-D2340BF4DD29->f9fecd82-c7ae-483e-b259-6428f2dfb240@group-7DE138E597A5, cid=2562, SUCCESS, logIndex=3831, commits[f9fecd82-c7ae-483e-b259-6428f2dfb240:c3832, adbfec77-7a0d-4773-aa56-ba0b778d0ab5:c3828, 90c45227-141f-43fe-b831-a2b91b39d6b0:c3828]
2019-07-14 06:26:06,368 INFO  client.GrpcClientProtocolClient (GrpcClientProtocolClient.java:onNext(255)) - client-D2340BF4DD29->f9fecd82-c7ae-483e-b259-6428f2dfb240: receive RaftClientReply:client-D2340BF4DD29->f9fecd82-c7ae-483e-b259-6428f2dfb240@group-7DE138E597A5, cid=2563, SUCCESS, logIndex=3832, commits[f9fecd82-c7ae-483e-b259-6428f2dfb240:c3832, adbfec77-7a0d-4773-aa56-ba0b778d0ab5:c3828, 90c45227-141f-43fe-b831-a2b91b39d6b0:c3828]
2019-07-14 06:26:06,380 INFO  client.GrpcClientProtocolClient (GrpcClientProtocolClient.java:onNext(255)) - client-D2340BF4DD29->f9fecd82-c7ae-483e-b259-6428f2dfb240: receive RaftClientReply:client-D2340BF4DD29->f9fecd82-c7ae-483e-b259-6428f2dfb240@group-7DE138E597A5, cid=2564, SUCCESS, logIndex=0, commits[f9fecd82-c7ae-483e-b259-6428f2dfb240:c3834, adbfec77-7a0d-4773-aa56-ba0b778d0ab5:c3832, 90c45227-141f-43fe-b831-a2b91b39d6b0:c3832]
2019-07-14 06:26:06,409 INFO  client.GrpcClientProtocolClient (GrpcClientProtocolClient.java:onNext(255)) - client-D2340BF4DD29->f9fecd82-c7ae-483e-b259-6428f2dfb240: receive RaftClientReply:client-D2340BF4DD29->f9fecd82-c7ae-483e-b259-6428f2dfb240@group-7DE138E597A5, cid=2565, SUCCESS, logIndex=3835, commits[f9fecd82-c7ae-483e-b259-6428f2dfb240:c3838, adbfec77-7a0d-4773-aa56-ba0b778d0ab5:c3832, 90c45227-141f-43fe-b831-a2b91b39d6b0:c3834]
2019-07-14 06:26:06,410 INFO  client.GrpcClientProtocolClient (GrpcClientProtocolClient.java:onNext(255)) - client-D2340BF4DD29->f9fecd82-c7ae-483e-b259-6428f2dfb240: receive RaftClientReply:client-D2340BF4DD29->f9fecd82-c7ae-483e-b259-6428f2dfb240@group-7DE138E597A5, cid=2566, SUCCESS, logIndex=3836, commits[f9fecd82-c7ae-483e-b259-6428f2dfb240:c3838, adbfec77-7a0d-4773-aa56-ba0b778d0ab5:c3834, 90c45227-141f-43fe-b831-a2b91b39d6b0:c3834]
2019-07-14 06:26:06,410 INFO  client.GrpcClientProtocolClient (GrpcClientProtocolClient.java:onNext(255)) - client-D2340BF4DD29->f9fecd82-c7ae-483e-b259-6428f2dfb240: receive RaftClientReply:client-D2340BF4DD29->f9fecd82-c7ae-483e-b259-6428f2dfb240@group-7DE138E597A5, cid=2567, SUCCESS, logIndex=3837, commits[f9fecd82-c7ae-483e-b259-6428f2dfb240:c3838, adbfec77-7a0d-4773-aa56-ba0b778d0ab5:c3834, 90c45227-141f-43fe-b831-a2b91b39d6b0:c3834]
2019-07-14 06:26:06,410 INFO  client.GrpcClientProtocolClient (GrpcClientProtocolClient.java:onNext(255)) - client-D2340BF4DD29->f9fecd82-c7ae-483e-b259-6428f2dfb240: receive RaftClientReply:client-D2340BF4DD29->f9fecd82-c7ae-483e-b259-6428f2dfb240@group-7DE138E597A5, cid=2568, SUCCESS, logIndex=3838, commits[f9fecd82-c7ae-483e-b259-6428f2dfb240:c3838, adbfec77-7a0d-4773-aa56-ba0b778d0ab5:c3834, 90c45227-141f-43fe-b831-a2b91b39d6b0:c3834]
2019-07-14 06:26:06,411 INFO  client.GrpcClientProtocolClient (GrpcClientProtocolClient.java:onNext(255)) - client-D2340BF4DD29->f9fecd82-c7ae-483e-b259-6428f2dfb240: receive RaftClientReply:client-D2340BF4DD29->f9fecd82-c7ae-483e-b259-6428f2dfb240@group-7DE138E597A5, cid=2569, SUCCESS, logIndex=0, commits[f9fecd82-c7ae-483e-b259-6428f2dfb240:c3839, adbfec77-7a0d-4773-aa56-ba0b778d0ab5:c3836, 90c45227-141f-43fe-b831-a2b91b39d6b0:c3836]
2019-07-14 06:26:06,424 INFO  client.GrpcClientProtocolClient (GrpcClientProtocolClient.java:onNext(255)) - client-D2340BF4DD29->f9fecd82-c7ae-483e-b259-6428f2dfb240: receive RaftClientReply:client-D2340BF4DD29->f9fecd82-c7ae-483e-b259-6428f2dfb240@group-7DE138E597A5, cid=2570, SUCCESS, logIndex=3843, commits[f9fecd82-c7ae-483e-b259-6428f2dfb240:c3844, adbfec77-7a0d-4773-aa56-ba0b778d0ab5:c3838, 90c45227-141f-43fe-b831-a2b91b39d6b0:c3840]
2019-07-14 06:26:06,425 INFO  client.GrpcClientProtocolClient (GrpcClientProtocolClient.java:onNext(255)) - client-D2340BF4DD29->f9fecd82-c7ae-483e-b259-6428f2dfb240: receive RaftClientReply:client-D2340BF4DD29->f9fecd82-c7ae-483e-b259-6428f2dfb240@group-7DE138E597A5, cid=2571, SUCCESS, logIndex=3844, commits[f9fecd82-c7ae-483e-b259-6428f2dfb240:c3844, adbfec77-7a0d-4773-aa56-ba0b778d0ab5:c3840, 90c45227-141f-43fe-b831-a2b91b39d6b0:c3840]
2019-07-14 06:26:06,439 INFO  client.GrpcClientProtocolClient (GrpcClientProtocolClient.java:onNext(255)) - client-D2340BF4DD29->f9fecd82-c7ae-483e-b259-6428f2dfb240: receive RaftClientReply:client-D2340BF4DD29->f9fecd82-c7ae-483e-b259-6428f2dfb240@group-7DE138E597A5, cid=2572, SUCCESS, logIndex=3847, commits[f9fecd82-c7ae-483e-b259-6428f2dfb240:c3848, adbfec77-7a0d-4773-aa56-ba0b778d0ab5:c3845, 90c45227-141f-43fe-b831-a2b91b39d6b0:c3844]
2019-07-14 06:26:06,440 INFO  client.GrpcClientProtocolClient (GrpcClientProtocolClient.java:onNext(255)) - client-D2340BF4DD29->f9fecd82-c7ae-483e-b259-6428f2dfb240: receive RaftClientReply:client-D2340BF4DD29->f9fecd82-c7ae-483e-b259-6428f2dfb240@group-7DE138E597A5, cid=2573, SUCCESS, logIndex=3848, commits[f9fecd82-c7ae-483e-b259-6428f2dfb240:c3848, adbfec77-7a0d-4773-aa56-ba0b778d0ab5:c3845, 90c45227-141f-43fe-b831-a2b91b39d6b0:c3844]
2019-07-14 06:26:06,441 INFO  client.GrpcClientProtocolClient (GrpcClientProtocolClient.java:onNext(255)) - client-D2340BF4DD29->f9fecd82-c7ae-483e-b259-6428f2dfb240: receive RaftClientReply:client-D2340BF4DD29->f9fecd82-c7ae-483e-b259-6428f2dfb240@group-7DE138E597A5, cid=2574, SUCCESS, logIndex=0, commits[f9fecd82-c7ae-483e-b259-6428f2dfb240:c3849, adbfec77-7a0d-4773-aa56-ba0b778d0ab5:c3848, 90c45227-141f-43fe-b831-a2b91b39d6b0:c3848]
2019-07-14 06:26:06,461 INFO  client.GrpcClientProtocolClient (GrpcClientProtocolClient.java:onNext(255)) - client-D2340BF4DD29->f9fecd82-c7ae-483e-b259-6428f2dfb240: receive RaftClientReply:client-D2340BF4DD29->f9fecd82-c7ae-483e-b259-6428f2dfb240@group-7DE138E597A5, cid=2575, SUCCESS, logIndex=3850, commits[f9fecd82-c7ae-483e-b259-6428f2dfb240:c3851, adbfec77-7a0d-4773-aa56-ba0b778d0ab5:c3849, 90c45227-141f-43fe-b831-a2b91b39d6b0:c3848]
2019-07-14 06:26:06,462 INFO  client.GrpcClientProtocolClient (GrpcClientProtocolClient.java:onNext(255)) - client-D2340BF4DD29->f9fecd82-c7ae-483e-b259-6428f2dfb240: receive RaftClientReply:client-D2340BF4DD29->f9fecd82-c7ae-483e-b259-6428f2dfb240@group-7DE138E597A5, cid=2576, SUCCESS, logIndex=3851, commits[f9fecd82-c7ae-483e-b259-6428f2dfb240:c3851, adbfec77-7a0d-4773-aa56-ba0b778d0ab5:c3849, 90c45227-141f-43fe-b831-a2b91b39d6b0:c3848]
2019-07-14 06:26:06,463 INFO  client.GrpcClientProtocolClient (GrpcClientProtocolClient.java:onNext(255)) - client-D2340BF4DD29->f9fecd82-c7ae-483e-b259-6428f2dfb240: receive RaftClientReply:client-D2340BF4DD29->f9fecd82-c7ae-483e-b259-6428f2dfb240@group-7DE138E597A5, cid=2577, SUCCESS, logIndex=3852, commits[f9fecd82-c7ae-483e-b259-6428f2dfb240:c3853, adbfec77-7a0d-4773-aa56-ba0b778d0ab5:c3851, 90c45227-141f-43fe-b831-a2b91b39d6b0:c3848]
2019-07-14 06:26:06,463 INFO  client.GrpcClientProtocolClient (GrpcClientProtocolClient.java:onNext(255)) - client-D2340BF4DD29->f9fecd82-c7ae-483e-b259-6428f2dfb240: receive RaftClientReply:client-D2340BF4DD29->f9fecd82-c7ae-483e-b259-6428f2dfb240@group-7DE138E597A5, cid=2578, SUCCESS, logIndex=3853, commits[f9fecd82-c7ae-483e-b259-6428f2dfb240:c3855, adbfec77-7a0d-4773-aa56-ba0b778d0ab5:c3851, 90c45227-141f-43fe-b831-a2b91b39d6b0:c3848]
2019-07-14 06:26:06,465 INFO  client.GrpcClientProtocolClient (GrpcClientProtocolClient.java:onNext(255)) - client-D2340BF4DD29->f9fecd82-c7ae-483e-b259-6428f2dfb240: receive RaftClientReply:client-D2340BF4DD29->f9fecd82-c7ae-483e-b259-6428f2dfb240@group-7DE138E597A5, cid=2579, SUCCESS, logIndex=0, commits[f9fecd82-c7ae-483e-b259-6428f2dfb240:c3855, adbfec77-7a0d-4773-aa56-ba0b778d0ab5:c3851, 90c45227-141f-43fe-b831-a2b91b39d6b0:c3851]
2019-07-14 06:26:06,475 INFO  client.GrpcClientProtocolClient (GrpcClientProtocolClient.java:onNext(255)) - client-D2340BF4DD29->f9fecd82-c7ae-483e-b259-6428f2dfb240: receive RaftClientReply:client-D2340BF4DD29->f9fecd82-c7ae-483e-b259-6428f2dfb240@group-7DE138E597A5, cid=2580, SUCCESS, logIndex=3858, commits[f9fecd82-c7ae-483e-b259-6428f2dfb240:c3859, adbfec77-7a0d-4773-aa56-ba0b778d0ab5:c3857, 90c45227-141f-43fe-b831-a2b91b39d6b0:c3857]
2019-07-14 06:26:06,475 INFO  client.GrpcClientProtocolClient (GrpcClientProtocolClient.java:onNext(255)) - client-D2340BF4DD29->f9fecd82-c7ae-483e-b259-6428f2dfb240: receive RaftClientReply:client-D2340BF4DD29->f9fecd82-c7ae-483e-b259-6428f2dfb240@group-7DE138E597A5, cid=2581, SUCCESS, logIndex=3859, commits[f9fecd82-c7ae-483e-b259-6428f2dfb240:c3859, adbfec77-7a0d-4773-aa56-ba0b778d0ab5:c3857, 90c45227-141f-43fe-b831-a2b91b39d6b0:c3857]
2019-07-14 06:26:06,501 INFO  client.GrpcClientProtocolClient (GrpcClientProtocolClient.java:onNext(255)) - client-D2340BF4DD29->f9fecd82-c7ae-483e-b259-6428f2dfb240: receive RaftClientReply:client-D2340BF4DD29->f9fecd82-c7ae-483e-b259-6428f2dfb240@group-7DE138E597A5, cid=2582, SUCCESS, logIndex=3862, commits[f9fecd82-c7ae-483e-b259-6428f2dfb240:c3863, adbfec77-7a0d-4773-aa56-ba0b778d0ab5:c3861, 90c45227-141f-43fe-b831-a2b91b39d6b0:c3861]
2019-07-14 06:26:06,501 INFO  client.GrpcClientProtocolClient (GrpcClientProtocolClient.java:onNext(255)) - client-D2340BF4DD29->f9fecd82-c7ae-483e-b259-6428f2dfb240: receive RaftClientReply:client-D2340BF4DD29->f9fecd82-c7ae-483e-b259-6428f2dfb240@group-7DE138E597A5, cid=2583, SUCCESS, logIndex=3863, commits[f9fecd82-c7ae-483e-b259-6428f2dfb240:c3863, adbfec77-7a0d-4773-aa56-ba0b778d0ab5:c3861, 90c45227-141f-43fe-b831-a2b91b39d6b0:c3861]
2019-07-14 06:26:06,515 INFO  client.GrpcClientProtocolClient (GrpcClientProtocolClient.java:onNext(255)) - client-D2340BF4DD29->f9fecd82-c7ae-483e-b259-6428f2dfb240: receive RaftClientReply:client-D2340BF4DD29->f9fecd82-c7ae-483e-b259-6428f2dfb240@group-7DE138E597A5, cid=2584, SUCCESS, logIndex=0, commits[f9fecd82-c7ae-483e-b259-6428f2dfb240:c3864, adbfec77-7a0d-4773-aa56-ba0b778d0ab5:c3863, 90c45227-141f-43fe-b831-a2b91b39d6b0:c3863]
2019-07-14 06:26:06,543 INFO  client.GrpcClientProtocolClient (GrpcClientProtocolClient.java:onNext(255)) - client-D2340BF4DD29->f9fecd82-c7ae-483e-b259-6428f2dfb240: receive RaftClientReply:client-D2340BF4DD29->f9fecd82-c7ae-483e-b259-6428f2dfb240@group-7DE138E597A5, cid=2585, SUCCESS, logIndex=3866, commits[f9fecd82-c7ae-483e-b259-6428f2dfb240:c3867, adbfec77-7a0d-4773-aa56-ba0b778d0ab5:c3865, 90c45227-141f-43fe-b831-a2b91b39d6b0:c3865]
2019-07-14 06:26:06,544 INFO  client.GrpcClientProtocolClient (GrpcClientProtocolClient.java:onNext(255)) - client-D2340BF4DD29->f9fecd82-c7ae-483e-b259-6428f2dfb240: receive RaftClientReply:client-D2340BF4DD29->f9fecd82-c7ae-483e-b259-6428f2dfb240@group-7DE138E597A5, cid=2586, SUCCESS, logIndex=3867, commits[f9fecd82-c7ae-483e-b259-6428f2dfb240:c3869, adbfec77-7a0d-4773-aa56-ba0b778d0ab5:c3865, 90c45227-141f-43fe-b831-a2b91b39d6b0:c3865]
2019-07-14 06:26:06,545 INFO  client.GrpcClientProtocolClient (GrpcClientProtocolClient.java:onNext(255)) - client-D2340BF4DD29->f9fecd82-c7ae-483e-b259-6428f2dfb240: receive RaftClientReply:client-D2340BF4DD29->f9fecd82-c7ae-483e-b259-6428f2dfb240@group-7DE138E597A5, cid=2587, SUCCESS, logIndex=3868, commits[f9fecd82-c7ae-483e-b259-6428f2dfb240:c3869, adbfec77-7a0d-4773-aa56-ba0b778d0ab5:c3865, 90c45227-141f-43fe-b831-a2b91b39d6b0:c3865]
2019-07-14 06:26:06,545 INFO  client.GrpcClientProtocolClient (GrpcClientProtocolClient.java:onNext(255)) - client-D2340BF4DD29->f9fecd82-c7ae-483e-b259-6428f2dfb240: receive RaftClientReply:client-D2340BF4DD29->f9fecd82-c7ae-483e-b259-6428f2dfb240@group-7DE138E597A5, cid=2588, SUCCESS, logIndex=3869, commits[f9fecd82-c7ae-483e-b259-6428f2dfb240:c3869, adbfec77-7a0d-4773-aa56-ba0b778d0ab5:c3865, 90c45227-141f-43fe-b831-a2b91b39d6b0:c3865]
2019-07-14 06:26:06,546 INFO  client.GrpcClientProtocolClient (GrpcClientProtocolClient.java:onNext(255)) - client-D2340BF4DD29->f9fecd82-c7ae-483e-b259-6428f2dfb240: receive RaftClientReply:client-D2340BF4DD29->f9fecd82-c7ae-483e-b259-6428f2dfb240@group-7DE138E597A5, cid=2589, SUCCESS, logIndex=0, commits[f9fecd82-c7ae-483e-b259-6428f2dfb240:c3871, adbfec77-7a0d-4773-aa56-ba0b778d0ab5:c3867, 90c45227-141f-43fe-b831-a2b91b39d6b0:c3867]
2019-07-14 06:26:06,567 INFO  client.GrpcClientProtocolClient (GrpcClientProtocolClient.java:onNext(255)) - client-D2340BF4DD29->f9fecd82-c7ae-483e-b259-6428f2dfb240: receive RaftClientReply:client-D2340BF4DD29->f9fecd82-c7ae-483e-b259-6428f2dfb240@group-7DE138E597A5, cid=2590, SUCCESS, logIndex=3874, commits[f9fecd82-c7ae-483e-b259-6428f2dfb240:c3875, adbfec77-7a0d-4773-aa56-ba0b778d0ab5:c3873, 90c45227-141f-43fe-b831-a2b91b39d6b0:c3873]
2019-07-14 06:26:06,568 INFO  client.GrpcClientProtocolClient (GrpcClientProtocolClient.java:onNext(255)) - client-D2340BF4DD29->f9fecd82-c7ae-483e-b259-6428f2dfb240: receive RaftClientReply:client-D2340BF4DD29->f9fecd82-c7ae-483e-b259-6428f2dfb240@group-7DE138E597A5, cid=2591, SUCCESS, logIndex=3875, commits[f9fecd82-c7ae-483e-b259-6428f2dfb240:c3875, adbfec77-7a0d-4773-aa56-ba0b778d0ab5:c3873, 90c45227-141f-43fe-b831-a2b91b39d6b0:c3873]
2019-07-14 06:26:06,580 INFO  client.GrpcClientProtocolClient (GrpcClientProtocolClient.java:onNext(255)) - client-D2340BF4DD29->f9fecd82-c7ae-483e-b259-6428f2dfb240: receive RaftClientReply:client-D2340BF4DD29->f9fecd82-c7ae-483e-b259-6428f2dfb240@group-7DE138E597A5, cid=2592, SUCCESS, logIndex=3877, commits[f9fecd82-c7ae-483e-b259-6428f2dfb240:c3878, adbfec77-7a0d-4773-aa56-ba0b778d0ab5:c3875, 90c45227-141f-43fe-b831-a2b91b39d6b0:c3875]
2019-07-14 06:26:06,581 INFO  client.GrpcClientProtocolClient (GrpcClientProtocolClient.java:onNext(255)) - client-D2340BF4DD29->f9fecd82-c7ae-483e-b259-6428f2dfb240: receive RaftClientReply:client-D2340BF4DD29->f9fecd82-c7ae-483e-b259-6428f2dfb240@group-7DE138E597A5, cid=2593, SUCCESS, logIndex=3878, commits[f9fecd82-c7ae-483e-b259-6428f2dfb240:c3878, adbfec77-7a0d-4773-aa56-ba0b778d0ab5:c3875, 90c45227-141f-43fe-b831-a2b91b39d6b0:c3875]
2019-07-14 06:26:06,595 INFO  client.GrpcClientProtocolClient (GrpcClientProtocolClient.java:onNext(255)) - client-D2340BF4DD29->f9fecd82-c7ae-483e-b259-6428f2dfb240: receive RaftClientReply:client-D2340BF4DD29->f9fecd82-c7ae-483e-b259-6428f2dfb240@group-7DE138E597A5, cid=2594, SUCCESS, logIndex=0, commits[f9fecd82-c7ae-483e-b259-6428f2dfb240:c3880, adbfec77-7a0d-4773-aa56-ba0b778d0ab5:c3878, 90c45227-141f-43fe-b831-a2b91b39d6b0:c3878]
2019-07-14 06:26:06,636 INFO  client.GrpcClientProtocolClient (GrpcClientProtocolClient.java:onNext(255)) - client-D2340BF4DD29->f9fecd82-c7ae-483e-b259-6428f2dfb240: receive RaftClientReply:client-D2340BF4DD29->f9fecd82-c7ae-483e-b259-6428f2dfb240@group-7DE138E597A5, cid=2595, SUCCESS, logIndex=3881, commits[f9fecd82-c7ae-483e-b259-6428f2dfb240:c3884, adbfec77-7a0d-4773-aa56-ba0b778d0ab5:c3880, 90c45227-141f-43fe-b831-a2b91b39d6b0:c3878]
2019-07-14 06:26:06,637 INFO  client.GrpcClientProtocolClient (GrpcClientProtocolClient.java:onNext(255)) - client-D2340BF4DD29->f9fecd82-c7ae-483e-b259-6428f2dfb240: receive RaftClientReply:client-D2340BF4DD29->f9fecd82-c7ae-483e-b259-6428f2dfb240@group-7DE138E597A5, cid=2596, SUCCESS, logIndex=3882, commits[f9fecd82-c7ae-483e-b259-6428f2dfb240:c3884, adbfec77-7a0d-4773-aa56-ba0b778d0ab5:c3880, 90c45227-141f-43fe-b831-a2b91b39d6b0:c3880]
2019-07-14 06:26:06,637 INFO  client.GrpcClientProtocolClient (GrpcClientProtocolClient.java:onNext(255)) - client-D2340BF4DD29->f9fecd82-c7ae-483e-b259-6428f2dfb240: receive RaftClientReply:client-D2340BF4DD29->f9fecd82-c7ae-483e-b259-6428f2dfb240@group-7DE138E597A5, cid=2597, SUCCESS, logIndex=3883, commits[f9fecd82-c7ae-483e-b259-6428f2dfb240:c3884, adbfec77-7a0d-4773-aa56-ba0b778d0ab5:c3880, 90c45227-141f-43fe-b831-a2b91b39d6b0:c3880]
2019-07-14 06:26:06,638 INFO  client.GrpcClientProtocolClient (GrpcClientProtocolClient.java:onNext(255)) - client-D2340BF4DD29->f9fecd82-c7ae-483e-b259-6428f2dfb240: receive RaftClientReply:client-D2340BF4DD29->f9fecd82-c7ae-483e-b259-6428f2dfb240@group-7DE138E597A5, cid=2598, SUCCESS, logIndex=3884, commits[f9fecd82-c7ae-483e-b259-6428f2dfb240:c3884, adbfec77-7a0d-4773-aa56-ba0b778d0ab5:c3882, 90c45227-141f-43fe-b831-a2b91b39d6b0:c3880]
2019-07-14 06:26:06,639 INFO  client.GrpcClientProtocolClient (GrpcClientProtocolClient.java:onNext(255)) - client-D2340BF4DD29->f9fecd82-c7ae-483e-b259-6428f2dfb240: receive RaftClientReply:client-D2340BF4DD29->f9fecd82-c7ae-483e-b259-6428f2dfb240@group-7DE138E597A5, cid=2599, SUCCESS, logIndex=0, commits[f9fecd82-c7ae-483e-b259-6428f2dfb240:c3887, adbfec77-7a0d-4773-aa56-ba0b778d0ab5:c3882, 90c45227-141f-43fe-b831-a2b91b39d6b0:c3884]
2019-07-14 06:26:06,660 INFO  client.GrpcClientProtocolClient (GrpcClientProtocolClient.java:onNext(255)) - client-D2340BF4DD29->f9fecd82-c7ae-483e-b259-6428f2dfb240: receive RaftClientReply:client-D2340BF4DD29->f9fecd82-c7ae-483e-b259-6428f2dfb240@group-7DE138E597A5, cid=2600, SUCCESS, logIndex=3888, commits[f9fecd82-c7ae-483e-b259-6428f2dfb240:c3889, adbfec77-7a0d-4773-aa56-ba0b778d0ab5:c3887, 90c45227-141f-43fe-b831-a2b91b39d6b0:c3887]
2019-07-14 06:26:06,660 INFO  client.GrpcClientProtocolClient (GrpcClientProtocolClient.java:onNext(255)) - client-D2340BF4DD29->f9fecd82-c7ae-483e-b259-6428f2dfb240: receive RaftClientReply:client-D2340BF4DD29->f9fecd82-c7ae-483e-b259-6428f2dfb240@group-7DE138E597A5, cid=2601, SUCCESS, logIndex=3889, commits[f9fecd82-c7ae-483e-b259-6428f2dfb240:c3889, adbfec77-7a0d-4773-aa56-ba0b778d0ab5:c3887, 90c45227-141f-43fe-b831-a2b91b39d6b0:c3887]
2019-07-14 06:26:06,674 INFO  client.GrpcClientProtocolClient (GrpcClientProtocolClient.java:onNext(255)) - client-D2340BF4DD29->f9fecd82-c7ae-483e-b259-6428f2dfb240: receive RaftClientReply:client-D2340BF4DD29->f9fecd82-c7ae-483e-b259-6428f2dfb240@group-7DE138E597A5, cid=2602, SUCCESS, logIndex=3892, commits[f9fecd82-c7ae-483e-b259-6428f2dfb240:c3893, adbfec77-7a0d-4773-aa56-ba0b778d0ab5:c3889, 90c45227-141f-43fe-b831-a2b91b39d6b0:c3889]
2019-07-14 06:26:06,675 INFO  client.GrpcClientProtocolClient (GrpcClientProtocolClient.java:onNext(255)) - client-D2340BF4DD29->f9fecd82-c7ae-483e-b259-6428f2dfb240: receive RaftClientReply:client-D2340BF4DD29->f9fecd82-c7ae-483e-b259-6428f2dfb240@group-7DE138E597A5, cid=2603, SUCCESS, logIndex=3893, commits[f9fecd82-c7ae-483e-b259-6428f2dfb240:c3893, adbfec77-7a0d-4773-aa56-ba0b778d0ab5:c3889, 90c45227-141f-43fe-b831-a2b91b39d6b0:c3889]
2019-07-14 06:26:06,700 INFO  client.GrpcClientProtocolClient (GrpcClientProtocolClient.java:onNext(255)) - client-D2340BF4DD29->f9fecd82-c7ae-483e-b259-6428f2dfb240: receive RaftClientReply:client-D2340BF4DD29->f9fecd82-c7ae-483e-b259-6428f2dfb240@group-7DE138E597A5, cid=2604, SUCCESS, logIndex=0, commits[f9fecd82-c7ae-483e-b259-6428f2dfb240:c3895, adbfec77-7a0d-4773-aa56-ba0b778d0ab5:c3893, 90c45227-141f-43fe-b831-a2b91b39d6b0:c3893]
2019-07-14 06:26:06,725 INFO  client.GrpcClientProtocolClient (GrpcClientProtocolClient.java:onNext(255)) - client-D2340BF4DD29->f9fecd82-c7ae-483e-b259-6428f2dfb240: receive RaftClientReply:client-D2340BF4DD29->f9fecd82-c7ae-483e-b259-6428f2dfb240@group-7DE138E597A5, cid=2605, SUCCESS, logIndex=3896, commits[f9fecd82-c7ae-483e-b259-6428f2dfb240:c3897, adbfec77-7a0d-4773-aa56-ba0b778d0ab5:c3893, 90c45227-141f-43fe-b831-a2b91b39d6b0:c3895]
2019-07-14 06:26:06,726 INFO  client.GrpcClientProtocolClient (GrpcClientProtocolClient.java:onNext(255)) - client-D2340BF4DD29->f9fecd82-c7ae-483e-b259-6428f2dfb240: receive RaftClientReply:client-D2340BF4DD29->f9fecd82-c7ae-483e-b259-6428f2dfb240@group-7DE138E597A5, cid=2606, SUCCESS, logIndex=3897, commits[f9fecd82-c7ae-483e-b259-6428f2dfb240:c3897, adbfec77-7a0d-4773-aa56-ba0b778d0ab5:c3895, 90c45227-141f-43fe-b831-a2b91b39d6b0:c3895]
2019-07-14 06:26:06,727 INFO  client.GrpcClientProtocolClient (GrpcClientProtocolClient.java:onNext(255)) - client-D2340BF4DD29->f9fecd82-c7ae-483e-b259-6428f2dfb240: receive RaftClientReply:client-D2340BF4DD29->f9fecd82-c7ae-483e-b259-6428f2dfb240@group-7DE138E597A5, cid=2607, SUCCESS, logIndex=3898, commits[f9fecd82-c7ae-483e-b259-6428f2dfb240:c3899, adbfec77-7a0d-4773-aa56-ba0b778d0ab5:c3895, 90c45227-141f-43fe-b831-a2b91b39d6b0:c3895]
2019-07-14 06:26:06,728 INFO  client.GrpcClientProtocolClient (GrpcClientProtocolClient.java:onNext(255)) - client-D2340BF4DD29->f9fecd82-c7ae-483e-b259-6428f2dfb240: receive RaftClientReply:client-D2340BF4DD29->f9fecd82-c7ae-483e-b259-6428f2dfb240@group-7DE138E597A5, cid=2608, SUCCESS, logIndex=3899, commits[f9fecd82-c7ae-483e-b259-6428f2dfb240:c3899, adbfec77-7a0d-4773-aa56-ba0b778d0ab5:c3895, 90c45227-141f-43fe-b831-a2b91b39d6b0:c3895]
2019-07-14 06:26:06,734 INFO  client.GrpcClientProtocolClient (GrpcClientProtocolClient.java:onNext(255)) - client-D2340BF4DD29->f9fecd82-c7ae-483e-b259-6428f2dfb240: receive RaftClientReply:client-D2340BF4DD29->f9fecd82-c7ae-483e-b259-6428f2dfb240@group-7DE138E597A5, cid=2609, SUCCESS, logIndex=0, commits[f9fecd82-c7ae-483e-b259-6428f2dfb240:c3901, adbfec77-7a0d-4773-aa56-ba0b778d0ab5:c3897, 90c45227-141f-43fe-b831-a2b91b39d6b0:c3897]
2019-07-14 06:26:06,754 INFO  client.GrpcClientProtocolClient (GrpcClientProtocolClient.java:onNext(255)) - client-D2340BF4DD29->f9fecd82-c7ae-483e-b259-6428f2dfb240: receive RaftClientReply:client-D2340BF4DD29->f9fecd82-c7ae-483e-b259-6428f2dfb240@group-7DE138E597A5, cid=2610, SUCCESS, logIndex=3904, commits[f9fecd82-c7ae-483e-b259-6428f2dfb240:c3905, adbfec77-7a0d-4773-aa56-ba0b778d0ab5:c3903, 90c45227-141f-43fe-b831-a2b91b39d6b0:c3903]
2019-07-14 06:26:06,755 INFO  client.GrpcClientProtocolClient (GrpcClientProtocolClient.java:onNext(255)) - client-D2340BF4DD29->f9fecd82-c7ae-483e-b259-6428f2dfb240: receive RaftClientReply:client-D2340BF4DD29->f9fecd82-c7ae-483e-b259-6428f2dfb240@group-7DE138E597A5, cid=2611, SUCCESS, logIndex=3905, commits[f9fecd82-c7ae-483e-b259-6428f2dfb240:c3905, adbfec77-7a0d-4773-aa56-ba0b778d0ab5:c3903, 90c45227-141f-43fe-b831-a2b91b39d6b0:c3903]
2019-07-14 06:26:06,769 INFO  client.GrpcClientProtocolClient (GrpcClientProtocolClient.java:onNext(255)) - client-D2340BF4DD29->f9fecd82-c7ae-483e-b259-6428f2dfb240: receive RaftClientReply:client-D2340BF4DD29->f9fecd82-c7ae-483e-b259-6428f2dfb240@group-7DE138E597A5, cid=2612, SUCCESS, logIndex=3908, commits[f9fecd82-c7ae-483e-b259-6428f2dfb240:c3909, adbfec77-7a0d-4773-aa56-ba0b778d0ab5:c3905, 90c45227-141f-43fe-b831-a2b91b39d6b0:c3905]
2019-07-14 06:26:06,770 INFO  client.GrpcClientProtocolClient (GrpcClientProtocolClient.java:onNext(255)) - client-D2340BF4DD29->f9fecd82-c7ae-483e-b259-6428f2dfb240: receive RaftClientReply:client-D2340BF4DD29->f9fecd82-c7ae-483e-b259-6428f2dfb240@group-7DE138E597A5, cid=2613, SUCCESS, logIndex=3909, commits[f9fecd82-c7ae-483e-b259-6428f2dfb240:c3909, adbfec77-7a0d-4773-aa56-ba0b778d0ab5:c3905, 90c45227-141f-43fe-b831-a2b91b39d6b0:c3905]
2019-07-14 06:26:06,785 INFO  client.GrpcClientProtocolClient (GrpcClientProtocolClient.java:onNext(255)) - client-D2340BF4DD29->f9fecd82-c7ae-483e-b259-6428f2dfb240: receive RaftClientReply:client-D2340BF4DD29->f9fecd82-c7ae-483e-b259-6428f2dfb240@group-7DE138E597A5, cid=2614, SUCCESS, logIndex=0, commits[f9fecd82-c7ae-483e-b259-6428f2dfb240:c3910, adbfec77-7a0d-4773-aa56-ba0b778d0ab5:c3909, 90c45227-141f-43fe-b831-a2b91b39d6b0:c3909]
2019-07-14 06:26:06,821 INFO  client.GrpcClientProtocolClient (GrpcClientProtocolClient.java:onNext(255)) - client-D2340BF4DD29->f9fecd82-c7ae-483e-b259-6428f2dfb240: receive RaftClientReply:client-D2340BF4DD29->f9fecd82-c7ae-483e-b259-6428f2dfb240@group-7DE138E597A5, cid=2615, SUCCESS, logIndex=3912, commits[f9fecd82-c7ae-483e-b259-6428f2dfb240:c3915, adbfec77-7a0d-4773-aa56-ba0b778d0ab5:c3909, 90c45227-141f-43fe-b831-a2b91b39d6b0:c3911]
2019-07-14 06:26:06,821 INFO  client.GrpcClientProtocolClient (GrpcClientProtocolClient.java:onNext(255)) - client-D2340BF4DD29->f9fecd82-c7ae-483e-b259-6428f2dfb240: receive RaftClientReply:client-D2340BF4DD29->f9fecd82-c7ae-483e-b259-6428f2dfb240@group-7DE138E597A5, cid=2616, SUCCESS, logIndex=3913, commits[f9fecd82-c7ae-483e-b259-6428f2dfb240:c3915, adbfec77-7a0d-4773-aa56-ba0b778d0ab5:c3911, 90c45227-141f-43fe-b831-a2b91b39d6b0:c3911]
2019-07-14 06:26:06,822 INFO  client.GrpcClientProtocolClient (GrpcClientProtocolClient.java:onNext(255)) - client-D2340BF4DD29->f9fecd82-c7ae-483e-b259-6428f2dfb240: receive RaftClientReply:client-D2340BF4DD29->f9fecd82-c7ae-483e-b259-6428f2dfb240@group-7DE138E597A5, cid=2617, SUCCESS, logIndex=3914, commits[f9fecd82-c7ae-483e-b259-6428f2dfb240:c3915, adbfec77-7a0d-4773-aa56-ba0b778d0ab5:c3911, 90c45227-141f-43fe-b831-a2b91b39d6b0:c3911]
2019-07-14 06:26:06,822 INFO  client.GrpcClientProtocolClient (GrpcClientProtocolClient.java:onNext(255)) - client-D2340BF4DD29->f9fecd82-c7ae-483e-b259-6428f2dfb240: receive RaftClientReply:client-D2340BF4DD29->f9fecd82-c7ae-483e-b259-6428f2dfb240@group-7DE138E597A5, cid=2618, SUCCESS, logIndex=3915, commits[f9fecd82-c7ae-483e-b259-6428f2dfb240:c3915, adbfec77-7a0d-4773-aa56-ba0b778d0ab5:c3911, 90c45227-141f-43fe-b831-a2b91b39d6b0:c3911]
 0.00% |█                                                                                                    |  0/1 Time: 0:00:212019-07-14 06:26:06,973 INFO  client.GrpcClientProtocolClient (GrpcClientProtocolClient.java:onNext(255)) - client-D2340BF4DD29->f9fecd82-c7ae-483e-b259-6428f2dfb240: receive RaftClientReply:client-D2340BF4DD29->f9fecd82-c7ae-483e-b259-6428f2dfb240@group-7DE138E597A5, cid=2619, SUCCESS, logIndex=0, commits[f9fecd82-c7ae-483e-b259-6428f2dfb240:c3916, adbfec77-7a0d-4773-aa56-ba0b778d0ab5:c3915, 90c45227-141f-43fe-b831-a2b91b39d6b0:c3914]
2019-07-14 06:26:07,001 INFO  client.GrpcClientProtocolClient (GrpcClientProtocolClient.java:onNext(255)) - client-D2340BF4DD29->f9fecd82-c7ae-483e-b259-6428f2dfb240: receive RaftClientReply:client-D2340BF4DD29->f9fecd82-c7ae-483e-b259-6428f2dfb240@group-7DE138E597A5, cid=2620, SUCCESS, logIndex=3920, commits[f9fecd82-c7ae-483e-b259-6428f2dfb240:c3921, adbfec77-7a0d-4773-aa56-ba0b778d0ab5:c3919, 90c45227-141f-43fe-b831-a2b91b39d6b0:c3919]
2019-07-14 06:26:07,002 INFO  client.GrpcClientProtocolClient (GrpcClientProtocolClient.java:onNext(255)) - client-D2340BF4DD29->f9fecd82-c7ae-483e-b259-6428f2dfb240: receive RaftClientReply:client-D2340BF4DD29->f9fecd82-c7ae-483e-b259-6428f2dfb240@group-7DE138E597A5, cid=2621, SUCCESS, logIndex=3921, commits[f9fecd82-c7ae-483e-b259-6428f2dfb240:c3921, adbfec77-7a0d-4773-aa56-ba0b778d0ab5:c3919, 90c45227-141f-43fe-b831-a2b91b39d6b0:c3919]
2019-07-14 06:26:07,024 INFO  client.GrpcClientProtocolClient (GrpcClientProtocolClient.java:onNext(255)) - client-D2340BF4DD29->f9fecd82-c7ae-483e-b259-6428f2dfb240: receive RaftClientReply:client-D2340BF4DD29->f9fecd82-c7ae-483e-b259-6428f2dfb240@group-7DE138E597A5, cid=2622, SUCCESS, logIndex=3923, commits[f9fecd82-c7ae-483e-b259-6428f2dfb240:c3924, adbfec77-7a0d-4773-aa56-ba0b778d0ab5:c3921, 90c45227-141f-43fe-b831-a2b91b39d6b0:c3921]
2019-07-14 06:26:07,024 INFO  client.GrpcClientProtocolClient (GrpcClientProtocolClient.java:onNext(255)) - client-D2340BF4DD29->f9fecd82-c7ae-483e-b259-6428f2dfb240: receive RaftClientReply:client-D2340BF4DD29->f9fecd82-c7ae-483e-b259-6428f2dfb240@group-7DE138E597A5, cid=2623, SUCCESS, logIndex=3924, commits[f9fecd82-c7ae-483e-b259-6428f2dfb240:c3924, adbfec77-7a0d-4773-aa56-ba0b778d0ab5:c3921, 90c45227-141f-43fe-b831-a2b91b39d6b0:c3921]
2019-07-14 06:26:07,037 INFO  client.GrpcClientProtocolClient (GrpcClientProtocolClient.java:onNext(255)) - client-D2340BF4DD29->f9fecd82-c7ae-483e-b259-6428f2dfb240: receive RaftClientReply:client-D2340BF4DD29->f9fecd82-c7ae-483e-b259-6428f2dfb240@group-7DE138E597A5, cid=2624, SUCCESS, logIndex=0, commits[f9fecd82-c7ae-483e-b259-6428f2dfb240:c3926, adbfec77-7a0d-4773-aa56-ba0b778d0ab5:c3924, 90c45227-141f-43fe-b831-a2b91b39d6b0:c3924]
2019-07-14 06:26:07,071 INFO  client.GrpcClientProtocolClient (GrpcClientProtocolClient.java:onNext(255)) - client-D2340BF4DD29->f9fecd82-c7ae-483e-b259-6428f2dfb240: receive RaftClientReply:client-D2340BF4DD29->f9fecd82-c7ae-483e-b259-6428f2dfb240@group-7DE138E597A5, cid=2625, SUCCESS, logIndex=3927, commits[f9fecd82-c7ae-483e-b259-6428f2dfb240:c3929, adbfec77-7a0d-4773-aa56-ba0b778d0ab5:c3926, 90c45227-141f-43fe-b831-a2b91b39d6b0:c3926]
2019-07-14 06:26:07,072 INFO  client.GrpcClientProtocolClient (GrpcClientProtocolClient.java:onNext(255)) - client-D2340BF4DD29->f9fecd82-c7ae-483e-b259-6428f2dfb240: receive RaftClientReply:client-D2340BF4DD29->f9fecd82-c7ae-483e-b259-6428f2dfb240@group-7DE138E597A5, cid=2626, SUCCESS, logIndex=3928, commits[f9fecd82-c7ae-483e-b259-6428f2dfb240:c3930, adbfec77-7a0d-4773-aa56-ba0b778d0ab5:c3926, 90c45227-141f-43fe-b831-a2b91b39d6b0:c3926]
2019-07-14 06:26:07,072 INFO  client.GrpcClientProtocolClient (GrpcClientProtocolClient.java:onNext(255)) - client-D2340BF4DD29->f9fecd82-c7ae-483e-b259-6428f2dfb240: receive RaftClientReply:client-D2340BF4DD29->f9fecd82-c7ae-483e-b259-6428f2dfb240@group-7DE138E597A5, cid=2627, SUCCESS, logIndex=3929, commits[f9fecd82-c7ae-483e-b259-6428f2dfb240:c3931, adbfec77-7a0d-4773-aa56-ba0b778d0ab5:c3927, 90c45227-141f-43fe-b831-a2b91b39d6b0:c3926]
2019-07-14 06:26:07,073 INFO  client.GrpcClientProtocolClient (GrpcClientProtocolClient.java:onNext(255)) - client-D2340BF4DD29->f9fecd82-c7ae-483e-b259-6428f2dfb240: receive RaftClientReply:client-D2340BF4DD29->f9fecd82-c7ae-483e-b259-6428f2dfb240@group-7DE138E597A5, cid=2628, SUCCESS, logIndex=3930, commits[f9fecd82-c7ae-483e-b259-6428f2dfb240:c3931, adbfec77-7a0d-4773-aa56-ba0b778d0ab5:c3927, 90c45227-141f-43fe-b831-a2b91b39d6b0:c3926]
2019-07-14 06:26:07,074 INFO  client.GrpcClientProtocolClient (GrpcClientProtocolClient.java:onNext(255)) - client-D2340BF4DD29->f9fecd82-c7ae-483e-b259-6428f2dfb240: receive RaftClientReply:client-D2340BF4DD29->f9fecd82-c7ae-483e-b259-6428f2dfb240@group-7DE138E597A5, cid=2629, SUCCESS, logIndex=0, commits[f9fecd82-c7ae-483e-b259-6428f2dfb240:c3934, adbfec77-7a0d-4773-aa56-ba0b778d0ab5:c3930, 90c45227-141f-43fe-b831-a2b91b39d6b0:c3928]
2019-07-14 06:26:07,096 INFO  client.GrpcClientProtocolClient (GrpcClientProtocolClient.java:onNext(255)) - client-D2340BF4DD29->f9fecd82-c7ae-483e-b259-6428f2dfb240: receive RaftClientReply:client-D2340BF4DD29->f9fecd82-c7ae-483e-b259-6428f2dfb240@group-7DE138E597A5, cid=2630, SUCCESS, logIndex=3935, commits[f9fecd82-c7ae-483e-b259-6428f2dfb240:c3936, adbfec77-7a0d-4773-aa56-ba0b778d0ab5:c3934, 90c45227-141f-43fe-b831-a2b91b39d6b0:c3934]
2019-07-14 06:26:07,096 INFO  client.GrpcClientProtocolClient (GrpcClientProtocolClient.java:onNext(255)) - client-D2340BF4DD29->f9fecd82-c7ae-483e-b259-6428f2dfb240: receive RaftClientReply:client-D2340BF4DD29->f9fecd82-c7ae-483e-b259-6428f2dfb240@group-7DE138E597A5, cid=2631, SUCCESS, logIndex=3936, commits[f9fecd82-c7ae-483e-b259-6428f2dfb240:c3936, adbfec77-7a0d-4773-aa56-ba0b778d0ab5:c3934, 90c45227-141f-43fe-b831-a2b91b39d6b0:c3934]
2019-07-14 06:26:07,109 INFO  client.GrpcClientProtocolClient (GrpcClientProtocolClient.java:onNext(255)) - client-D2340BF4DD29->f9fecd82-c7ae-483e-b259-6428f2dfb240: receive RaftClientReply:client-D2340BF4DD29->f9fecd82-c7ae-483e-b259-6428f2dfb240@group-7DE138E597A5, cid=2632, SUCCESS, logIndex=3939, commits[f9fecd82-c7ae-483e-b259-6428f2dfb240:c3940, adbfec77-7a0d-4773-aa56-ba0b778d0ab5:c3936, 90c45227-141f-43fe-b831-a2b91b39d6b0:c3935]
2019-07-14 06:26:07,109 INFO  client.GrpcClientProtocolClient (GrpcClientProtocolClient.java:onNext(255)) - client-D2340BF4DD29->f9fecd82-c7ae-483e-b259-6428f2dfb240: receive RaftClientReply:client-D2340BF4DD29->f9fecd82-c7ae-483e-b259-6428f2dfb240@group-7DE138E597A5, cid=2633, SUCCESS, logIndex=3940, commits[f9fecd82-c7ae-483e-b259-6428f2dfb240:c3940, adbfec77-7a0d-4773-aa56-ba0b778d0ab5:c3936, 90c45227-141f-43fe-b831-a2b91b39d6b0:c3936]
2019-07-14 06:26:07,111 INFO  client.GrpcClientProtocolClient (GrpcClientProtocolClient.java:onNext(255)) - client-D2340BF4DD29->f9fecd82-c7ae-483e-b259-6428f2dfb240: receive RaftClientReply:client-D2340BF4DD29->f9fecd82-c7ae-483e-b259-6428f2dfb240@group-7DE138E597A5, cid=2634, SUCCESS, logIndex=0, commits[f9fecd82-c7ae-483e-b259-6428f2dfb240:c3941, adbfec77-7a0d-4773-aa56-ba0b778d0ab5:c3940, 90c45227-141f-43fe-b831-a2b91b39d6b0:c3940]
2019-07-14 06:26:07,143 INFO  client.GrpcClientProtocolClient (GrpcClientProtocolClient.java:onNext(255)) - client-D2340BF4DD29->f9fecd82-c7ae-483e-b259-6428f2dfb240: receive RaftClientReply:client-D2340BF4DD29->f9fecd82-c7ae-483e-b259-6428f2dfb240@group-7DE138E597A5, cid=2635, SUCCESS, logIndex=3943, commits[f9fecd82-c7ae-483e-b259-6428f2dfb240:c3945, adbfec77-7a0d-4773-aa56-ba0b778d0ab5:c3940, 90c45227-141f-43fe-b831-a2b91b39d6b0:c3942]
2019-07-14 06:26:07,144 INFO  client.GrpcClientProtocolClient (GrpcClientProtocolClient.java:onNext(255)) - client-D2340BF4DD29->f9fecd82-c7ae-483e-b259-6428f2dfb240: receive RaftClientReply:client-D2340BF4DD29->f9fecd82-c7ae-483e-b259-6428f2dfb240@group-7DE138E597A5, cid=2636, SUCCESS, logIndex=3944, commits[f9fecd82-c7ae-483e-b259-6428f2dfb240:c3946, adbfec77-7a0d-4773-aa56-ba0b778d0ab5:c3942, 90c45227-141f-43fe-b831-a2b91b39d6b0:c3942]
2019-07-14 06:26:07,144 INFO  client.GrpcClientProtocolClient (GrpcClientProtocolClient.java:onNext(255)) - client-D2340BF4DD29->f9fecd82-c7ae-483e-b259-6428f2dfb240: receive RaftClientReply:client-D2340BF4DD29->f9fecd82-c7ae-483e-b259-6428f2dfb240@group-7DE138E597A5, cid=2637, SUCCESS, logIndex=3945, commits[f9fecd82-c7ae-483e-b259-6428f2dfb240:c3946, adbfec77-7a0d-4773-aa56-ba0b778d0ab5:c3942, 90c45227-141f-43fe-b831-a2b91b39d6b0:c3942]
2019-07-14 06:26:07,145 INFO  client.GrpcClientProtocolClient (GrpcClientProtocolClient.java:onNext(255)) - client-D2340BF4DD29->f9fecd82-c7ae-483e-b259-6428f2dfb240: receive RaftClientReply:client-D2340BF4DD29->f9fecd82-c7ae-483e-b259-6428f2dfb240@group-7DE138E597A5, cid=2638, SUCCESS, logIndex=3946, commits[f9fecd82-c7ae-483e-b259-6428f2dfb240:c3946, adbfec77-7a0d-4773-aa56-ba0b778d0ab5:c3942, 90c45227-141f-43fe-b831-a2b91b39d6b0:c3942]
2019-07-14 06:26:07,155 INFO  client.GrpcClientProtocolClient (GrpcClientProtocolClient.java:onNext(255)) - client-D2340BF4DD29->f9fecd82-c7ae-483e-b259-6428f2dfb240: receive RaftClientReply:client-D2340BF4DD29->f9fecd82-c7ae-483e-b259-6428f2dfb240@group-7DE138E597A5, cid=2639, SUCCESS, logIndex=0, commits[f9fecd82-c7ae-483e-b259-6428f2dfb240:c3948, adbfec77-7a0d-4773-aa56-ba0b778d0ab5:c3944, 90c45227-141f-43fe-b831-a2b91b39d6b0:c3944]
2019-07-14 06:26:07,175 INFO  client.GrpcClientProtocolClient (GrpcClientProtocolClient.java:onNext(255)) - client-D2340BF4DD29->f9fecd82-c7ae-483e-b259-6428f2dfb240: receive RaftClientReply:client-D2340BF4DD29->f9fecd82-c7ae-483e-b259-6428f2dfb240@group-7DE138E597A5, cid=2640, SUCCESS, logIndex=3951, commits[f9fecd82-c7ae-483e-b259-6428f2dfb240:c3952, adbfec77-7a0d-4773-aa56-ba0b778d0ab5:c3950, 90c45227-141f-43fe-b831-a2b91b39d6b0:c3950]
2019-07-14 06:26:07,175 INFO  client.GrpcClientProtocolClient (GrpcClientProtocolClient.java:onNext(255)) - client-D2340BF4DD29->f9fecd82-c7ae-483e-b259-6428f2dfb240: receive RaftClientReply:client-D2340BF4DD29->f9fecd82-c7ae-483e-b259-6428f2dfb240@group-7DE138E597A5, cid=2641, SUCCESS, logIndex=3952, commits[f9fecd82-c7ae-483e-b259-6428f2dfb240:c3952, adbfec77-7a0d-4773-aa56-ba0b778d0ab5:c3950, 90c45227-141f-43fe-b831-a2b91b39d6b0:c3950]
2019-07-14 06:26:07,188 INFO  client.GrpcClientProtocolClient (GrpcClientProtocolClient.java:onNext(255)) - client-D2340BF4DD29->f9fecd82-c7ae-483e-b259-6428f2dfb240: receive RaftClientReply:client-D2340BF4DD29->f9fecd82-c7ae-483e-b259-6428f2dfb240@group-7DE138E597A5, cid=2642, SUCCESS, logIndex=3955, commits[f9fecd82-c7ae-483e-b259-6428f2dfb240:c3956, adbfec77-7a0d-4773-aa56-ba0b778d0ab5:c3952, 90c45227-141f-43fe-b831-a2b91b39d6b0:c3952]
2019-07-14 06:26:07,189 INFO  client.GrpcClientProtocolClient (GrpcClientProtocolClient.java:onNext(255)) - client-D2340BF4DD29->f9fecd82-c7ae-483e-b259-6428f2dfb240: receive RaftClientReply:client-D2340BF4DD29->f9fecd82-c7ae-483e-b259-6428f2dfb240@group-7DE138E597A5, cid=2643, SUCCESS, logIndex=3956, commits[f9fecd82-c7ae-483e-b259-6428f2dfb240:c3956, adbfec77-7a0d-4773-aa56-ba0b778d0ab5:c3952, 90c45227-141f-43fe-b831-a2b91b39d6b0:c3952]
2019-07-14 06:26:07,201 INFO  client.GrpcClientProtocolClient (GrpcClientProtocolClient.java:onNext(255)) - client-D2340BF4DD29->f9fecd82-c7ae-483e-b259-6428f2dfb240: receive RaftClientReply:client-D2340BF4DD29->f9fecd82-c7ae-483e-b259-6428f2dfb240@group-7DE138E597A5, cid=2644, SUCCESS, logIndex=0, commits[f9fecd82-c7ae-483e-b259-6428f2dfb240:c3958, adbfec77-7a0d-4773-aa56-ba0b778d0ab5:c3956, 90c45227-141f-43fe-b831-a2b91b39d6b0:c3956]
2019-07-14 06:26:07,231 INFO  client.GrpcClientProtocolClient (GrpcClientProtocolClient.java:onNext(255)) - client-D2340BF4DD29->f9fecd82-c7ae-483e-b259-6428f2dfb240: receive RaftClientReply:client-D2340BF4DD29->f9fecd82-c7ae-483e-b259-6428f2dfb240@group-7DE138E597A5, cid=2645, SUCCESS, logIndex=3959, commits[f9fecd82-c7ae-483e-b259-6428f2dfb240:c3960, adbfec77-7a0d-4773-aa56-ba0b778d0ab5:c3958, 90c45227-141f-43fe-b831-a2b91b39d6b0:c3958]
2019-07-14 06:26:07,231 INFO  client.GrpcClientProtocolClient (GrpcClientProtocolClient.java:onNext(255)) - client-D2340BF4DD29->f9fecd82-c7ae-483e-b259-6428f2dfb240: receive RaftClientReply:client-D2340BF4DD29->f9fecd82-c7ae-483e-b259-6428f2dfb240@group-7DE138E597A5, cid=2646, SUCCESS, logIndex=3960, commits[f9fecd82-c7ae-483e-b259-6428f2dfb240:c3960, adbfec77-7a0d-4773-aa56-ba0b778d0ab5:c3958, 90c45227-141f-43fe-b831-a2b91b39d6b0:c3958]
2019-07-14 06:26:07,235 INFO  client.GrpcClientProtocolClient (GrpcClientProtocolClient.java:onNext(255)) - client-D2340BF4DD29->f9fecd82-c7ae-483e-b259-6428f2dfb240: receive RaftClientReply:client-D2340BF4DD29->f9fecd82-c7ae-483e-b259-6428f2dfb240@group-7DE138E597A5, cid=2647, SUCCESS, logIndex=3961, commits[f9fecd82-c7ae-483e-b259-6428f2dfb240:c3961, adbfec77-7a0d-4773-aa56-ba0b778d0ab5:c3958, 90c45227-141f-43fe-b831-a2b91b39d6b0:c3958]
2019-07-14 06:26:07,236 INFO  client.GrpcClientProtocolClient (GrpcClientProtocolClient.java:onNext(255)) - client-D2340BF4DD29->f9fecd82-c7ae-483e-b259-6428f2dfb240: receive RaftClientReply:client-D2340BF4DD29->f9fecd82-c7ae-483e-b259-6428f2dfb240@group-7DE138E597A5, cid=2648, SUCCESS, logIndex=3962, commits[f9fecd82-c7ae-483e-b259-6428f2dfb240:c3964, adbfec77-7a0d-4773-aa56-ba0b778d0ab5:c3960, 90c45227-141f-43fe-b831-a2b91b39d6b0:c3960]
2019-07-14 06:26:07,259 INFO  client.GrpcClientProtocolClient (GrpcClientProtocolClient.java:onNext(255)) - client-D2340BF4DD29->f9fecd82-c7ae-483e-b259-6428f2dfb240: receive RaftClientReply:client-D2340BF4DD29->f9fecd82-c7ae-483e-b259-6428f2dfb240@group-7DE138E597A5, cid=2649, SUCCESS, logIndex=3966, commits[f9fecd82-c7ae-483e-b259-6428f2dfb240:c3967, adbfec77-7a0d-4773-aa56-ba0b778d0ab5:c3965, 90c45227-141f-43fe-b831-a2b91b39d6b0:c3965]
2019-07-14 06:26:07,260 INFO  client.GrpcClientProtocolClient (GrpcClientProtocolClient.java:onNext(255)) - client-D2340BF4DD29->f9fecd82-c7ae-483e-b259-6428f2dfb240: receive RaftClientReply:client-D2340BF4DD29->f9fecd82-c7ae-483e-b259-6428f2dfb240@group-7DE138E597A5, cid=2650, SUCCESS, logIndex=3967, commits[f9fecd82-c7ae-483e-b259-6428f2dfb240:c3967, adbfec77-7a0d-4773-aa56-ba0b778d0ab5:c3965, 90c45227-141f-43fe-b831-a2b91b39d6b0:c3965]
2019-07-14 06:26:07,283 INFO  client.GrpcClientProtocolClient (GrpcClientProtocolClient.java:onNext(255)) - client-D2340BF4DD29->f9fecd82-c7ae-483e-b259-6428f2dfb240: receive RaftClientReply:client-D2340BF4DD29->f9fecd82-c7ae-483e-b259-6428f2dfb240@group-7DE138E597A5, cid=2651, SUCCESS, logIndex=3970, commits[f9fecd82-c7ae-483e-b259-6428f2dfb240:c3971, adbfec77-7a0d-4773-aa56-ba0b778d0ab5:c3967, 90c45227-141f-43fe-b831-a2b91b39d6b0:c3966]
2019-07-14 06:26:07,284 INFO  client.GrpcClientProtocolClient (GrpcClientProtocolClient.java:onNext(255)) - client-D2340BF4DD29->f9fecd82-c7ae-483e-b259-6428f2dfb240: receive RaftClientReply:client-D2340BF4DD29->f9fecd82-c7ae-483e-b259-6428f2dfb240@group-7DE138E597A5, cid=2652, SUCCESS, logIndex=3971, commits[f9fecd82-c7ae-483e-b259-6428f2dfb240:c3971, adbfec77-7a0d-4773-aa56-ba0b778d0ab5:c3967, 90c45227-141f-43fe-b831-a2b91b39d6b0:c3967]
2019-07-14 06:26:07,286 INFO  client.GrpcClientProtocolClient (GrpcClientProtocolClient.java:onNext(255)) - client-D2340BF4DD29->f9fecd82-c7ae-483e-b259-6428f2dfb240: receive RaftClientReply:client-D2340BF4DD29->f9fecd82-c7ae-483e-b259-6428f2dfb240@group-7DE138E597A5, cid=2653, SUCCESS, logIndex=0, commits[f9fecd82-c7ae-483e-b259-6428f2dfb240:c3973, adbfec77-7a0d-4773-aa56-ba0b778d0ab5:c3971, 90c45227-141f-43fe-b831-a2b91b39d6b0:c3971]
2019-07-14 06:26:07,319 INFO  client.GrpcClientProtocolClient (GrpcClientProtocolClient.java:onNext(255)) - client-D2340BF4DD29->f9fecd82-c7ae-483e-b259-6428f2dfb240: receive RaftClientReply:client-D2340BF4DD29->f9fecd82-c7ae-483e-b259-6428f2dfb240@group-7DE138E597A5, cid=2654, SUCCESS, logIndex=3974, commits[f9fecd82-c7ae-483e-b259-6428f2dfb240:c3977, adbfec77-7a0d-4773-aa56-ba0b778d0ab5:c3973, 90c45227-141f-43fe-b831-a2b91b39d6b0:c3973]
2019-07-14 06:26:07,320 INFO  client.GrpcClientProtocolClient (GrpcClientProtocolClient.java:onNext(255)) - client-D2340BF4DD29->f9fecd82-c7ae-483e-b259-6428f2dfb240: receive RaftClientReply:client-D2340BF4DD29->f9fecd82-c7ae-483e-b259-6428f2dfb240@group-7DE138E597A5, cid=2655, SUCCESS, logIndex=3975, commits[f9fecd82-c7ae-483e-b259-6428f2dfb240:c3977, adbfec77-7a0d-4773-aa56-ba0b778d0ab5:c3973, 90c45227-141f-43fe-b831-a2b91b39d6b0:c3973]
2019-07-14 06:26:07,320 INFO  client.GrpcClientProtocolClient (GrpcClientProtocolClient.java:onNext(255)) - client-D2340BF4DD29->f9fecd82-c7ae-483e-b259-6428f2dfb240: receive RaftClientReply:client-D2340BF4DD29->f9fecd82-c7ae-483e-b259-6428f2dfb240@group-7DE138E597A5, cid=2656, SUCCESS, logIndex=3976, commits[f9fecd82-c7ae-483e-b259-6428f2dfb240:c3977, adbfec77-7a0d-4773-aa56-ba0b778d0ab5:c3973, 90c45227-141f-43fe-b831-a2b91b39d6b0:c3973]
2019-07-14 06:26:07,320 INFO  client.GrpcClientProtocolClient (GrpcClientProtocolClient.java:onNext(255)) - client-D2340BF4DD29->f9fecd82-c7ae-483e-b259-6428f2dfb240: receive RaftClientReply:client-D2340BF4DD29->f9fecd82-c7ae-483e-b259-6428f2dfb240@group-7DE138E597A5, cid=2657, SUCCESS, logIndex=3977, commits[f9fecd82-c7ae-483e-b259-6428f2dfb240:c3977, adbfec77-7a0d-4773-aa56-ba0b778d0ab5:c3973, 90c45227-141f-43fe-b831-a2b91b39d6b0:c3973]
2019-07-14 06:26:07,333 INFO  client.GrpcClientProtocolClient (GrpcClientProtocolClient.java:onNext(255)) - client-D2340BF4DD29->f9fecd82-c7ae-483e-b259-6428f2dfb240: receive RaftClientReply:client-D2340BF4DD29->f9fecd82-c7ae-483e-b259-6428f2dfb240@group-7DE138E597A5, cid=2658, SUCCESS, logIndex=0, commits[f9fecd82-c7ae-483e-b259-6428f2dfb240:c3979, adbfec77-7a0d-4773-aa56-ba0b778d0ab5:c3976, 90c45227-141f-43fe-b831-a2b91b39d6b0:c3975]
2019-07-14 06:26:07,352 INFO  client.GrpcClientProtocolClient (GrpcClientProtocolClient.java:onNext(255)) - client-D2340BF4DD29->f9fecd82-c7ae-483e-b259-6428f2dfb240: receive RaftClientReply:client-D2340BF4DD29->f9fecd82-c7ae-483e-b259-6428f2dfb240@group-7DE138E597A5, cid=2659, SUCCESS, logIndex=3982, commits[f9fecd82-c7ae-483e-b259-6428f2dfb240:c3983, adbfec77-7a0d-4773-aa56-ba0b778d0ab5:c3981, 90c45227-141f-43fe-b831-a2b91b39d6b0:c3981]
2019-07-14 06:26:07,353 INFO  client.GrpcClientProtocolClient (GrpcClientProtocolClient.java:onNext(255)) - client-D2340BF4DD29->f9fecd82-c7ae-483e-b259-6428f2dfb240: receive RaftClientReply:client-D2340BF4DD29->f9fecd82-c7ae-483e-b259-6428f2dfb240@group-7DE138E597A5, cid=2660, SUCCESS, logIndex=3983, commits[f9fecd82-c7ae-483e-b259-6428f2dfb240:c3983, adbfec77-7a0d-4773-aa56-ba0b778d0ab5:c3981, 90c45227-141f-43fe-b831-a2b91b39d6b0:c3981]
2019-07-14 06:26:07,379 INFO  client.GrpcClientProtocolClient (GrpcClientProtocolClient.java:onNext(255)) - client-D2340BF4DD29->f9fecd82-c7ae-483e-b259-6428f2dfb240: receive RaftClientReply:client-D2340BF4DD29->f9fecd82-c7ae-483e-b259-6428f2dfb240@group-7DE138E597A5, cid=2661, SUCCESS, logIndex=3986, commits[f9fecd82-c7ae-483e-b259-6428f2dfb240:c3987, adbfec77-7a0d-4773-aa56-ba0b778d0ab5:c3983, 90c45227-141f-43fe-b831-a2b91b39d6b0:c3983]
2019-07-14 06:26:07,380 INFO  client.GrpcClientProtocolClient (GrpcClientProtocolClient.java:onNext(255)) - client-D2340BF4DD29->f9fecd82-c7ae-483e-b259-6428f2dfb240: receive RaftClientReply:client-D2340BF4DD29->f9fecd82-c7ae-483e-b259-6428f2dfb240@group-7DE138E597A5, cid=2662, SUCCESS, logIndex=3987, commits[f9fecd82-c7ae-483e-b259-6428f2dfb240:c3987, adbfec77-7a0d-4773-aa56-ba0b778d0ab5:c3983, 90c45227-141f-43fe-b831-a2b91b39d6b0:c3983]
2019-07-14 06:26:07,392 INFO  client.GrpcClientProtocolClient (GrpcClientProtocolClient.java:onNext(255)) - client-D2340BF4DD29->f9fecd82-c7ae-483e-b259-6428f2dfb240: receive RaftClientReply:client-D2340BF4DD29->f9fecd82-c7ae-483e-b259-6428f2dfb240@group-7DE138E597A5, cid=2663, SUCCESS, logIndex=0, commits[f9fecd82-c7ae-483e-b259-6428f2dfb240:c3988, adbfec77-7a0d-4773-aa56-ba0b778d0ab5:c3987, 90c45227-141f-43fe-b831-a2b91b39d6b0:c3987]
2019-07-14 06:26:07,423 INFO  client.GrpcClientProtocolClient (GrpcClientProtocolClient.java:onNext(255)) - client-D2340BF4DD29->f9fecd82-c7ae-483e-b259-6428f2dfb240: receive RaftClientReply:client-D2340BF4DD29->f9fecd82-c7ae-483e-b259-6428f2dfb240@group-7DE138E597A5, cid=2664, SUCCESS, logIndex=3990, commits[f9fecd82-c7ae-483e-b259-6428f2dfb240:c3991, adbfec77-7a0d-4773-aa56-ba0b778d0ab5:c3989, 90c45227-141f-43fe-b831-a2b91b39d6b0:c3989]
2019-07-14 06:26:07,423 INFO  client.GrpcClientProtocolClient (GrpcClientProtocolClient.java:onNext(255)) - client-D2340BF4DD29->f9fecd82-c7ae-483e-b259-6428f2dfb240: receive RaftClientReply:client-D2340BF4DD29->f9fecd82-c7ae-483e-b259-6428f2dfb240@group-7DE138E597A5, cid=2665, SUCCESS, logIndex=3991, commits[f9fecd82-c7ae-483e-b259-6428f2dfb240:c3991, adbfec77-7a0d-4773-aa56-ba0b778d0ab5:c3989, 90c45227-141f-43fe-b831-a2b91b39d6b0:c3989]
2019-07-14 06:26:07,433 INFO  client.GrpcClientProtocolClient (GrpcClientProtocolClient.java:onNext(255)) - client-D2340BF4DD29->f9fecd82-c7ae-483e-b259-6428f2dfb240: receive RaftClientReply:client-D2340BF4DD29->f9fecd82-c7ae-483e-b259-6428f2dfb240@group-7DE138E597A5, cid=2666, SUCCESS, logIndex=3992, commits[f9fecd82-c7ae-483e-b259-6428f2dfb240:c3993, adbfec77-7a0d-4773-aa56-ba0b778d0ab5:c3989, 90c45227-141f-43fe-b831-a2b91b39d6b0:c3989]
2019-07-14 06:26:07,433 INFO  client.GrpcClientProtocolClient (GrpcClientProtocolClient.java:onNext(255)) - client-D2340BF4DD29->f9fecd82-c7ae-483e-b259-6428f2dfb240: receive RaftClientReply:client-D2340BF4DD29->f9fecd82-c7ae-483e-b259-6428f2dfb240@group-7DE138E597A5, cid=2667, SUCCESS, logIndex=3993, commits[f9fecd82-c7ae-483e-b259-6428f2dfb240:c3993, adbfec77-7a0d-4773-aa56-ba0b778d0ab5:c3989, 90c45227-141f-43fe-b831-a2b91b39d6b0:c3989]
2019-07-14 06:26:07,448 INFO  client.GrpcClientProtocolClient (GrpcClientProtocolClient.java:onNext(255)) - client-D2340BF4DD29->f9fecd82-c7ae-483e-b259-6428f2dfb240: receive RaftClientReply:client-D2340BF4DD29->f9fecd82-c7ae-483e-b259-6428f2dfb240@group-7DE138E597A5, cid=2668, SUCCESS, logIndex=0, commits[f9fecd82-c7ae-483e-b259-6428f2dfb240:c3995, adbfec77-7a0d-4773-aa56-ba0b778d0ab5:c3991, 90c45227-141f-43fe-b831-a2b91b39d6b0:c3991]
2019-07-14 06:26:07,461 INFO  client.GrpcClientProtocolClient (GrpcClientProtocolClient.java:onNext(255)) - client-D2340BF4DD29->f9fecd82-c7ae-483e-b259-6428f2dfb240: receive RaftClientReply:client-D2340BF4DD29->f9fecd82-c7ae-483e-b259-6428f2dfb240@group-7DE138E597A5, cid=2669, SUCCESS, logIndex=3998, commits[f9fecd82-c7ae-483e-b259-6428f2dfb240:c3999, adbfec77-7a0d-4773-aa56-ba0b778d0ab5:c3997, 90c45227-141f-43fe-b831-a2b91b39d6b0:c3991]
2019-07-14 06:26:07,462 INFO  client.GrpcClientProtocolClient (GrpcClientProtocolClient.java:onNext(255)) - client-D2340BF4DD29->f9fecd82-c7ae-483e-b259-6428f2dfb240: receive RaftClientReply:client-D2340BF4DD29->f9fecd82-c7ae-483e-b259-6428f2dfb240@group-7DE138E597A5, cid=2670, SUCCESS, logIndex=3999, commits[f9fecd82-c7ae-483e-b259-6428f2dfb240:c3999, adbfec77-7a0d-4773-aa56-ba0b778d0ab5:c3997, 90c45227-141f-43fe-b831-a2b91b39d6b0:c3997]
2019-07-14 06:26:07,484 INFO  client.GrpcClientProtocolClient (GrpcClientProtocolClient.java:onNext(255)) - client-D2340BF4DD29->f9fecd82-c7ae-483e-b259-6428f2dfb240: receive RaftClientReply:client-D2340BF4DD29->f9fecd82-c7ae-483e-b259-6428f2dfb240@group-7DE138E597A5, cid=2671, SUCCESS, logIndex=4002, commits[f9fecd82-c7ae-483e-b259-6428f2dfb240:c4003, adbfec77-7a0d-4773-aa56-ba0b778d0ab5:c3999, 90c45227-141f-43fe-b831-a2b91b39d6b0:c4001]
2019-07-14 06:26:07,484 INFO  client.GrpcClientProtocolClient (GrpcClientProtocolClient.java:onNext(255)) - client-D2340BF4DD29->f9fecd82-c7ae-483e-b259-6428f2dfb240: receive RaftClientReply:client-D2340BF4DD29->f9fecd82-c7ae-483e-b259-6428f2dfb240@group-7DE138E597A5, cid=2672, SUCCESS, logIndex=4003, commits[f9fecd82-c7ae-483e-b259-6428f2dfb240:c4003, adbfec77-7a0d-4773-aa56-ba0b778d0ab5:c4001, 90c45227-141f-43fe-b831-a2b91b39d6b0:c4001]
2019-07-14 06:26:07,487 INFO  client.GrpcClientProtocolClient (GrpcClientProtocolClient.java:onNext(255)) - client-D2340BF4DD29->f9fecd82-c7ae-483e-b259-6428f2dfb240: receive RaftClientReply:client-D2340BF4DD29->f9fecd82-c7ae-483e-b259-6428f2dfb240@group-7DE138E597A5, cid=2673, SUCCESS, logIndex=0, commits[f9fecd82-c7ae-483e-b259-6428f2dfb240:c4004, adbfec77-7a0d-4773-aa56-ba0b778d0ab5:c4003, 90c45227-141f-43fe-b831-a2b91b39d6b0:c4003]
2019-07-14 06:26:07,516 INFO  client.GrpcClientProtocolClient (GrpcClientProtocolClient.java:onNext(255)) - client-D2340BF4DD29->f9fecd82-c7ae-483e-b259-6428f2dfb240: receive RaftClientReply:client-D2340BF4DD29->f9fecd82-c7ae-483e-b259-6428f2dfb240@group-7DE138E597A5, cid=2674, SUCCESS, logIndex=4006, commits[f9fecd82-c7ae-483e-b259-6428f2dfb240:c4008, adbfec77-7a0d-4773-aa56-ba0b778d0ab5:c4005, 90c45227-141f-43fe-b831-a2b91b39d6b0:c4005]
2019-07-14 06:26:07,516 INFO  client.GrpcClientProtocolClient (GrpcClientProtocolClient.java:onNext(255)) - client-D2340BF4DD29->f9fecd82-c7ae-483e-b259-6428f2dfb240: receive RaftClientReply:client-D2340BF4DD29->f9fecd82-c7ae-483e-b259-6428f2dfb240@group-7DE138E597A5, cid=2675, SUCCESS, logIndex=4007, commits[f9fecd82-c7ae-483e-b259-6428f2dfb240:c4009, adbfec77-7a0d-4773-aa56-ba0b778d0ab5:c4005, 90c45227-141f-43fe-b831-a2b91b39d6b0:c4005]
2019-07-14 06:26:07,517 INFO  client.GrpcClientProtocolClient (GrpcClientProtocolClient.java:onNext(255)) - client-D2340BF4DD29->f9fecd82-c7ae-483e-b259-6428f2dfb240: receive RaftClientReply:client-D2340BF4DD29->f9fecd82-c7ae-483e-b259-6428f2dfb240@group-7DE138E597A5, cid=2676, SUCCESS, logIndex=4008, commits[f9fecd82-c7ae-483e-b259-6428f2dfb240:c4009, adbfec77-7a0d-4773-aa56-ba0b778d0ab5:c4005, 90c45227-141f-43fe-b831-a2b91b39d6b0:c4005]
2019-07-14 06:26:07,517 INFO  client.GrpcClientProtocolClient (GrpcClientProtocolClient.java:onNext(255)) - client-D2340BF4DD29->f9fecd82-c7ae-483e-b259-6428f2dfb240: receive RaftClientReply:client-D2340BF4DD29->f9fecd82-c7ae-483e-b259-6428f2dfb240@group-7DE138E597A5, cid=2677, SUCCESS, logIndex=4009, commits[f9fecd82-c7ae-483e-b259-6428f2dfb240:c4009, adbfec77-7a0d-4773-aa56-ba0b778d0ab5:c4005, 90c45227-141f-43fe-b831-a2b91b39d6b0:c4005]
2019-07-14 06:26:07,531 INFO  client.GrpcClientProtocolClient (GrpcClientProtocolClient.java:onNext(255)) - client-D2340BF4DD29->f9fecd82-c7ae-483e-b259-6428f2dfb240: receive RaftClientReply:client-D2340BF4DD29->f9fecd82-c7ae-483e-b259-6428f2dfb240@group-7DE138E597A5, cid=2678, SUCCESS, logIndex=0, commits[f9fecd82-c7ae-483e-b259-6428f2dfb240:c4011, adbfec77-7a0d-4773-aa56-ba0b778d0ab5:c4007, 90c45227-141f-43fe-b831-a2b91b39d6b0:c4007]
2019-07-14 06:26:07,547 INFO  client.GrpcClientProtocolClient (GrpcClientProtocolClient.java:onNext(255)) - client-D2340BF4DD29->f9fecd82-c7ae-483e-b259-6428f2dfb240: receive RaftClientReply:client-D2340BF4DD29->f9fecd82-c7ae-483e-b259-6428f2dfb240@group-7DE138E597A5, cid=2679, SUCCESS, logIndex=4014, commits[f9fecd82-c7ae-483e-b259-6428f2dfb240:c4015, adbfec77-7a0d-4773-aa56-ba0b778d0ab5:c4013, 90c45227-141f-43fe-b831-a2b91b39d6b0:c4013]
2019-07-14 06:26:07,547 INFO  client.GrpcClientProtocolClient (GrpcClientProtocolClient.java:onNext(255)) - client-D2340BF4DD29->f9fecd82-c7ae-483e-b259-6428f2dfb240: receive RaftClientReply:client-D2340BF4DD29->f9fecd82-c7ae-483e-b259-6428f2dfb240@group-7DE138E597A5, cid=2680, SUCCESS, logIndex=4015, commits[f9fecd82-c7ae-483e-b259-6428f2dfb240:c4015, adbfec77-7a0d-4773-aa56-ba0b778d0ab5:c4013, 90c45227-141f-43fe-b831-a2b91b39d6b0:c4013]
2019-07-14 06:26:07,563 INFO  client.GrpcClientProtocolClient (GrpcClientProtocolClient.java:onNext(255)) - client-D2340BF4DD29->f9fecd82-c7ae-483e-b259-6428f2dfb240: receive RaftClientReply:client-D2340BF4DD29->f9fecd82-c7ae-483e-b259-6428f2dfb240@group-7DE138E597A5, cid=2681, SUCCESS, logIndex=4018, commits[f9fecd82-c7ae-483e-b259-6428f2dfb240:c4019, adbfec77-7a0d-4773-aa56-ba0b778d0ab5:c4016, 90c45227-141f-43fe-b831-a2b91b39d6b0:c4015]
2019-07-14 06:26:07,564 INFO  client.GrpcClientProtocolClient (GrpcClientProtocolClient.java:onNext(255)) - client-D2340BF4DD29->f9fecd82-c7ae-483e-b259-6428f2dfb240: receive RaftClientReply:client-D2340BF4DD29->f9fecd82-c7ae-483e-b259-6428f2dfb240@group-7DE138E597A5, cid=2682, SUCCESS, logIndex=4019, commits[f9fecd82-c7ae-483e-b259-6428f2dfb240:c4019, adbfec77-7a0d-4773-aa56-ba0b778d0ab5:c4016, 90c45227-141f-43fe-b831-a2b91b39d6b0:c4015]
2019-07-14 06:26:07,577 INFO  client.GrpcClientProtocolClient (GrpcClientProtocolClient.java:onNext(255)) - client-D2340BF4DD29->f9fecd82-c7ae-483e-b259-6428f2dfb240: receive RaftClientReply:client-D2340BF4DD29->f9fecd82-c7ae-483e-b259-6428f2dfb240@group-7DE138E597A5, cid=2683, SUCCESS, logIndex=0, commits[f9fecd82-c7ae-483e-b259-6428f2dfb240:c4020, adbfec77-7a0d-4773-aa56-ba0b778d0ab5:c4019, 90c45227-141f-43fe-b831-a2b91b39d6b0:c4019]
2019-07-14 06:26:07,610 INFO  client.GrpcClientProtocolClient (GrpcClientProtocolClient.java:onNext(255)) - client-D2340BF4DD29->f9fecd82-c7ae-483e-b259-6428f2dfb240: receive RaftClientReply:client-D2340BF4DD29->f9fecd82-c7ae-483e-b259-6428f2dfb240@group-7DE138E597A5, cid=2684, SUCCESS, logIndex=4022, commits[f9fecd82-c7ae-483e-b259-6428f2dfb240:c4024, adbfec77-7a0d-4773-aa56-ba0b778d0ab5:c4021, 90c45227-141f-43fe-b831-a2b91b39d6b0:c4021]
2019-07-14 06:26:07,611 INFO  client.GrpcClientProtocolClient (GrpcClientProtocolClient.java:onNext(255)) - client-D2340BF4DD29->f9fecd82-c7ae-483e-b259-6428f2dfb240: receive RaftClientReply:client-D2340BF4DD29->f9fecd82-c7ae-483e-b259-6428f2dfb240@group-7DE138E597A5, cid=2685, SUCCESS, logIndex=4023, commits[f9fecd82-c7ae-483e-b259-6428f2dfb240:c4025, adbfec77-7a0d-4773-aa56-ba0b778d0ab5:c4021, 90c45227-141f-43fe-b831-a2b91b39d6b0:c4021]
2019-07-14 06:26:07,611 INFO  client.GrpcClientProtocolClient (GrpcClientProtocolClient.java:onNext(255)) - client-D2340BF4DD29->f9fecd82-c7ae-483e-b259-6428f2dfb240: receive RaftClientReply:client-D2340BF4DD29->f9fecd82-c7ae-483e-b259-6428f2dfb240@group-7DE138E597A5, cid=2686, SUCCESS, logIndex=4024, commits[f9fecd82-c7ae-483e-b259-6428f2dfb240:c4025, adbfec77-7a0d-4773-aa56-ba0b778d0ab5:c4021, 90c45227-141f-43fe-b831-a2b91b39d6b0:c4021]
2019-07-14 06:26:07,612 INFO  client.GrpcClientProtocolClient (GrpcClientProtocolClient.java:onNext(255)) - client-D2340BF4DD29->f9fecd82-c7ae-483e-b259-6428f2dfb240: receive RaftClientReply:client-D2340BF4DD29->f9fecd82-c7ae-483e-b259-6428f2dfb240@group-7DE138E597A5, cid=2687, SUCCESS, logIndex=4025, commits[f9fecd82-c7ae-483e-b259-6428f2dfb240:c4025, adbfec77-7a0d-4773-aa56-ba0b778d0ab5:c4021, 90c45227-141f-43fe-b831-a2b91b39d6b0:c4022]
2019-07-14 06:26:07,625 INFO  client.GrpcClientProtocolClient (GrpcClientProtocolClient.java:onNext(255)) - client-D2340BF4DD29->f9fecd82-c7ae-483e-b259-6428f2dfb240: receive RaftClientReply:client-D2340BF4DD29->f9fecd82-c7ae-483e-b259-6428f2dfb240@group-7DE138E597A5, cid=2688, SUCCESS, logIndex=0, commits[f9fecd82-c7ae-483e-b259-6428f2dfb240:c4027, adbfec77-7a0d-4773-aa56-ba0b778d0ab5:c4023, 90c45227-141f-43fe-b831-a2b91b39d6b0:c4023]
2019-07-14 06:26:07,648 INFO  client.GrpcClientProtocolClient (GrpcClientProtocolClient.java:onNext(255)) - client-D2340BF4DD29->f9fecd82-c7ae-483e-b259-6428f2dfb240: receive RaftClientReply:client-D2340BF4DD29->f9fecd82-c7ae-483e-b259-6428f2dfb240@group-7DE138E597A5, cid=2689, SUCCESS, logIndex=4030, commits[f9fecd82-c7ae-483e-b259-6428f2dfb240:c4031, adbfec77-7a0d-4773-aa56-ba0b778d0ab5:c4029, 90c45227-141f-43fe-b831-a2b91b39d6b0:c4029]
2019-07-14 06:26:07,648 INFO  client.GrpcClientProtocolClient (GrpcClientProtocolClient.java:onNext(255)) - client-D2340BF4DD29->f9fecd82-c7ae-483e-b259-6428f2dfb240: receive RaftClientReply:client-D2340BF4DD29->f9fecd82-c7ae-483e-b259-6428f2dfb240@group-7DE138E597A5, cid=2690, SUCCESS, logIndex=4031, commits[f9fecd82-c7ae-483e-b259-6428f2dfb240:c4031, adbfec77-7a0d-4773-aa56-ba0b778d0ab5:c4029, 90c45227-141f-43fe-b831-a2b91b39d6b0:c4029]
2019-07-14 06:26:07,674 INFO  client.GrpcClientProtocolClient (GrpcClientProtocolClient.java:onNext(255)) - client-D2340BF4DD29->f9fecd82-c7ae-483e-b259-6428f2dfb240: receive RaftClientReply:client-D2340BF4DD29->f9fecd82-c7ae-483e-b259-6428f2dfb240@group-7DE138E597A5, cid=2691, SUCCESS, logIndex=4034, commits[f9fecd82-c7ae-483e-b259-6428f2dfb240:c4035, adbfec77-7a0d-4773-aa56-ba0b778d0ab5:c4031, 90c45227-141f-43fe-b831-a2b91b39d6b0:c4031]
2019-07-14 06:26:07,675 INFO  client.GrpcClientProtocolClient (GrpcClientProtocolClient.java:onNext(255)) - client-D2340BF4DD29->f9fecd82-c7ae-483e-b259-6428f2dfb240: receive RaftClientReply:client-D2340BF4DD29->f9fecd82-c7ae-483e-b259-6428f2dfb240@group-7DE138E597A5, cid=2692, SUCCESS, logIndex=4035, commits[f9fecd82-c7ae-483e-b259-6428f2dfb240:c4035, adbfec77-7a0d-4773-aa56-ba0b778d0ab5:c4031, 90c45227-141f-43fe-b831-a2b91b39d6b0:c4031]
2019-07-14 06:26:07,701 INFO  client.GrpcClientProtocolClient (GrpcClientProtocolClient.java:onNext(255)) - client-D2340BF4DD29->f9fecd82-c7ae-483e-b259-6428f2dfb240: receive RaftClientReply:client-D2340BF4DD29->f9fecd82-c7ae-483e-b259-6428f2dfb240@group-7DE138E597A5, cid=2693, SUCCESS, logIndex=0, commits[f9fecd82-c7ae-483e-b259-6428f2dfb240:c4037, adbfec77-7a0d-4773-aa56-ba0b778d0ab5:c4035, 90c45227-141f-43fe-b831-a2b91b39d6b0:c4035]
2019-07-14 06:26:07,735 INFO  client.GrpcClientProtocolClient (GrpcClientProtocolClient.java:onNext(255)) - client-D2340BF4DD29->f9fecd82-c7ae-483e-b259-6428f2dfb240: receive RaftClientReply:client-D2340BF4DD29->f9fecd82-c7ae-483e-b259-6428f2dfb240@group-7DE138E597A5, cid=2694, SUCCESS, logIndex=4038, commits[f9fecd82-c7ae-483e-b259-6428f2dfb240:c4041, adbfec77-7a0d-4773-aa56-ba0b778d0ab5:c4037, 90c45227-141f-43fe-b831-a2b91b39d6b0:c4035]
2019-07-14 06:26:07,736 INFO  client.GrpcClientProtocolClient (GrpcClientProtocolClient.java:onNext(255)) - client-D2340BF4DD29->f9fecd82-c7ae-483e-b259-6428f2dfb240: receive RaftClientReply:client-D2340BF4DD29->f9fecd82-c7ae-483e-b259-6428f2dfb240@group-7DE138E597A5, cid=2695, SUCCESS, logIndex=4039, commits[f9fecd82-c7ae-483e-b259-6428f2dfb240:c4041, adbfec77-7a0d-4773-aa56-ba0b778d0ab5:c4037, 90c45227-141f-43fe-b831-a2b91b39d6b0:c4037]
2019-07-14 06:26:07,736 INFO  client.GrpcClientProtocolClient (GrpcClientProtocolClient.java:onNext(255)) - client-D2340BF4DD29->f9fecd82-c7ae-483e-b259-6428f2dfb240: receive RaftClientReply:client-D2340BF4DD29->f9fecd82-c7ae-483e-b259-6428f2dfb240@group-7DE138E597A5, cid=2696, SUCCESS, logIndex=4040, commits[f9fecd82-c7ae-483e-b259-6428f2dfb240:c4041, adbfec77-7a0d-4773-aa56-ba0b778d0ab5:c4037, 90c45227-141f-43fe-b831-a2b91b39d6b0:c4037]
2019-07-14 06:26:07,736 INFO  client.GrpcClientProtocolClient (GrpcClientProtocolClient.java:onNext(255)) - client-D2340BF4DD29->f9fecd82-c7ae-483e-b259-6428f2dfb240: receive RaftClientReply:client-D2340BF4DD29->f9fecd82-c7ae-483e-b259-6428f2dfb240@group-7DE138E597A5, cid=2697, SUCCESS, logIndex=4041, commits[f9fecd82-c7ae-483e-b259-6428f2dfb240:c4041, adbfec77-7a0d-4773-aa56-ba0b778d0ab5:c4037, 90c45227-141f-43fe-b831-a2b91b39d6b0:c4037]
2019-07-14 06:26:07,741 INFO  client.GrpcClientProtocolClient (GrpcClientProtocolClient.java:onNext(255)) - client-D2340BF4DD29->f9fecd82-c7ae-483e-b259-6428f2dfb240: receive RaftClientReply:client-D2340BF4DD29->f9fecd82-c7ae-483e-b259-6428f2dfb240@group-7DE138E597A5, cid=2698, SUCCESS, logIndex=0, commits[f9fecd82-c7ae-483e-b259-6428f2dfb240:c4043, adbfec77-7a0d-4773-aa56-ba0b778d0ab5:c4039, 90c45227-141f-43fe-b831-a2b91b39d6b0:c4039]
2019-07-14 06:26:07,778 INFO  client.GrpcClientProtocolClient (GrpcClientProtocolClient.java:onNext(255)) - client-D2340BF4DD29->f9fecd82-c7ae-483e-b259-6428f2dfb240: receive RaftClientReply:client-D2340BF4DD29->f9fecd82-c7ae-483e-b259-6428f2dfb240@group-7DE138E597A5, cid=2699, SUCCESS, logIndex=4046, commits[f9fecd82-c7ae-483e-b259-6428f2dfb240:c4047, adbfec77-7a0d-4773-aa56-ba0b778d0ab5:c4045, 90c45227-141f-43fe-b831-a2b91b39d6b0:c4045]
2019-07-14 06:26:07,778 INFO  client.GrpcClientProtocolClient (GrpcClientProtocolClient.java:onNext(255)) - client-D2340BF4DD29->f9fecd82-c7ae-483e-b259-6428f2dfb240: receive RaftClientReply:client-D2340BF4DD29->f9fecd82-c7ae-483e-b259-6428f2dfb240@group-7DE138E597A5, cid=2700, SUCCESS, logIndex=4047, commits[f9fecd82-c7ae-483e-b259-6428f2dfb240:c4047, adbfec77-7a0d-4773-aa56-ba0b778d0ab5:c4045, 90c45227-141f-43fe-b831-a2b91b39d6b0:c4045]
2019-07-14 06:26:07,804 INFO  client.GrpcClientProtocolClient (GrpcClientProtocolClient.java:onNext(255)) - client-D2340BF4DD29->f9fecd82-c7ae-483e-b259-6428f2dfb240: receive RaftClientReply:client-D2340BF4DD29->f9fecd82-c7ae-483e-b259-6428f2dfb240@group-7DE138E597A5, cid=2701, SUCCESS, logIndex=4050, commits[f9fecd82-c7ae-483e-b259-6428f2dfb240:c4051, adbfec77-7a0d-4773-aa56-ba0b778d0ab5:c4047, 90c45227-141f-43fe-b831-a2b91b39d6b0:c4047]
2019-07-14 06:26:07,805 INFO  client.GrpcClientProtocolClient (GrpcClientProtocolClient.java:onNext(255)) - client-D2340BF4DD29->f9fecd82-c7ae-483e-b259-6428f2dfb240: receive RaftClientReply:client-D2340BF4DD29->f9fecd82-c7ae-483e-b259-6428f2dfb240@group-7DE138E597A5, cid=2702, SUCCESS, logIndex=4051, commits[f9fecd82-c7ae-483e-b259-6428f2dfb240:c4051, adbfec77-7a0d-4773-aa56-ba0b778d0ab5:c4047, 90c45227-141f-43fe-b831-a2b91b39d6b0:c4047]
2019-07-14 06:26:07,816 INFO  client.GrpcClientProtocolClient (GrpcClientProtocolClient.java:onNext(255)) - client-D2340BF4DD29->f9fecd82-c7ae-483e-b259-6428f2dfb240: receive RaftClientReply:client-D2340BF4DD29->f9fecd82-c7ae-483e-b259-6428f2dfb240@group-7DE138E597A5, cid=2703, SUCCESS, logIndex=0, commits[f9fecd82-c7ae-483e-b259-6428f2dfb240:c4052, adbfec77-7a0d-4773-aa56-ba0b778d0ab5:c4051, 90c45227-141f-43fe-b831-a2b91b39d6b0:c4051]
2019-07-14 06:26:07,854 INFO  client.GrpcClientProtocolClient (GrpcClientProtocolClient.java:onNext(255)) - client-D2340BF4DD29->f9fecd82-c7ae-483e-b259-6428f2dfb240: receive RaftClientReply:client-D2340BF4DD29->f9fecd82-c7ae-483e-b259-6428f2dfb240@group-7DE138E597A5, cid=2704, SUCCESS, logIndex=4054, commits[f9fecd82-c7ae-483e-b259-6428f2dfb240:c4055, adbfec77-7a0d-4773-aa56-ba0b778d0ab5:c4053, 90c45227-141f-43fe-b831-a2b91b39d6b0:c4053]
2019-07-14 06:26:07,855 INFO  client.GrpcClientProtocolClient (GrpcClientProtocolClient.java:onNext(255)) - client-D2340BF4DD29->f9fecd82-c7ae-483e-b259-6428f2dfb240: receive RaftClientReply:client-D2340BF4DD29->f9fecd82-c7ae-483e-b259-6428f2dfb240@group-7DE138E597A5, cid=2705, SUCCESS, logIndex=4055, commits[f9fecd82-c7ae-483e-b259-6428f2dfb240:c4055, adbfec77-7a0d-4773-aa56-ba0b778d0ab5:c4053, 90c45227-141f-43fe-b831-a2b91b39d6b0:c4053]
2019-07-14 06:26:07,985 INFO  client.GrpcClientProtocolClient (GrpcClientProtocolClient.java:onNext(255)) - client-D2340BF4DD29->f9fecd82-c7ae-483e-b259-6428f2dfb240: receive RaftClientReply:client-D2340BF4DD29->f9fecd82-c7ae-483e-b259-6428f2dfb240@group-7DE138E597A5, cid=2706, SUCCESS, logIndex=4056, commits[f9fecd82-c7ae-483e-b259-6428f2dfb240:c4057, adbfec77-7a0d-4773-aa56-ba0b778d0ab5:c4053, 90c45227-141f-43fe-b831-a2b91b39d6b0:c4053]
 0.00% |█                                                                                                    |  0/1 Time: 0:00:222019-07-14 06:26:07,988 INFO  client.GrpcClientProtocolClient (GrpcClientProtocolClient.java:onNext(255)) - client-D2340BF4DD29->f9fecd82-c7ae-483e-b259-6428f2dfb240: receive RaftClientReply:client-D2340BF4DD29->f9fecd82-c7ae-483e-b259-6428f2dfb240@group-7DE138E597A5, cid=2707, SUCCESS, logIndex=4057, commits[f9fecd82-c7ae-483e-b259-6428f2dfb240:c4057, adbfec77-7a0d-4773-aa56-ba0b778d0ab5:c4053, 90c45227-141f-43fe-b831-a2b91b39d6b0:c4053]
2019-07-14 06:26:07,989 INFO  client.GrpcClientProtocolClient (GrpcClientProtocolClient.java:onNext(255)) - client-D2340BF4DD29->f9fecd82-c7ae-483e-b259-6428f2dfb240: receive RaftClientReply:client-D2340BF4DD29->f9fecd82-c7ae-483e-b259-6428f2dfb240@group-7DE138E597A5, cid=2708, SUCCESS, logIndex=0, commits[f9fecd82-c7ae-483e-b259-6428f2dfb240:c4059, adbfec77-7a0d-4773-aa56-ba0b778d0ab5:c4055, 90c45227-141f-43fe-b831-a2b91b39d6b0:c4055]
2019-07-14 06:26:08,028 INFO  client.GrpcClientProtocolClient (GrpcClientProtocolClient.java:onNext(255)) - client-D2340BF4DD29->f9fecd82-c7ae-483e-b259-6428f2dfb240: receive RaftClientReply:client-D2340BF4DD29->f9fecd82-c7ae-483e-b259-6428f2dfb240@group-7DE138E597A5, cid=2709, SUCCESS, logIndex=4062, commits[f9fecd82-c7ae-483e-b259-6428f2dfb240:c4063, adbfec77-7a0d-4773-aa56-ba0b778d0ab5:c4059, 90c45227-141f-43fe-b831-a2b91b39d6b0:c4059]
2019-07-14 06:26:08,029 INFO  client.GrpcClientProtocolClient (GrpcClientProtocolClient.java:onNext(255)) - client-D2340BF4DD29->f9fecd82-c7ae-483e-b259-6428f2dfb240: receive RaftClientReply:client-D2340BF4DD29->f9fecd82-c7ae-483e-b259-6428f2dfb240@group-7DE138E597A5, cid=2710, SUCCESS, logIndex=4063, commits[f9fecd82-c7ae-483e-b259-6428f2dfb240:c4063, adbfec77-7a0d-4773-aa56-ba0b778d0ab5:c4059, 90c45227-141f-43fe-b831-a2b91b39d6b0:c4059]
2019-07-14 06:26:08,054 INFO  client.GrpcClientProtocolClient (GrpcClientProtocolClient.java:onNext(255)) - client-D2340BF4DD29->f9fecd82-c7ae-483e-b259-6428f2dfb240: receive RaftClientReply:client-D2340BF4DD29->f9fecd82-c7ae-483e-b259-6428f2dfb240@group-7DE138E597A5, cid=2711, SUCCESS, logIndex=4065, commits[f9fecd82-c7ae-483e-b259-6428f2dfb240:c4066, adbfec77-7a0d-4773-aa56-ba0b778d0ab5:c4063, 90c45227-141f-43fe-b831-a2b91b39d6b0:c4063]
2019-07-14 06:26:08,054 INFO  client.GrpcClientProtocolClient (GrpcClientProtocolClient.java:onNext(255)) - client-D2340BF4DD29->f9fecd82-c7ae-483e-b259-6428f2dfb240: receive RaftClientReply:client-D2340BF4DD29->f9fecd82-c7ae-483e-b259-6428f2dfb240@group-7DE138E597A5, cid=2712, SUCCESS, logIndex=4066, commits[f9fecd82-c7ae-483e-b259-6428f2dfb240:c4066, adbfec77-7a0d-4773-aa56-ba0b778d0ab5:c4063, 90c45227-141f-43fe-b831-a2b91b39d6b0:c4063]
2019-07-14 06:26:08,056 INFO  client.GrpcClientProtocolClient (GrpcClientProtocolClient.java:onNext(255)) - client-D2340BF4DD29->f9fecd82-c7ae-483e-b259-6428f2dfb240: receive RaftClientReply:client-D2340BF4DD29->f9fecd82-c7ae-483e-b259-6428f2dfb240@group-7DE138E597A5, cid=2713, SUCCESS, logIndex=0, commits[f9fecd82-c7ae-483e-b259-6428f2dfb240:c4067, adbfec77-7a0d-4773-aa56-ba0b778d0ab5:c4066, 90c45227-141f-43fe-b831-a2b91b39d6b0:c4066]
2019-07-14 06:26:08,088 INFO  client.GrpcClientProtocolClient (GrpcClientProtocolClient.java:onNext(255)) - client-D2340BF4DD29->f9fecd82-c7ae-483e-b259-6428f2dfb240: receive RaftClientReply:client-D2340BF4DD29->f9fecd82-c7ae-483e-b259-6428f2dfb240@group-7DE138E597A5, cid=2714, SUCCESS, logIndex=4069, commits[f9fecd82-c7ae-483e-b259-6428f2dfb240:c4070, adbfec77-7a0d-4773-aa56-ba0b778d0ab5:c4068, 90c45227-141f-43fe-b831-a2b91b39d6b0:c4068]
2019-07-14 06:26:08,088 INFO  client.GrpcClientProtocolClient (GrpcClientProtocolClient.java:onNext(255)) - client-D2340BF4DD29->f9fecd82-c7ae-483e-b259-6428f2dfb240: receive RaftClientReply:client-D2340BF4DD29->f9fecd82-c7ae-483e-b259-6428f2dfb240@group-7DE138E597A5, cid=2715, SUCCESS, logIndex=4070, commits[f9fecd82-c7ae-483e-b259-6428f2dfb240:c4070, adbfec77-7a0d-4773-aa56-ba0b778d0ab5:c4068, 90c45227-141f-43fe-b831-a2b91b39d6b0:c4068]
2019-07-14 06:26:08,097 INFO  client.GrpcClientProtocolClient (GrpcClientProtocolClient.java:onNext(255)) - client-D2340BF4DD29->f9fecd82-c7ae-483e-b259-6428f2dfb240: receive RaftClientReply:client-D2340BF4DD29->f9fecd82-c7ae-483e-b259-6428f2dfb240@group-7DE138E597A5, cid=2716, SUCCESS, logIndex=4071, commits[f9fecd82-c7ae-483e-b259-6428f2dfb240:c4072, adbfec77-7a0d-4773-aa56-ba0b778d0ab5:c4068, 90c45227-141f-43fe-b831-a2b91b39d6b0:c4068]
2019-07-14 06:26:08,098 INFO  client.GrpcClientProtocolClient (GrpcClientProtocolClient.java:onNext(255)) - client-D2340BF4DD29->f9fecd82-c7ae-483e-b259-6428f2dfb240: receive RaftClientReply:client-D2340BF4DD29->f9fecd82-c7ae-483e-b259-6428f2dfb240@group-7DE138E597A5, cid=2717, SUCCESS, logIndex=4072, commits[f9fecd82-c7ae-483e-b259-6428f2dfb240:c4072, adbfec77-7a0d-4773-aa56-ba0b778d0ab5:c4068, 90c45227-141f-43fe-b831-a2b91b39d6b0:c4068]
2019-07-14 06:26:08,100 INFO  client.GrpcClientProtocolClient (GrpcClientProtocolClient.java:onNext(255)) - client-D2340BF4DD29->f9fecd82-c7ae-483e-b259-6428f2dfb240: receive RaftClientReply:client-D2340BF4DD29->f9fecd82-c7ae-483e-b259-6428f2dfb240@group-7DE138E597A5, cid=2718, SUCCESS, logIndex=0, commits[f9fecd82-c7ae-483e-b259-6428f2dfb240:c4072, adbfec77-7a0d-4773-aa56-ba0b778d0ab5:c4070, 90c45227-141f-43fe-b831-a2b91b39d6b0:c4070]
2019-07-14 06:26:08,126 INFO  client.GrpcClientProtocolClient (GrpcClientProtocolClient.java:onNext(255)) - client-D2340BF4DD29->f9fecd82-c7ae-483e-b259-6428f2dfb240: receive RaftClientReply:client-D2340BF4DD29->f9fecd82-c7ae-483e-b259-6428f2dfb240@group-7DE138E597A5, cid=2719, SUCCESS, logIndex=4077, commits[f9fecd82-c7ae-483e-b259-6428f2dfb240:c4078, adbfec77-7a0d-4773-aa56-ba0b778d0ab5:c4072, 90c45227-141f-43fe-b831-a2b91b39d6b0:c4072]
2019-07-14 06:26:08,126 INFO  client.GrpcClientProtocolClient (GrpcClientProtocolClient.java:onNext(255)) - client-D2340BF4DD29->f9fecd82-c7ae-483e-b259-6428f2dfb240: receive RaftClientReply:client-D2340BF4DD29->f9fecd82-c7ae-483e-b259-6428f2dfb240@group-7DE138E597A5, cid=2720, SUCCESS, logIndex=4078, commits[f9fecd82-c7ae-483e-b259-6428f2dfb240:c4078, adbfec77-7a0d-4773-aa56-ba0b778d0ab5:c4072, 90c45227-141f-43fe-b831-a2b91b39d6b0:c4072]
2019-07-14 06:26:08,158 INFO  client.GrpcClientProtocolClient (GrpcClientProtocolClient.java:onNext(255)) - client-D2340BF4DD29->f9fecd82-c7ae-483e-b259-6428f2dfb240: receive RaftClientReply:client-D2340BF4DD29->f9fecd82-c7ae-483e-b259-6428f2dfb240@group-7DE138E597A5, cid=2721, SUCCESS, logIndex=4081, commits[f9fecd82-c7ae-483e-b259-6428f2dfb240:c4082, adbfec77-7a0d-4773-aa56-ba0b778d0ab5:c4078, 90c45227-141f-43fe-b831-a2b91b39d6b0:c4078]
2019-07-14 06:26:08,160 INFO  client.GrpcClientProtocolClient (GrpcClientProtocolClient.java:onNext(255)) - client-D2340BF4DD29->f9fecd82-c7ae-483e-b259-6428f2dfb240: receive RaftClientReply:client-D2340BF4DD29->f9fecd82-c7ae-483e-b259-6428f2dfb240@group-7DE138E597A5, cid=2722, SUCCESS, logIndex=4082, commits[f9fecd82-c7ae-483e-b259-6428f2dfb240:c4082, adbfec77-7a0d-4773-aa56-ba0b778d0ab5:c4078, 90c45227-141f-43fe-b831-a2b91b39d6b0:c4078]
2019-07-14 06:26:08,171 INFO  client.GrpcClientProtocolClient (GrpcClientProtocolClient.java:onNext(255)) - client-D2340BF4DD29->f9fecd82-c7ae-483e-b259-6428f2dfb240: receive RaftClientReply:client-D2340BF4DD29->f9fecd82-c7ae-483e-b259-6428f2dfb240@group-7DE138E597A5, cid=2723, SUCCESS, logIndex=0, commits[f9fecd82-c7ae-483e-b259-6428f2dfb240:c4083, adbfec77-7a0d-4773-aa56-ba0b778d0ab5:c4082, 90c45227-141f-43fe-b831-a2b91b39d6b0:c4082]
2019-07-14 06:26:08,202 INFO  client.GrpcClientProtocolClient (GrpcClientProtocolClient.java:onNext(255)) - client-D2340BF4DD29->f9fecd82-c7ae-483e-b259-6428f2dfb240: receive RaftClientReply:client-D2340BF4DD29->f9fecd82-c7ae-483e-b259-6428f2dfb240@group-7DE138E597A5, cid=2724, SUCCESS, logIndex=4085, commits[f9fecd82-c7ae-483e-b259-6428f2dfb240:c4086, adbfec77-7a0d-4773-aa56-ba0b778d0ab5:c4084, 90c45227-141f-43fe-b831-a2b91b39d6b0:c4084]
2019-07-14 06:26:08,203 INFO  client.GrpcClientProtocolClient (GrpcClientProtocolClient.java:onNext(255)) - client-D2340BF4DD29->f9fecd82-c7ae-483e-b259-6428f2dfb240: receive RaftClientReply:client-D2340BF4DD29->f9fecd82-c7ae-483e-b259-6428f2dfb240@group-7DE138E597A5, cid=2725, SUCCESS, logIndex=4086, commits[f9fecd82-c7ae-483e-b259-6428f2dfb240:c4088, adbfec77-7a0d-4773-aa56-ba0b778d0ab5:c4084, 90c45227-141f-43fe-b831-a2b91b39d6b0:c4084]
2019-07-14 06:26:08,203 INFO  client.GrpcClientProtocolClient (GrpcClientProtocolClient.java:onNext(255)) - client-D2340BF4DD29->f9fecd82-c7ae-483e-b259-6428f2dfb240: receive RaftClientReply:client-D2340BF4DD29->f9fecd82-c7ae-483e-b259-6428f2dfb240@group-7DE138E597A5, cid=2726, SUCCESS, logIndex=4087, commits[f9fecd82-c7ae-483e-b259-6428f2dfb240:c4088, adbfec77-7a0d-4773-aa56-ba0b778d0ab5:c4084, 90c45227-141f-43fe-b831-a2b91b39d6b0:c4084]
2019-07-14 06:26:08,203 INFO  client.GrpcClientProtocolClient (GrpcClientProtocolClient.java:onNext(255)) - client-D2340BF4DD29->f9fecd82-c7ae-483e-b259-6428f2dfb240: receive RaftClientReply:client-D2340BF4DD29->f9fecd82-c7ae-483e-b259-6428f2dfb240@group-7DE138E597A5, cid=2727, SUCCESS, logIndex=4088, commits[f9fecd82-c7ae-483e-b259-6428f2dfb240:c4088, adbfec77-7a0d-4773-aa56-ba0b778d0ab5:c4084, 90c45227-141f-43fe-b831-a2b91b39d6b0:c4084]
2019-07-14 06:26:08,215 INFO  client.GrpcClientProtocolClient (GrpcClientProtocolClient.java:onNext(255)) - client-D2340BF4DD29->f9fecd82-c7ae-483e-b259-6428f2dfb240: receive RaftClientReply:client-D2340BF4DD29->f9fecd82-c7ae-483e-b259-6428f2dfb240@group-7DE138E597A5, cid=2728, SUCCESS, logIndex=0, commits[f9fecd82-c7ae-483e-b259-6428f2dfb240:c4090, adbfec77-7a0d-4773-aa56-ba0b778d0ab5:c4086, 90c45227-141f-43fe-b831-a2b91b39d6b0:c4086]
2019-07-14 06:26:08,229 INFO  client.GrpcClientProtocolClient (GrpcClientProtocolClient.java:onNext(255)) - client-D2340BF4DD29->f9fecd82-c7ae-483e-b259-6428f2dfb240: receive RaftClientReply:client-D2340BF4DD29->f9fecd82-c7ae-483e-b259-6428f2dfb240@group-7DE138E597A5, cid=2729, SUCCESS, logIndex=4093, commits[f9fecd82-c7ae-483e-b259-6428f2dfb240:c4094, adbfec77-7a0d-4773-aa56-ba0b778d0ab5:c4092, 90c45227-141f-43fe-b831-a2b91b39d6b0:c4092]
2019-07-14 06:26:08,230 INFO  client.GrpcClientProtocolClient (GrpcClientProtocolClient.java:onNext(255)) - client-D2340BF4DD29->f9fecd82-c7ae-483e-b259-6428f2dfb240: receive RaftClientReply:client-D2340BF4DD29->f9fecd82-c7ae-483e-b259-6428f2dfb240@group-7DE138E597A5, cid=2730, SUCCESS, logIndex=4094, commits[f9fecd82-c7ae-483e-b259-6428f2dfb240:c4094, adbfec77-7a0d-4773-aa56-ba0b778d0ab5:c4092, 90c45227-141f-43fe-b831-a2b91b39d6b0:c4092]
2019-07-14 06:26:08,264 INFO  client.GrpcClientProtocolClient (GrpcClientProtocolClient.java:onNext(255)) - client-D2340BF4DD29->f9fecd82-c7ae-483e-b259-6428f2dfb240: receive RaftClientReply:client-D2340BF4DD29->f9fecd82-c7ae-483e-b259-6428f2dfb240@group-7DE138E597A5, cid=2731, SUCCESS, logIndex=4097, commits[f9fecd82-c7ae-483e-b259-6428f2dfb240:c4098, adbfec77-7a0d-4773-aa56-ba0b778d0ab5:c4096, 90c45227-141f-43fe-b831-a2b91b39d6b0:c4096]
2019-07-14 06:26:08,265 INFO  client.GrpcClientProtocolClient (GrpcClientProtocolClient.java:onNext(255)) - client-D2340BF4DD29->f9fecd82-c7ae-483e-b259-6428f2dfb240: receive RaftClientReply:client-D2340BF4DD29->f9fecd82-c7ae-483e-b259-6428f2dfb240@group-7DE138E597A5, cid=2732, SUCCESS, logIndex=4098, commits[f9fecd82-c7ae-483e-b259-6428f2dfb240:c4098, adbfec77-7a0d-4773-aa56-ba0b778d0ab5:c4096, 90c45227-141f-43fe-b831-a2b91b39d6b0:c4096]
2019-07-14 06:26:08,267 INFO  client.GrpcClientProtocolClient (GrpcClientProtocolClient.java:onNext(255)) - client-D2340BF4DD29->f9fecd82-c7ae-483e-b259-6428f2dfb240: receive RaftClientReply:client-D2340BF4DD29->f9fecd82-c7ae-483e-b259-6428f2dfb240@group-7DE138E597A5, cid=2733, SUCCESS, logIndex=0, commits[f9fecd82-c7ae-483e-b259-6428f2dfb240:c4099, adbfec77-7a0d-4773-aa56-ba0b778d0ab5:c4098, 90c45227-141f-43fe-b831-a2b91b39d6b0:c4098]
2019-07-14 06:26:08,302 INFO  client.GrpcClientProtocolClient (GrpcClientProtocolClient.java:onNext(255)) - client-D2340BF4DD29->f9fecd82-c7ae-483e-b259-6428f2dfb240: receive RaftClientReply:client-D2340BF4DD29->f9fecd82-c7ae-483e-b259-6428f2dfb240@group-7DE138E597A5, cid=2734, SUCCESS, logIndex=4101, commits[f9fecd82-c7ae-483e-b259-6428f2dfb240:c4103, adbfec77-7a0d-4773-aa56-ba0b778d0ab5:c4100, 90c45227-141f-43fe-b831-a2b91b39d6b0:c4100]
2019-07-14 06:26:08,303 INFO  client.GrpcClientProtocolClient (GrpcClientProtocolClient.java:onNext(255)) - client-D2340BF4DD29->f9fecd82-c7ae-483e-b259-6428f2dfb240: receive RaftClientReply:client-D2340BF4DD29->f9fecd82-c7ae-483e-b259-6428f2dfb240@group-7DE138E597A5, cid=2735, SUCCESS, logIndex=4102, commits[f9fecd82-c7ae-483e-b259-6428f2dfb240:c4104, adbfec77-7a0d-4773-aa56-ba0b778d0ab5:c4100, 90c45227-141f-43fe-b831-a2b91b39d6b0:c4100]
2019-07-14 06:26:08,303 INFO  client.GrpcClientProtocolClient (GrpcClientProtocolClient.java:onNext(255)) - client-D2340BF4DD29->f9fecd82-c7ae-483e-b259-6428f2dfb240: receive RaftClientReply:client-D2340BF4DD29->f9fecd82-c7ae-483e-b259-6428f2dfb240@group-7DE138E597A5, cid=2736, SUCCESS, logIndex=4103, commits[f9fecd82-c7ae-483e-b259-6428f2dfb240:c4105, adbfec77-7a0d-4773-aa56-ba0b778d0ab5:c4100, 90c45227-141f-43fe-b831-a2b91b39d6b0:c4101]
2019-07-14 06:26:08,304 INFO  client.GrpcClientProtocolClient (GrpcClientProtocolClient.java:onNext(255)) - client-D2340BF4DD29->f9fecd82-c7ae-483e-b259-6428f2dfb240: receive RaftClientReply:client-D2340BF4DD29->f9fecd82-c7ae-483e-b259-6428f2dfb240@group-7DE138E597A5, cid=2737, SUCCESS, logIndex=4104, commits[f9fecd82-c7ae-483e-b259-6428f2dfb240:c4105, adbfec77-7a0d-4773-aa56-ba0b778d0ab5:c4100, 90c45227-141f-43fe-b831-a2b91b39d6b0:c4101]
2019-07-14 06:26:08,305 INFO  client.GrpcClientProtocolClient (GrpcClientProtocolClient.java:onNext(255)) - client-D2340BF4DD29->f9fecd82-c7ae-483e-b259-6428f2dfb240: receive RaftClientReply:client-D2340BF4DD29->f9fecd82-c7ae-483e-b259-6428f2dfb240@group-7DE138E597A5, cid=2738, SUCCESS, logIndex=0, commits[f9fecd82-c7ae-483e-b259-6428f2dfb240:c4108, adbfec77-7a0d-4773-aa56-ba0b778d0ab5:c4104, 90c45227-141f-43fe-b831-a2b91b39d6b0:c4104]
2019-07-14 06:26:08,324 INFO  client.GrpcClientProtocolClient (GrpcClientProtocolClient.java:onNext(255)) - client-D2340BF4DD29->f9fecd82-c7ae-483e-b259-6428f2dfb240: receive RaftClientReply:client-D2340BF4DD29->f9fecd82-c7ae-483e-b259-6428f2dfb240@group-7DE138E597A5, cid=2739, SUCCESS, logIndex=4109, commits[f9fecd82-c7ae-483e-b259-6428f2dfb240:c4110, adbfec77-7a0d-4773-aa56-ba0b778d0ab5:c4108, 90c45227-141f-43fe-b831-a2b91b39d6b0:c4108]
2019-07-14 06:26:08,325 INFO  client.GrpcClientProtocolClient (GrpcClientProtocolClient.java:onNext(255)) - client-D2340BF4DD29->f9fecd82-c7ae-483e-b259-6428f2dfb240: receive RaftClientReply:client-D2340BF4DD29->f9fecd82-c7ae-483e-b259-6428f2dfb240@group-7DE138E597A5, cid=2740, SUCCESS, logIndex=4110, commits[f9fecd82-c7ae-483e-b259-6428f2dfb240:c4110, adbfec77-7a0d-4773-aa56-ba0b778d0ab5:c4108, 90c45227-141f-43fe-b831-a2b91b39d6b0:c4108]
2019-07-14 06:26:08,348 INFO  client.GrpcClientProtocolClient (GrpcClientProtocolClient.java:onNext(255)) - client-D2340BF4DD29->f9fecd82-c7ae-483e-b259-6428f2dfb240: receive RaftClientReply:client-D2340BF4DD29->f9fecd82-c7ae-483e-b259-6428f2dfb240@group-7DE138E597A5, cid=2741, SUCCESS, logIndex=4113, commits[f9fecd82-c7ae-483e-b259-6428f2dfb240:c4113, adbfec77-7a0d-4773-aa56-ba0b778d0ab5:c4110, 90c45227-141f-43fe-b831-a2b91b39d6b0:c4110]
2019-07-14 06:26:08,349 INFO  client.GrpcClientProtocolClient (GrpcClientProtocolClient.java:onNext(255)) - client-D2340BF4DD29->f9fecd82-c7ae-483e-b259-6428f2dfb240: receive RaftClientReply:client-D2340BF4DD29->f9fecd82-c7ae-483e-b259-6428f2dfb240@group-7DE138E597A5, cid=2742, SUCCESS, logIndex=4114, commits[f9fecd82-c7ae-483e-b259-6428f2dfb240:c4114, adbfec77-7a0d-4773-aa56-ba0b778d0ab5:c4110, 90c45227-141f-43fe-b831-a2b91b39d6b0:c4110]
2019-07-14 06:26:08,374 INFO  client.GrpcClientProtocolClient (GrpcClientProtocolClient.java:onNext(255)) - client-D2340BF4DD29->f9fecd82-c7ae-483e-b259-6428f2dfb240: receive RaftClientReply:client-D2340BF4DD29->f9fecd82-c7ae-483e-b259-6428f2dfb240@group-7DE138E597A5, cid=2743, SUCCESS, logIndex=0, commits[f9fecd82-c7ae-483e-b259-6428f2dfb240:c4116, adbfec77-7a0d-4773-aa56-ba0b778d0ab5:c4114, 90c45227-141f-43fe-b831-a2b91b39d6b0:c4114]
2019-07-14 06:26:08,409 INFO  client.GrpcClientProtocolClient (GrpcClientProtocolClient.java:onNext(255)) - client-D2340BF4DD29->f9fecd82-c7ae-483e-b259-6428f2dfb240: receive RaftClientReply:client-D2340BF4DD29->f9fecd82-c7ae-483e-b259-6428f2dfb240@group-7DE138E597A5, cid=2744, SUCCESS, logIndex=4117, commits[f9fecd82-c7ae-483e-b259-6428f2dfb240:c4118, adbfec77-7a0d-4773-aa56-ba0b778d0ab5:c4116, 90c45227-141f-43fe-b831-a2b91b39d6b0:c4116]
2019-07-14 06:26:08,409 INFO  client.GrpcClientProtocolClient (GrpcClientProtocolClient.java:onNext(255)) - client-D2340BF4DD29->f9fecd82-c7ae-483e-b259-6428f2dfb240: receive RaftClientReply:client-D2340BF4DD29->f9fecd82-c7ae-483e-b259-6428f2dfb240@group-7DE138E597A5, cid=2745, SUCCESS, logIndex=4118, commits[f9fecd82-c7ae-483e-b259-6428f2dfb240:c4118, adbfec77-7a0d-4773-aa56-ba0b778d0ab5:c4116, 90c45227-141f-43fe-b831-a2b91b39d6b0:c4116]
2019-07-14 06:26:08,419 INFO  client.GrpcClientProtocolClient (GrpcClientProtocolClient.java:onNext(255)) - client-D2340BF4DD29->f9fecd82-c7ae-483e-b259-6428f2dfb240: receive RaftClientReply:client-D2340BF4DD29->f9fecd82-c7ae-483e-b259-6428f2dfb240@group-7DE138E597A5, cid=2746, SUCCESS, logIndex=4119, commits[f9fecd82-c7ae-483e-b259-6428f2dfb240:c4120, adbfec77-7a0d-4773-aa56-ba0b778d0ab5:c4116, 90c45227-141f-43fe-b831-a2b91b39d6b0:c4116]
2019-07-14 06:26:08,419 INFO  client.GrpcClientProtocolClient (GrpcClientProtocolClient.java:onNext(255)) - client-D2340BF4DD29->f9fecd82-c7ae-483e-b259-6428f2dfb240: receive RaftClientReply:client-D2340BF4DD29->f9fecd82-c7ae-483e-b259-6428f2dfb240@group-7DE138E597A5, cid=2747, SUCCESS, logIndex=4120, commits[f9fecd82-c7ae-483e-b259-6428f2dfb240:c4120, adbfec77-7a0d-4773-aa56-ba0b778d0ab5:c4116, 90c45227-141f-43fe-b831-a2b91b39d6b0:c4116]
2019-07-14 06:26:08,421 INFO  client.GrpcClientProtocolClient (GrpcClientProtocolClient.java:onNext(255)) - client-D2340BF4DD29->f9fecd82-c7ae-483e-b259-6428f2dfb240: receive RaftClientReply:client-D2340BF4DD29->f9fecd82-c7ae-483e-b259-6428f2dfb240@group-7DE138E597A5, cid=2748, SUCCESS, logIndex=0, commits[f9fecd82-c7ae-483e-b259-6428f2dfb240:c4120, adbfec77-7a0d-4773-aa56-ba0b778d0ab5:c4118, 90c45227-141f-43fe-b831-a2b91b39d6b0:c4118]
2019-07-14 06:26:08,455 INFO  client.GrpcClientProtocolClient (GrpcClientProtocolClient.java:onNext(255)) - client-D2340BF4DD29->f9fecd82-c7ae-483e-b259-6428f2dfb240: receive RaftClientReply:client-D2340BF4DD29->f9fecd82-c7ae-483e-b259-6428f2dfb240@group-7DE138E597A5, cid=2749, SUCCESS, logIndex=4125, commits[f9fecd82-c7ae-483e-b259-6428f2dfb240:c4126, adbfec77-7a0d-4773-aa56-ba0b778d0ab5:c4118, 90c45227-141f-43fe-b831-a2b91b39d6b0:c4120]
2019-07-14 06:26:08,455 INFO  client.GrpcClientProtocolClient (GrpcClientProtocolClient.java:onNext(255)) - client-D2340BF4DD29->f9fecd82-c7ae-483e-b259-6428f2dfb240: receive RaftClientReply:client-D2340BF4DD29->f9fecd82-c7ae-483e-b259-6428f2dfb240@group-7DE138E597A5, cid=2750, SUCCESS, logIndex=4126, commits[f9fecd82-c7ae-483e-b259-6428f2dfb240:c4126, adbfec77-7a0d-4773-aa56-ba0b778d0ab5:c4120, 90c45227-141f-43fe-b831-a2b91b39d6b0:c4120]
2019-07-14 06:26:08,476 INFO  client.GrpcClientProtocolClient (GrpcClientProtocolClient.java:onNext(255)) - client-D2340BF4DD29->f9fecd82-c7ae-483e-b259-6428f2dfb240: receive RaftClientReply:client-D2340BF4DD29->f9fecd82-c7ae-483e-b259-6428f2dfb240@group-7DE138E597A5, cid=2751, SUCCESS, logIndex=4129, commits[f9fecd82-c7ae-483e-b259-6428f2dfb240:c4130, adbfec77-7a0d-4773-aa56-ba0b778d0ab5:c4128, 90c45227-141f-43fe-b831-a2b91b39d6b0:c4128]
2019-07-14 06:26:08,477 INFO  client.GrpcClientProtocolClient (GrpcClientProtocolClient.java:onNext(255)) - client-D2340BF4DD29->f9fecd82-c7ae-483e-b259-6428f2dfb240: receive RaftClientReply:client-D2340BF4DD29->f9fecd82-c7ae-483e-b259-6428f2dfb240@group-7DE138E597A5, cid=2752, SUCCESS, logIndex=4130, commits[f9fecd82-c7ae-483e-b259-6428f2dfb240:c4130, adbfec77-7a0d-4773-aa56-ba0b778d0ab5:c4128, 90c45227-141f-43fe-b831-a2b91b39d6b0:c4128]
2019-07-14 06:26:08,478 INFO  client.GrpcClientProtocolClient (GrpcClientProtocolClient.java:onNext(255)) - client-D2340BF4DD29->f9fecd82-c7ae-483e-b259-6428f2dfb240: receive RaftClientReply:client-D2340BF4DD29->f9fecd82-c7ae-483e-b259-6428f2dfb240@group-7DE138E597A5, cid=2753, SUCCESS, logIndex=0, commits[f9fecd82-c7ae-483e-b259-6428f2dfb240:c4132, adbfec77-7a0d-4773-aa56-ba0b778d0ab5:c4130, 90c45227-141f-43fe-b831-a2b91b39d6b0:c4130]
2019-07-14 06:26:08,532 INFO  client.GrpcClientProtocolClient (GrpcClientProtocolClient.java:onNext(255)) - client-D2340BF4DD29->f9fecd82-c7ae-483e-b259-6428f2dfb240: receive RaftClientReply:client-D2340BF4DD29->f9fecd82-c7ae-483e-b259-6428f2dfb240@group-7DE138E597A5, cid=2754, SUCCESS, logIndex=4133, commits[f9fecd82-c7ae-483e-b259-6428f2dfb240:c4134, adbfec77-7a0d-4773-aa56-ba0b778d0ab5:c4132, 90c45227-141f-43fe-b831-a2b91b39d6b0:c4132]
2019-07-14 06:26:08,533 INFO  client.GrpcClientProtocolClient (GrpcClientProtocolClient.java:onNext(255)) - client-D2340BF4DD29->f9fecd82-c7ae-483e-b259-6428f2dfb240: receive RaftClientReply:client-D2340BF4DD29->f9fecd82-c7ae-483e-b259-6428f2dfb240@group-7DE138E597A5, cid=2755, SUCCESS, logIndex=4134, commits[f9fecd82-c7ae-483e-b259-6428f2dfb240:c4136, adbfec77-7a0d-4773-aa56-ba0b778d0ab5:c4132, 90c45227-141f-43fe-b831-a2b91b39d6b0:c4132]
2019-07-14 06:26:08,534 INFO  client.GrpcClientProtocolClient (GrpcClientProtocolClient.java:onNext(255)) - client-D2340BF4DD29->f9fecd82-c7ae-483e-b259-6428f2dfb240: receive RaftClientReply:client-D2340BF4DD29->f9fecd82-c7ae-483e-b259-6428f2dfb240@group-7DE138E597A5, cid=2756, SUCCESS, logIndex=4135, commits[f9fecd82-c7ae-483e-b259-6428f2dfb240:c4136, adbfec77-7a0d-4773-aa56-ba0b778d0ab5:c4132, 90c45227-141f-43fe-b831-a2b91b39d6b0:c4132]
2019-07-14 06:26:08,534 INFO  client.GrpcClientProtocolClient (GrpcClientProtocolClient.java:onNext(255)) - client-D2340BF4DD29->f9fecd82-c7ae-483e-b259-6428f2dfb240: receive RaftClientReply:client-D2340BF4DD29->f9fecd82-c7ae-483e-b259-6428f2dfb240@group-7DE138E597A5, cid=2757, SUCCESS, logIndex=4136, commits[f9fecd82-c7ae-483e-b259-6428f2dfb240:c4136, adbfec77-7a0d-4773-aa56-ba0b778d0ab5:c4132, 90c45227-141f-43fe-b831-a2b91b39d6b0:c4132]
2019-07-14 06:26:08,539 INFO  client.GrpcClientProtocolClient (GrpcClientProtocolClient.java:onNext(255)) - client-D2340BF4DD29->f9fecd82-c7ae-483e-b259-6428f2dfb240: receive RaftClientReply:client-D2340BF4DD29->f9fecd82-c7ae-483e-b259-6428f2dfb240@group-7DE138E597A5, cid=2758, SUCCESS, logIndex=0, commits[f9fecd82-c7ae-483e-b259-6428f2dfb240:c4137, adbfec77-7a0d-4773-aa56-ba0b778d0ab5:c4134, 90c45227-141f-43fe-b831-a2b91b39d6b0:c4134]
2019-07-14 06:26:08,563 INFO  client.GrpcClientProtocolClient (GrpcClientProtocolClient.java:onNext(255)) - client-D2340BF4DD29->f9fecd82-c7ae-483e-b259-6428f2dfb240: receive RaftClientReply:client-D2340BF4DD29->f9fecd82-c7ae-483e-b259-6428f2dfb240@group-7DE138E597A5, cid=2759, SUCCESS, logIndex=4141, commits[f9fecd82-c7ae-483e-b259-6428f2dfb240:c4141, adbfec77-7a0d-4773-aa56-ba0b778d0ab5:c4140, 90c45227-141f-43fe-b831-a2b91b39d6b0:c4140]
2019-07-14 06:26:08,563 INFO  client.GrpcClientProtocolClient (GrpcClientProtocolClient.java:onNext(255)) - client-D2340BF4DD29->f9fecd82-c7ae-483e-b259-6428f2dfb240: receive RaftClientReply:client-D2340BF4DD29->f9fecd82-c7ae-483e-b259-6428f2dfb240@group-7DE138E597A5, cid=2760, SUCCESS, logIndex=4142, commits[f9fecd82-c7ae-483e-b259-6428f2dfb240:c4142, adbfec77-7a0d-4773-aa56-ba0b778d0ab5:c4140, 90c45227-141f-43fe-b831-a2b91b39d6b0:c4140]
2019-07-14 06:26:08,590 INFO  client.GrpcClientProtocolClient (GrpcClientProtocolClient.java:onNext(255)) - client-D2340BF4DD29->f9fecd82-c7ae-483e-b259-6428f2dfb240: receive RaftClientReply:client-D2340BF4DD29->f9fecd82-c7ae-483e-b259-6428f2dfb240@group-7DE138E597A5, cid=2761, SUCCESS, logIndex=4145, commits[f9fecd82-c7ae-483e-b259-6428f2dfb240:c4145, adbfec77-7a0d-4773-aa56-ba0b778d0ab5:c4142, 90c45227-141f-43fe-b831-a2b91b39d6b0:c4142]
2019-07-14 06:26:08,590 INFO  client.GrpcClientProtocolClient (GrpcClientProtocolClient.java:onNext(255)) - client-D2340BF4DD29->f9fecd82-c7ae-483e-b259-6428f2dfb240: receive RaftClientReply:client-D2340BF4DD29->f9fecd82-c7ae-483e-b259-6428f2dfb240@group-7DE138E597A5, cid=2762, SUCCESS, logIndex=4146, commits[f9fecd82-c7ae-483e-b259-6428f2dfb240:c4146, adbfec77-7a0d-4773-aa56-ba0b778d0ab5:c4142, 90c45227-141f-43fe-b831-a2b91b39d6b0:c4142]
2019-07-14 06:26:08,604 INFO  client.GrpcClientProtocolClient (GrpcClientProtocolClient.java:onNext(255)) - client-D2340BF4DD29->f9fecd82-c7ae-483e-b259-6428f2dfb240: receive RaftClientReply:client-D2340BF4DD29->f9fecd82-c7ae-483e-b259-6428f2dfb240@group-7DE138E597A5, cid=2763, SUCCESS, logIndex=0, commits[f9fecd82-c7ae-483e-b259-6428f2dfb240:c4148, adbfec77-7a0d-4773-aa56-ba0b778d0ab5:c4146, 90c45227-141f-43fe-b831-a2b91b39d6b0:c4146]
2019-07-14 06:26:08,640 INFO  client.GrpcClientProtocolClient (GrpcClientProtocolClient.java:onNext(255)) - client-D2340BF4DD29->f9fecd82-c7ae-483e-b259-6428f2dfb240: receive RaftClientReply:client-D2340BF4DD29->f9fecd82-c7ae-483e-b259-6428f2dfb240@group-7DE138E597A5, cid=2764, SUCCESS, logIndex=4149, commits[f9fecd82-c7ae-483e-b259-6428f2dfb240:c4150, adbfec77-7a0d-4773-aa56-ba0b778d0ab5:c4148, 90c45227-141f-43fe-b831-a2b91b39d6b0:c4148]
2019-07-14 06:26:08,641 INFO  client.GrpcClientProtocolClient (GrpcClientProtocolClient.java:onNext(255)) - client-D2340BF4DD29->f9fecd82-c7ae-483e-b259-6428f2dfb240: receive RaftClientReply:client-D2340BF4DD29->f9fecd82-c7ae-483e-b259-6428f2dfb240@group-7DE138E597A5, cid=2765, SUCCESS, logIndex=4150, commits[f9fecd82-c7ae-483e-b259-6428f2dfb240:c4150, adbfec77-7a0d-4773-aa56-ba0b778d0ab5:c4148, 90c45227-141f-43fe-b831-a2b91b39d6b0:c4148]
2019-07-14 06:26:08,653 INFO  client.GrpcClientProtocolClient (GrpcClientProtocolClient.java:onNext(255)) - client-D2340BF4DD29->f9fecd82-c7ae-483e-b259-6428f2dfb240: receive RaftClientReply:client-D2340BF4DD29->f9fecd82-c7ae-483e-b259-6428f2dfb240@group-7DE138E597A5, cid=2766, SUCCESS, logIndex=4151, commits[f9fecd82-c7ae-483e-b259-6428f2dfb240:c4151, adbfec77-7a0d-4773-aa56-ba0b778d0ab5:c4148, 90c45227-141f-43fe-b831-a2b91b39d6b0:c4148]
2019-07-14 06:26:08,653 INFO  client.GrpcClientProtocolClient (GrpcClientProtocolClient.java:onNext(255)) - client-D2340BF4DD29->f9fecd82-c7ae-483e-b259-6428f2dfb240: receive RaftClientReply:client-D2340BF4DD29->f9fecd82-c7ae-483e-b259-6428f2dfb240@group-7DE138E597A5, cid=2767, SUCCESS, logIndex=4152, commits[f9fecd82-c7ae-483e-b259-6428f2dfb240:c4152, adbfec77-7a0d-4773-aa56-ba0b778d0ab5:c4148, 90c45227-141f-43fe-b831-a2b91b39d6b0:c4148]
2019-07-14 06:26:08,664 INFO  client.GrpcClientProtocolClient (GrpcClientProtocolClient.java:onNext(255)) - client-D2340BF4DD29->f9fecd82-c7ae-483e-b259-6428f2dfb240: receive RaftClientReply:client-D2340BF4DD29->f9fecd82-c7ae-483e-b259-6428f2dfb240@group-7DE138E597A5, cid=2768, SUCCESS, logIndex=0, commits[f9fecd82-c7ae-483e-b259-6428f2dfb240:c4154, adbfec77-7a0d-4773-aa56-ba0b778d0ab5:c4150, 90c45227-141f-43fe-b831-a2b91b39d6b0:c4150]
2019-07-14 06:26:08,690 INFO  client.GrpcClientProtocolClient (GrpcClientProtocolClient.java:onNext(255)) - client-D2340BF4DD29->f9fecd82-c7ae-483e-b259-6428f2dfb240: receive RaftClientReply:client-D2340BF4DD29->f9fecd82-c7ae-483e-b259-6428f2dfb240@group-7DE138E597A5, cid=2769, SUCCESS, logIndex=4157, commits[f9fecd82-c7ae-483e-b259-6428f2dfb240:c4158, adbfec77-7a0d-4773-aa56-ba0b778d0ab5:c4154, 90c45227-141f-43fe-b831-a2b91b39d6b0:c4154]
2019-07-14 06:26:08,691 INFO  client.GrpcClientProtocolClient (GrpcClientProtocolClient.java:onNext(255)) - client-D2340BF4DD29->f9fecd82-c7ae-483e-b259-6428f2dfb240: receive RaftClientReply:client-D2340BF4DD29->f9fecd82-c7ae-483e-b259-6428f2dfb240@group-7DE138E597A5, cid=2770, SUCCESS, logIndex=4158, commits[f9fecd82-c7ae-483e-b259-6428f2dfb240:c4158, adbfec77-7a0d-4773-aa56-ba0b778d0ab5:c4154, 90c45227-141f-43fe-b831-a2b91b39d6b0:c4154]
2019-07-14 06:26:08,708 INFO  client.GrpcClientProtocolClient (GrpcClientProtocolClient.java:onNext(255)) - client-D2340BF4DD29->f9fecd82-c7ae-483e-b259-6428f2dfb240: receive RaftClientReply:client-D2340BF4DD29->f9fecd82-c7ae-483e-b259-6428f2dfb240@group-7DE138E597A5, cid=2771, SUCCESS, logIndex=4161, commits[f9fecd82-c7ae-483e-b259-6428f2dfb240:c4161, adbfec77-7a0d-4773-aa56-ba0b778d0ab5:c4158, 90c45227-141f-43fe-b831-a2b91b39d6b0:c4158]
2019-07-14 06:26:08,708 INFO  client.GrpcClientProtocolClient (GrpcClientProtocolClient.java:onNext(255)) - client-D2340BF4DD29->f9fecd82-c7ae-483e-b259-6428f2dfb240: receive RaftClientReply:client-D2340BF4DD29->f9fecd82-c7ae-483e-b259-6428f2dfb240@group-7DE138E597A5, cid=2772, SUCCESS, logIndex=4162, commits[f9fecd82-c7ae-483e-b259-6428f2dfb240:c4162, adbfec77-7a0d-4773-aa56-ba0b778d0ab5:c4158, 90c45227-141f-43fe-b831-a2b91b39d6b0:c4158]
2019-07-14 06:26:08,715 INFO  client.GrpcClientProtocolClient (GrpcClientProtocolClient.java:onNext(255)) - client-D2340BF4DD29->f9fecd82-c7ae-483e-b259-6428f2dfb240: receive RaftClientReply:client-D2340BF4DD29->f9fecd82-c7ae-483e-b259-6428f2dfb240@group-7DE138E597A5, cid=2773, SUCCESS, logIndex=0, commits[f9fecd82-c7ae-483e-b259-6428f2dfb240:c4164, adbfec77-7a0d-4773-aa56-ba0b778d0ab5:c4162, 90c45227-141f-43fe-b831-a2b91b39d6b0:c4162]
2019-07-14 06:26:08,741 INFO  client.GrpcClientProtocolClient (GrpcClientProtocolClient.java:onNext(255)) - client-D2340BF4DD29->f9fecd82-c7ae-483e-b259-6428f2dfb240: receive RaftClientReply:client-D2340BF4DD29->f9fecd82-c7ae-483e-b259-6428f2dfb240@group-7DE138E597A5, cid=2774, SUCCESS, logIndex=4165, commits[f9fecd82-c7ae-483e-b259-6428f2dfb240:c4166, adbfec77-7a0d-4773-aa56-ba0b778d0ab5:c4162, 90c45227-141f-43fe-b831-a2b91b39d6b0:c4164]
2019-07-14 06:26:08,741 INFO  client.GrpcClientProtocolClient (GrpcClientProtocolClient.java:onNext(255)) - client-D2340BF4DD29->f9fecd82-c7ae-483e-b259-6428f2dfb240: receive RaftClientReply:client-D2340BF4DD29->f9fecd82-c7ae-483e-b259-6428f2dfb240@group-7DE138E597A5, cid=2775, SUCCESS, logIndex=4166, commits[f9fecd82-c7ae-483e-b259-6428f2dfb240:c4166, adbfec77-7a0d-4773-aa56-ba0b778d0ab5:c4162, 90c45227-141f-43fe-b831-a2b91b39d6b0:c4164]
2019-07-14 06:26:08,749 INFO  client.GrpcClientProtocolClient (GrpcClientProtocolClient.java:onNext(255)) - client-D2340BF4DD29->f9fecd82-c7ae-483e-b259-6428f2dfb240: receive RaftClientReply:client-D2340BF4DD29->f9fecd82-c7ae-483e-b259-6428f2dfb240@group-7DE138E597A5, cid=2776, SUCCESS, logIndex=4167, commits[f9fecd82-c7ae-483e-b259-6428f2dfb240:c4168, adbfec77-7a0d-4773-aa56-ba0b778d0ab5:c4164, 90c45227-141f-43fe-b831-a2b91b39d6b0:c4166]
2019-07-14 06:26:08,750 INFO  client.GrpcClientProtocolClient (GrpcClientProtocolClient.java:onNext(255)) - client-D2340BF4DD29->f9fecd82-c7ae-483e-b259-6428f2dfb240: receive RaftClientReply:client-D2340BF4DD29->f9fecd82-c7ae-483e-b259-6428f2dfb240@group-7DE138E597A5, cid=2777, SUCCESS, logIndex=4168, commits[f9fecd82-c7ae-483e-b259-6428f2dfb240:c4168, adbfec77-7a0d-4773-aa56-ba0b778d0ab5:c4164, 90c45227-141f-43fe-b831-a2b91b39d6b0:c4166]
2019-07-14 06:26:08,752 INFO  client.GrpcClientProtocolClient (GrpcClientProtocolClient.java:onNext(255)) - client-D2340BF4DD29->f9fecd82-c7ae-483e-b259-6428f2dfb240: receive RaftClientReply:client-D2340BF4DD29->f9fecd82-c7ae-483e-b259-6428f2dfb240@group-7DE138E597A5, cid=2778, SUCCESS, logIndex=0, commits[f9fecd82-c7ae-483e-b259-6428f2dfb240:c4170, adbfec77-7a0d-4773-aa56-ba0b778d0ab5:c4166, 90c45227-141f-43fe-b831-a2b91b39d6b0:c4166]
2019-07-14 06:26:08,776 INFO  client.GrpcClientProtocolClient (GrpcClientProtocolClient.java:onNext(255)) - client-D2340BF4DD29->f9fecd82-c7ae-483e-b259-6428f2dfb240: receive RaftClientReply:client-D2340BF4DD29->f9fecd82-c7ae-483e-b259-6428f2dfb240@group-7DE138E597A5, cid=2779, SUCCESS, logIndex=4173, commits[f9fecd82-c7ae-483e-b259-6428f2dfb240:c4174, adbfec77-7a0d-4773-aa56-ba0b778d0ab5:c4172, 90c45227-141f-43fe-b831-a2b91b39d6b0:c4172]
2019-07-14 06:26:08,777 INFO  client.GrpcClientProtocolClient (GrpcClientProtocolClient.java:onNext(255)) - client-D2340BF4DD29->f9fecd82-c7ae-483e-b259-6428f2dfb240: receive RaftClientReply:client-D2340BF4DD29->f9fecd82-c7ae-483e-b259-6428f2dfb240@group-7DE138E597A5, cid=2780, SUCCESS, logIndex=4174, commits[f9fecd82-c7ae-483e-b259-6428f2dfb240:c4174, adbfec77-7a0d-4773-aa56-ba0b778d0ab5:c4172, 90c45227-141f-43fe-b831-a2b91b39d6b0:c4172]
2019-07-14 06:26:08,790 INFO  client.GrpcClientProtocolClient (GrpcClientProtocolClient.java:onNext(255)) - client-D2340BF4DD29->f9fecd82-c7ae-483e-b259-6428f2dfb240: receive RaftClientReply:client-D2340BF4DD29->f9fecd82-c7ae-483e-b259-6428f2dfb240@group-7DE138E597A5, cid=2781, SUCCESS, logIndex=4177, commits[f9fecd82-c7ae-483e-b259-6428f2dfb240:c4178, adbfec77-7a0d-4773-aa56-ba0b778d0ab5:c4173, 90c45227-141f-43fe-b831-a2b91b39d6b0:c4174]
2019-07-14 06:26:08,790 INFO  client.GrpcClientProtocolClient (GrpcClientProtocolClient.java:onNext(255)) - client-D2340BF4DD29->f9fecd82-c7ae-483e-b259-6428f2dfb240: receive RaftClientReply:client-D2340BF4DD29->f9fecd82-c7ae-483e-b259-6428f2dfb240@group-7DE138E597A5, cid=2782, SUCCESS, logIndex=4178, commits[f9fecd82-c7ae-483e-b259-6428f2dfb240:c4178, adbfec77-7a0d-4773-aa56-ba0b778d0ab5:c4173, 90c45227-141f-43fe-b831-a2b91b39d6b0:c4174]
2019-07-14 06:26:08,792 INFO  client.GrpcClientProtocolClient (GrpcClientProtocolClient.java:onNext(255)) - client-D2340BF4DD29->f9fecd82-c7ae-483e-b259-6428f2dfb240: receive RaftClientReply:client-D2340BF4DD29->f9fecd82-c7ae-483e-b259-6428f2dfb240@group-7DE138E597A5, cid=2783, SUCCESS, logIndex=0, commits[f9fecd82-c7ae-483e-b259-6428f2dfb240:c4178, adbfec77-7a0d-4773-aa56-ba0b778d0ab5:c4174, 90c45227-141f-43fe-b831-a2b91b39d6b0:c4174]
2019-07-14 06:26:08,804 INFO  client.GrpcClientProtocolClient (GrpcClientProtocolClient.java:onNext(255)) - client-D2340BF4DD29->f9fecd82-c7ae-483e-b259-6428f2dfb240: receive RaftClientReply:client-D2340BF4DD29->f9fecd82-c7ae-483e-b259-6428f2dfb240@group-7DE138E597A5, cid=2784, SUCCESS, logIndex=0, commits[f9fecd82-c7ae-483e-b259-6428f2dfb240:c4179, adbfec77-7a0d-4773-aa56-ba0b778d0ab5:c4178, 90c45227-141f-43fe-b831-a2b91b39d6b0:c4178]
2019-07-14 06:26:08,831 INFO  client.GrpcClientProtocolClient (GrpcClientProtocolClient.java:onNext(255)) - client-D2340BF4DD29->f9fecd82-c7ae-483e-b259-6428f2dfb240: receive RaftClientReply:client-D2340BF4DD29->f9fecd82-c7ae-483e-b259-6428f2dfb240@group-7DE138E597A5, cid=2785, SUCCESS, logIndex=4181, commits[f9fecd82-c7ae-483e-b259-6428f2dfb240:c4182, adbfec77-7a0d-4773-aa56-ba0b778d0ab5:c4178, 90c45227-141f-43fe-b831-a2b91b39d6b0:c4180]
2019-07-14 06:26:08,832 INFO  client.GrpcClientProtocolClient (GrpcClientProtocolClient.java:onNext(255)) - client-D2340BF4DD29->f9fecd82-c7ae-483e-b259-6428f2dfb240: receive RaftClientReply:client-D2340BF4DD29->f9fecd82-c7ae-483e-b259-6428f2dfb240@group-7DE138E597A5, cid=2786, SUCCESS, logIndex=4182, commits[f9fecd82-c7ae-483e-b259-6428f2dfb240:c4183, adbfec77-7a0d-4773-aa56-ba0b778d0ab5:c4180, 90c45227-141f-43fe-b831-a2b91b39d6b0:c4180]
2019-07-14 06:26:08,832 INFO  client.GrpcClientProtocolClient (GrpcClientProtocolClient.java:onNext(255)) - client-D2340BF4DD29->f9fecd82-c7ae-483e-b259-6428f2dfb240: receive RaftClientReply:client-D2340BF4DD29->f9fecd82-c7ae-483e-b259-6428f2dfb240@group-7DE138E597A5, cid=2787, SUCCESS, logIndex=4183, commits[f9fecd82-c7ae-483e-b259-6428f2dfb240:c4184, adbfec77-7a0d-4773-aa56-ba0b778d0ab5:c4180, 90c45227-141f-43fe-b831-a2b91b39d6b0:c4180]
2019-07-14 06:26:08,832 INFO  client.GrpcClientProtocolClient (GrpcClientProtocolClient.java:onNext(255)) - client-D2340BF4DD29->f9fecd82-c7ae-483e-b259-6428f2dfb240: receive RaftClientReply:client-D2340BF4DD29->f9fecd82-c7ae-483e-b259-6428f2dfb240@group-7DE138E597A5, cid=2788, SUCCESS, logIndex=4184, commits[f9fecd82-c7ae-483e-b259-6428f2dfb240:c4184, adbfec77-7a0d-4773-aa56-ba0b778d0ab5:c4180, 90c45227-141f-43fe-b831-a2b91b39d6b0:c4180]
2019-07-14 06:26:08,834 INFO  client.GrpcClientProtocolClient (GrpcClientProtocolClient.java:onNext(255)) - client-D2340BF4DD29->f9fecd82-c7ae-483e-b259-6428f2dfb240: receive RaftClientReply:client-D2340BF4DD29->f9fecd82-c7ae-483e-b259-6428f2dfb240@group-7DE138E597A5, cid=2789, SUCCESS, logIndex=0, commits[f9fecd82-c7ae-483e-b259-6428f2dfb240:c4186, adbfec77-7a0d-4773-aa56-ba0b778d0ab5:c4182, 90c45227-141f-43fe-b831-a2b91b39d6b0:c4182]
2019-07-14 06:26:08,848 INFO  client.GrpcClientProtocolClient (GrpcClientProtocolClient.java:onNext(255)) - client-D2340BF4DD29->f9fecd82-c7ae-483e-b259-6428f2dfb240: receive RaftClientReply:client-D2340BF4DD29->f9fecd82-c7ae-483e-b259-6428f2dfb240@group-7DE138E597A5, cid=2790, SUCCESS, logIndex=4189, commits[f9fecd82-c7ae-483e-b259-6428f2dfb240:c4190, adbfec77-7a0d-4773-aa56-ba0b778d0ab5:c4186, 90c45227-141f-43fe-b831-a2b91b39d6b0:c4184]
2019-07-14 06:26:08,848 INFO  client.GrpcClientProtocolClient (GrpcClientProtocolClient.java:onNext(255)) - client-D2340BF4DD29->f9fecd82-c7ae-483e-b259-6428f2dfb240: receive RaftClientReply:client-D2340BF4DD29->f9fecd82-c7ae-483e-b259-6428f2dfb240@group-7DE138E597A5, cid=2791, SUCCESS, logIndex=4190, commits[f9fecd82-c7ae-483e-b259-6428f2dfb240:c4190, adbfec77-7a0d-4773-aa56-ba0b778d0ab5:c4186, 90c45227-141f-43fe-b831-a2b91b39d6b0:c4184]
2019-07-14 06:26:08,864 INFO  client.GrpcClientProtocolClient (GrpcClientProtocolClient.java:onNext(255)) - client-D2340BF4DD29->f9fecd82-c7ae-483e-b259-6428f2dfb240: receive RaftClientReply:client-D2340BF4DD29->f9fecd82-c7ae-483e-b259-6428f2dfb240@group-7DE138E597A5, cid=2792, SUCCESS, logIndex=4192, commits[f9fecd82-c7ae-483e-b259-6428f2dfb240:c4193, adbfec77-7a0d-4773-aa56-ba0b778d0ab5:c4191, 90c45227-141f-43fe-b831-a2b91b39d6b0:c4190]
2019-07-14 06:26:08,864 INFO  client.GrpcClientProtocolClient (GrpcClientProtocolClient.java:onNext(255)) - client-D2340BF4DD29->f9fecd82-c7ae-483e-b259-6428f2dfb240: receive RaftClientReply:client-D2340BF4DD29->f9fecd82-c7ae-483e-b259-6428f2dfb240@group-7DE138E597A5, cid=2793, SUCCESS, logIndex=4193, commits[f9fecd82-c7ae-483e-b259-6428f2dfb240:c4193, adbfec77-7a0d-4773-aa56-ba0b778d0ab5:c4191, 90c45227-141f-43fe-b831-a2b91b39d6b0:c4190]
2019-07-14 06:26:08,887 INFO  client.GrpcClientProtocolClient (GrpcClientProtocolClient.java:onNext(255)) - client-D2340BF4DD29->f9fecd82-c7ae-483e-b259-6428f2dfb240: receive RaftClientReply:client-D2340BF4DD29->f9fecd82-c7ae-483e-b259-6428f2dfb240@group-7DE138E597A5, cid=2794, SUCCESS, logIndex=0, commits[f9fecd82-c7ae-483e-b259-6428f2dfb240:c4194, adbfec77-7a0d-4773-aa56-ba0b778d0ab5:c4193, 90c45227-141f-43fe-b831-a2b91b39d6b0:c4193]
 0.00% |█                                                                                                    |  0/1 Time: 0:00:232019-07-14 06:26:09,052 INFO  client.GrpcClientProtocolClient (GrpcClientProtocolClient.java:onNext(255)) - client-D2340BF4DD29->f9fecd82-c7ae-483e-b259-6428f2dfb240: receive RaftClientReply:client-D2340BF4DD29->f9fecd82-c7ae-483e-b259-6428f2dfb240@group-7DE138E597A5, cid=2795, SUCCESS, logIndex=4196, commits[f9fecd82-c7ae-483e-b259-6428f2dfb240:c4197, adbfec77-7a0d-4773-aa56-ba0b778d0ab5:c4195, 90c45227-141f-43fe-b831-a2b91b39d6b0:c4195]
2019-07-14 06:26:09,053 INFO  client.GrpcClientProtocolClient (GrpcClientProtocolClient.java:onNext(255)) - client-D2340BF4DD29->f9fecd82-c7ae-483e-b259-6428f2dfb240: receive RaftClientReply:client-D2340BF4DD29->f9fecd82-c7ae-483e-b259-6428f2dfb240@group-7DE138E597A5, cid=2796, SUCCESS, logIndex=4197, commits[f9fecd82-c7ae-483e-b259-6428f2dfb240:c4197, adbfec77-7a0d-4773-aa56-ba0b778d0ab5:c4195, 90c45227-141f-43fe-b831-a2b91b39d6b0:c4195]
2019-07-14 06:26:09,053 INFO  client.GrpcClientProtocolClient (GrpcClientProtocolClient.java:onNext(255)) - client-D2340BF4DD29->f9fecd82-c7ae-483e-b259-6428f2dfb240: receive RaftClientReply:client-D2340BF4DD29->f9fecd82-c7ae-483e-b259-6428f2dfb240@group-7DE138E597A5, cid=2797, SUCCESS, logIndex=4198, commits[f9fecd82-c7ae-483e-b259-6428f2dfb240:c4199, adbfec77-7a0d-4773-aa56-ba0b778d0ab5:c4195, 90c45227-141f-43fe-b831-a2b91b39d6b0:c4195]
2019-07-14 06:26:09,054 INFO  client.GrpcClientProtocolClient (GrpcClientProtocolClient.java:onNext(255)) - client-D2340BF4DD29->f9fecd82-c7ae-483e-b259-6428f2dfb240: receive RaftClientReply:client-D2340BF4DD29->f9fecd82-c7ae-483e-b259-6428f2dfb240@group-7DE138E597A5, cid=2798, SUCCESS, logIndex=4199, commits[f9fecd82-c7ae-483e-b259-6428f2dfb240:c4199, adbfec77-7a0d-4773-aa56-ba0b778d0ab5:c4195, 90c45227-141f-43fe-b831-a2b91b39d6b0:c4195]
2019-07-14 06:26:09,066 INFO  client.GrpcClientProtocolClient (GrpcClientProtocolClient.java:onNext(255)) - client-D2340BF4DD29->f9fecd82-c7ae-483e-b259-6428f2dfb240: receive RaftClientReply:client-D2340BF4DD29->f9fecd82-c7ae-483e-b259-6428f2dfb240@group-7DE138E597A5, cid=2799, SUCCESS, logIndex=0, commits[f9fecd82-c7ae-483e-b259-6428f2dfb240:c4201, adbfec77-7a0d-4773-aa56-ba0b778d0ab5:c4197, 90c45227-141f-43fe-b831-a2b91b39d6b0:c4197]
2019-07-14 06:26:09,090 INFO  client.GrpcClientProtocolClient (GrpcClientProtocolClient.java:onNext(255)) - client-D2340BF4DD29->f9fecd82-c7ae-483e-b259-6428f2dfb240: receive RaftClientReply:client-D2340BF4DD29->f9fecd82-c7ae-483e-b259-6428f2dfb240@group-7DE138E597A5, cid=2800, SUCCESS, logIndex=4204, commits[f9fecd82-c7ae-483e-b259-6428f2dfb240:c4205, adbfec77-7a0d-4773-aa56-ba0b778d0ab5:c4203, 90c45227-141f-43fe-b831-a2b91b39d6b0:c4203]
2019-07-14 06:26:09,090 INFO  client.GrpcClientProtocolClient (GrpcClientProtocolClient.java:onNext(255)) - client-D2340BF4DD29->f9fecd82-c7ae-483e-b259-6428f2dfb240: receive RaftClientReply:client-D2340BF4DD29->f9fecd82-c7ae-483e-b259-6428f2dfb240@group-7DE138E597A5, cid=2801, SUCCESS, logIndex=4205, commits[f9fecd82-c7ae-483e-b259-6428f2dfb240:c4205, adbfec77-7a0d-4773-aa56-ba0b778d0ab5:c4203, 90c45227-141f-43fe-b831-a2b91b39d6b0:c4203]
2019-07-14 06:26:09,127 INFO  client.GrpcClientProtocolClient (GrpcClientProtocolClient.java:onNext(255)) - client-D2340BF4DD29->f9fecd82-c7ae-483e-b259-6428f2dfb240: receive RaftClientReply:client-D2340BF4DD29->f9fecd82-c7ae-483e-b259-6428f2dfb240@group-7DE138E597A5, cid=2802, SUCCESS, logIndex=4208, commits[f9fecd82-c7ae-483e-b259-6428f2dfb240:c4209, adbfec77-7a0d-4773-aa56-ba0b778d0ab5:c4205, 90c45227-141f-43fe-b831-a2b91b39d6b0:c4205]
2019-07-14 06:26:09,128 INFO  client.GrpcClientProtocolClient (GrpcClientProtocolClient.java:onNext(255)) - client-D2340BF4DD29->f9fecd82-c7ae-483e-b259-6428f2dfb240: receive RaftClientReply:client-D2340BF4DD29->f9fecd82-c7ae-483e-b259-6428f2dfb240@group-7DE138E597A5, cid=2803, SUCCESS, logIndex=4209, commits[f9fecd82-c7ae-483e-b259-6428f2dfb240:c4209, adbfec77-7a0d-4773-aa56-ba0b778d0ab5:c4205, 90c45227-141f-43fe-b831-a2b91b39d6b0:c4205]
2019-07-14 06:26:09,153 INFO  client.GrpcClientProtocolClient (GrpcClientProtocolClient.java:onNext(255)) - client-D2340BF4DD29->f9fecd82-c7ae-483e-b259-6428f2dfb240: receive RaftClientReply:client-D2340BF4DD29->f9fecd82-c7ae-483e-b259-6428f2dfb240@group-7DE138E597A5, cid=2804, SUCCESS, logIndex=0, commits[f9fecd82-c7ae-483e-b259-6428f2dfb240:c4211, adbfec77-7a0d-4773-aa56-ba0b778d0ab5:c4209, 90c45227-141f-43fe-b831-a2b91b39d6b0:c4209]
2019-07-14 06:26:09,190 INFO  client.GrpcClientProtocolClient (GrpcClientProtocolClient.java:onNext(255)) - client-D2340BF4DD29->f9fecd82-c7ae-483e-b259-6428f2dfb240: receive RaftClientReply:client-D2340BF4DD29->f9fecd82-c7ae-483e-b259-6428f2dfb240@group-7DE138E597A5, cid=2805, SUCCESS, logIndex=4212, commits[f9fecd82-c7ae-483e-b259-6428f2dfb240:c4213, adbfec77-7a0d-4773-aa56-ba0b778d0ab5:c4211, 90c45227-141f-43fe-b831-a2b91b39d6b0:c4211]
2019-07-14 06:26:09,191 INFO  client.GrpcClientProtocolClient (GrpcClientProtocolClient.java:onNext(255)) - client-D2340BF4DD29->f9fecd82-c7ae-483e-b259-6428f2dfb240: receive RaftClientReply:client-D2340BF4DD29->f9fecd82-c7ae-483e-b259-6428f2dfb240@group-7DE138E597A5, cid=2806, SUCCESS, logIndex=4213, commits[f9fecd82-c7ae-483e-b259-6428f2dfb240:c4213, adbfec77-7a0d-4773-aa56-ba0b778d0ab5:c4211, 90c45227-141f-43fe-b831-a2b91b39d6b0:c4211]
2019-07-14 06:26:09,203 INFO  client.GrpcClientProtocolClient (GrpcClientProtocolClient.java:onNext(255)) - client-D2340BF4DD29->f9fecd82-c7ae-483e-b259-6428f2dfb240: receive RaftClientReply:client-D2340BF4DD29->f9fecd82-c7ae-483e-b259-6428f2dfb240@group-7DE138E597A5, cid=2807, SUCCESS, logIndex=4214, commits[f9fecd82-c7ae-483e-b259-6428f2dfb240:c4215, adbfec77-7a0d-4773-aa56-ba0b778d0ab5:c4211, 90c45227-141f-43fe-b831-a2b91b39d6b0:c4211]
2019-07-14 06:26:09,204 INFO  client.GrpcClientProtocolClient (GrpcClientProtocolClient.java:onNext(255)) - client-D2340BF4DD29->f9fecd82-c7ae-483e-b259-6428f2dfb240: receive RaftClientReply:client-D2340BF4DD29->f9fecd82-c7ae-483e-b259-6428f2dfb240@group-7DE138E597A5, cid=2808, SUCCESS, logIndex=4215, commits[f9fecd82-c7ae-483e-b259-6428f2dfb240:c4215, adbfec77-7a0d-4773-aa56-ba0b778d0ab5:c4211, 90c45227-141f-43fe-b831-a2b91b39d6b0:c4211]
2019-07-14 06:26:09,216 INFO  client.GrpcClientProtocolClient (GrpcClientProtocolClient.java:onNext(255)) - client-D2340BF4DD29->f9fecd82-c7ae-483e-b259-6428f2dfb240: receive RaftClientReply:client-D2340BF4DD29->f9fecd82-c7ae-483e-b259-6428f2dfb240@group-7DE138E597A5, cid=2809, SUCCESS, logIndex=0, commits[f9fecd82-c7ae-483e-b259-6428f2dfb240:c4217, adbfec77-7a0d-4773-aa56-ba0b778d0ab5:c4213, 90c45227-141f-43fe-b831-a2b91b39d6b0:c4213]
2019-07-14 06:26:09,233 INFO  client.GrpcClientProtocolClient (GrpcClientProtocolClient.java:onNext(255)) - client-D2340BF4DD29->f9fecd82-c7ae-483e-b259-6428f2dfb240: receive RaftClientReply:client-D2340BF4DD29->f9fecd82-c7ae-483e-b259-6428f2dfb240@group-7DE138E597A5, cid=2810, SUCCESS, logIndex=4220, commits[f9fecd82-c7ae-483e-b259-6428f2dfb240:c4221, adbfec77-7a0d-4773-aa56-ba0b778d0ab5:c4217, 90c45227-141f-43fe-b831-a2b91b39d6b0:c4217]
2019-07-14 06:26:09,234 INFO  client.GrpcClientProtocolClient (GrpcClientProtocolClient.java:onNext(255)) - client-D2340BF4DD29->f9fecd82-c7ae-483e-b259-6428f2dfb240: receive RaftClientReply:client-D2340BF4DD29->f9fecd82-c7ae-483e-b259-6428f2dfb240@group-7DE138E597A5, cid=2811, SUCCESS, logIndex=4221, commits[f9fecd82-c7ae-483e-b259-6428f2dfb240:c4221, adbfec77-7a0d-4773-aa56-ba0b778d0ab5:c4217, 90c45227-141f-43fe-b831-a2b91b39d6b0:c4217]
2019-07-14 06:26:09,250 INFO  client.GrpcClientProtocolClient (GrpcClientProtocolClient.java:onNext(255)) - client-D2340BF4DD29->f9fecd82-c7ae-483e-b259-6428f2dfb240: receive RaftClientReply:client-D2340BF4DD29->f9fecd82-c7ae-483e-b259-6428f2dfb240@group-7DE138E597A5, cid=2812, SUCCESS, logIndex=4224, commits[f9fecd82-c7ae-483e-b259-6428f2dfb240:c4224, adbfec77-7a0d-4773-aa56-ba0b778d0ab5:c4221, 90c45227-141f-43fe-b831-a2b91b39d6b0:c4221]
2019-07-14 06:26:09,250 INFO  client.GrpcClientProtocolClient (GrpcClientProtocolClient.java:onNext(255)) - client-D2340BF4DD29->f9fecd82-c7ae-483e-b259-6428f2dfb240: receive RaftClientReply:client-D2340BF4DD29->f9fecd82-c7ae-483e-b259-6428f2dfb240@group-7DE138E597A5, cid=2813, SUCCESS, logIndex=4225, commits[f9fecd82-c7ae-483e-b259-6428f2dfb240:c4225, adbfec77-7a0d-4773-aa56-ba0b778d0ab5:c4221, 90c45227-141f-43fe-b831-a2b91b39d6b0:c4221]
2019-07-14 06:26:09,257 INFO  client.GrpcClientProtocolClient (GrpcClientProtocolClient.java:onNext(255)) - client-D2340BF4DD29->f9fecd82-c7ae-483e-b259-6428f2dfb240: receive RaftClientReply:client-D2340BF4DD29->f9fecd82-c7ae-483e-b259-6428f2dfb240@group-7DE138E597A5, cid=2814, SUCCESS, logIndex=0, commits[f9fecd82-c7ae-483e-b259-6428f2dfb240:c4227, adbfec77-7a0d-4773-aa56-ba0b778d0ab5:c4225, 90c45227-141f-43fe-b831-a2b91b39d6b0:c4225]
2019-07-14 06:26:09,283 INFO  client.GrpcClientProtocolClient (GrpcClientProtocolClient.java:onNext(255)) - client-D2340BF4DD29->f9fecd82-c7ae-483e-b259-6428f2dfb240: receive RaftClientReply:client-D2340BF4DD29->f9fecd82-c7ae-483e-b259-6428f2dfb240@group-7DE138E597A5, cid=2815, SUCCESS, logIndex=4228, commits[f9fecd82-c7ae-483e-b259-6428f2dfb240:c4229, adbfec77-7a0d-4773-aa56-ba0b778d0ab5:c4227, 90c45227-141f-43fe-b831-a2b91b39d6b0:c4227]
2019-07-14 06:26:09,284 INFO  client.GrpcClientProtocolClient (GrpcClientProtocolClient.java:onNext(255)) - client-D2340BF4DD29->f9fecd82-c7ae-483e-b259-6428f2dfb240: receive RaftClientReply:client-D2340BF4DD29->f9fecd82-c7ae-483e-b259-6428f2dfb240@group-7DE138E597A5, cid=2816, SUCCESS, logIndex=4229, commits[f9fecd82-c7ae-483e-b259-6428f2dfb240:c4229, adbfec77-7a0d-4773-aa56-ba0b778d0ab5:c4227, 90c45227-141f-43fe-b831-a2b91b39d6b0:c4227]
2019-07-14 06:26:09,286 INFO  client.GrpcClientProtocolClient (GrpcClientProtocolClient.java:onNext(255)) - client-D2340BF4DD29->f9fecd82-c7ae-483e-b259-6428f2dfb240: receive RaftClientReply:client-D2340BF4DD29->f9fecd82-c7ae-483e-b259-6428f2dfb240@group-7DE138E597A5, cid=2817, SUCCESS, logIndex=4230, commits[f9fecd82-c7ae-483e-b259-6428f2dfb240:c4231, adbfec77-7a0d-4773-aa56-ba0b778d0ab5:c4227, 90c45227-141f-43fe-b831-a2b91b39d6b0:c4227]
2019-07-14 06:26:09,287 INFO  client.GrpcClientProtocolClient (GrpcClientProtocolClient.java:onNext(255)) - client-D2340BF4DD29->f9fecd82-c7ae-483e-b259-6428f2dfb240: receive RaftClientReply:client-D2340BF4DD29->f9fecd82-c7ae-483e-b259-6428f2dfb240@group-7DE138E597A5, cid=2818, SUCCESS, logIndex=4231, commits[f9fecd82-c7ae-483e-b259-6428f2dfb240:c4233, adbfec77-7a0d-4773-aa56-ba0b778d0ab5:c4229, 90c45227-141f-43fe-b831-a2b91b39d6b0:c4229]
2019-07-14 06:26:09,318 INFO  client.GrpcClientProtocolClient (GrpcClientProtocolClient.java:onNext(255)) - client-D2340BF4DD29->f9fecd82-c7ae-483e-b259-6428f2dfb240: receive RaftClientReply:client-D2340BF4DD29->f9fecd82-c7ae-483e-b259-6428f2dfb240@group-7DE138E597A5, cid=2819, SUCCESS, logIndex=4236, commits[f9fecd82-c7ae-483e-b259-6428f2dfb240:c4237, adbfec77-7a0d-4773-aa56-ba0b778d0ab5:c4235, 90c45227-141f-43fe-b831-a2b91b39d6b0:c4235]
2019-07-14 06:26:09,319 INFO  client.GrpcClientProtocolClient (GrpcClientProtocolClient.java:onNext(255)) - client-D2340BF4DD29->f9fecd82-c7ae-483e-b259-6428f2dfb240: receive RaftClientReply:client-D2340BF4DD29->f9fecd82-c7ae-483e-b259-6428f2dfb240@group-7DE138E597A5, cid=2820, SUCCESS, logIndex=4237, commits[f9fecd82-c7ae-483e-b259-6428f2dfb240:c4237, adbfec77-7a0d-4773-aa56-ba0b778d0ab5:c4235, 90c45227-141f-43fe-b831-a2b91b39d6b0:c4235]
2019-07-14 06:26:09,344 INFO  client.GrpcClientProtocolClient (GrpcClientProtocolClient.java:onNext(255)) - client-D2340BF4DD29->f9fecd82-c7ae-483e-b259-6428f2dfb240: receive RaftClientReply:client-D2340BF4DD29->f9fecd82-c7ae-483e-b259-6428f2dfb240@group-7DE138E597A5, cid=2821, SUCCESS, logIndex=4240, commits[f9fecd82-c7ae-483e-b259-6428f2dfb240:c4241, adbfec77-7a0d-4773-aa56-ba0b778d0ab5:c4237, 90c45227-141f-43fe-b831-a2b91b39d6b0:c4237]
2019-07-14 06:26:09,344 INFO  client.GrpcClientProtocolClient (GrpcClientProtocolClient.java:onNext(255)) - client-D2340BF4DD29->f9fecd82-c7ae-483e-b259-6428f2dfb240: receive RaftClientReply:client-D2340BF4DD29->f9fecd82-c7ae-483e-b259-6428f2dfb240@group-7DE138E597A5, cid=2822, SUCCESS, logIndex=4241, commits[f9fecd82-c7ae-483e-b259-6428f2dfb240:c4241, adbfec77-7a0d-4773-aa56-ba0b778d0ab5:c4237, 90c45227-141f-43fe-b831-a2b91b39d6b0:c4237]
2019-07-14 06:26:09,355 INFO  client.GrpcClientProtocolClient (GrpcClientProtocolClient.java:onNext(255)) - client-D2340BF4DD29->f9fecd82-c7ae-483e-b259-6428f2dfb240: receive RaftClientReply:client-D2340BF4DD29->f9fecd82-c7ae-483e-b259-6428f2dfb240@group-7DE138E597A5, cid=2823, SUCCESS, logIndex=0, commits[f9fecd82-c7ae-483e-b259-6428f2dfb240:c4242, adbfec77-7a0d-4773-aa56-ba0b778d0ab5:c4241, 90c45227-141f-43fe-b831-a2b91b39d6b0:c4241]
2019-07-14 06:26:09,390 INFO  client.GrpcClientProtocolClient (GrpcClientProtocolClient.java:onNext(255)) - client-D2340BF4DD29->f9fecd82-c7ae-483e-b259-6428f2dfb240: receive RaftClientReply:client-D2340BF4DD29->f9fecd82-c7ae-483e-b259-6428f2dfb240@group-7DE138E597A5, cid=2824, SUCCESS, logIndex=4244, commits[f9fecd82-c7ae-483e-b259-6428f2dfb240:c4245, adbfec77-7a0d-4773-aa56-ba0b778d0ab5:c4243, 90c45227-141f-43fe-b831-a2b91b39d6b0:c4243]
2019-07-14 06:26:09,391 INFO  client.GrpcClientProtocolClient (GrpcClientProtocolClient.java:onNext(255)) - client-D2340BF4DD29->f9fecd82-c7ae-483e-b259-6428f2dfb240: receive RaftClientReply:client-D2340BF4DD29->f9fecd82-c7ae-483e-b259-6428f2dfb240@group-7DE138E597A5, cid=2825, SUCCESS, logIndex=4245, commits[f9fecd82-c7ae-483e-b259-6428f2dfb240:c4246, adbfec77-7a0d-4773-aa56-ba0b778d0ab5:c4243, 90c45227-141f-43fe-b831-a2b91b39d6b0:c4243]
2019-07-14 06:26:09,392 INFO  client.GrpcClientProtocolClient (GrpcClientProtocolClient.java:onNext(255)) - client-D2340BF4DD29->f9fecd82-c7ae-483e-b259-6428f2dfb240: receive RaftClientReply:client-D2340BF4DD29->f9fecd82-c7ae-483e-b259-6428f2dfb240@group-7DE138E597A5, cid=2826, SUCCESS, logIndex=4246, commits[f9fecd82-c7ae-483e-b259-6428f2dfb240:c4247, adbfec77-7a0d-4773-aa56-ba0b778d0ab5:c4243, 90c45227-141f-43fe-b831-a2b91b39d6b0:c4243]
2019-07-14 06:26:09,392 INFO  client.GrpcClientProtocolClient (GrpcClientProtocolClient.java:onNext(255)) - client-D2340BF4DD29->f9fecd82-c7ae-483e-b259-6428f2dfb240: receive RaftClientReply:client-D2340BF4DD29->f9fecd82-c7ae-483e-b259-6428f2dfb240@group-7DE138E597A5, cid=2827, SUCCESS, logIndex=4247, commits[f9fecd82-c7ae-483e-b259-6428f2dfb240:c4247, adbfec77-7a0d-4773-aa56-ba0b778d0ab5:c4243, 90c45227-141f-43fe-b831-a2b91b39d6b0:c4243]
2019-07-14 06:26:09,404 INFO  client.GrpcClientProtocolClient (GrpcClientProtocolClient.java:onNext(255)) - client-D2340BF4DD29->f9fecd82-c7ae-483e-b259-6428f2dfb240: receive RaftClientReply:client-D2340BF4DD29->f9fecd82-c7ae-483e-b259-6428f2dfb240@group-7DE138E597A5, cid=2828, SUCCESS, logIndex=0, commits[f9fecd82-c7ae-483e-b259-6428f2dfb240:c4249, adbfec77-7a0d-4773-aa56-ba0b778d0ab5:c4245, 90c45227-141f-43fe-b831-a2b91b39d6b0:c4245]
2019-07-14 06:26:09,428 INFO  client.GrpcClientProtocolClient (GrpcClientProtocolClient.java:onNext(255)) - client-D2340BF4DD29->f9fecd82-c7ae-483e-b259-6428f2dfb240: receive RaftClientReply:client-D2340BF4DD29->f9fecd82-c7ae-483e-b259-6428f2dfb240@group-7DE138E597A5, cid=2829, SUCCESS, logIndex=4252, commits[f9fecd82-c7ae-483e-b259-6428f2dfb240:c4253, adbfec77-7a0d-4773-aa56-ba0b778d0ab5:c4251, 90c45227-141f-43fe-b831-a2b91b39d6b0:c4247]
2019-07-14 06:26:09,428 INFO  client.GrpcClientProtocolClient (GrpcClientProtocolClient.java:onNext(255)) - client-D2340BF4DD29->f9fecd82-c7ae-483e-b259-6428f2dfb240: receive RaftClientReply:client-D2340BF4DD29->f9fecd82-c7ae-483e-b259-6428f2dfb240@group-7DE138E597A5, cid=2830, SUCCESS, logIndex=4253, commits[f9fecd82-c7ae-483e-b259-6428f2dfb240:c4253, adbfec77-7a0d-4773-aa56-ba0b778d0ab5:c4251, 90c45227-141f-43fe-b831-a2b91b39d6b0:c4251]
2019-07-14 06:26:09,456 INFO  client.GrpcClientProtocolClient (GrpcClientProtocolClient.java:onNext(255)) - client-D2340BF4DD29->f9fecd82-c7ae-483e-b259-6428f2dfb240: receive RaftClientReply:client-D2340BF4DD29->f9fecd82-c7ae-483e-b259-6428f2dfb240@group-7DE138E597A5, cid=2831, SUCCESS, logIndex=4256, commits[f9fecd82-c7ae-483e-b259-6428f2dfb240:c4257, adbfec77-7a0d-4773-aa56-ba0b778d0ab5:c4253, 90c45227-141f-43fe-b831-a2b91b39d6b0:c4253]
2019-07-14 06:26:09,457 INFO  client.GrpcClientProtocolClient (GrpcClientProtocolClient.java:onNext(255)) - client-D2340BF4DD29->f9fecd82-c7ae-483e-b259-6428f2dfb240: receive RaftClientReply:client-D2340BF4DD29->f9fecd82-c7ae-483e-b259-6428f2dfb240@group-7DE138E597A5, cid=2832, SUCCESS, logIndex=4257, commits[f9fecd82-c7ae-483e-b259-6428f2dfb240:c4257, adbfec77-7a0d-4773-aa56-ba0b778d0ab5:c4253, 90c45227-141f-43fe-b831-a2b91b39d6b0:c4253]
2019-07-14 06:26:09,470 INFO  client.GrpcClientProtocolClient (GrpcClientProtocolClient.java:onNext(255)) - client-D2340BF4DD29->f9fecd82-c7ae-483e-b259-6428f2dfb240: receive RaftClientReply:client-D2340BF4DD29->f9fecd82-c7ae-483e-b259-6428f2dfb240@group-7DE138E597A5, cid=2833, SUCCESS, logIndex=0, commits[f9fecd82-c7ae-483e-b259-6428f2dfb240:c4258, adbfec77-7a0d-4773-aa56-ba0b778d0ab5:c4257, 90c45227-141f-43fe-b831-a2b91b39d6b0:c4257]
2019-07-14 06:26:09,501 INFO  client.GrpcClientProtocolClient (GrpcClientProtocolClient.java:onNext(255)) - client-D2340BF4DD29->f9fecd82-c7ae-483e-b259-6428f2dfb240: receive RaftClientReply:client-D2340BF4DD29->f9fecd82-c7ae-483e-b259-6428f2dfb240@group-7DE138E597A5, cid=2834, SUCCESS, logIndex=4259, commits[f9fecd82-c7ae-483e-b259-6428f2dfb240:c4260, adbfec77-7a0d-4773-aa56-ba0b778d0ab5:c4258, 90c45227-141f-43fe-b831-a2b91b39d6b0:c4258]
2019-07-14 06:26:09,502 INFO  client.GrpcClientProtocolClient (GrpcClientProtocolClient.java:onNext(255)) - client-D2340BF4DD29->f9fecd82-c7ae-483e-b259-6428f2dfb240: receive RaftClientReply:client-D2340BF4DD29->f9fecd82-c7ae-483e-b259-6428f2dfb240@group-7DE138E597A5, cid=2835, SUCCESS, logIndex=4260, commits[f9fecd82-c7ae-483e-b259-6428f2dfb240:c4260, adbfec77-7a0d-4773-aa56-ba0b778d0ab5:c4258, 90c45227-141f-43fe-b831-a2b91b39d6b0:c4258]
2019-07-14 06:26:09,514 INFO  client.GrpcClientProtocolClient (GrpcClientProtocolClient.java:onNext(255)) - client-D2340BF4DD29->f9fecd82-c7ae-483e-b259-6428f2dfb240: receive RaftClientReply:client-D2340BF4DD29->f9fecd82-c7ae-483e-b259-6428f2dfb240@group-7DE138E597A5, cid=2836, SUCCESS, logIndex=4261, commits[f9fecd82-c7ae-483e-b259-6428f2dfb240:c4262, adbfec77-7a0d-4773-aa56-ba0b778d0ab5:c4258, 90c45227-141f-43fe-b831-a2b91b39d6b0:c4258]
2019-07-14 06:26:09,515 INFO  client.GrpcClientProtocolClient (GrpcClientProtocolClient.java:onNext(255)) - client-D2340BF4DD29->f9fecd82-c7ae-483e-b259-6428f2dfb240: receive RaftClientReply:client-D2340BF4DD29->f9fecd82-c7ae-483e-b259-6428f2dfb240@group-7DE138E597A5, cid=2837, SUCCESS, logIndex=4262, commits[f9fecd82-c7ae-483e-b259-6428f2dfb240:c4262, adbfec77-7a0d-4773-aa56-ba0b778d0ab5:c4258, 90c45227-141f-43fe-b831-a2b91b39d6b0:c4258]
2019-07-14 06:26:09,518 INFO  client.GrpcClientProtocolClient (GrpcClientProtocolClient.java:onNext(255)) - client-D2340BF4DD29->f9fecd82-c7ae-483e-b259-6428f2dfb240: receive RaftClientReply:client-D2340BF4DD29->f9fecd82-c7ae-483e-b259-6428f2dfb240@group-7DE138E597A5, cid=2838, SUCCESS, logIndex=0, commits[f9fecd82-c7ae-483e-b259-6428f2dfb240:c4264, adbfec77-7a0d-4773-aa56-ba0b778d0ab5:c4260, 90c45227-141f-43fe-b831-a2b91b39d6b0:c4260]
2019-07-14 06:26:09,530 INFO  client.GrpcClientProtocolClient (GrpcClientProtocolClient.java:onNext(255)) - client-D2340BF4DD29->f9fecd82-c7ae-483e-b259-6428f2dfb240: receive RaftClientReply:client-D2340BF4DD29->f9fecd82-c7ae-483e-b259-6428f2dfb240@group-7DE138E597A5, cid=2839, SUCCESS, logIndex=4267, commits[f9fecd82-c7ae-483e-b259-6428f2dfb240:c4268, adbfec77-7a0d-4773-aa56-ba0b778d0ab5:c4264, 90c45227-141f-43fe-b831-a2b91b39d6b0:c4262]
2019-07-14 06:26:09,530 INFO  client.GrpcClientProtocolClient (GrpcClientProtocolClient.java:onNext(255)) - client-D2340BF4DD29->f9fecd82-c7ae-483e-b259-6428f2dfb240: receive RaftClientReply:client-D2340BF4DD29->f9fecd82-c7ae-483e-b259-6428f2dfb240@group-7DE138E597A5, cid=2840, SUCCESS, logIndex=4268, commits[f9fecd82-c7ae-483e-b259-6428f2dfb240:c4268, adbfec77-7a0d-4773-aa56-ba0b778d0ab5:c4264, 90c45227-141f-43fe-b831-a2b91b39d6b0:c4264]
2019-07-14 06:26:09,561 INFO  client.GrpcClientProtocolClient (GrpcClientProtocolClient.java:onNext(255)) - client-D2340BF4DD29->f9fecd82-c7ae-483e-b259-6428f2dfb240: receive RaftClientReply:client-D2340BF4DD29->f9fecd82-c7ae-483e-b259-6428f2dfb240@group-7DE138E597A5, cid=2841, SUCCESS, logIndex=4271, commits[f9fecd82-c7ae-483e-b259-6428f2dfb240:c4272, adbfec77-7a0d-4773-aa56-ba0b778d0ab5:c4270, 90c45227-141f-43fe-b831-a2b91b39d6b0:c4268]
2019-07-14 06:26:09,561 INFO  client.GrpcClientProtocolClient (GrpcClientProtocolClient.java:onNext(255)) - client-D2340BF4DD29->f9fecd82-c7ae-483e-b259-6428f2dfb240: receive RaftClientReply:client-D2340BF4DD29->f9fecd82-c7ae-483e-b259-6428f2dfb240@group-7DE138E597A5, cid=2842, SUCCESS, logIndex=4272, commits[f9fecd82-c7ae-483e-b259-6428f2dfb240:c4272, adbfec77-7a0d-4773-aa56-ba0b778d0ab5:c4270, 90c45227-141f-43fe-b831-a2b91b39d6b0:c4270]
2019-07-14 06:26:09,574 INFO  client.GrpcClientProtocolClient (GrpcClientProtocolClient.java:onNext(255)) - client-D2340BF4DD29->f9fecd82-c7ae-483e-b259-6428f2dfb240: receive RaftClientReply:client-D2340BF4DD29->f9fecd82-c7ae-483e-b259-6428f2dfb240@group-7DE138E597A5, cid=2843, SUCCESS, logIndex=0, commits[f9fecd82-c7ae-483e-b259-6428f2dfb240:c4273, adbfec77-7a0d-4773-aa56-ba0b778d0ab5:c4272, 90c45227-141f-43fe-b831-a2b91b39d6b0:c4272]
2019-07-14 06:26:09,599 INFO  client.GrpcClientProtocolClient (GrpcClientProtocolClient.java:onNext(255)) - client-D2340BF4DD29->f9fecd82-c7ae-483e-b259-6428f2dfb240: receive RaftClientReply:client-D2340BF4DD29->f9fecd82-c7ae-483e-b259-6428f2dfb240@group-7DE138E597A5, cid=2844, SUCCESS, logIndex=4274, commits[f9fecd82-c7ae-483e-b259-6428f2dfb240:c4275, adbfec77-7a0d-4773-aa56-ba0b778d0ab5:c4273, 90c45227-141f-43fe-b831-a2b91b39d6b0:c4273]
2019-07-14 06:26:09,600 INFO  client.GrpcClientProtocolClient (GrpcClientProtocolClient.java:onNext(255)) - client-D2340BF4DD29->f9fecd82-c7ae-483e-b259-6428f2dfb240: receive RaftClientReply:client-D2340BF4DD29->f9fecd82-c7ae-483e-b259-6428f2dfb240@group-7DE138E597A5, cid=2845, SUCCESS, logIndex=4275, commits[f9fecd82-c7ae-483e-b259-6428f2dfb240:c4277, adbfec77-7a0d-4773-aa56-ba0b778d0ab5:c4273, 90c45227-141f-43fe-b831-a2b91b39d6b0:c4273]
2019-07-14 06:26:09,600 INFO  client.GrpcClientProtocolClient (GrpcClientProtocolClient.java:onNext(255)) - client-D2340BF4DD29->f9fecd82-c7ae-483e-b259-6428f2dfb240: receive RaftClientReply:client-D2340BF4DD29->f9fecd82-c7ae-483e-b259-6428f2dfb240@group-7DE138E597A5, cid=2846, SUCCESS, logIndex=4276, commits[f9fecd82-c7ae-483e-b259-6428f2dfb240:c4277, adbfec77-7a0d-4773-aa56-ba0b778d0ab5:c4273, 90c45227-141f-43fe-b831-a2b91b39d6b0:c4273]
2019-07-14 06:26:09,600 INFO  client.GrpcClientProtocolClient (GrpcClientProtocolClient.java:onNext(255)) - client-D2340BF4DD29->f9fecd82-c7ae-483e-b259-6428f2dfb240: receive RaftClientReply:client-D2340BF4DD29->f9fecd82-c7ae-483e-b259-6428f2dfb240@group-7DE138E597A5, cid=2847, SUCCESS, logIndex=4277, commits[f9fecd82-c7ae-483e-b259-6428f2dfb240:c4277, adbfec77-7a0d-4773-aa56-ba0b778d0ab5:c4273, 90c45227-141f-43fe-b831-a2b91b39d6b0:c4273]
2019-07-14 06:26:09,612 INFO  client.GrpcClientProtocolClient (GrpcClientProtocolClient.java:onNext(255)) - client-D2340BF4DD29->f9fecd82-c7ae-483e-b259-6428f2dfb240: receive RaftClientReply:client-D2340BF4DD29->f9fecd82-c7ae-483e-b259-6428f2dfb240@group-7DE138E597A5, cid=2848, SUCCESS, logIndex=0, commits[f9fecd82-c7ae-483e-b259-6428f2dfb240:c4277, adbfec77-7a0d-4773-aa56-ba0b778d0ab5:c4275, 90c45227-141f-43fe-b831-a2b91b39d6b0:c4275]
2019-07-14 06:26:09,626 INFO  client.GrpcClientProtocolClient (GrpcClientProtocolClient.java:onNext(255)) - client-D2340BF4DD29->f9fecd82-c7ae-483e-b259-6428f2dfb240: receive RaftClientReply:client-D2340BF4DD29->f9fecd82-c7ae-483e-b259-6428f2dfb240@group-7DE138E597A5, cid=2849, SUCCESS, logIndex=4282, commits[f9fecd82-c7ae-483e-b259-6428f2dfb240:c4283, adbfec77-7a0d-4773-aa56-ba0b778d0ab5:c4278, 90c45227-141f-43fe-b831-a2b91b39d6b0:c4278]
2019-07-14 06:26:09,626 INFO  client.GrpcClientProtocolClient (GrpcClientProtocolClient.java:onNext(255)) - client-D2340BF4DD29->f9fecd82-c7ae-483e-b259-6428f2dfb240: receive RaftClientReply:client-D2340BF4DD29->f9fecd82-c7ae-483e-b259-6428f2dfb240@group-7DE138E597A5, cid=2850, SUCCESS, logIndex=4283, commits[f9fecd82-c7ae-483e-b259-6428f2dfb240:c4283, adbfec77-7a0d-4773-aa56-ba0b778d0ab5:c4278, 90c45227-141f-43fe-b831-a2b91b39d6b0:c4278]
2019-07-14 06:26:09,655 INFO  client.GrpcClientProtocolClient (GrpcClientProtocolClient.java:onNext(255)) - client-D2340BF4DD29->f9fecd82-c7ae-483e-b259-6428f2dfb240: receive RaftClientReply:client-D2340BF4DD29->f9fecd82-c7ae-483e-b259-6428f2dfb240@group-7DE138E597A5, cid=2851, SUCCESS, logIndex=4286, commits[f9fecd82-c7ae-483e-b259-6428f2dfb240:c4287, adbfec77-7a0d-4773-aa56-ba0b778d0ab5:c4284, 90c45227-141f-43fe-b831-a2b91b39d6b0:c4284]
2019-07-14 06:26:09,655 INFO  client.GrpcClientProtocolClient (GrpcClientProtocolClient.java:onNext(255)) - client-D2340BF4DD29->f9fecd82-c7ae-483e-b259-6428f2dfb240: receive RaftClientReply:client-D2340BF4DD29->f9fecd82-c7ae-483e-b259-6428f2dfb240@group-7DE138E597A5, cid=2852, SUCCESS, logIndex=4287, commits[f9fecd82-c7ae-483e-b259-6428f2dfb240:c4287, adbfec77-7a0d-4773-aa56-ba0b778d0ab5:c4284, 90c45227-141f-43fe-b831-a2b91b39d6b0:c4284]
2019-07-14 06:26:09,681 INFO  client.GrpcClientProtocolClient (GrpcClientProtocolClient.java:onNext(255)) - client-D2340BF4DD29->f9fecd82-c7ae-483e-b259-6428f2dfb240: receive RaftClientReply:client-D2340BF4DD29->f9fecd82-c7ae-483e-b259-6428f2dfb240@group-7DE138E597A5, cid=2853, SUCCESS, logIndex=0, commits[f9fecd82-c7ae-483e-b259-6428f2dfb240:c4289, adbfec77-7a0d-4773-aa56-ba0b778d0ab5:c4287, 90c45227-141f-43fe-b831-a2b91b39d6b0:c4287]
2019-07-14 06:26:09,725 INFO  client.GrpcClientProtocolClient (GrpcClientProtocolClient.java:onNext(255)) - client-D2340BF4DD29->f9fecd82-c7ae-483e-b259-6428f2dfb240: receive RaftClientReply:client-D2340BF4DD29->f9fecd82-c7ae-483e-b259-6428f2dfb240@group-7DE138E597A5, cid=2854, SUCCESS, logIndex=4290, commits[f9fecd82-c7ae-483e-b259-6428f2dfb240:c4292, adbfec77-7a0d-4773-aa56-ba0b778d0ab5:c4289, 90c45227-141f-43fe-b831-a2b91b39d6b0:c4289]
2019-07-14 06:26:09,725 INFO  client.GrpcClientProtocolClient (GrpcClientProtocolClient.java:onNext(255)) - client-D2340BF4DD29->f9fecd82-c7ae-483e-b259-6428f2dfb240: receive RaftClientReply:client-D2340BF4DD29->f9fecd82-c7ae-483e-b259-6428f2dfb240@group-7DE138E597A5, cid=2855, SUCCESS, logIndex=4291, commits[f9fecd82-c7ae-483e-b259-6428f2dfb240:c4293, adbfec77-7a0d-4773-aa56-ba0b778d0ab5:c4289, 90c45227-141f-43fe-b831-a2b91b39d6b0:c4289]
2019-07-14 06:26:09,726 INFO  client.GrpcClientProtocolClient (GrpcClientProtocolClient.java:onNext(255)) - client-D2340BF4DD29->f9fecd82-c7ae-483e-b259-6428f2dfb240: receive RaftClientReply:client-D2340BF4DD29->f9fecd82-c7ae-483e-b259-6428f2dfb240@group-7DE138E597A5, cid=2856, SUCCESS, logIndex=4292, commits[f9fecd82-c7ae-483e-b259-6428f2dfb240:c4293, adbfec77-7a0d-4773-aa56-ba0b778d0ab5:c4289, 90c45227-141f-43fe-b831-a2b91b39d6b0:c4289]
2019-07-14 06:26:09,726 INFO  client.GrpcClientProtocolClient (GrpcClientProtocolClient.java:onNext(255)) - client-D2340BF4DD29->f9fecd82-c7ae-483e-b259-6428f2dfb240: receive RaftClientReply:client-D2340BF4DD29->f9fecd82-c7ae-483e-b259-6428f2dfb240@group-7DE138E597A5, cid=2857, SUCCESS, logIndex=4293, commits[f9fecd82-c7ae-483e-b259-6428f2dfb240:c4293, adbfec77-7a0d-4773-aa56-ba0b778d0ab5:c4289, 90c45227-141f-43fe-b831-a2b91b39d6b0:c4289]
2019-07-14 06:26:09,731 INFO  client.GrpcClientProtocolClient (GrpcClientProtocolClient.java:onNext(255)) - client-D2340BF4DD29->f9fecd82-c7ae-483e-b259-6428f2dfb240: receive RaftClientReply:client-D2340BF4DD29->f9fecd82-c7ae-483e-b259-6428f2dfb240@group-7DE138E597A5, cid=2858, SUCCESS, logIndex=0, commits[f9fecd82-c7ae-483e-b259-6428f2dfb240:c4296, adbfec77-7a0d-4773-aa56-ba0b778d0ab5:c4291, 90c45227-141f-43fe-b831-a2b91b39d6b0:c4292]
2019-07-14 06:26:09,741 INFO  client.GrpcClientProtocolClient (GrpcClientProtocolClient.java:onNext(255)) - client-D2340BF4DD29->f9fecd82-c7ae-483e-b259-6428f2dfb240: receive RaftClientReply:client-D2340BF4DD29->f9fecd82-c7ae-483e-b259-6428f2dfb240@group-7DE138E597A5, cid=2859, SUCCESS, logIndex=4298, commits[f9fecd82-c7ae-483e-b259-6428f2dfb240:c4299, adbfec77-7a0d-4773-aa56-ba0b778d0ab5:c4297, 90c45227-141f-43fe-b831-a2b91b39d6b0:c4293]
2019-07-14 06:26:09,741 INFO  client.GrpcClientProtocolClient (GrpcClientProtocolClient.java:onNext(255)) - client-D2340BF4DD29->f9fecd82-c7ae-483e-b259-6428f2dfb240: receive RaftClientReply:client-D2340BF4DD29->f9fecd82-c7ae-483e-b259-6428f2dfb240@group-7DE138E597A5, cid=2860, SUCCESS, logIndex=4299, commits[f9fecd82-c7ae-483e-b259-6428f2dfb240:c4299, adbfec77-7a0d-4773-aa56-ba0b778d0ab5:c4297, 90c45227-141f-43fe-b831-a2b91b39d6b0:c4293]
2019-07-14 06:26:09,751 INFO  client.GrpcClientProtocolClient (GrpcClientProtocolClient.java:onNext(255)) - client-D2340BF4DD29->f9fecd82-c7ae-483e-b259-6428f2dfb240: receive RaftClientReply:client-D2340BF4DD29->f9fecd82-c7ae-483e-b259-6428f2dfb240@group-7DE138E597A5, cid=2861, SUCCESS, logIndex=4302, commits[f9fecd82-c7ae-483e-b259-6428f2dfb240:c4303, adbfec77-7a0d-4773-aa56-ba0b778d0ab5:c4300, 90c45227-141f-43fe-b831-a2b91b39d6b0:c4300]
2019-07-14 06:26:09,752 INFO  client.GrpcClientProtocolClient (GrpcClientProtocolClient.java:onNext(255)) - client-D2340BF4DD29->f9fecd82-c7ae-483e-b259-6428f2dfb240: receive RaftClientReply:client-D2340BF4DD29->f9fecd82-c7ae-483e-b259-6428f2dfb240@group-7DE138E597A5, cid=2862, SUCCESS, logIndex=4303, commits[f9fecd82-c7ae-483e-b259-6428f2dfb240:c4303, adbfec77-7a0d-4773-aa56-ba0b778d0ab5:c4300, 90c45227-141f-43fe-b831-a2b91b39d6b0:c4300]
2019-07-14 06:26:09,757 INFO  client.GrpcClientProtocolClient (GrpcClientProtocolClient.java:onNext(255)) - client-D2340BF4DD29->f9fecd82-c7ae-483e-b259-6428f2dfb240: receive RaftClientReply:client-D2340BF4DD29->f9fecd82-c7ae-483e-b259-6428f2dfb240@group-7DE138E597A5, cid=2863, SUCCESS, logIndex=0, commits[f9fecd82-c7ae-483e-b259-6428f2dfb240:c4305, adbfec77-7a0d-4773-aa56-ba0b778d0ab5:c4303, 90c45227-141f-43fe-b831-a2b91b39d6b0:c4303]
2019-07-14 06:26:09,779 INFO  client.GrpcClientProtocolClient (GrpcClientProtocolClient.java:onNext(255)) - client-D2340BF4DD29->f9fecd82-c7ae-483e-b259-6428f2dfb240: receive RaftClientReply:client-D2340BF4DD29->f9fecd82-c7ae-483e-b259-6428f2dfb240@group-7DE138E597A5, cid=2864, SUCCESS, logIndex=4306, commits[f9fecd82-c7ae-483e-b259-6428f2dfb240:c4307, adbfec77-7a0d-4773-aa56-ba0b778d0ab5:c4303, 90c45227-141f-43fe-b831-a2b91b39d6b0:c4305]
2019-07-14 06:26:09,779 INFO  client.GrpcClientProtocolClient (GrpcClientProtocolClient.java:onNext(255)) - client-D2340BF4DD29->f9fecd82-c7ae-483e-b259-6428f2dfb240: receive RaftClientReply:client-D2340BF4DD29->f9fecd82-c7ae-483e-b259-6428f2dfb240@group-7DE138E597A5, cid=2865, SUCCESS, logIndex=4307, commits[f9fecd82-c7ae-483e-b259-6428f2dfb240:c4309, adbfec77-7a0d-4773-aa56-ba0b778d0ab5:c4305, 90c45227-141f-43fe-b831-a2b91b39d6b0:c4305]
2019-07-14 06:26:09,780 INFO  client.GrpcClientProtocolClient (GrpcClientProtocolClient.java:onNext(255)) - client-D2340BF4DD29->f9fecd82-c7ae-483e-b259-6428f2dfb240: receive RaftClientReply:client-D2340BF4DD29->f9fecd82-c7ae-483e-b259-6428f2dfb240@group-7DE138E597A5, cid=2866, SUCCESS, logIndex=4308, commits[f9fecd82-c7ae-483e-b259-6428f2dfb240:c4309, adbfec77-7a0d-4773-aa56-ba0b778d0ab5:c4305, 90c45227-141f-43fe-b831-a2b91b39d6b0:c4305]
2019-07-14 06:26:09,780 INFO  client.GrpcClientProtocolClient (GrpcClientProtocolClient.java:onNext(255)) - client-D2340BF4DD29->f9fecd82-c7ae-483e-b259-6428f2dfb240: receive RaftClientReply:client-D2340BF4DD29->f9fecd82-c7ae-483e-b259-6428f2dfb240@group-7DE138E597A5, cid=2867, SUCCESS, logIndex=4309, commits[f9fecd82-c7ae-483e-b259-6428f2dfb240:c4309, adbfec77-7a0d-4773-aa56-ba0b778d0ab5:c4305, 90c45227-141f-43fe-b831-a2b91b39d6b0:c4305]
2019-07-14 06:26:09,781 INFO  client.GrpcClientProtocolClient (GrpcClientProtocolClient.java:onNext(255)) - client-D2340BF4DD29->f9fecd82-c7ae-483e-b259-6428f2dfb240: receive RaftClientReply:client-D2340BF4DD29->f9fecd82-c7ae-483e-b259-6428f2dfb240@group-7DE138E597A5, cid=2868, SUCCESS, logIndex=0, commits[f9fecd82-c7ae-483e-b259-6428f2dfb240:c4311, adbfec77-7a0d-4773-aa56-ba0b778d0ab5:c4307, 90c45227-141f-43fe-b831-a2b91b39d6b0:c4307]
2019-07-14 06:26:09,804 INFO  client.GrpcClientProtocolClient (GrpcClientProtocolClient.java:onNext(255)) - client-D2340BF4DD29->f9fecd82-c7ae-483e-b259-6428f2dfb240: receive RaftClientReply:client-D2340BF4DD29->f9fecd82-c7ae-483e-b259-6428f2dfb240@group-7DE138E597A5, cid=2869, SUCCESS, logIndex=4313, commits[f9fecd82-c7ae-483e-b259-6428f2dfb240:c4314, adbfec77-7a0d-4773-aa56-ba0b778d0ab5:c4312, 90c45227-141f-43fe-b831-a2b91b39d6b0:c4312]
2019-07-14 06:26:09,804 INFO  client.GrpcClientProtocolClient (GrpcClientProtocolClient.java:onNext(255)) - client-D2340BF4DD29->f9fecd82-c7ae-483e-b259-6428f2dfb240: receive RaftClientReply:client-D2340BF4DD29->f9fecd82-c7ae-483e-b259-6428f2dfb240@group-7DE138E597A5, cid=2870, SUCCESS, logIndex=4314, commits[f9fecd82-c7ae-483e-b259-6428f2dfb240:c4314, adbfec77-7a0d-4773-aa56-ba0b778d0ab5:c4312, 90c45227-141f-43fe-b831-a2b91b39d6b0:c4312]
2019-07-14 06:26:09,819 INFO  client.GrpcClientProtocolClient (GrpcClientProtocolClient.java:onNext(255)) - client-D2340BF4DD29->f9fecd82-c7ae-483e-b259-6428f2dfb240: receive RaftClientReply:client-D2340BF4DD29->f9fecd82-c7ae-483e-b259-6428f2dfb240@group-7DE138E597A5, cid=2871, SUCCESS, logIndex=4317, commits[f9fecd82-c7ae-483e-b259-6428f2dfb240:c4318, adbfec77-7a0d-4773-aa56-ba0b778d0ab5:c4314, 90c45227-141f-43fe-b831-a2b91b39d6b0:c4314]
2019-07-14 06:26:09,819 INFO  client.GrpcClientProtocolClient (GrpcClientProtocolClient.java:onNext(255)) - client-D2340BF4DD29->f9fecd82-c7ae-483e-b259-6428f2dfb240: receive RaftClientReply:client-D2340BF4DD29->f9fecd82-c7ae-483e-b259-6428f2dfb240@group-7DE138E597A5, cid=2872, SUCCESS, logIndex=4318, commits[f9fecd82-c7ae-483e-b259-6428f2dfb240:c4318, adbfec77-7a0d-4773-aa56-ba0b778d0ab5:c4314, 90c45227-141f-43fe-b831-a2b91b39d6b0:c4314]
2019-07-14 06:26:09,833 INFO  client.GrpcClientProtocolClient (GrpcClientProtocolClient.java:onNext(255)) - client-D2340BF4DD29->f9fecd82-c7ae-483e-b259-6428f2dfb240: receive RaftClientReply:client-D2340BF4DD29->f9fecd82-c7ae-483e-b259-6428f2dfb240@group-7DE138E597A5, cid=2873, SUCCESS, logIndex=0, commits[f9fecd82-c7ae-483e-b259-6428f2dfb240:c4318, adbfec77-7a0d-4773-aa56-ba0b778d0ab5:c4318, 90c45227-141f-43fe-b831-a2b91b39d6b0:c4318]
2019-07-14 06:26:09,863 INFO  client.GrpcClientProtocolClient (GrpcClientProtocolClient.java:onNext(255)) - client-D2340BF4DD29->f9fecd82-c7ae-483e-b259-6428f2dfb240: receive RaftClientReply:client-D2340BF4DD29->f9fecd82-c7ae-483e-b259-6428f2dfb240@group-7DE138E597A5, cid=2874, SUCCESS, logIndex=4321, commits[f9fecd82-c7ae-483e-b259-6428f2dfb240:c4322, adbfec77-7a0d-4773-aa56-ba0b778d0ab5:c4320, 90c45227-141f-43fe-b831-a2b91b39d6b0:c4320]
2019-07-14 06:26:09,864 INFO  client.GrpcClientProtocolClient (GrpcClientProtocolClient.java:onNext(255)) - client-D2340BF4DD29->f9fecd82-c7ae-483e-b259-6428f2dfb240: receive RaftClientReply:client-D2340BF4DD29->f9fecd82-c7ae-483e-b259-6428f2dfb240@group-7DE138E597A5, cid=2875, SUCCESS, logIndex=4322, commits[f9fecd82-c7ae-483e-b259-6428f2dfb240:c4324, adbfec77-7a0d-4773-aa56-ba0b778d0ab5:c4320, 90c45227-141f-43fe-b831-a2b91b39d6b0:c4320]
2019-07-14 06:26:09,864 INFO  client.GrpcClientProtocolClient (GrpcClientProtocolClient.java:onNext(255)) - client-D2340BF4DD29->f9fecd82-c7ae-483e-b259-6428f2dfb240: receive RaftClientReply:client-D2340BF4DD29->f9fecd82-c7ae-483e-b259-6428f2dfb240@group-7DE138E597A5, cid=2876, SUCCESS, logIndex=4323, commits[f9fecd82-c7ae-483e-b259-6428f2dfb240:c4324, adbfec77-7a0d-4773-aa56-ba0b778d0ab5:c4320, 90c45227-141f-43fe-b831-a2b91b39d6b0:c4320]
2019-07-14 06:26:09,864 INFO  client.GrpcClientProtocolClient (GrpcClientProtocolClient.java:onNext(255)) - client-D2340BF4DD29->f9fecd82-c7ae-483e-b259-6428f2dfb240: receive RaftClientReply:client-D2340BF4DD29->f9fecd82-c7ae-483e-b259-6428f2dfb240@group-7DE138E597A5, cid=2877, SUCCESS, logIndex=4324, commits[f9fecd82-c7ae-483e-b259-6428f2dfb240:c4324, adbfec77-7a0d-4773-aa56-ba0b778d0ab5:c4320, 90c45227-141f-43fe-b831-a2b91b39d6b0:c4320]
2019-07-14 06:26:09,878 INFO  client.GrpcClientProtocolClient (GrpcClientProtocolClient.java:onNext(255)) - client-D2340BF4DD29->f9fecd82-c7ae-483e-b259-6428f2dfb240: receive RaftClientReply:client-D2340BF4DD29->f9fecd82-c7ae-483e-b259-6428f2dfb240@group-7DE138E597A5, cid=2878, SUCCESS, logIndex=0, commits[f9fecd82-c7ae-483e-b259-6428f2dfb240:c4327, adbfec77-7a0d-4773-aa56-ba0b778d0ab5:c4322, 90c45227-141f-43fe-b831-a2b91b39d6b0:c4323]
2019-07-14 06:26:09,898 INFO  client.GrpcClientProtocolClient (GrpcClientProtocolClient.java:onNext(255)) - client-D2340BF4DD29->f9fecd82-c7ae-483e-b259-6428f2dfb240: receive RaftClientReply:client-D2340BF4DD29->f9fecd82-c7ae-483e-b259-6428f2dfb240@group-7DE138E597A5, cid=2879, SUCCESS, logIndex=4329, commits[f9fecd82-c7ae-483e-b259-6428f2dfb240:c4330, adbfec77-7a0d-4773-aa56-ba0b778d0ab5:c4328, 90c45227-141f-43fe-b831-a2b91b39d6b0:c4328]
2019-07-14 06:26:09,899 INFO  client.GrpcClientProtocolClient (GrpcClientProtocolClient.java:onNext(255)) - client-D2340BF4DD29->f9fecd82-c7ae-483e-b259-6428f2dfb240: receive RaftClientReply:client-D2340BF4DD29->f9fecd82-c7ae-483e-b259-6428f2dfb240@group-7DE138E597A5, cid=2880, SUCCESS, logIndex=4330, commits[f9fecd82-c7ae-483e-b259-6428f2dfb240:c4330, adbfec77-7a0d-4773-aa56-ba0b778d0ab5:c4328, 90c45227-141f-43fe-b831-a2b91b39d6b0:c4328]
2019-07-14 06:26:10,011 INFO  client.GrpcClientProtocolClient (GrpcClientProtocolClient.java:onNext(255)) - client-D2340BF4DD29->f9fecd82-c7ae-483e-b259-6428f2dfb240: receive RaftClientReply:client-D2340BF4DD29->f9fecd82-c7ae-483e-b259-6428f2dfb240@group-7DE138E597A5, cid=2881, SUCCESS, logIndex=4333, commits[f9fecd82-c7ae-483e-b259-6428f2dfb240:c4334, adbfec77-7a0d-4773-aa56-ba0b778d0ab5:c4330, 90c45227-141f-43fe-b831-a2b91b39d6b0:c4330]
2019-07-14 06:26:10,012 INFO  client.GrpcClientProtocolClient (GrpcClientProtocolClient.java:onNext(255)) - client-D2340BF4DD29->f9fecd82-c7ae-483e-b259-6428f2dfb240: receive RaftClientReply:client-D2340BF4DD29->f9fecd82-c7ae-483e-b259-6428f2dfb240@group-7DE138E597A5, cid=2882, SUCCESS, logIndex=4334, commits[f9fecd82-c7ae-483e-b259-6428f2dfb240:c4334, adbfec77-7a0d-4773-aa56-ba0b778d0ab5:c4330, 90c45227-141f-43fe-b831-a2b91b39d6b0:c4330]
2019-07-14 06:26:10,024 INFO  client.GrpcClientProtocolClient (GrpcClientProtocolClient.java:onNext(255)) - client-D2340BF4DD29->f9fecd82-c7ae-483e-b259-6428f2dfb240: receive RaftClientReply:client-D2340BF4DD29->f9fecd82-c7ae-483e-b259-6428f2dfb240@group-7DE138E597A5, cid=2883, SUCCESS, logIndex=0, commits[f9fecd82-c7ae-483e-b259-6428f2dfb240:c4336, adbfec77-7a0d-4773-aa56-ba0b778d0ab5:c4334, 90c45227-141f-43fe-b831-a2b91b39d6b0:c4334]
 0.00% |█                                                                                                    |  0/1 Time: 0:00:242019-07-14 06:26:10,055 INFO  client.GrpcClientProtocolClient (GrpcClientProtocolClient.java:onNext(255)) - client-D2340BF4DD29->f9fecd82-c7ae-483e-b259-6428f2dfb240: receive RaftClientReply:client-D2340BF4DD29->f9fecd82-c7ae-483e-b259-6428f2dfb240@group-7DE138E597A5, cid=2884, SUCCESS, logIndex=4337, commits[f9fecd82-c7ae-483e-b259-6428f2dfb240:c4338, adbfec77-7a0d-4773-aa56-ba0b778d0ab5:c4336, 90c45227-141f-43fe-b831-a2b91b39d6b0:c4336]
2019-07-14 06:26:10,056 INFO  client.GrpcClientProtocolClient (GrpcClientProtocolClient.java:onNext(255)) - client-D2340BF4DD29->f9fecd82-c7ae-483e-b259-6428f2dfb240: receive RaftClientReply:client-D2340BF4DD29->f9fecd82-c7ae-483e-b259-6428f2dfb240@group-7DE138E597A5, cid=2885, SUCCESS, logIndex=4338, commits[f9fecd82-c7ae-483e-b259-6428f2dfb240:c4338, adbfec77-7a0d-4773-aa56-ba0b778d0ab5:c4336, 90c45227-141f-43fe-b831-a2b91b39d6b0:c4336]
2019-07-14 06:26:10,066 INFO  client.GrpcClientProtocolClient (GrpcClientProtocolClient.java:onNext(255)) - client-D2340BF4DD29->f9fecd82-c7ae-483e-b259-6428f2dfb240: receive RaftClientReply:client-D2340BF4DD29->f9fecd82-c7ae-483e-b259-6428f2dfb240@group-7DE138E597A5, cid=2886, SUCCESS, logIndex=4339, commits[f9fecd82-c7ae-483e-b259-6428f2dfb240:c4340, adbfec77-7a0d-4773-aa56-ba0b778d0ab5:c4336, 90c45227-141f-43fe-b831-a2b91b39d6b0:c4336]
2019-07-14 06:26:10,067 INFO  client.GrpcClientProtocolClient (GrpcClientProtocolClient.java:onNext(255)) - client-D2340BF4DD29->f9fecd82-c7ae-483e-b259-6428f2dfb240: receive RaftClientReply:client-D2340BF4DD29->f9fecd82-c7ae-483e-b259-6428f2dfb240@group-7DE138E597A5, cid=2887, SUCCESS, logIndex=4340, commits[f9fecd82-c7ae-483e-b259-6428f2dfb240:c4340, adbfec77-7a0d-4773-aa56-ba0b778d0ab5:c4336, 90c45227-141f-43fe-b831-a2b91b39d6b0:c4336]
2019-07-14 06:26:10,069 INFO  client.GrpcClientProtocolClient (GrpcClientProtocolClient.java:onNext(255)) - client-D2340BF4DD29->f9fecd82-c7ae-483e-b259-6428f2dfb240: receive RaftClientReply:client-D2340BF4DD29->f9fecd82-c7ae-483e-b259-6428f2dfb240@group-7DE138E597A5, cid=2888, SUCCESS, logIndex=0, commits[f9fecd82-c7ae-483e-b259-6428f2dfb240:c4342, adbfec77-7a0d-4773-aa56-ba0b778d0ab5:c4338, 90c45227-141f-43fe-b831-a2b91b39d6b0:c4338]
2019-07-14 06:26:10,086 INFO  client.GrpcClientProtocolClient (GrpcClientProtocolClient.java:onNext(255)) - client-D2340BF4DD29->f9fecd82-c7ae-483e-b259-6428f2dfb240: receive RaftClientReply:client-D2340BF4DD29->f9fecd82-c7ae-483e-b259-6428f2dfb240@group-7DE138E597A5, cid=2889, SUCCESS, logIndex=4345, commits[f9fecd82-c7ae-483e-b259-6428f2dfb240:c4346, adbfec77-7a0d-4773-aa56-ba0b778d0ab5:c4340, 90c45227-141f-43fe-b831-a2b91b39d6b0:c4342]
2019-07-14 06:26:10,086 INFO  client.GrpcClientProtocolClient (GrpcClientProtocolClient.java:onNext(255)) - client-D2340BF4DD29->f9fecd82-c7ae-483e-b259-6428f2dfb240: receive RaftClientReply:client-D2340BF4DD29->f9fecd82-c7ae-483e-b259-6428f2dfb240@group-7DE138E597A5, cid=2890, SUCCESS, logIndex=4346, commits[f9fecd82-c7ae-483e-b259-6428f2dfb240:c4346, adbfec77-7a0d-4773-aa56-ba0b778d0ab5:c4342, 90c45227-141f-43fe-b831-a2b91b39d6b0:c4342]
2019-07-14 06:26:10,110 INFO  client.GrpcClientProtocolClient (GrpcClientProtocolClient.java:onNext(255)) - client-D2340BF4DD29->f9fecd82-c7ae-483e-b259-6428f2dfb240: receive RaftClientReply:client-D2340BF4DD29->f9fecd82-c7ae-483e-b259-6428f2dfb240@group-7DE138E597A5, cid=2891, SUCCESS, logIndex=4348, commits[f9fecd82-c7ae-483e-b259-6428f2dfb240:c4349, adbfec77-7a0d-4773-aa56-ba0b778d0ab5:c4347, 90c45227-141f-43fe-b831-a2b91b39d6b0:c4347]
2019-07-14 06:26:10,110 INFO  client.GrpcClientProtocolClient (GrpcClientProtocolClient.java:onNext(255)) - client-D2340BF4DD29->f9fecd82-c7ae-483e-b259-6428f2dfb240: receive RaftClientReply:client-D2340BF4DD29->f9fecd82-c7ae-483e-b259-6428f2dfb240@group-7DE138E597A5, cid=2892, SUCCESS, logIndex=4349, commits[f9fecd82-c7ae-483e-b259-6428f2dfb240:c4349, adbfec77-7a0d-4773-aa56-ba0b778d0ab5:c4347, 90c45227-141f-43fe-b831-a2b91b39d6b0:c4347]
2019-07-14 06:26:10,124 INFO  client.GrpcClientProtocolClient (GrpcClientProtocolClient.java:onNext(255)) - client-D2340BF4DD29->f9fecd82-c7ae-483e-b259-6428f2dfb240: receive RaftClientReply:client-D2340BF4DD29->f9fecd82-c7ae-483e-b259-6428f2dfb240@group-7DE138E597A5, cid=2893, SUCCESS, logIndex=0, commits[f9fecd82-c7ae-483e-b259-6428f2dfb240:c4351, adbfec77-7a0d-4773-aa56-ba0b778d0ab5:c4349, 90c45227-141f-43fe-b831-a2b91b39d6b0:c4349]
2019-07-14 06:26:10,157 INFO  client.GrpcClientProtocolClient (GrpcClientProtocolClient.java:onNext(255)) - client-D2340BF4DD29->f9fecd82-c7ae-483e-b259-6428f2dfb240: receive RaftClientReply:client-D2340BF4DD29->f9fecd82-c7ae-483e-b259-6428f2dfb240@group-7DE138E597A5, cid=2894, SUCCESS, logIndex=4352, commits[f9fecd82-c7ae-483e-b259-6428f2dfb240:c4353, adbfec77-7a0d-4773-aa56-ba0b778d0ab5:c4351, 90c45227-141f-43fe-b831-a2b91b39d6b0:c4351]
2019-07-14 06:26:10,158 INFO  client.GrpcClientProtocolClient (GrpcClientProtocolClient.java:onNext(255)) - client-D2340BF4DD29->f9fecd82-c7ae-483e-b259-6428f2dfb240: receive RaftClientReply:client-D2340BF4DD29->f9fecd82-c7ae-483e-b259-6428f2dfb240@group-7DE138E597A5, cid=2895, SUCCESS, logIndex=4353, commits[f9fecd82-c7ae-483e-b259-6428f2dfb240:c4355, adbfec77-7a0d-4773-aa56-ba0b778d0ab5:c4351, 90c45227-141f-43fe-b831-a2b91b39d6b0:c4351]
2019-07-14 06:26:10,158 INFO  client.GrpcClientProtocolClient (GrpcClientProtocolClient.java:onNext(255)) - client-D2340BF4DD29->f9fecd82-c7ae-483e-b259-6428f2dfb240: receive RaftClientReply:client-D2340BF4DD29->f9fecd82-c7ae-483e-b259-6428f2dfb240@group-7DE138E597A5, cid=2896, SUCCESS, logIndex=4354, commits[f9fecd82-c7ae-483e-b259-6428f2dfb240:c4355, adbfec77-7a0d-4773-aa56-ba0b778d0ab5:c4351, 90c45227-141f-43fe-b831-a2b91b39d6b0:c4351]
2019-07-14 06:26:10,159 INFO  client.GrpcClientProtocolClient (GrpcClientProtocolClient.java:onNext(255)) - client-D2340BF4DD29->f9fecd82-c7ae-483e-b259-6428f2dfb240: receive RaftClientReply:client-D2340BF4DD29->f9fecd82-c7ae-483e-b259-6428f2dfb240@group-7DE138E597A5, cid=2897, SUCCESS, logIndex=4355, commits[f9fecd82-c7ae-483e-b259-6428f2dfb240:c4355, adbfec77-7a0d-4773-aa56-ba0b778d0ab5:c4351, 90c45227-141f-43fe-b831-a2b91b39d6b0:c4351]
2019-07-14 06:26:10,170 INFO  client.GrpcClientProtocolClient (GrpcClientProtocolClient.java:onNext(255)) - client-D2340BF4DD29->f9fecd82-c7ae-483e-b259-6428f2dfb240: receive RaftClientReply:client-D2340BF4DD29->f9fecd82-c7ae-483e-b259-6428f2dfb240@group-7DE138E597A5, cid=2898, SUCCESS, logIndex=0, commits[f9fecd82-c7ae-483e-b259-6428f2dfb240:c4356, adbfec77-7a0d-4773-aa56-ba0b778d0ab5:c4353, 90c45227-141f-43fe-b831-a2b91b39d6b0:c4353]
2019-07-14 06:26:10,192 INFO  client.GrpcClientProtocolClient (GrpcClientProtocolClient.java:onNext(255)) - client-D2340BF4DD29->f9fecd82-c7ae-483e-b259-6428f2dfb240: receive RaftClientReply:client-D2340BF4DD29->f9fecd82-c7ae-483e-b259-6428f2dfb240@group-7DE138E597A5, cid=2899, SUCCESS, logIndex=4360, commits[f9fecd82-c7ae-483e-b259-6428f2dfb240:c4361, adbfec77-7a0d-4773-aa56-ba0b778d0ab5:c4359, 90c45227-141f-43fe-b831-a2b91b39d6b0:c4359]
2019-07-14 06:26:10,192 INFO  client.GrpcClientProtocolClient (GrpcClientProtocolClient.java:onNext(255)) - client-D2340BF4DD29->f9fecd82-c7ae-483e-b259-6428f2dfb240: receive RaftClientReply:client-D2340BF4DD29->f9fecd82-c7ae-483e-b259-6428f2dfb240@group-7DE138E597A5, cid=2900, SUCCESS, logIndex=4361, commits[f9fecd82-c7ae-483e-b259-6428f2dfb240:c4361, adbfec77-7a0d-4773-aa56-ba0b778d0ab5:c4359, 90c45227-141f-43fe-b831-a2b91b39d6b0:c4359]
2019-07-14 06:26:10,205 INFO  client.GrpcClientProtocolClient (GrpcClientProtocolClient.java:onNext(255)) - client-D2340BF4DD29->f9fecd82-c7ae-483e-b259-6428f2dfb240: receive RaftClientReply:client-D2340BF4DD29->f9fecd82-c7ae-483e-b259-6428f2dfb240@group-7DE138E597A5, cid=2901, SUCCESS, logIndex=4364, commits[f9fecd82-c7ae-483e-b259-6428f2dfb240:c4365, adbfec77-7a0d-4773-aa56-ba0b778d0ab5:c4361, 90c45227-141f-43fe-b831-a2b91b39d6b0:c4360]
2019-07-14 06:26:10,206 INFO  client.GrpcClientProtocolClient (GrpcClientProtocolClient.java:onNext(255)) - client-D2340BF4DD29->f9fecd82-c7ae-483e-b259-6428f2dfb240: receive RaftClientReply:client-D2340BF4DD29->f9fecd82-c7ae-483e-b259-6428f2dfb240@group-7DE138E597A5, cid=2902, SUCCESS, logIndex=4365, commits[f9fecd82-c7ae-483e-b259-6428f2dfb240:c4365, adbfec77-7a0d-4773-aa56-ba0b778d0ab5:c4361, 90c45227-141f-43fe-b831-a2b91b39d6b0:c4361]
2019-07-14 06:26:10,209 INFO  client.GrpcClientProtocolClient (GrpcClientProtocolClient.java:onNext(255)) - client-D2340BF4DD29->f9fecd82-c7ae-483e-b259-6428f2dfb240: receive RaftClientReply:client-D2340BF4DD29->f9fecd82-c7ae-483e-b259-6428f2dfb240@group-7DE138E597A5, cid=2903, SUCCESS, logIndex=0, commits[f9fecd82-c7ae-483e-b259-6428f2dfb240:c4367, adbfec77-7a0d-4773-aa56-ba0b778d0ab5:c4365, 90c45227-141f-43fe-b831-a2b91b39d6b0:c4365]
2019-07-14 06:26:10,257 INFO  client.GrpcClientProtocolClient (GrpcClientProtocolClient.java:onNext(255)) - client-D2340BF4DD29->f9fecd82-c7ae-483e-b259-6428f2dfb240: receive RaftClientReply:client-D2340BF4DD29->f9fecd82-c7ae-483e-b259-6428f2dfb240@group-7DE138E597A5, cid=2904, SUCCESS, logIndex=4368, commits[f9fecd82-c7ae-483e-b259-6428f2dfb240:c4370, adbfec77-7a0d-4773-aa56-ba0b778d0ab5:c4367, 90c45227-141f-43fe-b831-a2b91b39d6b0:c4367]
2019-07-14 06:26:10,257 INFO  client.GrpcClientProtocolClient (GrpcClientProtocolClient.java:onNext(255)) - client-D2340BF4DD29->f9fecd82-c7ae-483e-b259-6428f2dfb240: receive RaftClientReply:client-D2340BF4DD29->f9fecd82-c7ae-483e-b259-6428f2dfb240@group-7DE138E597A5, cid=2905, SUCCESS, logIndex=4369, commits[f9fecd82-c7ae-483e-b259-6428f2dfb240:c4371, adbfec77-7a0d-4773-aa56-ba0b778d0ab5:c4367, 90c45227-141f-43fe-b831-a2b91b39d6b0:c4367]
2019-07-14 06:26:10,258 INFO  client.GrpcClientProtocolClient (GrpcClientProtocolClient.java:onNext(255)) - client-D2340BF4DD29->f9fecd82-c7ae-483e-b259-6428f2dfb240: receive RaftClientReply:client-D2340BF4DD29->f9fecd82-c7ae-483e-b259-6428f2dfb240@group-7DE138E597A5, cid=2906, SUCCESS, logIndex=4370, commits[f9fecd82-c7ae-483e-b259-6428f2dfb240:c4371, adbfec77-7a0d-4773-aa56-ba0b778d0ab5:c4367, 90c45227-141f-43fe-b831-a2b91b39d6b0:c4367]
2019-07-14 06:26:10,258 INFO  client.GrpcClientProtocolClient (GrpcClientProtocolClient.java:onNext(255)) - client-D2340BF4DD29->f9fecd82-c7ae-483e-b259-6428f2dfb240: receive RaftClientReply:client-D2340BF4DD29->f9fecd82-c7ae-483e-b259-6428f2dfb240@group-7DE138E597A5, cid=2907, SUCCESS, logIndex=4371, commits[f9fecd82-c7ae-483e-b259-6428f2dfb240:c4371, adbfec77-7a0d-4773-aa56-ba0b778d0ab5:c4367, 90c45227-141f-43fe-b831-a2b91b39d6b0:c4367]
2019-07-14 06:26:10,269 INFO  client.GrpcClientProtocolClient (GrpcClientProtocolClient.java:onNext(255)) - client-D2340BF4DD29->f9fecd82-c7ae-483e-b259-6428f2dfb240: receive RaftClientReply:client-D2340BF4DD29->f9fecd82-c7ae-483e-b259-6428f2dfb240@group-7DE138E597A5, cid=2908, SUCCESS, logIndex=0, commits[f9fecd82-c7ae-483e-b259-6428f2dfb240:c4373, adbfec77-7a0d-4773-aa56-ba0b778d0ab5:c4369, 90c45227-141f-43fe-b831-a2b91b39d6b0:c4369]
2019-07-14 06:26:10,291 INFO  client.GrpcClientProtocolClient (GrpcClientProtocolClient.java:onNext(255)) - client-D2340BF4DD29->f9fecd82-c7ae-483e-b259-6428f2dfb240: receive RaftClientReply:client-D2340BF4DD29->f9fecd82-c7ae-483e-b259-6428f2dfb240@group-7DE138E597A5, cid=2909, SUCCESS, logIndex=4376, commits[f9fecd82-c7ae-483e-b259-6428f2dfb240:c4377, adbfec77-7a0d-4773-aa56-ba0b778d0ab5:c4375, 90c45227-141f-43fe-b831-a2b91b39d6b0:c4375]
2019-07-14 06:26:10,292 INFO  client.GrpcClientProtocolClient (GrpcClientProtocolClient.java:onNext(255)) - client-D2340BF4DD29->f9fecd82-c7ae-483e-b259-6428f2dfb240: receive RaftClientReply:client-D2340BF4DD29->f9fecd82-c7ae-483e-b259-6428f2dfb240@group-7DE138E597A5, cid=2910, SUCCESS, logIndex=4377, commits[f9fecd82-c7ae-483e-b259-6428f2dfb240:c4377, adbfec77-7a0d-4773-aa56-ba0b778d0ab5:c4375, 90c45227-141f-43fe-b831-a2b91b39d6b0:c4375]
2019-07-14 06:26:10,306 INFO  client.GrpcClientProtocolClient (GrpcClientProtocolClient.java:onNext(255)) - client-D2340BF4DD29->f9fecd82-c7ae-483e-b259-6428f2dfb240: receive RaftClientReply:client-D2340BF4DD29->f9fecd82-c7ae-483e-b259-6428f2dfb240@group-7DE138E597A5, cid=2911, SUCCESS, logIndex=4380, commits[f9fecd82-c7ae-483e-b259-6428f2dfb240:c4381, adbfec77-7a0d-4773-aa56-ba0b778d0ab5:c4377, 90c45227-141f-43fe-b831-a2b91b39d6b0:c4377]
2019-07-14 06:26:10,306 INFO  client.GrpcClientProtocolClient (GrpcClientProtocolClient.java:onNext(255)) - client-D2340BF4DD29->f9fecd82-c7ae-483e-b259-6428f2dfb240: receive RaftClientReply:client-D2340BF4DD29->f9fecd82-c7ae-483e-b259-6428f2dfb240@group-7DE138E597A5, cid=2912, SUCCESS, logIndex=4381, commits[f9fecd82-c7ae-483e-b259-6428f2dfb240:c4381, adbfec77-7a0d-4773-aa56-ba0b778d0ab5:c4377, 90c45227-141f-43fe-b831-a2b91b39d6b0:c4377]
2019-07-14 06:26:10,338 INFO  client.GrpcClientProtocolClient (GrpcClientProtocolClient.java:onNext(255)) - client-D2340BF4DD29->f9fecd82-c7ae-483e-b259-6428f2dfb240: receive RaftClientReply:client-D2340BF4DD29->f9fecd82-c7ae-483e-b259-6428f2dfb240@group-7DE138E597A5, cid=2913, SUCCESS, logIndex=0, commits[f9fecd82-c7ae-483e-b259-6428f2dfb240:c4382, adbfec77-7a0d-4773-aa56-ba0b778d0ab5:c4381, 90c45227-141f-43fe-b831-a2b91b39d6b0:c4381]
2019-07-14 06:26:10,375 INFO  client.GrpcClientProtocolClient (GrpcClientProtocolClient.java:onNext(255)) - client-D2340BF4DD29->f9fecd82-c7ae-483e-b259-6428f2dfb240: receive RaftClientReply:client-D2340BF4DD29->f9fecd82-c7ae-483e-b259-6428f2dfb240@group-7DE138E597A5, cid=2914, SUCCESS, logIndex=4384, commits[f9fecd82-c7ae-483e-b259-6428f2dfb240:c4385, adbfec77-7a0d-4773-aa56-ba0b778d0ab5:c4383, 90c45227-141f-43fe-b831-a2b91b39d6b0:c4383]
2019-07-14 06:26:10,376 INFO  client.GrpcClientProtocolClient (GrpcClientProtocolClient.java:onNext(255)) - client-D2340BF4DD29->f9fecd82-c7ae-483e-b259-6428f2dfb240: receive RaftClientReply:client-D2340BF4DD29->f9fecd82-c7ae-483e-b259-6428f2dfb240@group-7DE138E597A5, cid=2915, SUCCESS, logIndex=4385, commits[f9fecd82-c7ae-483e-b259-6428f2dfb240:c4387, adbfec77-7a0d-4773-aa56-ba0b778d0ab5:c4383, 90c45227-141f-43fe-b831-a2b91b39d6b0:c4383]
2019-07-14 06:26:10,377 INFO  client.GrpcClientProtocolClient (GrpcClientProtocolClient.java:onNext(255)) - client-D2340BF4DD29->f9fecd82-c7ae-483e-b259-6428f2dfb240: receive RaftClientReply:client-D2340BF4DD29->f9fecd82-c7ae-483e-b259-6428f2dfb240@group-7DE138E597A5, cid=2916, SUCCESS, logIndex=4386, commits[f9fecd82-c7ae-483e-b259-6428f2dfb240:c4387, adbfec77-7a0d-4773-aa56-ba0b778d0ab5:c4383, 90c45227-141f-43fe-b831-a2b91b39d6b0:c4383]
2019-07-14 06:26:10,377 INFO  client.GrpcClientProtocolClient (GrpcClientProtocolClient.java:onNext(255)) - client-D2340BF4DD29->f9fecd82-c7ae-483e-b259-6428f2dfb240: receive RaftClientReply:client-D2340BF4DD29->f9fecd82-c7ae-483e-b259-6428f2dfb240@group-7DE138E597A5, cid=2917, SUCCESS, logIndex=4387, commits[f9fecd82-c7ae-483e-b259-6428f2dfb240:c4387, adbfec77-7a0d-4773-aa56-ba0b778d0ab5:c4383, 90c45227-141f-43fe-b831-a2b91b39d6b0:c4383]
2019-07-14 06:26:10,389 INFO  client.GrpcClientProtocolClient (GrpcClientProtocolClient.java:onNext(255)) - client-D2340BF4DD29->f9fecd82-c7ae-483e-b259-6428f2dfb240: receive RaftClientReply:client-D2340BF4DD29->f9fecd82-c7ae-483e-b259-6428f2dfb240@group-7DE138E597A5, cid=2918, SUCCESS, logIndex=0, commits[f9fecd82-c7ae-483e-b259-6428f2dfb240:c4389, adbfec77-7a0d-4773-aa56-ba0b778d0ab5:c4385, 90c45227-141f-43fe-b831-a2b91b39d6b0:c4385]
2019-07-14 06:26:10,410 INFO  client.GrpcClientProtocolClient (GrpcClientProtocolClient.java:onNext(255)) - client-D2340BF4DD29->f9fecd82-c7ae-483e-b259-6428f2dfb240: receive RaftClientReply:client-D2340BF4DD29->f9fecd82-c7ae-483e-b259-6428f2dfb240@group-7DE138E597A5, cid=2919, SUCCESS, logIndex=4392, commits[f9fecd82-c7ae-483e-b259-6428f2dfb240:c4393, adbfec77-7a0d-4773-aa56-ba0b778d0ab5:c4391, 90c45227-141f-43fe-b831-a2b91b39d6b0:c4391]
2019-07-14 06:26:10,411 INFO  client.GrpcClientProtocolClient (GrpcClientProtocolClient.java:onNext(255)) - client-D2340BF4DD29->f9fecd82-c7ae-483e-b259-6428f2dfb240: receive RaftClientReply:client-D2340BF4DD29->f9fecd82-c7ae-483e-b259-6428f2dfb240@group-7DE138E597A5, cid=2920, SUCCESS, logIndex=4393, commits[f9fecd82-c7ae-483e-b259-6428f2dfb240:c4393, adbfec77-7a0d-4773-aa56-ba0b778d0ab5:c4391, 90c45227-141f-43fe-b831-a2b91b39d6b0:c4391]
2019-07-14 06:26:10,435 INFO  client.GrpcClientProtocolClient (GrpcClientProtocolClient.java:onNext(255)) - client-D2340BF4DD29->f9fecd82-c7ae-483e-b259-6428f2dfb240: receive RaftClientReply:client-D2340BF4DD29->f9fecd82-c7ae-483e-b259-6428f2dfb240@group-7DE138E597A5, cid=2921, SUCCESS, logIndex=4396, commits[f9fecd82-c7ae-483e-b259-6428f2dfb240:c4397, adbfec77-7a0d-4773-aa56-ba0b778d0ab5:c4393, 90c45227-141f-43fe-b831-a2b91b39d6b0:c4392]
2019-07-14 06:26:10,435 INFO  client.GrpcClientProtocolClient (GrpcClientProtocolClient.java:onNext(255)) - client-D2340BF4DD29->f9fecd82-c7ae-483e-b259-6428f2dfb240: receive RaftClientReply:client-D2340BF4DD29->f9fecd82-c7ae-483e-b259-6428f2dfb240@group-7DE138E597A5, cid=2922, SUCCESS, logIndex=4397, commits[f9fecd82-c7ae-483e-b259-6428f2dfb240:c4397, adbfec77-7a0d-4773-aa56-ba0b778d0ab5:c4393, 90c45227-141f-43fe-b831-a2b91b39d6b0:c4393]
2019-07-14 06:26:10,450 INFO  client.GrpcClientProtocolClient (GrpcClientProtocolClient.java:onNext(255)) - client-D2340BF4DD29->f9fecd82-c7ae-483e-b259-6428f2dfb240: receive RaftClientReply:client-D2340BF4DD29->f9fecd82-c7ae-483e-b259-6428f2dfb240@group-7DE138E597A5, cid=2923, SUCCESS, logIndex=0, commits[f9fecd82-c7ae-483e-b259-6428f2dfb240:c4399, adbfec77-7a0d-4773-aa56-ba0b778d0ab5:c4397, 90c45227-141f-43fe-b831-a2b91b39d6b0:c4397]
2019-07-14 06:26:10,486 INFO  client.GrpcClientProtocolClient (GrpcClientProtocolClient.java:onNext(255)) - client-D2340BF4DD29->f9fecd82-c7ae-483e-b259-6428f2dfb240: receive RaftClientReply:client-D2340BF4DD29->f9fecd82-c7ae-483e-b259-6428f2dfb240@group-7DE138E597A5, cid=2924, SUCCESS, logIndex=4400, commits[f9fecd82-c7ae-483e-b259-6428f2dfb240:c4401, adbfec77-7a0d-4773-aa56-ba0b778d0ab5:c4399, 90c45227-141f-43fe-b831-a2b91b39d6b0:c4399]
2019-07-14 06:26:10,487 INFO  client.GrpcClientProtocolClient (GrpcClientProtocolClient.java:onNext(255)) - client-D2340BF4DD29->f9fecd82-c7ae-483e-b259-6428f2dfb240: receive RaftClientReply:client-D2340BF4DD29->f9fecd82-c7ae-483e-b259-6428f2dfb240@group-7DE138E597A5, cid=2925, SUCCESS, logIndex=4401, commits[f9fecd82-c7ae-483e-b259-6428f2dfb240:c4401, adbfec77-7a0d-4773-aa56-ba0b778d0ab5:c4399, 90c45227-141f-43fe-b831-a2b91b39d6b0:c4399]
2019-07-14 06:26:10,499 INFO  client.GrpcClientProtocolClient (GrpcClientProtocolClient.java:onNext(255)) - client-D2340BF4DD29->f9fecd82-c7ae-483e-b259-6428f2dfb240: receive RaftClientReply:client-D2340BF4DD29->f9fecd82-c7ae-483e-b259-6428f2dfb240@group-7DE138E597A5, cid=2926, SUCCESS, logIndex=4402, commits[f9fecd82-c7ae-483e-b259-6428f2dfb240:c4403, adbfec77-7a0d-4773-aa56-ba0b778d0ab5:c4399, 90c45227-141f-43fe-b831-a2b91b39d6b0:c4399]
2019-07-14 06:26:10,499 INFO  client.GrpcClientProtocolClient (GrpcClientProtocolClient.java:onNext(255)) - client-D2340BF4DD29->f9fecd82-c7ae-483e-b259-6428f2dfb240: receive RaftClientReply:client-D2340BF4DD29->f9fecd82-c7ae-483e-b259-6428f2dfb240@group-7DE138E597A5, cid=2927, SUCCESS, logIndex=4403, commits[f9fecd82-c7ae-483e-b259-6428f2dfb240:c4403, adbfec77-7a0d-4773-aa56-ba0b778d0ab5:c4399, 90c45227-141f-43fe-b831-a2b91b39d6b0:c4399]
2019-07-14 06:26:10,510 INFO  client.GrpcClientProtocolClient (GrpcClientProtocolClient.java:onNext(255)) - client-D2340BF4DD29->f9fecd82-c7ae-483e-b259-6428f2dfb240: receive RaftClientReply:client-D2340BF4DD29->f9fecd82-c7ae-483e-b259-6428f2dfb240@group-7DE138E597A5, cid=2928, SUCCESS, logIndex=0, commits[f9fecd82-c7ae-483e-b259-6428f2dfb240:c4405, adbfec77-7a0d-4773-aa56-ba0b778d0ab5:c4401, 90c45227-141f-43fe-b831-a2b91b39d6b0:c4401]
2019-07-14 06:26:10,532 INFO  client.GrpcClientProtocolClient (GrpcClientProtocolClient.java:onNext(255)) - client-D2340BF4DD29->f9fecd82-c7ae-483e-b259-6428f2dfb240: receive RaftClientReply:client-D2340BF4DD29->f9fecd82-c7ae-483e-b259-6428f2dfb240@group-7DE138E597A5, cid=2929, SUCCESS, logIndex=4408, commits[f9fecd82-c7ae-483e-b259-6428f2dfb240:c4409, adbfec77-7a0d-4773-aa56-ba0b778d0ab5:c4407, 90c45227-141f-43fe-b831-a2b91b39d6b0:c4407]
2019-07-14 06:26:10,533 INFO  client.GrpcClientProtocolClient (GrpcClientProtocolClient.java:onNext(255)) - client-D2340BF4DD29->f9fecd82-c7ae-483e-b259-6428f2dfb240: receive RaftClientReply:client-D2340BF4DD29->f9fecd82-c7ae-483e-b259-6428f2dfb240@group-7DE138E597A5, cid=2930, SUCCESS, logIndex=4409, commits[f9fecd82-c7ae-483e-b259-6428f2dfb240:c4409, adbfec77-7a0d-4773-aa56-ba0b778d0ab5:c4407, 90c45227-141f-43fe-b831-a2b91b39d6b0:c4407]
2019-07-14 06:26:10,547 INFO  client.GrpcClientProtocolClient (GrpcClientProtocolClient.java:onNext(255)) - client-D2340BF4DD29->f9fecd82-c7ae-483e-b259-6428f2dfb240: receive RaftClientReply:client-D2340BF4DD29->f9fecd82-c7ae-483e-b259-6428f2dfb240@group-7DE138E597A5, cid=2931, SUCCESS, logIndex=4412, commits[f9fecd82-c7ae-483e-b259-6428f2dfb240:c4413, adbfec77-7a0d-4773-aa56-ba0b778d0ab5:c4411, 90c45227-141f-43fe-b831-a2b91b39d6b0:c4411]
2019-07-14 06:26:10,547 INFO  client.GrpcClientProtocolClient (GrpcClientProtocolClient.java:onNext(255)) - client-D2340BF4DD29->f9fecd82-c7ae-483e-b259-6428f2dfb240: receive RaftClientReply:client-D2340BF4DD29->f9fecd82-c7ae-483e-b259-6428f2dfb240@group-7DE138E597A5, cid=2932, SUCCESS, logIndex=4413, commits[f9fecd82-c7ae-483e-b259-6428f2dfb240:c4413, adbfec77-7a0d-4773-aa56-ba0b778d0ab5:c4411, 90c45227-141f-43fe-b831-a2b91b39d6b0:c4411]
2019-07-14 06:26:10,549 INFO  client.GrpcClientProtocolClient (GrpcClientProtocolClient.java:onNext(255)) - client-D2340BF4DD29->f9fecd82-c7ae-483e-b259-6428f2dfb240: receive RaftClientReply:client-D2340BF4DD29->f9fecd82-c7ae-483e-b259-6428f2dfb240@group-7DE138E597A5, cid=2933, SUCCESS, logIndex=0, commits[f9fecd82-c7ae-483e-b259-6428f2dfb240:c4414, adbfec77-7a0d-4773-aa56-ba0b778d0ab5:c4413, 90c45227-141f-43fe-b831-a2b91b39d6b0:c4413]
2019-07-14 06:26:10,589 INFO  client.GrpcClientProtocolClient (GrpcClientProtocolClient.java:onNext(255)) - client-D2340BF4DD29->f9fecd82-c7ae-483e-b259-6428f2dfb240: receive RaftClientReply:client-D2340BF4DD29->f9fecd82-c7ae-483e-b259-6428f2dfb240@group-7DE138E597A5, cid=2934, SUCCESS, logIndex=4416, commits[f9fecd82-c7ae-483e-b259-6428f2dfb240:c4417, adbfec77-7a0d-4773-aa56-ba0b778d0ab5:c4415, 90c45227-141f-43fe-b831-a2b91b39d6b0:c4415]
2019-07-14 06:26:10,590 INFO  client.GrpcClientProtocolClient (GrpcClientProtocolClient.java:onNext(255)) - client-D2340BF4DD29->f9fecd82-c7ae-483e-b259-6428f2dfb240: receive RaftClientReply:client-D2340BF4DD29->f9fecd82-c7ae-483e-b259-6428f2dfb240@group-7DE138E597A5, cid=2935, SUCCESS, logIndex=4417, commits[f9fecd82-c7ae-483e-b259-6428f2dfb240:c4419, adbfec77-7a0d-4773-aa56-ba0b778d0ab5:c4415, 90c45227-141f-43fe-b831-a2b91b39d6b0:c4415]
2019-07-14 06:26:10,591 INFO  client.GrpcClientProtocolClient (GrpcClientProtocolClient.java:onNext(255)) - client-D2340BF4DD29->f9fecd82-c7ae-483e-b259-6428f2dfb240: receive RaftClientReply:client-D2340BF4DD29->f9fecd82-c7ae-483e-b259-6428f2dfb240@group-7DE138E597A5, cid=2936, SUCCESS, logIndex=4418, commits[f9fecd82-c7ae-483e-b259-6428f2dfb240:c4420, adbfec77-7a0d-4773-aa56-ba0b778d0ab5:c4417, 90c45227-141f-43fe-b831-a2b91b39d6b0:c4415]
2019-07-14 06:26:10,591 INFO  client.GrpcClientProtocolClient (GrpcClientProtocolClient.java:onNext(255)) - client-D2340BF4DD29->f9fecd82-c7ae-483e-b259-6428f2dfb240: receive RaftClientReply:client-D2340BF4DD29->f9fecd82-c7ae-483e-b259-6428f2dfb240@group-7DE138E597A5, cid=2937, SUCCESS, logIndex=4419, commits[f9fecd82-c7ae-483e-b259-6428f2dfb240:c4420, adbfec77-7a0d-4773-aa56-ba0b778d0ab5:c4417, 90c45227-141f-43fe-b831-a2b91b39d6b0:c4415]
2019-07-14 06:26:10,593 INFO  client.GrpcClientProtocolClient (GrpcClientProtocolClient.java:onNext(255)) - client-D2340BF4DD29->f9fecd82-c7ae-483e-b259-6428f2dfb240: receive RaftClientReply:client-D2340BF4DD29->f9fecd82-c7ae-483e-b259-6428f2dfb240@group-7DE138E597A5, cid=2938, SUCCESS, logIndex=0, commits[f9fecd82-c7ae-483e-b259-6428f2dfb240:c4421, adbfec77-7a0d-4773-aa56-ba0b778d0ab5:c4417, 90c45227-141f-43fe-b831-a2b91b39d6b0:c4417]
2019-07-14 06:26:10,614 INFO  client.GrpcClientProtocolClient (GrpcClientProtocolClient.java:onNext(255)) - client-D2340BF4DD29->f9fecd82-c7ae-483e-b259-6428f2dfb240: receive RaftClientReply:client-D2340BF4DD29->f9fecd82-c7ae-483e-b259-6428f2dfb240@group-7DE138E597A5, cid=2939, SUCCESS, logIndex=4424, commits[f9fecd82-c7ae-483e-b259-6428f2dfb240:c4425, adbfec77-7a0d-4773-aa56-ba0b778d0ab5:c4423, 90c45227-141f-43fe-b831-a2b91b39d6b0:c4423]
2019-07-14 06:26:10,614 INFO  client.GrpcClientProtocolClient (GrpcClientProtocolClient.java:onNext(255)) - client-D2340BF4DD29->f9fecd82-c7ae-483e-b259-6428f2dfb240: receive RaftClientReply:client-D2340BF4DD29->f9fecd82-c7ae-483e-b259-6428f2dfb240@group-7DE138E597A5, cid=2940, SUCCESS, logIndex=4425, commits[f9fecd82-c7ae-483e-b259-6428f2dfb240:c4425, adbfec77-7a0d-4773-aa56-ba0b778d0ab5:c4423, 90c45227-141f-43fe-b831-a2b91b39d6b0:c4423]
2019-07-14 06:26:10,629 INFO  client.GrpcClientProtocolClient (GrpcClientProtocolClient.java:onNext(255)) - client-D2340BF4DD29->f9fecd82-c7ae-483e-b259-6428f2dfb240: receive RaftClientReply:client-D2340BF4DD29->f9fecd82-c7ae-483e-b259-6428f2dfb240@group-7DE138E597A5, cid=2941, SUCCESS, logIndex=4428, commits[f9fecd82-c7ae-483e-b259-6428f2dfb240:c4429, adbfec77-7a0d-4773-aa56-ba0b778d0ab5:c4425, 90c45227-141f-43fe-b831-a2b91b39d6b0:c4425]
2019-07-14 06:26:10,630 INFO  client.GrpcClientProtocolClient (GrpcClientProtocolClient.java:onNext(255)) - client-D2340BF4DD29->f9fecd82-c7ae-483e-b259-6428f2dfb240: receive RaftClientReply:client-D2340BF4DD29->f9fecd82-c7ae-483e-b259-6428f2dfb240@group-7DE138E597A5, cid=2942, SUCCESS, logIndex=4429, commits[f9fecd82-c7ae-483e-b259-6428f2dfb240:c4429, adbfec77-7a0d-4773-aa56-ba0b778d0ab5:c4425, 90c45227-141f-43fe-b831-a2b91b39d6b0:c4425]
2019-07-14 06:26:10,644 INFO  client.GrpcClientProtocolClient (GrpcClientProtocolClient.java:onNext(255)) - client-D2340BF4DD29->f9fecd82-c7ae-483e-b259-6428f2dfb240: receive RaftClientReply:client-D2340BF4DD29->f9fecd82-c7ae-483e-b259-6428f2dfb240@group-7DE138E597A5, cid=2943, SUCCESS, logIndex=0, commits[f9fecd82-c7ae-483e-b259-6428f2dfb240:c4431, adbfec77-7a0d-4773-aa56-ba0b778d0ab5:c4429, 90c45227-141f-43fe-b831-a2b91b39d6b0:c4429]
2019-07-14 06:26:10,674 INFO  client.GrpcClientProtocolClient (GrpcClientProtocolClient.java:onNext(255)) - client-D2340BF4DD29->f9fecd82-c7ae-483e-b259-6428f2dfb240: receive RaftClientReply:client-D2340BF4DD29->f9fecd82-c7ae-483e-b259-6428f2dfb240@group-7DE138E597A5, cid=2944, SUCCESS, logIndex=4432, commits[f9fecd82-c7ae-483e-b259-6428f2dfb240:c4433, adbfec77-7a0d-4773-aa56-ba0b778d0ab5:c4431, 90c45227-141f-43fe-b831-a2b91b39d6b0:c4431]
2019-07-14 06:26:10,675 INFO  client.GrpcClientProtocolClient (GrpcClientProtocolClient.java:onNext(255)) - client-D2340BF4DD29->f9fecd82-c7ae-483e-b259-6428f2dfb240: receive RaftClientReply:client-D2340BF4DD29->f9fecd82-c7ae-483e-b259-6428f2dfb240@group-7DE138E597A5, cid=2945, SUCCESS, logIndex=4433, commits[f9fecd82-c7ae-483e-b259-6428f2dfb240:c4433, adbfec77-7a0d-4773-aa56-ba0b778d0ab5:c4431, 90c45227-141f-43fe-b831-a2b91b39d6b0:c4431]
2019-07-14 06:26:10,675 INFO  client.GrpcClientProtocolClient (GrpcClientProtocolClient.java:onNext(255)) - client-D2340BF4DD29->f9fecd82-c7ae-483e-b259-6428f2dfb240: receive RaftClientReply:client-D2340BF4DD29->f9fecd82-c7ae-483e-b259-6428f2dfb240@group-7DE138E597A5, cid=2946, SUCCESS, logIndex=4434, commits[f9fecd82-c7ae-483e-b259-6428f2dfb240:c4435, adbfec77-7a0d-4773-aa56-ba0b778d0ab5:c4431, 90c45227-141f-43fe-b831-a2b91b39d6b0:c4431]
2019-07-14 06:26:10,676 INFO  client.GrpcClientProtocolClient (GrpcClientProtocolClient.java:onNext(255)) - client-D2340BF4DD29->f9fecd82-c7ae-483e-b259-6428f2dfb240: receive RaftClientReply:client-D2340BF4DD29->f9fecd82-c7ae-483e-b259-6428f2dfb240@group-7DE138E597A5, cid=2947, SUCCESS, logIndex=4435, commits[f9fecd82-c7ae-483e-b259-6428f2dfb240:c4435, adbfec77-7a0d-4773-aa56-ba0b778d0ab5:c4431, 90c45227-141f-43fe-b831-a2b91b39d6b0:c4431]
2019-07-14 06:26:10,688 INFO  client.GrpcClientProtocolClient (GrpcClientProtocolClient.java:onNext(255)) - client-D2340BF4DD29->f9fecd82-c7ae-483e-b259-6428f2dfb240: receive RaftClientReply:client-D2340BF4DD29->f9fecd82-c7ae-483e-b259-6428f2dfb240@group-7DE138E597A5, cid=2948, SUCCESS, logIndex=0, commits[f9fecd82-c7ae-483e-b259-6428f2dfb240:c4437, adbfec77-7a0d-4773-aa56-ba0b778d0ab5:c4433, 90c45227-141f-43fe-b831-a2b91b39d6b0:c4433]
2019-07-14 06:26:10,709 INFO  client.GrpcClientProtocolClient (GrpcClientProtocolClient.java:onNext(255)) - client-D2340BF4DD29->f9fecd82-c7ae-483e-b259-6428f2dfb240: receive RaftClientReply:client-D2340BF4DD29->f9fecd82-c7ae-483e-b259-6428f2dfb240@group-7DE138E597A5, cid=2949, SUCCESS, logIndex=4440, commits[f9fecd82-c7ae-483e-b259-6428f2dfb240:c4440, adbfec77-7a0d-4773-aa56-ba0b778d0ab5:c4439, 90c45227-141f-43fe-b831-a2b91b39d6b0:c4439]
2019-07-14 06:26:10,709 INFO  client.GrpcClientProtocolClient (GrpcClientProtocolClient.java:onNext(255)) - client-D2340BF4DD29->f9fecd82-c7ae-483e-b259-6428f2dfb240: receive RaftClientReply:client-D2340BF4DD29->f9fecd82-c7ae-483e-b259-6428f2dfb240@group-7DE138E597A5, cid=2950, SUCCESS, logIndex=4441, commits[f9fecd82-c7ae-483e-b259-6428f2dfb240:c4441, adbfec77-7a0d-4773-aa56-ba0b778d0ab5:c4439, 90c45227-141f-43fe-b831-a2b91b39d6b0:c4439]
2019-07-14 06:26:10,734 INFO  client.GrpcClientProtocolClient (GrpcClientProtocolClient.java:onNext(255)) - client-D2340BF4DD29->f9fecd82-c7ae-483e-b259-6428f2dfb240: receive RaftClientReply:client-D2340BF4DD29->f9fecd82-c7ae-483e-b259-6428f2dfb240@group-7DE138E597A5, cid=2951, SUCCESS, logIndex=4444, commits[f9fecd82-c7ae-483e-b259-6428f2dfb240:c4445, adbfec77-7a0d-4773-aa56-ba0b778d0ab5:c4441, 90c45227-141f-43fe-b831-a2b91b39d6b0:c4441]
2019-07-14 06:26:10,734 INFO  client.GrpcClientProtocolClient (GrpcClientProtocolClient.java:onNext(255)) - client-D2340BF4DD29->f9fecd82-c7ae-483e-b259-6428f2dfb240: receive RaftClientReply:client-D2340BF4DD29->f9fecd82-c7ae-483e-b259-6428f2dfb240@group-7DE138E597A5, cid=2952, SUCCESS, logIndex=4445, commits[f9fecd82-c7ae-483e-b259-6428f2dfb240:c4445, adbfec77-7a0d-4773-aa56-ba0b778d0ab5:c4441, 90c45227-141f-43fe-b831-a2b91b39d6b0:c4441]
2019-07-14 06:26:10,747 INFO  client.GrpcClientProtocolClient (GrpcClientProtocolClient.java:onNext(255)) - client-D2340BF4DD29->f9fecd82-c7ae-483e-b259-6428f2dfb240: receive RaftClientReply:client-D2340BF4DD29->f9fecd82-c7ae-483e-b259-6428f2dfb240@group-7DE138E597A5, cid=2953, SUCCESS, logIndex=0, commits[f9fecd82-c7ae-483e-b259-6428f2dfb240:c4446, adbfec77-7a0d-4773-aa56-ba0b778d0ab5:c4445, 90c45227-141f-43fe-b831-a2b91b39d6b0:c4445]
2019-07-14 06:26:10,775 INFO  client.GrpcClientProtocolClient (GrpcClientProtocolClient.java:onNext(255)) - client-D2340BF4DD29->f9fecd82-c7ae-483e-b259-6428f2dfb240: receive RaftClientReply:client-D2340BF4DD29->f9fecd82-c7ae-483e-b259-6428f2dfb240@group-7DE138E597A5, cid=2954, SUCCESS, logIndex=4448, commits[f9fecd82-c7ae-483e-b259-6428f2dfb240:c4451, adbfec77-7a0d-4773-aa56-ba0b778d0ab5:c4447, 90c45227-141f-43fe-b831-a2b91b39d6b0:c4447]
2019-07-14 06:26:10,776 INFO  client.GrpcClientProtocolClient (GrpcClientProtocolClient.java:onNext(255)) - client-D2340BF4DD29->f9fecd82-c7ae-483e-b259-6428f2dfb240: receive RaftClientReply:client-D2340BF4DD29->f9fecd82-c7ae-483e-b259-6428f2dfb240@group-7DE138E597A5, cid=2955, SUCCESS, logIndex=4449, commits[f9fecd82-c7ae-483e-b259-6428f2dfb240:c4451, adbfec77-7a0d-4773-aa56-ba0b778d0ab5:c4447, 90c45227-141f-43fe-b831-a2b91b39d6b0:c4447]
2019-07-14 06:26:10,780 INFO  client.GrpcClientProtocolClient (GrpcClientProtocolClient.java:onNext(255)) - client-D2340BF4DD29->f9fecd82-c7ae-483e-b259-6428f2dfb240: receive RaftClientReply:client-D2340BF4DD29->f9fecd82-c7ae-483e-b259-6428f2dfb240@group-7DE138E597A5, cid=2956, SUCCESS, logIndex=4450, commits[f9fecd82-c7ae-483e-b259-6428f2dfb240:c4451, adbfec77-7a0d-4773-aa56-ba0b778d0ab5:c4447, 90c45227-141f-43fe-b831-a2b91b39d6b0:c4447]
2019-07-14 06:26:10,780 INFO  client.GrpcClientProtocolClient (GrpcClientProtocolClient.java:onNext(255)) - client-D2340BF4DD29->f9fecd82-c7ae-483e-b259-6428f2dfb240: receive RaftClientReply:client-D2340BF4DD29->f9fecd82-c7ae-483e-b259-6428f2dfb240@group-7DE138E597A5, cid=2957, SUCCESS, logIndex=4451, commits[f9fecd82-c7ae-483e-b259-6428f2dfb240:c4451, adbfec77-7a0d-4773-aa56-ba0b778d0ab5:c4447, 90c45227-141f-43fe-b831-a2b91b39d6b0:c4447]
2019-07-14 06:26:10,781 INFO  client.GrpcClientProtocolClient (GrpcClientProtocolClient.java:onNext(255)) - client-D2340BF4DD29->f9fecd82-c7ae-483e-b259-6428f2dfb240: receive RaftClientReply:client-D2340BF4DD29->f9fecd82-c7ae-483e-b259-6428f2dfb240@group-7DE138E597A5, cid=2958, SUCCESS, logIndex=0, commits[f9fecd82-c7ae-483e-b259-6428f2dfb240:c4454, adbfec77-7a0d-4773-aa56-ba0b778d0ab5:c4449, 90c45227-141f-43fe-b831-a2b91b39d6b0:c4451]
2019-07-14 06:26:10,794 INFO  client.GrpcClientProtocolClient (GrpcClientProtocolClient.java:onNext(255)) - client-D2340BF4DD29->f9fecd82-c7ae-483e-b259-6428f2dfb240: receive RaftClientReply:client-D2340BF4DD29->f9fecd82-c7ae-483e-b259-6428f2dfb240@group-7DE138E597A5, cid=2959, SUCCESS, logIndex=4456, commits[f9fecd82-c7ae-483e-b259-6428f2dfb240:c4457, adbfec77-7a0d-4773-aa56-ba0b778d0ab5:c4455, 90c45227-141f-43fe-b831-a2b91b39d6b0:c4455]
2019-07-14 06:26:10,794 INFO  client.GrpcClientProtocolClient (GrpcClientProtocolClient.java:onNext(255)) - client-D2340BF4DD29->f9fecd82-c7ae-483e-b259-6428f2dfb240: receive RaftClientReply:client-D2340BF4DD29->f9fecd82-c7ae-483e-b259-6428f2dfb240@group-7DE138E597A5, cid=2960, SUCCESS, logIndex=4457, commits[f9fecd82-c7ae-483e-b259-6428f2dfb240:c4457, adbfec77-7a0d-4773-aa56-ba0b778d0ab5:c4455, 90c45227-141f-43fe-b831-a2b91b39d6b0:c4455]
2019-07-14 06:26:10,806 INFO  client.GrpcClientProtocolClient (GrpcClientProtocolClient.java:onNext(255)) - client-D2340BF4DD29->f9fecd82-c7ae-483e-b259-6428f2dfb240: receive RaftClientReply:client-D2340BF4DD29->f9fecd82-c7ae-483e-b259-6428f2dfb240@group-7DE138E597A5, cid=2961, SUCCESS, logIndex=4460, commits[f9fecd82-c7ae-483e-b259-6428f2dfb240:c4461, adbfec77-7a0d-4773-aa56-ba0b778d0ab5:c4457, 90c45227-141f-43fe-b831-a2b91b39d6b0:c4459]
2019-07-14 06:26:10,807 INFO  client.GrpcClientProtocolClient (GrpcClientProtocolClient.java:onNext(255)) - client-D2340BF4DD29->f9fecd82-c7ae-483e-b259-6428f2dfb240: receive RaftClientReply:client-D2340BF4DD29->f9fecd82-c7ae-483e-b259-6428f2dfb240@group-7DE138E597A5, cid=2962, SUCCESS, logIndex=4461, commits[f9fecd82-c7ae-483e-b259-6428f2dfb240:c4461, adbfec77-7a0d-4773-aa56-ba0b778d0ab5:c4459, 90c45227-141f-43fe-b831-a2b91b39d6b0:c4459]
2019-07-14 06:26:10,808 INFO  client.GrpcClientProtocolClient (GrpcClientProtocolClient.java:onNext(255)) - client-D2340BF4DD29->f9fecd82-c7ae-483e-b259-6428f2dfb240: receive RaftClientReply:client-D2340BF4DD29->f9fecd82-c7ae-483e-b259-6428f2dfb240@group-7DE138E597A5, cid=2963, SUCCESS, logIndex=0, commits[f9fecd82-c7ae-483e-b259-6428f2dfb240:c4462, adbfec77-7a0d-4773-aa56-ba0b778d0ab5:c4461, 90c45227-141f-43fe-b831-a2b91b39d6b0:c4461]
2019-07-14 06:26:10,941 INFO  client.GrpcClientProtocolClient (GrpcClientProtocolClient.java:onNext(255)) - client-D2340BF4DD29->f9fecd82-c7ae-483e-b259-6428f2dfb240: receive RaftClientReply:client-D2340BF4DD29->f9fecd82-c7ae-483e-b259-6428f2dfb240@group-7DE138E597A5, cid=2964, SUCCESS, logIndex=4464, commits[f9fecd82-c7ae-483e-b259-6428f2dfb240:c4465, adbfec77-7a0d-4773-aa56-ba0b778d0ab5:c4463, 90c45227-141f-43fe-b831-a2b91b39d6b0:c4461]
2019-07-14 06:26:10,941 INFO  client.GrpcClientProtocolClient (GrpcClientProtocolClient.java:onNext(255)) - client-D2340BF4DD29->f9fecd82-c7ae-483e-b259-6428f2dfb240: receive RaftClientReply:client-D2340BF4DD29->f9fecd82-c7ae-483e-b259-6428f2dfb240@group-7DE138E597A5, cid=2965, SUCCESS, logIndex=4465, commits[f9fecd82-c7ae-483e-b259-6428f2dfb240:c4465, adbfec77-7a0d-4773-aa56-ba0b778d0ab5:c4463, 90c45227-141f-43fe-b831-a2b91b39d6b0:c4463]
2019-07-14 06:26:10,953 INFO  client.GrpcClientProtocolClient (GrpcClientProtocolClient.java:onNext(255)) - client-D2340BF4DD29->f9fecd82-c7ae-483e-b259-6428f2dfb240: receive RaftClientReply:client-D2340BF4DD29->f9fecd82-c7ae-483e-b259-6428f2dfb240@group-7DE138E597A5, cid=2966, SUCCESS, logIndex=4466, commits[f9fecd82-c7ae-483e-b259-6428f2dfb240:c4467, adbfec77-7a0d-4773-aa56-ba0b778d0ab5:c4463, 90c45227-141f-43fe-b831-a2b91b39d6b0:c4463]
2019-07-14 06:26:10,954 INFO  client.GrpcClientProtocolClient (GrpcClientProtocolClient.java:onNext(255)) - client-D2340BF4DD29->f9fecd82-c7ae-483e-b259-6428f2dfb240: receive RaftClientReply:client-D2340BF4DD29->f9fecd82-c7ae-483e-b259-6428f2dfb240@group-7DE138E597A5, cid=2967, SUCCESS, logIndex=4467, commits[f9fecd82-c7ae-483e-b259-6428f2dfb240:c4469, adbfec77-7a0d-4773-aa56-ba0b778d0ab5:c4465, 90c45227-141f-43fe-b831-a2b91b39d6b0:c4465]
2019-07-14 06:26:10,977 INFO  client.GrpcClientProtocolClient (GrpcClientProtocolClient.java:onNext(255)) - client-D2340BF4DD29->f9fecd82-c7ae-483e-b259-6428f2dfb240: receive RaftClientReply:client-D2340BF4DD29->f9fecd82-c7ae-483e-b259-6428f2dfb240@group-7DE138E597A5, cid=2968, SUCCESS, logIndex=4472, commits[f9fecd82-c7ae-483e-b259-6428f2dfb240:c4473, adbfec77-7a0d-4773-aa56-ba0b778d0ab5:c4469, 90c45227-141f-43fe-b831-a2b91b39d6b0:c4469]
2019-07-14 06:26:10,977 INFO  client.GrpcClientProtocolClient (GrpcClientProtocolClient.java:onNext(255)) - client-D2340BF4DD29->f9fecd82-c7ae-483e-b259-6428f2dfb240: receive RaftClientReply:client-D2340BF4DD29->f9fecd82-c7ae-483e-b259-6428f2dfb240@group-7DE138E597A5, cid=2969, SUCCESS, logIndex=4473, commits[f9fecd82-c7ae-483e-b259-6428f2dfb240:c4473, adbfec77-7a0d-4773-aa56-ba0b778d0ab5:c4469, 90c45227-141f-43fe-b831-a2b91b39d6b0:c4469]
2019-07-14 06:26:10,992 INFO  client.GrpcClientProtocolClient (GrpcClientProtocolClient.java:onNext(255)) - client-D2340BF4DD29->f9fecd82-c7ae-483e-b259-6428f2dfb240: receive RaftClientReply:client-D2340BF4DD29->f9fecd82-c7ae-483e-b259-6428f2dfb240@group-7DE138E597A5, cid=2970, SUCCESS, logIndex=4476, commits[f9fecd82-c7ae-483e-b259-6428f2dfb240:c4477, adbfec77-7a0d-4773-aa56-ba0b778d0ab5:c4472, 90c45227-141f-43fe-b831-a2b91b39d6b0:c4473]
2019-07-14 06:26:10,993 INFO  client.GrpcClientProtocolClient (GrpcClientProtocolClient.java:onNext(255)) - client-D2340BF4DD29->f9fecd82-c7ae-483e-b259-6428f2dfb240: receive RaftClientReply:client-D2340BF4DD29->f9fecd82-c7ae-483e-b259-6428f2dfb240@group-7DE138E597A5, cid=2971, SUCCESS, logIndex=4477, commits[f9fecd82-c7ae-483e-b259-6428f2dfb240:c4477, adbfec77-7a0d-4773-aa56-ba0b778d0ab5:c4473, 90c45227-141f-43fe-b831-a2b91b39d6b0:c4473]
2019-07-14 06:26:10,994 INFO  client.GrpcClientProtocolClient (GrpcClientProtocolClient.java:onNext(255)) - client-D2340BF4DD29->f9fecd82-c7ae-483e-b259-6428f2dfb240: receive RaftClientReply:client-D2340BF4DD29->f9fecd82-c7ae-483e-b259-6428f2dfb240@group-7DE138E597A5, cid=2972, SUCCESS, logIndex=0, commits[f9fecd82-c7ae-483e-b259-6428f2dfb240:c4478, adbfec77-7a0d-4773-aa56-ba0b778d0ab5:c4477, 90c45227-141f-43fe-b831-a2b91b39d6b0:c4477]
2019-07-14 06:26:11,027 INFO  client.GrpcClientProtocolClient (GrpcClientProtocolClient.java:onNext(255)) - client-D2340BF4DD29->f9fecd82-c7ae-483e-b259-6428f2dfb240: receive RaftClientReply:client-D2340BF4DD29->f9fecd82-c7ae-483e-b259-6428f2dfb240@group-7DE138E597A5, cid=2973, SUCCESS, logIndex=4479, commits[f9fecd82-c7ae-483e-b259-6428f2dfb240:c4480, adbfec77-7a0d-4773-aa56-ba0b778d0ab5:c4478, 90c45227-141f-43fe-b831-a2b91b39d6b0:c4478]
2019-07-14 06:26:11,028 INFO  client.GrpcClientProtocolClient (GrpcClientProtocolClient.java:onNext(255)) - client-D2340BF4DD29->f9fecd82-c7ae-483e-b259-6428f2dfb240: receive RaftClientReply:client-D2340BF4DD29->f9fecd82-c7ae-483e-b259-6428f2dfb240@group-7DE138E597A5, cid=2974, SUCCESS, logIndex=4480, commits[f9fecd82-c7ae-483e-b259-6428f2dfb240:c4480, adbfec77-7a0d-4773-aa56-ba0b778d0ab5:c4478, 90c45227-141f-43fe-b831-a2b91b39d6b0:c4478]
2019-07-14 06:26:11,028 INFO  client.GrpcClientProtocolClient (GrpcClientProtocolClient.java:onNext(255)) - client-D2340BF4DD29->f9fecd82-c7ae-483e-b259-6428f2dfb240: receive RaftClientReply:client-D2340BF4DD29->f9fecd82-c7ae-483e-b259-6428f2dfb240@group-7DE138E597A5, cid=2975, SUCCESS, logIndex=4481, commits[f9fecd82-c7ae-483e-b259-6428f2dfb240:c4482, adbfec77-7a0d-4773-aa56-ba0b778d0ab5:c4478, 90c45227-141f-43fe-b831-a2b91b39d6b0:c4478]
 0.00% |█                                                                                                    |  0/1 Time: 0:00:252019-07-14 06:26:11,028 INFO  client.GrpcClientProtocolClient (GrpcClientProtocolClient.java:onNext(255)) - client-D2340BF4DD29->f9fecd82-c7ae-483e-b259-6428f2dfb240: receive RaftClientReply:client-D2340BF4DD29->f9fecd82-c7ae-483e-b259-6428f2dfb240@group-7DE138E597A5, cid=2976, SUCCESS, logIndex=4482, commits[f9fecd82-c7ae-483e-b259-6428f2dfb240:c4482, adbfec77-7a0d-4773-aa56-ba0b778d0ab5:c4478, 90c45227-141f-43fe-b831-a2b91b39d6b0:c4478]
2019-07-14 06:26:11,042 INFO  client.GrpcClientProtocolClient (GrpcClientProtocolClient.java:onNext(255)) - client-D2340BF4DD29->f9fecd82-c7ae-483e-b259-6428f2dfb240: receive RaftClientReply:client-D2340BF4DD29->f9fecd82-c7ae-483e-b259-6428f2dfb240@group-7DE138E597A5, cid=2977, SUCCESS, logIndex=0, commits[f9fecd82-c7ae-483e-b259-6428f2dfb240:c4484, adbfec77-7a0d-4773-aa56-ba0b778d0ab5:c4480, 90c45227-141f-43fe-b831-a2b91b39d6b0:c4480]
2019-07-14 06:26:11,062 INFO  client.GrpcClientProtocolClient (GrpcClientProtocolClient.java:onNext(255)) - client-D2340BF4DD29->f9fecd82-c7ae-483e-b259-6428f2dfb240: receive RaftClientReply:client-D2340BF4DD29->f9fecd82-c7ae-483e-b259-6428f2dfb240@group-7DE138E597A5, cid=2978, SUCCESS, logIndex=4487, commits[f9fecd82-c7ae-483e-b259-6428f2dfb240:c4488, adbfec77-7a0d-4773-aa56-ba0b778d0ab5:c4486, 90c45227-141f-43fe-b831-a2b91b39d6b0:c4486]
2019-07-14 06:26:11,063 INFO  client.GrpcClientProtocolClient (GrpcClientProtocolClient.java:onNext(255)) - client-D2340BF4DD29->f9fecd82-c7ae-483e-b259-6428f2dfb240: receive RaftClientReply:client-D2340BF4DD29->f9fecd82-c7ae-483e-b259-6428f2dfb240@group-7DE138E597A5, cid=2979, SUCCESS, logIndex=4488, commits[f9fecd82-c7ae-483e-b259-6428f2dfb240:c4488, adbfec77-7a0d-4773-aa56-ba0b778d0ab5:c4486, 90c45227-141f-43fe-b831-a2b91b39d6b0:c4486]
2019-07-14 06:26:11,089 INFO  client.GrpcClientProtocolClient (GrpcClientProtocolClient.java:onNext(255)) - client-D2340BF4DD29->f9fecd82-c7ae-483e-b259-6428f2dfb240: receive RaftClientReply:client-D2340BF4DD29->f9fecd82-c7ae-483e-b259-6428f2dfb240@group-7DE138E597A5, cid=2980, SUCCESS, logIndex=4491, commits[f9fecd82-c7ae-483e-b259-6428f2dfb240:c4491, adbfec77-7a0d-4773-aa56-ba0b778d0ab5:c4488, 90c45227-141f-43fe-b831-a2b91b39d6b0:c4488]
2019-07-14 06:26:11,089 INFO  client.GrpcClientProtocolClient (GrpcClientProtocolClient.java:onNext(255)) - client-D2340BF4DD29->f9fecd82-c7ae-483e-b259-6428f2dfb240: receive RaftClientReply:client-D2340BF4DD29->f9fecd82-c7ae-483e-b259-6428f2dfb240@group-7DE138E597A5, cid=2981, SUCCESS, logIndex=4492, commits[f9fecd82-c7ae-483e-b259-6428f2dfb240:c4492, adbfec77-7a0d-4773-aa56-ba0b778d0ab5:c4488, 90c45227-141f-43fe-b831-a2b91b39d6b0:c4488]
2019-07-14 06:26:11,140 INFO  client.GrpcClientProtocolClient (GrpcClientProtocolClient.java:onNext(255)) - client-D2340BF4DD29->f9fecd82-c7ae-483e-b259-6428f2dfb240: receive RaftClientReply:client-D2340BF4DD29->f9fecd82-c7ae-483e-b259-6428f2dfb240@group-7DE138E597A5, cid=2982, SUCCESS, logIndex=0, commits[f9fecd82-c7ae-483e-b259-6428f2dfb240:c4494, adbfec77-7a0d-4773-aa56-ba0b778d0ab5:c4492, 90c45227-141f-43fe-b831-a2b91b39d6b0:c4492]
2019-07-14 06:26:11,173 INFO  client.GrpcClientProtocolClient (GrpcClientProtocolClient.java:onNext(255)) - client-D2340BF4DD29->f9fecd82-c7ae-483e-b259-6428f2dfb240: receive RaftClientReply:client-D2340BF4DD29->f9fecd82-c7ae-483e-b259-6428f2dfb240@group-7DE138E597A5, cid=2983, SUCCESS, logIndex=4495, commits[f9fecd82-c7ae-483e-b259-6428f2dfb240:c4496, adbfec77-7a0d-4773-aa56-ba0b778d0ab5:c4494, 90c45227-141f-43fe-b831-a2b91b39d6b0:c4494]
2019-07-14 06:26:11,174 INFO  client.GrpcClientProtocolClient (GrpcClientProtocolClient.java:onNext(255)) - client-D2340BF4DD29->f9fecd82-c7ae-483e-b259-6428f2dfb240: receive RaftClientReply:client-D2340BF4DD29->f9fecd82-c7ae-483e-b259-6428f2dfb240@group-7DE138E597A5, cid=2984, SUCCESS, logIndex=4496, commits[f9fecd82-c7ae-483e-b259-6428f2dfb240:c4498, adbfec77-7a0d-4773-aa56-ba0b778d0ab5:c4494, 90c45227-141f-43fe-b831-a2b91b39d6b0:c4494]
2019-07-14 06:26:11,174 INFO  client.GrpcClientProtocolClient (GrpcClientProtocolClient.java:onNext(255)) - client-D2340BF4DD29->f9fecd82-c7ae-483e-b259-6428f2dfb240: receive RaftClientReply:client-D2340BF4DD29->f9fecd82-c7ae-483e-b259-6428f2dfb240@group-7DE138E597A5, cid=2985, SUCCESS, logIndex=4497, commits[f9fecd82-c7ae-483e-b259-6428f2dfb240:c4498, adbfec77-7a0d-4773-aa56-ba0b778d0ab5:c4494, 90c45227-141f-43fe-b831-a2b91b39d6b0:c4494]
2019-07-14 06:26:11,174 INFO  client.GrpcClientProtocolClient (GrpcClientProtocolClient.java:onNext(255)) - client-D2340BF4DD29->f9fecd82-c7ae-483e-b259-6428f2dfb240: receive RaftClientReply:client-D2340BF4DD29->f9fecd82-c7ae-483e-b259-6428f2dfb240@group-7DE138E597A5, cid=2986, SUCCESS, logIndex=4498, commits[f9fecd82-c7ae-483e-b259-6428f2dfb240:c4498, adbfec77-7a0d-4773-aa56-ba0b778d0ab5:c4494, 90c45227-141f-43fe-b831-a2b91b39d6b0:c4494]
2019-07-14 06:26:11,187 INFO  client.GrpcClientProtocolClient (GrpcClientProtocolClient.java:onNext(255)) - client-D2340BF4DD29->f9fecd82-c7ae-483e-b259-6428f2dfb240: receive RaftClientReply:client-D2340BF4DD29->f9fecd82-c7ae-483e-b259-6428f2dfb240@group-7DE138E597A5, cid=2987, SUCCESS, logIndex=0, commits[f9fecd82-c7ae-483e-b259-6428f2dfb240:c4501, adbfec77-7a0d-4773-aa56-ba0b778d0ab5:c4496, 90c45227-141f-43fe-b831-a2b91b39d6b0:c4497]
2019-07-14 06:26:11,208 INFO  client.GrpcClientProtocolClient (GrpcClientProtocolClient.java:onNext(255)) - client-D2340BF4DD29->f9fecd82-c7ae-483e-b259-6428f2dfb240: receive RaftClientReply:client-D2340BF4DD29->f9fecd82-c7ae-483e-b259-6428f2dfb240@group-7DE138E597A5, cid=2988, SUCCESS, logIndex=4503, commits[f9fecd82-c7ae-483e-b259-6428f2dfb240:c4504, adbfec77-7a0d-4773-aa56-ba0b778d0ab5:c4502, 90c45227-141f-43fe-b831-a2b91b39d6b0:c4502]
2019-07-14 06:26:11,208 INFO  client.GrpcClientProtocolClient (GrpcClientProtocolClient.java:onNext(255)) - client-D2340BF4DD29->f9fecd82-c7ae-483e-b259-6428f2dfb240: receive RaftClientReply:client-D2340BF4DD29->f9fecd82-c7ae-483e-b259-6428f2dfb240@group-7DE138E597A5, cid=2989, SUCCESS, logIndex=4504, commits[f9fecd82-c7ae-483e-b259-6428f2dfb240:c4504, adbfec77-7a0d-4773-aa56-ba0b778d0ab5:c4502, 90c45227-141f-43fe-b831-a2b91b39d6b0:c4502]
2019-07-14 06:26:11,223 INFO  client.GrpcClientProtocolClient (GrpcClientProtocolClient.java:onNext(255)) - client-D2340BF4DD29->f9fecd82-c7ae-483e-b259-6428f2dfb240: receive RaftClientReply:client-D2340BF4DD29->f9fecd82-c7ae-483e-b259-6428f2dfb240@group-7DE138E597A5, cid=2990, SUCCESS, logIndex=4507, commits[f9fecd82-c7ae-483e-b259-6428f2dfb240:c4508, adbfec77-7a0d-4773-aa56-ba0b778d0ab5:c4504, 90c45227-141f-43fe-b831-a2b91b39d6b0:c4504]
2019-07-14 06:26:11,223 INFO  client.GrpcClientProtocolClient (GrpcClientProtocolClient.java:onNext(255)) - client-D2340BF4DD29->f9fecd82-c7ae-483e-b259-6428f2dfb240: receive RaftClientReply:client-D2340BF4DD29->f9fecd82-c7ae-483e-b259-6428f2dfb240@group-7DE138E597A5, cid=2991, SUCCESS, logIndex=4508, commits[f9fecd82-c7ae-483e-b259-6428f2dfb240:c4508, adbfec77-7a0d-4773-aa56-ba0b778d0ab5:c4504, 90c45227-141f-43fe-b831-a2b91b39d6b0:c4504]
2019-07-14 06:26:11,237 INFO  client.GrpcClientProtocolClient (GrpcClientProtocolClient.java:onNext(255)) - client-D2340BF4DD29->f9fecd82-c7ae-483e-b259-6428f2dfb240: receive RaftClientReply:client-D2340BF4DD29->f9fecd82-c7ae-483e-b259-6428f2dfb240@group-7DE138E597A5, cid=2992, SUCCESS, logIndex=0, commits[f9fecd82-c7ae-483e-b259-6428f2dfb240:c4510, adbfec77-7a0d-4773-aa56-ba0b778d0ab5:c4508, 90c45227-141f-43fe-b831-a2b91b39d6b0:c4508]
2019-07-14 06:26:11,270 INFO  client.GrpcClientProtocolClient (GrpcClientProtocolClient.java:onNext(255)) - client-D2340BF4DD29->f9fecd82-c7ae-483e-b259-6428f2dfb240: receive RaftClientReply:client-D2340BF4DD29->f9fecd82-c7ae-483e-b259-6428f2dfb240@group-7DE138E597A5, cid=2993, SUCCESS, logIndex=4511, commits[f9fecd82-c7ae-483e-b259-6428f2dfb240:c4512, adbfec77-7a0d-4773-aa56-ba0b778d0ab5:c4510, 90c45227-141f-43fe-b831-a2b91b39d6b0:c4510]
2019-07-14 06:26:11,270 INFO  client.GrpcClientProtocolClient (GrpcClientProtocolClient.java:onNext(255)) - client-D2340BF4DD29->f9fecd82-c7ae-483e-b259-6428f2dfb240: receive RaftClientReply:client-D2340BF4DD29->f9fecd82-c7ae-483e-b259-6428f2dfb240@group-7DE138E597A5, cid=2994, SUCCESS, logIndex=4512, commits[f9fecd82-c7ae-483e-b259-6428f2dfb240:c4512, adbfec77-7a0d-4773-aa56-ba0b778d0ab5:c4510, 90c45227-141f-43fe-b831-a2b91b39d6b0:c4510]
2019-07-14 06:26:11,271 INFO  client.GrpcClientProtocolClient (GrpcClientProtocolClient.java:onNext(255)) - client-D2340BF4DD29->f9fecd82-c7ae-483e-b259-6428f2dfb240: receive RaftClientReply:client-D2340BF4DD29->f9fecd82-c7ae-483e-b259-6428f2dfb240@group-7DE138E597A5, cid=2995, SUCCESS, logIndex=4513, commits[f9fecd82-c7ae-483e-b259-6428f2dfb240:c4514, adbfec77-7a0d-4773-aa56-ba0b778d0ab5:c4510, 90c45227-141f-43fe-b831-a2b91b39d6b0:c4510]
2019-07-14 06:26:11,271 INFO  client.GrpcClientProtocolClient (GrpcClientProtocolClient.java:onNext(255)) - client-D2340BF4DD29->f9fecd82-c7ae-483e-b259-6428f2dfb240: receive RaftClientReply:client-D2340BF4DD29->f9fecd82-c7ae-483e-b259-6428f2dfb240@group-7DE138E597A5, cid=2996, SUCCESS, logIndex=4514, commits[f9fecd82-c7ae-483e-b259-6428f2dfb240:c4514, adbfec77-7a0d-4773-aa56-ba0b778d0ab5:c4510, 90c45227-141f-43fe-b831-a2b91b39d6b0:c4510]
2019-07-14 06:26:11,287 INFO  client.GrpcClientProtocolClient (GrpcClientProtocolClient.java:onNext(255)) - client-D2340BF4DD29->f9fecd82-c7ae-483e-b259-6428f2dfb240: receive RaftClientReply:client-D2340BF4DD29->f9fecd82-c7ae-483e-b259-6428f2dfb240@group-7DE138E597A5, cid=2997, SUCCESS, logIndex=0, commits[f9fecd82-c7ae-483e-b259-6428f2dfb240:c4516, adbfec77-7a0d-4773-aa56-ba0b778d0ab5:c4512, 90c45227-141f-43fe-b831-a2b91b39d6b0:c4512]
2019-07-14 06:26:11,299 INFO  client.GrpcClientProtocolClient (GrpcClientProtocolClient.java:onNext(255)) - client-D2340BF4DD29->f9fecd82-c7ae-483e-b259-6428f2dfb240: receive RaftClientReply:client-D2340BF4DD29->f9fecd82-c7ae-483e-b259-6428f2dfb240@group-7DE138E597A5, cid=2998, SUCCESS, logIndex=4519, commits[f9fecd82-c7ae-483e-b259-6428f2dfb240:c4520, adbfec77-7a0d-4773-aa56-ba0b778d0ab5:c4518, 90c45227-141f-43fe-b831-a2b91b39d6b0:c4514]
2019-07-14 06:26:11,299 INFO  client.GrpcClientProtocolClient (GrpcClientProtocolClient.java:onNext(255)) - client-D2340BF4DD29->f9fecd82-c7ae-483e-b259-6428f2dfb240: receive RaftClientReply:client-D2340BF4DD29->f9fecd82-c7ae-483e-b259-6428f2dfb240@group-7DE138E597A5, cid=2999, SUCCESS, logIndex=4520, commits[f9fecd82-c7ae-483e-b259-6428f2dfb240:c4520, adbfec77-7a0d-4773-aa56-ba0b778d0ab5:c4518, 90c45227-141f-43fe-b831-a2b91b39d6b0:c4518]
2019-07-14 06:26:11,311 INFO  client.GrpcClientProtocolClient (GrpcClientProtocolClient.java:onNext(255)) - client-D2340BF4DD29->f9fecd82-c7ae-483e-b259-6428f2dfb240: receive RaftClientReply:client-D2340BF4DD29->f9fecd82-c7ae-483e-b259-6428f2dfb240@group-7DE138E597A5, cid=3000, SUCCESS, logIndex=4523, commits[f9fecd82-c7ae-483e-b259-6428f2dfb240:c4524, adbfec77-7a0d-4773-aa56-ba0b778d0ab5:c4522, 90c45227-141f-43fe-b831-a2b91b39d6b0:c4520]
2019-07-14 06:26:11,312 INFO  client.GrpcClientProtocolClient (GrpcClientProtocolClient.java:onNext(255)) - client-D2340BF4DD29->f9fecd82-c7ae-483e-b259-6428f2dfb240: receive RaftClientReply:client-D2340BF4DD29->f9fecd82-c7ae-483e-b259-6428f2dfb240@group-7DE138E597A5, cid=3001, SUCCESS, logIndex=4524, commits[f9fecd82-c7ae-483e-b259-6428f2dfb240:c4524, adbfec77-7a0d-4773-aa56-ba0b778d0ab5:c4522, 90c45227-141f-43fe-b831-a2b91b39d6b0:c4522]
2019-07-14 06:26:11,315 INFO  client.GrpcClientProtocolClient (GrpcClientProtocolClient.java:onNext(255)) - client-D2340BF4DD29->f9fecd82-c7ae-483e-b259-6428f2dfb240: receive RaftClientReply:client-D2340BF4DD29->f9fecd82-c7ae-483e-b259-6428f2dfb240@group-7DE138E597A5, cid=3002, SUCCESS, logIndex=0, commits[f9fecd82-c7ae-483e-b259-6428f2dfb240:c4525, adbfec77-7a0d-4773-aa56-ba0b778d0ab5:c4524, 90c45227-141f-43fe-b831-a2b91b39d6b0:c4524]
2019-07-14 06:26:11,336 INFO  client.GrpcClientProtocolClient (GrpcClientProtocolClient.java:onNext(255)) - client-D2340BF4DD29->f9fecd82-c7ae-483e-b259-6428f2dfb240: receive RaftClientReply:client-D2340BF4DD29->f9fecd82-c7ae-483e-b259-6428f2dfb240@group-7DE138E597A5, cid=3003, SUCCESS, logIndex=4527, commits[f9fecd82-c7ae-483e-b259-6428f2dfb240:c4528, adbfec77-7a0d-4773-aa56-ba0b778d0ab5:c4524, 90c45227-141f-43fe-b831-a2b91b39d6b0:c4526]
2019-07-14 06:26:11,337 INFO  client.GrpcClientProtocolClient (GrpcClientProtocolClient.java:onNext(255)) - client-D2340BF4DD29->f9fecd82-c7ae-483e-b259-6428f2dfb240: receive RaftClientReply:client-D2340BF4DD29->f9fecd82-c7ae-483e-b259-6428f2dfb240@group-7DE138E597A5, cid=3004, SUCCESS, logIndex=4528, commits[f9fecd82-c7ae-483e-b259-6428f2dfb240:c4528, adbfec77-7a0d-4773-aa56-ba0b778d0ab5:c4524, 90c45227-141f-43fe-b831-a2b91b39d6b0:c4526]
2019-07-14 06:26:11,340 INFO  client.GrpcClientProtocolClient (GrpcClientProtocolClient.java:onNext(255)) - client-D2340BF4DD29->f9fecd82-c7ae-483e-b259-6428f2dfb240: receive RaftClientReply:client-D2340BF4DD29->f9fecd82-c7ae-483e-b259-6428f2dfb240@group-7DE138E597A5, cid=3005, SUCCESS, logIndex=4529, commits[f9fecd82-c7ae-483e-b259-6428f2dfb240:c4532, adbfec77-7a0d-4773-aa56-ba0b778d0ab5:c4526, 90c45227-141f-43fe-b831-a2b91b39d6b0:c4528]
2019-07-14 06:26:11,340 INFO  client.GrpcClientProtocolClient (GrpcClientProtocolClient.java:onNext(255)) - client-D2340BF4DD29->f9fecd82-c7ae-483e-b259-6428f2dfb240: receive RaftClientReply:client-D2340BF4DD29->f9fecd82-c7ae-483e-b259-6428f2dfb240@group-7DE138E597A5, cid=3006, SUCCESS, logIndex=4530, commits[f9fecd82-c7ae-483e-b259-6428f2dfb240:c4532, adbfec77-7a0d-4773-aa56-ba0b778d0ab5:c4526, 90c45227-141f-43fe-b831-a2b91b39d6b0:c4528]
2019-07-14 06:26:11,341 INFO  client.GrpcClientProtocolClient (GrpcClientProtocolClient.java:onNext(255)) - client-D2340BF4DD29->f9fecd82-c7ae-483e-b259-6428f2dfb240: receive RaftClientReply:client-D2340BF4DD29->f9fecd82-c7ae-483e-b259-6428f2dfb240@group-7DE138E597A5, cid=3007, SUCCESS, logIndex=0, commits[f9fecd82-c7ae-483e-b259-6428f2dfb240:c4532, adbfec77-7a0d-4773-aa56-ba0b778d0ab5:c4528, 90c45227-141f-43fe-b831-a2b91b39d6b0:c4528]
2019-07-14 06:26:11,387 INFO  client.GrpcClientProtocolClient (GrpcClientProtocolClient.java:onNext(255)) - client-D2340BF4DD29->f9fecd82-c7ae-483e-b259-6428f2dfb240: receive RaftClientReply:client-D2340BF4DD29->f9fecd82-c7ae-483e-b259-6428f2dfb240@group-7DE138E597A5, cid=3008, SUCCESS, logIndex=4535, commits[f9fecd82-c7ae-483e-b259-6428f2dfb240:c4536, adbfec77-7a0d-4773-aa56-ba0b778d0ab5:c4530, 90c45227-141f-43fe-b831-a2b91b39d6b0:c4534]
2019-07-14 06:26:11,388 INFO  client.GrpcClientProtocolClient (GrpcClientProtocolClient.java:onNext(255)) - client-D2340BF4DD29->f9fecd82-c7ae-483e-b259-6428f2dfb240: receive RaftClientReply:client-D2340BF4DD29->f9fecd82-c7ae-483e-b259-6428f2dfb240@group-7DE138E597A5, cid=3009, SUCCESS, logIndex=4536, commits[f9fecd82-c7ae-483e-b259-6428f2dfb240:c4536, adbfec77-7a0d-4773-aa56-ba0b778d0ab5:c4534, 90c45227-141f-43fe-b831-a2b91b39d6b0:c4534]
2019-07-14 06:26:11,401 INFO  client.GrpcClientProtocolClient (GrpcClientProtocolClient.java:onNext(255)) - client-D2340BF4DD29->f9fecd82-c7ae-483e-b259-6428f2dfb240: receive RaftClientReply:client-D2340BF4DD29->f9fecd82-c7ae-483e-b259-6428f2dfb240@group-7DE138E597A5, cid=3010, SUCCESS, logIndex=4539, commits[f9fecd82-c7ae-483e-b259-6428f2dfb240:c4540, adbfec77-7a0d-4773-aa56-ba0b778d0ab5:c4536, 90c45227-141f-43fe-b831-a2b91b39d6b0:c4536]
2019-07-14 06:26:11,401 INFO  client.GrpcClientProtocolClient (GrpcClientProtocolClient.java:onNext(255)) - client-D2340BF4DD29->f9fecd82-c7ae-483e-b259-6428f2dfb240: receive RaftClientReply:client-D2340BF4DD29->f9fecd82-c7ae-483e-b259-6428f2dfb240@group-7DE138E597A5, cid=3011, SUCCESS, logIndex=4540, commits[f9fecd82-c7ae-483e-b259-6428f2dfb240:c4540, adbfec77-7a0d-4773-aa56-ba0b778d0ab5:c4536, 90c45227-141f-43fe-b831-a2b91b39d6b0:c4536]
2019-07-14 06:26:11,416 INFO  client.GrpcClientProtocolClient (GrpcClientProtocolClient.java:onNext(255)) - client-D2340BF4DD29->f9fecd82-c7ae-483e-b259-6428f2dfb240: receive RaftClientReply:client-D2340BF4DD29->f9fecd82-c7ae-483e-b259-6428f2dfb240@group-7DE138E597A5, cid=3012, SUCCESS, logIndex=0, commits[f9fecd82-c7ae-483e-b259-6428f2dfb240:c4542, adbfec77-7a0d-4773-aa56-ba0b778d0ab5:c4540, 90c45227-141f-43fe-b831-a2b91b39d6b0:c4540]
2019-07-14 06:26:11,451 INFO  client.GrpcClientProtocolClient (GrpcClientProtocolClient.java:onNext(255)) - client-D2340BF4DD29->f9fecd82-c7ae-483e-b259-6428f2dfb240: receive RaftClientReply:client-D2340BF4DD29->f9fecd82-c7ae-483e-b259-6428f2dfb240@group-7DE138E597A5, cid=3013, SUCCESS, logIndex=4543, commits[f9fecd82-c7ae-483e-b259-6428f2dfb240:c4544, adbfec77-7a0d-4773-aa56-ba0b778d0ab5:c4542, 90c45227-141f-43fe-b831-a2b91b39d6b0:c4542]
2019-07-14 06:26:11,452 INFO  client.GrpcClientProtocolClient (GrpcClientProtocolClient.java:onNext(255)) - client-D2340BF4DD29->f9fecd82-c7ae-483e-b259-6428f2dfb240: receive RaftClientReply:client-D2340BF4DD29->f9fecd82-c7ae-483e-b259-6428f2dfb240@group-7DE138E597A5, cid=3014, SUCCESS, logIndex=4544, commits[f9fecd82-c7ae-483e-b259-6428f2dfb240:c4546, adbfec77-7a0d-4773-aa56-ba0b778d0ab5:c4542, 90c45227-141f-43fe-b831-a2b91b39d6b0:c4542]
2019-07-14 06:26:11,452 INFO  client.GrpcClientProtocolClient (GrpcClientProtocolClient.java:onNext(255)) - client-D2340BF4DD29->f9fecd82-c7ae-483e-b259-6428f2dfb240: receive RaftClientReply:client-D2340BF4DD29->f9fecd82-c7ae-483e-b259-6428f2dfb240@group-7DE138E597A5, cid=3015, SUCCESS, logIndex=4545, commits[f9fecd82-c7ae-483e-b259-6428f2dfb240:c4546, adbfec77-7a0d-4773-aa56-ba0b778d0ab5:c4542, 90c45227-141f-43fe-b831-a2b91b39d6b0:c4542]
2019-07-14 06:26:11,453 INFO  client.GrpcClientProtocolClient (GrpcClientProtocolClient.java:onNext(255)) - client-D2340BF4DD29->f9fecd82-c7ae-483e-b259-6428f2dfb240: receive RaftClientReply:client-D2340BF4DD29->f9fecd82-c7ae-483e-b259-6428f2dfb240@group-7DE138E597A5, cid=3016, SUCCESS, logIndex=4546, commits[f9fecd82-c7ae-483e-b259-6428f2dfb240:c4546, adbfec77-7a0d-4773-aa56-ba0b778d0ab5:c4542, 90c45227-141f-43fe-b831-a2b91b39d6b0:c4542]
2019-07-14 06:26:11,465 INFO  client.GrpcClientProtocolClient (GrpcClientProtocolClient.java:onNext(255)) - client-D2340BF4DD29->f9fecd82-c7ae-483e-b259-6428f2dfb240: receive RaftClientReply:client-D2340BF4DD29->f9fecd82-c7ae-483e-b259-6428f2dfb240@group-7DE138E597A5, cid=3017, SUCCESS, logIndex=0, commits[f9fecd82-c7ae-483e-b259-6428f2dfb240:c4548, adbfec77-7a0d-4773-aa56-ba0b778d0ab5:c4544, 90c45227-141f-43fe-b831-a2b91b39d6b0:c4544]
2019-07-14 06:26:11,490 INFO  client.GrpcClientProtocolClient (GrpcClientProtocolClient.java:onNext(255)) - client-D2340BF4DD29->f9fecd82-c7ae-483e-b259-6428f2dfb240: receive RaftClientReply:client-D2340BF4DD29->f9fecd82-c7ae-483e-b259-6428f2dfb240@group-7DE138E597A5, cid=3018, SUCCESS, logIndex=4551, commits[f9fecd82-c7ae-483e-b259-6428f2dfb240:c4552, adbfec77-7a0d-4773-aa56-ba0b778d0ab5:c4550, 90c45227-141f-43fe-b831-a2b91b39d6b0:c4550]
2019-07-14 06:26:11,491 INFO  client.GrpcClientProtocolClient (GrpcClientProtocolClient.java:onNext(255)) - client-D2340BF4DD29->f9fecd82-c7ae-483e-b259-6428f2dfb240: receive RaftClientReply:client-D2340BF4DD29->f9fecd82-c7ae-483e-b259-6428f2dfb240@group-7DE138E597A5, cid=3019, SUCCESS, logIndex=4552, commits[f9fecd82-c7ae-483e-b259-6428f2dfb240:c4552, adbfec77-7a0d-4773-aa56-ba0b778d0ab5:c4550, 90c45227-141f-43fe-b831-a2b91b39d6b0:c4550]
2019-07-14 06:26:11,514 INFO  client.GrpcClientProtocolClient (GrpcClientProtocolClient.java:onNext(255)) - client-D2340BF4DD29->f9fecd82-c7ae-483e-b259-6428f2dfb240: receive RaftClientReply:client-D2340BF4DD29->f9fecd82-c7ae-483e-b259-6428f2dfb240@group-7DE138E597A5, cid=3020, SUCCESS, logIndex=4555, commits[f9fecd82-c7ae-483e-b259-6428f2dfb240:c4556, adbfec77-7a0d-4773-aa56-ba0b778d0ab5:c4552, 90c45227-141f-43fe-b831-a2b91b39d6b0:c4551]
2019-07-14 06:26:11,515 INFO  client.GrpcClientProtocolClient (GrpcClientProtocolClient.java:onNext(255)) - client-D2340BF4DD29->f9fecd82-c7ae-483e-b259-6428f2dfb240: receive RaftClientReply:client-D2340BF4DD29->f9fecd82-c7ae-483e-b259-6428f2dfb240@group-7DE138E597A5, cid=3021, SUCCESS, logIndex=4556, commits[f9fecd82-c7ae-483e-b259-6428f2dfb240:c4556, adbfec77-7a0d-4773-aa56-ba0b778d0ab5:c4552, 90c45227-141f-43fe-b831-a2b91b39d6b0:c4552]
2019-07-14 06:26:11,529 INFO  client.GrpcClientProtocolClient (GrpcClientProtocolClient.java:onNext(255)) - client-D2340BF4DD29->f9fecd82-c7ae-483e-b259-6428f2dfb240: receive RaftClientReply:client-D2340BF4DD29->f9fecd82-c7ae-483e-b259-6428f2dfb240@group-7DE138E597A5, cid=3022, SUCCESS, logIndex=0, commits[f9fecd82-c7ae-483e-b259-6428f2dfb240:c4558, adbfec77-7a0d-4773-aa56-ba0b778d0ab5:c4556, 90c45227-141f-43fe-b831-a2b91b39d6b0:c4556]
2019-07-14 06:26:11,562 INFO  client.GrpcClientProtocolClient (GrpcClientProtocolClient.java:onNext(255)) - client-D2340BF4DD29->f9fecd82-c7ae-483e-b259-6428f2dfb240: receive RaftClientReply:client-D2340BF4DD29->f9fecd82-c7ae-483e-b259-6428f2dfb240@group-7DE138E597A5, cid=3023, SUCCESS, logIndex=4559, commits[f9fecd82-c7ae-483e-b259-6428f2dfb240:c4561, adbfec77-7a0d-4773-aa56-ba0b778d0ab5:c4558, 90c45227-141f-43fe-b831-a2b91b39d6b0:c4558]
2019-07-14 06:26:11,563 INFO  client.GrpcClientProtocolClient (GrpcClientProtocolClient.java:onNext(255)) - client-D2340BF4DD29->f9fecd82-c7ae-483e-b259-6428f2dfb240: receive RaftClientReply:client-D2340BF4DD29->f9fecd82-c7ae-483e-b259-6428f2dfb240@group-7DE138E597A5, cid=3024, SUCCESS, logIndex=4560, commits[f9fecd82-c7ae-483e-b259-6428f2dfb240:c4562, adbfec77-7a0d-4773-aa56-ba0b778d0ab5:c4558, 90c45227-141f-43fe-b831-a2b91b39d6b0:c4558]
2019-07-14 06:26:11,563 INFO  client.GrpcClientProtocolClient (GrpcClientProtocolClient.java:onNext(255)) - client-D2340BF4DD29->f9fecd82-c7ae-483e-b259-6428f2dfb240: receive RaftClientReply:client-D2340BF4DD29->f9fecd82-c7ae-483e-b259-6428f2dfb240@group-7DE138E597A5, cid=3025, SUCCESS, logIndex=4561, commits[f9fecd82-c7ae-483e-b259-6428f2dfb240:c4562, adbfec77-7a0d-4773-aa56-ba0b778d0ab5:c4558, 90c45227-141f-43fe-b831-a2b91b39d6b0:c4558]
2019-07-14 06:26:11,563 INFO  client.GrpcClientProtocolClient (GrpcClientProtocolClient.java:onNext(255)) - client-D2340BF4DD29->f9fecd82-c7ae-483e-b259-6428f2dfb240: receive RaftClientReply:client-D2340BF4DD29->f9fecd82-c7ae-483e-b259-6428f2dfb240@group-7DE138E597A5, cid=3026, SUCCESS, logIndex=4562, commits[f9fecd82-c7ae-483e-b259-6428f2dfb240:c4562, adbfec77-7a0d-4773-aa56-ba0b778d0ab5:c4558, 90c45227-141f-43fe-b831-a2b91b39d6b0:c4558]
2019-07-14 06:26:11,567 INFO  client.GrpcClientProtocolClient (GrpcClientProtocolClient.java:onNext(255)) - client-D2340BF4DD29->f9fecd82-c7ae-483e-b259-6428f2dfb240: receive RaftClientReply:client-D2340BF4DD29->f9fecd82-c7ae-483e-b259-6428f2dfb240@group-7DE138E597A5, cid=3027, SUCCESS, logIndex=0, commits[f9fecd82-c7ae-483e-b259-6428f2dfb240:c4563, adbfec77-7a0d-4773-aa56-ba0b778d0ab5:c4560, 90c45227-141f-43fe-b831-a2b91b39d6b0:c4560]
2019-07-14 06:26:11,580 INFO  client.GrpcClientProtocolClient (GrpcClientProtocolClient.java:onNext(255)) - client-D2340BF4DD29->f9fecd82-c7ae-483e-b259-6428f2dfb240: receive RaftClientReply:client-D2340BF4DD29->f9fecd82-c7ae-483e-b259-6428f2dfb240@group-7DE138E597A5, cid=3028, SUCCESS, logIndex=4567, commits[f9fecd82-c7ae-483e-b259-6428f2dfb240:c4568, adbfec77-7a0d-4773-aa56-ba0b778d0ab5:c4562, 90c45227-141f-43fe-b831-a2b91b39d6b0:c4566]
2019-07-14 06:26:11,580 INFO  client.GrpcClientProtocolClient (GrpcClientProtocolClient.java:onNext(255)) - client-D2340BF4DD29->f9fecd82-c7ae-483e-b259-6428f2dfb240: receive RaftClientReply:client-D2340BF4DD29->f9fecd82-c7ae-483e-b259-6428f2dfb240@group-7DE138E597A5, cid=3029, SUCCESS, logIndex=4568, commits[f9fecd82-c7ae-483e-b259-6428f2dfb240:c4568, adbfec77-7a0d-4773-aa56-ba0b778d0ab5:c4566, 90c45227-141f-43fe-b831-a2b91b39d6b0:c4566]
2019-07-14 06:26:11,614 INFO  client.GrpcClientProtocolClient (GrpcClientProtocolClient.java:onNext(255)) - client-D2340BF4DD29->f9fecd82-c7ae-483e-b259-6428f2dfb240: receive RaftClientReply:client-D2340BF4DD29->f9fecd82-c7ae-483e-b259-6428f2dfb240@group-7DE138E597A5, cid=3030, SUCCESS, logIndex=4571, commits[f9fecd82-c7ae-483e-b259-6428f2dfb240:c4572, adbfec77-7a0d-4773-aa56-ba0b778d0ab5:c4570, 90c45227-141f-43fe-b831-a2b91b39d6b0:c4570]
2019-07-14 06:26:11,614 INFO  client.GrpcClientProtocolClient (GrpcClientProtocolClient.java:onNext(255)) - client-D2340BF4DD29->f9fecd82-c7ae-483e-b259-6428f2dfb240: receive RaftClientReply:client-D2340BF4DD29->f9fecd82-c7ae-483e-b259-6428f2dfb240@group-7DE138E597A5, cid=3031, SUCCESS, logIndex=4572, commits[f9fecd82-c7ae-483e-b259-6428f2dfb240:c4572, adbfec77-7a0d-4773-aa56-ba0b778d0ab5:c4570, 90c45227-141f-43fe-b831-a2b91b39d6b0:c4570]
2019-07-14 06:26:11,616 INFO  client.GrpcClientProtocolClient (GrpcClientProtocolClient.java:onNext(255)) - client-D2340BF4DD29->f9fecd82-c7ae-483e-b259-6428f2dfb240: receive RaftClientReply:client-D2340BF4DD29->f9fecd82-c7ae-483e-b259-6428f2dfb240@group-7DE138E597A5, cid=3032, SUCCESS, logIndex=0, commits[f9fecd82-c7ae-483e-b259-6428f2dfb240:c4573, adbfec77-7a0d-4773-aa56-ba0b778d0ab5:c4572, 90c45227-141f-43fe-b831-a2b91b39d6b0:c4572]
2019-07-14 06:26:11,649 INFO  client.GrpcClientProtocolClient (GrpcClientProtocolClient.java:onNext(255)) - client-D2340BF4DD29->f9fecd82-c7ae-483e-b259-6428f2dfb240: receive RaftClientReply:client-D2340BF4DD29->f9fecd82-c7ae-483e-b259-6428f2dfb240@group-7DE138E597A5, cid=3033, SUCCESS, logIndex=4574, commits[f9fecd82-c7ae-483e-b259-6428f2dfb240:c4575, adbfec77-7a0d-4773-aa56-ba0b778d0ab5:c4573, 90c45227-141f-43fe-b831-a2b91b39d6b0:c4573]
2019-07-14 06:26:11,650 INFO  client.GrpcClientProtocolClient (GrpcClientProtocolClient.java:onNext(255)) - client-D2340BF4DD29->f9fecd82-c7ae-483e-b259-6428f2dfb240: receive RaftClientReply:client-D2340BF4DD29->f9fecd82-c7ae-483e-b259-6428f2dfb240@group-7DE138E597A5, cid=3034, SUCCESS, logIndex=4575, commits[f9fecd82-c7ae-483e-b259-6428f2dfb240:c4575, adbfec77-7a0d-4773-aa56-ba0b778d0ab5:c4573, 90c45227-141f-43fe-b831-a2b91b39d6b0:c4573]
2019-07-14 06:26:11,650 INFO  client.GrpcClientProtocolClient (GrpcClientProtocolClient.java:onNext(255)) - client-D2340BF4DD29->f9fecd82-c7ae-483e-b259-6428f2dfb240: receive RaftClientReply:client-D2340BF4DD29->f9fecd82-c7ae-483e-b259-6428f2dfb240@group-7DE138E597A5, cid=3035, SUCCESS, logIndex=4576, commits[f9fecd82-c7ae-483e-b259-6428f2dfb240:c4577, adbfec77-7a0d-4773-aa56-ba0b778d0ab5:c4573, 90c45227-141f-43fe-b831-a2b91b39d6b0:c4573]
2019-07-14 06:26:11,651 INFO  client.GrpcClientProtocolClient (GrpcClientProtocolClient.java:onNext(255)) - client-D2340BF4DD29->f9fecd82-c7ae-483e-b259-6428f2dfb240: receive RaftClientReply:client-D2340BF4DD29->f9fecd82-c7ae-483e-b259-6428f2dfb240@group-7DE138E597A5, cid=3036, SUCCESS, logIndex=4577, commits[f9fecd82-c7ae-483e-b259-6428f2dfb240:c4577, adbfec77-7a0d-4773-aa56-ba0b778d0ab5:c4573, 90c45227-141f-43fe-b831-a2b91b39d6b0:c4573]
2019-07-14 06:26:11,653 INFO  client.GrpcClientProtocolClient (GrpcClientProtocolClient.java:onNext(255)) - client-D2340BF4DD29->f9fecd82-c7ae-483e-b259-6428f2dfb240: receive RaftClientReply:client-D2340BF4DD29->f9fecd82-c7ae-483e-b259-6428f2dfb240@group-7DE138E597A5, cid=3037, SUCCESS, logIndex=0, commits[f9fecd82-c7ae-483e-b259-6428f2dfb240:c4579, adbfec77-7a0d-4773-aa56-ba0b778d0ab5:c4575, 90c45227-141f-43fe-b831-a2b91b39d6b0:c4575]
2019-07-14 06:26:11,666 INFO  client.GrpcClientProtocolClient (GrpcClientProtocolClient.java:onNext(255)) - client-D2340BF4DD29->f9fecd82-c7ae-483e-b259-6428f2dfb240: receive RaftClientReply:client-D2340BF4DD29->f9fecd82-c7ae-483e-b259-6428f2dfb240@group-7DE138E597A5, cid=3038, SUCCESS, logIndex=4582, commits[f9fecd82-c7ae-483e-b259-6428f2dfb240:c4583, adbfec77-7a0d-4773-aa56-ba0b778d0ab5:c4579, 90c45227-141f-43fe-b831-a2b91b39d6b0:c4579]
2019-07-14 06:26:11,667 INFO  client.GrpcClientProtocolClient (GrpcClientProtocolClient.java:onNext(255)) - client-D2340BF4DD29->f9fecd82-c7ae-483e-b259-6428f2dfb240: receive RaftClientReply:client-D2340BF4DD29->f9fecd82-c7ae-483e-b259-6428f2dfb240@group-7DE138E597A5, cid=3039, SUCCESS, logIndex=4583, commits[f9fecd82-c7ae-483e-b259-6428f2dfb240:c4583, adbfec77-7a0d-4773-aa56-ba0b778d0ab5:c4579, 90c45227-141f-43fe-b831-a2b91b39d6b0:c4579]
2019-07-14 06:26:11,687 INFO  client.GrpcClientProtocolClient (GrpcClientProtocolClient.java:onNext(255)) - client-D2340BF4DD29->f9fecd82-c7ae-483e-b259-6428f2dfb240: receive RaftClientReply:client-D2340BF4DD29->f9fecd82-c7ae-483e-b259-6428f2dfb240@group-7DE138E597A5, cid=3040, SUCCESS, logIndex=4586, commits[f9fecd82-c7ae-483e-b259-6428f2dfb240:c4587, adbfec77-7a0d-4773-aa56-ba0b778d0ab5:c4585, 90c45227-141f-43fe-b831-a2b91b39d6b0:c4585]
2019-07-14 06:26:11,687 INFO  client.GrpcClientProtocolClient (GrpcClientProtocolClient.java:onNext(255)) - client-D2340BF4DD29->f9fecd82-c7ae-483e-b259-6428f2dfb240: receive RaftClientReply:client-D2340BF4DD29->f9fecd82-c7ae-483e-b259-6428f2dfb240@group-7DE138E597A5, cid=3041, SUCCESS, logIndex=4587, commits[f9fecd82-c7ae-483e-b259-6428f2dfb240:c4587, adbfec77-7a0d-4773-aa56-ba0b778d0ab5:c4585, 90c45227-141f-43fe-b831-a2b91b39d6b0:c4585]
2019-07-14 06:26:11,701 INFO  client.GrpcClientProtocolClient (GrpcClientProtocolClient.java:onNext(255)) - client-D2340BF4DD29->f9fecd82-c7ae-483e-b259-6428f2dfb240: receive RaftClientReply:client-D2340BF4DD29->f9fecd82-c7ae-483e-b259-6428f2dfb240@group-7DE138E597A5, cid=3042, SUCCESS, logIndex=0, commits[f9fecd82-c7ae-483e-b259-6428f2dfb240:c4588, adbfec77-7a0d-4773-aa56-ba0b778d0ab5:c4587, 90c45227-141f-43fe-b831-a2b91b39d6b0:c4587]
2019-07-14 06:26:11,734 INFO  client.GrpcClientProtocolClient (GrpcClientProtocolClient.java:onNext(255)) - client-D2340BF4DD29->f9fecd82-c7ae-483e-b259-6428f2dfb240: receive RaftClientReply:client-D2340BF4DD29->f9fecd82-c7ae-483e-b259-6428f2dfb240@group-7DE138E597A5, cid=3043, SUCCESS, logIndex=4590, commits[f9fecd82-c7ae-483e-b259-6428f2dfb240:c4590, adbfec77-7a0d-4773-aa56-ba0b778d0ab5:c4589, 90c45227-141f-43fe-b831-a2b91b39d6b0:c4589]
2019-07-14 06:26:11,734 INFO  client.GrpcClientProtocolClient (GrpcClientProtocolClient.java:onNext(255)) - client-D2340BF4DD29->f9fecd82-c7ae-483e-b259-6428f2dfb240: receive RaftClientReply:client-D2340BF4DD29->f9fecd82-c7ae-483e-b259-6428f2dfb240@group-7DE138E597A5, cid=3044, SUCCESS, logIndex=4591, commits[f9fecd82-c7ae-483e-b259-6428f2dfb240:c4593, adbfec77-7a0d-4773-aa56-ba0b778d0ab5:c4589, 90c45227-141f-43fe-b831-a2b91b39d6b0:c4589]
2019-07-14 06:26:11,734 INFO  client.GrpcClientProtocolClient (GrpcClientProtocolClient.java:onNext(255)) - client-D2340BF4DD29->f9fecd82-c7ae-483e-b259-6428f2dfb240: receive RaftClientReply:client-D2340BF4DD29->f9fecd82-c7ae-483e-b259-6428f2dfb240@group-7DE138E597A5, cid=3045, SUCCESS, logIndex=4592, commits[f9fecd82-c7ae-483e-b259-6428f2dfb240:c4593, adbfec77-7a0d-4773-aa56-ba0b778d0ab5:c4589, 90c45227-141f-43fe-b831-a2b91b39d6b0:c4589]
2019-07-14 06:26:11,735 INFO  client.GrpcClientProtocolClient (GrpcClientProtocolClient.java:onNext(255)) - client-D2340BF4DD29->f9fecd82-c7ae-483e-b259-6428f2dfb240: receive RaftClientReply:client-D2340BF4DD29->f9fecd82-c7ae-483e-b259-6428f2dfb240@group-7DE138E597A5, cid=3046, SUCCESS, logIndex=4593, commits[f9fecd82-c7ae-483e-b259-6428f2dfb240:c4593, adbfec77-7a0d-4773-aa56-ba0b778d0ab5:c4589, 90c45227-141f-43fe-b831-a2b91b39d6b0:c4589]
2019-07-14 06:26:11,748 INFO  client.GrpcClientProtocolClient (GrpcClientProtocolClient.java:onNext(255)) - client-D2340BF4DD29->f9fecd82-c7ae-483e-b259-6428f2dfb240: receive RaftClientReply:client-D2340BF4DD29->f9fecd82-c7ae-483e-b259-6428f2dfb240@group-7DE138E597A5, cid=3047, SUCCESS, logIndex=0, commits[f9fecd82-c7ae-483e-b259-6428f2dfb240:c4595, adbfec77-7a0d-4773-aa56-ba0b778d0ab5:c4591, 90c45227-141f-43fe-b831-a2b91b39d6b0:c4591]
2019-07-14 06:26:11,769 INFO  client.GrpcClientProtocolClient (GrpcClientProtocolClient.java:onNext(255)) - client-D2340BF4DD29->f9fecd82-c7ae-483e-b259-6428f2dfb240: receive RaftClientReply:client-D2340BF4DD29->f9fecd82-c7ae-483e-b259-6428f2dfb240@group-7DE138E597A5, cid=3048, SUCCESS, logIndex=4598, commits[f9fecd82-c7ae-483e-b259-6428f2dfb240:c4599, adbfec77-7a0d-4773-aa56-ba0b778d0ab5:c4597, 90c45227-141f-43fe-b831-a2b91b39d6b0:c4597]
2019-07-14 06:26:11,770 INFO  client.GrpcClientProtocolClient (GrpcClientProtocolClient.java:onNext(255)) - client-D2340BF4DD29->f9fecd82-c7ae-483e-b259-6428f2dfb240: receive RaftClientReply:client-D2340BF4DD29->f9fecd82-c7ae-483e-b259-6428f2dfb240@group-7DE138E597A5, cid=3049, SUCCESS, logIndex=4599, commits[f9fecd82-c7ae-483e-b259-6428f2dfb240:c4599, adbfec77-7a0d-4773-aa56-ba0b778d0ab5:c4597, 90c45227-141f-43fe-b831-a2b91b39d6b0:c4597]
2019-07-14 06:26:11,784 INFO  client.GrpcClientProtocolClient (GrpcClientProtocolClient.java:onNext(255)) - client-D2340BF4DD29->f9fecd82-c7ae-483e-b259-6428f2dfb240: receive RaftClientReply:client-D2340BF4DD29->f9fecd82-c7ae-483e-b259-6428f2dfb240@group-7DE138E597A5, cid=3050, SUCCESS, logIndex=4602, commits[f9fecd82-c7ae-483e-b259-6428f2dfb240:c4603, adbfec77-7a0d-4773-aa56-ba0b778d0ab5:c4599, 90c45227-141f-43fe-b831-a2b91b39d6b0:c4599]
2019-07-14 06:26:11,785 INFO  client.GrpcClientProtocolClient (GrpcClientProtocolClient.java:onNext(255)) - client-D2340BF4DD29->f9fecd82-c7ae-483e-b259-6428f2dfb240: receive RaftClientReply:client-D2340BF4DD29->f9fecd82-c7ae-483e-b259-6428f2dfb240@group-7DE138E597A5, cid=3051, SUCCESS, logIndex=4603, commits[f9fecd82-c7ae-483e-b259-6428f2dfb240:c4603, adbfec77-7a0d-4773-aa56-ba0b778d0ab5:c4599, 90c45227-141f-43fe-b831-a2b91b39d6b0:c4599]
2019-07-14 06:26:11,796 INFO  client.GrpcClientProtocolClient (GrpcClientProtocolClient.java:onNext(255)) - client-D2340BF4DD29->f9fecd82-c7ae-483e-b259-6428f2dfb240: receive RaftClientReply:client-D2340BF4DD29->f9fecd82-c7ae-483e-b259-6428f2dfb240@group-7DE138E597A5, cid=3052, SUCCESS, logIndex=0, commits[f9fecd82-c7ae-483e-b259-6428f2dfb240:c4603, adbfec77-7a0d-4773-aa56-ba0b778d0ab5:c4603, 90c45227-141f-43fe-b831-a2b91b39d6b0:c4603]
2019-07-14 06:26:11,944 INFO  client.GrpcClientProtocolClient (GrpcClientProtocolClient.java:onNext(255)) - client-D2340BF4DD29->f9fecd82-c7ae-483e-b259-6428f2dfb240: receive RaftClientReply:client-D2340BF4DD29->f9fecd82-c7ae-483e-b259-6428f2dfb240@group-7DE138E597A5, cid=3053, SUCCESS, logIndex=4606, commits[f9fecd82-c7ae-483e-b259-6428f2dfb240:c4608, adbfec77-7a0d-4773-aa56-ba0b778d0ab5:c4605, 90c45227-141f-43fe-b831-a2b91b39d6b0:c4605]
2019-07-14 06:26:11,944 INFO  client.GrpcClientProtocolClient (GrpcClientProtocolClient.java:onNext(255)) - client-D2340BF4DD29->f9fecd82-c7ae-483e-b259-6428f2dfb240: receive RaftClientReply:client-D2340BF4DD29->f9fecd82-c7ae-483e-b259-6428f2dfb240@group-7DE138E597A5, cid=3054, SUCCESS, logIndex=4607, commits[f9fecd82-c7ae-483e-b259-6428f2dfb240:c4609, adbfec77-7a0d-4773-aa56-ba0b778d0ab5:c4605, 90c45227-141f-43fe-b831-a2b91b39d6b0:c4605]
2019-07-14 06:26:11,945 INFO  client.GrpcClientProtocolClient (GrpcClientProtocolClient.java:onNext(255)) - client-D2340BF4DD29->f9fecd82-c7ae-483e-b259-6428f2dfb240: receive RaftClientReply:client-D2340BF4DD29->f9fecd82-c7ae-483e-b259-6428f2dfb240@group-7DE138E597A5, cid=3055, SUCCESS, logIndex=4608, commits[f9fecd82-c7ae-483e-b259-6428f2dfb240:c4609, adbfec77-7a0d-4773-aa56-ba0b778d0ab5:c4605, 90c45227-141f-43fe-b831-a2b91b39d6b0:c4605]
2019-07-14 06:26:11,946 INFO  client.GrpcClientProtocolClient (GrpcClientProtocolClient.java:onNext(255)) - client-D2340BF4DD29->f9fecd82-c7ae-483e-b259-6428f2dfb240: receive RaftClientReply:client-D2340BF4DD29->f9fecd82-c7ae-483e-b259-6428f2dfb240@group-7DE138E597A5, cid=3056, SUCCESS, logIndex=4609, commits[f9fecd82-c7ae-483e-b259-6428f2dfb240:c4610, adbfec77-7a0d-4773-aa56-ba0b778d0ab5:c4605, 90c45227-141f-43fe-b831-a2b91b39d6b0:c4606]
2019-07-14 06:26:11,947 INFO  client.GrpcClientProtocolClient (GrpcClientProtocolClient.java:onNext(255)) - client-D2340BF4DD29->f9fecd82-c7ae-483e-b259-6428f2dfb240: receive RaftClientReply:client-D2340BF4DD29->f9fecd82-c7ae-483e-b259-6428f2dfb240@group-7DE138E597A5, cid=3057, SUCCESS, logIndex=0, commits[f9fecd82-c7ae-483e-b259-6428f2dfb240:c4613, adbfec77-7a0d-4773-aa56-ba0b778d0ab5:c4608, 90c45227-141f-43fe-b831-a2b91b39d6b0:c4609]
2019-07-14 06:26:11,967 INFO  client.GrpcClientProtocolClient (GrpcClientProtocolClient.java:onNext(255)) - client-D2340BF4DD29->f9fecd82-c7ae-483e-b259-6428f2dfb240: receive RaftClientReply:client-D2340BF4DD29->f9fecd82-c7ae-483e-b259-6428f2dfb240@group-7DE138E597A5, cid=3058, SUCCESS, logIndex=4614, commits[f9fecd82-c7ae-483e-b259-6428f2dfb240:c4615, adbfec77-7a0d-4773-aa56-ba0b778d0ab5:c4613, 90c45227-141f-43fe-b831-a2b91b39d6b0:c4613]
2019-07-14 06:26:11,968 INFO  client.GrpcClientProtocolClient (GrpcClientProtocolClient.java:onNext(255)) - client-D2340BF4DD29->f9fecd82-c7ae-483e-b259-6428f2dfb240: receive RaftClientReply:client-D2340BF4DD29->f9fecd82-c7ae-483e-b259-6428f2dfb240@group-7DE138E597A5, cid=3059, SUCCESS, logIndex=4615, commits[f9fecd82-c7ae-483e-b259-6428f2dfb240:c4615, adbfec77-7a0d-4773-aa56-ba0b778d0ab5:c4613, 90c45227-141f-43fe-b831-a2b91b39d6b0:c4613]
2019-07-14 06:26:11,997 INFO  client.GrpcClientProtocolClient (GrpcClientProtocolClient.java:onNext(255)) - client-D2340BF4DD29->f9fecd82-c7ae-483e-b259-6428f2dfb240: receive RaftClientReply:client-D2340BF4DD29->f9fecd82-c7ae-483e-b259-6428f2dfb240@group-7DE138E597A5, cid=3060, SUCCESS, logIndex=4618, commits[f9fecd82-c7ae-483e-b259-6428f2dfb240:c4618, adbfec77-7a0d-4773-aa56-ba0b778d0ab5:c4615, 90c45227-141f-43fe-b831-a2b91b39d6b0:c4615]
2019-07-14 06:26:11,998 INFO  client.GrpcClientProtocolClient (GrpcClientProtocolClient.java:onNext(255)) - client-D2340BF4DD29->f9fecd82-c7ae-483e-b259-6428f2dfb240: receive RaftClientReply:client-D2340BF4DD29->f9fecd82-c7ae-483e-b259-6428f2dfb240@group-7DE138E597A5, cid=3061, SUCCESS, logIndex=4619, commits[f9fecd82-c7ae-483e-b259-6428f2dfb240:c4619, adbfec77-7a0d-4773-aa56-ba0b778d0ab5:c4615, 90c45227-141f-43fe-b831-a2b91b39d6b0:c4615]
2019-07-14 06:26:12,012 INFO  client.GrpcClientProtocolClient (GrpcClientProtocolClient.java:onNext(255)) - client-D2340BF4DD29->f9fecd82-c7ae-483e-b259-6428f2dfb240: receive RaftClientReply:client-D2340BF4DD29->f9fecd82-c7ae-483e-b259-6428f2dfb240@group-7DE138E597A5, cid=3062, SUCCESS, logIndex=0, commits[f9fecd82-c7ae-483e-b259-6428f2dfb240:c4621, adbfec77-7a0d-4773-aa56-ba0b778d0ab5:c4619, 90c45227-141f-43fe-b831-a2b91b39d6b0:c4619]
 0.00% |█                                                                                                    |  0/1 Time: 0:00:262019-07-14 06:26:12,047 INFO  client.GrpcClientProtocolClient (GrpcClientProtocolClient.java:onNext(255)) - client-D2340BF4DD29->f9fecd82-c7ae-483e-b259-6428f2dfb240: receive RaftClientReply:client-D2340BF4DD29->f9fecd82-c7ae-483e-b259-6428f2dfb240@group-7DE138E597A5, cid=3063, SUCCESS, logIndex=4622, commits[f9fecd82-c7ae-483e-b259-6428f2dfb240:c4624, adbfec77-7a0d-4773-aa56-ba0b778d0ab5:c4621, 90c45227-141f-43fe-b831-a2b91b39d6b0:c4621]
2019-07-14 06:26:12,048 INFO  client.GrpcClientProtocolClient (GrpcClientProtocolClient.java:onNext(255)) - client-D2340BF4DD29->f9fecd82-c7ae-483e-b259-6428f2dfb240: receive RaftClientReply:client-D2340BF4DD29->f9fecd82-c7ae-483e-b259-6428f2dfb240@group-7DE138E597A5, cid=3064, SUCCESS, logIndex=4623, commits[f9fecd82-c7ae-483e-b259-6428f2dfb240:c4625, adbfec77-7a0d-4773-aa56-ba0b778d0ab5:c4621, 90c45227-141f-43fe-b831-a2b91b39d6b0:c4621]
2019-07-14 06:26:12,048 INFO  client.GrpcClientProtocolClient (GrpcClientProtocolClient.java:onNext(255)) - client-D2340BF4DD29->f9fecd82-c7ae-483e-b259-6428f2dfb240: receive RaftClientReply:client-D2340BF4DD29->f9fecd82-c7ae-483e-b259-6428f2dfb240@group-7DE138E597A5, cid=3065, SUCCESS, logIndex=4624, commits[f9fecd82-c7ae-483e-b259-6428f2dfb240:c4625, adbfec77-7a0d-4773-aa56-ba0b778d0ab5:c4621, 90c45227-141f-43fe-b831-a2b91b39d6b0:c4621]
2019-07-14 06:26:12,049 INFO  client.GrpcClientProtocolClient (GrpcClientProtocolClient.java:onNext(255)) - client-D2340BF4DD29->f9fecd82-c7ae-483e-b259-6428f2dfb240: receive RaftClientReply:client-D2340BF4DD29->f9fecd82-c7ae-483e-b259-6428f2dfb240@group-7DE138E597A5, cid=3066, SUCCESS, logIndex=4625, commits[f9fecd82-c7ae-483e-b259-6428f2dfb240:c4625, adbfec77-7a0d-4773-aa56-ba0b778d0ab5:c4621, 90c45227-141f-43fe-b831-a2b91b39d6b0:c4621]
2019-07-14 06:26:12,062 INFO  client.GrpcClientProtocolClient (GrpcClientProtocolClient.java:onNext(255)) - client-D2340BF4DD29->f9fecd82-c7ae-483e-b259-6428f2dfb240: receive RaftClientReply:client-D2340BF4DD29->f9fecd82-c7ae-483e-b259-6428f2dfb240@group-7DE138E597A5, cid=3067, SUCCESS, logIndex=0, commits[f9fecd82-c7ae-483e-b259-6428f2dfb240:c4628, adbfec77-7a0d-4773-aa56-ba0b778d0ab5:c4623, 90c45227-141f-43fe-b831-a2b91b39d6b0:c4624]
2019-07-14 06:26:12,083 INFO  client.GrpcClientProtocolClient (GrpcClientProtocolClient.java:onNext(255)) - client-D2340BF4DD29->f9fecd82-c7ae-483e-b259-6428f2dfb240: receive RaftClientReply:client-D2340BF4DD29->f9fecd82-c7ae-483e-b259-6428f2dfb240@group-7DE138E597A5, cid=3068, SUCCESS, logIndex=4630, commits[f9fecd82-c7ae-483e-b259-6428f2dfb240:c4631, adbfec77-7a0d-4773-aa56-ba0b778d0ab5:c4629, 90c45227-141f-43fe-b831-a2b91b39d6b0:c4629]
2019-07-14 06:26:12,083 INFO  client.GrpcClientProtocolClient (GrpcClientProtocolClient.java:onNext(255)) - client-D2340BF4DD29->f9fecd82-c7ae-483e-b259-6428f2dfb240: receive RaftClientReply:client-D2340BF4DD29->f9fecd82-c7ae-483e-b259-6428f2dfb240@group-7DE138E597A5, cid=3069, SUCCESS, logIndex=4631, commits[f9fecd82-c7ae-483e-b259-6428f2dfb240:c4631, adbfec77-7a0d-4773-aa56-ba0b778d0ab5:c4629, 90c45227-141f-43fe-b831-a2b91b39d6b0:c4629]
2019-07-14 06:26:12,098 INFO  client.GrpcClientProtocolClient (GrpcClientProtocolClient.java:onNext(255)) - client-D2340BF4DD29->f9fecd82-c7ae-483e-b259-6428f2dfb240: receive RaftClientReply:client-D2340BF4DD29->f9fecd82-c7ae-483e-b259-6428f2dfb240@group-7DE138E597A5, cid=3070, SUCCESS, logIndex=4634, commits[f9fecd82-c7ae-483e-b259-6428f2dfb240:c4635, adbfec77-7a0d-4773-aa56-ba0b778d0ab5:c4631, 90c45227-141f-43fe-b831-a2b91b39d6b0:c4631]
2019-07-14 06:26:12,098 INFO  client.GrpcClientProtocolClient (GrpcClientProtocolClient.java:onNext(255)) - client-D2340BF4DD29->f9fecd82-c7ae-483e-b259-6428f2dfb240: receive RaftClientReply:client-D2340BF4DD29->f9fecd82-c7ae-483e-b259-6428f2dfb240@group-7DE138E597A5, cid=3071, SUCCESS, logIndex=4635, commits[f9fecd82-c7ae-483e-b259-6428f2dfb240:c4635, adbfec77-7a0d-4773-aa56-ba0b778d0ab5:c4631, 90c45227-141f-43fe-b831-a2b91b39d6b0:c4631]
2019-07-14 06:26:12,110 INFO  client.GrpcClientProtocolClient (GrpcClientProtocolClient.java:onNext(255)) - client-D2340BF4DD29->f9fecd82-c7ae-483e-b259-6428f2dfb240: receive RaftClientReply:client-D2340BF4DD29->f9fecd82-c7ae-483e-b259-6428f2dfb240@group-7DE138E597A5, cid=3072, SUCCESS, logIndex=0, commits[f9fecd82-c7ae-483e-b259-6428f2dfb240:c4636, adbfec77-7a0d-4773-aa56-ba0b778d0ab5:c4635, 90c45227-141f-43fe-b831-a2b91b39d6b0:c4635]
2019-07-14 06:26:12,157 INFO  client.GrpcClientProtocolClient (GrpcClientProtocolClient.java:onNext(255)) - client-D2340BF4DD29->f9fecd82-c7ae-483e-b259-6428f2dfb240: receive RaftClientReply:client-D2340BF4DD29->f9fecd82-c7ae-483e-b259-6428f2dfb240@group-7DE138E597A5, cid=3073, SUCCESS, logIndex=4638, commits[f9fecd82-c7ae-483e-b259-6428f2dfb240:c4639, adbfec77-7a0d-4773-aa56-ba0b778d0ab5:c4637, 90c45227-141f-43fe-b831-a2b91b39d6b0:c4637]
2019-07-14 06:26:12,158 INFO  client.GrpcClientProtocolClient (GrpcClientProtocolClient.java:onNext(255)) - client-D2340BF4DD29->f9fecd82-c7ae-483e-b259-6428f2dfb240: receive RaftClientReply:client-D2340BF4DD29->f9fecd82-c7ae-483e-b259-6428f2dfb240@group-7DE138E597A5, cid=3074, SUCCESS, logIndex=4639, commits[f9fecd82-c7ae-483e-b259-6428f2dfb240:c4641, adbfec77-7a0d-4773-aa56-ba0b778d0ab5:c4637, 90c45227-141f-43fe-b831-a2b91b39d6b0:c4637]
2019-07-14 06:26:12,158 INFO  client.GrpcClientProtocolClient (GrpcClientProtocolClient.java:onNext(255)) - client-D2340BF4DD29->f9fecd82-c7ae-483e-b259-6428f2dfb240: receive RaftClientReply:client-D2340BF4DD29->f9fecd82-c7ae-483e-b259-6428f2dfb240@group-7DE138E597A5, cid=3075, SUCCESS, logIndex=4640, commits[f9fecd82-c7ae-483e-b259-6428f2dfb240:c4642, adbfec77-7a0d-4773-aa56-ba0b778d0ab5:c4637, 90c45227-141f-43fe-b831-a2b91b39d6b0:c4638]
2019-07-14 06:26:12,159 INFO  client.GrpcClientProtocolClient (GrpcClientProtocolClient.java:onNext(255)) - client-D2340BF4DD29->f9fecd82-c7ae-483e-b259-6428f2dfb240: receive RaftClientReply:client-D2340BF4DD29->f9fecd82-c7ae-483e-b259-6428f2dfb240@group-7DE138E597A5, cid=3076, SUCCESS, logIndex=4641, commits[f9fecd82-c7ae-483e-b259-6428f2dfb240:c4643, adbfec77-7a0d-4773-aa56-ba0b778d0ab5:c4637, 90c45227-141f-43fe-b831-a2b91b39d6b0:c4639]
2019-07-14 06:26:12,160 INFO  client.GrpcClientProtocolClient (GrpcClientProtocolClient.java:onNext(255)) - client-D2340BF4DD29->f9fecd82-c7ae-483e-b259-6428f2dfb240: receive RaftClientReply:client-D2340BF4DD29->f9fecd82-c7ae-483e-b259-6428f2dfb240@group-7DE138E597A5, cid=3077, SUCCESS, logIndex=0, commits[f9fecd82-c7ae-483e-b259-6428f2dfb240:c4643, adbfec77-7a0d-4773-aa56-ba0b778d0ab5:c4639, 90c45227-141f-43fe-b831-a2b91b39d6b0:c4639]
2019-07-14 06:26:12,174 INFO  client.GrpcClientProtocolClient (GrpcClientProtocolClient.java:onNext(255)) - client-D2340BF4DD29->f9fecd82-c7ae-483e-b259-6428f2dfb240: receive RaftClientReply:client-D2340BF4DD29->f9fecd82-c7ae-483e-b259-6428f2dfb240@group-7DE138E597A5, cid=3078, SUCCESS, logIndex=4646, commits[f9fecd82-c7ae-483e-b259-6428f2dfb240:c4647, adbfec77-7a0d-4773-aa56-ba0b778d0ab5:c4645, 90c45227-141f-43fe-b831-a2b91b39d6b0:c4645]
2019-07-14 06:26:12,174 INFO  client.GrpcClientProtocolClient (GrpcClientProtocolClient.java:onNext(255)) - client-D2340BF4DD29->f9fecd82-c7ae-483e-b259-6428f2dfb240: receive RaftClientReply:client-D2340BF4DD29->f9fecd82-c7ae-483e-b259-6428f2dfb240@group-7DE138E597A5, cid=3079, SUCCESS, logIndex=4647, commits[f9fecd82-c7ae-483e-b259-6428f2dfb240:c4647, adbfec77-7a0d-4773-aa56-ba0b778d0ab5:c4645, 90c45227-141f-43fe-b831-a2b91b39d6b0:c4645]
2019-07-14 06:26:12,196 INFO  client.GrpcClientProtocolClient (GrpcClientProtocolClient.java:onNext(255)) - client-D2340BF4DD29->f9fecd82-c7ae-483e-b259-6428f2dfb240: receive RaftClientReply:client-D2340BF4DD29->f9fecd82-c7ae-483e-b259-6428f2dfb240@group-7DE138E597A5, cid=3080, SUCCESS, logIndex=4650, commits[f9fecd82-c7ae-483e-b259-6428f2dfb240:c4651, adbfec77-7a0d-4773-aa56-ba0b778d0ab5:c4649, 90c45227-141f-43fe-b831-a2b91b39d6b0:c4649]
2019-07-14 06:26:12,196 INFO  client.GrpcClientProtocolClient (GrpcClientProtocolClient.java:onNext(255)) - client-D2340BF4DD29->f9fecd82-c7ae-483e-b259-6428f2dfb240: receive RaftClientReply:client-D2340BF4DD29->f9fecd82-c7ae-483e-b259-6428f2dfb240@group-7DE138E597A5, cid=3081, SUCCESS, logIndex=4651, commits[f9fecd82-c7ae-483e-b259-6428f2dfb240:c4651, adbfec77-7a0d-4773-aa56-ba0b778d0ab5:c4649, 90c45227-141f-43fe-b831-a2b91b39d6b0:c4649]
2019-07-14 06:26:12,208 INFO  client.GrpcClientProtocolClient (GrpcClientProtocolClient.java:onNext(255)) - client-D2340BF4DD29->f9fecd82-c7ae-483e-b259-6428f2dfb240: receive RaftClientReply:client-D2340BF4DD29->f9fecd82-c7ae-483e-b259-6428f2dfb240@group-7DE138E597A5, cid=3082, SUCCESS, logIndex=0, commits[f9fecd82-c7ae-483e-b259-6428f2dfb240:c4652, adbfec77-7a0d-4773-aa56-ba0b778d0ab5:c4651, 90c45227-141f-43fe-b831-a2b91b39d6b0:c4651]
2019-07-14 06:26:12,247 INFO  client.GrpcClientProtocolClient (GrpcClientProtocolClient.java:onNext(255)) - client-D2340BF4DD29->f9fecd82-c7ae-483e-b259-6428f2dfb240: receive RaftClientReply:client-D2340BF4DD29->f9fecd82-c7ae-483e-b259-6428f2dfb240@group-7DE138E597A5, cid=3083, SUCCESS, logIndex=4654, commits[f9fecd82-c7ae-483e-b259-6428f2dfb240:c4655, adbfec77-7a0d-4773-aa56-ba0b778d0ab5:c4653, 90c45227-141f-43fe-b831-a2b91b39d6b0:c4653]
2019-07-14 06:26:12,247 INFO  client.GrpcClientProtocolClient (GrpcClientProtocolClient.java:onNext(255)) - client-D2340BF4DD29->f9fecd82-c7ae-483e-b259-6428f2dfb240: receive RaftClientReply:client-D2340BF4DD29->f9fecd82-c7ae-483e-b259-6428f2dfb240@group-7DE138E597A5, cid=3084, SUCCESS, logIndex=4655, commits[f9fecd82-c7ae-483e-b259-6428f2dfb240:c4655, adbfec77-7a0d-4773-aa56-ba0b778d0ab5:c4653, 90c45227-141f-43fe-b831-a2b91b39d6b0:c4653]
2019-07-14 06:26:12,257 INFO  client.GrpcClientProtocolClient (GrpcClientProtocolClient.java:onNext(255)) - client-D2340BF4DD29->f9fecd82-c7ae-483e-b259-6428f2dfb240: receive RaftClientReply:client-D2340BF4DD29->f9fecd82-c7ae-483e-b259-6428f2dfb240@group-7DE138E597A5, cid=3085, SUCCESS, logIndex=4656, commits[f9fecd82-c7ae-483e-b259-6428f2dfb240:c4657, adbfec77-7a0d-4773-aa56-ba0b778d0ab5:c4653, 90c45227-141f-43fe-b831-a2b91b39d6b0:c4653]
2019-07-14 06:26:12,258 INFO  client.GrpcClientProtocolClient (GrpcClientProtocolClient.java:onNext(255)) - client-D2340BF4DD29->f9fecd82-c7ae-483e-b259-6428f2dfb240: receive RaftClientReply:client-D2340BF4DD29->f9fecd82-c7ae-483e-b259-6428f2dfb240@group-7DE138E597A5, cid=3086, SUCCESS, logIndex=4657, commits[f9fecd82-c7ae-483e-b259-6428f2dfb240:c4657, adbfec77-7a0d-4773-aa56-ba0b778d0ab5:c4653, 90c45227-141f-43fe-b831-a2b91b39d6b0:c4653]
2019-07-14 06:26:12,259 INFO  client.GrpcClientProtocolClient (GrpcClientProtocolClient.java:onNext(255)) - client-D2340BF4DD29->f9fecd82-c7ae-483e-b259-6428f2dfb240: receive RaftClientReply:client-D2340BF4DD29->f9fecd82-c7ae-483e-b259-6428f2dfb240@group-7DE138E597A5, cid=3087, SUCCESS, logIndex=0, commits[f9fecd82-c7ae-483e-b259-6428f2dfb240:c4659, adbfec77-7a0d-4773-aa56-ba0b778d0ab5:c4655, 90c45227-141f-43fe-b831-a2b91b39d6b0:c4655]
2019-07-14 06:26:12,280 INFO  client.GrpcClientProtocolClient (GrpcClientProtocolClient.java:onNext(255)) - client-D2340BF4DD29->f9fecd82-c7ae-483e-b259-6428f2dfb240: receive RaftClientReply:client-D2340BF4DD29->f9fecd82-c7ae-483e-b259-6428f2dfb240@group-7DE138E597A5, cid=3088, SUCCESS, logIndex=4662, commits[f9fecd82-c7ae-483e-b259-6428f2dfb240:c4663, adbfec77-7a0d-4773-aa56-ba0b778d0ab5:c4661, 90c45227-141f-43fe-b831-a2b91b39d6b0:c4661]
2019-07-14 06:26:12,280 INFO  client.GrpcClientProtocolClient (GrpcClientProtocolClient.java:onNext(255)) - client-D2340BF4DD29->f9fecd82-c7ae-483e-b259-6428f2dfb240: receive RaftClientReply:client-D2340BF4DD29->f9fecd82-c7ae-483e-b259-6428f2dfb240@group-7DE138E597A5, cid=3089, SUCCESS, logIndex=4663, commits[f9fecd82-c7ae-483e-b259-6428f2dfb240:c4663, adbfec77-7a0d-4773-aa56-ba0b778d0ab5:c4661, 90c45227-141f-43fe-b831-a2b91b39d6b0:c4661]
2019-07-14 06:26:12,294 INFO  client.GrpcClientProtocolClient (GrpcClientProtocolClient.java:onNext(255)) - client-D2340BF4DD29->f9fecd82-c7ae-483e-b259-6428f2dfb240: receive RaftClientReply:client-D2340BF4DD29->f9fecd82-c7ae-483e-b259-6428f2dfb240@group-7DE138E597A5, cid=3090, SUCCESS, logIndex=4666, commits[f9fecd82-c7ae-483e-b259-6428f2dfb240:c4667, adbfec77-7a0d-4773-aa56-ba0b778d0ab5:c4663, 90c45227-141f-43fe-b831-a2b91b39d6b0:c4663]
2019-07-14 06:26:12,294 INFO  client.GrpcClientProtocolClient (GrpcClientProtocolClient.java:onNext(255)) - client-D2340BF4DD29->f9fecd82-c7ae-483e-b259-6428f2dfb240: receive RaftClientReply:client-D2340BF4DD29->f9fecd82-c7ae-483e-b259-6428f2dfb240@group-7DE138E597A5, cid=3091, SUCCESS, logIndex=4667, commits[f9fecd82-c7ae-483e-b259-6428f2dfb240:c4667, adbfec77-7a0d-4773-aa56-ba0b778d0ab5:c4663, 90c45227-141f-43fe-b831-a2b91b39d6b0:c4663]
2019-07-14 06:26:12,295 INFO  client.GrpcClientProtocolClient (GrpcClientProtocolClient.java:onNext(255)) - client-D2340BF4DD29->f9fecd82-c7ae-483e-b259-6428f2dfb240: receive RaftClientReply:client-D2340BF4DD29->f9fecd82-c7ae-483e-b259-6428f2dfb240@group-7DE138E597A5, cid=3092, SUCCESS, logIndex=0, commits[f9fecd82-c7ae-483e-b259-6428f2dfb240:c4668, adbfec77-7a0d-4773-aa56-ba0b778d0ab5:c4667, 90c45227-141f-43fe-b831-a2b91b39d6b0:c4667]
2019-07-14 06:26:12,329 INFO  client.GrpcClientProtocolClient (GrpcClientProtocolClient.java:onNext(255)) - client-D2340BF4DD29->f9fecd82-c7ae-483e-b259-6428f2dfb240: receive RaftClientReply:client-D2340BF4DD29->f9fecd82-c7ae-483e-b259-6428f2dfb240@group-7DE138E597A5, cid=3093, SUCCESS, logIndex=4670, commits[f9fecd82-c7ae-483e-b259-6428f2dfb240:c4671, adbfec77-7a0d-4773-aa56-ba0b778d0ab5:c4669, 90c45227-141f-43fe-b831-a2b91b39d6b0:c4669]
2019-07-14 06:26:12,330 INFO  client.GrpcClientProtocolClient (GrpcClientProtocolClient.java:onNext(255)) - client-D2340BF4DD29->f9fecd82-c7ae-483e-b259-6428f2dfb240: receive RaftClientReply:client-D2340BF4DD29->f9fecd82-c7ae-483e-b259-6428f2dfb240@group-7DE138E597A5, cid=3094, SUCCESS, logIndex=4671, commits[f9fecd82-c7ae-483e-b259-6428f2dfb240:c4673, adbfec77-7a0d-4773-aa56-ba0b778d0ab5:c4669, 90c45227-141f-43fe-b831-a2b91b39d6b0:c4669]
2019-07-14 06:26:12,330 INFO  client.GrpcClientProtocolClient (GrpcClientProtocolClient.java:onNext(255)) - client-D2340BF4DD29->f9fecd82-c7ae-483e-b259-6428f2dfb240: receive RaftClientReply:client-D2340BF4DD29->f9fecd82-c7ae-483e-b259-6428f2dfb240@group-7DE138E597A5, cid=3095, SUCCESS, logIndex=4672, commits[f9fecd82-c7ae-483e-b259-6428f2dfb240:c4673, adbfec77-7a0d-4773-aa56-ba0b778d0ab5:c4669, 90c45227-141f-43fe-b831-a2b91b39d6b0:c4669]
2019-07-14 06:26:12,330 INFO  client.GrpcClientProtocolClient (GrpcClientProtocolClient.java:onNext(255)) - client-D2340BF4DD29->f9fecd82-c7ae-483e-b259-6428f2dfb240: receive RaftClientReply:client-D2340BF4DD29->f9fecd82-c7ae-483e-b259-6428f2dfb240@group-7DE138E597A5, cid=3096, SUCCESS, logIndex=4673, commits[f9fecd82-c7ae-483e-b259-6428f2dfb240:c4674, adbfec77-7a0d-4773-aa56-ba0b778d0ab5:c4669, 90c45227-141f-43fe-b831-a2b91b39d6b0:c4670]
2019-07-14 06:26:12,343 INFO  client.GrpcClientProtocolClient (GrpcClientProtocolClient.java:onNext(255)) - client-D2340BF4DD29->f9fecd82-c7ae-483e-b259-6428f2dfb240: receive RaftClientReply:client-D2340BF4DD29->f9fecd82-c7ae-483e-b259-6428f2dfb240@group-7DE138E597A5, cid=3097, SUCCESS, logIndex=0, commits[f9fecd82-c7ae-483e-b259-6428f2dfb240:c4675, adbfec77-7a0d-4773-aa56-ba0b778d0ab5:c4671, 90c45227-141f-43fe-b831-a2b91b39d6b0:c4671]
2019-07-14 06:26:12,363 INFO  client.GrpcClientProtocolClient (GrpcClientProtocolClient.java:onNext(255)) - client-D2340BF4DD29->f9fecd82-c7ae-483e-b259-6428f2dfb240: receive RaftClientReply:client-D2340BF4DD29->f9fecd82-c7ae-483e-b259-6428f2dfb240@group-7DE138E597A5, cid=3098, SUCCESS, logIndex=4677, commits[f9fecd82-c7ae-483e-b259-6428f2dfb240:c4678, adbfec77-7a0d-4773-aa56-ba0b778d0ab5:c4676, 90c45227-141f-43fe-b831-a2b91b39d6b0:c4676]
2019-07-14 06:26:12,363 INFO  client.GrpcClientProtocolClient (GrpcClientProtocolClient.java:onNext(255)) - client-D2340BF4DD29->f9fecd82-c7ae-483e-b259-6428f2dfb240: receive RaftClientReply:client-D2340BF4DD29->f9fecd82-c7ae-483e-b259-6428f2dfb240@group-7DE138E597A5, cid=3099, SUCCESS, logIndex=4678, commits[f9fecd82-c7ae-483e-b259-6428f2dfb240:c4678, adbfec77-7a0d-4773-aa56-ba0b778d0ab5:c4676, 90c45227-141f-43fe-b831-a2b91b39d6b0:c4676]
2019-07-14 06:26:12,375 INFO  client.GrpcClientProtocolClient (GrpcClientProtocolClient.java:onNext(255)) - client-D2340BF4DD29->f9fecd82-c7ae-483e-b259-6428f2dfb240: receive RaftClientReply:client-D2340BF4DD29->f9fecd82-c7ae-483e-b259-6428f2dfb240@group-7DE138E597A5, cid=3100, SUCCESS, logIndex=4681, commits[f9fecd82-c7ae-483e-b259-6428f2dfb240:c4682, adbfec77-7a0d-4773-aa56-ba0b778d0ab5:c4680, 90c45227-141f-43fe-b831-a2b91b39d6b0:c4680]
2019-07-14 06:26:12,375 INFO  client.GrpcClientProtocolClient (GrpcClientProtocolClient.java:onNext(255)) - client-D2340BF4DD29->f9fecd82-c7ae-483e-b259-6428f2dfb240: receive RaftClientReply:client-D2340BF4DD29->f9fecd82-c7ae-483e-b259-6428f2dfb240@group-7DE138E597A5, cid=3101, SUCCESS, logIndex=4682, commits[f9fecd82-c7ae-483e-b259-6428f2dfb240:c4682, adbfec77-7a0d-4773-aa56-ba0b778d0ab5:c4680, 90c45227-141f-43fe-b831-a2b91b39d6b0:c4680]
2019-07-14 06:26:12,376 INFO  client.GrpcClientProtocolClient (GrpcClientProtocolClient.java:onNext(255)) - client-D2340BF4DD29->f9fecd82-c7ae-483e-b259-6428f2dfb240: receive RaftClientReply:client-D2340BF4DD29->f9fecd82-c7ae-483e-b259-6428f2dfb240@group-7DE138E597A5, cid=3102, SUCCESS, logIndex=0, commits[f9fecd82-c7ae-483e-b259-6428f2dfb240:c4683, adbfec77-7a0d-4773-aa56-ba0b778d0ab5:c4682, 90c45227-141f-43fe-b831-a2b91b39d6b0:c4682]
2019-07-14 06:26:12,419 INFO  client.GrpcClientProtocolClient (GrpcClientProtocolClient.java:onNext(255)) - client-D2340BF4DD29->f9fecd82-c7ae-483e-b259-6428f2dfb240: receive RaftClientReply:client-D2340BF4DD29->f9fecd82-c7ae-483e-b259-6428f2dfb240@group-7DE138E597A5, cid=3103, SUCCESS, logIndex=4684, commits[f9fecd82-c7ae-483e-b259-6428f2dfb240:c4685, adbfec77-7a0d-4773-aa56-ba0b778d0ab5:c4683, 90c45227-141f-43fe-b831-a2b91b39d6b0:c4683]
2019-07-14 06:26:12,420 INFO  client.GrpcClientProtocolClient (GrpcClientProtocolClient.java:onNext(255)) - client-D2340BF4DD29->f9fecd82-c7ae-483e-b259-6428f2dfb240: receive RaftClientReply:client-D2340BF4DD29->f9fecd82-c7ae-483e-b259-6428f2dfb240@group-7DE138E597A5, cid=3104, SUCCESS, logIndex=4685, commits[f9fecd82-c7ae-483e-b259-6428f2dfb240:c4687, adbfec77-7a0d-4773-aa56-ba0b778d0ab5:c4683, 90c45227-141f-43fe-b831-a2b91b39d6b0:c4683]
2019-07-14 06:26:12,420 INFO  client.GrpcClientProtocolClient (GrpcClientProtocolClient.java:onNext(255)) - client-D2340BF4DD29->f9fecd82-c7ae-483e-b259-6428f2dfb240: receive RaftClientReply:client-D2340BF4DD29->f9fecd82-c7ae-483e-b259-6428f2dfb240@group-7DE138E597A5, cid=3105, SUCCESS, logIndex=4686, commits[f9fecd82-c7ae-483e-b259-6428f2dfb240:c4687, adbfec77-7a0d-4773-aa56-ba0b778d0ab5:c4683, 90c45227-141f-43fe-b831-a2b91b39d6b0:c4683]
2019-07-14 06:26:12,420 INFO  client.GrpcClientProtocolClient (GrpcClientProtocolClient.java:onNext(255)) - client-D2340BF4DD29->f9fecd82-c7ae-483e-b259-6428f2dfb240: receive RaftClientReply:client-D2340BF4DD29->f9fecd82-c7ae-483e-b259-6428f2dfb240@group-7DE138E597A5, cid=3106, SUCCESS, logIndex=4687, commits[f9fecd82-c7ae-483e-b259-6428f2dfb240:c4687, adbfec77-7a0d-4773-aa56-ba0b778d0ab5:c4683, 90c45227-141f-43fe-b831-a2b91b39d6b0:c4683]
2019-07-14 06:26:12,432 INFO  client.GrpcClientProtocolClient (GrpcClientProtocolClient.java:onNext(255)) - client-D2340BF4DD29->f9fecd82-c7ae-483e-b259-6428f2dfb240: receive RaftClientReply:client-D2340BF4DD29->f9fecd82-c7ae-483e-b259-6428f2dfb240@group-7DE138E597A5, cid=3107, SUCCESS, logIndex=0, commits[f9fecd82-c7ae-483e-b259-6428f2dfb240:c4689, adbfec77-7a0d-4773-aa56-ba0b778d0ab5:c4685, 90c45227-141f-43fe-b831-a2b91b39d6b0:c4685]
2019-07-14 06:26:12,448 INFO  client.GrpcClientProtocolClient (GrpcClientProtocolClient.java:onNext(255)) - client-D2340BF4DD29->f9fecd82-c7ae-483e-b259-6428f2dfb240: receive RaftClientReply:client-D2340BF4DD29->f9fecd82-c7ae-483e-b259-6428f2dfb240@group-7DE138E597A5, cid=3108, SUCCESS, logIndex=4691, commits[f9fecd82-c7ae-483e-b259-6428f2dfb240:c4692, adbfec77-7a0d-4773-aa56-ba0b778d0ab5:c4690, 90c45227-141f-43fe-b831-a2b91b39d6b0:c4687]
2019-07-14 06:26:12,448 INFO  client.GrpcClientProtocolClient (GrpcClientProtocolClient.java:onNext(255)) - client-D2340BF4DD29->f9fecd82-c7ae-483e-b259-6428f2dfb240: receive RaftClientReply:client-D2340BF4DD29->f9fecd82-c7ae-483e-b259-6428f2dfb240@group-7DE138E597A5, cid=3109, SUCCESS, logIndex=4692, commits[f9fecd82-c7ae-483e-b259-6428f2dfb240:c4692, adbfec77-7a0d-4773-aa56-ba0b778d0ab5:c4690, 90c45227-141f-43fe-b831-a2b91b39d6b0:c4690]
2019-07-14 06:26:12,462 INFO  client.GrpcClientProtocolClient (GrpcClientProtocolClient.java:onNext(255)) - client-D2340BF4DD29->f9fecd82-c7ae-483e-b259-6428f2dfb240: receive RaftClientReply:client-D2340BF4DD29->f9fecd82-c7ae-483e-b259-6428f2dfb240@group-7DE138E597A5, cid=3110, SUCCESS, logIndex=4695, commits[f9fecd82-c7ae-483e-b259-6428f2dfb240:c4696, adbfec77-7a0d-4773-aa56-ba0b778d0ab5:c4692, 90c45227-141f-43fe-b831-a2b91b39d6b0:c4692]
2019-07-14 06:26:12,463 INFO  client.GrpcClientProtocolClient (GrpcClientProtocolClient.java:onNext(255)) - client-D2340BF4DD29->f9fecd82-c7ae-483e-b259-6428f2dfb240: receive RaftClientReply:client-D2340BF4DD29->f9fecd82-c7ae-483e-b259-6428f2dfb240@group-7DE138E597A5, cid=3111, SUCCESS, logIndex=4696, commits[f9fecd82-c7ae-483e-b259-6428f2dfb240:c4696, adbfec77-7a0d-4773-aa56-ba0b778d0ab5:c4692, 90c45227-141f-43fe-b831-a2b91b39d6b0:c4692]
2019-07-14 06:26:12,474 INFO  client.GrpcClientProtocolClient (GrpcClientProtocolClient.java:onNext(255)) - client-D2340BF4DD29->f9fecd82-c7ae-483e-b259-6428f2dfb240: receive RaftClientReply:client-D2340BF4DD29->f9fecd82-c7ae-483e-b259-6428f2dfb240@group-7DE138E597A5, cid=3112, SUCCESS, logIndex=0, commits[f9fecd82-c7ae-483e-b259-6428f2dfb240:c4696, adbfec77-7a0d-4773-aa56-ba0b778d0ab5:c4696, 90c45227-141f-43fe-b831-a2b91b39d6b0:c4696]
2019-07-14 06:26:12,509 INFO  client.GrpcClientProtocolClient (GrpcClientProtocolClient.java:onNext(255)) - client-D2340BF4DD29->f9fecd82-c7ae-483e-b259-6428f2dfb240: receive RaftClientReply:client-D2340BF4DD29->f9fecd82-c7ae-483e-b259-6428f2dfb240@group-7DE138E597A5, cid=3113, SUCCESS, logIndex=4699, commits[f9fecd82-c7ae-483e-b259-6428f2dfb240:c4700, adbfec77-7a0d-4773-aa56-ba0b778d0ab5:c4698, 90c45227-141f-43fe-b831-a2b91b39d6b0:c4698]
2019-07-14 06:26:12,510 INFO  client.GrpcClientProtocolClient (GrpcClientProtocolClient.java:onNext(255)) - client-D2340BF4DD29->f9fecd82-c7ae-483e-b259-6428f2dfb240: receive RaftClientReply:client-D2340BF4DD29->f9fecd82-c7ae-483e-b259-6428f2dfb240@group-7DE138E597A5, cid=3114, SUCCESS, logIndex=4700, commits[f9fecd82-c7ae-483e-b259-6428f2dfb240:c4702, adbfec77-7a0d-4773-aa56-ba0b778d0ab5:c4698, 90c45227-141f-43fe-b831-a2b91b39d6b0:c4698]
2019-07-14 06:26:12,510 INFO  client.GrpcClientProtocolClient (GrpcClientProtocolClient.java:onNext(255)) - client-D2340BF4DD29->f9fecd82-c7ae-483e-b259-6428f2dfb240: receive RaftClientReply:client-D2340BF4DD29->f9fecd82-c7ae-483e-b259-6428f2dfb240@group-7DE138E597A5, cid=3115, SUCCESS, logIndex=4701, commits[f9fecd82-c7ae-483e-b259-6428f2dfb240:c4702, adbfec77-7a0d-4773-aa56-ba0b778d0ab5:c4698, 90c45227-141f-43fe-b831-a2b91b39d6b0:c4698]
2019-07-14 06:26:12,510 INFO  client.GrpcClientProtocolClient (GrpcClientProtocolClient.java:onNext(255)) - client-D2340BF4DD29->f9fecd82-c7ae-483e-b259-6428f2dfb240: receive RaftClientReply:client-D2340BF4DD29->f9fecd82-c7ae-483e-b259-6428f2dfb240@group-7DE138E597A5, cid=3116, SUCCESS, logIndex=4702, commits[f9fecd82-c7ae-483e-b259-6428f2dfb240:c4702, adbfec77-7a0d-4773-aa56-ba0b778d0ab5:c4698, 90c45227-141f-43fe-b831-a2b91b39d6b0:c4698]
2019-07-14 06:26:12,521 INFO  client.GrpcClientProtocolClient (GrpcClientProtocolClient.java:onNext(255)) - client-D2340BF4DD29->f9fecd82-c7ae-483e-b259-6428f2dfb240: receive RaftClientReply:client-D2340BF4DD29->f9fecd82-c7ae-483e-b259-6428f2dfb240@group-7DE138E597A5, cid=3117, SUCCESS, logIndex=0, commits[f9fecd82-c7ae-483e-b259-6428f2dfb240:c4704, adbfec77-7a0d-4773-aa56-ba0b778d0ab5:c4700, 90c45227-141f-43fe-b831-a2b91b39d6b0:c4700]
2019-07-14 06:26:12,540 INFO  client.GrpcClientProtocolClient (GrpcClientProtocolClient.java:onNext(255)) - client-D2340BF4DD29->f9fecd82-c7ae-483e-b259-6428f2dfb240: receive RaftClientReply:client-D2340BF4DD29->f9fecd82-c7ae-483e-b259-6428f2dfb240@group-7DE138E597A5, cid=3118, SUCCESS, logIndex=4706, commits[f9fecd82-c7ae-483e-b259-6428f2dfb240:c4707, adbfec77-7a0d-4773-aa56-ba0b778d0ab5:c4705, 90c45227-141f-43fe-b831-a2b91b39d6b0:c4705]
2019-07-14 06:26:12,541 INFO  client.GrpcClientProtocolClient (GrpcClientProtocolClient.java:onNext(255)) - client-D2340BF4DD29->f9fecd82-c7ae-483e-b259-6428f2dfb240: receive RaftClientReply:client-D2340BF4DD29->f9fecd82-c7ae-483e-b259-6428f2dfb240@group-7DE138E597A5, cid=3119, SUCCESS, logIndex=4707, commits[f9fecd82-c7ae-483e-b259-6428f2dfb240:c4707, adbfec77-7a0d-4773-aa56-ba0b778d0ab5:c4705, 90c45227-141f-43fe-b831-a2b91b39d6b0:c4705]
2019-07-14 06:26:12,554 INFO  client.GrpcClientProtocolClient (GrpcClientProtocolClient.java:onNext(255)) - client-D2340BF4DD29->f9fecd82-c7ae-483e-b259-6428f2dfb240: receive RaftClientReply:client-D2340BF4DD29->f9fecd82-c7ae-483e-b259-6428f2dfb240@group-7DE138E597A5, cid=3120, SUCCESS, logIndex=4710, commits[f9fecd82-c7ae-483e-b259-6428f2dfb240:c4711, adbfec77-7a0d-4773-aa56-ba0b778d0ab5:c4707, 90c45227-141f-43fe-b831-a2b91b39d6b0:c4707]
2019-07-14 06:26:12,554 INFO  client.GrpcClientProtocolClient (GrpcClientProtocolClient.java:onNext(255)) - client-D2340BF4DD29->f9fecd82-c7ae-483e-b259-6428f2dfb240: receive RaftClientReply:client-D2340BF4DD29->f9fecd82-c7ae-483e-b259-6428f2dfb240@group-7DE138E597A5, cid=3121, SUCCESS, logIndex=4711, commits[f9fecd82-c7ae-483e-b259-6428f2dfb240:c4711, adbfec77-7a0d-4773-aa56-ba0b778d0ab5:c4707, 90c45227-141f-43fe-b831-a2b91b39d6b0:c4707]
2019-07-14 06:26:12,567 INFO  client.GrpcClientProtocolClient (GrpcClientProtocolClient.java:onNext(255)) - client-D2340BF4DD29->f9fecd82-c7ae-483e-b259-6428f2dfb240: receive RaftClientReply:client-D2340BF4DD29->f9fecd82-c7ae-483e-b259-6428f2dfb240@group-7DE138E597A5, cid=3122, SUCCESS, logIndex=0, commits[f9fecd82-c7ae-483e-b259-6428f2dfb240:c4712, adbfec77-7a0d-4773-aa56-ba0b778d0ab5:c4711, 90c45227-141f-43fe-b831-a2b91b39d6b0:c4711]
2019-07-14 06:26:12,597 INFO  client.GrpcClientProtocolClient (GrpcClientProtocolClient.java:onNext(255)) - client-D2340BF4DD29->f9fecd82-c7ae-483e-b259-6428f2dfb240: receive RaftClientReply:client-D2340BF4DD29->f9fecd82-c7ae-483e-b259-6428f2dfb240@group-7DE138E597A5, cid=3123, SUCCESS, logIndex=4714, commits[f9fecd82-c7ae-483e-b259-6428f2dfb240:c4714, adbfec77-7a0d-4773-aa56-ba0b778d0ab5:c4713, 90c45227-141f-43fe-b831-a2b91b39d6b0:c4713]
2019-07-14 06:26:12,598 INFO  client.GrpcClientProtocolClient (GrpcClientProtocolClient.java:onNext(255)) - client-D2340BF4DD29->f9fecd82-c7ae-483e-b259-6428f2dfb240: receive RaftClientReply:client-D2340BF4DD29->f9fecd82-c7ae-483e-b259-6428f2dfb240@group-7DE138E597A5, cid=3124, SUCCESS, logIndex=4715, commits[f9fecd82-c7ae-483e-b259-6428f2dfb240:c4717, adbfec77-7a0d-4773-aa56-ba0b778d0ab5:c4713, 90c45227-141f-43fe-b831-a2b91b39d6b0:c4713]
2019-07-14 06:26:12,598 INFO  client.GrpcClientProtocolClient (GrpcClientProtocolClient.java:onNext(255)) - client-D2340BF4DD29->f9fecd82-c7ae-483e-b259-6428f2dfb240: receive RaftClientReply:client-D2340BF4DD29->f9fecd82-c7ae-483e-b259-6428f2dfb240@group-7DE138E597A5, cid=3125, SUCCESS, logIndex=4716, commits[f9fecd82-c7ae-483e-b259-6428f2dfb240:c4717, adbfec77-7a0d-4773-aa56-ba0b778d0ab5:c4713, 90c45227-141f-43fe-b831-a2b91b39d6b0:c4713]
2019-07-14 06:26:12,598 INFO  client.GrpcClientProtocolClient (GrpcClientProtocolClient.java:onNext(255)) - client-D2340BF4DD29->f9fecd82-c7ae-483e-b259-6428f2dfb240: receive RaftClientReply:client-D2340BF4DD29->f9fecd82-c7ae-483e-b259-6428f2dfb240@group-7DE138E597A5, cid=3126, SUCCESS, logIndex=4717, commits[f9fecd82-c7ae-483e-b259-6428f2dfb240:c4717, adbfec77-7a0d-4773-aa56-ba0b778d0ab5:c4713, 90c45227-141f-43fe-b831-a2b91b39d6b0:c4713]
2019-07-14 06:26:12,613 INFO  client.GrpcClientProtocolClient (GrpcClientProtocolClient.java:onNext(255)) - client-D2340BF4DD29->f9fecd82-c7ae-483e-b259-6428f2dfb240: receive RaftClientReply:client-D2340BF4DD29->f9fecd82-c7ae-483e-b259-6428f2dfb240@group-7DE138E597A5, cid=3127, SUCCESS, logIndex=0, commits[f9fecd82-c7ae-483e-b259-6428f2dfb240:c4720, adbfec77-7a0d-4773-aa56-ba0b778d0ab5:c4715, 90c45227-141f-43fe-b831-a2b91b39d6b0:c4716]
2019-07-14 06:26:12,632 INFO  client.GrpcClientProtocolClient (GrpcClientProtocolClient.java:onNext(255)) - client-D2340BF4DD29->f9fecd82-c7ae-483e-b259-6428f2dfb240: receive RaftClientReply:client-D2340BF4DD29->f9fecd82-c7ae-483e-b259-6428f2dfb240@group-7DE138E597A5, cid=3128, SUCCESS, logIndex=4722, commits[f9fecd82-c7ae-483e-b259-6428f2dfb240:c4723, adbfec77-7a0d-4773-aa56-ba0b778d0ab5:c4717, 90c45227-141f-43fe-b831-a2b91b39d6b0:c4721]
2019-07-14 06:26:12,633 INFO  client.GrpcClientProtocolClient (GrpcClientProtocolClient.java:onNext(255)) - client-D2340BF4DD29->f9fecd82-c7ae-483e-b259-6428f2dfb240: receive RaftClientReply:client-D2340BF4DD29->f9fecd82-c7ae-483e-b259-6428f2dfb240@group-7DE138E597A5, cid=3129, SUCCESS, logIndex=4723, commits[f9fecd82-c7ae-483e-b259-6428f2dfb240:c4723, adbfec77-7a0d-4773-aa56-ba0b778d0ab5:c4721, 90c45227-141f-43fe-b831-a2b91b39d6b0:c4721]
2019-07-14 06:26:12,651 INFO  client.GrpcClientProtocolClient (GrpcClientProtocolClient.java:onNext(255)) - client-D2340BF4DD29->f9fecd82-c7ae-483e-b259-6428f2dfb240: receive RaftClientReply:client-D2340BF4DD29->f9fecd82-c7ae-483e-b259-6428f2dfb240@group-7DE138E597A5, cid=3130, SUCCESS, logIndex=4726, commits[f9fecd82-c7ae-483e-b259-6428f2dfb240:c4727, adbfec77-7a0d-4773-aa56-ba0b778d0ab5:c4725, 90c45227-141f-43fe-b831-a2b91b39d6b0:c4723]
2019-07-14 06:26:12,652 INFO  client.GrpcClientProtocolClient (GrpcClientProtocolClient.java:onNext(255)) - client-D2340BF4DD29->f9fecd82-c7ae-483e-b259-6428f2dfb240: receive RaftClientReply:client-D2340BF4DD29->f9fecd82-c7ae-483e-b259-6428f2dfb240@group-7DE138E597A5, cid=3131, SUCCESS, logIndex=4727, commits[f9fecd82-c7ae-483e-b259-6428f2dfb240:c4727, adbfec77-7a0d-4773-aa56-ba0b778d0ab5:c4725, 90c45227-141f-43fe-b831-a2b91b39d6b0:c4723]
2019-07-14 06:26:12,653 INFO  client.GrpcClientProtocolClient (GrpcClientProtocolClient.java:onNext(255)) - client-D2340BF4DD29->f9fecd82-c7ae-483e-b259-6428f2dfb240: receive RaftClientReply:client-D2340BF4DD29->f9fecd82-c7ae-483e-b259-6428f2dfb240@group-7DE138E597A5, cid=3132, SUCCESS, logIndex=0, commits[f9fecd82-c7ae-483e-b259-6428f2dfb240:c4729, adbfec77-7a0d-4773-aa56-ba0b778d0ab5:c4727, 90c45227-141f-43fe-b831-a2b91b39d6b0:c4727]
2019-07-14 06:26:12,682 INFO  client.GrpcClientProtocolClient (GrpcClientProtocolClient.java:onNext(255)) - client-D2340BF4DD29->f9fecd82-c7ae-483e-b259-6428f2dfb240: receive RaftClientReply:client-D2340BF4DD29->f9fecd82-c7ae-483e-b259-6428f2dfb240@group-7DE138E597A5, cid=3133, SUCCESS, logIndex=4730, commits[f9fecd82-c7ae-483e-b259-6428f2dfb240:c4732, adbfec77-7a0d-4773-aa56-ba0b778d0ab5:c4729, 90c45227-141f-43fe-b831-a2b91b39d6b0:c4729]
2019-07-14 06:26:12,683 INFO  client.GrpcClientProtocolClient (GrpcClientProtocolClient.java:onNext(255)) - client-D2340BF4DD29->f9fecd82-c7ae-483e-b259-6428f2dfb240: receive RaftClientReply:client-D2340BF4DD29->f9fecd82-c7ae-483e-b259-6428f2dfb240@group-7DE138E597A5, cid=3134, SUCCESS, logIndex=4731, commits[f9fecd82-c7ae-483e-b259-6428f2dfb240:c4733, adbfec77-7a0d-4773-aa56-ba0b778d0ab5:c4729, 90c45227-141f-43fe-b831-a2b91b39d6b0:c4729]
2019-07-14 06:26:12,683 INFO  client.GrpcClientProtocolClient (GrpcClientProtocolClient.java:onNext(255)) - client-D2340BF4DD29->f9fecd82-c7ae-483e-b259-6428f2dfb240: receive RaftClientReply:client-D2340BF4DD29->f9fecd82-c7ae-483e-b259-6428f2dfb240@group-7DE138E597A5, cid=3135, SUCCESS, logIndex=4732, commits[f9fecd82-c7ae-483e-b259-6428f2dfb240:c4733, adbfec77-7a0d-4773-aa56-ba0b778d0ab5:c4729, 90c45227-141f-43fe-b831-a2b91b39d6b0:c4729]
2019-07-14 06:26:12,686 INFO  client.GrpcClientProtocolClient (GrpcClientProtocolClient.java:onNext(255)) - client-D2340BF4DD29->f9fecd82-c7ae-483e-b259-6428f2dfb240: receive RaftClientReply:client-D2340BF4DD29->f9fecd82-c7ae-483e-b259-6428f2dfb240@group-7DE138E597A5, cid=3136, SUCCESS, logIndex=4733, commits[f9fecd82-c7ae-483e-b259-6428f2dfb240:c4733, adbfec77-7a0d-4773-aa56-ba0b778d0ab5:c4729, 90c45227-141f-43fe-b831-a2b91b39d6b0:c4729]
2019-07-14 06:26:12,687 INFO  client.GrpcClientProtocolClient (GrpcClientProtocolClient.java:onNext(255)) - client-D2340BF4DD29->f9fecd82-c7ae-483e-b259-6428f2dfb240: receive RaftClientReply:client-D2340BF4DD29->f9fecd82-c7ae-483e-b259-6428f2dfb240@group-7DE138E597A5, cid=3137, SUCCESS, logIndex=0, commits[f9fecd82-c7ae-483e-b259-6428f2dfb240:c4737, adbfec77-7a0d-4773-aa56-ba0b778d0ab5:c4733, 90c45227-141f-43fe-b831-a2b91b39d6b0:c4731]
2019-07-14 06:26:12,707 INFO  client.GrpcClientProtocolClient (GrpcClientProtocolClient.java:onNext(255)) - client-D2340BF4DD29->f9fecd82-c7ae-483e-b259-6428f2dfb240: receive RaftClientReply:client-D2340BF4DD29->f9fecd82-c7ae-483e-b259-6428f2dfb240@group-7DE138E597A5, cid=3138, SUCCESS, logIndex=4738, commits[f9fecd82-c7ae-483e-b259-6428f2dfb240:c4738, adbfec77-7a0d-4773-aa56-ba0b778d0ab5:c4737, 90c45227-141f-43fe-b831-a2b91b39d6b0:c4737]
2019-07-14 06:26:12,707 INFO  client.GrpcClientProtocolClient (GrpcClientProtocolClient.java:onNext(255)) - client-D2340BF4DD29->f9fecd82-c7ae-483e-b259-6428f2dfb240: receive RaftClientReply:client-D2340BF4DD29->f9fecd82-c7ae-483e-b259-6428f2dfb240@group-7DE138E597A5, cid=3139, SUCCESS, logIndex=4739, commits[f9fecd82-c7ae-483e-b259-6428f2dfb240:c4739, adbfec77-7a0d-4773-aa56-ba0b778d0ab5:c4737, 90c45227-141f-43fe-b831-a2b91b39d6b0:c4737]
2019-07-14 06:26:12,720 INFO  client.GrpcClientProtocolClient (GrpcClientProtocolClient.java:onNext(255)) - client-D2340BF4DD29->f9fecd82-c7ae-483e-b259-6428f2dfb240: receive RaftClientReply:client-D2340BF4DD29->f9fecd82-c7ae-483e-b259-6428f2dfb240@group-7DE138E597A5, cid=3140, SUCCESS, logIndex=4742, commits[f9fecd82-c7ae-483e-b259-6428f2dfb240:c4743, adbfec77-7a0d-4773-aa56-ba0b778d0ab5:c4739, 90c45227-141f-43fe-b831-a2b91b39d6b0:c4739]
2019-07-14 06:26:12,721 INFO  client.GrpcClientProtocolClient (GrpcClientProtocolClient.java:onNext(255)) - client-D2340BF4DD29->f9fecd82-c7ae-483e-b259-6428f2dfb240: receive RaftClientReply:client-D2340BF4DD29->f9fecd82-c7ae-483e-b259-6428f2dfb240@group-7DE138E597A5, cid=3141, SUCCESS, logIndex=4743, commits[f9fecd82-c7ae-483e-b259-6428f2dfb240:c4743, adbfec77-7a0d-4773-aa56-ba0b778d0ab5:c4739, 90c45227-141f-43fe-b831-a2b91b39d6b0:c4739]
2019-07-14 06:26:12,732 INFO  client.GrpcClientProtocolClient (GrpcClientProtocolClient.java:onNext(255)) - client-D2340BF4DD29->f9fecd82-c7ae-483e-b259-6428f2dfb240: receive RaftClientReply:client-D2340BF4DD29->f9fecd82-c7ae-483e-b259-6428f2dfb240@group-7DE138E597A5, cid=3142, SUCCESS, logIndex=0, commits[f9fecd82-c7ae-483e-b259-6428f2dfb240:c4744, adbfec77-7a0d-4773-aa56-ba0b778d0ab5:c4743, 90c45227-141f-43fe-b831-a2b91b39d6b0:c4743]
2019-07-14 06:26:12,880 INFO  client.GrpcClientProtocolClient (GrpcClientProtocolClient.java:onNext(255)) - client-D2340BF4DD29->f9fecd82-c7ae-483e-b259-6428f2dfb240: receive RaftClientReply:client-D2340BF4DD29->f9fecd82-c7ae-483e-b259-6428f2dfb240@group-7DE138E597A5, cid=3143, SUCCESS, logIndex=4745, commits[f9fecd82-c7ae-483e-b259-6428f2dfb240:c4746, adbfec77-7a0d-4773-aa56-ba0b778d0ab5:c4744, 90c45227-141f-43fe-b831-a2b91b39d6b0:c4744]
2019-07-14 06:26:12,881 INFO  client.GrpcClientProtocolClient (GrpcClientProtocolClient.java:onNext(255)) - client-D2340BF4DD29->f9fecd82-c7ae-483e-b259-6428f2dfb240: receive RaftClientReply:client-D2340BF4DD29->f9fecd82-c7ae-483e-b259-6428f2dfb240@group-7DE138E597A5, cid=3144, SUCCESS, logIndex=4746, commits[f9fecd82-c7ae-483e-b259-6428f2dfb240:c4748, adbfec77-7a0d-4773-aa56-ba0b778d0ab5:c4744, 90c45227-141f-43fe-b831-a2b91b39d6b0:c4744]
2019-07-14 06:26:12,882 INFO  client.GrpcClientProtocolClient (GrpcClientProtocolClient.java:onNext(255)) - client-D2340BF4DD29->f9fecd82-c7ae-483e-b259-6428f2dfb240: receive RaftClientReply:client-D2340BF4DD29->f9fecd82-c7ae-483e-b259-6428f2dfb240@group-7DE138E597A5, cid=3145, SUCCESS, logIndex=4747, commits[f9fecd82-c7ae-483e-b259-6428f2dfb240:c4748, adbfec77-7a0d-4773-aa56-ba0b778d0ab5:c4744, 90c45227-141f-43fe-b831-a2b91b39d6b0:c4744]
2019-07-14 06:26:12,882 INFO  client.GrpcClientProtocolClient (GrpcClientProtocolClient.java:onNext(255)) - client-D2340BF4DD29->f9fecd82-c7ae-483e-b259-6428f2dfb240: receive RaftClientReply:client-D2340BF4DD29->f9fecd82-c7ae-483e-b259-6428f2dfb240@group-7DE138E597A5, cid=3146, SUCCESS, logIndex=4748, commits[f9fecd82-c7ae-483e-b259-6428f2dfb240:c4748, adbfec77-7a0d-4773-aa56-ba0b778d0ab5:c4744, 90c45227-141f-43fe-b831-a2b91b39d6b0:c4744]
2019-07-14 06:26:12,883 INFO  client.GrpcClientProtocolClient (GrpcClientProtocolClient.java:onNext(255)) - client-D2340BF4DD29->f9fecd82-c7ae-483e-b259-6428f2dfb240: receive RaftClientReply:client-D2340BF4DD29->f9fecd82-c7ae-483e-b259-6428f2dfb240@group-7DE138E597A5, cid=3147, SUCCESS, logIndex=0, commits[f9fecd82-c7ae-483e-b259-6428f2dfb240:c4750, adbfec77-7a0d-4773-aa56-ba0b778d0ab5:c4746, 90c45227-141f-43fe-b831-a2b91b39d6b0:c4746]
2019-07-14 06:26:12,904 INFO  client.GrpcClientProtocolClient (GrpcClientProtocolClient.java:onNext(255)) - client-D2340BF4DD29->f9fecd82-c7ae-483e-b259-6428f2dfb240: receive RaftClientReply:client-D2340BF4DD29->f9fecd82-c7ae-483e-b259-6428f2dfb240@group-7DE138E597A5, cid=3148, SUCCESS, logIndex=4753, commits[f9fecd82-c7ae-483e-b259-6428f2dfb240:c4754, adbfec77-7a0d-4773-aa56-ba0b778d0ab5:c4752, 90c45227-141f-43fe-b831-a2b91b39d6b0:c4752]
2019-07-14 06:26:12,905 INFO  client.GrpcClientProtocolClient (GrpcClientProtocolClient.java:onNext(255)) - client-D2340BF4DD29->f9fecd82-c7ae-483e-b259-6428f2dfb240: receive RaftClientReply:client-D2340BF4DD29->f9fecd82-c7ae-483e-b259-6428f2dfb240@group-7DE138E597A5, cid=3149, SUCCESS, logIndex=4754, commits[f9fecd82-c7ae-483e-b259-6428f2dfb240:c4754, adbfec77-7a0d-4773-aa56-ba0b778d0ab5:c4752, 90c45227-141f-43fe-b831-a2b91b39d6b0:c4752]
2019-07-14 06:26:12,919 INFO  client.GrpcClientProtocolClient (GrpcClientProtocolClient.java:onNext(255)) - client-D2340BF4DD29->f9fecd82-c7ae-483e-b259-6428f2dfb240: receive RaftClientReply:client-D2340BF4DD29->f9fecd82-c7ae-483e-b259-6428f2dfb240@group-7DE138E597A5, cid=3150, SUCCESS, logIndex=4757, commits[f9fecd82-c7ae-483e-b259-6428f2dfb240:c4758, adbfec77-7a0d-4773-aa56-ba0b778d0ab5:c4754, 90c45227-141f-43fe-b831-a2b91b39d6b0:c4754]
2019-07-14 06:26:12,919 INFO  client.GrpcClientProtocolClient (GrpcClientProtocolClient.java:onNext(255)) - client-D2340BF4DD29->f9fecd82-c7ae-483e-b259-6428f2dfb240: receive RaftClientReply:client-D2340BF4DD29->f9fecd82-c7ae-483e-b259-6428f2dfb240@group-7DE138E597A5, cid=3151, SUCCESS, logIndex=4758, commits[f9fecd82-c7ae-483e-b259-6428f2dfb240:c4758, adbfec77-7a0d-4773-aa56-ba0b778d0ab5:c4754, 90c45227-141f-43fe-b831-a2b91b39d6b0:c4754]
2019-07-14 06:26:12,935 INFO  client.GrpcClientProtocolClient (GrpcClientProtocolClient.java:onNext(255)) - client-D2340BF4DD29->f9fecd82-c7ae-483e-b259-6428f2dfb240: receive RaftClientReply:client-D2340BF4DD29->f9fecd82-c7ae-483e-b259-6428f2dfb240@group-7DE138E597A5, cid=3152, SUCCESS, logIndex=0, commits[f9fecd82-c7ae-483e-b259-6428f2dfb240:c4759, adbfec77-7a0d-4773-aa56-ba0b778d0ab5:c4758, 90c45227-141f-43fe-b831-a2b91b39d6b0:c4758]
2019-07-14 06:26:12,971 INFO  client.GrpcClientProtocolClient (GrpcClientProtocolClient.java:onNext(255)) - client-D2340BF4DD29->f9fecd82-c7ae-483e-b259-6428f2dfb240: receive RaftClientReply:client-D2340BF4DD29->f9fecd82-c7ae-483e-b259-6428f2dfb240@group-7DE138E597A5, cid=3153, SUCCESS, logIndex=4761, commits[f9fecd82-c7ae-483e-b259-6428f2dfb240:c4763, adbfec77-7a0d-4773-aa56-ba0b778d0ab5:c4760, 90c45227-141f-43fe-b831-a2b91b39d6b0:c4760]
2019-07-14 06:26:12,972 INFO  client.GrpcClientProtocolClient (GrpcClientProtocolClient.java:onNext(255)) - client-D2340BF4DD29->f9fecd82-c7ae-483e-b259-6428f2dfb240: receive RaftClientReply:client-D2340BF4DD29->f9fecd82-c7ae-483e-b259-6428f2dfb240@group-7DE138E597A5, cid=3154, SUCCESS, logIndex=4762, commits[f9fecd82-c7ae-483e-b259-6428f2dfb240:c4764, adbfec77-7a0d-4773-aa56-ba0b778d0ab5:c4760, 90c45227-141f-43fe-b831-a2b91b39d6b0:c4760]
2019-07-14 06:26:12,972 INFO  client.GrpcClientProtocolClient (GrpcClientProtocolClient.java:onNext(255)) - client-D2340BF4DD29->f9fecd82-c7ae-483e-b259-6428f2dfb240: receive RaftClientReply:client-D2340BF4DD29->f9fecd82-c7ae-483e-b259-6428f2dfb240@group-7DE138E597A5, cid=3155, SUCCESS, logIndex=4763, commits[f9fecd82-c7ae-483e-b259-6428f2dfb240:c4764, adbfec77-7a0d-4773-aa56-ba0b778d0ab5:c4760, 90c45227-141f-43fe-b831-a2b91b39d6b0:c4760]
2019-07-14 06:26:12,973 INFO  client.GrpcClientProtocolClient (GrpcClientProtocolClient.java:onNext(255)) - client-D2340BF4DD29->f9fecd82-c7ae-483e-b259-6428f2dfb240: receive RaftClientReply:client-D2340BF4DD29->f9fecd82-c7ae-483e-b259-6428f2dfb240@group-7DE138E597A5, cid=3156, SUCCESS, logIndex=4764, commits[f9fecd82-c7ae-483e-b259-6428f2dfb240:c4764, adbfec77-7a0d-4773-aa56-ba0b778d0ab5:c4760, 90c45227-141f-43fe-b831-a2b91b39d6b0:c4760]
2019-07-14 06:26:12,974 INFO  client.GrpcClientProtocolClient (GrpcClientProtocolClient.java:onNext(255)) - client-D2340BF4DD29->f9fecd82-c7ae-483e-b259-6428f2dfb240: receive RaftClientReply:client-D2340BF4DD29->f9fecd82-c7ae-483e-b259-6428f2dfb240@group-7DE138E597A5, cid=3157, SUCCESS, logIndex=0, commits[f9fecd82-c7ae-483e-b259-6428f2dfb240:c4767, adbfec77-7a0d-4773-aa56-ba0b778d0ab5:c4762, 90c45227-141f-43fe-b831-a2b91b39d6b0:c4763]
2019-07-14 06:26:12,994 INFO  client.GrpcClientProtocolClient (GrpcClientProtocolClient.java:onNext(255)) - client-D2340BF4DD29->f9fecd82-c7ae-483e-b259-6428f2dfb240: receive RaftClientReply:client-D2340BF4DD29->f9fecd82-c7ae-483e-b259-6428f2dfb240@group-7DE138E597A5, cid=3158, SUCCESS, logIndex=4769, commits[f9fecd82-c7ae-483e-b259-6428f2dfb240:c4770, adbfec77-7a0d-4773-aa56-ba0b778d0ab5:c4768, 90c45227-141f-43fe-b831-a2b91b39d6b0:c4768]
2019-07-14 06:26:12,994 INFO  client.GrpcClientProtocolClient (GrpcClientProtocolClient.java:onNext(255)) - client-D2340BF4DD29->f9fecd82-c7ae-483e-b259-6428f2dfb240: receive RaftClientReply:client-D2340BF4DD29->f9fecd82-c7ae-483e-b259-6428f2dfb240@group-7DE138E597A5, cid=3159, SUCCESS, logIndex=4770, commits[f9fecd82-c7ae-483e-b259-6428f2dfb240:c4770, adbfec77-7a0d-4773-aa56-ba0b778d0ab5:c4768, 90c45227-141f-43fe-b831-a2b91b39d6b0:c4768]
2019-07-14 06:26:13,008 INFO  client.GrpcClientProtocolClient (GrpcClientProtocolClient.java:onNext(255)) - client-D2340BF4DD29->f9fecd82-c7ae-483e-b259-6428f2dfb240: receive RaftClientReply:client-D2340BF4DD29->f9fecd82-c7ae-483e-b259-6428f2dfb240@group-7DE138E597A5, cid=3160, SUCCESS, logIndex=4773, commits[f9fecd82-c7ae-483e-b259-6428f2dfb240:c4774, adbfec77-7a0d-4773-aa56-ba0b778d0ab5:c4770, 90c45227-141f-43fe-b831-a2b91b39d6b0:c4770]
2019-07-14 06:26:13,008 INFO  client.GrpcClientProtocolClient (GrpcClientProtocolClient.java:onNext(255)) - client-D2340BF4DD29->f9fecd82-c7ae-483e-b259-6428f2dfb240: receive RaftClientReply:client-D2340BF4DD29->f9fecd82-c7ae-483e-b259-6428f2dfb240@group-7DE138E597A5, cid=3161, SUCCESS, logIndex=4774, commits[f9fecd82-c7ae-483e-b259-6428f2dfb240:c4774, adbfec77-7a0d-4773-aa56-ba0b778d0ab5:c4770, 90c45227-141f-43fe-b831-a2b91b39d6b0:c4770]
2019-07-14 06:26:13,019 INFO  client.GrpcClientProtocolClient (GrpcClientProtocolClient.java:onNext(255)) - client-D2340BF4DD29->f9fecd82-c7ae-483e-b259-6428f2dfb240: receive RaftClientReply:client-D2340BF4DD29->f9fecd82-c7ae-483e-b259-6428f2dfb240@group-7DE138E597A5, cid=3162, SUCCESS, logIndex=0, commits[f9fecd82-c7ae-483e-b259-6428f2dfb240:c4775, adbfec77-7a0d-4773-aa56-ba0b778d0ab5:c4774, 90c45227-141f-43fe-b831-a2b91b39d6b0:c4774]
 0.00% |█                                                                                                    |  0/1 Time: 0:00:272019-07-14 06:26:13,051 INFO  client.GrpcClientProtocolClient (GrpcClientProtocolClient.java:onNext(255)) - client-D2340BF4DD29->f9fecd82-c7ae-483e-b259-6428f2dfb240: receive RaftClientReply:client-D2340BF4DD29->f9fecd82-c7ae-483e-b259-6428f2dfb240@group-7DE138E597A5, cid=3163, SUCCESS, logIndex=4777, commits[f9fecd82-c7ae-483e-b259-6428f2dfb240:c4778, adbfec77-7a0d-4773-aa56-ba0b778d0ab5:c4774, 90c45227-141f-43fe-b831-a2b91b39d6b0:c4776]
2019-07-14 06:26:13,052 INFO  client.GrpcClientProtocolClient (GrpcClientProtocolClient.java:onNext(255)) - client-D2340BF4DD29->f9fecd82-c7ae-483e-b259-6428f2dfb240: receive RaftClientReply:client-D2340BF4DD29->f9fecd82-c7ae-483e-b259-6428f2dfb240@group-7DE138E597A5, cid=3164, SUCCESS, logIndex=4778, commits[f9fecd82-c7ae-483e-b259-6428f2dfb240:c4778, adbfec77-7a0d-4773-aa56-ba0b778d0ab5:c4774, 90c45227-141f-43fe-b831-a2b91b39d6b0:c4776]
2019-07-14 06:26:13,065 INFO  client.GrpcClientProtocolClient (GrpcClientProtocolClient.java:onNext(255)) - client-D2340BF4DD29->f9fecd82-c7ae-483e-b259-6428f2dfb240: receive RaftClientReply:client-D2340BF4DD29->f9fecd82-c7ae-483e-b259-6428f2dfb240@group-7DE138E597A5, cid=3165, SUCCESS, logIndex=4779, commits[f9fecd82-c7ae-483e-b259-6428f2dfb240:c4780, adbfec77-7a0d-4773-aa56-ba0b778d0ab5:c4776, 90c45227-141f-43fe-b831-a2b91b39d6b0:c4776]
2019-07-14 06:26:13,065 INFO  client.GrpcClientProtocolClient (GrpcClientProtocolClient.java:onNext(255)) - client-D2340BF4DD29->f9fecd82-c7ae-483e-b259-6428f2dfb240: receive RaftClientReply:client-D2340BF4DD29->f9fecd82-c7ae-483e-b259-6428f2dfb240@group-7DE138E597A5, cid=3166, SUCCESS, logIndex=4780, commits[f9fecd82-c7ae-483e-b259-6428f2dfb240:c4780, adbfec77-7a0d-4773-aa56-ba0b778d0ab5:c4776, 90c45227-141f-43fe-b831-a2b91b39d6b0:c4776]
2019-07-14 06:26:13,067 INFO  client.GrpcClientProtocolClient (GrpcClientProtocolClient.java:onNext(255)) - client-D2340BF4DD29->f9fecd82-c7ae-483e-b259-6428f2dfb240: receive RaftClientReply:client-D2340BF4DD29->f9fecd82-c7ae-483e-b259-6428f2dfb240@group-7DE138E597A5, cid=3167, SUCCESS, logIndex=0, commits[f9fecd82-c7ae-483e-b259-6428f2dfb240:c4782, adbfec77-7a0d-4773-aa56-ba0b778d0ab5:c4778, 90c45227-141f-43fe-b831-a2b91b39d6b0:c4778]
2019-07-14 06:26:13,087 INFO  client.GrpcClientProtocolClient (GrpcClientProtocolClient.java:onNext(255)) - client-D2340BF4DD29->f9fecd82-c7ae-483e-b259-6428f2dfb240: receive RaftClientReply:client-D2340BF4DD29->f9fecd82-c7ae-483e-b259-6428f2dfb240@group-7DE138E597A5, cid=3168, SUCCESS, logIndex=4785, commits[f9fecd82-c7ae-483e-b259-6428f2dfb240:c4786, adbfec77-7a0d-4773-aa56-ba0b778d0ab5:c4784, 90c45227-141f-43fe-b831-a2b91b39d6b0:c4784]
2019-07-14 06:26:13,087 INFO  client.GrpcClientProtocolClient (GrpcClientProtocolClient.java:onNext(255)) - client-D2340BF4DD29->f9fecd82-c7ae-483e-b259-6428f2dfb240: receive RaftClientReply:client-D2340BF4DD29->f9fecd82-c7ae-483e-b259-6428f2dfb240@group-7DE138E597A5, cid=3169, SUCCESS, logIndex=4786, commits[f9fecd82-c7ae-483e-b259-6428f2dfb240:c4786, adbfec77-7a0d-4773-aa56-ba0b778d0ab5:c4784, 90c45227-141f-43fe-b831-a2b91b39d6b0:c4784]
2019-07-14 06:26:13,100 INFO  client.GrpcClientProtocolClient (GrpcClientProtocolClient.java:onNext(255)) - client-D2340BF4DD29->f9fecd82-c7ae-483e-b259-6428f2dfb240: receive RaftClientReply:client-D2340BF4DD29->f9fecd82-c7ae-483e-b259-6428f2dfb240@group-7DE138E597A5, cid=3170, SUCCESS, logIndex=4789, commits[f9fecd82-c7ae-483e-b259-6428f2dfb240:c4790, adbfec77-7a0d-4773-aa56-ba0b778d0ab5:c4786, 90c45227-141f-43fe-b831-a2b91b39d6b0:c4786]
2019-07-14 06:26:13,101 INFO  client.GrpcClientProtocolClient (GrpcClientProtocolClient.java:onNext(255)) - client-D2340BF4DD29->f9fecd82-c7ae-483e-b259-6428f2dfb240: receive RaftClientReply:client-D2340BF4DD29->f9fecd82-c7ae-483e-b259-6428f2dfb240@group-7DE138E597A5, cid=3171, SUCCESS, logIndex=4790, commits[f9fecd82-c7ae-483e-b259-6428f2dfb240:c4790, adbfec77-7a0d-4773-aa56-ba0b778d0ab5:c4786, 90c45227-141f-43fe-b831-a2b91b39d6b0:c4786]
2019-07-14 06:26:13,112 INFO  client.GrpcClientProtocolClient (GrpcClientProtocolClient.java:onNext(255)) - client-D2340BF4DD29->f9fecd82-c7ae-483e-b259-6428f2dfb240: receive RaftClientReply:client-D2340BF4DD29->f9fecd82-c7ae-483e-b259-6428f2dfb240@group-7DE138E597A5, cid=3172, SUCCESS, logIndex=0, commits[f9fecd82-c7ae-483e-b259-6428f2dfb240:c4791, adbfec77-7a0d-4773-aa56-ba0b778d0ab5:c4790, 90c45227-141f-43fe-b831-a2b91b39d6b0:c4790]
2019-07-14 06:26:13,144 INFO  client.GrpcClientProtocolClient (GrpcClientProtocolClient.java:onNext(255)) - client-D2340BF4DD29->f9fecd82-c7ae-483e-b259-6428f2dfb240: receive RaftClientReply:client-D2340BF4DD29->f9fecd82-c7ae-483e-b259-6428f2dfb240@group-7DE138E597A5, cid=3173, SUCCESS, logIndex=4793, commits[f9fecd82-c7ae-483e-b259-6428f2dfb240:c4794, adbfec77-7a0d-4773-aa56-ba0b778d0ab5:c4792, 90c45227-141f-43fe-b831-a2b91b39d6b0:c4792]
2019-07-14 06:26:13,145 INFO  client.GrpcClientProtocolClient (GrpcClientProtocolClient.java:onNext(255)) - client-D2340BF4DD29->f9fecd82-c7ae-483e-b259-6428f2dfb240: receive RaftClientReply:client-D2340BF4DD29->f9fecd82-c7ae-483e-b259-6428f2dfb240@group-7DE138E597A5, cid=3174, SUCCESS, logIndex=4794, commits[f9fecd82-c7ae-483e-b259-6428f2dfb240:c4794, adbfec77-7a0d-4773-aa56-ba0b778d0ab5:c4792, 90c45227-141f-43fe-b831-a2b91b39d6b0:c4792]
2019-07-14 06:26:13,146 INFO  client.GrpcClientProtocolClient (GrpcClientProtocolClient.java:onNext(255)) - client-D2340BF4DD29->f9fecd82-c7ae-483e-b259-6428f2dfb240: receive RaftClientReply:client-D2340BF4DD29->f9fecd82-c7ae-483e-b259-6428f2dfb240@group-7DE138E597A5, cid=3175, SUCCESS, logIndex=4795, commits[f9fecd82-c7ae-483e-b259-6428f2dfb240:c4796, adbfec77-7a0d-4773-aa56-ba0b778d0ab5:c4792, 90c45227-141f-43fe-b831-a2b91b39d6b0:c4792]
2019-07-14 06:26:13,146 INFO  client.GrpcClientProtocolClient (GrpcClientProtocolClient.java:onNext(255)) - client-D2340BF4DD29->f9fecd82-c7ae-483e-b259-6428f2dfb240: receive RaftClientReply:client-D2340BF4DD29->f9fecd82-c7ae-483e-b259-6428f2dfb240@group-7DE138E597A5, cid=3176, SUCCESS, logIndex=4796, commits[f9fecd82-c7ae-483e-b259-6428f2dfb240:c4796, adbfec77-7a0d-4773-aa56-ba0b778d0ab5:c4792, 90c45227-141f-43fe-b831-a2b91b39d6b0:c4792]
2019-07-14 06:26:13,147 INFO  client.GrpcClientProtocolClient (GrpcClientProtocolClient.java:onNext(255)) - client-D2340BF4DD29->f9fecd82-c7ae-483e-b259-6428f2dfb240: receive RaftClientReply:client-D2340BF4DD29->f9fecd82-c7ae-483e-b259-6428f2dfb240@group-7DE138E597A5, cid=3177, SUCCESS, logIndex=0, commits[f9fecd82-c7ae-483e-b259-6428f2dfb240:c4797, adbfec77-7a0d-4773-aa56-ba0b778d0ab5:c4794, 90c45227-141f-43fe-b831-a2b91b39d6b0:c4794]
2019-07-14 06:26:13,180 INFO  client.GrpcClientProtocolClient (GrpcClientProtocolClient.java:onNext(255)) - client-D2340BF4DD29->f9fecd82-c7ae-483e-b259-6428f2dfb240: receive RaftClientReply:client-D2340BF4DD29->f9fecd82-c7ae-483e-b259-6428f2dfb240@group-7DE138E597A5, cid=3178, SUCCESS, logIndex=4801, commits[f9fecd82-c7ae-483e-b259-6428f2dfb240:c4802, adbfec77-7a0d-4773-aa56-ba0b778d0ab5:c4796, 90c45227-141f-43fe-b831-a2b91b39d6b0:c4800]
2019-07-14 06:26:13,181 INFO  client.GrpcClientProtocolClient (GrpcClientProtocolClient.java:onNext(255)) - client-D2340BF4DD29->f9fecd82-c7ae-483e-b259-6428f2dfb240: receive RaftClientReply:client-D2340BF4DD29->f9fecd82-c7ae-483e-b259-6428f2dfb240@group-7DE138E597A5, cid=3179, SUCCESS, logIndex=4802, commits[f9fecd82-c7ae-483e-b259-6428f2dfb240:c4802, adbfec77-7a0d-4773-aa56-ba0b778d0ab5:c4800, 90c45227-141f-43fe-b831-a2b91b39d6b0:c4800]
2019-07-14 06:26:13,201 INFO  client.GrpcClientProtocolClient (GrpcClientProtocolClient.java:onNext(255)) - client-D2340BF4DD29->f9fecd82-c7ae-483e-b259-6428f2dfb240: receive RaftClientReply:client-D2340BF4DD29->f9fecd82-c7ae-483e-b259-6428f2dfb240@group-7DE138E597A5, cid=3180, SUCCESS, logIndex=4805, commits[f9fecd82-c7ae-483e-b259-6428f2dfb240:c4806, adbfec77-7a0d-4773-aa56-ba0b778d0ab5:c4804, 90c45227-141f-43fe-b831-a2b91b39d6b0:c4804]
2019-07-14 06:26:13,202 INFO  client.GrpcClientProtocolClient (GrpcClientProtocolClient.java:onNext(255)) - client-D2340BF4DD29->f9fecd82-c7ae-483e-b259-6428f2dfb240: receive RaftClientReply:client-D2340BF4DD29->f9fecd82-c7ae-483e-b259-6428f2dfb240@group-7DE138E597A5, cid=3181, SUCCESS, logIndex=4806, commits[f9fecd82-c7ae-483e-b259-6428f2dfb240:c4806, adbfec77-7a0d-4773-aa56-ba0b778d0ab5:c4804, 90c45227-141f-43fe-b831-a2b91b39d6b0:c4804]
2019-07-14 06:26:13,214 INFO  client.GrpcClientProtocolClient (GrpcClientProtocolClient.java:onNext(255)) - client-D2340BF4DD29->f9fecd82-c7ae-483e-b259-6428f2dfb240: receive RaftClientReply:client-D2340BF4DD29->f9fecd82-c7ae-483e-b259-6428f2dfb240@group-7DE138E597A5, cid=3182, SUCCESS, logIndex=0, commits[f9fecd82-c7ae-483e-b259-6428f2dfb240:c4808, adbfec77-7a0d-4773-aa56-ba0b778d0ab5:c4806, 90c45227-141f-43fe-b831-a2b91b39d6b0:c4806]
2019-07-14 06:26:13,248 INFO  client.GrpcClientProtocolClient (GrpcClientProtocolClient.java:onNext(255)) - client-D2340BF4DD29->f9fecd82-c7ae-483e-b259-6428f2dfb240: receive RaftClientReply:client-D2340BF4DD29->f9fecd82-c7ae-483e-b259-6428f2dfb240@group-7DE138E597A5, cid=3183, SUCCESS, logIndex=4809, commits[f9fecd82-c7ae-483e-b259-6428f2dfb240:c4810, adbfec77-7a0d-4773-aa56-ba0b778d0ab5:c4808, 90c45227-141f-43fe-b831-a2b91b39d6b0:c4808]
2019-07-14 06:26:13,249 INFO  client.GrpcClientProtocolClient (GrpcClientProtocolClient.java:onNext(255)) - client-D2340BF4DD29->f9fecd82-c7ae-483e-b259-6428f2dfb240: receive RaftClientReply:client-D2340BF4DD29->f9fecd82-c7ae-483e-b259-6428f2dfb240@group-7DE138E597A5, cid=3184, SUCCESS, logIndex=4810, commits[f9fecd82-c7ae-483e-b259-6428f2dfb240:c4810, adbfec77-7a0d-4773-aa56-ba0b778d0ab5:c4808, 90c45227-141f-43fe-b831-a2b91b39d6b0:c4808]
2019-07-14 06:26:13,249 INFO  client.GrpcClientProtocolClient (GrpcClientProtocolClient.java:onNext(255)) - client-D2340BF4DD29->f9fecd82-c7ae-483e-b259-6428f2dfb240: receive RaftClientReply:client-D2340BF4DD29->f9fecd82-c7ae-483e-b259-6428f2dfb240@group-7DE138E597A5, cid=3185, SUCCESS, logIndex=4811, commits[f9fecd82-c7ae-483e-b259-6428f2dfb240:c4812, adbfec77-7a0d-4773-aa56-ba0b778d0ab5:c4808, 90c45227-141f-43fe-b831-a2b91b39d6b0:c4808]
2019-07-14 06:26:13,250 INFO  client.GrpcClientProtocolClient (GrpcClientProtocolClient.java:onNext(255)) - client-D2340BF4DD29->f9fecd82-c7ae-483e-b259-6428f2dfb240: receive RaftClientReply:client-D2340BF4DD29->f9fecd82-c7ae-483e-b259-6428f2dfb240@group-7DE138E597A5, cid=3186, SUCCESS, logIndex=4812, commits[f9fecd82-c7ae-483e-b259-6428f2dfb240:c4812, adbfec77-7a0d-4773-aa56-ba0b778d0ab5:c4808, 90c45227-141f-43fe-b831-a2b91b39d6b0:c4808]
2019-07-14 06:26:13,251 INFO  client.GrpcClientProtocolClient (GrpcClientProtocolClient.java:onNext(255)) - client-D2340BF4DD29->f9fecd82-c7ae-483e-b259-6428f2dfb240: receive RaftClientReply:client-D2340BF4DD29->f9fecd82-c7ae-483e-b259-6428f2dfb240@group-7DE138E597A5, cid=3187, SUCCESS, logIndex=0, commits[f9fecd82-c7ae-483e-b259-6428f2dfb240:c4814, adbfec77-7a0d-4773-aa56-ba0b778d0ab5:c4810, 90c45227-141f-43fe-b831-a2b91b39d6b0:c4810]
2019-07-14 06:26:13,271 INFO  client.GrpcClientProtocolClient (GrpcClientProtocolClient.java:onNext(255)) - client-D2340BF4DD29->f9fecd82-c7ae-483e-b259-6428f2dfb240: receive RaftClientReply:client-D2340BF4DD29->f9fecd82-c7ae-483e-b259-6428f2dfb240@group-7DE138E597A5, cid=3188, SUCCESS, logIndex=4816, commits[f9fecd82-c7ae-483e-b259-6428f2dfb240:c4817, adbfec77-7a0d-4773-aa56-ba0b778d0ab5:c4815, 90c45227-141f-43fe-b831-a2b91b39d6b0:c4815]
2019-07-14 06:26:13,271 INFO  client.GrpcClientProtocolClient (GrpcClientProtocolClient.java:onNext(255)) - client-D2340BF4DD29->f9fecd82-c7ae-483e-b259-6428f2dfb240: receive RaftClientReply:client-D2340BF4DD29->f9fecd82-c7ae-483e-b259-6428f2dfb240@group-7DE138E597A5, cid=3189, SUCCESS, logIndex=4817, commits[f9fecd82-c7ae-483e-b259-6428f2dfb240:c4817, adbfec77-7a0d-4773-aa56-ba0b778d0ab5:c4815, 90c45227-141f-43fe-b831-a2b91b39d6b0:c4815]
2019-07-14 06:26:13,284 INFO  client.GrpcClientProtocolClient (GrpcClientProtocolClient.java:onNext(255)) - client-D2340BF4DD29->f9fecd82-c7ae-483e-b259-6428f2dfb240: receive RaftClientReply:client-D2340BF4DD29->f9fecd82-c7ae-483e-b259-6428f2dfb240@group-7DE138E597A5, cid=3190, SUCCESS, logIndex=4820, commits[f9fecd82-c7ae-483e-b259-6428f2dfb240:c4821, adbfec77-7a0d-4773-aa56-ba0b778d0ab5:c4817, 90c45227-141f-43fe-b831-a2b91b39d6b0:c4817]
2019-07-14 06:26:13,284 INFO  client.GrpcClientProtocolClient (GrpcClientProtocolClient.java:onNext(255)) - client-D2340BF4DD29->f9fecd82-c7ae-483e-b259-6428f2dfb240: receive RaftClientReply:client-D2340BF4DD29->f9fecd82-c7ae-483e-b259-6428f2dfb240@group-7DE138E597A5, cid=3191, SUCCESS, logIndex=4821, commits[f9fecd82-c7ae-483e-b259-6428f2dfb240:c4821, adbfec77-7a0d-4773-aa56-ba0b778d0ab5:c4817, 90c45227-141f-43fe-b831-a2b91b39d6b0:c4817]
2019-07-14 06:26:13,297 INFO  client.GrpcClientProtocolClient (GrpcClientProtocolClient.java:onNext(255)) - client-D2340BF4DD29->f9fecd82-c7ae-483e-b259-6428f2dfb240: receive RaftClientReply:client-D2340BF4DD29->f9fecd82-c7ae-483e-b259-6428f2dfb240@group-7DE138E597A5, cid=3192, SUCCESS, logIndex=0, commits[f9fecd82-c7ae-483e-b259-6428f2dfb240:c4823, adbfec77-7a0d-4773-aa56-ba0b778d0ab5:c4821, 90c45227-141f-43fe-b831-a2b91b39d6b0:c4821]
2019-07-14 06:26:13,330 INFO  client.GrpcClientProtocolClient (GrpcClientProtocolClient.java:onNext(255)) - client-D2340BF4DD29->f9fecd82-c7ae-483e-b259-6428f2dfb240: receive RaftClientReply:client-D2340BF4DD29->f9fecd82-c7ae-483e-b259-6428f2dfb240@group-7DE138E597A5, cid=3193, SUCCESS, logIndex=4824, commits[f9fecd82-c7ae-483e-b259-6428f2dfb240:c4827, adbfec77-7a0d-4773-aa56-ba0b778d0ab5:c4823, 90c45227-141f-43fe-b831-a2b91b39d6b0:c4823]
2019-07-14 06:26:13,331 INFO  client.GrpcClientProtocolClient (GrpcClientProtocolClient.java:onNext(255)) - client-D2340BF4DD29->f9fecd82-c7ae-483e-b259-6428f2dfb240: receive RaftClientReply:client-D2340BF4DD29->f9fecd82-c7ae-483e-b259-6428f2dfb240@group-7DE138E597A5, cid=3194, SUCCESS, logIndex=4825, commits[f9fecd82-c7ae-483e-b259-6428f2dfb240:c4827, adbfec77-7a0d-4773-aa56-ba0b778d0ab5:c4823, 90c45227-141f-43fe-b831-a2b91b39d6b0:c4823]
2019-07-14 06:26:13,331 INFO  client.GrpcClientProtocolClient (GrpcClientProtocolClient.java:onNext(255)) - client-D2340BF4DD29->f9fecd82-c7ae-483e-b259-6428f2dfb240: receive RaftClientReply:client-D2340BF4DD29->f9fecd82-c7ae-483e-b259-6428f2dfb240@group-7DE138E597A5, cid=3195, SUCCESS, logIndex=4826, commits[f9fecd82-c7ae-483e-b259-6428f2dfb240:c4827, adbfec77-7a0d-4773-aa56-ba0b778d0ab5:c4823, 90c45227-141f-43fe-b831-a2b91b39d6b0:c4823]
2019-07-14 06:26:13,332 INFO  client.GrpcClientProtocolClient (GrpcClientProtocolClient.java:onNext(255)) - client-D2340BF4DD29->f9fecd82-c7ae-483e-b259-6428f2dfb240: receive RaftClientReply:client-D2340BF4DD29->f9fecd82-c7ae-483e-b259-6428f2dfb240@group-7DE138E597A5, cid=3196, SUCCESS, logIndex=4827, commits[f9fecd82-c7ae-483e-b259-6428f2dfb240:c4828, adbfec77-7a0d-4773-aa56-ba0b778d0ab5:c4824, 90c45227-141f-43fe-b831-a2b91b39d6b0:c4823]
2019-07-14 06:26:13,333 INFO  client.GrpcClientProtocolClient (GrpcClientProtocolClient.java:onNext(255)) - client-D2340BF4DD29->f9fecd82-c7ae-483e-b259-6428f2dfb240: receive RaftClientReply:client-D2340BF4DD29->f9fecd82-c7ae-483e-b259-6428f2dfb240@group-7DE138E597A5, cid=3197, SUCCESS, logIndex=0, commits[f9fecd82-c7ae-483e-b259-6428f2dfb240:c4831, adbfec77-7a0d-4773-aa56-ba0b778d0ab5:c4827, 90c45227-141f-43fe-b831-a2b91b39d6b0:c4827]
2019-07-14 06:26:13,352 INFO  client.GrpcClientProtocolClient (GrpcClientProtocolClient.java:onNext(255)) - client-D2340BF4DD29->f9fecd82-c7ae-483e-b259-6428f2dfb240: receive RaftClientReply:client-D2340BF4DD29->f9fecd82-c7ae-483e-b259-6428f2dfb240@group-7DE138E597A5, cid=3198, SUCCESS, logIndex=4832, commits[f9fecd82-c7ae-483e-b259-6428f2dfb240:c4833, adbfec77-7a0d-4773-aa56-ba0b778d0ab5:c4831, 90c45227-141f-43fe-b831-a2b91b39d6b0:c4831]
2019-07-14 06:26:13,353 INFO  client.GrpcClientProtocolClient (GrpcClientProtocolClient.java:onNext(255)) - client-D2340BF4DD29->f9fecd82-c7ae-483e-b259-6428f2dfb240: receive RaftClientReply:client-D2340BF4DD29->f9fecd82-c7ae-483e-b259-6428f2dfb240@group-7DE138E597A5, cid=3199, SUCCESS, logIndex=4833, commits[f9fecd82-c7ae-483e-b259-6428f2dfb240:c4833, adbfec77-7a0d-4773-aa56-ba0b778d0ab5:c4831, 90c45227-141f-43fe-b831-a2b91b39d6b0:c4831]
2019-07-14 06:26:13,366 INFO  client.GrpcClientProtocolClient (GrpcClientProtocolClient.java:onNext(255)) - client-D2340BF4DD29->f9fecd82-c7ae-483e-b259-6428f2dfb240: receive RaftClientReply:client-D2340BF4DD29->f9fecd82-c7ae-483e-b259-6428f2dfb240@group-7DE138E597A5, cid=3200, SUCCESS, logIndex=4836, commits[f9fecd82-c7ae-483e-b259-6428f2dfb240:c4837, adbfec77-7a0d-4773-aa56-ba0b778d0ab5:c4833, 90c45227-141f-43fe-b831-a2b91b39d6b0:c4833]
2019-07-14 06:26:13,367 INFO  client.GrpcClientProtocolClient (GrpcClientProtocolClient.java:onNext(255)) - client-D2340BF4DD29->f9fecd82-c7ae-483e-b259-6428f2dfb240: receive RaftClientReply:client-D2340BF4DD29->f9fecd82-c7ae-483e-b259-6428f2dfb240@group-7DE138E597A5, cid=3201, SUCCESS, logIndex=4837, commits[f9fecd82-c7ae-483e-b259-6428f2dfb240:c4837, adbfec77-7a0d-4773-aa56-ba0b778d0ab5:c4833, 90c45227-141f-43fe-b831-a2b91b39d6b0:c4833]
2019-07-14 06:26:13,378 INFO  client.GrpcClientProtocolClient (GrpcClientProtocolClient.java:onNext(255)) - client-D2340BF4DD29->f9fecd82-c7ae-483e-b259-6428f2dfb240: receive RaftClientReply:client-D2340BF4DD29->f9fecd82-c7ae-483e-b259-6428f2dfb240@group-7DE138E597A5, cid=3202, SUCCESS, logIndex=0, commits[f9fecd82-c7ae-483e-b259-6428f2dfb240:c4838, adbfec77-7a0d-4773-aa56-ba0b778d0ab5:c4837, 90c45227-141f-43fe-b831-a2b91b39d6b0:c4837]
2019-07-14 06:26:13,405 INFO  client.GrpcClientProtocolClient (GrpcClientProtocolClient.java:onNext(255)) - client-D2340BF4DD29->f9fecd82-c7ae-483e-b259-6428f2dfb240: receive RaftClientReply:client-D2340BF4DD29->f9fecd82-c7ae-483e-b259-6428f2dfb240@group-7DE138E597A5, cid=3203, SUCCESS, logIndex=4840, commits[f9fecd82-c7ae-483e-b259-6428f2dfb240:c4841, adbfec77-7a0d-4773-aa56-ba0b778d0ab5:c4839, 90c45227-141f-43fe-b831-a2b91b39d6b0:c4837]
2019-07-14 06:26:13,406 INFO  client.GrpcClientProtocolClient (GrpcClientProtocolClient.java:onNext(255)) - client-D2340BF4DD29->f9fecd82-c7ae-483e-b259-6428f2dfb240: receive RaftClientReply:client-D2340BF4DD29->f9fecd82-c7ae-483e-b259-6428f2dfb240@group-7DE138E597A5, cid=3204, SUCCESS, logIndex=4841, commits[f9fecd82-c7ae-483e-b259-6428f2dfb240:c4841, adbfec77-7a0d-4773-aa56-ba0b778d0ab5:c4839, 90c45227-141f-43fe-b831-a2b91b39d6b0:c4839]
2019-07-14 06:26:13,407 INFO  client.GrpcClientProtocolClient (GrpcClientProtocolClient.java:onNext(255)) - client-D2340BF4DD29->f9fecd82-c7ae-483e-b259-6428f2dfb240: receive RaftClientReply:client-D2340BF4DD29->f9fecd82-c7ae-483e-b259-6428f2dfb240@group-7DE138E597A5, cid=3205, SUCCESS, logIndex=4842, commits[f9fecd82-c7ae-483e-b259-6428f2dfb240:c4843, adbfec77-7a0d-4773-aa56-ba0b778d0ab5:c4839, 90c45227-141f-43fe-b831-a2b91b39d6b0:c4839]
2019-07-14 06:26:13,408 INFO  client.GrpcClientProtocolClient (GrpcClientProtocolClient.java:onNext(255)) - client-D2340BF4DD29->f9fecd82-c7ae-483e-b259-6428f2dfb240: receive RaftClientReply:client-D2340BF4DD29->f9fecd82-c7ae-483e-b259-6428f2dfb240@group-7DE138E597A5, cid=3206, SUCCESS, logIndex=4843, commits[f9fecd82-c7ae-483e-b259-6428f2dfb240:c4843, adbfec77-7a0d-4773-aa56-ba0b778d0ab5:c4839, 90c45227-141f-43fe-b831-a2b91b39d6b0:c4839]
2019-07-14 06:26:13,409 INFO  client.GrpcClientProtocolClient (GrpcClientProtocolClient.java:onNext(255)) - client-D2340BF4DD29->f9fecd82-c7ae-483e-b259-6428f2dfb240: receive RaftClientReply:client-D2340BF4DD29->f9fecd82-c7ae-483e-b259-6428f2dfb240@group-7DE138E597A5, cid=3207, SUCCESS, logIndex=0, commits[f9fecd82-c7ae-483e-b259-6428f2dfb240:c4845, adbfec77-7a0d-4773-aa56-ba0b778d0ab5:c4841, 90c45227-141f-43fe-b831-a2b91b39d6b0:c4841]
2019-07-14 06:26:13,437 INFO  client.GrpcClientProtocolClient (GrpcClientProtocolClient.java:onNext(255)) - client-D2340BF4DD29->f9fecd82-c7ae-483e-b259-6428f2dfb240: receive RaftClientReply:client-D2340BF4DD29->f9fecd82-c7ae-483e-b259-6428f2dfb240@group-7DE138E597A5, cid=3208, SUCCESS, logIndex=4848, commits[f9fecd82-c7ae-483e-b259-6428f2dfb240:c4849, adbfec77-7a0d-4773-aa56-ba0b778d0ab5:c4847, 90c45227-141f-43fe-b831-a2b91b39d6b0:c4847]
2019-07-14 06:26:13,438 INFO  client.GrpcClientProtocolClient (GrpcClientProtocolClient.java:onNext(255)) - client-D2340BF4DD29->f9fecd82-c7ae-483e-b259-6428f2dfb240: receive RaftClientReply:client-D2340BF4DD29->f9fecd82-c7ae-483e-b259-6428f2dfb240@group-7DE138E597A5, cid=3209, SUCCESS, logIndex=4849, commits[f9fecd82-c7ae-483e-b259-6428f2dfb240:c4849, adbfec77-7a0d-4773-aa56-ba0b778d0ab5:c4847, 90c45227-141f-43fe-b831-a2b91b39d6b0:c4847]
2019-07-14 06:26:13,451 INFO  client.GrpcClientProtocolClient (GrpcClientProtocolClient.java:onNext(255)) - client-D2340BF4DD29->f9fecd82-c7ae-483e-b259-6428f2dfb240: receive RaftClientReply:client-D2340BF4DD29->f9fecd82-c7ae-483e-b259-6428f2dfb240@group-7DE138E597A5, cid=3210, SUCCESS, logIndex=4851, commits[f9fecd82-c7ae-483e-b259-6428f2dfb240:c4852, adbfec77-7a0d-4773-aa56-ba0b778d0ab5:c4849, 90c45227-141f-43fe-b831-a2b91b39d6b0:c4849]
2019-07-14 06:26:13,451 INFO  client.GrpcClientProtocolClient (GrpcClientProtocolClient.java:onNext(255)) - client-D2340BF4DD29->f9fecd82-c7ae-483e-b259-6428f2dfb240: receive RaftClientReply:client-D2340BF4DD29->f9fecd82-c7ae-483e-b259-6428f2dfb240@group-7DE138E597A5, cid=3211, SUCCESS, logIndex=4852, commits[f9fecd82-c7ae-483e-b259-6428f2dfb240:c4852, adbfec77-7a0d-4773-aa56-ba0b778d0ab5:c4849, 90c45227-141f-43fe-b831-a2b91b39d6b0:c4849]
2019-07-14 06:26:13,463 INFO  client.GrpcClientProtocolClient (GrpcClientProtocolClient.java:onNext(255)) - client-D2340BF4DD29->f9fecd82-c7ae-483e-b259-6428f2dfb240: receive RaftClientReply:client-D2340BF4DD29->f9fecd82-c7ae-483e-b259-6428f2dfb240@group-7DE138E597A5, cid=3212, SUCCESS, logIndex=0, commits[f9fecd82-c7ae-483e-b259-6428f2dfb240:c4853, adbfec77-7a0d-4773-aa56-ba0b778d0ab5:c4852, 90c45227-141f-43fe-b831-a2b91b39d6b0:c4852]
2019-07-14 06:26:13,498 INFO  client.GrpcClientProtocolClient (GrpcClientProtocolClient.java:onNext(255)) - client-D2340BF4DD29->f9fecd82-c7ae-483e-b259-6428f2dfb240: receive RaftClientReply:client-D2340BF4DD29->f9fecd82-c7ae-483e-b259-6428f2dfb240@group-7DE138E597A5, cid=3213, SUCCESS, logIndex=4855, commits[f9fecd82-c7ae-483e-b259-6428f2dfb240:c4856, adbfec77-7a0d-4773-aa56-ba0b778d0ab5:c4852, 90c45227-141f-43fe-b831-a2b91b39d6b0:c4854]
2019-07-14 06:26:13,499 INFO  client.GrpcClientProtocolClient (GrpcClientProtocolClient.java:onNext(255)) - client-D2340BF4DD29->f9fecd82-c7ae-483e-b259-6428f2dfb240: receive RaftClientReply:client-D2340BF4DD29->f9fecd82-c7ae-483e-b259-6428f2dfb240@group-7DE138E597A5, cid=3214, SUCCESS, logIndex=4856, commits[f9fecd82-c7ae-483e-b259-6428f2dfb240:c4856, adbfec77-7a0d-4773-aa56-ba0b778d0ab5:c4852, 90c45227-141f-43fe-b831-a2b91b39d6b0:c4854]
2019-07-14 06:26:13,500 INFO  client.GrpcClientProtocolClient (GrpcClientProtocolClient.java:onNext(255)) - client-D2340BF4DD29->f9fecd82-c7ae-483e-b259-6428f2dfb240: receive RaftClientReply:client-D2340BF4DD29->f9fecd82-c7ae-483e-b259-6428f2dfb240@group-7DE138E597A5, cid=3215, SUCCESS, logIndex=4857, commits[f9fecd82-c7ae-483e-b259-6428f2dfb240:c4858, adbfec77-7a0d-4773-aa56-ba0b778d0ab5:c4854, 90c45227-141f-43fe-b831-a2b91b39d6b0:c4854]
2019-07-14 06:26:13,500 INFO  client.GrpcClientProtocolClient (GrpcClientProtocolClient.java:onNext(255)) - client-D2340BF4DD29->f9fecd82-c7ae-483e-b259-6428f2dfb240: receive RaftClientReply:client-D2340BF4DD29->f9fecd82-c7ae-483e-b259-6428f2dfb240@group-7DE138E597A5, cid=3216, SUCCESS, logIndex=4858, commits[f9fecd82-c7ae-483e-b259-6428f2dfb240:c4858, adbfec77-7a0d-4773-aa56-ba0b778d0ab5:c4854, 90c45227-141f-43fe-b831-a2b91b39d6b0:c4854]
2019-07-14 06:26:13,513 INFO  client.GrpcClientProtocolClient (GrpcClientProtocolClient.java:onNext(255)) - client-D2340BF4DD29->f9fecd82-c7ae-483e-b259-6428f2dfb240: receive RaftClientReply:client-D2340BF4DD29->f9fecd82-c7ae-483e-b259-6428f2dfb240@group-7DE138E597A5, cid=3217, SUCCESS, logIndex=0, commits[f9fecd82-c7ae-483e-b259-6428f2dfb240:c4862, adbfec77-7a0d-4773-aa56-ba0b778d0ab5:c4858, 90c45227-141f-43fe-b831-a2b91b39d6b0:c4856]
2019-07-14 06:26:13,525 INFO  client.GrpcClientProtocolClient (GrpcClientProtocolClient.java:onNext(255)) - client-D2340BF4DD29->f9fecd82-c7ae-483e-b259-6428f2dfb240: receive RaftClientReply:client-D2340BF4DD29->f9fecd82-c7ae-483e-b259-6428f2dfb240@group-7DE138E597A5, cid=3218, SUCCESS, logIndex=4863, commits[f9fecd82-c7ae-483e-b259-6428f2dfb240:c4864, adbfec77-7a0d-4773-aa56-ba0b778d0ab5:c4862, 90c45227-141f-43fe-b831-a2b91b39d6b0:c4858]
2019-07-14 06:26:13,526 INFO  client.GrpcClientProtocolClient (GrpcClientProtocolClient.java:onNext(255)) - client-D2340BF4DD29->f9fecd82-c7ae-483e-b259-6428f2dfb240: receive RaftClientReply:client-D2340BF4DD29->f9fecd82-c7ae-483e-b259-6428f2dfb240@group-7DE138E597A5, cid=3219, SUCCESS, logIndex=4864, commits[f9fecd82-c7ae-483e-b259-6428f2dfb240:c4864, adbfec77-7a0d-4773-aa56-ba0b778d0ab5:c4862, 90c45227-141f-43fe-b831-a2b91b39d6b0:c4862]
2019-07-14 06:26:13,546 INFO  client.GrpcClientProtocolClient (GrpcClientProtocolClient.java:onNext(255)) - client-D2340BF4DD29->f9fecd82-c7ae-483e-b259-6428f2dfb240: receive RaftClientReply:client-D2340BF4DD29->f9fecd82-c7ae-483e-b259-6428f2dfb240@group-7DE138E597A5, cid=3220, SUCCESS, logIndex=4867, commits[f9fecd82-c7ae-483e-b259-6428f2dfb240:c4868, adbfec77-7a0d-4773-aa56-ba0b778d0ab5:c4866, 90c45227-141f-43fe-b831-a2b91b39d6b0:c4866]
2019-07-14 06:26:13,546 INFO  client.GrpcClientProtocolClient (GrpcClientProtocolClient.java:onNext(255)) - client-D2340BF4DD29->f9fecd82-c7ae-483e-b259-6428f2dfb240: receive RaftClientReply:client-D2340BF4DD29->f9fecd82-c7ae-483e-b259-6428f2dfb240@group-7DE138E597A5, cid=3221, SUCCESS, logIndex=4868, commits[f9fecd82-c7ae-483e-b259-6428f2dfb240:c4868, adbfec77-7a0d-4773-aa56-ba0b778d0ab5:c4866, 90c45227-141f-43fe-b831-a2b91b39d6b0:c4866]
2019-07-14 06:26:13,557 INFO  client.GrpcClientProtocolClient (GrpcClientProtocolClient.java:onNext(255)) - client-D2340BF4DD29->f9fecd82-c7ae-483e-b259-6428f2dfb240: receive RaftClientReply:client-D2340BF4DD29->f9fecd82-c7ae-483e-b259-6428f2dfb240@group-7DE138E597A5, cid=3222, SUCCESS, logIndex=0, commits[f9fecd82-c7ae-483e-b259-6428f2dfb240:c4869, adbfec77-7a0d-4773-aa56-ba0b778d0ab5:c4868, 90c45227-141f-43fe-b831-a2b91b39d6b0:c4868]
2019-07-14 06:26:13,588 INFO  client.GrpcClientProtocolClient (GrpcClientProtocolClient.java:onNext(255)) - client-D2340BF4DD29->f9fecd82-c7ae-483e-b259-6428f2dfb240: receive RaftClientReply:client-D2340BF4DD29->f9fecd82-c7ae-483e-b259-6428f2dfb240@group-7DE138E597A5, cid=3223, SUCCESS, logIndex=4870, commits[f9fecd82-c7ae-483e-b259-6428f2dfb240:c4871, adbfec77-7a0d-4773-aa56-ba0b778d0ab5:c4869, 90c45227-141f-43fe-b831-a2b91b39d6b0:c4869]
2019-07-14 06:26:13,588 INFO  client.GrpcClientProtocolClient (GrpcClientProtocolClient.java:onNext(255)) - client-D2340BF4DD29->f9fecd82-c7ae-483e-b259-6428f2dfb240: receive RaftClientReply:client-D2340BF4DD29->f9fecd82-c7ae-483e-b259-6428f2dfb240@group-7DE138E597A5, cid=3224, SUCCESS, logIndex=4871, commits[f9fecd82-c7ae-483e-b259-6428f2dfb240:c4872, adbfec77-7a0d-4773-aa56-ba0b778d0ab5:c4869, 90c45227-141f-43fe-b831-a2b91b39d6b0:c4869]
2019-07-14 06:26:13,589 INFO  client.GrpcClientProtocolClient (GrpcClientProtocolClient.java:onNext(255)) - client-D2340BF4DD29->f9fecd82-c7ae-483e-b259-6428f2dfb240: receive RaftClientReply:client-D2340BF4DD29->f9fecd82-c7ae-483e-b259-6428f2dfb240@group-7DE138E597A5, cid=3225, SUCCESS, logIndex=4872, commits[f9fecd82-c7ae-483e-b259-6428f2dfb240:c4873, adbfec77-7a0d-4773-aa56-ba0b778d0ab5:c4869, 90c45227-141f-43fe-b831-a2b91b39d6b0:c4869]
2019-07-14 06:26:13,589 INFO  client.GrpcClientProtocolClient (GrpcClientProtocolClient.java:onNext(255)) - client-D2340BF4DD29->f9fecd82-c7ae-483e-b259-6428f2dfb240: receive RaftClientReply:client-D2340BF4DD29->f9fecd82-c7ae-483e-b259-6428f2dfb240@group-7DE138E597A5, cid=3226, SUCCESS, logIndex=4873, commits[f9fecd82-c7ae-483e-b259-6428f2dfb240:c4873, adbfec77-7a0d-4773-aa56-ba0b778d0ab5:c4869, 90c45227-141f-43fe-b831-a2b91b39d6b0:c4869]
2019-07-14 06:26:13,591 INFO  client.GrpcClientProtocolClient (GrpcClientProtocolClient.java:onNext(255)) - client-D2340BF4DD29->f9fecd82-c7ae-483e-b259-6428f2dfb240: receive RaftClientReply:client-D2340BF4DD29->f9fecd82-c7ae-483e-b259-6428f2dfb240@group-7DE138E597A5, cid=3227, SUCCESS, logIndex=0, commits[f9fecd82-c7ae-483e-b259-6428f2dfb240:c4875, adbfec77-7a0d-4773-aa56-ba0b778d0ab5:c4871, 90c45227-141f-43fe-b831-a2b91b39d6b0:c4871]
2019-07-14 06:26:13,610 INFO  client.GrpcClientProtocolClient (GrpcClientProtocolClient.java:onNext(255)) - client-D2340BF4DD29->f9fecd82-c7ae-483e-b259-6428f2dfb240: receive RaftClientReply:client-D2340BF4DD29->f9fecd82-c7ae-483e-b259-6428f2dfb240@group-7DE138E597A5, cid=3228, SUCCESS, logIndex=4878, commits[f9fecd82-c7ae-483e-b259-6428f2dfb240:c4879, adbfec77-7a0d-4773-aa56-ba0b778d0ab5:c4877, 90c45227-141f-43fe-b831-a2b91b39d6b0:c4877]
2019-07-14 06:26:13,611 INFO  client.GrpcClientProtocolClient (GrpcClientProtocolClient.java:onNext(255)) - client-D2340BF4DD29->f9fecd82-c7ae-483e-b259-6428f2dfb240: receive RaftClientReply:client-D2340BF4DD29->f9fecd82-c7ae-483e-b259-6428f2dfb240@group-7DE138E597A5, cid=3229, SUCCESS, logIndex=4879, commits[f9fecd82-c7ae-483e-b259-6428f2dfb240:c4879, adbfec77-7a0d-4773-aa56-ba0b778d0ab5:c4877, 90c45227-141f-43fe-b831-a2b91b39d6b0:c4877]
2019-07-14 06:26:13,623 INFO  client.GrpcClientProtocolClient (GrpcClientProtocolClient.java:onNext(255)) - client-D2340BF4DD29->f9fecd82-c7ae-483e-b259-6428f2dfb240: receive RaftClientReply:client-D2340BF4DD29->f9fecd82-c7ae-483e-b259-6428f2dfb240@group-7DE138E597A5, cid=3230, SUCCESS, logIndex=4882, commits[f9fecd82-c7ae-483e-b259-6428f2dfb240:c4883, adbfec77-7a0d-4773-aa56-ba0b778d0ab5:c4879, 90c45227-141f-43fe-b831-a2b91b39d6b0:c4879]
2019-07-14 06:26:13,624 INFO  client.GrpcClientProtocolClient (GrpcClientProtocolClient.java:onNext(255)) - client-D2340BF4DD29->f9fecd82-c7ae-483e-b259-6428f2dfb240: receive RaftClientReply:client-D2340BF4DD29->f9fecd82-c7ae-483e-b259-6428f2dfb240@group-7DE138E597A5, cid=3231, SUCCESS, logIndex=4883, commits[f9fecd82-c7ae-483e-b259-6428f2dfb240:c4883, adbfec77-7a0d-4773-aa56-ba0b778d0ab5:c4879, 90c45227-141f-43fe-b831-a2b91b39d6b0:c4879]
2019-07-14 06:26:13,626 INFO  client.GrpcClientProtocolClient (GrpcClientProtocolClient.java:onNext(255)) - client-D2340BF4DD29->f9fecd82-c7ae-483e-b259-6428f2dfb240: receive RaftClientReply:client-D2340BF4DD29->f9fecd82-c7ae-483e-b259-6428f2dfb240@group-7DE138E597A5, cid=3232, SUCCESS, logIndex=0, commits[f9fecd82-c7ae-483e-b259-6428f2dfb240:c4884, adbfec77-7a0d-4773-aa56-ba0b778d0ab5:c4883, 90c45227-141f-43fe-b831-a2b91b39d6b0:c4883]
 0.00% |█                                                                                                    |  0/1 Time: 0:00:282019-07-14 06:26:14,183 INFO  client.GrpcClientProtocolClient (GrpcClientProtocolClient.java:onNext(255)) - client-D2340BF4DD29->f9fecd82-c7ae-483e-b259-6428f2dfb240: receive RaftClientReply:client-D2340BF4DD29->f9fecd82-c7ae-483e-b259-6428f2dfb240@group-7DE138E597A5, cid=3233, SUCCESS, logIndex=4886, commits[f9fecd82-c7ae-483e-b259-6428f2dfb240:c4887, adbfec77-7a0d-4773-aa56-ba0b778d0ab5:c4885, 90c45227-141f-43fe-b831-a2b91b39d6b0:c4885]
2019-07-14 06:26:14,184 INFO  client.GrpcClientProtocolClient (GrpcClientProtocolClient.java:onNext(255)) - client-D2340BF4DD29->f9fecd82-c7ae-483e-b259-6428f2dfb240: receive RaftClientReply:client-D2340BF4DD29->f9fecd82-c7ae-483e-b259-6428f2dfb240@group-7DE138E597A5, cid=3234, SUCCESS, logIndex=4887, commits[f9fecd82-c7ae-483e-b259-6428f2dfb240:c4887, adbfec77-7a0d-4773-aa56-ba0b778d0ab5:c4885, 90c45227-141f-43fe-b831-a2b91b39d6b0:c4885]
2019-07-14 06:26:14,193 INFO  client.GrpcClientProtocolClient (GrpcClientProtocolClient.java:onNext(255)) - client-D2340BF4DD29->f9fecd82-c7ae-483e-b259-6428f2dfb240: receive RaftClientReply:client-D2340BF4DD29->f9fecd82-c7ae-483e-b259-6428f2dfb240@group-7DE138E597A5, cid=3235, SUCCESS, logIndex=4888, commits[f9fecd82-c7ae-483e-b259-6428f2dfb240:c4889, adbfec77-7a0d-4773-aa56-ba0b778d0ab5:c4885, 90c45227-141f-43fe-b831-a2b91b39d6b0:c4885]
2019-07-14 06:26:14,193 INFO  client.GrpcClientProtocolClient (GrpcClientProtocolClient.java:onNext(255)) - client-D2340BF4DD29->f9fecd82-c7ae-483e-b259-6428f2dfb240: receive RaftClientReply:client-D2340BF4DD29->f9fecd82-c7ae-483e-b259-6428f2dfb240@group-7DE138E597A5, cid=3236, SUCCESS, logIndex=4889, commits[f9fecd82-c7ae-483e-b259-6428f2dfb240:c4889, adbfec77-7a0d-4773-aa56-ba0b778d0ab5:c4885, 90c45227-141f-43fe-b831-a2b91b39d6b0:c4886]
2019-07-14 06:26:14,194 INFO  client.GrpcClientProtocolClient (GrpcClientProtocolClient.java:onNext(255)) - client-D2340BF4DD29->f9fecd82-c7ae-483e-b259-6428f2dfb240: receive RaftClientReply:client-D2340BF4DD29->f9fecd82-c7ae-483e-b259-6428f2dfb240@group-7DE138E597A5, cid=3237, SUCCESS, logIndex=0, commits[f9fecd82-c7ae-483e-b259-6428f2dfb240:c4891, adbfec77-7a0d-4773-aa56-ba0b778d0ab5:c4887, 90c45227-141f-43fe-b831-a2b91b39d6b0:c4887]
2019-07-14 06:26:14,215 INFO  client.GrpcClientProtocolClient (GrpcClientProtocolClient.java:onNext(255)) - client-D2340BF4DD29->f9fecd82-c7ae-483e-b259-6428f2dfb240: receive RaftClientReply:client-D2340BF4DD29->f9fecd82-c7ae-483e-b259-6428f2dfb240@group-7DE138E597A5, cid=3238, SUCCESS, logIndex=4894, commits[f9fecd82-c7ae-483e-b259-6428f2dfb240:c4895, adbfec77-7a0d-4773-aa56-ba0b778d0ab5:c4893, 90c45227-141f-43fe-b831-a2b91b39d6b0:c4893]
2019-07-14 06:26:14,215 INFO  client.GrpcClientProtocolClient (GrpcClientProtocolClient.java:onNext(255)) - client-D2340BF4DD29->f9fecd82-c7ae-483e-b259-6428f2dfb240: receive RaftClientReply:client-D2340BF4DD29->f9fecd82-c7ae-483e-b259-6428f2dfb240@group-7DE138E597A5, cid=3239, SUCCESS, logIndex=4895, commits[f9fecd82-c7ae-483e-b259-6428f2dfb240:c4895, adbfec77-7a0d-4773-aa56-ba0b778d0ab5:c4893, 90c45227-141f-43fe-b831-a2b91b39d6b0:c4893]
2019-07-14 06:26:14,229 INFO  client.GrpcClientProtocolClient (GrpcClientProtocolClient.java:onNext(255)) - client-D2340BF4DD29->f9fecd82-c7ae-483e-b259-6428f2dfb240: receive RaftClientReply:client-D2340BF4DD29->f9fecd82-c7ae-483e-b259-6428f2dfb240@group-7DE138E597A5, cid=3240, SUCCESS, logIndex=4898, commits[f9fecd82-c7ae-483e-b259-6428f2dfb240:c4899, adbfec77-7a0d-4773-aa56-ba0b778d0ab5:c4895, 90c45227-141f-43fe-b831-a2b91b39d6b0:c4895]
2019-07-14 06:26:14,229 INFO  client.GrpcClientProtocolClient (GrpcClientProtocolClient.java:onNext(255)) - client-D2340BF4DD29->f9fecd82-c7ae-483e-b259-6428f2dfb240: receive RaftClientReply:client-D2340BF4DD29->f9fecd82-c7ae-483e-b259-6428f2dfb240@group-7DE138E597A5, cid=3241, SUCCESS, logIndex=4899, commits[f9fecd82-c7ae-483e-b259-6428f2dfb240:c4899, adbfec77-7a0d-4773-aa56-ba0b778d0ab5:c4895, 90c45227-141f-43fe-b831-a2b91b39d6b0:c4895]
2019-07-14 06:26:14,243 INFO  client.GrpcClientProtocolClient (GrpcClientProtocolClient.java:onNext(255)) - client-D2340BF4DD29->f9fecd82-c7ae-483e-b259-6428f2dfb240: receive RaftClientReply:client-D2340BF4DD29->f9fecd82-c7ae-483e-b259-6428f2dfb240@group-7DE138E597A5, cid=3242, SUCCESS, logIndex=0, commits[f9fecd82-c7ae-483e-b259-6428f2dfb240:c4900, adbfec77-7a0d-4773-aa56-ba0b778d0ab5:c4899, 90c45227-141f-43fe-b831-a2b91b39d6b0:c4899]
2019-07-14 06:26:14,274 INFO  client.GrpcClientProtocolClient (GrpcClientProtocolClient.java:onNext(255)) - client-D2340BF4DD29->f9fecd82-c7ae-483e-b259-6428f2dfb240: receive RaftClientReply:client-D2340BF4DD29->f9fecd82-c7ae-483e-b259-6428f2dfb240@group-7DE138E597A5, cid=3243, SUCCESS, logIndex=4902, commits[f9fecd82-c7ae-483e-b259-6428f2dfb240:c4903, adbfec77-7a0d-4773-aa56-ba0b778d0ab5:c4901, 90c45227-141f-43fe-b831-a2b91b39d6b0:c4901]
2019-07-14 06:26:14,275 INFO  client.GrpcClientProtocolClient (GrpcClientProtocolClient.java:onNext(255)) - client-D2340BF4DD29->f9fecd82-c7ae-483e-b259-6428f2dfb240: receive RaftClientReply:client-D2340BF4DD29->f9fecd82-c7ae-483e-b259-6428f2dfb240@group-7DE138E597A5, cid=3244, SUCCESS, logIndex=4903, commits[f9fecd82-c7ae-483e-b259-6428f2dfb240:c4905, adbfec77-7a0d-4773-aa56-ba0b778d0ab5:c4901, 90c45227-141f-43fe-b831-a2b91b39d6b0:c4901]
2019-07-14 06:26:14,275 INFO  client.GrpcClientProtocolClient (GrpcClientProtocolClient.java:onNext(255)) - client-D2340BF4DD29->f9fecd82-c7ae-483e-b259-6428f2dfb240: receive RaftClientReply:client-D2340BF4DD29->f9fecd82-c7ae-483e-b259-6428f2dfb240@group-7DE138E597A5, cid=3245, SUCCESS, logIndex=4904, commits[f9fecd82-c7ae-483e-b259-6428f2dfb240:c4905, adbfec77-7a0d-4773-aa56-ba0b778d0ab5:c4901, 90c45227-141f-43fe-b831-a2b91b39d6b0:c4901]
2019-07-14 06:26:14,276 INFO  client.GrpcClientProtocolClient (GrpcClientProtocolClient.java:onNext(255)) - client-D2340BF4DD29->f9fecd82-c7ae-483e-b259-6428f2dfb240: receive RaftClientReply:client-D2340BF4DD29->f9fecd82-c7ae-483e-b259-6428f2dfb240@group-7DE138E597A5, cid=3246, SUCCESS, logIndex=4905, commits[f9fecd82-c7ae-483e-b259-6428f2dfb240:c4905, adbfec77-7a0d-4773-aa56-ba0b778d0ab5:c4901, 90c45227-141f-43fe-b831-a2b91b39d6b0:c4901]
2019-07-14 06:26:14,277 INFO  client.GrpcClientProtocolClient (GrpcClientProtocolClient.java:onNext(255)) - client-D2340BF4DD29->f9fecd82-c7ae-483e-b259-6428f2dfb240: receive RaftClientReply:client-D2340BF4DD29->f9fecd82-c7ae-483e-b259-6428f2dfb240@group-7DE138E597A5, cid=3247, SUCCESS, logIndex=0, commits[f9fecd82-c7ae-483e-b259-6428f2dfb240:c4907, adbfec77-7a0d-4773-aa56-ba0b778d0ab5:c4903, 90c45227-141f-43fe-b831-a2b91b39d6b0:c4903]
2019-07-14 06:26:14,297 INFO  client.GrpcClientProtocolClient (GrpcClientProtocolClient.java:onNext(255)) - client-D2340BF4DD29->f9fecd82-c7ae-483e-b259-6428f2dfb240: receive RaftClientReply:client-D2340BF4DD29->f9fecd82-c7ae-483e-b259-6428f2dfb240@group-7DE138E597A5, cid=3248, SUCCESS, logIndex=4910, commits[f9fecd82-c7ae-483e-b259-6428f2dfb240:c4911, adbfec77-7a0d-4773-aa56-ba0b778d0ab5:c4909, 90c45227-141f-43fe-b831-a2b91b39d6b0:c4909]
2019-07-14 06:26:14,298 INFO  client.GrpcClientProtocolClient (GrpcClientProtocolClient.java:onNext(255)) - client-D2340BF4DD29->f9fecd82-c7ae-483e-b259-6428f2dfb240: receive RaftClientReply:client-D2340BF4DD29->f9fecd82-c7ae-483e-b259-6428f2dfb240@group-7DE138E597A5, cid=3249, SUCCESS, logIndex=4911, commits[f9fecd82-c7ae-483e-b259-6428f2dfb240:c4911, adbfec77-7a0d-4773-aa56-ba0b778d0ab5:c4909, 90c45227-141f-43fe-b831-a2b91b39d6b0:c4909]
2019-07-14 06:26:14,311 INFO  client.GrpcClientProtocolClient (GrpcClientProtocolClient.java:onNext(255)) - client-D2340BF4DD29->f9fecd82-c7ae-483e-b259-6428f2dfb240: receive RaftClientReply:client-D2340BF4DD29->f9fecd82-c7ae-483e-b259-6428f2dfb240@group-7DE138E597A5, cid=3250, SUCCESS, logIndex=4914, commits[f9fecd82-c7ae-483e-b259-6428f2dfb240:c4914, adbfec77-7a0d-4773-aa56-ba0b778d0ab5:c4911, 90c45227-141f-43fe-b831-a2b91b39d6b0:c4911]
2019-07-14 06:26:14,311 INFO  client.GrpcClientProtocolClient (GrpcClientProtocolClient.java:onNext(255)) - client-D2340BF4DD29->f9fecd82-c7ae-483e-b259-6428f2dfb240: receive RaftClientReply:client-D2340BF4DD29->f9fecd82-c7ae-483e-b259-6428f2dfb240@group-7DE138E597A5, cid=3251, SUCCESS, logIndex=4915, commits[f9fecd82-c7ae-483e-b259-6428f2dfb240:c4915, adbfec77-7a0d-4773-aa56-ba0b778d0ab5:c4911, 90c45227-141f-43fe-b831-a2b91b39d6b0:c4911]
2019-07-14 06:26:14,324 INFO  client.GrpcClientProtocolClient (GrpcClientProtocolClient.java:onNext(255)) - client-D2340BF4DD29->f9fecd82-c7ae-483e-b259-6428f2dfb240: receive RaftClientReply:client-D2340BF4DD29->f9fecd82-c7ae-483e-b259-6428f2dfb240@group-7DE138E597A5, cid=3252, SUCCESS, logIndex=0, commits[f9fecd82-c7ae-483e-b259-6428f2dfb240:c4917, adbfec77-7a0d-4773-aa56-ba0b778d0ab5:c4915, 90c45227-141f-43fe-b831-a2b91b39d6b0:c4915]
2019-07-14 06:26:14,356 INFO  client.GrpcClientProtocolClient (GrpcClientProtocolClient.java:onNext(255)) - client-D2340BF4DD29->f9fecd82-c7ae-483e-b259-6428f2dfb240: receive RaftClientReply:client-D2340BF4DD29->f9fecd82-c7ae-483e-b259-6428f2dfb240@group-7DE138E597A5, cid=3253, SUCCESS, logIndex=4918, commits[f9fecd82-c7ae-483e-b259-6428f2dfb240:c4919, adbfec77-7a0d-4773-aa56-ba0b778d0ab5:c4917, 90c45227-141f-43fe-b831-a2b91b39d6b0:c4917]
2019-07-14 06:26:14,357 INFO  client.GrpcClientProtocolClient (GrpcClientProtocolClient.java:onNext(255)) - client-D2340BF4DD29->f9fecd82-c7ae-483e-b259-6428f2dfb240: receive RaftClientReply:client-D2340BF4DD29->f9fecd82-c7ae-483e-b259-6428f2dfb240@group-7DE138E597A5, cid=3254, SUCCESS, logIndex=4919, commits[f9fecd82-c7ae-483e-b259-6428f2dfb240:c4921, adbfec77-7a0d-4773-aa56-ba0b778d0ab5:c4917, 90c45227-141f-43fe-b831-a2b91b39d6b0:c4917]
2019-07-14 06:26:14,357 INFO  client.GrpcClientProtocolClient (GrpcClientProtocolClient.java:onNext(255)) - client-D2340BF4DD29->f9fecd82-c7ae-483e-b259-6428f2dfb240: receive RaftClientReply:client-D2340BF4DD29->f9fecd82-c7ae-483e-b259-6428f2dfb240@group-7DE138E597A5, cid=3255, SUCCESS, logIndex=4920, commits[f9fecd82-c7ae-483e-b259-6428f2dfb240:c4921, adbfec77-7a0d-4773-aa56-ba0b778d0ab5:c4917, 90c45227-141f-43fe-b831-a2b91b39d6b0:c4917]
2019-07-14 06:26:14,357 INFO  client.GrpcClientProtocolClient (GrpcClientProtocolClient.java:onNext(255)) - client-D2340BF4DD29->f9fecd82-c7ae-483e-b259-6428f2dfb240: receive RaftClientReply:client-D2340BF4DD29->f9fecd82-c7ae-483e-b259-6428f2dfb240@group-7DE138E597A5, cid=3256, SUCCESS, logIndex=4921, commits[f9fecd82-c7ae-483e-b259-6428f2dfb240:c4921, adbfec77-7a0d-4773-aa56-ba0b778d0ab5:c4917, 90c45227-141f-43fe-b831-a2b91b39d6b0:c4917]
2019-07-14 06:26:14,358 INFO  client.GrpcClientProtocolClient (GrpcClientProtocolClient.java:onNext(255)) - client-D2340BF4DD29->f9fecd82-c7ae-483e-b259-6428f2dfb240: receive RaftClientReply:client-D2340BF4DD29->f9fecd82-c7ae-483e-b259-6428f2dfb240@group-7DE138E597A5, cid=3257, SUCCESS, logIndex=0, commits[f9fecd82-c7ae-483e-b259-6428f2dfb240:c4922, adbfec77-7a0d-4773-aa56-ba0b778d0ab5:c4919, 90c45227-141f-43fe-b831-a2b91b39d6b0:c4919]
2019-07-14 06:26:14,371 INFO  client.GrpcClientProtocolClient (GrpcClientProtocolClient.java:onNext(255)) - client-D2340BF4DD29->f9fecd82-c7ae-483e-b259-6428f2dfb240: receive RaftClientReply:client-D2340BF4DD29->f9fecd82-c7ae-483e-b259-6428f2dfb240@group-7DE138E597A5, cid=3258, SUCCESS, logIndex=4926, commits[f9fecd82-c7ae-483e-b259-6428f2dfb240:c4927, adbfec77-7a0d-4773-aa56-ba0b778d0ab5:c4925, 90c45227-141f-43fe-b831-a2b91b39d6b0:c4921]
2019-07-14 06:26:14,372 INFO  client.GrpcClientProtocolClient (GrpcClientProtocolClient.java:onNext(255)) - client-D2340BF4DD29->f9fecd82-c7ae-483e-b259-6428f2dfb240: receive RaftClientReply:client-D2340BF4DD29->f9fecd82-c7ae-483e-b259-6428f2dfb240@group-7DE138E597A5, cid=3259, SUCCESS, logIndex=4927, commits[f9fecd82-c7ae-483e-b259-6428f2dfb240:c4927, adbfec77-7a0d-4773-aa56-ba0b778d0ab5:c4925, 90c45227-141f-43fe-b831-a2b91b39d6b0:c4925]
2019-07-14 06:26:14,384 INFO  client.GrpcClientProtocolClient (GrpcClientProtocolClient.java:onNext(255)) - client-D2340BF4DD29->f9fecd82-c7ae-483e-b259-6428f2dfb240: receive RaftClientReply:client-D2340BF4DD29->f9fecd82-c7ae-483e-b259-6428f2dfb240@group-7DE138E597A5, cid=3260, SUCCESS, logIndex=4930, commits[f9fecd82-c7ae-483e-b259-6428f2dfb240:c4931, adbfec77-7a0d-4773-aa56-ba0b778d0ab5:c4929, 90c45227-141f-43fe-b831-a2b91b39d6b0:c4929]
2019-07-14 06:26:14,385 INFO  client.GrpcClientProtocolClient (GrpcClientProtocolClient.java:onNext(255)) - client-D2340BF4DD29->f9fecd82-c7ae-483e-b259-6428f2dfb240: receive RaftClientReply:client-D2340BF4DD29->f9fecd82-c7ae-483e-b259-6428f2dfb240@group-7DE138E597A5, cid=3261, SUCCESS, logIndex=4931, commits[f9fecd82-c7ae-483e-b259-6428f2dfb240:c4931, adbfec77-7a0d-4773-aa56-ba0b778d0ab5:c4929, 90c45227-141f-43fe-b831-a2b91b39d6b0:c4929]
2019-07-14 06:26:14,386 INFO  client.GrpcClientProtocolClient (GrpcClientProtocolClient.java:onNext(255)) - client-D2340BF4DD29->f9fecd82-c7ae-483e-b259-6428f2dfb240: receive RaftClientReply:client-D2340BF4DD29->f9fecd82-c7ae-483e-b259-6428f2dfb240@group-7DE138E597A5, cid=3262, SUCCESS, logIndex=0, commits[f9fecd82-c7ae-483e-b259-6428f2dfb240:c4932, adbfec77-7a0d-4773-aa56-ba0b778d0ab5:c4931, 90c45227-141f-43fe-b831-a2b91b39d6b0:c4931]
2019-07-14 06:26:14,416 INFO  client.GrpcClientProtocolClient (GrpcClientProtocolClient.java:onNext(255)) - client-D2340BF4DD29->f9fecd82-c7ae-483e-b259-6428f2dfb240: receive RaftClientReply:client-D2340BF4DD29->f9fecd82-c7ae-483e-b259-6428f2dfb240@group-7DE138E597A5, cid=3263, SUCCESS, logIndex=4934, commits[f9fecd82-c7ae-483e-b259-6428f2dfb240:c4935, adbfec77-7a0d-4773-aa56-ba0b778d0ab5:c4933, 90c45227-141f-43fe-b831-a2b91b39d6b0:c4933]
2019-07-14 06:26:14,417 INFO  client.GrpcClientProtocolClient (GrpcClientProtocolClient.java:onNext(255)) - client-D2340BF4DD29->f9fecd82-c7ae-483e-b259-6428f2dfb240: receive RaftClientReply:client-D2340BF4DD29->f9fecd82-c7ae-483e-b259-6428f2dfb240@group-7DE138E597A5, cid=3264, SUCCESS, logIndex=4935, commits[f9fecd82-c7ae-483e-b259-6428f2dfb240:c4937, adbfec77-7a0d-4773-aa56-ba0b778d0ab5:c4933, 90c45227-141f-43fe-b831-a2b91b39d6b0:c4933]
2019-07-14 06:26:14,418 INFO  client.GrpcClientProtocolClient (GrpcClientProtocolClient.java:onNext(255)) - client-D2340BF4DD29->f9fecd82-c7ae-483e-b259-6428f2dfb240: receive RaftClientReply:client-D2340BF4DD29->f9fecd82-c7ae-483e-b259-6428f2dfb240@group-7DE138E597A5, cid=3265, SUCCESS, logIndex=4936, commits[f9fecd82-c7ae-483e-b259-6428f2dfb240:c4937, adbfec77-7a0d-4773-aa56-ba0b778d0ab5:c4933, 90c45227-141f-43fe-b831-a2b91b39d6b0:c4933]
2019-07-14 06:26:14,418 INFO  client.GrpcClientProtocolClient (GrpcClientProtocolClient.java:onNext(255)) - client-D2340BF4DD29->f9fecd82-c7ae-483e-b259-6428f2dfb240: receive RaftClientReply:client-D2340BF4DD29->f9fecd82-c7ae-483e-b259-6428f2dfb240@group-7DE138E597A5, cid=3266, SUCCESS, logIndex=4937, commits[f9fecd82-c7ae-483e-b259-6428f2dfb240:c4937, adbfec77-7a0d-4773-aa56-ba0b778d0ab5:c4933, 90c45227-141f-43fe-b831-a2b91b39d6b0:c4933]
2019-07-14 06:26:14,419 INFO  client.GrpcClientProtocolClient (GrpcClientProtocolClient.java:onNext(255)) - client-D2340BF4DD29->f9fecd82-c7ae-483e-b259-6428f2dfb240: receive RaftClientReply:client-D2340BF4DD29->f9fecd82-c7ae-483e-b259-6428f2dfb240@group-7DE138E597A5, cid=3267, SUCCESS, logIndex=0, commits[f9fecd82-c7ae-483e-b259-6428f2dfb240:c4939, adbfec77-7a0d-4773-aa56-ba0b778d0ab5:c4935, 90c45227-141f-43fe-b831-a2b91b39d6b0:c4935]
2019-07-14 06:26:14,439 INFO  client.GrpcClientProtocolClient (GrpcClientProtocolClient.java:onNext(255)) - client-D2340BF4DD29->f9fecd82-c7ae-483e-b259-6428f2dfb240: receive RaftClientReply:client-D2340BF4DD29->f9fecd82-c7ae-483e-b259-6428f2dfb240@group-7DE138E597A5, cid=3268, SUCCESS, logIndex=4941, commits[f9fecd82-c7ae-483e-b259-6428f2dfb240:c4942, adbfec77-7a0d-4773-aa56-ba0b778d0ab5:c4940, 90c45227-141f-43fe-b831-a2b91b39d6b0:c4940]
2019-07-14 06:26:14,440 INFO  client.GrpcClientProtocolClient (GrpcClientProtocolClient.java:onNext(255)) - client-D2340BF4DD29->f9fecd82-c7ae-483e-b259-6428f2dfb240: receive RaftClientReply:client-D2340BF4DD29->f9fecd82-c7ae-483e-b259-6428f2dfb240@group-7DE138E597A5, cid=3269, SUCCESS, logIndex=4942, commits[f9fecd82-c7ae-483e-b259-6428f2dfb240:c4942, adbfec77-7a0d-4773-aa56-ba0b778d0ab5:c4940, 90c45227-141f-43fe-b831-a2b91b39d6b0:c4940]
2019-07-14 06:26:14,463 INFO  client.GrpcClientProtocolClient (GrpcClientProtocolClient.java:onNext(255)) - client-D2340BF4DD29->f9fecd82-c7ae-483e-b259-6428f2dfb240: receive RaftClientReply:client-D2340BF4DD29->f9fecd82-c7ae-483e-b259-6428f2dfb240@group-7DE138E597A5, cid=3270, SUCCESS, logIndex=4945, commits[f9fecd82-c7ae-483e-b259-6428f2dfb240:c4946, adbfec77-7a0d-4773-aa56-ba0b778d0ab5:c4942, 90c45227-141f-43fe-b831-a2b91b39d6b0:c4942]
2019-07-14 06:26:14,463 INFO  client.GrpcClientProtocolClient (GrpcClientProtocolClient.java:onNext(255)) - client-D2340BF4DD29->f9fecd82-c7ae-483e-b259-6428f2dfb240: receive RaftClientReply:client-D2340BF4DD29->f9fecd82-c7ae-483e-b259-6428f2dfb240@group-7DE138E597A5, cid=3271, SUCCESS, logIndex=4946, commits[f9fecd82-c7ae-483e-b259-6428f2dfb240:c4946, adbfec77-7a0d-4773-aa56-ba0b778d0ab5:c4942, 90c45227-141f-43fe-b831-a2b91b39d6b0:c4942]
2019-07-14 06:26:14,465 INFO  client.GrpcClientProtocolClient (GrpcClientProtocolClient.java:onNext(255)) - client-D2340BF4DD29->f9fecd82-c7ae-483e-b259-6428f2dfb240: receive RaftClientReply:client-D2340BF4DD29->f9fecd82-c7ae-483e-b259-6428f2dfb240@group-7DE138E597A5, cid=3272, SUCCESS, logIndex=0, commits[f9fecd82-c7ae-483e-b259-6428f2dfb240:c4948, adbfec77-7a0d-4773-aa56-ba0b778d0ab5:c4946, 90c45227-141f-43fe-b831-a2b91b39d6b0:c4946]
2019-07-14 06:26:14,501 INFO  client.GrpcClientProtocolClient (GrpcClientProtocolClient.java:onNext(255)) - client-D2340BF4DD29->f9fecd82-c7ae-483e-b259-6428f2dfb240: receive RaftClientReply:client-D2340BF4DD29->f9fecd82-c7ae-483e-b259-6428f2dfb240@group-7DE138E597A5, cid=3273, SUCCESS, logIndex=4949, commits[f9fecd82-c7ae-483e-b259-6428f2dfb240:c4952, adbfec77-7a0d-4773-aa56-ba0b778d0ab5:c4946, 90c45227-141f-43fe-b831-a2b91b39d6b0:c4948]
2019-07-14 06:26:14,502 INFO  client.GrpcClientProtocolClient (GrpcClientProtocolClient.java:onNext(255)) - client-D2340BF4DD29->f9fecd82-c7ae-483e-b259-6428f2dfb240: receive RaftClientReply:client-D2340BF4DD29->f9fecd82-c7ae-483e-b259-6428f2dfb240@group-7DE138E597A5, cid=3274, SUCCESS, logIndex=4950, commits[f9fecd82-c7ae-483e-b259-6428f2dfb240:c4952, adbfec77-7a0d-4773-aa56-ba0b778d0ab5:c4948, 90c45227-141f-43fe-b831-a2b91b39d6b0:c4948]
2019-07-14 06:26:14,503 INFO  client.GrpcClientProtocolClient (GrpcClientProtocolClient.java:onNext(255)) - client-D2340BF4DD29->f9fecd82-c7ae-483e-b259-6428f2dfb240: receive RaftClientReply:client-D2340BF4DD29->f9fecd82-c7ae-483e-b259-6428f2dfb240@group-7DE138E597A5, cid=3275, SUCCESS, logIndex=4951, commits[f9fecd82-c7ae-483e-b259-6428f2dfb240:c4952, adbfec77-7a0d-4773-aa56-ba0b778d0ab5:c4948, 90c45227-141f-43fe-b831-a2b91b39d6b0:c4948]
2019-07-14 06:26:14,503 INFO  client.GrpcClientProtocolClient (GrpcClientProtocolClient.java:onNext(255)) - client-D2340BF4DD29->f9fecd82-c7ae-483e-b259-6428f2dfb240: receive RaftClientReply:client-D2340BF4DD29->f9fecd82-c7ae-483e-b259-6428f2dfb240@group-7DE138E597A5, cid=3276, SUCCESS, logIndex=4952, commits[f9fecd82-c7ae-483e-b259-6428f2dfb240:c4952, adbfec77-7a0d-4773-aa56-ba0b778d0ab5:c4948, 90c45227-141f-43fe-b831-a2b91b39d6b0:c4948]
2019-07-14 06:26:14,505 INFO  client.GrpcClientProtocolClient (GrpcClientProtocolClient.java:onNext(255)) - client-D2340BF4DD29->f9fecd82-c7ae-483e-b259-6428f2dfb240: receive RaftClientReply:client-D2340BF4DD29->f9fecd82-c7ae-483e-b259-6428f2dfb240@group-7DE138E597A5, cid=3277, SUCCESS, logIndex=0, commits[f9fecd82-c7ae-483e-b259-6428f2dfb240:c4955, adbfec77-7a0d-4773-aa56-ba0b778d0ab5:c4950, 90c45227-141f-43fe-b831-a2b91b39d6b0:c4951]
2019-07-14 06:26:14,526 INFO  client.GrpcClientProtocolClient (GrpcClientProtocolClient.java:onNext(255)) - client-D2340BF4DD29->f9fecd82-c7ae-483e-b259-6428f2dfb240: receive RaftClientReply:client-D2340BF4DD29->f9fecd82-c7ae-483e-b259-6428f2dfb240@group-7DE138E597A5, cid=3278, SUCCESS, logIndex=4957, commits[f9fecd82-c7ae-483e-b259-6428f2dfb240:c4958, adbfec77-7a0d-4773-aa56-ba0b778d0ab5:c4956, 90c45227-141f-43fe-b831-a2b91b39d6b0:c4956]
2019-07-14 06:26:14,526 INFO  client.GrpcClientProtocolClient (GrpcClientProtocolClient.java:onNext(255)) - client-D2340BF4DD29->f9fecd82-c7ae-483e-b259-6428f2dfb240: receive RaftClientReply:client-D2340BF4DD29->f9fecd82-c7ae-483e-b259-6428f2dfb240@group-7DE138E597A5, cid=3279, SUCCESS, logIndex=4958, commits[f9fecd82-c7ae-483e-b259-6428f2dfb240:c4958, adbfec77-7a0d-4773-aa56-ba0b778d0ab5:c4956, 90c45227-141f-43fe-b831-a2b91b39d6b0:c4956]
2019-07-14 06:26:14,540 INFO  client.GrpcClientProtocolClient (GrpcClientProtocolClient.java:onNext(255)) - client-D2340BF4DD29->f9fecd82-c7ae-483e-b259-6428f2dfb240: receive RaftClientReply:client-D2340BF4DD29->f9fecd82-c7ae-483e-b259-6428f2dfb240@group-7DE138E597A5, cid=3280, SUCCESS, logIndex=4961, commits[f9fecd82-c7ae-483e-b259-6428f2dfb240:c4962, adbfec77-7a0d-4773-aa56-ba0b778d0ab5:c4958, 90c45227-141f-43fe-b831-a2b91b39d6b0:c4957]
2019-07-14 06:26:14,540 INFO  client.GrpcClientProtocolClient (GrpcClientProtocolClient.java:onNext(255)) - client-D2340BF4DD29->f9fecd82-c7ae-483e-b259-6428f2dfb240: receive RaftClientReply:client-D2340BF4DD29->f9fecd82-c7ae-483e-b259-6428f2dfb240@group-7DE138E597A5, cid=3281, SUCCESS, logIndex=4962, commits[f9fecd82-c7ae-483e-b259-6428f2dfb240:c4962, adbfec77-7a0d-4773-aa56-ba0b778d0ab5:c4958, 90c45227-141f-43fe-b831-a2b91b39d6b0:c4958]
2019-07-14 06:26:14,543 INFO  client.GrpcClientProtocolClient (GrpcClientProtocolClient.java:onNext(255)) - client-D2340BF4DD29->f9fecd82-c7ae-483e-b259-6428f2dfb240: receive RaftClientReply:client-D2340BF4DD29->f9fecd82-c7ae-483e-b259-6428f2dfb240@group-7DE138E597A5, cid=3282, SUCCESS, logIndex=0, commits[f9fecd82-c7ae-483e-b259-6428f2dfb240:c4964, adbfec77-7a0d-4773-aa56-ba0b778d0ab5:c4962, 90c45227-141f-43fe-b831-a2b91b39d6b0:c4962]
2019-07-14 06:26:14,612 INFO  client.GrpcClientProtocolClient (GrpcClientProtocolClient.java:onNext(255)) - client-D2340BF4DD29->f9fecd82-c7ae-483e-b259-6428f2dfb240: receive RaftClientReply:client-D2340BF4DD29->f9fecd82-c7ae-483e-b259-6428f2dfb240@group-7DE138E597A5, cid=3283, SUCCESS, logIndex=4965, commits[f9fecd82-c7ae-483e-b259-6428f2dfb240:c4966, adbfec77-7a0d-4773-aa56-ba0b778d0ab5:c4964, 90c45227-141f-43fe-b831-a2b91b39d6b0:c4964]
2019-07-14 06:26:14,613 INFO  client.GrpcClientProtocolClient (GrpcClientProtocolClient.java:onNext(255)) - client-D2340BF4DD29->f9fecd82-c7ae-483e-b259-6428f2dfb240: receive RaftClientReply:client-D2340BF4DD29->f9fecd82-c7ae-483e-b259-6428f2dfb240@group-7DE138E597A5, cid=3284, SUCCESS, logIndex=4966, commits[f9fecd82-c7ae-483e-b259-6428f2dfb240:c4966, adbfec77-7a0d-4773-aa56-ba0b778d0ab5:c4964, 90c45227-141f-43fe-b831-a2b91b39d6b0:c4964]
2019-07-14 06:26:14,630 INFO  client.GrpcClientProtocolClient (GrpcClientProtocolClient.java:onNext(255)) - client-D2340BF4DD29->f9fecd82-c7ae-483e-b259-6428f2dfb240: receive RaftClientReply:client-D2340BF4DD29->f9fecd82-c7ae-483e-b259-6428f2dfb240@group-7DE138E597A5, cid=3285, SUCCESS, logIndex=4967, commits[f9fecd82-c7ae-483e-b259-6428f2dfb240:c4968, adbfec77-7a0d-4773-aa56-ba0b778d0ab5:c4964, 90c45227-141f-43fe-b831-a2b91b39d6b0:c4964]
2019-07-14 06:26:14,631 INFO  client.GrpcClientProtocolClient (GrpcClientProtocolClient.java:onNext(255)) - client-D2340BF4DD29->f9fecd82-c7ae-483e-b259-6428f2dfb240: receive RaftClientReply:client-D2340BF4DD29->f9fecd82-c7ae-483e-b259-6428f2dfb240@group-7DE138E597A5, cid=3286, SUCCESS, logIndex=4968, commits[f9fecd82-c7ae-483e-b259-6428f2dfb240:c4968, adbfec77-7a0d-4773-aa56-ba0b778d0ab5:c4964, 90c45227-141f-43fe-b831-a2b91b39d6b0:c4964]
2019-07-14 06:26:14,632 INFO  client.GrpcClientProtocolClient (GrpcClientProtocolClient.java:onNext(255)) - client-D2340BF4DD29->f9fecd82-c7ae-483e-b259-6428f2dfb240: receive RaftClientReply:client-D2340BF4DD29->f9fecd82-c7ae-483e-b259-6428f2dfb240@group-7DE138E597A5, cid=3287, SUCCESS, logIndex=0, commits[f9fecd82-c7ae-483e-b259-6428f2dfb240:c4970, adbfec77-7a0d-4773-aa56-ba0b778d0ab5:c4966, 90c45227-141f-43fe-b831-a2b91b39d6b0:c4966]
2019-07-14 06:26:14,652 INFO  client.GrpcClientProtocolClient (GrpcClientProtocolClient.java:onNext(255)) - client-D2340BF4DD29->f9fecd82-c7ae-483e-b259-6428f2dfb240: receive RaftClientReply:client-D2340BF4DD29->f9fecd82-c7ae-483e-b259-6428f2dfb240@group-7DE138E597A5, cid=3288, SUCCESS, logIndex=4973, commits[f9fecd82-c7ae-483e-b259-6428f2dfb240:c4974, adbfec77-7a0d-4773-aa56-ba0b778d0ab5:c4972, 90c45227-141f-43fe-b831-a2b91b39d6b0:c4972]
2019-07-14 06:26:14,653 INFO  client.GrpcClientProtocolClient (GrpcClientProtocolClient.java:onNext(255)) - client-D2340BF4DD29->f9fecd82-c7ae-483e-b259-6428f2dfb240: receive RaftClientReply:client-D2340BF4DD29->f9fecd82-c7ae-483e-b259-6428f2dfb240@group-7DE138E597A5, cid=3289, SUCCESS, logIndex=4974, commits[f9fecd82-c7ae-483e-b259-6428f2dfb240:c4974, adbfec77-7a0d-4773-aa56-ba0b778d0ab5:c4972, 90c45227-141f-43fe-b831-a2b91b39d6b0:c4972]
2019-07-14 06:26:14,666 INFO  client.GrpcClientProtocolClient (GrpcClientProtocolClient.java:onNext(255)) - client-D2340BF4DD29->f9fecd82-c7ae-483e-b259-6428f2dfb240: receive RaftClientReply:client-D2340BF4DD29->f9fecd82-c7ae-483e-b259-6428f2dfb240@group-7DE138E597A5, cid=3290, SUCCESS, logIndex=4977, commits[f9fecd82-c7ae-483e-b259-6428f2dfb240:c4978, adbfec77-7a0d-4773-aa56-ba0b778d0ab5:c4974, 90c45227-141f-43fe-b831-a2b91b39d6b0:c4974]
2019-07-14 06:26:14,666 INFO  client.GrpcClientProtocolClient (GrpcClientProtocolClient.java:onNext(255)) - client-D2340BF4DD29->f9fecd82-c7ae-483e-b259-6428f2dfb240: receive RaftClientReply:client-D2340BF4DD29->f9fecd82-c7ae-483e-b259-6428f2dfb240@group-7DE138E597A5, cid=3291, SUCCESS, logIndex=4978, commits[f9fecd82-c7ae-483e-b259-6428f2dfb240:c4978, adbfec77-7a0d-4773-aa56-ba0b778d0ab5:c4974, 90c45227-141f-43fe-b831-a2b91b39d6b0:c4974]
2019-07-14 06:26:14,678 INFO  client.GrpcClientProtocolClient (GrpcClientProtocolClient.java:onNext(255)) - client-D2340BF4DD29->f9fecd82-c7ae-483e-b259-6428f2dfb240: receive RaftClientReply:client-D2340BF4DD29->f9fecd82-c7ae-483e-b259-6428f2dfb240@group-7DE138E597A5, cid=3292, SUCCESS, logIndex=0, commits[f9fecd82-c7ae-483e-b259-6428f2dfb240:c4979, adbfec77-7a0d-4773-aa56-ba0b778d0ab5:c4978, 90c45227-141f-43fe-b831-a2b91b39d6b0:c4978]
2019-07-14 06:26:14,704 INFO  client.GrpcClientProtocolClient (GrpcClientProtocolClient.java:onNext(255)) - client-D2340BF4DD29->f9fecd82-c7ae-483e-b259-6428f2dfb240: receive RaftClientReply:client-D2340BF4DD29->f9fecd82-c7ae-483e-b259-6428f2dfb240@group-7DE138E597A5, cid=3293, SUCCESS, logIndex=4981, commits[f9fecd82-c7ae-483e-b259-6428f2dfb240:c4981, adbfec77-7a0d-4773-aa56-ba0b778d0ab5:c4980, 90c45227-141f-43fe-b831-a2b91b39d6b0:c4980]
2019-07-14 06:26:14,704 INFO  client.GrpcClientProtocolClient (GrpcClientProtocolClient.java:onNext(255)) - client-D2340BF4DD29->f9fecd82-c7ae-483e-b259-6428f2dfb240: receive RaftClientReply:client-D2340BF4DD29->f9fecd82-c7ae-483e-b259-6428f2dfb240@group-7DE138E597A5, cid=3294, SUCCESS, logIndex=4982, commits[f9fecd82-c7ae-483e-b259-6428f2dfb240:c4984, adbfec77-7a0d-4773-aa56-ba0b778d0ab5:c4980, 90c45227-141f-43fe-b831-a2b91b39d6b0:c4980]
2019-07-14 06:26:14,704 INFO  client.GrpcClientProtocolClient (GrpcClientProtocolClient.java:onNext(255)) - client-D2340BF4DD29->f9fecd82-c7ae-483e-b259-6428f2dfb240: receive RaftClientReply:client-D2340BF4DD29->f9fecd82-c7ae-483e-b259-6428f2dfb240@group-7DE138E597A5, cid=3295, SUCCESS, logIndex=4983, commits[f9fecd82-c7ae-483e-b259-6428f2dfb240:c4984, adbfec77-7a0d-4773-aa56-ba0b778d0ab5:c4980, 90c45227-141f-43fe-b831-a2b91b39d6b0:c4980]
2019-07-14 06:26:14,705 INFO  client.GrpcClientProtocolClient (GrpcClientProtocolClient.java:onNext(255)) - client-D2340BF4DD29->f9fecd82-c7ae-483e-b259-6428f2dfb240: receive RaftClientReply:client-D2340BF4DD29->f9fecd82-c7ae-483e-b259-6428f2dfb240@group-7DE138E597A5, cid=3296, SUCCESS, logIndex=4984, commits[f9fecd82-c7ae-483e-b259-6428f2dfb240:c4984, adbfec77-7a0d-4773-aa56-ba0b778d0ab5:c4980, 90c45227-141f-43fe-b831-a2b91b39d6b0:c4980]
2019-07-14 06:26:14,716 INFO  client.GrpcClientProtocolClient (GrpcClientProtocolClient.java:onNext(255)) - client-D2340BF4DD29->f9fecd82-c7ae-483e-b259-6428f2dfb240: receive RaftClientReply:client-D2340BF4DD29->f9fecd82-c7ae-483e-b259-6428f2dfb240@group-7DE138E597A5, cid=3297, SUCCESS, logIndex=0, commits[f9fecd82-c7ae-483e-b259-6428f2dfb240:c4986, adbfec77-7a0d-4773-aa56-ba0b778d0ab5:c4984, 90c45227-141f-43fe-b831-a2b91b39d6b0:c4984]
2019-07-14 06:26:14,730 INFO  client.GrpcClientProtocolClient (GrpcClientProtocolClient.java:onNext(255)) - client-D2340BF4DD29->f9fecd82-c7ae-483e-b259-6428f2dfb240: receive RaftClientReply:client-D2340BF4DD29->f9fecd82-c7ae-483e-b259-6428f2dfb240@group-7DE138E597A5, cid=3298, SUCCESS, logIndex=4987, commits[f9fecd82-c7ae-483e-b259-6428f2dfb240:c4987, adbfec77-7a0d-4773-aa56-ba0b778d0ab5:c4986, 90c45227-141f-43fe-b831-a2b91b39d6b0:c4986]
2019-07-14 06:26:14,730 INFO  client.GrpcClientProtocolClient (GrpcClientProtocolClient.java:onNext(255)) - client-D2340BF4DD29->f9fecd82-c7ae-483e-b259-6428f2dfb240: receive RaftClientReply:client-D2340BF4DD29->f9fecd82-c7ae-483e-b259-6428f2dfb240@group-7DE138E597A5, cid=3299, SUCCESS, logIndex=4988, commits[f9fecd82-c7ae-483e-b259-6428f2dfb240:c4988, adbfec77-7a0d-4773-aa56-ba0b778d0ab5:c4986, 90c45227-141f-43fe-b831-a2b91b39d6b0:c4986]
2019-07-14 06:26:14,743 INFO  client.GrpcClientProtocolClient (GrpcClientProtocolClient.java:onNext(255)) - client-D2340BF4DD29->f9fecd82-c7ae-483e-b259-6428f2dfb240: receive RaftClientReply:client-D2340BF4DD29->f9fecd82-c7ae-483e-b259-6428f2dfb240@group-7DE138E597A5, cid=3300, SUCCESS, logIndex=4991, commits[f9fecd82-c7ae-483e-b259-6428f2dfb240:c4992, adbfec77-7a0d-4773-aa56-ba0b778d0ab5:c4988, 90c45227-141f-43fe-b831-a2b91b39d6b0:c4988]
2019-07-14 06:26:14,744 INFO  client.GrpcClientProtocolClient (GrpcClientProtocolClient.java:onNext(255)) - client-D2340BF4DD29->f9fecd82-c7ae-483e-b259-6428f2dfb240: receive RaftClientReply:client-D2340BF4DD29->f9fecd82-c7ae-483e-b259-6428f2dfb240@group-7DE138E597A5, cid=3301, SUCCESS, logIndex=4992, commits[f9fecd82-c7ae-483e-b259-6428f2dfb240:c4992, adbfec77-7a0d-4773-aa56-ba0b778d0ab5:c4988, 90c45227-141f-43fe-b831-a2b91b39d6b0:c4988]
2019-07-14 06:26:14,755 INFO  client.GrpcClientProtocolClient (GrpcClientProtocolClient.java:onNext(255)) - client-D2340BF4DD29->f9fecd82-c7ae-483e-b259-6428f2dfb240: receive RaftClientReply:client-D2340BF4DD29->f9fecd82-c7ae-483e-b259-6428f2dfb240@group-7DE138E597A5, cid=3302, SUCCESS, logIndex=0, commits[f9fecd82-c7ae-483e-b259-6428f2dfb240:c4993, adbfec77-7a0d-4773-aa56-ba0b778d0ab5:c4992, 90c45227-141f-43fe-b831-a2b91b39d6b0:c4992]
2019-07-14 06:26:14,777 INFO  client.GrpcClientProtocolClient (GrpcClientProtocolClient.java:onNext(255)) - client-D2340BF4DD29->f9fecd82-c7ae-483e-b259-6428f2dfb240: receive RaftClientReply:client-D2340BF4DD29->f9fecd82-c7ae-483e-b259-6428f2dfb240@group-7DE138E597A5, cid=3303, SUCCESS, logIndex=4995, commits[f9fecd82-c7ae-483e-b259-6428f2dfb240:c4996, adbfec77-7a0d-4773-aa56-ba0b778d0ab5:c4994, 90c45227-141f-43fe-b831-a2b91b39d6b0:c4992]
2019-07-14 06:26:14,777 INFO  client.GrpcClientProtocolClient (GrpcClientProtocolClient.java:onNext(255)) - client-D2340BF4DD29->f9fecd82-c7ae-483e-b259-6428f2dfb240: receive RaftClientReply:client-D2340BF4DD29->f9fecd82-c7ae-483e-b259-6428f2dfb240@group-7DE138E597A5, cid=3304, SUCCESS, logIndex=4996, commits[f9fecd82-c7ae-483e-b259-6428f2dfb240:c4996, adbfec77-7a0d-4773-aa56-ba0b778d0ab5:c4994, 90c45227-141f-43fe-b831-a2b91b39d6b0:c4992]
2019-07-14 06:26:14,779 INFO  client.GrpcClientProtocolClient (GrpcClientProtocolClient.java:onNext(255)) - client-D2340BF4DD29->f9fecd82-c7ae-483e-b259-6428f2dfb240: receive RaftClientReply:client-D2340BF4DD29->f9fecd82-c7ae-483e-b259-6428f2dfb240@group-7DE138E597A5, cid=3305, SUCCESS, logIndex=4997, commits[f9fecd82-c7ae-483e-b259-6428f2dfb240:c4999, adbfec77-7a0d-4773-aa56-ba0b778d0ab5:c4996, 90c45227-141f-43fe-b831-a2b91b39d6b0:c4994]
2019-07-14 06:26:14,780 INFO  client.GrpcClientProtocolClient (GrpcClientProtocolClient.java:onNext(255)) - client-D2340BF4DD29->f9fecd82-c7ae-483e-b259-6428f2dfb240: receive RaftClientReply:client-D2340BF4DD29->f9fecd82-c7ae-483e-b259-6428f2dfb240@group-7DE138E597A5, cid=3306, SUCCESS, logIndex=4998, commits[f9fecd82-c7ae-483e-b259-6428f2dfb240:c5000, adbfec77-7a0d-4773-aa56-ba0b778d0ab5:c4996, 90c45227-141f-43fe-b831-a2b91b39d6b0:c4994]
2019-07-14 06:26:14,780 INFO  client.GrpcClientProtocolClient (GrpcClientProtocolClient.java:onNext(255)) - client-D2340BF4DD29->f9fecd82-c7ae-483e-b259-6428f2dfb240: receive RaftClientReply:client-D2340BF4DD29->f9fecd82-c7ae-483e-b259-6428f2dfb240@group-7DE138E597A5, cid=3307, SUCCESS, logIndex=0, commits[f9fecd82-c7ae-483e-b259-6428f2dfb240:c5000, adbfec77-7a0d-4773-aa56-ba0b778d0ab5:c4998, 90c45227-141f-43fe-b831-a2b91b39d6b0:c4996]
2019-07-14 06:26:14,804 INFO  client.GrpcClientProtocolClient (GrpcClientProtocolClient.java:onNext(255)) - client-D2340BF4DD29->f9fecd82-c7ae-483e-b259-6428f2dfb240: receive RaftClientReply:client-D2340BF4DD29->f9fecd82-c7ae-483e-b259-6428f2dfb240@group-7DE138E597A5, cid=3308, SUCCESS, logIndex=5003, commits[f9fecd82-c7ae-483e-b259-6428f2dfb240:c5004, adbfec77-7a0d-4773-aa56-ba0b778d0ab5:c5002, 90c45227-141f-43fe-b831-a2b91b39d6b0:c5002]
2019-07-14 06:26:14,805 INFO  client.GrpcClientProtocolClient (GrpcClientProtocolClient.java:onNext(255)) - client-D2340BF4DD29->f9fecd82-c7ae-483e-b259-6428f2dfb240: receive RaftClientReply:client-D2340BF4DD29->f9fecd82-c7ae-483e-b259-6428f2dfb240@group-7DE138E597A5, cid=3309, SUCCESS, logIndex=5004, commits[f9fecd82-c7ae-483e-b259-6428f2dfb240:c5004, adbfec77-7a0d-4773-aa56-ba0b778d0ab5:c5002, 90c45227-141f-43fe-b831-a2b91b39d6b0:c5002]
2019-07-14 06:26:14,825 INFO  client.GrpcClientProtocolClient (GrpcClientProtocolClient.java:onNext(255)) - client-D2340BF4DD29->f9fecd82-c7ae-483e-b259-6428f2dfb240: receive RaftClientReply:client-D2340BF4DD29->f9fecd82-c7ae-483e-b259-6428f2dfb240@group-7DE138E597A5, cid=3310, SUCCESS, logIndex=5007, commits[f9fecd82-c7ae-483e-b259-6428f2dfb240:c5008, adbfec77-7a0d-4773-aa56-ba0b778d0ab5:c5005, 90c45227-141f-43fe-b831-a2b91b39d6b0:c5005]
2019-07-14 06:26:14,825 INFO  client.GrpcClientProtocolClient (GrpcClientProtocolClient.java:onNext(255)) - client-D2340BF4DD29->f9fecd82-c7ae-483e-b259-6428f2dfb240: receive RaftClientReply:client-D2340BF4DD29->f9fecd82-c7ae-483e-b259-6428f2dfb240@group-7DE138E597A5, cid=3311, SUCCESS, logIndex=5008, commits[f9fecd82-c7ae-483e-b259-6428f2dfb240:c5008, adbfec77-7a0d-4773-aa56-ba0b778d0ab5:c5005, 90c45227-141f-43fe-b831-a2b91b39d6b0:c5005]
2019-07-14 06:26:14,837 INFO  client.GrpcClientProtocolClient (GrpcClientProtocolClient.java:onNext(255)) - client-D2340BF4DD29->f9fecd82-c7ae-483e-b259-6428f2dfb240: receive RaftClientReply:client-D2340BF4DD29->f9fecd82-c7ae-483e-b259-6428f2dfb240@group-7DE138E597A5, cid=3312, SUCCESS, logIndex=0, commits[f9fecd82-c7ae-483e-b259-6428f2dfb240:c5009, adbfec77-7a0d-4773-aa56-ba0b778d0ab5:c5008, 90c45227-141f-43fe-b831-a2b91b39d6b0:c5008]
2019-07-14 06:26:14,868 INFO  client.GrpcClientProtocolClient (GrpcClientProtocolClient.java:onNext(255)) - client-D2340BF4DD29->f9fecd82-c7ae-483e-b259-6428f2dfb240: receive RaftClientReply:client-D2340BF4DD29->f9fecd82-c7ae-483e-b259-6428f2dfb240@group-7DE138E597A5, cid=3313, SUCCESS, logIndex=5011, commits[f9fecd82-c7ae-483e-b259-6428f2dfb240:c5012, adbfec77-7a0d-4773-aa56-ba0b778d0ab5:c5010, 90c45227-141f-43fe-b831-a2b91b39d6b0:c5010]
2019-07-14 06:26:14,869 INFO  client.GrpcClientProtocolClient (GrpcClientProtocolClient.java:onNext(255)) - client-D2340BF4DD29->f9fecd82-c7ae-483e-b259-6428f2dfb240: receive RaftClientReply:client-D2340BF4DD29->f9fecd82-c7ae-483e-b259-6428f2dfb240@group-7DE138E597A5, cid=3314, SUCCESS, logIndex=5012, commits[f9fecd82-c7ae-483e-b259-6428f2dfb240:c5014, adbfec77-7a0d-4773-aa56-ba0b778d0ab5:c5010, 90c45227-141f-43fe-b831-a2b91b39d6b0:c5010]
2019-07-14 06:26:14,869 INFO  client.GrpcClientProtocolClient (GrpcClientProtocolClient.java:onNext(255)) - client-D2340BF4DD29->f9fecd82-c7ae-483e-b259-6428f2dfb240: receive RaftClientReply:client-D2340BF4DD29->f9fecd82-c7ae-483e-b259-6428f2dfb240@group-7DE138E597A5, cid=3315, SUCCESS, logIndex=5013, commits[f9fecd82-c7ae-483e-b259-6428f2dfb240:c5014, adbfec77-7a0d-4773-aa56-ba0b778d0ab5:c5010, 90c45227-141f-43fe-b831-a2b91b39d6b0:c5010]
2019-07-14 06:26:14,869 INFO  client.GrpcClientProtocolClient (GrpcClientProtocolClient.java:onNext(255)) - client-D2340BF4DD29->f9fecd82-c7ae-483e-b259-6428f2dfb240: receive RaftClientReply:client-D2340BF4DD29->f9fecd82-c7ae-483e-b259-6428f2dfb240@group-7DE138E597A5, cid=3316, SUCCESS, logIndex=5014, commits[f9fecd82-c7ae-483e-b259-6428f2dfb240:c5014, adbfec77-7a0d-4773-aa56-ba0b778d0ab5:c5010, 90c45227-141f-43fe-b831-a2b91b39d6b0:c5010]
2019-07-14 06:26:14,870 INFO  client.GrpcClientProtocolClient (GrpcClientProtocolClient.java:onNext(255)) - client-D2340BF4DD29->f9fecd82-c7ae-483e-b259-6428f2dfb240: receive RaftClientReply:client-D2340BF4DD29->f9fecd82-c7ae-483e-b259-6428f2dfb240@group-7DE138E597A5, cid=3317, SUCCESS, logIndex=0, commits[f9fecd82-c7ae-483e-b259-6428f2dfb240:c5016, adbfec77-7a0d-4773-aa56-ba0b778d0ab5:c5014, 90c45227-141f-43fe-b831-a2b91b39d6b0:c5012]
2019-07-14 06:26:14,891 INFO  client.GrpcClientProtocolClient (GrpcClientProtocolClient.java:onNext(255)) - client-D2340BF4DD29->f9fecd82-c7ae-483e-b259-6428f2dfb240: receive RaftClientReply:client-D2340BF4DD29->f9fecd82-c7ae-483e-b259-6428f2dfb240@group-7DE138E597A5, cid=3318, SUCCESS, logIndex=5018, commits[f9fecd82-c7ae-483e-b259-6428f2dfb240:c5019, adbfec77-7a0d-4773-aa56-ba0b778d0ab5:c5017, 90c45227-141f-43fe-b831-a2b91b39d6b0:c5017]
2019-07-14 06:26:14,891 INFO  client.GrpcClientProtocolClient (GrpcClientProtocolClient.java:onNext(255)) - client-D2340BF4DD29->f9fecd82-c7ae-483e-b259-6428f2dfb240: receive RaftClientReply:client-D2340BF4DD29->f9fecd82-c7ae-483e-b259-6428f2dfb240@group-7DE138E597A5, cid=3319, SUCCESS, logIndex=5019, commits[f9fecd82-c7ae-483e-b259-6428f2dfb240:c5019, adbfec77-7a0d-4773-aa56-ba0b778d0ab5:c5017, 90c45227-141f-43fe-b831-a2b91b39d6b0:c5017]
2019-07-14 06:26:15,035 INFO  client.GrpcClientProtocolClient (GrpcClientProtocolClient.java:onNext(255)) - client-D2340BF4DD29->f9fecd82-c7ae-483e-b259-6428f2dfb240: receive RaftClientReply:client-D2340BF4DD29->f9fecd82-c7ae-483e-b259-6428f2dfb240@group-7DE138E597A5, cid=3320, SUCCESS, logIndex=5022, commits[f9fecd82-c7ae-483e-b259-6428f2dfb240:c5023, adbfec77-7a0d-4773-aa56-ba0b778d0ab5:c5019, 90c45227-141f-43fe-b831-a2b91b39d6b0:c5019]
2019-07-14 06:26:15,035 INFO  client.GrpcClientProtocolClient (GrpcClientProtocolClient.java:onNext(255)) - client-D2340BF4DD29->f9fecd82-c7ae-483e-b259-6428f2dfb240: receive RaftClientReply:client-D2340BF4DD29->f9fecd82-c7ae-483e-b259-6428f2dfb240@group-7DE138E597A5, cid=3321, SUCCESS, logIndex=5023, commits[f9fecd82-c7ae-483e-b259-6428f2dfb240:c5023, adbfec77-7a0d-4773-aa56-ba0b778d0ab5:c5019, 90c45227-141f-43fe-b831-a2b91b39d6b0:c5019]
2019-07-14 06:26:15,037 INFO  client.GrpcClientProtocolClient (GrpcClientProtocolClient.java:onNext(255)) - client-D2340BF4DD29->f9fecd82-c7ae-483e-b259-6428f2dfb240: receive RaftClientReply:client-D2340BF4DD29->f9fecd82-c7ae-483e-b259-6428f2dfb240@group-7DE138E597A5, cid=3322, SUCCESS, logIndex=0, commits[f9fecd82-c7ae-483e-b259-6428f2dfb240:c5024, adbfec77-7a0d-4773-aa56-ba0b778d0ab5:c5023, 90c45227-141f-43fe-b831-a2b91b39d6b0:c5023]
2019-07-14 06:26:15,074 INFO  client.GrpcClientProtocolClient (GrpcClientProtocolClient.java:onNext(255)) - client-D2340BF4DD29->f9fecd82-c7ae-483e-b259-6428f2dfb240: receive RaftClientReply:client-D2340BF4DD29->f9fecd82-c7ae-483e-b259-6428f2dfb240@group-7DE138E597A5, cid=3323, SUCCESS, logIndex=5026, commits[f9fecd82-c7ae-483e-b259-6428f2dfb240:c5027, adbfec77-7a0d-4773-aa56-ba0b778d0ab5:c5025, 90c45227-141f-43fe-b831-a2b91b39d6b0:c5025]
2019-07-14 06:26:15,074 INFO  client.GrpcClientProtocolClient (GrpcClientProtocolClient.java:onNext(255)) - client-D2340BF4DD29->f9fecd82-c7ae-483e-b259-6428f2dfb240: receive RaftClientReply:client-D2340BF4DD29->f9fecd82-c7ae-483e-b259-6428f2dfb240@group-7DE138E597A5, cid=3324, SUCCESS, logIndex=5027, commits[f9fecd82-c7ae-483e-b259-6428f2dfb240:c5029, adbfec77-7a0d-4773-aa56-ba0b778d0ab5:c5025, 90c45227-141f-43fe-b831-a2b91b39d6b0:c5025]
2019-07-14 06:26:15,075 INFO  client.GrpcClientProtocolClient (GrpcClientProtocolClient.java:onNext(255)) - client-D2340BF4DD29->f9fecd82-c7ae-483e-b259-6428f2dfb240: receive RaftClientReply:client-D2340BF4DD29->f9fecd82-c7ae-483e-b259-6428f2dfb240@group-7DE138E597A5, cid=3325, SUCCESS, logIndex=5028, commits[f9fecd82-c7ae-483e-b259-6428f2dfb240:c5029, adbfec77-7a0d-4773-aa56-ba0b778d0ab5:c5025, 90c45227-141f-43fe-b831-a2b91b39d6b0:c5025]
2019-07-14 06:26:15,076 INFO  client.GrpcClientProtocolClient (GrpcClientProtocolClient.java:onNext(255)) - client-D2340BF4DD29->f9fecd82-c7ae-483e-b259-6428f2dfb240: receive RaftClientReply:client-D2340BF4DD29->f9fecd82-c7ae-483e-b259-6428f2dfb240@group-7DE138E597A5, cid=3326, SUCCESS, logIndex=5029, commits[f9fecd82-c7ae-483e-b259-6428f2dfb240:c5029, adbfec77-7a0d-4773-aa56-ba0b778d0ab5:c5025, 90c45227-141f-43fe-b831-a2b91b39d6b0:c5025]
2019-07-14 06:26:15,077 INFO  client.GrpcClientProtocolClient (GrpcClientProtocolClient.java:onNext(255)) - client-D2340BF4DD29->f9fecd82-c7ae-483e-b259-6428f2dfb240: receive RaftClientReply:client-D2340BF4DD29->f9fecd82-c7ae-483e-b259-6428f2dfb240@group-7DE138E597A5, cid=3327, SUCCESS, logIndex=0, commits[f9fecd82-c7ae-483e-b259-6428f2dfb240:c5033, adbfec77-7a0d-4773-aa56-ba0b778d0ab5:c5029, 90c45227-141f-43fe-b831-a2b91b39d6b0:c5029]
2019-07-14 06:26:15,099 INFO  client.GrpcClientProtocolClient (GrpcClientProtocolClient.java:onNext(255)) - client-D2340BF4DD29->f9fecd82-c7ae-483e-b259-6428f2dfb240: receive RaftClientReply:client-D2340BF4DD29->f9fecd82-c7ae-483e-b259-6428f2dfb240@group-7DE138E597A5, cid=3328, SUCCESS, logIndex=5034, commits[f9fecd82-c7ae-483e-b259-6428f2dfb240:c5035, adbfec77-7a0d-4773-aa56-ba0b778d0ab5:c5033, 90c45227-141f-43fe-b831-a2b91b39d6b0:c5033]
2019-07-14 06:26:15,099 INFO  client.GrpcClientProtocolClient (GrpcClientProtocolClient.java:onNext(255)) - client-D2340BF4DD29->f9fecd82-c7ae-483e-b259-6428f2dfb240: receive RaftClientReply:client-D2340BF4DD29->f9fecd82-c7ae-483e-b259-6428f2dfb240@group-7DE138E597A5, cid=3329, SUCCESS, logIndex=5035, commits[f9fecd82-c7ae-483e-b259-6428f2dfb240:c5035, adbfec77-7a0d-4773-aa56-ba0b778d0ab5:c5033, 90c45227-141f-43fe-b831-a2b91b39d6b0:c5033]
2019-07-14 06:26:15,123 INFO  client.GrpcClientProtocolClient (GrpcClientProtocolClient.java:onNext(255)) - client-D2340BF4DD29->f9fecd82-c7ae-483e-b259-6428f2dfb240: receive RaftClientReply:client-D2340BF4DD29->f9fecd82-c7ae-483e-b259-6428f2dfb240@group-7DE138E597A5, cid=3330, SUCCESS, logIndex=5038, commits[f9fecd82-c7ae-483e-b259-6428f2dfb240:c5039, adbfec77-7a0d-4773-aa56-ba0b778d0ab5:c5035, 90c45227-141f-43fe-b831-a2b91b39d6b0:c5035]
2019-07-14 06:26:15,123 INFO  client.GrpcClientProtocolClient (GrpcClientProtocolClient.java:onNext(255)) - client-D2340BF4DD29->f9fecd82-c7ae-483e-b259-6428f2dfb240: receive RaftClientReply:client-D2340BF4DD29->f9fecd82-c7ae-483e-b259-6428f2dfb240@group-7DE138E597A5, cid=3331, SUCCESS, logIndex=5039, commits[f9fecd82-c7ae-483e-b259-6428f2dfb240:c5039, adbfec77-7a0d-4773-aa56-ba0b778d0ab5:c5035, 90c45227-141f-43fe-b831-a2b91b39d6b0:c5035]
2019-07-14 06:26:15,134 INFO  client.GrpcClientProtocolClient (GrpcClientProtocolClient.java:onNext(255)) - client-D2340BF4DD29->f9fecd82-c7ae-483e-b259-6428f2dfb240: receive RaftClientReply:client-D2340BF4DD29->f9fecd82-c7ae-483e-b259-6428f2dfb240@group-7DE138E597A5, cid=3332, SUCCESS, logIndex=0, commits[f9fecd82-c7ae-483e-b259-6428f2dfb240:c5040, adbfec77-7a0d-4773-aa56-ba0b778d0ab5:c5039, 90c45227-141f-43fe-b831-a2b91b39d6b0:c5039]
 0.00% |█                                                                                                    |  0/1 Time: 0:00:292019-07-14 06:26:15,170 INFO  client.GrpcClientProtocolClient (GrpcClientProtocolClient.java:onNext(255)) - client-D2340BF4DD29->f9fecd82-c7ae-483e-b259-6428f2dfb240: receive RaftClientReply:client-D2340BF4DD29->f9fecd82-c7ae-483e-b259-6428f2dfb240@group-7DE138E597A5, cid=3333, SUCCESS, logIndex=5042, commits[f9fecd82-c7ae-483e-b259-6428f2dfb240:c5043, adbfec77-7a0d-4773-aa56-ba0b778d0ab5:c5041, 90c45227-141f-43fe-b831-a2b91b39d6b0:c5041]
2019-07-14 06:26:15,171 INFO  client.GrpcClientProtocolClient (GrpcClientProtocolClient.java:onNext(255)) - client-D2340BF4DD29->f9fecd82-c7ae-483e-b259-6428f2dfb240: receive RaftClientReply:client-D2340BF4DD29->f9fecd82-c7ae-483e-b259-6428f2dfb240@group-7DE138E597A5, cid=3334, SUCCESS, logIndex=5043, commits[f9fecd82-c7ae-483e-b259-6428f2dfb240:c5044, adbfec77-7a0d-4773-aa56-ba0b778d0ab5:c5041, 90c45227-141f-43fe-b831-a2b91b39d6b0:c5041]
2019-07-14 06:26:15,172 INFO  client.GrpcClientProtocolClient (GrpcClientProtocolClient.java:onNext(255)) - client-D2340BF4DD29->f9fecd82-c7ae-483e-b259-6428f2dfb240: receive RaftClientReply:client-D2340BF4DD29->f9fecd82-c7ae-483e-b259-6428f2dfb240@group-7DE138E597A5, cid=3335, SUCCESS, logIndex=5044, commits[f9fecd82-c7ae-483e-b259-6428f2dfb240:c5045, adbfec77-7a0d-4773-aa56-ba0b778d0ab5:c5041, 90c45227-141f-43fe-b831-a2b91b39d6b0:c5041]
2019-07-14 06:26:15,172 INFO  client.GrpcClientProtocolClient (GrpcClientProtocolClient.java:onNext(255)) - client-D2340BF4DD29->f9fecd82-c7ae-483e-b259-6428f2dfb240: receive RaftClientReply:client-D2340BF4DD29->f9fecd82-c7ae-483e-b259-6428f2dfb240@group-7DE138E597A5, cid=3336, SUCCESS, logIndex=5045, commits[f9fecd82-c7ae-483e-b259-6428f2dfb240:c5045, adbfec77-7a0d-4773-aa56-ba0b778d0ab5:c5041, 90c45227-141f-43fe-b831-a2b91b39d6b0:c5041]
2019-07-14 06:26:15,174 INFO  client.GrpcClientProtocolClient (GrpcClientProtocolClient.java:onNext(255)) - client-D2340BF4DD29->f9fecd82-c7ae-483e-b259-6428f2dfb240: receive RaftClientReply:client-D2340BF4DD29->f9fecd82-c7ae-483e-b259-6428f2dfb240@group-7DE138E597A5, cid=3337, SUCCESS, logIndex=0, commits[f9fecd82-c7ae-483e-b259-6428f2dfb240:c5048, adbfec77-7a0d-4773-aa56-ba0b778d0ab5:c5044, 90c45227-141f-43fe-b831-a2b91b39d6b0:c5043]
2019-07-14 06:26:15,193 INFO  client.GrpcClientProtocolClient (GrpcClientProtocolClient.java:onNext(255)) - client-D2340BF4DD29->f9fecd82-c7ae-483e-b259-6428f2dfb240: receive RaftClientReply:client-D2340BF4DD29->f9fecd82-c7ae-483e-b259-6428f2dfb240@group-7DE138E597A5, cid=3338, SUCCESS, logIndex=5050, commits[f9fecd82-c7ae-483e-b259-6428f2dfb240:c5050, adbfec77-7a0d-4773-aa56-ba0b778d0ab5:c5049, 90c45227-141f-43fe-b831-a2b91b39d6b0:c5049]
2019-07-14 06:26:15,194 INFO  client.GrpcClientProtocolClient (GrpcClientProtocolClient.java:onNext(255)) - client-D2340BF4DD29->f9fecd82-c7ae-483e-b259-6428f2dfb240: receive RaftClientReply:client-D2340BF4DD29->f9fecd82-c7ae-483e-b259-6428f2dfb240@group-7DE138E597A5, cid=3339, SUCCESS, logIndex=5051, commits[f9fecd82-c7ae-483e-b259-6428f2dfb240:c5051, adbfec77-7a0d-4773-aa56-ba0b778d0ab5:c5049, 90c45227-141f-43fe-b831-a2b91b39d6b0:c5049]
2019-07-14 06:26:15,207 INFO  client.GrpcClientProtocolClient (GrpcClientProtocolClient.java:onNext(255)) - client-D2340BF4DD29->f9fecd82-c7ae-483e-b259-6428f2dfb240: receive RaftClientReply:client-D2340BF4DD29->f9fecd82-c7ae-483e-b259-6428f2dfb240@group-7DE138E597A5, cid=3340, SUCCESS, logIndex=5054, commits[f9fecd82-c7ae-483e-b259-6428f2dfb240:c5055, adbfec77-7a0d-4773-aa56-ba0b778d0ab5:c5051, 90c45227-141f-43fe-b831-a2b91b39d6b0:c5051]
2019-07-14 06:26:15,208 INFO  client.GrpcClientProtocolClient (GrpcClientProtocolClient.java:onNext(255)) - client-D2340BF4DD29->f9fecd82-c7ae-483e-b259-6428f2dfb240: receive RaftClientReply:client-D2340BF4DD29->f9fecd82-c7ae-483e-b259-6428f2dfb240@group-7DE138E597A5, cid=3341, SUCCESS, logIndex=5055, commits[f9fecd82-c7ae-483e-b259-6428f2dfb240:c5055, adbfec77-7a0d-4773-aa56-ba0b778d0ab5:c5051, 90c45227-141f-43fe-b831-a2b91b39d6b0:c5051]
2019-07-14 06:26:15,220 INFO  client.GrpcClientProtocolClient (GrpcClientProtocolClient.java:onNext(255)) - client-D2340BF4DD29->f9fecd82-c7ae-483e-b259-6428f2dfb240: receive RaftClientReply:client-D2340BF4DD29->f9fecd82-c7ae-483e-b259-6428f2dfb240@group-7DE138E597A5, cid=3342, SUCCESS, logIndex=0, commits[f9fecd82-c7ae-483e-b259-6428f2dfb240:c5057, adbfec77-7a0d-4773-aa56-ba0b778d0ab5:c5055, 90c45227-141f-43fe-b831-a2b91b39d6b0:c5055]
2019-07-14 06:26:15,250 INFO  client.GrpcClientProtocolClient (GrpcClientProtocolClient.java:onNext(255)) - client-D2340BF4DD29->f9fecd82-c7ae-483e-b259-6428f2dfb240: receive RaftClientReply:client-D2340BF4DD29->f9fecd82-c7ae-483e-b259-6428f2dfb240@group-7DE138E597A5, cid=3343, SUCCESS, logIndex=5058, commits[f9fecd82-c7ae-483e-b259-6428f2dfb240:c5060, adbfec77-7a0d-4773-aa56-ba0b778d0ab5:c5057, 90c45227-141f-43fe-b831-a2b91b39d6b0:c5057]
2019-07-14 06:26:15,251 INFO  client.GrpcClientProtocolClient (GrpcClientProtocolClient.java:onNext(255)) - client-D2340BF4DD29->f9fecd82-c7ae-483e-b259-6428f2dfb240: receive RaftClientReply:client-D2340BF4DD29->f9fecd82-c7ae-483e-b259-6428f2dfb240@group-7DE138E597A5, cid=3344, SUCCESS, logIndex=5059, commits[f9fecd82-c7ae-483e-b259-6428f2dfb240:c5061, adbfec77-7a0d-4773-aa56-ba0b778d0ab5:c5057, 90c45227-141f-43fe-b831-a2b91b39d6b0:c5057]
2019-07-14 06:26:15,251 INFO  client.GrpcClientProtocolClient (GrpcClientProtocolClient.java:onNext(255)) - client-D2340BF4DD29->f9fecd82-c7ae-483e-b259-6428f2dfb240: receive RaftClientReply:client-D2340BF4DD29->f9fecd82-c7ae-483e-b259-6428f2dfb240@group-7DE138E597A5, cid=3345, SUCCESS, logIndex=5060, commits[f9fecd82-c7ae-483e-b259-6428f2dfb240:c5061, adbfec77-7a0d-4773-aa56-ba0b778d0ab5:c5057, 90c45227-141f-43fe-b831-a2b91b39d6b0:c5057]
2019-07-14 06:26:15,251 INFO  client.GrpcClientProtocolClient (GrpcClientProtocolClient.java:onNext(255)) - client-D2340BF4DD29->f9fecd82-c7ae-483e-b259-6428f2dfb240: receive RaftClientReply:client-D2340BF4DD29->f9fecd82-c7ae-483e-b259-6428f2dfb240@group-7DE138E597A5, cid=3346, SUCCESS, logIndex=5061, commits[f9fecd82-c7ae-483e-b259-6428f2dfb240:c5061, adbfec77-7a0d-4773-aa56-ba0b778d0ab5:c5058, 90c45227-141f-43fe-b831-a2b91b39d6b0:c5057]
2019-07-14 06:26:15,253 INFO  client.GrpcClientProtocolClient (GrpcClientProtocolClient.java:onNext(255)) - client-D2340BF4DD29->f9fecd82-c7ae-483e-b259-6428f2dfb240: receive RaftClientReply:client-D2340BF4DD29->f9fecd82-c7ae-483e-b259-6428f2dfb240@group-7DE138E597A5, cid=3347, SUCCESS, logIndex=0, commits[f9fecd82-c7ae-483e-b259-6428f2dfb240:c5065, adbfec77-7a0d-4773-aa56-ba0b778d0ab5:c5061, 90c45227-141f-43fe-b831-a2b91b39d6b0:c5060]
2019-07-14 06:26:15,272 INFO  client.GrpcClientProtocolClient (GrpcClientProtocolClient.java:onNext(255)) - client-D2340BF4DD29->f9fecd82-c7ae-483e-b259-6428f2dfb240: receive RaftClientReply:client-D2340BF4DD29->f9fecd82-c7ae-483e-b259-6428f2dfb240@group-7DE138E597A5, cid=3348, SUCCESS, logIndex=5066, commits[f9fecd82-c7ae-483e-b259-6428f2dfb240:c5067, adbfec77-7a0d-4773-aa56-ba0b778d0ab5:c5065, 90c45227-141f-43fe-b831-a2b91b39d6b0:c5065]
2019-07-14 06:26:15,272 INFO  client.GrpcClientProtocolClient (GrpcClientProtocolClient.java:onNext(255)) - client-D2340BF4DD29->f9fecd82-c7ae-483e-b259-6428f2dfb240: receive RaftClientReply:client-D2340BF4DD29->f9fecd82-c7ae-483e-b259-6428f2dfb240@group-7DE138E597A5, cid=3349, SUCCESS, logIndex=5067, commits[f9fecd82-c7ae-483e-b259-6428f2dfb240:c5067, adbfec77-7a0d-4773-aa56-ba0b778d0ab5:c5065, 90c45227-141f-43fe-b831-a2b91b39d6b0:c5065]
2019-07-14 06:26:15,285 INFO  client.GrpcClientProtocolClient (GrpcClientProtocolClient.java:onNext(255)) - client-D2340BF4DD29->f9fecd82-c7ae-483e-b259-6428f2dfb240: receive RaftClientReply:client-D2340BF4DD29->f9fecd82-c7ae-483e-b259-6428f2dfb240@group-7DE138E597A5, cid=3350, SUCCESS, logIndex=5070, commits[f9fecd82-c7ae-483e-b259-6428f2dfb240:c5071, adbfec77-7a0d-4773-aa56-ba0b778d0ab5:c5067, 90c45227-141f-43fe-b831-a2b91b39d6b0:c5067]
2019-07-14 06:26:15,285 INFO  client.GrpcClientProtocolClient (GrpcClientProtocolClient.java:onNext(255)) - client-D2340BF4DD29->f9fecd82-c7ae-483e-b259-6428f2dfb240: receive RaftClientReply:client-D2340BF4DD29->f9fecd82-c7ae-483e-b259-6428f2dfb240@group-7DE138E597A5, cid=3351, SUCCESS, logIndex=5071, commits[f9fecd82-c7ae-483e-b259-6428f2dfb240:c5071, adbfec77-7a0d-4773-aa56-ba0b778d0ab5:c5067, 90c45227-141f-43fe-b831-a2b91b39d6b0:c5067]
2019-07-14 06:26:15,297 INFO  client.GrpcClientProtocolClient (GrpcClientProtocolClient.java:onNext(255)) - client-D2340BF4DD29->f9fecd82-c7ae-483e-b259-6428f2dfb240: receive RaftClientReply:client-D2340BF4DD29->f9fecd82-c7ae-483e-b259-6428f2dfb240@group-7DE138E597A5, cid=3352, SUCCESS, logIndex=0, commits[f9fecd82-c7ae-483e-b259-6428f2dfb240:c5072, adbfec77-7a0d-4773-aa56-ba0b778d0ab5:c5071, 90c45227-141f-43fe-b831-a2b91b39d6b0:c5071]
2019-07-14 06:26:15,328 INFO  client.GrpcClientProtocolClient (GrpcClientProtocolClient.java:onNext(255)) - client-D2340BF4DD29->f9fecd82-c7ae-483e-b259-6428f2dfb240: receive RaftClientReply:client-D2340BF4DD29->f9fecd82-c7ae-483e-b259-6428f2dfb240@group-7DE138E597A5, cid=3353, SUCCESS, logIndex=5074, commits[f9fecd82-c7ae-483e-b259-6428f2dfb240:c5075, adbfec77-7a0d-4773-aa56-ba0b778d0ab5:c5073, 90c45227-141f-43fe-b831-a2b91b39d6b0:c5073]
2019-07-14 06:26:15,329 INFO  client.GrpcClientProtocolClient (GrpcClientProtocolClient.java:onNext(255)) - client-D2340BF4DD29->f9fecd82-c7ae-483e-b259-6428f2dfb240: receive RaftClientReply:client-D2340BF4DD29->f9fecd82-c7ae-483e-b259-6428f2dfb240@group-7DE138E597A5, cid=3354, SUCCESS, logIndex=5075, commits[f9fecd82-c7ae-483e-b259-6428f2dfb240:c5077, adbfec77-7a0d-4773-aa56-ba0b778d0ab5:c5073, 90c45227-141f-43fe-b831-a2b91b39d6b0:c5073]
2019-07-14 06:26:15,329 INFO  client.GrpcClientProtocolClient (GrpcClientProtocolClient.java:onNext(255)) - client-D2340BF4DD29->f9fecd82-c7ae-483e-b259-6428f2dfb240: receive RaftClientReply:client-D2340BF4DD29->f9fecd82-c7ae-483e-b259-6428f2dfb240@group-7DE138E597A5, cid=3355, SUCCESS, logIndex=5076, commits[f9fecd82-c7ae-483e-b259-6428f2dfb240:c5077, adbfec77-7a0d-4773-aa56-ba0b778d0ab5:c5073, 90c45227-141f-43fe-b831-a2b91b39d6b0:c5073]
2019-07-14 06:26:15,330 INFO  client.GrpcClientProtocolClient (GrpcClientProtocolClient.java:onNext(255)) - client-D2340BF4DD29->f9fecd82-c7ae-483e-b259-6428f2dfb240: receive RaftClientReply:client-D2340BF4DD29->f9fecd82-c7ae-483e-b259-6428f2dfb240@group-7DE138E597A5, cid=3356, SUCCESS, logIndex=5077, commits[f9fecd82-c7ae-483e-b259-6428f2dfb240:c5077, adbfec77-7a0d-4773-aa56-ba0b778d0ab5:c5073, 90c45227-141f-43fe-b831-a2b91b39d6b0:c5073]
2019-07-14 06:26:15,331 INFO  client.GrpcClientProtocolClient (GrpcClientProtocolClient.java:onNext(255)) - client-D2340BF4DD29->f9fecd82-c7ae-483e-b259-6428f2dfb240: receive RaftClientReply:client-D2340BF4DD29->f9fecd82-c7ae-483e-b259-6428f2dfb240@group-7DE138E597A5, cid=3357, SUCCESS, logIndex=0, commits[f9fecd82-c7ae-483e-b259-6428f2dfb240:c5079, adbfec77-7a0d-4773-aa56-ba0b778d0ab5:c5075, 90c45227-141f-43fe-b831-a2b91b39d6b0:c5075]
2019-07-14 06:26:15,351 INFO  client.GrpcClientProtocolClient (GrpcClientProtocolClient.java:onNext(255)) - client-D2340BF4DD29->f9fecd82-c7ae-483e-b259-6428f2dfb240: receive RaftClientReply:client-D2340BF4DD29->f9fecd82-c7ae-483e-b259-6428f2dfb240@group-7DE138E597A5, cid=3358, SUCCESS, logIndex=5082, commits[f9fecd82-c7ae-483e-b259-6428f2dfb240:c5083, adbfec77-7a0d-4773-aa56-ba0b778d0ab5:c5077, 90c45227-141f-43fe-b831-a2b91b39d6b0:c5081]
2019-07-14 06:26:15,351 INFO  client.GrpcClientProtocolClient (GrpcClientProtocolClient.java:onNext(255)) - client-D2340BF4DD29->f9fecd82-c7ae-483e-b259-6428f2dfb240: receive RaftClientReply:client-D2340BF4DD29->f9fecd82-c7ae-483e-b259-6428f2dfb240@group-7DE138E597A5, cid=3359, SUCCESS, logIndex=5083, commits[f9fecd82-c7ae-483e-b259-6428f2dfb240:c5083, adbfec77-7a0d-4773-aa56-ba0b778d0ab5:c5081, 90c45227-141f-43fe-b831-a2b91b39d6b0:c5081]
2019-07-14 06:26:15,364 INFO  client.GrpcClientProtocolClient (GrpcClientProtocolClient.java:onNext(255)) - client-D2340BF4DD29->f9fecd82-c7ae-483e-b259-6428f2dfb240: receive RaftClientReply:client-D2340BF4DD29->f9fecd82-c7ae-483e-b259-6428f2dfb240@group-7DE138E597A5, cid=3360, SUCCESS, logIndex=5086, commits[f9fecd82-c7ae-483e-b259-6428f2dfb240:c5087, adbfec77-7a0d-4773-aa56-ba0b778d0ab5:c5083, 90c45227-141f-43fe-b831-a2b91b39d6b0:c5083]
2019-07-14 06:26:15,365 INFO  client.GrpcClientProtocolClient (GrpcClientProtocolClient.java:onNext(255)) - client-D2340BF4DD29->f9fecd82-c7ae-483e-b259-6428f2dfb240: receive RaftClientReply:client-D2340BF4DD29->f9fecd82-c7ae-483e-b259-6428f2dfb240@group-7DE138E597A5, cid=3361, SUCCESS, logIndex=5087, commits[f9fecd82-c7ae-483e-b259-6428f2dfb240:c5087, adbfec77-7a0d-4773-aa56-ba0b778d0ab5:c5083, 90c45227-141f-43fe-b831-a2b91b39d6b0:c5083]
2019-07-14 06:26:15,367 INFO  client.GrpcClientProtocolClient (GrpcClientProtocolClient.java:onNext(255)) - client-D2340BF4DD29->f9fecd82-c7ae-483e-b259-6428f2dfb240: receive RaftClientReply:client-D2340BF4DD29->f9fecd82-c7ae-483e-b259-6428f2dfb240@group-7DE138E597A5, cid=3362, SUCCESS, logIndex=0, commits[f9fecd82-c7ae-483e-b259-6428f2dfb240:c5089, adbfec77-7a0d-4773-aa56-ba0b778d0ab5:c5087, 90c45227-141f-43fe-b831-a2b91b39d6b0:c5087]
2019-07-14 06:26:15,417 INFO  client.GrpcClientProtocolClient (GrpcClientProtocolClient.java:onNext(255)) - client-D2340BF4DD29->f9fecd82-c7ae-483e-b259-6428f2dfb240: receive RaftClientReply:client-D2340BF4DD29->f9fecd82-c7ae-483e-b259-6428f2dfb240@group-7DE138E597A5, cid=3363, SUCCESS, logIndex=5090, commits[f9fecd82-c7ae-483e-b259-6428f2dfb240:c5092, adbfec77-7a0d-4773-aa56-ba0b778d0ab5:c5089, 90c45227-141f-43fe-b831-a2b91b39d6b0:c5089]
2019-07-14 06:26:15,417 INFO  client.GrpcClientProtocolClient (GrpcClientProtocolClient.java:onNext(255)) - client-D2340BF4DD29->f9fecd82-c7ae-483e-b259-6428f2dfb240: receive RaftClientReply:client-D2340BF4DD29->f9fecd82-c7ae-483e-b259-6428f2dfb240@group-7DE138E597A5, cid=3364, SUCCESS, logIndex=5091, commits[f9fecd82-c7ae-483e-b259-6428f2dfb240:c5092, adbfec77-7a0d-4773-aa56-ba0b778d0ab5:c5089, 90c45227-141f-43fe-b831-a2b91b39d6b0:c5089]
2019-07-14 06:26:15,418 INFO  client.GrpcClientProtocolClient (GrpcClientProtocolClient.java:onNext(255)) - client-D2340BF4DD29->f9fecd82-c7ae-483e-b259-6428f2dfb240: receive RaftClientReply:client-D2340BF4DD29->f9fecd82-c7ae-483e-b259-6428f2dfb240@group-7DE138E597A5, cid=3365, SUCCESS, logIndex=5092, commits[f9fecd82-c7ae-483e-b259-6428f2dfb240:c5093, adbfec77-7a0d-4773-aa56-ba0b778d0ab5:c5089, 90c45227-141f-43fe-b831-a2b91b39d6b0:c5089]
2019-07-14 06:26:15,418 INFO  client.GrpcClientProtocolClient (GrpcClientProtocolClient.java:onNext(255)) - client-D2340BF4DD29->f9fecd82-c7ae-483e-b259-6428f2dfb240: receive RaftClientReply:client-D2340BF4DD29->f9fecd82-c7ae-483e-b259-6428f2dfb240@group-7DE138E597A5, cid=3366, SUCCESS, logIndex=5093, commits[f9fecd82-c7ae-483e-b259-6428f2dfb240:c5093, adbfec77-7a0d-4773-aa56-ba0b778d0ab5:c5089, 90c45227-141f-43fe-b831-a2b91b39d6b0:c5089]
2019-07-14 06:26:15,427 INFO  client.GrpcClientProtocolClient (GrpcClientProtocolClient.java:onNext(255)) - client-D2340BF4DD29->f9fecd82-c7ae-483e-b259-6428f2dfb240: receive RaftClientReply:client-D2340BF4DD29->f9fecd82-c7ae-483e-b259-6428f2dfb240@group-7DE138E597A5, cid=3367, SUCCESS, logIndex=0, commits[f9fecd82-c7ae-483e-b259-6428f2dfb240:c5094, adbfec77-7a0d-4773-aa56-ba0b778d0ab5:c5091, 90c45227-141f-43fe-b831-a2b91b39d6b0:c5091]
2019-07-14 06:26:15,453 INFO  client.GrpcClientProtocolClient (GrpcClientProtocolClient.java:onNext(255)) - client-D2340BF4DD29->f9fecd82-c7ae-483e-b259-6428f2dfb240: receive RaftClientReply:client-D2340BF4DD29->f9fecd82-c7ae-483e-b259-6428f2dfb240@group-7DE138E597A5, cid=3368, SUCCESS, logIndex=5098, commits[f9fecd82-c7ae-483e-b259-6428f2dfb240:c5099, adbfec77-7a0d-4773-aa56-ba0b778d0ab5:c5097, 90c45227-141f-43fe-b831-a2b91b39d6b0:c5097]
2019-07-14 06:26:15,453 INFO  client.GrpcClientProtocolClient (GrpcClientProtocolClient.java:onNext(255)) - client-D2340BF4DD29->f9fecd82-c7ae-483e-b259-6428f2dfb240: receive RaftClientReply:client-D2340BF4DD29->f9fecd82-c7ae-483e-b259-6428f2dfb240@group-7DE138E597A5, cid=3369, SUCCESS, logIndex=5099, commits[f9fecd82-c7ae-483e-b259-6428f2dfb240:c5099, adbfec77-7a0d-4773-aa56-ba0b778d0ab5:c5097, 90c45227-141f-43fe-b831-a2b91b39d6b0:c5097]
2019-07-14 06:26:15,466 INFO  client.GrpcClientProtocolClient (GrpcClientProtocolClient.java:onNext(255)) - client-D2340BF4DD29->f9fecd82-c7ae-483e-b259-6428f2dfb240: receive RaftClientReply:client-D2340BF4DD29->f9fecd82-c7ae-483e-b259-6428f2dfb240@group-7DE138E597A5, cid=3370, SUCCESS, logIndex=5102, commits[f9fecd82-c7ae-483e-b259-6428f2dfb240:c5103, adbfec77-7a0d-4773-aa56-ba0b778d0ab5:c5099, 90c45227-141f-43fe-b831-a2b91b39d6b0:c5099]
2019-07-14 06:26:15,466 INFO  client.GrpcClientProtocolClient (GrpcClientProtocolClient.java:onNext(255)) - client-D2340BF4DD29->f9fecd82-c7ae-483e-b259-6428f2dfb240: receive RaftClientReply:client-D2340BF4DD29->f9fecd82-c7ae-483e-b259-6428f2dfb240@group-7DE138E597A5, cid=3371, SUCCESS, logIndex=5103, commits[f9fecd82-c7ae-483e-b259-6428f2dfb240:c5103, adbfec77-7a0d-4773-aa56-ba0b778d0ab5:c5099, 90c45227-141f-43fe-b831-a2b91b39d6b0:c5099]
2019-07-14 06:26:15,484 INFO  client.GrpcClientProtocolClient (GrpcClientProtocolClient.java:onNext(255)) - client-D2340BF4DD29->f9fecd82-c7ae-483e-b259-6428f2dfb240: receive RaftClientReply:client-D2340BF4DD29->f9fecd82-c7ae-483e-b259-6428f2dfb240@group-7DE138E597A5, cid=3372, SUCCESS, logIndex=0, commits[f9fecd82-c7ae-483e-b259-6428f2dfb240:c5105, adbfec77-7a0d-4773-aa56-ba0b778d0ab5:c5103, 90c45227-141f-43fe-b831-a2b91b39d6b0:c5103]
2019-07-14 06:26:15,519 INFO  client.GrpcClientProtocolClient (GrpcClientProtocolClient.java:onNext(255)) - client-D2340BF4DD29->f9fecd82-c7ae-483e-b259-6428f2dfb240: receive RaftClientReply:client-D2340BF4DD29->f9fecd82-c7ae-483e-b259-6428f2dfb240@group-7DE138E597A5, cid=3373, SUCCESS, logIndex=5106, commits[f9fecd82-c7ae-483e-b259-6428f2dfb240:c5107, adbfec77-7a0d-4773-aa56-ba0b778d0ab5:c5105, 90c45227-141f-43fe-b831-a2b91b39d6b0:c5105]
2019-07-14 06:26:15,520 INFO  client.GrpcClientProtocolClient (GrpcClientProtocolClient.java:onNext(255)) - client-D2340BF4DD29->f9fecd82-c7ae-483e-b259-6428f2dfb240: receive RaftClientReply:client-D2340BF4DD29->f9fecd82-c7ae-483e-b259-6428f2dfb240@group-7DE138E597A5, cid=3374, SUCCESS, logIndex=5107, commits[f9fecd82-c7ae-483e-b259-6428f2dfb240:c5109, adbfec77-7a0d-4773-aa56-ba0b778d0ab5:c5105, 90c45227-141f-43fe-b831-a2b91b39d6b0:c5105]
2019-07-14 06:26:15,520 INFO  client.GrpcClientProtocolClient (GrpcClientProtocolClient.java:onNext(255)) - client-D2340BF4DD29->f9fecd82-c7ae-483e-b259-6428f2dfb240: receive RaftClientReply:client-D2340BF4DD29->f9fecd82-c7ae-483e-b259-6428f2dfb240@group-7DE138E597A5, cid=3375, SUCCESS, logIndex=5108, commits[f9fecd82-c7ae-483e-b259-6428f2dfb240:c5109, adbfec77-7a0d-4773-aa56-ba0b778d0ab5:c5105, 90c45227-141f-43fe-b831-a2b91b39d6b0:c5105]
2019-07-14 06:26:15,521 INFO  client.GrpcClientProtocolClient (GrpcClientProtocolClient.java:onNext(255)) - client-D2340BF4DD29->f9fecd82-c7ae-483e-b259-6428f2dfb240: receive RaftClientReply:client-D2340BF4DD29->f9fecd82-c7ae-483e-b259-6428f2dfb240@group-7DE138E597A5, cid=3376, SUCCESS, logIndex=5109, commits[f9fecd82-c7ae-483e-b259-6428f2dfb240:c5109, adbfec77-7a0d-4773-aa56-ba0b778d0ab5:c5105, 90c45227-141f-43fe-b831-a2b91b39d6b0:c5105]
2019-07-14 06:26:15,530 INFO  client.GrpcClientProtocolClient (GrpcClientProtocolClient.java:onNext(255)) - client-D2340BF4DD29->f9fecd82-c7ae-483e-b259-6428f2dfb240: receive RaftClientReply:client-D2340BF4DD29->f9fecd82-c7ae-483e-b259-6428f2dfb240@group-7DE138E597A5, cid=3377, SUCCESS, logIndex=0, commits[f9fecd82-c7ae-483e-b259-6428f2dfb240:c5111, adbfec77-7a0d-4773-aa56-ba0b778d0ab5:c5107, 90c45227-141f-43fe-b831-a2b91b39d6b0:c5107]
2019-07-14 06:26:15,553 INFO  client.GrpcClientProtocolClient (GrpcClientProtocolClient.java:onNext(255)) - client-D2340BF4DD29->f9fecd82-c7ae-483e-b259-6428f2dfb240: receive RaftClientReply:client-D2340BF4DD29->f9fecd82-c7ae-483e-b259-6428f2dfb240@group-7DE138E597A5, cid=3378, SUCCESS, logIndex=5113, commits[f9fecd82-c7ae-483e-b259-6428f2dfb240:c5113, adbfec77-7a0d-4773-aa56-ba0b778d0ab5:c5112, 90c45227-141f-43fe-b831-a2b91b39d6b0:c5112]
2019-07-14 06:26:15,553 INFO  client.GrpcClientProtocolClient (GrpcClientProtocolClient.java:onNext(255)) - client-D2340BF4DD29->f9fecd82-c7ae-483e-b259-6428f2dfb240: receive RaftClientReply:client-D2340BF4DD29->f9fecd82-c7ae-483e-b259-6428f2dfb240@group-7DE138E597A5, cid=3379, SUCCESS, logIndex=5114, commits[f9fecd82-c7ae-483e-b259-6428f2dfb240:c5114, adbfec77-7a0d-4773-aa56-ba0b778d0ab5:c5112, 90c45227-141f-43fe-b831-a2b91b39d6b0:c5112]
2019-07-14 06:26:15,578 INFO  client.GrpcClientProtocolClient (GrpcClientProtocolClient.java:onNext(255)) - client-D2340BF4DD29->f9fecd82-c7ae-483e-b259-6428f2dfb240: receive RaftClientReply:client-D2340BF4DD29->f9fecd82-c7ae-483e-b259-6428f2dfb240@group-7DE138E597A5, cid=3380, SUCCESS, logIndex=5117, commits[f9fecd82-c7ae-483e-b259-6428f2dfb240:c5118, adbfec77-7a0d-4773-aa56-ba0b778d0ab5:c5114, 90c45227-141f-43fe-b831-a2b91b39d6b0:c5114]
2019-07-14 06:26:15,579 INFO  client.GrpcClientProtocolClient (GrpcClientProtocolClient.java:onNext(255)) - client-D2340BF4DD29->f9fecd82-c7ae-483e-b259-6428f2dfb240: receive RaftClientReply:client-D2340BF4DD29->f9fecd82-c7ae-483e-b259-6428f2dfb240@group-7DE138E597A5, cid=3381, SUCCESS, logIndex=5118, commits[f9fecd82-c7ae-483e-b259-6428f2dfb240:c5118, adbfec77-7a0d-4773-aa56-ba0b778d0ab5:c5114, 90c45227-141f-43fe-b831-a2b91b39d6b0:c5114]
2019-07-14 06:26:15,581 INFO  client.GrpcClientProtocolClient (GrpcClientProtocolClient.java:onNext(255)) - client-D2340BF4DD29->f9fecd82-c7ae-483e-b259-6428f2dfb240: receive RaftClientReply:client-D2340BF4DD29->f9fecd82-c7ae-483e-b259-6428f2dfb240@group-7DE138E597A5, cid=3382, SUCCESS, logIndex=0, commits[f9fecd82-c7ae-483e-b259-6428f2dfb240:c5120, adbfec77-7a0d-4773-aa56-ba0b778d0ab5:c5118, 90c45227-141f-43fe-b831-a2b91b39d6b0:c5118]
2019-07-14 06:26:15,617 INFO  client.GrpcClientProtocolClient (GrpcClientProtocolClient.java:onNext(255)) - client-D2340BF4DD29->f9fecd82-c7ae-483e-b259-6428f2dfb240: receive RaftClientReply:client-D2340BF4DD29->f9fecd82-c7ae-483e-b259-6428f2dfb240@group-7DE138E597A5, cid=3383, SUCCESS, logIndex=5121, commits[f9fecd82-c7ae-483e-b259-6428f2dfb240:c5122, adbfec77-7a0d-4773-aa56-ba0b778d0ab5:c5120, 90c45227-141f-43fe-b831-a2b91b39d6b0:c5120]
2019-07-14 06:26:15,618 INFO  client.GrpcClientProtocolClient (GrpcClientProtocolClient.java:onNext(255)) - client-D2340BF4DD29->f9fecd82-c7ae-483e-b259-6428f2dfb240: receive RaftClientReply:client-D2340BF4DD29->f9fecd82-c7ae-483e-b259-6428f2dfb240@group-7DE138E597A5, cid=3384, SUCCESS, logIndex=5122, commits[f9fecd82-c7ae-483e-b259-6428f2dfb240:c5124, adbfec77-7a0d-4773-aa56-ba0b778d0ab5:c5120, 90c45227-141f-43fe-b831-a2b91b39d6b0:c5120]
2019-07-14 06:26:15,618 INFO  client.GrpcClientProtocolClient (GrpcClientProtocolClient.java:onNext(255)) - client-D2340BF4DD29->f9fecd82-c7ae-483e-b259-6428f2dfb240: receive RaftClientReply:client-D2340BF4DD29->f9fecd82-c7ae-483e-b259-6428f2dfb240@group-7DE138E597A5, cid=3385, SUCCESS, logIndex=5123, commits[f9fecd82-c7ae-483e-b259-6428f2dfb240:c5124, adbfec77-7a0d-4773-aa56-ba0b778d0ab5:c5120, 90c45227-141f-43fe-b831-a2b91b39d6b0:c5120]
2019-07-14 06:26:15,619 INFO  client.GrpcClientProtocolClient (GrpcClientProtocolClient.java:onNext(255)) - client-D2340BF4DD29->f9fecd82-c7ae-483e-b259-6428f2dfb240: receive RaftClientReply:client-D2340BF4DD29->f9fecd82-c7ae-483e-b259-6428f2dfb240@group-7DE138E597A5, cid=3386, SUCCESS, logIndex=5124, commits[f9fecd82-c7ae-483e-b259-6428f2dfb240:c5124, adbfec77-7a0d-4773-aa56-ba0b778d0ab5:c5120, 90c45227-141f-43fe-b831-a2b91b39d6b0:c5120]
2019-07-14 06:26:15,620 INFO  client.GrpcClientProtocolClient (GrpcClientProtocolClient.java:onNext(255)) - client-D2340BF4DD29->f9fecd82-c7ae-483e-b259-6428f2dfb240: receive RaftClientReply:client-D2340BF4DD29->f9fecd82-c7ae-483e-b259-6428f2dfb240@group-7DE138E597A5, cid=3387, SUCCESS, logIndex=0, commits[f9fecd82-c7ae-483e-b259-6428f2dfb240:c5127, adbfec77-7a0d-4773-aa56-ba0b778d0ab5:c5124, 90c45227-141f-43fe-b831-a2b91b39d6b0:c5122]
2019-07-14 06:26:15,642 INFO  client.GrpcClientProtocolClient (GrpcClientProtocolClient.java:onNext(255)) - client-D2340BF4DD29->f9fecd82-c7ae-483e-b259-6428f2dfb240: receive RaftClientReply:client-D2340BF4DD29->f9fecd82-c7ae-483e-b259-6428f2dfb240@group-7DE138E597A5, cid=3388, SUCCESS, logIndex=5129, commits[f9fecd82-c7ae-483e-b259-6428f2dfb240:c5130, adbfec77-7a0d-4773-aa56-ba0b778d0ab5:c5128, 90c45227-141f-43fe-b831-a2b91b39d6b0:c5128]
2019-07-14 06:26:15,642 INFO  client.GrpcClientProtocolClient (GrpcClientProtocolClient.java:onNext(255)) - client-D2340BF4DD29->f9fecd82-c7ae-483e-b259-6428f2dfb240: receive RaftClientReply:client-D2340BF4DD29->f9fecd82-c7ae-483e-b259-6428f2dfb240@group-7DE138E597A5, cid=3389, SUCCESS, logIndex=5130, commits[f9fecd82-c7ae-483e-b259-6428f2dfb240:c5130, adbfec77-7a0d-4773-aa56-ba0b778d0ab5:c5128, 90c45227-141f-43fe-b831-a2b91b39d6b0:c5128]
2019-07-14 06:26:15,666 INFO  client.GrpcClientProtocolClient (GrpcClientProtocolClient.java:onNext(255)) - client-D2340BF4DD29->f9fecd82-c7ae-483e-b259-6428f2dfb240: receive RaftClientReply:client-D2340BF4DD29->f9fecd82-c7ae-483e-b259-6428f2dfb240@group-7DE138E597A5, cid=3390, SUCCESS, logIndex=5133, commits[f9fecd82-c7ae-483e-b259-6428f2dfb240:c5134, adbfec77-7a0d-4773-aa56-ba0b778d0ab5:c5130, 90c45227-141f-43fe-b831-a2b91b39d6b0:c5130]
2019-07-14 06:26:15,666 INFO  client.GrpcClientProtocolClient (GrpcClientProtocolClient.java:onNext(255)) - client-D2340BF4DD29->f9fecd82-c7ae-483e-b259-6428f2dfb240: receive RaftClientReply:client-D2340BF4DD29->f9fecd82-c7ae-483e-b259-6428f2dfb240@group-7DE138E597A5, cid=3391, SUCCESS, logIndex=5134, commits[f9fecd82-c7ae-483e-b259-6428f2dfb240:c5134, adbfec77-7a0d-4773-aa56-ba0b778d0ab5:c5130, 90c45227-141f-43fe-b831-a2b91b39d6b0:c5130]
2019-07-14 06:26:15,678 INFO  client.GrpcClientProtocolClient (GrpcClientProtocolClient.java:onNext(255)) - client-D2340BF4DD29->f9fecd82-c7ae-483e-b259-6428f2dfb240: receive RaftClientReply:client-D2340BF4DD29->f9fecd82-c7ae-483e-b259-6428f2dfb240@group-7DE138E597A5, cid=3392, SUCCESS, logIndex=0, commits[f9fecd82-c7ae-483e-b259-6428f2dfb240:c5135, adbfec77-7a0d-4773-aa56-ba0b778d0ab5:c5134, 90c45227-141f-43fe-b831-a2b91b39d6b0:c5134]
2019-07-14 06:26:15,719 INFO  client.GrpcClientProtocolClient (GrpcClientProtocolClient.java:onNext(255)) - client-D2340BF4DD29->f9fecd82-c7ae-483e-b259-6428f2dfb240: receive RaftClientReply:client-D2340BF4DD29->f9fecd82-c7ae-483e-b259-6428f2dfb240@group-7DE138E597A5, cid=3393, SUCCESS, logIndex=5137, commits[f9fecd82-c7ae-483e-b259-6428f2dfb240:c5139, adbfec77-7a0d-4773-aa56-ba0b778d0ab5:c5136, 90c45227-141f-43fe-b831-a2b91b39d6b0:c5136]
2019-07-14 06:26:15,719 INFO  client.GrpcClientProtocolClient (GrpcClientProtocolClient.java:onNext(255)) - client-D2340BF4DD29->f9fecd82-c7ae-483e-b259-6428f2dfb240: receive RaftClientReply:client-D2340BF4DD29->f9fecd82-c7ae-483e-b259-6428f2dfb240@group-7DE138E597A5, cid=3394, SUCCESS, logIndex=5138, commits[f9fecd82-c7ae-483e-b259-6428f2dfb240:c5140, adbfec77-7a0d-4773-aa56-ba0b778d0ab5:c5136, 90c45227-141f-43fe-b831-a2b91b39d6b0:c5136]
2019-07-14 06:26:15,719 INFO  client.GrpcClientProtocolClient (GrpcClientProtocolClient.java:onNext(255)) - client-D2340BF4DD29->f9fecd82-c7ae-483e-b259-6428f2dfb240: receive RaftClientReply:client-D2340BF4DD29->f9fecd82-c7ae-483e-b259-6428f2dfb240@group-7DE138E597A5, cid=3395, SUCCESS, logIndex=5139, commits[f9fecd82-c7ae-483e-b259-6428f2dfb240:c5140, adbfec77-7a0d-4773-aa56-ba0b778d0ab5:c5136, 90c45227-141f-43fe-b831-a2b91b39d6b0:c5136]
2019-07-14 06:26:15,720 INFO  client.GrpcClientProtocolClient (GrpcClientProtocolClient.java:onNext(255)) - client-D2340BF4DD29->f9fecd82-c7ae-483e-b259-6428f2dfb240: receive RaftClientReply:client-D2340BF4DD29->f9fecd82-c7ae-483e-b259-6428f2dfb240@group-7DE138E597A5, cid=3396, SUCCESS, logIndex=5140, commits[f9fecd82-c7ae-483e-b259-6428f2dfb240:c5140, adbfec77-7a0d-4773-aa56-ba0b778d0ab5:c5136, 90c45227-141f-43fe-b831-a2b91b39d6b0:c5136]
2019-07-14 06:26:15,731 INFO  client.GrpcClientProtocolClient (GrpcClientProtocolClient.java:onNext(255)) - client-D2340BF4DD29->f9fecd82-c7ae-483e-b259-6428f2dfb240: receive RaftClientReply:client-D2340BF4DD29->f9fecd82-c7ae-483e-b259-6428f2dfb240@group-7DE138E597A5, cid=3397, SUCCESS, logIndex=0, commits[f9fecd82-c7ae-483e-b259-6428f2dfb240:c5142, adbfec77-7a0d-4773-aa56-ba0b778d0ab5:c5138, 90c45227-141f-43fe-b831-a2b91b39d6b0:c5138]
2019-07-14 06:26:15,750 INFO  client.GrpcClientProtocolClient (GrpcClientProtocolClient.java:onNext(255)) - client-D2340BF4DD29->f9fecd82-c7ae-483e-b259-6428f2dfb240: receive RaftClientReply:client-D2340BF4DD29->f9fecd82-c7ae-483e-b259-6428f2dfb240@group-7DE138E597A5, cid=3398, SUCCESS, logIndex=5145, commits[f9fecd82-c7ae-483e-b259-6428f2dfb240:c5146, adbfec77-7a0d-4773-aa56-ba0b778d0ab5:c5144, 90c45227-141f-43fe-b831-a2b91b39d6b0:c5144]
2019-07-14 06:26:15,751 INFO  client.GrpcClientProtocolClient (GrpcClientProtocolClient.java:onNext(255)) - client-D2340BF4DD29->f9fecd82-c7ae-483e-b259-6428f2dfb240: receive RaftClientReply:client-D2340BF4DD29->f9fecd82-c7ae-483e-b259-6428f2dfb240@group-7DE138E597A5, cid=3399, SUCCESS, logIndex=5146, commits[f9fecd82-c7ae-483e-b259-6428f2dfb240:c5146, adbfec77-7a0d-4773-aa56-ba0b778d0ab5:c5144, 90c45227-141f-43fe-b831-a2b91b39d6b0:c5144]
2019-07-14 06:26:15,764 INFO  client.GrpcClientProtocolClient (GrpcClientProtocolClient.java:onNext(255)) - client-D2340BF4DD29->f9fecd82-c7ae-483e-b259-6428f2dfb240: receive RaftClientReply:client-D2340BF4DD29->f9fecd82-c7ae-483e-b259-6428f2dfb240@group-7DE138E597A5, cid=3400, SUCCESS, logIndex=5149, commits[f9fecd82-c7ae-483e-b259-6428f2dfb240:c5150, adbfec77-7a0d-4773-aa56-ba0b778d0ab5:c5146, 90c45227-141f-43fe-b831-a2b91b39d6b0:c5146]
2019-07-14 06:26:15,764 INFO  client.GrpcClientProtocolClient (GrpcClientProtocolClient.java:onNext(255)) - client-D2340BF4DD29->f9fecd82-c7ae-483e-b259-6428f2dfb240: receive RaftClientReply:client-D2340BF4DD29->f9fecd82-c7ae-483e-b259-6428f2dfb240@group-7DE138E597A5, cid=3401, SUCCESS, logIndex=5150, commits[f9fecd82-c7ae-483e-b259-6428f2dfb240:c5150, adbfec77-7a0d-4773-aa56-ba0b778d0ab5:c5146, 90c45227-141f-43fe-b831-a2b91b39d6b0:c5146]
2019-07-14 06:26:15,778 INFO  client.GrpcClientProtocolClient (GrpcClientProtocolClient.java:onNext(255)) - client-D2340BF4DD29->f9fecd82-c7ae-483e-b259-6428f2dfb240: receive RaftClientReply:client-D2340BF4DD29->f9fecd82-c7ae-483e-b259-6428f2dfb240@group-7DE138E597A5, cid=3402, SUCCESS, logIndex=0, commits[f9fecd82-c7ae-483e-b259-6428f2dfb240:c5152, adbfec77-7a0d-4773-aa56-ba0b778d0ab5:c5150, 90c45227-141f-43fe-b831-a2b91b39d6b0:c5150]
2019-07-14 06:26:15,820 INFO  client.GrpcClientProtocolClient (GrpcClientProtocolClient.java:onNext(255)) - client-D2340BF4DD29->f9fecd82-c7ae-483e-b259-6428f2dfb240: receive RaftClientReply:client-D2340BF4DD29->f9fecd82-c7ae-483e-b259-6428f2dfb240@group-7DE138E597A5, cid=3403, SUCCESS, logIndex=5153, commits[f9fecd82-c7ae-483e-b259-6428f2dfb240:c5154, adbfec77-7a0d-4773-aa56-ba0b778d0ab5:c5152, 90c45227-141f-43fe-b831-a2b91b39d6b0:c5152]
2019-07-14 06:26:15,821 INFO  client.GrpcClientProtocolClient (GrpcClientProtocolClient.java:onNext(255)) - client-D2340BF4DD29->f9fecd82-c7ae-483e-b259-6428f2dfb240: receive RaftClientReply:client-D2340BF4DD29->f9fecd82-c7ae-483e-b259-6428f2dfb240@group-7DE138E597A5, cid=3404, SUCCESS, logIndex=5154, commits[f9fecd82-c7ae-483e-b259-6428f2dfb240:c5156, adbfec77-7a0d-4773-aa56-ba0b778d0ab5:c5152, 90c45227-141f-43fe-b831-a2b91b39d6b0:c5152]
2019-07-14 06:26:15,822 INFO  client.GrpcClientProtocolClient (GrpcClientProtocolClient.java:onNext(255)) - client-D2340BF4DD29->f9fecd82-c7ae-483e-b259-6428f2dfb240: receive RaftClientReply:client-D2340BF4DD29->f9fecd82-c7ae-483e-b259-6428f2dfb240@group-7DE138E597A5, cid=3405, SUCCESS, logIndex=5155, commits[f9fecd82-c7ae-483e-b259-6428f2dfb240:c5156, adbfec77-7a0d-4773-aa56-ba0b778d0ab5:c5152, 90c45227-141f-43fe-b831-a2b91b39d6b0:c5152]
2019-07-14 06:26:15,822 INFO  client.GrpcClientProtocolClient (GrpcClientProtocolClient.java:onNext(255)) - client-D2340BF4DD29->f9fecd82-c7ae-483e-b259-6428f2dfb240: receive RaftClientReply:client-D2340BF4DD29->f9fecd82-c7ae-483e-b259-6428f2dfb240@group-7DE138E597A5, cid=3406, SUCCESS, logIndex=5156, commits[f9fecd82-c7ae-483e-b259-6428f2dfb240:c5156, adbfec77-7a0d-4773-aa56-ba0b778d0ab5:c5152, 90c45227-141f-43fe-b831-a2b91b39d6b0:c5152]
2019-07-14 06:26:15,834 INFO  client.GrpcClientProtocolClient (GrpcClientProtocolClient.java:onNext(255)) - client-D2340BF4DD29->f9fecd82-c7ae-483e-b259-6428f2dfb240: receive RaftClientReply:client-D2340BF4DD29->f9fecd82-c7ae-483e-b259-6428f2dfb240@group-7DE138E597A5, cid=3407, SUCCESS, logIndex=0, commits[f9fecd82-c7ae-483e-b259-6428f2dfb240:c5158, adbfec77-7a0d-4773-aa56-ba0b778d0ab5:c5154, 90c45227-141f-43fe-b831-a2b91b39d6b0:c5154]
2019-07-14 06:26:15,999 INFO  client.GrpcClientProtocolClient (GrpcClientProtocolClient.java:onNext(255)) - client-D2340BF4DD29->f9fecd82-c7ae-483e-b259-6428f2dfb240: receive RaftClientReply:client-D2340BF4DD29->f9fecd82-c7ae-483e-b259-6428f2dfb240@group-7DE138E597A5, cid=3408, SUCCESS, logIndex=5161, commits[f9fecd82-c7ae-483e-b259-6428f2dfb240:c5162, adbfec77-7a0d-4773-aa56-ba0b778d0ab5:c5156, 90c45227-141f-43fe-b831-a2b91b39d6b0:c5160]
2019-07-14 06:26:16,000 INFO  client.GrpcClientProtocolClient (GrpcClientProtocolClient.java:onNext(255)) - client-D2340BF4DD29->f9fecd82-c7ae-483e-b259-6428f2dfb240: receive RaftClientReply:client-D2340BF4DD29->f9fecd82-c7ae-483e-b259-6428f2dfb240@group-7DE138E597A5, cid=3409, SUCCESS, logIndex=5162, commits[f9fecd82-c7ae-483e-b259-6428f2dfb240:c5162, adbfec77-7a0d-4773-aa56-ba0b778d0ab5:c5160, 90c45227-141f-43fe-b831-a2b91b39d6b0:c5160]
2019-07-14 06:26:16,025 INFO  client.GrpcClientProtocolClient (GrpcClientProtocolClient.java:onNext(255)) - client-D2340BF4DD29->f9fecd82-c7ae-483e-b259-6428f2dfb240: receive RaftClientReply:client-D2340BF4DD29->f9fecd82-c7ae-483e-b259-6428f2dfb240@group-7DE138E597A5, cid=3410, SUCCESS, logIndex=5165, commits[f9fecd82-c7ae-483e-b259-6428f2dfb240:c5166, adbfec77-7a0d-4773-aa56-ba0b778d0ab5:c5162, 90c45227-141f-43fe-b831-a2b91b39d6b0:c5162]
2019-07-14 06:26:16,026 INFO  client.GrpcClientProtocolClient (GrpcClientProtocolClient.java:onNext(255)) - client-D2340BF4DD29->f9fecd82-c7ae-483e-b259-6428f2dfb240: receive RaftClientReply:client-D2340BF4DD29->f9fecd82-c7ae-483e-b259-6428f2dfb240@group-7DE138E597A5, cid=3411, SUCCESS, logIndex=5166, commits[f9fecd82-c7ae-483e-b259-6428f2dfb240:c5166, adbfec77-7a0d-4773-aa56-ba0b778d0ab5:c5162, 90c45227-141f-43fe-b831-a2b91b39d6b0:c5162]
2019-07-14 06:26:16,039 INFO  client.GrpcClientProtocolClient (GrpcClientProtocolClient.java:onNext(255)) - client-D2340BF4DD29->f9fecd82-c7ae-483e-b259-6428f2dfb240: receive RaftClientReply:client-D2340BF4DD29->f9fecd82-c7ae-483e-b259-6428f2dfb240@group-7DE138E597A5, cid=3412, SUCCESS, logIndex=0, commits[f9fecd82-c7ae-483e-b259-6428f2dfb240:c5168, adbfec77-7a0d-4773-aa56-ba0b778d0ab5:c5166, 90c45227-141f-43fe-b831-a2b91b39d6b0:c5166]
2019-07-14 06:26:16,076 INFO  client.GrpcClientProtocolClient (GrpcClientProtocolClient.java:onNext(255)) - client-D2340BF4DD29->f9fecd82-c7ae-483e-b259-6428f2dfb240: receive RaftClientReply:client-D2340BF4DD29->f9fecd82-c7ae-483e-b259-6428f2dfb240@group-7DE138E597A5, cid=3413, SUCCESS, logIndex=5169, commits[f9fecd82-c7ae-483e-b259-6428f2dfb240:c5170, adbfec77-7a0d-4773-aa56-ba0b778d0ab5:c5168, 90c45227-141f-43fe-b831-a2b91b39d6b0:c5168]
2019-07-14 06:26:16,077 INFO  client.GrpcClientProtocolClient (GrpcClientProtocolClient.java:onNext(255)) - client-D2340BF4DD29->f9fecd82-c7ae-483e-b259-6428f2dfb240: receive RaftClientReply:client-D2340BF4DD29->f9fecd82-c7ae-483e-b259-6428f2dfb240@group-7DE138E597A5, cid=3414, SUCCESS, logIndex=5170, commits[f9fecd82-c7ae-483e-b259-6428f2dfb240:c5171, adbfec77-7a0d-4773-aa56-ba0b778d0ab5:c5168, 90c45227-141f-43fe-b831-a2b91b39d6b0:c5168]
2019-07-14 06:26:16,077 INFO  client.GrpcClientProtocolClient (GrpcClientProtocolClient.java:onNext(255)) - client-D2340BF4DD29->f9fecd82-c7ae-483e-b259-6428f2dfb240: receive RaftClientReply:client-D2340BF4DD29->f9fecd82-c7ae-483e-b259-6428f2dfb240@group-7DE138E597A5, cid=3415, SUCCESS, logIndex=5171, commits[f9fecd82-c7ae-483e-b259-6428f2dfb240:c5172, adbfec77-7a0d-4773-aa56-ba0b778d0ab5:c5168, 90c45227-141f-43fe-b831-a2b91b39d6b0:c5168]
2019-07-14 06:26:16,078 INFO  client.GrpcClientProtocolClient (GrpcClientProtocolClient.java:onNext(255)) - client-D2340BF4DD29->f9fecd82-c7ae-483e-b259-6428f2dfb240: receive RaftClientReply:client-D2340BF4DD29->f9fecd82-c7ae-483e-b259-6428f2dfb240@group-7DE138E597A5, cid=3416, SUCCESS, logIndex=5172, commits[f9fecd82-c7ae-483e-b259-6428f2dfb240:c5172, adbfec77-7a0d-4773-aa56-ba0b778d0ab5:c5168, 90c45227-141f-43fe-b831-a2b91b39d6b0:c5168]
2019-07-14 06:26:16,089 INFO  client.GrpcClientProtocolClient (GrpcClientProtocolClient.java:onNext(255)) - client-D2340BF4DD29->f9fecd82-c7ae-483e-b259-6428f2dfb240: receive RaftClientReply:client-D2340BF4DD29->f9fecd82-c7ae-483e-b259-6428f2dfb240@group-7DE138E597A5, cid=3417, SUCCESS, logIndex=0, commits[f9fecd82-c7ae-483e-b259-6428f2dfb240:c5174, adbfec77-7a0d-4773-aa56-ba0b778d0ab5:c5170, 90c45227-141f-43fe-b831-a2b91b39d6b0:c5170]
2019-07-14 06:26:16,111 INFO  client.GrpcClientProtocolClient (GrpcClientProtocolClient.java:onNext(255)) - client-D2340BF4DD29->f9fecd82-c7ae-483e-b259-6428f2dfb240: receive RaftClientReply:client-D2340BF4DD29->f9fecd82-c7ae-483e-b259-6428f2dfb240@group-7DE138E597A5, cid=3418, SUCCESS, logIndex=5177, commits[f9fecd82-c7ae-483e-b259-6428f2dfb240:c5178, adbfec77-7a0d-4773-aa56-ba0b778d0ab5:c5176, 90c45227-141f-43fe-b831-a2b91b39d6b0:c5176]
2019-07-14 06:26:16,112 INFO  client.GrpcClientProtocolClient (GrpcClientProtocolClient.java:onNext(255)) - client-D2340BF4DD29->f9fecd82-c7ae-483e-b259-6428f2dfb240: receive RaftClientReply:client-D2340BF4DD29->f9fecd82-c7ae-483e-b259-6428f2dfb240@group-7DE138E597A5, cid=3419, SUCCESS, logIndex=5178, commits[f9fecd82-c7ae-483e-b259-6428f2dfb240:c5178, adbfec77-7a0d-4773-aa56-ba0b778d0ab5:c5176, 90c45227-141f-43fe-b831-a2b91b39d6b0:c5176]
2019-07-14 06:26:16,125 INFO  client.GrpcClientProtocolClient (GrpcClientProtocolClient.java:onNext(255)) - client-D2340BF4DD29->f9fecd82-c7ae-483e-b259-6428f2dfb240: receive RaftClientReply:client-D2340BF4DD29->f9fecd82-c7ae-483e-b259-6428f2dfb240@group-7DE138E597A5, cid=3420, SUCCESS, logIndex=5181, commits[f9fecd82-c7ae-483e-b259-6428f2dfb240:c5182, adbfec77-7a0d-4773-aa56-ba0b778d0ab5:c5178, 90c45227-141f-43fe-b831-a2b91b39d6b0:c5178]
2019-07-14 06:26:16,129 INFO  client.GrpcClientProtocolClient (GrpcClientProtocolClient.java:onNext(255)) - client-D2340BF4DD29->f9fecd82-c7ae-483e-b259-6428f2dfb240: receive RaftClientReply:client-D2340BF4DD29->f9fecd82-c7ae-483e-b259-6428f2dfb240@group-7DE138E597A5, cid=3421, SUCCESS, logIndex=5182, commits[f9fecd82-c7ae-483e-b259-6428f2dfb240:c5182, adbfec77-7a0d-4773-aa56-ba0b778d0ab5:c5178, 90c45227-141f-43fe-b831-a2b91b39d6b0:c5178]
2019-07-14 06:26:16,130 INFO  client.GrpcClientProtocolClient (GrpcClientProtocolClient.java:onNext(255)) - client-D2340BF4DD29->f9fecd82-c7ae-483e-b259-6428f2dfb240: receive RaftClientReply:client-D2340BF4DD29->f9fecd82-c7ae-483e-b259-6428f2dfb240@group-7DE138E597A5, cid=3422, SUCCESS, logIndex=0, commits[f9fecd82-c7ae-483e-b259-6428f2dfb240:c5183, adbfec77-7a0d-4773-aa56-ba0b778d0ab5:c5182, 90c45227-141f-43fe-b831-a2b91b39d6b0:c5182]
 0.00% |█                                                                                                    |  0/1 Time: 0:00:302019-07-14 06:26:16,181 INFO  client.GrpcClientProtocolClient (GrpcClientProtocolClient.java:onNext(255)) - client-D2340BF4DD29->f9fecd82-c7ae-483e-b259-6428f2dfb240: receive RaftClientReply:client-D2340BF4DD29->f9fecd82-c7ae-483e-b259-6428f2dfb240@group-7DE138E597A5, cid=3423, SUCCESS, logIndex=5185, commits[f9fecd82-c7ae-483e-b259-6428f2dfb240:c5188, adbfec77-7a0d-4773-aa56-ba0b778d0ab5:c5182, 90c45227-141f-43fe-b831-a2b91b39d6b0:c5184]
2019-07-14 06:26:16,182 INFO  client.GrpcClientProtocolClient (GrpcClientProtocolClient.java:onNext(255)) - client-D2340BF4DD29->f9fecd82-c7ae-483e-b259-6428f2dfb240: receive RaftClientReply:client-D2340BF4DD29->f9fecd82-c7ae-483e-b259-6428f2dfb240@group-7DE138E597A5, cid=3424, SUCCESS, logIndex=5186, commits[f9fecd82-c7ae-483e-b259-6428f2dfb240:c5188, adbfec77-7a0d-4773-aa56-ba0b778d0ab5:c5184, 90c45227-141f-43fe-b831-a2b91b39d6b0:c5184]
2019-07-14 06:26:16,183 INFO  client.GrpcClientProtocolClient (GrpcClientProtocolClient.java:onNext(255)) - client-D2340BF4DD29->f9fecd82-c7ae-483e-b259-6428f2dfb240: receive RaftClientReply:client-D2340BF4DD29->f9fecd82-c7ae-483e-b259-6428f2dfb240@group-7DE138E597A5, cid=3425, SUCCESS, logIndex=5187, commits[f9fecd82-c7ae-483e-b259-6428f2dfb240:c5189, adbfec77-7a0d-4773-aa56-ba0b778d0ab5:c5184, 90c45227-141f-43fe-b831-a2b91b39d6b0:c5185]
2019-07-14 06:26:16,183 INFO  client.GrpcClientProtocolClient (GrpcClientProtocolClient.java:onNext(255)) - client-D2340BF4DD29->f9fecd82-c7ae-483e-b259-6428f2dfb240: receive RaftClientReply:client-D2340BF4DD29->f9fecd82-c7ae-483e-b259-6428f2dfb240@group-7DE138E597A5, cid=3426, SUCCESS, logIndex=5188, commits[f9fecd82-c7ae-483e-b259-6428f2dfb240:c5189, adbfec77-7a0d-4773-aa56-ba0b778d0ab5:c5184, 90c45227-141f-43fe-b831-a2b91b39d6b0:c5185]
2019-07-14 06:26:16,184 INFO  client.GrpcClientProtocolClient (GrpcClientProtocolClient.java:onNext(255)) - client-D2340BF4DD29->f9fecd82-c7ae-483e-b259-6428f2dfb240: receive RaftClientReply:client-D2340BF4DD29->f9fecd82-c7ae-483e-b259-6428f2dfb240@group-7DE138E597A5, cid=3427, SUCCESS, logIndex=0, commits[f9fecd82-c7ae-483e-b259-6428f2dfb240:c5192, adbfec77-7a0d-4773-aa56-ba0b778d0ab5:c5188, 90c45227-141f-43fe-b831-a2b91b39d6b0:c5188]
2019-07-14 06:26:16,207 INFO  client.GrpcClientProtocolClient (GrpcClientProtocolClient.java:onNext(255)) - client-D2340BF4DD29->f9fecd82-c7ae-483e-b259-6428f2dfb240: receive RaftClientReply:client-D2340BF4DD29->f9fecd82-c7ae-483e-b259-6428f2dfb240@group-7DE138E597A5, cid=3428, SUCCESS, logIndex=5193, commits[f9fecd82-c7ae-483e-b259-6428f2dfb240:c5194, adbfec77-7a0d-4773-aa56-ba0b778d0ab5:c5192, 90c45227-141f-43fe-b831-a2b91b39d6b0:c5192]
2019-07-14 06:26:16,207 INFO  client.GrpcClientProtocolClient (GrpcClientProtocolClient.java:onNext(255)) - client-D2340BF4DD29->f9fecd82-c7ae-483e-b259-6428f2dfb240: receive RaftClientReply:client-D2340BF4DD29->f9fecd82-c7ae-483e-b259-6428f2dfb240@group-7DE138E597A5, cid=3429, SUCCESS, logIndex=5194, commits[f9fecd82-c7ae-483e-b259-6428f2dfb240:c5194, adbfec77-7a0d-4773-aa56-ba0b778d0ab5:c5192, 90c45227-141f-43fe-b831-a2b91b39d6b0:c5192]
2019-07-14 06:26:16,237 INFO  client.GrpcClientProtocolClient (GrpcClientProtocolClient.java:onNext(255)) - client-D2340BF4DD29->f9fecd82-c7ae-483e-b259-6428f2dfb240: receive RaftClientReply:client-D2340BF4DD29->f9fecd82-c7ae-483e-b259-6428f2dfb240@group-7DE138E597A5, cid=3430, SUCCESS, logIndex=5197, commits[f9fecd82-c7ae-483e-b259-6428f2dfb240:c5198, adbfec77-7a0d-4773-aa56-ba0b778d0ab5:c5194, 90c45227-141f-43fe-b831-a2b91b39d6b0:c5193]
2019-07-14 06:26:16,237 INFO  client.GrpcClientProtocolClient (GrpcClientProtocolClient.java:onNext(255)) - client-D2340BF4DD29->f9fecd82-c7ae-483e-b259-6428f2dfb240: receive RaftClientReply:client-D2340BF4DD29->f9fecd82-c7ae-483e-b259-6428f2dfb240@group-7DE138E597A5, cid=3431, SUCCESS, logIndex=5198, commits[f9fecd82-c7ae-483e-b259-6428f2dfb240:c5198, adbfec77-7a0d-4773-aa56-ba0b778d0ab5:c5194, 90c45227-141f-43fe-b831-a2b91b39d6b0:c5194]
2019-07-14 06:26:16,239 INFO  client.GrpcClientProtocolClient (GrpcClientProtocolClient.java:onNext(255)) - client-D2340BF4DD29->f9fecd82-c7ae-483e-b259-6428f2dfb240: receive RaftClientReply:client-D2340BF4DD29->f9fecd82-c7ae-483e-b259-6428f2dfb240@group-7DE138E597A5, cid=3432, SUCCESS, logIndex=0, commits[f9fecd82-c7ae-483e-b259-6428f2dfb240:c5199, adbfec77-7a0d-4773-aa56-ba0b778d0ab5:c5198, 90c45227-141f-43fe-b831-a2b91b39d6b0:c5198]
2019-07-14 06:26:16,279 INFO  client.GrpcClientProtocolClient (GrpcClientProtocolClient.java:onNext(255)) - client-D2340BF4DD29->f9fecd82-c7ae-483e-b259-6428f2dfb240: receive RaftClientReply:client-D2340BF4DD29->f9fecd82-c7ae-483e-b259-6428f2dfb240@group-7DE138E597A5, cid=3433, SUCCESS, logIndex=5201, commits[f9fecd82-c7ae-483e-b259-6428f2dfb240:c5202, adbfec77-7a0d-4773-aa56-ba0b778d0ab5:c5200, 90c45227-141f-43fe-b831-a2b91b39d6b0:c5200]
2019-07-14 06:26:16,280 INFO  client.GrpcClientProtocolClient (GrpcClientProtocolClient.java:onNext(255)) - client-D2340BF4DD29->f9fecd82-c7ae-483e-b259-6428f2dfb240: receive RaftClientReply:client-D2340BF4DD29->f9fecd82-c7ae-483e-b259-6428f2dfb240@group-7DE138E597A5, cid=3434, SUCCESS, logIndex=5202, commits[f9fecd82-c7ae-483e-b259-6428f2dfb240:c5204, adbfec77-7a0d-4773-aa56-ba0b778d0ab5:c5200, 90c45227-141f-43fe-b831-a2b91b39d6b0:c5200]
2019-07-14 06:26:16,280 INFO  client.GrpcClientProtocolClient (GrpcClientProtocolClient.java:onNext(255)) - client-D2340BF4DD29->f9fecd82-c7ae-483e-b259-6428f2dfb240: receive RaftClientReply:client-D2340BF4DD29->f9fecd82-c7ae-483e-b259-6428f2dfb240@group-7DE138E597A5, cid=3435, SUCCESS, logIndex=5203, commits[f9fecd82-c7ae-483e-b259-6428f2dfb240:c5204, adbfec77-7a0d-4773-aa56-ba0b778d0ab5:c5200, 90c45227-141f-43fe-b831-a2b91b39d6b0:c5200]
2019-07-14 06:26:16,281 INFO  client.GrpcClientProtocolClient (GrpcClientProtocolClient.java:onNext(255)) - client-D2340BF4DD29->f9fecd82-c7ae-483e-b259-6428f2dfb240: receive RaftClientReply:client-D2340BF4DD29->f9fecd82-c7ae-483e-b259-6428f2dfb240@group-7DE138E597A5, cid=3436, SUCCESS, logIndex=5204, commits[f9fecd82-c7ae-483e-b259-6428f2dfb240:c5204, adbfec77-7a0d-4773-aa56-ba0b778d0ab5:c5200, 90c45227-141f-43fe-b831-a2b91b39d6b0:c5200]
2019-07-14 06:26:16,282 INFO  client.GrpcClientProtocolClient (GrpcClientProtocolClient.java:onNext(255)) - client-D2340BF4DD29->f9fecd82-c7ae-483e-b259-6428f2dfb240: receive RaftClientReply:client-D2340BF4DD29->f9fecd82-c7ae-483e-b259-6428f2dfb240@group-7DE138E597A5, cid=3437, SUCCESS, logIndex=0, commits[f9fecd82-c7ae-483e-b259-6428f2dfb240:c5207, adbfec77-7a0d-4773-aa56-ba0b778d0ab5:c5204, 90c45227-141f-43fe-b831-a2b91b39d6b0:c5204]
2019-07-14 06:26:16,303 INFO  client.GrpcClientProtocolClient (GrpcClientProtocolClient.java:onNext(255)) - client-D2340BF4DD29->f9fecd82-c7ae-483e-b259-6428f2dfb240: receive RaftClientReply:client-D2340BF4DD29->f9fecd82-c7ae-483e-b259-6428f2dfb240@group-7DE138E597A5, cid=3438, SUCCESS, logIndex=5208, commits[f9fecd82-c7ae-483e-b259-6428f2dfb240:c5209, adbfec77-7a0d-4773-aa56-ba0b778d0ab5:c5207, 90c45227-141f-43fe-b831-a2b91b39d6b0:c5207]
2019-07-14 06:26:16,303 INFO  client.GrpcClientProtocolClient (GrpcClientProtocolClient.java:onNext(255)) - client-D2340BF4DD29->f9fecd82-c7ae-483e-b259-6428f2dfb240: receive RaftClientReply:client-D2340BF4DD29->f9fecd82-c7ae-483e-b259-6428f2dfb240@group-7DE138E597A5, cid=3439, SUCCESS, logIndex=5209, commits[f9fecd82-c7ae-483e-b259-6428f2dfb240:c5209, adbfec77-7a0d-4773-aa56-ba0b778d0ab5:c5207, 90c45227-141f-43fe-b831-a2b91b39d6b0:c5207]
2019-07-14 06:26:16,317 INFO  client.GrpcClientProtocolClient (GrpcClientProtocolClient.java:onNext(255)) - client-D2340BF4DD29->f9fecd82-c7ae-483e-b259-6428f2dfb240: receive RaftClientReply:client-D2340BF4DD29->f9fecd82-c7ae-483e-b259-6428f2dfb240@group-7DE138E597A5, cid=3440, SUCCESS, logIndex=5212, commits[f9fecd82-c7ae-483e-b259-6428f2dfb240:c5213, adbfec77-7a0d-4773-aa56-ba0b778d0ab5:c5209, 90c45227-141f-43fe-b831-a2b91b39d6b0:c5208]
2019-07-14 06:26:16,317 INFO  client.GrpcClientProtocolClient (GrpcClientProtocolClient.java:onNext(255)) - client-D2340BF4DD29->f9fecd82-c7ae-483e-b259-6428f2dfb240: receive RaftClientReply:client-D2340BF4DD29->f9fecd82-c7ae-483e-b259-6428f2dfb240@group-7DE138E597A5, cid=3441, SUCCESS, logIndex=5213, commits[f9fecd82-c7ae-483e-b259-6428f2dfb240:c5213, adbfec77-7a0d-4773-aa56-ba0b778d0ab5:c5209, 90c45227-141f-43fe-b831-a2b91b39d6b0:c5209]
2019-07-14 06:26:16,319 INFO  client.GrpcClientProtocolClient (GrpcClientProtocolClient.java:onNext(255)) - client-D2340BF4DD29->f9fecd82-c7ae-483e-b259-6428f2dfb240: receive RaftClientReply:client-D2340BF4DD29->f9fecd82-c7ae-483e-b259-6428f2dfb240@group-7DE138E597A5, cid=3442, SUCCESS, logIndex=0, commits[f9fecd82-c7ae-483e-b259-6428f2dfb240:c5215, adbfec77-7a0d-4773-aa56-ba0b778d0ab5:c5213, 90c45227-141f-43fe-b831-a2b91b39d6b0:c5213]
2019-07-14 06:26:16,356 INFO  client.GrpcClientProtocolClient (GrpcClientProtocolClient.java:onNext(255)) - client-D2340BF4DD29->f9fecd82-c7ae-483e-b259-6428f2dfb240: receive RaftClientReply:client-D2340BF4DD29->f9fecd82-c7ae-483e-b259-6428f2dfb240@group-7DE138E597A5, cid=3443, SUCCESS, logIndex=5216, commits[f9fecd82-c7ae-483e-b259-6428f2dfb240:c5216, adbfec77-7a0d-4773-aa56-ba0b778d0ab5:c5215, 90c45227-141f-43fe-b831-a2b91b39d6b0:c5215]
2019-07-14 06:26:16,357 INFO  client.GrpcClientProtocolClient (GrpcClientProtocolClient.java:onNext(255)) - client-D2340BF4DD29->f9fecd82-c7ae-483e-b259-6428f2dfb240: receive RaftClientReply:client-D2340BF4DD29->f9fecd82-c7ae-483e-b259-6428f2dfb240@group-7DE138E597A5, cid=3444, SUCCESS, logIndex=5217, commits[f9fecd82-c7ae-483e-b259-6428f2dfb240:c5219, adbfec77-7a0d-4773-aa56-ba0b778d0ab5:c5215, 90c45227-141f-43fe-b831-a2b91b39d6b0:c5215]
2019-07-14 06:26:16,358 INFO  client.GrpcClientProtocolClient (GrpcClientProtocolClient.java:onNext(255)) - client-D2340BF4DD29->f9fecd82-c7ae-483e-b259-6428f2dfb240: receive RaftClientReply:client-D2340BF4DD29->f9fecd82-c7ae-483e-b259-6428f2dfb240@group-7DE138E597A5, cid=3445, SUCCESS, logIndex=5218, commits[f9fecd82-c7ae-483e-b259-6428f2dfb240:c5219, adbfec77-7a0d-4773-aa56-ba0b778d0ab5:c5215, 90c45227-141f-43fe-b831-a2b91b39d6b0:c5215]
2019-07-14 06:26:16,358 INFO  client.GrpcClientProtocolClient (GrpcClientProtocolClient.java:onNext(255)) - client-D2340BF4DD29->f9fecd82-c7ae-483e-b259-6428f2dfb240: receive RaftClientReply:client-D2340BF4DD29->f9fecd82-c7ae-483e-b259-6428f2dfb240@group-7DE138E597A5, cid=3446, SUCCESS, logIndex=5219, commits[f9fecd82-c7ae-483e-b259-6428f2dfb240:c5219, adbfec77-7a0d-4773-aa56-ba0b778d0ab5:c5215, 90c45227-141f-43fe-b831-a2b91b39d6b0:c5215]
2019-07-14 06:26:16,367 INFO  client.GrpcClientProtocolClient (GrpcClientProtocolClient.java:onNext(255)) - client-D2340BF4DD29->f9fecd82-c7ae-483e-b259-6428f2dfb240: receive RaftClientReply:client-D2340BF4DD29->f9fecd82-c7ae-483e-b259-6428f2dfb240@group-7DE138E597A5, cid=3447, SUCCESS, logIndex=0, commits[f9fecd82-c7ae-483e-b259-6428f2dfb240:c5222, adbfec77-7a0d-4773-aa56-ba0b778d0ab5:c5217, 90c45227-141f-43fe-b831-a2b91b39d6b0:c5219]
2019-07-14 06:26:16,390 INFO  client.GrpcClientProtocolClient (GrpcClientProtocolClient.java:onNext(255)) - client-D2340BF4DD29->f9fecd82-c7ae-483e-b259-6428f2dfb240: receive RaftClientReply:client-D2340BF4DD29->f9fecd82-c7ae-483e-b259-6428f2dfb240@group-7DE138E597A5, cid=3448, SUCCESS, logIndex=5223, commits[f9fecd82-c7ae-483e-b259-6428f2dfb240:c5223, adbfec77-7a0d-4773-aa56-ba0b778d0ab5:c5222, 90c45227-141f-43fe-b831-a2b91b39d6b0:c5222]
2019-07-14 06:26:16,390 INFO  client.GrpcClientProtocolClient (GrpcClientProtocolClient.java:onNext(255)) - client-D2340BF4DD29->f9fecd82-c7ae-483e-b259-6428f2dfb240: receive RaftClientReply:client-D2340BF4DD29->f9fecd82-c7ae-483e-b259-6428f2dfb240@group-7DE138E597A5, cid=3449, SUCCESS, logIndex=5224, commits[f9fecd82-c7ae-483e-b259-6428f2dfb240:c5224, adbfec77-7a0d-4773-aa56-ba0b778d0ab5:c5222, 90c45227-141f-43fe-b831-a2b91b39d6b0:c5222]
2019-07-14 06:26:16,403 INFO  client.GrpcClientProtocolClient (GrpcClientProtocolClient.java:onNext(255)) - client-D2340BF4DD29->f9fecd82-c7ae-483e-b259-6428f2dfb240: receive RaftClientReply:client-D2340BF4DD29->f9fecd82-c7ae-483e-b259-6428f2dfb240@group-7DE138E597A5, cid=3450, SUCCESS, logIndex=5227, commits[f9fecd82-c7ae-483e-b259-6428f2dfb240:c5228, adbfec77-7a0d-4773-aa56-ba0b778d0ab5:c5223, 90c45227-141f-43fe-b831-a2b91b39d6b0:c5224]
2019-07-14 06:26:16,404 INFO  client.GrpcClientProtocolClient (GrpcClientProtocolClient.java:onNext(255)) - client-D2340BF4DD29->f9fecd82-c7ae-483e-b259-6428f2dfb240: receive RaftClientReply:client-D2340BF4DD29->f9fecd82-c7ae-483e-b259-6428f2dfb240@group-7DE138E597A5, cid=3451, SUCCESS, logIndex=5228, commits[f9fecd82-c7ae-483e-b259-6428f2dfb240:c5228, adbfec77-7a0d-4773-aa56-ba0b778d0ab5:c5224, 90c45227-141f-43fe-b831-a2b91b39d6b0:c5224]
2019-07-14 06:26:16,405 INFO  client.GrpcClientProtocolClient (GrpcClientProtocolClient.java:onNext(255)) - client-D2340BF4DD29->f9fecd82-c7ae-483e-b259-6428f2dfb240: receive RaftClientReply:client-D2340BF4DD29->f9fecd82-c7ae-483e-b259-6428f2dfb240@group-7DE138E597A5, cid=3452, SUCCESS, logIndex=0, commits[f9fecd82-c7ae-483e-b259-6428f2dfb240:c5229, adbfec77-7a0d-4773-aa56-ba0b778d0ab5:c5228, 90c45227-141f-43fe-b831-a2b91b39d6b0:c5228]
2019-07-14 06:26:16,443 INFO  client.GrpcClientProtocolClient (GrpcClientProtocolClient.java:onNext(255)) - client-D2340BF4DD29->f9fecd82-c7ae-483e-b259-6428f2dfb240: receive RaftClientReply:client-D2340BF4DD29->f9fecd82-c7ae-483e-b259-6428f2dfb240@group-7DE138E597A5, cid=3453, SUCCESS, logIndex=5231, commits[f9fecd82-c7ae-483e-b259-6428f2dfb240:c5233, adbfec77-7a0d-4773-aa56-ba0b778d0ab5:c5230, 90c45227-141f-43fe-b831-a2b91b39d6b0:c5230]
2019-07-14 06:26:16,444 INFO  client.GrpcClientProtocolClient (GrpcClientProtocolClient.java:onNext(255)) - client-D2340BF4DD29->f9fecd82-c7ae-483e-b259-6428f2dfb240: receive RaftClientReply:client-D2340BF4DD29->f9fecd82-c7ae-483e-b259-6428f2dfb240@group-7DE138E597A5, cid=3454, SUCCESS, logIndex=5232, commits[f9fecd82-c7ae-483e-b259-6428f2dfb240:c5234, adbfec77-7a0d-4773-aa56-ba0b778d0ab5:c5230, 90c45227-141f-43fe-b831-a2b91b39d6b0:c5230]
2019-07-14 06:26:16,444 INFO  client.GrpcClientProtocolClient (GrpcClientProtocolClient.java:onNext(255)) - client-D2340BF4DD29->f9fecd82-c7ae-483e-b259-6428f2dfb240: receive RaftClientReply:client-D2340BF4DD29->f9fecd82-c7ae-483e-b259-6428f2dfb240@group-7DE138E597A5, cid=3455, SUCCESS, logIndex=5233, commits[f9fecd82-c7ae-483e-b259-6428f2dfb240:c5234, adbfec77-7a0d-4773-aa56-ba0b778d0ab5:c5230, 90c45227-141f-43fe-b831-a2b91b39d6b0:c5230]
2019-07-14 06:26:16,444 INFO  client.GrpcClientProtocolClient (GrpcClientProtocolClient.java:onNext(255)) - client-D2340BF4DD29->f9fecd82-c7ae-483e-b259-6428f2dfb240: receive RaftClientReply:client-D2340BF4DD29->f9fecd82-c7ae-483e-b259-6428f2dfb240@group-7DE138E597A5, cid=3456, SUCCESS, logIndex=5234, commits[f9fecd82-c7ae-483e-b259-6428f2dfb240:c5235, adbfec77-7a0d-4773-aa56-ba0b778d0ab5:c5230, 90c45227-141f-43fe-b831-a2b91b39d6b0:c5231]
2019-07-14 06:26:16,446 INFO  client.GrpcClientProtocolClient (GrpcClientProtocolClient.java:onNext(255)) - client-D2340BF4DD29->f9fecd82-c7ae-483e-b259-6428f2dfb240: receive RaftClientReply:client-D2340BF4DD29->f9fecd82-c7ae-483e-b259-6428f2dfb240@group-7DE138E597A5, cid=3457, SUCCESS, logIndex=0, commits[f9fecd82-c7ae-483e-b259-6428f2dfb240:c5236, adbfec77-7a0d-4773-aa56-ba0b778d0ab5:c5232, 90c45227-141f-43fe-b831-a2b91b39d6b0:c5234]
2019-07-14 06:26:16,475 INFO  client.GrpcClientProtocolClient (GrpcClientProtocolClient.java:onNext(255)) - client-D2340BF4DD29->f9fecd82-c7ae-483e-b259-6428f2dfb240: receive RaftClientReply:client-D2340BF4DD29->f9fecd82-c7ae-483e-b259-6428f2dfb240@group-7DE138E597A5, cid=3458, SUCCESS, logIndex=5239, commits[f9fecd82-c7ae-483e-b259-6428f2dfb240:c5240, adbfec77-7a0d-4773-aa56-ba0b778d0ab5:c5238, 90c45227-141f-43fe-b831-a2b91b39d6b0:c5238]
2019-07-14 06:26:16,475 INFO  client.GrpcClientProtocolClient (GrpcClientProtocolClient.java:onNext(255)) - client-D2340BF4DD29->f9fecd82-c7ae-483e-b259-6428f2dfb240: receive RaftClientReply:client-D2340BF4DD29->f9fecd82-c7ae-483e-b259-6428f2dfb240@group-7DE138E597A5, cid=3459, SUCCESS, logIndex=5240, commits[f9fecd82-c7ae-483e-b259-6428f2dfb240:c5240, adbfec77-7a0d-4773-aa56-ba0b778d0ab5:c5238, 90c45227-141f-43fe-b831-a2b91b39d6b0:c5238]
2019-07-14 06:26:16,497 INFO  client.GrpcClientProtocolClient (GrpcClientProtocolClient.java:onNext(255)) - client-D2340BF4DD29->f9fecd82-c7ae-483e-b259-6428f2dfb240: receive RaftClientReply:client-D2340BF4DD29->f9fecd82-c7ae-483e-b259-6428f2dfb240@group-7DE138E597A5, cid=3460, SUCCESS, logIndex=5243, commits[f9fecd82-c7ae-483e-b259-6428f2dfb240:c5243, adbfec77-7a0d-4773-aa56-ba0b778d0ab5:c5240, 90c45227-141f-43fe-b831-a2b91b39d6b0:c5240]
2019-07-14 06:26:16,497 INFO  client.GrpcClientProtocolClient (GrpcClientProtocolClient.java:onNext(255)) - client-D2340BF4DD29->f9fecd82-c7ae-483e-b259-6428f2dfb240: receive RaftClientReply:client-D2340BF4DD29->f9fecd82-c7ae-483e-b259-6428f2dfb240@group-7DE138E597A5, cid=3461, SUCCESS, logIndex=5244, commits[f9fecd82-c7ae-483e-b259-6428f2dfb240:c5244, adbfec77-7a0d-4773-aa56-ba0b778d0ab5:c5240, 90c45227-141f-43fe-b831-a2b91b39d6b0:c5240]
2019-07-14 06:26:16,510 INFO  client.GrpcClientProtocolClient (GrpcClientProtocolClient.java:onNext(255)) - client-D2340BF4DD29->f9fecd82-c7ae-483e-b259-6428f2dfb240: receive RaftClientReply:client-D2340BF4DD29->f9fecd82-c7ae-483e-b259-6428f2dfb240@group-7DE138E597A5, cid=3462, SUCCESS, logIndex=0, commits[f9fecd82-c7ae-483e-b259-6428f2dfb240:c5246, adbfec77-7a0d-4773-aa56-ba0b778d0ab5:c5244, 90c45227-141f-43fe-b831-a2b91b39d6b0:c5244]
2019-07-14 06:26:16,545 INFO  client.GrpcClientProtocolClient (GrpcClientProtocolClient.java:onNext(255)) - client-D2340BF4DD29->f9fecd82-c7ae-483e-b259-6428f2dfb240: receive RaftClientReply:client-D2340BF4DD29->f9fecd82-c7ae-483e-b259-6428f2dfb240@group-7DE138E597A5, cid=3463, SUCCESS, logIndex=5247, commits[f9fecd82-c7ae-483e-b259-6428f2dfb240:c5249, adbfec77-7a0d-4773-aa56-ba0b778d0ab5:c5246, 90c45227-141f-43fe-b831-a2b91b39d6b0:c5246]
2019-07-14 06:26:16,546 INFO  client.GrpcClientProtocolClient (GrpcClientProtocolClient.java:onNext(255)) - client-D2340BF4DD29->f9fecd82-c7ae-483e-b259-6428f2dfb240: receive RaftClientReply:client-D2340BF4DD29->f9fecd82-c7ae-483e-b259-6428f2dfb240@group-7DE138E597A5, cid=3464, SUCCESS, logIndex=5248, commits[f9fecd82-c7ae-483e-b259-6428f2dfb240:c5250, adbfec77-7a0d-4773-aa56-ba0b778d0ab5:c5246, 90c45227-141f-43fe-b831-a2b91b39d6b0:c5246]
2019-07-14 06:26:16,546 INFO  client.GrpcClientProtocolClient (GrpcClientProtocolClient.java:onNext(255)) - client-D2340BF4DD29->f9fecd82-c7ae-483e-b259-6428f2dfb240: receive RaftClientReply:client-D2340BF4DD29->f9fecd82-c7ae-483e-b259-6428f2dfb240@group-7DE138E597A5, cid=3465, SUCCESS, logIndex=5249, commits[f9fecd82-c7ae-483e-b259-6428f2dfb240:c5250, adbfec77-7a0d-4773-aa56-ba0b778d0ab5:c5246, 90c45227-141f-43fe-b831-a2b91b39d6b0:c5246]
2019-07-14 06:26:16,546 INFO  client.GrpcClientProtocolClient (GrpcClientProtocolClient.java:onNext(255)) - client-D2340BF4DD29->f9fecd82-c7ae-483e-b259-6428f2dfb240: receive RaftClientReply:client-D2340BF4DD29->f9fecd82-c7ae-483e-b259-6428f2dfb240@group-7DE138E597A5, cid=3466, SUCCESS, logIndex=5250, commits[f9fecd82-c7ae-483e-b259-6428f2dfb240:c5250, adbfec77-7a0d-4773-aa56-ba0b778d0ab5:c5246, 90c45227-141f-43fe-b831-a2b91b39d6b0:c5246]
2019-07-14 06:26:16,556 INFO  client.GrpcClientProtocolClient (GrpcClientProtocolClient.java:onNext(255)) - client-D2340BF4DD29->f9fecd82-c7ae-483e-b259-6428f2dfb240: receive RaftClientReply:client-D2340BF4DD29->f9fecd82-c7ae-483e-b259-6428f2dfb240@group-7DE138E597A5, cid=3467, SUCCESS, logIndex=0, commits[f9fecd82-c7ae-483e-b259-6428f2dfb240:c5250, adbfec77-7a0d-4773-aa56-ba0b778d0ab5:c5248, 90c45227-141f-43fe-b831-a2b91b39d6b0:c5248]
2019-07-14 06:26:16,576 INFO  client.GrpcClientProtocolClient (GrpcClientProtocolClient.java:onNext(255)) - client-D2340BF4DD29->f9fecd82-c7ae-483e-b259-6428f2dfb240: receive RaftClientReply:client-D2340BF4DD29->f9fecd82-c7ae-483e-b259-6428f2dfb240@group-7DE138E597A5, cid=3468, SUCCESS, logIndex=5255, commits[f9fecd82-c7ae-483e-b259-6428f2dfb240:c5256, adbfec77-7a0d-4773-aa56-ba0b778d0ab5:c5254, 90c45227-141f-43fe-b831-a2b91b39d6b0:c5254]
2019-07-14 06:26:16,576 INFO  client.GrpcClientProtocolClient (GrpcClientProtocolClient.java:onNext(255)) - client-D2340BF4DD29->f9fecd82-c7ae-483e-b259-6428f2dfb240: receive RaftClientReply:client-D2340BF4DD29->f9fecd82-c7ae-483e-b259-6428f2dfb240@group-7DE138E597A5, cid=3469, SUCCESS, logIndex=5256, commits[f9fecd82-c7ae-483e-b259-6428f2dfb240:c5256, adbfec77-7a0d-4773-aa56-ba0b778d0ab5:c5254, 90c45227-141f-43fe-b831-a2b91b39d6b0:c5254]
2019-07-14 06:26:16,589 INFO  client.GrpcClientProtocolClient (GrpcClientProtocolClient.java:onNext(255)) - client-D2340BF4DD29->f9fecd82-c7ae-483e-b259-6428f2dfb240: receive RaftClientReply:client-D2340BF4DD29->f9fecd82-c7ae-483e-b259-6428f2dfb240@group-7DE138E597A5, cid=3470, SUCCESS, logIndex=5259, commits[f9fecd82-c7ae-483e-b259-6428f2dfb240:c5259, adbfec77-7a0d-4773-aa56-ba0b778d0ab5:c5256, 90c45227-141f-43fe-b831-a2b91b39d6b0:c5256]
2019-07-14 06:26:16,589 INFO  client.GrpcClientProtocolClient (GrpcClientProtocolClient.java:onNext(255)) - client-D2340BF4DD29->f9fecd82-c7ae-483e-b259-6428f2dfb240: receive RaftClientReply:client-D2340BF4DD29->f9fecd82-c7ae-483e-b259-6428f2dfb240@group-7DE138E597A5, cid=3471, SUCCESS, logIndex=5260, commits[f9fecd82-c7ae-483e-b259-6428f2dfb240:c5260, adbfec77-7a0d-4773-aa56-ba0b778d0ab5:c5256, 90c45227-141f-43fe-b831-a2b91b39d6b0:c5256]
2019-07-14 06:26:16,602 INFO  client.GrpcClientProtocolClient (GrpcClientProtocolClient.java:onNext(255)) - client-D2340BF4DD29->f9fecd82-c7ae-483e-b259-6428f2dfb240: receive RaftClientReply:client-D2340BF4DD29->f9fecd82-c7ae-483e-b259-6428f2dfb240@group-7DE138E597A5, cid=3472, SUCCESS, logIndex=0, commits[f9fecd82-c7ae-483e-b259-6428f2dfb240:c5262, adbfec77-7a0d-4773-aa56-ba0b778d0ab5:c5260, 90c45227-141f-43fe-b831-a2b91b39d6b0:c5260]
2019-07-14 06:26:16,652 INFO  client.GrpcClientProtocolClient (GrpcClientProtocolClient.java:onNext(255)) - client-D2340BF4DD29->f9fecd82-c7ae-483e-b259-6428f2dfb240: receive RaftClientReply:client-D2340BF4DD29->f9fecd82-c7ae-483e-b259-6428f2dfb240@group-7DE138E597A5, cid=3473, SUCCESS, logIndex=5263, commits[f9fecd82-c7ae-483e-b259-6428f2dfb240:c5265, adbfec77-7a0d-4773-aa56-ba0b778d0ab5:c5262, 90c45227-141f-43fe-b831-a2b91b39d6b0:c5262]
2019-07-14 06:26:16,653 INFO  client.GrpcClientProtocolClient (GrpcClientProtocolClient.java:onNext(255)) - client-D2340BF4DD29->f9fecd82-c7ae-483e-b259-6428f2dfb240: receive RaftClientReply:client-D2340BF4DD29->f9fecd82-c7ae-483e-b259-6428f2dfb240@group-7DE138E597A5, cid=3474, SUCCESS, logIndex=5264, commits[f9fecd82-c7ae-483e-b259-6428f2dfb240:c5266, adbfec77-7a0d-4773-aa56-ba0b778d0ab5:c5262, 90c45227-141f-43fe-b831-a2b91b39d6b0:c5262]
2019-07-14 06:26:16,653 INFO  client.GrpcClientProtocolClient (GrpcClientProtocolClient.java:onNext(255)) - client-D2340BF4DD29->f9fecd82-c7ae-483e-b259-6428f2dfb240: receive RaftClientReply:client-D2340BF4DD29->f9fecd82-c7ae-483e-b259-6428f2dfb240@group-7DE138E597A5, cid=3475, SUCCESS, logIndex=5265, commits[f9fecd82-c7ae-483e-b259-6428f2dfb240:c5266, adbfec77-7a0d-4773-aa56-ba0b778d0ab5:c5262, 90c45227-141f-43fe-b831-a2b91b39d6b0:c5262]
2019-07-14 06:26:16,653 INFO  client.GrpcClientProtocolClient (GrpcClientProtocolClient.java:onNext(255)) - client-D2340BF4DD29->f9fecd82-c7ae-483e-b259-6428f2dfb240: receive RaftClientReply:client-D2340BF4DD29->f9fecd82-c7ae-483e-b259-6428f2dfb240@group-7DE138E597A5, cid=3476, SUCCESS, logIndex=5266, commits[f9fecd82-c7ae-483e-b259-6428f2dfb240:c5266, adbfec77-7a0d-4773-aa56-ba0b778d0ab5:c5262, 90c45227-141f-43fe-b831-a2b91b39d6b0:c5262]
2019-07-14 06:26:16,665 INFO  client.GrpcClientProtocolClient (GrpcClientProtocolClient.java:onNext(255)) - client-D2340BF4DD29->f9fecd82-c7ae-483e-b259-6428f2dfb240: receive RaftClientReply:client-D2340BF4DD29->f9fecd82-c7ae-483e-b259-6428f2dfb240@group-7DE138E597A5, cid=3477, SUCCESS, logIndex=0, commits[f9fecd82-c7ae-483e-b259-6428f2dfb240:c5269, adbfec77-7a0d-4773-aa56-ba0b778d0ab5:c5265, 90c45227-141f-43fe-b831-a2b91b39d6b0:c5265]
2019-07-14 06:26:16,676 INFO  client.GrpcClientProtocolClient (GrpcClientProtocolClient.java:onNext(255)) - client-D2340BF4DD29->f9fecd82-c7ae-483e-b259-6428f2dfb240: receive RaftClientReply:client-D2340BF4DD29->f9fecd82-c7ae-483e-b259-6428f2dfb240@group-7DE138E597A5, cid=3478, SUCCESS, logIndex=5271, commits[f9fecd82-c7ae-483e-b259-6428f2dfb240:c5272, adbfec77-7a0d-4773-aa56-ba0b778d0ab5:c5266, 90c45227-141f-43fe-b831-a2b91b39d6b0:c5270]
2019-07-14 06:26:16,676 INFO  client.GrpcClientProtocolClient (GrpcClientProtocolClient.java:onNext(255)) - client-D2340BF4DD29->f9fecd82-c7ae-483e-b259-6428f2dfb240: receive RaftClientReply:client-D2340BF4DD29->f9fecd82-c7ae-483e-b259-6428f2dfb240@group-7DE138E597A5, cid=3479, SUCCESS, logIndex=5272, commits[f9fecd82-c7ae-483e-b259-6428f2dfb240:c5272, adbfec77-7a0d-4773-aa56-ba0b778d0ab5:c5270, 90c45227-141f-43fe-b831-a2b91b39d6b0:c5270]
2019-07-14 06:26:16,687 INFO  client.GrpcClientProtocolClient (GrpcClientProtocolClient.java:onNext(255)) - client-D2340BF4DD29->f9fecd82-c7ae-483e-b259-6428f2dfb240: receive RaftClientReply:client-D2340BF4DD29->f9fecd82-c7ae-483e-b259-6428f2dfb240@group-7DE138E597A5, cid=3480, SUCCESS, logIndex=5275, commits[f9fecd82-c7ae-483e-b259-6428f2dfb240:c5276, adbfec77-7a0d-4773-aa56-ba0b778d0ab5:c5272, 90c45227-141f-43fe-b831-a2b91b39d6b0:c5274]
2019-07-14 06:26:16,688 INFO  client.GrpcClientProtocolClient (GrpcClientProtocolClient.java:onNext(255)) - client-D2340BF4DD29->f9fecd82-c7ae-483e-b259-6428f2dfb240: receive RaftClientReply:client-D2340BF4DD29->f9fecd82-c7ae-483e-b259-6428f2dfb240@group-7DE138E597A5, cid=3481, SUCCESS, logIndex=5276, commits[f9fecd82-c7ae-483e-b259-6428f2dfb240:c5276, adbfec77-7a0d-4773-aa56-ba0b778d0ab5:c5272, 90c45227-141f-43fe-b831-a2b91b39d6b0:c5274]
2019-07-14 06:26:16,689 INFO  client.GrpcClientProtocolClient (GrpcClientProtocolClient.java:onNext(255)) - client-D2340BF4DD29->f9fecd82-c7ae-483e-b259-6428f2dfb240: receive RaftClientReply:client-D2340BF4DD29->f9fecd82-c7ae-483e-b259-6428f2dfb240@group-7DE138E597A5, cid=3482, SUCCESS, logIndex=0, commits[f9fecd82-c7ae-483e-b259-6428f2dfb240:c5277, adbfec77-7a0d-4773-aa56-ba0b778d0ab5:c5276, 90c45227-141f-43fe-b831-a2b91b39d6b0:c5276]
2019-07-14 06:26:16,732 INFO  client.GrpcClientProtocolClient (GrpcClientProtocolClient.java:onNext(255)) - client-D2340BF4DD29->f9fecd82-c7ae-483e-b259-6428f2dfb240: receive RaftClientReply:client-D2340BF4DD29->f9fecd82-c7ae-483e-b259-6428f2dfb240@group-7DE138E597A5, cid=3483, SUCCESS, logIndex=5279, commits[f9fecd82-c7ae-483e-b259-6428f2dfb240:c5282, adbfec77-7a0d-4773-aa56-ba0b778d0ab5:c5276, 90c45227-141f-43fe-b831-a2b91b39d6b0:c5278]
2019-07-14 06:26:16,733 INFO  client.GrpcClientProtocolClient (GrpcClientProtocolClient.java:onNext(255)) - client-D2340BF4DD29->f9fecd82-c7ae-483e-b259-6428f2dfb240: receive RaftClientReply:client-D2340BF4DD29->f9fecd82-c7ae-483e-b259-6428f2dfb240@group-7DE138E597A5, cid=3484, SUCCESS, logIndex=5280, commits[f9fecd82-c7ae-483e-b259-6428f2dfb240:c5282, adbfec77-7a0d-4773-aa56-ba0b778d0ab5:c5278, 90c45227-141f-43fe-b831-a2b91b39d6b0:c5278]
2019-07-14 06:26:16,733 INFO  client.GrpcClientProtocolClient (GrpcClientProtocolClient.java:onNext(255)) - client-D2340BF4DD29->f9fecd82-c7ae-483e-b259-6428f2dfb240: receive RaftClientReply:client-D2340BF4DD29->f9fecd82-c7ae-483e-b259-6428f2dfb240@group-7DE138E597A5, cid=3485, SUCCESS, logIndex=5281, commits[f9fecd82-c7ae-483e-b259-6428f2dfb240:c5282, adbfec77-7a0d-4773-aa56-ba0b778d0ab5:c5278, 90c45227-141f-43fe-b831-a2b91b39d6b0:c5278]
2019-07-14 06:26:16,733 INFO  client.GrpcClientProtocolClient (GrpcClientProtocolClient.java:onNext(255)) - client-D2340BF4DD29->f9fecd82-c7ae-483e-b259-6428f2dfb240: receive RaftClientReply:client-D2340BF4DD29->f9fecd82-c7ae-483e-b259-6428f2dfb240@group-7DE138E597A5, cid=3486, SUCCESS, logIndex=5282, commits[f9fecd82-c7ae-483e-b259-6428f2dfb240:c5282, adbfec77-7a0d-4773-aa56-ba0b778d0ab5:c5278, 90c45227-141f-43fe-b831-a2b91b39d6b0:c5278]
2019-07-14 06:26:16,734 INFO  client.GrpcClientProtocolClient (GrpcClientProtocolClient.java:onNext(255)) - client-D2340BF4DD29->f9fecd82-c7ae-483e-b259-6428f2dfb240: receive RaftClientReply:client-D2340BF4DD29->f9fecd82-c7ae-483e-b259-6428f2dfb240@group-7DE138E597A5, cid=3487, SUCCESS, logIndex=0, commits[f9fecd82-c7ae-483e-b259-6428f2dfb240:c5285, adbfec77-7a0d-4773-aa56-ba0b778d0ab5:c5282, 90c45227-141f-43fe-b831-a2b91b39d6b0:c5282]
2019-07-14 06:26:16,747 INFO  client.GrpcClientProtocolClient (GrpcClientProtocolClient.java:onNext(255)) - client-D2340BF4DD29->f9fecd82-c7ae-483e-b259-6428f2dfb240: receive RaftClientReply:client-D2340BF4DD29->f9fecd82-c7ae-483e-b259-6428f2dfb240@group-7DE138E597A5, cid=3488, SUCCESS, logIndex=5286, commits[f9fecd82-c7ae-483e-b259-6428f2dfb240:c5287, adbfec77-7a0d-4773-aa56-ba0b778d0ab5:c5282, 90c45227-141f-43fe-b831-a2b91b39d6b0:c5285]
2019-07-14 06:26:16,747 INFO  client.GrpcClientProtocolClient (GrpcClientProtocolClient.java:onNext(255)) - client-D2340BF4DD29->f9fecd82-c7ae-483e-b259-6428f2dfb240: receive RaftClientReply:client-D2340BF4DD29->f9fecd82-c7ae-483e-b259-6428f2dfb240@group-7DE138E597A5, cid=3489, SUCCESS, logIndex=5287, commits[f9fecd82-c7ae-483e-b259-6428f2dfb240:c5287, adbfec77-7a0d-4773-aa56-ba0b778d0ab5:c5285, 90c45227-141f-43fe-b831-a2b91b39d6b0:c5285]
2019-07-14 06:26:16,760 INFO  client.GrpcClientProtocolClient (GrpcClientProtocolClient.java:onNext(255)) - client-D2340BF4DD29->f9fecd82-c7ae-483e-b259-6428f2dfb240: receive RaftClientReply:client-D2340BF4DD29->f9fecd82-c7ae-483e-b259-6428f2dfb240@group-7DE138E597A5, cid=3490, SUCCESS, logIndex=5290, commits[f9fecd82-c7ae-483e-b259-6428f2dfb240:c5290, adbfec77-7a0d-4773-aa56-ba0b778d0ab5:c5287, 90c45227-141f-43fe-b831-a2b91b39d6b0:c5287]
2019-07-14 06:26:16,761 INFO  client.GrpcClientProtocolClient (GrpcClientProtocolClient.java:onNext(255)) - client-D2340BF4DD29->f9fecd82-c7ae-483e-b259-6428f2dfb240: receive RaftClientReply:client-D2340BF4DD29->f9fecd82-c7ae-483e-b259-6428f2dfb240@group-7DE138E597A5, cid=3491, SUCCESS, logIndex=5291, commits[f9fecd82-c7ae-483e-b259-6428f2dfb240:c5291, adbfec77-7a0d-4773-aa56-ba0b778d0ab5:c5287, 90c45227-141f-43fe-b831-a2b91b39d6b0:c5287]
2019-07-14 06:26:16,773 INFO  client.GrpcClientProtocolClient (GrpcClientProtocolClient.java:onNext(255)) - client-D2340BF4DD29->f9fecd82-c7ae-483e-b259-6428f2dfb240: receive RaftClientReply:client-D2340BF4DD29->f9fecd82-c7ae-483e-b259-6428f2dfb240@group-7DE138E597A5, cid=3492, SUCCESS, logIndex=0, commits[f9fecd82-c7ae-483e-b259-6428f2dfb240:c5293, adbfec77-7a0d-4773-aa56-ba0b778d0ab5:c5291, 90c45227-141f-43fe-b831-a2b91b39d6b0:c5291]
2019-07-14 06:26:16,808 INFO  client.GrpcClientProtocolClient (GrpcClientProtocolClient.java:onNext(255)) - client-D2340BF4DD29->f9fecd82-c7ae-483e-b259-6428f2dfb240: receive RaftClientReply:client-D2340BF4DD29->f9fecd82-c7ae-483e-b259-6428f2dfb240@group-7DE138E597A5, cid=3493, SUCCESS, logIndex=5294, commits[f9fecd82-c7ae-483e-b259-6428f2dfb240:c5297, adbfec77-7a0d-4773-aa56-ba0b778d0ab5:c5291, 90c45227-141f-43fe-b831-a2b91b39d6b0:c5293]
2019-07-14 06:26:16,808 INFO  client.GrpcClientProtocolClient (GrpcClientProtocolClient.java:onNext(255)) - client-D2340BF4DD29->f9fecd82-c7ae-483e-b259-6428f2dfb240: receive RaftClientReply:client-D2340BF4DD29->f9fecd82-c7ae-483e-b259-6428f2dfb240@group-7DE138E597A5, cid=3494, SUCCESS, logIndex=5295, commits[f9fecd82-c7ae-483e-b259-6428f2dfb240:c5297, adbfec77-7a0d-4773-aa56-ba0b778d0ab5:c5293, 90c45227-141f-43fe-b831-a2b91b39d6b0:c5293]
2019-07-14 06:26:16,809 INFO  client.GrpcClientProtocolClient (GrpcClientProtocolClient.java:onNext(255)) - client-D2340BF4DD29->f9fecd82-c7ae-483e-b259-6428f2dfb240: receive RaftClientReply:client-D2340BF4DD29->f9fecd82-c7ae-483e-b259-6428f2dfb240@group-7DE138E597A5, cid=3495, SUCCESS, logIndex=5296, commits[f9fecd82-c7ae-483e-b259-6428f2dfb240:c5297, adbfec77-7a0d-4773-aa56-ba0b778d0ab5:c5293, 90c45227-141f-43fe-b831-a2b91b39d6b0:c5293]
2019-07-14 06:26:16,809 INFO  client.GrpcClientProtocolClient (GrpcClientProtocolClient.java:onNext(255)) - client-D2340BF4DD29->f9fecd82-c7ae-483e-b259-6428f2dfb240: receive RaftClientReply:client-D2340BF4DD29->f9fecd82-c7ae-483e-b259-6428f2dfb240@group-7DE138E597A5, cid=3496, SUCCESS, logIndex=5297, commits[f9fecd82-c7ae-483e-b259-6428f2dfb240:c5298, adbfec77-7a0d-4773-aa56-ba0b778d0ab5:c5293, 90c45227-141f-43fe-b831-a2b91b39d6b0:c5295]
2019-07-14 06:26:16,810 INFO  client.GrpcClientProtocolClient (GrpcClientProtocolClient.java:onNext(255)) - client-D2340BF4DD29->f9fecd82-c7ae-483e-b259-6428f2dfb240: receive RaftClientReply:client-D2340BF4DD29->f9fecd82-c7ae-483e-b259-6428f2dfb240@group-7DE138E597A5, cid=3497, SUCCESS, logIndex=0, commits[f9fecd82-c7ae-483e-b259-6428f2dfb240:c5300, adbfec77-7a0d-4773-aa56-ba0b778d0ab5:c5295, 90c45227-141f-43fe-b831-a2b91b39d6b0:c5296]
2019-07-14 06:26:16,830 INFO  client.GrpcClientProtocolClient (GrpcClientProtocolClient.java:onNext(255)) - client-D2340BF4DD29->f9fecd82-c7ae-483e-b259-6428f2dfb240: receive RaftClientReply:client-D2340BF4DD29->f9fecd82-c7ae-483e-b259-6428f2dfb240@group-7DE138E597A5, cid=3498, SUCCESS, logIndex=5302, commits[f9fecd82-c7ae-483e-b259-6428f2dfb240:c5303, adbfec77-7a0d-4773-aa56-ba0b778d0ab5:c5301, 90c45227-141f-43fe-b831-a2b91b39d6b0:c5301]
2019-07-14 06:26:16,831 INFO  client.GrpcClientProtocolClient (GrpcClientProtocolClient.java:onNext(255)) - client-D2340BF4DD29->f9fecd82-c7ae-483e-b259-6428f2dfb240: receive RaftClientReply:client-D2340BF4DD29->f9fecd82-c7ae-483e-b259-6428f2dfb240@group-7DE138E597A5, cid=3499, SUCCESS, logIndex=5303, commits[f9fecd82-c7ae-483e-b259-6428f2dfb240:c5303, adbfec77-7a0d-4773-aa56-ba0b778d0ab5:c5301, 90c45227-141f-43fe-b831-a2b91b39d6b0:c5301]
2019-07-14 06:26:17,003 INFO  client.GrpcClientProtocolClient (GrpcClientProtocolClient.java:onNext(255)) - client-D2340BF4DD29->f9fecd82-c7ae-483e-b259-6428f2dfb240: receive RaftClientReply:client-D2340BF4DD29->f9fecd82-c7ae-483e-b259-6428f2dfb240@group-7DE138E597A5, cid=3500, SUCCESS, logIndex=5306, commits[f9fecd82-c7ae-483e-b259-6428f2dfb240:c5307, adbfec77-7a0d-4773-aa56-ba0b778d0ab5:c5303, 90c45227-141f-43fe-b831-a2b91b39d6b0:c5303]
2019-07-14 06:26:17,004 INFO  client.GrpcClientProtocolClient (GrpcClientProtocolClient.java:onNext(255)) - client-D2340BF4DD29->f9fecd82-c7ae-483e-b259-6428f2dfb240: receive RaftClientReply:client-D2340BF4DD29->f9fecd82-c7ae-483e-b259-6428f2dfb240@group-7DE138E597A5, cid=3501, SUCCESS, logIndex=5307, commits[f9fecd82-c7ae-483e-b259-6428f2dfb240:c5307, adbfec77-7a0d-4773-aa56-ba0b778d0ab5:c5303, 90c45227-141f-43fe-b831-a2b91b39d6b0:c5303]
2019-07-14 06:26:17,006 INFO  client.GrpcClientProtocolClient (GrpcClientProtocolClient.java:onNext(255)) - client-D2340BF4DD29->f9fecd82-c7ae-483e-b259-6428f2dfb240: receive RaftClientReply:client-D2340BF4DD29->f9fecd82-c7ae-483e-b259-6428f2dfb240@group-7DE138E597A5, cid=3502, SUCCESS, logIndex=0, commits[f9fecd82-c7ae-483e-b259-6428f2dfb240:c5309, adbfec77-7a0d-4773-aa56-ba0b778d0ab5:c5307, 90c45227-141f-43fe-b831-a2b91b39d6b0:c5307]
2019-07-14 06:26:17,044 INFO  client.GrpcClientProtocolClient (GrpcClientProtocolClient.java:onNext(255)) - client-D2340BF4DD29->f9fecd82-c7ae-483e-b259-6428f2dfb240: receive RaftClientReply:client-D2340BF4DD29->f9fecd82-c7ae-483e-b259-6428f2dfb240@group-7DE138E597A5, cid=3503, SUCCESS, logIndex=5310, commits[f9fecd82-c7ae-483e-b259-6428f2dfb240:c5311, adbfec77-7a0d-4773-aa56-ba0b778d0ab5:c5309, 90c45227-141f-43fe-b831-a2b91b39d6b0:c5309]
2019-07-14 06:26:17,045 INFO  client.GrpcClientProtocolClient (GrpcClientProtocolClient.java:onNext(255)) - client-D2340BF4DD29->f9fecd82-c7ae-483e-b259-6428f2dfb240: receive RaftClientReply:client-D2340BF4DD29->f9fecd82-c7ae-483e-b259-6428f2dfb240@group-7DE138E597A5, cid=3504, SUCCESS, logIndex=5311, commits[f9fecd82-c7ae-483e-b259-6428f2dfb240:c5312, adbfec77-7a0d-4773-aa56-ba0b778d0ab5:c5309, 90c45227-141f-43fe-b831-a2b91b39d6b0:c5309]
2019-07-14 06:26:17,045 INFO  client.GrpcClientProtocolClient (GrpcClientProtocolClient.java:onNext(255)) - client-D2340BF4DD29->f9fecd82-c7ae-483e-b259-6428f2dfb240: receive RaftClientReply:client-D2340BF4DD29->f9fecd82-c7ae-483e-b259-6428f2dfb240@group-7DE138E597A5, cid=3505, SUCCESS, logIndex=5312, commits[f9fecd82-c7ae-483e-b259-6428f2dfb240:c5313, adbfec77-7a0d-4773-aa56-ba0b778d0ab5:c5309, 90c45227-141f-43fe-b831-a2b91b39d6b0:c5309]
2019-07-14 06:26:17,045 INFO  client.GrpcClientProtocolClient (GrpcClientProtocolClient.java:onNext(255)) - client-D2340BF4DD29->f9fecd82-c7ae-483e-b259-6428f2dfb240: receive RaftClientReply:client-D2340BF4DD29->f9fecd82-c7ae-483e-b259-6428f2dfb240@group-7DE138E597A5, cid=3506, SUCCESS, logIndex=5313, commits[f9fecd82-c7ae-483e-b259-6428f2dfb240:c5313, adbfec77-7a0d-4773-aa56-ba0b778d0ab5:c5309, 90c45227-141f-43fe-b831-a2b91b39d6b0:c5309]
2019-07-14 06:26:17,047 INFO  client.GrpcClientProtocolClient (GrpcClientProtocolClient.java:onNext(255)) - client-D2340BF4DD29->f9fecd82-c7ae-483e-b259-6428f2dfb240: receive RaftClientReply:client-D2340BF4DD29->f9fecd82-c7ae-483e-b259-6428f2dfb240@group-7DE138E597A5, cid=3507, SUCCESS, logIndex=0, commits[f9fecd82-c7ae-483e-b259-6428f2dfb240:c5315, adbfec77-7a0d-4773-aa56-ba0b778d0ab5:c5311, 90c45227-141f-43fe-b831-a2b91b39d6b0:c5311]
2019-07-14 06:26:17,069 INFO  client.GrpcClientProtocolClient (GrpcClientProtocolClient.java:onNext(255)) - client-D2340BF4DD29->f9fecd82-c7ae-483e-b259-6428f2dfb240: receive RaftClientReply:client-D2340BF4DD29->f9fecd82-c7ae-483e-b259-6428f2dfb240@group-7DE138E597A5, cid=3508, SUCCESS, logIndex=5318, commits[f9fecd82-c7ae-483e-b259-6428f2dfb240:c5319, adbfec77-7a0d-4773-aa56-ba0b778d0ab5:c5317, 90c45227-141f-43fe-b831-a2b91b39d6b0:c5317]
2019-07-14 06:26:17,069 INFO  client.GrpcClientProtocolClient (GrpcClientProtocolClient.java:onNext(255)) - client-D2340BF4DD29->f9fecd82-c7ae-483e-b259-6428f2dfb240: receive RaftClientReply:client-D2340BF4DD29->f9fecd82-c7ae-483e-b259-6428f2dfb240@group-7DE138E597A5, cid=3509, SUCCESS, logIndex=5319, commits[f9fecd82-c7ae-483e-b259-6428f2dfb240:c5319, adbfec77-7a0d-4773-aa56-ba0b778d0ab5:c5317, 90c45227-141f-43fe-b831-a2b91b39d6b0:c5317]
2019-07-14 06:26:17,093 INFO  client.GrpcClientProtocolClient (GrpcClientProtocolClient.java:onNext(255)) - client-D2340BF4DD29->f9fecd82-c7ae-483e-b259-6428f2dfb240: receive RaftClientReply:client-D2340BF4DD29->f9fecd82-c7ae-483e-b259-6428f2dfb240@group-7DE138E597A5, cid=3510, SUCCESS, logIndex=5322, commits[f9fecd82-c7ae-483e-b259-6428f2dfb240:c5323, adbfec77-7a0d-4773-aa56-ba0b778d0ab5:c5318, 90c45227-141f-43fe-b831-a2b91b39d6b0:c5319]
2019-07-14 06:26:17,094 INFO  client.GrpcClientProtocolClient (GrpcClientProtocolClient.java:onNext(255)) - client-D2340BF4DD29->f9fecd82-c7ae-483e-b259-6428f2dfb240: receive RaftClientReply:client-D2340BF4DD29->f9fecd82-c7ae-483e-b259-6428f2dfb240@group-7DE138E597A5, cid=3511, SUCCESS, logIndex=5323, commits[f9fecd82-c7ae-483e-b259-6428f2dfb240:c5323, adbfec77-7a0d-4773-aa56-ba0b778d0ab5:c5319, 90c45227-141f-43fe-b831-a2b91b39d6b0:c5319]
2019-07-14 06:26:17,096 INFO  client.GrpcClientProtocolClient (GrpcClientProtocolClient.java:onNext(255)) - client-D2340BF4DD29->f9fecd82-c7ae-483e-b259-6428f2dfb240: receive RaftClientReply:client-D2340BF4DD29->f9fecd82-c7ae-483e-b259-6428f2dfb240@group-7DE138E597A5, cid=3512, SUCCESS, logIndex=0, commits[f9fecd82-c7ae-483e-b259-6428f2dfb240:c5325, adbfec77-7a0d-4773-aa56-ba0b778d0ab5:c5323, 90c45227-141f-43fe-b831-a2b91b39d6b0:c5323]
2019-07-14 06:26:17,132 INFO  client.GrpcClientProtocolClient (GrpcClientProtocolClient.java:onNext(255)) - client-D2340BF4DD29->f9fecd82-c7ae-483e-b259-6428f2dfb240: receive RaftClientReply:client-D2340BF4DD29->f9fecd82-c7ae-483e-b259-6428f2dfb240@group-7DE138E597A5, cid=3513, SUCCESS, logIndex=5326, commits[f9fecd82-c7ae-483e-b259-6428f2dfb240:c5329, adbfec77-7a0d-4773-aa56-ba0b778d0ab5:c5323, 90c45227-141f-43fe-b831-a2b91b39d6b0:c5325]
2019-07-14 06:26:17,132 INFO  client.GrpcClientProtocolClient (GrpcClientProtocolClient.java:onNext(255)) - client-D2340BF4DD29->f9fecd82-c7ae-483e-b259-6428f2dfb240: receive RaftClientReply:client-D2340BF4DD29->f9fecd82-c7ae-483e-b259-6428f2dfb240@group-7DE138E597A5, cid=3514, SUCCESS, logIndex=5327, commits[f9fecd82-c7ae-483e-b259-6428f2dfb240:c5329, adbfec77-7a0d-4773-aa56-ba0b778d0ab5:c5325, 90c45227-141f-43fe-b831-a2b91b39d6b0:c5325]
2019-07-14 06:26:17,133 INFO  client.GrpcClientProtocolClient (GrpcClientProtocolClient.java:onNext(255)) - client-D2340BF4DD29->f9fecd82-c7ae-483e-b259-6428f2dfb240: receive RaftClientReply:client-D2340BF4DD29->f9fecd82-c7ae-483e-b259-6428f2dfb240@group-7DE138E597A5, cid=3515, SUCCESS, logIndex=5328, commits[f9fecd82-c7ae-483e-b259-6428f2dfb240:c5329, adbfec77-7a0d-4773-aa56-ba0b778d0ab5:c5325, 90c45227-141f-43fe-b831-a2b91b39d6b0:c5325]
2019-07-14 06:26:17,133 INFO  client.GrpcClientProtocolClient (GrpcClientProtocolClient.java:onNext(255)) - client-D2340BF4DD29->f9fecd82-c7ae-483e-b259-6428f2dfb240: receive RaftClientReply:client-D2340BF4DD29->f9fecd82-c7ae-483e-b259-6428f2dfb240@group-7DE138E597A5, cid=3516, SUCCESS, logIndex=5329, commits[f9fecd82-c7ae-483e-b259-6428f2dfb240:c5329, adbfec77-7a0d-4773-aa56-ba0b778d0ab5:c5325, 90c45227-141f-43fe-b831-a2b91b39d6b0:c5325]
2019-07-14 06:26:17,134 INFO  client.GrpcClientProtocolClient (GrpcClientProtocolClient.java:onNext(255)) - client-D2340BF4DD29->f9fecd82-c7ae-483e-b259-6428f2dfb240: receive RaftClientReply:client-D2340BF4DD29->f9fecd82-c7ae-483e-b259-6428f2dfb240@group-7DE138E597A5, cid=3517, SUCCESS, logIndex=0, commits[f9fecd82-c7ae-483e-b259-6428f2dfb240:c5333, adbfec77-7a0d-4773-aa56-ba0b778d0ab5:c5327, 90c45227-141f-43fe-b831-a2b91b39d6b0:c5329]
 0.00% |█                                                                                                    |  0/1 Time: 0:00:312019-07-14 06:26:17,155 INFO  client.GrpcClientProtocolClient (GrpcClientProtocolClient.java:onNext(255)) - client-D2340BF4DD29->f9fecd82-c7ae-483e-b259-6428f2dfb240: receive RaftClientReply:client-D2340BF4DD29->f9fecd82-c7ae-483e-b259-6428f2dfb240@group-7DE138E597A5, cid=3518, SUCCESS, logIndex=5334, commits[f9fecd82-c7ae-483e-b259-6428f2dfb240:c5335, adbfec77-7a0d-4773-aa56-ba0b778d0ab5:c5333, 90c45227-141f-43fe-b831-a2b91b39d6b0:c5333]
2019-07-14 06:26:17,155 INFO  client.GrpcClientProtocolClient (GrpcClientProtocolClient.java:onNext(255)) - client-D2340BF4DD29->f9fecd82-c7ae-483e-b259-6428f2dfb240: receive RaftClientReply:client-D2340BF4DD29->f9fecd82-c7ae-483e-b259-6428f2dfb240@group-7DE138E597A5, cid=3519, SUCCESS, logIndex=5335, commits[f9fecd82-c7ae-483e-b259-6428f2dfb240:c5335, adbfec77-7a0d-4773-aa56-ba0b778d0ab5:c5333, 90c45227-141f-43fe-b831-a2b91b39d6b0:c5333]
2019-07-14 06:26:17,169 INFO  client.GrpcClientProtocolClient (GrpcClientProtocolClient.java:onNext(255)) - client-D2340BF4DD29->f9fecd82-c7ae-483e-b259-6428f2dfb240: receive RaftClientReply:client-D2340BF4DD29->f9fecd82-c7ae-483e-b259-6428f2dfb240@group-7DE138E597A5, cid=3520, SUCCESS, logIndex=5338, commits[f9fecd82-c7ae-483e-b259-6428f2dfb240:c5339, adbfec77-7a0d-4773-aa56-ba0b778d0ab5:c5335, 90c45227-141f-43fe-b831-a2b91b39d6b0:c5335]
2019-07-14 06:26:17,169 INFO  client.GrpcClientProtocolClient (GrpcClientProtocolClient.java:onNext(255)) - client-D2340BF4DD29->f9fecd82-c7ae-483e-b259-6428f2dfb240: receive RaftClientReply:client-D2340BF4DD29->f9fecd82-c7ae-483e-b259-6428f2dfb240@group-7DE138E597A5, cid=3521, SUCCESS, logIndex=5339, commits[f9fecd82-c7ae-483e-b259-6428f2dfb240:c5339, adbfec77-7a0d-4773-aa56-ba0b778d0ab5:c5335, 90c45227-141f-43fe-b831-a2b91b39d6b0:c5335]
2019-07-14 06:26:17,181 INFO  client.GrpcClientProtocolClient (GrpcClientProtocolClient.java:onNext(255)) - client-D2340BF4DD29->f9fecd82-c7ae-483e-b259-6428f2dfb240: receive RaftClientReply:client-D2340BF4DD29->f9fecd82-c7ae-483e-b259-6428f2dfb240@group-7DE138E597A5, cid=3522, SUCCESS, logIndex=0, commits[f9fecd82-c7ae-483e-b259-6428f2dfb240:c5340, adbfec77-7a0d-4773-aa56-ba0b778d0ab5:c5339, 90c45227-141f-43fe-b831-a2b91b39d6b0:c5339]
2019-07-14 06:26:17,216 INFO  client.GrpcClientProtocolClient (GrpcClientProtocolClient.java:onNext(255)) - client-D2340BF4DD29->f9fecd82-c7ae-483e-b259-6428f2dfb240: receive RaftClientReply:client-D2340BF4DD29->f9fecd82-c7ae-483e-b259-6428f2dfb240@group-7DE138E597A5, cid=3523, SUCCESS, logIndex=5342, commits[f9fecd82-c7ae-483e-b259-6428f2dfb240:c5343, adbfec77-7a0d-4773-aa56-ba0b778d0ab5:c5341, 90c45227-141f-43fe-b831-a2b91b39d6b0:c5341]
2019-07-14 06:26:17,216 INFO  client.GrpcClientProtocolClient (GrpcClientProtocolClient.java:onNext(255)) - client-D2340BF4DD29->f9fecd82-c7ae-483e-b259-6428f2dfb240: receive RaftClientReply:client-D2340BF4DD29->f9fecd82-c7ae-483e-b259-6428f2dfb240@group-7DE138E597A5, cid=3524, SUCCESS, logIndex=5343, commits[f9fecd82-c7ae-483e-b259-6428f2dfb240:c5345, adbfec77-7a0d-4773-aa56-ba0b778d0ab5:c5341, 90c45227-141f-43fe-b831-a2b91b39d6b0:c5341]
2019-07-14 06:26:17,217 INFO  client.GrpcClientProtocolClient (GrpcClientProtocolClient.java:onNext(255)) - client-D2340BF4DD29->f9fecd82-c7ae-483e-b259-6428f2dfb240: receive RaftClientReply:client-D2340BF4DD29->f9fecd82-c7ae-483e-b259-6428f2dfb240@group-7DE138E597A5, cid=3525, SUCCESS, logIndex=5344, commits[f9fecd82-c7ae-483e-b259-6428f2dfb240:c5345, adbfec77-7a0d-4773-aa56-ba0b778d0ab5:c5341, 90c45227-141f-43fe-b831-a2b91b39d6b0:c5341]
2019-07-14 06:26:17,217 INFO  client.GrpcClientProtocolClient (GrpcClientProtocolClient.java:onNext(255)) - client-D2340BF4DD29->f9fecd82-c7ae-483e-b259-6428f2dfb240: receive RaftClientReply:client-D2340BF4DD29->f9fecd82-c7ae-483e-b259-6428f2dfb240@group-7DE138E597A5, cid=3526, SUCCESS, logIndex=5345, commits[f9fecd82-c7ae-483e-b259-6428f2dfb240:c5345, adbfec77-7a0d-4773-aa56-ba0b778d0ab5:c5341, 90c45227-141f-43fe-b831-a2b91b39d6b0:c5341]
2019-07-14 06:26:17,218 INFO  client.GrpcClientProtocolClient (GrpcClientProtocolClient.java:onNext(255)) - client-D2340BF4DD29->f9fecd82-c7ae-483e-b259-6428f2dfb240: receive RaftClientReply:client-D2340BF4DD29->f9fecd82-c7ae-483e-b259-6428f2dfb240@group-7DE138E597A5, cid=3527, SUCCESS, logIndex=0, commits[f9fecd82-c7ae-483e-b259-6428f2dfb240:c5347, adbfec77-7a0d-4773-aa56-ba0b778d0ab5:c5343, 90c45227-141f-43fe-b831-a2b91b39d6b0:c5343]
2019-07-14 06:26:17,227 INFO  segmented.SegmentedRaftLogWorker (SegmentedRaftLogWorker.java:rollLogSegment(385)) - f9fecd82-c7ae-483e-b259-6428f2dfb240-SegmentedRaftLogWorker:Storage Directory /tmp/workdir/hadoop-ozone/tools/target/test-dir/MiniOzoneClusterImpl-ad2b5fd4-8eda-4457-a7c6-347479f63676/datanode-1/data/ratis/d49f8eb2-7177-422f-9f92-7de138e597a5: Rolling segment log-0_5349 to index:5349
2019-07-14 06:26:17,230 INFO  segmented.SegmentedRaftLogWorker (SegmentedRaftLogWorker.java:rollLogSegment(385)) - adbfec77-7a0d-4773-aa56-ba0b778d0ab5-SegmentedRaftLogWorker:Storage Directory /tmp/workdir/hadoop-ozone/tools/target/test-dir/MiniOzoneClusterImpl-ad2b5fd4-8eda-4457-a7c6-347479f63676/datanode-3/data/ratis/d49f8eb2-7177-422f-9f92-7de138e597a5: Rolling segment log-0_5349 to index:5349
2019-07-14 06:26:17,230 INFO  segmented.SegmentedRaftLogWorker (SegmentedRaftLogWorker.java:rollLogSegment(385)) - 90c45227-141f-43fe-b831-a2b91b39d6b0-SegmentedRaftLogWorker:Storage Directory /tmp/workdir/hadoop-ozone/tools/target/test-dir/MiniOzoneClusterImpl-ad2b5fd4-8eda-4457-a7c6-347479f63676/datanode-4/data/ratis/d49f8eb2-7177-422f-9f92-7de138e597a5: Rolling segment log-0_5349 to index:5349
2019-07-14 06:26:17,240 INFO  segmented.SegmentedRaftLogWorker (SegmentedRaftLogWorker.java:execute(526)) - f9fecd82-c7ae-483e-b259-6428f2dfb240-SegmentedRaftLogWorker:Storage Directory /tmp/workdir/hadoop-ozone/tools/target/test-dir/MiniOzoneClusterImpl-ad2b5fd4-8eda-4457-a7c6-347479f63676/datanode-1/data/ratis/d49f8eb2-7177-422f-9f92-7de138e597a5: Rolled log segment from /tmp/workdir/hadoop-ozone/tools/target/test-dir/MiniOzoneClusterImpl-ad2b5fd4-8eda-4457-a7c6-347479f63676/datanode-1/data/ratis/d49f8eb2-7177-422f-9f92-7de138e597a5/current/log_inprogress_0 to /tmp/workdir/hadoop-ozone/tools/target/test-dir/MiniOzoneClusterImpl-ad2b5fd4-8eda-4457-a7c6-347479f63676/datanode-1/data/ratis/d49f8eb2-7177-422f-9f92-7de138e597a5/current/log_0-5349
2019-07-14 06:26:17,240 INFO  client.GrpcClientProtocolClient (GrpcClientProtocolClient.java:onNext(255)) - client-D2340BF4DD29->f9fecd82-c7ae-483e-b259-6428f2dfb240: receive RaftClientReply:client-D2340BF4DD29->f9fecd82-c7ae-483e-b259-6428f2dfb240@group-7DE138E597A5, cid=3528, SUCCESS, logIndex=5349, commits[f9fecd82-c7ae-483e-b259-6428f2dfb240:c5349, adbfec77-7a0d-4773-aa56-ba0b778d0ab5:c5348, 90c45227-141f-43fe-b831-a2b91b39d6b0:c5348]
2019-07-14 06:26:17,240 INFO  segmented.SegmentedRaftLogWorker (SegmentedRaftLogWorker.java:execute(526)) - adbfec77-7a0d-4773-aa56-ba0b778d0ab5-SegmentedRaftLogWorker:Storage Directory /tmp/workdir/hadoop-ozone/tools/target/test-dir/MiniOzoneClusterImpl-ad2b5fd4-8eda-4457-a7c6-347479f63676/datanode-3/data/ratis/d49f8eb2-7177-422f-9f92-7de138e597a5: Rolled log segment from /tmp/workdir/hadoop-ozone/tools/target/test-dir/MiniOzoneClusterImpl-ad2b5fd4-8eda-4457-a7c6-347479f63676/datanode-3/data/ratis/d49f8eb2-7177-422f-9f92-7de138e597a5/current/log_inprogress_0 to /tmp/workdir/hadoop-ozone/tools/target/test-dir/MiniOzoneClusterImpl-ad2b5fd4-8eda-4457-a7c6-347479f63676/datanode-3/data/ratis/d49f8eb2-7177-422f-9f92-7de138e597a5/current/log_0-5349
2019-07-14 06:26:17,240 INFO  segmented.SegmentedRaftLogWorker (SegmentedRaftLogWorker.java:execute(526)) - 90c45227-141f-43fe-b831-a2b91b39d6b0-SegmentedRaftLogWorker:Storage Directory /tmp/workdir/hadoop-ozone/tools/target/test-dir/MiniOzoneClusterImpl-ad2b5fd4-8eda-4457-a7c6-347479f63676/datanode-4/data/ratis/d49f8eb2-7177-422f-9f92-7de138e597a5: Rolled log segment from /tmp/workdir/hadoop-ozone/tools/target/test-dir/MiniOzoneClusterImpl-ad2b5fd4-8eda-4457-a7c6-347479f63676/datanode-4/data/ratis/d49f8eb2-7177-422f-9f92-7de138e597a5/current/log_inprogress_0 to /tmp/workdir/hadoop-ozone/tools/target/test-dir/MiniOzoneClusterImpl-ad2b5fd4-8eda-4457-a7c6-347479f63676/datanode-4/data/ratis/d49f8eb2-7177-422f-9f92-7de138e597a5/current/log_0-5349
2019-07-14 06:26:17,286 INFO  segmented.SegmentedRaftLogWorker (SegmentedRaftLogWorker.java:execute(569)) - f9fecd82-c7ae-483e-b259-6428f2dfb240-SegmentedRaftLogWorker:Storage Directory /tmp/workdir/hadoop-ozone/tools/target/test-dir/MiniOzoneClusterImpl-ad2b5fd4-8eda-4457-a7c6-347479f63676/datanode-1/data/ratis/d49f8eb2-7177-422f-9f92-7de138e597a5: created new log segment /tmp/workdir/hadoop-ozone/tools/target/test-dir/MiniOzoneClusterImpl-ad2b5fd4-8eda-4457-a7c6-347479f63676/datanode-1/data/ratis/d49f8eb2-7177-422f-9f92-7de138e597a5/current/log_inprogress_5350
2019-07-14 06:26:17,303 INFO  segmented.SegmentedRaftLogWorker (SegmentedRaftLogWorker.java:execute(569)) - 90c45227-141f-43fe-b831-a2b91b39d6b0-SegmentedRaftLogWorker:Storage Directory /tmp/workdir/hadoop-ozone/tools/target/test-dir/MiniOzoneClusterImpl-ad2b5fd4-8eda-4457-a7c6-347479f63676/datanode-4/data/ratis/d49f8eb2-7177-422f-9f92-7de138e597a5: created new log segment /tmp/workdir/hadoop-ozone/tools/target/test-dir/MiniOzoneClusterImpl-ad2b5fd4-8eda-4457-a7c6-347479f63676/datanode-4/data/ratis/d49f8eb2-7177-422f-9f92-7de138e597a5/current/log_inprogress_5350
2019-07-14 06:26:17,303 INFO  segmented.SegmentedRaftLogWorker (SegmentedRaftLogWorker.java:execute(569)) - adbfec77-7a0d-4773-aa56-ba0b778d0ab5-SegmentedRaftLogWorker:Storage Directory /tmp/workdir/hadoop-ozone/tools/target/test-dir/MiniOzoneClusterImpl-ad2b5fd4-8eda-4457-a7c6-347479f63676/datanode-3/data/ratis/d49f8eb2-7177-422f-9f92-7de138e597a5: created new log segment /tmp/workdir/hadoop-ozone/tools/target/test-dir/MiniOzoneClusterImpl-ad2b5fd4-8eda-4457-a7c6-347479f63676/datanode-3/data/ratis/d49f8eb2-7177-422f-9f92-7de138e597a5/current/log_inprogress_5350
2019-07-14 06:26:17,320 INFO  client.GrpcClientProtocolClient (GrpcClientProtocolClient.java:onNext(255)) - client-D2340BF4DD29->f9fecd82-c7ae-483e-b259-6428f2dfb240: receive RaftClientReply:client-D2340BF4DD29->f9fecd82-c7ae-483e-b259-6428f2dfb240@group-7DE138E597A5, cid=3529, SUCCESS, logIndex=5350, commits[f9fecd82-c7ae-483e-b259-6428f2dfb240:c5351, adbfec77-7a0d-4773-aa56-ba0b778d0ab5:c5349, 90c45227-141f-43fe-b831-a2b91b39d6b0:c5349]
2019-07-14 06:26:17,345 INFO  client.GrpcClientProtocolClient (GrpcClientProtocolClient.java:onNext(255)) - client-D2340BF4DD29->f9fecd82-c7ae-483e-b259-6428f2dfb240: receive RaftClientReply:client-D2340BF4DD29->f9fecd82-c7ae-483e-b259-6428f2dfb240@group-7DE138E597A5, cid=3530, SUCCESS, logIndex=5353, commits[f9fecd82-c7ae-483e-b259-6428f2dfb240:c5354, adbfec77-7a0d-4773-aa56-ba0b778d0ab5:c5351, 90c45227-141f-43fe-b831-a2b91b39d6b0:c5351]
2019-07-14 06:26:17,348 INFO  client.GrpcClientProtocolClient (GrpcClientProtocolClient.java:onNext(255)) - client-D2340BF4DD29->f9fecd82-c7ae-483e-b259-6428f2dfb240: receive RaftClientReply:client-D2340BF4DD29->f9fecd82-c7ae-483e-b259-6428f2dfb240@group-7DE138E597A5, cid=3531, SUCCESS, logIndex=5354, commits[f9fecd82-c7ae-483e-b259-6428f2dfb240:c5354, adbfec77-7a0d-4773-aa56-ba0b778d0ab5:c5351, 90c45227-141f-43fe-b831-a2b91b39d6b0:c5351]
2019-07-14 06:26:17,358 INFO  client.GrpcClientProtocolClient (GrpcClientProtocolClient.java:onNext(255)) - client-D2340BF4DD29->f9fecd82-c7ae-483e-b259-6428f2dfb240: receive RaftClientReply:client-D2340BF4DD29->f9fecd82-c7ae-483e-b259-6428f2dfb240@group-7DE138E597A5, cid=3532, SUCCESS, logIndex=0, commits[f9fecd82-c7ae-483e-b259-6428f2dfb240:c5355, adbfec77-7a0d-4773-aa56-ba0b778d0ab5:c5354, 90c45227-141f-43fe-b831-a2b91b39d6b0:c5354]
2019-07-14 06:26:17,398 INFO  client.GrpcClientProtocolClient (GrpcClientProtocolClient.java:onNext(255)) - client-D2340BF4DD29->f9fecd82-c7ae-483e-b259-6428f2dfb240: receive RaftClientReply:client-D2340BF4DD29->f9fecd82-c7ae-483e-b259-6428f2dfb240@group-7DE138E597A5, cid=3533, SUCCESS, logIndex=5357, commits[f9fecd82-c7ae-483e-b259-6428f2dfb240:c5359, adbfec77-7a0d-4773-aa56-ba0b778d0ab5:c5356, 90c45227-141f-43fe-b831-a2b91b39d6b0:c5356]
2019-07-14 06:26:17,398 INFO  client.GrpcClientProtocolClient (GrpcClientProtocolClient.java:onNext(255)) - client-D2340BF4DD29->f9fecd82-c7ae-483e-b259-6428f2dfb240: receive RaftClientReply:client-D2340BF4DD29->f9fecd82-c7ae-483e-b259-6428f2dfb240@group-7DE138E597A5, cid=3534, SUCCESS, logIndex=5358, commits[f9fecd82-c7ae-483e-b259-6428f2dfb240:c5360, adbfec77-7a0d-4773-aa56-ba0b778d0ab5:c5356, 90c45227-141f-43fe-b831-a2b91b39d6b0:c5356]
2019-07-14 06:26:17,399 INFO  client.GrpcClientProtocolClient (GrpcClientProtocolClient.java:onNext(255)) - client-D2340BF4DD29->f9fecd82-c7ae-483e-b259-6428f2dfb240: receive RaftClientReply:client-D2340BF4DD29->f9fecd82-c7ae-483e-b259-6428f2dfb240@group-7DE138E597A5, cid=3535, SUCCESS, logIndex=5359, commits[f9fecd82-c7ae-483e-b259-6428f2dfb240:c5360, adbfec77-7a0d-4773-aa56-ba0b778d0ab5:c5356, 90c45227-141f-43fe-b831-a2b91b39d6b0:c5356]
2019-07-14 06:26:17,399 INFO  client.GrpcClientProtocolClient (GrpcClientProtocolClient.java:onNext(255)) - client-D2340BF4DD29->f9fecd82-c7ae-483e-b259-6428f2dfb240: receive RaftClientReply:client-D2340BF4DD29->f9fecd82-c7ae-483e-b259-6428f2dfb240@group-7DE138E597A5, cid=3536, SUCCESS, logIndex=5360, commits[f9fecd82-c7ae-483e-b259-6428f2dfb240:c5360, adbfec77-7a0d-4773-aa56-ba0b778d0ab5:c5356, 90c45227-141f-43fe-b831-a2b91b39d6b0:c5356]
2019-07-14 06:26:17,409 INFO  client.GrpcClientProtocolClient (GrpcClientProtocolClient.java:onNext(255)) - client-D2340BF4DD29->f9fecd82-c7ae-483e-b259-6428f2dfb240: receive RaftClientReply:client-D2340BF4DD29->f9fecd82-c7ae-483e-b259-6428f2dfb240@group-7DE138E597A5, cid=3537, SUCCESS, logIndex=0, commits[f9fecd82-c7ae-483e-b259-6428f2dfb240:c5361, adbfec77-7a0d-4773-aa56-ba0b778d0ab5:c5358, 90c45227-141f-43fe-b831-a2b91b39d6b0:c5358]
2019-07-14 06:26:17,431 INFO  client.GrpcClientProtocolClient (GrpcClientProtocolClient.java:onNext(255)) - client-D2340BF4DD29->f9fecd82-c7ae-483e-b259-6428f2dfb240: receive RaftClientReply:client-D2340BF4DD29->f9fecd82-c7ae-483e-b259-6428f2dfb240@group-7DE138E597A5, cid=3538, SUCCESS, logIndex=5365, commits[f9fecd82-c7ae-483e-b259-6428f2dfb240:c5365, adbfec77-7a0d-4773-aa56-ba0b778d0ab5:c5364, 90c45227-141f-43fe-b831-a2b91b39d6b0:c5364]
2019-07-14 06:26:17,431 INFO  client.GrpcClientProtocolClient (GrpcClientProtocolClient.java:onNext(255)) - client-D2340BF4DD29->f9fecd82-c7ae-483e-b259-6428f2dfb240: receive RaftClientReply:client-D2340BF4DD29->f9fecd82-c7ae-483e-b259-6428f2dfb240@group-7DE138E597A5, cid=3539, SUCCESS, logIndex=5366, commits[f9fecd82-c7ae-483e-b259-6428f2dfb240:c5366, adbfec77-7a0d-4773-aa56-ba0b778d0ab5:c5364, 90c45227-141f-43fe-b831-a2b91b39d6b0:c5364]
2019-07-14 06:26:17,445 INFO  client.GrpcClientProtocolClient (GrpcClientProtocolClient.java:onNext(255)) - client-D2340BF4DD29->f9fecd82-c7ae-483e-b259-6428f2dfb240: receive RaftClientReply:client-D2340BF4DD29->f9fecd82-c7ae-483e-b259-6428f2dfb240@group-7DE138E597A5, cid=3540, SUCCESS, logIndex=5369, commits[f9fecd82-c7ae-483e-b259-6428f2dfb240:c5370, adbfec77-7a0d-4773-aa56-ba0b778d0ab5:c5366, 90c45227-141f-43fe-b831-a2b91b39d6b0:c5366]
2019-07-14 06:26:17,445 INFO  client.GrpcClientProtocolClient (GrpcClientProtocolClient.java:onNext(255)) - client-D2340BF4DD29->f9fecd82-c7ae-483e-b259-6428f2dfb240: receive RaftClientReply:client-D2340BF4DD29->f9fecd82-c7ae-483e-b259-6428f2dfb240@group-7DE138E597A5, cid=3541, SUCCESS, logIndex=5370, commits[f9fecd82-c7ae-483e-b259-6428f2dfb240:c5370, adbfec77-7a0d-4773-aa56-ba0b778d0ab5:c5366, 90c45227-141f-43fe-b831-a2b91b39d6b0:c5366]
2019-07-14 06:26:17,455 INFO  client.GrpcClientProtocolClient (GrpcClientProtocolClient.java:onNext(255)) - client-D2340BF4DD29->f9fecd82-c7ae-483e-b259-6428f2dfb240: receive RaftClientReply:client-D2340BF4DD29->f9fecd82-c7ae-483e-b259-6428f2dfb240@group-7DE138E597A5, cid=3542, SUCCESS, logIndex=0, commits[f9fecd82-c7ae-483e-b259-6428f2dfb240:c5371, adbfec77-7a0d-4773-aa56-ba0b778d0ab5:c5370, 90c45227-141f-43fe-b831-a2b91b39d6b0:c5370]
2019-07-14 06:26:17,482 INFO  client.GrpcClientProtocolClient (GrpcClientProtocolClient.java:onNext(255)) - client-D2340BF4DD29->f9fecd82-c7ae-483e-b259-6428f2dfb240: receive RaftClientReply:client-D2340BF4DD29->f9fecd82-c7ae-483e-b259-6428f2dfb240@group-7DE138E597A5, cid=3543, SUCCESS, logIndex=5373, commits[f9fecd82-c7ae-483e-b259-6428f2dfb240:c5374, adbfec77-7a0d-4773-aa56-ba0b778d0ab5:c5372, 90c45227-141f-43fe-b831-a2b91b39d6b0:c5370]
2019-07-14 06:26:17,483 INFO  client.GrpcClientProtocolClient (GrpcClientProtocolClient.java:onNext(255)) - client-D2340BF4DD29->f9fecd82-c7ae-483e-b259-6428f2dfb240: receive RaftClientReply:client-D2340BF4DD29->f9fecd82-c7ae-483e-b259-6428f2dfb240@group-7DE138E597A5, cid=3544, SUCCESS, logIndex=5374, commits[f9fecd82-c7ae-483e-b259-6428f2dfb240:c5374, adbfec77-7a0d-4773-aa56-ba0b778d0ab5:c5372, 90c45227-141f-43fe-b831-a2b91b39d6b0:c5372]
2019-07-14 06:26:17,484 INFO  client.GrpcClientProtocolClient (GrpcClientProtocolClient.java:onNext(255)) - client-D2340BF4DD29->f9fecd82-c7ae-483e-b259-6428f2dfb240: receive RaftClientReply:client-D2340BF4DD29->f9fecd82-c7ae-483e-b259-6428f2dfb240@group-7DE138E597A5, cid=3545, SUCCESS, logIndex=5375, commits[f9fecd82-c7ae-483e-b259-6428f2dfb240:c5376, adbfec77-7a0d-4773-aa56-ba0b778d0ab5:c5372, 90c45227-141f-43fe-b831-a2b91b39d6b0:c5372]
2019-07-14 06:26:17,484 INFO  client.GrpcClientProtocolClient (GrpcClientProtocolClient.java:onNext(255)) - client-D2340BF4DD29->f9fecd82-c7ae-483e-b259-6428f2dfb240: receive RaftClientReply:client-D2340BF4DD29->f9fecd82-c7ae-483e-b259-6428f2dfb240@group-7DE138E597A5, cid=3546, SUCCESS, logIndex=5376, commits[f9fecd82-c7ae-483e-b259-6428f2dfb240:c5376, adbfec77-7a0d-4773-aa56-ba0b778d0ab5:c5372, 90c45227-141f-43fe-b831-a2b91b39d6b0:c5372]
2019-07-14 06:26:17,487 INFO  client.GrpcClientProtocolClient (GrpcClientProtocolClient.java:onNext(255)) - client-D2340BF4DD29->f9fecd82-c7ae-483e-b259-6428f2dfb240: receive RaftClientReply:client-D2340BF4DD29->f9fecd82-c7ae-483e-b259-6428f2dfb240@group-7DE138E597A5, cid=3547, SUCCESS, logIndex=0, commits[f9fecd82-c7ae-483e-b259-6428f2dfb240:c5378, adbfec77-7a0d-4773-aa56-ba0b778d0ab5:c5374, 90c45227-141f-43fe-b831-a2b91b39d6b0:c5374]
2019-07-14 06:26:17,516 INFO  client.GrpcClientProtocolClient (GrpcClientProtocolClient.java:onNext(255)) - client-D2340BF4DD29->f9fecd82-c7ae-483e-b259-6428f2dfb240: receive RaftClientReply:client-D2340BF4DD29->f9fecd82-c7ae-483e-b259-6428f2dfb240@group-7DE138E597A5, cid=3548, SUCCESS, logIndex=5381, commits[f9fecd82-c7ae-483e-b259-6428f2dfb240:c5382, adbfec77-7a0d-4773-aa56-ba0b778d0ab5:c5376, 90c45227-141f-43fe-b831-a2b91b39d6b0:c5380]
2019-07-14 06:26:17,516 INFO  client.GrpcClientProtocolClient (GrpcClientProtocolClient.java:onNext(255)) - client-D2340BF4DD29->f9fecd82-c7ae-483e-b259-6428f2dfb240: receive RaftClientReply:client-D2340BF4DD29->f9fecd82-c7ae-483e-b259-6428f2dfb240@group-7DE138E597A5, cid=3549, SUCCESS, logIndex=5382, commits[f9fecd82-c7ae-483e-b259-6428f2dfb240:c5382, adbfec77-7a0d-4773-aa56-ba0b778d0ab5:c5380, 90c45227-141f-43fe-b831-a2b91b39d6b0:c5380]
2019-07-14 06:26:17,529 INFO  client.GrpcClientProtocolClient (GrpcClientProtocolClient.java:onNext(255)) - client-D2340BF4DD29->f9fecd82-c7ae-483e-b259-6428f2dfb240: receive RaftClientReply:client-D2340BF4DD29->f9fecd82-c7ae-483e-b259-6428f2dfb240@group-7DE138E597A5, cid=3550, SUCCESS, logIndex=5385, commits[f9fecd82-c7ae-483e-b259-6428f2dfb240:c5386, adbfec77-7a0d-4773-aa56-ba0b778d0ab5:c5382, 90c45227-141f-43fe-b831-a2b91b39d6b0:c5382]
2019-07-14 06:26:17,530 INFO  client.GrpcClientProtocolClient (GrpcClientProtocolClient.java:onNext(255)) - client-D2340BF4DD29->f9fecd82-c7ae-483e-b259-6428f2dfb240: receive RaftClientReply:client-D2340BF4DD29->f9fecd82-c7ae-483e-b259-6428f2dfb240@group-7DE138E597A5, cid=3551, SUCCESS, logIndex=5386, commits[f9fecd82-c7ae-483e-b259-6428f2dfb240:c5386, adbfec77-7a0d-4773-aa56-ba0b778d0ab5:c5382, 90c45227-141f-43fe-b831-a2b91b39d6b0:c5382]
2019-07-14 06:26:17,532 INFO  client.GrpcClientProtocolClient (GrpcClientProtocolClient.java:onNext(255)) - client-D2340BF4DD29->f9fecd82-c7ae-483e-b259-6428f2dfb240: receive RaftClientReply:client-D2340BF4DD29->f9fecd82-c7ae-483e-b259-6428f2dfb240@group-7DE138E597A5, cid=3552, SUCCESS, logIndex=0, commits[f9fecd82-c7ae-483e-b259-6428f2dfb240:c5387, adbfec77-7a0d-4773-aa56-ba0b778d0ab5:c5386, 90c45227-141f-43fe-b831-a2b91b39d6b0:c5386]
2019-07-14 06:26:17,568 INFO  client.GrpcClientProtocolClient (GrpcClientProtocolClient.java:onNext(255)) - client-D2340BF4DD29->f9fecd82-c7ae-483e-b259-6428f2dfb240: receive RaftClientReply:client-D2340BF4DD29->f9fecd82-c7ae-483e-b259-6428f2dfb240@group-7DE138E597A5, cid=3553, SUCCESS, logIndex=5389, commits[f9fecd82-c7ae-483e-b259-6428f2dfb240:c5390, adbfec77-7a0d-4773-aa56-ba0b778d0ab5:c5388, 90c45227-141f-43fe-b831-a2b91b39d6b0:c5388]
2019-07-14 06:26:17,569 INFO  client.GrpcClientProtocolClient (GrpcClientProtocolClient.java:onNext(255)) - client-D2340BF4DD29->f9fecd82-c7ae-483e-b259-6428f2dfb240: receive RaftClientReply:client-D2340BF4DD29->f9fecd82-c7ae-483e-b259-6428f2dfb240@group-7DE138E597A5, cid=3554, SUCCESS, logIndex=5390, commits[f9fecd82-c7ae-483e-b259-6428f2dfb240:c5390, adbfec77-7a0d-4773-aa56-ba0b778d0ab5:c5388, 90c45227-141f-43fe-b831-a2b91b39d6b0:c5388]
2019-07-14 06:26:17,570 INFO  client.GrpcClientProtocolClient (GrpcClientProtocolClient.java:onNext(255)) - client-D2340BF4DD29->f9fecd82-c7ae-483e-b259-6428f2dfb240: receive RaftClientReply:client-D2340BF4DD29->f9fecd82-c7ae-483e-b259-6428f2dfb240@group-7DE138E597A5, cid=3555, SUCCESS, logIndex=5391, commits[f9fecd82-c7ae-483e-b259-6428f2dfb240:c5392, adbfec77-7a0d-4773-aa56-ba0b778d0ab5:c5388, 90c45227-141f-43fe-b831-a2b91b39d6b0:c5388]
2019-07-14 06:26:17,570 INFO  client.GrpcClientProtocolClient (GrpcClientProtocolClient.java:onNext(255)) - client-D2340BF4DD29->f9fecd82-c7ae-483e-b259-6428f2dfb240: receive RaftClientReply:client-D2340BF4DD29->f9fecd82-c7ae-483e-b259-6428f2dfb240@group-7DE138E597A5, cid=3556, SUCCESS, logIndex=5392, commits[f9fecd82-c7ae-483e-b259-6428f2dfb240:c5392, adbfec77-7a0d-4773-aa56-ba0b778d0ab5:c5388, 90c45227-141f-43fe-b831-a2b91b39d6b0:c5388]
2019-07-14 06:26:17,571 INFO  client.GrpcClientProtocolClient (GrpcClientProtocolClient.java:onNext(255)) - client-D2340BF4DD29->f9fecd82-c7ae-483e-b259-6428f2dfb240: receive RaftClientReply:client-D2340BF4DD29->f9fecd82-c7ae-483e-b259-6428f2dfb240@group-7DE138E597A5, cid=3557, SUCCESS, logIndex=0, commits[f9fecd82-c7ae-483e-b259-6428f2dfb240:c5394, adbfec77-7a0d-4773-aa56-ba0b778d0ab5:c5390, 90c45227-141f-43fe-b831-a2b91b39d6b0:c5390]
2019-07-14 06:26:17,592 INFO  client.GrpcClientProtocolClient (GrpcClientProtocolClient.java:onNext(255)) - client-D2340BF4DD29->f9fecd82-c7ae-483e-b259-6428f2dfb240: receive RaftClientReply:client-D2340BF4DD29->f9fecd82-c7ae-483e-b259-6428f2dfb240@group-7DE138E597A5, cid=3558, SUCCESS, logIndex=5397, commits[f9fecd82-c7ae-483e-b259-6428f2dfb240:c5398, adbfec77-7a0d-4773-aa56-ba0b778d0ab5:c5396, 90c45227-141f-43fe-b831-a2b91b39d6b0:c5396]
2019-07-14 06:26:17,593 INFO  client.GrpcClientProtocolClient (GrpcClientProtocolClient.java:onNext(255)) - client-D2340BF4DD29->f9fecd82-c7ae-483e-b259-6428f2dfb240: receive RaftClientReply:client-D2340BF4DD29->f9fecd82-c7ae-483e-b259-6428f2dfb240@group-7DE138E597A5, cid=3559, SUCCESS, logIndex=5398, commits[f9fecd82-c7ae-483e-b259-6428f2dfb240:c5398, adbfec77-7a0d-4773-aa56-ba0b778d0ab5:c5396, 90c45227-141f-43fe-b831-a2b91b39d6b0:c5396]
2019-07-14 06:26:17,605 INFO  client.GrpcClientProtocolClient (GrpcClientProtocolClient.java:onNext(255)) - client-D2340BF4DD29->f9fecd82-c7ae-483e-b259-6428f2dfb240: receive RaftClientReply:client-D2340BF4DD29->f9fecd82-c7ae-483e-b259-6428f2dfb240@group-7DE138E597A5, cid=3560, SUCCESS, logIndex=5401, commits[f9fecd82-c7ae-483e-b259-6428f2dfb240:c5402, adbfec77-7a0d-4773-aa56-ba0b778d0ab5:c5397, 90c45227-141f-43fe-b831-a2b91b39d6b0:c5398]
2019-07-14 06:26:17,606 INFO  client.GrpcClientProtocolClient (GrpcClientProtocolClient.java:onNext(255)) - client-D2340BF4DD29->f9fecd82-c7ae-483e-b259-6428f2dfb240: receive RaftClientReply:client-D2340BF4DD29->f9fecd82-c7ae-483e-b259-6428f2dfb240@group-7DE138E597A5, cid=3561, SUCCESS, logIndex=5402, commits[f9fecd82-c7ae-483e-b259-6428f2dfb240:c5402, adbfec77-7a0d-4773-aa56-ba0b778d0ab5:c5398, 90c45227-141f-43fe-b831-a2b91b39d6b0:c5398]
2019-07-14 06:26:17,618 INFO  client.GrpcClientProtocolClient (GrpcClientProtocolClient.java:onNext(255)) - client-D2340BF4DD29->f9fecd82-c7ae-483e-b259-6428f2dfb240: receive RaftClientReply:client-D2340BF4DD29->f9fecd82-c7ae-483e-b259-6428f2dfb240@group-7DE138E597A5, cid=3562, SUCCESS, logIndex=0, commits[f9fecd82-c7ae-483e-b259-6428f2dfb240:c5404, adbfec77-7a0d-4773-aa56-ba0b778d0ab5:c5402, 90c45227-141f-43fe-b831-a2b91b39d6b0:c5402]
2019-07-14 06:26:17,654 INFO  client.GrpcClientProtocolClient (GrpcClientProtocolClient.java:onNext(255)) - client-D2340BF4DD29->f9fecd82-c7ae-483e-b259-6428f2dfb240: receive RaftClientReply:client-D2340BF4DD29->f9fecd82-c7ae-483e-b259-6428f2dfb240@group-7DE138E597A5, cid=3563, SUCCESS, logIndex=5405, commits[f9fecd82-c7ae-483e-b259-6428f2dfb240:c5407, adbfec77-7a0d-4773-aa56-ba0b778d0ab5:c5404, 90c45227-141f-43fe-b831-a2b91b39d6b0:c5404]
2019-07-14 06:26:17,655 INFO  client.GrpcClientProtocolClient (GrpcClientProtocolClient.java:onNext(255)) - client-D2340BF4DD29->f9fecd82-c7ae-483e-b259-6428f2dfb240: receive RaftClientReply:client-D2340BF4DD29->f9fecd82-c7ae-483e-b259-6428f2dfb240@group-7DE138E597A5, cid=3564, SUCCESS, logIndex=5406, commits[f9fecd82-c7ae-483e-b259-6428f2dfb240:c5408, adbfec77-7a0d-4773-aa56-ba0b778d0ab5:c5404, 90c45227-141f-43fe-b831-a2b91b39d6b0:c5404]
2019-07-14 06:26:17,655 INFO  client.GrpcClientProtocolClient (GrpcClientProtocolClient.java:onNext(255)) - client-D2340BF4DD29->f9fecd82-c7ae-483e-b259-6428f2dfb240: receive RaftClientReply:client-D2340BF4DD29->f9fecd82-c7ae-483e-b259-6428f2dfb240@group-7DE138E597A5, cid=3565, SUCCESS, logIndex=5407, commits[f9fecd82-c7ae-483e-b259-6428f2dfb240:c5408, adbfec77-7a0d-4773-aa56-ba0b778d0ab5:c5404, 90c45227-141f-43fe-b831-a2b91b39d6b0:c5404]
2019-07-14 06:26:17,655 INFO  client.GrpcClientProtocolClient (GrpcClientProtocolClient.java:onNext(255)) - client-D2340BF4DD29->f9fecd82-c7ae-483e-b259-6428f2dfb240: receive RaftClientReply:client-D2340BF4DD29->f9fecd82-c7ae-483e-b259-6428f2dfb240@group-7DE138E597A5, cid=3566, SUCCESS, logIndex=5408, commits[f9fecd82-c7ae-483e-b259-6428f2dfb240:c5409, adbfec77-7a0d-4773-aa56-ba0b778d0ab5:c5404, 90c45227-141f-43fe-b831-a2b91b39d6b0:c5405]
2019-07-14 06:26:17,657 INFO  client.GrpcClientProtocolClient (GrpcClientProtocolClient.java:onNext(255)) - client-D2340BF4DD29->f9fecd82-c7ae-483e-b259-6428f2dfb240: receive RaftClientReply:client-D2340BF4DD29->f9fecd82-c7ae-483e-b259-6428f2dfb240@group-7DE138E597A5, cid=3567, SUCCESS, logIndex=0, commits[f9fecd82-c7ae-483e-b259-6428f2dfb240:c5411, adbfec77-7a0d-4773-aa56-ba0b778d0ab5:c5408, 90c45227-141f-43fe-b831-a2b91b39d6b0:c5406]
2019-07-14 06:26:17,676 INFO  client.GrpcClientProtocolClient (GrpcClientProtocolClient.java:onNext(255)) - client-D2340BF4DD29->f9fecd82-c7ae-483e-b259-6428f2dfb240: receive RaftClientReply:client-D2340BF4DD29->f9fecd82-c7ae-483e-b259-6428f2dfb240@group-7DE138E597A5, cid=3568, SUCCESS, logIndex=5413, commits[f9fecd82-c7ae-483e-b259-6428f2dfb240:c5414, adbfec77-7a0d-4773-aa56-ba0b778d0ab5:c5412, 90c45227-141f-43fe-b831-a2b91b39d6b0:c5412]
2019-07-14 06:26:17,677 INFO  client.GrpcClientProtocolClient (GrpcClientProtocolClient.java:onNext(255)) - client-D2340BF4DD29->f9fecd82-c7ae-483e-b259-6428f2dfb240: receive RaftClientReply:client-D2340BF4DD29->f9fecd82-c7ae-483e-b259-6428f2dfb240@group-7DE138E597A5, cid=3569, SUCCESS, logIndex=5414, commits[f9fecd82-c7ae-483e-b259-6428f2dfb240:c5414, adbfec77-7a0d-4773-aa56-ba0b778d0ab5:c5412, 90c45227-141f-43fe-b831-a2b91b39d6b0:c5412]
2019-07-14 06:26:17,690 INFO  client.GrpcClientProtocolClient (GrpcClientProtocolClient.java:onNext(255)) - client-D2340BF4DD29->f9fecd82-c7ae-483e-b259-6428f2dfb240: receive RaftClientReply:client-D2340BF4DD29->f9fecd82-c7ae-483e-b259-6428f2dfb240@group-7DE138E597A5, cid=3570, SUCCESS, logIndex=5417, commits[f9fecd82-c7ae-483e-b259-6428f2dfb240:c5418, adbfec77-7a0d-4773-aa56-ba0b778d0ab5:c5414, 90c45227-141f-43fe-b831-a2b91b39d6b0:c5414]
2019-07-14 06:26:17,691 INFO  client.GrpcClientProtocolClient (GrpcClientProtocolClient.java:onNext(255)) - client-D2340BF4DD29->f9fecd82-c7ae-483e-b259-6428f2dfb240: receive RaftClientReply:client-D2340BF4DD29->f9fecd82-c7ae-483e-b259-6428f2dfb240@group-7DE138E597A5, cid=3571, SUCCESS, logIndex=5418, commits[f9fecd82-c7ae-483e-b259-6428f2dfb240:c5418, adbfec77-7a0d-4773-aa56-ba0b778d0ab5:c5414, 90c45227-141f-43fe-b831-a2b91b39d6b0:c5414]
2019-07-14 06:26:17,703 INFO  client.GrpcClientProtocolClient (GrpcClientProtocolClient.java:onNext(255)) - client-D2340BF4DD29->f9fecd82-c7ae-483e-b259-6428f2dfb240: receive RaftClientReply:client-D2340BF4DD29->f9fecd82-c7ae-483e-b259-6428f2dfb240@group-7DE138E597A5, cid=3572, SUCCESS, logIndex=0, commits[f9fecd82-c7ae-483e-b259-6428f2dfb240:c5420, adbfec77-7a0d-4773-aa56-ba0b778d0ab5:c5418, 90c45227-141f-43fe-b831-a2b91b39d6b0:c5418]
2019-07-14 06:26:17,740 INFO  client.GrpcClientProtocolClient (GrpcClientProtocolClient.java:onNext(255)) - client-D2340BF4DD29->f9fecd82-c7ae-483e-b259-6428f2dfb240: receive RaftClientReply:client-D2340BF4DD29->f9fecd82-c7ae-483e-b259-6428f2dfb240@group-7DE138E597A5, cid=3573, SUCCESS, logIndex=5421, commits[f9fecd82-c7ae-483e-b259-6428f2dfb240:c5423, adbfec77-7a0d-4773-aa56-ba0b778d0ab5:c5420, 90c45227-141f-43fe-b831-a2b91b39d6b0:c5420]
2019-07-14 06:26:17,740 INFO  client.GrpcClientProtocolClient (GrpcClientProtocolClient.java:onNext(255)) - client-D2340BF4DD29->f9fecd82-c7ae-483e-b259-6428f2dfb240: receive RaftClientReply:client-D2340BF4DD29->f9fecd82-c7ae-483e-b259-6428f2dfb240@group-7DE138E597A5, cid=3574, SUCCESS, logIndex=5422, commits[f9fecd82-c7ae-483e-b259-6428f2dfb240:c5424, adbfec77-7a0d-4773-aa56-ba0b778d0ab5:c5420, 90c45227-141f-43fe-b831-a2b91b39d6b0:c5420]
2019-07-14 06:26:17,741 INFO  client.GrpcClientProtocolClient (GrpcClientProtocolClient.java:onNext(255)) - client-D2340BF4DD29->f9fecd82-c7ae-483e-b259-6428f2dfb240: receive RaftClientReply:client-D2340BF4DD29->f9fecd82-c7ae-483e-b259-6428f2dfb240@group-7DE138E597A5, cid=3575, SUCCESS, logIndex=5423, commits[f9fecd82-c7ae-483e-b259-6428f2dfb240:c5424, adbfec77-7a0d-4773-aa56-ba0b778d0ab5:c5420, 90c45227-141f-43fe-b831-a2b91b39d6b0:c5420]
2019-07-14 06:26:17,741 INFO  client.GrpcClientProtocolClient (GrpcClientProtocolClient.java:onNext(255)) - client-D2340BF4DD29->f9fecd82-c7ae-483e-b259-6428f2dfb240: receive RaftClientReply:client-D2340BF4DD29->f9fecd82-c7ae-483e-b259-6428f2dfb240@group-7DE138E597A5, cid=3576, SUCCESS, logIndex=5424, commits[f9fecd82-c7ae-483e-b259-6428f2dfb240:c5425, adbfec77-7a0d-4773-aa56-ba0b778d0ab5:c5420, 90c45227-141f-43fe-b831-a2b91b39d6b0:c5422]
2019-07-14 06:26:17,742 INFO  client.GrpcClientProtocolClient (GrpcClientProtocolClient.java:onNext(255)) - client-D2340BF4DD29->f9fecd82-c7ae-483e-b259-6428f2dfb240: receive RaftClientReply:client-D2340BF4DD29->f9fecd82-c7ae-483e-b259-6428f2dfb240@group-7DE138E597A5, cid=3577, SUCCESS, logIndex=0, commits[f9fecd82-c7ae-483e-b259-6428f2dfb240:c5428, adbfec77-7a0d-4773-aa56-ba0b778d0ab5:c5424, 90c45227-141f-43fe-b831-a2b91b39d6b0:c5423]
2019-07-14 06:26:17,763 INFO  client.GrpcClientProtocolClient (GrpcClientProtocolClient.java:onNext(255)) - client-D2340BF4DD29->f9fecd82-c7ae-483e-b259-6428f2dfb240: receive RaftClientReply:client-D2340BF4DD29->f9fecd82-c7ae-483e-b259-6428f2dfb240@group-7DE138E597A5, cid=3578, SUCCESS, logIndex=5429, commits[f9fecd82-c7ae-483e-b259-6428f2dfb240:c5430, adbfec77-7a0d-4773-aa56-ba0b778d0ab5:c5428, 90c45227-141f-43fe-b831-a2b91b39d6b0:c5428]
2019-07-14 06:26:17,764 INFO  client.GrpcClientProtocolClient (GrpcClientProtocolClient.java:onNext(255)) - client-D2340BF4DD29->f9fecd82-c7ae-483e-b259-6428f2dfb240: receive RaftClientReply:client-D2340BF4DD29->f9fecd82-c7ae-483e-b259-6428f2dfb240@group-7DE138E597A5, cid=3579, SUCCESS, logIndex=5430, commits[f9fecd82-c7ae-483e-b259-6428f2dfb240:c5430, adbfec77-7a0d-4773-aa56-ba0b778d0ab5:c5428, 90c45227-141f-43fe-b831-a2b91b39d6b0:c5428]
2019-07-14 06:26:17,794 INFO  client.GrpcClientProtocolClient (GrpcClientProtocolClient.java:onNext(255)) - client-D2340BF4DD29->f9fecd82-c7ae-483e-b259-6428f2dfb240: receive RaftClientReply:client-D2340BF4DD29->f9fecd82-c7ae-483e-b259-6428f2dfb240@group-7DE138E597A5, cid=3580, SUCCESS, logIndex=5433, commits[f9fecd82-c7ae-483e-b259-6428f2dfb240:c5434, adbfec77-7a0d-4773-aa56-ba0b778d0ab5:c5430, 90c45227-141f-43fe-b831-a2b91b39d6b0:c5430]
2019-07-14 06:26:17,794 INFO  client.GrpcClientProtocolClient (GrpcClientProtocolClient.java:onNext(255)) - client-D2340BF4DD29->f9fecd82-c7ae-483e-b259-6428f2dfb240: receive RaftClientReply:client-D2340BF4DD29->f9fecd82-c7ae-483e-b259-6428f2dfb240@group-7DE138E597A5, cid=3581, SUCCESS, logIndex=5434, commits[f9fecd82-c7ae-483e-b259-6428f2dfb240:c5434, adbfec77-7a0d-4773-aa56-ba0b778d0ab5:c5430, 90c45227-141f-43fe-b831-a2b91b39d6b0:c5430]
2019-07-14 06:26:17,819 INFO  client.GrpcClientProtocolClient (GrpcClientProtocolClient.java:onNext(255)) - client-D2340BF4DD29->f9fecd82-c7ae-483e-b259-6428f2dfb240: receive RaftClientReply:client-D2340BF4DD29->f9fecd82-c7ae-483e-b259-6428f2dfb240@group-7DE138E597A5, cid=3582, SUCCESS, logIndex=0, commits[f9fecd82-c7ae-483e-b259-6428f2dfb240:c5435, adbfec77-7a0d-4773-aa56-ba0b778d0ab5:c5434, 90c45227-141f-43fe-b831-a2b91b39d6b0:c5434]
2019-07-14 06:26:17,857 INFO  client.GrpcClientProtocolClient (GrpcClientProtocolClient.java:onNext(255)) - client-D2340BF4DD29->f9fecd82-c7ae-483e-b259-6428f2dfb240: receive RaftClientReply:client-D2340BF4DD29->f9fecd82-c7ae-483e-b259-6428f2dfb240@group-7DE138E597A5, cid=3583, SUCCESS, logIndex=5437, commits[f9fecd82-c7ae-483e-b259-6428f2dfb240:c5438, adbfec77-7a0d-4773-aa56-ba0b778d0ab5:c5436, 90c45227-141f-43fe-b831-a2b91b39d6b0:c5436]
2019-07-14 06:26:17,858 INFO  client.GrpcClientProtocolClient (GrpcClientProtocolClient.java:onNext(255)) - client-D2340BF4DD29->f9fecd82-c7ae-483e-b259-6428f2dfb240: receive RaftClientReply:client-D2340BF4DD29->f9fecd82-c7ae-483e-b259-6428f2dfb240@group-7DE138E597A5, cid=3584, SUCCESS, logIndex=5438, commits[f9fecd82-c7ae-483e-b259-6428f2dfb240:c5438, adbfec77-7a0d-4773-aa56-ba0b778d0ab5:c5436, 90c45227-141f-43fe-b831-a2b91b39d6b0:c5436]
2019-07-14 06:26:17,858 INFO  client.GrpcClientProtocolClient (GrpcClientProtocolClient.java:onNext(255)) - client-D2340BF4DD29->f9fecd82-c7ae-483e-b259-6428f2dfb240: receive RaftClientReply:client-D2340BF4DD29->f9fecd82-c7ae-483e-b259-6428f2dfb240@group-7DE138E597A5, cid=3585, SUCCESS, logIndex=5439, commits[f9fecd82-c7ae-483e-b259-6428f2dfb240:c5440, adbfec77-7a0d-4773-aa56-ba0b778d0ab5:c5436, 90c45227-141f-43fe-b831-a2b91b39d6b0:c5436]
2019-07-14 06:26:17,859 INFO  client.GrpcClientProtocolClient (GrpcClientProtocolClient.java:onNext(255)) - client-D2340BF4DD29->f9fecd82-c7ae-483e-b259-6428f2dfb240: receive RaftClientReply:client-D2340BF4DD29->f9fecd82-c7ae-483e-b259-6428f2dfb240@group-7DE138E597A5, cid=3586, SUCCESS, logIndex=5440, commits[f9fecd82-c7ae-483e-b259-6428f2dfb240:c5442, adbfec77-7a0d-4773-aa56-ba0b778d0ab5:c5436, 90c45227-141f-43fe-b831-a2b91b39d6b0:c5438]
2019-07-14 06:26:17,860 INFO  client.GrpcClientProtocolClient (GrpcClientProtocolClient.java:onNext(255)) - client-D2340BF4DD29->f9fecd82-c7ae-483e-b259-6428f2dfb240: receive RaftClientReply:client-D2340BF4DD29->f9fecd82-c7ae-483e-b259-6428f2dfb240@group-7DE138E597A5, cid=3587, SUCCESS, logIndex=0, commits[f9fecd82-c7ae-483e-b259-6428f2dfb240:c5442, adbfec77-7a0d-4773-aa56-ba0b778d0ab5:c5438, 90c45227-141f-43fe-b831-a2b91b39d6b0:c5438]
2019-07-14 06:26:17,882 INFO  client.GrpcClientProtocolClient (GrpcClientProtocolClient.java:onNext(255)) - client-D2340BF4DD29->f9fecd82-c7ae-483e-b259-6428f2dfb240: receive RaftClientReply:client-D2340BF4DD29->f9fecd82-c7ae-483e-b259-6428f2dfb240@group-7DE138E597A5, cid=3588, SUCCESS, logIndex=5444, commits[f9fecd82-c7ae-483e-b259-6428f2dfb240:c5445, adbfec77-7a0d-4773-aa56-ba0b778d0ab5:c5443, 90c45227-141f-43fe-b831-a2b91b39d6b0:c5443]
2019-07-14 06:26:17,883 INFO  client.GrpcClientProtocolClient (GrpcClientProtocolClient.java:onNext(255)) - client-D2340BF4DD29->f9fecd82-c7ae-483e-b259-6428f2dfb240: receive RaftClientReply:client-D2340BF4DD29->f9fecd82-c7ae-483e-b259-6428f2dfb240@group-7DE138E597A5, cid=3589, SUCCESS, logIndex=5445, commits[f9fecd82-c7ae-483e-b259-6428f2dfb240:c5445, adbfec77-7a0d-4773-aa56-ba0b778d0ab5:c5443, 90c45227-141f-43fe-b831-a2b91b39d6b0:c5443]
2019-07-14 06:26:18,023 INFO  client.GrpcClientProtocolClient (GrpcClientProtocolClient.java:onNext(255)) - client-D2340BF4DD29->f9fecd82-c7ae-483e-b259-6428f2dfb240: receive RaftClientReply:client-D2340BF4DD29->f9fecd82-c7ae-483e-b259-6428f2dfb240@group-7DE138E597A5, cid=3590, SUCCESS, logIndex=5448, commits[f9fecd82-c7ae-483e-b259-6428f2dfb240:c5449, adbfec77-7a0d-4773-aa56-ba0b778d0ab5:c5445, 90c45227-141f-43fe-b831-a2b91b39d6b0:c5445]
2019-07-14 06:26:18,024 INFO  client.GrpcClientProtocolClient (GrpcClientProtocolClient.java:onNext(255)) - client-D2340BF4DD29->f9fecd82-c7ae-483e-b259-6428f2dfb240: receive RaftClientReply:client-D2340BF4DD29->f9fecd82-c7ae-483e-b259-6428f2dfb240@group-7DE138E597A5, cid=3591, SUCCESS, logIndex=5449, commits[f9fecd82-c7ae-483e-b259-6428f2dfb240:c5449, adbfec77-7a0d-4773-aa56-ba0b778d0ab5:c5445, 90c45227-141f-43fe-b831-a2b91b39d6b0:c5445]
2019-07-14 06:26:18,026 INFO  client.GrpcClientProtocolClient (GrpcClientProtocolClient.java:onNext(255)) - client-D2340BF4DD29->f9fecd82-c7ae-483e-b259-6428f2dfb240: receive RaftClientReply:client-D2340BF4DD29->f9fecd82-c7ae-483e-b259-6428f2dfb240@group-7DE138E597A5, cid=3592, SUCCESS, logIndex=0, commits[f9fecd82-c7ae-483e-b259-6428f2dfb240:c5451, adbfec77-7a0d-4773-aa56-ba0b778d0ab5:c5449, 90c45227-141f-43fe-b831-a2b91b39d6b0:c5449]
2019-07-14 06:26:18,058 INFO  client.GrpcClientProtocolClient (GrpcClientProtocolClient.java:onNext(255)) - client-D2340BF4DD29->f9fecd82-c7ae-483e-b259-6428f2dfb240: receive RaftClientReply:client-D2340BF4DD29->f9fecd82-c7ae-483e-b259-6428f2dfb240@group-7DE138E597A5, cid=3593, SUCCESS, logIndex=5452, commits[f9fecd82-c7ae-483e-b259-6428f2dfb240:c5454, adbfec77-7a0d-4773-aa56-ba0b778d0ab5:c5451, 90c45227-141f-43fe-b831-a2b91b39d6b0:c5451]
2019-07-14 06:26:18,059 INFO  client.GrpcClientProtocolClient (GrpcClientProtocolClient.java:onNext(255)) - client-D2340BF4DD29->f9fecd82-c7ae-483e-b259-6428f2dfb240: receive RaftClientReply:client-D2340BF4DD29->f9fecd82-c7ae-483e-b259-6428f2dfb240@group-7DE138E597A5, cid=3594, SUCCESS, logIndex=5453, commits[f9fecd82-c7ae-483e-b259-6428f2dfb240:c5455, adbfec77-7a0d-4773-aa56-ba0b778d0ab5:c5451, 90c45227-141f-43fe-b831-a2b91b39d6b0:c5451]
2019-07-14 06:26:18,059 INFO  client.GrpcClientProtocolClient (GrpcClientProtocolClient.java:onNext(255)) - client-D2340BF4DD29->f9fecd82-c7ae-483e-b259-6428f2dfb240: receive RaftClientReply:client-D2340BF4DD29->f9fecd82-c7ae-483e-b259-6428f2dfb240@group-7DE138E597A5, cid=3595, SUCCESS, logIndex=5454, commits[f9fecd82-c7ae-483e-b259-6428f2dfb240:c5455, adbfec77-7a0d-4773-aa56-ba0b778d0ab5:c5451, 90c45227-141f-43fe-b831-a2b91b39d6b0:c5451]
2019-07-14 06:26:18,060 INFO  client.GrpcClientProtocolClient (GrpcClientProtocolClient.java:onNext(255)) - client-D2340BF4DD29->f9fecd82-c7ae-483e-b259-6428f2dfb240: receive RaftClientReply:client-D2340BF4DD29->f9fecd82-c7ae-483e-b259-6428f2dfb240@group-7DE138E597A5, cid=3596, SUCCESS, logIndex=5455, commits[f9fecd82-c7ae-483e-b259-6428f2dfb240:c5455, adbfec77-7a0d-4773-aa56-ba0b778d0ab5:c5451, 90c45227-141f-43fe-b831-a2b91b39d6b0:c5451]
2019-07-14 06:26:18,071 INFO  client.GrpcClientProtocolClient (GrpcClientProtocolClient.java:onNext(255)) - client-D2340BF4DD29->f9fecd82-c7ae-483e-b259-6428f2dfb240: receive RaftClientReply:client-D2340BF4DD29->f9fecd82-c7ae-483e-b259-6428f2dfb240@group-7DE138E597A5, cid=3597, SUCCESS, logIndex=0, commits[f9fecd82-c7ae-483e-b259-6428f2dfb240:c5458, adbfec77-7a0d-4773-aa56-ba0b778d0ab5:c5454, 90c45227-141f-43fe-b831-a2b91b39d6b0:c5453]
2019-07-14 06:26:18,094 INFO  client.GrpcClientProtocolClient (GrpcClientProtocolClient.java:onNext(255)) - client-D2340BF4DD29->f9fecd82-c7ae-483e-b259-6428f2dfb240: receive RaftClientReply:client-D2340BF4DD29->f9fecd82-c7ae-483e-b259-6428f2dfb240@group-7DE138E597A5, cid=3598, SUCCESS, logIndex=5460, commits[f9fecd82-c7ae-483e-b259-6428f2dfb240:c5461, adbfec77-7a0d-4773-aa56-ba0b778d0ab5:c5459, 90c45227-141f-43fe-b831-a2b91b39d6b0:c5459]
2019-07-14 06:26:18,095 INFO  client.GrpcClientProtocolClient (GrpcClientProtocolClient.java:onNext(255)) - client-D2340BF4DD29->f9fecd82-c7ae-483e-b259-6428f2dfb240: receive RaftClientReply:client-D2340BF4DD29->f9fecd82-c7ae-483e-b259-6428f2dfb240@group-7DE138E597A5, cid=3599, SUCCESS, logIndex=5461, commits[f9fecd82-c7ae-483e-b259-6428f2dfb240:c5461, adbfec77-7a0d-4773-aa56-ba0b778d0ab5:c5459, 90c45227-141f-43fe-b831-a2b91b39d6b0:c5459]
2019-07-14 06:26:18,120 INFO  client.GrpcClientProtocolClient (GrpcClientProtocolClient.java:onNext(255)) - client-D2340BF4DD29->f9fecd82-c7ae-483e-b259-6428f2dfb240: receive RaftClientReply:client-D2340BF4DD29->f9fecd82-c7ae-483e-b259-6428f2dfb240@group-7DE138E597A5, cid=3600, SUCCESS, logIndex=5464, commits[f9fecd82-c7ae-483e-b259-6428f2dfb240:c5465, adbfec77-7a0d-4773-aa56-ba0b778d0ab5:c5461, 90c45227-141f-43fe-b831-a2b91b39d6b0:c5461]
2019-07-14 06:26:18,120 INFO  client.GrpcClientProtocolClient (GrpcClientProtocolClient.java:onNext(255)) - client-D2340BF4DD29->f9fecd82-c7ae-483e-b259-6428f2dfb240: receive RaftClientReply:client-D2340BF4DD29->f9fecd82-c7ae-483e-b259-6428f2dfb240@group-7DE138E597A5, cid=3601, SUCCESS, logIndex=5465, commits[f9fecd82-c7ae-483e-b259-6428f2dfb240:c5465, adbfec77-7a0d-4773-aa56-ba0b778d0ab5:c5461, 90c45227-141f-43fe-b831-a2b91b39d6b0:c5461]
2019-07-14 06:26:18,132 INFO  client.GrpcClientProtocolClient (GrpcClientProtocolClient.java:onNext(255)) - client-D2340BF4DD29->f9fecd82-c7ae-483e-b259-6428f2dfb240: receive RaftClientReply:client-D2340BF4DD29->f9fecd82-c7ae-483e-b259-6428f2dfb240@group-7DE138E597A5, cid=3602, SUCCESS, logIndex=0, commits[f9fecd82-c7ae-483e-b259-6428f2dfb240:c5466, adbfec77-7a0d-4773-aa56-ba0b778d0ab5:c5465, 90c45227-141f-43fe-b831-a2b91b39d6b0:c5465]
 0.00% |█                                                                                                    |  0/1 Time: 0:00:322019-07-14 06:26:18,169 INFO  client.GrpcClientProtocolClient (GrpcClientProtocolClient.java:onNext(255)) - client-D2340BF4DD29->f9fecd82-c7ae-483e-b259-6428f2dfb240: receive RaftClientReply:client-D2340BF4DD29->f9fecd82-c7ae-483e-b259-6428f2dfb240@group-7DE138E597A5, cid=3603, SUCCESS, logIndex=5468, commits[f9fecd82-c7ae-483e-b259-6428f2dfb240:c5469, adbfec77-7a0d-4773-aa56-ba0b778d0ab5:c5467, 90c45227-141f-43fe-b831-a2b91b39d6b0:c5467]
2019-07-14 06:26:18,170 INFO  client.GrpcClientProtocolClient (GrpcClientProtocolClient.java:onNext(255)) - client-D2340BF4DD29->f9fecd82-c7ae-483e-b259-6428f2dfb240: receive RaftClientReply:client-D2340BF4DD29->f9fecd82-c7ae-483e-b259-6428f2dfb240@group-7DE138E597A5, cid=3604, SUCCESS, logIndex=5469, commits[f9fecd82-c7ae-483e-b259-6428f2dfb240:c5470, adbfec77-7a0d-4773-aa56-ba0b778d0ab5:c5467, 90c45227-141f-43fe-b831-a2b91b39d6b0:c5467]
2019-07-14 06:26:18,171 INFO  client.GrpcClientProtocolClient (GrpcClientProtocolClient.java:onNext(255)) - client-D2340BF4DD29->f9fecd82-c7ae-483e-b259-6428f2dfb240: receive RaftClientReply:client-D2340BF4DD29->f9fecd82-c7ae-483e-b259-6428f2dfb240@group-7DE138E597A5, cid=3605, SUCCESS, logIndex=5470, commits[f9fecd82-c7ae-483e-b259-6428f2dfb240:c5471, adbfec77-7a0d-4773-aa56-ba0b778d0ab5:c5467, 90c45227-141f-43fe-b831-a2b91b39d6b0:c5467]
2019-07-14 06:26:18,172 INFO  client.GrpcClientProtocolClient (GrpcClientProtocolClient.java:onNext(255)) - client-D2340BF4DD29->f9fecd82-c7ae-483e-b259-6428f2dfb240: receive RaftClientReply:client-D2340BF4DD29->f9fecd82-c7ae-483e-b259-6428f2dfb240@group-7DE138E597A5, cid=3606, SUCCESS, logIndex=5471, commits[f9fecd82-c7ae-483e-b259-6428f2dfb240:c5472, adbfec77-7a0d-4773-aa56-ba0b778d0ab5:c5467, 90c45227-141f-43fe-b831-a2b91b39d6b0:c5468]
2019-07-14 06:26:18,173 INFO  client.GrpcClientProtocolClient (GrpcClientProtocolClient.java:onNext(255)) - client-D2340BF4DD29->f9fecd82-c7ae-483e-b259-6428f2dfb240: receive RaftClientReply:client-D2340BF4DD29->f9fecd82-c7ae-483e-b259-6428f2dfb240@group-7DE138E597A5, cid=3607, SUCCESS, logIndex=0, commits[f9fecd82-c7ae-483e-b259-6428f2dfb240:c5475, adbfec77-7a0d-4773-aa56-ba0b778d0ab5:c5470, 90c45227-141f-43fe-b831-a2b91b39d6b0:c5471]
2019-07-14 06:26:18,195 INFO  client.GrpcClientProtocolClient (GrpcClientProtocolClient.java:onNext(255)) - client-D2340BF4DD29->f9fecd82-c7ae-483e-b259-6428f2dfb240: receive RaftClientReply:client-D2340BF4DD29->f9fecd82-c7ae-483e-b259-6428f2dfb240@group-7DE138E597A5, cid=3608, SUCCESS, logIndex=5476, commits[f9fecd82-c7ae-483e-b259-6428f2dfb240:c5477, adbfec77-7a0d-4773-aa56-ba0b778d0ab5:c5475, 90c45227-141f-43fe-b831-a2b91b39d6b0:c5475]
2019-07-14 06:26:18,196 INFO  client.GrpcClientProtocolClient (GrpcClientProtocolClient.java:onNext(255)) - client-D2340BF4DD29->f9fecd82-c7ae-483e-b259-6428f2dfb240: receive RaftClientReply:client-D2340BF4DD29->f9fecd82-c7ae-483e-b259-6428f2dfb240@group-7DE138E597A5, cid=3609, SUCCESS, logIndex=5477, commits[f9fecd82-c7ae-483e-b259-6428f2dfb240:c5477, adbfec77-7a0d-4773-aa56-ba0b778d0ab5:c5475, 90c45227-141f-43fe-b831-a2b91b39d6b0:c5475]
2019-07-14 06:26:18,220 INFO  client.GrpcClientProtocolClient (GrpcClientProtocolClient.java:onNext(255)) - client-D2340BF4DD29->f9fecd82-c7ae-483e-b259-6428f2dfb240: receive RaftClientReply:client-D2340BF4DD29->f9fecd82-c7ae-483e-b259-6428f2dfb240@group-7DE138E597A5, cid=3610, SUCCESS, logIndex=5480, commits[f9fecd82-c7ae-483e-b259-6428f2dfb240:c5481, adbfec77-7a0d-4773-aa56-ba0b778d0ab5:c5477, 90c45227-141f-43fe-b831-a2b91b39d6b0:c5477]
2019-07-14 06:26:18,220 INFO  client.GrpcClientProtocolClient (GrpcClientProtocolClient.java:onNext(255)) - client-D2340BF4DD29->f9fecd82-c7ae-483e-b259-6428f2dfb240: receive RaftClientReply:client-D2340BF4DD29->f9fecd82-c7ae-483e-b259-6428f2dfb240@group-7DE138E597A5, cid=3611, SUCCESS, logIndex=5481, commits[f9fecd82-c7ae-483e-b259-6428f2dfb240:c5481, adbfec77-7a0d-4773-aa56-ba0b778d0ab5:c5477, 90c45227-141f-43fe-b831-a2b91b39d6b0:c5477]
2019-07-14 06:26:18,222 INFO  client.GrpcClientProtocolClient (GrpcClientProtocolClient.java:onNext(255)) - client-D2340BF4DD29->f9fecd82-c7ae-483e-b259-6428f2dfb240: receive RaftClientReply:client-D2340BF4DD29->f9fecd82-c7ae-483e-b259-6428f2dfb240@group-7DE138E597A5, cid=3612, SUCCESS, logIndex=0, commits[f9fecd82-c7ae-483e-b259-6428f2dfb240:c5482, adbfec77-7a0d-4773-aa56-ba0b778d0ab5:c5481, 90c45227-141f-43fe-b831-a2b91b39d6b0:c5481]
2019-07-14 06:26:18,255 INFO  client.GrpcClientProtocolClient (GrpcClientProtocolClient.java:onNext(255)) - client-D2340BF4DD29->f9fecd82-c7ae-483e-b259-6428f2dfb240: receive RaftClientReply:client-D2340BF4DD29->f9fecd82-c7ae-483e-b259-6428f2dfb240@group-7DE138E597A5, cid=3613, SUCCESS, logIndex=5484, commits[f9fecd82-c7ae-483e-b259-6428f2dfb240:c5485, adbfec77-7a0d-4773-aa56-ba0b778d0ab5:c5483, 90c45227-141f-43fe-b831-a2b91b39d6b0:c5483]
2019-07-14 06:26:18,256 INFO  client.GrpcClientProtocolClient (GrpcClientProtocolClient.java:onNext(255)) - client-D2340BF4DD29->f9fecd82-c7ae-483e-b259-6428f2dfb240: receive RaftClientReply:client-D2340BF4DD29->f9fecd82-c7ae-483e-b259-6428f2dfb240@group-7DE138E597A5, cid=3614, SUCCESS, logIndex=5485, commits[f9fecd82-c7ae-483e-b259-6428f2dfb240:c5485, adbfec77-7a0d-4773-aa56-ba0b778d0ab5:c5483, 90c45227-141f-43fe-b831-a2b91b39d6b0:c5483]
2019-07-14 06:26:18,256 INFO  client.GrpcClientProtocolClient (GrpcClientProtocolClient.java:onNext(255)) - client-D2340BF4DD29->f9fecd82-c7ae-483e-b259-6428f2dfb240: receive RaftClientReply:client-D2340BF4DD29->f9fecd82-c7ae-483e-b259-6428f2dfb240@group-7DE138E597A5, cid=3615, SUCCESS, logIndex=5486, commits[f9fecd82-c7ae-483e-b259-6428f2dfb240:c5487, adbfec77-7a0d-4773-aa56-ba0b778d0ab5:c5483, 90c45227-141f-43fe-b831-a2b91b39d6b0:c5483]
2019-07-14 06:26:18,257 INFO  client.GrpcClientProtocolClient (GrpcClientProtocolClient.java:onNext(255)) - client-D2340BF4DD29->f9fecd82-c7ae-483e-b259-6428f2dfb240: receive RaftClientReply:client-D2340BF4DD29->f9fecd82-c7ae-483e-b259-6428f2dfb240@group-7DE138E597A5, cid=3616, SUCCESS, logIndex=5487, commits[f9fecd82-c7ae-483e-b259-6428f2dfb240:c5487, adbfec77-7a0d-4773-aa56-ba0b778d0ab5:c5483, 90c45227-141f-43fe-b831-a2b91b39d6b0:c5483]
2019-07-14 06:26:18,259 INFO  client.GrpcClientProtocolClient (GrpcClientProtocolClient.java:onNext(255)) - client-D2340BF4DD29->f9fecd82-c7ae-483e-b259-6428f2dfb240: receive RaftClientReply:client-D2340BF4DD29->f9fecd82-c7ae-483e-b259-6428f2dfb240@group-7DE138E597A5, cid=3617, SUCCESS, logIndex=0, commits[f9fecd82-c7ae-483e-b259-6428f2dfb240:c5491, adbfec77-7a0d-4773-aa56-ba0b778d0ab5:c5485, 90c45227-141f-43fe-b831-a2b91b39d6b0:c5487]
2019-07-14 06:26:18,293 INFO  client.GrpcClientProtocolClient (GrpcClientProtocolClient.java:onNext(255)) - client-D2340BF4DD29->f9fecd82-c7ae-483e-b259-6428f2dfb240: receive RaftClientReply:client-D2340BF4DD29->f9fecd82-c7ae-483e-b259-6428f2dfb240@group-7DE138E597A5, cid=3618, SUCCESS, logIndex=5492, commits[f9fecd82-c7ae-483e-b259-6428f2dfb240:c5493, adbfec77-7a0d-4773-aa56-ba0b778d0ab5:c5487, 90c45227-141f-43fe-b831-a2b91b39d6b0:c5491]
2019-07-14 06:26:18,293 INFO  client.GrpcClientProtocolClient (GrpcClientProtocolClient.java:onNext(255)) - client-D2340BF4DD29->f9fecd82-c7ae-483e-b259-6428f2dfb240: receive RaftClientReply:client-D2340BF4DD29->f9fecd82-c7ae-483e-b259-6428f2dfb240@group-7DE138E597A5, cid=3619, SUCCESS, logIndex=5493, commits[f9fecd82-c7ae-483e-b259-6428f2dfb240:c5493, adbfec77-7a0d-4773-aa56-ba0b778d0ab5:c5491, 90c45227-141f-43fe-b831-a2b91b39d6b0:c5491]
2019-07-14 06:26:18,315 INFO  client.GrpcClientProtocolClient (GrpcClientProtocolClient.java:onNext(255)) - client-D2340BF4DD29->f9fecd82-c7ae-483e-b259-6428f2dfb240: receive RaftClientReply:client-D2340BF4DD29->f9fecd82-c7ae-483e-b259-6428f2dfb240@group-7DE138E597A5, cid=3620, SUCCESS, logIndex=5496, commits[f9fecd82-c7ae-483e-b259-6428f2dfb240:c5497, adbfec77-7a0d-4773-aa56-ba0b778d0ab5:c5495, 90c45227-141f-43fe-b831-a2b91b39d6b0:c5495]
2019-07-14 06:26:18,315 INFO  client.GrpcClientProtocolClient (GrpcClientProtocolClient.java:onNext(255)) - client-D2340BF4DD29->f9fecd82-c7ae-483e-b259-6428f2dfb240: receive RaftClientReply:client-D2340BF4DD29->f9fecd82-c7ae-483e-b259-6428f2dfb240@group-7DE138E597A5, cid=3621, SUCCESS, logIndex=5497, commits[f9fecd82-c7ae-483e-b259-6428f2dfb240:c5497, adbfec77-7a0d-4773-aa56-ba0b778d0ab5:c5495, 90c45227-141f-43fe-b831-a2b91b39d6b0:c5495]
2019-07-14 06:26:18,327 INFO  client.GrpcClientProtocolClient (GrpcClientProtocolClient.java:onNext(255)) - client-D2340BF4DD29->f9fecd82-c7ae-483e-b259-6428f2dfb240: receive RaftClientReply:client-D2340BF4DD29->f9fecd82-c7ae-483e-b259-6428f2dfb240@group-7DE138E597A5, cid=3622, SUCCESS, logIndex=0, commits[f9fecd82-c7ae-483e-b259-6428f2dfb240:c5499, adbfec77-7a0d-4773-aa56-ba0b778d0ab5:c5497, 90c45227-141f-43fe-b831-a2b91b39d6b0:c5497]
2019-07-14 06:26:18,364 INFO  client.GrpcClientProtocolClient (GrpcClientProtocolClient.java:onNext(255)) - client-D2340BF4DD29->f9fecd82-c7ae-483e-b259-6428f2dfb240: receive RaftClientReply:client-D2340BF4DD29->f9fecd82-c7ae-483e-b259-6428f2dfb240@group-7DE138E597A5, cid=3623, SUCCESS, logIndex=5500, commits[f9fecd82-c7ae-483e-b259-6428f2dfb240:c5501, adbfec77-7a0d-4773-aa56-ba0b778d0ab5:c5499, 90c45227-141f-43fe-b831-a2b91b39d6b0:c5499]
2019-07-14 06:26:18,365 INFO  client.GrpcClientProtocolClient (GrpcClientProtocolClient.java:onNext(255)) - client-D2340BF4DD29->f9fecd82-c7ae-483e-b259-6428f2dfb240: receive RaftClientReply:client-D2340BF4DD29->f9fecd82-c7ae-483e-b259-6428f2dfb240@group-7DE138E597A5, cid=3624, SUCCESS, logIndex=5501, commits[f9fecd82-c7ae-483e-b259-6428f2dfb240:c5501, adbfec77-7a0d-4773-aa56-ba0b778d0ab5:c5499, 90c45227-141f-43fe-b831-a2b91b39d6b0:c5499]
2019-07-14 06:26:18,365 INFO  client.GrpcClientProtocolClient (GrpcClientProtocolClient.java:onNext(255)) - client-D2340BF4DD29->f9fecd82-c7ae-483e-b259-6428f2dfb240: receive RaftClientReply:client-D2340BF4DD29->f9fecd82-c7ae-483e-b259-6428f2dfb240@group-7DE138E597A5, cid=3625, SUCCESS, logIndex=5502, commits[f9fecd82-c7ae-483e-b259-6428f2dfb240:c5503, adbfec77-7a0d-4773-aa56-ba0b778d0ab5:c5499, 90c45227-141f-43fe-b831-a2b91b39d6b0:c5499]
2019-07-14 06:26:18,366 INFO  client.GrpcClientProtocolClient (GrpcClientProtocolClient.java:onNext(255)) - client-D2340BF4DD29->f9fecd82-c7ae-483e-b259-6428f2dfb240: receive RaftClientReply:client-D2340BF4DD29->f9fecd82-c7ae-483e-b259-6428f2dfb240@group-7DE138E597A5, cid=3626, SUCCESS, logIndex=5503, commits[f9fecd82-c7ae-483e-b259-6428f2dfb240:c5503, adbfec77-7a0d-4773-aa56-ba0b778d0ab5:c5499, 90c45227-141f-43fe-b831-a2b91b39d6b0:c5499]
2019-07-14 06:26:18,367 INFO  client.GrpcClientProtocolClient (GrpcClientProtocolClient.java:onNext(255)) - client-D2340BF4DD29->f9fecd82-c7ae-483e-b259-6428f2dfb240: receive RaftClientReply:client-D2340BF4DD29->f9fecd82-c7ae-483e-b259-6428f2dfb240@group-7DE138E597A5, cid=3627, SUCCESS, logIndex=0, commits[f9fecd82-c7ae-483e-b259-6428f2dfb240:c5505, adbfec77-7a0d-4773-aa56-ba0b778d0ab5:c5501, 90c45227-141f-43fe-b831-a2b91b39d6b0:c5501]
2019-07-14 06:26:18,380 INFO  client.GrpcClientProtocolClient (GrpcClientProtocolClient.java:onNext(255)) - client-D2340BF4DD29->f9fecd82-c7ae-483e-b259-6428f2dfb240: receive RaftClientReply:client-D2340BF4DD29->f9fecd82-c7ae-483e-b259-6428f2dfb240@group-7DE138E597A5, cid=3628, SUCCESS, logIndex=5508, commits[f9fecd82-c7ae-483e-b259-6428f2dfb240:c5509, adbfec77-7a0d-4773-aa56-ba0b778d0ab5:c5505, 90c45227-141f-43fe-b831-a2b91b39d6b0:c5503]
2019-07-14 06:26:18,380 INFO  client.GrpcClientProtocolClient (GrpcClientProtocolClient.java:onNext(255)) - client-D2340BF4DD29->f9fecd82-c7ae-483e-b259-6428f2dfb240: receive RaftClientReply:client-D2340BF4DD29->f9fecd82-c7ae-483e-b259-6428f2dfb240@group-7DE138E597A5, cid=3629, SUCCESS, logIndex=5509, commits[f9fecd82-c7ae-483e-b259-6428f2dfb240:c5509, adbfec77-7a0d-4773-aa56-ba0b778d0ab5:c5505, 90c45227-141f-43fe-b831-a2b91b39d6b0:c5505]
2019-07-14 06:26:18,411 INFO  client.GrpcClientProtocolClient (GrpcClientProtocolClient.java:onNext(255)) - client-D2340BF4DD29->f9fecd82-c7ae-483e-b259-6428f2dfb240: receive RaftClientReply:client-D2340BF4DD29->f9fecd82-c7ae-483e-b259-6428f2dfb240@group-7DE138E597A5, cid=3630, SUCCESS, logIndex=5512, commits[f9fecd82-c7ae-483e-b259-6428f2dfb240:c5513, adbfec77-7a0d-4773-aa56-ba0b778d0ab5:c5509, 90c45227-141f-43fe-b831-a2b91b39d6b0:c5509]
2019-07-14 06:26:18,412 INFO  client.GrpcClientProtocolClient (GrpcClientProtocolClient.java:onNext(255)) - client-D2340BF4DD29->f9fecd82-c7ae-483e-b259-6428f2dfb240: receive RaftClientReply:client-D2340BF4DD29->f9fecd82-c7ae-483e-b259-6428f2dfb240@group-7DE138E597A5, cid=3631, SUCCESS, logIndex=5513, commits[f9fecd82-c7ae-483e-b259-6428f2dfb240:c5513, adbfec77-7a0d-4773-aa56-ba0b778d0ab5:c5509, 90c45227-141f-43fe-b831-a2b91b39d6b0:c5509]
2019-07-14 06:26:18,424 INFO  client.GrpcClientProtocolClient (GrpcClientProtocolClient.java:onNext(255)) - client-D2340BF4DD29->f9fecd82-c7ae-483e-b259-6428f2dfb240: receive RaftClientReply:client-D2340BF4DD29->f9fecd82-c7ae-483e-b259-6428f2dfb240@group-7DE138E597A5, cid=3632, SUCCESS, logIndex=0, commits[f9fecd82-c7ae-483e-b259-6428f2dfb240:c5515, adbfec77-7a0d-4773-aa56-ba0b778d0ab5:c5513, 90c45227-141f-43fe-b831-a2b91b39d6b0:c5513]
2019-07-14 06:26:18,460 INFO  client.GrpcClientProtocolClient (GrpcClientProtocolClient.java:onNext(255)) - client-D2340BF4DD29->f9fecd82-c7ae-483e-b259-6428f2dfb240: receive RaftClientReply:client-D2340BF4DD29->f9fecd82-c7ae-483e-b259-6428f2dfb240@group-7DE138E597A5, cid=3633, SUCCESS, logIndex=5516, commits[f9fecd82-c7ae-483e-b259-6428f2dfb240:c5517, adbfec77-7a0d-4773-aa56-ba0b778d0ab5:c5515, 90c45227-141f-43fe-b831-a2b91b39d6b0:c5515]
2019-07-14 06:26:18,461 INFO  client.GrpcClientProtocolClient (GrpcClientProtocolClient.java:onNext(255)) - client-D2340BF4DD29->f9fecd82-c7ae-483e-b259-6428f2dfb240: receive RaftClientReply:client-D2340BF4DD29->f9fecd82-c7ae-483e-b259-6428f2dfb240@group-7DE138E597A5, cid=3634, SUCCESS, logIndex=5517, commits[f9fecd82-c7ae-483e-b259-6428f2dfb240:c5517, adbfec77-7a0d-4773-aa56-ba0b778d0ab5:c5515, 90c45227-141f-43fe-b831-a2b91b39d6b0:c5515]
2019-07-14 06:26:18,462 INFO  client.GrpcClientProtocolClient (GrpcClientProtocolClient.java:onNext(255)) - client-D2340BF4DD29->f9fecd82-c7ae-483e-b259-6428f2dfb240: receive RaftClientReply:client-D2340BF4DD29->f9fecd82-c7ae-483e-b259-6428f2dfb240@group-7DE138E597A5, cid=3635, SUCCESS, logIndex=5518, commits[f9fecd82-c7ae-483e-b259-6428f2dfb240:c5519, adbfec77-7a0d-4773-aa56-ba0b778d0ab5:c5515, 90c45227-141f-43fe-b831-a2b91b39d6b0:c5515]
2019-07-14 06:26:18,462 INFO  client.GrpcClientProtocolClient (GrpcClientProtocolClient.java:onNext(255)) - client-D2340BF4DD29->f9fecd82-c7ae-483e-b259-6428f2dfb240: receive RaftClientReply:client-D2340BF4DD29->f9fecd82-c7ae-483e-b259-6428f2dfb240@group-7DE138E597A5, cid=3636, SUCCESS, logIndex=5519, commits[f9fecd82-c7ae-483e-b259-6428f2dfb240:c5519, adbfec77-7a0d-4773-aa56-ba0b778d0ab5:c5515, 90c45227-141f-43fe-b831-a2b91b39d6b0:c5515]
2019-07-14 06:26:18,463 INFO  client.GrpcClientProtocolClient (GrpcClientProtocolClient.java:onNext(255)) - client-D2340BF4DD29->f9fecd82-c7ae-483e-b259-6428f2dfb240: receive RaftClientReply:client-D2340BF4DD29->f9fecd82-c7ae-483e-b259-6428f2dfb240@group-7DE138E597A5, cid=3637, SUCCESS, logIndex=0, commits[f9fecd82-c7ae-483e-b259-6428f2dfb240:c5521, adbfec77-7a0d-4773-aa56-ba0b778d0ab5:c5517, 90c45227-141f-43fe-b831-a2b91b39d6b0:c5519]
2019-07-14 06:26:18,484 INFO  client.GrpcClientProtocolClient (GrpcClientProtocolClient.java:onNext(255)) - client-D2340BF4DD29->f9fecd82-c7ae-483e-b259-6428f2dfb240: receive RaftClientReply:client-D2340BF4DD29->f9fecd82-c7ae-483e-b259-6428f2dfb240@group-7DE138E597A5, cid=3638, SUCCESS, logIndex=5522, commits[f9fecd82-c7ae-483e-b259-6428f2dfb240:c5523, adbfec77-7a0d-4773-aa56-ba0b778d0ab5:c5521, 90c45227-141f-43fe-b831-a2b91b39d6b0:c5521]
2019-07-14 06:26:18,485 INFO  client.GrpcClientProtocolClient (GrpcClientProtocolClient.java:onNext(255)) - client-D2340BF4DD29->f9fecd82-c7ae-483e-b259-6428f2dfb240: receive RaftClientReply:client-D2340BF4DD29->f9fecd82-c7ae-483e-b259-6428f2dfb240@group-7DE138E597A5, cid=3639, SUCCESS, logIndex=5523, commits[f9fecd82-c7ae-483e-b259-6428f2dfb240:c5523, adbfec77-7a0d-4773-aa56-ba0b778d0ab5:c5521, 90c45227-141f-43fe-b831-a2b91b39d6b0:c5521]
2019-07-14 06:26:18,499 INFO  client.GrpcClientProtocolClient (GrpcClientProtocolClient.java:onNext(255)) - client-D2340BF4DD29->f9fecd82-c7ae-483e-b259-6428f2dfb240: receive RaftClientReply:client-D2340BF4DD29->f9fecd82-c7ae-483e-b259-6428f2dfb240@group-7DE138E597A5, cid=3640, SUCCESS, logIndex=5526, commits[f9fecd82-c7ae-483e-b259-6428f2dfb240:c5527, adbfec77-7a0d-4773-aa56-ba0b778d0ab5:c5523, 90c45227-141f-43fe-b831-a2b91b39d6b0:c5523]
2019-07-14 06:26:18,499 INFO  client.GrpcClientProtocolClient (GrpcClientProtocolClient.java:onNext(255)) - client-D2340BF4DD29->f9fecd82-c7ae-483e-b259-6428f2dfb240: receive RaftClientReply:client-D2340BF4DD29->f9fecd82-c7ae-483e-b259-6428f2dfb240@group-7DE138E597A5, cid=3641, SUCCESS, logIndex=5527, commits[f9fecd82-c7ae-483e-b259-6428f2dfb240:c5527, adbfec77-7a0d-4773-aa56-ba0b778d0ab5:c5523, 90c45227-141f-43fe-b831-a2b91b39d6b0:c5523]
2019-07-14 06:26:18,502 INFO  client.GrpcClientProtocolClient (GrpcClientProtocolClient.java:onNext(255)) - client-D2340BF4DD29->f9fecd82-c7ae-483e-b259-6428f2dfb240: receive RaftClientReply:client-D2340BF4DD29->f9fecd82-c7ae-483e-b259-6428f2dfb240@group-7DE138E597A5, cid=3642, SUCCESS, logIndex=0, commits[f9fecd82-c7ae-483e-b259-6428f2dfb240:c5529, adbfec77-7a0d-4773-aa56-ba0b778d0ab5:c5527, 90c45227-141f-43fe-b831-a2b91b39d6b0:c5527]
2019-07-14 06:26:18,548 INFO  client.GrpcClientProtocolClient (GrpcClientProtocolClient.java:onNext(255)) - client-D2340BF4DD29->f9fecd82-c7ae-483e-b259-6428f2dfb240: receive RaftClientReply:client-D2340BF4DD29->f9fecd82-c7ae-483e-b259-6428f2dfb240@group-7DE138E597A5, cid=3643, SUCCESS, logIndex=5530, commits[f9fecd82-c7ae-483e-b259-6428f2dfb240:c5531, adbfec77-7a0d-4773-aa56-ba0b778d0ab5:c5529, 90c45227-141f-43fe-b831-a2b91b39d6b0:c5529]
2019-07-14 06:26:18,548 INFO  client.GrpcClientProtocolClient (GrpcClientProtocolClient.java:onNext(255)) - client-D2340BF4DD29->f9fecd82-c7ae-483e-b259-6428f2dfb240: receive RaftClientReply:client-D2340BF4DD29->f9fecd82-c7ae-483e-b259-6428f2dfb240@group-7DE138E597A5, cid=3644, SUCCESS, logIndex=5531, commits[f9fecd82-c7ae-483e-b259-6428f2dfb240:c5532, adbfec77-7a0d-4773-aa56-ba0b778d0ab5:c5529, 90c45227-141f-43fe-b831-a2b91b39d6b0:c5529]
2019-07-14 06:26:18,549 INFO  client.GrpcClientProtocolClient (GrpcClientProtocolClient.java:onNext(255)) - client-D2340BF4DD29->f9fecd82-c7ae-483e-b259-6428f2dfb240: receive RaftClientReply:client-D2340BF4DD29->f9fecd82-c7ae-483e-b259-6428f2dfb240@group-7DE138E597A5, cid=3645, SUCCESS, logIndex=5532, commits[f9fecd82-c7ae-483e-b259-6428f2dfb240:c5533, adbfec77-7a0d-4773-aa56-ba0b778d0ab5:c5529, 90c45227-141f-43fe-b831-a2b91b39d6b0:c5529]
2019-07-14 06:26:18,549 INFO  client.GrpcClientProtocolClient (GrpcClientProtocolClient.java:onNext(255)) - client-D2340BF4DD29->f9fecd82-c7ae-483e-b259-6428f2dfb240: receive RaftClientReply:client-D2340BF4DD29->f9fecd82-c7ae-483e-b259-6428f2dfb240@group-7DE138E597A5, cid=3646, SUCCESS, logIndex=5533, commits[f9fecd82-c7ae-483e-b259-6428f2dfb240:c5533, adbfec77-7a0d-4773-aa56-ba0b778d0ab5:c5529, 90c45227-141f-43fe-b831-a2b91b39d6b0:c5529]
2019-07-14 06:26:18,559 INFO  client.GrpcClientProtocolClient (GrpcClientProtocolClient.java:onNext(255)) - client-D2340BF4DD29->f9fecd82-c7ae-483e-b259-6428f2dfb240: receive RaftClientReply:client-D2340BF4DD29->f9fecd82-c7ae-483e-b259-6428f2dfb240@group-7DE138E597A5, cid=3647, SUCCESS, logIndex=0, commits[f9fecd82-c7ae-483e-b259-6428f2dfb240:c5535, adbfec77-7a0d-4773-aa56-ba0b778d0ab5:c5531, 90c45227-141f-43fe-b831-a2b91b39d6b0:c5531]
2019-07-14 06:26:18,581 INFO  client.GrpcClientProtocolClient (GrpcClientProtocolClient.java:onNext(255)) - client-D2340BF4DD29->f9fecd82-c7ae-483e-b259-6428f2dfb240: receive RaftClientReply:client-D2340BF4DD29->f9fecd82-c7ae-483e-b259-6428f2dfb240@group-7DE138E597A5, cid=3648, SUCCESS, logIndex=5538, commits[f9fecd82-c7ae-483e-b259-6428f2dfb240:c5539, adbfec77-7a0d-4773-aa56-ba0b778d0ab5:c5537, 90c45227-141f-43fe-b831-a2b91b39d6b0:c5537]
2019-07-14 06:26:18,581 INFO  client.GrpcClientProtocolClient (GrpcClientProtocolClient.java:onNext(255)) - client-D2340BF4DD29->f9fecd82-c7ae-483e-b259-6428f2dfb240: receive RaftClientReply:client-D2340BF4DD29->f9fecd82-c7ae-483e-b259-6428f2dfb240@group-7DE138E597A5, cid=3649, SUCCESS, logIndex=5539, commits[f9fecd82-c7ae-483e-b259-6428f2dfb240:c5539, adbfec77-7a0d-4773-aa56-ba0b778d0ab5:c5537, 90c45227-141f-43fe-b831-a2b91b39d6b0:c5537]
2019-07-14 06:26:18,594 INFO  client.GrpcClientProtocolClient (GrpcClientProtocolClient.java:onNext(255)) - client-D2340BF4DD29->f9fecd82-c7ae-483e-b259-6428f2dfb240: receive RaftClientReply:client-D2340BF4DD29->f9fecd82-c7ae-483e-b259-6428f2dfb240@group-7DE138E597A5, cid=3650, SUCCESS, logIndex=5542, commits[f9fecd82-c7ae-483e-b259-6428f2dfb240:c5543, adbfec77-7a0d-4773-aa56-ba0b778d0ab5:c5539, 90c45227-141f-43fe-b831-a2b91b39d6b0:c5539]
2019-07-14 06:26:18,595 INFO  client.GrpcClientProtocolClient (GrpcClientProtocolClient.java:onNext(255)) - client-D2340BF4DD29->f9fecd82-c7ae-483e-b259-6428f2dfb240: receive RaftClientReply:client-D2340BF4DD29->f9fecd82-c7ae-483e-b259-6428f2dfb240@group-7DE138E597A5, cid=3651, SUCCESS, logIndex=5543, commits[f9fecd82-c7ae-483e-b259-6428f2dfb240:c5543, adbfec77-7a0d-4773-aa56-ba0b778d0ab5:c5539, 90c45227-141f-43fe-b831-a2b91b39d6b0:c5539]
2019-07-14 06:26:18,606 INFO  client.GrpcClientProtocolClient (GrpcClientProtocolClient.java:onNext(255)) - client-D2340BF4DD29->f9fecd82-c7ae-483e-b259-6428f2dfb240: receive RaftClientReply:client-D2340BF4DD29->f9fecd82-c7ae-483e-b259-6428f2dfb240@group-7DE138E597A5, cid=3652, SUCCESS, logIndex=0, commits[f9fecd82-c7ae-483e-b259-6428f2dfb240:c5544, adbfec77-7a0d-4773-aa56-ba0b778d0ab5:c5543, 90c45227-141f-43fe-b831-a2b91b39d6b0:c5543]
2019-07-14 06:26:18,641 INFO  client.GrpcClientProtocolClient (GrpcClientProtocolClient.java:onNext(255)) - client-D2340BF4DD29->f9fecd82-c7ae-483e-b259-6428f2dfb240: receive RaftClientReply:client-D2340BF4DD29->f9fecd82-c7ae-483e-b259-6428f2dfb240@group-7DE138E597A5, cid=3653, SUCCESS, logIndex=5546, commits[f9fecd82-c7ae-483e-b259-6428f2dfb240:c5547, adbfec77-7a0d-4773-aa56-ba0b778d0ab5:c5545, 90c45227-141f-43fe-b831-a2b91b39d6b0:c5545]
2019-07-14 06:26:18,642 INFO  client.GrpcClientProtocolClient (GrpcClientProtocolClient.java:onNext(255)) - client-D2340BF4DD29->f9fecd82-c7ae-483e-b259-6428f2dfb240: receive RaftClientReply:client-D2340BF4DD29->f9fecd82-c7ae-483e-b259-6428f2dfb240@group-7DE138E597A5, cid=3654, SUCCESS, logIndex=5547, commits[f9fecd82-c7ae-483e-b259-6428f2dfb240:c5548, adbfec77-7a0d-4773-aa56-ba0b778d0ab5:c5545, 90c45227-141f-43fe-b831-a2b91b39d6b0:c5545]
2019-07-14 06:26:18,643 INFO  client.GrpcClientProtocolClient (GrpcClientProtocolClient.java:onNext(255)) - client-D2340BF4DD29->f9fecd82-c7ae-483e-b259-6428f2dfb240: receive RaftClientReply:client-D2340BF4DD29->f9fecd82-c7ae-483e-b259-6428f2dfb240@group-7DE138E597A5, cid=3655, SUCCESS, logIndex=5548, commits[f9fecd82-c7ae-483e-b259-6428f2dfb240:c5549, adbfec77-7a0d-4773-aa56-ba0b778d0ab5:c5545, 90c45227-141f-43fe-b831-a2b91b39d6b0:c5545]
2019-07-14 06:26:18,643 INFO  client.GrpcClientProtocolClient (GrpcClientProtocolClient.java:onNext(255)) - client-D2340BF4DD29->f9fecd82-c7ae-483e-b259-6428f2dfb240: receive RaftClientReply:client-D2340BF4DD29->f9fecd82-c7ae-483e-b259-6428f2dfb240@group-7DE138E597A5, cid=3656, SUCCESS, logIndex=5549, commits[f9fecd82-c7ae-483e-b259-6428f2dfb240:c5550, adbfec77-7a0d-4773-aa56-ba0b778d0ab5:c5545, 90c45227-141f-43fe-b831-a2b91b39d6b0:c5546]
2019-07-14 06:26:18,644 INFO  client.GrpcClientProtocolClient (GrpcClientProtocolClient.java:onNext(255)) - client-D2340BF4DD29->f9fecd82-c7ae-483e-b259-6428f2dfb240: receive RaftClientReply:client-D2340BF4DD29->f9fecd82-c7ae-483e-b259-6428f2dfb240@group-7DE138E597A5, cid=3657, SUCCESS, logIndex=0, commits[f9fecd82-c7ae-483e-b259-6428f2dfb240:c5553, adbfec77-7a0d-4773-aa56-ba0b778d0ab5:c5547, 90c45227-141f-43fe-b831-a2b91b39d6b0:c5549]
2019-07-14 06:26:18,665 INFO  client.GrpcClientProtocolClient (GrpcClientProtocolClient.java:onNext(255)) - client-D2340BF4DD29->f9fecd82-c7ae-483e-b259-6428f2dfb240: receive RaftClientReply:client-D2340BF4DD29->f9fecd82-c7ae-483e-b259-6428f2dfb240@group-7DE138E597A5, cid=3658, SUCCESS, logIndex=5554, commits[f9fecd82-c7ae-483e-b259-6428f2dfb240:c5555, adbfec77-7a0d-4773-aa56-ba0b778d0ab5:c5553, 90c45227-141f-43fe-b831-a2b91b39d6b0:c5553]
2019-07-14 06:26:18,666 INFO  client.GrpcClientProtocolClient (GrpcClientProtocolClient.java:onNext(255)) - client-D2340BF4DD29->f9fecd82-c7ae-483e-b259-6428f2dfb240: receive RaftClientReply:client-D2340BF4DD29->f9fecd82-c7ae-483e-b259-6428f2dfb240@group-7DE138E597A5, cid=3659, SUCCESS, logIndex=5555, commits[f9fecd82-c7ae-483e-b259-6428f2dfb240:c5555, adbfec77-7a0d-4773-aa56-ba0b778d0ab5:c5553, 90c45227-141f-43fe-b831-a2b91b39d6b0:c5553]
2019-07-14 06:26:18,679 INFO  client.GrpcClientProtocolClient (GrpcClientProtocolClient.java:onNext(255)) - client-D2340BF4DD29->f9fecd82-c7ae-483e-b259-6428f2dfb240: receive RaftClientReply:client-D2340BF4DD29->f9fecd82-c7ae-483e-b259-6428f2dfb240@group-7DE138E597A5, cid=3660, SUCCESS, logIndex=5558, commits[f9fecd82-c7ae-483e-b259-6428f2dfb240:c5559, adbfec77-7a0d-4773-aa56-ba0b778d0ab5:c5555, 90c45227-141f-43fe-b831-a2b91b39d6b0:c5555]
2019-07-14 06:26:18,679 INFO  client.GrpcClientProtocolClient (GrpcClientProtocolClient.java:onNext(255)) - client-D2340BF4DD29->f9fecd82-c7ae-483e-b259-6428f2dfb240: receive RaftClientReply:client-D2340BF4DD29->f9fecd82-c7ae-483e-b259-6428f2dfb240@group-7DE138E597A5, cid=3661, SUCCESS, logIndex=5559, commits[f9fecd82-c7ae-483e-b259-6428f2dfb240:c5559, adbfec77-7a0d-4773-aa56-ba0b778d0ab5:c5555, 90c45227-141f-43fe-b831-a2b91b39d6b0:c5555]
2019-07-14 06:26:18,682 INFO  client.GrpcClientProtocolClient (GrpcClientProtocolClient.java:onNext(255)) - client-D2340BF4DD29->f9fecd82-c7ae-483e-b259-6428f2dfb240: receive RaftClientReply:client-D2340BF4DD29->f9fecd82-c7ae-483e-b259-6428f2dfb240@group-7DE138E597A5, cid=3662, SUCCESS, logIndex=0, commits[f9fecd82-c7ae-483e-b259-6428f2dfb240:c5561, adbfec77-7a0d-4773-aa56-ba0b778d0ab5:c5559, 90c45227-141f-43fe-b831-a2b91b39d6b0:c5559]
2019-07-14 06:26:18,712 INFO  client.GrpcClientProtocolClient (GrpcClientProtocolClient.java:onNext(255)) - client-D2340BF4DD29->f9fecd82-c7ae-483e-b259-6428f2dfb240: receive RaftClientReply:client-D2340BF4DD29->f9fecd82-c7ae-483e-b259-6428f2dfb240@group-7DE138E597A5, cid=3663, SUCCESS, logIndex=5562, commits[f9fecd82-c7ae-483e-b259-6428f2dfb240:c5563, adbfec77-7a0d-4773-aa56-ba0b778d0ab5:c5561, 90c45227-141f-43fe-b831-a2b91b39d6b0:c5561]
2019-07-14 06:26:18,713 INFO  client.GrpcClientProtocolClient (GrpcClientProtocolClient.java:onNext(255)) - client-D2340BF4DD29->f9fecd82-c7ae-483e-b259-6428f2dfb240: receive RaftClientReply:client-D2340BF4DD29->f9fecd82-c7ae-483e-b259-6428f2dfb240@group-7DE138E597A5, cid=3664, SUCCESS, logIndex=5563, commits[f9fecd82-c7ae-483e-b259-6428f2dfb240:c5563, adbfec77-7a0d-4773-aa56-ba0b778d0ab5:c5561, 90c45227-141f-43fe-b831-a2b91b39d6b0:c5561]
2019-07-14 06:26:18,714 INFO  client.GrpcClientProtocolClient (GrpcClientProtocolClient.java:onNext(255)) - client-D2340BF4DD29->f9fecd82-c7ae-483e-b259-6428f2dfb240: receive RaftClientReply:client-D2340BF4DD29->f9fecd82-c7ae-483e-b259-6428f2dfb240@group-7DE138E597A5, cid=3665, SUCCESS, logIndex=5564, commits[f9fecd82-c7ae-483e-b259-6428f2dfb240:c5565, adbfec77-7a0d-4773-aa56-ba0b778d0ab5:c5561, 90c45227-141f-43fe-b831-a2b91b39d6b0:c5561]
2019-07-14 06:26:18,714 INFO  client.GrpcClientProtocolClient (GrpcClientProtocolClient.java:onNext(255)) - client-D2340BF4DD29->f9fecd82-c7ae-483e-b259-6428f2dfb240: receive RaftClientReply:client-D2340BF4DD29->f9fecd82-c7ae-483e-b259-6428f2dfb240@group-7DE138E597A5, cid=3666, SUCCESS, logIndex=5565, commits[f9fecd82-c7ae-483e-b259-6428f2dfb240:c5565, adbfec77-7a0d-4773-aa56-ba0b778d0ab5:c5561, 90c45227-141f-43fe-b831-a2b91b39d6b0:c5561]
2019-07-14 06:26:18,715 INFO  client.GrpcClientProtocolClient (GrpcClientProtocolClient.java:onNext(255)) - client-D2340BF4DD29->f9fecd82-c7ae-483e-b259-6428f2dfb240: receive RaftClientReply:client-D2340BF4DD29->f9fecd82-c7ae-483e-b259-6428f2dfb240@group-7DE138E597A5, cid=3667, SUCCESS, logIndex=0, commits[f9fecd82-c7ae-483e-b259-6428f2dfb240:c5567, adbfec77-7a0d-4773-aa56-ba0b778d0ab5:c5563, 90c45227-141f-43fe-b831-a2b91b39d6b0:c5563]
2019-07-14 06:26:18,735 INFO  client.GrpcClientProtocolClient (GrpcClientProtocolClient.java:onNext(255)) - client-D2340BF4DD29->f9fecd82-c7ae-483e-b259-6428f2dfb240: receive RaftClientReply:client-D2340BF4DD29->f9fecd82-c7ae-483e-b259-6428f2dfb240@group-7DE138E597A5, cid=3668, SUCCESS, logIndex=5570, commits[f9fecd82-c7ae-483e-b259-6428f2dfb240:c5571, adbfec77-7a0d-4773-aa56-ba0b778d0ab5:c5569, 90c45227-141f-43fe-b831-a2b91b39d6b0:c5569]
2019-07-14 06:26:18,736 INFO  client.GrpcClientProtocolClient (GrpcClientProtocolClient.java:onNext(255)) - client-D2340BF4DD29->f9fecd82-c7ae-483e-b259-6428f2dfb240: receive RaftClientReply:client-D2340BF4DD29->f9fecd82-c7ae-483e-b259-6428f2dfb240@group-7DE138E597A5, cid=3669, SUCCESS, logIndex=5571, commits[f9fecd82-c7ae-483e-b259-6428f2dfb240:c5571, adbfec77-7a0d-4773-aa56-ba0b778d0ab5:c5569, 90c45227-141f-43fe-b831-a2b91b39d6b0:c5569]
2019-07-14 06:26:18,749 INFO  client.GrpcClientProtocolClient (GrpcClientProtocolClient.java:onNext(255)) - client-D2340BF4DD29->f9fecd82-c7ae-483e-b259-6428f2dfb240: receive RaftClientReply:client-D2340BF4DD29->f9fecd82-c7ae-483e-b259-6428f2dfb240@group-7DE138E597A5, cid=3670, SUCCESS, logIndex=5574, commits[f9fecd82-c7ae-483e-b259-6428f2dfb240:c5575, adbfec77-7a0d-4773-aa56-ba0b778d0ab5:c5571, 90c45227-141f-43fe-b831-a2b91b39d6b0:c5571]
2019-07-14 06:26:18,749 INFO  client.GrpcClientProtocolClient (GrpcClientProtocolClient.java:onNext(255)) - client-D2340BF4DD29->f9fecd82-c7ae-483e-b259-6428f2dfb240: receive RaftClientReply:client-D2340BF4DD29->f9fecd82-c7ae-483e-b259-6428f2dfb240@group-7DE138E597A5, cid=3671, SUCCESS, logIndex=5575, commits[f9fecd82-c7ae-483e-b259-6428f2dfb240:c5575, adbfec77-7a0d-4773-aa56-ba0b778d0ab5:c5571, 90c45227-141f-43fe-b831-a2b91b39d6b0:c5571]
2019-07-14 06:26:18,761 INFO  client.GrpcClientProtocolClient (GrpcClientProtocolClient.java:onNext(255)) - client-D2340BF4DD29->f9fecd82-c7ae-483e-b259-6428f2dfb240: receive RaftClientReply:client-D2340BF4DD29->f9fecd82-c7ae-483e-b259-6428f2dfb240@group-7DE138E597A5, cid=3672, SUCCESS, logIndex=0, commits[f9fecd82-c7ae-483e-b259-6428f2dfb240:c5576, adbfec77-7a0d-4773-aa56-ba0b778d0ab5:c5575, 90c45227-141f-43fe-b831-a2b91b39d6b0:c5575]
2019-07-14 06:26:18,803 INFO  client.GrpcClientProtocolClient (GrpcClientProtocolClient.java:onNext(255)) - client-D2340BF4DD29->f9fecd82-c7ae-483e-b259-6428f2dfb240: receive RaftClientReply:client-D2340BF4DD29->f9fecd82-c7ae-483e-b259-6428f2dfb240@group-7DE138E597A5, cid=3673, SUCCESS, logIndex=5578, commits[f9fecd82-c7ae-483e-b259-6428f2dfb240:c5580, adbfec77-7a0d-4773-aa56-ba0b778d0ab5:c5577, 90c45227-141f-43fe-b831-a2b91b39d6b0:c5577]
2019-07-14 06:26:18,804 INFO  client.GrpcClientProtocolClient (GrpcClientProtocolClient.java:onNext(255)) - client-D2340BF4DD29->f9fecd82-c7ae-483e-b259-6428f2dfb240: receive RaftClientReply:client-D2340BF4DD29->f9fecd82-c7ae-483e-b259-6428f2dfb240@group-7DE138E597A5, cid=3674, SUCCESS, logIndex=5579, commits[f9fecd82-c7ae-483e-b259-6428f2dfb240:c5581, adbfec77-7a0d-4773-aa56-ba0b778d0ab5:c5577, 90c45227-141f-43fe-b831-a2b91b39d6b0:c5577]
2019-07-14 06:26:18,804 INFO  client.GrpcClientProtocolClient (GrpcClientProtocolClient.java:onNext(255)) - client-D2340BF4DD29->f9fecd82-c7ae-483e-b259-6428f2dfb240: receive RaftClientReply:client-D2340BF4DD29->f9fecd82-c7ae-483e-b259-6428f2dfb240@group-7DE138E597A5, cid=3675, SUCCESS, logIndex=5580, commits[f9fecd82-c7ae-483e-b259-6428f2dfb240:c5581, adbfec77-7a0d-4773-aa56-ba0b778d0ab5:c5577, 90c45227-141f-43fe-b831-a2b91b39d6b0:c5577]
2019-07-14 06:26:18,804 INFO  client.GrpcClientProtocolClient (GrpcClientProtocolClient.java:onNext(255)) - client-D2340BF4DD29->f9fecd82-c7ae-483e-b259-6428f2dfb240: receive RaftClientReply:client-D2340BF4DD29->f9fecd82-c7ae-483e-b259-6428f2dfb240@group-7DE138E597A5, cid=3676, SUCCESS, logIndex=5581, commits[f9fecd82-c7ae-483e-b259-6428f2dfb240:c5581, adbfec77-7a0d-4773-aa56-ba0b778d0ab5:c5577, 90c45227-141f-43fe-b831-a2b91b39d6b0:c5577]
2019-07-14 06:26:18,805 INFO  client.GrpcClientProtocolClient (GrpcClientProtocolClient.java:onNext(255)) - client-D2340BF4DD29->f9fecd82-c7ae-483e-b259-6428f2dfb240: receive RaftClientReply:client-D2340BF4DD29->f9fecd82-c7ae-483e-b259-6428f2dfb240@group-7DE138E597A5, cid=3677, SUCCESS, logIndex=0, commits[f9fecd82-c7ae-483e-b259-6428f2dfb240:c5583, adbfec77-7a0d-4773-aa56-ba0b778d0ab5:c5579, 90c45227-141f-43fe-b831-a2b91b39d6b0:c5579]
2019-07-14 06:26:18,827 INFO  client.GrpcClientProtocolClient (GrpcClientProtocolClient.java:onNext(255)) - client-D2340BF4DD29->f9fecd82-c7ae-483e-b259-6428f2dfb240: receive RaftClientReply:client-D2340BF4DD29->f9fecd82-c7ae-483e-b259-6428f2dfb240@group-7DE138E597A5, cid=3678, SUCCESS, logIndex=5586, commits[f9fecd82-c7ae-483e-b259-6428f2dfb240:c5587, adbfec77-7a0d-4773-aa56-ba0b778d0ab5:c5585, 90c45227-141f-43fe-b831-a2b91b39d6b0:c5585]
2019-07-14 06:26:18,828 INFO  client.GrpcClientProtocolClient (GrpcClientProtocolClient.java:onNext(255)) - client-D2340BF4DD29->f9fecd82-c7ae-483e-b259-6428f2dfb240: receive RaftClientReply:client-D2340BF4DD29->f9fecd82-c7ae-483e-b259-6428f2dfb240@group-7DE138E597A5, cid=3679, SUCCESS, logIndex=5587, commits[f9fecd82-c7ae-483e-b259-6428f2dfb240:c5587, adbfec77-7a0d-4773-aa56-ba0b778d0ab5:c5585, 90c45227-141f-43fe-b831-a2b91b39d6b0:c5585]
2019-07-14 06:26:18,966 INFO  client.GrpcClientProtocolClient (GrpcClientProtocolClient.java:onNext(255)) - client-D2340BF4DD29->f9fecd82-c7ae-483e-b259-6428f2dfb240: receive RaftClientReply:client-D2340BF4DD29->f9fecd82-c7ae-483e-b259-6428f2dfb240@group-7DE138E597A5, cid=3680, SUCCESS, logIndex=5590, commits[f9fecd82-c7ae-483e-b259-6428f2dfb240:c5591, adbfec77-7a0d-4773-aa56-ba0b778d0ab5:c5586, 90c45227-141f-43fe-b831-a2b91b39d6b0:c5587]
2019-07-14 06:26:18,966 INFO  client.GrpcClientProtocolClient (GrpcClientProtocolClient.java:onNext(255)) - client-D2340BF4DD29->f9fecd82-c7ae-483e-b259-6428f2dfb240: receive RaftClientReply:client-D2340BF4DD29->f9fecd82-c7ae-483e-b259-6428f2dfb240@group-7DE138E597A5, cid=3681, SUCCESS, logIndex=5591, commits[f9fecd82-c7ae-483e-b259-6428f2dfb240:c5591, adbfec77-7a0d-4773-aa56-ba0b778d0ab5:c5587, 90c45227-141f-43fe-b831-a2b91b39d6b0:c5587]
2019-07-14 06:26:18,977 INFO  client.GrpcClientProtocolClient (GrpcClientProtocolClient.java:onNext(255)) - client-D2340BF4DD29->f9fecd82-c7ae-483e-b259-6428f2dfb240: receive RaftClientReply:client-D2340BF4DD29->f9fecd82-c7ae-483e-b259-6428f2dfb240@group-7DE138E597A5, cid=3682, SUCCESS, logIndex=0, commits[f9fecd82-c7ae-483e-b259-6428f2dfb240:c5592, adbfec77-7a0d-4773-aa56-ba0b778d0ab5:c5591, 90c45227-141f-43fe-b831-a2b91b39d6b0:c5591]
2019-07-14 06:26:19,029 INFO  client.GrpcClientProtocolClient (GrpcClientProtocolClient.java:onNext(255)) - client-D2340BF4DD29->f9fecd82-c7ae-483e-b259-6428f2dfb240: receive RaftClientReply:client-D2340BF4DD29->f9fecd82-c7ae-483e-b259-6428f2dfb240@group-7DE138E597A5, cid=3683, SUCCESS, logIndex=5594, commits[f9fecd82-c7ae-483e-b259-6428f2dfb240:c5595, adbfec77-7a0d-4773-aa56-ba0b778d0ab5:c5593, 90c45227-141f-43fe-b831-a2b91b39d6b0:c5593]
2019-07-14 06:26:19,030 INFO  client.GrpcClientProtocolClient (GrpcClientProtocolClient.java:onNext(255)) - client-D2340BF4DD29->f9fecd82-c7ae-483e-b259-6428f2dfb240: receive RaftClientReply:client-D2340BF4DD29->f9fecd82-c7ae-483e-b259-6428f2dfb240@group-7DE138E597A5, cid=3684, SUCCESS, logIndex=5595, commits[f9fecd82-c7ae-483e-b259-6428f2dfb240:c5597, adbfec77-7a0d-4773-aa56-ba0b778d0ab5:c5593, 90c45227-141f-43fe-b831-a2b91b39d6b0:c5593]
2019-07-14 06:26:19,031 INFO  client.GrpcClientProtocolClient (GrpcClientProtocolClient.java:onNext(255)) - client-D2340BF4DD29->f9fecd82-c7ae-483e-b259-6428f2dfb240: receive RaftClientReply:client-D2340BF4DD29->f9fecd82-c7ae-483e-b259-6428f2dfb240@group-7DE138E597A5, cid=3685, SUCCESS, logIndex=5596, commits[f9fecd82-c7ae-483e-b259-6428f2dfb240:c5597, adbfec77-7a0d-4773-aa56-ba0b778d0ab5:c5593, 90c45227-141f-43fe-b831-a2b91b39d6b0:c5593]
2019-07-14 06:26:19,031 INFO  client.GrpcClientProtocolClient (GrpcClientProtocolClient.java:onNext(255)) - client-D2340BF4DD29->f9fecd82-c7ae-483e-b259-6428f2dfb240: receive RaftClientReply:client-D2340BF4DD29->f9fecd82-c7ae-483e-b259-6428f2dfb240@group-7DE138E597A5, cid=3686, SUCCESS, logIndex=5597, commits[f9fecd82-c7ae-483e-b259-6428f2dfb240:c5597, adbfec77-7a0d-4773-aa56-ba0b778d0ab5:c5593, 90c45227-141f-43fe-b831-a2b91b39d6b0:c5593]
2019-07-14 06:26:19,033 INFO  client.GrpcClientProtocolClient (GrpcClientProtocolClient.java:onNext(255)) - client-D2340BF4DD29->f9fecd82-c7ae-483e-b259-6428f2dfb240: receive RaftClientReply:client-D2340BF4DD29->f9fecd82-c7ae-483e-b259-6428f2dfb240@group-7DE138E597A5, cid=3687, SUCCESS, logIndex=0, commits[f9fecd82-c7ae-483e-b259-6428f2dfb240:c5600, adbfec77-7a0d-4773-aa56-ba0b778d0ab5:c5595, 90c45227-141f-43fe-b831-a2b91b39d6b0:c5596]
2019-07-14 06:26:19,051 INFO  client.GrpcClientProtocolClient (GrpcClientProtocolClient.java:onNext(255)) - client-D2340BF4DD29->f9fecd82-c7ae-483e-b259-6428f2dfb240: receive RaftClientReply:client-D2340BF4DD29->f9fecd82-c7ae-483e-b259-6428f2dfb240@group-7DE138E597A5, cid=3688, SUCCESS, logIndex=5602, commits[f9fecd82-c7ae-483e-b259-6428f2dfb240:c5603, adbfec77-7a0d-4773-aa56-ba0b778d0ab5:c5601, 90c45227-141f-43fe-b831-a2b91b39d6b0:c5601]
2019-07-14 06:26:19,051 INFO  client.GrpcClientProtocolClient (GrpcClientProtocolClient.java:onNext(255)) - client-D2340BF4DD29->f9fecd82-c7ae-483e-b259-6428f2dfb240: receive RaftClientReply:client-D2340BF4DD29->f9fecd82-c7ae-483e-b259-6428f2dfb240@group-7DE138E597A5, cid=3689, SUCCESS, logIndex=5603, commits[f9fecd82-c7ae-483e-b259-6428f2dfb240:c5603, adbfec77-7a0d-4773-aa56-ba0b778d0ab5:c5601, 90c45227-141f-43fe-b831-a2b91b39d6b0:c5601]
2019-07-14 06:26:19,074 INFO  client.GrpcClientProtocolClient (GrpcClientProtocolClient.java:onNext(255)) - client-D2340BF4DD29->f9fecd82-c7ae-483e-b259-6428f2dfb240: receive RaftClientReply:client-D2340BF4DD29->f9fecd82-c7ae-483e-b259-6428f2dfb240@group-7DE138E597A5, cid=3690, SUCCESS, logIndex=5606, commits[f9fecd82-c7ae-483e-b259-6428f2dfb240:c5607, adbfec77-7a0d-4773-aa56-ba0b778d0ab5:c5605, 90c45227-141f-43fe-b831-a2b91b39d6b0:c5605]
2019-07-14 06:26:19,075 INFO  client.GrpcClientProtocolClient (GrpcClientProtocolClient.java:onNext(255)) - client-D2340BF4DD29->f9fecd82-c7ae-483e-b259-6428f2dfb240: receive RaftClientReply:client-D2340BF4DD29->f9fecd82-c7ae-483e-b259-6428f2dfb240@group-7DE138E597A5, cid=3691, SUCCESS, logIndex=5607, commits[f9fecd82-c7ae-483e-b259-6428f2dfb240:c5607, adbfec77-7a0d-4773-aa56-ba0b778d0ab5:c5605, 90c45227-141f-43fe-b831-a2b91b39d6b0:c5605]
2019-07-14 06:26:19,087 INFO  client.GrpcClientProtocolClient (GrpcClientProtocolClient.java:onNext(255)) - client-D2340BF4DD29->f9fecd82-c7ae-483e-b259-6428f2dfb240: receive RaftClientReply:client-D2340BF4DD29->f9fecd82-c7ae-483e-b259-6428f2dfb240@group-7DE138E597A5, cid=3692, SUCCESS, logIndex=0, commits[f9fecd82-c7ae-483e-b259-6428f2dfb240:c5608, adbfec77-7a0d-4773-aa56-ba0b778d0ab5:c5607, 90c45227-141f-43fe-b831-a2b91b39d6b0:c5607]
2019-07-14 06:26:19,125 INFO  client.GrpcClientProtocolClient (GrpcClientProtocolClient.java:onNext(255)) - client-D2340BF4DD29->f9fecd82-c7ae-483e-b259-6428f2dfb240: receive RaftClientReply:client-D2340BF4DD29->f9fecd82-c7ae-483e-b259-6428f2dfb240@group-7DE138E597A5, cid=3693, SUCCESS, logIndex=5610, commits[f9fecd82-c7ae-483e-b259-6428f2dfb240:c5611, adbfec77-7a0d-4773-aa56-ba0b778d0ab5:c5609, 90c45227-141f-43fe-b831-a2b91b39d6b0:c5609]
2019-07-14 06:26:19,125 INFO  client.GrpcClientProtocolClient (GrpcClientProtocolClient.java:onNext(255)) - client-D2340BF4DD29->f9fecd82-c7ae-483e-b259-6428f2dfb240: receive RaftClientReply:client-D2340BF4DD29->f9fecd82-c7ae-483e-b259-6428f2dfb240@group-7DE138E597A5, cid=3694, SUCCESS, logIndex=5611, commits[f9fecd82-c7ae-483e-b259-6428f2dfb240:c5612, adbfec77-7a0d-4773-aa56-ba0b778d0ab5:c5609, 90c45227-141f-43fe-b831-a2b91b39d6b0:c5609]
2019-07-14 06:26:19,126 INFO  client.GrpcClientProtocolClient (GrpcClientProtocolClient.java:onNext(255)) - client-D2340BF4DD29->f9fecd82-c7ae-483e-b259-6428f2dfb240: receive RaftClientReply:client-D2340BF4DD29->f9fecd82-c7ae-483e-b259-6428f2dfb240@group-7DE138E597A5, cid=3695, SUCCESS, logIndex=5612, commits[f9fecd82-c7ae-483e-b259-6428f2dfb240:c5613, adbfec77-7a0d-4773-aa56-ba0b778d0ab5:c5609, 90c45227-141f-43fe-b831-a2b91b39d6b0:c5609]
2019-07-14 06:26:19,126 INFO  client.GrpcClientProtocolClient (GrpcClientProtocolClient.java:onNext(255)) - client-D2340BF4DD29->f9fecd82-c7ae-483e-b259-6428f2dfb240: receive RaftClientReply:client-D2340BF4DD29->f9fecd82-c7ae-483e-b259-6428f2dfb240@group-7DE138E597A5, cid=3696, SUCCESS, logIndex=5613, commits[f9fecd82-c7ae-483e-b259-6428f2dfb240:c5613, adbfec77-7a0d-4773-aa56-ba0b778d0ab5:c5609, 90c45227-141f-43fe-b831-a2b91b39d6b0:c5609]
2019-07-14 06:26:19,127 INFO  client.GrpcClientProtocolClient (GrpcClientProtocolClient.java:onNext(255)) - client-D2340BF4DD29->f9fecd82-c7ae-483e-b259-6428f2dfb240: receive RaftClientReply:client-D2340BF4DD29->f9fecd82-c7ae-483e-b259-6428f2dfb240@group-7DE138E597A5, cid=3697, SUCCESS, logIndex=0, commits[f9fecd82-c7ae-483e-b259-6428f2dfb240:c5615, adbfec77-7a0d-4773-aa56-ba0b778d0ab5:c5611, 90c45227-141f-43fe-b831-a2b91b39d6b0:c5611]
2019-07-14 06:26:19,148 INFO  client.GrpcClientProtocolClient (GrpcClientProtocolClient.java:onNext(255)) - client-D2340BF4DD29->f9fecd82-c7ae-483e-b259-6428f2dfb240: receive RaftClientReply:client-D2340BF4DD29->f9fecd82-c7ae-483e-b259-6428f2dfb240@group-7DE138E597A5, cid=3698, SUCCESS, logIndex=5618, commits[f9fecd82-c7ae-483e-b259-6428f2dfb240:c5619, adbfec77-7a0d-4773-aa56-ba0b778d0ab5:c5617, 90c45227-141f-43fe-b831-a2b91b39d6b0:c5617]
2019-07-14 06:26:19,148 INFO  client.GrpcClientProtocolClient (GrpcClientProtocolClient.java:onNext(255)) - client-D2340BF4DD29->f9fecd82-c7ae-483e-b259-6428f2dfb240: receive RaftClientReply:client-D2340BF4DD29->f9fecd82-c7ae-483e-b259-6428f2dfb240@group-7DE138E597A5, cid=3699, SUCCESS, logIndex=5619, commits[f9fecd82-c7ae-483e-b259-6428f2dfb240:c5619, adbfec77-7a0d-4773-aa56-ba0b778d0ab5:c5617, 90c45227-141f-43fe-b831-a2b91b39d6b0:c5617]
 0.00% |█                                                                                                    |  0/1 Time: 0:00:332019-07-14 06:26:19,161 INFO  client.GrpcClientProtocolClient (GrpcClientProtocolClient.java:onNext(255)) - client-D2340BF4DD29->f9fecd82-c7ae-483e-b259-6428f2dfb240: receive RaftClientReply:client-D2340BF4DD29->f9fecd82-c7ae-483e-b259-6428f2dfb240@group-7DE138E597A5, cid=3700, SUCCESS, logIndex=5622, commits[f9fecd82-c7ae-483e-b259-6428f2dfb240:c5623, adbfec77-7a0d-4773-aa56-ba0b778d0ab5:c5619, 90c45227-141f-43fe-b831-a2b91b39d6b0:c5619]
2019-07-14 06:26:19,162 INFO  client.GrpcClientProtocolClient (GrpcClientProtocolClient.java:onNext(255)) - client-D2340BF4DD29->f9fecd82-c7ae-483e-b259-6428f2dfb240: receive RaftClientReply:client-D2340BF4DD29->f9fecd82-c7ae-483e-b259-6428f2dfb240@group-7DE138E597A5, cid=3701, SUCCESS, logIndex=5623, commits[f9fecd82-c7ae-483e-b259-6428f2dfb240:c5623, adbfec77-7a0d-4773-aa56-ba0b778d0ab5:c5619, 90c45227-141f-43fe-b831-a2b91b39d6b0:c5619]
2019-07-14 06:26:19,174 INFO  client.GrpcClientProtocolClient (GrpcClientProtocolClient.java:onNext(255)) - client-D2340BF4DD29->f9fecd82-c7ae-483e-b259-6428f2dfb240: receive RaftClientReply:client-D2340BF4DD29->f9fecd82-c7ae-483e-b259-6428f2dfb240@group-7DE138E597A5, cid=3702, SUCCESS, logIndex=0, commits[f9fecd82-c7ae-483e-b259-6428f2dfb240:c5624, adbfec77-7a0d-4773-aa56-ba0b778d0ab5:c5623, 90c45227-141f-43fe-b831-a2b91b39d6b0:c5623]
2019-07-14 06:26:19,210 INFO  client.GrpcClientProtocolClient (GrpcClientProtocolClient.java:onNext(255)) - client-D2340BF4DD29->f9fecd82-c7ae-483e-b259-6428f2dfb240: receive RaftClientReply:client-D2340BF4DD29->f9fecd82-c7ae-483e-b259-6428f2dfb240@group-7DE138E597A5, cid=3703, SUCCESS, logIndex=5626, commits[f9fecd82-c7ae-483e-b259-6428f2dfb240:c5627, adbfec77-7a0d-4773-aa56-ba0b778d0ab5:c5625, 90c45227-141f-43fe-b831-a2b91b39d6b0:c5625]
2019-07-14 06:26:19,210 INFO  client.GrpcClientProtocolClient (GrpcClientProtocolClient.java:onNext(255)) - client-D2340BF4DD29->f9fecd82-c7ae-483e-b259-6428f2dfb240: receive RaftClientReply:client-D2340BF4DD29->f9fecd82-c7ae-483e-b259-6428f2dfb240@group-7DE138E597A5, cid=3704, SUCCESS, logIndex=5627, commits[f9fecd82-c7ae-483e-b259-6428f2dfb240:c5629, adbfec77-7a0d-4773-aa56-ba0b778d0ab5:c5625, 90c45227-141f-43fe-b831-a2b91b39d6b0:c5625]
2019-07-14 06:26:19,211 INFO  client.GrpcClientProtocolClient (GrpcClientProtocolClient.java:onNext(255)) - client-D2340BF4DD29->f9fecd82-c7ae-483e-b259-6428f2dfb240: receive RaftClientReply:client-D2340BF4DD29->f9fecd82-c7ae-483e-b259-6428f2dfb240@group-7DE138E597A5, cid=3705, SUCCESS, logIndex=5628, commits[f9fecd82-c7ae-483e-b259-6428f2dfb240:c5629, adbfec77-7a0d-4773-aa56-ba0b778d0ab5:c5625, 90c45227-141f-43fe-b831-a2b91b39d6b0:c5625]
2019-07-14 06:26:19,211 INFO  client.GrpcClientProtocolClient (GrpcClientProtocolClient.java:onNext(255)) - client-D2340BF4DD29->f9fecd82-c7ae-483e-b259-6428f2dfb240: receive RaftClientReply:client-D2340BF4DD29->f9fecd82-c7ae-483e-b259-6428f2dfb240@group-7DE138E597A5, cid=3706, SUCCESS, logIndex=5629, commits[f9fecd82-c7ae-483e-b259-6428f2dfb240:c5629, adbfec77-7a0d-4773-aa56-ba0b778d0ab5:c5625, 90c45227-141f-43fe-b831-a2b91b39d6b0:c5625]
2019-07-14 06:26:19,222 INFO  client.GrpcClientProtocolClient (GrpcClientProtocolClient.java:onNext(255)) - client-D2340BF4DD29->f9fecd82-c7ae-483e-b259-6428f2dfb240: receive RaftClientReply:client-D2340BF4DD29->f9fecd82-c7ae-483e-b259-6428f2dfb240@group-7DE138E597A5, cid=3707, SUCCESS, logIndex=0, commits[f9fecd82-c7ae-483e-b259-6428f2dfb240:c5632, adbfec77-7a0d-4773-aa56-ba0b778d0ab5:c5628, 90c45227-141f-43fe-b831-a2b91b39d6b0:c5628]
2019-07-14 06:26:19,243 INFO  client.GrpcClientProtocolClient (GrpcClientProtocolClient.java:onNext(255)) - client-D2340BF4DD29->f9fecd82-c7ae-483e-b259-6428f2dfb240: receive RaftClientReply:client-D2340BF4DD29->f9fecd82-c7ae-483e-b259-6428f2dfb240@group-7DE138E597A5, cid=3708, SUCCESS, logIndex=5634, commits[f9fecd82-c7ae-483e-b259-6428f2dfb240:c5635, adbfec77-7a0d-4773-aa56-ba0b778d0ab5:c5633, 90c45227-141f-43fe-b831-a2b91b39d6b0:c5633]
2019-07-14 06:26:19,243 INFO  client.GrpcClientProtocolClient (GrpcClientProtocolClient.java:onNext(255)) - client-D2340BF4DD29->f9fecd82-c7ae-483e-b259-6428f2dfb240: receive RaftClientReply:client-D2340BF4DD29->f9fecd82-c7ae-483e-b259-6428f2dfb240@group-7DE138E597A5, cid=3709, SUCCESS, logIndex=5635, commits[f9fecd82-c7ae-483e-b259-6428f2dfb240:c5635, adbfec77-7a0d-4773-aa56-ba0b778d0ab5:c5633, 90c45227-141f-43fe-b831-a2b91b39d6b0:c5633]
2019-07-14 06:26:19,255 INFO  client.GrpcClientProtocolClient (GrpcClientProtocolClient.java:onNext(255)) - client-D2340BF4DD29->f9fecd82-c7ae-483e-b259-6428f2dfb240: receive RaftClientReply:client-D2340BF4DD29->f9fecd82-c7ae-483e-b259-6428f2dfb240@group-7DE138E597A5, cid=3710, SUCCESS, logIndex=5637, commits[f9fecd82-c7ae-483e-b259-6428f2dfb240:c5638, adbfec77-7a0d-4773-aa56-ba0b778d0ab5:c5635, 90c45227-141f-43fe-b831-a2b91b39d6b0:c5636]
2019-07-14 06:26:19,255 INFO  client.GrpcClientProtocolClient (GrpcClientProtocolClient.java:onNext(255)) - client-D2340BF4DD29->f9fecd82-c7ae-483e-b259-6428f2dfb240: receive RaftClientReply:client-D2340BF4DD29->f9fecd82-c7ae-483e-b259-6428f2dfb240@group-7DE138E597A5, cid=3711, SUCCESS, logIndex=5638, commits[f9fecd82-c7ae-483e-b259-6428f2dfb240:c5638, adbfec77-7a0d-4773-aa56-ba0b778d0ab5:c5636, 90c45227-141f-43fe-b831-a2b91b39d6b0:c5636]
2019-07-14 06:26:19,257 INFO  client.GrpcClientProtocolClient (GrpcClientProtocolClient.java:onNext(255)) - client-D2340BF4DD29->f9fecd82-c7ae-483e-b259-6428f2dfb240: receive RaftClientReply:client-D2340BF4DD29->f9fecd82-c7ae-483e-b259-6428f2dfb240@group-7DE138E597A5, cid=3712, SUCCESS, logIndex=0, commits[f9fecd82-c7ae-483e-b259-6428f2dfb240:c5639, adbfec77-7a0d-4773-aa56-ba0b778d0ab5:c5638, 90c45227-141f-43fe-b831-a2b91b39d6b0:c5638]
2019-07-14 06:26:19,282 INFO  client.GrpcClientProtocolClient (GrpcClientProtocolClient.java:onNext(255)) - client-D2340BF4DD29->f9fecd82-c7ae-483e-b259-6428f2dfb240: receive RaftClientReply:client-D2340BF4DD29->f9fecd82-c7ae-483e-b259-6428f2dfb240@group-7DE138E597A5, cid=3713, SUCCESS, logIndex=5641, commits[f9fecd82-c7ae-483e-b259-6428f2dfb240:c5642, adbfec77-7a0d-4773-aa56-ba0b778d0ab5:c5638, 90c45227-141f-43fe-b831-a2b91b39d6b0:c5640]
2019-07-14 06:26:19,283 INFO  client.GrpcClientProtocolClient (GrpcClientProtocolClient.java:onNext(255)) - client-D2340BF4DD29->f9fecd82-c7ae-483e-b259-6428f2dfb240: receive RaftClientReply:client-D2340BF4DD29->f9fecd82-c7ae-483e-b259-6428f2dfb240@group-7DE138E597A5, cid=3714, SUCCESS, logIndex=5642, commits[f9fecd82-c7ae-483e-b259-6428f2dfb240:c5642, adbfec77-7a0d-4773-aa56-ba0b778d0ab5:c5640, 90c45227-141f-43fe-b831-a2b91b39d6b0:c5640]
2019-07-14 06:26:19,284 INFO  client.GrpcClientProtocolClient (GrpcClientProtocolClient.java:onNext(255)) - client-D2340BF4DD29->f9fecd82-c7ae-483e-b259-6428f2dfb240: receive RaftClientReply:client-D2340BF4DD29->f9fecd82-c7ae-483e-b259-6428f2dfb240@group-7DE138E597A5, cid=3715, SUCCESS, logIndex=5643, commits[f9fecd82-c7ae-483e-b259-6428f2dfb240:c5643, adbfec77-7a0d-4773-aa56-ba0b778d0ab5:c5640, 90c45227-141f-43fe-b831-a2b91b39d6b0:c5640]
2019-07-14 06:26:19,284 INFO  client.GrpcClientProtocolClient (GrpcClientProtocolClient.java:onNext(255)) - client-D2340BF4DD29->f9fecd82-c7ae-483e-b259-6428f2dfb240: receive RaftClientReply:client-D2340BF4DD29->f9fecd82-c7ae-483e-b259-6428f2dfb240@group-7DE138E597A5, cid=3716, SUCCESS, logIndex=5644, commits[f9fecd82-c7ae-483e-b259-6428f2dfb240:c5644, adbfec77-7a0d-4773-aa56-ba0b778d0ab5:c5640, 90c45227-141f-43fe-b831-a2b91b39d6b0:c5640]
2019-07-14 06:26:19,285 INFO  client.GrpcClientProtocolClient (GrpcClientProtocolClient.java:onNext(255)) - client-D2340BF4DD29->f9fecd82-c7ae-483e-b259-6428f2dfb240: receive RaftClientReply:client-D2340BF4DD29->f9fecd82-c7ae-483e-b259-6428f2dfb240@group-7DE138E597A5, cid=3717, SUCCESS, logIndex=0, commits[f9fecd82-c7ae-483e-b259-6428f2dfb240:c5646, adbfec77-7a0d-4773-aa56-ba0b778d0ab5:c5642, 90c45227-141f-43fe-b831-a2b91b39d6b0:c5642]
2019-07-14 06:26:19,307 INFO  client.GrpcClientProtocolClient (GrpcClientProtocolClient.java:onNext(255)) - client-D2340BF4DD29->f9fecd82-c7ae-483e-b259-6428f2dfb240: receive RaftClientReply:client-D2340BF4DD29->f9fecd82-c7ae-483e-b259-6428f2dfb240@group-7DE138E597A5, cid=3718, SUCCESS, logIndex=5649, commits[f9fecd82-c7ae-483e-b259-6428f2dfb240:c5650, adbfec77-7a0d-4773-aa56-ba0b778d0ab5:c5648, 90c45227-141f-43fe-b831-a2b91b39d6b0:c5648]
2019-07-14 06:26:19,308 INFO  client.GrpcClientProtocolClient (GrpcClientProtocolClient.java:onNext(255)) - client-D2340BF4DD29->f9fecd82-c7ae-483e-b259-6428f2dfb240: receive RaftClientReply:client-D2340BF4DD29->f9fecd82-c7ae-483e-b259-6428f2dfb240@group-7DE138E597A5, cid=3719, SUCCESS, logIndex=5650, commits[f9fecd82-c7ae-483e-b259-6428f2dfb240:c5650, adbfec77-7a0d-4773-aa56-ba0b778d0ab5:c5648, 90c45227-141f-43fe-b831-a2b91b39d6b0:c5648]
2019-07-14 06:26:19,321 INFO  client.GrpcClientProtocolClient (GrpcClientProtocolClient.java:onNext(255)) - client-D2340BF4DD29->f9fecd82-c7ae-483e-b259-6428f2dfb240: receive RaftClientReply:client-D2340BF4DD29->f9fecd82-c7ae-483e-b259-6428f2dfb240@group-7DE138E597A5, cid=3720, SUCCESS, logIndex=5653, commits[f9fecd82-c7ae-483e-b259-6428f2dfb240:c5654, adbfec77-7a0d-4773-aa56-ba0b778d0ab5:c5650, 90c45227-141f-43fe-b831-a2b91b39d6b0:c5650]
2019-07-14 06:26:19,321 INFO  client.GrpcClientProtocolClient (GrpcClientProtocolClient.java:onNext(255)) - client-D2340BF4DD29->f9fecd82-c7ae-483e-b259-6428f2dfb240: receive RaftClientReply:client-D2340BF4DD29->f9fecd82-c7ae-483e-b259-6428f2dfb240@group-7DE138E597A5, cid=3721, SUCCESS, logIndex=5654, commits[f9fecd82-c7ae-483e-b259-6428f2dfb240:c5654, adbfec77-7a0d-4773-aa56-ba0b778d0ab5:c5650, 90c45227-141f-43fe-b831-a2b91b39d6b0:c5650]
2019-07-14 06:26:19,339 INFO  client.GrpcClientProtocolClient (GrpcClientProtocolClient.java:onNext(255)) - client-D2340BF4DD29->f9fecd82-c7ae-483e-b259-6428f2dfb240: receive RaftClientReply:client-D2340BF4DD29->f9fecd82-c7ae-483e-b259-6428f2dfb240@group-7DE138E597A5, cid=3722, SUCCESS, logIndex=0, commits[f9fecd82-c7ae-483e-b259-6428f2dfb240:c5656, adbfec77-7a0d-4773-aa56-ba0b778d0ab5:c5654, 90c45227-141f-43fe-b831-a2b91b39d6b0:c5654]
2019-07-14 06:26:19,374 INFO  client.GrpcClientProtocolClient (GrpcClientProtocolClient.java:onNext(255)) - client-D2340BF4DD29->f9fecd82-c7ae-483e-b259-6428f2dfb240: receive RaftClientReply:client-D2340BF4DD29->f9fecd82-c7ae-483e-b259-6428f2dfb240@group-7DE138E597A5, cid=3723, SUCCESS, logIndex=5657, commits[f9fecd82-c7ae-483e-b259-6428f2dfb240:c5658, adbfec77-7a0d-4773-aa56-ba0b778d0ab5:c5656, 90c45227-141f-43fe-b831-a2b91b39d6b0:c5656]
2019-07-14 06:26:19,375 INFO  client.GrpcClientProtocolClient (GrpcClientProtocolClient.java:onNext(255)) - client-D2340BF4DD29->f9fecd82-c7ae-483e-b259-6428f2dfb240: receive RaftClientReply:client-D2340BF4DD29->f9fecd82-c7ae-483e-b259-6428f2dfb240@group-7DE138E597A5, cid=3724, SUCCESS, logIndex=5658, commits[f9fecd82-c7ae-483e-b259-6428f2dfb240:c5658, adbfec77-7a0d-4773-aa56-ba0b778d0ab5:c5656, 90c45227-141f-43fe-b831-a2b91b39d6b0:c5656]
2019-07-14 06:26:19,375 INFO  client.GrpcClientProtocolClient (GrpcClientProtocolClient.java:onNext(255)) - client-D2340BF4DD29->f9fecd82-c7ae-483e-b259-6428f2dfb240: receive RaftClientReply:client-D2340BF4DD29->f9fecd82-c7ae-483e-b259-6428f2dfb240@group-7DE138E597A5, cid=3725, SUCCESS, logIndex=5659, commits[f9fecd82-c7ae-483e-b259-6428f2dfb240:c5660, adbfec77-7a0d-4773-aa56-ba0b778d0ab5:c5656, 90c45227-141f-43fe-b831-a2b91b39d6b0:c5656]
2019-07-14 06:26:19,375 INFO  client.GrpcClientProtocolClient (GrpcClientProtocolClient.java:onNext(255)) - client-D2340BF4DD29->f9fecd82-c7ae-483e-b259-6428f2dfb240: receive RaftClientReply:client-D2340BF4DD29->f9fecd82-c7ae-483e-b259-6428f2dfb240@group-7DE138E597A5, cid=3726, SUCCESS, logIndex=5660, commits[f9fecd82-c7ae-483e-b259-6428f2dfb240:c5660, adbfec77-7a0d-4773-aa56-ba0b778d0ab5:c5656, 90c45227-141f-43fe-b831-a2b91b39d6b0:c5656]
2019-07-14 06:26:19,377 INFO  client.GrpcClientProtocolClient (GrpcClientProtocolClient.java:onNext(255)) - client-D2340BF4DD29->f9fecd82-c7ae-483e-b259-6428f2dfb240: receive RaftClientReply:client-D2340BF4DD29->f9fecd82-c7ae-483e-b259-6428f2dfb240@group-7DE138E597A5, cid=3727, SUCCESS, logIndex=0, commits[f9fecd82-c7ae-483e-b259-6428f2dfb240:c5662, adbfec77-7a0d-4773-aa56-ba0b778d0ab5:c5658, 90c45227-141f-43fe-b831-a2b91b39d6b0:c5658]
2019-07-14 06:26:19,397 INFO  client.GrpcClientProtocolClient (GrpcClientProtocolClient.java:onNext(255)) - client-D2340BF4DD29->f9fecd82-c7ae-483e-b259-6428f2dfb240: receive RaftClientReply:client-D2340BF4DD29->f9fecd82-c7ae-483e-b259-6428f2dfb240@group-7DE138E597A5, cid=3728, SUCCESS, logIndex=5665, commits[f9fecd82-c7ae-483e-b259-6428f2dfb240:c5666, adbfec77-7a0d-4773-aa56-ba0b778d0ab5:c5664, 90c45227-141f-43fe-b831-a2b91b39d6b0:c5664]
2019-07-14 06:26:19,398 INFO  client.GrpcClientProtocolClient (GrpcClientProtocolClient.java:onNext(255)) - client-D2340BF4DD29->f9fecd82-c7ae-483e-b259-6428f2dfb240: receive RaftClientReply:client-D2340BF4DD29->f9fecd82-c7ae-483e-b259-6428f2dfb240@group-7DE138E597A5, cid=3729, SUCCESS, logIndex=5666, commits[f9fecd82-c7ae-483e-b259-6428f2dfb240:c5666, adbfec77-7a0d-4773-aa56-ba0b778d0ab5:c5664, 90c45227-141f-43fe-b831-a2b91b39d6b0:c5664]
2019-07-14 06:26:19,411 INFO  client.GrpcClientProtocolClient (GrpcClientProtocolClient.java:onNext(255)) - client-D2340BF4DD29->f9fecd82-c7ae-483e-b259-6428f2dfb240: receive RaftClientReply:client-D2340BF4DD29->f9fecd82-c7ae-483e-b259-6428f2dfb240@group-7DE138E597A5, cid=3730, SUCCESS, logIndex=5669, commits[f9fecd82-c7ae-483e-b259-6428f2dfb240:c5670, adbfec77-7a0d-4773-aa56-ba0b778d0ab5:c5666, 90c45227-141f-43fe-b831-a2b91b39d6b0:c5666]
2019-07-14 06:26:19,411 INFO  client.GrpcClientProtocolClient (GrpcClientProtocolClient.java:onNext(255)) - client-D2340BF4DD29->f9fecd82-c7ae-483e-b259-6428f2dfb240: receive RaftClientReply:client-D2340BF4DD29->f9fecd82-c7ae-483e-b259-6428f2dfb240@group-7DE138E597A5, cid=3731, SUCCESS, logIndex=5670, commits[f9fecd82-c7ae-483e-b259-6428f2dfb240:c5670, adbfec77-7a0d-4773-aa56-ba0b778d0ab5:c5666, 90c45227-141f-43fe-b831-a2b91b39d6b0:c5666]
2019-07-14 06:26:19,423 INFO  client.GrpcClientProtocolClient (GrpcClientProtocolClient.java:onNext(255)) - client-D2340BF4DD29->f9fecd82-c7ae-483e-b259-6428f2dfb240: receive RaftClientReply:client-D2340BF4DD29->f9fecd82-c7ae-483e-b259-6428f2dfb240@group-7DE138E597A5, cid=3732, SUCCESS, logIndex=0, commits[f9fecd82-c7ae-483e-b259-6428f2dfb240:c5671, adbfec77-7a0d-4773-aa56-ba0b778d0ab5:c5670, 90c45227-141f-43fe-b831-a2b91b39d6b0:c5670]
2019-07-14 06:26:19,472 INFO  client.GrpcClientProtocolClient (GrpcClientProtocolClient.java:onNext(255)) - client-D2340BF4DD29->f9fecd82-c7ae-483e-b259-6428f2dfb240: receive RaftClientReply:client-D2340BF4DD29->f9fecd82-c7ae-483e-b259-6428f2dfb240@group-7DE138E597A5, cid=3733, SUCCESS, logIndex=5673, commits[f9fecd82-c7ae-483e-b259-6428f2dfb240:c5674, adbfec77-7a0d-4773-aa56-ba0b778d0ab5:c5672, 90c45227-141f-43fe-b831-a2b91b39d6b0:c5672]
2019-07-14 06:26:19,473 INFO  client.GrpcClientProtocolClient (GrpcClientProtocolClient.java:onNext(255)) - client-D2340BF4DD29->f9fecd82-c7ae-483e-b259-6428f2dfb240: receive RaftClientReply:client-D2340BF4DD29->f9fecd82-c7ae-483e-b259-6428f2dfb240@group-7DE138E597A5, cid=3734, SUCCESS, logIndex=5674, commits[f9fecd82-c7ae-483e-b259-6428f2dfb240:c5674, adbfec77-7a0d-4773-aa56-ba0b778d0ab5:c5672, 90c45227-141f-43fe-b831-a2b91b39d6b0:c5672]
2019-07-14 06:26:19,473 INFO  client.GrpcClientProtocolClient (GrpcClientProtocolClient.java:onNext(255)) - client-D2340BF4DD29->f9fecd82-c7ae-483e-b259-6428f2dfb240: receive RaftClientReply:client-D2340BF4DD29->f9fecd82-c7ae-483e-b259-6428f2dfb240@group-7DE138E597A5, cid=3735, SUCCESS, logIndex=5675, commits[f9fecd82-c7ae-483e-b259-6428f2dfb240:c5676, adbfec77-7a0d-4773-aa56-ba0b778d0ab5:c5672, 90c45227-141f-43fe-b831-a2b91b39d6b0:c5672]
2019-07-14 06:26:19,473 INFO  client.GrpcClientProtocolClient (GrpcClientProtocolClient.java:onNext(255)) - client-D2340BF4DD29->f9fecd82-c7ae-483e-b259-6428f2dfb240: receive RaftClientReply:client-D2340BF4DD29->f9fecd82-c7ae-483e-b259-6428f2dfb240@group-7DE138E597A5, cid=3736, SUCCESS, logIndex=5676, commits[f9fecd82-c7ae-483e-b259-6428f2dfb240:c5676, adbfec77-7a0d-4773-aa56-ba0b778d0ab5:c5672, 90c45227-141f-43fe-b831-a2b91b39d6b0:c5672]
2019-07-14 06:26:19,475 INFO  client.GrpcClientProtocolClient (GrpcClientProtocolClient.java:onNext(255)) - client-D2340BF4DD29->f9fecd82-c7ae-483e-b259-6428f2dfb240: receive RaftClientReply:client-D2340BF4DD29->f9fecd82-c7ae-483e-b259-6428f2dfb240@group-7DE138E597A5, cid=3737, SUCCESS, logIndex=0, commits[f9fecd82-c7ae-483e-b259-6428f2dfb240:c5678, adbfec77-7a0d-4773-aa56-ba0b778d0ab5:c5674, 90c45227-141f-43fe-b831-a2b91b39d6b0:c5674]
2019-07-14 06:26:19,495 INFO  client.GrpcClientProtocolClient (GrpcClientProtocolClient.java:onNext(255)) - client-D2340BF4DD29->f9fecd82-c7ae-483e-b259-6428f2dfb240: receive RaftClientReply:client-D2340BF4DD29->f9fecd82-c7ae-483e-b259-6428f2dfb240@group-7DE138E597A5, cid=3738, SUCCESS, logIndex=5681, commits[f9fecd82-c7ae-483e-b259-6428f2dfb240:c5682, adbfec77-7a0d-4773-aa56-ba0b778d0ab5:c5680, 90c45227-141f-43fe-b831-a2b91b39d6b0:c5680]
2019-07-14 06:26:19,496 INFO  client.GrpcClientProtocolClient (GrpcClientProtocolClient.java:onNext(255)) - client-D2340BF4DD29->f9fecd82-c7ae-483e-b259-6428f2dfb240: receive RaftClientReply:client-D2340BF4DD29->f9fecd82-c7ae-483e-b259-6428f2dfb240@group-7DE138E597A5, cid=3739, SUCCESS, logIndex=5682, commits[f9fecd82-c7ae-483e-b259-6428f2dfb240:c5682, adbfec77-7a0d-4773-aa56-ba0b778d0ab5:c5680, 90c45227-141f-43fe-b831-a2b91b39d6b0:c5680]
2019-07-14 06:26:19,509 INFO  client.GrpcClientProtocolClient (GrpcClientProtocolClient.java:onNext(255)) - client-D2340BF4DD29->f9fecd82-c7ae-483e-b259-6428f2dfb240: receive RaftClientReply:client-D2340BF4DD29->f9fecd82-c7ae-483e-b259-6428f2dfb240@group-7DE138E597A5, cid=3740, SUCCESS, logIndex=5685, commits[f9fecd82-c7ae-483e-b259-6428f2dfb240:c5686, adbfec77-7a0d-4773-aa56-ba0b778d0ab5:c5682, 90c45227-141f-43fe-b831-a2b91b39d6b0:c5682]
2019-07-14 06:26:19,509 INFO  client.GrpcClientProtocolClient (GrpcClientProtocolClient.java:onNext(255)) - client-D2340BF4DD29->f9fecd82-c7ae-483e-b259-6428f2dfb240: receive RaftClientReply:client-D2340BF4DD29->f9fecd82-c7ae-483e-b259-6428f2dfb240@group-7DE138E597A5, cid=3741, SUCCESS, logIndex=5686, commits[f9fecd82-c7ae-483e-b259-6428f2dfb240:c5686, adbfec77-7a0d-4773-aa56-ba0b778d0ab5:c5682, 90c45227-141f-43fe-b831-a2b91b39d6b0:c5682]
2019-07-14 06:26:19,521 INFO  client.GrpcClientProtocolClient (GrpcClientProtocolClient.java:onNext(255)) - client-D2340BF4DD29->f9fecd82-c7ae-483e-b259-6428f2dfb240: receive RaftClientReply:client-D2340BF4DD29->f9fecd82-c7ae-483e-b259-6428f2dfb240@group-7DE138E597A5, cid=3742, SUCCESS, logIndex=0, commits[f9fecd82-c7ae-483e-b259-6428f2dfb240:c5687, adbfec77-7a0d-4773-aa56-ba0b778d0ab5:c5686, 90c45227-141f-43fe-b831-a2b91b39d6b0:c5686]
2019-07-14 06:26:19,566 INFO  client.GrpcClientProtocolClient (GrpcClientProtocolClient.java:onNext(255)) - client-D2340BF4DD29->f9fecd82-c7ae-483e-b259-6428f2dfb240: receive RaftClientReply:client-D2340BF4DD29->f9fecd82-c7ae-483e-b259-6428f2dfb240@group-7DE138E597A5, cid=3743, SUCCESS, logIndex=5689, commits[f9fecd82-c7ae-483e-b259-6428f2dfb240:c5691, adbfec77-7a0d-4773-aa56-ba0b778d0ab5:c5688, 90c45227-141f-43fe-b831-a2b91b39d6b0:c5688]
2019-07-14 06:26:19,567 INFO  client.GrpcClientProtocolClient (GrpcClientProtocolClient.java:onNext(255)) - client-D2340BF4DD29->f9fecd82-c7ae-483e-b259-6428f2dfb240: receive RaftClientReply:client-D2340BF4DD29->f9fecd82-c7ae-483e-b259-6428f2dfb240@group-7DE138E597A5, cid=3744, SUCCESS, logIndex=5690, commits[f9fecd82-c7ae-483e-b259-6428f2dfb240:c5692, adbfec77-7a0d-4773-aa56-ba0b778d0ab5:c5688, 90c45227-141f-43fe-b831-a2b91b39d6b0:c5688]
2019-07-14 06:26:19,567 INFO  client.GrpcClientProtocolClient (GrpcClientProtocolClient.java:onNext(255)) - client-D2340BF4DD29->f9fecd82-c7ae-483e-b259-6428f2dfb240: receive RaftClientReply:client-D2340BF4DD29->f9fecd82-c7ae-483e-b259-6428f2dfb240@group-7DE138E597A5, cid=3745, SUCCESS, logIndex=5691, commits[f9fecd82-c7ae-483e-b259-6428f2dfb240:c5692, adbfec77-7a0d-4773-aa56-ba0b778d0ab5:c5688, 90c45227-141f-43fe-b831-a2b91b39d6b0:c5688]
2019-07-14 06:26:19,567 INFO  client.GrpcClientProtocolClient (GrpcClientProtocolClient.java:onNext(255)) - client-D2340BF4DD29->f9fecd82-c7ae-483e-b259-6428f2dfb240: receive RaftClientReply:client-D2340BF4DD29->f9fecd82-c7ae-483e-b259-6428f2dfb240@group-7DE138E597A5, cid=3746, SUCCESS, logIndex=5692, commits[f9fecd82-c7ae-483e-b259-6428f2dfb240:c5692, adbfec77-7a0d-4773-aa56-ba0b778d0ab5:c5688, 90c45227-141f-43fe-b831-a2b91b39d6b0:c5688]
2019-07-14 06:26:19,579 INFO  client.GrpcClientProtocolClient (GrpcClientProtocolClient.java:onNext(255)) - client-D2340BF4DD29->f9fecd82-c7ae-483e-b259-6428f2dfb240: receive RaftClientReply:client-D2340BF4DD29->f9fecd82-c7ae-483e-b259-6428f2dfb240@group-7DE138E597A5, cid=3747, SUCCESS, logIndex=0, commits[f9fecd82-c7ae-483e-b259-6428f2dfb240:c5692, adbfec77-7a0d-4773-aa56-ba0b778d0ab5:c5690, 90c45227-141f-43fe-b831-a2b91b39d6b0:c5690]
 0.00% |█                                                                                                    |  0/1 Time: 0:00:342019-07-14 06:26:20,526 INFO  client.GrpcClientProtocolClient (GrpcClientProtocolClient.java:onNext(255)) - client-D2340BF4DD29->f9fecd82-c7ae-483e-b259-6428f2dfb240: receive RaftClientReply:client-D2340BF4DD29->f9fecd82-c7ae-483e-b259-6428f2dfb240@group-7DE138E597A5, cid=3748, SUCCESS, logIndex=5697, commits[f9fecd82-c7ae-483e-b259-6428f2dfb240:c5698, adbfec77-7a0d-4773-aa56-ba0b778d0ab5:c5692, 90c45227-141f-43fe-b831-a2b91b39d6b0:c5693]
2019-07-14 06:26:20,527 INFO  client.GrpcClientProtocolClient (GrpcClientProtocolClient.java:onNext(255)) - client-D2340BF4DD29->f9fecd82-c7ae-483e-b259-6428f2dfb240: receive RaftClientReply:client-D2340BF4DD29->f9fecd82-c7ae-483e-b259-6428f2dfb240@group-7DE138E597A5, cid=3749, SUCCESS, logIndex=5698, commits[f9fecd82-c7ae-483e-b259-6428f2dfb240:c5698, adbfec77-7a0d-4773-aa56-ba0b778d0ab5:c5693, 90c45227-141f-43fe-b831-a2b91b39d6b0:c5693]
 0.00% |█                                                                                                    |  0/1 Time: 0:00:35 0.00% |█                                                                                                    |  0/1 Time: 0:00:362019-07-14 06:26:22,701 INFO  client.GrpcClientProtocolClient (GrpcClientProtocolClient.java:onNext(255)) - client-D2340BF4DD29->f9fecd82-c7ae-483e-b259-6428f2dfb240: receive RaftClientReply:client-D2340BF4DD29->f9fecd82-c7ae-483e-b259-6428f2dfb240@group-7DE138E597A5, cid=3750, SUCCESS, logIndex=5700, commits[f9fecd82-c7ae-483e-b259-6428f2dfb240:c5701, adbfec77-7a0d-4773-aa56-ba0b778d0ab5:c5698, 90c45227-141f-43fe-b831-a2b91b39d6b0:c5698]
2019-07-14 06:26:22,702 INFO  client.GrpcClientProtocolClient (GrpcClientProtocolClient.java:onNext(255)) - client-D2340BF4DD29->f9fecd82-c7ae-483e-b259-6428f2dfb240: receive RaftClientReply:client-D2340BF4DD29->f9fecd82-c7ae-483e-b259-6428f2dfb240@group-7DE138E597A5, cid=3751, SUCCESS, logIndex=5701, commits[f9fecd82-c7ae-483e-b259-6428f2dfb240:c5701, adbfec77-7a0d-4773-aa56-ba0b778d0ab5:c5698, 90c45227-141f-43fe-b831-a2b91b39d6b0:c5698]
2019-07-14 06:26:22,748 INFO  client.GrpcClientProtocolClient (GrpcClientProtocolClient.java:onNext(255)) - client-D2340BF4DD29->f9fecd82-c7ae-483e-b259-6428f2dfb240: receive RaftClientReply:client-D2340BF4DD29->f9fecd82-c7ae-483e-b259-6428f2dfb240@group-7DE138E597A5, cid=3752, SUCCESS, logIndex=0, commits[f9fecd82-c7ae-483e-b259-6428f2dfb240:c5702, adbfec77-7a0d-4773-aa56-ba0b778d0ab5:c5701, 90c45227-141f-43fe-b831-a2b91b39d6b0:c5701]
 0.00% |█                                                                                                    |  0/1 Time: 0:00:37 0.00% |█                                                                                                    |  0/1 Time: 0:00:38 0.00% |█                                                                                                    |  0/1 Time: 0:00:392019-07-14 06:26:25,701 WARN  server.GrpcLogAppender (GrpcLogAppender.java:timeoutAppendRequest(200)) - GrpcLogAppender(f9fecd82-c7ae-483e-b259-6428f2dfb240->90c45227-141f-43fe-b831-a2b91b39d6b0): appendEntries Timeout, request=f9fecd82-c7ae-483e-b259-6428f2dfb240->90c45227-141f-43fe-b831-a2b91b39d6b0#5710-t1, previous=(t:1, i:5702), leaderCommit=5701, initializing? false, entries: size=1, first=(t:1, i:5703), METADATAENTRY(c5701)
2019-07-14 06:26:25,701 WARN  server.GrpcLogAppender (GrpcLogAppender.java:timeoutAppendRequest(200)) - GrpcLogAppender(f9fecd82-c7ae-483e-b259-6428f2dfb240->adbfec77-7a0d-4773-aa56-ba0b778d0ab5): appendEntries Timeout, request=f9fecd82-c7ae-483e-b259-6428f2dfb240->adbfec77-7a0d-4773-aa56-ba0b778d0ab5#5710-t1, previous=(t:1, i:5702), leaderCommit=5701, initializing? false, entries: size=1, first=(t:1, i:5703), METADATAENTRY(c5701)
2019-07-14 06:26:25,772 WARN  server.GrpcLogAppender (GrpcLogAppender.java:timeoutAppendRequest(200)) - GrpcLogAppender(f9fecd82-c7ae-483e-b259-6428f2dfb240->adbfec77-7a0d-4773-aa56-ba0b778d0ab5): appendEntries Timeout, request=f9fecd82-c7ae-483e-b259-6428f2dfb240->adbfec77-7a0d-4773-aa56-ba0b778d0ab5#5711-t1, previous=(t:1, i:5703), leaderCommit=5702, initializing? false, entries: size=1, first=(t:1, i:5704), STATEMACHINELOGENTRY, client-D2340BF4DD29, cid=3753
2019-07-14 06:26:25,772 WARN  server.GrpcLogAppender (GrpcLogAppender.java:timeoutAppendRequest(200)) - GrpcLogAppender(f9fecd82-c7ae-483e-b259-6428f2dfb240->90c45227-141f-43fe-b831-a2b91b39d6b0): appendEntries Timeout, request=f9fecd82-c7ae-483e-b259-6428f2dfb240->90c45227-141f-43fe-b831-a2b91b39d6b0#5711-t1, previous=(t:1, i:5703), leaderCommit=5702, initializing? false, entries: size=1, first=(t:1, i:5704), STATEMACHINELOGENTRY, client-D2340BF4DD29, cid=3753
2019-07-14 06:26:25,773 WARN  server.GrpcLogAppender (GrpcLogAppender.java:timeoutAppendRequest(200)) - GrpcLogAppender(f9fecd82-c7ae-483e-b259-6428f2dfb240->adbfec77-7a0d-4773-aa56-ba0b778d0ab5): appendEntries Timeout, request=f9fecd82-c7ae-483e-b259-6428f2dfb240->adbfec77-7a0d-4773-aa56-ba0b778d0ab5#5712-t1, previous=(t:1, i:5704), leaderCommit=5702, initializing? false, entries: size=1, first=(t:1, i:5705), STATEMACHINELOGENTRY, client-D2340BF4DD29, cid=3754
2019-07-14 06:26:25,773 WARN  server.GrpcLogAppender (GrpcLogAppender.java:timeoutAppendRequest(200)) - GrpcLogAppender(f9fecd82-c7ae-483e-b259-6428f2dfb240->90c45227-141f-43fe-b831-a2b91b39d6b0): appendEntries Timeout, request=f9fecd82-c7ae-483e-b259-6428f2dfb240->90c45227-141f-43fe-b831-a2b91b39d6b0#5712-t1, previous=(t:1, i:5704), leaderCommit=5702, initializing? false, entries: size=1, first=(t:1, i:5705), STATEMACHINELOGENTRY, client-D2340BF4DD29, cid=3754
2019-07-14 06:26:25,776 WARN  server.GrpcLogAppender (GrpcLogAppender.java:timeoutAppendRequest(200)) - GrpcLogAppender(f9fecd82-c7ae-483e-b259-6428f2dfb240->90c45227-141f-43fe-b831-a2b91b39d6b0): appendEntries Timeout, request=f9fecd82-c7ae-483e-b259-6428f2dfb240->90c45227-141f-43fe-b831-a2b91b39d6b0#5713-t1, previous=(t:1, i:5705), leaderCommit=5702, initializing? false, entries: size=1, first=(t:1, i:5706), STATEMACHINELOGENTRY, client-D2340BF4DD29, cid=3755
2019-07-14 06:26:25,776 WARN  server.GrpcLogAppender (GrpcLogAppender.java:timeoutAppendRequest(200)) - GrpcLogAppender(f9fecd82-c7ae-483e-b259-6428f2dfb240->adbfec77-7a0d-4773-aa56-ba0b778d0ab5): appendEntries Timeout, request=f9fecd82-c7ae-483e-b259-6428f2dfb240->adbfec77-7a0d-4773-aa56-ba0b778d0ab5#5713-t1, previous=(t:1, i:5705), leaderCommit=5702, initializing? false, entries: size=1, first=(t:1, i:5706), STATEMACHINELOGENTRY, client-D2340BF4DD29, cid=3755
2019-07-14 06:26:25,776 WARN  server.GrpcLogAppender (GrpcLogAppender.java:timeoutAppendRequest(200)) - GrpcLogAppender(f9fecd82-c7ae-483e-b259-6428f2dfb240->90c45227-141f-43fe-b831-a2b91b39d6b0): appendEntries Timeout, request=f9fecd82-c7ae-483e-b259-6428f2dfb240->90c45227-141f-43fe-b831-a2b91b39d6b0#5714-t1, previous=(t:1, i:5706), leaderCommit=5702, initializing? false, entries: size=1, first=(t:1, i:5707), STATEMACHINELOGENTRY, client-D2340BF4DD29, cid=3756
2019-07-14 06:26:25,776 WARN  server.GrpcLogAppender (GrpcLogAppender.java:timeoutAppendRequest(200)) - GrpcLogAppender(f9fecd82-c7ae-483e-b259-6428f2dfb240->adbfec77-7a0d-4773-aa56-ba0b778d0ab5): appendEntries Timeout, request=f9fecd82-c7ae-483e-b259-6428f2dfb240->adbfec77-7a0d-4773-aa56-ba0b778d0ab5#5714-t1, previous=(t:1, i:5706), leaderCommit=5702, initializing? false, entries: size=1, first=(t:1, i:5707), STATEMACHINELOGENTRY, client-D2340BF4DD29, cid=3756
 0.00% |█                                                                                                    |  0/1 Time: 0:00:40 0.00% |█                                                                                                    |  0/1 Time: 0:00:412019-07-14 06:26:27,787 WARN  server.GrpcLogAppender (GrpcLogAppender.java:onNextImpl(250)) - org.apache.ratis.grpc.server.GrpcLogAppender$AppendLogResponseHandler@1a5464fa: Request not found, ignoring reply: f9fecd82-c7ae-483e-b259-6428f2dfb240<-adbfec77-7a0d-4773-aa56-ba0b778d0ab5#5710:OK,SUCCESS,nextIndex:5704,term:1,followerCommit:5702
2019-07-14 06:26:27,797 WARN  server.GrpcLogAppender (GrpcLogAppender.java:onNextImpl(250)) - org.apache.ratis.grpc.server.GrpcLogAppender$AppendLogResponseHandler@686ef098: Request not found, ignoring reply: f9fecd82-c7ae-483e-b259-6428f2dfb240<-90c45227-141f-43fe-b831-a2b91b39d6b0#5710:OK,SUCCESS,nextIndex:5704,term:1,followerCommit:5702
2019-07-14 06:26:27,797 WARN  server.GrpcLogAppender (GrpcLogAppender.java:onNextImpl(250)) - org.apache.ratis.grpc.server.GrpcLogAppender$AppendLogResponseHandler@1a5464fa: Request not found, ignoring reply: f9fecd82-c7ae-483e-b259-6428f2dfb240<-adbfec77-7a0d-4773-aa56-ba0b778d0ab5#5711:OK,SUCCESS,nextIndex:5705,term:1,followerCommit:5702
2019-07-14 06:26:27,798 WARN  server.GrpcLogAppender (GrpcLogAppender.java:onNextImpl(250)) - org.apache.ratis.grpc.server.GrpcLogAppender$AppendLogResponseHandler@1a5464fa: Request not found, ignoring reply: f9fecd82-c7ae-483e-b259-6428f2dfb240<-adbfec77-7a0d-4773-aa56-ba0b778d0ab5#5712:OK,SUCCESS,nextIndex:5706,term:1,followerCommit:5702
2019-07-14 06:26:27,798 WARN  server.GrpcLogAppender (GrpcLogAppender.java:onNextImpl(250)) - org.apache.ratis.grpc.server.GrpcLogAppender$AppendLogResponseHandler@1a5464fa: Request not found, ignoring reply: f9fecd82-c7ae-483e-b259-6428f2dfb240<-adbfec77-7a0d-4773-aa56-ba0b778d0ab5#5713:OK,SUCCESS,nextIndex:5707,term:1,followerCommit:5702
2019-07-14 06:26:27,798 WARN  server.GrpcLogAppender (GrpcLogAppender.java:onNextImpl(250)) - org.apache.ratis.grpc.server.GrpcLogAppender$AppendLogResponseHandler@1a5464fa: Request not found, ignoring reply: f9fecd82-c7ae-483e-b259-6428f2dfb240<-adbfec77-7a0d-4773-aa56-ba0b778d0ab5#5714:OK,SUCCESS,nextIndex:5708,term:1,followerCommit:5702
2019-07-14 06:26:27,867 INFO  client.GrpcClientProtocolClient (GrpcClientProtocolClient.java:onNext(255)) - client-D2340BF4DD29->adbfec77-7a0d-4773-aa56-ba0b778d0ab5: receive RaftClientReply:client-D2340BF4DD29->adbfec77-7a0d-4773-aa56-ba0b778d0ab5@group-7DE138E597A5, cid=3753, FAILED org.apache.ratis.protocol.NotLeaderException: Server adbfec77-7a0d-4773-aa56-ba0b778d0ab5 is not the leader (f9fecd82-c7ae-483e-b259-6428f2dfb240:192.168.157.205:32944). Request must be sent to leader., logIndex=0, commits[adbfec77-7a0d-4773-aa56-ba0b778d0ab5:c5702, 90c45227-141f-43fe-b831-a2b91b39d6b0:c5701, f9fecd82-c7ae-483e-b259-6428f2dfb240:c5707]
2019-07-14 06:26:27,891 INFO  client.GrpcClientProtocolClient (GrpcClientProtocolClient.java:onNext(255)) - client-D2340BF4DD29->f9fecd82-c7ae-483e-b259-6428f2dfb240: receive RaftClientReply:client-D2340BF4DD29->f9fecd82-c7ae-483e-b259-6428f2dfb240@group-7DE138E597A5, cid=3753, SUCCESS, logIndex=5704, commits[f9fecd82-c7ae-483e-b259-6428f2dfb240:c5707, adbfec77-7a0d-4773-aa56-ba0b778d0ab5:c5702, 90c45227-141f-43fe-b831-a2b91b39d6b0:c5701]
2019-07-14 06:26:27,900 INFO  client.GrpcClientProtocolClient (GrpcClientProtocolClient.java:onNext(255)) - client-D2340BF4DD29->f9fecd82-c7ae-483e-b259-6428f2dfb240: receive RaftClientReply:client-D2340BF4DD29->f9fecd82-c7ae-483e-b259-6428f2dfb240@group-7DE138E597A5, cid=3754, SUCCESS, logIndex=5705, commits[f9fecd82-c7ae-483e-b259-6428f2dfb240:c5707, adbfec77-7a0d-4773-aa56-ba0b778d0ab5:c5702, 90c45227-141f-43fe-b831-a2b91b39d6b0:c5701]
2019-07-14 06:26:27,901 INFO  client.GrpcClientProtocolClient (GrpcClientProtocolClient.java:onNext(255)) - client-D2340BF4DD29->f9fecd82-c7ae-483e-b259-6428f2dfb240: receive RaftClientReply:client-D2340BF4DD29->f9fecd82-c7ae-483e-b259-6428f2dfb240@group-7DE138E597A5, cid=3755, SUCCESS, logIndex=5706, commits[f9fecd82-c7ae-483e-b259-6428f2dfb240:c5707, adbfec77-7a0d-4773-aa56-ba0b778d0ab5:c5702, 90c45227-141f-43fe-b831-a2b91b39d6b0:c5701]
2019-07-14 06:26:27,903 INFO  client.GrpcClientProtocolClient (GrpcClientProtocolClient.java:onNext(255)) - client-D2340BF4DD29->f9fecd82-c7ae-483e-b259-6428f2dfb240: receive RaftClientReply:client-D2340BF4DD29->f9fecd82-c7ae-483e-b259-6428f2dfb240@group-7DE138E597A5, cid=3756, SUCCESS, logIndex=5707, commits[f9fecd82-c7ae-483e-b259-6428f2dfb240:c5707, adbfec77-7a0d-4773-aa56-ba0b778d0ab5:c5702, 90c45227-141f-43fe-b831-a2b91b39d6b0:c5701]
 0.00% |█                                                                                                    |  0/1 Time: 0:00:422019-07-14 06:26:28,276 WARN  server.GrpcLogAppender (GrpcLogAppender.java:timeoutAppendRequest(200)) - GrpcLogAppender(f9fecd82-c7ae-483e-b259-6428f2dfb240->90c45227-141f-43fe-b831-a2b91b39d6b0): appendEntries Timeout, request=f9fecd82-c7ae-483e-b259-6428f2dfb240->90c45227-141f-43fe-b831-a2b91b39d6b0#5715-t1, previous=(t:1, i:5707), leaderCommit=5702, initializing? false, entries: <empty>
 0.00% |█                                                                                                    |  0/1 Time: 0:00:43 0.00% |█                                                                                                    |  0/1 Time: 0:00:442019-07-14 06:26:30,777 WARN  server.GrpcLogAppender (GrpcLogAppender.java:timeoutAppendRequest(200)) - GrpcLogAppender(f9fecd82-c7ae-483e-b259-6428f2dfb240->90c45227-141f-43fe-b831-a2b91b39d6b0): appendEntries Timeout, request=f9fecd82-c7ae-483e-b259-6428f2dfb240->90c45227-141f-43fe-b831-a2b91b39d6b0#5716-t1, previous=(t:1, i:5707), leaderCommit=5702, initializing? false, entries: <empty>
2019-07-14 06:26:30,799 WARN  server.GrpcLogAppender (GrpcLogAppender.java:timeoutAppendRequest(200)) - GrpcLogAppender(f9fecd82-c7ae-483e-b259-6428f2dfb240->90c45227-141f-43fe-b831-a2b91b39d6b0): appendEntries Timeout, request=f9fecd82-c7ae-483e-b259-6428f2dfb240->90c45227-141f-43fe-b831-a2b91b39d6b0#5717-t1, previous=(t:1, i:5707), leaderCommit=5707, initializing? false, entries: size=1, first=(t:1, i:5708), METADATAENTRY(c5707)
2019-07-14 06:26:30,799 WARN  server.GrpcLogAppender (GrpcLogAppender.java:timeoutAppendRequest(200)) - GrpcLogAppender(f9fecd82-c7ae-483e-b259-6428f2dfb240->adbfec77-7a0d-4773-aa56-ba0b778d0ab5): appendEntries Timeout, request=f9fecd82-c7ae-483e-b259-6428f2dfb240->adbfec77-7a0d-4773-aa56-ba0b778d0ab5#5717-t1, previous=(t:1, i:5707), leaderCommit=5707, initializing? false, entries: size=1, first=(t:1, i:5708), METADATAENTRY(c5707)
 0.00% |█                                                                                                    |  0/1 Time: 0:00:452019-07-14 06:26:31,368 WARN  server.GrpcLogAppender (GrpcLogAppender.java:onNextImpl(250)) - org.apache.ratis.grpc.server.GrpcLogAppender$AppendLogResponseHandler@686ef098: Request not found, ignoring reply: f9fecd82-c7ae-483e-b259-6428f2dfb240<-90c45227-141f-43fe-b831-a2b91b39d6b0#5711:OK,SUCCESS,nextIndex:5705,term:1,followerCommit:5703
2019-07-14 06:26:31,368 WARN  server.GrpcLogAppender (GrpcLogAppender.java:onNextImpl(250)) - org.apache.ratis.grpc.server.GrpcLogAppender$AppendLogResponseHandler@686ef098: Request not found, ignoring reply: f9fecd82-c7ae-483e-b259-6428f2dfb240<-90c45227-141f-43fe-b831-a2b91b39d6b0#5712:OK,SUCCESS,nextIndex:5706,term:1,followerCommit:5703
2019-07-14 06:26:31,369 WARN  server.GrpcLogAppender (GrpcLogAppender.java:onNextImpl(250)) - org.apache.ratis.grpc.server.GrpcLogAppender$AppendLogResponseHandler@686ef098: Request not found, ignoring reply: f9fecd82-c7ae-483e-b259-6428f2dfb240<-90c45227-141f-43fe-b831-a2b91b39d6b0#5713:OK,SUCCESS,nextIndex:5707,term:1,followerCommit:5703
2019-07-14 06:26:31,369 WARN  server.GrpcLogAppender (GrpcLogAppender.java:onNextImpl(250)) - org.apache.ratis.grpc.server.GrpcLogAppender$AppendLogResponseHandler@686ef098: Request not found, ignoring reply: f9fecd82-c7ae-483e-b259-6428f2dfb240<-90c45227-141f-43fe-b831-a2b91b39d6b0#5714:OK,SUCCESS,nextIndex:5708,term:1,followerCommit:5703
2019-07-14 06:26:31,369 WARN  server.GrpcLogAppender (GrpcLogAppender.java:onNextImpl(250)) - org.apache.ratis.grpc.server.GrpcLogAppender$AppendLogResponseHandler@686ef098: Request not found, ignoring reply: f9fecd82-c7ae-483e-b259-6428f2dfb240<-90c45227-141f-43fe-b831-a2b91b39d6b0#5715:OK,SUCCESS,nextIndex:5708,term:1,followerCommit:5702
2019-07-14 06:26:31,369 WARN  server.GrpcLogAppender (GrpcLogAppender.java:onNextImpl(250)) - org.apache.ratis.grpc.server.GrpcLogAppender$AppendLogResponseHandler@686ef098: Request not found, ignoring reply: f9fecd82-c7ae-483e-b259-6428f2dfb240<-90c45227-141f-43fe-b831-a2b91b39d6b0#5716:OK,SUCCESS,nextIndex:5708,term:1,followerCommit:5702
2019-07-14 06:26:31,378 WARN  server.GrpcLogAppender (GrpcLogAppender.java:onNextImpl(250)) - org.apache.ratis.grpc.server.GrpcLogAppender$AppendLogResponseHandler@1a5464fa: Request not found, ignoring reply: f9fecd82-c7ae-483e-b259-6428f2dfb240<-adbfec77-7a0d-4773-aa56-ba0b778d0ab5#5717:OK,SUCCESS,nextIndex:5709,term:1,followerCommit:5707
 0.00% |█                                                                                                    |  0/1 Time: 0:00:462019-07-14 06:26:32,908 WARN  scm.XceiverClientRatis (XceiverClientRatis.java:watchForCommit(262)) - 3 way commit failed on pipeline Pipeline[ Id: d49f8eb2-7177-422f-9f92-7de138e597a5, Nodes: f9fecd82-c7ae-483e-b259-6428f2dfb240{ip: 192.168.157.205, host: trunk-nightly-8c95p-1545537891, networkLocation: /default-rack, certSerialId: null}adbfec77-7a0d-4773-aa56-ba0b778d0ab5{ip: 192.168.157.205, host: trunk-nightly-8c95p-1545537891, networkLocation: /default-rack, certSerialId: null}90c45227-141f-43fe-b831-a2b91b39d6b0{ip: 192.168.157.205, host: trunk-nightly-8c95p-1545537891, networkLocation: /default-rack, certSerialId: null}, Type:RATIS, Factor:THREE, State:OPEN]
java.util.concurrent.TimeoutException
	at java.util.concurrent.CompletableFuture.timedGet(CompletableFuture.java:1771)
	at java.util.concurrent.CompletableFuture.get(CompletableFuture.java:1915)
	at org.apache.hadoop.hdds.scm.XceiverClientRatis.watchForCommit(XceiverClientRatis.java:259)
	at org.apache.hadoop.hdds.scm.storage.CommitWatcher.watchForCommit(CommitWatcher.java:194)
	at org.apache.hadoop.hdds.scm.storage.CommitWatcher.watchOnFirstIndex(CommitWatcher.java:135)
	at org.apache.hadoop.hdds.scm.storage.BlockOutputStream.watchForCommit(BlockOutputStream.java:355)
	at org.apache.hadoop.hdds.scm.storage.BlockOutputStream.handleFullBuffer(BlockOutputStream.java:332)
	at org.apache.hadoop.hdds.scm.storage.BlockOutputStream.write(BlockOutputStream.java:259)
	at org.apache.hadoop.ozone.client.io.BlockOutputStreamEntry.write(BlockOutputStreamEntry.java:129)
	at org.apache.hadoop.ozone.client.io.KeyOutputStream.handleWrite(KeyOutputStream.java:211)
	at org.apache.hadoop.ozone.client.io.KeyOutputStream.write(KeyOutputStream.java:193)
	at org.apache.hadoop.ozone.client.io.OzoneOutputStream.write(OzoneOutputStream.java:49)
	at org.apache.hadoop.ozone.freon.RandomKeyGenerator$KeyProcessor.run(RandomKeyGenerator.java:693)
	at java.util.concurrent.Executors$RunnableAdapter.call(Executors.java:511)
	at java.util.concurrent.FutureTask.run(FutureTask.java:266)
	at java.util.concurrent.ThreadPoolExecutor.runWorker(ThreadPoolExecutor.java:1149)
	at java.util.concurrent.ThreadPoolExecutor$Worker.run(ThreadPoolExecutor.java:624)
	at java.lang.Thread.run(Thread.java:748)
2019-07-14 06:26:32,918 INFO  client.GrpcClientProtocolClient (GrpcClientProtocolClient.java:onNext(255)) - client-D2340BF4DD29->f9fecd82-c7ae-483e-b259-6428f2dfb240: receive RaftClientReply:client-D2340BF4DD29->f9fecd82-c7ae-483e-b259-6428f2dfb240@group-7DE138E597A5, cid=3758, SUCCESS, logIndex=0, commits[f9fecd82-c7ae-483e-b259-6428f2dfb240:c5708, adbfec77-7a0d-4773-aa56-ba0b778d0ab5:c5707, 90c45227-141f-43fe-b831-a2b91b39d6b0:c5701]
2019-07-14 06:26:32,922 INFO  scm.XceiverClientRatis (XceiverClientRatis.java:lambda$watchForCommit$7(280)) - Could not commit index 5705 on pipeline Pipeline[ Id: d49f8eb2-7177-422f-9f92-7de138e597a5, Nodes: f9fecd82-c7ae-483e-b259-6428f2dfb240{ip: 192.168.157.205, host: trunk-nightly-8c95p-1545537891, networkLocation: /default-rack, certSerialId: null}adbfec77-7a0d-4773-aa56-ba0b778d0ab5{ip: 192.168.157.205, host: trunk-nightly-8c95p-1545537891, networkLocation: /default-rack, certSerialId: null}90c45227-141f-43fe-b831-a2b91b39d6b0{ip: 192.168.157.205, host: trunk-nightly-8c95p-1545537891, networkLocation: /default-rack, certSerialId: null}, Type:RATIS, Factor:THREE, State:OPEN] to all the nodes. Server 90c45227-141f-43fe-b831-a2b91b39d6b0 has failed. Committed by majority.
2019-07-14 06:26:32,924 WARN  storage.BlockOutputStream (BlockOutputStream.java:watchForCommit(361)) - Failed to commit BlockId conID: 1 locID: 102438376751629007 bcsId: 5707 on Pipeline[ Id: d49f8eb2-7177-422f-9f92-7de138e597a5, Nodes: f9fecd82-c7ae-483e-b259-6428f2dfb240{ip: 192.168.157.205, host: trunk-nightly-8c95p-1545537891, networkLocation: /default-rack, certSerialId: null}adbfec77-7a0d-4773-aa56-ba0b778d0ab5{ip: 192.168.157.205, host: trunk-nightly-8c95p-1545537891, networkLocation: /default-rack, certSerialId: null}90c45227-141f-43fe-b831-a2b91b39d6b0{ip: 192.168.157.205, host: trunk-nightly-8c95p-1545537891, networkLocation: /default-rack, certSerialId: null}, Type:RATIS, Factor:THREE, State:OPEN]. Failed nodes: [90c45227-141f-43fe-b831-a2b91b39d6b0{ip: null, host: null, networkLocation: /default-rack, certSerialId: null}]
2019-07-14 06:26:32,924 ERROR freon.RandomKeyGenerator (RandomKeyGenerator.java:run(718)) - Exception while adding key: key-0-43972 in bucket: bucket-0-86474 of volume: vol-0-73112.
java.lang.UnsupportedOperationException
	at java.util.AbstractList.add(AbstractList.java:148)
	at java.util.AbstractList.add(AbstractList.java:108)
	at java.util.AbstractCollection.addAll(AbstractCollection.java:344)
	at org.apache.hadoop.hdds.scm.storage.BlockOutputStream.watchForCommit(BlockOutputStream.java:363)
	at org.apache.hadoop.hdds.scm.storage.BlockOutputStream.handleFullBuffer(BlockOutputStream.java:332)
	at org.apache.hadoop.hdds.scm.storage.BlockOutputStream.write(BlockOutputStream.java:259)
	at org.apache.hadoop.ozone.client.io.BlockOutputStreamEntry.write(BlockOutputStreamEntry.java:129)
	at org.apache.hadoop.ozone.client.io.KeyOutputStream.handleWrite(KeyOutputStream.java:211)
	at org.apache.hadoop.ozone.client.io.KeyOutputStream.write(KeyOutputStream.java:193)
	at org.apache.hadoop.ozone.client.io.OzoneOutputStream.write(OzoneOutputStream.java:49)
	at org.apache.hadoop.ozone.freon.RandomKeyGenerator$KeyProcessor.run(RandomKeyGenerator.java:693)
	at java.util.concurrent.Executors$RunnableAdapter.call(Executors.java:511)
	at java.util.concurrent.FutureTask.run(FutureTask.java:266)
	at java.util.concurrent.ThreadPoolExecutor.runWorker(ThreadPoolExecutor.java:1149)
	at java.util.concurrent.ThreadPoolExecutor$Worker.run(ThreadPoolExecutor.java:624)
	at java.lang.Thread.run(Thread.java:748)
 0.00% |█                                                                                                    |  0/1 Time: 0:00:472019-07-14 06:26:33,301 WARN  server.GrpcLogAppender (GrpcLogAppender.java:timeoutAppendRequest(200)) - GrpcLogAppender(f9fecd82-c7ae-483e-b259-6428f2dfb240->90c45227-141f-43fe-b831-a2b91b39d6b0): appendEntries Timeout, request=f9fecd82-c7ae-483e-b259-6428f2dfb240->90c45227-141f-43fe-b831-a2b91b39d6b0#5718-t1, previous=(t:1, i:5708), leaderCommit=5707, initializing? false, entries: <empty>
 0.00% |█                                                                                                    |  0/1 Time: 0:00:48 0.00% |█                                                                                                    |  0/1 Time: 0:00:49 100.00% |█████████████████████████████████████████████████████████████████████████████████████████████████████|  1/1 Time: 0:00:50
]]></system-out>
  </testcase>
  <testcase name="multiThread" classname="org.apache.hadoop.ozone.freon.TestRandomKeyGenerator" time="27.066">
    <error type="java.lang.UnsupportedOperationException">java.lang.UnsupportedOperationException
	at java.util.AbstractList.add(AbstractList.java:148)
	at java.util.AbstractList.add(AbstractList.java:108)
	at java.util.AbstractCollection.addAll(AbstractCollection.java:344)
	at org.apache.hadoop.hdds.scm.storage.BlockOutputStream.watchForCommit(BlockOutputStream.java:363)
	at org.apache.hadoop.hdds.scm.storage.BlockOutputStream.handleFlush(BlockOutputStream.java:487)
	at org.apache.hadoop.hdds.scm.storage.BlockOutputStream.close(BlockOutputStream.java:501)
	at org.apache.hadoop.ozone.client.io.BlockOutputStreamEntry.close(BlockOutputStreamEntry.java:143)
	at org.apache.hadoop.ozone.client.io.KeyOutputStream.handleFlushOrClose(KeyOutputStream.java:434)
	at org.apache.hadoop.ozone.client.io.KeyOutputStream.close(KeyOutputStream.java:472)
	at org.apache.hadoop.ozone.client.io.OzoneOutputStream.close(OzoneOutputStream.java:60)
	at org.apache.hadoop.ozone.freon.RandomKeyGenerator$KeyProcessor.run(RandomKeyGenerator.java:696)
	at java.util.concurrent.Executors$RunnableAdapter.call(Executors.java:511)
	at java.util.concurrent.FutureTask.run(FutureTask.java:266)
	at java.util.concurrent.ThreadPoolExecutor.runWorker(ThreadPoolExecutor.java:1149)
	at java.util.concurrent.ThreadPoolExecutor$Worker.run(ThreadPoolExecutor.java:624)
	at java.lang.Thread.run(Thread.java:748)
</error>
    <system-out><![CDATA[2019-07-14 06:26:36,219 INFO  freon.RandomKeyGenerator (RandomKeyGenerator.java:call(262)) - Number of Threads: 10
2019-07-14 06:26:36,220 INFO  freon.RandomKeyGenerator (RandomKeyGenerator.java:call(267)) - Number of Volumes: 10.
2019-07-14 06:26:36,220 INFO  freon.RandomKeyGenerator (RandomKeyGenerator.java:call(268)) - Number of Buckets per Volume: 1.
2019-07-14 06:26:36,220 INFO  freon.RandomKeyGenerator (RandomKeyGenerator.java:call(269)) - Number of Keys per Bucket: 10.
2019-07-14 06:26:36,220 INFO  freon.RandomKeyGenerator (RandomKeyGenerator.java:call(270)) - Key size: 10240 bytes
2019-07-14 06:26:36,221 INFO  freon.RandomKeyGenerator (RandomKeyGenerator.java:call(271)) - Buffer size: 4096 bytes
2019-07-14 06:26:36,223 INFO  rpc.RpcClient (RpcClient.java:createVolume(287)) - Creating Volume: vol-0-47109, with jenkins1000 as owner.
2019-07-14 06:26:36,223 INFO  rpc.RpcClient (RpcClient.java:createVolume(287)) - Creating Volume: vol-1-32707, with jenkins1000 as owner.
2019-07-14 06:26:36,223 INFO  rpc.RpcClient (RpcClient.java:createVolume(287)) - Creating Volume: vol-2-98879, with jenkins1000 as owner.
2019-07-14 06:26:36,224 INFO  rpc.RpcClient (RpcClient.java:createVolume(287)) - Creating Volume: vol-8-00254, with jenkins1000 as owner.
2019-07-14 06:26:36,223 INFO  rpc.RpcClient (RpcClient.java:createVolume(287)) - Creating Volume: vol-4-73713, with jenkins1000 as owner.
2019-07-14 06:26:36,223 INFO  rpc.RpcClient (RpcClient.java:createVolume(287)) - Creating Volume: vol-3-08009, with jenkins1000 as owner.
2019-07-14 06:26:36,223 INFO  freon.RandomKeyGenerator (RandomKeyGenerator.java:call(299)) - Starting progress bar Thread.
2019-07-14 06:26:36,223 INFO  rpc.RpcClient (RpcClient.java:createVolume(287)) - Creating Volume: vol-5-28967, with jenkins1000 as owner.

2019-07-14 06:26:36,224 INFO  rpc.RpcClient (RpcClient.java:createVolume(287)) - Creating Volume: vol-7-37090, with jenkins1000 as owner.
 0.00% |█                                                                                                    |  0/100 Time: 0:00:002019-07-14 06:26:36,224 INFO  rpc.RpcClient (RpcClient.java:createVolume(287)) - Creating Volume: vol-6-87212, with jenkins1000 as owner.
2019-07-14 06:26:36,224 INFO  rpc.RpcClient (RpcClient.java:createVolume(287)) - Creating Volume: vol-9-53347, with jenkins1000 as owner.
2019-07-14 06:26:36,239 INFO  rpc.RpcClient (RpcClient.java:createBucket(424)) - Creating Bucket: vol-3-08009/bucket-0-85546, with Versioning false and Storage Type set to DISK and Encryption set to false 
2019-07-14 06:26:36,240 INFO  rpc.RpcClient (RpcClient.java:createBucket(424)) - Creating Bucket: vol-6-87212/bucket-0-56541, with Versioning false and Storage Type set to DISK and Encryption set to false 
2019-07-14 06:26:36,239 INFO  rpc.RpcClient (RpcClient.java:createBucket(424)) - Creating Bucket: vol-7-37090/bucket-0-47281, with Versioning false and Storage Type set to DISK and Encryption set to false 
2019-07-14 06:26:36,239 INFO  rpc.RpcClient (RpcClient.java:createBucket(424)) - Creating Bucket: vol-9-53347/bucket-0-31085, with Versioning false and Storage Type set to DISK and Encryption set to false 
2019-07-14 06:26:36,239 INFO  rpc.RpcClient (RpcClient.java:createBucket(424)) - Creating Bucket: vol-5-28967/bucket-0-06869, with Versioning false and Storage Type set to DISK and Encryption set to false 
2019-07-14 06:26:36,240 INFO  rpc.RpcClient (RpcClient.java:createBucket(424)) - Creating Bucket: vol-4-73713/bucket-0-71737, with Versioning false and Storage Type set to DISK and Encryption set to false 
2019-07-14 06:26:36,240 INFO  rpc.RpcClient (RpcClient.java:createBucket(424)) - Creating Bucket: vol-1-32707/bucket-0-13186, with Versioning false and Storage Type set to DISK and Encryption set to false 
2019-07-14 06:26:36,241 INFO  rpc.RpcClient (RpcClient.java:createBucket(424)) - Creating Bucket: vol-8-00254/bucket-0-30858, with Versioning false and Storage Type set to DISK and Encryption set to false 
2019-07-14 06:26:36,241 INFO  rpc.RpcClient (RpcClient.java:createBucket(424)) - Creating Bucket: vol-2-98879/bucket-0-70943, with Versioning false and Storage Type set to DISK and Encryption set to false 
2019-07-14 06:26:36,246 INFO  rpc.RpcClient (RpcClient.java:createBucket(424)) - Creating Bucket: vol-0-47109/bucket-0-87416, with Versioning false and Storage Type set to DISK and Encryption set to false 
2019-07-14 06:26:36,362 WARN  server.GrpcLogAppender (GrpcLogAppender.java:onNextImpl(250)) - org.apache.ratis.grpc.server.GrpcLogAppender$AppendLogResponseHandler@686ef098: Request not found, ignoring reply: f9fecd82-c7ae-483e-b259-6428f2dfb240<-90c45227-141f-43fe-b831-a2b91b39d6b0#5717:OK,SUCCESS,nextIndex:5709,term:1,followerCommit:5707
2019-07-14 06:26:36,362 WARN  server.GrpcLogAppender (GrpcLogAppender.java:onNextImpl(250)) - org.apache.ratis.grpc.server.GrpcLogAppender$AppendLogResponseHandler@686ef098: Request not found, ignoring reply: f9fecd82-c7ae-483e-b259-6428f2dfb240<-90c45227-141f-43fe-b831-a2b91b39d6b0#5718:OK,SUCCESS,nextIndex:5709,term:1,followerCommit:5703
2019-07-14 06:26:36,363 INFO  client.GrpcClientProtocolClient (GrpcClientProtocolClient.java:onNext(255)) - client-D2340BF4DD29->f9fecd82-c7ae-483e-b259-6428f2dfb240: receive RaftClientReply:client-D2340BF4DD29->f9fecd82-c7ae-483e-b259-6428f2dfb240@group-7DE138E597A5, cid=3757, SUCCESS, logIndex=0, commits[f9fecd82-c7ae-483e-b259-6428f2dfb240:c5708, adbfec77-7a0d-4773-aa56-ba0b778d0ab5:c5708, 90c45227-141f-43fe-b831-a2b91b39d6b0:c5707]
2019-07-14 06:26:36,364 INFO  client.GrpcClientProtocolClient (GrpcClientProtocolClient.java:onNext(255)) - client-D2340BF4DD29->f9fecd82-c7ae-483e-b259-6428f2dfb240: receive RaftClientReply:client-D2340BF4DD29->f9fecd82-c7ae-483e-b259-6428f2dfb240@group-7DE138E597A5, cid=3757, SUCCESS, logIndex=0, commits[f9fecd82-c7ae-483e-b259-6428f2dfb240:c5708, adbfec77-7a0d-4773-aa56-ba0b778d0ab5:c5708, 90c45227-141f-43fe-b831-a2b91b39d6b0:c5707]
2019-07-14 06:26:36,364 INFO  client.GrpcClientProtocolClient (GrpcClientProtocolClient.java:onNext(255)) - client-D2340BF4DD29->f9fecd82-c7ae-483e-b259-6428f2dfb240: receive RaftClientReply:client-D2340BF4DD29->f9fecd82-c7ae-483e-b259-6428f2dfb240@group-7DE138E597A5, cid=3757, SUCCESS, logIndex=0, commits[f9fecd82-c7ae-483e-b259-6428f2dfb240:c5708, adbfec77-7a0d-4773-aa56-ba0b778d0ab5:c5708, 90c45227-141f-43fe-b831-a2b91b39d6b0:c5707]
 0.00% |█                                                                                                    |  0/100 Time: 0:00:01 0.00% |█                                                                                                    |  0/100 Time: 0:00:02 0.00% |█                                                                                                    |  0/100 Time: 0:00:032019-07-14 06:26:39,307 WARN  server.GrpcLogAppender (GrpcLogAppender.java:timeoutAppendRequest(200)) - GrpcLogAppender(f9fecd82-c7ae-483e-b259-6428f2dfb240->adbfec77-7a0d-4773-aa56-ba0b778d0ab5): appendEntries Timeout, request=f9fecd82-c7ae-483e-b259-6428f2dfb240->adbfec77-7a0d-4773-aa56-ba0b778d0ab5#5720-t1, previous=(t:1, i:5708), leaderCommit=5708, initializing? false, entries: size=1, first=(t:1, i:5709), STATEMACHINELOGENTRY, client-0F1F6AD676E1, cid=3760
2019-07-14 06:26:39,307 WARN  server.GrpcLogAppender (GrpcLogAppender.java:timeoutAppendRequest(200)) - GrpcLogAppender(f9fecd82-c7ae-483e-b259-6428f2dfb240->90c45227-141f-43fe-b831-a2b91b39d6b0): appendEntries Timeout, request=f9fecd82-c7ae-483e-b259-6428f2dfb240->90c45227-141f-43fe-b831-a2b91b39d6b0#5720-t1, previous=(t:1, i:5708), leaderCommit=5708, initializing? false, entries: size=1, first=(t:1, i:5709), STATEMACHINELOGENTRY, client-0F1F6AD676E1, cid=3760
2019-07-14 06:26:39,783 WARN  server.GrpcLogAppender (GrpcLogAppender.java:onNextImpl(250)) - org.apache.ratis.grpc.server.GrpcLogAppender$AppendLogResponseHandler@686ef098: Request not found, ignoring reply: f9fecd82-c7ae-483e-b259-6428f2dfb240<-90c45227-141f-43fe-b831-a2b91b39d6b0#5720:OK,SUCCESS,nextIndex:5710,term:1,followerCommit:5708
2019-07-14 06:26:39,783 WARN  server.GrpcLogAppender (GrpcLogAppender.java:onNextImpl(250)) - org.apache.ratis.grpc.server.GrpcLogAppender$AppendLogResponseHandler@1a5464fa: Request not found, ignoring reply: f9fecd82-c7ae-483e-b259-6428f2dfb240<-adbfec77-7a0d-4773-aa56-ba0b778d0ab5#5720:OK,SUCCESS,nextIndex:5710,term:1,followerCommit:5708
2019-07-14 06:26:39,794 INFO  client.GrpcClientProtocolClient (GrpcClientProtocolClient.java:onNext(255)) - client-0F1F6AD676E1->f9fecd82-c7ae-483e-b259-6428f2dfb240: receive RaftClientReply:client-0F1F6AD676E1->f9fecd82-c7ae-483e-b259-6428f2dfb240@group-7DE138E597A5, cid=3760, SUCCESS, logIndex=5709, commits[f9fecd82-c7ae-483e-b259-6428f2dfb240:c5709, adbfec77-7a0d-4773-aa56-ba0b778d0ab5:c5708, 90c45227-141f-43fe-b831-a2b91b39d6b0:c5708]
 0.00% |█                                                                                                    |  0/100 Time: 0:00:04 0.00% |█                                                                                                    |  0/100 Time: 0:00:05 0.00% |█                                                                                                    |  0/100 Time: 0:00:06 0.00% |█                                                                                                    |  0/100 Time: 0:00:07 0.00% |█                                                                                                    |  0/100 Time: 0:00:08 0.00% |█                                                                                                    |  0/100 Time: 0:00:092019-07-14 06:26:45,337 INFO  client.GrpcClientProtocolClient (GrpcClientProtocolClient.java:onNext(255)) - client-0F1F6AD676E1->90c45227-141f-43fe-b831-a2b91b39d6b0: receive RaftClientReply:client-0F1F6AD676E1->90c45227-141f-43fe-b831-a2b91b39d6b0@group-7DE138E597A5, cid=3760, FAILED org.apache.ratis.protocol.NotLeaderException: Server 90c45227-141f-43fe-b831-a2b91b39d6b0 is not the leader (f9fecd82-c7ae-483e-b259-6428f2dfb240:192.168.157.205:32944). Request must be sent to leader., logIndex=0, commits[90c45227-141f-43fe-b831-a2b91b39d6b0:c5710, adbfec77-7a0d-4773-aa56-ba0b778d0ab5:c5709, f9fecd82-c7ae-483e-b259-6428f2dfb240:c5710]
2019-07-14 06:26:45,357 INFO  client.GrpcClientProtocolClient (GrpcClientProtocolClient.java:onNext(255)) - client-0F1F6AD676E1->f9fecd82-c7ae-483e-b259-6428f2dfb240: receive RaftClientReply:client-0F1F6AD676E1->f9fecd82-c7ae-483e-b259-6428f2dfb240@group-7DE138E597A5, cid=3760, SUCCESS, logIndex=5709, commits[f9fecd82-c7ae-483e-b259-6428f2dfb240:c5709, adbfec77-7a0d-4773-aa56-ba0b778d0ab5:c5708, 90c45227-141f-43fe-b831-a2b91b39d6b0:c5708]
 0.00% |█                                                                                                    |  0/100 Time: 0:00:10 0.00% |█                                                                                                    |  0/100 Time: 0:00:112019-07-14 06:26:47,748 INFO  client.GrpcClientProtocolClient (GrpcClientProtocolClient.java:onNext(255)) - client-0F1F6AD676E1->f9fecd82-c7ae-483e-b259-6428f2dfb240: receive RaftClientReply:client-0F1F6AD676E1->f9fecd82-c7ae-483e-b259-6428f2dfb240@group-7DE138E597A5, cid=3768, SUCCESS, logIndex=5711, commits[f9fecd82-c7ae-483e-b259-6428f2dfb240:c5712, adbfec77-7a0d-4773-aa56-ba0b778d0ab5:c5710, 90c45227-141f-43fe-b831-a2b91b39d6b0:c5710]
2019-07-14 06:26:47,752 INFO  client.GrpcClientProtocolClient (GrpcClientProtocolClient.java:onNext(255)) - client-0F1F6AD676E1->f9fecd82-c7ae-483e-b259-6428f2dfb240: receive RaftClientReply:client-0F1F6AD676E1->f9fecd82-c7ae-483e-b259-6428f2dfb240@group-7DE138E597A5, cid=3767, SUCCESS, logIndex=5712, commits[f9fecd82-c7ae-483e-b259-6428f2dfb240:c5712, adbfec77-7a0d-4773-aa56-ba0b778d0ab5:c5710, 90c45227-141f-43fe-b831-a2b91b39d6b0:c5710]
2019-07-14 06:26:47,794 INFO  client.GrpcClientProtocolClient (GrpcClientProtocolClient.java:onNext(255)) - client-0F1F6AD676E1->f9fecd82-c7ae-483e-b259-6428f2dfb240: receive RaftClientReply:client-0F1F6AD676E1->f9fecd82-c7ae-483e-b259-6428f2dfb240@group-7DE138E597A5, cid=3766, SUCCESS, logIndex=5713, commits[f9fecd82-c7ae-483e-b259-6428f2dfb240:c5714, adbfec77-7a0d-4773-aa56-ba0b778d0ab5:c5710, 90c45227-141f-43fe-b831-a2b91b39d6b0:c5710]
2019-07-14 06:26:47,796 INFO  client.GrpcClientProtocolClient (GrpcClientProtocolClient.java:onNext(255)) - client-0F1F6AD676E1->f9fecd82-c7ae-483e-b259-6428f2dfb240: receive RaftClientReply:client-0F1F6AD676E1->f9fecd82-c7ae-483e-b259-6428f2dfb240@group-7DE138E597A5, cid=3765, SUCCESS, logIndex=5714, commits[f9fecd82-c7ae-483e-b259-6428f2dfb240:c5728, adbfec77-7a0d-4773-aa56-ba0b778d0ab5:c5710, 90c45227-141f-43fe-b831-a2b91b39d6b0:c5710]
2019-07-14 06:26:47,797 INFO  client.GrpcClientProtocolClient (GrpcClientProtocolClient.java:onNext(255)) - client-0F1F6AD676E1->f9fecd82-c7ae-483e-b259-6428f2dfb240: receive RaftClientReply:client-0F1F6AD676E1->f9fecd82-c7ae-483e-b259-6428f2dfb240@group-7DE138E597A5, cid=3764, SUCCESS, logIndex=5715, commits[f9fecd82-c7ae-483e-b259-6428f2dfb240:c5728, adbfec77-7a0d-4773-aa56-ba0b778d0ab5:c5710, 90c45227-141f-43fe-b831-a2b91b39d6b0:c5710]
2019-07-14 06:26:47,798 INFO  client.GrpcClientProtocolClient (GrpcClientProtocolClient.java:onNext(255)) - client-0F1F6AD676E1->f9fecd82-c7ae-483e-b259-6428f2dfb240: receive RaftClientReply:client-0F1F6AD676E1->f9fecd82-c7ae-483e-b259-6428f2dfb240@group-7DE138E597A5, cid=3763, SUCCESS, logIndex=5716, commits[f9fecd82-c7ae-483e-b259-6428f2dfb240:c5728, adbfec77-7a0d-4773-aa56-ba0b778d0ab5:c5710, 90c45227-141f-43fe-b831-a2b91b39d6b0:c5710]
2019-07-14 06:26:47,799 INFO  client.GrpcClientProtocolClient (GrpcClientProtocolClient.java:onNext(255)) - client-0F1F6AD676E1->f9fecd82-c7ae-483e-b259-6428f2dfb240: receive RaftClientReply:client-0F1F6AD676E1->f9fecd82-c7ae-483e-b259-6428f2dfb240@group-7DE138E597A5, cid=3771, SUCCESS, logIndex=5717, commits[f9fecd82-c7ae-483e-b259-6428f2dfb240:c5729, adbfec77-7a0d-4773-aa56-ba0b778d0ab5:c5710, 90c45227-141f-43fe-b831-a2b91b39d6b0:c5710]
2019-07-14 06:26:47,799 INFO  client.GrpcClientProtocolClient (GrpcClientProtocolClient.java:onNext(255)) - client-0F1F6AD676E1->f9fecd82-c7ae-483e-b259-6428f2dfb240: receive RaftClientReply:client-0F1F6AD676E1->f9fecd82-c7ae-483e-b259-6428f2dfb240@group-7DE138E597A5, cid=3772, SUCCESS, logIndex=5718, commits[f9fecd82-c7ae-483e-b259-6428f2dfb240:c5729, adbfec77-7a0d-4773-aa56-ba0b778d0ab5:c5710, 90c45227-141f-43fe-b831-a2b91b39d6b0:c5710]
2019-07-14 06:26:47,800 INFO  client.GrpcClientProtocolClient (GrpcClientProtocolClient.java:onNext(255)) - client-0F1F6AD676E1->f9fecd82-c7ae-483e-b259-6428f2dfb240: receive RaftClientReply:client-0F1F6AD676E1->f9fecd82-c7ae-483e-b259-6428f2dfb240@group-7DE138E597A5, cid=3773, SUCCESS, logIndex=5719, commits[f9fecd82-c7ae-483e-b259-6428f2dfb240:c5729, adbfec77-7a0d-4773-aa56-ba0b778d0ab5:c5710, 90c45227-141f-43fe-b831-a2b91b39d6b0:c5710]
2019-07-14 06:26:47,800 INFO  client.GrpcClientProtocolClient (GrpcClientProtocolClient.java:onNext(255)) - client-0F1F6AD676E1->f9fecd82-c7ae-483e-b259-6428f2dfb240: receive RaftClientReply:client-0F1F6AD676E1->f9fecd82-c7ae-483e-b259-6428f2dfb240@group-7DE138E597A5, cid=3774, SUCCESS, logIndex=5720, commits[f9fecd82-c7ae-483e-b259-6428f2dfb240:c5729, adbfec77-7a0d-4773-aa56-ba0b778d0ab5:c5710, 90c45227-141f-43fe-b831-a2b91b39d6b0:c5710]
2019-07-14 06:26:47,801 INFO  client.GrpcClientProtocolClient (GrpcClientProtocolClient.java:onNext(255)) - client-0F1F6AD676E1->f9fecd82-c7ae-483e-b259-6428f2dfb240: receive RaftClientReply:client-0F1F6AD676E1->f9fecd82-c7ae-483e-b259-6428f2dfb240@group-7DE138E597A5, cid=3775, SUCCESS, logIndex=5721, commits[f9fecd82-c7ae-483e-b259-6428f2dfb240:c5729, adbfec77-7a0d-4773-aa56-ba0b778d0ab5:c5710, 90c45227-141f-43fe-b831-a2b91b39d6b0:c5710]
2019-07-14 06:26:47,801 INFO  client.GrpcClientProtocolClient (GrpcClientProtocolClient.java:onNext(255)) - client-0F1F6AD676E1->f9fecd82-c7ae-483e-b259-6428f2dfb240: receive RaftClientReply:client-0F1F6AD676E1->f9fecd82-c7ae-483e-b259-6428f2dfb240@group-7DE138E597A5, cid=3762, SUCCESS, logIndex=5722, commits[f9fecd82-c7ae-483e-b259-6428f2dfb240:c5729, adbfec77-7a0d-4773-aa56-ba0b778d0ab5:c5710, 90c45227-141f-43fe-b831-a2b91b39d6b0:c5710]
2019-07-14 06:26:47,820 INFO  client.GrpcClientProtocolClient (GrpcClientProtocolClient.java:onNext(255)) - client-0F1F6AD676E1->f9fecd82-c7ae-483e-b259-6428f2dfb240: receive RaftClientReply:client-0F1F6AD676E1->f9fecd82-c7ae-483e-b259-6428f2dfb240@group-7DE138E597A5, cid=3761, SUCCESS, logIndex=5723, commits[f9fecd82-c7ae-483e-b259-6428f2dfb240:c5729, adbfec77-7a0d-4773-aa56-ba0b778d0ab5:c5710, 90c45227-141f-43fe-b831-a2b91b39d6b0:c5710]
2019-07-14 06:26:47,821 INFO  client.GrpcClientProtocolClient (GrpcClientProtocolClient.java:onNext(255)) - client-0F1F6AD676E1->f9fecd82-c7ae-483e-b259-6428f2dfb240: receive RaftClientReply:client-0F1F6AD676E1->f9fecd82-c7ae-483e-b259-6428f2dfb240@group-7DE138E597A5, cid=3759, SUCCESS, logIndex=5724, commits[f9fecd82-c7ae-483e-b259-6428f2dfb240:c5729, adbfec77-7a0d-4773-aa56-ba0b778d0ab5:c5710, 90c45227-141f-43fe-b831-a2b91b39d6b0:c5710]
2019-07-14 06:26:47,821 INFO  client.GrpcClientProtocolClient (GrpcClientProtocolClient.java:onNext(255)) - client-0F1F6AD676E1->f9fecd82-c7ae-483e-b259-6428f2dfb240: receive RaftClientReply:client-0F1F6AD676E1->f9fecd82-c7ae-483e-b259-6428f2dfb240@group-7DE138E597A5, cid=3776, SUCCESS, logIndex=5725, commits[f9fecd82-c7ae-483e-b259-6428f2dfb240:c5729, adbfec77-7a0d-4773-aa56-ba0b778d0ab5:c5710, 90c45227-141f-43fe-b831-a2b91b39d6b0:c5710]
2019-07-14 06:26:47,822 INFO  client.GrpcClientProtocolClient (GrpcClientProtocolClient.java:onNext(255)) - client-0F1F6AD676E1->f9fecd82-c7ae-483e-b259-6428f2dfb240: receive RaftClientReply:client-0F1F6AD676E1->f9fecd82-c7ae-483e-b259-6428f2dfb240@group-7DE138E597A5, cid=3770, SUCCESS, logIndex=5726, commits[f9fecd82-c7ae-483e-b259-6428f2dfb240:c5729, adbfec77-7a0d-4773-aa56-ba0b778d0ab5:c5710, 90c45227-141f-43fe-b831-a2b91b39d6b0:c5710]
2019-07-14 06:26:47,822 INFO  client.GrpcClientProtocolClient (GrpcClientProtocolClient.java:onNext(255)) - client-0F1F6AD676E1->f9fecd82-c7ae-483e-b259-6428f2dfb240: receive RaftClientReply:client-0F1F6AD676E1->f9fecd82-c7ae-483e-b259-6428f2dfb240@group-7DE138E597A5, cid=3777, SUCCESS, logIndex=5727, commits[f9fecd82-c7ae-483e-b259-6428f2dfb240:c5729, adbfec77-7a0d-4773-aa56-ba0b778d0ab5:c5710, 90c45227-141f-43fe-b831-a2b91b39d6b0:c5710]
2019-07-14 06:26:47,822 INFO  client.GrpcClientProtocolClient (GrpcClientProtocolClient.java:onNext(255)) - client-0F1F6AD676E1->f9fecd82-c7ae-483e-b259-6428f2dfb240: receive RaftClientReply:client-0F1F6AD676E1->f9fecd82-c7ae-483e-b259-6428f2dfb240@group-7DE138E597A5, cid=3778, SUCCESS, logIndex=5728, commits[f9fecd82-c7ae-483e-b259-6428f2dfb240:c5729, adbfec77-7a0d-4773-aa56-ba0b778d0ab5:c5710, 90c45227-141f-43fe-b831-a2b91b39d6b0:c5710]
2019-07-14 06:26:47,824 INFO  client.GrpcClientProtocolClient (GrpcClientProtocolClient.java:onNext(255)) - client-0F1F6AD676E1->f9fecd82-c7ae-483e-b259-6428f2dfb240: receive RaftClientReply:client-0F1F6AD676E1->f9fecd82-c7ae-483e-b259-6428f2dfb240@group-7DE138E597A5, cid=3769, SUCCESS, logIndex=5729, commits[f9fecd82-c7ae-483e-b259-6428f2dfb240:c5729, adbfec77-7a0d-4773-aa56-ba0b778d0ab5:c5710, 90c45227-141f-43fe-b831-a2b91b39d6b0:c5710]
 0.00% |█                                                                                                    |  0/100 Time: 0:00:12 0.00% |█                                                                                                    |  0/100 Time: 0:00:13 0.00% |█                                                                                                    |  0/100 Time: 0:00:142019-07-14 06:26:50,744 WARN  server.GrpcLogAppender (GrpcLogAppender.java:timeoutAppendRequest(200)) - GrpcLogAppender(f9fecd82-c7ae-483e-b259-6428f2dfb240->adbfec77-7a0d-4773-aa56-ba0b778d0ab5): appendEntries Timeout, request=f9fecd82-c7ae-483e-b259-6428f2dfb240->adbfec77-7a0d-4773-aa56-ba0b778d0ab5#5743-t1, previous=(t:1, i:5729), leaderCommit=5712, initializing? false, entries: size=1, first=(t:1, i:5730), METADATAENTRY(c5711)
2019-07-14 06:26:50,744 WARN  server.GrpcLogAppender (GrpcLogAppender.java:timeoutAppendRequest(200)) - GrpcLogAppender(f9fecd82-c7ae-483e-b259-6428f2dfb240->90c45227-141f-43fe-b831-a2b91b39d6b0): appendEntries Timeout, request=f9fecd82-c7ae-483e-b259-6428f2dfb240->90c45227-141f-43fe-b831-a2b91b39d6b0#5743-t1, previous=(t:1, i:5729), leaderCommit=5712, initializing? false, entries: size=1, first=(t:1, i:5730), METADATAENTRY(c5711)
2019-07-14 06:26:50,744 WARN  server.GrpcLogAppender (GrpcLogAppender.java:timeoutAppendRequest(200)) - GrpcLogAppender(f9fecd82-c7ae-483e-b259-6428f2dfb240->adbfec77-7a0d-4773-aa56-ba0b778d0ab5): appendEntries Timeout, request=f9fecd82-c7ae-483e-b259-6428f2dfb240->adbfec77-7a0d-4773-aa56-ba0b778d0ab5#5744-t1, previous=(t:1, i:5730), leaderCommit=5712, initializing? false, entries: size=1, first=(t:1, i:5731), METADATAENTRY(c5712)
2019-07-14 06:26:50,745 WARN  server.GrpcLogAppender (GrpcLogAppender.java:timeoutAppendRequest(200)) - GrpcLogAppender(f9fecd82-c7ae-483e-b259-6428f2dfb240->90c45227-141f-43fe-b831-a2b91b39d6b0): appendEntries Timeout, request=f9fecd82-c7ae-483e-b259-6428f2dfb240->90c45227-141f-43fe-b831-a2b91b39d6b0#5744-t1, previous=(t:1, i:5730), leaderCommit=5712, initializing? false, entries: size=1, first=(t:1, i:5731), METADATAENTRY(c5712)
2019-07-14 06:26:50,784 WARN  server.GrpcLogAppender (GrpcLogAppender.java:timeoutAppendRequest(200)) - GrpcLogAppender(f9fecd82-c7ae-483e-b259-6428f2dfb240->90c45227-141f-43fe-b831-a2b91b39d6b0): appendEntries Timeout, request=f9fecd82-c7ae-483e-b259-6428f2dfb240->90c45227-141f-43fe-b831-a2b91b39d6b0#5745-t1, previous=(t:1, i:5731), leaderCommit=5713, initializing? false, entries: size=1, first=(t:1, i:5732), METADATAENTRY(c5713)
2019-07-14 06:26:50,784 WARN  server.GrpcLogAppender (GrpcLogAppender.java:timeoutAppendRequest(200)) - GrpcLogAppender(f9fecd82-c7ae-483e-b259-6428f2dfb240->adbfec77-7a0d-4773-aa56-ba0b778d0ab5): appendEntries Timeout, request=f9fecd82-c7ae-483e-b259-6428f2dfb240->adbfec77-7a0d-4773-aa56-ba0b778d0ab5#5745-t1, previous=(t:1, i:5731), leaderCommit=5713, initializing? false, entries: size=1, first=(t:1, i:5732), METADATAENTRY(c5713)
2019-07-14 06:26:50,790 WARN  server.GrpcLogAppender (GrpcLogAppender.java:timeoutAppendRequest(200)) - GrpcLogAppender(f9fecd82-c7ae-483e-b259-6428f2dfb240->adbfec77-7a0d-4773-aa56-ba0b778d0ab5): appendEntries Timeout, request=f9fecd82-c7ae-483e-b259-6428f2dfb240->adbfec77-7a0d-4773-aa56-ba0b778d0ab5#5746-t1, previous=(t:1, i:5732), leaderCommit=5714, initializing? false, entries: size=1, first=(t:1, i:5733), METADATAENTRY(c5714)
2019-07-14 06:26:50,790 WARN  server.GrpcLogAppender (GrpcLogAppender.java:timeoutAppendRequest(200)) - GrpcLogAppender(f9fecd82-c7ae-483e-b259-6428f2dfb240->90c45227-141f-43fe-b831-a2b91b39d6b0): appendEntries Timeout, request=f9fecd82-c7ae-483e-b259-6428f2dfb240->90c45227-141f-43fe-b831-a2b91b39d6b0#5746-t1, previous=(t:1, i:5732), leaderCommit=5714, initializing? false, entries: size=1, first=(t:1, i:5733), METADATAENTRY(c5714)
2019-07-14 06:26:50,792 WARN  server.GrpcLogAppender (GrpcLogAppender.java:timeoutAppendRequest(200)) - GrpcLogAppender(f9fecd82-c7ae-483e-b259-6428f2dfb240->adbfec77-7a0d-4773-aa56-ba0b778d0ab5): appendEntries Timeout, request=f9fecd82-c7ae-483e-b259-6428f2dfb240->adbfec77-7a0d-4773-aa56-ba0b778d0ab5#5747-t1, previous=(t:1, i:5733), leaderCommit=5715, initializing? false, entries: size=1, first=(t:1, i:5734), METADATAENTRY(c5715)
2019-07-14 06:26:50,793 WARN  server.GrpcLogAppender (GrpcLogAppender.java:timeoutAppendRequest(200)) - GrpcLogAppender(f9fecd82-c7ae-483e-b259-6428f2dfb240->90c45227-141f-43fe-b831-a2b91b39d6b0): appendEntries Timeout, request=f9fecd82-c7ae-483e-b259-6428f2dfb240->90c45227-141f-43fe-b831-a2b91b39d6b0#5747-t1, previous=(t:1, i:5733), leaderCommit=5724, initializing? false, entries: size=1, first=(t:1, i:5734), METADATAENTRY(c5715)
2019-07-14 06:26:50,793 WARN  server.GrpcLogAppender (GrpcLogAppender.java:timeoutAppendRequest(200)) - GrpcLogAppender(f9fecd82-c7ae-483e-b259-6428f2dfb240->adbfec77-7a0d-4773-aa56-ba0b778d0ab5): appendEntries Timeout, request=f9fecd82-c7ae-483e-b259-6428f2dfb240->adbfec77-7a0d-4773-aa56-ba0b778d0ab5#5748-t1, previous=(t:1, i:5734), leaderCommit=5724, initializing? false, entries: size=1, first=(t:1, i:5735), METADATAENTRY(c5724)
2019-07-14 06:26:50,793 WARN  server.GrpcLogAppender (GrpcLogAppender.java:timeoutAppendRequest(200)) - GrpcLogAppender(f9fecd82-c7ae-483e-b259-6428f2dfb240->90c45227-141f-43fe-b831-a2b91b39d6b0): appendEntries Timeout, request=f9fecd82-c7ae-483e-b259-6428f2dfb240->90c45227-141f-43fe-b831-a2b91b39d6b0#5748-t1, previous=(t:1, i:5734), leaderCommit=5724, initializing? false, entries: size=1, first=(t:1, i:5735), METADATAENTRY(c5724)
2019-07-14 06:26:50,793 WARN  server.GrpcLogAppender (GrpcLogAppender.java:timeoutAppendRequest(200)) - GrpcLogAppender(f9fecd82-c7ae-483e-b259-6428f2dfb240->adbfec77-7a0d-4773-aa56-ba0b778d0ab5): appendEntries Timeout, request=f9fecd82-c7ae-483e-b259-6428f2dfb240->adbfec77-7a0d-4773-aa56-ba0b778d0ab5#5749-t1, previous=(t:1, i:5735), leaderCommit=5725, initializing? false, entries: size=1, first=(t:1, i:5736), METADATAENTRY(c5725)
2019-07-14 06:26:50,793 WARN  server.GrpcLogAppender (GrpcLogAppender.java:timeoutAppendRequest(200)) - GrpcLogAppender(f9fecd82-c7ae-483e-b259-6428f2dfb240->90c45227-141f-43fe-b831-a2b91b39d6b0): appendEntries Timeout, request=f9fecd82-c7ae-483e-b259-6428f2dfb240->90c45227-141f-43fe-b831-a2b91b39d6b0#5749-t1, previous=(t:1, i:5735), leaderCommit=5728, initializing? false, entries: size=1, first=(t:1, i:5736), METADATAENTRY(c5725)
2019-07-14 06:26:50,793 WARN  server.GrpcLogAppender (GrpcLogAppender.java:timeoutAppendRequest(200)) - GrpcLogAppender(f9fecd82-c7ae-483e-b259-6428f2dfb240->adbfec77-7a0d-4773-aa56-ba0b778d0ab5): appendEntries Timeout, request=f9fecd82-c7ae-483e-b259-6428f2dfb240->adbfec77-7a0d-4773-aa56-ba0b778d0ab5#5750-t1, previous=(t:1, i:5736), leaderCommit=5728, initializing? false, entries: size=1, first=(t:1, i:5737), METADATAENTRY(c5728)
2019-07-14 06:26:50,794 WARN  server.GrpcLogAppender (GrpcLogAppender.java:timeoutAppendRequest(200)) - GrpcLogAppender(f9fecd82-c7ae-483e-b259-6428f2dfb240->90c45227-141f-43fe-b831-a2b91b39d6b0): appendEntries Timeout, request=f9fecd82-c7ae-483e-b259-6428f2dfb240->90c45227-141f-43fe-b831-a2b91b39d6b0#5750-t1, previous=(t:1, i:5736), leaderCommit=5728, initializing? false, entries: size=1, first=(t:1, i:5737), METADATAENTRY(c5728)
2019-07-14 06:26:50,796 WARN  server.GrpcLogAppender (GrpcLogAppender.java:timeoutAppendRequest(200)) - GrpcLogAppender(f9fecd82-c7ae-483e-b259-6428f2dfb240->90c45227-141f-43fe-b831-a2b91b39d6b0): appendEntries Timeout, request=f9fecd82-c7ae-483e-b259-6428f2dfb240->90c45227-141f-43fe-b831-a2b91b39d6b0#5751-t1, previous=(t:1, i:5737), leaderCommit=5729, initializing? false, entries: size=1, first=(t:1, i:5738), METADATAENTRY(c5729)
2019-07-14 06:26:50,796 WARN  server.GrpcLogAppender (GrpcLogAppender.java:timeoutAppendRequest(200)) - GrpcLogAppender(f9fecd82-c7ae-483e-b259-6428f2dfb240->adbfec77-7a0d-4773-aa56-ba0b778d0ab5): appendEntries Timeout, request=f9fecd82-c7ae-483e-b259-6428f2dfb240->adbfec77-7a0d-4773-aa56-ba0b778d0ab5#5751-t1, previous=(t:1, i:5737), leaderCommit=5729, initializing? false, entries: size=1, first=(t:1, i:5738), METADATAENTRY(c5729)
 0.00% |█                                                                                                    |  0/100 Time: 0:00:15 0.00% |█                                                                                                    |  0/100 Time: 0:00:162019-07-14 06:26:52,818 WARN  scm.XceiverClientRatis (XceiverClientRatis.java:watchForCommit(262)) - 3 way commit failed on pipeline Pipeline[ Id: d49f8eb2-7177-422f-9f92-7de138e597a5, Nodes: f9fecd82-c7ae-483e-b259-6428f2dfb240{ip: 192.168.157.205, host: trunk-nightly-8c95p-1545537891, networkLocation: /default-rack, certSerialId: null}adbfec77-7a0d-4773-aa56-ba0b778d0ab5{ip: 192.168.157.205, host: trunk-nightly-8c95p-1545537891, networkLocation: /default-rack, certSerialId: null}90c45227-141f-43fe-b831-a2b91b39d6b0{ip: 192.168.157.205, host: trunk-nightly-8c95p-1545537891, networkLocation: /default-rack, certSerialId: null}, Type:RATIS, Factor:THREE, State:OPEN]
java.util.concurrent.TimeoutException
	at java.util.concurrent.CompletableFuture.timedGet(CompletableFuture.java:1771)
	at java.util.concurrent.CompletableFuture.get(CompletableFuture.java:1915)
	at org.apache.hadoop.hdds.scm.XceiverClientRatis.watchForCommit(XceiverClientRatis.java:259)
	at org.apache.hadoop.hdds.scm.storage.CommitWatcher.watchForCommit(CommitWatcher.java:194)
	at org.apache.hadoop.hdds.scm.storage.CommitWatcher.watchOnLastIndex(CommitWatcher.java:157)
	at org.apache.hadoop.hdds.scm.storage.BlockOutputStream.watchForCommit(BlockOutputStream.java:355)
	at org.apache.hadoop.hdds.scm.storage.BlockOutputStream.handleFlush(BlockOutputStream.java:487)
	at org.apache.hadoop.hdds.scm.storage.BlockOutputStream.close(BlockOutputStream.java:501)
	at org.apache.hadoop.ozone.client.io.BlockOutputStreamEntry.close(BlockOutputStreamEntry.java:143)
	at org.apache.hadoop.ozone.client.io.KeyOutputStream.handleFlushOrClose(KeyOutputStream.java:434)
	at org.apache.hadoop.ozone.client.io.KeyOutputStream.close(KeyOutputStream.java:472)
	at org.apache.hadoop.ozone.client.io.OzoneOutputStream.close(OzoneOutputStream.java:60)
	at org.apache.hadoop.ozone.freon.RandomKeyGenerator$KeyProcessor.run(RandomKeyGenerator.java:696)
	at java.util.concurrent.Executors$RunnableAdapter.call(Executors.java:511)
	at java.util.concurrent.FutureTask.run(FutureTask.java:266)
	at java.util.concurrent.ThreadPoolExecutor.runWorker(ThreadPoolExecutor.java:1149)
	at java.util.concurrent.ThreadPoolExecutor$Worker.run(ThreadPoolExecutor.java:624)
	at java.lang.Thread.run(Thread.java:748)
2019-07-14 06:26:52,822 WARN  scm.XceiverClientRatis (XceiverClientRatis.java:watchForCommit(262)) - 3 way commit failed on pipeline Pipeline[ Id: d49f8eb2-7177-422f-9f92-7de138e597a5, Nodes: f9fecd82-c7ae-483e-b259-6428f2dfb240{ip: 192.168.157.205, host: trunk-nightly-8c95p-1545537891, networkLocation: /default-rack, certSerialId: null}adbfec77-7a0d-4773-aa56-ba0b778d0ab5{ip: 192.168.157.205, host: trunk-nightly-8c95p-1545537891, networkLocation: /default-rack, certSerialId: null}90c45227-141f-43fe-b831-a2b91b39d6b0{ip: 192.168.157.205, host: trunk-nightly-8c95p-1545537891, networkLocation: /default-rack, certSerialId: null}, Type:RATIS, Factor:THREE, State:OPEN]
java.util.concurrent.TimeoutException
	at java.util.concurrent.CompletableFuture.timedGet(CompletableFuture.java:1771)
	at java.util.concurrent.CompletableFuture.get(CompletableFuture.java:1915)
	at org.apache.hadoop.hdds.scm.XceiverClientRatis.watchForCommit(XceiverClientRatis.java:259)
	at org.apache.hadoop.hdds.scm.storage.CommitWatcher.watchForCommit(CommitWatcher.java:194)
	at org.apache.hadoop.hdds.scm.storage.CommitWatcher.watchOnLastIndex(CommitWatcher.java:157)
	at org.apache.hadoop.hdds.scm.storage.BlockOutputStream.watchForCommit(BlockOutputStream.java:355)
	at org.apache.hadoop.hdds.scm.storage.BlockOutputStream.handleFlush(BlockOutputStream.java:487)
	at org.apache.hadoop.hdds.scm.storage.BlockOutputStream.close(BlockOutputStream.java:501)
	at org.apache.hadoop.ozone.client.io.BlockOutputStreamEntry.close(BlockOutputStreamEntry.java:143)
	at org.apache.hadoop.ozone.client.io.KeyOutputStream.handleFlushOrClose(KeyOutputStream.java:434)
	at org.apache.hadoop.ozone.client.io.KeyOutputStream.close(KeyOutputStream.java:472)
	at org.apache.hadoop.ozone.client.io.OzoneOutputStream.close(OzoneOutputStream.java:60)
	at org.apache.hadoop.ozone.freon.RandomKeyGenerator$KeyProcessor.run(RandomKeyGenerator.java:696)
	at java.util.concurrent.Executors$RunnableAdapter.call(Executors.java:511)
	at java.util.concurrent.FutureTask.run(FutureTask.java:266)
	at java.util.concurrent.ThreadPoolExecutor.runWorker(ThreadPoolExecutor.java:1149)
	at java.util.concurrent.ThreadPoolExecutor$Worker.run(ThreadPoolExecutor.java:624)
	at java.lang.Thread.run(Thread.java:748)
2019-07-14 06:26:52,821 WARN  scm.XceiverClientRatis (XceiverClientRatis.java:watchForCommit(262)) - 3 way commit failed on pipeline Pipeline[ Id: d49f8eb2-7177-422f-9f92-7de138e597a5, Nodes: f9fecd82-c7ae-483e-b259-6428f2dfb240{ip: 192.168.157.205, host: trunk-nightly-8c95p-1545537891, networkLocation: /default-rack, certSerialId: null}adbfec77-7a0d-4773-aa56-ba0b778d0ab5{ip: 192.168.157.205, host: trunk-nightly-8c95p-1545537891, networkLocation: /default-rack, certSerialId: null}90c45227-141f-43fe-b831-a2b91b39d6b0{ip: 192.168.157.205, host: trunk-nightly-8c95p-1545537891, networkLocation: /default-rack, certSerialId: null}, Type:RATIS, Factor:THREE, State:OPEN]
java.util.concurrent.TimeoutException
	at java.util.concurrent.CompletableFuture.timedGet(CompletableFuture.java:1771)
	at java.util.concurrent.CompletableFuture.get(CompletableFuture.java:1915)
	at org.apache.hadoop.hdds.scm.XceiverClientRatis.watchForCommit(XceiverClientRatis.java:259)
	at org.apache.hadoop.hdds.scm.storage.CommitWatcher.watchForCommit(CommitWatcher.java:194)
	at org.apache.hadoop.hdds.scm.storage.CommitWatcher.watchOnLastIndex(CommitWatcher.java:157)
	at org.apache.hadoop.hdds.scm.storage.BlockOutputStream.watchForCommit(BlockOutputStream.java:355)
	at org.apache.hadoop.hdds.scm.storage.BlockOutputStream.handleFlush(BlockOutputStream.java:487)
	at org.apache.hadoop.hdds.scm.storage.BlockOutputStream.close(BlockOutputStream.java:501)
	at org.apache.hadoop.ozone.client.io.BlockOutputStreamEntry.close(BlockOutputStreamEntry.java:143)
	at org.apache.hadoop.ozone.client.io.KeyOutputStream.handleFlushOrClose(KeyOutputStream.java:434)
	at org.apache.hadoop.ozone.client.io.KeyOutputStream.close(KeyOutputStream.java:472)
	at org.apache.hadoop.ozone.client.io.OzoneOutputStream.close(OzoneOutputStream.java:60)
	at org.apache.hadoop.ozone.freon.RandomKeyGenerator$KeyProcessor.run(RandomKeyGenerator.java:696)
	at java.util.concurrent.Executors$RunnableAdapter.call(Executors.java:511)
	at java.util.concurrent.FutureTask.run(FutureTask.java:266)
	at java.util.concurrent.ThreadPoolExecutor.runWorker(ThreadPoolExecutor.java:1149)
	at java.util.concurrent.ThreadPoolExecutor$Worker.run(ThreadPoolExecutor.java:624)
	at java.lang.Thread.run(Thread.java:748)
2019-07-14 06:26:52,821 WARN  scm.XceiverClientRatis (XceiverClientRatis.java:watchForCommit(262)) - 3 way commit failed on pipeline Pipeline[ Id: d49f8eb2-7177-422f-9f92-7de138e597a5, Nodes: f9fecd82-c7ae-483e-b259-6428f2dfb240{ip: 192.168.157.205, host: trunk-nightly-8c95p-1545537891, networkLocation: /default-rack, certSerialId: null}adbfec77-7a0d-4773-aa56-ba0b778d0ab5{ip: 192.168.157.205, host: trunk-nightly-8c95p-1545537891, networkLocation: /default-rack, certSerialId: null}90c45227-141f-43fe-b831-a2b91b39d6b0{ip: 192.168.157.205, host: trunk-nightly-8c95p-1545537891, networkLocation: /default-rack, certSerialId: null}, Type:RATIS, Factor:THREE, State:OPEN]
java.util.concurrent.TimeoutException
	at java.util.concurrent.CompletableFuture.timedGet(CompletableFuture.java:1771)
	at java.util.concurrent.CompletableFuture.get(CompletableFuture.java:1915)
	at org.apache.hadoop.hdds.scm.XceiverClientRatis.watchForCommit(XceiverClientRatis.java:259)
	at org.apache.hadoop.hdds.scm.storage.CommitWatcher.watchForCommit(CommitWatcher.java:194)
	at org.apache.hadoop.hdds.scm.storage.CommitWatcher.watchOnLastIndex(CommitWatcher.java:157)
	at org.apache.hadoop.hdds.scm.storage.BlockOutputStream.watchForCommit(BlockOutputStream.java:355)
	at org.apache.hadoop.hdds.scm.storage.BlockOutputStream.handleFlush(BlockOutputStream.java:487)
	at org.apache.hadoop.hdds.scm.storage.BlockOutputStream.close(BlockOutputStream.java:501)
	at org.apache.hadoop.ozone.client.io.BlockOutputStreamEntry.close(BlockOutputStreamEntry.java:143)
	at org.apache.hadoop.ozone.client.io.KeyOutputStream.handleFlushOrClose(KeyOutputStream.java:434)
	at org.apache.hadoop.ozone.client.io.KeyOutputStream.close(KeyOutputStream.java:472)
	at org.apache.hadoop.ozone.client.io.OzoneOutputStream.close(OzoneOutputStream.java:60)
	at org.apache.hadoop.ozone.freon.RandomKeyGenerator$KeyProcessor.run(RandomKeyGenerator.java:696)
	at java.util.concurrent.Executors$RunnableAdapter.call(Executors.java:511)
	at java.util.concurrent.FutureTask.run(FutureTask.java:266)
	at java.util.concurrent.ThreadPoolExecutor.runWorker(ThreadPoolExecutor.java:1149)
	at java.util.concurrent.ThreadPoolExecutor$Worker.run(ThreadPoolExecutor.java:624)
	at java.lang.Thread.run(Thread.java:748)
2019-07-14 06:26:52,821 WARN  scm.XceiverClientRatis (XceiverClientRatis.java:watchForCommit(262)) - 3 way commit failed on pipeline Pipeline[ Id: d49f8eb2-7177-422f-9f92-7de138e597a5, Nodes: f9fecd82-c7ae-483e-b259-6428f2dfb240{ip: 192.168.157.205, host: trunk-nightly-8c95p-1545537891, networkLocation: /default-rack, certSerialId: null}adbfec77-7a0d-4773-aa56-ba0b778d0ab5{ip: 192.168.157.205, host: trunk-nightly-8c95p-1545537891, networkLocation: /default-rack, certSerialId: null}90c45227-141f-43fe-b831-a2b91b39d6b0{ip: 192.168.157.205, host: trunk-nightly-8c95p-1545537891, networkLocation: /default-rack, certSerialId: null}, Type:RATIS, Factor:THREE, State:OPEN]
java.util.concurrent.TimeoutException
	at java.util.concurrent.CompletableFuture.timedGet(CompletableFuture.java:1771)
	at java.util.concurrent.CompletableFuture.get(CompletableFuture.java:1915)
	at org.apache.hadoop.hdds.scm.XceiverClientRatis.watchForCommit(XceiverClientRatis.java:259)
	at org.apache.hadoop.hdds.scm.storage.CommitWatcher.watchForCommit(CommitWatcher.java:194)
	at org.apache.hadoop.hdds.scm.storage.CommitWatcher.watchOnLastIndex(CommitWatcher.java:157)
	at org.apache.hadoop.hdds.scm.storage.BlockOutputStream.watchForCommit(BlockOutputStream.java:355)
	at org.apache.hadoop.hdds.scm.storage.BlockOutputStream.handleFlush(BlockOutputStream.java:487)
	at org.apache.hadoop.hdds.scm.storage.BlockOutputStream.close(BlockOutputStream.java:501)
	at org.apache.hadoop.ozone.client.io.BlockOutputStreamEntry.close(BlockOutputStreamEntry.java:143)
	at org.apache.hadoop.ozone.client.io.KeyOutputStream.handleFlushOrClose(KeyOutputStream.java:434)
	at org.apache.hadoop.ozone.client.io.KeyOutputStream.close(KeyOutputStream.java:472)
	at org.apache.hadoop.ozone.client.io.OzoneOutputStream.close(OzoneOutputStream.java:60)
	at org.apache.hadoop.ozone.freon.RandomKeyGenerator$KeyProcessor.run(RandomKeyGenerator.java:696)
	at java.util.concurrent.Executors$RunnableAdapter.call(Executors.java:511)
	at java.util.concurrent.FutureTask.run(FutureTask.java:266)
	at java.util.concurrent.ThreadPoolExecutor.runWorker(ThreadPoolExecutor.java:1149)
	at java.util.concurrent.ThreadPoolExecutor$Worker.run(ThreadPoolExecutor.java:624)
	at java.lang.Thread.run(Thread.java:748)
2019-07-14 06:26:52,818 WARN  scm.XceiverClientRatis (XceiverClientRatis.java:watchForCommit(262)) - 3 way commit failed on pipeline Pipeline[ Id: d49f8eb2-7177-422f-9f92-7de138e597a5, Nodes: f9fecd82-c7ae-483e-b259-6428f2dfb240{ip: 192.168.157.205, host: trunk-nightly-8c95p-1545537891, networkLocation: /default-rack, certSerialId: null}adbfec77-7a0d-4773-aa56-ba0b778d0ab5{ip: 192.168.157.205, host: trunk-nightly-8c95p-1545537891, networkLocation: /default-rack, certSerialId: null}90c45227-141f-43fe-b831-a2b91b39d6b0{ip: 192.168.157.205, host: trunk-nightly-8c95p-1545537891, networkLocation: /default-rack, certSerialId: null}, Type:RATIS, Factor:THREE, State:OPEN]
java.util.concurrent.TimeoutException
	at java.util.concurrent.CompletableFuture.timedGet(CompletableFuture.java:1771)
	at java.util.concurrent.CompletableFuture.get(CompletableFuture.java:1915)
	at org.apache.hadoop.hdds.scm.XceiverClientRatis.watchForCommit(XceiverClientRatis.java:259)
	at org.apache.hadoop.hdds.scm.storage.CommitWatcher.watchForCommit(CommitWatcher.java:194)
	at org.apache.hadoop.hdds.scm.storage.CommitWatcher.watchOnLastIndex(CommitWatcher.java:157)
	at org.apache.hadoop.hdds.scm.storage.BlockOutputStream.watchForCommit(BlockOutputStream.java:355)
	at org.apache.hadoop.hdds.scm.storage.BlockOutputStream.handleFlush(BlockOutputStream.java:487)
	at org.apache.hadoop.hdds.scm.storage.BlockOutputStream.close(BlockOutputStream.java:501)
	at org.apache.hadoop.ozone.client.io.BlockOutputStreamEntry.close(BlockOutputStreamEntry.java:143)
	at org.apache.hadoop.ozone.client.io.KeyOutputStream.handleFlushOrClose(KeyOutputStream.java:434)
	at org.apache.hadoop.ozone.client.io.KeyOutputStream.close(KeyOutputStream.java:472)
	at org.apache.hadoop.ozone.client.io.OzoneOutputStream.close(OzoneOutputStream.java:60)
	at org.apache.hadoop.ozone.freon.RandomKeyGenerator$KeyProcessor.run(RandomKeyGenerator.java:696)
	at java.util.concurrent.Executors$RunnableAdapter.call(Executors.java:511)
	at java.util.concurrent.FutureTask.run(FutureTask.java:266)
	at java.util.concurrent.ThreadPoolExecutor.runWorker(ThreadPoolExecutor.java:1149)
	at java.util.concurrent.ThreadPoolExecutor$Worker.run(ThreadPoolExecutor.java:624)
	at java.lang.Thread.run(Thread.java:748)
2019-07-14 06:26:52,825 WARN  scm.XceiverClientRatis (XceiverClientRatis.java:watchForCommit(262)) - 3 way commit failed on pipeline Pipeline[ Id: d49f8eb2-7177-422f-9f92-7de138e597a5, Nodes: f9fecd82-c7ae-483e-b259-6428f2dfb240{ip: 192.168.157.205, host: trunk-nightly-8c95p-1545537891, networkLocation: /default-rack, certSerialId: null}adbfec77-7a0d-4773-aa56-ba0b778d0ab5{ip: 192.168.157.205, host: trunk-nightly-8c95p-1545537891, networkLocation: /default-rack, certSerialId: null}90c45227-141f-43fe-b831-a2b91b39d6b0{ip: 192.168.157.205, host: trunk-nightly-8c95p-1545537891, networkLocation: /default-rack, certSerialId: null}, Type:RATIS, Factor:THREE, State:OPEN]
java.util.concurrent.TimeoutException
	at java.util.concurrent.CompletableFuture.timedGet(CompletableFuture.java:1771)
	at java.util.concurrent.CompletableFuture.get(CompletableFuture.java:1915)
	at org.apache.hadoop.hdds.scm.XceiverClientRatis.watchForCommit(XceiverClientRatis.java:259)
	at org.apache.hadoop.hdds.scm.storage.CommitWatcher.watchForCommit(CommitWatcher.java:194)
	at org.apache.hadoop.hdds.scm.storage.CommitWatcher.watchOnLastIndex(CommitWatcher.java:157)
	at org.apache.hadoop.hdds.scm.storage.BlockOutputStream.watchForCommit(BlockOutputStream.java:355)
	at org.apache.hadoop.hdds.scm.storage.BlockOutputStream.handleFlush(BlockOutputStream.java:487)
	at org.apache.hadoop.hdds.scm.storage.BlockOutputStream.close(BlockOutputStream.java:501)
	at org.apache.hadoop.ozone.client.io.BlockOutputStreamEntry.close(BlockOutputStreamEntry.java:143)
	at org.apache.hadoop.ozone.client.io.KeyOutputStream.handleFlushOrClose(KeyOutputStream.java:434)
	at org.apache.hadoop.ozone.client.io.KeyOutputStream.close(KeyOutputStream.java:472)
	at org.apache.hadoop.ozone.client.io.OzoneOutputStream.close(OzoneOutputStream.java:60)
	at org.apache.hadoop.ozone.freon.RandomKeyGenerator$KeyProcessor.run(RandomKeyGenerator.java:696)
	at java.util.concurrent.Executors$RunnableAdapter.call(Executors.java:511)
	at java.util.concurrent.FutureTask.run(FutureTask.java:266)
	at java.util.concurrent.ThreadPoolExecutor.runWorker(ThreadPoolExecutor.java:1149)
	at java.util.concurrent.ThreadPoolExecutor$Worker.run(ThreadPoolExecutor.java:624)
	at java.lang.Thread.run(Thread.java:748)
2019-07-14 06:26:52,825 WARN  scm.XceiverClientRatis (XceiverClientRatis.java:watchForCommit(262)) - 3 way commit failed on pipeline Pipeline[ Id: d49f8eb2-7177-422f-9f92-7de138e597a5, Nodes: f9fecd82-c7ae-483e-b259-6428f2dfb240{ip: 192.168.157.205, host: trunk-nightly-8c95p-1545537891, networkLocation: /default-rack, certSerialId: null}adbfec77-7a0d-4773-aa56-ba0b778d0ab5{ip: 192.168.157.205, host: trunk-nightly-8c95p-1545537891, networkLocation: /default-rack, certSerialId: null}90c45227-141f-43fe-b831-a2b91b39d6b0{ip: 192.168.157.205, host: trunk-nightly-8c95p-1545537891, networkLocation: /default-rack, certSerialId: null}, Type:RATIS, Factor:THREE, State:OPEN]
java.util.concurrent.TimeoutException
	at java.util.concurrent.CompletableFuture.timedGet(CompletableFuture.java:1771)
	at java.util.concurrent.CompletableFuture.get(CompletableFuture.java:1915)
	at org.apache.hadoop.hdds.scm.XceiverClientRatis.watchForCommit(XceiverClientRatis.java:259)
	at org.apache.hadoop.hdds.scm.storage.CommitWatcher.watchForCommit(CommitWatcher.java:194)
	at org.apache.hadoop.hdds.scm.storage.CommitWatcher.watchOnLastIndex(CommitWatcher.java:157)
	at org.apache.hadoop.hdds.scm.storage.BlockOutputStream.watchForCommit(BlockOutputStream.java:355)
	at org.apache.hadoop.hdds.scm.storage.BlockOutputStream.handleFlush(BlockOutputStream.java:487)
	at org.apache.hadoop.hdds.scm.storage.BlockOutputStream.close(BlockOutputStream.java:501)
	at org.apache.hadoop.ozone.client.io.BlockOutputStreamEntry.close(BlockOutputStreamEntry.java:143)
	at org.apache.hadoop.ozone.client.io.KeyOutputStream.handleFlushOrClose(KeyOutputStream.java:434)
	at org.apache.hadoop.ozone.client.io.KeyOutputStream.close(KeyOutputStream.java:472)
	at org.apache.hadoop.ozone.client.io.OzoneOutputStream.close(OzoneOutputStream.java:60)
	at org.apache.hadoop.ozone.freon.RandomKeyGenerator$KeyProcessor.run(RandomKeyGenerator.java:696)
	at java.util.concurrent.Executors$RunnableAdapter.call(Executors.java:511)
	at java.util.concurrent.FutureTask.run(FutureTask.java:266)
	at java.util.concurrent.ThreadPoolExecutor.runWorker(ThreadPoolExecutor.java:1149)
	at java.util.concurrent.ThreadPoolExecutor$Worker.run(ThreadPoolExecutor.java:624)
	at java.lang.Thread.run(Thread.java:748)
2019-07-14 06:26:52,823 WARN  scm.XceiverClientRatis (XceiverClientRatis.java:watchForCommit(262)) - 3 way commit failed on pipeline Pipeline[ Id: d49f8eb2-7177-422f-9f92-7de138e597a5, Nodes: f9fecd82-c7ae-483e-b259-6428f2dfb240{ip: 192.168.157.205, host: trunk-nightly-8c95p-1545537891, networkLocation: /default-rack, certSerialId: null}adbfec77-7a0d-4773-aa56-ba0b778d0ab5{ip: 192.168.157.205, host: trunk-nightly-8c95p-1545537891, networkLocation: /default-rack, certSerialId: null}90c45227-141f-43fe-b831-a2b91b39d6b0{ip: 192.168.157.205, host: trunk-nightly-8c95p-1545537891, networkLocation: /default-rack, certSerialId: null}, Type:RATIS, Factor:THREE, State:OPEN]
java.util.concurrent.TimeoutException
	at java.util.concurrent.CompletableFuture.timedGet(CompletableFuture.java:1771)
	at java.util.concurrent.CompletableFuture.get(CompletableFuture.java:1915)
	at org.apache.hadoop.hdds.scm.XceiverClientRatis.watchForCommit(XceiverClientRatis.java:259)
	at org.apache.hadoop.hdds.scm.storage.CommitWatcher.watchForCommit(CommitWatcher.java:194)
	at org.apache.hadoop.hdds.scm.storage.CommitWatcher.watchOnLastIndex(CommitWatcher.java:157)
	at org.apache.hadoop.hdds.scm.storage.BlockOutputStream.watchForCommit(BlockOutputStream.java:355)
	at org.apache.hadoop.hdds.scm.storage.BlockOutputStream.handleFlush(BlockOutputStream.java:487)
	at org.apache.hadoop.hdds.scm.storage.BlockOutputStream.close(BlockOutputStream.java:501)
	at org.apache.hadoop.ozone.client.io.BlockOutputStreamEntry.close(BlockOutputStreamEntry.java:143)
	at org.apache.hadoop.ozone.client.io.KeyOutputStream.handleFlushOrClose(KeyOutputStream.java:434)
	at org.apache.hadoop.ozone.client.io.KeyOutputStream.close(KeyOutputStream.java:472)
	at org.apache.hadoop.ozone.client.io.OzoneOutputStream.close(OzoneOutputStream.java:60)
	at org.apache.hadoop.ozone.freon.RandomKeyGenerator$KeyProcessor.run(RandomKeyGenerator.java:696)
	at java.util.concurrent.Executors$RunnableAdapter.call(Executors.java:511)
	at java.util.concurrent.FutureTask.run(FutureTask.java:266)
	at java.util.concurrent.ThreadPoolExecutor.runWorker(ThreadPoolExecutor.java:1149)
	at java.util.concurrent.ThreadPoolExecutor$Worker.run(ThreadPoolExecutor.java:624)
	at java.lang.Thread.run(Thread.java:748)
2019-07-14 06:26:52,822 WARN  scm.XceiverClientRatis (XceiverClientRatis.java:watchForCommit(262)) - 3 way commit failed on pipeline Pipeline[ Id: d49f8eb2-7177-422f-9f92-7de138e597a5, Nodes: f9fecd82-c7ae-483e-b259-6428f2dfb240{ip: 192.168.157.205, host: trunk-nightly-8c95p-1545537891, networkLocation: /default-rack, certSerialId: null}adbfec77-7a0d-4773-aa56-ba0b778d0ab5{ip: 192.168.157.205, host: trunk-nightly-8c95p-1545537891, networkLocation: /default-rack, certSerialId: null}90c45227-141f-43fe-b831-a2b91b39d6b0{ip: 192.168.157.205, host: trunk-nightly-8c95p-1545537891, networkLocation: /default-rack, certSerialId: null}, Type:RATIS, Factor:THREE, State:OPEN]
java.util.concurrent.TimeoutException
	at java.util.concurrent.CompletableFuture.timedGet(CompletableFuture.java:1771)
	at java.util.concurrent.CompletableFuture.get(CompletableFuture.java:1915)
	at org.apache.hadoop.hdds.scm.XceiverClientRatis.watchForCommit(XceiverClientRatis.java:259)
	at org.apache.hadoop.hdds.scm.storage.CommitWatcher.watchForCommit(CommitWatcher.java:194)
	at org.apache.hadoop.hdds.scm.storage.CommitWatcher.watchOnLastIndex(CommitWatcher.java:157)
	at org.apache.hadoop.hdds.scm.storage.BlockOutputStream.watchForCommit(BlockOutputStream.java:355)
	at org.apache.hadoop.hdds.scm.storage.BlockOutputStream.handleFlush(BlockOutputStream.java:487)
	at org.apache.hadoop.hdds.scm.storage.BlockOutputStream.close(BlockOutputStream.java:501)
	at org.apache.hadoop.ozone.client.io.BlockOutputStreamEntry.close(BlockOutputStreamEntry.java:143)
	at org.apache.hadoop.ozone.client.io.KeyOutputStream.handleFlushOrClose(KeyOutputStream.java:434)
	at org.apache.hadoop.ozone.client.io.KeyOutputStream.close(KeyOutputStream.java:472)
	at org.apache.hadoop.ozone.client.io.OzoneOutputStream.close(OzoneOutputStream.java:60)
	at org.apache.hadoop.ozone.freon.RandomKeyGenerator$KeyProcessor.run(RandomKeyGenerator.java:696)
	at java.util.concurrent.Executors$RunnableAdapter.call(Executors.java:511)
	at java.util.concurrent.FutureTask.run(FutureTask.java:266)
	at java.util.concurrent.ThreadPoolExecutor.runWorker(ThreadPoolExecutor.java:1149)
	at java.util.concurrent.ThreadPoolExecutor$Worker.run(ThreadPoolExecutor.java:624)
	at java.lang.Thread.run(Thread.java:748)
2019-07-14 06:26:52,944 WARN  server.GrpcLogAppender (GrpcLogAppender.java:onNextImpl(250)) - org.apache.ratis.grpc.server.GrpcLogAppender$AppendLogResponseHandler@686ef098: Request not found, ignoring reply: f9fecd82-c7ae-483e-b259-6428f2dfb240<-90c45227-141f-43fe-b831-a2b91b39d6b0#5743:OK,SUCCESS,nextIndex:5731,term:1,followerCommit:5729
2019-07-14 06:26:52,944 WARN  server.GrpcLogAppender (GrpcLogAppender.java:onNextImpl(250)) - org.apache.ratis.grpc.server.GrpcLogAppender$AppendLogResponseHandler@1a5464fa: Request not found, ignoring reply: f9fecd82-c7ae-483e-b259-6428f2dfb240<-adbfec77-7a0d-4773-aa56-ba0b778d0ab5#5743:OK,SUCCESS,nextIndex:5731,term:1,followerCommit:5729
2019-07-14 06:26:52,949 WARN  server.GrpcLogAppender (GrpcLogAppender.java:onNextImpl(250)) - org.apache.ratis.grpc.server.GrpcLogAppender$AppendLogResponseHandler@686ef098: Request not found, ignoring reply: f9fecd82-c7ae-483e-b259-6428f2dfb240<-90c45227-141f-43fe-b831-a2b91b39d6b0#5744:OK,SUCCESS,nextIndex:5732,term:1,followerCommit:5729
2019-07-14 06:26:52,949 WARN  server.GrpcLogAppender (GrpcLogAppender.java:onNextImpl(250)) - org.apache.ratis.grpc.server.GrpcLogAppender$AppendLogResponseHandler@1a5464fa: Request not found, ignoring reply: f9fecd82-c7ae-483e-b259-6428f2dfb240<-adbfec77-7a0d-4773-aa56-ba0b778d0ab5#5744:OK,SUCCESS,nextIndex:5732,term:1,followerCommit:5729
2019-07-14 06:26:52,950 WARN  server.GrpcLogAppender (GrpcLogAppender.java:onNextImpl(250)) - org.apache.ratis.grpc.server.GrpcLogAppender$AppendLogResponseHandler@686ef098: Request not found, ignoring reply: f9fecd82-c7ae-483e-b259-6428f2dfb240<-90c45227-141f-43fe-b831-a2b91b39d6b0#5745:OK,SUCCESS,nextIndex:5733,term:1,followerCommit:5729
2019-07-14 06:26:52,950 WARN  server.GrpcLogAppender (GrpcLogAppender.java:onNextImpl(250)) - org.apache.ratis.grpc.server.GrpcLogAppender$AppendLogResponseHandler@1a5464fa: Request not found, ignoring reply: f9fecd82-c7ae-483e-b259-6428f2dfb240<-adbfec77-7a0d-4773-aa56-ba0b778d0ab5#5745:OK,SUCCESS,nextIndex:5733,term:1,followerCommit:5729
2019-07-14 06:26:52,950 WARN  server.GrpcLogAppender (GrpcLogAppender.java:onNextImpl(250)) - org.apache.ratis.grpc.server.GrpcLogAppender$AppendLogResponseHandler@686ef098: Request not found, ignoring reply: f9fecd82-c7ae-483e-b259-6428f2dfb240<-90c45227-141f-43fe-b831-a2b91b39d6b0#5746:OK,SUCCESS,nextIndex:5734,term:1,followerCommit:5729
2019-07-14 06:26:53,151 WARN  server.GrpcLogAppender (GrpcLogAppender.java:onNextImpl(250)) - org.apache.ratis.grpc.server.GrpcLogAppender$AppendLogResponseHandler@1a5464fa: Request not found, ignoring reply: f9fecd82-c7ae-483e-b259-6428f2dfb240<-adbfec77-7a0d-4773-aa56-ba0b778d0ab5#5746:OK,SUCCESS,nextIndex:5734,term:1,followerCommit:5729
2019-07-14 06:26:53,151 WARN  server.GrpcLogAppender (GrpcLogAppender.java:onNextImpl(250)) - org.apache.ratis.grpc.server.GrpcLogAppender$AppendLogResponseHandler@1a5464fa: Request not found, ignoring reply: f9fecd82-c7ae-483e-b259-6428f2dfb240<-adbfec77-7a0d-4773-aa56-ba0b778d0ab5#5747:OK,SUCCESS,nextIndex:5735,term:1,followerCommit:5729
2019-07-14 06:26:53,151 WARN  server.GrpcLogAppender (GrpcLogAppender.java:onNextImpl(250)) - org.apache.ratis.grpc.server.GrpcLogAppender$AppendLogResponseHandler@686ef098: Request not found, ignoring reply: f9fecd82-c7ae-483e-b259-6428f2dfb240<-90c45227-141f-43fe-b831-a2b91b39d6b0#5747:OK,SUCCESS,nextIndex:5735,term:1,followerCommit:5729
2019-07-14 06:26:53,152 WARN  server.GrpcLogAppender (GrpcLogAppender.java:onNextImpl(250)) - org.apache.ratis.grpc.server.GrpcLogAppender$AppendLogResponseHandler@1a5464fa: Request not found, ignoring reply: f9fecd82-c7ae-483e-b259-6428f2dfb240<-adbfec77-7a0d-4773-aa56-ba0b778d0ab5#5748:OK,SUCCESS,nextIndex:5736,term:1,followerCommit:5729
2019-07-14 06:26:53,152 WARN  server.GrpcLogAppender (GrpcLogAppender.java:onNextImpl(250)) - org.apache.ratis.grpc.server.GrpcLogAppender$AppendLogResponseHandler@1a5464fa: Request not found, ignoring reply: f9fecd82-c7ae-483e-b259-6428f2dfb240<-adbfec77-7a0d-4773-aa56-ba0b778d0ab5#5749:OK,SUCCESS,nextIndex:5737,term:1,followerCommit:5729
2019-07-14 06:26:53,152 WARN  server.GrpcLogAppender (GrpcLogAppender.java:onNextImpl(250)) - org.apache.ratis.grpc.server.GrpcLogAppender$AppendLogResponseHandler@686ef098: Request not found, ignoring reply: f9fecd82-c7ae-483e-b259-6428f2dfb240<-90c45227-141f-43fe-b831-a2b91b39d6b0#5748:OK,SUCCESS,nextIndex:5736,term:1,followerCommit:5729
2019-07-14 06:26:53,152 WARN  server.GrpcLogAppender (GrpcLogAppender.java:onNextImpl(250)) - org.apache.ratis.grpc.server.GrpcLogAppender$AppendLogResponseHandler@686ef098: Request not found, ignoring reply: f9fecd82-c7ae-483e-b259-6428f2dfb240<-90c45227-141f-43fe-b831-a2b91b39d6b0#5749:OK,SUCCESS,nextIndex:5737,term:1,followerCommit:5729
2019-07-14 06:26:53,153 WARN  server.GrpcLogAppender (GrpcLogAppender.java:onNextImpl(250)) - org.apache.ratis.grpc.server.GrpcLogAppender$AppendLogResponseHandler@1a5464fa: Request not found, ignoring reply: f9fecd82-c7ae-483e-b259-6428f2dfb240<-adbfec77-7a0d-4773-aa56-ba0b778d0ab5#5750:OK,SUCCESS,nextIndex:5738,term:1,followerCommit:5729
2019-07-14 06:26:53,153 WARN  server.GrpcLogAppender (GrpcLogAppender.java:onNextImpl(250)) - org.apache.ratis.grpc.server.GrpcLogAppender$AppendLogResponseHandler@1a5464fa: Request not found, ignoring reply: f9fecd82-c7ae-483e-b259-6428f2dfb240<-adbfec77-7a0d-4773-aa56-ba0b778d0ab5#5751:OK,SUCCESS,nextIndex:5739,term:1,followerCommit:5729
2019-07-14 06:26:53,153 WARN  server.GrpcLogAppender (GrpcLogAppender.java:onNextImpl(250)) - org.apache.ratis.grpc.server.GrpcLogAppender$AppendLogResponseHandler@686ef098: Request not found, ignoring reply: f9fecd82-c7ae-483e-b259-6428f2dfb240<-90c45227-141f-43fe-b831-a2b91b39d6b0#5750:OK,SUCCESS,nextIndex:5738,term:1,followerCommit:5729
2019-07-14 06:26:53,153 WARN  server.GrpcLogAppender (GrpcLogAppender.java:onNextImpl(250)) - org.apache.ratis.grpc.server.GrpcLogAppender$AppendLogResponseHandler@686ef098: Request not found, ignoring reply: f9fecd82-c7ae-483e-b259-6428f2dfb240<-90c45227-141f-43fe-b831-a2b91b39d6b0#5751:OK,SUCCESS,nextIndex:5739,term:1,followerCommit:5729
2019-07-14 06:26:53,155 INFO  client.GrpcClientProtocolClient (GrpcClientProtocolClient.java:onNext(255)) - client-0F1F6AD676E1->f9fecd82-c7ae-483e-b259-6428f2dfb240: receive RaftClientReply:client-0F1F6AD676E1->f9fecd82-c7ae-483e-b259-6428f2dfb240@group-7DE138E597A5, cid=3791, SUCCESS, logIndex=0, commits[f9fecd82-c7ae-483e-b259-6428f2dfb240:c5729, adbfec77-7a0d-4773-aa56-ba0b778d0ab5:c5729, 90c45227-141f-43fe-b831-a2b91b39d6b0:c5710]
2019-07-14 06:26:53,156 INFO  client.GrpcClientProtocolClient (GrpcClientProtocolClient.java:onNext(255)) - client-0F1F6AD676E1->f9fecd82-c7ae-483e-b259-6428f2dfb240: receive RaftClientReply:client-0F1F6AD676E1->f9fecd82-c7ae-483e-b259-6428f2dfb240@group-7DE138E597A5, cid=3793, SUCCESS, logIndex=0, commits[f9fecd82-c7ae-483e-b259-6428f2dfb240:c5729, adbfec77-7a0d-4773-aa56-ba0b778d0ab5:c5729, 90c45227-141f-43fe-b831-a2b91b39d6b0:c5729]
2019-07-14 06:26:53,157 INFO  client.GrpcClientProtocolClient (GrpcClientProtocolClient.java:onNext(255)) - client-0F1F6AD676E1->f9fecd82-c7ae-483e-b259-6428f2dfb240: receive RaftClientReply:client-0F1F6AD676E1->f9fecd82-c7ae-483e-b259-6428f2dfb240@group-7DE138E597A5, cid=3781, SUCCESS, logIndex=0, commits[f9fecd82-c7ae-483e-b259-6428f2dfb240:c5729, adbfec77-7a0d-4773-aa56-ba0b778d0ab5:c5729, 90c45227-141f-43fe-b831-a2b91b39d6b0:c5729]
2019-07-14 06:26:53,157 INFO  scm.XceiverClientRatis (XceiverClientRatis.java:lambda$watchForCommit$7(280)) - Could not commit index 5717 on pipeline Pipeline[ Id: d49f8eb2-7177-422f-9f92-7de138e597a5, Nodes: f9fecd82-c7ae-483e-b259-6428f2dfb240{ip: 192.168.157.205, host: trunk-nightly-8c95p-1545537891, networkLocation: /default-rack, certSerialId: null}adbfec77-7a0d-4773-aa56-ba0b778d0ab5{ip: 192.168.157.205, host: trunk-nightly-8c95p-1545537891, networkLocation: /default-rack, certSerialId: null}90c45227-141f-43fe-b831-a2b91b39d6b0{ip: 192.168.157.205, host: trunk-nightly-8c95p-1545537891, networkLocation: /default-rack, certSerialId: null}, Type:RATIS, Factor:THREE, State:OPEN] to all the nodes. Server 90c45227-141f-43fe-b831-a2b91b39d6b0 has failed. Committed by majority.
2019-07-14 06:26:53,158 INFO  client.GrpcClientProtocolClient (GrpcClientProtocolClient.java:onNext(255)) - client-0F1F6AD676E1->f9fecd82-c7ae-483e-b259-6428f2dfb240: receive RaftClientReply:client-0F1F6AD676E1->f9fecd82-c7ae-483e-b259-6428f2dfb240@group-7DE138E597A5, cid=3779, SUCCESS, logIndex=0, commits[f9fecd82-c7ae-483e-b259-6428f2dfb240:c5729, adbfec77-7a0d-4773-aa56-ba0b778d0ab5:c5729, 90c45227-141f-43fe-b831-a2b91b39d6b0:c5729]
2019-07-14 06:26:53,157 WARN  storage.BlockOutputStream (BlockOutputStream.java:watchForCommit(361)) - Failed to commit BlockId conID: 1 locID: 102438377637282525 bcsId: 5717 on Pipeline[ Id: d49f8eb2-7177-422f-9f92-7de138e597a5, Nodes: f9fecd82-c7ae-483e-b259-6428f2dfb240{ip: 192.168.157.205, host: trunk-nightly-8c95p-1545537891, networkLocation: /default-rack, certSerialId: null}adbfec77-7a0d-4773-aa56-ba0b778d0ab5{ip: 192.168.157.205, host: trunk-nightly-8c95p-1545537891, networkLocation: /default-rack, certSerialId: null}90c45227-141f-43fe-b831-a2b91b39d6b0{ip: 192.168.157.205, host: trunk-nightly-8c95p-1545537891, networkLocation: /default-rack, certSerialId: null}, Type:RATIS, Factor:THREE, State:OPEN]. Failed nodes: [90c45227-141f-43fe-b831-a2b91b39d6b0{ip: null, host: null, networkLocation: /default-rack, certSerialId: null}]
2019-07-14 06:26:53,163 ERROR freon.RandomKeyGenerator (RandomKeyGenerator.java:run(718)) - Exception while adding key: key-0-73735 in bucket: bucket-0-06869 of volume: vol-5-28967.
java.lang.UnsupportedOperationException
	at java.util.AbstractList.add(AbstractList.java:148)
	at java.util.AbstractList.add(AbstractList.java:108)
	at java.util.AbstractCollection.addAll(AbstractCollection.java:344)
	at org.apache.hadoop.hdds.scm.storage.BlockOutputStream.watchForCommit(BlockOutputStream.java:363)
	at org.apache.hadoop.hdds.scm.storage.BlockOutputStream.handleFlush(BlockOutputStream.java:487)
	at org.apache.hadoop.hdds.scm.storage.BlockOutputStream.close(BlockOutputStream.java:501)
	at org.apache.hadoop.ozone.client.io.BlockOutputStreamEntry.close(BlockOutputStreamEntry.java:143)
	at org.apache.hadoop.ozone.client.io.KeyOutputStream.handleFlushOrClose(KeyOutputStream.java:434)
	at org.apache.hadoop.ozone.client.io.KeyOutputStream.close(KeyOutputStream.java:472)
	at org.apache.hadoop.ozone.client.io.OzoneOutputStream.close(OzoneOutputStream.java:60)
	at org.apache.hadoop.ozone.freon.RandomKeyGenerator$KeyProcessor.run(RandomKeyGenerator.java:696)
	at java.util.concurrent.Executors$RunnableAdapter.call(Executors.java:511)
	at java.util.concurrent.FutureTask.run(FutureTask.java:266)
	at java.util.concurrent.ThreadPoolExecutor.runWorker(ThreadPoolExecutor.java:1149)
	at java.util.concurrent.ThreadPoolExecutor$Worker.run(ThreadPoolExecutor.java:624)
	at java.lang.Thread.run(Thread.java:748)
2019-07-14 06:26:53,164 INFO  client.GrpcClientProtocolClient (GrpcClientProtocolClient.java:onNext(255)) - client-0F1F6AD676E1->f9fecd82-c7ae-483e-b259-6428f2dfb240: receive RaftClientReply:client-0F1F6AD676E1->f9fecd82-c7ae-483e-b259-6428f2dfb240@group-7DE138E597A5, cid=3789, SUCCESS, logIndex=0, commits[f9fecd82-c7ae-483e-b259-6428f2dfb240:c5729, adbfec77-7a0d-4773-aa56-ba0b778d0ab5:c5729, 90c45227-141f-43fe-b831-a2b91b39d6b0:c5729]
2019-07-14 06:26:53,170 INFO  client.GrpcClientProtocolClient (GrpcClientProtocolClient.java:onNext(255)) - client-0F1F6AD676E1->f9fecd82-c7ae-483e-b259-6428f2dfb240: receive RaftClientReply:client-0F1F6AD676E1->f9fecd82-c7ae-483e-b259-6428f2dfb240@group-7DE138E597A5, cid=3779, SUCCESS, logIndex=0, commits[f9fecd82-c7ae-483e-b259-6428f2dfb240:c5729, adbfec77-7a0d-4773-aa56-ba0b778d0ab5:c5729, 90c45227-141f-43fe-b831-a2b91b39d6b0:c5729]
2019-07-14 06:26:53,171 INFO  client.GrpcClientProtocolClient (GrpcClientProtocolClient.java:onNext(255)) - client-0F1F6AD676E1->f9fecd82-c7ae-483e-b259-6428f2dfb240: receive RaftClientReply:client-0F1F6AD676E1->f9fecd82-c7ae-483e-b259-6428f2dfb240@group-7DE138E597A5, cid=3792, SUCCESS, logIndex=0, commits[f9fecd82-c7ae-483e-b259-6428f2dfb240:c5729, adbfec77-7a0d-4773-aa56-ba0b778d0ab5:c5729, 90c45227-141f-43fe-b831-a2b91b39d6b0:c5710]
2019-07-14 06:26:53,171 INFO  client.GrpcClientProtocolClient (GrpcClientProtocolClient.java:onNext(255)) - client-0F1F6AD676E1->f9fecd82-c7ae-483e-b259-6428f2dfb240: receive RaftClientReply:client-0F1F6AD676E1->f9fecd82-c7ae-483e-b259-6428f2dfb240@group-7DE138E597A5, cid=3796, SUCCESS, logIndex=0, commits[f9fecd82-c7ae-483e-b259-6428f2dfb240:c5729, adbfec77-7a0d-4773-aa56-ba0b778d0ab5:c5729, 90c45227-141f-43fe-b831-a2b91b39d6b0:c5729]
2019-07-14 06:26:53,174 INFO  scm.XceiverClientRatis (XceiverClientRatis.java:lambda$watchForCommit$7(280)) - Could not commit index 5718 on pipeline Pipeline[ Id: d49f8eb2-7177-422f-9f92-7de138e597a5, Nodes: f9fecd82-c7ae-483e-b259-6428f2dfb240{ip: 192.168.157.205, host: trunk-nightly-8c95p-1545537891, networkLocation: /default-rack, certSerialId: null}adbfec77-7a0d-4773-aa56-ba0b778d0ab5{ip: 192.168.157.205, host: trunk-nightly-8c95p-1545537891, networkLocation: /default-rack, certSerialId: null}90c45227-141f-43fe-b831-a2b91b39d6b0{ip: 192.168.157.205, host: trunk-nightly-8c95p-1545537891, networkLocation: /default-rack, certSerialId: null}, Type:RATIS, Factor:THREE, State:OPEN] to all the nodes. Server 90c45227-141f-43fe-b831-a2b91b39d6b0 has failed. Committed by majority.
2019-07-14 06:26:53,174 INFO  client.GrpcClientProtocolClient (GrpcClientProtocolClient.java:onNext(255)) - client-0F1F6AD676E1->f9fecd82-c7ae-483e-b259-6428f2dfb240: receive RaftClientReply:client-0F1F6AD676E1->f9fecd82-c7ae-483e-b259-6428f2dfb240@group-7DE138E597A5, cid=3797, SUCCESS, logIndex=0, commits[f9fecd82-c7ae-483e-b259-6428f2dfb240:c5729, adbfec77-7a0d-4773-aa56-ba0b778d0ab5:c5729, 90c45227-141f-43fe-b831-a2b91b39d6b0:c5729]
2019-07-14 06:26:53,174 WARN  storage.BlockOutputStream (BlockOutputStream.java:watchForCommit(361)) - Failed to commit BlockId conID: 3 locID: 102438377637282524 bcsId: 5718 on Pipeline[ Id: d49f8eb2-7177-422f-9f92-7de138e597a5, Nodes: f9fecd82-c7ae-483e-b259-6428f2dfb240{ip: 192.168.157.205, host: trunk-nightly-8c95p-1545537891, networkLocation: /default-rack, certSerialId: null}adbfec77-7a0d-4773-aa56-ba0b778d0ab5{ip: 192.168.157.205, host: trunk-nightly-8c95p-1545537891, networkLocation: /default-rack, certSerialId: null}90c45227-141f-43fe-b831-a2b91b39d6b0{ip: 192.168.157.205, host: trunk-nightly-8c95p-1545537891, networkLocation: /default-rack, certSerialId: null}, Type:RATIS, Factor:THREE, State:OPEN]. Failed nodes: [90c45227-141f-43fe-b831-a2b91b39d6b0{ip: null, host: null, networkLocation: /default-rack, certSerialId: null}]
2019-07-14 06:26:53,180 ERROR freon.RandomKeyGenerator (RandomKeyGenerator.java:run(718)) - Exception while adding key: key-0-03475 in bucket: bucket-0-71737 of volume: vol-4-73713.
java.lang.UnsupportedOperationException
	at java.util.AbstractList.add(AbstractList.java:148)
	at java.util.AbstractList.add(AbstractList.java:108)
	at java.util.AbstractCollection.addAll(AbstractCollection.java:344)
	at org.apache.hadoop.hdds.scm.storage.BlockOutputStream.watchForCommit(BlockOutputStream.java:363)
	at org.apache.hadoop.hdds.scm.storage.BlockOutputStream.handleFlush(BlockOutputStream.java:487)
	at org.apache.hadoop.hdds.scm.storage.BlockOutputStream.close(BlockOutputStream.java:501)
	at org.apache.hadoop.ozone.client.io.BlockOutputStreamEntry.close(BlockOutputStreamEntry.java:143)
	at org.apache.hadoop.ozone.client.io.KeyOutputStream.handleFlushOrClose(KeyOutputStream.java:434)
	at org.apache.hadoop.ozone.client.io.KeyOutputStream.close(KeyOutputStream.java:472)
	at org.apache.hadoop.ozone.client.io.OzoneOutputStream.close(OzoneOutputStream.java:60)
	at org.apache.hadoop.ozone.freon.RandomKeyGenerator$KeyProcessor.run(RandomKeyGenerator.java:696)
	at java.util.concurrent.Executors$RunnableAdapter.call(Executors.java:511)
	at java.util.concurrent.FutureTask.run(FutureTask.java:266)
	at java.util.concurrent.ThreadPoolExecutor.runWorker(ThreadPoolExecutor.java:1149)
	at java.util.concurrent.ThreadPoolExecutor$Worker.run(ThreadPoolExecutor.java:624)
	at java.lang.Thread.run(Thread.java:748)
2019-07-14 06:26:53,180 INFO  client.GrpcClientProtocolClient (GrpcClientProtocolClient.java:onNext(255)) - client-0F1F6AD676E1->f9fecd82-c7ae-483e-b259-6428f2dfb240: receive RaftClientReply:client-0F1F6AD676E1->f9fecd82-c7ae-483e-b259-6428f2dfb240@group-7DE138E597A5, cid=3780, SUCCESS, logIndex=0, commits[f9fecd82-c7ae-483e-b259-6428f2dfb240:c5729, adbfec77-7a0d-4773-aa56-ba0b778d0ab5:c5729, 90c45227-141f-43fe-b831-a2b91b39d6b0:c5729]
2019-07-14 06:26:53,183 INFO  client.GrpcClientProtocolClient (GrpcClientProtocolClient.java:onNext(255)) - client-0F1F6AD676E1->f9fecd82-c7ae-483e-b259-6428f2dfb240: receive RaftClientReply:client-0F1F6AD676E1->f9fecd82-c7ae-483e-b259-6428f2dfb240@group-7DE138E597A5, cid=3798, SUCCESS, logIndex=0, commits[f9fecd82-c7ae-483e-b259-6428f2dfb240:c5729, adbfec77-7a0d-4773-aa56-ba0b778d0ab5:c5729, 90c45227-141f-43fe-b831-a2b91b39d6b0:c5729]
2019-07-14 06:26:53,184 INFO  client.GrpcClientProtocolClient (GrpcClientProtocolClient.java:onNext(255)) - client-0F1F6AD676E1->f9fecd82-c7ae-483e-b259-6428f2dfb240: receive RaftClientReply:client-0F1F6AD676E1->f9fecd82-c7ae-483e-b259-6428f2dfb240@group-7DE138E597A5, cid=3780, SUCCESS, logIndex=0, commits[f9fecd82-c7ae-483e-b259-6428f2dfb240:c5729, adbfec77-7a0d-4773-aa56-ba0b778d0ab5:c5729, 90c45227-141f-43fe-b831-a2b91b39d6b0:c5729]
2019-07-14 06:26:53,184 INFO  client.GrpcClientProtocolClient (GrpcClientProtocolClient.java:onNext(255)) - client-0F1F6AD676E1->f9fecd82-c7ae-483e-b259-6428f2dfb240: receive RaftClientReply:client-0F1F6AD676E1->f9fecd82-c7ae-483e-b259-6428f2dfb240@group-7DE138E597A5, cid=3790, SUCCESS, logIndex=0, commits[f9fecd82-c7ae-483e-b259-6428f2dfb240:c5729, adbfec77-7a0d-4773-aa56-ba0b778d0ab5:c5729, 90c45227-141f-43fe-b831-a2b91b39d6b0:c5729]
2019-07-14 06:26:53,185 INFO  client.GrpcClientProtocolClient (GrpcClientProtocolClient.java:onNext(255)) - client-0F1F6AD676E1->f9fecd82-c7ae-483e-b259-6428f2dfb240: receive RaftClientReply:client-0F1F6AD676E1->f9fecd82-c7ae-483e-b259-6428f2dfb240@group-7DE138E597A5, cid=3781, SUCCESS, logIndex=0, commits[f9fecd82-c7ae-483e-b259-6428f2dfb240:c5729, adbfec77-7a0d-4773-aa56-ba0b778d0ab5:c5729, 90c45227-141f-43fe-b831-a2b91b39d6b0:c5729]
2019-07-14 06:26:53,185 INFO  client.GrpcClientProtocolClient (GrpcClientProtocolClient.java:onNext(255)) - client-0F1F6AD676E1->f9fecd82-c7ae-483e-b259-6428f2dfb240: receive RaftClientReply:client-0F1F6AD676E1->f9fecd82-c7ae-483e-b259-6428f2dfb240@group-7DE138E597A5, cid=3794, SUCCESS, logIndex=0, commits[f9fecd82-c7ae-483e-b259-6428f2dfb240:c5729, adbfec77-7a0d-4773-aa56-ba0b778d0ab5:c5729, 90c45227-141f-43fe-b831-a2b91b39d6b0:c5729]
2019-07-14 06:26:53,188 INFO  client.GrpcClientProtocolClient (GrpcClientProtocolClient.java:onNext(255)) - client-0F1F6AD676E1->f9fecd82-c7ae-483e-b259-6428f2dfb240: receive RaftClientReply:client-0F1F6AD676E1->f9fecd82-c7ae-483e-b259-6428f2dfb240@group-7DE138E597A5, cid=3788, SUCCESS, logIndex=0, commits[f9fecd82-c7ae-483e-b259-6428f2dfb240:c5738, adbfec77-7a0d-4773-aa56-ba0b778d0ab5:c5729, 90c45227-141f-43fe-b831-a2b91b39d6b0:c5729]
2019-07-14 06:26:53,188 INFO  client.GrpcClientProtocolClient (GrpcClientProtocolClient.java:onNext(255)) - client-0F1F6AD676E1->f9fecd82-c7ae-483e-b259-6428f2dfb240: receive RaftClientReply:client-0F1F6AD676E1->f9fecd82-c7ae-483e-b259-6428f2dfb240@group-7DE138E597A5, cid=3788, SUCCESS, logIndex=0, commits[f9fecd82-c7ae-483e-b259-6428f2dfb240:c5738, adbfec77-7a0d-4773-aa56-ba0b778d0ab5:c5729, 90c45227-141f-43fe-b831-a2b91b39d6b0:c5729]
2019-07-14 06:26:53,188 INFO  client.GrpcClientProtocolClient (GrpcClientProtocolClient.java:onNext(255)) - client-0F1F6AD676E1->f9fecd82-c7ae-483e-b259-6428f2dfb240: receive RaftClientReply:client-0F1F6AD676E1->f9fecd82-c7ae-483e-b259-6428f2dfb240@group-7DE138E597A5, cid=3787, SUCCESS, logIndex=0, commits[f9fecd82-c7ae-483e-b259-6428f2dfb240:c5738, adbfec77-7a0d-4773-aa56-ba0b778d0ab5:c5729, 90c45227-141f-43fe-b831-a2b91b39d6b0:c5729]
2019-07-14 06:26:53,190 INFO  client.GrpcClientProtocolClient (GrpcClientProtocolClient.java:onNext(255)) - client-0F1F6AD676E1->f9fecd82-c7ae-483e-b259-6428f2dfb240: receive RaftClientReply:client-0F1F6AD676E1->f9fecd82-c7ae-483e-b259-6428f2dfb240@group-7DE138E597A5, cid=3787, SUCCESS, logIndex=0, commits[f9fecd82-c7ae-483e-b259-6428f2dfb240:c5738, adbfec77-7a0d-4773-aa56-ba0b778d0ab5:c5729, 90c45227-141f-43fe-b831-a2b91b39d6b0:c5729]
2019-07-14 06:26:53,194 INFO  client.GrpcClientProtocolClient (GrpcClientProtocolClient.java:onNext(255)) - client-0F1F6AD676E1->f9fecd82-c7ae-483e-b259-6428f2dfb240: receive RaftClientReply:client-0F1F6AD676E1->f9fecd82-c7ae-483e-b259-6428f2dfb240@group-7DE138E597A5, cid=3786, SUCCESS, logIndex=0, commits[f9fecd82-c7ae-483e-b259-6428f2dfb240:c5738, adbfec77-7a0d-4773-aa56-ba0b778d0ab5:c5729, 90c45227-141f-43fe-b831-a2b91b39d6b0:c5729]
2019-07-14 06:26:53,194 INFO  client.GrpcClientProtocolClient (GrpcClientProtocolClient.java:onNext(255)) - client-0F1F6AD676E1->f9fecd82-c7ae-483e-b259-6428f2dfb240: receive RaftClientReply:client-0F1F6AD676E1->f9fecd82-c7ae-483e-b259-6428f2dfb240@group-7DE138E597A5, cid=3786, SUCCESS, logIndex=0, commits[f9fecd82-c7ae-483e-b259-6428f2dfb240:c5738, adbfec77-7a0d-4773-aa56-ba0b778d0ab5:c5729, 90c45227-141f-43fe-b831-a2b91b39d6b0:c5729]
2019-07-14 06:26:53,194 INFO  client.GrpcClientProtocolClient (GrpcClientProtocolClient.java:onNext(255)) - client-0F1F6AD676E1->f9fecd82-c7ae-483e-b259-6428f2dfb240: receive RaftClientReply:client-0F1F6AD676E1->f9fecd82-c7ae-483e-b259-6428f2dfb240@group-7DE138E597A5, cid=3785, SUCCESS, logIndex=0, commits[f9fecd82-c7ae-483e-b259-6428f2dfb240:c5738, adbfec77-7a0d-4773-aa56-ba0b778d0ab5:c5729, 90c45227-141f-43fe-b831-a2b91b39d6b0:c5729]
2019-07-14 06:26:53,197 INFO  client.GrpcClientProtocolClient (GrpcClientProtocolClient.java:onNext(255)) - client-0F1F6AD676E1->f9fecd82-c7ae-483e-b259-6428f2dfb240: receive RaftClientReply:client-0F1F6AD676E1->f9fecd82-c7ae-483e-b259-6428f2dfb240@group-7DE138E597A5, cid=3785, SUCCESS, logIndex=0, commits[f9fecd82-c7ae-483e-b259-6428f2dfb240:c5738, adbfec77-7a0d-4773-aa56-ba0b778d0ab5:c5729, 90c45227-141f-43fe-b831-a2b91b39d6b0:c5729]
2019-07-14 06:26:53,206 INFO  client.GrpcClientProtocolClient (GrpcClientProtocolClient.java:onNext(255)) - client-0F1F6AD676E1->f9fecd82-c7ae-483e-b259-6428f2dfb240: receive RaftClientReply:client-0F1F6AD676E1->f9fecd82-c7ae-483e-b259-6428f2dfb240@group-7DE138E597A5, cid=3784, SUCCESS, logIndex=0, commits[f9fecd82-c7ae-483e-b259-6428f2dfb240:c5738, adbfec77-7a0d-4773-aa56-ba0b778d0ab5:c5729, 90c45227-141f-43fe-b831-a2b91b39d6b0:c5729]
2019-07-14 06:26:53,206 INFO  client.GrpcClientProtocolClient (GrpcClientProtocolClient.java:onNext(255)) - client-0F1F6AD676E1->f9fecd82-c7ae-483e-b259-6428f2dfb240: receive RaftClientReply:client-0F1F6AD676E1->f9fecd82-c7ae-483e-b259-6428f2dfb240@group-7DE138E597A5, cid=3783, SUCCESS, logIndex=0, commits[f9fecd82-c7ae-483e-b259-6428f2dfb240:c5738, adbfec77-7a0d-4773-aa56-ba0b778d0ab5:c5729, 90c45227-141f-43fe-b831-a2b91b39d6b0:c5729]
2019-07-14 06:26:53,207 INFO  client.GrpcClientProtocolClient (GrpcClientProtocolClient.java:onNext(255)) - client-0F1F6AD676E1->f9fecd82-c7ae-483e-b259-6428f2dfb240: receive RaftClientReply:client-0F1F6AD676E1->f9fecd82-c7ae-483e-b259-6428f2dfb240@group-7DE138E597A5, cid=3784, SUCCESS, logIndex=0, commits[f9fecd82-c7ae-483e-b259-6428f2dfb240:c5738, adbfec77-7a0d-4773-aa56-ba0b778d0ab5:c5729, 90c45227-141f-43fe-b831-a2b91b39d6b0:c5729]
2019-07-14 06:26:53,207 INFO  client.GrpcClientProtocolClient (GrpcClientProtocolClient.java:onNext(255)) - client-0F1F6AD676E1->f9fecd82-c7ae-483e-b259-6428f2dfb240: receive RaftClientReply:client-0F1F6AD676E1->f9fecd82-c7ae-483e-b259-6428f2dfb240@group-7DE138E597A5, cid=3783, SUCCESS, logIndex=0, commits[f9fecd82-c7ae-483e-b259-6428f2dfb240:c5729, adbfec77-7a0d-4773-aa56-ba0b778d0ab5:c5729, 90c45227-141f-43fe-b831-a2b91b39d6b0:c5729]
2019-07-14 06:26:53,209 INFO  client.GrpcClientProtocolClient (GrpcClientProtocolClient.java:onNext(255)) - client-0F1F6AD676E1->f9fecd82-c7ae-483e-b259-6428f2dfb240: receive RaftClientReply:client-0F1F6AD676E1->f9fecd82-c7ae-483e-b259-6428f2dfb240@group-7DE138E597A5, cid=3795, SUCCESS, logIndex=0, commits[f9fecd82-c7ae-483e-b259-6428f2dfb240:c5729, adbfec77-7a0d-4773-aa56-ba0b778d0ab5:c5729, 90c45227-141f-43fe-b831-a2b91b39d6b0:c5729]
2019-07-14 06:26:53,210 INFO  client.GrpcClientProtocolClient (GrpcClientProtocolClient.java:onNext(255)) - client-0F1F6AD676E1->f9fecd82-c7ae-483e-b259-6428f2dfb240: receive RaftClientReply:client-0F1F6AD676E1->f9fecd82-c7ae-483e-b259-6428f2dfb240@group-7DE138E597A5, cid=3782, SUCCESS, logIndex=0, commits[f9fecd82-c7ae-483e-b259-6428f2dfb240:c5729, adbfec77-7a0d-4773-aa56-ba0b778d0ab5:c5729, 90c45227-141f-43fe-b831-a2b91b39d6b0:c5729]
2019-07-14 06:26:53,210 INFO  client.GrpcClientProtocolClient (GrpcClientProtocolClient.java:onNext(255)) - client-0F1F6AD676E1->f9fecd82-c7ae-483e-b259-6428f2dfb240: receive RaftClientReply:client-0F1F6AD676E1->f9fecd82-c7ae-483e-b259-6428f2dfb240@group-7DE138E597A5, cid=3782, SUCCESS, logIndex=0, commits[f9fecd82-c7ae-483e-b259-6428f2dfb240:c5729, adbfec77-7a0d-4773-aa56-ba0b778d0ab5:c5729, 90c45227-141f-43fe-b831-a2b91b39d6b0:c5729]
2019-07-14 06:26:53,223 WARN  client.GrpcClientProtocolService (LogUtils.java:warn(134)) - 16-UnorderedRequestStreamObserver16: onError: org.apache.ratis.thirdparty.io.grpc.StatusRuntimeException: CANCELLED: cancelled before receiving half close
2019-07-14 06:26:53,223 WARN  client.GrpcClientProtocolService (LogUtils.java:warn(134)) - 17-UnorderedRequestStreamObserver17: onError: org.apache.ratis.thirdparty.io.grpc.StatusRuntimeException: CANCELLED: cancelled before receiving half close
2019-07-14 06:26:53,235 WARN  client.GrpcClientProtocolService (LogUtils.java:warn(134)) - 19-UnorderedRequestStreamObserver19: onError: org.apache.ratis.thirdparty.io.grpc.StatusRuntimeException: CANCELLED: cancelled before receiving half close
2019-07-14 06:26:53,235 WARN  client.GrpcClientProtocolService (LogUtils.java:warn(134)) - 20-UnorderedRequestStreamObserver20: onError: org.apache.ratis.thirdparty.io.grpc.StatusRuntimeException: CANCELLED: cancelled before receiving half close
 8.00% |█████████                                                                                            |  8/100 Time: 0:00:17 8.00% |█████████                                                                                            |  8/100 Time: 0:00:18 8.00% |█████████                                                                                            |  8/100 Time: 0:00:19 8.00% |█████████                                                                                            |  8/100 Time: 0:00:202019-07-14 06:26:56,250 WARN  server.GrpcLogAppender (GrpcLogAppender.java:timeoutAppendRequest(200)) - GrpcLogAppender(f9fecd82-c7ae-483e-b259-6428f2dfb240->adbfec77-7a0d-4773-aa56-ba0b778d0ab5): appendEntries Timeout, request=f9fecd82-c7ae-483e-b259-6428f2dfb240->adbfec77-7a0d-4773-aa56-ba0b778d0ab5#5754-t1, previous=(t:1, i:5738), leaderCommit=5738, initializing? false, entries: size=1, first=(t:1, i:5739), STATEMACHINELOGENTRY, client-1D999B5F5160, cid=3800
2019-07-14 06:26:56,250 WARN  server.GrpcLogAppender (GrpcLogAppender.java:timeoutAppendRequest(200)) - GrpcLogAppender(f9fecd82-c7ae-483e-b259-6428f2dfb240->90c45227-141f-43fe-b831-a2b91b39d6b0): appendEntries Timeout, request=f9fecd82-c7ae-483e-b259-6428f2dfb240->90c45227-141f-43fe-b831-a2b91b39d6b0#5754-t1, previous=(t:1, i:5738), leaderCommit=5738, initializing? false, entries: size=1, first=(t:1, i:5739), STATEMACHINELOGENTRY, client-1D999B5F5160, cid=3800
2019-07-14 06:26:56,714 WARN  server.GrpcLogAppender (GrpcLogAppender.java:onNextImpl(250)) - org.apache.ratis.grpc.server.GrpcLogAppender$AppendLogResponseHandler@686ef098: Request not found, ignoring reply: f9fecd82-c7ae-483e-b259-6428f2dfb240<-90c45227-141f-43fe-b831-a2b91b39d6b0#5754:OK,SUCCESS,nextIndex:5740,term:1,followerCommit:5738
2019-07-14 06:26:56,714 WARN  server.GrpcLogAppender (GrpcLogAppender.java:onNextImpl(250)) - org.apache.ratis.grpc.server.GrpcLogAppender$AppendLogResponseHandler@1a5464fa: Request not found, ignoring reply: f9fecd82-c7ae-483e-b259-6428f2dfb240<-adbfec77-7a0d-4773-aa56-ba0b778d0ab5#5754:OK,SUCCESS,nextIndex:5740,term:1,followerCommit:5738
2019-07-14 06:26:56,722 INFO  client.GrpcClientProtocolClient (GrpcClientProtocolClient.java:onNext(255)) - client-1D999B5F5160->f9fecd82-c7ae-483e-b259-6428f2dfb240: receive RaftClientReply:client-1D999B5F5160->f9fecd82-c7ae-483e-b259-6428f2dfb240@group-7DE138E597A5, cid=3800, SUCCESS, logIndex=5739, commits[f9fecd82-c7ae-483e-b259-6428f2dfb240:c5739, adbfec77-7a0d-4773-aa56-ba0b778d0ab5:c5738, 90c45227-141f-43fe-b831-a2b91b39d6b0:c5738]
 8.00% |█████████                                                                                            |  8/100 Time: 0:00:21 8.00% |█████████                                                                                            |  8/100 Time: 0:00:22 8.00% |█████████                                                                                            |  8/100 Time: 0:00:23 8.00% |█████████                                                                                            |  8/100 Time: 0:00:24 8.00% |█████████                                                                                            |  8/100 Time: 0:00:25 8.00% |█████████                                                                                            |  8/100 Time: 0:00:262019-07-14 06:27:02,276 INFO  client.GrpcClientProtocolClient (GrpcClientProtocolClient.java:onNext(255)) - client-1D999B5F5160->90c45227-141f-43fe-b831-a2b91b39d6b0: receive RaftClientReply:client-1D999B5F5160->90c45227-141f-43fe-b831-a2b91b39d6b0@group-7DE138E597A5, cid=3800, FAILED org.apache.ratis.protocol.NotLeaderException: Server 90c45227-141f-43fe-b831-a2b91b39d6b0 is not the leader (f9fecd82-c7ae-483e-b259-6428f2dfb240:192.168.157.205:32944). Request must be sent to leader., logIndex=0, commits[90c45227-141f-43fe-b831-a2b91b39d6b0:c5740, adbfec77-7a0d-4773-aa56-ba0b778d0ab5:c5739, f9fecd82-c7ae-483e-b259-6428f2dfb240:c5740]
2019-07-14 06:27:02,295 INFO  client.GrpcClientProtocolClient (GrpcClientProtocolClient.java:onNext(255)) - client-1D999B5F5160->f9fecd82-c7ae-483e-b259-6428f2dfb240: receive RaftClientReply:client-1D999B5F5160->f9fecd82-c7ae-483e-b259-6428f2dfb240@group-7DE138E597A5, cid=3800, SUCCESS, logIndex=5739, commits[f9fecd82-c7ae-483e-b259-6428f2dfb240:c5739, adbfec77-7a0d-4773-aa56-ba0b778d0ab5:c5738, 90c45227-141f-43fe-b831-a2b91b39d6b0:c5738]
2019-07-14 06:27:02,320 INFO  client.GrpcClientProtocolClient (GrpcClientProtocolClient.java:onNext(255)) - client-1D999B5F5160->f9fecd82-c7ae-483e-b259-6428f2dfb240: receive RaftClientReply:client-1D999B5F5160->f9fecd82-c7ae-483e-b259-6428f2dfb240@group-7DE138E597A5, cid=3808, SUCCESS, logIndex=5741, commits[f9fecd82-c7ae-483e-b259-6428f2dfb240:c5742, adbfec77-7a0d-4773-aa56-ba0b778d0ab5:c5740, 90c45227-141f-43fe-b831-a2b91b39d6b0:c5740]
2019-07-14 06:27:02,323 INFO  client.GrpcClientProtocolClient (GrpcClientProtocolClient.java:onNext(255)) - client-1D999B5F5160->f9fecd82-c7ae-483e-b259-6428f2dfb240: receive RaftClientReply:client-1D999B5F5160->f9fecd82-c7ae-483e-b259-6428f2dfb240@group-7DE138E597A5, cid=3807, SUCCESS, logIndex=5742, commits[f9fecd82-c7ae-483e-b259-6428f2dfb240:c5742, adbfec77-7a0d-4773-aa56-ba0b778d0ab5:c5740, 90c45227-141f-43fe-b831-a2b91b39d6b0:c5740]
2019-07-14 06:27:02,330 INFO  client.GrpcClientProtocolClient (GrpcClientProtocolClient.java:onNext(255)) - client-1D999B5F5160->f9fecd82-c7ae-483e-b259-6428f2dfb240: receive RaftClientReply:client-1D999B5F5160->f9fecd82-c7ae-483e-b259-6428f2dfb240@group-7DE138E597A5, cid=3799, SUCCESS, logIndex=5743, commits[f9fecd82-c7ae-483e-b259-6428f2dfb240:c5744, adbfec77-7a0d-4773-aa56-ba0b778d0ab5:c5740, 90c45227-141f-43fe-b831-a2b91b39d6b0:c5740]
2019-07-14 06:27:02,331 INFO  client.GrpcClientProtocolClient (GrpcClientProtocolClient.java:onNext(255)) - client-1D999B5F5160->f9fecd82-c7ae-483e-b259-6428f2dfb240: receive RaftClientReply:client-1D999B5F5160->f9fecd82-c7ae-483e-b259-6428f2dfb240@group-7DE138E597A5, cid=3806, SUCCESS, logIndex=5744, commits[f9fecd82-c7ae-483e-b259-6428f2dfb240:c5745, adbfec77-7a0d-4773-aa56-ba0b778d0ab5:c5740, 90c45227-141f-43fe-b831-a2b91b39d6b0:c5740]
2019-07-14 06:27:02,335 INFO  client.GrpcClientProtocolClient (GrpcClientProtocolClient.java:onNext(255)) - client-1D999B5F5160->f9fecd82-c7ae-483e-b259-6428f2dfb240: receive RaftClientReply:client-1D999B5F5160->f9fecd82-c7ae-483e-b259-6428f2dfb240@group-7DE138E597A5, cid=3809, SUCCESS, logIndex=5745, commits[f9fecd82-c7ae-483e-b259-6428f2dfb240:c5745, adbfec77-7a0d-4773-aa56-ba0b778d0ab5:c5740, 90c45227-141f-43fe-b831-a2b91b39d6b0:c5740]
2019-07-14 06:27:02,336 INFO  client.GrpcClientProtocolClient (GrpcClientProtocolClient.java:onNext(255)) - client-1D999B5F5160->f9fecd82-c7ae-483e-b259-6428f2dfb240: receive RaftClientReply:client-1D999B5F5160->f9fecd82-c7ae-483e-b259-6428f2dfb240@group-7DE138E597A5, cid=3810, SUCCESS, logIndex=5746, commits[f9fecd82-c7ae-483e-b259-6428f2dfb240:c5756, adbfec77-7a0d-4773-aa56-ba0b778d0ab5:c5740, 90c45227-141f-43fe-b831-a2b91b39d6b0:c5740]
2019-07-14 06:27:02,336 INFO  client.GrpcClientProtocolClient (GrpcClientProtocolClient.java:onNext(255)) - client-1D999B5F5160->f9fecd82-c7ae-483e-b259-6428f2dfb240: receive RaftClientReply:client-1D999B5F5160->f9fecd82-c7ae-483e-b259-6428f2dfb240@group-7DE138E597A5, cid=3811, SUCCESS, logIndex=5747, commits[f9fecd82-c7ae-483e-b259-6428f2dfb240:c5756, adbfec77-7a0d-4773-aa56-ba0b778d0ab5:c5740, 90c45227-141f-43fe-b831-a2b91b39d6b0:c5740]
2019-07-14 06:27:02,337 INFO  client.GrpcClientProtocolClient (GrpcClientProtocolClient.java:onNext(255)) - client-1D999B5F5160->f9fecd82-c7ae-483e-b259-6428f2dfb240: receive RaftClientReply:client-1D999B5F5160->f9fecd82-c7ae-483e-b259-6428f2dfb240@group-7DE138E597A5, cid=3805, SUCCESS, logIndex=5748, commits[f9fecd82-c7ae-483e-b259-6428f2dfb240:c5756, adbfec77-7a0d-4773-aa56-ba0b778d0ab5:c5740, 90c45227-141f-43fe-b831-a2b91b39d6b0:c5740]
2019-07-14 06:27:02,342 INFO  client.GrpcClientProtocolClient (GrpcClientProtocolClient.java:onNext(255)) - client-1D999B5F5160->f9fecd82-c7ae-483e-b259-6428f2dfb240: receive RaftClientReply:client-1D999B5F5160->f9fecd82-c7ae-483e-b259-6428f2dfb240@group-7DE138E597A5, cid=3813, SUCCESS, logIndex=5749, commits[f9fecd82-c7ae-483e-b259-6428f2dfb240:c5756, adbfec77-7a0d-4773-aa56-ba0b778d0ab5:c5740, 90c45227-141f-43fe-b831-a2b91b39d6b0:c5740]
2019-07-14 06:27:02,342 INFO  client.GrpcClientProtocolClient (GrpcClientProtocolClient.java:onNext(255)) - client-1D999B5F5160->f9fecd82-c7ae-483e-b259-6428f2dfb240: receive RaftClientReply:client-1D999B5F5160->f9fecd82-c7ae-483e-b259-6428f2dfb240@group-7DE138E597A5, cid=3804, SUCCESS, logIndex=5750, commits[f9fecd82-c7ae-483e-b259-6428f2dfb240:c5756, adbfec77-7a0d-4773-aa56-ba0b778d0ab5:c5740, 90c45227-141f-43fe-b831-a2b91b39d6b0:c5740]
2019-07-14 06:27:02,343 INFO  client.GrpcClientProtocolClient (GrpcClientProtocolClient.java:onNext(255)) - client-1D999B5F5160->f9fecd82-c7ae-483e-b259-6428f2dfb240: receive RaftClientReply:client-1D999B5F5160->f9fecd82-c7ae-483e-b259-6428f2dfb240@group-7DE138E597A5, cid=3803, SUCCESS, logIndex=5751, commits[f9fecd82-c7ae-483e-b259-6428f2dfb240:c5756, adbfec77-7a0d-4773-aa56-ba0b778d0ab5:c5741, 90c45227-141f-43fe-b831-a2b91b39d6b0:c5740]
2019-07-14 06:27:02,343 INFO  client.GrpcClientProtocolClient (GrpcClientProtocolClient.java:onNext(255)) - client-1D999B5F5160->f9fecd82-c7ae-483e-b259-6428f2dfb240: receive RaftClientReply:client-1D999B5F5160->f9fecd82-c7ae-483e-b259-6428f2dfb240@group-7DE138E597A5, cid=3814, SUCCESS, logIndex=5752, commits[f9fecd82-c7ae-483e-b259-6428f2dfb240:c5756, adbfec77-7a0d-4773-aa56-ba0b778d0ab5:c5742, 90c45227-141f-43fe-b831-a2b91b39d6b0:c5740]
2019-07-14 06:27:02,344 INFO  client.GrpcClientProtocolClient (GrpcClientProtocolClient.java:onNext(255)) - client-1D999B5F5160->f9fecd82-c7ae-483e-b259-6428f2dfb240: receive RaftClientReply:client-1D999B5F5160->f9fecd82-c7ae-483e-b259-6428f2dfb240@group-7DE138E597A5, cid=3801, SUCCESS, logIndex=5753, commits[f9fecd82-c7ae-483e-b259-6428f2dfb240:c5761, adbfec77-7a0d-4773-aa56-ba0b778d0ab5:c5742, 90c45227-141f-43fe-b831-a2b91b39d6b0:c5740]
2019-07-14 06:27:02,345 INFO  client.GrpcClientProtocolClient (GrpcClientProtocolClient.java:onNext(255)) - client-1D999B5F5160->f9fecd82-c7ae-483e-b259-6428f2dfb240: receive RaftClientReply:client-1D999B5F5160->f9fecd82-c7ae-483e-b259-6428f2dfb240@group-7DE138E597A5, cid=3802, SUCCESS, logIndex=5754, commits[f9fecd82-c7ae-483e-b259-6428f2dfb240:c5756, adbfec77-7a0d-4773-aa56-ba0b778d0ab5:c5742, 90c45227-141f-43fe-b831-a2b91b39d6b0:c5740]
2019-07-14 06:27:02,345 INFO  client.GrpcClientProtocolClient (GrpcClientProtocolClient.java:onNext(255)) - client-1D999B5F5160->f9fecd82-c7ae-483e-b259-6428f2dfb240: receive RaftClientReply:client-1D999B5F5160->f9fecd82-c7ae-483e-b259-6428f2dfb240@group-7DE138E597A5, cid=3815, SUCCESS, logIndex=5755, commits[f9fecd82-c7ae-483e-b259-6428f2dfb240:c5761, adbfec77-7a0d-4773-aa56-ba0b778d0ab5:c5742, 90c45227-141f-43fe-b831-a2b91b39d6b0:c5741]
2019-07-14 06:27:02,345 INFO  client.GrpcClientProtocolClient (GrpcClientProtocolClient.java:onNext(255)) - client-1D999B5F5160->f9fecd82-c7ae-483e-b259-6428f2dfb240: receive RaftClientReply:client-1D999B5F5160->f9fecd82-c7ae-483e-b259-6428f2dfb240@group-7DE138E597A5, cid=3816, SUCCESS, logIndex=5756, commits[f9fecd82-c7ae-483e-b259-6428f2dfb240:c5761, adbfec77-7a0d-4773-aa56-ba0b778d0ab5:c5742, 90c45227-141f-43fe-b831-a2b91b39d6b0:c5742]
2019-07-14 06:27:02,346 INFO  client.GrpcClientProtocolClient (GrpcClientProtocolClient.java:onNext(255)) - client-1D999B5F5160->f9fecd82-c7ae-483e-b259-6428f2dfb240: receive RaftClientReply:client-1D999B5F5160->f9fecd82-c7ae-483e-b259-6428f2dfb240@group-7DE138E597A5, cid=3812, SUCCESS, logIndex=5757, commits[f9fecd82-c7ae-483e-b259-6428f2dfb240:c5761, adbfec77-7a0d-4773-aa56-ba0b778d0ab5:c5742, 90c45227-141f-43fe-b831-a2b91b39d6b0:c5740]
2019-07-14 06:27:02,350 INFO  client.GrpcClientProtocolClient (GrpcClientProtocolClient.java:onNext(255)) - client-1D999B5F5160->f9fecd82-c7ae-483e-b259-6428f2dfb240: receive RaftClientReply:client-1D999B5F5160->f9fecd82-c7ae-483e-b259-6428f2dfb240@group-7DE138E597A5, cid=3817, SUCCESS, logIndex=5758, commits[f9fecd82-c7ae-483e-b259-6428f2dfb240:c5761, adbfec77-7a0d-4773-aa56-ba0b778d0ab5:c5742, 90c45227-141f-43fe-b831-a2b91b39d6b0:c5742]
2019-07-14 06:27:02,350 INFO  client.GrpcClientProtocolClient (GrpcClientProtocolClient.java:onNext(255)) - client-1D999B5F5160->f9fecd82-c7ae-483e-b259-6428f2dfb240: receive RaftClientReply:client-1D999B5F5160->f9fecd82-c7ae-483e-b259-6428f2dfb240@group-7DE138E597A5, cid=3818, SUCCESS, logIndex=5759, commits[f9fecd82-c7ae-483e-b259-6428f2dfb240:c5761, adbfec77-7a0d-4773-aa56-ba0b778d0ab5:c5742, 90c45227-141f-43fe-b831-a2b91b39d6b0:c5742]
2019-07-14 06:27:02,352 INFO  client.GrpcClientProtocolClient (GrpcClientProtocolClient.java:onNext(255)) - client-1D999B5F5160->f9fecd82-c7ae-483e-b259-6428f2dfb240: receive RaftClientReply:client-1D999B5F5160->f9fecd82-c7ae-483e-b259-6428f2dfb240@group-7DE138E597A5, cid=3820, SUCCESS, logIndex=0, commits[f9fecd82-c7ae-483e-b259-6428f2dfb240:c5766, adbfec77-7a0d-4773-aa56-ba0b778d0ab5:c5756, 90c45227-141f-43fe-b831-a2b91b39d6b0:c5755]
2019-07-14 06:27:02,353 INFO  client.GrpcClientProtocolClient (GrpcClientProtocolClient.java:onNext(255)) - client-1D999B5F5160->f9fecd82-c7ae-483e-b259-6428f2dfb240: receive RaftClientReply:client-1D999B5F5160->f9fecd82-c7ae-483e-b259-6428f2dfb240@group-7DE138E597A5, cid=3821, SUCCESS, logIndex=0, commits[f9fecd82-c7ae-483e-b259-6428f2dfb240:c5766, adbfec77-7a0d-4773-aa56-ba0b778d0ab5:c5756, 90c45227-141f-43fe-b831-a2b91b39d6b0:c5755]
2019-07-14 06:27:02,353 INFO  client.GrpcClientProtocolClient (GrpcClientProtocolClient.java:onNext(255)) - client-1D999B5F5160->f9fecd82-c7ae-483e-b259-6428f2dfb240: receive RaftClientReply:client-1D999B5F5160->f9fecd82-c7ae-483e-b259-6428f2dfb240@group-7DE138E597A5, cid=3822, SUCCESS, logIndex=0, commits[f9fecd82-c7ae-483e-b259-6428f2dfb240:c5766, adbfec77-7a0d-4773-aa56-ba0b778d0ab5:c5756, 90c45227-141f-43fe-b831-a2b91b39d6b0:c5755]
2019-07-14 06:27:02,353 INFO  client.GrpcClientProtocolClient (GrpcClientProtocolClient.java:onNext(255)) - client-1D999B5F5160->f9fecd82-c7ae-483e-b259-6428f2dfb240: receive RaftClientReply:client-1D999B5F5160->f9fecd82-c7ae-483e-b259-6428f2dfb240@group-7DE138E597A5, cid=3824, SUCCESS, logIndex=0, commits[f9fecd82-c7ae-483e-b259-6428f2dfb240:c5766, adbfec77-7a0d-4773-aa56-ba0b778d0ab5:c5756, 90c45227-141f-43fe-b831-a2b91b39d6b0:c5755]
2019-07-14 06:27:02,354 INFO  client.GrpcClientProtocolClient (GrpcClientProtocolClient.java:onNext(255)) - client-1D999B5F5160->f9fecd82-c7ae-483e-b259-6428f2dfb240: receive RaftClientReply:client-1D999B5F5160->f9fecd82-c7ae-483e-b259-6428f2dfb240@group-7DE138E597A5, cid=3823, SUCCESS, logIndex=0, commits[f9fecd82-c7ae-483e-b259-6428f2dfb240:c5766, adbfec77-7a0d-4773-aa56-ba0b778d0ab5:c5756, 90c45227-141f-43fe-b831-a2b91b39d6b0:c5755]
2019-07-14 06:27:02,354 INFO  client.GrpcClientProtocolClient (GrpcClientProtocolClient.java:onNext(255)) - client-1D999B5F5160->f9fecd82-c7ae-483e-b259-6428f2dfb240: receive RaftClientReply:client-1D999B5F5160->f9fecd82-c7ae-483e-b259-6428f2dfb240@group-7DE138E597A5, cid=3819, SUCCESS, logIndex=0, commits[f9fecd82-c7ae-483e-b259-6428f2dfb240:c5766, adbfec77-7a0d-4773-aa56-ba0b778d0ab5:c5756, 90c45227-141f-43fe-b831-a2b91b39d6b0:c5755]
2019-07-14 06:27:02,355 INFO  client.GrpcClientProtocolClient (GrpcClientProtocolClient.java:onNext(255)) - client-1D999B5F5160->f9fecd82-c7ae-483e-b259-6428f2dfb240: receive RaftClientReply:client-1D999B5F5160->f9fecd82-c7ae-483e-b259-6428f2dfb240@group-7DE138E597A5, cid=3825, SUCCESS, logIndex=0, commits[f9fecd82-c7ae-483e-b259-6428f2dfb240:c5766, adbfec77-7a0d-4773-aa56-ba0b778d0ab5:c5756, 90c45227-141f-43fe-b831-a2b91b39d6b0:c5756]
2019-07-14 06:27:02,376 INFO  client.GrpcClientProtocolClient (GrpcClientProtocolClient.java:onNext(255)) - client-1D999B5F5160->f9fecd82-c7ae-483e-b259-6428f2dfb240: receive RaftClientReply:client-1D999B5F5160->f9fecd82-c7ae-483e-b259-6428f2dfb240@group-7DE138E597A5, cid=3829, SUCCESS, logIndex=5767, commits[f9fecd82-c7ae-483e-b259-6428f2dfb240:c5768, adbfec77-7a0d-4773-aa56-ba0b778d0ab5:c5766, 90c45227-141f-43fe-b831-a2b91b39d6b0:c5766]
2019-07-14 06:27:02,377 INFO  client.GrpcClientProtocolClient (GrpcClientProtocolClient.java:onNext(255)) - client-1D999B5F5160->f9fecd82-c7ae-483e-b259-6428f2dfb240: receive RaftClientReply:client-1D999B5F5160->f9fecd82-c7ae-483e-b259-6428f2dfb240@group-7DE138E597A5, cid=3826, SUCCESS, logIndex=0, commits[f9fecd82-c7ae-483e-b259-6428f2dfb240:c5767, adbfec77-7a0d-4773-aa56-ba0b778d0ab5:c5766, 90c45227-141f-43fe-b831-a2b91b39d6b0:c5766]
2019-07-14 06:27:02,377 INFO  client.GrpcClientProtocolClient (GrpcClientProtocolClient.java:onNext(255)) - client-1D999B5F5160->f9fecd82-c7ae-483e-b259-6428f2dfb240: receive RaftClientReply:client-1D999B5F5160->f9fecd82-c7ae-483e-b259-6428f2dfb240@group-7DE138E597A5, cid=3834, SUCCESS, logIndex=5768, commits[f9fecd82-c7ae-483e-b259-6428f2dfb240:c5768, adbfec77-7a0d-4773-aa56-ba0b778d0ab5:c5766, 90c45227-141f-43fe-b831-a2b91b39d6b0:c5766]
2019-07-14 06:27:02,377 INFO  client.GrpcClientProtocolClient (GrpcClientProtocolClient.java:onNext(255)) - client-1D999B5F5160->f9fecd82-c7ae-483e-b259-6428f2dfb240: receive RaftClientReply:client-1D999B5F5160->f9fecd82-c7ae-483e-b259-6428f2dfb240@group-7DE138E597A5, cid=3835, SUCCESS, logIndex=5769, commits[f9fecd82-c7ae-483e-b259-6428f2dfb240:c5770, adbfec77-7a0d-4773-aa56-ba0b778d0ab5:c5766, 90c45227-141f-43fe-b831-a2b91b39d6b0:c5766]
2019-07-14 06:27:02,379 INFO  client.GrpcClientProtocolClient (GrpcClientProtocolClient.java:onNext(255)) - client-1D999B5F5160->f9fecd82-c7ae-483e-b259-6428f2dfb240: receive RaftClientReply:client-1D999B5F5160->f9fecd82-c7ae-483e-b259-6428f2dfb240@group-7DE138E597A5, cid=3827, SUCCESS, logIndex=0, commits[f9fecd82-c7ae-483e-b259-6428f2dfb240:c5770, adbfec77-7a0d-4773-aa56-ba0b778d0ab5:c5766, 90c45227-141f-43fe-b831-a2b91b39d6b0:c5766]
2019-07-14 06:27:02,379 INFO  client.GrpcClientProtocolClient (GrpcClientProtocolClient.java:onNext(255)) - client-1D999B5F5160->f9fecd82-c7ae-483e-b259-6428f2dfb240: receive RaftClientReply:client-1D999B5F5160->f9fecd82-c7ae-483e-b259-6428f2dfb240@group-7DE138E597A5, cid=3833, SUCCESS, logIndex=5770, commits[f9fecd82-c7ae-483e-b259-6428f2dfb240:c5770, adbfec77-7a0d-4773-aa56-ba0b778d0ab5:c5766, 90c45227-141f-43fe-b831-a2b91b39d6b0:c5766]
2019-07-14 06:27:02,379 INFO  client.GrpcClientProtocolClient (GrpcClientProtocolClient.java:onNext(255)) - client-1D999B5F5160->f9fecd82-c7ae-483e-b259-6428f2dfb240: receive RaftClientReply:client-1D999B5F5160->f9fecd82-c7ae-483e-b259-6428f2dfb240@group-7DE138E597A5, cid=3828, SUCCESS, logIndex=0, commits[f9fecd82-c7ae-483e-b259-6428f2dfb240:c5773, adbfec77-7a0d-4773-aa56-ba0b778d0ab5:c5766, 90c45227-141f-43fe-b831-a2b91b39d6b0:c5766]
2019-07-14 06:27:02,380 INFO  client.GrpcClientProtocolClient (GrpcClientProtocolClient.java:onNext(255)) - client-1D999B5F5160->f9fecd82-c7ae-483e-b259-6428f2dfb240: receive RaftClientReply:client-1D999B5F5160->f9fecd82-c7ae-483e-b259-6428f2dfb240@group-7DE138E597A5, cid=3838, SUCCESS, logIndex=5771, commits[f9fecd82-c7ae-483e-b259-6428f2dfb240:c5773, adbfec77-7a0d-4773-aa56-ba0b778d0ab5:c5766, 90c45227-141f-43fe-b831-a2b91b39d6b0:c5766]
2019-07-14 06:27:02,380 INFO  client.GrpcClientProtocolClient (GrpcClientProtocolClient.java:onNext(255)) - client-1D999B5F5160->f9fecd82-c7ae-483e-b259-6428f2dfb240: receive RaftClientReply:client-1D999B5F5160->f9fecd82-c7ae-483e-b259-6428f2dfb240@group-7DE138E597A5, cid=3832, SUCCESS, logIndex=5772, commits[f9fecd82-c7ae-483e-b259-6428f2dfb240:c5773, adbfec77-7a0d-4773-aa56-ba0b778d0ab5:c5766, 90c45227-141f-43fe-b831-a2b91b39d6b0:c5766]
2019-07-14 06:27:02,381 INFO  client.GrpcClientProtocolClient (GrpcClientProtocolClient.java:onNext(255)) - client-1D999B5F5160->f9fecd82-c7ae-483e-b259-6428f2dfb240: receive RaftClientReply:client-1D999B5F5160->f9fecd82-c7ae-483e-b259-6428f2dfb240@group-7DE138E597A5, cid=3831, SUCCESS, logIndex=5773, commits[f9fecd82-c7ae-483e-b259-6428f2dfb240:c5773, adbfec77-7a0d-4773-aa56-ba0b778d0ab5:c5766, 90c45227-141f-43fe-b831-a2b91b39d6b0:c5766]
2019-07-14 06:27:02,381 INFO  client.GrpcClientProtocolClient (GrpcClientProtocolClient.java:onNext(255)) - client-1D999B5F5160->f9fecd82-c7ae-483e-b259-6428f2dfb240: receive RaftClientReply:client-1D999B5F5160->f9fecd82-c7ae-483e-b259-6428f2dfb240@group-7DE138E597A5, cid=3840, SUCCESS, logIndex=5774, commits[f9fecd82-c7ae-483e-b259-6428f2dfb240:c5774, adbfec77-7a0d-4773-aa56-ba0b778d0ab5:c5766, 90c45227-141f-43fe-b831-a2b91b39d6b0:c5766]
2019-07-14 06:27:02,392 INFO  client.GrpcClientProtocolClient (GrpcClientProtocolClient.java:onNext(255)) - client-1D999B5F5160->f9fecd82-c7ae-483e-b259-6428f2dfb240: receive RaftClientReply:client-1D999B5F5160->f9fecd82-c7ae-483e-b259-6428f2dfb240@group-7DE138E597A5, cid=3830, SUCCESS, logIndex=5775, commits[f9fecd82-c7ae-483e-b259-6428f2dfb240:c5777, adbfec77-7a0d-4773-aa56-ba0b778d0ab5:c5766, 90c45227-141f-43fe-b831-a2b91b39d6b0:c5766]
2019-07-14 06:27:02,392 INFO  client.GrpcClientProtocolClient (GrpcClientProtocolClient.java:onNext(255)) - client-1D999B5F5160->f9fecd82-c7ae-483e-b259-6428f2dfb240: receive RaftClientReply:client-1D999B5F5160->f9fecd82-c7ae-483e-b259-6428f2dfb240@group-7DE138E597A5, cid=3841, SUCCESS, logIndex=5776, commits[f9fecd82-c7ae-483e-b259-6428f2dfb240:c5777, adbfec77-7a0d-4773-aa56-ba0b778d0ab5:c5766, 90c45227-141f-43fe-b831-a2b91b39d6b0:c5766]
2019-07-14 06:27:02,394 INFO  client.GrpcClientProtocolClient (GrpcClientProtocolClient.java:onNext(255)) - client-1D999B5F5160->f9fecd82-c7ae-483e-b259-6428f2dfb240: receive RaftClientReply:client-1D999B5F5160->f9fecd82-c7ae-483e-b259-6428f2dfb240@group-7DE138E597A5, cid=3842, SUCCESS, logIndex=5777, commits[f9fecd82-c7ae-483e-b259-6428f2dfb240:c5778, adbfec77-7a0d-4773-aa56-ba0b778d0ab5:c5766, 90c45227-141f-43fe-b831-a2b91b39d6b0:c5766]
2019-07-14 06:27:02,394 INFO  client.GrpcClientProtocolClient (GrpcClientProtocolClient.java:onNext(255)) - client-1D999B5F5160->f9fecd82-c7ae-483e-b259-6428f2dfb240: receive RaftClientReply:client-1D999B5F5160->f9fecd82-c7ae-483e-b259-6428f2dfb240@group-7DE138E597A5, cid=3839, SUCCESS, logIndex=5778, commits[f9fecd82-c7ae-483e-b259-6428f2dfb240:c5778, adbfec77-7a0d-4773-aa56-ba0b778d0ab5:c5766, 90c45227-141f-43fe-b831-a2b91b39d6b0:c5766]
2019-07-14 06:27:02,395 INFO  client.GrpcClientProtocolClient (GrpcClientProtocolClient.java:onNext(255)) - client-1D999B5F5160->f9fecd82-c7ae-483e-b259-6428f2dfb240: receive RaftClientReply:client-1D999B5F5160->f9fecd82-c7ae-483e-b259-6428f2dfb240@group-7DE138E597A5, cid=3837, SUCCESS, logIndex=5779, commits[f9fecd82-c7ae-483e-b259-6428f2dfb240:c5781, adbfec77-7a0d-4773-aa56-ba0b778d0ab5:c5766, 90c45227-141f-43fe-b831-a2b91b39d6b0:c5767]
2019-07-14 06:27:02,395 INFO  client.GrpcClientProtocolClient (GrpcClientProtocolClient.java:onNext(255)) - client-1D999B5F5160->f9fecd82-c7ae-483e-b259-6428f2dfb240: receive RaftClientReply:client-1D999B5F5160->f9fecd82-c7ae-483e-b259-6428f2dfb240@group-7DE138E597A5, cid=3836, SUCCESS, logIndex=5780, commits[f9fecd82-c7ae-483e-b259-6428f2dfb240:c5781, adbfec77-7a0d-4773-aa56-ba0b778d0ab5:c5766, 90c45227-141f-43fe-b831-a2b91b39d6b0:c5767]
2019-07-14 06:27:02,406 INFO  client.GrpcClientProtocolClient (GrpcClientProtocolClient.java:onNext(255)) - client-1D999B5F5160->f9fecd82-c7ae-483e-b259-6428f2dfb240: receive RaftClientReply:client-1D999B5F5160->f9fecd82-c7ae-483e-b259-6428f2dfb240@group-7DE138E597A5, cid=3845, SUCCESS, logIndex=5786, commits[f9fecd82-c7ae-483e-b259-6428f2dfb240:c5787, adbfec77-7a0d-4773-aa56-ba0b778d0ab5:c5774, 90c45227-141f-43fe-b831-a2b91b39d6b0:c5770]
2019-07-14 06:27:02,407 INFO  client.GrpcClientProtocolClient (GrpcClientProtocolClient.java:onNext(255)) - client-1D999B5F5160->f9fecd82-c7ae-483e-b259-6428f2dfb240: receive RaftClientReply:client-1D999B5F5160->f9fecd82-c7ae-483e-b259-6428f2dfb240@group-7DE138E597A5, cid=3846, SUCCESS, logIndex=5787, commits[f9fecd82-c7ae-483e-b259-6428f2dfb240:c5790, adbfec77-7a0d-4773-aa56-ba0b778d0ab5:c5774, 90c45227-141f-43fe-b831-a2b91b39d6b0:c5770]
2019-07-14 06:27:02,408 INFO  client.GrpcClientProtocolClient (GrpcClientProtocolClient.java:onNext(255)) - client-1D999B5F5160->f9fecd82-c7ae-483e-b259-6428f2dfb240: receive RaftClientReply:client-1D999B5F5160->f9fecd82-c7ae-483e-b259-6428f2dfb240@group-7DE138E597A5, cid=3843, SUCCESS, logIndex=0, commits[f9fecd82-c7ae-483e-b259-6428f2dfb240:c5790, adbfec77-7a0d-4773-aa56-ba0b778d0ab5:c5774, 90c45227-141f-43fe-b831-a2b91b39d6b0:c5773]
2019-07-14 06:27:02,409 INFO  client.GrpcClientProtocolClient (GrpcClientProtocolClient.java:onNext(255)) - client-1D999B5F5160->f9fecd82-c7ae-483e-b259-6428f2dfb240: receive RaftClientReply:client-1D999B5F5160->f9fecd82-c7ae-483e-b259-6428f2dfb240@group-7DE138E597A5, cid=3847, SUCCESS, logIndex=5788, commits[f9fecd82-c7ae-483e-b259-6428f2dfb240:c5790, adbfec77-7a0d-4773-aa56-ba0b778d0ab5:c5774, 90c45227-141f-43fe-b831-a2b91b39d6b0:c5773]
2019-07-14 06:27:02,409 INFO  client.GrpcClientProtocolClient (GrpcClientProtocolClient.java:onNext(255)) - client-1D999B5F5160->f9fecd82-c7ae-483e-b259-6428f2dfb240: receive RaftClientReply:client-1D999B5F5160->f9fecd82-c7ae-483e-b259-6428f2dfb240@group-7DE138E597A5, cid=3844, SUCCESS, logIndex=0, commits[f9fecd82-c7ae-483e-b259-6428f2dfb240:c5790, adbfec77-7a0d-4773-aa56-ba0b778d0ab5:c5775, 90c45227-141f-43fe-b831-a2b91b39d6b0:c5774]
2019-07-14 06:27:02,411 INFO  client.GrpcClientProtocolClient (GrpcClientProtocolClient.java:onNext(255)) - client-1D999B5F5160->f9fecd82-c7ae-483e-b259-6428f2dfb240: receive RaftClientReply:client-1D999B5F5160->f9fecd82-c7ae-483e-b259-6428f2dfb240@group-7DE138E597A5, cid=3848, SUCCESS, logIndex=5789, commits[f9fecd82-c7ae-483e-b259-6428f2dfb240:c5795, adbfec77-7a0d-4773-aa56-ba0b778d0ab5:c5778, 90c45227-141f-43fe-b831-a2b91b39d6b0:c5774]
2019-07-14 06:27:02,411 INFO  client.GrpcClientProtocolClient (GrpcClientProtocolClient.java:onNext(255)) - client-1D999B5F5160->f9fecd82-c7ae-483e-b259-6428f2dfb240: receive RaftClientReply:client-1D999B5F5160->f9fecd82-c7ae-483e-b259-6428f2dfb240@group-7DE138E597A5, cid=3851, SUCCESS, logIndex=0, commits[f9fecd82-c7ae-483e-b259-6428f2dfb240:c5795, adbfec77-7a0d-4773-aa56-ba0b778d0ab5:c5778, 90c45227-141f-43fe-b831-a2b91b39d6b0:c5776]
2019-07-14 06:27:02,411 INFO  client.GrpcClientProtocolClient (GrpcClientProtocolClient.java:onNext(255)) - client-1D999B5F5160->f9fecd82-c7ae-483e-b259-6428f2dfb240: receive RaftClientReply:client-1D999B5F5160->f9fecd82-c7ae-483e-b259-6428f2dfb240@group-7DE138E597A5, cid=3849, SUCCESS, logIndex=5790, commits[f9fecd82-c7ae-483e-b259-6428f2dfb240:c5790, adbfec77-7a0d-4773-aa56-ba0b778d0ab5:c5774, 90c45227-141f-43fe-b831-a2b91b39d6b0:c5773]
2019-07-14 06:27:02,412 INFO  client.GrpcClientProtocolClient (GrpcClientProtocolClient.java:onNext(255)) - client-1D999B5F5160->f9fecd82-c7ae-483e-b259-6428f2dfb240: receive RaftClientReply:client-1D999B5F5160->f9fecd82-c7ae-483e-b259-6428f2dfb240@group-7DE138E597A5, cid=3852, SUCCESS, logIndex=0, commits[f9fecd82-c7ae-483e-b259-6428f2dfb240:c5795, adbfec77-7a0d-4773-aa56-ba0b778d0ab5:c5778, 90c45227-141f-43fe-b831-a2b91b39d6b0:c5777]
2019-07-14 06:27:02,412 INFO  client.GrpcClientProtocolClient (GrpcClientProtocolClient.java:onNext(255)) - client-1D999B5F5160->f9fecd82-c7ae-483e-b259-6428f2dfb240: receive RaftClientReply:client-1D999B5F5160->f9fecd82-c7ae-483e-b259-6428f2dfb240@group-7DE138E597A5, cid=3850, SUCCESS, logIndex=5791, commits[f9fecd82-c7ae-483e-b259-6428f2dfb240:c5795, adbfec77-7a0d-4773-aa56-ba0b778d0ab5:c5778, 90c45227-141f-43fe-b831-a2b91b39d6b0:c5774]
2019-07-14 06:27:02,412 INFO  client.GrpcClientProtocolClient (GrpcClientProtocolClient.java:onNext(255)) - client-1D999B5F5160->f9fecd82-c7ae-483e-b259-6428f2dfb240: receive RaftClientReply:client-1D999B5F5160->f9fecd82-c7ae-483e-b259-6428f2dfb240@group-7DE138E597A5, cid=3853, SUCCESS, logIndex=0, commits[f9fecd82-c7ae-483e-b259-6428f2dfb240:c5795, adbfec77-7a0d-4773-aa56-ba0b778d0ab5:c5778, 90c45227-141f-43fe-b831-a2b91b39d6b0:c5778]
2019-07-14 06:27:02,422 INFO  client.GrpcClientProtocolClient (GrpcClientProtocolClient.java:onNext(255)) - client-1D999B5F5160->f9fecd82-c7ae-483e-b259-6428f2dfb240: receive RaftClientReply:client-1D999B5F5160->f9fecd82-c7ae-483e-b259-6428f2dfb240@group-7DE138E597A5, cid=3854, SUCCESS, logIndex=0, commits[f9fecd82-c7ae-483e-b259-6428f2dfb240:c5799, adbfec77-7a0d-4773-aa56-ba0b778d0ab5:c5790, 90c45227-141f-43fe-b831-a2b91b39d6b0:c5786]
2019-07-14 06:27:02,422 INFO  client.GrpcClientProtocolClient (GrpcClientProtocolClient.java:onNext(255)) - client-1D999B5F5160->f9fecd82-c7ae-483e-b259-6428f2dfb240: receive RaftClientReply:client-1D999B5F5160->f9fecd82-c7ae-483e-b259-6428f2dfb240@group-7DE138E597A5, cid=3855, SUCCESS, logIndex=0, commits[f9fecd82-c7ae-483e-b259-6428f2dfb240:c5799, adbfec77-7a0d-4773-aa56-ba0b778d0ab5:c5790, 90c45227-141f-43fe-b831-a2b91b39d6b0:c5786]
2019-07-14 06:27:02,422 INFO  client.GrpcClientProtocolClient (GrpcClientProtocolClient.java:onNext(255)) - client-1D999B5F5160->f9fecd82-c7ae-483e-b259-6428f2dfb240: receive RaftClientReply:client-1D999B5F5160->f9fecd82-c7ae-483e-b259-6428f2dfb240@group-7DE138E597A5, cid=3856, SUCCESS, logIndex=0, commits[f9fecd82-c7ae-483e-b259-6428f2dfb240:c5799, adbfec77-7a0d-4773-aa56-ba0b778d0ab5:c5790, 90c45227-141f-43fe-b831-a2b91b39d6b0:c5787]
2019-07-14 06:27:02,423 INFO  client.GrpcClientProtocolClient (GrpcClientProtocolClient.java:onNext(255)) - client-1D999B5F5160->f9fecd82-c7ae-483e-b259-6428f2dfb240: receive RaftClientReply:client-1D999B5F5160->f9fecd82-c7ae-483e-b259-6428f2dfb240@group-7DE138E597A5, cid=3857, SUCCESS, logIndex=0, commits[f9fecd82-c7ae-483e-b259-6428f2dfb240:c5799, adbfec77-7a0d-4773-aa56-ba0b778d0ab5:c5790, 90c45227-141f-43fe-b831-a2b91b39d6b0:c5790]
2019-07-14 06:27:02,423 INFO  client.GrpcClientProtocolClient (GrpcClientProtocolClient.java:onNext(255)) - client-1D999B5F5160->f9fecd82-c7ae-483e-b259-6428f2dfb240: receive RaftClientReply:client-1D999B5F5160->f9fecd82-c7ae-483e-b259-6428f2dfb240@group-7DE138E597A5, cid=3859, SUCCESS, logIndex=5800, commits[f9fecd82-c7ae-483e-b259-6428f2dfb240:c5800, adbfec77-7a0d-4773-aa56-ba0b778d0ab5:c5795, 90c45227-141f-43fe-b831-a2b91b39d6b0:c5790]
2019-07-14 06:27:02,424 INFO  client.GrpcClientProtocolClient (GrpcClientProtocolClient.java:onNext(255)) - client-1D999B5F5160->f9fecd82-c7ae-483e-b259-6428f2dfb240: receive RaftClientReply:client-1D999B5F5160->f9fecd82-c7ae-483e-b259-6428f2dfb240@group-7DE138E597A5, cid=3861, SUCCESS, logIndex=5801, commits[f9fecd82-c7ae-483e-b259-6428f2dfb240:c5803, adbfec77-7a0d-4773-aa56-ba0b778d0ab5:c5795, 90c45227-141f-43fe-b831-a2b91b39d6b0:c5790]
2019-07-14 06:27:02,425 INFO  client.GrpcClientProtocolClient (GrpcClientProtocolClient.java:onNext(255)) - client-1D999B5F5160->f9fecd82-c7ae-483e-b259-6428f2dfb240: receive RaftClientReply:client-1D999B5F5160->f9fecd82-c7ae-483e-b259-6428f2dfb240@group-7DE138E597A5, cid=3860, SUCCESS, logIndex=5802, commits[f9fecd82-c7ae-483e-b259-6428f2dfb240:c5804, adbfec77-7a0d-4773-aa56-ba0b778d0ab5:c5795, 90c45227-141f-43fe-b831-a2b91b39d6b0:c5790]
2019-07-14 06:27:02,426 INFO  client.GrpcClientProtocolClient (GrpcClientProtocolClient.java:onNext(255)) - client-1D999B5F5160->f9fecd82-c7ae-483e-b259-6428f2dfb240: receive RaftClientReply:client-1D999B5F5160->f9fecd82-c7ae-483e-b259-6428f2dfb240@group-7DE138E597A5, cid=3862, SUCCESS, logIndex=5803, commits[f9fecd82-c7ae-483e-b259-6428f2dfb240:c5803, adbfec77-7a0d-4773-aa56-ba0b778d0ab5:c5795, 90c45227-141f-43fe-b831-a2b91b39d6b0:c5790]
2019-07-14 06:27:02,426 INFO  client.GrpcClientProtocolClient (GrpcClientProtocolClient.java:onNext(255)) - client-1D999B5F5160->f9fecd82-c7ae-483e-b259-6428f2dfb240: receive RaftClientReply:client-1D999B5F5160->f9fecd82-c7ae-483e-b259-6428f2dfb240@group-7DE138E597A5, cid=3863, SUCCESS, logIndex=5804, commits[f9fecd82-c7ae-483e-b259-6428f2dfb240:c5806, adbfec77-7a0d-4773-aa56-ba0b778d0ab5:c5795, 90c45227-141f-43fe-b831-a2b91b39d6b0:c5790]
2019-07-14 06:27:02,426 INFO  client.GrpcClientProtocolClient (GrpcClientProtocolClient.java:onNext(255)) - client-1D999B5F5160->f9fecd82-c7ae-483e-b259-6428f2dfb240: receive RaftClientReply:client-1D999B5F5160->f9fecd82-c7ae-483e-b259-6428f2dfb240@group-7DE138E597A5, cid=3864, SUCCESS, logIndex=5805, commits[f9fecd82-c7ae-483e-b259-6428f2dfb240:c5806, adbfec77-7a0d-4773-aa56-ba0b778d0ab5:c5795, 90c45227-141f-43fe-b831-a2b91b39d6b0:c5790]
2019-07-14 06:27:02,426 INFO  client.GrpcClientProtocolClient (GrpcClientProtocolClient.java:onNext(255)) - client-1D999B5F5160->f9fecd82-c7ae-483e-b259-6428f2dfb240: receive RaftClientReply:client-1D999B5F5160->f9fecd82-c7ae-483e-b259-6428f2dfb240@group-7DE138E597A5, cid=3865, SUCCESS, logIndex=5806, commits[f9fecd82-c7ae-483e-b259-6428f2dfb240:c5806, adbfec77-7a0d-4773-aa56-ba0b778d0ab5:c5795, 90c45227-141f-43fe-b831-a2b91b39d6b0:c5790]
2019-07-14 06:27:02,427 INFO  client.GrpcClientProtocolClient (GrpcClientProtocolClient.java:onNext(255)) - client-1D999B5F5160->f9fecd82-c7ae-483e-b259-6428f2dfb240: receive RaftClientReply:client-1D999B5F5160->f9fecd82-c7ae-483e-b259-6428f2dfb240@group-7DE138E597A5, cid=3866, SUCCESS, logIndex=5807, commits[f9fecd82-c7ae-483e-b259-6428f2dfb240:c5809, adbfec77-7a0d-4773-aa56-ba0b778d0ab5:c5795, 90c45227-141f-43fe-b831-a2b91b39d6b0:c5790]
2019-07-14 06:27:02,427 INFO  client.GrpcClientProtocolClient (GrpcClientProtocolClient.java:onNext(255)) - client-1D999B5F5160->f9fecd82-c7ae-483e-b259-6428f2dfb240: receive RaftClientReply:client-1D999B5F5160->f9fecd82-c7ae-483e-b259-6428f2dfb240@group-7DE138E597A5, cid=3867, SUCCESS, logIndex=5808, commits[f9fecd82-c7ae-483e-b259-6428f2dfb240:c5809, adbfec77-7a0d-4773-aa56-ba0b778d0ab5:c5795, 90c45227-141f-43fe-b831-a2b91b39d6b0:c5790]
2019-07-14 06:27:02,427 INFO  client.GrpcClientProtocolClient (GrpcClientProtocolClient.java:onNext(255)) - client-1D999B5F5160->f9fecd82-c7ae-483e-b259-6428f2dfb240: receive RaftClientReply:client-1D999B5F5160->f9fecd82-c7ae-483e-b259-6428f2dfb240@group-7DE138E597A5, cid=3868, SUCCESS, logIndex=5809, commits[f9fecd82-c7ae-483e-b259-6428f2dfb240:c5809, adbfec77-7a0d-4773-aa56-ba0b778d0ab5:c5795, 90c45227-141f-43fe-b831-a2b91b39d6b0:c5790]
2019-07-14 06:27:02,434 INFO  client.GrpcClientProtocolClient (GrpcClientProtocolClient.java:onNext(255)) - client-1D999B5F5160->f9fecd82-c7ae-483e-b259-6428f2dfb240: receive RaftClientReply:client-1D999B5F5160->f9fecd82-c7ae-483e-b259-6428f2dfb240@group-7DE138E597A5, cid=3858, SUCCESS, logIndex=0, commits[f9fecd82-c7ae-483e-b259-6428f2dfb240:c5809, adbfec77-7a0d-4773-aa56-ba0b778d0ab5:c5795, 90c45227-141f-43fe-b831-a2b91b39d6b0:c5795]
2019-07-14 06:27:02,447 INFO  client.GrpcClientProtocolClient (GrpcClientProtocolClient.java:onNext(255)) - client-1D999B5F5160->f9fecd82-c7ae-483e-b259-6428f2dfb240: receive RaftClientReply:client-1D999B5F5160->f9fecd82-c7ae-483e-b259-6428f2dfb240@group-7DE138E597A5, cid=3869, SUCCESS, logIndex=0, commits[f9fecd82-c7ae-483e-b259-6428f2dfb240:c5816, adbfec77-7a0d-4773-aa56-ba0b778d0ab5:c5806, 90c45227-141f-43fe-b831-a2b91b39d6b0:c5803]
2019-07-14 06:27:02,448 INFO  client.GrpcClientProtocolClient (GrpcClientProtocolClient.java:onNext(255)) - client-1D999B5F5160->f9fecd82-c7ae-483e-b259-6428f2dfb240: receive RaftClientReply:client-1D999B5F5160->f9fecd82-c7ae-483e-b259-6428f2dfb240@group-7DE138E597A5, cid=3870, SUCCESS, logIndex=0, commits[f9fecd82-c7ae-483e-b259-6428f2dfb240:c5818, adbfec77-7a0d-4773-aa56-ba0b778d0ab5:c5809, 90c45227-141f-43fe-b831-a2b91b39d6b0:c5804]
2019-07-14 06:27:02,448 INFO  client.GrpcClientProtocolClient (GrpcClientProtocolClient.java:onNext(255)) - client-1D999B5F5160->f9fecd82-c7ae-483e-b259-6428f2dfb240: receive RaftClientReply:client-1D999B5F5160->f9fecd82-c7ae-483e-b259-6428f2dfb240@group-7DE138E597A5, cid=3872, SUCCESS, logIndex=5818, commits[f9fecd82-c7ae-483e-b259-6428f2dfb240:c5818, adbfec77-7a0d-4773-aa56-ba0b778d0ab5:c5809, 90c45227-141f-43fe-b831-a2b91b39d6b0:c5804]
2019-07-14 06:27:02,449 INFO  client.GrpcClientProtocolClient (GrpcClientProtocolClient.java:onNext(255)) - client-1D999B5F5160->f9fecd82-c7ae-483e-b259-6428f2dfb240: receive RaftClientReply:client-1D999B5F5160->f9fecd82-c7ae-483e-b259-6428f2dfb240@group-7DE138E597A5, cid=3871, SUCCESS, logIndex=0, commits[f9fecd82-c7ae-483e-b259-6428f2dfb240:c5818, adbfec77-7a0d-4773-aa56-ba0b778d0ab5:c5809, 90c45227-141f-43fe-b831-a2b91b39d6b0:c5806]
2019-07-14 06:27:02,450 INFO  client.GrpcClientProtocolClient (GrpcClientProtocolClient.java:onNext(255)) - client-1D999B5F5160->f9fecd82-c7ae-483e-b259-6428f2dfb240: receive RaftClientReply:client-1D999B5F5160->f9fecd82-c7ae-483e-b259-6428f2dfb240@group-7DE138E597A5, cid=3873, SUCCESS, logIndex=5819, commits[f9fecd82-c7ae-483e-b259-6428f2dfb240:c5820, adbfec77-7a0d-4773-aa56-ba0b778d0ab5:c5809, 90c45227-141f-43fe-b831-a2b91b39d6b0:c5806]
2019-07-14 06:27:02,450 INFO  client.GrpcClientProtocolClient (GrpcClientProtocolClient.java:onNext(255)) - client-1D999B5F5160->f9fecd82-c7ae-483e-b259-6428f2dfb240: receive RaftClientReply:client-1D999B5F5160->f9fecd82-c7ae-483e-b259-6428f2dfb240@group-7DE138E597A5, cid=3880, SUCCESS, logIndex=0, commits[f9fecd82-c7ae-483e-b259-6428f2dfb240:c5820, adbfec77-7a0d-4773-aa56-ba0b778d0ab5:c5809, 90c45227-141f-43fe-b831-a2b91b39d6b0:c5809]
2019-07-14 06:27:02,451 INFO  client.GrpcClientProtocolClient (GrpcClientProtocolClient.java:onNext(255)) - client-1D999B5F5160->f9fecd82-c7ae-483e-b259-6428f2dfb240: receive RaftClientReply:client-1D999B5F5160->f9fecd82-c7ae-483e-b259-6428f2dfb240@group-7DE138E597A5, cid=3876, SUCCESS, logIndex=5820, commits[f9fecd82-c7ae-483e-b259-6428f2dfb240:c5820, adbfec77-7a0d-4773-aa56-ba0b778d0ab5:c5809, 90c45227-141f-43fe-b831-a2b91b39d6b0:c5806]
2019-07-14 06:27:02,452 INFO  client.GrpcClientProtocolClient (GrpcClientProtocolClient.java:onNext(255)) - client-1D999B5F5160->f9fecd82-c7ae-483e-b259-6428f2dfb240: receive RaftClientReply:client-1D999B5F5160->f9fecd82-c7ae-483e-b259-6428f2dfb240@group-7DE138E597A5, cid=3881, SUCCESS, logIndex=0, commits[f9fecd82-c7ae-483e-b259-6428f2dfb240:c5825, adbfec77-7a0d-4773-aa56-ba0b778d0ab5:c5809, 90c45227-141f-43fe-b831-a2b91b39d6b0:c5809]
2019-07-14 06:27:02,452 INFO  client.GrpcClientProtocolClient (GrpcClientProtocolClient.java:onNext(255)) - client-1D999B5F5160->f9fecd82-c7ae-483e-b259-6428f2dfb240: receive RaftClientReply:client-1D999B5F5160->f9fecd82-c7ae-483e-b259-6428f2dfb240@group-7DE138E597A5, cid=3877, SUCCESS, logIndex=5821, commits[f9fecd82-c7ae-483e-b259-6428f2dfb240:c5825, adbfec77-7a0d-4773-aa56-ba0b778d0ab5:c5809, 90c45227-141f-43fe-b831-a2b91b39d6b0:c5809]
2019-07-14 06:27:02,453 INFO  client.GrpcClientProtocolClient (GrpcClientProtocolClient.java:onNext(255)) - client-1D999B5F5160->f9fecd82-c7ae-483e-b259-6428f2dfb240: receive RaftClientReply:client-1D999B5F5160->f9fecd82-c7ae-483e-b259-6428f2dfb240@group-7DE138E597A5, cid=3875, SUCCESS, logIndex=5822, commits[f9fecd82-c7ae-483e-b259-6428f2dfb240:c5825, adbfec77-7a0d-4773-aa56-ba0b778d0ab5:c5809, 90c45227-141f-43fe-b831-a2b91b39d6b0:c5809]
2019-07-14 06:27:02,453 INFO  client.GrpcClientProtocolClient (GrpcClientProtocolClient.java:onNext(255)) - client-1D999B5F5160->f9fecd82-c7ae-483e-b259-6428f2dfb240: receive RaftClientReply:client-1D999B5F5160->f9fecd82-c7ae-483e-b259-6428f2dfb240@group-7DE138E597A5, cid=3874, SUCCESS, logIndex=5823, commits[f9fecd82-c7ae-483e-b259-6428f2dfb240:c5825, adbfec77-7a0d-4773-aa56-ba0b778d0ab5:c5809, 90c45227-141f-43fe-b831-a2b91b39d6b0:c5809]
2019-07-14 06:27:02,454 INFO  client.GrpcClientProtocolClient (GrpcClientProtocolClient.java:onNext(255)) - client-1D999B5F5160->f9fecd82-c7ae-483e-b259-6428f2dfb240: receive RaftClientReply:client-1D999B5F5160->f9fecd82-c7ae-483e-b259-6428f2dfb240@group-7DE138E597A5, cid=3879, SUCCESS, logIndex=5824, commits[f9fecd82-c7ae-483e-b259-6428f2dfb240:c5825, adbfec77-7a0d-4773-aa56-ba0b778d0ab5:c5809, 90c45227-141f-43fe-b831-a2b91b39d6b0:c5809]
2019-07-14 06:27:02,454 INFO  client.GrpcClientProtocolClient (GrpcClientProtocolClient.java:onNext(255)) - client-1D999B5F5160->f9fecd82-c7ae-483e-b259-6428f2dfb240: receive RaftClientReply:client-1D999B5F5160->f9fecd82-c7ae-483e-b259-6428f2dfb240@group-7DE138E597A5, cid=3878, SUCCESS, logIndex=5825, commits[f9fecd82-c7ae-483e-b259-6428f2dfb240:c5825, adbfec77-7a0d-4773-aa56-ba0b778d0ab5:c5809, 90c45227-141f-43fe-b831-a2b91b39d6b0:c5809]
2019-07-14 06:27:02,463 INFO  client.GrpcClientProtocolClient (GrpcClientProtocolClient.java:onNext(255)) - client-1D999B5F5160->f9fecd82-c7ae-483e-b259-6428f2dfb240: receive RaftClientReply:client-1D999B5F5160->f9fecd82-c7ae-483e-b259-6428f2dfb240@group-7DE138E597A5, cid=3882, SUCCESS, logIndex=5826, commits[f9fecd82-c7ae-483e-b259-6428f2dfb240:c5828, adbfec77-7a0d-4773-aa56-ba0b778d0ab5:c5820, 90c45227-141f-43fe-b831-a2b91b39d6b0:c5825]
2019-07-14 06:27:02,464 INFO  client.GrpcClientProtocolClient (GrpcClientProtocolClient.java:onNext(255)) - client-1D999B5F5160->f9fecd82-c7ae-483e-b259-6428f2dfb240: receive RaftClientReply:client-1D999B5F5160->f9fecd82-c7ae-483e-b259-6428f2dfb240@group-7DE138E597A5, cid=3883, SUCCESS, logIndex=5827, commits[f9fecd82-c7ae-483e-b259-6428f2dfb240:c5828, adbfec77-7a0d-4773-aa56-ba0b778d0ab5:c5820, 90c45227-141f-43fe-b831-a2b91b39d6b0:c5825]
2019-07-14 06:27:02,467 INFO  client.GrpcClientProtocolClient (GrpcClientProtocolClient.java:onNext(255)) - client-1D999B5F5160->f9fecd82-c7ae-483e-b259-6428f2dfb240: receive RaftClientReply:client-1D999B5F5160->f9fecd82-c7ae-483e-b259-6428f2dfb240@group-7DE138E597A5, cid=3886, SUCCESS, logIndex=0, commits[f9fecd82-c7ae-483e-b259-6428f2dfb240:c5832, adbfec77-7a0d-4773-aa56-ba0b778d0ab5:c5825, 90c45227-141f-43fe-b831-a2b91b39d6b0:c5825]
2019-07-14 06:27:02,468 INFO  client.GrpcClientProtocolClient (GrpcClientProtocolClient.java:onNext(255)) - client-1D999B5F5160->f9fecd82-c7ae-483e-b259-6428f2dfb240: receive RaftClientReply:client-1D999B5F5160->f9fecd82-c7ae-483e-b259-6428f2dfb240@group-7DE138E597A5, cid=3884, SUCCESS, logIndex=5832, commits[f9fecd82-c7ae-483e-b259-6428f2dfb240:c5833, adbfec77-7a0d-4773-aa56-ba0b778d0ab5:c5825, 90c45227-141f-43fe-b831-a2b91b39d6b0:c5825]
2019-07-14 06:27:02,468 INFO  client.GrpcClientProtocolClient (GrpcClientProtocolClient.java:onNext(255)) - client-1D999B5F5160->f9fecd82-c7ae-483e-b259-6428f2dfb240: receive RaftClientReply:client-1D999B5F5160->f9fecd82-c7ae-483e-b259-6428f2dfb240@group-7DE138E597A5, cid=3889, SUCCESS, logIndex=0, commits[f9fecd82-c7ae-483e-b259-6428f2dfb240:c5833, adbfec77-7a0d-4773-aa56-ba0b778d0ab5:c5825, 90c45227-141f-43fe-b831-a2b91b39d6b0:c5825]
2019-07-14 06:27:02,469 INFO  client.GrpcClientProtocolClient (GrpcClientProtocolClient.java:onNext(255)) - client-1D999B5F5160->f9fecd82-c7ae-483e-b259-6428f2dfb240: receive RaftClientReply:client-1D999B5F5160->f9fecd82-c7ae-483e-b259-6428f2dfb240@group-7DE138E597A5, cid=3885, SUCCESS, logIndex=5833, commits[f9fecd82-c7ae-483e-b259-6428f2dfb240:c5835, adbfec77-7a0d-4773-aa56-ba0b778d0ab5:c5825, 90c45227-141f-43fe-b831-a2b91b39d6b0:c5825]
2019-07-14 06:27:02,470 INFO  client.GrpcClientProtocolClient (GrpcClientProtocolClient.java:onNext(255)) - client-1D999B5F5160->f9fecd82-c7ae-483e-b259-6428f2dfb240: receive RaftClientReply:client-1D999B5F5160->f9fecd82-c7ae-483e-b259-6428f2dfb240@group-7DE138E597A5, cid=3887, SUCCESS, logIndex=5834, commits[f9fecd82-c7ae-483e-b259-6428f2dfb240:c5835, adbfec77-7a0d-4773-aa56-ba0b778d0ab5:c5825, 90c45227-141f-43fe-b831-a2b91b39d6b0:c5825]
2019-07-14 06:27:02,470 INFO  client.GrpcClientProtocolClient (GrpcClientProtocolClient.java:onNext(255)) - client-1D999B5F5160->f9fecd82-c7ae-483e-b259-6428f2dfb240: receive RaftClientReply:client-1D999B5F5160->f9fecd82-c7ae-483e-b259-6428f2dfb240@group-7DE138E597A5, cid=3888, SUCCESS, logIndex=5835, commits[f9fecd82-c7ae-483e-b259-6428f2dfb240:c5838, adbfec77-7a0d-4773-aa56-ba0b778d0ab5:c5825, 90c45227-141f-43fe-b831-a2b91b39d6b0:c5825]
2019-07-14 06:27:02,471 INFO  client.GrpcClientProtocolClient (GrpcClientProtocolClient.java:onNext(255)) - client-1D999B5F5160->f9fecd82-c7ae-483e-b259-6428f2dfb240: receive RaftClientReply:client-1D999B5F5160->f9fecd82-c7ae-483e-b259-6428f2dfb240@group-7DE138E597A5, cid=3890, SUCCESS, logIndex=0, commits[f9fecd82-c7ae-483e-b259-6428f2dfb240:c5835, adbfec77-7a0d-4773-aa56-ba0b778d0ab5:c5825, 90c45227-141f-43fe-b831-a2b91b39d6b0:c5825]
2019-07-14 06:27:02,471 INFO  client.GrpcClientProtocolClient (GrpcClientProtocolClient.java:onNext(255)) - client-1D999B5F5160->f9fecd82-c7ae-483e-b259-6428f2dfb240: receive RaftClientReply:client-1D999B5F5160->f9fecd82-c7ae-483e-b259-6428f2dfb240@group-7DE138E597A5, cid=3892, SUCCESS, logIndex=5836, commits[f9fecd82-c7ae-483e-b259-6428f2dfb240:c5838, adbfec77-7a0d-4773-aa56-ba0b778d0ab5:c5825, 90c45227-141f-43fe-b831-a2b91b39d6b0:c5825]
2019-07-14 06:27:02,472 INFO  client.GrpcClientProtocolClient (GrpcClientProtocolClient.java:onNext(255)) - client-1D999B5F5160->f9fecd82-c7ae-483e-b259-6428f2dfb240: receive RaftClientReply:client-1D999B5F5160->f9fecd82-c7ae-483e-b259-6428f2dfb240@group-7DE138E597A5, cid=3893, SUCCESS, logIndex=5837, commits[f9fecd82-c7ae-483e-b259-6428f2dfb240:c5843, adbfec77-7a0d-4773-aa56-ba0b778d0ab5:c5825, 90c45227-141f-43fe-b831-a2b91b39d6b0:c5827]
2019-07-14 06:27:02,473 INFO  client.GrpcClientProtocolClient (GrpcClientProtocolClient.java:onNext(255)) - client-1D999B5F5160->f9fecd82-c7ae-483e-b259-6428f2dfb240: receive RaftClientReply:client-1D999B5F5160->f9fecd82-c7ae-483e-b259-6428f2dfb240@group-7DE138E597A5, cid=3891, SUCCESS, logIndex=0, commits[f9fecd82-c7ae-483e-b259-6428f2dfb240:c5840, adbfec77-7a0d-4773-aa56-ba0b778d0ab5:c5825, 90c45227-141f-43fe-b831-a2b91b39d6b0:c5825]
2019-07-14 06:27:02,474 INFO  client.GrpcClientProtocolClient (GrpcClientProtocolClient.java:onNext(255)) - client-1D999B5F5160->f9fecd82-c7ae-483e-b259-6428f2dfb240: receive RaftClientReply:client-1D999B5F5160->f9fecd82-c7ae-483e-b259-6428f2dfb240@group-7DE138E597A5, cid=3894, SUCCESS, logIndex=5838, commits[f9fecd82-c7ae-483e-b259-6428f2dfb240:c5838, adbfec77-7a0d-4773-aa56-ba0b778d0ab5:c5825, 90c45227-141f-43fe-b831-a2b91b39d6b0:c5825]
2019-07-14 06:27:02,475 INFO  client.GrpcClientProtocolClient (GrpcClientProtocolClient.java:onNext(255)) - client-1D999B5F5160->f9fecd82-c7ae-483e-b259-6428f2dfb240: receive RaftClientReply:client-1D999B5F5160->f9fecd82-c7ae-483e-b259-6428f2dfb240@group-7DE138E597A5, cid=3895, SUCCESS, logIndex=5839, commits[f9fecd82-c7ae-483e-b259-6428f2dfb240:c5840, adbfec77-7a0d-4773-aa56-ba0b778d0ab5:c5825, 90c45227-141f-43fe-b831-a2b91b39d6b0:c5825]
2019-07-14 06:27:02,478 INFO  client.GrpcClientProtocolClient (GrpcClientProtocolClient.java:onNext(255)) - client-1D999B5F5160->f9fecd82-c7ae-483e-b259-6428f2dfb240: receive RaftClientReply:client-1D999B5F5160->f9fecd82-c7ae-483e-b259-6428f2dfb240@group-7DE138E597A5, cid=3898, SUCCESS, logIndex=0, commits[f9fecd82-c7ae-483e-b259-6428f2dfb240:c5843, adbfec77-7a0d-4773-aa56-ba0b778d0ab5:c5827, 90c45227-141f-43fe-b831-a2b91b39d6b0:c5827]
2019-07-14 06:27:02,478 INFO  client.GrpcClientProtocolClient (GrpcClientProtocolClient.java:onNext(255)) - client-1D999B5F5160->f9fecd82-c7ae-483e-b259-6428f2dfb240: receive RaftClientReply:client-1D999B5F5160->f9fecd82-c7ae-483e-b259-6428f2dfb240@group-7DE138E597A5, cid=3896, SUCCESS, logIndex=5840, commits[f9fecd82-c7ae-483e-b259-6428f2dfb240:c5840, adbfec77-7a0d-4773-aa56-ba0b778d0ab5:c5825, 90c45227-141f-43fe-b831-a2b91b39d6b0:c5825]
2019-07-14 06:27:02,478 INFO  client.GrpcClientProtocolClient (GrpcClientProtocolClient.java:onNext(255)) - client-1D999B5F5160->f9fecd82-c7ae-483e-b259-6428f2dfb240: receive RaftClientReply:client-1D999B5F5160->f9fecd82-c7ae-483e-b259-6428f2dfb240@group-7DE138E597A5, cid=3899, SUCCESS, logIndex=0, commits[f9fecd82-c7ae-483e-b259-6428f2dfb240:c5849, adbfec77-7a0d-4773-aa56-ba0b778d0ab5:c5840, 90c45227-141f-43fe-b831-a2b91b39d6b0:c5833]
2019-07-14 06:27:02,478 INFO  client.GrpcClientProtocolClient (GrpcClientProtocolClient.java:onNext(255)) - client-1D999B5F5160->f9fecd82-c7ae-483e-b259-6428f2dfb240: receive RaftClientReply:client-1D999B5F5160->f9fecd82-c7ae-483e-b259-6428f2dfb240@group-7DE138E597A5, cid=3897, SUCCESS, logIndex=5841, commits[f9fecd82-c7ae-483e-b259-6428f2dfb240:c5843, adbfec77-7a0d-4773-aa56-ba0b778d0ab5:c5825, 90c45227-141f-43fe-b831-a2b91b39d6b0:c5827]
2019-07-14 06:27:02,479 INFO  client.GrpcClientProtocolClient (GrpcClientProtocolClient.java:onNext(255)) - client-1D999B5F5160->f9fecd82-c7ae-483e-b259-6428f2dfb240: receive RaftClientReply:client-1D999B5F5160->f9fecd82-c7ae-483e-b259-6428f2dfb240@group-7DE138E597A5, cid=3900, SUCCESS, logIndex=0, commits[f9fecd82-c7ae-483e-b259-6428f2dfb240:c5849, adbfec77-7a0d-4773-aa56-ba0b778d0ab5:c5840, 90c45227-141f-43fe-b831-a2b91b39d6b0:c5835]
2019-07-14 06:27:02,479 INFO  client.GrpcClientProtocolClient (GrpcClientProtocolClient.java:onNext(255)) - client-1D999B5F5160->f9fecd82-c7ae-483e-b259-6428f2dfb240: receive RaftClientReply:client-1D999B5F5160->f9fecd82-c7ae-483e-b259-6428f2dfb240@group-7DE138E597A5, cid=3902, SUCCESS, logIndex=5850, commits[f9fecd82-c7ae-483e-b259-6428f2dfb240:c5850, adbfec77-7a0d-4773-aa56-ba0b778d0ab5:c5849, 90c45227-141f-43fe-b831-a2b91b39d6b0:c5840]
2019-07-14 06:27:02,479 INFO  client.GrpcClientProtocolClient (GrpcClientProtocolClient.java:onNext(255)) - client-1D999B5F5160->f9fecd82-c7ae-483e-b259-6428f2dfb240: receive RaftClientReply:client-1D999B5F5160->f9fecd82-c7ae-483e-b259-6428f2dfb240@group-7DE138E597A5, cid=3903, SUCCESS, logIndex=0, commits[f9fecd82-c7ae-483e-b259-6428f2dfb240:c5849, adbfec77-7a0d-4773-aa56-ba0b778d0ab5:c5840, 90c45227-141f-43fe-b831-a2b91b39d6b0:c5838]
2019-07-14 06:27:02,480 INFO  client.GrpcClientProtocolClient (GrpcClientProtocolClient.java:onNext(255)) - client-1D999B5F5160->f9fecd82-c7ae-483e-b259-6428f2dfb240: receive RaftClientReply:client-1D999B5F5160->f9fecd82-c7ae-483e-b259-6428f2dfb240@group-7DE138E597A5, cid=3906, SUCCESS, logIndex=0, commits[f9fecd82-c7ae-483e-b259-6428f2dfb240:c5850, adbfec77-7a0d-4773-aa56-ba0b778d0ab5:c5849, 90c45227-141f-43fe-b831-a2b91b39d6b0:c5840]
2019-07-14 06:27:02,480 INFO  client.GrpcClientProtocolClient (GrpcClientProtocolClient.java:onNext(255)) - client-1D999B5F5160->f9fecd82-c7ae-483e-b259-6428f2dfb240: receive RaftClientReply:client-1D999B5F5160->f9fecd82-c7ae-483e-b259-6428f2dfb240@group-7DE138E597A5, cid=3907, SUCCESS, logIndex=0, commits[f9fecd82-c7ae-483e-b259-6428f2dfb240:c5850, adbfec77-7a0d-4773-aa56-ba0b778d0ab5:c5849, 90c45227-141f-43fe-b831-a2b91b39d6b0:c5849]
2019-07-14 06:27:02,481 INFO  client.GrpcClientProtocolClient (GrpcClientProtocolClient.java:onNext(255)) - client-1D999B5F5160->f9fecd82-c7ae-483e-b259-6428f2dfb240: receive RaftClientReply:client-1D999B5F5160->f9fecd82-c7ae-483e-b259-6428f2dfb240@group-7DE138E597A5, cid=3901, SUCCESS, logIndex=5851, commits[f9fecd82-c7ae-483e-b259-6428f2dfb240:c5851, adbfec77-7a0d-4773-aa56-ba0b778d0ab5:c5849, 90c45227-141f-43fe-b831-a2b91b39d6b0:c5849]
2019-07-14 06:27:02,483 INFO  client.GrpcClientProtocolClient (GrpcClientProtocolClient.java:onNext(255)) - client-1D999B5F5160->f9fecd82-c7ae-483e-b259-6428f2dfb240: receive RaftClientReply:client-1D999B5F5160->f9fecd82-c7ae-483e-b259-6428f2dfb240@group-7DE138E597A5, cid=3904, SUCCESS, logIndex=5852, commits[f9fecd82-c7ae-483e-b259-6428f2dfb240:c5854, adbfec77-7a0d-4773-aa56-ba0b778d0ab5:c5849, 90c45227-141f-43fe-b831-a2b91b39d6b0:c5850]
2019-07-14 06:27:02,484 INFO  client.GrpcClientProtocolClient (GrpcClientProtocolClient.java:onNext(255)) - client-1D999B5F5160->f9fecd82-c7ae-483e-b259-6428f2dfb240: receive RaftClientReply:client-1D999B5F5160->f9fecd82-c7ae-483e-b259-6428f2dfb240@group-7DE138E597A5, cid=3905, SUCCESS, logIndex=5853, commits[f9fecd82-c7ae-483e-b259-6428f2dfb240:c5854, adbfec77-7a0d-4773-aa56-ba0b778d0ab5:c5849, 90c45227-141f-43fe-b831-a2b91b39d6b0:c5850]
2019-07-14 06:27:02,485 INFO  client.GrpcClientProtocolClient (GrpcClientProtocolClient.java:onNext(255)) - client-1D999B5F5160->f9fecd82-c7ae-483e-b259-6428f2dfb240: receive RaftClientReply:client-1D999B5F5160->f9fecd82-c7ae-483e-b259-6428f2dfb240@group-7DE138E597A5, cid=3908, SUCCESS, logIndex=5856, commits[f9fecd82-c7ae-483e-b259-6428f2dfb240:c5856, adbfec77-7a0d-4773-aa56-ba0b778d0ab5:c5851, 90c45227-141f-43fe-b831-a2b91b39d6b0:c5853]
2019-07-14 06:27:02,486 INFO  client.GrpcClientProtocolClient (GrpcClientProtocolClient.java:onNext(255)) - client-1D999B5F5160->f9fecd82-c7ae-483e-b259-6428f2dfb240: receive RaftClientReply:client-1D999B5F5160->f9fecd82-c7ae-483e-b259-6428f2dfb240@group-7DE138E597A5, cid=3916, SUCCESS, logIndex=0, commits[f9fecd82-c7ae-483e-b259-6428f2dfb240:c5857, adbfec77-7a0d-4773-aa56-ba0b778d0ab5:c5853, 90c45227-141f-43fe-b831-a2b91b39d6b0:c5854]
2019-07-14 06:27:02,486 INFO  client.GrpcClientProtocolClient (GrpcClientProtocolClient.java:onNext(255)) - client-1D999B5F5160->f9fecd82-c7ae-483e-b259-6428f2dfb240: receive RaftClientReply:client-1D999B5F5160->f9fecd82-c7ae-483e-b259-6428f2dfb240@group-7DE138E597A5, cid=3918, SUCCESS, logIndex=0, commits[f9fecd82-c7ae-483e-b259-6428f2dfb240:c5858, adbfec77-7a0d-4773-aa56-ba0b778d0ab5:c5853, 90c45227-141f-43fe-b831-a2b91b39d6b0:c5854]
2019-07-14 06:27:02,486 INFO  client.GrpcClientProtocolClient (GrpcClientProtocolClient.java:onNext(255)) - client-1D999B5F5160->f9fecd82-c7ae-483e-b259-6428f2dfb240: receive RaftClientReply:client-1D999B5F5160->f9fecd82-c7ae-483e-b259-6428f2dfb240@group-7DE138E597A5, cid=3909, SUCCESS, logIndex=5858, commits[f9fecd82-c7ae-483e-b259-6428f2dfb240:c5858, adbfec77-7a0d-4773-aa56-ba0b778d0ab5:c5853, 90c45227-141f-43fe-b831-a2b91b39d6b0:c5854]
2019-07-14 06:27:02,487 INFO  client.GrpcClientProtocolClient (GrpcClientProtocolClient.java:onNext(255)) - client-1D999B5F5160->f9fecd82-c7ae-483e-b259-6428f2dfb240: receive RaftClientReply:client-1D999B5F5160->f9fecd82-c7ae-483e-b259-6428f2dfb240@group-7DE138E597A5, cid=3910, SUCCESS, logIndex=5859, commits[f9fecd82-c7ae-483e-b259-6428f2dfb240:c5859, adbfec77-7a0d-4773-aa56-ba0b778d0ab5:c5854, 90c45227-141f-43fe-b831-a2b91b39d6b0:c5854]
2019-07-14 06:27:02,488 INFO  client.GrpcClientProtocolClient (GrpcClientProtocolClient.java:onNext(255)) - client-1D999B5F5160->f9fecd82-c7ae-483e-b259-6428f2dfb240: receive RaftClientReply:client-1D999B5F5160->f9fecd82-c7ae-483e-b259-6428f2dfb240@group-7DE138E597A5, cid=3911, SUCCESS, logIndex=5860, commits[f9fecd82-c7ae-483e-b259-6428f2dfb240:c5861, adbfec77-7a0d-4773-aa56-ba0b778d0ab5:c5856, 90c45227-141f-43fe-b831-a2b91b39d6b0:c5856]
2019-07-14 06:27:02,490 INFO  client.GrpcClientProtocolClient (GrpcClientProtocolClient.java:onNext(255)) - client-1D999B5F5160->f9fecd82-c7ae-483e-b259-6428f2dfb240: receive RaftClientReply:client-1D999B5F5160->f9fecd82-c7ae-483e-b259-6428f2dfb240@group-7DE138E597A5, cid=3912, SUCCESS, logIndex=5862, commits[f9fecd82-c7ae-483e-b259-6428f2dfb240:c5862, adbfec77-7a0d-4773-aa56-ba0b778d0ab5:c5857, 90c45227-141f-43fe-b831-a2b91b39d6b0:c5857]
2019-07-14 06:27:02,491 INFO  client.GrpcClientProtocolClient (GrpcClientProtocolClient.java:onNext(255)) - client-1D999B5F5160->f9fecd82-c7ae-483e-b259-6428f2dfb240: receive RaftClientReply:client-1D999B5F5160->f9fecd82-c7ae-483e-b259-6428f2dfb240@group-7DE138E597A5, cid=3926, SUCCESS, logIndex=0, commits[f9fecd82-c7ae-483e-b259-6428f2dfb240:c5864, adbfec77-7a0d-4773-aa56-ba0b778d0ab5:c5858, 90c45227-141f-43fe-b831-a2b91b39d6b0:c5858]
2019-07-14 06:27:02,491 INFO  client.GrpcClientProtocolClient (GrpcClientProtocolClient.java:onNext(255)) - client-1D999B5F5160->f9fecd82-c7ae-483e-b259-6428f2dfb240: receive RaftClientReply:client-1D999B5F5160->f9fecd82-c7ae-483e-b259-6428f2dfb240@group-7DE138E597A5, cid=3914, SUCCESS, logIndex=5863, commits[f9fecd82-c7ae-483e-b259-6428f2dfb240:c5864, adbfec77-7a0d-4773-aa56-ba0b778d0ab5:c5857, 90c45227-141f-43fe-b831-a2b91b39d6b0:c5857]
2019-07-14 06:27:02,492 INFO  client.GrpcClientProtocolClient (GrpcClientProtocolClient.java:onNext(255)) - client-1D999B5F5160->f9fecd82-c7ae-483e-b259-6428f2dfb240: receive RaftClientReply:client-1D999B5F5160->f9fecd82-c7ae-483e-b259-6428f2dfb240@group-7DE138E597A5, cid=3913, SUCCESS, logIndex=5864, commits[f9fecd82-c7ae-483e-b259-6428f2dfb240:c5864, adbfec77-7a0d-4773-aa56-ba0b778d0ab5:c5857, 90c45227-141f-43fe-b831-a2b91b39d6b0:c5857]
2019-07-14 06:27:02,492 INFO  client.GrpcClientProtocolClient (GrpcClientProtocolClient.java:onNext(255)) - client-1D999B5F5160->f9fecd82-c7ae-483e-b259-6428f2dfb240: receive RaftClientReply:client-1D999B5F5160->f9fecd82-c7ae-483e-b259-6428f2dfb240@group-7DE138E597A5, cid=3915, SUCCESS, logIndex=5866, commits[f9fecd82-c7ae-483e-b259-6428f2dfb240:c5868, adbfec77-7a0d-4773-aa56-ba0b778d0ab5:c5858, 90c45227-141f-43fe-b831-a2b91b39d6b0:c5858]
2019-07-14 06:27:02,492 INFO  client.GrpcClientProtocolClient (GrpcClientProtocolClient.java:onNext(255)) - client-1D999B5F5160->f9fecd82-c7ae-483e-b259-6428f2dfb240: receive RaftClientReply:client-1D999B5F5160->f9fecd82-c7ae-483e-b259-6428f2dfb240@group-7DE138E597A5, cid=3917, SUCCESS, logIndex=5867, commits[f9fecd82-c7ae-483e-b259-6428f2dfb240:c5868, adbfec77-7a0d-4773-aa56-ba0b778d0ab5:c5858, 90c45227-141f-43fe-b831-a2b91b39d6b0:c5858]
2019-07-14 06:27:02,493 INFO  client.GrpcClientProtocolClient (GrpcClientProtocolClient.java:onNext(255)) - client-1D999B5F5160->f9fecd82-c7ae-483e-b259-6428f2dfb240: receive RaftClientReply:client-1D999B5F5160->f9fecd82-c7ae-483e-b259-6428f2dfb240@group-7DE138E597A5, cid=3919, SUCCESS, logIndex=5868, commits[f9fecd82-c7ae-483e-b259-6428f2dfb240:c5868, adbfec77-7a0d-4773-aa56-ba0b778d0ab5:c5859, 90c45227-141f-43fe-b831-a2b91b39d6b0:c5858]
2019-07-14 06:27:02,520 INFO  client.GrpcClientProtocolClient (GrpcClientProtocolClient.java:onNext(255)) - client-1D999B5F5160->f9fecd82-c7ae-483e-b259-6428f2dfb240: receive RaftClientReply:client-1D999B5F5160->f9fecd82-c7ae-483e-b259-6428f2dfb240@group-7DE138E597A5, cid=3920, SUCCESS, logIndex=5870, commits[f9fecd82-c7ae-483e-b259-6428f2dfb240:c5871, adbfec77-7a0d-4773-aa56-ba0b778d0ab5:c5861, 90c45227-141f-43fe-b831-a2b91b39d6b0:c5858]
2019-07-14 06:27:02,520 INFO  client.GrpcClientProtocolClient (GrpcClientProtocolClient.java:onNext(255)) - client-1D999B5F5160->f9fecd82-c7ae-483e-b259-6428f2dfb240: receive RaftClientReply:client-1D999B5F5160->f9fecd82-c7ae-483e-b259-6428f2dfb240@group-7DE138E597A5, cid=3927, SUCCESS, logIndex=0, commits[f9fecd82-c7ae-483e-b259-6428f2dfb240:c5871, adbfec77-7a0d-4773-aa56-ba0b778d0ab5:c5861, 90c45227-141f-43fe-b831-a2b91b39d6b0:c5861]
2019-07-14 06:27:02,522 INFO  client.GrpcClientProtocolClient (GrpcClientProtocolClient.java:onNext(255)) - client-1D999B5F5160->f9fecd82-c7ae-483e-b259-6428f2dfb240: receive RaftClientReply:client-1D999B5F5160->f9fecd82-c7ae-483e-b259-6428f2dfb240@group-7DE138E597A5, cid=3921, SUCCESS, logIndex=5871, commits[f9fecd82-c7ae-483e-b259-6428f2dfb240:c5872, adbfec77-7a0d-4773-aa56-ba0b778d0ab5:c5861, 90c45227-141f-43fe-b831-a2b91b39d6b0:c5861]
2019-07-14 06:27:02,522 INFO  client.GrpcClientProtocolClient (GrpcClientProtocolClient.java:onNext(255)) - client-1D999B5F5160->f9fecd82-c7ae-483e-b259-6428f2dfb240: receive RaftClientReply:client-1D999B5F5160->f9fecd82-c7ae-483e-b259-6428f2dfb240@group-7DE138E597A5, cid=3922, SUCCESS, logIndex=5872, commits[f9fecd82-c7ae-483e-b259-6428f2dfb240:c5872, adbfec77-7a0d-4773-aa56-ba0b778d0ab5:c5861, 90c45227-141f-43fe-b831-a2b91b39d6b0:c5861]
2019-07-14 06:27:02,522 INFO  client.GrpcClientProtocolClient (GrpcClientProtocolClient.java:onNext(255)) - client-1D999B5F5160->f9fecd82-c7ae-483e-b259-6428f2dfb240: receive RaftClientReply:client-1D999B5F5160->f9fecd82-c7ae-483e-b259-6428f2dfb240@group-7DE138E597A5, cid=3932, SUCCESS, logIndex=0, commits[f9fecd82-c7ae-483e-b259-6428f2dfb240:c5877, adbfec77-7a0d-4773-aa56-ba0b778d0ab5:c5864, 90c45227-141f-43fe-b831-a2b91b39d6b0:c5864]
2019-07-14 06:27:02,523 INFO  client.GrpcClientProtocolClient (GrpcClientProtocolClient.java:onNext(255)) - client-1D999B5F5160->f9fecd82-c7ae-483e-b259-6428f2dfb240: receive RaftClientReply:client-1D999B5F5160->f9fecd82-c7ae-483e-b259-6428f2dfb240@group-7DE138E597A5, cid=3923, SUCCESS, logIndex=5873, commits[f9fecd82-c7ae-483e-b259-6428f2dfb240:c5874, adbfec77-7a0d-4773-aa56-ba0b778d0ab5:c5861, 90c45227-141f-43fe-b831-a2b91b39d6b0:c5861]
2019-07-14 06:27:02,523 INFO  client.GrpcClientProtocolClient (GrpcClientProtocolClient.java:onNext(255)) - client-1D999B5F5160->f9fecd82-c7ae-483e-b259-6428f2dfb240: receive RaftClientReply:client-1D999B5F5160->f9fecd82-c7ae-483e-b259-6428f2dfb240@group-7DE138E597A5, cid=3924, SUCCESS, logIndex=5874, commits[f9fecd82-c7ae-483e-b259-6428f2dfb240:c5874, adbfec77-7a0d-4773-aa56-ba0b778d0ab5:c5861, 90c45227-141f-43fe-b831-a2b91b39d6b0:c5861]
2019-07-14 06:27:02,524 INFO  client.GrpcClientProtocolClient (GrpcClientProtocolClient.java:onNext(255)) - client-1D999B5F5160->f9fecd82-c7ae-483e-b259-6428f2dfb240: receive RaftClientReply:client-1D999B5F5160->f9fecd82-c7ae-483e-b259-6428f2dfb240@group-7DE138E597A5, cid=3925, SUCCESS, logIndex=5875, commits[f9fecd82-c7ae-483e-b259-6428f2dfb240:c5877, adbfec77-7a0d-4773-aa56-ba0b778d0ab5:c5864, 90c45227-141f-43fe-b831-a2b91b39d6b0:c5864]
2019-07-14 06:27:02,525 INFO  client.GrpcClientProtocolClient (GrpcClientProtocolClient.java:onNext(255)) - client-1D999B5F5160->f9fecd82-c7ae-483e-b259-6428f2dfb240: receive RaftClientReply:client-1D999B5F5160->f9fecd82-c7ae-483e-b259-6428f2dfb240@group-7DE138E597A5, cid=3933, SUCCESS, logIndex=0, commits[f9fecd82-c7ae-483e-b259-6428f2dfb240:c5882, adbfec77-7a0d-4773-aa56-ba0b778d0ab5:c5869, 90c45227-141f-43fe-b831-a2b91b39d6b0:c5868]
2019-07-14 06:27:02,525 INFO  client.GrpcClientProtocolClient (GrpcClientProtocolClient.java:onNext(255)) - client-1D999B5F5160->f9fecd82-c7ae-483e-b259-6428f2dfb240: receive RaftClientReply:client-1D999B5F5160->f9fecd82-c7ae-483e-b259-6428f2dfb240@group-7DE138E597A5, cid=3929, SUCCESS, logIndex=5880, commits[f9fecd82-c7ae-483e-b259-6428f2dfb240:c5881, adbfec77-7a0d-4773-aa56-ba0b778d0ab5:c5869, 90c45227-141f-43fe-b831-a2b91b39d6b0:c5864]
2019-07-14 06:27:02,525 INFO  client.GrpcClientProtocolClient (GrpcClientProtocolClient.java:onNext(255)) - client-1D999B5F5160->f9fecd82-c7ae-483e-b259-6428f2dfb240: receive RaftClientReply:client-1D999B5F5160->f9fecd82-c7ae-483e-b259-6428f2dfb240@group-7DE138E597A5, cid=3934, SUCCESS, logIndex=0, commits[f9fecd82-c7ae-483e-b259-6428f2dfb240:c5882, adbfec77-7a0d-4773-aa56-ba0b778d0ab5:c5869, 90c45227-141f-43fe-b831-a2b91b39d6b0:c5868]
2019-07-14 06:27:02,528 INFO  client.GrpcClientProtocolClient (GrpcClientProtocolClient.java:onNext(255)) - client-1D999B5F5160->f9fecd82-c7ae-483e-b259-6428f2dfb240: receive RaftClientReply:client-1D999B5F5160->f9fecd82-c7ae-483e-b259-6428f2dfb240@group-7DE138E597A5, cid=3937, SUCCESS, logIndex=0, commits[f9fecd82-c7ae-483e-b259-6428f2dfb240:c5882, adbfec77-7a0d-4773-aa56-ba0b778d0ab5:c5874, 90c45227-141f-43fe-b831-a2b91b39d6b0:c5871]
2019-07-14 06:27:02,529 INFO  client.GrpcClientProtocolClient (GrpcClientProtocolClient.java:onNext(255)) - client-1D999B5F5160->f9fecd82-c7ae-483e-b259-6428f2dfb240: receive RaftClientReply:client-1D999B5F5160->f9fecd82-c7ae-483e-b259-6428f2dfb240@group-7DE138E597A5, cid=3928, SUCCESS, logIndex=5881, commits[f9fecd82-c7ae-483e-b259-6428f2dfb240:c5882, adbfec77-7a0d-4773-aa56-ba0b778d0ab5:c5869, 90c45227-141f-43fe-b831-a2b91b39d6b0:c5868]
2019-07-14 06:27:02,529 INFO  client.GrpcClientProtocolClient (GrpcClientProtocolClient.java:onNext(255)) - client-1D999B5F5160->f9fecd82-c7ae-483e-b259-6428f2dfb240: receive RaftClientReply:client-1D999B5F5160->f9fecd82-c7ae-483e-b259-6428f2dfb240@group-7DE138E597A5, cid=3938, SUCCESS, logIndex=0, commits[f9fecd82-c7ae-483e-b259-6428f2dfb240:c5882, adbfec77-7a0d-4773-aa56-ba0b778d0ab5:c5874, 90c45227-141f-43fe-b831-a2b91b39d6b0:c5874]
2019-07-14 06:27:02,529 INFO  client.GrpcClientProtocolClient (GrpcClientProtocolClient.java:onNext(255)) - client-1D999B5F5160->f9fecd82-c7ae-483e-b259-6428f2dfb240: receive RaftClientReply:client-1D999B5F5160->f9fecd82-c7ae-483e-b259-6428f2dfb240@group-7DE138E597A5, cid=3930, SUCCESS, logIndex=5882, commits[f9fecd82-c7ae-483e-b259-6428f2dfb240:c5882, adbfec77-7a0d-4773-aa56-ba0b778d0ab5:c5870, 90c45227-141f-43fe-b831-a2b91b39d6b0:c5868]
2019-07-14 06:27:02,530 INFO  client.GrpcClientProtocolClient (GrpcClientProtocolClient.java:onNext(255)) - client-1D999B5F5160->f9fecd82-c7ae-483e-b259-6428f2dfb240: receive RaftClientReply:client-1D999B5F5160->f9fecd82-c7ae-483e-b259-6428f2dfb240@group-7DE138E597A5, cid=3931, SUCCESS, logIndex=5883, commits[f9fecd82-c7ae-483e-b259-6428f2dfb240:c5889, adbfec77-7a0d-4773-aa56-ba0b778d0ab5:c5874, 90c45227-141f-43fe-b831-a2b91b39d6b0:c5874]
2019-07-14 06:27:02,530 INFO  client.GrpcClientProtocolClient (GrpcClientProtocolClient.java:onNext(255)) - client-1D999B5F5160->f9fecd82-c7ae-483e-b259-6428f2dfb240: receive RaftClientReply:client-1D999B5F5160->f9fecd82-c7ae-483e-b259-6428f2dfb240@group-7DE138E597A5, cid=3935, SUCCESS, logIndex=5884, commits[f9fecd82-c7ae-483e-b259-6428f2dfb240:c5889, adbfec77-7a0d-4773-aa56-ba0b778d0ab5:c5874, 90c45227-141f-43fe-b831-a2b91b39d6b0:c5874]
2019-07-14 06:27:02,533 INFO  client.GrpcClientProtocolClient (GrpcClientProtocolClient.java:onNext(255)) - client-1D999B5F5160->f9fecd82-c7ae-483e-b259-6428f2dfb240: receive RaftClientReply:client-1D999B5F5160->f9fecd82-c7ae-483e-b259-6428f2dfb240@group-7DE138E597A5, cid=3936, SUCCESS, logIndex=5885, commits[f9fecd82-c7ae-483e-b259-6428f2dfb240:c5889, adbfec77-7a0d-4773-aa56-ba0b778d0ab5:c5874, 90c45227-141f-43fe-b831-a2b91b39d6b0:c5874]
2019-07-14 06:27:02,537 INFO  client.GrpcClientProtocolClient (GrpcClientProtocolClient.java:onNext(255)) - client-1D999B5F5160->f9fecd82-c7ae-483e-b259-6428f2dfb240: receive RaftClientReply:client-1D999B5F5160->f9fecd82-c7ae-483e-b259-6428f2dfb240@group-7DE138E597A5, cid=3939, SUCCESS, logIndex=0, commits[f9fecd82-c7ae-483e-b259-6428f2dfb240:c5891, adbfec77-7a0d-4773-aa56-ba0b778d0ab5:c5882, 90c45227-141f-43fe-b831-a2b91b39d6b0:c5880]
2019-07-14 06:27:02,538 INFO  client.GrpcClientProtocolClient (GrpcClientProtocolClient.java:onNext(255)) - client-1D999B5F5160->f9fecd82-c7ae-483e-b259-6428f2dfb240: receive RaftClientReply:client-1D999B5F5160->f9fecd82-c7ae-483e-b259-6428f2dfb240@group-7DE138E597A5, cid=3944, SUCCESS, logIndex=0, commits[f9fecd82-c7ae-483e-b259-6428f2dfb240:c5892, adbfec77-7a0d-4773-aa56-ba0b778d0ab5:c5882, 90c45227-141f-43fe-b831-a2b91b39d6b0:c5882]
2019-07-14 06:27:02,549 INFO  client.GrpcClientProtocolClient (GrpcClientProtocolClient.java:onNext(255)) - client-1D999B5F5160->f9fecd82-c7ae-483e-b259-6428f2dfb240: receive RaftClientReply:client-1D999B5F5160->f9fecd82-c7ae-483e-b259-6428f2dfb240@group-7DE138E597A5, cid=3945, SUCCESS, logIndex=0, commits[f9fecd82-c7ae-483e-b259-6428f2dfb240:c5892, adbfec77-7a0d-4773-aa56-ba0b778d0ab5:c5889, 90c45227-141f-43fe-b831-a2b91b39d6b0:c5889]
2019-07-14 06:27:02,549 INFO  client.GrpcClientProtocolClient (GrpcClientProtocolClient.java:onNext(255)) - client-1D999B5F5160->f9fecd82-c7ae-483e-b259-6428f2dfb240: receive RaftClientReply:client-1D999B5F5160->f9fecd82-c7ae-483e-b259-6428f2dfb240@group-7DE138E597A5, cid=3941, SUCCESS, logIndex=5893, commits[f9fecd82-c7ae-483e-b259-6428f2dfb240:c5894, adbfec77-7a0d-4773-aa56-ba0b778d0ab5:c5889, 90c45227-141f-43fe-b831-a2b91b39d6b0:c5889]
2019-07-14 06:27:02,549 INFO  client.GrpcClientProtocolClient (GrpcClientProtocolClient.java:onNext(255)) - client-1D999B5F5160->f9fecd82-c7ae-483e-b259-6428f2dfb240: receive RaftClientReply:client-1D999B5F5160->f9fecd82-c7ae-483e-b259-6428f2dfb240@group-7DE138E597A5, cid=3946, SUCCESS, logIndex=0, commits[f9fecd82-c7ae-483e-b259-6428f2dfb240:c5894, adbfec77-7a0d-4773-aa56-ba0b778d0ab5:c5889, 90c45227-141f-43fe-b831-a2b91b39d6b0:c5889]
2019-07-14 06:27:02,550 INFO  client.GrpcClientProtocolClient (GrpcClientProtocolClient.java:onNext(255)) - client-1D999B5F5160->f9fecd82-c7ae-483e-b259-6428f2dfb240: receive RaftClientReply:client-1D999B5F5160->f9fecd82-c7ae-483e-b259-6428f2dfb240@group-7DE138E597A5, cid=3940, SUCCESS, logIndex=5894, commits[f9fecd82-c7ae-483e-b259-6428f2dfb240:c5894, adbfec77-7a0d-4773-aa56-ba0b778d0ab5:c5889, 90c45227-141f-43fe-b831-a2b91b39d6b0:c5889]
2019-07-14 06:27:02,551 INFO  client.GrpcClientProtocolClient (GrpcClientProtocolClient.java:onNext(255)) - client-1D999B5F5160->f9fecd82-c7ae-483e-b259-6428f2dfb240: receive RaftClientReply:client-1D999B5F5160->f9fecd82-c7ae-483e-b259-6428f2dfb240@group-7DE138E597A5, cid=3942, SUCCESS, logIndex=5895, commits[f9fecd82-c7ae-483e-b259-6428f2dfb240:c5896, adbfec77-7a0d-4773-aa56-ba0b778d0ab5:c5889, 90c45227-141f-43fe-b831-a2b91b39d6b0:c5889]
2019-07-14 06:27:02,551 INFO  client.GrpcClientProtocolClient (GrpcClientProtocolClient.java:onNext(255)) - client-1D999B5F5160->f9fecd82-c7ae-483e-b259-6428f2dfb240: receive RaftClientReply:client-1D999B5F5160->f9fecd82-c7ae-483e-b259-6428f2dfb240@group-7DE138E597A5, cid=3943, SUCCESS, logIndex=5896, commits[f9fecd82-c7ae-483e-b259-6428f2dfb240:c5896, adbfec77-7a0d-4773-aa56-ba0b778d0ab5:c5889, 90c45227-141f-43fe-b831-a2b91b39d6b0:c5889]
2019-07-14 06:27:02,561 INFO  client.GrpcClientProtocolClient (GrpcClientProtocolClient.java:onNext(255)) - client-1D999B5F5160->f9fecd82-c7ae-483e-b259-6428f2dfb240: receive RaftClientReply:client-1D999B5F5160->f9fecd82-c7ae-483e-b259-6428f2dfb240@group-7DE138E597A5, cid=3947, SUCCESS, logIndex=5897, commits[f9fecd82-c7ae-483e-b259-6428f2dfb240:c5898, adbfec77-7a0d-4773-aa56-ba0b778d0ab5:c5892, 90c45227-141f-43fe-b831-a2b91b39d6b0:c5891]
2019-07-14 06:27:02,562 INFO  client.GrpcClientProtocolClient (GrpcClientProtocolClient.java:onNext(255)) - client-1D999B5F5160->f9fecd82-c7ae-483e-b259-6428f2dfb240: receive RaftClientReply:client-1D999B5F5160->f9fecd82-c7ae-483e-b259-6428f2dfb240@group-7DE138E597A5, cid=3950, SUCCESS, logIndex=5898, commits[f9fecd82-c7ae-483e-b259-6428f2dfb240:c5898, adbfec77-7a0d-4773-aa56-ba0b778d0ab5:c5892, 90c45227-141f-43fe-b831-a2b91b39d6b0:c5891]
2019-07-14 06:27:02,562 INFO  client.GrpcClientProtocolClient (GrpcClientProtocolClient.java:onNext(255)) - client-1D999B5F5160->f9fecd82-c7ae-483e-b259-6428f2dfb240: receive RaftClientReply:client-1D999B5F5160->f9fecd82-c7ae-483e-b259-6428f2dfb240@group-7DE138E597A5, cid=3948, SUCCESS, logIndex=5899, commits[f9fecd82-c7ae-483e-b259-6428f2dfb240:c5900, adbfec77-7a0d-4773-aa56-ba0b778d0ab5:c5892, 90c45227-141f-43fe-b831-a2b91b39d6b0:c5892]
2019-07-14 06:27:02,563 INFO  client.GrpcClientProtocolClient (GrpcClientProtocolClient.java:onNext(255)) - client-1D999B5F5160->f9fecd82-c7ae-483e-b259-6428f2dfb240: receive RaftClientReply:client-1D999B5F5160->f9fecd82-c7ae-483e-b259-6428f2dfb240@group-7DE138E597A5, cid=3949, SUCCESS, logIndex=5900, commits[f9fecd82-c7ae-483e-b259-6428f2dfb240:c5900, adbfec77-7a0d-4773-aa56-ba0b778d0ab5:c5892, 90c45227-141f-43fe-b831-a2b91b39d6b0:c5892]
2019-07-14 06:27:02,564 INFO  client.GrpcClientProtocolClient (GrpcClientProtocolClient.java:onNext(255)) - client-1D999B5F5160->f9fecd82-c7ae-483e-b259-6428f2dfb240: receive RaftClientReply:client-1D999B5F5160->f9fecd82-c7ae-483e-b259-6428f2dfb240@group-7DE138E597A5, cid=3952, SUCCESS, logIndex=5901, commits[f9fecd82-c7ae-483e-b259-6428f2dfb240:c5903, adbfec77-7a0d-4773-aa56-ba0b778d0ab5:c5892, 90c45227-141f-43fe-b831-a2b91b39d6b0:c5892]
2019-07-14 06:27:02,565 INFO  client.GrpcClientProtocolClient (GrpcClientProtocolClient.java:onNext(255)) - client-1D999B5F5160->f9fecd82-c7ae-483e-b259-6428f2dfb240: receive RaftClientReply:client-1D999B5F5160->f9fecd82-c7ae-483e-b259-6428f2dfb240@group-7DE138E597A5, cid=3951, SUCCESS, logIndex=5902, commits[f9fecd82-c7ae-483e-b259-6428f2dfb240:c5904, adbfec77-7a0d-4773-aa56-ba0b778d0ab5:c5892, 90c45227-141f-43fe-b831-a2b91b39d6b0:c5892]
2019-07-14 06:27:02,565 INFO  client.GrpcClientProtocolClient (GrpcClientProtocolClient.java:onNext(255)) - client-1D999B5F5160->f9fecd82-c7ae-483e-b259-6428f2dfb240: receive RaftClientReply:client-1D999B5F5160->f9fecd82-c7ae-483e-b259-6428f2dfb240@group-7DE138E597A5, cid=3953, SUCCESS, logIndex=5903, commits[f9fecd82-c7ae-483e-b259-6428f2dfb240:c5903, adbfec77-7a0d-4773-aa56-ba0b778d0ab5:c5892, 90c45227-141f-43fe-b831-a2b91b39d6b0:c5892]
2019-07-14 06:27:02,566 INFO  client.GrpcClientProtocolClient (GrpcClientProtocolClient.java:onNext(255)) - client-1D999B5F5160->f9fecd82-c7ae-483e-b259-6428f2dfb240: receive RaftClientReply:client-1D999B5F5160->f9fecd82-c7ae-483e-b259-6428f2dfb240@group-7DE138E597A5, cid=3954, SUCCESS, logIndex=5904, commits[f9fecd82-c7ae-483e-b259-6428f2dfb240:c5904, adbfec77-7a0d-4773-aa56-ba0b778d0ab5:c5892, 90c45227-141f-43fe-b831-a2b91b39d6b0:c5892]
2019-07-14 06:27:02,566 INFO  client.GrpcClientProtocolClient (GrpcClientProtocolClient.java:onNext(255)) - client-1D999B5F5160->f9fecd82-c7ae-483e-b259-6428f2dfb240: receive RaftClientReply:client-1D999B5F5160->f9fecd82-c7ae-483e-b259-6428f2dfb240@group-7DE138E597A5, cid=3955, SUCCESS, logIndex=5905, commits[f9fecd82-c7ae-483e-b259-6428f2dfb240:c5908, adbfec77-7a0d-4773-aa56-ba0b778d0ab5:c5892, 90c45227-141f-43fe-b831-a2b91b39d6b0:c5892]
2019-07-14 06:27:02,568 INFO  client.GrpcClientProtocolClient (GrpcClientProtocolClient.java:onNext(255)) - client-1D999B5F5160->f9fecd82-c7ae-483e-b259-6428f2dfb240: receive RaftClientReply:client-1D999B5F5160->f9fecd82-c7ae-483e-b259-6428f2dfb240@group-7DE138E597A5, cid=3959, SUCCESS, logIndex=0, commits[f9fecd82-c7ae-483e-b259-6428f2dfb240:c5914, adbfec77-7a0d-4773-aa56-ba0b778d0ab5:c5896, 90c45227-141f-43fe-b831-a2b91b39d6b0:c5896]
2019-07-14 06:27:02,568 INFO  client.GrpcClientProtocolClient (GrpcClientProtocolClient.java:onNext(255)) - client-1D999B5F5160->f9fecd82-c7ae-483e-b259-6428f2dfb240: receive RaftClientReply:client-1D999B5F5160->f9fecd82-c7ae-483e-b259-6428f2dfb240@group-7DE138E597A5, cid=3960, SUCCESS, logIndex=0, commits[f9fecd82-c7ae-483e-b259-6428f2dfb240:c5914, adbfec77-7a0d-4773-aa56-ba0b778d0ab5:c5896, 90c45227-141f-43fe-b831-a2b91b39d6b0:c5896]
2019-07-14 06:27:02,568 INFO  client.GrpcClientProtocolClient (GrpcClientProtocolClient.java:onNext(255)) - client-1D999B5F5160->f9fecd82-c7ae-483e-b259-6428f2dfb240: receive RaftClientReply:client-1D999B5F5160->f9fecd82-c7ae-483e-b259-6428f2dfb240@group-7DE138E597A5, cid=3956, SUCCESS, logIndex=5906, commits[f9fecd82-c7ae-483e-b259-6428f2dfb240:c5910, adbfec77-7a0d-4773-aa56-ba0b778d0ab5:c5894, 90c45227-141f-43fe-b831-a2b91b39d6b0:c5894]
2019-07-14 06:27:02,569 INFO  client.GrpcClientProtocolClient (GrpcClientProtocolClient.java:onNext(255)) - client-1D999B5F5160->f9fecd82-c7ae-483e-b259-6428f2dfb240: receive RaftClientReply:client-1D999B5F5160->f9fecd82-c7ae-483e-b259-6428f2dfb240@group-7DE138E597A5, cid=3957, SUCCESS, logIndex=5907, commits[f9fecd82-c7ae-483e-b259-6428f2dfb240:c5908, adbfec77-7a0d-4773-aa56-ba0b778d0ab5:c5892, 90c45227-141f-43fe-b831-a2b91b39d6b0:c5892]
2019-07-14 06:27:02,570 INFO  client.GrpcClientProtocolClient (GrpcClientProtocolClient.java:onNext(255)) - client-1D999B5F5160->f9fecd82-c7ae-483e-b259-6428f2dfb240: receive RaftClientReply:client-1D999B5F5160->f9fecd82-c7ae-483e-b259-6428f2dfb240@group-7DE138E597A5, cid=3958, SUCCESS, logIndex=5908, commits[f9fecd82-c7ae-483e-b259-6428f2dfb240:c5909, adbfec77-7a0d-4773-aa56-ba0b778d0ab5:c5893, 90c45227-141f-43fe-b831-a2b91b39d6b0:c5892]
2019-07-14 06:27:02,571 INFO  client.GrpcClientProtocolClient (GrpcClientProtocolClient.java:onNext(255)) - client-1D999B5F5160->f9fecd82-c7ae-483e-b259-6428f2dfb240: receive RaftClientReply:client-1D999B5F5160->f9fecd82-c7ae-483e-b259-6428f2dfb240@group-7DE138E597A5, cid=3961, SUCCESS, logIndex=5912, commits[f9fecd82-c7ae-483e-b259-6428f2dfb240:c5914, adbfec77-7a0d-4773-aa56-ba0b778d0ab5:c5896, 90c45227-141f-43fe-b831-a2b91b39d6b0:c5894]
2019-07-14 06:27:02,571 INFO  client.GrpcClientProtocolClient (GrpcClientProtocolClient.java:onNext(255)) - client-1D999B5F5160->f9fecd82-c7ae-483e-b259-6428f2dfb240: receive RaftClientReply:client-1D999B5F5160->f9fecd82-c7ae-483e-b259-6428f2dfb240@group-7DE138E597A5, cid=3965, SUCCESS, logIndex=0, commits[f9fecd82-c7ae-483e-b259-6428f2dfb240:c5919, adbfec77-7a0d-4773-aa56-ba0b778d0ab5:c5903, 90c45227-141f-43fe-b831-a2b91b39d6b0:c5903]
2019-07-14 06:27:02,571 INFO  client.GrpcClientProtocolClient (GrpcClientProtocolClient.java:onNext(255)) - client-1D999B5F5160->f9fecd82-c7ae-483e-b259-6428f2dfb240: receive RaftClientReply:client-1D999B5F5160->f9fecd82-c7ae-483e-b259-6428f2dfb240@group-7DE138E597A5, cid=3962, SUCCESS, logIndex=5913, commits[f9fecd82-c7ae-483e-b259-6428f2dfb240:c5914, adbfec77-7a0d-4773-aa56-ba0b778d0ab5:c5896, 90c45227-141f-43fe-b831-a2b91b39d6b0:c5896]
2019-07-14 06:27:02,571 INFO  client.GrpcClientProtocolClient (GrpcClientProtocolClient.java:onNext(255)) - client-1D999B5F5160->f9fecd82-c7ae-483e-b259-6428f2dfb240: receive RaftClientReply:client-1D999B5F5160->f9fecd82-c7ae-483e-b259-6428f2dfb240@group-7DE138E597A5, cid=3966, SUCCESS, logIndex=0, commits[f9fecd82-c7ae-483e-b259-6428f2dfb240:c5921, adbfec77-7a0d-4773-aa56-ba0b778d0ab5:c5907, 90c45227-141f-43fe-b831-a2b91b39d6b0:c5903]
2019-07-14 06:27:02,572 INFO  client.GrpcClientProtocolClient (GrpcClientProtocolClient.java:onNext(255)) - client-1D999B5F5160->f9fecd82-c7ae-483e-b259-6428f2dfb240: receive RaftClientReply:client-1D999B5F5160->f9fecd82-c7ae-483e-b259-6428f2dfb240@group-7DE138E597A5, cid=3963, SUCCESS, logIndex=5914, commits[f9fecd82-c7ae-483e-b259-6428f2dfb240:c5914, adbfec77-7a0d-4773-aa56-ba0b778d0ab5:c5896, 90c45227-141f-43fe-b831-a2b91b39d6b0:c5894]
2019-07-14 06:27:02,572 INFO  client.GrpcClientProtocolClient (GrpcClientProtocolClient.java:onNext(255)) - client-1D999B5F5160->f9fecd82-c7ae-483e-b259-6428f2dfb240: receive RaftClientReply:client-1D999B5F5160->f9fecd82-c7ae-483e-b259-6428f2dfb240@group-7DE138E597A5, cid=3967, SUCCESS, logIndex=0, commits[f9fecd82-c7ae-483e-b259-6428f2dfb240:c5921, adbfec77-7a0d-4773-aa56-ba0b778d0ab5:c5907, 90c45227-141f-43fe-b831-a2b91b39d6b0:c5903]
2019-07-14 06:27:02,572 INFO  client.GrpcClientProtocolClient (GrpcClientProtocolClient.java:onNext(255)) - client-1D999B5F5160->f9fecd82-c7ae-483e-b259-6428f2dfb240: receive RaftClientReply:client-1D999B5F5160->f9fecd82-c7ae-483e-b259-6428f2dfb240@group-7DE138E597A5, cid=3964, SUCCESS, logIndex=5915, commits[f9fecd82-c7ae-483e-b259-6428f2dfb240:c5915, adbfec77-7a0d-4773-aa56-ba0b778d0ab5:c5896, 90c45227-141f-43fe-b831-a2b91b39d6b0:c5896]
2019-07-14 06:27:02,572 INFO  client.GrpcClientProtocolClient (GrpcClientProtocolClient.java:onNext(255)) - client-1D999B5F5160->f9fecd82-c7ae-483e-b259-6428f2dfb240: receive RaftClientReply:client-1D999B5F5160->f9fecd82-c7ae-483e-b259-6428f2dfb240@group-7DE138E597A5, cid=3968, SUCCESS, logIndex=0, commits[f9fecd82-c7ae-483e-b259-6428f2dfb240:c5922, adbfec77-7a0d-4773-aa56-ba0b778d0ab5:c5908, 90c45227-141f-43fe-b831-a2b91b39d6b0:c5904]
2019-07-14 06:27:02,573 INFO  client.GrpcClientProtocolClient (GrpcClientProtocolClient.java:onNext(255)) - client-1D999B5F5160->f9fecd82-c7ae-483e-b259-6428f2dfb240: receive RaftClientReply:client-1D999B5F5160->f9fecd82-c7ae-483e-b259-6428f2dfb240@group-7DE138E597A5, cid=3969, SUCCESS, logIndex=0, commits[f9fecd82-c7ae-483e-b259-6428f2dfb240:c5922, adbfec77-7a0d-4773-aa56-ba0b778d0ab5:c5908, 90c45227-141f-43fe-b831-a2b91b39d6b0:c5908]
2019-07-14 06:27:02,573 INFO  client.GrpcClientProtocolClient (GrpcClientProtocolClient.java:onNext(255)) - client-1D999B5F5160->f9fecd82-c7ae-483e-b259-6428f2dfb240: receive RaftClientReply:client-1D999B5F5160->f9fecd82-c7ae-483e-b259-6428f2dfb240@group-7DE138E597A5, cid=3970, SUCCESS, logIndex=0, commits[f9fecd82-c7ae-483e-b259-6428f2dfb240:c5922, adbfec77-7a0d-4773-aa56-ba0b778d0ab5:c5908, 90c45227-141f-43fe-b831-a2b91b39d6b0:c5908]
2019-07-14 06:27:02,582 INFO  client.GrpcClientProtocolClient (GrpcClientProtocolClient.java:onNext(255)) - client-1D999B5F5160->f9fecd82-c7ae-483e-b259-6428f2dfb240: receive RaftClientReply:client-1D999B5F5160->f9fecd82-c7ae-483e-b259-6428f2dfb240@group-7DE138E597A5, cid=3971, SUCCESS, logIndex=0, commits[f9fecd82-c7ae-483e-b259-6428f2dfb240:c5926, adbfec77-7a0d-4773-aa56-ba0b778d0ab5:c5913, 90c45227-141f-43fe-b831-a2b91b39d6b0:c5915]
2019-07-14 06:27:02,582 INFO  client.GrpcClientProtocolClient (GrpcClientProtocolClient.java:onNext(255)) - client-1D999B5F5160->f9fecd82-c7ae-483e-b259-6428f2dfb240: receive RaftClientReply:client-1D999B5F5160->f9fecd82-c7ae-483e-b259-6428f2dfb240@group-7DE138E597A5, cid=3973, SUCCESS, logIndex=0, commits[f9fecd82-c7ae-483e-b259-6428f2dfb240:c5926, adbfec77-7a0d-4773-aa56-ba0b778d0ab5:c5915, 90c45227-141f-43fe-b831-a2b91b39d6b0:c5915]
2019-07-14 06:27:02,600 INFO  client.GrpcClientProtocolClient (GrpcClientProtocolClient.java:onNext(255)) - client-1D999B5F5160->f9fecd82-c7ae-483e-b259-6428f2dfb240: receive RaftClientReply:client-1D999B5F5160->f9fecd82-c7ae-483e-b259-6428f2dfb240@group-7DE138E597A5, cid=3972, SUCCESS, logIndex=5927, commits[f9fecd82-c7ae-483e-b259-6428f2dfb240:c5928, adbfec77-7a0d-4773-aa56-ba0b778d0ab5:c5922, 90c45227-141f-43fe-b831-a2b91b39d6b0:c5922]
2019-07-14 06:27:02,601 INFO  client.GrpcClientProtocolClient (GrpcClientProtocolClient.java:onNext(255)) - client-1D999B5F5160->f9fecd82-c7ae-483e-b259-6428f2dfb240: receive RaftClientReply:client-1D999B5F5160->f9fecd82-c7ae-483e-b259-6428f2dfb240@group-7DE138E597A5, cid=3974, SUCCESS, logIndex=5928, commits[f9fecd82-c7ae-483e-b259-6428f2dfb240:c5930, adbfec77-7a0d-4773-aa56-ba0b778d0ab5:c5922, 90c45227-141f-43fe-b831-a2b91b39d6b0:c5922]
2019-07-14 06:27:02,602 INFO  client.GrpcClientProtocolClient (GrpcClientProtocolClient.java:onNext(255)) - client-1D999B5F5160->f9fecd82-c7ae-483e-b259-6428f2dfb240: receive RaftClientReply:client-1D999B5F5160->f9fecd82-c7ae-483e-b259-6428f2dfb240@group-7DE138E597A5, cid=3975, SUCCESS, logIndex=5929, commits[f9fecd82-c7ae-483e-b259-6428f2dfb240:c5930, adbfec77-7a0d-4773-aa56-ba0b778d0ab5:c5922, 90c45227-141f-43fe-b831-a2b91b39d6b0:c5922]
2019-07-14 06:27:02,602 INFO  client.GrpcClientProtocolClient (GrpcClientProtocolClient.java:onNext(255)) - client-1D999B5F5160->f9fecd82-c7ae-483e-b259-6428f2dfb240: receive RaftClientReply:client-1D999B5F5160->f9fecd82-c7ae-483e-b259-6428f2dfb240@group-7DE138E597A5, cid=3976, SUCCESS, logIndex=5930, commits[f9fecd82-c7ae-483e-b259-6428f2dfb240:c5931, adbfec77-7a0d-4773-aa56-ba0b778d0ab5:c5922, 90c45227-141f-43fe-b831-a2b91b39d6b0:c5922]
2019-07-14 06:27:02,603 INFO  client.GrpcClientProtocolClient (GrpcClientProtocolClient.java:onNext(255)) - client-1D999B5F5160->f9fecd82-c7ae-483e-b259-6428f2dfb240: receive RaftClientReply:client-1D999B5F5160->f9fecd82-c7ae-483e-b259-6428f2dfb240@group-7DE138E597A5, cid=3977, SUCCESS, logIndex=5931, commits[f9fecd82-c7ae-483e-b259-6428f2dfb240:c5931, adbfec77-7a0d-4773-aa56-ba0b778d0ab5:c5922, 90c45227-141f-43fe-b831-a2b91b39d6b0:c5922]
2019-07-14 06:27:02,604 INFO  client.GrpcClientProtocolClient (GrpcClientProtocolClient.java:onNext(255)) - client-1D999B5F5160->f9fecd82-c7ae-483e-b259-6428f2dfb240: receive RaftClientReply:client-1D999B5F5160->f9fecd82-c7ae-483e-b259-6428f2dfb240@group-7DE138E597A5, cid=3978, SUCCESS, logIndex=5932, commits[f9fecd82-c7ae-483e-b259-6428f2dfb240:c5942, adbfec77-7a0d-4773-aa56-ba0b778d0ab5:c5922, 90c45227-141f-43fe-b831-a2b91b39d6b0:c5922]
2019-07-14 06:27:02,604 INFO  client.GrpcClientProtocolClient (GrpcClientProtocolClient.java:onNext(255)) - client-1D999B5F5160->f9fecd82-c7ae-483e-b259-6428f2dfb240: receive RaftClientReply:client-1D999B5F5160->f9fecd82-c7ae-483e-b259-6428f2dfb240@group-7DE138E597A5, cid=3979, SUCCESS, logIndex=5933, commits[f9fecd82-c7ae-483e-b259-6428f2dfb240:c5942, adbfec77-7a0d-4773-aa56-ba0b778d0ab5:c5922, 90c45227-141f-43fe-b831-a2b91b39d6b0:c5922]
2019-07-14 06:27:02,604 INFO  client.GrpcClientProtocolClient (GrpcClientProtocolClient.java:onNext(255)) - client-1D999B5F5160->f9fecd82-c7ae-483e-b259-6428f2dfb240: receive RaftClientReply:client-1D999B5F5160->f9fecd82-c7ae-483e-b259-6428f2dfb240@group-7DE138E597A5, cid=3980, SUCCESS, logIndex=5934, commits[f9fecd82-c7ae-483e-b259-6428f2dfb240:c5942, adbfec77-7a0d-4773-aa56-ba0b778d0ab5:c5922, 90c45227-141f-43fe-b831-a2b91b39d6b0:c5922]
2019-07-14 06:27:02,605 INFO  client.GrpcClientProtocolClient (GrpcClientProtocolClient.java:onNext(255)) - client-1D999B5F5160->f9fecd82-c7ae-483e-b259-6428f2dfb240: receive RaftClientReply:client-1D999B5F5160->f9fecd82-c7ae-483e-b259-6428f2dfb240@group-7DE138E597A5, cid=3981, SUCCESS, logIndex=5935, commits[f9fecd82-c7ae-483e-b259-6428f2dfb240:c5942, adbfec77-7a0d-4773-aa56-ba0b778d0ab5:c5922, 90c45227-141f-43fe-b831-a2b91b39d6b0:c5922]
2019-07-14 06:27:02,605 INFO  client.GrpcClientProtocolClient (GrpcClientProtocolClient.java:onNext(255)) - client-1D999B5F5160->f9fecd82-c7ae-483e-b259-6428f2dfb240: receive RaftClientReply:client-1D999B5F5160->f9fecd82-c7ae-483e-b259-6428f2dfb240@group-7DE138E597A5, cid=3982, SUCCESS, logIndex=5936, commits[f9fecd82-c7ae-483e-b259-6428f2dfb240:c5942, adbfec77-7a0d-4773-aa56-ba0b778d0ab5:c5922, 90c45227-141f-43fe-b831-a2b91b39d6b0:c5922]
2019-07-14 06:27:02,605 INFO  client.GrpcClientProtocolClient (GrpcClientProtocolClient.java:onNext(255)) - client-1D999B5F5160->f9fecd82-c7ae-483e-b259-6428f2dfb240: receive RaftClientReply:client-1D999B5F5160->f9fecd82-c7ae-483e-b259-6428f2dfb240@group-7DE138E597A5, cid=3983, SUCCESS, logIndex=5937, commits[f9fecd82-c7ae-483e-b259-6428f2dfb240:c5942, adbfec77-7a0d-4773-aa56-ba0b778d0ab5:c5922, 90c45227-141f-43fe-b831-a2b91b39d6b0:c5922]
2019-07-14 06:27:02,606 INFO  client.GrpcClientProtocolClient (GrpcClientProtocolClient.java:onNext(255)) - client-1D999B5F5160->f9fecd82-c7ae-483e-b259-6428f2dfb240: receive RaftClientReply:client-1D999B5F5160->f9fecd82-c7ae-483e-b259-6428f2dfb240@group-7DE138E597A5, cid=3984, SUCCESS, logIndex=5938, commits[f9fecd82-c7ae-483e-b259-6428f2dfb240:c5942, adbfec77-7a0d-4773-aa56-ba0b778d0ab5:c5922, 90c45227-141f-43fe-b831-a2b91b39d6b0:c5922]
2019-07-14 06:27:02,606 INFO  client.GrpcClientProtocolClient (GrpcClientProtocolClient.java:onNext(255)) - client-1D999B5F5160->f9fecd82-c7ae-483e-b259-6428f2dfb240: receive RaftClientReply:client-1D999B5F5160->f9fecd82-c7ae-483e-b259-6428f2dfb240@group-7DE138E597A5, cid=3985, SUCCESS, logIndex=5939, commits[f9fecd82-c7ae-483e-b259-6428f2dfb240:c5942, adbfec77-7a0d-4773-aa56-ba0b778d0ab5:c5922, 90c45227-141f-43fe-b831-a2b91b39d6b0:c5922]
2019-07-14 06:27:02,606 INFO  client.GrpcClientProtocolClient (GrpcClientProtocolClient.java:onNext(255)) - client-1D999B5F5160->f9fecd82-c7ae-483e-b259-6428f2dfb240: receive RaftClientReply:client-1D999B5F5160->f9fecd82-c7ae-483e-b259-6428f2dfb240@group-7DE138E597A5, cid=3986, SUCCESS, logIndex=5940, commits[f9fecd82-c7ae-483e-b259-6428f2dfb240:c5942, adbfec77-7a0d-4773-aa56-ba0b778d0ab5:c5922, 90c45227-141f-43fe-b831-a2b91b39d6b0:c5922]
2019-07-14 06:27:02,606 INFO  client.GrpcClientProtocolClient (GrpcClientProtocolClient.java:onNext(255)) - client-1D999B5F5160->f9fecd82-c7ae-483e-b259-6428f2dfb240: receive RaftClientReply:client-1D999B5F5160->f9fecd82-c7ae-483e-b259-6428f2dfb240@group-7DE138E597A5, cid=3987, SUCCESS, logIndex=5941, commits[f9fecd82-c7ae-483e-b259-6428f2dfb240:c5942, adbfec77-7a0d-4773-aa56-ba0b778d0ab5:c5922, 90c45227-141f-43fe-b831-a2b91b39d6b0:c5922]
2019-07-14 06:27:02,606 INFO  client.GrpcClientProtocolClient (GrpcClientProtocolClient.java:onNext(255)) - client-1D999B5F5160->f9fecd82-c7ae-483e-b259-6428f2dfb240: receive RaftClientReply:client-1D999B5F5160->f9fecd82-c7ae-483e-b259-6428f2dfb240@group-7DE138E597A5, cid=3988, SUCCESS, logIndex=5942, commits[f9fecd82-c7ae-483e-b259-6428f2dfb240:c5942, adbfec77-7a0d-4773-aa56-ba0b778d0ab5:c5922, 90c45227-141f-43fe-b831-a2b91b39d6b0:c5922]
2019-07-14 06:27:02,613 INFO  client.GrpcClientProtocolClient (GrpcClientProtocolClient.java:onNext(255)) - client-1D999B5F5160->f9fecd82-c7ae-483e-b259-6428f2dfb240: receive RaftClientReply:client-1D999B5F5160->f9fecd82-c7ae-483e-b259-6428f2dfb240@group-7DE138E597A5, cid=3989, SUCCESS, logIndex=5943, commits[f9fecd82-c7ae-483e-b259-6428f2dfb240:c5943, adbfec77-7a0d-4773-aa56-ba0b778d0ab5:c5922, 90c45227-141f-43fe-b831-a2b91b39d6b0:c5926]
2019-07-14 06:27:02,613 INFO  client.GrpcClientProtocolClient (GrpcClientProtocolClient.java:onNext(255)) - client-1D999B5F5160->f9fecd82-c7ae-483e-b259-6428f2dfb240: receive RaftClientReply:client-1D999B5F5160->f9fecd82-c7ae-483e-b259-6428f2dfb240@group-7DE138E597A5, cid=3990, SUCCESS, logIndex=5944, commits[f9fecd82-c7ae-483e-b259-6428f2dfb240:c5947, adbfec77-7a0d-4773-aa56-ba0b778d0ab5:c5922, 90c45227-141f-43fe-b831-a2b91b39d6b0:c5928]
2019-07-14 06:27:02,614 INFO  client.GrpcClientProtocolClient (GrpcClientProtocolClient.java:onNext(255)) - client-1D999B5F5160->f9fecd82-c7ae-483e-b259-6428f2dfb240: receive RaftClientReply:client-1D999B5F5160->f9fecd82-c7ae-483e-b259-6428f2dfb240@group-7DE138E597A5, cid=3991, SUCCESS, logIndex=5945, commits[f9fecd82-c7ae-483e-b259-6428f2dfb240:c5948, adbfec77-7a0d-4773-aa56-ba0b778d0ab5:c5926, 90c45227-141f-43fe-b831-a2b91b39d6b0:c5931]
2019-07-14 06:27:02,614 INFO  client.GrpcClientProtocolClient (GrpcClientProtocolClient.java:onNext(255)) - client-1D999B5F5160->f9fecd82-c7ae-483e-b259-6428f2dfb240: receive RaftClientReply:client-1D999B5F5160->f9fecd82-c7ae-483e-b259-6428f2dfb240@group-7DE138E597A5, cid=3992, SUCCESS, logIndex=5946, commits[f9fecd82-c7ae-483e-b259-6428f2dfb240:c5950, adbfec77-7a0d-4773-aa56-ba0b778d0ab5:c5926, 90c45227-141f-43fe-b831-a2b91b39d6b0:c5931]
2019-07-14 06:27:02,615 INFO  client.GrpcClientProtocolClient (GrpcClientProtocolClient.java:onNext(255)) - client-1D999B5F5160->f9fecd82-c7ae-483e-b259-6428f2dfb240: receive RaftClientReply:client-1D999B5F5160->f9fecd82-c7ae-483e-b259-6428f2dfb240@group-7DE138E597A5, cid=3993, SUCCESS, logIndex=0, commits[f9fecd82-c7ae-483e-b259-6428f2dfb240:c5950, adbfec77-7a0d-4773-aa56-ba0b778d0ab5:c5928, 90c45227-141f-43fe-b831-a2b91b39d6b0:c5931]
2019-07-14 06:27:02,616 INFO  client.GrpcClientProtocolClient (GrpcClientProtocolClient.java:onNext(255)) - client-1D999B5F5160->f9fecd82-c7ae-483e-b259-6428f2dfb240: receive RaftClientReply:client-1D999B5F5160->f9fecd82-c7ae-483e-b259-6428f2dfb240@group-7DE138E597A5, cid=3994, SUCCESS, logIndex=0, commits[f9fecd82-c7ae-483e-b259-6428f2dfb240:c5952, adbfec77-7a0d-4773-aa56-ba0b778d0ab5:c5930, 90c45227-141f-43fe-b831-a2b91b39d6b0:c5944]
2019-07-14 06:27:02,616 INFO  client.GrpcClientProtocolClient (GrpcClientProtocolClient.java:onNext(255)) - client-1D999B5F5160->f9fecd82-c7ae-483e-b259-6428f2dfb240: receive RaftClientReply:client-1D999B5F5160->f9fecd82-c7ae-483e-b259-6428f2dfb240@group-7DE138E597A5, cid=3995, SUCCESS, logIndex=0, commits[f9fecd82-c7ae-483e-b259-6428f2dfb240:c5953, adbfec77-7a0d-4773-aa56-ba0b778d0ab5:c5942, 90c45227-141f-43fe-b831-a2b91b39d6b0:c5944]
2019-07-14 06:27:02,616 INFO  client.GrpcClientProtocolClient (GrpcClientProtocolClient.java:onNext(255)) - client-1D999B5F5160->f9fecd82-c7ae-483e-b259-6428f2dfb240: receive RaftClientReply:client-1D999B5F5160->f9fecd82-c7ae-483e-b259-6428f2dfb240@group-7DE138E597A5, cid=3996, SUCCESS, logIndex=0, commits[f9fecd82-c7ae-483e-b259-6428f2dfb240:c5954, adbfec77-7a0d-4773-aa56-ba0b778d0ab5:c5942, 90c45227-141f-43fe-b831-a2b91b39d6b0:c5946]
2019-07-14 06:27:02,617 INFO  client.GrpcClientProtocolClient (GrpcClientProtocolClient.java:onNext(255)) - client-1D999B5F5160->f9fecd82-c7ae-483e-b259-6428f2dfb240: receive RaftClientReply:client-1D999B5F5160->f9fecd82-c7ae-483e-b259-6428f2dfb240@group-7DE138E597A5, cid=3997, SUCCESS, logIndex=0, commits[f9fecd82-c7ae-483e-b259-6428f2dfb240:c5954, adbfec77-7a0d-4773-aa56-ba0b778d0ab5:c5942, 90c45227-141f-43fe-b831-a2b91b39d6b0:c5946]
2019-07-14 06:27:02,617 INFO  client.GrpcClientProtocolClient (GrpcClientProtocolClient.java:onNext(255)) - client-1D999B5F5160->f9fecd82-c7ae-483e-b259-6428f2dfb240: receive RaftClientReply:client-1D999B5F5160->f9fecd82-c7ae-483e-b259-6428f2dfb240@group-7DE138E597A5, cid=3998, SUCCESS, logIndex=0, commits[f9fecd82-c7ae-483e-b259-6428f2dfb240:c5954, adbfec77-7a0d-4773-aa56-ba0b778d0ab5:c5942, 90c45227-141f-43fe-b831-a2b91b39d6b0:c5946]
2019-07-14 06:27:02,617 INFO  client.GrpcClientProtocolClient (GrpcClientProtocolClient.java:onNext(255)) - client-1D999B5F5160->f9fecd82-c7ae-483e-b259-6428f2dfb240: receive RaftClientReply:client-1D999B5F5160->f9fecd82-c7ae-483e-b259-6428f2dfb240@group-7DE138E597A5, cid=3999, SUCCESS, logIndex=0, commits[f9fecd82-c7ae-483e-b259-6428f2dfb240:c5954, adbfec77-7a0d-4773-aa56-ba0b778d0ab5:c5942, 90c45227-141f-43fe-b831-a2b91b39d6b0:c5946]
2019-07-14 06:27:02,618 INFO  client.GrpcClientProtocolClient (GrpcClientProtocolClient.java:onNext(255)) - client-1D999B5F5160->f9fecd82-c7ae-483e-b259-6428f2dfb240: receive RaftClientReply:client-1D999B5F5160->f9fecd82-c7ae-483e-b259-6428f2dfb240@group-7DE138E597A5, cid=4000, SUCCESS, logIndex=0, commits[f9fecd82-c7ae-483e-b259-6428f2dfb240:c5954, adbfec77-7a0d-4773-aa56-ba0b778d0ab5:c5942, 90c45227-141f-43fe-b831-a2b91b39d6b0:c5946]
2019-07-14 06:27:02,626 INFO  client.GrpcClientProtocolClient (GrpcClientProtocolClient.java:onNext(255)) - client-1D999B5F5160->f9fecd82-c7ae-483e-b259-6428f2dfb240: receive RaftClientReply:client-1D999B5F5160->f9fecd82-c7ae-483e-b259-6428f2dfb240@group-7DE138E597A5, cid=4001, SUCCESS, logIndex=0, commits[f9fecd82-c7ae-483e-b259-6428f2dfb240:c5954, adbfec77-7a0d-4773-aa56-ba0b778d0ab5:c5946, 90c45227-141f-43fe-b831-a2b91b39d6b0:c5946]
2019-07-14 06:27:02,627 INFO  client.GrpcClientProtocolClient (GrpcClientProtocolClient.java:onNext(255)) - client-1D999B5F5160->f9fecd82-c7ae-483e-b259-6428f2dfb240: receive RaftClientReply:client-1D999B5F5160->f9fecd82-c7ae-483e-b259-6428f2dfb240@group-7DE138E597A5, cid=4002, SUCCESS, logIndex=0, commits[f9fecd82-c7ae-483e-b259-6428f2dfb240:c5954, adbfec77-7a0d-4773-aa56-ba0b778d0ab5:c5946, 90c45227-141f-43fe-b831-a2b91b39d6b0:c5946]
2019-07-14 06:27:02,641 INFO  client.GrpcClientProtocolClient (GrpcClientProtocolClient.java:onNext(255)) - client-1D999B5F5160->f9fecd82-c7ae-483e-b259-6428f2dfb240: receive RaftClientReply:client-1D999B5F5160->f9fecd82-c7ae-483e-b259-6428f2dfb240@group-7DE138E597A5, cid=4003, SUCCESS, logIndex=5955, commits[f9fecd82-c7ae-483e-b259-6428f2dfb240:c5956, adbfec77-7a0d-4773-aa56-ba0b778d0ab5:c5954, 90c45227-141f-43fe-b831-a2b91b39d6b0:c5954]
2019-07-14 06:27:02,641 INFO  client.GrpcClientProtocolClient (GrpcClientProtocolClient.java:onNext(255)) - client-1D999B5F5160->f9fecd82-c7ae-483e-b259-6428f2dfb240: receive RaftClientReply:client-1D999B5F5160->f9fecd82-c7ae-483e-b259-6428f2dfb240@group-7DE138E597A5, cid=4004, SUCCESS, logIndex=5956, commits[f9fecd82-c7ae-483e-b259-6428f2dfb240:c5956, adbfec77-7a0d-4773-aa56-ba0b778d0ab5:c5954, 90c45227-141f-43fe-b831-a2b91b39d6b0:c5954]
2019-07-14 06:27:02,642 INFO  client.GrpcClientProtocolClient (GrpcClientProtocolClient.java:onNext(255)) - client-1D999B5F5160->f9fecd82-c7ae-483e-b259-6428f2dfb240: receive RaftClientReply:client-1D999B5F5160->f9fecd82-c7ae-483e-b259-6428f2dfb240@group-7DE138E597A5, cid=4005, SUCCESS, logIndex=5957, commits[f9fecd82-c7ae-483e-b259-6428f2dfb240:c5957, adbfec77-7a0d-4773-aa56-ba0b778d0ab5:c5954, 90c45227-141f-43fe-b831-a2b91b39d6b0:c5954]
2019-07-14 06:27:02,643 INFO  client.GrpcClientProtocolClient (GrpcClientProtocolClient.java:onNext(255)) - client-1D999B5F5160->f9fecd82-c7ae-483e-b259-6428f2dfb240: receive RaftClientReply:client-1D999B5F5160->f9fecd82-c7ae-483e-b259-6428f2dfb240@group-7DE138E597A5, cid=4006, SUCCESS, logIndex=5958, commits[f9fecd82-c7ae-483e-b259-6428f2dfb240:c5960, adbfec77-7a0d-4773-aa56-ba0b778d0ab5:c5954, 90c45227-141f-43fe-b831-a2b91b39d6b0:c5954]
2019-07-14 06:27:02,644 INFO  client.GrpcClientProtocolClient (GrpcClientProtocolClient.java:onNext(255)) - client-1D999B5F5160->f9fecd82-c7ae-483e-b259-6428f2dfb240: receive RaftClientReply:client-1D999B5F5160->f9fecd82-c7ae-483e-b259-6428f2dfb240@group-7DE138E597A5, cid=4008, SUCCESS, logIndex=5959, commits[f9fecd82-c7ae-483e-b259-6428f2dfb240:c5961, adbfec77-7a0d-4773-aa56-ba0b778d0ab5:c5954, 90c45227-141f-43fe-b831-a2b91b39d6b0:c5954]
2019-07-14 06:27:02,644 INFO  client.GrpcClientProtocolClient (GrpcClientProtocolClient.java:onNext(255)) - client-1D999B5F5160->f9fecd82-c7ae-483e-b259-6428f2dfb240: receive RaftClientReply:client-1D999B5F5160->f9fecd82-c7ae-483e-b259-6428f2dfb240@group-7DE138E597A5, cid=4009, SUCCESS, logIndex=5960, commits[f9fecd82-c7ae-483e-b259-6428f2dfb240:c5960, adbfec77-7a0d-4773-aa56-ba0b778d0ab5:c5954, 90c45227-141f-43fe-b831-a2b91b39d6b0:c5954]
2019-07-14 06:27:02,645 INFO  client.GrpcClientProtocolClient (GrpcClientProtocolClient.java:onNext(255)) - client-1D999B5F5160->f9fecd82-c7ae-483e-b259-6428f2dfb240: receive RaftClientReply:client-1D999B5F5160->f9fecd82-c7ae-483e-b259-6428f2dfb240@group-7DE138E597A5, cid=4010, SUCCESS, logIndex=5961, commits[f9fecd82-c7ae-483e-b259-6428f2dfb240:c5961, adbfec77-7a0d-4773-aa56-ba0b778d0ab5:c5954, 90c45227-141f-43fe-b831-a2b91b39d6b0:c5954]
2019-07-14 06:27:02,646 INFO  client.GrpcClientProtocolClient (GrpcClientProtocolClient.java:onNext(255)) - client-1D999B5F5160->f9fecd82-c7ae-483e-b259-6428f2dfb240: receive RaftClientReply:client-1D999B5F5160->f9fecd82-c7ae-483e-b259-6428f2dfb240@group-7DE138E597A5, cid=4011, SUCCESS, logIndex=5962, commits[f9fecd82-c7ae-483e-b259-6428f2dfb240:c5967, adbfec77-7a0d-4773-aa56-ba0b778d0ab5:c5954, 90c45227-141f-43fe-b831-a2b91b39d6b0:c5954]
2019-07-14 06:27:02,647 INFO  client.GrpcClientProtocolClient (GrpcClientProtocolClient.java:onNext(255)) - client-1D999B5F5160->f9fecd82-c7ae-483e-b259-6428f2dfb240: receive RaftClientReply:client-1D999B5F5160->f9fecd82-c7ae-483e-b259-6428f2dfb240@group-7DE138E597A5, cid=4007, SUCCESS, logIndex=5963, commits[f9fecd82-c7ae-483e-b259-6428f2dfb240:c5965, adbfec77-7a0d-4773-aa56-ba0b778d0ab5:c5954, 90c45227-141f-43fe-b831-a2b91b39d6b0:c5954]
2019-07-14 06:27:02,647 INFO  client.GrpcClientProtocolClient (GrpcClientProtocolClient.java:onNext(255)) - client-1D999B5F5160->f9fecd82-c7ae-483e-b259-6428f2dfb240: receive RaftClientReply:client-1D999B5F5160->f9fecd82-c7ae-483e-b259-6428f2dfb240@group-7DE138E597A5, cid=4013, SUCCESS, logIndex=5964, commits[f9fecd82-c7ae-483e-b259-6428f2dfb240:c5972, adbfec77-7a0d-4773-aa56-ba0b778d0ab5:c5954, 90c45227-141f-43fe-b831-a2b91b39d6b0:c5954]
2019-07-14 06:27:02,648 INFO  client.GrpcClientProtocolClient (GrpcClientProtocolClient.java:onNext(255)) - client-1D999B5F5160->f9fecd82-c7ae-483e-b259-6428f2dfb240: receive RaftClientReply:client-1D999B5F5160->f9fecd82-c7ae-483e-b259-6428f2dfb240@group-7DE138E597A5, cid=4012, SUCCESS, logIndex=5965, commits[f9fecd82-c7ae-483e-b259-6428f2dfb240:c5965, adbfec77-7a0d-4773-aa56-ba0b778d0ab5:c5954, 90c45227-141f-43fe-b831-a2b91b39d6b0:c5954]
2019-07-14 06:27:02,648 INFO  client.GrpcClientProtocolClient (GrpcClientProtocolClient.java:onNext(255)) - client-1D999B5F5160->f9fecd82-c7ae-483e-b259-6428f2dfb240: receive RaftClientReply:client-1D999B5F5160->f9fecd82-c7ae-483e-b259-6428f2dfb240@group-7DE138E597A5, cid=4014, SUCCESS, logIndex=5966, commits[f9fecd82-c7ae-483e-b259-6428f2dfb240:c5973, adbfec77-7a0d-4773-aa56-ba0b778d0ab5:c5954, 90c45227-141f-43fe-b831-a2b91b39d6b0:c5954]
2019-07-14 06:27:02,648 INFO  client.GrpcClientProtocolClient (GrpcClientProtocolClient.java:onNext(255)) - client-1D999B5F5160->f9fecd82-c7ae-483e-b259-6428f2dfb240: receive RaftClientReply:client-1D999B5F5160->f9fecd82-c7ae-483e-b259-6428f2dfb240@group-7DE138E597A5, cid=4015, SUCCESS, logIndex=5967, commits[f9fecd82-c7ae-483e-b259-6428f2dfb240:c5967, adbfec77-7a0d-4773-aa56-ba0b778d0ab5:c5954, 90c45227-141f-43fe-b831-a2b91b39d6b0:c5954]
2019-07-14 06:27:02,648 INFO  client.GrpcClientProtocolClient (GrpcClientProtocolClient.java:onNext(255)) - client-1D999B5F5160->f9fecd82-c7ae-483e-b259-6428f2dfb240: receive RaftClientReply:client-1D999B5F5160->f9fecd82-c7ae-483e-b259-6428f2dfb240@group-7DE138E597A5, cid=4016, SUCCESS, logIndex=5968, commits[f9fecd82-c7ae-483e-b259-6428f2dfb240:c5972, adbfec77-7a0d-4773-aa56-ba0b778d0ab5:c5954, 90c45227-141f-43fe-b831-a2b91b39d6b0:c5954]
2019-07-14 06:27:02,648 INFO  client.GrpcClientProtocolClient (GrpcClientProtocolClient.java:onNext(255)) - client-1D999B5F5160->f9fecd82-c7ae-483e-b259-6428f2dfb240: receive RaftClientReply:client-1D999B5F5160->f9fecd82-c7ae-483e-b259-6428f2dfb240@group-7DE138E597A5, cid=4017, SUCCESS, logIndex=5969, commits[f9fecd82-c7ae-483e-b259-6428f2dfb240:c5972, adbfec77-7a0d-4773-aa56-ba0b778d0ab5:c5954, 90c45227-141f-43fe-b831-a2b91b39d6b0:c5954]
2019-07-14 06:27:02,649 INFO  client.GrpcClientProtocolClient (GrpcClientProtocolClient.java:onNext(255)) - client-1D999B5F5160->f9fecd82-c7ae-483e-b259-6428f2dfb240: receive RaftClientReply:client-1D999B5F5160->f9fecd82-c7ae-483e-b259-6428f2dfb240@group-7DE138E597A5, cid=4018, SUCCESS, logIndex=5970, commits[f9fecd82-c7ae-483e-b259-6428f2dfb240:c5973, adbfec77-7a0d-4773-aa56-ba0b778d0ab5:c5954, 90c45227-141f-43fe-b831-a2b91b39d6b0:c5954]
2019-07-14 06:27:02,649 INFO  client.GrpcClientProtocolClient (GrpcClientProtocolClient.java:onNext(255)) - client-1D999B5F5160->f9fecd82-c7ae-483e-b259-6428f2dfb240: receive RaftClientReply:client-1D999B5F5160->f9fecd82-c7ae-483e-b259-6428f2dfb240@group-7DE138E597A5, cid=4019, SUCCESS, logIndex=5971, commits[f9fecd82-c7ae-483e-b259-6428f2dfb240:c5975, adbfec77-7a0d-4773-aa56-ba0b778d0ab5:c5954, 90c45227-141f-43fe-b831-a2b91b39d6b0:c5955]
2019-07-14 06:27:02,649 INFO  client.GrpcClientProtocolClient (GrpcClientProtocolClient.java:onNext(255)) - client-1D999B5F5160->f9fecd82-c7ae-483e-b259-6428f2dfb240: receive RaftClientReply:client-1D999B5F5160->f9fecd82-c7ae-483e-b259-6428f2dfb240@group-7DE138E597A5, cid=4020, SUCCESS, logIndex=5972, commits[f9fecd82-c7ae-483e-b259-6428f2dfb240:c5975, adbfec77-7a0d-4773-aa56-ba0b778d0ab5:c5954, 90c45227-141f-43fe-b831-a2b91b39d6b0:c5955]
2019-07-14 06:27:02,649 INFO  client.GrpcClientProtocolClient (GrpcClientProtocolClient.java:onNext(255)) - client-1D999B5F5160->f9fecd82-c7ae-483e-b259-6428f2dfb240: receive RaftClientReply:client-1D999B5F5160->f9fecd82-c7ae-483e-b259-6428f2dfb240@group-7DE138E597A5, cid=4021, SUCCESS, logIndex=5973, commits[f9fecd82-c7ae-483e-b259-6428f2dfb240:c5973, adbfec77-7a0d-4773-aa56-ba0b778d0ab5:c5954, 90c45227-141f-43fe-b831-a2b91b39d6b0:c5954]
2019-07-14 06:27:02,649 INFO  client.GrpcClientProtocolClient (GrpcClientProtocolClient.java:onNext(255)) - client-1D999B5F5160->f9fecd82-c7ae-483e-b259-6428f2dfb240: receive RaftClientReply:client-1D999B5F5160->f9fecd82-c7ae-483e-b259-6428f2dfb240@group-7DE138E597A5, cid=4022, SUCCESS, logIndex=5974, commits[f9fecd82-c7ae-483e-b259-6428f2dfb240:c5975, adbfec77-7a0d-4773-aa56-ba0b778d0ab5:c5954, 90c45227-141f-43fe-b831-a2b91b39d6b0:c5955]
2019-07-14 06:27:02,659 INFO  client.GrpcClientProtocolClient (GrpcClientProtocolClient.java:onNext(255)) - client-1D999B5F5160->f9fecd82-c7ae-483e-b259-6428f2dfb240: receive RaftClientReply:client-1D999B5F5160->f9fecd82-c7ae-483e-b259-6428f2dfb240@group-7DE138E597A5, cid=4023, SUCCESS, logIndex=0, commits[f9fecd82-c7ae-483e-b259-6428f2dfb240:c5978, adbfec77-7a0d-4773-aa56-ba0b778d0ab5:c5959, 90c45227-141f-43fe-b831-a2b91b39d6b0:c5959]
2019-07-14 06:27:02,660 INFO  client.GrpcClientProtocolClient (GrpcClientProtocolClient.java:onNext(255)) - client-1D999B5F5160->f9fecd82-c7ae-483e-b259-6428f2dfb240: receive RaftClientReply:client-1D999B5F5160->f9fecd82-c7ae-483e-b259-6428f2dfb240@group-7DE138E597A5, cid=4024, SUCCESS, logIndex=0, commits[f9fecd82-c7ae-483e-b259-6428f2dfb240:c5980, adbfec77-7a0d-4773-aa56-ba0b778d0ab5:c5960, 90c45227-141f-43fe-b831-a2b91b39d6b0:c5961]
2019-07-14 06:27:02,660 INFO  client.GrpcClientProtocolClient (GrpcClientProtocolClient.java:onNext(255)) - client-1D999B5F5160->f9fecd82-c7ae-483e-b259-6428f2dfb240: receive RaftClientReply:client-1D999B5F5160->f9fecd82-c7ae-483e-b259-6428f2dfb240@group-7DE138E597A5, cid=4025, SUCCESS, logIndex=0, commits[f9fecd82-c7ae-483e-b259-6428f2dfb240:c5981, adbfec77-7a0d-4773-aa56-ba0b778d0ab5:c5963, 90c45227-141f-43fe-b831-a2b91b39d6b0:c5965]
2019-07-14 06:27:02,661 INFO  client.GrpcClientProtocolClient (GrpcClientProtocolClient.java:onNext(255)) - client-1D999B5F5160->f9fecd82-c7ae-483e-b259-6428f2dfb240: receive RaftClientReply:client-1D999B5F5160->f9fecd82-c7ae-483e-b259-6428f2dfb240@group-7DE138E597A5, cid=4026, SUCCESS, logIndex=0, commits[f9fecd82-c7ae-483e-b259-6428f2dfb240:c5983, adbfec77-7a0d-4773-aa56-ba0b778d0ab5:c5963, 90c45227-141f-43fe-b831-a2b91b39d6b0:c5967]
2019-07-14 06:27:02,661 INFO  client.GrpcClientProtocolClient (GrpcClientProtocolClient.java:onNext(255)) - client-1D999B5F5160->f9fecd82-c7ae-483e-b259-6428f2dfb240: receive RaftClientReply:client-1D999B5F5160->f9fecd82-c7ae-483e-b259-6428f2dfb240@group-7DE138E597A5, cid=4027, SUCCESS, logIndex=0, commits[f9fecd82-c7ae-483e-b259-6428f2dfb240:c5984, adbfec77-7a0d-4773-aa56-ba0b778d0ab5:c5965, 90c45227-141f-43fe-b831-a2b91b39d6b0:c5972]
2019-07-14 06:27:02,661 INFO  client.GrpcClientProtocolClient (GrpcClientProtocolClient.java:onNext(255)) - client-1D999B5F5160->f9fecd82-c7ae-483e-b259-6428f2dfb240: receive RaftClientReply:client-1D999B5F5160->f9fecd82-c7ae-483e-b259-6428f2dfb240@group-7DE138E597A5, cid=4028, SUCCESS, logIndex=0, commits[f9fecd82-c7ae-483e-b259-6428f2dfb240:c5984, adbfec77-7a0d-4773-aa56-ba0b778d0ab5:c5967, 90c45227-141f-43fe-b831-a2b91b39d6b0:c5973]
2019-07-14 06:27:02,662 INFO  client.GrpcClientProtocolClient (GrpcClientProtocolClient.java:onNext(255)) - client-1D999B5F5160->f9fecd82-c7ae-483e-b259-6428f2dfb240: receive RaftClientReply:client-1D999B5F5160->f9fecd82-c7ae-483e-b259-6428f2dfb240@group-7DE138E597A5, cid=4029, SUCCESS, logIndex=0, commits[f9fecd82-c7ae-483e-b259-6428f2dfb240:c5985, adbfec77-7a0d-4773-aa56-ba0b778d0ab5:c5972, 90c45227-141f-43fe-b831-a2b91b39d6b0:c5973]
2019-07-14 06:27:02,662 INFO  client.GrpcClientProtocolClient (GrpcClientProtocolClient.java:onNext(255)) - client-1D999B5F5160->f9fecd82-c7ae-483e-b259-6428f2dfb240: receive RaftClientReply:client-1D999B5F5160->f9fecd82-c7ae-483e-b259-6428f2dfb240@group-7DE138E597A5, cid=4030, SUCCESS, logIndex=0, commits[f9fecd82-c7ae-483e-b259-6428f2dfb240:c5985, adbfec77-7a0d-4773-aa56-ba0b778d0ab5:c5972, 90c45227-141f-43fe-b831-a2b91b39d6b0:c5973]
2019-07-14 06:27:02,662 INFO  client.GrpcClientProtocolClient (GrpcClientProtocolClient.java:onNext(255)) - client-1D999B5F5160->f9fecd82-c7ae-483e-b259-6428f2dfb240: receive RaftClientReply:client-1D999B5F5160->f9fecd82-c7ae-483e-b259-6428f2dfb240@group-7DE138E597A5, cid=4031, SUCCESS, logIndex=0, commits[f9fecd82-c7ae-483e-b259-6428f2dfb240:c5985, adbfec77-7a0d-4773-aa56-ba0b778d0ab5:c5972, 90c45227-141f-43fe-b831-a2b91b39d6b0:c5973]
2019-07-14 06:27:02,678 INFO  client.GrpcClientProtocolClient (GrpcClientProtocolClient.java:onNext(255)) - client-1D999B5F5160->f9fecd82-c7ae-483e-b259-6428f2dfb240: receive RaftClientReply:client-1D999B5F5160->f9fecd82-c7ae-483e-b259-6428f2dfb240@group-7DE138E597A5, cid=4033, SUCCESS, logIndex=5986, commits[f9fecd82-c7ae-483e-b259-6428f2dfb240:c5986, adbfec77-7a0d-4773-aa56-ba0b778d0ab5:c5985, 90c45227-141f-43fe-b831-a2b91b39d6b0:c5985]
2019-07-14 06:27:02,678 INFO  client.GrpcClientProtocolClient (GrpcClientProtocolClient.java:onNext(255)) - client-1D999B5F5160->f9fecd82-c7ae-483e-b259-6428f2dfb240: receive RaftClientReply:client-1D999B5F5160->f9fecd82-c7ae-483e-b259-6428f2dfb240@group-7DE138E597A5, cid=4032, SUCCESS, logIndex=0, commits[f9fecd82-c7ae-483e-b259-6428f2dfb240:c5986, adbfec77-7a0d-4773-aa56-ba0b778d0ab5:c5985, 90c45227-141f-43fe-b831-a2b91b39d6b0:c5985]
2019-07-14 06:27:02,679 INFO  client.GrpcClientProtocolClient (GrpcClientProtocolClient.java:onNext(255)) - client-1D999B5F5160->f9fecd82-c7ae-483e-b259-6428f2dfb240: receive RaftClientReply:client-1D999B5F5160->f9fecd82-c7ae-483e-b259-6428f2dfb240@group-7DE138E597A5, cid=4035, SUCCESS, logIndex=5987, commits[f9fecd82-c7ae-483e-b259-6428f2dfb240:c5988, adbfec77-7a0d-4773-aa56-ba0b778d0ab5:c5985, 90c45227-141f-43fe-b831-a2b91b39d6b0:c5985]
2019-07-14 06:27:02,679 INFO  client.GrpcClientProtocolClient (GrpcClientProtocolClient.java:onNext(255)) - client-1D999B5F5160->f9fecd82-c7ae-483e-b259-6428f2dfb240: receive RaftClientReply:client-1D999B5F5160->f9fecd82-c7ae-483e-b259-6428f2dfb240@group-7DE138E597A5, cid=4036, SUCCESS, logIndex=5988, commits[f9fecd82-c7ae-483e-b259-6428f2dfb240:c5988, adbfec77-7a0d-4773-aa56-ba0b778d0ab5:c5985, 90c45227-141f-43fe-b831-a2b91b39d6b0:c5985]
2019-07-14 06:27:02,680 INFO  client.GrpcClientProtocolClient (GrpcClientProtocolClient.java:onNext(255)) - client-1D999B5F5160->f9fecd82-c7ae-483e-b259-6428f2dfb240: receive RaftClientReply:client-1D999B5F5160->f9fecd82-c7ae-483e-b259-6428f2dfb240@group-7DE138E597A5, cid=4034, SUCCESS, logIndex=5989, commits[f9fecd82-c7ae-483e-b259-6428f2dfb240:c5990, adbfec77-7a0d-4773-aa56-ba0b778d0ab5:c5985, 90c45227-141f-43fe-b831-a2b91b39d6b0:c5985]
2019-07-14 06:27:02,683 INFO  client.GrpcClientProtocolClient (GrpcClientProtocolClient.java:onNext(255)) - client-1D999B5F5160->f9fecd82-c7ae-483e-b259-6428f2dfb240: receive RaftClientReply:client-1D999B5F5160->f9fecd82-c7ae-483e-b259-6428f2dfb240@group-7DE138E597A5, cid=4038, SUCCESS, logIndex=5990, commits[f9fecd82-c7ae-483e-b259-6428f2dfb240:c5990, adbfec77-7a0d-4773-aa56-ba0b778d0ab5:c5985, 90c45227-141f-43fe-b831-a2b91b39d6b0:c5985]
2019-07-14 06:27:02,683 INFO  client.GrpcClientProtocolClient (GrpcClientProtocolClient.java:onNext(255)) - client-1D999B5F5160->f9fecd82-c7ae-483e-b259-6428f2dfb240: receive RaftClientReply:client-1D999B5F5160->f9fecd82-c7ae-483e-b259-6428f2dfb240@group-7DE138E597A5, cid=4037, SUCCESS, logIndex=5991, commits[f9fecd82-c7ae-483e-b259-6428f2dfb240:c5993, adbfec77-7a0d-4773-aa56-ba0b778d0ab5:c5985, 90c45227-141f-43fe-b831-a2b91b39d6b0:c5985]
2019-07-14 06:27:02,683 INFO  client.GrpcClientProtocolClient (GrpcClientProtocolClient.java:onNext(255)) - client-1D999B5F5160->f9fecd82-c7ae-483e-b259-6428f2dfb240: receive RaftClientReply:client-1D999B5F5160->f9fecd82-c7ae-483e-b259-6428f2dfb240@group-7DE138E597A5, cid=4039, SUCCESS, logIndex=5992, commits[f9fecd82-c7ae-483e-b259-6428f2dfb240:c5993, adbfec77-7a0d-4773-aa56-ba0b778d0ab5:c5985, 90c45227-141f-43fe-b831-a2b91b39d6b0:c5985]
2019-07-14 06:27:02,684 INFO  client.GrpcClientProtocolClient (GrpcClientProtocolClient.java:onNext(255)) - client-1D999B5F5160->f9fecd82-c7ae-483e-b259-6428f2dfb240: receive RaftClientReply:client-1D999B5F5160->f9fecd82-c7ae-483e-b259-6428f2dfb240@group-7DE138E597A5, cid=4040, SUCCESS, logIndex=5993, commits[f9fecd82-c7ae-483e-b259-6428f2dfb240:c5999, adbfec77-7a0d-4773-aa56-ba0b778d0ab5:c5985, 90c45227-141f-43fe-b831-a2b91b39d6b0:c5985]
2019-07-14 06:27:02,684 INFO  client.GrpcClientProtocolClient (GrpcClientProtocolClient.java:onNext(255)) - client-1D999B5F5160->f9fecd82-c7ae-483e-b259-6428f2dfb240: receive RaftClientReply:client-1D999B5F5160->f9fecd82-c7ae-483e-b259-6428f2dfb240@group-7DE138E597A5, cid=4041, SUCCESS, logIndex=5994, commits[f9fecd82-c7ae-483e-b259-6428f2dfb240:c5999, adbfec77-7a0d-4773-aa56-ba0b778d0ab5:c5985, 90c45227-141f-43fe-b831-a2b91b39d6b0:c5985]
2019-07-14 06:27:02,684 INFO  client.GrpcClientProtocolClient (GrpcClientProtocolClient.java:onNext(255)) - client-1D999B5F5160->f9fecd82-c7ae-483e-b259-6428f2dfb240: receive RaftClientReply:client-1D999B5F5160->f9fecd82-c7ae-483e-b259-6428f2dfb240@group-7DE138E597A5, cid=4042, SUCCESS, logIndex=5995, commits[f9fecd82-c7ae-483e-b259-6428f2dfb240:c5999, adbfec77-7a0d-4773-aa56-ba0b778d0ab5:c5985, 90c45227-141f-43fe-b831-a2b91b39d6b0:c5985]
2019-07-14 06:27:02,684 INFO  client.GrpcClientProtocolClient (GrpcClientProtocolClient.java:onNext(255)) - client-1D999B5F5160->f9fecd82-c7ae-483e-b259-6428f2dfb240: receive RaftClientReply:client-1D999B5F5160->f9fecd82-c7ae-483e-b259-6428f2dfb240@group-7DE138E597A5, cid=4043, SUCCESS, logIndex=5996, commits[f9fecd82-c7ae-483e-b259-6428f2dfb240:c6004, adbfec77-7a0d-4773-aa56-ba0b778d0ab5:c5986, 90c45227-141f-43fe-b831-a2b91b39d6b0:c5985]
2019-07-14 06:27:02,685 INFO  client.GrpcClientProtocolClient (GrpcClientProtocolClient.java:onNext(255)) - client-1D999B5F5160->f9fecd82-c7ae-483e-b259-6428f2dfb240: receive RaftClientReply:client-1D999B5F5160->f9fecd82-c7ae-483e-b259-6428f2dfb240@group-7DE138E597A5, cid=4044, SUCCESS, logIndex=5997, commits[f9fecd82-c7ae-483e-b259-6428f2dfb240:c5999, adbfec77-7a0d-4773-aa56-ba0b778d0ab5:c5985, 90c45227-141f-43fe-b831-a2b91b39d6b0:c5985]
2019-07-14 06:27:02,685 INFO  client.GrpcClientProtocolClient (GrpcClientProtocolClient.java:onNext(255)) - client-1D999B5F5160->f9fecd82-c7ae-483e-b259-6428f2dfb240: receive RaftClientReply:client-1D999B5F5160->f9fecd82-c7ae-483e-b259-6428f2dfb240@group-7DE138E597A5, cid=4051, SUCCESS, logIndex=0, commits[f9fecd82-c7ae-483e-b259-6428f2dfb240:c6005, adbfec77-7a0d-4773-aa56-ba0b778d0ab5:c5988, 90c45227-141f-43fe-b831-a2b91b39d6b0:c5988]
2019-07-14 06:27:02,685 INFO  client.GrpcClientProtocolClient (GrpcClientProtocolClient.java:onNext(255)) - client-1D999B5F5160->f9fecd82-c7ae-483e-b259-6428f2dfb240: receive RaftClientReply:client-1D999B5F5160->f9fecd82-c7ae-483e-b259-6428f2dfb240@group-7DE138E597A5, cid=4045, SUCCESS, logIndex=5998, commits[f9fecd82-c7ae-483e-b259-6428f2dfb240:c5999, adbfec77-7a0d-4773-aa56-ba0b778d0ab5:c5985, 90c45227-141f-43fe-b831-a2b91b39d6b0:c5985]
2019-07-14 06:27:02,685 INFO  client.GrpcClientProtocolClient (GrpcClientProtocolClient.java:onNext(255)) - client-1D999B5F5160->f9fecd82-c7ae-483e-b259-6428f2dfb240: receive RaftClientReply:client-1D999B5F5160->f9fecd82-c7ae-483e-b259-6428f2dfb240@group-7DE138E597A5, cid=4046, SUCCESS, logIndex=5999, commits[f9fecd82-c7ae-483e-b259-6428f2dfb240:c6005, adbfec77-7a0d-4773-aa56-ba0b778d0ab5:c5988, 90c45227-141f-43fe-b831-a2b91b39d6b0:c5985]
2019-07-14 06:27:02,685 INFO  client.GrpcClientProtocolClient (GrpcClientProtocolClient.java:onNext(255)) - client-1D999B5F5160->f9fecd82-c7ae-483e-b259-6428f2dfb240: receive RaftClientReply:client-1D999B5F5160->f9fecd82-c7ae-483e-b259-6428f2dfb240@group-7DE138E597A5, cid=4047, SUCCESS, logIndex=6000, commits[f9fecd82-c7ae-483e-b259-6428f2dfb240:c6005, adbfec77-7a0d-4773-aa56-ba0b778d0ab5:c5988, 90c45227-141f-43fe-b831-a2b91b39d6b0:c5985]
2019-07-14 06:27:02,686 INFO  client.GrpcClientProtocolClient (GrpcClientProtocolClient.java:onNext(255)) - client-1D999B5F5160->f9fecd82-c7ae-483e-b259-6428f2dfb240: receive RaftClientReply:client-1D999B5F5160->f9fecd82-c7ae-483e-b259-6428f2dfb240@group-7DE138E597A5, cid=4048, SUCCESS, logIndex=6001, commits[f9fecd82-c7ae-483e-b259-6428f2dfb240:c6005, adbfec77-7a0d-4773-aa56-ba0b778d0ab5:c5988, 90c45227-141f-43fe-b831-a2b91b39d6b0:c5985]
2019-07-14 06:27:02,686 INFO  client.GrpcClientProtocolClient (GrpcClientProtocolClient.java:onNext(255)) - client-1D999B5F5160->f9fecd82-c7ae-483e-b259-6428f2dfb240: receive RaftClientReply:client-1D999B5F5160->f9fecd82-c7ae-483e-b259-6428f2dfb240@group-7DE138E597A5, cid=4049, SUCCESS, logIndex=6002, commits[f9fecd82-c7ae-483e-b259-6428f2dfb240:c6005, adbfec77-7a0d-4773-aa56-ba0b778d0ab5:c5988, 90c45227-141f-43fe-b831-a2b91b39d6b0:c5988]
2019-07-14 06:27:02,686 INFO  client.GrpcClientProtocolClient (GrpcClientProtocolClient.java:onNext(255)) - client-1D999B5F5160->f9fecd82-c7ae-483e-b259-6428f2dfb240: receive RaftClientReply:client-1D999B5F5160->f9fecd82-c7ae-483e-b259-6428f2dfb240@group-7DE138E597A5, cid=4050, SUCCESS, logIndex=6003, commits[f9fecd82-c7ae-483e-b259-6428f2dfb240:c6005, adbfec77-7a0d-4773-aa56-ba0b778d0ab5:c5988, 90c45227-141f-43fe-b831-a2b91b39d6b0:c5988]
2019-07-14 06:27:02,699 INFO  client.GrpcClientProtocolClient (GrpcClientProtocolClient.java:onNext(255)) - client-1D999B5F5160->f9fecd82-c7ae-483e-b259-6428f2dfb240: receive RaftClientReply:client-1D999B5F5160->f9fecd82-c7ae-483e-b259-6428f2dfb240@group-7DE138E597A5, cid=4054, SUCCESS, logIndex=0, commits[f9fecd82-c7ae-483e-b259-6428f2dfb240:c6009, adbfec77-7a0d-4773-aa56-ba0b778d0ab5:c5999, 90c45227-141f-43fe-b831-a2b91b39d6b0:c5990]
2019-07-14 06:27:02,700 INFO  client.GrpcClientProtocolClient (GrpcClientProtocolClient.java:onNext(255)) - client-1D999B5F5160->f9fecd82-c7ae-483e-b259-6428f2dfb240: receive RaftClientReply:client-1D999B5F5160->f9fecd82-c7ae-483e-b259-6428f2dfb240@group-7DE138E597A5, cid=4055, SUCCESS, logIndex=0, commits[f9fecd82-c7ae-483e-b259-6428f2dfb240:c6009, adbfec77-7a0d-4773-aa56-ba0b778d0ab5:c5999, 90c45227-141f-43fe-b831-a2b91b39d6b0:c5992]
2019-07-14 06:27:02,701 INFO  client.GrpcClientProtocolClient (GrpcClientProtocolClient.java:onNext(255)) - client-1D999B5F5160->f9fecd82-c7ae-483e-b259-6428f2dfb240: receive RaftClientReply:client-1D999B5F5160->f9fecd82-c7ae-483e-b259-6428f2dfb240@group-7DE138E597A5, cid=4056, SUCCESS, logIndex=0, commits[f9fecd82-c7ae-483e-b259-6428f2dfb240:c6009, adbfec77-7a0d-4773-aa56-ba0b778d0ab5:c5999, 90c45227-141f-43fe-b831-a2b91b39d6b0:c5993]
2019-07-14 06:27:02,701 INFO  client.GrpcClientProtocolClient (GrpcClientProtocolClient.java:onNext(255)) - client-1D999B5F5160->f9fecd82-c7ae-483e-b259-6428f2dfb240: receive RaftClientReply:client-1D999B5F5160->f9fecd82-c7ae-483e-b259-6428f2dfb240@group-7DE138E597A5, cid=4052, SUCCESS, logIndex=6011, commits[f9fecd82-c7ae-483e-b259-6428f2dfb240:c6013, adbfec77-7a0d-4773-aa56-ba0b778d0ab5:c5999, 90c45227-141f-43fe-b831-a2b91b39d6b0:c6005]
2019-07-14 06:27:02,702 INFO  client.GrpcClientProtocolClient (GrpcClientProtocolClient.java:onNext(255)) - client-1D999B5F5160->f9fecd82-c7ae-483e-b259-6428f2dfb240: receive RaftClientReply:client-1D999B5F5160->f9fecd82-c7ae-483e-b259-6428f2dfb240@group-7DE138E597A5, cid=4057, SUCCESS, logIndex=0, commits[f9fecd82-c7ae-483e-b259-6428f2dfb240:c6009, adbfec77-7a0d-4773-aa56-ba0b778d0ab5:c5999, 90c45227-141f-43fe-b831-a2b91b39d6b0:c5999]
2019-07-14 06:27:02,703 INFO  client.GrpcClientProtocolClient (GrpcClientProtocolClient.java:onNext(255)) - client-1D999B5F5160->f9fecd82-c7ae-483e-b259-6428f2dfb240: receive RaftClientReply:client-1D999B5F5160->f9fecd82-c7ae-483e-b259-6428f2dfb240@group-7DE138E597A5, cid=4058, SUCCESS, logIndex=0, commits[f9fecd82-c7ae-483e-b259-6428f2dfb240:c6009, adbfec77-7a0d-4773-aa56-ba0b778d0ab5:c5999, 90c45227-141f-43fe-b831-a2b91b39d6b0:c5999]
2019-07-14 06:27:02,703 INFO  client.GrpcClientProtocolClient (GrpcClientProtocolClient.java:onNext(255)) - client-1D999B5F5160->f9fecd82-c7ae-483e-b259-6428f2dfb240: receive RaftClientReply:client-1D999B5F5160->f9fecd82-c7ae-483e-b259-6428f2dfb240@group-7DE138E597A5, cid=4059, SUCCESS, logIndex=0, commits[f9fecd82-c7ae-483e-b259-6428f2dfb240:c6009, adbfec77-7a0d-4773-aa56-ba0b778d0ab5:c5999, 90c45227-141f-43fe-b831-a2b91b39d6b0:c5999]
2019-07-14 06:27:02,704 INFO  client.GrpcClientProtocolClient (GrpcClientProtocolClient.java:onNext(255)) - client-1D999B5F5160->f9fecd82-c7ae-483e-b259-6428f2dfb240: receive RaftClientReply:client-1D999B5F5160->f9fecd82-c7ae-483e-b259-6428f2dfb240@group-7DE138E597A5, cid=4053, SUCCESS, logIndex=6012, commits[f9fecd82-c7ae-483e-b259-6428f2dfb240:c6013, adbfec77-7a0d-4773-aa56-ba0b778d0ab5:c6004, 90c45227-141f-43fe-b831-a2b91b39d6b0:c6005]
2019-07-14 06:27:02,704 INFO  client.GrpcClientProtocolClient (GrpcClientProtocolClient.java:onNext(255)) - client-1D999B5F5160->f9fecd82-c7ae-483e-b259-6428f2dfb240: receive RaftClientReply:client-1D999B5F5160->f9fecd82-c7ae-483e-b259-6428f2dfb240@group-7DE138E597A5, cid=4060, SUCCESS, logIndex=0, commits[f9fecd82-c7ae-483e-b259-6428f2dfb240:c6013, adbfec77-7a0d-4773-aa56-ba0b778d0ab5:c6004, 90c45227-141f-43fe-b831-a2b91b39d6b0:c6005]
2019-07-14 06:27:02,704 INFO  client.GrpcClientProtocolClient (GrpcClientProtocolClient.java:onNext(255)) - client-1D999B5F5160->f9fecd82-c7ae-483e-b259-6428f2dfb240: receive RaftClientReply:client-1D999B5F5160->f9fecd82-c7ae-483e-b259-6428f2dfb240@group-7DE138E597A5, cid=4062, SUCCESS, logIndex=6013, commits[f9fecd82-c7ae-483e-b259-6428f2dfb240:c6013, adbfec77-7a0d-4773-aa56-ba0b778d0ab5:c5999, 90c45227-141f-43fe-b831-a2b91b39d6b0:c6005]
2019-07-14 06:27:02,704 INFO  client.GrpcClientProtocolClient (GrpcClientProtocolClient.java:onNext(255)) - client-1D999B5F5160->f9fecd82-c7ae-483e-b259-6428f2dfb240: receive RaftClientReply:client-1D999B5F5160->f9fecd82-c7ae-483e-b259-6428f2dfb240@group-7DE138E597A5, cid=4061, SUCCESS, logIndex=0, commits[f9fecd82-c7ae-483e-b259-6428f2dfb240:c6013, adbfec77-7a0d-4773-aa56-ba0b778d0ab5:c6004, 90c45227-141f-43fe-b831-a2b91b39d6b0:c6005]
2019-07-14 06:27:02,704 INFO  client.GrpcClientProtocolClient (GrpcClientProtocolClient.java:onNext(255)) - client-1D999B5F5160->f9fecd82-c7ae-483e-b259-6428f2dfb240: receive RaftClientReply:client-1D999B5F5160->f9fecd82-c7ae-483e-b259-6428f2dfb240@group-7DE138E597A5, cid=4063, SUCCESS, logIndex=6014, commits[f9fecd82-c7ae-483e-b259-6428f2dfb240:c6014, adbfec77-7a0d-4773-aa56-ba0b778d0ab5:c6005, 90c45227-141f-43fe-b831-a2b91b39d6b0:c6005]
2019-07-14 06:27:02,706 INFO  client.GrpcClientProtocolClient (GrpcClientProtocolClient.java:onNext(255)) - client-1D999B5F5160->f9fecd82-c7ae-483e-b259-6428f2dfb240: receive RaftClientReply:client-1D999B5F5160->f9fecd82-c7ae-483e-b259-6428f2dfb240@group-7DE138E597A5, cid=4064, SUCCESS, logIndex=0, commits[f9fecd82-c7ae-483e-b259-6428f2dfb240:c6015, adbfec77-7a0d-4773-aa56-ba0b778d0ab5:c6012, 90c45227-141f-43fe-b831-a2b91b39d6b0:c6012]
2019-07-14 06:27:02,707 INFO  client.GrpcClientProtocolClient (GrpcClientProtocolClient.java:onNext(255)) - client-1D999B5F5160->f9fecd82-c7ae-483e-b259-6428f2dfb240: receive RaftClientReply:client-1D999B5F5160->f9fecd82-c7ae-483e-b259-6428f2dfb240@group-7DE138E597A5, cid=4065, SUCCESS, logIndex=0, commits[f9fecd82-c7ae-483e-b259-6428f2dfb240:c6018, adbfec77-7a0d-4773-aa56-ba0b778d0ab5:c6014, 90c45227-141f-43fe-b831-a2b91b39d6b0:c6014]
2019-07-14 06:27:02,709 INFO  client.GrpcClientProtocolClient (GrpcClientProtocolClient.java:onNext(255)) - client-1D999B5F5160->f9fecd82-c7ae-483e-b259-6428f2dfb240: receive RaftClientReply:client-1D999B5F5160->f9fecd82-c7ae-483e-b259-6428f2dfb240@group-7DE138E597A5, cid=4066, SUCCESS, logIndex=6019, commits[f9fecd82-c7ae-483e-b259-6428f2dfb240:c6020, adbfec77-7a0d-4773-aa56-ba0b778d0ab5:c6014, 90c45227-141f-43fe-b831-a2b91b39d6b0:c6015]
2019-07-14 06:27:02,709 INFO  client.GrpcClientProtocolClient (GrpcClientProtocolClient.java:onNext(255)) - client-1D999B5F5160->f9fecd82-c7ae-483e-b259-6428f2dfb240: receive RaftClientReply:client-1D999B5F5160->f9fecd82-c7ae-483e-b259-6428f2dfb240@group-7DE138E597A5, cid=4067, SUCCESS, logIndex=6020, commits[f9fecd82-c7ae-483e-b259-6428f2dfb240:c6020, adbfec77-7a0d-4773-aa56-ba0b778d0ab5:c6014, 90c45227-141f-43fe-b831-a2b91b39d6b0:c6015]
2019-07-14 06:27:02,711 INFO  client.GrpcClientProtocolClient (GrpcClientProtocolClient.java:onNext(255)) - client-1D999B5F5160->f9fecd82-c7ae-483e-b259-6428f2dfb240: receive RaftClientReply:client-1D999B5F5160->f9fecd82-c7ae-483e-b259-6428f2dfb240@group-7DE138E597A5, cid=4068, SUCCESS, logIndex=0, commits[f9fecd82-c7ae-483e-b259-6428f2dfb240:c6021, adbfec77-7a0d-4773-aa56-ba0b778d0ab5:c6020, 90c45227-141f-43fe-b831-a2b91b39d6b0:c6020]
 100.00% |█████████████████████████████████████████████████████████████████████████████████████████████████████|  100/100 Time: 0:00:27
]]></system-out>
  </testcase>
</testsuite>