<?xml version="1.0" encoding="UTF-8"?>
<testsuite xmlns:xsi="http://www.w3.org/2001/XMLSchema-instance" xsi:noNamespaceSchemaLocation="https://maven.apache.org/surefire/maven-surefire-plugin/xsd/surefire-test-report.xsd" name="org.apache.hadoop.ozone.client.rpc.TestContainerReplicationEndToEnd" time="26.9" tests="1" errors="1" skipped="0" failures="0">
  <properties>
    <property name="awt.toolkit" value="sun.awt.X11.XToolkit"/>
    <property name="file.encoding.pkg" value="sun.io"/>
    <property name="java.specification.version" value="1.8"/>
    <property name="sun.cpu.isalist" value=""/>
    <property name="sun.jnu.encoding" value="UTF-8"/>
    <property name="java.class.path" value="/workdir/hadoop-ozone/integration-test/target/test-classes:/workdir/hadoop-ozone/integration-test/target/classes:/home/user/.m2/repository/org/apache/hadoop/hadoop-ozone-common/0.5.0-SNAPSHOT/hadoop-ozone-common-0.5.0-SNAPSHOT.jar:/home/user/.m2/repository/org/apache/commons/commons-compress/1.4.1/commons-compress-1.4.1.jar:/home/user/.m2/repository/org/tukaani/xz/1.0/xz-1.0.jar:/home/user/.m2/repository/org/apache/hadoop/hadoop-common/3.2.0/hadoop-common-3.2.0.jar:/home/user/.m2/repository/org/apache/hadoop/hadoop-hdfs/3.2.0/hadoop-hdfs-3.2.0.jar:/home/user/.m2/repository/org/apache/hadoop/hadoop-hdfs-client/3.2.0/hadoop-hdfs-client-3.2.0.jar:/home/user/.m2/repository/com/fasterxml/jackson/core/jackson-annotations/2.9.5/jackson-annotations-2.9.5.jar:/home/user/.m2/repository/org/apache/hadoop/hadoop-hdds-common/0.5.0-SNAPSHOT/hadoop-hdds-common-0.5.0-SNAPSHOT.jar:/home/user/.m2/repository/javax/annotation/javax.annotation-api/1.2/javax.annotation-api-1.2.jar:/home/user/.m2/repository/org/apache/ratis/ratis-server/0.4.0-78e95b9-SNAPSHOT/ratis-server-0.4.0-78e95b9-SNAPSHOT.jar:/home/user/.m2/repository/org/apache/ratis/ratis-thirdparty-misc/0.2.0/ratis-thirdparty-misc-0.2.0.jar:/home/user/.m2/repository/org/apache/ratis/ratis-proto/0.4.0-78e95b9-SNAPSHOT/ratis-proto-0.4.0-78e95b9-SNAPSHOT.jar:/home/user/.m2/repository/org/apache/ratis/ratis-common/0.4.0-78e95b9-SNAPSHOT/ratis-common-0.4.0-78e95b9-SNAPSHOT.jar:/home/user/.m2/repository/org/apache/ratis/ratis-client/0.4.0-78e95b9-SNAPSHOT/ratis-client-0.4.0-78e95b9-SNAPSHOT.jar:/home/user/.m2/repository/org/apache/ratis/ratis-metrics/0.4.0-78e95b9-SNAPSHOT/ratis-metrics-0.4.0-78e95b9-SNAPSHOT.jar:/home/user/.m2/repository/com/github/joshelser/dropwizard-metrics-hadoop-metrics2-reporter/0.1.2/dropwizard-metrics-hadoop-metrics2-reporter-0.1.2.jar:/home/user/.m2/repository/io/dropwizard/metrics/metrics-jvm/3.2.5/metrics-jvm-3.2.5.jar:/home/user/.m2/repository/io/dropwizard/metrics/metrics-ganglia/3.2.5/metrics-ganglia-3.2.5.jar:/home/user/.m2/repository/info/ganglia/gmetric4j/gmetric4j/1.0.7/gmetric4j-1.0.7.jar:/home/user/.m2/repository/org/apache/ratis/ratis-netty/0.4.0-78e95b9-SNAPSHOT/ratis-netty-0.4.0-78e95b9-SNAPSHOT.jar:/home/user/.m2/repository/org/apache/ratis/ratis-grpc/0.4.0-78e95b9-SNAPSHOT/ratis-grpc-0.4.0-78e95b9-SNAPSHOT.jar:/home/user/.m2/repository/org/rocksdb/rocksdbjni/6.0.1/rocksdbjni-6.0.1.jar:/home/user/.m2/repository/org/apache/logging/log4j/log4j-api/2.11.0/log4j-api-2.11.0.jar:/home/user/.m2/repository/org/apache/logging/log4j/log4j-core/2.11.0/log4j-core-2.11.0.jar:/home/user/.m2/repository/com/lmax/disruptor/3.4.2/disruptor-3.4.2.jar:/home/user/.m2/repository/org/apache/commons/commons-pool2/2.6.0/commons-pool2-2.6.0.jar:/home/user/.m2/repository/org/bouncycastle/bcpkix-jdk15on/1.60/bcpkix-jdk15on-1.60.jar:/home/user/.m2/repository/commons-validator/commons-validator/1.6/commons-validator-1.6.jar:/home/user/.m2/repository/commons-digester/commons-digester/1.8.1/commons-digester-1.8.1.jar:/home/user/.m2/repository/io/jaegertracing/jaeger-client/0.33.1/jaeger-client-0.33.1.jar:/home/user/.m2/repository/io/jaegertracing/jaeger-thrift/0.33.1/jaeger-thrift-0.33.1.jar:/home/user/.m2/repository/org/apache/thrift/libthrift/0.11.0/libthrift-0.11.0.jar:/home/user/.m2/repository/com/squareup/okhttp3/okhttp/3.9.0/okhttp-3.9.0.jar:/home/user/.m2/repository/com/squareup/okio/okio/1.13.0/okio-1.13.0.jar:/home/user/.m2/repository/io/jaegertracing/jaeger-core/0.33.1/jaeger-core-0.33.1.jar:/home/user/.m2/repository/io/jaegertracing/jaeger-tracerresolver/0.33.1/jaeger-tracerresolver-0.33.1.jar:/home/user/.m2/repository/io/opentracing/contrib/opentracing-tracerresolver/0.1.5/opentracing-tracerresolver-0.1.5.jar:/home/user/.m2/repository/io/opentracing/opentracing-util/0.31.0/opentracing-util-0.31.0.jar:/home/user/.m2/repository/io/opentracing/opentracing-api/0.31.0/opentracing-api-0.31.0.jar:/home/user/.m2/repository/io/opentracing/opentracing-noop/0.31.0/opentracing-noop-0.31.0.jar:/home/user/.m2/repository/org/apache/hadoop/hadoop-hdds-server-framework/0.5.0-SNAPSHOT/hadoop-hdds-server-framework-0.5.0-SNAPSHOT.jar:/home/user/.m2/repository/org/apache/hadoop/hadoop-hdds-container-service/0.5.0-SNAPSHOT/hadoop-hdds-container-service-0.5.0-SNAPSHOT.jar:/home/user/.m2/repository/org/apache/hadoop/hadoop-hdds-client/0.5.0-SNAPSHOT/hadoop-hdds-client-0.5.0-SNAPSHOT.jar:/home/user/.m2/repository/org/apache/hadoop/hadoop-hdds-tools/0.5.0-SNAPSHOT/hadoop-hdds-tools-0.5.0-SNAPSHOT.jar:/home/user/.m2/repository/org/apache/hadoop/hadoop-hdds-server-scm/0.5.0-SNAPSHOT/hadoop-hdds-server-scm-0.5.0-SNAPSHOT.jar:/home/user/.m2/repository/org/apache/hadoop/hadoop-hdds-docs/0.5.0-SNAPSHOT/hadoop-hdds-docs-0.5.0-SNAPSHOT.jar:/home/user/.m2/repository/io/dropwizard/metrics/metrics-core/3.2.4/metrics-core-3.2.4.jar:/home/user/.m2/repository/org/hamcrest/hamcrest-all/1.3/hamcrest-all-1.3.jar:/home/user/.m2/repository/org/bouncycastle/bcprov-jdk15on/1.60/bcprov-jdk15on-1.60.jar:/home/user/.m2/repository/info/picocli/picocli/3.9.6/picocli-3.9.6.jar:/home/user/.m2/repository/com/google/protobuf/protobuf-java/2.5.0/protobuf-java-2.5.0.jar:/home/user/.m2/repository/com/google/guava/guava/11.0.2/guava-11.0.2.jar:/home/user/.m2/repository/org/apache/hadoop/hadoop-ozone-ozone-manager/0.5.0-SNAPSHOT/hadoop-ozone-ozone-manager-0.5.0-SNAPSHOT.jar:/home/user/.m2/repository/org/apache/hadoop/hadoop-minikdc/3.2.0/hadoop-minikdc-3.2.0.jar:/home/user/.m2/repository/commons-io/commons-io/2.5/commons-io-2.5.jar:/home/user/.m2/repository/org/apache/kerby/kerb-simplekdc/1.0.1/kerb-simplekdc-1.0.1.jar:/home/user/.m2/repository/org/apache/kerby/kerb-client/1.0.1/kerb-client-1.0.1.jar:/home/user/.m2/repository/org/apache/kerby/kerby-config/1.0.1/kerby-config-1.0.1.jar:/home/user/.m2/repository/org/apache/kerby/kerb-core/1.0.1/kerb-core-1.0.1.jar:/home/user/.m2/repository/org/apache/kerby/kerby-pkix/1.0.1/kerby-pkix-1.0.1.jar:/home/user/.m2/repository/org/apache/kerby/kerby-asn1/1.0.1/kerby-asn1-1.0.1.jar:/home/user/.m2/repository/org/apache/kerby/kerby-util/1.0.1/kerby-util-1.0.1.jar:/home/user/.m2/repository/org/apache/kerby/kerb-common/1.0.1/kerb-common-1.0.1.jar:/home/user/.m2/repository/org/apache/kerby/kerb-crypto/1.0.1/kerb-crypto-1.0.1.jar:/home/user/.m2/repository/org/apache/kerby/kerb-util/1.0.1/kerb-util-1.0.1.jar:/home/user/.m2/repository/org/apache/kerby/token-provider/1.0.1/token-provider-1.0.1.jar:/home/user/.m2/repository/org/apache/kerby/kerb-admin/1.0.1/kerb-admin-1.0.1.jar:/home/user/.m2/repository/org/apache/kerby/kerb-server/1.0.1/kerb-server-1.0.1.jar:/home/user/.m2/repository/org/apache/kerby/kerb-identity/1.0.1/kerb-identity-1.0.1.jar:/home/user/.m2/repository/org/apache/kerby/kerby-xdr/1.0.1/kerby-xdr-1.0.1.jar:/home/user/.m2/repository/org/slf4j/slf4j-log4j12/1.7.25/slf4j-log4j12-1.7.25.jar:/home/user/.m2/repository/org/apache/hadoop/hadoop-ozone-s3gateway/0.5.0-SNAPSHOT/hadoop-ozone-s3gateway-0.5.0-SNAPSHOT.jar:/home/user/.m2/repository/org/jboss/weld/servlet/weld-servlet/2.4.7.Final/weld-servlet-2.4.7.Final.jar:/home/user/.m2/repository/org/glassfish/jersey/containers/jersey-container-servlet-core/2.27/jersey-container-servlet-core-2.27.jar:/home/user/.m2/repository/org/glassfish/hk2/external/javax.inject/2.5.0-b42/javax.inject-2.5.0-b42.jar:/home/user/.m2/repository/org/glassfish/jersey/core/jersey-common/2.27/jersey-common-2.27.jar:/home/user/.m2/repository/org/glassfish/hk2/osgi-resource-locator/1.0.1/osgi-resource-locator-1.0.1.jar:/home/user/.m2/repository/javax/ws/rs/javax.ws.rs-api/2.1/javax.ws.rs-api-2.1.jar:/home/user/.m2/repository/org/glassfish/jersey/ext/cdi/jersey-cdi1x/2.27/jersey-cdi1x-2.27.jar:/home/user/.m2/repository/org/glassfish/jersey/inject/jersey-hk2/2.27/jersey-hk2-2.27.jar:/home/user/.m2/repository/org/glassfish/hk2/hk2-locator/2.5.0-b42/hk2-locator-2.5.0-b42.jar:/home/user/.m2/repository/org/javassist/javassist/3.22.0-CR2/javassist-3.22.0-CR2.jar:/home/user/.m2/repository/org/glassfish/hk2/hk2-api/2.5.0/hk2-api-2.5.0.jar:/home/user/.m2/repository/org/glassfish/hk2/external/jakarta.inject/2.5.0/jakarta.inject-2.5.0.jar:/home/user/.m2/repository/org/glassfish/hk2/hk2-utils/2.5.0/hk2-utils-2.5.0.jar:/home/user/.m2/repository/jakarta/annotation/jakarta.annotation-api/1.3.4/jakarta.annotation-api-1.3.4.jar:/home/user/.m2/repository/org/glassfish/hk2/external/aopalliance-repackaged/2.5.0/aopalliance-repackaged-2.5.0.jar:/home/user/.m2/repository/com/fasterxml/jackson/dataformat/jackson-dataformat-xml/2.9.0/jackson-dataformat-xml-2.9.0.jar:/home/user/.m2/repository/com/fasterxml/jackson/core/jackson-core/2.9.5/jackson-core-2.9.5.jar:/home/user/.m2/repository/com/fasterxml/jackson/module/jackson-module-jaxb-annotations/2.9.5/jackson-module-jaxb-annotations-2.9.5.jar:/home/user/.m2/repository/javax/enterprise/cdi-api/1.2/cdi-api-1.2.jar:/home/user/.m2/repository/javax/el/javax.el-api/3.0.0/javax.el-api-3.0.0.jar:/home/user/.m2/repository/javax/interceptor/javax.interceptor-api/1.2/javax.interceptor-api-1.2.jar:/home/user/.m2/repository/javax/inject/javax.inject/1/javax.inject-1.jar:/home/user/.m2/repository/com/sun/xml/bind/jaxb-impl/2.3.0.1/jaxb-impl-2.3.0.1.jar:/home/user/.m2/repository/com/sun/xml/bind/jaxb-core/2.3.0.1/jaxb-core-2.3.0.1.jar:/home/user/.m2/repository/javax/xml/bind/jaxb-api/2.3.0/jaxb-api-2.3.0.jar:/home/user/.m2/repository/javax/activation/activation/1.1.1/activation-1.1.1.jar:/home/user/.m2/repository/org/apache/hadoop/hadoop-ozone-csi/0.5.0-SNAPSHOT/hadoop-ozone-csi-0.5.0-SNAPSHOT.jar:/home/user/.m2/repository/com/google/protobuf/protobuf-java-util/3.5.1/protobuf-java-util-3.5.1.jar:/home/user/.m2/repository/org/apache/hadoop/hadoop-hdds-config/0.5.0-SNAPSHOT/hadoop-hdds-config-0.5.0-SNAPSHOT.jar:/home/user/.m2/repository/io/grpc/grpc-netty/1.17.1/grpc-netty-1.17.1.jar:/home/user/.m2/repository/io/grpc/grpc-core/1.17.1/grpc-core-1.17.1.jar:/home/user/.m2/repository/io/grpc/grpc-context/1.17.1/grpc-context-1.17.1.jar:/home/user/.m2/repository/com/google/errorprone/error_prone_annotations/2.2.0/error_prone_annotations-2.2.0.jar:/home/user/.m2/repository/org/codehaus/mojo/animal-sniffer-annotations/1.17/animal-sniffer-annotations-1.17.jar:/home/user/.m2/repository/io/opencensus/opencensus-api/0.17.0/opencensus-api-0.17.0.jar:/home/user/.m2/repository/io/opencensus/opencensus-contrib-grpc-metrics/0.17.0/opencensus-contrib-grpc-metrics-0.17.0.jar:/home/user/.m2/repository/io/netty/netty-codec-http2/4.1.30.Final/netty-codec-http2-4.1.30.Final.jar:/home/user/.m2/repository/io/netty/netty-codec-http/4.1.30.Final/netty-codec-http-4.1.30.Final.jar:/home/user/.m2/repository/io/netty/netty-codec/4.1.30.Final/netty-codec-4.1.30.Final.jar:/home/user/.m2/repository/io/netty/netty-handler/4.1.30.Final/netty-handler-4.1.30.Final.jar:/home/user/.m2/repository/io/netty/netty-handler-proxy/4.1.30.Final/netty-handler-proxy-4.1.30.Final.jar:/home/user/.m2/repository/io/netty/netty-codec-socks/4.1.30.Final/netty-codec-socks-4.1.30.Final.jar:/home/user/.m2/repository/io/netty/netty-transport-native-epoll/4.1.30.Final/netty-transport-native-epoll-4.1.30.Final.jar:/home/user/.m2/repository/io/netty/netty-common/4.1.30.Final/netty-common-4.1.30.Final.jar:/home/user/.m2/repository/io/netty/netty-buffer/4.1.30.Final/netty-buffer-4.1.30.Final.jar:/home/user/.m2/repository/io/netty/netty-transport/4.1.30.Final/netty-transport-4.1.30.Final.jar:/home/user/.m2/repository/io/netty/netty-resolver/4.1.30.Final/netty-resolver-4.1.30.Final.jar:/home/user/.m2/repository/io/netty/netty-transport-native-unix-common/4.1.30.Final/netty-transport-native-unix-common-4.1.30.Final.jar:/home/user/.m2/repository/io/grpc/grpc-protobuf/1.17.1/grpc-protobuf-1.17.1.jar:/home/user/.m2/repository/com/google/api/grpc/proto-google-common-protos/1.0.0/proto-google-common-protos-1.0.0.jar:/home/user/.m2/repository/io/grpc/grpc-protobuf-lite/1.17.1/grpc-protobuf-lite-1.17.1.jar:/home/user/.m2/repository/io/grpc/grpc-stub/1.17.1/grpc-stub-1.17.1.jar:/home/user/.m2/repository/org/apache/hadoop/hadoop-ozone-recon/0.5.0-SNAPSHOT/hadoop-ozone-recon-0.5.0-SNAPSHOT.jar:/home/user/.m2/repository/org/apache/hadoop/hadoop-ozone-reconcodegen/0.5.0-SNAPSHOT/hadoop-ozone-reconcodegen-0.5.0-SNAPSHOT.jar:/home/user/.m2/repository/com/google/inject/extensions/guice-multibindings/4.0/guice-multibindings-4.0.jar:/home/user/.m2/repository/com/google/inject/guice/4.0/guice-4.0.jar:/home/user/.m2/repository/aopalliance/aopalliance/1.0/aopalliance-1.0.jar:/home/user/.m2/repository/com/google/inject/extensions/guice-servlet/4.0/guice-servlet-4.0.jar:/home/user/.m2/repository/org/glassfish/jersey/containers/jersey-container-servlet/2.27/jersey-container-servlet-2.27.jar:/home/user/.m2/repository/org/glassfish/hk2/guice-bridge/2.5.0/guice-bridge-2.5.0.jar:/home/user/.m2/repository/org/glassfish/jersey/core/jersey-server/2.27/jersey-server-2.27.jar:/home/user/.m2/repository/org/glassfish/jersey/core/jersey-client/2.27/jersey-client-2.27.jar:/home/user/.m2/repository/org/glassfish/jersey/media/jersey-media-jaxb/2.27/jersey-media-jaxb-2.27.jar:/home/user/.m2/repository/javax/validation/validation-api/1.1.0.Final/validation-api-1.1.0.Final.jar:/home/user/.m2/repository/org/glassfish/jersey/media/jersey-media-json-jackson/2.27/jersey-media-json-jackson-2.27.jar:/home/user/.m2/repository/org/glassfish/jersey/ext/jersey-entity-filtering/2.27/jersey-entity-filtering-2.27.jar:/home/user/.m2/repository/com/google/inject/extensions/guice-assistedinject/4.0/guice-assistedinject-4.0.jar:/home/user/.m2/repository/org/jooq/jooq/3.11.10/jooq-3.11.10.jar:/home/user/.m2/repository/org/jooq/jooq-meta/3.11.10/jooq-meta-3.11.10.jar:/home/user/.m2/repository/org/jooq/jooq-codegen/3.11.10/jooq-codegen-3.11.10.jar:/home/user/.m2/repository/com/jolbox/bonecp/0.8.0.RELEASE/bonecp-0.8.0.RELEASE.jar:/home/user/.m2/repository/org/xerial/sqlite-jdbc/3.25.2/sqlite-jdbc-3.25.2.jar:/home/user/.m2/repository/org/springframework/spring-jdbc/5.1.3.RELEASE/spring-jdbc-5.1.3.RELEASE.jar:/home/user/.m2/repository/org/springframework/spring-beans/5.1.3.RELEASE/spring-beans-5.1.3.RELEASE.jar:/home/user/.m2/repository/org/springframework/spring-core/5.1.3.RELEASE/spring-core-5.1.3.RELEASE.jar:/home/user/.m2/repository/org/springframework/spring-jcl/5.1.3.RELEASE/spring-jcl-5.1.3.RELEASE.jar:/home/user/.m2/repository/org/springframework/spring-tx/5.1.3.RELEASE/spring-tx-5.1.3.RELEASE.jar:/home/user/.m2/repository/org/apache/hadoop/hadoop-ozone-client/0.5.0-SNAPSHOT/hadoop-ozone-client-0.5.0-SNAPSHOT.jar:/home/user/.m2/repository/commons-lang/commons-lang/2.6/commons-lang-2.6.jar:/home/user/.m2/repository/org/apache/hadoop/hadoop-ozone-ozone-manager/0.5.0-SNAPSHOT/hadoop-ozone-ozone-manager-0.5.0-SNAPSHOT-tests.jar:/home/user/.m2/repository/junit/junit/4.11/junit-4.11.jar:/home/user/.m2/repository/org/hamcrest/hamcrest-core/1.3/hamcrest-core-1.3.jar:/home/user/.m2/repository/org/openjdk/jmh/jmh-core/1.19/jmh-core-1.19.jar:/home/user/.m2/repository/net/sf/jopt-simple/jopt-simple/4.6/jopt-simple-4.6.jar:/home/user/.m2/repository/org/apache/commons/commons-math3/3.1.1/commons-math3-3.1.1.jar:/home/user/.m2/repository/org/openjdk/jmh/jmh-generator-annprocess/1.19/jmh-generator-annprocess-1.19.jar:/home/user/.m2/repository/org/mockito/mockito-all/1.8.5/mockito-all-1.8.5.jar:/home/user/.m2/repository/org/apache/hadoop/hadoop-kms/3.2.0/hadoop-kms-3.2.0.jar:/home/user/.m2/repository/org/apache/hadoop/hadoop-auth/3.2.0/hadoop-auth-3.2.0.jar:/home/user/.m2/repository/com/nimbusds/nimbus-jose-jwt/4.41.1/nimbus-jose-jwt-4.41.1.jar:/home/user/.m2/repository/com/github/stephenc/jcip/jcip-annotations/1.0-1/jcip-annotations-1.0-1.jar:/home/user/.m2/repository/net/minidev/json-smart/2.3/json-smart-2.3.jar:/home/user/.m2/repository/net/minidev/accessors-smart/1.2/accessors-smart-1.2.jar:/home/user/.m2/repository/org/ow2/asm/asm/5.0.4/asm-5.0.4.jar:/home/user/.m2/repository/org/apache/curator/curator-framework/2.12.0/curator-framework-2.12.0.jar:/home/user/.m2/repository/com/sun/jersey/jersey-core/1.19/jersey-core-1.19.jar:/home/user/.m2/repository/javax/ws/rs/jsr311-api/1.1.1/jsr311-api-1.1.1.jar:/home/user/.m2/repository/com/sun/jersey/jersey-server/1.19/jersey-server-1.19.jar:/home/user/.m2/repository/javax/servlet/javax.servlet-api/3.1.0/javax.servlet-api-3.1.0.jar:/home/user/.m2/repository/org/eclipse/jetty/jetty-server/9.3.24.v20180605/jetty-server-9.3.24.v20180605.jar:/home/user/.m2/repository/org/eclipse/jetty/jetty-http/9.3.24.v20180605/jetty-http-9.3.24.v20180605.jar:/home/user/.m2/repository/org/eclipse/jetty/jetty-io/9.3.24.v20180605/jetty-io-9.3.24.v20180605.jar:/home/user/.m2/repository/org/eclipse/jetty/jetty-webapp/9.3.24.v20180605/jetty-webapp-9.3.24.v20180605.jar:/home/user/.m2/repository/org/eclipse/jetty/jetty-xml/9.3.24.v20180605/jetty-xml-9.3.24.v20180605.jar:/home/user/.m2/repository/log4j/log4j/1.2.17/log4j-1.2.17.jar:/home/user/.m2/repository/org/slf4j/slf4j-api/1.7.25/slf4j-api-1.7.25.jar:/home/user/.m2/repository/org/slf4j/jul-to-slf4j/1.7.25/jul-to-slf4j-1.7.25.jar:/home/user/.m2/repository/org/eclipse/jetty/jetty-util/9.3.24.v20180605/jetty-util-9.3.24.v20180605.jar:/home/user/.m2/repository/com/fasterxml/jackson/core/jackson-databind/2.9.5/jackson-databind-2.9.5.jar:/home/user/.m2/repository/org/apache/hadoop/hadoop-kms/3.2.0/hadoop-kms-3.2.0-tests.jar:/home/user/.m2/repository/org/apache/hadoop/hadoop-hdds-server-scm/0.5.0-SNAPSHOT/hadoop-hdds-server-scm-0.5.0-SNAPSHOT-tests.jar:/home/user/.m2/repository/org/apache/hadoop/hadoop-hdds-container-service/0.5.0-SNAPSHOT/hadoop-hdds-container-service-0.5.0-SNAPSHOT-tests.jar:/home/user/.m2/repository/org/yaml/snakeyaml/1.16/snakeyaml-1.16.jar:/home/user/.m2/repository/org/apache/hadoop/hadoop-common/3.2.0/hadoop-common-3.2.0-tests.jar:/home/user/.m2/repository/org/apache/hadoop/hadoop-annotations/3.2.0/hadoop-annotations-3.2.0.jar:/usr/lib/jvm/java-1.8-openjdk/jre/../lib/tools.jar:/home/user/.m2/repository/commons-cli/commons-cli/1.2/commons-cli-1.2.jar:/home/user/.m2/repository/org/apache/httpcomponents/httpclient/4.5.2/httpclient-4.5.2.jar:/home/user/.m2/repository/org/apache/httpcomponents/httpcore/4.4.4/httpcore-4.4.4.jar:/home/user/.m2/repository/commons-codec/commons-codec/1.11/commons-codec-1.11.jar:/home/user/.m2/repository/commons-net/commons-net/3.6/commons-net-3.6.jar:/home/user/.m2/repository/commons-collections/commons-collections/3.2.2/commons-collections-3.2.2.jar:/home/user/.m2/repository/org/eclipse/jetty/jetty-servlet/9.3.24.v20180605/jetty-servlet-9.3.24.v20180605.jar:/home/user/.m2/repository/org/eclipse/jetty/jetty-security/9.3.24.v20180605/jetty-security-9.3.24.v20180605.jar:/home/user/.m2/repository/javax/servlet/jsp/jsp-api/2.1/jsp-api-2.1.jar:/home/user/.m2/repository/com/sun/jersey/jersey-servlet/1.19/jersey-servlet-1.19.jar:/home/user/.m2/repository/com/sun/jersey/jersey-json/1.19/jersey-json-1.19.jar:/home/user/.m2/repository/org/codehaus/jettison/jettison/1.1/jettison-1.1.jar:/home/user/.m2/repository/org/codehaus/jackson/jackson-core-asl/1.9.13/jackson-core-asl-1.9.13.jar:/home/user/.m2/repository/org/codehaus/jackson/jackson-mapper-asl/1.9.13/jackson-mapper-asl-1.9.13.jar:/home/user/.m2/repository/org/codehaus/jackson/jackson-jaxrs/1.9.13/jackson-jaxrs-1.9.13.jar:/home/user/.m2/repository/org/codehaus/jackson/jackson-xc/1.9.13/jackson-xc-1.9.13.jar:/home/user/.m2/repository/commons-logging/commons-logging/1.1.3/commons-logging-1.1.3.jar:/home/user/.m2/repository/commons-beanutils/commons-beanutils/1.9.3/commons-beanutils-1.9.3.jar:/home/user/.m2/repository/org/apache/commons/commons-configuration2/2.1.1/commons-configuration2-2.1.1.jar:/home/user/.m2/repository/org/apache/commons/commons-lang3/3.7/commons-lang3-3.7.jar:/home/user/.m2/repository/org/apache/commons/commons-text/1.4/commons-text-1.4.jar:/home/user/.m2/repository/org/apache/avro/avro/1.7.7/avro-1.7.7.jar:/home/user/.m2/repository/com/thoughtworks/paranamer/paranamer/2.3/paranamer-2.3.jar:/home/user/.m2/repository/org/xerial/snappy/snappy-java/1.0.5/snappy-java-1.0.5.jar:/home/user/.m2/repository/com/google/re2j/re2j/1.1/re2j-1.1.jar:/home/user/.m2/repository/com/google/code/gson/gson/2.2.4/gson-2.2.4.jar:/home/user/.m2/repository/com/jcraft/jsch/0.1.54/jsch-0.1.54.jar:/home/user/.m2/repository/org/apache/curator/curator-client/2.12.0/curator-client-2.12.0.jar:/home/user/.m2/repository/org/apache/curator/curator-recipes/2.12.0/curator-recipes-2.12.0.jar:/home/user/.m2/repository/com/google/code/findbugs/jsr305/3.0.0/jsr305-3.0.0.jar:/home/user/.m2/repository/org/apache/htrace/htrace-core4/4.1.0-incubating/htrace-core4-4.1.0-incubating.jar:/home/user/.m2/repository/org/apache/zookeeper/zookeeper/3.4.13/zookeeper-3.4.13.jar:/home/user/.m2/repository/org/apache/yetus/audience-annotations/0.5.0/audience-annotations-0.5.0.jar:/home/user/.m2/repository/org/codehaus/woodstox/stax2-api/3.1.4/stax2-api-3.1.4.jar:/home/user/.m2/repository/com/fasterxml/woodstox/woodstox-core/5.0.3/woodstox-core-5.0.3.jar:/home/user/.m2/repository/dnsjava/dnsjava/2.1.7/dnsjava-2.1.7.jar:/home/user/.m2/repository/org/apache/hadoop/hadoop-hdfs/3.2.0/hadoop-hdfs-3.2.0-tests.jar:/home/user/.m2/repository/org/eclipse/jetty/jetty-util-ajax/9.3.24.v20180605/jetty-util-ajax-9.3.24.v20180605.jar:/home/user/.m2/repository/commons-daemon/commons-daemon/1.0.13/commons-daemon-1.0.13.jar:/home/user/.m2/repository/io/netty/netty/3.10.5.Final/netty-3.10.5.Final.jar:/home/user/.m2/repository/io/netty/netty-all/4.0.52.Final/netty-all-4.0.52.Final.jar:/home/user/.m2/repository/org/fusesource/leveldbjni/leveldbjni-all/1.8/leveldbjni-all-1.8.jar:"/>
    <property name="java.vm.vendor" value="IcedTea"/>
    <property name="sun.arch.data.model" value="64"/>
    <property name="test.build.dir" value="/workdir/hadoop-ozone/integration-test/target/test-dir"/>
    <property name="test.cache.data" value=""/>
    <property name="java.vendor.url" value="https://icedtea.classpath.org"/>
    <property name="user.timezone" value=""/>
    <property name="java.vm.specification.version" value="1.8"/>
    <property name="os.name" value="Linux"/>
    <property name="test.build.data" value="/workdir/hadoop-ozone/integration-test/target/test-dir"/>
    <property name="user.country" value="US"/>
    <property name="sun.java.launcher" value="SUN_STANDARD"/>
    <property name="sun.boot.library.path" value="/usr/lib/jvm/java-1.8-openjdk/jre/lib/amd64"/>
    <property name="sun.java.command" value="/workdir/hadoop-ozone/integration-test/target/surefire/surefirebooter4112799495472423891.jar /workdir/hadoop-ozone/integration-test/target/surefire 2019-09-17T15-11-37_392-jvmRun1 surefire107771343896746598tmp surefire_494716245481185334448tmp"/>
    <property name="test" value="!TestMiniChaosOzoneCluster"/>
    <property name="surefire.test.class.path" value="/workdir/hadoop-ozone/integration-test/target/test-classes:/workdir/hadoop-ozone/integration-test/target/classes:/home/user/.m2/repository/org/apache/hadoop/hadoop-ozone-common/0.5.0-SNAPSHOT/hadoop-ozone-common-0.5.0-SNAPSHOT.jar:/home/user/.m2/repository/org/apache/commons/commons-compress/1.4.1/commons-compress-1.4.1.jar:/home/user/.m2/repository/org/tukaani/xz/1.0/xz-1.0.jar:/home/user/.m2/repository/org/apache/hadoop/hadoop-common/3.2.0/hadoop-common-3.2.0.jar:/home/user/.m2/repository/org/apache/hadoop/hadoop-hdfs/3.2.0/hadoop-hdfs-3.2.0.jar:/home/user/.m2/repository/org/apache/hadoop/hadoop-hdfs-client/3.2.0/hadoop-hdfs-client-3.2.0.jar:/home/user/.m2/repository/com/fasterxml/jackson/core/jackson-annotations/2.9.5/jackson-annotations-2.9.5.jar:/home/user/.m2/repository/org/apache/hadoop/hadoop-hdds-common/0.5.0-SNAPSHOT/hadoop-hdds-common-0.5.0-SNAPSHOT.jar:/home/user/.m2/repository/javax/annotation/javax.annotation-api/1.2/javax.annotation-api-1.2.jar:/home/user/.m2/repository/org/apache/ratis/ratis-server/0.4.0-78e95b9-SNAPSHOT/ratis-server-0.4.0-78e95b9-SNAPSHOT.jar:/home/user/.m2/repository/org/apache/ratis/ratis-thirdparty-misc/0.2.0/ratis-thirdparty-misc-0.2.0.jar:/home/user/.m2/repository/org/apache/ratis/ratis-proto/0.4.0-78e95b9-SNAPSHOT/ratis-proto-0.4.0-78e95b9-SNAPSHOT.jar:/home/user/.m2/repository/org/apache/ratis/ratis-common/0.4.0-78e95b9-SNAPSHOT/ratis-common-0.4.0-78e95b9-SNAPSHOT.jar:/home/user/.m2/repository/org/apache/ratis/ratis-client/0.4.0-78e95b9-SNAPSHOT/ratis-client-0.4.0-78e95b9-SNAPSHOT.jar:/home/user/.m2/repository/org/apache/ratis/ratis-metrics/0.4.0-78e95b9-SNAPSHOT/ratis-metrics-0.4.0-78e95b9-SNAPSHOT.jar:/home/user/.m2/repository/com/github/joshelser/dropwizard-metrics-hadoop-metrics2-reporter/0.1.2/dropwizard-metrics-hadoop-metrics2-reporter-0.1.2.jar:/home/user/.m2/repository/io/dropwizard/metrics/metrics-jvm/3.2.5/metrics-jvm-3.2.5.jar:/home/user/.m2/repository/io/dropwizard/metrics/metrics-ganglia/3.2.5/metrics-ganglia-3.2.5.jar:/home/user/.m2/repository/info/ganglia/gmetric4j/gmetric4j/1.0.7/gmetric4j-1.0.7.jar:/home/user/.m2/repository/org/apache/ratis/ratis-netty/0.4.0-78e95b9-SNAPSHOT/ratis-netty-0.4.0-78e95b9-SNAPSHOT.jar:/home/user/.m2/repository/org/apache/ratis/ratis-grpc/0.4.0-78e95b9-SNAPSHOT/ratis-grpc-0.4.0-78e95b9-SNAPSHOT.jar:/home/user/.m2/repository/org/rocksdb/rocksdbjni/6.0.1/rocksdbjni-6.0.1.jar:/home/user/.m2/repository/org/apache/logging/log4j/log4j-api/2.11.0/log4j-api-2.11.0.jar:/home/user/.m2/repository/org/apache/logging/log4j/log4j-core/2.11.0/log4j-core-2.11.0.jar:/home/user/.m2/repository/com/lmax/disruptor/3.4.2/disruptor-3.4.2.jar:/home/user/.m2/repository/org/apache/commons/commons-pool2/2.6.0/commons-pool2-2.6.0.jar:/home/user/.m2/repository/org/bouncycastle/bcpkix-jdk15on/1.60/bcpkix-jdk15on-1.60.jar:/home/user/.m2/repository/commons-validator/commons-validator/1.6/commons-validator-1.6.jar:/home/user/.m2/repository/commons-digester/commons-digester/1.8.1/commons-digester-1.8.1.jar:/home/user/.m2/repository/io/jaegertracing/jaeger-client/0.33.1/jaeger-client-0.33.1.jar:/home/user/.m2/repository/io/jaegertracing/jaeger-thrift/0.33.1/jaeger-thrift-0.33.1.jar:/home/user/.m2/repository/org/apache/thrift/libthrift/0.11.0/libthrift-0.11.0.jar:/home/user/.m2/repository/com/squareup/okhttp3/okhttp/3.9.0/okhttp-3.9.0.jar:/home/user/.m2/repository/com/squareup/okio/okio/1.13.0/okio-1.13.0.jar:/home/user/.m2/repository/io/jaegertracing/jaeger-core/0.33.1/jaeger-core-0.33.1.jar:/home/user/.m2/repository/io/jaegertracing/jaeger-tracerresolver/0.33.1/jaeger-tracerresolver-0.33.1.jar:/home/user/.m2/repository/io/opentracing/contrib/opentracing-tracerresolver/0.1.5/opentracing-tracerresolver-0.1.5.jar:/home/user/.m2/repository/io/opentracing/opentracing-util/0.31.0/opentracing-util-0.31.0.jar:/home/user/.m2/repository/io/opentracing/opentracing-api/0.31.0/opentracing-api-0.31.0.jar:/home/user/.m2/repository/io/opentracing/opentracing-noop/0.31.0/opentracing-noop-0.31.0.jar:/home/user/.m2/repository/org/apache/hadoop/hadoop-hdds-server-framework/0.5.0-SNAPSHOT/hadoop-hdds-server-framework-0.5.0-SNAPSHOT.jar:/home/user/.m2/repository/org/apache/hadoop/hadoop-hdds-container-service/0.5.0-SNAPSHOT/hadoop-hdds-container-service-0.5.0-SNAPSHOT.jar:/home/user/.m2/repository/org/apache/hadoop/hadoop-hdds-client/0.5.0-SNAPSHOT/hadoop-hdds-client-0.5.0-SNAPSHOT.jar:/home/user/.m2/repository/org/apache/hadoop/hadoop-hdds-tools/0.5.0-SNAPSHOT/hadoop-hdds-tools-0.5.0-SNAPSHOT.jar:/home/user/.m2/repository/org/apache/hadoop/hadoop-hdds-server-scm/0.5.0-SNAPSHOT/hadoop-hdds-server-scm-0.5.0-SNAPSHOT.jar:/home/user/.m2/repository/org/apache/hadoop/hadoop-hdds-docs/0.5.0-SNAPSHOT/hadoop-hdds-docs-0.5.0-SNAPSHOT.jar:/home/user/.m2/repository/io/dropwizard/metrics/metrics-core/3.2.4/metrics-core-3.2.4.jar:/home/user/.m2/repository/org/hamcrest/hamcrest-all/1.3/hamcrest-all-1.3.jar:/home/user/.m2/repository/org/bouncycastle/bcprov-jdk15on/1.60/bcprov-jdk15on-1.60.jar:/home/user/.m2/repository/info/picocli/picocli/3.9.6/picocli-3.9.6.jar:/home/user/.m2/repository/com/google/protobuf/protobuf-java/2.5.0/protobuf-java-2.5.0.jar:/home/user/.m2/repository/com/google/guava/guava/11.0.2/guava-11.0.2.jar:/home/user/.m2/repository/org/apache/hadoop/hadoop-ozone-ozone-manager/0.5.0-SNAPSHOT/hadoop-ozone-ozone-manager-0.5.0-SNAPSHOT.jar:/home/user/.m2/repository/org/apache/hadoop/hadoop-minikdc/3.2.0/hadoop-minikdc-3.2.0.jar:/home/user/.m2/repository/commons-io/commons-io/2.5/commons-io-2.5.jar:/home/user/.m2/repository/org/apache/kerby/kerb-simplekdc/1.0.1/kerb-simplekdc-1.0.1.jar:/home/user/.m2/repository/org/apache/kerby/kerb-client/1.0.1/kerb-client-1.0.1.jar:/home/user/.m2/repository/org/apache/kerby/kerby-config/1.0.1/kerby-config-1.0.1.jar:/home/user/.m2/repository/org/apache/kerby/kerb-core/1.0.1/kerb-core-1.0.1.jar:/home/user/.m2/repository/org/apache/kerby/kerby-pkix/1.0.1/kerby-pkix-1.0.1.jar:/home/user/.m2/repository/org/apache/kerby/kerby-asn1/1.0.1/kerby-asn1-1.0.1.jar:/home/user/.m2/repository/org/apache/kerby/kerby-util/1.0.1/kerby-util-1.0.1.jar:/home/user/.m2/repository/org/apache/kerby/kerb-common/1.0.1/kerb-common-1.0.1.jar:/home/user/.m2/repository/org/apache/kerby/kerb-crypto/1.0.1/kerb-crypto-1.0.1.jar:/home/user/.m2/repository/org/apache/kerby/kerb-util/1.0.1/kerb-util-1.0.1.jar:/home/user/.m2/repository/org/apache/kerby/token-provider/1.0.1/token-provider-1.0.1.jar:/home/user/.m2/repository/org/apache/kerby/kerb-admin/1.0.1/kerb-admin-1.0.1.jar:/home/user/.m2/repository/org/apache/kerby/kerb-server/1.0.1/kerb-server-1.0.1.jar:/home/user/.m2/repository/org/apache/kerby/kerb-identity/1.0.1/kerb-identity-1.0.1.jar:/home/user/.m2/repository/org/apache/kerby/kerby-xdr/1.0.1/kerby-xdr-1.0.1.jar:/home/user/.m2/repository/org/slf4j/slf4j-log4j12/1.7.25/slf4j-log4j12-1.7.25.jar:/home/user/.m2/repository/org/apache/hadoop/hadoop-ozone-s3gateway/0.5.0-SNAPSHOT/hadoop-ozone-s3gateway-0.5.0-SNAPSHOT.jar:/home/user/.m2/repository/org/jboss/weld/servlet/weld-servlet/2.4.7.Final/weld-servlet-2.4.7.Final.jar:/home/user/.m2/repository/org/glassfish/jersey/containers/jersey-container-servlet-core/2.27/jersey-container-servlet-core-2.27.jar:/home/user/.m2/repository/org/glassfish/hk2/external/javax.inject/2.5.0-b42/javax.inject-2.5.0-b42.jar:/home/user/.m2/repository/org/glassfish/jersey/core/jersey-common/2.27/jersey-common-2.27.jar:/home/user/.m2/repository/org/glassfish/hk2/osgi-resource-locator/1.0.1/osgi-resource-locator-1.0.1.jar:/home/user/.m2/repository/javax/ws/rs/javax.ws.rs-api/2.1/javax.ws.rs-api-2.1.jar:/home/user/.m2/repository/org/glassfish/jersey/ext/cdi/jersey-cdi1x/2.27/jersey-cdi1x-2.27.jar:/home/user/.m2/repository/org/glassfish/jersey/inject/jersey-hk2/2.27/jersey-hk2-2.27.jar:/home/user/.m2/repository/org/glassfish/hk2/hk2-locator/2.5.0-b42/hk2-locator-2.5.0-b42.jar:/home/user/.m2/repository/org/javassist/javassist/3.22.0-CR2/javassist-3.22.0-CR2.jar:/home/user/.m2/repository/org/glassfish/hk2/hk2-api/2.5.0/hk2-api-2.5.0.jar:/home/user/.m2/repository/org/glassfish/hk2/external/jakarta.inject/2.5.0/jakarta.inject-2.5.0.jar:/home/user/.m2/repository/org/glassfish/hk2/hk2-utils/2.5.0/hk2-utils-2.5.0.jar:/home/user/.m2/repository/jakarta/annotation/jakarta.annotation-api/1.3.4/jakarta.annotation-api-1.3.4.jar:/home/user/.m2/repository/org/glassfish/hk2/external/aopalliance-repackaged/2.5.0/aopalliance-repackaged-2.5.0.jar:/home/user/.m2/repository/com/fasterxml/jackson/dataformat/jackson-dataformat-xml/2.9.0/jackson-dataformat-xml-2.9.0.jar:/home/user/.m2/repository/com/fasterxml/jackson/core/jackson-core/2.9.5/jackson-core-2.9.5.jar:/home/user/.m2/repository/com/fasterxml/jackson/module/jackson-module-jaxb-annotations/2.9.5/jackson-module-jaxb-annotations-2.9.5.jar:/home/user/.m2/repository/javax/enterprise/cdi-api/1.2/cdi-api-1.2.jar:/home/user/.m2/repository/javax/el/javax.el-api/3.0.0/javax.el-api-3.0.0.jar:/home/user/.m2/repository/javax/interceptor/javax.interceptor-api/1.2/javax.interceptor-api-1.2.jar:/home/user/.m2/repository/javax/inject/javax.inject/1/javax.inject-1.jar:/home/user/.m2/repository/com/sun/xml/bind/jaxb-impl/2.3.0.1/jaxb-impl-2.3.0.1.jar:/home/user/.m2/repository/com/sun/xml/bind/jaxb-core/2.3.0.1/jaxb-core-2.3.0.1.jar:/home/user/.m2/repository/javax/xml/bind/jaxb-api/2.3.0/jaxb-api-2.3.0.jar:/home/user/.m2/repository/javax/activation/activation/1.1.1/activation-1.1.1.jar:/home/user/.m2/repository/org/apache/hadoop/hadoop-ozone-csi/0.5.0-SNAPSHOT/hadoop-ozone-csi-0.5.0-SNAPSHOT.jar:/home/user/.m2/repository/com/google/protobuf/protobuf-java-util/3.5.1/protobuf-java-util-3.5.1.jar:/home/user/.m2/repository/org/apache/hadoop/hadoop-hdds-config/0.5.0-SNAPSHOT/hadoop-hdds-config-0.5.0-SNAPSHOT.jar:/home/user/.m2/repository/io/grpc/grpc-netty/1.17.1/grpc-netty-1.17.1.jar:/home/user/.m2/repository/io/grpc/grpc-core/1.17.1/grpc-core-1.17.1.jar:/home/user/.m2/repository/io/grpc/grpc-context/1.17.1/grpc-context-1.17.1.jar:/home/user/.m2/repository/com/google/errorprone/error_prone_annotations/2.2.0/error_prone_annotations-2.2.0.jar:/home/user/.m2/repository/org/codehaus/mojo/animal-sniffer-annotations/1.17/animal-sniffer-annotations-1.17.jar:/home/user/.m2/repository/io/opencensus/opencensus-api/0.17.0/opencensus-api-0.17.0.jar:/home/user/.m2/repository/io/opencensus/opencensus-contrib-grpc-metrics/0.17.0/opencensus-contrib-grpc-metrics-0.17.0.jar:/home/user/.m2/repository/io/netty/netty-codec-http2/4.1.30.Final/netty-codec-http2-4.1.30.Final.jar:/home/user/.m2/repository/io/netty/netty-codec-http/4.1.30.Final/netty-codec-http-4.1.30.Final.jar:/home/user/.m2/repository/io/netty/netty-codec/4.1.30.Final/netty-codec-4.1.30.Final.jar:/home/user/.m2/repository/io/netty/netty-handler/4.1.30.Final/netty-handler-4.1.30.Final.jar:/home/user/.m2/repository/io/netty/netty-handler-proxy/4.1.30.Final/netty-handler-proxy-4.1.30.Final.jar:/home/user/.m2/repository/io/netty/netty-codec-socks/4.1.30.Final/netty-codec-socks-4.1.30.Final.jar:/home/user/.m2/repository/io/netty/netty-transport-native-epoll/4.1.30.Final/netty-transport-native-epoll-4.1.30.Final.jar:/home/user/.m2/repository/io/netty/netty-common/4.1.30.Final/netty-common-4.1.30.Final.jar:/home/user/.m2/repository/io/netty/netty-buffer/4.1.30.Final/netty-buffer-4.1.30.Final.jar:/home/user/.m2/repository/io/netty/netty-transport/4.1.30.Final/netty-transport-4.1.30.Final.jar:/home/user/.m2/repository/io/netty/netty-resolver/4.1.30.Final/netty-resolver-4.1.30.Final.jar:/home/user/.m2/repository/io/netty/netty-transport-native-unix-common/4.1.30.Final/netty-transport-native-unix-common-4.1.30.Final.jar:/home/user/.m2/repository/io/grpc/grpc-protobuf/1.17.1/grpc-protobuf-1.17.1.jar:/home/user/.m2/repository/com/google/api/grpc/proto-google-common-protos/1.0.0/proto-google-common-protos-1.0.0.jar:/home/user/.m2/repository/io/grpc/grpc-protobuf-lite/1.17.1/grpc-protobuf-lite-1.17.1.jar:/home/user/.m2/repository/io/grpc/grpc-stub/1.17.1/grpc-stub-1.17.1.jar:/home/user/.m2/repository/org/apache/hadoop/hadoop-ozone-recon/0.5.0-SNAPSHOT/hadoop-ozone-recon-0.5.0-SNAPSHOT.jar:/home/user/.m2/repository/org/apache/hadoop/hadoop-ozone-reconcodegen/0.5.0-SNAPSHOT/hadoop-ozone-reconcodegen-0.5.0-SNAPSHOT.jar:/home/user/.m2/repository/com/google/inject/extensions/guice-multibindings/4.0/guice-multibindings-4.0.jar:/home/user/.m2/repository/com/google/inject/guice/4.0/guice-4.0.jar:/home/user/.m2/repository/aopalliance/aopalliance/1.0/aopalliance-1.0.jar:/home/user/.m2/repository/com/google/inject/extensions/guice-servlet/4.0/guice-servlet-4.0.jar:/home/user/.m2/repository/org/glassfish/jersey/containers/jersey-container-servlet/2.27/jersey-container-servlet-2.27.jar:/home/user/.m2/repository/org/glassfish/hk2/guice-bridge/2.5.0/guice-bridge-2.5.0.jar:/home/user/.m2/repository/org/glassfish/jersey/core/jersey-server/2.27/jersey-server-2.27.jar:/home/user/.m2/repository/org/glassfish/jersey/core/jersey-client/2.27/jersey-client-2.27.jar:/home/user/.m2/repository/org/glassfish/jersey/media/jersey-media-jaxb/2.27/jersey-media-jaxb-2.27.jar:/home/user/.m2/repository/javax/validation/validation-api/1.1.0.Final/validation-api-1.1.0.Final.jar:/home/user/.m2/repository/org/glassfish/jersey/media/jersey-media-json-jackson/2.27/jersey-media-json-jackson-2.27.jar:/home/user/.m2/repository/org/glassfish/jersey/ext/jersey-entity-filtering/2.27/jersey-entity-filtering-2.27.jar:/home/user/.m2/repository/com/google/inject/extensions/guice-assistedinject/4.0/guice-assistedinject-4.0.jar:/home/user/.m2/repository/org/jooq/jooq/3.11.10/jooq-3.11.10.jar:/home/user/.m2/repository/org/jooq/jooq-meta/3.11.10/jooq-meta-3.11.10.jar:/home/user/.m2/repository/org/jooq/jooq-codegen/3.11.10/jooq-codegen-3.11.10.jar:/home/user/.m2/repository/com/jolbox/bonecp/0.8.0.RELEASE/bonecp-0.8.0.RELEASE.jar:/home/user/.m2/repository/org/xerial/sqlite-jdbc/3.25.2/sqlite-jdbc-3.25.2.jar:/home/user/.m2/repository/org/springframework/spring-jdbc/5.1.3.RELEASE/spring-jdbc-5.1.3.RELEASE.jar:/home/user/.m2/repository/org/springframework/spring-beans/5.1.3.RELEASE/spring-beans-5.1.3.RELEASE.jar:/home/user/.m2/repository/org/springframework/spring-core/5.1.3.RELEASE/spring-core-5.1.3.RELEASE.jar:/home/user/.m2/repository/org/springframework/spring-jcl/5.1.3.RELEASE/spring-jcl-5.1.3.RELEASE.jar:/home/user/.m2/repository/org/springframework/spring-tx/5.1.3.RELEASE/spring-tx-5.1.3.RELEASE.jar:/home/user/.m2/repository/org/apache/hadoop/hadoop-ozone-client/0.5.0-SNAPSHOT/hadoop-ozone-client-0.5.0-SNAPSHOT.jar:/home/user/.m2/repository/commons-lang/commons-lang/2.6/commons-lang-2.6.jar:/home/user/.m2/repository/org/apache/hadoop/hadoop-ozone-ozone-manager/0.5.0-SNAPSHOT/hadoop-ozone-ozone-manager-0.5.0-SNAPSHOT-tests.jar:/home/user/.m2/repository/junit/junit/4.11/junit-4.11.jar:/home/user/.m2/repository/org/hamcrest/hamcrest-core/1.3/hamcrest-core-1.3.jar:/home/user/.m2/repository/org/openjdk/jmh/jmh-core/1.19/jmh-core-1.19.jar:/home/user/.m2/repository/net/sf/jopt-simple/jopt-simple/4.6/jopt-simple-4.6.jar:/home/user/.m2/repository/org/apache/commons/commons-math3/3.1.1/commons-math3-3.1.1.jar:/home/user/.m2/repository/org/openjdk/jmh/jmh-generator-annprocess/1.19/jmh-generator-annprocess-1.19.jar:/home/user/.m2/repository/org/mockito/mockito-all/1.8.5/mockito-all-1.8.5.jar:/home/user/.m2/repository/org/apache/hadoop/hadoop-kms/3.2.0/hadoop-kms-3.2.0.jar:/home/user/.m2/repository/org/apache/hadoop/hadoop-auth/3.2.0/hadoop-auth-3.2.0.jar:/home/user/.m2/repository/com/nimbusds/nimbus-jose-jwt/4.41.1/nimbus-jose-jwt-4.41.1.jar:/home/user/.m2/repository/com/github/stephenc/jcip/jcip-annotations/1.0-1/jcip-annotations-1.0-1.jar:/home/user/.m2/repository/net/minidev/json-smart/2.3/json-smart-2.3.jar:/home/user/.m2/repository/net/minidev/accessors-smart/1.2/accessors-smart-1.2.jar:/home/user/.m2/repository/org/ow2/asm/asm/5.0.4/asm-5.0.4.jar:/home/user/.m2/repository/org/apache/curator/curator-framework/2.12.0/curator-framework-2.12.0.jar:/home/user/.m2/repository/com/sun/jersey/jersey-core/1.19/jersey-core-1.19.jar:/home/user/.m2/repository/javax/ws/rs/jsr311-api/1.1.1/jsr311-api-1.1.1.jar:/home/user/.m2/repository/com/sun/jersey/jersey-server/1.19/jersey-server-1.19.jar:/home/user/.m2/repository/javax/servlet/javax.servlet-api/3.1.0/javax.servlet-api-3.1.0.jar:/home/user/.m2/repository/org/eclipse/jetty/jetty-server/9.3.24.v20180605/jetty-server-9.3.24.v20180605.jar:/home/user/.m2/repository/org/eclipse/jetty/jetty-http/9.3.24.v20180605/jetty-http-9.3.24.v20180605.jar:/home/user/.m2/repository/org/eclipse/jetty/jetty-io/9.3.24.v20180605/jetty-io-9.3.24.v20180605.jar:/home/user/.m2/repository/org/eclipse/jetty/jetty-webapp/9.3.24.v20180605/jetty-webapp-9.3.24.v20180605.jar:/home/user/.m2/repository/org/eclipse/jetty/jetty-xml/9.3.24.v20180605/jetty-xml-9.3.24.v20180605.jar:/home/user/.m2/repository/log4j/log4j/1.2.17/log4j-1.2.17.jar:/home/user/.m2/repository/org/slf4j/slf4j-api/1.7.25/slf4j-api-1.7.25.jar:/home/user/.m2/repository/org/slf4j/jul-to-slf4j/1.7.25/jul-to-slf4j-1.7.25.jar:/home/user/.m2/repository/org/eclipse/jetty/jetty-util/9.3.24.v20180605/jetty-util-9.3.24.v20180605.jar:/home/user/.m2/repository/com/fasterxml/jackson/core/jackson-databind/2.9.5/jackson-databind-2.9.5.jar:/home/user/.m2/repository/org/apache/hadoop/hadoop-kms/3.2.0/hadoop-kms-3.2.0-tests.jar:/home/user/.m2/repository/org/apache/hadoop/hadoop-hdds-server-scm/0.5.0-SNAPSHOT/hadoop-hdds-server-scm-0.5.0-SNAPSHOT-tests.jar:/home/user/.m2/repository/org/apache/hadoop/hadoop-hdds-container-service/0.5.0-SNAPSHOT/hadoop-hdds-container-service-0.5.0-SNAPSHOT-tests.jar:/home/user/.m2/repository/org/yaml/snakeyaml/1.16/snakeyaml-1.16.jar:/home/user/.m2/repository/org/apache/hadoop/hadoop-common/3.2.0/hadoop-common-3.2.0-tests.jar:/home/user/.m2/repository/org/apache/hadoop/hadoop-annotations/3.2.0/hadoop-annotations-3.2.0.jar:/usr/lib/jvm/java-1.8-openjdk/jre/../lib/tools.jar:/home/user/.m2/repository/commons-cli/commons-cli/1.2/commons-cli-1.2.jar:/home/user/.m2/repository/org/apache/httpcomponents/httpclient/4.5.2/httpclient-4.5.2.jar:/home/user/.m2/repository/org/apache/httpcomponents/httpcore/4.4.4/httpcore-4.4.4.jar:/home/user/.m2/repository/commons-codec/commons-codec/1.11/commons-codec-1.11.jar:/home/user/.m2/repository/commons-net/commons-net/3.6/commons-net-3.6.jar:/home/user/.m2/repository/commons-collections/commons-collections/3.2.2/commons-collections-3.2.2.jar:/home/user/.m2/repository/org/eclipse/jetty/jetty-servlet/9.3.24.v20180605/jetty-servlet-9.3.24.v20180605.jar:/home/user/.m2/repository/org/eclipse/jetty/jetty-security/9.3.24.v20180605/jetty-security-9.3.24.v20180605.jar:/home/user/.m2/repository/javax/servlet/jsp/jsp-api/2.1/jsp-api-2.1.jar:/home/user/.m2/repository/com/sun/jersey/jersey-servlet/1.19/jersey-servlet-1.19.jar:/home/user/.m2/repository/com/sun/jersey/jersey-json/1.19/jersey-json-1.19.jar:/home/user/.m2/repository/org/codehaus/jettison/jettison/1.1/jettison-1.1.jar:/home/user/.m2/repository/org/codehaus/jackson/jackson-core-asl/1.9.13/jackson-core-asl-1.9.13.jar:/home/user/.m2/repository/org/codehaus/jackson/jackson-mapper-asl/1.9.13/jackson-mapper-asl-1.9.13.jar:/home/user/.m2/repository/org/codehaus/jackson/jackson-jaxrs/1.9.13/jackson-jaxrs-1.9.13.jar:/home/user/.m2/repository/org/codehaus/jackson/jackson-xc/1.9.13/jackson-xc-1.9.13.jar:/home/user/.m2/repository/commons-logging/commons-logging/1.1.3/commons-logging-1.1.3.jar:/home/user/.m2/repository/commons-beanutils/commons-beanutils/1.9.3/commons-beanutils-1.9.3.jar:/home/user/.m2/repository/org/apache/commons/commons-configuration2/2.1.1/commons-configuration2-2.1.1.jar:/home/user/.m2/repository/org/apache/commons/commons-lang3/3.7/commons-lang3-3.7.jar:/home/user/.m2/repository/org/apache/commons/commons-text/1.4/commons-text-1.4.jar:/home/user/.m2/repository/org/apache/avro/avro/1.7.7/avro-1.7.7.jar:/home/user/.m2/repository/com/thoughtworks/paranamer/paranamer/2.3/paranamer-2.3.jar:/home/user/.m2/repository/org/xerial/snappy/snappy-java/1.0.5/snappy-java-1.0.5.jar:/home/user/.m2/repository/com/google/re2j/re2j/1.1/re2j-1.1.jar:/home/user/.m2/repository/com/google/code/gson/gson/2.2.4/gson-2.2.4.jar:/home/user/.m2/repository/com/jcraft/jsch/0.1.54/jsch-0.1.54.jar:/home/user/.m2/repository/org/apache/curator/curator-client/2.12.0/curator-client-2.12.0.jar:/home/user/.m2/repository/org/apache/curator/curator-recipes/2.12.0/curator-recipes-2.12.0.jar:/home/user/.m2/repository/com/google/code/findbugs/jsr305/3.0.0/jsr305-3.0.0.jar:/home/user/.m2/repository/org/apache/htrace/htrace-core4/4.1.0-incubating/htrace-core4-4.1.0-incubating.jar:/home/user/.m2/repository/org/apache/zookeeper/zookeeper/3.4.13/zookeeper-3.4.13.jar:/home/user/.m2/repository/org/apache/yetus/audience-annotations/0.5.0/audience-annotations-0.5.0.jar:/home/user/.m2/repository/org/codehaus/woodstox/stax2-api/3.1.4/stax2-api-3.1.4.jar:/home/user/.m2/repository/com/fasterxml/woodstox/woodstox-core/5.0.3/woodstox-core-5.0.3.jar:/home/user/.m2/repository/dnsjava/dnsjava/2.1.7/dnsjava-2.1.7.jar:/home/user/.m2/repository/org/apache/hadoop/hadoop-hdfs/3.2.0/hadoop-hdfs-3.2.0-tests.jar:/home/user/.m2/repository/org/eclipse/jetty/jetty-util-ajax/9.3.24.v20180605/jetty-util-ajax-9.3.24.v20180605.jar:/home/user/.m2/repository/commons-daemon/commons-daemon/1.0.13/commons-daemon-1.0.13.jar:/home/user/.m2/repository/io/netty/netty/3.10.5.Final/netty-3.10.5.Final.jar:/home/user/.m2/repository/io/netty/netty-all/4.0.52.Final/netty-all-4.0.52.Final.jar:/home/user/.m2/repository/org/fusesource/leveldbjni/leveldbjni-all/1.8/leveldbjni-all-1.8.jar:"/>
    <property name="sun.cpu.endian" value="little"/>
    <property name="user.home" value="/home/user"/>
    <property name="user.language" value="en"/>
    <property name="java.specification.vendor" value="Oracle Corporation"/>
    <property name="java.home" value="/usr/lib/jvm/java-1.8-openjdk/jre"/>
    <property name="java.security.krb5.conf" value="/workdir/hadoop-ozone/integration-test/target/test-classes/krb5.conf"/>
    <property name="basedir" value="/workdir/hadoop-ozone/integration-test"/>
    <property name="file.separator" value="/"/>
    <property name="line.separator" value="&#10;"/>
    <property name="java.vm.specification.vendor" value="Oracle Corporation"/>
    <property name="java.specification.name" value="Java Platform API Specification"/>
    <property name="java.awt.graphicsenv" value="sun.awt.X11GraphicsEnvironment"/>
    <property name="surefire.real.class.path" value="/workdir/hadoop-ozone/integration-test/target/surefire/surefirebooter4112799495472423891.jar"/>
    <property name="hadoop.log.dir" value="/workdir/hadoop-ozone/integration-test/target/log"/>
    <property name="sun.boot.class.path" value="/usr/lib/jvm/java-1.8-openjdk/jre/lib/resources.jar:/usr/lib/jvm/java-1.8-openjdk/jre/lib/rt.jar:/usr/lib/jvm/java-1.8-openjdk/jre/lib/sunrsasign.jar:/usr/lib/jvm/java-1.8-openjdk/jre/lib/jsse.jar:/usr/lib/jvm/java-1.8-openjdk/jre/lib/jce.jar:/usr/lib/jvm/java-1.8-openjdk/jre/lib/charsets.jar:/usr/lib/jvm/java-1.8-openjdk/jre/lib/jfr.jar:/usr/lib/jvm/java-1.8-openjdk/jre/classes"/>
    <property name="sun.management.compiler" value="HotSpot 64-Bit Tiered Compilers"/>
    <property name="java.runtime.version" value="1.8.0_212-b04"/>
    <property name="java.net.preferIPv4Stack" value="true"/>
    <property name="user.name" value="jenkins1000"/>
    <property name="path.separator" value=":"/>
    <property name="java.security.egd" value="file:///dev/urandom"/>
    <property name="os.version" value="3.10.0-957.12.2.el7.x86_64"/>
    <property name="java.endorsed.dirs" value="/usr/lib/jvm/java-1.8-openjdk/jre/lib/endorsed"/>
    <property name="java.runtime.name" value="OpenJDK Runtime Environment"/>
    <property name="file.encoding" value="UTF-8"/>
    <property name="java.vm.name" value="OpenJDK 64-Bit Server VM"/>
    <property name="test.build.webapps" value=""/>
    <property name="localRepository" value="/home/user/.m2/repository"/>
    <property name="java.vendor.url.bug" value="https://icedtea.classpath.org/bugzilla"/>
    <property name="java.io.tmpdir" value="/tmp"/>
    <property name="require.test.libhadoop" value=""/>
    <property name="java.version" value="1.8.0_212"/>
    <property name="user.dir" value="/workdir/hadoop-ozone/integration-test"/>
    <property name="os.arch" value="amd64"/>
    <property name="java.vm.specification.name" value="Java Virtual Machine Specification"/>
    <property name="test.build.classes" value="/workdir/hadoop-ozone/integration-test/target/test-classes"/>
    <property name="java.awt.printerjob" value="sun.print.PSPrinterJob"/>
    <property name="sun.os.patch.level" value="unknown"/>
    <property name="hadoop.tmp.dir" value="/workdir/hadoop-ozone/integration-test/target/tmp"/>
    <property name="java.library.path" value="/usr/lib/jvm/java-1.8-openjdk/jre/lib/amd64/server:/usr/lib/jvm/java-1.8-openjdk/jre/lib/amd64:/usr/lib/jvm/java-1.8-openjdk/jre/../lib/amd64:/workdir/hadoop-ozone/integration-test/target/native/target/usr/local/lib:/workdir/hadoop-ozone/integration-test/../../hadoop-common-project/hadoop-common/target/native/target/usr/local/lib:/usr/java/packages/lib/amd64:/usr/lib64:/lib64:/lib:/usr/lib"/>
    <property name="java.vm.info" value="mixed mode"/>
    <property name="java.vendor" value="IcedTea"/>
    <property name="java.vm.version" value="25.212-b04"/>
    <property name="java.ext.dirs" value="/usr/lib/jvm/java-1.8-openjdk/jre/lib/ext:/usr/java/packages/lib/ext"/>
    <property name="sun.io.unicode.encoding" value="UnicodeLittle"/>
    <property name="java.class.version" value="52.0"/>
  </properties>
  <testcase name="testContainerReplication" classname="org.apache.hadoop.ozone.client.rpc.TestContainerReplicationEndToEnd" time="6.614">
    <error message="Failed to update container state #1, reason: invalid state transition from state: CLOSING upon event: FINALIZE." type="org.apache.hadoop.hdds.scm.exceptions.SCMException">org.apache.hadoop.hdds.scm.exceptions.SCMException: Failed to update container state #1, reason: invalid state transition from state: CLOSING upon event: FINALIZE.
	at org.apache.hadoop.hdds.scm.container.ContainerStateManager.updateContainerState(ContainerStateManager.java:336)
	at org.apache.hadoop.hdds.scm.container.SCMContainerManager.updateContainerState(SCMContainerManager.java:312)
	at org.apache.hadoop.ozone.client.rpc.TestContainerReplicationEndToEnd.testContainerReplication(TestContainerReplicationEndToEnd.java:159)
	at sun.reflect.NativeMethodAccessorImpl.invoke0(Native Method)
	at sun.reflect.NativeMethodAccessorImpl.invoke(NativeMethodAccessorImpl.java:62)
	at sun.reflect.DelegatingMethodAccessorImpl.invoke(DelegatingMethodAccessorImpl.java:43)
	at java.lang.reflect.Method.invoke(Method.java:498)
	at org.junit.runners.model.FrameworkMethod$1.runReflectiveCall(FrameworkMethod.java:47)
	at org.junit.internal.runners.model.ReflectiveCallable.run(ReflectiveCallable.java:12)
	at org.junit.runners.model.FrameworkMethod.invokeExplosively(FrameworkMethod.java:44)
	at org.junit.internal.runners.statements.InvokeMethod.evaluate(InvokeMethod.java:17)
	at org.junit.runners.ParentRunner.runLeaf(ParentRunner.java:271)
	at org.junit.runners.BlockJUnit4ClassRunner.runChild(BlockJUnit4ClassRunner.java:70)
	at org.junit.runners.BlockJUnit4ClassRunner.runChild(BlockJUnit4ClassRunner.java:50)
	at org.junit.runners.ParentRunner$3.run(ParentRunner.java:238)
	at org.junit.runners.ParentRunner$1.schedule(ParentRunner.java:63)
	at org.junit.runners.ParentRunner.runChildren(ParentRunner.java:236)
	at org.junit.runners.ParentRunner.access$000(ParentRunner.java:53)
	at org.junit.runners.ParentRunner$2.evaluate(ParentRunner.java:229)
	at org.junit.internal.runners.statements.RunBefores.evaluate(RunBefores.java:26)
	at org.junit.internal.runners.statements.RunAfters.evaluate(RunAfters.java:27)
	at org.junit.runners.ParentRunner.run(ParentRunner.java:309)
	at org.apache.maven.surefire.junit4.JUnit4Provider.execute(JUnit4Provider.java:365)
	at org.apache.maven.surefire.junit4.JUnit4Provider.executeWithRerun(JUnit4Provider.java:273)
	at org.apache.maven.surefire.junit4.JUnit4Provider.executeTestSet(JUnit4Provider.java:238)
	at org.apache.maven.surefire.junit4.JUnit4Provider.invoke(JUnit4Provider.java:159)
	at org.apache.maven.surefire.booter.ForkedBooter.invokeProviderInSameClassLoader(ForkedBooter.java:384)
	at org.apache.maven.surefire.booter.ForkedBooter.runSuitesInProcess(ForkedBooter.java:345)
	at org.apache.maven.surefire.booter.ForkedBooter.execute(ForkedBooter.java:126)
	at org.apache.maven.surefire.booter.ForkedBooter.main(ForkedBooter.java:418)
</error>
    <system-out><![CDATA[2019-09-17 15:51:12,408 [main] WARN  server.ServerUtils (ServerUtils.java:getScmDbDir(145)) - ozone.scm.db.dirs is not configured. We recommend adding this setting. Falling back to ozone.metadata.dirs instead.
2019-09-17 15:51:12,518 [main] WARN  server.ServerUtils (ServerUtils.java:getScmDbDir(145)) - ozone.scm.db.dirs is not configured. We recommend adding this setting. Falling back to ozone.metadata.dirs instead.
2019-09-17 15:51:12,521 [main] WARN  server.ServerUtils (ServerUtils.java:getScmDbDir(145)) - ozone.scm.db.dirs is not configured. We recommend adding this setting. Falling back to ozone.metadata.dirs instead.
2019-09-17 15:51:12,538 [main] INFO  util.log (Log.java:initialized(192)) - Logging initialized @882ms
2019-09-17 15:51:12,623 [main] INFO  db.DBStoreBuilder (DBStoreBuilder.java:addTable(110)) - using custom profile for table: deletedBlocks
2019-09-17 15:51:12,623 [main] INFO  db.DBStoreBuilder (DBStoreBuilder.java:processTables(161)) - Using default column profile:DBProfile.DISK for Table:deletedBlocks
2019-09-17 15:51:12,624 [main] INFO  db.DBStoreBuilder (DBStoreBuilder.java:addTable(110)) - using custom profile for table: validCerts
2019-09-17 15:51:12,625 [main] INFO  db.DBStoreBuilder (DBStoreBuilder.java:processTables(161)) - Using default column profile:DBProfile.DISK for Table:validCerts
2019-09-17 15:51:12,625 [main] INFO  db.DBStoreBuilder (DBStoreBuilder.java:addTable(110)) - using custom profile for table: revokedCerts
2019-09-17 15:51:12,626 [main] INFO  db.DBStoreBuilder (DBStoreBuilder.java:processTables(161)) - Using default column profile:DBProfile.DISK for Table:revokedCerts
2019-09-17 15:51:12,646 [main] INFO  db.DBStoreBuilder (DBStoreBuilder.java:addTable(110)) - using custom profile for table: default
2019-09-17 15:51:12,646 [main] INFO  db.DBStoreBuilder (DBStoreBuilder.java:processTables(167)) - Using default column profile:DBProfile.DISK for Table:default
2019-09-17 15:51:12,648 [main] INFO  db.DBStoreBuilder (DBStoreBuilder.java:getDbProfile(198)) - Using default options. DBProfile.DISK
2019-09-17 15:51:12,979 [main] INFO  net.NodeSchemaLoader (NodeSchemaLoader.java:loadSchemaFromFile(125)) - Loading file from sun.misc.CompoundEnumeration@77888435
2019-09-17 15:51:12,980 [main] INFO  net.NodeSchemaLoader (NodeSchemaLoader.java:loadSchema(171)) - Loading network topology layer schema file
2019-09-17 15:51:13,081 [main] INFO  node.SCMNodeManager (SCMNodeManager.java:<init>(114)) - Entering startup safe mode.
2019-09-17 15:51:13,166 [main] INFO  algorithms.ContainerPlacementPolicyFactory (ContainerPlacementPolicyFactory.java:getPolicy(57)) - Create container placement policy of type org.apache.hadoop.hdds.scm.container.placement.algorithms.SCMContainerPlacementRandom
2019-09-17 15:51:13,180 [main] WARN  server.ServerUtils (ServerUtils.java:getScmDbDir(145)) - ozone.scm.db.dirs is not configured. We recommend adding this setting. Falling back to ozone.metadata.dirs instead.
2019-09-17 15:51:13,284 [main] INFO  pipeline.SCMPipelineManager (SCMPipelineManager.java:initializePipelineState(128)) - No pipeline exists in current db
2019-09-17 15:51:13,288 [main] WARN  server.ServerUtils (ServerUtils.java:getScmDbDir(145)) - ozone.scm.db.dirs is not configured. We recommend adding this setting. Falling back to ozone.metadata.dirs instead.
2019-09-17 15:51:13,409 [main] INFO  Configuration.deprecation (Configuration.java:logDeprecation(1394)) - No unit for hdds.scm.replication.thread.interval(2000) assuming MILLISECONDS
2019-09-17 15:51:13,439 [main] WARN  events.EventQueue (EventQueue.java:fireEvent(183)) - No event handler registered for event TypedEvent{payloadType=SafeModeStatus, name='SafeModeStatus'}
2019-09-17 15:51:13,832 [main] INFO  ipc.CallQueueManager (CallQueueManager.java:<init>(84)) - Using callQueue: class java.util.concurrent.LinkedBlockingQueue, queueCapacity: 2000, scheduler: class org.apache.hadoop.ipc.DefaultRpcScheduler, ipcBackoff: false.
2019-09-17 15:51:13,862 [Socket Reader #1 for port 44958] INFO  ipc.Server (Server.java:run(1074)) - Starting Socket Reader #1 for port 44958
2019-09-17 15:51:14,000 [main] INFO  ipc.CallQueueManager (CallQueueManager.java:<init>(84)) - Using callQueue: class java.util.concurrent.LinkedBlockingQueue, queueCapacity: 2000, scheduler: class org.apache.hadoop.ipc.DefaultRpcScheduler, ipcBackoff: false.
2019-09-17 15:51:14,002 [Socket Reader #1 for port 39673] INFO  ipc.Server (Server.java:run(1074)) - Starting Socket Reader #1 for port 39673
2019-09-17 15:51:14,010 [main] INFO  ipc.CallQueueManager (CallQueueManager.java:<init>(84)) - Using callQueue: class java.util.concurrent.LinkedBlockingQueue, queueCapacity: 2000, scheduler: class org.apache.hadoop.ipc.DefaultRpcScheduler, ipcBackoff: false.
2019-09-17 15:51:14,011 [Socket Reader #1 for port 35282] INFO  ipc.Server (Server.java:run(1074)) - Starting Socket Reader #1 for port 35282
2019-09-17 15:51:14,033 [main] INFO  hdfs.DFSUtil (DFSUtil.java:httpServerTemplateForNNAndJN(1641)) - Starting Web-server for scm at: http://0.0.0.0:0
2019-09-17 15:51:14,175 [main] INFO  server.AuthenticationFilter (AuthenticationFilter.java:constructSecretProvider(240)) - Unable to initialize FileSignerSecretProvider, falling back to use random secrets.
2019-09-17 15:51:14,184 [main] WARN  http.HttpRequestLog (HttpRequestLog.java:getRequestLog(97)) - Jetty request log can only be enabled using Log4j
2019-09-17 15:51:14,192 [main] INFO  http.HttpServer2 (HttpServer2.java:addGlobalFilter(975)) - Added global filter 'safety' (class=org.apache.hadoop.http.HttpServer2$QuotingInputFilter)
2019-09-17 15:51:14,195 [main] INFO  http.HttpServer2 (HttpServer2.java:addFilter(948)) - Added filter static_user_filter (class=org.apache.hadoop.http.lib.StaticUserWebFilter$StaticUserFilter) to context scm
2019-09-17 15:51:14,195 [main] INFO  http.HttpServer2 (HttpServer2.java:addFilter(958)) - Added filter static_user_filter (class=org.apache.hadoop.http.lib.StaticUserWebFilter$StaticUserFilter) to context static
2019-09-17 15:51:14,195 [main] INFO  http.HttpServer2 (HttpServer2.java:addFilter(958)) - Added filter static_user_filter (class=org.apache.hadoop.http.lib.StaticUserWebFilter$StaticUserFilter) to context logs
2019-09-17 15:51:14,226 [main] INFO  server.StorageContainerManager (StorageContainerManager.java:start(763)) - StorageContainerLocationProtocol RPC server is listening at /0.0.0.0:35282
2019-09-17 15:51:14,282 [main] WARN  impl.MetricsConfig (MetricsConfig.java:loadFirst(134)) - Cannot locate configuration: tried hadoop-metrics2-storagecontainermanager.properties,hadoop-metrics2.properties
2019-09-17 15:51:14,294 [main] INFO  impl.MetricsSystemImpl (MetricsSystemImpl.java:startTimer(374)) - Scheduled Metric snapshot period at 10 second(s).
2019-09-17 15:51:14,295 [main] INFO  impl.MetricsSystemImpl (MetricsSystemImpl.java:start(191)) - StorageContainerManager metrics system started
2019-09-17 15:51:14,506 [main] INFO  server.SCMClientProtocolServer (SCMClientProtocolServer.java:start(151)) - RPC server for Client  is listening at /0.0.0.0:35282
2019-09-17 15:51:14,507 [IPC Server Responder] INFO  ipc.Server (Server.java:run(1314)) - IPC Server Responder: starting
2019-09-17 15:51:14,507 [IPC Server listener on 35282] INFO  ipc.Server (Server.java:run(1153)) - IPC Server listener on 35282: starting
2019-09-17 15:51:14,510 [main] INFO  server.StorageContainerManager (StorageContainerManager.java:start(773)) - ScmBlockLocationProtocol RPC server is listening at /0.0.0.0:39673
2019-09-17 15:51:14,512 [main] INFO  server.SCMBlockProtocolServer (SCMBlockProtocolServer.java:start(146)) - RPC server for Block Protocol is listening at /0.0.0.0:39673
2019-09-17 15:51:14,512 [IPC Server Responder] INFO  ipc.Server (Server.java:run(1314)) - IPC Server Responder: starting
2019-09-17 15:51:14,512 [IPC Server listener on 39673] INFO  ipc.Server (Server.java:run(1153)) - IPC Server listener on 39673: starting
2019-09-17 15:51:14,515 [main] INFO  server.StorageContainerManager (StorageContainerManager.java:start(777)) - ScmDatanodeProtocl RPC server is listening at /0.0.0.0:44958
2019-09-17 15:51:14,515 [main] INFO  server.SCMDatanodeProtocolServer (SCMDatanodeProtocolServer.java:start(191)) - RPC server for DataNodes is listening at /0.0.0.0:44958
2019-09-17 15:51:14,516 [IPC Server Responder] INFO  ipc.Server (Server.java:run(1314)) - IPC Server Responder: starting
2019-09-17 15:51:14,516 [IPC Server listener on 44958] INFO  ipc.Server (Server.java:run(1153)) - IPC Server listener on 44958: starting
2019-09-17 15:51:14,520 [main] INFO  http.HttpServer2 (HttpServer2.java:bindListener(1191)) - Jetty bound to port 38460
2019-09-17 15:51:14,521 [main] INFO  server.Server (Server.java:doStart(351)) - jetty-9.3.24.v20180605, build timestamp: 2018-06-05T17:11:56Z, git hash: 84205aa28f11a4f31f2a3b86d1bba2cc8ab69827
2019-09-17 15:51:14,558 [main] INFO  handler.ContextHandler (ContextHandler.java:doStart(781)) - Started o.e.j.s.ServletContextHandler@6622fc65{/logs,file:///workdir/hadoop-ozone/integration-test/target/log,AVAILABLE}
2019-09-17 15:51:14,558 [main] INFO  handler.ContextHandler (ContextHandler.java:doStart(781)) - Started o.e.j.s.ServletContextHandler@23fb172e{/static,file:///workdir/hadoop-ozone/integration-test/target/test-classes/webapps/static,AVAILABLE}
2019-09-17 15:51:14,585 [main] INFO  handler.ContextHandler (ContextHandler.java:doStart(781)) - Started o.e.j.w.WebAppContext@3591009c{/,file:///workdir/hadoop-ozone/integration-test/target/test-classes/webapps/scm/,AVAILABLE}{/scm}
2019-09-17 15:51:14,589 [main] INFO  server.AbstractConnector (AbstractConnector.java:doStart(278)) - Started ServerConnector@2de366bb{HTTP/1.1,[http/1.1]}{0.0.0.0:38460}
2019-09-17 15:51:14,590 [main] INFO  server.Server (Server.java:doStart(419)) - Started @2934ms
2019-09-17 15:51:14,591 [main] INFO  impl.MetricsSinkAdapter (MetricsSinkAdapter.java:start(204)) - Sink prometheus started
2019-09-17 15:51:14,591 [main] INFO  impl.MetricsSystemImpl (MetricsSystemImpl.java:registerSink(301)) - Registered sink prometheus
2019-09-17 15:51:14,593 [main] INFO  server.BaseHttpServer (BaseHttpServer.java:updateConnectorAddress(215)) - HTTP server of SCM is listening at http://0.0.0.0:38460
2019-09-17 15:51:14,601 [org.apache.hadoop.util.JvmPauseMonitor$Monitor@64f857e7] INFO  util.JvmPauseMonitor (JvmPauseMonitor.java:run(188)) - Starting JVM pause monitor
2019-09-17 15:51:14,605 [main] WARN  server.ServerUtils (ServerUtils.java:getDBPath(222)) - ozone.om.db.dirs is not configured. We recommend adding this setting. Falling back to ozone.metadata.dirs instead.
2019-09-17 15:51:14,725 [main] WARN  server.ServerUtils (ServerUtils.java:getDBPath(222)) - ozone.om.db.dirs is not configured. We recommend adding this setting. Falling back to ozone.metadata.dirs instead.
2019-09-17 15:51:14,725 [main] WARN  server.ServerUtils (ServerUtils.java:getDBPath(222)) - ozone.om.db.dirs is not configured. We recommend adding this setting. Falling back to ozone.metadata.dirs instead.
2019-09-17 15:51:14,726 [main] INFO  om.OzoneManager (OzoneManager.java:setOMNodeDetails(649)) - OM Service ID is not set. Setting it to the default ID: omServiceIdDefault
2019-09-17 15:51:14,726 [main] INFO  om.OzoneManager (OzoneManager.java:setOMNodeDetails(655)) - OM Node ID is not set. Setting it to the OmStorage's OmID: 76873ac1-086b-4858-afe8-0a6960c4d344
2019-09-17 15:51:14,728 [main] INFO  om.OzoneManager (OzoneManager.java:loadOMHAConfigs(606)) - Found matching OM address with OMServiceId: null, OMNodeId: null, RPC Address: localhost:0 and Ratis port: 9872
2019-09-17 15:51:15,501 [main] WARN  server.ServerUtils (ServerUtils.java:getDBPath(222)) - ozone.om.db.dirs is not configured. We recommend adding this setting. Falling back to ozone.metadata.dirs instead.
2019-09-17 15:51:15,509 [main] INFO  db.DBStoreBuilder (DBStoreBuilder.java:addTable(110)) - using custom profile for table: userTable
2019-09-17 15:51:15,509 [main] INFO  db.DBStoreBuilder (DBStoreBuilder.java:processTables(161)) - Using default column profile:DBProfile.DISK for Table:userTable
2019-09-17 15:51:15,509 [main] INFO  db.DBStoreBuilder (DBStoreBuilder.java:addTable(110)) - using custom profile for table: volumeTable
2019-09-17 15:51:15,509 [main] INFO  db.DBStoreBuilder (DBStoreBuilder.java:processTables(161)) - Using default column profile:DBProfile.DISK for Table:volumeTable
2019-09-17 15:51:15,510 [main] INFO  db.DBStoreBuilder (DBStoreBuilder.java:addTable(110)) - using custom profile for table: bucketTable
2019-09-17 15:51:15,510 [main] INFO  db.DBStoreBuilder (DBStoreBuilder.java:processTables(161)) - Using default column profile:DBProfile.DISK for Table:bucketTable
2019-09-17 15:51:15,510 [main] INFO  db.DBStoreBuilder (DBStoreBuilder.java:addTable(110)) - using custom profile for table: keyTable
2019-09-17 15:51:15,510 [main] INFO  db.DBStoreBuilder (DBStoreBuilder.java:processTables(161)) - Using default column profile:DBProfile.DISK for Table:keyTable
2019-09-17 15:51:15,511 [main] INFO  db.DBStoreBuilder (DBStoreBuilder.java:addTable(110)) - using custom profile for table: deletedTable
2019-09-17 15:51:15,511 [main] INFO  db.DBStoreBuilder (DBStoreBuilder.java:processTables(161)) - Using default column profile:DBProfile.DISK for Table:deletedTable
2019-09-17 15:51:15,511 [main] INFO  db.DBStoreBuilder (DBStoreBuilder.java:addTable(110)) - using custom profile for table: openKeyTable
2019-09-17 15:51:15,511 [main] INFO  db.DBStoreBuilder (DBStoreBuilder.java:processTables(161)) - Using default column profile:DBProfile.DISK for Table:openKeyTable
2019-09-17 15:51:15,512 [main] INFO  db.DBStoreBuilder (DBStoreBuilder.java:addTable(110)) - using custom profile for table: s3Table
2019-09-17 15:51:15,512 [main] INFO  db.DBStoreBuilder (DBStoreBuilder.java:processTables(161)) - Using default column profile:DBProfile.DISK for Table:s3Table
2019-09-17 15:51:15,512 [main] INFO  db.DBStoreBuilder (DBStoreBuilder.java:addTable(110)) - using custom profile for table: multipartInfoTable
2019-09-17 15:51:15,512 [main] INFO  db.DBStoreBuilder (DBStoreBuilder.java:processTables(161)) - Using default column profile:DBProfile.DISK for Table:multipartInfoTable
2019-09-17 15:51:15,513 [main] INFO  db.DBStoreBuilder (DBStoreBuilder.java:addTable(110)) - using custom profile for table: dTokenTable
2019-09-17 15:51:15,513 [main] INFO  db.DBStoreBuilder (DBStoreBuilder.java:processTables(161)) - Using default column profile:DBProfile.DISK for Table:dTokenTable
2019-09-17 15:51:15,513 [main] INFO  db.DBStoreBuilder (DBStoreBuilder.java:addTable(110)) - using custom profile for table: s3SecretTable
2019-09-17 15:51:15,513 [main] INFO  db.DBStoreBuilder (DBStoreBuilder.java:processTables(161)) - Using default column profile:DBProfile.DISK for Table:s3SecretTable
2019-09-17 15:51:15,514 [main] INFO  db.DBStoreBuilder (DBStoreBuilder.java:addTable(110)) - using custom profile for table: prefixTable
2019-09-17 15:51:15,514 [main] INFO  db.DBStoreBuilder (DBStoreBuilder.java:processTables(161)) - Using default column profile:DBProfile.DISK for Table:prefixTable
2019-09-17 15:51:15,514 [main] INFO  db.DBStoreBuilder (DBStoreBuilder.java:addTable(110)) - using custom profile for table: default
2019-09-17 15:51:15,514 [main] INFO  db.DBStoreBuilder (DBStoreBuilder.java:processTables(167)) - Using default column profile:DBProfile.DISK for Table:default
2019-09-17 15:51:15,515 [main] INFO  db.DBStoreBuilder (DBStoreBuilder.java:getDbProfile(198)) - Using default options. DBProfile.DISK
2019-09-17 15:51:15,961 [main] INFO  ipc.CallQueueManager (CallQueueManager.java:<init>(84)) - Using callQueue: class java.util.concurrent.LinkedBlockingQueue, queueCapacity: 2000, scheduler: class org.apache.hadoop.ipc.DefaultRpcScheduler, ipcBackoff: false.
2019-09-17 15:51:15,962 [Socket Reader #1 for port 33173] INFO  ipc.Server (Server.java:run(1074)) - Starting Socket Reader #1 for port 33173
2019-09-17 15:51:15,996 [main] INFO  om.OzoneManager (OzoneManager.java:start(1240)) - OzoneManager RPC server is listening at localhost/127.0.0.1:33173
2019-09-17 15:51:15,997 [main] INFO  impl.MetricsSystemImpl (MetricsSystemImpl.java:init(158)) - OzoneManager metrics system started (again)
2019-09-17 15:51:15,998 [IPC Server Responder] INFO  ipc.Server (Server.java:run(1314)) - IPC Server Responder: starting
2019-09-17 15:51:15,999 [IPC Server listener on 33173] INFO  ipc.Server (Server.java:run(1153)) - IPC Server listener on 33173: starting
2019-09-17 15:51:16,005 [main] INFO  hdfs.DFSUtil (DFSUtil.java:httpServerTemplateForNNAndJN(1641)) - Starting Web-server for ozoneManager at: http://0.0.0.0:0
2019-09-17 15:51:16,008 [main] INFO  server.AuthenticationFilter (AuthenticationFilter.java:constructSecretProvider(240)) - Unable to initialize FileSignerSecretProvider, falling back to use random secrets.
2019-09-17 15:51:16,008 [main] WARN  http.HttpRequestLog (HttpRequestLog.java:getRequestLog(97)) - Jetty request log can only be enabled using Log4j
2019-09-17 15:51:16,012 [main] INFO  http.HttpServer2 (HttpServer2.java:addGlobalFilter(975)) - Added global filter 'safety' (class=org.apache.hadoop.http.HttpServer2$QuotingInputFilter)
2019-09-17 15:51:16,014 [main] INFO  http.HttpServer2 (HttpServer2.java:addFilter(948)) - Added filter static_user_filter (class=org.apache.hadoop.http.lib.StaticUserWebFilter$StaticUserFilter) to context ozoneManager
2019-09-17 15:51:16,014 [main] INFO  http.HttpServer2 (HttpServer2.java:addFilter(958)) - Added filter static_user_filter (class=org.apache.hadoop.http.lib.StaticUserWebFilter$StaticUserFilter) to context static
2019-09-17 15:51:16,015 [main] INFO  http.HttpServer2 (HttpServer2.java:addFilter(958)) - Added filter static_user_filter (class=org.apache.hadoop.http.lib.StaticUserWebFilter$StaticUserFilter) to context logs
2019-09-17 15:51:16,018 [main] INFO  http.HttpServer2 (HttpServer2.java:bindListener(1191)) - Jetty bound to port 38070
2019-09-17 15:51:16,018 [main] INFO  server.Server (Server.java:doStart(351)) - jetty-9.3.24.v20180605, build timestamp: 2018-06-05T17:11:56Z, git hash: 84205aa28f11a4f31f2a3b86d1bba2cc8ab69827
2019-09-17 15:51:16,021 [main] INFO  handler.ContextHandler (ContextHandler.java:doStart(781)) - Started o.e.j.s.ServletContextHandler@2571066a{/logs,file:///workdir/hadoop-ozone/integration-test/target/log,AVAILABLE}
2019-09-17 15:51:16,022 [main] INFO  handler.ContextHandler (ContextHandler.java:doStart(781)) - Started o.e.j.s.ServletContextHandler@4fe875be{/static,file:///workdir/hadoop-ozone/integration-test/target/test-classes/webapps/static,AVAILABLE}
2019-09-17 15:51:16,029 [main] INFO  handler.ContextHandler (ContextHandler.java:doStart(781)) - Started o.e.j.w.WebAppContext@773c0293{/,file:///workdir/hadoop-ozone/integration-test/target/test-classes/webapps/ozoneManager/,AVAILABLE}{/ozoneManager}
2019-09-17 15:51:16,031 [main] INFO  server.AbstractConnector (AbstractConnector.java:doStart(278)) - Started ServerConnector@55b8dbda{HTTP/1.1,[http/1.1]}{0.0.0.0:38070}
2019-09-17 15:51:16,032 [main] INFO  server.Server (Server.java:doStart(419)) - Started @4375ms
2019-09-17 15:51:16,032 [main] WARN  impl.MetricsSystemImpl (MetricsSystemImpl.java:register(276)) - Sink prometheus already exists!
2019-09-17 15:51:16,033 [main] INFO  server.BaseHttpServer (BaseHttpServer.java:updateConnectorAddress(215)) - HTTP server of OZONEMANAGER is listening at http://0.0.0.0:38070
2019-09-17 15:51:16,411 [main] INFO  impl.MetricsSystemImpl (MetricsSystemImpl.java:init(158)) - HddsDatanode metrics system started (again)
2019-09-17 15:51:16,472 [main] INFO  ozone.HddsDatanodeService (HddsDatanodeService.java:start(184)) - HddsDatanodeService host:pr-hdds-2141-r2v5r-2877998664 ip:192.168.34.42
2019-09-17 15:51:16,513 [main] INFO  volume.HddsVolume (HddsVolume.java:<init>(176)) - Creating Volume: /workdir/hadoop-ozone/integration-test/target/test-dir/MiniOzoneClusterImpl-64ce5b8c-b79f-4315-a4fc-7811b8d18340/datanode-0/data/containers/hdds of  storage type : DISK and capacity : 1482555576320
2019-09-17 15:51:16,515 [main] INFO  volume.VolumeSet (VolumeSet.java:initializeVolumeSet(170)) - Added Volume : /workdir/hadoop-ozone/integration-test/target/test-dir/MiniOzoneClusterImpl-64ce5b8c-b79f-4315-a4fc-7811b8d18340/datanode-0/data/containers/hdds to VolumeSet
2019-09-17 15:51:16,518 [main] INFO  volume.ThrottledAsyncChecker (ThrottledAsyncChecker.java:schedule(139)) - Scheduling a check for org.apache.hadoop.ozone.container.common.volume.HddsVolume@5c82cd4f
2019-09-17 15:51:16,536 [main] INFO  volume.HddsVolumeChecker (HddsVolumeChecker.java:checkAllVolumes(202)) - Scheduled health check for volume org.apache.hadoop.ozone.container.common.volume.HddsVolume@5c82cd4f
2019-09-17 15:51:16,655 [main] INFO  impl.RaftServerProxy (ConfUtils.java:logGet(43)) - raft.rpc.type = GRPC (default)
2019-09-17 15:51:16,721 [main] INFO  grpc.GrpcFactory (GrpcFactory.java:checkPooledByteBufAllocatorUseCacheForAllThreads(45)) - PERFORMANCE WARNING: useCacheForAllThreads is true that may cause Netty to create a lot garbage objects and, as a result, trigger GC.
	It is recommended to disable useCacheForAllThreads by setting -Dorg.apache.ratis.thirdparty.io.netty.allocator.useCacheForAllThreads=false in command line.
2019-09-17 15:51:16,726 [main] INFO  grpc.GrpcConfigKeys$Server (ConfUtils.java:logGet(43)) - raft.grpc.server.port = 0 (default)
2019-09-17 15:51:16,727 [main] INFO  server.GrpcService (ConfUtils.java:logGet(43)) - raft.grpc.message.size.max = 33570816 (custom)
2019-09-17 15:51:16,729 [main] INFO  server.RaftServerConfigKeys (ConfUtils.java:logGet(43)) - raft.server.log.appender.buffer.byte-limit = 33554432 (custom)
2019-09-17 15:51:16,729 [main] INFO  server.GrpcService (ConfUtils.java:logGet(43)) - raft.grpc.flow.control.window = 1MB (=1048576) (default)
2019-09-17 15:51:16,730 [main] INFO  server.RaftServerConfigKeys (ConfUtils.java:logGet(43)) - raft.server.rpc.request.timeout = 3000ms (default)
2019-09-17 15:51:16,891 [main] INFO  server.RaftServerConfigKeys (ConfUtils.java:logGet(43)) - raft.server.storage.dir = [/workdir/hadoop-ozone/integration-test/target/test-dir/MiniOzoneClusterImpl-64ce5b8c-b79f-4315-a4fc-7811b8d18340/datanode-0/data/ratis] (custom)
2019-09-17 15:51:16,947 [main] INFO  hdfs.DFSUtil (DFSUtil.java:httpServerTemplateForNNAndJN(1641)) - Starting Web-server for hddsDatanode at: http://0.0.0.0:0
2019-09-17 15:51:16,952 [main] INFO  server.AuthenticationFilter (AuthenticationFilter.java:constructSecretProvider(240)) - Unable to initialize FileSignerSecretProvider, falling back to use random secrets.
2019-09-17 15:51:16,953 [main] WARN  http.HttpRequestLog (HttpRequestLog.java:getRequestLog(97)) - Jetty request log can only be enabled using Log4j
2019-09-17 15:51:16,958 [main] INFO  http.HttpServer2 (HttpServer2.java:addGlobalFilter(975)) - Added global filter 'safety' (class=org.apache.hadoop.http.HttpServer2$QuotingInputFilter)
2019-09-17 15:51:16,959 [main] INFO  http.HttpServer2 (HttpServer2.java:addFilter(948)) - Added filter static_user_filter (class=org.apache.hadoop.http.lib.StaticUserWebFilter$StaticUserFilter) to context hddsDatanode
2019-09-17 15:51:16,960 [main] INFO  http.HttpServer2 (HttpServer2.java:addFilter(958)) - Added filter static_user_filter (class=org.apache.hadoop.http.lib.StaticUserWebFilter$StaticUserFilter) to context static
2019-09-17 15:51:16,960 [main] INFO  http.HttpServer2 (HttpServer2.java:addFilter(958)) - Added filter static_user_filter (class=org.apache.hadoop.http.lib.StaticUserWebFilter$StaticUserFilter) to context logs
2019-09-17 15:51:16,963 [main] INFO  http.HttpServer2 (HttpServer2.java:bindListener(1191)) - Jetty bound to port 36352
2019-09-17 15:51:16,963 [main] INFO  server.Server (Server.java:doStart(351)) - jetty-9.3.24.v20180605, build timestamp: 2018-06-05T17:11:56Z, git hash: 84205aa28f11a4f31f2a3b86d1bba2cc8ab69827
2019-09-17 15:51:16,967 [main] INFO  handler.ContextHandler (ContextHandler.java:doStart(781)) - Started o.e.j.s.ServletContextHandler@4fc3c165{/logs,file:///workdir/hadoop-ozone/integration-test/target/log,AVAILABLE}
2019-09-17 15:51:16,969 [main] INFO  handler.ContextHandler (ContextHandler.java:doStart(781)) - Started o.e.j.s.ServletContextHandler@7b6860f9{/static,jar:file:/home/user/.m2/repository/org/apache/hadoop/hadoop-hdds-container-service/0.5.0-SNAPSHOT/hadoop-hdds-container-service-0.5.0-SNAPSHOT.jar!/webapps/static,AVAILABLE}
2019-09-17 15:51:17,015 [main] INFO  handler.ContextHandler (ContextHandler.java:doStart(781)) - Started o.e.j.w.WebAppContext@26c47874{/,file:///tmp/jetty-0.0.0.0-36352-hddsDatanode-_-any-5363834932260413487.dir/webapp/,AVAILABLE}{/hddsDatanode}
2019-09-17 15:51:17,016 [main] INFO  server.AbstractConnector (AbstractConnector.java:doStart(278)) - Started ServerConnector@421056e5{HTTP/1.1,[http/1.1]}{0.0.0.0:36352}
2019-09-17 15:51:17,018 [main] INFO  server.Server (Server.java:doStart(419)) - Started @5362ms
2019-09-17 15:51:17,018 [main] WARN  impl.MetricsSystemImpl (MetricsSystemImpl.java:register(276)) - Sink prometheus already exists!
2019-09-17 15:51:17,019 [main] INFO  server.BaseHttpServer (BaseHttpServer.java:updateConnectorAddress(215)) - HTTP server of HDDSDATANODE is listening at http://0.0.0.0:36352
2019-09-17 15:51:17,021 [main] INFO  impl.MetricsSystemImpl (MetricsSystemImpl.java:init(158)) - HddsDatanode metrics system started (again)
2019-09-17 15:51:17,024 [main] INFO  ozone.HddsDatanodeService (HddsDatanodeService.java:start(184)) - HddsDatanodeService host:pr-hdds-2141-r2v5r-2877998664 ip:192.168.34.42
2019-09-17 15:51:17,027 [org.apache.hadoop.util.JvmPauseMonitor$Monitor@2d084ab4] INFO  util.JvmPauseMonitor (JvmPauseMonitor.java:run(188)) - Starting JVM pause monitor
2019-09-17 15:51:17,035 [main] INFO  volume.HddsVolume (HddsVolume.java:<init>(176)) - Creating Volume: /workdir/hadoop-ozone/integration-test/target/test-dir/MiniOzoneClusterImpl-64ce5b8c-b79f-4315-a4fc-7811b8d18340/datanode-1/data/containers/hdds of  storage type : DISK and capacity : 1482555576320
2019-09-17 15:51:17,036 [main] INFO  volume.VolumeSet (VolumeSet.java:initializeVolumeSet(170)) - Added Volume : /workdir/hadoop-ozone/integration-test/target/test-dir/MiniOzoneClusterImpl-64ce5b8c-b79f-4315-a4fc-7811b8d18340/datanode-1/data/containers/hdds to VolumeSet
2019-09-17 15:51:17,036 [main] INFO  volume.ThrottledAsyncChecker (ThrottledAsyncChecker.java:schedule(139)) - Scheduling a check for org.apache.hadoop.ozone.container.common.volume.HddsVolume@71a06021
2019-09-17 15:51:17,037 [main] INFO  volume.HddsVolumeChecker (HddsVolumeChecker.java:checkAllVolumes(202)) - Scheduled health check for volume org.apache.hadoop.ozone.container.common.volume.HddsVolume@71a06021
2019-09-17 15:51:17,052 [main] INFO  impl.RaftServerProxy (ConfUtils.java:logGet(43)) - raft.rpc.type = GRPC (default)
2019-09-17 15:51:17,053 [main] INFO  grpc.GrpcFactory (GrpcFactory.java:checkPooledByteBufAllocatorUseCacheForAllThreads(45)) - PERFORMANCE WARNING: useCacheForAllThreads is true that may cause Netty to create a lot garbage objects and, as a result, trigger GC.
	It is recommended to disable useCacheForAllThreads by setting -Dorg.apache.ratis.thirdparty.io.netty.allocator.useCacheForAllThreads=false in command line.
2019-09-17 15:51:17,053 [main] INFO  grpc.GrpcConfigKeys$Server (ConfUtils.java:logGet(43)) - raft.grpc.server.port = 0 (default)
2019-09-17 15:51:17,053 [main] INFO  server.GrpcService (ConfUtils.java:logGet(43)) - raft.grpc.message.size.max = 33570816 (custom)
2019-09-17 15:51:17,054 [main] INFO  server.RaftServerConfigKeys (ConfUtils.java:logGet(43)) - raft.server.log.appender.buffer.byte-limit = 33554432 (custom)
2019-09-17 15:51:17,054 [main] INFO  server.GrpcService (ConfUtils.java:logGet(43)) - raft.grpc.flow.control.window = 1MB (=1048576) (default)
2019-09-17 15:51:17,054 [main] INFO  server.RaftServerConfigKeys (ConfUtils.java:logGet(43)) - raft.server.rpc.request.timeout = 3000ms (default)
2019-09-17 15:51:17,055 [main] INFO  server.RaftServerConfigKeys (ConfUtils.java:logGet(43)) - raft.server.storage.dir = [/workdir/hadoop-ozone/integration-test/target/test-dir/MiniOzoneClusterImpl-64ce5b8c-b79f-4315-a4fc-7811b8d18340/datanode-1/data/ratis] (custom)
2019-09-17 15:51:17,056 [main] INFO  hdfs.DFSUtil (DFSUtil.java:httpServerTemplateForNNAndJN(1641)) - Starting Web-server for hddsDatanode at: http://0.0.0.0:0
2019-09-17 15:51:17,058 [main] INFO  server.AuthenticationFilter (AuthenticationFilter.java:constructSecretProvider(240)) - Unable to initialize FileSignerSecretProvider, falling back to use random secrets.
2019-09-17 15:51:17,059 [main] WARN  http.HttpRequestLog (HttpRequestLog.java:getRequestLog(97)) - Jetty request log can only be enabled using Log4j
2019-09-17 15:51:17,061 [main] INFO  http.HttpServer2 (HttpServer2.java:addGlobalFilter(975)) - Added global filter 'safety' (class=org.apache.hadoop.http.HttpServer2$QuotingInputFilter)
2019-09-17 15:51:17,061 [main] INFO  http.HttpServer2 (HttpServer2.java:addFilter(948)) - Added filter static_user_filter (class=org.apache.hadoop.http.lib.StaticUserWebFilter$StaticUserFilter) to context hddsDatanode
2019-09-17 15:51:17,061 [main] INFO  http.HttpServer2 (HttpServer2.java:addFilter(958)) - Added filter static_user_filter (class=org.apache.hadoop.http.lib.StaticUserWebFilter$StaticUserFilter) to context logs
2019-09-17 15:51:17,062 [main] INFO  http.HttpServer2 (HttpServer2.java:addFilter(958)) - Added filter static_user_filter (class=org.apache.hadoop.http.lib.StaticUserWebFilter$StaticUserFilter) to context static
2019-09-17 15:51:17,062 [main] INFO  http.HttpServer2 (HttpServer2.java:bindListener(1191)) - Jetty bound to port 41573
2019-09-17 15:51:17,063 [main] INFO  server.Server (Server.java:doStart(351)) - jetty-9.3.24.v20180605, build timestamp: 2018-06-05T17:11:56Z, git hash: 84205aa28f11a4f31f2a3b86d1bba2cc8ab69827
2019-09-17 15:51:17,067 [main] INFO  handler.ContextHandler (ContextHandler.java:doStart(781)) - Started o.e.j.s.ServletContextHandler@6dfa915a{/logs,file:///workdir/hadoop-ozone/integration-test/target/log,AVAILABLE}
2019-09-17 15:51:17,068 [main] INFO  handler.ContextHandler (ContextHandler.java:doStart(781)) - Started o.e.j.s.ServletContextHandler@cb7fa71{/static,jar:file:/home/user/.m2/repository/org/apache/hadoop/hadoop-hdds-container-service/0.5.0-SNAPSHOT/hadoop-hdds-container-service-0.5.0-SNAPSHOT.jar!/webapps/static,AVAILABLE}
2019-09-17 15:51:17,098 [main] INFO  handler.ContextHandler (ContextHandler.java:doStart(781)) - Started o.e.j.w.WebAppContext@4d41ba0f{/,file:///tmp/jetty-0.0.0.0-41573-hddsDatanode-_-any-3068925063718094722.dir/webapp/,AVAILABLE}{/hddsDatanode}
2019-09-17 15:51:17,099 [main] INFO  server.AbstractConnector (AbstractConnector.java:doStart(278)) - Started ServerConnector@3c87e6b7{HTTP/1.1,[http/1.1]}{0.0.0.0:41573}
2019-09-17 15:51:17,101 [main] INFO  server.Server (Server.java:doStart(419)) - Started @5445ms
2019-09-17 15:51:17,101 [main] WARN  impl.MetricsSystemImpl (MetricsSystemImpl.java:register(276)) - Sink prometheus already exists!
2019-09-17 15:51:17,102 [main] INFO  server.BaseHttpServer (BaseHttpServer.java:updateConnectorAddress(215)) - HTTP server of HDDSDATANODE is listening at http://0.0.0.0:41573
2019-09-17 15:51:17,102 [main] INFO  impl.MetricsSystemImpl (MetricsSystemImpl.java:init(158)) - HddsDatanode metrics system started (again)
2019-09-17 15:51:17,106 [main] INFO  ozone.HddsDatanodeService (HddsDatanodeService.java:start(184)) - HddsDatanodeService host:pr-hdds-2141-r2v5r-2877998664 ip:192.168.34.42
2019-09-17 15:51:17,106 [org.apache.hadoop.util.JvmPauseMonitor$Monitor@1171517c] INFO  util.JvmPauseMonitor (JvmPauseMonitor.java:run(188)) - Starting JVM pause monitor
2019-09-17 15:51:17,116 [main] INFO  volume.HddsVolume (HddsVolume.java:<init>(176)) - Creating Volume: /workdir/hadoop-ozone/integration-test/target/test-dir/MiniOzoneClusterImpl-64ce5b8c-b79f-4315-a4fc-7811b8d18340/datanode-2/data/containers/hdds of  storage type : DISK and capacity : 1482555576320
2019-09-17 15:51:17,116 [main] INFO  volume.VolumeSet (VolumeSet.java:initializeVolumeSet(170)) - Added Volume : /workdir/hadoop-ozone/integration-test/target/test-dir/MiniOzoneClusterImpl-64ce5b8c-b79f-4315-a4fc-7811b8d18340/datanode-2/data/containers/hdds to VolumeSet
2019-09-17 15:51:17,117 [main] INFO  volume.ThrottledAsyncChecker (ThrottledAsyncChecker.java:schedule(139)) - Scheduling a check for org.apache.hadoop.ozone.container.common.volume.HddsVolume@53e800f9
2019-09-17 15:51:17,118 [main] INFO  volume.HddsVolumeChecker (HddsVolumeChecker.java:checkAllVolumes(202)) - Scheduled health check for volume org.apache.hadoop.ozone.container.common.volume.HddsVolume@53e800f9
2019-09-17 15:51:17,139 [main] INFO  impl.RaftServerProxy (ConfUtils.java:logGet(43)) - raft.rpc.type = GRPC (default)
2019-09-17 15:51:17,140 [main] INFO  grpc.GrpcFactory (GrpcFactory.java:checkPooledByteBufAllocatorUseCacheForAllThreads(45)) - PERFORMANCE WARNING: useCacheForAllThreads is true that may cause Netty to create a lot garbage objects and, as a result, trigger GC.
	It is recommended to disable useCacheForAllThreads by setting -Dorg.apache.ratis.thirdparty.io.netty.allocator.useCacheForAllThreads=false in command line.
2019-09-17 15:51:17,140 [main] INFO  grpc.GrpcConfigKeys$Server (ConfUtils.java:logGet(43)) - raft.grpc.server.port = 0 (default)
2019-09-17 15:51:17,140 [main] INFO  server.GrpcService (ConfUtils.java:logGet(43)) - raft.grpc.message.size.max = 33570816 (custom)
2019-09-17 15:51:17,140 [main] INFO  server.RaftServerConfigKeys (ConfUtils.java:logGet(43)) - raft.server.log.appender.buffer.byte-limit = 33554432 (custom)
2019-09-17 15:51:17,141 [main] INFO  server.GrpcService (ConfUtils.java:logGet(43)) - raft.grpc.flow.control.window = 1MB (=1048576) (default)
2019-09-17 15:51:17,142 [main] INFO  server.RaftServerConfigKeys (ConfUtils.java:logGet(43)) - raft.server.rpc.request.timeout = 3000ms (default)
2019-09-17 15:51:17,143 [main] INFO  server.RaftServerConfigKeys (ConfUtils.java:logGet(43)) - raft.server.storage.dir = [/workdir/hadoop-ozone/integration-test/target/test-dir/MiniOzoneClusterImpl-64ce5b8c-b79f-4315-a4fc-7811b8d18340/datanode-2/data/ratis] (custom)
2019-09-17 15:51:17,145 [main] INFO  hdfs.DFSUtil (DFSUtil.java:httpServerTemplateForNNAndJN(1641)) - Starting Web-server for hddsDatanode at: http://0.0.0.0:0
2019-09-17 15:51:17,147 [main] INFO  server.AuthenticationFilter (AuthenticationFilter.java:constructSecretProvider(240)) - Unable to initialize FileSignerSecretProvider, falling back to use random secrets.
2019-09-17 15:51:17,147 [Datanode State Machine Thread - 0] INFO  datanode.InitDatanodeState (InitDatanodeState.java:persistContainerDatanodeDetails(140)) - DatanodeDetails is persisted to /workdir/hadoop-ozone/integration-test/target/test-dir/MiniOzoneClusterImpl-64ce5b8c-b79f-4315-a4fc-7811b8d18340/datanode-0/meta/datanode.id
2019-09-17 15:51:17,147 [main] WARN  http.HttpRequestLog (HttpRequestLog.java:getRequestLog(97)) - Jetty request log can only be enabled using Log4j
2019-09-17 15:51:17,151 [Datanode State Machine Thread - 0] INFO  datanode.InitDatanodeState (InitDatanodeState.java:persistContainerDatanodeDetails(140)) - DatanodeDetails is persisted to /workdir/hadoop-ozone/integration-test/target/test-dir/MiniOzoneClusterImpl-64ce5b8c-b79f-4315-a4fc-7811b8d18340/datanode-1/meta/datanode.id
2019-09-17 15:51:17,152 [main] INFO  http.HttpServer2 (HttpServer2.java:addGlobalFilter(975)) - Added global filter 'safety' (class=org.apache.hadoop.http.HttpServer2$QuotingInputFilter)
2019-09-17 15:51:17,152 [main] INFO  http.HttpServer2 (HttpServer2.java:addFilter(948)) - Added filter static_user_filter (class=org.apache.hadoop.http.lib.StaticUserWebFilter$StaticUserFilter) to context hddsDatanode
2019-09-17 15:51:17,153 [main] INFO  http.HttpServer2 (HttpServer2.java:addFilter(958)) - Added filter static_user_filter (class=org.apache.hadoop.http.lib.StaticUserWebFilter$StaticUserFilter) to context logs
2019-09-17 15:51:17,153 [main] INFO  http.HttpServer2 (HttpServer2.java:addFilter(958)) - Added filter static_user_filter (class=org.apache.hadoop.http.lib.StaticUserWebFilter$StaticUserFilter) to context static
2019-09-17 15:51:17,153 [main] INFO  http.HttpServer2 (HttpServer2.java:bindListener(1191)) - Jetty bound to port 43979
2019-09-17 15:51:17,154 [main] INFO  server.Server (Server.java:doStart(351)) - jetty-9.3.24.v20180605, build timestamp: 2018-06-05T17:11:56Z, git hash: 84205aa28f11a4f31f2a3b86d1bba2cc8ab69827
2019-09-17 15:51:17,156 [main] INFO  handler.ContextHandler (ContextHandler.java:doStart(781)) - Started o.e.j.s.ServletContextHandler@522bf64e{/logs,file:///workdir/hadoop-ozone/integration-test/target/log,AVAILABLE}
2019-09-17 15:51:17,156 [main] INFO  handler.ContextHandler (ContextHandler.java:doStart(781)) - Started o.e.j.s.ServletContextHandler@5f0f9947{/static,jar:file:/home/user/.m2/repository/org/apache/hadoop/hadoop-hdds-container-service/0.5.0-SNAPSHOT/hadoop-hdds-container-service-0.5.0-SNAPSHOT.jar!/webapps/static,AVAILABLE}
2019-09-17 15:51:17,187 [main] INFO  handler.ContextHandler (ContextHandler.java:doStart(781)) - Started o.e.j.w.WebAppContext@6dcc40f5{/,file:///tmp/jetty-0.0.0.0-43979-hddsDatanode-_-any-1140554106769395296.dir/webapp/,AVAILABLE}{/hddsDatanode}
2019-09-17 15:51:17,188 [main] INFO  server.AbstractConnector (AbstractConnector.java:doStart(278)) - Started ServerConnector@2b680207{HTTP/1.1,[http/1.1]}{0.0.0.0:43979}
2019-09-17 15:51:17,190 [main] INFO  server.Server (Server.java:doStart(419)) - Started @5533ms
2019-09-17 15:51:17,190 [main] WARN  impl.MetricsSystemImpl (MetricsSystemImpl.java:register(276)) - Sink prometheus already exists!
2019-09-17 15:51:17,191 [main] INFO  server.BaseHttpServer (BaseHttpServer.java:updateConnectorAddress(215)) - HTTP server of HDDSDATANODE is listening at http://0.0.0.0:43979
2019-09-17 15:51:17,191 [main] INFO  impl.MetricsSystemImpl (MetricsSystemImpl.java:init(158)) - HddsDatanode metrics system started (again)
2019-09-17 15:51:17,194 [main] INFO  ozone.HddsDatanodeService (HddsDatanodeService.java:start(184)) - HddsDatanodeService host:pr-hdds-2141-r2v5r-2877998664 ip:192.168.34.42
2019-09-17 15:51:17,195 [org.apache.hadoop.util.JvmPauseMonitor$Monitor@3c601c74] INFO  util.JvmPauseMonitor (JvmPauseMonitor.java:run(188)) - Starting JVM pause monitor
2019-09-17 15:51:17,203 [Datanode State Machine Thread - 0] INFO  datanode.InitDatanodeState (InitDatanodeState.java:persistContainerDatanodeDetails(140)) - DatanodeDetails is persisted to /workdir/hadoop-ozone/integration-test/target/test-dir/MiniOzoneClusterImpl-64ce5b8c-b79f-4315-a4fc-7811b8d18340/datanode-2/meta/datanode.id
2019-09-17 15:51:17,203 [main] INFO  volume.HddsVolume (HddsVolume.java:<init>(176)) - Creating Volume: /workdir/hadoop-ozone/integration-test/target/test-dir/MiniOzoneClusterImpl-64ce5b8c-b79f-4315-a4fc-7811b8d18340/datanode-3/data/containers/hdds of  storage type : DISK and capacity : 1482555576320
2019-09-17 15:51:17,204 [main] INFO  volume.VolumeSet (VolumeSet.java:initializeVolumeSet(170)) - Added Volume : /workdir/hadoop-ozone/integration-test/target/test-dir/MiniOzoneClusterImpl-64ce5b8c-b79f-4315-a4fc-7811b8d18340/datanode-3/data/containers/hdds to VolumeSet
2019-09-17 15:51:17,204 [main] INFO  volume.ThrottledAsyncChecker (ThrottledAsyncChecker.java:schedule(139)) - Scheduling a check for org.apache.hadoop.ozone.container.common.volume.HddsVolume@7ecec90d
2019-09-17 15:51:17,204 [main] INFO  volume.HddsVolumeChecker (HddsVolumeChecker.java:checkAllVolumes(202)) - Scheduled health check for volume org.apache.hadoop.ozone.container.common.volume.HddsVolume@7ecec90d
2019-09-17 15:51:17,218 [main] INFO  impl.RaftServerProxy (ConfUtils.java:logGet(43)) - raft.rpc.type = GRPC (default)
2019-09-17 15:51:17,218 [main] INFO  grpc.GrpcFactory (GrpcFactory.java:checkPooledByteBufAllocatorUseCacheForAllThreads(45)) - PERFORMANCE WARNING: useCacheForAllThreads is true that may cause Netty to create a lot garbage objects and, as a result, trigger GC.
	It is recommended to disable useCacheForAllThreads by setting -Dorg.apache.ratis.thirdparty.io.netty.allocator.useCacheForAllThreads=false in command line.
2019-09-17 15:51:17,219 [main] INFO  grpc.GrpcConfigKeys$Server (ConfUtils.java:logGet(43)) - raft.grpc.server.port = 0 (default)
2019-09-17 15:51:17,219 [main] INFO  server.GrpcService (ConfUtils.java:logGet(43)) - raft.grpc.message.size.max = 33570816 (custom)
2019-09-17 15:51:17,219 [main] INFO  server.RaftServerConfigKeys (ConfUtils.java:logGet(43)) - raft.server.log.appender.buffer.byte-limit = 33554432 (custom)
2019-09-17 15:51:17,219 [main] INFO  server.GrpcService (ConfUtils.java:logGet(43)) - raft.grpc.flow.control.window = 1MB (=1048576) (default)
2019-09-17 15:51:17,220 [main] INFO  server.RaftServerConfigKeys (ConfUtils.java:logGet(43)) - raft.server.rpc.request.timeout = 3000ms (default)
2019-09-17 15:51:17,220 [main] INFO  server.RaftServerConfigKeys (ConfUtils.java:logGet(43)) - raft.server.storage.dir = [/workdir/hadoop-ozone/integration-test/target/test-dir/MiniOzoneClusterImpl-64ce5b8c-b79f-4315-a4fc-7811b8d18340/datanode-3/data/ratis] (custom)
2019-09-17 15:51:17,222 [main] INFO  hdfs.DFSUtil (DFSUtil.java:httpServerTemplateForNNAndJN(1641)) - Starting Web-server for hddsDatanode at: http://0.0.0.0:0
2019-09-17 15:51:17,223 [main] INFO  server.AuthenticationFilter (AuthenticationFilter.java:constructSecretProvider(240)) - Unable to initialize FileSignerSecretProvider, falling back to use random secrets.
2019-09-17 15:51:17,223 [main] WARN  http.HttpRequestLog (HttpRequestLog.java:getRequestLog(97)) - Jetty request log can only be enabled using Log4j
2019-09-17 15:51:17,224 [main] INFO  http.HttpServer2 (HttpServer2.java:addGlobalFilter(975)) - Added global filter 'safety' (class=org.apache.hadoop.http.HttpServer2$QuotingInputFilter)
2019-09-17 15:51:17,225 [main] INFO  http.HttpServer2 (HttpServer2.java:addFilter(948)) - Added filter static_user_filter (class=org.apache.hadoop.http.lib.StaticUserWebFilter$StaticUserFilter) to context hddsDatanode
2019-09-17 15:51:17,225 [main] INFO  http.HttpServer2 (HttpServer2.java:addFilter(958)) - Added filter static_user_filter (class=org.apache.hadoop.http.lib.StaticUserWebFilter$StaticUserFilter) to context static
2019-09-17 15:51:17,225 [main] INFO  http.HttpServer2 (HttpServer2.java:addFilter(958)) - Added filter static_user_filter (class=org.apache.hadoop.http.lib.StaticUserWebFilter$StaticUserFilter) to context logs
2019-09-17 15:51:17,226 [main] INFO  http.HttpServer2 (HttpServer2.java:bindListener(1191)) - Jetty bound to port 36627
2019-09-17 15:51:17,226 [main] INFO  server.Server (Server.java:doStart(351)) - jetty-9.3.24.v20180605, build timestamp: 2018-06-05T17:11:56Z, git hash: 84205aa28f11a4f31f2a3b86d1bba2cc8ab69827
2019-09-17 15:51:17,237 [main] INFO  handler.ContextHandler (ContextHandler.java:doStart(781)) - Started o.e.j.s.ServletContextHandler@7724704f{/logs,file:///workdir/hadoop-ozone/integration-test/target/log,AVAILABLE}
2019-09-17 15:51:17,239 [main] INFO  handler.ContextHandler (ContextHandler.java:doStart(781)) - Started o.e.j.s.ServletContextHandler@4ce94d2f{/static,jar:file:/home/user/.m2/repository/org/apache/hadoop/hadoop-hdds-container-service/0.5.0-SNAPSHOT/hadoop-hdds-container-service-0.5.0-SNAPSHOT.jar!/webapps/static,AVAILABLE}
2019-09-17 15:51:17,269 [main] INFO  handler.ContextHandler (ContextHandler.java:doStart(781)) - Started o.e.j.w.WebAppContext@4e1a46fb{/,file:///tmp/jetty-0.0.0.0-36627-hddsDatanode-_-any-6149590443602446312.dir/webapp/,AVAILABLE}{/hddsDatanode}
2019-09-17 15:51:17,270 [main] INFO  server.AbstractConnector (AbstractConnector.java:doStart(278)) - Started ServerConnector@69fe0ed4{HTTP/1.1,[http/1.1]}{0.0.0.0:36627}
2019-09-17 15:51:17,271 [main] INFO  server.Server (Server.java:doStart(419)) - Started @5615ms
2019-09-17 15:51:17,272 [main] WARN  impl.MetricsSystemImpl (MetricsSystemImpl.java:register(276)) - Sink prometheus already exists!
2019-09-17 15:51:17,276 [main] INFO  server.BaseHttpServer (BaseHttpServer.java:updateConnectorAddress(215)) - HTTP server of HDDSDATANODE is listening at http://0.0.0.0:36627
2019-09-17 15:51:17,280 [org.apache.hadoop.util.JvmPauseMonitor$Monitor@5323aeff] INFO  util.JvmPauseMonitor (JvmPauseMonitor.java:run(188)) - Starting JVM pause monitor
2019-09-17 15:51:17,282 [main] INFO  ozone.MiniOzoneClusterImpl (MiniOzoneClusterImpl.java:lambda$waitForClusterToBeReady$0(145)) - Waiting for cluster to be ready. Got 0 of 4 DN Heartbeats.
2019-09-17 15:51:17,285 [Datanode State Machine Thread - 0] INFO  datanode.InitDatanodeState (InitDatanodeState.java:persistContainerDatanodeDetails(140)) - DatanodeDetails is persisted to /workdir/hadoop-ozone/integration-test/target/test-dir/MiniOzoneClusterImpl-64ce5b8c-b79f-4315-a4fc-7811b8d18340/datanode-3/meta/datanode.id
2019-09-17 15:51:18,282 [main] INFO  ozone.MiniOzoneClusterImpl (MiniOzoneClusterImpl.java:lambda$waitForClusterToBeReady$0(145)) - Waiting for cluster to be ready. Got 0 of 4 DN Heartbeats.
2019-09-17 15:51:19,091 [Datanode State Machine Thread - 0] INFO  ozoneimpl.OzoneContainer (OzoneContainer.java:start(217)) - Attempting to start container services.
2019-09-17 15:51:19,094 [Datanode State Machine Thread - 0] INFO  ozoneimpl.OzoneContainer (OzoneContainer.java:startContainerScrub(179)) - Background container scanner has been disabled.
2019-09-17 15:51:19,094 [Datanode State Machine Thread - 0] INFO  ratis.XceiverServerRatis (XceiverServerRatis.java:start(411)) - Starting XceiverServerRatis 9794424a-f962-4c57-a99d-4ffccfa0a093 at port 0
2019-09-17 15:51:19,117 [Datanode State Machine Thread - 0] INFO  impl.RaftServerProxy (RaftServerProxy.java:lambda$start$3(299)) - 9794424a-f962-4c57-a99d-4ffccfa0a093: start RPC server
2019-09-17 15:51:19,124 [Datanode State Machine Thread - 0] INFO  ozoneimpl.OzoneContainer (OzoneContainer.java:start(217)) - Attempting to start container services.
2019-09-17 15:51:19,130 [Datanode State Machine Thread - 0] INFO  ozoneimpl.OzoneContainer (OzoneContainer.java:startContainerScrub(179)) - Background container scanner has been disabled.
2019-09-17 15:51:19,131 [Datanode State Machine Thread - 0] INFO  ratis.XceiverServerRatis (XceiverServerRatis.java:start(411)) - Starting XceiverServerRatis 67973089-3f97-4487-8ce0-46b1e1578af1 at port 0
2019-09-17 15:51:19,140 [Datanode State Machine Thread - 0] INFO  impl.RaftServerProxy (RaftServerProxy.java:lambda$start$3(299)) - 67973089-3f97-4487-8ce0-46b1e1578af1: start RPC server
2019-09-17 15:51:19,212 [Datanode State Machine Thread - 0] INFO  ozoneimpl.OzoneContainer (OzoneContainer.java:start(217)) - Attempting to start container services.
2019-09-17 15:51:19,213 [Datanode State Machine Thread - 0] INFO  ozoneimpl.OzoneContainer (OzoneContainer.java:startContainerScrub(179)) - Background container scanner has been disabled.
2019-09-17 15:51:19,214 [Datanode State Machine Thread - 0] INFO  ratis.XceiverServerRatis (XceiverServerRatis.java:start(411)) - Starting XceiverServerRatis 81953067-0759-430a-a659-0dcff6f5faa6 at port 0
2019-09-17 15:51:19,225 [Datanode State Machine Thread - 0] INFO  impl.RaftServerProxy (RaftServerProxy.java:lambda$start$3(299)) - 81953067-0759-430a-a659-0dcff6f5faa6: start RPC server
2019-09-17 15:51:19,279 [Datanode State Machine Thread - 0] INFO  server.GrpcService (GrpcService.java:startImpl(158)) - 9794424a-f962-4c57-a99d-4ffccfa0a093: GrpcService started, listening on 0.0.0.0/0.0.0.0:41304
2019-09-17 15:51:19,279 [Datanode State Machine Thread - 0] INFO  server.GrpcService (GrpcService.java:startImpl(158)) - 67973089-3f97-4487-8ce0-46b1e1578af1: GrpcService started, listening on 0.0.0.0/0.0.0.0:39149
2019-09-17 15:51:19,279 [Datanode State Machine Thread - 0] INFO  server.GrpcService (GrpcService.java:startImpl(158)) - 81953067-0759-430a-a659-0dcff6f5faa6: GrpcService started, listening on 0.0.0.0/0.0.0.0:39073
2019-09-17 15:51:19,280 [Datanode State Machine Thread - 0] INFO  ratis.XceiverServerRatis (XceiverServerRatis.java:start(421)) - XceiverServerRatis 67973089-3f97-4487-8ce0-46b1e1578af1 is started using port 39149
2019-09-17 15:51:19,280 [Datanode State Machine Thread - 0] INFO  ratis.XceiverServerRatis (XceiverServerRatis.java:start(421)) - XceiverServerRatis 9794424a-f962-4c57-a99d-4ffccfa0a093 is started using port 41304
2019-09-17 15:51:19,280 [Datanode State Machine Thread - 0] INFO  ratis.XceiverServerRatis (XceiverServerRatis.java:start(421)) - XceiverServerRatis 81953067-0759-430a-a659-0dcff6f5faa6 is started using port 39073
2019-09-17 15:51:19,287 [main] INFO  ozone.MiniOzoneClusterImpl (MiniOzoneClusterImpl.java:lambda$waitForClusterToBeReady$0(145)) - Waiting for cluster to be ready. Got 0 of 4 DN Heartbeats.
2019-09-17 15:51:19,287 [Datanode State Machine Thread - 0] INFO  server.XceiverServerGrpc (XceiverServerGrpc.java:start(163)) - XceiverServerGrpc 81953067-0759-430a-a659-0dcff6f5faa6 is started using port 40945
2019-09-17 15:51:19,287 [Datanode State Machine Thread - 0] INFO  server.XceiverServerGrpc (XceiverServerGrpc.java:start(163)) - XceiverServerGrpc 67973089-3f97-4487-8ce0-46b1e1578af1 is started using port 36581
2019-09-17 15:51:19,288 [Datanode State Machine Thread - 0] INFO  server.XceiverServerGrpc (XceiverServerGrpc.java:start(163)) - XceiverServerGrpc 9794424a-f962-4c57-a99d-4ffccfa0a093 is started using port 33833
2019-09-17 15:51:19,301 [Datanode State Machine Thread - 0] INFO  ozoneimpl.OzoneContainer (OzoneContainer.java:start(217)) - Attempting to start container services.
2019-09-17 15:51:19,303 [Datanode State Machine Thread - 0] INFO  ozoneimpl.OzoneContainer (OzoneContainer.java:startContainerScrub(179)) - Background container scanner has been disabled.
2019-09-17 15:51:19,303 [Datanode State Machine Thread - 0] INFO  ratis.XceiverServerRatis (XceiverServerRatis.java:start(411)) - Starting XceiverServerRatis b3ddae89-e778-4329-b7d9-007a2bcac366 at port 0
2019-09-17 15:51:19,310 [Datanode State Machine Thread - 0] INFO  impl.RaftServerProxy (RaftServerProxy.java:lambda$start$3(299)) - b3ddae89-e778-4329-b7d9-007a2bcac366: start RPC server
2019-09-17 15:51:19,313 [Datanode State Machine Thread - 0] INFO  server.GrpcService (GrpcService.java:startImpl(158)) - b3ddae89-e778-4329-b7d9-007a2bcac366: GrpcService started, listening on 0.0.0.0/0.0.0.0:45563
2019-09-17 15:51:19,313 [Datanode State Machine Thread - 0] INFO  ratis.XceiverServerRatis (XceiverServerRatis.java:start(421)) - XceiverServerRatis b3ddae89-e778-4329-b7d9-007a2bcac366 is started using port 45563
2019-09-17 15:51:19,315 [Datanode State Machine Thread - 0] INFO  server.XceiverServerGrpc (XceiverServerGrpc.java:start(163)) - XceiverServerGrpc b3ddae89-e778-4329-b7d9-007a2bcac366 is started using port 34318
2019-09-17 15:51:20,287 [main] INFO  ozone.MiniOzoneClusterImpl (MiniOzoneClusterImpl.java:lambda$waitForClusterToBeReady$0(145)) - Waiting for cluster to be ready. Got 0 of 4 DN Heartbeats.
2019-09-17 15:51:21,073 [IPC Server handler 0 on 44958] INFO  net.NetworkTopology (NetworkTopologyImpl.java:add(111)) - Added a new node: /default-rack/9794424a-f962-4c57-a99d-4ffccfa0a093
2019-09-17 15:51:21,074 [IPC Server handler 0 on 44958] INFO  node.SCMNodeManager (SCMNodeManager.java:register(266)) - Registered Data node : 9794424a-f962-4c57-a99d-4ffccfa0a093{ip: 192.168.34.42, host: pr-hdds-2141-r2v5r-2877998664, networkLocation: /default-rack, certSerialId: null}
2019-09-17 15:51:21,081 [EventQueue-NodeRegistrationContainerReportForDataNodeSafeModeRule] INFO  safemode.SCMSafeModeManager (DataNodeSafeModeRule.java:process(71)) - SCM in safe mode. 1 DataNodes registered, 1 required.
2019-09-17 15:51:21,081 [EventQueue-NodeRegistrationContainerReportForDataNodeSafeModeRule] INFO  safemode.SCMSafeModeManager (SCMSafeModeManager.java:validateSafeModeExitRules(177)) - ScmSafeModeManager, all rules are successfully validated
2019-09-17 15:51:21,082 [EventQueue-NodeRegistrationContainerReportForDataNodeSafeModeRule] INFO  safemode.SCMSafeModeManager (SCMSafeModeManager.java:exitSafeMode(193)) - SCM exiting safe mode.
2019-09-17 15:51:21,109 [IPC Server handler 1 on 44958] INFO  net.NetworkTopology (NetworkTopologyImpl.java:add(111)) - Added a new node: /default-rack/67973089-3f97-4487-8ce0-46b1e1578af1
2019-09-17 15:51:21,110 [IPC Server handler 1 on 44958] INFO  node.SCMNodeManager (SCMNodeManager.java:register(266)) - Registered Data node : 67973089-3f97-4487-8ce0-46b1e1578af1{ip: 192.168.34.42, host: pr-hdds-2141-r2v5r-2877998664, networkLocation: /default-rack, certSerialId: null}
2019-09-17 15:51:21,198 [IPC Server handler 2 on 44958] INFO  net.NetworkTopology (NetworkTopologyImpl.java:add(111)) - Added a new node: /default-rack/81953067-0759-430a-a659-0dcff6f5faa6
2019-09-17 15:51:21,199 [IPC Server handler 2 on 44958] INFO  node.SCMNodeManager (SCMNodeManager.java:register(266)) - Registered Data node : 81953067-0759-430a-a659-0dcff6f5faa6{ip: 192.168.34.42, host: pr-hdds-2141-r2v5r-2877998664, networkLocation: /default-rack, certSerialId: null}
2019-09-17 15:51:21,285 [IPC Server handler 3 on 44958] INFO  net.NetworkTopology (NetworkTopologyImpl.java:add(111)) - Added a new node: /default-rack/b3ddae89-e778-4329-b7d9-007a2bcac366
2019-09-17 15:51:21,285 [IPC Server handler 3 on 44958] INFO  node.SCMNodeManager (SCMNodeManager.java:register(266)) - Registered Data node : b3ddae89-e778-4329-b7d9-007a2bcac366{ip: 192.168.34.42, host: pr-hdds-2141-r2v5r-2877998664, networkLocation: /default-rack, certSerialId: null}
2019-09-17 15:51:21,288 [main] INFO  ozone.MiniOzoneClusterImpl (MiniOzoneClusterImpl.java:lambda$waitForClusterToBeReady$0(145)) - Cluster is ready. Got 4 of 4 DN Heartbeats.
2019-09-17 15:51:21,292 [main] INFO  container.ReplicationManager (ReplicationManager.java:start(162)) - Starting Replication Monitor Thread.
2019-09-17 15:51:21,294 [ReplicationMonitor] INFO  container.ReplicationManager (ReplicationManager.java:run(225)) - Replication Monitor Thread took 0 milliseconds for processing 0 containers.
2019-09-17 15:51:21,639 [grpc-default-executor-0] INFO  impl.RaftServerProxy (RaftServerProxy.java:addNew(89)) - 9794424a-f962-4c57-a99d-4ffccfa0a093: addNew group-6D2484479C55:[9794424a-f962-4c57-a99d-4ffccfa0a093:192.168.34.42:41304] returns group-6D2484479C55:java.util.concurrent.CompletableFuture@77c5b698[Not completed]
2019-09-17 15:51:21,662 [pool-27-thread-1] INFO  impl.RaftServerImpl (RaftServerImpl.java:<init>(95)) - 9794424a-f962-4c57-a99d-4ffccfa0a093: new RaftServerImpl for group-6D2484479C55:[9794424a-f962-4c57-a99d-4ffccfa0a093:192.168.34.42:41304] with ContainerStateMachine:uninitialized
2019-09-17 15:51:21,666 [pool-27-thread-1] INFO  server.RaftServerConfigKeys (ConfUtils.java:logGet(43)) - raft.server.rpc.timeout.min = 5s (custom)
2019-09-17 15:51:21,667 [pool-27-thread-1] INFO  server.RaftServerConfigKeys (ConfUtils.java:logGet(43)) - raft.server.rpc.timeout.max = 5200ms (custom)
2019-09-17 15:51:21,668 [pool-27-thread-1] INFO  server.RaftServerConfigKeys (ConfUtils.java:logGet(43)) - raft.server.rpcslowness.timeout = 1000s (custom)
2019-09-17 15:51:21,669 [pool-27-thread-1] INFO  server.RaftServerConfigKeys (ConfUtils.java:logGet(43)) - raft.server.sleep.deviation.threshold = 300 (default)
2019-09-17 15:51:21,670 [pool-27-thread-1] INFO  server.RaftServerConfigKeys (ConfUtils.java:logGet(43)) - raft.server.log.appender.install.snapshot.enabled = false (custom)
2019-09-17 15:51:21,680 [pool-27-thread-1] INFO  impl.RaftServerImpl (ServerState.java:<init>(103)) - 9794424a-f962-4c57-a99d-4ffccfa0a093@group-6D2484479C55: ConfigurationManager, init=-1: [9794424a-f962-4c57-a99d-4ffccfa0a093:192.168.34.42:41304], old=null, confs=<EMPTY_MAP>
2019-09-17 15:51:21,681 [pool-27-thread-1] INFO  server.RaftServerConfigKeys (ConfUtils.java:logGet(43)) - raft.server.storage.dir = [/workdir/hadoop-ozone/integration-test/target/test-dir/MiniOzoneClusterImpl-64ce5b8c-b79f-4315-a4fc-7811b8d18340/datanode-0/data/ratis] (custom)
2019-09-17 15:51:21,691 [pool-27-thread-1] INFO  storage.RaftStorageDirectory (RaftStorageDirectory.java:analyzeStorage(246)) - The storage directory /workdir/hadoop-ozone/integration-test/target/test-dir/MiniOzoneClusterImpl-64ce5b8c-b79f-4315-a4fc-7811b8d18340/datanode-0/data/ratis/9e48fd57-873f-430c-a063-6d2484479c55 does not exist. Creating ...
2019-09-17 15:51:21,709 [pool-27-thread-1] INFO  storage.RaftStorageDirectory (RaftStorageDirectory.java:tryLock(328)) - Lock on /workdir/hadoop-ozone/integration-test/target/test-dir/MiniOzoneClusterImpl-64ce5b8c-b79f-4315-a4fc-7811b8d18340/datanode-0/data/ratis/9e48fd57-873f-430c-a063-6d2484479c55/in_use.lock acquired by nodename 27369@pr-hdds-2141-r2v5r-2877998664
2019-09-17 15:51:21,724 [pool-27-thread-1] INFO  storage.RaftStorage (RaftStorage.java:format(72)) - Storage directory /workdir/hadoop-ozone/integration-test/target/test-dir/MiniOzoneClusterImpl-64ce5b8c-b79f-4315-a4fc-7811b8d18340/datanode-0/data/ratis/9e48fd57-873f-430c-a063-6d2484479c55 has been successfully formatted.
2019-09-17 15:51:21,727 [pool-27-thread-1] INFO  ratis.ContainerStateMachine (ContainerStateMachine.java:loadSnapshot(230)) - group-6D2484479C55: The snapshot info is null. Setting the last applied indexto:(t:0, i:~)
2019-09-17 15:51:21,727 [pool-27-thread-1] INFO  server.RaftServerConfigKeys (ConfUtils.java:logGet(43)) - raft.server.notification.no-leader.timeout = 1000s (custom)
2019-09-17 15:51:21,729 [pool-27-thread-1] INFO  server.RaftServerConfigKeys (ConfUtils.java:logGet(43)) - raft.server.log.use.memory = false (default)
2019-09-17 15:51:21,736 [pool-27-thread-1] INFO  server.RaftServerConfigKeys (ConfUtils.java:logGet(43)) - raft.server.log.purge.gap = 1000000 (custom)
2019-09-17 15:51:21,736 [pool-27-thread-1] INFO  server.RaftServerConfigKeys (ConfUtils.java:logGet(43)) - raft.server.log.appender.buffer.byte-limit = 33554432 (custom)
2019-09-17 15:51:21,738 [pool-27-thread-1] INFO  server.RaftServerConfigKeys (ConfUtils.java:logGet(43)) - raft.server.log.segment.size.max = 1048576 (custom)
2019-09-17 15:51:21,745 [pool-27-thread-1] INFO  server.RaftServerConfigKeys (ConfUtils.java:logGet(43)) - raft.server.log.segment.cache.num.max = 2 (custom)
2019-09-17 15:51:21,757 [pool-27-thread-1] INFO  segmented.SegmentedRaftLogWorker (SegmentedRaftLogWorker.java:<init>(172)) - new 9794424a-f962-4c57-a99d-4ffccfa0a093@group-6D2484479C55-SegmentedRaftLogWorker for RaftStorage:Storage Directory /workdir/hadoop-ozone/integration-test/target/test-dir/MiniOzoneClusterImpl-64ce5b8c-b79f-4315-a4fc-7811b8d18340/datanode-0/data/ratis/9e48fd57-873f-430c-a063-6d2484479c55
2019-09-17 15:51:21,759 [pool-27-thread-1] INFO  impl.MetricsSystemImpl (MetricsSystemImpl.java:init(158)) - ratis metrics system started (again)
2019-09-17 15:51:21,811 [pool-27-thread-1] INFO  server.RaftServerConfigKeys (ConfUtils.java:logGet(43)) - raft.server.log.queue.byte-limit = 2147483647 (custom)
2019-09-17 15:51:21,812 [pool-27-thread-1] INFO  server.RaftServerConfigKeys (ConfUtils.java:logGet(43)) - raft.server.log.queue.element-limit = 1024 (custom)
2019-09-17 15:51:21,815 [pool-27-thread-1] INFO  server.RaftServerConfigKeys (ConfUtils.java:logGet(43)) - raft.server.log.segment.size.max = 1048576 (custom)
2019-09-17 15:51:21,816 [pool-27-thread-1] INFO  server.RaftServerConfigKeys (ConfUtils.java:logGet(43)) - raft.server.log.preallocated.size = 16384 (custom)
2019-09-17 15:51:21,816 [pool-27-thread-1] INFO  server.RaftServerConfigKeys (ConfUtils.java:logGet(43)) - raft.server.log.write.buffer.size = 33554432 (custom)
2019-09-17 15:51:21,817 [pool-27-thread-1] INFO  server.RaftServerConfigKeys (ConfUtils.java:logGet(43)) - raft.server.log.force.sync.num = 128 (default)
2019-09-17 15:51:21,818 [pool-27-thread-1] INFO  server.RaftServerConfigKeys (ConfUtils.java:logGet(43)) - raft.server.log.statemachine.data.sync = true (default)
2019-09-17 15:51:21,818 [pool-27-thread-1] INFO  server.RaftServerConfigKeys (ConfUtils.java:logGet(43)) - raft.server.log.statemachine.data.sync.timeout = 10s (default)
2019-09-17 15:51:21,818 [pool-27-thread-1] INFO  server.RaftServerConfigKeys (ConfUtils.java:logGet(43)) - raft.server.log.statemachine.data.sync.timeout.retry = -1 (default)
2019-09-17 15:51:21,834 [pool-27-thread-1] INFO  server.RaftServerConfigKeys (ConfUtils.java:logGet(43)) - raft.server.log.statemachine.data.caching.enabled = true (custom)
2019-09-17 15:51:21,840 [main] INFO  rpc.RpcClient (RpcClient.java:createVolume(302)) - Creating Volume: testcontainerstatemachinefailures, with jenkins1000 as owner.
2019-09-17 15:51:21,840 [pool-27-thread-1] INFO  segmented.SegmentedRaftLogWorker (SegmentedRaftLogWorker.java:lambda$new$0(132)) - 9794424a-f962-4c57-a99d-4ffccfa0a093@group-6D2484479C55-SegmentedRaftLogWorker: flushIndex: setUnconditionally 0 -> -1
2019-09-17 15:51:21,845 [pool-27-thread-1] INFO  server.RaftServerConfigKeys (ConfUtils.java:logGet(43)) - raft.server.snapshot.auto.trigger.enabled = true (custom)
2019-09-17 15:51:21,847 [pool-27-thread-1] INFO  server.RaftServerConfigKeys (ConfUtils.java:logGet(43)) - raft.server.snapshot.auto.trigger.threshold = 10000 (custom)
2019-09-17 15:51:21,847 [pool-27-thread-1] INFO  server.RaftServerConfigKeys (ConfUtils.java:logGet(43)) - raft.server.snapshot.retention.num.files = 5 (custom)
2019-09-17 15:51:21,848 [pool-27-thread-1] INFO  server.RaftServerConfigKeys (ConfUtils.java:logGet(43)) - raft.server.retrycache.expirytime = 600000ms (custom)
2019-09-17 15:51:21,878 [pool-27-thread-1] INFO  impl.RaftServerImpl (RaftServerImpl.java:start(185)) - 9794424a-f962-4c57-a99d-4ffccfa0a093@group-6D2484479C55: start as a follower, conf=-1: [9794424a-f962-4c57-a99d-4ffccfa0a093:192.168.34.42:41304], old=null
2019-09-17 15:51:21,880 [pool-27-thread-1] INFO  impl.RaftServerImpl (RaftServerImpl.java:setRole(174)) - 9794424a-f962-4c57-a99d-4ffccfa0a093@group-6D2484479C55: changes role from      null to FOLLOWER at term 0 for startAsFollower
2019-09-17 15:51:21,882 [pool-27-thread-1] INFO  impl.RoleInfo (RoleInfo.java:updateAndGet(143)) - 9794424a-f962-4c57-a99d-4ffccfa0a093: start FollowerState
2019-09-17 15:51:21,884 [pool-27-thread-1] INFO  util.JmxRegister (JmxRegister.java:tryRegister(44)) - Successfully registered JMX Bean with object name Ratis:service=RaftServer,group=group-6D2484479C55,id=9794424a-f962-4c57-a99d-4ffccfa0a093
2019-09-17 15:51:21,951 [RatisPipelineUtilsThread] INFO  pipeline.PipelineStateManager (PipelineStateManager.java:addPipeline(56)) - Created pipeline Pipeline[ Id: 9e48fd57-873f-430c-a063-6d2484479c55, Nodes: 9794424a-f962-4c57-a99d-4ffccfa0a093{ip: 192.168.34.42, host: pr-hdds-2141-r2v5r-2877998664, networkLocation: /default-rack, certSerialId: null}, Type:RATIS, Factor:ONE, State:OPEN]
2019-09-17 15:51:21,967 [IPC Server handler 2 on 33173] INFO  volume.OMVolumeCreateRequest (OMVolumeCreateRequest.java:validateAndUpdateCache(189)) - created volume:testcontainerstatemachinefailures for user:jenkins1000
2019-09-17 15:51:21,973 [grpc-default-executor-0] INFO  impl.RaftServerProxy (RaftServerProxy.java:addNew(89)) - 81953067-0759-430a-a659-0dcff6f5faa6: addNew group-27A56D165680:[81953067-0759-430a-a659-0dcff6f5faa6:192.168.34.42:39073] returns group-27A56D165680:java.util.concurrent.CompletableFuture@5fd9405d[Not completed]
2019-09-17 15:51:22,006 [pool-47-thread-1] INFO  impl.RaftServerImpl (RaftServerImpl.java:<init>(95)) - 81953067-0759-430a-a659-0dcff6f5faa6: new RaftServerImpl for group-27A56D165680:[81953067-0759-430a-a659-0dcff6f5faa6:192.168.34.42:39073] with ContainerStateMachine:uninitialized
2019-09-17 15:51:22,009 [pool-47-thread-1] INFO  server.RaftServerConfigKeys (ConfUtils.java:logGet(43)) - raft.server.rpc.timeout.min = 5s (custom)
2019-09-17 15:51:22,009 [pool-47-thread-1] INFO  server.RaftServerConfigKeys (ConfUtils.java:logGet(43)) - raft.server.rpc.timeout.max = 5200ms (custom)
2019-09-17 15:51:22,009 [pool-47-thread-1] INFO  server.RaftServerConfigKeys (ConfUtils.java:logGet(43)) - raft.server.rpcslowness.timeout = 1000s (custom)
2019-09-17 15:51:22,009 [pool-47-thread-1] INFO  server.RaftServerConfigKeys (ConfUtils.java:logGet(43)) - raft.server.sleep.deviation.threshold = 300 (default)
2019-09-17 15:51:22,010 [pool-47-thread-1] INFO  server.RaftServerConfigKeys (ConfUtils.java:logGet(43)) - raft.server.log.appender.install.snapshot.enabled = false (custom)
2019-09-17 15:51:22,010 [pool-47-thread-1] INFO  impl.RaftServerImpl (ServerState.java:<init>(103)) - 81953067-0759-430a-a659-0dcff6f5faa6@group-27A56D165680: ConfigurationManager, init=-1: [81953067-0759-430a-a659-0dcff6f5faa6:192.168.34.42:39073], old=null, confs=<EMPTY_MAP>
2019-09-17 15:51:22,011 [pool-47-thread-1] INFO  server.RaftServerConfigKeys (ConfUtils.java:logGet(43)) - raft.server.storage.dir = [/workdir/hadoop-ozone/integration-test/target/test-dir/MiniOzoneClusterImpl-64ce5b8c-b79f-4315-a4fc-7811b8d18340/datanode-2/data/ratis] (custom)
2019-09-17 15:51:22,012 [pool-47-thread-1] INFO  storage.RaftStorageDirectory (RaftStorageDirectory.java:analyzeStorage(246)) - The storage directory /workdir/hadoop-ozone/integration-test/target/test-dir/MiniOzoneClusterImpl-64ce5b8c-b79f-4315-a4fc-7811b8d18340/datanode-2/data/ratis/ff73a729-7ce6-477b-8502-27a56d165680 does not exist. Creating ...
2019-09-17 15:51:22,028 [pool-47-thread-1] INFO  storage.RaftStorageDirectory (RaftStorageDirectory.java:tryLock(328)) - Lock on /workdir/hadoop-ozone/integration-test/target/test-dir/MiniOzoneClusterImpl-64ce5b8c-b79f-4315-a4fc-7811b8d18340/datanode-2/data/ratis/ff73a729-7ce6-477b-8502-27a56d165680/in_use.lock acquired by nodename 27369@pr-hdds-2141-r2v5r-2877998664
2019-09-17 15:51:22,028 [main] INFO  rpc.RpcClient (RpcClient.java:createBucket(441)) - Creating Bucket: testcontainerstatemachinefailures/testcontainerstatemachinefailures, with Versioning false and Storage Type set to DISK and Encryption set to false 
2019-09-17 15:51:22,042 [pool-47-thread-1] INFO  storage.RaftStorage (RaftStorage.java:format(72)) - Storage directory /workdir/hadoop-ozone/integration-test/target/test-dir/MiniOzoneClusterImpl-64ce5b8c-b79f-4315-a4fc-7811b8d18340/datanode-2/data/ratis/ff73a729-7ce6-477b-8502-27a56d165680 has been successfully formatted.
2019-09-17 15:51:22,043 [pool-47-thread-1] INFO  ratis.ContainerStateMachine (ContainerStateMachine.java:loadSnapshot(230)) - group-27A56D165680: The snapshot info is null. Setting the last applied indexto:(t:0, i:~)
2019-09-17 15:51:22,044 [pool-47-thread-1] INFO  server.RaftServerConfigKeys (ConfUtils.java:logGet(43)) - raft.server.notification.no-leader.timeout = 1000s (custom)
2019-09-17 15:51:22,044 [pool-47-thread-1] INFO  server.RaftServerConfigKeys (ConfUtils.java:logGet(43)) - raft.server.log.use.memory = false (default)
2019-09-17 15:51:22,045 [pool-47-thread-1] INFO  server.RaftServerConfigKeys (ConfUtils.java:logGet(43)) - raft.server.log.purge.gap = 1000000 (custom)
2019-09-17 15:51:22,045 [pool-47-thread-1] INFO  server.RaftServerConfigKeys (ConfUtils.java:logGet(43)) - raft.server.log.appender.buffer.byte-limit = 33554432 (custom)
2019-09-17 15:51:22,046 [pool-47-thread-1] INFO  server.RaftServerConfigKeys (ConfUtils.java:logGet(43)) - raft.server.log.segment.size.max = 1048576 (custom)
2019-09-17 15:51:22,046 [pool-47-thread-1] INFO  server.RaftServerConfigKeys (ConfUtils.java:logGet(43)) - raft.server.log.segment.cache.num.max = 2 (custom)
2019-09-17 15:51:22,046 [pool-47-thread-1] INFO  segmented.SegmentedRaftLogWorker (SegmentedRaftLogWorker.java:<init>(172)) - new 81953067-0759-430a-a659-0dcff6f5faa6@group-27A56D165680-SegmentedRaftLogWorker for RaftStorage:Storage Directory /workdir/hadoop-ozone/integration-test/target/test-dir/MiniOzoneClusterImpl-64ce5b8c-b79f-4315-a4fc-7811b8d18340/datanode-2/data/ratis/ff73a729-7ce6-477b-8502-27a56d165680
2019-09-17 15:51:22,054 [pool-47-thread-1] INFO  server.RaftServerConfigKeys (ConfUtils.java:logGet(43)) - raft.server.log.queue.byte-limit = 2147483647 (custom)
2019-09-17 15:51:22,055 [pool-47-thread-1] INFO  server.RaftServerConfigKeys (ConfUtils.java:logGet(43)) - raft.server.log.queue.element-limit = 1024 (custom)
2019-09-17 15:51:22,055 [pool-47-thread-1] INFO  server.RaftServerConfigKeys (ConfUtils.java:logGet(43)) - raft.server.log.segment.size.max = 1048576 (custom)
2019-09-17 15:51:22,055 [pool-47-thread-1] INFO  server.RaftServerConfigKeys (ConfUtils.java:logGet(43)) - raft.server.log.preallocated.size = 16384 (custom)
2019-09-17 15:51:22,055 [pool-47-thread-1] INFO  server.RaftServerConfigKeys (ConfUtils.java:logGet(43)) - raft.server.log.write.buffer.size = 33554432 (custom)
2019-09-17 15:51:22,056 [pool-47-thread-1] INFO  server.RaftServerConfigKeys (ConfUtils.java:logGet(43)) - raft.server.log.force.sync.num = 128 (default)
2019-09-17 15:51:22,056 [pool-47-thread-1] INFO  server.RaftServerConfigKeys (ConfUtils.java:logGet(43)) - raft.server.log.statemachine.data.sync = true (default)
2019-09-17 15:51:22,056 [pool-47-thread-1] INFO  server.RaftServerConfigKeys (ConfUtils.java:logGet(43)) - raft.server.log.statemachine.data.sync.timeout = 10s (default)
2019-09-17 15:51:22,056 [pool-47-thread-1] INFO  server.RaftServerConfigKeys (ConfUtils.java:logGet(43)) - raft.server.log.statemachine.data.sync.timeout.retry = -1 (default)
2019-09-17 15:51:22,057 [pool-47-thread-1] INFO  server.RaftServerConfigKeys (ConfUtils.java:logGet(43)) - raft.server.log.statemachine.data.caching.enabled = true (custom)
2019-09-17 15:51:22,057 [pool-47-thread-1] INFO  segmented.SegmentedRaftLogWorker (SegmentedRaftLogWorker.java:lambda$new$0(132)) - 81953067-0759-430a-a659-0dcff6f5faa6@group-27A56D165680-SegmentedRaftLogWorker: flushIndex: setUnconditionally 0 -> -1
2019-09-17 15:51:22,058 [pool-47-thread-1] INFO  server.RaftServerConfigKeys (ConfUtils.java:logGet(43)) - raft.server.snapshot.auto.trigger.enabled = true (custom)
2019-09-17 15:51:22,058 [pool-47-thread-1] INFO  server.RaftServerConfigKeys (ConfUtils.java:logGet(43)) - raft.server.snapshot.auto.trigger.threshold = 10000 (custom)
2019-09-17 15:51:22,058 [pool-47-thread-1] INFO  server.RaftServerConfigKeys (ConfUtils.java:logGet(43)) - raft.server.snapshot.retention.num.files = 5 (custom)
2019-09-17 15:51:22,058 [pool-47-thread-1] INFO  server.RaftServerConfigKeys (ConfUtils.java:logGet(43)) - raft.server.retrycache.expirytime = 600000ms (custom)
2019-09-17 15:51:22,067 [pool-47-thread-1] INFO  impl.RaftServerImpl (RaftServerImpl.java:start(185)) - 81953067-0759-430a-a659-0dcff6f5faa6@group-27A56D165680: start as a follower, conf=-1: [81953067-0759-430a-a659-0dcff6f5faa6:192.168.34.42:39073], old=null
2019-09-17 15:51:22,067 [pool-47-thread-1] INFO  impl.RaftServerImpl (RaftServerImpl.java:setRole(174)) - 81953067-0759-430a-a659-0dcff6f5faa6@group-27A56D165680: changes role from      null to FOLLOWER at term 0 for startAsFollower
2019-09-17 15:51:22,068 [pool-47-thread-1] INFO  impl.RoleInfo (RoleInfo.java:updateAndGet(143)) - 81953067-0759-430a-a659-0dcff6f5faa6: start FollowerState
2019-09-17 15:51:22,069 [pool-47-thread-1] INFO  util.JmxRegister (JmxRegister.java:tryRegister(44)) - Successfully registered JMX Bean with object name Ratis:service=RaftServer,group=group-27A56D165680,id=81953067-0759-430a-a659-0dcff6f5faa6
2019-09-17 15:51:22,083 [RatisPipelineUtilsThread] INFO  pipeline.PipelineStateManager (PipelineStateManager.java:addPipeline(56)) - Created pipeline Pipeline[ Id: ff73a729-7ce6-477b-8502-27a56d165680, Nodes: 81953067-0759-430a-a659-0dcff6f5faa6{ip: 192.168.34.42, host: pr-hdds-2141-r2v5r-2877998664, networkLocation: /default-rack, certSerialId: null}, Type:RATIS, Factor:ONE, State:OPEN]
2019-09-17 15:51:22,106 [grpc-default-executor-0] INFO  impl.RaftServerProxy (RaftServerProxy.java:addNew(89)) - 67973089-3f97-4487-8ce0-46b1e1578af1: addNew group-DDDD2DA2E2CD:[67973089-3f97-4487-8ce0-46b1e1578af1:192.168.34.42:39149] returns group-DDDD2DA2E2CD:java.util.concurrent.CompletableFuture@5aaa5fa0[Not completed]
2019-09-17 15:51:22,126 [pool-37-thread-1] INFO  impl.RaftServerImpl (RaftServerImpl.java:<init>(95)) - 67973089-3f97-4487-8ce0-46b1e1578af1: new RaftServerImpl for group-DDDD2DA2E2CD:[67973089-3f97-4487-8ce0-46b1e1578af1:192.168.34.42:39149] with ContainerStateMachine:uninitialized
2019-09-17 15:51:22,129 [pool-37-thread-1] INFO  server.RaftServerConfigKeys (ConfUtils.java:logGet(43)) - raft.server.rpc.timeout.min = 5s (custom)
2019-09-17 15:51:22,130 [pool-37-thread-1] INFO  server.RaftServerConfigKeys (ConfUtils.java:logGet(43)) - raft.server.rpc.timeout.max = 5200ms (custom)
2019-09-17 15:51:22,130 [pool-37-thread-1] INFO  server.RaftServerConfigKeys (ConfUtils.java:logGet(43)) - raft.server.rpcslowness.timeout = 1000s (custom)
2019-09-17 15:51:22,130 [pool-37-thread-1] INFO  server.RaftServerConfigKeys (ConfUtils.java:logGet(43)) - raft.server.sleep.deviation.threshold = 300 (default)
2019-09-17 15:51:22,130 [pool-37-thread-1] INFO  server.RaftServerConfigKeys (ConfUtils.java:logGet(43)) - raft.server.log.appender.install.snapshot.enabled = false (custom)
2019-09-17 15:51:22,130 [pool-37-thread-1] INFO  impl.RaftServerImpl (ServerState.java:<init>(103)) - 67973089-3f97-4487-8ce0-46b1e1578af1@group-DDDD2DA2E2CD: ConfigurationManager, init=-1: [67973089-3f97-4487-8ce0-46b1e1578af1:192.168.34.42:39149], old=null, confs=<EMPTY_MAP>
2019-09-17 15:51:22,131 [pool-37-thread-1] INFO  server.RaftServerConfigKeys (ConfUtils.java:logGet(43)) - raft.server.storage.dir = [/workdir/hadoop-ozone/integration-test/target/test-dir/MiniOzoneClusterImpl-64ce5b8c-b79f-4315-a4fc-7811b8d18340/datanode-1/data/ratis] (custom)
2019-09-17 15:51:22,131 [pool-37-thread-1] INFO  storage.RaftStorageDirectory (RaftStorageDirectory.java:analyzeStorage(246)) - The storage directory /workdir/hadoop-ozone/integration-test/target/test-dir/MiniOzoneClusterImpl-64ce5b8c-b79f-4315-a4fc-7811b8d18340/datanode-1/data/ratis/5c2e0506-0c36-4499-8ace-dddd2da2e2cd does not exist. Creating ...
2019-09-17 15:51:22,144 [pool-37-thread-1] INFO  storage.RaftStorageDirectory (RaftStorageDirectory.java:tryLock(328)) - Lock on /workdir/hadoop-ozone/integration-test/target/test-dir/MiniOzoneClusterImpl-64ce5b8c-b79f-4315-a4fc-7811b8d18340/datanode-1/data/ratis/5c2e0506-0c36-4499-8ace-dddd2da2e2cd/in_use.lock acquired by nodename 27369@pr-hdds-2141-r2v5r-2877998664
2019-09-17 15:51:22,158 [pool-37-thread-1] INFO  storage.RaftStorage (RaftStorage.java:format(72)) - Storage directory /workdir/hadoop-ozone/integration-test/target/test-dir/MiniOzoneClusterImpl-64ce5b8c-b79f-4315-a4fc-7811b8d18340/datanode-1/data/ratis/5c2e0506-0c36-4499-8ace-dddd2da2e2cd has been successfully formatted.
2019-09-17 15:51:22,158 [pool-37-thread-1] INFO  ratis.ContainerStateMachine (ContainerStateMachine.java:loadSnapshot(230)) - group-DDDD2DA2E2CD: The snapshot info is null. Setting the last applied indexto:(t:0, i:~)
2019-09-17 15:51:22,159 [pool-37-thread-1] INFO  server.RaftServerConfigKeys (ConfUtils.java:logGet(43)) - raft.server.notification.no-leader.timeout = 1000s (custom)
2019-09-17 15:51:22,159 [pool-37-thread-1] INFO  server.RaftServerConfigKeys (ConfUtils.java:logGet(43)) - raft.server.log.use.memory = false (default)
2019-09-17 15:51:22,159 [pool-37-thread-1] INFO  server.RaftServerConfigKeys (ConfUtils.java:logGet(43)) - raft.server.log.purge.gap = 1000000 (custom)
2019-09-17 15:51:22,159 [pool-37-thread-1] INFO  server.RaftServerConfigKeys (ConfUtils.java:logGet(43)) - raft.server.log.appender.buffer.byte-limit = 33554432 (custom)
2019-09-17 15:51:22,159 [pool-37-thread-1] INFO  server.RaftServerConfigKeys (ConfUtils.java:logGet(43)) - raft.server.log.segment.size.max = 1048576 (custom)
2019-09-17 15:51:22,159 [pool-37-thread-1] INFO  server.RaftServerConfigKeys (ConfUtils.java:logGet(43)) - raft.server.log.segment.cache.num.max = 2 (custom)
2019-09-17 15:51:22,159 [pool-37-thread-1] INFO  segmented.SegmentedRaftLogWorker (SegmentedRaftLogWorker.java:<init>(172)) - new 67973089-3f97-4487-8ce0-46b1e1578af1@group-DDDD2DA2E2CD-SegmentedRaftLogWorker for RaftStorage:Storage Directory /workdir/hadoop-ozone/integration-test/target/test-dir/MiniOzoneClusterImpl-64ce5b8c-b79f-4315-a4fc-7811b8d18340/datanode-1/data/ratis/5c2e0506-0c36-4499-8ace-dddd2da2e2cd
2019-09-17 15:51:22,180 [pool-37-thread-1] INFO  server.RaftServerConfigKeys (ConfUtils.java:logGet(43)) - raft.server.log.queue.byte-limit = 2147483647 (custom)
2019-09-17 15:51:22,180 [pool-37-thread-1] INFO  server.RaftServerConfigKeys (ConfUtils.java:logGet(43)) - raft.server.log.queue.element-limit = 1024 (custom)
2019-09-17 15:51:22,181 [pool-37-thread-1] INFO  server.RaftServerConfigKeys (ConfUtils.java:logGet(43)) - raft.server.log.segment.size.max = 1048576 (custom)
2019-09-17 15:51:22,181 [pool-37-thread-1] INFO  server.RaftServerConfigKeys (ConfUtils.java:logGet(43)) - raft.server.log.preallocated.size = 16384 (custom)
2019-09-17 15:51:22,181 [pool-37-thread-1] INFO  server.RaftServerConfigKeys (ConfUtils.java:logGet(43)) - raft.server.log.write.buffer.size = 33554432 (custom)
2019-09-17 15:51:22,181 [pool-37-thread-1] INFO  server.RaftServerConfigKeys (ConfUtils.java:logGet(43)) - raft.server.log.force.sync.num = 128 (default)
2019-09-17 15:51:22,181 [pool-37-thread-1] INFO  server.RaftServerConfigKeys (ConfUtils.java:logGet(43)) - raft.server.log.statemachine.data.sync = true (default)
2019-09-17 15:51:22,182 [pool-37-thread-1] INFO  server.RaftServerConfigKeys (ConfUtils.java:logGet(43)) - raft.server.log.statemachine.data.sync.timeout = 10s (default)
2019-09-17 15:51:22,182 [pool-37-thread-1] INFO  server.RaftServerConfigKeys (ConfUtils.java:logGet(43)) - raft.server.log.statemachine.data.sync.timeout.retry = -1 (default)
2019-09-17 15:51:22,182 [pool-37-thread-1] INFO  server.RaftServerConfigKeys (ConfUtils.java:logGet(43)) - raft.server.log.statemachine.data.caching.enabled = true (custom)
2019-09-17 15:51:22,183 [pool-37-thread-1] INFO  segmented.SegmentedRaftLogWorker (SegmentedRaftLogWorker.java:lambda$new$0(132)) - 67973089-3f97-4487-8ce0-46b1e1578af1@group-DDDD2DA2E2CD-SegmentedRaftLogWorker: flushIndex: setUnconditionally 0 -> -1
2019-09-17 15:51:22,183 [pool-37-thread-1] INFO  server.RaftServerConfigKeys (ConfUtils.java:logGet(43)) - raft.server.snapshot.auto.trigger.enabled = true (custom)
2019-09-17 15:51:22,183 [pool-37-thread-1] INFO  server.RaftServerConfigKeys (ConfUtils.java:logGet(43)) - raft.server.snapshot.auto.trigger.threshold = 10000 (custom)
2019-09-17 15:51:22,183 [pool-37-thread-1] INFO  server.RaftServerConfigKeys (ConfUtils.java:logGet(43)) - raft.server.snapshot.retention.num.files = 5 (custom)
2019-09-17 15:51:22,184 [pool-37-thread-1] INFO  server.RaftServerConfigKeys (ConfUtils.java:logGet(43)) - raft.server.retrycache.expirytime = 600000ms (custom)
2019-09-17 15:51:22,189 [pool-37-thread-1] INFO  impl.RaftServerImpl (RaftServerImpl.java:start(185)) - 67973089-3f97-4487-8ce0-46b1e1578af1@group-DDDD2DA2E2CD: start as a follower, conf=-1: [67973089-3f97-4487-8ce0-46b1e1578af1:192.168.34.42:39149], old=null
2019-09-17 15:51:22,190 [pool-37-thread-1] INFO  impl.RaftServerImpl (RaftServerImpl.java:setRole(174)) - 67973089-3f97-4487-8ce0-46b1e1578af1@group-DDDD2DA2E2CD: changes role from      null to FOLLOWER at term 0 for startAsFollower
2019-09-17 15:51:22,190 [pool-37-thread-1] INFO  impl.RoleInfo (RoleInfo.java:updateAndGet(143)) - 67973089-3f97-4487-8ce0-46b1e1578af1: start FollowerState
2019-09-17 15:51:22,190 [pool-37-thread-1] INFO  util.JmxRegister (JmxRegister.java:tryRegister(44)) - Successfully registered JMX Bean with object name Ratis:service=RaftServer,group=group-DDDD2DA2E2CD,id=67973089-3f97-4487-8ce0-46b1e1578af1
2019-09-17 15:51:22,199 [RatisPipelineUtilsThread] INFO  pipeline.PipelineStateManager (PipelineStateManager.java:addPipeline(56)) - Created pipeline Pipeline[ Id: 5c2e0506-0c36-4499-8ace-dddd2da2e2cd, Nodes: 67973089-3f97-4487-8ce0-46b1e1578af1{ip: 192.168.34.42, host: pr-hdds-2141-r2v5r-2877998664, networkLocation: /default-rack, certSerialId: null}, Type:RATIS, Factor:ONE, State:OPEN]
2019-09-17 15:51:22,215 [grpc-default-executor-0] INFO  impl.RaftServerProxy (RaftServerProxy.java:addNew(89)) - b3ddae89-e778-4329-b7d9-007a2bcac366: addNew group-D65E692D3B8A:[b3ddae89-e778-4329-b7d9-007a2bcac366:192.168.34.42:45563] returns group-D65E692D3B8A:java.util.concurrent.CompletableFuture@419a9062[Not completed]
2019-09-17 15:51:22,218 [pool-57-thread-1] INFO  impl.RaftServerImpl (RaftServerImpl.java:<init>(95)) - b3ddae89-e778-4329-b7d9-007a2bcac366: new RaftServerImpl for group-D65E692D3B8A:[b3ddae89-e778-4329-b7d9-007a2bcac366:192.168.34.42:45563] with ContainerStateMachine:uninitialized
2019-09-17 15:51:22,218 [pool-57-thread-1] INFO  server.RaftServerConfigKeys (ConfUtils.java:logGet(43)) - raft.server.rpc.timeout.min = 5s (custom)
2019-09-17 15:51:22,218 [pool-57-thread-1] INFO  server.RaftServerConfigKeys (ConfUtils.java:logGet(43)) - raft.server.rpc.timeout.max = 5200ms (custom)
2019-09-17 15:51:22,218 [pool-57-thread-1] INFO  server.RaftServerConfigKeys (ConfUtils.java:logGet(43)) - raft.server.rpcslowness.timeout = 1000s (custom)
2019-09-17 15:51:22,218 [pool-57-thread-1] INFO  server.RaftServerConfigKeys (ConfUtils.java:logGet(43)) - raft.server.sleep.deviation.threshold = 300 (default)
2019-09-17 15:51:22,219 [pool-57-thread-1] INFO  server.RaftServerConfigKeys (ConfUtils.java:logGet(43)) - raft.server.log.appender.install.snapshot.enabled = false (custom)
2019-09-17 15:51:22,219 [pool-57-thread-1] INFO  impl.RaftServerImpl (ServerState.java:<init>(103)) - b3ddae89-e778-4329-b7d9-007a2bcac366@group-D65E692D3B8A: ConfigurationManager, init=-1: [b3ddae89-e778-4329-b7d9-007a2bcac366:192.168.34.42:45563], old=null, confs=<EMPTY_MAP>
2019-09-17 15:51:22,219 [pool-57-thread-1] INFO  server.RaftServerConfigKeys (ConfUtils.java:logGet(43)) - raft.server.storage.dir = [/workdir/hadoop-ozone/integration-test/target/test-dir/MiniOzoneClusterImpl-64ce5b8c-b79f-4315-a4fc-7811b8d18340/datanode-3/data/ratis] (custom)
2019-09-17 15:51:22,219 [pool-57-thread-1] INFO  storage.RaftStorageDirectory (RaftStorageDirectory.java:analyzeStorage(246)) - The storage directory /workdir/hadoop-ozone/integration-test/target/test-dir/MiniOzoneClusterImpl-64ce5b8c-b79f-4315-a4fc-7811b8d18340/datanode-3/data/ratis/7e175577-154c-4203-ab9a-d65e692d3b8a does not exist. Creating ...
2019-09-17 15:51:22,232 [pool-57-thread-1] INFO  storage.RaftStorageDirectory (RaftStorageDirectory.java:tryLock(328)) - Lock on /workdir/hadoop-ozone/integration-test/target/test-dir/MiniOzoneClusterImpl-64ce5b8c-b79f-4315-a4fc-7811b8d18340/datanode-3/data/ratis/7e175577-154c-4203-ab9a-d65e692d3b8a/in_use.lock acquired by nodename 27369@pr-hdds-2141-r2v5r-2877998664
2019-09-17 15:51:22,245 [pool-57-thread-1] INFO  storage.RaftStorage (RaftStorage.java:format(72)) - Storage directory /workdir/hadoop-ozone/integration-test/target/test-dir/MiniOzoneClusterImpl-64ce5b8c-b79f-4315-a4fc-7811b8d18340/datanode-3/data/ratis/7e175577-154c-4203-ab9a-d65e692d3b8a has been successfully formatted.
2019-09-17 15:51:22,246 [pool-57-thread-1] INFO  ratis.ContainerStateMachine (ContainerStateMachine.java:loadSnapshot(230)) - group-D65E692D3B8A: The snapshot info is null. Setting the last applied indexto:(t:0, i:~)
2019-09-17 15:51:22,246 [pool-57-thread-1] INFO  server.RaftServerConfigKeys (ConfUtils.java:logGet(43)) - raft.server.notification.no-leader.timeout = 1000s (custom)
2019-09-17 15:51:22,246 [pool-57-thread-1] INFO  server.RaftServerConfigKeys (ConfUtils.java:logGet(43)) - raft.server.log.use.memory = false (default)
2019-09-17 15:51:22,246 [pool-57-thread-1] INFO  server.RaftServerConfigKeys (ConfUtils.java:logGet(43)) - raft.server.log.purge.gap = 1000000 (custom)
2019-09-17 15:51:22,246 [pool-57-thread-1] INFO  server.RaftServerConfigKeys (ConfUtils.java:logGet(43)) - raft.server.log.appender.buffer.byte-limit = 33554432 (custom)
2019-09-17 15:51:22,247 [pool-57-thread-1] INFO  server.RaftServerConfigKeys (ConfUtils.java:logGet(43)) - raft.server.log.segment.size.max = 1048576 (custom)
2019-09-17 15:51:22,247 [pool-57-thread-1] INFO  server.RaftServerConfigKeys (ConfUtils.java:logGet(43)) - raft.server.log.segment.cache.num.max = 2 (custom)
2019-09-17 15:51:22,247 [pool-57-thread-1] INFO  segmented.SegmentedRaftLogWorker (SegmentedRaftLogWorker.java:<init>(172)) - new b3ddae89-e778-4329-b7d9-007a2bcac366@group-D65E692D3B8A-SegmentedRaftLogWorker for RaftStorage:Storage Directory /workdir/hadoop-ozone/integration-test/target/test-dir/MiniOzoneClusterImpl-64ce5b8c-b79f-4315-a4fc-7811b8d18340/datanode-3/data/ratis/7e175577-154c-4203-ab9a-d65e692d3b8a
2019-09-17 15:51:22,252 [pool-57-thread-1] INFO  server.RaftServerConfigKeys (ConfUtils.java:logGet(43)) - raft.server.log.queue.byte-limit = 2147483647 (custom)
2019-09-17 15:51:22,252 [pool-57-thread-1] INFO  server.RaftServerConfigKeys (ConfUtils.java:logGet(43)) - raft.server.log.queue.element-limit = 1024 (custom)
2019-09-17 15:51:22,252 [pool-57-thread-1] INFO  server.RaftServerConfigKeys (ConfUtils.java:logGet(43)) - raft.server.log.segment.size.max = 1048576 (custom)
2019-09-17 15:51:22,252 [pool-57-thread-1] INFO  server.RaftServerConfigKeys (ConfUtils.java:logGet(43)) - raft.server.log.preallocated.size = 16384 (custom)
2019-09-17 15:51:22,253 [pool-57-thread-1] INFO  server.RaftServerConfigKeys (ConfUtils.java:logGet(43)) - raft.server.log.write.buffer.size = 33554432 (custom)
2019-09-17 15:51:22,253 [pool-57-thread-1] INFO  server.RaftServerConfigKeys (ConfUtils.java:logGet(43)) - raft.server.log.force.sync.num = 128 (default)
2019-09-17 15:51:22,253 [pool-57-thread-1] INFO  server.RaftServerConfigKeys (ConfUtils.java:logGet(43)) - raft.server.log.statemachine.data.sync = true (default)
2019-09-17 15:51:22,253 [pool-57-thread-1] INFO  server.RaftServerConfigKeys (ConfUtils.java:logGet(43)) - raft.server.log.statemachine.data.sync.timeout = 10s (default)
2019-09-17 15:51:22,253 [pool-57-thread-1] INFO  server.RaftServerConfigKeys (ConfUtils.java:logGet(43)) - raft.server.log.statemachine.data.sync.timeout.retry = -1 (default)
2019-09-17 15:51:22,254 [pool-57-thread-1] INFO  server.RaftServerConfigKeys (ConfUtils.java:logGet(43)) - raft.server.log.statemachine.data.caching.enabled = true (custom)
2019-09-17 15:51:22,254 [pool-57-thread-1] INFO  segmented.SegmentedRaftLogWorker (SegmentedRaftLogWorker.java:lambda$new$0(132)) - b3ddae89-e778-4329-b7d9-007a2bcac366@group-D65E692D3B8A-SegmentedRaftLogWorker: flushIndex: setUnconditionally 0 -> -1
2019-09-17 15:51:22,254 [pool-57-thread-1] INFO  server.RaftServerConfigKeys (ConfUtils.java:logGet(43)) - raft.server.snapshot.auto.trigger.enabled = true (custom)
2019-09-17 15:51:22,255 [pool-57-thread-1] INFO  server.RaftServerConfigKeys (ConfUtils.java:logGet(43)) - raft.server.snapshot.auto.trigger.threshold = 10000 (custom)
2019-09-17 15:51:22,255 [pool-57-thread-1] INFO  server.RaftServerConfigKeys (ConfUtils.java:logGet(43)) - raft.server.snapshot.retention.num.files = 5 (custom)
2019-09-17 15:51:22,255 [pool-57-thread-1] INFO  server.RaftServerConfigKeys (ConfUtils.java:logGet(43)) - raft.server.retrycache.expirytime = 600000ms (custom)
2019-09-17 15:51:22,260 [pool-57-thread-1] INFO  impl.RaftServerImpl (RaftServerImpl.java:start(185)) - b3ddae89-e778-4329-b7d9-007a2bcac366@group-D65E692D3B8A: start as a follower, conf=-1: [b3ddae89-e778-4329-b7d9-007a2bcac366:192.168.34.42:45563], old=null
2019-09-17 15:51:22,260 [pool-57-thread-1] INFO  impl.RaftServerImpl (RaftServerImpl.java:setRole(174)) - b3ddae89-e778-4329-b7d9-007a2bcac366@group-D65E692D3B8A: changes role from      null to FOLLOWER at term 0 for startAsFollower
2019-09-17 15:51:22,261 [pool-57-thread-1] INFO  impl.RoleInfo (RoleInfo.java:updateAndGet(143)) - b3ddae89-e778-4329-b7d9-007a2bcac366: start FollowerState
2019-09-17 15:51:22,261 [pool-57-thread-1] INFO  util.JmxRegister (JmxRegister.java:tryRegister(44)) - Successfully registered JMX Bean with object name Ratis:service=RaftServer,group=group-D65E692D3B8A,id=b3ddae89-e778-4329-b7d9-007a2bcac366
2019-09-17 15:51:22,272 [RatisPipelineUtilsThread] INFO  pipeline.PipelineStateManager (PipelineStateManager.java:addPipeline(56)) - Created pipeline Pipeline[ Id: 7e175577-154c-4203-ab9a-d65e692d3b8a, Nodes: b3ddae89-e778-4329-b7d9-007a2bcac366{ip: 192.168.34.42, host: pr-hdds-2141-r2v5r-2877998664, networkLocation: /default-rack, certSerialId: null}, Type:RATIS, Factor:ONE, State:OPEN]
2019-09-17 15:51:22,310 [grpc-default-executor-1] INFO  impl.RaftServerProxy (RaftServerProxy.java:addNew(89)) - 67973089-3f97-4487-8ce0-46b1e1578af1: addNew group-3E201C5BD04F:[9794424a-f962-4c57-a99d-4ffccfa0a093:192.168.34.42:41304, 81953067-0759-430a-a659-0dcff6f5faa6:192.168.34.42:39073, 67973089-3f97-4487-8ce0-46b1e1578af1:192.168.34.42:39149] returns group-3E201C5BD04F:java.util.concurrent.CompletableFuture@60af9222[Not completed]
2019-09-17 15:51:22,317 [grpc-default-executor-2] INFO  impl.RaftServerProxy (RaftServerProxy.java:addNew(89)) - 9794424a-f962-4c57-a99d-4ffccfa0a093: addNew group-3E201C5BD04F:[9794424a-f962-4c57-a99d-4ffccfa0a093:192.168.34.42:41304, 81953067-0759-430a-a659-0dcff6f5faa6:192.168.34.42:39073, 67973089-3f97-4487-8ce0-46b1e1578af1:192.168.34.42:39149] returns group-3E201C5BD04F:java.util.concurrent.CompletableFuture@7ce3e374[Not completed]
2019-09-17 15:51:22,317 [grpc-default-executor-1] INFO  impl.RaftServerProxy (RaftServerProxy.java:addNew(89)) - 81953067-0759-430a-a659-0dcff6f5faa6: addNew group-3E201C5BD04F:[9794424a-f962-4c57-a99d-4ffccfa0a093:192.168.34.42:41304, 81953067-0759-430a-a659-0dcff6f5faa6:192.168.34.42:39073, 67973089-3f97-4487-8ce0-46b1e1578af1:192.168.34.42:39149] returns group-3E201C5BD04F:java.util.concurrent.CompletableFuture@25ad0053[Not completed]
2019-09-17 15:51:22,318 [pool-37-thread-1] INFO  impl.RaftServerImpl (RaftServerImpl.java:<init>(95)) - 67973089-3f97-4487-8ce0-46b1e1578af1: new RaftServerImpl for group-3E201C5BD04F:[9794424a-f962-4c57-a99d-4ffccfa0a093:192.168.34.42:41304, 81953067-0759-430a-a659-0dcff6f5faa6:192.168.34.42:39073, 67973089-3f97-4487-8ce0-46b1e1578af1:192.168.34.42:39149] with ContainerStateMachine:uninitialized
2019-09-17 15:51:22,318 [pool-37-thread-1] INFO  server.RaftServerConfigKeys (ConfUtils.java:logGet(43)) - raft.server.rpc.timeout.min = 5s (custom)
2019-09-17 15:51:22,318 [pool-37-thread-1] INFO  server.RaftServerConfigKeys (ConfUtils.java:logGet(43)) - raft.server.rpc.timeout.max = 5200ms (custom)
2019-09-17 15:51:22,319 [pool-37-thread-1] INFO  server.RaftServerConfigKeys (ConfUtils.java:logGet(43)) - raft.server.rpcslowness.timeout = 1000s (custom)
2019-09-17 15:51:22,319 [pool-37-thread-1] INFO  server.RaftServerConfigKeys (ConfUtils.java:logGet(43)) - raft.server.sleep.deviation.threshold = 300 (default)
2019-09-17 15:51:22,319 [pool-37-thread-1] INFO  server.RaftServerConfigKeys (ConfUtils.java:logGet(43)) - raft.server.log.appender.install.snapshot.enabled = false (custom)
2019-09-17 15:51:22,319 [pool-37-thread-1] INFO  impl.RaftServerImpl (ServerState.java:<init>(103)) - 67973089-3f97-4487-8ce0-46b1e1578af1@group-3E201C5BD04F: ConfigurationManager, init=-1: [9794424a-f962-4c57-a99d-4ffccfa0a093:192.168.34.42:41304, 81953067-0759-430a-a659-0dcff6f5faa6:192.168.34.42:39073, 67973089-3f97-4487-8ce0-46b1e1578af1:192.168.34.42:39149], old=null, confs=<EMPTY_MAP>
2019-09-17 15:51:22,319 [pool-27-thread-1] INFO  impl.RaftServerImpl (RaftServerImpl.java:<init>(95)) - 9794424a-f962-4c57-a99d-4ffccfa0a093: new RaftServerImpl for group-3E201C5BD04F:[9794424a-f962-4c57-a99d-4ffccfa0a093:192.168.34.42:41304, 81953067-0759-430a-a659-0dcff6f5faa6:192.168.34.42:39073, 67973089-3f97-4487-8ce0-46b1e1578af1:192.168.34.42:39149] with ContainerStateMachine:uninitialized
2019-09-17 15:51:22,319 [pool-37-thread-1] INFO  server.RaftServerConfigKeys (ConfUtils.java:logGet(43)) - raft.server.storage.dir = [/workdir/hadoop-ozone/integration-test/target/test-dir/MiniOzoneClusterImpl-64ce5b8c-b79f-4315-a4fc-7811b8d18340/datanode-1/data/ratis] (custom)
2019-09-17 15:51:22,320 [pool-27-thread-1] INFO  server.RaftServerConfigKeys (ConfUtils.java:logGet(43)) - raft.server.rpc.timeout.min = 5s (custom)
2019-09-17 15:51:22,321 [pool-27-thread-1] INFO  server.RaftServerConfigKeys (ConfUtils.java:logGet(43)) - raft.server.rpc.timeout.max = 5200ms (custom)
2019-09-17 15:51:22,322 [pool-27-thread-1] INFO  server.RaftServerConfigKeys (ConfUtils.java:logGet(43)) - raft.server.rpcslowness.timeout = 1000s (custom)
2019-09-17 15:51:22,322 [pool-37-thread-1] INFO  storage.RaftStorageDirectory (RaftStorageDirectory.java:analyzeStorage(246)) - The storage directory /workdir/hadoop-ozone/integration-test/target/test-dir/MiniOzoneClusterImpl-64ce5b8c-b79f-4315-a4fc-7811b8d18340/datanode-1/data/ratis/7209f3eb-4bc0-4a51-9c25-3e201c5bd04f does not exist. Creating ...
2019-09-17 15:51:22,323 [pool-27-thread-1] INFO  server.RaftServerConfigKeys (ConfUtils.java:logGet(43)) - raft.server.sleep.deviation.threshold = 300 (default)
2019-09-17 15:51:22,323 [pool-27-thread-1] INFO  server.RaftServerConfigKeys (ConfUtils.java:logGet(43)) - raft.server.log.appender.install.snapshot.enabled = false (custom)
2019-09-17 15:51:22,323 [pool-27-thread-1] INFO  impl.RaftServerImpl (ServerState.java:<init>(103)) - 9794424a-f962-4c57-a99d-4ffccfa0a093@group-3E201C5BD04F: ConfigurationManager, init=-1: [9794424a-f962-4c57-a99d-4ffccfa0a093:192.168.34.42:41304, 81953067-0759-430a-a659-0dcff6f5faa6:192.168.34.42:39073, 67973089-3f97-4487-8ce0-46b1e1578af1:192.168.34.42:39149], old=null, confs=<EMPTY_MAP>
2019-09-17 15:51:22,323 [pool-47-thread-1] INFO  impl.RaftServerImpl (RaftServerImpl.java:<init>(95)) - 81953067-0759-430a-a659-0dcff6f5faa6: new RaftServerImpl for group-3E201C5BD04F:[9794424a-f962-4c57-a99d-4ffccfa0a093:192.168.34.42:41304, 81953067-0759-430a-a659-0dcff6f5faa6:192.168.34.42:39073, 67973089-3f97-4487-8ce0-46b1e1578af1:192.168.34.42:39149] with ContainerStateMachine:uninitialized
2019-09-17 15:51:22,323 [pool-27-thread-1] INFO  server.RaftServerConfigKeys (ConfUtils.java:logGet(43)) - raft.server.storage.dir = [/workdir/hadoop-ozone/integration-test/target/test-dir/MiniOzoneClusterImpl-64ce5b8c-b79f-4315-a4fc-7811b8d18340/datanode-0/data/ratis] (custom)
2019-09-17 15:51:22,323 [pool-47-thread-1] INFO  server.RaftServerConfigKeys (ConfUtils.java:logGet(43)) - raft.server.rpc.timeout.min = 5s (custom)
2019-09-17 15:51:22,324 [pool-47-thread-1] INFO  server.RaftServerConfigKeys (ConfUtils.java:logGet(43)) - raft.server.rpc.timeout.max = 5200ms (custom)
2019-09-17 15:51:22,324 [pool-27-thread-1] INFO  storage.RaftStorageDirectory (RaftStorageDirectory.java:analyzeStorage(246)) - The storage directory /workdir/hadoop-ozone/integration-test/target/test-dir/MiniOzoneClusterImpl-64ce5b8c-b79f-4315-a4fc-7811b8d18340/datanode-0/data/ratis/7209f3eb-4bc0-4a51-9c25-3e201c5bd04f does not exist. Creating ...
2019-09-17 15:51:22,324 [pool-47-thread-1] INFO  server.RaftServerConfigKeys (ConfUtils.java:logGet(43)) - raft.server.rpcslowness.timeout = 1000s (custom)
2019-09-17 15:51:22,324 [pool-47-thread-1] INFO  server.RaftServerConfigKeys (ConfUtils.java:logGet(43)) - raft.server.sleep.deviation.threshold = 300 (default)
2019-09-17 15:51:22,324 [pool-47-thread-1] INFO  server.RaftServerConfigKeys (ConfUtils.java:logGet(43)) - raft.server.log.appender.install.snapshot.enabled = false (custom)
2019-09-17 15:51:22,325 [pool-47-thread-1] INFO  impl.RaftServerImpl (ServerState.java:<init>(103)) - 81953067-0759-430a-a659-0dcff6f5faa6@group-3E201C5BD04F: ConfigurationManager, init=-1: [9794424a-f962-4c57-a99d-4ffccfa0a093:192.168.34.42:41304, 81953067-0759-430a-a659-0dcff6f5faa6:192.168.34.42:39073, 67973089-3f97-4487-8ce0-46b1e1578af1:192.168.34.42:39149], old=null, confs=<EMPTY_MAP>
2019-09-17 15:51:22,325 [pool-47-thread-1] INFO  server.RaftServerConfigKeys (ConfUtils.java:logGet(43)) - raft.server.storage.dir = [/workdir/hadoop-ozone/integration-test/target/test-dir/MiniOzoneClusterImpl-64ce5b8c-b79f-4315-a4fc-7811b8d18340/datanode-2/data/ratis] (custom)
2019-09-17 15:51:22,325 [pool-47-thread-1] INFO  storage.RaftStorageDirectory (RaftStorageDirectory.java:analyzeStorage(246)) - The storage directory /workdir/hadoop-ozone/integration-test/target/test-dir/MiniOzoneClusterImpl-64ce5b8c-b79f-4315-a4fc-7811b8d18340/datanode-2/data/ratis/7209f3eb-4bc0-4a51-9c25-3e201c5bd04f does not exist. Creating ...
2019-09-17 15:51:22,331 [pool-47-thread-1] INFO  storage.RaftStorageDirectory (RaftStorageDirectory.java:tryLock(328)) - Lock on /workdir/hadoop-ozone/integration-test/target/test-dir/MiniOzoneClusterImpl-64ce5b8c-b79f-4315-a4fc-7811b8d18340/datanode-2/data/ratis/7209f3eb-4bc0-4a51-9c25-3e201c5bd04f/in_use.lock acquired by nodename 27369@pr-hdds-2141-r2v5r-2877998664
2019-09-17 15:51:22,331 [pool-27-thread-1] INFO  storage.RaftStorageDirectory (RaftStorageDirectory.java:tryLock(328)) - Lock on /workdir/hadoop-ozone/integration-test/target/test-dir/MiniOzoneClusterImpl-64ce5b8c-b79f-4315-a4fc-7811b8d18340/datanode-0/data/ratis/7209f3eb-4bc0-4a51-9c25-3e201c5bd04f/in_use.lock acquired by nodename 27369@pr-hdds-2141-r2v5r-2877998664
2019-09-17 15:51:22,331 [pool-37-thread-1] INFO  storage.RaftStorageDirectory (RaftStorageDirectory.java:tryLock(328)) - Lock on /workdir/hadoop-ozone/integration-test/target/test-dir/MiniOzoneClusterImpl-64ce5b8c-b79f-4315-a4fc-7811b8d18340/datanode-1/data/ratis/7209f3eb-4bc0-4a51-9c25-3e201c5bd04f/in_use.lock acquired by nodename 27369@pr-hdds-2141-r2v5r-2877998664
2019-09-17 15:51:22,345 [pool-47-thread-1] INFO  storage.RaftStorage (RaftStorage.java:format(72)) - Storage directory /workdir/hadoop-ozone/integration-test/target/test-dir/MiniOzoneClusterImpl-64ce5b8c-b79f-4315-a4fc-7811b8d18340/datanode-2/data/ratis/7209f3eb-4bc0-4a51-9c25-3e201c5bd04f has been successfully formatted.
2019-09-17 15:51:22,345 [pool-27-thread-1] INFO  storage.RaftStorage (RaftStorage.java:format(72)) - Storage directory /workdir/hadoop-ozone/integration-test/target/test-dir/MiniOzoneClusterImpl-64ce5b8c-b79f-4315-a4fc-7811b8d18340/datanode-0/data/ratis/7209f3eb-4bc0-4a51-9c25-3e201c5bd04f has been successfully formatted.
2019-09-17 15:51:22,345 [pool-37-thread-1] INFO  storage.RaftStorage (RaftStorage.java:format(72)) - Storage directory /workdir/hadoop-ozone/integration-test/target/test-dir/MiniOzoneClusterImpl-64ce5b8c-b79f-4315-a4fc-7811b8d18340/datanode-1/data/ratis/7209f3eb-4bc0-4a51-9c25-3e201c5bd04f has been successfully formatted.
2019-09-17 15:51:22,345 [pool-47-thread-1] INFO  ratis.ContainerStateMachine (ContainerStateMachine.java:loadSnapshot(230)) - group-3E201C5BD04F: The snapshot info is null. Setting the last applied indexto:(t:0, i:~)
2019-09-17 15:51:22,345 [pool-27-thread-1] INFO  ratis.ContainerStateMachine (ContainerStateMachine.java:loadSnapshot(230)) - group-3E201C5BD04F: The snapshot info is null. Setting the last applied indexto:(t:0, i:~)
2019-09-17 15:51:22,345 [pool-37-thread-1] INFO  ratis.ContainerStateMachine (ContainerStateMachine.java:loadSnapshot(230)) - group-3E201C5BD04F: The snapshot info is null. Setting the last applied indexto:(t:0, i:~)
2019-09-17 15:51:22,345 [pool-47-thread-1] INFO  server.RaftServerConfigKeys (ConfUtils.java:logGet(43)) - raft.server.notification.no-leader.timeout = 1000s (custom)
2019-09-17 15:51:22,346 [pool-37-thread-1] INFO  server.RaftServerConfigKeys (ConfUtils.java:logGet(43)) - raft.server.notification.no-leader.timeout = 1000s (custom)
2019-09-17 15:51:22,346 [pool-27-thread-1] INFO  server.RaftServerConfigKeys (ConfUtils.java:logGet(43)) - raft.server.notification.no-leader.timeout = 1000s (custom)
2019-09-17 15:51:22,346 [pool-37-thread-1] INFO  server.RaftServerConfigKeys (ConfUtils.java:logGet(43)) - raft.server.log.use.memory = false (default)
2019-09-17 15:51:22,346 [pool-47-thread-1] INFO  server.RaftServerConfigKeys (ConfUtils.java:logGet(43)) - raft.server.log.use.memory = false (default)
2019-09-17 15:51:22,346 [pool-37-thread-1] INFO  server.RaftServerConfigKeys (ConfUtils.java:logGet(43)) - raft.server.log.purge.gap = 1000000 (custom)
2019-09-17 15:51:22,346 [pool-27-thread-1] INFO  server.RaftServerConfigKeys (ConfUtils.java:logGet(43)) - raft.server.log.use.memory = false (default)
2019-09-17 15:51:22,347 [pool-37-thread-1] INFO  server.RaftServerConfigKeys (ConfUtils.java:logGet(43)) - raft.server.log.appender.buffer.byte-limit = 33554432 (custom)
2019-09-17 15:51:22,346 [pool-47-thread-1] INFO  server.RaftServerConfigKeys (ConfUtils.java:logGet(43)) - raft.server.log.purge.gap = 1000000 (custom)
2019-09-17 15:51:22,347 [pool-37-thread-1] INFO  server.RaftServerConfigKeys (ConfUtils.java:logGet(43)) - raft.server.log.segment.size.max = 1048576 (custom)
2019-09-17 15:51:22,347 [pool-27-thread-1] INFO  server.RaftServerConfigKeys (ConfUtils.java:logGet(43)) - raft.server.log.purge.gap = 1000000 (custom)
2019-09-17 15:51:22,347 [pool-37-thread-1] INFO  server.RaftServerConfigKeys (ConfUtils.java:logGet(43)) - raft.server.log.segment.cache.num.max = 2 (custom)
2019-09-17 15:51:22,347 [pool-47-thread-1] INFO  server.RaftServerConfigKeys (ConfUtils.java:logGet(43)) - raft.server.log.appender.buffer.byte-limit = 33554432 (custom)
2019-09-17 15:51:22,347 [pool-37-thread-1] INFO  segmented.SegmentedRaftLogWorker (SegmentedRaftLogWorker.java:<init>(172)) - new 67973089-3f97-4487-8ce0-46b1e1578af1@group-3E201C5BD04F-SegmentedRaftLogWorker for RaftStorage:Storage Directory /workdir/hadoop-ozone/integration-test/target/test-dir/MiniOzoneClusterImpl-64ce5b8c-b79f-4315-a4fc-7811b8d18340/datanode-1/data/ratis/7209f3eb-4bc0-4a51-9c25-3e201c5bd04f
2019-09-17 15:51:22,347 [pool-27-thread-1] INFO  server.RaftServerConfigKeys (ConfUtils.java:logGet(43)) - raft.server.log.appender.buffer.byte-limit = 33554432 (custom)
2019-09-17 15:51:22,348 [pool-37-thread-1] INFO  server.RaftServerConfigKeys (ConfUtils.java:logGet(43)) - raft.server.log.queue.byte-limit = 2147483647 (custom)
2019-09-17 15:51:22,348 [pool-47-thread-1] INFO  server.RaftServerConfigKeys (ConfUtils.java:logGet(43)) - raft.server.log.segment.size.max = 1048576 (custom)
2019-09-17 15:51:22,348 [pool-37-thread-1] INFO  server.RaftServerConfigKeys (ConfUtils.java:logGet(43)) - raft.server.log.queue.element-limit = 1024 (custom)
2019-09-17 15:51:22,348 [pool-27-thread-1] INFO  server.RaftServerConfigKeys (ConfUtils.java:logGet(43)) - raft.server.log.segment.size.max = 1048576 (custom)
2019-09-17 15:51:22,348 [pool-37-thread-1] INFO  server.RaftServerConfigKeys (ConfUtils.java:logGet(43)) - raft.server.log.segment.size.max = 1048576 (custom)
2019-09-17 15:51:22,348 [pool-47-thread-1] INFO  server.RaftServerConfigKeys (ConfUtils.java:logGet(43)) - raft.server.log.segment.cache.num.max = 2 (custom)
2019-09-17 15:51:22,349 [pool-37-thread-1] INFO  server.RaftServerConfigKeys (ConfUtils.java:logGet(43)) - raft.server.log.preallocated.size = 16384 (custom)
2019-09-17 15:51:22,349 [pool-27-thread-1] INFO  server.RaftServerConfigKeys (ConfUtils.java:logGet(43)) - raft.server.log.segment.cache.num.max = 2 (custom)
2019-09-17 15:51:22,349 [pool-37-thread-1] INFO  server.RaftServerConfigKeys (ConfUtils.java:logGet(43)) - raft.server.log.write.buffer.size = 33554432 (custom)
2019-09-17 15:51:22,349 [pool-47-thread-1] INFO  segmented.SegmentedRaftLogWorker (SegmentedRaftLogWorker.java:<init>(172)) - new 81953067-0759-430a-a659-0dcff6f5faa6@group-3E201C5BD04F-SegmentedRaftLogWorker for RaftStorage:Storage Directory /workdir/hadoop-ozone/integration-test/target/test-dir/MiniOzoneClusterImpl-64ce5b8c-b79f-4315-a4fc-7811b8d18340/datanode-2/data/ratis/7209f3eb-4bc0-4a51-9c25-3e201c5bd04f
2019-09-17 15:51:22,349 [pool-37-thread-1] INFO  server.RaftServerConfigKeys (ConfUtils.java:logGet(43)) - raft.server.log.force.sync.num = 128 (default)
2019-09-17 15:51:22,349 [pool-27-thread-1] INFO  segmented.SegmentedRaftLogWorker (SegmentedRaftLogWorker.java:<init>(172)) - new 9794424a-f962-4c57-a99d-4ffccfa0a093@group-3E201C5BD04F-SegmentedRaftLogWorker for RaftStorage:Storage Directory /workdir/hadoop-ozone/integration-test/target/test-dir/MiniOzoneClusterImpl-64ce5b8c-b79f-4315-a4fc-7811b8d18340/datanode-0/data/ratis/7209f3eb-4bc0-4a51-9c25-3e201c5bd04f
2019-09-17 15:51:22,350 [pool-37-thread-1] INFO  server.RaftServerConfigKeys (ConfUtils.java:logGet(43)) - raft.server.log.statemachine.data.sync = true (default)
2019-09-17 15:51:22,349 [pool-47-thread-1] INFO  server.RaftServerConfigKeys (ConfUtils.java:logGet(43)) - raft.server.log.queue.byte-limit = 2147483647 (custom)
2019-09-17 15:51:22,350 [pool-37-thread-1] INFO  server.RaftServerConfigKeys (ConfUtils.java:logGet(43)) - raft.server.log.statemachine.data.sync.timeout = 10s (default)
2019-09-17 15:51:22,350 [pool-27-thread-1] INFO  server.RaftServerConfigKeys (ConfUtils.java:logGet(43)) - raft.server.log.queue.byte-limit = 2147483647 (custom)
2019-09-17 15:51:22,350 [pool-37-thread-1] INFO  server.RaftServerConfigKeys (ConfUtils.java:logGet(43)) - raft.server.log.statemachine.data.sync.timeout.retry = -1 (default)
2019-09-17 15:51:22,350 [pool-47-thread-1] INFO  server.RaftServerConfigKeys (ConfUtils.java:logGet(43)) - raft.server.log.queue.element-limit = 1024 (custom)
2019-09-17 15:51:22,350 [pool-27-thread-1] INFO  server.RaftServerConfigKeys (ConfUtils.java:logGet(43)) - raft.server.log.queue.element-limit = 1024 (custom)
2019-09-17 15:51:22,351 [pool-47-thread-1] INFO  server.RaftServerConfigKeys (ConfUtils.java:logGet(43)) - raft.server.log.segment.size.max = 1048576 (custom)
2019-09-17 15:51:22,351 [pool-37-thread-1] INFO  server.RaftServerConfigKeys (ConfUtils.java:logGet(43)) - raft.server.log.statemachine.data.caching.enabled = true (custom)
2019-09-17 15:51:22,351 [pool-47-thread-1] INFO  server.RaftServerConfigKeys (ConfUtils.java:logGet(43)) - raft.server.log.preallocated.size = 16384 (custom)
2019-09-17 15:51:22,351 [pool-27-thread-1] INFO  server.RaftServerConfigKeys (ConfUtils.java:logGet(43)) - raft.server.log.segment.size.max = 1048576 (custom)
2019-09-17 15:51:22,351 [pool-37-thread-1] INFO  segmented.SegmentedRaftLogWorker (SegmentedRaftLogWorker.java:lambda$new$0(132)) - 67973089-3f97-4487-8ce0-46b1e1578af1@group-3E201C5BD04F-SegmentedRaftLogWorker: flushIndex: setUnconditionally 0 -> -1
2019-09-17 15:51:22,351 [pool-47-thread-1] INFO  server.RaftServerConfigKeys (ConfUtils.java:logGet(43)) - raft.server.log.write.buffer.size = 33554432 (custom)
2019-09-17 15:51:22,352 [pool-27-thread-1] INFO  server.RaftServerConfigKeys (ConfUtils.java:logGet(43)) - raft.server.log.preallocated.size = 16384 (custom)
2019-09-17 15:51:22,352 [pool-37-thread-1] INFO  server.RaftServerConfigKeys (ConfUtils.java:logGet(43)) - raft.server.snapshot.auto.trigger.enabled = true (custom)
2019-09-17 15:51:22,352 [pool-47-thread-1] INFO  server.RaftServerConfigKeys (ConfUtils.java:logGet(43)) - raft.server.log.force.sync.num = 128 (default)
2019-09-17 15:51:22,352 [pool-37-thread-1] INFO  server.RaftServerConfigKeys (ConfUtils.java:logGet(43)) - raft.server.snapshot.auto.trigger.threshold = 10000 (custom)
2019-09-17 15:51:22,352 [pool-27-thread-1] INFO  server.RaftServerConfigKeys (ConfUtils.java:logGet(43)) - raft.server.log.write.buffer.size = 33554432 (custom)
2019-09-17 15:51:22,352 [pool-37-thread-1] INFO  server.RaftServerConfigKeys (ConfUtils.java:logGet(43)) - raft.server.snapshot.retention.num.files = 5 (custom)
2019-09-17 15:51:22,352 [pool-47-thread-1] INFO  server.RaftServerConfigKeys (ConfUtils.java:logGet(43)) - raft.server.log.statemachine.data.sync = true (default)
2019-09-17 15:51:22,353 [pool-27-thread-1] INFO  server.RaftServerConfigKeys (ConfUtils.java:logGet(43)) - raft.server.log.force.sync.num = 128 (default)
2019-09-17 15:51:22,353 [pool-47-thread-1] INFO  server.RaftServerConfigKeys (ConfUtils.java:logGet(43)) - raft.server.log.statemachine.data.sync.timeout = 10s (default)
2019-09-17 15:51:22,353 [pool-37-thread-1] INFO  server.RaftServerConfigKeys (ConfUtils.java:logGet(43)) - raft.server.retrycache.expirytime = 600000ms (custom)
2019-09-17 15:51:22,353 [pool-47-thread-1] INFO  server.RaftServerConfigKeys (ConfUtils.java:logGet(43)) - raft.server.log.statemachine.data.sync.timeout.retry = -1 (default)
2019-09-17 15:51:22,353 [pool-27-thread-1] INFO  server.RaftServerConfigKeys (ConfUtils.java:logGet(43)) - raft.server.log.statemachine.data.sync = true (default)
2019-09-17 15:51:22,353 [pool-47-thread-1] INFO  server.RaftServerConfigKeys (ConfUtils.java:logGet(43)) - raft.server.log.statemachine.data.caching.enabled = true (custom)
2019-09-17 15:51:22,354 [pool-27-thread-1] INFO  server.RaftServerConfigKeys (ConfUtils.java:logGet(43)) - raft.server.log.statemachine.data.sync.timeout = 10s (default)
2019-09-17 15:51:22,354 [pool-47-thread-1] INFO  segmented.SegmentedRaftLogWorker (SegmentedRaftLogWorker.java:lambda$new$0(132)) - 81953067-0759-430a-a659-0dcff6f5faa6@group-3E201C5BD04F-SegmentedRaftLogWorker: flushIndex: setUnconditionally 0 -> -1
2019-09-17 15:51:22,354 [pool-27-thread-1] INFO  server.RaftServerConfigKeys (ConfUtils.java:logGet(43)) - raft.server.log.statemachine.data.sync.timeout.retry = -1 (default)
2019-09-17 15:51:22,354 [pool-47-thread-1] INFO  server.RaftServerConfigKeys (ConfUtils.java:logGet(43)) - raft.server.snapshot.auto.trigger.enabled = true (custom)
2019-09-17 15:51:22,354 [pool-47-thread-1] INFO  server.RaftServerConfigKeys (ConfUtils.java:logGet(43)) - raft.server.snapshot.auto.trigger.threshold = 10000 (custom)
2019-09-17 15:51:22,354 [pool-27-thread-1] INFO  server.RaftServerConfigKeys (ConfUtils.java:logGet(43)) - raft.server.log.statemachine.data.caching.enabled = true (custom)
2019-09-17 15:51:22,354 [pool-47-thread-1] INFO  server.RaftServerConfigKeys (ConfUtils.java:logGet(43)) - raft.server.snapshot.retention.num.files = 5 (custom)
2019-09-17 15:51:22,355 [pool-47-thread-1] INFO  server.RaftServerConfigKeys (ConfUtils.java:logGet(43)) - raft.server.retrycache.expirytime = 600000ms (custom)
2019-09-17 15:51:22,355 [pool-27-thread-1] INFO  segmented.SegmentedRaftLogWorker (SegmentedRaftLogWorker.java:lambda$new$0(132)) - 9794424a-f962-4c57-a99d-4ffccfa0a093@group-3E201C5BD04F-SegmentedRaftLogWorker: flushIndex: setUnconditionally 0 -> -1
2019-09-17 15:51:22,355 [pool-27-thread-1] INFO  server.RaftServerConfigKeys (ConfUtils.java:logGet(43)) - raft.server.snapshot.auto.trigger.enabled = true (custom)
2019-09-17 15:51:22,355 [pool-27-thread-1] INFO  server.RaftServerConfigKeys (ConfUtils.java:logGet(43)) - raft.server.snapshot.auto.trigger.threshold = 10000 (custom)
2019-09-17 15:51:22,356 [pool-27-thread-1] INFO  server.RaftServerConfigKeys (ConfUtils.java:logGet(43)) - raft.server.snapshot.retention.num.files = 5 (custom)
2019-09-17 15:51:22,356 [pool-27-thread-1] INFO  server.RaftServerConfigKeys (ConfUtils.java:logGet(43)) - raft.server.retrycache.expirytime = 600000ms (custom)
2019-09-17 15:51:22,358 [pool-37-thread-1] INFO  impl.RaftServerImpl (RaftServerImpl.java:start(185)) - 67973089-3f97-4487-8ce0-46b1e1578af1@group-3E201C5BD04F: start as a follower, conf=-1: [9794424a-f962-4c57-a99d-4ffccfa0a093:192.168.34.42:41304, 81953067-0759-430a-a659-0dcff6f5faa6:192.168.34.42:39073, 67973089-3f97-4487-8ce0-46b1e1578af1:192.168.34.42:39149], old=null
2019-09-17 15:51:22,359 [pool-37-thread-1] INFO  impl.RaftServerImpl (RaftServerImpl.java:setRole(174)) - 67973089-3f97-4487-8ce0-46b1e1578af1@group-3E201C5BD04F: changes role from      null to FOLLOWER at term 0 for startAsFollower
2019-09-17 15:51:22,359 [pool-37-thread-1] INFO  impl.RoleInfo (RoleInfo.java:updateAndGet(143)) - 67973089-3f97-4487-8ce0-46b1e1578af1: start FollowerState
2019-09-17 15:51:22,359 [pool-37-thread-1] INFO  util.JmxRegister (JmxRegister.java:tryRegister(44)) - Successfully registered JMX Bean with object name Ratis:service=RaftServer,group=group-3E201C5BD04F,id=67973089-3f97-4487-8ce0-46b1e1578af1
2019-09-17 15:51:22,360 [pool-47-thread-1] INFO  impl.RaftServerImpl (RaftServerImpl.java:start(185)) - 81953067-0759-430a-a659-0dcff6f5faa6@group-3E201C5BD04F: start as a follower, conf=-1: [9794424a-f962-4c57-a99d-4ffccfa0a093:192.168.34.42:41304, 81953067-0759-430a-a659-0dcff6f5faa6:192.168.34.42:39073, 67973089-3f97-4487-8ce0-46b1e1578af1:192.168.34.42:39149], old=null
2019-09-17 15:51:22,360 [pool-47-thread-1] INFO  impl.RaftServerImpl (RaftServerImpl.java:setRole(174)) - 81953067-0759-430a-a659-0dcff6f5faa6@group-3E201C5BD04F: changes role from      null to FOLLOWER at term 0 for startAsFollower
2019-09-17 15:51:22,360 [pool-47-thread-1] INFO  impl.RoleInfo (RoleInfo.java:updateAndGet(143)) - 81953067-0759-430a-a659-0dcff6f5faa6: start FollowerState
2019-09-17 15:51:22,360 [pool-47-thread-1] INFO  util.JmxRegister (JmxRegister.java:tryRegister(44)) - Successfully registered JMX Bean with object name Ratis:service=RaftServer,group=group-3E201C5BD04F,id=81953067-0759-430a-a659-0dcff6f5faa6
2019-09-17 15:51:22,367 [pool-27-thread-1] INFO  impl.RaftServerImpl (RaftServerImpl.java:start(185)) - 9794424a-f962-4c57-a99d-4ffccfa0a093@group-3E201C5BD04F: start as a follower, conf=-1: [9794424a-f962-4c57-a99d-4ffccfa0a093:192.168.34.42:41304, 81953067-0759-430a-a659-0dcff6f5faa6:192.168.34.42:39073, 67973089-3f97-4487-8ce0-46b1e1578af1:192.168.34.42:39149], old=null
2019-09-17 15:51:22,367 [pool-27-thread-1] INFO  impl.RaftServerImpl (RaftServerImpl.java:setRole(174)) - 9794424a-f962-4c57-a99d-4ffccfa0a093@group-3E201C5BD04F: changes role from      null to FOLLOWER at term 0 for startAsFollower
2019-09-17 15:51:22,367 [pool-27-thread-1] INFO  impl.RoleInfo (RoleInfo.java:updateAndGet(143)) - 9794424a-f962-4c57-a99d-4ffccfa0a093: start FollowerState
2019-09-17 15:51:22,373 [pool-27-thread-1] INFO  util.JmxRegister (JmxRegister.java:tryRegister(44)) - Successfully registered JMX Bean with object name Ratis:service=RaftServer,group=group-3E201C5BD04F,id=9794424a-f962-4c57-a99d-4ffccfa0a093
2019-09-17 15:51:22,391 [RatisPipelineUtilsThread] INFO  pipeline.PipelineStateManager (PipelineStateManager.java:addPipeline(56)) - Created pipeline Pipeline[ Id: 7209f3eb-4bc0-4a51-9c25-3e201c5bd04f, Nodes: 81953067-0759-430a-a659-0dcff6f5faa6{ip: 192.168.34.42, host: pr-hdds-2141-r2v5r-2877998664, networkLocation: /default-rack, certSerialId: null}9794424a-f962-4c57-a99d-4ffccfa0a093{ip: 192.168.34.42, host: pr-hdds-2141-r2v5r-2877998664, networkLocation: /default-rack, certSerialId: null}67973089-3f97-4487-8ce0-46b1e1578af1{ip: 192.168.34.42, host: pr-hdds-2141-r2v5r-2877998664, networkLocation: /default-rack, certSerialId: null}, Type:RATIS, Factor:THREE, State:OPEN]
2019-09-17 15:51:22,871 [main] INFO  impl.MetricsSystemImpl (MetricsSystemImpl.java:init(158)) - XceiverClientMetrics metrics system started (again)
2019-09-17 15:51:22,985 [grpc-default-executor-1] INFO  client.GrpcClientProtocolClient (GrpcClientProtocolClient.java:onNext(264)) - client-04B0874DE02A->81953067-0759-430a-a659-0dcff6f5faa6: receive RaftClientReply:client-04B0874DE02A->81953067-0759-430a-a659-0dcff6f5faa6@group-3E201C5BD04F, cid=7, FAILED org.apache.ratis.protocol.NotLeaderException: Server 81953067-0759-430a-a659-0dcff6f5faa6@group-3E201C5BD04F is not the leader, logIndex=0, commits[81953067-0759-430a-a659-0dcff6f5faa6:c-1]
2019-09-17 15:51:23,208 [EventQueue-StaleNodeForStaleNodeHandler] INFO  node.StaleNodeHandler (StaleNodeHandler.java:onMessage(58)) - Datanode 81953067-0759-430a-a659-0dcff6f5faa6{ip: 192.168.34.42, host: pr-hdds-2141-r2v5r-2877998664, networkLocation: /default-rack, certSerialId: null} moved to stale state. Finalizing its pipelines [PipelineID=7209f3eb-4bc0-4a51-9c25-3e201c5bd04f, PipelineID=ff73a729-7ce6-477b-8502-27a56d165680]
2019-09-17 15:51:23,209 [EventQueue-StaleNodeForStaleNodeHandler] INFO  pipeline.SCMPipelineManager (SCMPipelineManager.java:finalizeAndDestroyPipeline(311)) - destroying pipeline:Pipeline[ Id: 7209f3eb-4bc0-4a51-9c25-3e201c5bd04f, Nodes: 81953067-0759-430a-a659-0dcff6f5faa6{ip: 192.168.34.42, host: pr-hdds-2141-r2v5r-2877998664, networkLocation: /default-rack, certSerialId: null}9794424a-f962-4c57-a99d-4ffccfa0a093{ip: 192.168.34.42, host: pr-hdds-2141-r2v5r-2877998664, networkLocation: /default-rack, certSerialId: null}67973089-3f97-4487-8ce0-46b1e1578af1{ip: 192.168.34.42, host: pr-hdds-2141-r2v5r-2877998664, networkLocation: /default-rack, certSerialId: null}, Type:RATIS, Factor:THREE, State:OPEN]
2019-09-17 15:51:23,210 [EventQueue-StaleNodeForStaleNodeHandler] INFO  pipeline.PipelineStateManager (PipelineStateManager.java:finalizePipeline(123)) - Pipeline Pipeline[ Id: 7209f3eb-4bc0-4a51-9c25-3e201c5bd04f, Nodes: 81953067-0759-430a-a659-0dcff6f5faa6{ip: 192.168.34.42, host: pr-hdds-2141-r2v5r-2877998664, networkLocation: /default-rack, certSerialId: null}9794424a-f962-4c57-a99d-4ffccfa0a093{ip: 192.168.34.42, host: pr-hdds-2141-r2v5r-2877998664, networkLocation: /default-rack, certSerialId: null}67973089-3f97-4487-8ce0-46b1e1578af1{ip: 192.168.34.42, host: pr-hdds-2141-r2v5r-2877998664, networkLocation: /default-rack, certSerialId: null}, Type:RATIS, Factor:THREE, State:CLOSED] moved to CLOSED state
2019-09-17 15:51:23,211 [EventQueue-CloseContainerForCloseContainerEventHandler] INFO  container.CloseContainerEventHandler (CloseContainerEventHandler.java:onMessage(61)) - Close container Event triggered for container : #1
2019-09-17 15:51:23,214 [EventQueue-StaleNodeForStaleNodeHandler] INFO  pipeline.SCMPipelineManager (SCMPipelineManager.java:finalizeAndDestroyPipeline(311)) - destroying pipeline:Pipeline[ Id: ff73a729-7ce6-477b-8502-27a56d165680, Nodes: 81953067-0759-430a-a659-0dcff6f5faa6{ip: 192.168.34.42, host: pr-hdds-2141-r2v5r-2877998664, networkLocation: /default-rack, certSerialId: null}, Type:RATIS, Factor:ONE, State:OPEN]
2019-09-17 15:51:23,216 [EventQueue-StaleNodeForStaleNodeHandler] INFO  pipeline.PipelineStateManager (PipelineStateManager.java:finalizePipeline(123)) - Pipeline Pipeline[ Id: ff73a729-7ce6-477b-8502-27a56d165680, Nodes: 81953067-0759-430a-a659-0dcff6f5faa6{ip: 192.168.34.42, host: pr-hdds-2141-r2v5r-2877998664, networkLocation: /default-rack, certSerialId: null}, Type:RATIS, Factor:ONE, State:CLOSED] moved to CLOSED state
2019-09-17 15:51:23,295 [ReplicationMonitor] INFO  container.ReplicationManager (ReplicationManager.java:run(225)) - Replication Monitor Thread took 1 milliseconds for processing 1 containers.
2019-09-17 15:51:23,320 [grpc-default-executor-2] INFO  impl.RaftServerProxy (RaftServerProxy.java:addNew(89)) - 81953067-0759-430a-a659-0dcff6f5faa6: addNew group-17B5DBFE68EA:[81953067-0759-430a-a659-0dcff6f5faa6:192.168.34.42:39073] returns group-17B5DBFE68EA:java.util.concurrent.CompletableFuture@59ce9dc3[Not completed]
2019-09-17 15:51:23,324 [pool-47-thread-1] INFO  impl.RaftServerImpl (RaftServerImpl.java:<init>(95)) - 81953067-0759-430a-a659-0dcff6f5faa6: new RaftServerImpl for group-17B5DBFE68EA:[81953067-0759-430a-a659-0dcff6f5faa6:192.168.34.42:39073] with ContainerStateMachine:uninitialized
2019-09-17 15:51:23,324 [pool-47-thread-1] INFO  server.RaftServerConfigKeys (ConfUtils.java:logGet(43)) - raft.server.rpc.timeout.min = 5s (custom)
2019-09-17 15:51:23,324 [pool-47-thread-1] INFO  server.RaftServerConfigKeys (ConfUtils.java:logGet(43)) - raft.server.rpc.timeout.max = 5200ms (custom)
2019-09-17 15:51:23,324 [pool-47-thread-1] INFO  server.RaftServerConfigKeys (ConfUtils.java:logGet(43)) - raft.server.rpcslowness.timeout = 1000s (custom)
2019-09-17 15:51:23,324 [pool-47-thread-1] INFO  server.RaftServerConfigKeys (ConfUtils.java:logGet(43)) - raft.server.sleep.deviation.threshold = 300 (default)
2019-09-17 15:51:23,324 [pool-47-thread-1] INFO  server.RaftServerConfigKeys (ConfUtils.java:logGet(43)) - raft.server.log.appender.install.snapshot.enabled = false (custom)
2019-09-17 15:51:23,325 [pool-47-thread-1] INFO  impl.RaftServerImpl (ServerState.java:<init>(103)) - 81953067-0759-430a-a659-0dcff6f5faa6@group-17B5DBFE68EA: ConfigurationManager, init=-1: [81953067-0759-430a-a659-0dcff6f5faa6:192.168.34.42:39073], old=null, confs=<EMPTY_MAP>
2019-09-17 15:51:23,325 [pool-47-thread-1] INFO  server.RaftServerConfigKeys (ConfUtils.java:logGet(43)) - raft.server.storage.dir = [/workdir/hadoop-ozone/integration-test/target/test-dir/MiniOzoneClusterImpl-64ce5b8c-b79f-4315-a4fc-7811b8d18340/datanode-2/data/ratis] (custom)
2019-09-17 15:51:23,325 [pool-47-thread-1] INFO  storage.RaftStorageDirectory (RaftStorageDirectory.java:analyzeStorage(246)) - The storage directory /workdir/hadoop-ozone/integration-test/target/test-dir/MiniOzoneClusterImpl-64ce5b8c-b79f-4315-a4fc-7811b8d18340/datanode-2/data/ratis/835bf010-ceda-4616-a7cb-17b5dbfe68ea does not exist. Creating ...
2019-09-17 15:51:23,338 [pool-47-thread-1] INFO  storage.RaftStorageDirectory (RaftStorageDirectory.java:tryLock(328)) - Lock on /workdir/hadoop-ozone/integration-test/target/test-dir/MiniOzoneClusterImpl-64ce5b8c-b79f-4315-a4fc-7811b8d18340/datanode-2/data/ratis/835bf010-ceda-4616-a7cb-17b5dbfe68ea/in_use.lock acquired by nodename 27369@pr-hdds-2141-r2v5r-2877998664
2019-09-17 15:51:23,352 [pool-47-thread-1] INFO  storage.RaftStorage (RaftStorage.java:format(72)) - Storage directory /workdir/hadoop-ozone/integration-test/target/test-dir/MiniOzoneClusterImpl-64ce5b8c-b79f-4315-a4fc-7811b8d18340/datanode-2/data/ratis/835bf010-ceda-4616-a7cb-17b5dbfe68ea has been successfully formatted.
2019-09-17 15:51:23,353 [pool-47-thread-1] INFO  ratis.ContainerStateMachine (ContainerStateMachine.java:loadSnapshot(230)) - group-17B5DBFE68EA: The snapshot info is null. Setting the last applied indexto:(t:0, i:~)
2019-09-17 15:51:23,353 [pool-47-thread-1] INFO  server.RaftServerConfigKeys (ConfUtils.java:logGet(43)) - raft.server.notification.no-leader.timeout = 1000s (custom)
2019-09-17 15:51:23,353 [pool-47-thread-1] INFO  server.RaftServerConfigKeys (ConfUtils.java:logGet(43)) - raft.server.log.use.memory = false (default)
2019-09-17 15:51:23,354 [pool-47-thread-1] INFO  server.RaftServerConfigKeys (ConfUtils.java:logGet(43)) - raft.server.log.purge.gap = 1000000 (custom)
2019-09-17 15:51:23,354 [pool-47-thread-1] INFO  server.RaftServerConfigKeys (ConfUtils.java:logGet(43)) - raft.server.log.appender.buffer.byte-limit = 33554432 (custom)
2019-09-17 15:51:23,354 [pool-47-thread-1] INFO  server.RaftServerConfigKeys (ConfUtils.java:logGet(43)) - raft.server.log.segment.size.max = 1048576 (custom)
2019-09-17 15:51:23,354 [pool-47-thread-1] INFO  server.RaftServerConfigKeys (ConfUtils.java:logGet(43)) - raft.server.log.segment.cache.num.max = 2 (custom)
2019-09-17 15:51:23,354 [pool-47-thread-1] INFO  segmented.SegmentedRaftLogWorker (SegmentedRaftLogWorker.java:<init>(172)) - new 81953067-0759-430a-a659-0dcff6f5faa6@group-17B5DBFE68EA-SegmentedRaftLogWorker for RaftStorage:Storage Directory /workdir/hadoop-ozone/integration-test/target/test-dir/MiniOzoneClusterImpl-64ce5b8c-b79f-4315-a4fc-7811b8d18340/datanode-2/data/ratis/835bf010-ceda-4616-a7cb-17b5dbfe68ea
2019-09-17 15:51:23,354 [pool-47-thread-1] INFO  server.RaftServerConfigKeys (ConfUtils.java:logGet(43)) - raft.server.log.queue.byte-limit = 2147483647 (custom)
2019-09-17 15:51:23,355 [pool-47-thread-1] INFO  server.RaftServerConfigKeys (ConfUtils.java:logGet(43)) - raft.server.log.queue.element-limit = 1024 (custom)
2019-09-17 15:51:23,355 [pool-47-thread-1] INFO  server.RaftServerConfigKeys (ConfUtils.java:logGet(43)) - raft.server.log.segment.size.max = 1048576 (custom)
2019-09-17 15:51:23,355 [pool-47-thread-1] INFO  server.RaftServerConfigKeys (ConfUtils.java:logGet(43)) - raft.server.log.preallocated.size = 16384 (custom)
2019-09-17 15:51:23,355 [pool-47-thread-1] INFO  server.RaftServerConfigKeys (ConfUtils.java:logGet(43)) - raft.server.log.write.buffer.size = 33554432 (custom)
2019-09-17 15:51:23,355 [pool-47-thread-1] INFO  server.RaftServerConfigKeys (ConfUtils.java:logGet(43)) - raft.server.log.force.sync.num = 128 (default)
2019-09-17 15:51:23,355 [pool-47-thread-1] INFO  server.RaftServerConfigKeys (ConfUtils.java:logGet(43)) - raft.server.log.statemachine.data.sync = true (default)
2019-09-17 15:51:23,356 [pool-47-thread-1] INFO  server.RaftServerConfigKeys (ConfUtils.java:logGet(43)) - raft.server.log.statemachine.data.sync.timeout = 10s (default)
2019-09-17 15:51:23,356 [pool-47-thread-1] INFO  server.RaftServerConfigKeys (ConfUtils.java:logGet(43)) - raft.server.log.statemachine.data.sync.timeout.retry = -1 (default)
2019-09-17 15:51:23,356 [pool-47-thread-1] INFO  server.RaftServerConfigKeys (ConfUtils.java:logGet(43)) - raft.server.log.statemachine.data.caching.enabled = true (custom)
2019-09-17 15:51:23,356 [pool-47-thread-1] INFO  segmented.SegmentedRaftLogWorker (SegmentedRaftLogWorker.java:lambda$new$0(132)) - 81953067-0759-430a-a659-0dcff6f5faa6@group-17B5DBFE68EA-SegmentedRaftLogWorker: flushIndex: setUnconditionally 0 -> -1
2019-09-17 15:51:23,357 [pool-47-thread-1] INFO  server.RaftServerConfigKeys (ConfUtils.java:logGet(43)) - raft.server.snapshot.auto.trigger.enabled = true (custom)
2019-09-17 15:51:23,357 [pool-47-thread-1] INFO  server.RaftServerConfigKeys (ConfUtils.java:logGet(43)) - raft.server.snapshot.auto.trigger.threshold = 10000 (custom)
2019-09-17 15:51:23,357 [pool-47-thread-1] INFO  server.RaftServerConfigKeys (ConfUtils.java:logGet(43)) - raft.server.snapshot.retention.num.files = 5 (custom)
2019-09-17 15:51:23,357 [pool-47-thread-1] INFO  server.RaftServerConfigKeys (ConfUtils.java:logGet(43)) - raft.server.retrycache.expirytime = 600000ms (custom)
2019-09-17 15:51:23,362 [pool-47-thread-1] INFO  impl.RaftServerImpl (RaftServerImpl.java:start(185)) - 81953067-0759-430a-a659-0dcff6f5faa6@group-17B5DBFE68EA: start as a follower, conf=-1: [81953067-0759-430a-a659-0dcff6f5faa6:192.168.34.42:39073], old=null
2019-09-17 15:51:23,362 [pool-47-thread-1] INFO  impl.RaftServerImpl (RaftServerImpl.java:setRole(174)) - 81953067-0759-430a-a659-0dcff6f5faa6@group-17B5DBFE68EA: changes role from      null to FOLLOWER at term 0 for startAsFollower
2019-09-17 15:51:23,362 [pool-47-thread-1] INFO  impl.RoleInfo (RoleInfo.java:updateAndGet(143)) - 81953067-0759-430a-a659-0dcff6f5faa6: start FollowerState
2019-09-17 15:51:23,362 [pool-47-thread-1] INFO  util.JmxRegister (JmxRegister.java:tryRegister(44)) - Successfully registered JMX Bean with object name Ratis:service=RaftServer,group=group-17B5DBFE68EA,id=81953067-0759-430a-a659-0dcff6f5faa6
2019-09-17 15:51:23,370 [RatisPipelineUtilsThread] INFO  pipeline.PipelineStateManager (PipelineStateManager.java:addPipeline(56)) - Created pipeline Pipeline[ Id: 835bf010-ceda-4616-a7cb-17b5dbfe68ea, Nodes: 81953067-0759-430a-a659-0dcff6f5faa6{ip: 192.168.34.42, host: pr-hdds-2141-r2v5r-2877998664, networkLocation: /default-rack, certSerialId: null}, Type:RATIS, Factor:ONE, State:OPEN]
2019-09-17 15:51:23,399 [grpc-default-executor-1] INFO  impl.RaftServerProxy (RaftServerProxy.java:addNew(89)) - 67973089-3f97-4487-8ce0-46b1e1578af1: addNew group-C5A95EF6D4C1:[9794424a-f962-4c57-a99d-4ffccfa0a093:192.168.34.42:41304, 81953067-0759-430a-a659-0dcff6f5faa6:192.168.34.42:39073, 67973089-3f97-4487-8ce0-46b1e1578af1:192.168.34.42:39149] returns group-C5A95EF6D4C1:java.util.concurrent.CompletableFuture@40cd8ef9[Not completed]
2019-09-17 15:51:23,399 [grpc-default-executor-2] INFO  impl.RaftServerProxy (RaftServerProxy.java:addNew(89)) - 9794424a-f962-4c57-a99d-4ffccfa0a093: addNew group-C5A95EF6D4C1:[9794424a-f962-4c57-a99d-4ffccfa0a093:192.168.34.42:41304, 81953067-0759-430a-a659-0dcff6f5faa6:192.168.34.42:39073, 67973089-3f97-4487-8ce0-46b1e1578af1:192.168.34.42:39149] returns group-C5A95EF6D4C1:java.util.concurrent.CompletableFuture@501d36c3[Not completed]
2019-09-17 15:51:23,403 [grpc-default-executor-2] INFO  impl.RaftServerProxy (RaftServerProxy.java:addNew(89)) - 81953067-0759-430a-a659-0dcff6f5faa6: addNew group-C5A95EF6D4C1:[9794424a-f962-4c57-a99d-4ffccfa0a093:192.168.34.42:41304, 81953067-0759-430a-a659-0dcff6f5faa6:192.168.34.42:39073, 67973089-3f97-4487-8ce0-46b1e1578af1:192.168.34.42:39149] returns group-C5A95EF6D4C1:java.util.concurrent.CompletableFuture@700d9bfb[Not completed]
2019-09-17 15:51:23,403 [pool-37-thread-1] INFO  impl.RaftServerImpl (RaftServerImpl.java:<init>(95)) - 67973089-3f97-4487-8ce0-46b1e1578af1: new RaftServerImpl for group-C5A95EF6D4C1:[9794424a-f962-4c57-a99d-4ffccfa0a093:192.168.34.42:41304, 81953067-0759-430a-a659-0dcff6f5faa6:192.168.34.42:39073, 67973089-3f97-4487-8ce0-46b1e1578af1:192.168.34.42:39149] with ContainerStateMachine:uninitialized
2019-09-17 15:51:23,403 [pool-37-thread-1] INFO  server.RaftServerConfigKeys (ConfUtils.java:logGet(43)) - raft.server.rpc.timeout.min = 5s (custom)
2019-09-17 15:51:23,403 [pool-37-thread-1] INFO  server.RaftServerConfigKeys (ConfUtils.java:logGet(43)) - raft.server.rpc.timeout.max = 5200ms (custom)
2019-09-17 15:51:23,403 [pool-37-thread-1] INFO  server.RaftServerConfigKeys (ConfUtils.java:logGet(43)) - raft.server.rpcslowness.timeout = 1000s (custom)
2019-09-17 15:51:23,404 [pool-37-thread-1] INFO  server.RaftServerConfigKeys (ConfUtils.java:logGet(43)) - raft.server.sleep.deviation.threshold = 300 (default)
2019-09-17 15:51:23,404 [pool-37-thread-1] INFO  server.RaftServerConfigKeys (ConfUtils.java:logGet(43)) - raft.server.log.appender.install.snapshot.enabled = false (custom)
2019-09-17 15:51:23,404 [pool-27-thread-1] INFO  impl.RaftServerImpl (RaftServerImpl.java:<init>(95)) - 9794424a-f962-4c57-a99d-4ffccfa0a093: new RaftServerImpl for group-C5A95EF6D4C1:[9794424a-f962-4c57-a99d-4ffccfa0a093:192.168.34.42:41304, 81953067-0759-430a-a659-0dcff6f5faa6:192.168.34.42:39073, 67973089-3f97-4487-8ce0-46b1e1578af1:192.168.34.42:39149] with ContainerStateMachine:uninitialized
2019-09-17 15:51:23,404 [pool-37-thread-1] INFO  impl.RaftServerImpl (ServerState.java:<init>(103)) - 67973089-3f97-4487-8ce0-46b1e1578af1@group-C5A95EF6D4C1: ConfigurationManager, init=-1: [9794424a-f962-4c57-a99d-4ffccfa0a093:192.168.34.42:41304, 81953067-0759-430a-a659-0dcff6f5faa6:192.168.34.42:39073, 67973089-3f97-4487-8ce0-46b1e1578af1:192.168.34.42:39149], old=null, confs=<EMPTY_MAP>
2019-09-17 15:51:23,404 [pool-27-thread-1] INFO  server.RaftServerConfigKeys (ConfUtils.java:logGet(43)) - raft.server.rpc.timeout.min = 5s (custom)
2019-09-17 15:51:23,404 [pool-37-thread-1] INFO  server.RaftServerConfigKeys (ConfUtils.java:logGet(43)) - raft.server.storage.dir = [/workdir/hadoop-ozone/integration-test/target/test-dir/MiniOzoneClusterImpl-64ce5b8c-b79f-4315-a4fc-7811b8d18340/datanode-1/data/ratis] (custom)
2019-09-17 15:51:23,404 [pool-27-thread-1] INFO  server.RaftServerConfigKeys (ConfUtils.java:logGet(43)) - raft.server.rpc.timeout.max = 5200ms (custom)
2019-09-17 15:51:23,405 [pool-27-thread-1] INFO  server.RaftServerConfigKeys (ConfUtils.java:logGet(43)) - raft.server.rpcslowness.timeout = 1000s (custom)
2019-09-17 15:51:23,405 [pool-37-thread-1] INFO  storage.RaftStorageDirectory (RaftStorageDirectory.java:analyzeStorage(246)) - The storage directory /workdir/hadoop-ozone/integration-test/target/test-dir/MiniOzoneClusterImpl-64ce5b8c-b79f-4315-a4fc-7811b8d18340/datanode-1/data/ratis/c073a02e-1f9a-4bdd-8603-c5a95ef6d4c1 does not exist. Creating ...
2019-09-17 15:51:23,405 [pool-47-thread-1] INFO  impl.RaftServerImpl (RaftServerImpl.java:<init>(95)) - 81953067-0759-430a-a659-0dcff6f5faa6: new RaftServerImpl for group-C5A95EF6D4C1:[9794424a-f962-4c57-a99d-4ffccfa0a093:192.168.34.42:41304, 81953067-0759-430a-a659-0dcff6f5faa6:192.168.34.42:39073, 67973089-3f97-4487-8ce0-46b1e1578af1:192.168.34.42:39149] with ContainerStateMachine:uninitialized
2019-09-17 15:51:23,405 [pool-27-thread-1] INFO  server.RaftServerConfigKeys (ConfUtils.java:logGet(43)) - raft.server.sleep.deviation.threshold = 300 (default)
2019-09-17 15:51:23,405 [pool-47-thread-1] INFO  server.RaftServerConfigKeys (ConfUtils.java:logGet(43)) - raft.server.rpc.timeout.min = 5s (custom)
2019-09-17 15:51:23,405 [pool-27-thread-1] INFO  server.RaftServerConfigKeys (ConfUtils.java:logGet(43)) - raft.server.log.appender.install.snapshot.enabled = false (custom)
2019-09-17 15:51:23,406 [pool-47-thread-1] INFO  server.RaftServerConfigKeys (ConfUtils.java:logGet(43)) - raft.server.rpc.timeout.max = 5200ms (custom)
2019-09-17 15:51:23,406 [pool-27-thread-1] INFO  impl.RaftServerImpl (ServerState.java:<init>(103)) - 9794424a-f962-4c57-a99d-4ffccfa0a093@group-C5A95EF6D4C1: ConfigurationManager, init=-1: [9794424a-f962-4c57-a99d-4ffccfa0a093:192.168.34.42:41304, 81953067-0759-430a-a659-0dcff6f5faa6:192.168.34.42:39073, 67973089-3f97-4487-8ce0-46b1e1578af1:192.168.34.42:39149], old=null, confs=<EMPTY_MAP>
2019-09-17 15:51:23,406 [pool-47-thread-1] INFO  server.RaftServerConfigKeys (ConfUtils.java:logGet(43)) - raft.server.rpcslowness.timeout = 1000s (custom)
2019-09-17 15:51:23,406 [pool-27-thread-1] INFO  server.RaftServerConfigKeys (ConfUtils.java:logGet(43)) - raft.server.storage.dir = [/workdir/hadoop-ozone/integration-test/target/test-dir/MiniOzoneClusterImpl-64ce5b8c-b79f-4315-a4fc-7811b8d18340/datanode-0/data/ratis] (custom)
2019-09-17 15:51:23,406 [pool-47-thread-1] INFO  server.RaftServerConfigKeys (ConfUtils.java:logGet(43)) - raft.server.sleep.deviation.threshold = 300 (default)
2019-09-17 15:51:23,406 [pool-47-thread-1] INFO  server.RaftServerConfigKeys (ConfUtils.java:logGet(43)) - raft.server.log.appender.install.snapshot.enabled = false (custom)
2019-09-17 15:51:23,406 [pool-27-thread-1] INFO  storage.RaftStorageDirectory (RaftStorageDirectory.java:analyzeStorage(246)) - The storage directory /workdir/hadoop-ozone/integration-test/target/test-dir/MiniOzoneClusterImpl-64ce5b8c-b79f-4315-a4fc-7811b8d18340/datanode-0/data/ratis/c073a02e-1f9a-4bdd-8603-c5a95ef6d4c1 does not exist. Creating ...
2019-09-17 15:51:23,407 [pool-47-thread-1] INFO  impl.RaftServerImpl (ServerState.java:<init>(103)) - 81953067-0759-430a-a659-0dcff6f5faa6@group-C5A95EF6D4C1: ConfigurationManager, init=-1: [9794424a-f962-4c57-a99d-4ffccfa0a093:192.168.34.42:41304, 81953067-0759-430a-a659-0dcff6f5faa6:192.168.34.42:39073, 67973089-3f97-4487-8ce0-46b1e1578af1:192.168.34.42:39149], old=null, confs=<EMPTY_MAP>
2019-09-17 15:51:23,407 [pool-47-thread-1] INFO  server.RaftServerConfigKeys (ConfUtils.java:logGet(43)) - raft.server.storage.dir = [/workdir/hadoop-ozone/integration-test/target/test-dir/MiniOzoneClusterImpl-64ce5b8c-b79f-4315-a4fc-7811b8d18340/datanode-2/data/ratis] (custom)
2019-09-17 15:51:23,407 [pool-47-thread-1] INFO  storage.RaftStorageDirectory (RaftStorageDirectory.java:analyzeStorage(246)) - The storage directory /workdir/hadoop-ozone/integration-test/target/test-dir/MiniOzoneClusterImpl-64ce5b8c-b79f-4315-a4fc-7811b8d18340/datanode-2/data/ratis/c073a02e-1f9a-4bdd-8603-c5a95ef6d4c1 does not exist. Creating ...
2019-09-17 15:51:23,419 [pool-47-thread-1] INFO  storage.RaftStorageDirectory (RaftStorageDirectory.java:tryLock(328)) - Lock on /workdir/hadoop-ozone/integration-test/target/test-dir/MiniOzoneClusterImpl-64ce5b8c-b79f-4315-a4fc-7811b8d18340/datanode-2/data/ratis/c073a02e-1f9a-4bdd-8603-c5a95ef6d4c1/in_use.lock acquired by nodename 27369@pr-hdds-2141-r2v5r-2877998664
2019-09-17 15:51:23,419 [pool-37-thread-1] INFO  storage.RaftStorageDirectory (RaftStorageDirectory.java:tryLock(328)) - Lock on /workdir/hadoop-ozone/integration-test/target/test-dir/MiniOzoneClusterImpl-64ce5b8c-b79f-4315-a4fc-7811b8d18340/datanode-1/data/ratis/c073a02e-1f9a-4bdd-8603-c5a95ef6d4c1/in_use.lock acquired by nodename 27369@pr-hdds-2141-r2v5r-2877998664
2019-09-17 15:51:23,419 [pool-27-thread-1] INFO  storage.RaftStorageDirectory (RaftStorageDirectory.java:tryLock(328)) - Lock on /workdir/hadoop-ozone/integration-test/target/test-dir/MiniOzoneClusterImpl-64ce5b8c-b79f-4315-a4fc-7811b8d18340/datanode-0/data/ratis/c073a02e-1f9a-4bdd-8603-c5a95ef6d4c1/in_use.lock acquired by nodename 27369@pr-hdds-2141-r2v5r-2877998664
2019-09-17 15:51:23,432 [pool-47-thread-1] INFO  storage.RaftStorage (RaftStorage.java:format(72)) - Storage directory /workdir/hadoop-ozone/integration-test/target/test-dir/MiniOzoneClusterImpl-64ce5b8c-b79f-4315-a4fc-7811b8d18340/datanode-2/data/ratis/c073a02e-1f9a-4bdd-8603-c5a95ef6d4c1 has been successfully formatted.
2019-09-17 15:51:23,432 [pool-37-thread-1] INFO  storage.RaftStorage (RaftStorage.java:format(72)) - Storage directory /workdir/hadoop-ozone/integration-test/target/test-dir/MiniOzoneClusterImpl-64ce5b8c-b79f-4315-a4fc-7811b8d18340/datanode-1/data/ratis/c073a02e-1f9a-4bdd-8603-c5a95ef6d4c1 has been successfully formatted.
2019-09-17 15:51:23,432 [pool-27-thread-1] INFO  storage.RaftStorage (RaftStorage.java:format(72)) - Storage directory /workdir/hadoop-ozone/integration-test/target/test-dir/MiniOzoneClusterImpl-64ce5b8c-b79f-4315-a4fc-7811b8d18340/datanode-0/data/ratis/c073a02e-1f9a-4bdd-8603-c5a95ef6d4c1 has been successfully formatted.
2019-09-17 15:51:23,432 [pool-47-thread-1] INFO  ratis.ContainerStateMachine (ContainerStateMachine.java:loadSnapshot(230)) - group-C5A95EF6D4C1: The snapshot info is null. Setting the last applied indexto:(t:0, i:~)
2019-09-17 15:51:23,433 [pool-27-thread-1] INFO  ratis.ContainerStateMachine (ContainerStateMachine.java:loadSnapshot(230)) - group-C5A95EF6D4C1: The snapshot info is null. Setting the last applied indexto:(t:0, i:~)
2019-09-17 15:51:23,433 [pool-37-thread-1] INFO  ratis.ContainerStateMachine (ContainerStateMachine.java:loadSnapshot(230)) - group-C5A95EF6D4C1: The snapshot info is null. Setting the last applied indexto:(t:0, i:~)
2019-09-17 15:51:23,433 [pool-27-thread-1] INFO  server.RaftServerConfigKeys (ConfUtils.java:logGet(43)) - raft.server.notification.no-leader.timeout = 1000s (custom)
2019-09-17 15:51:23,433 [pool-47-thread-1] INFO  server.RaftServerConfigKeys (ConfUtils.java:logGet(43)) - raft.server.notification.no-leader.timeout = 1000s (custom)
2019-09-17 15:51:23,433 [pool-27-thread-1] INFO  server.RaftServerConfigKeys (ConfUtils.java:logGet(43)) - raft.server.log.use.memory = false (default)
2019-09-17 15:51:23,433 [pool-37-thread-1] INFO  server.RaftServerConfigKeys (ConfUtils.java:logGet(43)) - raft.server.notification.no-leader.timeout = 1000s (custom)
2019-09-17 15:51:23,434 [pool-27-thread-1] INFO  server.RaftServerConfigKeys (ConfUtils.java:logGet(43)) - raft.server.log.purge.gap = 1000000 (custom)
2019-09-17 15:51:23,434 [pool-47-thread-1] INFO  server.RaftServerConfigKeys (ConfUtils.java:logGet(43)) - raft.server.log.use.memory = false (default)
2019-09-17 15:51:23,434 [pool-27-thread-1] INFO  server.RaftServerConfigKeys (ConfUtils.java:logGet(43)) - raft.server.log.appender.buffer.byte-limit = 33554432 (custom)
2019-09-17 15:51:23,434 [pool-37-thread-1] INFO  server.RaftServerConfigKeys (ConfUtils.java:logGet(43)) - raft.server.log.use.memory = false (default)
2019-09-17 15:51:23,434 [pool-27-thread-1] INFO  server.RaftServerConfigKeys (ConfUtils.java:logGet(43)) - raft.server.log.segment.size.max = 1048576 (custom)
2019-09-17 15:51:23,434 [pool-47-thread-1] INFO  server.RaftServerConfigKeys (ConfUtils.java:logGet(43)) - raft.server.log.purge.gap = 1000000 (custom)
2019-09-17 15:51:23,435 [pool-27-thread-1] INFO  server.RaftServerConfigKeys (ConfUtils.java:logGet(43)) - raft.server.log.segment.cache.num.max = 2 (custom)
2019-09-17 15:51:23,435 [pool-37-thread-1] INFO  server.RaftServerConfigKeys (ConfUtils.java:logGet(43)) - raft.server.log.purge.gap = 1000000 (custom)
2019-09-17 15:51:23,435 [pool-27-thread-1] INFO  segmented.SegmentedRaftLogWorker (SegmentedRaftLogWorker.java:<init>(172)) - new 9794424a-f962-4c57-a99d-4ffccfa0a093@group-C5A95EF6D4C1-SegmentedRaftLogWorker for RaftStorage:Storage Directory /workdir/hadoop-ozone/integration-test/target/test-dir/MiniOzoneClusterImpl-64ce5b8c-b79f-4315-a4fc-7811b8d18340/datanode-0/data/ratis/c073a02e-1f9a-4bdd-8603-c5a95ef6d4c1
2019-09-17 15:51:23,435 [pool-47-thread-1] INFO  server.RaftServerConfigKeys (ConfUtils.java:logGet(43)) - raft.server.log.appender.buffer.byte-limit = 33554432 (custom)
2019-09-17 15:51:23,436 [pool-27-thread-1] INFO  server.RaftServerConfigKeys (ConfUtils.java:logGet(43)) - raft.server.log.queue.byte-limit = 2147483647 (custom)
2019-09-17 15:51:23,435 [pool-37-thread-1] INFO  server.RaftServerConfigKeys (ConfUtils.java:logGet(43)) - raft.server.log.appender.buffer.byte-limit = 33554432 (custom)
2019-09-17 15:51:23,436 [pool-27-thread-1] INFO  server.RaftServerConfigKeys (ConfUtils.java:logGet(43)) - raft.server.log.queue.element-limit = 1024 (custom)
2019-09-17 15:51:23,436 [pool-47-thread-1] INFO  server.RaftServerConfigKeys (ConfUtils.java:logGet(43)) - raft.server.log.segment.size.max = 1048576 (custom)
2019-09-17 15:51:23,436 [pool-27-thread-1] INFO  server.RaftServerConfigKeys (ConfUtils.java:logGet(43)) - raft.server.log.segment.size.max = 1048576 (custom)
2019-09-17 15:51:23,436 [pool-37-thread-1] INFO  server.RaftServerConfigKeys (ConfUtils.java:logGet(43)) - raft.server.log.segment.size.max = 1048576 (custom)
2019-09-17 15:51:23,437 [pool-27-thread-1] INFO  server.RaftServerConfigKeys (ConfUtils.java:logGet(43)) - raft.server.log.preallocated.size = 16384 (custom)
2019-09-17 15:51:23,437 [pool-47-thread-1] INFO  server.RaftServerConfigKeys (ConfUtils.java:logGet(43)) - raft.server.log.segment.cache.num.max = 2 (custom)
2019-09-17 15:51:23,437 [pool-27-thread-1] INFO  server.RaftServerConfigKeys (ConfUtils.java:logGet(43)) - raft.server.log.write.buffer.size = 33554432 (custom)
2019-09-17 15:51:23,437 [pool-37-thread-1] INFO  server.RaftServerConfigKeys (ConfUtils.java:logGet(43)) - raft.server.log.segment.cache.num.max = 2 (custom)
2019-09-17 15:51:23,437 [pool-27-thread-1] INFO  server.RaftServerConfigKeys (ConfUtils.java:logGet(43)) - raft.server.log.force.sync.num = 128 (default)
2019-09-17 15:51:23,437 [pool-47-thread-1] INFO  segmented.SegmentedRaftLogWorker (SegmentedRaftLogWorker.java:<init>(172)) - new 81953067-0759-430a-a659-0dcff6f5faa6@group-C5A95EF6D4C1-SegmentedRaftLogWorker for RaftStorage:Storage Directory /workdir/hadoop-ozone/integration-test/target/test-dir/MiniOzoneClusterImpl-64ce5b8c-b79f-4315-a4fc-7811b8d18340/datanode-2/data/ratis/c073a02e-1f9a-4bdd-8603-c5a95ef6d4c1
2019-09-17 15:51:23,438 [pool-27-thread-1] INFO  server.RaftServerConfigKeys (ConfUtils.java:logGet(43)) - raft.server.log.statemachine.data.sync = true (default)
2019-09-17 15:51:23,438 [pool-37-thread-1] INFO  segmented.SegmentedRaftLogWorker (SegmentedRaftLogWorker.java:<init>(172)) - new 67973089-3f97-4487-8ce0-46b1e1578af1@group-C5A95EF6D4C1-SegmentedRaftLogWorker for RaftStorage:Storage Directory /workdir/hadoop-ozone/integration-test/target/test-dir/MiniOzoneClusterImpl-64ce5b8c-b79f-4315-a4fc-7811b8d18340/datanode-1/data/ratis/c073a02e-1f9a-4bdd-8603-c5a95ef6d4c1
2019-09-17 15:51:23,438 [pool-27-thread-1] INFO  server.RaftServerConfigKeys (ConfUtils.java:logGet(43)) - raft.server.log.statemachine.data.sync.timeout = 10s (default)
2019-09-17 15:51:23,438 [pool-47-thread-1] INFO  server.RaftServerConfigKeys (ConfUtils.java:logGet(43)) - raft.server.log.queue.byte-limit = 2147483647 (custom)
2019-09-17 15:51:23,438 [pool-27-thread-1] INFO  server.RaftServerConfigKeys (ConfUtils.java:logGet(43)) - raft.server.log.statemachine.data.sync.timeout.retry = -1 (default)
2019-09-17 15:51:23,438 [pool-37-thread-1] INFO  server.RaftServerConfigKeys (ConfUtils.java:logGet(43)) - raft.server.log.queue.byte-limit = 2147483647 (custom)
2019-09-17 15:51:23,439 [pool-27-thread-1] INFO  server.RaftServerConfigKeys (ConfUtils.java:logGet(43)) - raft.server.log.statemachine.data.caching.enabled = true (custom)
2019-09-17 15:51:23,439 [pool-47-thread-1] INFO  server.RaftServerConfigKeys (ConfUtils.java:logGet(43)) - raft.server.log.queue.element-limit = 1024 (custom)
2019-09-17 15:51:23,439 [pool-37-thread-1] INFO  server.RaftServerConfigKeys (ConfUtils.java:logGet(43)) - raft.server.log.queue.element-limit = 1024 (custom)
2019-09-17 15:51:23,439 [pool-27-thread-1] INFO  segmented.SegmentedRaftLogWorker (SegmentedRaftLogWorker.java:lambda$new$0(132)) - 9794424a-f962-4c57-a99d-4ffccfa0a093@group-C5A95EF6D4C1-SegmentedRaftLogWorker: flushIndex: setUnconditionally 0 -> -1
2019-09-17 15:51:23,439 [pool-47-thread-1] INFO  server.RaftServerConfigKeys (ConfUtils.java:logGet(43)) - raft.server.log.segment.size.max = 1048576 (custom)
2019-09-17 15:51:23,440 [pool-37-thread-1] INFO  server.RaftServerConfigKeys (ConfUtils.java:logGet(43)) - raft.server.log.segment.size.max = 1048576 (custom)
2019-09-17 15:51:23,440 [pool-47-thread-1] INFO  server.RaftServerConfigKeys (ConfUtils.java:logGet(43)) - raft.server.log.preallocated.size = 16384 (custom)
2019-09-17 15:51:23,440 [pool-27-thread-1] INFO  server.RaftServerConfigKeys (ConfUtils.java:logGet(43)) - raft.server.snapshot.auto.trigger.enabled = true (custom)
2019-09-17 15:51:23,440 [pool-47-thread-1] INFO  server.RaftServerConfigKeys (ConfUtils.java:logGet(43)) - raft.server.log.write.buffer.size = 33554432 (custom)
2019-09-17 15:51:23,441 [pool-47-thread-1] INFO  server.RaftServerConfigKeys (ConfUtils.java:logGet(43)) - raft.server.log.force.sync.num = 128 (default)
2019-09-17 15:51:23,440 [pool-37-thread-1] INFO  server.RaftServerConfigKeys (ConfUtils.java:logGet(43)) - raft.server.log.preallocated.size = 16384 (custom)
2019-09-17 15:51:23,441 [pool-47-thread-1] INFO  server.RaftServerConfigKeys (ConfUtils.java:logGet(43)) - raft.server.log.statemachine.data.sync = true (default)
2019-09-17 15:51:23,440 [pool-27-thread-1] INFO  server.RaftServerConfigKeys (ConfUtils.java:logGet(43)) - raft.server.snapshot.auto.trigger.threshold = 10000 (custom)
2019-09-17 15:51:23,441 [pool-47-thread-1] INFO  server.RaftServerConfigKeys (ConfUtils.java:logGet(43)) - raft.server.log.statemachine.data.sync.timeout = 10s (default)
2019-09-17 15:51:23,441 [pool-37-thread-1] INFO  server.RaftServerConfigKeys (ConfUtils.java:logGet(43)) - raft.server.log.write.buffer.size = 33554432 (custom)
2019-09-17 15:51:23,441 [pool-47-thread-1] INFO  server.RaftServerConfigKeys (ConfUtils.java:logGet(43)) - raft.server.log.statemachine.data.sync.timeout.retry = -1 (default)
2019-09-17 15:51:23,441 [pool-27-thread-1] INFO  server.RaftServerConfigKeys (ConfUtils.java:logGet(43)) - raft.server.snapshot.retention.num.files = 5 (custom)
2019-09-17 15:51:23,442 [pool-47-thread-1] INFO  server.RaftServerConfigKeys (ConfUtils.java:logGet(43)) - raft.server.log.statemachine.data.caching.enabled = true (custom)
2019-09-17 15:51:23,442 [pool-37-thread-1] INFO  server.RaftServerConfigKeys (ConfUtils.java:logGet(43)) - raft.server.log.force.sync.num = 128 (default)
2019-09-17 15:51:23,442 [pool-27-thread-1] INFO  server.RaftServerConfigKeys (ConfUtils.java:logGet(43)) - raft.server.retrycache.expirytime = 600000ms (custom)
2019-09-17 15:51:23,442 [pool-47-thread-1] INFO  segmented.SegmentedRaftLogWorker (SegmentedRaftLogWorker.java:lambda$new$0(132)) - 81953067-0759-430a-a659-0dcff6f5faa6@group-C5A95EF6D4C1-SegmentedRaftLogWorker: flushIndex: setUnconditionally 0 -> -1
2019-09-17 15:51:23,442 [pool-37-thread-1] INFO  server.RaftServerConfigKeys (ConfUtils.java:logGet(43)) - raft.server.log.statemachine.data.sync = true (default)
2019-09-17 15:51:23,443 [pool-47-thread-1] INFO  server.RaftServerConfigKeys (ConfUtils.java:logGet(43)) - raft.server.snapshot.auto.trigger.enabled = true (custom)
2019-09-17 15:51:23,443 [pool-37-thread-1] INFO  server.RaftServerConfigKeys (ConfUtils.java:logGet(43)) - raft.server.log.statemachine.data.sync.timeout = 10s (default)
2019-09-17 15:51:23,443 [pool-47-thread-1] INFO  server.RaftServerConfigKeys (ConfUtils.java:logGet(43)) - raft.server.snapshot.auto.trigger.threshold = 10000 (custom)
2019-09-17 15:51:23,443 [pool-37-thread-1] INFO  server.RaftServerConfigKeys (ConfUtils.java:logGet(43)) - raft.server.log.statemachine.data.sync.timeout.retry = -1 (default)
2019-09-17 15:51:23,443 [pool-47-thread-1] INFO  server.RaftServerConfigKeys (ConfUtils.java:logGet(43)) - raft.server.snapshot.retention.num.files = 5 (custom)
2019-09-17 15:51:23,444 [pool-37-thread-1] INFO  server.RaftServerConfigKeys (ConfUtils.java:logGet(43)) - raft.server.log.statemachine.data.caching.enabled = true (custom)
2019-09-17 15:51:23,444 [pool-47-thread-1] INFO  server.RaftServerConfigKeys (ConfUtils.java:logGet(43)) - raft.server.retrycache.expirytime = 600000ms (custom)
2019-09-17 15:51:23,444 [pool-37-thread-1] INFO  segmented.SegmentedRaftLogWorker (SegmentedRaftLogWorker.java:lambda$new$0(132)) - 67973089-3f97-4487-8ce0-46b1e1578af1@group-C5A95EF6D4C1-SegmentedRaftLogWorker: flushIndex: setUnconditionally 0 -> -1
2019-09-17 15:51:23,445 [pool-37-thread-1] INFO  server.RaftServerConfigKeys (ConfUtils.java:logGet(43)) - raft.server.snapshot.auto.trigger.enabled = true (custom)
2019-09-17 15:51:23,445 [pool-37-thread-1] INFO  server.RaftServerConfigKeys (ConfUtils.java:logGet(43)) - raft.server.snapshot.auto.trigger.threshold = 10000 (custom)
2019-09-17 15:51:23,445 [pool-37-thread-1] INFO  server.RaftServerConfigKeys (ConfUtils.java:logGet(43)) - raft.server.snapshot.retention.num.files = 5 (custom)
2019-09-17 15:51:23,445 [pool-37-thread-1] INFO  server.RaftServerConfigKeys (ConfUtils.java:logGet(43)) - raft.server.retrycache.expirytime = 600000ms (custom)
2019-09-17 15:51:23,447 [pool-27-thread-1] INFO  impl.RaftServerImpl (RaftServerImpl.java:start(185)) - 9794424a-f962-4c57-a99d-4ffccfa0a093@group-C5A95EF6D4C1: start as a follower, conf=-1: [9794424a-f962-4c57-a99d-4ffccfa0a093:192.168.34.42:41304, 81953067-0759-430a-a659-0dcff6f5faa6:192.168.34.42:39073, 67973089-3f97-4487-8ce0-46b1e1578af1:192.168.34.42:39149], old=null
2019-09-17 15:51:23,447 [pool-27-thread-1] INFO  impl.RaftServerImpl (RaftServerImpl.java:setRole(174)) - 9794424a-f962-4c57-a99d-4ffccfa0a093@group-C5A95EF6D4C1: changes role from      null to FOLLOWER at term 0 for startAsFollower
2019-09-17 15:51:23,447 [pool-27-thread-1] INFO  impl.RoleInfo (RoleInfo.java:updateAndGet(143)) - 9794424a-f962-4c57-a99d-4ffccfa0a093: start FollowerState
2019-09-17 15:51:23,448 [pool-27-thread-1] INFO  util.JmxRegister (JmxRegister.java:tryRegister(44)) - Successfully registered JMX Bean with object name Ratis:service=RaftServer,group=group-C5A95EF6D4C1,id=9794424a-f962-4c57-a99d-4ffccfa0a093
2019-09-17 15:51:23,448 [pool-47-thread-1] INFO  impl.RaftServerImpl (RaftServerImpl.java:start(185)) - 81953067-0759-430a-a659-0dcff6f5faa6@group-C5A95EF6D4C1: start as a follower, conf=-1: [9794424a-f962-4c57-a99d-4ffccfa0a093:192.168.34.42:41304, 81953067-0759-430a-a659-0dcff6f5faa6:192.168.34.42:39073, 67973089-3f97-4487-8ce0-46b1e1578af1:192.168.34.42:39149], old=null
2019-09-17 15:51:23,449 [pool-47-thread-1] INFO  impl.RaftServerImpl (RaftServerImpl.java:setRole(174)) - 81953067-0759-430a-a659-0dcff6f5faa6@group-C5A95EF6D4C1: changes role from      null to FOLLOWER at term 0 for startAsFollower
2019-09-17 15:51:23,449 [pool-47-thread-1] INFO  impl.RoleInfo (RoleInfo.java:updateAndGet(143)) - 81953067-0759-430a-a659-0dcff6f5faa6: start FollowerState
2019-09-17 15:51:23,449 [pool-47-thread-1] INFO  util.JmxRegister (JmxRegister.java:tryRegister(44)) - Successfully registered JMX Bean with object name Ratis:service=RaftServer,group=group-C5A95EF6D4C1,id=81953067-0759-430a-a659-0dcff6f5faa6
2019-09-17 15:51:23,450 [pool-37-thread-1] INFO  impl.RaftServerImpl (RaftServerImpl.java:start(185)) - 67973089-3f97-4487-8ce0-46b1e1578af1@group-C5A95EF6D4C1: start as a follower, conf=-1: [9794424a-f962-4c57-a99d-4ffccfa0a093:192.168.34.42:41304, 81953067-0759-430a-a659-0dcff6f5faa6:192.168.34.42:39073, 67973089-3f97-4487-8ce0-46b1e1578af1:192.168.34.42:39149], old=null
2019-09-17 15:51:23,450 [pool-37-thread-1] INFO  impl.RaftServerImpl (RaftServerImpl.java:setRole(174)) - 67973089-3f97-4487-8ce0-46b1e1578af1@group-C5A95EF6D4C1: changes role from      null to FOLLOWER at term 0 for startAsFollower
2019-09-17 15:51:23,450 [pool-37-thread-1] INFO  impl.RoleInfo (RoleInfo.java:updateAndGet(143)) - 67973089-3f97-4487-8ce0-46b1e1578af1: start FollowerState
2019-09-17 15:51:23,451 [pool-37-thread-1] INFO  util.JmxRegister (JmxRegister.java:tryRegister(44)) - Successfully registered JMX Bean with object name Ratis:service=RaftServer,group=group-C5A95EF6D4C1,id=67973089-3f97-4487-8ce0-46b1e1578af1
2019-09-17 15:51:23,463 [RatisPipelineUtilsThread] INFO  pipeline.PipelineStateManager (PipelineStateManager.java:addPipeline(56)) - Created pipeline Pipeline[ Id: c073a02e-1f9a-4bdd-8603-c5a95ef6d4c1, Nodes: 81953067-0759-430a-a659-0dcff6f5faa6{ip: 192.168.34.42, host: pr-hdds-2141-r2v5r-2877998664, networkLocation: /default-rack, certSerialId: null}9794424a-f962-4c57-a99d-4ffccfa0a093{ip: 192.168.34.42, host: pr-hdds-2141-r2v5r-2877998664, networkLocation: /default-rack, certSerialId: null}67973089-3f97-4487-8ce0-46b1e1578af1{ip: 192.168.34.42, host: pr-hdds-2141-r2v5r-2877998664, networkLocation: /default-rack, certSerialId: null}, Type:RATIS, Factor:THREE, State:OPEN]
2019-09-17 15:51:24,018 [grpc-default-executor-2] INFO  client.GrpcClientProtocolClient (GrpcClientProtocolClient.java:onNext(264)) - client-04B0874DE02A->9794424a-f962-4c57-a99d-4ffccfa0a093: receive RaftClientReply:client-04B0874DE02A->9794424a-f962-4c57-a99d-4ffccfa0a093@group-3E201C5BD04F, cid=7, FAILED org.apache.ratis.protocol.NotLeaderException: Server 9794424a-f962-4c57-a99d-4ffccfa0a093@group-3E201C5BD04F is not the leader, logIndex=0, commits[9794424a-f962-4c57-a99d-4ffccfa0a093:c-1]
2019-09-17 15:51:24,028 [Command processor thread] ERROR commandhandler.CloseContainerCommandHandler (CloseContainerCommandHandler.java:handle(84)) - Container #1 does not exist in datanode. Container close failed.
2019-09-17 15:51:24,084 [Thread-193] INFO  container.ReplicationManager (ReplicationManager.java:start(169)) - Replication Monitor Thread is already running.
2019-09-17 15:51:24,106 [Command processor thread] ERROR commandhandler.CloseContainerCommandHandler (CloseContainerCommandHandler.java:handle(84)) - Container #1 does not exist in datanode. Container close failed.
2019-09-17 15:51:24,194 [Command processor thread] ERROR commandhandler.CloseContainerCommandHandler (CloseContainerCommandHandler.java:handle(84)) - Container #1 does not exist in datanode. Container close failed.
2019-09-17 15:51:25,047 [grpc-default-executor-1] INFO  client.GrpcClientProtocolClient (GrpcClientProtocolClient.java:onNext(264)) - client-04B0874DE02A->67973089-3f97-4487-8ce0-46b1e1578af1: receive RaftClientReply:client-04B0874DE02A->67973089-3f97-4487-8ce0-46b1e1578af1@group-3E201C5BD04F, cid=7, FAILED org.apache.ratis.protocol.NotLeaderException: Server 67973089-3f97-4487-8ce0-46b1e1578af1@group-3E201C5BD04F is not the leader, logIndex=0, commits[67973089-3f97-4487-8ce0-46b1e1578af1:c-1]
2019-09-17 15:51:25,296 [ReplicationMonitor] INFO  container.ReplicationManager (ReplicationManager.java:run(225)) - Replication Monitor Thread took 0 milliseconds for processing 1 containers.
2019-09-17 15:51:26,083 [grpc-default-executor-2] INFO  client.GrpcClientProtocolClient (GrpcClientProtocolClient.java:onNext(264)) - client-04B0874DE02A->81953067-0759-430a-a659-0dcff6f5faa6: receive RaftClientReply:client-04B0874DE02A->81953067-0759-430a-a659-0dcff6f5faa6@group-3E201C5BD04F, cid=7, FAILED org.apache.ratis.protocol.NotLeaderException: Server 81953067-0759-430a-a659-0dcff6f5faa6@group-3E201C5BD04F is not the leader, logIndex=0, commits[81953067-0759-430a-a659-0dcff6f5faa6:c-1]
2019-09-17 15:51:27,063 [Thread-199] INFO  impl.FollowerState (FollowerState.java:run(106)) - 9794424a-f962-4c57-a99d-4ffccfa0a093:group-6D2484479C55 changes to CANDIDATE, lastRpcTime:5182, electionTimeout:5181ms
2019-09-17 15:51:27,069 [Thread-199] INFO  impl.RoleInfo (RoleInfo.java:shutdownFollowerState(121)) - 9794424a-f962-4c57-a99d-4ffccfa0a093: shutdown FollowerState
2019-09-17 15:51:27,069 [Thread-199] INFO  impl.RaftServerImpl (RaftServerImpl.java:setRole(174)) - 9794424a-f962-4c57-a99d-4ffccfa0a093@group-6D2484479C55: changes role from  FOLLOWER to CANDIDATE at term 0 for changeToCandidate
2019-09-17 15:51:27,075 [Thread-199] INFO  impl.RoleInfo (RoleInfo.java:updateAndGet(143)) - 9794424a-f962-4c57-a99d-4ffccfa0a093: start LeaderElection
2019-09-17 15:51:27,093 [9794424a-f962-4c57-a99d-4ffccfa0a093@group-6D2484479C55:LeaderElection1] INFO  impl.LeaderElection (LeaderElection.java:askForVotes(182)) - 9794424a-f962-4c57-a99d-4ffccfa0a093@group-6D2484479C55:LeaderElection1: begin an election at term 1 for -1: [9794424a-f962-4c57-a99d-4ffccfa0a093:192.168.34.42:41304], old=null
2019-09-17 15:51:27,096 [9794424a-f962-4c57-a99d-4ffccfa0a093@group-6D2484479C55:LeaderElection1] INFO  impl.RoleInfo (RoleInfo.java:shutdownLeaderElection(134)) - 9794424a-f962-4c57-a99d-4ffccfa0a093: shutdown LeaderElection
2019-09-17 15:51:27,097 [9794424a-f962-4c57-a99d-4ffccfa0a093@group-6D2484479C55:LeaderElection1] INFO  impl.RaftServerImpl (RaftServerImpl.java:setRole(174)) - 9794424a-f962-4c57-a99d-4ffccfa0a093@group-6D2484479C55: changes role from CANDIDATE to LEADER at term 1 for changeToLeader
2019-09-17 15:51:27,098 [9794424a-f962-4c57-a99d-4ffccfa0a093@group-6D2484479C55:LeaderElection1] INFO  impl.RaftServerImpl (ServerState.java:setLeader(253)) - 9794424a-f962-4c57-a99d-4ffccfa0a093@group-6D2484479C55: change Leader from null to 9794424a-f962-4c57-a99d-4ffccfa0a093 at term 1 for becomeLeader, leader elected after 5371ms
2019-09-17 15:51:27,107 [9794424a-f962-4c57-a99d-4ffccfa0a093@group-6D2484479C55:LeaderElection1] INFO  server.RaftServerConfigKeys (ConfUtils.java:logGet(43)) - raft.server.staging.catchup.gap = 1000 (default)
2019-09-17 15:51:27,107 [9794424a-f962-4c57-a99d-4ffccfa0a093@group-6D2484479C55:LeaderElection1] INFO  server.RaftServerConfigKeys (ConfUtils.java:logGet(43)) - raft.server.rpc.sleep.time = 25ms (default)
2019-09-17 15:51:27,108 [grpc-default-executor-2] INFO  client.GrpcClientProtocolClient (GrpcClientProtocolClient.java:onNext(264)) - client-04B0874DE02A->9794424a-f962-4c57-a99d-4ffccfa0a093: receive RaftClientReply:client-04B0874DE02A->9794424a-f962-4c57-a99d-4ffccfa0a093@group-3E201C5BD04F, cid=7, FAILED org.apache.ratis.protocol.NotLeaderException: Server 9794424a-f962-4c57-a99d-4ffccfa0a093@group-3E201C5BD04F is not the leader, logIndex=0, commits[9794424a-f962-4c57-a99d-4ffccfa0a093:c-1]
2019-09-17 15:51:27,118 [9794424a-f962-4c57-a99d-4ffccfa0a093@group-6D2484479C55:LeaderElection1] INFO  server.RaftServerConfigKeys (ConfUtils.java:logGet(43)) - raft.server.write.element-limit = 4096 (default)
2019-09-17 15:51:27,120 [9794424a-f962-4c57-a99d-4ffccfa0a093@group-6D2484479C55:LeaderElection1] INFO  server.RaftServerConfigKeys (ConfUtils.java:logGet(43)) - raft.server.watch.timeout = 10s (default)
2019-09-17 15:51:27,121 [9794424a-f962-4c57-a99d-4ffccfa0a093@group-6D2484479C55:LeaderElection1] INFO  server.RaftServerConfigKeys (ConfUtils.java:logGet(43)) - raft.server.watch.timeout.denomination = 1s (default)
2019-09-17 15:51:27,121 [9794424a-f962-4c57-a99d-4ffccfa0a093@group-6D2484479C55:LeaderElection1] INFO  server.RaftServerConfigKeys (ConfUtils.java:logGet(43)) - raft.server.watch.element-limit = 65536 (default)
2019-09-17 15:51:27,131 [9794424a-f962-4c57-a99d-4ffccfa0a093@group-6D2484479C55:LeaderElection1] INFO  impl.RoleInfo (RoleInfo.java:updateAndGet(143)) - 9794424a-f962-4c57-a99d-4ffccfa0a093: start LeaderState
2019-09-17 15:51:27,157 [Thread-202] INFO  impl.FollowerState (FollowerState.java:run(106)) - 81953067-0759-430a-a659-0dcff6f5faa6:group-27A56D165680 changes to CANDIDATE, lastRpcTime:5087, electionTimeout:5086ms
2019-09-17 15:51:27,158 [Thread-202] INFO  impl.RoleInfo (RoleInfo.java:shutdownFollowerState(121)) - 81953067-0759-430a-a659-0dcff6f5faa6: shutdown FollowerState
2019-09-17 15:51:27,158 [Thread-202] INFO  impl.RaftServerImpl (RaftServerImpl.java:setRole(174)) - 81953067-0759-430a-a659-0dcff6f5faa6@group-27A56D165680: changes role from  FOLLOWER to CANDIDATE at term 0 for changeToCandidate
2019-09-17 15:51:27,159 [Thread-202] INFO  impl.RoleInfo (RoleInfo.java:updateAndGet(143)) - 81953067-0759-430a-a659-0dcff6f5faa6: start LeaderElection
2019-09-17 15:51:27,164 [9794424a-f962-4c57-a99d-4ffccfa0a093@group-6D2484479C55:LeaderElection1] INFO  segmented.SegmentedRaftLogWorker (SegmentedRaftLogWorker.java:startLogSegment(380)) - 9794424a-f962-4c57-a99d-4ffccfa0a093@group-6D2484479C55-SegmentedRaftLogWorker: Starting segment from index:0
2019-09-17 15:51:27,175 [81953067-0759-430a-a659-0dcff6f5faa6@group-27A56D165680:LeaderElection2] INFO  impl.LeaderElection (LeaderElection.java:askForVotes(182)) - 81953067-0759-430a-a659-0dcff6f5faa6@group-27A56D165680:LeaderElection2: begin an election at term 1 for -1: [81953067-0759-430a-a659-0dcff6f5faa6:192.168.34.42:39073], old=null
2019-09-17 15:51:27,182 [81953067-0759-430a-a659-0dcff6f5faa6@group-27A56D165680:LeaderElection2] INFO  impl.RoleInfo (RoleInfo.java:shutdownLeaderElection(134)) - 81953067-0759-430a-a659-0dcff6f5faa6: shutdown LeaderElection
2019-09-17 15:51:27,182 [81953067-0759-430a-a659-0dcff6f5faa6@group-27A56D165680:LeaderElection2] INFO  impl.RaftServerImpl (RaftServerImpl.java:setRole(174)) - 81953067-0759-430a-a659-0dcff6f5faa6@group-27A56D165680: changes role from CANDIDATE to LEADER at term 1 for changeToLeader
2019-09-17 15:51:27,182 [81953067-0759-430a-a659-0dcff6f5faa6@group-27A56D165680:LeaderElection2] INFO  impl.RaftServerImpl (ServerState.java:setLeader(253)) - 81953067-0759-430a-a659-0dcff6f5faa6@group-27A56D165680: change Leader from null to 81953067-0759-430a-a659-0dcff6f5faa6 at term 1 for becomeLeader, leader elected after 5137ms
2019-09-17 15:51:27,182 [81953067-0759-430a-a659-0dcff6f5faa6@group-27A56D165680:LeaderElection2] INFO  server.RaftServerConfigKeys (ConfUtils.java:logGet(43)) - raft.server.staging.catchup.gap = 1000 (default)
2019-09-17 15:51:27,182 [81953067-0759-430a-a659-0dcff6f5faa6@group-27A56D165680:LeaderElection2] INFO  server.RaftServerConfigKeys (ConfUtils.java:logGet(43)) - raft.server.rpc.sleep.time = 25ms (default)
2019-09-17 15:51:27,182 [81953067-0759-430a-a659-0dcff6f5faa6@group-27A56D165680:LeaderElection2] INFO  server.RaftServerConfigKeys (ConfUtils.java:logGet(43)) - raft.server.write.element-limit = 4096 (default)
2019-09-17 15:51:27,182 [81953067-0759-430a-a659-0dcff6f5faa6@group-27A56D165680:LeaderElection2] INFO  server.RaftServerConfigKeys (ConfUtils.java:logGet(43)) - raft.server.watch.timeout = 10s (default)
2019-09-17 15:51:27,183 [81953067-0759-430a-a659-0dcff6f5faa6@group-27A56D165680:LeaderElection2] INFO  server.RaftServerConfigKeys (ConfUtils.java:logGet(43)) - raft.server.watch.timeout.denomination = 1s (default)
2019-09-17 15:51:27,183 [81953067-0759-430a-a659-0dcff6f5faa6@group-27A56D165680:LeaderElection2] INFO  server.RaftServerConfigKeys (ConfUtils.java:logGet(43)) - raft.server.watch.element-limit = 65536 (default)
2019-09-17 15:51:27,184 [9794424a-f962-4c57-a99d-4ffccfa0a093@group-6D2484479C55:LeaderElection1] INFO  impl.RaftServerImpl (ServerState.java:setRaftConf(354)) - 9794424a-f962-4c57-a99d-4ffccfa0a093@group-6D2484479C55: set configuration 0: [9794424a-f962-4c57-a99d-4ffccfa0a093:192.168.34.42:41304], old=null at 0
2019-09-17 15:51:27,186 [81953067-0759-430a-a659-0dcff6f5faa6@group-27A56D165680:LeaderElection2] INFO  impl.RoleInfo (RoleInfo.java:updateAndGet(143)) - 81953067-0759-430a-a659-0dcff6f5faa6: start LeaderState
2019-09-17 15:51:27,187 [81953067-0759-430a-a659-0dcff6f5faa6@group-27A56D165680:LeaderElection2] INFO  segmented.SegmentedRaftLogWorker (SegmentedRaftLogWorker.java:startLogSegment(380)) - 81953067-0759-430a-a659-0dcff6f5faa6@group-27A56D165680-SegmentedRaftLogWorker: Starting segment from index:0
2019-09-17 15:51:27,187 [81953067-0759-430a-a659-0dcff6f5faa6@group-27A56D165680:LeaderElection2] INFO  impl.RaftServerImpl (ServerState.java:setRaftConf(354)) - 81953067-0759-430a-a659-0dcff6f5faa6@group-27A56D165680: set configuration 0: [81953067-0759-430a-a659-0dcff6f5faa6:192.168.34.42:39073], old=null at 0
2019-09-17 15:51:27,223 [Thread-205] INFO  impl.FollowerState (FollowerState.java:run(106)) - 67973089-3f97-4487-8ce0-46b1e1578af1:group-DDDD2DA2E2CD changes to CANDIDATE, lastRpcTime:5033, electionTimeout:5033ms
2019-09-17 15:51:27,224 [Thread-205] INFO  impl.RoleInfo (RoleInfo.java:shutdownFollowerState(121)) - 67973089-3f97-4487-8ce0-46b1e1578af1: shutdown FollowerState
2019-09-17 15:51:27,224 [Thread-205] INFO  impl.RaftServerImpl (RaftServerImpl.java:setRole(174)) - 67973089-3f97-4487-8ce0-46b1e1578af1@group-DDDD2DA2E2CD: changes role from  FOLLOWER to CANDIDATE at term 0 for changeToCandidate
2019-09-17 15:51:27,224 [Thread-205] INFO  impl.RoleInfo (RoleInfo.java:updateAndGet(143)) - 67973089-3f97-4487-8ce0-46b1e1578af1: start LeaderElection
2019-09-17 15:51:27,240 [67973089-3f97-4487-8ce0-46b1e1578af1@group-DDDD2DA2E2CD:LeaderElection3] INFO  impl.LeaderElection (LeaderElection.java:askForVotes(182)) - 67973089-3f97-4487-8ce0-46b1e1578af1@group-DDDD2DA2E2CD:LeaderElection3: begin an election at term 1 for -1: [67973089-3f97-4487-8ce0-46b1e1578af1:192.168.34.42:39149], old=null
2019-09-17 15:51:27,242 [67973089-3f97-4487-8ce0-46b1e1578af1@group-DDDD2DA2E2CD:LeaderElection3] INFO  impl.RoleInfo (RoleInfo.java:shutdownLeaderElection(134)) - 67973089-3f97-4487-8ce0-46b1e1578af1: shutdown LeaderElection
2019-09-17 15:51:27,242 [67973089-3f97-4487-8ce0-46b1e1578af1@group-DDDD2DA2E2CD:LeaderElection3] INFO  impl.RaftServerImpl (RaftServerImpl.java:setRole(174)) - 67973089-3f97-4487-8ce0-46b1e1578af1@group-DDDD2DA2E2CD: changes role from CANDIDATE to LEADER at term 1 for changeToLeader
2019-09-17 15:51:27,242 [67973089-3f97-4487-8ce0-46b1e1578af1@group-DDDD2DA2E2CD:LeaderElection3] INFO  impl.RaftServerImpl (ServerState.java:setLeader(253)) - 67973089-3f97-4487-8ce0-46b1e1578af1@group-DDDD2DA2E2CD: change Leader from null to 67973089-3f97-4487-8ce0-46b1e1578af1 at term 1 for becomeLeader, leader elected after 5083ms
2019-09-17 15:51:27,243 [67973089-3f97-4487-8ce0-46b1e1578af1@group-DDDD2DA2E2CD:LeaderElection3] INFO  server.RaftServerConfigKeys (ConfUtils.java:logGet(43)) - raft.server.staging.catchup.gap = 1000 (default)
2019-09-17 15:51:27,243 [67973089-3f97-4487-8ce0-46b1e1578af1@group-DDDD2DA2E2CD:LeaderElection3] INFO  server.RaftServerConfigKeys (ConfUtils.java:logGet(43)) - raft.server.rpc.sleep.time = 25ms (default)
2019-09-17 15:51:27,244 [67973089-3f97-4487-8ce0-46b1e1578af1@group-DDDD2DA2E2CD:LeaderElection3] INFO  server.RaftServerConfigKeys (ConfUtils.java:logGet(43)) - raft.server.write.element-limit = 4096 (default)
2019-09-17 15:51:27,244 [67973089-3f97-4487-8ce0-46b1e1578af1@group-DDDD2DA2E2CD:LeaderElection3] INFO  server.RaftServerConfigKeys (ConfUtils.java:logGet(43)) - raft.server.watch.timeout = 10s (default)
2019-09-17 15:51:27,244 [67973089-3f97-4487-8ce0-46b1e1578af1@group-DDDD2DA2E2CD:LeaderElection3] INFO  server.RaftServerConfigKeys (ConfUtils.java:logGet(43)) - raft.server.watch.timeout.denomination = 1s (default)
2019-09-17 15:51:27,244 [67973089-3f97-4487-8ce0-46b1e1578af1@group-DDDD2DA2E2CD:LeaderElection3] INFO  server.RaftServerConfigKeys (ConfUtils.java:logGet(43)) - raft.server.watch.element-limit = 65536 (default)
2019-09-17 15:51:27,247 [67973089-3f97-4487-8ce0-46b1e1578af1@group-DDDD2DA2E2CD:LeaderElection3] INFO  impl.RoleInfo (RoleInfo.java:updateAndGet(143)) - 67973089-3f97-4487-8ce0-46b1e1578af1: start LeaderState
2019-09-17 15:51:27,247 [67973089-3f97-4487-8ce0-46b1e1578af1@group-DDDD2DA2E2CD:LeaderElection3] INFO  segmented.SegmentedRaftLogWorker (SegmentedRaftLogWorker.java:startLogSegment(380)) - 67973089-3f97-4487-8ce0-46b1e1578af1@group-DDDD2DA2E2CD-SegmentedRaftLogWorker: Starting segment from index:0
2019-09-17 15:51:27,248 [67973089-3f97-4487-8ce0-46b1e1578af1@group-DDDD2DA2E2CD:LeaderElection3] INFO  impl.RaftServerImpl (ServerState.java:setRaftConf(354)) - 67973089-3f97-4487-8ce0-46b1e1578af1@group-DDDD2DA2E2CD: set configuration 0: [67973089-3f97-4487-8ce0-46b1e1578af1:192.168.34.42:39149], old=null at 0
2019-09-17 15:51:27,287 [Thread-208] INFO  impl.FollowerState (FollowerState.java:run(106)) - b3ddae89-e778-4329-b7d9-007a2bcac366:group-D65E692D3B8A changes to CANDIDATE, lastRpcTime:5026, electionTimeout:5026ms
2019-09-17 15:51:27,288 [Thread-208] INFO  impl.RoleInfo (RoleInfo.java:shutdownFollowerState(121)) - b3ddae89-e778-4329-b7d9-007a2bcac366: shutdown FollowerState
2019-09-17 15:51:27,288 [Thread-208] INFO  impl.RaftServerImpl (RaftServerImpl.java:setRole(174)) - b3ddae89-e778-4329-b7d9-007a2bcac366@group-D65E692D3B8A: changes role from  FOLLOWER to CANDIDATE at term 0 for changeToCandidate
2019-09-17 15:51:27,288 [Thread-208] INFO  impl.RoleInfo (RoleInfo.java:updateAndGet(143)) - b3ddae89-e778-4329-b7d9-007a2bcac366: start LeaderElection
2019-09-17 15:51:27,296 [ReplicationMonitor] INFO  container.ReplicationManager (ReplicationManager.java:run(225)) - Replication Monitor Thread took 0 milliseconds for processing 1 containers.
2019-09-17 15:51:27,304 [b3ddae89-e778-4329-b7d9-007a2bcac366@group-D65E692D3B8A:LeaderElection4] INFO  impl.LeaderElection (LeaderElection.java:askForVotes(182)) - b3ddae89-e778-4329-b7d9-007a2bcac366@group-D65E692D3B8A:LeaderElection4: begin an election at term 1 for -1: [b3ddae89-e778-4329-b7d9-007a2bcac366:192.168.34.42:45563], old=null
2019-09-17 15:51:27,305 [b3ddae89-e778-4329-b7d9-007a2bcac366@group-D65E692D3B8A:LeaderElection4] INFO  impl.RoleInfo (RoleInfo.java:shutdownLeaderElection(134)) - b3ddae89-e778-4329-b7d9-007a2bcac366: shutdown LeaderElection
2019-09-17 15:51:27,305 [b3ddae89-e778-4329-b7d9-007a2bcac366@group-D65E692D3B8A:LeaderElection4] INFO  impl.RaftServerImpl (RaftServerImpl.java:setRole(174)) - b3ddae89-e778-4329-b7d9-007a2bcac366@group-D65E692D3B8A: changes role from CANDIDATE to LEADER at term 1 for changeToLeader
2019-09-17 15:51:27,305 [b3ddae89-e778-4329-b7d9-007a2bcac366@group-D65E692D3B8A:LeaderElection4] INFO  impl.RaftServerImpl (ServerState.java:setLeader(253)) - b3ddae89-e778-4329-b7d9-007a2bcac366@group-D65E692D3B8A: change Leader from null to b3ddae89-e778-4329-b7d9-007a2bcac366 at term 1 for becomeLeader, leader elected after 5059ms
2019-09-17 15:51:27,307 [b3ddae89-e778-4329-b7d9-007a2bcac366@group-D65E692D3B8A:LeaderElection4] INFO  server.RaftServerConfigKeys (ConfUtils.java:logGet(43)) - raft.server.staging.catchup.gap = 1000 (default)
2019-09-17 15:51:27,307 [b3ddae89-e778-4329-b7d9-007a2bcac366@group-D65E692D3B8A:LeaderElection4] INFO  server.RaftServerConfigKeys (ConfUtils.java:logGet(43)) - raft.server.rpc.sleep.time = 25ms (default)
2019-09-17 15:51:27,308 [b3ddae89-e778-4329-b7d9-007a2bcac366@group-D65E692D3B8A:LeaderElection4] INFO  server.RaftServerConfigKeys (ConfUtils.java:logGet(43)) - raft.server.write.element-limit = 4096 (default)
2019-09-17 15:51:27,308 [b3ddae89-e778-4329-b7d9-007a2bcac366@group-D65E692D3B8A:LeaderElection4] INFO  server.RaftServerConfigKeys (ConfUtils.java:logGet(43)) - raft.server.watch.timeout = 10s (default)
2019-09-17 15:51:27,308 [b3ddae89-e778-4329-b7d9-007a2bcac366@group-D65E692D3B8A:LeaderElection4] INFO  server.RaftServerConfigKeys (ConfUtils.java:logGet(43)) - raft.server.watch.timeout.denomination = 1s (default)
2019-09-17 15:51:27,308 [b3ddae89-e778-4329-b7d9-007a2bcac366@group-D65E692D3B8A:LeaderElection4] INFO  server.RaftServerConfigKeys (ConfUtils.java:logGet(43)) - raft.server.watch.element-limit = 65536 (default)
2019-09-17 15:51:27,311 [b3ddae89-e778-4329-b7d9-007a2bcac366@group-D65E692D3B8A:LeaderElection4] INFO  impl.RoleInfo (RoleInfo.java:updateAndGet(143)) - b3ddae89-e778-4329-b7d9-007a2bcac366: start LeaderState
2019-09-17 15:51:27,311 [b3ddae89-e778-4329-b7d9-007a2bcac366@group-D65E692D3B8A:LeaderElection4] INFO  segmented.SegmentedRaftLogWorker (SegmentedRaftLogWorker.java:startLogSegment(380)) - b3ddae89-e778-4329-b7d9-007a2bcac366@group-D65E692D3B8A-SegmentedRaftLogWorker: Starting segment from index:0
2019-09-17 15:51:27,312 [b3ddae89-e778-4329-b7d9-007a2bcac366@group-D65E692D3B8A:LeaderElection4] INFO  impl.RaftServerImpl (ServerState.java:setRaftConf(354)) - b3ddae89-e778-4329-b7d9-007a2bcac366@group-D65E692D3B8A: set configuration 0: [b3ddae89-e778-4329-b7d9-007a2bcac366:192.168.34.42:45563], old=null at 0
2019-09-17 15:51:27,361 [9794424a-f962-4c57-a99d-4ffccfa0a093@group-6D2484479C55-SegmentedRaftLogWorker] INFO  segmented.SegmentedRaftLogWorker (SegmentedRaftLogWorker.java:execute(569)) - 9794424a-f962-4c57-a99d-4ffccfa0a093@group-6D2484479C55-SegmentedRaftLogWorker: created new log segment /workdir/hadoop-ozone/integration-test/target/test-dir/MiniOzoneClusterImpl-64ce5b8c-b79f-4315-a4fc-7811b8d18340/datanode-0/data/ratis/9e48fd57-873f-430c-a063-6d2484479c55/current/log_inprogress_0
2019-09-17 15:51:27,361 [b3ddae89-e778-4329-b7d9-007a2bcac366@group-D65E692D3B8A-SegmentedRaftLogWorker] INFO  segmented.SegmentedRaftLogWorker (SegmentedRaftLogWorker.java:execute(569)) - b3ddae89-e778-4329-b7d9-007a2bcac366@group-D65E692D3B8A-SegmentedRaftLogWorker: created new log segment /workdir/hadoop-ozone/integration-test/target/test-dir/MiniOzoneClusterImpl-64ce5b8c-b79f-4315-a4fc-7811b8d18340/datanode-3/data/ratis/7e175577-154c-4203-ab9a-d65e692d3b8a/current/log_inprogress_0
2019-09-17 15:51:27,361 [67973089-3f97-4487-8ce0-46b1e1578af1@group-DDDD2DA2E2CD-SegmentedRaftLogWorker] INFO  segmented.SegmentedRaftLogWorker (SegmentedRaftLogWorker.java:execute(569)) - 67973089-3f97-4487-8ce0-46b1e1578af1@group-DDDD2DA2E2CD-SegmentedRaftLogWorker: created new log segment /workdir/hadoop-ozone/integration-test/target/test-dir/MiniOzoneClusterImpl-64ce5b8c-b79f-4315-a4fc-7811b8d18340/datanode-1/data/ratis/5c2e0506-0c36-4499-8ace-dddd2da2e2cd/current/log_inprogress_0
2019-09-17 15:51:27,361 [81953067-0759-430a-a659-0dcff6f5faa6@group-27A56D165680-SegmentedRaftLogWorker] INFO  segmented.SegmentedRaftLogWorker (SegmentedRaftLogWorker.java:execute(569)) - 81953067-0759-430a-a659-0dcff6f5faa6@group-27A56D165680-SegmentedRaftLogWorker: created new log segment /workdir/hadoop-ozone/integration-test/target/test-dir/MiniOzoneClusterImpl-64ce5b8c-b79f-4315-a4fc-7811b8d18340/datanode-2/data/ratis/ff73a729-7ce6-477b-8502-27a56d165680/current/log_inprogress_0
2019-09-17 15:51:27,402 [Thread-215] INFO  impl.FollowerState (FollowerState.java:run(106)) - 81953067-0759-430a-a659-0dcff6f5faa6:group-3E201C5BD04F changes to CANDIDATE, lastRpcTime:5042, electionTimeout:5042ms
2019-09-17 15:51:27,403 [Thread-215] INFO  impl.RoleInfo (RoleInfo.java:shutdownFollowerState(121)) - 81953067-0759-430a-a659-0dcff6f5faa6: shutdown FollowerState
2019-09-17 15:51:27,403 [Thread-215] INFO  impl.RaftServerImpl (RaftServerImpl.java:setRole(174)) - 81953067-0759-430a-a659-0dcff6f5faa6@group-3E201C5BD04F: changes role from  FOLLOWER to CANDIDATE at term 0 for changeToCandidate
2019-09-17 15:51:27,403 [Thread-215] INFO  impl.RoleInfo (RoleInfo.java:updateAndGet(143)) - 81953067-0759-430a-a659-0dcff6f5faa6: start LeaderElection
2019-09-17 15:51:27,418 [81953067-0759-430a-a659-0dcff6f5faa6@group-3E201C5BD04F:LeaderElection5] INFO  impl.LeaderElection (LeaderElection.java:askForVotes(182)) - 81953067-0759-430a-a659-0dcff6f5faa6@group-3E201C5BD04F:LeaderElection5: begin an election at term 1 for -1: [9794424a-f962-4c57-a99d-4ffccfa0a093:192.168.34.42:41304, 81953067-0759-430a-a659-0dcff6f5faa6:192.168.34.42:39073, 67973089-3f97-4487-8ce0-46b1e1578af1:192.168.34.42:39149], old=null
2019-09-17 15:51:27,448 [grpc-default-executor-1] INFO  impl.RaftServerImpl (RaftServerImpl.java:setRole(174)) - 9794424a-f962-4c57-a99d-4ffccfa0a093@group-3E201C5BD04F: changes role from  FOLLOWER to FOLLOWER at term 1 for recognizeCandidate:81953067-0759-430a-a659-0dcff6f5faa6
2019-09-17 15:51:27,448 [grpc-default-executor-2] INFO  impl.RaftServerImpl (RaftServerImpl.java:setRole(174)) - 67973089-3f97-4487-8ce0-46b1e1578af1@group-3E201C5BD04F: changes role from  FOLLOWER to FOLLOWER at term 1 for recognizeCandidate:81953067-0759-430a-a659-0dcff6f5faa6
2019-09-17 15:51:27,448 [grpc-default-executor-1] INFO  impl.RoleInfo (RoleInfo.java:shutdownFollowerState(121)) - 9794424a-f962-4c57-a99d-4ffccfa0a093: shutdown FollowerState
2019-09-17 15:51:27,449 [grpc-default-executor-2] INFO  impl.RoleInfo (RoleInfo.java:shutdownFollowerState(121)) - 67973089-3f97-4487-8ce0-46b1e1578af1: shutdown FollowerState
2019-09-17 15:51:27,449 [grpc-default-executor-1] INFO  impl.RoleInfo (RoleInfo.java:updateAndGet(143)) - 9794424a-f962-4c57-a99d-4ffccfa0a093: start FollowerState
2019-09-17 15:51:27,449 [Thread-217] INFO  impl.FollowerState (FollowerState.java:run(115)) - 9794424a-f962-4c57-a99d-4ffccfa0a093: FollowerState was interrupted: java.lang.InterruptedException: sleep interrupted
2019-09-17 15:51:27,449 [grpc-default-executor-2] INFO  impl.RoleInfo (RoleInfo.java:updateAndGet(143)) - 67973089-3f97-4487-8ce0-46b1e1578af1: start FollowerState
2019-09-17 15:51:27,449 [Thread-213] INFO  impl.FollowerState (FollowerState.java:run(115)) - 67973089-3f97-4487-8ce0-46b1e1578af1: FollowerState was interrupted: java.lang.InterruptedException: sleep interrupted
2019-09-17 15:51:27,482 [81953067-0759-430a-a659-0dcff6f5faa6@group-3E201C5BD04F:LeaderElection5] INFO  impl.LeaderElection (LeaderElection.java:logAndReturn(56)) - 81953067-0759-430a-a659-0dcff6f5faa6@group-3E201C5BD04F:LeaderElection5: Election PASSED; received 1 response(s) [81953067-0759-430a-a659-0dcff6f5faa6<-67973089-3f97-4487-8ce0-46b1e1578af1#0:OK-t1] and 0 exception(s); 81953067-0759-430a-a659-0dcff6f5faa6@group-3E201C5BD04F:t1, leader=null, voted=81953067-0759-430a-a659-0dcff6f5faa6, raftlog=81953067-0759-430a-a659-0dcff6f5faa6@group-3E201C5BD04F-SegmentedRaftLog:OPENED:c-1,f-1,i0, conf=-1: [9794424a-f962-4c57-a99d-4ffccfa0a093:192.168.34.42:41304, 81953067-0759-430a-a659-0dcff6f5faa6:192.168.34.42:39073, 67973089-3f97-4487-8ce0-46b1e1578af1:192.168.34.42:39149], old=null
2019-09-17 15:51:27,483 [81953067-0759-430a-a659-0dcff6f5faa6@group-3E201C5BD04F:LeaderElection5] INFO  impl.RoleInfo (RoleInfo.java:shutdownLeaderElection(134)) - 81953067-0759-430a-a659-0dcff6f5faa6: shutdown LeaderElection
2019-09-17 15:51:27,483 [81953067-0759-430a-a659-0dcff6f5faa6@group-3E201C5BD04F:LeaderElection5] INFO  impl.RaftServerImpl (RaftServerImpl.java:setRole(174)) - 81953067-0759-430a-a659-0dcff6f5faa6@group-3E201C5BD04F: changes role from CANDIDATE to LEADER at term 1 for changeToLeader
2019-09-17 15:51:27,484 [81953067-0759-430a-a659-0dcff6f5faa6@group-3E201C5BD04F:LeaderElection5] INFO  impl.RaftServerImpl (ServerState.java:setLeader(253)) - 81953067-0759-430a-a659-0dcff6f5faa6@group-3E201C5BD04F: change Leader from null to 81953067-0759-430a-a659-0dcff6f5faa6 at term 1 for becomeLeader, leader elected after 5139ms
2019-09-17 15:51:27,485 [81953067-0759-430a-a659-0dcff6f5faa6@group-3E201C5BD04F:LeaderElection5] INFO  server.RaftServerConfigKeys (ConfUtils.java:logGet(43)) - raft.server.staging.catchup.gap = 1000 (default)
2019-09-17 15:51:27,485 [81953067-0759-430a-a659-0dcff6f5faa6@group-3E201C5BD04F:LeaderElection5] INFO  server.RaftServerConfigKeys (ConfUtils.java:logGet(43)) - raft.server.rpc.sleep.time = 25ms (default)
2019-09-17 15:51:27,485 [81953067-0759-430a-a659-0dcff6f5faa6@group-3E201C5BD04F:LeaderElection5] INFO  server.RaftServerConfigKeys (ConfUtils.java:logGet(43)) - raft.server.write.element-limit = 4096 (default)
2019-09-17 15:51:27,485 [81953067-0759-430a-a659-0dcff6f5faa6@group-3E201C5BD04F:LeaderElection5] INFO  server.RaftServerConfigKeys (ConfUtils.java:logGet(43)) - raft.server.watch.timeout = 10s (default)
2019-09-17 15:51:27,485 [81953067-0759-430a-a659-0dcff6f5faa6@group-3E201C5BD04F:LeaderElection5] INFO  server.RaftServerConfigKeys (ConfUtils.java:logGet(43)) - raft.server.watch.timeout.denomination = 1s (default)
2019-09-17 15:51:27,485 [81953067-0759-430a-a659-0dcff6f5faa6@group-3E201C5BD04F:LeaderElection5] INFO  server.RaftServerConfigKeys (ConfUtils.java:logGet(43)) - raft.server.watch.element-limit = 65536 (default)
2019-09-17 15:51:27,490 [81953067-0759-430a-a659-0dcff6f5faa6@group-3E201C5BD04F:LeaderElection5] INFO  server.RaftServerConfigKeys (ConfUtils.java:logGet(43)) - raft.server.log.appender.snapshot.chunk.size.max = 16MB (=16777216) (default)
2019-09-17 15:51:27,491 [81953067-0759-430a-a659-0dcff6f5faa6@group-3E201C5BD04F:LeaderElection5] INFO  server.RaftServerConfigKeys (ConfUtils.java:logGet(43)) - raft.server.log.appender.buffer.byte-limit = 33554432 (custom)
2019-09-17 15:51:27,491 [81953067-0759-430a-a659-0dcff6f5faa6@group-3E201C5BD04F:LeaderElection5] INFO  server.RaftServerConfigKeys (ConfUtils.java:logGet(43)) - raft.server.log.appender.buffer.element-limit = 1 (custom)
2019-09-17 15:51:27,495 [81953067-0759-430a-a659-0dcff6f5faa6@group-3E201C5BD04F:LeaderElection5] INFO  grpc.GrpcConfigKeys$Server (ConfUtils.java:logGet(43)) - raft.grpc.server.leader.outstanding.appends.max = 128 (default)
2019-09-17 15:51:27,495 [81953067-0759-430a-a659-0dcff6f5faa6@group-3E201C5BD04F:LeaderElection5] INFO  server.RaftServerConfigKeys (ConfUtils.java:logGet(43)) - raft.server.rpc.request.timeout = 3000ms (default)
2019-09-17 15:51:27,495 [81953067-0759-430a-a659-0dcff6f5faa6@group-3E201C5BD04F:LeaderElection5] INFO  server.RaftServerConfigKeys (ConfUtils.java:logGet(43)) - raft.server.log.appender.install.snapshot.enabled = false (custom)
2019-09-17 15:51:27,496 [81953067-0759-430a-a659-0dcff6f5faa6@group-3E201C5BD04F:LeaderElection5] INFO  server.RaftServerConfigKeys (ConfUtils.java:logGet(43)) - raft.server.log.appender.snapshot.chunk.size.max = 16MB (=16777216) (default)
2019-09-17 15:51:27,496 [81953067-0759-430a-a659-0dcff6f5faa6@group-3E201C5BD04F:LeaderElection5] INFO  server.RaftServerConfigKeys (ConfUtils.java:logGet(43)) - raft.server.log.appender.buffer.byte-limit = 33554432 (custom)
2019-09-17 15:51:27,497 [81953067-0759-430a-a659-0dcff6f5faa6@group-3E201C5BD04F:LeaderElection5] INFO  server.RaftServerConfigKeys (ConfUtils.java:logGet(43)) - raft.server.log.appender.buffer.element-limit = 1 (custom)
2019-09-17 15:51:27,497 [81953067-0759-430a-a659-0dcff6f5faa6@group-3E201C5BD04F:LeaderElection5] INFO  grpc.GrpcConfigKeys$Server (ConfUtils.java:logGet(43)) - raft.grpc.server.leader.outstanding.appends.max = 128 (default)
2019-09-17 15:51:27,497 [81953067-0759-430a-a659-0dcff6f5faa6@group-3E201C5BD04F:LeaderElection5] INFO  server.RaftServerConfigKeys (ConfUtils.java:logGet(43)) - raft.server.rpc.request.timeout = 3000ms (default)
2019-09-17 15:51:27,497 [81953067-0759-430a-a659-0dcff6f5faa6@group-3E201C5BD04F:LeaderElection5] INFO  server.RaftServerConfigKeys (ConfUtils.java:logGet(43)) - raft.server.log.appender.install.snapshot.enabled = false (custom)
2019-09-17 15:51:27,499 [81953067-0759-430a-a659-0dcff6f5faa6@group-3E201C5BD04F:LeaderElection5] INFO  impl.RoleInfo (RoleInfo.java:updateAndGet(143)) - 81953067-0759-430a-a659-0dcff6f5faa6: start LeaderState
2019-09-17 15:51:27,499 [81953067-0759-430a-a659-0dcff6f5faa6@group-3E201C5BD04F:LeaderElection5] INFO  segmented.SegmentedRaftLogWorker (SegmentedRaftLogWorker.java:startLogSegment(380)) - 81953067-0759-430a-a659-0dcff6f5faa6@group-3E201C5BD04F-SegmentedRaftLogWorker: Starting segment from index:0
2019-09-17 15:51:27,500 [81953067-0759-430a-a659-0dcff6f5faa6@group-3E201C5BD04F:LeaderElection5] INFO  impl.RaftServerImpl (ServerState.java:setRaftConf(354)) - 81953067-0759-430a-a659-0dcff6f5faa6@group-3E201C5BD04F: set configuration 0: [9794424a-f962-4c57-a99d-4ffccfa0a093:192.168.34.42:41304, 81953067-0759-430a-a659-0dcff6f5faa6:192.168.34.42:39073, 67973089-3f97-4487-8ce0-46b1e1578af1:192.168.34.42:39149], old=null at 0
2019-09-17 15:51:27,548 [81953067-0759-430a-a659-0dcff6f5faa6@group-3E201C5BD04F-SegmentedRaftLogWorker] INFO  segmented.SegmentedRaftLogWorker (SegmentedRaftLogWorker.java:execute(569)) - 81953067-0759-430a-a659-0dcff6f5faa6@group-3E201C5BD04F-SegmentedRaftLogWorker: created new log segment /workdir/hadoop-ozone/integration-test/target/test-dir/MiniOzoneClusterImpl-64ce5b8c-b79f-4315-a4fc-7811b8d18340/datanode-2/data/ratis/7209f3eb-4bc0-4a51-9c25-3e201c5bd04f/current/log_inprogress_0
2019-09-17 15:51:27,559 [grpc-default-executor-2] INFO  impl.RaftServerImpl (ServerState.java:setLeader(253)) - 9794424a-f962-4c57-a99d-4ffccfa0a093@group-3E201C5BD04F: change Leader from null to 81953067-0759-430a-a659-0dcff6f5faa6 at term 1 for appendEntries, leader elected after 5213ms
2019-09-17 15:51:27,559 [grpc-default-executor-1] INFO  impl.RaftServerImpl (ServerState.java:setLeader(253)) - 67973089-3f97-4487-8ce0-46b1e1578af1@group-3E201C5BD04F: change Leader from null to 81953067-0759-430a-a659-0dcff6f5faa6 at term 1 for appendEntries, leader elected after 5213ms
2019-09-17 15:51:27,591 [grpc-default-executor-1] INFO  impl.RaftServerImpl (ServerState.java:setRaftConf(354)) - 9794424a-f962-4c57-a99d-4ffccfa0a093@group-3E201C5BD04F: set configuration 0: [9794424a-f962-4c57-a99d-4ffccfa0a093:192.168.34.42:41304, 81953067-0759-430a-a659-0dcff6f5faa6:192.168.34.42:39073, 67973089-3f97-4487-8ce0-46b1e1578af1:192.168.34.42:39149], old=null at 0
2019-09-17 15:51:27,591 [grpc-default-executor-2] INFO  impl.RaftServerImpl (ServerState.java:setRaftConf(354)) - 67973089-3f97-4487-8ce0-46b1e1578af1@group-3E201C5BD04F: set configuration 0: [9794424a-f962-4c57-a99d-4ffccfa0a093:192.168.34.42:41304, 81953067-0759-430a-a659-0dcff6f5faa6:192.168.34.42:39073, 67973089-3f97-4487-8ce0-46b1e1578af1:192.168.34.42:39149], old=null at 0
2019-09-17 15:51:27,591 [grpc-default-executor-1] INFO  segmented.SegmentedRaftLogWorker (SegmentedRaftLogWorker.java:startLogSegment(380)) - 9794424a-f962-4c57-a99d-4ffccfa0a093@group-3E201C5BD04F-SegmentedRaftLogWorker: Starting segment from index:0
2019-09-17 15:51:27,591 [grpc-default-executor-2] INFO  segmented.SegmentedRaftLogWorker (SegmentedRaftLogWorker.java:startLogSegment(380)) - 67973089-3f97-4487-8ce0-46b1e1578af1@group-3E201C5BD04F-SegmentedRaftLogWorker: Starting segment from index:0
2019-09-17 15:51:27,646 [9794424a-f962-4c57-a99d-4ffccfa0a093@group-3E201C5BD04F-SegmentedRaftLogWorker] INFO  segmented.SegmentedRaftLogWorker (SegmentedRaftLogWorker.java:execute(569)) - 9794424a-f962-4c57-a99d-4ffccfa0a093@group-3E201C5BD04F-SegmentedRaftLogWorker: created new log segment /workdir/hadoop-ozone/integration-test/target/test-dir/MiniOzoneClusterImpl-64ce5b8c-b79f-4315-a4fc-7811b8d18340/datanode-0/data/ratis/7209f3eb-4bc0-4a51-9c25-3e201c5bd04f/current/log_inprogress_0
2019-09-17 15:51:27,646 [67973089-3f97-4487-8ce0-46b1e1578af1@group-3E201C5BD04F-SegmentedRaftLogWorker] INFO  segmented.SegmentedRaftLogWorker (SegmentedRaftLogWorker.java:execute(569)) - 67973089-3f97-4487-8ce0-46b1e1578af1@group-3E201C5BD04F-SegmentedRaftLogWorker: created new log segment /workdir/hadoop-ozone/integration-test/target/test-dir/MiniOzoneClusterImpl-64ce5b8c-b79f-4315-a4fc-7811b8d18340/datanode-1/data/ratis/7209f3eb-4bc0-4a51-9c25-3e201c5bd04f/current/log_inprogress_0
2019-09-17 15:51:28,132 [grpc-default-executor-2] INFO  client.GrpcClientProtocolClient (GrpcClientProtocolClient.java:onNext(264)) - client-04B0874DE02A->67973089-3f97-4487-8ce0-46b1e1578af1: receive RaftClientReply:client-04B0874DE02A->67973089-3f97-4487-8ce0-46b1e1578af1@group-3E201C5BD04F, cid=7, FAILED org.apache.ratis.protocol.NotLeaderException: Server 67973089-3f97-4487-8ce0-46b1e1578af1@group-3E201C5BD04F is not the leader 81953067-0759-430a-a659-0dcff6f5faa6:192.168.34.42:39073, logIndex=0, commits[67973089-3f97-4487-8ce0-46b1e1578af1:c0, 9794424a-f962-4c57-a99d-4ffccfa0a093:c-1, 81953067-0759-430a-a659-0dcff6f5faa6:c0]
2019-09-17 15:51:28,448 [grpc-default-executor-1] INFO  client.GrpcClientProtocolClient (GrpcClientProtocolClient.java:onNext(264)) - client-04B0874DE02A->81953067-0759-430a-a659-0dcff6f5faa6: receive RaftClientReply:client-04B0874DE02A->81953067-0759-430a-a659-0dcff6f5faa6@group-3E201C5BD04F, cid=7, SUCCESS, logIndex=1, commits[81953067-0759-430a-a659-0dcff6f5faa6:c2, 9794424a-f962-4c57-a99d-4ffccfa0a093:c1, 67973089-3f97-4487-8ce0-46b1e1578af1:c1]
2019-09-17 15:51:28,496 [Thread-227] INFO  impl.FollowerState (FollowerState.java:run(106)) - 81953067-0759-430a-a659-0dcff6f5faa6:group-17B5DBFE68EA changes to CANDIDATE, lastRpcTime:5134, electionTimeout:5134ms
2019-09-17 15:51:28,499 [Thread-227] INFO  impl.RoleInfo (RoleInfo.java:shutdownFollowerState(121)) - 81953067-0759-430a-a659-0dcff6f5faa6: shutdown FollowerState
2019-09-17 15:51:28,499 [Thread-227] INFO  impl.RaftServerImpl (RaftServerImpl.java:setRole(174)) - 81953067-0759-430a-a659-0dcff6f5faa6@group-17B5DBFE68EA: changes role from  FOLLOWER to CANDIDATE at term 0 for changeToCandidate
2019-09-17 15:51:28,499 [Thread-227] INFO  impl.RoleInfo (RoleInfo.java:updateAndGet(143)) - 81953067-0759-430a-a659-0dcff6f5faa6: start LeaderElection
2019-09-17 15:51:28,507 [81953067-0759-430a-a659-0dcff6f5faa6@group-17B5DBFE68EA:LeaderElection6] INFO  impl.LeaderElection (LeaderElection.java:askForVotes(182)) - 81953067-0759-430a-a659-0dcff6f5faa6@group-17B5DBFE68EA:LeaderElection6: begin an election at term 1 for -1: [81953067-0759-430a-a659-0dcff6f5faa6:192.168.34.42:39073], old=null
2019-09-17 15:51:28,507 [81953067-0759-430a-a659-0dcff6f5faa6@group-17B5DBFE68EA:LeaderElection6] INFO  impl.RoleInfo (RoleInfo.java:shutdownLeaderElection(134)) - 81953067-0759-430a-a659-0dcff6f5faa6: shutdown LeaderElection
2019-09-17 15:51:28,507 [81953067-0759-430a-a659-0dcff6f5faa6@group-17B5DBFE68EA:LeaderElection6] INFO  impl.RaftServerImpl (RaftServerImpl.java:setRole(174)) - 81953067-0759-430a-a659-0dcff6f5faa6@group-17B5DBFE68EA: changes role from CANDIDATE to LEADER at term 1 for changeToLeader
2019-09-17 15:51:28,507 [81953067-0759-430a-a659-0dcff6f5faa6@group-17B5DBFE68EA:LeaderElection6] INFO  impl.RaftServerImpl (ServerState.java:setLeader(253)) - 81953067-0759-430a-a659-0dcff6f5faa6@group-17B5DBFE68EA: change Leader from null to 81953067-0759-430a-a659-0dcff6f5faa6 at term 1 for becomeLeader, leader elected after 5153ms
2019-09-17 15:51:28,507 [81953067-0759-430a-a659-0dcff6f5faa6@group-17B5DBFE68EA:LeaderElection6] INFO  server.RaftServerConfigKeys (ConfUtils.java:logGet(43)) - raft.server.staging.catchup.gap = 1000 (default)
2019-09-17 15:51:28,507 [81953067-0759-430a-a659-0dcff6f5faa6@group-17B5DBFE68EA:LeaderElection6] INFO  server.RaftServerConfigKeys (ConfUtils.java:logGet(43)) - raft.server.rpc.sleep.time = 25ms (default)
2019-09-17 15:51:28,508 [81953067-0759-430a-a659-0dcff6f5faa6@group-17B5DBFE68EA:LeaderElection6] INFO  server.RaftServerConfigKeys (ConfUtils.java:logGet(43)) - raft.server.write.element-limit = 4096 (default)
2019-09-17 15:51:28,508 [81953067-0759-430a-a659-0dcff6f5faa6@group-17B5DBFE68EA:LeaderElection6] INFO  server.RaftServerConfigKeys (ConfUtils.java:logGet(43)) - raft.server.watch.timeout = 10s (default)
2019-09-17 15:51:28,508 [81953067-0759-430a-a659-0dcff6f5faa6@group-17B5DBFE68EA:LeaderElection6] INFO  server.RaftServerConfigKeys (ConfUtils.java:logGet(43)) - raft.server.watch.timeout.denomination = 1s (default)
2019-09-17 15:51:28,508 [81953067-0759-430a-a659-0dcff6f5faa6@group-17B5DBFE68EA:LeaderElection6] INFO  server.RaftServerConfigKeys (ConfUtils.java:logGet(43)) - raft.server.watch.element-limit = 65536 (default)
2019-09-17 15:51:28,512 [81953067-0759-430a-a659-0dcff6f5faa6@group-17B5DBFE68EA:LeaderElection6] INFO  impl.RoleInfo (RoleInfo.java:updateAndGet(143)) - 81953067-0759-430a-a659-0dcff6f5faa6: start LeaderState
2019-09-17 15:51:28,513 [81953067-0759-430a-a659-0dcff6f5faa6@group-17B5DBFE68EA:LeaderElection6] INFO  segmented.SegmentedRaftLogWorker (SegmentedRaftLogWorker.java:startLogSegment(380)) - 81953067-0759-430a-a659-0dcff6f5faa6@group-17B5DBFE68EA-SegmentedRaftLogWorker: Starting segment from index:0
2019-09-17 15:51:28,513 [81953067-0759-430a-a659-0dcff6f5faa6@group-17B5DBFE68EA:LeaderElection6] INFO  impl.RaftServerImpl (ServerState.java:setRaftConf(354)) - 81953067-0759-430a-a659-0dcff6f5faa6@group-17B5DBFE68EA: set configuration 0: [81953067-0759-430a-a659-0dcff6f5faa6:192.168.34.42:39073], old=null at 0
2019-09-17 15:51:28,550 [81953067-0759-430a-a659-0dcff6f5faa6@group-17B5DBFE68EA-SegmentedRaftLogWorker] INFO  segmented.SegmentedRaftLogWorker (SegmentedRaftLogWorker.java:execute(569)) - 81953067-0759-430a-a659-0dcff6f5faa6@group-17B5DBFE68EA-SegmentedRaftLogWorker: created new log segment /workdir/hadoop-ozone/integration-test/target/test-dir/MiniOzoneClusterImpl-64ce5b8c-b79f-4315-a4fc-7811b8d18340/datanode-2/data/ratis/835bf010-ceda-4616-a7cb-17b5dbfe68ea/current/log_inprogress_0
2019-09-17 15:51:28,553 [Thread-232] INFO  impl.FollowerState (FollowerState.java:run(106)) - 9794424a-f962-4c57-a99d-4ffccfa0a093:group-C5A95EF6D4C1 changes to CANDIDATE, lastRpcTime:5105, electionTimeout:5105ms
2019-09-17 15:51:28,553 [Thread-232] INFO  impl.RoleInfo (RoleInfo.java:shutdownFollowerState(121)) - 9794424a-f962-4c57-a99d-4ffccfa0a093: shutdown FollowerState
2019-09-17 15:51:28,553 [Thread-232] INFO  impl.RaftServerImpl (RaftServerImpl.java:setRole(174)) - 9794424a-f962-4c57-a99d-4ffccfa0a093@group-C5A95EF6D4C1: changes role from  FOLLOWER to CANDIDATE at term 0 for changeToCandidate
2019-09-17 15:51:28,554 [Thread-232] INFO  impl.RoleInfo (RoleInfo.java:updateAndGet(143)) - 9794424a-f962-4c57-a99d-4ffccfa0a093: start LeaderElection
2019-09-17 15:51:28,567 [9794424a-f962-4c57-a99d-4ffccfa0a093@group-C5A95EF6D4C1:LeaderElection7] INFO  impl.LeaderElection (LeaderElection.java:askForVotes(182)) - 9794424a-f962-4c57-a99d-4ffccfa0a093@group-C5A95EF6D4C1:LeaderElection7: begin an election at term 1 for -1: [9794424a-f962-4c57-a99d-4ffccfa0a093:192.168.34.42:41304, 81953067-0759-430a-a659-0dcff6f5faa6:192.168.34.42:39073, 67973089-3f97-4487-8ce0-46b1e1578af1:192.168.34.42:39149], old=null
2019-09-17 15:51:28,578 [grpc-default-executor-1] INFO  impl.RaftServerImpl (RaftServerImpl.java:setRole(174)) - 81953067-0759-430a-a659-0dcff6f5faa6@group-C5A95EF6D4C1: changes role from  FOLLOWER to FOLLOWER at term 1 for recognizeCandidate:9794424a-f962-4c57-a99d-4ffccfa0a093
2019-09-17 15:51:28,578 [grpc-default-executor-1] INFO  impl.RoleInfo (RoleInfo.java:shutdownFollowerState(121)) - 81953067-0759-430a-a659-0dcff6f5faa6: shutdown FollowerState
2019-09-17 15:51:28,580 [grpc-default-executor-2] INFO  impl.RaftServerImpl (RaftServerImpl.java:setRole(174)) - 67973089-3f97-4487-8ce0-46b1e1578af1@group-C5A95EF6D4C1: changes role from  FOLLOWER to FOLLOWER at term 1 for recognizeCandidate:9794424a-f962-4c57-a99d-4ffccfa0a093
2019-09-17 15:51:28,580 [Thread-234] INFO  impl.FollowerState (FollowerState.java:run(115)) - 81953067-0759-430a-a659-0dcff6f5faa6: FollowerState was interrupted: java.lang.InterruptedException: sleep interrupted
2019-09-17 15:51:28,580 [grpc-default-executor-1] INFO  impl.RoleInfo (RoleInfo.java:updateAndGet(143)) - 81953067-0759-430a-a659-0dcff6f5faa6: start FollowerState
2019-09-17 15:51:28,580 [grpc-default-executor-2] INFO  impl.RoleInfo (RoleInfo.java:shutdownFollowerState(121)) - 67973089-3f97-4487-8ce0-46b1e1578af1: shutdown FollowerState
2019-09-17 15:51:28,582 [grpc-default-executor-2] INFO  impl.RoleInfo (RoleInfo.java:updateAndGet(143)) - 67973089-3f97-4487-8ce0-46b1e1578af1: start FollowerState
2019-09-17 15:51:28,582 [Thread-236] INFO  impl.FollowerState (FollowerState.java:run(115)) - 67973089-3f97-4487-8ce0-46b1e1578af1: FollowerState was interrupted: java.lang.InterruptedException: sleep interrupted
2019-09-17 15:51:28,593 [grpc-default-executor-0] INFO  client.GrpcClientProtocolClient (GrpcClientProtocolClient.java:onNext(264)) - client-04B0874DE02A->81953067-0759-430a-a659-0dcff6f5faa6: receive RaftClientReply:client-04B0874DE02A->81953067-0759-430a-a659-0dcff6f5faa6@group-3E201C5BD04F, cid=8, SUCCESS, logIndex=3, commits[81953067-0759-430a-a659-0dcff6f5faa6:c4, 9794424a-f962-4c57-a99d-4ffccfa0a093:c3, 67973089-3f97-4487-8ce0-46b1e1578af1:c3]
2019-09-17 15:51:28,599 [9794424a-f962-4c57-a99d-4ffccfa0a093@group-C5A95EF6D4C1:LeaderElection7] INFO  impl.LeaderElection (LeaderElection.java:logAndReturn(56)) - 9794424a-f962-4c57-a99d-4ffccfa0a093@group-C5A95EF6D4C1:LeaderElection7: Election PASSED; received 1 response(s) [9794424a-f962-4c57-a99d-4ffccfa0a093<-81953067-0759-430a-a659-0dcff6f5faa6#0:OK-t1] and 0 exception(s); 9794424a-f962-4c57-a99d-4ffccfa0a093@group-C5A95EF6D4C1:t1, leader=null, voted=9794424a-f962-4c57-a99d-4ffccfa0a093, raftlog=9794424a-f962-4c57-a99d-4ffccfa0a093@group-C5A95EF6D4C1-SegmentedRaftLog:OPENED:c-1,f-1,i0, conf=-1: [9794424a-f962-4c57-a99d-4ffccfa0a093:192.168.34.42:41304, 81953067-0759-430a-a659-0dcff6f5faa6:192.168.34.42:39073, 67973089-3f97-4487-8ce0-46b1e1578af1:192.168.34.42:39149], old=null
2019-09-17 15:51:28,599 [9794424a-f962-4c57-a99d-4ffccfa0a093@group-C5A95EF6D4C1:LeaderElection7] INFO  impl.RoleInfo (RoleInfo.java:shutdownLeaderElection(134)) - 9794424a-f962-4c57-a99d-4ffccfa0a093: shutdown LeaderElection
2019-09-17 15:51:28,601 [9794424a-f962-4c57-a99d-4ffccfa0a093@group-C5A95EF6D4C1:LeaderElection7] INFO  impl.RaftServerImpl (RaftServerImpl.java:setRole(174)) - 9794424a-f962-4c57-a99d-4ffccfa0a093@group-C5A95EF6D4C1: changes role from CANDIDATE to LEADER at term 1 for changeToLeader
2019-09-17 15:51:28,602 [9794424a-f962-4c57-a99d-4ffccfa0a093@group-C5A95EF6D4C1:LeaderElection7] INFO  impl.RaftServerImpl (ServerState.java:setLeader(253)) - 9794424a-f962-4c57-a99d-4ffccfa0a093@group-C5A95EF6D4C1: change Leader from null to 9794424a-f962-4c57-a99d-4ffccfa0a093 at term 1 for becomeLeader, leader elected after 5169ms
2019-09-17 15:51:28,603 [9794424a-f962-4c57-a99d-4ffccfa0a093@group-C5A95EF6D4C1:LeaderElection7] INFO  server.RaftServerConfigKeys (ConfUtils.java:logGet(43)) - raft.server.staging.catchup.gap = 1000 (default)
2019-09-17 15:51:28,603 [9794424a-f962-4c57-a99d-4ffccfa0a093@group-C5A95EF6D4C1:LeaderElection7] INFO  server.RaftServerConfigKeys (ConfUtils.java:logGet(43)) - raft.server.rpc.sleep.time = 25ms (default)
2019-09-17 15:51:28,603 [9794424a-f962-4c57-a99d-4ffccfa0a093@group-C5A95EF6D4C1:LeaderElection7] INFO  server.RaftServerConfigKeys (ConfUtils.java:logGet(43)) - raft.server.write.element-limit = 4096 (default)
2019-09-17 15:51:28,603 [9794424a-f962-4c57-a99d-4ffccfa0a093@group-C5A95EF6D4C1:LeaderElection7] INFO  server.RaftServerConfigKeys (ConfUtils.java:logGet(43)) - raft.server.watch.timeout = 10s (default)
2019-09-17 15:51:28,603 [9794424a-f962-4c57-a99d-4ffccfa0a093@group-C5A95EF6D4C1:LeaderElection7] INFO  server.RaftServerConfigKeys (ConfUtils.java:logGet(43)) - raft.server.watch.timeout.denomination = 1s (default)
2019-09-17 15:51:28,604 [9794424a-f962-4c57-a99d-4ffccfa0a093@group-C5A95EF6D4C1:LeaderElection7] INFO  server.RaftServerConfigKeys (ConfUtils.java:logGet(43)) - raft.server.watch.element-limit = 65536 (default)
2019-09-17 15:51:28,607 [9794424a-f962-4c57-a99d-4ffccfa0a093@group-C5A95EF6D4C1:LeaderElection7] INFO  server.RaftServerConfigKeys (ConfUtils.java:logGet(43)) - raft.server.log.appender.snapshot.chunk.size.max = 16MB (=16777216) (default)
2019-09-17 15:51:28,608 [9794424a-f962-4c57-a99d-4ffccfa0a093@group-C5A95EF6D4C1:LeaderElection7] INFO  server.RaftServerConfigKeys (ConfUtils.java:logGet(43)) - raft.server.log.appender.buffer.byte-limit = 33554432 (custom)
2019-09-17 15:51:28,608 [9794424a-f962-4c57-a99d-4ffccfa0a093@group-C5A95EF6D4C1:LeaderElection7] INFO  server.RaftServerConfigKeys (ConfUtils.java:logGet(43)) - raft.server.log.appender.buffer.element-limit = 1 (custom)
2019-09-17 15:51:28,608 [9794424a-f962-4c57-a99d-4ffccfa0a093@group-C5A95EF6D4C1:LeaderElection7] INFO  grpc.GrpcConfigKeys$Server (ConfUtils.java:logGet(43)) - raft.grpc.server.leader.outstanding.appends.max = 128 (default)
2019-09-17 15:51:28,610 [9794424a-f962-4c57-a99d-4ffccfa0a093@group-C5A95EF6D4C1:LeaderElection7] INFO  server.RaftServerConfigKeys (ConfUtils.java:logGet(43)) - raft.server.rpc.request.timeout = 3000ms (default)
2019-09-17 15:51:28,610 [9794424a-f962-4c57-a99d-4ffccfa0a093@group-C5A95EF6D4C1:LeaderElection7] INFO  server.RaftServerConfigKeys (ConfUtils.java:logGet(43)) - raft.server.log.appender.install.snapshot.enabled = false (custom)
2019-09-17 15:51:28,610 [9794424a-f962-4c57-a99d-4ffccfa0a093@group-C5A95EF6D4C1:LeaderElection7] INFO  server.RaftServerConfigKeys (ConfUtils.java:logGet(43)) - raft.server.log.appender.snapshot.chunk.size.max = 16MB (=16777216) (default)
2019-09-17 15:51:28,612 [9794424a-f962-4c57-a99d-4ffccfa0a093@group-C5A95EF6D4C1:LeaderElection7] INFO  server.RaftServerConfigKeys (ConfUtils.java:logGet(43)) - raft.server.log.appender.buffer.byte-limit = 33554432 (custom)
2019-09-17 15:51:28,612 [9794424a-f962-4c57-a99d-4ffccfa0a093@group-C5A95EF6D4C1:LeaderElection7] INFO  server.RaftServerConfigKeys (ConfUtils.java:logGet(43)) - raft.server.log.appender.buffer.element-limit = 1 (custom)
2019-09-17 15:51:28,612 [9794424a-f962-4c57-a99d-4ffccfa0a093@group-C5A95EF6D4C1:LeaderElection7] INFO  grpc.GrpcConfigKeys$Server (ConfUtils.java:logGet(43)) - raft.grpc.server.leader.outstanding.appends.max = 128 (default)
2019-09-17 15:51:28,612 [9794424a-f962-4c57-a99d-4ffccfa0a093@group-C5A95EF6D4C1:LeaderElection7] INFO  server.RaftServerConfigKeys (ConfUtils.java:logGet(43)) - raft.server.rpc.request.timeout = 3000ms (default)
2019-09-17 15:51:28,613 [9794424a-f962-4c57-a99d-4ffccfa0a093@group-C5A95EF6D4C1:LeaderElection7] INFO  server.RaftServerConfigKeys (ConfUtils.java:logGet(43)) - raft.server.log.appender.install.snapshot.enabled = false (custom)
2019-09-17 15:51:28,613 [9794424a-f962-4c57-a99d-4ffccfa0a093@group-C5A95EF6D4C1:LeaderElection7] INFO  impl.RoleInfo (RoleInfo.java:updateAndGet(143)) - 9794424a-f962-4c57-a99d-4ffccfa0a093: start LeaderState
2019-09-17 15:51:28,613 [9794424a-f962-4c57-a99d-4ffccfa0a093@group-C5A95EF6D4C1:LeaderElection7] INFO  segmented.SegmentedRaftLogWorker (SegmentedRaftLogWorker.java:startLogSegment(380)) - 9794424a-f962-4c57-a99d-4ffccfa0a093@group-C5A95EF6D4C1-SegmentedRaftLogWorker: Starting segment from index:0
2019-09-17 15:51:28,614 [9794424a-f962-4c57-a99d-4ffccfa0a093@group-C5A95EF6D4C1:LeaderElection7] INFO  impl.RaftServerImpl (ServerState.java:setRaftConf(354)) - 9794424a-f962-4c57-a99d-4ffccfa0a093@group-C5A95EF6D4C1: set configuration 0: [9794424a-f962-4c57-a99d-4ffccfa0a093:192.168.34.42:41304, 81953067-0759-430a-a659-0dcff6f5faa6:192.168.34.42:39073, 67973089-3f97-4487-8ce0-46b1e1578af1:192.168.34.42:39149], old=null at 0
2019-09-17 15:51:28,648 [grpc-default-executor-1] INFO  impl.RaftServerImpl (ServerState.java:setLeader(253)) - 67973089-3f97-4487-8ce0-46b1e1578af1@group-C5A95EF6D4C1: change Leader from null to 9794424a-f962-4c57-a99d-4ffccfa0a093 at term 1 for appendEntries, leader elected after 5214ms
2019-09-17 15:51:28,650 [grpc-default-executor-2] INFO  impl.RaftServerImpl (ServerState.java:setLeader(253)) - 81953067-0759-430a-a659-0dcff6f5faa6@group-C5A95EF6D4C1: change Leader from null to 9794424a-f962-4c57-a99d-4ffccfa0a093 at term 1 for appendEntries, leader elected after 5217ms
2019-09-17 15:51:28,653 [grpc-default-executor-2] INFO  impl.RaftServerImpl (ServerState.java:setRaftConf(354)) - 67973089-3f97-4487-8ce0-46b1e1578af1@group-C5A95EF6D4C1: set configuration 0: [9794424a-f962-4c57-a99d-4ffccfa0a093:192.168.34.42:41304, 81953067-0759-430a-a659-0dcff6f5faa6:192.168.34.42:39073, 67973089-3f97-4487-8ce0-46b1e1578af1:192.168.34.42:39149], old=null at 0
2019-09-17 15:51:28,654 [grpc-default-executor-2] INFO  segmented.SegmentedRaftLogWorker (SegmentedRaftLogWorker.java:startLogSegment(380)) - 67973089-3f97-4487-8ce0-46b1e1578af1@group-C5A95EF6D4C1-SegmentedRaftLogWorker: Starting segment from index:0
2019-09-17 15:51:28,654 [grpc-default-executor-1] INFO  impl.RaftServerImpl (ServerState.java:setRaftConf(354)) - 81953067-0759-430a-a659-0dcff6f5faa6@group-C5A95EF6D4C1: set configuration 0: [9794424a-f962-4c57-a99d-4ffccfa0a093:192.168.34.42:41304, 81953067-0759-430a-a659-0dcff6f5faa6:192.168.34.42:39073, 67973089-3f97-4487-8ce0-46b1e1578af1:192.168.34.42:39149], old=null at 0
2019-09-17 15:51:28,654 [grpc-default-executor-1] INFO  segmented.SegmentedRaftLogWorker (SegmentedRaftLogWorker.java:startLogSegment(380)) - 81953067-0759-430a-a659-0dcff6f5faa6@group-C5A95EF6D4C1-SegmentedRaftLogWorker: Starting segment from index:0
2019-09-17 15:51:28,658 [main] ERROR container.ContainerStateManager (ContainerStateManager.java:updateContainerState(335)) - Failed to update container state #1, reason: invalid state transition from state: CLOSING upon event: FINALIZE.
2019-09-17 15:51:28,669 [9794424a-f962-4c57-a99d-4ffccfa0a093@group-C5A95EF6D4C1-SegmentedRaftLogWorker] INFO  segmented.SegmentedRaftLogWorker (SegmentedRaftLogWorker.java:execute(569)) - 9794424a-f962-4c57-a99d-4ffccfa0a093@group-C5A95EF6D4C1-SegmentedRaftLogWorker: created new log segment /workdir/hadoop-ozone/integration-test/target/test-dir/MiniOzoneClusterImpl-64ce5b8c-b79f-4315-a4fc-7811b8d18340/datanode-0/data/ratis/c073a02e-1f9a-4bdd-8603-c5a95ef6d4c1/current/log_inprogress_0
]]></system-out>
    <system-err><![CDATA[ERROR StatusLogger No Log4j 2 configuration file found. Using default configuration (logging only errors to the console), or user programmatically provided configurations. Set system property 'log4j2.debug' to show Log4j 2 internal initialization logging. See https://logging.apache.org/log4j/2.x/manual/configuration.html for instructions on how to configure Log4j 2
]]></system-err>
  </testcase>
</testsuite>