<?xml version="1.0" encoding="UTF-8"?>
<testsuite xmlns:xsi="http://www.w3.org/2001/XMLSchema-instance" xsi:noNamespaceSchemaLocation="https://maven.apache.org/surefire/maven-surefire-plugin/xsd/surefire-test-report.xsd" name="org.apache.hadoop.ozone.om.TestScmSafeMode" time="144.37" tests="5" errors="1" skipped="0" failures="0">
  <properties>
    <property name="awt.toolkit" value="sun.awt.X11.XToolkit"/>
    <property name="file.encoding.pkg" value="sun.io"/>
    <property name="java.specification.version" value="1.8"/>
    <property name="sun.cpu.isalist" value=""/>
    <property name="sun.jnu.encoding" value="UTF-8"/>
    <property name="java.class.path" value="/workdir/hadoop-ozone/integration-test/target/test-classes:/workdir/hadoop-ozone/integration-test/target/classes:/home/user/.m2/repository/org/apache/hadoop/hadoop-ozone-common/0.5.0-SNAPSHOT/hadoop-ozone-common-0.5.0-SNAPSHOT.jar:/home/user/.m2/repository/org/apache/commons/commons-compress/1.4.1/commons-compress-1.4.1.jar:/home/user/.m2/repository/org/tukaani/xz/1.0/xz-1.0.jar:/home/user/.m2/repository/org/apache/hadoop/hadoop-common/3.2.0/hadoop-common-3.2.0.jar:/home/user/.m2/repository/org/apache/hadoop/hadoop-hdfs/3.2.0/hadoop-hdfs-3.2.0.jar:/home/user/.m2/repository/org/apache/hadoop/hadoop-hdfs-client/3.2.0/hadoop-hdfs-client-3.2.0.jar:/home/user/.m2/repository/com/fasterxml/jackson/core/jackson-annotations/2.9.5/jackson-annotations-2.9.5.jar:/home/user/.m2/repository/org/apache/hadoop/hadoop-hdds-common/0.5.0-SNAPSHOT/hadoop-hdds-common-0.5.0-SNAPSHOT.jar:/home/user/.m2/repository/javax/annotation/javax.annotation-api/1.2/javax.annotation-api-1.2.jar:/home/user/.m2/repository/org/apache/ratis/ratis-server/0.4.0-2337318-SNAPSHOT/ratis-server-0.4.0-2337318-SNAPSHOT.jar:/home/user/.m2/repository/org/apache/ratis/ratis-thirdparty-misc/0.2.0/ratis-thirdparty-misc-0.2.0.jar:/home/user/.m2/repository/org/apache/ratis/ratis-proto/0.4.0-2337318-SNAPSHOT/ratis-proto-0.4.0-2337318-SNAPSHOT.jar:/home/user/.m2/repository/org/apache/ratis/ratis-common/0.4.0-2337318-SNAPSHOT/ratis-common-0.4.0-2337318-SNAPSHOT.jar:/home/user/.m2/repository/org/apache/ratis/ratis-client/0.4.0-2337318-SNAPSHOT/ratis-client-0.4.0-2337318-SNAPSHOT.jar:/home/user/.m2/repository/org/apache/ratis/ratis-metrics/0.4.0-2337318-SNAPSHOT/ratis-metrics-0.4.0-2337318-SNAPSHOT.jar:/home/user/.m2/repository/org/apache/ratis/ratis-netty/0.4.0-2337318-SNAPSHOT/ratis-netty-0.4.0-2337318-SNAPSHOT.jar:/home/user/.m2/repository/org/apache/ratis/ratis-grpc/0.4.0-2337318-SNAPSHOT/ratis-grpc-0.4.0-2337318-SNAPSHOT.jar:/home/user/.m2/repository/org/rocksdb/rocksdbjni/6.0.1/rocksdbjni-6.0.1.jar:/home/user/.m2/repository/org/apache/logging/log4j/log4j-api/2.11.0/log4j-api-2.11.0.jar:/home/user/.m2/repository/org/apache/logging/log4j/log4j-core/2.11.0/log4j-core-2.11.0.jar:/home/user/.m2/repository/com/lmax/disruptor/3.4.2/disruptor-3.4.2.jar:/home/user/.m2/repository/org/apache/commons/commons-pool2/2.6.0/commons-pool2-2.6.0.jar:/home/user/.m2/repository/org/bouncycastle/bcpkix-jdk15on/1.60/bcpkix-jdk15on-1.60.jar:/home/user/.m2/repository/commons-validator/commons-validator/1.6/commons-validator-1.6.jar:/home/user/.m2/repository/commons-digester/commons-digester/1.8.1/commons-digester-1.8.1.jar:/home/user/.m2/repository/io/jaegertracing/jaeger-client/0.33.1/jaeger-client-0.33.1.jar:/home/user/.m2/repository/io/jaegertracing/jaeger-thrift/0.33.1/jaeger-thrift-0.33.1.jar:/home/user/.m2/repository/org/apache/thrift/libthrift/0.11.0/libthrift-0.11.0.jar:/home/user/.m2/repository/com/squareup/okhttp3/okhttp/3.9.0/okhttp-3.9.0.jar:/home/user/.m2/repository/com/squareup/okio/okio/1.13.0/okio-1.13.0.jar:/home/user/.m2/repository/io/jaegertracing/jaeger-core/0.33.1/jaeger-core-0.33.1.jar:/home/user/.m2/repository/io/jaegertracing/jaeger-tracerresolver/0.33.1/jaeger-tracerresolver-0.33.1.jar:/home/user/.m2/repository/io/opentracing/contrib/opentracing-tracerresolver/0.1.5/opentracing-tracerresolver-0.1.5.jar:/home/user/.m2/repository/io/opentracing/opentracing-util/0.31.0/opentracing-util-0.31.0.jar:/home/user/.m2/repository/io/opentracing/opentracing-api/0.31.0/opentracing-api-0.31.0.jar:/home/user/.m2/repository/io/opentracing/opentracing-noop/0.31.0/opentracing-noop-0.31.0.jar:/home/user/.m2/repository/org/apache/hadoop/hadoop-hdds-server-framework/0.5.0-SNAPSHOT/hadoop-hdds-server-framework-0.5.0-SNAPSHOT.jar:/home/user/.m2/repository/org/apache/hadoop/hadoop-hdds-container-service/0.5.0-SNAPSHOT/hadoop-hdds-container-service-0.5.0-SNAPSHOT.jar:/home/user/.m2/repository/org/apache/hadoop/hadoop-hdds-client/0.5.0-SNAPSHOT/hadoop-hdds-client-0.5.0-SNAPSHOT.jar:/home/user/.m2/repository/org/apache/hadoop/hadoop-hdds-tools/0.5.0-SNAPSHOT/hadoop-hdds-tools-0.5.0-SNAPSHOT.jar:/home/user/.m2/repository/org/apache/hadoop/hadoop-hdds-server-scm/0.5.0-SNAPSHOT/hadoop-hdds-server-scm-0.5.0-SNAPSHOT.jar:/home/user/.m2/repository/org/apache/hadoop/hadoop-hdds-docs/0.5.0-SNAPSHOT/hadoop-hdds-docs-0.5.0-SNAPSHOT.jar:/home/user/.m2/repository/io/dropwizard/metrics/metrics-core/3.2.4/metrics-core-3.2.4.jar:/home/user/.m2/repository/org/hamcrest/hamcrest-all/1.3/hamcrest-all-1.3.jar:/home/user/.m2/repository/org/bouncycastle/bcprov-jdk15on/1.60/bcprov-jdk15on-1.60.jar:/home/user/.m2/repository/info/picocli/picocli/3.9.6/picocli-3.9.6.jar:/home/user/.m2/repository/com/google/protobuf/protobuf-java/2.5.0/protobuf-java-2.5.0.jar:/home/user/.m2/repository/com/google/guava/guava/11.0.2/guava-11.0.2.jar:/home/user/.m2/repository/org/apache/hadoop/hadoop-ozone-ozone-manager/0.5.0-SNAPSHOT/hadoop-ozone-ozone-manager-0.5.0-SNAPSHOT.jar:/home/user/.m2/repository/org/apache/hadoop/hadoop-minikdc/3.2.0/hadoop-minikdc-3.2.0.jar:/home/user/.m2/repository/commons-io/commons-io/2.5/commons-io-2.5.jar:/home/user/.m2/repository/org/apache/kerby/kerb-simplekdc/1.0.1/kerb-simplekdc-1.0.1.jar:/home/user/.m2/repository/org/apache/kerby/kerb-client/1.0.1/kerb-client-1.0.1.jar:/home/user/.m2/repository/org/apache/kerby/kerby-config/1.0.1/kerby-config-1.0.1.jar:/home/user/.m2/repository/org/apache/kerby/kerb-core/1.0.1/kerb-core-1.0.1.jar:/home/user/.m2/repository/org/apache/kerby/kerby-pkix/1.0.1/kerby-pkix-1.0.1.jar:/home/user/.m2/repository/org/apache/kerby/kerby-asn1/1.0.1/kerby-asn1-1.0.1.jar:/home/user/.m2/repository/org/apache/kerby/kerby-util/1.0.1/kerby-util-1.0.1.jar:/home/user/.m2/repository/org/apache/kerby/kerb-common/1.0.1/kerb-common-1.0.1.jar:/home/user/.m2/repository/org/apache/kerby/kerb-crypto/1.0.1/kerb-crypto-1.0.1.jar:/home/user/.m2/repository/org/apache/kerby/kerb-util/1.0.1/kerb-util-1.0.1.jar:/home/user/.m2/repository/org/apache/kerby/token-provider/1.0.1/token-provider-1.0.1.jar:/home/user/.m2/repository/org/apache/kerby/kerb-admin/1.0.1/kerb-admin-1.0.1.jar:/home/user/.m2/repository/org/apache/kerby/kerb-server/1.0.1/kerb-server-1.0.1.jar:/home/user/.m2/repository/org/apache/kerby/kerb-identity/1.0.1/kerb-identity-1.0.1.jar:/home/user/.m2/repository/org/apache/kerby/kerby-xdr/1.0.1/kerby-xdr-1.0.1.jar:/home/user/.m2/repository/org/slf4j/slf4j-log4j12/1.7.25/slf4j-log4j12-1.7.25.jar:/home/user/.m2/repository/org/apache/hadoop/hadoop-ozone-objectstore-service/0.5.0-SNAPSHOT/hadoop-ozone-objectstore-service-0.5.0-SNAPSHOT.jar:/home/user/.m2/repository/org/apache/hadoop/hadoop-ozone-s3gateway/0.5.0-SNAPSHOT/hadoop-ozone-s3gateway-0.5.0-SNAPSHOT.jar:/home/user/.m2/repository/org/jboss/weld/servlet/weld-servlet/2.4.7.Final/weld-servlet-2.4.7.Final.jar:/home/user/.m2/repository/org/glassfish/jersey/containers/jersey-container-servlet-core/2.27/jersey-container-servlet-core-2.27.jar:/home/user/.m2/repository/org/glassfish/hk2/external/javax.inject/2.5.0-b42/javax.inject-2.5.0-b42.jar:/home/user/.m2/repository/org/glassfish/jersey/core/jersey-common/2.27/jersey-common-2.27.jar:/home/user/.m2/repository/org/glassfish/hk2/osgi-resource-locator/1.0.1/osgi-resource-locator-1.0.1.jar:/home/user/.m2/repository/javax/ws/rs/javax.ws.rs-api/2.1/javax.ws.rs-api-2.1.jar:/home/user/.m2/repository/org/glassfish/jersey/ext/cdi/jersey-cdi1x/2.27/jersey-cdi1x-2.27.jar:/home/user/.m2/repository/org/glassfish/jersey/inject/jersey-hk2/2.27/jersey-hk2-2.27.jar:/home/user/.m2/repository/org/glassfish/hk2/hk2-locator/2.5.0-b42/hk2-locator-2.5.0-b42.jar:/home/user/.m2/repository/org/javassist/javassist/3.22.0-CR2/javassist-3.22.0-CR2.jar:/home/user/.m2/repository/org/glassfish/hk2/hk2-api/2.5.0/hk2-api-2.5.0.jar:/home/user/.m2/repository/org/glassfish/hk2/external/jakarta.inject/2.5.0/jakarta.inject-2.5.0.jar:/home/user/.m2/repository/org/glassfish/hk2/hk2-utils/2.5.0/hk2-utils-2.5.0.jar:/home/user/.m2/repository/jakarta/annotation/jakarta.annotation-api/1.3.4/jakarta.annotation-api-1.3.4.jar:/home/user/.m2/repository/org/glassfish/hk2/external/aopalliance-repackaged/2.5.0/aopalliance-repackaged-2.5.0.jar:/home/user/.m2/repository/com/fasterxml/jackson/dataformat/jackson-dataformat-xml/2.9.0/jackson-dataformat-xml-2.9.0.jar:/home/user/.m2/repository/com/fasterxml/jackson/core/jackson-core/2.9.5/jackson-core-2.9.5.jar:/home/user/.m2/repository/com/fasterxml/jackson/module/jackson-module-jaxb-annotations/2.9.5/jackson-module-jaxb-annotations-2.9.5.jar:/home/user/.m2/repository/javax/enterprise/cdi-api/1.2/cdi-api-1.2.jar:/home/user/.m2/repository/javax/el/javax.el-api/3.0.0/javax.el-api-3.0.0.jar:/home/user/.m2/repository/javax/interceptor/javax.interceptor-api/1.2/javax.interceptor-api-1.2.jar:/home/user/.m2/repository/javax/inject/javax.inject/1/javax.inject-1.jar:/home/user/.m2/repository/com/sun/xml/bind/jaxb-impl/2.3.0.1/jaxb-impl-2.3.0.1.jar:/home/user/.m2/repository/com/sun/xml/bind/jaxb-core/2.3.0.1/jaxb-core-2.3.0.1.jar:/home/user/.m2/repository/javax/xml/bind/jaxb-api/2.3.0/jaxb-api-2.3.0.jar:/home/user/.m2/repository/javax/activation/activation/1.1.1/activation-1.1.1.jar:/home/user/.m2/repository/org/apache/hadoop/hadoop-ozone-csi/0.5.0-SNAPSHOT/hadoop-ozone-csi-0.5.0-SNAPSHOT.jar:/home/user/.m2/repository/com/google/protobuf/protobuf-java-util/3.5.1/protobuf-java-util-3.5.1.jar:/home/user/.m2/repository/org/apache/hadoop/hadoop-hdds-config/0.5.0-SNAPSHOT/hadoop-hdds-config-0.5.0-SNAPSHOT.jar:/home/user/.m2/repository/io/grpc/grpc-netty/1.17.1/grpc-netty-1.17.1.jar:/home/user/.m2/repository/io/grpc/grpc-core/1.17.1/grpc-core-1.17.1.jar:/home/user/.m2/repository/io/grpc/grpc-context/1.17.1/grpc-context-1.17.1.jar:/home/user/.m2/repository/com/google/errorprone/error_prone_annotations/2.2.0/error_prone_annotations-2.2.0.jar:/home/user/.m2/repository/org/codehaus/mojo/animal-sniffer-annotations/1.17/animal-sniffer-annotations-1.17.jar:/home/user/.m2/repository/io/opencensus/opencensus-api/0.17.0/opencensus-api-0.17.0.jar:/home/user/.m2/repository/io/opencensus/opencensus-contrib-grpc-metrics/0.17.0/opencensus-contrib-grpc-metrics-0.17.0.jar:/home/user/.m2/repository/io/netty/netty-codec-http2/4.1.30.Final/netty-codec-http2-4.1.30.Final.jar:/home/user/.m2/repository/io/netty/netty-codec-http/4.1.30.Final/netty-codec-http-4.1.30.Final.jar:/home/user/.m2/repository/io/netty/netty-codec/4.1.30.Final/netty-codec-4.1.30.Final.jar:/home/user/.m2/repository/io/netty/netty-handler/4.1.30.Final/netty-handler-4.1.30.Final.jar:/home/user/.m2/repository/io/netty/netty-handler-proxy/4.1.30.Final/netty-handler-proxy-4.1.30.Final.jar:/home/user/.m2/repository/io/netty/netty-codec-socks/4.1.30.Final/netty-codec-socks-4.1.30.Final.jar:/home/user/.m2/repository/io/netty/netty-transport-native-epoll/4.1.30.Final/netty-transport-native-epoll-4.1.30.Final.jar:/home/user/.m2/repository/io/netty/netty-common/4.1.30.Final/netty-common-4.1.30.Final.jar:/home/user/.m2/repository/io/netty/netty-buffer/4.1.30.Final/netty-buffer-4.1.30.Final.jar:/home/user/.m2/repository/io/netty/netty-transport/4.1.30.Final/netty-transport-4.1.30.Final.jar:/home/user/.m2/repository/io/netty/netty-resolver/4.1.30.Final/netty-resolver-4.1.30.Final.jar:/home/user/.m2/repository/io/netty/netty-transport-native-unix-common/4.1.30.Final/netty-transport-native-unix-common-4.1.30.Final.jar:/home/user/.m2/repository/io/grpc/grpc-protobuf/1.17.1/grpc-protobuf-1.17.1.jar:/home/user/.m2/repository/com/google/api/grpc/proto-google-common-protos/1.0.0/proto-google-common-protos-1.0.0.jar:/home/user/.m2/repository/io/grpc/grpc-protobuf-lite/1.17.1/grpc-protobuf-lite-1.17.1.jar:/home/user/.m2/repository/io/grpc/grpc-stub/1.17.1/grpc-stub-1.17.1.jar:/home/user/.m2/repository/org/apache/hadoop/hadoop-ozone-recon/0.5.0-SNAPSHOT/hadoop-ozone-recon-0.5.0-SNAPSHOT.jar:/home/user/.m2/repository/org/apache/hadoop/hadoop-ozone-reconcodegen/0.5.0-SNAPSHOT/hadoop-ozone-reconcodegen-0.5.0-SNAPSHOT.jar:/home/user/.m2/repository/com/google/inject/extensions/guice-multibindings/4.0/guice-multibindings-4.0.jar:/home/user/.m2/repository/com/google/inject/guice/4.0/guice-4.0.jar:/home/user/.m2/repository/aopalliance/aopalliance/1.0/aopalliance-1.0.jar:/home/user/.m2/repository/com/google/inject/extensions/guice-servlet/4.0/guice-servlet-4.0.jar:/home/user/.m2/repository/org/glassfish/jersey/containers/jersey-container-servlet/2.27/jersey-container-servlet-2.27.jar:/home/user/.m2/repository/org/glassfish/hk2/guice-bridge/2.5.0/guice-bridge-2.5.0.jar:/home/user/.m2/repository/org/glassfish/jersey/core/jersey-server/2.27/jersey-server-2.27.jar:/home/user/.m2/repository/org/glassfish/jersey/core/jersey-client/2.27/jersey-client-2.27.jar:/home/user/.m2/repository/org/glassfish/jersey/media/jersey-media-jaxb/2.27/jersey-media-jaxb-2.27.jar:/home/user/.m2/repository/javax/validation/validation-api/1.1.0.Final/validation-api-1.1.0.Final.jar:/home/user/.m2/repository/org/glassfish/jersey/media/jersey-media-json-jackson/2.27/jersey-media-json-jackson-2.27.jar:/home/user/.m2/repository/org/glassfish/jersey/ext/jersey-entity-filtering/2.27/jersey-entity-filtering-2.27.jar:/home/user/.m2/repository/com/google/inject/extensions/guice-assistedinject/4.0/guice-assistedinject-4.0.jar:/home/user/.m2/repository/org/jooq/jooq/3.11.10/jooq-3.11.10.jar:/home/user/.m2/repository/org/jooq/jooq-meta/3.11.10/jooq-meta-3.11.10.jar:/home/user/.m2/repository/org/jooq/jooq-codegen/3.11.10/jooq-codegen-3.11.10.jar:/home/user/.m2/repository/com/jolbox/bonecp/0.8.0.RELEASE/bonecp-0.8.0.RELEASE.jar:/home/user/.m2/repository/org/xerial/sqlite-jdbc/3.25.2/sqlite-jdbc-3.25.2.jar:/home/user/.m2/repository/org/springframework/spring-jdbc/5.1.3.RELEASE/spring-jdbc-5.1.3.RELEASE.jar:/home/user/.m2/repository/org/springframework/spring-beans/5.1.3.RELEASE/spring-beans-5.1.3.RELEASE.jar:/home/user/.m2/repository/org/springframework/spring-core/5.1.3.RELEASE/spring-core-5.1.3.RELEASE.jar:/home/user/.m2/repository/org/springframework/spring-jcl/5.1.3.RELEASE/spring-jcl-5.1.3.RELEASE.jar:/home/user/.m2/repository/org/springframework/spring-tx/5.1.3.RELEASE/spring-tx-5.1.3.RELEASE.jar:/home/user/.m2/repository/org/apache/hadoop/hadoop-ozone-client/0.5.0-SNAPSHOT/hadoop-ozone-client-0.5.0-SNAPSHOT.jar:/home/user/.m2/repository/commons-lang/commons-lang/2.6/commons-lang-2.6.jar:/home/user/.m2/repository/org/apache/hadoop/hadoop-ozone-ozone-manager/0.5.0-SNAPSHOT/hadoop-ozone-ozone-manager-0.5.0-SNAPSHOT-tests.jar:/home/user/.m2/repository/junit/junit/4.11/junit-4.11.jar:/home/user/.m2/repository/org/hamcrest/hamcrest-core/1.3/hamcrest-core-1.3.jar:/home/user/.m2/repository/org/openjdk/jmh/jmh-core/1.19/jmh-core-1.19.jar:/home/user/.m2/repository/net/sf/jopt-simple/jopt-simple/4.6/jopt-simple-4.6.jar:/home/user/.m2/repository/org/apache/commons/commons-math3/3.1.1/commons-math3-3.1.1.jar:/home/user/.m2/repository/org/openjdk/jmh/jmh-generator-annprocess/1.19/jmh-generator-annprocess-1.19.jar:/home/user/.m2/repository/org/mockito/mockito-all/1.8.5/mockito-all-1.8.5.jar:/home/user/.m2/repository/org/apache/hadoop/hadoop-kms/3.2.0/hadoop-kms-3.2.0.jar:/home/user/.m2/repository/org/apache/hadoop/hadoop-auth/3.2.0/hadoop-auth-3.2.0.jar:/home/user/.m2/repository/com/nimbusds/nimbus-jose-jwt/4.41.1/nimbus-jose-jwt-4.41.1.jar:/home/user/.m2/repository/com/github/stephenc/jcip/jcip-annotations/1.0-1/jcip-annotations-1.0-1.jar:/home/user/.m2/repository/net/minidev/json-smart/2.3/json-smart-2.3.jar:/home/user/.m2/repository/net/minidev/accessors-smart/1.2/accessors-smart-1.2.jar:/home/user/.m2/repository/org/ow2/asm/asm/5.0.4/asm-5.0.4.jar:/home/user/.m2/repository/org/apache/curator/curator-framework/2.12.0/curator-framework-2.12.0.jar:/home/user/.m2/repository/com/sun/jersey/jersey-core/1.19/jersey-core-1.19.jar:/home/user/.m2/repository/javax/ws/rs/jsr311-api/1.1.1/jsr311-api-1.1.1.jar:/home/user/.m2/repository/com/sun/jersey/jersey-server/1.19/jersey-server-1.19.jar:/home/user/.m2/repository/javax/servlet/javax.servlet-api/3.1.0/javax.servlet-api-3.1.0.jar:/home/user/.m2/repository/org/eclipse/jetty/jetty-server/9.3.24.v20180605/jetty-server-9.3.24.v20180605.jar:/home/user/.m2/repository/org/eclipse/jetty/jetty-http/9.3.24.v20180605/jetty-http-9.3.24.v20180605.jar:/home/user/.m2/repository/org/eclipse/jetty/jetty-io/9.3.24.v20180605/jetty-io-9.3.24.v20180605.jar:/home/user/.m2/repository/org/eclipse/jetty/jetty-webapp/9.3.24.v20180605/jetty-webapp-9.3.24.v20180605.jar:/home/user/.m2/repository/org/eclipse/jetty/jetty-xml/9.3.24.v20180605/jetty-xml-9.3.24.v20180605.jar:/home/user/.m2/repository/log4j/log4j/1.2.17/log4j-1.2.17.jar:/home/user/.m2/repository/org/slf4j/slf4j-api/1.7.25/slf4j-api-1.7.25.jar:/home/user/.m2/repository/org/slf4j/jul-to-slf4j/1.7.25/jul-to-slf4j-1.7.25.jar:/home/user/.m2/repository/org/eclipse/jetty/jetty-util/9.3.24.v20180605/jetty-util-9.3.24.v20180605.jar:/home/user/.m2/repository/com/fasterxml/jackson/core/jackson-databind/2.9.5/jackson-databind-2.9.5.jar:/home/user/.m2/repository/org/apache/hadoop/hadoop-kms/3.2.0/hadoop-kms-3.2.0-tests.jar:/home/user/.m2/repository/org/apache/hadoop/hadoop-hdds-server-scm/0.5.0-SNAPSHOT/hadoop-hdds-server-scm-0.5.0-SNAPSHOT-tests.jar:/home/user/.m2/repository/org/apache/hadoop/hadoop-hdds-container-service/0.5.0-SNAPSHOT/hadoop-hdds-container-service-0.5.0-SNAPSHOT-tests.jar:/home/user/.m2/repository/org/yaml/snakeyaml/1.16/snakeyaml-1.16.jar:/home/user/.m2/repository/org/apache/hadoop/hadoop-common/3.2.0/hadoop-common-3.2.0-tests.jar:/home/user/.m2/repository/org/apache/hadoop/hadoop-annotations/3.2.0/hadoop-annotations-3.2.0.jar:/usr/lib/jvm/java-1.8-openjdk/jre/../lib/tools.jar:/home/user/.m2/repository/commons-cli/commons-cli/1.2/commons-cli-1.2.jar:/home/user/.m2/repository/org/apache/httpcomponents/httpclient/4.5.2/httpclient-4.5.2.jar:/home/user/.m2/repository/org/apache/httpcomponents/httpcore/4.4.4/httpcore-4.4.4.jar:/home/user/.m2/repository/commons-codec/commons-codec/1.11/commons-codec-1.11.jar:/home/user/.m2/repository/commons-net/commons-net/3.6/commons-net-3.6.jar:/home/user/.m2/repository/commons-collections/commons-collections/3.2.2/commons-collections-3.2.2.jar:/home/user/.m2/repository/org/eclipse/jetty/jetty-servlet/9.3.24.v20180605/jetty-servlet-9.3.24.v20180605.jar:/home/user/.m2/repository/org/eclipse/jetty/jetty-security/9.3.24.v20180605/jetty-security-9.3.24.v20180605.jar:/home/user/.m2/repository/javax/servlet/jsp/jsp-api/2.1/jsp-api-2.1.jar:/home/user/.m2/repository/com/sun/jersey/jersey-servlet/1.19/jersey-servlet-1.19.jar:/home/user/.m2/repository/com/sun/jersey/jersey-json/1.19/jersey-json-1.19.jar:/home/user/.m2/repository/org/codehaus/jettison/jettison/1.1/jettison-1.1.jar:/home/user/.m2/repository/org/codehaus/jackson/jackson-core-asl/1.9.13/jackson-core-asl-1.9.13.jar:/home/user/.m2/repository/org/codehaus/jackson/jackson-mapper-asl/1.9.13/jackson-mapper-asl-1.9.13.jar:/home/user/.m2/repository/org/codehaus/jackson/jackson-jaxrs/1.9.13/jackson-jaxrs-1.9.13.jar:/home/user/.m2/repository/org/codehaus/jackson/jackson-xc/1.9.13/jackson-xc-1.9.13.jar:/home/user/.m2/repository/commons-logging/commons-logging/1.1.3/commons-logging-1.1.3.jar:/home/user/.m2/repository/commons-beanutils/commons-beanutils/1.9.3/commons-beanutils-1.9.3.jar:/home/user/.m2/repository/org/apache/commons/commons-configuration2/2.1.1/commons-configuration2-2.1.1.jar:/home/user/.m2/repository/org/apache/commons/commons-lang3/3.7/commons-lang3-3.7.jar:/home/user/.m2/repository/org/apache/commons/commons-text/1.4/commons-text-1.4.jar:/home/user/.m2/repository/org/apache/avro/avro/1.7.7/avro-1.7.7.jar:/home/user/.m2/repository/com/thoughtworks/paranamer/paranamer/2.3/paranamer-2.3.jar:/home/user/.m2/repository/org/xerial/snappy/snappy-java/1.0.5/snappy-java-1.0.5.jar:/home/user/.m2/repository/com/google/re2j/re2j/1.1/re2j-1.1.jar:/home/user/.m2/repository/com/google/code/gson/gson/2.2.4/gson-2.2.4.jar:/home/user/.m2/repository/com/jcraft/jsch/0.1.54/jsch-0.1.54.jar:/home/user/.m2/repository/org/apache/curator/curator-client/2.12.0/curator-client-2.12.0.jar:/home/user/.m2/repository/org/apache/curator/curator-recipes/2.12.0/curator-recipes-2.12.0.jar:/home/user/.m2/repository/com/google/code/findbugs/jsr305/3.0.0/jsr305-3.0.0.jar:/home/user/.m2/repository/org/apache/htrace/htrace-core4/4.1.0-incubating/htrace-core4-4.1.0-incubating.jar:/home/user/.m2/repository/org/apache/zookeeper/zookeeper/3.4.13/zookeeper-3.4.13.jar:/home/user/.m2/repository/org/apache/yetus/audience-annotations/0.5.0/audience-annotations-0.5.0.jar:/home/user/.m2/repository/org/codehaus/woodstox/stax2-api/3.1.4/stax2-api-3.1.4.jar:/home/user/.m2/repository/com/fasterxml/woodstox/woodstox-core/5.0.3/woodstox-core-5.0.3.jar:/home/user/.m2/repository/dnsjava/dnsjava/2.1.7/dnsjava-2.1.7.jar:/home/user/.m2/repository/org/apache/hadoop/hadoop-hdfs/3.2.0/hadoop-hdfs-3.2.0-tests.jar:/home/user/.m2/repository/org/eclipse/jetty/jetty-util-ajax/9.3.24.v20180605/jetty-util-ajax-9.3.24.v20180605.jar:/home/user/.m2/repository/commons-daemon/commons-daemon/1.0.13/commons-daemon-1.0.13.jar:/home/user/.m2/repository/io/netty/netty/3.10.5.Final/netty-3.10.5.Final.jar:/home/user/.m2/repository/io/netty/netty-all/4.0.52.Final/netty-all-4.0.52.Final.jar:/home/user/.m2/repository/org/fusesource/leveldbjni/leveldbjni-all/1.8/leveldbjni-all-1.8.jar:"/>
    <property name="java.vm.vendor" value="IcedTea"/>
    <property name="sun.arch.data.model" value="64"/>
    <property name="test.build.dir" value="/workdir/hadoop-ozone/integration-test/target/test-dir"/>
    <property name="test.cache.data" value=""/>
    <property name="java.vendor.url" value="https://icedtea.classpath.org"/>
    <property name="user.timezone" value=""/>
    <property name="java.vm.specification.version" value="1.8"/>
    <property name="os.name" value="Linux"/>
    <property name="test.build.data" value="/workdir/hadoop-ozone/integration-test/target/test-dir"/>
    <property name="user.country" value="US"/>
    <property name="sun.java.launcher" value="SUN_STANDARD"/>
    <property name="sun.boot.library.path" value="/usr/lib/jvm/java-1.8-openjdk/jre/lib/amd64"/>
    <property name="sun.java.command" value="/workdir/hadoop-ozone/integration-test/target/surefire/surefirebooter6909539671260707508.jar /workdir/hadoop-ozone/integration-test/target/surefire 2019-08-23T23-20-06_740-jvmRun1 surefire3875654909731696158tmp surefire_448318674139098017149tmp"/>
    <property name="test" value="!TestMiniChaosOzoneCluster"/>
    <property name="surefire.test.class.path" value="/workdir/hadoop-ozone/integration-test/target/test-classes:/workdir/hadoop-ozone/integration-test/target/classes:/home/user/.m2/repository/org/apache/hadoop/hadoop-ozone-common/0.5.0-SNAPSHOT/hadoop-ozone-common-0.5.0-SNAPSHOT.jar:/home/user/.m2/repository/org/apache/commons/commons-compress/1.4.1/commons-compress-1.4.1.jar:/home/user/.m2/repository/org/tukaani/xz/1.0/xz-1.0.jar:/home/user/.m2/repository/org/apache/hadoop/hadoop-common/3.2.0/hadoop-common-3.2.0.jar:/home/user/.m2/repository/org/apache/hadoop/hadoop-hdfs/3.2.0/hadoop-hdfs-3.2.0.jar:/home/user/.m2/repository/org/apache/hadoop/hadoop-hdfs-client/3.2.0/hadoop-hdfs-client-3.2.0.jar:/home/user/.m2/repository/com/fasterxml/jackson/core/jackson-annotations/2.9.5/jackson-annotations-2.9.5.jar:/home/user/.m2/repository/org/apache/hadoop/hadoop-hdds-common/0.5.0-SNAPSHOT/hadoop-hdds-common-0.5.0-SNAPSHOT.jar:/home/user/.m2/repository/javax/annotation/javax.annotation-api/1.2/javax.annotation-api-1.2.jar:/home/user/.m2/repository/org/apache/ratis/ratis-server/0.4.0-2337318-SNAPSHOT/ratis-server-0.4.0-2337318-SNAPSHOT.jar:/home/user/.m2/repository/org/apache/ratis/ratis-thirdparty-misc/0.2.0/ratis-thirdparty-misc-0.2.0.jar:/home/user/.m2/repository/org/apache/ratis/ratis-proto/0.4.0-2337318-SNAPSHOT/ratis-proto-0.4.0-2337318-SNAPSHOT.jar:/home/user/.m2/repository/org/apache/ratis/ratis-common/0.4.0-2337318-SNAPSHOT/ratis-common-0.4.0-2337318-SNAPSHOT.jar:/home/user/.m2/repository/org/apache/ratis/ratis-client/0.4.0-2337318-SNAPSHOT/ratis-client-0.4.0-2337318-SNAPSHOT.jar:/home/user/.m2/repository/org/apache/ratis/ratis-metrics/0.4.0-2337318-SNAPSHOT/ratis-metrics-0.4.0-2337318-SNAPSHOT.jar:/home/user/.m2/repository/org/apache/ratis/ratis-netty/0.4.0-2337318-SNAPSHOT/ratis-netty-0.4.0-2337318-SNAPSHOT.jar:/home/user/.m2/repository/org/apache/ratis/ratis-grpc/0.4.0-2337318-SNAPSHOT/ratis-grpc-0.4.0-2337318-SNAPSHOT.jar:/home/user/.m2/repository/org/rocksdb/rocksdbjni/6.0.1/rocksdbjni-6.0.1.jar:/home/user/.m2/repository/org/apache/logging/log4j/log4j-api/2.11.0/log4j-api-2.11.0.jar:/home/user/.m2/repository/org/apache/logging/log4j/log4j-core/2.11.0/log4j-core-2.11.0.jar:/home/user/.m2/repository/com/lmax/disruptor/3.4.2/disruptor-3.4.2.jar:/home/user/.m2/repository/org/apache/commons/commons-pool2/2.6.0/commons-pool2-2.6.0.jar:/home/user/.m2/repository/org/bouncycastle/bcpkix-jdk15on/1.60/bcpkix-jdk15on-1.60.jar:/home/user/.m2/repository/commons-validator/commons-validator/1.6/commons-validator-1.6.jar:/home/user/.m2/repository/commons-digester/commons-digester/1.8.1/commons-digester-1.8.1.jar:/home/user/.m2/repository/io/jaegertracing/jaeger-client/0.33.1/jaeger-client-0.33.1.jar:/home/user/.m2/repository/io/jaegertracing/jaeger-thrift/0.33.1/jaeger-thrift-0.33.1.jar:/home/user/.m2/repository/org/apache/thrift/libthrift/0.11.0/libthrift-0.11.0.jar:/home/user/.m2/repository/com/squareup/okhttp3/okhttp/3.9.0/okhttp-3.9.0.jar:/home/user/.m2/repository/com/squareup/okio/okio/1.13.0/okio-1.13.0.jar:/home/user/.m2/repository/io/jaegertracing/jaeger-core/0.33.1/jaeger-core-0.33.1.jar:/home/user/.m2/repository/io/jaegertracing/jaeger-tracerresolver/0.33.1/jaeger-tracerresolver-0.33.1.jar:/home/user/.m2/repository/io/opentracing/contrib/opentracing-tracerresolver/0.1.5/opentracing-tracerresolver-0.1.5.jar:/home/user/.m2/repository/io/opentracing/opentracing-util/0.31.0/opentracing-util-0.31.0.jar:/home/user/.m2/repository/io/opentracing/opentracing-api/0.31.0/opentracing-api-0.31.0.jar:/home/user/.m2/repository/io/opentracing/opentracing-noop/0.31.0/opentracing-noop-0.31.0.jar:/home/user/.m2/repository/org/apache/hadoop/hadoop-hdds-server-framework/0.5.0-SNAPSHOT/hadoop-hdds-server-framework-0.5.0-SNAPSHOT.jar:/home/user/.m2/repository/org/apache/hadoop/hadoop-hdds-container-service/0.5.0-SNAPSHOT/hadoop-hdds-container-service-0.5.0-SNAPSHOT.jar:/home/user/.m2/repository/org/apache/hadoop/hadoop-hdds-client/0.5.0-SNAPSHOT/hadoop-hdds-client-0.5.0-SNAPSHOT.jar:/home/user/.m2/repository/org/apache/hadoop/hadoop-hdds-tools/0.5.0-SNAPSHOT/hadoop-hdds-tools-0.5.0-SNAPSHOT.jar:/home/user/.m2/repository/org/apache/hadoop/hadoop-hdds-server-scm/0.5.0-SNAPSHOT/hadoop-hdds-server-scm-0.5.0-SNAPSHOT.jar:/home/user/.m2/repository/org/apache/hadoop/hadoop-hdds-docs/0.5.0-SNAPSHOT/hadoop-hdds-docs-0.5.0-SNAPSHOT.jar:/home/user/.m2/repository/io/dropwizard/metrics/metrics-core/3.2.4/metrics-core-3.2.4.jar:/home/user/.m2/repository/org/hamcrest/hamcrest-all/1.3/hamcrest-all-1.3.jar:/home/user/.m2/repository/org/bouncycastle/bcprov-jdk15on/1.60/bcprov-jdk15on-1.60.jar:/home/user/.m2/repository/info/picocli/picocli/3.9.6/picocli-3.9.6.jar:/home/user/.m2/repository/com/google/protobuf/protobuf-java/2.5.0/protobuf-java-2.5.0.jar:/home/user/.m2/repository/com/google/guava/guava/11.0.2/guava-11.0.2.jar:/home/user/.m2/repository/org/apache/hadoop/hadoop-ozone-ozone-manager/0.5.0-SNAPSHOT/hadoop-ozone-ozone-manager-0.5.0-SNAPSHOT.jar:/home/user/.m2/repository/org/apache/hadoop/hadoop-minikdc/3.2.0/hadoop-minikdc-3.2.0.jar:/home/user/.m2/repository/commons-io/commons-io/2.5/commons-io-2.5.jar:/home/user/.m2/repository/org/apache/kerby/kerb-simplekdc/1.0.1/kerb-simplekdc-1.0.1.jar:/home/user/.m2/repository/org/apache/kerby/kerb-client/1.0.1/kerb-client-1.0.1.jar:/home/user/.m2/repository/org/apache/kerby/kerby-config/1.0.1/kerby-config-1.0.1.jar:/home/user/.m2/repository/org/apache/kerby/kerb-core/1.0.1/kerb-core-1.0.1.jar:/home/user/.m2/repository/org/apache/kerby/kerby-pkix/1.0.1/kerby-pkix-1.0.1.jar:/home/user/.m2/repository/org/apache/kerby/kerby-asn1/1.0.1/kerby-asn1-1.0.1.jar:/home/user/.m2/repository/org/apache/kerby/kerby-util/1.0.1/kerby-util-1.0.1.jar:/home/user/.m2/repository/org/apache/kerby/kerb-common/1.0.1/kerb-common-1.0.1.jar:/home/user/.m2/repository/org/apache/kerby/kerb-crypto/1.0.1/kerb-crypto-1.0.1.jar:/home/user/.m2/repository/org/apache/kerby/kerb-util/1.0.1/kerb-util-1.0.1.jar:/home/user/.m2/repository/org/apache/kerby/token-provider/1.0.1/token-provider-1.0.1.jar:/home/user/.m2/repository/org/apache/kerby/kerb-admin/1.0.1/kerb-admin-1.0.1.jar:/home/user/.m2/repository/org/apache/kerby/kerb-server/1.0.1/kerb-server-1.0.1.jar:/home/user/.m2/repository/org/apache/kerby/kerb-identity/1.0.1/kerb-identity-1.0.1.jar:/home/user/.m2/repository/org/apache/kerby/kerby-xdr/1.0.1/kerby-xdr-1.0.1.jar:/home/user/.m2/repository/org/slf4j/slf4j-log4j12/1.7.25/slf4j-log4j12-1.7.25.jar:/home/user/.m2/repository/org/apache/hadoop/hadoop-ozone-objectstore-service/0.5.0-SNAPSHOT/hadoop-ozone-objectstore-service-0.5.0-SNAPSHOT.jar:/home/user/.m2/repository/org/apache/hadoop/hadoop-ozone-s3gateway/0.5.0-SNAPSHOT/hadoop-ozone-s3gateway-0.5.0-SNAPSHOT.jar:/home/user/.m2/repository/org/jboss/weld/servlet/weld-servlet/2.4.7.Final/weld-servlet-2.4.7.Final.jar:/home/user/.m2/repository/org/glassfish/jersey/containers/jersey-container-servlet-core/2.27/jersey-container-servlet-core-2.27.jar:/home/user/.m2/repository/org/glassfish/hk2/external/javax.inject/2.5.0-b42/javax.inject-2.5.0-b42.jar:/home/user/.m2/repository/org/glassfish/jersey/core/jersey-common/2.27/jersey-common-2.27.jar:/home/user/.m2/repository/org/glassfish/hk2/osgi-resource-locator/1.0.1/osgi-resource-locator-1.0.1.jar:/home/user/.m2/repository/javax/ws/rs/javax.ws.rs-api/2.1/javax.ws.rs-api-2.1.jar:/home/user/.m2/repository/org/glassfish/jersey/ext/cdi/jersey-cdi1x/2.27/jersey-cdi1x-2.27.jar:/home/user/.m2/repository/org/glassfish/jersey/inject/jersey-hk2/2.27/jersey-hk2-2.27.jar:/home/user/.m2/repository/org/glassfish/hk2/hk2-locator/2.5.0-b42/hk2-locator-2.5.0-b42.jar:/home/user/.m2/repository/org/javassist/javassist/3.22.0-CR2/javassist-3.22.0-CR2.jar:/home/user/.m2/repository/org/glassfish/hk2/hk2-api/2.5.0/hk2-api-2.5.0.jar:/home/user/.m2/repository/org/glassfish/hk2/external/jakarta.inject/2.5.0/jakarta.inject-2.5.0.jar:/home/user/.m2/repository/org/glassfish/hk2/hk2-utils/2.5.0/hk2-utils-2.5.0.jar:/home/user/.m2/repository/jakarta/annotation/jakarta.annotation-api/1.3.4/jakarta.annotation-api-1.3.4.jar:/home/user/.m2/repository/org/glassfish/hk2/external/aopalliance-repackaged/2.5.0/aopalliance-repackaged-2.5.0.jar:/home/user/.m2/repository/com/fasterxml/jackson/dataformat/jackson-dataformat-xml/2.9.0/jackson-dataformat-xml-2.9.0.jar:/home/user/.m2/repository/com/fasterxml/jackson/core/jackson-core/2.9.5/jackson-core-2.9.5.jar:/home/user/.m2/repository/com/fasterxml/jackson/module/jackson-module-jaxb-annotations/2.9.5/jackson-module-jaxb-annotations-2.9.5.jar:/home/user/.m2/repository/javax/enterprise/cdi-api/1.2/cdi-api-1.2.jar:/home/user/.m2/repository/javax/el/javax.el-api/3.0.0/javax.el-api-3.0.0.jar:/home/user/.m2/repository/javax/interceptor/javax.interceptor-api/1.2/javax.interceptor-api-1.2.jar:/home/user/.m2/repository/javax/inject/javax.inject/1/javax.inject-1.jar:/home/user/.m2/repository/com/sun/xml/bind/jaxb-impl/2.3.0.1/jaxb-impl-2.3.0.1.jar:/home/user/.m2/repository/com/sun/xml/bind/jaxb-core/2.3.0.1/jaxb-core-2.3.0.1.jar:/home/user/.m2/repository/javax/xml/bind/jaxb-api/2.3.0/jaxb-api-2.3.0.jar:/home/user/.m2/repository/javax/activation/activation/1.1.1/activation-1.1.1.jar:/home/user/.m2/repository/org/apache/hadoop/hadoop-ozone-csi/0.5.0-SNAPSHOT/hadoop-ozone-csi-0.5.0-SNAPSHOT.jar:/home/user/.m2/repository/com/google/protobuf/protobuf-java-util/3.5.1/protobuf-java-util-3.5.1.jar:/home/user/.m2/repository/org/apache/hadoop/hadoop-hdds-config/0.5.0-SNAPSHOT/hadoop-hdds-config-0.5.0-SNAPSHOT.jar:/home/user/.m2/repository/io/grpc/grpc-netty/1.17.1/grpc-netty-1.17.1.jar:/home/user/.m2/repository/io/grpc/grpc-core/1.17.1/grpc-core-1.17.1.jar:/home/user/.m2/repository/io/grpc/grpc-context/1.17.1/grpc-context-1.17.1.jar:/home/user/.m2/repository/com/google/errorprone/error_prone_annotations/2.2.0/error_prone_annotations-2.2.0.jar:/home/user/.m2/repository/org/codehaus/mojo/animal-sniffer-annotations/1.17/animal-sniffer-annotations-1.17.jar:/home/user/.m2/repository/io/opencensus/opencensus-api/0.17.0/opencensus-api-0.17.0.jar:/home/user/.m2/repository/io/opencensus/opencensus-contrib-grpc-metrics/0.17.0/opencensus-contrib-grpc-metrics-0.17.0.jar:/home/user/.m2/repository/io/netty/netty-codec-http2/4.1.30.Final/netty-codec-http2-4.1.30.Final.jar:/home/user/.m2/repository/io/netty/netty-codec-http/4.1.30.Final/netty-codec-http-4.1.30.Final.jar:/home/user/.m2/repository/io/netty/netty-codec/4.1.30.Final/netty-codec-4.1.30.Final.jar:/home/user/.m2/repository/io/netty/netty-handler/4.1.30.Final/netty-handler-4.1.30.Final.jar:/home/user/.m2/repository/io/netty/netty-handler-proxy/4.1.30.Final/netty-handler-proxy-4.1.30.Final.jar:/home/user/.m2/repository/io/netty/netty-codec-socks/4.1.30.Final/netty-codec-socks-4.1.30.Final.jar:/home/user/.m2/repository/io/netty/netty-transport-native-epoll/4.1.30.Final/netty-transport-native-epoll-4.1.30.Final.jar:/home/user/.m2/repository/io/netty/netty-common/4.1.30.Final/netty-common-4.1.30.Final.jar:/home/user/.m2/repository/io/netty/netty-buffer/4.1.30.Final/netty-buffer-4.1.30.Final.jar:/home/user/.m2/repository/io/netty/netty-transport/4.1.30.Final/netty-transport-4.1.30.Final.jar:/home/user/.m2/repository/io/netty/netty-resolver/4.1.30.Final/netty-resolver-4.1.30.Final.jar:/home/user/.m2/repository/io/netty/netty-transport-native-unix-common/4.1.30.Final/netty-transport-native-unix-common-4.1.30.Final.jar:/home/user/.m2/repository/io/grpc/grpc-protobuf/1.17.1/grpc-protobuf-1.17.1.jar:/home/user/.m2/repository/com/google/api/grpc/proto-google-common-protos/1.0.0/proto-google-common-protos-1.0.0.jar:/home/user/.m2/repository/io/grpc/grpc-protobuf-lite/1.17.1/grpc-protobuf-lite-1.17.1.jar:/home/user/.m2/repository/io/grpc/grpc-stub/1.17.1/grpc-stub-1.17.1.jar:/home/user/.m2/repository/org/apache/hadoop/hadoop-ozone-recon/0.5.0-SNAPSHOT/hadoop-ozone-recon-0.5.0-SNAPSHOT.jar:/home/user/.m2/repository/org/apache/hadoop/hadoop-ozone-reconcodegen/0.5.0-SNAPSHOT/hadoop-ozone-reconcodegen-0.5.0-SNAPSHOT.jar:/home/user/.m2/repository/com/google/inject/extensions/guice-multibindings/4.0/guice-multibindings-4.0.jar:/home/user/.m2/repository/com/google/inject/guice/4.0/guice-4.0.jar:/home/user/.m2/repository/aopalliance/aopalliance/1.0/aopalliance-1.0.jar:/home/user/.m2/repository/com/google/inject/extensions/guice-servlet/4.0/guice-servlet-4.0.jar:/home/user/.m2/repository/org/glassfish/jersey/containers/jersey-container-servlet/2.27/jersey-container-servlet-2.27.jar:/home/user/.m2/repository/org/glassfish/hk2/guice-bridge/2.5.0/guice-bridge-2.5.0.jar:/home/user/.m2/repository/org/glassfish/jersey/core/jersey-server/2.27/jersey-server-2.27.jar:/home/user/.m2/repository/org/glassfish/jersey/core/jersey-client/2.27/jersey-client-2.27.jar:/home/user/.m2/repository/org/glassfish/jersey/media/jersey-media-jaxb/2.27/jersey-media-jaxb-2.27.jar:/home/user/.m2/repository/javax/validation/validation-api/1.1.0.Final/validation-api-1.1.0.Final.jar:/home/user/.m2/repository/org/glassfish/jersey/media/jersey-media-json-jackson/2.27/jersey-media-json-jackson-2.27.jar:/home/user/.m2/repository/org/glassfish/jersey/ext/jersey-entity-filtering/2.27/jersey-entity-filtering-2.27.jar:/home/user/.m2/repository/com/google/inject/extensions/guice-assistedinject/4.0/guice-assistedinject-4.0.jar:/home/user/.m2/repository/org/jooq/jooq/3.11.10/jooq-3.11.10.jar:/home/user/.m2/repository/org/jooq/jooq-meta/3.11.10/jooq-meta-3.11.10.jar:/home/user/.m2/repository/org/jooq/jooq-codegen/3.11.10/jooq-codegen-3.11.10.jar:/home/user/.m2/repository/com/jolbox/bonecp/0.8.0.RELEASE/bonecp-0.8.0.RELEASE.jar:/home/user/.m2/repository/org/xerial/sqlite-jdbc/3.25.2/sqlite-jdbc-3.25.2.jar:/home/user/.m2/repository/org/springframework/spring-jdbc/5.1.3.RELEASE/spring-jdbc-5.1.3.RELEASE.jar:/home/user/.m2/repository/org/springframework/spring-beans/5.1.3.RELEASE/spring-beans-5.1.3.RELEASE.jar:/home/user/.m2/repository/org/springframework/spring-core/5.1.3.RELEASE/spring-core-5.1.3.RELEASE.jar:/home/user/.m2/repository/org/springframework/spring-jcl/5.1.3.RELEASE/spring-jcl-5.1.3.RELEASE.jar:/home/user/.m2/repository/org/springframework/spring-tx/5.1.3.RELEASE/spring-tx-5.1.3.RELEASE.jar:/home/user/.m2/repository/org/apache/hadoop/hadoop-ozone-client/0.5.0-SNAPSHOT/hadoop-ozone-client-0.5.0-SNAPSHOT.jar:/home/user/.m2/repository/commons-lang/commons-lang/2.6/commons-lang-2.6.jar:/home/user/.m2/repository/org/apache/hadoop/hadoop-ozone-ozone-manager/0.5.0-SNAPSHOT/hadoop-ozone-ozone-manager-0.5.0-SNAPSHOT-tests.jar:/home/user/.m2/repository/junit/junit/4.11/junit-4.11.jar:/home/user/.m2/repository/org/hamcrest/hamcrest-core/1.3/hamcrest-core-1.3.jar:/home/user/.m2/repository/org/openjdk/jmh/jmh-core/1.19/jmh-core-1.19.jar:/home/user/.m2/repository/net/sf/jopt-simple/jopt-simple/4.6/jopt-simple-4.6.jar:/home/user/.m2/repository/org/apache/commons/commons-math3/3.1.1/commons-math3-3.1.1.jar:/home/user/.m2/repository/org/openjdk/jmh/jmh-generator-annprocess/1.19/jmh-generator-annprocess-1.19.jar:/home/user/.m2/repository/org/mockito/mockito-all/1.8.5/mockito-all-1.8.5.jar:/home/user/.m2/repository/org/apache/hadoop/hadoop-kms/3.2.0/hadoop-kms-3.2.0.jar:/home/user/.m2/repository/org/apache/hadoop/hadoop-auth/3.2.0/hadoop-auth-3.2.0.jar:/home/user/.m2/repository/com/nimbusds/nimbus-jose-jwt/4.41.1/nimbus-jose-jwt-4.41.1.jar:/home/user/.m2/repository/com/github/stephenc/jcip/jcip-annotations/1.0-1/jcip-annotations-1.0-1.jar:/home/user/.m2/repository/net/minidev/json-smart/2.3/json-smart-2.3.jar:/home/user/.m2/repository/net/minidev/accessors-smart/1.2/accessors-smart-1.2.jar:/home/user/.m2/repository/org/ow2/asm/asm/5.0.4/asm-5.0.4.jar:/home/user/.m2/repository/org/apache/curator/curator-framework/2.12.0/curator-framework-2.12.0.jar:/home/user/.m2/repository/com/sun/jersey/jersey-core/1.19/jersey-core-1.19.jar:/home/user/.m2/repository/javax/ws/rs/jsr311-api/1.1.1/jsr311-api-1.1.1.jar:/home/user/.m2/repository/com/sun/jersey/jersey-server/1.19/jersey-server-1.19.jar:/home/user/.m2/repository/javax/servlet/javax.servlet-api/3.1.0/javax.servlet-api-3.1.0.jar:/home/user/.m2/repository/org/eclipse/jetty/jetty-server/9.3.24.v20180605/jetty-server-9.3.24.v20180605.jar:/home/user/.m2/repository/org/eclipse/jetty/jetty-http/9.3.24.v20180605/jetty-http-9.3.24.v20180605.jar:/home/user/.m2/repository/org/eclipse/jetty/jetty-io/9.3.24.v20180605/jetty-io-9.3.24.v20180605.jar:/home/user/.m2/repository/org/eclipse/jetty/jetty-webapp/9.3.24.v20180605/jetty-webapp-9.3.24.v20180605.jar:/home/user/.m2/repository/org/eclipse/jetty/jetty-xml/9.3.24.v20180605/jetty-xml-9.3.24.v20180605.jar:/home/user/.m2/repository/log4j/log4j/1.2.17/log4j-1.2.17.jar:/home/user/.m2/repository/org/slf4j/slf4j-api/1.7.25/slf4j-api-1.7.25.jar:/home/user/.m2/repository/org/slf4j/jul-to-slf4j/1.7.25/jul-to-slf4j-1.7.25.jar:/home/user/.m2/repository/org/eclipse/jetty/jetty-util/9.3.24.v20180605/jetty-util-9.3.24.v20180605.jar:/home/user/.m2/repository/com/fasterxml/jackson/core/jackson-databind/2.9.5/jackson-databind-2.9.5.jar:/home/user/.m2/repository/org/apache/hadoop/hadoop-kms/3.2.0/hadoop-kms-3.2.0-tests.jar:/home/user/.m2/repository/org/apache/hadoop/hadoop-hdds-server-scm/0.5.0-SNAPSHOT/hadoop-hdds-server-scm-0.5.0-SNAPSHOT-tests.jar:/home/user/.m2/repository/org/apache/hadoop/hadoop-hdds-container-service/0.5.0-SNAPSHOT/hadoop-hdds-container-service-0.5.0-SNAPSHOT-tests.jar:/home/user/.m2/repository/org/yaml/snakeyaml/1.16/snakeyaml-1.16.jar:/home/user/.m2/repository/org/apache/hadoop/hadoop-common/3.2.0/hadoop-common-3.2.0-tests.jar:/home/user/.m2/repository/org/apache/hadoop/hadoop-annotations/3.2.0/hadoop-annotations-3.2.0.jar:/usr/lib/jvm/java-1.8-openjdk/jre/../lib/tools.jar:/home/user/.m2/repository/commons-cli/commons-cli/1.2/commons-cli-1.2.jar:/home/user/.m2/repository/org/apache/httpcomponents/httpclient/4.5.2/httpclient-4.5.2.jar:/home/user/.m2/repository/org/apache/httpcomponents/httpcore/4.4.4/httpcore-4.4.4.jar:/home/user/.m2/repository/commons-codec/commons-codec/1.11/commons-codec-1.11.jar:/home/user/.m2/repository/commons-net/commons-net/3.6/commons-net-3.6.jar:/home/user/.m2/repository/commons-collections/commons-collections/3.2.2/commons-collections-3.2.2.jar:/home/user/.m2/repository/org/eclipse/jetty/jetty-servlet/9.3.24.v20180605/jetty-servlet-9.3.24.v20180605.jar:/home/user/.m2/repository/org/eclipse/jetty/jetty-security/9.3.24.v20180605/jetty-security-9.3.24.v20180605.jar:/home/user/.m2/repository/javax/servlet/jsp/jsp-api/2.1/jsp-api-2.1.jar:/home/user/.m2/repository/com/sun/jersey/jersey-servlet/1.19/jersey-servlet-1.19.jar:/home/user/.m2/repository/com/sun/jersey/jersey-json/1.19/jersey-json-1.19.jar:/home/user/.m2/repository/org/codehaus/jettison/jettison/1.1/jettison-1.1.jar:/home/user/.m2/repository/org/codehaus/jackson/jackson-core-asl/1.9.13/jackson-core-asl-1.9.13.jar:/home/user/.m2/repository/org/codehaus/jackson/jackson-mapper-asl/1.9.13/jackson-mapper-asl-1.9.13.jar:/home/user/.m2/repository/org/codehaus/jackson/jackson-jaxrs/1.9.13/jackson-jaxrs-1.9.13.jar:/home/user/.m2/repository/org/codehaus/jackson/jackson-xc/1.9.13/jackson-xc-1.9.13.jar:/home/user/.m2/repository/commons-logging/commons-logging/1.1.3/commons-logging-1.1.3.jar:/home/user/.m2/repository/commons-beanutils/commons-beanutils/1.9.3/commons-beanutils-1.9.3.jar:/home/user/.m2/repository/org/apache/commons/commons-configuration2/2.1.1/commons-configuration2-2.1.1.jar:/home/user/.m2/repository/org/apache/commons/commons-lang3/3.7/commons-lang3-3.7.jar:/home/user/.m2/repository/org/apache/commons/commons-text/1.4/commons-text-1.4.jar:/home/user/.m2/repository/org/apache/avro/avro/1.7.7/avro-1.7.7.jar:/home/user/.m2/repository/com/thoughtworks/paranamer/paranamer/2.3/paranamer-2.3.jar:/home/user/.m2/repository/org/xerial/snappy/snappy-java/1.0.5/snappy-java-1.0.5.jar:/home/user/.m2/repository/com/google/re2j/re2j/1.1/re2j-1.1.jar:/home/user/.m2/repository/com/google/code/gson/gson/2.2.4/gson-2.2.4.jar:/home/user/.m2/repository/com/jcraft/jsch/0.1.54/jsch-0.1.54.jar:/home/user/.m2/repository/org/apache/curator/curator-client/2.12.0/curator-client-2.12.0.jar:/home/user/.m2/repository/org/apache/curator/curator-recipes/2.12.0/curator-recipes-2.12.0.jar:/home/user/.m2/repository/com/google/code/findbugs/jsr305/3.0.0/jsr305-3.0.0.jar:/home/user/.m2/repository/org/apache/htrace/htrace-core4/4.1.0-incubating/htrace-core4-4.1.0-incubating.jar:/home/user/.m2/repository/org/apache/zookeeper/zookeeper/3.4.13/zookeeper-3.4.13.jar:/home/user/.m2/repository/org/apache/yetus/audience-annotations/0.5.0/audience-annotations-0.5.0.jar:/home/user/.m2/repository/org/codehaus/woodstox/stax2-api/3.1.4/stax2-api-3.1.4.jar:/home/user/.m2/repository/com/fasterxml/woodstox/woodstox-core/5.0.3/woodstox-core-5.0.3.jar:/home/user/.m2/repository/dnsjava/dnsjava/2.1.7/dnsjava-2.1.7.jar:/home/user/.m2/repository/org/apache/hadoop/hadoop-hdfs/3.2.0/hadoop-hdfs-3.2.0-tests.jar:/home/user/.m2/repository/org/eclipse/jetty/jetty-util-ajax/9.3.24.v20180605/jetty-util-ajax-9.3.24.v20180605.jar:/home/user/.m2/repository/commons-daemon/commons-daemon/1.0.13/commons-daemon-1.0.13.jar:/home/user/.m2/repository/io/netty/netty/3.10.5.Final/netty-3.10.5.Final.jar:/home/user/.m2/repository/io/netty/netty-all/4.0.52.Final/netty-all-4.0.52.Final.jar:/home/user/.m2/repository/org/fusesource/leveldbjni/leveldbjni-all/1.8/leveldbjni-all-1.8.jar:"/>
    <property name="sun.cpu.endian" value="little"/>
    <property name="user.home" value="/home/user"/>
    <property name="user.language" value="en"/>
    <property name="java.specification.vendor" value="Oracle Corporation"/>
    <property name="java.home" value="/usr/lib/jvm/java-1.8-openjdk/jre"/>
    <property name="java.security.krb5.conf" value="/workdir/hadoop-ozone/integration-test/target/test-classes/krb5.conf"/>
    <property name="basedir" value="/workdir/hadoop-ozone/integration-test"/>
    <property name="file.separator" value="/"/>
    <property name="line.separator" value="&#10;"/>
    <property name="java.vm.specification.vendor" value="Oracle Corporation"/>
    <property name="java.specification.name" value="Java Platform API Specification"/>
    <property name="java.awt.graphicsenv" value="sun.awt.X11GraphicsEnvironment"/>
    <property name="surefire.real.class.path" value="/workdir/hadoop-ozone/integration-test/target/surefire/surefirebooter6909539671260707508.jar"/>
    <property name="hadoop.log.dir" value="/workdir/hadoop-ozone/integration-test/target/log"/>
    <property name="sun.boot.class.path" value="/usr/lib/jvm/java-1.8-openjdk/jre/lib/resources.jar:/usr/lib/jvm/java-1.8-openjdk/jre/lib/rt.jar:/usr/lib/jvm/java-1.8-openjdk/jre/lib/sunrsasign.jar:/usr/lib/jvm/java-1.8-openjdk/jre/lib/jsse.jar:/usr/lib/jvm/java-1.8-openjdk/jre/lib/jce.jar:/usr/lib/jvm/java-1.8-openjdk/jre/lib/charsets.jar:/usr/lib/jvm/java-1.8-openjdk/jre/lib/jfr.jar:/usr/lib/jvm/java-1.8-openjdk/jre/classes"/>
    <property name="sun.management.compiler" value="HotSpot 64-Bit Tiered Compilers"/>
    <property name="java.runtime.version" value="1.8.0_212-b04"/>
    <property name="java.net.preferIPv4Stack" value="true"/>
    <property name="user.name" value="jenkins1000"/>
    <property name="path.separator" value=":"/>
    <property name="java.security.egd" value="file:///dev/urandom"/>
    <property name="os.version" value="3.10.0-957.12.2.el7.x86_64"/>
    <property name="java.endorsed.dirs" value="/usr/lib/jvm/java-1.8-openjdk/jre/lib/endorsed"/>
    <property name="java.runtime.name" value="OpenJDK Runtime Environment"/>
    <property name="file.encoding" value="UTF-8"/>
    <property name="java.vm.name" value="OpenJDK 64-Bit Server VM"/>
    <property name="test.build.webapps" value=""/>
    <property name="localRepository" value="/home/user/.m2/repository"/>
    <property name="java.vendor.url.bug" value="https://icedtea.classpath.org/bugzilla"/>
    <property name="java.io.tmpdir" value="/tmp"/>
    <property name="require.test.libhadoop" value=""/>
    <property name="java.version" value="1.8.0_212"/>
    <property name="user.dir" value="/workdir/hadoop-ozone/integration-test"/>
    <property name="os.arch" value="amd64"/>
    <property name="java.vm.specification.name" value="Java Virtual Machine Specification"/>
    <property name="test.build.classes" value="/workdir/hadoop-ozone/integration-test/target/test-classes"/>
    <property name="java.awt.printerjob" value="sun.print.PSPrinterJob"/>
    <property name="sun.os.patch.level" value="unknown"/>
    <property name="hadoop.tmp.dir" value="/workdir/hadoop-ozone/integration-test/target/tmp"/>
    <property name="java.library.path" value="/usr/lib/jvm/java-1.8-openjdk/jre/lib/amd64/server:/usr/lib/jvm/java-1.8-openjdk/jre/lib/amd64:/usr/lib/jvm/java-1.8-openjdk/jre/../lib/amd64:/workdir/hadoop-ozone/integration-test/target/native/target/usr/local/lib:/workdir/hadoop-ozone/integration-test/../../hadoop-common-project/hadoop-common/target/native/target/usr/local/lib:/usr/java/packages/lib/amd64:/usr/lib64:/lib64:/lib:/usr/lib"/>
    <property name="java.vm.info" value="mixed mode"/>
    <property name="java.vendor" value="IcedTea"/>
    <property name="java.vm.version" value="25.212-b04"/>
    <property name="java.ext.dirs" value="/usr/lib/jvm/java-1.8-openjdk/jre/lib/ext:/usr/java/packages/lib/ext"/>
    <property name="sun.io.unicode.encoding" value="UnicodeLittle"/>
    <property name="java.class.version" value="52.0"/>
  </properties>
  <testcase name="testSCMSafeMode" classname="org.apache.hadoop.ozone.om.TestScmSafeMode" time="42.639"/>
  <testcase name="testIsScmInSafeModeAndForceExit" classname="org.apache.hadoop.ozone.om.TestScmSafeMode" time="12.365"/>
  <testcase name="testSCMSafeModeDisabled" classname="org.apache.hadoop.ozone.om.TestScmSafeMode" time="22.554"/>
  <testcase name="testSafeModeOperations" classname="org.apache.hadoop.ozone.om.TestScmSafeMode" time="13.292">
    <error message="Volume doesn&apos;t exist" type="VOLUME_NOT_FOUND org.apache.hadoop.ozone.om.exceptions.OMException">VOLUME_NOT_FOUND org.apache.hadoop.ozone.om.exceptions.OMException: Volume doesn't exist
	at org.apache.hadoop.ozone.om.BucketManagerImpl.createBucket(BucketManagerImpl.java:130)
	at org.apache.hadoop.ozone.om.OzoneManager.createBucket(OzoneManager.java:2089)
	at org.apache.hadoop.ozone.om.TestScmSafeMode.testSafeModeOperations(TestScmSafeMode.java:159)
	at sun.reflect.NativeMethodAccessorImpl.invoke0(Native Method)
	at sun.reflect.NativeMethodAccessorImpl.invoke(NativeMethodAccessorImpl.java:62)
	at sun.reflect.DelegatingMethodAccessorImpl.invoke(DelegatingMethodAccessorImpl.java:43)
	at java.lang.reflect.Method.invoke(Method.java:498)
	at org.junit.runners.model.FrameworkMethod$1.runReflectiveCall(FrameworkMethod.java:47)
	at org.junit.internal.runners.model.ReflectiveCallable.run(ReflectiveCallable.java:12)
	at org.junit.runners.model.FrameworkMethod.invokeExplosively(FrameworkMethod.java:44)
	at org.junit.internal.runners.statements.InvokeMethod.evaluate(InvokeMethod.java:17)
	at org.junit.internal.runners.statements.FailOnTimeout$StatementThread.run(FailOnTimeout.java:74)
</error>
    <system-out><![CDATA[2019-08-24 00:12:06,194 [Thread-1095] WARN  server.ServerUtils (ServerUtils.java:getScmDbDir(145)) - ozone.scm.db.dirs is not configured. We recommend adding this setting. Falling back to ozone.metadata.dirs instead.
2019-08-24 00:12:06,209 [Thread-1095] WARN  server.ServerUtils (ServerUtils.java:getScmDbDir(145)) - ozone.scm.db.dirs is not configured. We recommend adding this setting. Falling back to ozone.metadata.dirs instead.
2019-08-24 00:12:06,209 [Thread-1095] WARN  server.ServerUtils (ServerUtils.java:getScmDbDir(145)) - ozone.scm.db.dirs is not configured. We recommend adding this setting. Falling back to ozone.metadata.dirs instead.
2019-08-24 00:12:06,210 [Thread-1095] INFO  db.DBStoreBuilder (DBStoreBuilder.java:addTable(110)) - using custom profile for table: deletedBlocks
2019-08-24 00:12:06,210 [Thread-1095] INFO  db.DBStoreBuilder (DBStoreBuilder.java:processTables(161)) - Using default column profile:DBProfile.DISK for Table:deletedBlocks
2019-08-24 00:12:06,210 [Thread-1095] INFO  db.DBStoreBuilder (DBStoreBuilder.java:addTable(110)) - using custom profile for table: validCerts
2019-08-24 00:12:06,210 [Thread-1095] INFO  db.DBStoreBuilder (DBStoreBuilder.java:processTables(161)) - Using default column profile:DBProfile.DISK for Table:validCerts
2019-08-24 00:12:06,210 [Thread-1095] INFO  db.DBStoreBuilder (DBStoreBuilder.java:addTable(110)) - using custom profile for table: revokedCerts
2019-08-24 00:12:06,210 [Thread-1095] INFO  db.DBStoreBuilder (DBStoreBuilder.java:processTables(161)) - Using default column profile:DBProfile.DISK for Table:revokedCerts
2019-08-24 00:12:06,210 [Thread-1095] INFO  db.DBStoreBuilder (DBStoreBuilder.java:addTable(110)) - using custom profile for table: default
2019-08-24 00:12:06,211 [Thread-1095] INFO  db.DBStoreBuilder (DBStoreBuilder.java:processTables(167)) - Using default column profile:DBProfile.DISK for Table:default
2019-08-24 00:12:06,211 [Thread-1095] INFO  db.DBStoreBuilder (DBStoreBuilder.java:getDbProfile(198)) - Using default options. DBProfile.DISK
2019-08-24 00:12:06,422 [Thread-1095] INFO  net.NodeSchemaLoader (NodeSchemaLoader.java:loadSchemaFromFile(125)) - Loading file from sun.misc.CompoundEnumeration@33e832d8
2019-08-24 00:12:06,422 [Thread-1095] INFO  net.NodeSchemaLoader (NodeSchemaLoader.java:loadSchema(171)) - Loading network topology layer schema file
2019-08-24 00:12:06,425 [Thread-1095] INFO  node.SCMNodeManager (SCMNodeManager.java:<init>(121)) - Entering startup safe mode.
2019-08-24 00:12:06,425 [Thread-1095] INFO  algorithms.ContainerPlacementPolicyFactory (ContainerPlacementPolicyFactory.java:getPolicy(55)) - Create container placement policy of type org.apache.hadoop.hdds.scm.container.placement.algorithms.SCMContainerPlacementRandom
2019-08-24 00:12:06,426 [Thread-1095] WARN  server.ServerUtils (ServerUtils.java:getScmDbDir(145)) - ozone.scm.db.dirs is not configured. We recommend adding this setting. Falling back to ozone.metadata.dirs instead.
2019-08-24 00:12:06,493 [Thread-1095] INFO  pipeline.SCMPipelineManager (SCMPipelineManager.java:initializePipelineState(126)) - No pipeline exists in current db
2019-08-24 00:12:06,493 [Thread-1095] WARN  server.ServerUtils (ServerUtils.java:getScmDbDir(145)) - ozone.scm.db.dirs is not configured. We recommend adding this setting. Falling back to ozone.metadata.dirs instead.
2019-08-24 00:12:06,564 [Thread-1095] WARN  events.EventQueue (EventQueue.java:fireEvent(175)) - No event handler registered for event TypedEvent{payloadType=SafeModeStatus, name='SafeModeStatus'}
2019-08-24 00:12:06,565 [Thread-1095] INFO  ipc.CallQueueManager (CallQueueManager.java:<init>(84)) - Using callQueue: class java.util.concurrent.LinkedBlockingQueue, queueCapacity: 2000, scheduler: class org.apache.hadoop.ipc.DefaultRpcScheduler, ipcBackoff: false.
2019-08-24 00:12:06,566 [Socket Reader #1 for port 44592] INFO  ipc.Server (Server.java:run(1074)) - Starting Socket Reader #1 for port 44592
2019-08-24 00:12:06,568 [Thread-1095] INFO  ipc.CallQueueManager (CallQueueManager.java:<init>(84)) - Using callQueue: class java.util.concurrent.LinkedBlockingQueue, queueCapacity: 2000, scheduler: class org.apache.hadoop.ipc.DefaultRpcScheduler, ipcBackoff: false.
2019-08-24 00:12:06,569 [Socket Reader #1 for port 44957] INFO  ipc.Server (Server.java:run(1074)) - Starting Socket Reader #1 for port 44957
2019-08-24 00:12:06,570 [Thread-1095] INFO  ipc.CallQueueManager (CallQueueManager.java:<init>(84)) - Using callQueue: class java.util.concurrent.LinkedBlockingQueue, queueCapacity: 2000, scheduler: class org.apache.hadoop.ipc.DefaultRpcScheduler, ipcBackoff: false.
2019-08-24 00:12:06,571 [Socket Reader #1 for port 45152] INFO  ipc.Server (Server.java:run(1074)) - Starting Socket Reader #1 for port 45152
2019-08-24 00:12:06,573 [Thread-1095] INFO  hdfs.DFSUtil (DFSUtil.java:httpServerTemplateForNNAndJN(1641)) - Starting Web-server for scm at: http://0.0.0.0:0
2019-08-24 00:12:06,575 [Thread-1095] INFO  server.AuthenticationFilter (AuthenticationFilter.java:constructSecretProvider(240)) - Unable to initialize FileSignerSecretProvider, falling back to use random secrets.
2019-08-24 00:12:06,575 [Thread-1095] WARN  http.HttpRequestLog (HttpRequestLog.java:getRequestLog(97)) - Jetty request log can only be enabled using Log4j
2019-08-24 00:12:06,577 [Thread-1095] INFO  http.HttpServer2 (HttpServer2.java:addGlobalFilter(975)) - Added global filter 'safety' (class=org.apache.hadoop.http.HttpServer2$QuotingInputFilter)
2019-08-24 00:12:06,578 [Thread-1095] INFO  http.HttpServer2 (HttpServer2.java:addFilter(948)) - Added filter static_user_filter (class=org.apache.hadoop.http.lib.StaticUserWebFilter$StaticUserFilter) to context scm
2019-08-24 00:12:06,578 [Thread-1095] INFO  http.HttpServer2 (HttpServer2.java:addFilter(958)) - Added filter static_user_filter (class=org.apache.hadoop.http.lib.StaticUserWebFilter$StaticUserFilter) to context logs
2019-08-24 00:12:06,578 [Thread-1095] INFO  http.HttpServer2 (HttpServer2.java:addFilter(958)) - Added filter static_user_filter (class=org.apache.hadoop.http.lib.StaticUserWebFilter$StaticUserFilter) to context static
2019-08-24 00:12:06,580 [Thread-1095] INFO  server.StorageContainerManager (StorageContainerManager.java:start(759)) - StorageContainerLocationProtocol RPC server is listening at /0.0.0.0:45152
2019-08-24 00:12:06,582 [Thread-1095] WARN  impl.MetricsConfig (MetricsConfig.java:loadFirst(134)) - Cannot locate configuration: tried hadoop-metrics2-storagecontainermanager.properties,hadoop-metrics2.properties
2019-08-24 00:12:06,582 [Thread-1095] INFO  impl.MetricsSystemImpl (MetricsSystemImpl.java:startTimer(374)) - Scheduled Metric snapshot period at 10 second(s).
2019-08-24 00:12:06,582 [Thread-1095] INFO  impl.MetricsSystemImpl (MetricsSystemImpl.java:start(191)) - StorageContainerManager metrics system started
2019-08-24 00:12:06,606 [Thread-1095] INFO  server.SCMClientProtocolServer (SCMClientProtocolServer.java:start(151)) - RPC server for Client  is listening at /0.0.0.0:45152
2019-08-24 00:12:06,607 [IPC Server Responder] INFO  ipc.Server (Server.java:run(1314)) - IPC Server Responder: starting
2019-08-24 00:12:06,607 [IPC Server listener on 45152] INFO  ipc.Server (Server.java:run(1153)) - IPC Server listener on 45152: starting
2019-08-24 00:12:06,610 [Thread-1095] INFO  server.StorageContainerManager (StorageContainerManager.java:start(769)) - ScmBlockLocationProtocol RPC server is listening at /0.0.0.0:44957
2019-08-24 00:12:06,610 [Thread-1095] INFO  server.SCMBlockProtocolServer (SCMBlockProtocolServer.java:start(140)) - RPC server for Block Protocol is listening at /0.0.0.0:44957
2019-08-24 00:12:06,610 [IPC Server Responder] INFO  ipc.Server (Server.java:run(1314)) - IPC Server Responder: starting
2019-08-24 00:12:06,610 [IPC Server listener on 44957] INFO  ipc.Server (Server.java:run(1153)) - IPC Server listener on 44957: starting
2019-08-24 00:12:06,613 [Thread-1095] INFO  server.StorageContainerManager (StorageContainerManager.java:start(773)) - ScmDatanodeProtocl RPC server is listening at /0.0.0.0:44592
2019-08-24 00:12:06,613 [Thread-1095] INFO  server.SCMDatanodeProtocolServer (SCMDatanodeProtocolServer.java:start(191)) - RPC server for DataNodes is listening at /0.0.0.0:44592
2019-08-24 00:12:06,613 [IPC Server Responder] INFO  ipc.Server (Server.java:run(1314)) - IPC Server Responder: starting
2019-08-24 00:12:06,613 [IPC Server listener on 44592] INFO  ipc.Server (Server.java:run(1153)) - IPC Server listener on 44592: starting
2019-08-24 00:12:06,616 [Thread-1095] INFO  http.HttpServer2 (HttpServer2.java:bindListener(1191)) - Jetty bound to port 33758
2019-08-24 00:12:06,616 [Thread-1095] INFO  server.Server (Server.java:doStart(351)) - jetty-9.3.24.v20180605, build timestamp: 2018-06-05T17:11:56Z, git hash: 84205aa28f11a4f31f2a3b86d1bba2cc8ab69827
2019-08-24 00:12:06,618 [Thread-1095] INFO  handler.ContextHandler (ContextHandler.java:doStart(781)) - Started o.e.j.s.ServletContextHandler@d626c82{/logs,file:///workdir/hadoop-ozone/integration-test/target/log,AVAILABLE}
2019-08-24 00:12:06,619 [Thread-1095] INFO  handler.ContextHandler (ContextHandler.java:doStart(781)) - Started o.e.j.s.ServletContextHandler@4f356d6a{/static,file:///workdir/hadoop-ozone/integration-test/target/test-classes/webapps/static,AVAILABLE}
2019-08-24 00:12:06,622 [Thread-1095] INFO  handler.ContextHandler (ContextHandler.java:doStart(781)) - Started o.e.j.w.WebAppContext@698ca5e8{/,file:///workdir/hadoop-ozone/integration-test/target/test-classes/webapps/scm/,AVAILABLE}{/scm}
2019-08-24 00:12:06,623 [Thread-1095] INFO  server.AbstractConnector (AbstractConnector.java:doStart(278)) - Started ServerConnector@630a3902{HTTP/1.1,[http/1.1]}{0.0.0.0:33758}
2019-08-24 00:12:06,623 [Thread-1095] INFO  server.Server (Server.java:doStart(419)) - Started @78501ms
2019-08-24 00:12:06,624 [Thread-1095] INFO  server.BaseHttpServer (BaseHttpServer.java:updateConnectorAddress(213)) - HTTP server of SCM is listening at http://0.0.0.0:33758
2019-08-24 00:12:06,625 [Thread-1095] WARN  server.ServerUtils (ServerUtils.java:getDBPath(222)) - ozone.om.db.dirs is not configured. We recommend adding this setting. Falling back to ozone.metadata.dirs instead.
2019-08-24 00:12:06,625 [org.apache.hadoop.util.JvmPauseMonitor$Monitor@44154ab2] INFO  util.JvmPauseMonitor (JvmPauseMonitor.java:run(188)) - Starting JVM pause monitor
2019-08-24 00:12:06,638 [Thread-1095] WARN  server.ServerUtils (ServerUtils.java:getDBPath(222)) - ozone.om.db.dirs is not configured. We recommend adding this setting. Falling back to ozone.metadata.dirs instead.
2019-08-24 00:12:06,639 [Thread-1095] WARN  server.ServerUtils (ServerUtils.java:getDBPath(222)) - ozone.om.db.dirs is not configured. We recommend adding this setting. Falling back to ozone.metadata.dirs instead.
2019-08-24 00:12:06,639 [Thread-1095] INFO  om.OzoneManager (OzoneManager.java:setOMNodeDetails(648)) - OM Service ID is not set. Setting it to the default ID: omServiceIdDefault
2019-08-24 00:12:06,639 [Thread-1095] INFO  om.OzoneManager (OzoneManager.java:setOMNodeDetails(654)) - OM Node ID is not set. Setting it to the OmStorage's OmID: 226cec3e-fe2c-4583-a7c9-a358d83023d3
2019-08-24 00:12:06,639 [Thread-1095] INFO  om.OzoneManager (OzoneManager.java:loadOMHAConfigs(605)) - Found matching OM address with OMServiceId: null, OMNodeId: null, RPC Address: localhost:0 and Ratis port: 9872
2019-08-24 00:12:06,644 | INFO  | SCMAudit | user=jenkins1000 | ip=192.168.5.142 | op=GET_SCM_INFO null | ret=SUCCESS |  
2019-08-24 00:12:06,645 [Thread-1095] WARN  server.ServerUtils (ServerUtils.java:getDBPath(222)) - ozone.om.db.dirs is not configured. We recommend adding this setting. Falling back to ozone.metadata.dirs instead.
2019-08-24 00:12:06,646 [Thread-1095] INFO  db.DBStoreBuilder (DBStoreBuilder.java:addTable(110)) - using custom profile for table: userTable
2019-08-24 00:12:06,646 [Thread-1095] INFO  db.DBStoreBuilder (DBStoreBuilder.java:processTables(161)) - Using default column profile:DBProfile.DISK for Table:userTable
2019-08-24 00:12:06,646 [Thread-1095] INFO  db.DBStoreBuilder (DBStoreBuilder.java:addTable(110)) - using custom profile for table: volumeTable
2019-08-24 00:12:06,646 [Thread-1095] INFO  db.DBStoreBuilder (DBStoreBuilder.java:processTables(161)) - Using default column profile:DBProfile.DISK for Table:volumeTable
2019-08-24 00:12:06,646 [Thread-1095] INFO  db.DBStoreBuilder (DBStoreBuilder.java:addTable(110)) - using custom profile for table: bucketTable
2019-08-24 00:12:06,647 [Thread-1095] INFO  db.DBStoreBuilder (DBStoreBuilder.java:processTables(161)) - Using default column profile:DBProfile.DISK for Table:bucketTable
2019-08-24 00:12:06,647 [Thread-1095] INFO  db.DBStoreBuilder (DBStoreBuilder.java:addTable(110)) - using custom profile for table: keyTable
2019-08-24 00:12:06,647 [Thread-1095] INFO  db.DBStoreBuilder (DBStoreBuilder.java:processTables(161)) - Using default column profile:DBProfile.DISK for Table:keyTable
2019-08-24 00:12:06,647 [Thread-1095] INFO  db.DBStoreBuilder (DBStoreBuilder.java:addTable(110)) - using custom profile for table: deletedTable
2019-08-24 00:12:06,647 [Thread-1095] INFO  db.DBStoreBuilder (DBStoreBuilder.java:processTables(161)) - Using default column profile:DBProfile.DISK for Table:deletedTable
2019-08-24 00:12:06,647 [Thread-1095] INFO  db.DBStoreBuilder (DBStoreBuilder.java:addTable(110)) - using custom profile for table: openKeyTable
2019-08-24 00:12:06,647 [Thread-1095] INFO  db.DBStoreBuilder (DBStoreBuilder.java:processTables(161)) - Using default column profile:DBProfile.DISK for Table:openKeyTable
2019-08-24 00:12:06,648 [Thread-1095] INFO  db.DBStoreBuilder (DBStoreBuilder.java:addTable(110)) - using custom profile for table: s3Table
2019-08-24 00:12:06,648 [Thread-1095] INFO  db.DBStoreBuilder (DBStoreBuilder.java:processTables(161)) - Using default column profile:DBProfile.DISK for Table:s3Table
2019-08-24 00:12:06,648 [Thread-1095] INFO  db.DBStoreBuilder (DBStoreBuilder.java:addTable(110)) - using custom profile for table: multipartInfoTable
2019-08-24 00:12:06,648 [Thread-1095] INFO  db.DBStoreBuilder (DBStoreBuilder.java:processTables(161)) - Using default column profile:DBProfile.DISK for Table:multipartInfoTable
2019-08-24 00:12:06,648 [Thread-1095] INFO  db.DBStoreBuilder (DBStoreBuilder.java:addTable(110)) - using custom profile for table: dTokenTable
2019-08-24 00:12:06,648 [Thread-1095] INFO  db.DBStoreBuilder (DBStoreBuilder.java:processTables(161)) - Using default column profile:DBProfile.DISK for Table:dTokenTable
2019-08-24 00:12:06,648 [Thread-1095] INFO  db.DBStoreBuilder (DBStoreBuilder.java:addTable(110)) - using custom profile for table: s3SecretTable
2019-08-24 00:12:06,649 [Thread-1095] INFO  db.DBStoreBuilder (DBStoreBuilder.java:processTables(161)) - Using default column profile:DBProfile.DISK for Table:s3SecretTable
2019-08-24 00:12:06,649 [Thread-1095] INFO  db.DBStoreBuilder (DBStoreBuilder.java:addTable(110)) - using custom profile for table: prefixTable
2019-08-24 00:12:06,649 [Thread-1095] INFO  db.DBStoreBuilder (DBStoreBuilder.java:processTables(161)) - Using default column profile:DBProfile.DISK for Table:prefixTable
2019-08-24 00:12:06,649 [Thread-1095] INFO  db.DBStoreBuilder (DBStoreBuilder.java:addTable(110)) - using custom profile for table: default
2019-08-24 00:12:06,649 [Thread-1095] INFO  db.DBStoreBuilder (DBStoreBuilder.java:processTables(167)) - Using default column profile:DBProfile.DISK for Table:default
2019-08-24 00:12:06,649 [Thread-1095] INFO  db.DBStoreBuilder (DBStoreBuilder.java:getDbProfile(198)) - Using default options. DBProfile.DISK
2019-08-24 00:12:07,241 [Thread-1095] INFO  ipc.CallQueueManager (CallQueueManager.java:<init>(84)) - Using callQueue: class java.util.concurrent.LinkedBlockingQueue, queueCapacity: 2000, scheduler: class org.apache.hadoop.ipc.DefaultRpcScheduler, ipcBackoff: false.
2019-08-24 00:12:07,242 [Socket Reader #1 for port 33111] INFO  ipc.Server (Server.java:run(1074)) - Starting Socket Reader #1 for port 33111
2019-08-24 00:12:07,254 [Thread-1095] INFO  om.OzoneManager (OzoneManager.java:start(1259)) - OzoneManager RPC server is listening at localhost/127.0.0.1:33111
2019-08-24 00:12:07,254 [Thread-1095] INFO  impl.MetricsSystemImpl (MetricsSystemImpl.java:init(158)) - OzoneManager metrics system started (again)
2019-08-24 00:12:07,254 [IPC Server listener on 33111] INFO  ipc.Server (Server.java:run(1153)) - IPC Server listener on 33111: starting
2019-08-24 00:12:07,255 [IPC Server Responder] INFO  ipc.Server (Server.java:run(1314)) - IPC Server Responder: starting
2019-08-24 00:12:07,258 [Thread-1095] INFO  hdfs.DFSUtil (DFSUtil.java:httpServerTemplateForNNAndJN(1641)) - Starting Web-server for ozoneManager at: http://0.0.0.0:0
2019-08-24 00:12:07,260 [Thread-1095] INFO  server.AuthenticationFilter (AuthenticationFilter.java:constructSecretProvider(240)) - Unable to initialize FileSignerSecretProvider, falling back to use random secrets.
2019-08-24 00:12:07,260 [Thread-1095] WARN  http.HttpRequestLog (HttpRequestLog.java:getRequestLog(97)) - Jetty request log can only be enabled using Log4j
2019-08-24 00:12:07,261 [Thread-1095] INFO  http.HttpServer2 (HttpServer2.java:addGlobalFilter(975)) - Added global filter 'safety' (class=org.apache.hadoop.http.HttpServer2$QuotingInputFilter)
2019-08-24 00:12:07,262 [Thread-1095] INFO  http.HttpServer2 (HttpServer2.java:addFilter(948)) - Added filter static_user_filter (class=org.apache.hadoop.http.lib.StaticUserWebFilter$StaticUserFilter) to context ozoneManager
2019-08-24 00:12:07,262 [Thread-1095] INFO  http.HttpServer2 (HttpServer2.java:addFilter(958)) - Added filter static_user_filter (class=org.apache.hadoop.http.lib.StaticUserWebFilter$StaticUserFilter) to context static
2019-08-24 00:12:07,262 [Thread-1095] INFO  http.HttpServer2 (HttpServer2.java:addFilter(958)) - Added filter static_user_filter (class=org.apache.hadoop.http.lib.StaticUserWebFilter$StaticUserFilter) to context logs
2019-08-24 00:12:07,263 [Thread-1095] INFO  http.HttpServer2 (HttpServer2.java:bindListener(1191)) - Jetty bound to port 37241
2019-08-24 00:12:07,263 [Thread-1095] INFO  server.Server (Server.java:doStart(351)) - jetty-9.3.24.v20180605, build timestamp: 2018-06-05T17:11:56Z, git hash: 84205aa28f11a4f31f2a3b86d1bba2cc8ab69827
2019-08-24 00:12:07,264 [Thread-1095] INFO  handler.ContextHandler (ContextHandler.java:doStart(781)) - Started o.e.j.s.ServletContextHandler@d223f0e{/logs,file:///workdir/hadoop-ozone/integration-test/target/log,AVAILABLE}
2019-08-24 00:12:07,265 [Thread-1095] INFO  handler.ContextHandler (ContextHandler.java:doStart(781)) - Started o.e.j.s.ServletContextHandler@5bbea149{/static,file:///workdir/hadoop-ozone/integration-test/target/test-classes/webapps/static,AVAILABLE}
2019-08-24 00:12:07,268 [Thread-1095] INFO  handler.ContextHandler (ContextHandler.java:doStart(781)) - Started o.e.j.w.WebAppContext@4d1787ce{/,file:///workdir/hadoop-ozone/integration-test/target/test-classes/webapps/ozoneManager/,AVAILABLE}{/ozoneManager}
2019-08-24 00:12:07,269 [Thread-1095] INFO  server.AbstractConnector (AbstractConnector.java:doStart(278)) - Started ServerConnector@3b317478{HTTP/1.1,[http/1.1]}{0.0.0.0:37241}
2019-08-24 00:12:07,269 [Thread-1095] INFO  server.Server (Server.java:doStart(419)) - Started @79147ms
2019-08-24 00:12:07,270 [Thread-1095] INFO  server.BaseHttpServer (BaseHttpServer.java:updateConnectorAddress(213)) - HTTP server of OZONEMANAGER is listening at http://0.0.0.0:37241
2019-08-24 00:12:07,273 [Thread-1095] INFO  impl.MetricsSystemImpl (MetricsSystemImpl.java:init(158)) - HddsDatanode metrics system started (again)
2019-08-24 00:12:07,274 [Thread-1095] INFO  ozone.HddsDatanodeService (HddsDatanodeService.java:start(184)) - HddsDatanodeService host:pr-hdds-1909-t9pvb-1699798515 ip:192.168.5.142
2019-08-24 00:12:07,279 [Thread-1095] INFO  volume.HddsVolume (HddsVolume.java:<init>(176)) - Creating Volume: /workdir/hadoop-ozone/integration-test/target/test-dir/MiniOzoneClusterImpl-4cf2561c-74f4-40bc-b191-9fdff4d730e8/datanode-0/data/containers/hdds of  storage type : DISK and capacity : 1482555576320
2019-08-24 00:12:07,280 [Thread-1095] INFO  volume.VolumeSet (VolumeSet.java:initializeVolumeSet(170)) - Added Volume : /workdir/hadoop-ozone/integration-test/target/test-dir/MiniOzoneClusterImpl-4cf2561c-74f4-40bc-b191-9fdff4d730e8/datanode-0/data/containers/hdds to VolumeSet
2019-08-24 00:12:07,280 [Thread-1095] INFO  volume.ThrottledAsyncChecker (ThrottledAsyncChecker.java:schedule(140)) - Scheduling a check for org.apache.hadoop.ozone.container.common.volume.HddsVolume@1a54a126
2019-08-24 00:12:07,280 [Thread-1095] INFO  volume.HddsVolumeChecker (HddsVolumeChecker.java:checkAllVolumes(203)) - Scheduled health check for volume org.apache.hadoop.ozone.container.common.volume.HddsVolume@1a54a126
2019-08-24 00:12:07,296 [Thread-1095] INFO  impl.RaftServerProxy (ConfUtils.java:logGet(43)) - raft.rpc.type = GRPC (default)
2019-08-24 00:12:07,296 [Thread-1095] INFO  grpc.GrpcFactory (GrpcFactory.java:checkPooledByteBufAllocatorUseCacheForAllThreads(45)) - PERFORMANCE WARNING: useCacheForAllThreads is true that may cause Netty to create a lot garbage objects and, as a result, trigger GC.
	It is recommended to disable useCacheForAllThreads by setting -Dorg.apache.ratis.thirdparty.io.netty.allocator.useCacheForAllThreads=false in command line.
2019-08-24 00:12:07,297 [Thread-1095] INFO  grpc.GrpcConfigKeys$Server (ConfUtils.java:logGet(43)) - raft.grpc.server.port = 0 (default)
2019-08-24 00:12:07,297 [Thread-1095] INFO  server.GrpcService (ConfUtils.java:logGet(43)) - raft.grpc.message.size.max = 33570816 (custom)
2019-08-24 00:12:07,297 [Thread-1095] INFO  server.RaftServerConfigKeys (ConfUtils.java:logGet(43)) - raft.server.log.appender.buffer.byte-limit = 33554432 (custom)
2019-08-24 00:12:07,297 [Thread-1095] INFO  server.GrpcService (ConfUtils.java:logGet(43)) - raft.grpc.flow.control.window = 1MB (=1048576) (default)
2019-08-24 00:12:07,297 [Thread-1095] INFO  server.RaftServerConfigKeys (ConfUtils.java:logGet(43)) - raft.server.rpc.request.timeout = 3000ms (default)
2019-08-24 00:12:07,298 [Thread-1095] INFO  server.RaftServerConfigKeys (ConfUtils.java:logGet(43)) - raft.server.storage.dir = [/workdir/hadoop-ozone/integration-test/target/test-dir/MiniOzoneClusterImpl-4cf2561c-74f4-40bc-b191-9fdff4d730e8/datanode-0/data/ratis] (custom)
2019-08-24 00:12:07,298 [Thread-1095] INFO  replication.SimpleContainerDownloader (SimpleContainerDownloader.java:<init>(72)) - Starting container downloader service to copy containers to replicate.
2019-08-24 00:12:07,299 [Thread-1095] INFO  hdfs.DFSUtil (DFSUtil.java:httpServerTemplateForNNAndJN(1641)) - Starting Web-server for hddsDatanode at: http://0.0.0.0:0
2019-08-24 00:12:07,301 [Thread-1095] INFO  server.AuthenticationFilter (AuthenticationFilter.java:constructSecretProvider(240)) - Unable to initialize FileSignerSecretProvider, falling back to use random secrets.
2019-08-24 00:12:07,301 [Thread-1095] WARN  http.HttpRequestLog (HttpRequestLog.java:getRequestLog(97)) - Jetty request log can only be enabled using Log4j
2019-08-24 00:12:07,302 [Thread-1095] INFO  http.HttpServer2 (HttpServer2.java:addGlobalFilter(975)) - Added global filter 'safety' (class=org.apache.hadoop.http.HttpServer2$QuotingInputFilter)
2019-08-24 00:12:07,303 [Thread-1095] INFO  http.HttpServer2 (HttpServer2.java:addFilter(948)) - Added filter static_user_filter (class=org.apache.hadoop.http.lib.StaticUserWebFilter$StaticUserFilter) to context hddsDatanode
2019-08-24 00:12:07,303 [Thread-1095] INFO  http.HttpServer2 (HttpServer2.java:addFilter(958)) - Added filter static_user_filter (class=org.apache.hadoop.http.lib.StaticUserWebFilter$StaticUserFilter) to context logs
2019-08-24 00:12:07,303 [Thread-1095] INFO  http.HttpServer2 (HttpServer2.java:addFilter(958)) - Added filter static_user_filter (class=org.apache.hadoop.http.lib.StaticUserWebFilter$StaticUserFilter) to context static
2019-08-24 00:12:07,304 [Thread-1095] INFO  http.HttpServer2 (HttpServer2.java:bindListener(1191)) - Jetty bound to port 44131
2019-08-24 00:12:07,304 [Thread-1095] INFO  server.Server (Server.java:doStart(351)) - jetty-9.3.24.v20180605, build timestamp: 2018-06-05T17:11:56Z, git hash: 84205aa28f11a4f31f2a3b86d1bba2cc8ab69827
2019-08-24 00:12:07,306 [Thread-1095] INFO  handler.ContextHandler (ContextHandler.java:doStart(781)) - Started o.e.j.s.ServletContextHandler@1f8a856f{/logs,file:///workdir/hadoop-ozone/integration-test/target/log,AVAILABLE}
2019-08-24 00:12:07,306 [Thread-1095] INFO  handler.ContextHandler (ContextHandler.java:doStart(781)) - Started o.e.j.s.ServletContextHandler@194f9485{/static,jar:file:/home/user/.m2/repository/org/apache/hadoop/hadoop-hdds-container-service/0.5.0-SNAPSHOT/hadoop-hdds-container-service-0.5.0-SNAPSHOT.jar!/webapps/static,AVAILABLE}
2019-08-24 00:12:07,335 [Thread-1095] INFO  handler.ContextHandler (ContextHandler.java:doStart(781)) - Started o.e.j.w.WebAppContext@632c4823{/,file:///tmp/jetty-0.0.0.0-44131-hddsDatanode-_-any-2587822865202021924.dir/webapp/,AVAILABLE}{/hddsDatanode}
2019-08-24 00:12:07,336 [Thread-1095] INFO  server.AbstractConnector (AbstractConnector.java:doStart(278)) - Started ServerConnector@77633226{HTTP/1.1,[http/1.1]}{0.0.0.0:44131}
2019-08-24 00:12:07,337 [Thread-1095] INFO  server.Server (Server.java:doStart(419)) - Started @79214ms
2019-08-24 00:12:07,338 [Thread-1095] INFO  server.BaseHttpServer (BaseHttpServer.java:updateConnectorAddress(213)) - HTTP server of HDDSDATANODE is listening at http://0.0.0.0:44131
2019-08-24 00:12:07,541 | INFO  | ObjectStoreRestHttpServer | Listening HDDS REST traffic on /0.0.0.0:34234 |  
2019-08-24 00:12:07,541 [Thread-1095] INFO  ozone.HddsDatanodeService (HddsDatanodeService.java:startPlugins(395)) - Started plug-in org.apache.hadoop.ozone.web.OzoneHddsDatanodeService@4ccbfaca
2019-08-24 00:12:07,541 [Thread-1095] INFO  ozone.MiniOzoneClusterImpl (MiniOzoneClusterImpl.java:lambda$waitForClusterToBeReady$0(142)) - Waiting for cluster to be ready. Got 0 of 1 DN Heartbeats.
2019-08-24 00:12:07,543 [org.apache.hadoop.util.JvmPauseMonitor$Monitor@24644867] INFO  util.JvmPauseMonitor (JvmPauseMonitor.java:run(188)) - Starting JVM pause monitor
2019-08-24 00:12:07,545 [Datanode State Machine Thread - 0] INFO  datanode.InitDatanodeState (InitDatanodeState.java:persistContainerDatanodeDetails(140)) - DatanodeDetails is persisted to /workdir/hadoop-ozone/integration-test/target/test-dir/MiniOzoneClusterImpl-4cf2561c-74f4-40bc-b191-9fdff4d730e8/datanode-0/meta/datanode.id
2019-08-24 00:12:08,541 [Thread-1095] INFO  ozone.MiniOzoneClusterImpl (MiniOzoneClusterImpl.java:lambda$waitForClusterToBeReady$0(142)) - Waiting for cluster to be ready. Got 0 of 1 DN Heartbeats.
2019-08-24 00:12:09,542 [Thread-1095] INFO  ozone.MiniOzoneClusterImpl (MiniOzoneClusterImpl.java:lambda$waitForClusterToBeReady$0(142)) - Waiting for cluster to be ready. Got 0 of 1 DN Heartbeats.
2019-08-24 00:12:09,547 | INFO  | SCMAudit | user=jenkins1000 | ip=192.168.5.142 | op=GET_VERSION null | ret=SUCCESS |  
2019-08-24 00:12:09,562 [Datanode State Machine Thread - 0] INFO  ozoneimpl.OzoneContainer (OzoneContainer.java:start(186)) - Attempting to start container services.
2019-08-24 00:12:09,563 [Datanode State Machine Thread - 0] INFO  ozoneimpl.OzoneContainer (OzoneContainer.java:startContainerScrub(160)) - Background container scrubber has been disabled by hdds.containerscrub.enabled
2019-08-24 00:12:09,563 [Datanode State Machine Thread - 0] INFO  ratis.XceiverServerRatis (XceiverServerRatis.java:start(404)) - Starting XceiverServerRatis 37cc18fa-1521-4198-ad54-ab583d053ec6 at port 0
2019-08-24 00:12:09,570 [Datanode State Machine Thread - 0] INFO  impl.RaftServerProxy (RaftServerProxy.java:lambda$start$3(299)) - 37cc18fa-1521-4198-ad54-ab583d053ec6: start RPC server
2019-08-24 00:12:09,573 [Datanode State Machine Thread - 0] INFO  server.GrpcService (GrpcService.java:startImpl(149)) - 37cc18fa-1521-4198-ad54-ab583d053ec6: GrpcService started, listening on 0.0.0.0/0.0.0.0:39903
2019-08-24 00:12:09,574 [Datanode State Machine Thread - 0] INFO  ratis.XceiverServerRatis (XceiverServerRatis.java:start(414)) - XceiverServerRatis 37cc18fa-1521-4198-ad54-ab583d053ec6 is started using port 39903
2019-08-24 00:12:09,575 [Datanode State Machine Thread - 0] INFO  server.XceiverServerGrpc (XceiverServerGrpc.java:start(161)) - XceiverServerGrpc 37cc18fa-1521-4198-ad54-ab583d053ec6 is started using port 37302
2019-08-24 00:12:10,542 [Thread-1095] INFO  ozone.MiniOzoneClusterImpl (MiniOzoneClusterImpl.java:lambda$waitForClusterToBeReady$0(142)) - Waiting for cluster to be ready. Got 0 of 1 DN Heartbeats.
2019-08-24 00:12:11,543 [Thread-1095] INFO  ozone.MiniOzoneClusterImpl (MiniOzoneClusterImpl.java:lambda$waitForClusterToBeReady$0(142)) - Waiting for cluster to be ready. Got 0 of 1 DN Heartbeats.
2019-08-24 00:12:11,546 [IPC Server handler 0 on 44592] INFO  net.NetworkTopology (NetworkTopologyImpl.java:add(110)) - Added a new node: /default-rack/37cc18fa-1521-4198-ad54-ab583d053ec6
2019-08-24 00:12:11,547 [IPC Server handler 0 on 44592] INFO  node.SCMNodeManager (SCMNodeManager.java:register(273)) - Registered Data node : 37cc18fa-1521-4198-ad54-ab583d053ec6{ip: 192.168.5.142, host: pr-hdds-1909-t9pvb-1699798515, networkLocation: /default-rack, certSerialId: null}
2019-08-24 00:12:11,549 [EventQueue-NodeRegistrationContainerReportForDataNodeSafeModeRule] INFO  safemode.SCMSafeModeManager (DataNodeSafeModeRule.java:process(71)) - SCM in safe mode. 1 DataNodes registered, 1 required.
2019-08-24 00:12:11,550 | INFO  | SCMAudit | user=jenkins1000 | ip=192.168.5.142 | op=REGISTER {datanodeDetails=37cc18fa-1521-4198-ad54-ab583d053ec6{ip: 192.168.5.142, host: pr-hdds-1909-t9pvb-1699798515, networkLocation: /default-rack, certSerialId: null}} | ret=SUCCESS |  
2019-08-24 00:12:11,550 [EventQueue-NodeRegistrationContainerReportForDataNodeSafeModeRule] INFO  safemode.SCMSafeModeManager (SCMSafeModeManager.java:validateSafeModeExitRules(177)) - ScmSafeModeManager, all rules are successfully validated
2019-08-24 00:12:11,550 [EventQueue-NodeRegistrationContainerReportForDataNodeSafeModeRule] INFO  safemode.SCMSafeModeManager (SCMSafeModeManager.java:exitSafeMode(193)) - SCM exiting safe mode.
2019-08-24 00:12:11,563 [grpc-default-executor-1] INFO  impl.RaftServerProxy (RaftServerProxy.java:addNew(89)) - 37cc18fa-1521-4198-ad54-ab583d053ec6: addNew group-1C4746B9E97E:[37cc18fa-1521-4198-ad54-ab583d053ec6:192.168.5.142:39903] returns group-1C4746B9E97E:java.util.concurrent.CompletableFuture@30379297[Not completed]
2019-08-24 00:12:11,565 [pool-429-thread-1] INFO  impl.RaftServerImpl (RaftServerImpl.java:<init>(93)) - 37cc18fa-1521-4198-ad54-ab583d053ec6: new RaftServerImpl for group-1C4746B9E97E:[37cc18fa-1521-4198-ad54-ab583d053ec6:192.168.5.142:39903] with ContainerStateMachine:uninitialized
2019-08-24 00:12:11,566 [pool-429-thread-1] INFO  server.RaftServerConfigKeys (ConfUtils.java:logGet(43)) - raft.server.rpc.timeout.min = 5s (custom)
2019-08-24 00:12:11,567 [pool-429-thread-1] INFO  server.RaftServerConfigKeys (ConfUtils.java:logGet(43)) - raft.server.rpc.timeout.max = 5200ms (custom)
2019-08-24 00:12:11,567 [pool-429-thread-1] INFO  server.RaftServerConfigKeys (ConfUtils.java:logGet(43)) - raft.server.rpcslowness.timeout = 120s (custom)
2019-08-24 00:12:11,567 [pool-429-thread-1] INFO  server.RaftServerConfigKeys (ConfUtils.java:logGet(43)) - raft.server.sleep.deviation.threshold = 300 (default)
2019-08-24 00:12:11,567 [pool-429-thread-1] INFO  server.RaftServerConfigKeys (ConfUtils.java:logGet(43)) - raft.server.log.appender.install.snapshot.enabled = false (custom)
2019-08-24 00:12:11,567 [pool-429-thread-1] INFO  impl.RaftServerImpl (ServerState.java:<init>(105)) - 37cc18fa-1521-4198-ad54-ab583d053ec6:group-1C4746B9E97E ConfigurationManager, init=-1: [37cc18fa-1521-4198-ad54-ab583d053ec6:192.168.5.142:39903], old=null, confs=<EMPTY_MAP>
2019-08-24 00:12:11,568 [pool-429-thread-1] INFO  server.RaftServerConfigKeys (ConfUtils.java:logGet(43)) - raft.server.storage.dir = [/workdir/hadoop-ozone/integration-test/target/test-dir/MiniOzoneClusterImpl-4cf2561c-74f4-40bc-b191-9fdff4d730e8/datanode-0/data/ratis] (custom)
2019-08-24 00:12:11,568 [pool-429-thread-1] INFO  storage.RaftStorageDirectory (RaftStorageDirectory.java:analyzeStorage(246)) - The storage directory /workdir/hadoop-ozone/integration-test/target/test-dir/MiniOzoneClusterImpl-4cf2561c-74f4-40bc-b191-9fdff4d730e8/datanode-0/data/ratis/74f40ea7-9409-4f41-8ba3-1c4746b9e97e does not exist. Creating ...
2019-08-24 00:12:11,581 [pool-429-thread-1] INFO  storage.RaftStorageDirectory (RaftStorageDirectory.java:tryLock(328)) - Lock on /workdir/hadoop-ozone/integration-test/target/test-dir/MiniOzoneClusterImpl-4cf2561c-74f4-40bc-b191-9fdff4d730e8/datanode-0/data/ratis/74f40ea7-9409-4f41-8ba3-1c4746b9e97e/in_use.lock acquired by nodename 21712@pr-hdds-1909-t9pvb-1699798515
2019-08-24 00:12:11,594 [pool-429-thread-1] INFO  storage.RaftStorage (RaftStorage.java:format(72)) - Storage directory /workdir/hadoop-ozone/integration-test/target/test-dir/MiniOzoneClusterImpl-4cf2561c-74f4-40bc-b191-9fdff4d730e8/datanode-0/data/ratis/74f40ea7-9409-4f41-8ba3-1c4746b9e97e has been successfully formatted.
2019-08-24 00:12:11,595 [pool-429-thread-1] INFO  ratis.ContainerStateMachine (ContainerStateMachine.java:loadSnapshot(226)) - group-1C4746B9E97E: The snapshot info is null. Setting the last applied indexto:(t:0, i:~)
2019-08-24 00:12:11,595 [pool-429-thread-1] INFO  server.RaftServerConfigKeys (ConfUtils.java:logGet(43)) - raft.server.leader.election.timeout = 120s (custom)
2019-08-24 00:12:11,595 [pool-429-thread-1] INFO  server.RaftServerConfigKeys (ConfUtils.java:logGet(43)) - raft.server.log.use.memory = false (default)
2019-08-24 00:12:11,595 [pool-429-thread-1] INFO  server.RaftServerConfigKeys (ConfUtils.java:logGet(43)) - raft.server.log.purge.gap = 1000000 (custom)
2019-08-24 00:12:11,595 [pool-429-thread-1] INFO  server.RaftServerConfigKeys (ConfUtils.java:logGet(43)) - raft.server.log.appender.buffer.byte-limit = 33554432 (custom)
2019-08-24 00:12:11,595 [pool-429-thread-1] INFO  server.RaftServerConfigKeys (ConfUtils.java:logGet(43)) - raft.server.log.segment.size.max = 1048576 (custom)
2019-08-24 00:12:11,596 [pool-429-thread-1] INFO  server.RaftServerConfigKeys (ConfUtils.java:logGet(43)) - raft.server.log.segment.cache.num.max = 2 (custom)
2019-08-24 00:12:11,596 [pool-429-thread-1] INFO  segmented.SegmentedRaftLogWorker (SegmentedRaftLogWorker.java:<init>(172)) - new 37cc18fa-1521-4198-ad54-ab583d053ec6-SegmentedRaftLogWorker:Storage Directory /workdir/hadoop-ozone/integration-test/target/test-dir/MiniOzoneClusterImpl-4cf2561c-74f4-40bc-b191-9fdff4d730e8/datanode-0/data/ratis/74f40ea7-9409-4f41-8ba3-1c4746b9e97e for RaftStorage:Storage Directory /workdir/hadoop-ozone/integration-test/target/test-dir/MiniOzoneClusterImpl-4cf2561c-74f4-40bc-b191-9fdff4d730e8/datanode-0/data/ratis/74f40ea7-9409-4f41-8ba3-1c4746b9e97e
2019-08-24 00:12:11,596 [pool-429-thread-1] INFO  server.RaftServerConfigKeys (ConfUtils.java:logGet(43)) - raft.server.log.queue.byte-limit = 2147483647 (custom)
2019-08-24 00:12:11,596 [pool-429-thread-1] INFO  server.RaftServerConfigKeys (ConfUtils.java:logGet(43)) - raft.server.log.queue.element-limit = 1024 (custom)
2019-08-24 00:12:11,596 [pool-429-thread-1] INFO  server.RaftServerConfigKeys (ConfUtils.java:logGet(43)) - raft.server.log.segment.size.max = 1048576 (custom)
2019-08-24 00:12:11,597 [pool-429-thread-1] INFO  server.RaftServerConfigKeys (ConfUtils.java:logGet(43)) - raft.server.log.preallocated.size = 16384 (custom)
2019-08-24 00:12:11,597 [pool-429-thread-1] INFO  server.RaftServerConfigKeys (ConfUtils.java:logGet(43)) - raft.server.log.write.buffer.size = 33554432 (custom)
2019-08-24 00:12:11,597 [pool-429-thread-1] INFO  server.RaftServerConfigKeys (ConfUtils.java:logGet(43)) - raft.server.log.force.sync.num = 128 (default)
2019-08-24 00:12:11,597 [pool-429-thread-1] INFO  server.RaftServerConfigKeys (ConfUtils.java:logGet(43)) - raft.server.log.statemachine.data.sync = true (default)
2019-08-24 00:12:11,597 [pool-429-thread-1] INFO  server.RaftServerConfigKeys (ConfUtils.java:logGet(43)) - raft.server.log.statemachine.data.sync.timeout = 10s (default)
2019-08-24 00:12:11,597 [pool-429-thread-1] INFO  server.RaftServerConfigKeys (ConfUtils.java:logGet(43)) - raft.server.log.statemachine.data.sync.timeout.retry = -1 (default)
2019-08-24 00:12:11,597 [pool-429-thread-1] INFO  server.RaftServerConfigKeys (ConfUtils.java:logGet(43)) - raft.server.log.statemachine.data.caching.enabled = true (custom)
2019-08-24 00:12:11,598 [pool-429-thread-1] INFO  segmented.SegmentedRaftLogWorker (SegmentedRaftLogWorker.java:lambda$new$0(132)) - 37cc18fa-1521-4198-ad54-ab583d053ec6-SegmentedRaftLogWorker:Storage Directory /workdir/hadoop-ozone/integration-test/target/test-dir/MiniOzoneClusterImpl-4cf2561c-74f4-40bc-b191-9fdff4d730e8/datanode-0/data/ratis/74f40ea7-9409-4f41-8ba3-1c4746b9e97e: flushIndex: setUnconditionally 0 -> -1
2019-08-24 00:12:11,598 [pool-429-thread-1] INFO  server.RaftServerConfigKeys (ConfUtils.java:logGet(43)) - raft.server.snapshot.auto.trigger.enabled = true (custom)
2019-08-24 00:12:11,598 [pool-429-thread-1] INFO  server.RaftServerConfigKeys (ConfUtils.java:logGet(43)) - raft.server.snapshot.auto.trigger.threshold = 10000 (custom)
2019-08-24 00:12:11,598 [pool-429-thread-1] INFO  server.RaftServerConfigKeys (ConfUtils.java:logGet(43)) - raft.server.retrycache.expirytime = 600000ms (custom)
2019-08-24 00:12:11,599 [pool-429-thread-1] INFO  impl.RaftServerImpl (RaftServerImpl.java:start(180)) - 37cc18fa-1521-4198-ad54-ab583d053ec6: start group-1C4746B9E97E
2019-08-24 00:12:11,599 [pool-429-thread-1] INFO  impl.RaftServerImpl (RaftServerImpl.java:setRole(171)) - 37cc18fa-1521-4198-ad54-ab583d053ec6:group-1C4746B9E97E changes role from null to FOLLOWER at term 0 for startAsFollower
2019-08-24 00:12:11,599 [pool-429-thread-1] INFO  impl.RoleInfo (RoleInfo.java:updateAndGet(143)) - 37cc18fa-1521-4198-ad54-ab583d053ec6: start FollowerState
2019-08-24 00:12:11,600 [pool-429-thread-1] INFO  util.JmxRegister (JmxRegister.java:tryRegister(44)) - Successfully registered JMX Bean with object name Ratis:service=RaftServer,group=group-1C4746B9E97E,id=37cc18fa-1521-4198-ad54-ab583d053ec6
2019-08-24 00:12:11,608 [RatisPipelineUtilsThread] INFO  pipeline.PipelineStateManager (PipelineStateManager.java:addPipeline(56)) - Created pipeline Pipeline[ Id: 74f40ea7-9409-4f41-8ba3-1c4746b9e97e, Nodes: 37cc18fa-1521-4198-ad54-ab583d053ec6{ip: 192.168.5.142, host: pr-hdds-1909-t9pvb-1699798515, networkLocation: /default-rack, certSerialId: null}, Type:RATIS, Factor:ONE, State:OPEN]
2019-08-24 00:12:12,543 [Thread-1095] INFO  ozone.MiniOzoneClusterImpl (MiniOzoneClusterImpl.java:lambda$waitForClusterToBeReady$0(142)) - Cluster is ready. Got 1 of 1 DN Heartbeats.
2019-08-24 00:12:12,544 [Thread-1095] INFO  ozone.MiniOzoneClusterImpl (MiniOzoneClusterImpl.java:getStorageContainerLocationClient(241)) - Creating StorageContainerLocationProtocol RPC client with address /0.0.0.0:45152
2019-08-24 00:12:12,705 | INFO  | OMAudit | user=jenkins1000 | ip=127.0.0.1 | op=CREATE_VOLUME {admin=admin37056, owner=user55451, volume=volume36419, creationTime=1566605532704, quotaInBytes=1152921504606846976} | ret=SUCCESS |  
2019-08-24 00:12:12,706 [IPC Server handler 0 on 33111] INFO  volume.OMVolumeCreateRequest (OMVolumeCreateRequest.java:validateAndUpdateCache(189)) - created volume:volume36419 for user:user55451
2019-08-24 00:12:12,713 | INFO  | OMAudit | user=jenkins1000 | ip=127.0.0.1 | op=CREATE_BUCKET {volume=volume36419, bucket=bucket68587, acls=[], isVersionEnabled=false, storageType=DISK, creationTime=1566605532709} | ret=SUCCESS |  
2019-08-24 00:12:12,716 [IPC Server handler 1 on 44957] INFO  pipeline.PipelineStateManager (PipelineStateManager.java:addPipeline(56)) - Created pipeline Pipeline[ Id: d2e470ad-6a22-4e1c-b904-aade2953b4fe, Nodes: 37cc18fa-1521-4198-ad54-ab583d053ec6{ip: 192.168.5.142, host: pr-hdds-1909-t9pvb-1699798515, networkLocation: /default-rack, certSerialId: null}, Type:STAND_ALONE, Factor:ONE, State:OPEN]
2019-08-24 00:12:12,718 | INFO  | SCMAudit | user=jenkins1000 | ip=192.168.5.142 | op=ALLOCATE_BLOCK {owner=226cec3e-fe2c-4583-a7c9-a358d83023d3, size=4194304, type=STAND_ALONE, factor=ONE} | ret=SUCCESS |  
2019-08-24 00:12:12,721 | INFO  | OMAudit | user=jenkins1000 | ip=127.0.0.1 | op=ALLOCATE_KEY {volume=volume36419, bucket=bucket68587, key=nHYRc0, dataSize=4096, replicationType=STAND_ALONE, replicationFactor=ONE, keyLocationInfo=[blockID {
  containerBlockID {
    containerID: 1
    localID: 102669060192207248
  }
  blockCommitSequenceId: 0
}
offset: 0
length: 4194304
createVersion: 0
pipeline {
  leaderID: ""
  members {
    uuid: "37cc18fa-1521-4198-ad54-ab583d053ec6"
    ipAddress: "192.168.5.142"
    hostName: "pr-hdds-1909-t9pvb-1699798515"
    ports {
      name: "REST"
      value: 34234
    }
    ports {
      name: "RATIS"
      value: 39903
    }
    ports {
      name: "STANDALONE"
      value: 37302
    }
    networkName: "37cc18fa-1521-4198-ad54-ab583d053ec6"
    networkLocation: "/default-rack"
  }
  state: PIPELINE_OPEN
  type: STAND_ALONE
  factor: ONE
  id {
    id: "d2e470ad-6a22-4e1c-b904-aade2953b4fe"
  }
}
]} | ret=SUCCESS |  
2019-08-24 00:12:12,799 | INFO  | DNAudit | user=null | ip=null | op=WRITE_CHUNK {blockData=conID: 1 locID: 102669060192207248 bcsId: 0} | ret=SUCCESS |  
2019-08-24 00:12:12,802 | INFO  | SCMAudit | user=jenkins1000 | ip=192.168.5.142 | op=SEND_HEARTBEAT {datanodeUUID=37cc18fa-1521-4198-ad54-ab583d053ec6, command=[]} | ret=SUCCESS |  
2019-08-24 00:12:12,851 | INFO  | DNAudit | user=null | ip=null | op=PUT_BLOCK {blockData=[blockId=conID: 1 locID: 102669060192207248 bcsId: 0,size=5]} | ret=SUCCESS |  
2019-08-24 00:12:12,857 | INFO  | OMAudit | user=jenkins1000 | ip=127.0.0.1 | op=COMMIT_KEY {volume=volume36419, bucket=bucket68587, key=nHYRc0, dataSize=5, replicationType=RATIS, replicationFactor=ONE, keyLocationInfo=[blockID {
  containerBlockID {
    containerID: 1
    localID: 102669060192207248
  }
  blockCommitSequenceId: 0
}
offset: 0
length: 5
createVersion: 0
pipeline {
  leaderID: ""
  members {
    uuid: "37cc18fa-1521-4198-ad54-ab583d053ec6"
    ipAddress: "192.168.5.142"
    hostName: "pr-hdds-1909-t9pvb-1699798515"
    ports {
      name: "REST"
      value: 34234
    }
    ports {
      name: "RATIS"
      value: 39903
    }
    ports {
      name: "STANDALONE"
      value: 37302
    }
    networkName: "37cc18fa-1521-4198-ad54-ab583d053ec6"
    networkLocation: "/default-rack"
  }
  state: PIPELINE_OPEN
  type: STAND_ALONE
  factor: ONE
  id {
    id: "d2e470ad-6a22-4e1c-b904-aade2953b4fe"
  }
}
]} | ret=SUCCESS |  
2019-08-24 00:12:12,862 | INFO  | SCMAudit | user=jenkins1000 | ip=192.168.5.142 | op=ALLOCATE_BLOCK {owner=226cec3e-fe2c-4583-a7c9-a358d83023d3, size=4194304, type=STAND_ALONE, factor=ONE} | ret=SUCCESS |  
2019-08-24 00:12:12,864 | INFO  | OMAudit | user=jenkins1000 | ip=127.0.0.1 | op=ALLOCATE_KEY {volume=volume36419, bucket=bucket68587, key=ZalWj1, dataSize=4096, replicationType=STAND_ALONE, replicationFactor=ONE, keyLocationInfo=[blockID {
  containerBlockID {
    containerID: 2
    localID: 102669060201644434
  }
  blockCommitSequenceId: 0
}
offset: 0
length: 4194304
createVersion: 0
pipeline {
  leaderID: ""
  members {
    uuid: "37cc18fa-1521-4198-ad54-ab583d053ec6"
    ipAddress: "192.168.5.142"
    hostName: "pr-hdds-1909-t9pvb-1699798515"
    ports {
      name: "REST"
      value: 34234
    }
    ports {
      name: "RATIS"
      value: 39903
    }
    ports {
      name: "STANDALONE"
      value: 37302
    }
    networkName: "37cc18fa-1521-4198-ad54-ab583d053ec6"
    networkLocation: "/default-rack"
  }
  state: PIPELINE_OPEN
  type: STAND_ALONE
  factor: ONE
  id {
    id: "d2e470ad-6a22-4e1c-b904-aade2953b4fe"
  }
}
]} | ret=SUCCESS |  
2019-08-24 00:12:12,938 | INFO  | DNAudit | user=null | ip=null | op=WRITE_CHUNK {blockData=conID: 2 locID: 102669060201644434 bcsId: 0} | ret=SUCCESS |  
2019-08-24 00:12:12,939 | INFO  | SCMAudit | user=jenkins1000 | ip=192.168.5.142 | op=SEND_HEARTBEAT {datanodeUUID=37cc18fa-1521-4198-ad54-ab583d053ec6, command=[]} | ret=SUCCESS |  
2019-08-24 00:12:13,011 | INFO  | DNAudit | user=null | ip=null | op=PUT_BLOCK {blockData=[blockId=conID: 2 locID: 102669060201644434 bcsId: 0,size=5]} | ret=SUCCESS |  
2019-08-24 00:12:13,017 | INFO  | OMAudit | user=jenkins1000 | ip=127.0.0.1 | op=COMMIT_KEY {volume=volume36419, bucket=bucket68587, key=ZalWj1, dataSize=5, replicationType=RATIS, replicationFactor=ONE, keyLocationInfo=[blockID {
  containerBlockID {
    containerID: 2
    localID: 102669060201644434
  }
  blockCommitSequenceId: 0
}
offset: 0
length: 5
createVersion: 0
pipeline {
  leaderID: ""
  members {
    uuid: "37cc18fa-1521-4198-ad54-ab583d053ec6"
    ipAddress: "192.168.5.142"
    hostName: "pr-hdds-1909-t9pvb-1699798515"
    ports {
      name: "REST"
      value: 34234
    }
    ports {
      name: "RATIS"
      value: 39903
    }
    ports {
      name: "STANDALONE"
      value: 37302
    }
    networkName: "37cc18fa-1521-4198-ad54-ab583d053ec6"
    networkLocation: "/default-rack"
  }
  state: PIPELINE_OPEN
  type: STAND_ALONE
  factor: ONE
  id {
    id: "d2e470ad-6a22-4e1c-b904-aade2953b4fe"
  }
}
]} | ret=SUCCESS |  
2019-08-24 00:12:13,020 | INFO  | SCMAudit | user=jenkins1000 | ip=192.168.5.142 | op=ALLOCATE_BLOCK {owner=226cec3e-fe2c-4583-a7c9-a358d83023d3, size=4194304, type=STAND_ALONE, factor=ONE} | ret=SUCCESS |  
2019-08-24 00:12:13,022 | INFO  | OMAudit | user=jenkins1000 | ip=127.0.0.1 | op=ALLOCATE_KEY {volume=volume36419, bucket=bucket68587, key=ixzYt2, dataSize=4096, replicationType=STAND_ALONE, replicationFactor=ONE, keyLocationInfo=[blockID {
  containerBlockID {
    containerID: 3
    localID: 102669060211999124
  }
  blockCommitSequenceId: 0
}
offset: 0
length: 4194304
createVersion: 0
pipeline {
  leaderID: ""
  members {
    uuid: "37cc18fa-1521-4198-ad54-ab583d053ec6"
    ipAddress: "192.168.5.142"
    hostName: "pr-hdds-1909-t9pvb-1699798515"
    ports {
      name: "REST"
      value: 34234
    }
    ports {
      name: "RATIS"
      value: 39903
    }
    ports {
      name: "STANDALONE"
      value: 37302
    }
    networkName: "37cc18fa-1521-4198-ad54-ab583d053ec6"
    networkLocation: "/default-rack"
  }
  state: PIPELINE_OPEN
  type: STAND_ALONE
  factor: ONE
  id {
    id: "d2e470ad-6a22-4e1c-b904-aade2953b4fe"
  }
}
]} | ret=SUCCESS |  
2019-08-24 00:12:13,092 | INFO  | DNAudit | user=null | ip=null | op=WRITE_CHUNK {blockData=conID: 3 locID: 102669060211999124 bcsId: 0} | ret=SUCCESS |  
2019-08-24 00:12:13,093 | INFO  | SCMAudit | user=jenkins1000 | ip=192.168.5.142 | op=SEND_HEARTBEAT {datanodeUUID=37cc18fa-1521-4198-ad54-ab583d053ec6, command=[]} | ret=SUCCESS |  
2019-08-24 00:12:13,140 | INFO  | DNAudit | user=null | ip=null | op=PUT_BLOCK {blockData=[blockId=conID: 3 locID: 102669060211999124 bcsId: 0,size=5]} | ret=SUCCESS |  
2019-08-24 00:12:13,145 | INFO  | OMAudit | user=jenkins1000 | ip=127.0.0.1 | op=COMMIT_KEY {volume=volume36419, bucket=bucket68587, key=ixzYt2, dataSize=5, replicationType=RATIS, replicationFactor=ONE, keyLocationInfo=[blockID {
  containerBlockID {
    containerID: 3
    localID: 102669060211999124
  }
  blockCommitSequenceId: 0
}
offset: 0
length: 5
createVersion: 0
pipeline {
  leaderID: ""
  members {
    uuid: "37cc18fa-1521-4198-ad54-ab583d053ec6"
    ipAddress: "192.168.5.142"
    hostName: "pr-hdds-1909-t9pvb-1699798515"
    ports {
      name: "REST"
      value: 34234
    }
    ports {
      name: "RATIS"
      value: 39903
    }
    ports {
      name: "STANDALONE"
      value: 37302
    }
    networkName: "37cc18fa-1521-4198-ad54-ab583d053ec6"
    networkLocation: "/default-rack"
  }
  state: PIPELINE_OPEN
  type: STAND_ALONE
  factor: ONE
  id {
    id: "d2e470ad-6a22-4e1c-b904-aade2953b4fe"
  }
}
]} | ret=SUCCESS |  
2019-08-24 00:12:13,147 | INFO  | SCMAudit | user=jenkins1000 | ip=192.168.5.142 | op=ALLOCATE_BLOCK {owner=226cec3e-fe2c-4583-a7c9-a358d83023d3, size=4194304, type=STAND_ALONE, factor=ONE} | ret=SUCCESS |  
2019-08-24 00:12:13,148 | INFO  | OMAudit | user=jenkins1000 | ip=127.0.0.1 | op=ALLOCATE_KEY {volume=volume36419, bucket=bucket68587, key=nqkSs3, dataSize=4096, replicationType=STAND_ALONE, replicationFactor=ONE, keyLocationInfo=[blockID {
  containerBlockID {
    containerID: 1
    localID: 102669060220322198
  }
  blockCommitSequenceId: 0
}
offset: 0
length: 4194304
createVersion: 0
pipeline {
  leaderID: ""
  members {
    uuid: "37cc18fa-1521-4198-ad54-ab583d053ec6"
    ipAddress: "192.168.5.142"
    hostName: "pr-hdds-1909-t9pvb-1699798515"
    ports {
      name: "REST"
      value: 34234
    }
    ports {
      name: "RATIS"
      value: 39903
    }
    ports {
      name: "STANDALONE"
      value: 37302
    }
    networkName: "37cc18fa-1521-4198-ad54-ab583d053ec6"
    networkLocation: "/default-rack"
  }
  state: PIPELINE_OPEN
  type: STAND_ALONE
  factor: ONE
  id {
    id: "d2e470ad-6a22-4e1c-b904-aade2953b4fe"
  }
}
]} | ret=SUCCESS |  
2019-08-24 00:12:13,152 | INFO  | DNAudit | user=null | ip=null | op=WRITE_CHUNK {blockData=conID: 1 locID: 102669060220322198 bcsId: 0} | ret=SUCCESS |  
2019-08-24 00:12:13,157 | INFO  | DNAudit | user=null | ip=null | op=PUT_BLOCK {blockData=[blockId=conID: 1 locID: 102669060220322198 bcsId: 0,size=5]} | ret=SUCCESS |  
2019-08-24 00:12:13,159 | INFO  | OMAudit | user=jenkins1000 | ip=127.0.0.1 | op=COMMIT_KEY {volume=volume36419, bucket=bucket68587, key=nqkSs3, dataSize=5, replicationType=RATIS, replicationFactor=ONE, keyLocationInfo=[blockID {
  containerBlockID {
    containerID: 1
    localID: 102669060220322198
  }
  blockCommitSequenceId: 0
}
offset: 0
length: 5
createVersion: 0
pipeline {
  leaderID: ""
  members {
    uuid: "37cc18fa-1521-4198-ad54-ab583d053ec6"
    ipAddress: "192.168.5.142"
    hostName: "pr-hdds-1909-t9pvb-1699798515"
    ports {
      name: "REST"
      value: 34234
    }
    ports {
      name: "RATIS"
      value: 39903
    }
    ports {
      name: "STANDALONE"
      value: 37302
    }
    networkName: "37cc18fa-1521-4198-ad54-ab583d053ec6"
    networkLocation: "/default-rack"
  }
  state: PIPELINE_OPEN
  type: STAND_ALONE
  factor: ONE
  id {
    id: "d2e470ad-6a22-4e1c-b904-aade2953b4fe"
  }
}
]} | ret=SUCCESS |  
2019-08-24 00:12:13,161 | INFO  | SCMAudit | user=jenkins1000 | ip=192.168.5.142 | op=ALLOCATE_BLOCK {owner=226cec3e-fe2c-4583-a7c9-a358d83023d3, size=4194304, type=STAND_ALONE, factor=ONE} | ret=SUCCESS |  
2019-08-24 00:12:13,163 | INFO  | OMAudit | user=jenkins1000 | ip=127.0.0.1 | op=ALLOCATE_KEY {volume=volume36419, bucket=bucket68587, key=kCbhM4, dataSize=4096, replicationType=STAND_ALONE, replicationFactor=ONE, keyLocationInfo=[blockID {
  containerBlockID {
    containerID: 2
    localID: 102669060221239704
  }
  blockCommitSequenceId: 0
}
offset: 0
length: 4194304
createVersion: 0
pipeline {
  leaderID: ""
  members {
    uuid: "37cc18fa-1521-4198-ad54-ab583d053ec6"
    ipAddress: "192.168.5.142"
    hostName: "pr-hdds-1909-t9pvb-1699798515"
    ports {
      name: "REST"
      value: 34234
    }
    ports {
      name: "RATIS"
      value: 39903
    }
    ports {
      name: "STANDALONE"
      value: 37302
    }
    networkName: "37cc18fa-1521-4198-ad54-ab583d053ec6"
    networkLocation: "/default-rack"
  }
  state: PIPELINE_OPEN
  type: STAND_ALONE
  factor: ONE
  id {
    id: "d2e470ad-6a22-4e1c-b904-aade2953b4fe"
  }
}
]} | ret=SUCCESS |  
2019-08-24 00:12:13,167 | INFO  | DNAudit | user=null | ip=null | op=WRITE_CHUNK {blockData=conID: 2 locID: 102669060221239704 bcsId: 0} | ret=SUCCESS |  
2019-08-24 00:12:13,169 | INFO  | DNAudit | user=null | ip=null | op=PUT_BLOCK {blockData=[blockId=conID: 2 locID: 102669060221239704 bcsId: 0,size=5]} | ret=SUCCESS |  
2019-08-24 00:12:13,171 | INFO  | OMAudit | user=jenkins1000 | ip=127.0.0.1 | op=COMMIT_KEY {volume=volume36419, bucket=bucket68587, key=kCbhM4, dataSize=5, replicationType=RATIS, replicationFactor=ONE, keyLocationInfo=[blockID {
  containerBlockID {
    containerID: 2
    localID: 102669060221239704
  }
  blockCommitSequenceId: 0
}
offset: 0
length: 5
createVersion: 0
pipeline {
  leaderID: ""
  members {
    uuid: "37cc18fa-1521-4198-ad54-ab583d053ec6"
    ipAddress: "192.168.5.142"
    hostName: "pr-hdds-1909-t9pvb-1699798515"
    ports {
      name: "REST"
      value: 34234
    }
    ports {
      name: "RATIS"
      value: 39903
    }
    ports {
      name: "STANDALONE"
      value: 37302
    }
    networkName: "37cc18fa-1521-4198-ad54-ab583d053ec6"
    networkLocation: "/default-rack"
  }
  state: PIPELINE_OPEN
  type: STAND_ALONE
  factor: ONE
  id {
    id: "d2e470ad-6a22-4e1c-b904-aade2953b4fe"
  }
}
]} | ret=SUCCESS |  
2019-08-24 00:12:13,173 | INFO  | SCMAudit | user=jenkins1000 | ip=192.168.5.142 | op=ALLOCATE_BLOCK {owner=226cec3e-fe2c-4583-a7c9-a358d83023d3, size=4194304, type=STAND_ALONE, factor=ONE} | ret=SUCCESS |  
2019-08-24 00:12:13,175 | INFO  | OMAudit | user=jenkins1000 | ip=127.0.0.1 | op=ALLOCATE_KEY {volume=volume36419, bucket=bucket68587, key=ZiYvM5, dataSize=4096, replicationType=STAND_ALONE, replicationFactor=ONE, keyLocationInfo=[blockID {
  containerBlockID {
    containerID: 3
    localID: 102669060222026138
  }
  blockCommitSequenceId: 0
}
offset: 0
length: 4194304
createVersion: 0
pipeline {
  leaderID: ""
  members {
    uuid: "37cc18fa-1521-4198-ad54-ab583d053ec6"
    ipAddress: "192.168.5.142"
    hostName: "pr-hdds-1909-t9pvb-1699798515"
    ports {
      name: "REST"
      value: 34234
    }
    ports {
      name: "RATIS"
      value: 39903
    }
    ports {
      name: "STANDALONE"
      value: 37302
    }
    networkName: "37cc18fa-1521-4198-ad54-ab583d053ec6"
    networkLocation: "/default-rack"
  }
  state: PIPELINE_OPEN
  type: STAND_ALONE
  factor: ONE
  id {
    id: "d2e470ad-6a22-4e1c-b904-aade2953b4fe"
  }
}
]} | ret=SUCCESS |  
2019-08-24 00:12:13,178 | INFO  | DNAudit | user=null | ip=null | op=WRITE_CHUNK {blockData=conID: 3 locID: 102669060222026138 bcsId: 0} | ret=SUCCESS |  
2019-08-24 00:12:13,180 | INFO  | DNAudit | user=null | ip=null | op=PUT_BLOCK {blockData=[blockId=conID: 3 locID: 102669060222026138 bcsId: 0,size=5]} | ret=SUCCESS |  
2019-08-24 00:12:13,182 | INFO  | OMAudit | user=jenkins1000 | ip=127.0.0.1 | op=COMMIT_KEY {volume=volume36419, bucket=bucket68587, key=ZiYvM5, dataSize=5, replicationType=RATIS, replicationFactor=ONE, keyLocationInfo=[blockID {
  containerBlockID {
    containerID: 3
    localID: 102669060222026138
  }
  blockCommitSequenceId: 0
}
offset: 0
length: 5
createVersion: 0
pipeline {
  leaderID: ""
  members {
    uuid: "37cc18fa-1521-4198-ad54-ab583d053ec6"
    ipAddress: "192.168.5.142"
    hostName: "pr-hdds-1909-t9pvb-1699798515"
    ports {
      name: "REST"
      value: 34234
    }
    ports {
      name: "RATIS"
      value: 39903
    }
    ports {
      name: "STANDALONE"
      value: 37302
    }
    networkName: "37cc18fa-1521-4198-ad54-ab583d053ec6"
    networkLocation: "/default-rack"
  }
  state: PIPELINE_OPEN
  type: STAND_ALONE
  factor: ONE
  id {
    id: "d2e470ad-6a22-4e1c-b904-aade2953b4fe"
  }
}
]} | ret=SUCCESS |  
2019-08-24 00:12:13,184 | INFO  | SCMAudit | user=jenkins1000 | ip=192.168.5.142 | op=ALLOCATE_BLOCK {owner=226cec3e-fe2c-4583-a7c9-a358d83023d3, size=4194304, type=STAND_ALONE, factor=ONE} | ret=SUCCESS |  
2019-08-24 00:12:13,185 | INFO  | OMAudit | user=jenkins1000 | ip=127.0.0.1 | op=ALLOCATE_KEY {volume=volume36419, bucket=bucket68587, key=UXdcd6, dataSize=4096, replicationType=STAND_ALONE, replicationFactor=ONE, keyLocationInfo=[blockID {
  containerBlockID {
    containerID: 1
    localID: 102669060222747036
  }
  blockCommitSequenceId: 0
}
offset: 0
length: 4194304
createVersion: 0
pipeline {
  leaderID: ""
  members {
    uuid: "37cc18fa-1521-4198-ad54-ab583d053ec6"
    ipAddress: "192.168.5.142"
    hostName: "pr-hdds-1909-t9pvb-1699798515"
    ports {
      name: "REST"
      value: 34234
    }
    ports {
      name: "RATIS"
      value: 39903
    }
    ports {
      name: "STANDALONE"
      value: 37302
    }
    networkName: "37cc18fa-1521-4198-ad54-ab583d053ec6"
    networkLocation: "/default-rack"
  }
  state: PIPELINE_OPEN
  type: STAND_ALONE
  factor: ONE
  id {
    id: "d2e470ad-6a22-4e1c-b904-aade2953b4fe"
  }
}
]} | ret=SUCCESS |  
2019-08-24 00:12:13,188 | INFO  | DNAudit | user=null | ip=null | op=WRITE_CHUNK {blockData=conID: 1 locID: 102669060222747036 bcsId: 0} | ret=SUCCESS |  
2019-08-24 00:12:13,190 | INFO  | DNAudit | user=null | ip=null | op=PUT_BLOCK {blockData=[blockId=conID: 1 locID: 102669060222747036 bcsId: 0,size=5]} | ret=SUCCESS |  
2019-08-24 00:12:13,192 | INFO  | OMAudit | user=jenkins1000 | ip=127.0.0.1 | op=COMMIT_KEY {volume=volume36419, bucket=bucket68587, key=UXdcd6, dataSize=5, replicationType=RATIS, replicationFactor=ONE, keyLocationInfo=[blockID {
  containerBlockID {
    containerID: 1
    localID: 102669060222747036
  }
  blockCommitSequenceId: 0
}
offset: 0
length: 5
createVersion: 0
pipeline {
  leaderID: ""
  members {
    uuid: "37cc18fa-1521-4198-ad54-ab583d053ec6"
    ipAddress: "192.168.5.142"
    hostName: "pr-hdds-1909-t9pvb-1699798515"
    ports {
      name: "REST"
      value: 34234
    }
    ports {
      name: "RATIS"
      value: 39903
    }
    ports {
      name: "STANDALONE"
      value: 37302
    }
    networkName: "37cc18fa-1521-4198-ad54-ab583d053ec6"
    networkLocation: "/default-rack"
  }
  state: PIPELINE_OPEN
  type: STAND_ALONE
  factor: ONE
  id {
    id: "d2e470ad-6a22-4e1c-b904-aade2953b4fe"
  }
}
]} | ret=SUCCESS |  
2019-08-24 00:12:13,194 | INFO  | SCMAudit | user=jenkins1000 | ip=192.168.5.142 | op=ALLOCATE_BLOCK {owner=226cec3e-fe2c-4583-a7c9-a358d83023d3, size=4194304, type=STAND_ALONE, factor=ONE} | ret=SUCCESS |  
2019-08-24 00:12:13,195 | INFO  | OMAudit | user=jenkins1000 | ip=127.0.0.1 | op=ALLOCATE_KEY {volume=volume36419, bucket=bucket68587, key=OAQWV7, dataSize=4096, replicationType=STAND_ALONE, replicationFactor=ONE, keyLocationInfo=[blockID {
  containerBlockID {
    containerID: 2
    localID: 102669060223402398
  }
  blockCommitSequenceId: 0
}
offset: 0
length: 4194304
createVersion: 0
pipeline {
  leaderID: ""
  members {
    uuid: "37cc18fa-1521-4198-ad54-ab583d053ec6"
    ipAddress: "192.168.5.142"
    hostName: "pr-hdds-1909-t9pvb-1699798515"
    ports {
      name: "REST"
      value: 34234
    }
    ports {
      name: "RATIS"
      value: 39903
    }
    ports {
      name: "STANDALONE"
      value: 37302
    }
    networkName: "37cc18fa-1521-4198-ad54-ab583d053ec6"
    networkLocation: "/default-rack"
  }
  state: PIPELINE_OPEN
  type: STAND_ALONE
  factor: ONE
  id {
    id: "d2e470ad-6a22-4e1c-b904-aade2953b4fe"
  }
}
]} | ret=SUCCESS |  
2019-08-24 00:12:13,198 | INFO  | DNAudit | user=null | ip=null | op=WRITE_CHUNK {blockData=conID: 2 locID: 102669060223402398 bcsId: 0} | ret=SUCCESS |  
2019-08-24 00:12:13,200 | INFO  | DNAudit | user=null | ip=null | op=PUT_BLOCK {blockData=[blockId=conID: 2 locID: 102669060223402398 bcsId: 0,size=5]} | ret=SUCCESS |  
2019-08-24 00:12:13,203 | INFO  | OMAudit | user=jenkins1000 | ip=127.0.0.1 | op=COMMIT_KEY {volume=volume36419, bucket=bucket68587, key=OAQWV7, dataSize=5, replicationType=RATIS, replicationFactor=ONE, keyLocationInfo=[blockID {
  containerBlockID {
    containerID: 2
    localID: 102669060223402398
  }
  blockCommitSequenceId: 0
}
offset: 0
length: 5
createVersion: 0
pipeline {
  leaderID: ""
  members {
    uuid: "37cc18fa-1521-4198-ad54-ab583d053ec6"
    ipAddress: "192.168.5.142"
    hostName: "pr-hdds-1909-t9pvb-1699798515"
    ports {
      name: "REST"
      value: 34234
    }
    ports {
      name: "RATIS"
      value: 39903
    }
    ports {
      name: "STANDALONE"
      value: 37302
    }
    networkName: "37cc18fa-1521-4198-ad54-ab583d053ec6"
    networkLocation: "/default-rack"
  }
  state: PIPELINE_OPEN
  type: STAND_ALONE
  factor: ONE
  id {
    id: "d2e470ad-6a22-4e1c-b904-aade2953b4fe"
  }
}
]} | ret=SUCCESS |  
2019-08-24 00:12:13,205 | INFO  | SCMAudit | user=jenkins1000 | ip=192.168.5.142 | op=ALLOCATE_BLOCK {owner=226cec3e-fe2c-4583-a7c9-a358d83023d3, size=4194304, type=STAND_ALONE, factor=ONE} | ret=SUCCESS |  
2019-08-24 00:12:13,206 | INFO  | OMAudit | user=jenkins1000 | ip=127.0.0.1 | op=ALLOCATE_KEY {volume=volume36419, bucket=bucket68587, key=GLAja8, dataSize=4096, replicationType=STAND_ALONE, replicationFactor=ONE, keyLocationInfo=[blockID {
  containerBlockID {
    containerID: 3
    localID: 102669060224123296
  }
  blockCommitSequenceId: 0
}
offset: 0
length: 4194304
createVersion: 0
pipeline {
  leaderID: ""
  members {
    uuid: "37cc18fa-1521-4198-ad54-ab583d053ec6"
    ipAddress: "192.168.5.142"
    hostName: "pr-hdds-1909-t9pvb-1699798515"
    ports {
      name: "REST"
      value: 34234
    }
    ports {
      name: "RATIS"
      value: 39903
    }
    ports {
      name: "STANDALONE"
      value: 37302
    }
    networkName: "37cc18fa-1521-4198-ad54-ab583d053ec6"
    networkLocation: "/default-rack"
  }
  state: PIPELINE_OPEN
  type: STAND_ALONE
  factor: ONE
  id {
    id: "d2e470ad-6a22-4e1c-b904-aade2953b4fe"
  }
}
]} | ret=SUCCESS |  
2019-08-24 00:12:13,209 | INFO  | DNAudit | user=null | ip=null | op=WRITE_CHUNK {blockData=conID: 3 locID: 102669060224123296 bcsId: 0} | ret=SUCCESS |  
2019-08-24 00:12:13,211 | INFO  | DNAudit | user=null | ip=null | op=PUT_BLOCK {blockData=[blockId=conID: 3 locID: 102669060224123296 bcsId: 0,size=5]} | ret=SUCCESS |  
2019-08-24 00:12:13,214 | INFO  | OMAudit | user=jenkins1000 | ip=127.0.0.1 | op=COMMIT_KEY {volume=volume36419, bucket=bucket68587, key=GLAja8, dataSize=5, replicationType=RATIS, replicationFactor=ONE, keyLocationInfo=[blockID {
  containerBlockID {
    containerID: 3
    localID: 102669060224123296
  }
  blockCommitSequenceId: 0
}
offset: 0
length: 5
createVersion: 0
pipeline {
  leaderID: ""
  members {
    uuid: "37cc18fa-1521-4198-ad54-ab583d053ec6"
    ipAddress: "192.168.5.142"
    hostName: "pr-hdds-1909-t9pvb-1699798515"
    ports {
      name: "REST"
      value: 34234
    }
    ports {
      name: "RATIS"
      value: 39903
    }
    ports {
      name: "STANDALONE"
      value: 37302
    }
    networkName: "37cc18fa-1521-4198-ad54-ab583d053ec6"
    networkLocation: "/default-rack"
  }
  state: PIPELINE_OPEN
  type: STAND_ALONE
  factor: ONE
  id {
    id: "d2e470ad-6a22-4e1c-b904-aade2953b4fe"
  }
}
]} | ret=SUCCESS |  
2019-08-24 00:12:13,216 | INFO  | SCMAudit | user=jenkins1000 | ip=192.168.5.142 | op=ALLOCATE_BLOCK {owner=226cec3e-fe2c-4583-a7c9-a358d83023d3, size=4194304, type=STAND_ALONE, factor=ONE} | ret=SUCCESS |  
2019-08-24 00:12:13,217 | INFO  | OMAudit | user=jenkins1000 | ip=127.0.0.1 | op=ALLOCATE_KEY {volume=volume36419, bucket=bucket68587, key=NVwPV9, dataSize=4096, replicationType=STAND_ALONE, replicationFactor=ONE, keyLocationInfo=[blockID {
  containerBlockID {
    containerID: 1
    localID: 102669060224844194
  }
  blockCommitSequenceId: 0
}
offset: 0
length: 4194304
createVersion: 0
pipeline {
  leaderID: ""
  members {
    uuid: "37cc18fa-1521-4198-ad54-ab583d053ec6"
    ipAddress: "192.168.5.142"
    hostName: "pr-hdds-1909-t9pvb-1699798515"
    ports {
      name: "REST"
      value: 34234
    }
    ports {
      name: "RATIS"
      value: 39903
    }
    ports {
      name: "STANDALONE"
      value: 37302
    }
    networkName: "37cc18fa-1521-4198-ad54-ab583d053ec6"
    networkLocation: "/default-rack"
  }
  state: PIPELINE_OPEN
  type: STAND_ALONE
  factor: ONE
  id {
    id: "d2e470ad-6a22-4e1c-b904-aade2953b4fe"
  }
}
]} | ret=SUCCESS |  
2019-08-24 00:12:13,220 | INFO  | DNAudit | user=null | ip=null | op=WRITE_CHUNK {blockData=conID: 1 locID: 102669060224844194 bcsId: 0} | ret=SUCCESS |  
2019-08-24 00:12:13,222 | INFO  | DNAudit | user=null | ip=null | op=PUT_BLOCK {blockData=[blockId=conID: 1 locID: 102669060224844194 bcsId: 0,size=5]} | ret=SUCCESS |  
2019-08-24 00:12:13,225 | INFO  | OMAudit | user=jenkins1000 | ip=127.0.0.1 | op=COMMIT_KEY {volume=volume36419, bucket=bucket68587, key=NVwPV9, dataSize=5, replicationType=RATIS, replicationFactor=ONE, keyLocationInfo=[blockID {
  containerBlockID {
    containerID: 1
    localID: 102669060224844194
  }
  blockCommitSequenceId: 0
}
offset: 0
length: 5
createVersion: 0
pipeline {
  leaderID: ""
  members {
    uuid: "37cc18fa-1521-4198-ad54-ab583d053ec6"
    ipAddress: "192.168.5.142"
    hostName: "pr-hdds-1909-t9pvb-1699798515"
    ports {
      name: "REST"
      value: 34234
    }
    ports {
      name: "RATIS"
      value: 39903
    }
    ports {
      name: "STANDALONE"
      value: 37302
    }
    networkName: "37cc18fa-1521-4198-ad54-ab583d053ec6"
    networkLocation: "/default-rack"
  }
  state: PIPELINE_OPEN
  type: STAND_ALONE
  factor: ONE
  id {
    id: "d2e470ad-6a22-4e1c-b904-aade2953b4fe"
  }
}
]} | ret=SUCCESS |  
2019-08-24 00:12:13,226 | INFO  | SCMAudit | user=jenkins1000 | ip=192.168.5.142 | op=ALLOCATE_BLOCK {owner=226cec3e-fe2c-4583-a7c9-a358d83023d3, size=4194304, type=STAND_ALONE, factor=ONE} | ret=SUCCESS |  
2019-08-24 00:12:13,228 | INFO  | OMAudit | user=jenkins1000 | ip=127.0.0.1 | op=ALLOCATE_KEY {volume=volume36419, bucket=bucket68587, key=XbqBq10, dataSize=4096, replicationType=STAND_ALONE, replicationFactor=ONE, keyLocationInfo=[blockID {
  containerBlockID {
    containerID: 2
    localID: 102669060225499556
  }
  blockCommitSequenceId: 0
}
offset: 0
length: 4194304
createVersion: 0
pipeline {
  leaderID: ""
  members {
    uuid: "37cc18fa-1521-4198-ad54-ab583d053ec6"
    ipAddress: "192.168.5.142"
    hostName: "pr-hdds-1909-t9pvb-1699798515"
    ports {
      name: "REST"
      value: 34234
    }
    ports {
      name: "RATIS"
      value: 39903
    }
    ports {
      name: "STANDALONE"
      value: 37302
    }
    networkName: "37cc18fa-1521-4198-ad54-ab583d053ec6"
    networkLocation: "/default-rack"
  }
  state: PIPELINE_OPEN
  type: STAND_ALONE
  factor: ONE
  id {
    id: "d2e470ad-6a22-4e1c-b904-aade2953b4fe"
  }
}
]} | ret=SUCCESS |  
2019-08-24 00:12:13,231 | INFO  | DNAudit | user=null | ip=null | op=WRITE_CHUNK {blockData=conID: 2 locID: 102669060225499556 bcsId: 0} | ret=SUCCESS |  
2019-08-24 00:12:13,233 | INFO  | DNAudit | user=null | ip=null | op=PUT_BLOCK {blockData=[blockId=conID: 2 locID: 102669060225499556 bcsId: 0,size=5]} | ret=SUCCESS |  
2019-08-24 00:12:13,236 | INFO  | OMAudit | user=jenkins1000 | ip=127.0.0.1 | op=COMMIT_KEY {volume=volume36419, bucket=bucket68587, key=XbqBq10, dataSize=5, replicationType=RATIS, replicationFactor=ONE, keyLocationInfo=[blockID {
  containerBlockID {
    containerID: 2
    localID: 102669060225499556
  }
  blockCommitSequenceId: 0
}
offset: 0
length: 5
createVersion: 0
pipeline {
  leaderID: ""
  members {
    uuid: "37cc18fa-1521-4198-ad54-ab583d053ec6"
    ipAddress: "192.168.5.142"
    hostName: "pr-hdds-1909-t9pvb-1699798515"
    ports {
      name: "REST"
      value: 34234
    }
    ports {
      name: "RATIS"
      value: 39903
    }
    ports {
      name: "STANDALONE"
      value: 37302
    }
    networkName: "37cc18fa-1521-4198-ad54-ab583d053ec6"
    networkLocation: "/default-rack"
  }
  state: PIPELINE_OPEN
  type: STAND_ALONE
  factor: ONE
  id {
    id: "d2e470ad-6a22-4e1c-b904-aade2953b4fe"
  }
}
]} | ret=SUCCESS |  
2019-08-24 00:12:13,237 | INFO  | SCMAudit | user=jenkins1000 | ip=192.168.5.142 | op=ALLOCATE_BLOCK {owner=226cec3e-fe2c-4583-a7c9-a358d83023d3, size=4194304, type=STAND_ALONE, factor=ONE} | ret=SUCCESS |  
2019-08-24 00:12:13,238 | INFO  | OMAudit | user=jenkins1000 | ip=127.0.0.1 | op=ALLOCATE_KEY {volume=volume36419, bucket=bucket68587, key=TNwYO11, dataSize=4096, replicationType=STAND_ALONE, replicationFactor=ONE, keyLocationInfo=[blockID {
  containerBlockID {
    containerID: 3
    localID: 102669060226220454
  }
  blockCommitSequenceId: 0
}
offset: 0
length: 4194304
createVersion: 0
pipeline {
  leaderID: ""
  members {
    uuid: "37cc18fa-1521-4198-ad54-ab583d053ec6"
    ipAddress: "192.168.5.142"
    hostName: "pr-hdds-1909-t9pvb-1699798515"
    ports {
      name: "REST"
      value: 34234
    }
    ports {
      name: "RATIS"
      value: 39903
    }
    ports {
      name: "STANDALONE"
      value: 37302
    }
    networkName: "37cc18fa-1521-4198-ad54-ab583d053ec6"
    networkLocation: "/default-rack"
  }
  state: PIPELINE_OPEN
  type: STAND_ALONE
  factor: ONE
  id {
    id: "d2e470ad-6a22-4e1c-b904-aade2953b4fe"
  }
}
]} | ret=SUCCESS |  
2019-08-24 00:12:13,241 | INFO  | DNAudit | user=null | ip=null | op=WRITE_CHUNK {blockData=conID: 3 locID: 102669060226220454 bcsId: 0} | ret=SUCCESS |  
2019-08-24 00:12:13,244 | INFO  | DNAudit | user=null | ip=null | op=PUT_BLOCK {blockData=[blockId=conID: 3 locID: 102669060226220454 bcsId: 0,size=5]} | ret=SUCCESS |  
2019-08-24 00:12:13,246 | INFO  | OMAudit | user=jenkins1000 | ip=127.0.0.1 | op=COMMIT_KEY {volume=volume36419, bucket=bucket68587, key=TNwYO11, dataSize=5, replicationType=RATIS, replicationFactor=ONE, keyLocationInfo=[blockID {
  containerBlockID {
    containerID: 3
    localID: 102669060226220454
  }
  blockCommitSequenceId: 0
}
offset: 0
length: 5
createVersion: 0
pipeline {
  leaderID: ""
  members {
    uuid: "37cc18fa-1521-4198-ad54-ab583d053ec6"
    ipAddress: "192.168.5.142"
    hostName: "pr-hdds-1909-t9pvb-1699798515"
    ports {
      name: "REST"
      value: 34234
    }
    ports {
      name: "RATIS"
      value: 39903
    }
    ports {
      name: "STANDALONE"
      value: 37302
    }
    networkName: "37cc18fa-1521-4198-ad54-ab583d053ec6"
    networkLocation: "/default-rack"
  }
  state: PIPELINE_OPEN
  type: STAND_ALONE
  factor: ONE
  id {
    id: "d2e470ad-6a22-4e1c-b904-aade2953b4fe"
  }
}
]} | ret=SUCCESS |  
2019-08-24 00:12:13,247 | INFO  | SCMAudit | user=jenkins1000 | ip=192.168.5.142 | op=ALLOCATE_BLOCK {owner=226cec3e-fe2c-4583-a7c9-a358d83023d3, size=4194304, type=STAND_ALONE, factor=ONE} | ret=SUCCESS |  
2019-08-24 00:12:13,248 | INFO  | OMAudit | user=jenkins1000 | ip=127.0.0.1 | op=ALLOCATE_KEY {volume=volume36419, bucket=bucket68587, key=WlYpB12, dataSize=4096, replicationType=STAND_ALONE, replicationFactor=ONE, keyLocationInfo=[blockID {
  containerBlockID {
    containerID: 1
    localID: 102669060226875816
  }
  blockCommitSequenceId: 0
}
offset: 0
length: 4194304
createVersion: 0
pipeline {
  leaderID: ""
  members {
    uuid: "37cc18fa-1521-4198-ad54-ab583d053ec6"
    ipAddress: "192.168.5.142"
    hostName: "pr-hdds-1909-t9pvb-1699798515"
    ports {
      name: "REST"
      value: 34234
    }
    ports {
      name: "RATIS"
      value: 39903
    }
    ports {
      name: "STANDALONE"
      value: 37302
    }
    networkName: "37cc18fa-1521-4198-ad54-ab583d053ec6"
    networkLocation: "/default-rack"
  }
  state: PIPELINE_OPEN
  type: STAND_ALONE
  factor: ONE
  id {
    id: "d2e470ad-6a22-4e1c-b904-aade2953b4fe"
  }
}
]} | ret=SUCCESS |  
2019-08-24 00:12:13,251 | INFO  | DNAudit | user=null | ip=null | op=WRITE_CHUNK {blockData=conID: 1 locID: 102669060226875816 bcsId: 0} | ret=SUCCESS |  
2019-08-24 00:12:13,255 | INFO  | DNAudit | user=null | ip=null | op=PUT_BLOCK {blockData=[blockId=conID: 1 locID: 102669060226875816 bcsId: 0,size=5]} | ret=SUCCESS |  
2019-08-24 00:12:13,256 | INFO  | OMAudit | user=jenkins1000 | ip=127.0.0.1 | op=COMMIT_KEY {volume=volume36419, bucket=bucket68587, key=WlYpB12, dataSize=5, replicationType=RATIS, replicationFactor=ONE, keyLocationInfo=[blockID {
  containerBlockID {
    containerID: 1
    localID: 102669060226875816
  }
  blockCommitSequenceId: 0
}
offset: 0
length: 5
createVersion: 0
pipeline {
  leaderID: ""
  members {
    uuid: "37cc18fa-1521-4198-ad54-ab583d053ec6"
    ipAddress: "192.168.5.142"
    hostName: "pr-hdds-1909-t9pvb-1699798515"
    ports {
      name: "REST"
      value: 34234
    }
    ports {
      name: "RATIS"
      value: 39903
    }
    ports {
      name: "STANDALONE"
      value: 37302
    }
    networkName: "37cc18fa-1521-4198-ad54-ab583d053ec6"
    networkLocation: "/default-rack"
  }
  state: PIPELINE_OPEN
  type: STAND_ALONE
  factor: ONE
  id {
    id: "d2e470ad-6a22-4e1c-b904-aade2953b4fe"
  }
}
]} | ret=SUCCESS |  
2019-08-24 00:12:13,258 | INFO  | SCMAudit | user=jenkins1000 | ip=192.168.5.142 | op=ALLOCATE_BLOCK {owner=226cec3e-fe2c-4583-a7c9-a358d83023d3, size=4194304, type=STAND_ALONE, factor=ONE} | ret=SUCCESS |  
2019-08-24 00:12:13,259 | INFO  | OMAudit | user=jenkins1000 | ip=127.0.0.1 | op=ALLOCATE_KEY {volume=volume36419, bucket=bucket68587, key=TZpfo13, dataSize=4096, replicationType=STAND_ALONE, replicationFactor=ONE, keyLocationInfo=[blockID {
  containerBlockID {
    containerID: 2
    localID: 102669060227596714
  }
  blockCommitSequenceId: 0
}
offset: 0
length: 4194304
createVersion: 0
pipeline {
  leaderID: ""
  members {
    uuid: "37cc18fa-1521-4198-ad54-ab583d053ec6"
    ipAddress: "192.168.5.142"
    hostName: "pr-hdds-1909-t9pvb-1699798515"
    ports {
      name: "REST"
      value: 34234
    }
    ports {
      name: "RATIS"
      value: 39903
    }
    ports {
      name: "STANDALONE"
      value: 37302
    }
    networkName: "37cc18fa-1521-4198-ad54-ab583d053ec6"
    networkLocation: "/default-rack"
  }
  state: PIPELINE_OPEN
  type: STAND_ALONE
  factor: ONE
  id {
    id: "d2e470ad-6a22-4e1c-b904-aade2953b4fe"
  }
}
]} | ret=SUCCESS |  
2019-08-24 00:12:13,262 | INFO  | DNAudit | user=null | ip=null | op=WRITE_CHUNK {blockData=conID: 2 locID: 102669060227596714 bcsId: 0} | ret=SUCCESS |  
2019-08-24 00:12:13,264 | INFO  | DNAudit | user=null | ip=null | op=PUT_BLOCK {blockData=[blockId=conID: 2 locID: 102669060227596714 bcsId: 0,size=5]} | ret=SUCCESS |  
2019-08-24 00:12:13,266 | INFO  | OMAudit | user=jenkins1000 | ip=127.0.0.1 | op=COMMIT_KEY {volume=volume36419, bucket=bucket68587, key=TZpfo13, dataSize=5, replicationType=RATIS, replicationFactor=ONE, keyLocationInfo=[blockID {
  containerBlockID {
    containerID: 2
    localID: 102669060227596714
  }
  blockCommitSequenceId: 0
}
offset: 0
length: 5
createVersion: 0
pipeline {
  leaderID: ""
  members {
    uuid: "37cc18fa-1521-4198-ad54-ab583d053ec6"
    ipAddress: "192.168.5.142"
    hostName: "pr-hdds-1909-t9pvb-1699798515"
    ports {
      name: "REST"
      value: 34234
    }
    ports {
      name: "RATIS"
      value: 39903
    }
    ports {
      name: "STANDALONE"
      value: 37302
    }
    networkName: "37cc18fa-1521-4198-ad54-ab583d053ec6"
    networkLocation: "/default-rack"
  }
  state: PIPELINE_OPEN
  type: STAND_ALONE
  factor: ONE
  id {
    id: "d2e470ad-6a22-4e1c-b904-aade2953b4fe"
  }
}
]} | ret=SUCCESS |  
2019-08-24 00:12:13,268 | INFO  | SCMAudit | user=jenkins1000 | ip=192.168.5.142 | op=ALLOCATE_BLOCK {owner=226cec3e-fe2c-4583-a7c9-a358d83023d3, size=4194304, type=STAND_ALONE, factor=ONE} | ret=SUCCESS |  
2019-08-24 00:12:13,269 | INFO  | OMAudit | user=jenkins1000 | ip=127.0.0.1 | op=ALLOCATE_KEY {volume=volume36419, bucket=bucket68587, key=OIvEb14, dataSize=4096, replicationType=STAND_ALONE, replicationFactor=ONE, keyLocationInfo=[blockID {
  containerBlockID {
    containerID: 3
    localID: 102669060228252076
  }
  blockCommitSequenceId: 0
}
offset: 0
length: 4194304
createVersion: 0
pipeline {
  leaderID: ""
  members {
    uuid: "37cc18fa-1521-4198-ad54-ab583d053ec6"
    ipAddress: "192.168.5.142"
    hostName: "pr-hdds-1909-t9pvb-1699798515"
    ports {
      name: "REST"
      value: 34234
    }
    ports {
      name: "RATIS"
      value: 39903
    }
    ports {
      name: "STANDALONE"
      value: 37302
    }
    networkName: "37cc18fa-1521-4198-ad54-ab583d053ec6"
    networkLocation: "/default-rack"
  }
  state: PIPELINE_OPEN
  type: STAND_ALONE
  factor: ONE
  id {
    id: "d2e470ad-6a22-4e1c-b904-aade2953b4fe"
  }
}
]} | ret=SUCCESS |  
2019-08-24 00:12:13,272 | INFO  | DNAudit | user=null | ip=null | op=WRITE_CHUNK {blockData=conID: 3 locID: 102669060228252076 bcsId: 0} | ret=SUCCESS |  
2019-08-24 00:12:13,274 | INFO  | DNAudit | user=null | ip=null | op=PUT_BLOCK {blockData=[blockId=conID: 3 locID: 102669060228252076 bcsId: 0,size=5]} | ret=SUCCESS |  
2019-08-24 00:12:13,276 | INFO  | OMAudit | user=jenkins1000 | ip=127.0.0.1 | op=COMMIT_KEY {volume=volume36419, bucket=bucket68587, key=OIvEb14, dataSize=5, replicationType=RATIS, replicationFactor=ONE, keyLocationInfo=[blockID {
  containerBlockID {
    containerID: 3
    localID: 102669060228252076
  }
  blockCommitSequenceId: 0
}
offset: 0
length: 5
createVersion: 0
pipeline {
  leaderID: ""
  members {
    uuid: "37cc18fa-1521-4198-ad54-ab583d053ec6"
    ipAddress: "192.168.5.142"
    hostName: "pr-hdds-1909-t9pvb-1699798515"
    ports {
      name: "REST"
      value: 34234
    }
    ports {
      name: "RATIS"
      value: 39903
    }
    ports {
      name: "STANDALONE"
      value: 37302
    }
    networkName: "37cc18fa-1521-4198-ad54-ab583d053ec6"
    networkLocation: "/default-rack"
  }
  state: PIPELINE_OPEN
  type: STAND_ALONE
  factor: ONE
  id {
    id: "d2e470ad-6a22-4e1c-b904-aade2953b4fe"
  }
}
]} | ret=SUCCESS |  
2019-08-24 00:12:13,278 | INFO  | SCMAudit | user=jenkins1000 | ip=192.168.5.142 | op=ALLOCATE_BLOCK {owner=226cec3e-fe2c-4583-a7c9-a358d83023d3, size=4194304, type=STAND_ALONE, factor=ONE} | ret=SUCCESS |  
2019-08-24 00:12:13,279 | INFO  | OMAudit | user=jenkins1000 | ip=127.0.0.1 | op=ALLOCATE_KEY {volume=volume36419, bucket=bucket68587, key=mCGFG15, dataSize=4096, replicationType=STAND_ALONE, replicationFactor=ONE, keyLocationInfo=[blockID {
  containerBlockID {
    containerID: 1
    localID: 102669060228907438
  }
  blockCommitSequenceId: 0
}
offset: 0
length: 4194304
createVersion: 0
pipeline {
  leaderID: ""
  members {
    uuid: "37cc18fa-1521-4198-ad54-ab583d053ec6"
    ipAddress: "192.168.5.142"
    hostName: "pr-hdds-1909-t9pvb-1699798515"
    ports {
      name: "REST"
      value: 34234
    }
    ports {
      name: "RATIS"
      value: 39903
    }
    ports {
      name: "STANDALONE"
      value: 37302
    }
    networkName: "37cc18fa-1521-4198-ad54-ab583d053ec6"
    networkLocation: "/default-rack"
  }
  state: PIPELINE_OPEN
  type: STAND_ALONE
  factor: ONE
  id {
    id: "d2e470ad-6a22-4e1c-b904-aade2953b4fe"
  }
}
]} | ret=SUCCESS |  
2019-08-24 00:12:13,281 | INFO  | DNAudit | user=null | ip=null | op=WRITE_CHUNK {blockData=conID: 1 locID: 102669060228907438 bcsId: 0} | ret=SUCCESS |  
2019-08-24 00:12:13,283 | INFO  | DNAudit | user=null | ip=null | op=PUT_BLOCK {blockData=[blockId=conID: 1 locID: 102669060228907438 bcsId: 0,size=5]} | ret=SUCCESS |  
2019-08-24 00:12:13,285 | INFO  | OMAudit | user=jenkins1000 | ip=127.0.0.1 | op=COMMIT_KEY {volume=volume36419, bucket=bucket68587, key=mCGFG15, dataSize=5, replicationType=RATIS, replicationFactor=ONE, keyLocationInfo=[blockID {
  containerBlockID {
    containerID: 1
    localID: 102669060228907438
  }
  blockCommitSequenceId: 0
}
offset: 0
length: 5
createVersion: 0
pipeline {
  leaderID: ""
  members {
    uuid: "37cc18fa-1521-4198-ad54-ab583d053ec6"
    ipAddress: "192.168.5.142"
    hostName: "pr-hdds-1909-t9pvb-1699798515"
    ports {
      name: "REST"
      value: 34234
    }
    ports {
      name: "RATIS"
      value: 39903
    }
    ports {
      name: "STANDALONE"
      value: 37302
    }
    networkName: "37cc18fa-1521-4198-ad54-ab583d053ec6"
    networkLocation: "/default-rack"
  }
  state: PIPELINE_OPEN
  type: STAND_ALONE
  factor: ONE
  id {
    id: "d2e470ad-6a22-4e1c-b904-aade2953b4fe"
  }
}
]} | ret=SUCCESS |  
2019-08-24 00:12:13,287 | INFO  | SCMAudit | user=jenkins1000 | ip=192.168.5.142 | op=ALLOCATE_BLOCK {owner=226cec3e-fe2c-4583-a7c9-a358d83023d3, size=4194304, type=STAND_ALONE, factor=ONE} | ret=SUCCESS |  
2019-08-24 00:12:13,288 | INFO  | OMAudit | user=jenkins1000 | ip=127.0.0.1 | op=ALLOCATE_KEY {volume=volume36419, bucket=bucket68587, key=LjorV16, dataSize=4096, replicationType=STAND_ALONE, replicationFactor=ONE, keyLocationInfo=[blockID {
  containerBlockID {
    containerID: 2
    localID: 102669060229497264
  }
  blockCommitSequenceId: 0
}
offset: 0
length: 4194304
createVersion: 0
pipeline {
  leaderID: ""
  members {
    uuid: "37cc18fa-1521-4198-ad54-ab583d053ec6"
    ipAddress: "192.168.5.142"
    hostName: "pr-hdds-1909-t9pvb-1699798515"
    ports {
      name: "REST"
      value: 34234
    }
    ports {
      name: "RATIS"
      value: 39903
    }
    ports {
      name: "STANDALONE"
      value: 37302
    }
    networkName: "37cc18fa-1521-4198-ad54-ab583d053ec6"
    networkLocation: "/default-rack"
  }
  state: PIPELINE_OPEN
  type: STAND_ALONE
  factor: ONE
  id {
    id: "d2e470ad-6a22-4e1c-b904-aade2953b4fe"
  }
}
]} | ret=SUCCESS |  
2019-08-24 00:12:13,292 | INFO  | DNAudit | user=null | ip=null | op=WRITE_CHUNK {blockData=conID: 2 locID: 102669060229497264 bcsId: 0} | ret=SUCCESS |  
2019-08-24 00:12:13,295 | INFO  | DNAudit | user=null | ip=null | op=PUT_BLOCK {blockData=[blockId=conID: 2 locID: 102669060229497264 bcsId: 0,size=5]} | ret=SUCCESS |  
2019-08-24 00:12:13,297 | INFO  | OMAudit | user=jenkins1000 | ip=127.0.0.1 | op=COMMIT_KEY {volume=volume36419, bucket=bucket68587, key=LjorV16, dataSize=5, replicationType=RATIS, replicationFactor=ONE, keyLocationInfo=[blockID {
  containerBlockID {
    containerID: 2
    localID: 102669060229497264
  }
  blockCommitSequenceId: 0
}
offset: 0
length: 5
createVersion: 0
pipeline {
  leaderID: ""
  members {
    uuid: "37cc18fa-1521-4198-ad54-ab583d053ec6"
    ipAddress: "192.168.5.142"
    hostName: "pr-hdds-1909-t9pvb-1699798515"
    ports {
      name: "REST"
      value: 34234
    }
    ports {
      name: "RATIS"
      value: 39903
    }
    ports {
      name: "STANDALONE"
      value: 37302
    }
    networkName: "37cc18fa-1521-4198-ad54-ab583d053ec6"
    networkLocation: "/default-rack"
  }
  state: PIPELINE_OPEN
  type: STAND_ALONE
  factor: ONE
  id {
    id: "d2e470ad-6a22-4e1c-b904-aade2953b4fe"
  }
}
]} | ret=SUCCESS |  
2019-08-24 00:12:13,299 | INFO  | SCMAudit | user=jenkins1000 | ip=192.168.5.142 | op=ALLOCATE_BLOCK {owner=226cec3e-fe2c-4583-a7c9-a358d83023d3, size=4194304, type=STAND_ALONE, factor=ONE} | ret=SUCCESS |  
2019-08-24 00:12:13,300 | INFO  | OMAudit | user=jenkins1000 | ip=127.0.0.1 | op=ALLOCATE_KEY {volume=volume36419, bucket=bucket68587, key=tKxTZ17, dataSize=4096, replicationType=STAND_ALONE, replicationFactor=ONE, keyLocationInfo=[blockID {
  containerBlockID {
    containerID: 3
    localID: 102669060230283698
  }
  blockCommitSequenceId: 0
}
offset: 0
length: 4194304
createVersion: 0
pipeline {
  leaderID: ""
  members {
    uuid: "37cc18fa-1521-4198-ad54-ab583d053ec6"
    ipAddress: "192.168.5.142"
    hostName: "pr-hdds-1909-t9pvb-1699798515"
    ports {
      name: "REST"
      value: 34234
    }
    ports {
      name: "RATIS"
      value: 39903
    }
    ports {
      name: "STANDALONE"
      value: 37302
    }
    networkName: "37cc18fa-1521-4198-ad54-ab583d053ec6"
    networkLocation: "/default-rack"
  }
  state: PIPELINE_OPEN
  type: STAND_ALONE
  factor: ONE
  id {
    id: "d2e470ad-6a22-4e1c-b904-aade2953b4fe"
  }
}
]} | ret=SUCCESS |  
2019-08-24 00:12:13,303 | INFO  | DNAudit | user=null | ip=null | op=WRITE_CHUNK {blockData=conID: 3 locID: 102669060230283698 bcsId: 0} | ret=SUCCESS |  
2019-08-24 00:12:13,305 | INFO  | DNAudit | user=null | ip=null | op=PUT_BLOCK {blockData=[blockId=conID: 3 locID: 102669060230283698 bcsId: 0,size=5]} | ret=SUCCESS |  
2019-08-24 00:12:13,306 | INFO  | OMAudit | user=jenkins1000 | ip=127.0.0.1 | op=COMMIT_KEY {volume=volume36419, bucket=bucket68587, key=tKxTZ17, dataSize=5, replicationType=RATIS, replicationFactor=ONE, keyLocationInfo=[blockID {
  containerBlockID {
    containerID: 3
    localID: 102669060230283698
  }
  blockCommitSequenceId: 0
}
offset: 0
length: 5
createVersion: 0
pipeline {
  leaderID: ""
  members {
    uuid: "37cc18fa-1521-4198-ad54-ab583d053ec6"
    ipAddress: "192.168.5.142"
    hostName: "pr-hdds-1909-t9pvb-1699798515"
    ports {
      name: "REST"
      value: 34234
    }
    ports {
      name: "RATIS"
      value: 39903
    }
    ports {
      name: "STANDALONE"
      value: 37302
    }
    networkName: "37cc18fa-1521-4198-ad54-ab583d053ec6"
    networkLocation: "/default-rack"
  }
  state: PIPELINE_OPEN
  type: STAND_ALONE
  factor: ONE
  id {
    id: "d2e470ad-6a22-4e1c-b904-aade2953b4fe"
  }
}
]} | ret=SUCCESS |  
2019-08-24 00:12:13,308 | INFO  | SCMAudit | user=jenkins1000 | ip=192.168.5.142 | op=ALLOCATE_BLOCK {owner=226cec3e-fe2c-4583-a7c9-a358d83023d3, size=4194304, type=STAND_ALONE, factor=ONE} | ret=SUCCESS |  
2019-08-24 00:12:13,310 | INFO  | OMAudit | user=jenkins1000 | ip=127.0.0.1 | op=ALLOCATE_KEY {volume=volume36419, bucket=bucket68587, key=qOILq18, dataSize=4096, replicationType=STAND_ALONE, replicationFactor=ONE, keyLocationInfo=[blockID {
  containerBlockID {
    containerID: 1
    localID: 102669060230873524
  }
  blockCommitSequenceId: 0
}
offset: 0
length: 4194304
createVersion: 0
pipeline {
  leaderID: ""
  members {
    uuid: "37cc18fa-1521-4198-ad54-ab583d053ec6"
    ipAddress: "192.168.5.142"
    hostName: "pr-hdds-1909-t9pvb-1699798515"
    ports {
      name: "REST"
      value: 34234
    }
    ports {
      name: "RATIS"
      value: 39903
    }
    ports {
      name: "STANDALONE"
      value: 37302
    }
    networkName: "37cc18fa-1521-4198-ad54-ab583d053ec6"
    networkLocation: "/default-rack"
  }
  state: PIPELINE_OPEN
  type: STAND_ALONE
  factor: ONE
  id {
    id: "d2e470ad-6a22-4e1c-b904-aade2953b4fe"
  }
}
]} | ret=SUCCESS |  
2019-08-24 00:12:13,313 | INFO  | DNAudit | user=null | ip=null | op=WRITE_CHUNK {blockData=conID: 1 locID: 102669060230873524 bcsId: 0} | ret=SUCCESS |  
2019-08-24 00:12:13,315 | INFO  | DNAudit | user=null | ip=null | op=PUT_BLOCK {blockData=[blockId=conID: 1 locID: 102669060230873524 bcsId: 0,size=5]} | ret=SUCCESS |  
2019-08-24 00:12:13,319 | INFO  | OMAudit | user=jenkins1000 | ip=127.0.0.1 | op=COMMIT_KEY {volume=volume36419, bucket=bucket68587, key=qOILq18, dataSize=5, replicationType=RATIS, replicationFactor=ONE, keyLocationInfo=[blockID {
  containerBlockID {
    containerID: 1
    localID: 102669060230873524
  }
  blockCommitSequenceId: 0
}
offset: 0
length: 5
createVersion: 0
pipeline {
  leaderID: ""
  members {
    uuid: "37cc18fa-1521-4198-ad54-ab583d053ec6"
    ipAddress: "192.168.5.142"
    hostName: "pr-hdds-1909-t9pvb-1699798515"
    ports {
      name: "REST"
      value: 34234
    }
    ports {
      name: "RATIS"
      value: 39903
    }
    ports {
      name: "STANDALONE"
      value: 37302
    }
    networkName: "37cc18fa-1521-4198-ad54-ab583d053ec6"
    networkLocation: "/default-rack"
  }
  state: PIPELINE_OPEN
  type: STAND_ALONE
  factor: ONE
  id {
    id: "d2e470ad-6a22-4e1c-b904-aade2953b4fe"
  }
}
]} | ret=SUCCESS |  
2019-08-24 00:12:13,320 | INFO  | SCMAudit | user=jenkins1000 | ip=192.168.5.142 | op=ALLOCATE_BLOCK {owner=226cec3e-fe2c-4583-a7c9-a358d83023d3, size=4194304, type=STAND_ALONE, factor=ONE} | ret=SUCCESS |  
2019-08-24 00:12:13,321 | INFO  | OMAudit | user=jenkins1000 | ip=127.0.0.1 | op=ALLOCATE_KEY {volume=volume36419, bucket=bucket68587, key=CLwAf19, dataSize=4096, replicationType=STAND_ALONE, replicationFactor=ONE, keyLocationInfo=[blockID {
  containerBlockID {
    containerID: 2
    localID: 102669060231659958
  }
  blockCommitSequenceId: 0
}
offset: 0
length: 4194304
createVersion: 0
pipeline {
  leaderID: ""
  members {
    uuid: "37cc18fa-1521-4198-ad54-ab583d053ec6"
    ipAddress: "192.168.5.142"
    hostName: "pr-hdds-1909-t9pvb-1699798515"
    ports {
      name: "REST"
      value: 34234
    }
    ports {
      name: "RATIS"
      value: 39903
    }
    ports {
      name: "STANDALONE"
      value: 37302
    }
    networkName: "37cc18fa-1521-4198-ad54-ab583d053ec6"
    networkLocation: "/default-rack"
  }
  state: PIPELINE_OPEN
  type: STAND_ALONE
  factor: ONE
  id {
    id: "d2e470ad-6a22-4e1c-b904-aade2953b4fe"
  }
}
]} | ret=SUCCESS |  
2019-08-24 00:12:13,325 | INFO  | DNAudit | user=null | ip=null | op=WRITE_CHUNK {blockData=conID: 2 locID: 102669060231659958 bcsId: 0} | ret=SUCCESS |  
2019-08-24 00:12:13,327 | INFO  | DNAudit | user=null | ip=null | op=PUT_BLOCK {blockData=[blockId=conID: 2 locID: 102669060231659958 bcsId: 0,size=5]} | ret=SUCCESS |  
2019-08-24 00:12:13,330 | INFO  | OMAudit | user=jenkins1000 | ip=127.0.0.1 | op=COMMIT_KEY {volume=volume36419, bucket=bucket68587, key=CLwAf19, dataSize=5, replicationType=RATIS, replicationFactor=ONE, keyLocationInfo=[blockID {
  containerBlockID {
    containerID: 2
    localID: 102669060231659958
  }
  blockCommitSequenceId: 0
}
offset: 0
length: 5
createVersion: 0
pipeline {
  leaderID: ""
  members {
    uuid: "37cc18fa-1521-4198-ad54-ab583d053ec6"
    ipAddress: "192.168.5.142"
    hostName: "pr-hdds-1909-t9pvb-1699798515"
    ports {
      name: "REST"
      value: 34234
    }
    ports {
      name: "RATIS"
      value: 39903
    }
    ports {
      name: "STANDALONE"
      value: 37302
    }
    networkName: "37cc18fa-1521-4198-ad54-ab583d053ec6"
    networkLocation: "/default-rack"
  }
  state: PIPELINE_OPEN
  type: STAND_ALONE
  factor: ONE
  id {
    id: "d2e470ad-6a22-4e1c-b904-aade2953b4fe"
  }
}
]} | ret=SUCCESS |  
2019-08-24 00:12:13,332 | INFO  | SCMAudit | user=jenkins1000 | ip=192.168.5.142 | op=ALLOCATE_BLOCK {owner=226cec3e-fe2c-4583-a7c9-a358d83023d3, size=4194304, type=STAND_ALONE, factor=ONE} | ret=SUCCESS |  
2019-08-24 00:12:13,334 | INFO  | OMAudit | user=jenkins1000 | ip=127.0.0.1 | op=ALLOCATE_KEY {volume=volume36419, bucket=bucket68587, key=THIHt20, dataSize=4096, replicationType=STAND_ALONE, replicationFactor=ONE, keyLocationInfo=[blockID {
  containerBlockID {
    containerID: 3
    localID: 102669060232446392
  }
  blockCommitSequenceId: 0
}
offset: 0
length: 4194304
createVersion: 0
pipeline {
  leaderID: ""
  members {
    uuid: "37cc18fa-1521-4198-ad54-ab583d053ec6"
    ipAddress: "192.168.5.142"
    hostName: "pr-hdds-1909-t9pvb-1699798515"
    ports {
      name: "REST"
      value: 34234
    }
    ports {
      name: "RATIS"
      value: 39903
    }
    ports {
      name: "STANDALONE"
      value: 37302
    }
    networkName: "37cc18fa-1521-4198-ad54-ab583d053ec6"
    networkLocation: "/default-rack"
  }
  state: PIPELINE_OPEN
  type: STAND_ALONE
  factor: ONE
  id {
    id: "d2e470ad-6a22-4e1c-b904-aade2953b4fe"
  }
}
]} | ret=SUCCESS |  
2019-08-24 00:12:13,338 | INFO  | DNAudit | user=null | ip=null | op=WRITE_CHUNK {blockData=conID: 3 locID: 102669060232446392 bcsId: 0} | ret=SUCCESS |  
2019-08-24 00:12:13,340 | INFO  | DNAudit | user=null | ip=null | op=PUT_BLOCK {blockData=[blockId=conID: 3 locID: 102669060232446392 bcsId: 0,size=5]} | ret=SUCCESS |  
2019-08-24 00:12:13,342 | INFO  | OMAudit | user=jenkins1000 | ip=127.0.0.1 | op=COMMIT_KEY {volume=volume36419, bucket=bucket68587, key=THIHt20, dataSize=5, replicationType=RATIS, replicationFactor=ONE, keyLocationInfo=[blockID {
  containerBlockID {
    containerID: 3
    localID: 102669060232446392
  }
  blockCommitSequenceId: 0
}
offset: 0
length: 5
createVersion: 0
pipeline {
  leaderID: ""
  members {
    uuid: "37cc18fa-1521-4198-ad54-ab583d053ec6"
    ipAddress: "192.168.5.142"
    hostName: "pr-hdds-1909-t9pvb-1699798515"
    ports {
      name: "REST"
      value: 34234
    }
    ports {
      name: "RATIS"
      value: 39903
    }
    ports {
      name: "STANDALONE"
      value: 37302
    }
    networkName: "37cc18fa-1521-4198-ad54-ab583d053ec6"
    networkLocation: "/default-rack"
  }
  state: PIPELINE_OPEN
  type: STAND_ALONE
  factor: ONE
  id {
    id: "d2e470ad-6a22-4e1c-b904-aade2953b4fe"
  }
}
]} | ret=SUCCESS |  
2019-08-24 00:12:13,344 | INFO  | SCMAudit | user=jenkins1000 | ip=192.168.5.142 | op=ALLOCATE_BLOCK {owner=226cec3e-fe2c-4583-a7c9-a358d83023d3, size=4194304, type=STAND_ALONE, factor=ONE} | ret=SUCCESS |  
2019-08-24 00:12:13,345 | INFO  | OMAudit | user=jenkins1000 | ip=127.0.0.1 | op=ALLOCATE_KEY {volume=volume36419, bucket=bucket68587, key=NfHcY21, dataSize=4096, replicationType=STAND_ALONE, replicationFactor=ONE, keyLocationInfo=[blockID {
  containerBlockID {
    containerID: 1
    localID: 102669060233232826
  }
  blockCommitSequenceId: 0
}
offset: 0
length: 4194304
createVersion: 0
pipeline {
  leaderID: ""
  members {
    uuid: "37cc18fa-1521-4198-ad54-ab583d053ec6"
    ipAddress: "192.168.5.142"
    hostName: "pr-hdds-1909-t9pvb-1699798515"
    ports {
      name: "REST"
      value: 34234
    }
    ports {
      name: "RATIS"
      value: 39903
    }
    ports {
      name: "STANDALONE"
      value: 37302
    }
    networkName: "37cc18fa-1521-4198-ad54-ab583d053ec6"
    networkLocation: "/default-rack"
  }
  state: PIPELINE_OPEN
  type: STAND_ALONE
  factor: ONE
  id {
    id: "d2e470ad-6a22-4e1c-b904-aade2953b4fe"
  }
}
]} | ret=SUCCESS |  
2019-08-24 00:12:13,348 | INFO  | DNAudit | user=null | ip=null | op=WRITE_CHUNK {blockData=conID: 1 locID: 102669060233232826 bcsId: 0} | ret=SUCCESS |  
2019-08-24 00:12:13,350 | INFO  | DNAudit | user=null | ip=null | op=PUT_BLOCK {blockData=[blockId=conID: 1 locID: 102669060233232826 bcsId: 0,size=5]} | ret=SUCCESS |  
2019-08-24 00:12:13,355 | INFO  | OMAudit | user=jenkins1000 | ip=127.0.0.1 | op=COMMIT_KEY {volume=volume36419, bucket=bucket68587, key=NfHcY21, dataSize=5, replicationType=RATIS, replicationFactor=ONE, keyLocationInfo=[blockID {
  containerBlockID {
    containerID: 1
    localID: 102669060233232826
  }
  blockCommitSequenceId: 0
}
offset: 0
length: 5
createVersion: 0
pipeline {
  leaderID: ""
  members {
    uuid: "37cc18fa-1521-4198-ad54-ab583d053ec6"
    ipAddress: "192.168.5.142"
    hostName: "pr-hdds-1909-t9pvb-1699798515"
    ports {
      name: "REST"
      value: 34234
    }
    ports {
      name: "RATIS"
      value: 39903
    }
    ports {
      name: "STANDALONE"
      value: 37302
    }
    networkName: "37cc18fa-1521-4198-ad54-ab583d053ec6"
    networkLocation: "/default-rack"
  }
  state: PIPELINE_OPEN
  type: STAND_ALONE
  factor: ONE
  id {
    id: "d2e470ad-6a22-4e1c-b904-aade2953b4fe"
  }
}
]} | ret=SUCCESS |  
2019-08-24 00:12:13,357 | INFO  | SCMAudit | user=jenkins1000 | ip=192.168.5.142 | op=ALLOCATE_BLOCK {owner=226cec3e-fe2c-4583-a7c9-a358d83023d3, size=4194304, type=STAND_ALONE, factor=ONE} | ret=SUCCESS |  
2019-08-24 00:12:13,358 | INFO  | OMAudit | user=jenkins1000 | ip=127.0.0.1 | op=ALLOCATE_KEY {volume=volume36419, bucket=bucket68587, key=LLcra22, dataSize=4096, replicationType=STAND_ALONE, replicationFactor=ONE, keyLocationInfo=[blockID {
  containerBlockID {
    containerID: 2
    localID: 102669060234084796
  }
  blockCommitSequenceId: 0
}
offset: 0
length: 4194304
createVersion: 0
pipeline {
  leaderID: ""
  members {
    uuid: "37cc18fa-1521-4198-ad54-ab583d053ec6"
    ipAddress: "192.168.5.142"
    hostName: "pr-hdds-1909-t9pvb-1699798515"
    ports {
      name: "REST"
      value: 34234
    }
    ports {
      name: "RATIS"
      value: 39903
    }
    ports {
      name: "STANDALONE"
      value: 37302
    }
    networkName: "37cc18fa-1521-4198-ad54-ab583d053ec6"
    networkLocation: "/default-rack"
  }
  state: PIPELINE_OPEN
  type: STAND_ALONE
  factor: ONE
  id {
    id: "d2e470ad-6a22-4e1c-b904-aade2953b4fe"
  }
}
]} | ret=SUCCESS |  
2019-08-24 00:12:13,362 | INFO  | DNAudit | user=null | ip=null | op=WRITE_CHUNK {blockData=conID: 2 locID: 102669060234084796 bcsId: 0} | ret=SUCCESS |  
2019-08-24 00:12:13,364 | INFO  | DNAudit | user=null | ip=null | op=PUT_BLOCK {blockData=[blockId=conID: 2 locID: 102669060234084796 bcsId: 0,size=5]} | ret=SUCCESS |  
2019-08-24 00:12:13,370 | INFO  | OMAudit | user=jenkins1000 | ip=127.0.0.1 | op=COMMIT_KEY {volume=volume36419, bucket=bucket68587, key=LLcra22, dataSize=5, replicationType=RATIS, replicationFactor=ONE, keyLocationInfo=[blockID {
  containerBlockID {
    containerID: 2
    localID: 102669060234084796
  }
  blockCommitSequenceId: 0
}
offset: 0
length: 5
createVersion: 0
pipeline {
  leaderID: ""
  members {
    uuid: "37cc18fa-1521-4198-ad54-ab583d053ec6"
    ipAddress: "192.168.5.142"
    hostName: "pr-hdds-1909-t9pvb-1699798515"
    ports {
      name: "REST"
      value: 34234
    }
    ports {
      name: "RATIS"
      value: 39903
    }
    ports {
      name: "STANDALONE"
      value: 37302
    }
    networkName: "37cc18fa-1521-4198-ad54-ab583d053ec6"
    networkLocation: "/default-rack"
  }
  state: PIPELINE_OPEN
  type: STAND_ALONE
  factor: ONE
  id {
    id: "d2e470ad-6a22-4e1c-b904-aade2953b4fe"
  }
}
]} | ret=SUCCESS |  
2019-08-24 00:12:13,371 | INFO  | SCMAudit | user=jenkins1000 | ip=192.168.5.142 | op=ALLOCATE_BLOCK {owner=226cec3e-fe2c-4583-a7c9-a358d83023d3, size=4194304, type=STAND_ALONE, factor=ONE} | ret=SUCCESS |  
2019-08-24 00:12:13,372 | INFO  | OMAudit | user=jenkins1000 | ip=127.0.0.1 | op=ALLOCATE_KEY {volume=volume36419, bucket=bucket68587, key=CBeXC23, dataSize=4096, replicationType=STAND_ALONE, replicationFactor=ONE, keyLocationInfo=[blockID {
  containerBlockID {
    containerID: 3
    localID: 102669060235002302
  }
  blockCommitSequenceId: 0
}
offset: 0
length: 4194304
createVersion: 0
pipeline {
  leaderID: ""
  members {
    uuid: "37cc18fa-1521-4198-ad54-ab583d053ec6"
    ipAddress: "192.168.5.142"
    hostName: "pr-hdds-1909-t9pvb-1699798515"
    ports {
      name: "REST"
      value: 34234
    }
    ports {
      name: "RATIS"
      value: 39903
    }
    ports {
      name: "STANDALONE"
      value: 37302
    }
    networkName: "37cc18fa-1521-4198-ad54-ab583d053ec6"
    networkLocation: "/default-rack"
  }
  state: PIPELINE_OPEN
  type: STAND_ALONE
  factor: ONE
  id {
    id: "d2e470ad-6a22-4e1c-b904-aade2953b4fe"
  }
}
]} | ret=SUCCESS |  
2019-08-24 00:12:13,376 | INFO  | DNAudit | user=null | ip=null | op=WRITE_CHUNK {blockData=conID: 3 locID: 102669060235002302 bcsId: 0} | ret=SUCCESS |  
2019-08-24 00:12:13,378 | INFO  | DNAudit | user=null | ip=null | op=PUT_BLOCK {blockData=[blockId=conID: 3 locID: 102669060235002302 bcsId: 0,size=5]} | ret=SUCCESS |  
2019-08-24 00:12:13,380 | INFO  | OMAudit | user=jenkins1000 | ip=127.0.0.1 | op=COMMIT_KEY {volume=volume36419, bucket=bucket68587, key=CBeXC23, dataSize=5, replicationType=RATIS, replicationFactor=ONE, keyLocationInfo=[blockID {
  containerBlockID {
    containerID: 3
    localID: 102669060235002302
  }
  blockCommitSequenceId: 0
}
offset: 0
length: 5
createVersion: 0
pipeline {
  leaderID: ""
  members {
    uuid: "37cc18fa-1521-4198-ad54-ab583d053ec6"
    ipAddress: "192.168.5.142"
    hostName: "pr-hdds-1909-t9pvb-1699798515"
    ports {
      name: "REST"
      value: 34234
    }
    ports {
      name: "RATIS"
      value: 39903
    }
    ports {
      name: "STANDALONE"
      value: 37302
    }
    networkName: "37cc18fa-1521-4198-ad54-ab583d053ec6"
    networkLocation: "/default-rack"
  }
  state: PIPELINE_OPEN
  type: STAND_ALONE
  factor: ONE
  id {
    id: "d2e470ad-6a22-4e1c-b904-aade2953b4fe"
  }
}
]} | ret=SUCCESS |  
2019-08-24 00:12:13,382 | INFO  | SCMAudit | user=jenkins1000 | ip=192.168.5.142 | op=ALLOCATE_BLOCK {owner=226cec3e-fe2c-4583-a7c9-a358d83023d3, size=4194304, type=STAND_ALONE, factor=ONE} | ret=SUCCESS |  
2019-08-24 00:12:13,383 | INFO  | OMAudit | user=jenkins1000 | ip=127.0.0.1 | op=ALLOCATE_KEY {volume=volume36419, bucket=bucket68587, key=LMvMz24, dataSize=4096, replicationType=STAND_ALONE, replicationFactor=ONE, keyLocationInfo=[blockID {
  containerBlockID {
    containerID: 1
    localID: 102669060235723200
  }
  blockCommitSequenceId: 0
}
offset: 0
length: 4194304
createVersion: 0
pipeline {
  leaderID: ""
  members {
    uuid: "37cc18fa-1521-4198-ad54-ab583d053ec6"
    ipAddress: "192.168.5.142"
    hostName: "pr-hdds-1909-t9pvb-1699798515"
    ports {
      name: "REST"
      value: 34234
    }
    ports {
      name: "RATIS"
      value: 39903
    }
    ports {
      name: "STANDALONE"
      value: 37302
    }
    networkName: "37cc18fa-1521-4198-ad54-ab583d053ec6"
    networkLocation: "/default-rack"
  }
  state: PIPELINE_OPEN
  type: STAND_ALONE
  factor: ONE
  id {
    id: "d2e470ad-6a22-4e1c-b904-aade2953b4fe"
  }
}
]} | ret=SUCCESS |  
2019-08-24 00:12:13,386 | INFO  | DNAudit | user=null | ip=null | op=WRITE_CHUNK {blockData=conID: 1 locID: 102669060235723200 bcsId: 0} | ret=SUCCESS |  
2019-08-24 00:12:13,388 | INFO  | DNAudit | user=null | ip=null | op=PUT_BLOCK {blockData=[blockId=conID: 1 locID: 102669060235723200 bcsId: 0,size=5]} | ret=SUCCESS |  
2019-08-24 00:12:13,390 | INFO  | OMAudit | user=jenkins1000 | ip=127.0.0.1 | op=COMMIT_KEY {volume=volume36419, bucket=bucket68587, key=LMvMz24, dataSize=5, replicationType=RATIS, replicationFactor=ONE, keyLocationInfo=[blockID {
  containerBlockID {
    containerID: 1
    localID: 102669060235723200
  }
  blockCommitSequenceId: 0
}
offset: 0
length: 5
createVersion: 0
pipeline {
  leaderID: ""
  members {
    uuid: "37cc18fa-1521-4198-ad54-ab583d053ec6"
    ipAddress: "192.168.5.142"
    hostName: "pr-hdds-1909-t9pvb-1699798515"
    ports {
      name: "REST"
      value: 34234
    }
    ports {
      name: "RATIS"
      value: 39903
    }
    ports {
      name: "STANDALONE"
      value: 37302
    }
    networkName: "37cc18fa-1521-4198-ad54-ab583d053ec6"
    networkLocation: "/default-rack"
  }
  state: PIPELINE_OPEN
  type: STAND_ALONE
  factor: ONE
  id {
    id: "d2e470ad-6a22-4e1c-b904-aade2953b4fe"
  }
}
]} | ret=SUCCESS |  
2019-08-24 00:12:13,392 | INFO  | SCMAudit | user=jenkins1000 | ip=192.168.5.142 | op=ALLOCATE_BLOCK {owner=226cec3e-fe2c-4583-a7c9-a358d83023d3, size=4194304, type=STAND_ALONE, factor=ONE} | ret=SUCCESS |  
2019-08-24 00:12:13,393 | INFO  | OMAudit | user=jenkins1000 | ip=127.0.0.1 | op=ALLOCATE_KEY {volume=volume36419, bucket=bucket68587, key=UaMwS25, dataSize=4096, replicationType=STAND_ALONE, replicationFactor=ONE, keyLocationInfo=[blockID {
  containerBlockID {
    containerID: 2
    localID: 102669060236378562
  }
  blockCommitSequenceId: 0
}
offset: 0
length: 4194304
createVersion: 0
pipeline {
  leaderID: ""
  members {
    uuid: "37cc18fa-1521-4198-ad54-ab583d053ec6"
    ipAddress: "192.168.5.142"
    hostName: "pr-hdds-1909-t9pvb-1699798515"
    ports {
      name: "REST"
      value: 34234
    }
    ports {
      name: "RATIS"
      value: 39903
    }
    ports {
      name: "STANDALONE"
      value: 37302
    }
    networkName: "37cc18fa-1521-4198-ad54-ab583d053ec6"
    networkLocation: "/default-rack"
  }
  state: PIPELINE_OPEN
  type: STAND_ALONE
  factor: ONE
  id {
    id: "d2e470ad-6a22-4e1c-b904-aade2953b4fe"
  }
}
]} | ret=SUCCESS |  
2019-08-24 00:12:13,396 | INFO  | DNAudit | user=null | ip=null | op=WRITE_CHUNK {blockData=conID: 2 locID: 102669060236378562 bcsId: 0} | ret=SUCCESS |  
2019-08-24 00:12:13,398 | INFO  | DNAudit | user=null | ip=null | op=PUT_BLOCK {blockData=[blockId=conID: 2 locID: 102669060236378562 bcsId: 0,size=5]} | ret=SUCCESS |  
2019-08-24 00:12:13,400 | INFO  | OMAudit | user=jenkins1000 | ip=127.0.0.1 | op=COMMIT_KEY {volume=volume36419, bucket=bucket68587, key=UaMwS25, dataSize=5, replicationType=RATIS, replicationFactor=ONE, keyLocationInfo=[blockID {
  containerBlockID {
    containerID: 2
    localID: 102669060236378562
  }
  blockCommitSequenceId: 0
}
offset: 0
length: 5
createVersion: 0
pipeline {
  leaderID: ""
  members {
    uuid: "37cc18fa-1521-4198-ad54-ab583d053ec6"
    ipAddress: "192.168.5.142"
    hostName: "pr-hdds-1909-t9pvb-1699798515"
    ports {
      name: "REST"
      value: 34234
    }
    ports {
      name: "RATIS"
      value: 39903
    }
    ports {
      name: "STANDALONE"
      value: 37302
    }
    networkName: "37cc18fa-1521-4198-ad54-ab583d053ec6"
    networkLocation: "/default-rack"
  }
  state: PIPELINE_OPEN
  type: STAND_ALONE
  factor: ONE
  id {
    id: "d2e470ad-6a22-4e1c-b904-aade2953b4fe"
  }
}
]} | ret=SUCCESS |  
2019-08-24 00:12:13,402 | INFO  | SCMAudit | user=jenkins1000 | ip=192.168.5.142 | op=ALLOCATE_BLOCK {owner=226cec3e-fe2c-4583-a7c9-a358d83023d3, size=4194304, type=STAND_ALONE, factor=ONE} | ret=SUCCESS |  
2019-08-24 00:12:13,403 | INFO  | OMAudit | user=jenkins1000 | ip=127.0.0.1 | op=ALLOCATE_KEY {volume=volume36419, bucket=bucket68587, key=xZqNw26, dataSize=4096, replicationType=STAND_ALONE, replicationFactor=ONE, keyLocationInfo=[blockID {
  containerBlockID {
    containerID: 3
    localID: 102669060237033924
  }
  blockCommitSequenceId: 0
}
offset: 0
length: 4194304
createVersion: 0
pipeline {
  leaderID: ""
  members {
    uuid: "37cc18fa-1521-4198-ad54-ab583d053ec6"
    ipAddress: "192.168.5.142"
    hostName: "pr-hdds-1909-t9pvb-1699798515"
    ports {
      name: "REST"
      value: 34234
    }
    ports {
      name: "RATIS"
      value: 39903
    }
    ports {
      name: "STANDALONE"
      value: 37302
    }
    networkName: "37cc18fa-1521-4198-ad54-ab583d053ec6"
    networkLocation: "/default-rack"
  }
  state: PIPELINE_OPEN
  type: STAND_ALONE
  factor: ONE
  id {
    id: "d2e470ad-6a22-4e1c-b904-aade2953b4fe"
  }
}
]} | ret=SUCCESS |  
2019-08-24 00:12:13,406 | INFO  | DNAudit | user=null | ip=null | op=WRITE_CHUNK {blockData=conID: 3 locID: 102669060237033924 bcsId: 0} | ret=SUCCESS |  
2019-08-24 00:12:13,408 | INFO  | DNAudit | user=null | ip=null | op=PUT_BLOCK {blockData=[blockId=conID: 3 locID: 102669060237033924 bcsId: 0,size=5]} | ret=SUCCESS |  
2019-08-24 00:12:13,410 | INFO  | OMAudit | user=jenkins1000 | ip=127.0.0.1 | op=COMMIT_KEY {volume=volume36419, bucket=bucket68587, key=xZqNw26, dataSize=5, replicationType=RATIS, replicationFactor=ONE, keyLocationInfo=[blockID {
  containerBlockID {
    containerID: 3
    localID: 102669060237033924
  }
  blockCommitSequenceId: 0
}
offset: 0
length: 5
createVersion: 0
pipeline {
  leaderID: ""
  members {
    uuid: "37cc18fa-1521-4198-ad54-ab583d053ec6"
    ipAddress: "192.168.5.142"
    hostName: "pr-hdds-1909-t9pvb-1699798515"
    ports {
      name: "REST"
      value: 34234
    }
    ports {
      name: "RATIS"
      value: 39903
    }
    ports {
      name: "STANDALONE"
      value: 37302
    }
    networkName: "37cc18fa-1521-4198-ad54-ab583d053ec6"
    networkLocation: "/default-rack"
  }
  state: PIPELINE_OPEN
  type: STAND_ALONE
  factor: ONE
  id {
    id: "d2e470ad-6a22-4e1c-b904-aade2953b4fe"
  }
}
]} | ret=SUCCESS |  
2019-08-24 00:12:13,412 | INFO  | SCMAudit | user=jenkins1000 | ip=192.168.5.142 | op=ALLOCATE_BLOCK {owner=226cec3e-fe2c-4583-a7c9-a358d83023d3, size=4194304, type=STAND_ALONE, factor=ONE} | ret=SUCCESS |  
2019-08-24 00:12:13,413 | INFO  | OMAudit | user=jenkins1000 | ip=127.0.0.1 | op=ALLOCATE_KEY {volume=volume36419, bucket=bucket68587, key=aqljZ27, dataSize=4096, replicationType=STAND_ALONE, replicationFactor=ONE, keyLocationInfo=[blockID {
  containerBlockID {
    containerID: 1
    localID: 102669060237689286
  }
  blockCommitSequenceId: 0
}
offset: 0
length: 4194304
createVersion: 0
pipeline {
  leaderID: ""
  members {
    uuid: "37cc18fa-1521-4198-ad54-ab583d053ec6"
    ipAddress: "192.168.5.142"
    hostName: "pr-hdds-1909-t9pvb-1699798515"
    ports {
      name: "REST"
      value: 34234
    }
    ports {
      name: "RATIS"
      value: 39903
    }
    ports {
      name: "STANDALONE"
      value: 37302
    }
    networkName: "37cc18fa-1521-4198-ad54-ab583d053ec6"
    networkLocation: "/default-rack"
  }
  state: PIPELINE_OPEN
  type: STAND_ALONE
  factor: ONE
  id {
    id: "d2e470ad-6a22-4e1c-b904-aade2953b4fe"
  }
}
]} | ret=SUCCESS |  
2019-08-24 00:12:13,416 | INFO  | DNAudit | user=null | ip=null | op=WRITE_CHUNK {blockData=conID: 1 locID: 102669060237689286 bcsId: 0} | ret=SUCCESS |  
2019-08-24 00:12:13,418 | INFO  | DNAudit | user=null | ip=null | op=PUT_BLOCK {blockData=[blockId=conID: 1 locID: 102669060237689286 bcsId: 0,size=5]} | ret=SUCCESS |  
2019-08-24 00:12:13,420 | INFO  | OMAudit | user=jenkins1000 | ip=127.0.0.1 | op=COMMIT_KEY {volume=volume36419, bucket=bucket68587, key=aqljZ27, dataSize=5, replicationType=RATIS, replicationFactor=ONE, keyLocationInfo=[blockID {
  containerBlockID {
    containerID: 1
    localID: 102669060237689286
  }
  blockCommitSequenceId: 0
}
offset: 0
length: 5
createVersion: 0
pipeline {
  leaderID: ""
  members {
    uuid: "37cc18fa-1521-4198-ad54-ab583d053ec6"
    ipAddress: "192.168.5.142"
    hostName: "pr-hdds-1909-t9pvb-1699798515"
    ports {
      name: "REST"
      value: 34234
    }
    ports {
      name: "RATIS"
      value: 39903
    }
    ports {
      name: "STANDALONE"
      value: 37302
    }
    networkName: "37cc18fa-1521-4198-ad54-ab583d053ec6"
    networkLocation: "/default-rack"
  }
  state: PIPELINE_OPEN
  type: STAND_ALONE
  factor: ONE
  id {
    id: "d2e470ad-6a22-4e1c-b904-aade2953b4fe"
  }
}
]} | ret=SUCCESS |  
2019-08-24 00:12:13,422 | INFO  | SCMAudit | user=jenkins1000 | ip=192.168.5.142 | op=ALLOCATE_BLOCK {owner=226cec3e-fe2c-4583-a7c9-a358d83023d3, size=4194304, type=STAND_ALONE, factor=ONE} | ret=SUCCESS |  
2019-08-24 00:12:13,422 | INFO  | OMAudit | user=jenkins1000 | ip=127.0.0.1 | op=ALLOCATE_KEY {volume=volume36419, bucket=bucket68587, key=dEuRC28, dataSize=4096, replicationType=STAND_ALONE, replicationFactor=ONE, keyLocationInfo=[blockID {
  containerBlockID {
    containerID: 2
    localID: 102669060238279112
  }
  blockCommitSequenceId: 0
}
offset: 0
length: 4194304
createVersion: 0
pipeline {
  leaderID: ""
  members {
    uuid: "37cc18fa-1521-4198-ad54-ab583d053ec6"
    ipAddress: "192.168.5.142"
    hostName: "pr-hdds-1909-t9pvb-1699798515"
    ports {
      name: "REST"
      value: 34234
    }
    ports {
      name: "RATIS"
      value: 39903
    }
    ports {
      name: "STANDALONE"
      value: 37302
    }
    networkName: "37cc18fa-1521-4198-ad54-ab583d053ec6"
    networkLocation: "/default-rack"
  }
  state: PIPELINE_OPEN
  type: STAND_ALONE
  factor: ONE
  id {
    id: "d2e470ad-6a22-4e1c-b904-aade2953b4fe"
  }
}
]} | ret=SUCCESS |  
2019-08-24 00:12:13,426 | INFO  | DNAudit | user=null | ip=null | op=WRITE_CHUNK {blockData=conID: 2 locID: 102669060238279112 bcsId: 0} | ret=SUCCESS |  
2019-08-24 00:12:13,428 | INFO  | DNAudit | user=null | ip=null | op=PUT_BLOCK {blockData=[blockId=conID: 2 locID: 102669060238279112 bcsId: 0,size=5]} | ret=SUCCESS |  
2019-08-24 00:12:13,430 | INFO  | OMAudit | user=jenkins1000 | ip=127.0.0.1 | op=COMMIT_KEY {volume=volume36419, bucket=bucket68587, key=dEuRC28, dataSize=5, replicationType=RATIS, replicationFactor=ONE, keyLocationInfo=[blockID {
  containerBlockID {
    containerID: 2
    localID: 102669060238279112
  }
  blockCommitSequenceId: 0
}
offset: 0
length: 5
createVersion: 0
pipeline {
  leaderID: ""
  members {
    uuid: "37cc18fa-1521-4198-ad54-ab583d053ec6"
    ipAddress: "192.168.5.142"
    hostName: "pr-hdds-1909-t9pvb-1699798515"
    ports {
      name: "REST"
      value: 34234
    }
    ports {
      name: "RATIS"
      value: 39903
    }
    ports {
      name: "STANDALONE"
      value: 37302
    }
    networkName: "37cc18fa-1521-4198-ad54-ab583d053ec6"
    networkLocation: "/default-rack"
  }
  state: PIPELINE_OPEN
  type: STAND_ALONE
  factor: ONE
  id {
    id: "d2e470ad-6a22-4e1c-b904-aade2953b4fe"
  }
}
]} | ret=SUCCESS |  
2019-08-24 00:12:13,432 | INFO  | SCMAudit | user=jenkins1000 | ip=192.168.5.142 | op=ALLOCATE_BLOCK {owner=226cec3e-fe2c-4583-a7c9-a358d83023d3, size=4194304, type=STAND_ALONE, factor=ONE} | ret=SUCCESS |  
2019-08-24 00:12:13,433 | INFO  | OMAudit | user=jenkins1000 | ip=127.0.0.1 | op=ALLOCATE_KEY {volume=volume36419, bucket=bucket68587, key=VJwtQ29, dataSize=4096, replicationType=STAND_ALONE, replicationFactor=ONE, keyLocationInfo=[blockID {
  containerBlockID {
    containerID: 3
    localID: 102669060239000010
  }
  blockCommitSequenceId: 0
}
offset: 0
length: 4194304
createVersion: 0
pipeline {
  leaderID: ""
  members {
    uuid: "37cc18fa-1521-4198-ad54-ab583d053ec6"
    ipAddress: "192.168.5.142"
    hostName: "pr-hdds-1909-t9pvb-1699798515"
    ports {
      name: "REST"
      value: 34234
    }
    ports {
      name: "RATIS"
      value: 39903
    }
    ports {
      name: "STANDALONE"
      value: 37302
    }
    networkName: "37cc18fa-1521-4198-ad54-ab583d053ec6"
    networkLocation: "/default-rack"
  }
  state: PIPELINE_OPEN
  type: STAND_ALONE
  factor: ONE
  id {
    id: "d2e470ad-6a22-4e1c-b904-aade2953b4fe"
  }
}
]} | ret=SUCCESS |  
2019-08-24 00:12:13,436 | INFO  | DNAudit | user=null | ip=null | op=WRITE_CHUNK {blockData=conID: 3 locID: 102669060239000010 bcsId: 0} | ret=SUCCESS |  
2019-08-24 00:12:13,438 | INFO  | DNAudit | user=null | ip=null | op=PUT_BLOCK {blockData=[blockId=conID: 3 locID: 102669060239000010 bcsId: 0,size=5]} | ret=SUCCESS |  
2019-08-24 00:12:13,440 | INFO  | OMAudit | user=jenkins1000 | ip=127.0.0.1 | op=COMMIT_KEY {volume=volume36419, bucket=bucket68587, key=VJwtQ29, dataSize=5, replicationType=RATIS, replicationFactor=ONE, keyLocationInfo=[blockID {
  containerBlockID {
    containerID: 3
    localID: 102669060239000010
  }
  blockCommitSequenceId: 0
}
offset: 0
length: 5
createVersion: 0
pipeline {
  leaderID: ""
  members {
    uuid: "37cc18fa-1521-4198-ad54-ab583d053ec6"
    ipAddress: "192.168.5.142"
    hostName: "pr-hdds-1909-t9pvb-1699798515"
    ports {
      name: "REST"
      value: 34234
    }
    ports {
      name: "RATIS"
      value: 39903
    }
    ports {
      name: "STANDALONE"
      value: 37302
    }
    networkName: "37cc18fa-1521-4198-ad54-ab583d053ec6"
    networkLocation: "/default-rack"
  }
  state: PIPELINE_OPEN
  type: STAND_ALONE
  factor: ONE
  id {
    id: "d2e470ad-6a22-4e1c-b904-aade2953b4fe"
  }
}
]} | ret=SUCCESS |  
2019-08-24 00:12:13,442 | INFO  | SCMAudit | user=jenkins1000 | ip=192.168.5.142 | op=ALLOCATE_BLOCK {owner=226cec3e-fe2c-4583-a7c9-a358d83023d3, size=4194304, type=STAND_ALONE, factor=ONE} | ret=SUCCESS |  
2019-08-24 00:12:13,443 | INFO  | OMAudit | user=jenkins1000 | ip=127.0.0.1 | op=ALLOCATE_KEY {volume=volume36419, bucket=bucket68587, key=QddEP30, dataSize=4096, replicationType=STAND_ALONE, replicationFactor=ONE, keyLocationInfo=[blockID {
  containerBlockID {
    containerID: 1
    localID: 102669060239655372
  }
  blockCommitSequenceId: 0
}
offset: 0
length: 4194304
createVersion: 0
pipeline {
  leaderID: ""
  members {
    uuid: "37cc18fa-1521-4198-ad54-ab583d053ec6"
    ipAddress: "192.168.5.142"
    hostName: "pr-hdds-1909-t9pvb-1699798515"
    ports {
      name: "REST"
      value: 34234
    }
    ports {
      name: "RATIS"
      value: 39903
    }
    ports {
      name: "STANDALONE"
      value: 37302
    }
    networkName: "37cc18fa-1521-4198-ad54-ab583d053ec6"
    networkLocation: "/default-rack"
  }
  state: PIPELINE_OPEN
  type: STAND_ALONE
  factor: ONE
  id {
    id: "d2e470ad-6a22-4e1c-b904-aade2953b4fe"
  }
}
]} | ret=SUCCESS |  
2019-08-24 00:12:13,447 | INFO  | DNAudit | user=null | ip=null | op=WRITE_CHUNK {blockData=conID: 1 locID: 102669060239655372 bcsId: 0} | ret=SUCCESS |  
2019-08-24 00:12:13,449 | INFO  | DNAudit | user=null | ip=null | op=PUT_BLOCK {blockData=[blockId=conID: 1 locID: 102669060239655372 bcsId: 0,size=5]} | ret=SUCCESS |  
2019-08-24 00:12:13,450 | INFO  | OMAudit | user=jenkins1000 | ip=127.0.0.1 | op=COMMIT_KEY {volume=volume36419, bucket=bucket68587, key=QddEP30, dataSize=5, replicationType=RATIS, replicationFactor=ONE, keyLocationInfo=[blockID {
  containerBlockID {
    containerID: 1
    localID: 102669060239655372
  }
  blockCommitSequenceId: 0
}
offset: 0
length: 5
createVersion: 0
pipeline {
  leaderID: ""
  members {
    uuid: "37cc18fa-1521-4198-ad54-ab583d053ec6"
    ipAddress: "192.168.5.142"
    hostName: "pr-hdds-1909-t9pvb-1699798515"
    ports {
      name: "REST"
      value: 34234
    }
    ports {
      name: "RATIS"
      value: 39903
    }
    ports {
      name: "STANDALONE"
      value: 37302
    }
    networkName: "37cc18fa-1521-4198-ad54-ab583d053ec6"
    networkLocation: "/default-rack"
  }
  state: PIPELINE_OPEN
  type: STAND_ALONE
  factor: ONE
  id {
    id: "d2e470ad-6a22-4e1c-b904-aade2953b4fe"
  }
}
]} | ret=SUCCESS |  
2019-08-24 00:12:13,452 | INFO  | SCMAudit | user=jenkins1000 | ip=192.168.5.142 | op=ALLOCATE_BLOCK {owner=226cec3e-fe2c-4583-a7c9-a358d83023d3, size=4194304, type=STAND_ALONE, factor=ONE} | ret=SUCCESS |  
2019-08-24 00:12:13,453 | INFO  | OMAudit | user=jenkins1000 | ip=127.0.0.1 | op=ALLOCATE_KEY {volume=volume36419, bucket=bucket68587, key=PLscp31, dataSize=4096, replicationType=STAND_ALONE, replicationFactor=ONE, keyLocationInfo=[blockID {
  containerBlockID {
    containerID: 2
    localID: 102669060240310734
  }
  blockCommitSequenceId: 0
}
offset: 0
length: 4194304
createVersion: 0
pipeline {
  leaderID: ""
  members {
    uuid: "37cc18fa-1521-4198-ad54-ab583d053ec6"
    ipAddress: "192.168.5.142"
    hostName: "pr-hdds-1909-t9pvb-1699798515"
    ports {
      name: "REST"
      value: 34234
    }
    ports {
      name: "RATIS"
      value: 39903
    }
    ports {
      name: "STANDALONE"
      value: 37302
    }
    networkName: "37cc18fa-1521-4198-ad54-ab583d053ec6"
    networkLocation: "/default-rack"
  }
  state: PIPELINE_OPEN
  type: STAND_ALONE
  factor: ONE
  id {
    id: "d2e470ad-6a22-4e1c-b904-aade2953b4fe"
  }
}
]} | ret=SUCCESS |  
2019-08-24 00:12:13,457 | INFO  | DNAudit | user=null | ip=null | op=WRITE_CHUNK {blockData=conID: 2 locID: 102669060240310734 bcsId: 0} | ret=SUCCESS |  
2019-08-24 00:12:13,459 | INFO  | DNAudit | user=null | ip=null | op=PUT_BLOCK {blockData=[blockId=conID: 2 locID: 102669060240310734 bcsId: 0,size=5]} | ret=SUCCESS |  
2019-08-24 00:12:13,461 | INFO  | OMAudit | user=jenkins1000 | ip=127.0.0.1 | op=COMMIT_KEY {volume=volume36419, bucket=bucket68587, key=PLscp31, dataSize=5, replicationType=RATIS, replicationFactor=ONE, keyLocationInfo=[blockID {
  containerBlockID {
    containerID: 2
    localID: 102669060240310734
  }
  blockCommitSequenceId: 0
}
offset: 0
length: 5
createVersion: 0
pipeline {
  leaderID: ""
  members {
    uuid: "37cc18fa-1521-4198-ad54-ab583d053ec6"
    ipAddress: "192.168.5.142"
    hostName: "pr-hdds-1909-t9pvb-1699798515"
    ports {
      name: "REST"
      value: 34234
    }
    ports {
      name: "RATIS"
      value: 39903
    }
    ports {
      name: "STANDALONE"
      value: 37302
    }
    networkName: "37cc18fa-1521-4198-ad54-ab583d053ec6"
    networkLocation: "/default-rack"
  }
  state: PIPELINE_OPEN
  type: STAND_ALONE
  factor: ONE
  id {
    id: "d2e470ad-6a22-4e1c-b904-aade2953b4fe"
  }
}
]} | ret=SUCCESS |  
2019-08-24 00:12:13,463 | INFO  | SCMAudit | user=jenkins1000 | ip=192.168.5.142 | op=ALLOCATE_BLOCK {owner=226cec3e-fe2c-4583-a7c9-a358d83023d3, size=4194304, type=STAND_ALONE, factor=ONE} | ret=SUCCESS |  
2019-08-24 00:12:13,463 | INFO  | OMAudit | user=jenkins1000 | ip=127.0.0.1 | op=ALLOCATE_KEY {volume=volume36419, bucket=bucket68587, key=LHUHs32, dataSize=4096, replicationType=STAND_ALONE, replicationFactor=ONE, keyLocationInfo=[blockID {
  containerBlockID {
    containerID: 3
    localID: 102669060240966096
  }
  blockCommitSequenceId: 0
}
offset: 0
length: 4194304
createVersion: 0
pipeline {
  leaderID: ""
  members {
    uuid: "37cc18fa-1521-4198-ad54-ab583d053ec6"
    ipAddress: "192.168.5.142"
    hostName: "pr-hdds-1909-t9pvb-1699798515"
    ports {
      name: "REST"
      value: 34234
    }
    ports {
      name: "RATIS"
      value: 39903
    }
    ports {
      name: "STANDALONE"
      value: 37302
    }
    networkName: "37cc18fa-1521-4198-ad54-ab583d053ec6"
    networkLocation: "/default-rack"
  }
  state: PIPELINE_OPEN
  type: STAND_ALONE
  factor: ONE
  id {
    id: "d2e470ad-6a22-4e1c-b904-aade2953b4fe"
  }
}
]} | ret=SUCCESS |  
2019-08-24 00:12:13,467 | INFO  | DNAudit | user=null | ip=null | op=WRITE_CHUNK {blockData=conID: 3 locID: 102669060240966096 bcsId: 0} | ret=SUCCESS |  
2019-08-24 00:12:13,469 | INFO  | DNAudit | user=null | ip=null | op=PUT_BLOCK {blockData=[blockId=conID: 3 locID: 102669060240966096 bcsId: 0,size=5]} | ret=SUCCESS |  
2019-08-24 00:12:13,471 | INFO  | OMAudit | user=jenkins1000 | ip=127.0.0.1 | op=COMMIT_KEY {volume=volume36419, bucket=bucket68587, key=LHUHs32, dataSize=5, replicationType=RATIS, replicationFactor=ONE, keyLocationInfo=[blockID {
  containerBlockID {
    containerID: 3
    localID: 102669060240966096
  }
  blockCommitSequenceId: 0
}
offset: 0
length: 5
createVersion: 0
pipeline {
  leaderID: ""
  members {
    uuid: "37cc18fa-1521-4198-ad54-ab583d053ec6"
    ipAddress: "192.168.5.142"
    hostName: "pr-hdds-1909-t9pvb-1699798515"
    ports {
      name: "REST"
      value: 34234
    }
    ports {
      name: "RATIS"
      value: 39903
    }
    ports {
      name: "STANDALONE"
      value: 37302
    }
    networkName: "37cc18fa-1521-4198-ad54-ab583d053ec6"
    networkLocation: "/default-rack"
  }
  state: PIPELINE_OPEN
  type: STAND_ALONE
  factor: ONE
  id {
    id: "d2e470ad-6a22-4e1c-b904-aade2953b4fe"
  }
}
]} | ret=SUCCESS |  
2019-08-24 00:12:13,473 | INFO  | SCMAudit | user=jenkins1000 | ip=192.168.5.142 | op=ALLOCATE_BLOCK {owner=226cec3e-fe2c-4583-a7c9-a358d83023d3, size=4194304, type=STAND_ALONE, factor=ONE} | ret=SUCCESS |  
2019-08-24 00:12:13,474 | INFO  | OMAudit | user=jenkins1000 | ip=127.0.0.1 | op=ALLOCATE_KEY {volume=volume36419, bucket=bucket68587, key=FldOe33, dataSize=4096, replicationType=STAND_ALONE, replicationFactor=ONE, keyLocationInfo=[blockID {
  containerBlockID {
    containerID: 1
    localID: 102669060241686994
  }
  blockCommitSequenceId: 0
}
offset: 0
length: 4194304
createVersion: 0
pipeline {
  leaderID: ""
  members {
    uuid: "37cc18fa-1521-4198-ad54-ab583d053ec6"
    ipAddress: "192.168.5.142"
    hostName: "pr-hdds-1909-t9pvb-1699798515"
    ports {
      name: "REST"
      value: 34234
    }
    ports {
      name: "RATIS"
      value: 39903
    }
    ports {
      name: "STANDALONE"
      value: 37302
    }
    networkName: "37cc18fa-1521-4198-ad54-ab583d053ec6"
    networkLocation: "/default-rack"
  }
  state: PIPELINE_OPEN
  type: STAND_ALONE
  factor: ONE
  id {
    id: "d2e470ad-6a22-4e1c-b904-aade2953b4fe"
  }
}
]} | ret=SUCCESS |  
2019-08-24 00:12:13,478 | INFO  | DNAudit | user=null | ip=null | op=WRITE_CHUNK {blockData=conID: 1 locID: 102669060241686994 bcsId: 0} | ret=SUCCESS |  
2019-08-24 00:12:13,480 | INFO  | DNAudit | user=null | ip=null | op=PUT_BLOCK {blockData=[blockId=conID: 1 locID: 102669060241686994 bcsId: 0,size=5]} | ret=SUCCESS |  
2019-08-24 00:12:13,482 | INFO  | OMAudit | user=jenkins1000 | ip=127.0.0.1 | op=COMMIT_KEY {volume=volume36419, bucket=bucket68587, key=FldOe33, dataSize=5, replicationType=RATIS, replicationFactor=ONE, keyLocationInfo=[blockID {
  containerBlockID {
    containerID: 1
    localID: 102669060241686994
  }
  blockCommitSequenceId: 0
}
offset: 0
length: 5
createVersion: 0
pipeline {
  leaderID: ""
  members {
    uuid: "37cc18fa-1521-4198-ad54-ab583d053ec6"
    ipAddress: "192.168.5.142"
    hostName: "pr-hdds-1909-t9pvb-1699798515"
    ports {
      name: "REST"
      value: 34234
    }
    ports {
      name: "RATIS"
      value: 39903
    }
    ports {
      name: "STANDALONE"
      value: 37302
    }
    networkName: "37cc18fa-1521-4198-ad54-ab583d053ec6"
    networkLocation: "/default-rack"
  }
  state: PIPELINE_OPEN
  type: STAND_ALONE
  factor: ONE
  id {
    id: "d2e470ad-6a22-4e1c-b904-aade2953b4fe"
  }
}
]} | ret=SUCCESS |  
2019-08-24 00:12:13,483 | INFO  | SCMAudit | user=jenkins1000 | ip=192.168.5.142 | op=ALLOCATE_BLOCK {owner=226cec3e-fe2c-4583-a7c9-a358d83023d3, size=4194304, type=STAND_ALONE, factor=ONE} | ret=SUCCESS |  
2019-08-24 00:12:13,484 | INFO  | OMAudit | user=jenkins1000 | ip=127.0.0.1 | op=ALLOCATE_KEY {volume=volume36419, bucket=bucket68587, key=LOrff34, dataSize=4096, replicationType=STAND_ALONE, replicationFactor=ONE, keyLocationInfo=[blockID {
  containerBlockID {
    containerID: 2
    localID: 102669060242342356
  }
  blockCommitSequenceId: 0
}
offset: 0
length: 4194304
createVersion: 0
pipeline {
  leaderID: ""
  members {
    uuid: "37cc18fa-1521-4198-ad54-ab583d053ec6"
    ipAddress: "192.168.5.142"
    hostName: "pr-hdds-1909-t9pvb-1699798515"
    ports {
      name: "REST"
      value: 34234
    }
    ports {
      name: "RATIS"
      value: 39903
    }
    ports {
      name: "STANDALONE"
      value: 37302
    }
    networkName: "37cc18fa-1521-4198-ad54-ab583d053ec6"
    networkLocation: "/default-rack"
  }
  state: PIPELINE_OPEN
  type: STAND_ALONE
  factor: ONE
  id {
    id: "d2e470ad-6a22-4e1c-b904-aade2953b4fe"
  }
}
]} | ret=SUCCESS |  
2019-08-24 00:12:13,487 | INFO  | DNAudit | user=null | ip=null | op=WRITE_CHUNK {blockData=conID: 2 locID: 102669060242342356 bcsId: 0} | ret=SUCCESS |  
2019-08-24 00:12:13,490 | INFO  | DNAudit | user=null | ip=null | op=PUT_BLOCK {blockData=[blockId=conID: 2 locID: 102669060242342356 bcsId: 0,size=5]} | ret=SUCCESS |  
2019-08-24 00:12:13,492 | INFO  | OMAudit | user=jenkins1000 | ip=127.0.0.1 | op=COMMIT_KEY {volume=volume36419, bucket=bucket68587, key=LOrff34, dataSize=5, replicationType=RATIS, replicationFactor=ONE, keyLocationInfo=[blockID {
  containerBlockID {
    containerID: 2
    localID: 102669060242342356
  }
  blockCommitSequenceId: 0
}
offset: 0
length: 5
createVersion: 0
pipeline {
  leaderID: ""
  members {
    uuid: "37cc18fa-1521-4198-ad54-ab583d053ec6"
    ipAddress: "192.168.5.142"
    hostName: "pr-hdds-1909-t9pvb-1699798515"
    ports {
      name: "REST"
      value: 34234
    }
    ports {
      name: "RATIS"
      value: 39903
    }
    ports {
      name: "STANDALONE"
      value: 37302
    }
    networkName: "37cc18fa-1521-4198-ad54-ab583d053ec6"
    networkLocation: "/default-rack"
  }
  state: PIPELINE_OPEN
  type: STAND_ALONE
  factor: ONE
  id {
    id: "d2e470ad-6a22-4e1c-b904-aade2953b4fe"
  }
}
]} | ret=SUCCESS |  
2019-08-24 00:12:13,494 | INFO  | SCMAudit | user=jenkins1000 | ip=192.168.5.142 | op=ALLOCATE_BLOCK {owner=226cec3e-fe2c-4583-a7c9-a358d83023d3, size=4194304, type=STAND_ALONE, factor=ONE} | ret=SUCCESS |  
2019-08-24 00:12:13,495 | INFO  | OMAudit | user=jenkins1000 | ip=127.0.0.1 | op=ALLOCATE_KEY {volume=volume36419, bucket=bucket68587, key=eRazc35, dataSize=4096, replicationType=STAND_ALONE, replicationFactor=ONE, keyLocationInfo=[blockID {
  containerBlockID {
    containerID: 3
    localID: 102669060243063254
  }
  blockCommitSequenceId: 0
}
offset: 0
length: 4194304
createVersion: 0
pipeline {
  leaderID: ""
  members {
    uuid: "37cc18fa-1521-4198-ad54-ab583d053ec6"
    ipAddress: "192.168.5.142"
    hostName: "pr-hdds-1909-t9pvb-1699798515"
    ports {
      name: "REST"
      value: 34234
    }
    ports {
      name: "RATIS"
      value: 39903
    }
    ports {
      name: "STANDALONE"
      value: 37302
    }
    networkName: "37cc18fa-1521-4198-ad54-ab583d053ec6"
    networkLocation: "/default-rack"
  }
  state: PIPELINE_OPEN
  type: STAND_ALONE
  factor: ONE
  id {
    id: "d2e470ad-6a22-4e1c-b904-aade2953b4fe"
  }
}
]} | ret=SUCCESS |  
2019-08-24 00:12:13,498 | INFO  | DNAudit | user=null | ip=null | op=WRITE_CHUNK {blockData=conID: 3 locID: 102669060243063254 bcsId: 0} | ret=SUCCESS |  
2019-08-24 00:12:13,500 | INFO  | DNAudit | user=null | ip=null | op=PUT_BLOCK {blockData=[blockId=conID: 3 locID: 102669060243063254 bcsId: 0,size=5]} | ret=SUCCESS |  
2019-08-24 00:12:13,502 | INFO  | OMAudit | user=jenkins1000 | ip=127.0.0.1 | op=COMMIT_KEY {volume=volume36419, bucket=bucket68587, key=eRazc35, dataSize=5, replicationType=RATIS, replicationFactor=ONE, keyLocationInfo=[blockID {
  containerBlockID {
    containerID: 3
    localID: 102669060243063254
  }
  blockCommitSequenceId: 0
}
offset: 0
length: 5
createVersion: 0
pipeline {
  leaderID: ""
  members {
    uuid: "37cc18fa-1521-4198-ad54-ab583d053ec6"
    ipAddress: "192.168.5.142"
    hostName: "pr-hdds-1909-t9pvb-1699798515"
    ports {
      name: "REST"
      value: 34234
    }
    ports {
      name: "RATIS"
      value: 39903
    }
    ports {
      name: "STANDALONE"
      value: 37302
    }
    networkName: "37cc18fa-1521-4198-ad54-ab583d053ec6"
    networkLocation: "/default-rack"
  }
  state: PIPELINE_OPEN
  type: STAND_ALONE
  factor: ONE
  id {
    id: "d2e470ad-6a22-4e1c-b904-aade2953b4fe"
  }
}
]} | ret=SUCCESS |  
2019-08-24 00:12:13,504 | INFO  | SCMAudit | user=jenkins1000 | ip=192.168.5.142 | op=ALLOCATE_BLOCK {owner=226cec3e-fe2c-4583-a7c9-a358d83023d3, size=4194304, type=STAND_ALONE, factor=ONE} | ret=SUCCESS |  
2019-08-24 00:12:13,505 | INFO  | OMAudit | user=jenkins1000 | ip=127.0.0.1 | op=ALLOCATE_KEY {volume=volume36419, bucket=bucket68587, key=TakoW36, dataSize=4096, replicationType=STAND_ALONE, replicationFactor=ONE, keyLocationInfo=[blockID {
  containerBlockID {
    containerID: 1
    localID: 102669060243718616
  }
  blockCommitSequenceId: 0
}
offset: 0
length: 4194304
createVersion: 0
pipeline {
  leaderID: ""
  members {
    uuid: "37cc18fa-1521-4198-ad54-ab583d053ec6"
    ipAddress: "192.168.5.142"
    hostName: "pr-hdds-1909-t9pvb-1699798515"
    ports {
      name: "REST"
      value: 34234
    }
    ports {
      name: "RATIS"
      value: 39903
    }
    ports {
      name: "STANDALONE"
      value: 37302
    }
    networkName: "37cc18fa-1521-4198-ad54-ab583d053ec6"
    networkLocation: "/default-rack"
  }
  state: PIPELINE_OPEN
  type: STAND_ALONE
  factor: ONE
  id {
    id: "d2e470ad-6a22-4e1c-b904-aade2953b4fe"
  }
}
]} | ret=SUCCESS |  
2019-08-24 00:12:13,508 | INFO  | DNAudit | user=null | ip=null | op=WRITE_CHUNK {blockData=conID: 1 locID: 102669060243718616 bcsId: 0} | ret=SUCCESS |  
2019-08-24 00:12:13,510 | INFO  | DNAudit | user=null | ip=null | op=PUT_BLOCK {blockData=[blockId=conID: 1 locID: 102669060243718616 bcsId: 0,size=5]} | ret=SUCCESS |  
2019-08-24 00:12:13,512 | INFO  | OMAudit | user=jenkins1000 | ip=127.0.0.1 | op=COMMIT_KEY {volume=volume36419, bucket=bucket68587, key=TakoW36, dataSize=5, replicationType=RATIS, replicationFactor=ONE, keyLocationInfo=[blockID {
  containerBlockID {
    containerID: 1
    localID: 102669060243718616
  }
  blockCommitSequenceId: 0
}
offset: 0
length: 5
createVersion: 0
pipeline {
  leaderID: ""
  members {
    uuid: "37cc18fa-1521-4198-ad54-ab583d053ec6"
    ipAddress: "192.168.5.142"
    hostName: "pr-hdds-1909-t9pvb-1699798515"
    ports {
      name: "REST"
      value: 34234
    }
    ports {
      name: "RATIS"
      value: 39903
    }
    ports {
      name: "STANDALONE"
      value: 37302
    }
    networkName: "37cc18fa-1521-4198-ad54-ab583d053ec6"
    networkLocation: "/default-rack"
  }
  state: PIPELINE_OPEN
  type: STAND_ALONE
  factor: ONE
  id {
    id: "d2e470ad-6a22-4e1c-b904-aade2953b4fe"
  }
}
]} | ret=SUCCESS |  
2019-08-24 00:12:13,513 | INFO  | SCMAudit | user=jenkins1000 | ip=192.168.5.142 | op=ALLOCATE_BLOCK {owner=226cec3e-fe2c-4583-a7c9-a358d83023d3, size=4194304, type=STAND_ALONE, factor=ONE} | ret=SUCCESS |  
2019-08-24 00:12:13,514 | INFO  | OMAudit | user=jenkins1000 | ip=127.0.0.1 | op=ALLOCATE_KEY {volume=volume36419, bucket=bucket68587, key=pAZcK37, dataSize=4096, replicationType=STAND_ALONE, replicationFactor=ONE, keyLocationInfo=[blockID {
  containerBlockID {
    containerID: 2
    localID: 102669060244308442
  }
  blockCommitSequenceId: 0
}
offset: 0
length: 4194304
createVersion: 0
pipeline {
  leaderID: ""
  members {
    uuid: "37cc18fa-1521-4198-ad54-ab583d053ec6"
    ipAddress: "192.168.5.142"
    hostName: "pr-hdds-1909-t9pvb-1699798515"
    ports {
      name: "REST"
      value: 34234
    }
    ports {
      name: "RATIS"
      value: 39903
    }
    ports {
      name: "STANDALONE"
      value: 37302
    }
    networkName: "37cc18fa-1521-4198-ad54-ab583d053ec6"
    networkLocation: "/default-rack"
  }
  state: PIPELINE_OPEN
  type: STAND_ALONE
  factor: ONE
  id {
    id: "d2e470ad-6a22-4e1c-b904-aade2953b4fe"
  }
}
]} | ret=SUCCESS |  
2019-08-24 00:12:13,517 | INFO  | DNAudit | user=null | ip=null | op=WRITE_CHUNK {blockData=conID: 2 locID: 102669060244308442 bcsId: 0} | ret=SUCCESS |  
2019-08-24 00:12:13,519 | INFO  | DNAudit | user=null | ip=null | op=PUT_BLOCK {blockData=[blockId=conID: 2 locID: 102669060244308442 bcsId: 0,size=5]} | ret=SUCCESS |  
2019-08-24 00:12:13,520 | INFO  | OMAudit | user=jenkins1000 | ip=127.0.0.1 | op=COMMIT_KEY {volume=volume36419, bucket=bucket68587, key=pAZcK37, dataSize=5, replicationType=RATIS, replicationFactor=ONE, keyLocationInfo=[blockID {
  containerBlockID {
    containerID: 2
    localID: 102669060244308442
  }
  blockCommitSequenceId: 0
}
offset: 0
length: 5
createVersion: 0
pipeline {
  leaderID: ""
  members {
    uuid: "37cc18fa-1521-4198-ad54-ab583d053ec6"
    ipAddress: "192.168.5.142"
    hostName: "pr-hdds-1909-t9pvb-1699798515"
    ports {
      name: "REST"
      value: 34234
    }
    ports {
      name: "RATIS"
      value: 39903
    }
    ports {
      name: "STANDALONE"
      value: 37302
    }
    networkName: "37cc18fa-1521-4198-ad54-ab583d053ec6"
    networkLocation: "/default-rack"
  }
  state: PIPELINE_OPEN
  type: STAND_ALONE
  factor: ONE
  id {
    id: "d2e470ad-6a22-4e1c-b904-aade2953b4fe"
  }
}
]} | ret=SUCCESS |  
2019-08-24 00:12:13,522 | INFO  | SCMAudit | user=jenkins1000 | ip=192.168.5.142 | op=ALLOCATE_BLOCK {owner=226cec3e-fe2c-4583-a7c9-a358d83023d3, size=4194304, type=STAND_ALONE, factor=ONE} | ret=SUCCESS |  
2019-08-24 00:12:13,523 | INFO  | OMAudit | user=jenkins1000 | ip=127.0.0.1 | op=ALLOCATE_KEY {volume=volume36419, bucket=bucket68587, key=KNTgl38, dataSize=4096, replicationType=STAND_ALONE, replicationFactor=ONE, keyLocationInfo=[blockID {
  containerBlockID {
    containerID: 3
    localID: 102669060244898268
  }
  blockCommitSequenceId: 0
}
offset: 0
length: 4194304
createVersion: 0
pipeline {
  leaderID: ""
  members {
    uuid: "37cc18fa-1521-4198-ad54-ab583d053ec6"
    ipAddress: "192.168.5.142"
    hostName: "pr-hdds-1909-t9pvb-1699798515"
    ports {
      name: "REST"
      value: 34234
    }
    ports {
      name: "RATIS"
      value: 39903
    }
    ports {
      name: "STANDALONE"
      value: 37302
    }
    networkName: "37cc18fa-1521-4198-ad54-ab583d053ec6"
    networkLocation: "/default-rack"
  }
  state: PIPELINE_OPEN
  type: STAND_ALONE
  factor: ONE
  id {
    id: "d2e470ad-6a22-4e1c-b904-aade2953b4fe"
  }
}
]} | ret=SUCCESS |  
2019-08-24 00:12:13,525 | INFO  | DNAudit | user=null | ip=null | op=WRITE_CHUNK {blockData=conID: 3 locID: 102669060244898268 bcsId: 0} | ret=SUCCESS |  
2019-08-24 00:12:13,527 | INFO  | DNAudit | user=null | ip=null | op=PUT_BLOCK {blockData=[blockId=conID: 3 locID: 102669060244898268 bcsId: 0,size=5]} | ret=SUCCESS |  
2019-08-24 00:12:13,529 | INFO  | OMAudit | user=jenkins1000 | ip=127.0.0.1 | op=COMMIT_KEY {volume=volume36419, bucket=bucket68587, key=KNTgl38, dataSize=5, replicationType=RATIS, replicationFactor=ONE, keyLocationInfo=[blockID {
  containerBlockID {
    containerID: 3
    localID: 102669060244898268
  }
  blockCommitSequenceId: 0
}
offset: 0
length: 5
createVersion: 0
pipeline {
  leaderID: ""
  members {
    uuid: "37cc18fa-1521-4198-ad54-ab583d053ec6"
    ipAddress: "192.168.5.142"
    hostName: "pr-hdds-1909-t9pvb-1699798515"
    ports {
      name: "REST"
      value: 34234
    }
    ports {
      name: "RATIS"
      value: 39903
    }
    ports {
      name: "STANDALONE"
      value: 37302
    }
    networkName: "37cc18fa-1521-4198-ad54-ab583d053ec6"
    networkLocation: "/default-rack"
  }
  state: PIPELINE_OPEN
  type: STAND_ALONE
  factor: ONE
  id {
    id: "d2e470ad-6a22-4e1c-b904-aade2953b4fe"
  }
}
]} | ret=SUCCESS |  
2019-08-24 00:12:13,531 | INFO  | SCMAudit | user=jenkins1000 | ip=192.168.5.142 | op=ALLOCATE_BLOCK {owner=226cec3e-fe2c-4583-a7c9-a358d83023d3, size=4194304, type=STAND_ALONE, factor=ONE} | ret=SUCCESS |  
2019-08-24 00:12:13,532 | INFO  | OMAudit | user=jenkins1000 | ip=127.0.0.1 | op=ALLOCATE_KEY {volume=volume36419, bucket=bucket68587, key=qrNEx39, dataSize=4096, replicationType=STAND_ALONE, replicationFactor=ONE, keyLocationInfo=[blockID {
  containerBlockID {
    containerID: 1
    localID: 102669060245488094
  }
  blockCommitSequenceId: 0
}
offset: 0
length: 4194304
createVersion: 0
pipeline {
  leaderID: ""
  members {
    uuid: "37cc18fa-1521-4198-ad54-ab583d053ec6"
    ipAddress: "192.168.5.142"
    hostName: "pr-hdds-1909-t9pvb-1699798515"
    ports {
      name: "REST"
      value: 34234
    }
    ports {
      name: "RATIS"
      value: 39903
    }
    ports {
      name: "STANDALONE"
      value: 37302
    }
    networkName: "37cc18fa-1521-4198-ad54-ab583d053ec6"
    networkLocation: "/default-rack"
  }
  state: PIPELINE_OPEN
  type: STAND_ALONE
  factor: ONE
  id {
    id: "d2e470ad-6a22-4e1c-b904-aade2953b4fe"
  }
}
]} | ret=SUCCESS |  
2019-08-24 00:12:13,535 | INFO  | DNAudit | user=null | ip=null | op=WRITE_CHUNK {blockData=conID: 1 locID: 102669060245488094 bcsId: 0} | ret=SUCCESS |  
2019-08-24 00:12:13,537 | INFO  | DNAudit | user=null | ip=null | op=PUT_BLOCK {blockData=[blockId=conID: 1 locID: 102669060245488094 bcsId: 0,size=5]} | ret=SUCCESS |  
2019-08-24 00:12:13,539 | INFO  | OMAudit | user=jenkins1000 | ip=127.0.0.1 | op=COMMIT_KEY {volume=volume36419, bucket=bucket68587, key=qrNEx39, dataSize=5, replicationType=RATIS, replicationFactor=ONE, keyLocationInfo=[blockID {
  containerBlockID {
    containerID: 1
    localID: 102669060245488094
  }
  blockCommitSequenceId: 0
}
offset: 0
length: 5
createVersion: 0
pipeline {
  leaderID: ""
  members {
    uuid: "37cc18fa-1521-4198-ad54-ab583d053ec6"
    ipAddress: "192.168.5.142"
    hostName: "pr-hdds-1909-t9pvb-1699798515"
    ports {
      name: "REST"
      value: 34234
    }
    ports {
      name: "RATIS"
      value: 39903
    }
    ports {
      name: "STANDALONE"
      value: 37302
    }
    networkName: "37cc18fa-1521-4198-ad54-ab583d053ec6"
    networkLocation: "/default-rack"
  }
  state: PIPELINE_OPEN
  type: STAND_ALONE
  factor: ONE
  id {
    id: "d2e470ad-6a22-4e1c-b904-aade2953b4fe"
  }
}
]} | ret=SUCCESS |  
2019-08-24 00:12:13,540 | INFO  | SCMAudit | user=jenkins1000 | ip=192.168.5.142 | op=ALLOCATE_BLOCK {owner=226cec3e-fe2c-4583-a7c9-a358d83023d3, size=4194304, type=STAND_ALONE, factor=ONE} | ret=SUCCESS |  
2019-08-24 00:12:13,542 | INFO  | OMAudit | user=jenkins1000 | ip=127.0.0.1 | op=ALLOCATE_KEY {volume=volume36419, bucket=bucket68587, key=PPgZK40, dataSize=4096, replicationType=STAND_ALONE, replicationFactor=ONE, keyLocationInfo=[blockID {
  containerBlockID {
    containerID: 2
    localID: 102669060246077920
  }
  blockCommitSequenceId: 0
}
offset: 0
length: 4194304
createVersion: 0
pipeline {
  leaderID: ""
  members {
    uuid: "37cc18fa-1521-4198-ad54-ab583d053ec6"
    ipAddress: "192.168.5.142"
    hostName: "pr-hdds-1909-t9pvb-1699798515"
    ports {
      name: "REST"
      value: 34234
    }
    ports {
      name: "RATIS"
      value: 39903
    }
    ports {
      name: "STANDALONE"
      value: 37302
    }
    networkName: "37cc18fa-1521-4198-ad54-ab583d053ec6"
    networkLocation: "/default-rack"
  }
  state: PIPELINE_OPEN
  type: STAND_ALONE
  factor: ONE
  id {
    id: "d2e470ad-6a22-4e1c-b904-aade2953b4fe"
  }
}
]} | ret=SUCCESS |  
2019-08-24 00:12:13,545 | INFO  | DNAudit | user=null | ip=null | op=WRITE_CHUNK {blockData=conID: 2 locID: 102669060246077920 bcsId: 0} | ret=SUCCESS |  
2019-08-24 00:12:13,547 | INFO  | DNAudit | user=null | ip=null | op=PUT_BLOCK {blockData=[blockId=conID: 2 locID: 102669060246077920 bcsId: 0,size=5]} | ret=SUCCESS |  
2019-08-24 00:12:13,549 | INFO  | OMAudit | user=jenkins1000 | ip=127.0.0.1 | op=COMMIT_KEY {volume=volume36419, bucket=bucket68587, key=PPgZK40, dataSize=5, replicationType=RATIS, replicationFactor=ONE, keyLocationInfo=[blockID {
  containerBlockID {
    containerID: 2
    localID: 102669060246077920
  }
  blockCommitSequenceId: 0
}
offset: 0
length: 5
createVersion: 0
pipeline {
  leaderID: ""
  members {
    uuid: "37cc18fa-1521-4198-ad54-ab583d053ec6"
    ipAddress: "192.168.5.142"
    hostName: "pr-hdds-1909-t9pvb-1699798515"
    ports {
      name: "REST"
      value: 34234
    }
    ports {
      name: "RATIS"
      value: 39903
    }
    ports {
      name: "STANDALONE"
      value: 37302
    }
    networkName: "37cc18fa-1521-4198-ad54-ab583d053ec6"
    networkLocation: "/default-rack"
  }
  state: PIPELINE_OPEN
  type: STAND_ALONE
  factor: ONE
  id {
    id: "d2e470ad-6a22-4e1c-b904-aade2953b4fe"
  }
}
]} | ret=SUCCESS |  
2019-08-24 00:12:13,551 | INFO  | SCMAudit | user=jenkins1000 | ip=192.168.5.142 | op=ALLOCATE_BLOCK {owner=226cec3e-fe2c-4583-a7c9-a358d83023d3, size=4194304, type=STAND_ALONE, factor=ONE} | ret=SUCCESS |  
2019-08-24 00:12:13,552 | INFO  | OMAudit | user=jenkins1000 | ip=127.0.0.1 | op=ALLOCATE_KEY {volume=volume36419, bucket=bucket68587, key=fnbGH41, dataSize=4096, replicationType=STAND_ALONE, replicationFactor=ONE, keyLocationInfo=[blockID {
  containerBlockID {
    containerID: 3
    localID: 102669060246798818
  }
  blockCommitSequenceId: 0
}
offset: 0
length: 4194304
createVersion: 0
pipeline {
  leaderID: ""
  members {
    uuid: "37cc18fa-1521-4198-ad54-ab583d053ec6"
    ipAddress: "192.168.5.142"
    hostName: "pr-hdds-1909-t9pvb-1699798515"
    ports {
      name: "REST"
      value: 34234
    }
    ports {
      name: "RATIS"
      value: 39903
    }
    ports {
      name: "STANDALONE"
      value: 37302
    }
    networkName: "37cc18fa-1521-4198-ad54-ab583d053ec6"
    networkLocation: "/default-rack"
  }
  state: PIPELINE_OPEN
  type: STAND_ALONE
  factor: ONE
  id {
    id: "d2e470ad-6a22-4e1c-b904-aade2953b4fe"
  }
}
]} | ret=SUCCESS |  
2019-08-24 00:12:13,556 | INFO  | DNAudit | user=null | ip=null | op=WRITE_CHUNK {blockData=conID: 3 locID: 102669060246798818 bcsId: 0} | ret=SUCCESS |  
2019-08-24 00:12:13,558 | INFO  | DNAudit | user=null | ip=null | op=PUT_BLOCK {blockData=[blockId=conID: 3 locID: 102669060246798818 bcsId: 0,size=5]} | ret=SUCCESS |  
2019-08-24 00:12:13,560 | INFO  | OMAudit | user=jenkins1000 | ip=127.0.0.1 | op=COMMIT_KEY {volume=volume36419, bucket=bucket68587, key=fnbGH41, dataSize=5, replicationType=RATIS, replicationFactor=ONE, keyLocationInfo=[blockID {
  containerBlockID {
    containerID: 3
    localID: 102669060246798818
  }
  blockCommitSequenceId: 0
}
offset: 0
length: 5
createVersion: 0
pipeline {
  leaderID: ""
  members {
    uuid: "37cc18fa-1521-4198-ad54-ab583d053ec6"
    ipAddress: "192.168.5.142"
    hostName: "pr-hdds-1909-t9pvb-1699798515"
    ports {
      name: "REST"
      value: 34234
    }
    ports {
      name: "RATIS"
      value: 39903
    }
    ports {
      name: "STANDALONE"
      value: 37302
    }
    networkName: "37cc18fa-1521-4198-ad54-ab583d053ec6"
    networkLocation: "/default-rack"
  }
  state: PIPELINE_OPEN
  type: STAND_ALONE
  factor: ONE
  id {
    id: "d2e470ad-6a22-4e1c-b904-aade2953b4fe"
  }
}
]} | ret=SUCCESS |  
2019-08-24 00:12:13,562 | INFO  | SCMAudit | user=jenkins1000 | ip=192.168.5.142 | op=ALLOCATE_BLOCK {owner=226cec3e-fe2c-4583-a7c9-a358d83023d3, size=4194304, type=STAND_ALONE, factor=ONE} | ret=SUCCESS |  
2019-08-24 00:12:13,563 | INFO  | OMAudit | user=jenkins1000 | ip=127.0.0.1 | op=ALLOCATE_KEY {volume=volume36419, bucket=bucket68587, key=xsCsI42, dataSize=4096, replicationType=STAND_ALONE, replicationFactor=ONE, keyLocationInfo=[blockID {
  containerBlockID {
    containerID: 1
    localID: 102669060247519716
  }
  blockCommitSequenceId: 0
}
offset: 0
length: 4194304
createVersion: 0
pipeline {
  leaderID: ""
  members {
    uuid: "37cc18fa-1521-4198-ad54-ab583d053ec6"
    ipAddress: "192.168.5.142"
    hostName: "pr-hdds-1909-t9pvb-1699798515"
    ports {
      name: "REST"
      value: 34234
    }
    ports {
      name: "RATIS"
      value: 39903
    }
    ports {
      name: "STANDALONE"
      value: 37302
    }
    networkName: "37cc18fa-1521-4198-ad54-ab583d053ec6"
    networkLocation: "/default-rack"
  }
  state: PIPELINE_OPEN
  type: STAND_ALONE
  factor: ONE
  id {
    id: "d2e470ad-6a22-4e1c-b904-aade2953b4fe"
  }
}
]} | ret=SUCCESS |  
2019-08-24 00:12:13,566 | INFO  | DNAudit | user=null | ip=null | op=WRITE_CHUNK {blockData=conID: 1 locID: 102669060247519716 bcsId: 0} | ret=SUCCESS |  
2019-08-24 00:12:13,569 | INFO  | DNAudit | user=null | ip=null | op=PUT_BLOCK {blockData=[blockId=conID: 1 locID: 102669060247519716 bcsId: 0,size=5]} | ret=SUCCESS |  
2019-08-24 00:12:13,571 | INFO  | OMAudit | user=jenkins1000 | ip=127.0.0.1 | op=COMMIT_KEY {volume=volume36419, bucket=bucket68587, key=xsCsI42, dataSize=5, replicationType=RATIS, replicationFactor=ONE, keyLocationInfo=[blockID {
  containerBlockID {
    containerID: 1
    localID: 102669060247519716
  }
  blockCommitSequenceId: 0
}
offset: 0
length: 5
createVersion: 0
pipeline {
  leaderID: ""
  members {
    uuid: "37cc18fa-1521-4198-ad54-ab583d053ec6"
    ipAddress: "192.168.5.142"
    hostName: "pr-hdds-1909-t9pvb-1699798515"
    ports {
      name: "REST"
      value: 34234
    }
    ports {
      name: "RATIS"
      value: 39903
    }
    ports {
      name: "STANDALONE"
      value: 37302
    }
    networkName: "37cc18fa-1521-4198-ad54-ab583d053ec6"
    networkLocation: "/default-rack"
  }
  state: PIPELINE_OPEN
  type: STAND_ALONE
  factor: ONE
  id {
    id: "d2e470ad-6a22-4e1c-b904-aade2953b4fe"
  }
}
]} | ret=SUCCESS |  
2019-08-24 00:12:13,572 | INFO  | SCMAudit | user=jenkins1000 | ip=192.168.5.142 | op=ALLOCATE_BLOCK {owner=226cec3e-fe2c-4583-a7c9-a358d83023d3, size=4194304, type=STAND_ALONE, factor=ONE} | ret=SUCCESS |  
2019-08-24 00:12:13,574 | INFO  | OMAudit | user=jenkins1000 | ip=127.0.0.1 | op=ALLOCATE_KEY {volume=volume36419, bucket=bucket68587, key=Erfyu43, dataSize=4096, replicationType=STAND_ALONE, replicationFactor=ONE, keyLocationInfo=[blockID {
  containerBlockID {
    containerID: 2
    localID: 102669060248175078
  }
  blockCommitSequenceId: 0
}
offset: 0
length: 4194304
createVersion: 0
pipeline {
  leaderID: ""
  members {
    uuid: "37cc18fa-1521-4198-ad54-ab583d053ec6"
    ipAddress: "192.168.5.142"
    hostName: "pr-hdds-1909-t9pvb-1699798515"
    ports {
      name: "REST"
      value: 34234
    }
    ports {
      name: "RATIS"
      value: 39903
    }
    ports {
      name: "STANDALONE"
      value: 37302
    }
    networkName: "37cc18fa-1521-4198-ad54-ab583d053ec6"
    networkLocation: "/default-rack"
  }
  state: PIPELINE_OPEN
  type: STAND_ALONE
  factor: ONE
  id {
    id: "d2e470ad-6a22-4e1c-b904-aade2953b4fe"
  }
}
]} | ret=SUCCESS |  
2019-08-24 00:12:13,577 | INFO  | DNAudit | user=null | ip=null | op=WRITE_CHUNK {blockData=conID: 2 locID: 102669060248175078 bcsId: 0} | ret=SUCCESS |  
2019-08-24 00:12:13,579 | INFO  | DNAudit | user=null | ip=null | op=PUT_BLOCK {blockData=[blockId=conID: 2 locID: 102669060248175078 bcsId: 0,size=5]} | ret=SUCCESS |  
2019-08-24 00:12:13,581 | INFO  | OMAudit | user=jenkins1000 | ip=127.0.0.1 | op=COMMIT_KEY {volume=volume36419, bucket=bucket68587, key=Erfyu43, dataSize=5, replicationType=RATIS, replicationFactor=ONE, keyLocationInfo=[blockID {
  containerBlockID {
    containerID: 2
    localID: 102669060248175078
  }
  blockCommitSequenceId: 0
}
offset: 0
length: 5
createVersion: 0
pipeline {
  leaderID: ""
  members {
    uuid: "37cc18fa-1521-4198-ad54-ab583d053ec6"
    ipAddress: "192.168.5.142"
    hostName: "pr-hdds-1909-t9pvb-1699798515"
    ports {
      name: "REST"
      value: 34234
    }
    ports {
      name: "RATIS"
      value: 39903
    }
    ports {
      name: "STANDALONE"
      value: 37302
    }
    networkName: "37cc18fa-1521-4198-ad54-ab583d053ec6"
    networkLocation: "/default-rack"
  }
  state: PIPELINE_OPEN
  type: STAND_ALONE
  factor: ONE
  id {
    id: "d2e470ad-6a22-4e1c-b904-aade2953b4fe"
  }
}
]} | ret=SUCCESS |  
2019-08-24 00:12:13,582 | INFO  | SCMAudit | user=jenkins1000 | ip=192.168.5.142 | op=ALLOCATE_BLOCK {owner=226cec3e-fe2c-4583-a7c9-a358d83023d3, size=4194304, type=STAND_ALONE, factor=ONE} | ret=SUCCESS |  
2019-08-24 00:12:13,583 | INFO  | OMAudit | user=jenkins1000 | ip=127.0.0.1 | op=ALLOCATE_KEY {volume=volume36419, bucket=bucket68587, key=WXxqU44, dataSize=4096, replicationType=STAND_ALONE, replicationFactor=ONE, keyLocationInfo=[blockID {
  containerBlockID {
    containerID: 3
    localID: 102669060248830440
  }
  blockCommitSequenceId: 0
}
offset: 0
length: 4194304
createVersion: 0
pipeline {
  leaderID: ""
  members {
    uuid: "37cc18fa-1521-4198-ad54-ab583d053ec6"
    ipAddress: "192.168.5.142"
    hostName: "pr-hdds-1909-t9pvb-1699798515"
    ports {
      name: "REST"
      value: 34234
    }
    ports {
      name: "RATIS"
      value: 39903
    }
    ports {
      name: "STANDALONE"
      value: 37302
    }
    networkName: "37cc18fa-1521-4198-ad54-ab583d053ec6"
    networkLocation: "/default-rack"
  }
  state: PIPELINE_OPEN
  type: STAND_ALONE
  factor: ONE
  id {
    id: "d2e470ad-6a22-4e1c-b904-aade2953b4fe"
  }
}
]} | ret=SUCCESS |  
2019-08-24 00:12:13,587 | INFO  | DNAudit | user=null | ip=null | op=WRITE_CHUNK {blockData=conID: 3 locID: 102669060248830440 bcsId: 0} | ret=SUCCESS |  
2019-08-24 00:12:13,589 | INFO  | DNAudit | user=null | ip=null | op=PUT_BLOCK {blockData=[blockId=conID: 3 locID: 102669060248830440 bcsId: 0,size=5]} | ret=SUCCESS |  
2019-08-24 00:12:13,591 | INFO  | OMAudit | user=jenkins1000 | ip=127.0.0.1 | op=COMMIT_KEY {volume=volume36419, bucket=bucket68587, key=WXxqU44, dataSize=5, replicationType=RATIS, replicationFactor=ONE, keyLocationInfo=[blockID {
  containerBlockID {
    containerID: 3
    localID: 102669060248830440
  }
  blockCommitSequenceId: 0
}
offset: 0
length: 5
createVersion: 0
pipeline {
  leaderID: ""
  members {
    uuid: "37cc18fa-1521-4198-ad54-ab583d053ec6"
    ipAddress: "192.168.5.142"
    hostName: "pr-hdds-1909-t9pvb-1699798515"
    ports {
      name: "REST"
      value: 34234
    }
    ports {
      name: "RATIS"
      value: 39903
    }
    ports {
      name: "STANDALONE"
      value: 37302
    }
    networkName: "37cc18fa-1521-4198-ad54-ab583d053ec6"
    networkLocation: "/default-rack"
  }
  state: PIPELINE_OPEN
  type: STAND_ALONE
  factor: ONE
  id {
    id: "d2e470ad-6a22-4e1c-b904-aade2953b4fe"
  }
}
]} | ret=SUCCESS |  
2019-08-24 00:12:13,593 | INFO  | SCMAudit | user=jenkins1000 | ip=192.168.5.142 | op=ALLOCATE_BLOCK {owner=226cec3e-fe2c-4583-a7c9-a358d83023d3, size=4194304, type=STAND_ALONE, factor=ONE} | ret=SUCCESS |  
2019-08-24 00:12:13,594 | INFO  | OMAudit | user=jenkins1000 | ip=127.0.0.1 | op=ALLOCATE_KEY {volume=volume36419, bucket=bucket68587, key=eFvuY45, dataSize=4096, replicationType=STAND_ALONE, replicationFactor=ONE, keyLocationInfo=[blockID {
  containerBlockID {
    containerID: 1
    localID: 102669060249551338
  }
  blockCommitSequenceId: 0
}
offset: 0
length: 4194304
createVersion: 0
pipeline {
  leaderID: ""
  members {
    uuid: "37cc18fa-1521-4198-ad54-ab583d053ec6"
    ipAddress: "192.168.5.142"
    hostName: "pr-hdds-1909-t9pvb-1699798515"
    ports {
      name: "REST"
      value: 34234
    }
    ports {
      name: "RATIS"
      value: 39903
    }
    ports {
      name: "STANDALONE"
      value: 37302
    }
    networkName: "37cc18fa-1521-4198-ad54-ab583d053ec6"
    networkLocation: "/default-rack"
  }
  state: PIPELINE_OPEN
  type: STAND_ALONE
  factor: ONE
  id {
    id: "d2e470ad-6a22-4e1c-b904-aade2953b4fe"
  }
}
]} | ret=SUCCESS |  
2019-08-24 00:12:13,597 | INFO  | DNAudit | user=null | ip=null | op=WRITE_CHUNK {blockData=conID: 1 locID: 102669060249551338 bcsId: 0} | ret=SUCCESS |  
2019-08-24 00:12:13,599 | INFO  | DNAudit | user=null | ip=null | op=PUT_BLOCK {blockData=[blockId=conID: 1 locID: 102669060249551338 bcsId: 0,size=5]} | ret=SUCCESS |  
2019-08-24 00:12:13,601 | INFO  | OMAudit | user=jenkins1000 | ip=127.0.0.1 | op=COMMIT_KEY {volume=volume36419, bucket=bucket68587, key=eFvuY45, dataSize=5, replicationType=RATIS, replicationFactor=ONE, keyLocationInfo=[blockID {
  containerBlockID {
    containerID: 1
    localID: 102669060249551338
  }
  blockCommitSequenceId: 0
}
offset: 0
length: 5
createVersion: 0
pipeline {
  leaderID: ""
  members {
    uuid: "37cc18fa-1521-4198-ad54-ab583d053ec6"
    ipAddress: "192.168.5.142"
    hostName: "pr-hdds-1909-t9pvb-1699798515"
    ports {
      name: "REST"
      value: 34234
    }
    ports {
      name: "RATIS"
      value: 39903
    }
    ports {
      name: "STANDALONE"
      value: 37302
    }
    networkName: "37cc18fa-1521-4198-ad54-ab583d053ec6"
    networkLocation: "/default-rack"
  }
  state: PIPELINE_OPEN
  type: STAND_ALONE
  factor: ONE
  id {
    id: "d2e470ad-6a22-4e1c-b904-aade2953b4fe"
  }
}
]} | ret=SUCCESS |  
2019-08-24 00:12:13,603 | INFO  | SCMAudit | user=jenkins1000 | ip=192.168.5.142 | op=ALLOCATE_BLOCK {owner=226cec3e-fe2c-4583-a7c9-a358d83023d3, size=4194304, type=STAND_ALONE, factor=ONE} | ret=SUCCESS |  
2019-08-24 00:12:13,604 | INFO  | OMAudit | user=jenkins1000 | ip=127.0.0.1 | op=ALLOCATE_KEY {volume=volume36419, bucket=bucket68587, key=mzFxy46, dataSize=4096, replicationType=STAND_ALONE, replicationFactor=ONE, keyLocationInfo=[blockID {
  containerBlockID {
    containerID: 2
    localID: 102669060250206700
  }
  blockCommitSequenceId: 0
}
offset: 0
length: 4194304
createVersion: 0
pipeline {
  leaderID: ""
  members {
    uuid: "37cc18fa-1521-4198-ad54-ab583d053ec6"
    ipAddress: "192.168.5.142"
    hostName: "pr-hdds-1909-t9pvb-1699798515"
    ports {
      name: "REST"
      value: 34234
    }
    ports {
      name: "RATIS"
      value: 39903
    }
    ports {
      name: "STANDALONE"
      value: 37302
    }
    networkName: "37cc18fa-1521-4198-ad54-ab583d053ec6"
    networkLocation: "/default-rack"
  }
  state: PIPELINE_OPEN
  type: STAND_ALONE
  factor: ONE
  id {
    id: "d2e470ad-6a22-4e1c-b904-aade2953b4fe"
  }
}
]} | ret=SUCCESS |  
2019-08-24 00:12:13,607 | INFO  | DNAudit | user=null | ip=null | op=WRITE_CHUNK {blockData=conID: 2 locID: 102669060250206700 bcsId: 0} | ret=SUCCESS |  
2019-08-24 00:12:13,609 | INFO  | DNAudit | user=null | ip=null | op=PUT_BLOCK {blockData=[blockId=conID: 2 locID: 102669060250206700 bcsId: 0,size=5]} | ret=SUCCESS |  
2019-08-24 00:12:13,611 | INFO  | OMAudit | user=jenkins1000 | ip=127.0.0.1 | op=COMMIT_KEY {volume=volume36419, bucket=bucket68587, key=mzFxy46, dataSize=5, replicationType=RATIS, replicationFactor=ONE, keyLocationInfo=[blockID {
  containerBlockID {
    containerID: 2
    localID: 102669060250206700
  }
  blockCommitSequenceId: 0
}
offset: 0
length: 5
createVersion: 0
pipeline {
  leaderID: ""
  members {
    uuid: "37cc18fa-1521-4198-ad54-ab583d053ec6"
    ipAddress: "192.168.5.142"
    hostName: "pr-hdds-1909-t9pvb-1699798515"
    ports {
      name: "REST"
      value: 34234
    }
    ports {
      name: "RATIS"
      value: 39903
    }
    ports {
      name: "STANDALONE"
      value: 37302
    }
    networkName: "37cc18fa-1521-4198-ad54-ab583d053ec6"
    networkLocation: "/default-rack"
  }
  state: PIPELINE_OPEN
  type: STAND_ALONE
  factor: ONE
  id {
    id: "d2e470ad-6a22-4e1c-b904-aade2953b4fe"
  }
}
]} | ret=SUCCESS |  
2019-08-24 00:12:13,613 | INFO  | SCMAudit | user=jenkins1000 | ip=192.168.5.142 | op=ALLOCATE_BLOCK {owner=226cec3e-fe2c-4583-a7c9-a358d83023d3, size=4194304, type=STAND_ALONE, factor=ONE} | ret=SUCCESS |  
2019-08-24 00:12:13,614 | INFO  | OMAudit | user=jenkins1000 | ip=127.0.0.1 | op=ALLOCATE_KEY {volume=volume36419, bucket=bucket68587, key=zngJA47, dataSize=4096, replicationType=STAND_ALONE, replicationFactor=ONE, keyLocationInfo=[blockID {
  containerBlockID {
    containerID: 3
    localID: 102669060250862062
  }
  blockCommitSequenceId: 0
}
offset: 0
length: 4194304
createVersion: 0
pipeline {
  leaderID: ""
  members {
    uuid: "37cc18fa-1521-4198-ad54-ab583d053ec6"
    ipAddress: "192.168.5.142"
    hostName: "pr-hdds-1909-t9pvb-1699798515"
    ports {
      name: "REST"
      value: 34234
    }
    ports {
      name: "RATIS"
      value: 39903
    }
    ports {
      name: "STANDALONE"
      value: 37302
    }
    networkName: "37cc18fa-1521-4198-ad54-ab583d053ec6"
    networkLocation: "/default-rack"
  }
  state: PIPELINE_OPEN
  type: STAND_ALONE
  factor: ONE
  id {
    id: "d2e470ad-6a22-4e1c-b904-aade2953b4fe"
  }
}
]} | ret=SUCCESS |  
2019-08-24 00:12:13,618 | INFO  | DNAudit | user=null | ip=null | op=WRITE_CHUNK {blockData=conID: 3 locID: 102669060250862062 bcsId: 0} | ret=SUCCESS |  
2019-08-24 00:12:13,620 | INFO  | DNAudit | user=null | ip=null | op=PUT_BLOCK {blockData=[blockId=conID: 3 locID: 102669060250862062 bcsId: 0,size=5]} | ret=SUCCESS |  
2019-08-24 00:12:13,622 | INFO  | OMAudit | user=jenkins1000 | ip=127.0.0.1 | op=COMMIT_KEY {volume=volume36419, bucket=bucket68587, key=zngJA47, dataSize=5, replicationType=RATIS, replicationFactor=ONE, keyLocationInfo=[blockID {
  containerBlockID {
    containerID: 3
    localID: 102669060250862062
  }
  blockCommitSequenceId: 0
}
offset: 0
length: 5
createVersion: 0
pipeline {
  leaderID: ""
  members {
    uuid: "37cc18fa-1521-4198-ad54-ab583d053ec6"
    ipAddress: "192.168.5.142"
    hostName: "pr-hdds-1909-t9pvb-1699798515"
    ports {
      name: "REST"
      value: 34234
    }
    ports {
      name: "RATIS"
      value: 39903
    }
    ports {
      name: "STANDALONE"
      value: 37302
    }
    networkName: "37cc18fa-1521-4198-ad54-ab583d053ec6"
    networkLocation: "/default-rack"
  }
  state: PIPELINE_OPEN
  type: STAND_ALONE
  factor: ONE
  id {
    id: "d2e470ad-6a22-4e1c-b904-aade2953b4fe"
  }
}
]} | ret=SUCCESS |  
2019-08-24 00:12:13,624 | INFO  | SCMAudit | user=jenkins1000 | ip=192.168.5.142 | op=ALLOCATE_BLOCK {owner=226cec3e-fe2c-4583-a7c9-a358d83023d3, size=4194304, type=STAND_ALONE, factor=ONE} | ret=SUCCESS |  
2019-08-24 00:12:13,625 | INFO  | OMAudit | user=jenkins1000 | ip=127.0.0.1 | op=ALLOCATE_KEY {volume=volume36419, bucket=bucket68587, key=QjRjj48, dataSize=4096, replicationType=STAND_ALONE, replicationFactor=ONE, keyLocationInfo=[blockID {
  containerBlockID {
    containerID: 1
    localID: 102669060251582960
  }
  blockCommitSequenceId: 0
}
offset: 0
length: 4194304
createVersion: 0
pipeline {
  leaderID: ""
  members {
    uuid: "37cc18fa-1521-4198-ad54-ab583d053ec6"
    ipAddress: "192.168.5.142"
    hostName: "pr-hdds-1909-t9pvb-1699798515"
    ports {
      name: "REST"
      value: 34234
    }
    ports {
      name: "RATIS"
      value: 39903
    }
    ports {
      name: "STANDALONE"
      value: 37302
    }
    networkName: "37cc18fa-1521-4198-ad54-ab583d053ec6"
    networkLocation: "/default-rack"
  }
  state: PIPELINE_OPEN
  type: STAND_ALONE
  factor: ONE
  id {
    id: "d2e470ad-6a22-4e1c-b904-aade2953b4fe"
  }
}
]} | ret=SUCCESS |  
2019-08-24 00:12:13,628 | INFO  | DNAudit | user=null | ip=null | op=WRITE_CHUNK {blockData=conID: 1 locID: 102669060251582960 bcsId: 0} | ret=SUCCESS |  
2019-08-24 00:12:13,631 | INFO  | DNAudit | user=null | ip=null | op=PUT_BLOCK {blockData=[blockId=conID: 1 locID: 102669060251582960 bcsId: 0,size=5]} | ret=SUCCESS |  
2019-08-24 00:12:13,632 | INFO  | OMAudit | user=jenkins1000 | ip=127.0.0.1 | op=COMMIT_KEY {volume=volume36419, bucket=bucket68587, key=QjRjj48, dataSize=5, replicationType=RATIS, replicationFactor=ONE, keyLocationInfo=[blockID {
  containerBlockID {
    containerID: 1
    localID: 102669060251582960
  }
  blockCommitSequenceId: 0
}
offset: 0
length: 5
createVersion: 0
pipeline {
  leaderID: ""
  members {
    uuid: "37cc18fa-1521-4198-ad54-ab583d053ec6"
    ipAddress: "192.168.5.142"
    hostName: "pr-hdds-1909-t9pvb-1699798515"
    ports {
      name: "REST"
      value: 34234
    }
    ports {
      name: "RATIS"
      value: 39903
    }
    ports {
      name: "STANDALONE"
      value: 37302
    }
    networkName: "37cc18fa-1521-4198-ad54-ab583d053ec6"
    networkLocation: "/default-rack"
  }
  state: PIPELINE_OPEN
  type: STAND_ALONE
  factor: ONE
  id {
    id: "d2e470ad-6a22-4e1c-b904-aade2953b4fe"
  }
}
]} | ret=SUCCESS |  
2019-08-24 00:12:13,634 | INFO  | SCMAudit | user=jenkins1000 | ip=192.168.5.142 | op=ALLOCATE_BLOCK {owner=226cec3e-fe2c-4583-a7c9-a358d83023d3, size=4194304, type=STAND_ALONE, factor=ONE} | ret=SUCCESS |  
2019-08-24 00:12:13,635 | INFO  | OMAudit | user=jenkins1000 | ip=127.0.0.1 | op=ALLOCATE_KEY {volume=volume36419, bucket=bucket68587, key=AUzyI49, dataSize=4096, replicationType=STAND_ALONE, replicationFactor=ONE, keyLocationInfo=[blockID {
  containerBlockID {
    containerID: 2
    localID: 102669060252238322
  }
  blockCommitSequenceId: 0
}
offset: 0
length: 4194304
createVersion: 0
pipeline {
  leaderID: ""
  members {
    uuid: "37cc18fa-1521-4198-ad54-ab583d053ec6"
    ipAddress: "192.168.5.142"
    hostName: "pr-hdds-1909-t9pvb-1699798515"
    ports {
      name: "REST"
      value: 34234
    }
    ports {
      name: "RATIS"
      value: 39903
    }
    ports {
      name: "STANDALONE"
      value: 37302
    }
    networkName: "37cc18fa-1521-4198-ad54-ab583d053ec6"
    networkLocation: "/default-rack"
  }
  state: PIPELINE_OPEN
  type: STAND_ALONE
  factor: ONE
  id {
    id: "d2e470ad-6a22-4e1c-b904-aade2953b4fe"
  }
}
]} | ret=SUCCESS |  
2019-08-24 00:12:13,639 | INFO  | DNAudit | user=null | ip=null | op=WRITE_CHUNK {blockData=conID: 2 locID: 102669060252238322 bcsId: 0} | ret=SUCCESS |  
2019-08-24 00:12:13,641 | INFO  | DNAudit | user=null | ip=null | op=PUT_BLOCK {blockData=[blockId=conID: 2 locID: 102669060252238322 bcsId: 0,size=5]} | ret=SUCCESS |  
2019-08-24 00:12:13,643 | INFO  | OMAudit | user=jenkins1000 | ip=127.0.0.1 | op=COMMIT_KEY {volume=volume36419, bucket=bucket68587, key=AUzyI49, dataSize=5, replicationType=RATIS, replicationFactor=ONE, keyLocationInfo=[blockID {
  containerBlockID {
    containerID: 2
    localID: 102669060252238322
  }
  blockCommitSequenceId: 0
}
offset: 0
length: 5
createVersion: 0
pipeline {
  leaderID: ""
  members {
    uuid: "37cc18fa-1521-4198-ad54-ab583d053ec6"
    ipAddress: "192.168.5.142"
    hostName: "pr-hdds-1909-t9pvb-1699798515"
    ports {
      name: "REST"
      value: 34234
    }
    ports {
      name: "RATIS"
      value: 39903
    }
    ports {
      name: "STANDALONE"
      value: 37302
    }
    networkName: "37cc18fa-1521-4198-ad54-ab583d053ec6"
    networkLocation: "/default-rack"
  }
  state: PIPELINE_OPEN
  type: STAND_ALONE
  factor: ONE
  id {
    id: "d2e470ad-6a22-4e1c-b904-aade2953b4fe"
  }
}
]} | ret=SUCCESS |  
2019-08-24 00:12:13,645 | INFO  | SCMAudit | user=jenkins1000 | ip=192.168.5.142 | op=ALLOCATE_BLOCK {owner=226cec3e-fe2c-4583-a7c9-a358d83023d3, size=4194304, type=STAND_ALONE, factor=ONE} | ret=SUCCESS |  
2019-08-24 00:12:13,646 | INFO  | OMAudit | user=jenkins1000 | ip=127.0.0.1 | op=ALLOCATE_KEY {volume=volume36419, bucket=bucket68587, key=jyzOO50, dataSize=4096, replicationType=STAND_ALONE, replicationFactor=ONE, keyLocationInfo=[blockID {
  containerBlockID {
    containerID: 3
    localID: 102669060252959220
  }
  blockCommitSequenceId: 0
}
offset: 0
length: 4194304
createVersion: 0
pipeline {
  leaderID: ""
  members {
    uuid: "37cc18fa-1521-4198-ad54-ab583d053ec6"
    ipAddress: "192.168.5.142"
    hostName: "pr-hdds-1909-t9pvb-1699798515"
    ports {
      name: "REST"
      value: 34234
    }
    ports {
      name: "RATIS"
      value: 39903
    }
    ports {
      name: "STANDALONE"
      value: 37302
    }
    networkName: "37cc18fa-1521-4198-ad54-ab583d053ec6"
    networkLocation: "/default-rack"
  }
  state: PIPELINE_OPEN
  type: STAND_ALONE
  factor: ONE
  id {
    id: "d2e470ad-6a22-4e1c-b904-aade2953b4fe"
  }
}
]} | ret=SUCCESS |  
2019-08-24 00:12:13,650 | INFO  | DNAudit | user=null | ip=null | op=WRITE_CHUNK {blockData=conID: 3 locID: 102669060252959220 bcsId: 0} | ret=SUCCESS |  
2019-08-24 00:12:13,652 | INFO  | DNAudit | user=null | ip=null | op=PUT_BLOCK {blockData=[blockId=conID: 3 locID: 102669060252959220 bcsId: 0,size=5]} | ret=SUCCESS |  
2019-08-24 00:12:13,654 | INFO  | OMAudit | user=jenkins1000 | ip=127.0.0.1 | op=COMMIT_KEY {volume=volume36419, bucket=bucket68587, key=jyzOO50, dataSize=5, replicationType=RATIS, replicationFactor=ONE, keyLocationInfo=[blockID {
  containerBlockID {
    containerID: 3
    localID: 102669060252959220
  }
  blockCommitSequenceId: 0
}
offset: 0
length: 5
createVersion: 0
pipeline {
  leaderID: ""
  members {
    uuid: "37cc18fa-1521-4198-ad54-ab583d053ec6"
    ipAddress: "192.168.5.142"
    hostName: "pr-hdds-1909-t9pvb-1699798515"
    ports {
      name: "REST"
      value: 34234
    }
    ports {
      name: "RATIS"
      value: 39903
    }
    ports {
      name: "STANDALONE"
      value: 37302
    }
    networkName: "37cc18fa-1521-4198-ad54-ab583d053ec6"
    networkLocation: "/default-rack"
  }
  state: PIPELINE_OPEN
  type: STAND_ALONE
  factor: ONE
  id {
    id: "d2e470ad-6a22-4e1c-b904-aade2953b4fe"
  }
}
]} | ret=SUCCESS |  
2019-08-24 00:12:13,656 | INFO  | SCMAudit | user=jenkins1000 | ip=192.168.5.142 | op=ALLOCATE_BLOCK {owner=226cec3e-fe2c-4583-a7c9-a358d83023d3, size=4194304, type=STAND_ALONE, factor=ONE} | ret=SUCCESS |  
2019-08-24 00:12:13,657 | INFO  | OMAudit | user=jenkins1000 | ip=127.0.0.1 | op=ALLOCATE_KEY {volume=volume36419, bucket=bucket68587, key=UudBn51, dataSize=4096, replicationType=STAND_ALONE, replicationFactor=ONE, keyLocationInfo=[blockID {
  containerBlockID {
    containerID: 1
    localID: 102669060253680118
  }
  blockCommitSequenceId: 0
}
offset: 0
length: 4194304
createVersion: 0
pipeline {
  leaderID: ""
  members {
    uuid: "37cc18fa-1521-4198-ad54-ab583d053ec6"
    ipAddress: "192.168.5.142"
    hostName: "pr-hdds-1909-t9pvb-1699798515"
    ports {
      name: "REST"
      value: 34234
    }
    ports {
      name: "RATIS"
      value: 39903
    }
    ports {
      name: "STANDALONE"
      value: 37302
    }
    networkName: "37cc18fa-1521-4198-ad54-ab583d053ec6"
    networkLocation: "/default-rack"
  }
  state: PIPELINE_OPEN
  type: STAND_ALONE
  factor: ONE
  id {
    id: "d2e470ad-6a22-4e1c-b904-aade2953b4fe"
  }
}
]} | ret=SUCCESS |  
2019-08-24 00:12:13,660 | INFO  | DNAudit | user=null | ip=null | op=WRITE_CHUNK {blockData=conID: 1 locID: 102669060253680118 bcsId: 0} | ret=SUCCESS |  
2019-08-24 00:12:13,663 | INFO  | DNAudit | user=null | ip=null | op=PUT_BLOCK {blockData=[blockId=conID: 1 locID: 102669060253680118 bcsId: 0,size=5]} | ret=SUCCESS |  
2019-08-24 00:12:13,666 | INFO  | OMAudit | user=jenkins1000 | ip=127.0.0.1 | op=COMMIT_KEY {volume=volume36419, bucket=bucket68587, key=UudBn51, dataSize=5, replicationType=RATIS, replicationFactor=ONE, keyLocationInfo=[blockID {
  containerBlockID {
    containerID: 1
    localID: 102669060253680118
  }
  blockCommitSequenceId: 0
}
offset: 0
length: 5
createVersion: 0
pipeline {
  leaderID: ""
  members {
    uuid: "37cc18fa-1521-4198-ad54-ab583d053ec6"
    ipAddress: "192.168.5.142"
    hostName: "pr-hdds-1909-t9pvb-1699798515"
    ports {
      name: "REST"
      value: 34234
    }
    ports {
      name: "RATIS"
      value: 39903
    }
    ports {
      name: "STANDALONE"
      value: 37302
    }
    networkName: "37cc18fa-1521-4198-ad54-ab583d053ec6"
    networkLocation: "/default-rack"
  }
  state: PIPELINE_OPEN
  type: STAND_ALONE
  factor: ONE
  id {
    id: "d2e470ad-6a22-4e1c-b904-aade2953b4fe"
  }
}
]} | ret=SUCCESS |  
2019-08-24 00:12:13,668 | INFO  | SCMAudit | user=jenkins1000 | ip=192.168.5.142 | op=ALLOCATE_BLOCK {owner=226cec3e-fe2c-4583-a7c9-a358d83023d3, size=4194304, type=STAND_ALONE, factor=ONE} | ret=SUCCESS |  
2019-08-24 00:12:13,669 | INFO  | OMAudit | user=jenkins1000 | ip=127.0.0.1 | op=ALLOCATE_KEY {volume=volume36419, bucket=bucket68587, key=DINqN52, dataSize=4096, replicationType=STAND_ALONE, replicationFactor=ONE, keyLocationInfo=[blockID {
  containerBlockID {
    containerID: 2
    localID: 102669060254466552
  }
  blockCommitSequenceId: 0
}
offset: 0
length: 4194304
createVersion: 0
pipeline {
  leaderID: ""
  members {
    uuid: "37cc18fa-1521-4198-ad54-ab583d053ec6"
    ipAddress: "192.168.5.142"
    hostName: "pr-hdds-1909-t9pvb-1699798515"
    ports {
      name: "REST"
      value: 34234
    }
    ports {
      name: "RATIS"
      value: 39903
    }
    ports {
      name: "STANDALONE"
      value: 37302
    }
    networkName: "37cc18fa-1521-4198-ad54-ab583d053ec6"
    networkLocation: "/default-rack"
  }
  state: PIPELINE_OPEN
  type: STAND_ALONE
  factor: ONE
  id {
    id: "d2e470ad-6a22-4e1c-b904-aade2953b4fe"
  }
}
]} | ret=SUCCESS |  
2019-08-24 00:12:13,673 | INFO  | DNAudit | user=null | ip=null | op=WRITE_CHUNK {blockData=conID: 2 locID: 102669060254466552 bcsId: 0} | ret=SUCCESS |  
2019-08-24 00:12:13,676 | INFO  | DNAudit | user=null | ip=null | op=PUT_BLOCK {blockData=[blockId=conID: 2 locID: 102669060254466552 bcsId: 0,size=5]} | ret=SUCCESS |  
2019-08-24 00:12:13,678 | INFO  | OMAudit | user=jenkins1000 | ip=127.0.0.1 | op=COMMIT_KEY {volume=volume36419, bucket=bucket68587, key=DINqN52, dataSize=5, replicationType=RATIS, replicationFactor=ONE, keyLocationInfo=[blockID {
  containerBlockID {
    containerID: 2
    localID: 102669060254466552
  }
  blockCommitSequenceId: 0
}
offset: 0
length: 5
createVersion: 0
pipeline {
  leaderID: ""
  members {
    uuid: "37cc18fa-1521-4198-ad54-ab583d053ec6"
    ipAddress: "192.168.5.142"
    hostName: "pr-hdds-1909-t9pvb-1699798515"
    ports {
      name: "REST"
      value: 34234
    }
    ports {
      name: "RATIS"
      value: 39903
    }
    ports {
      name: "STANDALONE"
      value: 37302
    }
    networkName: "37cc18fa-1521-4198-ad54-ab583d053ec6"
    networkLocation: "/default-rack"
  }
  state: PIPELINE_OPEN
  type: STAND_ALONE
  factor: ONE
  id {
    id: "d2e470ad-6a22-4e1c-b904-aade2953b4fe"
  }
}
]} | ret=SUCCESS |  
2019-08-24 00:12:13,680 | INFO  | SCMAudit | user=jenkins1000 | ip=192.168.5.142 | op=ALLOCATE_BLOCK {owner=226cec3e-fe2c-4583-a7c9-a358d83023d3, size=4194304, type=STAND_ALONE, factor=ONE} | ret=SUCCESS |  
2019-08-24 00:12:13,681 | INFO  | OMAudit | user=jenkins1000 | ip=127.0.0.1 | op=ALLOCATE_KEY {volume=volume36419, bucket=bucket68587, key=fYpUP53, dataSize=4096, replicationType=STAND_ALONE, replicationFactor=ONE, keyLocationInfo=[blockID {
  containerBlockID {
    containerID: 3
    localID: 102669060255252986
  }
  blockCommitSequenceId: 0
}
offset: 0
length: 4194304
createVersion: 0
pipeline {
  leaderID: ""
  members {
    uuid: "37cc18fa-1521-4198-ad54-ab583d053ec6"
    ipAddress: "192.168.5.142"
    hostName: "pr-hdds-1909-t9pvb-1699798515"
    ports {
      name: "REST"
      value: 34234
    }
    ports {
      name: "RATIS"
      value: 39903
    }
    ports {
      name: "STANDALONE"
      value: 37302
    }
    networkName: "37cc18fa-1521-4198-ad54-ab583d053ec6"
    networkLocation: "/default-rack"
  }
  state: PIPELINE_OPEN
  type: STAND_ALONE
  factor: ONE
  id {
    id: "d2e470ad-6a22-4e1c-b904-aade2953b4fe"
  }
}
]} | ret=SUCCESS |  
2019-08-24 00:12:13,686 | INFO  | DNAudit | user=null | ip=null | op=WRITE_CHUNK {blockData=conID: 3 locID: 102669060255252986 bcsId: 0} | ret=SUCCESS |  
2019-08-24 00:12:13,689 | INFO  | DNAudit | user=null | ip=null | op=PUT_BLOCK {blockData=[blockId=conID: 3 locID: 102669060255252986 bcsId: 0,size=5]} | ret=SUCCESS |  
2019-08-24 00:12:13,693 | INFO  | OMAudit | user=jenkins1000 | ip=127.0.0.1 | op=COMMIT_KEY {volume=volume36419, bucket=bucket68587, key=fYpUP53, dataSize=5, replicationType=RATIS, replicationFactor=ONE, keyLocationInfo=[blockID {
  containerBlockID {
    containerID: 3
    localID: 102669060255252986
  }
  blockCommitSequenceId: 0
}
offset: 0
length: 5
createVersion: 0
pipeline {
  leaderID: ""
  members {
    uuid: "37cc18fa-1521-4198-ad54-ab583d053ec6"
    ipAddress: "192.168.5.142"
    hostName: "pr-hdds-1909-t9pvb-1699798515"
    ports {
      name: "REST"
      value: 34234
    }
    ports {
      name: "RATIS"
      value: 39903
    }
    ports {
      name: "STANDALONE"
      value: 37302
    }
    networkName: "37cc18fa-1521-4198-ad54-ab583d053ec6"
    networkLocation: "/default-rack"
  }
  state: PIPELINE_OPEN
  type: STAND_ALONE
  factor: ONE
  id {
    id: "d2e470ad-6a22-4e1c-b904-aade2953b4fe"
  }
}
]} | ret=SUCCESS |  
2019-08-24 00:12:13,695 | INFO  | SCMAudit | user=jenkins1000 | ip=192.168.5.142 | op=ALLOCATE_BLOCK {owner=226cec3e-fe2c-4583-a7c9-a358d83023d3, size=4194304, type=STAND_ALONE, factor=ONE} | ret=SUCCESS |  
2019-08-24 00:12:13,696 | INFO  | OMAudit | user=jenkins1000 | ip=127.0.0.1 | op=ALLOCATE_KEY {volume=volume36419, bucket=bucket68587, key=sooYb54, dataSize=4096, replicationType=STAND_ALONE, replicationFactor=ONE, keyLocationInfo=[blockID {
  containerBlockID {
    containerID: 1
    localID: 102669060256236028
  }
  blockCommitSequenceId: 0
}
offset: 0
length: 4194304
createVersion: 0
pipeline {
  leaderID: ""
  members {
    uuid: "37cc18fa-1521-4198-ad54-ab583d053ec6"
    ipAddress: "192.168.5.142"
    hostName: "pr-hdds-1909-t9pvb-1699798515"
    ports {
      name: "REST"
      value: 34234
    }
    ports {
      name: "RATIS"
      value: 39903
    }
    ports {
      name: "STANDALONE"
      value: 37302
    }
    networkName: "37cc18fa-1521-4198-ad54-ab583d053ec6"
    networkLocation: "/default-rack"
  }
  state: PIPELINE_OPEN
  type: STAND_ALONE
  factor: ONE
  id {
    id: "d2e470ad-6a22-4e1c-b904-aade2953b4fe"
  }
}
]} | ret=SUCCESS |  
2019-08-24 00:12:13,699 | INFO  | DNAudit | user=null | ip=null | op=WRITE_CHUNK {blockData=conID: 1 locID: 102669060256236028 bcsId: 0} | ret=SUCCESS |  
2019-08-24 00:12:13,702 | INFO  | DNAudit | user=null | ip=null | op=PUT_BLOCK {blockData=[blockId=conID: 1 locID: 102669060256236028 bcsId: 0,size=5]} | ret=SUCCESS |  
2019-08-24 00:12:13,705 | INFO  | OMAudit | user=jenkins1000 | ip=127.0.0.1 | op=COMMIT_KEY {volume=volume36419, bucket=bucket68587, key=sooYb54, dataSize=5, replicationType=RATIS, replicationFactor=ONE, keyLocationInfo=[blockID {
  containerBlockID {
    containerID: 1
    localID: 102669060256236028
  }
  blockCommitSequenceId: 0
}
offset: 0
length: 5
createVersion: 0
pipeline {
  leaderID: ""
  members {
    uuid: "37cc18fa-1521-4198-ad54-ab583d053ec6"
    ipAddress: "192.168.5.142"
    hostName: "pr-hdds-1909-t9pvb-1699798515"
    ports {
      name: "REST"
      value: 34234
    }
    ports {
      name: "RATIS"
      value: 39903
    }
    ports {
      name: "STANDALONE"
      value: 37302
    }
    networkName: "37cc18fa-1521-4198-ad54-ab583d053ec6"
    networkLocation: "/default-rack"
  }
  state: PIPELINE_OPEN
  type: STAND_ALONE
  factor: ONE
  id {
    id: "d2e470ad-6a22-4e1c-b904-aade2953b4fe"
  }
}
]} | ret=SUCCESS |  
2019-08-24 00:12:13,707 | INFO  | SCMAudit | user=jenkins1000 | ip=192.168.5.142 | op=ALLOCATE_BLOCK {owner=226cec3e-fe2c-4583-a7c9-a358d83023d3, size=4194304, type=STAND_ALONE, factor=ONE} | ret=SUCCESS |  
2019-08-24 00:12:13,708 | INFO  | OMAudit | user=jenkins1000 | ip=127.0.0.1 | op=ALLOCATE_KEY {volume=volume36419, bucket=bucket68587, key=vGmgx55, dataSize=4096, replicationType=STAND_ALONE, replicationFactor=ONE, keyLocationInfo=[blockID {
  containerBlockID {
    containerID: 2
    localID: 102669060257022462
  }
  blockCommitSequenceId: 0
}
offset: 0
length: 4194304
createVersion: 0
pipeline {
  leaderID: ""
  members {
    uuid: "37cc18fa-1521-4198-ad54-ab583d053ec6"
    ipAddress: "192.168.5.142"
    hostName: "pr-hdds-1909-t9pvb-1699798515"
    ports {
      name: "REST"
      value: 34234
    }
    ports {
      name: "RATIS"
      value: 39903
    }
    ports {
      name: "STANDALONE"
      value: 37302
    }
    networkName: "37cc18fa-1521-4198-ad54-ab583d053ec6"
    networkLocation: "/default-rack"
  }
  state: PIPELINE_OPEN
  type: STAND_ALONE
  factor: ONE
  id {
    id: "d2e470ad-6a22-4e1c-b904-aade2953b4fe"
  }
}
]} | ret=SUCCESS |  
2019-08-24 00:12:13,712 | INFO  | DNAudit | user=null | ip=null | op=WRITE_CHUNK {blockData=conID: 2 locID: 102669060257022462 bcsId: 0} | ret=SUCCESS |  
2019-08-24 00:12:13,716 | INFO  | DNAudit | user=null | ip=null | op=PUT_BLOCK {blockData=[blockId=conID: 2 locID: 102669060257022462 bcsId: 0,size=5]} | ret=SUCCESS |  
2019-08-24 00:12:13,719 | INFO  | OMAudit | user=jenkins1000 | ip=127.0.0.1 | op=COMMIT_KEY {volume=volume36419, bucket=bucket68587, key=vGmgx55, dataSize=5, replicationType=RATIS, replicationFactor=ONE, keyLocationInfo=[blockID {
  containerBlockID {
    containerID: 2
    localID: 102669060257022462
  }
  blockCommitSequenceId: 0
}
offset: 0
length: 5
createVersion: 0
pipeline {
  leaderID: ""
  members {
    uuid: "37cc18fa-1521-4198-ad54-ab583d053ec6"
    ipAddress: "192.168.5.142"
    hostName: "pr-hdds-1909-t9pvb-1699798515"
    ports {
      name: "REST"
      value: 34234
    }
    ports {
      name: "RATIS"
      value: 39903
    }
    ports {
      name: "STANDALONE"
      value: 37302
    }
    networkName: "37cc18fa-1521-4198-ad54-ab583d053ec6"
    networkLocation: "/default-rack"
  }
  state: PIPELINE_OPEN
  type: STAND_ALONE
  factor: ONE
  id {
    id: "d2e470ad-6a22-4e1c-b904-aade2953b4fe"
  }
}
]} | ret=SUCCESS |  
2019-08-24 00:12:13,721 | INFO  | SCMAudit | user=jenkins1000 | ip=192.168.5.142 | op=ALLOCATE_BLOCK {owner=226cec3e-fe2c-4583-a7c9-a358d83023d3, size=4194304, type=STAND_ALONE, factor=ONE} | ret=SUCCESS |  
2019-08-24 00:12:13,723 | INFO  | OMAudit | user=jenkins1000 | ip=127.0.0.1 | op=ALLOCATE_KEY {volume=volume36419, bucket=bucket68587, key=wSsun56, dataSize=4096, replicationType=STAND_ALONE, replicationFactor=ONE, keyLocationInfo=[blockID {
  containerBlockID {
    containerID: 3
    localID: 102669060257939968
  }
  blockCommitSequenceId: 0
}
offset: 0
length: 4194304
createVersion: 0
pipeline {
  leaderID: ""
  members {
    uuid: "37cc18fa-1521-4198-ad54-ab583d053ec6"
    ipAddress: "192.168.5.142"
    hostName: "pr-hdds-1909-t9pvb-1699798515"
    ports {
      name: "REST"
      value: 34234
    }
    ports {
      name: "RATIS"
      value: 39903
    }
    ports {
      name: "STANDALONE"
      value: 37302
    }
    networkName: "37cc18fa-1521-4198-ad54-ab583d053ec6"
    networkLocation: "/default-rack"
  }
  state: PIPELINE_OPEN
  type: STAND_ALONE
  factor: ONE
  id {
    id: "d2e470ad-6a22-4e1c-b904-aade2953b4fe"
  }
}
]} | ret=SUCCESS |  
2019-08-24 00:12:13,726 | INFO  | DNAudit | user=null | ip=null | op=WRITE_CHUNK {blockData=conID: 3 locID: 102669060257939968 bcsId: 0} | ret=SUCCESS |  
2019-08-24 00:12:13,728 | INFO  | DNAudit | user=null | ip=null | op=PUT_BLOCK {blockData=[blockId=conID: 3 locID: 102669060257939968 bcsId: 0,size=5]} | ret=SUCCESS |  
2019-08-24 00:12:13,730 | INFO  | OMAudit | user=jenkins1000 | ip=127.0.0.1 | op=COMMIT_KEY {volume=volume36419, bucket=bucket68587, key=wSsun56, dataSize=5, replicationType=RATIS, replicationFactor=ONE, keyLocationInfo=[blockID {
  containerBlockID {
    containerID: 3
    localID: 102669060257939968
  }
  blockCommitSequenceId: 0
}
offset: 0
length: 5
createVersion: 0
pipeline {
  leaderID: ""
  members {
    uuid: "37cc18fa-1521-4198-ad54-ab583d053ec6"
    ipAddress: "192.168.5.142"
    hostName: "pr-hdds-1909-t9pvb-1699798515"
    ports {
      name: "REST"
      value: 34234
    }
    ports {
      name: "RATIS"
      value: 39903
    }
    ports {
      name: "STANDALONE"
      value: 37302
    }
    networkName: "37cc18fa-1521-4198-ad54-ab583d053ec6"
    networkLocation: "/default-rack"
  }
  state: PIPELINE_OPEN
  type: STAND_ALONE
  factor: ONE
  id {
    id: "d2e470ad-6a22-4e1c-b904-aade2953b4fe"
  }
}
]} | ret=SUCCESS |  
2019-08-24 00:12:13,732 | INFO  | SCMAudit | user=jenkins1000 | ip=192.168.5.142 | op=ALLOCATE_BLOCK {owner=226cec3e-fe2c-4583-a7c9-a358d83023d3, size=4194304, type=STAND_ALONE, factor=ONE} | ret=SUCCESS |  
2019-08-24 00:12:13,733 | INFO  | OMAudit | user=jenkins1000 | ip=127.0.0.1 | op=ALLOCATE_KEY {volume=volume36419, bucket=bucket68587, key=rOnqe57, dataSize=4096, replicationType=STAND_ALONE, replicationFactor=ONE, keyLocationInfo=[blockID {
  containerBlockID {
    containerID: 1
    localID: 102669060258660866
  }
  blockCommitSequenceId: 0
}
offset: 0
length: 4194304
createVersion: 0
pipeline {
  leaderID: ""
  members {
    uuid: "37cc18fa-1521-4198-ad54-ab583d053ec6"
    ipAddress: "192.168.5.142"
    hostName: "pr-hdds-1909-t9pvb-1699798515"
    ports {
      name: "REST"
      value: 34234
    }
    ports {
      name: "RATIS"
      value: 39903
    }
    ports {
      name: "STANDALONE"
      value: 37302
    }
    networkName: "37cc18fa-1521-4198-ad54-ab583d053ec6"
    networkLocation: "/default-rack"
  }
  state: PIPELINE_OPEN
  type: STAND_ALONE
  factor: ONE
  id {
    id: "d2e470ad-6a22-4e1c-b904-aade2953b4fe"
  }
}
]} | ret=SUCCESS |  
2019-08-24 00:12:13,737 | INFO  | DNAudit | user=null | ip=null | op=WRITE_CHUNK {blockData=conID: 1 locID: 102669060258660866 bcsId: 0} | ret=SUCCESS |  
2019-08-24 00:12:13,739 | INFO  | DNAudit | user=null | ip=null | op=PUT_BLOCK {blockData=[blockId=conID: 1 locID: 102669060258660866 bcsId: 0,size=5]} | ret=SUCCESS |  
2019-08-24 00:12:13,742 | INFO  | OMAudit | user=jenkins1000 | ip=127.0.0.1 | op=COMMIT_KEY {volume=volume36419, bucket=bucket68587, key=rOnqe57, dataSize=5, replicationType=RATIS, replicationFactor=ONE, keyLocationInfo=[blockID {
  containerBlockID {
    containerID: 1
    localID: 102669060258660866
  }
  blockCommitSequenceId: 0
}
offset: 0
length: 5
createVersion: 0
pipeline {
  leaderID: ""
  members {
    uuid: "37cc18fa-1521-4198-ad54-ab583d053ec6"
    ipAddress: "192.168.5.142"
    hostName: "pr-hdds-1909-t9pvb-1699798515"
    ports {
      name: "REST"
      value: 34234
    }
    ports {
      name: "RATIS"
      value: 39903
    }
    ports {
      name: "STANDALONE"
      value: 37302
    }
    networkName: "37cc18fa-1521-4198-ad54-ab583d053ec6"
    networkLocation: "/default-rack"
  }
  state: PIPELINE_OPEN
  type: STAND_ALONE
  factor: ONE
  id {
    id: "d2e470ad-6a22-4e1c-b904-aade2953b4fe"
  }
}
]} | ret=SUCCESS |  
2019-08-24 00:12:13,744 | INFO  | SCMAudit | user=jenkins1000 | ip=192.168.5.142 | op=ALLOCATE_BLOCK {owner=226cec3e-fe2c-4583-a7c9-a358d83023d3, size=4194304, type=STAND_ALONE, factor=ONE} | ret=SUCCESS |  
2019-08-24 00:12:13,745 | INFO  | OMAudit | user=jenkins1000 | ip=127.0.0.1 | op=ALLOCATE_KEY {volume=volume36419, bucket=bucket68587, key=mqVvy58, dataSize=4096, replicationType=STAND_ALONE, replicationFactor=ONE, keyLocationInfo=[blockID {
  containerBlockID {
    containerID: 2
    localID: 102669060259447300
  }
  blockCommitSequenceId: 0
}
offset: 0
length: 4194304
createVersion: 0
pipeline {
  leaderID: ""
  members {
    uuid: "37cc18fa-1521-4198-ad54-ab583d053ec6"
    ipAddress: "192.168.5.142"
    hostName: "pr-hdds-1909-t9pvb-1699798515"
    ports {
      name: "REST"
      value: 34234
    }
    ports {
      name: "RATIS"
      value: 39903
    }
    ports {
      name: "STANDALONE"
      value: 37302
    }
    networkName: "37cc18fa-1521-4198-ad54-ab583d053ec6"
    networkLocation: "/default-rack"
  }
  state: PIPELINE_OPEN
  type: STAND_ALONE
  factor: ONE
  id {
    id: "d2e470ad-6a22-4e1c-b904-aade2953b4fe"
  }
}
]} | ret=SUCCESS |  
2019-08-24 00:12:13,749 | INFO  | DNAudit | user=null | ip=null | op=WRITE_CHUNK {blockData=conID: 2 locID: 102669060259447300 bcsId: 0} | ret=SUCCESS |  
2019-08-24 00:12:13,751 | INFO  | DNAudit | user=null | ip=null | op=PUT_BLOCK {blockData=[blockId=conID: 2 locID: 102669060259447300 bcsId: 0,size=5]} | ret=SUCCESS |  
2019-08-24 00:12:13,753 | INFO  | OMAudit | user=jenkins1000 | ip=127.0.0.1 | op=COMMIT_KEY {volume=volume36419, bucket=bucket68587, key=mqVvy58, dataSize=5, replicationType=RATIS, replicationFactor=ONE, keyLocationInfo=[blockID {
  containerBlockID {
    containerID: 2
    localID: 102669060259447300
  }
  blockCommitSequenceId: 0
}
offset: 0
length: 5
createVersion: 0
pipeline {
  leaderID: ""
  members {
    uuid: "37cc18fa-1521-4198-ad54-ab583d053ec6"
    ipAddress: "192.168.5.142"
    hostName: "pr-hdds-1909-t9pvb-1699798515"
    ports {
      name: "REST"
      value: 34234
    }
    ports {
      name: "RATIS"
      value: 39903
    }
    ports {
      name: "STANDALONE"
      value: 37302
    }
    networkName: "37cc18fa-1521-4198-ad54-ab583d053ec6"
    networkLocation: "/default-rack"
  }
  state: PIPELINE_OPEN
  type: STAND_ALONE
  factor: ONE
  id {
    id: "d2e470ad-6a22-4e1c-b904-aade2953b4fe"
  }
}
]} | ret=SUCCESS |  
2019-08-24 00:12:13,755 | INFO  | SCMAudit | user=jenkins1000 | ip=192.168.5.142 | op=ALLOCATE_BLOCK {owner=226cec3e-fe2c-4583-a7c9-a358d83023d3, size=4194304, type=STAND_ALONE, factor=ONE} | ret=SUCCESS |  
2019-08-24 00:12:13,755 | INFO  | OMAudit | user=jenkins1000 | ip=127.0.0.1 | op=ALLOCATE_KEY {volume=volume36419, bucket=bucket68587, key=SdRnn59, dataSize=4096, replicationType=STAND_ALONE, replicationFactor=ONE, keyLocationInfo=[blockID {
  containerBlockID {
    containerID: 3
    localID: 102669060260102662
  }
  blockCommitSequenceId: 0
}
offset: 0
length: 4194304
createVersion: 0
pipeline {
  leaderID: ""
  members {
    uuid: "37cc18fa-1521-4198-ad54-ab583d053ec6"
    ipAddress: "192.168.5.142"
    hostName: "pr-hdds-1909-t9pvb-1699798515"
    ports {
      name: "REST"
      value: 34234
    }
    ports {
      name: "RATIS"
      value: 39903
    }
    ports {
      name: "STANDALONE"
      value: 37302
    }
    networkName: "37cc18fa-1521-4198-ad54-ab583d053ec6"
    networkLocation: "/default-rack"
  }
  state: PIPELINE_OPEN
  type: STAND_ALONE
  factor: ONE
  id {
    id: "d2e470ad-6a22-4e1c-b904-aade2953b4fe"
  }
}
]} | ret=SUCCESS |  
2019-08-24 00:12:13,761 | INFO  | DNAudit | user=null | ip=null | op=WRITE_CHUNK {blockData=conID: 3 locID: 102669060260102662 bcsId: 0} | ret=SUCCESS |  
2019-08-24 00:12:13,766 | INFO  | DNAudit | user=null | ip=null | op=PUT_BLOCK {blockData=[blockId=conID: 3 locID: 102669060260102662 bcsId: 0,size=5]} | ret=SUCCESS |  
2019-08-24 00:12:13,770 | INFO  | OMAudit | user=jenkins1000 | ip=127.0.0.1 | op=COMMIT_KEY {volume=volume36419, bucket=bucket68587, key=SdRnn59, dataSize=5, replicationType=RATIS, replicationFactor=ONE, keyLocationInfo=[blockID {
  containerBlockID {
    containerID: 3
    localID: 102669060260102662
  }
  blockCommitSequenceId: 0
}
offset: 0
length: 5
createVersion: 0
pipeline {
  leaderID: ""
  members {
    uuid: "37cc18fa-1521-4198-ad54-ab583d053ec6"
    ipAddress: "192.168.5.142"
    hostName: "pr-hdds-1909-t9pvb-1699798515"
    ports {
      name: "REST"
      value: 34234
    }
    ports {
      name: "RATIS"
      value: 39903
    }
    ports {
      name: "STANDALONE"
      value: 37302
    }
    networkName: "37cc18fa-1521-4198-ad54-ab583d053ec6"
    networkLocation: "/default-rack"
  }
  state: PIPELINE_OPEN
  type: STAND_ALONE
  factor: ONE
  id {
    id: "d2e470ad-6a22-4e1c-b904-aade2953b4fe"
  }
}
]} | ret=SUCCESS |  
2019-08-24 00:12:13,772 | INFO  | SCMAudit | user=jenkins1000 | ip=192.168.5.142 | op=ALLOCATE_BLOCK {owner=226cec3e-fe2c-4583-a7c9-a358d83023d3, size=4194304, type=STAND_ALONE, factor=ONE} | ret=SUCCESS |  
2019-08-24 00:12:13,773 | INFO  | OMAudit | user=jenkins1000 | ip=127.0.0.1 | op=ALLOCATE_KEY {volume=volume36419, bucket=bucket68587, key=jXunT60, dataSize=4096, replicationType=STAND_ALONE, replicationFactor=ONE, keyLocationInfo=[blockID {
  containerBlockID {
    containerID: 1
    localID: 102669060261282312
  }
  blockCommitSequenceId: 0
}
offset: 0
length: 4194304
createVersion: 0
pipeline {
  leaderID: ""
  members {
    uuid: "37cc18fa-1521-4198-ad54-ab583d053ec6"
    ipAddress: "192.168.5.142"
    hostName: "pr-hdds-1909-t9pvb-1699798515"
    ports {
      name: "REST"
      value: 34234
    }
    ports {
      name: "RATIS"
      value: 39903
    }
    ports {
      name: "STANDALONE"
      value: 37302
    }
    networkName: "37cc18fa-1521-4198-ad54-ab583d053ec6"
    networkLocation: "/default-rack"
  }
  state: PIPELINE_OPEN
  type: STAND_ALONE
  factor: ONE
  id {
    id: "d2e470ad-6a22-4e1c-b904-aade2953b4fe"
  }
}
]} | ret=SUCCESS |  
2019-08-24 00:12:13,777 | INFO  | DNAudit | user=null | ip=null | op=WRITE_CHUNK {blockData=conID: 1 locID: 102669060261282312 bcsId: 0} | ret=SUCCESS |  
2019-08-24 00:12:13,779 | INFO  | DNAudit | user=null | ip=null | op=PUT_BLOCK {blockData=[blockId=conID: 1 locID: 102669060261282312 bcsId: 0,size=5]} | ret=SUCCESS |  
2019-08-24 00:12:13,781 | INFO  | OMAudit | user=jenkins1000 | ip=127.0.0.1 | op=COMMIT_KEY {volume=volume36419, bucket=bucket68587, key=jXunT60, dataSize=5, replicationType=RATIS, replicationFactor=ONE, keyLocationInfo=[blockID {
  containerBlockID {
    containerID: 1
    localID: 102669060261282312
  }
  blockCommitSequenceId: 0
}
offset: 0
length: 5
createVersion: 0
pipeline {
  leaderID: ""
  members {
    uuid: "37cc18fa-1521-4198-ad54-ab583d053ec6"
    ipAddress: "192.168.5.142"
    hostName: "pr-hdds-1909-t9pvb-1699798515"
    ports {
      name: "REST"
      value: 34234
    }
    ports {
      name: "RATIS"
      value: 39903
    }
    ports {
      name: "STANDALONE"
      value: 37302
    }
    networkName: "37cc18fa-1521-4198-ad54-ab583d053ec6"
    networkLocation: "/default-rack"
  }
  state: PIPELINE_OPEN
  type: STAND_ALONE
  factor: ONE
  id {
    id: "d2e470ad-6a22-4e1c-b904-aade2953b4fe"
  }
}
]} | ret=SUCCESS |  
2019-08-24 00:12:13,783 | INFO  | SCMAudit | user=jenkins1000 | ip=192.168.5.142 | op=ALLOCATE_BLOCK {owner=226cec3e-fe2c-4583-a7c9-a358d83023d3, size=4194304, type=STAND_ALONE, factor=ONE} | ret=SUCCESS |  
2019-08-24 00:12:13,784 | INFO  | OMAudit | user=jenkins1000 | ip=127.0.0.1 | op=ALLOCATE_KEY {volume=volume36419, bucket=bucket68587, key=uQSQI61, dataSize=4096, replicationType=STAND_ALONE, replicationFactor=ONE, keyLocationInfo=[blockID {
  containerBlockID {
    containerID: 2
    localID: 102669060262003210
  }
  blockCommitSequenceId: 0
}
offset: 0
length: 4194304
createVersion: 0
pipeline {
  leaderID: ""
  members {
    uuid: "37cc18fa-1521-4198-ad54-ab583d053ec6"
    ipAddress: "192.168.5.142"
    hostName: "pr-hdds-1909-t9pvb-1699798515"
    ports {
      name: "REST"
      value: 34234
    }
    ports {
      name: "RATIS"
      value: 39903
    }
    ports {
      name: "STANDALONE"
      value: 37302
    }
    networkName: "37cc18fa-1521-4198-ad54-ab583d053ec6"
    networkLocation: "/default-rack"
  }
  state: PIPELINE_OPEN
  type: STAND_ALONE
  factor: ONE
  id {
    id: "d2e470ad-6a22-4e1c-b904-aade2953b4fe"
  }
}
]} | ret=SUCCESS |  
2019-08-24 00:12:13,788 | INFO  | DNAudit | user=null | ip=null | op=WRITE_CHUNK {blockData=conID: 2 locID: 102669060262003210 bcsId: 0} | ret=SUCCESS |  
2019-08-24 00:12:13,790 | INFO  | DNAudit | user=null | ip=null | op=PUT_BLOCK {blockData=[blockId=conID: 2 locID: 102669060262003210 bcsId: 0,size=5]} | ret=SUCCESS |  
2019-08-24 00:12:13,792 | INFO  | OMAudit | user=jenkins1000 | ip=127.0.0.1 | op=COMMIT_KEY {volume=volume36419, bucket=bucket68587, key=uQSQI61, dataSize=5, replicationType=RATIS, replicationFactor=ONE, keyLocationInfo=[blockID {
  containerBlockID {
    containerID: 2
    localID: 102669060262003210
  }
  blockCommitSequenceId: 0
}
offset: 0
length: 5
createVersion: 0
pipeline {
  leaderID: ""
  members {
    uuid: "37cc18fa-1521-4198-ad54-ab583d053ec6"
    ipAddress: "192.168.5.142"
    hostName: "pr-hdds-1909-t9pvb-1699798515"
    ports {
      name: "REST"
      value: 34234
    }
    ports {
      name: "RATIS"
      value: 39903
    }
    ports {
      name: "STANDALONE"
      value: 37302
    }
    networkName: "37cc18fa-1521-4198-ad54-ab583d053ec6"
    networkLocation: "/default-rack"
  }
  state: PIPELINE_OPEN
  type: STAND_ALONE
  factor: ONE
  id {
    id: "d2e470ad-6a22-4e1c-b904-aade2953b4fe"
  }
}
]} | ret=SUCCESS |  
2019-08-24 00:12:13,794 | INFO  | SCMAudit | user=jenkins1000 | ip=192.168.5.142 | op=ALLOCATE_BLOCK {owner=226cec3e-fe2c-4583-a7c9-a358d83023d3, size=4194304, type=STAND_ALONE, factor=ONE} | ret=SUCCESS |  
2019-08-24 00:12:13,796 | INFO  | OMAudit | user=jenkins1000 | ip=127.0.0.1 | op=ALLOCATE_KEY {volume=volume36419, bucket=bucket68587, key=Xygjy62, dataSize=4096, replicationType=STAND_ALONE, replicationFactor=ONE, keyLocationInfo=[blockID {
  containerBlockID {
    containerID: 3
    localID: 102669060262724108
  }
  blockCommitSequenceId: 0
}
offset: 0
length: 4194304
createVersion: 0
pipeline {
  leaderID: ""
  members {
    uuid: "37cc18fa-1521-4198-ad54-ab583d053ec6"
    ipAddress: "192.168.5.142"
    hostName: "pr-hdds-1909-t9pvb-1699798515"
    ports {
      name: "REST"
      value: 34234
    }
    ports {
      name: "RATIS"
      value: 39903
    }
    ports {
      name: "STANDALONE"
      value: 37302
    }
    networkName: "37cc18fa-1521-4198-ad54-ab583d053ec6"
    networkLocation: "/default-rack"
  }
  state: PIPELINE_OPEN
  type: STAND_ALONE
  factor: ONE
  id {
    id: "d2e470ad-6a22-4e1c-b904-aade2953b4fe"
  }
}
]} | ret=SUCCESS |  
2019-08-24 00:12:13,799 | INFO  | DNAudit | user=null | ip=null | op=WRITE_CHUNK {blockData=conID: 3 locID: 102669060262724108 bcsId: 0} | ret=SUCCESS |  
2019-08-24 00:12:13,802 | INFO  | DNAudit | user=null | ip=null | op=PUT_BLOCK {blockData=[blockId=conID: 3 locID: 102669060262724108 bcsId: 0,size=5]} | ret=SUCCESS |  
2019-08-24 00:12:13,807 | INFO  | OMAudit | user=jenkins1000 | ip=127.0.0.1 | op=COMMIT_KEY {volume=volume36419, bucket=bucket68587, key=Xygjy62, dataSize=5, replicationType=RATIS, replicationFactor=ONE, keyLocationInfo=[blockID {
  containerBlockID {
    containerID: 3
    localID: 102669060262724108
  }
  blockCommitSequenceId: 0
}
offset: 0
length: 5
createVersion: 0
pipeline {
  leaderID: ""
  members {
    uuid: "37cc18fa-1521-4198-ad54-ab583d053ec6"
    ipAddress: "192.168.5.142"
    hostName: "pr-hdds-1909-t9pvb-1699798515"
    ports {
      name: "REST"
      value: 34234
    }
    ports {
      name: "RATIS"
      value: 39903
    }
    ports {
      name: "STANDALONE"
      value: 37302
    }
    networkName: "37cc18fa-1521-4198-ad54-ab583d053ec6"
    networkLocation: "/default-rack"
  }
  state: PIPELINE_OPEN
  type: STAND_ALONE
  factor: ONE
  id {
    id: "d2e470ad-6a22-4e1c-b904-aade2953b4fe"
  }
}
]} | ret=SUCCESS |  
2019-08-24 00:12:13,809 | INFO  | SCMAudit | user=jenkins1000 | ip=192.168.5.142 | op=ALLOCATE_BLOCK {owner=226cec3e-fe2c-4583-a7c9-a358d83023d3, size=4194304, type=STAND_ALONE, factor=ONE} | ret=SUCCESS |  
2019-08-24 00:12:13,810 | INFO  | OMAudit | user=jenkins1000 | ip=127.0.0.1 | op=ALLOCATE_KEY {volume=volume36419, bucket=bucket68587, key=fFizI63, dataSize=4096, replicationType=STAND_ALONE, replicationFactor=ONE, keyLocationInfo=[blockID {
  containerBlockID {
    containerID: 1
    localID: 102669060263707150
  }
  blockCommitSequenceId: 0
}
offset: 0
length: 4194304
createVersion: 0
pipeline {
  leaderID: ""
  members {
    uuid: "37cc18fa-1521-4198-ad54-ab583d053ec6"
    ipAddress: "192.168.5.142"
    hostName: "pr-hdds-1909-t9pvb-1699798515"
    ports {
      name: "REST"
      value: 34234
    }
    ports {
      name: "RATIS"
      value: 39903
    }
    ports {
      name: "STANDALONE"
      value: 37302
    }
    networkName: "37cc18fa-1521-4198-ad54-ab583d053ec6"
    networkLocation: "/default-rack"
  }
  state: PIPELINE_OPEN
  type: STAND_ALONE
  factor: ONE
  id {
    id: "d2e470ad-6a22-4e1c-b904-aade2953b4fe"
  }
}
]} | ret=SUCCESS |  
2019-08-24 00:12:13,813 | INFO  | DNAudit | user=null | ip=null | op=WRITE_CHUNK {blockData=conID: 1 locID: 102669060263707150 bcsId: 0} | ret=SUCCESS |  
2019-08-24 00:12:13,818 | INFO  | DNAudit | user=null | ip=null | op=PUT_BLOCK {blockData=[blockId=conID: 1 locID: 102669060263707150 bcsId: 0,size=5]} | ret=SUCCESS |  
2019-08-24 00:12:13,821 | INFO  | OMAudit | user=jenkins1000 | ip=127.0.0.1 | op=COMMIT_KEY {volume=volume36419, bucket=bucket68587, key=fFizI63, dataSize=5, replicationType=RATIS, replicationFactor=ONE, keyLocationInfo=[blockID {
  containerBlockID {
    containerID: 1
    localID: 102669060263707150
  }
  blockCommitSequenceId: 0
}
offset: 0
length: 5
createVersion: 0
pipeline {
  leaderID: ""
  members {
    uuid: "37cc18fa-1521-4198-ad54-ab583d053ec6"
    ipAddress: "192.168.5.142"
    hostName: "pr-hdds-1909-t9pvb-1699798515"
    ports {
      name: "REST"
      value: 34234
    }
    ports {
      name: "RATIS"
      value: 39903
    }
    ports {
      name: "STANDALONE"
      value: 37302
    }
    networkName: "37cc18fa-1521-4198-ad54-ab583d053ec6"
    networkLocation: "/default-rack"
  }
  state: PIPELINE_OPEN
  type: STAND_ALONE
  factor: ONE
  id {
    id: "d2e470ad-6a22-4e1c-b904-aade2953b4fe"
  }
}
]} | ret=SUCCESS |  
2019-08-24 00:12:13,823 | INFO  | SCMAudit | user=jenkins1000 | ip=192.168.5.142 | op=ALLOCATE_BLOCK {owner=226cec3e-fe2c-4583-a7c9-a358d83023d3, size=4194304, type=STAND_ALONE, factor=ONE} | ret=SUCCESS |  
2019-08-24 00:12:13,824 | INFO  | OMAudit | user=jenkins1000 | ip=127.0.0.1 | op=ALLOCATE_KEY {volume=volume36419, bucket=bucket68587, key=dziMh64, dataSize=4096, replicationType=STAND_ALONE, replicationFactor=ONE, keyLocationInfo=[blockID {
  containerBlockID {
    containerID: 2
    localID: 102669060264624656
  }
  blockCommitSequenceId: 0
}
offset: 0
length: 4194304
createVersion: 0
pipeline {
  leaderID: ""
  members {
    uuid: "37cc18fa-1521-4198-ad54-ab583d053ec6"
    ipAddress: "192.168.5.142"
    hostName: "pr-hdds-1909-t9pvb-1699798515"
    ports {
      name: "REST"
      value: 34234
    }
    ports {
      name: "RATIS"
      value: 39903
    }
    ports {
      name: "STANDALONE"
      value: 37302
    }
    networkName: "37cc18fa-1521-4198-ad54-ab583d053ec6"
    networkLocation: "/default-rack"
  }
  state: PIPELINE_OPEN
  type: STAND_ALONE
  factor: ONE
  id {
    id: "d2e470ad-6a22-4e1c-b904-aade2953b4fe"
  }
}
]} | ret=SUCCESS |  
2019-08-24 00:12:13,827 | INFO  | DNAudit | user=null | ip=null | op=WRITE_CHUNK {blockData=conID: 2 locID: 102669060264624656 bcsId: 0} | ret=SUCCESS |  
2019-08-24 00:12:13,830 | INFO  | DNAudit | user=null | ip=null | op=PUT_BLOCK {blockData=[blockId=conID: 2 locID: 102669060264624656 bcsId: 0,size=5]} | ret=SUCCESS |  
2019-08-24 00:12:13,834 | INFO  | OMAudit | user=jenkins1000 | ip=127.0.0.1 | op=COMMIT_KEY {volume=volume36419, bucket=bucket68587, key=dziMh64, dataSize=5, replicationType=RATIS, replicationFactor=ONE, keyLocationInfo=[blockID {
  containerBlockID {
    containerID: 2
    localID: 102669060264624656
  }
  blockCommitSequenceId: 0
}
offset: 0
length: 5
createVersion: 0
pipeline {
  leaderID: ""
  members {
    uuid: "37cc18fa-1521-4198-ad54-ab583d053ec6"
    ipAddress: "192.168.5.142"
    hostName: "pr-hdds-1909-t9pvb-1699798515"
    ports {
      name: "REST"
      value: 34234
    }
    ports {
      name: "RATIS"
      value: 39903
    }
    ports {
      name: "STANDALONE"
      value: 37302
    }
    networkName: "37cc18fa-1521-4198-ad54-ab583d053ec6"
    networkLocation: "/default-rack"
  }
  state: PIPELINE_OPEN
  type: STAND_ALONE
  factor: ONE
  id {
    id: "d2e470ad-6a22-4e1c-b904-aade2953b4fe"
  }
}
]} | ret=SUCCESS |  
2019-08-24 00:12:13,836 | INFO  | SCMAudit | user=jenkins1000 | ip=192.168.5.142 | op=ALLOCATE_BLOCK {owner=226cec3e-fe2c-4583-a7c9-a358d83023d3, size=4194304, type=STAND_ALONE, factor=ONE} | ret=SUCCESS |  
2019-08-24 00:12:13,837 | INFO  | OMAudit | user=jenkins1000 | ip=127.0.0.1 | op=ALLOCATE_KEY {volume=volume36419, bucket=bucket68587, key=cDHzl65, dataSize=4096, replicationType=STAND_ALONE, replicationFactor=ONE, keyLocationInfo=[blockID {
  containerBlockID {
    containerID: 3
    localID: 102669060265476626
  }
  blockCommitSequenceId: 0
}
offset: 0
length: 4194304
createVersion: 0
pipeline {
  leaderID: ""
  members {
    uuid: "37cc18fa-1521-4198-ad54-ab583d053ec6"
    ipAddress: "192.168.5.142"
    hostName: "pr-hdds-1909-t9pvb-1699798515"
    ports {
      name: "REST"
      value: 34234
    }
    ports {
      name: "RATIS"
      value: 39903
    }
    ports {
      name: "STANDALONE"
      value: 37302
    }
    networkName: "37cc18fa-1521-4198-ad54-ab583d053ec6"
    networkLocation: "/default-rack"
  }
  state: PIPELINE_OPEN
  type: STAND_ALONE
  factor: ONE
  id {
    id: "d2e470ad-6a22-4e1c-b904-aade2953b4fe"
  }
}
]} | ret=SUCCESS |  
2019-08-24 00:12:13,840 | INFO  | DNAudit | user=null | ip=null | op=WRITE_CHUNK {blockData=conID: 3 locID: 102669060265476626 bcsId: 0} | ret=SUCCESS |  
2019-08-24 00:12:13,842 | INFO  | DNAudit | user=null | ip=null | op=PUT_BLOCK {blockData=[blockId=conID: 3 locID: 102669060265476626 bcsId: 0,size=5]} | ret=SUCCESS |  
2019-08-24 00:12:13,846 | INFO  | OMAudit | user=jenkins1000 | ip=127.0.0.1 | op=COMMIT_KEY {volume=volume36419, bucket=bucket68587, key=cDHzl65, dataSize=5, replicationType=RATIS, replicationFactor=ONE, keyLocationInfo=[blockID {
  containerBlockID {
    containerID: 3
    localID: 102669060265476626
  }
  blockCommitSequenceId: 0
}
offset: 0
length: 5
createVersion: 0
pipeline {
  leaderID: ""
  members {
    uuid: "37cc18fa-1521-4198-ad54-ab583d053ec6"
    ipAddress: "192.168.5.142"
    hostName: "pr-hdds-1909-t9pvb-1699798515"
    ports {
      name: "REST"
      value: 34234
    }
    ports {
      name: "RATIS"
      value: 39903
    }
    ports {
      name: "STANDALONE"
      value: 37302
    }
    networkName: "37cc18fa-1521-4198-ad54-ab583d053ec6"
    networkLocation: "/default-rack"
  }
  state: PIPELINE_OPEN
  type: STAND_ALONE
  factor: ONE
  id {
    id: "d2e470ad-6a22-4e1c-b904-aade2953b4fe"
  }
}
]} | ret=SUCCESS |  
2019-08-24 00:12:13,848 | INFO  | SCMAudit | user=jenkins1000 | ip=192.168.5.142 | op=ALLOCATE_BLOCK {owner=226cec3e-fe2c-4583-a7c9-a358d83023d3, size=4194304, type=STAND_ALONE, factor=ONE} | ret=SUCCESS |  
2019-08-24 00:12:13,849 | INFO  | OMAudit | user=jenkins1000 | ip=127.0.0.1 | op=ALLOCATE_KEY {volume=volume36419, bucket=bucket68587, key=ULGGT66, dataSize=4096, replicationType=STAND_ALONE, replicationFactor=ONE, keyLocationInfo=[blockID {
  containerBlockID {
    containerID: 1
    localID: 102669060266263060
  }
  blockCommitSequenceId: 0
}
offset: 0
length: 4194304
createVersion: 0
pipeline {
  leaderID: ""
  members {
    uuid: "37cc18fa-1521-4198-ad54-ab583d053ec6"
    ipAddress: "192.168.5.142"
    hostName: "pr-hdds-1909-t9pvb-1699798515"
    ports {
      name: "REST"
      value: 34234
    }
    ports {
      name: "RATIS"
      value: 39903
    }
    ports {
      name: "STANDALONE"
      value: 37302
    }
    networkName: "37cc18fa-1521-4198-ad54-ab583d053ec6"
    networkLocation: "/default-rack"
  }
  state: PIPELINE_OPEN
  type: STAND_ALONE
  factor: ONE
  id {
    id: "d2e470ad-6a22-4e1c-b904-aade2953b4fe"
  }
}
]} | ret=SUCCESS |  
2019-08-24 00:12:13,852 | INFO  | DNAudit | user=null | ip=null | op=WRITE_CHUNK {blockData=conID: 1 locID: 102669060266263060 bcsId: 0} | ret=SUCCESS |  
2019-08-24 00:12:13,855 | INFO  | DNAudit | user=null | ip=null | op=PUT_BLOCK {blockData=[blockId=conID: 1 locID: 102669060266263060 bcsId: 0,size=5]} | ret=SUCCESS |  
2019-08-24 00:12:13,857 | INFO  | OMAudit | user=jenkins1000 | ip=127.0.0.1 | op=COMMIT_KEY {volume=volume36419, bucket=bucket68587, key=ULGGT66, dataSize=5, replicationType=RATIS, replicationFactor=ONE, keyLocationInfo=[blockID {
  containerBlockID {
    containerID: 1
    localID: 102669060266263060
  }
  blockCommitSequenceId: 0
}
offset: 0
length: 5
createVersion: 0
pipeline {
  leaderID: ""
  members {
    uuid: "37cc18fa-1521-4198-ad54-ab583d053ec6"
    ipAddress: "192.168.5.142"
    hostName: "pr-hdds-1909-t9pvb-1699798515"
    ports {
      name: "REST"
      value: 34234
    }
    ports {
      name: "RATIS"
      value: 39903
    }
    ports {
      name: "STANDALONE"
      value: 37302
    }
    networkName: "37cc18fa-1521-4198-ad54-ab583d053ec6"
    networkLocation: "/default-rack"
  }
  state: PIPELINE_OPEN
  type: STAND_ALONE
  factor: ONE
  id {
    id: "d2e470ad-6a22-4e1c-b904-aade2953b4fe"
  }
}
]} | ret=SUCCESS |  
2019-08-24 00:12:13,859 | INFO  | SCMAudit | user=jenkins1000 | ip=192.168.5.142 | op=ALLOCATE_BLOCK {owner=226cec3e-fe2c-4583-a7c9-a358d83023d3, size=4194304, type=STAND_ALONE, factor=ONE} | ret=SUCCESS |  
2019-08-24 00:12:13,860 | INFO  | OMAudit | user=jenkins1000 | ip=127.0.0.1 | op=ALLOCATE_KEY {volume=volume36419, bucket=bucket68587, key=UhlWl67, dataSize=4096, replicationType=STAND_ALONE, replicationFactor=ONE, keyLocationInfo=[blockID {
  containerBlockID {
    containerID: 2
    localID: 102669060266983958
  }
  blockCommitSequenceId: 0
}
offset: 0
length: 4194304
createVersion: 0
pipeline {
  leaderID: ""
  members {
    uuid: "37cc18fa-1521-4198-ad54-ab583d053ec6"
    ipAddress: "192.168.5.142"
    hostName: "pr-hdds-1909-t9pvb-1699798515"
    ports {
      name: "REST"
      value: 34234
    }
    ports {
      name: "RATIS"
      value: 39903
    }
    ports {
      name: "STANDALONE"
      value: 37302
    }
    networkName: "37cc18fa-1521-4198-ad54-ab583d053ec6"
    networkLocation: "/default-rack"
  }
  state: PIPELINE_OPEN
  type: STAND_ALONE
  factor: ONE
  id {
    id: "d2e470ad-6a22-4e1c-b904-aade2953b4fe"
  }
}
]} | ret=SUCCESS |  
2019-08-24 00:12:13,863 | INFO  | DNAudit | user=null | ip=null | op=WRITE_CHUNK {blockData=conID: 2 locID: 102669060266983958 bcsId: 0} | ret=SUCCESS |  
2019-08-24 00:12:13,866 | INFO  | DNAudit | user=null | ip=null | op=PUT_BLOCK {blockData=[blockId=conID: 2 locID: 102669060266983958 bcsId: 0,size=5]} | ret=SUCCESS |  
2019-08-24 00:12:13,869 | INFO  | OMAudit | user=jenkins1000 | ip=127.0.0.1 | op=COMMIT_KEY {volume=volume36419, bucket=bucket68587, key=UhlWl67, dataSize=5, replicationType=RATIS, replicationFactor=ONE, keyLocationInfo=[blockID {
  containerBlockID {
    containerID: 2
    localID: 102669060266983958
  }
  blockCommitSequenceId: 0
}
offset: 0
length: 5
createVersion: 0
pipeline {
  leaderID: ""
  members {
    uuid: "37cc18fa-1521-4198-ad54-ab583d053ec6"
    ipAddress: "192.168.5.142"
    hostName: "pr-hdds-1909-t9pvb-1699798515"
    ports {
      name: "REST"
      value: 34234
    }
    ports {
      name: "RATIS"
      value: 39903
    }
    ports {
      name: "STANDALONE"
      value: 37302
    }
    networkName: "37cc18fa-1521-4198-ad54-ab583d053ec6"
    networkLocation: "/default-rack"
  }
  state: PIPELINE_OPEN
  type: STAND_ALONE
  factor: ONE
  id {
    id: "d2e470ad-6a22-4e1c-b904-aade2953b4fe"
  }
}
]} | ret=SUCCESS |  
2019-08-24 00:12:13,871 | INFO  | SCMAudit | user=jenkins1000 | ip=192.168.5.142 | op=ALLOCATE_BLOCK {owner=226cec3e-fe2c-4583-a7c9-a358d83023d3, size=4194304, type=STAND_ALONE, factor=ONE} | ret=SUCCESS |  
2019-08-24 00:12:13,872 | INFO  | OMAudit | user=jenkins1000 | ip=127.0.0.1 | op=ALLOCATE_KEY {volume=volume36419, bucket=bucket68587, key=wSlSo68, dataSize=4096, replicationType=STAND_ALONE, replicationFactor=ONE, keyLocationInfo=[blockID {
  containerBlockID {
    containerID: 3
    localID: 102669060267770392
  }
  blockCommitSequenceId: 0
}
offset: 0
length: 4194304
createVersion: 0
pipeline {
  leaderID: ""
  members {
    uuid: "37cc18fa-1521-4198-ad54-ab583d053ec6"
    ipAddress: "192.168.5.142"
    hostName: "pr-hdds-1909-t9pvb-1699798515"
    ports {
      name: "REST"
      value: 34234
    }
    ports {
      name: "RATIS"
      value: 39903
    }
    ports {
      name: "STANDALONE"
      value: 37302
    }
    networkName: "37cc18fa-1521-4198-ad54-ab583d053ec6"
    networkLocation: "/default-rack"
  }
  state: PIPELINE_OPEN
  type: STAND_ALONE
  factor: ONE
  id {
    id: "d2e470ad-6a22-4e1c-b904-aade2953b4fe"
  }
}
]} | ret=SUCCESS |  
2019-08-24 00:12:13,876 | INFO  | DNAudit | user=null | ip=null | op=WRITE_CHUNK {blockData=conID: 3 locID: 102669060267770392 bcsId: 0} | ret=SUCCESS |  
2019-08-24 00:12:13,878 | INFO  | DNAudit | user=null | ip=null | op=PUT_BLOCK {blockData=[blockId=conID: 3 locID: 102669060267770392 bcsId: 0,size=5]} | ret=SUCCESS |  
2019-08-24 00:12:13,880 | INFO  | OMAudit | user=jenkins1000 | ip=127.0.0.1 | op=COMMIT_KEY {volume=volume36419, bucket=bucket68587, key=wSlSo68, dataSize=5, replicationType=RATIS, replicationFactor=ONE, keyLocationInfo=[blockID {
  containerBlockID {
    containerID: 3
    localID: 102669060267770392
  }
  blockCommitSequenceId: 0
}
offset: 0
length: 5
createVersion: 0
pipeline {
  leaderID: ""
  members {
    uuid: "37cc18fa-1521-4198-ad54-ab583d053ec6"
    ipAddress: "192.168.5.142"
    hostName: "pr-hdds-1909-t9pvb-1699798515"
    ports {
      name: "REST"
      value: 34234
    }
    ports {
      name: "RATIS"
      value: 39903
    }
    ports {
      name: "STANDALONE"
      value: 37302
    }
    networkName: "37cc18fa-1521-4198-ad54-ab583d053ec6"
    networkLocation: "/default-rack"
  }
  state: PIPELINE_OPEN
  type: STAND_ALONE
  factor: ONE
  id {
    id: "d2e470ad-6a22-4e1c-b904-aade2953b4fe"
  }
}
]} | ret=SUCCESS |  
2019-08-24 00:12:13,881 | INFO  | SCMAudit | user=jenkins1000 | ip=192.168.5.142 | op=ALLOCATE_BLOCK {owner=226cec3e-fe2c-4583-a7c9-a358d83023d3, size=4194304, type=STAND_ALONE, factor=ONE} | ret=SUCCESS |  
2019-08-24 00:12:13,883 | INFO  | OMAudit | user=jenkins1000 | ip=127.0.0.1 | op=ALLOCATE_KEY {volume=volume36419, bucket=bucket68587, key=mDMpL69, dataSize=4096, replicationType=STAND_ALONE, replicationFactor=ONE, keyLocationInfo=[blockID {
  containerBlockID {
    containerID: 1
    localID: 102669060268425754
  }
  blockCommitSequenceId: 0
}
offset: 0
length: 4194304
createVersion: 0
pipeline {
  leaderID: ""
  members {
    uuid: "37cc18fa-1521-4198-ad54-ab583d053ec6"
    ipAddress: "192.168.5.142"
    hostName: "pr-hdds-1909-t9pvb-1699798515"
    ports {
      name: "REST"
      value: 34234
    }
    ports {
      name: "RATIS"
      value: 39903
    }
    ports {
      name: "STANDALONE"
      value: 37302
    }
    networkName: "37cc18fa-1521-4198-ad54-ab583d053ec6"
    networkLocation: "/default-rack"
  }
  state: PIPELINE_OPEN
  type: STAND_ALONE
  factor: ONE
  id {
    id: "d2e470ad-6a22-4e1c-b904-aade2953b4fe"
  }
}
]} | ret=SUCCESS |  
2019-08-24 00:12:13,886 | INFO  | DNAudit | user=null | ip=null | op=WRITE_CHUNK {blockData=conID: 1 locID: 102669060268425754 bcsId: 0} | ret=SUCCESS |  
2019-08-24 00:12:13,888 | INFO  | DNAudit | user=null | ip=null | op=PUT_BLOCK {blockData=[blockId=conID: 1 locID: 102669060268425754 bcsId: 0,size=5]} | ret=SUCCESS |  
2019-08-24 00:12:13,890 | INFO  | OMAudit | user=jenkins1000 | ip=127.0.0.1 | op=COMMIT_KEY {volume=volume36419, bucket=bucket68587, key=mDMpL69, dataSize=5, replicationType=RATIS, replicationFactor=ONE, keyLocationInfo=[blockID {
  containerBlockID {
    containerID: 1
    localID: 102669060268425754
  }
  blockCommitSequenceId: 0
}
offset: 0
length: 5
createVersion: 0
pipeline {
  leaderID: ""
  members {
    uuid: "37cc18fa-1521-4198-ad54-ab583d053ec6"
    ipAddress: "192.168.5.142"
    hostName: "pr-hdds-1909-t9pvb-1699798515"
    ports {
      name: "REST"
      value: 34234
    }
    ports {
      name: "RATIS"
      value: 39903
    }
    ports {
      name: "STANDALONE"
      value: 37302
    }
    networkName: "37cc18fa-1521-4198-ad54-ab583d053ec6"
    networkLocation: "/default-rack"
  }
  state: PIPELINE_OPEN
  type: STAND_ALONE
  factor: ONE
  id {
    id: "d2e470ad-6a22-4e1c-b904-aade2953b4fe"
  }
}
]} | ret=SUCCESS |  
2019-08-24 00:12:13,892 | INFO  | SCMAudit | user=jenkins1000 | ip=192.168.5.142 | op=ALLOCATE_BLOCK {owner=226cec3e-fe2c-4583-a7c9-a358d83023d3, size=4194304, type=STAND_ALONE, factor=ONE} | ret=SUCCESS |  
2019-08-24 00:12:13,893 | INFO  | OMAudit | user=jenkins1000 | ip=127.0.0.1 | op=ALLOCATE_KEY {volume=volume36419, bucket=bucket68587, key=qknLb70, dataSize=4096, replicationType=STAND_ALONE, replicationFactor=ONE, keyLocationInfo=[blockID {
  containerBlockID {
    containerID: 2
    localID: 102669060269146652
  }
  blockCommitSequenceId: 0
}
offset: 0
length: 4194304
createVersion: 0
pipeline {
  leaderID: ""
  members {
    uuid: "37cc18fa-1521-4198-ad54-ab583d053ec6"
    ipAddress: "192.168.5.142"
    hostName: "pr-hdds-1909-t9pvb-1699798515"
    ports {
      name: "REST"
      value: 34234
    }
    ports {
      name: "RATIS"
      value: 39903
    }
    ports {
      name: "STANDALONE"
      value: 37302
    }
    networkName: "37cc18fa-1521-4198-ad54-ab583d053ec6"
    networkLocation: "/default-rack"
  }
  state: PIPELINE_OPEN
  type: STAND_ALONE
  factor: ONE
  id {
    id: "d2e470ad-6a22-4e1c-b904-aade2953b4fe"
  }
}
]} | ret=SUCCESS |  
2019-08-24 00:12:13,896 | INFO  | DNAudit | user=null | ip=null | op=WRITE_CHUNK {blockData=conID: 2 locID: 102669060269146652 bcsId: 0} | ret=SUCCESS |  
2019-08-24 00:12:13,898 | INFO  | DNAudit | user=null | ip=null | op=PUT_BLOCK {blockData=[blockId=conID: 2 locID: 102669060269146652 bcsId: 0,size=5]} | ret=SUCCESS |  
2019-08-24 00:12:13,900 | INFO  | OMAudit | user=jenkins1000 | ip=127.0.0.1 | op=COMMIT_KEY {volume=volume36419, bucket=bucket68587, key=qknLb70, dataSize=5, replicationType=RATIS, replicationFactor=ONE, keyLocationInfo=[blockID {
  containerBlockID {
    containerID: 2
    localID: 102669060269146652
  }
  blockCommitSequenceId: 0
}
offset: 0
length: 5
createVersion: 0
pipeline {
  leaderID: ""
  members {
    uuid: "37cc18fa-1521-4198-ad54-ab583d053ec6"
    ipAddress: "192.168.5.142"
    hostName: "pr-hdds-1909-t9pvb-1699798515"
    ports {
      name: "REST"
      value: 34234
    }
    ports {
      name: "RATIS"
      value: 39903
    }
    ports {
      name: "STANDALONE"
      value: 37302
    }
    networkName: "37cc18fa-1521-4198-ad54-ab583d053ec6"
    networkLocation: "/default-rack"
  }
  state: PIPELINE_OPEN
  type: STAND_ALONE
  factor: ONE
  id {
    id: "d2e470ad-6a22-4e1c-b904-aade2953b4fe"
  }
}
]} | ret=SUCCESS |  
2019-08-24 00:12:13,902 | INFO  | SCMAudit | user=jenkins1000 | ip=192.168.5.142 | op=ALLOCATE_BLOCK {owner=226cec3e-fe2c-4583-a7c9-a358d83023d3, size=4194304, type=STAND_ALONE, factor=ONE} | ret=SUCCESS |  
2019-08-24 00:12:13,903 | INFO  | OMAudit | user=jenkins1000 | ip=127.0.0.1 | op=ALLOCATE_KEY {volume=volume36419, bucket=bucket68587, key=OeKbc71, dataSize=4096, replicationType=STAND_ALONE, replicationFactor=ONE, keyLocationInfo=[blockID {
  containerBlockID {
    containerID: 3
    localID: 102669060269736478
  }
  blockCommitSequenceId: 0
}
offset: 0
length: 4194304
createVersion: 0
pipeline {
  leaderID: ""
  members {
    uuid: "37cc18fa-1521-4198-ad54-ab583d053ec6"
    ipAddress: "192.168.5.142"
    hostName: "pr-hdds-1909-t9pvb-1699798515"
    ports {
      name: "REST"
      value: 34234
    }
    ports {
      name: "RATIS"
      value: 39903
    }
    ports {
      name: "STANDALONE"
      value: 37302
    }
    networkName: "37cc18fa-1521-4198-ad54-ab583d053ec6"
    networkLocation: "/default-rack"
  }
  state: PIPELINE_OPEN
  type: STAND_ALONE
  factor: ONE
  id {
    id: "d2e470ad-6a22-4e1c-b904-aade2953b4fe"
  }
}
]} | ret=SUCCESS |  
2019-08-24 00:12:13,905 | INFO  | DNAudit | user=null | ip=null | op=WRITE_CHUNK {blockData=conID: 3 locID: 102669060269736478 bcsId: 0} | ret=SUCCESS |  
2019-08-24 00:12:13,908 | INFO  | DNAudit | user=null | ip=null | op=PUT_BLOCK {blockData=[blockId=conID: 3 locID: 102669060269736478 bcsId: 0,size=5]} | ret=SUCCESS |  
2019-08-24 00:12:13,910 | INFO  | OMAudit | user=jenkins1000 | ip=127.0.0.1 | op=COMMIT_KEY {volume=volume36419, bucket=bucket68587, key=OeKbc71, dataSize=5, replicationType=RATIS, replicationFactor=ONE, keyLocationInfo=[blockID {
  containerBlockID {
    containerID: 3
    localID: 102669060269736478
  }
  blockCommitSequenceId: 0
}
offset: 0
length: 5
createVersion: 0
pipeline {
  leaderID: ""
  members {
    uuid: "37cc18fa-1521-4198-ad54-ab583d053ec6"
    ipAddress: "192.168.5.142"
    hostName: "pr-hdds-1909-t9pvb-1699798515"
    ports {
      name: "REST"
      value: 34234
    }
    ports {
      name: "RATIS"
      value: 39903
    }
    ports {
      name: "STANDALONE"
      value: 37302
    }
    networkName: "37cc18fa-1521-4198-ad54-ab583d053ec6"
    networkLocation: "/default-rack"
  }
  state: PIPELINE_OPEN
  type: STAND_ALONE
  factor: ONE
  id {
    id: "d2e470ad-6a22-4e1c-b904-aade2953b4fe"
  }
}
]} | ret=SUCCESS |  
2019-08-24 00:12:13,912 | INFO  | SCMAudit | user=jenkins1000 | ip=192.168.5.142 | op=ALLOCATE_BLOCK {owner=226cec3e-fe2c-4583-a7c9-a358d83023d3, size=4194304, type=STAND_ALONE, factor=ONE} | ret=SUCCESS |  
2019-08-24 00:12:13,913 | INFO  | OMAudit | user=jenkins1000 | ip=127.0.0.1 | op=ALLOCATE_KEY {volume=volume36419, bucket=bucket68587, key=KFUxs72, dataSize=4096, replicationType=STAND_ALONE, replicationFactor=ONE, keyLocationInfo=[blockID {
  containerBlockID {
    containerID: 1
    localID: 102669060270457376
  }
  blockCommitSequenceId: 0
}
offset: 0
length: 4194304
createVersion: 0
pipeline {
  leaderID: ""
  members {
    uuid: "37cc18fa-1521-4198-ad54-ab583d053ec6"
    ipAddress: "192.168.5.142"
    hostName: "pr-hdds-1909-t9pvb-1699798515"
    ports {
      name: "REST"
      value: 34234
    }
    ports {
      name: "RATIS"
      value: 39903
    }
    ports {
      name: "STANDALONE"
      value: 37302
    }
    networkName: "37cc18fa-1521-4198-ad54-ab583d053ec6"
    networkLocation: "/default-rack"
  }
  state: PIPELINE_OPEN
  type: STAND_ALONE
  factor: ONE
  id {
    id: "d2e470ad-6a22-4e1c-b904-aade2953b4fe"
  }
}
]} | ret=SUCCESS |  
2019-08-24 00:12:13,916 | INFO  | DNAudit | user=null | ip=null | op=WRITE_CHUNK {blockData=conID: 1 locID: 102669060270457376 bcsId: 0} | ret=SUCCESS |  
2019-08-24 00:12:13,918 | INFO  | DNAudit | user=null | ip=null | op=PUT_BLOCK {blockData=[blockId=conID: 1 locID: 102669060270457376 bcsId: 0,size=5]} | ret=SUCCESS |  
2019-08-24 00:12:13,920 | INFO  | OMAudit | user=jenkins1000 | ip=127.0.0.1 | op=COMMIT_KEY {volume=volume36419, bucket=bucket68587, key=KFUxs72, dataSize=5, replicationType=RATIS, replicationFactor=ONE, keyLocationInfo=[blockID {
  containerBlockID {
    containerID: 1
    localID: 102669060270457376
  }
  blockCommitSequenceId: 0
}
offset: 0
length: 5
createVersion: 0
pipeline {
  leaderID: ""
  members {
    uuid: "37cc18fa-1521-4198-ad54-ab583d053ec6"
    ipAddress: "192.168.5.142"
    hostName: "pr-hdds-1909-t9pvb-1699798515"
    ports {
      name: "REST"
      value: 34234
    }
    ports {
      name: "RATIS"
      value: 39903
    }
    ports {
      name: "STANDALONE"
      value: 37302
    }
    networkName: "37cc18fa-1521-4198-ad54-ab583d053ec6"
    networkLocation: "/default-rack"
  }
  state: PIPELINE_OPEN
  type: STAND_ALONE
  factor: ONE
  id {
    id: "d2e470ad-6a22-4e1c-b904-aade2953b4fe"
  }
}
]} | ret=SUCCESS |  
2019-08-24 00:12:13,922 | INFO  | SCMAudit | user=jenkins1000 | ip=192.168.5.142 | op=ALLOCATE_BLOCK {owner=226cec3e-fe2c-4583-a7c9-a358d83023d3, size=4194304, type=STAND_ALONE, factor=ONE} | ret=SUCCESS |  
2019-08-24 00:12:13,923 | INFO  | OMAudit | user=jenkins1000 | ip=127.0.0.1 | op=ALLOCATE_KEY {volume=volume36419, bucket=bucket68587, key=Qfiiq73, dataSize=4096, replicationType=STAND_ALONE, replicationFactor=ONE, keyLocationInfo=[blockID {
  containerBlockID {
    containerID: 2
    localID: 102669060271112738
  }
  blockCommitSequenceId: 0
}
offset: 0
length: 4194304
createVersion: 0
pipeline {
  leaderID: ""
  members {
    uuid: "37cc18fa-1521-4198-ad54-ab583d053ec6"
    ipAddress: "192.168.5.142"
    hostName: "pr-hdds-1909-t9pvb-1699798515"
    ports {
      name: "REST"
      value: 34234
    }
    ports {
      name: "RATIS"
      value: 39903
    }
    ports {
      name: "STANDALONE"
      value: 37302
    }
    networkName: "37cc18fa-1521-4198-ad54-ab583d053ec6"
    networkLocation: "/default-rack"
  }
  state: PIPELINE_OPEN
  type: STAND_ALONE
  factor: ONE
  id {
    id: "d2e470ad-6a22-4e1c-b904-aade2953b4fe"
  }
}
]} | ret=SUCCESS |  
2019-08-24 00:12:13,926 | INFO  | DNAudit | user=null | ip=null | op=WRITE_CHUNK {blockData=conID: 2 locID: 102669060271112738 bcsId: 0} | ret=SUCCESS |  
2019-08-24 00:12:13,927 | INFO  | DNAudit | user=null | ip=null | op=PUT_BLOCK {blockData=[blockId=conID: 2 locID: 102669060271112738 bcsId: 0,size=5]} | ret=SUCCESS |  
2019-08-24 00:12:13,929 | INFO  | OMAudit | user=jenkins1000 | ip=127.0.0.1 | op=COMMIT_KEY {volume=volume36419, bucket=bucket68587, key=Qfiiq73, dataSize=5, replicationType=RATIS, replicationFactor=ONE, keyLocationInfo=[blockID {
  containerBlockID {
    containerID: 2
    localID: 102669060271112738
  }
  blockCommitSequenceId: 0
}
offset: 0
length: 5
createVersion: 0
pipeline {
  leaderID: ""
  members {
    uuid: "37cc18fa-1521-4198-ad54-ab583d053ec6"
    ipAddress: "192.168.5.142"
    hostName: "pr-hdds-1909-t9pvb-1699798515"
    ports {
      name: "REST"
      value: 34234
    }
    ports {
      name: "RATIS"
      value: 39903
    }
    ports {
      name: "STANDALONE"
      value: 37302
    }
    networkName: "37cc18fa-1521-4198-ad54-ab583d053ec6"
    networkLocation: "/default-rack"
  }
  state: PIPELINE_OPEN
  type: STAND_ALONE
  factor: ONE
  id {
    id: "d2e470ad-6a22-4e1c-b904-aade2953b4fe"
  }
}
]} | ret=SUCCESS |  
2019-08-24 00:12:13,931 | INFO  | SCMAudit | user=jenkins1000 | ip=192.168.5.142 | op=ALLOCATE_BLOCK {owner=226cec3e-fe2c-4583-a7c9-a358d83023d3, size=4194304, type=STAND_ALONE, factor=ONE} | ret=SUCCESS |  
2019-08-24 00:12:13,932 | INFO  | OMAudit | user=jenkins1000 | ip=127.0.0.1 | op=ALLOCATE_KEY {volume=volume36419, bucket=bucket68587, key=URJYy74, dataSize=4096, replicationType=STAND_ALONE, replicationFactor=ONE, keyLocationInfo=[blockID {
  containerBlockID {
    containerID: 3
    localID: 102669060271702564
  }
  blockCommitSequenceId: 0
}
offset: 0
length: 4194304
createVersion: 0
pipeline {
  leaderID: ""
  members {
    uuid: "37cc18fa-1521-4198-ad54-ab583d053ec6"
    ipAddress: "192.168.5.142"
    hostName: "pr-hdds-1909-t9pvb-1699798515"
    ports {
      name: "REST"
      value: 34234
    }
    ports {
      name: "RATIS"
      value: 39903
    }
    ports {
      name: "STANDALONE"
      value: 37302
    }
    networkName: "37cc18fa-1521-4198-ad54-ab583d053ec6"
    networkLocation: "/default-rack"
  }
  state: PIPELINE_OPEN
  type: STAND_ALONE
  factor: ONE
  id {
    id: "d2e470ad-6a22-4e1c-b904-aade2953b4fe"
  }
}
]} | ret=SUCCESS |  
2019-08-24 00:12:13,935 | INFO  | DNAudit | user=null | ip=null | op=WRITE_CHUNK {blockData=conID: 3 locID: 102669060271702564 bcsId: 0} | ret=SUCCESS |  
2019-08-24 00:12:13,937 | INFO  | DNAudit | user=null | ip=null | op=PUT_BLOCK {blockData=[blockId=conID: 3 locID: 102669060271702564 bcsId: 0,size=5]} | ret=SUCCESS |  
2019-08-24 00:12:13,940 | INFO  | OMAudit | user=jenkins1000 | ip=127.0.0.1 | op=COMMIT_KEY {volume=volume36419, bucket=bucket68587, key=URJYy74, dataSize=5, replicationType=RATIS, replicationFactor=ONE, keyLocationInfo=[blockID {
  containerBlockID {
    containerID: 3
    localID: 102669060271702564
  }
  blockCommitSequenceId: 0
}
offset: 0
length: 5
createVersion: 0
pipeline {
  leaderID: ""
  members {
    uuid: "37cc18fa-1521-4198-ad54-ab583d053ec6"
    ipAddress: "192.168.5.142"
    hostName: "pr-hdds-1909-t9pvb-1699798515"
    ports {
      name: "REST"
      value: 34234
    }
    ports {
      name: "RATIS"
      value: 39903
    }
    ports {
      name: "STANDALONE"
      value: 37302
    }
    networkName: "37cc18fa-1521-4198-ad54-ab583d053ec6"
    networkLocation: "/default-rack"
  }
  state: PIPELINE_OPEN
  type: STAND_ALONE
  factor: ONE
  id {
    id: "d2e470ad-6a22-4e1c-b904-aade2953b4fe"
  }
}
]} | ret=SUCCESS |  
2019-08-24 00:12:13,942 | INFO  | SCMAudit | user=jenkins1000 | ip=192.168.5.142 | op=ALLOCATE_BLOCK {owner=226cec3e-fe2c-4583-a7c9-a358d83023d3, size=4194304, type=STAND_ALONE, factor=ONE} | ret=SUCCESS |  
2019-08-24 00:12:13,943 | INFO  | OMAudit | user=jenkins1000 | ip=127.0.0.1 | op=ALLOCATE_KEY {volume=volume36419, bucket=bucket68587, key=DywyV75, dataSize=4096, replicationType=STAND_ALONE, replicationFactor=ONE, keyLocationInfo=[blockID {
  containerBlockID {
    containerID: 1
    localID: 102669060272423462
  }
  blockCommitSequenceId: 0
}
offset: 0
length: 4194304
createVersion: 0
pipeline {
  leaderID: ""
  members {
    uuid: "37cc18fa-1521-4198-ad54-ab583d053ec6"
    ipAddress: "192.168.5.142"
    hostName: "pr-hdds-1909-t9pvb-1699798515"
    ports {
      name: "REST"
      value: 34234
    }
    ports {
      name: "RATIS"
      value: 39903
    }
    ports {
      name: "STANDALONE"
      value: 37302
    }
    networkName: "37cc18fa-1521-4198-ad54-ab583d053ec6"
    networkLocation: "/default-rack"
  }
  state: PIPELINE_OPEN
  type: STAND_ALONE
  factor: ONE
  id {
    id: "d2e470ad-6a22-4e1c-b904-aade2953b4fe"
  }
}
]} | ret=SUCCESS |  
2019-08-24 00:12:13,946 | INFO  | DNAudit | user=null | ip=null | op=WRITE_CHUNK {blockData=conID: 1 locID: 102669060272423462 bcsId: 0} | ret=SUCCESS |  
2019-08-24 00:12:13,948 | INFO  | DNAudit | user=null | ip=null | op=PUT_BLOCK {blockData=[blockId=conID: 1 locID: 102669060272423462 bcsId: 0,size=5]} | ret=SUCCESS |  
2019-08-24 00:12:13,950 | INFO  | OMAudit | user=jenkins1000 | ip=127.0.0.1 | op=COMMIT_KEY {volume=volume36419, bucket=bucket68587, key=DywyV75, dataSize=5, replicationType=RATIS, replicationFactor=ONE, keyLocationInfo=[blockID {
  containerBlockID {
    containerID: 1
    localID: 102669060272423462
  }
  blockCommitSequenceId: 0
}
offset: 0
length: 5
createVersion: 0
pipeline {
  leaderID: ""
  members {
    uuid: "37cc18fa-1521-4198-ad54-ab583d053ec6"
    ipAddress: "192.168.5.142"
    hostName: "pr-hdds-1909-t9pvb-1699798515"
    ports {
      name: "REST"
      value: 34234
    }
    ports {
      name: "RATIS"
      value: 39903
    }
    ports {
      name: "STANDALONE"
      value: 37302
    }
    networkName: "37cc18fa-1521-4198-ad54-ab583d053ec6"
    networkLocation: "/default-rack"
  }
  state: PIPELINE_OPEN
  type: STAND_ALONE
  factor: ONE
  id {
    id: "d2e470ad-6a22-4e1c-b904-aade2953b4fe"
  }
}
]} | ret=SUCCESS |  
2019-08-24 00:12:13,951 | INFO  | SCMAudit | user=jenkins1000 | ip=192.168.5.142 | op=ALLOCATE_BLOCK {owner=226cec3e-fe2c-4583-a7c9-a358d83023d3, size=4194304, type=STAND_ALONE, factor=ONE} | ret=SUCCESS |  
2019-08-24 00:12:13,952 | INFO  | OMAudit | user=jenkins1000 | ip=127.0.0.1 | op=ALLOCATE_KEY {volume=volume36419, bucket=bucket68587, key=BDvwy76, dataSize=4096, replicationType=STAND_ALONE, replicationFactor=ONE, keyLocationInfo=[blockID {
  containerBlockID {
    containerID: 2
    localID: 102669060273013288
  }
  blockCommitSequenceId: 0
}
offset: 0
length: 4194304
createVersion: 0
pipeline {
  leaderID: ""
  members {
    uuid: "37cc18fa-1521-4198-ad54-ab583d053ec6"
    ipAddress: "192.168.5.142"
    hostName: "pr-hdds-1909-t9pvb-1699798515"
    ports {
      name: "REST"
      value: 34234
    }
    ports {
      name: "RATIS"
      value: 39903
    }
    ports {
      name: "STANDALONE"
      value: 37302
    }
    networkName: "37cc18fa-1521-4198-ad54-ab583d053ec6"
    networkLocation: "/default-rack"
  }
  state: PIPELINE_OPEN
  type: STAND_ALONE
  factor: ONE
  id {
    id: "d2e470ad-6a22-4e1c-b904-aade2953b4fe"
  }
}
]} | ret=SUCCESS |  
2019-08-24 00:12:13,955 | INFO  | DNAudit | user=null | ip=null | op=WRITE_CHUNK {blockData=conID: 2 locID: 102669060273013288 bcsId: 0} | ret=SUCCESS |  
2019-08-24 00:12:13,957 | INFO  | DNAudit | user=null | ip=null | op=PUT_BLOCK {blockData=[blockId=conID: 2 locID: 102669060273013288 bcsId: 0,size=5]} | ret=SUCCESS |  
2019-08-24 00:12:13,959 | INFO  | OMAudit | user=jenkins1000 | ip=127.0.0.1 | op=COMMIT_KEY {volume=volume36419, bucket=bucket68587, key=BDvwy76, dataSize=5, replicationType=RATIS, replicationFactor=ONE, keyLocationInfo=[blockID {
  containerBlockID {
    containerID: 2
    localID: 102669060273013288
  }
  blockCommitSequenceId: 0
}
offset: 0
length: 5
createVersion: 0
pipeline {
  leaderID: ""
  members {
    uuid: "37cc18fa-1521-4198-ad54-ab583d053ec6"
    ipAddress: "192.168.5.142"
    hostName: "pr-hdds-1909-t9pvb-1699798515"
    ports {
      name: "REST"
      value: 34234
    }
    ports {
      name: "RATIS"
      value: 39903
    }
    ports {
      name: "STANDALONE"
      value: 37302
    }
    networkName: "37cc18fa-1521-4198-ad54-ab583d053ec6"
    networkLocation: "/default-rack"
  }
  state: PIPELINE_OPEN
  type: STAND_ALONE
  factor: ONE
  id {
    id: "d2e470ad-6a22-4e1c-b904-aade2953b4fe"
  }
}
]} | ret=SUCCESS |  
2019-08-24 00:12:13,961 | INFO  | SCMAudit | user=jenkins1000 | ip=192.168.5.142 | op=ALLOCATE_BLOCK {owner=226cec3e-fe2c-4583-a7c9-a358d83023d3, size=4194304, type=STAND_ALONE, factor=ONE} | ret=SUCCESS |  
2019-08-24 00:12:13,962 | INFO  | OMAudit | user=jenkins1000 | ip=127.0.0.1 | op=ALLOCATE_KEY {volume=volume36419, bucket=bucket68587, key=CKEwO77, dataSize=4096, replicationType=STAND_ALONE, replicationFactor=ONE, keyLocationInfo=[blockID {
  containerBlockID {
    containerID: 3
    localID: 102669060273668650
  }
  blockCommitSequenceId: 0
}
offset: 0
length: 4194304
createVersion: 0
pipeline {
  leaderID: ""
  members {
    uuid: "37cc18fa-1521-4198-ad54-ab583d053ec6"
    ipAddress: "192.168.5.142"
    hostName: "pr-hdds-1909-t9pvb-1699798515"
    ports {
      name: "REST"
      value: 34234
    }
    ports {
      name: "RATIS"
      value: 39903
    }
    ports {
      name: "STANDALONE"
      value: 37302
    }
    networkName: "37cc18fa-1521-4198-ad54-ab583d053ec6"
    networkLocation: "/default-rack"
  }
  state: PIPELINE_OPEN
  type: STAND_ALONE
  factor: ONE
  id {
    id: "d2e470ad-6a22-4e1c-b904-aade2953b4fe"
  }
}
]} | ret=SUCCESS |  
2019-08-24 00:12:13,966 | INFO  | DNAudit | user=null | ip=null | op=WRITE_CHUNK {blockData=conID: 3 locID: 102669060273668650 bcsId: 0} | ret=SUCCESS |  
2019-08-24 00:12:13,968 | INFO  | DNAudit | user=null | ip=null | op=PUT_BLOCK {blockData=[blockId=conID: 3 locID: 102669060273668650 bcsId: 0,size=5]} | ret=SUCCESS |  
2019-08-24 00:12:13,970 | INFO  | OMAudit | user=jenkins1000 | ip=127.0.0.1 | op=COMMIT_KEY {volume=volume36419, bucket=bucket68587, key=CKEwO77, dataSize=5, replicationType=RATIS, replicationFactor=ONE, keyLocationInfo=[blockID {
  containerBlockID {
    containerID: 3
    localID: 102669060273668650
  }
  blockCommitSequenceId: 0
}
offset: 0
length: 5
createVersion: 0
pipeline {
  leaderID: ""
  members {
    uuid: "37cc18fa-1521-4198-ad54-ab583d053ec6"
    ipAddress: "192.168.5.142"
    hostName: "pr-hdds-1909-t9pvb-1699798515"
    ports {
      name: "REST"
      value: 34234
    }
    ports {
      name: "RATIS"
      value: 39903
    }
    ports {
      name: "STANDALONE"
      value: 37302
    }
    networkName: "37cc18fa-1521-4198-ad54-ab583d053ec6"
    networkLocation: "/default-rack"
  }
  state: PIPELINE_OPEN
  type: STAND_ALONE
  factor: ONE
  id {
    id: "d2e470ad-6a22-4e1c-b904-aade2953b4fe"
  }
}
]} | ret=SUCCESS |  
2019-08-24 00:12:13,972 | INFO  | SCMAudit | user=jenkins1000 | ip=192.168.5.142 | op=ALLOCATE_BLOCK {owner=226cec3e-fe2c-4583-a7c9-a358d83023d3, size=4194304, type=STAND_ALONE, factor=ONE} | ret=SUCCESS |  
2019-08-24 00:12:13,973 | INFO  | OMAudit | user=jenkins1000 | ip=127.0.0.1 | op=ALLOCATE_KEY {volume=volume36419, bucket=bucket68587, key=xvrln78, dataSize=4096, replicationType=STAND_ALONE, replicationFactor=ONE, keyLocationInfo=[blockID {
  containerBlockID {
    containerID: 1
    localID: 102669060274389548
  }
  blockCommitSequenceId: 0
}
offset: 0
length: 4194304
createVersion: 0
pipeline {
  leaderID: ""
  members {
    uuid: "37cc18fa-1521-4198-ad54-ab583d053ec6"
    ipAddress: "192.168.5.142"
    hostName: "pr-hdds-1909-t9pvb-1699798515"
    ports {
      name: "REST"
      value: 34234
    }
    ports {
      name: "RATIS"
      value: 39903
    }
    ports {
      name: "STANDALONE"
      value: 37302
    }
    networkName: "37cc18fa-1521-4198-ad54-ab583d053ec6"
    networkLocation: "/default-rack"
  }
  state: PIPELINE_OPEN
  type: STAND_ALONE
  factor: ONE
  id {
    id: "d2e470ad-6a22-4e1c-b904-aade2953b4fe"
  }
}
]} | ret=SUCCESS |  
2019-08-24 00:12:13,976 | INFO  | DNAudit | user=null | ip=null | op=WRITE_CHUNK {blockData=conID: 1 locID: 102669060274389548 bcsId: 0} | ret=SUCCESS |  
2019-08-24 00:12:13,978 | INFO  | DNAudit | user=null | ip=null | op=PUT_BLOCK {blockData=[blockId=conID: 1 locID: 102669060274389548 bcsId: 0,size=5]} | ret=SUCCESS |  
2019-08-24 00:12:13,980 | INFO  | OMAudit | user=jenkins1000 | ip=127.0.0.1 | op=COMMIT_KEY {volume=volume36419, bucket=bucket68587, key=xvrln78, dataSize=5, replicationType=RATIS, replicationFactor=ONE, keyLocationInfo=[blockID {
  containerBlockID {
    containerID: 1
    localID: 102669060274389548
  }
  blockCommitSequenceId: 0
}
offset: 0
length: 5
createVersion: 0
pipeline {
  leaderID: ""
  members {
    uuid: "37cc18fa-1521-4198-ad54-ab583d053ec6"
    ipAddress: "192.168.5.142"
    hostName: "pr-hdds-1909-t9pvb-1699798515"
    ports {
      name: "REST"
      value: 34234
    }
    ports {
      name: "RATIS"
      value: 39903
    }
    ports {
      name: "STANDALONE"
      value: 37302
    }
    networkName: "37cc18fa-1521-4198-ad54-ab583d053ec6"
    networkLocation: "/default-rack"
  }
  state: PIPELINE_OPEN
  type: STAND_ALONE
  factor: ONE
  id {
    id: "d2e470ad-6a22-4e1c-b904-aade2953b4fe"
  }
}
]} | ret=SUCCESS |  
2019-08-24 00:12:13,981 | INFO  | SCMAudit | user=jenkins1000 | ip=192.168.5.142 | op=ALLOCATE_BLOCK {owner=226cec3e-fe2c-4583-a7c9-a358d83023d3, size=4194304, type=STAND_ALONE, factor=ONE} | ret=SUCCESS |  
2019-08-24 00:12:13,982 | INFO  | OMAudit | user=jenkins1000 | ip=127.0.0.1 | op=ALLOCATE_KEY {volume=volume36419, bucket=bucket68587, key=vTcvy79, dataSize=4096, replicationType=STAND_ALONE, replicationFactor=ONE, keyLocationInfo=[blockID {
  containerBlockID {
    containerID: 2
    localID: 102669060274979374
  }
  blockCommitSequenceId: 0
}
offset: 0
length: 4194304
createVersion: 0
pipeline {
  leaderID: ""
  members {
    uuid: "37cc18fa-1521-4198-ad54-ab583d053ec6"
    ipAddress: "192.168.5.142"
    hostName: "pr-hdds-1909-t9pvb-1699798515"
    ports {
      name: "REST"
      value: 34234
    }
    ports {
      name: "RATIS"
      value: 39903
    }
    ports {
      name: "STANDALONE"
      value: 37302
    }
    networkName: "37cc18fa-1521-4198-ad54-ab583d053ec6"
    networkLocation: "/default-rack"
  }
  state: PIPELINE_OPEN
  type: STAND_ALONE
  factor: ONE
  id {
    id: "d2e470ad-6a22-4e1c-b904-aade2953b4fe"
  }
}
]} | ret=SUCCESS |  
2019-08-24 00:12:13,985 | INFO  | DNAudit | user=null | ip=null | op=WRITE_CHUNK {blockData=conID: 2 locID: 102669060274979374 bcsId: 0} | ret=SUCCESS |  
2019-08-24 00:12:13,987 | INFO  | DNAudit | user=null | ip=null | op=PUT_BLOCK {blockData=[blockId=conID: 2 locID: 102669060274979374 bcsId: 0,size=5]} | ret=SUCCESS |  
2019-08-24 00:12:13,989 | INFO  | OMAudit | user=jenkins1000 | ip=127.0.0.1 | op=COMMIT_KEY {volume=volume36419, bucket=bucket68587, key=vTcvy79, dataSize=5, replicationType=RATIS, replicationFactor=ONE, keyLocationInfo=[blockID {
  containerBlockID {
    containerID: 2
    localID: 102669060274979374
  }
  blockCommitSequenceId: 0
}
offset: 0
length: 5
createVersion: 0
pipeline {
  leaderID: ""
  members {
    uuid: "37cc18fa-1521-4198-ad54-ab583d053ec6"
    ipAddress: "192.168.5.142"
    hostName: "pr-hdds-1909-t9pvb-1699798515"
    ports {
      name: "REST"
      value: 34234
    }
    ports {
      name: "RATIS"
      value: 39903
    }
    ports {
      name: "STANDALONE"
      value: 37302
    }
    networkName: "37cc18fa-1521-4198-ad54-ab583d053ec6"
    networkLocation: "/default-rack"
  }
  state: PIPELINE_OPEN
  type: STAND_ALONE
  factor: ONE
  id {
    id: "d2e470ad-6a22-4e1c-b904-aade2953b4fe"
  }
}
]} | ret=SUCCESS |  
2019-08-24 00:12:13,991 | INFO  | SCMAudit | user=jenkins1000 | ip=192.168.5.142 | op=ALLOCATE_BLOCK {owner=226cec3e-fe2c-4583-a7c9-a358d83023d3, size=4194304, type=STAND_ALONE, factor=ONE} | ret=SUCCESS |  
2019-08-24 00:12:13,992 | INFO  | OMAudit | user=jenkins1000 | ip=127.0.0.1 | op=ALLOCATE_KEY {volume=volume36419, bucket=bucket68587, key=XbveK80, dataSize=4096, replicationType=STAND_ALONE, replicationFactor=ONE, keyLocationInfo=[blockID {
  containerBlockID {
    containerID: 3
    localID: 102669060275634736
  }
  blockCommitSequenceId: 0
}
offset: 0
length: 4194304
createVersion: 0
pipeline {
  leaderID: ""
  members {
    uuid: "37cc18fa-1521-4198-ad54-ab583d053ec6"
    ipAddress: "192.168.5.142"
    hostName: "pr-hdds-1909-t9pvb-1699798515"
    ports {
      name: "REST"
      value: 34234
    }
    ports {
      name: "RATIS"
      value: 39903
    }
    ports {
      name: "STANDALONE"
      value: 37302
    }
    networkName: "37cc18fa-1521-4198-ad54-ab583d053ec6"
    networkLocation: "/default-rack"
  }
  state: PIPELINE_OPEN
  type: STAND_ALONE
  factor: ONE
  id {
    id: "d2e470ad-6a22-4e1c-b904-aade2953b4fe"
  }
}
]} | ret=SUCCESS |  
2019-08-24 00:12:13,995 | INFO  | DNAudit | user=null | ip=null | op=WRITE_CHUNK {blockData=conID: 3 locID: 102669060275634736 bcsId: 0} | ret=SUCCESS |  
2019-08-24 00:12:13,996 | INFO  | DNAudit | user=null | ip=null | op=PUT_BLOCK {blockData=[blockId=conID: 3 locID: 102669060275634736 bcsId: 0,size=5]} | ret=SUCCESS |  
2019-08-24 00:12:13,999 | INFO  | OMAudit | user=jenkins1000 | ip=127.0.0.1 | op=COMMIT_KEY {volume=volume36419, bucket=bucket68587, key=XbveK80, dataSize=5, replicationType=RATIS, replicationFactor=ONE, keyLocationInfo=[blockID {
  containerBlockID {
    containerID: 3
    localID: 102669060275634736
  }
  blockCommitSequenceId: 0
}
offset: 0
length: 5
createVersion: 0
pipeline {
  leaderID: ""
  members {
    uuid: "37cc18fa-1521-4198-ad54-ab583d053ec6"
    ipAddress: "192.168.5.142"
    hostName: "pr-hdds-1909-t9pvb-1699798515"
    ports {
      name: "REST"
      value: 34234
    }
    ports {
      name: "RATIS"
      value: 39903
    }
    ports {
      name: "STANDALONE"
      value: 37302
    }
    networkName: "37cc18fa-1521-4198-ad54-ab583d053ec6"
    networkLocation: "/default-rack"
  }
  state: PIPELINE_OPEN
  type: STAND_ALONE
  factor: ONE
  id {
    id: "d2e470ad-6a22-4e1c-b904-aade2953b4fe"
  }
}
]} | ret=SUCCESS |  
2019-08-24 00:12:14,000 | INFO  | SCMAudit | user=jenkins1000 | ip=192.168.5.142 | op=ALLOCATE_BLOCK {owner=226cec3e-fe2c-4583-a7c9-a358d83023d3, size=4194304, type=STAND_ALONE, factor=ONE} | ret=SUCCESS |  
2019-08-24 00:12:14,001 | INFO  | OMAudit | user=jenkins1000 | ip=127.0.0.1 | op=ALLOCATE_KEY {volume=volume36419, bucket=bucket68587, key=ydEkO81, dataSize=4096, replicationType=STAND_ALONE, replicationFactor=ONE, keyLocationInfo=[blockID {
  containerBlockID {
    containerID: 1
    localID: 102669060276224562
  }
  blockCommitSequenceId: 0
}
offset: 0
length: 4194304
createVersion: 0
pipeline {
  leaderID: ""
  members {
    uuid: "37cc18fa-1521-4198-ad54-ab583d053ec6"
    ipAddress: "192.168.5.142"
    hostName: "pr-hdds-1909-t9pvb-1699798515"
    ports {
      name: "REST"
      value: 34234
    }
    ports {
      name: "RATIS"
      value: 39903
    }
    ports {
      name: "STANDALONE"
      value: 37302
    }
    networkName: "37cc18fa-1521-4198-ad54-ab583d053ec6"
    networkLocation: "/default-rack"
  }
  state: PIPELINE_OPEN
  type: STAND_ALONE
  factor: ONE
  id {
    id: "d2e470ad-6a22-4e1c-b904-aade2953b4fe"
  }
}
]} | ret=SUCCESS |  
2019-08-24 00:12:14,004 | INFO  | DNAudit | user=null | ip=null | op=WRITE_CHUNK {blockData=conID: 1 locID: 102669060276224562 bcsId: 0} | ret=SUCCESS |  
2019-08-24 00:12:14,006 | INFO  | DNAudit | user=null | ip=null | op=PUT_BLOCK {blockData=[blockId=conID: 1 locID: 102669060276224562 bcsId: 0,size=5]} | ret=SUCCESS |  
2019-08-24 00:12:14,011 | INFO  | OMAudit | user=jenkins1000 | ip=127.0.0.1 | op=COMMIT_KEY {volume=volume36419, bucket=bucket68587, key=ydEkO81, dataSize=5, replicationType=RATIS, replicationFactor=ONE, keyLocationInfo=[blockID {
  containerBlockID {
    containerID: 1
    localID: 102669060276224562
  }
  blockCommitSequenceId: 0
}
offset: 0
length: 5
createVersion: 0
pipeline {
  leaderID: ""
  members {
    uuid: "37cc18fa-1521-4198-ad54-ab583d053ec6"
    ipAddress: "192.168.5.142"
    hostName: "pr-hdds-1909-t9pvb-1699798515"
    ports {
      name: "REST"
      value: 34234
    }
    ports {
      name: "RATIS"
      value: 39903
    }
    ports {
      name: "STANDALONE"
      value: 37302
    }
    networkName: "37cc18fa-1521-4198-ad54-ab583d053ec6"
    networkLocation: "/default-rack"
  }
  state: PIPELINE_OPEN
  type: STAND_ALONE
  factor: ONE
  id {
    id: "d2e470ad-6a22-4e1c-b904-aade2953b4fe"
  }
}
]} | ret=SUCCESS |  
2019-08-24 00:12:14,013 | INFO  | SCMAudit | user=jenkins1000 | ip=192.168.5.142 | op=ALLOCATE_BLOCK {owner=226cec3e-fe2c-4583-a7c9-a358d83023d3, size=4194304, type=STAND_ALONE, factor=ONE} | ret=SUCCESS |  
2019-08-24 00:12:14,014 | INFO  | OMAudit | user=jenkins1000 | ip=127.0.0.1 | op=ALLOCATE_KEY {volume=volume36419, bucket=bucket68587, key=aANuY82, dataSize=4096, replicationType=STAND_ALONE, replicationFactor=ONE, keyLocationInfo=[blockID {
  containerBlockID {
    containerID: 2
    localID: 102669060277076532
  }
  blockCommitSequenceId: 0
}
offset: 0
length: 4194304
createVersion: 0
pipeline {
  leaderID: ""
  members {
    uuid: "37cc18fa-1521-4198-ad54-ab583d053ec6"
    ipAddress: "192.168.5.142"
    hostName: "pr-hdds-1909-t9pvb-1699798515"
    ports {
      name: "REST"
      value: 34234
    }
    ports {
      name: "RATIS"
      value: 39903
    }
    ports {
      name: "STANDALONE"
      value: 37302
    }
    networkName: "37cc18fa-1521-4198-ad54-ab583d053ec6"
    networkLocation: "/default-rack"
  }
  state: PIPELINE_OPEN
  type: STAND_ALONE
  factor: ONE
  id {
    id: "d2e470ad-6a22-4e1c-b904-aade2953b4fe"
  }
}
]} | ret=SUCCESS |  
2019-08-24 00:12:14,017 | INFO  | DNAudit | user=null | ip=null | op=WRITE_CHUNK {blockData=conID: 2 locID: 102669060277076532 bcsId: 0} | ret=SUCCESS |  
2019-08-24 00:12:14,019 | INFO  | DNAudit | user=null | ip=null | op=PUT_BLOCK {blockData=[blockId=conID: 2 locID: 102669060277076532 bcsId: 0,size=5]} | ret=SUCCESS |  
2019-08-24 00:12:14,020 | INFO  | OMAudit | user=jenkins1000 | ip=127.0.0.1 | op=COMMIT_KEY {volume=volume36419, bucket=bucket68587, key=aANuY82, dataSize=5, replicationType=RATIS, replicationFactor=ONE, keyLocationInfo=[blockID {
  containerBlockID {
    containerID: 2
    localID: 102669060277076532
  }
  blockCommitSequenceId: 0
}
offset: 0
length: 5
createVersion: 0
pipeline {
  leaderID: ""
  members {
    uuid: "37cc18fa-1521-4198-ad54-ab583d053ec6"
    ipAddress: "192.168.5.142"
    hostName: "pr-hdds-1909-t9pvb-1699798515"
    ports {
      name: "REST"
      value: 34234
    }
    ports {
      name: "RATIS"
      value: 39903
    }
    ports {
      name: "STANDALONE"
      value: 37302
    }
    networkName: "37cc18fa-1521-4198-ad54-ab583d053ec6"
    networkLocation: "/default-rack"
  }
  state: PIPELINE_OPEN
  type: STAND_ALONE
  factor: ONE
  id {
    id: "d2e470ad-6a22-4e1c-b904-aade2953b4fe"
  }
}
]} | ret=SUCCESS |  
2019-08-24 00:12:14,022 | INFO  | SCMAudit | user=jenkins1000 | ip=192.168.5.142 | op=ALLOCATE_BLOCK {owner=226cec3e-fe2c-4583-a7c9-a358d83023d3, size=4194304, type=STAND_ALONE, factor=ONE} | ret=SUCCESS |  
2019-08-24 00:12:14,022 | INFO  | OMAudit | user=jenkins1000 | ip=127.0.0.1 | op=ALLOCATE_KEY {volume=volume36419, bucket=bucket68587, key=vfyyi83, dataSize=4096, replicationType=STAND_ALONE, replicationFactor=ONE, keyLocationInfo=[blockID {
  containerBlockID {
    containerID: 3
    localID: 102669060277666358
  }
  blockCommitSequenceId: 0
}
offset: 0
length: 4194304
createVersion: 0
pipeline {
  leaderID: ""
  members {
    uuid: "37cc18fa-1521-4198-ad54-ab583d053ec6"
    ipAddress: "192.168.5.142"
    hostName: "pr-hdds-1909-t9pvb-1699798515"
    ports {
      name: "REST"
      value: 34234
    }
    ports {
      name: "RATIS"
      value: 39903
    }
    ports {
      name: "STANDALONE"
      value: 37302
    }
    networkName: "37cc18fa-1521-4198-ad54-ab583d053ec6"
    networkLocation: "/default-rack"
  }
  state: PIPELINE_OPEN
  type: STAND_ALONE
  factor: ONE
  id {
    id: "d2e470ad-6a22-4e1c-b904-aade2953b4fe"
  }
}
]} | ret=SUCCESS |  
2019-08-24 00:12:14,025 | INFO  | DNAudit | user=null | ip=null | op=WRITE_CHUNK {blockData=conID: 3 locID: 102669060277666358 bcsId: 0} | ret=SUCCESS |  
2019-08-24 00:12:14,026 | INFO  | DNAudit | user=null | ip=null | op=PUT_BLOCK {blockData=[blockId=conID: 3 locID: 102669060277666358 bcsId: 0,size=5]} | ret=SUCCESS |  
2019-08-24 00:12:14,028 | INFO  | OMAudit | user=jenkins1000 | ip=127.0.0.1 | op=COMMIT_KEY {volume=volume36419, bucket=bucket68587, key=vfyyi83, dataSize=5, replicationType=RATIS, replicationFactor=ONE, keyLocationInfo=[blockID {
  containerBlockID {
    containerID: 3
    localID: 102669060277666358
  }
  blockCommitSequenceId: 0
}
offset: 0
length: 5
createVersion: 0
pipeline {
  leaderID: ""
  members {
    uuid: "37cc18fa-1521-4198-ad54-ab583d053ec6"
    ipAddress: "192.168.5.142"
    hostName: "pr-hdds-1909-t9pvb-1699798515"
    ports {
      name: "REST"
      value: 34234
    }
    ports {
      name: "RATIS"
      value: 39903
    }
    ports {
      name: "STANDALONE"
      value: 37302
    }
    networkName: "37cc18fa-1521-4198-ad54-ab583d053ec6"
    networkLocation: "/default-rack"
  }
  state: PIPELINE_OPEN
  type: STAND_ALONE
  factor: ONE
  id {
    id: "d2e470ad-6a22-4e1c-b904-aade2953b4fe"
  }
}
]} | ret=SUCCESS |  
2019-08-24 00:12:14,030 | INFO  | SCMAudit | user=jenkins1000 | ip=192.168.5.142 | op=ALLOCATE_BLOCK {owner=226cec3e-fe2c-4583-a7c9-a358d83023d3, size=4194304, type=STAND_ALONE, factor=ONE} | ret=SUCCESS |  
2019-08-24 00:12:14,031 | INFO  | OMAudit | user=jenkins1000 | ip=127.0.0.1 | op=ALLOCATE_KEY {volume=volume36419, bucket=bucket68587, key=gGWBe84, dataSize=4096, replicationType=STAND_ALONE, replicationFactor=ONE, keyLocationInfo=[blockID {
  containerBlockID {
    containerID: 1
    localID: 102669060278190648
  }
  blockCommitSequenceId: 0
}
offset: 0
length: 4194304
createVersion: 0
pipeline {
  leaderID: ""
  members {
    uuid: "37cc18fa-1521-4198-ad54-ab583d053ec6"
    ipAddress: "192.168.5.142"
    hostName: "pr-hdds-1909-t9pvb-1699798515"
    ports {
      name: "REST"
      value: 34234
    }
    ports {
      name: "RATIS"
      value: 39903
    }
    ports {
      name: "STANDALONE"
      value: 37302
    }
    networkName: "37cc18fa-1521-4198-ad54-ab583d053ec6"
    networkLocation: "/default-rack"
  }
  state: PIPELINE_OPEN
  type: STAND_ALONE
  factor: ONE
  id {
    id: "d2e470ad-6a22-4e1c-b904-aade2953b4fe"
  }
}
]} | ret=SUCCESS |  
2019-08-24 00:12:14,034 | INFO  | DNAudit | user=null | ip=null | op=WRITE_CHUNK {blockData=conID: 1 locID: 102669060278190648 bcsId: 0} | ret=SUCCESS |  
2019-08-24 00:12:14,035 | INFO  | DNAudit | user=null | ip=null | op=PUT_BLOCK {blockData=[blockId=conID: 1 locID: 102669060278190648 bcsId: 0,size=5]} | ret=SUCCESS |  
2019-08-24 00:12:14,036 | INFO  | OMAudit | user=jenkins1000 | ip=127.0.0.1 | op=COMMIT_KEY {volume=volume36419, bucket=bucket68587, key=gGWBe84, dataSize=5, replicationType=RATIS, replicationFactor=ONE, keyLocationInfo=[blockID {
  containerBlockID {
    containerID: 1
    localID: 102669060278190648
  }
  blockCommitSequenceId: 0
}
offset: 0
length: 5
createVersion: 0
pipeline {
  leaderID: ""
  members {
    uuid: "37cc18fa-1521-4198-ad54-ab583d053ec6"
    ipAddress: "192.168.5.142"
    hostName: "pr-hdds-1909-t9pvb-1699798515"
    ports {
      name: "REST"
      value: 34234
    }
    ports {
      name: "RATIS"
      value: 39903
    }
    ports {
      name: "STANDALONE"
      value: 37302
    }
    networkName: "37cc18fa-1521-4198-ad54-ab583d053ec6"
    networkLocation: "/default-rack"
  }
  state: PIPELINE_OPEN
  type: STAND_ALONE
  factor: ONE
  id {
    id: "d2e470ad-6a22-4e1c-b904-aade2953b4fe"
  }
}
]} | ret=SUCCESS |  
2019-08-24 00:12:14,038 | INFO  | SCMAudit | user=jenkins1000 | ip=192.168.5.142 | op=ALLOCATE_BLOCK {owner=226cec3e-fe2c-4583-a7c9-a358d83023d3, size=4194304, type=STAND_ALONE, factor=ONE} | ret=SUCCESS |  
2019-08-24 00:12:14,039 | INFO  | OMAudit | user=jenkins1000 | ip=127.0.0.1 | op=ALLOCATE_KEY {volume=volume36419, bucket=bucket68587, key=wAYUy85, dataSize=4096, replicationType=STAND_ALONE, replicationFactor=ONE, keyLocationInfo=[blockID {
  containerBlockID {
    containerID: 2
    localID: 102669060278714938
  }
  blockCommitSequenceId: 0
}
offset: 0
length: 4194304
createVersion: 0
pipeline {
  leaderID: ""
  members {
    uuid: "37cc18fa-1521-4198-ad54-ab583d053ec6"
    ipAddress: "192.168.5.142"
    hostName: "pr-hdds-1909-t9pvb-1699798515"
    ports {
      name: "REST"
      value: 34234
    }
    ports {
      name: "RATIS"
      value: 39903
    }
    ports {
      name: "STANDALONE"
      value: 37302
    }
    networkName: "37cc18fa-1521-4198-ad54-ab583d053ec6"
    networkLocation: "/default-rack"
  }
  state: PIPELINE_OPEN
  type: STAND_ALONE
  factor: ONE
  id {
    id: "d2e470ad-6a22-4e1c-b904-aade2953b4fe"
  }
}
]} | ret=SUCCESS |  
2019-08-24 00:12:14,041 | INFO  | DNAudit | user=null | ip=null | op=WRITE_CHUNK {blockData=conID: 2 locID: 102669060278714938 bcsId: 0} | ret=SUCCESS |  
2019-08-24 00:12:14,043 | INFO  | DNAudit | user=null | ip=null | op=PUT_BLOCK {blockData=[blockId=conID: 2 locID: 102669060278714938 bcsId: 0,size=5]} | ret=SUCCESS |  
2019-08-24 00:12:14,044 | INFO  | OMAudit | user=jenkins1000 | ip=127.0.0.1 | op=COMMIT_KEY {volume=volume36419, bucket=bucket68587, key=wAYUy85, dataSize=5, replicationType=RATIS, replicationFactor=ONE, keyLocationInfo=[blockID {
  containerBlockID {
    containerID: 2
    localID: 102669060278714938
  }
  blockCommitSequenceId: 0
}
offset: 0
length: 5
createVersion: 0
pipeline {
  leaderID: ""
  members {
    uuid: "37cc18fa-1521-4198-ad54-ab583d053ec6"
    ipAddress: "192.168.5.142"
    hostName: "pr-hdds-1909-t9pvb-1699798515"
    ports {
      name: "REST"
      value: 34234
    }
    ports {
      name: "RATIS"
      value: 39903
    }
    ports {
      name: "STANDALONE"
      value: 37302
    }
    networkName: "37cc18fa-1521-4198-ad54-ab583d053ec6"
    networkLocation: "/default-rack"
  }
  state: PIPELINE_OPEN
  type: STAND_ALONE
  factor: ONE
  id {
    id: "d2e470ad-6a22-4e1c-b904-aade2953b4fe"
  }
}
]} | ret=SUCCESS |  
2019-08-24 00:12:14,046 | INFO  | SCMAudit | user=jenkins1000 | ip=192.168.5.142 | op=ALLOCATE_BLOCK {owner=226cec3e-fe2c-4583-a7c9-a358d83023d3, size=4194304, type=STAND_ALONE, factor=ONE} | ret=SUCCESS |  
2019-08-24 00:12:14,047 | INFO  | OMAudit | user=jenkins1000 | ip=127.0.0.1 | op=ALLOCATE_KEY {volume=volume36419, bucket=bucket68587, key=FDEKs86, dataSize=4096, replicationType=STAND_ALONE, replicationFactor=ONE, keyLocationInfo=[blockID {
  containerBlockID {
    containerID: 3
    localID: 102669060279239228
  }
  blockCommitSequenceId: 0
}
offset: 0
length: 4194304
createVersion: 0
pipeline {
  leaderID: ""
  members {
    uuid: "37cc18fa-1521-4198-ad54-ab583d053ec6"
    ipAddress: "192.168.5.142"
    hostName: "pr-hdds-1909-t9pvb-1699798515"
    ports {
      name: "REST"
      value: 34234
    }
    ports {
      name: "RATIS"
      value: 39903
    }
    ports {
      name: "STANDALONE"
      value: 37302
    }
    networkName: "37cc18fa-1521-4198-ad54-ab583d053ec6"
    networkLocation: "/default-rack"
  }
  state: PIPELINE_OPEN
  type: STAND_ALONE
  factor: ONE
  id {
    id: "d2e470ad-6a22-4e1c-b904-aade2953b4fe"
  }
}
]} | ret=SUCCESS |  
2019-08-24 00:12:14,049 | INFO  | DNAudit | user=null | ip=null | op=WRITE_CHUNK {blockData=conID: 3 locID: 102669060279239228 bcsId: 0} | ret=SUCCESS |  
2019-08-24 00:12:14,051 | INFO  | DNAudit | user=null | ip=null | op=PUT_BLOCK {blockData=[blockId=conID: 3 locID: 102669060279239228 bcsId: 0,size=5]} | ret=SUCCESS |  
2019-08-24 00:12:14,053 | INFO  | OMAudit | user=jenkins1000 | ip=127.0.0.1 | op=COMMIT_KEY {volume=volume36419, bucket=bucket68587, key=FDEKs86, dataSize=5, replicationType=RATIS, replicationFactor=ONE, keyLocationInfo=[blockID {
  containerBlockID {
    containerID: 3
    localID: 102669060279239228
  }
  blockCommitSequenceId: 0
}
offset: 0
length: 5
createVersion: 0
pipeline {
  leaderID: ""
  members {
    uuid: "37cc18fa-1521-4198-ad54-ab583d053ec6"
    ipAddress: "192.168.5.142"
    hostName: "pr-hdds-1909-t9pvb-1699798515"
    ports {
      name: "REST"
      value: 34234
    }
    ports {
      name: "RATIS"
      value: 39903
    }
    ports {
      name: "STANDALONE"
      value: 37302
    }
    networkName: "37cc18fa-1521-4198-ad54-ab583d053ec6"
    networkLocation: "/default-rack"
  }
  state: PIPELINE_OPEN
  type: STAND_ALONE
  factor: ONE
  id {
    id: "d2e470ad-6a22-4e1c-b904-aade2953b4fe"
  }
}
]} | ret=SUCCESS |  
2019-08-24 00:12:14,054 | INFO  | SCMAudit | user=jenkins1000 | ip=192.168.5.142 | op=ALLOCATE_BLOCK {owner=226cec3e-fe2c-4583-a7c9-a358d83023d3, size=4194304, type=STAND_ALONE, factor=ONE} | ret=SUCCESS |  
2019-08-24 00:12:14,055 | INFO  | OMAudit | user=jenkins1000 | ip=127.0.0.1 | op=ALLOCATE_KEY {volume=volume36419, bucket=bucket68587, key=EYHKo87, dataSize=4096, replicationType=STAND_ALONE, replicationFactor=ONE, keyLocationInfo=[blockID {
  containerBlockID {
    containerID: 1
    localID: 102669060279763518
  }
  blockCommitSequenceId: 0
}
offset: 0
length: 4194304
createVersion: 0
pipeline {
  leaderID: ""
  members {
    uuid: "37cc18fa-1521-4198-ad54-ab583d053ec6"
    ipAddress: "192.168.5.142"
    hostName: "pr-hdds-1909-t9pvb-1699798515"
    ports {
      name: "REST"
      value: 34234
    }
    ports {
      name: "RATIS"
      value: 39903
    }
    ports {
      name: "STANDALONE"
      value: 37302
    }
    networkName: "37cc18fa-1521-4198-ad54-ab583d053ec6"
    networkLocation: "/default-rack"
  }
  state: PIPELINE_OPEN
  type: STAND_ALONE
  factor: ONE
  id {
    id: "d2e470ad-6a22-4e1c-b904-aade2953b4fe"
  }
}
]} | ret=SUCCESS |  
2019-08-24 00:12:14,058 | INFO  | DNAudit | user=null | ip=null | op=WRITE_CHUNK {blockData=conID: 1 locID: 102669060279763518 bcsId: 0} | ret=SUCCESS |  
2019-08-24 00:12:14,060 | INFO  | DNAudit | user=null | ip=null | op=PUT_BLOCK {blockData=[blockId=conID: 1 locID: 102669060279763518 bcsId: 0,size=5]} | ret=SUCCESS |  
2019-08-24 00:12:14,062 | INFO  | OMAudit | user=jenkins1000 | ip=127.0.0.1 | op=COMMIT_KEY {volume=volume36419, bucket=bucket68587, key=EYHKo87, dataSize=5, replicationType=RATIS, replicationFactor=ONE, keyLocationInfo=[blockID {
  containerBlockID {
    containerID: 1
    localID: 102669060279763518
  }
  blockCommitSequenceId: 0
}
offset: 0
length: 5
createVersion: 0
pipeline {
  leaderID: ""
  members {
    uuid: "37cc18fa-1521-4198-ad54-ab583d053ec6"
    ipAddress: "192.168.5.142"
    hostName: "pr-hdds-1909-t9pvb-1699798515"
    ports {
      name: "REST"
      value: 34234
    }
    ports {
      name: "RATIS"
      value: 39903
    }
    ports {
      name: "STANDALONE"
      value: 37302
    }
    networkName: "37cc18fa-1521-4198-ad54-ab583d053ec6"
    networkLocation: "/default-rack"
  }
  state: PIPELINE_OPEN
  type: STAND_ALONE
  factor: ONE
  id {
    id: "d2e470ad-6a22-4e1c-b904-aade2953b4fe"
  }
}
]} | ret=SUCCESS |  
2019-08-24 00:12:14,064 | INFO  | SCMAudit | user=jenkins1000 | ip=192.168.5.142 | op=ALLOCATE_BLOCK {owner=226cec3e-fe2c-4583-a7c9-a358d83023d3, size=4194304, type=STAND_ALONE, factor=ONE} | ret=SUCCESS |  
2019-08-24 00:12:14,065 | INFO  | OMAudit | user=jenkins1000 | ip=127.0.0.1 | op=ALLOCATE_KEY {volume=volume36419, bucket=bucket68587, key=UhLoB88, dataSize=4096, replicationType=STAND_ALONE, replicationFactor=ONE, keyLocationInfo=[blockID {
  containerBlockID {
    containerID: 2
    localID: 102669060280418880
  }
  blockCommitSequenceId: 0
}
offset: 0
length: 4194304
createVersion: 0
pipeline {
  leaderID: ""
  members {
    uuid: "37cc18fa-1521-4198-ad54-ab583d053ec6"
    ipAddress: "192.168.5.142"
    hostName: "pr-hdds-1909-t9pvb-1699798515"
    ports {
      name: "REST"
      value: 34234
    }
    ports {
      name: "RATIS"
      value: 39903
    }
    ports {
      name: "STANDALONE"
      value: 37302
    }
    networkName: "37cc18fa-1521-4198-ad54-ab583d053ec6"
    networkLocation: "/default-rack"
  }
  state: PIPELINE_OPEN
  type: STAND_ALONE
  factor: ONE
  id {
    id: "d2e470ad-6a22-4e1c-b904-aade2953b4fe"
  }
}
]} | ret=SUCCESS |  
2019-08-24 00:12:14,068 | INFO  | DNAudit | user=null | ip=null | op=WRITE_CHUNK {blockData=conID: 2 locID: 102669060280418880 bcsId: 0} | ret=SUCCESS |  
2019-08-24 00:12:14,070 | INFO  | DNAudit | user=null | ip=null | op=PUT_BLOCK {blockData=[blockId=conID: 2 locID: 102669060280418880 bcsId: 0,size=5]} | ret=SUCCESS |  
2019-08-24 00:12:14,075 | INFO  | OMAudit | user=jenkins1000 | ip=127.0.0.1 | op=COMMIT_KEY {volume=volume36419, bucket=bucket68587, key=UhLoB88, dataSize=5, replicationType=RATIS, replicationFactor=ONE, keyLocationInfo=[blockID {
  containerBlockID {
    containerID: 2
    localID: 102669060280418880
  }
  blockCommitSequenceId: 0
}
offset: 0
length: 5
createVersion: 0
pipeline {
  leaderID: ""
  members {
    uuid: "37cc18fa-1521-4198-ad54-ab583d053ec6"
    ipAddress: "192.168.5.142"
    hostName: "pr-hdds-1909-t9pvb-1699798515"
    ports {
      name: "REST"
      value: 34234
    }
    ports {
      name: "RATIS"
      value: 39903
    }
    ports {
      name: "STANDALONE"
      value: 37302
    }
    networkName: "37cc18fa-1521-4198-ad54-ab583d053ec6"
    networkLocation: "/default-rack"
  }
  state: PIPELINE_OPEN
  type: STAND_ALONE
  factor: ONE
  id {
    id: "d2e470ad-6a22-4e1c-b904-aade2953b4fe"
  }
}
]} | ret=SUCCESS |  
2019-08-24 00:12:14,076 | INFO  | SCMAudit | user=jenkins1000 | ip=192.168.5.142 | op=ALLOCATE_BLOCK {owner=226cec3e-fe2c-4583-a7c9-a358d83023d3, size=4194304, type=STAND_ALONE, factor=ONE} | ret=SUCCESS |  
2019-08-24 00:12:14,077 | INFO  | OMAudit | user=jenkins1000 | ip=127.0.0.1 | op=ALLOCATE_KEY {volume=volume36419, bucket=bucket68587, key=MQIFr89, dataSize=4096, replicationType=STAND_ALONE, replicationFactor=ONE, keyLocationInfo=[blockID {
  containerBlockID {
    containerID: 3
    localID: 102669060281205314
  }
  blockCommitSequenceId: 0
}
offset: 0
length: 4194304
createVersion: 0
pipeline {
  leaderID: ""
  members {
    uuid: "37cc18fa-1521-4198-ad54-ab583d053ec6"
    ipAddress: "192.168.5.142"
    hostName: "pr-hdds-1909-t9pvb-1699798515"
    ports {
      name: "REST"
      value: 34234
    }
    ports {
      name: "RATIS"
      value: 39903
    }
    ports {
      name: "STANDALONE"
      value: 37302
    }
    networkName: "37cc18fa-1521-4198-ad54-ab583d053ec6"
    networkLocation: "/default-rack"
  }
  state: PIPELINE_OPEN
  type: STAND_ALONE
  factor: ONE
  id {
    id: "d2e470ad-6a22-4e1c-b904-aade2953b4fe"
  }
}
]} | ret=SUCCESS |  
2019-08-24 00:12:14,082 | INFO  | DNAudit | user=null | ip=null | op=WRITE_CHUNK {blockData=conID: 3 locID: 102669060281205314 bcsId: 0} | ret=SUCCESS |  
2019-08-24 00:12:14,084 | INFO  | DNAudit | user=null | ip=null | op=PUT_BLOCK {blockData=[blockId=conID: 3 locID: 102669060281205314 bcsId: 0,size=5]} | ret=SUCCESS |  
2019-08-24 00:12:14,086 | INFO  | OMAudit | user=jenkins1000 | ip=127.0.0.1 | op=COMMIT_KEY {volume=volume36419, bucket=bucket68587, key=MQIFr89, dataSize=5, replicationType=RATIS, replicationFactor=ONE, keyLocationInfo=[blockID {
  containerBlockID {
    containerID: 3
    localID: 102669060281205314
  }
  blockCommitSequenceId: 0
}
offset: 0
length: 5
createVersion: 0
pipeline {
  leaderID: ""
  members {
    uuid: "37cc18fa-1521-4198-ad54-ab583d053ec6"
    ipAddress: "192.168.5.142"
    hostName: "pr-hdds-1909-t9pvb-1699798515"
    ports {
      name: "REST"
      value: 34234
    }
    ports {
      name: "RATIS"
      value: 39903
    }
    ports {
      name: "STANDALONE"
      value: 37302
    }
    networkName: "37cc18fa-1521-4198-ad54-ab583d053ec6"
    networkLocation: "/default-rack"
  }
  state: PIPELINE_OPEN
  type: STAND_ALONE
  factor: ONE
  id {
    id: "d2e470ad-6a22-4e1c-b904-aade2953b4fe"
  }
}
]} | ret=SUCCESS |  
2019-08-24 00:12:14,088 | INFO  | SCMAudit | user=jenkins1000 | ip=192.168.5.142 | op=ALLOCATE_BLOCK {owner=226cec3e-fe2c-4583-a7c9-a358d83023d3, size=4194304, type=STAND_ALONE, factor=ONE} | ret=SUCCESS |  
2019-08-24 00:12:14,089 | INFO  | OMAudit | user=jenkins1000 | ip=127.0.0.1 | op=ALLOCATE_KEY {volume=volume36419, bucket=bucket68587, key=GSZqK90, dataSize=4096, replicationType=STAND_ALONE, replicationFactor=ONE, keyLocationInfo=[blockID {
  containerBlockID {
    containerID: 1
    localID: 102669060281991748
  }
  blockCommitSequenceId: 0
}
offset: 0
length: 4194304
createVersion: 0
pipeline {
  leaderID: ""
  members {
    uuid: "37cc18fa-1521-4198-ad54-ab583d053ec6"
    ipAddress: "192.168.5.142"
    hostName: "pr-hdds-1909-t9pvb-1699798515"
    ports {
      name: "REST"
      value: 34234
    }
    ports {
      name: "RATIS"
      value: 39903
    }
    ports {
      name: "STANDALONE"
      value: 37302
    }
    networkName: "37cc18fa-1521-4198-ad54-ab583d053ec6"
    networkLocation: "/default-rack"
  }
  state: PIPELINE_OPEN
  type: STAND_ALONE
  factor: ONE
  id {
    id: "d2e470ad-6a22-4e1c-b904-aade2953b4fe"
  }
}
]} | ret=SUCCESS |  
2019-08-24 00:12:14,092 | INFO  | SCMAudit | user=jenkins1000 | ip=192.168.5.142 | op=SEND_HEARTBEAT {datanodeUUID=37cc18fa-1521-4198-ad54-ab583d053ec6, command=[]} | ret=SUCCESS |  
2019-08-24 00:12:14,092 | INFO  | DNAudit | user=null | ip=null | op=WRITE_CHUNK {blockData=conID: 1 locID: 102669060281991748 bcsId: 0} | ret=SUCCESS |  
2019-08-24 00:12:14,094 | INFO  | DNAudit | user=null | ip=null | op=PUT_BLOCK {blockData=[blockId=conID: 1 locID: 102669060281991748 bcsId: 0,size=5]} | ret=SUCCESS |  
2019-08-24 00:12:14,096 | INFO  | OMAudit | user=jenkins1000 | ip=127.0.0.1 | op=COMMIT_KEY {volume=volume36419, bucket=bucket68587, key=GSZqK90, dataSize=5, replicationType=RATIS, replicationFactor=ONE, keyLocationInfo=[blockID {
  containerBlockID {
    containerID: 1
    localID: 102669060281991748
  }
  blockCommitSequenceId: 0
}
offset: 0
length: 5
createVersion: 0
pipeline {
  leaderID: ""
  members {
    uuid: "37cc18fa-1521-4198-ad54-ab583d053ec6"
    ipAddress: "192.168.5.142"
    hostName: "pr-hdds-1909-t9pvb-1699798515"
    ports {
      name: "REST"
      value: 34234
    }
    ports {
      name: "RATIS"
      value: 39903
    }
    ports {
      name: "STANDALONE"
      value: 37302
    }
    networkName: "37cc18fa-1521-4198-ad54-ab583d053ec6"
    networkLocation: "/default-rack"
  }
  state: PIPELINE_OPEN
  type: STAND_ALONE
  factor: ONE
  id {
    id: "d2e470ad-6a22-4e1c-b904-aade2953b4fe"
  }
}
]} | ret=SUCCESS |  
2019-08-24 00:12:14,097 | INFO  | SCMAudit | user=jenkins1000 | ip=192.168.5.142 | op=ALLOCATE_BLOCK {owner=226cec3e-fe2c-4583-a7c9-a358d83023d3, size=4194304, type=STAND_ALONE, factor=ONE} | ret=SUCCESS |  
2019-08-24 00:12:14,098 | INFO  | OMAudit | user=jenkins1000 | ip=127.0.0.1 | op=ALLOCATE_KEY {volume=volume36419, bucket=bucket68587, key=ysuXT91, dataSize=4096, replicationType=STAND_ALONE, replicationFactor=ONE, keyLocationInfo=[blockID {
  containerBlockID {
    containerID: 2
    localID: 102669060282581574
  }
  blockCommitSequenceId: 0
}
offset: 0
length: 4194304
createVersion: 0
pipeline {
  leaderID: ""
  members {
    uuid: "37cc18fa-1521-4198-ad54-ab583d053ec6"
    ipAddress: "192.168.5.142"
    hostName: "pr-hdds-1909-t9pvb-1699798515"
    ports {
      name: "REST"
      value: 34234
    }
    ports {
      name: "RATIS"
      value: 39903
    }
    ports {
      name: "STANDALONE"
      value: 37302
    }
    networkName: "37cc18fa-1521-4198-ad54-ab583d053ec6"
    networkLocation: "/default-rack"
  }
  state: PIPELINE_OPEN
  type: STAND_ALONE
  factor: ONE
  id {
    id: "d2e470ad-6a22-4e1c-b904-aade2953b4fe"
  }
}
]} | ret=SUCCESS |  
2019-08-24 00:12:14,101 | INFO  | DNAudit | user=null | ip=null | op=WRITE_CHUNK {blockData=conID: 2 locID: 102669060282581574 bcsId: 0} | ret=SUCCESS |  
2019-08-24 00:12:14,103 | INFO  | DNAudit | user=null | ip=null | op=PUT_BLOCK {blockData=[blockId=conID: 2 locID: 102669060282581574 bcsId: 0,size=5]} | ret=SUCCESS |  
2019-08-24 00:12:14,104 | INFO  | OMAudit | user=jenkins1000 | ip=127.0.0.1 | op=COMMIT_KEY {volume=volume36419, bucket=bucket68587, key=ysuXT91, dataSize=5, replicationType=RATIS, replicationFactor=ONE, keyLocationInfo=[blockID {
  containerBlockID {
    containerID: 2
    localID: 102669060282581574
  }
  blockCommitSequenceId: 0
}
offset: 0
length: 5
createVersion: 0
pipeline {
  leaderID: ""
  members {
    uuid: "37cc18fa-1521-4198-ad54-ab583d053ec6"
    ipAddress: "192.168.5.142"
    hostName: "pr-hdds-1909-t9pvb-1699798515"
    ports {
      name: "REST"
      value: 34234
    }
    ports {
      name: "RATIS"
      value: 39903
    }
    ports {
      name: "STANDALONE"
      value: 37302
    }
    networkName: "37cc18fa-1521-4198-ad54-ab583d053ec6"
    networkLocation: "/default-rack"
  }
  state: PIPELINE_OPEN
  type: STAND_ALONE
  factor: ONE
  id {
    id: "d2e470ad-6a22-4e1c-b904-aade2953b4fe"
  }
}
]} | ret=SUCCESS |  
2019-08-24 00:12:14,106 | INFO  | SCMAudit | user=jenkins1000 | ip=192.168.5.142 | op=ALLOCATE_BLOCK {owner=226cec3e-fe2c-4583-a7c9-a358d83023d3, size=4194304, type=STAND_ALONE, factor=ONE} | ret=SUCCESS |  
2019-08-24 00:12:14,107 | INFO  | OMAudit | user=jenkins1000 | ip=127.0.0.1 | op=ALLOCATE_KEY {volume=volume36419, bucket=bucket68587, key=TjzPO92, dataSize=4096, replicationType=STAND_ALONE, replicationFactor=ONE, keyLocationInfo=[blockID {
  containerBlockID {
    containerID: 3
    localID: 102669060283171400
  }
  blockCommitSequenceId: 0
}
offset: 0
length: 4194304
createVersion: 0
pipeline {
  leaderID: ""
  members {
    uuid: "37cc18fa-1521-4198-ad54-ab583d053ec6"
    ipAddress: "192.168.5.142"
    hostName: "pr-hdds-1909-t9pvb-1699798515"
    ports {
      name: "REST"
      value: 34234
    }
    ports {
      name: "RATIS"
      value: 39903
    }
    ports {
      name: "STANDALONE"
      value: 37302
    }
    networkName: "37cc18fa-1521-4198-ad54-ab583d053ec6"
    networkLocation: "/default-rack"
  }
  state: PIPELINE_OPEN
  type: STAND_ALONE
  factor: ONE
  id {
    id: "d2e470ad-6a22-4e1c-b904-aade2953b4fe"
  }
}
]} | ret=SUCCESS |  
2019-08-24 00:12:14,110 | INFO  | DNAudit | user=null | ip=null | op=WRITE_CHUNK {blockData=conID: 3 locID: 102669060283171400 bcsId: 0} | ret=SUCCESS |  
2019-08-24 00:12:14,112 | INFO  | DNAudit | user=null | ip=null | op=PUT_BLOCK {blockData=[blockId=conID: 3 locID: 102669060283171400 bcsId: 0,size=5]} | ret=SUCCESS |  
2019-08-24 00:12:14,114 | INFO  | OMAudit | user=jenkins1000 | ip=127.0.0.1 | op=COMMIT_KEY {volume=volume36419, bucket=bucket68587, key=TjzPO92, dataSize=5, replicationType=RATIS, replicationFactor=ONE, keyLocationInfo=[blockID {
  containerBlockID {
    containerID: 3
    localID: 102669060283171400
  }
  blockCommitSequenceId: 0
}
offset: 0
length: 5
createVersion: 0
pipeline {
  leaderID: ""
  members {
    uuid: "37cc18fa-1521-4198-ad54-ab583d053ec6"
    ipAddress: "192.168.5.142"
    hostName: "pr-hdds-1909-t9pvb-1699798515"
    ports {
      name: "REST"
      value: 34234
    }
    ports {
      name: "RATIS"
      value: 39903
    }
    ports {
      name: "STANDALONE"
      value: 37302
    }
    networkName: "37cc18fa-1521-4198-ad54-ab583d053ec6"
    networkLocation: "/default-rack"
  }
  state: PIPELINE_OPEN
  type: STAND_ALONE
  factor: ONE
  id {
    id: "d2e470ad-6a22-4e1c-b904-aade2953b4fe"
  }
}
]} | ret=SUCCESS |  
2019-08-24 00:12:14,116 | INFO  | SCMAudit | user=jenkins1000 | ip=192.168.5.142 | op=ALLOCATE_BLOCK {owner=226cec3e-fe2c-4583-a7c9-a358d83023d3, size=4194304, type=STAND_ALONE, factor=ONE} | ret=SUCCESS |  
2019-08-24 00:12:14,117 | INFO  | OMAudit | user=jenkins1000 | ip=127.0.0.1 | op=ALLOCATE_KEY {volume=volume36419, bucket=bucket68587, key=UgtJr93, dataSize=4096, replicationType=STAND_ALONE, replicationFactor=ONE, keyLocationInfo=[blockID {
  containerBlockID {
    containerID: 1
    localID: 102669060283826762
  }
  blockCommitSequenceId: 0
}
offset: 0
length: 4194304
createVersion: 0
pipeline {
  leaderID: ""
  members {
    uuid: "37cc18fa-1521-4198-ad54-ab583d053ec6"
    ipAddress: "192.168.5.142"
    hostName: "pr-hdds-1909-t9pvb-1699798515"
    ports {
      name: "REST"
      value: 34234
    }
    ports {
      name: "RATIS"
      value: 39903
    }
    ports {
      name: "STANDALONE"
      value: 37302
    }
    networkName: "37cc18fa-1521-4198-ad54-ab583d053ec6"
    networkLocation: "/default-rack"
  }
  state: PIPELINE_OPEN
  type: STAND_ALONE
  factor: ONE
  id {
    id: "d2e470ad-6a22-4e1c-b904-aade2953b4fe"
  }
}
]} | ret=SUCCESS |  
2019-08-24 00:12:14,119 | INFO  | DNAudit | user=null | ip=null | op=WRITE_CHUNK {blockData=conID: 1 locID: 102669060283826762 bcsId: 0} | ret=SUCCESS |  
2019-08-24 00:12:14,121 | INFO  | DNAudit | user=null | ip=null | op=PUT_BLOCK {blockData=[blockId=conID: 1 locID: 102669060283826762 bcsId: 0,size=5]} | ret=SUCCESS |  
2019-08-24 00:12:14,122 | INFO  | OMAudit | user=jenkins1000 | ip=127.0.0.1 | op=COMMIT_KEY {volume=volume36419, bucket=bucket68587, key=UgtJr93, dataSize=5, replicationType=RATIS, replicationFactor=ONE, keyLocationInfo=[blockID {
  containerBlockID {
    containerID: 1
    localID: 102669060283826762
  }
  blockCommitSequenceId: 0
}
offset: 0
length: 5
createVersion: 0
pipeline {
  leaderID: ""
  members {
    uuid: "37cc18fa-1521-4198-ad54-ab583d053ec6"
    ipAddress: "192.168.5.142"
    hostName: "pr-hdds-1909-t9pvb-1699798515"
    ports {
      name: "REST"
      value: 34234
    }
    ports {
      name: "RATIS"
      value: 39903
    }
    ports {
      name: "STANDALONE"
      value: 37302
    }
    networkName: "37cc18fa-1521-4198-ad54-ab583d053ec6"
    networkLocation: "/default-rack"
  }
  state: PIPELINE_OPEN
  type: STAND_ALONE
  factor: ONE
  id {
    id: "d2e470ad-6a22-4e1c-b904-aade2953b4fe"
  }
}
]} | ret=SUCCESS |  
2019-08-24 00:12:14,124 | INFO  | SCMAudit | user=jenkins1000 | ip=192.168.5.142 | op=ALLOCATE_BLOCK {owner=226cec3e-fe2c-4583-a7c9-a358d83023d3, size=4194304, type=STAND_ALONE, factor=ONE} | ret=SUCCESS |  
2019-08-24 00:12:14,125 | INFO  | OMAudit | user=jenkins1000 | ip=127.0.0.1 | op=ALLOCATE_KEY {volume=volume36419, bucket=bucket68587, key=DecNL94, dataSize=4096, replicationType=STAND_ALONE, replicationFactor=ONE, keyLocationInfo=[blockID {
  containerBlockID {
    containerID: 2
    localID: 102669060284351052
  }
  blockCommitSequenceId: 0
}
offset: 0
length: 4194304
createVersion: 0
pipeline {
  leaderID: ""
  members {
    uuid: "37cc18fa-1521-4198-ad54-ab583d053ec6"
    ipAddress: "192.168.5.142"
    hostName: "pr-hdds-1909-t9pvb-1699798515"
    ports {
      name: "REST"
      value: 34234
    }
    ports {
      name: "RATIS"
      value: 39903
    }
    ports {
      name: "STANDALONE"
      value: 37302
    }
    networkName: "37cc18fa-1521-4198-ad54-ab583d053ec6"
    networkLocation: "/default-rack"
  }
  state: PIPELINE_OPEN
  type: STAND_ALONE
  factor: ONE
  id {
    id: "d2e470ad-6a22-4e1c-b904-aade2953b4fe"
  }
}
]} | ret=SUCCESS |  
2019-08-24 00:12:14,127 | INFO  | DNAudit | user=null | ip=null | op=WRITE_CHUNK {blockData=conID: 2 locID: 102669060284351052 bcsId: 0} | ret=SUCCESS |  
2019-08-24 00:12:14,129 | INFO  | DNAudit | user=null | ip=null | op=PUT_BLOCK {blockData=[blockId=conID: 2 locID: 102669060284351052 bcsId: 0,size=5]} | ret=SUCCESS |  
2019-08-24 00:12:14,130 | INFO  | OMAudit | user=jenkins1000 | ip=127.0.0.1 | op=COMMIT_KEY {volume=volume36419, bucket=bucket68587, key=DecNL94, dataSize=5, replicationType=RATIS, replicationFactor=ONE, keyLocationInfo=[blockID {
  containerBlockID {
    containerID: 2
    localID: 102669060284351052
  }
  blockCommitSequenceId: 0
}
offset: 0
length: 5
createVersion: 0
pipeline {
  leaderID: ""
  members {
    uuid: "37cc18fa-1521-4198-ad54-ab583d053ec6"
    ipAddress: "192.168.5.142"
    hostName: "pr-hdds-1909-t9pvb-1699798515"
    ports {
      name: "REST"
      value: 34234
    }
    ports {
      name: "RATIS"
      value: 39903
    }
    ports {
      name: "STANDALONE"
      value: 37302
    }
    networkName: "37cc18fa-1521-4198-ad54-ab583d053ec6"
    networkLocation: "/default-rack"
  }
  state: PIPELINE_OPEN
  type: STAND_ALONE
  factor: ONE
  id {
    id: "d2e470ad-6a22-4e1c-b904-aade2953b4fe"
  }
}
]} | ret=SUCCESS |  
2019-08-24 00:12:14,131 | INFO  | SCMAudit | user=jenkins1000 | ip=192.168.5.142 | op=ALLOCATE_BLOCK {owner=226cec3e-fe2c-4583-a7c9-a358d83023d3, size=4194304, type=STAND_ALONE, factor=ONE} | ret=SUCCESS |  
2019-08-24 00:12:14,132 | INFO  | OMAudit | user=jenkins1000 | ip=127.0.0.1 | op=ALLOCATE_KEY {volume=volume36419, bucket=bucket68587, key=dnZTJ95, dataSize=4096, replicationType=STAND_ALONE, replicationFactor=ONE, keyLocationInfo=[blockID {
  containerBlockID {
    containerID: 3
    localID: 102669060284809806
  }
  blockCommitSequenceId: 0
}
offset: 0
length: 4194304
createVersion: 0
pipeline {
  leaderID: ""
  members {
    uuid: "37cc18fa-1521-4198-ad54-ab583d053ec6"
    ipAddress: "192.168.5.142"
    hostName: "pr-hdds-1909-t9pvb-1699798515"
    ports {
      name: "REST"
      value: 34234
    }
    ports {
      name: "RATIS"
      value: 39903
    }
    ports {
      name: "STANDALONE"
      value: 37302
    }
    networkName: "37cc18fa-1521-4198-ad54-ab583d053ec6"
    networkLocation: "/default-rack"
  }
  state: PIPELINE_OPEN
  type: STAND_ALONE
  factor: ONE
  id {
    id: "d2e470ad-6a22-4e1c-b904-aade2953b4fe"
  }
}
]} | ret=SUCCESS |  
2019-08-24 00:12:14,135 | INFO  | DNAudit | user=null | ip=null | op=WRITE_CHUNK {blockData=conID: 3 locID: 102669060284809806 bcsId: 0} | ret=SUCCESS |  
2019-08-24 00:12:14,136 | INFO  | DNAudit | user=null | ip=null | op=PUT_BLOCK {blockData=[blockId=conID: 3 locID: 102669060284809806 bcsId: 0,size=5]} | ret=SUCCESS |  
2019-08-24 00:12:14,138 | INFO  | OMAudit | user=jenkins1000 | ip=127.0.0.1 | op=COMMIT_KEY {volume=volume36419, bucket=bucket68587, key=dnZTJ95, dataSize=5, replicationType=RATIS, replicationFactor=ONE, keyLocationInfo=[blockID {
  containerBlockID {
    containerID: 3
    localID: 102669060284809806
  }
  blockCommitSequenceId: 0
}
offset: 0
length: 5
createVersion: 0
pipeline {
  leaderID: ""
  members {
    uuid: "37cc18fa-1521-4198-ad54-ab583d053ec6"
    ipAddress: "192.168.5.142"
    hostName: "pr-hdds-1909-t9pvb-1699798515"
    ports {
      name: "REST"
      value: 34234
    }
    ports {
      name: "RATIS"
      value: 39903
    }
    ports {
      name: "STANDALONE"
      value: 37302
    }
    networkName: "37cc18fa-1521-4198-ad54-ab583d053ec6"
    networkLocation: "/default-rack"
  }
  state: PIPELINE_OPEN
  type: STAND_ALONE
  factor: ONE
  id {
    id: "d2e470ad-6a22-4e1c-b904-aade2953b4fe"
  }
}
]} | ret=SUCCESS |  
2019-08-24 00:12:14,139 | INFO  | SCMAudit | user=jenkins1000 | ip=192.168.5.142 | op=ALLOCATE_BLOCK {owner=226cec3e-fe2c-4583-a7c9-a358d83023d3, size=4194304, type=STAND_ALONE, factor=ONE} | ret=SUCCESS |  
2019-08-24 00:12:14,140 | INFO  | OMAudit | user=jenkins1000 | ip=127.0.0.1 | op=ALLOCATE_KEY {volume=volume36419, bucket=bucket68587, key=ZyBit96, dataSize=4096, replicationType=STAND_ALONE, replicationFactor=ONE, keyLocationInfo=[blockID {
  containerBlockID {
    containerID: 1
    localID: 102669060285334096
  }
  blockCommitSequenceId: 0
}
offset: 0
length: 4194304
createVersion: 0
pipeline {
  leaderID: ""
  members {
    uuid: "37cc18fa-1521-4198-ad54-ab583d053ec6"
    ipAddress: "192.168.5.142"
    hostName: "pr-hdds-1909-t9pvb-1699798515"
    ports {
      name: "REST"
      value: 34234
    }
    ports {
      name: "RATIS"
      value: 39903
    }
    ports {
      name: "STANDALONE"
      value: 37302
    }
    networkName: "37cc18fa-1521-4198-ad54-ab583d053ec6"
    networkLocation: "/default-rack"
  }
  state: PIPELINE_OPEN
  type: STAND_ALONE
  factor: ONE
  id {
    id: "d2e470ad-6a22-4e1c-b904-aade2953b4fe"
  }
}
]} | ret=SUCCESS |  
2019-08-24 00:12:14,143 | INFO  | DNAudit | user=null | ip=null | op=WRITE_CHUNK {blockData=conID: 1 locID: 102669060285334096 bcsId: 0} | ret=SUCCESS |  
2019-08-24 00:12:14,145 | INFO  | DNAudit | user=null | ip=null | op=PUT_BLOCK {blockData=[blockId=conID: 1 locID: 102669060285334096 bcsId: 0,size=5]} | ret=SUCCESS |  
2019-08-24 00:12:14,147 | INFO  | OMAudit | user=jenkins1000 | ip=127.0.0.1 | op=COMMIT_KEY {volume=volume36419, bucket=bucket68587, key=ZyBit96, dataSize=5, replicationType=RATIS, replicationFactor=ONE, keyLocationInfo=[blockID {
  containerBlockID {
    containerID: 1
    localID: 102669060285334096
  }
  blockCommitSequenceId: 0
}
offset: 0
length: 5
createVersion: 0
pipeline {
  leaderID: ""
  members {
    uuid: "37cc18fa-1521-4198-ad54-ab583d053ec6"
    ipAddress: "192.168.5.142"
    hostName: "pr-hdds-1909-t9pvb-1699798515"
    ports {
      name: "REST"
      value: 34234
    }
    ports {
      name: "RATIS"
      value: 39903
    }
    ports {
      name: "STANDALONE"
      value: 37302
    }
    networkName: "37cc18fa-1521-4198-ad54-ab583d053ec6"
    networkLocation: "/default-rack"
  }
  state: PIPELINE_OPEN
  type: STAND_ALONE
  factor: ONE
  id {
    id: "d2e470ad-6a22-4e1c-b904-aade2953b4fe"
  }
}
]} | ret=SUCCESS |  
2019-08-24 00:12:14,148 | INFO  | SCMAudit | user=jenkins1000 | ip=192.168.5.142 | op=ALLOCATE_BLOCK {owner=226cec3e-fe2c-4583-a7c9-a358d83023d3, size=4194304, type=STAND_ALONE, factor=ONE} | ret=SUCCESS |  
2019-08-24 00:12:14,149 | INFO  | OMAudit | user=jenkins1000 | ip=127.0.0.1 | op=ALLOCATE_KEY {volume=volume36419, bucket=bucket68587, key=Mjosu97, dataSize=4096, replicationType=STAND_ALONE, replicationFactor=ONE, keyLocationInfo=[blockID {
  containerBlockID {
    containerID: 2
    localID: 102669060285923922
  }
  blockCommitSequenceId: 0
}
offset: 0
length: 4194304
createVersion: 0
pipeline {
  leaderID: ""
  members {
    uuid: "37cc18fa-1521-4198-ad54-ab583d053ec6"
    ipAddress: "192.168.5.142"
    hostName: "pr-hdds-1909-t9pvb-1699798515"
    ports {
      name: "REST"
      value: 34234
    }
    ports {
      name: "RATIS"
      value: 39903
    }
    ports {
      name: "STANDALONE"
      value: 37302
    }
    networkName: "37cc18fa-1521-4198-ad54-ab583d053ec6"
    networkLocation: "/default-rack"
  }
  state: PIPELINE_OPEN
  type: STAND_ALONE
  factor: ONE
  id {
    id: "d2e470ad-6a22-4e1c-b904-aade2953b4fe"
  }
}
]} | ret=SUCCESS |  
2019-08-24 00:12:14,159 | INFO  | DNAudit | user=null | ip=null | op=WRITE_CHUNK {blockData=conID: 2 locID: 102669060285923922 bcsId: 0} | ret=SUCCESS |  
2019-08-24 00:12:14,161 | INFO  | DNAudit | user=null | ip=null | op=PUT_BLOCK {blockData=[blockId=conID: 2 locID: 102669060285923922 bcsId: 0,size=5]} | ret=SUCCESS |  
2019-08-24 00:12:14,163 | INFO  | OMAudit | user=jenkins1000 | ip=127.0.0.1 | op=COMMIT_KEY {volume=volume36419, bucket=bucket68587, key=Mjosu97, dataSize=5, replicationType=RATIS, replicationFactor=ONE, keyLocationInfo=[blockID {
  containerBlockID {
    containerID: 2
    localID: 102669060285923922
  }
  blockCommitSequenceId: 0
}
offset: 0
length: 5
createVersion: 0
pipeline {
  leaderID: ""
  members {
    uuid: "37cc18fa-1521-4198-ad54-ab583d053ec6"
    ipAddress: "192.168.5.142"
    hostName: "pr-hdds-1909-t9pvb-1699798515"
    ports {
      name: "REST"
      value: 34234
    }
    ports {
      name: "RATIS"
      value: 39903
    }
    ports {
      name: "STANDALONE"
      value: 37302
    }
    networkName: "37cc18fa-1521-4198-ad54-ab583d053ec6"
    networkLocation: "/default-rack"
  }
  state: PIPELINE_OPEN
  type: STAND_ALONE
  factor: ONE
  id {
    id: "d2e470ad-6a22-4e1c-b904-aade2953b4fe"
  }
}
]} | ret=SUCCESS |  
2019-08-24 00:12:14,165 | INFO  | SCMAudit | user=jenkins1000 | ip=192.168.5.142 | op=ALLOCATE_BLOCK {owner=226cec3e-fe2c-4583-a7c9-a358d83023d3, size=4194304, type=STAND_ALONE, factor=ONE} | ret=SUCCESS |  
2019-08-24 00:12:14,166 | INFO  | OMAudit | user=jenkins1000 | ip=127.0.0.1 | op=ALLOCATE_KEY {volume=volume36419, bucket=bucket68587, key=KzUEl98, dataSize=4096, replicationType=STAND_ALONE, replicationFactor=ONE, keyLocationInfo=[blockID {
  containerBlockID {
    containerID: 3
    localID: 102669060287038036
  }
  blockCommitSequenceId: 0
}
offset: 0
length: 4194304
createVersion: 0
pipeline {
  leaderID: ""
  members {
    uuid: "37cc18fa-1521-4198-ad54-ab583d053ec6"
    ipAddress: "192.168.5.142"
    hostName: "pr-hdds-1909-t9pvb-1699798515"
    ports {
      name: "REST"
      value: 34234
    }
    ports {
      name: "RATIS"
      value: 39903
    }
    ports {
      name: "STANDALONE"
      value: 37302
    }
    networkName: "37cc18fa-1521-4198-ad54-ab583d053ec6"
    networkLocation: "/default-rack"
  }
  state: PIPELINE_OPEN
  type: STAND_ALONE
  factor: ONE
  id {
    id: "d2e470ad-6a22-4e1c-b904-aade2953b4fe"
  }
}
]} | ret=SUCCESS |  
2019-08-24 00:12:14,170 | INFO  | DNAudit | user=null | ip=null | op=WRITE_CHUNK {blockData=conID: 3 locID: 102669060287038036 bcsId: 0} | ret=SUCCESS |  
2019-08-24 00:12:14,171 | INFO  | DNAudit | user=null | ip=null | op=PUT_BLOCK {blockData=[blockId=conID: 3 locID: 102669060287038036 bcsId: 0,size=5]} | ret=SUCCESS |  
2019-08-24 00:12:14,173 | INFO  | OMAudit | user=jenkins1000 | ip=127.0.0.1 | op=COMMIT_KEY {volume=volume36419, bucket=bucket68587, key=KzUEl98, dataSize=5, replicationType=RATIS, replicationFactor=ONE, keyLocationInfo=[blockID {
  containerBlockID {
    containerID: 3
    localID: 102669060287038036
  }
  blockCommitSequenceId: 0
}
offset: 0
length: 5
createVersion: 0
pipeline {
  leaderID: ""
  members {
    uuid: "37cc18fa-1521-4198-ad54-ab583d053ec6"
    ipAddress: "192.168.5.142"
    hostName: "pr-hdds-1909-t9pvb-1699798515"
    ports {
      name: "REST"
      value: 34234
    }
    ports {
      name: "RATIS"
      value: 39903
    }
    ports {
      name: "STANDALONE"
      value: 37302
    }
    networkName: "37cc18fa-1521-4198-ad54-ab583d053ec6"
    networkLocation: "/default-rack"
  }
  state: PIPELINE_OPEN
  type: STAND_ALONE
  factor: ONE
  id {
    id: "d2e470ad-6a22-4e1c-b904-aade2953b4fe"
  }
}
]} | ret=SUCCESS |  
2019-08-24 00:12:14,175 | INFO  | SCMAudit | user=jenkins1000 | ip=192.168.5.142 | op=ALLOCATE_BLOCK {owner=226cec3e-fe2c-4583-a7c9-a358d83023d3, size=4194304, type=STAND_ALONE, factor=ONE} | ret=SUCCESS |  
2019-08-24 00:12:14,177 | INFO  | OMAudit | user=jenkins1000 | ip=127.0.0.1 | op=ALLOCATE_KEY {volume=volume36419, bucket=bucket68587, key=YGLlw99, dataSize=4096, replicationType=STAND_ALONE, replicationFactor=ONE, keyLocationInfo=[blockID {
  containerBlockID {
    containerID: 1
    localID: 102669060287693398
  }
  blockCommitSequenceId: 0
}
offset: 0
length: 4194304
createVersion: 0
pipeline {
  leaderID: ""
  members {
    uuid: "37cc18fa-1521-4198-ad54-ab583d053ec6"
    ipAddress: "192.168.5.142"
    hostName: "pr-hdds-1909-t9pvb-1699798515"
    ports {
      name: "REST"
      value: 34234
    }
    ports {
      name: "RATIS"
      value: 39903
    }
    ports {
      name: "STANDALONE"
      value: 37302
    }
    networkName: "37cc18fa-1521-4198-ad54-ab583d053ec6"
    networkLocation: "/default-rack"
  }
  state: PIPELINE_OPEN
  type: STAND_ALONE
  factor: ONE
  id {
    id: "d2e470ad-6a22-4e1c-b904-aade2953b4fe"
  }
}
]} | ret=SUCCESS |  
2019-08-24 00:12:14,180 | INFO  | DNAudit | user=null | ip=null | op=WRITE_CHUNK {blockData=conID: 1 locID: 102669060287693398 bcsId: 0} | ret=SUCCESS |  
2019-08-24 00:12:14,182 | INFO  | DNAudit | user=null | ip=null | op=PUT_BLOCK {blockData=[blockId=conID: 1 locID: 102669060287693398 bcsId: 0,size=5]} | ret=SUCCESS |  
2019-08-24 00:12:14,184 | INFO  | OMAudit | user=jenkins1000 | ip=127.0.0.1 | op=COMMIT_KEY {volume=volume36419, bucket=bucket68587, key=YGLlw99, dataSize=5, replicationType=RATIS, replicationFactor=ONE, keyLocationInfo=[blockID {
  containerBlockID {
    containerID: 1
    localID: 102669060287693398
  }
  blockCommitSequenceId: 0
}
offset: 0
length: 5
createVersion: 0
pipeline {
  leaderID: ""
  members {
    uuid: "37cc18fa-1521-4198-ad54-ab583d053ec6"
    ipAddress: "192.168.5.142"
    hostName: "pr-hdds-1909-t9pvb-1699798515"
    ports {
      name: "REST"
      value: 34234
    }
    ports {
      name: "RATIS"
      value: 39903
    }
    ports {
      name: "STANDALONE"
      value: 37302
    }
    networkName: "37cc18fa-1521-4198-ad54-ab583d053ec6"
    networkLocation: "/default-rack"
  }
  state: PIPELINE_OPEN
  type: STAND_ALONE
  factor: ONE
  id {
    id: "d2e470ad-6a22-4e1c-b904-aade2953b4fe"
  }
}
]} | ret=SUCCESS |  
2019-08-24 00:12:14,193 | INFO  | SCMAudit | user=jenkins1000 | ip=192.168.5.142 | op=GET_CONTAINER_WITH_PIPELINE {containerID=#1} | ret=SUCCESS |  
2019-08-24 00:12:14,194 | INFO  | OMAudit | user=null | ip=null | op=READ_KEY {volume=volume36419, bucket=bucket68587, key=gGWBe84, dataSize=0, replicationType=null, replicationFactor=null, keyLocationInfo=null} | ret=SUCCESS |  
2019-08-24 00:12:14,195 | INFO  | SCMAudit | user=jenkins1000 | ip=192.168.5.142 | op=GET_CONTAINER_WITH_PIPELINE {containerID=#1} | ret=SUCCESS |  
2019-08-24 00:12:14,196 | INFO  | OMAudit | user=null | ip=null | op=READ_KEY {volume=volume36419, bucket=bucket68587, key=LMvMz24, dataSize=0, replicationType=null, replicationFactor=null, keyLocationInfo=null} | ret=SUCCESS |  
2019-08-24 00:12:14,197 | INFO  | SCMAudit | user=jenkins1000 | ip=192.168.5.142 | op=GET_CONTAINER_WITH_PIPELINE {containerID=#2} | ret=SUCCESS |  
2019-08-24 00:12:14,198 | INFO  | OMAudit | user=null | ip=null | op=READ_KEY {volume=volume36419, bucket=bucket68587, key=UhlWl67, dataSize=0, replicationType=null, replicationFactor=null, keyLocationInfo=null} | ret=SUCCESS |  
2019-08-24 00:12:14,198 | INFO  | SCMAudit | user=jenkins1000 | ip=192.168.5.142 | op=GET_CONTAINER_WITH_PIPELINE {containerID=#3} | ret=SUCCESS |  
2019-08-24 00:12:14,199 | INFO  | OMAudit | user=null | ip=null | op=READ_KEY {volume=volume36419, bucket=bucket68587, key=MQIFr89, dataSize=0, replicationType=null, replicationFactor=null, keyLocationInfo=null} | ret=SUCCESS |  
2019-08-24 00:12:14,199 | INFO  | SCMAudit | user=jenkins1000 | ip=192.168.5.142 | op=GET_CONTAINER_WITH_PIPELINE {containerID=#2} | ret=SUCCESS |  
2019-08-24 00:12:14,200 | INFO  | OMAudit | user=null | ip=null | op=READ_KEY {volume=volume36419, bucket=bucket68587, key=pAZcK37, dataSize=0, replicationType=null, replicationFactor=null, keyLocationInfo=null} | ret=SUCCESS |  
2019-08-24 00:12:14,201 | INFO  | SCMAudit | user=jenkins1000 | ip=192.168.5.142 | op=GET_CONTAINER_WITH_PIPELINE {containerID=#1} | ret=SUCCESS |  
2019-08-24 00:12:14,201 | INFO  | OMAudit | user=null | ip=null | op=READ_KEY {volume=volume36419, bucket=bucket68587, key=QjRjj48, dataSize=0, replicationType=null, replicationFactor=null, keyLocationInfo=null} | ret=SUCCESS |  
2019-08-24 00:12:14,202 | INFO  | SCMAudit | user=jenkins1000 | ip=192.168.5.142 | op=GET_CONTAINER_WITH_PIPELINE {containerID=#3} | ret=SUCCESS |  
2019-08-24 00:12:14,202 | INFO  | OMAudit | user=null | ip=null | op=READ_KEY {volume=volume36419, bucket=bucket68587, key=GLAja8, dataSize=0, replicationType=null, replicationFactor=null, keyLocationInfo=null} | ret=SUCCESS |  
2019-08-24 00:12:14,203 | INFO  | SCMAudit | user=jenkins1000 | ip=192.168.5.142 | op=GET_CONTAINER_WITH_PIPELINE {containerID=#1} | ret=SUCCESS |  
2019-08-24 00:12:14,203 | INFO  | OMAudit | user=null | ip=null | op=READ_KEY {volume=volume36419, bucket=bucket68587, key=UudBn51, dataSize=0, replicationType=null, replicationFactor=null, keyLocationInfo=null} | ret=SUCCESS |  
2019-08-24 00:12:14,204 | INFO  | SCMAudit | user=jenkins1000 | ip=192.168.5.142 | op=GET_CONTAINER_WITH_PIPELINE {containerID=#3} | ret=SUCCESS |  
2019-08-24 00:12:14,204 | INFO  | OMAudit | user=null | ip=null | op=READ_KEY {volume=volume36419, bucket=bucket68587, key=zngJA47, dataSize=0, replicationType=null, replicationFactor=null, keyLocationInfo=null} | ret=SUCCESS |  
2019-08-24 00:12:14,205 | INFO  | SCMAudit | user=jenkins1000 | ip=192.168.5.142 | op=GET_CONTAINER_WITH_PIPELINE {containerID=#2} | ret=SUCCESS |  
2019-08-24 00:12:14,205 | INFO  | OMAudit | user=null | ip=null | op=READ_KEY {volume=volume36419, bucket=bucket68587, key=mqVvy58, dataSize=0, replicationType=null, replicationFactor=null, keyLocationInfo=null} | ret=SUCCESS |  
2019-08-24 00:12:14,206 | INFO  | SCMAudit | user=jenkins1000 | ip=192.168.5.142 | op=GET_CONTAINER_WITH_PIPELINE {containerID=#2} | ret=SUCCESS |  
2019-08-24 00:12:14,207 | INFO  | OMAudit | user=null | ip=null | op=READ_KEY {volume=volume36419, bucket=bucket68587, key=PPgZK40, dataSize=0, replicationType=null, replicationFactor=null, keyLocationInfo=null} | ret=SUCCESS |  
2019-08-24 00:12:14,207 | INFO  | SCMAudit | user=jenkins1000 | ip=192.168.5.142 | op=GET_CONTAINER_WITH_PIPELINE {containerID=#2} | ret=SUCCESS |  
2019-08-24 00:12:14,208 | INFO  | OMAudit | user=null | ip=null | op=READ_KEY {volume=volume36419, bucket=bucket68587, key=UhLoB88, dataSize=0, replicationType=null, replicationFactor=null, keyLocationInfo=null} | ret=SUCCESS |  
2019-08-24 00:12:14,208 | INFO  | SCMAudit | user=jenkins1000 | ip=192.168.5.142 | op=GET_CONTAINER_WITH_PIPELINE {containerID=#2} | ret=SUCCESS |  
2019-08-24 00:12:14,209 | INFO  | OMAudit | user=null | ip=null | op=READ_KEY {volume=volume36419, bucket=bucket68587, key=Mjosu97, dataSize=0, replicationType=null, replicationFactor=null, keyLocationInfo=null} | ret=SUCCESS |  
2019-08-24 00:12:14,209 | INFO  | SCMAudit | user=jenkins1000 | ip=192.168.5.142 | op=GET_CONTAINER_WITH_PIPELINE {containerID=#2} | ret=SUCCESS |  
2019-08-24 00:12:14,210 | INFO  | OMAudit | user=null | ip=null | op=READ_KEY {volume=volume36419, bucket=bucket68587, key=DecNL94, dataSize=0, replicationType=null, replicationFactor=null, keyLocationInfo=null} | ret=SUCCESS |  
2019-08-24 00:12:14,210 | INFO  | SCMAudit | user=jenkins1000 | ip=192.168.5.142 | op=GET_CONTAINER_WITH_PIPELINE {containerID=#2} | ret=SUCCESS |  
2019-08-24 00:12:14,210 | INFO  | OMAudit | user=null | ip=null | op=READ_KEY {volume=volume36419, bucket=bucket68587, key=PLscp31, dataSize=0, replicationType=null, replicationFactor=null, keyLocationInfo=null} | ret=SUCCESS |  
2019-08-24 00:12:14,211 | INFO  | SCMAudit | user=jenkins1000 | ip=192.168.5.142 | op=GET_CONTAINER_WITH_PIPELINE {containerID=#1} | ret=SUCCESS |  
2019-08-24 00:12:14,211 | INFO  | OMAudit | user=null | ip=null | op=READ_KEY {volume=volume36419, bucket=bucket68587, key=UXdcd6, dataSize=0, replicationType=null, replicationFactor=null, keyLocationInfo=null} | ret=SUCCESS |  
2019-08-24 00:12:14,212 | INFO  | SCMAudit | user=jenkins1000 | ip=192.168.5.142 | op=GET_CONTAINER_WITH_PIPELINE {containerID=#2} | ret=SUCCESS |  
2019-08-24 00:12:14,212 | INFO  | OMAudit | user=null | ip=null | op=READ_KEY {volume=volume36419, bucket=bucket68587, key=TZpfo13, dataSize=0, replicationType=null, replicationFactor=null, keyLocationInfo=null} | ret=SUCCESS |  
2019-08-24 00:12:14,213 | INFO  | SCMAudit | user=jenkins1000 | ip=192.168.5.142 | op=GET_CONTAINER_WITH_PIPELINE {containerID=#3} | ret=SUCCESS |  
2019-08-24 00:12:14,213 | INFO  | OMAudit | user=null | ip=null | op=READ_KEY {volume=volume36419, bucket=bucket68587, key=TNwYO11, dataSize=0, replicationType=null, replicationFactor=null, keyLocationInfo=null} | ret=SUCCESS |  
2019-08-24 00:12:14,214 | INFO  | SCMAudit | user=jenkins1000 | ip=192.168.5.142 | op=GET_CONTAINER_WITH_PIPELINE {containerID=#2} | ret=SUCCESS |  
2019-08-24 00:12:14,214 | INFO  | OMAudit | user=null | ip=null | op=READ_KEY {volume=volume36419, bucket=bucket68587, key=dEuRC28, dataSize=0, replicationType=null, replicationFactor=null, keyLocationInfo=null} | ret=SUCCESS |  
2019-08-24 00:12:14,215 | INFO  | SCMAudit | user=jenkins1000 | ip=192.168.5.142 | op=GET_CONTAINER_WITH_PIPELINE {containerID=#2} | ret=SUCCESS |  
2019-08-24 00:12:14,215 | INFO  | OMAudit | user=null | ip=null | op=READ_KEY {volume=volume36419, bucket=bucket68587, key=vGmgx55, dataSize=0, replicationType=null, replicationFactor=null, keyLocationInfo=null} | ret=SUCCESS |  
2019-08-24 00:12:14,216 | INFO  | SCMAudit | user=jenkins1000 | ip=192.168.5.142 | op=GET_CONTAINER_WITH_PIPELINE {containerID=#2} | ret=SUCCESS |  
2019-08-24 00:12:14,216 | INFO  | OMAudit | user=null | ip=null | op=READ_KEY {volume=volume36419, bucket=bucket68587, key=Erfyu43, dataSize=0, replicationType=null, replicationFactor=null, keyLocationInfo=null} | ret=SUCCESS |  
2019-08-24 00:12:14,216 | INFO  | SCMAudit | user=jenkins1000 | ip=192.168.5.142 | op=GET_CONTAINER_WITH_PIPELINE {containerID=#2} | ret=SUCCESS |  
2019-08-24 00:12:14,217 | INFO  | OMAudit | user=null | ip=null | op=READ_KEY {volume=volume36419, bucket=bucket68587, key=Qfiiq73, dataSize=0, replicationType=null, replicationFactor=null, keyLocationInfo=null} | ret=SUCCESS |  
2019-08-24 00:12:14,217 | INFO  | SCMAudit | user=jenkins1000 | ip=192.168.5.142 | op=GET_CONTAINER_WITH_PIPELINE {containerID=#1} | ret=SUCCESS |  
2019-08-24 00:12:14,217 | INFO  | OMAudit | user=null | ip=null | op=READ_KEY {volume=volume36419, bucket=bucket68587, key=UgtJr93, dataSize=0, replicationType=null, replicationFactor=null, keyLocationInfo=null} | ret=SUCCESS |  
2019-08-24 00:12:14,218 | INFO  | SCMAudit | user=jenkins1000 | ip=192.168.5.142 | op=GET_CONTAINER_WITH_PIPELINE {containerID=#3} | ret=SUCCESS |  
2019-08-24 00:12:14,218 | INFO  | OMAudit | user=null | ip=null | op=READ_KEY {volume=volume36419, bucket=bucket68587, key=OIvEb14, dataSize=0, replicationType=null, replicationFactor=null, keyLocationInfo=null} | ret=SUCCESS |  
2019-08-24 00:12:14,218 | INFO  | SCMAudit | user=jenkins1000 | ip=192.168.5.142 | op=GET_CONTAINER_WITH_PIPELINE {containerID=#2} | ret=SUCCESS |  
2019-08-24 00:12:14,219 | INFO  | OMAudit | user=null | ip=null | op=READ_KEY {volume=volume36419, bucket=bucket68587, key=XbqBq10, dataSize=0, replicationType=null, replicationFactor=null, keyLocationInfo=null} | ret=SUCCESS |  
2019-08-24 00:12:14,219 | INFO  | SCMAudit | user=jenkins1000 | ip=192.168.5.142 | op=GET_CONTAINER_WITH_PIPELINE {containerID=#1} | ret=SUCCESS |  
2019-08-24 00:12:14,220 | INFO  | OMAudit | user=null | ip=null | op=READ_KEY {volume=volume36419, bucket=bucket68587, key=jXunT60, dataSize=0, replicationType=null, replicationFactor=null, keyLocationInfo=null} | ret=SUCCESS |  
2019-08-24 00:12:14,220 | INFO  | SCMAudit | user=jenkins1000 | ip=192.168.5.142 | op=GET_CONTAINER_WITH_PIPELINE {containerID=#3} | ret=SUCCESS |  
2019-08-24 00:12:14,220 | INFO  | OMAudit | user=null | ip=null | op=READ_KEY {volume=volume36419, bucket=bucket68587, key=VJwtQ29, dataSize=0, replicationType=null, replicationFactor=null, keyLocationInfo=null} | ret=SUCCESS |  
2019-08-24 00:12:14,221 | INFO  | SCMAudit | user=jenkins1000 | ip=192.168.5.142 | op=GET_CONTAINER_WITH_PIPELINE {containerID=#1} | ret=SUCCESS |  
2019-08-24 00:12:14,221 | INFO  | OMAudit | user=null | ip=null | op=READ_KEY {volume=volume36419, bucket=bucket68587, key=QddEP30, dataSize=0, replicationType=null, replicationFactor=null, keyLocationInfo=null} | ret=SUCCESS |  
2019-08-24 00:12:14,222 | INFO  | SCMAudit | user=jenkins1000 | ip=192.168.5.142 | op=GET_CONTAINER_WITH_PIPELINE {containerID=#2} | ret=SUCCESS |  
2019-08-24 00:12:14,222 | INFO  | OMAudit | user=null | ip=null | op=READ_KEY {volume=volume36419, bucket=bucket68587, key=AUzyI49, dataSize=0, replicationType=null, replicationFactor=null, keyLocationInfo=null} | ret=SUCCESS |  
2019-08-24 00:12:14,222 | INFO  | SCMAudit | user=jenkins1000 | ip=192.168.5.142 | op=GET_CONTAINER_WITH_PIPELINE {containerID=#3} | ret=SUCCESS |  
2019-08-24 00:12:14,223 | INFO  | OMAudit | user=null | ip=null | op=READ_KEY {volume=volume36419, bucket=bucket68587, key=ixzYt2, dataSize=0, replicationType=null, replicationFactor=null, keyLocationInfo=null} | ret=SUCCESS |  
2019-08-24 00:12:14,223 | INFO  | SCMAudit | user=jenkins1000 | ip=192.168.5.142 | op=GET_CONTAINER_WITH_PIPELINE {containerID=#3} | ret=SUCCESS |  
2019-08-24 00:12:14,223 | INFO  | OMAudit | user=null | ip=null | op=READ_KEY {volume=volume36419, bucket=bucket68587, key=fnbGH41, dataSize=0, replicationType=null, replicationFactor=null, keyLocationInfo=null} | ret=SUCCESS |  
2019-08-24 00:12:14,224 | INFO  | SCMAudit | user=jenkins1000 | ip=192.168.5.142 | op=GET_CONTAINER_WITH_PIPELINE {containerID=#3} | ret=SUCCESS |  
2019-08-24 00:12:14,224 | INFO  | OMAudit | user=null | ip=null | op=READ_KEY {volume=volume36419, bucket=bucket68587, key=cDHzl65, dataSize=0, replicationType=null, replicationFactor=null, keyLocationInfo=null} | ret=SUCCESS |  
2019-08-24 00:12:14,225 | INFO  | SCMAudit | user=jenkins1000 | ip=192.168.5.142 | op=GET_CONTAINER_WITH_PIPELINE {containerID=#3} | ret=SUCCESS |  
2019-08-24 00:12:14,225 | INFO  | OMAudit | user=null | ip=null | op=READ_KEY {volume=volume36419, bucket=bucket68587, key=vfyyi83, dataSize=0, replicationType=null, replicationFactor=null, keyLocationInfo=null} | ret=SUCCESS |  
2019-08-24 00:12:14,225 | INFO  | SCMAudit | user=jenkins1000 | ip=192.168.5.142 | op=GET_CONTAINER_WITH_PIPELINE {containerID=#2} | ret=SUCCESS |  
2019-08-24 00:12:14,226 | INFO  | OMAudit | user=null | ip=null | op=READ_KEY {volume=volume36419, bucket=bucket68587, key=ZalWj1, dataSize=0, replicationType=null, replicationFactor=null, keyLocationInfo=null} | ret=SUCCESS |  
2019-08-24 00:12:14,226 | INFO  | SCMAudit | user=jenkins1000 | ip=192.168.5.142 | op=GET_CONTAINER_WITH_PIPELINE {containerID=#2} | ret=SUCCESS |  
2019-08-24 00:12:14,227 | INFO  | OMAudit | user=null | ip=null | op=READ_KEY {volume=volume36419, bucket=bucket68587, key=aANuY82, dataSize=0, replicationType=null, replicationFactor=null, keyLocationInfo=null} | ret=SUCCESS |  
2019-08-24 00:12:14,227 | INFO  | SCMAudit | user=jenkins1000 | ip=192.168.5.142 | op=GET_CONTAINER_WITH_PIPELINE {containerID=#1} | ret=SUCCESS |  
2019-08-24 00:12:14,227 | INFO  | OMAudit | user=null | ip=null | op=READ_KEY {volume=volume36419, bucket=bucket68587, key=eFvuY45, dataSize=0, replicationType=null, replicationFactor=null, keyLocationInfo=null} | ret=SUCCESS |  
2019-08-24 00:12:14,228 | INFO  | SCMAudit | user=jenkins1000 | ip=192.168.5.142 | op=GET_CONTAINER_WITH_PIPELINE {containerID=#2} | ret=SUCCESS |  
2019-08-24 00:12:14,228 | INFO  | OMAudit | user=null | ip=null | op=READ_KEY {volume=volume36419, bucket=bucket68587, key=LOrff34, dataSize=0, replicationType=null, replicationFactor=null, keyLocationInfo=null} | ret=SUCCESS |  
2019-08-24 00:12:14,229 | INFO  | SCMAudit | user=jenkins1000 | ip=192.168.5.142 | op=GET_CONTAINER_WITH_PIPELINE {containerID=#1} | ret=SUCCESS |  
2019-08-24 00:12:14,229 | INFO  | OMAudit | user=null | ip=null | op=READ_KEY {volume=volume36419, bucket=bucket68587, key=nHYRc0, dataSize=0, replicationType=null, replicationFactor=null, keyLocationInfo=null} | ret=SUCCESS |  
2019-08-24 00:12:14,230 | INFO  | SCMAudit | user=jenkins1000 | ip=192.168.5.142 | op=GET_CONTAINER_WITH_PIPELINE {containerID=#3} | ret=SUCCESS |  
2019-08-24 00:12:14,230 | INFO  | OMAudit | user=null | ip=null | op=READ_KEY {volume=volume36419, bucket=bucket68587, key=URJYy74, dataSize=0, replicationType=null, replicationFactor=null, keyLocationInfo=null} | ret=SUCCESS |  
2019-08-24 00:12:14,230 | INFO  | SCMAudit | user=jenkins1000 | ip=192.168.5.142 | op=GET_CONTAINER_WITH_PIPELINE {containerID=#2} | ret=SUCCESS |  
2019-08-24 00:12:14,231 | INFO  | OMAudit | user=null | ip=null | op=READ_KEY {volume=volume36419, bucket=bucket68587, key=DINqN52, dataSize=0, replicationType=null, replicationFactor=null, keyLocationInfo=null} | ret=SUCCESS |  
2019-08-24 00:12:14,231 | INFO  | SCMAudit | user=jenkins1000 | ip=192.168.5.142 | op=GET_CONTAINER_WITH_PIPELINE {containerID=#1} | ret=SUCCESS |  
2019-08-24 00:12:14,231 | INFO  | OMAudit | user=null | ip=null | op=READ_KEY {volume=volume36419, bucket=bucket68587, key=fFizI63, dataSize=0, replicationType=null, replicationFactor=null, keyLocationInfo=null} | ret=SUCCESS |  
2019-08-24 00:12:14,232 | INFO  | SCMAudit | user=jenkins1000 | ip=192.168.5.142 | op=GET_CONTAINER_WITH_PIPELINE {containerID=#1} | ret=SUCCESS |  
2019-08-24 00:12:14,232 | INFO  | OMAudit | user=null | ip=null | op=READ_KEY {volume=volume36419, bucket=bucket68587, key=YGLlw99, dataSize=0, replicationType=null, replicationFactor=null, keyLocationInfo=null} | ret=SUCCESS |  
2019-08-24 00:12:14,232 | INFO  | SCMAudit | user=jenkins1000 | ip=192.168.5.142 | op=GET_CONTAINER_WITH_PIPELINE {containerID=#1} | ret=SUCCESS |  
2019-08-24 00:12:14,233 | INFO  | OMAudit | user=null | ip=null | op=READ_KEY {volume=volume36419, bucket=bucket68587, key=qOILq18, dataSize=0, replicationType=null, replicationFactor=null, keyLocationInfo=null} | ret=SUCCESS |  
2019-08-24 00:12:14,233 | INFO  | SCMAudit | user=jenkins1000 | ip=192.168.5.142 | op=GET_CONTAINER_WITH_PIPELINE {containerID=#1} | ret=SUCCESS |  
2019-08-24 00:12:14,233 | INFO  | OMAudit | user=null | ip=null | op=READ_KEY {volume=volume36419, bucket=bucket68587, key=TakoW36, dataSize=0, replicationType=null, replicationFactor=null, keyLocationInfo=null} | ret=SUCCESS |  
2019-08-24 00:12:14,234 | INFO  | SCMAudit | user=jenkins1000 | ip=192.168.5.142 | op=GET_CONTAINER_WITH_PIPELINE {containerID=#1} | ret=SUCCESS |  
2019-08-24 00:12:14,234 | INFO  | OMAudit | user=null | ip=null | op=READ_KEY {volume=volume36419, bucket=bucket68587, key=aqljZ27, dataSize=0, replicationType=null, replicationFactor=null, keyLocationInfo=null} | ret=SUCCESS |  
2019-08-24 00:12:14,234 | INFO  | SCMAudit | user=jenkins1000 | ip=192.168.5.142 | op=GET_CONTAINER_WITH_PIPELINE {containerID=#3} | ret=SUCCESS |  
2019-08-24 00:12:14,235 | INFO  | OMAudit | user=null | ip=null | op=READ_KEY {volume=volume36419, bucket=bucket68587, key=wSsun56, dataSize=0, replicationType=null, replicationFactor=null, keyLocationInfo=null} | ret=SUCCESS |  
2019-08-24 00:12:14,235 | INFO  | SCMAudit | user=jenkins1000 | ip=192.168.5.142 | op=GET_CONTAINER_WITH_PIPELINE {containerID=#3} | ret=SUCCESS |  
2019-08-24 00:12:14,235 | INFO  | OMAudit | user=null | ip=null | op=READ_KEY {volume=volume36419, bucket=bucket68587, key=WXxqU44, dataSize=0, replicationType=null, replicationFactor=null, keyLocationInfo=null} | ret=SUCCESS |  
2019-08-24 00:12:14,236 | INFO  | SCMAudit | user=jenkins1000 | ip=192.168.5.142 | op=GET_CONTAINER_WITH_PIPELINE {containerID=#2} | ret=SUCCESS |  
2019-08-24 00:12:14,236 | INFO  | OMAudit | user=null | ip=null | op=READ_KEY {volume=volume36419, bucket=bucket68587, key=uQSQI61, dataSize=0, replicationType=null, replicationFactor=null, keyLocationInfo=null} | ret=SUCCESS |  
2019-08-24 00:12:14,237 | INFO  | SCMAudit | user=jenkins1000 | ip=192.168.5.142 | op=GET_CONTAINER_WITH_PIPELINE {containerID=#3} | ret=SUCCESS |  
2019-08-24 00:12:14,237 | INFO  | OMAudit | user=null | ip=null | op=READ_KEY {volume=volume36419, bucket=bucket68587, key=KNTgl38, dataSize=0, replicationType=null, replicationFactor=null, keyLocationInfo=null} | ret=SUCCESS |  
2019-08-24 00:12:14,237 | INFO  | SCMAudit | user=jenkins1000 | ip=192.168.5.142 | op=GET_CONTAINER_WITH_PIPELINE {containerID=#2} | ret=SUCCESS |  
2019-08-24 00:12:14,238 | INFO  | OMAudit | user=null | ip=null | op=READ_KEY {volume=volume36419, bucket=bucket68587, key=ysuXT91, dataSize=0, replicationType=null, replicationFactor=null, keyLocationInfo=null} | ret=SUCCESS |  
2019-08-24 00:12:14,238 | INFO  | SCMAudit | user=jenkins1000 | ip=192.168.5.142 | op=GET_CONTAINER_WITH_PIPELINE {containerID=#1} | ret=SUCCESS |  
2019-08-24 00:12:14,238 | INFO  | OMAudit | user=null | ip=null | op=READ_KEY {volume=volume36419, bucket=bucket68587, key=sooYb54, dataSize=0, replicationType=null, replicationFactor=null, keyLocationInfo=null} | ret=SUCCESS |  
2019-08-24 00:12:14,239 | INFO  | SCMAudit | user=jenkins1000 | ip=192.168.5.142 | op=GET_CONTAINER_WITH_PIPELINE {containerID=#1} | ret=SUCCESS |  
2019-08-24 00:12:14,239 | INFO  | OMAudit | user=null | ip=null | op=READ_KEY {volume=volume36419, bucket=bucket68587, key=EYHKo87, dataSize=0, replicationType=null, replicationFactor=null, keyLocationInfo=null} | ret=SUCCESS |  
2019-08-24 00:12:14,240 | INFO  | SCMAudit | user=jenkins1000 | ip=192.168.5.142 | op=GET_CONTAINER_WITH_PIPELINE {containerID=#2} | ret=SUCCESS |  
2019-08-24 00:12:14,240 | INFO  | OMAudit | user=null | ip=null | op=READ_KEY {volume=volume36419, bucket=bucket68587, key=OAQWV7, dataSize=0, replicationType=null, replicationFactor=null, keyLocationInfo=null} | ret=SUCCESS |  
2019-08-24 00:12:14,241 | INFO  | SCMAudit | user=jenkins1000 | ip=192.168.5.142 | op=GET_CONTAINER_WITH_PIPELINE {containerID=#1} | ret=SUCCESS |  
2019-08-24 00:12:14,241 | INFO  | OMAudit | user=null | ip=null | op=READ_KEY {volume=volume36419, bucket=bucket68587, key=DywyV75, dataSize=0, replicationType=null, replicationFactor=null, keyLocationInfo=null} | ret=SUCCESS |  
2019-08-24 00:12:14,241 | INFO  | SCMAudit | user=jenkins1000 | ip=192.168.5.142 | op=GET_CONTAINER_WITH_PIPELINE {containerID=#3} | ret=SUCCESS |  
2019-08-24 00:12:14,242 | INFO  | OMAudit | user=null | ip=null | op=READ_KEY {volume=volume36419, bucket=bucket68587, key=dnZTJ95, dataSize=0, replicationType=null, replicationFactor=null, keyLocationInfo=null} | ret=SUCCESS |  
2019-08-24 00:12:14,242 | INFO  | SCMAudit | user=jenkins1000 | ip=192.168.5.142 | op=GET_CONTAINER_WITH_PIPELINE {containerID=#2} | ret=SUCCESS |  
2019-08-24 00:12:14,242 | INFO  | OMAudit | user=null | ip=null | op=READ_KEY {volume=volume36419, bucket=bucket68587, key=LLcra22, dataSize=0, replicationType=null, replicationFactor=null, keyLocationInfo=null} | ret=SUCCESS |  
2019-08-24 00:12:14,243 | INFO  | SCMAudit | user=jenkins1000 | ip=192.168.5.142 | op=GET_CONTAINER_WITH_PIPELINE {containerID=#3} | ret=SUCCESS |  
2019-08-24 00:12:14,243 | INFO  | OMAudit | user=null | ip=null | op=READ_KEY {volume=volume36419, bucket=bucket68587, key=FDEKs86, dataSize=0, replicationType=null, replicationFactor=null, keyLocationInfo=null} | ret=SUCCESS |  
2019-08-24 00:12:14,244 | INFO  | SCMAudit | user=jenkins1000 | ip=192.168.5.142 | op=GET_CONTAINER_WITH_PIPELINE {containerID=#1} | ret=SUCCESS |  
2019-08-24 00:12:14,244 | INFO  | OMAudit | user=null | ip=null | op=READ_KEY {volume=volume36419, bucket=bucket68587, key=ydEkO81, dataSize=0, replicationType=null, replicationFactor=null, keyLocationInfo=null} | ret=SUCCESS |  
2019-08-24 00:12:14,244 | INFO  | SCMAudit | user=jenkins1000 | ip=192.168.5.142 | op=GET_CONTAINER_WITH_PIPELINE {containerID=#3} | ret=SUCCESS |  
2019-08-24 00:12:14,245 | INFO  | OMAudit | user=null | ip=null | op=READ_KEY {volume=volume36419, bucket=bucket68587, key=LHUHs32, dataSize=0, replicationType=null, replicationFactor=null, keyLocationInfo=null} | ret=SUCCESS |  
2019-08-24 00:12:14,245 | INFO  | SCMAudit | user=jenkins1000 | ip=192.168.5.142 | op=GET_CONTAINER_WITH_PIPELINE {containerID=#3} | ret=SUCCESS |  
2019-08-24 00:12:14,245 | INFO  | OMAudit | user=null | ip=null | op=READ_KEY {volume=volume36419, bucket=bucket68587, key=XbveK80, dataSize=0, replicationType=null, replicationFactor=null, keyLocationInfo=null} | ret=SUCCESS |  
2019-08-24 00:12:14,246 | INFO  | SCMAudit | user=jenkins1000 | ip=192.168.5.142 | op=GET_CONTAINER_WITH_PIPELINE {containerID=#3} | ret=SUCCESS |  
2019-08-24 00:12:14,246 | INFO  | OMAudit | user=null | ip=null | op=READ_KEY {volume=volume36419, bucket=bucket68587, key=jyzOO50, dataSize=0, replicationType=null, replicationFactor=null, keyLocationInfo=null} | ret=SUCCESS |  
2019-08-24 00:12:14,246 | INFO  | SCMAudit | user=jenkins1000 | ip=192.168.5.142 | op=GET_CONTAINER_WITH_PIPELINE {containerID=#2} | ret=SUCCESS |  
2019-08-24 00:12:14,247 | INFO  | OMAudit | user=null | ip=null | op=READ_KEY {volume=volume36419, bucket=bucket68587, key=BDvwy76, dataSize=0, replicationType=null, replicationFactor=null, keyLocationInfo=null} | ret=SUCCESS |  
2019-08-24 00:12:14,247 | INFO  | SCMAudit | user=jenkins1000 | ip=192.168.5.142 | op=GET_CONTAINER_WITH_PIPELINE {containerID=#3} | ret=SUCCESS |  
2019-08-24 00:12:14,247 | INFO  | OMAudit | user=null | ip=null | op=READ_KEY {volume=volume36419, bucket=bucket68587, key=wSlSo68, dataSize=0, replicationType=null, replicationFactor=null, keyLocationInfo=null} | ret=SUCCESS |  
2019-08-24 00:12:14,248 | INFO  | SCMAudit | user=jenkins1000 | ip=192.168.5.142 | op=GET_CONTAINER_WITH_PIPELINE {containerID=#3} | ret=SUCCESS |  
2019-08-24 00:12:14,248 | INFO  | OMAudit | user=null | ip=null | op=READ_KEY {volume=volume36419, bucket=bucket68587, key=THIHt20, dataSize=0, replicationType=null, replicationFactor=null, keyLocationInfo=null} | ret=SUCCESS |  
2019-08-24 00:12:14,248 | INFO  | SCMAudit | user=jenkins1000 | ip=192.168.5.142 | op=GET_CONTAINER_WITH_PIPELINE {containerID=#1} | ret=SUCCESS |  
2019-08-24 00:12:14,248 | INFO  | OMAudit | user=null | ip=null | op=READ_KEY {volume=volume36419, bucket=bucket68587, key=nqkSs3, dataSize=0, replicationType=null, replicationFactor=null, keyLocationInfo=null} | ret=SUCCESS |  
2019-08-24 00:12:14,249 | INFO  | SCMAudit | user=jenkins1000 | ip=192.168.5.142 | op=GET_CONTAINER_WITH_PIPELINE {containerID=#2} | ret=SUCCESS |  
2019-08-24 00:12:14,249 | INFO  | OMAudit | user=null | ip=null | op=READ_KEY {volume=volume36419, bucket=bucket68587, key=mzFxy46, dataSize=0, replicationType=null, replicationFactor=null, keyLocationInfo=null} | ret=SUCCESS |  
2019-08-24 00:12:14,249 | INFO  | SCMAudit | user=jenkins1000 | ip=192.168.5.142 | op=GET_CONTAINER_WITH_PIPELINE {containerID=#3} | ret=SUCCESS |  
2019-08-24 00:12:14,250 | INFO  | OMAudit | user=null | ip=null | op=READ_KEY {volume=volume36419, bucket=bucket68587, key=CKEwO77, dataSize=0, replicationType=null, replicationFactor=null, keyLocationInfo=null} | ret=SUCCESS |  
2019-08-24 00:12:14,250 | INFO  | SCMAudit | user=jenkins1000 | ip=192.168.5.142 | op=GET_CONTAINER_WITH_PIPELINE {containerID=#3} | ret=SUCCESS |  
2019-08-24 00:12:14,250 | INFO  | OMAudit | user=null | ip=null | op=READ_KEY {volume=volume36419, bucket=bucket68587, key=TjzPO92, dataSize=0, replicationType=null, replicationFactor=null, keyLocationInfo=null} | ret=SUCCESS |  
2019-08-24 00:12:14,251 | INFO  | SCMAudit | user=jenkins1000 | ip=192.168.5.142 | op=GET_CONTAINER_WITH_PIPELINE {containerID=#1} | ret=SUCCESS |  
2019-08-24 00:12:14,251 | INFO  | OMAudit | user=null | ip=null | op=READ_KEY {volume=volume36419, bucket=bucket68587, key=KFUxs72, dataSize=0, replicationType=null, replicationFactor=null, keyLocationInfo=null} | ret=SUCCESS |  
2019-08-24 00:12:14,252 | INFO  | SCMAudit | user=jenkins1000 | ip=192.168.5.142 | op=GET_CONTAINER_WITH_PIPELINE {containerID=#3} | ret=SUCCESS |  
2019-08-24 00:12:14,252 | INFO  | OMAudit | user=null | ip=null | op=READ_KEY {volume=volume36419, bucket=bucket68587, key=tKxTZ17, dataSize=0, replicationType=null, replicationFactor=null, keyLocationInfo=null} | ret=SUCCESS |  
2019-08-24 00:12:14,252 | INFO  | SCMAudit | user=jenkins1000 | ip=192.168.5.142 | op=GET_CONTAINER_WITH_PIPELINE {containerID=#3} | ret=SUCCESS |  
2019-08-24 00:12:14,253 | INFO  | OMAudit | user=null | ip=null | op=READ_KEY {volume=volume36419, bucket=bucket68587, key=KzUEl98, dataSize=0, replicationType=null, replicationFactor=null, keyLocationInfo=null} | ret=SUCCESS |  
2019-08-24 00:12:14,253 | INFO  | SCMAudit | user=jenkins1000 | ip=192.168.5.142 | op=GET_CONTAINER_WITH_PIPELINE {containerID=#1} | ret=SUCCESS |  
2019-08-24 00:12:14,253 | INFO  | OMAudit | user=null | ip=null | op=READ_KEY {volume=volume36419, bucket=bucket68587, key=rOnqe57, dataSize=0, replicationType=null, replicationFactor=null, keyLocationInfo=null} | ret=SUCCESS |  
2019-08-24 00:12:14,254 | INFO  | SCMAudit | user=jenkins1000 | ip=192.168.5.142 | op=GET_CONTAINER_WITH_PIPELINE {containerID=#3} | ret=SUCCESS |  
2019-08-24 00:12:14,254 | INFO  | OMAudit | user=null | ip=null | op=READ_KEY {volume=volume36419, bucket=bucket68587, key=OeKbc71, dataSize=0, replicationType=null, replicationFactor=null, keyLocationInfo=null} | ret=SUCCESS |  
2019-08-24 00:12:14,255 | INFO  | SCMAudit | user=jenkins1000 | ip=192.168.5.142 | op=GET_CONTAINER_WITH_PIPELINE {containerID=#2} | ret=SUCCESS |  
2019-08-24 00:12:14,255 | INFO  | OMAudit | user=null | ip=null | op=READ_KEY {volume=volume36419, bucket=bucket68587, key=CLwAf19, dataSize=0, replicationType=null, replicationFactor=null, keyLocationInfo=null} | ret=SUCCESS |  
2019-08-24 00:12:14,255 | INFO  | SCMAudit | user=jenkins1000 | ip=192.168.5.142 | op=GET_CONTAINER_WITH_PIPELINE {containerID=#2} | ret=SUCCESS |  
2019-08-24 00:12:14,255 | INFO  | OMAudit | user=null | ip=null | op=READ_KEY {volume=volume36419, bucket=bucket68587, key=dziMh64, dataSize=0, replicationType=null, replicationFactor=null, keyLocationInfo=null} | ret=SUCCESS |  
2019-08-24 00:12:14,256 | INFO  | SCMAudit | user=jenkins1000 | ip=192.168.5.142 | op=GET_CONTAINER_WITH_PIPELINE {containerID=#2} | ret=SUCCESS |  
2019-08-24 00:12:14,256 | INFO  | OMAudit | user=null | ip=null | op=READ_KEY {volume=volume36419, bucket=bucket68587, key=vTcvy79, dataSize=0, replicationType=null, replicationFactor=null, keyLocationInfo=null} | ret=SUCCESS |  
2019-08-24 00:12:14,256 | INFO  | SCMAudit | user=jenkins1000 | ip=192.168.5.142 | op=GET_CONTAINER_WITH_PIPELINE {containerID=#3} | ret=SUCCESS |  
2019-08-24 00:12:14,257 | INFO  | OMAudit | user=null | ip=null | op=READ_KEY {volume=volume36419, bucket=bucket68587, key=CBeXC23, dataSize=0, replicationType=null, replicationFactor=null, keyLocationInfo=null} | ret=SUCCESS |  
2019-08-24 00:12:14,257 | INFO  | SCMAudit | user=jenkins1000 | ip=192.168.5.142 | op=GET_CONTAINER_WITH_PIPELINE {containerID=#2} | ret=SUCCESS |  
2019-08-24 00:12:14,257 | INFO  | OMAudit | user=null | ip=null | op=READ_KEY {volume=volume36419, bucket=bucket68587, key=UaMwS25, dataSize=0, replicationType=null, replicationFactor=null, keyLocationInfo=null} | ret=SUCCESS |  
2019-08-24 00:12:14,258 | INFO  | SCMAudit | user=jenkins1000 | ip=192.168.5.142 | op=GET_CONTAINER_WITH_PIPELINE {containerID=#3} | ret=SUCCESS |  
2019-08-24 00:12:14,258 | INFO  | OMAudit | user=null | ip=null | op=READ_KEY {volume=volume36419, bucket=bucket68587, key=Xygjy62, dataSize=0, replicationType=null, replicationFactor=null, keyLocationInfo=null} | ret=SUCCESS |  
2019-08-24 00:12:14,258 | INFO  | SCMAudit | user=jenkins1000 | ip=192.168.5.142 | op=GET_CONTAINER_WITH_PIPELINE {containerID=#2} | ret=SUCCESS |  
2019-08-24 00:12:14,259 | INFO  | OMAudit | user=null | ip=null | op=READ_KEY {volume=volume36419, bucket=bucket68587, key=wAYUy85, dataSize=0, replicationType=null, replicationFactor=null, keyLocationInfo=null} | ret=SUCCESS |  
2019-08-24 00:12:14,259 | INFO  | SCMAudit | user=jenkins1000 | ip=192.168.5.142 | op=GET_CONTAINER_WITH_PIPELINE {containerID=#1} | ret=SUCCESS |  
2019-08-24 00:12:14,259 | INFO  | OMAudit | user=null | ip=null | op=READ_KEY {volume=volume36419, bucket=bucket68587, key=ULGGT66, dataSize=0, replicationType=null, replicationFactor=null, keyLocationInfo=null} | ret=SUCCESS |  
2019-08-24 00:12:14,260 | INFO  | SCMAudit | user=jenkins1000 | ip=192.168.5.142 | op=GET_CONTAINER_WITH_PIPELINE {containerID=#3} | ret=SUCCESS |  
2019-08-24 00:12:14,260 | INFO  | OMAudit | user=null | ip=null | op=READ_KEY {volume=volume36419, bucket=bucket68587, key=ZiYvM5, dataSize=0, replicationType=null, replicationFactor=null, keyLocationInfo=null} | ret=SUCCESS |  
2019-08-24 00:12:14,261 | INFO  | SCMAudit | user=jenkins1000 | ip=192.168.5.142 | op=GET_CONTAINER_WITH_PIPELINE {containerID=#1} | ret=SUCCESS |  
2019-08-24 00:12:14,261 | INFO  | OMAudit | user=null | ip=null | op=READ_KEY {volume=volume36419, bucket=bucket68587, key=qrNEx39, dataSize=0, replicationType=null, replicationFactor=null, keyLocationInfo=null} | ret=SUCCESS |  
2019-08-24 00:12:14,261 | INFO  | SCMAudit | user=jenkins1000 | ip=192.168.5.142 | op=GET_CONTAINER_WITH_PIPELINE {containerID=#1} | ret=SUCCESS |  
2019-08-24 00:12:14,261 | INFO  | OMAudit | user=null | ip=null | op=READ_KEY {volume=volume36419, bucket=bucket68587, key=xsCsI42, dataSize=0, replicationType=null, replicationFactor=null, keyLocationInfo=null} | ret=SUCCESS |  
2019-08-24 00:12:14,262 | INFO  | SCMAudit | user=jenkins1000 | ip=192.168.5.142 | op=GET_CONTAINER_WITH_PIPELINE {containerID=#1} | ret=SUCCESS |  
2019-08-24 00:12:14,262 | INFO  | OMAudit | user=null | ip=null | op=READ_KEY {volume=volume36419, bucket=bucket68587, key=mCGFG15, dataSize=0, replicationType=null, replicationFactor=null, keyLocationInfo=null} | ret=SUCCESS |  
2019-08-24 00:12:14,262 | INFO  | SCMAudit | user=jenkins1000 | ip=192.168.5.142 | op=GET_CONTAINER_WITH_PIPELINE {containerID=#1} | ret=SUCCESS |  
2019-08-24 00:12:14,263 | INFO  | OMAudit | user=null | ip=null | op=READ_KEY {volume=volume36419, bucket=bucket68587, key=WlYpB12, dataSize=0, replicationType=null, replicationFactor=null, keyLocationInfo=null} | ret=SUCCESS |  
2019-08-24 00:12:14,263 | INFO  | SCMAudit | user=jenkins1000 | ip=192.168.5.142 | op=GET_CONTAINER_WITH_PIPELINE {containerID=#1} | ret=SUCCESS |  
2019-08-24 00:12:14,263 | INFO  | OMAudit | user=null | ip=null | op=READ_KEY {volume=volume36419, bucket=bucket68587, key=mDMpL69, dataSize=0, replicationType=null, replicationFactor=null, keyLocationInfo=null} | ret=SUCCESS |  
2019-08-24 00:12:14,264 | INFO  | SCMAudit | user=jenkins1000 | ip=192.168.5.142 | op=GET_CONTAINER_WITH_PIPELINE {containerID=#2} | ret=SUCCESS |  
2019-08-24 00:12:14,264 | INFO  | OMAudit | user=null | ip=null | op=READ_KEY {volume=volume36419, bucket=bucket68587, key=LjorV16, dataSize=0, replicationType=null, replicationFactor=null, keyLocationInfo=null} | ret=SUCCESS |  
2019-08-24 00:12:14,264 | INFO  | SCMAudit | user=jenkins1000 | ip=192.168.5.142 | op=GET_CONTAINER_WITH_PIPELINE {containerID=#1} | ret=SUCCESS |  
2019-08-24 00:12:14,265 | INFO  | OMAudit | user=null | ip=null | op=READ_KEY {volume=volume36419, bucket=bucket68587, key=xvrln78, dataSize=0, replicationType=null, replicationFactor=null, keyLocationInfo=null} | ret=SUCCESS |  
2019-08-24 00:12:14,265 | INFO  | SCMAudit | user=jenkins1000 | ip=192.168.5.142 | op=GET_CONTAINER_WITH_PIPELINE {containerID=#1} | ret=SUCCESS |  
2019-08-24 00:12:14,265 | INFO  | OMAudit | user=null | ip=null | op=READ_KEY {volume=volume36419, bucket=bucket68587, key=GSZqK90, dataSize=0, replicationType=null, replicationFactor=null, keyLocationInfo=null} | ret=SUCCESS |  
2019-08-24 00:12:14,266 | INFO  | SCMAudit | user=jenkins1000 | ip=192.168.5.142 | op=GET_CONTAINER_WITH_PIPELINE {containerID=#1} | ret=SUCCESS |  
2019-08-24 00:12:14,266 | INFO  | OMAudit | user=null | ip=null | op=READ_KEY {volume=volume36419, bucket=bucket68587, key=NfHcY21, dataSize=0, replicationType=null, replicationFactor=null, keyLocationInfo=null} | ret=SUCCESS |  
2019-08-24 00:12:14,266 | INFO  | SCMAudit | user=jenkins1000 | ip=192.168.5.142 | op=GET_CONTAINER_WITH_PIPELINE {containerID=#3} | ret=SUCCESS |  
2019-08-24 00:12:14,267 | INFO  | OMAudit | user=null | ip=null | op=READ_KEY {volume=volume36419, bucket=bucket68587, key=xZqNw26, dataSize=0, replicationType=null, replicationFactor=null, keyLocationInfo=null} | ret=SUCCESS |  
2019-08-24 00:12:14,267 | INFO  | SCMAudit | user=jenkins1000 | ip=192.168.5.142 | op=GET_CONTAINER_WITH_PIPELINE {containerID=#3} | ret=SUCCESS |  
2019-08-24 00:12:14,267 | INFO  | OMAudit | user=null | ip=null | op=READ_KEY {volume=volume36419, bucket=bucket68587, key=SdRnn59, dataSize=0, replicationType=null, replicationFactor=null, keyLocationInfo=null} | ret=SUCCESS |  
2019-08-24 00:12:14,268 | INFO  | SCMAudit | user=jenkins1000 | ip=192.168.5.142 | op=GET_CONTAINER_WITH_PIPELINE {containerID=#1} | ret=SUCCESS |  
2019-08-24 00:12:14,268 | INFO  | OMAudit | user=null | ip=null | op=READ_KEY {volume=volume36419, bucket=bucket68587, key=NVwPV9, dataSize=0, replicationType=null, replicationFactor=null, keyLocationInfo=null} | ret=SUCCESS |  
2019-08-24 00:12:14,268 | INFO  | SCMAudit | user=jenkins1000 | ip=192.168.5.142 | op=GET_CONTAINER_WITH_PIPELINE {containerID=#2} | ret=SUCCESS |  
2019-08-24 00:12:14,269 | INFO  | OMAudit | user=null | ip=null | op=READ_KEY {volume=volume36419, bucket=bucket68587, key=qknLb70, dataSize=0, replicationType=null, replicationFactor=null, keyLocationInfo=null} | ret=SUCCESS |  
2019-08-24 00:12:14,269 | INFO  | SCMAudit | user=jenkins1000 | ip=192.168.5.142 | op=GET_CONTAINER_WITH_PIPELINE {containerID=#3} | ret=SUCCESS |  
2019-08-24 00:12:14,269 | INFO  | OMAudit | user=null | ip=null | op=READ_KEY {volume=volume36419, bucket=bucket68587, key=eRazc35, dataSize=0, replicationType=null, replicationFactor=null, keyLocationInfo=null} | ret=SUCCESS |  
2019-08-24 00:12:14,270 | INFO  | SCMAudit | user=jenkins1000 | ip=192.168.5.142 | op=GET_CONTAINER_WITH_PIPELINE {containerID=#2} | ret=SUCCESS |  
2019-08-24 00:12:14,270 | INFO  | OMAudit | user=null | ip=null | op=READ_KEY {volume=volume36419, bucket=bucket68587, key=kCbhM4, dataSize=0, replicationType=null, replicationFactor=null, keyLocationInfo=null} | ret=SUCCESS |  
2019-08-24 00:12:14,270 | INFO  | SCMAudit | user=jenkins1000 | ip=192.168.5.142 | op=GET_CONTAINER_WITH_PIPELINE {containerID=#1} | ret=SUCCESS |  
2019-08-24 00:12:14,271 | INFO  | OMAudit | user=null | ip=null | op=READ_KEY {volume=volume36419, bucket=bucket68587, key=FldOe33, dataSize=0, replicationType=null, replicationFactor=null, keyLocationInfo=null} | ret=SUCCESS |  
2019-08-24 00:12:14,271 | INFO  | SCMAudit | user=jenkins1000 | ip=192.168.5.142 | op=GET_CONTAINER_WITH_PIPELINE {containerID=#1} | ret=SUCCESS |  
2019-08-24 00:12:14,271 | INFO  | OMAudit | user=null | ip=null | op=READ_KEY {volume=volume36419, bucket=bucket68587, key=ZyBit96, dataSize=0, replicationType=null, replicationFactor=null, keyLocationInfo=null} | ret=SUCCESS |  
2019-08-24 00:12:14,272 | INFO  | SCMAudit | user=jenkins1000 | ip=192.168.5.142 | op=GET_CONTAINER_WITH_PIPELINE {containerID=#3} | ret=SUCCESS |  
2019-08-24 00:12:14,272 | INFO  | OMAudit | user=null | ip=null | op=READ_KEY {volume=volume36419, bucket=bucket68587, key=fYpUP53, dataSize=0, replicationType=null, replicationFactor=null, keyLocationInfo=null} | ret=SUCCESS |  
2019-08-24 00:12:14,273 | INFO  | OMAudit | user=null | ip=null | op=CREATE_VOLUME {admin=admin31191, owner=user61448, volume=volume40164, creationTime=1566605534273, quotaInBytes=10000} | ret=SUCCESS |  
2019-08-24 00:12:14,274 | ERROR | OMAudit | user=null | ip=null | op=CREATE_BUCKET {volume=volume40164, bucket=bucket99165, acls=[], isVersionEnabled=false, storageType=DISK, creationTime=0} | ret=FAILURE | VOLUME_NOT_FOUND org.apache.hadoop.ozone.om.exceptions.OMException: Volume doesn't exist
	at org.apache.hadoop.ozone.om.BucketManagerImpl.createBucket(BucketManagerImpl.java:130)
	at org.apache.hadoop.ozone.om.OzoneManager.createBucket(OzoneManager.java:2089) 
2019-08-24 00:12:14,276 [Thread-1095] INFO  ozone.MiniOzoneClusterImpl (MiniOzoneClusterImpl.java:shutdown(321)) - Shutting down the Mini Ozone Cluster
2019-08-24 00:12:14,276 | INFO  | SCMAudit | user=null | ip=null | op=GET_SCM_INFO null | ret=SUCCESS |  
2019-08-24 00:12:14,276 [Thread-1095] INFO  ozone.MiniOzoneClusterImpl (MiniOzoneClusterImpl.java:stop(336)) - Stopping the Mini Ozone Cluster
2019-08-24 00:12:14,277 [Thread-1095] INFO  ozone.MiniOzoneClusterImpl (MiniOzoneClusterImpl.java:stop(338)) - Stopping the OzoneManager
2019-08-24 00:12:14,277 [Thread-1095] INFO  ipc.Server (Server.java:stop(3082)) - Stopping server on 33111
2019-08-24 00:12:14,279 [IPC Server listener on 33111] INFO  ipc.Server (Server.java:run(1185)) - Stopping IPC Server listener on 33111
2019-08-24 00:12:14,279 [IPC Server Responder] INFO  ipc.Server (Server.java:run(1319)) - Stopping IPC Server Responder
2019-08-24 00:12:14,279 [Thread-1095] INFO  ratis.OzoneManagerDoubleBuffer (OzoneManagerDoubleBuffer.java:stop(248)) - Stopping OMDoubleBuffer flush thread
2019-08-24 00:12:14,279 [OMDoubleBufferFlushThread] INFO  ratis.OzoneManagerDoubleBuffer (OzoneManagerDoubleBuffer.java:flushTransactions(191)) - OMDoubleBuffer flush thread OMDoubleBufferFlushThread is interrupted and will exit. OMDoubleBufferFlushThread
2019-08-24 00:12:14,279 [Thread-1095] INFO  utils.BackgroundService (BackgroundService.java:shutdown(148)) - Shutting down service KeyDeletingService
2019-08-24 00:12:14,280 [Thread-1095] INFO  handler.ContextHandler (ContextHandler.java:doStop(910)) - Stopped o.e.j.w.WebAppContext@4d1787ce{/,null,UNAVAILABLE}{/ozoneManager}
2019-08-24 00:12:14,281 [Thread-1095] INFO  server.AbstractConnector (AbstractConnector.java:doStop(318)) - Stopped ServerConnector@3b317478{HTTP/1.1,[http/1.1]}{0.0.0.0:0}
2019-08-24 00:12:14,281 [Thread-1095] INFO  handler.ContextHandler (ContextHandler.java:doStop(910)) - Stopped o.e.j.s.ServletContextHandler@5bbea149{/static,file:///workdir/hadoop-ozone/integration-test/target/test-classes/webapps/static,UNAVAILABLE}
2019-08-24 00:12:14,282 [Thread-1095] INFO  handler.ContextHandler (ContextHandler.java:doStop(910)) - Stopped o.e.j.s.ServletContextHandler@d223f0e{/logs,file:///workdir/hadoop-ozone/integration-test/target/log,UNAVAILABLE}
2019-08-24 00:12:14,284 [Thread-1095] INFO  ozone.MiniOzoneClusterImpl (MiniOzoneClusterImpl.java:stop(344)) - Shutting the HddsDatanodes
2019-08-24 00:12:14,284 [Thread-1095] INFO  datanode.ObjectStoreHandler (ObjectStoreHandler.java:close(155)) - Closing ObjectStoreHandler.
2019-08-24 00:12:14,284 [Thread-1095] INFO  ozone.HddsDatanodeService (HddsDatanodeService.java:stop(451)) - Stopped plug-in org.apache.hadoop.ozone.web.OzoneHddsDatanodeService@4ccbfaca
2019-08-24 00:12:14,552 [Thread-1237] INFO  container.ReplicationManager (ReplicationManager.java:start(152)) - Starting Replication Monitor Thread.
2019-08-24 00:12:14,554 [ReplicationMonitor] INFO  container.ReplicationManager (ReplicationManager.java:run(215)) - Replication Monitor Thread took 1 milliseconds for processing 3 containers.
2019-08-24 00:12:15,091 [Datanode State Machine Thread - 0] INFO  statemachine.DatanodeStateMachine (DatanodeStateMachine.java:lambda$startDaemon$0(350)) - Ozone container server started.
2019-08-24 00:12:16,703 [Thread-1239] INFO  impl.FollowerState (FollowerState.java:run(106)) - 37cc18fa-1521-4198-ad54-ab583d053ec6:group-1C4746B9E97E changes to CANDIDATE, lastRpcTime:5104, electionTimeout:5104ms
2019-08-24 00:12:16,704 [Thread-1239] INFO  impl.RoleInfo (RoleInfo.java:shutdownFollowerState(121)) - 37cc18fa-1521-4198-ad54-ab583d053ec6: shutdown FollowerState
2019-08-24 00:12:16,704 [Thread-1239] INFO  impl.RaftServerImpl (RaftServerImpl.java:setRole(171)) - 37cc18fa-1521-4198-ad54-ab583d053ec6:group-1C4746B9E97E changes role from FOLLOWER to CANDIDATE at term 0 for changeToCandidate
2019-08-24 00:12:16,704 [Thread-1239] INFO  impl.RoleInfo (RoleInfo.java:updateAndGet(143)) - 37cc18fa-1521-4198-ad54-ab583d053ec6: start LeaderElection
2019-08-24 00:12:16,722 [37cc18fa-1521-4198-ad54-ab583d053ec6:group-1C4746B9E97E:LeaderElection4] INFO  impl.LeaderElection (LeaderElection.java:askForVotes(181)) - 37cc18fa-1521-4198-ad54-ab583d053ec6:group-1C4746B9E97E:LeaderElection4: begin an election at term 1 for -1: [37cc18fa-1521-4198-ad54-ab583d053ec6:192.168.5.142:39903], old=null
2019-08-24 00:12:16,722 [37cc18fa-1521-4198-ad54-ab583d053ec6:group-1C4746B9E97E:LeaderElection4] INFO  impl.RoleInfo (RoleInfo.java:shutdownLeaderElection(134)) - 37cc18fa-1521-4198-ad54-ab583d053ec6: shutdown LeaderElection
2019-08-24 00:12:16,722 [37cc18fa-1521-4198-ad54-ab583d053ec6:group-1C4746B9E97E:LeaderElection4] INFO  impl.RaftServerImpl (RaftServerImpl.java:setRole(171)) - 37cc18fa-1521-4198-ad54-ab583d053ec6:group-1C4746B9E97E changes role from CANDIDATE to LEADER at term 1 for changeToLeader
2019-08-24 00:12:16,723 [37cc18fa-1521-4198-ad54-ab583d053ec6:group-1C4746B9E97E:LeaderElection4] INFO  impl.RaftServerImpl (ServerState.java:setLeader(263)) - 37cc18fa-1521-4198-ad54-ab583d053ec6:group-1C4746B9E97E change Leader from null to 37cc18fa-1521-4198-ad54-ab583d053ec6 at term 1 for becomeLeader, leader elected after 5127ms
2019-08-24 00:12:16,723 [37cc18fa-1521-4198-ad54-ab583d053ec6:group-1C4746B9E97E:LeaderElection4] INFO  server.RaftServerConfigKeys (ConfUtils.java:logGet(43)) - raft.server.staging.catchup.gap = 1000 (default)
2019-08-24 00:12:16,723 [37cc18fa-1521-4198-ad54-ab583d053ec6:group-1C4746B9E97E:LeaderElection4] INFO  server.RaftServerConfigKeys (ConfUtils.java:logGet(43)) - raft.server.rpc.sleep.time = 25ms (default)
2019-08-24 00:12:16,723 [37cc18fa-1521-4198-ad54-ab583d053ec6:group-1C4746B9E97E:LeaderElection4] INFO  server.RaftServerConfigKeys (ConfUtils.java:logGet(43)) - raft.server.write.element-limit = 4096 (default)
2019-08-24 00:12:16,723 [37cc18fa-1521-4198-ad54-ab583d053ec6:group-1C4746B9E97E:LeaderElection4] INFO  server.RaftServerConfigKeys (ConfUtils.java:logGet(43)) - raft.server.watch.timeout = 10s (default)
2019-08-24 00:12:16,723 [37cc18fa-1521-4198-ad54-ab583d053ec6:group-1C4746B9E97E:LeaderElection4] INFO  server.RaftServerConfigKeys (ConfUtils.java:logGet(43)) - raft.server.watch.timeout.denomination = 1s (default)
2019-08-24 00:12:16,724 [37cc18fa-1521-4198-ad54-ab583d053ec6:group-1C4746B9E97E:LeaderElection4] INFO  server.RaftServerConfigKeys (ConfUtils.java:logGet(43)) - raft.server.watch.element-limit = 65536 (default)
2019-08-24 00:12:16,724 [37cc18fa-1521-4198-ad54-ab583d053ec6:group-1C4746B9E97E:LeaderElection4] INFO  impl.RoleInfo (RoleInfo.java:updateAndGet(143)) - 37cc18fa-1521-4198-ad54-ab583d053ec6: start LeaderState
2019-08-24 00:12:16,724 [37cc18fa-1521-4198-ad54-ab583d053ec6:group-1C4746B9E97E:LeaderElection4] INFO  segmented.SegmentedRaftLogWorker (SegmentedRaftLogWorker.java:startLogSegment(380)) - 37cc18fa-1521-4198-ad54-ab583d053ec6-SegmentedRaftLogWorker:Storage Directory /workdir/hadoop-ozone/integration-test/target/test-dir/MiniOzoneClusterImpl-4cf2561c-74f4-40bc-b191-9fdff4d730e8/datanode-0/data/ratis/74f40ea7-9409-4f41-8ba3-1c4746b9e97e: Starting segment from index:0
2019-08-24 00:12:16,725 [37cc18fa-1521-4198-ad54-ab583d053ec6:group-1C4746B9E97E:LeaderElection4] INFO  impl.RaftServerImpl (ServerState.java:setRaftConf(361)) - 37cc18fa-1521-4198-ad54-ab583d053ec6:group-1C4746B9E97E set configuration 0: [37cc18fa-1521-4198-ad54-ab583d053ec6:192.168.5.142:39903], old=null at 0
2019-08-24 00:12:16,776 [37cc18fa-1521-4198-ad54-ab583d053ec6-SegmentedRaftLogWorker:Storage Directory /workdir/hadoop-ozone/integration-test/target/test-dir/MiniOzoneClusterImpl-4cf2561c-74f4-40bc-b191-9fdff4d730e8/datanode-0/data/ratis/74f40ea7-9409-4f41-8ba3-1c4746b9e97e] INFO  segmented.SegmentedRaftLogWorker (SegmentedRaftLogWorker.java:execute(569)) - 37cc18fa-1521-4198-ad54-ab583d053ec6-SegmentedRaftLogWorker:Storage Directory /workdir/hadoop-ozone/integration-test/target/test-dir/MiniOzoneClusterImpl-4cf2561c-74f4-40bc-b191-9fdff4d730e8/datanode-0/data/ratis/74f40ea7-9409-4f41-8ba3-1c4746b9e97e: created new log segment /workdir/hadoop-ozone/integration-test/target/test-dir/MiniOzoneClusterImpl-4cf2561c-74f4-40bc-b191-9fdff4d730e8/datanode-0/data/ratis/74f40ea7-9409-4f41-8ba3-1c4746b9e97e/current/log_inprogress_0
2019-08-24 00:12:19,285 [Thread-1095] INFO  ozoneimpl.OzoneContainer (OzoneContainer.java:stop(199)) - Attempting to stop container services.
2019-08-24 00:12:19,286 [Thread-1095] INFO  impl.RaftServerProxy (RaftServerProxy.java:lambda$close$4(314)) - 37cc18fa-1521-4198-ad54-ab583d053ec6: close
2019-08-24 00:12:19,287 [Thread-1095] INFO  impl.RaftServerImpl (RaftServerImpl.java:lambda$shutdown$3(245)) - 37cc18fa-1521-4198-ad54-ab583d053ec6: shutdown group-1C4746B9E97E
2019-08-24 00:12:19,287 [Thread-1095] INFO  util.JmxRegister (JmxRegister.java:unregister(73)) - Successfully un-registered JMX Bean with object name Ratis:service=RaftServer,group=group-1C4746B9E97E,id=37cc18fa-1521-4198-ad54-ab583d053ec6
2019-08-24 00:12:19,288 [Thread-1095] INFO  impl.RoleInfo (RoleInfo.java:shutdownLeaderState(104)) - 37cc18fa-1521-4198-ad54-ab583d053ec6: shutdown LeaderState
2019-08-24 00:12:19,288 [Thread-1095] INFO  impl.PendingRequests (PendingRequests.java:sendNotLeaderResponses(202)) - 37cc18fa-1521-4198-ad54-ab583d053ec6-PendingRequests: sendNotLeaderResponses
2019-08-24 00:12:19,289 [Thread-1095] INFO  impl.StateMachineUpdater (StateMachineUpdater.java:stopAndJoin(115)) - StateMachineUpdater:37cc18fa-1521-4198-ad54-ab583d053ec6:group-1C4746B9E97E: set stopIndex = 0
2019-08-24 00:12:19,291 [Thread-1095] INFO  impl.RaftServerImpl (ServerState.java:close(394)) - 37cc18fa-1521-4198-ad54-ab583d053ec6:group-1C4746B9E97E closes. The last applied log index is 0
2019-08-24 00:12:19,291 [37cc18fa-1521-4198-ad54-ab583d053ec6-SegmentedRaftLogWorker:Storage Directory /workdir/hadoop-ozone/integration-test/target/test-dir/MiniOzoneClusterImpl-4cf2561c-74f4-40bc-b191-9fdff4d730e8/datanode-0/data/ratis/74f40ea7-9409-4f41-8ba3-1c4746b9e97e] INFO  segmented.SegmentedRaftLogWorker (SegmentedRaftLogWorker.java:run(313)) - 37cc18fa-1521-4198-ad54-ab583d053ec6-SegmentedRaftLogWorker:Storage Directory /workdir/hadoop-ozone/integration-test/target/test-dir/MiniOzoneClusterImpl-4cf2561c-74f4-40bc-b191-9fdff4d730e8/datanode-0/data/ratis/74f40ea7-9409-4f41-8ba3-1c4746b9e97e was interrupted, exiting. There are 0 tasks remaining in the queue.
2019-08-24 00:12:19,294 [Thread-1095] INFO  segmented.SegmentedRaftLogWorker (SegmentedRaftLogWorker.java:close(228)) - 37cc18fa-1521-4198-ad54-ab583d053ec6-SegmentedRaftLogWorker:Storage Directory /workdir/hadoop-ozone/integration-test/target/test-dir/MiniOzoneClusterImpl-4cf2561c-74f4-40bc-b191-9fdff4d730e8/datanode-0/data/ratis/74f40ea7-9409-4f41-8ba3-1c4746b9e97e close()
2019-08-24 00:12:19,296 [Thread-1095] INFO  server.GrpcService (GrpcService.java:closeImpl(155)) - 37cc18fa-1521-4198-ad54-ab583d053ec6: shutdown server with port 39903 now
2019-08-24 00:12:19,297 [Thread-1095] INFO  server.GrpcService (GrpcService.java:closeImpl(163)) - 37cc18fa-1521-4198-ad54-ab583d053ec6: shutdown server with port 39903 successfully
2019-08-24 00:12:19,301 [Thread-1095] INFO  utils.BackgroundService (BackgroundService.java:shutdown(148)) - Shutting down service BlockDeletingService
2019-08-24 00:12:19,302 [refreshUsed-/workdir/hadoop-ozone/integration-test/target/test-dir/MiniOzoneClusterImpl-4cf2561c-74f4-40bc-b191-9fdff4d730e8/datanode-0/data/containers] WARN  fs.CachingGetSpaceUsed (CachingGetSpaceUsed.java:run(183)) - Thread Interrupted waiting to refresh disk information: sleep interrupted
2019-08-24 00:12:19,325 [Thread-1095] INFO  statemachine.DatanodeStateMachine (DatanodeStateMachine.java:stopDaemon(395)) - Ozone container server stopped.
2019-08-24 00:12:19,326 [Thread-1095] INFO  handler.ContextHandler (ContextHandler.java:doStop(910)) - Stopped o.e.j.w.WebAppContext@632c4823{/,null,UNAVAILABLE}{/hddsDatanode}
2019-08-24 00:12:19,327 [Thread-1095] INFO  server.AbstractConnector (AbstractConnector.java:doStop(318)) - Stopped ServerConnector@77633226{HTTP/1.1,[http/1.1]}{0.0.0.0:0}
2019-08-24 00:12:19,328 [Thread-1095] INFO  handler.ContextHandler (ContextHandler.java:doStop(910)) - Stopped o.e.j.s.ServletContextHandler@194f9485{/static,jar:file:/home/user/.m2/repository/org/apache/hadoop/hadoop-hdds-container-service/0.5.0-SNAPSHOT/hadoop-hdds-container-service-0.5.0-SNAPSHOT.jar!/webapps/static,UNAVAILABLE}
2019-08-24 00:12:19,328 [Thread-1095] INFO  handler.ContextHandler (ContextHandler.java:doStop(910)) - Stopped o.e.j.s.ServletContextHandler@1f8a856f{/logs,file:///workdir/hadoop-ozone/integration-test/target/log,UNAVAILABLE}
2019-08-24 00:12:19,329 [Thread-1095] INFO  ozone.MiniOzoneClusterImpl (MiniOzoneClusterImpl.java:stop(353)) - Stopping the StorageContainerManager
2019-08-24 00:12:19,330 [Thread-1095] INFO  server.StorageContainerManager (StorageContainerManager.java:stop(797)) - Stopping Replication Manager Service.
2019-08-24 00:12:19,330 [Thread-1095] INFO  container.ReplicationManager (ReplicationManager.java:stop(193)) - Stopping Replication Monitor Thread.
2019-08-24 00:12:19,330 [Thread-1095] INFO  server.StorageContainerManager (StorageContainerManager.java:stop(804)) - Stopping Lease Manager of the command watchers
2019-08-24 00:12:19,330 [Thread-1095] INFO  server.StorageContainerManager (StorageContainerManager.java:stop(811)) - Stopping datanode service RPC server
2019-08-24 00:12:19,330 [Thread-1095] INFO  server.SCMDatanodeProtocolServer (SCMDatanodeProtocolServer.java:stop(367)) - Stopping the RPC server for DataNodes
2019-08-24 00:12:19,330 [Thread-1095] INFO  ipc.Server (Server.java:stop(3082)) - Stopping server on 44592
2019-08-24 00:12:19,332 [IPC Server listener on 44592] INFO  ipc.Server (Server.java:run(1185)) - Stopping IPC Server listener on 44592
2019-08-24 00:12:19,333 [IPC Server Responder] INFO  ipc.Server (Server.java:run(1319)) - Stopping IPC Server Responder
2019-08-24 00:12:19,431 [SCM Heartbeat Processing Thread - 0] WARN  node.NodeStateManager (NodeStateManager.java:scheduleNextHealthCheck(646)) - Current Thread is interrupted, shutting down HB processing thread for Node Manager.
2019-08-24 00:12:19,431 [Thread-1095] INFO  server.StorageContainerManager (StorageContainerManager.java:stop(819)) - Stopping block service RPC server
2019-08-24 00:12:19,432 [Thread-1095] INFO  server.SCMBlockProtocolServer (SCMBlockProtocolServer.java:stop(148)) - Stopping the RPC server for Block Protocol
2019-08-24 00:12:19,432 [Thread-1095] INFO  ipc.Server (Server.java:stop(3082)) - Stopping server on 44957
2019-08-24 00:12:19,435 [IPC Server listener on 44957] INFO  ipc.Server (Server.java:run(1185)) - Stopping IPC Server listener on 44957
2019-08-24 00:12:19,435 [Thread-1095] INFO  server.StorageContainerManager (StorageContainerManager.java:stop(826)) - Stopping the StorageContainerLocationProtocol RPC server
2019-08-24 00:12:19,435 [IPC Server Responder] INFO  ipc.Server (Server.java:run(1319)) - Stopping IPC Server Responder
2019-08-24 00:12:19,435 [Thread-1095] INFO  server.SCMClientProtocolServer (SCMClientProtocolServer.java:stop(159)) - Stopping the RPC server for Client Protocol
2019-08-24 00:12:19,436 [Thread-1095] INFO  ipc.Server (Server.java:stop(3082)) - Stopping server on 45152
2019-08-24 00:12:19,438 [IPC Server listener on 45152] INFO  ipc.Server (Server.java:run(1185)) - Stopping IPC Server listener on 45152
2019-08-24 00:12:19,438 [Thread-1095] INFO  server.StorageContainerManager (StorageContainerManager.java:stop(833)) - Stopping Storage Container Manager HTTP server.
2019-08-24 00:12:19,438 [IPC Server Responder] INFO  ipc.Server (Server.java:run(1319)) - Stopping IPC Server Responder
2019-08-24 00:12:19,439 [Thread-1095] INFO  handler.ContextHandler (ContextHandler.java:doStop(910)) - Stopped o.e.j.w.WebAppContext@698ca5e8{/,null,UNAVAILABLE}{/scm}
2019-08-24 00:12:19,440 [Thread-1095] INFO  server.AbstractConnector (AbstractConnector.java:doStop(318)) - Stopped ServerConnector@630a3902{HTTP/1.1,[http/1.1]}{0.0.0.0:0}
2019-08-24 00:12:19,440 [Thread-1095] INFO  handler.ContextHandler (ContextHandler.java:doStop(910)) - Stopped o.e.j.s.ServletContextHandler@4f356d6a{/static,file:///workdir/hadoop-ozone/integration-test/target/test-classes/webapps/static,UNAVAILABLE}
2019-08-24 00:12:19,441 [Thread-1095] INFO  handler.ContextHandler (ContextHandler.java:doStop(910)) - Stopped o.e.j.s.ServletContextHandler@d626c82{/logs,file:///workdir/hadoop-ozone/integration-test/target/log,UNAVAILABLE}
2019-08-24 00:12:19,442 [Thread-1095] INFO  server.StorageContainerManager (StorageContainerManager.java:stop(844)) - Stopping Block Manager Service.
2019-08-24 00:12:19,442 [Thread-1095] INFO  utils.BackgroundService (BackgroundService.java:shutdown(148)) - Shutting down service SCMBlockDeletingService
2019-08-24 00:12:19,442 [Thread-1095] INFO  utils.BackgroundService (BackgroundService.java:shutdown(148)) - Shutting down service SCMBlockDeletingService
2019-08-24 00:12:19,443 [Thread-1095] INFO  server.StorageContainerManager (StorageContainerManager.java:stop(866)) - Stopping SCM Event Queue.
2019-08-24 00:12:19,446 [Thread-1095] INFO  impl.MetricsSystemImpl (MetricsSystemImpl.java:stop(210)) - Stopping HddsDatanode metrics system...
2019-08-24 00:12:19,448 [Thread-1095] INFO  impl.MetricsSystemImpl (MetricsSystemImpl.java:stop(216)) - HddsDatanode metrics system stopped.
]]></system-out>
    <system-err><![CDATA[Aug 24, 2019 12:12:07 AM com.sun.jersey.server.impl.application.WebApplicationImpl _initiate
INFO: Initiating Jersey application, version 'Jersey: 1.19 02/11/2015 03:25 AM'
Aug 24, 2019 12:12:11 AM org.apache.ratis.thirdparty.io.grpc.internal.ManagedChannelOrphanWrapper$ManagedChannelReference cleanQueue
SEVERE: *~*~*~ Channel ManagedChannelImpl{logId=18, target=192.168.5.142:32929} was not shutdown properly!!! ~*~*~*
    Make sure to call shutdown()/shutdownNow() and wait until awaitTermination() returns true.
java.lang.RuntimeException: ManagedChannel allocation site
	at org.apache.ratis.thirdparty.io.grpc.internal.ManagedChannelOrphanWrapper$ManagedChannelReference.<init>(ManagedChannelOrphanWrapper.java:103)
	at org.apache.ratis.thirdparty.io.grpc.internal.ManagedChannelOrphanWrapper.<init>(ManagedChannelOrphanWrapper.java:53)
	at org.apache.ratis.thirdparty.io.grpc.internal.ManagedChannelOrphanWrapper.<init>(ManagedChannelOrphanWrapper.java:44)
	at org.apache.ratis.thirdparty.io.grpc.internal.AbstractManagedChannelImplBuilder.build(AbstractManagedChannelImplBuilder.java:411)
	at org.apache.hadoop.hdds.scm.XceiverClientGrpc.connectToDatanode(XceiverClientGrpc.java:174)
	at org.apache.hadoop.hdds.scm.XceiverClientGrpc.reconnect(XceiverClientGrpc.java:422)
	at org.apache.hadoop.hdds.scm.XceiverClientGrpc.sendCommandAsync(XceiverClientGrpc.java:371)
	at org.apache.hadoop.hdds.scm.XceiverClientGrpc.sendCommandAsync(XceiverClientGrpc.java:346)
	at org.apache.hadoop.hdds.scm.storage.ContainerProtocolCalls.writeChunkAsync(ContainerProtocolCalls.java:310)
	at org.apache.hadoop.hdds.scm.storage.BlockOutputStream.writeChunkToContainer(BlockOutputStream.java:601)
	at org.apache.hadoop.hdds.scm.storage.BlockOutputStream.writeChunk(BlockOutputStream.java:459)
	at org.apache.hadoop.hdds.scm.storage.BlockOutputStream.handleFlush(BlockOutputStream.java:470)
	at org.apache.hadoop.hdds.scm.storage.BlockOutputStream.close(BlockOutputStream.java:493)
	at org.apache.hadoop.ozone.client.io.BlockOutputStreamEntry.close(BlockOutputStreamEntry.java:143)
	at org.apache.hadoop.ozone.client.io.KeyOutputStream.handleFlushOrClose(KeyOutputStream.java:434)
	at org.apache.hadoop.ozone.client.io.KeyOutputStream.close(KeyOutputStream.java:472)
	at org.apache.hadoop.ozone.client.io.OzoneOutputStream.close(OzoneOutputStream.java:60)
	at org.apache.hadoop.ozone.TestStorageContainerManagerHelper.createKeys(TestStorageContainerManagerHelper.java:99)
	at org.apache.hadoop.ozone.om.TestScmSafeMode.testSCMSafeMode(TestScmSafeMode.java:241)
	at sun.reflect.NativeMethodAccessorImpl.invoke0(Native Method)
	at sun.reflect.NativeMethodAccessorImpl.invoke(NativeMethodAccessorImpl.java:62)
	at sun.reflect.DelegatingMethodAccessorImpl.invoke(DelegatingMethodAccessorImpl.java:43)
	at java.lang.reflect.Method.invoke(Method.java:498)
	at org.junit.runners.model.FrameworkMethod$1.runReflectiveCall(FrameworkMethod.java:47)
	at org.junit.internal.runners.model.ReflectiveCallable.run(ReflectiveCallable.java:12)
	at org.junit.runners.model.FrameworkMethod.invokeExplosively(FrameworkMethod.java:44)
	at org.junit.internal.runners.statements.InvokeMethod.evaluate(InvokeMethod.java:17)
	at org.junit.internal.runners.statements.FailOnTimeout$StatementThread.run(FailOnTimeout.java:74)

Aug 24, 2019 12:12:12 AM com.sun.jersey.server.impl.application.WebApplicationImpl _initiate
INFO: Initiating Jersey application, version 'Jersey: 1.19 02/11/2015 03:25 AM'
]]></system-err>
  </testcase>
  <testcase name="testSCMSafeModeRestrictedOp" classname="org.apache.hadoop.ozone.om.TestScmSafeMode" time="53.343"/>
</testsuite>