<?xml version="1.0" encoding="UTF-8"?>
<testsuite xmlns:xsi="http://www.w3.org/2001/XMLSchema-instance" xsi:noNamespaceSchemaLocation="https://maven.apache.org/surefire/maven-surefire-plugin/xsd/surefire-test-report.xsd" name="org.apache.hadoop.ozone.scm.TestSCMContainerPlacementPolicyMetrics" time="42.103" tests="1" errors="1" skipped="0" failures="0">
  <properties>
    <property name="awt.toolkit" value="sun.awt.X11.XToolkit"/>
    <property name="file.encoding.pkg" value="sun.io"/>
    <property name="java.specification.version" value="1.8"/>
    <property name="sun.cpu.isalist" value=""/>
    <property name="sun.jnu.encoding" value="UTF-8"/>
    <property name="java.class.path" value="/workdir/hadoop-ozone/integration-test/target/test-classes:/workdir/hadoop-ozone/integration-test/target/classes:/home/user/.m2/repository/org/apache/hadoop/hadoop-ozone-common/0.5.0-SNAPSHOT/hadoop-ozone-common-0.5.0-SNAPSHOT.jar:/home/user/.m2/repository/org/apache/commons/commons-compress/1.4.1/commons-compress-1.4.1.jar:/home/user/.m2/repository/org/tukaani/xz/1.0/xz-1.0.jar:/home/user/.m2/repository/org/apache/hadoop/hadoop-common/3.2.0/hadoop-common-3.2.0.jar:/home/user/.m2/repository/org/apache/hadoop/hadoop-hdfs/3.2.0/hadoop-hdfs-3.2.0.jar:/home/user/.m2/repository/org/apache/hadoop/hadoop-hdfs-client/3.2.0/hadoop-hdfs-client-3.2.0.jar:/home/user/.m2/repository/com/fasterxml/jackson/core/jackson-annotations/2.9.9/jackson-annotations-2.9.9.jar:/home/user/.m2/repository/org/apache/hadoop/hadoop-hdds-common/0.5.0-SNAPSHOT/hadoop-hdds-common-0.5.0-SNAPSHOT.jar:/home/user/.m2/repository/javax/annotation/javax.annotation-api/1.2/javax.annotation-api-1.2.jar:/home/user/.m2/repository/org/apache/ratis/ratis-server/0.4.0/ratis-server-0.4.0.jar:/home/user/.m2/repository/org/apache/ratis/ratis-thirdparty-misc/0.2.0/ratis-thirdparty-misc-0.2.0.jar:/home/user/.m2/repository/org/apache/ratis/ratis-proto/0.4.0/ratis-proto-0.4.0.jar:/home/user/.m2/repository/org/apache/ratis/ratis-common/0.4.0/ratis-common-0.4.0.jar:/home/user/.m2/repository/org/apache/ratis/ratis-client/0.4.0/ratis-client-0.4.0.jar:/home/user/.m2/repository/org/apache/ratis/ratis-metrics/0.4.0/ratis-metrics-0.4.0.jar:/home/user/.m2/repository/com/github/joshelser/dropwizard-metrics-hadoop-metrics2-reporter/0.1.2/dropwizard-metrics-hadoop-metrics2-reporter-0.1.2.jar:/home/user/.m2/repository/io/dropwizard/metrics/metrics-jvm/3.2.5/metrics-jvm-3.2.5.jar:/home/user/.m2/repository/io/dropwizard/metrics/metrics-ganglia/3.2.5/metrics-ganglia-3.2.5.jar:/home/user/.m2/repository/info/ganglia/gmetric4j/gmetric4j/1.0.7/gmetric4j-1.0.7.jar:/home/user/.m2/repository/org/apache/ratis/ratis-netty/0.4.0/ratis-netty-0.4.0.jar:/home/user/.m2/repository/org/apache/ratis/ratis-grpc/0.4.0/ratis-grpc-0.4.0.jar:/home/user/.m2/repository/org/rocksdb/rocksdbjni/6.0.1/rocksdbjni-6.0.1.jar:/home/user/.m2/repository/org/apache/logging/log4j/log4j-api/2.11.0/log4j-api-2.11.0.jar:/home/user/.m2/repository/org/apache/logging/log4j/log4j-core/2.11.0/log4j-core-2.11.0.jar:/home/user/.m2/repository/com/lmax/disruptor/3.4.2/disruptor-3.4.2.jar:/home/user/.m2/repository/org/apache/commons/commons-pool2/2.6.0/commons-pool2-2.6.0.jar:/home/user/.m2/repository/org/bouncycastle/bcpkix-jdk15on/1.60/bcpkix-jdk15on-1.60.jar:/home/user/.m2/repository/commons-validator/commons-validator/1.6/commons-validator-1.6.jar:/home/user/.m2/repository/commons-digester/commons-digester/1.8.1/commons-digester-1.8.1.jar:/home/user/.m2/repository/io/jaegertracing/jaeger-client/0.34.0/jaeger-client-0.34.0.jar:/home/user/.m2/repository/io/jaegertracing/jaeger-thrift/0.34.0/jaeger-thrift-0.34.0.jar:/home/user/.m2/repository/org/apache/thrift/libthrift/0.12.0/libthrift-0.12.0.jar:/home/user/.m2/repository/com/squareup/okhttp3/okhttp/3.9.0/okhttp-3.9.0.jar:/home/user/.m2/repository/com/squareup/okio/okio/1.13.0/okio-1.13.0.jar:/home/user/.m2/repository/io/jaegertracing/jaeger-core/0.34.0/jaeger-core-0.34.0.jar:/home/user/.m2/repository/io/jaegertracing/jaeger-tracerresolver/0.34.0/jaeger-tracerresolver-0.34.0.jar:/home/user/.m2/repository/io/opentracing/contrib/opentracing-tracerresolver/0.1.5/opentracing-tracerresolver-0.1.5.jar:/home/user/.m2/repository/io/opentracing/opentracing-util/0.31.0/opentracing-util-0.31.0.jar:/home/user/.m2/repository/io/opentracing/opentracing-api/0.31.0/opentracing-api-0.31.0.jar:/home/user/.m2/repository/io/opentracing/opentracing-noop/0.31.0/opentracing-noop-0.31.0.jar:/home/user/.m2/repository/org/apache/hadoop/hadoop-hdds-server-framework/0.5.0-SNAPSHOT/hadoop-hdds-server-framework-0.5.0-SNAPSHOT.jar:/home/user/.m2/repository/org/apache/hadoop/hadoop-hdds-container-service/0.5.0-SNAPSHOT/hadoop-hdds-container-service-0.5.0-SNAPSHOT.jar:/home/user/.m2/repository/org/apache/hadoop/hadoop-hdds-client/0.5.0-SNAPSHOT/hadoop-hdds-client-0.5.0-SNAPSHOT.jar:/home/user/.m2/repository/org/apache/hadoop/hadoop-hdds-tools/0.5.0-SNAPSHOT/hadoop-hdds-tools-0.5.0-SNAPSHOT.jar:/home/user/.m2/repository/org/apache/hadoop/hadoop-hdds-server-scm/0.5.0-SNAPSHOT/hadoop-hdds-server-scm-0.5.0-SNAPSHOT.jar:/home/user/.m2/repository/org/apache/hadoop/hadoop-hdds-docs/0.5.0-SNAPSHOT/hadoop-hdds-docs-0.5.0-SNAPSHOT.jar:/home/user/.m2/repository/io/dropwizard/metrics/metrics-core/3.2.4/metrics-core-3.2.4.jar:/home/user/.m2/repository/org/hamcrest/hamcrest-all/1.3/hamcrest-all-1.3.jar:/home/user/.m2/repository/org/bouncycastle/bcprov-jdk15on/1.60/bcprov-jdk15on-1.60.jar:/home/user/.m2/repository/info/picocli/picocli/3.9.6/picocli-3.9.6.jar:/home/user/.m2/repository/com/google/protobuf/protobuf-java/2.5.0/protobuf-java-2.5.0.jar:/home/user/.m2/repository/com/google/guava/guava/11.0.2/guava-11.0.2.jar:/home/user/.m2/repository/org/apache/hadoop/hadoop-ozone-ozone-manager/0.5.0-SNAPSHOT/hadoop-ozone-ozone-manager-0.5.0-SNAPSHOT.jar:/home/user/.m2/repository/org/apache/hadoop/hadoop-minikdc/3.2.0/hadoop-minikdc-3.2.0.jar:/home/user/.m2/repository/commons-io/commons-io/2.5/commons-io-2.5.jar:/home/user/.m2/repository/org/apache/kerby/kerb-simplekdc/1.0.1/kerb-simplekdc-1.0.1.jar:/home/user/.m2/repository/org/apache/kerby/kerb-client/1.0.1/kerb-client-1.0.1.jar:/home/user/.m2/repository/org/apache/kerby/kerby-config/1.0.1/kerby-config-1.0.1.jar:/home/user/.m2/repository/org/apache/kerby/kerb-core/1.0.1/kerb-core-1.0.1.jar:/home/user/.m2/repository/org/apache/kerby/kerby-pkix/1.0.1/kerby-pkix-1.0.1.jar:/home/user/.m2/repository/org/apache/kerby/kerby-asn1/1.0.1/kerby-asn1-1.0.1.jar:/home/user/.m2/repository/org/apache/kerby/kerby-util/1.0.1/kerby-util-1.0.1.jar:/home/user/.m2/repository/org/apache/kerby/kerb-common/1.0.1/kerb-common-1.0.1.jar:/home/user/.m2/repository/org/apache/kerby/kerb-crypto/1.0.1/kerb-crypto-1.0.1.jar:/home/user/.m2/repository/org/apache/kerby/kerb-util/1.0.1/kerb-util-1.0.1.jar:/home/user/.m2/repository/org/apache/kerby/token-provider/1.0.1/token-provider-1.0.1.jar:/home/user/.m2/repository/org/apache/kerby/kerb-admin/1.0.1/kerb-admin-1.0.1.jar:/home/user/.m2/repository/org/apache/kerby/kerb-server/1.0.1/kerb-server-1.0.1.jar:/home/user/.m2/repository/org/apache/kerby/kerb-identity/1.0.1/kerb-identity-1.0.1.jar:/home/user/.m2/repository/org/apache/kerby/kerby-xdr/1.0.1/kerby-xdr-1.0.1.jar:/home/user/.m2/repository/org/slf4j/slf4j-log4j12/1.7.25/slf4j-log4j12-1.7.25.jar:/home/user/.m2/repository/org/apache/hadoop/hadoop-ozone-s3gateway/0.5.0-SNAPSHOT/hadoop-ozone-s3gateway-0.5.0-SNAPSHOT.jar:/home/user/.m2/repository/org/jboss/weld/servlet/weld-servlet/2.4.7.Final/weld-servlet-2.4.7.Final.jar:/home/user/.m2/repository/org/glassfish/jersey/containers/jersey-container-servlet-core/2.27/jersey-container-servlet-core-2.27.jar:/home/user/.m2/repository/org/glassfish/hk2/external/javax.inject/2.5.0-b42/javax.inject-2.5.0-b42.jar:/home/user/.m2/repository/org/glassfish/jersey/core/jersey-common/2.27/jersey-common-2.27.jar:/home/user/.m2/repository/org/glassfish/hk2/osgi-resource-locator/1.0.1/osgi-resource-locator-1.0.1.jar:/home/user/.m2/repository/javax/ws/rs/javax.ws.rs-api/2.1/javax.ws.rs-api-2.1.jar:/home/user/.m2/repository/org/glassfish/jersey/ext/cdi/jersey-cdi1x/2.27/jersey-cdi1x-2.27.jar:/home/user/.m2/repository/org/glassfish/jersey/inject/jersey-hk2/2.27/jersey-hk2-2.27.jar:/home/user/.m2/repository/org/glassfish/hk2/hk2-locator/2.5.0-b42/hk2-locator-2.5.0-b42.jar:/home/user/.m2/repository/org/javassist/javassist/3.22.0-CR2/javassist-3.22.0-CR2.jar:/home/user/.m2/repository/org/glassfish/hk2/hk2-api/2.5.0/hk2-api-2.5.0.jar:/home/user/.m2/repository/org/glassfish/hk2/external/jakarta.inject/2.5.0/jakarta.inject-2.5.0.jar:/home/user/.m2/repository/org/glassfish/hk2/hk2-utils/2.5.0/hk2-utils-2.5.0.jar:/home/user/.m2/repository/jakarta/annotation/jakarta.annotation-api/1.3.4/jakarta.annotation-api-1.3.4.jar:/home/user/.m2/repository/org/glassfish/hk2/external/aopalliance-repackaged/2.5.0/aopalliance-repackaged-2.5.0.jar:/home/user/.m2/repository/com/fasterxml/jackson/dataformat/jackson-dataformat-xml/2.9.0/jackson-dataformat-xml-2.9.0.jar:/home/user/.m2/repository/com/fasterxml/jackson/core/jackson-core/2.9.9/jackson-core-2.9.9.jar:/home/user/.m2/repository/com/fasterxml/jackson/module/jackson-module-jaxb-annotations/2.9.9/jackson-module-jaxb-annotations-2.9.9.jar:/home/user/.m2/repository/javax/enterprise/cdi-api/1.2/cdi-api-1.2.jar:/home/user/.m2/repository/javax/el/javax.el-api/3.0.0/javax.el-api-3.0.0.jar:/home/user/.m2/repository/javax/interceptor/javax.interceptor-api/1.2/javax.interceptor-api-1.2.jar:/home/user/.m2/repository/javax/inject/javax.inject/1/javax.inject-1.jar:/home/user/.m2/repository/com/sun/xml/bind/jaxb-impl/2.3.0.1/jaxb-impl-2.3.0.1.jar:/home/user/.m2/repository/com/sun/xml/bind/jaxb-core/2.3.0.1/jaxb-core-2.3.0.1.jar:/home/user/.m2/repository/javax/xml/bind/jaxb-api/2.3.0/jaxb-api-2.3.0.jar:/home/user/.m2/repository/javax/activation/activation/1.1.1/activation-1.1.1.jar:/home/user/.m2/repository/org/apache/hadoop/hadoop-ozone-csi/0.5.0-SNAPSHOT/hadoop-ozone-csi-0.5.0-SNAPSHOT.jar:/home/user/.m2/repository/com/google/protobuf/protobuf-java-util/3.5.1/protobuf-java-util-3.5.1.jar:/home/user/.m2/repository/org/apache/hadoop/hadoop-hdds-config/0.5.0-SNAPSHOT/hadoop-hdds-config-0.5.0-SNAPSHOT.jar:/home/user/.m2/repository/io/grpc/grpc-netty/1.17.1/grpc-netty-1.17.1.jar:/home/user/.m2/repository/io/grpc/grpc-core/1.17.1/grpc-core-1.17.1.jar:/home/user/.m2/repository/io/grpc/grpc-context/1.17.1/grpc-context-1.17.1.jar:/home/user/.m2/repository/com/google/errorprone/error_prone_annotations/2.2.0/error_prone_annotations-2.2.0.jar:/home/user/.m2/repository/org/codehaus/mojo/animal-sniffer-annotations/1.17/animal-sniffer-annotations-1.17.jar:/home/user/.m2/repository/io/opencensus/opencensus-api/0.17.0/opencensus-api-0.17.0.jar:/home/user/.m2/repository/io/opencensus/opencensus-contrib-grpc-metrics/0.17.0/opencensus-contrib-grpc-metrics-0.17.0.jar:/home/user/.m2/repository/io/netty/netty-codec-http2/4.1.30.Final/netty-codec-http2-4.1.30.Final.jar:/home/user/.m2/repository/io/netty/netty-codec-http/4.1.30.Final/netty-codec-http-4.1.30.Final.jar:/home/user/.m2/repository/io/netty/netty-codec/4.1.30.Final/netty-codec-4.1.30.Final.jar:/home/user/.m2/repository/io/netty/netty-handler/4.1.30.Final/netty-handler-4.1.30.Final.jar:/home/user/.m2/repository/io/netty/netty-handler-proxy/4.1.30.Final/netty-handler-proxy-4.1.30.Final.jar:/home/user/.m2/repository/io/netty/netty-codec-socks/4.1.30.Final/netty-codec-socks-4.1.30.Final.jar:/home/user/.m2/repository/io/netty/netty-transport-native-epoll/4.1.30.Final/netty-transport-native-epoll-4.1.30.Final.jar:/home/user/.m2/repository/io/netty/netty-common/4.1.30.Final/netty-common-4.1.30.Final.jar:/home/user/.m2/repository/io/netty/netty-buffer/4.1.30.Final/netty-buffer-4.1.30.Final.jar:/home/user/.m2/repository/io/netty/netty-transport/4.1.30.Final/netty-transport-4.1.30.Final.jar:/home/user/.m2/repository/io/netty/netty-resolver/4.1.30.Final/netty-resolver-4.1.30.Final.jar:/home/user/.m2/repository/io/netty/netty-transport-native-unix-common/4.1.30.Final/netty-transport-native-unix-common-4.1.30.Final.jar:/home/user/.m2/repository/io/grpc/grpc-protobuf/1.17.1/grpc-protobuf-1.17.1.jar:/home/user/.m2/repository/com/google/api/grpc/proto-google-common-protos/1.0.0/proto-google-common-protos-1.0.0.jar:/home/user/.m2/repository/io/grpc/grpc-protobuf-lite/1.17.1/grpc-protobuf-lite-1.17.1.jar:/home/user/.m2/repository/io/grpc/grpc-stub/1.17.1/grpc-stub-1.17.1.jar:/home/user/.m2/repository/org/apache/hadoop/hadoop-ozone-recon/0.5.0-SNAPSHOT/hadoop-ozone-recon-0.5.0-SNAPSHOT.jar:/home/user/.m2/repository/org/apache/hadoop/hadoop-ozone-reconcodegen/0.5.0-SNAPSHOT/hadoop-ozone-reconcodegen-0.5.0-SNAPSHOT.jar:/home/user/.m2/repository/com/google/inject/extensions/guice-multibindings/4.0/guice-multibindings-4.0.jar:/home/user/.m2/repository/com/google/inject/guice/4.0/guice-4.0.jar:/home/user/.m2/repository/aopalliance/aopalliance/1.0/aopalliance-1.0.jar:/home/user/.m2/repository/com/google/inject/extensions/guice-servlet/4.0/guice-servlet-4.0.jar:/home/user/.m2/repository/org/glassfish/jersey/containers/jersey-container-servlet/2.27/jersey-container-servlet-2.27.jar:/home/user/.m2/repository/org/glassfish/hk2/guice-bridge/2.5.0/guice-bridge-2.5.0.jar:/home/user/.m2/repository/org/glassfish/jersey/core/jersey-server/2.27/jersey-server-2.27.jar:/home/user/.m2/repository/org/glassfish/jersey/core/jersey-client/2.27/jersey-client-2.27.jar:/home/user/.m2/repository/org/glassfish/jersey/media/jersey-media-jaxb/2.27/jersey-media-jaxb-2.27.jar:/home/user/.m2/repository/javax/validation/validation-api/1.1.0.Final/validation-api-1.1.0.Final.jar:/home/user/.m2/repository/org/glassfish/jersey/media/jersey-media-json-jackson/2.27/jersey-media-json-jackson-2.27.jar:/home/user/.m2/repository/org/glassfish/jersey/ext/jersey-entity-filtering/2.27/jersey-entity-filtering-2.27.jar:/home/user/.m2/repository/com/google/inject/extensions/guice-assistedinject/4.0/guice-assistedinject-4.0.jar:/home/user/.m2/repository/org/jooq/jooq/3.11.10/jooq-3.11.10.jar:/home/user/.m2/repository/org/jooq/jooq-meta/3.11.10/jooq-meta-3.11.10.jar:/home/user/.m2/repository/org/jooq/jooq-codegen/3.11.10/jooq-codegen-3.11.10.jar:/home/user/.m2/repository/com/jolbox/bonecp/0.8.0.RELEASE/bonecp-0.8.0.RELEASE.jar:/home/user/.m2/repository/org/xerial/sqlite-jdbc/3.25.2/sqlite-jdbc-3.25.2.jar:/home/user/.m2/repository/org/springframework/spring-jdbc/5.1.3.RELEASE/spring-jdbc-5.1.3.RELEASE.jar:/home/user/.m2/repository/org/springframework/spring-beans/5.1.3.RELEASE/spring-beans-5.1.3.RELEASE.jar:/home/user/.m2/repository/org/springframework/spring-core/5.1.3.RELEASE/spring-core-5.1.3.RELEASE.jar:/home/user/.m2/repository/org/springframework/spring-jcl/5.1.3.RELEASE/spring-jcl-5.1.3.RELEASE.jar:/home/user/.m2/repository/org/springframework/spring-tx/5.1.3.RELEASE/spring-tx-5.1.3.RELEASE.jar:/home/user/.m2/repository/org/apache/hadoop/hadoop-ozone-client/0.5.0-SNAPSHOT/hadoop-ozone-client-0.5.0-SNAPSHOT.jar:/home/user/.m2/repository/commons-lang/commons-lang/2.6/commons-lang-2.6.jar:/home/user/.m2/repository/org/apache/hadoop/hadoop-ozone-ozone-manager/0.5.0-SNAPSHOT/hadoop-ozone-ozone-manager-0.5.0-SNAPSHOT-tests.jar:/home/user/.m2/repository/junit/junit/4.11/junit-4.11.jar:/home/user/.m2/repository/org/hamcrest/hamcrest-core/1.3/hamcrest-core-1.3.jar:/home/user/.m2/repository/org/openjdk/jmh/jmh-core/1.19/jmh-core-1.19.jar:/home/user/.m2/repository/net/sf/jopt-simple/jopt-simple/4.6/jopt-simple-4.6.jar:/home/user/.m2/repository/org/apache/commons/commons-math3/3.1.1/commons-math3-3.1.1.jar:/home/user/.m2/repository/org/openjdk/jmh/jmh-generator-annprocess/1.19/jmh-generator-annprocess-1.19.jar:/home/user/.m2/repository/org/mockito/mockito-all/1.8.5/mockito-all-1.8.5.jar:/home/user/.m2/repository/org/apache/hadoop/hadoop-kms/3.2.0/hadoop-kms-3.2.0.jar:/home/user/.m2/repository/org/apache/hadoop/hadoop-auth/3.2.0/hadoop-auth-3.2.0.jar:/home/user/.m2/repository/com/nimbusds/nimbus-jose-jwt/4.41.1/nimbus-jose-jwt-4.41.1.jar:/home/user/.m2/repository/com/github/stephenc/jcip/jcip-annotations/1.0-1/jcip-annotations-1.0-1.jar:/home/user/.m2/repository/net/minidev/json-smart/2.3/json-smart-2.3.jar:/home/user/.m2/repository/net/minidev/accessors-smart/1.2/accessors-smart-1.2.jar:/home/user/.m2/repository/org/ow2/asm/asm/5.0.4/asm-5.0.4.jar:/home/user/.m2/repository/org/apache/curator/curator-framework/2.12.0/curator-framework-2.12.0.jar:/home/user/.m2/repository/com/sun/jersey/jersey-core/1.19/jersey-core-1.19.jar:/home/user/.m2/repository/javax/ws/rs/jsr311-api/1.1.1/jsr311-api-1.1.1.jar:/home/user/.m2/repository/com/sun/jersey/jersey-server/1.19/jersey-server-1.19.jar:/home/user/.m2/repository/javax/servlet/javax.servlet-api/3.1.0/javax.servlet-api-3.1.0.jar:/home/user/.m2/repository/org/eclipse/jetty/jetty-server/9.3.25.v20180904/jetty-server-9.3.25.v20180904.jar:/home/user/.m2/repository/org/eclipse/jetty/jetty-http/9.3.25.v20180904/jetty-http-9.3.25.v20180904.jar:/home/user/.m2/repository/org/eclipse/jetty/jetty-io/9.3.25.v20180904/jetty-io-9.3.25.v20180904.jar:/home/user/.m2/repository/org/eclipse/jetty/jetty-webapp/9.3.25.v20180904/jetty-webapp-9.3.25.v20180904.jar:/home/user/.m2/repository/org/eclipse/jetty/jetty-xml/9.3.25.v20180904/jetty-xml-9.3.25.v20180904.jar:/home/user/.m2/repository/log4j/log4j/1.2.17/log4j-1.2.17.jar:/home/user/.m2/repository/org/slf4j/slf4j-api/1.7.25/slf4j-api-1.7.25.jar:/home/user/.m2/repository/org/slf4j/jul-to-slf4j/1.7.25/jul-to-slf4j-1.7.25.jar:/home/user/.m2/repository/org/eclipse/jetty/jetty-util/9.3.25.v20180904/jetty-util-9.3.25.v20180904.jar:/home/user/.m2/repository/com/fasterxml/jackson/core/jackson-databind/2.9.9/jackson-databind-2.9.9.jar:/home/user/.m2/repository/org/apache/hadoop/hadoop-kms/3.2.0/hadoop-kms-3.2.0-tests.jar:/home/user/.m2/repository/org/apache/hadoop/hadoop-hdds-server-scm/0.5.0-SNAPSHOT/hadoop-hdds-server-scm-0.5.0-SNAPSHOT-tests.jar:/home/user/.m2/repository/org/apache/hadoop/hadoop-hdds-container-service/0.5.0-SNAPSHOT/hadoop-hdds-container-service-0.5.0-SNAPSHOT-tests.jar:/home/user/.m2/repository/org/yaml/snakeyaml/1.16/snakeyaml-1.16.jar:/home/user/.m2/repository/org/apache/hadoop/hadoop-common/3.2.0/hadoop-common-3.2.0-tests.jar:/home/user/.m2/repository/org/apache/hadoop/hadoop-annotations/3.2.0/hadoop-annotations-3.2.0.jar:/usr/lib/jvm/java-1.8-openjdk/jre/../lib/tools.jar:/home/user/.m2/repository/commons-cli/commons-cli/1.2/commons-cli-1.2.jar:/home/user/.m2/repository/org/apache/httpcomponents/httpclient/4.5.2/httpclient-4.5.2.jar:/home/user/.m2/repository/org/apache/httpcomponents/httpcore/4.4.4/httpcore-4.4.4.jar:/home/user/.m2/repository/commons-codec/commons-codec/1.11/commons-codec-1.11.jar:/home/user/.m2/repository/commons-net/commons-net/3.6/commons-net-3.6.jar:/home/user/.m2/repository/commons-collections/commons-collections/3.2.2/commons-collections-3.2.2.jar:/home/user/.m2/repository/org/eclipse/jetty/jetty-servlet/9.3.25.v20180904/jetty-servlet-9.3.25.v20180904.jar:/home/user/.m2/repository/org/eclipse/jetty/jetty-security/9.3.25.v20180904/jetty-security-9.3.25.v20180904.jar:/home/user/.m2/repository/javax/servlet/jsp/jsp-api/2.1/jsp-api-2.1.jar:/home/user/.m2/repository/com/sun/jersey/jersey-servlet/1.19/jersey-servlet-1.19.jar:/home/user/.m2/repository/com/sun/jersey/jersey-json/1.19/jersey-json-1.19.jar:/home/user/.m2/repository/org/codehaus/jettison/jettison/1.1/jettison-1.1.jar:/home/user/.m2/repository/org/codehaus/jackson/jackson-core-asl/1.9.13/jackson-core-asl-1.9.13.jar:/home/user/.m2/repository/org/codehaus/jackson/jackson-mapper-asl/1.9.13/jackson-mapper-asl-1.9.13.jar:/home/user/.m2/repository/org/codehaus/jackson/jackson-jaxrs/1.9.13/jackson-jaxrs-1.9.13.jar:/home/user/.m2/repository/org/codehaus/jackson/jackson-xc/1.9.13/jackson-xc-1.9.13.jar:/home/user/.m2/repository/commons-logging/commons-logging/1.1.3/commons-logging-1.1.3.jar:/home/user/.m2/repository/commons-beanutils/commons-beanutils/1.9.4/commons-beanutils-1.9.4.jar:/home/user/.m2/repository/org/apache/commons/commons-configuration2/2.1.1/commons-configuration2-2.1.1.jar:/home/user/.m2/repository/org/apache/commons/commons-lang3/3.7/commons-lang3-3.7.jar:/home/user/.m2/repository/org/apache/commons/commons-text/1.4/commons-text-1.4.jar:/home/user/.m2/repository/org/apache/avro/avro/1.7.7/avro-1.7.7.jar:/home/user/.m2/repository/com/thoughtworks/paranamer/paranamer/2.3/paranamer-2.3.jar:/home/user/.m2/repository/org/xerial/snappy/snappy-java/1.0.5/snappy-java-1.0.5.jar:/home/user/.m2/repository/com/google/re2j/re2j/1.1/re2j-1.1.jar:/home/user/.m2/repository/com/google/code/gson/gson/2.2.4/gson-2.2.4.jar:/home/user/.m2/repository/com/jcraft/jsch/0.1.54/jsch-0.1.54.jar:/home/user/.m2/repository/org/apache/curator/curator-client/2.12.0/curator-client-2.12.0.jar:/home/user/.m2/repository/org/apache/curator/curator-recipes/2.12.0/curator-recipes-2.12.0.jar:/home/user/.m2/repository/com/google/code/findbugs/jsr305/3.0.0/jsr305-3.0.0.jar:/home/user/.m2/repository/org/apache/htrace/htrace-core4/4.1.0-incubating/htrace-core4-4.1.0-incubating.jar:/home/user/.m2/repository/org/apache/zookeeper/zookeeper/3.4.13/zookeeper-3.4.13.jar:/home/user/.m2/repository/jline/jline/0.9.94/jline-0.9.94.jar:/home/user/.m2/repository/org/apache/yetus/audience-annotations/0.5.0/audience-annotations-0.5.0.jar:/home/user/.m2/repository/org/codehaus/woodstox/stax2-api/3.1.4/stax2-api-3.1.4.jar:/home/user/.m2/repository/com/fasterxml/woodstox/woodstox-core/5.0.3/woodstox-core-5.0.3.jar:/home/user/.m2/repository/dnsjava/dnsjava/2.1.7/dnsjava-2.1.7.jar:/home/user/.m2/repository/org/apache/hadoop/hadoop-hdfs/3.2.0/hadoop-hdfs-3.2.0-tests.jar:/home/user/.m2/repository/org/eclipse/jetty/jetty-util-ajax/9.3.25.v20180904/jetty-util-ajax-9.3.25.v20180904.jar:/home/user/.m2/repository/commons-daemon/commons-daemon/1.0.13/commons-daemon-1.0.13.jar:/home/user/.m2/repository/io/netty/netty/3.10.5.Final/netty-3.10.5.Final.jar:/home/user/.m2/repository/io/netty/netty-all/4.0.52.Final/netty-all-4.0.52.Final.jar:/home/user/.m2/repository/org/fusesource/leveldbjni/leveldbjni-all/1.8/leveldbjni-all-1.8.jar:"/>
    <property name="java.vm.vendor" value="IcedTea"/>
    <property name="sun.arch.data.model" value="64"/>
    <property name="test.build.dir" value="/workdir/hadoop-ozone/integration-test/target/test-dir"/>
    <property name="test.cache.data" value=""/>
    <property name="java.vendor.url" value="https://icedtea.classpath.org"/>
    <property name="user.timezone" value=""/>
    <property name="java.vm.specification.version" value="1.8"/>
    <property name="os.name" value="Linux"/>
    <property name="test.build.data" value="/workdir/hadoop-ozone/integration-test/target/test-dir"/>
    <property name="user.country" value="US"/>
    <property name="sun.java.launcher" value="SUN_STANDARD"/>
    <property name="sun.boot.library.path" value="/usr/lib/jvm/java-1.8-openjdk/jre/lib/amd64"/>
    <property name="sun.java.command" value="/workdir/hadoop-ozone/integration-test/target/surefire/surefirebooter2941691395204461225.jar /workdir/hadoop-ozone/integration-test/target/surefire 2019-09-25T04-13-15_280-jvmRun1 surefire3143556115289531587tmp surefire_672953945190402195444tmp"/>
    <property name="test" value="!TestMiniChaosOzoneCluster"/>
    <property name="surefire.test.class.path" value="/workdir/hadoop-ozone/integration-test/target/test-classes:/workdir/hadoop-ozone/integration-test/target/classes:/home/user/.m2/repository/org/apache/hadoop/hadoop-ozone-common/0.5.0-SNAPSHOT/hadoop-ozone-common-0.5.0-SNAPSHOT.jar:/home/user/.m2/repository/org/apache/commons/commons-compress/1.4.1/commons-compress-1.4.1.jar:/home/user/.m2/repository/org/tukaani/xz/1.0/xz-1.0.jar:/home/user/.m2/repository/org/apache/hadoop/hadoop-common/3.2.0/hadoop-common-3.2.0.jar:/home/user/.m2/repository/org/apache/hadoop/hadoop-hdfs/3.2.0/hadoop-hdfs-3.2.0.jar:/home/user/.m2/repository/org/apache/hadoop/hadoop-hdfs-client/3.2.0/hadoop-hdfs-client-3.2.0.jar:/home/user/.m2/repository/com/fasterxml/jackson/core/jackson-annotations/2.9.9/jackson-annotations-2.9.9.jar:/home/user/.m2/repository/org/apache/hadoop/hadoop-hdds-common/0.5.0-SNAPSHOT/hadoop-hdds-common-0.5.0-SNAPSHOT.jar:/home/user/.m2/repository/javax/annotation/javax.annotation-api/1.2/javax.annotation-api-1.2.jar:/home/user/.m2/repository/org/apache/ratis/ratis-server/0.4.0/ratis-server-0.4.0.jar:/home/user/.m2/repository/org/apache/ratis/ratis-thirdparty-misc/0.2.0/ratis-thirdparty-misc-0.2.0.jar:/home/user/.m2/repository/org/apache/ratis/ratis-proto/0.4.0/ratis-proto-0.4.0.jar:/home/user/.m2/repository/org/apache/ratis/ratis-common/0.4.0/ratis-common-0.4.0.jar:/home/user/.m2/repository/org/apache/ratis/ratis-client/0.4.0/ratis-client-0.4.0.jar:/home/user/.m2/repository/org/apache/ratis/ratis-metrics/0.4.0/ratis-metrics-0.4.0.jar:/home/user/.m2/repository/com/github/joshelser/dropwizard-metrics-hadoop-metrics2-reporter/0.1.2/dropwizard-metrics-hadoop-metrics2-reporter-0.1.2.jar:/home/user/.m2/repository/io/dropwizard/metrics/metrics-jvm/3.2.5/metrics-jvm-3.2.5.jar:/home/user/.m2/repository/io/dropwizard/metrics/metrics-ganglia/3.2.5/metrics-ganglia-3.2.5.jar:/home/user/.m2/repository/info/ganglia/gmetric4j/gmetric4j/1.0.7/gmetric4j-1.0.7.jar:/home/user/.m2/repository/org/apache/ratis/ratis-netty/0.4.0/ratis-netty-0.4.0.jar:/home/user/.m2/repository/org/apache/ratis/ratis-grpc/0.4.0/ratis-grpc-0.4.0.jar:/home/user/.m2/repository/org/rocksdb/rocksdbjni/6.0.1/rocksdbjni-6.0.1.jar:/home/user/.m2/repository/org/apache/logging/log4j/log4j-api/2.11.0/log4j-api-2.11.0.jar:/home/user/.m2/repository/org/apache/logging/log4j/log4j-core/2.11.0/log4j-core-2.11.0.jar:/home/user/.m2/repository/com/lmax/disruptor/3.4.2/disruptor-3.4.2.jar:/home/user/.m2/repository/org/apache/commons/commons-pool2/2.6.0/commons-pool2-2.6.0.jar:/home/user/.m2/repository/org/bouncycastle/bcpkix-jdk15on/1.60/bcpkix-jdk15on-1.60.jar:/home/user/.m2/repository/commons-validator/commons-validator/1.6/commons-validator-1.6.jar:/home/user/.m2/repository/commons-digester/commons-digester/1.8.1/commons-digester-1.8.1.jar:/home/user/.m2/repository/io/jaegertracing/jaeger-client/0.34.0/jaeger-client-0.34.0.jar:/home/user/.m2/repository/io/jaegertracing/jaeger-thrift/0.34.0/jaeger-thrift-0.34.0.jar:/home/user/.m2/repository/org/apache/thrift/libthrift/0.12.0/libthrift-0.12.0.jar:/home/user/.m2/repository/com/squareup/okhttp3/okhttp/3.9.0/okhttp-3.9.0.jar:/home/user/.m2/repository/com/squareup/okio/okio/1.13.0/okio-1.13.0.jar:/home/user/.m2/repository/io/jaegertracing/jaeger-core/0.34.0/jaeger-core-0.34.0.jar:/home/user/.m2/repository/io/jaegertracing/jaeger-tracerresolver/0.34.0/jaeger-tracerresolver-0.34.0.jar:/home/user/.m2/repository/io/opentracing/contrib/opentracing-tracerresolver/0.1.5/opentracing-tracerresolver-0.1.5.jar:/home/user/.m2/repository/io/opentracing/opentracing-util/0.31.0/opentracing-util-0.31.0.jar:/home/user/.m2/repository/io/opentracing/opentracing-api/0.31.0/opentracing-api-0.31.0.jar:/home/user/.m2/repository/io/opentracing/opentracing-noop/0.31.0/opentracing-noop-0.31.0.jar:/home/user/.m2/repository/org/apache/hadoop/hadoop-hdds-server-framework/0.5.0-SNAPSHOT/hadoop-hdds-server-framework-0.5.0-SNAPSHOT.jar:/home/user/.m2/repository/org/apache/hadoop/hadoop-hdds-container-service/0.5.0-SNAPSHOT/hadoop-hdds-container-service-0.5.0-SNAPSHOT.jar:/home/user/.m2/repository/org/apache/hadoop/hadoop-hdds-client/0.5.0-SNAPSHOT/hadoop-hdds-client-0.5.0-SNAPSHOT.jar:/home/user/.m2/repository/org/apache/hadoop/hadoop-hdds-tools/0.5.0-SNAPSHOT/hadoop-hdds-tools-0.5.0-SNAPSHOT.jar:/home/user/.m2/repository/org/apache/hadoop/hadoop-hdds-server-scm/0.5.0-SNAPSHOT/hadoop-hdds-server-scm-0.5.0-SNAPSHOT.jar:/home/user/.m2/repository/org/apache/hadoop/hadoop-hdds-docs/0.5.0-SNAPSHOT/hadoop-hdds-docs-0.5.0-SNAPSHOT.jar:/home/user/.m2/repository/io/dropwizard/metrics/metrics-core/3.2.4/metrics-core-3.2.4.jar:/home/user/.m2/repository/org/hamcrest/hamcrest-all/1.3/hamcrest-all-1.3.jar:/home/user/.m2/repository/org/bouncycastle/bcprov-jdk15on/1.60/bcprov-jdk15on-1.60.jar:/home/user/.m2/repository/info/picocli/picocli/3.9.6/picocli-3.9.6.jar:/home/user/.m2/repository/com/google/protobuf/protobuf-java/2.5.0/protobuf-java-2.5.0.jar:/home/user/.m2/repository/com/google/guava/guava/11.0.2/guava-11.0.2.jar:/home/user/.m2/repository/org/apache/hadoop/hadoop-ozone-ozone-manager/0.5.0-SNAPSHOT/hadoop-ozone-ozone-manager-0.5.0-SNAPSHOT.jar:/home/user/.m2/repository/org/apache/hadoop/hadoop-minikdc/3.2.0/hadoop-minikdc-3.2.0.jar:/home/user/.m2/repository/commons-io/commons-io/2.5/commons-io-2.5.jar:/home/user/.m2/repository/org/apache/kerby/kerb-simplekdc/1.0.1/kerb-simplekdc-1.0.1.jar:/home/user/.m2/repository/org/apache/kerby/kerb-client/1.0.1/kerb-client-1.0.1.jar:/home/user/.m2/repository/org/apache/kerby/kerby-config/1.0.1/kerby-config-1.0.1.jar:/home/user/.m2/repository/org/apache/kerby/kerb-core/1.0.1/kerb-core-1.0.1.jar:/home/user/.m2/repository/org/apache/kerby/kerby-pkix/1.0.1/kerby-pkix-1.0.1.jar:/home/user/.m2/repository/org/apache/kerby/kerby-asn1/1.0.1/kerby-asn1-1.0.1.jar:/home/user/.m2/repository/org/apache/kerby/kerby-util/1.0.1/kerby-util-1.0.1.jar:/home/user/.m2/repository/org/apache/kerby/kerb-common/1.0.1/kerb-common-1.0.1.jar:/home/user/.m2/repository/org/apache/kerby/kerb-crypto/1.0.1/kerb-crypto-1.0.1.jar:/home/user/.m2/repository/org/apache/kerby/kerb-util/1.0.1/kerb-util-1.0.1.jar:/home/user/.m2/repository/org/apache/kerby/token-provider/1.0.1/token-provider-1.0.1.jar:/home/user/.m2/repository/org/apache/kerby/kerb-admin/1.0.1/kerb-admin-1.0.1.jar:/home/user/.m2/repository/org/apache/kerby/kerb-server/1.0.1/kerb-server-1.0.1.jar:/home/user/.m2/repository/org/apache/kerby/kerb-identity/1.0.1/kerb-identity-1.0.1.jar:/home/user/.m2/repository/org/apache/kerby/kerby-xdr/1.0.1/kerby-xdr-1.0.1.jar:/home/user/.m2/repository/org/slf4j/slf4j-log4j12/1.7.25/slf4j-log4j12-1.7.25.jar:/home/user/.m2/repository/org/apache/hadoop/hadoop-ozone-s3gateway/0.5.0-SNAPSHOT/hadoop-ozone-s3gateway-0.5.0-SNAPSHOT.jar:/home/user/.m2/repository/org/jboss/weld/servlet/weld-servlet/2.4.7.Final/weld-servlet-2.4.7.Final.jar:/home/user/.m2/repository/org/glassfish/jersey/containers/jersey-container-servlet-core/2.27/jersey-container-servlet-core-2.27.jar:/home/user/.m2/repository/org/glassfish/hk2/external/javax.inject/2.5.0-b42/javax.inject-2.5.0-b42.jar:/home/user/.m2/repository/org/glassfish/jersey/core/jersey-common/2.27/jersey-common-2.27.jar:/home/user/.m2/repository/org/glassfish/hk2/osgi-resource-locator/1.0.1/osgi-resource-locator-1.0.1.jar:/home/user/.m2/repository/javax/ws/rs/javax.ws.rs-api/2.1/javax.ws.rs-api-2.1.jar:/home/user/.m2/repository/org/glassfish/jersey/ext/cdi/jersey-cdi1x/2.27/jersey-cdi1x-2.27.jar:/home/user/.m2/repository/org/glassfish/jersey/inject/jersey-hk2/2.27/jersey-hk2-2.27.jar:/home/user/.m2/repository/org/glassfish/hk2/hk2-locator/2.5.0-b42/hk2-locator-2.5.0-b42.jar:/home/user/.m2/repository/org/javassist/javassist/3.22.0-CR2/javassist-3.22.0-CR2.jar:/home/user/.m2/repository/org/glassfish/hk2/hk2-api/2.5.0/hk2-api-2.5.0.jar:/home/user/.m2/repository/org/glassfish/hk2/external/jakarta.inject/2.5.0/jakarta.inject-2.5.0.jar:/home/user/.m2/repository/org/glassfish/hk2/hk2-utils/2.5.0/hk2-utils-2.5.0.jar:/home/user/.m2/repository/jakarta/annotation/jakarta.annotation-api/1.3.4/jakarta.annotation-api-1.3.4.jar:/home/user/.m2/repository/org/glassfish/hk2/external/aopalliance-repackaged/2.5.0/aopalliance-repackaged-2.5.0.jar:/home/user/.m2/repository/com/fasterxml/jackson/dataformat/jackson-dataformat-xml/2.9.0/jackson-dataformat-xml-2.9.0.jar:/home/user/.m2/repository/com/fasterxml/jackson/core/jackson-core/2.9.9/jackson-core-2.9.9.jar:/home/user/.m2/repository/com/fasterxml/jackson/module/jackson-module-jaxb-annotations/2.9.9/jackson-module-jaxb-annotations-2.9.9.jar:/home/user/.m2/repository/javax/enterprise/cdi-api/1.2/cdi-api-1.2.jar:/home/user/.m2/repository/javax/el/javax.el-api/3.0.0/javax.el-api-3.0.0.jar:/home/user/.m2/repository/javax/interceptor/javax.interceptor-api/1.2/javax.interceptor-api-1.2.jar:/home/user/.m2/repository/javax/inject/javax.inject/1/javax.inject-1.jar:/home/user/.m2/repository/com/sun/xml/bind/jaxb-impl/2.3.0.1/jaxb-impl-2.3.0.1.jar:/home/user/.m2/repository/com/sun/xml/bind/jaxb-core/2.3.0.1/jaxb-core-2.3.0.1.jar:/home/user/.m2/repository/javax/xml/bind/jaxb-api/2.3.0/jaxb-api-2.3.0.jar:/home/user/.m2/repository/javax/activation/activation/1.1.1/activation-1.1.1.jar:/home/user/.m2/repository/org/apache/hadoop/hadoop-ozone-csi/0.5.0-SNAPSHOT/hadoop-ozone-csi-0.5.0-SNAPSHOT.jar:/home/user/.m2/repository/com/google/protobuf/protobuf-java-util/3.5.1/protobuf-java-util-3.5.1.jar:/home/user/.m2/repository/org/apache/hadoop/hadoop-hdds-config/0.5.0-SNAPSHOT/hadoop-hdds-config-0.5.0-SNAPSHOT.jar:/home/user/.m2/repository/io/grpc/grpc-netty/1.17.1/grpc-netty-1.17.1.jar:/home/user/.m2/repository/io/grpc/grpc-core/1.17.1/grpc-core-1.17.1.jar:/home/user/.m2/repository/io/grpc/grpc-context/1.17.1/grpc-context-1.17.1.jar:/home/user/.m2/repository/com/google/errorprone/error_prone_annotations/2.2.0/error_prone_annotations-2.2.0.jar:/home/user/.m2/repository/org/codehaus/mojo/animal-sniffer-annotations/1.17/animal-sniffer-annotations-1.17.jar:/home/user/.m2/repository/io/opencensus/opencensus-api/0.17.0/opencensus-api-0.17.0.jar:/home/user/.m2/repository/io/opencensus/opencensus-contrib-grpc-metrics/0.17.0/opencensus-contrib-grpc-metrics-0.17.0.jar:/home/user/.m2/repository/io/netty/netty-codec-http2/4.1.30.Final/netty-codec-http2-4.1.30.Final.jar:/home/user/.m2/repository/io/netty/netty-codec-http/4.1.30.Final/netty-codec-http-4.1.30.Final.jar:/home/user/.m2/repository/io/netty/netty-codec/4.1.30.Final/netty-codec-4.1.30.Final.jar:/home/user/.m2/repository/io/netty/netty-handler/4.1.30.Final/netty-handler-4.1.30.Final.jar:/home/user/.m2/repository/io/netty/netty-handler-proxy/4.1.30.Final/netty-handler-proxy-4.1.30.Final.jar:/home/user/.m2/repository/io/netty/netty-codec-socks/4.1.30.Final/netty-codec-socks-4.1.30.Final.jar:/home/user/.m2/repository/io/netty/netty-transport-native-epoll/4.1.30.Final/netty-transport-native-epoll-4.1.30.Final.jar:/home/user/.m2/repository/io/netty/netty-common/4.1.30.Final/netty-common-4.1.30.Final.jar:/home/user/.m2/repository/io/netty/netty-buffer/4.1.30.Final/netty-buffer-4.1.30.Final.jar:/home/user/.m2/repository/io/netty/netty-transport/4.1.30.Final/netty-transport-4.1.30.Final.jar:/home/user/.m2/repository/io/netty/netty-resolver/4.1.30.Final/netty-resolver-4.1.30.Final.jar:/home/user/.m2/repository/io/netty/netty-transport-native-unix-common/4.1.30.Final/netty-transport-native-unix-common-4.1.30.Final.jar:/home/user/.m2/repository/io/grpc/grpc-protobuf/1.17.1/grpc-protobuf-1.17.1.jar:/home/user/.m2/repository/com/google/api/grpc/proto-google-common-protos/1.0.0/proto-google-common-protos-1.0.0.jar:/home/user/.m2/repository/io/grpc/grpc-protobuf-lite/1.17.1/grpc-protobuf-lite-1.17.1.jar:/home/user/.m2/repository/io/grpc/grpc-stub/1.17.1/grpc-stub-1.17.1.jar:/home/user/.m2/repository/org/apache/hadoop/hadoop-ozone-recon/0.5.0-SNAPSHOT/hadoop-ozone-recon-0.5.0-SNAPSHOT.jar:/home/user/.m2/repository/org/apache/hadoop/hadoop-ozone-reconcodegen/0.5.0-SNAPSHOT/hadoop-ozone-reconcodegen-0.5.0-SNAPSHOT.jar:/home/user/.m2/repository/com/google/inject/extensions/guice-multibindings/4.0/guice-multibindings-4.0.jar:/home/user/.m2/repository/com/google/inject/guice/4.0/guice-4.0.jar:/home/user/.m2/repository/aopalliance/aopalliance/1.0/aopalliance-1.0.jar:/home/user/.m2/repository/com/google/inject/extensions/guice-servlet/4.0/guice-servlet-4.0.jar:/home/user/.m2/repository/org/glassfish/jersey/containers/jersey-container-servlet/2.27/jersey-container-servlet-2.27.jar:/home/user/.m2/repository/org/glassfish/hk2/guice-bridge/2.5.0/guice-bridge-2.5.0.jar:/home/user/.m2/repository/org/glassfish/jersey/core/jersey-server/2.27/jersey-server-2.27.jar:/home/user/.m2/repository/org/glassfish/jersey/core/jersey-client/2.27/jersey-client-2.27.jar:/home/user/.m2/repository/org/glassfish/jersey/media/jersey-media-jaxb/2.27/jersey-media-jaxb-2.27.jar:/home/user/.m2/repository/javax/validation/validation-api/1.1.0.Final/validation-api-1.1.0.Final.jar:/home/user/.m2/repository/org/glassfish/jersey/media/jersey-media-json-jackson/2.27/jersey-media-json-jackson-2.27.jar:/home/user/.m2/repository/org/glassfish/jersey/ext/jersey-entity-filtering/2.27/jersey-entity-filtering-2.27.jar:/home/user/.m2/repository/com/google/inject/extensions/guice-assistedinject/4.0/guice-assistedinject-4.0.jar:/home/user/.m2/repository/org/jooq/jooq/3.11.10/jooq-3.11.10.jar:/home/user/.m2/repository/org/jooq/jooq-meta/3.11.10/jooq-meta-3.11.10.jar:/home/user/.m2/repository/org/jooq/jooq-codegen/3.11.10/jooq-codegen-3.11.10.jar:/home/user/.m2/repository/com/jolbox/bonecp/0.8.0.RELEASE/bonecp-0.8.0.RELEASE.jar:/home/user/.m2/repository/org/xerial/sqlite-jdbc/3.25.2/sqlite-jdbc-3.25.2.jar:/home/user/.m2/repository/org/springframework/spring-jdbc/5.1.3.RELEASE/spring-jdbc-5.1.3.RELEASE.jar:/home/user/.m2/repository/org/springframework/spring-beans/5.1.3.RELEASE/spring-beans-5.1.3.RELEASE.jar:/home/user/.m2/repository/org/springframework/spring-core/5.1.3.RELEASE/spring-core-5.1.3.RELEASE.jar:/home/user/.m2/repository/org/springframework/spring-jcl/5.1.3.RELEASE/spring-jcl-5.1.3.RELEASE.jar:/home/user/.m2/repository/org/springframework/spring-tx/5.1.3.RELEASE/spring-tx-5.1.3.RELEASE.jar:/home/user/.m2/repository/org/apache/hadoop/hadoop-ozone-client/0.5.0-SNAPSHOT/hadoop-ozone-client-0.5.0-SNAPSHOT.jar:/home/user/.m2/repository/commons-lang/commons-lang/2.6/commons-lang-2.6.jar:/home/user/.m2/repository/org/apache/hadoop/hadoop-ozone-ozone-manager/0.5.0-SNAPSHOT/hadoop-ozone-ozone-manager-0.5.0-SNAPSHOT-tests.jar:/home/user/.m2/repository/junit/junit/4.11/junit-4.11.jar:/home/user/.m2/repository/org/hamcrest/hamcrest-core/1.3/hamcrest-core-1.3.jar:/home/user/.m2/repository/org/openjdk/jmh/jmh-core/1.19/jmh-core-1.19.jar:/home/user/.m2/repository/net/sf/jopt-simple/jopt-simple/4.6/jopt-simple-4.6.jar:/home/user/.m2/repository/org/apache/commons/commons-math3/3.1.1/commons-math3-3.1.1.jar:/home/user/.m2/repository/org/openjdk/jmh/jmh-generator-annprocess/1.19/jmh-generator-annprocess-1.19.jar:/home/user/.m2/repository/org/mockito/mockito-all/1.8.5/mockito-all-1.8.5.jar:/home/user/.m2/repository/org/apache/hadoop/hadoop-kms/3.2.0/hadoop-kms-3.2.0.jar:/home/user/.m2/repository/org/apache/hadoop/hadoop-auth/3.2.0/hadoop-auth-3.2.0.jar:/home/user/.m2/repository/com/nimbusds/nimbus-jose-jwt/4.41.1/nimbus-jose-jwt-4.41.1.jar:/home/user/.m2/repository/com/github/stephenc/jcip/jcip-annotations/1.0-1/jcip-annotations-1.0-1.jar:/home/user/.m2/repository/net/minidev/json-smart/2.3/json-smart-2.3.jar:/home/user/.m2/repository/net/minidev/accessors-smart/1.2/accessors-smart-1.2.jar:/home/user/.m2/repository/org/ow2/asm/asm/5.0.4/asm-5.0.4.jar:/home/user/.m2/repository/org/apache/curator/curator-framework/2.12.0/curator-framework-2.12.0.jar:/home/user/.m2/repository/com/sun/jersey/jersey-core/1.19/jersey-core-1.19.jar:/home/user/.m2/repository/javax/ws/rs/jsr311-api/1.1.1/jsr311-api-1.1.1.jar:/home/user/.m2/repository/com/sun/jersey/jersey-server/1.19/jersey-server-1.19.jar:/home/user/.m2/repository/javax/servlet/javax.servlet-api/3.1.0/javax.servlet-api-3.1.0.jar:/home/user/.m2/repository/org/eclipse/jetty/jetty-server/9.3.25.v20180904/jetty-server-9.3.25.v20180904.jar:/home/user/.m2/repository/org/eclipse/jetty/jetty-http/9.3.25.v20180904/jetty-http-9.3.25.v20180904.jar:/home/user/.m2/repository/org/eclipse/jetty/jetty-io/9.3.25.v20180904/jetty-io-9.3.25.v20180904.jar:/home/user/.m2/repository/org/eclipse/jetty/jetty-webapp/9.3.25.v20180904/jetty-webapp-9.3.25.v20180904.jar:/home/user/.m2/repository/org/eclipse/jetty/jetty-xml/9.3.25.v20180904/jetty-xml-9.3.25.v20180904.jar:/home/user/.m2/repository/log4j/log4j/1.2.17/log4j-1.2.17.jar:/home/user/.m2/repository/org/slf4j/slf4j-api/1.7.25/slf4j-api-1.7.25.jar:/home/user/.m2/repository/org/slf4j/jul-to-slf4j/1.7.25/jul-to-slf4j-1.7.25.jar:/home/user/.m2/repository/org/eclipse/jetty/jetty-util/9.3.25.v20180904/jetty-util-9.3.25.v20180904.jar:/home/user/.m2/repository/com/fasterxml/jackson/core/jackson-databind/2.9.9/jackson-databind-2.9.9.jar:/home/user/.m2/repository/org/apache/hadoop/hadoop-kms/3.2.0/hadoop-kms-3.2.0-tests.jar:/home/user/.m2/repository/org/apache/hadoop/hadoop-hdds-server-scm/0.5.0-SNAPSHOT/hadoop-hdds-server-scm-0.5.0-SNAPSHOT-tests.jar:/home/user/.m2/repository/org/apache/hadoop/hadoop-hdds-container-service/0.5.0-SNAPSHOT/hadoop-hdds-container-service-0.5.0-SNAPSHOT-tests.jar:/home/user/.m2/repository/org/yaml/snakeyaml/1.16/snakeyaml-1.16.jar:/home/user/.m2/repository/org/apache/hadoop/hadoop-common/3.2.0/hadoop-common-3.2.0-tests.jar:/home/user/.m2/repository/org/apache/hadoop/hadoop-annotations/3.2.0/hadoop-annotations-3.2.0.jar:/usr/lib/jvm/java-1.8-openjdk/jre/../lib/tools.jar:/home/user/.m2/repository/commons-cli/commons-cli/1.2/commons-cli-1.2.jar:/home/user/.m2/repository/org/apache/httpcomponents/httpclient/4.5.2/httpclient-4.5.2.jar:/home/user/.m2/repository/org/apache/httpcomponents/httpcore/4.4.4/httpcore-4.4.4.jar:/home/user/.m2/repository/commons-codec/commons-codec/1.11/commons-codec-1.11.jar:/home/user/.m2/repository/commons-net/commons-net/3.6/commons-net-3.6.jar:/home/user/.m2/repository/commons-collections/commons-collections/3.2.2/commons-collections-3.2.2.jar:/home/user/.m2/repository/org/eclipse/jetty/jetty-servlet/9.3.25.v20180904/jetty-servlet-9.3.25.v20180904.jar:/home/user/.m2/repository/org/eclipse/jetty/jetty-security/9.3.25.v20180904/jetty-security-9.3.25.v20180904.jar:/home/user/.m2/repository/javax/servlet/jsp/jsp-api/2.1/jsp-api-2.1.jar:/home/user/.m2/repository/com/sun/jersey/jersey-servlet/1.19/jersey-servlet-1.19.jar:/home/user/.m2/repository/com/sun/jersey/jersey-json/1.19/jersey-json-1.19.jar:/home/user/.m2/repository/org/codehaus/jettison/jettison/1.1/jettison-1.1.jar:/home/user/.m2/repository/org/codehaus/jackson/jackson-core-asl/1.9.13/jackson-core-asl-1.9.13.jar:/home/user/.m2/repository/org/codehaus/jackson/jackson-mapper-asl/1.9.13/jackson-mapper-asl-1.9.13.jar:/home/user/.m2/repository/org/codehaus/jackson/jackson-jaxrs/1.9.13/jackson-jaxrs-1.9.13.jar:/home/user/.m2/repository/org/codehaus/jackson/jackson-xc/1.9.13/jackson-xc-1.9.13.jar:/home/user/.m2/repository/commons-logging/commons-logging/1.1.3/commons-logging-1.1.3.jar:/home/user/.m2/repository/commons-beanutils/commons-beanutils/1.9.4/commons-beanutils-1.9.4.jar:/home/user/.m2/repository/org/apache/commons/commons-configuration2/2.1.1/commons-configuration2-2.1.1.jar:/home/user/.m2/repository/org/apache/commons/commons-lang3/3.7/commons-lang3-3.7.jar:/home/user/.m2/repository/org/apache/commons/commons-text/1.4/commons-text-1.4.jar:/home/user/.m2/repository/org/apache/avro/avro/1.7.7/avro-1.7.7.jar:/home/user/.m2/repository/com/thoughtworks/paranamer/paranamer/2.3/paranamer-2.3.jar:/home/user/.m2/repository/org/xerial/snappy/snappy-java/1.0.5/snappy-java-1.0.5.jar:/home/user/.m2/repository/com/google/re2j/re2j/1.1/re2j-1.1.jar:/home/user/.m2/repository/com/google/code/gson/gson/2.2.4/gson-2.2.4.jar:/home/user/.m2/repository/com/jcraft/jsch/0.1.54/jsch-0.1.54.jar:/home/user/.m2/repository/org/apache/curator/curator-client/2.12.0/curator-client-2.12.0.jar:/home/user/.m2/repository/org/apache/curator/curator-recipes/2.12.0/curator-recipes-2.12.0.jar:/home/user/.m2/repository/com/google/code/findbugs/jsr305/3.0.0/jsr305-3.0.0.jar:/home/user/.m2/repository/org/apache/htrace/htrace-core4/4.1.0-incubating/htrace-core4-4.1.0-incubating.jar:/home/user/.m2/repository/org/apache/zookeeper/zookeeper/3.4.13/zookeeper-3.4.13.jar:/home/user/.m2/repository/jline/jline/0.9.94/jline-0.9.94.jar:/home/user/.m2/repository/org/apache/yetus/audience-annotations/0.5.0/audience-annotations-0.5.0.jar:/home/user/.m2/repository/org/codehaus/woodstox/stax2-api/3.1.4/stax2-api-3.1.4.jar:/home/user/.m2/repository/com/fasterxml/woodstox/woodstox-core/5.0.3/woodstox-core-5.0.3.jar:/home/user/.m2/repository/dnsjava/dnsjava/2.1.7/dnsjava-2.1.7.jar:/home/user/.m2/repository/org/apache/hadoop/hadoop-hdfs/3.2.0/hadoop-hdfs-3.2.0-tests.jar:/home/user/.m2/repository/org/eclipse/jetty/jetty-util-ajax/9.3.25.v20180904/jetty-util-ajax-9.3.25.v20180904.jar:/home/user/.m2/repository/commons-daemon/commons-daemon/1.0.13/commons-daemon-1.0.13.jar:/home/user/.m2/repository/io/netty/netty/3.10.5.Final/netty-3.10.5.Final.jar:/home/user/.m2/repository/io/netty/netty-all/4.0.52.Final/netty-all-4.0.52.Final.jar:/home/user/.m2/repository/org/fusesource/leveldbjni/leveldbjni-all/1.8/leveldbjni-all-1.8.jar:"/>
    <property name="sun.cpu.endian" value="little"/>
    <property name="user.home" value="/home/user"/>
    <property name="user.language" value="en"/>
    <property name="java.specification.vendor" value="Oracle Corporation"/>
    <property name="java.home" value="/usr/lib/jvm/java-1.8-openjdk/jre"/>
    <property name="java.security.krb5.conf" value="/workdir/hadoop-ozone/integration-test/target/test-classes/krb5.conf"/>
    <property name="basedir" value="/workdir/hadoop-ozone/integration-test"/>
    <property name="file.separator" value="/"/>
    <property name="line.separator" value="&#10;"/>
    <property name="java.vm.specification.vendor" value="Oracle Corporation"/>
    <property name="java.specification.name" value="Java Platform API Specification"/>
    <property name="java.awt.graphicsenv" value="sun.awt.X11GraphicsEnvironment"/>
    <property name="surefire.real.class.path" value="/workdir/hadoop-ozone/integration-test/target/surefire/surefirebooter2941691395204461225.jar"/>
    <property name="hadoop.log.dir" value="/workdir/hadoop-ozone/integration-test/target/log"/>
    <property name="sun.boot.class.path" value="/usr/lib/jvm/java-1.8-openjdk/jre/lib/resources.jar:/usr/lib/jvm/java-1.8-openjdk/jre/lib/rt.jar:/usr/lib/jvm/java-1.8-openjdk/jre/lib/sunrsasign.jar:/usr/lib/jvm/java-1.8-openjdk/jre/lib/jsse.jar:/usr/lib/jvm/java-1.8-openjdk/jre/lib/jce.jar:/usr/lib/jvm/java-1.8-openjdk/jre/lib/charsets.jar:/usr/lib/jvm/java-1.8-openjdk/jre/lib/jfr.jar:/usr/lib/jvm/java-1.8-openjdk/jre/classes"/>
    <property name="sun.management.compiler" value="HotSpot 64-Bit Tiered Compilers"/>
    <property name="java.runtime.version" value="1.8.0_212-b04"/>
    <property name="java.net.preferIPv4Stack" value="true"/>
    <property name="user.name" value="jenkins1000"/>
    <property name="path.separator" value=":"/>
    <property name="java.security.egd" value="file:///dev/urandom"/>
    <property name="os.version" value="3.10.0-957.12.2.el7.x86_64"/>
    <property name="java.endorsed.dirs" value="/usr/lib/jvm/java-1.8-openjdk/jre/lib/endorsed"/>
    <property name="java.runtime.name" value="OpenJDK Runtime Environment"/>
    <property name="file.encoding" value="UTF-8"/>
    <property name="java.vm.name" value="OpenJDK 64-Bit Server VM"/>
    <property name="test.build.webapps" value=""/>
    <property name="localRepository" value="/home/user/.m2/repository"/>
    <property name="java.vendor.url.bug" value="https://icedtea.classpath.org/bugzilla"/>
    <property name="java.io.tmpdir" value="/tmp"/>
    <property name="require.test.libhadoop" value=""/>
    <property name="java.version" value="1.8.0_212"/>
    <property name="user.dir" value="/workdir/hadoop-ozone/integration-test"/>
    <property name="os.arch" value="amd64"/>
    <property name="java.vm.specification.name" value="Java Virtual Machine Specification"/>
    <property name="test.build.classes" value="/workdir/hadoop-ozone/integration-test/target/test-classes"/>
    <property name="java.awt.printerjob" value="sun.print.PSPrinterJob"/>
    <property name="sun.os.patch.level" value="unknown"/>
    <property name="hadoop.tmp.dir" value="/workdir/hadoop-ozone/integration-test/target/tmp"/>
    <property name="java.library.path" value="/usr/lib/jvm/java-1.8-openjdk/jre/lib/amd64/server:/usr/lib/jvm/java-1.8-openjdk/jre/lib/amd64:/usr/lib/jvm/java-1.8-openjdk/jre/../lib/amd64:/workdir/hadoop-ozone/integration-test/target/native/target/usr/local/lib:/workdir/hadoop-ozone/integration-test/../../hadoop-common-project/hadoop-common/target/native/target/usr/local/lib:/usr/java/packages/lib/amd64:/usr/lib64:/lib64:/lib:/usr/lib"/>
    <property name="java.vm.info" value="mixed mode"/>
    <property name="java.vendor" value="IcedTea"/>
    <property name="java.vm.version" value="25.212-b04"/>
    <property name="java.ext.dirs" value="/usr/lib/jvm/java-1.8-openjdk/jre/lib/ext:/usr/java/packages/lib/ext"/>
    <property name="sun.io.unicode.encoding" value="UnicodeLittle"/>
    <property name="java.class.version" value="52.0"/>
  </properties>
  <testcase name="test" classname="org.apache.hadoop.ozone.scm.TestSCMContainerPlacementPolicyMetrics" time="42.037">
    <error message="Allocated 0 blocks. Requested 1 blocks" type="INTERNAL_ERROR org.apache.hadoop.ozone.om.exceptions.OMException">INTERNAL_ERROR org.apache.hadoop.ozone.om.exceptions.OMException: Allocated 0 blocks. Requested 1 blocks
	at org.apache.hadoop.ozone.om.protocolPB.OzoneManagerProtocolClientSideTranslatorPB.handleError(OzoneManagerProtocolClientSideTranslatorPB.java:732)
	at org.apache.hadoop.ozone.om.protocolPB.OzoneManagerProtocolClientSideTranslatorPB.openKey(OzoneManagerProtocolClientSideTranslatorPB.java:723)
	at sun.reflect.NativeMethodAccessorImpl.invoke0(Native Method)
	at sun.reflect.NativeMethodAccessorImpl.invoke(NativeMethodAccessorImpl.java:62)
	at sun.reflect.DelegatingMethodAccessorImpl.invoke(DelegatingMethodAccessorImpl.java:43)
	at java.lang.reflect.Method.invoke(Method.java:498)
	at org.apache.hadoop.hdds.tracing.TraceAllMethod.invoke(TraceAllMethod.java:66)
	at com.sun.proxy.$Proxy37.openKey(Unknown Source)
	at org.apache.hadoop.ozone.client.rpc.RpcClient.createKey(RpcClient.java:614)
	at org.apache.hadoop.ozone.client.OzoneBucket.createKey(OzoneBucket.java:325)
	at org.apache.hadoop.ozone.scm.TestSCMContainerPlacementPolicyMetrics.test(TestSCMContainerPlacementPolicyMetrics.java:108)
	at sun.reflect.NativeMethodAccessorImpl.invoke0(Native Method)
	at sun.reflect.NativeMethodAccessorImpl.invoke(NativeMethodAccessorImpl.java:62)
	at sun.reflect.DelegatingMethodAccessorImpl.invoke(DelegatingMethodAccessorImpl.java:43)
	at java.lang.reflect.Method.invoke(Method.java:498)
	at org.junit.runners.model.FrameworkMethod$1.runReflectiveCall(FrameworkMethod.java:47)
	at org.junit.internal.runners.model.ReflectiveCallable.run(ReflectiveCallable.java:12)
	at org.junit.runners.model.FrameworkMethod.invokeExplosively(FrameworkMethod.java:44)
	at org.junit.internal.runners.statements.InvokeMethod.evaluate(InvokeMethod.java:17)
	at org.junit.internal.runners.statements.FailOnTimeout$StatementThread.run(FailOnTimeout.java:74)
</error>
    <system-out><![CDATA[2019-09-25 05:36:15,118 [main] WARN  server.ServerUtils (ServerUtils.java:getScmDbDir(145)) - ozone.scm.db.dirs is not configured. We recommend adding this setting. Falling back to ozone.metadata.dirs instead.
2019-09-25 05:36:15,207 [main] WARN  server.ServerUtils (ServerUtils.java:getScmDbDir(145)) - ozone.scm.db.dirs is not configured. We recommend adding this setting. Falling back to ozone.metadata.dirs instead.
2019-09-25 05:36:15,210 [main] WARN  server.ServerUtils (ServerUtils.java:getScmDbDir(145)) - ozone.scm.db.dirs is not configured. We recommend adding this setting. Falling back to ozone.metadata.dirs instead.
2019-09-25 05:36:15,226 [main] INFO  util.log (Log.java:initialized(192)) - Logging initialized @829ms
2019-09-25 05:36:15,317 [main] INFO  db.DBStoreBuilder (DBStoreBuilder.java:addTable(110)) - using custom profile for table: deletedBlocks
2019-09-25 05:36:15,318 [main] INFO  db.DBStoreBuilder (DBStoreBuilder.java:processTables(161)) - Using default column profile:DBProfile.DISK for Table:deletedBlocks
2019-09-25 05:36:15,318 [main] INFO  db.DBStoreBuilder (DBStoreBuilder.java:addTable(110)) - using custom profile for table: validCerts
2019-09-25 05:36:15,318 [main] INFO  db.DBStoreBuilder (DBStoreBuilder.java:processTables(161)) - Using default column profile:DBProfile.DISK for Table:validCerts
2019-09-25 05:36:15,319 [main] INFO  db.DBStoreBuilder (DBStoreBuilder.java:addTable(110)) - using custom profile for table: revokedCerts
2019-09-25 05:36:15,319 [main] INFO  db.DBStoreBuilder (DBStoreBuilder.java:processTables(161)) - Using default column profile:DBProfile.DISK for Table:revokedCerts
2019-09-25 05:36:15,330 [main] INFO  db.DBStoreBuilder (DBStoreBuilder.java:addTable(110)) - using custom profile for table: default
2019-09-25 05:36:15,330 [main] INFO  db.DBStoreBuilder (DBStoreBuilder.java:processTables(167)) - Using default column profile:DBProfile.DISK for Table:default
2019-09-25 05:36:15,331 [main] INFO  db.DBStoreBuilder (DBStoreBuilder.java:getDbProfile(198)) - Using default options. DBProfile.DISK
2019-09-25 05:36:21,776 [main] INFO  net.NodeSchemaLoader (NodeSchemaLoader.java:loadSchemaFromFile(125)) - Loading file from sun.misc.CompoundEnumeration@33d512c1
2019-09-25 05:36:21,778 [main] INFO  net.NodeSchemaLoader (NodeSchemaLoader.java:loadSchema(171)) - Loading network topology layer schema file
2019-09-25 05:36:21,850 [main] WARN  server.ServerUtils (ServerUtils.java:sanitizeUserArgs(70)) - ozone.scm.stale.node.interval value = 300000 is larger than max = 100000 based on the key value of ozone.scm.heartbeat.thread.interval, reset to the max value 100000.
2019-09-25 05:36:21,851 [main] WARN  server.ServerUtils (ServerUtils.java:sanitizeUserArgs(70)) - ozone.scm.stale.node.interval value = 300000 is larger than max = 100000 based on the key value of ozone.scm.heartbeat.thread.interval, reset to the max value 100000.
2019-09-25 05:36:21,854 [main] INFO  node.SCMNodeManager (SCMNodeManager.java:<init>(114)) - Entering startup safe mode.
2019-09-25 05:36:21,920 [main] INFO  Configuration.deprecation (Configuration.java:logDeprecation(1394)) - hadoop.configured.node.mapping is deprecated. Instead, use net.topology.configured.node.mapping
2019-09-25 05:36:21,926 [main] INFO  algorithms.ContainerPlacementPolicyFactory (ContainerPlacementPolicyFactory.java:getPolicy(60)) - Create container placement policy of type org.apache.hadoop.hdds.scm.container.placement.algorithms.SCMContainerPlacementRackAware
2019-09-25 05:36:21,945 [main] WARN  server.ServerUtils (ServerUtils.java:getScmDbDir(145)) - ozone.scm.db.dirs is not configured. We recommend adding this setting. Falling back to ozone.metadata.dirs instead.
2019-09-25 05:36:22,045 [main] INFO  pipeline.SCMPipelineManager (SCMPipelineManager.java:initializePipelineState(132)) - No pipeline exists in current db
2019-09-25 05:36:22,047 [main] WARN  server.ServerUtils (ServerUtils.java:getScmDbDir(145)) - ozone.scm.db.dirs is not configured. We recommend adding this setting. Falling back to ozone.metadata.dirs instead.
2019-09-25 05:36:22,192 [main] WARN  events.EventQueue (EventQueue.java:fireEvent(183)) - No event handler registered for event TypedEvent{payloadType=SafeModeStatus, name='SafeModeStatus'}
2019-09-25 05:36:22,537 [main] INFO  ipc.CallQueueManager (CallQueueManager.java:<init>(84)) - Using callQueue: class java.util.concurrent.LinkedBlockingQueue, queueCapacity: 2000, scheduler: class org.apache.hadoop.ipc.DefaultRpcScheduler, ipcBackoff: false.
2019-09-25 05:36:22,564 [Socket Reader #1 for port 46048] INFO  ipc.Server (Server.java:run(1074)) - Starting Socket Reader #1 for port 46048
2019-09-25 05:36:22,702 [main] INFO  ipc.CallQueueManager (CallQueueManager.java:<init>(84)) - Using callQueue: class java.util.concurrent.LinkedBlockingQueue, queueCapacity: 2000, scheduler: class org.apache.hadoop.ipc.DefaultRpcScheduler, ipcBackoff: false.
2019-09-25 05:36:22,703 [Socket Reader #1 for port 35688] INFO  ipc.Server (Server.java:run(1074)) - Starting Socket Reader #1 for port 35688
2019-09-25 05:36:22,712 [main] INFO  ipc.CallQueueManager (CallQueueManager.java:<init>(84)) - Using callQueue: class java.util.concurrent.LinkedBlockingQueue, queueCapacity: 2000, scheduler: class org.apache.hadoop.ipc.DefaultRpcScheduler, ipcBackoff: false.
2019-09-25 05:36:22,713 [Socket Reader #1 for port 33518] INFO  ipc.Server (Server.java:run(1074)) - Starting Socket Reader #1 for port 33518
2019-09-25 05:36:22,735 [main] INFO  hdfs.DFSUtil (DFSUtil.java:httpServerTemplateForNNAndJN(1641)) - Starting Web-server for scm at: http://0.0.0.0:0
2019-09-25 05:36:22,891 [main] INFO  server.AuthenticationFilter (AuthenticationFilter.java:constructSecretProvider(240)) - Unable to initialize FileSignerSecretProvider, falling back to use random secrets.
2019-09-25 05:36:22,900 [main] WARN  http.HttpRequestLog (HttpRequestLog.java:getRequestLog(97)) - Jetty request log can only be enabled using Log4j
2019-09-25 05:36:22,909 [main] INFO  http.HttpServer2 (HttpServer2.java:addGlobalFilter(975)) - Added global filter 'safety' (class=org.apache.hadoop.http.HttpServer2$QuotingInputFilter)
2019-09-25 05:36:22,912 [main] INFO  http.HttpServer2 (HttpServer2.java:addFilter(948)) - Added filter static_user_filter (class=org.apache.hadoop.http.lib.StaticUserWebFilter$StaticUserFilter) to context scm
2019-09-25 05:36:22,912 [main] INFO  http.HttpServer2 (HttpServer2.java:addFilter(958)) - Added filter static_user_filter (class=org.apache.hadoop.http.lib.StaticUserWebFilter$StaticUserFilter) to context logs
2019-09-25 05:36:22,913 [main] INFO  http.HttpServer2 (HttpServer2.java:addFilter(958)) - Added filter static_user_filter (class=org.apache.hadoop.http.lib.StaticUserWebFilter$StaticUserFilter) to context static
2019-09-25 05:36:22,943 [main] INFO  server.StorageContainerManager (StorageContainerManager.java:start(770)) - StorageContainerLocationProtocol RPC server is listening at /0.0.0.0:33518
2019-09-25 05:36:23,005 [main] WARN  impl.MetricsConfig (MetricsConfig.java:loadFirst(134)) - Cannot locate configuration: tried hadoop-metrics2-storagecontainermanager.properties,hadoop-metrics2.properties
2019-09-25 05:36:23,018 [main] INFO  impl.MetricsSystemImpl (MetricsSystemImpl.java:startTimer(374)) - Scheduled Metric snapshot period at 10 second(s).
2019-09-25 05:36:23,018 [main] INFO  impl.MetricsSystemImpl (MetricsSystemImpl.java:start(191)) - StorageContainerManager metrics system started
2019-09-25 05:36:23,270 [main] INFO  server.SCMClientProtocolServer (SCMClientProtocolServer.java:start(151)) - RPC server for Client  is listening at /0.0.0.0:33518
2019-09-25 05:36:23,271 [IPC Server Responder] INFO  ipc.Server (Server.java:run(1314)) - IPC Server Responder: starting
2019-09-25 05:36:23,271 [IPC Server listener on 33518] INFO  ipc.Server (Server.java:run(1153)) - IPC Server listener on 33518: starting
2019-09-25 05:36:23,274 [main] INFO  server.StorageContainerManager (StorageContainerManager.java:start(780)) - ScmBlockLocationProtocol RPC server is listening at /0.0.0.0:35688
2019-09-25 05:36:23,276 [main] INFO  server.SCMBlockProtocolServer (SCMBlockProtocolServer.java:start(146)) - RPC server for Block Protocol is listening at /0.0.0.0:35688
2019-09-25 05:36:23,277 [IPC Server Responder] INFO  ipc.Server (Server.java:run(1314)) - IPC Server Responder: starting
2019-09-25 05:36:23,277 [IPC Server listener on 35688] INFO  ipc.Server (Server.java:run(1153)) - IPC Server listener on 35688: starting
2019-09-25 05:36:23,279 [main] INFO  server.StorageContainerManager (StorageContainerManager.java:start(784)) - ScmDatanodeProtocl RPC server is listening at /0.0.0.0:46048
2019-09-25 05:36:23,280 [main] INFO  server.SCMDatanodeProtocolServer (SCMDatanodeProtocolServer.java:start(191)) - RPC server for DataNodes is listening at /0.0.0.0:46048
2019-09-25 05:36:23,280 [IPC Server Responder] INFO  ipc.Server (Server.java:run(1314)) - IPC Server Responder: starting
2019-09-25 05:36:23,280 [IPC Server listener on 46048] INFO  ipc.Server (Server.java:run(1153)) - IPC Server listener on 46048: starting
2019-09-25 05:36:23,285 [main] INFO  http.HttpServer2 (HttpServer2.java:bindListener(1191)) - Jetty bound to port 32981
2019-09-25 05:36:23,288 [main] INFO  server.Server (Server.java:doStart(351)) - jetty-9.3.25.v20180904, build timestamp: 2018-09-04T21:11:46Z, git hash: 3ce520221d0240229c862b122d2b06c12a625732
2019-09-25 05:36:23,336 [main] INFO  handler.ContextHandler (ContextHandler.java:doStart(781)) - Started o.e.j.s.ServletContextHandler@3e821657{/logs,file:///workdir/hadoop-ozone/integration-test/target/log,AVAILABLE}
2019-09-25 05:36:23,336 [main] INFO  handler.ContextHandler (ContextHandler.java:doStart(781)) - Started o.e.j.s.ServletContextHandler@71cf1b07{/static,file:///workdir/hadoop-ozone/integration-test/target/test-classes/webapps/static,AVAILABLE}
2019-09-25 05:36:23,372 [main] INFO  handler.ContextHandler (ContextHandler.java:doStart(781)) - Started o.e.j.w.WebAppContext@69f63d95{/,file:///workdir/hadoop-ozone/integration-test/target/test-classes/webapps/scm/,AVAILABLE}{/scm}
2019-09-25 05:36:23,378 [main] INFO  server.AbstractConnector (AbstractConnector.java:doStart(278)) - Started ServerConnector@72c927f1{HTTP/1.1,[http/1.1]}{0.0.0.0:32981}
2019-09-25 05:36:23,379 [main] INFO  server.Server (Server.java:doStart(419)) - Started @8983ms
2019-09-25 05:36:23,381 [main] INFO  impl.MetricsSinkAdapter (MetricsSinkAdapter.java:start(204)) - Sink prometheus started
2019-09-25 05:36:23,382 [main] INFO  impl.MetricsSystemImpl (MetricsSystemImpl.java:registerSink(301)) - Registered sink prometheus
2019-09-25 05:36:23,383 [main] INFO  server.BaseHttpServer (BaseHttpServer.java:updateConnectorAddress(215)) - HTTP server of SCM is listening at http://0.0.0.0:32981
2019-09-25 05:36:23,389 [org.apache.hadoop.util.JvmPauseMonitor$Monitor@532721fd] INFO  util.JvmPauseMonitor (JvmPauseMonitor.java:run(188)) - Starting JVM pause monitor
2019-09-25 05:36:23,393 [main] WARN  server.ServerUtils (ServerUtils.java:getDBPath(222)) - ozone.om.db.dirs is not configured. We recommend adding this setting. Falling back to ozone.metadata.dirs instead.
2019-09-25 05:36:23,600 [main] WARN  server.ServerUtils (ServerUtils.java:getDBPath(222)) - ozone.om.db.dirs is not configured. We recommend adding this setting. Falling back to ozone.metadata.dirs instead.
2019-09-25 05:36:23,601 [main] WARN  server.ServerUtils (ServerUtils.java:getDBPath(222)) - ozone.om.db.dirs is not configured. We recommend adding this setting. Falling back to ozone.metadata.dirs instead.
2019-09-25 05:36:23,602 [main] INFO  om.OzoneManager (OzoneManager.java:setOMNodeDetails(652)) - OM Service ID is not set. Setting it to the default ID: omServiceIdDefault
2019-09-25 05:36:23,602 [main] INFO  om.OzoneManager (OzoneManager.java:setOMNodeDetails(658)) - OM Node ID is not set. Setting it to the OmStorage's OmID: b63ce0ea-1c99-41be-b3a2-b28e11ecf82d
2019-09-25 05:36:23,604 [main] INFO  om.OzoneManager (OzoneManager.java:loadOMHAConfigs(609)) - Found matching OM address with OMServiceId: null, OMNodeId: null, RPC Address: localhost:0 and Ratis port: 9872
2019-09-25 05:36:24,284 [main] WARN  server.ServerUtils (ServerUtils.java:getDBPath(222)) - ozone.om.db.dirs is not configured. We recommend adding this setting. Falling back to ozone.metadata.dirs instead.
2019-09-25 05:36:24,293 [main] INFO  db.DBStoreBuilder (DBStoreBuilder.java:addTable(110)) - using custom profile for table: userTable
2019-09-25 05:36:24,293 [main] INFO  db.DBStoreBuilder (DBStoreBuilder.java:processTables(161)) - Using default column profile:DBProfile.DISK for Table:userTable
2019-09-25 05:36:24,293 [main] INFO  db.DBStoreBuilder (DBStoreBuilder.java:addTable(110)) - using custom profile for table: volumeTable
2019-09-25 05:36:24,293 [main] INFO  db.DBStoreBuilder (DBStoreBuilder.java:processTables(161)) - Using default column profile:DBProfile.DISK for Table:volumeTable
2019-09-25 05:36:24,294 [main] INFO  db.DBStoreBuilder (DBStoreBuilder.java:addTable(110)) - using custom profile for table: bucketTable
2019-09-25 05:36:24,294 [main] INFO  db.DBStoreBuilder (DBStoreBuilder.java:processTables(161)) - Using default column profile:DBProfile.DISK for Table:bucketTable
2019-09-25 05:36:24,294 [main] INFO  db.DBStoreBuilder (DBStoreBuilder.java:addTable(110)) - using custom profile for table: keyTable
2019-09-25 05:36:24,295 [main] INFO  db.DBStoreBuilder (DBStoreBuilder.java:processTables(161)) - Using default column profile:DBProfile.DISK for Table:keyTable
2019-09-25 05:36:24,295 [main] INFO  db.DBStoreBuilder (DBStoreBuilder.java:addTable(110)) - using custom profile for table: deletedTable
2019-09-25 05:36:24,295 [main] INFO  db.DBStoreBuilder (DBStoreBuilder.java:processTables(161)) - Using default column profile:DBProfile.DISK for Table:deletedTable
2019-09-25 05:36:24,296 [main] INFO  db.DBStoreBuilder (DBStoreBuilder.java:addTable(110)) - using custom profile for table: openKeyTable
2019-09-25 05:36:24,296 [main] INFO  db.DBStoreBuilder (DBStoreBuilder.java:processTables(161)) - Using default column profile:DBProfile.DISK for Table:openKeyTable
2019-09-25 05:36:24,296 [main] INFO  db.DBStoreBuilder (DBStoreBuilder.java:addTable(110)) - using custom profile for table: s3Table
2019-09-25 05:36:24,297 [main] INFO  db.DBStoreBuilder (DBStoreBuilder.java:processTables(161)) - Using default column profile:DBProfile.DISK for Table:s3Table
2019-09-25 05:36:24,297 [main] INFO  db.DBStoreBuilder (DBStoreBuilder.java:addTable(110)) - using custom profile for table: multipartInfoTable
2019-09-25 05:36:24,297 [main] INFO  db.DBStoreBuilder (DBStoreBuilder.java:processTables(161)) - Using default column profile:DBProfile.DISK for Table:multipartInfoTable
2019-09-25 05:36:24,297 [main] INFO  db.DBStoreBuilder (DBStoreBuilder.java:addTable(110)) - using custom profile for table: dTokenTable
2019-09-25 05:36:24,298 [main] INFO  db.DBStoreBuilder (DBStoreBuilder.java:processTables(161)) - Using default column profile:DBProfile.DISK for Table:dTokenTable
2019-09-25 05:36:24,298 [main] INFO  db.DBStoreBuilder (DBStoreBuilder.java:addTable(110)) - using custom profile for table: s3SecretTable
2019-09-25 05:36:24,298 [main] INFO  db.DBStoreBuilder (DBStoreBuilder.java:processTables(161)) - Using default column profile:DBProfile.DISK for Table:s3SecretTable
2019-09-25 05:36:24,298 [main] INFO  db.DBStoreBuilder (DBStoreBuilder.java:addTable(110)) - using custom profile for table: prefixTable
2019-09-25 05:36:24,299 [main] INFO  db.DBStoreBuilder (DBStoreBuilder.java:processTables(161)) - Using default column profile:DBProfile.DISK for Table:prefixTable
2019-09-25 05:36:24,299 [main] INFO  db.DBStoreBuilder (DBStoreBuilder.java:addTable(110)) - using custom profile for table: default
2019-09-25 05:36:24,299 [main] INFO  db.DBStoreBuilder (DBStoreBuilder.java:processTables(167)) - Using default column profile:DBProfile.DISK for Table:default
2019-09-25 05:36:24,300 [main] INFO  db.DBStoreBuilder (DBStoreBuilder.java:getDbProfile(198)) - Using default options. DBProfile.DISK
2019-09-25 05:36:30,369 [KeyDeletingService#0] WARN  utils.BackgroundService (BackgroundService.java:lambda$run$0(135)) - Background task fails to execute, retrying in next interval
java.util.concurrent.ExecutionException: java.lang.NullPointerException
	at java.util.concurrent.FutureTask.report(FutureTask.java:122)
	at java.util.concurrent.FutureTask.get(FutureTask.java:206)
	at org.apache.hadoop.hdds.utils.BackgroundService$PeriodicalTask.lambda$run$0(BackgroundService.java:129)
	at java.util.stream.ForEachOps$ForEachOp$OfRef.accept(ForEachOps.java:184)
	at java.util.ArrayList$ArrayListSpliterator.forEachRemaining(ArrayList.java:1382)
	at java.util.stream.AbstractPipeline.copyInto(AbstractPipeline.java:482)
	at java.util.stream.ForEachOps$ForEachTask.compute(ForEachOps.java:291)
	at java.util.concurrent.CountedCompleter.exec(CountedCompleter.java:731)
	at java.util.concurrent.ForkJoinTask.doExec(ForkJoinTask.java:289)
	at java.util.concurrent.ForkJoinTask.doInvoke(ForkJoinTask.java:401)
	at java.util.concurrent.ForkJoinTask.invoke(ForkJoinTask.java:734)
	at java.util.stream.ForEachOps$ForEachOp.evaluateParallel(ForEachOps.java:160)
	at java.util.stream.ForEachOps$ForEachOp$OfRef.evaluateParallel(ForEachOps.java:174)
	at java.util.stream.AbstractPipeline.evaluate(AbstractPipeline.java:233)
	at java.util.stream.ReferencePipeline.forEach(ReferencePipeline.java:418)
	at java.util.stream.ReferencePipeline$Head.forEach(ReferencePipeline.java:583)
	at org.apache.hadoop.hdds.utils.BackgroundService$PeriodicalTask.run(BackgroundService.java:125)
	at java.util.concurrent.Executors$RunnableAdapter.call(Executors.java:511)
	at java.util.concurrent.FutureTask.runAndReset(FutureTask.java:308)
	at java.util.concurrent.ScheduledThreadPoolExecutor$ScheduledFutureTask.access$301(ScheduledThreadPoolExecutor.java:180)
	at java.util.concurrent.ScheduledThreadPoolExecutor$ScheduledFutureTask.run(ScheduledThreadPoolExecutor.java:294)
	at java.util.concurrent.ThreadPoolExecutor.runWorker(ThreadPoolExecutor.java:1149)
	at java.util.concurrent.ThreadPoolExecutor$Worker.run(ThreadPoolExecutor.java:624)
	at java.lang.Thread.run(Thread.java:748)
Caused by: java.lang.NullPointerException
	at org.apache.hadoop.ozone.om.OzoneManager.isLeader(OzoneManager.java:3430)
	at org.apache.hadoop.ozone.om.KeyDeletingService.shouldRun(KeyDeletingService.java:120)
	at org.apache.hadoop.ozone.om.KeyDeletingService.access$100(KeyDeletingService.java:58)
	at org.apache.hadoop.ozone.om.KeyDeletingService$KeyDeletingTask.call(KeyDeletingService.java:149)
	at org.apache.hadoop.ozone.om.KeyDeletingService$KeyDeletingTask.call(KeyDeletingService.java:137)
	at java.util.concurrent.FutureTask.run(FutureTask.java:266)
	at java.util.concurrent.Executors$RunnableAdapter.call(Executors.java:511)
	at java.util.concurrent.FutureTask.run(FutureTask.java:266)
	at java.util.concurrent.Executors$RunnableAdapter.call(Executors.java:511)
	at java.util.concurrent.FutureTask.run(FutureTask.java:266)
	at java.util.concurrent.ScheduledThreadPoolExecutor$ScheduledFutureTask.access$201(ScheduledThreadPoolExecutor.java:180)
	at java.util.concurrent.ScheduledThreadPoolExecutor$ScheduledFutureTask.run(ScheduledThreadPoolExecutor.java:293)
	... 3 more
2019-09-25 05:36:30,394 [main] WARN  scm.HddsServerUtil (HddsServerUtil.java:getDefaultRatisDirectory(354)) - Storage directory for Ratis is not configured. It is a good idea to map this to an SSD disk. Falling back to ozone.metadata.dirs
2019-09-25 05:36:30,418 [main] INFO  ratis.OzoneManagerRatisServer (OzoneManagerRatisServer.java:<init>(241)) - Instantiating OM Ratis server with GroupID: omServiceIdDefault and Raft Peers: localhost:9872
2019-09-25 05:36:30,603 [main] INFO  impl.RaftServerProxy (ConfUtils.java:logGet(43)) - raft.rpc.type = GRPC (default)
2019-09-25 05:36:30,685 [main] INFO  grpc.GrpcFactory (GrpcFactory.java:checkPooledByteBufAllocatorUseCacheForAllThreads(45)) - PERFORMANCE WARNING: useCacheForAllThreads is true that may cause Netty to create a lot garbage objects and, as a result, trigger GC.
	It is recommended to disable useCacheForAllThreads by setting -Dorg.apache.ratis.thirdparty.io.netty.allocator.useCacheForAllThreads=false in command line.
2019-09-25 05:36:30,690 [main] INFO  grpc.GrpcConfigKeys$Server (ConfUtils.java:logGet(43)) - raft.grpc.server.port = 9872 (custom)
2019-09-25 05:36:30,691 [main] INFO  server.GrpcService (ConfUtils.java:logGet(43)) - raft.grpc.message.size.max = 33554432 (custom)
2019-09-25 05:36:30,693 [main] INFO  server.RaftServerConfigKeys (ConfUtils.java:logGet(43)) - raft.server.log.appender.buffer.byte-limit = 33554432 (custom)
2019-09-25 05:36:30,694 [main] INFO  server.GrpcService (ConfUtils.java:logGet(43)) - raft.grpc.flow.control.window = 1MB (=1048576) (default)
2019-09-25 05:36:30,694 [main] INFO  server.RaftServerConfigKeys (ConfUtils.java:logGet(43)) - raft.server.rpc.request.timeout = 3000ms (default)
2019-09-25 05:36:30,843 [main] INFO  server.RaftServerConfigKeys (ConfUtils.java:logGet(43)) - raft.server.storage.dir = [/workdir/hadoop-ozone/integration-test/target/test-dir/MiniOzoneClusterImpl-29dc12d8-8e72-470a-a134-d73b6532f6c9/ozone-meta/ratis] (custom)
2019-09-25 05:36:30,849 [main] INFO  impl.RaftServerProxy (RaftServerProxy.java:addNew(89)) - b63ce0ea-1c99-41be-b3a2-b28e11ecf82d: addNew group-C5BA1605619E:[b63ce0ea-1c99-41be-b3a2-b28e11ecf82d:localhost:9872] returns group-C5BA1605619E:java.util.concurrent.CompletableFuture@1ac45389[Not completed]
2019-09-25 05:36:30,851 [main] INFO  om.OzoneManager (OzoneManager.java:initializeRatisServer(1389)) - OzoneManager Ratis server initialized at port 9872
2019-09-25 05:36:30,853 [main] WARN  scm.HddsServerUtil (HddsServerUtil.java:getDefaultRatisDirectory(354)) - Storage directory for Ratis is not configured. It is a good idea to map this to an SSD disk. Falling back to ozone.metadata.dirs
2019-09-25 05:36:30,854 [main] WARN  scm.HddsServerUtil (HddsServerUtil.java:getDefaultRatisDirectory(354)) - Storage directory for Ratis is not configured. It is a good idea to map this to an SSD disk. Falling back to ozone.metadata.dirs
2019-09-25 05:36:30,867 [pool-22-thread-1] INFO  impl.RaftServerImpl (RaftServerImpl.java:<init>(95)) - b63ce0ea-1c99-41be-b3a2-b28e11ecf82d: new RaftServerImpl for group-C5BA1605619E:[b63ce0ea-1c99-41be-b3a2-b28e11ecf82d:localhost:9872] with OzoneManagerStateMachine:uninitialized
2019-09-25 05:36:30,869 [main] INFO  ipc.CallQueueManager (CallQueueManager.java:<init>(84)) - Using callQueue: class java.util.concurrent.LinkedBlockingQueue, queueCapacity: 2000, scheduler: class org.apache.hadoop.ipc.DefaultRpcScheduler, ipcBackoff: false.
2019-09-25 05:36:30,870 [pool-22-thread-1] INFO  server.RaftServerConfigKeys (ConfUtils.java:logGet(43)) - raft.server.rpc.timeout.min = 1s (custom)
2019-09-25 05:36:30,870 [pool-22-thread-1] INFO  server.RaftServerConfigKeys (ConfUtils.java:logGet(43)) - raft.server.rpc.timeout.max = 1200ms (custom)
2019-09-25 05:36:30,871 [Socket Reader #1 for port 43596] INFO  ipc.Server (Server.java:run(1074)) - Starting Socket Reader #1 for port 43596
2019-09-25 05:36:30,871 [pool-22-thread-1] INFO  server.RaftServerConfigKeys (ConfUtils.java:logGet(43)) - raft.server.rpcslowness.timeout = 120s (custom)
2019-09-25 05:36:30,874 [pool-22-thread-1] INFO  server.RaftServerConfigKeys (ConfUtils.java:logGet(43)) - raft.server.sleep.deviation.threshold = 300 (default)
2019-09-25 05:36:30,875 [pool-22-thread-1] INFO  server.RaftServerConfigKeys (ConfUtils.java:logGet(43)) - raft.server.log.appender.install.snapshot.enabled = false (custom)
2019-09-25 05:36:30,885 [pool-22-thread-1] INFO  impl.RaftServerImpl (ServerState.java:<init>(103)) - b63ce0ea-1c99-41be-b3a2-b28e11ecf82d@group-C5BA1605619E: ConfigurationManager, init=-1: [b63ce0ea-1c99-41be-b3a2-b28e11ecf82d:localhost:9872], old=null, confs=<EMPTY_MAP>
2019-09-25 05:36:30,885 [pool-22-thread-1] INFO  server.RaftServerConfigKeys (ConfUtils.java:logGet(43)) - raft.server.storage.dir = [/workdir/hadoop-ozone/integration-test/target/test-dir/MiniOzoneClusterImpl-29dc12d8-8e72-470a-a134-d73b6532f6c9/ozone-meta/ratis] (custom)
2019-09-25 05:36:30,895 [main] INFO  om.OzoneManager (OzoneManager.java:start(1243)) - OzoneManager RPC server is listening at localhost/127.0.0.1:43596
2019-09-25 05:36:30,896 [main] INFO  impl.MetricsSystemImpl (MetricsSystemImpl.java:init(158)) - OzoneManager metrics system started (again)
2019-09-25 05:36:30,897 [main] INFO  ratis.OzoneManagerRatisServer (OzoneManagerRatisServer.java:start(331)) - Starting OzoneManagerRatisServer b63ce0ea-1c99-41be-b3a2-b28e11ecf82d at port 9872
2019-09-25 05:36:30,903 [pool-22-thread-1] INFO  storage.RaftStorageDirectory (RaftStorageDirectory.java:analyzeStorage(246)) - The storage directory /workdir/hadoop-ozone/integration-test/target/test-dir/MiniOzoneClusterImpl-29dc12d8-8e72-470a-a134-d73b6532f6c9/ozone-meta/ratis/bf265839-605b-3f16-9796-c5ba1605619e does not exist. Creating ...
2019-09-25 05:36:30,923 [pool-22-thread-1] INFO  storage.RaftStorageDirectory (RaftStorageDirectory.java:tryLock(328)) - Lock on /workdir/hadoop-ozone/integration-test/target/test-dir/MiniOzoneClusterImpl-29dc12d8-8e72-470a-a134-d73b6532f6c9/ozone-meta/ratis/bf265839-605b-3f16-9796-c5ba1605619e/in_use.lock acquired by nodename 26488@pr-hdds-1569-s44lr-3492059363
2019-09-25 05:36:30,938 [pool-22-thread-1] INFO  storage.RaftStorage (RaftStorage.java:format(72)) - Storage directory /workdir/hadoop-ozone/integration-test/target/test-dir/MiniOzoneClusterImpl-29dc12d8-8e72-470a-a134-d73b6532f6c9/ozone-meta/ratis/bf265839-605b-3f16-9796-c5ba1605619e has been successfully formatted.
2019-09-25 05:36:30,946 [pool-22-thread-1] INFO  server.RaftServerConfigKeys (ConfUtils.java:logGet(43)) - raft.server.notification.no-leader.timeout = 120s (custom)
2019-09-25 05:36:30,949 [pool-22-thread-1] INFO  server.RaftServerConfigKeys (ConfUtils.java:logGet(43)) - raft.server.log.use.memory = false (default)
2019-09-25 05:36:30,955 [pool-22-thread-1] INFO  server.RaftServerConfigKeys (ConfUtils.java:logGet(43)) - raft.server.log.purge.gap = 1000000 (custom)
2019-09-25 05:36:30,955 [pool-22-thread-1] INFO  server.RaftServerConfigKeys (ConfUtils.java:logGet(43)) - raft.server.log.appender.buffer.byte-limit = 33554432 (custom)
2019-09-25 05:36:30,957 [pool-22-thread-1] INFO  server.RaftServerConfigKeys (ConfUtils.java:logGet(43)) - raft.server.log.segment.size.max = 16384 (custom)
2019-09-25 05:36:30,961 [pool-22-thread-1] INFO  server.RaftServerConfigKeys (ConfUtils.java:logGet(43)) - raft.server.log.segment.cache.num.max = 2 (custom)
2019-09-25 05:36:30,966 [pool-22-thread-1] INFO  segmented.SegmentedRaftLogWorker (SegmentedRaftLogWorker.java:<init>(172)) - new b63ce0ea-1c99-41be-b3a2-b28e11ecf82d@group-C5BA1605619E-SegmentedRaftLogWorker for RaftStorage:Storage Directory /workdir/hadoop-ozone/integration-test/target/test-dir/MiniOzoneClusterImpl-29dc12d8-8e72-470a-a134-d73b6532f6c9/ozone-meta/ratis/bf265839-605b-3f16-9796-c5ba1605619e
2019-09-25 05:36:30,967 [pool-22-thread-1] INFO  impl.MetricsSystemImpl (MetricsSystemImpl.java:init(158)) - ratis metrics system started (again)
2019-09-25 05:36:30,974 [pool-22-thread-1] INFO  metrics.MetricRegistries (MetricRegistriesLoader.java:load(64)) - Loaded MetricRegistries class org.apache.ratis.metrics.impl.MetricRegistriesImpl
2019-09-25 05:36:31,001 [pool-22-thread-1] INFO  server.RaftServerConfigKeys (ConfUtils.java:logGet(43)) - raft.server.log.queue.byte-limit = 64MB (=67108864) (default)
2019-09-25 05:36:31,002 [pool-22-thread-1] INFO  server.RaftServerConfigKeys (ConfUtils.java:logGet(43)) - raft.server.log.queue.element-limit = 4096 (default)
2019-09-25 05:36:31,005 [pool-22-thread-1] INFO  server.RaftServerConfigKeys (ConfUtils.java:logGet(43)) - raft.server.log.segment.size.max = 16384 (custom)
2019-09-25 05:36:31,005 [pool-22-thread-1] INFO  server.RaftServerConfigKeys (ConfUtils.java:logGet(43)) - raft.server.log.preallocated.size = 16384 (custom)
2019-09-25 05:36:31,006 [pool-22-thread-1] INFO  server.RaftServerConfigKeys (ConfUtils.java:logGet(43)) - raft.server.log.write.buffer.size = 64KB (=65536) (default)
2019-09-25 05:36:31,006 [pool-22-thread-1] INFO  server.RaftServerConfigKeys (ConfUtils.java:logGet(43)) - raft.server.log.force.sync.num = 128 (default)
2019-09-25 05:36:31,008 [pool-22-thread-1] INFO  server.RaftServerConfigKeys (ConfUtils.java:logGet(43)) - raft.server.log.statemachine.data.sync = true (default)
2019-09-25 05:36:31,008 [pool-22-thread-1] INFO  server.RaftServerConfigKeys (ConfUtils.java:logGet(43)) - raft.server.log.statemachine.data.sync.timeout = 10s (default)
2019-09-25 05:36:31,009 [pool-22-thread-1] INFO  server.RaftServerConfigKeys (ConfUtils.java:logGet(43)) - raft.server.log.statemachine.data.sync.timeout.retry = -1 (default)
2019-09-25 05:36:31,022 [pool-22-thread-1] INFO  server.RaftServerConfigKeys (ConfUtils.java:logGet(43)) - raft.server.log.statemachine.data.caching.enabled = false (default)
2019-09-25 05:36:31,029 [pool-22-thread-1] INFO  segmented.SegmentedRaftLogWorker (SegmentedRaftLogWorker.java:lambda$new$0(132)) - b63ce0ea-1c99-41be-b3a2-b28e11ecf82d@group-C5BA1605619E-SegmentedRaftLogWorker: flushIndex: setUnconditionally 0 -> -1
2019-09-25 05:36:31,035 [pool-22-thread-1] INFO  server.RaftServerConfigKeys (ConfUtils.java:logGet(43)) - raft.server.snapshot.auto.trigger.enabled = true (custom)
2019-09-25 05:36:31,036 [pool-22-thread-1] INFO  server.RaftServerConfigKeys (ConfUtils.java:logGet(43)) - raft.server.snapshot.auto.trigger.threshold = 400000 (default)
2019-09-25 05:36:31,042 [pool-22-thread-1] INFO  server.RaftServerConfigKeys (ConfUtils.java:logGet(43)) - raft.server.snapshot.retention.num.files = -1 (default)
2019-09-25 05:36:31,043 [pool-22-thread-1] INFO  server.RaftServerConfigKeys (ConfUtils.java:logGet(43)) - raft.server.retrycache.expirytime = 600000ms (custom)
2019-09-25 05:36:31,080 [main] INFO  impl.RaftServerImpl (RaftServerImpl.java:start(185)) - b63ce0ea-1c99-41be-b3a2-b28e11ecf82d@group-C5BA1605619E: start as a follower, conf=-1: [b63ce0ea-1c99-41be-b3a2-b28e11ecf82d:localhost:9872], old=null
2019-09-25 05:36:31,083 [main] INFO  impl.RaftServerImpl (RaftServerImpl.java:setRole(174)) - b63ce0ea-1c99-41be-b3a2-b28e11ecf82d@group-C5BA1605619E: changes role from      null to FOLLOWER at term 0 for startAsFollower
2019-09-25 05:36:31,085 [main] INFO  impl.RoleInfo (RoleInfo.java:updateAndGet(143)) - b63ce0ea-1c99-41be-b3a2-b28e11ecf82d: start FollowerState
2019-09-25 05:36:31,089 [main] INFO  util.JmxRegister (JmxRegister.java:tryRegister(44)) - Successfully registered JMX Bean with object name Ratis:service=RaftServer,group=group-C5BA1605619E,id=b63ce0ea-1c99-41be-b3a2-b28e11ecf82d
2019-09-25 05:36:31,090 [main] INFO  impl.RaftServerProxy (RaftServerProxy.java:lambda$start$3(299)) - b63ce0ea-1c99-41be-b3a2-b28e11ecf82d: start RPC server
2019-09-25 05:36:31,223 [main] INFO  server.GrpcService (GrpcService.java:startImpl(158)) - b63ce0ea-1c99-41be-b3a2-b28e11ecf82d: GrpcService started, listening on 0.0.0.0/0.0.0.0:9872
2019-09-25 05:36:31,237 [IPC Server Responder] INFO  ipc.Server (Server.java:run(1314)) - IPC Server Responder: starting
2019-09-25 05:36:31,237 [IPC Server listener on 43596] INFO  ipc.Server (Server.java:run(1153)) - IPC Server listener on 43596: starting
2019-09-25 05:36:31,242 [main] INFO  hdfs.DFSUtil (DFSUtil.java:httpServerTemplateForNNAndJN(1641)) - Starting Web-server for ozoneManager at: http://0.0.0.0:0
2019-09-25 05:36:31,247 [main] INFO  server.AuthenticationFilter (AuthenticationFilter.java:constructSecretProvider(240)) - Unable to initialize FileSignerSecretProvider, falling back to use random secrets.
2019-09-25 05:36:31,248 [main] WARN  http.HttpRequestLog (HttpRequestLog.java:getRequestLog(97)) - Jetty request log can only be enabled using Log4j
2019-09-25 05:36:31,250 [main] INFO  http.HttpServer2 (HttpServer2.java:addGlobalFilter(975)) - Added global filter 'safety' (class=org.apache.hadoop.http.HttpServer2$QuotingInputFilter)
2019-09-25 05:36:31,251 [main] INFO  http.HttpServer2 (HttpServer2.java:addFilter(948)) - Added filter static_user_filter (class=org.apache.hadoop.http.lib.StaticUserWebFilter$StaticUserFilter) to context ozoneManager
2019-09-25 05:36:31,251 [main] INFO  http.HttpServer2 (HttpServer2.java:addFilter(958)) - Added filter static_user_filter (class=org.apache.hadoop.http.lib.StaticUserWebFilter$StaticUserFilter) to context logs
2019-09-25 05:36:31,252 [main] INFO  http.HttpServer2 (HttpServer2.java:addFilter(958)) - Added filter static_user_filter (class=org.apache.hadoop.http.lib.StaticUserWebFilter$StaticUserFilter) to context static
2019-09-25 05:36:31,254 [main] INFO  http.HttpServer2 (HttpServer2.java:bindListener(1191)) - Jetty bound to port 32977
2019-09-25 05:36:31,254 [main] INFO  server.Server (Server.java:doStart(351)) - jetty-9.3.25.v20180904, build timestamp: 2018-09-04T21:11:46Z, git hash: 3ce520221d0240229c862b122d2b06c12a625732
2019-09-25 05:36:31,257 [main] INFO  handler.ContextHandler (ContextHandler.java:doStart(781)) - Started o.e.j.s.ServletContextHandler@42714a7{/logs,file:///workdir/hadoop-ozone/integration-test/target/log,AVAILABLE}
2019-09-25 05:36:31,258 [main] INFO  handler.ContextHandler (ContextHandler.java:doStart(781)) - Started o.e.j.s.ServletContextHandler@3ce53f6a{/static,file:///workdir/hadoop-ozone/integration-test/target/test-classes/webapps/static,AVAILABLE}
2019-09-25 05:36:31,263 [main] INFO  handler.ContextHandler (ContextHandler.java:doStart(781)) - Started o.e.j.w.WebAppContext@5a2bd7c8{/,file:///workdir/hadoop-ozone/integration-test/target/test-classes/webapps/ozoneManager/,AVAILABLE}{/ozoneManager}
2019-09-25 05:36:31,264 [main] INFO  server.AbstractConnector (AbstractConnector.java:doStart(278)) - Started ServerConnector@7ca8d498{HTTP/1.1,[http/1.1]}{0.0.0.0:32977}
2019-09-25 05:36:31,264 [main] INFO  server.Server (Server.java:doStart(419)) - Started @16867ms
2019-09-25 05:36:31,264 [main] WARN  impl.MetricsSystemImpl (MetricsSystemImpl.java:register(276)) - Sink prometheus already exists!
2019-09-25 05:36:31,265 [main] INFO  server.BaseHttpServer (BaseHttpServer.java:updateConnectorAddress(215)) - HTTP server of OZONEMANAGER is listening at http://0.0.0.0:32977
2019-09-25 05:36:31,399 [main] INFO  impl.MetricsSystemImpl (MetricsSystemImpl.java:init(158)) - HddsDatanode metrics system started (again)
2019-09-25 05:36:31,444 [main] INFO  ozone.HddsDatanodeService (HddsDatanodeService.java:start(184)) - HddsDatanodeService host:pr-hdds-1569-s44lr-3492059363 ip:192.168.164.207
2019-09-25 05:36:31,477 [main] INFO  volume.HddsVolume (HddsVolume.java:<init>(176)) - Creating Volume: /workdir/hadoop-ozone/integration-test/target/test-dir/MiniOzoneClusterImpl-29dc12d8-8e72-470a-a134-d73b6532f6c9/datanode-0/data/containers/hdds of  storage type : DISK and capacity : 1482555576320
2019-09-25 05:36:31,478 [main] INFO  volume.VolumeSet (VolumeSet.java:initializeVolumeSet(170)) - Added Volume : /workdir/hadoop-ozone/integration-test/target/test-dir/MiniOzoneClusterImpl-29dc12d8-8e72-470a-a134-d73b6532f6c9/datanode-0/data/containers/hdds to VolumeSet
2019-09-25 05:36:31,481 [main] INFO  volume.ThrottledAsyncChecker (ThrottledAsyncChecker.java:schedule(139)) - Scheduling a check for org.apache.hadoop.ozone.container.common.volume.HddsVolume@79b84841
2019-09-25 05:36:31,497 [main] INFO  volume.HddsVolumeChecker (HddsVolumeChecker.java:checkAllVolumes(202)) - Scheduled health check for volume org.apache.hadoop.ozone.container.common.volume.HddsVolume@79b84841
2019-09-25 05:36:31,548 [main] INFO  impl.RaftServerProxy (ConfUtils.java:logGet(43)) - raft.rpc.type = GRPC (default)
2019-09-25 05:36:31,548 [main] INFO  grpc.GrpcFactory (GrpcFactory.java:checkPooledByteBufAllocatorUseCacheForAllThreads(45)) - PERFORMANCE WARNING: useCacheForAllThreads is true that may cause Netty to create a lot garbage objects and, as a result, trigger GC.
	It is recommended to disable useCacheForAllThreads by setting -Dorg.apache.ratis.thirdparty.io.netty.allocator.useCacheForAllThreads=false in command line.
2019-09-25 05:36:31,548 [main] INFO  grpc.GrpcConfigKeys$Server (ConfUtils.java:logGet(43)) - raft.grpc.server.port = 0 (default)
2019-09-25 05:36:31,548 [main] INFO  server.GrpcService (ConfUtils.java:logGet(43)) - raft.grpc.message.size.max = 33570816 (custom)
2019-09-25 05:36:31,549 [main] INFO  server.RaftServerConfigKeys (ConfUtils.java:logGet(43)) - raft.server.log.appender.buffer.byte-limit = 33554432 (custom)
2019-09-25 05:36:31,549 [main] INFO  server.GrpcService (ConfUtils.java:logGet(43)) - raft.grpc.flow.control.window = 1MB (=1048576) (default)
2019-09-25 05:36:31,549 [main] INFO  server.RaftServerConfigKeys (ConfUtils.java:logGet(43)) - raft.server.rpc.request.timeout = 3000ms (default)
2019-09-25 05:36:31,550 [main] INFO  server.RaftServerConfigKeys (ConfUtils.java:logGet(43)) - raft.server.storage.dir = [/workdir/hadoop-ozone/integration-test/target/test-dir/MiniOzoneClusterImpl-29dc12d8-8e72-470a-a134-d73b6532f6c9/datanode-0/data/ratis] (custom)
2019-09-25 05:36:31,597 [main] INFO  hdfs.DFSUtil (DFSUtil.java:httpServerTemplateForNNAndJN(1641)) - Starting Web-server for hddsDatanode at: http://0.0.0.0:0
2019-09-25 05:36:31,599 [main] INFO  server.AuthenticationFilter (AuthenticationFilter.java:constructSecretProvider(240)) - Unable to initialize FileSignerSecretProvider, falling back to use random secrets.
2019-09-25 05:36:31,599 [main] WARN  http.HttpRequestLog (HttpRequestLog.java:getRequestLog(97)) - Jetty request log can only be enabled using Log4j
2019-09-25 05:36:31,601 [main] INFO  http.HttpServer2 (HttpServer2.java:addGlobalFilter(975)) - Added global filter 'safety' (class=org.apache.hadoop.http.HttpServer2$QuotingInputFilter)
2019-09-25 05:36:31,602 [main] INFO  http.HttpServer2 (HttpServer2.java:addFilter(948)) - Added filter static_user_filter (class=org.apache.hadoop.http.lib.StaticUserWebFilter$StaticUserFilter) to context hddsDatanode
2019-09-25 05:36:31,602 [main] INFO  http.HttpServer2 (HttpServer2.java:addFilter(958)) - Added filter static_user_filter (class=org.apache.hadoop.http.lib.StaticUserWebFilter$StaticUserFilter) to context static
2019-09-25 05:36:31,602 [main] INFO  http.HttpServer2 (HttpServer2.java:addFilter(958)) - Added filter static_user_filter (class=org.apache.hadoop.http.lib.StaticUserWebFilter$StaticUserFilter) to context logs
2019-09-25 05:36:31,603 [main] INFO  http.HttpServer2 (HttpServer2.java:bindListener(1191)) - Jetty bound to port 45695
2019-09-25 05:36:31,603 [main] INFO  server.Server (Server.java:doStart(351)) - jetty-9.3.25.v20180904, build timestamp: 2018-09-04T21:11:46Z, git hash: 3ce520221d0240229c862b122d2b06c12a625732
2019-09-25 05:36:31,607 [main] INFO  handler.ContextHandler (ContextHandler.java:doStart(781)) - Started o.e.j.s.ServletContextHandler@4cb2918c{/logs,file:///workdir/hadoop-ozone/integration-test/target/log,AVAILABLE}
2019-09-25 05:36:31,607 [main] INFO  handler.ContextHandler (ContextHandler.java:doStart(781)) - Started o.e.j.s.ServletContextHandler@c2584d3{/static,jar:file:/home/user/.m2/repository/org/apache/hadoop/hadoop-hdds-container-service/0.5.0-SNAPSHOT/hadoop-hdds-container-service-0.5.0-SNAPSHOT.jar!/webapps/static,AVAILABLE}
2019-09-25 05:36:31,640 [main] INFO  handler.ContextHandler (ContextHandler.java:doStart(781)) - Started o.e.j.w.WebAppContext@4993febc{/,file:///tmp/jetty-0.0.0.0-45695-hddsDatanode-_-any-1000268543887040051.dir/webapp/,AVAILABLE}{/hddsDatanode}
2019-09-25 05:36:31,640 [main] INFO  server.AbstractConnector (AbstractConnector.java:doStart(278)) - Started ServerConnector@7601bc96{HTTP/1.1,[http/1.1]}{0.0.0.0:45695}
2019-09-25 05:36:31,641 [main] INFO  server.Server (Server.java:doStart(419)) - Started @17245ms
2019-09-25 05:36:31,641 [main] WARN  impl.MetricsSystemImpl (MetricsSystemImpl.java:register(276)) - Sink prometheus already exists!
2019-09-25 05:36:31,642 [main] INFO  server.BaseHttpServer (BaseHttpServer.java:updateConnectorAddress(215)) - HTTP server of HDDSDATANODE is listening at http://0.0.0.0:45695
2019-09-25 05:36:31,644 [main] INFO  impl.MetricsSystemImpl (MetricsSystemImpl.java:init(158)) - HddsDatanode metrics system started (again)
2019-09-25 05:36:31,649 [main] INFO  ozone.HddsDatanodeService (HddsDatanodeService.java:start(184)) - HddsDatanodeService host:pr-hdds-1569-s44lr-3492059363 ip:192.168.164.207
2019-09-25 05:36:31,650 [org.apache.hadoop.util.JvmPauseMonitor$Monitor@44507117] INFO  util.JvmPauseMonitor (JvmPauseMonitor.java:run(188)) - Starting JVM pause monitor
2019-09-25 05:36:31,661 [main] INFO  volume.HddsVolume (HddsVolume.java:<init>(176)) - Creating Volume: /workdir/hadoop-ozone/integration-test/target/test-dir/MiniOzoneClusterImpl-29dc12d8-8e72-470a-a134-d73b6532f6c9/datanode-1/data/containers/hdds of  storage type : DISK and capacity : 1482555576320
2019-09-25 05:36:31,662 [main] INFO  volume.VolumeSet (VolumeSet.java:initializeVolumeSet(170)) - Added Volume : /workdir/hadoop-ozone/integration-test/target/test-dir/MiniOzoneClusterImpl-29dc12d8-8e72-470a-a134-d73b6532f6c9/datanode-1/data/containers/hdds to VolumeSet
2019-09-25 05:36:31,663 [main] INFO  volume.ThrottledAsyncChecker (ThrottledAsyncChecker.java:schedule(139)) - Scheduling a check for org.apache.hadoop.ozone.container.common.volume.HddsVolume@4d18b73a
2019-09-25 05:36:31,664 [main] INFO  volume.HddsVolumeChecker (HddsVolumeChecker.java:checkAllVolumes(202)) - Scheduled health check for volume org.apache.hadoop.ozone.container.common.volume.HddsVolume@4d18b73a
2019-09-25 05:36:31,693 [main] INFO  impl.RaftServerProxy (ConfUtils.java:logGet(43)) - raft.rpc.type = GRPC (default)
2019-09-25 05:36:31,694 [main] INFO  grpc.GrpcFactory (GrpcFactory.java:checkPooledByteBufAllocatorUseCacheForAllThreads(45)) - PERFORMANCE WARNING: useCacheForAllThreads is true that may cause Netty to create a lot garbage objects and, as a result, trigger GC.
	It is recommended to disable useCacheForAllThreads by setting -Dorg.apache.ratis.thirdparty.io.netty.allocator.useCacheForAllThreads=false in command line.
2019-09-25 05:36:31,694 [main] INFO  grpc.GrpcConfigKeys$Server (ConfUtils.java:logGet(43)) - raft.grpc.server.port = 0 (default)
2019-09-25 05:36:31,695 [main] INFO  server.GrpcService (ConfUtils.java:logGet(43)) - raft.grpc.message.size.max = 33570816 (custom)
2019-09-25 05:36:31,695 [main] INFO  server.RaftServerConfigKeys (ConfUtils.java:logGet(43)) - raft.server.log.appender.buffer.byte-limit = 33554432 (custom)
2019-09-25 05:36:31,695 [main] INFO  server.GrpcService (ConfUtils.java:logGet(43)) - raft.grpc.flow.control.window = 1MB (=1048576) (default)
2019-09-25 05:36:31,696 [main] INFO  server.RaftServerConfigKeys (ConfUtils.java:logGet(43)) - raft.server.rpc.request.timeout = 3000ms (default)
2019-09-25 05:36:31,697 [main] INFO  server.RaftServerConfigKeys (ConfUtils.java:logGet(43)) - raft.server.storage.dir = [/workdir/hadoop-ozone/integration-test/target/test-dir/MiniOzoneClusterImpl-29dc12d8-8e72-470a-a134-d73b6532f6c9/datanode-1/data/ratis] (custom)
2019-09-25 05:36:31,699 [main] INFO  hdfs.DFSUtil (DFSUtil.java:httpServerTemplateForNNAndJN(1641)) - Starting Web-server for hddsDatanode at: http://0.0.0.0:0
2019-09-25 05:36:31,702 [main] INFO  server.AuthenticationFilter (AuthenticationFilter.java:constructSecretProvider(240)) - Unable to initialize FileSignerSecretProvider, falling back to use random secrets.
2019-09-25 05:36:31,703 [main] WARN  http.HttpRequestLog (HttpRequestLog.java:getRequestLog(97)) - Jetty request log can only be enabled using Log4j
2019-09-25 05:36:31,706 [main] INFO  http.HttpServer2 (HttpServer2.java:addGlobalFilter(975)) - Added global filter 'safety' (class=org.apache.hadoop.http.HttpServer2$QuotingInputFilter)
2019-09-25 05:36:31,707 [main] INFO  http.HttpServer2 (HttpServer2.java:addFilter(948)) - Added filter static_user_filter (class=org.apache.hadoop.http.lib.StaticUserWebFilter$StaticUserFilter) to context hddsDatanode
2019-09-25 05:36:31,708 [main] INFO  http.HttpServer2 (HttpServer2.java:addFilter(958)) - Added filter static_user_filter (class=org.apache.hadoop.http.lib.StaticUserWebFilter$StaticUserFilter) to context logs
2019-09-25 05:36:31,708 [main] INFO  http.HttpServer2 (HttpServer2.java:addFilter(958)) - Added filter static_user_filter (class=org.apache.hadoop.http.lib.StaticUserWebFilter$StaticUserFilter) to context static
2019-09-25 05:36:31,709 [main] INFO  http.HttpServer2 (HttpServer2.java:bindListener(1191)) - Jetty bound to port 33408
2019-09-25 05:36:31,709 [main] INFO  server.Server (Server.java:doStart(351)) - jetty-9.3.25.v20180904, build timestamp: 2018-09-04T21:11:46Z, git hash: 3ce520221d0240229c862b122d2b06c12a625732
2019-09-25 05:36:31,712 [main] INFO  handler.ContextHandler (ContextHandler.java:doStart(781)) - Started o.e.j.s.ServletContextHandler@3af7d855{/logs,file:///workdir/hadoop-ozone/integration-test/target/log,AVAILABLE}
2019-09-25 05:36:31,713 [main] INFO  handler.ContextHandler (ContextHandler.java:doStart(781)) - Started o.e.j.s.ServletContextHandler@f88bfbe{/static,jar:file:/home/user/.m2/repository/org/apache/hadoop/hadoop-hdds-container-service/0.5.0-SNAPSHOT/hadoop-hdds-container-service-0.5.0-SNAPSHOT.jar!/webapps/static,AVAILABLE}
2019-09-25 05:36:31,752 [main] INFO  handler.ContextHandler (ContextHandler.java:doStart(781)) - Started o.e.j.w.WebAppContext@71c17a57{/,file:///tmp/jetty-0.0.0.0-33408-hddsDatanode-_-any-5384895547564664402.dir/webapp/,AVAILABLE}{/hddsDatanode}
2019-09-25 05:36:31,753 [main] INFO  server.AbstractConnector (AbstractConnector.java:doStart(278)) - Started ServerConnector@640ab13c{HTTP/1.1,[http/1.1]}{0.0.0.0:33408}
2019-09-25 05:36:31,754 [main] INFO  server.Server (Server.java:doStart(419)) - Started @17358ms
2019-09-25 05:36:31,755 [main] WARN  impl.MetricsSystemImpl (MetricsSystemImpl.java:register(276)) - Sink prometheus already exists!
2019-09-25 05:36:31,756 [main] INFO  server.BaseHttpServer (BaseHttpServer.java:updateConnectorAddress(215)) - HTTP server of HDDSDATANODE is listening at http://0.0.0.0:33408
2019-09-25 05:36:31,756 [main] INFO  impl.MetricsSystemImpl (MetricsSystemImpl.java:init(158)) - HddsDatanode metrics system started (again)
2019-09-25 05:36:31,759 [org.apache.hadoop.util.JvmPauseMonitor$Monitor@27a6db8a] INFO  util.JvmPauseMonitor (JvmPauseMonitor.java:run(188)) - Starting JVM pause monitor
2019-09-25 05:36:31,761 [main] INFO  ozone.HddsDatanodeService (HddsDatanodeService.java:start(184)) - HddsDatanodeService host:pr-hdds-1569-s44lr-3492059363 ip:192.168.164.207
2019-09-25 05:36:31,768 [main] INFO  volume.HddsVolume (HddsVolume.java:<init>(176)) - Creating Volume: /workdir/hadoop-ozone/integration-test/target/test-dir/MiniOzoneClusterImpl-29dc12d8-8e72-470a-a134-d73b6532f6c9/datanode-2/data/containers/hdds of  storage type : DISK and capacity : 1482555576320
2019-09-25 05:36:31,769 [main] INFO  volume.VolumeSet (VolumeSet.java:initializeVolumeSet(170)) - Added Volume : /workdir/hadoop-ozone/integration-test/target/test-dir/MiniOzoneClusterImpl-29dc12d8-8e72-470a-a134-d73b6532f6c9/datanode-2/data/containers/hdds to VolumeSet
2019-09-25 05:36:31,769 [main] INFO  volume.ThrottledAsyncChecker (ThrottledAsyncChecker.java:schedule(139)) - Scheduling a check for org.apache.hadoop.ozone.container.common.volume.HddsVolume@33ecbd6c
2019-09-25 05:36:31,770 [main] INFO  volume.HddsVolumeChecker (HddsVolumeChecker.java:checkAllVolumes(202)) - Scheduled health check for volume org.apache.hadoop.ozone.container.common.volume.HddsVolume@33ecbd6c
2019-09-25 05:36:31,792 [main] INFO  impl.RaftServerProxy (ConfUtils.java:logGet(43)) - raft.rpc.type = GRPC (default)
2019-09-25 05:36:31,793 [main] INFO  grpc.GrpcFactory (GrpcFactory.java:checkPooledByteBufAllocatorUseCacheForAllThreads(45)) - PERFORMANCE WARNING: useCacheForAllThreads is true that may cause Netty to create a lot garbage objects and, as a result, trigger GC.
	It is recommended to disable useCacheForAllThreads by setting -Dorg.apache.ratis.thirdparty.io.netty.allocator.useCacheForAllThreads=false in command line.
2019-09-25 05:36:31,793 [main] INFO  grpc.GrpcConfigKeys$Server (ConfUtils.java:logGet(43)) - raft.grpc.server.port = 0 (default)
2019-09-25 05:36:31,794 [main] INFO  server.GrpcService (ConfUtils.java:logGet(43)) - raft.grpc.message.size.max = 33570816 (custom)
2019-09-25 05:36:31,794 [main] INFO  server.RaftServerConfigKeys (ConfUtils.java:logGet(43)) - raft.server.log.appender.buffer.byte-limit = 33554432 (custom)
2019-09-25 05:36:31,795 [main] INFO  server.GrpcService (ConfUtils.java:logGet(43)) - raft.grpc.flow.control.window = 1MB (=1048576) (default)
2019-09-25 05:36:31,795 [main] INFO  server.RaftServerConfigKeys (ConfUtils.java:logGet(43)) - raft.server.rpc.request.timeout = 3000ms (default)
2019-09-25 05:36:31,797 [main] INFO  server.RaftServerConfigKeys (ConfUtils.java:logGet(43)) - raft.server.storage.dir = [/workdir/hadoop-ozone/integration-test/target/test-dir/MiniOzoneClusterImpl-29dc12d8-8e72-470a-a134-d73b6532f6c9/datanode-2/data/ratis] (custom)
2019-09-25 05:36:31,799 [main] INFO  hdfs.DFSUtil (DFSUtil.java:httpServerTemplateForNNAndJN(1641)) - Starting Web-server for hddsDatanode at: http://0.0.0.0:0
2019-09-25 05:36:31,801 [main] INFO  server.AuthenticationFilter (AuthenticationFilter.java:constructSecretProvider(240)) - Unable to initialize FileSignerSecretProvider, falling back to use random secrets.
2019-09-25 05:36:31,802 [main] WARN  http.HttpRequestLog (HttpRequestLog.java:getRequestLog(97)) - Jetty request log can only be enabled using Log4j
2019-09-25 05:36:31,804 [main] INFO  http.HttpServer2 (HttpServer2.java:addGlobalFilter(975)) - Added global filter 'safety' (class=org.apache.hadoop.http.HttpServer2$QuotingInputFilter)
2019-09-25 05:36:31,805 [main] INFO  http.HttpServer2 (HttpServer2.java:addFilter(948)) - Added filter static_user_filter (class=org.apache.hadoop.http.lib.StaticUserWebFilter$StaticUserFilter) to context hddsDatanode
2019-09-25 05:36:31,805 [main] INFO  http.HttpServer2 (HttpServer2.java:addFilter(958)) - Added filter static_user_filter (class=org.apache.hadoop.http.lib.StaticUserWebFilter$StaticUserFilter) to context logs
2019-09-25 05:36:31,806 [main] INFO  http.HttpServer2 (HttpServer2.java:addFilter(958)) - Added filter static_user_filter (class=org.apache.hadoop.http.lib.StaticUserWebFilter$StaticUserFilter) to context static
2019-09-25 05:36:31,806 [Datanode State Machine Thread - 0] INFO  datanode.InitDatanodeState (InitDatanodeState.java:persistContainerDatanodeDetails(140)) - DatanodeDetails is persisted to /workdir/hadoop-ozone/integration-test/target/test-dir/MiniOzoneClusterImpl-29dc12d8-8e72-470a-a134-d73b6532f6c9/datanode-0/meta/datanode.id
2019-09-25 05:36:31,811 [main] INFO  http.HttpServer2 (HttpServer2.java:bindListener(1191)) - Jetty bound to port 43233
2019-09-25 05:36:31,811 [main] INFO  server.Server (Server.java:doStart(351)) - jetty-9.3.25.v20180904, build timestamp: 2018-09-04T21:11:46Z, git hash: 3ce520221d0240229c862b122d2b06c12a625732
2019-09-25 05:36:31,811 [Datanode State Machine Thread - 0] INFO  datanode.InitDatanodeState (InitDatanodeState.java:persistContainerDatanodeDetails(140)) - DatanodeDetails is persisted to /workdir/hadoop-ozone/integration-test/target/test-dir/MiniOzoneClusterImpl-29dc12d8-8e72-470a-a134-d73b6532f6c9/datanode-1/meta/datanode.id
2019-09-25 05:36:31,816 [main] INFO  handler.ContextHandler (ContextHandler.java:doStart(781)) - Started o.e.j.s.ServletContextHandler@5ed4bc{/logs,file:///workdir/hadoop-ozone/integration-test/target/log,AVAILABLE}
2019-09-25 05:36:31,817 [main] INFO  handler.ContextHandler (ContextHandler.java:doStart(781)) - Started o.e.j.s.ServletContextHandler@65f651eb{/static,jar:file:/home/user/.m2/repository/org/apache/hadoop/hadoop-hdds-container-service/0.5.0-SNAPSHOT/hadoop-hdds-container-service-0.5.0-SNAPSHOT.jar!/webapps/static,AVAILABLE}
2019-09-25 05:36:31,851 [main] INFO  handler.ContextHandler (ContextHandler.java:doStart(781)) - Started o.e.j.w.WebAppContext@57cb70be{/,file:///tmp/jetty-0.0.0.0-43233-hddsDatanode-_-any-8800213164618411189.dir/webapp/,AVAILABLE}{/hddsDatanode}
2019-09-25 05:36:31,853 [main] INFO  server.AbstractConnector (AbstractConnector.java:doStart(278)) - Started ServerConnector@2d4608a6{HTTP/1.1,[http/1.1]}{0.0.0.0:43233}
2019-09-25 05:36:31,854 [main] INFO  server.Server (Server.java:doStart(419)) - Started @17457ms
2019-09-25 05:36:31,854 [main] WARN  impl.MetricsSystemImpl (MetricsSystemImpl.java:register(276)) - Sink prometheus already exists!
2019-09-25 05:36:31,855 [main] INFO  server.BaseHttpServer (BaseHttpServer.java:updateConnectorAddress(215)) - HTTP server of HDDSDATANODE is listening at http://0.0.0.0:43233
2019-09-25 05:36:31,855 [main] INFO  impl.MetricsSystemImpl (MetricsSystemImpl.java:init(158)) - HddsDatanode metrics system started (again)
2019-09-25 05:36:31,859 [org.apache.hadoop.util.JvmPauseMonitor$Monitor@7fa573e2] INFO  util.JvmPauseMonitor (JvmPauseMonitor.java:run(188)) - Starting JVM pause monitor
2019-09-25 05:36:31,859 [main] INFO  ozone.HddsDatanodeService (HddsDatanodeService.java:start(184)) - HddsDatanodeService host:pr-hdds-1569-s44lr-3492059363 ip:192.168.164.207
2019-09-25 05:36:31,862 [Datanode State Machine Thread - 0] INFO  datanode.InitDatanodeState (InitDatanodeState.java:persistContainerDatanodeDetails(140)) - DatanodeDetails is persisted to /workdir/hadoop-ozone/integration-test/target/test-dir/MiniOzoneClusterImpl-29dc12d8-8e72-470a-a134-d73b6532f6c9/datanode-2/meta/datanode.id
2019-09-25 05:36:31,868 [main] INFO  volume.HddsVolume (HddsVolume.java:<init>(176)) - Creating Volume: /workdir/hadoop-ozone/integration-test/target/test-dir/MiniOzoneClusterImpl-29dc12d8-8e72-470a-a134-d73b6532f6c9/datanode-3/data/containers/hdds of  storage type : DISK and capacity : 1482555576320
2019-09-25 05:36:31,869 [main] INFO  volume.VolumeSet (VolumeSet.java:initializeVolumeSet(170)) - Added Volume : /workdir/hadoop-ozone/integration-test/target/test-dir/MiniOzoneClusterImpl-29dc12d8-8e72-470a-a134-d73b6532f6c9/datanode-3/data/containers/hdds to VolumeSet
2019-09-25 05:36:31,869 [main] INFO  volume.ThrottledAsyncChecker (ThrottledAsyncChecker.java:schedule(139)) - Scheduling a check for org.apache.hadoop.ozone.container.common.volume.HddsVolume@2e1ddc90
2019-09-25 05:36:31,870 [main] INFO  volume.HddsVolumeChecker (HddsVolumeChecker.java:checkAllVolumes(202)) - Scheduled health check for volume org.apache.hadoop.ozone.container.common.volume.HddsVolume@2e1ddc90
2019-09-25 05:36:31,888 [main] INFO  impl.RaftServerProxy (ConfUtils.java:logGet(43)) - raft.rpc.type = GRPC (default)
2019-09-25 05:36:31,889 [main] INFO  grpc.GrpcFactory (GrpcFactory.java:checkPooledByteBufAllocatorUseCacheForAllThreads(45)) - PERFORMANCE WARNING: useCacheForAllThreads is true that may cause Netty to create a lot garbage objects and, as a result, trigger GC.
	It is recommended to disable useCacheForAllThreads by setting -Dorg.apache.ratis.thirdparty.io.netty.allocator.useCacheForAllThreads=false in command line.
2019-09-25 05:36:31,889 [main] INFO  grpc.GrpcConfigKeys$Server (ConfUtils.java:logGet(43)) - raft.grpc.server.port = 0 (default)
2019-09-25 05:36:31,889 [main] INFO  server.GrpcService (ConfUtils.java:logGet(43)) - raft.grpc.message.size.max = 33570816 (custom)
2019-09-25 05:36:31,889 [main] INFO  server.RaftServerConfigKeys (ConfUtils.java:logGet(43)) - raft.server.log.appender.buffer.byte-limit = 33554432 (custom)
2019-09-25 05:36:31,890 [main] INFO  server.GrpcService (ConfUtils.java:logGet(43)) - raft.grpc.flow.control.window = 1MB (=1048576) (default)
2019-09-25 05:36:31,890 [main] INFO  server.RaftServerConfigKeys (ConfUtils.java:logGet(43)) - raft.server.rpc.request.timeout = 3000ms (default)
2019-09-25 05:36:31,890 [main] INFO  server.RaftServerConfigKeys (ConfUtils.java:logGet(43)) - raft.server.storage.dir = [/workdir/hadoop-ozone/integration-test/target/test-dir/MiniOzoneClusterImpl-29dc12d8-8e72-470a-a134-d73b6532f6c9/datanode-3/data/ratis] (custom)
2019-09-25 05:36:31,892 [main] INFO  hdfs.DFSUtil (DFSUtil.java:httpServerTemplateForNNAndJN(1641)) - Starting Web-server for hddsDatanode at: http://0.0.0.0:0
2019-09-25 05:36:31,894 [main] INFO  server.AuthenticationFilter (AuthenticationFilter.java:constructSecretProvider(240)) - Unable to initialize FileSignerSecretProvider, falling back to use random secrets.
2019-09-25 05:36:31,894 [main] WARN  http.HttpRequestLog (HttpRequestLog.java:getRequestLog(97)) - Jetty request log can only be enabled using Log4j
2019-09-25 05:36:31,896 [main] INFO  http.HttpServer2 (HttpServer2.java:addGlobalFilter(975)) - Added global filter 'safety' (class=org.apache.hadoop.http.HttpServer2$QuotingInputFilter)
2019-09-25 05:36:31,896 [main] INFO  http.HttpServer2 (HttpServer2.java:addFilter(948)) - Added filter static_user_filter (class=org.apache.hadoop.http.lib.StaticUserWebFilter$StaticUserFilter) to context hddsDatanode
2019-09-25 05:36:31,897 [main] INFO  http.HttpServer2 (HttpServer2.java:addFilter(958)) - Added filter static_user_filter (class=org.apache.hadoop.http.lib.StaticUserWebFilter$StaticUserFilter) to context logs
2019-09-25 05:36:31,897 [main] INFO  http.HttpServer2 (HttpServer2.java:addFilter(958)) - Added filter static_user_filter (class=org.apache.hadoop.http.lib.StaticUserWebFilter$StaticUserFilter) to context static
2019-09-25 05:36:31,898 [main] INFO  http.HttpServer2 (HttpServer2.java:bindListener(1191)) - Jetty bound to port 42939
2019-09-25 05:36:31,898 [main] INFO  server.Server (Server.java:doStart(351)) - jetty-9.3.25.v20180904, build timestamp: 2018-09-04T21:11:46Z, git hash: 3ce520221d0240229c862b122d2b06c12a625732
2019-09-25 05:36:31,899 [main] INFO  handler.ContextHandler (ContextHandler.java:doStart(781)) - Started o.e.j.s.ServletContextHandler@48976e6d{/logs,file:///workdir/hadoop-ozone/integration-test/target/log,AVAILABLE}
2019-09-25 05:36:31,900 [main] INFO  handler.ContextHandler (ContextHandler.java:doStart(781)) - Started o.e.j.s.ServletContextHandler@7f6874f2{/static,jar:file:/home/user/.m2/repository/org/apache/hadoop/hadoop-hdds-container-service/0.5.0-SNAPSHOT/hadoop-hdds-container-service-0.5.0-SNAPSHOT.jar!/webapps/static,AVAILABLE}
2019-09-25 05:36:31,930 [main] INFO  handler.ContextHandler (ContextHandler.java:doStart(781)) - Started o.e.j.w.WebAppContext@670b3ca{/,file:///tmp/jetty-0.0.0.0-42939-hddsDatanode-_-any-6962913389139824212.dir/webapp/,AVAILABLE}{/hddsDatanode}
2019-09-25 05:36:31,931 [main] INFO  server.AbstractConnector (AbstractConnector.java:doStart(278)) - Started ServerConnector@24a86066{HTTP/1.1,[http/1.1]}{0.0.0.0:42939}
2019-09-25 05:36:31,932 [main] INFO  server.Server (Server.java:doStart(419)) - Started @17535ms
2019-09-25 05:36:31,932 [main] WARN  impl.MetricsSystemImpl (MetricsSystemImpl.java:register(276)) - Sink prometheus already exists!
2019-09-25 05:36:31,933 [main] INFO  server.BaseHttpServer (BaseHttpServer.java:updateConnectorAddress(215)) - HTTP server of HDDSDATANODE is listening at http://0.0.0.0:42939
2019-09-25 05:36:31,936 [org.apache.hadoop.util.JvmPauseMonitor$Monitor@1d91758a] INFO  util.JvmPauseMonitor (JvmPauseMonitor.java:run(188)) - Starting JVM pause monitor
2019-09-25 05:36:31,936 [main] INFO  ozone.MiniOzoneClusterImpl (MiniOzoneClusterImpl.java:lambda$waitForClusterToBeReady$0(147)) - Waiting for cluster to be ready. Got 0 of 4 DN Heartbeats.
2019-09-25 05:36:31,938 [Datanode State Machine Thread - 0] INFO  datanode.InitDatanodeState (InitDatanodeState.java:persistContainerDatanodeDetails(140)) - DatanodeDetails is persisted to /workdir/hadoop-ozone/integration-test/target/test-dir/MiniOzoneClusterImpl-29dc12d8-8e72-470a-a134-d73b6532f6c9/datanode-3/meta/datanode.id
2019-09-25 05:36:32,287 [Thread-95] INFO  impl.FollowerState (FollowerState.java:run(106)) - b63ce0ea-1c99-41be-b3a2-b28e11ecf82d:group-C5BA1605619E changes to CANDIDATE, lastRpcTime:1201, electionTimeout:1200ms
2019-09-25 05:36:32,293 [Thread-95] INFO  impl.RoleInfo (RoleInfo.java:shutdownFollowerState(121)) - b63ce0ea-1c99-41be-b3a2-b28e11ecf82d: shutdown FollowerState
2019-09-25 05:36:32,294 [Thread-95] INFO  impl.RaftServerImpl (RaftServerImpl.java:setRole(174)) - b63ce0ea-1c99-41be-b3a2-b28e11ecf82d@group-C5BA1605619E: changes role from  FOLLOWER to CANDIDATE at term 0 for changeToCandidate
2019-09-25 05:36:32,298 [Thread-95] INFO  impl.RoleInfo (RoleInfo.java:updateAndGet(143)) - b63ce0ea-1c99-41be-b3a2-b28e11ecf82d: start LeaderElection
2019-09-25 05:36:32,315 [b63ce0ea-1c99-41be-b3a2-b28e11ecf82d@group-C5BA1605619E:LeaderElection1] INFO  impl.LeaderElection (LeaderElection.java:askForVotes(182)) - b63ce0ea-1c99-41be-b3a2-b28e11ecf82d@group-C5BA1605619E:LeaderElection1: begin an election at term 1 for -1: [b63ce0ea-1c99-41be-b3a2-b28e11ecf82d:localhost:9872], old=null
2019-09-25 05:36:32,317 [b63ce0ea-1c99-41be-b3a2-b28e11ecf82d@group-C5BA1605619E:LeaderElection1] INFO  impl.RoleInfo (RoleInfo.java:shutdownLeaderElection(134)) - b63ce0ea-1c99-41be-b3a2-b28e11ecf82d: shutdown LeaderElection
2019-09-25 05:36:32,317 [b63ce0ea-1c99-41be-b3a2-b28e11ecf82d@group-C5BA1605619E:LeaderElection1] INFO  impl.RaftServerImpl (RaftServerImpl.java:setRole(174)) - b63ce0ea-1c99-41be-b3a2-b28e11ecf82d@group-C5BA1605619E: changes role from CANDIDATE to LEADER at term 1 for changeToLeader
2019-09-25 05:36:32,317 [b63ce0ea-1c99-41be-b3a2-b28e11ecf82d@group-C5BA1605619E:LeaderElection1] INFO  impl.RaftServerImpl (ServerState.java:setLeader(253)) - b63ce0ea-1c99-41be-b3a2-b28e11ecf82d@group-C5BA1605619E: change Leader from null to b63ce0ea-1c99-41be-b3a2-b28e11ecf82d at term 1 for becomeLeader, leader elected after 1371ms
2019-09-25 05:36:32,322 [b63ce0ea-1c99-41be-b3a2-b28e11ecf82d@group-C5BA1605619E:LeaderElection1] INFO  server.RaftServerConfigKeys (ConfUtils.java:logGet(43)) - raft.server.staging.catchup.gap = 1000 (default)
2019-09-25 05:36:32,322 [b63ce0ea-1c99-41be-b3a2-b28e11ecf82d@group-C5BA1605619E:LeaderElection1] INFO  server.RaftServerConfigKeys (ConfUtils.java:logGet(43)) - raft.server.rpc.sleep.time = 25ms (default)
2019-09-25 05:36:32,324 [b63ce0ea-1c99-41be-b3a2-b28e11ecf82d@group-C5BA1605619E:LeaderElection1] INFO  server.RaftServerConfigKeys (ConfUtils.java:logGet(43)) - raft.server.write.element-limit = 4096 (default)
2019-09-25 05:36:32,327 [b63ce0ea-1c99-41be-b3a2-b28e11ecf82d@group-C5BA1605619E:LeaderElection1] INFO  server.RaftServerConfigKeys (ConfUtils.java:logGet(43)) - raft.server.watch.timeout = 10s (default)
2019-09-25 05:36:32,327 [b63ce0ea-1c99-41be-b3a2-b28e11ecf82d@group-C5BA1605619E:LeaderElection1] INFO  server.RaftServerConfigKeys (ConfUtils.java:logGet(43)) - raft.server.watch.timeout.denomination = 1s (default)
2019-09-25 05:36:32,327 [b63ce0ea-1c99-41be-b3a2-b28e11ecf82d@group-C5BA1605619E:LeaderElection1] INFO  server.RaftServerConfigKeys (ConfUtils.java:logGet(43)) - raft.server.watch.element-limit = 65536 (default)
2019-09-25 05:36:32,363 [b63ce0ea-1c99-41be-b3a2-b28e11ecf82d@group-C5BA1605619E:LeaderElection1] INFO  impl.RoleInfo (RoleInfo.java:updateAndGet(143)) - b63ce0ea-1c99-41be-b3a2-b28e11ecf82d: start LeaderState
2019-09-25 05:36:32,391 [b63ce0ea-1c99-41be-b3a2-b28e11ecf82d@group-C5BA1605619E:LeaderElection1] INFO  segmented.SegmentedRaftLogWorker (SegmentedRaftLogWorker.java:startLogSegment(380)) - b63ce0ea-1c99-41be-b3a2-b28e11ecf82d@group-C5BA1605619E-SegmentedRaftLogWorker: Starting segment from index:0
2019-09-25 05:36:32,407 [b63ce0ea-1c99-41be-b3a2-b28e11ecf82d@group-C5BA1605619E:LeaderElection1] INFO  impl.RaftServerImpl (ServerState.java:setRaftConf(354)) - b63ce0ea-1c99-41be-b3a2-b28e11ecf82d@group-C5BA1605619E: set configuration 0: [b63ce0ea-1c99-41be-b3a2-b28e11ecf82d:localhost:9872], old=null at 0
2019-09-25 05:36:32,573 [b63ce0ea-1c99-41be-b3a2-b28e11ecf82d@group-C5BA1605619E-SegmentedRaftLogWorker] INFO  segmented.SegmentedRaftLogWorker (SegmentedRaftLogWorker.java:execute(569)) - b63ce0ea-1c99-41be-b3a2-b28e11ecf82d@group-C5BA1605619E-SegmentedRaftLogWorker: created new log segment /workdir/hadoop-ozone/integration-test/target/test-dir/MiniOzoneClusterImpl-29dc12d8-8e72-470a-a134-d73b6532f6c9/ozone-meta/ratis/bf265839-605b-3f16-9796-c5ba1605619e/current/log_inprogress_0
2019-09-25 05:36:32,937 [main] INFO  ozone.MiniOzoneClusterImpl (MiniOzoneClusterImpl.java:lambda$waitForClusterToBeReady$0(147)) - Waiting for cluster to be ready. Got 0 of 4 DN Heartbeats.
2019-09-25 05:36:33,708 [Datanode State Machine Thread - 0] INFO  ozoneimpl.OzoneContainer (OzoneContainer.java:start(217)) - Attempting to start container services.
2019-09-25 05:36:33,711 [Datanode State Machine Thread - 0] INFO  ozoneimpl.OzoneContainer (OzoneContainer.java:startContainerScrub(179)) - Background container scanner has been disabled.
2019-09-25 05:36:33,711 [Datanode State Machine Thread - 0] INFO  ratis.XceiverServerRatis (XceiverServerRatis.java:start(411)) - Starting XceiverServerRatis 41c47655-c730-4efc-9be2-c06f510e0f0d at port 0
2019-09-25 05:36:33,719 [Datanode State Machine Thread - 0] INFO  impl.RaftServerProxy (RaftServerProxy.java:lambda$start$3(299)) - 41c47655-c730-4efc-9be2-c06f510e0f0d: start RPC server
2019-09-25 05:36:33,723 [Datanode State Machine Thread - 0] INFO  server.GrpcService (GrpcService.java:startImpl(158)) - 41c47655-c730-4efc-9be2-c06f510e0f0d: GrpcService started, listening on 0.0.0.0/0.0.0.0:35700
2019-09-25 05:36:33,724 [Datanode State Machine Thread - 0] INFO  ratis.XceiverServerRatis (XceiverServerRatis.java:start(421)) - XceiverServerRatis 41c47655-c730-4efc-9be2-c06f510e0f0d is started using port 35700
2019-09-25 05:36:33,728 [Datanode State Machine Thread - 0] INFO  server.XceiverServerGrpc (XceiverServerGrpc.java:start(149)) - XceiverServerGrpc 41c47655-c730-4efc-9be2-c06f510e0f0d is started using port 43611
2019-09-25 05:36:33,776 [Datanode State Machine Thread - 0] INFO  ozoneimpl.OzoneContainer (OzoneContainer.java:start(217)) - Attempting to start container services.
2019-09-25 05:36:33,786 [Datanode State Machine Thread - 0] INFO  ozoneimpl.OzoneContainer (OzoneContainer.java:startContainerScrub(179)) - Background container scanner has been disabled.
2019-09-25 05:36:33,786 [Datanode State Machine Thread - 0] INFO  ratis.XceiverServerRatis (XceiverServerRatis.java:start(411)) - Starting XceiverServerRatis dce70d9e-b7b5-41e3-b2be-c4fe31afa812 at port 0
2019-09-25 05:36:33,797 [Datanode State Machine Thread - 0] INFO  impl.RaftServerProxy (RaftServerProxy.java:lambda$start$3(299)) - dce70d9e-b7b5-41e3-b2be-c4fe31afa812: start RPC server
2019-09-25 05:36:33,799 [Datanode State Machine Thread - 0] INFO  server.GrpcService (GrpcService.java:startImpl(158)) - dce70d9e-b7b5-41e3-b2be-c4fe31afa812: GrpcService started, listening on 0.0.0.0/0.0.0.0:37367
2019-09-25 05:36:33,800 [Datanode State Machine Thread - 0] INFO  ratis.XceiverServerRatis (XceiverServerRatis.java:start(421)) - XceiverServerRatis dce70d9e-b7b5-41e3-b2be-c4fe31afa812 is started using port 37367
2019-09-25 05:36:33,801 [Datanode State Machine Thread - 0] INFO  server.XceiverServerGrpc (XceiverServerGrpc.java:start(149)) - XceiverServerGrpc dce70d9e-b7b5-41e3-b2be-c4fe31afa812 is started using port 41031
2019-09-25 05:36:33,875 [Datanode State Machine Thread - 0] INFO  ozoneimpl.OzoneContainer (OzoneContainer.java:start(217)) - Attempting to start container services.
2019-09-25 05:36:33,877 [Datanode State Machine Thread - 0] INFO  ozoneimpl.OzoneContainer (OzoneContainer.java:startContainerScrub(179)) - Background container scanner has been disabled.
2019-09-25 05:36:33,877 [Datanode State Machine Thread - 0] INFO  ratis.XceiverServerRatis (XceiverServerRatis.java:start(411)) - Starting XceiverServerRatis 2cc4f5f9-5dd4-4066-9743-dfede0a56e57 at port 0
2019-09-25 05:36:33,884 [Datanode State Machine Thread - 0] INFO  impl.RaftServerProxy (RaftServerProxy.java:lambda$start$3(299)) - 2cc4f5f9-5dd4-4066-9743-dfede0a56e57: start RPC server
2019-09-25 05:36:33,886 [Datanode State Machine Thread - 0] INFO  server.GrpcService (GrpcService.java:startImpl(158)) - 2cc4f5f9-5dd4-4066-9743-dfede0a56e57: GrpcService started, listening on 0.0.0.0/0.0.0.0:35178
2019-09-25 05:36:33,886 [Datanode State Machine Thread - 0] INFO  ratis.XceiverServerRatis (XceiverServerRatis.java:start(421)) - XceiverServerRatis 2cc4f5f9-5dd4-4066-9743-dfede0a56e57 is started using port 35178
2019-09-25 05:36:33,887 [Datanode State Machine Thread - 0] INFO  server.XceiverServerGrpc (XceiverServerGrpc.java:start(149)) - XceiverServerGrpc 2cc4f5f9-5dd4-4066-9743-dfede0a56e57 is started using port 33206
2019-09-25 05:36:33,937 [main] INFO  ozone.MiniOzoneClusterImpl (MiniOzoneClusterImpl.java:lambda$waitForClusterToBeReady$0(147)) - Waiting for cluster to be ready. Got 0 of 4 DN Heartbeats.
2019-09-25 05:36:33,951 [Datanode State Machine Thread - 0] INFO  ozoneimpl.OzoneContainer (OzoneContainer.java:start(217)) - Attempting to start container services.
2019-09-25 05:36:33,953 [Datanode State Machine Thread - 0] INFO  ozoneimpl.OzoneContainer (OzoneContainer.java:startContainerScrub(179)) - Background container scanner has been disabled.
2019-09-25 05:36:33,954 [Datanode State Machine Thread - 0] INFO  ratis.XceiverServerRatis (XceiverServerRatis.java:start(411)) - Starting XceiverServerRatis 4b2f0759-f599-4d51-8475-2e6d9cd1aa69 at port 0
2019-09-25 05:36:33,960 [Datanode State Machine Thread - 0] INFO  impl.RaftServerProxy (RaftServerProxy.java:lambda$start$3(299)) - 4b2f0759-f599-4d51-8475-2e6d9cd1aa69: start RPC server
2019-09-25 05:36:33,962 [Datanode State Machine Thread - 0] INFO  server.GrpcService (GrpcService.java:startImpl(158)) - 4b2f0759-f599-4d51-8475-2e6d9cd1aa69: GrpcService started, listening on 0.0.0.0/0.0.0.0:45682
2019-09-25 05:36:33,962 [Datanode State Machine Thread - 0] INFO  ratis.XceiverServerRatis (XceiverServerRatis.java:start(421)) - XceiverServerRatis 4b2f0759-f599-4d51-8475-2e6d9cd1aa69 is started using port 45682
2019-09-25 05:36:33,964 [Datanode State Machine Thread - 0] INFO  server.XceiverServerGrpc (XceiverServerGrpc.java:start(149)) - XceiverServerGrpc 4b2f0759-f599-4d51-8475-2e6d9cd1aa69 is started using port 38209
2019-09-25 05:36:34,938 [main] INFO  ozone.MiniOzoneClusterImpl (MiniOzoneClusterImpl.java:lambda$waitForClusterToBeReady$0(147)) - Waiting for cluster to be ready. Got 0 of 4 DN Heartbeats.
2019-09-25 05:36:35,685 [IPC Server handler 0 on 46048] INFO  net.NetworkTopology (NetworkTopologyImpl.java:add(111)) - Added a new node: /rack1/41c47655-c730-4efc-9be2-c06f510e0f0d
2019-09-25 05:36:35,686 [IPC Server handler 0 on 46048] INFO  node.SCMNodeManager (SCMNodeManager.java:register(266)) - Registered Data node : 41c47655-c730-4efc-9be2-c06f510e0f0d{ip: 192.168.164.207, host: pr-hdds-1569-s44lr-3492059363, networkLocation: /rack1, certSerialId: null}
2019-09-25 05:36:35,691 [EventQueue-NodeRegistrationContainerReportForDataNodeSafeModeRule] INFO  safemode.SCMSafeModeManager (DataNodeSafeModeRule.java:process(71)) - SCM in safe mode. 1 DataNodes registered, 1 required.
2019-09-25 05:36:35,694 [EventQueue-NodeRegistrationContainerReportForDataNodeSafeModeRule] INFO  safemode.SCMSafeModeManager (SCMSafeModeManager.java:validateSafeModeExitRules(177)) - ScmSafeModeManager, all rules are successfully validated
2019-09-25 05:36:35,694 [EventQueue-NodeRegistrationContainerReportForDataNodeSafeModeRule] INFO  safemode.SCMSafeModeManager (SCMSafeModeManager.java:exitSafeMode(193)) - SCM exiting safe mode.
2019-09-25 05:36:35,763 [IPC Server handler 1 on 46048] INFO  net.NetworkTopology (NetworkTopologyImpl.java:add(111)) - Added a new node: /rack1/dce70d9e-b7b5-41e3-b2be-c4fe31afa812
2019-09-25 05:36:35,765 [IPC Server handler 1 on 46048] INFO  node.SCMNodeManager (SCMNodeManager.java:register(266)) - Registered Data node : dce70d9e-b7b5-41e3-b2be-c4fe31afa812{ip: 192.168.164.207, host: pr-hdds-1569-s44lr-3492059363, networkLocation: /rack1, certSerialId: null}
2019-09-25 05:36:35,863 [IPC Server handler 3 on 46048] INFO  net.NetworkTopology (NetworkTopologyImpl.java:add(111)) - Added a new node: /rack1/2cc4f5f9-5dd4-4066-9743-dfede0a56e57
2019-09-25 05:36:35,864 [IPC Server handler 3 on 46048] INFO  node.SCMNodeManager (SCMNodeManager.java:register(266)) - Registered Data node : 2cc4f5f9-5dd4-4066-9743-dfede0a56e57{ip: 192.168.164.207, host: pr-hdds-1569-s44lr-3492059363, networkLocation: /rack1, certSerialId: null}
2019-09-25 05:36:35,939 [main] INFO  ozone.MiniOzoneClusterImpl (MiniOzoneClusterImpl.java:lambda$waitForClusterToBeReady$0(147)) - Waiting for cluster to be ready. Got 3 of 4 DN Heartbeats.
2019-09-25 05:36:35,939 [IPC Server handler 5 on 46048] INFO  net.NetworkTopology (NetworkTopologyImpl.java:add(111)) - Added a new node: /rack1/4b2f0759-f599-4d51-8475-2e6d9cd1aa69
2019-09-25 05:36:35,940 [IPC Server handler 5 on 46048] INFO  node.SCMNodeManager (SCMNodeManager.java:register(266)) - Registered Data node : 4b2f0759-f599-4d51-8475-2e6d9cd1aa69{ip: 192.168.164.207, host: pr-hdds-1569-s44lr-3492059363, networkLocation: /rack1, certSerialId: null}
2019-09-25 05:36:36,203 [grpc-default-executor-0] INFO  impl.RaftServerProxy (RaftServerProxy.java:addNew(89)) - 41c47655-c730-4efc-9be2-c06f510e0f0d: addNew group-C4CBCECB5101:[41c47655-c730-4efc-9be2-c06f510e0f0d:192.168.164.207:35700] returns group-C4CBCECB5101:java.util.concurrent.CompletableFuture@430e3987[Not completed]
2019-09-25 05:36:36,211 [pool-32-thread-1] INFO  impl.RaftServerImpl (RaftServerImpl.java:<init>(95)) - 41c47655-c730-4efc-9be2-c06f510e0f0d: new RaftServerImpl for group-C4CBCECB5101:[41c47655-c730-4efc-9be2-c06f510e0f0d:192.168.164.207:35700] with ContainerStateMachine:uninitialized
2019-09-25 05:36:36,213 [pool-32-thread-1] INFO  server.RaftServerConfigKeys (ConfUtils.java:logGet(43)) - raft.server.rpc.timeout.min = 5s (custom)
2019-09-25 05:36:36,213 [pool-32-thread-1] INFO  server.RaftServerConfigKeys (ConfUtils.java:logGet(43)) - raft.server.rpc.timeout.max = 5200ms (custom)
2019-09-25 05:36:36,213 [pool-32-thread-1] INFO  server.RaftServerConfigKeys (ConfUtils.java:logGet(43)) - raft.server.rpcslowness.timeout = 120s (custom)
2019-09-25 05:36:36,214 [pool-32-thread-1] INFO  server.RaftServerConfigKeys (ConfUtils.java:logGet(43)) - raft.server.sleep.deviation.threshold = 300 (default)
2019-09-25 05:36:36,214 [pool-32-thread-1] INFO  server.RaftServerConfigKeys (ConfUtils.java:logGet(43)) - raft.server.log.appender.install.snapshot.enabled = false (custom)
2019-09-25 05:36:36,214 [pool-32-thread-1] INFO  impl.RaftServerImpl (ServerState.java:<init>(103)) - 41c47655-c730-4efc-9be2-c06f510e0f0d@group-C4CBCECB5101: ConfigurationManager, init=-1: [41c47655-c730-4efc-9be2-c06f510e0f0d:192.168.164.207:35700], old=null, confs=<EMPTY_MAP>
2019-09-25 05:36:36,214 [pool-32-thread-1] INFO  server.RaftServerConfigKeys (ConfUtils.java:logGet(43)) - raft.server.storage.dir = [/workdir/hadoop-ozone/integration-test/target/test-dir/MiniOzoneClusterImpl-29dc12d8-8e72-470a-a134-d73b6532f6c9/datanode-0/data/ratis] (custom)
2019-09-25 05:36:36,214 [pool-32-thread-1] INFO  storage.RaftStorageDirectory (RaftStorageDirectory.java:analyzeStorage(246)) - The storage directory /workdir/hadoop-ozone/integration-test/target/test-dir/MiniOzoneClusterImpl-29dc12d8-8e72-470a-a134-d73b6532f6c9/datanode-0/data/ratis/f65bb53a-0dde-4b3e-aea5-c4cbcecb5101 does not exist. Creating ...
2019-09-25 05:36:36,940 [main] INFO  ozone.MiniOzoneClusterImpl (MiniOzoneClusterImpl.java:lambda$waitForClusterToBeReady$0(147)) - Cluster is ready. Got 4 of 4 DN Heartbeats.
2019-09-25 05:36:37,597 [Thread-202] INFO  rpc.RpcClient (RpcClient.java:createVolume(276)) - Creating Volume: d150e319-6ef8-45a5-8581-1925e79ada0e, with jenkins1000 as owner.
2019-09-25 05:36:38,038 [OM StateMachine ApplyTransaction Thread - 0] INFO  volume.OMVolumeCreateRequest (OMVolumeCreateRequest.java:validateAndUpdateCache(189)) - created volume:d150e319-6ef8-45a5-8581-1925e79ada0e for user:jenkins1000
2019-09-25 05:36:38,059 [Thread-202] INFO  rpc.RpcClient (RpcClient.java:createBucket(415)) - Creating Bucket: d150e319-6ef8-45a5-8581-1925e79ada0e/60981abf-2561-4bc4-96e1-f2442573afb8, with Versioning false and Storage Type set to DISK and Encryption set to false 
2019-09-25 05:36:38,700 [Thread-198] INFO  container.ReplicationManager (ReplicationManager.java:start(163)) - Starting Replication Monitor Thread.
2019-09-25 05:36:38,704 [ReplicationMonitor] INFO  container.ReplicationManager (ReplicationManager.java:run(226)) - Replication Monitor Thread took 1 milliseconds for processing 0 containers.
2019-09-25 05:36:38,868 [RATISCREATEPIPELINE1] ERROR pipeline.RatisPipelineProvider (RatisPipelineProvider.java:lambda$null$2(181)) - Failed invoke Ratis rpc org.apache.hadoop.hdds.scm.pipeline.RatisPipelineProvider$$Lambda$299/387887924@a9d8269 for 41c47655-c730-4efc-9be2-c06f510e0f0d
org.apache.ratis.protocol.TimeoutIOException: deadline exceeded after 2956192308ns
	at org.apache.ratis.grpc.GrpcUtil.tryUnwrapException(GrpcUtil.java:82)
	at org.apache.ratis.grpc.GrpcUtil.unwrapException(GrpcUtil.java:75)
	at org.apache.ratis.grpc.client.GrpcClientProtocolClient.blockingCall(GrpcClientProtocolClient.java:178)
	at org.apache.ratis.grpc.client.GrpcClientProtocolClient.groupAdd(GrpcClientProtocolClient.java:147)
	at org.apache.ratis.grpc.client.GrpcClientRpc.sendRequest(GrpcClientRpc.java:94)
	at org.apache.ratis.client.impl.RaftClientImpl.sendRequest(RaftClientImpl.java:278)
	at org.apache.ratis.client.impl.RaftClientImpl.groupAdd(RaftClientImpl.java:205)
	at org.apache.hadoop.hdds.scm.pipeline.RatisPipelineProvider.lambda$initializePipeline$1(RatisPipelineProvider.java:142)
	at org.apache.hadoop.hdds.scm.pipeline.RatisPipelineProvider.lambda$null$2(RatisPipelineProvider.java:177)
	at java.util.stream.ForEachOps$ForEachOp$OfRef.accept(ForEachOps.java:184)
	at java.util.ArrayList$ArrayListSpliterator.forEachRemaining(ArrayList.java:1382)
	at java.util.stream.AbstractPipeline.copyInto(AbstractPipeline.java:482)
	at java.util.stream.ForEachOps$ForEachTask.compute(ForEachOps.java:291)
	at java.util.concurrent.CountedCompleter.exec(CountedCompleter.java:731)
	at java.util.concurrent.ForkJoinTask.doExec(ForkJoinTask.java:289)
	at java.util.concurrent.ForkJoinTask.doInvoke(ForkJoinTask.java:401)
	at java.util.concurrent.ForkJoinTask.invoke(ForkJoinTask.java:734)
	at java.util.stream.ForEachOps$ForEachOp.evaluateParallel(ForEachOps.java:160)
	at java.util.stream.ForEachOps$ForEachOp$OfRef.evaluateParallel(ForEachOps.java:174)
	at java.util.stream.AbstractPipeline.evaluate(AbstractPipeline.java:233)
	at java.util.stream.ReferencePipeline.forEach(ReferencePipeline.java:418)
	at java.util.stream.ReferencePipeline$Head.forEach(ReferencePipeline.java:583)
	at org.apache.hadoop.hdds.scm.pipeline.RatisPipelineProvider.lambda$callRatisRpc$3(RatisPipelineProvider.java:171)
	at java.util.concurrent.ForkJoinTask$AdaptedRunnableAction.exec(ForkJoinTask.java:1386)
	at java.util.concurrent.ForkJoinTask.doExec(ForkJoinTask.java:289)
	at java.util.concurrent.ForkJoinPool$WorkQueue.runTask(ForkJoinPool.java:1056)
	at java.util.concurrent.ForkJoinPool.runWorker(ForkJoinPool.java:1692)
	at java.util.concurrent.ForkJoinWorkerThread.run(ForkJoinWorkerThread.java:157)
Caused by: org.apache.ratis.thirdparty.io.grpc.StatusRuntimeException: DEADLINE_EXCEEDED: deadline exceeded after 2956192308ns
	at org.apache.ratis.thirdparty.io.grpc.stub.ClientCalls.toStatusRuntimeException(ClientCalls.java:233)
	at org.apache.ratis.thirdparty.io.grpc.stub.ClientCalls.getUnchecked(ClientCalls.java:214)
	at org.apache.ratis.thirdparty.io.grpc.stub.ClientCalls.blockingUnaryCall(ClientCalls.java:139)
	at org.apache.ratis.proto.grpc.AdminProtocolServiceGrpc$AdminProtocolServiceBlockingStub.groupManagement(AdminProtocolServiceGrpc.java:274)
	at org.apache.ratis.grpc.client.GrpcClientProtocolClient.lambda$groupAdd$3(GrpcClientProtocolClient.java:149)
	at org.apache.ratis.grpc.client.GrpcClientProtocolClient.blockingCall(GrpcClientProtocolClient.java:176)
	... 25 more
2019-09-25 05:36:38,871 [RatisPipelineUtilsThread] ERROR pipeline.SCMPipelineManager (SCMPipelineManager.java:createPipeline(167)) - Pipeline creation failed.
java.io.IOException: Failed invoke Ratis rpc org.apache.hadoop.hdds.scm.pipeline.RatisPipelineProvider$$Lambda$299/387887924@a9d8269 for 41c47655-c730-4efc-9be2-c06f510e0f0d
	at org.apache.hadoop.hdds.scm.pipeline.RatisPipelineProvider.lambda$null$2(RatisPipelineProvider.java:182)
	at java.util.stream.ForEachOps$ForEachOp$OfRef.accept(ForEachOps.java:184)
	at java.util.ArrayList$ArrayListSpliterator.forEachRemaining(ArrayList.java:1382)
	at java.util.stream.AbstractPipeline.copyInto(AbstractPipeline.java:482)
	at java.util.stream.ForEachOps$ForEachTask.compute(ForEachOps.java:291)
	at java.util.concurrent.CountedCompleter.exec(CountedCompleter.java:731)
	at java.util.concurrent.ForkJoinTask.doExec(ForkJoinTask.java:289)
	at java.util.concurrent.ForkJoinTask.doInvoke(ForkJoinTask.java:401)
	at java.util.concurrent.ForkJoinTask.invoke(ForkJoinTask.java:734)
	at java.util.stream.ForEachOps$ForEachOp.evaluateParallel(ForEachOps.java:160)
	at java.util.stream.ForEachOps$ForEachOp$OfRef.evaluateParallel(ForEachOps.java:174)
	at java.util.stream.AbstractPipeline.evaluate(AbstractPipeline.java:233)
	at java.util.stream.ReferencePipeline.forEach(ReferencePipeline.java:418)
	at java.util.stream.ReferencePipeline$Head.forEach(ReferencePipeline.java:583)
	at org.apache.hadoop.hdds.scm.pipeline.RatisPipelineProvider.lambda$callRatisRpc$3(RatisPipelineProvider.java:171)
	at java.util.concurrent.ForkJoinTask$AdaptedRunnableAction.exec(ForkJoinTask.java:1386)
	at java.util.concurrent.ForkJoinTask.doExec(ForkJoinTask.java:289)
	at java.util.concurrent.ForkJoinPool$WorkQueue.runTask(ForkJoinPool.java:1056)
	at java.util.concurrent.ForkJoinPool.runWorker(ForkJoinPool.java:1692)
	at java.util.concurrent.ForkJoinWorkerThread.run(ForkJoinWorkerThread.java:157)
Caused by: org.apache.ratis.protocol.TimeoutIOException: deadline exceeded after 2956192308ns
	at org.apache.ratis.grpc.GrpcUtil.tryUnwrapException(GrpcUtil.java:82)
	at org.apache.ratis.grpc.GrpcUtil.unwrapException(GrpcUtil.java:75)
	at org.apache.ratis.grpc.client.GrpcClientProtocolClient.blockingCall(GrpcClientProtocolClient.java:178)
	at org.apache.ratis.grpc.client.GrpcClientProtocolClient.groupAdd(GrpcClientProtocolClient.java:147)
	at org.apache.ratis.grpc.client.GrpcClientRpc.sendRequest(GrpcClientRpc.java:94)
	at org.apache.ratis.client.impl.RaftClientImpl.sendRequest(RaftClientImpl.java:278)
	at org.apache.ratis.client.impl.RaftClientImpl.groupAdd(RaftClientImpl.java:205)
	at org.apache.hadoop.hdds.scm.pipeline.RatisPipelineProvider.lambda$initializePipeline$1(RatisPipelineProvider.java:142)
	at org.apache.hadoop.hdds.scm.pipeline.RatisPipelineProvider.lambda$null$2(RatisPipelineProvider.java:177)
	... 19 more
Caused by: org.apache.ratis.thirdparty.io.grpc.StatusRuntimeException: DEADLINE_EXCEEDED: deadline exceeded after 2956192308ns
	at org.apache.ratis.thirdparty.io.grpc.stub.ClientCalls.toStatusRuntimeException(ClientCalls.java:233)
	at org.apache.ratis.thirdparty.io.grpc.stub.ClientCalls.getUnchecked(ClientCalls.java:214)
	at org.apache.ratis.thirdparty.io.grpc.stub.ClientCalls.blockingUnaryCall(ClientCalls.java:139)
	at org.apache.ratis.proto.grpc.AdminProtocolServiceGrpc$AdminProtocolServiceBlockingStub.groupManagement(AdminProtocolServiceGrpc.java:274)
	at org.apache.ratis.grpc.client.GrpcClientProtocolClient.lambda$groupAdd$3(GrpcClientProtocolClient.java:149)
	at org.apache.ratis.grpc.client.GrpcClientProtocolClient.blockingCall(GrpcClientProtocolClient.java:176)
	... 25 more
2019-09-25 05:36:38,917 [grpc-default-executor-2] INFO  impl.RaftServerProxy (RaftServerProxy.java:addNew(89)) - 41c47655-c730-4efc-9be2-c06f510e0f0d: addNew group-39FEC27F9271:[2cc4f5f9-5dd4-4066-9743-dfede0a56e57:192.168.164.207:35178, 41c47655-c730-4efc-9be2-c06f510e0f0d:192.168.164.207:35700, dce70d9e-b7b5-41e3-b2be-c4fe31afa812:192.168.164.207:37367] returns group-39FEC27F9271:java.util.concurrent.CompletableFuture@5f6e9f7[Not completed]
2019-09-25 05:36:38,921 [grpc-default-executor-2] INFO  impl.RaftServerProxy (RaftServerProxy.java:addNew(89)) - dce70d9e-b7b5-41e3-b2be-c4fe31afa812: addNew group-39FEC27F9271:[2cc4f5f9-5dd4-4066-9743-dfede0a56e57:192.168.164.207:35178, 41c47655-c730-4efc-9be2-c06f510e0f0d:192.168.164.207:35700, dce70d9e-b7b5-41e3-b2be-c4fe31afa812:192.168.164.207:37367] returns group-39FEC27F9271:java.util.concurrent.CompletableFuture@717e34a7[Not completed]
2019-09-25 05:36:38,923 [grpc-default-executor-1] INFO  impl.RaftServerProxy (RaftServerProxy.java:addNew(89)) - 2cc4f5f9-5dd4-4066-9743-dfede0a56e57: addNew group-39FEC27F9271:[2cc4f5f9-5dd4-4066-9743-dfede0a56e57:192.168.164.207:35178, 41c47655-c730-4efc-9be2-c06f510e0f0d:192.168.164.207:35700, dce70d9e-b7b5-41e3-b2be-c4fe31afa812:192.168.164.207:37367] returns group-39FEC27F9271:java.util.concurrent.CompletableFuture@3757c8c2[Not completed]
2019-09-25 05:36:38,950 [pool-42-thread-1] INFO  impl.RaftServerImpl (RaftServerImpl.java:<init>(95)) - dce70d9e-b7b5-41e3-b2be-c4fe31afa812: new RaftServerImpl for group-39FEC27F9271:[2cc4f5f9-5dd4-4066-9743-dfede0a56e57:192.168.164.207:35178, 41c47655-c730-4efc-9be2-c06f510e0f0d:192.168.164.207:35700, dce70d9e-b7b5-41e3-b2be-c4fe31afa812:192.168.164.207:37367] with ContainerStateMachine:uninitialized
2019-09-25 05:36:38,950 [pool-42-thread-1] INFO  server.RaftServerConfigKeys (ConfUtils.java:logGet(43)) - raft.server.rpc.timeout.min = 5s (custom)
2019-09-25 05:36:38,951 [pool-42-thread-1] INFO  server.RaftServerConfigKeys (ConfUtils.java:logGet(43)) - raft.server.rpc.timeout.max = 5200ms (custom)
2019-09-25 05:36:38,951 [pool-52-thread-1] INFO  impl.RaftServerImpl (RaftServerImpl.java:<init>(95)) - 2cc4f5f9-5dd4-4066-9743-dfede0a56e57: new RaftServerImpl for group-39FEC27F9271:[2cc4f5f9-5dd4-4066-9743-dfede0a56e57:192.168.164.207:35178, 41c47655-c730-4efc-9be2-c06f510e0f0d:192.168.164.207:35700, dce70d9e-b7b5-41e3-b2be-c4fe31afa812:192.168.164.207:37367] with ContainerStateMachine:uninitialized
2019-09-25 05:36:38,951 [pool-42-thread-1] INFO  server.RaftServerConfigKeys (ConfUtils.java:logGet(43)) - raft.server.rpcslowness.timeout = 120s (custom)
2019-09-25 05:36:38,951 [pool-52-thread-1] INFO  server.RaftServerConfigKeys (ConfUtils.java:logGet(43)) - raft.server.rpc.timeout.min = 5s (custom)
2019-09-25 05:36:38,951 [pool-42-thread-1] INFO  server.RaftServerConfigKeys (ConfUtils.java:logGet(43)) - raft.server.sleep.deviation.threshold = 300 (default)
2019-09-25 05:36:38,951 [pool-52-thread-1] INFO  server.RaftServerConfigKeys (ConfUtils.java:logGet(43)) - raft.server.rpc.timeout.max = 5200ms (custom)
2019-09-25 05:36:38,951 [pool-42-thread-1] INFO  server.RaftServerConfigKeys (ConfUtils.java:logGet(43)) - raft.server.log.appender.install.snapshot.enabled = false (custom)
2019-09-25 05:36:38,951 [pool-52-thread-1] INFO  server.RaftServerConfigKeys (ConfUtils.java:logGet(43)) - raft.server.rpcslowness.timeout = 120s (custom)
2019-09-25 05:36:38,951 [pool-42-thread-1] INFO  impl.RaftServerImpl (ServerState.java:<init>(103)) - dce70d9e-b7b5-41e3-b2be-c4fe31afa812@group-39FEC27F9271: ConfigurationManager, init=-1: [2cc4f5f9-5dd4-4066-9743-dfede0a56e57:192.168.164.207:35178, 41c47655-c730-4efc-9be2-c06f510e0f0d:192.168.164.207:35700, dce70d9e-b7b5-41e3-b2be-c4fe31afa812:192.168.164.207:37367], old=null, confs=<EMPTY_MAP>
2019-09-25 05:36:38,951 [pool-52-thread-1] INFO  server.RaftServerConfigKeys (ConfUtils.java:logGet(43)) - raft.server.sleep.deviation.threshold = 300 (default)
2019-09-25 05:36:38,952 [pool-52-thread-1] INFO  server.RaftServerConfigKeys (ConfUtils.java:logGet(43)) - raft.server.log.appender.install.snapshot.enabled = false (custom)
2019-09-25 05:36:38,952 [pool-42-thread-1] INFO  server.RaftServerConfigKeys (ConfUtils.java:logGet(43)) - raft.server.storage.dir = [/workdir/hadoop-ozone/integration-test/target/test-dir/MiniOzoneClusterImpl-29dc12d8-8e72-470a-a134-d73b6532f6c9/datanode-1/data/ratis] (custom)
2019-09-25 05:36:38,952 [pool-52-thread-1] INFO  impl.RaftServerImpl (ServerState.java:<init>(103)) - 2cc4f5f9-5dd4-4066-9743-dfede0a56e57@group-39FEC27F9271: ConfigurationManager, init=-1: [2cc4f5f9-5dd4-4066-9743-dfede0a56e57:192.168.164.207:35178, 41c47655-c730-4efc-9be2-c06f510e0f0d:192.168.164.207:35700, dce70d9e-b7b5-41e3-b2be-c4fe31afa812:192.168.164.207:37367], old=null, confs=<EMPTY_MAP>
2019-09-25 05:36:38,952 [pool-52-thread-1] INFO  server.RaftServerConfigKeys (ConfUtils.java:logGet(43)) - raft.server.storage.dir = [/workdir/hadoop-ozone/integration-test/target/test-dir/MiniOzoneClusterImpl-29dc12d8-8e72-470a-a134-d73b6532f6c9/datanode-2/data/ratis] (custom)
2019-09-25 05:36:38,952 [pool-42-thread-1] INFO  storage.RaftStorageDirectory (RaftStorageDirectory.java:analyzeStorage(246)) - The storage directory /workdir/hadoop-ozone/integration-test/target/test-dir/MiniOzoneClusterImpl-29dc12d8-8e72-470a-a134-d73b6532f6c9/datanode-1/data/ratis/0561ae9c-f61c-4ff2-9866-39fec27f9271 does not exist. Creating ...
2019-09-25 05:36:38,952 [pool-52-thread-1] INFO  storage.RaftStorageDirectory (RaftStorageDirectory.java:analyzeStorage(246)) - The storage directory /workdir/hadoop-ozone/integration-test/target/test-dir/MiniOzoneClusterImpl-29dc12d8-8e72-470a-a134-d73b6532f6c9/datanode-2/data/ratis/0561ae9c-f61c-4ff2-9866-39fec27f9271 does not exist. Creating ...
2019-09-25 05:36:39,387 [pool-32-thread-1] INFO  storage.RaftStorageDirectory (RaftStorageDirectory.java:tryLock(328)) - Lock on /workdir/hadoop-ozone/integration-test/target/test-dir/MiniOzoneClusterImpl-29dc12d8-8e72-470a-a134-d73b6532f6c9/datanode-0/data/ratis/f65bb53a-0dde-4b3e-aea5-c4cbcecb5101/in_use.lock acquired by nodename 26488@pr-hdds-1569-s44lr-3492059363
2019-09-25 05:36:41,562 [pool-42-thread-1] INFO  storage.RaftStorageDirectory (RaftStorageDirectory.java:tryLock(328)) - Lock on /workdir/hadoop-ozone/integration-test/target/test-dir/MiniOzoneClusterImpl-29dc12d8-8e72-470a-a134-d73b6532f6c9/datanode-1/data/ratis/0561ae9c-f61c-4ff2-9866-39fec27f9271/in_use.lock acquired by nodename 26488@pr-hdds-1569-s44lr-3492059363
2019-09-25 05:36:41,562 [pool-52-thread-1] INFO  storage.RaftStorageDirectory (RaftStorageDirectory.java:tryLock(328)) - Lock on /workdir/hadoop-ozone/integration-test/target/test-dir/MiniOzoneClusterImpl-29dc12d8-8e72-470a-a134-d73b6532f6c9/datanode-2/data/ratis/0561ae9c-f61c-4ff2-9866-39fec27f9271/in_use.lock acquired by nodename 26488@pr-hdds-1569-s44lr-3492059363
2019-09-25 05:36:41,875 [pool-32-thread-1] INFO  storage.RaftStorage (RaftStorage.java:format(72)) - Storage directory /workdir/hadoop-ozone/integration-test/target/test-dir/MiniOzoneClusterImpl-29dc12d8-8e72-470a-a134-d73b6532f6c9/datanode-0/data/ratis/f65bb53a-0dde-4b3e-aea5-c4cbcecb5101 has been successfully formatted.
2019-09-25 05:36:41,877 [pool-42-thread-1] INFO  storage.RaftStorage (RaftStorage.java:format(72)) - Storage directory /workdir/hadoop-ozone/integration-test/target/test-dir/MiniOzoneClusterImpl-29dc12d8-8e72-470a-a134-d73b6532f6c9/datanode-1/data/ratis/0561ae9c-f61c-4ff2-9866-39fec27f9271 has been successfully formatted.
2019-09-25 05:36:41,877 [pool-52-thread-1] INFO  storage.RaftStorage (RaftStorage.java:format(72)) - Storage directory /workdir/hadoop-ozone/integration-test/target/test-dir/MiniOzoneClusterImpl-29dc12d8-8e72-470a-a134-d73b6532f6c9/datanode-2/data/ratis/0561ae9c-f61c-4ff2-9866-39fec27f9271 has been successfully formatted.
2019-09-25 05:36:41,878 [pool-32-thread-1] INFO  ratis.ContainerStateMachine (ContainerStateMachine.java:loadSnapshot(230)) - group-C4CBCECB5101: The snapshot info is null. Setting the last applied indexto:(t:0, i:~)
2019-09-25 05:36:41,878 [pool-42-thread-1] INFO  ratis.ContainerStateMachine (ContainerStateMachine.java:loadSnapshot(230)) - group-39FEC27F9271: The snapshot info is null. Setting the last applied indexto:(t:0, i:~)
2019-09-25 05:36:41,879 [pool-52-thread-1] INFO  ratis.ContainerStateMachine (ContainerStateMachine.java:loadSnapshot(230)) - group-39FEC27F9271: The snapshot info is null. Setting the last applied indexto:(t:0, i:~)
2019-09-25 05:36:41,880 [pool-42-thread-1] INFO  server.RaftServerConfigKeys (ConfUtils.java:logGet(43)) - raft.server.notification.no-leader.timeout = 120s (custom)
2019-09-25 05:36:41,879 [pool-32-thread-1] INFO  server.RaftServerConfigKeys (ConfUtils.java:logGet(43)) - raft.server.notification.no-leader.timeout = 120s (custom)
2019-09-25 05:36:41,880 [pool-42-thread-1] INFO  server.RaftServerConfigKeys (ConfUtils.java:logGet(43)) - raft.server.log.use.memory = false (default)
2019-09-25 05:36:41,880 [pool-52-thread-1] INFO  server.RaftServerConfigKeys (ConfUtils.java:logGet(43)) - raft.server.notification.no-leader.timeout = 120s (custom)
2019-09-25 05:36:41,880 [pool-42-thread-1] INFO  server.RaftServerConfigKeys (ConfUtils.java:logGet(43)) - raft.server.log.purge.gap = 1000000 (custom)
2019-09-25 05:36:41,880 [pool-32-thread-1] INFO  server.RaftServerConfigKeys (ConfUtils.java:logGet(43)) - raft.server.log.use.memory = false (default)
2019-09-25 05:36:41,881 [pool-42-thread-1] INFO  server.RaftServerConfigKeys (ConfUtils.java:logGet(43)) - raft.server.log.appender.buffer.byte-limit = 33554432 (custom)
2019-09-25 05:36:41,880 [pool-52-thread-1] INFO  server.RaftServerConfigKeys (ConfUtils.java:logGet(43)) - raft.server.log.use.memory = false (default)
2019-09-25 05:36:41,881 [pool-42-thread-1] INFO  server.RaftServerConfigKeys (ConfUtils.java:logGet(43)) - raft.server.log.segment.size.max = 1048576 (custom)
2019-09-25 05:36:41,881 [pool-32-thread-1] INFO  server.RaftServerConfigKeys (ConfUtils.java:logGet(43)) - raft.server.log.purge.gap = 1000000 (custom)
2019-09-25 05:36:41,881 [pool-42-thread-1] INFO  server.RaftServerConfigKeys (ConfUtils.java:logGet(43)) - raft.server.log.segment.cache.num.max = 2 (custom)
2019-09-25 05:36:41,881 [pool-52-thread-1] INFO  server.RaftServerConfigKeys (ConfUtils.java:logGet(43)) - raft.server.log.purge.gap = 1000000 (custom)
2019-09-25 05:36:41,882 [pool-42-thread-1] INFO  segmented.SegmentedRaftLogWorker (SegmentedRaftLogWorker.java:<init>(172)) - new dce70d9e-b7b5-41e3-b2be-c4fe31afa812@group-39FEC27F9271-SegmentedRaftLogWorker for RaftStorage:Storage Directory /workdir/hadoop-ozone/integration-test/target/test-dir/MiniOzoneClusterImpl-29dc12d8-8e72-470a-a134-d73b6532f6c9/datanode-1/data/ratis/0561ae9c-f61c-4ff2-9866-39fec27f9271
2019-09-25 05:36:41,881 [pool-32-thread-1] INFO  server.RaftServerConfigKeys (ConfUtils.java:logGet(43)) - raft.server.log.appender.buffer.byte-limit = 33554432 (custom)
2019-09-25 05:36:41,883 [pool-52-thread-1] INFO  server.RaftServerConfigKeys (ConfUtils.java:logGet(43)) - raft.server.log.appender.buffer.byte-limit = 33554432 (custom)
2019-09-25 05:36:41,885 [RATISCREATEPIPELINE1] ERROR pipeline.RatisPipelineProvider (RatisPipelineProvider.java:lambda$null$2(181)) - Failed invoke Ratis rpc org.apache.hadoop.hdds.scm.pipeline.RatisPipelineProvider$$Lambda$299/387887924@6d704a58 for dce70d9e-b7b5-41e3-b2be-c4fe31afa812
org.apache.ratis.protocol.TimeoutIOException: deadline exceeded after 2999735095ns
	at org.apache.ratis.grpc.GrpcUtil.tryUnwrapException(GrpcUtil.java:82)
	at org.apache.ratis.grpc.GrpcUtil.unwrapException(GrpcUtil.java:75)
	at org.apache.ratis.grpc.client.GrpcClientProtocolClient.blockingCall(GrpcClientProtocolClient.java:178)
	at org.apache.ratis.grpc.client.GrpcClientProtocolClient.groupAdd(GrpcClientProtocolClient.java:147)
	at org.apache.ratis.grpc.client.GrpcClientRpc.sendRequest(GrpcClientRpc.java:94)
	at org.apache.ratis.client.impl.RaftClientImpl.sendRequest(RaftClientImpl.java:278)
	at org.apache.ratis.client.impl.RaftClientImpl.groupAdd(RaftClientImpl.java:205)
	at org.apache.hadoop.hdds.scm.pipeline.RatisPipelineProvider.lambda$initializePipeline$1(RatisPipelineProvider.java:142)
	at org.apache.hadoop.hdds.scm.pipeline.RatisPipelineProvider.lambda$null$2(RatisPipelineProvider.java:177)
	at java.util.stream.ForEachOps$ForEachOp$OfRef.accept(ForEachOps.java:184)
	at java.util.ArrayList$ArrayListSpliterator.forEachRemaining(ArrayList.java:1382)
	at java.util.stream.AbstractPipeline.copyInto(AbstractPipeline.java:482)
	at java.util.stream.ForEachOps$ForEachTask.compute(ForEachOps.java:291)
	at java.util.concurrent.CountedCompleter.exec(CountedCompleter.java:731)
	at java.util.concurrent.ForkJoinTask.doExec(ForkJoinTask.java:289)
	at java.util.concurrent.ForkJoinTask.doInvoke(ForkJoinTask.java:401)
	at java.util.concurrent.ForkJoinTask.invoke(ForkJoinTask.java:734)
	at java.util.stream.ForEachOps$ForEachOp.evaluateParallel(ForEachOps.java:160)
	at java.util.stream.ForEachOps$ForEachOp$OfRef.evaluateParallel(ForEachOps.java:174)
	at java.util.stream.AbstractPipeline.evaluate(AbstractPipeline.java:233)
	at java.util.stream.ReferencePipeline.forEach(ReferencePipeline.java:418)
	at java.util.stream.ReferencePipeline$Head.forEach(ReferencePipeline.java:583)
	at org.apache.hadoop.hdds.scm.pipeline.RatisPipelineProvider.lambda$callRatisRpc$3(RatisPipelineProvider.java:171)
	at java.util.concurrent.ForkJoinTask$AdaptedRunnableAction.exec(ForkJoinTask.java:1386)
	at java.util.concurrent.ForkJoinTask.doExec(ForkJoinTask.java:289)
	at java.util.concurrent.ForkJoinPool$WorkQueue.runTask(ForkJoinPool.java:1056)
	at java.util.concurrent.ForkJoinPool.runWorker(ForkJoinPool.java:1692)
	at java.util.concurrent.ForkJoinWorkerThread.run(ForkJoinWorkerThread.java:157)
Caused by: org.apache.ratis.thirdparty.io.grpc.StatusRuntimeException: DEADLINE_EXCEEDED: deadline exceeded after 2999735095ns
	at org.apache.ratis.thirdparty.io.grpc.stub.ClientCalls.toStatusRuntimeException(ClientCalls.java:233)
	at org.apache.ratis.thirdparty.io.grpc.stub.ClientCalls.getUnchecked(ClientCalls.java:214)
	at org.apache.ratis.thirdparty.io.grpc.stub.ClientCalls.blockingUnaryCall(ClientCalls.java:139)
	at org.apache.ratis.proto.grpc.AdminProtocolServiceGrpc$AdminProtocolServiceBlockingStub.groupManagement(AdminProtocolServiceGrpc.java:274)
	at org.apache.ratis.grpc.client.GrpcClientProtocolClient.lambda$groupAdd$3(GrpcClientProtocolClient.java:149)
	at org.apache.ratis.grpc.client.GrpcClientProtocolClient.blockingCall(GrpcClientProtocolClient.java:176)
	... 25 more
2019-09-25 05:36:41,885 [RATISCREATEPIPELINE2] ERROR pipeline.RatisPipelineProvider (RatisPipelineProvider.java:lambda$null$2(181)) - Failed invoke Ratis rpc org.apache.hadoop.hdds.scm.pipeline.RatisPipelineProvider$$Lambda$299/387887924@6d704a58 for 41c47655-c730-4efc-9be2-c06f510e0f0d
org.apache.ratis.protocol.TimeoutIOException: deadline exceeded after 2998509495ns
	at org.apache.ratis.grpc.GrpcUtil.tryUnwrapException(GrpcUtil.java:82)
	at org.apache.ratis.grpc.GrpcUtil.unwrapException(GrpcUtil.java:75)
	at org.apache.ratis.grpc.client.GrpcClientProtocolClient.blockingCall(GrpcClientProtocolClient.java:178)
	at org.apache.ratis.grpc.client.GrpcClientProtocolClient.groupAdd(GrpcClientProtocolClient.java:147)
	at org.apache.ratis.grpc.client.GrpcClientRpc.sendRequest(GrpcClientRpc.java:94)
	at org.apache.ratis.client.impl.RaftClientImpl.sendRequest(RaftClientImpl.java:278)
	at org.apache.ratis.client.impl.RaftClientImpl.groupAdd(RaftClientImpl.java:205)
	at org.apache.hadoop.hdds.scm.pipeline.RatisPipelineProvider.lambda$initializePipeline$1(RatisPipelineProvider.java:142)
	at org.apache.hadoop.hdds.scm.pipeline.RatisPipelineProvider.lambda$null$2(RatisPipelineProvider.java:177)
	at java.util.stream.ForEachOps$ForEachOp$OfRef.accept(ForEachOps.java:184)
	at java.util.ArrayList$ArrayListSpliterator.forEachRemaining(ArrayList.java:1382)
	at java.util.stream.AbstractPipeline.copyInto(AbstractPipeline.java:482)
	at java.util.stream.ForEachOps$ForEachTask.compute(ForEachOps.java:291)
	at java.util.concurrent.CountedCompleter.exec(CountedCompleter.java:731)
	at java.util.concurrent.ForkJoinTask.doExec(ForkJoinTask.java:289)
	at java.util.concurrent.ForkJoinPool$WorkQueue.runTask(ForkJoinPool.java:1056)
	at java.util.concurrent.ForkJoinPool.runWorker(ForkJoinPool.java:1692)
	at java.util.concurrent.ForkJoinWorkerThread.run(ForkJoinWorkerThread.java:157)
Caused by: org.apache.ratis.thirdparty.io.grpc.StatusRuntimeException: DEADLINE_EXCEEDED: deadline exceeded after 2998509495ns
	at org.apache.ratis.thirdparty.io.grpc.stub.ClientCalls.toStatusRuntimeException(ClientCalls.java:233)
	at org.apache.ratis.thirdparty.io.grpc.stub.ClientCalls.getUnchecked(ClientCalls.java:214)
	at org.apache.ratis.thirdparty.io.grpc.stub.ClientCalls.blockingUnaryCall(ClientCalls.java:139)
	at org.apache.ratis.proto.grpc.AdminProtocolServiceGrpc$AdminProtocolServiceBlockingStub.groupManagement(AdminProtocolServiceGrpc.java:274)
	at org.apache.ratis.grpc.client.GrpcClientProtocolClient.lambda$groupAdd$3(GrpcClientProtocolClient.java:149)
	at org.apache.ratis.grpc.client.GrpcClientProtocolClient.blockingCall(GrpcClientProtocolClient.java:176)
	... 15 more
2019-09-25 05:36:41,885 [pool-52-thread-1] INFO  server.RaftServerConfigKeys (ConfUtils.java:logGet(43)) - raft.server.log.segment.size.max = 1048576 (custom)
2019-09-25 05:36:41,885 [pool-32-thread-1] INFO  server.RaftServerConfigKeys (ConfUtils.java:logGet(43)) - raft.server.log.segment.size.max = 1048576 (custom)
2019-09-25 05:36:41,903 [pool-52-thread-1] INFO  server.RaftServerConfigKeys (ConfUtils.java:logGet(43)) - raft.server.log.segment.cache.num.max = 2 (custom)
2019-09-25 05:36:41,898 [RATISCREATEPIPELINE3] ERROR pipeline.RatisPipelineProvider (RatisPipelineProvider.java:lambda$null$2(181)) - Failed invoke Ratis rpc org.apache.hadoop.hdds.scm.pipeline.RatisPipelineProvider$$Lambda$299/387887924@6d704a58 for 2cc4f5f9-5dd4-4066-9743-dfede0a56e57
org.apache.ratis.protocol.TimeoutIOException: deadline exceeded after 2998031790ns
	at org.apache.ratis.grpc.GrpcUtil.tryUnwrapException(GrpcUtil.java:82)
	at org.apache.ratis.grpc.GrpcUtil.unwrapException(GrpcUtil.java:75)
	at org.apache.ratis.grpc.client.GrpcClientProtocolClient.blockingCall(GrpcClientProtocolClient.java:178)
	at org.apache.ratis.grpc.client.GrpcClientProtocolClient.groupAdd(GrpcClientProtocolClient.java:147)
	at org.apache.ratis.grpc.client.GrpcClientRpc.sendRequest(GrpcClientRpc.java:94)
	at org.apache.ratis.client.impl.RaftClientImpl.sendRequest(RaftClientImpl.java:278)
	at org.apache.ratis.client.impl.RaftClientImpl.groupAdd(RaftClientImpl.java:205)
	at org.apache.hadoop.hdds.scm.pipeline.RatisPipelineProvider.lambda$initializePipeline$1(RatisPipelineProvider.java:142)
	at org.apache.hadoop.hdds.scm.pipeline.RatisPipelineProvider.lambda$null$2(RatisPipelineProvider.java:177)
	at java.util.stream.ForEachOps$ForEachOp$OfRef.accept(ForEachOps.java:184)
	at java.util.ArrayList$ArrayListSpliterator.forEachRemaining(ArrayList.java:1382)
	at java.util.stream.AbstractPipeline.copyInto(AbstractPipeline.java:482)
	at java.util.stream.ForEachOps$ForEachTask.compute(ForEachOps.java:291)
	at java.util.concurrent.CountedCompleter.exec(CountedCompleter.java:731)
	at java.util.concurrent.ForkJoinTask.doExec(ForkJoinTask.java:289)
	at java.util.concurrent.ForkJoinPool$WorkQueue.runTask(ForkJoinPool.java:1056)
	at java.util.concurrent.ForkJoinPool.runWorker(ForkJoinPool.java:1692)
	at java.util.concurrent.ForkJoinWorkerThread.run(ForkJoinWorkerThread.java:157)
Caused by: org.apache.ratis.thirdparty.io.grpc.StatusRuntimeException: DEADLINE_EXCEEDED: deadline exceeded after 2998031790ns
	at org.apache.ratis.thirdparty.io.grpc.stub.ClientCalls.toStatusRuntimeException(ClientCalls.java:233)
	at org.apache.ratis.thirdparty.io.grpc.stub.ClientCalls.getUnchecked(ClientCalls.java:214)
	at org.apache.ratis.thirdparty.io.grpc.stub.ClientCalls.blockingUnaryCall(ClientCalls.java:139)
	at org.apache.ratis.proto.grpc.AdminProtocolServiceGrpc$AdminProtocolServiceBlockingStub.groupManagement(AdminProtocolServiceGrpc.java:274)
	at org.apache.ratis.grpc.client.GrpcClientProtocolClient.lambda$groupAdd$3(GrpcClientProtocolClient.java:149)
	at org.apache.ratis.grpc.client.GrpcClientProtocolClient.blockingCall(GrpcClientProtocolClient.java:176)
	... 15 more
2019-09-25 05:36:41,904 [pool-52-thread-1] INFO  segmented.SegmentedRaftLogWorker (SegmentedRaftLogWorker.java:<init>(172)) - new 2cc4f5f9-5dd4-4066-9743-dfede0a56e57@group-39FEC27F9271-SegmentedRaftLogWorker for RaftStorage:Storage Directory /workdir/hadoop-ozone/integration-test/target/test-dir/MiniOzoneClusterImpl-29dc12d8-8e72-470a-a134-d73b6532f6c9/datanode-2/data/ratis/0561ae9c-f61c-4ff2-9866-39fec27f9271
2019-09-25 05:36:41,905 [RatisPipelineUtilsThread] ERROR pipeline.SCMPipelineManager (SCMPipelineManager.java:createPipeline(167)) - Pipeline creation failed.
org.apache.hadoop.io.MultipleIOException: 3 exceptions [java.io.IOException: Failed invoke Ratis rpc org.apache.hadoop.hdds.scm.pipeline.RatisPipelineProvider$$Lambda$299/387887924@6d704a58 for dce70d9e-b7b5-41e3-b2be-c4fe31afa812, java.io.IOException: Failed invoke Ratis rpc org.apache.hadoop.hdds.scm.pipeline.RatisPipelineProvider$$Lambda$299/387887924@6d704a58 for 41c47655-c730-4efc-9be2-c06f510e0f0d, java.io.IOException: Failed invoke Ratis rpc org.apache.hadoop.hdds.scm.pipeline.RatisPipelineProvider$$Lambda$299/387887924@6d704a58 for 2cc4f5f9-5dd4-4066-9743-dfede0a56e57]
	at org.apache.hadoop.io.MultipleIOException.createIOException(MultipleIOException.java:53)
	at org.apache.hadoop.hdds.scm.pipeline.RatisPipelineProvider.callRatisRpc(RatisPipelineProvider.java:197)
	at org.apache.hadoop.hdds.scm.pipeline.RatisPipelineProvider.initializePipeline(RatisPipelineProvider.java:140)
	at org.apache.hadoop.hdds.scm.pipeline.RatisPipelineProvider.create(RatisPipelineProvider.java:109)
	at org.apache.hadoop.hdds.scm.pipeline.PipelineFactory.create(PipelineFactory.java:58)
	at org.apache.hadoop.hdds.scm.pipeline.SCMPipelineManager.createPipeline(SCMPipelineManager.java:155)
	at org.apache.hadoop.hdds.scm.pipeline.BackgroundPipelineCreator.createPipelines(BackgroundPipelineCreator.java:99)
	at java.util.concurrent.Executors$RunnableAdapter.call(Executors.java:511)
	at java.util.concurrent.FutureTask.run(FutureTask.java:266)
	at java.util.concurrent.ScheduledThreadPoolExecutor$ScheduledFutureTask.access$201(ScheduledThreadPoolExecutor.java:180)
	at java.util.concurrent.ScheduledThreadPoolExecutor$ScheduledFutureTask.run(ScheduledThreadPoolExecutor.java:293)
	at java.util.concurrent.ThreadPoolExecutor.runWorker(ThreadPoolExecutor.java:1149)
	at java.util.concurrent.ThreadPoolExecutor$Worker.run(ThreadPoolExecutor.java:624)
	at java.lang.Thread.run(Thread.java:748)
2019-09-25 05:36:41,904 [pool-32-thread-1] INFO  server.RaftServerConfigKeys (ConfUtils.java:logGet(43)) - raft.server.log.segment.cache.num.max = 2 (custom)
2019-09-25 05:36:41,906 [pool-42-thread-1] INFO  server.RaftServerConfigKeys (ConfUtils.java:logGet(43)) - raft.server.log.queue.byte-limit = 2147483647 (custom)
2019-09-25 05:36:41,906 [pool-32-thread-1] INFO  segmented.SegmentedRaftLogWorker (SegmentedRaftLogWorker.java:<init>(172)) - new 41c47655-c730-4efc-9be2-c06f510e0f0d@group-C4CBCECB5101-SegmentedRaftLogWorker for RaftStorage:Storage Directory /workdir/hadoop-ozone/integration-test/target/test-dir/MiniOzoneClusterImpl-29dc12d8-8e72-470a-a134-d73b6532f6c9/datanode-0/data/ratis/f65bb53a-0dde-4b3e-aea5-c4cbcecb5101
2019-09-25 05:36:41,906 [pool-42-thread-1] INFO  server.RaftServerConfigKeys (ConfUtils.java:logGet(43)) - raft.server.log.queue.element-limit = 1024 (custom)
2019-09-25 05:36:41,907 [pool-42-thread-1] INFO  server.RaftServerConfigKeys (ConfUtils.java:logGet(43)) - raft.server.log.segment.size.max = 1048576 (custom)
2019-09-25 05:36:41,907 [pool-42-thread-1] INFO  server.RaftServerConfigKeys (ConfUtils.java:logGet(43)) - raft.server.log.preallocated.size = 16384 (custom)
2019-09-25 05:36:41,907 [pool-42-thread-1] INFO  server.RaftServerConfigKeys (ConfUtils.java:logGet(43)) - raft.server.log.write.buffer.size = 33554432 (custom)
2019-09-25 05:36:41,907 [pool-42-thread-1] INFO  server.RaftServerConfigKeys (ConfUtils.java:logGet(43)) - raft.server.log.force.sync.num = 128 (default)
2019-09-25 05:36:41,907 [pool-42-thread-1] INFO  server.RaftServerConfigKeys (ConfUtils.java:logGet(43)) - raft.server.log.statemachine.data.sync = true (default)
2019-09-25 05:36:41,907 [pool-42-thread-1] INFO  server.RaftServerConfigKeys (ConfUtils.java:logGet(43)) - raft.server.log.statemachine.data.sync.timeout = 10s (default)
2019-09-25 05:36:41,907 [pool-42-thread-1] INFO  server.RaftServerConfigKeys (ConfUtils.java:logGet(43)) - raft.server.log.statemachine.data.sync.timeout.retry = -1 (default)
2019-09-25 05:36:41,908 [pool-42-thread-1] INFO  server.RaftServerConfigKeys (ConfUtils.java:logGet(43)) - raft.server.log.statemachine.data.caching.enabled = true (custom)
2019-09-25 05:36:41,908 [pool-42-thread-1] INFO  segmented.SegmentedRaftLogWorker (SegmentedRaftLogWorker.java:lambda$new$0(132)) - dce70d9e-b7b5-41e3-b2be-c4fe31afa812@group-39FEC27F9271-SegmentedRaftLogWorker: flushIndex: setUnconditionally 0 -> -1
2019-09-25 05:36:41,908 [pool-42-thread-1] INFO  server.RaftServerConfigKeys (ConfUtils.java:logGet(43)) - raft.server.snapshot.auto.trigger.enabled = true (custom)
2019-09-25 05:36:41,908 [pool-42-thread-1] INFO  server.RaftServerConfigKeys (ConfUtils.java:logGet(43)) - raft.server.snapshot.auto.trigger.threshold = 10000 (custom)
2019-09-25 05:36:41,908 [pool-42-thread-1] INFO  server.RaftServerConfigKeys (ConfUtils.java:logGet(43)) - raft.server.snapshot.retention.num.files = 5 (custom)
2019-09-25 05:36:41,909 [pool-42-thread-1] INFO  server.RaftServerConfigKeys (ConfUtils.java:logGet(43)) - raft.server.retrycache.expirytime = 600000ms (custom)
2019-09-25 05:36:41,919 [pool-52-thread-1] INFO  server.RaftServerConfigKeys (ConfUtils.java:logGet(43)) - raft.server.log.queue.byte-limit = 2147483647 (custom)
2019-09-25 05:36:41,920 [pool-52-thread-1] INFO  server.RaftServerConfigKeys (ConfUtils.java:logGet(43)) - raft.server.log.queue.element-limit = 1024 (custom)
2019-09-25 05:36:41,920 [pool-52-thread-1] INFO  server.RaftServerConfigKeys (ConfUtils.java:logGet(43)) - raft.server.log.segment.size.max = 1048576 (custom)
2019-09-25 05:36:41,920 [pool-32-thread-1] INFO  server.RaftServerConfigKeys (ConfUtils.java:logGet(43)) - raft.server.log.queue.byte-limit = 2147483647 (custom)
2019-09-25 05:36:41,923 [pool-52-thread-1] INFO  server.RaftServerConfigKeys (ConfUtils.java:logGet(43)) - raft.server.log.preallocated.size = 16384 (custom)
2019-09-25 05:36:41,923 [pool-32-thread-1] INFO  server.RaftServerConfigKeys (ConfUtils.java:logGet(43)) - raft.server.log.queue.element-limit = 1024 (custom)
2019-09-25 05:36:41,923 [pool-52-thread-1] INFO  server.RaftServerConfigKeys (ConfUtils.java:logGet(43)) - raft.server.log.write.buffer.size = 33554432 (custom)
2019-09-25 05:36:41,925 [pool-32-thread-1] INFO  server.RaftServerConfigKeys (ConfUtils.java:logGet(43)) - raft.server.log.segment.size.max = 1048576 (custom)
2019-09-25 05:36:41,923 [pool-42-thread-1] INFO  impl.RaftServerImpl (RaftServerImpl.java:start(185)) - dce70d9e-b7b5-41e3-b2be-c4fe31afa812@group-39FEC27F9271: start as a follower, conf=-1: [2cc4f5f9-5dd4-4066-9743-dfede0a56e57:192.168.164.207:35178, 41c47655-c730-4efc-9be2-c06f510e0f0d:192.168.164.207:35700, dce70d9e-b7b5-41e3-b2be-c4fe31afa812:192.168.164.207:37367], old=null
2019-09-25 05:36:41,925 [pool-32-thread-1] INFO  server.RaftServerConfigKeys (ConfUtils.java:logGet(43)) - raft.server.log.preallocated.size = 16384 (custom)
2019-09-25 05:36:41,925 [pool-52-thread-1] INFO  server.RaftServerConfigKeys (ConfUtils.java:logGet(43)) - raft.server.log.force.sync.num = 128 (default)
2019-09-25 05:36:41,925 [grpc-default-executor-1] INFO  impl.RaftServerProxy (RaftServerProxy.java:addNew(89)) - 41c47655-c730-4efc-9be2-c06f510e0f0d: addNew group-E4D3A87EADA5:[41c47655-c730-4efc-9be2-c06f510e0f0d:192.168.164.207:35700] returns group-E4D3A87EADA5:java.util.concurrent.CompletableFuture@32a7cf87[Not completed]
2019-09-25 05:36:41,925 [pool-32-thread-1] INFO  server.RaftServerConfigKeys (ConfUtils.java:logGet(43)) - raft.server.log.write.buffer.size = 33554432 (custom)
2019-09-25 05:36:41,925 [pool-42-thread-1] INFO  impl.RaftServerImpl (RaftServerImpl.java:setRole(174)) - dce70d9e-b7b5-41e3-b2be-c4fe31afa812@group-39FEC27F9271: changes role from      null to FOLLOWER at term 0 for startAsFollower
2019-09-25 05:36:41,926 [pool-32-thread-1] INFO  server.RaftServerConfigKeys (ConfUtils.java:logGet(43)) - raft.server.log.force.sync.num = 128 (default)
2019-09-25 05:36:41,926 [pool-52-thread-1] INFO  server.RaftServerConfigKeys (ConfUtils.java:logGet(43)) - raft.server.log.statemachine.data.sync = true (default)
2019-09-25 05:36:41,926 [pool-32-thread-1] INFO  server.RaftServerConfigKeys (ConfUtils.java:logGet(43)) - raft.server.log.statemachine.data.sync = true (default)
2019-09-25 05:36:41,926 [pool-42-thread-1] INFO  impl.RoleInfo (RoleInfo.java:updateAndGet(143)) - dce70d9e-b7b5-41e3-b2be-c4fe31afa812: start FollowerState
2019-09-25 05:36:41,927 [pool-32-thread-1] INFO  server.RaftServerConfigKeys (ConfUtils.java:logGet(43)) - raft.server.log.statemachine.data.sync.timeout = 10s (default)
2019-09-25 05:36:41,926 [pool-52-thread-1] INFO  server.RaftServerConfigKeys (ConfUtils.java:logGet(43)) - raft.server.log.statemachine.data.sync.timeout = 10s (default)
2019-09-25 05:36:41,927 [pool-32-thread-1] INFO  server.RaftServerConfigKeys (ConfUtils.java:logGet(43)) - raft.server.log.statemachine.data.sync.timeout.retry = -1 (default)
2019-09-25 05:36:41,932 [pool-52-thread-1] INFO  server.RaftServerConfigKeys (ConfUtils.java:logGet(43)) - raft.server.log.statemachine.data.sync.timeout.retry = -1 (default)
2019-09-25 05:36:41,932 [pool-42-thread-1] INFO  util.JmxRegister (JmxRegister.java:tryRegister(44)) - Successfully registered JMX Bean with object name Ratis:service=RaftServer,group=group-39FEC27F9271,id=dce70d9e-b7b5-41e3-b2be-c4fe31afa812
2019-09-25 05:36:41,932 [pool-32-thread-1] INFO  server.RaftServerConfigKeys (ConfUtils.java:logGet(43)) - raft.server.log.statemachine.data.caching.enabled = true (custom)
2019-09-25 05:36:41,932 [pool-52-thread-1] INFO  server.RaftServerConfigKeys (ConfUtils.java:logGet(43)) - raft.server.log.statemachine.data.caching.enabled = true (custom)
2019-09-25 05:36:41,932 [pool-32-thread-1] INFO  segmented.SegmentedRaftLogWorker (SegmentedRaftLogWorker.java:lambda$new$0(132)) - 41c47655-c730-4efc-9be2-c06f510e0f0d@group-C4CBCECB5101-SegmentedRaftLogWorker: flushIndex: setUnconditionally 0 -> -1
2019-09-25 05:36:41,933 [pool-52-thread-1] INFO  segmented.SegmentedRaftLogWorker (SegmentedRaftLogWorker.java:lambda$new$0(132)) - 2cc4f5f9-5dd4-4066-9743-dfede0a56e57@group-39FEC27F9271-SegmentedRaftLogWorker: flushIndex: setUnconditionally 0 -> -1
2019-09-25 05:36:41,933 [pool-32-thread-1] INFO  server.RaftServerConfigKeys (ConfUtils.java:logGet(43)) - raft.server.snapshot.auto.trigger.enabled = true (custom)
2019-09-25 05:36:41,933 [pool-32-thread-1] INFO  server.RaftServerConfigKeys (ConfUtils.java:logGet(43)) - raft.server.snapshot.auto.trigger.threshold = 10000 (custom)
2019-09-25 05:36:41,933 [pool-52-thread-1] INFO  server.RaftServerConfigKeys (ConfUtils.java:logGet(43)) - raft.server.snapshot.auto.trigger.enabled = true (custom)
2019-09-25 05:36:41,933 [pool-32-thread-1] INFO  server.RaftServerConfigKeys (ConfUtils.java:logGet(43)) - raft.server.snapshot.retention.num.files = 5 (custom)
2019-09-25 05:36:41,933 [pool-52-thread-1] INFO  server.RaftServerConfigKeys (ConfUtils.java:logGet(43)) - raft.server.snapshot.auto.trigger.threshold = 10000 (custom)
2019-09-25 05:36:41,934 [pool-32-thread-1] INFO  server.RaftServerConfigKeys (ConfUtils.java:logGet(43)) - raft.server.retrycache.expirytime = 600000ms (custom)
2019-09-25 05:36:41,934 [pool-52-thread-1] INFO  server.RaftServerConfigKeys (ConfUtils.java:logGet(43)) - raft.server.snapshot.retention.num.files = 5 (custom)
2019-09-25 05:36:41,934 [pool-52-thread-1] INFO  server.RaftServerConfigKeys (ConfUtils.java:logGet(43)) - raft.server.retrycache.expirytime = 600000ms (custom)
2019-09-25 05:36:41,941 [pool-52-thread-1] INFO  impl.RaftServerImpl (RaftServerImpl.java:start(185)) - 2cc4f5f9-5dd4-4066-9743-dfede0a56e57@group-39FEC27F9271: start as a follower, conf=-1: [2cc4f5f9-5dd4-4066-9743-dfede0a56e57:192.168.164.207:35178, 41c47655-c730-4efc-9be2-c06f510e0f0d:192.168.164.207:35700, dce70d9e-b7b5-41e3-b2be-c4fe31afa812:192.168.164.207:37367], old=null
2019-09-25 05:36:41,941 [pool-52-thread-1] INFO  impl.RaftServerImpl (RaftServerImpl.java:setRole(174)) - 2cc4f5f9-5dd4-4066-9743-dfede0a56e57@group-39FEC27F9271: changes role from      null to FOLLOWER at term 0 for startAsFollower
2019-09-25 05:36:41,942 [pool-52-thread-1] INFO  impl.RoleInfo (RoleInfo.java:updateAndGet(143)) - 2cc4f5f9-5dd4-4066-9743-dfede0a56e57: start FollowerState
2019-09-25 05:36:41,942 [pool-32-thread-1] INFO  impl.RaftServerImpl (RaftServerImpl.java:<init>(95)) - 41c47655-c730-4efc-9be2-c06f510e0f0d: new RaftServerImpl for group-39FEC27F9271:[2cc4f5f9-5dd4-4066-9743-dfede0a56e57:192.168.164.207:35178, 41c47655-c730-4efc-9be2-c06f510e0f0d:192.168.164.207:35700, dce70d9e-b7b5-41e3-b2be-c4fe31afa812:192.168.164.207:37367] with ContainerStateMachine:uninitialized
2019-09-25 05:36:41,942 [pool-32-thread-1] INFO  server.RaftServerConfigKeys (ConfUtils.java:logGet(43)) - raft.server.rpc.timeout.min = 5s (custom)
2019-09-25 05:36:41,942 [pool-52-thread-1] INFO  util.JmxRegister (JmxRegister.java:tryRegister(44)) - Successfully registered JMX Bean with object name Ratis:service=RaftServer,group=group-39FEC27F9271,id=2cc4f5f9-5dd4-4066-9743-dfede0a56e57
2019-09-25 05:36:41,944 [pool-32-thread-1] INFO  server.RaftServerConfigKeys (ConfUtils.java:logGet(43)) - raft.server.rpc.timeout.max = 5200ms (custom)
2019-09-25 05:36:41,945 [pool-32-thread-1] INFO  server.RaftServerConfigKeys (ConfUtils.java:logGet(43)) - raft.server.rpcslowness.timeout = 120s (custom)
2019-09-25 05:36:41,945 [pool-32-thread-1] INFO  server.RaftServerConfigKeys (ConfUtils.java:logGet(43)) - raft.server.sleep.deviation.threshold = 300 (default)
2019-09-25 05:36:41,945 [pool-32-thread-1] INFO  server.RaftServerConfigKeys (ConfUtils.java:logGet(43)) - raft.server.log.appender.install.snapshot.enabled = false (custom)
2019-09-25 05:36:41,945 [pool-32-thread-1] INFO  impl.RaftServerImpl (ServerState.java:<init>(103)) - 41c47655-c730-4efc-9be2-c06f510e0f0d@group-39FEC27F9271: ConfigurationManager, init=-1: [2cc4f5f9-5dd4-4066-9743-dfede0a56e57:192.168.164.207:35178, 41c47655-c730-4efc-9be2-c06f510e0f0d:192.168.164.207:35700, dce70d9e-b7b5-41e3-b2be-c4fe31afa812:192.168.164.207:37367], old=null, confs=<EMPTY_MAP>
2019-09-25 05:36:41,945 [pool-32-thread-1] INFO  server.RaftServerConfigKeys (ConfUtils.java:logGet(43)) - raft.server.storage.dir = [/workdir/hadoop-ozone/integration-test/target/test-dir/MiniOzoneClusterImpl-29dc12d8-8e72-470a-a134-d73b6532f6c9/datanode-0/data/ratis] (custom)
2019-09-25 05:36:41,946 [pool-32-thread-1] INFO  storage.RaftStorageDirectory (RaftStorageDirectory.java:analyzeStorage(246)) - The storage directory /workdir/hadoop-ozone/integration-test/target/test-dir/MiniOzoneClusterImpl-29dc12d8-8e72-470a-a134-d73b6532f6c9/datanode-0/data/ratis/0561ae9c-f61c-4ff2-9866-39fec27f9271 does not exist. Creating ...
2019-09-25 05:36:42,080 [pool-32-thread-1] INFO  storage.RaftStorageDirectory (RaftStorageDirectory.java:tryLock(328)) - Lock on /workdir/hadoop-ozone/integration-test/target/test-dir/MiniOzoneClusterImpl-29dc12d8-8e72-470a-a134-d73b6532f6c9/datanode-0/data/ratis/0561ae9c-f61c-4ff2-9866-39fec27f9271/in_use.lock acquired by nodename 26488@pr-hdds-1569-s44lr-3492059363
2019-09-25 05:36:42,094 [pool-32-thread-1] INFO  storage.RaftStorage (RaftStorage.java:format(72)) - Storage directory /workdir/hadoop-ozone/integration-test/target/test-dir/MiniOzoneClusterImpl-29dc12d8-8e72-470a-a134-d73b6532f6c9/datanode-0/data/ratis/0561ae9c-f61c-4ff2-9866-39fec27f9271 has been successfully formatted.
2019-09-25 05:36:42,095 [pool-32-thread-1] INFO  ratis.ContainerStateMachine (ContainerStateMachine.java:loadSnapshot(230)) - group-39FEC27F9271: The snapshot info is null. Setting the last applied indexto:(t:0, i:~)
2019-09-25 05:36:42,095 [pool-32-thread-1] INFO  server.RaftServerConfigKeys (ConfUtils.java:logGet(43)) - raft.server.notification.no-leader.timeout = 120s (custom)
2019-09-25 05:36:42,095 [pool-32-thread-1] INFO  server.RaftServerConfigKeys (ConfUtils.java:logGet(43)) - raft.server.log.use.memory = false (default)
2019-09-25 05:36:42,095 [pool-32-thread-1] INFO  server.RaftServerConfigKeys (ConfUtils.java:logGet(43)) - raft.server.log.purge.gap = 1000000 (custom)
2019-09-25 05:36:42,096 [pool-32-thread-1] INFO  server.RaftServerConfigKeys (ConfUtils.java:logGet(43)) - raft.server.log.appender.buffer.byte-limit = 33554432 (custom)
2019-09-25 05:36:42,096 [pool-32-thread-1] INFO  server.RaftServerConfigKeys (ConfUtils.java:logGet(43)) - raft.server.log.segment.size.max = 1048576 (custom)
2019-09-25 05:36:42,096 [pool-32-thread-1] INFO  server.RaftServerConfigKeys (ConfUtils.java:logGet(43)) - raft.server.log.segment.cache.num.max = 2 (custom)
2019-09-25 05:36:42,096 [pool-32-thread-1] INFO  segmented.SegmentedRaftLogWorker (SegmentedRaftLogWorker.java:<init>(172)) - new 41c47655-c730-4efc-9be2-c06f510e0f0d@group-39FEC27F9271-SegmentedRaftLogWorker for RaftStorage:Storage Directory /workdir/hadoop-ozone/integration-test/target/test-dir/MiniOzoneClusterImpl-29dc12d8-8e72-470a-a134-d73b6532f6c9/datanode-0/data/ratis/0561ae9c-f61c-4ff2-9866-39fec27f9271
2019-09-25 05:36:42,096 [pool-32-thread-1] INFO  server.RaftServerConfigKeys (ConfUtils.java:logGet(43)) - raft.server.log.queue.byte-limit = 2147483647 (custom)
2019-09-25 05:36:42,097 [pool-32-thread-1] INFO  server.RaftServerConfigKeys (ConfUtils.java:logGet(43)) - raft.server.log.queue.element-limit = 1024 (custom)
2019-09-25 05:36:42,097 [pool-32-thread-1] INFO  server.RaftServerConfigKeys (ConfUtils.java:logGet(43)) - raft.server.log.segment.size.max = 1048576 (custom)
2019-09-25 05:36:42,097 [pool-32-thread-1] INFO  server.RaftServerConfigKeys (ConfUtils.java:logGet(43)) - raft.server.log.preallocated.size = 16384 (custom)
2019-09-25 05:36:42,098 [pool-32-thread-1] INFO  server.RaftServerConfigKeys (ConfUtils.java:logGet(43)) - raft.server.log.write.buffer.size = 33554432 (custom)
2019-09-25 05:36:42,098 [pool-32-thread-1] INFO  server.RaftServerConfigKeys (ConfUtils.java:logGet(43)) - raft.server.log.force.sync.num = 128 (default)
2019-09-25 05:36:42,098 [pool-32-thread-1] INFO  server.RaftServerConfigKeys (ConfUtils.java:logGet(43)) - raft.server.log.statemachine.data.sync = true (default)
2019-09-25 05:36:42,098 [pool-32-thread-1] INFO  server.RaftServerConfigKeys (ConfUtils.java:logGet(43)) - raft.server.log.statemachine.data.sync.timeout = 10s (default)
2019-09-25 05:36:42,098 [pool-32-thread-1] INFO  server.RaftServerConfigKeys (ConfUtils.java:logGet(43)) - raft.server.log.statemachine.data.sync.timeout.retry = -1 (default)
2019-09-25 05:36:42,099 [pool-32-thread-1] INFO  server.RaftServerConfigKeys (ConfUtils.java:logGet(43)) - raft.server.log.statemachine.data.caching.enabled = true (custom)
2019-09-25 05:36:42,099 [pool-32-thread-1] INFO  segmented.SegmentedRaftLogWorker (SegmentedRaftLogWorker.java:lambda$new$0(132)) - 41c47655-c730-4efc-9be2-c06f510e0f0d@group-39FEC27F9271-SegmentedRaftLogWorker: flushIndex: setUnconditionally 0 -> -1
2019-09-25 05:36:42,099 [pool-32-thread-1] INFO  server.RaftServerConfigKeys (ConfUtils.java:logGet(43)) - raft.server.snapshot.auto.trigger.enabled = true (custom)
2019-09-25 05:36:42,100 [pool-32-thread-1] INFO  server.RaftServerConfigKeys (ConfUtils.java:logGet(43)) - raft.server.snapshot.auto.trigger.threshold = 10000 (custom)
2019-09-25 05:36:42,100 [pool-32-thread-1] INFO  server.RaftServerConfigKeys (ConfUtils.java:logGet(43)) - raft.server.snapshot.retention.num.files = 5 (custom)
2019-09-25 05:36:42,100 [pool-32-thread-1] INFO  server.RaftServerConfigKeys (ConfUtils.java:logGet(43)) - raft.server.retrycache.expirytime = 600000ms (custom)
2019-09-25 05:36:42,107 [pool-32-thread-1] INFO  impl.RaftServerImpl (RaftServerImpl.java:<init>(95)) - 41c47655-c730-4efc-9be2-c06f510e0f0d: new RaftServerImpl for group-E4D3A87EADA5:[41c47655-c730-4efc-9be2-c06f510e0f0d:192.168.164.207:35700] with ContainerStateMachine:uninitialized
2019-09-25 05:36:42,107 [pool-32-thread-1] INFO  server.RaftServerConfigKeys (ConfUtils.java:logGet(43)) - raft.server.rpc.timeout.min = 5s (custom)
2019-09-25 05:36:42,107 [pool-32-thread-1] INFO  server.RaftServerConfigKeys (ConfUtils.java:logGet(43)) - raft.server.rpc.timeout.max = 5200ms (custom)
2019-09-25 05:36:42,107 [pool-32-thread-1] INFO  server.RaftServerConfigKeys (ConfUtils.java:logGet(43)) - raft.server.rpcslowness.timeout = 120s (custom)
2019-09-25 05:36:42,107 [pool-32-thread-1] INFO  server.RaftServerConfigKeys (ConfUtils.java:logGet(43)) - raft.server.sleep.deviation.threshold = 300 (default)
2019-09-25 05:36:42,108 [pool-32-thread-1] INFO  server.RaftServerConfigKeys (ConfUtils.java:logGet(43)) - raft.server.log.appender.install.snapshot.enabled = false (custom)
2019-09-25 05:36:42,108 [pool-32-thread-1] INFO  impl.RaftServerImpl (ServerState.java:<init>(103)) - 41c47655-c730-4efc-9be2-c06f510e0f0d@group-E4D3A87EADA5: ConfigurationManager, init=-1: [41c47655-c730-4efc-9be2-c06f510e0f0d:192.168.164.207:35700], old=null, confs=<EMPTY_MAP>
2019-09-25 05:36:42,108 [pool-32-thread-1] INFO  server.RaftServerConfigKeys (ConfUtils.java:logGet(43)) - raft.server.storage.dir = [/workdir/hadoop-ozone/integration-test/target/test-dir/MiniOzoneClusterImpl-29dc12d8-8e72-470a-a134-d73b6532f6c9/datanode-0/data/ratis] (custom)
2019-09-25 05:36:42,108 [pool-32-thread-1] INFO  storage.RaftStorageDirectory (RaftStorageDirectory.java:analyzeStorage(246)) - The storage directory /workdir/hadoop-ozone/integration-test/target/test-dir/MiniOzoneClusterImpl-29dc12d8-8e72-470a-a134-d73b6532f6c9/datanode-0/data/ratis/e150baca-d6af-4d89-bb4d-e4d3a87eada5 does not exist. Creating ...
2019-09-25 05:36:42,114 [pool-32-thread-1] INFO  storage.RaftStorageDirectory (RaftStorageDirectory.java:tryLock(328)) - Lock on /workdir/hadoop-ozone/integration-test/target/test-dir/MiniOzoneClusterImpl-29dc12d8-8e72-470a-a134-d73b6532f6c9/datanode-0/data/ratis/e150baca-d6af-4d89-bb4d-e4d3a87eada5/in_use.lock acquired by nodename 26488@pr-hdds-1569-s44lr-3492059363
2019-09-25 05:36:42,133 [pool-32-thread-1] INFO  storage.RaftStorage (RaftStorage.java:format(72)) - Storage directory /workdir/hadoop-ozone/integration-test/target/test-dir/MiniOzoneClusterImpl-29dc12d8-8e72-470a-a134-d73b6532f6c9/datanode-0/data/ratis/e150baca-d6af-4d89-bb4d-e4d3a87eada5 has been successfully formatted.
2019-09-25 05:36:42,134 [pool-32-thread-1] INFO  ratis.ContainerStateMachine (ContainerStateMachine.java:loadSnapshot(230)) - group-E4D3A87EADA5: The snapshot info is null. Setting the last applied indexto:(t:0, i:~)
2019-09-25 05:36:42,134 [pool-32-thread-1] INFO  server.RaftServerConfigKeys (ConfUtils.java:logGet(43)) - raft.server.notification.no-leader.timeout = 120s (custom)
2019-09-25 05:36:42,134 [pool-32-thread-1] INFO  server.RaftServerConfigKeys (ConfUtils.java:logGet(43)) - raft.server.log.use.memory = false (default)
2019-09-25 05:36:42,134 [pool-32-thread-1] INFO  server.RaftServerConfigKeys (ConfUtils.java:logGet(43)) - raft.server.log.purge.gap = 1000000 (custom)
2019-09-25 05:36:42,134 [pool-32-thread-1] INFO  server.RaftServerConfigKeys (ConfUtils.java:logGet(43)) - raft.server.log.appender.buffer.byte-limit = 33554432 (custom)
2019-09-25 05:36:42,134 [pool-32-thread-1] INFO  server.RaftServerConfigKeys (ConfUtils.java:logGet(43)) - raft.server.log.segment.size.max = 1048576 (custom)
2019-09-25 05:36:42,135 [pool-32-thread-1] INFO  server.RaftServerConfigKeys (ConfUtils.java:logGet(43)) - raft.server.log.segment.cache.num.max = 2 (custom)
2019-09-25 05:36:42,135 [pool-32-thread-1] INFO  segmented.SegmentedRaftLogWorker (SegmentedRaftLogWorker.java:<init>(172)) - new 41c47655-c730-4efc-9be2-c06f510e0f0d@group-E4D3A87EADA5-SegmentedRaftLogWorker for RaftStorage:Storage Directory /workdir/hadoop-ozone/integration-test/target/test-dir/MiniOzoneClusterImpl-29dc12d8-8e72-470a-a134-d73b6532f6c9/datanode-0/data/ratis/e150baca-d6af-4d89-bb4d-e4d3a87eada5
2019-09-25 05:36:42,135 [pool-32-thread-1] INFO  server.RaftServerConfigKeys (ConfUtils.java:logGet(43)) - raft.server.log.queue.byte-limit = 2147483647 (custom)
2019-09-25 05:36:42,135 [pool-32-thread-1] INFO  server.RaftServerConfigKeys (ConfUtils.java:logGet(43)) - raft.server.log.queue.element-limit = 1024 (custom)
2019-09-25 05:36:42,135 [pool-32-thread-1] INFO  server.RaftServerConfigKeys (ConfUtils.java:logGet(43)) - raft.server.log.segment.size.max = 1048576 (custom)
2019-09-25 05:36:42,135 [pool-32-thread-1] INFO  server.RaftServerConfigKeys (ConfUtils.java:logGet(43)) - raft.server.log.preallocated.size = 16384 (custom)
2019-09-25 05:36:42,136 [pool-32-thread-1] INFO  server.RaftServerConfigKeys (ConfUtils.java:logGet(43)) - raft.server.log.write.buffer.size = 33554432 (custom)
2019-09-25 05:36:42,136 [pool-32-thread-1] INFO  server.RaftServerConfigKeys (ConfUtils.java:logGet(43)) - raft.server.log.force.sync.num = 128 (default)
2019-09-25 05:36:42,136 [pool-32-thread-1] INFO  server.RaftServerConfigKeys (ConfUtils.java:logGet(43)) - raft.server.log.statemachine.data.sync = true (default)
2019-09-25 05:36:42,136 [pool-32-thread-1] INFO  server.RaftServerConfigKeys (ConfUtils.java:logGet(43)) - raft.server.log.statemachine.data.sync.timeout = 10s (default)
2019-09-25 05:36:42,136 [pool-32-thread-1] INFO  server.RaftServerConfigKeys (ConfUtils.java:logGet(43)) - raft.server.log.statemachine.data.sync.timeout.retry = -1 (default)
2019-09-25 05:36:42,136 [pool-32-thread-1] INFO  server.RaftServerConfigKeys (ConfUtils.java:logGet(43)) - raft.server.log.statemachine.data.caching.enabled = true (custom)
2019-09-25 05:36:42,137 [pool-32-thread-1] INFO  segmented.SegmentedRaftLogWorker (SegmentedRaftLogWorker.java:lambda$new$0(132)) - 41c47655-c730-4efc-9be2-c06f510e0f0d@group-E4D3A87EADA5-SegmentedRaftLogWorker: flushIndex: setUnconditionally 0 -> -1
2019-09-25 05:36:42,137 [pool-32-thread-1] INFO  server.RaftServerConfigKeys (ConfUtils.java:logGet(43)) - raft.server.snapshot.auto.trigger.enabled = true (custom)
2019-09-25 05:36:42,137 [pool-32-thread-1] INFO  server.RaftServerConfigKeys (ConfUtils.java:logGet(43)) - raft.server.snapshot.auto.trigger.threshold = 10000 (custom)
2019-09-25 05:36:42,137 [pool-32-thread-1] INFO  server.RaftServerConfigKeys (ConfUtils.java:logGet(43)) - raft.server.snapshot.retention.num.files = 5 (custom)
2019-09-25 05:36:42,138 [pool-32-thread-1] INFO  server.RaftServerConfigKeys (ConfUtils.java:logGet(43)) - raft.server.retrycache.expirytime = 600000ms (custom)
2019-09-25 05:36:42,142 [pool-32-thread-1] INFO  impl.RaftServerImpl (RaftServerImpl.java:start(185)) - 41c47655-c730-4efc-9be2-c06f510e0f0d@group-C4CBCECB5101: start as a follower, conf=-1: [41c47655-c730-4efc-9be2-c06f510e0f0d:192.168.164.207:35700], old=null
2019-09-25 05:36:42,142 [pool-32-thread-1] INFO  impl.RaftServerImpl (RaftServerImpl.java:setRole(174)) - 41c47655-c730-4efc-9be2-c06f510e0f0d@group-C4CBCECB5101: changes role from      null to FOLLOWER at term 0 for startAsFollower
2019-09-25 05:36:42,142 [pool-32-thread-1] INFO  impl.RoleInfo (RoleInfo.java:updateAndGet(143)) - 41c47655-c730-4efc-9be2-c06f510e0f0d: start FollowerState
2019-09-25 05:36:42,143 [pool-32-thread-1] INFO  util.JmxRegister (JmxRegister.java:tryRegister(44)) - Successfully registered JMX Bean with object name Ratis:service=RaftServer,group=group-C4CBCECB5101,id=41c47655-c730-4efc-9be2-c06f510e0f0d
2019-09-25 05:36:42,143 [pool-32-thread-1] INFO  impl.RaftServerImpl (RaftServerImpl.java:start(185)) - 41c47655-c730-4efc-9be2-c06f510e0f0d@group-39FEC27F9271: start as a follower, conf=-1: [2cc4f5f9-5dd4-4066-9743-dfede0a56e57:192.168.164.207:35178, 41c47655-c730-4efc-9be2-c06f510e0f0d:192.168.164.207:35700, dce70d9e-b7b5-41e3-b2be-c4fe31afa812:192.168.164.207:37367], old=null
2019-09-25 05:36:42,143 [pool-32-thread-1] INFO  impl.RaftServerImpl (RaftServerImpl.java:setRole(174)) - 41c47655-c730-4efc-9be2-c06f510e0f0d@group-39FEC27F9271: changes role from      null to FOLLOWER at term 0 for startAsFollower
2019-09-25 05:36:42,144 [pool-32-thread-1] INFO  impl.RoleInfo (RoleInfo.java:updateAndGet(143)) - 41c47655-c730-4efc-9be2-c06f510e0f0d: start FollowerState
2019-09-25 05:36:42,144 [pool-32-thread-1] INFO  util.JmxRegister (JmxRegister.java:tryRegister(44)) - Successfully registered JMX Bean with object name Ratis:service=RaftServer,group=group-39FEC27F9271,id=41c47655-c730-4efc-9be2-c06f510e0f0d
2019-09-25 05:36:42,144 [pool-32-thread-1] INFO  impl.RaftServerImpl (RaftServerImpl.java:start(185)) - 41c47655-c730-4efc-9be2-c06f510e0f0d@group-E4D3A87EADA5: start as a follower, conf=-1: [41c47655-c730-4efc-9be2-c06f510e0f0d:192.168.164.207:35700], old=null
2019-09-25 05:36:42,145 [pool-32-thread-1] INFO  impl.RaftServerImpl (RaftServerImpl.java:setRole(174)) - 41c47655-c730-4efc-9be2-c06f510e0f0d@group-E4D3A87EADA5: changes role from      null to FOLLOWER at term 0 for startAsFollower
2019-09-25 05:36:42,145 [pool-32-thread-1] INFO  impl.RoleInfo (RoleInfo.java:updateAndGet(143)) - 41c47655-c730-4efc-9be2-c06f510e0f0d: start FollowerState
2019-09-25 05:36:42,145 [pool-32-thread-1] INFO  util.JmxRegister (JmxRegister.java:tryRegister(44)) - Successfully registered JMX Bean with object name Ratis:service=RaftServer,group=group-E4D3A87EADA5,id=41c47655-c730-4efc-9be2-c06f510e0f0d
2019-09-25 05:36:42,171 [RatisPipelineUtilsThread] INFO  pipeline.PipelineStateManager (PipelineStateManager.java:addPipeline(56)) - Created pipeline Pipeline[ Id: e150baca-d6af-4d89-bb4d-e4d3a87eada5, Nodes: 41c47655-c730-4efc-9be2-c06f510e0f0d{ip: 192.168.164.207, host: pr-hdds-1569-s44lr-3492059363, networkLocation: /rack1, certSerialId: null}, Type:RATIS, Factor:ONE, State:OPEN]
2019-09-25 05:36:42,195 [grpc-default-executor-1] INFO  impl.RaftServerProxy (RaftServerProxy.java:addNew(89)) - 4b2f0759-f599-4d51-8475-2e6d9cd1aa69: addNew group-D80A3C3EE5A8:[4b2f0759-f599-4d51-8475-2e6d9cd1aa69:192.168.164.207:45682] returns group-D80A3C3EE5A8:java.util.concurrent.CompletableFuture@127aaf03[Not completed]
2019-09-25 05:36:42,197 [pool-62-thread-1] INFO  impl.RaftServerImpl (RaftServerImpl.java:<init>(95)) - 4b2f0759-f599-4d51-8475-2e6d9cd1aa69: new RaftServerImpl for group-D80A3C3EE5A8:[4b2f0759-f599-4d51-8475-2e6d9cd1aa69:192.168.164.207:45682] with ContainerStateMachine:uninitialized
2019-09-25 05:36:42,197 [pool-62-thread-1] INFO  server.RaftServerConfigKeys (ConfUtils.java:logGet(43)) - raft.server.rpc.timeout.min = 5s (custom)
2019-09-25 05:36:42,197 [pool-62-thread-1] INFO  server.RaftServerConfigKeys (ConfUtils.java:logGet(43)) - raft.server.rpc.timeout.max = 5200ms (custom)
2019-09-25 05:36:42,197 [pool-62-thread-1] INFO  server.RaftServerConfigKeys (ConfUtils.java:logGet(43)) - raft.server.rpcslowness.timeout = 120s (custom)
2019-09-25 05:36:42,197 [pool-62-thread-1] INFO  server.RaftServerConfigKeys (ConfUtils.java:logGet(43)) - raft.server.sleep.deviation.threshold = 300 (default)
2019-09-25 05:36:42,197 [pool-62-thread-1] INFO  server.RaftServerConfigKeys (ConfUtils.java:logGet(43)) - raft.server.log.appender.install.snapshot.enabled = false (custom)
2019-09-25 05:36:42,198 [pool-62-thread-1] INFO  impl.RaftServerImpl (ServerState.java:<init>(103)) - 4b2f0759-f599-4d51-8475-2e6d9cd1aa69@group-D80A3C3EE5A8: ConfigurationManager, init=-1: [4b2f0759-f599-4d51-8475-2e6d9cd1aa69:192.168.164.207:45682], old=null, confs=<EMPTY_MAP>
2019-09-25 05:36:42,198 [pool-62-thread-1] INFO  server.RaftServerConfigKeys (ConfUtils.java:logGet(43)) - raft.server.storage.dir = [/workdir/hadoop-ozone/integration-test/target/test-dir/MiniOzoneClusterImpl-29dc12d8-8e72-470a-a134-d73b6532f6c9/datanode-3/data/ratis] (custom)
2019-09-25 05:36:42,198 [pool-62-thread-1] INFO  storage.RaftStorageDirectory (RaftStorageDirectory.java:analyzeStorage(246)) - The storage directory /workdir/hadoop-ozone/integration-test/target/test-dir/MiniOzoneClusterImpl-29dc12d8-8e72-470a-a134-d73b6532f6c9/datanode-3/data/ratis/c39cde7b-4c4f-40c6-b6e3-d80a3c3ee5a8 does not exist. Creating ...
2019-09-25 05:36:42,212 [pool-62-thread-1] INFO  storage.RaftStorageDirectory (RaftStorageDirectory.java:tryLock(328)) - Lock on /workdir/hadoop-ozone/integration-test/target/test-dir/MiniOzoneClusterImpl-29dc12d8-8e72-470a-a134-d73b6532f6c9/datanode-3/data/ratis/c39cde7b-4c4f-40c6-b6e3-d80a3c3ee5a8/in_use.lock acquired by nodename 26488@pr-hdds-1569-s44lr-3492059363
2019-09-25 05:36:42,224 [pool-62-thread-1] INFO  storage.RaftStorage (RaftStorage.java:format(72)) - Storage directory /workdir/hadoop-ozone/integration-test/target/test-dir/MiniOzoneClusterImpl-29dc12d8-8e72-470a-a134-d73b6532f6c9/datanode-3/data/ratis/c39cde7b-4c4f-40c6-b6e3-d80a3c3ee5a8 has been successfully formatted.
2019-09-25 05:36:42,225 [pool-62-thread-1] INFO  ratis.ContainerStateMachine (ContainerStateMachine.java:loadSnapshot(230)) - group-D80A3C3EE5A8: The snapshot info is null. Setting the last applied indexto:(t:0, i:~)
2019-09-25 05:36:42,225 [pool-62-thread-1] INFO  server.RaftServerConfigKeys (ConfUtils.java:logGet(43)) - raft.server.notification.no-leader.timeout = 120s (custom)
2019-09-25 05:36:42,225 [pool-62-thread-1] INFO  server.RaftServerConfigKeys (ConfUtils.java:logGet(43)) - raft.server.log.use.memory = false (default)
2019-09-25 05:36:42,225 [pool-62-thread-1] INFO  server.RaftServerConfigKeys (ConfUtils.java:logGet(43)) - raft.server.log.purge.gap = 1000000 (custom)
2019-09-25 05:36:42,225 [pool-62-thread-1] INFO  server.RaftServerConfigKeys (ConfUtils.java:logGet(43)) - raft.server.log.appender.buffer.byte-limit = 33554432 (custom)
2019-09-25 05:36:42,225 [pool-62-thread-1] INFO  server.RaftServerConfigKeys (ConfUtils.java:logGet(43)) - raft.server.log.segment.size.max = 1048576 (custom)
2019-09-25 05:36:42,226 [pool-62-thread-1] INFO  server.RaftServerConfigKeys (ConfUtils.java:logGet(43)) - raft.server.log.segment.cache.num.max = 2 (custom)
2019-09-25 05:36:42,226 [pool-62-thread-1] INFO  segmented.SegmentedRaftLogWorker (SegmentedRaftLogWorker.java:<init>(172)) - new 4b2f0759-f599-4d51-8475-2e6d9cd1aa69@group-D80A3C3EE5A8-SegmentedRaftLogWorker for RaftStorage:Storage Directory /workdir/hadoop-ozone/integration-test/target/test-dir/MiniOzoneClusterImpl-29dc12d8-8e72-470a-a134-d73b6532f6c9/datanode-3/data/ratis/c39cde7b-4c4f-40c6-b6e3-d80a3c3ee5a8
2019-09-25 05:36:42,229 [pool-62-thread-1] INFO  server.RaftServerConfigKeys (ConfUtils.java:logGet(43)) - raft.server.log.queue.byte-limit = 2147483647 (custom)
2019-09-25 05:36:42,229 [pool-62-thread-1] INFO  server.RaftServerConfigKeys (ConfUtils.java:logGet(43)) - raft.server.log.queue.element-limit = 1024 (custom)
2019-09-25 05:36:42,230 [pool-62-thread-1] INFO  server.RaftServerConfigKeys (ConfUtils.java:logGet(43)) - raft.server.log.segment.size.max = 1048576 (custom)
2019-09-25 05:36:42,230 [pool-62-thread-1] INFO  server.RaftServerConfigKeys (ConfUtils.java:logGet(43)) - raft.server.log.preallocated.size = 16384 (custom)
2019-09-25 05:36:42,230 [pool-62-thread-1] INFO  server.RaftServerConfigKeys (ConfUtils.java:logGet(43)) - raft.server.log.write.buffer.size = 33554432 (custom)
2019-09-25 05:36:42,230 [pool-62-thread-1] INFO  server.RaftServerConfigKeys (ConfUtils.java:logGet(43)) - raft.server.log.force.sync.num = 128 (default)
2019-09-25 05:36:42,230 [pool-62-thread-1] INFO  server.RaftServerConfigKeys (ConfUtils.java:logGet(43)) - raft.server.log.statemachine.data.sync = true (default)
2019-09-25 05:36:42,230 [pool-62-thread-1] INFO  server.RaftServerConfigKeys (ConfUtils.java:logGet(43)) - raft.server.log.statemachine.data.sync.timeout = 10s (default)
2019-09-25 05:36:42,231 [pool-62-thread-1] INFO  server.RaftServerConfigKeys (ConfUtils.java:logGet(43)) - raft.server.log.statemachine.data.sync.timeout.retry = -1 (default)
2019-09-25 05:36:42,231 [pool-62-thread-1] INFO  server.RaftServerConfigKeys (ConfUtils.java:logGet(43)) - raft.server.log.statemachine.data.caching.enabled = true (custom)
2019-09-25 05:36:42,231 [pool-62-thread-1] INFO  segmented.SegmentedRaftLogWorker (SegmentedRaftLogWorker.java:lambda$new$0(132)) - 4b2f0759-f599-4d51-8475-2e6d9cd1aa69@group-D80A3C3EE5A8-SegmentedRaftLogWorker: flushIndex: setUnconditionally 0 -> -1
2019-09-25 05:36:42,231 [pool-62-thread-1] INFO  server.RaftServerConfigKeys (ConfUtils.java:logGet(43)) - raft.server.snapshot.auto.trigger.enabled = true (custom)
2019-09-25 05:36:42,232 [pool-62-thread-1] INFO  server.RaftServerConfigKeys (ConfUtils.java:logGet(43)) - raft.server.snapshot.auto.trigger.threshold = 10000 (custom)
2019-09-25 05:36:42,232 [pool-62-thread-1] INFO  server.RaftServerConfigKeys (ConfUtils.java:logGet(43)) - raft.server.snapshot.retention.num.files = 5 (custom)
2019-09-25 05:36:42,232 [pool-62-thread-1] INFO  server.RaftServerConfigKeys (ConfUtils.java:logGet(43)) - raft.server.retrycache.expirytime = 600000ms (custom)
2019-09-25 05:36:42,235 [pool-62-thread-1] INFO  impl.RaftServerImpl (RaftServerImpl.java:start(185)) - 4b2f0759-f599-4d51-8475-2e6d9cd1aa69@group-D80A3C3EE5A8: start as a follower, conf=-1: [4b2f0759-f599-4d51-8475-2e6d9cd1aa69:192.168.164.207:45682], old=null
2019-09-25 05:36:42,235 [pool-62-thread-1] INFO  impl.RaftServerImpl (RaftServerImpl.java:setRole(174)) - 4b2f0759-f599-4d51-8475-2e6d9cd1aa69@group-D80A3C3EE5A8: changes role from      null to FOLLOWER at term 0 for startAsFollower
2019-09-25 05:36:42,235 [pool-62-thread-1] INFO  impl.RoleInfo (RoleInfo.java:updateAndGet(143)) - 4b2f0759-f599-4d51-8475-2e6d9cd1aa69: start FollowerState
2019-09-25 05:36:42,235 [pool-62-thread-1] INFO  util.JmxRegister (JmxRegister.java:tryRegister(44)) - Successfully registered JMX Bean with object name Ratis:service=RaftServer,group=group-D80A3C3EE5A8,id=4b2f0759-f599-4d51-8475-2e6d9cd1aa69
2019-09-25 05:36:42,249 [RatisPipelineUtilsThread] INFO  pipeline.PipelineStateManager (PipelineStateManager.java:addPipeline(56)) - Created pipeline Pipeline[ Id: c39cde7b-4c4f-40c6-b6e3-d80a3c3ee5a8, Nodes: 4b2f0759-f599-4d51-8475-2e6d9cd1aa69{ip: 192.168.164.207, host: pr-hdds-1569-s44lr-3492059363, networkLocation: /rack1, certSerialId: null}, Type:RATIS, Factor:ONE, State:OPEN]
2019-09-25 05:36:42,268 [grpc-default-executor-1] INFO  impl.RaftServerProxy (RaftServerProxy.java:addNew(89)) - 2cc4f5f9-5dd4-4066-9743-dfede0a56e57: addNew group-7759BB83824B:[2cc4f5f9-5dd4-4066-9743-dfede0a56e57:192.168.164.207:35178] returns group-7759BB83824B:java.util.concurrent.CompletableFuture@31edcd0f[Not completed]
2019-09-25 05:36:42,270 [pool-52-thread-1] INFO  impl.RaftServerImpl (RaftServerImpl.java:<init>(95)) - 2cc4f5f9-5dd4-4066-9743-dfede0a56e57: new RaftServerImpl for group-7759BB83824B:[2cc4f5f9-5dd4-4066-9743-dfede0a56e57:192.168.164.207:35178] with ContainerStateMachine:uninitialized
2019-09-25 05:36:42,270 [pool-52-thread-1] INFO  server.RaftServerConfigKeys (ConfUtils.java:logGet(43)) - raft.server.rpc.timeout.min = 5s (custom)
2019-09-25 05:36:42,271 [pool-52-thread-1] INFO  server.RaftServerConfigKeys (ConfUtils.java:logGet(43)) - raft.server.rpc.timeout.max = 5200ms (custom)
2019-09-25 05:36:42,271 [pool-52-thread-1] INFO  server.RaftServerConfigKeys (ConfUtils.java:logGet(43)) - raft.server.rpcslowness.timeout = 120s (custom)
2019-09-25 05:36:42,271 [pool-52-thread-1] INFO  server.RaftServerConfigKeys (ConfUtils.java:logGet(43)) - raft.server.sleep.deviation.threshold = 300 (default)
2019-09-25 05:36:42,271 [pool-52-thread-1] INFO  server.RaftServerConfigKeys (ConfUtils.java:logGet(43)) - raft.server.log.appender.install.snapshot.enabled = false (custom)
2019-09-25 05:36:42,271 [pool-52-thread-1] INFO  impl.RaftServerImpl (ServerState.java:<init>(103)) - 2cc4f5f9-5dd4-4066-9743-dfede0a56e57@group-7759BB83824B: ConfigurationManager, init=-1: [2cc4f5f9-5dd4-4066-9743-dfede0a56e57:192.168.164.207:35178], old=null, confs=<EMPTY_MAP>
2019-09-25 05:36:42,271 [pool-52-thread-1] INFO  server.RaftServerConfigKeys (ConfUtils.java:logGet(43)) - raft.server.storage.dir = [/workdir/hadoop-ozone/integration-test/target/test-dir/MiniOzoneClusterImpl-29dc12d8-8e72-470a-a134-d73b6532f6c9/datanode-2/data/ratis] (custom)
2019-09-25 05:36:42,272 [pool-52-thread-1] INFO  storage.RaftStorageDirectory (RaftStorageDirectory.java:analyzeStorage(246)) - The storage directory /workdir/hadoop-ozone/integration-test/target/test-dir/MiniOzoneClusterImpl-29dc12d8-8e72-470a-a134-d73b6532f6c9/datanode-2/data/ratis/297eab0f-7340-4aac-be3c-7759bb83824b does not exist. Creating ...
2019-09-25 05:36:42,286 [pool-52-thread-1] INFO  storage.RaftStorageDirectory (RaftStorageDirectory.java:tryLock(328)) - Lock on /workdir/hadoop-ozone/integration-test/target/test-dir/MiniOzoneClusterImpl-29dc12d8-8e72-470a-a134-d73b6532f6c9/datanode-2/data/ratis/297eab0f-7340-4aac-be3c-7759bb83824b/in_use.lock acquired by nodename 26488@pr-hdds-1569-s44lr-3492059363
2019-09-25 05:36:42,300 [pool-52-thread-1] INFO  storage.RaftStorage (RaftStorage.java:format(72)) - Storage directory /workdir/hadoop-ozone/integration-test/target/test-dir/MiniOzoneClusterImpl-29dc12d8-8e72-470a-a134-d73b6532f6c9/datanode-2/data/ratis/297eab0f-7340-4aac-be3c-7759bb83824b has been successfully formatted.
2019-09-25 05:36:42,300 [pool-52-thread-1] INFO  ratis.ContainerStateMachine (ContainerStateMachine.java:loadSnapshot(230)) - group-7759BB83824B: The snapshot info is null. Setting the last applied indexto:(t:0, i:~)
2019-09-25 05:36:42,300 [pool-52-thread-1] INFO  server.RaftServerConfigKeys (ConfUtils.java:logGet(43)) - raft.server.notification.no-leader.timeout = 120s (custom)
2019-09-25 05:36:42,301 [pool-52-thread-1] INFO  server.RaftServerConfigKeys (ConfUtils.java:logGet(43)) - raft.server.log.use.memory = false (default)
2019-09-25 05:36:42,301 [pool-52-thread-1] INFO  server.RaftServerConfigKeys (ConfUtils.java:logGet(43)) - raft.server.log.purge.gap = 1000000 (custom)
2019-09-25 05:36:42,301 [pool-52-thread-1] INFO  server.RaftServerConfigKeys (ConfUtils.java:logGet(43)) - raft.server.log.appender.buffer.byte-limit = 33554432 (custom)
2019-09-25 05:36:42,301 [pool-52-thread-1] INFO  server.RaftServerConfigKeys (ConfUtils.java:logGet(43)) - raft.server.log.segment.size.max = 1048576 (custom)
2019-09-25 05:36:42,301 [pool-52-thread-1] INFO  server.RaftServerConfigKeys (ConfUtils.java:logGet(43)) - raft.server.log.segment.cache.num.max = 2 (custom)
2019-09-25 05:36:42,302 [pool-52-thread-1] INFO  segmented.SegmentedRaftLogWorker (SegmentedRaftLogWorker.java:<init>(172)) - new 2cc4f5f9-5dd4-4066-9743-dfede0a56e57@group-7759BB83824B-SegmentedRaftLogWorker for RaftStorage:Storage Directory /workdir/hadoop-ozone/integration-test/target/test-dir/MiniOzoneClusterImpl-29dc12d8-8e72-470a-a134-d73b6532f6c9/datanode-2/data/ratis/297eab0f-7340-4aac-be3c-7759bb83824b
2019-09-25 05:36:42,302 [pool-52-thread-1] INFO  server.RaftServerConfigKeys (ConfUtils.java:logGet(43)) - raft.server.log.queue.byte-limit = 2147483647 (custom)
2019-09-25 05:36:42,302 [pool-52-thread-1] INFO  server.RaftServerConfigKeys (ConfUtils.java:logGet(43)) - raft.server.log.queue.element-limit = 1024 (custom)
2019-09-25 05:36:42,302 [pool-52-thread-1] INFO  server.RaftServerConfigKeys (ConfUtils.java:logGet(43)) - raft.server.log.segment.size.max = 1048576 (custom)
2019-09-25 05:36:42,302 [pool-52-thread-1] INFO  server.RaftServerConfigKeys (ConfUtils.java:logGet(43)) - raft.server.log.preallocated.size = 16384 (custom)
2019-09-25 05:36:42,303 [pool-52-thread-1] INFO  server.RaftServerConfigKeys (ConfUtils.java:logGet(43)) - raft.server.log.write.buffer.size = 33554432 (custom)
2019-09-25 05:36:42,303 [pool-52-thread-1] INFO  server.RaftServerConfigKeys (ConfUtils.java:logGet(43)) - raft.server.log.force.sync.num = 128 (default)
2019-09-25 05:36:42,303 [pool-52-thread-1] INFO  server.RaftServerConfigKeys (ConfUtils.java:logGet(43)) - raft.server.log.statemachine.data.sync = true (default)
2019-09-25 05:36:42,303 [pool-52-thread-1] INFO  server.RaftServerConfigKeys (ConfUtils.java:logGet(43)) - raft.server.log.statemachine.data.sync.timeout = 10s (default)
2019-09-25 05:36:42,303 [pool-52-thread-1] INFO  server.RaftServerConfigKeys (ConfUtils.java:logGet(43)) - raft.server.log.statemachine.data.sync.timeout.retry = -1 (default)
2019-09-25 05:36:42,303 [pool-52-thread-1] INFO  server.RaftServerConfigKeys (ConfUtils.java:logGet(43)) - raft.server.log.statemachine.data.caching.enabled = true (custom)
2019-09-25 05:36:42,304 [pool-52-thread-1] INFO  segmented.SegmentedRaftLogWorker (SegmentedRaftLogWorker.java:lambda$new$0(132)) - 2cc4f5f9-5dd4-4066-9743-dfede0a56e57@group-7759BB83824B-SegmentedRaftLogWorker: flushIndex: setUnconditionally 0 -> -1
2019-09-25 05:36:42,304 [pool-52-thread-1] INFO  server.RaftServerConfigKeys (ConfUtils.java:logGet(43)) - raft.server.snapshot.auto.trigger.enabled = true (custom)
2019-09-25 05:36:42,305 [pool-52-thread-1] INFO  server.RaftServerConfigKeys (ConfUtils.java:logGet(43)) - raft.server.snapshot.auto.trigger.threshold = 10000 (custom)
2019-09-25 05:36:42,305 [pool-52-thread-1] INFO  server.RaftServerConfigKeys (ConfUtils.java:logGet(43)) - raft.server.snapshot.retention.num.files = 5 (custom)
2019-09-25 05:36:42,305 [pool-52-thread-1] INFO  server.RaftServerConfigKeys (ConfUtils.java:logGet(43)) - raft.server.retrycache.expirytime = 600000ms (custom)
2019-09-25 05:36:42,308 [pool-52-thread-1] INFO  impl.RaftServerImpl (RaftServerImpl.java:start(185)) - 2cc4f5f9-5dd4-4066-9743-dfede0a56e57@group-7759BB83824B: start as a follower, conf=-1: [2cc4f5f9-5dd4-4066-9743-dfede0a56e57:192.168.164.207:35178], old=null
2019-09-25 05:36:42,308 [pool-52-thread-1] INFO  impl.RaftServerImpl (RaftServerImpl.java:setRole(174)) - 2cc4f5f9-5dd4-4066-9743-dfede0a56e57@group-7759BB83824B: changes role from      null to FOLLOWER at term 0 for startAsFollower
2019-09-25 05:36:42,309 [pool-52-thread-1] INFO  impl.RoleInfo (RoleInfo.java:updateAndGet(143)) - 2cc4f5f9-5dd4-4066-9743-dfede0a56e57: start FollowerState
2019-09-25 05:36:42,309 [pool-52-thread-1] INFO  util.JmxRegister (JmxRegister.java:tryRegister(44)) - Successfully registered JMX Bean with object name Ratis:service=RaftServer,group=group-7759BB83824B,id=2cc4f5f9-5dd4-4066-9743-dfede0a56e57
2019-09-25 05:36:42,321 [RatisPipelineUtilsThread] INFO  pipeline.PipelineStateManager (PipelineStateManager.java:addPipeline(56)) - Created pipeline Pipeline[ Id: 297eab0f-7340-4aac-be3c-7759bb83824b, Nodes: 2cc4f5f9-5dd4-4066-9743-dfede0a56e57{ip: 192.168.164.207, host: pr-hdds-1569-s44lr-3492059363, networkLocation: /rack1, certSerialId: null}, Type:RATIS, Factor:ONE, State:OPEN]
2019-09-25 05:36:42,343 [grpc-default-executor-1] INFO  impl.RaftServerProxy (RaftServerProxy.java:addNew(89)) - 2cc4f5f9-5dd4-4066-9743-dfede0a56e57: addNew group-E8D38D3A1DBE:[2cc4f5f9-5dd4-4066-9743-dfede0a56e57:192.168.164.207:35178] returns group-E8D38D3A1DBE:java.util.concurrent.CompletableFuture@1634d1d0[Not completed]
2019-09-25 05:36:42,345 [pool-52-thread-1] INFO  impl.RaftServerImpl (RaftServerImpl.java:<init>(95)) - 2cc4f5f9-5dd4-4066-9743-dfede0a56e57: new RaftServerImpl for group-E8D38D3A1DBE:[2cc4f5f9-5dd4-4066-9743-dfede0a56e57:192.168.164.207:35178] with ContainerStateMachine:uninitialized
2019-09-25 05:36:42,345 [pool-52-thread-1] INFO  server.RaftServerConfigKeys (ConfUtils.java:logGet(43)) - raft.server.rpc.timeout.min = 5s (custom)
2019-09-25 05:36:42,346 [pool-52-thread-1] INFO  server.RaftServerConfigKeys (ConfUtils.java:logGet(43)) - raft.server.rpc.timeout.max = 5200ms (custom)
2019-09-25 05:36:42,346 [pool-52-thread-1] INFO  server.RaftServerConfigKeys (ConfUtils.java:logGet(43)) - raft.server.rpcslowness.timeout = 120s (custom)
2019-09-25 05:36:42,346 [pool-52-thread-1] INFO  server.RaftServerConfigKeys (ConfUtils.java:logGet(43)) - raft.server.sleep.deviation.threshold = 300 (default)
2019-09-25 05:36:42,346 [pool-52-thread-1] INFO  server.RaftServerConfigKeys (ConfUtils.java:logGet(43)) - raft.server.log.appender.install.snapshot.enabled = false (custom)
2019-09-25 05:36:42,346 [pool-52-thread-1] INFO  impl.RaftServerImpl (ServerState.java:<init>(103)) - 2cc4f5f9-5dd4-4066-9743-dfede0a56e57@group-E8D38D3A1DBE: ConfigurationManager, init=-1: [2cc4f5f9-5dd4-4066-9743-dfede0a56e57:192.168.164.207:35178], old=null, confs=<EMPTY_MAP>
2019-09-25 05:36:42,347 [pool-52-thread-1] INFO  server.RaftServerConfigKeys (ConfUtils.java:logGet(43)) - raft.server.storage.dir = [/workdir/hadoop-ozone/integration-test/target/test-dir/MiniOzoneClusterImpl-29dc12d8-8e72-470a-a134-d73b6532f6c9/datanode-2/data/ratis] (custom)
2019-09-25 05:36:42,347 [pool-52-thread-1] INFO  storage.RaftStorageDirectory (RaftStorageDirectory.java:analyzeStorage(246)) - The storage directory /workdir/hadoop-ozone/integration-test/target/test-dir/MiniOzoneClusterImpl-29dc12d8-8e72-470a-a134-d73b6532f6c9/datanode-2/data/ratis/e0fef959-e3f5-492d-a27f-e8d38d3a1dbe does not exist. Creating ...
2019-09-25 05:36:42,361 [pool-52-thread-1] INFO  storage.RaftStorageDirectory (RaftStorageDirectory.java:tryLock(328)) - Lock on /workdir/hadoop-ozone/integration-test/target/test-dir/MiniOzoneClusterImpl-29dc12d8-8e72-470a-a134-d73b6532f6c9/datanode-2/data/ratis/e0fef959-e3f5-492d-a27f-e8d38d3a1dbe/in_use.lock acquired by nodename 26488@pr-hdds-1569-s44lr-3492059363
2019-09-25 05:36:42,386 [pool-52-thread-1] INFO  storage.RaftStorage (RaftStorage.java:format(72)) - Storage directory /workdir/hadoop-ozone/integration-test/target/test-dir/MiniOzoneClusterImpl-29dc12d8-8e72-470a-a134-d73b6532f6c9/datanode-2/data/ratis/e0fef959-e3f5-492d-a27f-e8d38d3a1dbe has been successfully formatted.
2019-09-25 05:36:42,386 [pool-52-thread-1] INFO  ratis.ContainerStateMachine (ContainerStateMachine.java:loadSnapshot(230)) - group-E8D38D3A1DBE: The snapshot info is null. Setting the last applied indexto:(t:0, i:~)
2019-09-25 05:36:42,387 [pool-52-thread-1] INFO  server.RaftServerConfigKeys (ConfUtils.java:logGet(43)) - raft.server.notification.no-leader.timeout = 120s (custom)
2019-09-25 05:36:42,387 [pool-52-thread-1] INFO  server.RaftServerConfigKeys (ConfUtils.java:logGet(43)) - raft.server.log.use.memory = false (default)
2019-09-25 05:36:42,388 [pool-52-thread-1] INFO  server.RaftServerConfigKeys (ConfUtils.java:logGet(43)) - raft.server.log.purge.gap = 1000000 (custom)
2019-09-25 05:36:42,388 [pool-52-thread-1] INFO  server.RaftServerConfigKeys (ConfUtils.java:logGet(43)) - raft.server.log.appender.buffer.byte-limit = 33554432 (custom)
2019-09-25 05:36:42,388 [pool-52-thread-1] INFO  server.RaftServerConfigKeys (ConfUtils.java:logGet(43)) - raft.server.log.segment.size.max = 1048576 (custom)
2019-09-25 05:36:42,388 [pool-52-thread-1] INFO  server.RaftServerConfigKeys (ConfUtils.java:logGet(43)) - raft.server.log.segment.cache.num.max = 2 (custom)
2019-09-25 05:36:42,388 [pool-52-thread-1] INFO  segmented.SegmentedRaftLogWorker (SegmentedRaftLogWorker.java:<init>(172)) - new 2cc4f5f9-5dd4-4066-9743-dfede0a56e57@group-E8D38D3A1DBE-SegmentedRaftLogWorker for RaftStorage:Storage Directory /workdir/hadoop-ozone/integration-test/target/test-dir/MiniOzoneClusterImpl-29dc12d8-8e72-470a-a134-d73b6532f6c9/datanode-2/data/ratis/e0fef959-e3f5-492d-a27f-e8d38d3a1dbe
2019-09-25 05:36:42,389 [pool-52-thread-1] INFO  server.RaftServerConfigKeys (ConfUtils.java:logGet(43)) - raft.server.log.queue.byte-limit = 2147483647 (custom)
2019-09-25 05:36:42,389 [pool-52-thread-1] INFO  server.RaftServerConfigKeys (ConfUtils.java:logGet(43)) - raft.server.log.queue.element-limit = 1024 (custom)
2019-09-25 05:36:42,389 [pool-52-thread-1] INFO  server.RaftServerConfigKeys (ConfUtils.java:logGet(43)) - raft.server.log.segment.size.max = 1048576 (custom)
2019-09-25 05:36:42,389 [pool-52-thread-1] INFO  server.RaftServerConfigKeys (ConfUtils.java:logGet(43)) - raft.server.log.preallocated.size = 16384 (custom)
2019-09-25 05:36:42,389 [pool-52-thread-1] INFO  server.RaftServerConfigKeys (ConfUtils.java:logGet(43)) - raft.server.log.write.buffer.size = 33554432 (custom)
2019-09-25 05:36:42,390 [pool-52-thread-1] INFO  server.RaftServerConfigKeys (ConfUtils.java:logGet(43)) - raft.server.log.force.sync.num = 128 (default)
2019-09-25 05:36:42,390 [pool-52-thread-1] INFO  server.RaftServerConfigKeys (ConfUtils.java:logGet(43)) - raft.server.log.statemachine.data.sync = true (default)
2019-09-25 05:36:42,390 [pool-52-thread-1] INFO  server.RaftServerConfigKeys (ConfUtils.java:logGet(43)) - raft.server.log.statemachine.data.sync.timeout = 10s (default)
2019-09-25 05:36:42,390 [pool-52-thread-1] INFO  server.RaftServerConfigKeys (ConfUtils.java:logGet(43)) - raft.server.log.statemachine.data.sync.timeout.retry = -1 (default)
2019-09-25 05:36:42,390 [pool-52-thread-1] INFO  server.RaftServerConfigKeys (ConfUtils.java:logGet(43)) - raft.server.log.statemachine.data.caching.enabled = true (custom)
2019-09-25 05:36:42,391 [pool-52-thread-1] INFO  segmented.SegmentedRaftLogWorker (SegmentedRaftLogWorker.java:lambda$new$0(132)) - 2cc4f5f9-5dd4-4066-9743-dfede0a56e57@group-E8D38D3A1DBE-SegmentedRaftLogWorker: flushIndex: setUnconditionally 0 -> -1
2019-09-25 05:36:42,391 [pool-52-thread-1] INFO  server.RaftServerConfigKeys (ConfUtils.java:logGet(43)) - raft.server.snapshot.auto.trigger.enabled = true (custom)
2019-09-25 05:36:42,391 [pool-52-thread-1] INFO  server.RaftServerConfigKeys (ConfUtils.java:logGet(43)) - raft.server.snapshot.auto.trigger.threshold = 10000 (custom)
2019-09-25 05:36:42,392 [pool-52-thread-1] INFO  server.RaftServerConfigKeys (ConfUtils.java:logGet(43)) - raft.server.snapshot.retention.num.files = 5 (custom)
2019-09-25 05:36:42,392 [pool-52-thread-1] INFO  server.RaftServerConfigKeys (ConfUtils.java:logGet(43)) - raft.server.retrycache.expirytime = 600000ms (custom)
2019-09-25 05:36:42,395 [pool-52-thread-1] INFO  impl.RaftServerImpl (RaftServerImpl.java:start(185)) - 2cc4f5f9-5dd4-4066-9743-dfede0a56e57@group-E8D38D3A1DBE: start as a follower, conf=-1: [2cc4f5f9-5dd4-4066-9743-dfede0a56e57:192.168.164.207:35178], old=null
2019-09-25 05:36:42,395 [pool-52-thread-1] INFO  impl.RaftServerImpl (RaftServerImpl.java:setRole(174)) - 2cc4f5f9-5dd4-4066-9743-dfede0a56e57@group-E8D38D3A1DBE: changes role from      null to FOLLOWER at term 0 for startAsFollower
2019-09-25 05:36:42,395 [pool-52-thread-1] INFO  impl.RoleInfo (RoleInfo.java:updateAndGet(143)) - 2cc4f5f9-5dd4-4066-9743-dfede0a56e57: start FollowerState
2019-09-25 05:36:42,396 [pool-52-thread-1] INFO  util.JmxRegister (JmxRegister.java:tryRegister(44)) - Successfully registered JMX Bean with object name Ratis:service=RaftServer,group=group-E8D38D3A1DBE,id=2cc4f5f9-5dd4-4066-9743-dfede0a56e57
2019-09-25 05:36:42,417 [RatisPipelineUtilsThread] INFO  pipeline.PipelineStateManager (PipelineStateManager.java:addPipeline(56)) - Created pipeline Pipeline[ Id: e0fef959-e3f5-492d-a27f-e8d38d3a1dbe, Nodes: 2cc4f5f9-5dd4-4066-9743-dfede0a56e57{ip: 192.168.164.207, host: pr-hdds-1569-s44lr-3492059363, networkLocation: /rack1, certSerialId: null}, Type:RATIS, Factor:ONE, State:OPEN]
2019-09-25 05:36:42,430 [grpc-default-executor-1] INFO  impl.RaftServerProxy (RaftServerProxy.java:addNew(89)) - 41c47655-c730-4efc-9be2-c06f510e0f0d: addNew group-4F3AD058407A:[41c47655-c730-4efc-9be2-c06f510e0f0d:192.168.164.207:35700] returns group-4F3AD058407A:java.util.concurrent.CompletableFuture@3bb8ba6d[Not completed]
2019-09-25 05:36:42,432 [pool-32-thread-1] INFO  impl.RaftServerImpl (RaftServerImpl.java:<init>(95)) - 41c47655-c730-4efc-9be2-c06f510e0f0d: new RaftServerImpl for group-4F3AD058407A:[41c47655-c730-4efc-9be2-c06f510e0f0d:192.168.164.207:35700] with ContainerStateMachine:uninitialized
2019-09-25 05:36:42,432 [pool-32-thread-1] INFO  server.RaftServerConfigKeys (ConfUtils.java:logGet(43)) - raft.server.rpc.timeout.min = 5s (custom)
2019-09-25 05:36:42,432 [pool-32-thread-1] INFO  server.RaftServerConfigKeys (ConfUtils.java:logGet(43)) - raft.server.rpc.timeout.max = 5200ms (custom)
2019-09-25 05:36:42,432 [pool-32-thread-1] INFO  server.RaftServerConfigKeys (ConfUtils.java:logGet(43)) - raft.server.rpcslowness.timeout = 120s (custom)
2019-09-25 05:36:42,432 [pool-32-thread-1] INFO  server.RaftServerConfigKeys (ConfUtils.java:logGet(43)) - raft.server.sleep.deviation.threshold = 300 (default)
2019-09-25 05:36:42,432 [pool-32-thread-1] INFO  server.RaftServerConfigKeys (ConfUtils.java:logGet(43)) - raft.server.log.appender.install.snapshot.enabled = false (custom)
2019-09-25 05:36:42,432 [pool-32-thread-1] INFO  impl.RaftServerImpl (ServerState.java:<init>(103)) - 41c47655-c730-4efc-9be2-c06f510e0f0d@group-4F3AD058407A: ConfigurationManager, init=-1: [41c47655-c730-4efc-9be2-c06f510e0f0d:192.168.164.207:35700], old=null, confs=<EMPTY_MAP>
2019-09-25 05:36:42,432 [pool-32-thread-1] INFO  server.RaftServerConfigKeys (ConfUtils.java:logGet(43)) - raft.server.storage.dir = [/workdir/hadoop-ozone/integration-test/target/test-dir/MiniOzoneClusterImpl-29dc12d8-8e72-470a-a134-d73b6532f6c9/datanode-0/data/ratis] (custom)
2019-09-25 05:36:42,433 [pool-32-thread-1] INFO  storage.RaftStorageDirectory (RaftStorageDirectory.java:analyzeStorage(246)) - The storage directory /workdir/hadoop-ozone/integration-test/target/test-dir/MiniOzoneClusterImpl-29dc12d8-8e72-470a-a134-d73b6532f6c9/datanode-0/data/ratis/8f4b9235-e240-498a-8dc8-4f3ad058407a does not exist. Creating ...
2019-09-25 05:36:42,446 [pool-32-thread-1] INFO  storage.RaftStorageDirectory (RaftStorageDirectory.java:tryLock(328)) - Lock on /workdir/hadoop-ozone/integration-test/target/test-dir/MiniOzoneClusterImpl-29dc12d8-8e72-470a-a134-d73b6532f6c9/datanode-0/data/ratis/8f4b9235-e240-498a-8dc8-4f3ad058407a/in_use.lock acquired by nodename 26488@pr-hdds-1569-s44lr-3492059363
2019-09-25 05:36:42,458 [pool-32-thread-1] INFO  storage.RaftStorage (RaftStorage.java:format(72)) - Storage directory /workdir/hadoop-ozone/integration-test/target/test-dir/MiniOzoneClusterImpl-29dc12d8-8e72-470a-a134-d73b6532f6c9/datanode-0/data/ratis/8f4b9235-e240-498a-8dc8-4f3ad058407a has been successfully formatted.
2019-09-25 05:36:42,458 [pool-32-thread-1] INFO  ratis.ContainerStateMachine (ContainerStateMachine.java:loadSnapshot(230)) - group-4F3AD058407A: The snapshot info is null. Setting the last applied indexto:(t:0, i:~)
2019-09-25 05:36:42,459 [pool-32-thread-1] INFO  server.RaftServerConfigKeys (ConfUtils.java:logGet(43)) - raft.server.notification.no-leader.timeout = 120s (custom)
2019-09-25 05:36:42,459 [pool-32-thread-1] INFO  server.RaftServerConfigKeys (ConfUtils.java:logGet(43)) - raft.server.log.use.memory = false (default)
2019-09-25 05:36:42,459 [pool-32-thread-1] INFO  server.RaftServerConfigKeys (ConfUtils.java:logGet(43)) - raft.server.log.purge.gap = 1000000 (custom)
2019-09-25 05:36:42,459 [pool-32-thread-1] INFO  server.RaftServerConfigKeys (ConfUtils.java:logGet(43)) - raft.server.log.appender.buffer.byte-limit = 33554432 (custom)
2019-09-25 05:36:42,459 [pool-32-thread-1] INFO  server.RaftServerConfigKeys (ConfUtils.java:logGet(43)) - raft.server.log.segment.size.max = 1048576 (custom)
2019-09-25 05:36:42,459 [pool-32-thread-1] INFO  server.RaftServerConfigKeys (ConfUtils.java:logGet(43)) - raft.server.log.segment.cache.num.max = 2 (custom)
2019-09-25 05:36:42,459 [pool-32-thread-1] INFO  segmented.SegmentedRaftLogWorker (SegmentedRaftLogWorker.java:<init>(172)) - new 41c47655-c730-4efc-9be2-c06f510e0f0d@group-4F3AD058407A-SegmentedRaftLogWorker for RaftStorage:Storage Directory /workdir/hadoop-ozone/integration-test/target/test-dir/MiniOzoneClusterImpl-29dc12d8-8e72-470a-a134-d73b6532f6c9/datanode-0/data/ratis/8f4b9235-e240-498a-8dc8-4f3ad058407a
2019-09-25 05:36:42,459 [pool-32-thread-1] INFO  server.RaftServerConfigKeys (ConfUtils.java:logGet(43)) - raft.server.log.queue.byte-limit = 2147483647 (custom)
2019-09-25 05:36:42,459 [pool-32-thread-1] INFO  server.RaftServerConfigKeys (ConfUtils.java:logGet(43)) - raft.server.log.queue.element-limit = 1024 (custom)
2019-09-25 05:36:42,460 [pool-32-thread-1] INFO  server.RaftServerConfigKeys (ConfUtils.java:logGet(43)) - raft.server.log.segment.size.max = 1048576 (custom)
2019-09-25 05:36:42,460 [pool-32-thread-1] INFO  server.RaftServerConfigKeys (ConfUtils.java:logGet(43)) - raft.server.log.preallocated.size = 16384 (custom)
2019-09-25 05:36:42,460 [pool-32-thread-1] INFO  server.RaftServerConfigKeys (ConfUtils.java:logGet(43)) - raft.server.log.write.buffer.size = 33554432 (custom)
2019-09-25 05:36:42,460 [pool-32-thread-1] INFO  server.RaftServerConfigKeys (ConfUtils.java:logGet(43)) - raft.server.log.force.sync.num = 128 (default)
2019-09-25 05:36:42,460 [pool-32-thread-1] INFO  server.RaftServerConfigKeys (ConfUtils.java:logGet(43)) - raft.server.log.statemachine.data.sync = true (default)
2019-09-25 05:36:42,460 [pool-32-thread-1] INFO  server.RaftServerConfigKeys (ConfUtils.java:logGet(43)) - raft.server.log.statemachine.data.sync.timeout = 10s (default)
2019-09-25 05:36:42,460 [pool-32-thread-1] INFO  server.RaftServerConfigKeys (ConfUtils.java:logGet(43)) - raft.server.log.statemachine.data.sync.timeout.retry = -1 (default)
2019-09-25 05:36:42,460 [pool-32-thread-1] INFO  server.RaftServerConfigKeys (ConfUtils.java:logGet(43)) - raft.server.log.statemachine.data.caching.enabled = true (custom)
2019-09-25 05:36:42,461 [pool-32-thread-1] INFO  segmented.SegmentedRaftLogWorker (SegmentedRaftLogWorker.java:lambda$new$0(132)) - 41c47655-c730-4efc-9be2-c06f510e0f0d@group-4F3AD058407A-SegmentedRaftLogWorker: flushIndex: setUnconditionally 0 -> -1
2019-09-25 05:36:42,461 [pool-32-thread-1] INFO  server.RaftServerConfigKeys (ConfUtils.java:logGet(43)) - raft.server.snapshot.auto.trigger.enabled = true (custom)
2019-09-25 05:36:42,461 [pool-32-thread-1] INFO  server.RaftServerConfigKeys (ConfUtils.java:logGet(43)) - raft.server.snapshot.auto.trigger.threshold = 10000 (custom)
2019-09-25 05:36:42,461 [pool-32-thread-1] INFO  server.RaftServerConfigKeys (ConfUtils.java:logGet(43)) - raft.server.snapshot.retention.num.files = 5 (custom)
2019-09-25 05:36:42,461 [pool-32-thread-1] INFO  server.RaftServerConfigKeys (ConfUtils.java:logGet(43)) - raft.server.retrycache.expirytime = 600000ms (custom)
2019-09-25 05:36:42,463 [pool-32-thread-1] INFO  impl.RaftServerImpl (RaftServerImpl.java:start(185)) - 41c47655-c730-4efc-9be2-c06f510e0f0d@group-4F3AD058407A: start as a follower, conf=-1: [41c47655-c730-4efc-9be2-c06f510e0f0d:192.168.164.207:35700], old=null
2019-09-25 05:36:42,463 [pool-32-thread-1] INFO  impl.RaftServerImpl (RaftServerImpl.java:setRole(174)) - 41c47655-c730-4efc-9be2-c06f510e0f0d@group-4F3AD058407A: changes role from      null to FOLLOWER at term 0 for startAsFollower
2019-09-25 05:36:42,463 [pool-32-thread-1] INFO  impl.RoleInfo (RoleInfo.java:updateAndGet(143)) - 41c47655-c730-4efc-9be2-c06f510e0f0d: start FollowerState
2019-09-25 05:36:42,464 [pool-32-thread-1] INFO  util.JmxRegister (JmxRegister.java:tryRegister(44)) - Successfully registered JMX Bean with object name Ratis:service=RaftServer,group=group-4F3AD058407A,id=41c47655-c730-4efc-9be2-c06f510e0f0d
2019-09-25 05:36:42,474 [RatisPipelineUtilsThread] INFO  pipeline.PipelineStateManager (PipelineStateManager.java:addPipeline(56)) - Created pipeline Pipeline[ Id: 8f4b9235-e240-498a-8dc8-4f3ad058407a, Nodes: 41c47655-c730-4efc-9be2-c06f510e0f0d{ip: 192.168.164.207, host: pr-hdds-1569-s44lr-3492059363, networkLocation: /rack1, certSerialId: null}, Type:RATIS, Factor:ONE, State:OPEN]
2019-09-25 05:36:42,488 [grpc-default-executor-1] INFO  impl.RaftServerProxy (RaftServerProxy.java:addNew(89)) - dce70d9e-b7b5-41e3-b2be-c4fe31afa812: addNew group-33607EB0FBC9:[dce70d9e-b7b5-41e3-b2be-c4fe31afa812:192.168.164.207:37367] returns group-33607EB0FBC9:java.util.concurrent.CompletableFuture@516b7743[Not completed]
2019-09-25 05:36:42,490 [pool-42-thread-1] INFO  impl.RaftServerImpl (RaftServerImpl.java:<init>(95)) - dce70d9e-b7b5-41e3-b2be-c4fe31afa812: new RaftServerImpl for group-33607EB0FBC9:[dce70d9e-b7b5-41e3-b2be-c4fe31afa812:192.168.164.207:37367] with ContainerStateMachine:uninitialized
2019-09-25 05:36:42,490 [pool-42-thread-1] INFO  server.RaftServerConfigKeys (ConfUtils.java:logGet(43)) - raft.server.rpc.timeout.min = 5s (custom)
2019-09-25 05:36:42,490 [pool-42-thread-1] INFO  server.RaftServerConfigKeys (ConfUtils.java:logGet(43)) - raft.server.rpc.timeout.max = 5200ms (custom)
2019-09-25 05:36:42,490 [pool-42-thread-1] INFO  server.RaftServerConfigKeys (ConfUtils.java:logGet(43)) - raft.server.rpcslowness.timeout = 120s (custom)
2019-09-25 05:36:42,491 [pool-42-thread-1] INFO  server.RaftServerConfigKeys (ConfUtils.java:logGet(43)) - raft.server.sleep.deviation.threshold = 300 (default)
2019-09-25 05:36:42,491 [pool-42-thread-1] INFO  server.RaftServerConfigKeys (ConfUtils.java:logGet(43)) - raft.server.log.appender.install.snapshot.enabled = false (custom)
2019-09-25 05:36:42,491 [pool-42-thread-1] INFO  impl.RaftServerImpl (ServerState.java:<init>(103)) - dce70d9e-b7b5-41e3-b2be-c4fe31afa812@group-33607EB0FBC9: ConfigurationManager, init=-1: [dce70d9e-b7b5-41e3-b2be-c4fe31afa812:192.168.164.207:37367], old=null, confs=<EMPTY_MAP>
2019-09-25 05:36:42,491 [pool-42-thread-1] INFO  server.RaftServerConfigKeys (ConfUtils.java:logGet(43)) - raft.server.storage.dir = [/workdir/hadoop-ozone/integration-test/target/test-dir/MiniOzoneClusterImpl-29dc12d8-8e72-470a-a134-d73b6532f6c9/datanode-1/data/ratis] (custom)
2019-09-25 05:36:42,491 [pool-42-thread-1] INFO  storage.RaftStorageDirectory (RaftStorageDirectory.java:analyzeStorage(246)) - The storage directory /workdir/hadoop-ozone/integration-test/target/test-dir/MiniOzoneClusterImpl-29dc12d8-8e72-470a-a134-d73b6532f6c9/datanode-1/data/ratis/943734b3-d304-4fbf-bdab-33607eb0fbc9 does not exist. Creating ...
2019-09-25 05:36:42,505 [pool-42-thread-1] INFO  storage.RaftStorageDirectory (RaftStorageDirectory.java:tryLock(328)) - Lock on /workdir/hadoop-ozone/integration-test/target/test-dir/MiniOzoneClusterImpl-29dc12d8-8e72-470a-a134-d73b6532f6c9/datanode-1/data/ratis/943734b3-d304-4fbf-bdab-33607eb0fbc9/in_use.lock acquired by nodename 26488@pr-hdds-1569-s44lr-3492059363
2019-09-25 05:36:42,518 [pool-42-thread-1] INFO  storage.RaftStorage (RaftStorage.java:format(72)) - Storage directory /workdir/hadoop-ozone/integration-test/target/test-dir/MiniOzoneClusterImpl-29dc12d8-8e72-470a-a134-d73b6532f6c9/datanode-1/data/ratis/943734b3-d304-4fbf-bdab-33607eb0fbc9 has been successfully formatted.
2019-09-25 05:36:42,518 [pool-42-thread-1] INFO  ratis.ContainerStateMachine (ContainerStateMachine.java:loadSnapshot(230)) - group-33607EB0FBC9: The snapshot info is null. Setting the last applied indexto:(t:0, i:~)
2019-09-25 05:36:42,518 [pool-42-thread-1] INFO  server.RaftServerConfigKeys (ConfUtils.java:logGet(43)) - raft.server.notification.no-leader.timeout = 120s (custom)
2019-09-25 05:36:42,519 [pool-42-thread-1] INFO  server.RaftServerConfigKeys (ConfUtils.java:logGet(43)) - raft.server.log.use.memory = false (default)
2019-09-25 05:36:42,519 [pool-42-thread-1] INFO  server.RaftServerConfigKeys (ConfUtils.java:logGet(43)) - raft.server.log.purge.gap = 1000000 (custom)
2019-09-25 05:36:42,519 [pool-42-thread-1] INFO  server.RaftServerConfigKeys (ConfUtils.java:logGet(43)) - raft.server.log.appender.buffer.byte-limit = 33554432 (custom)
2019-09-25 05:36:42,519 [pool-42-thread-1] INFO  server.RaftServerConfigKeys (ConfUtils.java:logGet(43)) - raft.server.log.segment.size.max = 1048576 (custom)
2019-09-25 05:36:42,519 [pool-42-thread-1] INFO  server.RaftServerConfigKeys (ConfUtils.java:logGet(43)) - raft.server.log.segment.cache.num.max = 2 (custom)
2019-09-25 05:36:42,520 [pool-42-thread-1] INFO  segmented.SegmentedRaftLogWorker (SegmentedRaftLogWorker.java:<init>(172)) - new dce70d9e-b7b5-41e3-b2be-c4fe31afa812@group-33607EB0FBC9-SegmentedRaftLogWorker for RaftStorage:Storage Directory /workdir/hadoop-ozone/integration-test/target/test-dir/MiniOzoneClusterImpl-29dc12d8-8e72-470a-a134-d73b6532f6c9/datanode-1/data/ratis/943734b3-d304-4fbf-bdab-33607eb0fbc9
2019-09-25 05:36:42,520 [pool-42-thread-1] INFO  server.RaftServerConfigKeys (ConfUtils.java:logGet(43)) - raft.server.log.queue.byte-limit = 2147483647 (custom)
2019-09-25 05:36:42,520 [pool-42-thread-1] INFO  server.RaftServerConfigKeys (ConfUtils.java:logGet(43)) - raft.server.log.queue.element-limit = 1024 (custom)
2019-09-25 05:36:42,520 [pool-42-thread-1] INFO  server.RaftServerConfigKeys (ConfUtils.java:logGet(43)) - raft.server.log.segment.size.max = 1048576 (custom)
2019-09-25 05:36:42,520 [pool-42-thread-1] INFO  server.RaftServerConfigKeys (ConfUtils.java:logGet(43)) - raft.server.log.preallocated.size = 16384 (custom)
2019-09-25 05:36:42,520 [pool-42-thread-1] INFO  server.RaftServerConfigKeys (ConfUtils.java:logGet(43)) - raft.server.log.write.buffer.size = 33554432 (custom)
2019-09-25 05:36:42,521 [pool-42-thread-1] INFO  server.RaftServerConfigKeys (ConfUtils.java:logGet(43)) - raft.server.log.force.sync.num = 128 (default)
2019-09-25 05:36:42,521 [pool-42-thread-1] INFO  server.RaftServerConfigKeys (ConfUtils.java:logGet(43)) - raft.server.log.statemachine.data.sync = true (default)
2019-09-25 05:36:42,521 [pool-42-thread-1] INFO  server.RaftServerConfigKeys (ConfUtils.java:logGet(43)) - raft.server.log.statemachine.data.sync.timeout = 10s (default)
2019-09-25 05:36:42,521 [pool-42-thread-1] INFO  server.RaftServerConfigKeys (ConfUtils.java:logGet(43)) - raft.server.log.statemachine.data.sync.timeout.retry = -1 (default)
2019-09-25 05:36:42,521 [pool-42-thread-1] INFO  server.RaftServerConfigKeys (ConfUtils.java:logGet(43)) - raft.server.log.statemachine.data.caching.enabled = true (custom)
2019-09-25 05:36:42,522 [pool-42-thread-1] INFO  segmented.SegmentedRaftLogWorker (SegmentedRaftLogWorker.java:lambda$new$0(132)) - dce70d9e-b7b5-41e3-b2be-c4fe31afa812@group-33607EB0FBC9-SegmentedRaftLogWorker: flushIndex: setUnconditionally 0 -> -1
2019-09-25 05:36:42,522 [pool-42-thread-1] INFO  server.RaftServerConfigKeys (ConfUtils.java:logGet(43)) - raft.server.snapshot.auto.trigger.enabled = true (custom)
2019-09-25 05:36:42,522 [pool-42-thread-1] INFO  server.RaftServerConfigKeys (ConfUtils.java:logGet(43)) - raft.server.snapshot.auto.trigger.threshold = 10000 (custom)
2019-09-25 05:36:42,522 [pool-42-thread-1] INFO  server.RaftServerConfigKeys (ConfUtils.java:logGet(43)) - raft.server.snapshot.retention.num.files = 5 (custom)
2019-09-25 05:36:42,523 [pool-42-thread-1] INFO  server.RaftServerConfigKeys (ConfUtils.java:logGet(43)) - raft.server.retrycache.expirytime = 600000ms (custom)
2019-09-25 05:36:42,525 [pool-42-thread-1] INFO  impl.RaftServerImpl (RaftServerImpl.java:start(185)) - dce70d9e-b7b5-41e3-b2be-c4fe31afa812@group-33607EB0FBC9: start as a follower, conf=-1: [dce70d9e-b7b5-41e3-b2be-c4fe31afa812:192.168.164.207:37367], old=null
2019-09-25 05:36:42,526 [pool-42-thread-1] INFO  impl.RaftServerImpl (RaftServerImpl.java:setRole(174)) - dce70d9e-b7b5-41e3-b2be-c4fe31afa812@group-33607EB0FBC9: changes role from      null to FOLLOWER at term 0 for startAsFollower
2019-09-25 05:36:42,526 [pool-42-thread-1] INFO  impl.RoleInfo (RoleInfo.java:updateAndGet(143)) - dce70d9e-b7b5-41e3-b2be-c4fe31afa812: start FollowerState
2019-09-25 05:36:42,526 [pool-42-thread-1] INFO  util.JmxRegister (JmxRegister.java:tryRegister(44)) - Successfully registered JMX Bean with object name Ratis:service=RaftServer,group=group-33607EB0FBC9,id=dce70d9e-b7b5-41e3-b2be-c4fe31afa812
2019-09-25 05:36:42,537 [RatisPipelineUtilsThread] INFO  pipeline.PipelineStateManager (PipelineStateManager.java:addPipeline(56)) - Created pipeline Pipeline[ Id: 943734b3-d304-4fbf-bdab-33607eb0fbc9, Nodes: dce70d9e-b7b5-41e3-b2be-c4fe31afa812{ip: 192.168.164.207, host: pr-hdds-1569-s44lr-3492059363, networkLocation: /rack1, certSerialId: null}, Type:RATIS, Factor:ONE, State:OPEN]
2019-09-25 05:36:42,550 [grpc-default-executor-1] INFO  impl.RaftServerProxy (RaftServerProxy.java:addNew(89)) - 41c47655-c730-4efc-9be2-c06f510e0f0d: addNew group-C52DCAC42A3E:[41c47655-c730-4efc-9be2-c06f510e0f0d:192.168.164.207:35700] returns group-C52DCAC42A3E:java.util.concurrent.CompletableFuture@5fdece7d[Not completed]
2019-09-25 05:36:42,551 [pool-32-thread-1] INFO  impl.RaftServerImpl (RaftServerImpl.java:<init>(95)) - 41c47655-c730-4efc-9be2-c06f510e0f0d: new RaftServerImpl for group-C52DCAC42A3E:[41c47655-c730-4efc-9be2-c06f510e0f0d:192.168.164.207:35700] with ContainerStateMachine:uninitialized
2019-09-25 05:36:42,552 [pool-32-thread-1] INFO  server.RaftServerConfigKeys (ConfUtils.java:logGet(43)) - raft.server.rpc.timeout.min = 5s (custom)
2019-09-25 05:36:42,552 [pool-32-thread-1] INFO  server.RaftServerConfigKeys (ConfUtils.java:logGet(43)) - raft.server.rpc.timeout.max = 5200ms (custom)
2019-09-25 05:36:42,552 [pool-32-thread-1] INFO  server.RaftServerConfigKeys (ConfUtils.java:logGet(43)) - raft.server.rpcslowness.timeout = 120s (custom)
2019-09-25 05:36:42,552 [pool-32-thread-1] INFO  server.RaftServerConfigKeys (ConfUtils.java:logGet(43)) - raft.server.sleep.deviation.threshold = 300 (default)
2019-09-25 05:36:42,553 [pool-32-thread-1] INFO  server.RaftServerConfigKeys (ConfUtils.java:logGet(43)) - raft.server.log.appender.install.snapshot.enabled = false (custom)
2019-09-25 05:36:42,553 [pool-32-thread-1] INFO  impl.RaftServerImpl (ServerState.java:<init>(103)) - 41c47655-c730-4efc-9be2-c06f510e0f0d@group-C52DCAC42A3E: ConfigurationManager, init=-1: [41c47655-c730-4efc-9be2-c06f510e0f0d:192.168.164.207:35700], old=null, confs=<EMPTY_MAP>
2019-09-25 05:36:42,553 [pool-32-thread-1] INFO  server.RaftServerConfigKeys (ConfUtils.java:logGet(43)) - raft.server.storage.dir = [/workdir/hadoop-ozone/integration-test/target/test-dir/MiniOzoneClusterImpl-29dc12d8-8e72-470a-a134-d73b6532f6c9/datanode-0/data/ratis] (custom)
2019-09-25 05:36:42,553 [pool-32-thread-1] INFO  storage.RaftStorageDirectory (RaftStorageDirectory.java:analyzeStorage(246)) - The storage directory /workdir/hadoop-ozone/integration-test/target/test-dir/MiniOzoneClusterImpl-29dc12d8-8e72-470a-a134-d73b6532f6c9/datanode-0/data/ratis/2bc47d3e-a346-4635-93d5-c52dcac42a3e does not exist. Creating ...
2019-09-25 05:36:42,567 [pool-32-thread-1] INFO  storage.RaftStorageDirectory (RaftStorageDirectory.java:tryLock(328)) - Lock on /workdir/hadoop-ozone/integration-test/target/test-dir/MiniOzoneClusterImpl-29dc12d8-8e72-470a-a134-d73b6532f6c9/datanode-0/data/ratis/2bc47d3e-a346-4635-93d5-c52dcac42a3e/in_use.lock acquired by nodename 26488@pr-hdds-1569-s44lr-3492059363
2019-09-25 05:36:42,580 [pool-32-thread-1] INFO  storage.RaftStorage (RaftStorage.java:format(72)) - Storage directory /workdir/hadoop-ozone/integration-test/target/test-dir/MiniOzoneClusterImpl-29dc12d8-8e72-470a-a134-d73b6532f6c9/datanode-0/data/ratis/2bc47d3e-a346-4635-93d5-c52dcac42a3e has been successfully formatted.
2019-09-25 05:36:42,580 [pool-32-thread-1] INFO  ratis.ContainerStateMachine (ContainerStateMachine.java:loadSnapshot(230)) - group-C52DCAC42A3E: The snapshot info is null. Setting the last applied indexto:(t:0, i:~)
2019-09-25 05:36:42,581 [pool-32-thread-1] INFO  server.RaftServerConfigKeys (ConfUtils.java:logGet(43)) - raft.server.notification.no-leader.timeout = 120s (custom)
2019-09-25 05:36:42,581 [pool-32-thread-1] INFO  server.RaftServerConfigKeys (ConfUtils.java:logGet(43)) - raft.server.log.use.memory = false (default)
2019-09-25 05:36:42,581 [pool-32-thread-1] INFO  server.RaftServerConfigKeys (ConfUtils.java:logGet(43)) - raft.server.log.purge.gap = 1000000 (custom)
2019-09-25 05:36:42,581 [pool-32-thread-1] INFO  server.RaftServerConfigKeys (ConfUtils.java:logGet(43)) - raft.server.log.appender.buffer.byte-limit = 33554432 (custom)
2019-09-25 05:36:42,581 [pool-32-thread-1] INFO  server.RaftServerConfigKeys (ConfUtils.java:logGet(43)) - raft.server.log.segment.size.max = 1048576 (custom)
2019-09-25 05:36:42,582 [pool-32-thread-1] INFO  server.RaftServerConfigKeys (ConfUtils.java:logGet(43)) - raft.server.log.segment.cache.num.max = 2 (custom)
2019-09-25 05:36:42,582 [pool-32-thread-1] INFO  segmented.SegmentedRaftLogWorker (SegmentedRaftLogWorker.java:<init>(172)) - new 41c47655-c730-4efc-9be2-c06f510e0f0d@group-C52DCAC42A3E-SegmentedRaftLogWorker for RaftStorage:Storage Directory /workdir/hadoop-ozone/integration-test/target/test-dir/MiniOzoneClusterImpl-29dc12d8-8e72-470a-a134-d73b6532f6c9/datanode-0/data/ratis/2bc47d3e-a346-4635-93d5-c52dcac42a3e
2019-09-25 05:36:42,582 [pool-32-thread-1] INFO  server.RaftServerConfigKeys (ConfUtils.java:logGet(43)) - raft.server.log.queue.byte-limit = 2147483647 (custom)
2019-09-25 05:36:42,582 [pool-32-thread-1] INFO  server.RaftServerConfigKeys (ConfUtils.java:logGet(43)) - raft.server.log.queue.element-limit = 1024 (custom)
2019-09-25 05:36:42,582 [pool-32-thread-1] INFO  server.RaftServerConfigKeys (ConfUtils.java:logGet(43)) - raft.server.log.segment.size.max = 1048576 (custom)
2019-09-25 05:36:42,582 [pool-32-thread-1] INFO  server.RaftServerConfigKeys (ConfUtils.java:logGet(43)) - raft.server.log.preallocated.size = 16384 (custom)
2019-09-25 05:36:42,583 [pool-32-thread-1] INFO  server.RaftServerConfigKeys (ConfUtils.java:logGet(43)) - raft.server.log.write.buffer.size = 33554432 (custom)
2019-09-25 05:36:42,583 [pool-32-thread-1] INFO  server.RaftServerConfigKeys (ConfUtils.java:logGet(43)) - raft.server.log.force.sync.num = 128 (default)
2019-09-25 05:36:42,583 [pool-32-thread-1] INFO  server.RaftServerConfigKeys (ConfUtils.java:logGet(43)) - raft.server.log.statemachine.data.sync = true (default)
2019-09-25 05:36:42,583 [pool-32-thread-1] INFO  server.RaftServerConfigKeys (ConfUtils.java:logGet(43)) - raft.server.log.statemachine.data.sync.timeout = 10s (default)
2019-09-25 05:36:42,583 [pool-32-thread-1] INFO  server.RaftServerConfigKeys (ConfUtils.java:logGet(43)) - raft.server.log.statemachine.data.sync.timeout.retry = -1 (default)
2019-09-25 05:36:42,584 [pool-32-thread-1] INFO  server.RaftServerConfigKeys (ConfUtils.java:logGet(43)) - raft.server.log.statemachine.data.caching.enabled = true (custom)
2019-09-25 05:36:42,584 [pool-32-thread-1] INFO  segmented.SegmentedRaftLogWorker (SegmentedRaftLogWorker.java:lambda$new$0(132)) - 41c47655-c730-4efc-9be2-c06f510e0f0d@group-C52DCAC42A3E-SegmentedRaftLogWorker: flushIndex: setUnconditionally 0 -> -1
2019-09-25 05:36:42,584 [pool-32-thread-1] INFO  server.RaftServerConfigKeys (ConfUtils.java:logGet(43)) - raft.server.snapshot.auto.trigger.enabled = true (custom)
2019-09-25 05:36:42,585 [pool-32-thread-1] INFO  server.RaftServerConfigKeys (ConfUtils.java:logGet(43)) - raft.server.snapshot.auto.trigger.threshold = 10000 (custom)
2019-09-25 05:36:42,585 [pool-32-thread-1] INFO  server.RaftServerConfigKeys (ConfUtils.java:logGet(43)) - raft.server.snapshot.retention.num.files = 5 (custom)
2019-09-25 05:36:42,585 [pool-32-thread-1] INFO  server.RaftServerConfigKeys (ConfUtils.java:logGet(43)) - raft.server.retrycache.expirytime = 600000ms (custom)
2019-09-25 05:36:42,588 [pool-32-thread-1] INFO  impl.RaftServerImpl (RaftServerImpl.java:start(185)) - 41c47655-c730-4efc-9be2-c06f510e0f0d@group-C52DCAC42A3E: start as a follower, conf=-1: [41c47655-c730-4efc-9be2-c06f510e0f0d:192.168.164.207:35700], old=null
2019-09-25 05:36:42,588 [pool-32-thread-1] INFO  impl.RaftServerImpl (RaftServerImpl.java:setRole(174)) - 41c47655-c730-4efc-9be2-c06f510e0f0d@group-C52DCAC42A3E: changes role from      null to FOLLOWER at term 0 for startAsFollower
2019-09-25 05:36:42,588 [pool-32-thread-1] INFO  impl.RoleInfo (RoleInfo.java:updateAndGet(143)) - 41c47655-c730-4efc-9be2-c06f510e0f0d: start FollowerState
2019-09-25 05:36:42,589 [pool-32-thread-1] INFO  util.JmxRegister (JmxRegister.java:tryRegister(44)) - Successfully registered JMX Bean with object name Ratis:service=RaftServer,group=group-C52DCAC42A3E,id=41c47655-c730-4efc-9be2-c06f510e0f0d
2019-09-25 05:36:42,598 [RatisPipelineUtilsThread] INFO  pipeline.PipelineStateManager (PipelineStateManager.java:addPipeline(56)) - Created pipeline Pipeline[ Id: 2bc47d3e-a346-4635-93d5-c52dcac42a3e, Nodes: 41c47655-c730-4efc-9be2-c06f510e0f0d{ip: 192.168.164.207, host: pr-hdds-1569-s44lr-3492059363, networkLocation: /rack1, certSerialId: null}, Type:RATIS, Factor:ONE, State:OPEN]
2019-09-25 05:36:42,613 [grpc-default-executor-1] INFO  impl.RaftServerProxy (RaftServerProxy.java:addNew(89)) - 2cc4f5f9-5dd4-4066-9743-dfede0a56e57: addNew group-B2D7684C4B91:[2cc4f5f9-5dd4-4066-9743-dfede0a56e57:192.168.164.207:35178] returns group-B2D7684C4B91:java.util.concurrent.CompletableFuture@380e7b6e[Not completed]
2019-09-25 05:36:42,615 [pool-52-thread-1] INFO  impl.RaftServerImpl (RaftServerImpl.java:<init>(95)) - 2cc4f5f9-5dd4-4066-9743-dfede0a56e57: new RaftServerImpl for group-B2D7684C4B91:[2cc4f5f9-5dd4-4066-9743-dfede0a56e57:192.168.164.207:35178] with ContainerStateMachine:uninitialized
2019-09-25 05:36:42,615 [pool-52-thread-1] INFO  server.RaftServerConfigKeys (ConfUtils.java:logGet(43)) - raft.server.rpc.timeout.min = 5s (custom)
2019-09-25 05:36:42,615 [pool-52-thread-1] INFO  server.RaftServerConfigKeys (ConfUtils.java:logGet(43)) - raft.server.rpc.timeout.max = 5200ms (custom)
2019-09-25 05:36:42,616 [pool-52-thread-1] INFO  server.RaftServerConfigKeys (ConfUtils.java:logGet(43)) - raft.server.rpcslowness.timeout = 120s (custom)
2019-09-25 05:36:42,616 [pool-52-thread-1] INFO  server.RaftServerConfigKeys (ConfUtils.java:logGet(43)) - raft.server.sleep.deviation.threshold = 300 (default)
2019-09-25 05:36:42,616 [pool-52-thread-1] INFO  server.RaftServerConfigKeys (ConfUtils.java:logGet(43)) - raft.server.log.appender.install.snapshot.enabled = false (custom)
2019-09-25 05:36:42,616 [pool-52-thread-1] INFO  impl.RaftServerImpl (ServerState.java:<init>(103)) - 2cc4f5f9-5dd4-4066-9743-dfede0a56e57@group-B2D7684C4B91: ConfigurationManager, init=-1: [2cc4f5f9-5dd4-4066-9743-dfede0a56e57:192.168.164.207:35178], old=null, confs=<EMPTY_MAP>
2019-09-25 05:36:42,616 [pool-52-thread-1] INFO  server.RaftServerConfigKeys (ConfUtils.java:logGet(43)) - raft.server.storage.dir = [/workdir/hadoop-ozone/integration-test/target/test-dir/MiniOzoneClusterImpl-29dc12d8-8e72-470a-a134-d73b6532f6c9/datanode-2/data/ratis] (custom)
2019-09-25 05:36:42,617 [pool-52-thread-1] INFO  storage.RaftStorageDirectory (RaftStorageDirectory.java:analyzeStorage(246)) - The storage directory /workdir/hadoop-ozone/integration-test/target/test-dir/MiniOzoneClusterImpl-29dc12d8-8e72-470a-a134-d73b6532f6c9/datanode-2/data/ratis/7d10e715-8ba0-4c5b-99ca-b2d7684c4b91 does not exist. Creating ...
2019-09-25 05:36:42,630 [pool-52-thread-1] INFO  storage.RaftStorageDirectory (RaftStorageDirectory.java:tryLock(328)) - Lock on /workdir/hadoop-ozone/integration-test/target/test-dir/MiniOzoneClusterImpl-29dc12d8-8e72-470a-a134-d73b6532f6c9/datanode-2/data/ratis/7d10e715-8ba0-4c5b-99ca-b2d7684c4b91/in_use.lock acquired by nodename 26488@pr-hdds-1569-s44lr-3492059363
2019-09-25 05:36:42,653 [pool-52-thread-1] INFO  storage.RaftStorage (RaftStorage.java:format(72)) - Storage directory /workdir/hadoop-ozone/integration-test/target/test-dir/MiniOzoneClusterImpl-29dc12d8-8e72-470a-a134-d73b6532f6c9/datanode-2/data/ratis/7d10e715-8ba0-4c5b-99ca-b2d7684c4b91 has been successfully formatted.
2019-09-25 05:36:42,654 [pool-52-thread-1] INFO  ratis.ContainerStateMachine (ContainerStateMachine.java:loadSnapshot(230)) - group-B2D7684C4B91: The snapshot info is null. Setting the last applied indexto:(t:0, i:~)
2019-09-25 05:36:42,654 [pool-52-thread-1] INFO  server.RaftServerConfigKeys (ConfUtils.java:logGet(43)) - raft.server.notification.no-leader.timeout = 120s (custom)
2019-09-25 05:36:42,655 [pool-52-thread-1] INFO  server.RaftServerConfigKeys (ConfUtils.java:logGet(43)) - raft.server.log.use.memory = false (default)
2019-09-25 05:36:42,655 [pool-52-thread-1] INFO  server.RaftServerConfigKeys (ConfUtils.java:logGet(43)) - raft.server.log.purge.gap = 1000000 (custom)
2019-09-25 05:36:42,655 [pool-52-thread-1] INFO  server.RaftServerConfigKeys (ConfUtils.java:logGet(43)) - raft.server.log.appender.buffer.byte-limit = 33554432 (custom)
2019-09-25 05:36:42,655 [pool-52-thread-1] INFO  server.RaftServerConfigKeys (ConfUtils.java:logGet(43)) - raft.server.log.segment.size.max = 1048576 (custom)
2019-09-25 05:36:42,655 [pool-52-thread-1] INFO  server.RaftServerConfigKeys (ConfUtils.java:logGet(43)) - raft.server.log.segment.cache.num.max = 2 (custom)
2019-09-25 05:36:42,656 [pool-52-thread-1] INFO  segmented.SegmentedRaftLogWorker (SegmentedRaftLogWorker.java:<init>(172)) - new 2cc4f5f9-5dd4-4066-9743-dfede0a56e57@group-B2D7684C4B91-SegmentedRaftLogWorker for RaftStorage:Storage Directory /workdir/hadoop-ozone/integration-test/target/test-dir/MiniOzoneClusterImpl-29dc12d8-8e72-470a-a134-d73b6532f6c9/datanode-2/data/ratis/7d10e715-8ba0-4c5b-99ca-b2d7684c4b91
2019-09-25 05:36:42,656 [pool-52-thread-1] INFO  server.RaftServerConfigKeys (ConfUtils.java:logGet(43)) - raft.server.log.queue.byte-limit = 2147483647 (custom)
2019-09-25 05:36:42,656 [pool-52-thread-1] INFO  server.RaftServerConfigKeys (ConfUtils.java:logGet(43)) - raft.server.log.queue.element-limit = 1024 (custom)
2019-09-25 05:36:42,656 [pool-52-thread-1] INFO  server.RaftServerConfigKeys (ConfUtils.java:logGet(43)) - raft.server.log.segment.size.max = 1048576 (custom)
2019-09-25 05:36:42,656 [pool-52-thread-1] INFO  server.RaftServerConfigKeys (ConfUtils.java:logGet(43)) - raft.server.log.preallocated.size = 16384 (custom)
2019-09-25 05:36:42,657 [pool-52-thread-1] INFO  server.RaftServerConfigKeys (ConfUtils.java:logGet(43)) - raft.server.log.write.buffer.size = 33554432 (custom)
2019-09-25 05:36:42,657 [pool-52-thread-1] INFO  server.RaftServerConfigKeys (ConfUtils.java:logGet(43)) - raft.server.log.force.sync.num = 128 (default)
2019-09-25 05:36:42,657 [pool-52-thread-1] INFO  server.RaftServerConfigKeys (ConfUtils.java:logGet(43)) - raft.server.log.statemachine.data.sync = true (default)
2019-09-25 05:36:42,657 [pool-52-thread-1] INFO  server.RaftServerConfigKeys (ConfUtils.java:logGet(43)) - raft.server.log.statemachine.data.sync.timeout = 10s (default)
2019-09-25 05:36:42,657 [pool-52-thread-1] INFO  server.RaftServerConfigKeys (ConfUtils.java:logGet(43)) - raft.server.log.statemachine.data.sync.timeout.retry = -1 (default)
2019-09-25 05:36:42,657 [pool-52-thread-1] INFO  server.RaftServerConfigKeys (ConfUtils.java:logGet(43)) - raft.server.log.statemachine.data.caching.enabled = true (custom)
2019-09-25 05:36:42,658 [pool-52-thread-1] INFO  segmented.SegmentedRaftLogWorker (SegmentedRaftLogWorker.java:lambda$new$0(132)) - 2cc4f5f9-5dd4-4066-9743-dfede0a56e57@group-B2D7684C4B91-SegmentedRaftLogWorker: flushIndex: setUnconditionally 0 -> -1
2019-09-25 05:36:42,658 [pool-52-thread-1] INFO  server.RaftServerConfigKeys (ConfUtils.java:logGet(43)) - raft.server.snapshot.auto.trigger.enabled = true (custom)
2019-09-25 05:36:42,658 [pool-52-thread-1] INFO  server.RaftServerConfigKeys (ConfUtils.java:logGet(43)) - raft.server.snapshot.auto.trigger.threshold = 10000 (custom)
2019-09-25 05:36:42,658 [pool-52-thread-1] INFO  server.RaftServerConfigKeys (ConfUtils.java:logGet(43)) - raft.server.snapshot.retention.num.files = 5 (custom)
2019-09-25 05:36:42,659 [pool-52-thread-1] INFO  server.RaftServerConfigKeys (ConfUtils.java:logGet(43)) - raft.server.retrycache.expirytime = 600000ms (custom)
2019-09-25 05:36:42,661 [pool-52-thread-1] INFO  impl.RaftServerImpl (RaftServerImpl.java:start(185)) - 2cc4f5f9-5dd4-4066-9743-dfede0a56e57@group-B2D7684C4B91: start as a follower, conf=-1: [2cc4f5f9-5dd4-4066-9743-dfede0a56e57:192.168.164.207:35178], old=null
2019-09-25 05:36:42,662 [pool-52-thread-1] INFO  impl.RaftServerImpl (RaftServerImpl.java:setRole(174)) - 2cc4f5f9-5dd4-4066-9743-dfede0a56e57@group-B2D7684C4B91: changes role from      null to FOLLOWER at term 0 for startAsFollower
2019-09-25 05:36:42,662 [pool-52-thread-1] INFO  impl.RoleInfo (RoleInfo.java:updateAndGet(143)) - 2cc4f5f9-5dd4-4066-9743-dfede0a56e57: start FollowerState
2019-09-25 05:36:42,662 [pool-52-thread-1] INFO  util.JmxRegister (JmxRegister.java:tryRegister(44)) - Successfully registered JMX Bean with object name Ratis:service=RaftServer,group=group-B2D7684C4B91,id=2cc4f5f9-5dd4-4066-9743-dfede0a56e57
2019-09-25 05:36:42,671 [RatisPipelineUtilsThread] INFO  pipeline.PipelineStateManager (PipelineStateManager.java:addPipeline(56)) - Created pipeline Pipeline[ Id: 7d10e715-8ba0-4c5b-99ca-b2d7684c4b91, Nodes: 2cc4f5f9-5dd4-4066-9743-dfede0a56e57{ip: 192.168.164.207, host: pr-hdds-1569-s44lr-3492059363, networkLocation: /rack1, certSerialId: null}, Type:RATIS, Factor:ONE, State:OPEN]
2019-09-25 05:36:42,683 [grpc-default-executor-1] INFO  impl.RaftServerProxy (RaftServerProxy.java:addNew(89)) - 41c47655-c730-4efc-9be2-c06f510e0f0d: addNew group-37D0686665B3:[41c47655-c730-4efc-9be2-c06f510e0f0d:192.168.164.207:35700] returns group-37D0686665B3:java.util.concurrent.CompletableFuture@6b240020[Not completed]
2019-09-25 05:36:42,684 [pool-32-thread-1] INFO  impl.RaftServerImpl (RaftServerImpl.java:<init>(95)) - 41c47655-c730-4efc-9be2-c06f510e0f0d: new RaftServerImpl for group-37D0686665B3:[41c47655-c730-4efc-9be2-c06f510e0f0d:192.168.164.207:35700] with ContainerStateMachine:uninitialized
2019-09-25 05:36:42,684 [pool-32-thread-1] INFO  server.RaftServerConfigKeys (ConfUtils.java:logGet(43)) - raft.server.rpc.timeout.min = 5s (custom)
2019-09-25 05:36:42,684 [pool-32-thread-1] INFO  server.RaftServerConfigKeys (ConfUtils.java:logGet(43)) - raft.server.rpc.timeout.max = 5200ms (custom)
2019-09-25 05:36:42,685 [pool-32-thread-1] INFO  server.RaftServerConfigKeys (ConfUtils.java:logGet(43)) - raft.server.rpcslowness.timeout = 120s (custom)
2019-09-25 05:36:42,685 [pool-32-thread-1] INFO  server.RaftServerConfigKeys (ConfUtils.java:logGet(43)) - raft.server.sleep.deviation.threshold = 300 (default)
2019-09-25 05:36:42,685 [pool-32-thread-1] INFO  server.RaftServerConfigKeys (ConfUtils.java:logGet(43)) - raft.server.log.appender.install.snapshot.enabled = false (custom)
2019-09-25 05:36:42,685 [pool-32-thread-1] INFO  impl.RaftServerImpl (ServerState.java:<init>(103)) - 41c47655-c730-4efc-9be2-c06f510e0f0d@group-37D0686665B3: ConfigurationManager, init=-1: [41c47655-c730-4efc-9be2-c06f510e0f0d:192.168.164.207:35700], old=null, confs=<EMPTY_MAP>
2019-09-25 05:36:42,685 [pool-32-thread-1] INFO  server.RaftServerConfigKeys (ConfUtils.java:logGet(43)) - raft.server.storage.dir = [/workdir/hadoop-ozone/integration-test/target/test-dir/MiniOzoneClusterImpl-29dc12d8-8e72-470a-a134-d73b6532f6c9/datanode-0/data/ratis] (custom)
2019-09-25 05:36:42,686 [pool-32-thread-1] INFO  storage.RaftStorageDirectory (RaftStorageDirectory.java:analyzeStorage(246)) - The storage directory /workdir/hadoop-ozone/integration-test/target/test-dir/MiniOzoneClusterImpl-29dc12d8-8e72-470a-a134-d73b6532f6c9/datanode-0/data/ratis/85e455bd-b8bb-4a5d-bec1-37d0686665b3 does not exist. Creating ...
2019-09-25 05:36:42,698 [pool-32-thread-1] INFO  storage.RaftStorageDirectory (RaftStorageDirectory.java:tryLock(328)) - Lock on /workdir/hadoop-ozone/integration-test/target/test-dir/MiniOzoneClusterImpl-29dc12d8-8e72-470a-a134-d73b6532f6c9/datanode-0/data/ratis/85e455bd-b8bb-4a5d-bec1-37d0686665b3/in_use.lock acquired by nodename 26488@pr-hdds-1569-s44lr-3492059363
2019-09-25 05:36:42,711 [pool-32-thread-1] INFO  storage.RaftStorage (RaftStorage.java:format(72)) - Storage directory /workdir/hadoop-ozone/integration-test/target/test-dir/MiniOzoneClusterImpl-29dc12d8-8e72-470a-a134-d73b6532f6c9/datanode-0/data/ratis/85e455bd-b8bb-4a5d-bec1-37d0686665b3 has been successfully formatted.
2019-09-25 05:36:42,712 [pool-32-thread-1] INFO  ratis.ContainerStateMachine (ContainerStateMachine.java:loadSnapshot(230)) - group-37D0686665B3: The snapshot info is null. Setting the last applied indexto:(t:0, i:~)
2019-09-25 05:36:42,712 [pool-32-thread-1] INFO  server.RaftServerConfigKeys (ConfUtils.java:logGet(43)) - raft.server.notification.no-leader.timeout = 120s (custom)
2019-09-25 05:36:42,712 [pool-32-thread-1] INFO  server.RaftServerConfigKeys (ConfUtils.java:logGet(43)) - raft.server.log.use.memory = false (default)
2019-09-25 05:36:42,712 [pool-32-thread-1] INFO  server.RaftServerConfigKeys (ConfUtils.java:logGet(43)) - raft.server.log.purge.gap = 1000000 (custom)
2019-09-25 05:36:42,712 [pool-32-thread-1] INFO  server.RaftServerConfigKeys (ConfUtils.java:logGet(43)) - raft.server.log.appender.buffer.byte-limit = 33554432 (custom)
2019-09-25 05:36:42,712 [pool-32-thread-1] INFO  server.RaftServerConfigKeys (ConfUtils.java:logGet(43)) - raft.server.log.segment.size.max = 1048576 (custom)
2019-09-25 05:36:42,712 [pool-32-thread-1] INFO  server.RaftServerConfigKeys (ConfUtils.java:logGet(43)) - raft.server.log.segment.cache.num.max = 2 (custom)
2019-09-25 05:36:42,713 [pool-32-thread-1] INFO  segmented.SegmentedRaftLogWorker (SegmentedRaftLogWorker.java:<init>(172)) - new 41c47655-c730-4efc-9be2-c06f510e0f0d@group-37D0686665B3-SegmentedRaftLogWorker for RaftStorage:Storage Directory /workdir/hadoop-ozone/integration-test/target/test-dir/MiniOzoneClusterImpl-29dc12d8-8e72-470a-a134-d73b6532f6c9/datanode-0/data/ratis/85e455bd-b8bb-4a5d-bec1-37d0686665b3
2019-09-25 05:36:42,713 [pool-32-thread-1] INFO  server.RaftServerConfigKeys (ConfUtils.java:logGet(43)) - raft.server.log.queue.byte-limit = 2147483647 (custom)
2019-09-25 05:36:42,713 [pool-32-thread-1] INFO  server.RaftServerConfigKeys (ConfUtils.java:logGet(43)) - raft.server.log.queue.element-limit = 1024 (custom)
2019-09-25 05:36:42,713 [pool-32-thread-1] INFO  server.RaftServerConfigKeys (ConfUtils.java:logGet(43)) - raft.server.log.segment.size.max = 1048576 (custom)
2019-09-25 05:36:42,713 [pool-32-thread-1] INFO  server.RaftServerConfigKeys (ConfUtils.java:logGet(43)) - raft.server.log.preallocated.size = 16384 (custom)
2019-09-25 05:36:42,713 [pool-32-thread-1] INFO  server.RaftServerConfigKeys (ConfUtils.java:logGet(43)) - raft.server.log.write.buffer.size = 33554432 (custom)
2019-09-25 05:36:42,713 [pool-32-thread-1] INFO  server.RaftServerConfigKeys (ConfUtils.java:logGet(43)) - raft.server.log.force.sync.num = 128 (default)
2019-09-25 05:36:42,713 [pool-32-thread-1] INFO  server.RaftServerConfigKeys (ConfUtils.java:logGet(43)) - raft.server.log.statemachine.data.sync = true (default)
2019-09-25 05:36:42,714 [pool-32-thread-1] INFO  server.RaftServerConfigKeys (ConfUtils.java:logGet(43)) - raft.server.log.statemachine.data.sync.timeout = 10s (default)
2019-09-25 05:36:42,714 [pool-32-thread-1] INFO  server.RaftServerConfigKeys (ConfUtils.java:logGet(43)) - raft.server.log.statemachine.data.sync.timeout.retry = -1 (default)
2019-09-25 05:36:42,714 [pool-32-thread-1] INFO  server.RaftServerConfigKeys (ConfUtils.java:logGet(43)) - raft.server.log.statemachine.data.caching.enabled = true (custom)
2019-09-25 05:36:42,714 [pool-32-thread-1] INFO  segmented.SegmentedRaftLogWorker (SegmentedRaftLogWorker.java:lambda$new$0(132)) - 41c47655-c730-4efc-9be2-c06f510e0f0d@group-37D0686665B3-SegmentedRaftLogWorker: flushIndex: setUnconditionally 0 -> -1
2019-09-25 05:36:42,714 [pool-32-thread-1] INFO  server.RaftServerConfigKeys (ConfUtils.java:logGet(43)) - raft.server.snapshot.auto.trigger.enabled = true (custom)
2019-09-25 05:36:42,715 [pool-32-thread-1] INFO  server.RaftServerConfigKeys (ConfUtils.java:logGet(43)) - raft.server.snapshot.auto.trigger.threshold = 10000 (custom)
2019-09-25 05:36:42,715 [pool-32-thread-1] INFO  server.RaftServerConfigKeys (ConfUtils.java:logGet(43)) - raft.server.snapshot.retention.num.files = 5 (custom)
2019-09-25 05:36:42,715 [pool-32-thread-1] INFO  server.RaftServerConfigKeys (ConfUtils.java:logGet(43)) - raft.server.retrycache.expirytime = 600000ms (custom)
2019-09-25 05:36:42,717 [pool-32-thread-1] INFO  impl.RaftServerImpl (RaftServerImpl.java:start(185)) - 41c47655-c730-4efc-9be2-c06f510e0f0d@group-37D0686665B3: start as a follower, conf=-1: [41c47655-c730-4efc-9be2-c06f510e0f0d:192.168.164.207:35700], old=null
2019-09-25 05:36:42,718 [pool-32-thread-1] INFO  impl.RaftServerImpl (RaftServerImpl.java:setRole(174)) - 41c47655-c730-4efc-9be2-c06f510e0f0d@group-37D0686665B3: changes role from      null to FOLLOWER at term 0 for startAsFollower
2019-09-25 05:36:42,718 [pool-32-thread-1] INFO  impl.RoleInfo (RoleInfo.java:updateAndGet(143)) - 41c47655-c730-4efc-9be2-c06f510e0f0d: start FollowerState
2019-09-25 05:36:42,718 [pool-32-thread-1] INFO  util.JmxRegister (JmxRegister.java:tryRegister(44)) - Successfully registered JMX Bean with object name Ratis:service=RaftServer,group=group-37D0686665B3,id=41c47655-c730-4efc-9be2-c06f510e0f0d
2019-09-25 05:36:42,729 [RatisPipelineUtilsThread] INFO  pipeline.PipelineStateManager (PipelineStateManager.java:addPipeline(56)) - Created pipeline Pipeline[ Id: 85e455bd-b8bb-4a5d-bec1-37d0686665b3, Nodes: 41c47655-c730-4efc-9be2-c06f510e0f0d{ip: 192.168.164.207, host: pr-hdds-1569-s44lr-3492059363, networkLocation: /rack1, certSerialId: null}, Type:RATIS, Factor:ONE, State:OPEN]
2019-09-25 05:36:42,742 [grpc-default-executor-1] INFO  impl.RaftServerProxy (RaftServerProxy.java:addNew(89)) - 41c47655-c730-4efc-9be2-c06f510e0f0d: addNew group-5CFAC3785330:[41c47655-c730-4efc-9be2-c06f510e0f0d:192.168.164.207:35700] returns group-5CFAC3785330:java.util.concurrent.CompletableFuture@3ceb03d4[Not completed]
2019-09-25 05:36:42,743 [pool-32-thread-1] INFO  impl.RaftServerImpl (RaftServerImpl.java:<init>(95)) - 41c47655-c730-4efc-9be2-c06f510e0f0d: new RaftServerImpl for group-5CFAC3785330:[41c47655-c730-4efc-9be2-c06f510e0f0d:192.168.164.207:35700] with ContainerStateMachine:uninitialized
2019-09-25 05:36:42,744 [pool-32-thread-1] INFO  server.RaftServerConfigKeys (ConfUtils.java:logGet(43)) - raft.server.rpc.timeout.min = 5s (custom)
2019-09-25 05:36:42,744 [pool-32-thread-1] INFO  server.RaftServerConfigKeys (ConfUtils.java:logGet(43)) - raft.server.rpc.timeout.max = 5200ms (custom)
2019-09-25 05:36:42,744 [pool-32-thread-1] INFO  server.RaftServerConfigKeys (ConfUtils.java:logGet(43)) - raft.server.rpcslowness.timeout = 120s (custom)
2019-09-25 05:36:42,744 [pool-32-thread-1] INFO  server.RaftServerConfigKeys (ConfUtils.java:logGet(43)) - raft.server.sleep.deviation.threshold = 300 (default)
2019-09-25 05:36:42,744 [pool-32-thread-1] INFO  server.RaftServerConfigKeys (ConfUtils.java:logGet(43)) - raft.server.log.appender.install.snapshot.enabled = false (custom)
2019-09-25 05:36:42,744 [pool-32-thread-1] INFO  impl.RaftServerImpl (ServerState.java:<init>(103)) - 41c47655-c730-4efc-9be2-c06f510e0f0d@group-5CFAC3785330: ConfigurationManager, init=-1: [41c47655-c730-4efc-9be2-c06f510e0f0d:192.168.164.207:35700], old=null, confs=<EMPTY_MAP>
2019-09-25 05:36:42,744 [pool-32-thread-1] INFO  server.RaftServerConfigKeys (ConfUtils.java:logGet(43)) - raft.server.storage.dir = [/workdir/hadoop-ozone/integration-test/target/test-dir/MiniOzoneClusterImpl-29dc12d8-8e72-470a-a134-d73b6532f6c9/datanode-0/data/ratis] (custom)
2019-09-25 05:36:42,745 [pool-32-thread-1] INFO  storage.RaftStorageDirectory (RaftStorageDirectory.java:analyzeStorage(246)) - The storage directory /workdir/hadoop-ozone/integration-test/target/test-dir/MiniOzoneClusterImpl-29dc12d8-8e72-470a-a134-d73b6532f6c9/datanode-0/data/ratis/a2754d85-97f7-4126-b07c-5cfac3785330 does not exist. Creating ...
2019-09-25 05:36:42,758 [pool-32-thread-1] INFO  storage.RaftStorageDirectory (RaftStorageDirectory.java:tryLock(328)) - Lock on /workdir/hadoop-ozone/integration-test/target/test-dir/MiniOzoneClusterImpl-29dc12d8-8e72-470a-a134-d73b6532f6c9/datanode-0/data/ratis/a2754d85-97f7-4126-b07c-5cfac3785330/in_use.lock acquired by nodename 26488@pr-hdds-1569-s44lr-3492059363
2019-09-25 05:36:42,771 [pool-32-thread-1] INFO  storage.RaftStorage (RaftStorage.java:format(72)) - Storage directory /workdir/hadoop-ozone/integration-test/target/test-dir/MiniOzoneClusterImpl-29dc12d8-8e72-470a-a134-d73b6532f6c9/datanode-0/data/ratis/a2754d85-97f7-4126-b07c-5cfac3785330 has been successfully formatted.
2019-09-25 05:36:42,771 [pool-32-thread-1] INFO  ratis.ContainerStateMachine (ContainerStateMachine.java:loadSnapshot(230)) - group-5CFAC3785330: The snapshot info is null. Setting the last applied indexto:(t:0, i:~)
2019-09-25 05:36:42,772 [pool-32-thread-1] INFO  server.RaftServerConfigKeys (ConfUtils.java:logGet(43)) - raft.server.notification.no-leader.timeout = 120s (custom)
2019-09-25 05:36:42,772 [pool-32-thread-1] INFO  server.RaftServerConfigKeys (ConfUtils.java:logGet(43)) - raft.server.log.use.memory = false (default)
2019-09-25 05:36:42,772 [pool-32-thread-1] INFO  server.RaftServerConfigKeys (ConfUtils.java:logGet(43)) - raft.server.log.purge.gap = 1000000 (custom)
2019-09-25 05:36:42,772 [pool-32-thread-1] INFO  server.RaftServerConfigKeys (ConfUtils.java:logGet(43)) - raft.server.log.appender.buffer.byte-limit = 33554432 (custom)
2019-09-25 05:36:42,772 [pool-32-thread-1] INFO  server.RaftServerConfigKeys (ConfUtils.java:logGet(43)) - raft.server.log.segment.size.max = 1048576 (custom)
2019-09-25 05:36:42,772 [pool-32-thread-1] INFO  server.RaftServerConfigKeys (ConfUtils.java:logGet(43)) - raft.server.log.segment.cache.num.max = 2 (custom)
2019-09-25 05:36:42,772 [pool-32-thread-1] INFO  segmented.SegmentedRaftLogWorker (SegmentedRaftLogWorker.java:<init>(172)) - new 41c47655-c730-4efc-9be2-c06f510e0f0d@group-5CFAC3785330-SegmentedRaftLogWorker for RaftStorage:Storage Directory /workdir/hadoop-ozone/integration-test/target/test-dir/MiniOzoneClusterImpl-29dc12d8-8e72-470a-a134-d73b6532f6c9/datanode-0/data/ratis/a2754d85-97f7-4126-b07c-5cfac3785330
2019-09-25 05:36:42,772 [pool-32-thread-1] INFO  server.RaftServerConfigKeys (ConfUtils.java:logGet(43)) - raft.server.log.queue.byte-limit = 2147483647 (custom)
2019-09-25 05:36:42,773 [pool-32-thread-1] INFO  server.RaftServerConfigKeys (ConfUtils.java:logGet(43)) - raft.server.log.queue.element-limit = 1024 (custom)
2019-09-25 05:36:42,773 [pool-32-thread-1] INFO  server.RaftServerConfigKeys (ConfUtils.java:logGet(43)) - raft.server.log.segment.size.max = 1048576 (custom)
2019-09-25 05:36:42,773 [pool-32-thread-1] INFO  server.RaftServerConfigKeys (ConfUtils.java:logGet(43)) - raft.server.log.preallocated.size = 16384 (custom)
2019-09-25 05:36:42,773 [pool-32-thread-1] INFO  server.RaftServerConfigKeys (ConfUtils.java:logGet(43)) - raft.server.log.write.buffer.size = 33554432 (custom)
2019-09-25 05:36:42,773 [pool-32-thread-1] INFO  server.RaftServerConfigKeys (ConfUtils.java:logGet(43)) - raft.server.log.force.sync.num = 128 (default)
2019-09-25 05:36:42,773 [pool-32-thread-1] INFO  server.RaftServerConfigKeys (ConfUtils.java:logGet(43)) - raft.server.log.statemachine.data.sync = true (default)
2019-09-25 05:36:42,773 [pool-32-thread-1] INFO  server.RaftServerConfigKeys (ConfUtils.java:logGet(43)) - raft.server.log.statemachine.data.sync.timeout = 10s (default)
2019-09-25 05:36:42,773 [pool-32-thread-1] INFO  server.RaftServerConfigKeys (ConfUtils.java:logGet(43)) - raft.server.log.statemachine.data.sync.timeout.retry = -1 (default)
2019-09-25 05:36:42,773 [pool-32-thread-1] INFO  server.RaftServerConfigKeys (ConfUtils.java:logGet(43)) - raft.server.log.statemachine.data.caching.enabled = true (custom)
2019-09-25 05:36:42,774 [pool-32-thread-1] INFO  segmented.SegmentedRaftLogWorker (SegmentedRaftLogWorker.java:lambda$new$0(132)) - 41c47655-c730-4efc-9be2-c06f510e0f0d@group-5CFAC3785330-SegmentedRaftLogWorker: flushIndex: setUnconditionally 0 -> -1
2019-09-25 05:36:42,774 [pool-32-thread-1] INFO  server.RaftServerConfigKeys (ConfUtils.java:logGet(43)) - raft.server.snapshot.auto.trigger.enabled = true (custom)
2019-09-25 05:36:42,774 [pool-32-thread-1] INFO  server.RaftServerConfigKeys (ConfUtils.java:logGet(43)) - raft.server.snapshot.auto.trigger.threshold = 10000 (custom)
2019-09-25 05:36:42,774 [pool-32-thread-1] INFO  server.RaftServerConfigKeys (ConfUtils.java:logGet(43)) - raft.server.snapshot.retention.num.files = 5 (custom)
2019-09-25 05:36:42,774 [pool-32-thread-1] INFO  server.RaftServerConfigKeys (ConfUtils.java:logGet(43)) - raft.server.retrycache.expirytime = 600000ms (custom)
2019-09-25 05:36:42,776 [pool-32-thread-1] INFO  impl.RaftServerImpl (RaftServerImpl.java:start(185)) - 41c47655-c730-4efc-9be2-c06f510e0f0d@group-5CFAC3785330: start as a follower, conf=-1: [41c47655-c730-4efc-9be2-c06f510e0f0d:192.168.164.207:35700], old=null
2019-09-25 05:36:42,777 [pool-32-thread-1] INFO  impl.RaftServerImpl (RaftServerImpl.java:setRole(174)) - 41c47655-c730-4efc-9be2-c06f510e0f0d@group-5CFAC3785330: changes role from      null to FOLLOWER at term 0 for startAsFollower
2019-09-25 05:36:42,777 [pool-32-thread-1] INFO  impl.RoleInfo (RoleInfo.java:updateAndGet(143)) - 41c47655-c730-4efc-9be2-c06f510e0f0d: start FollowerState
2019-09-25 05:36:42,777 [pool-32-thread-1] INFO  util.JmxRegister (JmxRegister.java:tryRegister(44)) - Successfully registered JMX Bean with object name Ratis:service=RaftServer,group=group-5CFAC3785330,id=41c47655-c730-4efc-9be2-c06f510e0f0d
2019-09-25 05:36:42,786 [RatisPipelineUtilsThread] INFO  pipeline.PipelineStateManager (PipelineStateManager.java:addPipeline(56)) - Created pipeline Pipeline[ Id: a2754d85-97f7-4126-b07c-5cfac3785330, Nodes: 41c47655-c730-4efc-9be2-c06f510e0f0d{ip: 192.168.164.207, host: pr-hdds-1569-s44lr-3492059363, networkLocation: /rack1, certSerialId: null}, Type:RATIS, Factor:ONE, State:OPEN]
2019-09-25 05:36:42,799 [grpc-default-executor-1] INFO  impl.RaftServerProxy (RaftServerProxy.java:addNew(89)) - dce70d9e-b7b5-41e3-b2be-c4fe31afa812: addNew group-F3277BF9315A:[dce70d9e-b7b5-41e3-b2be-c4fe31afa812:192.168.164.207:37367] returns group-F3277BF9315A:java.util.concurrent.CompletableFuture@317a6c7f[Not completed]
2019-09-25 05:36:42,802 [pool-42-thread-1] INFO  impl.RaftServerImpl (RaftServerImpl.java:<init>(95)) - dce70d9e-b7b5-41e3-b2be-c4fe31afa812: new RaftServerImpl for group-F3277BF9315A:[dce70d9e-b7b5-41e3-b2be-c4fe31afa812:192.168.164.207:37367] with ContainerStateMachine:uninitialized
2019-09-25 05:36:42,802 [pool-42-thread-1] INFO  server.RaftServerConfigKeys (ConfUtils.java:logGet(43)) - raft.server.rpc.timeout.min = 5s (custom)
2019-09-25 05:36:42,802 [pool-42-thread-1] INFO  server.RaftServerConfigKeys (ConfUtils.java:logGet(43)) - raft.server.rpc.timeout.max = 5200ms (custom)
2019-09-25 05:36:42,803 [pool-42-thread-1] INFO  server.RaftServerConfigKeys (ConfUtils.java:logGet(43)) - raft.server.rpcslowness.timeout = 120s (custom)
2019-09-25 05:36:42,803 [pool-42-thread-1] INFO  server.RaftServerConfigKeys (ConfUtils.java:logGet(43)) - raft.server.sleep.deviation.threshold = 300 (default)
2019-09-25 05:36:42,803 [pool-42-thread-1] INFO  server.RaftServerConfigKeys (ConfUtils.java:logGet(43)) - raft.server.log.appender.install.snapshot.enabled = false (custom)
2019-09-25 05:36:42,803 [pool-42-thread-1] INFO  impl.RaftServerImpl (ServerState.java:<init>(103)) - dce70d9e-b7b5-41e3-b2be-c4fe31afa812@group-F3277BF9315A: ConfigurationManager, init=-1: [dce70d9e-b7b5-41e3-b2be-c4fe31afa812:192.168.164.207:37367], old=null, confs=<EMPTY_MAP>
2019-09-25 05:36:42,803 [pool-42-thread-1] INFO  server.RaftServerConfigKeys (ConfUtils.java:logGet(43)) - raft.server.storage.dir = [/workdir/hadoop-ozone/integration-test/target/test-dir/MiniOzoneClusterImpl-29dc12d8-8e72-470a-a134-d73b6532f6c9/datanode-1/data/ratis] (custom)
2019-09-25 05:36:42,804 [pool-42-thread-1] INFO  storage.RaftStorageDirectory (RaftStorageDirectory.java:analyzeStorage(246)) - The storage directory /workdir/hadoop-ozone/integration-test/target/test-dir/MiniOzoneClusterImpl-29dc12d8-8e72-470a-a134-d73b6532f6c9/datanode-1/data/ratis/8c3ce27b-684c-4ab7-ad52-f3277bf9315a does not exist. Creating ...
2019-09-25 05:36:42,817 [pool-42-thread-1] INFO  storage.RaftStorageDirectory (RaftStorageDirectory.java:tryLock(328)) - Lock on /workdir/hadoop-ozone/integration-test/target/test-dir/MiniOzoneClusterImpl-29dc12d8-8e72-470a-a134-d73b6532f6c9/datanode-1/data/ratis/8c3ce27b-684c-4ab7-ad52-f3277bf9315a/in_use.lock acquired by nodename 26488@pr-hdds-1569-s44lr-3492059363
2019-09-25 05:36:42,831 [pool-42-thread-1] INFO  storage.RaftStorage (RaftStorage.java:format(72)) - Storage directory /workdir/hadoop-ozone/integration-test/target/test-dir/MiniOzoneClusterImpl-29dc12d8-8e72-470a-a134-d73b6532f6c9/datanode-1/data/ratis/8c3ce27b-684c-4ab7-ad52-f3277bf9315a has been successfully formatted.
2019-09-25 05:36:42,831 [pool-42-thread-1] INFO  ratis.ContainerStateMachine (ContainerStateMachine.java:loadSnapshot(230)) - group-F3277BF9315A: The snapshot info is null. Setting the last applied indexto:(t:0, i:~)
2019-09-25 05:36:42,831 [pool-42-thread-1] INFO  server.RaftServerConfigKeys (ConfUtils.java:logGet(43)) - raft.server.notification.no-leader.timeout = 120s (custom)
2019-09-25 05:36:42,831 [pool-42-thread-1] INFO  server.RaftServerConfigKeys (ConfUtils.java:logGet(43)) - raft.server.log.use.memory = false (default)
2019-09-25 05:36:42,832 [pool-42-thread-1] INFO  server.RaftServerConfigKeys (ConfUtils.java:logGet(43)) - raft.server.log.purge.gap = 1000000 (custom)
2019-09-25 05:36:42,832 [pool-42-thread-1] INFO  server.RaftServerConfigKeys (ConfUtils.java:logGet(43)) - raft.server.log.appender.buffer.byte-limit = 33554432 (custom)
2019-09-25 05:36:42,832 [pool-42-thread-1] INFO  server.RaftServerConfigKeys (ConfUtils.java:logGet(43)) - raft.server.log.segment.size.max = 1048576 (custom)
2019-09-25 05:36:42,832 [pool-42-thread-1] INFO  server.RaftServerConfigKeys (ConfUtils.java:logGet(43)) - raft.server.log.segment.cache.num.max = 2 (custom)
2019-09-25 05:36:42,832 [pool-42-thread-1] INFO  segmented.SegmentedRaftLogWorker (SegmentedRaftLogWorker.java:<init>(172)) - new dce70d9e-b7b5-41e3-b2be-c4fe31afa812@group-F3277BF9315A-SegmentedRaftLogWorker for RaftStorage:Storage Directory /workdir/hadoop-ozone/integration-test/target/test-dir/MiniOzoneClusterImpl-29dc12d8-8e72-470a-a134-d73b6532f6c9/datanode-1/data/ratis/8c3ce27b-684c-4ab7-ad52-f3277bf9315a
2019-09-25 05:36:42,832 [pool-42-thread-1] INFO  server.RaftServerConfigKeys (ConfUtils.java:logGet(43)) - raft.server.log.queue.byte-limit = 2147483647 (custom)
2019-09-25 05:36:42,833 [pool-42-thread-1] INFO  server.RaftServerConfigKeys (ConfUtils.java:logGet(43)) - raft.server.log.queue.element-limit = 1024 (custom)
2019-09-25 05:36:42,833 [pool-42-thread-1] INFO  server.RaftServerConfigKeys (ConfUtils.java:logGet(43)) - raft.server.log.segment.size.max = 1048576 (custom)
2019-09-25 05:36:42,833 [pool-42-thread-1] INFO  server.RaftServerConfigKeys (ConfUtils.java:logGet(43)) - raft.server.log.preallocated.size = 16384 (custom)
2019-09-25 05:36:42,833 [pool-42-thread-1] INFO  server.RaftServerConfigKeys (ConfUtils.java:logGet(43)) - raft.server.log.write.buffer.size = 33554432 (custom)
2019-09-25 05:36:42,833 [pool-42-thread-1] INFO  server.RaftServerConfigKeys (ConfUtils.java:logGet(43)) - raft.server.log.force.sync.num = 128 (default)
2019-09-25 05:36:42,833 [pool-42-thread-1] INFO  server.RaftServerConfigKeys (ConfUtils.java:logGet(43)) - raft.server.log.statemachine.data.sync = true (default)
2019-09-25 05:36:42,833 [pool-42-thread-1] INFO  server.RaftServerConfigKeys (ConfUtils.java:logGet(43)) - raft.server.log.statemachine.data.sync.timeout = 10s (default)
2019-09-25 05:36:42,834 [pool-42-thread-1] INFO  server.RaftServerConfigKeys (ConfUtils.java:logGet(43)) - raft.server.log.statemachine.data.sync.timeout.retry = -1 (default)
2019-09-25 05:36:42,834 [pool-42-thread-1] INFO  server.RaftServerConfigKeys (ConfUtils.java:logGet(43)) - raft.server.log.statemachine.data.caching.enabled = true (custom)
2019-09-25 05:36:42,834 [pool-42-thread-1] INFO  segmented.SegmentedRaftLogWorker (SegmentedRaftLogWorker.java:lambda$new$0(132)) - dce70d9e-b7b5-41e3-b2be-c4fe31afa812@group-F3277BF9315A-SegmentedRaftLogWorker: flushIndex: setUnconditionally 0 -> -1
2019-09-25 05:36:42,835 [pool-42-thread-1] INFO  server.RaftServerConfigKeys (ConfUtils.java:logGet(43)) - raft.server.snapshot.auto.trigger.enabled = true (custom)
2019-09-25 05:36:42,835 [pool-42-thread-1] INFO  server.RaftServerConfigKeys (ConfUtils.java:logGet(43)) - raft.server.snapshot.auto.trigger.threshold = 10000 (custom)
2019-09-25 05:36:42,835 [pool-42-thread-1] INFO  server.RaftServerConfigKeys (ConfUtils.java:logGet(43)) - raft.server.snapshot.retention.num.files = 5 (custom)
2019-09-25 05:36:42,835 [pool-42-thread-1] INFO  server.RaftServerConfigKeys (ConfUtils.java:logGet(43)) - raft.server.retrycache.expirytime = 600000ms (custom)
2019-09-25 05:36:42,838 [pool-42-thread-1] INFO  impl.RaftServerImpl (RaftServerImpl.java:start(185)) - dce70d9e-b7b5-41e3-b2be-c4fe31afa812@group-F3277BF9315A: start as a follower, conf=-1: [dce70d9e-b7b5-41e3-b2be-c4fe31afa812:192.168.164.207:37367], old=null
2019-09-25 05:36:42,838 [pool-42-thread-1] INFO  impl.RaftServerImpl (RaftServerImpl.java:setRole(174)) - dce70d9e-b7b5-41e3-b2be-c4fe31afa812@group-F3277BF9315A: changes role from      null to FOLLOWER at term 0 for startAsFollower
2019-09-25 05:36:42,838 [pool-42-thread-1] INFO  impl.RoleInfo (RoleInfo.java:updateAndGet(143)) - dce70d9e-b7b5-41e3-b2be-c4fe31afa812: start FollowerState
2019-09-25 05:36:42,839 [pool-42-thread-1] INFO  util.JmxRegister (JmxRegister.java:tryRegister(44)) - Successfully registered JMX Bean with object name Ratis:service=RaftServer,group=group-F3277BF9315A,id=dce70d9e-b7b5-41e3-b2be-c4fe31afa812
2019-09-25 05:36:42,852 [RatisPipelineUtilsThread] INFO  pipeline.PipelineStateManager (PipelineStateManager.java:addPipeline(56)) - Created pipeline Pipeline[ Id: 8c3ce27b-684c-4ab7-ad52-f3277bf9315a, Nodes: dce70d9e-b7b5-41e3-b2be-c4fe31afa812{ip: 192.168.164.207, host: pr-hdds-1569-s44lr-3492059363, networkLocation: /rack1, certSerialId: null}, Type:RATIS, Factor:ONE, State:OPEN]
2019-09-25 05:36:42,869 [grpc-default-executor-1] INFO  impl.RaftServerProxy (RaftServerProxy.java:addNew(89)) - 4b2f0759-f599-4d51-8475-2e6d9cd1aa69: addNew group-4568C3752BFA:[4b2f0759-f599-4d51-8475-2e6d9cd1aa69:192.168.164.207:45682] returns group-4568C3752BFA:java.util.concurrent.CompletableFuture@36daf99d[Not completed]
2019-09-25 05:36:42,871 [pool-62-thread-1] INFO  impl.RaftServerImpl (RaftServerImpl.java:<init>(95)) - 4b2f0759-f599-4d51-8475-2e6d9cd1aa69: new RaftServerImpl for group-4568C3752BFA:[4b2f0759-f599-4d51-8475-2e6d9cd1aa69:192.168.164.207:45682] with ContainerStateMachine:uninitialized
2019-09-25 05:36:42,871 [pool-62-thread-1] INFO  server.RaftServerConfigKeys (ConfUtils.java:logGet(43)) - raft.server.rpc.timeout.min = 5s (custom)
2019-09-25 05:36:42,871 [pool-62-thread-1] INFO  server.RaftServerConfigKeys (ConfUtils.java:logGet(43)) - raft.server.rpc.timeout.max = 5200ms (custom)
2019-09-25 05:36:42,871 [pool-62-thread-1] INFO  server.RaftServerConfigKeys (ConfUtils.java:logGet(43)) - raft.server.rpcslowness.timeout = 120s (custom)
2019-09-25 05:36:42,871 [pool-62-thread-1] INFO  server.RaftServerConfigKeys (ConfUtils.java:logGet(43)) - raft.server.sleep.deviation.threshold = 300 (default)
2019-09-25 05:36:42,871 [pool-62-thread-1] INFO  server.RaftServerConfigKeys (ConfUtils.java:logGet(43)) - raft.server.log.appender.install.snapshot.enabled = false (custom)
2019-09-25 05:36:42,871 [pool-62-thread-1] INFO  impl.RaftServerImpl (ServerState.java:<init>(103)) - 4b2f0759-f599-4d51-8475-2e6d9cd1aa69@group-4568C3752BFA: ConfigurationManager, init=-1: [4b2f0759-f599-4d51-8475-2e6d9cd1aa69:192.168.164.207:45682], old=null, confs=<EMPTY_MAP>
2019-09-25 05:36:42,872 [pool-62-thread-1] INFO  server.RaftServerConfigKeys (ConfUtils.java:logGet(43)) - raft.server.storage.dir = [/workdir/hadoop-ozone/integration-test/target/test-dir/MiniOzoneClusterImpl-29dc12d8-8e72-470a-a134-d73b6532f6c9/datanode-3/data/ratis] (custom)
2019-09-25 05:36:42,872 [pool-62-thread-1] INFO  storage.RaftStorageDirectory (RaftStorageDirectory.java:analyzeStorage(246)) - The storage directory /workdir/hadoop-ozone/integration-test/target/test-dir/MiniOzoneClusterImpl-29dc12d8-8e72-470a-a134-d73b6532f6c9/datanode-3/data/ratis/3f487cbc-cfa9-45cd-9506-4568c3752bfa does not exist. Creating ...
2019-09-25 05:36:42,917 [pool-62-thread-1] INFO  storage.RaftStorageDirectory (RaftStorageDirectory.java:tryLock(328)) - Lock on /workdir/hadoop-ozone/integration-test/target/test-dir/MiniOzoneClusterImpl-29dc12d8-8e72-470a-a134-d73b6532f6c9/datanode-3/data/ratis/3f487cbc-cfa9-45cd-9506-4568c3752bfa/in_use.lock acquired by nodename 26488@pr-hdds-1569-s44lr-3492059363
2019-09-25 05:36:42,934 [pool-62-thread-1] INFO  storage.RaftStorage (RaftStorage.java:format(72)) - Storage directory /workdir/hadoop-ozone/integration-test/target/test-dir/MiniOzoneClusterImpl-29dc12d8-8e72-470a-a134-d73b6532f6c9/datanode-3/data/ratis/3f487cbc-cfa9-45cd-9506-4568c3752bfa has been successfully formatted.
2019-09-25 05:36:42,934 [pool-62-thread-1] INFO  ratis.ContainerStateMachine (ContainerStateMachine.java:loadSnapshot(230)) - group-4568C3752BFA: The snapshot info is null. Setting the last applied indexto:(t:0, i:~)
2019-09-25 05:36:42,935 [pool-62-thread-1] INFO  server.RaftServerConfigKeys (ConfUtils.java:logGet(43)) - raft.server.notification.no-leader.timeout = 120s (custom)
2019-09-25 05:36:42,935 [pool-62-thread-1] INFO  server.RaftServerConfigKeys (ConfUtils.java:logGet(43)) - raft.server.log.use.memory = false (default)
2019-09-25 05:36:42,935 [pool-62-thread-1] INFO  server.RaftServerConfigKeys (ConfUtils.java:logGet(43)) - raft.server.log.purge.gap = 1000000 (custom)
2019-09-25 05:36:42,935 [pool-62-thread-1] INFO  server.RaftServerConfigKeys (ConfUtils.java:logGet(43)) - raft.server.log.appender.buffer.byte-limit = 33554432 (custom)
2019-09-25 05:36:42,935 [pool-62-thread-1] INFO  server.RaftServerConfigKeys (ConfUtils.java:logGet(43)) - raft.server.log.segment.size.max = 1048576 (custom)
2019-09-25 05:36:42,936 [pool-62-thread-1] INFO  server.RaftServerConfigKeys (ConfUtils.java:logGet(43)) - raft.server.log.segment.cache.num.max = 2 (custom)
2019-09-25 05:36:42,936 [pool-62-thread-1] INFO  segmented.SegmentedRaftLogWorker (SegmentedRaftLogWorker.java:<init>(172)) - new 4b2f0759-f599-4d51-8475-2e6d9cd1aa69@group-4568C3752BFA-SegmentedRaftLogWorker for RaftStorage:Storage Directory /workdir/hadoop-ozone/integration-test/target/test-dir/MiniOzoneClusterImpl-29dc12d8-8e72-470a-a134-d73b6532f6c9/datanode-3/data/ratis/3f487cbc-cfa9-45cd-9506-4568c3752bfa
2019-09-25 05:36:42,936 [pool-62-thread-1] INFO  server.RaftServerConfigKeys (ConfUtils.java:logGet(43)) - raft.server.log.queue.byte-limit = 2147483647 (custom)
2019-09-25 05:36:42,936 [pool-62-thread-1] INFO  server.RaftServerConfigKeys (ConfUtils.java:logGet(43)) - raft.server.log.queue.element-limit = 1024 (custom)
2019-09-25 05:36:42,936 [pool-62-thread-1] INFO  server.RaftServerConfigKeys (ConfUtils.java:logGet(43)) - raft.server.log.segment.size.max = 1048576 (custom)
2019-09-25 05:36:42,937 [pool-62-thread-1] INFO  server.RaftServerConfigKeys (ConfUtils.java:logGet(43)) - raft.server.log.preallocated.size = 16384 (custom)
2019-09-25 05:36:42,937 [pool-62-thread-1] INFO  server.RaftServerConfigKeys (ConfUtils.java:logGet(43)) - raft.server.log.write.buffer.size = 33554432 (custom)
2019-09-25 05:36:42,937 [pool-62-thread-1] INFO  server.RaftServerConfigKeys (ConfUtils.java:logGet(43)) - raft.server.log.force.sync.num = 128 (default)
2019-09-25 05:36:42,937 [pool-62-thread-1] INFO  server.RaftServerConfigKeys (ConfUtils.java:logGet(43)) - raft.server.log.statemachine.data.sync = true (default)
2019-09-25 05:36:42,937 [pool-62-thread-1] INFO  server.RaftServerConfigKeys (ConfUtils.java:logGet(43)) - raft.server.log.statemachine.data.sync.timeout = 10s (default)
2019-09-25 05:36:42,938 [pool-62-thread-1] INFO  server.RaftServerConfigKeys (ConfUtils.java:logGet(43)) - raft.server.log.statemachine.data.sync.timeout.retry = -1 (default)
2019-09-25 05:36:42,938 [pool-62-thread-1] INFO  server.RaftServerConfigKeys (ConfUtils.java:logGet(43)) - raft.server.log.statemachine.data.caching.enabled = true (custom)
2019-09-25 05:36:42,938 [pool-62-thread-1] INFO  segmented.SegmentedRaftLogWorker (SegmentedRaftLogWorker.java:lambda$new$0(132)) - 4b2f0759-f599-4d51-8475-2e6d9cd1aa69@group-4568C3752BFA-SegmentedRaftLogWorker: flushIndex: setUnconditionally 0 -> -1
2019-09-25 05:36:42,939 [pool-62-thread-1] INFO  server.RaftServerConfigKeys (ConfUtils.java:logGet(43)) - raft.server.snapshot.auto.trigger.enabled = true (custom)
2019-09-25 05:36:42,939 [pool-62-thread-1] INFO  server.RaftServerConfigKeys (ConfUtils.java:logGet(43)) - raft.server.snapshot.auto.trigger.threshold = 10000 (custom)
2019-09-25 05:36:42,939 [pool-62-thread-1] INFO  server.RaftServerConfigKeys (ConfUtils.java:logGet(43)) - raft.server.snapshot.retention.num.files = 5 (custom)
2019-09-25 05:36:42,939 [pool-62-thread-1] INFO  server.RaftServerConfigKeys (ConfUtils.java:logGet(43)) - raft.server.retrycache.expirytime = 600000ms (custom)
2019-09-25 05:36:42,943 [pool-62-thread-1] INFO  impl.RaftServerImpl (RaftServerImpl.java:start(185)) - 4b2f0759-f599-4d51-8475-2e6d9cd1aa69@group-4568C3752BFA: start as a follower, conf=-1: [4b2f0759-f599-4d51-8475-2e6d9cd1aa69:192.168.164.207:45682], old=null
2019-09-25 05:36:42,943 [pool-62-thread-1] INFO  impl.RaftServerImpl (RaftServerImpl.java:setRole(174)) - 4b2f0759-f599-4d51-8475-2e6d9cd1aa69@group-4568C3752BFA: changes role from      null to FOLLOWER at term 0 for startAsFollower
2019-09-25 05:36:42,943 [pool-62-thread-1] INFO  impl.RoleInfo (RoleInfo.java:updateAndGet(143)) - 4b2f0759-f599-4d51-8475-2e6d9cd1aa69: start FollowerState
2019-09-25 05:36:42,944 [pool-62-thread-1] INFO  util.JmxRegister (JmxRegister.java:tryRegister(44)) - Successfully registered JMX Bean with object name Ratis:service=RaftServer,group=group-4568C3752BFA,id=4b2f0759-f599-4d51-8475-2e6d9cd1aa69
2019-09-25 05:36:42,963 [RatisPipelineUtilsThread] INFO  pipeline.PipelineStateManager (PipelineStateManager.java:addPipeline(56)) - Created pipeline Pipeline[ Id: 3f487cbc-cfa9-45cd-9506-4568c3752bfa, Nodes: 4b2f0759-f599-4d51-8475-2e6d9cd1aa69{ip: 192.168.164.207, host: pr-hdds-1569-s44lr-3492059363, networkLocation: /rack1, certSerialId: null}, Type:RATIS, Factor:ONE, State:OPEN]
2019-09-25 05:36:42,974 [grpc-default-executor-1] INFO  impl.RaftServerProxy (RaftServerProxy.java:addNew(89)) - dce70d9e-b7b5-41e3-b2be-c4fe31afa812: addNew group-1C0A20800954:[dce70d9e-b7b5-41e3-b2be-c4fe31afa812:192.168.164.207:37367] returns group-1C0A20800954:java.util.concurrent.CompletableFuture@587e19fe[Not completed]
2019-09-25 05:36:42,976 [pool-42-thread-1] INFO  impl.RaftServerImpl (RaftServerImpl.java:<init>(95)) - dce70d9e-b7b5-41e3-b2be-c4fe31afa812: new RaftServerImpl for group-1C0A20800954:[dce70d9e-b7b5-41e3-b2be-c4fe31afa812:192.168.164.207:37367] with ContainerStateMachine:uninitialized
2019-09-25 05:36:42,976 [pool-42-thread-1] INFO  server.RaftServerConfigKeys (ConfUtils.java:logGet(43)) - raft.server.rpc.timeout.min = 5s (custom)
2019-09-25 05:36:42,976 [pool-42-thread-1] INFO  server.RaftServerConfigKeys (ConfUtils.java:logGet(43)) - raft.server.rpc.timeout.max = 5200ms (custom)
2019-09-25 05:36:42,976 [pool-42-thread-1] INFO  server.RaftServerConfigKeys (ConfUtils.java:logGet(43)) - raft.server.rpcslowness.timeout = 120s (custom)
2019-09-25 05:36:42,976 [pool-42-thread-1] INFO  server.RaftServerConfigKeys (ConfUtils.java:logGet(43)) - raft.server.sleep.deviation.threshold = 300 (default)
2019-09-25 05:36:42,976 [pool-42-thread-1] INFO  server.RaftServerConfigKeys (ConfUtils.java:logGet(43)) - raft.server.log.appender.install.snapshot.enabled = false (custom)
2019-09-25 05:36:42,977 [pool-42-thread-1] INFO  impl.RaftServerImpl (ServerState.java:<init>(103)) - dce70d9e-b7b5-41e3-b2be-c4fe31afa812@group-1C0A20800954: ConfigurationManager, init=-1: [dce70d9e-b7b5-41e3-b2be-c4fe31afa812:192.168.164.207:37367], old=null, confs=<EMPTY_MAP>
2019-09-25 05:36:42,977 [pool-42-thread-1] INFO  server.RaftServerConfigKeys (ConfUtils.java:logGet(43)) - raft.server.storage.dir = [/workdir/hadoop-ozone/integration-test/target/test-dir/MiniOzoneClusterImpl-29dc12d8-8e72-470a-a134-d73b6532f6c9/datanode-1/data/ratis] (custom)
2019-09-25 05:36:42,977 [pool-42-thread-1] INFO  storage.RaftStorageDirectory (RaftStorageDirectory.java:analyzeStorage(246)) - The storage directory /workdir/hadoop-ozone/integration-test/target/test-dir/MiniOzoneClusterImpl-29dc12d8-8e72-470a-a134-d73b6532f6c9/datanode-1/data/ratis/d4e6cf8c-6351-4cfe-9796-1c0a20800954 does not exist. Creating ...
2019-09-25 05:36:43,106 [pool-42-thread-1] INFO  storage.RaftStorageDirectory (RaftStorageDirectory.java:tryLock(328)) - Lock on /workdir/hadoop-ozone/integration-test/target/test-dir/MiniOzoneClusterImpl-29dc12d8-8e72-470a-a134-d73b6532f6c9/datanode-1/data/ratis/d4e6cf8c-6351-4cfe-9796-1c0a20800954/in_use.lock acquired by nodename 26488@pr-hdds-1569-s44lr-3492059363
2019-09-25 05:36:43,387 [pool-42-thread-1] INFO  storage.RaftStorage (RaftStorage.java:format(72)) - Storage directory /workdir/hadoop-ozone/integration-test/target/test-dir/MiniOzoneClusterImpl-29dc12d8-8e72-470a-a134-d73b6532f6c9/datanode-1/data/ratis/d4e6cf8c-6351-4cfe-9796-1c0a20800954 has been successfully formatted.
2019-09-25 05:36:43,387 [pool-42-thread-1] INFO  ratis.ContainerStateMachine (ContainerStateMachine.java:loadSnapshot(230)) - group-1C0A20800954: The snapshot info is null. Setting the last applied indexto:(t:0, i:~)
2019-09-25 05:36:43,387 [pool-42-thread-1] INFO  server.RaftServerConfigKeys (ConfUtils.java:logGet(43)) - raft.server.notification.no-leader.timeout = 120s (custom)
2019-09-25 05:36:43,387 [pool-42-thread-1] INFO  server.RaftServerConfigKeys (ConfUtils.java:logGet(43)) - raft.server.log.use.memory = false (default)
2019-09-25 05:36:43,388 [pool-42-thread-1] INFO  server.RaftServerConfigKeys (ConfUtils.java:logGet(43)) - raft.server.log.purge.gap = 1000000 (custom)
2019-09-25 05:36:43,388 [pool-42-thread-1] INFO  server.RaftServerConfigKeys (ConfUtils.java:logGet(43)) - raft.server.log.appender.buffer.byte-limit = 33554432 (custom)
2019-09-25 05:36:43,388 [pool-42-thread-1] INFO  server.RaftServerConfigKeys (ConfUtils.java:logGet(43)) - raft.server.log.segment.size.max = 1048576 (custom)
2019-09-25 05:36:43,388 [pool-42-thread-1] INFO  server.RaftServerConfigKeys (ConfUtils.java:logGet(43)) - raft.server.log.segment.cache.num.max = 2 (custom)
2019-09-25 05:36:43,388 [pool-42-thread-1] INFO  segmented.SegmentedRaftLogWorker (SegmentedRaftLogWorker.java:<init>(172)) - new dce70d9e-b7b5-41e3-b2be-c4fe31afa812@group-1C0A20800954-SegmentedRaftLogWorker for RaftStorage:Storage Directory /workdir/hadoop-ozone/integration-test/target/test-dir/MiniOzoneClusterImpl-29dc12d8-8e72-470a-a134-d73b6532f6c9/datanode-1/data/ratis/d4e6cf8c-6351-4cfe-9796-1c0a20800954
2019-09-25 05:36:43,388 [pool-42-thread-1] INFO  server.RaftServerConfigKeys (ConfUtils.java:logGet(43)) - raft.server.log.queue.byte-limit = 2147483647 (custom)
2019-09-25 05:36:43,388 [pool-42-thread-1] INFO  server.RaftServerConfigKeys (ConfUtils.java:logGet(43)) - raft.server.log.queue.element-limit = 1024 (custom)
2019-09-25 05:36:43,388 [pool-42-thread-1] INFO  server.RaftServerConfigKeys (ConfUtils.java:logGet(43)) - raft.server.log.segment.size.max = 1048576 (custom)
2019-09-25 05:36:43,388 [pool-42-thread-1] INFO  server.RaftServerConfigKeys (ConfUtils.java:logGet(43)) - raft.server.log.preallocated.size = 16384 (custom)
2019-09-25 05:36:43,389 [pool-42-thread-1] INFO  server.RaftServerConfigKeys (ConfUtils.java:logGet(43)) - raft.server.log.write.buffer.size = 33554432 (custom)
2019-09-25 05:36:43,389 [pool-42-thread-1] INFO  server.RaftServerConfigKeys (ConfUtils.java:logGet(43)) - raft.server.log.force.sync.num = 128 (default)
2019-09-25 05:36:43,389 [pool-42-thread-1] INFO  server.RaftServerConfigKeys (ConfUtils.java:logGet(43)) - raft.server.log.statemachine.data.sync = true (default)
2019-09-25 05:36:43,389 [pool-42-thread-1] INFO  server.RaftServerConfigKeys (ConfUtils.java:logGet(43)) - raft.server.log.statemachine.data.sync.timeout = 10s (default)
2019-09-25 05:36:43,389 [pool-42-thread-1] INFO  server.RaftServerConfigKeys (ConfUtils.java:logGet(43)) - raft.server.log.statemachine.data.sync.timeout.retry = -1 (default)
2019-09-25 05:36:43,389 [pool-42-thread-1] INFO  server.RaftServerConfigKeys (ConfUtils.java:logGet(43)) - raft.server.log.statemachine.data.caching.enabled = true (custom)
2019-09-25 05:36:43,389 [pool-42-thread-1] INFO  segmented.SegmentedRaftLogWorker (SegmentedRaftLogWorker.java:lambda$new$0(132)) - dce70d9e-b7b5-41e3-b2be-c4fe31afa812@group-1C0A20800954-SegmentedRaftLogWorker: flushIndex: setUnconditionally 0 -> -1
2019-09-25 05:36:43,390 [pool-42-thread-1] INFO  server.RaftServerConfigKeys (ConfUtils.java:logGet(43)) - raft.server.snapshot.auto.trigger.enabled = true (custom)
2019-09-25 05:36:43,390 [pool-42-thread-1] INFO  server.RaftServerConfigKeys (ConfUtils.java:logGet(43)) - raft.server.snapshot.auto.trigger.threshold = 10000 (custom)
2019-09-25 05:36:43,390 [pool-42-thread-1] INFO  server.RaftServerConfigKeys (ConfUtils.java:logGet(43)) - raft.server.snapshot.retention.num.files = 5 (custom)
2019-09-25 05:36:43,390 [pool-42-thread-1] INFO  server.RaftServerConfigKeys (ConfUtils.java:logGet(43)) - raft.server.retrycache.expirytime = 600000ms (custom)
2019-09-25 05:36:43,392 [pool-42-thread-1] INFO  impl.RaftServerImpl (RaftServerImpl.java:start(185)) - dce70d9e-b7b5-41e3-b2be-c4fe31afa812@group-1C0A20800954: start as a follower, conf=-1: [dce70d9e-b7b5-41e3-b2be-c4fe31afa812:192.168.164.207:37367], old=null
2019-09-25 05:36:43,392 [pool-42-thread-1] INFO  impl.RaftServerImpl (RaftServerImpl.java:setRole(174)) - dce70d9e-b7b5-41e3-b2be-c4fe31afa812@group-1C0A20800954: changes role from      null to FOLLOWER at term 0 for startAsFollower
2019-09-25 05:36:43,392 [pool-42-thread-1] INFO  impl.RoleInfo (RoleInfo.java:updateAndGet(143)) - dce70d9e-b7b5-41e3-b2be-c4fe31afa812: start FollowerState
2019-09-25 05:36:43,393 [pool-42-thread-1] INFO  util.JmxRegister (JmxRegister.java:tryRegister(44)) - Successfully registered JMX Bean with object name Ratis:service=RaftServer,group=group-1C0A20800954,id=dce70d9e-b7b5-41e3-b2be-c4fe31afa812
2019-09-25 05:36:43,398 [RatisPipelineUtilsThread] INFO  pipeline.PipelineStateManager (PipelineStateManager.java:addPipeline(56)) - Created pipeline Pipeline[ Id: d4e6cf8c-6351-4cfe-9796-1c0a20800954, Nodes: dce70d9e-b7b5-41e3-b2be-c4fe31afa812{ip: 192.168.164.207, host: pr-hdds-1569-s44lr-3492059363, networkLocation: /rack1, certSerialId: null}, Type:RATIS, Factor:ONE, State:OPEN]
2019-09-25 05:36:43,407 [grpc-default-executor-1] INFO  impl.RaftServerProxy (RaftServerProxy.java:addNew(89)) - dce70d9e-b7b5-41e3-b2be-c4fe31afa812: addNew group-AC81C5AD7097:[dce70d9e-b7b5-41e3-b2be-c4fe31afa812:192.168.164.207:37367] returns group-AC81C5AD7097:java.util.concurrent.CompletableFuture@6600ad0f[Not completed]
2019-09-25 05:36:43,408 [pool-42-thread-1] INFO  impl.RaftServerImpl (RaftServerImpl.java:<init>(95)) - dce70d9e-b7b5-41e3-b2be-c4fe31afa812: new RaftServerImpl for group-AC81C5AD7097:[dce70d9e-b7b5-41e3-b2be-c4fe31afa812:192.168.164.207:37367] with ContainerStateMachine:uninitialized
2019-09-25 05:36:43,408 [pool-42-thread-1] INFO  server.RaftServerConfigKeys (ConfUtils.java:logGet(43)) - raft.server.rpc.timeout.min = 5s (custom)
2019-09-25 05:36:43,408 [pool-42-thread-1] INFO  server.RaftServerConfigKeys (ConfUtils.java:logGet(43)) - raft.server.rpc.timeout.max = 5200ms (custom)
2019-09-25 05:36:43,408 [pool-42-thread-1] INFO  server.RaftServerConfigKeys (ConfUtils.java:logGet(43)) - raft.server.rpcslowness.timeout = 120s (custom)
2019-09-25 05:36:43,408 [pool-42-thread-1] INFO  server.RaftServerConfigKeys (ConfUtils.java:logGet(43)) - raft.server.sleep.deviation.threshold = 300 (default)
2019-09-25 05:36:43,408 [pool-42-thread-1] INFO  server.RaftServerConfigKeys (ConfUtils.java:logGet(43)) - raft.server.log.appender.install.snapshot.enabled = false (custom)
2019-09-25 05:36:43,408 [pool-42-thread-1] INFO  impl.RaftServerImpl (ServerState.java:<init>(103)) - dce70d9e-b7b5-41e3-b2be-c4fe31afa812@group-AC81C5AD7097: ConfigurationManager, init=-1: [dce70d9e-b7b5-41e3-b2be-c4fe31afa812:192.168.164.207:37367], old=null, confs=<EMPTY_MAP>
2019-09-25 05:36:43,409 [pool-42-thread-1] INFO  server.RaftServerConfigKeys (ConfUtils.java:logGet(43)) - raft.server.storage.dir = [/workdir/hadoop-ozone/integration-test/target/test-dir/MiniOzoneClusterImpl-29dc12d8-8e72-470a-a134-d73b6532f6c9/datanode-1/data/ratis] (custom)
2019-09-25 05:36:43,409 [pool-42-thread-1] INFO  storage.RaftStorageDirectory (RaftStorageDirectory.java:analyzeStorage(246)) - The storage directory /workdir/hadoop-ozone/integration-test/target/test-dir/MiniOzoneClusterImpl-29dc12d8-8e72-470a-a134-d73b6532f6c9/datanode-1/data/ratis/024d139f-7f34-4853-9fae-ac81c5ad7097 does not exist. Creating ...
2019-09-25 05:36:43,616 [pool-42-thread-1] INFO  storage.RaftStorageDirectory (RaftStorageDirectory.java:tryLock(328)) - Lock on /workdir/hadoop-ozone/integration-test/target/test-dir/MiniOzoneClusterImpl-29dc12d8-8e72-470a-a134-d73b6532f6c9/datanode-1/data/ratis/024d139f-7f34-4853-9fae-ac81c5ad7097/in_use.lock acquired by nodename 26488@pr-hdds-1569-s44lr-3492059363
2019-09-25 05:36:43,621 [pool-42-thread-1] INFO  storage.RaftStorage (RaftStorage.java:format(72)) - Storage directory /workdir/hadoop-ozone/integration-test/target/test-dir/MiniOzoneClusterImpl-29dc12d8-8e72-470a-a134-d73b6532f6c9/datanode-1/data/ratis/024d139f-7f34-4853-9fae-ac81c5ad7097 has been successfully formatted.
2019-09-25 05:36:43,621 [pool-42-thread-1] INFO  ratis.ContainerStateMachine (ContainerStateMachine.java:loadSnapshot(230)) - group-AC81C5AD7097: The snapshot info is null. Setting the last applied indexto:(t:0, i:~)
2019-09-25 05:36:43,621 [pool-42-thread-1] INFO  server.RaftServerConfigKeys (ConfUtils.java:logGet(43)) - raft.server.notification.no-leader.timeout = 120s (custom)
2019-09-25 05:36:43,622 [pool-42-thread-1] INFO  server.RaftServerConfigKeys (ConfUtils.java:logGet(43)) - raft.server.log.use.memory = false (default)
2019-09-25 05:36:43,622 [pool-42-thread-1] INFO  server.RaftServerConfigKeys (ConfUtils.java:logGet(43)) - raft.server.log.purge.gap = 1000000 (custom)
2019-09-25 05:36:43,622 [pool-42-thread-1] INFO  server.RaftServerConfigKeys (ConfUtils.java:logGet(43)) - raft.server.log.appender.buffer.byte-limit = 33554432 (custom)
2019-09-25 05:36:43,622 [pool-42-thread-1] INFO  server.RaftServerConfigKeys (ConfUtils.java:logGet(43)) - raft.server.log.segment.size.max = 1048576 (custom)
2019-09-25 05:36:43,622 [pool-42-thread-1] INFO  server.RaftServerConfigKeys (ConfUtils.java:logGet(43)) - raft.server.log.segment.cache.num.max = 2 (custom)
2019-09-25 05:36:43,623 [pool-42-thread-1] INFO  segmented.SegmentedRaftLogWorker (SegmentedRaftLogWorker.java:<init>(172)) - new dce70d9e-b7b5-41e3-b2be-c4fe31afa812@group-AC81C5AD7097-SegmentedRaftLogWorker for RaftStorage:Storage Directory /workdir/hadoop-ozone/integration-test/target/test-dir/MiniOzoneClusterImpl-29dc12d8-8e72-470a-a134-d73b6532f6c9/datanode-1/data/ratis/024d139f-7f34-4853-9fae-ac81c5ad7097
2019-09-25 05:36:43,623 [pool-42-thread-1] INFO  server.RaftServerConfigKeys (ConfUtils.java:logGet(43)) - raft.server.log.queue.byte-limit = 2147483647 (custom)
2019-09-25 05:36:43,623 [pool-42-thread-1] INFO  server.RaftServerConfigKeys (ConfUtils.java:logGet(43)) - raft.server.log.queue.element-limit = 1024 (custom)
2019-09-25 05:36:43,623 [pool-42-thread-1] INFO  server.RaftServerConfigKeys (ConfUtils.java:logGet(43)) - raft.server.log.segment.size.max = 1048576 (custom)
2019-09-25 05:36:43,623 [pool-42-thread-1] INFO  server.RaftServerConfigKeys (ConfUtils.java:logGet(43)) - raft.server.log.preallocated.size = 16384 (custom)
2019-09-25 05:36:43,624 [pool-42-thread-1] INFO  server.RaftServerConfigKeys (ConfUtils.java:logGet(43)) - raft.server.log.write.buffer.size = 33554432 (custom)
2019-09-25 05:36:43,624 [pool-42-thread-1] INFO  server.RaftServerConfigKeys (ConfUtils.java:logGet(43)) - raft.server.log.force.sync.num = 128 (default)
2019-09-25 05:36:43,624 [pool-42-thread-1] INFO  server.RaftServerConfigKeys (ConfUtils.java:logGet(43)) - raft.server.log.statemachine.data.sync = true (default)
2019-09-25 05:36:43,624 [pool-42-thread-1] INFO  server.RaftServerConfigKeys (ConfUtils.java:logGet(43)) - raft.server.log.statemachine.data.sync.timeout = 10s (default)
2019-09-25 05:36:43,624 [pool-42-thread-1] INFO  server.RaftServerConfigKeys (ConfUtils.java:logGet(43)) - raft.server.log.statemachine.data.sync.timeout.retry = -1 (default)
2019-09-25 05:36:43,625 [pool-42-thread-1] INFO  server.RaftServerConfigKeys (ConfUtils.java:logGet(43)) - raft.server.log.statemachine.data.caching.enabled = true (custom)
2019-09-25 05:36:43,634 [pool-42-thread-1] INFO  segmented.SegmentedRaftLogWorker (SegmentedRaftLogWorker.java:lambda$new$0(132)) - dce70d9e-b7b5-41e3-b2be-c4fe31afa812@group-AC81C5AD7097-SegmentedRaftLogWorker: flushIndex: setUnconditionally 0 -> -1
2019-09-25 05:36:43,635 [pool-42-thread-1] INFO  server.RaftServerConfigKeys (ConfUtils.java:logGet(43)) - raft.server.snapshot.auto.trigger.enabled = true (custom)
2019-09-25 05:36:43,635 [pool-42-thread-1] INFO  server.RaftServerConfigKeys (ConfUtils.java:logGet(43)) - raft.server.snapshot.auto.trigger.threshold = 10000 (custom)
2019-09-25 05:36:43,635 [pool-42-thread-1] INFO  server.RaftServerConfigKeys (ConfUtils.java:logGet(43)) - raft.server.snapshot.retention.num.files = 5 (custom)
2019-09-25 05:36:43,635 [pool-42-thread-1] INFO  server.RaftServerConfigKeys (ConfUtils.java:logGet(43)) - raft.server.retrycache.expirytime = 600000ms (custom)
2019-09-25 05:36:43,639 [pool-42-thread-1] INFO  impl.RaftServerImpl (RaftServerImpl.java:start(185)) - dce70d9e-b7b5-41e3-b2be-c4fe31afa812@group-AC81C5AD7097: start as a follower, conf=-1: [dce70d9e-b7b5-41e3-b2be-c4fe31afa812:192.168.164.207:37367], old=null
2019-09-25 05:36:43,639 [pool-42-thread-1] INFO  impl.RaftServerImpl (RaftServerImpl.java:setRole(174)) - dce70d9e-b7b5-41e3-b2be-c4fe31afa812@group-AC81C5AD7097: changes role from      null to FOLLOWER at term 0 for startAsFollower
2019-09-25 05:36:43,639 [pool-42-thread-1] INFO  impl.RoleInfo (RoleInfo.java:updateAndGet(143)) - dce70d9e-b7b5-41e3-b2be-c4fe31afa812: start FollowerState
2019-09-25 05:36:43,639 [pool-42-thread-1] INFO  util.JmxRegister (JmxRegister.java:tryRegister(44)) - Successfully registered JMX Bean with object name Ratis:service=RaftServer,group=group-AC81C5AD7097,id=dce70d9e-b7b5-41e3-b2be-c4fe31afa812
2019-09-25 05:36:43,646 [RatisPipelineUtilsThread] INFO  pipeline.PipelineStateManager (PipelineStateManager.java:addPipeline(56)) - Created pipeline Pipeline[ Id: 024d139f-7f34-4853-9fae-ac81c5ad7097, Nodes: dce70d9e-b7b5-41e3-b2be-c4fe31afa812{ip: 192.168.164.207, host: pr-hdds-1569-s44lr-3492059363, networkLocation: /rack1, certSerialId: null}, Type:RATIS, Factor:ONE, State:OPEN]
2019-09-25 05:36:43,657 [grpc-default-executor-1] INFO  impl.RaftServerProxy (RaftServerProxy.java:addNew(89)) - 41c47655-c730-4efc-9be2-c06f510e0f0d: addNew group-791C1D73DD5F:[41c47655-c730-4efc-9be2-c06f510e0f0d:192.168.164.207:35700] returns group-791C1D73DD5F:java.util.concurrent.CompletableFuture@23f9c974[Not completed]
2019-09-25 05:36:43,658 [pool-32-thread-1] INFO  impl.RaftServerImpl (RaftServerImpl.java:<init>(95)) - 41c47655-c730-4efc-9be2-c06f510e0f0d: new RaftServerImpl for group-791C1D73DD5F:[41c47655-c730-4efc-9be2-c06f510e0f0d:192.168.164.207:35700] with ContainerStateMachine:uninitialized
2019-09-25 05:36:43,658 [pool-32-thread-1] INFO  server.RaftServerConfigKeys (ConfUtils.java:logGet(43)) - raft.server.rpc.timeout.min = 5s (custom)
2019-09-25 05:36:43,658 [pool-32-thread-1] INFO  server.RaftServerConfigKeys (ConfUtils.java:logGet(43)) - raft.server.rpc.timeout.max = 5200ms (custom)
2019-09-25 05:36:43,659 [pool-32-thread-1] INFO  server.RaftServerConfigKeys (ConfUtils.java:logGet(43)) - raft.server.rpcslowness.timeout = 120s (custom)
2019-09-25 05:36:43,659 [pool-32-thread-1] INFO  server.RaftServerConfigKeys (ConfUtils.java:logGet(43)) - raft.server.sleep.deviation.threshold = 300 (default)
2019-09-25 05:36:43,659 [pool-32-thread-1] INFO  server.RaftServerConfigKeys (ConfUtils.java:logGet(43)) - raft.server.log.appender.install.snapshot.enabled = false (custom)
2019-09-25 05:36:43,659 [pool-32-thread-1] INFO  impl.RaftServerImpl (ServerState.java:<init>(103)) - 41c47655-c730-4efc-9be2-c06f510e0f0d@group-791C1D73DD5F: ConfigurationManager, init=-1: [41c47655-c730-4efc-9be2-c06f510e0f0d:192.168.164.207:35700], old=null, confs=<EMPTY_MAP>
2019-09-25 05:36:43,659 [pool-32-thread-1] INFO  server.RaftServerConfigKeys (ConfUtils.java:logGet(43)) - raft.server.storage.dir = [/workdir/hadoop-ozone/integration-test/target/test-dir/MiniOzoneClusterImpl-29dc12d8-8e72-470a-a134-d73b6532f6c9/datanode-0/data/ratis] (custom)
2019-09-25 05:36:43,659 [pool-32-thread-1] INFO  storage.RaftStorageDirectory (RaftStorageDirectory.java:analyzeStorage(246)) - The storage directory /workdir/hadoop-ozone/integration-test/target/test-dir/MiniOzoneClusterImpl-29dc12d8-8e72-470a-a134-d73b6532f6c9/datanode-0/data/ratis/e3fa72f8-5c3e-4e8b-8b9e-791c1d73dd5f does not exist. Creating ...
2019-09-25 05:36:43,926 [pool-32-thread-1] INFO  storage.RaftStorageDirectory (RaftStorageDirectory.java:tryLock(328)) - Lock on /workdir/hadoop-ozone/integration-test/target/test-dir/MiniOzoneClusterImpl-29dc12d8-8e72-470a-a134-d73b6532f6c9/datanode-0/data/ratis/e3fa72f8-5c3e-4e8b-8b9e-791c1d73dd5f/in_use.lock acquired by nodename 26488@pr-hdds-1569-s44lr-3492059363
2019-09-25 05:36:44,231 [pool-32-thread-1] INFO  storage.RaftStorage (RaftStorage.java:format(72)) - Storage directory /workdir/hadoop-ozone/integration-test/target/test-dir/MiniOzoneClusterImpl-29dc12d8-8e72-470a-a134-d73b6532f6c9/datanode-0/data/ratis/e3fa72f8-5c3e-4e8b-8b9e-791c1d73dd5f has been successfully formatted.
2019-09-25 05:36:44,232 [pool-32-thread-1] INFO  ratis.ContainerStateMachine (ContainerStateMachine.java:loadSnapshot(230)) - group-791C1D73DD5F: The snapshot info is null. Setting the last applied indexto:(t:0, i:~)
2019-09-25 05:36:44,232 [pool-32-thread-1] INFO  server.RaftServerConfigKeys (ConfUtils.java:logGet(43)) - raft.server.notification.no-leader.timeout = 120s (custom)
2019-09-25 05:36:44,232 [pool-32-thread-1] INFO  server.RaftServerConfigKeys (ConfUtils.java:logGet(43)) - raft.server.log.use.memory = false (default)
2019-09-25 05:36:44,232 [pool-32-thread-1] INFO  server.RaftServerConfigKeys (ConfUtils.java:logGet(43)) - raft.server.log.purge.gap = 1000000 (custom)
2019-09-25 05:36:44,232 [pool-32-thread-1] INFO  server.RaftServerConfigKeys (ConfUtils.java:logGet(43)) - raft.server.log.appender.buffer.byte-limit = 33554432 (custom)
2019-09-25 05:36:44,232 [pool-32-thread-1] INFO  server.RaftServerConfigKeys (ConfUtils.java:logGet(43)) - raft.server.log.segment.size.max = 1048576 (custom)
2019-09-25 05:36:44,232 [pool-32-thread-1] INFO  server.RaftServerConfigKeys (ConfUtils.java:logGet(43)) - raft.server.log.segment.cache.num.max = 2 (custom)
2019-09-25 05:36:44,233 [pool-32-thread-1] INFO  segmented.SegmentedRaftLogWorker (SegmentedRaftLogWorker.java:<init>(172)) - new 41c47655-c730-4efc-9be2-c06f510e0f0d@group-791C1D73DD5F-SegmentedRaftLogWorker for RaftStorage:Storage Directory /workdir/hadoop-ozone/integration-test/target/test-dir/MiniOzoneClusterImpl-29dc12d8-8e72-470a-a134-d73b6532f6c9/datanode-0/data/ratis/e3fa72f8-5c3e-4e8b-8b9e-791c1d73dd5f
2019-09-25 05:36:44,233 [pool-32-thread-1] INFO  server.RaftServerConfigKeys (ConfUtils.java:logGet(43)) - raft.server.log.queue.byte-limit = 2147483647 (custom)
2019-09-25 05:36:44,233 [pool-32-thread-1] INFO  server.RaftServerConfigKeys (ConfUtils.java:logGet(43)) - raft.server.log.queue.element-limit = 1024 (custom)
2019-09-25 05:36:44,233 [pool-32-thread-1] INFO  server.RaftServerConfigKeys (ConfUtils.java:logGet(43)) - raft.server.log.segment.size.max = 1048576 (custom)
2019-09-25 05:36:44,233 [pool-32-thread-1] INFO  server.RaftServerConfigKeys (ConfUtils.java:logGet(43)) - raft.server.log.preallocated.size = 16384 (custom)
2019-09-25 05:36:44,233 [pool-32-thread-1] INFO  server.RaftServerConfigKeys (ConfUtils.java:logGet(43)) - raft.server.log.write.buffer.size = 33554432 (custom)
2019-09-25 05:36:44,233 [pool-32-thread-1] INFO  server.RaftServerConfigKeys (ConfUtils.java:logGet(43)) - raft.server.log.force.sync.num = 128 (default)
2019-09-25 05:36:44,233 [pool-32-thread-1] INFO  server.RaftServerConfigKeys (ConfUtils.java:logGet(43)) - raft.server.log.statemachine.data.sync = true (default)
2019-09-25 05:36:44,233 [pool-32-thread-1] INFO  server.RaftServerConfigKeys (ConfUtils.java:logGet(43)) - raft.server.log.statemachine.data.sync.timeout = 10s (default)
2019-09-25 05:36:44,234 [pool-32-thread-1] INFO  server.RaftServerConfigKeys (ConfUtils.java:logGet(43)) - raft.server.log.statemachine.data.sync.timeout.retry = -1 (default)
2019-09-25 05:36:44,234 [pool-32-thread-1] INFO  server.RaftServerConfigKeys (ConfUtils.java:logGet(43)) - raft.server.log.statemachine.data.caching.enabled = true (custom)
2019-09-25 05:36:44,234 [pool-32-thread-1] INFO  segmented.SegmentedRaftLogWorker (SegmentedRaftLogWorker.java:lambda$new$0(132)) - 41c47655-c730-4efc-9be2-c06f510e0f0d@group-791C1D73DD5F-SegmentedRaftLogWorker: flushIndex: setUnconditionally 0 -> -1
2019-09-25 05:36:44,235 [pool-32-thread-1] INFO  server.RaftServerConfigKeys (ConfUtils.java:logGet(43)) - raft.server.snapshot.auto.trigger.enabled = true (custom)
2019-09-25 05:36:44,235 [pool-32-thread-1] INFO  server.RaftServerConfigKeys (ConfUtils.java:logGet(43)) - raft.server.snapshot.auto.trigger.threshold = 10000 (custom)
2019-09-25 05:36:44,235 [pool-32-thread-1] INFO  server.RaftServerConfigKeys (ConfUtils.java:logGet(43)) - raft.server.snapshot.retention.num.files = 5 (custom)
2019-09-25 05:36:44,235 [pool-32-thread-1] INFO  server.RaftServerConfigKeys (ConfUtils.java:logGet(43)) - raft.server.retrycache.expirytime = 600000ms (custom)
2019-09-25 05:36:44,238 [pool-32-thread-1] INFO  impl.RaftServerImpl (RaftServerImpl.java:start(185)) - 41c47655-c730-4efc-9be2-c06f510e0f0d@group-791C1D73DD5F: start as a follower, conf=-1: [41c47655-c730-4efc-9be2-c06f510e0f0d:192.168.164.207:35700], old=null
2019-09-25 05:36:44,238 [pool-32-thread-1] INFO  impl.RaftServerImpl (RaftServerImpl.java:setRole(174)) - 41c47655-c730-4efc-9be2-c06f510e0f0d@group-791C1D73DD5F: changes role from      null to FOLLOWER at term 0 for startAsFollower
2019-09-25 05:36:44,238 [pool-32-thread-1] INFO  impl.RoleInfo (RoleInfo.java:updateAndGet(143)) - 41c47655-c730-4efc-9be2-c06f510e0f0d: start FollowerState
2019-09-25 05:36:44,243 [pool-32-thread-1] INFO  util.JmxRegister (JmxRegister.java:tryRegister(44)) - Successfully registered JMX Bean with object name Ratis:service=RaftServer,group=group-791C1D73DD5F,id=41c47655-c730-4efc-9be2-c06f510e0f0d
2019-09-25 05:36:44,251 [RatisPipelineUtilsThread] INFO  pipeline.PipelineStateManager (PipelineStateManager.java:addPipeline(56)) - Created pipeline Pipeline[ Id: e3fa72f8-5c3e-4e8b-8b9e-791c1d73dd5f, Nodes: 41c47655-c730-4efc-9be2-c06f510e0f0d{ip: 192.168.164.207, host: pr-hdds-1569-s44lr-3492059363, networkLocation: /rack1, certSerialId: null}, Type:RATIS, Factor:ONE, State:OPEN]
2019-09-25 05:36:44,252 [RatisPipelineUtilsThread] INFO  pipeline.PipelinePlacementPolicy (PipelinePlacementPolicy.java:meetCriteria(91)) - Pipeline Placement: can't place more pipeline on heavy datanode： 41c47655-c730-4efc-9be2-c06f510e0f0d Heaviness: 6 limit: 5
2019-09-25 05:36:44,266 [grpc-default-executor-1] INFO  impl.RaftServerProxy (RaftServerProxy.java:addNew(89)) - 2cc4f5f9-5dd4-4066-9743-dfede0a56e57: addNew group-70FFEB6D6573:[2cc4f5f9-5dd4-4066-9743-dfede0a56e57:192.168.164.207:35178] returns group-70FFEB6D6573:java.util.concurrent.CompletableFuture@7aec0542[Not completed]
2019-09-25 05:36:44,268 [pool-52-thread-1] INFO  impl.RaftServerImpl (RaftServerImpl.java:<init>(95)) - 2cc4f5f9-5dd4-4066-9743-dfede0a56e57: new RaftServerImpl for group-70FFEB6D6573:[2cc4f5f9-5dd4-4066-9743-dfede0a56e57:192.168.164.207:35178] with ContainerStateMachine:uninitialized
2019-09-25 05:36:44,268 [pool-52-thread-1] INFO  server.RaftServerConfigKeys (ConfUtils.java:logGet(43)) - raft.server.rpc.timeout.min = 5s (custom)
2019-09-25 05:36:44,269 [pool-52-thread-1] INFO  server.RaftServerConfigKeys (ConfUtils.java:logGet(43)) - raft.server.rpc.timeout.max = 5200ms (custom)
2019-09-25 05:36:44,269 [pool-52-thread-1] INFO  server.RaftServerConfigKeys (ConfUtils.java:logGet(43)) - raft.server.rpcslowness.timeout = 120s (custom)
2019-09-25 05:36:44,269 [pool-52-thread-1] INFO  server.RaftServerConfigKeys (ConfUtils.java:logGet(43)) - raft.server.sleep.deviation.threshold = 300 (default)
2019-09-25 05:36:44,269 [pool-52-thread-1] INFO  server.RaftServerConfigKeys (ConfUtils.java:logGet(43)) - raft.server.log.appender.install.snapshot.enabled = false (custom)
2019-09-25 05:36:44,269 [pool-52-thread-1] INFO  impl.RaftServerImpl (ServerState.java:<init>(103)) - 2cc4f5f9-5dd4-4066-9743-dfede0a56e57@group-70FFEB6D6573: ConfigurationManager, init=-1: [2cc4f5f9-5dd4-4066-9743-dfede0a56e57:192.168.164.207:35178], old=null, confs=<EMPTY_MAP>
2019-09-25 05:36:44,270 [pool-52-thread-1] INFO  server.RaftServerConfigKeys (ConfUtils.java:logGet(43)) - raft.server.storage.dir = [/workdir/hadoop-ozone/integration-test/target/test-dir/MiniOzoneClusterImpl-29dc12d8-8e72-470a-a134-d73b6532f6c9/datanode-2/data/ratis] (custom)
2019-09-25 05:36:44,270 [pool-52-thread-1] INFO  storage.RaftStorageDirectory (RaftStorageDirectory.java:analyzeStorage(246)) - The storage directory /workdir/hadoop-ozone/integration-test/target/test-dir/MiniOzoneClusterImpl-29dc12d8-8e72-470a-a134-d73b6532f6c9/datanode-2/data/ratis/a62a4837-8317-4d36-85dd-70ffeb6d6573 does not exist. Creating ...
2019-09-25 05:36:44,284 [pool-52-thread-1] INFO  storage.RaftStorageDirectory (RaftStorageDirectory.java:tryLock(328)) - Lock on /workdir/hadoop-ozone/integration-test/target/test-dir/MiniOzoneClusterImpl-29dc12d8-8e72-470a-a134-d73b6532f6c9/datanode-2/data/ratis/a62a4837-8317-4d36-85dd-70ffeb6d6573/in_use.lock acquired by nodename 26488@pr-hdds-1569-s44lr-3492059363
2019-09-25 05:36:44,297 [pool-52-thread-1] INFO  storage.RaftStorage (RaftStorage.java:format(72)) - Storage directory /workdir/hadoop-ozone/integration-test/target/test-dir/MiniOzoneClusterImpl-29dc12d8-8e72-470a-a134-d73b6532f6c9/datanode-2/data/ratis/a62a4837-8317-4d36-85dd-70ffeb6d6573 has been successfully formatted.
2019-09-25 05:36:44,297 [pool-52-thread-1] INFO  ratis.ContainerStateMachine (ContainerStateMachine.java:loadSnapshot(230)) - group-70FFEB6D6573: The snapshot info is null. Setting the last applied indexto:(t:0, i:~)
2019-09-25 05:36:44,297 [pool-52-thread-1] INFO  server.RaftServerConfigKeys (ConfUtils.java:logGet(43)) - raft.server.notification.no-leader.timeout = 120s (custom)
2019-09-25 05:36:44,297 [pool-52-thread-1] INFO  server.RaftServerConfigKeys (ConfUtils.java:logGet(43)) - raft.server.log.use.memory = false (default)
2019-09-25 05:36:44,298 [pool-52-thread-1] INFO  server.RaftServerConfigKeys (ConfUtils.java:logGet(43)) - raft.server.log.purge.gap = 1000000 (custom)
2019-09-25 05:36:44,298 [pool-52-thread-1] INFO  server.RaftServerConfigKeys (ConfUtils.java:logGet(43)) - raft.server.log.appender.buffer.byte-limit = 33554432 (custom)
2019-09-25 05:36:44,298 [pool-52-thread-1] INFO  server.RaftServerConfigKeys (ConfUtils.java:logGet(43)) - raft.server.log.segment.size.max = 1048576 (custom)
2019-09-25 05:36:44,298 [pool-52-thread-1] INFO  server.RaftServerConfigKeys (ConfUtils.java:logGet(43)) - raft.server.log.segment.cache.num.max = 2 (custom)
2019-09-25 05:36:44,298 [pool-52-thread-1] INFO  segmented.SegmentedRaftLogWorker (SegmentedRaftLogWorker.java:<init>(172)) - new 2cc4f5f9-5dd4-4066-9743-dfede0a56e57@group-70FFEB6D6573-SegmentedRaftLogWorker for RaftStorage:Storage Directory /workdir/hadoop-ozone/integration-test/target/test-dir/MiniOzoneClusterImpl-29dc12d8-8e72-470a-a134-d73b6532f6c9/datanode-2/data/ratis/a62a4837-8317-4d36-85dd-70ffeb6d6573
2019-09-25 05:36:44,299 [pool-52-thread-1] INFO  server.RaftServerConfigKeys (ConfUtils.java:logGet(43)) - raft.server.log.queue.byte-limit = 2147483647 (custom)
2019-09-25 05:36:44,299 [pool-52-thread-1] INFO  server.RaftServerConfigKeys (ConfUtils.java:logGet(43)) - raft.server.log.queue.element-limit = 1024 (custom)
2019-09-25 05:36:44,299 [pool-52-thread-1] INFO  server.RaftServerConfigKeys (ConfUtils.java:logGet(43)) - raft.server.log.segment.size.max = 1048576 (custom)
2019-09-25 05:36:44,299 [pool-52-thread-1] INFO  server.RaftServerConfigKeys (ConfUtils.java:logGet(43)) - raft.server.log.preallocated.size = 16384 (custom)
2019-09-25 05:36:44,299 [pool-52-thread-1] INFO  server.RaftServerConfigKeys (ConfUtils.java:logGet(43)) - raft.server.log.write.buffer.size = 33554432 (custom)
2019-09-25 05:36:44,299 [pool-52-thread-1] INFO  server.RaftServerConfigKeys (ConfUtils.java:logGet(43)) - raft.server.log.force.sync.num = 128 (default)
2019-09-25 05:36:44,300 [pool-52-thread-1] INFO  server.RaftServerConfigKeys (ConfUtils.java:logGet(43)) - raft.server.log.statemachine.data.sync = true (default)
2019-09-25 05:36:44,300 [pool-52-thread-1] INFO  server.RaftServerConfigKeys (ConfUtils.java:logGet(43)) - raft.server.log.statemachine.data.sync.timeout = 10s (default)
2019-09-25 05:36:44,300 [pool-52-thread-1] INFO  server.RaftServerConfigKeys (ConfUtils.java:logGet(43)) - raft.server.log.statemachine.data.sync.timeout.retry = -1 (default)
2019-09-25 05:36:44,300 [pool-52-thread-1] INFO  server.RaftServerConfigKeys (ConfUtils.java:logGet(43)) - raft.server.log.statemachine.data.caching.enabled = true (custom)
2019-09-25 05:36:44,300 [pool-52-thread-1] INFO  segmented.SegmentedRaftLogWorker (SegmentedRaftLogWorker.java:lambda$new$0(132)) - 2cc4f5f9-5dd4-4066-9743-dfede0a56e57@group-70FFEB6D6573-SegmentedRaftLogWorker: flushIndex: setUnconditionally 0 -> -1
2019-09-25 05:36:44,301 [pool-52-thread-1] INFO  server.RaftServerConfigKeys (ConfUtils.java:logGet(43)) - raft.server.snapshot.auto.trigger.enabled = true (custom)
2019-09-25 05:36:44,301 [pool-52-thread-1] INFO  server.RaftServerConfigKeys (ConfUtils.java:logGet(43)) - raft.server.snapshot.auto.trigger.threshold = 10000 (custom)
2019-09-25 05:36:44,301 [pool-52-thread-1] INFO  server.RaftServerConfigKeys (ConfUtils.java:logGet(43)) - raft.server.snapshot.retention.num.files = 5 (custom)
2019-09-25 05:36:44,301 [pool-52-thread-1] INFO  server.RaftServerConfigKeys (ConfUtils.java:logGet(43)) - raft.server.retrycache.expirytime = 600000ms (custom)
2019-09-25 05:36:44,305 [pool-52-thread-1] INFO  impl.RaftServerImpl (RaftServerImpl.java:start(185)) - 2cc4f5f9-5dd4-4066-9743-dfede0a56e57@group-70FFEB6D6573: start as a follower, conf=-1: [2cc4f5f9-5dd4-4066-9743-dfede0a56e57:192.168.164.207:35178], old=null
2019-09-25 05:36:44,305 [pool-52-thread-1] INFO  impl.RaftServerImpl (RaftServerImpl.java:setRole(174)) - 2cc4f5f9-5dd4-4066-9743-dfede0a56e57@group-70FFEB6D6573: changes role from      null to FOLLOWER at term 0 for startAsFollower
2019-09-25 05:36:44,305 [pool-52-thread-1] INFO  impl.RoleInfo (RoleInfo.java:updateAndGet(143)) - 2cc4f5f9-5dd4-4066-9743-dfede0a56e57: start FollowerState
2019-09-25 05:36:44,305 [pool-52-thread-1] INFO  util.JmxRegister (JmxRegister.java:tryRegister(44)) - Successfully registered JMX Bean with object name Ratis:service=RaftServer,group=group-70FFEB6D6573,id=2cc4f5f9-5dd4-4066-9743-dfede0a56e57
2019-09-25 05:36:44,315 [RatisPipelineUtilsThread] INFO  pipeline.PipelineStateManager (PipelineStateManager.java:addPipeline(56)) - Created pipeline Pipeline[ Id: a62a4837-8317-4d36-85dd-70ffeb6d6573, Nodes: 2cc4f5f9-5dd4-4066-9743-dfede0a56e57{ip: 192.168.164.207, host: pr-hdds-1569-s44lr-3492059363, networkLocation: /rack1, certSerialId: null}, Type:RATIS, Factor:ONE, State:OPEN]
2019-09-25 05:36:44,316 [RatisPipelineUtilsThread] INFO  pipeline.PipelinePlacementPolicy (PipelinePlacementPolicy.java:meetCriteria(91)) - Pipeline Placement: can't place more pipeline on heavy datanode： 41c47655-c730-4efc-9be2-c06f510e0f0d Heaviness: 6 limit: 5
2019-09-25 05:36:44,323 [grpc-default-executor-1] INFO  impl.RaftServerProxy (RaftServerProxy.java:addNew(89)) - 2cc4f5f9-5dd4-4066-9743-dfede0a56e57: addNew group-78AA995A3416:[2cc4f5f9-5dd4-4066-9743-dfede0a56e57:192.168.164.207:35178] returns group-78AA995A3416:java.util.concurrent.CompletableFuture@185cd7c5[Not completed]
2019-09-25 05:36:44,324 [pool-52-thread-1] INFO  impl.RaftServerImpl (RaftServerImpl.java:<init>(95)) - 2cc4f5f9-5dd4-4066-9743-dfede0a56e57: new RaftServerImpl for group-78AA995A3416:[2cc4f5f9-5dd4-4066-9743-dfede0a56e57:192.168.164.207:35178] with ContainerStateMachine:uninitialized
2019-09-25 05:36:44,324 [pool-52-thread-1] INFO  server.RaftServerConfigKeys (ConfUtils.java:logGet(43)) - raft.server.rpc.timeout.min = 5s (custom)
2019-09-25 05:36:44,324 [pool-52-thread-1] INFO  server.RaftServerConfigKeys (ConfUtils.java:logGet(43)) - raft.server.rpc.timeout.max = 5200ms (custom)
2019-09-25 05:36:44,324 [pool-52-thread-1] INFO  server.RaftServerConfigKeys (ConfUtils.java:logGet(43)) - raft.server.rpcslowness.timeout = 120s (custom)
2019-09-25 05:36:44,324 [pool-52-thread-1] INFO  server.RaftServerConfigKeys (ConfUtils.java:logGet(43)) - raft.server.sleep.deviation.threshold = 300 (default)
2019-09-25 05:36:44,324 [pool-52-thread-1] INFO  server.RaftServerConfigKeys (ConfUtils.java:logGet(43)) - raft.server.log.appender.install.snapshot.enabled = false (custom)
2019-09-25 05:36:44,325 [pool-52-thread-1] INFO  impl.RaftServerImpl (ServerState.java:<init>(103)) - 2cc4f5f9-5dd4-4066-9743-dfede0a56e57@group-78AA995A3416: ConfigurationManager, init=-1: [2cc4f5f9-5dd4-4066-9743-dfede0a56e57:192.168.164.207:35178], old=null, confs=<EMPTY_MAP>
2019-09-25 05:36:44,325 [pool-52-thread-1] INFO  server.RaftServerConfigKeys (ConfUtils.java:logGet(43)) - raft.server.storage.dir = [/workdir/hadoop-ozone/integration-test/target/test-dir/MiniOzoneClusterImpl-29dc12d8-8e72-470a-a134-d73b6532f6c9/datanode-2/data/ratis] (custom)
2019-09-25 05:36:44,325 [pool-52-thread-1] INFO  storage.RaftStorageDirectory (RaftStorageDirectory.java:analyzeStorage(246)) - The storage directory /workdir/hadoop-ozone/integration-test/target/test-dir/MiniOzoneClusterImpl-29dc12d8-8e72-470a-a134-d73b6532f6c9/datanode-2/data/ratis/f4af52c8-7689-4848-b638-78aa995a3416 does not exist. Creating ...
2019-09-25 05:36:44,338 [pool-52-thread-1] INFO  storage.RaftStorageDirectory (RaftStorageDirectory.java:tryLock(328)) - Lock on /workdir/hadoop-ozone/integration-test/target/test-dir/MiniOzoneClusterImpl-29dc12d8-8e72-470a-a134-d73b6532f6c9/datanode-2/data/ratis/f4af52c8-7689-4848-b638-78aa995a3416/in_use.lock acquired by nodename 26488@pr-hdds-1569-s44lr-3492059363
2019-09-25 05:36:44,351 [pool-52-thread-1] INFO  storage.RaftStorage (RaftStorage.java:format(72)) - Storage directory /workdir/hadoop-ozone/integration-test/target/test-dir/MiniOzoneClusterImpl-29dc12d8-8e72-470a-a134-d73b6532f6c9/datanode-2/data/ratis/f4af52c8-7689-4848-b638-78aa995a3416 has been successfully formatted.
2019-09-25 05:36:44,352 [pool-52-thread-1] INFO  ratis.ContainerStateMachine (ContainerStateMachine.java:loadSnapshot(230)) - group-78AA995A3416: The snapshot info is null. Setting the last applied indexto:(t:0, i:~)
2019-09-25 05:36:44,352 [pool-52-thread-1] INFO  server.RaftServerConfigKeys (ConfUtils.java:logGet(43)) - raft.server.notification.no-leader.timeout = 120s (custom)
2019-09-25 05:36:44,352 [pool-52-thread-1] INFO  server.RaftServerConfigKeys (ConfUtils.java:logGet(43)) - raft.server.log.use.memory = false (default)
2019-09-25 05:36:44,352 [pool-52-thread-1] INFO  server.RaftServerConfigKeys (ConfUtils.java:logGet(43)) - raft.server.log.purge.gap = 1000000 (custom)
2019-09-25 05:36:44,352 [pool-52-thread-1] INFO  server.RaftServerConfigKeys (ConfUtils.java:logGet(43)) - raft.server.log.appender.buffer.byte-limit = 33554432 (custom)
2019-09-25 05:36:44,352 [pool-52-thread-1] INFO  server.RaftServerConfigKeys (ConfUtils.java:logGet(43)) - raft.server.log.segment.size.max = 1048576 (custom)
2019-09-25 05:36:44,352 [pool-52-thread-1] INFO  server.RaftServerConfigKeys (ConfUtils.java:logGet(43)) - raft.server.log.segment.cache.num.max = 2 (custom)
2019-09-25 05:36:44,353 [pool-52-thread-1] INFO  segmented.SegmentedRaftLogWorker (SegmentedRaftLogWorker.java:<init>(172)) - new 2cc4f5f9-5dd4-4066-9743-dfede0a56e57@group-78AA995A3416-SegmentedRaftLogWorker for RaftStorage:Storage Directory /workdir/hadoop-ozone/integration-test/target/test-dir/MiniOzoneClusterImpl-29dc12d8-8e72-470a-a134-d73b6532f6c9/datanode-2/data/ratis/f4af52c8-7689-4848-b638-78aa995a3416
2019-09-25 05:36:44,353 [pool-52-thread-1] INFO  server.RaftServerConfigKeys (ConfUtils.java:logGet(43)) - raft.server.log.queue.byte-limit = 2147483647 (custom)
2019-09-25 05:36:44,353 [pool-52-thread-1] INFO  server.RaftServerConfigKeys (ConfUtils.java:logGet(43)) - raft.server.log.queue.element-limit = 1024 (custom)
2019-09-25 05:36:44,353 [pool-52-thread-1] INFO  server.RaftServerConfigKeys (ConfUtils.java:logGet(43)) - raft.server.log.segment.size.max = 1048576 (custom)
2019-09-25 05:36:44,353 [pool-52-thread-1] INFO  server.RaftServerConfigKeys (ConfUtils.java:logGet(43)) - raft.server.log.preallocated.size = 16384 (custom)
2019-09-25 05:36:44,353 [pool-52-thread-1] INFO  server.RaftServerConfigKeys (ConfUtils.java:logGet(43)) - raft.server.log.write.buffer.size = 33554432 (custom)
2019-09-25 05:36:44,353 [pool-52-thread-1] INFO  server.RaftServerConfigKeys (ConfUtils.java:logGet(43)) - raft.server.log.force.sync.num = 128 (default)
2019-09-25 05:36:44,353 [pool-52-thread-1] INFO  server.RaftServerConfigKeys (ConfUtils.java:logGet(43)) - raft.server.log.statemachine.data.sync = true (default)
2019-09-25 05:36:44,353 [pool-52-thread-1] INFO  server.RaftServerConfigKeys (ConfUtils.java:logGet(43)) - raft.server.log.statemachine.data.sync.timeout = 10s (default)
2019-09-25 05:36:44,354 [pool-52-thread-1] INFO  server.RaftServerConfigKeys (ConfUtils.java:logGet(43)) - raft.server.log.statemachine.data.sync.timeout.retry = -1 (default)
2019-09-25 05:36:44,354 [pool-52-thread-1] INFO  server.RaftServerConfigKeys (ConfUtils.java:logGet(43)) - raft.server.log.statemachine.data.caching.enabled = true (custom)
2019-09-25 05:36:44,354 [pool-52-thread-1] INFO  segmented.SegmentedRaftLogWorker (SegmentedRaftLogWorker.java:lambda$new$0(132)) - 2cc4f5f9-5dd4-4066-9743-dfede0a56e57@group-78AA995A3416-SegmentedRaftLogWorker: flushIndex: setUnconditionally 0 -> -1
2019-09-25 05:36:44,354 [pool-52-thread-1] INFO  server.RaftServerConfigKeys (ConfUtils.java:logGet(43)) - raft.server.snapshot.auto.trigger.enabled = true (custom)
2019-09-25 05:36:44,354 [pool-52-thread-1] INFO  server.RaftServerConfigKeys (ConfUtils.java:logGet(43)) - raft.server.snapshot.auto.trigger.threshold = 10000 (custom)
2019-09-25 05:36:44,354 [pool-52-thread-1] INFO  server.RaftServerConfigKeys (ConfUtils.java:logGet(43)) - raft.server.snapshot.retention.num.files = 5 (custom)
2019-09-25 05:36:44,355 [pool-52-thread-1] INFO  server.RaftServerConfigKeys (ConfUtils.java:logGet(43)) - raft.server.retrycache.expirytime = 600000ms (custom)
2019-09-25 05:36:44,357 [pool-52-thread-1] INFO  impl.RaftServerImpl (RaftServerImpl.java:start(185)) - 2cc4f5f9-5dd4-4066-9743-dfede0a56e57@group-78AA995A3416: start as a follower, conf=-1: [2cc4f5f9-5dd4-4066-9743-dfede0a56e57:192.168.164.207:35178], old=null
2019-09-25 05:36:44,357 [pool-52-thread-1] INFO  impl.RaftServerImpl (RaftServerImpl.java:setRole(174)) - 2cc4f5f9-5dd4-4066-9743-dfede0a56e57@group-78AA995A3416: changes role from      null to FOLLOWER at term 0 for startAsFollower
2019-09-25 05:36:44,357 [pool-52-thread-1] INFO  impl.RoleInfo (RoleInfo.java:updateAndGet(143)) - 2cc4f5f9-5dd4-4066-9743-dfede0a56e57: start FollowerState
2019-09-25 05:36:44,357 [pool-52-thread-1] INFO  util.JmxRegister (JmxRegister.java:tryRegister(44)) - Successfully registered JMX Bean with object name Ratis:service=RaftServer,group=group-78AA995A3416,id=2cc4f5f9-5dd4-4066-9743-dfede0a56e57
2019-09-25 05:36:44,362 [RatisPipelineUtilsThread] INFO  pipeline.PipelineStateManager (PipelineStateManager.java:addPipeline(56)) - Created pipeline Pipeline[ Id: f4af52c8-7689-4848-b638-78aa995a3416, Nodes: 2cc4f5f9-5dd4-4066-9743-dfede0a56e57{ip: 192.168.164.207, host: pr-hdds-1569-s44lr-3492059363, networkLocation: /rack1, certSerialId: null}, Type:RATIS, Factor:ONE, State:OPEN]
2019-09-25 05:36:44,362 [RatisPipelineUtilsThread] INFO  pipeline.PipelinePlacementPolicy (PipelinePlacementPolicy.java:meetCriteria(91)) - Pipeline Placement: can't place more pipeline on heavy datanode： 41c47655-c730-4efc-9be2-c06f510e0f0d Heaviness: 6 limit: 5
2019-09-25 05:36:44,374 [grpc-default-executor-1] INFO  impl.RaftServerProxy (RaftServerProxy.java:addNew(89)) - 2cc4f5f9-5dd4-4066-9743-dfede0a56e57: addNew group-6C1C98E8B2D6:[2cc4f5f9-5dd4-4066-9743-dfede0a56e57:192.168.164.207:35178] returns group-6C1C98E8B2D6:java.util.concurrent.CompletableFuture@261e21be[Not completed]
2019-09-25 05:36:44,375 [pool-52-thread-1] INFO  impl.RaftServerImpl (RaftServerImpl.java:<init>(95)) - 2cc4f5f9-5dd4-4066-9743-dfede0a56e57: new RaftServerImpl for group-6C1C98E8B2D6:[2cc4f5f9-5dd4-4066-9743-dfede0a56e57:192.168.164.207:35178] with ContainerStateMachine:uninitialized
2019-09-25 05:36:44,376 [pool-52-thread-1] INFO  server.RaftServerConfigKeys (ConfUtils.java:logGet(43)) - raft.server.rpc.timeout.min = 5s (custom)
2019-09-25 05:36:44,376 [pool-52-thread-1] INFO  server.RaftServerConfigKeys (ConfUtils.java:logGet(43)) - raft.server.rpc.timeout.max = 5200ms (custom)
2019-09-25 05:36:44,376 [pool-52-thread-1] INFO  server.RaftServerConfigKeys (ConfUtils.java:logGet(43)) - raft.server.rpcslowness.timeout = 120s (custom)
2019-09-25 05:36:44,376 [pool-52-thread-1] INFO  server.RaftServerConfigKeys (ConfUtils.java:logGet(43)) - raft.server.sleep.deviation.threshold = 300 (default)
2019-09-25 05:36:44,376 [pool-52-thread-1] INFO  server.RaftServerConfigKeys (ConfUtils.java:logGet(43)) - raft.server.log.appender.install.snapshot.enabled = false (custom)
2019-09-25 05:36:44,376 [pool-52-thread-1] INFO  impl.RaftServerImpl (ServerState.java:<init>(103)) - 2cc4f5f9-5dd4-4066-9743-dfede0a56e57@group-6C1C98E8B2D6: ConfigurationManager, init=-1: [2cc4f5f9-5dd4-4066-9743-dfede0a56e57:192.168.164.207:35178], old=null, confs=<EMPTY_MAP>
2019-09-25 05:36:44,376 [pool-52-thread-1] INFO  server.RaftServerConfigKeys (ConfUtils.java:logGet(43)) - raft.server.storage.dir = [/workdir/hadoop-ozone/integration-test/target/test-dir/MiniOzoneClusterImpl-29dc12d8-8e72-470a-a134-d73b6532f6c9/datanode-2/data/ratis] (custom)
2019-09-25 05:36:44,377 [pool-52-thread-1] INFO  storage.RaftStorageDirectory (RaftStorageDirectory.java:analyzeStorage(246)) - The storage directory /workdir/hadoop-ozone/integration-test/target/test-dir/MiniOzoneClusterImpl-29dc12d8-8e72-470a-a134-d73b6532f6c9/datanode-2/data/ratis/94d655e2-d0d9-45b1-823a-6c1c98e8b2d6 does not exist. Creating ...
2019-09-25 05:36:44,387 [pool-52-thread-1] INFO  storage.RaftStorageDirectory (RaftStorageDirectory.java:tryLock(328)) - Lock on /workdir/hadoop-ozone/integration-test/target/test-dir/MiniOzoneClusterImpl-29dc12d8-8e72-470a-a134-d73b6532f6c9/datanode-2/data/ratis/94d655e2-d0d9-45b1-823a-6c1c98e8b2d6/in_use.lock acquired by nodename 26488@pr-hdds-1569-s44lr-3492059363
2019-09-25 05:36:44,614 [pool-52-thread-1] INFO  storage.RaftStorage (RaftStorage.java:format(72)) - Storage directory /workdir/hadoop-ozone/integration-test/target/test-dir/MiniOzoneClusterImpl-29dc12d8-8e72-470a-a134-d73b6532f6c9/datanode-2/data/ratis/94d655e2-d0d9-45b1-823a-6c1c98e8b2d6 has been successfully formatted.
2019-09-25 05:36:44,615 [pool-52-thread-1] INFO  ratis.ContainerStateMachine (ContainerStateMachine.java:loadSnapshot(230)) - group-6C1C98E8B2D6: The snapshot info is null. Setting the last applied indexto:(t:0, i:~)
2019-09-25 05:36:44,615 [pool-52-thread-1] INFO  server.RaftServerConfigKeys (ConfUtils.java:logGet(43)) - raft.server.notification.no-leader.timeout = 120s (custom)
2019-09-25 05:36:44,615 [pool-52-thread-1] INFO  server.RaftServerConfigKeys (ConfUtils.java:logGet(43)) - raft.server.log.use.memory = false (default)
2019-09-25 05:36:44,616 [pool-52-thread-1] INFO  server.RaftServerConfigKeys (ConfUtils.java:logGet(43)) - raft.server.log.purge.gap = 1000000 (custom)
2019-09-25 05:36:44,616 [pool-52-thread-1] INFO  server.RaftServerConfigKeys (ConfUtils.java:logGet(43)) - raft.server.log.appender.buffer.byte-limit = 33554432 (custom)
2019-09-25 05:36:44,616 [pool-52-thread-1] INFO  server.RaftServerConfigKeys (ConfUtils.java:logGet(43)) - raft.server.log.segment.size.max = 1048576 (custom)
2019-09-25 05:36:44,616 [pool-52-thread-1] INFO  server.RaftServerConfigKeys (ConfUtils.java:logGet(43)) - raft.server.log.segment.cache.num.max = 2 (custom)
2019-09-25 05:36:44,616 [pool-52-thread-1] INFO  segmented.SegmentedRaftLogWorker (SegmentedRaftLogWorker.java:<init>(172)) - new 2cc4f5f9-5dd4-4066-9743-dfede0a56e57@group-6C1C98E8B2D6-SegmentedRaftLogWorker for RaftStorage:Storage Directory /workdir/hadoop-ozone/integration-test/target/test-dir/MiniOzoneClusterImpl-29dc12d8-8e72-470a-a134-d73b6532f6c9/datanode-2/data/ratis/94d655e2-d0d9-45b1-823a-6c1c98e8b2d6
2019-09-25 05:36:44,617 [pool-52-thread-1] INFO  server.RaftServerConfigKeys (ConfUtils.java:logGet(43)) - raft.server.log.queue.byte-limit = 2147483647 (custom)
2019-09-25 05:36:44,617 [pool-52-thread-1] INFO  server.RaftServerConfigKeys (ConfUtils.java:logGet(43)) - raft.server.log.queue.element-limit = 1024 (custom)
2019-09-25 05:36:44,617 [pool-52-thread-1] INFO  server.RaftServerConfigKeys (ConfUtils.java:logGet(43)) - raft.server.log.segment.size.max = 1048576 (custom)
2019-09-25 05:36:44,617 [pool-52-thread-1] INFO  server.RaftServerConfigKeys (ConfUtils.java:logGet(43)) - raft.server.log.preallocated.size = 16384 (custom)
2019-09-25 05:36:44,617 [pool-52-thread-1] INFO  server.RaftServerConfigKeys (ConfUtils.java:logGet(43)) - raft.server.log.write.buffer.size = 33554432 (custom)
2019-09-25 05:36:44,617 [pool-52-thread-1] INFO  server.RaftServerConfigKeys (ConfUtils.java:logGet(43)) - raft.server.log.force.sync.num = 128 (default)
2019-09-25 05:36:44,618 [pool-52-thread-1] INFO  server.RaftServerConfigKeys (ConfUtils.java:logGet(43)) - raft.server.log.statemachine.data.sync = true (default)
2019-09-25 05:36:44,618 [pool-52-thread-1] INFO  server.RaftServerConfigKeys (ConfUtils.java:logGet(43)) - raft.server.log.statemachine.data.sync.timeout = 10s (default)
2019-09-25 05:36:44,618 [pool-52-thread-1] INFO  server.RaftServerConfigKeys (ConfUtils.java:logGet(43)) - raft.server.log.statemachine.data.sync.timeout.retry = -1 (default)
2019-09-25 05:36:44,618 [pool-52-thread-1] INFO  server.RaftServerConfigKeys (ConfUtils.java:logGet(43)) - raft.server.log.statemachine.data.caching.enabled = true (custom)
2019-09-25 05:36:44,618 [pool-52-thread-1] INFO  segmented.SegmentedRaftLogWorker (SegmentedRaftLogWorker.java:lambda$new$0(132)) - 2cc4f5f9-5dd4-4066-9743-dfede0a56e57@group-6C1C98E8B2D6-SegmentedRaftLogWorker: flushIndex: setUnconditionally 0 -> -1
2019-09-25 05:36:44,619 [pool-52-thread-1] INFO  server.RaftServerConfigKeys (ConfUtils.java:logGet(43)) - raft.server.snapshot.auto.trigger.enabled = true (custom)
2019-09-25 05:36:44,619 [pool-52-thread-1] INFO  server.RaftServerConfigKeys (ConfUtils.java:logGet(43)) - raft.server.snapshot.auto.trigger.threshold = 10000 (custom)
2019-09-25 05:36:44,619 [pool-52-thread-1] INFO  server.RaftServerConfigKeys (ConfUtils.java:logGet(43)) - raft.server.snapshot.retention.num.files = 5 (custom)
2019-09-25 05:36:44,619 [pool-52-thread-1] INFO  server.RaftServerConfigKeys (ConfUtils.java:logGet(43)) - raft.server.retrycache.expirytime = 600000ms (custom)
2019-09-25 05:36:44,623 [pool-52-thread-1] INFO  impl.RaftServerImpl (RaftServerImpl.java:start(185)) - 2cc4f5f9-5dd4-4066-9743-dfede0a56e57@group-6C1C98E8B2D6: start as a follower, conf=-1: [2cc4f5f9-5dd4-4066-9743-dfede0a56e57:192.168.164.207:35178], old=null
2019-09-25 05:36:44,623 [pool-52-thread-1] INFO  impl.RaftServerImpl (RaftServerImpl.java:setRole(174)) - 2cc4f5f9-5dd4-4066-9743-dfede0a56e57@group-6C1C98E8B2D6: changes role from      null to FOLLOWER at term 0 for startAsFollower
2019-09-25 05:36:44,624 [pool-52-thread-1] INFO  impl.RoleInfo (RoleInfo.java:updateAndGet(143)) - 2cc4f5f9-5dd4-4066-9743-dfede0a56e57: start FollowerState
2019-09-25 05:36:44,624 [pool-52-thread-1] INFO  util.JmxRegister (JmxRegister.java:tryRegister(44)) - Successfully registered JMX Bean with object name Ratis:service=RaftServer,group=group-6C1C98E8B2D6,id=2cc4f5f9-5dd4-4066-9743-dfede0a56e57
2019-09-25 05:36:44,629 [RatisPipelineUtilsThread] INFO  pipeline.PipelineStateManager (PipelineStateManager.java:addPipeline(56)) - Created pipeline Pipeline[ Id: 94d655e2-d0d9-45b1-823a-6c1c98e8b2d6, Nodes: 2cc4f5f9-5dd4-4066-9743-dfede0a56e57{ip: 192.168.164.207, host: pr-hdds-1569-s44lr-3492059363, networkLocation: /rack1, certSerialId: null}, Type:RATIS, Factor:ONE, State:OPEN]
2019-09-25 05:36:44,629 [RatisPipelineUtilsThread] INFO  pipeline.PipelinePlacementPolicy (PipelinePlacementPolicy.java:meetCriteria(91)) - Pipeline Placement: can't place more pipeline on heavy datanode： 41c47655-c730-4efc-9be2-c06f510e0f0d Heaviness: 6 limit: 5
2019-09-25 05:36:44,629 [RatisPipelineUtilsThread] INFO  pipeline.PipelinePlacementPolicy (PipelinePlacementPolicy.java:meetCriteria(91)) - Pipeline Placement: can't place more pipeline on heavy datanode： 2cc4f5f9-5dd4-4066-9743-dfede0a56e57 Heaviness: 6 limit: 5
2019-09-25 05:36:44,638 [grpc-default-executor-1] INFO  impl.RaftServerProxy (RaftServerProxy.java:addNew(89)) - dce70d9e-b7b5-41e3-b2be-c4fe31afa812: addNew group-9D0B491BDF7A:[dce70d9e-b7b5-41e3-b2be-c4fe31afa812:192.168.164.207:37367] returns group-9D0B491BDF7A:java.util.concurrent.CompletableFuture@35ffe311[Not completed]
2019-09-25 05:36:44,640 [pool-42-thread-1] INFO  impl.RaftServerImpl (RaftServerImpl.java:<init>(95)) - dce70d9e-b7b5-41e3-b2be-c4fe31afa812: new RaftServerImpl for group-9D0B491BDF7A:[dce70d9e-b7b5-41e3-b2be-c4fe31afa812:192.168.164.207:37367] with ContainerStateMachine:uninitialized
2019-09-25 05:36:44,640 [pool-42-thread-1] INFO  server.RaftServerConfigKeys (ConfUtils.java:logGet(43)) - raft.server.rpc.timeout.min = 5s (custom)
2019-09-25 05:36:44,640 [pool-42-thread-1] INFO  server.RaftServerConfigKeys (ConfUtils.java:logGet(43)) - raft.server.rpc.timeout.max = 5200ms (custom)
2019-09-25 05:36:44,640 [pool-42-thread-1] INFO  server.RaftServerConfigKeys (ConfUtils.java:logGet(43)) - raft.server.rpcslowness.timeout = 120s (custom)
2019-09-25 05:36:44,640 [pool-42-thread-1] INFO  server.RaftServerConfigKeys (ConfUtils.java:logGet(43)) - raft.server.sleep.deviation.threshold = 300 (default)
2019-09-25 05:36:44,640 [pool-42-thread-1] INFO  server.RaftServerConfigKeys (ConfUtils.java:logGet(43)) - raft.server.log.appender.install.snapshot.enabled = false (custom)
2019-09-25 05:36:44,640 [pool-42-thread-1] INFO  impl.RaftServerImpl (ServerState.java:<init>(103)) - dce70d9e-b7b5-41e3-b2be-c4fe31afa812@group-9D0B491BDF7A: ConfigurationManager, init=-1: [dce70d9e-b7b5-41e3-b2be-c4fe31afa812:192.168.164.207:37367], old=null, confs=<EMPTY_MAP>
2019-09-25 05:36:44,641 [pool-42-thread-1] INFO  server.RaftServerConfigKeys (ConfUtils.java:logGet(43)) - raft.server.storage.dir = [/workdir/hadoop-ozone/integration-test/target/test-dir/MiniOzoneClusterImpl-29dc12d8-8e72-470a-a134-d73b6532f6c9/datanode-1/data/ratis] (custom)
2019-09-25 05:36:44,641 [pool-42-thread-1] INFO  storage.RaftStorageDirectory (RaftStorageDirectory.java:analyzeStorage(246)) - The storage directory /workdir/hadoop-ozone/integration-test/target/test-dir/MiniOzoneClusterImpl-29dc12d8-8e72-470a-a134-d73b6532f6c9/datanode-1/data/ratis/c1c65966-851a-44d7-8350-9d0b491bdf7a does not exist. Creating ...
2019-09-25 05:36:44,954 [pool-42-thread-1] INFO  storage.RaftStorageDirectory (RaftStorageDirectory.java:tryLock(328)) - Lock on /workdir/hadoop-ozone/integration-test/target/test-dir/MiniOzoneClusterImpl-29dc12d8-8e72-470a-a134-d73b6532f6c9/datanode-1/data/ratis/c1c65966-851a-44d7-8350-9d0b491bdf7a/in_use.lock acquired by nodename 26488@pr-hdds-1569-s44lr-3492059363
2019-09-25 05:36:44,959 [pool-42-thread-1] INFO  storage.RaftStorage (RaftStorage.java:format(72)) - Storage directory /workdir/hadoop-ozone/integration-test/target/test-dir/MiniOzoneClusterImpl-29dc12d8-8e72-470a-a134-d73b6532f6c9/datanode-1/data/ratis/c1c65966-851a-44d7-8350-9d0b491bdf7a has been successfully formatted.
2019-09-25 05:36:44,959 [pool-42-thread-1] INFO  ratis.ContainerStateMachine (ContainerStateMachine.java:loadSnapshot(230)) - group-9D0B491BDF7A: The snapshot info is null. Setting the last applied indexto:(t:0, i:~)
2019-09-25 05:36:44,959 [pool-42-thread-1] INFO  server.RaftServerConfigKeys (ConfUtils.java:logGet(43)) - raft.server.notification.no-leader.timeout = 120s (custom)
2019-09-25 05:36:44,959 [pool-42-thread-1] INFO  server.RaftServerConfigKeys (ConfUtils.java:logGet(43)) - raft.server.log.use.memory = false (default)
2019-09-25 05:36:44,960 [pool-42-thread-1] INFO  server.RaftServerConfigKeys (ConfUtils.java:logGet(43)) - raft.server.log.purge.gap = 1000000 (custom)
2019-09-25 05:36:44,960 [pool-42-thread-1] INFO  server.RaftServerConfigKeys (ConfUtils.java:logGet(43)) - raft.server.log.appender.buffer.byte-limit = 33554432 (custom)
2019-09-25 05:36:44,960 [pool-42-thread-1] INFO  server.RaftServerConfigKeys (ConfUtils.java:logGet(43)) - raft.server.log.segment.size.max = 1048576 (custom)
2019-09-25 05:36:44,960 [pool-42-thread-1] INFO  server.RaftServerConfigKeys (ConfUtils.java:logGet(43)) - raft.server.log.segment.cache.num.max = 2 (custom)
2019-09-25 05:36:44,960 [pool-42-thread-1] INFO  segmented.SegmentedRaftLogWorker (SegmentedRaftLogWorker.java:<init>(172)) - new dce70d9e-b7b5-41e3-b2be-c4fe31afa812@group-9D0B491BDF7A-SegmentedRaftLogWorker for RaftStorage:Storage Directory /workdir/hadoop-ozone/integration-test/target/test-dir/MiniOzoneClusterImpl-29dc12d8-8e72-470a-a134-d73b6532f6c9/datanode-1/data/ratis/c1c65966-851a-44d7-8350-9d0b491bdf7a
2019-09-25 05:36:44,960 [pool-42-thread-1] INFO  server.RaftServerConfigKeys (ConfUtils.java:logGet(43)) - raft.server.log.queue.byte-limit = 2147483647 (custom)
2019-09-25 05:36:44,961 [pool-42-thread-1] INFO  server.RaftServerConfigKeys (ConfUtils.java:logGet(43)) - raft.server.log.queue.element-limit = 1024 (custom)
2019-09-25 05:36:44,961 [pool-42-thread-1] INFO  server.RaftServerConfigKeys (ConfUtils.java:logGet(43)) - raft.server.log.segment.size.max = 1048576 (custom)
2019-09-25 05:36:44,961 [pool-42-thread-1] INFO  server.RaftServerConfigKeys (ConfUtils.java:logGet(43)) - raft.server.log.preallocated.size = 16384 (custom)
2019-09-25 05:36:44,961 [pool-42-thread-1] INFO  server.RaftServerConfigKeys (ConfUtils.java:logGet(43)) - raft.server.log.write.buffer.size = 33554432 (custom)
2019-09-25 05:36:44,961 [pool-42-thread-1] INFO  server.RaftServerConfigKeys (ConfUtils.java:logGet(43)) - raft.server.log.force.sync.num = 128 (default)
2019-09-25 05:36:44,962 [pool-42-thread-1] INFO  server.RaftServerConfigKeys (ConfUtils.java:logGet(43)) - raft.server.log.statemachine.data.sync = true (default)
2019-09-25 05:36:44,962 [pool-42-thread-1] INFO  server.RaftServerConfigKeys (ConfUtils.java:logGet(43)) - raft.server.log.statemachine.data.sync.timeout = 10s (default)
2019-09-25 05:36:44,962 [pool-42-thread-1] INFO  server.RaftServerConfigKeys (ConfUtils.java:logGet(43)) - raft.server.log.statemachine.data.sync.timeout.retry = -1 (default)
2019-09-25 05:36:44,962 [pool-42-thread-1] INFO  server.RaftServerConfigKeys (ConfUtils.java:logGet(43)) - raft.server.log.statemachine.data.caching.enabled = true (custom)
2019-09-25 05:36:44,963 [pool-42-thread-1] INFO  segmented.SegmentedRaftLogWorker (SegmentedRaftLogWorker.java:lambda$new$0(132)) - dce70d9e-b7b5-41e3-b2be-c4fe31afa812@group-9D0B491BDF7A-SegmentedRaftLogWorker: flushIndex: setUnconditionally 0 -> -1
2019-09-25 05:36:44,963 [pool-42-thread-1] INFO  server.RaftServerConfigKeys (ConfUtils.java:logGet(43)) - raft.server.snapshot.auto.trigger.enabled = true (custom)
2019-09-25 05:36:44,963 [pool-42-thread-1] INFO  server.RaftServerConfigKeys (ConfUtils.java:logGet(43)) - raft.server.snapshot.auto.trigger.threshold = 10000 (custom)
2019-09-25 05:36:44,963 [pool-42-thread-1] INFO  server.RaftServerConfigKeys (ConfUtils.java:logGet(43)) - raft.server.snapshot.retention.num.files = 5 (custom)
2019-09-25 05:36:44,964 [pool-42-thread-1] INFO  server.RaftServerConfigKeys (ConfUtils.java:logGet(43)) - raft.server.retrycache.expirytime = 600000ms (custom)
2019-09-25 05:36:44,967 [pool-42-thread-1] INFO  impl.RaftServerImpl (RaftServerImpl.java:start(185)) - dce70d9e-b7b5-41e3-b2be-c4fe31afa812@group-9D0B491BDF7A: start as a follower, conf=-1: [dce70d9e-b7b5-41e3-b2be-c4fe31afa812:192.168.164.207:37367], old=null
2019-09-25 05:36:44,967 [pool-42-thread-1] INFO  impl.RaftServerImpl (RaftServerImpl.java:setRole(174)) - dce70d9e-b7b5-41e3-b2be-c4fe31afa812@group-9D0B491BDF7A: changes role from      null to FOLLOWER at term 0 for startAsFollower
2019-09-25 05:36:44,967 [pool-42-thread-1] INFO  impl.RoleInfo (RoleInfo.java:updateAndGet(143)) - dce70d9e-b7b5-41e3-b2be-c4fe31afa812: start FollowerState
2019-09-25 05:36:44,968 [pool-42-thread-1] INFO  util.JmxRegister (JmxRegister.java:tryRegister(44)) - Successfully registered JMX Bean with object name Ratis:service=RaftServer,group=group-9D0B491BDF7A,id=dce70d9e-b7b5-41e3-b2be-c4fe31afa812
2019-09-25 05:36:44,973 [RatisPipelineUtilsThread] INFO  pipeline.PipelineStateManager (PipelineStateManager.java:addPipeline(56)) - Created pipeline Pipeline[ Id: c1c65966-851a-44d7-8350-9d0b491bdf7a, Nodes: dce70d9e-b7b5-41e3-b2be-c4fe31afa812{ip: 192.168.164.207, host: pr-hdds-1569-s44lr-3492059363, networkLocation: /rack1, certSerialId: null}, Type:RATIS, Factor:ONE, State:OPEN]
2019-09-25 05:36:44,973 [RatisPipelineUtilsThread] INFO  pipeline.PipelinePlacementPolicy (PipelinePlacementPolicy.java:meetCriteria(91)) - Pipeline Placement: can't place more pipeline on heavy datanode： 41c47655-c730-4efc-9be2-c06f510e0f0d Heaviness: 6 limit: 5
2019-09-25 05:36:44,974 [RatisPipelineUtilsThread] INFO  pipeline.PipelinePlacementPolicy (PipelinePlacementPolicy.java:meetCriteria(91)) - Pipeline Placement: can't place more pipeline on heavy datanode： 2cc4f5f9-5dd4-4066-9743-dfede0a56e57 Heaviness: 6 limit: 5
2019-09-25 05:36:44,983 [grpc-default-executor-1] INFO  impl.RaftServerProxy (RaftServerProxy.java:addNew(89)) - dce70d9e-b7b5-41e3-b2be-c4fe31afa812: addNew group-935E09450341:[dce70d9e-b7b5-41e3-b2be-c4fe31afa812:192.168.164.207:37367] returns group-935E09450341:java.util.concurrent.CompletableFuture@49f9b00a[Not completed]
2019-09-25 05:36:44,985 [pool-42-thread-1] INFO  impl.RaftServerImpl (RaftServerImpl.java:<init>(95)) - dce70d9e-b7b5-41e3-b2be-c4fe31afa812: new RaftServerImpl for group-935E09450341:[dce70d9e-b7b5-41e3-b2be-c4fe31afa812:192.168.164.207:37367] with ContainerStateMachine:uninitialized
2019-09-25 05:36:44,985 [pool-42-thread-1] INFO  server.RaftServerConfigKeys (ConfUtils.java:logGet(43)) - raft.server.rpc.timeout.min = 5s (custom)
2019-09-25 05:36:44,985 [pool-42-thread-1] INFO  server.RaftServerConfigKeys (ConfUtils.java:logGet(43)) - raft.server.rpc.timeout.max = 5200ms (custom)
2019-09-25 05:36:44,985 [pool-42-thread-1] INFO  server.RaftServerConfigKeys (ConfUtils.java:logGet(43)) - raft.server.rpcslowness.timeout = 120s (custom)
2019-09-25 05:36:44,985 [pool-42-thread-1] INFO  server.RaftServerConfigKeys (ConfUtils.java:logGet(43)) - raft.server.sleep.deviation.threshold = 300 (default)
2019-09-25 05:36:44,985 [pool-42-thread-1] INFO  server.RaftServerConfigKeys (ConfUtils.java:logGet(43)) - raft.server.log.appender.install.snapshot.enabled = false (custom)
2019-09-25 05:36:44,986 [pool-42-thread-1] INFO  impl.RaftServerImpl (ServerState.java:<init>(103)) - dce70d9e-b7b5-41e3-b2be-c4fe31afa812@group-935E09450341: ConfigurationManager, init=-1: [dce70d9e-b7b5-41e3-b2be-c4fe31afa812:192.168.164.207:37367], old=null, confs=<EMPTY_MAP>
2019-09-25 05:36:44,986 [pool-42-thread-1] INFO  server.RaftServerConfigKeys (ConfUtils.java:logGet(43)) - raft.server.storage.dir = [/workdir/hadoop-ozone/integration-test/target/test-dir/MiniOzoneClusterImpl-29dc12d8-8e72-470a-a134-d73b6532f6c9/datanode-1/data/ratis] (custom)
2019-09-25 05:36:44,986 [pool-42-thread-1] INFO  storage.RaftStorageDirectory (RaftStorageDirectory.java:analyzeStorage(246)) - The storage directory /workdir/hadoop-ozone/integration-test/target/test-dir/MiniOzoneClusterImpl-29dc12d8-8e72-470a-a134-d73b6532f6c9/datanode-1/data/ratis/815fa8ce-2212-47d7-affa-935e09450341 does not exist. Creating ...
2019-09-25 05:36:45,347 [pool-42-thread-1] INFO  storage.RaftStorageDirectory (RaftStorageDirectory.java:tryLock(328)) - Lock on /workdir/hadoop-ozone/integration-test/target/test-dir/MiniOzoneClusterImpl-29dc12d8-8e72-470a-a134-d73b6532f6c9/datanode-1/data/ratis/815fa8ce-2212-47d7-affa-935e09450341/in_use.lock acquired by nodename 26488@pr-hdds-1569-s44lr-3492059363
2019-09-25 05:36:45,361 [pool-42-thread-1] INFO  storage.RaftStorage (RaftStorage.java:format(72)) - Storage directory /workdir/hadoop-ozone/integration-test/target/test-dir/MiniOzoneClusterImpl-29dc12d8-8e72-470a-a134-d73b6532f6c9/datanode-1/data/ratis/815fa8ce-2212-47d7-affa-935e09450341 has been successfully formatted.
2019-09-25 05:36:45,362 [pool-42-thread-1] INFO  ratis.ContainerStateMachine (ContainerStateMachine.java:loadSnapshot(230)) - group-935E09450341: The snapshot info is null. Setting the last applied indexto:(t:0, i:~)
2019-09-25 05:36:45,362 [pool-42-thread-1] INFO  server.RaftServerConfigKeys (ConfUtils.java:logGet(43)) - raft.server.notification.no-leader.timeout = 120s (custom)
2019-09-25 05:36:45,362 [pool-42-thread-1] INFO  server.RaftServerConfigKeys (ConfUtils.java:logGet(43)) - raft.server.log.use.memory = false (default)
2019-09-25 05:36:45,362 [pool-42-thread-1] INFO  server.RaftServerConfigKeys (ConfUtils.java:logGet(43)) - raft.server.log.purge.gap = 1000000 (custom)
2019-09-25 05:36:45,363 [pool-42-thread-1] INFO  server.RaftServerConfigKeys (ConfUtils.java:logGet(43)) - raft.server.log.appender.buffer.byte-limit = 33554432 (custom)
2019-09-25 05:36:45,363 [pool-42-thread-1] INFO  server.RaftServerConfigKeys (ConfUtils.java:logGet(43)) - raft.server.log.segment.size.max = 1048576 (custom)
2019-09-25 05:36:45,363 [pool-42-thread-1] INFO  server.RaftServerConfigKeys (ConfUtils.java:logGet(43)) - raft.server.log.segment.cache.num.max = 2 (custom)
2019-09-25 05:36:45,363 [pool-42-thread-1] INFO  segmented.SegmentedRaftLogWorker (SegmentedRaftLogWorker.java:<init>(172)) - new dce70d9e-b7b5-41e3-b2be-c4fe31afa812@group-935E09450341-SegmentedRaftLogWorker for RaftStorage:Storage Directory /workdir/hadoop-ozone/integration-test/target/test-dir/MiniOzoneClusterImpl-29dc12d8-8e72-470a-a134-d73b6532f6c9/datanode-1/data/ratis/815fa8ce-2212-47d7-affa-935e09450341
2019-09-25 05:36:45,363 [pool-42-thread-1] INFO  server.RaftServerConfigKeys (ConfUtils.java:logGet(43)) - raft.server.log.queue.byte-limit = 2147483647 (custom)
2019-09-25 05:36:45,363 [pool-42-thread-1] INFO  server.RaftServerConfigKeys (ConfUtils.java:logGet(43)) - raft.server.log.queue.element-limit = 1024 (custom)
2019-09-25 05:36:45,364 [pool-42-thread-1] INFO  server.RaftServerConfigKeys (ConfUtils.java:logGet(43)) - raft.server.log.segment.size.max = 1048576 (custom)
2019-09-25 05:36:45,364 [pool-42-thread-1] INFO  server.RaftServerConfigKeys (ConfUtils.java:logGet(43)) - raft.server.log.preallocated.size = 16384 (custom)
2019-09-25 05:36:45,364 [pool-42-thread-1] INFO  server.RaftServerConfigKeys (ConfUtils.java:logGet(43)) - raft.server.log.write.buffer.size = 33554432 (custom)
2019-09-25 05:36:45,364 [pool-42-thread-1] INFO  server.RaftServerConfigKeys (ConfUtils.java:logGet(43)) - raft.server.log.force.sync.num = 128 (default)
2019-09-25 05:36:45,364 [pool-42-thread-1] INFO  server.RaftServerConfigKeys (ConfUtils.java:logGet(43)) - raft.server.log.statemachine.data.sync = true (default)
2019-09-25 05:36:45,364 [pool-42-thread-1] INFO  server.RaftServerConfigKeys (ConfUtils.java:logGet(43)) - raft.server.log.statemachine.data.sync.timeout = 10s (default)
2019-09-25 05:36:45,365 [pool-42-thread-1] INFO  server.RaftServerConfigKeys (ConfUtils.java:logGet(43)) - raft.server.log.statemachine.data.sync.timeout.retry = -1 (default)
2019-09-25 05:36:45,365 [pool-42-thread-1] INFO  server.RaftServerConfigKeys (ConfUtils.java:logGet(43)) - raft.server.log.statemachine.data.caching.enabled = true (custom)
2019-09-25 05:36:45,365 [pool-42-thread-1] INFO  segmented.SegmentedRaftLogWorker (SegmentedRaftLogWorker.java:lambda$new$0(132)) - dce70d9e-b7b5-41e3-b2be-c4fe31afa812@group-935E09450341-SegmentedRaftLogWorker: flushIndex: setUnconditionally 0 -> -1
2019-09-25 05:36:45,366 [pool-42-thread-1] INFO  server.RaftServerConfigKeys (ConfUtils.java:logGet(43)) - raft.server.snapshot.auto.trigger.enabled = true (custom)
2019-09-25 05:36:45,366 [pool-42-thread-1] INFO  server.RaftServerConfigKeys (ConfUtils.java:logGet(43)) - raft.server.snapshot.auto.trigger.threshold = 10000 (custom)
2019-09-25 05:36:45,366 [pool-42-thread-1] INFO  server.RaftServerConfigKeys (ConfUtils.java:logGet(43)) - raft.server.snapshot.retention.num.files = 5 (custom)
2019-09-25 05:36:45,366 [pool-42-thread-1] INFO  server.RaftServerConfigKeys (ConfUtils.java:logGet(43)) - raft.server.retrycache.expirytime = 600000ms (custom)
2019-09-25 05:36:45,369 [pool-42-thread-1] INFO  impl.RaftServerImpl (RaftServerImpl.java:start(185)) - dce70d9e-b7b5-41e3-b2be-c4fe31afa812@group-935E09450341: start as a follower, conf=-1: [dce70d9e-b7b5-41e3-b2be-c4fe31afa812:192.168.164.207:37367], old=null
2019-09-25 05:36:45,369 [pool-42-thread-1] INFO  impl.RaftServerImpl (RaftServerImpl.java:setRole(174)) - dce70d9e-b7b5-41e3-b2be-c4fe31afa812@group-935E09450341: changes role from      null to FOLLOWER at term 0 for startAsFollower
2019-09-25 05:36:45,370 [pool-42-thread-1] INFO  impl.RoleInfo (RoleInfo.java:updateAndGet(143)) - dce70d9e-b7b5-41e3-b2be-c4fe31afa812: start FollowerState
2019-09-25 05:36:45,370 [pool-42-thread-1] INFO  util.JmxRegister (JmxRegister.java:tryRegister(44)) - Successfully registered JMX Bean with object name Ratis:service=RaftServer,group=group-935E09450341,id=dce70d9e-b7b5-41e3-b2be-c4fe31afa812
2019-09-25 05:36:45,375 [RatisPipelineUtilsThread] INFO  pipeline.PipelineStateManager (PipelineStateManager.java:addPipeline(56)) - Created pipeline Pipeline[ Id: 815fa8ce-2212-47d7-affa-935e09450341, Nodes: dce70d9e-b7b5-41e3-b2be-c4fe31afa812{ip: 192.168.164.207, host: pr-hdds-1569-s44lr-3492059363, networkLocation: /rack1, certSerialId: null}, Type:RATIS, Factor:ONE, State:OPEN]
2019-09-25 05:36:45,375 [RatisPipelineUtilsThread] INFO  pipeline.PipelinePlacementPolicy (PipelinePlacementPolicy.java:meetCriteria(91)) - Pipeline Placement: can't place more pipeline on heavy datanode： dce70d9e-b7b5-41e3-b2be-c4fe31afa812 Heaviness: 6 limit: 5
2019-09-25 05:36:45,375 [RatisPipelineUtilsThread] INFO  pipeline.PipelinePlacementPolicy (PipelinePlacementPolicy.java:meetCriteria(91)) - Pipeline Placement: can't place more pipeline on heavy datanode： 41c47655-c730-4efc-9be2-c06f510e0f0d Heaviness: 6 limit: 5
2019-09-25 05:36:45,376 [RatisPipelineUtilsThread] INFO  pipeline.PipelinePlacementPolicy (PipelinePlacementPolicy.java:meetCriteria(91)) - Pipeline Placement: can't place more pipeline on heavy datanode： 2cc4f5f9-5dd4-4066-9743-dfede0a56e57 Heaviness: 6 limit: 5
2019-09-25 05:36:45,384 [grpc-default-executor-1] INFO  impl.RaftServerProxy (RaftServerProxy.java:addNew(89)) - 4b2f0759-f599-4d51-8475-2e6d9cd1aa69: addNew group-7E07FA027D4F:[4b2f0759-f599-4d51-8475-2e6d9cd1aa69:192.168.164.207:45682] returns group-7E07FA027D4F:java.util.concurrent.CompletableFuture@57d9a0f9[Not completed]
2019-09-25 05:36:45,386 [pool-62-thread-1] INFO  impl.RaftServerImpl (RaftServerImpl.java:<init>(95)) - 4b2f0759-f599-4d51-8475-2e6d9cd1aa69: new RaftServerImpl for group-7E07FA027D4F:[4b2f0759-f599-4d51-8475-2e6d9cd1aa69:192.168.164.207:45682] with ContainerStateMachine:uninitialized
2019-09-25 05:36:45,386 [pool-62-thread-1] INFO  server.RaftServerConfigKeys (ConfUtils.java:logGet(43)) - raft.server.rpc.timeout.min = 5s (custom)
2019-09-25 05:36:45,386 [pool-62-thread-1] INFO  server.RaftServerConfigKeys (ConfUtils.java:logGet(43)) - raft.server.rpc.timeout.max = 5200ms (custom)
2019-09-25 05:36:45,386 [pool-62-thread-1] INFO  server.RaftServerConfigKeys (ConfUtils.java:logGet(43)) - raft.server.rpcslowness.timeout = 120s (custom)
2019-09-25 05:36:45,386 [pool-62-thread-1] INFO  server.RaftServerConfigKeys (ConfUtils.java:logGet(43)) - raft.server.sleep.deviation.threshold = 300 (default)
2019-09-25 05:36:45,387 [pool-62-thread-1] INFO  server.RaftServerConfigKeys (ConfUtils.java:logGet(43)) - raft.server.log.appender.install.snapshot.enabled = false (custom)
2019-09-25 05:36:45,387 [pool-62-thread-1] INFO  impl.RaftServerImpl (ServerState.java:<init>(103)) - 4b2f0759-f599-4d51-8475-2e6d9cd1aa69@group-7E07FA027D4F: ConfigurationManager, init=-1: [4b2f0759-f599-4d51-8475-2e6d9cd1aa69:192.168.164.207:45682], old=null, confs=<EMPTY_MAP>
2019-09-25 05:36:45,387 [pool-62-thread-1] INFO  server.RaftServerConfigKeys (ConfUtils.java:logGet(43)) - raft.server.storage.dir = [/workdir/hadoop-ozone/integration-test/target/test-dir/MiniOzoneClusterImpl-29dc12d8-8e72-470a-a134-d73b6532f6c9/datanode-3/data/ratis] (custom)
2019-09-25 05:36:45,388 [pool-62-thread-1] INFO  storage.RaftStorageDirectory (RaftStorageDirectory.java:analyzeStorage(246)) - The storage directory /workdir/hadoop-ozone/integration-test/target/test-dir/MiniOzoneClusterImpl-29dc12d8-8e72-470a-a134-d73b6532f6c9/datanode-3/data/ratis/6da2dc4f-1535-441a-aafb-7e07fa027d4f does not exist. Creating ...
2019-09-25 05:36:45,401 [pool-62-thread-1] INFO  storage.RaftStorageDirectory (RaftStorageDirectory.java:tryLock(328)) - Lock on /workdir/hadoop-ozone/integration-test/target/test-dir/MiniOzoneClusterImpl-29dc12d8-8e72-470a-a134-d73b6532f6c9/datanode-3/data/ratis/6da2dc4f-1535-441a-aafb-7e07fa027d4f/in_use.lock acquired by nodename 26488@pr-hdds-1569-s44lr-3492059363
2019-09-25 05:36:45,415 [pool-62-thread-1] INFO  storage.RaftStorage (RaftStorage.java:format(72)) - Storage directory /workdir/hadoop-ozone/integration-test/target/test-dir/MiniOzoneClusterImpl-29dc12d8-8e72-470a-a134-d73b6532f6c9/datanode-3/data/ratis/6da2dc4f-1535-441a-aafb-7e07fa027d4f has been successfully formatted.
2019-09-25 05:36:45,416 [pool-62-thread-1] INFO  ratis.ContainerStateMachine (ContainerStateMachine.java:loadSnapshot(230)) - group-7E07FA027D4F: The snapshot info is null. Setting the last applied indexto:(t:0, i:~)
2019-09-25 05:36:45,416 [pool-62-thread-1] INFO  server.RaftServerConfigKeys (ConfUtils.java:logGet(43)) - raft.server.notification.no-leader.timeout = 120s (custom)
2019-09-25 05:36:45,416 [pool-62-thread-1] INFO  server.RaftServerConfigKeys (ConfUtils.java:logGet(43)) - raft.server.log.use.memory = false (default)
2019-09-25 05:36:45,416 [pool-62-thread-1] INFO  server.RaftServerConfigKeys (ConfUtils.java:logGet(43)) - raft.server.log.purge.gap = 1000000 (custom)
2019-09-25 05:36:45,416 [pool-62-thread-1] INFO  server.RaftServerConfigKeys (ConfUtils.java:logGet(43)) - raft.server.log.appender.buffer.byte-limit = 33554432 (custom)
2019-09-25 05:36:45,416 [pool-62-thread-1] INFO  server.RaftServerConfigKeys (ConfUtils.java:logGet(43)) - raft.server.log.segment.size.max = 1048576 (custom)
2019-09-25 05:36:45,417 [pool-62-thread-1] INFO  server.RaftServerConfigKeys (ConfUtils.java:logGet(43)) - raft.server.log.segment.cache.num.max = 2 (custom)
2019-09-25 05:36:45,417 [pool-62-thread-1] INFO  segmented.SegmentedRaftLogWorker (SegmentedRaftLogWorker.java:<init>(172)) - new 4b2f0759-f599-4d51-8475-2e6d9cd1aa69@group-7E07FA027D4F-SegmentedRaftLogWorker for RaftStorage:Storage Directory /workdir/hadoop-ozone/integration-test/target/test-dir/MiniOzoneClusterImpl-29dc12d8-8e72-470a-a134-d73b6532f6c9/datanode-3/data/ratis/6da2dc4f-1535-441a-aafb-7e07fa027d4f
2019-09-25 05:36:45,417 [pool-62-thread-1] INFO  server.RaftServerConfigKeys (ConfUtils.java:logGet(43)) - raft.server.log.queue.byte-limit = 2147483647 (custom)
2019-09-25 05:36:45,417 [pool-62-thread-1] INFO  server.RaftServerConfigKeys (ConfUtils.java:logGet(43)) - raft.server.log.queue.element-limit = 1024 (custom)
2019-09-25 05:36:45,417 [pool-62-thread-1] INFO  server.RaftServerConfigKeys (ConfUtils.java:logGet(43)) - raft.server.log.segment.size.max = 1048576 (custom)
2019-09-25 05:36:45,417 [pool-62-thread-1] INFO  server.RaftServerConfigKeys (ConfUtils.java:logGet(43)) - raft.server.log.preallocated.size = 16384 (custom)
2019-09-25 05:36:45,417 [pool-62-thread-1] INFO  server.RaftServerConfigKeys (ConfUtils.java:logGet(43)) - raft.server.log.write.buffer.size = 33554432 (custom)
2019-09-25 05:36:45,418 [pool-62-thread-1] INFO  server.RaftServerConfigKeys (ConfUtils.java:logGet(43)) - raft.server.log.force.sync.num = 128 (default)
2019-09-25 05:36:45,418 [pool-62-thread-1] INFO  server.RaftServerConfigKeys (ConfUtils.java:logGet(43)) - raft.server.log.statemachine.data.sync = true (default)
2019-09-25 05:36:45,418 [pool-62-thread-1] INFO  server.RaftServerConfigKeys (ConfUtils.java:logGet(43)) - raft.server.log.statemachine.data.sync.timeout = 10s (default)
2019-09-25 05:36:45,418 [pool-62-thread-1] INFO  server.RaftServerConfigKeys (ConfUtils.java:logGet(43)) - raft.server.log.statemachine.data.sync.timeout.retry = -1 (default)
2019-09-25 05:36:45,418 [pool-62-thread-1] INFO  server.RaftServerConfigKeys (ConfUtils.java:logGet(43)) - raft.server.log.statemachine.data.caching.enabled = true (custom)
2019-09-25 05:36:45,419 [pool-62-thread-1] INFO  segmented.SegmentedRaftLogWorker (SegmentedRaftLogWorker.java:lambda$new$0(132)) - 4b2f0759-f599-4d51-8475-2e6d9cd1aa69@group-7E07FA027D4F-SegmentedRaftLogWorker: flushIndex: setUnconditionally 0 -> -1
2019-09-25 05:36:45,419 [pool-62-thread-1] INFO  server.RaftServerConfigKeys (ConfUtils.java:logGet(43)) - raft.server.snapshot.auto.trigger.enabled = true (custom)
2019-09-25 05:36:45,419 [pool-62-thread-1] INFO  server.RaftServerConfigKeys (ConfUtils.java:logGet(43)) - raft.server.snapshot.auto.trigger.threshold = 10000 (custom)
2019-09-25 05:36:45,419 [pool-62-thread-1] INFO  server.RaftServerConfigKeys (ConfUtils.java:logGet(43)) - raft.server.snapshot.retention.num.files = 5 (custom)
2019-09-25 05:36:45,419 [pool-62-thread-1] INFO  server.RaftServerConfigKeys (ConfUtils.java:logGet(43)) - raft.server.retrycache.expirytime = 600000ms (custom)
2019-09-25 05:36:45,423 [pool-62-thread-1] INFO  impl.RaftServerImpl (RaftServerImpl.java:start(185)) - 4b2f0759-f599-4d51-8475-2e6d9cd1aa69@group-7E07FA027D4F: start as a follower, conf=-1: [4b2f0759-f599-4d51-8475-2e6d9cd1aa69:192.168.164.207:45682], old=null
2019-09-25 05:36:45,423 [pool-62-thread-1] INFO  impl.RaftServerImpl (RaftServerImpl.java:setRole(174)) - 4b2f0759-f599-4d51-8475-2e6d9cd1aa69@group-7E07FA027D4F: changes role from      null to FOLLOWER at term 0 for startAsFollower
2019-09-25 05:36:45,423 [pool-62-thread-1] INFO  impl.RoleInfo (RoleInfo.java:updateAndGet(143)) - 4b2f0759-f599-4d51-8475-2e6d9cd1aa69: start FollowerState
2019-09-25 05:36:45,423 [pool-62-thread-1] INFO  util.JmxRegister (JmxRegister.java:tryRegister(44)) - Successfully registered JMX Bean with object name Ratis:service=RaftServer,group=group-7E07FA027D4F,id=4b2f0759-f599-4d51-8475-2e6d9cd1aa69
2019-09-25 05:36:45,428 [RatisPipelineUtilsThread] INFO  pipeline.PipelineStateManager (PipelineStateManager.java:addPipeline(56)) - Created pipeline Pipeline[ Id: 6da2dc4f-1535-441a-aafb-7e07fa027d4f, Nodes: 4b2f0759-f599-4d51-8475-2e6d9cd1aa69{ip: 192.168.164.207, host: pr-hdds-1569-s44lr-3492059363, networkLocation: /rack1, certSerialId: null}, Type:RATIS, Factor:ONE, State:OPEN]
2019-09-25 05:36:45,428 [RatisPipelineUtilsThread] INFO  pipeline.PipelinePlacementPolicy (PipelinePlacementPolicy.java:meetCriteria(91)) - Pipeline Placement: can't place more pipeline on heavy datanode： dce70d9e-b7b5-41e3-b2be-c4fe31afa812 Heaviness: 6 limit: 5
2019-09-25 05:36:45,428 [RatisPipelineUtilsThread] INFO  pipeline.PipelinePlacementPolicy (PipelinePlacementPolicy.java:meetCriteria(91)) - Pipeline Placement: can't place more pipeline on heavy datanode： 41c47655-c730-4efc-9be2-c06f510e0f0d Heaviness: 6 limit: 5
2019-09-25 05:36:45,429 [RatisPipelineUtilsThread] INFO  pipeline.PipelinePlacementPolicy (PipelinePlacementPolicy.java:meetCriteria(91)) - Pipeline Placement: can't place more pipeline on heavy datanode： 2cc4f5f9-5dd4-4066-9743-dfede0a56e57 Heaviness: 6 limit: 5
2019-09-25 05:36:45,436 [grpc-default-executor-1] INFO  impl.RaftServerProxy (RaftServerProxy.java:addNew(89)) - 4b2f0759-f599-4d51-8475-2e6d9cd1aa69: addNew group-B7596A6D678A:[4b2f0759-f599-4d51-8475-2e6d9cd1aa69:192.168.164.207:45682] returns group-B7596A6D678A:java.util.concurrent.CompletableFuture@266176e8[Not completed]
2019-09-25 05:36:45,438 [pool-62-thread-1] INFO  impl.RaftServerImpl (RaftServerImpl.java:<init>(95)) - 4b2f0759-f599-4d51-8475-2e6d9cd1aa69: new RaftServerImpl for group-B7596A6D678A:[4b2f0759-f599-4d51-8475-2e6d9cd1aa69:192.168.164.207:45682] with ContainerStateMachine:uninitialized
2019-09-25 05:36:45,439 [pool-62-thread-1] INFO  server.RaftServerConfigKeys (ConfUtils.java:logGet(43)) - raft.server.rpc.timeout.min = 5s (custom)
2019-09-25 05:36:45,439 [pool-62-thread-1] INFO  server.RaftServerConfigKeys (ConfUtils.java:logGet(43)) - raft.server.rpc.timeout.max = 5200ms (custom)
2019-09-25 05:36:45,439 [pool-62-thread-1] INFO  server.RaftServerConfigKeys (ConfUtils.java:logGet(43)) - raft.server.rpcslowness.timeout = 120s (custom)
2019-09-25 05:36:45,439 [pool-62-thread-1] INFO  server.RaftServerConfigKeys (ConfUtils.java:logGet(43)) - raft.server.sleep.deviation.threshold = 300 (default)
2019-09-25 05:36:45,439 [pool-62-thread-1] INFO  server.RaftServerConfigKeys (ConfUtils.java:logGet(43)) - raft.server.log.appender.install.snapshot.enabled = false (custom)
2019-09-25 05:36:45,439 [pool-62-thread-1] INFO  impl.RaftServerImpl (ServerState.java:<init>(103)) - 4b2f0759-f599-4d51-8475-2e6d9cd1aa69@group-B7596A6D678A: ConfigurationManager, init=-1: [4b2f0759-f599-4d51-8475-2e6d9cd1aa69:192.168.164.207:45682], old=null, confs=<EMPTY_MAP>
2019-09-25 05:36:45,440 [pool-62-thread-1] INFO  server.RaftServerConfigKeys (ConfUtils.java:logGet(43)) - raft.server.storage.dir = [/workdir/hadoop-ozone/integration-test/target/test-dir/MiniOzoneClusterImpl-29dc12d8-8e72-470a-a134-d73b6532f6c9/datanode-3/data/ratis] (custom)
2019-09-25 05:36:45,440 [pool-62-thread-1] INFO  storage.RaftStorageDirectory (RaftStorageDirectory.java:analyzeStorage(246)) - The storage directory /workdir/hadoop-ozone/integration-test/target/test-dir/MiniOzoneClusterImpl-29dc12d8-8e72-470a-a134-d73b6532f6c9/datanode-3/data/ratis/4548ed05-ab65-4233-86a5-b7596a6d678a does not exist. Creating ...
2019-09-25 05:36:45,453 [pool-62-thread-1] INFO  storage.RaftStorageDirectory (RaftStorageDirectory.java:tryLock(328)) - Lock on /workdir/hadoop-ozone/integration-test/target/test-dir/MiniOzoneClusterImpl-29dc12d8-8e72-470a-a134-d73b6532f6c9/datanode-3/data/ratis/4548ed05-ab65-4233-86a5-b7596a6d678a/in_use.lock acquired by nodename 26488@pr-hdds-1569-s44lr-3492059363
2019-09-25 05:36:45,467 [pool-62-thread-1] INFO  storage.RaftStorage (RaftStorage.java:format(72)) - Storage directory /workdir/hadoop-ozone/integration-test/target/test-dir/MiniOzoneClusterImpl-29dc12d8-8e72-470a-a134-d73b6532f6c9/datanode-3/data/ratis/4548ed05-ab65-4233-86a5-b7596a6d678a has been successfully formatted.
2019-09-25 05:36:45,468 [pool-62-thread-1] INFO  ratis.ContainerStateMachine (ContainerStateMachine.java:loadSnapshot(230)) - group-B7596A6D678A: The snapshot info is null. Setting the last applied indexto:(t:0, i:~)
2019-09-25 05:36:45,468 [pool-62-thread-1] INFO  server.RaftServerConfigKeys (ConfUtils.java:logGet(43)) - raft.server.notification.no-leader.timeout = 120s (custom)
2019-09-25 05:36:45,468 [pool-62-thread-1] INFO  server.RaftServerConfigKeys (ConfUtils.java:logGet(43)) - raft.server.log.use.memory = false (default)
2019-09-25 05:36:45,469 [pool-62-thread-1] INFO  server.RaftServerConfigKeys (ConfUtils.java:logGet(43)) - raft.server.log.purge.gap = 1000000 (custom)
2019-09-25 05:36:45,469 [pool-62-thread-1] INFO  server.RaftServerConfigKeys (ConfUtils.java:logGet(43)) - raft.server.log.appender.buffer.byte-limit = 33554432 (custom)
2019-09-25 05:36:45,469 [pool-62-thread-1] INFO  server.RaftServerConfigKeys (ConfUtils.java:logGet(43)) - raft.server.log.segment.size.max = 1048576 (custom)
2019-09-25 05:36:45,469 [pool-62-thread-1] INFO  server.RaftServerConfigKeys (ConfUtils.java:logGet(43)) - raft.server.log.segment.cache.num.max = 2 (custom)
2019-09-25 05:36:45,469 [pool-62-thread-1] INFO  segmented.SegmentedRaftLogWorker (SegmentedRaftLogWorker.java:<init>(172)) - new 4b2f0759-f599-4d51-8475-2e6d9cd1aa69@group-B7596A6D678A-SegmentedRaftLogWorker for RaftStorage:Storage Directory /workdir/hadoop-ozone/integration-test/target/test-dir/MiniOzoneClusterImpl-29dc12d8-8e72-470a-a134-d73b6532f6c9/datanode-3/data/ratis/4548ed05-ab65-4233-86a5-b7596a6d678a
2019-09-25 05:36:45,469 [pool-62-thread-1] INFO  server.RaftServerConfigKeys (ConfUtils.java:logGet(43)) - raft.server.log.queue.byte-limit = 2147483647 (custom)
2019-09-25 05:36:45,470 [pool-62-thread-1] INFO  server.RaftServerConfigKeys (ConfUtils.java:logGet(43)) - raft.server.log.queue.element-limit = 1024 (custom)
2019-09-25 05:36:45,470 [pool-62-thread-1] INFO  server.RaftServerConfigKeys (ConfUtils.java:logGet(43)) - raft.server.log.segment.size.max = 1048576 (custom)
2019-09-25 05:36:45,470 [pool-62-thread-1] INFO  server.RaftServerConfigKeys (ConfUtils.java:logGet(43)) - raft.server.log.preallocated.size = 16384 (custom)
2019-09-25 05:36:45,470 [pool-62-thread-1] INFO  server.RaftServerConfigKeys (ConfUtils.java:logGet(43)) - raft.server.log.write.buffer.size = 33554432 (custom)
2019-09-25 05:36:45,470 [pool-62-thread-1] INFO  server.RaftServerConfigKeys (ConfUtils.java:logGet(43)) - raft.server.log.force.sync.num = 128 (default)
2019-09-25 05:36:45,471 [pool-62-thread-1] INFO  server.RaftServerConfigKeys (ConfUtils.java:logGet(43)) - raft.server.log.statemachine.data.sync = true (default)
2019-09-25 05:36:45,471 [pool-62-thread-1] INFO  server.RaftServerConfigKeys (ConfUtils.java:logGet(43)) - raft.server.log.statemachine.data.sync.timeout = 10s (default)
2019-09-25 05:36:45,471 [pool-62-thread-1] INFO  server.RaftServerConfigKeys (ConfUtils.java:logGet(43)) - raft.server.log.statemachine.data.sync.timeout.retry = -1 (default)
2019-09-25 05:36:45,471 [pool-62-thread-1] INFO  server.RaftServerConfigKeys (ConfUtils.java:logGet(43)) - raft.server.log.statemachine.data.caching.enabled = true (custom)
2019-09-25 05:36:45,472 [pool-62-thread-1] INFO  segmented.SegmentedRaftLogWorker (SegmentedRaftLogWorker.java:lambda$new$0(132)) - 4b2f0759-f599-4d51-8475-2e6d9cd1aa69@group-B7596A6D678A-SegmentedRaftLogWorker: flushIndex: setUnconditionally 0 -> -1
2019-09-25 05:36:45,472 [pool-62-thread-1] INFO  server.RaftServerConfigKeys (ConfUtils.java:logGet(43)) - raft.server.snapshot.auto.trigger.enabled = true (custom)
2019-09-25 05:36:45,472 [pool-62-thread-1] INFO  server.RaftServerConfigKeys (ConfUtils.java:logGet(43)) - raft.server.snapshot.auto.trigger.threshold = 10000 (custom)
2019-09-25 05:36:45,472 [pool-62-thread-1] INFO  server.RaftServerConfigKeys (ConfUtils.java:logGet(43)) - raft.server.snapshot.retention.num.files = 5 (custom)
2019-09-25 05:36:45,473 [pool-62-thread-1] INFO  server.RaftServerConfigKeys (ConfUtils.java:logGet(43)) - raft.server.retrycache.expirytime = 600000ms (custom)
2019-09-25 05:36:45,476 [pool-62-thread-1] INFO  impl.RaftServerImpl (RaftServerImpl.java:start(185)) - 4b2f0759-f599-4d51-8475-2e6d9cd1aa69@group-B7596A6D678A: start as a follower, conf=-1: [4b2f0759-f599-4d51-8475-2e6d9cd1aa69:192.168.164.207:45682], old=null
2019-09-25 05:36:45,476 [pool-62-thread-1] INFO  impl.RaftServerImpl (RaftServerImpl.java:setRole(174)) - 4b2f0759-f599-4d51-8475-2e6d9cd1aa69@group-B7596A6D678A: changes role from      null to FOLLOWER at term 0 for startAsFollower
2019-09-25 05:36:45,476 [pool-62-thread-1] INFO  impl.RoleInfo (RoleInfo.java:updateAndGet(143)) - 4b2f0759-f599-4d51-8475-2e6d9cd1aa69: start FollowerState
2019-09-25 05:36:45,477 [pool-62-thread-1] INFO  util.JmxRegister (JmxRegister.java:tryRegister(44)) - Successfully registered JMX Bean with object name Ratis:service=RaftServer,group=group-B7596A6D678A,id=4b2f0759-f599-4d51-8475-2e6d9cd1aa69
2019-09-25 05:36:45,481 [RatisPipelineUtilsThread] INFO  pipeline.PipelineStateManager (PipelineStateManager.java:addPipeline(56)) - Created pipeline Pipeline[ Id: 4548ed05-ab65-4233-86a5-b7596a6d678a, Nodes: 4b2f0759-f599-4d51-8475-2e6d9cd1aa69{ip: 192.168.164.207, host: pr-hdds-1569-s44lr-3492059363, networkLocation: /rack1, certSerialId: null}, Type:RATIS, Factor:ONE, State:OPEN]
2019-09-25 05:36:45,482 [RatisPipelineUtilsThread] INFO  pipeline.PipelinePlacementPolicy (PipelinePlacementPolicy.java:meetCriteria(91)) - Pipeline Placement: can't place more pipeline on heavy datanode： dce70d9e-b7b5-41e3-b2be-c4fe31afa812 Heaviness: 6 limit: 5
2019-09-25 05:36:45,482 [RatisPipelineUtilsThread] INFO  pipeline.PipelinePlacementPolicy (PipelinePlacementPolicy.java:meetCriteria(91)) - Pipeline Placement: can't place more pipeline on heavy datanode： 41c47655-c730-4efc-9be2-c06f510e0f0d Heaviness: 6 limit: 5
2019-09-25 05:36:45,482 [RatisPipelineUtilsThread] INFO  pipeline.PipelinePlacementPolicy (PipelinePlacementPolicy.java:meetCriteria(91)) - Pipeline Placement: can't place more pipeline on heavy datanode： 2cc4f5f9-5dd4-4066-9743-dfede0a56e57 Heaviness: 6 limit: 5
2019-09-25 05:36:45,491 [grpc-default-executor-1] INFO  impl.RaftServerProxy (RaftServerProxy.java:addNew(89)) - 4b2f0759-f599-4d51-8475-2e6d9cd1aa69: addNew group-7742CA127705:[4b2f0759-f599-4d51-8475-2e6d9cd1aa69:192.168.164.207:45682] returns group-7742CA127705:java.util.concurrent.CompletableFuture@949d05[Not completed]
2019-09-25 05:36:45,493 [pool-62-thread-1] INFO  impl.RaftServerImpl (RaftServerImpl.java:<init>(95)) - 4b2f0759-f599-4d51-8475-2e6d9cd1aa69: new RaftServerImpl for group-7742CA127705:[4b2f0759-f599-4d51-8475-2e6d9cd1aa69:192.168.164.207:45682] with ContainerStateMachine:uninitialized
2019-09-25 05:36:45,493 [pool-62-thread-1] INFO  server.RaftServerConfigKeys (ConfUtils.java:logGet(43)) - raft.server.rpc.timeout.min = 5s (custom)
2019-09-25 05:36:45,493 [pool-62-thread-1] INFO  server.RaftServerConfigKeys (ConfUtils.java:logGet(43)) - raft.server.rpc.timeout.max = 5200ms (custom)
2019-09-25 05:36:45,493 [pool-62-thread-1] INFO  server.RaftServerConfigKeys (ConfUtils.java:logGet(43)) - raft.server.rpcslowness.timeout = 120s (custom)
2019-09-25 05:36:45,494 [pool-62-thread-1] INFO  server.RaftServerConfigKeys (ConfUtils.java:logGet(43)) - raft.server.sleep.deviation.threshold = 300 (default)
2019-09-25 05:36:45,494 [pool-62-thread-1] INFO  server.RaftServerConfigKeys (ConfUtils.java:logGet(43)) - raft.server.log.appender.install.snapshot.enabled = false (custom)
2019-09-25 05:36:45,494 [pool-62-thread-1] INFO  impl.RaftServerImpl (ServerState.java:<init>(103)) - 4b2f0759-f599-4d51-8475-2e6d9cd1aa69@group-7742CA127705: ConfigurationManager, init=-1: [4b2f0759-f599-4d51-8475-2e6d9cd1aa69:192.168.164.207:45682], old=null, confs=<EMPTY_MAP>
2019-09-25 05:36:45,494 [pool-62-thread-1] INFO  server.RaftServerConfigKeys (ConfUtils.java:logGet(43)) - raft.server.storage.dir = [/workdir/hadoop-ozone/integration-test/target/test-dir/MiniOzoneClusterImpl-29dc12d8-8e72-470a-a134-d73b6532f6c9/datanode-3/data/ratis] (custom)
2019-09-25 05:36:45,495 [pool-62-thread-1] INFO  storage.RaftStorageDirectory (RaftStorageDirectory.java:analyzeStorage(246)) - The storage directory /workdir/hadoop-ozone/integration-test/target/test-dir/MiniOzoneClusterImpl-29dc12d8-8e72-470a-a134-d73b6532f6c9/datanode-3/data/ratis/5e91dd73-1221-4a02-b571-7742ca127705 does not exist. Creating ...
2019-09-25 05:36:45,508 [pool-62-thread-1] INFO  storage.RaftStorageDirectory (RaftStorageDirectory.java:tryLock(328)) - Lock on /workdir/hadoop-ozone/integration-test/target/test-dir/MiniOzoneClusterImpl-29dc12d8-8e72-470a-a134-d73b6532f6c9/datanode-3/data/ratis/5e91dd73-1221-4a02-b571-7742ca127705/in_use.lock acquired by nodename 26488@pr-hdds-1569-s44lr-3492059363
2019-09-25 05:36:45,522 [pool-62-thread-1] INFO  storage.RaftStorage (RaftStorage.java:format(72)) - Storage directory /workdir/hadoop-ozone/integration-test/target/test-dir/MiniOzoneClusterImpl-29dc12d8-8e72-470a-a134-d73b6532f6c9/datanode-3/data/ratis/5e91dd73-1221-4a02-b571-7742ca127705 has been successfully formatted.
2019-09-25 05:36:45,523 [pool-62-thread-1] INFO  ratis.ContainerStateMachine (ContainerStateMachine.java:loadSnapshot(230)) - group-7742CA127705: The snapshot info is null. Setting the last applied indexto:(t:0, i:~)
2019-09-25 05:36:45,523 [pool-62-thread-1] INFO  server.RaftServerConfigKeys (ConfUtils.java:logGet(43)) - raft.server.notification.no-leader.timeout = 120s (custom)
2019-09-25 05:36:45,523 [pool-62-thread-1] INFO  server.RaftServerConfigKeys (ConfUtils.java:logGet(43)) - raft.server.log.use.memory = false (default)
2019-09-25 05:36:45,523 [pool-62-thread-1] INFO  server.RaftServerConfigKeys (ConfUtils.java:logGet(43)) - raft.server.log.purge.gap = 1000000 (custom)
2019-09-25 05:36:45,524 [pool-62-thread-1] INFO  server.RaftServerConfigKeys (ConfUtils.java:logGet(43)) - raft.server.log.appender.buffer.byte-limit = 33554432 (custom)
2019-09-25 05:36:45,524 [pool-62-thread-1] INFO  server.RaftServerConfigKeys (ConfUtils.java:logGet(43)) - raft.server.log.segment.size.max = 1048576 (custom)
2019-09-25 05:36:45,524 [pool-62-thread-1] INFO  server.RaftServerConfigKeys (ConfUtils.java:logGet(43)) - raft.server.log.segment.cache.num.max = 2 (custom)
2019-09-25 05:36:45,524 [pool-62-thread-1] INFO  segmented.SegmentedRaftLogWorker (SegmentedRaftLogWorker.java:<init>(172)) - new 4b2f0759-f599-4d51-8475-2e6d9cd1aa69@group-7742CA127705-SegmentedRaftLogWorker for RaftStorage:Storage Directory /workdir/hadoop-ozone/integration-test/target/test-dir/MiniOzoneClusterImpl-29dc12d8-8e72-470a-a134-d73b6532f6c9/datanode-3/data/ratis/5e91dd73-1221-4a02-b571-7742ca127705
2019-09-25 05:36:45,524 [pool-62-thread-1] INFO  server.RaftServerConfigKeys (ConfUtils.java:logGet(43)) - raft.server.log.queue.byte-limit = 2147483647 (custom)
2019-09-25 05:36:45,524 [pool-62-thread-1] INFO  server.RaftServerConfigKeys (ConfUtils.java:logGet(43)) - raft.server.log.queue.element-limit = 1024 (custom)
2019-09-25 05:36:45,525 [pool-62-thread-1] INFO  server.RaftServerConfigKeys (ConfUtils.java:logGet(43)) - raft.server.log.segment.size.max = 1048576 (custom)
2019-09-25 05:36:45,525 [pool-62-thread-1] INFO  server.RaftServerConfigKeys (ConfUtils.java:logGet(43)) - raft.server.log.preallocated.size = 16384 (custom)
2019-09-25 05:36:45,525 [pool-62-thread-1] INFO  server.RaftServerConfigKeys (ConfUtils.java:logGet(43)) - raft.server.log.write.buffer.size = 33554432 (custom)
2019-09-25 05:36:45,525 [pool-62-thread-1] INFO  server.RaftServerConfigKeys (ConfUtils.java:logGet(43)) - raft.server.log.force.sync.num = 128 (default)
2019-09-25 05:36:45,525 [pool-62-thread-1] INFO  server.RaftServerConfigKeys (ConfUtils.java:logGet(43)) - raft.server.log.statemachine.data.sync = true (default)
2019-09-25 05:36:45,525 [pool-62-thread-1] INFO  server.RaftServerConfigKeys (ConfUtils.java:logGet(43)) - raft.server.log.statemachine.data.sync.timeout = 10s (default)
2019-09-25 05:36:45,525 [pool-62-thread-1] INFO  server.RaftServerConfigKeys (ConfUtils.java:logGet(43)) - raft.server.log.statemachine.data.sync.timeout.retry = -1 (default)
2019-09-25 05:36:45,526 [pool-62-thread-1] INFO  server.RaftServerConfigKeys (ConfUtils.java:logGet(43)) - raft.server.log.statemachine.data.caching.enabled = true (custom)
2019-09-25 05:36:45,526 [pool-62-thread-1] INFO  segmented.SegmentedRaftLogWorker (SegmentedRaftLogWorker.java:lambda$new$0(132)) - 4b2f0759-f599-4d51-8475-2e6d9cd1aa69@group-7742CA127705-SegmentedRaftLogWorker: flushIndex: setUnconditionally 0 -> -1
2019-09-25 05:36:45,526 [pool-62-thread-1] INFO  server.RaftServerConfigKeys (ConfUtils.java:logGet(43)) - raft.server.snapshot.auto.trigger.enabled = true (custom)
2019-09-25 05:36:45,527 [pool-62-thread-1] INFO  server.RaftServerConfigKeys (ConfUtils.java:logGet(43)) - raft.server.snapshot.auto.trigger.threshold = 10000 (custom)
2019-09-25 05:36:45,527 [pool-62-thread-1] INFO  server.RaftServerConfigKeys (ConfUtils.java:logGet(43)) - raft.server.snapshot.retention.num.files = 5 (custom)
2019-09-25 05:36:45,527 [pool-62-thread-1] INFO  server.RaftServerConfigKeys (ConfUtils.java:logGet(43)) - raft.server.retrycache.expirytime = 600000ms (custom)
2019-09-25 05:36:45,530 [pool-62-thread-1] INFO  impl.RaftServerImpl (RaftServerImpl.java:start(185)) - 4b2f0759-f599-4d51-8475-2e6d9cd1aa69@group-7742CA127705: start as a follower, conf=-1: [4b2f0759-f599-4d51-8475-2e6d9cd1aa69:192.168.164.207:45682], old=null
2019-09-25 05:36:45,530 [pool-62-thread-1] INFO  impl.RaftServerImpl (RaftServerImpl.java:setRole(174)) - 4b2f0759-f599-4d51-8475-2e6d9cd1aa69@group-7742CA127705: changes role from      null to FOLLOWER at term 0 for startAsFollower
2019-09-25 05:36:45,530 [pool-62-thread-1] INFO  impl.RoleInfo (RoleInfo.java:updateAndGet(143)) - 4b2f0759-f599-4d51-8475-2e6d9cd1aa69: start FollowerState
2019-09-25 05:36:45,531 [pool-62-thread-1] INFO  util.JmxRegister (JmxRegister.java:tryRegister(44)) - Successfully registered JMX Bean with object name Ratis:service=RaftServer,group=group-7742CA127705,id=4b2f0759-f599-4d51-8475-2e6d9cd1aa69
2019-09-25 05:36:45,536 [RatisPipelineUtilsThread] INFO  pipeline.PipelineStateManager (PipelineStateManager.java:addPipeline(56)) - Created pipeline Pipeline[ Id: 5e91dd73-1221-4a02-b571-7742ca127705, Nodes: 4b2f0759-f599-4d51-8475-2e6d9cd1aa69{ip: 192.168.164.207, host: pr-hdds-1569-s44lr-3492059363, networkLocation: /rack1, certSerialId: null}, Type:RATIS, Factor:ONE, State:OPEN]
2019-09-25 05:36:45,536 [RatisPipelineUtilsThread] INFO  pipeline.PipelinePlacementPolicy (PipelinePlacementPolicy.java:meetCriteria(91)) - Pipeline Placement: can't place more pipeline on heavy datanode： dce70d9e-b7b5-41e3-b2be-c4fe31afa812 Heaviness: 6 limit: 5
2019-09-25 05:36:45,536 [RatisPipelineUtilsThread] INFO  pipeline.PipelinePlacementPolicy (PipelinePlacementPolicy.java:meetCriteria(91)) - Pipeline Placement: can't place more pipeline on heavy datanode： 41c47655-c730-4efc-9be2-c06f510e0f0d Heaviness: 6 limit: 5
2019-09-25 05:36:45,536 [RatisPipelineUtilsThread] INFO  pipeline.PipelinePlacementPolicy (PipelinePlacementPolicy.java:meetCriteria(91)) - Pipeline Placement: can't place more pipeline on heavy datanode： 2cc4f5f9-5dd4-4066-9743-dfede0a56e57 Heaviness: 6 limit: 5
2019-09-25 05:36:45,545 [grpc-default-executor-1] INFO  impl.RaftServerProxy (RaftServerProxy.java:addNew(89)) - 4b2f0759-f599-4d51-8475-2e6d9cd1aa69: addNew group-B80DB64C252B:[4b2f0759-f599-4d51-8475-2e6d9cd1aa69:192.168.164.207:45682] returns group-B80DB64C252B:java.util.concurrent.CompletableFuture@686c40d9[Not completed]
2019-09-25 05:36:45,547 [pool-62-thread-1] INFO  impl.RaftServerImpl (RaftServerImpl.java:<init>(95)) - 4b2f0759-f599-4d51-8475-2e6d9cd1aa69: new RaftServerImpl for group-B80DB64C252B:[4b2f0759-f599-4d51-8475-2e6d9cd1aa69:192.168.164.207:45682] with ContainerStateMachine:uninitialized
2019-09-25 05:36:45,547 [pool-62-thread-1] INFO  server.RaftServerConfigKeys (ConfUtils.java:logGet(43)) - raft.server.rpc.timeout.min = 5s (custom)
2019-09-25 05:36:45,547 [pool-62-thread-1] INFO  server.RaftServerConfigKeys (ConfUtils.java:logGet(43)) - raft.server.rpc.timeout.max = 5200ms (custom)
2019-09-25 05:36:45,547 [pool-62-thread-1] INFO  server.RaftServerConfigKeys (ConfUtils.java:logGet(43)) - raft.server.rpcslowness.timeout = 120s (custom)
2019-09-25 05:36:45,548 [pool-62-thread-1] INFO  server.RaftServerConfigKeys (ConfUtils.java:logGet(43)) - raft.server.sleep.deviation.threshold = 300 (default)
2019-09-25 05:36:45,548 [pool-62-thread-1] INFO  server.RaftServerConfigKeys (ConfUtils.java:logGet(43)) - raft.server.log.appender.install.snapshot.enabled = false (custom)
2019-09-25 05:36:45,548 [pool-62-thread-1] INFO  impl.RaftServerImpl (ServerState.java:<init>(103)) - 4b2f0759-f599-4d51-8475-2e6d9cd1aa69@group-B80DB64C252B: ConfigurationManager, init=-1: [4b2f0759-f599-4d51-8475-2e6d9cd1aa69:192.168.164.207:45682], old=null, confs=<EMPTY_MAP>
2019-09-25 05:36:45,548 [pool-62-thread-1] INFO  server.RaftServerConfigKeys (ConfUtils.java:logGet(43)) - raft.server.storage.dir = [/workdir/hadoop-ozone/integration-test/target/test-dir/MiniOzoneClusterImpl-29dc12d8-8e72-470a-a134-d73b6532f6c9/datanode-3/data/ratis] (custom)
2019-09-25 05:36:45,549 [pool-62-thread-1] INFO  storage.RaftStorageDirectory (RaftStorageDirectory.java:analyzeStorage(246)) - The storage directory /workdir/hadoop-ozone/integration-test/target/test-dir/MiniOzoneClusterImpl-29dc12d8-8e72-470a-a134-d73b6532f6c9/datanode-3/data/ratis/bbc2b784-096d-4f73-b09a-b80db64c252b does not exist. Creating ...
2019-09-25 05:36:45,562 [pool-62-thread-1] INFO  storage.RaftStorageDirectory (RaftStorageDirectory.java:tryLock(328)) - Lock on /workdir/hadoop-ozone/integration-test/target/test-dir/MiniOzoneClusterImpl-29dc12d8-8e72-470a-a134-d73b6532f6c9/datanode-3/data/ratis/bbc2b784-096d-4f73-b09a-b80db64c252b/in_use.lock acquired by nodename 26488@pr-hdds-1569-s44lr-3492059363
2019-09-25 05:36:45,576 [pool-62-thread-1] INFO  storage.RaftStorage (RaftStorage.java:format(72)) - Storage directory /workdir/hadoop-ozone/integration-test/target/test-dir/MiniOzoneClusterImpl-29dc12d8-8e72-470a-a134-d73b6532f6c9/datanode-3/data/ratis/bbc2b784-096d-4f73-b09a-b80db64c252b has been successfully formatted.
2019-09-25 05:36:45,576 [pool-62-thread-1] INFO  ratis.ContainerStateMachine (ContainerStateMachine.java:loadSnapshot(230)) - group-B80DB64C252B: The snapshot info is null. Setting the last applied indexto:(t:0, i:~)
2019-09-25 05:36:45,576 [pool-62-thread-1] INFO  server.RaftServerConfigKeys (ConfUtils.java:logGet(43)) - raft.server.notification.no-leader.timeout = 120s (custom)
2019-09-25 05:36:45,577 [pool-62-thread-1] INFO  server.RaftServerConfigKeys (ConfUtils.java:logGet(43)) - raft.server.log.use.memory = false (default)
2019-09-25 05:36:45,577 [pool-62-thread-1] INFO  server.RaftServerConfigKeys (ConfUtils.java:logGet(43)) - raft.server.log.purge.gap = 1000000 (custom)
2019-09-25 05:36:45,577 [pool-62-thread-1] INFO  server.RaftServerConfigKeys (ConfUtils.java:logGet(43)) - raft.server.log.appender.buffer.byte-limit = 33554432 (custom)
2019-09-25 05:36:45,577 [pool-62-thread-1] INFO  server.RaftServerConfigKeys (ConfUtils.java:logGet(43)) - raft.server.log.segment.size.max = 1048576 (custom)
2019-09-25 05:36:45,577 [pool-62-thread-1] INFO  server.RaftServerConfigKeys (ConfUtils.java:logGet(43)) - raft.server.log.segment.cache.num.max = 2 (custom)
2019-09-25 05:36:45,577 [pool-62-thread-1] INFO  segmented.SegmentedRaftLogWorker (SegmentedRaftLogWorker.java:<init>(172)) - new 4b2f0759-f599-4d51-8475-2e6d9cd1aa69@group-B80DB64C252B-SegmentedRaftLogWorker for RaftStorage:Storage Directory /workdir/hadoop-ozone/integration-test/target/test-dir/MiniOzoneClusterImpl-29dc12d8-8e72-470a-a134-d73b6532f6c9/datanode-3/data/ratis/bbc2b784-096d-4f73-b09a-b80db64c252b
2019-09-25 05:36:45,577 [pool-62-thread-1] INFO  server.RaftServerConfigKeys (ConfUtils.java:logGet(43)) - raft.server.log.queue.byte-limit = 2147483647 (custom)
2019-09-25 05:36:45,578 [pool-62-thread-1] INFO  server.RaftServerConfigKeys (ConfUtils.java:logGet(43)) - raft.server.log.queue.element-limit = 1024 (custom)
2019-09-25 05:36:45,578 [pool-62-thread-1] INFO  server.RaftServerConfigKeys (ConfUtils.java:logGet(43)) - raft.server.log.segment.size.max = 1048576 (custom)
2019-09-25 05:36:45,578 [pool-62-thread-1] INFO  server.RaftServerConfigKeys (ConfUtils.java:logGet(43)) - raft.server.log.preallocated.size = 16384 (custom)
2019-09-25 05:36:45,578 [pool-62-thread-1] INFO  server.RaftServerConfigKeys (ConfUtils.java:logGet(43)) - raft.server.log.write.buffer.size = 33554432 (custom)
2019-09-25 05:36:45,578 [pool-62-thread-1] INFO  server.RaftServerConfigKeys (ConfUtils.java:logGet(43)) - raft.server.log.force.sync.num = 128 (default)
2019-09-25 05:36:45,578 [pool-62-thread-1] INFO  server.RaftServerConfigKeys (ConfUtils.java:logGet(43)) - raft.server.log.statemachine.data.sync = true (default)
2019-09-25 05:36:45,578 [pool-62-thread-1] INFO  server.RaftServerConfigKeys (ConfUtils.java:logGet(43)) - raft.server.log.statemachine.data.sync.timeout = 10s (default)
2019-09-25 05:36:45,579 [pool-62-thread-1] INFO  server.RaftServerConfigKeys (ConfUtils.java:logGet(43)) - raft.server.log.statemachine.data.sync.timeout.retry = -1 (default)
2019-09-25 05:36:45,579 [pool-62-thread-1] INFO  server.RaftServerConfigKeys (ConfUtils.java:logGet(43)) - raft.server.log.statemachine.data.caching.enabled = true (custom)
2019-09-25 05:36:45,579 [pool-62-thread-1] INFO  segmented.SegmentedRaftLogWorker (SegmentedRaftLogWorker.java:lambda$new$0(132)) - 4b2f0759-f599-4d51-8475-2e6d9cd1aa69@group-B80DB64C252B-SegmentedRaftLogWorker: flushIndex: setUnconditionally 0 -> -1
2019-09-25 05:36:45,579 [pool-62-thread-1] INFO  server.RaftServerConfigKeys (ConfUtils.java:logGet(43)) - raft.server.snapshot.auto.trigger.enabled = true (custom)
2019-09-25 05:36:45,580 [pool-62-thread-1] INFO  server.RaftServerConfigKeys (ConfUtils.java:logGet(43)) - raft.server.snapshot.auto.trigger.threshold = 10000 (custom)
2019-09-25 05:36:45,580 [pool-62-thread-1] INFO  server.RaftServerConfigKeys (ConfUtils.java:logGet(43)) - raft.server.snapshot.retention.num.files = 5 (custom)
2019-09-25 05:36:45,580 [pool-62-thread-1] INFO  server.RaftServerConfigKeys (ConfUtils.java:logGet(43)) - raft.server.retrycache.expirytime = 600000ms (custom)
2019-09-25 05:36:45,583 [pool-62-thread-1] INFO  impl.RaftServerImpl (RaftServerImpl.java:start(185)) - 4b2f0759-f599-4d51-8475-2e6d9cd1aa69@group-B80DB64C252B: start as a follower, conf=-1: [4b2f0759-f599-4d51-8475-2e6d9cd1aa69:192.168.164.207:45682], old=null
2019-09-25 05:36:45,583 [pool-62-thread-1] INFO  impl.RaftServerImpl (RaftServerImpl.java:setRole(174)) - 4b2f0759-f599-4d51-8475-2e6d9cd1aa69@group-B80DB64C252B: changes role from      null to FOLLOWER at term 0 for startAsFollower
2019-09-25 05:36:45,583 [pool-62-thread-1] INFO  impl.RoleInfo (RoleInfo.java:updateAndGet(143)) - 4b2f0759-f599-4d51-8475-2e6d9cd1aa69: start FollowerState
2019-09-25 05:36:45,583 [pool-62-thread-1] INFO  util.JmxRegister (JmxRegister.java:tryRegister(44)) - Successfully registered JMX Bean with object name Ratis:service=RaftServer,group=group-B80DB64C252B,id=4b2f0759-f599-4d51-8475-2e6d9cd1aa69
2019-09-25 05:36:45,589 [RatisPipelineUtilsThread] INFO  pipeline.PipelineStateManager (PipelineStateManager.java:addPipeline(56)) - Created pipeline Pipeline[ Id: bbc2b784-096d-4f73-b09a-b80db64c252b, Nodes: 4b2f0759-f599-4d51-8475-2e6d9cd1aa69{ip: 192.168.164.207, host: pr-hdds-1569-s44lr-3492059363, networkLocation: /rack1, certSerialId: null}, Type:RATIS, Factor:ONE, State:OPEN]
2019-09-25 05:36:45,589 [RatisPipelineUtilsThread] INFO  pipeline.PipelinePlacementPolicy (PipelinePlacementPolicy.java:meetCriteria(91)) - Pipeline Placement: can't place more pipeline on heavy datanode： dce70d9e-b7b5-41e3-b2be-c4fe31afa812 Heaviness: 6 limit: 5
2019-09-25 05:36:45,589 [RatisPipelineUtilsThread] INFO  pipeline.PipelinePlacementPolicy (PipelinePlacementPolicy.java:meetCriteria(91)) - Pipeline Placement: can't place more pipeline on heavy datanode： 41c47655-c730-4efc-9be2-c06f510e0f0d Heaviness: 6 limit: 5
2019-09-25 05:36:45,589 [RatisPipelineUtilsThread] INFO  pipeline.PipelinePlacementPolicy (PipelinePlacementPolicy.java:meetCriteria(91)) - Pipeline Placement: can't place more pipeline on heavy datanode： 2cc4f5f9-5dd4-4066-9743-dfede0a56e57 Heaviness: 6 limit: 5
2019-09-25 05:36:45,589 [RatisPipelineUtilsThread] INFO  pipeline.PipelinePlacementPolicy (PipelinePlacementPolicy.java:meetCriteria(91)) - Pipeline Placement: can't place more pipeline on heavy datanode： 4b2f0759-f599-4d51-8475-2e6d9cd1aa69 Heaviness: 6 limit: 5
2019-09-25 05:36:45,589 [RatisPipelineUtilsThread] ERROR pipeline.PipelinePlacementPolicy (PipelinePlacementPolicy.java:filterViableNodes(148)) - Unable to find enough nodes that meet the criteria that cannot engage in more than 5 pipelines. Nodes required: 1 Found: 0, healthy nodes count inNodeManager: 4.
2019-09-25 05:36:45,590 [RatisPipelineUtilsThread] ERROR pipeline.SCMPipelineManager (SCMPipelineManager.java:createPipeline(167)) - Pipeline creation failed.
org.apache.hadoop.hdds.scm.exceptions.SCMException: Unable to find enough nodes that meet the criteria that cannot engage in more than 5 pipelines. Nodes required: 1 Found: 0, healthy nodes count inNodeManager: 4.
	at org.apache.hadoop.hdds.scm.pipeline.PipelinePlacementPolicy.filterViableNodes(PipelinePlacementPolicy.java:149)
	at org.apache.hadoop.hdds.scm.pipeline.PipelinePlacementPolicy.chooseDatanodes(PipelinePlacementPolicy.java:172)
	at org.apache.hadoop.hdds.scm.pipeline.RatisPipelineProvider.create(RatisPipelineProvider.java:93)
	at org.apache.hadoop.hdds.scm.pipeline.PipelineFactory.create(PipelineFactory.java:58)
	at org.apache.hadoop.hdds.scm.pipeline.SCMPipelineManager.createPipeline(SCMPipelineManager.java:155)
	at org.apache.hadoop.hdds.scm.pipeline.BackgroundPipelineCreator.createPipelines(BackgroundPipelineCreator.java:99)
	at org.apache.hadoop.hdds.scm.pipeline.BackgroundPipelineCreator.lambda$startFixedIntervalPipelineCreator$0(BackgroundPipelineCreator.java:70)
	at java.util.concurrent.Executors$RunnableAdapter.call(Executors.java:511)
	at java.util.concurrent.FutureTask.runAndReset(FutureTask.java:308)
	at java.util.concurrent.ScheduledThreadPoolExecutor$ScheduledFutureTask.access$301(ScheduledThreadPoolExecutor.java:180)
	at java.util.concurrent.ScheduledThreadPoolExecutor$ScheduledFutureTask.run(ScheduledThreadPoolExecutor.java:294)
	at java.util.concurrent.ThreadPoolExecutor.runWorker(ThreadPoolExecutor.java:1149)
	at java.util.concurrent.ThreadPoolExecutor$Worker.run(ThreadPoolExecutor.java:624)
	at java.lang.Thread.run(Thread.java:748)
2019-09-25 05:36:45,591 [RatisPipelineUtilsThread] INFO  pipeline.PipelinePlacementPolicy (PipelinePlacementPolicy.java:meetCriteria(91)) - Pipeline Placement: can't place more pipeline on heavy datanode： dce70d9e-b7b5-41e3-b2be-c4fe31afa812 Heaviness: 6 limit: 5
2019-09-25 05:36:45,591 [RatisPipelineUtilsThread] INFO  pipeline.PipelinePlacementPolicy (PipelinePlacementPolicy.java:meetCriteria(91)) - Pipeline Placement: can't place more pipeline on heavy datanode： 41c47655-c730-4efc-9be2-c06f510e0f0d Heaviness: 6 limit: 5
2019-09-25 05:36:45,591 [RatisPipelineUtilsThread] INFO  pipeline.PipelinePlacementPolicy (PipelinePlacementPolicy.java:meetCriteria(91)) - Pipeline Placement: can't place more pipeline on heavy datanode： 2cc4f5f9-5dd4-4066-9743-dfede0a56e57 Heaviness: 6 limit: 5
2019-09-25 05:36:45,591 [RatisPipelineUtilsThread] INFO  pipeline.PipelinePlacementPolicy (PipelinePlacementPolicy.java:meetCriteria(91)) - Pipeline Placement: can't place more pipeline on heavy datanode： 4b2f0759-f599-4d51-8475-2e6d9cd1aa69 Heaviness: 6 limit: 5
2019-09-25 05:36:45,591 [RatisPipelineUtilsThread] ERROR pipeline.PipelinePlacementPolicy (PipelinePlacementPolicy.java:filterViableNodes(148)) - Unable to find enough nodes that meet the criteria that cannot engage in more than 5 pipelines. Nodes required: 3 Found: 0, healthy nodes count inNodeManager: 4.
2019-09-25 05:36:45,591 [RatisPipelineUtilsThread] ERROR pipeline.SCMPipelineManager (SCMPipelineManager.java:createPipeline(167)) - Pipeline creation failed.
org.apache.hadoop.hdds.scm.exceptions.SCMException: Unable to find enough nodes that meet the criteria that cannot engage in more than 5 pipelines. Nodes required: 3 Found: 0, healthy nodes count inNodeManager: 4.
	at org.apache.hadoop.hdds.scm.pipeline.PipelinePlacementPolicy.filterViableNodes(PipelinePlacementPolicy.java:149)
	at org.apache.hadoop.hdds.scm.pipeline.PipelinePlacementPolicy.chooseDatanodes(PipelinePlacementPolicy.java:172)
	at org.apache.hadoop.hdds.scm.pipeline.RatisPipelineProvider.create(RatisPipelineProvider.java:93)
	at org.apache.hadoop.hdds.scm.pipeline.PipelineFactory.create(PipelineFactory.java:58)
	at org.apache.hadoop.hdds.scm.pipeline.SCMPipelineManager.createPipeline(SCMPipelineManager.java:155)
	at org.apache.hadoop.hdds.scm.pipeline.BackgroundPipelineCreator.createPipelines(BackgroundPipelineCreator.java:99)
	at org.apache.hadoop.hdds.scm.pipeline.BackgroundPipelineCreator.lambda$startFixedIntervalPipelineCreator$0(BackgroundPipelineCreator.java:70)
	at java.util.concurrent.Executors$RunnableAdapter.call(Executors.java:511)
	at java.util.concurrent.FutureTask.runAndReset(FutureTask.java:308)
	at java.util.concurrent.ScheduledThreadPoolExecutor$ScheduledFutureTask.access$301(ScheduledThreadPoolExecutor.java:180)
	at java.util.concurrent.ScheduledThreadPoolExecutor$ScheduledFutureTask.run(ScheduledThreadPoolExecutor.java:294)
	at java.util.concurrent.ThreadPoolExecutor.runWorker(ThreadPoolExecutor.java:1149)
	at java.util.concurrent.ThreadPoolExecutor$Worker.run(ThreadPoolExecutor.java:624)
	at java.lang.Thread.run(Thread.java:748)
2019-09-25 05:36:45,592 [IPC Server handler 1 on 35688] INFO  pipeline.PipelinePlacementPolicy (PipelinePlacementPolicy.java:meetCriteria(91)) - Pipeline Placement: can't place more pipeline on heavy datanode： dce70d9e-b7b5-41e3-b2be-c4fe31afa812 Heaviness: 6 limit: 5
2019-09-25 05:36:45,593 [IPC Server handler 1 on 35688] INFO  pipeline.PipelinePlacementPolicy (PipelinePlacementPolicy.java:meetCriteria(91)) - Pipeline Placement: can't place more pipeline on heavy datanode： 41c47655-c730-4efc-9be2-c06f510e0f0d Heaviness: 6 limit: 5
2019-09-25 05:36:45,593 [IPC Server handler 1 on 35688] INFO  pipeline.PipelinePlacementPolicy (PipelinePlacementPolicy.java:meetCriteria(91)) - Pipeline Placement: can't place more pipeline on heavy datanode： 2cc4f5f9-5dd4-4066-9743-dfede0a56e57 Heaviness: 6 limit: 5
2019-09-25 05:36:45,593 [IPC Server handler 1 on 35688] INFO  pipeline.PipelinePlacementPolicy (PipelinePlacementPolicy.java:meetCriteria(91)) - Pipeline Placement: can't place more pipeline on heavy datanode： 4b2f0759-f599-4d51-8475-2e6d9cd1aa69 Heaviness: 6 limit: 5
2019-09-25 05:36:45,593 [IPC Server handler 1 on 35688] ERROR pipeline.PipelinePlacementPolicy (PipelinePlacementPolicy.java:filterViableNodes(148)) - Unable to find enough nodes that meet the criteria that cannot engage in more than 5 pipelines. Nodes required: 3 Found: 0, healthy nodes count inNodeManager: 4.
2019-09-25 05:36:45,594 [IPC Server handler 1 on 35688] ERROR pipeline.SCMPipelineManager (SCMPipelineManager.java:createPipeline(167)) - Pipeline creation failed.
org.apache.hadoop.hdds.scm.exceptions.SCMException: Unable to find enough nodes that meet the criteria that cannot engage in more than 5 pipelines. Nodes required: 3 Found: 0, healthy nodes count inNodeManager: 4.
	at org.apache.hadoop.hdds.scm.pipeline.PipelinePlacementPolicy.filterViableNodes(PipelinePlacementPolicy.java:149)
	at org.apache.hadoop.hdds.scm.pipeline.PipelinePlacementPolicy.chooseDatanodes(PipelinePlacementPolicy.java:172)
	at org.apache.hadoop.hdds.scm.pipeline.RatisPipelineProvider.create(RatisPipelineProvider.java:93)
	at org.apache.hadoop.hdds.scm.pipeline.PipelineFactory.create(PipelineFactory.java:58)
	at org.apache.hadoop.hdds.scm.pipeline.SCMPipelineManager.createPipeline(SCMPipelineManager.java:155)
	at org.apache.hadoop.hdds.scm.block.BlockManagerImpl.allocateBlock(BlockManagerImpl.java:190)
	at org.apache.hadoop.hdds.scm.server.SCMBlockProtocolServer.allocateBlock(SCMBlockProtocolServer.java:182)
	at org.apache.hadoop.ozone.protocolPB.ScmBlockLocationProtocolServerSideTranslatorPB.allocateScmBlock(ScmBlockLocationProtocolServerSideTranslatorPB.java:183)
	at org.apache.hadoop.ozone.protocolPB.ScmBlockLocationProtocolServerSideTranslatorPB.processMessage(ScmBlockLocationProtocolServerSideTranslatorPB.java:141)
	at org.apache.hadoop.ozone.protocolPB.ScmBlockLocationProtocolServerSideTranslatorPB.send(ScmBlockLocationProtocolServerSideTranslatorPB.java:116)
	at org.apache.hadoop.hdds.protocol.proto.ScmBlockLocationProtocolProtos$ScmBlockLocationProtocolService$2.callBlockingMethod(ScmBlockLocationProtocolProtos.java:13157)
	at org.apache.hadoop.ipc.ProtobufRpcEngine$Server$ProtoBufRpcInvoker.call(ProtobufRpcEngine.java:524)
	at org.apache.hadoop.ipc.RPC$Server.call(RPC.java:1025)
	at org.apache.hadoop.ipc.Server$RpcCall.run(Server.java:876)
	at org.apache.hadoop.ipc.Server$RpcCall.run(Server.java:822)
	at java.security.AccessController.doPrivileged(Native Method)
	at javax.security.auth.Subject.doAs(Subject.java:422)
	at org.apache.hadoop.security.UserGroupInformation.doAs(UserGroupInformation.java:1730)
	at org.apache.hadoop.ipc.Server$Handler.run(Server.java:2682)
2019-09-25 05:36:45,594 [IPC Server handler 1 on 35688] WARN  block.BlockManagerImpl (BlockManagerImpl.java:allocateBlock(192)) - Pipeline creation failed for type:RATIS factor:THREE. Retrying get pipelines call once.
org.apache.hadoop.hdds.scm.exceptions.SCMException: Unable to find enough nodes that meet the criteria that cannot engage in more than 5 pipelines. Nodes required: 3 Found: 0, healthy nodes count inNodeManager: 4.
	at org.apache.hadoop.hdds.scm.pipeline.PipelinePlacementPolicy.filterViableNodes(PipelinePlacementPolicy.java:149)
	at org.apache.hadoop.hdds.scm.pipeline.PipelinePlacementPolicy.chooseDatanodes(PipelinePlacementPolicy.java:172)
	at org.apache.hadoop.hdds.scm.pipeline.RatisPipelineProvider.create(RatisPipelineProvider.java:93)
	at org.apache.hadoop.hdds.scm.pipeline.PipelineFactory.create(PipelineFactory.java:58)
	at org.apache.hadoop.hdds.scm.pipeline.SCMPipelineManager.createPipeline(SCMPipelineManager.java:155)
	at org.apache.hadoop.hdds.scm.block.BlockManagerImpl.allocateBlock(BlockManagerImpl.java:190)
	at org.apache.hadoop.hdds.scm.server.SCMBlockProtocolServer.allocateBlock(SCMBlockProtocolServer.java:182)
	at org.apache.hadoop.ozone.protocolPB.ScmBlockLocationProtocolServerSideTranslatorPB.allocateScmBlock(ScmBlockLocationProtocolServerSideTranslatorPB.java:183)
	at org.apache.hadoop.ozone.protocolPB.ScmBlockLocationProtocolServerSideTranslatorPB.processMessage(ScmBlockLocationProtocolServerSideTranslatorPB.java:141)
	at org.apache.hadoop.ozone.protocolPB.ScmBlockLocationProtocolServerSideTranslatorPB.send(ScmBlockLocationProtocolServerSideTranslatorPB.java:116)
	at org.apache.hadoop.hdds.protocol.proto.ScmBlockLocationProtocolProtos$ScmBlockLocationProtocolService$2.callBlockingMethod(ScmBlockLocationProtocolProtos.java:13157)
	at org.apache.hadoop.ipc.ProtobufRpcEngine$Server$ProtoBufRpcInvoker.call(ProtobufRpcEngine.java:524)
	at org.apache.hadoop.ipc.RPC$Server.call(RPC.java:1025)
	at org.apache.hadoop.ipc.Server$RpcCall.run(Server.java:876)
	at org.apache.hadoop.ipc.Server$RpcCall.run(Server.java:822)
	at java.security.AccessController.doPrivileged(Native Method)
	at javax.security.auth.Subject.doAs(Subject.java:422)
	at org.apache.hadoop.security.UserGroupInformation.doAs(UserGroupInformation.java:1730)
	at org.apache.hadoop.ipc.Server$Handler.run(Server.java:2682)
2019-09-25 05:36:45,594 [IPC Server handler 1 on 35688] INFO  block.BlockManagerImpl (BlockManagerImpl.java:allocateBlock(198)) - Could not find available pipeline of type:RATIS and factor:THREE even after retrying
2019-09-25 05:36:45,595 [IPC Server handler 1 on 35688] ERROR block.BlockManagerImpl (BlockManagerImpl.java:allocateBlock(222)) - Unable to allocate a block for the size: 4194304, type: RATIS, factor: THREE
2019-09-25 05:36:45,601 [main] INFO  ozone.MiniOzoneClusterImpl (MiniOzoneClusterImpl.java:shutdown(314)) - Shutting down the Mini Ozone Cluster
2019-09-25 05:36:45,602 [main] INFO  ozone.MiniOzoneClusterImpl (MiniOzoneClusterImpl.java:stop(330)) - Stopping the Mini Ozone Cluster
2019-09-25 05:36:45,602 [main] INFO  ozone.MiniOzoneClusterImpl (MiniOzoneClusterImpl.java:stopOM(400)) - Stopping the OzoneManager
2019-09-25 05:36:45,602 [main] INFO  ipc.Server (Server.java:stop(3082)) - Stopping server on 43596
2019-09-25 05:36:45,612 [IPC Server listener on 43596] INFO  ipc.Server (Server.java:run(1185)) - Stopping IPC Server listener on 43596
2019-09-25 05:36:45,612 [IPC Server Responder] INFO  ipc.Server (Server.java:run(1319)) - Stopping IPC Server Responder
2019-09-25 05:36:45,623 [main] INFO  impl.RaftServerProxy (RaftServerProxy.java:lambda$close$4(314)) - b63ce0ea-1c99-41be-b3a2-b28e11ecf82d: close
2019-09-25 05:36:45,625 [main] INFO  impl.RaftServerImpl (RaftServerImpl.java:lambda$shutdown$3(251)) - b63ce0ea-1c99-41be-b3a2-b28e11ecf82d@group-C5BA1605619E: shutdown
2019-09-25 05:36:45,626 [main] INFO  util.JmxRegister (JmxRegister.java:unregister(73)) - Successfully un-registered JMX Bean with object name Ratis:service=RaftServer,group=group-C5BA1605619E,id=b63ce0ea-1c99-41be-b3a2-b28e11ecf82d
2019-09-25 05:36:45,626 [main] INFO  impl.RoleInfo (RoleInfo.java:shutdownLeaderState(104)) - b63ce0ea-1c99-41be-b3a2-b28e11ecf82d: shutdown LeaderState
2019-09-25 05:36:45,627 [main] INFO  impl.PendingRequests (PendingRequests.java:sendNotLeaderResponses(202)) - b63ce0ea-1c99-41be-b3a2-b28e11ecf82d-PendingRequests: sendNotLeaderResponses
2019-09-25 05:36:45,635 [main] INFO  impl.StateMachineUpdater (StateMachineUpdater.java:stopAndJoin(125)) - b63ce0ea-1c99-41be-b3a2-b28e11ecf82d@group-C5BA1605619E-StateMachineUpdater: set stopIndex = 4
2019-09-25 05:36:45,635 [b63ce0ea-1c99-41be-b3a2-b28e11ecf82d@group-C5BA1605619E-StateMachineUpdater] INFO  ratis.OzoneManagerStateMachine (OzoneManagerStateMachine.java:takeSnapshot(254)) - Saving Ratis snapshot on the OM.
2019-09-25 05:36:45,644 [b63ce0ea-1c99-41be-b3a2-b28e11ecf82d@group-C5BA1605619E-StateMachineUpdater] INFO  ratis.OMRatisSnapshotInfo (OMRatisSnapshotInfo.java:saveRatisSnapshotToDisk(107)) - Saved Ratis Snapshot on the OM with snapshotIndex 3
2019-09-25 05:36:45,645 [b63ce0ea-1c99-41be-b3a2-b28e11ecf82d@group-C5BA1605619E-StateMachineUpdater] INFO  impl.StateMachineUpdater (StateMachineUpdater.java:takeSnapshot(258)) - b63ce0ea-1c99-41be-b3a2-b28e11ecf82d@group-C5BA1605619E-StateMachineUpdater: Took a snapshot at index 3
2019-09-25 05:36:45,648 [b63ce0ea-1c99-41be-b3a2-b28e11ecf82d@group-C5BA1605619E-StateMachineUpdater] INFO  impl.StateMachineUpdater (StateMachineUpdater.java:lambda$new$0(83)) - b63ce0ea-1c99-41be-b3a2-b28e11ecf82d@group-C5BA1605619E-StateMachineUpdater: snapshotIndex: updateIncreasingly -1 -> 3
2019-09-25 05:36:45,657 [b63ce0ea-1c99-41be-b3a2-b28e11ecf82d@group-C5BA1605619E-StateMachineUpdater] INFO  ratis.OzoneManagerStateMachine (OzoneManagerStateMachine.java:takeSnapshot(254)) - Saving Ratis snapshot on the OM.
2019-09-25 05:36:45,659 [b63ce0ea-1c99-41be-b3a2-b28e11ecf82d@group-C5BA1605619E-StateMachineUpdater] INFO  ratis.OMRatisSnapshotInfo (OMRatisSnapshotInfo.java:saveRatisSnapshotToDisk(107)) - Saved Ratis Snapshot on the OM with snapshotIndex 3
2019-09-25 05:36:45,659 [b63ce0ea-1c99-41be-b3a2-b28e11ecf82d@group-C5BA1605619E-StateMachineUpdater] INFO  impl.StateMachineUpdater (StateMachineUpdater.java:takeSnapshot(258)) - b63ce0ea-1c99-41be-b3a2-b28e11ecf82d@group-C5BA1605619E-StateMachineUpdater: Took a snapshot at index 3
2019-09-25 05:36:45,660 [b63ce0ea-1c99-41be-b3a2-b28e11ecf82d@group-C5BA1605619E-StateMachineUpdater] INFO  impl.StateMachineUpdater (StateMachineUpdater.java:lambda$new$0(83)) - b63ce0ea-1c99-41be-b3a2-b28e11ecf82d@group-C5BA1605619E-StateMachineUpdater: snapshotIndex: updateIncreasingly 3 -> 3
2019-09-25 05:36:45,660 [main] INFO  impl.RaftServerImpl (ServerState.java:close(385)) - b63ce0ea-1c99-41be-b3a2-b28e11ecf82d@group-C5BA1605619E: closes. applyIndex: 4
2019-09-25 05:36:45,662 [b63ce0ea-1c99-41be-b3a2-b28e11ecf82d@group-C5BA1605619E-SegmentedRaftLogWorker] INFO  segmented.SegmentedRaftLogWorker (SegmentedRaftLogWorker.java:run(313)) - b63ce0ea-1c99-41be-b3a2-b28e11ecf82d@group-C5BA1605619E-SegmentedRaftLogWorker was interrupted, exiting. There are 0 tasks remaining in the queue.
2019-09-25 05:36:45,666 [main] INFO  segmented.SegmentedRaftLogWorker (SegmentedRaftLogWorker.java:close(228)) - b63ce0ea-1c99-41be-b3a2-b28e11ecf82d@group-C5BA1605619E-SegmentedRaftLogWorker close()
2019-09-25 05:36:45,669 [main] INFO  server.GrpcService (GrpcService.java:closeImpl(164)) - b63ce0ea-1c99-41be-b3a2-b28e11ecf82d: shutdown server with port 9872 now
2019-09-25 05:36:45,671 [main] INFO  server.GrpcService (GrpcService.java:closeImpl(172)) - b63ce0ea-1c99-41be-b3a2-b28e11ecf82d: shutdown server with port 9872 successfully
2019-09-25 05:36:45,671 [main] INFO  ratis.OzoneManagerDoubleBuffer (OzoneManagerDoubleBuffer.java:stop(248)) - Stopping OMDoubleBuffer flush thread
2019-09-25 05:36:45,672 [OMDoubleBufferFlushThread] INFO  ratis.OzoneManagerDoubleBuffer (OzoneManagerDoubleBuffer.java:flushTransactions(191)) - OMDoubleBuffer flush thread OMDoubleBufferFlushThread is interrupted and will exit. OMDoubleBufferFlushThread
2019-09-25 05:36:45,674 [main] INFO  utils.BackgroundService (BackgroundService.java:shutdown(148)) - Shutting down service KeyDeletingService
2019-09-25 05:36:45,677 [main] INFO  handler.ContextHandler (ContextHandler.java:doStop(910)) - Stopped o.e.j.w.WebAppContext@5a2bd7c8{/,null,UNAVAILABLE}{/ozoneManager}
2019-09-25 05:36:45,684 [main] INFO  server.AbstractConnector (AbstractConnector.java:doStop(318)) - Stopped ServerConnector@7ca8d498{HTTP/1.1,[http/1.1]}{0.0.0.0:0}
2019-09-25 05:36:45,684 [main] INFO  handler.ContextHandler (ContextHandler.java:doStop(910)) - Stopped o.e.j.s.ServletContextHandler@3ce53f6a{/static,file:///workdir/hadoop-ozone/integration-test/target/test-classes/webapps/static,UNAVAILABLE}
2019-09-25 05:36:45,685 [main] INFO  handler.ContextHandler (ContextHandler.java:doStop(910)) - Stopped o.e.j.s.ServletContextHandler@42714a7{/logs,file:///workdir/hadoop-ozone/integration-test/target/log,UNAVAILABLE}
2019-09-25 05:36:45,689 [main] INFO  ozone.MiniOzoneClusterImpl (MiniOzoneClusterImpl.java:stopDatanodes(377)) - Stopping the HddsDatanodes
2019-09-25 05:36:45,959 [Datanode State Machine Thread - 0] INFO  statemachine.DatanodeStateMachine (DatanodeStateMachine.java:lambda$startDaemon$0(350)) - Ozone container server started.
2019-09-25 05:36:45,960 [Datanode State Machine Thread - 0] INFO  statemachine.DatanodeStateMachine (DatanodeStateMachine.java:lambda$startDaemon$0(350)) - Ozone container server started.
2019-09-25 05:36:46,939 [Thread-207] INFO  impl.FollowerState (FollowerState.java:run(106)) - dce70d9e-b7b5-41e3-b2be-c4fe31afa812:group-39FEC27F9271 changes to CANDIDATE, lastRpcTime:5013, electionTimeout:5012ms
2019-09-25 05:36:46,940 [Thread-207] INFO  impl.RoleInfo (RoleInfo.java:shutdownFollowerState(121)) - dce70d9e-b7b5-41e3-b2be-c4fe31afa812: shutdown FollowerState
2019-09-25 05:36:46,940 [Thread-207] INFO  impl.RaftServerImpl (RaftServerImpl.java:setRole(174)) - dce70d9e-b7b5-41e3-b2be-c4fe31afa812@group-39FEC27F9271: changes role from  FOLLOWER to CANDIDATE at term 0 for changeToCandidate
2019-09-25 05:36:46,940 [Thread-207] INFO  impl.RoleInfo (RoleInfo.java:updateAndGet(143)) - dce70d9e-b7b5-41e3-b2be-c4fe31afa812: start LeaderElection
2019-09-25 05:36:47,089 [Thread-211] INFO  impl.FollowerState (FollowerState.java:run(106)) - 2cc4f5f9-5dd4-4066-9743-dfede0a56e57:group-39FEC27F9271 changes to CANDIDATE, lastRpcTime:5147, electionTimeout:5147ms
2019-09-25 05:36:47,091 [Thread-211] INFO  impl.RoleInfo (RoleInfo.java:shutdownFollowerState(121)) - 2cc4f5f9-5dd4-4066-9743-dfede0a56e57: shutdown FollowerState
2019-09-25 05:36:47,091 [Thread-211] INFO  impl.RaftServerImpl (RaftServerImpl.java:setRole(174)) - 2cc4f5f9-5dd4-4066-9743-dfede0a56e57@group-39FEC27F9271: changes role from  FOLLOWER to CANDIDATE at term 0 for changeToCandidate
2019-09-25 05:36:47,091 [Thread-211] INFO  impl.RoleInfo (RoleInfo.java:updateAndGet(143)) - 2cc4f5f9-5dd4-4066-9743-dfede0a56e57: start LeaderElection
2019-09-25 05:36:47,247 [Thread-217] INFO  impl.FollowerState (FollowerState.java:run(106)) - 41c47655-c730-4efc-9be2-c06f510e0f0d:group-39FEC27F9271 changes to CANDIDATE, lastRpcTime:5103, electionTimeout:5103ms
2019-09-25 05:36:47,247 [Thread-217] INFO  impl.RoleInfo (RoleInfo.java:shutdownFollowerState(121)) - 41c47655-c730-4efc-9be2-c06f510e0f0d: shutdown FollowerState
2019-09-25 05:36:47,248 [Thread-217] INFO  impl.RaftServerImpl (RaftServerImpl.java:setRole(174)) - 41c47655-c730-4efc-9be2-c06f510e0f0d@group-39FEC27F9271: changes role from  FOLLOWER to CANDIDATE at term 0 for changeToCandidate
2019-09-25 05:36:47,248 [Thread-217] INFO  impl.RoleInfo (RoleInfo.java:updateAndGet(143)) - 41c47655-c730-4efc-9be2-c06f510e0f0d: start LeaderElection
2019-09-25 05:36:47,321 [Thread-215] INFO  impl.FollowerState (FollowerState.java:run(106)) - 41c47655-c730-4efc-9be2-c06f510e0f0d:group-C4CBCECB5101 changes to CANDIDATE, lastRpcTime:5178, electionTimeout:5178ms
2019-09-25 05:36:47,321 [Thread-215] INFO  impl.RoleInfo (RoleInfo.java:shutdownFollowerState(121)) - 41c47655-c730-4efc-9be2-c06f510e0f0d: shutdown FollowerState
2019-09-25 05:36:47,321 [Thread-215] INFO  impl.RaftServerImpl (RaftServerImpl.java:setRole(174)) - 41c47655-c730-4efc-9be2-c06f510e0f0d@group-C4CBCECB5101: changes role from  FOLLOWER to CANDIDATE at term 0 for changeToCandidate
2019-09-25 05:36:47,322 [Thread-215] INFO  impl.RoleInfo (RoleInfo.java:updateAndGet(143)) - 41c47655-c730-4efc-9be2-c06f510e0f0d: start LeaderElection
2019-09-25 05:36:47,328 [Thread-219] INFO  impl.FollowerState (FollowerState.java:run(106)) - 41c47655-c730-4efc-9be2-c06f510e0f0d:group-E4D3A87EADA5 changes to CANDIDATE, lastRpcTime:5183, electionTimeout:5183ms
2019-09-25 05:36:47,328 [Thread-219] INFO  impl.RoleInfo (RoleInfo.java:shutdownFollowerState(121)) - 41c47655-c730-4efc-9be2-c06f510e0f0d: shutdown FollowerState
2019-09-25 05:36:47,328 [Thread-219] INFO  impl.RaftServerImpl (RaftServerImpl.java:setRole(174)) - 41c47655-c730-4efc-9be2-c06f510e0f0d@group-E4D3A87EADA5: changes role from  FOLLOWER to CANDIDATE at term 0 for changeToCandidate
2019-09-25 05:36:47,329 [Thread-219] INFO  impl.RoleInfo (RoleInfo.java:updateAndGet(143)) - 41c47655-c730-4efc-9be2-c06f510e0f0d: start LeaderElection
2019-09-25 05:36:47,347 [Thread-225] INFO  impl.FollowerState (FollowerState.java:run(106)) - 2cc4f5f9-5dd4-4066-9743-dfede0a56e57:group-7759BB83824B changes to CANDIDATE, lastRpcTime:5038, electionTimeout:5038ms
2019-09-25 05:36:47,347 [Thread-225] INFO  impl.RoleInfo (RoleInfo.java:shutdownFollowerState(121)) - 2cc4f5f9-5dd4-4066-9743-dfede0a56e57: shutdown FollowerState
2019-09-25 05:36:47,347 [Thread-225] INFO  impl.RaftServerImpl (RaftServerImpl.java:setRole(174)) - 2cc4f5f9-5dd4-4066-9743-dfede0a56e57@group-7759BB83824B: changes role from  FOLLOWER to CANDIDATE at term 0 for changeToCandidate
2019-09-25 05:36:47,347 [Thread-225] INFO  impl.RoleInfo (RoleInfo.java:updateAndGet(143)) - 2cc4f5f9-5dd4-4066-9743-dfede0a56e57: start LeaderElection
2019-09-25 05:36:47,399 [Thread-222] INFO  impl.FollowerState (FollowerState.java:run(106)) - 4b2f0759-f599-4d51-8475-2e6d9cd1aa69:group-D80A3C3EE5A8 changes to CANDIDATE, lastRpcTime:5164, electionTimeout:5164ms
2019-09-25 05:36:47,400 [Thread-222] INFO  impl.RoleInfo (RoleInfo.java:shutdownFollowerState(121)) - 4b2f0759-f599-4d51-8475-2e6d9cd1aa69: shutdown FollowerState
2019-09-25 05:36:47,400 [Thread-222] INFO  impl.RaftServerImpl (RaftServerImpl.java:setRole(174)) - 4b2f0759-f599-4d51-8475-2e6d9cd1aa69@group-D80A3C3EE5A8: changes role from  FOLLOWER to CANDIDATE at term 0 for changeToCandidate
2019-09-25 05:36:47,400 [Thread-222] INFO  impl.RoleInfo (RoleInfo.java:updateAndGet(143)) - 4b2f0759-f599-4d51-8475-2e6d9cd1aa69: start LeaderElection
2019-09-25 05:36:47,431 [Thread-228] INFO  impl.FollowerState (FollowerState.java:run(106)) - 2cc4f5f9-5dd4-4066-9743-dfede0a56e57:group-E8D38D3A1DBE changes to CANDIDATE, lastRpcTime:5035, electionTimeout:5035ms
2019-09-25 05:36:47,431 [Thread-228] INFO  impl.RoleInfo (RoleInfo.java:shutdownFollowerState(121)) - 2cc4f5f9-5dd4-4066-9743-dfede0a56e57: shutdown FollowerState
2019-09-25 05:36:47,431 [Thread-228] INFO  impl.RaftServerImpl (RaftServerImpl.java:setRole(174)) - 2cc4f5f9-5dd4-4066-9743-dfede0a56e57@group-E8D38D3A1DBE: changes role from  FOLLOWER to CANDIDATE at term 0 for changeToCandidate
2019-09-25 05:36:47,431 [Thread-228] INFO  impl.RoleInfo (RoleInfo.java:updateAndGet(143)) - 2cc4f5f9-5dd4-4066-9743-dfede0a56e57: start LeaderElection
2019-09-25 05:36:47,591 [Thread-234] INFO  impl.FollowerState (FollowerState.java:run(106)) - dce70d9e-b7b5-41e3-b2be-c4fe31afa812:group-33607EB0FBC9 changes to CANDIDATE, lastRpcTime:5064, electionTimeout:5064ms
2019-09-25 05:36:47,591 [Thread-234] INFO  impl.RoleInfo (RoleInfo.java:shutdownFollowerState(121)) - dce70d9e-b7b5-41e3-b2be-c4fe31afa812: shutdown FollowerState
2019-09-25 05:36:47,591 [Thread-234] INFO  impl.RaftServerImpl (RaftServerImpl.java:setRole(174)) - dce70d9e-b7b5-41e3-b2be-c4fe31afa812@group-33607EB0FBC9: changes role from  FOLLOWER to CANDIDATE at term 0 for changeToCandidate
2019-09-25 05:36:47,592 [Thread-234] INFO  impl.RoleInfo (RoleInfo.java:updateAndGet(143)) - dce70d9e-b7b5-41e3-b2be-c4fe31afa812: start LeaderElection
2019-09-25 05:36:47,648 [Thread-231] INFO  impl.FollowerState (FollowerState.java:run(106)) - 41c47655-c730-4efc-9be2-c06f510e0f0d:group-4F3AD058407A changes to CANDIDATE, lastRpcTime:5184, electionTimeout:5184ms
2019-09-25 05:36:47,648 [Thread-231] INFO  impl.RoleInfo (RoleInfo.java:shutdownFollowerState(121)) - 41c47655-c730-4efc-9be2-c06f510e0f0d: shutdown FollowerState
2019-09-25 05:36:47,648 [Thread-231] INFO  impl.RaftServerImpl (RaftServerImpl.java:setRole(174)) - 41c47655-c730-4efc-9be2-c06f510e0f0d@group-4F3AD058407A: changes role from  FOLLOWER to CANDIDATE at term 0 for changeToCandidate
2019-09-25 05:36:47,649 [Thread-231] INFO  impl.RoleInfo (RoleInfo.java:updateAndGet(143)) - 41c47655-c730-4efc-9be2-c06f510e0f0d: start LeaderElection
2019-09-25 05:36:47,686 [Thread-237] INFO  impl.FollowerState (FollowerState.java:run(106)) - 41c47655-c730-4efc-9be2-c06f510e0f0d:group-C52DCAC42A3E changes to CANDIDATE, lastRpcTime:5097, electionTimeout:5097ms
2019-09-25 05:36:47,686 [Thread-237] INFO  impl.RoleInfo (RoleInfo.java:shutdownFollowerState(121)) - 41c47655-c730-4efc-9be2-c06f510e0f0d: shutdown FollowerState
2019-09-25 05:36:47,686 [Thread-237] INFO  impl.RaftServerImpl (RaftServerImpl.java:setRole(174)) - 41c47655-c730-4efc-9be2-c06f510e0f0d@group-C52DCAC42A3E: changes role from  FOLLOWER to CANDIDATE at term 0 for changeToCandidate
2019-09-25 05:36:47,687 [Thread-237] INFO  impl.RoleInfo (RoleInfo.java:updateAndGet(143)) - 41c47655-c730-4efc-9be2-c06f510e0f0d: start LeaderElection
2019-09-25 05:36:47,786 [Thread-243] INFO  impl.FollowerState (FollowerState.java:run(106)) - 41c47655-c730-4efc-9be2-c06f510e0f0d:group-37D0686665B3 changes to CANDIDATE, lastRpcTime:5068, electionTimeout:5068ms
2019-09-25 05:36:47,787 [Thread-243] INFO  impl.RoleInfo (RoleInfo.java:shutdownFollowerState(121)) - 41c47655-c730-4efc-9be2-c06f510e0f0d: shutdown FollowerState
2019-09-25 05:36:47,787 [Thread-243] INFO  impl.RaftServerImpl (RaftServerImpl.java:setRole(174)) - 41c47655-c730-4efc-9be2-c06f510e0f0d@group-37D0686665B3: changes role from  FOLLOWER to CANDIDATE at term 0 for changeToCandidate
2019-09-25 05:36:47,787 [Thread-243] INFO  impl.RoleInfo (RoleInfo.java:updateAndGet(143)) - 41c47655-c730-4efc-9be2-c06f510e0f0d: start LeaderElection
2019-09-25 05:36:47,799 [Thread-240] INFO  impl.FollowerState (FollowerState.java:run(106)) - 2cc4f5f9-5dd4-4066-9743-dfede0a56e57:group-B2D7684C4B91 changes to CANDIDATE, lastRpcTime:5137, electionTimeout:5137ms
2019-09-25 05:36:47,800 [Thread-240] INFO  impl.RoleInfo (RoleInfo.java:shutdownFollowerState(121)) - 2cc4f5f9-5dd4-4066-9743-dfede0a56e57: shutdown FollowerState
2019-09-25 05:36:47,800 [Thread-240] INFO  impl.RaftServerImpl (RaftServerImpl.java:setRole(174)) - 2cc4f5f9-5dd4-4066-9743-dfede0a56e57@group-B2D7684C4B91: changes role from  FOLLOWER to CANDIDATE at term 0 for changeToCandidate
2019-09-25 05:36:47,800 [Thread-240] INFO  impl.RoleInfo (RoleInfo.java:updateAndGet(143)) - 2cc4f5f9-5dd4-4066-9743-dfede0a56e57: start LeaderElection
2019-09-25 05:36:47,915 [Thread-246] INFO  impl.FollowerState (FollowerState.java:run(106)) - 41c47655-c730-4efc-9be2-c06f510e0f0d:group-5CFAC3785330 changes to CANDIDATE, lastRpcTime:5138, electionTimeout:5138ms
2019-09-25 05:36:47,916 [Thread-246] INFO  impl.RoleInfo (RoleInfo.java:shutdownFollowerState(121)) - 41c47655-c730-4efc-9be2-c06f510e0f0d: shutdown FollowerState
2019-09-25 05:36:47,916 [Thread-246] INFO  impl.RaftServerImpl (RaftServerImpl.java:setRole(174)) - 41c47655-c730-4efc-9be2-c06f510e0f0d@group-5CFAC3785330: changes role from  FOLLOWER to CANDIDATE at term 0 for changeToCandidate
2019-09-25 05:36:47,916 [Thread-246] INFO  impl.RoleInfo (RoleInfo.java:updateAndGet(143)) - 41c47655-c730-4efc-9be2-c06f510e0f0d: start LeaderElection
2019-09-25 05:36:47,967 [Thread-249] INFO  impl.FollowerState (FollowerState.java:run(106)) - dce70d9e-b7b5-41e3-b2be-c4fe31afa812:group-F3277BF9315A changes to CANDIDATE, lastRpcTime:5128, electionTimeout:5128ms
2019-09-25 05:36:47,967 [Thread-249] INFO  impl.RoleInfo (RoleInfo.java:shutdownFollowerState(121)) - dce70d9e-b7b5-41e3-b2be-c4fe31afa812: shutdown FollowerState
2019-09-25 05:36:47,967 [Thread-249] INFO  impl.RaftServerImpl (RaftServerImpl.java:setRole(174)) - dce70d9e-b7b5-41e3-b2be-c4fe31afa812@group-F3277BF9315A: changes role from  FOLLOWER to CANDIDATE at term 0 for changeToCandidate
2019-09-25 05:36:47,968 [Thread-249] INFO  impl.RoleInfo (RoleInfo.java:updateAndGet(143)) - dce70d9e-b7b5-41e3-b2be-c4fe31afa812: start LeaderElection
2019-09-25 05:36:48,102 [Thread-252] INFO  impl.FollowerState (FollowerState.java:run(106)) - 4b2f0759-f599-4d51-8475-2e6d9cd1aa69:group-4568C3752BFA changes to CANDIDATE, lastRpcTime:5158, electionTimeout:5158ms
2019-09-25 05:36:48,102 [Thread-252] INFO  impl.RoleInfo (RoleInfo.java:shutdownFollowerState(121)) - 4b2f0759-f599-4d51-8475-2e6d9cd1aa69: shutdown FollowerState
2019-09-25 05:36:48,102 [Thread-252] INFO  impl.RaftServerImpl (RaftServerImpl.java:setRole(174)) - 4b2f0759-f599-4d51-8475-2e6d9cd1aa69@group-4568C3752BFA: changes role from  FOLLOWER to CANDIDATE at term 0 for changeToCandidate
2019-09-25 05:36:48,103 [Thread-252] INFO  impl.RoleInfo (RoleInfo.java:updateAndGet(143)) - 4b2f0759-f599-4d51-8475-2e6d9cd1aa69: start LeaderElection
2019-09-25 05:36:48,432 [Thread-255] INFO  impl.FollowerState (FollowerState.java:run(106)) - dce70d9e-b7b5-41e3-b2be-c4fe31afa812:group-1C0A20800954 changes to CANDIDATE, lastRpcTime:5039, electionTimeout:5039ms
2019-09-25 05:36:48,432 [Thread-255] INFO  impl.RoleInfo (RoleInfo.java:shutdownFollowerState(121)) - dce70d9e-b7b5-41e3-b2be-c4fe31afa812: shutdown FollowerState
2019-09-25 05:36:48,432 [Thread-255] INFO  impl.RaftServerImpl (RaftServerImpl.java:setRole(174)) - dce70d9e-b7b5-41e3-b2be-c4fe31afa812@group-1C0A20800954: changes role from  FOLLOWER to CANDIDATE at term 0 for changeToCandidate
2019-09-25 05:36:48,433 [Thread-255] INFO  impl.RoleInfo (RoleInfo.java:updateAndGet(143)) - dce70d9e-b7b5-41e3-b2be-c4fe31afa812: start LeaderElection
2019-09-25 05:36:48,665 [Thread-258] INFO  impl.FollowerState (FollowerState.java:run(106)) - dce70d9e-b7b5-41e3-b2be-c4fe31afa812:group-AC81C5AD7097 changes to CANDIDATE, lastRpcTime:5025, electionTimeout:5025ms
2019-09-25 05:36:48,665 [Thread-258] INFO  impl.RoleInfo (RoleInfo.java:shutdownFollowerState(121)) - dce70d9e-b7b5-41e3-b2be-c4fe31afa812: shutdown FollowerState
2019-09-25 05:36:48,665 [Thread-258] INFO  impl.RaftServerImpl (RaftServerImpl.java:setRole(174)) - dce70d9e-b7b5-41e3-b2be-c4fe31afa812@group-AC81C5AD7097: changes role from  FOLLOWER to CANDIDATE at term 0 for changeToCandidate
2019-09-25 05:36:48,666 [Thread-258] INFO  impl.RoleInfo (RoleInfo.java:updateAndGet(143)) - dce70d9e-b7b5-41e3-b2be-c4fe31afa812: start LeaderElection
2019-09-25 05:36:49,252 [Thread-261] INFO  impl.FollowerState (FollowerState.java:run(106)) - 41c47655-c730-4efc-9be2-c06f510e0f0d:group-791C1D73DD5F changes to CANDIDATE, lastRpcTime:5014, electionTimeout:5014ms
2019-09-25 05:36:49,253 [Thread-261] INFO  impl.RoleInfo (RoleInfo.java:shutdownFollowerState(121)) - 41c47655-c730-4efc-9be2-c06f510e0f0d: shutdown FollowerState
2019-09-25 05:36:49,253 [Thread-261] INFO  impl.RaftServerImpl (RaftServerImpl.java:setRole(174)) - 41c47655-c730-4efc-9be2-c06f510e0f0d@group-791C1D73DD5F: changes role from  FOLLOWER to CANDIDATE at term 0 for changeToCandidate
2019-09-25 05:36:49,253 [Thread-261] INFO  impl.RoleInfo (RoleInfo.java:updateAndGet(143)) - 41c47655-c730-4efc-9be2-c06f510e0f0d: start LeaderElection
2019-09-25 05:36:49,322 [Thread-264] INFO  impl.FollowerState (FollowerState.java:run(106)) - 2cc4f5f9-5dd4-4066-9743-dfede0a56e57:group-70FFEB6D6573 changes to CANDIDATE, lastRpcTime:5017, electionTimeout:5017ms
2019-09-25 05:36:49,323 [Thread-264] INFO  impl.RoleInfo (RoleInfo.java:shutdownFollowerState(121)) - 2cc4f5f9-5dd4-4066-9743-dfede0a56e57: shutdown FollowerState
2019-09-25 05:36:49,323 [Thread-264] INFO  impl.RaftServerImpl (RaftServerImpl.java:setRole(174)) - 2cc4f5f9-5dd4-4066-9743-dfede0a56e57@group-70FFEB6D6573: changes role from  FOLLOWER to CANDIDATE at term 0 for changeToCandidate
2019-09-25 05:36:49,323 [Thread-264] INFO  impl.RoleInfo (RoleInfo.java:updateAndGet(143)) - 2cc4f5f9-5dd4-4066-9743-dfede0a56e57: start LeaderElection
2019-09-25 05:36:49,511 [Thread-267] INFO  impl.FollowerState (FollowerState.java:run(106)) - 2cc4f5f9-5dd4-4066-9743-dfede0a56e57:group-78AA995A3416 changes to CANDIDATE, lastRpcTime:5153, electionTimeout:5153ms
2019-09-25 05:36:49,511 [Thread-267] INFO  impl.RoleInfo (RoleInfo.java:shutdownFollowerState(121)) - 2cc4f5f9-5dd4-4066-9743-dfede0a56e57: shutdown FollowerState
2019-09-25 05:36:49,511 [Thread-267] INFO  impl.RaftServerImpl (RaftServerImpl.java:setRole(174)) - 2cc4f5f9-5dd4-4066-9743-dfede0a56e57@group-78AA995A3416: changes role from  FOLLOWER to CANDIDATE at term 0 for changeToCandidate
2019-09-25 05:36:49,511 [Thread-267] INFO  impl.RoleInfo (RoleInfo.java:updateAndGet(143)) - 2cc4f5f9-5dd4-4066-9743-dfede0a56e57: start LeaderElection
2019-09-25 05:36:49,776 [Thread-270] INFO  impl.FollowerState (FollowerState.java:run(106)) - 2cc4f5f9-5dd4-4066-9743-dfede0a56e57:group-6C1C98E8B2D6 changes to CANDIDATE, lastRpcTime:5152, electionTimeout:5152ms
2019-09-25 05:36:49,776 [Thread-270] INFO  impl.RoleInfo (RoleInfo.java:shutdownFollowerState(121)) - 2cc4f5f9-5dd4-4066-9743-dfede0a56e57: shutdown FollowerState
2019-09-25 05:36:49,777 [Thread-270] INFO  impl.RaftServerImpl (RaftServerImpl.java:setRole(174)) - 2cc4f5f9-5dd4-4066-9743-dfede0a56e57@group-6C1C98E8B2D6: changes role from  FOLLOWER to CANDIDATE at term 0 for changeToCandidate
2019-09-25 05:36:49,777 [Thread-270] INFO  impl.RoleInfo (RoleInfo.java:updateAndGet(143)) - 2cc4f5f9-5dd4-4066-9743-dfede0a56e57: start LeaderElection
2019-09-25 05:36:50,057 [Thread-273] INFO  impl.FollowerState (FollowerState.java:run(106)) - dce70d9e-b7b5-41e3-b2be-c4fe31afa812:group-9D0B491BDF7A changes to CANDIDATE, lastRpcTime:5089, electionTimeout:5089ms
2019-09-25 05:36:50,057 [Thread-273] INFO  impl.RoleInfo (RoleInfo.java:shutdownFollowerState(121)) - dce70d9e-b7b5-41e3-b2be-c4fe31afa812: shutdown FollowerState
2019-09-25 05:36:50,057 [Thread-273] INFO  impl.RaftServerImpl (RaftServerImpl.java:setRole(174)) - dce70d9e-b7b5-41e3-b2be-c4fe31afa812@group-9D0B491BDF7A: changes role from  FOLLOWER to CANDIDATE at term 0 for changeToCandidate
2019-09-25 05:36:50,058 [Thread-273] INFO  impl.RoleInfo (RoleInfo.java:updateAndGet(143)) - dce70d9e-b7b5-41e3-b2be-c4fe31afa812: start LeaderElection
2019-09-25 05:36:50,187 [dce70d9e-b7b5-41e3-b2be-c4fe31afa812@group-39FEC27F9271:LeaderElection2] INFO  impl.LeaderElection (LeaderElection.java:askForVotes(182)) - dce70d9e-b7b5-41e3-b2be-c4fe31afa812@group-39FEC27F9271:LeaderElection2: begin an election at term 1 for -1: [2cc4f5f9-5dd4-4066-9743-dfede0a56e57:192.168.164.207:35178, 41c47655-c730-4efc-9be2-c06f510e0f0d:192.168.164.207:35700, dce70d9e-b7b5-41e3-b2be-c4fe31afa812:192.168.164.207:37367], old=null
2019-09-25 05:36:50,496 [2cc4f5f9-5dd4-4066-9743-dfede0a56e57@group-70FFEB6D6573:LeaderElection21] INFO  impl.LeaderElection (LeaderElection.java:askForVotes(182)) - 2cc4f5f9-5dd4-4066-9743-dfede0a56e57@group-70FFEB6D6573:LeaderElection21: begin an election at term 1 for -1: [2cc4f5f9-5dd4-4066-9743-dfede0a56e57:192.168.164.207:35178], old=null
2019-09-25 05:36:50,496 [dce70d9e-b7b5-41e3-b2be-c4fe31afa812@group-1C0A20800954:LeaderElection18] INFO  impl.LeaderElection (LeaderElection.java:askForVotes(182)) - dce70d9e-b7b5-41e3-b2be-c4fe31afa812@group-1C0A20800954:LeaderElection18: begin an election at term 1 for -1: [dce70d9e-b7b5-41e3-b2be-c4fe31afa812:192.168.164.207:37367], old=null
2019-09-25 05:36:50,496 [4b2f0759-f599-4d51-8475-2e6d9cd1aa69@group-D80A3C3EE5A8:LeaderElection8] INFO  impl.LeaderElection (LeaderElection.java:askForVotes(182)) - 4b2f0759-f599-4d51-8475-2e6d9cd1aa69@group-D80A3C3EE5A8:LeaderElection8: begin an election at term 1 for -1: [4b2f0759-f599-4d51-8475-2e6d9cd1aa69:192.168.164.207:45682], old=null
2019-09-25 05:36:50,496 [2cc4f5f9-5dd4-4066-9743-dfede0a56e57@group-7759BB83824B:LeaderElection7] INFO  impl.LeaderElection (LeaderElection.java:askForVotes(182)) - 2cc4f5f9-5dd4-4066-9743-dfede0a56e57@group-7759BB83824B:LeaderElection7: begin an election at term 1 for -1: [2cc4f5f9-5dd4-4066-9743-dfede0a56e57:192.168.164.207:35178], old=null
2019-09-25 05:36:50,496 [41c47655-c730-4efc-9be2-c06f510e0f0d@group-C4CBCECB5101:LeaderElection5] INFO  impl.LeaderElection (LeaderElection.java:askForVotes(182)) - 41c47655-c730-4efc-9be2-c06f510e0f0d@group-C4CBCECB5101:LeaderElection5: begin an election at term 1 for -1: [41c47655-c730-4efc-9be2-c06f510e0f0d:192.168.164.207:35700], old=null
2019-09-25 05:36:50,507 [41c47655-c730-4efc-9be2-c06f510e0f0d@group-E4D3A87EADA5:LeaderElection6] INFO  impl.LeaderElection (LeaderElection.java:askForVotes(182)) - 41c47655-c730-4efc-9be2-c06f510e0f0d@group-E4D3A87EADA5:LeaderElection6: begin an election at term 1 for -1: [41c47655-c730-4efc-9be2-c06f510e0f0d:192.168.164.207:35700], old=null
2019-09-25 05:36:50,507 [41c47655-c730-4efc-9be2-c06f510e0f0d@group-4F3AD058407A:LeaderElection11] INFO  impl.LeaderElection (LeaderElection.java:askForVotes(182)) - 41c47655-c730-4efc-9be2-c06f510e0f0d@group-4F3AD058407A:LeaderElection11: begin an election at term 1 for -1: [41c47655-c730-4efc-9be2-c06f510e0f0d:192.168.164.207:35700], old=null
2019-09-25 05:36:50,496 [2cc4f5f9-5dd4-4066-9743-dfede0a56e57@group-B2D7684C4B91:LeaderElection14] INFO  impl.LeaderElection (LeaderElection.java:askForVotes(182)) - 2cc4f5f9-5dd4-4066-9743-dfede0a56e57@group-B2D7684C4B91:LeaderElection14: begin an election at term 1 for -1: [2cc4f5f9-5dd4-4066-9743-dfede0a56e57:192.168.164.207:35178], old=null
2019-09-25 05:36:50,496 [41c47655-c730-4efc-9be2-c06f510e0f0d@group-5CFAC3785330:LeaderElection15] INFO  impl.LeaderElection (LeaderElection.java:askForVotes(182)) - 41c47655-c730-4efc-9be2-c06f510e0f0d@group-5CFAC3785330:LeaderElection15: begin an election at term 1 for -1: [41c47655-c730-4efc-9be2-c06f510e0f0d:192.168.164.207:35700], old=null
2019-09-25 05:36:50,507 [dce70d9e-b7b5-41e3-b2be-c4fe31afa812@group-AC81C5AD7097:LeaderElection19] INFO  impl.LeaderElection (LeaderElection.java:askForVotes(182)) - dce70d9e-b7b5-41e3-b2be-c4fe31afa812@group-AC81C5AD7097:LeaderElection19: begin an election at term 1 for -1: [dce70d9e-b7b5-41e3-b2be-c4fe31afa812:192.168.164.207:37367], old=null
2019-09-25 05:36:50,507 [41c47655-c730-4efc-9be2-c06f510e0f0d@group-791C1D73DD5F:LeaderElection20] INFO  impl.LeaderElection (LeaderElection.java:askForVotes(182)) - 41c47655-c730-4efc-9be2-c06f510e0f0d@group-791C1D73DD5F:LeaderElection20: begin an election at term 1 for -1: [41c47655-c730-4efc-9be2-c06f510e0f0d:192.168.164.207:35700], old=null
2019-09-25 05:36:50,507 [41c47655-c730-4efc-9be2-c06f510e0f0d@group-39FEC27F9271:LeaderElection4] INFO  impl.LeaderElection (LeaderElection.java:askForVotes(182)) - 41c47655-c730-4efc-9be2-c06f510e0f0d@group-39FEC27F9271:LeaderElection4: begin an election at term 1 for -1: [2cc4f5f9-5dd4-4066-9743-dfede0a56e57:192.168.164.207:35178, 41c47655-c730-4efc-9be2-c06f510e0f0d:192.168.164.207:35700, dce70d9e-b7b5-41e3-b2be-c4fe31afa812:192.168.164.207:37367], old=null
2019-09-25 05:36:50,507 [41c47655-c730-4efc-9be2-c06f510e0f0d@group-C52DCAC42A3E:LeaderElection12] INFO  impl.LeaderElection (LeaderElection.java:askForVotes(182)) - 41c47655-c730-4efc-9be2-c06f510e0f0d@group-C52DCAC42A3E:LeaderElection12: begin an election at term 1 for -1: [41c47655-c730-4efc-9be2-c06f510e0f0d:192.168.164.207:35700], old=null
2019-09-25 05:36:50,507 [dce70d9e-b7b5-41e3-b2be-c4fe31afa812@group-33607EB0FBC9:LeaderElection10] INFO  impl.LeaderElection (LeaderElection.java:askForVotes(182)) - dce70d9e-b7b5-41e3-b2be-c4fe31afa812@group-33607EB0FBC9:LeaderElection10: begin an election at term 1 for -1: [dce70d9e-b7b5-41e3-b2be-c4fe31afa812:192.168.164.207:37367], old=null
2019-09-25 05:36:50,496 [2cc4f5f9-5dd4-4066-9743-dfede0a56e57@group-E8D38D3A1DBE:LeaderElection9] INFO  impl.LeaderElection (LeaderElection.java:askForVotes(182)) - 2cc4f5f9-5dd4-4066-9743-dfede0a56e57@group-E8D38D3A1DBE:LeaderElection9: begin an election at term 1 for -1: [2cc4f5f9-5dd4-4066-9743-dfede0a56e57:192.168.164.207:35178], old=null
2019-09-25 05:36:50,507 [4b2f0759-f599-4d51-8475-2e6d9cd1aa69@group-4568C3752BFA:LeaderElection17] INFO  impl.LeaderElection (LeaderElection.java:askForVotes(182)) - 4b2f0759-f599-4d51-8475-2e6d9cd1aa69@group-4568C3752BFA:LeaderElection17: begin an election at term 1 for -1: [4b2f0759-f599-4d51-8475-2e6d9cd1aa69:192.168.164.207:45682], old=null
2019-09-25 05:36:50,496 [dce70d9e-b7b5-41e3-b2be-c4fe31afa812@group-F3277BF9315A:LeaderElection16] INFO  impl.LeaderElection (LeaderElection.java:askForVotes(182)) - dce70d9e-b7b5-41e3-b2be-c4fe31afa812@group-F3277BF9315A:LeaderElection16: begin an election at term 1 for -1: [dce70d9e-b7b5-41e3-b2be-c4fe31afa812:192.168.164.207:37367], old=null
2019-09-25 05:36:50,496 [41c47655-c730-4efc-9be2-c06f510e0f0d@group-37D0686665B3:LeaderElection13] INFO  impl.LeaderElection (LeaderElection.java:askForVotes(182)) - 41c47655-c730-4efc-9be2-c06f510e0f0d@group-37D0686665B3:LeaderElection13: begin an election at term 1 for -1: [41c47655-c730-4efc-9be2-c06f510e0f0d:192.168.164.207:35700], old=null
2019-09-25 05:36:50,510 [dce70d9e-b7b5-41e3-b2be-c4fe31afa812@group-F3277BF9315A:LeaderElection16] INFO  impl.RoleInfo (RoleInfo.java:shutdownLeaderElection(134)) - dce70d9e-b7b5-41e3-b2be-c4fe31afa812: shutdown LeaderElection
2019-09-25 05:36:50,510 [4b2f0759-f599-4d51-8475-2e6d9cd1aa69@group-4568C3752BFA:LeaderElection17] INFO  impl.RoleInfo (RoleInfo.java:shutdownLeaderElection(134)) - 4b2f0759-f599-4d51-8475-2e6d9cd1aa69: shutdown LeaderElection
2019-09-25 05:36:50,509 [2cc4f5f9-5dd4-4066-9743-dfede0a56e57@group-E8D38D3A1DBE:LeaderElection9] INFO  impl.RoleInfo (RoleInfo.java:shutdownLeaderElection(134)) - 2cc4f5f9-5dd4-4066-9743-dfede0a56e57: shutdown LeaderElection
2019-09-25 05:36:50,509 [dce70d9e-b7b5-41e3-b2be-c4fe31afa812@group-33607EB0FBC9:LeaderElection10] INFO  impl.RoleInfo (RoleInfo.java:shutdownLeaderElection(134)) - dce70d9e-b7b5-41e3-b2be-c4fe31afa812: shutdown LeaderElection
2019-09-25 05:36:50,509 [41c47655-c730-4efc-9be2-c06f510e0f0d@group-C52DCAC42A3E:LeaderElection12] INFO  impl.RoleInfo (RoleInfo.java:shutdownLeaderElection(134)) - 41c47655-c730-4efc-9be2-c06f510e0f0d: shutdown LeaderElection
2019-09-25 05:36:50,509 [41c47655-c730-4efc-9be2-c06f510e0f0d@group-791C1D73DD5F:LeaderElection20] INFO  impl.RoleInfo (RoleInfo.java:shutdownLeaderElection(134)) - 41c47655-c730-4efc-9be2-c06f510e0f0d: shutdown LeaderElection
2019-09-25 05:36:50,509 [dce70d9e-b7b5-41e3-b2be-c4fe31afa812@group-AC81C5AD7097:LeaderElection19] INFO  impl.RoleInfo (RoleInfo.java:shutdownLeaderElection(134)) - dce70d9e-b7b5-41e3-b2be-c4fe31afa812: shutdown LeaderElection
2019-09-25 05:36:50,509 [41c47655-c730-4efc-9be2-c06f510e0f0d@group-5CFAC3785330:LeaderElection15] INFO  impl.RoleInfo (RoleInfo.java:shutdownLeaderElection(134)) - 41c47655-c730-4efc-9be2-c06f510e0f0d: shutdown LeaderElection
2019-09-25 05:36:50,508 [2cc4f5f9-5dd4-4066-9743-dfede0a56e57@group-B2D7684C4B91:LeaderElection14] INFO  impl.RoleInfo (RoleInfo.java:shutdownLeaderElection(134)) - 2cc4f5f9-5dd4-4066-9743-dfede0a56e57: shutdown LeaderElection
2019-09-25 05:36:50,508 [41c47655-c730-4efc-9be2-c06f510e0f0d@group-4F3AD058407A:LeaderElection11] INFO  impl.RoleInfo (RoleInfo.java:shutdownLeaderElection(134)) - 41c47655-c730-4efc-9be2-c06f510e0f0d: shutdown LeaderElection
2019-09-25 05:36:50,508 [41c47655-c730-4efc-9be2-c06f510e0f0d@group-E4D3A87EADA5:LeaderElection6] INFO  impl.RoleInfo (RoleInfo.java:shutdownLeaderElection(134)) - 41c47655-c730-4efc-9be2-c06f510e0f0d: shutdown LeaderElection
2019-09-25 05:36:50,508 [41c47655-c730-4efc-9be2-c06f510e0f0d@group-C4CBCECB5101:LeaderElection5] INFO  impl.RoleInfo (RoleInfo.java:shutdownLeaderElection(134)) - 41c47655-c730-4efc-9be2-c06f510e0f0d: shutdown LeaderElection
2019-09-25 05:36:50,508 [2cc4f5f9-5dd4-4066-9743-dfede0a56e57@group-7759BB83824B:LeaderElection7] INFO  impl.RoleInfo (RoleInfo.java:shutdownLeaderElection(134)) - 2cc4f5f9-5dd4-4066-9743-dfede0a56e57: shutdown LeaderElection
2019-09-25 05:36:50,508 [4b2f0759-f599-4d51-8475-2e6d9cd1aa69@group-D80A3C3EE5A8:LeaderElection8] INFO  impl.RoleInfo (RoleInfo.java:shutdownLeaderElection(134)) - 4b2f0759-f599-4d51-8475-2e6d9cd1aa69: shutdown LeaderElection
2019-09-25 05:36:50,508 [dce70d9e-b7b5-41e3-b2be-c4fe31afa812@group-1C0A20800954:LeaderElection18] INFO  impl.RoleInfo (RoleInfo.java:shutdownLeaderElection(134)) - dce70d9e-b7b5-41e3-b2be-c4fe31afa812: shutdown LeaderElection
2019-09-25 05:36:50,507 [2cc4f5f9-5dd4-4066-9743-dfede0a56e57@group-70FFEB6D6573:LeaderElection21] INFO  impl.RoleInfo (RoleInfo.java:shutdownLeaderElection(134)) - 2cc4f5f9-5dd4-4066-9743-dfede0a56e57: shutdown LeaderElection
2019-09-25 05:36:50,496 [dce70d9e-b7b5-41e3-b2be-c4fe31afa812@group-9D0B491BDF7A:LeaderElection24] INFO  impl.LeaderElection (LeaderElection.java:askForVotes(182)) - dce70d9e-b7b5-41e3-b2be-c4fe31afa812@group-9D0B491BDF7A:LeaderElection24: begin an election at term 1 for -1: [dce70d9e-b7b5-41e3-b2be-c4fe31afa812:192.168.164.207:37367], old=null
2019-09-25 05:36:50,496 [2cc4f5f9-5dd4-4066-9743-dfede0a56e57@group-6C1C98E8B2D6:LeaderElection23] INFO  impl.LeaderElection (LeaderElection.java:askForVotes(182)) - 2cc4f5f9-5dd4-4066-9743-dfede0a56e57@group-6C1C98E8B2D6:LeaderElection23: begin an election at term 1 for -1: [2cc4f5f9-5dd4-4066-9743-dfede0a56e57:192.168.164.207:35178], old=null
2019-09-25 05:36:50,496 [2cc4f5f9-5dd4-4066-9743-dfede0a56e57@group-39FEC27F9271:LeaderElection3] INFO  impl.LeaderElection (LeaderElection.java:askForVotes(182)) - 2cc4f5f9-5dd4-4066-9743-dfede0a56e57@group-39FEC27F9271:LeaderElection3: begin an election at term 1 for -1: [2cc4f5f9-5dd4-4066-9743-dfede0a56e57:192.168.164.207:35178, 41c47655-c730-4efc-9be2-c06f510e0f0d:192.168.164.207:35700, dce70d9e-b7b5-41e3-b2be-c4fe31afa812:192.168.164.207:37367], old=null
2019-09-25 05:36:50,496 [2cc4f5f9-5dd4-4066-9743-dfede0a56e57@group-78AA995A3416:LeaderElection22] INFO  impl.LeaderElection (LeaderElection.java:askForVotes(182)) - 2cc4f5f9-5dd4-4066-9743-dfede0a56e57@group-78AA995A3416:LeaderElection22: begin an election at term 1 for -1: [2cc4f5f9-5dd4-4066-9743-dfede0a56e57:192.168.164.207:35178], old=null
2019-09-25 05:36:50,520 [2cc4f5f9-5dd4-4066-9743-dfede0a56e57@group-6C1C98E8B2D6:LeaderElection23] INFO  impl.RoleInfo (RoleInfo.java:shutdownLeaderElection(134)) - 2cc4f5f9-5dd4-4066-9743-dfede0a56e57: shutdown LeaderElection
2019-09-25 05:36:50,519 [dce70d9e-b7b5-41e3-b2be-c4fe31afa812@group-9D0B491BDF7A:LeaderElection24] INFO  impl.RoleInfo (RoleInfo.java:shutdownLeaderElection(134)) - dce70d9e-b7b5-41e3-b2be-c4fe31afa812: shutdown LeaderElection
2019-09-25 05:36:50,519 [2cc4f5f9-5dd4-4066-9743-dfede0a56e57@group-70FFEB6D6573:LeaderElection21] INFO  impl.RaftServerImpl (RaftServerImpl.java:setRole(174)) - 2cc4f5f9-5dd4-4066-9743-dfede0a56e57@group-70FFEB6D6573: changes role from CANDIDATE to LEADER at term 1 for changeToLeader
2019-09-25 05:36:50,519 [dce70d9e-b7b5-41e3-b2be-c4fe31afa812@group-1C0A20800954:LeaderElection18] INFO  impl.RaftServerImpl (RaftServerImpl.java:setRole(174)) - dce70d9e-b7b5-41e3-b2be-c4fe31afa812@group-1C0A20800954: changes role from CANDIDATE to LEADER at term 1 for changeToLeader
2019-09-25 05:36:50,519 [4b2f0759-f599-4d51-8475-2e6d9cd1aa69@group-D80A3C3EE5A8:LeaderElection8] INFO  impl.RaftServerImpl (RaftServerImpl.java:setRole(174)) - 4b2f0759-f599-4d51-8475-2e6d9cd1aa69@group-D80A3C3EE5A8: changes role from CANDIDATE to LEADER at term 1 for changeToLeader
2019-09-25 05:36:50,519 [2cc4f5f9-5dd4-4066-9743-dfede0a56e57@group-7759BB83824B:LeaderElection7] INFO  impl.RaftServerImpl (RaftServerImpl.java:setRole(174)) - 2cc4f5f9-5dd4-4066-9743-dfede0a56e57@group-7759BB83824B: changes role from CANDIDATE to LEADER at term 1 for changeToLeader
2019-09-25 05:36:50,521 [2cc4f5f9-5dd4-4066-9743-dfede0a56e57@group-7759BB83824B:LeaderElection7] INFO  impl.RaftServerImpl (ServerState.java:setLeader(253)) - 2cc4f5f9-5dd4-4066-9743-dfede0a56e57@group-7759BB83824B: change Leader from null to 2cc4f5f9-5dd4-4066-9743-dfede0a56e57 at term 1 for becomeLeader, leader elected after 8220ms
2019-09-25 05:36:50,518 [41c47655-c730-4efc-9be2-c06f510e0f0d@group-C4CBCECB5101:LeaderElection5] INFO  impl.RaftServerImpl (RaftServerImpl.java:setRole(174)) - 41c47655-c730-4efc-9be2-c06f510e0f0d@group-C4CBCECB5101: changes role from CANDIDATE to LEADER at term 1 for changeToLeader
2019-09-25 05:36:50,518 [41c47655-c730-4efc-9be2-c06f510e0f0d@group-E4D3A87EADA5:LeaderElection6] INFO  impl.RaftServerImpl (RaftServerImpl.java:setRole(174)) - 41c47655-c730-4efc-9be2-c06f510e0f0d@group-E4D3A87EADA5: changes role from CANDIDATE to LEADER at term 1 for changeToLeader
2019-09-25 05:36:50,515 [41c47655-c730-4efc-9be2-c06f510e0f0d@group-4F3AD058407A:LeaderElection11] INFO  impl.RaftServerImpl (RaftServerImpl.java:setRole(174)) - 41c47655-c730-4efc-9be2-c06f510e0f0d@group-4F3AD058407A: changes role from CANDIDATE to LEADER at term 1 for changeToLeader
2019-09-25 05:36:50,515 [2cc4f5f9-5dd4-4066-9743-dfede0a56e57@group-B2D7684C4B91:LeaderElection14] INFO  impl.RaftServerImpl (RaftServerImpl.java:setRole(174)) - 2cc4f5f9-5dd4-4066-9743-dfede0a56e57@group-B2D7684C4B91: changes role from CANDIDATE to LEADER at term 1 for changeToLeader
2019-09-25 05:36:50,513 [41c47655-c730-4efc-9be2-c06f510e0f0d@group-5CFAC3785330:LeaderElection15] INFO  impl.RaftServerImpl (RaftServerImpl.java:setRole(174)) - 41c47655-c730-4efc-9be2-c06f510e0f0d@group-5CFAC3785330: changes role from CANDIDATE to LEADER at term 1 for changeToLeader
2019-09-25 05:36:50,513 [dce70d9e-b7b5-41e3-b2be-c4fe31afa812@group-AC81C5AD7097:LeaderElection19] INFO  impl.RaftServerImpl (RaftServerImpl.java:setRole(174)) - dce70d9e-b7b5-41e3-b2be-c4fe31afa812@group-AC81C5AD7097: changes role from CANDIDATE to LEADER at term 1 for changeToLeader
2019-09-25 05:36:50,511 [41c47655-c730-4efc-9be2-c06f510e0f0d@group-791C1D73DD5F:LeaderElection20] INFO  impl.RaftServerImpl (RaftServerImpl.java:setRole(174)) - 41c47655-c730-4efc-9be2-c06f510e0f0d@group-791C1D73DD5F: changes role from CANDIDATE to LEADER at term 1 for changeToLeader
2019-09-25 05:36:50,511 [41c47655-c730-4efc-9be2-c06f510e0f0d@group-C52DCAC42A3E:LeaderElection12] INFO  impl.RaftServerImpl (RaftServerImpl.java:setRole(174)) - 41c47655-c730-4efc-9be2-c06f510e0f0d@group-C52DCAC42A3E: changes role from CANDIDATE to LEADER at term 1 for changeToLeader
2019-09-25 05:36:50,510 [dce70d9e-b7b5-41e3-b2be-c4fe31afa812@group-33607EB0FBC9:LeaderElection10] INFO  impl.RaftServerImpl (RaftServerImpl.java:setRole(174)) - dce70d9e-b7b5-41e3-b2be-c4fe31afa812@group-33607EB0FBC9: changes role from CANDIDATE to LEADER at term 1 for changeToLeader
2019-09-25 05:36:50,510 [2cc4f5f9-5dd4-4066-9743-dfede0a56e57@group-E8D38D3A1DBE:LeaderElection9] INFO  impl.RaftServerImpl (RaftServerImpl.java:setRole(174)) - 2cc4f5f9-5dd4-4066-9743-dfede0a56e57@group-E8D38D3A1DBE: changes role from CANDIDATE to LEADER at term 1 for changeToLeader
2019-09-25 05:36:50,510 [4b2f0759-f599-4d51-8475-2e6d9cd1aa69@group-4568C3752BFA:LeaderElection17] INFO  impl.RaftServerImpl (RaftServerImpl.java:setRole(174)) - 4b2f0759-f599-4d51-8475-2e6d9cd1aa69@group-4568C3752BFA: changes role from CANDIDATE to LEADER at term 1 for changeToLeader
2019-09-25 05:36:50,525 [4b2f0759-f599-4d51-8475-2e6d9cd1aa69@group-4568C3752BFA:LeaderElection17] INFO  impl.RaftServerImpl (ServerState.java:setLeader(253)) - 4b2f0759-f599-4d51-8475-2e6d9cd1aa69@group-4568C3752BFA: change Leader from null to 4b2f0759-f599-4d51-8475-2e6d9cd1aa69 at term 1 for becomeLeader, leader elected after 7590ms
2019-09-25 05:36:50,510 [dce70d9e-b7b5-41e3-b2be-c4fe31afa812@group-F3277BF9315A:LeaderElection16] INFO  impl.RaftServerImpl (RaftServerImpl.java:setRole(174)) - dce70d9e-b7b5-41e3-b2be-c4fe31afa812@group-F3277BF9315A: changes role from CANDIDATE to LEADER at term 1 for changeToLeader
2019-09-25 05:36:50,510 [41c47655-c730-4efc-9be2-c06f510e0f0d@group-37D0686665B3:LeaderElection13] INFO  impl.RoleInfo (RoleInfo.java:shutdownLeaderElection(134)) - 41c47655-c730-4efc-9be2-c06f510e0f0d: shutdown LeaderElection
2019-09-25 05:36:50,527 [dce70d9e-b7b5-41e3-b2be-c4fe31afa812@group-F3277BF9315A:LeaderElection16] INFO  impl.RaftServerImpl (ServerState.java:setLeader(253)) - dce70d9e-b7b5-41e3-b2be-c4fe31afa812@group-F3277BF9315A: change Leader from null to dce70d9e-b7b5-41e3-b2be-c4fe31afa812 at term 1 for becomeLeader, leader elected after 7695ms
2019-09-25 05:36:50,527 [4b2f0759-f599-4d51-8475-2e6d9cd1aa69@group-4568C3752BFA:LeaderElection17] INFO  server.RaftServerConfigKeys (ConfUtils.java:logGet(43)) - raft.server.staging.catchup.gap = 1000 (default)
2019-09-25 05:36:50,525 [2cc4f5f9-5dd4-4066-9743-dfede0a56e57@group-E8D38D3A1DBE:LeaderElection9] INFO  impl.RaftServerImpl (ServerState.java:setLeader(253)) - 2cc4f5f9-5dd4-4066-9743-dfede0a56e57@group-E8D38D3A1DBE: change Leader from null to 2cc4f5f9-5dd4-4066-9743-dfede0a56e57 at term 1 for becomeLeader, leader elected after 8138ms
2019-09-25 05:36:50,525 [dce70d9e-b7b5-41e3-b2be-c4fe31afa812@group-33607EB0FBC9:LeaderElection10] INFO  impl.RaftServerImpl (ServerState.java:setLeader(253)) - dce70d9e-b7b5-41e3-b2be-c4fe31afa812@group-33607EB0FBC9: change Leader from null to dce70d9e-b7b5-41e3-b2be-c4fe31afa812 at term 1 for becomeLeader, leader elected after 8006ms
2019-09-25 05:36:50,525 [dce70d9e-b7b5-41e3-b2be-c4fe31afa812@group-39FEC27F9271:LeaderElection2] INFO  impl.LeaderElection (LeaderElection.java:logAndReturn(56)) - dce70d9e-b7b5-41e3-b2be-c4fe31afa812@group-39FEC27F9271:LeaderElection2: Election REJECTED; received 2 response(s) [dce70d9e-b7b5-41e3-b2be-c4fe31afa812<-2cc4f5f9-5dd4-4066-9743-dfede0a56e57#0:FAIL-t1, dce70d9e-b7b5-41e3-b2be-c4fe31afa812<-41c47655-c730-4efc-9be2-c06f510e0f0d#0:FAIL-t1] and 0 exception(s); dce70d9e-b7b5-41e3-b2be-c4fe31afa812@group-39FEC27F9271:t1, leader=null, voted=dce70d9e-b7b5-41e3-b2be-c4fe31afa812, raftlog=dce70d9e-b7b5-41e3-b2be-c4fe31afa812@group-39FEC27F9271-SegmentedRaftLog:OPENED:c-1,f-1,i0, conf=-1: [2cc4f5f9-5dd4-4066-9743-dfede0a56e57:192.168.164.207:35178, 41c47655-c730-4efc-9be2-c06f510e0f0d:192.168.164.207:35700, dce70d9e-b7b5-41e3-b2be-c4fe31afa812:192.168.164.207:37367], old=null
2019-09-25 05:36:50,525 [41c47655-c730-4efc-9be2-c06f510e0f0d@group-C52DCAC42A3E:LeaderElection12] INFO  impl.RaftServerImpl (ServerState.java:setLeader(253)) - 41c47655-c730-4efc-9be2-c06f510e0f0d@group-C52DCAC42A3E: change Leader from null to 41c47655-c730-4efc-9be2-c06f510e0f0d at term 1 for becomeLeader, leader elected after 7944ms
2019-09-25 05:36:50,525 [41c47655-c730-4efc-9be2-c06f510e0f0d@group-791C1D73DD5F:LeaderElection20] INFO  impl.RaftServerImpl (ServerState.java:setLeader(253)) - 41c47655-c730-4efc-9be2-c06f510e0f0d@group-791C1D73DD5F: change Leader from null to 41c47655-c730-4efc-9be2-c06f510e0f0d at term 1 for becomeLeader, leader elected after 6292ms
2019-09-25 05:36:50,525 [dce70d9e-b7b5-41e3-b2be-c4fe31afa812@group-AC81C5AD7097:LeaderElection19] INFO  impl.RaftServerImpl (ServerState.java:setLeader(253)) - dce70d9e-b7b5-41e3-b2be-c4fe31afa812@group-AC81C5AD7097: change Leader from null to dce70d9e-b7b5-41e3-b2be-c4fe31afa812 at term 1 for becomeLeader, leader elected after 6903ms
2019-09-25 05:36:50,524 [41c47655-c730-4efc-9be2-c06f510e0f0d@group-5CFAC3785330:LeaderElection15] INFO  impl.RaftServerImpl (ServerState.java:setLeader(253)) - 41c47655-c730-4efc-9be2-c06f510e0f0d@group-5CFAC3785330: change Leader from null to 41c47655-c730-4efc-9be2-c06f510e0f0d at term 1 for becomeLeader, leader elected after 7752ms
2019-09-25 05:36:50,524 [2cc4f5f9-5dd4-4066-9743-dfede0a56e57@group-B2D7684C4B91:LeaderElection14] INFO  impl.RaftServerImpl (ServerState.java:setLeader(253)) - 2cc4f5f9-5dd4-4066-9743-dfede0a56e57@group-B2D7684C4B91: change Leader from null to 2cc4f5f9-5dd4-4066-9743-dfede0a56e57 at term 1 for becomeLeader, leader elected after 7870ms
2019-09-25 05:36:50,524 [41c47655-c730-4efc-9be2-c06f510e0f0d@group-4F3AD058407A:LeaderElection11] INFO  impl.RaftServerImpl (ServerState.java:setLeader(253)) - 41c47655-c730-4efc-9be2-c06f510e0f0d@group-4F3AD058407A: change Leader from null to 41c47655-c730-4efc-9be2-c06f510e0f0d at term 1 for becomeLeader, leader elected after 8065ms
2019-09-25 05:36:50,524 [41c47655-c730-4efc-9be2-c06f510e0f0d@group-E4D3A87EADA5:LeaderElection6] INFO  impl.RaftServerImpl (ServerState.java:setLeader(253)) - 41c47655-c730-4efc-9be2-c06f510e0f0d@group-E4D3A87EADA5: change Leader from null to 41c47655-c730-4efc-9be2-c06f510e0f0d at term 1 for becomeLeader, leader elected after 8390ms
2019-09-25 05:36:50,522 [41c47655-c730-4efc-9be2-c06f510e0f0d@group-C4CBCECB5101:LeaderElection5] INFO  impl.RaftServerImpl (ServerState.java:setLeader(253)) - 41c47655-c730-4efc-9be2-c06f510e0f0d@group-C4CBCECB5101: change Leader from null to 41c47655-c730-4efc-9be2-c06f510e0f0d at term 1 for becomeLeader, leader elected after 8643ms
2019-09-25 05:36:50,522 [2cc4f5f9-5dd4-4066-9743-dfede0a56e57@group-7759BB83824B:LeaderElection7] INFO  server.RaftServerConfigKeys (ConfUtils.java:logGet(43)) - raft.server.staging.catchup.gap = 1000 (default)
2019-09-25 05:36:50,521 [4b2f0759-f599-4d51-8475-2e6d9cd1aa69@group-D80A3C3EE5A8:LeaderElection8] INFO  impl.RaftServerImpl (ServerState.java:setLeader(253)) - 4b2f0759-f599-4d51-8475-2e6d9cd1aa69@group-D80A3C3EE5A8: change Leader from null to 4b2f0759-f599-4d51-8475-2e6d9cd1aa69 at term 1 for becomeLeader, leader elected after 8295ms
2019-09-25 05:36:50,520 [dce70d9e-b7b5-41e3-b2be-c4fe31afa812@group-1C0A20800954:LeaderElection18] INFO  impl.RaftServerImpl (ServerState.java:setLeader(253)) - dce70d9e-b7b5-41e3-b2be-c4fe31afa812@group-1C0A20800954: change Leader from null to dce70d9e-b7b5-41e3-b2be-c4fe31afa812 at term 1 for becomeLeader, leader elected after 7133ms
2019-09-25 05:36:50,520 [2cc4f5f9-5dd4-4066-9743-dfede0a56e57@group-70FFEB6D6573:LeaderElection21] INFO  impl.RaftServerImpl (ServerState.java:setLeader(253)) - 2cc4f5f9-5dd4-4066-9743-dfede0a56e57@group-70FFEB6D6573: change Leader from null to 2cc4f5f9-5dd4-4066-9743-dfede0a56e57 at term 1 for becomeLeader, leader elected after 6223ms
2019-09-25 05:36:50,520 [dce70d9e-b7b5-41e3-b2be-c4fe31afa812@group-9D0B491BDF7A:LeaderElection24] INFO  impl.RaftServerImpl (RaftServerImpl.java:setRole(174)) - dce70d9e-b7b5-41e3-b2be-c4fe31afa812@group-9D0B491BDF7A: changes role from CANDIDATE to LEADER at term 1 for changeToLeader
2019-09-25 05:36:50,520 [2cc4f5f9-5dd4-4066-9743-dfede0a56e57@group-6C1C98E8B2D6:LeaderElection23] INFO  impl.RaftServerImpl (RaftServerImpl.java:setRole(174)) - 2cc4f5f9-5dd4-4066-9743-dfede0a56e57@group-6C1C98E8B2D6: changes role from CANDIDATE to LEADER at term 1 for changeToLeader
2019-09-25 05:36:50,520 [2cc4f5f9-5dd4-4066-9743-dfede0a56e57@group-78AA995A3416:LeaderElection22] INFO  impl.RoleInfo (RoleInfo.java:shutdownLeaderElection(134)) - 2cc4f5f9-5dd4-4066-9743-dfede0a56e57: shutdown LeaderElection
2019-09-25 05:36:50,540 [2cc4f5f9-5dd4-4066-9743-dfede0a56e57@group-6C1C98E8B2D6:LeaderElection23] INFO  impl.RaftServerImpl (ServerState.java:setLeader(253)) - 2cc4f5f9-5dd4-4066-9743-dfede0a56e57@group-6C1C98E8B2D6: change Leader from null to 2cc4f5f9-5dd4-4066-9743-dfede0a56e57 at term 1 for becomeLeader, leader elected after 5925ms
2019-09-25 05:36:50,540 [dce70d9e-b7b5-41e3-b2be-c4fe31afa812@group-9D0B491BDF7A:LeaderElection24] INFO  impl.RaftServerImpl (ServerState.java:setLeader(253)) - dce70d9e-b7b5-41e3-b2be-c4fe31afa812@group-9D0B491BDF7A: change Leader from null to dce70d9e-b7b5-41e3-b2be-c4fe31afa812 at term 1 for becomeLeader, leader elected after 5579ms
2019-09-25 05:36:50,539 [2cc4f5f9-5dd4-4066-9743-dfede0a56e57@group-70FFEB6D6573:LeaderElection21] INFO  server.RaftServerConfigKeys (ConfUtils.java:logGet(43)) - raft.server.staging.catchup.gap = 1000 (default)
2019-09-25 05:36:50,539 [dce70d9e-b7b5-41e3-b2be-c4fe31afa812@group-1C0A20800954:LeaderElection18] INFO  server.RaftServerConfigKeys (ConfUtils.java:logGet(43)) - raft.server.staging.catchup.gap = 1000 (default)
2019-09-25 05:36:50,537 [4b2f0759-f599-4d51-8475-2e6d9cd1aa69@group-D80A3C3EE5A8:LeaderElection8] INFO  server.RaftServerConfigKeys (ConfUtils.java:logGet(43)) - raft.server.staging.catchup.gap = 1000 (default)
2019-09-25 05:36:50,537 [2cc4f5f9-5dd4-4066-9743-dfede0a56e57@group-7759BB83824B:LeaderElection7] INFO  server.RaftServerConfigKeys (ConfUtils.java:logGet(43)) - raft.server.rpc.sleep.time = 25ms (default)
2019-09-25 05:36:50,537 [41c47655-c730-4efc-9be2-c06f510e0f0d@group-C4CBCECB5101:LeaderElection5] INFO  server.RaftServerConfigKeys (ConfUtils.java:logGet(43)) - raft.server.staging.catchup.gap = 1000 (default)
2019-09-25 05:36:50,537 [41c47655-c730-4efc-9be2-c06f510e0f0d@group-E4D3A87EADA5:LeaderElection6] INFO  server.RaftServerConfigKeys (ConfUtils.java:logGet(43)) - raft.server.staging.catchup.gap = 1000 (default)
2019-09-25 05:36:50,537 [41c47655-c730-4efc-9be2-c06f510e0f0d@group-4F3AD058407A:LeaderElection11] INFO  server.RaftServerConfigKeys (ConfUtils.java:logGet(43)) - raft.server.staging.catchup.gap = 1000 (default)
2019-09-25 05:36:50,537 [2cc4f5f9-5dd4-4066-9743-dfede0a56e57@group-B2D7684C4B91:LeaderElection14] INFO  server.RaftServerConfigKeys (ConfUtils.java:logGet(43)) - raft.server.staging.catchup.gap = 1000 (default)
2019-09-25 05:36:50,536 [41c47655-c730-4efc-9be2-c06f510e0f0d@group-5CFAC3785330:LeaderElection15] INFO  server.RaftServerConfigKeys (ConfUtils.java:logGet(43)) - raft.server.staging.catchup.gap = 1000 (default)
2019-09-25 05:36:50,536 [dce70d9e-b7b5-41e3-b2be-c4fe31afa812@group-39FEC27F9271:LeaderElection2] INFO  impl.RaftServerImpl (RaftServerImpl.java:setRole(174)) - dce70d9e-b7b5-41e3-b2be-c4fe31afa812@group-39FEC27F9271: changes role from CANDIDATE to FOLLOWER at term 1 for DISCOVERED_A_NEW_TERM
2019-09-25 05:36:50,536 [dce70d9e-b7b5-41e3-b2be-c4fe31afa812@group-AC81C5AD7097:LeaderElection19] INFO  server.RaftServerConfigKeys (ConfUtils.java:logGet(43)) - raft.server.staging.catchup.gap = 1000 (default)
2019-09-25 05:36:50,536 [41c47655-c730-4efc-9be2-c06f510e0f0d@group-791C1D73DD5F:LeaderElection20] INFO  server.RaftServerConfigKeys (ConfUtils.java:logGet(43)) - raft.server.staging.catchup.gap = 1000 (default)
2019-09-25 05:36:50,536 [41c47655-c730-4efc-9be2-c06f510e0f0d@group-C52DCAC42A3E:LeaderElection12] INFO  server.RaftServerConfigKeys (ConfUtils.java:logGet(43)) - raft.server.staging.catchup.gap = 1000 (default)
2019-09-25 05:36:50,530 [dce70d9e-b7b5-41e3-b2be-c4fe31afa812@group-33607EB0FBC9:LeaderElection10] INFO  server.RaftServerConfigKeys (ConfUtils.java:logGet(43)) - raft.server.staging.catchup.gap = 1000 (default)
2019-09-25 05:36:50,530 [2cc4f5f9-5dd4-4066-9743-dfede0a56e57@group-E8D38D3A1DBE:LeaderElection9] INFO  server.RaftServerConfigKeys (ConfUtils.java:logGet(43)) - raft.server.staging.catchup.gap = 1000 (default)
2019-09-25 05:36:50,530 [4b2f0759-f599-4d51-8475-2e6d9cd1aa69@group-4568C3752BFA:LeaderElection17] INFO  server.RaftServerConfigKeys (ConfUtils.java:logGet(43)) - raft.server.rpc.sleep.time = 25ms (default)
2019-09-25 05:36:50,530 [dce70d9e-b7b5-41e3-b2be-c4fe31afa812@group-F3277BF9315A:LeaderElection16] INFO  server.RaftServerConfigKeys (ConfUtils.java:logGet(43)) - raft.server.staging.catchup.gap = 1000 (default)
2019-09-25 05:36:50,529 [41c47655-c730-4efc-9be2-c06f510e0f0d@group-37D0686665B3:LeaderElection13] INFO  impl.RaftServerImpl (RaftServerImpl.java:setRole(174)) - 41c47655-c730-4efc-9be2-c06f510e0f0d@group-37D0686665B3: changes role from CANDIDATE to LEADER at term 1 for changeToLeader
2019-09-25 05:36:50,546 [dce70d9e-b7b5-41e3-b2be-c4fe31afa812@group-F3277BF9315A:LeaderElection16] INFO  server.RaftServerConfigKeys (ConfUtils.java:logGet(43)) - raft.server.rpc.sleep.time = 25ms (default)
2019-09-25 05:36:50,546 [4b2f0759-f599-4d51-8475-2e6d9cd1aa69@group-4568C3752BFA:LeaderElection17] INFO  server.RaftServerConfigKeys (ConfUtils.java:logGet(43)) - raft.server.write.element-limit = 4096 (default)
2019-09-25 05:36:50,546 [2cc4f5f9-5dd4-4066-9743-dfede0a56e57@group-E8D38D3A1DBE:LeaderElection9] INFO  server.RaftServerConfigKeys (ConfUtils.java:logGet(43)) - raft.server.rpc.sleep.time = 25ms (default)
2019-09-25 05:36:50,546 [dce70d9e-b7b5-41e3-b2be-c4fe31afa812@group-33607EB0FBC9:LeaderElection10] INFO  server.RaftServerConfigKeys (ConfUtils.java:logGet(43)) - raft.server.rpc.sleep.time = 25ms (default)
2019-09-25 05:36:50,546 [41c47655-c730-4efc-9be2-c06f510e0f0d@group-C52DCAC42A3E:LeaderElection12] INFO  server.RaftServerConfigKeys (ConfUtils.java:logGet(43)) - raft.server.rpc.sleep.time = 25ms (default)
2019-09-25 05:36:50,546 [41c47655-c730-4efc-9be2-c06f510e0f0d@group-791C1D73DD5F:LeaderElection20] INFO  server.RaftServerConfigKeys (ConfUtils.java:logGet(43)) - raft.server.rpc.sleep.time = 25ms (default)
2019-09-25 05:36:50,545 [dce70d9e-b7b5-41e3-b2be-c4fe31afa812@group-AC81C5AD7097:LeaderElection19] INFO  server.RaftServerConfigKeys (ConfUtils.java:logGet(43)) - raft.server.rpc.sleep.time = 25ms (default)
2019-09-25 05:36:50,545 [dce70d9e-b7b5-41e3-b2be-c4fe31afa812@group-39FEC27F9271:LeaderElection2] INFO  impl.RoleInfo (RoleInfo.java:shutdownLeaderElection(134)) - dce70d9e-b7b5-41e3-b2be-c4fe31afa812: shutdown LeaderElection
2019-09-25 05:36:50,548 [dce70d9e-b7b5-41e3-b2be-c4fe31afa812@group-AC81C5AD7097:LeaderElection19] INFO  server.RaftServerConfigKeys (ConfUtils.java:logGet(43)) - raft.server.write.element-limit = 4096 (default)
2019-09-25 05:36:50,545 [41c47655-c730-4efc-9be2-c06f510e0f0d@group-5CFAC3785330:LeaderElection15] INFO  server.RaftServerConfigKeys (ConfUtils.java:logGet(43)) - raft.server.rpc.sleep.time = 25ms (default)
2019-09-25 05:36:50,545 [2cc4f5f9-5dd4-4066-9743-dfede0a56e57@group-B2D7684C4B91:LeaderElection14] INFO  server.RaftServerConfigKeys (ConfUtils.java:logGet(43)) - raft.server.rpc.sleep.time = 25ms (default)
2019-09-25 05:36:50,543 [41c47655-c730-4efc-9be2-c06f510e0f0d@group-4F3AD058407A:LeaderElection11] INFO  server.RaftServerConfigKeys (ConfUtils.java:logGet(43)) - raft.server.rpc.sleep.time = 25ms (default)
2019-09-25 05:36:50,543 [41c47655-c730-4efc-9be2-c06f510e0f0d@group-E4D3A87EADA5:LeaderElection6] INFO  server.RaftServerConfigKeys (ConfUtils.java:logGet(43)) - raft.server.rpc.sleep.time = 25ms (default)
2019-09-25 05:36:50,543 [41c47655-c730-4efc-9be2-c06f510e0f0d@group-C4CBCECB5101:LeaderElection5] INFO  server.RaftServerConfigKeys (ConfUtils.java:logGet(43)) - raft.server.rpc.sleep.time = 25ms (default)
2019-09-25 05:36:50,543 [2cc4f5f9-5dd4-4066-9743-dfede0a56e57@group-7759BB83824B:LeaderElection7] INFO  server.RaftServerConfigKeys (ConfUtils.java:logGet(43)) - raft.server.write.element-limit = 4096 (default)
2019-09-25 05:36:50,543 [4b2f0759-f599-4d51-8475-2e6d9cd1aa69@group-D80A3C3EE5A8:LeaderElection8] INFO  server.RaftServerConfigKeys (ConfUtils.java:logGet(43)) - raft.server.rpc.sleep.time = 25ms (default)
2019-09-25 05:36:50,543 [dce70d9e-b7b5-41e3-b2be-c4fe31afa812@group-1C0A20800954:LeaderElection18] INFO  server.RaftServerConfigKeys (ConfUtils.java:logGet(43)) - raft.server.rpc.sleep.time = 25ms (default)
2019-09-25 05:36:50,541 [2cc4f5f9-5dd4-4066-9743-dfede0a56e57@group-70FFEB6D6573:LeaderElection21] INFO  server.RaftServerConfigKeys (ConfUtils.java:logGet(43)) - raft.server.rpc.sleep.time = 25ms (default)
2019-09-25 05:36:50,541 [dce70d9e-b7b5-41e3-b2be-c4fe31afa812@group-9D0B491BDF7A:LeaderElection24] INFO  server.RaftServerConfigKeys (ConfUtils.java:logGet(43)) - raft.server.staging.catchup.gap = 1000 (default)
2019-09-25 05:36:50,541 [2cc4f5f9-5dd4-4066-9743-dfede0a56e57@group-6C1C98E8B2D6:LeaderElection23] INFO  server.RaftServerConfigKeys (ConfUtils.java:logGet(43)) - raft.server.staging.catchup.gap = 1000 (default)
2019-09-25 05:36:50,541 [2cc4f5f9-5dd4-4066-9743-dfede0a56e57@group-78AA995A3416:LeaderElection22] INFO  impl.RaftServerImpl (RaftServerImpl.java:setRole(174)) - 2cc4f5f9-5dd4-4066-9743-dfede0a56e57@group-78AA995A3416: changes role from CANDIDATE to LEADER at term 1 for changeToLeader
2019-09-25 05:36:50,550 [2cc4f5f9-5dd4-4066-9743-dfede0a56e57@group-6C1C98E8B2D6:LeaderElection23] INFO  server.RaftServerConfigKeys (ConfUtils.java:logGet(43)) - raft.server.rpc.sleep.time = 25ms (default)
2019-09-25 05:36:50,549 [dce70d9e-b7b5-41e3-b2be-c4fe31afa812@group-9D0B491BDF7A:LeaderElection24] INFO  server.RaftServerConfigKeys (ConfUtils.java:logGet(43)) - raft.server.rpc.sleep.time = 25ms (default)
2019-09-25 05:36:50,549 [2cc4f5f9-5dd4-4066-9743-dfede0a56e57@group-70FFEB6D6573:LeaderElection21] INFO  server.RaftServerConfigKeys (ConfUtils.java:logGet(43)) - raft.server.write.element-limit = 4096 (default)
2019-09-25 05:36:50,549 [dce70d9e-b7b5-41e3-b2be-c4fe31afa812@group-1C0A20800954:LeaderElection18] INFO  server.RaftServerConfigKeys (ConfUtils.java:logGet(43)) - raft.server.write.element-limit = 4096 (default)
2019-09-25 05:36:50,549 [4b2f0759-f599-4d51-8475-2e6d9cd1aa69@group-D80A3C3EE5A8:LeaderElection8] INFO  server.RaftServerConfigKeys (ConfUtils.java:logGet(43)) - raft.server.write.element-limit = 4096 (default)
2019-09-25 05:36:50,549 [2cc4f5f9-5dd4-4066-9743-dfede0a56e57@group-7759BB83824B:LeaderElection7] INFO  server.RaftServerConfigKeys (ConfUtils.java:logGet(43)) - raft.server.watch.timeout = 10s (default)
2019-09-25 05:36:50,549 [41c47655-c730-4efc-9be2-c06f510e0f0d@group-C4CBCECB5101:LeaderElection5] INFO  server.RaftServerConfigKeys (ConfUtils.java:logGet(43)) - raft.server.write.element-limit = 4096 (default)
2019-09-25 05:36:50,549 [41c47655-c730-4efc-9be2-c06f510e0f0d@group-E4D3A87EADA5:LeaderElection6] INFO  server.RaftServerConfigKeys (ConfUtils.java:logGet(43)) - raft.server.write.element-limit = 4096 (default)
2019-09-25 05:36:50,548 [41c47655-c730-4efc-9be2-c06f510e0f0d@group-4F3AD058407A:LeaderElection11] INFO  server.RaftServerConfigKeys (ConfUtils.java:logGet(43)) - raft.server.write.element-limit = 4096 (default)
2019-09-25 05:36:50,548 [2cc4f5f9-5dd4-4066-9743-dfede0a56e57@group-B2D7684C4B91:LeaderElection14] INFO  server.RaftServerConfigKeys (ConfUtils.java:logGet(43)) - raft.server.write.element-limit = 4096 (default)
2019-09-25 05:36:50,548 [41c47655-c730-4efc-9be2-c06f510e0f0d@group-5CFAC3785330:LeaderElection15] INFO  server.RaftServerConfigKeys (ConfUtils.java:logGet(43)) - raft.server.write.element-limit = 4096 (default)
2019-09-25 05:36:50,548 [dce70d9e-b7b5-41e3-b2be-c4fe31afa812@group-AC81C5AD7097:LeaderElection19] INFO  server.RaftServerConfigKeys (ConfUtils.java:logGet(43)) - raft.server.watch.timeout = 10s (default)
2019-09-25 05:36:50,548 [dce70d9e-b7b5-41e3-b2be-c4fe31afa812@group-39FEC27F9271:LeaderElection2] INFO  impl.RoleInfo (RoleInfo.java:updateAndGet(143)) - dce70d9e-b7b5-41e3-b2be-c4fe31afa812: start FollowerState
2019-09-25 05:36:50,548 [41c47655-c730-4efc-9be2-c06f510e0f0d@group-791C1D73DD5F:LeaderElection20] INFO  server.RaftServerConfigKeys (ConfUtils.java:logGet(43)) - raft.server.write.element-limit = 4096 (default)
2019-09-25 05:36:50,548 [Thread-279] INFO  impl.FollowerState (FollowerState.java:run(106)) - 4b2f0759-f599-4d51-8475-2e6d9cd1aa69:group-7E07FA027D4F changes to CANDIDATE, lastRpcTime:5124, electionTimeout:5124ms
2019-09-25 05:36:50,547 [41c47655-c730-4efc-9be2-c06f510e0f0d@group-C52DCAC42A3E:LeaderElection12] INFO  server.RaftServerConfigKeys (ConfUtils.java:logGet(43)) - raft.server.write.element-limit = 4096 (default)
2019-09-25 05:36:50,554 [Thread-279] INFO  impl.RoleInfo (RoleInfo.java:shutdownFollowerState(121)) - 4b2f0759-f599-4d51-8475-2e6d9cd1aa69: shutdown FollowerState
2019-09-25 05:36:50,547 [dce70d9e-b7b5-41e3-b2be-c4fe31afa812@group-33607EB0FBC9:LeaderElection10] INFO  server.RaftServerConfigKeys (ConfUtils.java:logGet(43)) - raft.server.write.element-limit = 4096 (default)
2019-09-25 05:36:50,547 [2cc4f5f9-5dd4-4066-9743-dfede0a56e57@group-E8D38D3A1DBE:LeaderElection9] INFO  server.RaftServerConfigKeys (ConfUtils.java:logGet(43)) - raft.server.write.element-limit = 4096 (default)
2019-09-25 05:36:50,547 [4b2f0759-f599-4d51-8475-2e6d9cd1aa69@group-4568C3752BFA:LeaderElection17] INFO  server.RaftServerConfigKeys (ConfUtils.java:logGet(43)) - raft.server.watch.timeout = 10s (default)
2019-09-25 05:36:50,547 [dce70d9e-b7b5-41e3-b2be-c4fe31afa812@group-F3277BF9315A:LeaderElection16] INFO  server.RaftServerConfigKeys (ConfUtils.java:logGet(43)) - raft.server.write.element-limit = 4096 (default)
2019-09-25 05:36:50,546 [41c47655-c730-4efc-9be2-c06f510e0f0d@group-37D0686665B3:LeaderElection13] INFO  impl.RaftServerImpl (ServerState.java:setLeader(253)) - 41c47655-c730-4efc-9be2-c06f510e0f0d@group-37D0686665B3: change Leader from null to 41c47655-c730-4efc-9be2-c06f510e0f0d at term 1 for becomeLeader, leader elected after 7834ms
2019-09-25 05:36:50,556 [dce70d9e-b7b5-41e3-b2be-c4fe31afa812@group-F3277BF9315A:LeaderElection16] INFO  server.RaftServerConfigKeys (ConfUtils.java:logGet(43)) - raft.server.watch.timeout = 10s (default)
2019-09-25 05:36:50,556 [41c47655-c730-4efc-9be2-c06f510e0f0d@group-37D0686665B3:LeaderElection13] INFO  server.RaftServerConfigKeys (ConfUtils.java:logGet(43)) - raft.server.staging.catchup.gap = 1000 (default)
2019-09-25 05:36:50,554 [4b2f0759-f599-4d51-8475-2e6d9cd1aa69@group-4568C3752BFA:LeaderElection17] INFO  server.RaftServerConfigKeys (ConfUtils.java:logGet(43)) - raft.server.watch.timeout.denomination = 1s (default)
2019-09-25 05:36:50,554 [2cc4f5f9-5dd4-4066-9743-dfede0a56e57@group-E8D38D3A1DBE:LeaderElection9] INFO  server.RaftServerConfigKeys (ConfUtils.java:logGet(43)) - raft.server.watch.timeout = 10s (default)
2019-09-25 05:36:50,554 [dce70d9e-b7b5-41e3-b2be-c4fe31afa812@group-33607EB0FBC9:LeaderElection10] INFO  server.RaftServerConfigKeys (ConfUtils.java:logGet(43)) - raft.server.watch.timeout = 10s (default)
2019-09-25 05:36:50,554 [Thread-279] INFO  impl.RaftServerImpl (RaftServerImpl.java:setRole(174)) - 4b2f0759-f599-4d51-8475-2e6d9cd1aa69@group-7E07FA027D4F: changes role from  FOLLOWER to CANDIDATE at term 0 for changeToCandidate
2019-09-25 05:36:50,554 [41c47655-c730-4efc-9be2-c06f510e0f0d@group-C52DCAC42A3E:LeaderElection12] INFO  server.RaftServerConfigKeys (ConfUtils.java:logGet(43)) - raft.server.watch.timeout = 10s (default)
2019-09-25 05:36:50,553 [41c47655-c730-4efc-9be2-c06f510e0f0d@group-791C1D73DD5F:LeaderElection20] INFO  server.RaftServerConfigKeys (ConfUtils.java:logGet(43)) - raft.server.watch.timeout = 10s (default)
2019-09-25 05:36:50,552 [dce70d9e-b7b5-41e3-b2be-c4fe31afa812@group-AC81C5AD7097:LeaderElection19] INFO  server.RaftServerConfigKeys (ConfUtils.java:logGet(43)) - raft.server.watch.timeout.denomination = 1s (default)
2019-09-25 05:36:50,551 [41c47655-c730-4efc-9be2-c06f510e0f0d@group-5CFAC3785330:LeaderElection15] INFO  server.RaftServerConfigKeys (ConfUtils.java:logGet(43)) - raft.server.watch.timeout = 10s (default)
2019-09-25 05:36:50,551 [2cc4f5f9-5dd4-4066-9743-dfede0a56e57@group-B2D7684C4B91:LeaderElection14] INFO  server.RaftServerConfigKeys (ConfUtils.java:logGet(43)) - raft.server.watch.timeout = 10s (default)
2019-09-25 05:36:50,551 [41c47655-c730-4efc-9be2-c06f510e0f0d@group-4F3AD058407A:LeaderElection11] INFO  server.RaftServerConfigKeys (ConfUtils.java:logGet(43)) - raft.server.watch.timeout = 10s (default)
2019-09-25 05:36:50,551 [41c47655-c730-4efc-9be2-c06f510e0f0d@group-E4D3A87EADA5:LeaderElection6] INFO  server.RaftServerConfigKeys (ConfUtils.java:logGet(43)) - raft.server.watch.timeout = 10s (default)
2019-09-25 05:36:50,551 [41c47655-c730-4efc-9be2-c06f510e0f0d@group-C4CBCECB5101:LeaderElection5] INFO  server.RaftServerConfigKeys (ConfUtils.java:logGet(43)) - raft.server.watch.timeout = 10s (default)
2019-09-25 05:36:50,551 [2cc4f5f9-5dd4-4066-9743-dfede0a56e57@group-7759BB83824B:LeaderElection7] INFO  server.RaftServerConfigKeys (ConfUtils.java:logGet(43)) - raft.server.watch.timeout.denomination = 1s (default)
2019-09-25 05:36:50,551 [4b2f0759-f599-4d51-8475-2e6d9cd1aa69@group-D80A3C3EE5A8:LeaderElection8] INFO  server.RaftServerConfigKeys (ConfUtils.java:logGet(43)) - raft.server.watch.timeout = 10s (default)
2019-09-25 05:36:50,550 [dce70d9e-b7b5-41e3-b2be-c4fe31afa812@group-1C0A20800954:LeaderElection18] INFO  server.RaftServerConfigKeys (ConfUtils.java:logGet(43)) - raft.server.watch.timeout = 10s (default)
2019-09-25 05:36:50,550 [2cc4f5f9-5dd4-4066-9743-dfede0a56e57@group-70FFEB6D6573:LeaderElection21] INFO  server.RaftServerConfigKeys (ConfUtils.java:logGet(43)) - raft.server.watch.timeout = 10s (default)
2019-09-25 05:36:50,550 [dce70d9e-b7b5-41e3-b2be-c4fe31afa812@group-9D0B491BDF7A:LeaderElection24] INFO  server.RaftServerConfigKeys (ConfUtils.java:logGet(43)) - raft.server.write.element-limit = 4096 (default)
2019-09-25 05:36:50,550 [2cc4f5f9-5dd4-4066-9743-dfede0a56e57@group-6C1C98E8B2D6:LeaderElection23] INFO  server.RaftServerConfigKeys (ConfUtils.java:logGet(43)) - raft.server.write.element-limit = 4096 (default)
2019-09-25 05:36:50,550 [2cc4f5f9-5dd4-4066-9743-dfede0a56e57@group-78AA995A3416:LeaderElection22] INFO  impl.RaftServerImpl (ServerState.java:setLeader(253)) - 2cc4f5f9-5dd4-4066-9743-dfede0a56e57@group-78AA995A3416: change Leader from null to 2cc4f5f9-5dd4-4066-9743-dfede0a56e57 at term 1 for becomeLeader, leader elected after 6197ms
2019-09-25 05:36:50,560 [Thread-276] INFO  impl.FollowerState (FollowerState.java:run(106)) - dce70d9e-b7b5-41e3-b2be-c4fe31afa812:group-935E09450341 changes to CANDIDATE, lastRpcTime:5190, electionTimeout:5190ms
2019-09-25 05:36:50,560 [2cc4f5f9-5dd4-4066-9743-dfede0a56e57@group-6C1C98E8B2D6:LeaderElection23] INFO  server.RaftServerConfigKeys (ConfUtils.java:logGet(43)) - raft.server.watch.timeout = 10s (default)
2019-09-25 05:36:50,560 [dce70d9e-b7b5-41e3-b2be-c4fe31afa812@group-9D0B491BDF7A:LeaderElection24] INFO  server.RaftServerConfigKeys (ConfUtils.java:logGet(43)) - raft.server.watch.timeout = 10s (default)
2019-09-25 05:36:50,561 [dce70d9e-b7b5-41e3-b2be-c4fe31afa812@group-9D0B491BDF7A:LeaderElection24] INFO  server.RaftServerConfigKeys (ConfUtils.java:logGet(43)) - raft.server.watch.timeout.denomination = 1s (default)
2019-09-25 05:36:50,560 [2cc4f5f9-5dd4-4066-9743-dfede0a56e57@group-70FFEB6D6573:LeaderElection21] INFO  server.RaftServerConfigKeys (ConfUtils.java:logGet(43)) - raft.server.watch.timeout.denomination = 1s (default)
2019-09-25 05:36:50,559 [dce70d9e-b7b5-41e3-b2be-c4fe31afa812@group-1C0A20800954:LeaderElection18] INFO  server.RaftServerConfigKeys (ConfUtils.java:logGet(43)) - raft.server.watch.timeout.denomination = 1s (default)
2019-09-25 05:36:50,559 [4b2f0759-f599-4d51-8475-2e6d9cd1aa69@group-D80A3C3EE5A8:LeaderElection8] INFO  server.RaftServerConfigKeys (ConfUtils.java:logGet(43)) - raft.server.watch.timeout.denomination = 1s (default)
2019-09-25 05:36:50,559 [2cc4f5f9-5dd4-4066-9743-dfede0a56e57@group-7759BB83824B:LeaderElection7] INFO  server.RaftServerConfigKeys (ConfUtils.java:logGet(43)) - raft.server.watch.element-limit = 65536 (default)
2019-09-25 05:36:50,559 [41c47655-c730-4efc-9be2-c06f510e0f0d@group-C4CBCECB5101:LeaderElection5] INFO  server.RaftServerConfigKeys (ConfUtils.java:logGet(43)) - raft.server.watch.timeout.denomination = 1s (default)
2019-09-25 05:36:50,559 [41c47655-c730-4efc-9be2-c06f510e0f0d@group-E4D3A87EADA5:LeaderElection6] INFO  server.RaftServerConfigKeys (ConfUtils.java:logGet(43)) - raft.server.watch.timeout.denomination = 1s (default)
2019-09-25 05:36:50,559 [41c47655-c730-4efc-9be2-c06f510e0f0d@group-4F3AD058407A:LeaderElection11] INFO  server.RaftServerConfigKeys (ConfUtils.java:logGet(43)) - raft.server.watch.timeout.denomination = 1s (default)
2019-09-25 05:36:50,559 [2cc4f5f9-5dd4-4066-9743-dfede0a56e57@group-B2D7684C4B91:LeaderElection14] INFO  server.RaftServerConfigKeys (ConfUtils.java:logGet(43)) - raft.server.watch.timeout.denomination = 1s (default)
2019-09-25 05:36:50,558 [41c47655-c730-4efc-9be2-c06f510e0f0d@group-5CFAC3785330:LeaderElection15] INFO  server.RaftServerConfigKeys (ConfUtils.java:logGet(43)) - raft.server.watch.timeout.denomination = 1s (default)
2019-09-25 05:36:50,558 [dce70d9e-b7b5-41e3-b2be-c4fe31afa812@group-AC81C5AD7097:LeaderElection19] INFO  server.RaftServerConfigKeys (ConfUtils.java:logGet(43)) - raft.server.watch.element-limit = 65536 (default)
2019-09-25 05:36:50,558 [41c47655-c730-4efc-9be2-c06f510e0f0d@group-791C1D73DD5F:LeaderElection20] INFO  server.RaftServerConfigKeys (ConfUtils.java:logGet(43)) - raft.server.watch.timeout.denomination = 1s (default)
2019-09-25 05:36:50,558 [41c47655-c730-4efc-9be2-c06f510e0f0d@group-39FEC27F9271:LeaderElection4] INFO  impl.LeaderElection (LeaderElection.java:logAndReturn(56)) - 41c47655-c730-4efc-9be2-c06f510e0f0d@group-39FEC27F9271:LeaderElection4: Election REJECTED; received 2 response(s) [41c47655-c730-4efc-9be2-c06f510e0f0d<-2cc4f5f9-5dd4-4066-9743-dfede0a56e57#0:FAIL-t1, 41c47655-c730-4efc-9be2-c06f510e0f0d<-dce70d9e-b7b5-41e3-b2be-c4fe31afa812#0:FAIL-t1] and 0 exception(s); 41c47655-c730-4efc-9be2-c06f510e0f0d@group-39FEC27F9271:t1, leader=null, voted=41c47655-c730-4efc-9be2-c06f510e0f0d, raftlog=41c47655-c730-4efc-9be2-c06f510e0f0d@group-39FEC27F9271-SegmentedRaftLog:OPENED:c-1,f-1,i0, conf=-1: [2cc4f5f9-5dd4-4066-9743-dfede0a56e57:192.168.164.207:35178, 41c47655-c730-4efc-9be2-c06f510e0f0d:192.168.164.207:35700, dce70d9e-b7b5-41e3-b2be-c4fe31afa812:192.168.164.207:37367], old=null
2019-09-25 05:36:50,558 [41c47655-c730-4efc-9be2-c06f510e0f0d@group-C52DCAC42A3E:LeaderElection12] INFO  server.RaftServerConfigKeys (ConfUtils.java:logGet(43)) - raft.server.watch.timeout.denomination = 1s (default)
2019-09-25 05:36:50,558 [Thread-279] INFO  impl.RoleInfo (RoleInfo.java:updateAndGet(143)) - 4b2f0759-f599-4d51-8475-2e6d9cd1aa69: start LeaderElection
2019-09-25 05:36:50,558 [dce70d9e-b7b5-41e3-b2be-c4fe31afa812@group-33607EB0FBC9:LeaderElection10] INFO  server.RaftServerConfigKeys (ConfUtils.java:logGet(43)) - raft.server.watch.timeout.denomination = 1s (default)
2019-09-25 05:36:50,558 [2cc4f5f9-5dd4-4066-9743-dfede0a56e57@group-E8D38D3A1DBE:LeaderElection9] INFO  server.RaftServerConfigKeys (ConfUtils.java:logGet(43)) - raft.server.watch.timeout.denomination = 1s (default)
2019-09-25 05:36:50,556 [4b2f0759-f599-4d51-8475-2e6d9cd1aa69@group-4568C3752BFA:LeaderElection17] INFO  server.RaftServerConfigKeys (ConfUtils.java:logGet(43)) - raft.server.watch.element-limit = 65536 (default)
2019-09-25 05:36:50,556 [2cc4f5f9-5dd4-4066-9743-dfede0a56e57@group-39FEC27F9271:LeaderElection3] INFO  impl.LeaderElection (LeaderElection.java:logAndReturn(56)) - 2cc4f5f9-5dd4-4066-9743-dfede0a56e57@group-39FEC27F9271:LeaderElection3: Election REJECTED; received 2 response(s) [2cc4f5f9-5dd4-4066-9743-dfede0a56e57<-41c47655-c730-4efc-9be2-c06f510e0f0d#0:FAIL-t1, 2cc4f5f9-5dd4-4066-9743-dfede0a56e57<-dce70d9e-b7b5-41e3-b2be-c4fe31afa812#0:FAIL-t1] and 0 exception(s); 2cc4f5f9-5dd4-4066-9743-dfede0a56e57@group-39FEC27F9271:t1, leader=null, voted=2cc4f5f9-5dd4-4066-9743-dfede0a56e57, raftlog=2cc4f5f9-5dd4-4066-9743-dfede0a56e57@group-39FEC27F9271-SegmentedRaftLog:OPENED:c-1,f-1,i0, conf=-1: [2cc4f5f9-5dd4-4066-9743-dfede0a56e57:192.168.164.207:35178, 41c47655-c730-4efc-9be2-c06f510e0f0d:192.168.164.207:35700, dce70d9e-b7b5-41e3-b2be-c4fe31afa812:192.168.164.207:37367], old=null
2019-09-25 05:36:50,556 [41c47655-c730-4efc-9be2-c06f510e0f0d@group-37D0686665B3:LeaderElection13] INFO  server.RaftServerConfigKeys (ConfUtils.java:logGet(43)) - raft.server.rpc.sleep.time = 25ms (default)
2019-09-25 05:36:50,556 [dce70d9e-b7b5-41e3-b2be-c4fe31afa812@group-F3277BF9315A:LeaderElection16] INFO  server.RaftServerConfigKeys (ConfUtils.java:logGet(43)) - raft.server.watch.timeout.denomination = 1s (default)
2019-09-25 05:36:50,567 [2cc4f5f9-5dd4-4066-9743-dfede0a56e57@group-39FEC27F9271:LeaderElection3] INFO  impl.RaftServerImpl (RaftServerImpl.java:setRole(174)) - 2cc4f5f9-5dd4-4066-9743-dfede0a56e57@group-39FEC27F9271: changes role from CANDIDATE to FOLLOWER at term 1 for DISCOVERED_A_NEW_TERM
2019-09-25 05:36:50,566 [2cc4f5f9-5dd4-4066-9743-dfede0a56e57@group-E8D38D3A1DBE:LeaderElection9] INFO  server.RaftServerConfigKeys (ConfUtils.java:logGet(43)) - raft.server.watch.element-limit = 65536 (default)
2019-09-25 05:36:50,565 [dce70d9e-b7b5-41e3-b2be-c4fe31afa812@group-33607EB0FBC9:LeaderElection10] INFO  server.RaftServerConfigKeys (ConfUtils.java:logGet(43)) - raft.server.watch.element-limit = 65536 (default)
2019-09-25 05:36:50,564 [41c47655-c730-4efc-9be2-c06f510e0f0d@group-C52DCAC42A3E:LeaderElection12] INFO  server.RaftServerConfigKeys (ConfUtils.java:logGet(43)) - raft.server.watch.element-limit = 65536 (default)
2019-09-25 05:36:50,563 [41c47655-c730-4efc-9be2-c06f510e0f0d@group-39FEC27F9271:LeaderElection4] INFO  impl.RaftServerImpl (RaftServerImpl.java:setRole(174)) - 41c47655-c730-4efc-9be2-c06f510e0f0d@group-39FEC27F9271: changes role from CANDIDATE to FOLLOWER at term 1 for DISCOVERED_A_NEW_TERM
2019-09-25 05:36:50,572 [41c47655-c730-4efc-9be2-c06f510e0f0d@group-39FEC27F9271:LeaderElection4] INFO  impl.RoleInfo (RoleInfo.java:shutdownLeaderElection(134)) - 41c47655-c730-4efc-9be2-c06f510e0f0d: shutdown LeaderElection
2019-09-25 05:36:50,562 [41c47655-c730-4efc-9be2-c06f510e0f0d@group-791C1D73DD5F:LeaderElection20] INFO  server.RaftServerConfigKeys (ConfUtils.java:logGet(43)) - raft.server.watch.element-limit = 65536 (default)
2019-09-25 05:36:50,562 [41c47655-c730-4efc-9be2-c06f510e0f0d@group-5CFAC3785330:LeaderElection15] INFO  server.RaftServerConfigKeys (ConfUtils.java:logGet(43)) - raft.server.watch.element-limit = 65536 (default)
2019-09-25 05:36:50,562 [2cc4f5f9-5dd4-4066-9743-dfede0a56e57@group-B2D7684C4B91:LeaderElection14] INFO  server.RaftServerConfigKeys (ConfUtils.java:logGet(43)) - raft.server.watch.element-limit = 65536 (default)
2019-09-25 05:36:50,562 [41c47655-c730-4efc-9be2-c06f510e0f0d@group-4F3AD058407A:LeaderElection11] INFO  server.RaftServerConfigKeys (ConfUtils.java:logGet(43)) - raft.server.watch.element-limit = 65536 (default)
2019-09-25 05:36:50,562 [41c47655-c730-4efc-9be2-c06f510e0f0d@group-E4D3A87EADA5:LeaderElection6] INFO  server.RaftServerConfigKeys (ConfUtils.java:logGet(43)) - raft.server.watch.element-limit = 65536 (default)
2019-09-25 05:36:50,572 [2cc4f5f9-5dd4-4066-9743-dfede0a56e57@group-7759BB83824B:LeaderElection7] INFO  impl.RoleInfo (RoleInfo.java:updateAndGet(143)) - 2cc4f5f9-5dd4-4066-9743-dfede0a56e57: start LeaderState
2019-09-25 05:36:50,561 [41c47655-c730-4efc-9be2-c06f510e0f0d@group-C4CBCECB5101:LeaderElection5] INFO  server.RaftServerConfigKeys (ConfUtils.java:logGet(43)) - raft.server.watch.element-limit = 65536 (default)
2019-09-25 05:36:50,561 [4b2f0759-f599-4d51-8475-2e6d9cd1aa69@group-D80A3C3EE5A8:LeaderElection8] INFO  server.RaftServerConfigKeys (ConfUtils.java:logGet(43)) - raft.server.watch.element-limit = 65536 (default)
2019-09-25 05:36:50,561 [dce70d9e-b7b5-41e3-b2be-c4fe31afa812@group-1C0A20800954:LeaderElection18] INFO  server.RaftServerConfigKeys (ConfUtils.java:logGet(43)) - raft.server.watch.element-limit = 65536 (default)
2019-09-25 05:36:50,561 [2cc4f5f9-5dd4-4066-9743-dfede0a56e57@group-70FFEB6D6573:LeaderElection21] INFO  server.RaftServerConfigKeys (ConfUtils.java:logGet(43)) - raft.server.watch.element-limit = 65536 (default)
2019-09-25 05:36:50,561 [dce70d9e-b7b5-41e3-b2be-c4fe31afa812@group-9D0B491BDF7A:LeaderElection24] INFO  server.RaftServerConfigKeys (ConfUtils.java:logGet(43)) - raft.server.watch.element-limit = 65536 (default)
2019-09-25 05:36:50,560 [2cc4f5f9-5dd4-4066-9743-dfede0a56e57@group-6C1C98E8B2D6:LeaderElection23] INFO  server.RaftServerConfigKeys (ConfUtils.java:logGet(43)) - raft.server.watch.timeout.denomination = 1s (default)
2019-09-25 05:36:50,560 [Thread-276] INFO  impl.RoleInfo (RoleInfo.java:shutdownFollowerState(121)) - dce70d9e-b7b5-41e3-b2be-c4fe31afa812: shutdown FollowerState
2019-09-25 05:36:50,560 [2cc4f5f9-5dd4-4066-9743-dfede0a56e57@group-78AA995A3416:LeaderElection22] INFO  server.RaftServerConfigKeys (ConfUtils.java:logGet(43)) - raft.server.staging.catchup.gap = 1000 (default)
2019-09-25 05:36:50,574 [Thread-276] INFO  impl.RaftServerImpl (RaftServerImpl.java:setRole(174)) - dce70d9e-b7b5-41e3-b2be-c4fe31afa812@group-935E09450341: changes role from  FOLLOWER to CANDIDATE at term 0 for changeToCandidate
2019-09-25 05:36:50,574 [2cc4f5f9-5dd4-4066-9743-dfede0a56e57@group-6C1C98E8B2D6:LeaderElection23] INFO  server.RaftServerConfigKeys (ConfUtils.java:logGet(43)) - raft.server.watch.element-limit = 65536 (default)
2019-09-25 05:36:50,573 [2cc4f5f9-5dd4-4066-9743-dfede0a56e57@group-7759BB83824B:LeaderElection7] INFO  segmented.SegmentedRaftLogWorker (SegmentedRaftLogWorker.java:startLogSegment(380)) - 2cc4f5f9-5dd4-4066-9743-dfede0a56e57@group-7759BB83824B-SegmentedRaftLogWorker: Starting segment from index:0
2019-09-25 05:36:50,572 [41c47655-c730-4efc-9be2-c06f510e0f0d@group-39FEC27F9271:LeaderElection4] INFO  impl.RoleInfo (RoleInfo.java:updateAndGet(143)) - 41c47655-c730-4efc-9be2-c06f510e0f0d: start FollowerState
2019-09-25 05:36:50,571 [2cc4f5f9-5dd4-4066-9743-dfede0a56e57@group-39FEC27F9271:LeaderElection3] INFO  impl.RoleInfo (RoleInfo.java:shutdownLeaderElection(134)) - 2cc4f5f9-5dd4-4066-9743-dfede0a56e57: shutdown LeaderElection
2019-09-25 05:36:50,571 [41c47655-c730-4efc-9be2-c06f510e0f0d@group-37D0686665B3:LeaderElection13] INFO  server.RaftServerConfigKeys (ConfUtils.java:logGet(43)) - raft.server.write.element-limit = 4096 (default)
2019-09-25 05:36:50,571 [dce70d9e-b7b5-41e3-b2be-c4fe31afa812@group-F3277BF9315A:LeaderElection16] INFO  server.RaftServerConfigKeys (ConfUtils.java:logGet(43)) - raft.server.watch.element-limit = 65536 (default)
2019-09-25 05:36:50,576 [41c47655-c730-4efc-9be2-c06f510e0f0d@group-37D0686665B3:LeaderElection13] INFO  server.RaftServerConfigKeys (ConfUtils.java:logGet(43)) - raft.server.watch.timeout = 10s (default)
2019-09-25 05:36:50,576 [2cc4f5f9-5dd4-4066-9743-dfede0a56e57@group-39FEC27F9271:LeaderElection3] INFO  impl.RoleInfo (RoleInfo.java:updateAndGet(143)) - 2cc4f5f9-5dd4-4066-9743-dfede0a56e57: start FollowerState
2019-09-25 05:36:50,574 [Thread-276] INFO  impl.RoleInfo (RoleInfo.java:updateAndGet(143)) - dce70d9e-b7b5-41e3-b2be-c4fe31afa812: start LeaderElection
2019-09-25 05:36:50,574 [2cc4f5f9-5dd4-4066-9743-dfede0a56e57@group-78AA995A3416:LeaderElection22] INFO  server.RaftServerConfigKeys (ConfUtils.java:logGet(43)) - raft.server.rpc.sleep.time = 25ms (default)
2019-09-25 05:36:50,576 [41c47655-c730-4efc-9be2-c06f510e0f0d@group-37D0686665B3:LeaderElection13] INFO  server.RaftServerConfigKeys (ConfUtils.java:logGet(43)) - raft.server.watch.timeout.denomination = 1s (default)
2019-09-25 05:36:50,576 [2cc4f5f9-5dd4-4066-9743-dfede0a56e57@group-7759BB83824B:LeaderElection7] INFO  impl.RaftServerImpl (ServerState.java:setRaftConf(354)) - 2cc4f5f9-5dd4-4066-9743-dfede0a56e57@group-7759BB83824B: set configuration 0: [2cc4f5f9-5dd4-4066-9743-dfede0a56e57:192.168.164.207:35178], old=null at 0
2019-09-25 05:36:50,604 [41c47655-c730-4efc-9be2-c06f510e0f0d@group-37D0686665B3:LeaderElection13] INFO  server.RaftServerConfigKeys (ConfUtils.java:logGet(43)) - raft.server.watch.element-limit = 65536 (default)
2019-09-25 05:36:50,603 [2cc4f5f9-5dd4-4066-9743-dfede0a56e57@group-78AA995A3416:LeaderElection22] INFO  server.RaftServerConfigKeys (ConfUtils.java:logGet(43)) - raft.server.write.element-limit = 4096 (default)
2019-09-25 05:36:50,603 [Thread-282] INFO  impl.FollowerState (FollowerState.java:run(106)) - 4b2f0759-f599-4d51-8475-2e6d9cd1aa69:group-B7596A6D678A changes to CANDIDATE, lastRpcTime:5126, electionTimeout:5110ms
2019-09-25 05:36:50,606 [2cc4f5f9-5dd4-4066-9743-dfede0a56e57@group-78AA995A3416:LeaderElection22] INFO  server.RaftServerConfigKeys (ConfUtils.java:logGet(43)) - raft.server.watch.timeout = 10s (default)
2019-09-25 05:36:50,606 [2cc4f5f9-5dd4-4066-9743-dfede0a56e57@group-78AA995A3416:LeaderElection22] INFO  server.RaftServerConfigKeys (ConfUtils.java:logGet(43)) - raft.server.watch.timeout.denomination = 1s (default)
2019-09-25 05:36:50,606 [Thread-282] INFO  impl.RoleInfo (RoleInfo.java:shutdownFollowerState(121)) - 4b2f0759-f599-4d51-8475-2e6d9cd1aa69: shutdown FollowerState
2019-09-25 05:36:50,606 [2cc4f5f9-5dd4-4066-9743-dfede0a56e57@group-78AA995A3416:LeaderElection22] INFO  server.RaftServerConfigKeys (ConfUtils.java:logGet(43)) - raft.server.watch.element-limit = 65536 (default)
2019-09-25 05:36:50,606 [Thread-282] INFO  impl.RaftServerImpl (RaftServerImpl.java:setRole(174)) - 4b2f0759-f599-4d51-8475-2e6d9cd1aa69@group-B7596A6D678A: changes role from  FOLLOWER to CANDIDATE at term 0 for changeToCandidate
2019-09-25 05:36:50,607 [Thread-282] INFO  impl.RoleInfo (RoleInfo.java:updateAndGet(143)) - 4b2f0759-f599-4d51-8475-2e6d9cd1aa69: start LeaderElection
2019-09-25 05:36:50,613 [dce70d9e-b7b5-41e3-b2be-c4fe31afa812@group-AC81C5AD7097:LeaderElection19] INFO  impl.RoleInfo (RoleInfo.java:updateAndGet(143)) - dce70d9e-b7b5-41e3-b2be-c4fe31afa812: start LeaderState
2019-09-25 05:36:50,613 [dce70d9e-b7b5-41e3-b2be-c4fe31afa812@group-AC81C5AD7097:LeaderElection19] INFO  segmented.SegmentedRaftLogWorker (SegmentedRaftLogWorker.java:startLogSegment(380)) - dce70d9e-b7b5-41e3-b2be-c4fe31afa812@group-AC81C5AD7097-SegmentedRaftLogWorker: Starting segment from index:0
2019-09-25 05:36:50,614 [dce70d9e-b7b5-41e3-b2be-c4fe31afa812@group-AC81C5AD7097:LeaderElection19] INFO  impl.RaftServerImpl (ServerState.java:setRaftConf(354)) - dce70d9e-b7b5-41e3-b2be-c4fe31afa812@group-AC81C5AD7097: set configuration 0: [dce70d9e-b7b5-41e3-b2be-c4fe31afa812:192.168.164.207:37367], old=null at 0
2019-09-25 05:36:50,640 [Thread-288] INFO  impl.FollowerState (FollowerState.java:run(106)) - 4b2f0759-f599-4d51-8475-2e6d9cd1aa69:group-B80DB64C252B changes to CANDIDATE, lastRpcTime:5057, electionTimeout:5043ms
2019-09-25 05:36:50,641 [Thread-288] INFO  impl.RoleInfo (RoleInfo.java:shutdownFollowerState(121)) - 4b2f0759-f599-4d51-8475-2e6d9cd1aa69: shutdown FollowerState
2019-09-25 05:36:50,641 [Thread-288] INFO  impl.RaftServerImpl (RaftServerImpl.java:setRole(174)) - 4b2f0759-f599-4d51-8475-2e6d9cd1aa69@group-B80DB64C252B: changes role from  FOLLOWER to CANDIDATE at term 0 for changeToCandidate
2019-09-25 05:36:50,641 [Thread-288] INFO  impl.RoleInfo (RoleInfo.java:updateAndGet(143)) - 4b2f0759-f599-4d51-8475-2e6d9cd1aa69: start LeaderElection
2019-09-25 05:36:50,648 [4b2f0759-f599-4d51-8475-2e6d9cd1aa69@group-4568C3752BFA:LeaderElection17] INFO  impl.RoleInfo (RoleInfo.java:updateAndGet(143)) - 4b2f0759-f599-4d51-8475-2e6d9cd1aa69: start LeaderState
2019-09-25 05:36:50,649 [4b2f0759-f599-4d51-8475-2e6d9cd1aa69@group-4568C3752BFA:LeaderElection17] INFO  segmented.SegmentedRaftLogWorker (SegmentedRaftLogWorker.java:startLogSegment(380)) - 4b2f0759-f599-4d51-8475-2e6d9cd1aa69@group-4568C3752BFA-SegmentedRaftLogWorker: Starting segment from index:0
2019-09-25 05:36:50,649 [4b2f0759-f599-4d51-8475-2e6d9cd1aa69@group-4568C3752BFA:LeaderElection17] INFO  impl.RaftServerImpl (ServerState.java:setRaftConf(354)) - 4b2f0759-f599-4d51-8475-2e6d9cd1aa69@group-4568C3752BFA: set configuration 0: [4b2f0759-f599-4d51-8475-2e6d9cd1aa69:192.168.164.207:45682], old=null at 0
2019-09-25 05:36:50,677 [2cc4f5f9-5dd4-4066-9743-dfede0a56e57@group-E8D38D3A1DBE:LeaderElection9] INFO  impl.RoleInfo (RoleInfo.java:updateAndGet(143)) - 2cc4f5f9-5dd4-4066-9743-dfede0a56e57: start LeaderState
2019-09-25 05:36:50,678 [2cc4f5f9-5dd4-4066-9743-dfede0a56e57@group-E8D38D3A1DBE:LeaderElection9] INFO  segmented.SegmentedRaftLogWorker (SegmentedRaftLogWorker.java:startLogSegment(380)) - 2cc4f5f9-5dd4-4066-9743-dfede0a56e57@group-E8D38D3A1DBE-SegmentedRaftLogWorker: Starting segment from index:0
2019-09-25 05:36:50,678 [2cc4f5f9-5dd4-4066-9743-dfede0a56e57@group-E8D38D3A1DBE:LeaderElection9] INFO  impl.RaftServerImpl (ServerState.java:setRaftConf(354)) - 2cc4f5f9-5dd4-4066-9743-dfede0a56e57@group-E8D38D3A1DBE: set configuration 0: [2cc4f5f9-5dd4-4066-9743-dfede0a56e57:192.168.164.207:35178], old=null at 0
2019-09-25 05:36:50,703 [Thread-285] INFO  impl.FollowerState (FollowerState.java:run(106)) - 4b2f0759-f599-4d51-8475-2e6d9cd1aa69:group-7742CA127705 changes to CANDIDATE, lastRpcTime:5172, electionTimeout:5153ms
2019-09-25 05:36:50,704 [Thread-285] INFO  impl.RoleInfo (RoleInfo.java:shutdownFollowerState(121)) - 4b2f0759-f599-4d51-8475-2e6d9cd1aa69: shutdown FollowerState
2019-09-25 05:36:50,704 [Thread-285] INFO  impl.RaftServerImpl (RaftServerImpl.java:setRole(174)) - 4b2f0759-f599-4d51-8475-2e6d9cd1aa69@group-7742CA127705: changes role from  FOLLOWER to CANDIDATE at term 0 for changeToCandidate
2019-09-25 05:36:50,704 [Thread-285] INFO  impl.RoleInfo (RoleInfo.java:updateAndGet(143)) - 4b2f0759-f599-4d51-8475-2e6d9cd1aa69: start LeaderElection
2019-09-25 05:36:50,706 [41c47655-c730-4efc-9be2-c06f510e0f0d@group-C52DCAC42A3E:LeaderElection12] INFO  impl.RoleInfo (RoleInfo.java:updateAndGet(143)) - 41c47655-c730-4efc-9be2-c06f510e0f0d: start LeaderState
2019-09-25 05:36:50,706 [ForkJoinPool.commonPool-worker-1] INFO  ozoneimpl.OzoneContainer (OzoneContainer.java:stop(231)) - Attempting to stop container services.
2019-09-25 05:36:50,706 [41c47655-c730-4efc-9be2-c06f510e0f0d@group-C52DCAC42A3E:LeaderElection12] INFO  segmented.SegmentedRaftLogWorker (SegmentedRaftLogWorker.java:startLogSegment(380)) - 41c47655-c730-4efc-9be2-c06f510e0f0d@group-C52DCAC42A3E-SegmentedRaftLogWorker: Starting segment from index:0
2019-09-25 05:36:50,706 [main] INFO  ozoneimpl.OzoneContainer (OzoneContainer.java:stop(231)) - Attempting to stop container services.
2019-09-25 05:36:50,707 [41c47655-c730-4efc-9be2-c06f510e0f0d@group-C52DCAC42A3E:LeaderElection12] INFO  impl.RaftServerImpl (ServerState.java:setRaftConf(354)) - 41c47655-c730-4efc-9be2-c06f510e0f0d@group-C52DCAC42A3E: set configuration 0: [41c47655-c730-4efc-9be2-c06f510e0f0d:192.168.164.207:35700], old=null at 0
2019-09-25 05:36:50,707 [ForkJoinPool.commonPool-worker-1] INFO  impl.RaftServerProxy (RaftServerProxy.java:lambda$close$4(314)) - dce70d9e-b7b5-41e3-b2be-c4fe31afa812: close
2019-09-25 05:36:50,707 [main] INFO  impl.RaftServerProxy (RaftServerProxy.java:lambda$close$4(314)) - 2cc4f5f9-5dd4-4066-9743-dfede0a56e57: close
2019-09-25 05:36:50,739 [ForkJoinPool.commonPool-worker-1] INFO  impl.RaftServerImpl (RaftServerImpl.java:lambda$shutdown$3(251)) - dce70d9e-b7b5-41e3-b2be-c4fe31afa812@group-935E09450341: shutdown
2019-09-25 05:36:50,739 [main] INFO  impl.RaftServerImpl (RaftServerImpl.java:lambda$shutdown$3(251)) - 2cc4f5f9-5dd4-4066-9743-dfede0a56e57@group-6C1C98E8B2D6: shutdown
2019-09-25 05:36:50,741 [dce70d9e-b7b5-41e3-b2be-c4fe31afa812@group-33607EB0FBC9:LeaderElection10] INFO  impl.RoleInfo (RoleInfo.java:updateAndGet(143)) - dce70d9e-b7b5-41e3-b2be-c4fe31afa812: start LeaderState
2019-09-25 05:36:50,741 [ForkJoinPool.commonPool-worker-1] INFO  util.JmxRegister (JmxRegister.java:unregister(73)) - Successfully un-registered JMX Bean with object name Ratis:service=RaftServer,group=group-935E09450341,id=dce70d9e-b7b5-41e3-b2be-c4fe31afa812
2019-09-25 05:36:50,741 [main] INFO  util.JmxRegister (JmxRegister.java:unregister(73)) - Successfully un-registered JMX Bean with object name Ratis:service=RaftServer,group=group-6C1C98E8B2D6,id=2cc4f5f9-5dd4-4066-9743-dfede0a56e57
2019-09-25 05:36:50,741 [dce70d9e-b7b5-41e3-b2be-c4fe31afa812@group-33607EB0FBC9:LeaderElection10] INFO  segmented.SegmentedRaftLogWorker (SegmentedRaftLogWorker.java:startLogSegment(380)) - dce70d9e-b7b5-41e3-b2be-c4fe31afa812@group-33607EB0FBC9-SegmentedRaftLogWorker: Starting segment from index:0
2019-09-25 05:36:50,742 [main] INFO  impl.StateMachineUpdater (StateMachineUpdater.java:stopAndJoin(125)) - 2cc4f5f9-5dd4-4066-9743-dfede0a56e57@group-6C1C98E8B2D6-StateMachineUpdater: set stopIndex = -1
2019-09-25 05:36:50,741 [ForkJoinPool.commonPool-worker-1] INFO  impl.RoleInfo (RoleInfo.java:shutdownLeaderElection(134)) - dce70d9e-b7b5-41e3-b2be-c4fe31afa812: shutdown LeaderElection
2019-09-25 05:36:50,744 [dce70d9e-b7b5-41e3-b2be-c4fe31afa812@group-33607EB0FBC9:LeaderElection10] INFO  impl.RaftServerImpl (ServerState.java:setRaftConf(354)) - dce70d9e-b7b5-41e3-b2be-c4fe31afa812@group-33607EB0FBC9: set configuration 0: [dce70d9e-b7b5-41e3-b2be-c4fe31afa812:192.168.164.207:37367], old=null at 0
2019-09-25 05:36:50,744 [main] INFO  impl.RaftServerImpl (ServerState.java:close(385)) - 2cc4f5f9-5dd4-4066-9743-dfede0a56e57@group-6C1C98E8B2D6: closes. applyIndex: -1
2019-09-25 05:36:50,744 [ForkJoinPool.commonPool-worker-1] INFO  impl.StateMachineUpdater (StateMachineUpdater.java:stopAndJoin(125)) - dce70d9e-b7b5-41e3-b2be-c4fe31afa812@group-935E09450341-StateMachineUpdater: set stopIndex = -1
2019-09-25 05:36:50,782 [2cc4f5f9-5dd4-4066-9743-dfede0a56e57@group-6C1C98E8B2D6-SegmentedRaftLogWorker] INFO  segmented.SegmentedRaftLogWorker (SegmentedRaftLogWorker.java:run(313)) - 2cc4f5f9-5dd4-4066-9743-dfede0a56e57@group-6C1C98E8B2D6-SegmentedRaftLogWorker was interrupted, exiting. There are 0 tasks remaining in the queue.
2019-09-25 05:36:50,782 [ForkJoinPool.commonPool-worker-1] INFO  impl.RaftServerImpl (ServerState.java:close(385)) - dce70d9e-b7b5-41e3-b2be-c4fe31afa812@group-935E09450341: closes. applyIndex: -1
2019-09-25 05:36:50,782 [main] INFO  segmented.SegmentedRaftLogWorker (SegmentedRaftLogWorker.java:close(228)) - 2cc4f5f9-5dd4-4066-9743-dfede0a56e57@group-6C1C98E8B2D6-SegmentedRaftLogWorker close()
2019-09-25 05:36:50,783 [dce70d9e-b7b5-41e3-b2be-c4fe31afa812@group-1C0A20800954:LeaderElection18] INFO  impl.RoleInfo (RoleInfo.java:updateAndGet(143)) - dce70d9e-b7b5-41e3-b2be-c4fe31afa812: start LeaderState
2019-09-25 05:36:50,783 [dce70d9e-b7b5-41e3-b2be-c4fe31afa812@group-935E09450341-SegmentedRaftLogWorker] INFO  segmented.SegmentedRaftLogWorker (SegmentedRaftLogWorker.java:run(313)) - dce70d9e-b7b5-41e3-b2be-c4fe31afa812@group-935E09450341-SegmentedRaftLogWorker was interrupted, exiting. There are 0 tasks remaining in the queue.
2019-09-25 05:36:50,787 [main] INFO  impl.RaftServerImpl (RaftServerImpl.java:lambda$shutdown$3(251)) - 2cc4f5f9-5dd4-4066-9743-dfede0a56e57@group-39FEC27F9271: shutdown
2019-09-25 05:36:50,787 [dce70d9e-b7b5-41e3-b2be-c4fe31afa812@group-1C0A20800954:LeaderElection18] INFO  segmented.SegmentedRaftLogWorker (SegmentedRaftLogWorker.java:startLogSegment(380)) - dce70d9e-b7b5-41e3-b2be-c4fe31afa812@group-1C0A20800954-SegmentedRaftLogWorker: Starting segment from index:0
2019-09-25 05:36:50,787 [ForkJoinPool.commonPool-worker-1] INFO  segmented.SegmentedRaftLogWorker (SegmentedRaftLogWorker.java:close(228)) - dce70d9e-b7b5-41e3-b2be-c4fe31afa812@group-935E09450341-SegmentedRaftLogWorker close()
2019-09-25 05:36:50,788 [4b2f0759-f599-4d51-8475-2e6d9cd1aa69@group-D80A3C3EE5A8:LeaderElection8] INFO  impl.RoleInfo (RoleInfo.java:updateAndGet(143)) - 4b2f0759-f599-4d51-8475-2e6d9cd1aa69: start LeaderState
2019-09-25 05:36:50,792 [ForkJoinPool.commonPool-worker-1] INFO  impl.RaftServerImpl (RaftServerImpl.java:lambda$shutdown$3(251)) - dce70d9e-b7b5-41e3-b2be-c4fe31afa812@group-39FEC27F9271: shutdown
2019-09-25 05:36:50,792 [4b2f0759-f599-4d51-8475-2e6d9cd1aa69@group-D80A3C3EE5A8:LeaderElection8] INFO  segmented.SegmentedRaftLogWorker (SegmentedRaftLogWorker.java:startLogSegment(380)) - 4b2f0759-f599-4d51-8475-2e6d9cd1aa69@group-D80A3C3EE5A8-SegmentedRaftLogWorker: Starting segment from index:0
2019-09-25 05:36:50,792 [dce70d9e-b7b5-41e3-b2be-c4fe31afa812@group-1C0A20800954:LeaderElection18] INFO  impl.RaftServerImpl (ServerState.java:setRaftConf(354)) - dce70d9e-b7b5-41e3-b2be-c4fe31afa812@group-1C0A20800954: set configuration 0: [dce70d9e-b7b5-41e3-b2be-c4fe31afa812:192.168.164.207:37367], old=null at 0
2019-09-25 05:36:50,793 [main] INFO  util.JmxRegister (JmxRegister.java:unregister(73)) - Successfully un-registered JMX Bean with object name Ratis:service=RaftServer,group=group-39FEC27F9271,id=2cc4f5f9-5dd4-4066-9743-dfede0a56e57
2019-09-25 05:36:50,831 [main] INFO  impl.RoleInfo (RoleInfo.java:shutdownFollowerState(121)) - 2cc4f5f9-5dd4-4066-9743-dfede0a56e57: shutdown FollowerState
2019-09-25 05:36:50,831 [4b2f0759-f599-4d51-8475-2e6d9cd1aa69@group-D80A3C3EE5A8:LeaderElection8] INFO  impl.RaftServerImpl (ServerState.java:setRaftConf(354)) - 4b2f0759-f599-4d51-8475-2e6d9cd1aa69@group-D80A3C3EE5A8: set configuration 0: [4b2f0759-f599-4d51-8475-2e6d9cd1aa69:192.168.164.207:45682], old=null at 0
2019-09-25 05:36:50,831 [main] INFO  impl.StateMachineUpdater (StateMachineUpdater.java:stopAndJoin(125)) - 2cc4f5f9-5dd4-4066-9743-dfede0a56e57@group-39FEC27F9271-StateMachineUpdater: set stopIndex = -1
2019-09-25 05:36:50,832 [ForkJoinPool.commonPool-worker-1] INFO  util.JmxRegister (JmxRegister.java:unregister(73)) - Successfully un-registered JMX Bean with object name Ratis:service=RaftServer,group=group-39FEC27F9271,id=dce70d9e-b7b5-41e3-b2be-c4fe31afa812
2019-09-25 05:36:50,832 [Thread-344] INFO  impl.FollowerState (FollowerState.java:run(115)) - 2cc4f5f9-5dd4-4066-9743-dfede0a56e57: FollowerState was interrupted: java.lang.InterruptedException: sleep interrupted
2019-09-25 05:36:50,832 [ForkJoinPool.commonPool-worker-1] INFO  impl.RoleInfo (RoleInfo.java:shutdownFollowerState(121)) - dce70d9e-b7b5-41e3-b2be-c4fe31afa812: shutdown FollowerState
2019-09-25 05:36:50,832 [main] INFO  impl.RaftServerImpl (ServerState.java:close(385)) - 2cc4f5f9-5dd4-4066-9743-dfede0a56e57@group-39FEC27F9271: closes. applyIndex: -1
2019-09-25 05:36:50,867 [Thread-329] INFO  impl.FollowerState (FollowerState.java:run(115)) - dce70d9e-b7b5-41e3-b2be-c4fe31afa812: FollowerState was interrupted: java.lang.InterruptedException: sleep interrupted
2019-09-25 05:36:50,867 [ForkJoinPool.commonPool-worker-1] INFO  impl.StateMachineUpdater (StateMachineUpdater.java:stopAndJoin(125)) - dce70d9e-b7b5-41e3-b2be-c4fe31afa812@group-39FEC27F9271-StateMachineUpdater: set stopIndex = -1
2019-09-25 05:36:50,868 [2cc4f5f9-5dd4-4066-9743-dfede0a56e57@group-39FEC27F9271-SegmentedRaftLogWorker] INFO  segmented.SegmentedRaftLogWorker (SegmentedRaftLogWorker.java:run(313)) - 2cc4f5f9-5dd4-4066-9743-dfede0a56e57@group-39FEC27F9271-SegmentedRaftLogWorker was interrupted, exiting. There are 0 tasks remaining in the queue.
2019-09-25 05:36:50,869 [ForkJoinPool.commonPool-worker-1] INFO  impl.RaftServerImpl (ServerState.java:close(385)) - dce70d9e-b7b5-41e3-b2be-c4fe31afa812@group-39FEC27F9271: closes. applyIndex: -1
2019-09-25 05:36:50,869 [41c47655-c730-4efc-9be2-c06f510e0f0d@group-C4CBCECB5101:LeaderElection5] INFO  impl.RoleInfo (RoleInfo.java:updateAndGet(143)) - 41c47655-c730-4efc-9be2-c06f510e0f0d: start LeaderState
2019-09-25 05:36:50,869 [main] INFO  segmented.SegmentedRaftLogWorker (SegmentedRaftLogWorker.java:close(228)) - 2cc4f5f9-5dd4-4066-9743-dfede0a56e57@group-39FEC27F9271-SegmentedRaftLogWorker close()
2019-09-25 05:36:50,870 [41c47655-c730-4efc-9be2-c06f510e0f0d@group-C4CBCECB5101:LeaderElection5] INFO  segmented.SegmentedRaftLogWorker (SegmentedRaftLogWorker.java:startLogSegment(380)) - 41c47655-c730-4efc-9be2-c06f510e0f0d@group-C4CBCECB5101-SegmentedRaftLogWorker: Starting segment from index:0
2019-09-25 05:36:50,870 [dce70d9e-b7b5-41e3-b2be-c4fe31afa812@group-39FEC27F9271-SegmentedRaftLogWorker] INFO  segmented.SegmentedRaftLogWorker (SegmentedRaftLogWorker.java:run(313)) - dce70d9e-b7b5-41e3-b2be-c4fe31afa812@group-39FEC27F9271-SegmentedRaftLogWorker was interrupted, exiting. There are 0 tasks remaining in the queue.
2019-09-25 05:36:50,873 [main] INFO  impl.RaftServerImpl (RaftServerImpl.java:lambda$shutdown$3(251)) - 2cc4f5f9-5dd4-4066-9743-dfede0a56e57@group-E8D38D3A1DBE: shutdown
2019-09-25 05:36:50,873 [ForkJoinPool.commonPool-worker-1] INFO  segmented.SegmentedRaftLogWorker (SegmentedRaftLogWorker.java:close(228)) - dce70d9e-b7b5-41e3-b2be-c4fe31afa812@group-39FEC27F9271-SegmentedRaftLogWorker close()
2019-09-25 05:36:50,874 [41c47655-c730-4efc-9be2-c06f510e0f0d@group-C4CBCECB5101:LeaderElection5] INFO  impl.RaftServerImpl (ServerState.java:setRaftConf(354)) - 41c47655-c730-4efc-9be2-c06f510e0f0d@group-C4CBCECB5101: set configuration 0: [41c47655-c730-4efc-9be2-c06f510e0f0d:192.168.164.207:35700], old=null at 0
2019-09-25 05:36:50,909 [4b2f0759-f599-4d51-8475-2e6d9cd1aa69@group-7E07FA027D4F:LeaderElection25] INFO  impl.LeaderElection (LeaderElection.java:askForVotes(182)) - 4b2f0759-f599-4d51-8475-2e6d9cd1aa69@group-7E07FA027D4F:LeaderElection25: begin an election at term 1 for -1: [4b2f0759-f599-4d51-8475-2e6d9cd1aa69:192.168.164.207:45682], old=null
2019-09-25 05:36:50,909 [dce70d9e-b7b5-41e3-b2be-c4fe31afa812@group-935E09450341:LeaderElection26] INFO  impl.LeaderElection (LeaderElection.java:askForVotes(182)) - dce70d9e-b7b5-41e3-b2be-c4fe31afa812@group-935E09450341:LeaderElection26: begin an election at term 1 for -1: [dce70d9e-b7b5-41e3-b2be-c4fe31afa812:192.168.164.207:37367], old=null
2019-09-25 05:36:50,908 [41c47655-c730-4efc-9be2-c06f510e0f0d@group-C52DCAC42A3E-SegmentedRaftLogWorker] INFO  segmented.SegmentedRaftLogWorker (SegmentedRaftLogWorker.java:execute(569)) - 41c47655-c730-4efc-9be2-c06f510e0f0d@group-C52DCAC42A3E-SegmentedRaftLogWorker: created new log segment /workdir/hadoop-ozone/integration-test/target/test-dir/MiniOzoneClusterImpl-29dc12d8-8e72-470a-a134-d73b6532f6c9/datanode-0/data/ratis/2bc47d3e-a346-4635-93d5-c52dcac42a3e/current/log_inprogress_0
2019-09-25 05:36:50,908 [2cc4f5f9-5dd4-4066-9743-dfede0a56e57@group-E8D38D3A1DBE-SegmentedRaftLogWorker] INFO  segmented.SegmentedRaftLogWorker (SegmentedRaftLogWorker.java:execute(569)) - 2cc4f5f9-5dd4-4066-9743-dfede0a56e57@group-E8D38D3A1DBE-SegmentedRaftLogWorker: created new log segment /workdir/hadoop-ozone/integration-test/target/test-dir/MiniOzoneClusterImpl-29dc12d8-8e72-470a-a134-d73b6532f6c9/datanode-2/data/ratis/e0fef959-e3f5-492d-a27f-e8d38d3a1dbe/current/log_inprogress_0
2019-09-25 05:36:50,908 [dce70d9e-b7b5-41e3-b2be-c4fe31afa812@group-1C0A20800954-SegmentedRaftLogWorker] INFO  segmented.SegmentedRaftLogWorker (SegmentedRaftLogWorker.java:execute(569)) - dce70d9e-b7b5-41e3-b2be-c4fe31afa812@group-1C0A20800954-SegmentedRaftLogWorker: created new log segment /workdir/hadoop-ozone/integration-test/target/test-dir/MiniOzoneClusterImpl-29dc12d8-8e72-470a-a134-d73b6532f6c9/datanode-1/data/ratis/d4e6cf8c-6351-4cfe-9796-1c0a20800954/current/log_inprogress_0
2019-09-25 05:36:50,908 [dce70d9e-b7b5-41e3-b2be-c4fe31afa812@group-AC81C5AD7097-SegmentedRaftLogWorker] INFO  segmented.SegmentedRaftLogWorker (SegmentedRaftLogWorker.java:execute(569)) - dce70d9e-b7b5-41e3-b2be-c4fe31afa812@group-AC81C5AD7097-SegmentedRaftLogWorker: created new log segment /workdir/hadoop-ozone/integration-test/target/test-dir/MiniOzoneClusterImpl-29dc12d8-8e72-470a-a134-d73b6532f6c9/datanode-1/data/ratis/024d139f-7f34-4853-9fae-ac81c5ad7097/current/log_inprogress_0
2019-09-25 05:36:50,910 [41c47655-c730-4efc-9be2-c06f510e0f0d@group-E4D3A87EADA5:LeaderElection6] INFO  impl.RoleInfo (RoleInfo.java:updateAndGet(143)) - 41c47655-c730-4efc-9be2-c06f510e0f0d: start LeaderState
2019-09-25 05:36:50,908 [2cc4f5f9-5dd4-4066-9743-dfede0a56e57@group-7759BB83824B-SegmentedRaftLogWorker] INFO  segmented.SegmentedRaftLogWorker (SegmentedRaftLogWorker.java:execute(569)) - 2cc4f5f9-5dd4-4066-9743-dfede0a56e57@group-7759BB83824B-SegmentedRaftLogWorker: created new log segment /workdir/hadoop-ozone/integration-test/target/test-dir/MiniOzoneClusterImpl-29dc12d8-8e72-470a-a134-d73b6532f6c9/datanode-2/data/ratis/297eab0f-7340-4aac-be3c-7759bb83824b/current/log_inprogress_0
2019-09-25 05:36:50,908 [4b2f0759-f599-4d51-8475-2e6d9cd1aa69@group-4568C3752BFA-SegmentedRaftLogWorker] INFO  segmented.SegmentedRaftLogWorker (SegmentedRaftLogWorker.java:execute(569)) - 4b2f0759-f599-4d51-8475-2e6d9cd1aa69@group-4568C3752BFA-SegmentedRaftLogWorker: created new log segment /workdir/hadoop-ozone/integration-test/target/test-dir/MiniOzoneClusterImpl-29dc12d8-8e72-470a-a134-d73b6532f6c9/datanode-3/data/ratis/3f487cbc-cfa9-45cd-9506-4568c3752bfa/current/log_inprogress_0
2019-09-25 05:36:50,908 [4b2f0759-f599-4d51-8475-2e6d9cd1aa69@group-D80A3C3EE5A8-SegmentedRaftLogWorker] INFO  segmented.SegmentedRaftLogWorker (SegmentedRaftLogWorker.java:execute(569)) - 4b2f0759-f599-4d51-8475-2e6d9cd1aa69@group-D80A3C3EE5A8-SegmentedRaftLogWorker: created new log segment /workdir/hadoop-ozone/integration-test/target/test-dir/MiniOzoneClusterImpl-29dc12d8-8e72-470a-a134-d73b6532f6c9/datanode-3/data/ratis/c39cde7b-4c4f-40c6-b6e3-d80a3c3ee5a8/current/log_inprogress_0
2019-09-25 05:36:50,910 [41c47655-c730-4efc-9be2-c06f510e0f0d@group-4F3AD058407A:LeaderElection11] INFO  impl.RoleInfo (RoleInfo.java:updateAndGet(143)) - 41c47655-c730-4efc-9be2-c06f510e0f0d: start LeaderState
2019-09-25 05:36:50,908 [dce70d9e-b7b5-41e3-b2be-c4fe31afa812@group-33607EB0FBC9-SegmentedRaftLogWorker] INFO  segmented.SegmentedRaftLogWorker (SegmentedRaftLogWorker.java:execute(569)) - dce70d9e-b7b5-41e3-b2be-c4fe31afa812@group-33607EB0FBC9-SegmentedRaftLogWorker: created new log segment /workdir/hadoop-ozone/integration-test/target/test-dir/MiniOzoneClusterImpl-29dc12d8-8e72-470a-a134-d73b6532f6c9/datanode-1/data/ratis/943734b3-d304-4fbf-bdab-33607eb0fbc9/current/log_inprogress_0
2019-09-25 05:36:50,908 [ForkJoinPool.commonPool-worker-1] INFO  impl.RaftServerImpl (RaftServerImpl.java:lambda$shutdown$3(251)) - dce70d9e-b7b5-41e3-b2be-c4fe31afa812@group-9D0B491BDF7A: shutdown
2019-09-25 05:36:50,911 [41c47655-c730-4efc-9be2-c06f510e0f0d@group-4F3AD058407A:LeaderElection11] INFO  segmented.SegmentedRaftLogWorker (SegmentedRaftLogWorker.java:startLogSegment(380)) - 41c47655-c730-4efc-9be2-c06f510e0f0d@group-4F3AD058407A-SegmentedRaftLogWorker: Starting segment from index:0
2019-09-25 05:36:50,910 [4b2f0759-f599-4d51-8475-2e6d9cd1aa69@group-B7596A6D678A:LeaderElection27] INFO  impl.LeaderElection (LeaderElection.java:askForVotes(182)) - 4b2f0759-f599-4d51-8475-2e6d9cd1aa69@group-B7596A6D678A:LeaderElection27: begin an election at term 1 for -1: [4b2f0759-f599-4d51-8475-2e6d9cd1aa69:192.168.164.207:45682], old=null
2019-09-25 05:36:50,910 [4b2f0759-f599-4d51-8475-2e6d9cd1aa69@group-7742CA127705:LeaderElection29] INFO  impl.LeaderElection (LeaderElection.java:askForVotes(182)) - 4b2f0759-f599-4d51-8475-2e6d9cd1aa69@group-7742CA127705:LeaderElection29: begin an election at term 1 for -1: [4b2f0759-f599-4d51-8475-2e6d9cd1aa69:192.168.164.207:45682], old=null
2019-09-25 05:36:50,910 [41c47655-c730-4efc-9be2-c06f510e0f0d@group-E4D3A87EADA5:LeaderElection6] INFO  segmented.SegmentedRaftLogWorker (SegmentedRaftLogWorker.java:startLogSegment(380)) - 41c47655-c730-4efc-9be2-c06f510e0f0d@group-E4D3A87EADA5-SegmentedRaftLogWorker: Starting segment from index:0
2019-09-25 05:36:50,912 [ForkJoinPool.commonPool-worker-1] INFO  util.JmxRegister (JmxRegister.java:unregister(73)) - Successfully un-registered JMX Bean with object name Ratis:service=RaftServer,group=group-9D0B491BDF7A,id=dce70d9e-b7b5-41e3-b2be-c4fe31afa812
2019-09-25 05:36:50,910 [4b2f0759-f599-4d51-8475-2e6d9cd1aa69@group-B80DB64C252B:LeaderElection28] INFO  impl.LeaderElection (LeaderElection.java:askForVotes(182)) - 4b2f0759-f599-4d51-8475-2e6d9cd1aa69@group-B80DB64C252B:LeaderElection28: begin an election at term 1 for -1: [4b2f0759-f599-4d51-8475-2e6d9cd1aa69:192.168.164.207:45682], old=null
2019-09-25 05:36:50,910 [dce70d9e-b7b5-41e3-b2be-c4fe31afa812@group-935E09450341:LeaderElection26] INFO  impl.LeaderElection (LogUtils.java:infoOrTrace(149)) - Failed dce70d9e-b7b5-41e3-b2be-c4fe31afa812@group-935E09450341:LeaderElection26, state=CLOSING: {}
java.lang.IllegalArgumentException: dce70d9e-b7b5-41e3-b2be-c4fe31afa812@group-935E09450341-SegmentedRaftLog is expected to be opened but it is CLOSED
	at org.apache.ratis.util.OpenCloseState.assertOpen(OpenCloseState.java:63)
	at org.apache.ratis.server.raftlog.RaftLog.checkLogState(RaftLog.java:102)
	at org.apache.ratis.server.raftlog.segmented.SegmentedRaftLog.getLastEntryTermIndex(SegmentedRaftLog.java:324)
	at org.apache.ratis.server.impl.LeaderElection.askForVotes(LeaderElection.java:184)
	at org.apache.ratis.server.impl.LeaderElection.run(LeaderElection.java:133)
	at java.lang.Thread.run(Thread.java:748)
Caused by: org.apache.ratis.util.OpenCloseState$CloseTrace: Close dce70d9e-b7b5-41e3-b2be-c4fe31afa812@group-935E09450341-SegmentedRaftLog
	at org.apache.ratis.util.OpenCloseState.lambda$close$1(OpenCloseState.java:109)
	at java.util.concurrent.atomic.AtomicReference.getAndUpdate(AtomicReference.java:160)
	at org.apache.ratis.util.OpenCloseState.close(OpenCloseState.java:109)
	at org.apache.ratis.server.raftlog.RaftLog.close(RaftLog.java:437)
	at org.apache.ratis.server.raftlog.segmented.SegmentedRaftLog.close(SegmentedRaftLog.java:476)
	at org.apache.ratis.server.impl.ServerState.close(ServerState.java:387)
	at org.apache.ratis.server.impl.RaftServerImpl.lambda$shutdown$3(RaftServerImpl.java:273)
	at org.apache.ratis.util.LifeCycle.lambda$checkStateAndClose$2(LifeCycle.java:231)
	at org.apache.ratis.util.LifeCycle.checkStateAndClose(LifeCycle.java:251)
	at org.apache.ratis.util.LifeCycle.checkStateAndClose(LifeCycle.java:229)
	at org.apache.ratis.server.impl.RaftServerImpl.shutdown(RaftServerImpl.java:250)
	at org.apache.ratis.server.impl.RaftServerProxy$ImplMap.lambda$close$0(RaftServerProxy.java:107)
	at java.util.stream.ForEachOps$ForEachOp$OfRef.accept(ForEachOps.java:184)
	at java.util.stream.ReferencePipeline$3$1.accept(ReferencePipeline.java:193)
	at java.util.concurrent.ConcurrentHashMap$ValueSpliterator.forEachRemaining(ConcurrentHashMap.java:3566)
	at java.util.stream.AbstractPipeline.copyInto(AbstractPipeline.java:482)
	at java.util.stream.ForEachOps$ForEachTask.compute(ForEachOps.java:291)
	at java.util.concurrent.CountedCompleter.exec(CountedCompleter.java:731)
	at java.util.concurrent.ForkJoinTask.doExec(ForkJoinTask.java:289)
	at java.util.concurrent.ForkJoinTask.doInvoke(ForkJoinTask.java:401)
	at java.util.concurrent.ForkJoinTask.invoke(ForkJoinTask.java:734)
	at java.util.stream.ForEachOps$ForEachOp.evaluateParallel(ForEachOps.java:160)
	at java.util.stream.ForEachOps$ForEachOp$OfRef.evaluateParallel(ForEachOps.java:174)
	at java.util.stream.AbstractPipeline.evaluate(AbstractPipeline.java:233)
	at java.util.stream.ReferencePipeline.forEach(ReferencePipeline.java:418)
	at org.apache.ratis.server.impl.RaftServerProxy$ImplMap.close(RaftServerProxy.java:107)
	at org.apache.ratis.server.impl.RaftServerProxy.lambda$close$4(RaftServerProxy.java:315)
	at org.apache.ratis.util.LifeCycle.lambda$checkStateAndClose$2(LifeCycle.java:231)
	at org.apache.ratis.util.LifeCycle.checkStateAndClose(LifeCycle.java:251)
	at org.apache.ratis.util.LifeCycle.checkStateAndClose(LifeCycle.java:229)
	at org.apache.ratis.server.impl.RaftServerProxy.close(RaftServerProxy.java:313)
	at org.apache.hadoop.ozone.container.common.transport.server.ratis.XceiverServerRatis.stop(XceiverServerRatis.java:441)
	at org.apache.hadoop.ozone.container.ozoneimpl.OzoneContainer.stop(OzoneContainer.java:233)
	at org.apache.hadoop.ozone.container.common.statemachine.DatanodeStateMachine.close(DatanodeStateMachine.java:270)
	at org.apache.hadoop.ozone.container.common.statemachine.DatanodeStateMachine.stopDaemon(DatanodeStateMachine.java:394)
	at org.apache.hadoop.ozone.HddsDatanodeService.stop(HddsDatanodeService.java:457)
	at org.apache.hadoop.ozone.MiniOzoneClusterImpl.stopDatanode(MiniOzoneClusterImpl.java:385)
	at java.util.stream.ForEachOps$ForEachOp$OfRef.accept(ForEachOps.java:184)
	at java.util.ArrayList$ArrayListSpliterator.forEachRemaining(ArrayList.java:1382)
	at java.util.stream.AbstractPipeline.copyInto(AbstractPipeline.java:482)
	at java.util.stream.ForEachOps$ForEachTask.compute(ForEachOps.java:291)
	at java.util.concurrent.CountedCompleter.exec(CountedCompleter.java:731)
	at java.util.concurrent.ForkJoinTask.doExec(ForkJoinTask.java:289)
	at java.util.concurrent.ForkJoinPool$WorkQueue.runTask(ForkJoinPool.java:1056)
	at java.util.concurrent.ForkJoinPool.runWorker(ForkJoinPool.java:1692)
	at java.util.concurrent.ForkJoinWorkerThread.run(ForkJoinWorkerThread.java:157)
2019-09-25 05:36:50,909 [main] INFO  util.JmxRegister (JmxRegister.java:unregister(73)) - Successfully un-registered JMX Bean with object name Ratis:service=RaftServer,group=group-E8D38D3A1DBE,id=2cc4f5f9-5dd4-4066-9743-dfede0a56e57
2019-09-25 05:36:50,915 [main] INFO  impl.RoleInfo (RoleInfo.java:shutdownLeaderState(104)) - 2cc4f5f9-5dd4-4066-9743-dfede0a56e57: shutdown LeaderState
2019-09-25 05:36:50,909 [4b2f0759-f599-4d51-8475-2e6d9cd1aa69@group-7E07FA027D4F:LeaderElection25] INFO  impl.RoleInfo (RoleInfo.java:shutdownLeaderElection(134)) - 4b2f0759-f599-4d51-8475-2e6d9cd1aa69: shutdown LeaderElection
2019-09-25 05:36:50,915 [main] INFO  impl.PendingRequests (PendingRequests.java:sendNotLeaderResponses(202)) - 2cc4f5f9-5dd4-4066-9743-dfede0a56e57-PendingRequests: sendNotLeaderResponses
2019-09-25 05:36:50,915 [41c47655-c730-4efc-9be2-c06f510e0f0d@group-37D0686665B3:LeaderElection13] INFO  impl.RoleInfo (RoleInfo.java:updateAndGet(143)) - 41c47655-c730-4efc-9be2-c06f510e0f0d: start LeaderState
2019-09-25 05:36:50,916 [main] INFO  impl.StateMachineUpdater (StateMachineUpdater.java:stopAndJoin(125)) - 2cc4f5f9-5dd4-4066-9743-dfede0a56e57@group-E8D38D3A1DBE-StateMachineUpdater: set stopIndex = 0
2019-09-25 05:36:50,915 [2cc4f5f9-5dd4-4066-9743-dfede0a56e57@group-78AA995A3416:LeaderElection22] INFO  impl.RoleInfo (RoleInfo.java:updateAndGet(143)) - 2cc4f5f9-5dd4-4066-9743-dfede0a56e57: start LeaderState
2019-09-25 05:36:50,915 [41c47655-c730-4efc-9be2-c06f510e0f0d@group-5CFAC3785330:LeaderElection15] INFO  impl.RoleInfo (RoleInfo.java:updateAndGet(143)) - 41c47655-c730-4efc-9be2-c06f510e0f0d: start LeaderState
2019-09-25 05:36:50,915 [dce70d9e-b7b5-41e3-b2be-c4fe31afa812@group-935E09450341:LeaderElection26] INFO  impl.LeaderElection (LeaderElection.java:run(140)) - dce70d9e-b7b5-41e3-b2be-c4fe31afa812@group-935E09450341:LeaderElection26: IllegalArgumentException is safely ignored since this is already CLOSING
2019-09-25 05:36:50,917 [41c47655-c730-4efc-9be2-c06f510e0f0d@group-5CFAC3785330:LeaderElection15] INFO  segmented.SegmentedRaftLogWorker (SegmentedRaftLogWorker.java:startLogSegment(380)) - 41c47655-c730-4efc-9be2-c06f510e0f0d@group-5CFAC3785330-SegmentedRaftLogWorker: Starting segment from index:0
2019-09-25 05:36:50,914 [41c47655-c730-4efc-9be2-c06f510e0f0d@group-C4CBCECB5101-SegmentedRaftLogWorker] INFO  segmented.SegmentedRaftLogWorker (SegmentedRaftLogWorker.java:execute(569)) - 41c47655-c730-4efc-9be2-c06f510e0f0d@group-C4CBCECB5101-SegmentedRaftLogWorker: created new log segment /workdir/hadoop-ozone/integration-test/target/test-dir/MiniOzoneClusterImpl-29dc12d8-8e72-470a-a134-d73b6532f6c9/datanode-0/data/ratis/f65bb53a-0dde-4b3e-aea5-c4cbcecb5101/current/log_inprogress_0
2019-09-25 05:36:50,914 [41c47655-c730-4efc-9be2-c06f510e0f0d@group-791C1D73DD5F:LeaderElection20] INFO  impl.RoleInfo (RoleInfo.java:updateAndGet(143)) - 41c47655-c730-4efc-9be2-c06f510e0f0d: start LeaderState
2019-09-25 05:36:50,912 [41c47655-c730-4efc-9be2-c06f510e0f0d@group-E4D3A87EADA5:LeaderElection6] INFO  impl.RaftServerImpl (ServerState.java:setRaftConf(354)) - 41c47655-c730-4efc-9be2-c06f510e0f0d@group-E4D3A87EADA5: set configuration 0: [41c47655-c730-4efc-9be2-c06f510e0f0d:192.168.164.207:35700], old=null at 0
2019-09-25 05:36:50,918 [41c47655-c730-4efc-9be2-c06f510e0f0d@group-5CFAC3785330:LeaderElection15] INFO  impl.RaftServerImpl (ServerState.java:setRaftConf(354)) - 41c47655-c730-4efc-9be2-c06f510e0f0d@group-5CFAC3785330: set configuration 0: [41c47655-c730-4efc-9be2-c06f510e0f0d:192.168.164.207:35700], old=null at 0
2019-09-25 05:36:50,912 [4b2f0759-f599-4d51-8475-2e6d9cd1aa69@group-B80DB64C252B:LeaderElection28] INFO  impl.RoleInfo (RoleInfo.java:shutdownLeaderElection(134)) - 4b2f0759-f599-4d51-8475-2e6d9cd1aa69: shutdown LeaderElection
2019-09-25 05:36:50,912 [ForkJoinPool.commonPool-worker-1] INFO  impl.StateMachineUpdater (StateMachineUpdater.java:stopAndJoin(125)) - dce70d9e-b7b5-41e3-b2be-c4fe31afa812@group-9D0B491BDF7A-StateMachineUpdater: set stopIndex = -1
2019-09-25 05:36:50,912 [41c47655-c730-4efc-9be2-c06f510e0f0d@group-4F3AD058407A:LeaderElection11] INFO  impl.RaftServerImpl (ServerState.java:setRaftConf(354)) - 41c47655-c730-4efc-9be2-c06f510e0f0d@group-4F3AD058407A: set configuration 0: [41c47655-c730-4efc-9be2-c06f510e0f0d:192.168.164.207:35700], old=null at 0
2019-09-25 05:36:50,911 [4b2f0759-f599-4d51-8475-2e6d9cd1aa69@group-7742CA127705:LeaderElection29] INFO  impl.RoleInfo (RoleInfo.java:shutdownLeaderElection(134)) - 4b2f0759-f599-4d51-8475-2e6d9cd1aa69: shutdown LeaderElection
2019-09-25 05:36:50,911 [4b2f0759-f599-4d51-8475-2e6d9cd1aa69@group-B7596A6D678A:LeaderElection27] INFO  impl.RoleInfo (RoleInfo.java:shutdownLeaderElection(134)) - 4b2f0759-f599-4d51-8475-2e6d9cd1aa69: shutdown LeaderElection
2019-09-25 05:36:50,911 [2cc4f5f9-5dd4-4066-9743-dfede0a56e57@group-B2D7684C4B91:LeaderElection14] INFO  impl.RoleInfo (RoleInfo.java:updateAndGet(143)) - 2cc4f5f9-5dd4-4066-9743-dfede0a56e57: start LeaderState
2019-09-25 05:36:50,919 [4b2f0759-f599-4d51-8475-2e6d9cd1aa69@group-B7596A6D678A:LeaderElection27] INFO  impl.RaftServerImpl (RaftServerImpl.java:setRole(174)) - 4b2f0759-f599-4d51-8475-2e6d9cd1aa69@group-B7596A6D678A: changes role from CANDIDATE to LEADER at term 1 for changeToLeader
2019-09-25 05:36:50,919 [4b2f0759-f599-4d51-8475-2e6d9cd1aa69@group-7742CA127705:LeaderElection29] INFO  impl.RaftServerImpl (RaftServerImpl.java:setRole(174)) - 4b2f0759-f599-4d51-8475-2e6d9cd1aa69@group-7742CA127705: changes role from CANDIDATE to LEADER at term 1 for changeToLeader
2019-09-25 05:36:50,918 [ForkJoinPool.commonPool-worker-1] INFO  impl.RaftServerImpl (ServerState.java:close(385)) - dce70d9e-b7b5-41e3-b2be-c4fe31afa812@group-9D0B491BDF7A: closes. applyIndex: -1
2019-09-25 05:36:50,918 [4b2f0759-f599-4d51-8475-2e6d9cd1aa69@group-B80DB64C252B:LeaderElection28] INFO  impl.RaftServerImpl (RaftServerImpl.java:setRole(174)) - 4b2f0759-f599-4d51-8475-2e6d9cd1aa69@group-B80DB64C252B: changes role from CANDIDATE to LEADER at term 1 for changeToLeader
2019-09-25 05:36:50,920 [dce70d9e-b7b5-41e3-b2be-c4fe31afa812@group-9D0B491BDF7A-SegmentedRaftLogWorker] INFO  segmented.SegmentedRaftLogWorker (SegmentedRaftLogWorker.java:run(313)) - dce70d9e-b7b5-41e3-b2be-c4fe31afa812@group-9D0B491BDF7A-SegmentedRaftLogWorker was interrupted, exiting. There are 0 tasks remaining in the queue.
2019-09-25 05:36:50,918 [41c47655-c730-4efc-9be2-c06f510e0f0d@group-791C1D73DD5F:LeaderElection20] INFO  segmented.SegmentedRaftLogWorker (SegmentedRaftLogWorker.java:startLogSegment(380)) - 41c47655-c730-4efc-9be2-c06f510e0f0d@group-791C1D73DD5F-SegmentedRaftLogWorker: Starting segment from index:0
2019-09-25 05:36:50,917 [2cc4f5f9-5dd4-4066-9743-dfede0a56e57@group-78AA995A3416:LeaderElection22] INFO  segmented.SegmentedRaftLogWorker (SegmentedRaftLogWorker.java:startLogSegment(380)) - 2cc4f5f9-5dd4-4066-9743-dfede0a56e57@group-78AA995A3416-SegmentedRaftLogWorker: Starting segment from index:0
2019-09-25 05:36:50,917 [main] INFO  impl.RaftServerImpl (ServerState.java:close(385)) - 2cc4f5f9-5dd4-4066-9743-dfede0a56e57@group-E8D38D3A1DBE: closes. applyIndex: 0
2019-09-25 05:36:50,916 [41c47655-c730-4efc-9be2-c06f510e0f0d@group-37D0686665B3:LeaderElection13] INFO  segmented.SegmentedRaftLogWorker (SegmentedRaftLogWorker.java:startLogSegment(380)) - 41c47655-c730-4efc-9be2-c06f510e0f0d@group-37D0686665B3-SegmentedRaftLogWorker: Starting segment from index:0
2019-09-25 05:36:50,916 [2cc4f5f9-5dd4-4066-9743-dfede0a56e57@group-70FFEB6D6573:LeaderElection21] INFO  impl.RoleInfo (RoleInfo.java:updateAndGet(143)) - 2cc4f5f9-5dd4-4066-9743-dfede0a56e57: start LeaderState
2019-09-25 05:36:50,916 [dce70d9e-b7b5-41e3-b2be-c4fe31afa812@group-9D0B491BDF7A:LeaderElection24] INFO  impl.RoleInfo (RoleInfo.java:updateAndGet(143)) - dce70d9e-b7b5-41e3-b2be-c4fe31afa812: start LeaderState
2019-09-25 05:36:50,950 [41c47655-c730-4efc-9be2-c06f510e0f0d@group-37D0686665B3:LeaderElection13] INFO  impl.RaftServerImpl (ServerState.java:setRaftConf(354)) - 41c47655-c730-4efc-9be2-c06f510e0f0d@group-37D0686665B3: set configuration 0: [41c47655-c730-4efc-9be2-c06f510e0f0d:192.168.164.207:35700], old=null at 0
2019-09-25 05:36:50,916 [2cc4f5f9-5dd4-4066-9743-dfede0a56e57@group-6C1C98E8B2D6:LeaderElection23] INFO  impl.RoleInfo (RoleInfo.java:updateAndGet(143)) - 2cc4f5f9-5dd4-4066-9743-dfede0a56e57: start LeaderState
2019-09-25 05:36:50,916 [4b2f0759-f599-4d51-8475-2e6d9cd1aa69@group-7E07FA027D4F:LeaderElection25] INFO  impl.RaftServerImpl (RaftServerImpl.java:setRole(174)) - 4b2f0759-f599-4d51-8475-2e6d9cd1aa69@group-7E07FA027D4F: changes role from CANDIDATE to LEADER at term 1 for changeToLeader
2019-09-25 05:36:50,950 [4b2f0759-f599-4d51-8475-2e6d9cd1aa69@group-7E07FA027D4F:LeaderElection25] INFO  impl.RaftServerImpl (ServerState.java:setLeader(253)) - 4b2f0759-f599-4d51-8475-2e6d9cd1aa69@group-7E07FA027D4F: change Leader from null to 4b2f0759-f599-4d51-8475-2e6d9cd1aa69 at term 1 for becomeLeader, leader elected after 5534ms
2019-09-25 05:36:50,916 [dce70d9e-b7b5-41e3-b2be-c4fe31afa812@group-F3277BF9315A:LeaderElection16] INFO  impl.RoleInfo (RoleInfo.java:updateAndGet(143)) - dce70d9e-b7b5-41e3-b2be-c4fe31afa812: start LeaderState
2019-09-25 05:36:50,951 [4b2f0759-f599-4d51-8475-2e6d9cd1aa69@group-7E07FA027D4F:LeaderElection25] INFO  server.RaftServerConfigKeys (ConfUtils.java:logGet(43)) - raft.server.staging.catchup.gap = 1000 (default)
2019-09-25 05:36:50,950 [2cc4f5f9-5dd4-4066-9743-dfede0a56e57@group-6C1C98E8B2D6:LeaderElection23] INFO  impl.LeaderElection (LogUtils.java:infoOrTrace(149)) - Failed 2cc4f5f9-5dd4-4066-9743-dfede0a56e57@group-6C1C98E8B2D6:LeaderElection23, state=CLOSING: {}
java.lang.IllegalArgumentException: 2cc4f5f9-5dd4-4066-9743-dfede0a56e57@group-6C1C98E8B2D6-SegmentedRaftLog is expected to be opened but it is CLOSED
	at org.apache.ratis.util.OpenCloseState.assertOpen(OpenCloseState.java:63)
	at org.apache.ratis.server.raftlog.RaftLog.checkLogState(RaftLog.java:102)
	at org.apache.ratis.server.raftlog.segmented.SegmentedRaftLog.getLastEntryTermIndex(SegmentedRaftLog.java:324)
	at org.apache.ratis.server.raftlog.RaftLog.getNextIndex(RaftLog.java:148)
	at org.apache.ratis.server.impl.LeaderState.start(LeaderState.java:227)
	at org.apache.ratis.server.impl.RoleInfo.startLeaderState(RoleInfo.java:94)
	at org.apache.ratis.server.impl.RaftServerImpl.changeToLeader(RaftServerImpl.java:341)
	at org.apache.ratis.server.impl.LeaderElection.askForVotes(LeaderElection.java:214)
	at org.apache.ratis.server.impl.LeaderElection.run(LeaderElection.java:133)
	at java.lang.Thread.run(Thread.java:748)
Caused by: org.apache.ratis.util.OpenCloseState$CloseTrace: Close 2cc4f5f9-5dd4-4066-9743-dfede0a56e57@group-6C1C98E8B2D6-SegmentedRaftLog
	at org.apache.ratis.util.OpenCloseState.lambda$close$1(OpenCloseState.java:109)
	at java.util.concurrent.atomic.AtomicReference.getAndUpdate(AtomicReference.java:160)
	at org.apache.ratis.util.OpenCloseState.close(OpenCloseState.java:109)
	at org.apache.ratis.server.raftlog.RaftLog.close(RaftLog.java:437)
	at org.apache.ratis.server.raftlog.segmented.SegmentedRaftLog.close(SegmentedRaftLog.java:476)
	at org.apache.ratis.server.impl.ServerState.close(ServerState.java:387)
	at org.apache.ratis.server.impl.RaftServerImpl.lambda$shutdown$3(RaftServerImpl.java:273)
	at org.apache.ratis.util.LifeCycle.lambda$checkStateAndClose$2(LifeCycle.java:231)
	at org.apache.ratis.util.LifeCycle.checkStateAndClose(LifeCycle.java:251)
	at org.apache.ratis.util.LifeCycle.checkStateAndClose(LifeCycle.java:229)
	at org.apache.ratis.server.impl.RaftServerImpl.shutdown(RaftServerImpl.java:250)
	at org.apache.ratis.server.impl.RaftServerProxy$ImplMap.lambda$close$0(RaftServerProxy.java:107)
	at java.util.stream.ForEachOps$ForEachOp$OfRef.accept(ForEachOps.java:184)
	at java.util.stream.ReferencePipeline$3$1.accept(ReferencePipeline.java:193)
	at java.util.concurrent.ConcurrentHashMap$ValueSpliterator.forEachRemaining(ConcurrentHashMap.java:3566)
	at java.util.stream.AbstractPipeline.copyInto(AbstractPipeline.java:482)
	at java.util.stream.ForEachOps$ForEachTask.compute(ForEachOps.java:291)
	at java.util.concurrent.CountedCompleter.exec(CountedCompleter.java:731)
	at java.util.concurrent.ForkJoinTask.doExec(ForkJoinTask.java:289)
	at java.util.concurrent.ForkJoinTask.doInvoke(ForkJoinTask.java:401)
	at java.util.concurrent.ForkJoinTask.invoke(ForkJoinTask.java:734)
	at java.util.stream.ForEachOps$ForEachOp.evaluateParallel(ForEachOps.java:160)
	at java.util.stream.ForEachOps$ForEachOp$OfRef.evaluateParallel(ForEachOps.java:174)
	at java.util.stream.AbstractPipeline.evaluate(AbstractPipeline.java:233)
	at java.util.stream.ReferencePipeline.forEach(ReferencePipeline.java:418)
	at org.apache.ratis.server.impl.RaftServerProxy$ImplMap.close(RaftServerProxy.java:107)
	at org.apache.ratis.server.impl.RaftServerProxy.lambda$close$4(RaftServerProxy.java:315)
	at org.apache.ratis.util.LifeCycle.lambda$checkStateAndClose$2(LifeCycle.java:231)
	at org.apache.ratis.util.LifeCycle.checkStateAndClose(LifeCycle.java:251)
	at org.apache.ratis.util.LifeCycle.checkStateAndClose(LifeCycle.java:229)
	at org.apache.ratis.server.impl.RaftServerProxy.close(RaftServerProxy.java:313)
	at org.apache.hadoop.ozone.container.common.transport.server.ratis.XceiverServerRatis.stop(XceiverServerRatis.java:441)
	at org.apache.hadoop.ozone.container.ozoneimpl.OzoneContainer.stop(OzoneContainer.java:233)
	at org.apache.hadoop.ozone.container.common.statemachine.DatanodeStateMachine.close(DatanodeStateMachine.java:270)
	at org.apache.hadoop.ozone.container.common.statemachine.DatanodeStateMachine.stopDaemon(DatanodeStateMachine.java:394)
	at org.apache.hadoop.ozone.HddsDatanodeService.stop(HddsDatanodeService.java:457)
	at org.apache.hadoop.ozone.MiniOzoneClusterImpl.stopDatanode(MiniOzoneClusterImpl.java:385)
	at java.util.stream.ForEachOps$ForEachOp$OfRef.accept(ForEachOps.java:184)
	at java.util.ArrayList$ArrayListSpliterator.forEachRemaining(ArrayList.java:1382)
	at java.util.stream.AbstractPipeline.copyInto(AbstractPipeline.java:482)
	at java.util.stream.ForEachOps$ForEachTask.compute(ForEachOps.java:291)
	at java.util.concurrent.CountedCompleter.exec(CountedCompleter.java:731)
	at java.util.concurrent.ForkJoinTask.doExec(ForkJoinTask.java:289)
	at java.util.concurrent.ForkJoinTask.doInvoke(ForkJoinTask.java:401)
	at java.util.concurrent.ForkJoinTask.invoke(ForkJoinTask.java:734)
	at java.util.stream.ForEachOps$ForEachOp.evaluateParallel(ForEachOps.java:160)
	at java.util.stream.ForEachOps$ForEachOp$OfRef.evaluateParallel(ForEachOps.java:174)
	at java.util.stream.AbstractPipeline.evaluate(AbstractPipeline.java:233)
	at java.util.stream.ReferencePipeline.forEach(ReferencePipeline.java:418)
	at java.util.stream.ReferencePipeline$Head.forEach(ReferencePipeline.java:583)
	at org.apache.hadoop.ozone.MiniOzoneClusterImpl.stopDatanodes(MiniOzoneClusterImpl.java:379)
	at org.apache.hadoop.ozone.MiniOzoneClusterImpl.stop(MiniOzoneClusterImpl.java:332)
	at org.apache.hadoop.ozone.MiniOzoneClusterImpl.shutdown(MiniOzoneClusterImpl.java:319)
	at org.apache.hadoop.ozone.scm.TestSCMContainerPlacementPolicyMetrics.teardown(TestSCMContainerPlacementPolicyMetrics.java:154)
	at sun.reflect.NativeMethodAccessorImpl.invoke0(Native Method)
	at sun.reflect.NativeMethodAccessorImpl.invoke(NativeMethodAccessorImpl.java:62)
	at sun.reflect.DelegatingMethodAccessorImpl.invoke(DelegatingMethodAccessorImpl.java:43)
	at java.lang.reflect.Method.invoke(Method.java:498)
	at org.junit.runners.model.FrameworkMethod$1.runReflectiveCall(FrameworkMethod.java:47)
	at org.junit.internal.runners.model.ReflectiveCallable.run(ReflectiveCallable.java:12)
	at org.junit.runners.model.FrameworkMethod.invokeExplosively(FrameworkMethod.java:44)
	at org.junit.internal.runners.statements.RunAfters.evaluate(RunAfters.java:33)
	at org.junit.runners.ParentRunner.runLeaf(ParentRunner.java:271)
	at org.junit.runners.BlockJUnit4ClassRunner.runChild(BlockJUnit4ClassRunner.java:70)
	at org.junit.runners.BlockJUnit4ClassRunner.runChild(BlockJUnit4ClassRunner.java:50)
	at org.junit.runners.ParentRunner$3.run(ParentRunner.java:238)
	at org.junit.runners.ParentRunner$1.schedule(ParentRunner.java:63)
	at org.junit.runners.ParentRunner.runChildren(ParentRunner.java:236)
	at org.junit.runners.ParentRunner.access$000(ParentRunner.java:53)
	at org.junit.runners.ParentRunner$2.evaluate(ParentRunner.java:229)
	at org.junit.runners.ParentRunner.run(ParentRunner.java:309)
	at org.apache.maven.surefire.junit4.JUnit4Provider.execute(JUnit4Provider.java:365)
	at org.apache.maven.surefire.junit4.JUnit4Provider.executeWithRerun(JUnit4Provider.java:273)
	at org.apache.maven.surefire.junit4.JUnit4Provider.executeTestSet(JUnit4Provider.java:238)
	at org.apache.maven.surefire.junit4.JUnit4Provider.invoke(JUnit4Provider.java:159)
	at org.apache.maven.surefire.booter.ForkedBooter.invokeProviderInSameClassLoader(ForkedBooter.java:384)
	at org.apache.maven.surefire.booter.ForkedBooter.runSuitesInProcess(ForkedBooter.java:345)
	at org.apache.maven.surefire.booter.ForkedBooter.execute(ForkedBooter.java:126)
	at org.apache.maven.surefire.booter.ForkedBooter.main(ForkedBooter.java:418)
2019-09-25 05:36:50,950 [dce70d9e-b7b5-41e3-b2be-c4fe31afa812@group-9D0B491BDF7A:LeaderElection24] INFO  impl.LeaderElection (LogUtils.java:infoOrTrace(149)) - Failed dce70d9e-b7b5-41e3-b2be-c4fe31afa812@group-9D0B491BDF7A:LeaderElection24, state=CLOSING: {}
java.lang.IllegalArgumentException: dce70d9e-b7b5-41e3-b2be-c4fe31afa812@group-9D0B491BDF7A-SegmentedRaftLog is expected to be opened but it is CLOSED
	at org.apache.ratis.util.OpenCloseState.assertOpen(OpenCloseState.java:63)
	at org.apache.ratis.server.raftlog.RaftLog.checkLogState(RaftLog.java:102)
	at org.apache.ratis.server.raftlog.segmented.SegmentedRaftLog.getLastEntryTermIndex(SegmentedRaftLog.java:324)
	at org.apache.ratis.server.raftlog.RaftLog.getNextIndex(RaftLog.java:148)
	at org.apache.ratis.server.impl.LeaderState.start(LeaderState.java:227)
	at org.apache.ratis.server.impl.RoleInfo.startLeaderState(RoleInfo.java:94)
	at org.apache.ratis.server.impl.RaftServerImpl.changeToLeader(RaftServerImpl.java:341)
	at org.apache.ratis.server.impl.LeaderElection.askForVotes(LeaderElection.java:214)
	at org.apache.ratis.server.impl.LeaderElection.run(LeaderElection.java:133)
	at java.lang.Thread.run(Thread.java:748)
Caused by: org.apache.ratis.util.OpenCloseState$CloseTrace: Close dce70d9e-b7b5-41e3-b2be-c4fe31afa812@group-9D0B491BDF7A-SegmentedRaftLog
	at org.apache.ratis.util.OpenCloseState.lambda$close$1(OpenCloseState.java:109)
	at java.util.concurrent.atomic.AtomicReference.getAndUpdate(AtomicReference.java:160)
	at org.apache.ratis.util.OpenCloseState.close(OpenCloseState.java:109)
	at org.apache.ratis.server.raftlog.RaftLog.close(RaftLog.java:437)
	at org.apache.ratis.server.raftlog.segmented.SegmentedRaftLog.close(SegmentedRaftLog.java:476)
	at org.apache.ratis.server.impl.ServerState.close(ServerState.java:387)
	at org.apache.ratis.server.impl.RaftServerImpl.lambda$shutdown$3(RaftServerImpl.java:273)
	at org.apache.ratis.util.LifeCycle.lambda$checkStateAndClose$2(LifeCycle.java:231)
	at org.apache.ratis.util.LifeCycle.checkStateAndClose(LifeCycle.java:251)
	at org.apache.ratis.util.LifeCycle.checkStateAndClose(LifeCycle.java:229)
	at org.apache.ratis.server.impl.RaftServerImpl.shutdown(RaftServerImpl.java:250)
	at org.apache.ratis.server.impl.RaftServerProxy$ImplMap.lambda$close$0(RaftServerProxy.java:107)
	at java.util.stream.ForEachOps$ForEachOp$OfRef.accept(ForEachOps.java:184)
	at java.util.stream.ReferencePipeline$3$1.accept(ReferencePipeline.java:193)
	at java.util.concurrent.ConcurrentHashMap$ValueSpliterator.forEachRemaining(ConcurrentHashMap.java:3566)
	at java.util.stream.AbstractPipeline.copyInto(AbstractPipeline.java:482)
	at java.util.stream.ForEachOps$ForEachTask.compute(ForEachOps.java:291)
	at java.util.concurrent.CountedCompleter.exec(CountedCompleter.java:731)
	at java.util.concurrent.ForkJoinTask.doExec(ForkJoinTask.java:289)
	at java.util.concurrent.ForkJoinTask.doInvoke(ForkJoinTask.java:401)
	at java.util.concurrent.ForkJoinTask.invoke(ForkJoinTask.java:734)
	at java.util.stream.ForEachOps$ForEachOp.evaluateParallel(ForEachOps.java:160)
	at java.util.stream.ForEachOps$ForEachOp$OfRef.evaluateParallel(ForEachOps.java:174)
	at java.util.stream.AbstractPipeline.evaluate(AbstractPipeline.java:233)
	at java.util.stream.ReferencePipeline.forEach(ReferencePipeline.java:418)
	at org.apache.ratis.server.impl.RaftServerProxy$ImplMap.close(RaftServerProxy.java:107)
	at org.apache.ratis.server.impl.RaftServerProxy.lambda$close$4(RaftServerProxy.java:315)
	at org.apache.ratis.util.LifeCycle.lambda$checkStateAndClose$2(LifeCycle.java:231)
	at org.apache.ratis.util.LifeCycle.checkStateAndClose(LifeCycle.java:251)
	at org.apache.ratis.util.LifeCycle.checkStateAndClose(LifeCycle.java:229)
	at org.apache.ratis.server.impl.RaftServerProxy.close(RaftServerProxy.java:313)
	at org.apache.hadoop.ozone.container.common.transport.server.ratis.XceiverServerRatis.stop(XceiverServerRatis.java:441)
	at org.apache.hadoop.ozone.container.ozoneimpl.OzoneContainer.stop(OzoneContainer.java:233)
	at org.apache.hadoop.ozone.container.common.statemachine.DatanodeStateMachine.close(DatanodeStateMachine.java:270)
	at org.apache.hadoop.ozone.container.common.statemachine.DatanodeStateMachine.stopDaemon(DatanodeStateMachine.java:394)
	at org.apache.hadoop.ozone.HddsDatanodeService.stop(HddsDatanodeService.java:457)
	at org.apache.hadoop.ozone.MiniOzoneClusterImpl.stopDatanode(MiniOzoneClusterImpl.java:385)
	at java.util.stream.ForEachOps$ForEachOp$OfRef.accept(ForEachOps.java:184)
	at java.util.ArrayList$ArrayListSpliterator.forEachRemaining(ArrayList.java:1382)
	at java.util.stream.AbstractPipeline.copyInto(AbstractPipeline.java:482)
	at java.util.stream.ForEachOps$ForEachTask.compute(ForEachOps.java:291)
	at java.util.concurrent.CountedCompleter.exec(CountedCompleter.java:731)
	at java.util.concurrent.ForkJoinTask.doExec(ForkJoinTask.java:289)
	at java.util.concurrent.ForkJoinPool$WorkQueue.runTask(ForkJoinPool.java:1056)
	at java.util.concurrent.ForkJoinPool.runWorker(ForkJoinPool.java:1692)
	at java.util.concurrent.ForkJoinWorkerThread.run(ForkJoinWorkerThread.java:157)
2019-09-25 05:36:50,950 [2cc4f5f9-5dd4-4066-9743-dfede0a56e57@group-70FFEB6D6573:LeaderElection21] INFO  segmented.SegmentedRaftLogWorker (SegmentedRaftLogWorker.java:startLogSegment(380)) - 2cc4f5f9-5dd4-4066-9743-dfede0a56e57@group-70FFEB6D6573-SegmentedRaftLogWorker: Starting segment from index:0
2019-09-25 05:36:50,949 [2cc4f5f9-5dd4-4066-9743-dfede0a56e57@group-E8D38D3A1DBE-SegmentedRaftLogWorker] INFO  segmented.SegmentedRaftLogWorker (SegmentedRaftLogWorker.java:run(313)) - 2cc4f5f9-5dd4-4066-9743-dfede0a56e57@group-E8D38D3A1DBE-SegmentedRaftLogWorker was interrupted, exiting. There are 0 tasks remaining in the queue.
2019-09-25 05:36:50,949 [2cc4f5f9-5dd4-4066-9743-dfede0a56e57@group-78AA995A3416:LeaderElection22] INFO  impl.RaftServerImpl (ServerState.java:setRaftConf(354)) - 2cc4f5f9-5dd4-4066-9743-dfede0a56e57@group-78AA995A3416: set configuration 0: [2cc4f5f9-5dd4-4066-9743-dfede0a56e57:192.168.164.207:35178], old=null at 0
2019-09-25 05:36:50,992 [2cc4f5f9-5dd4-4066-9743-dfede0a56e57@group-70FFEB6D6573:LeaderElection21] INFO  impl.RaftServerImpl (ServerState.java:setRaftConf(354)) - 2cc4f5f9-5dd4-4066-9743-dfede0a56e57@group-70FFEB6D6573: set configuration 0: [2cc4f5f9-5dd4-4066-9743-dfede0a56e57:192.168.164.207:35178], old=null at 0
2019-09-25 05:36:50,921 [41c47655-c730-4efc-9be2-c06f510e0f0d@group-791C1D73DD5F:LeaderElection20] INFO  impl.RaftServerImpl (ServerState.java:setRaftConf(354)) - 41c47655-c730-4efc-9be2-c06f510e0f0d@group-791C1D73DD5F: set configuration 0: [41c47655-c730-4efc-9be2-c06f510e0f0d:192.168.164.207:35700], old=null at 0
2019-09-25 05:36:50,920 [ForkJoinPool.commonPool-worker-1] INFO  segmented.SegmentedRaftLogWorker (SegmentedRaftLogWorker.java:close(228)) - dce70d9e-b7b5-41e3-b2be-c4fe31afa812@group-9D0B491BDF7A-SegmentedRaftLogWorker close()
2019-09-25 05:36:50,920 [4b2f0759-f599-4d51-8475-2e6d9cd1aa69@group-B80DB64C252B:LeaderElection28] INFO  impl.RaftServerImpl (ServerState.java:setLeader(253)) - 4b2f0759-f599-4d51-8475-2e6d9cd1aa69@group-B80DB64C252B: change Leader from null to 4b2f0759-f599-4d51-8475-2e6d9cd1aa69 at term 1 for becomeLeader, leader elected after 5343ms
2019-09-25 05:36:50,919 [4b2f0759-f599-4d51-8475-2e6d9cd1aa69@group-7742CA127705:LeaderElection29] INFO  impl.RaftServerImpl (ServerState.java:setLeader(253)) - 4b2f0759-f599-4d51-8475-2e6d9cd1aa69@group-7742CA127705: change Leader from null to 4b2f0759-f599-4d51-8475-2e6d9cd1aa69 at term 1 for becomeLeader, leader elected after 5396ms
2019-09-25 05:36:50,919 [2cc4f5f9-5dd4-4066-9743-dfede0a56e57@group-B2D7684C4B91:LeaderElection14] INFO  segmented.SegmentedRaftLogWorker (SegmentedRaftLogWorker.java:startLogSegment(380)) - 2cc4f5f9-5dd4-4066-9743-dfede0a56e57@group-B2D7684C4B91-SegmentedRaftLogWorker: Starting segment from index:0
2019-09-25 05:36:50,919 [4b2f0759-f599-4d51-8475-2e6d9cd1aa69@group-B7596A6D678A:LeaderElection27] INFO  impl.RaftServerImpl (ServerState.java:setLeader(253)) - 4b2f0759-f599-4d51-8475-2e6d9cd1aa69@group-B7596A6D678A: change Leader from null to 4b2f0759-f599-4d51-8475-2e6d9cd1aa69 at term 1 for becomeLeader, leader elected after 5451ms
2019-09-25 05:36:51,033 [4b2f0759-f599-4d51-8475-2e6d9cd1aa69@group-7742CA127705:LeaderElection29] INFO  server.RaftServerConfigKeys (ConfUtils.java:logGet(43)) - raft.server.staging.catchup.gap = 1000 (default)
2019-09-25 05:36:51,033 [2cc4f5f9-5dd4-4066-9743-dfede0a56e57@group-B2D7684C4B91:LeaderElection14] INFO  impl.RaftServerImpl (ServerState.java:setRaftConf(354)) - 2cc4f5f9-5dd4-4066-9743-dfede0a56e57@group-B2D7684C4B91: set configuration 0: [2cc4f5f9-5dd4-4066-9743-dfede0a56e57:192.168.164.207:35178], old=null at 0
2019-09-25 05:36:51,033 [4b2f0759-f599-4d51-8475-2e6d9cd1aa69@group-B80DB64C252B:LeaderElection28] INFO  server.RaftServerConfigKeys (ConfUtils.java:logGet(43)) - raft.server.staging.catchup.gap = 1000 (default)
2019-09-25 05:36:51,032 [ForkJoinPool.commonPool-worker-1] INFO  impl.RaftServerImpl (RaftServerImpl.java:lambda$shutdown$3(251)) - dce70d9e-b7b5-41e3-b2be-c4fe31afa812@group-AC81C5AD7097: shutdown
2019-09-25 05:36:50,992 [main] INFO  segmented.SegmentedRaftLogWorker (SegmentedRaftLogWorker.java:close(228)) - 2cc4f5f9-5dd4-4066-9743-dfede0a56e57@group-E8D38D3A1DBE-SegmentedRaftLogWorker close()
2019-09-25 05:36:50,990 [dce70d9e-b7b5-41e3-b2be-c4fe31afa812@group-9D0B491BDF7A:LeaderElection24] INFO  impl.LeaderElection (LeaderElection.java:run(140)) - dce70d9e-b7b5-41e3-b2be-c4fe31afa812@group-9D0B491BDF7A:LeaderElection24: IllegalArgumentException is safely ignored since this is already CLOSING
2019-09-25 05:36:50,988 [2cc4f5f9-5dd4-4066-9743-dfede0a56e57@group-6C1C98E8B2D6:LeaderElection23] INFO  impl.LeaderElection (LeaderElection.java:run(140)) - 2cc4f5f9-5dd4-4066-9743-dfede0a56e57@group-6C1C98E8B2D6:LeaderElection23: IllegalArgumentException is safely ignored since this is already CLOSING
2019-09-25 05:36:50,951 [dce70d9e-b7b5-41e3-b2be-c4fe31afa812@group-F3277BF9315A:LeaderElection16] INFO  segmented.SegmentedRaftLogWorker (SegmentedRaftLogWorker.java:startLogSegment(380)) - dce70d9e-b7b5-41e3-b2be-c4fe31afa812@group-F3277BF9315A-SegmentedRaftLogWorker: Starting segment from index:0
2019-09-25 05:36:50,951 [4b2f0759-f599-4d51-8475-2e6d9cd1aa69@group-7E07FA027D4F:LeaderElection25] INFO  server.RaftServerConfigKeys (ConfUtils.java:logGet(43)) - raft.server.rpc.sleep.time = 25ms (default)
2019-09-25 05:36:51,072 [main] INFO  impl.RaftServerImpl (RaftServerImpl.java:lambda$shutdown$3(251)) - 2cc4f5f9-5dd4-4066-9743-dfede0a56e57@group-7759BB83824B: shutdown
2019-09-25 05:36:51,034 [ForkJoinPool.commonPool-worker-1] INFO  util.JmxRegister (JmxRegister.java:unregister(73)) - Successfully un-registered JMX Bean with object name Ratis:service=RaftServer,group=group-AC81C5AD7097,id=dce70d9e-b7b5-41e3-b2be-c4fe31afa812
2019-09-25 05:36:51,034 [4b2f0759-f599-4d51-8475-2e6d9cd1aa69@group-B80DB64C252B:LeaderElection28] INFO  server.RaftServerConfigKeys (ConfUtils.java:logGet(43)) - raft.server.rpc.sleep.time = 25ms (default)
2019-09-25 05:36:51,034 [4b2f0759-f599-4d51-8475-2e6d9cd1aa69@group-7742CA127705:LeaderElection29] INFO  server.RaftServerConfigKeys (ConfUtils.java:logGet(43)) - raft.server.rpc.sleep.time = 25ms (default)
2019-09-25 05:36:51,033 [4b2f0759-f599-4d51-8475-2e6d9cd1aa69@group-B7596A6D678A:LeaderElection27] INFO  server.RaftServerConfigKeys (ConfUtils.java:logGet(43)) - raft.server.staging.catchup.gap = 1000 (default)
2019-09-25 05:36:51,088 [4b2f0759-f599-4d51-8475-2e6d9cd1aa69@group-7742CA127705:LeaderElection29] INFO  server.RaftServerConfigKeys (ConfUtils.java:logGet(43)) - raft.server.write.element-limit = 4096 (default)
2019-09-25 05:36:51,088 [4b2f0759-f599-4d51-8475-2e6d9cd1aa69@group-B80DB64C252B:LeaderElection28] INFO  server.RaftServerConfigKeys (ConfUtils.java:logGet(43)) - raft.server.write.element-limit = 4096 (default)
2019-09-25 05:36:51,087 [ForkJoinPool.commonPool-worker-1] INFO  impl.RoleInfo (RoleInfo.java:shutdownLeaderState(104)) - dce70d9e-b7b5-41e3-b2be-c4fe31afa812: shutdown LeaderState
2019-09-25 05:36:51,087 [main] INFO  util.JmxRegister (JmxRegister.java:unregister(73)) - Successfully un-registered JMX Bean with object name Ratis:service=RaftServer,group=group-7759BB83824B,id=2cc4f5f9-5dd4-4066-9743-dfede0a56e57
2019-09-25 05:36:51,089 [main] INFO  impl.RoleInfo (RoleInfo.java:shutdownLeaderState(104)) - 2cc4f5f9-5dd4-4066-9743-dfede0a56e57: shutdown LeaderState
2019-09-25 05:36:51,087 [dce70d9e-b7b5-41e3-b2be-c4fe31afa812@group-F3277BF9315A:LeaderElection16] INFO  impl.RaftServerImpl (ServerState.java:setRaftConf(354)) - dce70d9e-b7b5-41e3-b2be-c4fe31afa812@group-F3277BF9315A: set configuration 0: [dce70d9e-b7b5-41e3-b2be-c4fe31afa812:192.168.164.207:37367], old=null at 0
2019-09-25 05:36:51,087 [4b2f0759-f599-4d51-8475-2e6d9cd1aa69@group-7E07FA027D4F:LeaderElection25] INFO  server.RaftServerConfigKeys (ConfUtils.java:logGet(43)) - raft.server.write.element-limit = 4096 (default)
2019-09-25 05:36:51,090 [main] INFO  impl.PendingRequests (PendingRequests.java:sendNotLeaderResponses(202)) - 2cc4f5f9-5dd4-4066-9743-dfede0a56e57-PendingRequests: sendNotLeaderResponses
2019-09-25 05:36:51,089 [ForkJoinPool.commonPool-worker-1] INFO  impl.PendingRequests (PendingRequests.java:sendNotLeaderResponses(202)) - dce70d9e-b7b5-41e3-b2be-c4fe31afa812-PendingRequests: sendNotLeaderResponses
2019-09-25 05:36:51,088 [4b2f0759-f599-4d51-8475-2e6d9cd1aa69@group-B80DB64C252B:LeaderElection28] INFO  server.RaftServerConfigKeys (ConfUtils.java:logGet(43)) - raft.server.watch.timeout = 10s (default)
2019-09-25 05:36:51,088 [4b2f0759-f599-4d51-8475-2e6d9cd1aa69@group-7742CA127705:LeaderElection29] INFO  server.RaftServerConfigKeys (ConfUtils.java:logGet(43)) - raft.server.watch.timeout = 10s (default)
2019-09-25 05:36:51,088 [4b2f0759-f599-4d51-8475-2e6d9cd1aa69@group-B7596A6D678A:LeaderElection27] INFO  server.RaftServerConfigKeys (ConfUtils.java:logGet(43)) - raft.server.rpc.sleep.time = 25ms (default)
2019-09-25 05:36:51,091 [4b2f0759-f599-4d51-8475-2e6d9cd1aa69@group-7742CA127705:LeaderElection29] INFO  server.RaftServerConfigKeys (ConfUtils.java:logGet(43)) - raft.server.watch.timeout.denomination = 1s (default)
2019-09-25 05:36:51,091 [4b2f0759-f599-4d51-8475-2e6d9cd1aa69@group-B80DB64C252B:LeaderElection28] INFO  server.RaftServerConfigKeys (ConfUtils.java:logGet(43)) - raft.server.watch.timeout.denomination = 1s (default)
2019-09-25 05:36:51,091 [ForkJoinPool.commonPool-worker-1] INFO  impl.StateMachineUpdater (StateMachineUpdater.java:stopAndJoin(125)) - dce70d9e-b7b5-41e3-b2be-c4fe31afa812@group-AC81C5AD7097-StateMachineUpdater: set stopIndex = 0
2019-09-25 05:36:51,090 [main] INFO  impl.StateMachineUpdater (StateMachineUpdater.java:stopAndJoin(125)) - 2cc4f5f9-5dd4-4066-9743-dfede0a56e57@group-7759BB83824B-StateMachineUpdater: set stopIndex = 0
2019-09-25 05:36:51,092 [main] INFO  impl.RaftServerImpl (ServerState.java:close(385)) - 2cc4f5f9-5dd4-4066-9743-dfede0a56e57@group-7759BB83824B: closes. applyIndex: 0
2019-09-25 05:36:51,090 [4b2f0759-f599-4d51-8475-2e6d9cd1aa69@group-7E07FA027D4F:LeaderElection25] INFO  server.RaftServerConfigKeys (ConfUtils.java:logGet(43)) - raft.server.watch.timeout = 10s (default)
2019-09-25 05:36:51,093 [2cc4f5f9-5dd4-4066-9743-dfede0a56e57@group-7759BB83824B-SegmentedRaftLogWorker] INFO  segmented.SegmentedRaftLogWorker (SegmentedRaftLogWorker.java:run(313)) - 2cc4f5f9-5dd4-4066-9743-dfede0a56e57@group-7759BB83824B-SegmentedRaftLogWorker was interrupted, exiting. There are 0 tasks remaining in the queue.
2019-09-25 05:36:51,092 [ForkJoinPool.commonPool-worker-1] INFO  impl.RaftServerImpl (ServerState.java:close(385)) - dce70d9e-b7b5-41e3-b2be-c4fe31afa812@group-AC81C5AD7097: closes. applyIndex: 0
2019-09-25 05:36:51,092 [4b2f0759-f599-4d51-8475-2e6d9cd1aa69@group-B80DB64C252B:LeaderElection28] INFO  server.RaftServerConfigKeys (ConfUtils.java:logGet(43)) - raft.server.watch.element-limit = 65536 (default)
2019-09-25 05:36:51,091 [4b2f0759-f599-4d51-8475-2e6d9cd1aa69@group-7742CA127705:LeaderElection29] INFO  server.RaftServerConfigKeys (ConfUtils.java:logGet(43)) - raft.server.watch.element-limit = 65536 (default)
2019-09-25 05:36:51,091 [4b2f0759-f599-4d51-8475-2e6d9cd1aa69@group-B7596A6D678A:LeaderElection27] INFO  server.RaftServerConfigKeys (ConfUtils.java:logGet(43)) - raft.server.write.element-limit = 4096 (default)
2019-09-25 05:36:51,115 [dce70d9e-b7b5-41e3-b2be-c4fe31afa812@group-AC81C5AD7097-SegmentedRaftLogWorker] INFO  segmented.SegmentedRaftLogWorker (SegmentedRaftLogWorker.java:run(313)) - dce70d9e-b7b5-41e3-b2be-c4fe31afa812@group-AC81C5AD7097-SegmentedRaftLogWorker was interrupted, exiting. There are 0 tasks remaining in the queue.
2019-09-25 05:36:51,114 [main] INFO  segmented.SegmentedRaftLogWorker (SegmentedRaftLogWorker.java:close(228)) - 2cc4f5f9-5dd4-4066-9743-dfede0a56e57@group-7759BB83824B-SegmentedRaftLogWorker close()
2019-09-25 05:36:51,093 [4b2f0759-f599-4d51-8475-2e6d9cd1aa69@group-7E07FA027D4F:LeaderElection25] INFO  server.RaftServerConfigKeys (ConfUtils.java:logGet(43)) - raft.server.watch.timeout.denomination = 1s (default)
2019-09-25 05:36:51,120 [main] INFO  impl.RaftServerImpl (RaftServerImpl.java:lambda$shutdown$3(251)) - 2cc4f5f9-5dd4-4066-9743-dfede0a56e57@group-70FFEB6D6573: shutdown
2019-09-25 05:36:51,117 [ForkJoinPool.commonPool-worker-1] INFO  segmented.SegmentedRaftLogWorker (SegmentedRaftLogWorker.java:close(228)) - dce70d9e-b7b5-41e3-b2be-c4fe31afa812@group-AC81C5AD7097-SegmentedRaftLogWorker close()
2019-09-25 05:36:51,115 [4b2f0759-f599-4d51-8475-2e6d9cd1aa69@group-B7596A6D678A:LeaderElection27] INFO  server.RaftServerConfigKeys (ConfUtils.java:logGet(43)) - raft.server.watch.timeout = 10s (default)
2019-09-25 05:36:51,120 [main] INFO  util.JmxRegister (JmxRegister.java:unregister(73)) - Successfully un-registered JMX Bean with object name Ratis:service=RaftServer,group=group-70FFEB6D6573,id=2cc4f5f9-5dd4-4066-9743-dfede0a56e57
2019-09-25 05:36:51,124 [main] INFO  impl.RoleInfo (RoleInfo.java:shutdownLeaderState(104)) - 2cc4f5f9-5dd4-4066-9743-dfede0a56e57: shutdown LeaderState
2019-09-25 05:36:51,120 [4b2f0759-f599-4d51-8475-2e6d9cd1aa69@group-7E07FA027D4F:LeaderElection25] INFO  server.RaftServerConfigKeys (ConfUtils.java:logGet(43)) - raft.server.watch.element-limit = 65536 (default)
2019-09-25 05:36:51,124 [main] INFO  impl.PendingRequests (PendingRequests.java:sendNotLeaderResponses(202)) - 2cc4f5f9-5dd4-4066-9743-dfede0a56e57-PendingRequests: sendNotLeaderResponses
2019-09-25 05:36:51,123 [4b2f0759-f599-4d51-8475-2e6d9cd1aa69@group-B7596A6D678A:LeaderElection27] INFO  server.RaftServerConfigKeys (ConfUtils.java:logGet(43)) - raft.server.watch.timeout.denomination = 1s (default)
2019-09-25 05:36:51,125 [main] INFO  impl.StateMachineUpdater (StateMachineUpdater.java:stopAndJoin(125)) - 2cc4f5f9-5dd4-4066-9743-dfede0a56e57@group-70FFEB6D6573-StateMachineUpdater: set stopIndex = -1
2019-09-25 05:36:51,123 [ForkJoinPool.commonPool-worker-1] INFO  impl.RaftServerImpl (RaftServerImpl.java:lambda$shutdown$3(251)) - dce70d9e-b7b5-41e3-b2be-c4fe31afa812@group-F3277BF9315A: shutdown
2019-09-25 05:36:51,125 [4b2f0759-f599-4d51-8475-2e6d9cd1aa69@group-7742CA127705:LeaderElection29] INFO  impl.RoleInfo (RoleInfo.java:updateAndGet(143)) - 4b2f0759-f599-4d51-8475-2e6d9cd1aa69: start LeaderState
2019-09-25 05:36:51,125 [main] INFO  impl.RaftServerImpl (ServerState.java:close(385)) - 2cc4f5f9-5dd4-4066-9743-dfede0a56e57@group-70FFEB6D6573: closes. applyIndex: -1
2019-09-25 05:36:51,125 [4b2f0759-f599-4d51-8475-2e6d9cd1aa69@group-B7596A6D678A:LeaderElection27] INFO  server.RaftServerConfigKeys (ConfUtils.java:logGet(43)) - raft.server.watch.element-limit = 65536 (default)
2019-09-25 05:36:51,125 [4b2f0759-f599-4d51-8475-2e6d9cd1aa69@group-B80DB64C252B:LeaderElection28] INFO  impl.RoleInfo (RoleInfo.java:updateAndGet(143)) - 4b2f0759-f599-4d51-8475-2e6d9cd1aa69: start LeaderState
2019-09-25 05:36:51,126 [4b2f0759-f599-4d51-8475-2e6d9cd1aa69@group-7742CA127705:LeaderElection29] INFO  segmented.SegmentedRaftLogWorker (SegmentedRaftLogWorker.java:startLogSegment(380)) - 4b2f0759-f599-4d51-8475-2e6d9cd1aa69@group-7742CA127705-SegmentedRaftLogWorker: Starting segment from index:0
2019-09-25 05:36:51,126 [ForkJoinPool.commonPool-worker-1] INFO  util.JmxRegister (JmxRegister.java:unregister(73)) - Successfully un-registered JMX Bean with object name Ratis:service=RaftServer,group=group-F3277BF9315A,id=dce70d9e-b7b5-41e3-b2be-c4fe31afa812
2019-09-25 05:36:51,128 [4b2f0759-f599-4d51-8475-2e6d9cd1aa69@group-B80DB64C252B:LeaderElection28] INFO  segmented.SegmentedRaftLogWorker (SegmentedRaftLogWorker.java:startLogSegment(380)) - 4b2f0759-f599-4d51-8475-2e6d9cd1aa69@group-B80DB64C252B-SegmentedRaftLogWorker: Starting segment from index:0
2019-09-25 05:36:51,128 [ForkJoinPool.commonPool-worker-1] INFO  impl.RoleInfo (RoleInfo.java:shutdownLeaderState(104)) - dce70d9e-b7b5-41e3-b2be-c4fe31afa812: shutdown LeaderState
2019-09-25 05:36:51,128 [4b2f0759-f599-4d51-8475-2e6d9cd1aa69@group-7742CA127705:LeaderElection29] INFO  impl.RaftServerImpl (ServerState.java:setRaftConf(354)) - 4b2f0759-f599-4d51-8475-2e6d9cd1aa69@group-7742CA127705: set configuration 0: [4b2f0759-f599-4d51-8475-2e6d9cd1aa69:192.168.164.207:45682], old=null at 0
2019-09-25 05:36:51,129 [4b2f0759-f599-4d51-8475-2e6d9cd1aa69@group-7E07FA027D4F:LeaderElection25] INFO  impl.RoleInfo (RoleInfo.java:updateAndGet(143)) - 4b2f0759-f599-4d51-8475-2e6d9cd1aa69: start LeaderState
2019-09-25 05:36:51,129 [4b2f0759-f599-4d51-8475-2e6d9cd1aa69@group-B80DB64C252B:LeaderElection28] INFO  impl.RaftServerImpl (ServerState.java:setRaftConf(354)) - 4b2f0759-f599-4d51-8475-2e6d9cd1aa69@group-B80DB64C252B: set configuration 0: [4b2f0759-f599-4d51-8475-2e6d9cd1aa69:192.168.164.207:45682], old=null at 0
2019-09-25 05:36:51,129 [ForkJoinPool.commonPool-worker-1] INFO  impl.PendingRequests (PendingRequests.java:sendNotLeaderResponses(202)) - dce70d9e-b7b5-41e3-b2be-c4fe31afa812-PendingRequests: sendNotLeaderResponses
2019-09-25 05:36:51,165 [4b2f0759-f599-4d51-8475-2e6d9cd1aa69@group-7E07FA027D4F:LeaderElection25] INFO  segmented.SegmentedRaftLogWorker (SegmentedRaftLogWorker.java:startLogSegment(380)) - 4b2f0759-f599-4d51-8475-2e6d9cd1aa69@group-7E07FA027D4F-SegmentedRaftLogWorker: Starting segment from index:0
2019-09-25 05:36:51,165 [4b2f0759-f599-4d51-8475-2e6d9cd1aa69@group-B7596A6D678A:LeaderElection27] INFO  impl.RoleInfo (RoleInfo.java:updateAndGet(143)) - 4b2f0759-f599-4d51-8475-2e6d9cd1aa69: start LeaderState
2019-09-25 05:36:51,165 [ForkJoinPool.commonPool-worker-1] INFO  impl.StateMachineUpdater (StateMachineUpdater.java:stopAndJoin(125)) - dce70d9e-b7b5-41e3-b2be-c4fe31afa812@group-F3277BF9315A-StateMachineUpdater: set stopIndex = -1
2019-09-25 05:36:51,166 [4b2f0759-f599-4d51-8475-2e6d9cd1aa69@group-B7596A6D678A:LeaderElection27] INFO  segmented.SegmentedRaftLogWorker (SegmentedRaftLogWorker.java:startLogSegment(380)) - 4b2f0759-f599-4d51-8475-2e6d9cd1aa69@group-B7596A6D678A-SegmentedRaftLogWorker: Starting segment from index:0
2019-09-25 05:36:51,166 [ForkJoinPool.commonPool-worker-1] INFO  impl.RaftServerImpl (ServerState.java:close(385)) - dce70d9e-b7b5-41e3-b2be-c4fe31afa812@group-F3277BF9315A: closes. applyIndex: -1
2019-09-25 05:36:51,166 [4b2f0759-f599-4d51-8475-2e6d9cd1aa69@group-7E07FA027D4F:LeaderElection25] INFO  impl.RaftServerImpl (ServerState.java:setRaftConf(354)) - 4b2f0759-f599-4d51-8475-2e6d9cd1aa69@group-7E07FA027D4F: set configuration 0: [4b2f0759-f599-4d51-8475-2e6d9cd1aa69:192.168.164.207:45682], old=null at 0
2019-09-25 05:36:51,197 [4b2f0759-f599-4d51-8475-2e6d9cd1aa69@group-B7596A6D678A:LeaderElection27] INFO  impl.RaftServerImpl (ServerState.java:setRaftConf(354)) - 4b2f0759-f599-4d51-8475-2e6d9cd1aa69@group-B7596A6D678A: set configuration 0: [4b2f0759-f599-4d51-8475-2e6d9cd1aa69:192.168.164.207:45682], old=null at 0
2019-09-25 05:36:51,441 [41c47655-c730-4efc-9be2-c06f510e0f0d@group-E4D3A87EADA5-SegmentedRaftLogWorker] INFO  segmented.SegmentedRaftLogWorker (SegmentedRaftLogWorker.java:execute(569)) - 41c47655-c730-4efc-9be2-c06f510e0f0d@group-E4D3A87EADA5-SegmentedRaftLogWorker: created new log segment /workdir/hadoop-ozone/integration-test/target/test-dir/MiniOzoneClusterImpl-29dc12d8-8e72-470a-a134-d73b6532f6c9/datanode-0/data/ratis/e150baca-d6af-4d89-bb4d-e4d3a87eada5/current/log_inprogress_0
2019-09-25 05:36:51,441 [41c47655-c730-4efc-9be2-c06f510e0f0d@group-4F3AD058407A-SegmentedRaftLogWorker] INFO  segmented.SegmentedRaftLogWorker (SegmentedRaftLogWorker.java:execute(569)) - 41c47655-c730-4efc-9be2-c06f510e0f0d@group-4F3AD058407A-SegmentedRaftLogWorker: created new log segment /workdir/hadoop-ozone/integration-test/target/test-dir/MiniOzoneClusterImpl-29dc12d8-8e72-470a-a134-d73b6532f6c9/datanode-0/data/ratis/8f4b9235-e240-498a-8dc8-4f3ad058407a/current/log_inprogress_0
2019-09-25 05:36:51,441 [41c47655-c730-4efc-9be2-c06f510e0f0d@group-5CFAC3785330-SegmentedRaftLogWorker] INFO  segmented.SegmentedRaftLogWorker (SegmentedRaftLogWorker.java:execute(569)) - 41c47655-c730-4efc-9be2-c06f510e0f0d@group-5CFAC3785330-SegmentedRaftLogWorker: created new log segment /workdir/hadoop-ozone/integration-test/target/test-dir/MiniOzoneClusterImpl-29dc12d8-8e72-470a-a134-d73b6532f6c9/datanode-0/data/ratis/a2754d85-97f7-4126-b07c-5cfac3785330/current/log_inprogress_0
2019-09-25 05:36:51,441 [41c47655-c730-4efc-9be2-c06f510e0f0d@group-791C1D73DD5F-SegmentedRaftLogWorker] INFO  segmented.SegmentedRaftLogWorker (SegmentedRaftLogWorker.java:execute(569)) - 41c47655-c730-4efc-9be2-c06f510e0f0d@group-791C1D73DD5F-SegmentedRaftLogWorker: created new log segment /workdir/hadoop-ozone/integration-test/target/test-dir/MiniOzoneClusterImpl-29dc12d8-8e72-470a-a134-d73b6532f6c9/datanode-0/data/ratis/e3fa72f8-5c3e-4e8b-8b9e-791c1d73dd5f/current/log_inprogress_0
2019-09-25 05:36:51,445 [4b2f0759-f599-4d51-8475-2e6d9cd1aa69@group-B7596A6D678A-SegmentedRaftLogWorker] INFO  segmented.SegmentedRaftLogWorker (SegmentedRaftLogWorker.java:execute(569)) - 4b2f0759-f599-4d51-8475-2e6d9cd1aa69@group-B7596A6D678A-SegmentedRaftLogWorker: created new log segment /workdir/hadoop-ozone/integration-test/target/test-dir/MiniOzoneClusterImpl-29dc12d8-8e72-470a-a134-d73b6532f6c9/datanode-3/data/ratis/4548ed05-ab65-4233-86a5-b7596a6d678a/current/log_inprogress_0
2019-09-25 05:36:51,445 [2cc4f5f9-5dd4-4066-9743-dfede0a56e57@group-B2D7684C4B91-SegmentedRaftLogWorker] INFO  segmented.SegmentedRaftLogWorker (SegmentedRaftLogWorker.java:execute(569)) - 2cc4f5f9-5dd4-4066-9743-dfede0a56e57@group-B2D7684C4B91-SegmentedRaftLogWorker: created new log segment /workdir/hadoop-ozone/integration-test/target/test-dir/MiniOzoneClusterImpl-29dc12d8-8e72-470a-a134-d73b6532f6c9/datanode-2/data/ratis/7d10e715-8ba0-4c5b-99ca-b2d7684c4b91/current/log_inprogress_0
2019-09-25 05:36:51,445 [4b2f0759-f599-4d51-8475-2e6d9cd1aa69@group-B80DB64C252B-SegmentedRaftLogWorker] INFO  segmented.SegmentedRaftLogWorker (SegmentedRaftLogWorker.java:execute(569)) - 4b2f0759-f599-4d51-8475-2e6d9cd1aa69@group-B80DB64C252B-SegmentedRaftLogWorker: created new log segment /workdir/hadoop-ozone/integration-test/target/test-dir/MiniOzoneClusterImpl-29dc12d8-8e72-470a-a134-d73b6532f6c9/datanode-3/data/ratis/bbc2b784-096d-4f73-b09a-b80db64c252b/current/log_inprogress_0
2019-09-25 05:36:51,445 [4b2f0759-f599-4d51-8475-2e6d9cd1aa69@group-7E07FA027D4F-SegmentedRaftLogWorker] INFO  segmented.SegmentedRaftLogWorker (SegmentedRaftLogWorker.java:execute(569)) - 4b2f0759-f599-4d51-8475-2e6d9cd1aa69@group-7E07FA027D4F-SegmentedRaftLogWorker: created new log segment /workdir/hadoop-ozone/integration-test/target/test-dir/MiniOzoneClusterImpl-29dc12d8-8e72-470a-a134-d73b6532f6c9/datanode-3/data/ratis/6da2dc4f-1535-441a-aafb-7e07fa027d4f/current/log_inprogress_0
2019-09-25 05:36:51,445 [2cc4f5f9-5dd4-4066-9743-dfede0a56e57@group-78AA995A3416-SegmentedRaftLogWorker] INFO  segmented.SegmentedRaftLogWorker (SegmentedRaftLogWorker.java:execute(569)) - 2cc4f5f9-5dd4-4066-9743-dfede0a56e57@group-78AA995A3416-SegmentedRaftLogWorker: created new log segment /workdir/hadoop-ozone/integration-test/target/test-dir/MiniOzoneClusterImpl-29dc12d8-8e72-470a-a134-d73b6532f6c9/datanode-2/data/ratis/f4af52c8-7689-4848-b638-78aa995a3416/current/log_inprogress_0
2019-09-25 05:36:51,445 [41c47655-c730-4efc-9be2-c06f510e0f0d@group-37D0686665B3-SegmentedRaftLogWorker] INFO  segmented.SegmentedRaftLogWorker (SegmentedRaftLogWorker.java:execute(569)) - 41c47655-c730-4efc-9be2-c06f510e0f0d@group-37D0686665B3-SegmentedRaftLogWorker: created new log segment /workdir/hadoop-ozone/integration-test/target/test-dir/MiniOzoneClusterImpl-29dc12d8-8e72-470a-a134-d73b6532f6c9/datanode-0/data/ratis/85e455bd-b8bb-4a5d-bec1-37d0686665b3/current/log_inprogress_0
2019-09-25 05:36:51,445 [4b2f0759-f599-4d51-8475-2e6d9cd1aa69@group-7742CA127705-SegmentedRaftLogWorker] INFO  segmented.SegmentedRaftLogWorker (SegmentedRaftLogWorker.java:execute(569)) - 4b2f0759-f599-4d51-8475-2e6d9cd1aa69@group-7742CA127705-SegmentedRaftLogWorker: created new log segment /workdir/hadoop-ozone/integration-test/target/test-dir/MiniOzoneClusterImpl-29dc12d8-8e72-470a-a134-d73b6532f6c9/datanode-3/data/ratis/5e91dd73-1221-4a02-b571-7742ca127705/current/log_inprogress_0
2019-09-25 05:36:51,445 [2cc4f5f9-5dd4-4066-9743-dfede0a56e57@group-70FFEB6D6573-SegmentedRaftLogWorker] WARN  segmented.SegmentedRaftLogOutputStream (SegmentedRaftLogOutputStream.java:<init>(77)) - Hit IOException while creating log segment /workdir/hadoop-ozone/integration-test/target/test-dir/MiniOzoneClusterImpl-29dc12d8-8e72-470a-a134-d73b6532f6c9/datanode-2/data/ratis/a62a4837-8317-4d36-85dd-70ffeb6d6573/current/log_inprogress_0, delete the partial file.
2019-09-25 05:36:51,445 [dce70d9e-b7b5-41e3-b2be-c4fe31afa812@group-F3277BF9315A-SegmentedRaftLogWorker] WARN  segmented.SegmentedRaftLogOutputStream (SegmentedRaftLogOutputStream.java:<init>(77)) - Hit IOException while creating log segment /workdir/hadoop-ozone/integration-test/target/test-dir/MiniOzoneClusterImpl-29dc12d8-8e72-470a-a134-d73b6532f6c9/datanode-1/data/ratis/8c3ce27b-684c-4ab7-ad52-f3277bf9315a/current/log_inprogress_0, delete the partial file.
2019-09-25 05:36:51,451 [main] INFO  segmented.SegmentedRaftLogWorker (SegmentedRaftLogWorker.java:close(228)) - 2cc4f5f9-5dd4-4066-9743-dfede0a56e57@group-70FFEB6D6573-SegmentedRaftLogWorker close()
2019-09-25 05:36:51,451 [ForkJoinPool.commonPool-worker-1] INFO  segmented.SegmentedRaftLogWorker (SegmentedRaftLogWorker.java:close(228)) - dce70d9e-b7b5-41e3-b2be-c4fe31afa812@group-F3277BF9315A-SegmentedRaftLogWorker close()
2019-09-25 05:36:51,456 [main] INFO  impl.RaftServerImpl (RaftServerImpl.java:lambda$shutdown$3(251)) - 2cc4f5f9-5dd4-4066-9743-dfede0a56e57@group-78AA995A3416: shutdown
2019-09-25 05:36:51,459 [ForkJoinPool.commonPool-worker-1] INFO  impl.RaftServerImpl (RaftServerImpl.java:lambda$shutdown$3(251)) - dce70d9e-b7b5-41e3-b2be-c4fe31afa812@group-33607EB0FBC9: shutdown
2019-09-25 05:36:51,459 [main] INFO  util.JmxRegister (JmxRegister.java:unregister(73)) - Successfully un-registered JMX Bean with object name Ratis:service=RaftServer,group=group-78AA995A3416,id=2cc4f5f9-5dd4-4066-9743-dfede0a56e57
2019-09-25 05:36:51,459 [ForkJoinPool.commonPool-worker-1] INFO  util.JmxRegister (JmxRegister.java:unregister(73)) - Successfully un-registered JMX Bean with object name Ratis:service=RaftServer,group=group-33607EB0FBC9,id=dce70d9e-b7b5-41e3-b2be-c4fe31afa812
2019-09-25 05:36:51,460 [main] INFO  impl.RoleInfo (RoleInfo.java:shutdownLeaderState(104)) - 2cc4f5f9-5dd4-4066-9743-dfede0a56e57: shutdown LeaderState
2019-09-25 05:36:51,460 [ForkJoinPool.commonPool-worker-1] INFO  impl.RoleInfo (RoleInfo.java:shutdownLeaderState(104)) - dce70d9e-b7b5-41e3-b2be-c4fe31afa812: shutdown LeaderState
2019-09-25 05:36:51,460 [main] INFO  impl.PendingRequests (PendingRequests.java:sendNotLeaderResponses(202)) - 2cc4f5f9-5dd4-4066-9743-dfede0a56e57-PendingRequests: sendNotLeaderResponses
2019-09-25 05:36:51,461 [ForkJoinPool.commonPool-worker-1] INFO  impl.PendingRequests (PendingRequests.java:sendNotLeaderResponses(202)) - dce70d9e-b7b5-41e3-b2be-c4fe31afa812-PendingRequests: sendNotLeaderResponses
2019-09-25 05:36:51,461 [main] INFO  impl.StateMachineUpdater (StateMachineUpdater.java:stopAndJoin(125)) - 2cc4f5f9-5dd4-4066-9743-dfede0a56e57@group-78AA995A3416-StateMachineUpdater: set stopIndex = 0
2019-09-25 05:36:51,461 [ForkJoinPool.commonPool-worker-1] INFO  impl.StateMachineUpdater (StateMachineUpdater.java:stopAndJoin(125)) - dce70d9e-b7b5-41e3-b2be-c4fe31afa812@group-33607EB0FBC9-StateMachineUpdater: set stopIndex = 0
2019-09-25 05:36:51,461 [main] INFO  impl.RaftServerImpl (ServerState.java:close(385)) - 2cc4f5f9-5dd4-4066-9743-dfede0a56e57@group-78AA995A3416: closes. applyIndex: 0
2019-09-25 05:36:51,462 [ForkJoinPool.commonPool-worker-1] INFO  impl.RaftServerImpl (ServerState.java:close(385)) - dce70d9e-b7b5-41e3-b2be-c4fe31afa812@group-33607EB0FBC9: closes. applyIndex: 0
2019-09-25 05:36:51,462 [2cc4f5f9-5dd4-4066-9743-dfede0a56e57@group-78AA995A3416-SegmentedRaftLogWorker] INFO  segmented.SegmentedRaftLogWorker (SegmentedRaftLogWorker.java:run(313)) - 2cc4f5f9-5dd4-4066-9743-dfede0a56e57@group-78AA995A3416-SegmentedRaftLogWorker was interrupted, exiting. There are 0 tasks remaining in the queue.
2019-09-25 05:36:51,462 [dce70d9e-b7b5-41e3-b2be-c4fe31afa812@group-33607EB0FBC9-SegmentedRaftLogWorker] INFO  segmented.SegmentedRaftLogWorker (SegmentedRaftLogWorker.java:run(313)) - dce70d9e-b7b5-41e3-b2be-c4fe31afa812@group-33607EB0FBC9-SegmentedRaftLogWorker was interrupted, exiting. There are 0 tasks remaining in the queue.
2019-09-25 05:36:51,465 [ForkJoinPool.commonPool-worker-1] INFO  segmented.SegmentedRaftLogWorker (SegmentedRaftLogWorker.java:close(228)) - dce70d9e-b7b5-41e3-b2be-c4fe31afa812@group-33607EB0FBC9-SegmentedRaftLogWorker close()
2019-09-25 05:36:51,465 [main] INFO  segmented.SegmentedRaftLogWorker (SegmentedRaftLogWorker.java:close(228)) - 2cc4f5f9-5dd4-4066-9743-dfede0a56e57@group-78AA995A3416-SegmentedRaftLogWorker close()
2019-09-25 05:36:51,472 [ForkJoinPool.commonPool-worker-1] INFO  impl.RaftServerImpl (RaftServerImpl.java:lambda$shutdown$3(251)) - dce70d9e-b7b5-41e3-b2be-c4fe31afa812@group-1C0A20800954: shutdown
2019-09-25 05:36:51,474 [main] INFO  impl.RaftServerImpl (RaftServerImpl.java:lambda$shutdown$3(251)) - 2cc4f5f9-5dd4-4066-9743-dfede0a56e57@group-B2D7684C4B91: shutdown
2019-09-25 05:36:51,474 [ForkJoinPool.commonPool-worker-1] INFO  util.JmxRegister (JmxRegister.java:unregister(73)) - Successfully un-registered JMX Bean with object name Ratis:service=RaftServer,group=group-1C0A20800954,id=dce70d9e-b7b5-41e3-b2be-c4fe31afa812
2019-09-25 05:36:51,474 [main] INFO  util.JmxRegister (JmxRegister.java:unregister(73)) - Successfully un-registered JMX Bean with object name Ratis:service=RaftServer,group=group-B2D7684C4B91,id=2cc4f5f9-5dd4-4066-9743-dfede0a56e57
2019-09-25 05:36:51,474 [ForkJoinPool.commonPool-worker-1] INFO  impl.RoleInfo (RoleInfo.java:shutdownLeaderState(104)) - dce70d9e-b7b5-41e3-b2be-c4fe31afa812: shutdown LeaderState
2019-09-25 05:36:51,475 [main] INFO  impl.RoleInfo (RoleInfo.java:shutdownLeaderState(104)) - 2cc4f5f9-5dd4-4066-9743-dfede0a56e57: shutdown LeaderState
2019-09-25 05:36:51,475 [ForkJoinPool.commonPool-worker-1] INFO  impl.PendingRequests (PendingRequests.java:sendNotLeaderResponses(202)) - dce70d9e-b7b5-41e3-b2be-c4fe31afa812-PendingRequests: sendNotLeaderResponses
2019-09-25 05:36:51,475 [main] INFO  impl.PendingRequests (PendingRequests.java:sendNotLeaderResponses(202)) - 2cc4f5f9-5dd4-4066-9743-dfede0a56e57-PendingRequests: sendNotLeaderResponses
2019-09-25 05:36:51,476 [ForkJoinPool.commonPool-worker-1] INFO  impl.StateMachineUpdater (StateMachineUpdater.java:stopAndJoin(125)) - dce70d9e-b7b5-41e3-b2be-c4fe31afa812@group-1C0A20800954-StateMachineUpdater: set stopIndex = 0
2019-09-25 05:36:51,476 [main] INFO  impl.StateMachineUpdater (StateMachineUpdater.java:stopAndJoin(125)) - 2cc4f5f9-5dd4-4066-9743-dfede0a56e57@group-B2D7684C4B91-StateMachineUpdater: set stopIndex = 0
2019-09-25 05:36:51,477 [main] INFO  impl.RaftServerImpl (ServerState.java:close(385)) - 2cc4f5f9-5dd4-4066-9743-dfede0a56e57@group-B2D7684C4B91: closes. applyIndex: 0
2019-09-25 05:36:51,476 [ForkJoinPool.commonPool-worker-1] INFO  impl.RaftServerImpl (ServerState.java:close(385)) - dce70d9e-b7b5-41e3-b2be-c4fe31afa812@group-1C0A20800954: closes. applyIndex: 0
2019-09-25 05:36:51,477 [2cc4f5f9-5dd4-4066-9743-dfede0a56e57@group-B2D7684C4B91-SegmentedRaftLogWorker] INFO  segmented.SegmentedRaftLogWorker (SegmentedRaftLogWorker.java:run(313)) - 2cc4f5f9-5dd4-4066-9743-dfede0a56e57@group-B2D7684C4B91-SegmentedRaftLogWorker was interrupted, exiting. There are 0 tasks remaining in the queue.
2019-09-25 05:36:51,477 [dce70d9e-b7b5-41e3-b2be-c4fe31afa812@group-1C0A20800954-SegmentedRaftLogWorker] INFO  segmented.SegmentedRaftLogWorker (SegmentedRaftLogWorker.java:run(313)) - dce70d9e-b7b5-41e3-b2be-c4fe31afa812@group-1C0A20800954-SegmentedRaftLogWorker was interrupted, exiting. There are 0 tasks remaining in the queue.
2019-09-25 05:36:51,477 [main] INFO  segmented.SegmentedRaftLogWorker (SegmentedRaftLogWorker.java:close(228)) - 2cc4f5f9-5dd4-4066-9743-dfede0a56e57@group-B2D7684C4B91-SegmentedRaftLogWorker close()
2019-09-25 05:36:51,478 [ForkJoinPool.commonPool-worker-1] INFO  segmented.SegmentedRaftLogWorker (SegmentedRaftLogWorker.java:close(228)) - dce70d9e-b7b5-41e3-b2be-c4fe31afa812@group-1C0A20800954-SegmentedRaftLogWorker close()
2019-09-25 05:36:51,479 [main] INFO  server.GrpcService (GrpcService.java:closeImpl(164)) - 2cc4f5f9-5dd4-4066-9743-dfede0a56e57: shutdown server with port 35178 now
2019-09-25 05:36:51,481 [ForkJoinPool.commonPool-worker-1] INFO  server.GrpcService (GrpcService.java:closeImpl(164)) - dce70d9e-b7b5-41e3-b2be-c4fe31afa812: shutdown server with port 37367 now
2019-09-25 05:36:51,489 [main] INFO  server.GrpcService (GrpcService.java:closeImpl(172)) - 2cc4f5f9-5dd4-4066-9743-dfede0a56e57: shutdown server with port 35178 successfully
2019-09-25 05:36:51,489 [ForkJoinPool.commonPool-worker-1] INFO  server.GrpcService (GrpcService.java:closeImpl(172)) - dce70d9e-b7b5-41e3-b2be-c4fe31afa812: shutdown server with port 37367 successfully
2019-09-25 05:36:51,493 [refreshUsed-/workdir/hadoop-ozone/integration-test/target/test-dir/MiniOzoneClusterImpl-29dc12d8-8e72-470a-a134-d73b6532f6c9/datanode-1/data/containers] WARN  fs.CachingGetSpaceUsed (CachingGetSpaceUsed.java:run(183)) - Thread Interrupted waiting to refresh disk information: sleep interrupted
2019-09-25 05:36:51,498 [refreshUsed-/workdir/hadoop-ozone/integration-test/target/test-dir/MiniOzoneClusterImpl-29dc12d8-8e72-470a-a134-d73b6532f6c9/datanode-2/data/containers] WARN  fs.CachingGetSpaceUsed (CachingGetSpaceUsed.java:run(183)) - Thread Interrupted waiting to refresh disk information: sleep interrupted
2019-09-25 05:36:51,514 [main] INFO  utils.BackgroundService (BackgroundService.java:shutdown(148)) - Shutting down service BlockDeletingService
2019-09-25 05:36:51,519 [main] INFO  statemachine.DatanodeStateMachine (DatanodeStateMachine.java:stopDaemon(395)) - Ozone container server stopped.
2019-09-25 05:36:51,521 [ForkJoinPool.commonPool-worker-1] INFO  utils.BackgroundService (BackgroundService.java:shutdown(148)) - Shutting down service BlockDeletingService
2019-09-25 05:36:51,521 [main] INFO  handler.ContextHandler (ContextHandler.java:doStop(910)) - Stopped o.e.j.w.WebAppContext@57cb70be{/,null,UNAVAILABLE}{/hddsDatanode}
2019-09-25 05:36:51,525 [ForkJoinPool.commonPool-worker-1] INFO  statemachine.DatanodeStateMachine (DatanodeStateMachine.java:stopDaemon(395)) - Ozone container server stopped.
2019-09-25 05:36:51,528 [main] INFO  server.AbstractConnector (AbstractConnector.java:doStop(318)) - Stopped ServerConnector@2d4608a6{HTTP/1.1,[http/1.1]}{0.0.0.0:0}
2019-09-25 05:36:51,528 [main] INFO  handler.ContextHandler (ContextHandler.java:doStop(910)) - Stopped o.e.j.s.ServletContextHandler@65f651eb{/static,jar:file:/home/user/.m2/repository/org/apache/hadoop/hadoop-hdds-container-service/0.5.0-SNAPSHOT/hadoop-hdds-container-service-0.5.0-SNAPSHOT.jar!/webapps/static,UNAVAILABLE}
2019-09-25 05:36:51,530 [ForkJoinPool.commonPool-worker-1] INFO  handler.ContextHandler (ContextHandler.java:doStop(910)) - Stopped o.e.j.w.WebAppContext@71c17a57{/,null,UNAVAILABLE}{/hddsDatanode}
2019-09-25 05:36:51,530 [main] INFO  handler.ContextHandler (ContextHandler.java:doStop(910)) - Stopped o.e.j.s.ServletContextHandler@5ed4bc{/logs,file:///workdir/hadoop-ozone/integration-test/target/log,UNAVAILABLE}
2019-09-25 05:36:51,530 [ForkJoinPool.commonPool-worker-1] INFO  server.AbstractConnector (AbstractConnector.java:doStop(318)) - Stopped ServerConnector@640ab13c{HTTP/1.1,[http/1.1]}{0.0.0.0:0}
2019-09-25 05:36:51,532 [ForkJoinPool.commonPool-worker-1] INFO  handler.ContextHandler (ContextHandler.java:doStop(910)) - Stopped o.e.j.s.ServletContextHandler@f88bfbe{/static,jar:file:/home/user/.m2/repository/org/apache/hadoop/hadoop-hdds-container-service/0.5.0-SNAPSHOT/hadoop-hdds-container-service-0.5.0-SNAPSHOT.jar!/webapps/static,UNAVAILABLE}
2019-09-25 05:36:51,533 [ForkJoinPool.commonPool-worker-1] INFO  handler.ContextHandler (ContextHandler.java:doStop(910)) - Stopped o.e.j.s.ServletContextHandler@3af7d855{/logs,file:///workdir/hadoop-ozone/integration-test/target/log,UNAVAILABLE}
2019-09-25 05:36:51,674 [Datanode State Machine Thread - 0] INFO  statemachine.DatanodeStateMachine (DatanodeStateMachine.java:lambda$startDaemon$0(350)) - Ozone container server started.
2019-09-25 05:36:51,949 [Datanode State Machine Thread - 0] INFO  statemachine.DatanodeStateMachine (DatanodeStateMachine.java:lambda$startDaemon$0(350)) - Ozone container server started.
2019-09-25 05:36:55,698 [Thread-342] INFO  impl.FollowerState (FollowerState.java:run(106)) - 41c47655-c730-4efc-9be2-c06f510e0f0d:group-39FEC27F9271 changes to CANDIDATE, lastRpcTime:5126, electionTimeout:5122ms
2019-09-25 05:36:55,698 [Thread-342] INFO  impl.RoleInfo (RoleInfo.java:shutdownFollowerState(121)) - 41c47655-c730-4efc-9be2-c06f510e0f0d: shutdown FollowerState
2019-09-25 05:36:55,698 [Thread-342] INFO  impl.RaftServerImpl (RaftServerImpl.java:setRole(174)) - 41c47655-c730-4efc-9be2-c06f510e0f0d@group-39FEC27F9271: changes role from  FOLLOWER to CANDIDATE at term 1 for changeToCandidate
2019-09-25 05:36:55,699 [Thread-342] INFO  impl.RoleInfo (RoleInfo.java:updateAndGet(143)) - 41c47655-c730-4efc-9be2-c06f510e0f0d: start LeaderElection
2019-09-25 05:36:56,532 [main] INFO  ozoneimpl.OzoneContainer (OzoneContainer.java:stop(231)) - Attempting to stop container services.
2019-09-25 05:36:56,533 [main] INFO  impl.RaftServerProxy (RaftServerProxy.java:lambda$close$4(314)) - 4b2f0759-f599-4d51-8475-2e6d9cd1aa69: close
2019-09-25 05:36:56,533 [main] INFO  impl.RaftServerImpl (RaftServerImpl.java:lambda$shutdown$3(251)) - 4b2f0759-f599-4d51-8475-2e6d9cd1aa69@group-7742CA127705: shutdown
2019-09-25 05:36:56,534 [main] INFO  util.JmxRegister (JmxRegister.java:unregister(73)) - Successfully un-registered JMX Bean with object name Ratis:service=RaftServer,group=group-7742CA127705,id=4b2f0759-f599-4d51-8475-2e6d9cd1aa69
2019-09-25 05:36:56,534 [main] INFO  impl.RoleInfo (RoleInfo.java:shutdownLeaderState(104)) - 4b2f0759-f599-4d51-8475-2e6d9cd1aa69: shutdown LeaderState
2019-09-25 05:36:56,535 [main] INFO  impl.PendingRequests (PendingRequests.java:sendNotLeaderResponses(202)) - 4b2f0759-f599-4d51-8475-2e6d9cd1aa69-PendingRequests: sendNotLeaderResponses
2019-09-25 05:36:56,535 [main] INFO  impl.StateMachineUpdater (StateMachineUpdater.java:stopAndJoin(125)) - 4b2f0759-f599-4d51-8475-2e6d9cd1aa69@group-7742CA127705-StateMachineUpdater: set stopIndex = 0
2019-09-25 05:36:56,536 [ForkJoinPool.commonPool-worker-1] INFO  ozoneimpl.OzoneContainer (OzoneContainer.java:stop(231)) - Attempting to stop container services.
2019-09-25 05:36:56,536 [main] INFO  impl.RaftServerImpl (ServerState.java:close(385)) - 4b2f0759-f599-4d51-8475-2e6d9cd1aa69@group-7742CA127705: closes. applyIndex: 0
2019-09-25 05:36:56,536 [ForkJoinPool.commonPool-worker-1] INFO  impl.RaftServerProxy (RaftServerProxy.java:lambda$close$4(314)) - 41c47655-c730-4efc-9be2-c06f510e0f0d: close
2019-09-25 05:36:56,537 [4b2f0759-f599-4d51-8475-2e6d9cd1aa69@group-7742CA127705-SegmentedRaftLogWorker] INFO  segmented.SegmentedRaftLogWorker (SegmentedRaftLogWorker.java:run(313)) - 4b2f0759-f599-4d51-8475-2e6d9cd1aa69@group-7742CA127705-SegmentedRaftLogWorker was interrupted, exiting. There are 0 tasks remaining in the queue.
2019-09-25 05:36:56,537 [ForkJoinPool.commonPool-worker-1] INFO  impl.RaftServerImpl (RaftServerImpl.java:lambda$shutdown$3(251)) - 41c47655-c730-4efc-9be2-c06f510e0f0d@group-4F3AD058407A: shutdown
2019-09-25 05:36:56,537 [main] INFO  segmented.SegmentedRaftLogWorker (SegmentedRaftLogWorker.java:close(228)) - 4b2f0759-f599-4d51-8475-2e6d9cd1aa69@group-7742CA127705-SegmentedRaftLogWorker close()
2019-09-25 05:36:56,537 [ForkJoinPool.commonPool-worker-1] INFO  util.JmxRegister (JmxRegister.java:unregister(73)) - Successfully un-registered JMX Bean with object name Ratis:service=RaftServer,group=group-4F3AD058407A,id=41c47655-c730-4efc-9be2-c06f510e0f0d
2019-09-25 05:36:56,539 [main] INFO  impl.RaftServerImpl (RaftServerImpl.java:lambda$shutdown$3(251)) - 4b2f0759-f599-4d51-8475-2e6d9cd1aa69@group-B7596A6D678A: shutdown
2019-09-25 05:36:56,539 [ForkJoinPool.commonPool-worker-1] INFO  impl.RoleInfo (RoleInfo.java:shutdownLeaderState(104)) - 41c47655-c730-4efc-9be2-c06f510e0f0d: shutdown LeaderState
2019-09-25 05:36:56,540 [main] INFO  util.JmxRegister (JmxRegister.java:unregister(73)) - Successfully un-registered JMX Bean with object name Ratis:service=RaftServer,group=group-B7596A6D678A,id=4b2f0759-f599-4d51-8475-2e6d9cd1aa69
2019-09-25 05:36:56,540 [ForkJoinPool.commonPool-worker-1] INFO  impl.PendingRequests (PendingRequests.java:sendNotLeaderResponses(202)) - 41c47655-c730-4efc-9be2-c06f510e0f0d-PendingRequests: sendNotLeaderResponses
2019-09-25 05:36:56,540 [main] INFO  impl.RoleInfo (RoleInfo.java:shutdownLeaderState(104)) - 4b2f0759-f599-4d51-8475-2e6d9cd1aa69: shutdown LeaderState
2019-09-25 05:36:56,541 [ForkJoinPool.commonPool-worker-1] INFO  impl.StateMachineUpdater (StateMachineUpdater.java:stopAndJoin(125)) - 41c47655-c730-4efc-9be2-c06f510e0f0d@group-4F3AD058407A-StateMachineUpdater: set stopIndex = 0
2019-09-25 05:36:56,541 [main] INFO  impl.PendingRequests (PendingRequests.java:sendNotLeaderResponses(202)) - 4b2f0759-f599-4d51-8475-2e6d9cd1aa69-PendingRequests: sendNotLeaderResponses
2019-09-25 05:36:56,541 [ForkJoinPool.commonPool-worker-1] INFO  impl.RaftServerImpl (ServerState.java:close(385)) - 41c47655-c730-4efc-9be2-c06f510e0f0d@group-4F3AD058407A: closes. applyIndex: 0
2019-09-25 05:36:56,542 [main] INFO  impl.StateMachineUpdater (StateMachineUpdater.java:stopAndJoin(125)) - 4b2f0759-f599-4d51-8475-2e6d9cd1aa69@group-B7596A6D678A-StateMachineUpdater: set stopIndex = 0
2019-09-25 05:36:56,542 [41c47655-c730-4efc-9be2-c06f510e0f0d@group-4F3AD058407A-SegmentedRaftLogWorker] INFO  segmented.SegmentedRaftLogWorker (SegmentedRaftLogWorker.java:run(313)) - 41c47655-c730-4efc-9be2-c06f510e0f0d@group-4F3AD058407A-SegmentedRaftLogWorker was interrupted, exiting. There are 0 tasks remaining in the queue.
2019-09-25 05:36:56,542 [main] INFO  impl.RaftServerImpl (ServerState.java:close(385)) - 4b2f0759-f599-4d51-8475-2e6d9cd1aa69@group-B7596A6D678A: closes. applyIndex: 0
2019-09-25 05:36:56,543 [ForkJoinPool.commonPool-worker-1] INFO  segmented.SegmentedRaftLogWorker (SegmentedRaftLogWorker.java:close(228)) - 41c47655-c730-4efc-9be2-c06f510e0f0d@group-4F3AD058407A-SegmentedRaftLogWorker close()
2019-09-25 05:36:56,543 [4b2f0759-f599-4d51-8475-2e6d9cd1aa69@group-B7596A6D678A-SegmentedRaftLogWorker] INFO  segmented.SegmentedRaftLogWorker (SegmentedRaftLogWorker.java:run(313)) - 4b2f0759-f599-4d51-8475-2e6d9cd1aa69@group-B7596A6D678A-SegmentedRaftLogWorker was interrupted, exiting. There are 0 tasks remaining in the queue.
2019-09-25 05:36:56,544 [ForkJoinPool.commonPool-worker-1] INFO  impl.RaftServerImpl (RaftServerImpl.java:lambda$shutdown$3(251)) - 41c47655-c730-4efc-9be2-c06f510e0f0d@group-C4CBCECB5101: shutdown
2019-09-25 05:36:56,545 [main] INFO  segmented.SegmentedRaftLogWorker (SegmentedRaftLogWorker.java:close(228)) - 4b2f0759-f599-4d51-8475-2e6d9cd1aa69@group-B7596A6D678A-SegmentedRaftLogWorker close()
2019-09-25 05:36:56,545 [ForkJoinPool.commonPool-worker-1] INFO  util.JmxRegister (JmxRegister.java:unregister(73)) - Successfully un-registered JMX Bean with object name Ratis:service=RaftServer,group=group-C4CBCECB5101,id=41c47655-c730-4efc-9be2-c06f510e0f0d
2019-09-25 05:36:56,547 [main] INFO  impl.RaftServerImpl (RaftServerImpl.java:lambda$shutdown$3(251)) - 4b2f0759-f599-4d51-8475-2e6d9cd1aa69@group-D80A3C3EE5A8: shutdown
2019-09-25 05:36:56,547 [ForkJoinPool.commonPool-worker-1] INFO  impl.RoleInfo (RoleInfo.java:shutdownLeaderState(104)) - 41c47655-c730-4efc-9be2-c06f510e0f0d: shutdown LeaderState
2019-09-25 05:36:56,547 [main] INFO  util.JmxRegister (JmxRegister.java:unregister(73)) - Successfully un-registered JMX Bean with object name Ratis:service=RaftServer,group=group-D80A3C3EE5A8,id=4b2f0759-f599-4d51-8475-2e6d9cd1aa69
2019-09-25 05:36:56,548 [main] INFO  impl.RoleInfo (RoleInfo.java:shutdownLeaderState(104)) - 4b2f0759-f599-4d51-8475-2e6d9cd1aa69: shutdown LeaderState
2019-09-25 05:36:56,548 [ForkJoinPool.commonPool-worker-1] INFO  impl.PendingRequests (PendingRequests.java:sendNotLeaderResponses(202)) - 41c47655-c730-4efc-9be2-c06f510e0f0d-PendingRequests: sendNotLeaderResponses
2019-09-25 05:36:56,549 [main] INFO  impl.PendingRequests (PendingRequests.java:sendNotLeaderResponses(202)) - 4b2f0759-f599-4d51-8475-2e6d9cd1aa69-PendingRequests: sendNotLeaderResponses
2019-09-25 05:36:56,549 [ForkJoinPool.commonPool-worker-1] INFO  impl.StateMachineUpdater (StateMachineUpdater.java:stopAndJoin(125)) - 41c47655-c730-4efc-9be2-c06f510e0f0d@group-C4CBCECB5101-StateMachineUpdater: set stopIndex = 0
2019-09-25 05:36:56,549 [main] INFO  impl.StateMachineUpdater (StateMachineUpdater.java:stopAndJoin(125)) - 4b2f0759-f599-4d51-8475-2e6d9cd1aa69@group-D80A3C3EE5A8-StateMachineUpdater: set stopIndex = 0
2019-09-25 05:36:56,549 [ForkJoinPool.commonPool-worker-1] INFO  impl.RaftServerImpl (ServerState.java:close(385)) - 41c47655-c730-4efc-9be2-c06f510e0f0d@group-C4CBCECB5101: closes. applyIndex: 0
2019-09-25 05:36:56,550 [main] INFO  impl.RaftServerImpl (ServerState.java:close(385)) - 4b2f0759-f599-4d51-8475-2e6d9cd1aa69@group-D80A3C3EE5A8: closes. applyIndex: 0
2019-09-25 05:36:56,550 [41c47655-c730-4efc-9be2-c06f510e0f0d@group-C4CBCECB5101-SegmentedRaftLogWorker] INFO  segmented.SegmentedRaftLogWorker (SegmentedRaftLogWorker.java:run(313)) - 41c47655-c730-4efc-9be2-c06f510e0f0d@group-C4CBCECB5101-SegmentedRaftLogWorker was interrupted, exiting. There are 0 tasks remaining in the queue.
2019-09-25 05:36:56,551 [4b2f0759-f599-4d51-8475-2e6d9cd1aa69@group-D80A3C3EE5A8-SegmentedRaftLogWorker] INFO  segmented.SegmentedRaftLogWorker (SegmentedRaftLogWorker.java:run(313)) - 4b2f0759-f599-4d51-8475-2e6d9cd1aa69@group-D80A3C3EE5A8-SegmentedRaftLogWorker was interrupted, exiting. There are 0 tasks remaining in the queue.
2019-09-25 05:36:56,551 [ForkJoinPool.commonPool-worker-1] INFO  segmented.SegmentedRaftLogWorker (SegmentedRaftLogWorker.java:close(228)) - 41c47655-c730-4efc-9be2-c06f510e0f0d@group-C4CBCECB5101-SegmentedRaftLogWorker close()
2019-09-25 05:36:56,551 [main] INFO  segmented.SegmentedRaftLogWorker (SegmentedRaftLogWorker.java:close(228)) - 4b2f0759-f599-4d51-8475-2e6d9cd1aa69@group-D80A3C3EE5A8-SegmentedRaftLogWorker close()
2019-09-25 05:36:56,552 [ForkJoinPool.commonPool-worker-1] INFO  impl.RaftServerImpl (RaftServerImpl.java:lambda$shutdown$3(251)) - 41c47655-c730-4efc-9be2-c06f510e0f0d@group-39FEC27F9271: shutdown
2019-09-25 05:36:56,556 [main] INFO  impl.RaftServerImpl (RaftServerImpl.java:lambda$shutdown$3(251)) - 4b2f0759-f599-4d51-8475-2e6d9cd1aa69@group-4568C3752BFA: shutdown
2019-09-25 05:36:56,556 [ForkJoinPool.commonPool-worker-1] INFO  util.JmxRegister (JmxRegister.java:unregister(73)) - Successfully un-registered JMX Bean with object name Ratis:service=RaftServer,group=group-39FEC27F9271,id=41c47655-c730-4efc-9be2-c06f510e0f0d
2019-09-25 05:36:56,557 [main] INFO  util.JmxRegister (JmxRegister.java:unregister(73)) - Successfully un-registered JMX Bean with object name Ratis:service=RaftServer,group=group-4568C3752BFA,id=4b2f0759-f599-4d51-8475-2e6d9cd1aa69
2019-09-25 05:36:56,558 [main] INFO  impl.RoleInfo (RoleInfo.java:shutdownLeaderState(104)) - 4b2f0759-f599-4d51-8475-2e6d9cd1aa69: shutdown LeaderState
2019-09-25 05:36:56,557 [ForkJoinPool.commonPool-worker-1] INFO  impl.RoleInfo (RoleInfo.java:shutdownLeaderElection(134)) - 41c47655-c730-4efc-9be2-c06f510e0f0d: shutdown LeaderElection
2019-09-25 05:36:56,558 [main] INFO  impl.PendingRequests (PendingRequests.java:sendNotLeaderResponses(202)) - 4b2f0759-f599-4d51-8475-2e6d9cd1aa69-PendingRequests: sendNotLeaderResponses
2019-09-25 05:36:56,558 [ForkJoinPool.commonPool-worker-1] INFO  impl.StateMachineUpdater (StateMachineUpdater.java:stopAndJoin(125)) - 41c47655-c730-4efc-9be2-c06f510e0f0d@group-39FEC27F9271-StateMachineUpdater: set stopIndex = -1
2019-09-25 05:36:56,559 [main] INFO  impl.StateMachineUpdater (StateMachineUpdater.java:stopAndJoin(125)) - 4b2f0759-f599-4d51-8475-2e6d9cd1aa69@group-4568C3752BFA-StateMachineUpdater: set stopIndex = 0
2019-09-25 05:36:56,559 [ForkJoinPool.commonPool-worker-1] INFO  impl.RaftServerImpl (ServerState.java:close(385)) - 41c47655-c730-4efc-9be2-c06f510e0f0d@group-39FEC27F9271: closes. applyIndex: -1
2019-09-25 05:36:56,559 [main] INFO  impl.RaftServerImpl (ServerState.java:close(385)) - 4b2f0759-f599-4d51-8475-2e6d9cd1aa69@group-4568C3752BFA: closes. applyIndex: 0
2019-09-25 05:36:56,560 [41c47655-c730-4efc-9be2-c06f510e0f0d@group-39FEC27F9271-SegmentedRaftLogWorker] INFO  segmented.SegmentedRaftLogWorker (SegmentedRaftLogWorker.java:run(313)) - 41c47655-c730-4efc-9be2-c06f510e0f0d@group-39FEC27F9271-SegmentedRaftLogWorker was interrupted, exiting. There are 0 tasks remaining in the queue.
2019-09-25 05:36:56,560 [4b2f0759-f599-4d51-8475-2e6d9cd1aa69@group-4568C3752BFA-SegmentedRaftLogWorker] INFO  segmented.SegmentedRaftLogWorker (SegmentedRaftLogWorker.java:run(313)) - 4b2f0759-f599-4d51-8475-2e6d9cd1aa69@group-4568C3752BFA-SegmentedRaftLogWorker was interrupted, exiting. There are 0 tasks remaining in the queue.
2019-09-25 05:36:56,560 [ForkJoinPool.commonPool-worker-1] INFO  segmented.SegmentedRaftLogWorker (SegmentedRaftLogWorker.java:close(228)) - 41c47655-c730-4efc-9be2-c06f510e0f0d@group-39FEC27F9271-SegmentedRaftLogWorker close()
2019-09-25 05:36:56,561 [main] INFO  segmented.SegmentedRaftLogWorker (SegmentedRaftLogWorker.java:close(228)) - 4b2f0759-f599-4d51-8475-2e6d9cd1aa69@group-4568C3752BFA-SegmentedRaftLogWorker close()
2019-09-25 05:36:56,561 [ForkJoinPool.commonPool-worker-1] INFO  impl.RaftServerImpl (RaftServerImpl.java:lambda$shutdown$3(251)) - 41c47655-c730-4efc-9be2-c06f510e0f0d@group-E4D3A87EADA5: shutdown
2019-09-25 05:36:56,561 [main] INFO  impl.RaftServerImpl (RaftServerImpl.java:lambda$shutdown$3(251)) - 4b2f0759-f599-4d51-8475-2e6d9cd1aa69@group-7E07FA027D4F: shutdown
2019-09-25 05:36:56,562 [ForkJoinPool.commonPool-worker-1] INFO  util.JmxRegister (JmxRegister.java:unregister(73)) - Successfully un-registered JMX Bean with object name Ratis:service=RaftServer,group=group-E4D3A87EADA5,id=41c47655-c730-4efc-9be2-c06f510e0f0d
2019-09-25 05:36:56,562 [main] INFO  util.JmxRegister (JmxRegister.java:unregister(73)) - Successfully un-registered JMX Bean with object name Ratis:service=RaftServer,group=group-7E07FA027D4F,id=4b2f0759-f599-4d51-8475-2e6d9cd1aa69
2019-09-25 05:36:56,562 [ForkJoinPool.commonPool-worker-1] INFO  impl.RoleInfo (RoleInfo.java:shutdownLeaderState(104)) - 41c47655-c730-4efc-9be2-c06f510e0f0d: shutdown LeaderState
2019-09-25 05:36:56,563 [main] INFO  impl.RoleInfo (RoleInfo.java:shutdownLeaderState(104)) - 4b2f0759-f599-4d51-8475-2e6d9cd1aa69: shutdown LeaderState
2019-09-25 05:36:56,563 [ForkJoinPool.commonPool-worker-1] INFO  impl.PendingRequests (PendingRequests.java:sendNotLeaderResponses(202)) - 41c47655-c730-4efc-9be2-c06f510e0f0d-PendingRequests: sendNotLeaderResponses
2019-09-25 05:36:56,563 [main] INFO  impl.PendingRequests (PendingRequests.java:sendNotLeaderResponses(202)) - 4b2f0759-f599-4d51-8475-2e6d9cd1aa69-PendingRequests: sendNotLeaderResponses
2019-09-25 05:36:56,564 [ForkJoinPool.commonPool-worker-1] INFO  impl.StateMachineUpdater (StateMachineUpdater.java:stopAndJoin(125)) - 41c47655-c730-4efc-9be2-c06f510e0f0d@group-E4D3A87EADA5-StateMachineUpdater: set stopIndex = 0
2019-09-25 05:36:56,564 [main] INFO  impl.StateMachineUpdater (StateMachineUpdater.java:stopAndJoin(125)) - 4b2f0759-f599-4d51-8475-2e6d9cd1aa69@group-7E07FA027D4F-StateMachineUpdater: set stopIndex = 0
2019-09-25 05:36:56,564 [ForkJoinPool.commonPool-worker-1] INFO  impl.RaftServerImpl (ServerState.java:close(385)) - 41c47655-c730-4efc-9be2-c06f510e0f0d@group-E4D3A87EADA5: closes. applyIndex: 0
2019-09-25 05:36:56,565 [main] INFO  impl.RaftServerImpl (ServerState.java:close(385)) - 4b2f0759-f599-4d51-8475-2e6d9cd1aa69@group-7E07FA027D4F: closes. applyIndex: 0
2019-09-25 05:36:56,565 [41c47655-c730-4efc-9be2-c06f510e0f0d@group-E4D3A87EADA5-SegmentedRaftLogWorker] INFO  segmented.SegmentedRaftLogWorker (SegmentedRaftLogWorker.java:run(313)) - 41c47655-c730-4efc-9be2-c06f510e0f0d@group-E4D3A87EADA5-SegmentedRaftLogWorker was interrupted, exiting. There are 0 tasks remaining in the queue.
2019-09-25 05:36:56,565 [4b2f0759-f599-4d51-8475-2e6d9cd1aa69@group-7E07FA027D4F-SegmentedRaftLogWorker] INFO  segmented.SegmentedRaftLogWorker (SegmentedRaftLogWorker.java:run(313)) - 4b2f0759-f599-4d51-8475-2e6d9cd1aa69@group-7E07FA027D4F-SegmentedRaftLogWorker was interrupted, exiting. There are 0 tasks remaining in the queue.
2019-09-25 05:36:56,566 [ForkJoinPool.commonPool-worker-1] INFO  segmented.SegmentedRaftLogWorker (SegmentedRaftLogWorker.java:close(228)) - 41c47655-c730-4efc-9be2-c06f510e0f0d@group-E4D3A87EADA5-SegmentedRaftLogWorker close()
2019-09-25 05:36:56,566 [main] INFO  segmented.SegmentedRaftLogWorker (SegmentedRaftLogWorker.java:close(228)) - 4b2f0759-f599-4d51-8475-2e6d9cd1aa69@group-7E07FA027D4F-SegmentedRaftLogWorker close()
2019-09-25 05:36:56,566 [ForkJoinPool.commonPool-worker-1] INFO  impl.RaftServerImpl (RaftServerImpl.java:lambda$shutdown$3(251)) - 41c47655-c730-4efc-9be2-c06f510e0f0d@group-791C1D73DD5F: shutdown
2019-09-25 05:36:56,566 [main] INFO  impl.RaftServerImpl (RaftServerImpl.java:lambda$shutdown$3(251)) - 4b2f0759-f599-4d51-8475-2e6d9cd1aa69@group-B80DB64C252B: shutdown
2019-09-25 05:36:56,566 [ForkJoinPool.commonPool-worker-1] INFO  util.JmxRegister (JmxRegister.java:unregister(73)) - Successfully un-registered JMX Bean with object name Ratis:service=RaftServer,group=group-791C1D73DD5F,id=41c47655-c730-4efc-9be2-c06f510e0f0d
2019-09-25 05:36:56,567 [main] INFO  util.JmxRegister (JmxRegister.java:unregister(73)) - Successfully un-registered JMX Bean with object name Ratis:service=RaftServer,group=group-B80DB64C252B,id=4b2f0759-f599-4d51-8475-2e6d9cd1aa69
2019-09-25 05:36:56,567 [ForkJoinPool.commonPool-worker-1] INFO  impl.RoleInfo (RoleInfo.java:shutdownLeaderState(104)) - 41c47655-c730-4efc-9be2-c06f510e0f0d: shutdown LeaderState
2019-09-25 05:36:56,568 [main] INFO  impl.RoleInfo (RoleInfo.java:shutdownLeaderState(104)) - 4b2f0759-f599-4d51-8475-2e6d9cd1aa69: shutdown LeaderState
2019-09-25 05:36:56,568 [ForkJoinPool.commonPool-worker-1] INFO  impl.PendingRequests (PendingRequests.java:sendNotLeaderResponses(202)) - 41c47655-c730-4efc-9be2-c06f510e0f0d-PendingRequests: sendNotLeaderResponses
2019-09-25 05:36:56,568 [main] INFO  impl.PendingRequests (PendingRequests.java:sendNotLeaderResponses(202)) - 4b2f0759-f599-4d51-8475-2e6d9cd1aa69-PendingRequests: sendNotLeaderResponses
2019-09-25 05:36:56,569 [ForkJoinPool.commonPool-worker-1] INFO  impl.StateMachineUpdater (StateMachineUpdater.java:stopAndJoin(125)) - 41c47655-c730-4efc-9be2-c06f510e0f0d@group-791C1D73DD5F-StateMachineUpdater: set stopIndex = 0
2019-09-25 05:36:56,569 [main] INFO  impl.StateMachineUpdater (StateMachineUpdater.java:stopAndJoin(125)) - 4b2f0759-f599-4d51-8475-2e6d9cd1aa69@group-B80DB64C252B-StateMachineUpdater: set stopIndex = 0
2019-09-25 05:36:56,569 [ForkJoinPool.commonPool-worker-1] INFO  impl.RaftServerImpl (ServerState.java:close(385)) - 41c47655-c730-4efc-9be2-c06f510e0f0d@group-791C1D73DD5F: closes. applyIndex: 0
2019-09-25 05:36:56,570 [main] INFO  impl.RaftServerImpl (ServerState.java:close(385)) - 4b2f0759-f599-4d51-8475-2e6d9cd1aa69@group-B80DB64C252B: closes. applyIndex: 0
2019-09-25 05:36:56,570 [41c47655-c730-4efc-9be2-c06f510e0f0d@group-791C1D73DD5F-SegmentedRaftLogWorker] INFO  segmented.SegmentedRaftLogWorker (SegmentedRaftLogWorker.java:run(313)) - 41c47655-c730-4efc-9be2-c06f510e0f0d@group-791C1D73DD5F-SegmentedRaftLogWorker was interrupted, exiting. There are 0 tasks remaining in the queue.
2019-09-25 05:36:56,570 [4b2f0759-f599-4d51-8475-2e6d9cd1aa69@group-B80DB64C252B-SegmentedRaftLogWorker] INFO  segmented.SegmentedRaftLogWorker (SegmentedRaftLogWorker.java:run(313)) - 4b2f0759-f599-4d51-8475-2e6d9cd1aa69@group-B80DB64C252B-SegmentedRaftLogWorker was interrupted, exiting. There are 0 tasks remaining in the queue.
2019-09-25 05:36:56,571 [ForkJoinPool.commonPool-worker-1] INFO  segmented.SegmentedRaftLogWorker (SegmentedRaftLogWorker.java:close(228)) - 41c47655-c730-4efc-9be2-c06f510e0f0d@group-791C1D73DD5F-SegmentedRaftLogWorker close()
2019-09-25 05:36:56,571 [main] INFO  segmented.SegmentedRaftLogWorker (SegmentedRaftLogWorker.java:close(228)) - 4b2f0759-f599-4d51-8475-2e6d9cd1aa69@group-B80DB64C252B-SegmentedRaftLogWorker close()
2019-09-25 05:36:56,571 [ForkJoinPool.commonPool-worker-1] INFO  impl.RaftServerImpl (RaftServerImpl.java:lambda$shutdown$3(251)) - 41c47655-c730-4efc-9be2-c06f510e0f0d@group-C52DCAC42A3E: shutdown
2019-09-25 05:36:56,571 [main] INFO  server.GrpcService (GrpcService.java:closeImpl(164)) - 4b2f0759-f599-4d51-8475-2e6d9cd1aa69: shutdown server with port 45682 now
2019-09-25 05:36:56,572 [ForkJoinPool.commonPool-worker-1] INFO  util.JmxRegister (JmxRegister.java:unregister(73)) - Successfully un-registered JMX Bean with object name Ratis:service=RaftServer,group=group-C52DCAC42A3E,id=41c47655-c730-4efc-9be2-c06f510e0f0d
2019-09-25 05:36:56,573 [ForkJoinPool.commonPool-worker-1] INFO  impl.RoleInfo (RoleInfo.java:shutdownLeaderState(104)) - 41c47655-c730-4efc-9be2-c06f510e0f0d: shutdown LeaderState
2019-09-25 05:36:56,573 [main] INFO  server.GrpcService (GrpcService.java:closeImpl(172)) - 4b2f0759-f599-4d51-8475-2e6d9cd1aa69: shutdown server with port 45682 successfully
2019-09-25 05:36:56,573 [ForkJoinPool.commonPool-worker-1] INFO  impl.PendingRequests (PendingRequests.java:sendNotLeaderResponses(202)) - 41c47655-c730-4efc-9be2-c06f510e0f0d-PendingRequests: sendNotLeaderResponses
2019-09-25 05:36:56,574 [ForkJoinPool.commonPool-worker-1] INFO  impl.StateMachineUpdater (StateMachineUpdater.java:stopAndJoin(125)) - 41c47655-c730-4efc-9be2-c06f510e0f0d@group-C52DCAC42A3E-StateMachineUpdater: set stopIndex = 0
2019-09-25 05:36:56,575 [ForkJoinPool.commonPool-worker-1] INFO  impl.RaftServerImpl (ServerState.java:close(385)) - 41c47655-c730-4efc-9be2-c06f510e0f0d@group-C52DCAC42A3E: closes. applyIndex: 0
2019-09-25 05:36:56,575 [41c47655-c730-4efc-9be2-c06f510e0f0d@group-C52DCAC42A3E-SegmentedRaftLogWorker] INFO  segmented.SegmentedRaftLogWorker (SegmentedRaftLogWorker.java:run(313)) - 41c47655-c730-4efc-9be2-c06f510e0f0d@group-C52DCAC42A3E-SegmentedRaftLogWorker was interrupted, exiting. There are 0 tasks remaining in the queue.
2019-09-25 05:36:56,575 [ForkJoinPool.commonPool-worker-1] INFO  segmented.SegmentedRaftLogWorker (SegmentedRaftLogWorker.java:close(228)) - 41c47655-c730-4efc-9be2-c06f510e0f0d@group-C52DCAC42A3E-SegmentedRaftLogWorker close()
2019-09-25 05:36:56,575 [ForkJoinPool.commonPool-worker-1] INFO  impl.RaftServerImpl (RaftServerImpl.java:lambda$shutdown$3(251)) - 41c47655-c730-4efc-9be2-c06f510e0f0d@group-37D0686665B3: shutdown
2019-09-25 05:36:56,576 [ForkJoinPool.commonPool-worker-1] INFO  util.JmxRegister (JmxRegister.java:unregister(73)) - Successfully un-registered JMX Bean with object name Ratis:service=RaftServer,group=group-37D0686665B3,id=41c47655-c730-4efc-9be2-c06f510e0f0d
2019-09-25 05:36:56,576 [ForkJoinPool.commonPool-worker-1] INFO  impl.RoleInfo (RoleInfo.java:shutdownLeaderState(104)) - 41c47655-c730-4efc-9be2-c06f510e0f0d: shutdown LeaderState
2019-09-25 05:36:56,576 [ForkJoinPool.commonPool-worker-1] INFO  impl.PendingRequests (PendingRequests.java:sendNotLeaderResponses(202)) - 41c47655-c730-4efc-9be2-c06f510e0f0d-PendingRequests: sendNotLeaderResponses
2019-09-25 05:36:56,579 [ForkJoinPool.commonPool-worker-1] INFO  impl.StateMachineUpdater (StateMachineUpdater.java:stopAndJoin(125)) - 41c47655-c730-4efc-9be2-c06f510e0f0d@group-37D0686665B3-StateMachineUpdater: set stopIndex = 0
2019-09-25 05:36:56,579 [ForkJoinPool.commonPool-worker-1] INFO  impl.RaftServerImpl (ServerState.java:close(385)) - 41c47655-c730-4efc-9be2-c06f510e0f0d@group-37D0686665B3: closes. applyIndex: 0
2019-09-25 05:36:56,579 [refreshUsed-/workdir/hadoop-ozone/integration-test/target/test-dir/MiniOzoneClusterImpl-29dc12d8-8e72-470a-a134-d73b6532f6c9/datanode-3/data/containers] WARN  fs.CachingGetSpaceUsed (CachingGetSpaceUsed.java:run(183)) - Thread Interrupted waiting to refresh disk information: sleep interrupted
2019-09-25 05:36:56,580 [41c47655-c730-4efc-9be2-c06f510e0f0d@group-37D0686665B3-SegmentedRaftLogWorker] INFO  segmented.SegmentedRaftLogWorker (SegmentedRaftLogWorker.java:run(313)) - 41c47655-c730-4efc-9be2-c06f510e0f0d@group-37D0686665B3-SegmentedRaftLogWorker was interrupted, exiting. There are 0 tasks remaining in the queue.
2019-09-25 05:36:56,580 [ForkJoinPool.commonPool-worker-1] INFO  segmented.SegmentedRaftLogWorker (SegmentedRaftLogWorker.java:close(228)) - 41c47655-c730-4efc-9be2-c06f510e0f0d@group-37D0686665B3-SegmentedRaftLogWorker close()
2019-09-25 05:36:56,580 [ForkJoinPool.commonPool-worker-1] INFO  impl.RaftServerImpl (RaftServerImpl.java:lambda$shutdown$3(251)) - 41c47655-c730-4efc-9be2-c06f510e0f0d@group-5CFAC3785330: shutdown
2019-09-25 05:36:56,581 [ForkJoinPool.commonPool-worker-1] INFO  util.JmxRegister (JmxRegister.java:unregister(73)) - Successfully un-registered JMX Bean with object name Ratis:service=RaftServer,group=group-5CFAC3785330,id=41c47655-c730-4efc-9be2-c06f510e0f0d
2019-09-25 05:36:56,581 [ForkJoinPool.commonPool-worker-1] INFO  impl.RoleInfo (RoleInfo.java:shutdownLeaderState(104)) - 41c47655-c730-4efc-9be2-c06f510e0f0d: shutdown LeaderState
2019-09-25 05:36:56,581 [ForkJoinPool.commonPool-worker-1] INFO  impl.PendingRequests (PendingRequests.java:sendNotLeaderResponses(202)) - 41c47655-c730-4efc-9be2-c06f510e0f0d-PendingRequests: sendNotLeaderResponses
2019-09-25 05:36:56,581 [ForkJoinPool.commonPool-worker-1] INFO  impl.StateMachineUpdater (StateMachineUpdater.java:stopAndJoin(125)) - 41c47655-c730-4efc-9be2-c06f510e0f0d@group-5CFAC3785330-StateMachineUpdater: set stopIndex = 0
2019-09-25 05:36:56,582 [ForkJoinPool.commonPool-worker-1] INFO  impl.RaftServerImpl (ServerState.java:close(385)) - 41c47655-c730-4efc-9be2-c06f510e0f0d@group-5CFAC3785330: closes. applyIndex: 0
2019-09-25 05:36:56,582 [41c47655-c730-4efc-9be2-c06f510e0f0d@group-5CFAC3785330-SegmentedRaftLogWorker] INFO  segmented.SegmentedRaftLogWorker (SegmentedRaftLogWorker.java:run(313)) - 41c47655-c730-4efc-9be2-c06f510e0f0d@group-5CFAC3785330-SegmentedRaftLogWorker was interrupted, exiting. There are 0 tasks remaining in the queue.
2019-09-25 05:36:56,582 [ForkJoinPool.commonPool-worker-1] INFO  segmented.SegmentedRaftLogWorker (SegmentedRaftLogWorker.java:close(228)) - 41c47655-c730-4efc-9be2-c06f510e0f0d@group-5CFAC3785330-SegmentedRaftLogWorker close()
2019-09-25 05:36:56,582 [ForkJoinPool.commonPool-worker-1] INFO  server.GrpcService (GrpcService.java:closeImpl(164)) - 41c47655-c730-4efc-9be2-c06f510e0f0d: shutdown server with port 35700 now
2019-09-25 05:36:56,584 [ForkJoinPool.commonPool-worker-1] INFO  server.GrpcService (GrpcService.java:closeImpl(172)) - 41c47655-c730-4efc-9be2-c06f510e0f0d: shutdown server with port 35700 successfully
2019-09-25 05:36:56,587 [refreshUsed-/workdir/hadoop-ozone/integration-test/target/test-dir/MiniOzoneClusterImpl-29dc12d8-8e72-470a-a134-d73b6532f6c9/datanode-0/data/containers] WARN  fs.CachingGetSpaceUsed (CachingGetSpaceUsed.java:run(183)) - Thread Interrupted waiting to refresh disk information: sleep interrupted
2019-09-25 05:36:56,600 [main] INFO  utils.BackgroundService (BackgroundService.java:shutdown(148)) - Shutting down service BlockDeletingService
2019-09-25 05:36:56,608 [main] INFO  statemachine.DatanodeStateMachine (DatanodeStateMachine.java:stopDaemon(395)) - Ozone container server stopped.
2019-09-25 05:36:56,610 [main] INFO  handler.ContextHandler (ContextHandler.java:doStop(910)) - Stopped o.e.j.w.WebAppContext@670b3ca{/,null,UNAVAILABLE}{/hddsDatanode}
2019-09-25 05:36:56,611 [main] INFO  server.AbstractConnector (AbstractConnector.java:doStop(318)) - Stopped ServerConnector@24a86066{HTTP/1.1,[http/1.1]}{0.0.0.0:0}
2019-09-25 05:36:56,611 [main] INFO  handler.ContextHandler (ContextHandler.java:doStop(910)) - Stopped o.e.j.s.ServletContextHandler@7f6874f2{/static,jar:file:/home/user/.m2/repository/org/apache/hadoop/hadoop-hdds-container-service/0.5.0-SNAPSHOT/hadoop-hdds-container-service-0.5.0-SNAPSHOT.jar!/webapps/static,UNAVAILABLE}
2019-09-25 05:36:56,612 [main] INFO  handler.ContextHandler (ContextHandler.java:doStop(910)) - Stopped o.e.j.s.ServletContextHandler@48976e6d{/logs,file:///workdir/hadoop-ozone/integration-test/target/log,UNAVAILABLE}
2019-09-25 05:36:56,613 [ForkJoinPool.commonPool-worker-1] INFO  utils.BackgroundService (BackgroundService.java:shutdown(148)) - Shutting down service BlockDeletingService
2019-09-25 05:36:56,615 [ForkJoinPool.commonPool-worker-1] INFO  statemachine.DatanodeStateMachine (DatanodeStateMachine.java:stopDaemon(395)) - Ozone container server stopped.
2019-09-25 05:36:56,618 [ForkJoinPool.commonPool-worker-1] INFO  handler.ContextHandler (ContextHandler.java:doStop(910)) - Stopped o.e.j.w.WebAppContext@4993febc{/,null,UNAVAILABLE}{/hddsDatanode}
2019-09-25 05:36:56,618 [ForkJoinPool.commonPool-worker-1] INFO  server.AbstractConnector (AbstractConnector.java:doStop(318)) - Stopped ServerConnector@7601bc96{HTTP/1.1,[http/1.1]}{0.0.0.0:0}
2019-09-25 05:36:56,619 [ForkJoinPool.commonPool-worker-1] INFO  handler.ContextHandler (ContextHandler.java:doStop(910)) - Stopped o.e.j.s.ServletContextHandler@c2584d3{/static,jar:file:/home/user/.m2/repository/org/apache/hadoop/hadoop-hdds-container-service/0.5.0-SNAPSHOT/hadoop-hdds-container-service-0.5.0-SNAPSHOT.jar!/webapps/static,UNAVAILABLE}
2019-09-25 05:36:56,620 [ForkJoinPool.commonPool-worker-1] INFO  handler.ContextHandler (ContextHandler.java:doStop(910)) - Stopped o.e.j.s.ServletContextHandler@4cb2918c{/logs,file:///workdir/hadoop-ozone/integration-test/target/log,UNAVAILABLE}
2019-09-25 05:36:56,621 [main] INFO  ozone.MiniOzoneClusterImpl (MiniOzoneClusterImpl.java:stopSCM(392)) - Stopping the StorageContainerManager
2019-09-25 05:36:56,621 [main] INFO  server.StorageContainerManager (StorageContainerManager.java:stop(808)) - Stopping Replication Manager Service.
2019-09-25 05:36:56,621 [main] INFO  container.ReplicationManager (ReplicationManager.java:stop(204)) - Stopping Replication Monitor Thread.
2019-09-25 05:36:56,621 [main] INFO  server.StorageContainerManager (StorageContainerManager.java:stop(815)) - Stopping Lease Manager of the command watchers
2019-09-25 05:36:56,622 [main] INFO  server.StorageContainerManager (StorageContainerManager.java:stop(822)) - Stopping datanode service RPC server
2019-09-25 05:36:56,622 [main] INFO  server.SCMDatanodeProtocolServer (SCMDatanodeProtocolServer.java:stop(367)) - Stopping the RPC server for DataNodes
2019-09-25 05:36:56,622 [main] INFO  ipc.Server (Server.java:stop(3082)) - Stopping server on 46048
2019-09-25 05:36:56,625 [IPC Server listener on 46048] INFO  ipc.Server (Server.java:run(1185)) - Stopping IPC Server listener on 46048
2019-09-25 05:36:56,626 [IPC Server Responder] INFO  ipc.Server (Server.java:run(1319)) - Stopping IPC Server Responder
2019-09-25 05:36:56,636 [SCM Heartbeat Processing Thread - 0] WARN  node.NodeStateManager (NodeStateManager.java:scheduleNextHealthCheck(655)) - Current Thread is interrupted, shutting down HB processing thread for Node Manager.
2019-09-25 05:36:56,636 [main] INFO  server.StorageContainerManager (StorageContainerManager.java:stop(830)) - Stopping block service RPC server
2019-09-25 05:36:56,636 [main] INFO  server.SCMBlockProtocolServer (SCMBlockProtocolServer.java:stop(155)) - Stopping the RPC server for Block Protocol
2019-09-25 05:36:56,637 [main] INFO  ipc.Server (Server.java:stop(3082)) - Stopping server on 35688
2019-09-25 05:36:56,638 [IPC Server listener on 35688] INFO  ipc.Server (Server.java:run(1185)) - Stopping IPC Server listener on 35688
2019-09-25 05:36:56,638 [main] INFO  server.StorageContainerManager (StorageContainerManager.java:stop(837)) - Stopping the StorageContainerLocationProtocol RPC server
2019-09-25 05:36:56,639 [IPC Server Responder] INFO  ipc.Server (Server.java:run(1319)) - Stopping IPC Server Responder
2019-09-25 05:36:56,640 [main] INFO  server.SCMClientProtocolServer (SCMClientProtocolServer.java:stop(159)) - Stopping the RPC server for Client Protocol
2019-09-25 05:36:56,640 [main] INFO  ipc.Server (Server.java:stop(3082)) - Stopping server on 33518
2019-09-25 05:36:56,642 [IPC Server listener on 33518] INFO  ipc.Server (Server.java:run(1185)) - Stopping IPC Server listener on 33518
2019-09-25 05:36:56,642 [main] INFO  server.StorageContainerManager (StorageContainerManager.java:stop(844)) - Stopping Storage Container Manager HTTP server.
2019-09-25 05:36:56,644 [IPC Server Responder] INFO  ipc.Server (Server.java:run(1319)) - Stopping IPC Server Responder
2019-09-25 05:36:56,646 [main] INFO  handler.ContextHandler (ContextHandler.java:doStop(910)) - Stopped o.e.j.w.WebAppContext@69f63d95{/,null,UNAVAILABLE}{/scm}
2019-09-25 05:36:56,647 [main] INFO  server.AbstractConnector (AbstractConnector.java:doStop(318)) - Stopped ServerConnector@72c927f1{HTTP/1.1,[http/1.1]}{0.0.0.0:0}
2019-09-25 05:36:56,647 [main] INFO  handler.ContextHandler (ContextHandler.java:doStop(910)) - Stopped o.e.j.s.ServletContextHandler@71cf1b07{/static,file:///workdir/hadoop-ozone/integration-test/target/test-classes/webapps/static,UNAVAILABLE}
2019-09-25 05:36:56,648 [main] INFO  handler.ContextHandler (ContextHandler.java:doStop(910)) - Stopped o.e.j.s.ServletContextHandler@3e821657{/logs,file:///workdir/hadoop-ozone/integration-test/target/log,UNAVAILABLE}
2019-09-25 05:36:56,650 [main] INFO  server.StorageContainerManager (StorageContainerManager.java:stop(855)) - Stopping Block Manager Service.
2019-09-25 05:36:56,650 [main] INFO  utils.BackgroundService (BackgroundService.java:shutdown(148)) - Shutting down service SCMBlockDeletingService
2019-09-25 05:36:56,651 [main] INFO  utils.BackgroundService (BackgroundService.java:shutdown(148)) - Shutting down service SCMBlockDeletingService
2019-09-25 05:36:56,651 [main] INFO  server.StorageContainerManager (StorageContainerManager.java:stop(877)) - Stopping SCM Event Queue.
2019-09-25 05:36:56,743 [main] INFO  impl.MetricsSystemImpl (MetricsSystemImpl.java:stop(210)) - Stopping HddsDatanode metrics system...
2019-09-25 05:36:56,759 [prometheus] INFO  impl.MetricsSinkAdapter (MetricsSinkAdapter.java:publishMetricsFromQueue(141)) - prometheus thread interrupted.
2019-09-25 05:36:56,759 [main] INFO  impl.MetricsSystemImpl (MetricsSystemImpl.java:stop(216)) - HddsDatanode metrics system stopped.
]]></system-out>
    <system-err><![CDATA[ERROR StatusLogger No Log4j 2 configuration file found. Using default configuration (logging only errors to the console), or user programmatically provided configurations. Set system property 'log4j2.debug' to show Log4j 2 internal initialization logging. See https://logging.apache.org/log4j/2.x/manual/configuration.html for instructions on how to configure Log4j 2
]]></system-err>
  </testcase>
</testsuite>