<?xml version="1.0" encoding="UTF-8"?>
<testsuite xmlns:xsi="http://www.w3.org/2001/XMLSchema-instance" xsi:noNamespaceSchemaLocation="https://maven.apache.org/surefire/maven-surefire-plugin/xsd/surefire-test-report.xsd" name="org.apache.hadoop.ozone.client.rpc.TestMultiBlockWritesWithDnFailures" time="91.583" tests="2" errors="1" skipped="0" failures="0">
  <properties>
    <property name="awt.toolkit" value="sun.awt.X11.XToolkit"/>
    <property name="file.encoding.pkg" value="sun.io"/>
    <property name="java.specification.version" value="1.8"/>
    <property name="sun.cpu.isalist" value=""/>
    <property name="sun.jnu.encoding" value="UTF-8"/>
    <property name="java.class.path" value="/workdir/hadoop-ozone/integration-test/target/test-classes:/workdir/hadoop-ozone/integration-test/target/classes:/home/user/.m2/repository/org/apache/hadoop/hadoop-ozone-common/0.5.0-SNAPSHOT/hadoop-ozone-common-0.5.0-SNAPSHOT.jar:/home/user/.m2/repository/org/apache/commons/commons-compress/1.4.1/commons-compress-1.4.1.jar:/home/user/.m2/repository/org/tukaani/xz/1.0/xz-1.0.jar:/home/user/.m2/repository/org/apache/hadoop/hadoop-common/3.2.0/hadoop-common-3.2.0.jar:/home/user/.m2/repository/org/apache/hadoop/hadoop-hdfs/3.2.0/hadoop-hdfs-3.2.0.jar:/home/user/.m2/repository/org/apache/hadoop/hadoop-hdfs-client/3.2.0/hadoop-hdfs-client-3.2.0.jar:/home/user/.m2/repository/com/fasterxml/jackson/core/jackson-annotations/2.9.9/jackson-annotations-2.9.9.jar:/home/user/.m2/repository/org/apache/hadoop/hadoop-hdds-common/0.5.0-SNAPSHOT/hadoop-hdds-common-0.5.0-SNAPSHOT.jar:/home/user/.m2/repository/javax/annotation/javax.annotation-api/1.2/javax.annotation-api-1.2.jar:/home/user/.m2/repository/org/apache/ratis/ratis-server/0.4.0/ratis-server-0.4.0.jar:/home/user/.m2/repository/org/apache/ratis/ratis-thirdparty-misc/0.2.0/ratis-thirdparty-misc-0.2.0.jar:/home/user/.m2/repository/org/apache/ratis/ratis-proto/0.4.0/ratis-proto-0.4.0.jar:/home/user/.m2/repository/org/apache/ratis/ratis-common/0.4.0/ratis-common-0.4.0.jar:/home/user/.m2/repository/org/apache/ratis/ratis-client/0.4.0/ratis-client-0.4.0.jar:/home/user/.m2/repository/org/apache/ratis/ratis-metrics/0.4.0/ratis-metrics-0.4.0.jar:/home/user/.m2/repository/com/github/joshelser/dropwizard-metrics-hadoop-metrics2-reporter/0.1.2/dropwizard-metrics-hadoop-metrics2-reporter-0.1.2.jar:/home/user/.m2/repository/io/dropwizard/metrics/metrics-jvm/3.2.5/metrics-jvm-3.2.5.jar:/home/user/.m2/repository/io/dropwizard/metrics/metrics-ganglia/3.2.5/metrics-ganglia-3.2.5.jar:/home/user/.m2/repository/info/ganglia/gmetric4j/gmetric4j/1.0.7/gmetric4j-1.0.7.jar:/home/user/.m2/repository/org/apache/ratis/ratis-netty/0.4.0/ratis-netty-0.4.0.jar:/home/user/.m2/repository/org/apache/ratis/ratis-grpc/0.4.0/ratis-grpc-0.4.0.jar:/home/user/.m2/repository/org/rocksdb/rocksdbjni/6.0.1/rocksdbjni-6.0.1.jar:/home/user/.m2/repository/org/apache/logging/log4j/log4j-api/2.11.0/log4j-api-2.11.0.jar:/home/user/.m2/repository/org/apache/logging/log4j/log4j-core/2.11.0/log4j-core-2.11.0.jar:/home/user/.m2/repository/com/lmax/disruptor/3.4.2/disruptor-3.4.2.jar:/home/user/.m2/repository/org/apache/commons/commons-pool2/2.6.0/commons-pool2-2.6.0.jar:/home/user/.m2/repository/org/bouncycastle/bcpkix-jdk15on/1.60/bcpkix-jdk15on-1.60.jar:/home/user/.m2/repository/commons-validator/commons-validator/1.6/commons-validator-1.6.jar:/home/user/.m2/repository/commons-digester/commons-digester/1.8.1/commons-digester-1.8.1.jar:/home/user/.m2/repository/io/jaegertracing/jaeger-client/0.34.0/jaeger-client-0.34.0.jar:/home/user/.m2/repository/io/jaegertracing/jaeger-thrift/0.34.0/jaeger-thrift-0.34.0.jar:/home/user/.m2/repository/org/apache/thrift/libthrift/0.12.0/libthrift-0.12.0.jar:/home/user/.m2/repository/com/squareup/okhttp3/okhttp/3.9.0/okhttp-3.9.0.jar:/home/user/.m2/repository/com/squareup/okio/okio/1.13.0/okio-1.13.0.jar:/home/user/.m2/repository/io/jaegertracing/jaeger-core/0.34.0/jaeger-core-0.34.0.jar:/home/user/.m2/repository/io/jaegertracing/jaeger-tracerresolver/0.34.0/jaeger-tracerresolver-0.34.0.jar:/home/user/.m2/repository/io/opentracing/contrib/opentracing-tracerresolver/0.1.5/opentracing-tracerresolver-0.1.5.jar:/home/user/.m2/repository/io/opentracing/opentracing-util/0.31.0/opentracing-util-0.31.0.jar:/home/user/.m2/repository/io/opentracing/opentracing-api/0.31.0/opentracing-api-0.31.0.jar:/home/user/.m2/repository/io/opentracing/opentracing-noop/0.31.0/opentracing-noop-0.31.0.jar:/home/user/.m2/repository/org/apache/hadoop/hadoop-hdds-server-framework/0.5.0-SNAPSHOT/hadoop-hdds-server-framework-0.5.0-SNAPSHOT.jar:/home/user/.m2/repository/org/apache/hadoop/hadoop-hdds-container-service/0.5.0-SNAPSHOT/hadoop-hdds-container-service-0.5.0-SNAPSHOT.jar:/home/user/.m2/repository/org/apache/hadoop/hadoop-hdds-client/0.5.0-SNAPSHOT/hadoop-hdds-client-0.5.0-SNAPSHOT.jar:/home/user/.m2/repository/org/apache/hadoop/hadoop-hdds-tools/0.5.0-SNAPSHOT/hadoop-hdds-tools-0.5.0-SNAPSHOT.jar:/home/user/.m2/repository/org/apache/hadoop/hadoop-hdds-server-scm/0.5.0-SNAPSHOT/hadoop-hdds-server-scm-0.5.0-SNAPSHOT.jar:/home/user/.m2/repository/org/apache/hadoop/hadoop-hdds-docs/0.5.0-SNAPSHOT/hadoop-hdds-docs-0.5.0-SNAPSHOT.jar:/home/user/.m2/repository/io/dropwizard/metrics/metrics-core/3.2.4/metrics-core-3.2.4.jar:/home/user/.m2/repository/org/hamcrest/hamcrest-all/1.3/hamcrest-all-1.3.jar:/home/user/.m2/repository/org/bouncycastle/bcprov-jdk15on/1.60/bcprov-jdk15on-1.60.jar:/home/user/.m2/repository/info/picocli/picocli/3.9.6/picocli-3.9.6.jar:/home/user/.m2/repository/com/google/protobuf/protobuf-java/2.5.0/protobuf-java-2.5.0.jar:/home/user/.m2/repository/com/google/guava/guava/11.0.2/guava-11.0.2.jar:/home/user/.m2/repository/org/apache/hadoop/hadoop-ozone-ozone-manager/0.5.0-SNAPSHOT/hadoop-ozone-ozone-manager-0.5.0-SNAPSHOT.jar:/home/user/.m2/repository/org/apache/hadoop/hadoop-minikdc/3.2.0/hadoop-minikdc-3.2.0.jar:/home/user/.m2/repository/commons-io/commons-io/2.5/commons-io-2.5.jar:/home/user/.m2/repository/org/apache/kerby/kerb-simplekdc/1.0.1/kerb-simplekdc-1.0.1.jar:/home/user/.m2/repository/org/apache/kerby/kerb-client/1.0.1/kerb-client-1.0.1.jar:/home/user/.m2/repository/org/apache/kerby/kerby-config/1.0.1/kerby-config-1.0.1.jar:/home/user/.m2/repository/org/apache/kerby/kerb-core/1.0.1/kerb-core-1.0.1.jar:/home/user/.m2/repository/org/apache/kerby/kerby-pkix/1.0.1/kerby-pkix-1.0.1.jar:/home/user/.m2/repository/org/apache/kerby/kerby-asn1/1.0.1/kerby-asn1-1.0.1.jar:/home/user/.m2/repository/org/apache/kerby/kerby-util/1.0.1/kerby-util-1.0.1.jar:/home/user/.m2/repository/org/apache/kerby/kerb-common/1.0.1/kerb-common-1.0.1.jar:/home/user/.m2/repository/org/apache/kerby/kerb-crypto/1.0.1/kerb-crypto-1.0.1.jar:/home/user/.m2/repository/org/apache/kerby/kerb-util/1.0.1/kerb-util-1.0.1.jar:/home/user/.m2/repository/org/apache/kerby/token-provider/1.0.1/token-provider-1.0.1.jar:/home/user/.m2/repository/org/apache/kerby/kerb-admin/1.0.1/kerb-admin-1.0.1.jar:/home/user/.m2/repository/org/apache/kerby/kerb-server/1.0.1/kerb-server-1.0.1.jar:/home/user/.m2/repository/org/apache/kerby/kerb-identity/1.0.1/kerb-identity-1.0.1.jar:/home/user/.m2/repository/org/apache/kerby/kerby-xdr/1.0.1/kerby-xdr-1.0.1.jar:/home/user/.m2/repository/org/slf4j/slf4j-log4j12/1.7.25/slf4j-log4j12-1.7.25.jar:/home/user/.m2/repository/org/apache/hadoop/hadoop-ozone-s3gateway/0.5.0-SNAPSHOT/hadoop-ozone-s3gateway-0.5.0-SNAPSHOT.jar:/home/user/.m2/repository/org/jboss/weld/servlet/weld-servlet/2.4.7.Final/weld-servlet-2.4.7.Final.jar:/home/user/.m2/repository/org/glassfish/jersey/containers/jersey-container-servlet-core/2.27/jersey-container-servlet-core-2.27.jar:/home/user/.m2/repository/org/glassfish/hk2/external/javax.inject/2.5.0-b42/javax.inject-2.5.0-b42.jar:/home/user/.m2/repository/org/glassfish/jersey/core/jersey-common/2.27/jersey-common-2.27.jar:/home/user/.m2/repository/org/glassfish/hk2/osgi-resource-locator/1.0.1/osgi-resource-locator-1.0.1.jar:/home/user/.m2/repository/javax/ws/rs/javax.ws.rs-api/2.1/javax.ws.rs-api-2.1.jar:/home/user/.m2/repository/org/glassfish/jersey/ext/cdi/jersey-cdi1x/2.27/jersey-cdi1x-2.27.jar:/home/user/.m2/repository/org/glassfish/jersey/inject/jersey-hk2/2.27/jersey-hk2-2.27.jar:/home/user/.m2/repository/org/glassfish/hk2/hk2-locator/2.5.0-b42/hk2-locator-2.5.0-b42.jar:/home/user/.m2/repository/org/javassist/javassist/3.22.0-CR2/javassist-3.22.0-CR2.jar:/home/user/.m2/repository/org/glassfish/hk2/hk2-api/2.5.0/hk2-api-2.5.0.jar:/home/user/.m2/repository/org/glassfish/hk2/external/jakarta.inject/2.5.0/jakarta.inject-2.5.0.jar:/home/user/.m2/repository/org/glassfish/hk2/hk2-utils/2.5.0/hk2-utils-2.5.0.jar:/home/user/.m2/repository/jakarta/annotation/jakarta.annotation-api/1.3.4/jakarta.annotation-api-1.3.4.jar:/home/user/.m2/repository/org/glassfish/hk2/external/aopalliance-repackaged/2.5.0/aopalliance-repackaged-2.5.0.jar:/home/user/.m2/repository/com/fasterxml/jackson/dataformat/jackson-dataformat-xml/2.9.0/jackson-dataformat-xml-2.9.0.jar:/home/user/.m2/repository/com/fasterxml/jackson/core/jackson-core/2.9.9/jackson-core-2.9.9.jar:/home/user/.m2/repository/com/fasterxml/jackson/module/jackson-module-jaxb-annotations/2.9.9/jackson-module-jaxb-annotations-2.9.9.jar:/home/user/.m2/repository/javax/enterprise/cdi-api/1.2/cdi-api-1.2.jar:/home/user/.m2/repository/javax/el/javax.el-api/3.0.0/javax.el-api-3.0.0.jar:/home/user/.m2/repository/javax/interceptor/javax.interceptor-api/1.2/javax.interceptor-api-1.2.jar:/home/user/.m2/repository/javax/inject/javax.inject/1/javax.inject-1.jar:/home/user/.m2/repository/com/sun/xml/bind/jaxb-impl/2.3.0.1/jaxb-impl-2.3.0.1.jar:/home/user/.m2/repository/com/sun/xml/bind/jaxb-core/2.3.0.1/jaxb-core-2.3.0.1.jar:/home/user/.m2/repository/javax/xml/bind/jaxb-api/2.3.0/jaxb-api-2.3.0.jar:/home/user/.m2/repository/javax/activation/activation/1.1.1/activation-1.1.1.jar:/home/user/.m2/repository/org/apache/hadoop/hadoop-ozone-csi/0.5.0-SNAPSHOT/hadoop-ozone-csi-0.5.0-SNAPSHOT.jar:/home/user/.m2/repository/com/google/protobuf/protobuf-java-util/3.5.1/protobuf-java-util-3.5.1.jar:/home/user/.m2/repository/org/apache/hadoop/hadoop-hdds-config/0.5.0-SNAPSHOT/hadoop-hdds-config-0.5.0-SNAPSHOT.jar:/home/user/.m2/repository/io/grpc/grpc-netty/1.17.1/grpc-netty-1.17.1.jar:/home/user/.m2/repository/io/grpc/grpc-core/1.17.1/grpc-core-1.17.1.jar:/home/user/.m2/repository/io/grpc/grpc-context/1.17.1/grpc-context-1.17.1.jar:/home/user/.m2/repository/com/google/errorprone/error_prone_annotations/2.2.0/error_prone_annotations-2.2.0.jar:/home/user/.m2/repository/org/codehaus/mojo/animal-sniffer-annotations/1.17/animal-sniffer-annotations-1.17.jar:/home/user/.m2/repository/io/opencensus/opencensus-api/0.17.0/opencensus-api-0.17.0.jar:/home/user/.m2/repository/io/opencensus/opencensus-contrib-grpc-metrics/0.17.0/opencensus-contrib-grpc-metrics-0.17.0.jar:/home/user/.m2/repository/io/netty/netty-codec-http2/4.1.30.Final/netty-codec-http2-4.1.30.Final.jar:/home/user/.m2/repository/io/netty/netty-codec-http/4.1.30.Final/netty-codec-http-4.1.30.Final.jar:/home/user/.m2/repository/io/netty/netty-codec/4.1.30.Final/netty-codec-4.1.30.Final.jar:/home/user/.m2/repository/io/netty/netty-handler/4.1.30.Final/netty-handler-4.1.30.Final.jar:/home/user/.m2/repository/io/netty/netty-handler-proxy/4.1.30.Final/netty-handler-proxy-4.1.30.Final.jar:/home/user/.m2/repository/io/netty/netty-codec-socks/4.1.30.Final/netty-codec-socks-4.1.30.Final.jar:/home/user/.m2/repository/io/netty/netty-transport-native-epoll/4.1.30.Final/netty-transport-native-epoll-4.1.30.Final.jar:/home/user/.m2/repository/io/netty/netty-common/4.1.30.Final/netty-common-4.1.30.Final.jar:/home/user/.m2/repository/io/netty/netty-buffer/4.1.30.Final/netty-buffer-4.1.30.Final.jar:/home/user/.m2/repository/io/netty/netty-transport/4.1.30.Final/netty-transport-4.1.30.Final.jar:/home/user/.m2/repository/io/netty/netty-resolver/4.1.30.Final/netty-resolver-4.1.30.Final.jar:/home/user/.m2/repository/io/netty/netty-transport-native-unix-common/4.1.30.Final/netty-transport-native-unix-common-4.1.30.Final.jar:/home/user/.m2/repository/io/grpc/grpc-protobuf/1.17.1/grpc-protobuf-1.17.1.jar:/home/user/.m2/repository/com/google/api/grpc/proto-google-common-protos/1.0.0/proto-google-common-protos-1.0.0.jar:/home/user/.m2/repository/io/grpc/grpc-protobuf-lite/1.17.1/grpc-protobuf-lite-1.17.1.jar:/home/user/.m2/repository/io/grpc/grpc-stub/1.17.1/grpc-stub-1.17.1.jar:/home/user/.m2/repository/org/apache/hadoop/hadoop-ozone-recon/0.5.0-SNAPSHOT/hadoop-ozone-recon-0.5.0-SNAPSHOT.jar:/home/user/.m2/repository/org/apache/hadoop/hadoop-ozone-reconcodegen/0.5.0-SNAPSHOT/hadoop-ozone-reconcodegen-0.5.0-SNAPSHOT.jar:/home/user/.m2/repository/com/google/inject/extensions/guice-multibindings/4.0/guice-multibindings-4.0.jar:/home/user/.m2/repository/com/google/inject/guice/4.0/guice-4.0.jar:/home/user/.m2/repository/aopalliance/aopalliance/1.0/aopalliance-1.0.jar:/home/user/.m2/repository/com/google/inject/extensions/guice-servlet/4.0/guice-servlet-4.0.jar:/home/user/.m2/repository/org/glassfish/jersey/containers/jersey-container-servlet/2.27/jersey-container-servlet-2.27.jar:/home/user/.m2/repository/org/glassfish/hk2/guice-bridge/2.5.0/guice-bridge-2.5.0.jar:/home/user/.m2/repository/org/glassfish/jersey/core/jersey-server/2.27/jersey-server-2.27.jar:/home/user/.m2/repository/org/glassfish/jersey/core/jersey-client/2.27/jersey-client-2.27.jar:/home/user/.m2/repository/org/glassfish/jersey/media/jersey-media-jaxb/2.27/jersey-media-jaxb-2.27.jar:/home/user/.m2/repository/javax/validation/validation-api/1.1.0.Final/validation-api-1.1.0.Final.jar:/home/user/.m2/repository/org/glassfish/jersey/media/jersey-media-json-jackson/2.27/jersey-media-json-jackson-2.27.jar:/home/user/.m2/repository/org/glassfish/jersey/ext/jersey-entity-filtering/2.27/jersey-entity-filtering-2.27.jar:/home/user/.m2/repository/com/google/inject/extensions/guice-assistedinject/4.0/guice-assistedinject-4.0.jar:/home/user/.m2/repository/org/jooq/jooq/3.11.10/jooq-3.11.10.jar:/home/user/.m2/repository/org/jooq/jooq-meta/3.11.10/jooq-meta-3.11.10.jar:/home/user/.m2/repository/org/jooq/jooq-codegen/3.11.10/jooq-codegen-3.11.10.jar:/home/user/.m2/repository/com/jolbox/bonecp/0.8.0.RELEASE/bonecp-0.8.0.RELEASE.jar:/home/user/.m2/repository/org/xerial/sqlite-jdbc/3.25.2/sqlite-jdbc-3.25.2.jar:/home/user/.m2/repository/org/springframework/spring-jdbc/5.1.3.RELEASE/spring-jdbc-5.1.3.RELEASE.jar:/home/user/.m2/repository/org/springframework/spring-beans/5.1.3.RELEASE/spring-beans-5.1.3.RELEASE.jar:/home/user/.m2/repository/org/springframework/spring-core/5.1.3.RELEASE/spring-core-5.1.3.RELEASE.jar:/home/user/.m2/repository/org/springframework/spring-jcl/5.1.3.RELEASE/spring-jcl-5.1.3.RELEASE.jar:/home/user/.m2/repository/org/springframework/spring-tx/5.1.3.RELEASE/spring-tx-5.1.3.RELEASE.jar:/home/user/.m2/repository/org/apache/hadoop/hadoop-ozone-client/0.5.0-SNAPSHOT/hadoop-ozone-client-0.5.0-SNAPSHOT.jar:/home/user/.m2/repository/commons-lang/commons-lang/2.6/commons-lang-2.6.jar:/home/user/.m2/repository/org/apache/hadoop/hadoop-ozone-ozone-manager/0.5.0-SNAPSHOT/hadoop-ozone-ozone-manager-0.5.0-SNAPSHOT-tests.jar:/home/user/.m2/repository/junit/junit/4.11/junit-4.11.jar:/home/user/.m2/repository/org/hamcrest/hamcrest-core/1.3/hamcrest-core-1.3.jar:/home/user/.m2/repository/org/openjdk/jmh/jmh-core/1.19/jmh-core-1.19.jar:/home/user/.m2/repository/net/sf/jopt-simple/jopt-simple/4.6/jopt-simple-4.6.jar:/home/user/.m2/repository/org/apache/commons/commons-math3/3.1.1/commons-math3-3.1.1.jar:/home/user/.m2/repository/org/openjdk/jmh/jmh-generator-annprocess/1.19/jmh-generator-annprocess-1.19.jar:/home/user/.m2/repository/org/mockito/mockito-all/1.8.5/mockito-all-1.8.5.jar:/home/user/.m2/repository/org/apache/hadoop/hadoop-kms/3.2.0/hadoop-kms-3.2.0.jar:/home/user/.m2/repository/org/apache/hadoop/hadoop-auth/3.2.0/hadoop-auth-3.2.0.jar:/home/user/.m2/repository/com/nimbusds/nimbus-jose-jwt/4.41.1/nimbus-jose-jwt-4.41.1.jar:/home/user/.m2/repository/com/github/stephenc/jcip/jcip-annotations/1.0-1/jcip-annotations-1.0-1.jar:/home/user/.m2/repository/net/minidev/json-smart/2.3/json-smart-2.3.jar:/home/user/.m2/repository/net/minidev/accessors-smart/1.2/accessors-smart-1.2.jar:/home/user/.m2/repository/org/ow2/asm/asm/5.0.4/asm-5.0.4.jar:/home/user/.m2/repository/org/apache/curator/curator-framework/2.12.0/curator-framework-2.12.0.jar:/home/user/.m2/repository/com/sun/jersey/jersey-core/1.19/jersey-core-1.19.jar:/home/user/.m2/repository/javax/ws/rs/jsr311-api/1.1.1/jsr311-api-1.1.1.jar:/home/user/.m2/repository/com/sun/jersey/jersey-server/1.19/jersey-server-1.19.jar:/home/user/.m2/repository/javax/servlet/javax.servlet-api/3.1.0/javax.servlet-api-3.1.0.jar:/home/user/.m2/repository/org/eclipse/jetty/jetty-server/9.3.25.v20180904/jetty-server-9.3.25.v20180904.jar:/home/user/.m2/repository/org/eclipse/jetty/jetty-http/9.3.25.v20180904/jetty-http-9.3.25.v20180904.jar:/home/user/.m2/repository/org/eclipse/jetty/jetty-io/9.3.25.v20180904/jetty-io-9.3.25.v20180904.jar:/home/user/.m2/repository/org/eclipse/jetty/jetty-webapp/9.3.25.v20180904/jetty-webapp-9.3.25.v20180904.jar:/home/user/.m2/repository/org/eclipse/jetty/jetty-xml/9.3.25.v20180904/jetty-xml-9.3.25.v20180904.jar:/home/user/.m2/repository/log4j/log4j/1.2.17/log4j-1.2.17.jar:/home/user/.m2/repository/org/slf4j/slf4j-api/1.7.25/slf4j-api-1.7.25.jar:/home/user/.m2/repository/org/slf4j/jul-to-slf4j/1.7.25/jul-to-slf4j-1.7.25.jar:/home/user/.m2/repository/org/eclipse/jetty/jetty-util/9.3.25.v20180904/jetty-util-9.3.25.v20180904.jar:/home/user/.m2/repository/com/fasterxml/jackson/core/jackson-databind/2.9.9/jackson-databind-2.9.9.jar:/home/user/.m2/repository/org/apache/hadoop/hadoop-kms/3.2.0/hadoop-kms-3.2.0-tests.jar:/home/user/.m2/repository/org/apache/hadoop/hadoop-hdds-server-scm/0.5.0-SNAPSHOT/hadoop-hdds-server-scm-0.5.0-SNAPSHOT-tests.jar:/home/user/.m2/repository/org/apache/hadoop/hadoop-hdds-container-service/0.5.0-SNAPSHOT/hadoop-hdds-container-service-0.5.0-SNAPSHOT-tests.jar:/home/user/.m2/repository/org/yaml/snakeyaml/1.16/snakeyaml-1.16.jar:/home/user/.m2/repository/org/apache/hadoop/hadoop-common/3.2.0/hadoop-common-3.2.0-tests.jar:/home/user/.m2/repository/org/apache/hadoop/hadoop-annotations/3.2.0/hadoop-annotations-3.2.0.jar:/usr/lib/jvm/java-1.8-openjdk/jre/../lib/tools.jar:/home/user/.m2/repository/commons-cli/commons-cli/1.2/commons-cli-1.2.jar:/home/user/.m2/repository/org/apache/httpcomponents/httpclient/4.5.2/httpclient-4.5.2.jar:/home/user/.m2/repository/org/apache/httpcomponents/httpcore/4.4.4/httpcore-4.4.4.jar:/home/user/.m2/repository/commons-codec/commons-codec/1.11/commons-codec-1.11.jar:/home/user/.m2/repository/commons-net/commons-net/3.6/commons-net-3.6.jar:/home/user/.m2/repository/commons-collections/commons-collections/3.2.2/commons-collections-3.2.2.jar:/home/user/.m2/repository/org/eclipse/jetty/jetty-servlet/9.3.25.v20180904/jetty-servlet-9.3.25.v20180904.jar:/home/user/.m2/repository/org/eclipse/jetty/jetty-security/9.3.25.v20180904/jetty-security-9.3.25.v20180904.jar:/home/user/.m2/repository/javax/servlet/jsp/jsp-api/2.1/jsp-api-2.1.jar:/home/user/.m2/repository/com/sun/jersey/jersey-servlet/1.19/jersey-servlet-1.19.jar:/home/user/.m2/repository/com/sun/jersey/jersey-json/1.19/jersey-json-1.19.jar:/home/user/.m2/repository/org/codehaus/jettison/jettison/1.1/jettison-1.1.jar:/home/user/.m2/repository/org/codehaus/jackson/jackson-core-asl/1.9.13/jackson-core-asl-1.9.13.jar:/home/user/.m2/repository/org/codehaus/jackson/jackson-mapper-asl/1.9.13/jackson-mapper-asl-1.9.13.jar:/home/user/.m2/repository/org/codehaus/jackson/jackson-jaxrs/1.9.13/jackson-jaxrs-1.9.13.jar:/home/user/.m2/repository/org/codehaus/jackson/jackson-xc/1.9.13/jackson-xc-1.9.13.jar:/home/user/.m2/repository/commons-logging/commons-logging/1.1.3/commons-logging-1.1.3.jar:/home/user/.m2/repository/commons-beanutils/commons-beanutils/1.9.4/commons-beanutils-1.9.4.jar:/home/user/.m2/repository/org/apache/commons/commons-configuration2/2.1.1/commons-configuration2-2.1.1.jar:/home/user/.m2/repository/org/apache/commons/commons-lang3/3.7/commons-lang3-3.7.jar:/home/user/.m2/repository/org/apache/commons/commons-text/1.4/commons-text-1.4.jar:/home/user/.m2/repository/org/apache/avro/avro/1.7.7/avro-1.7.7.jar:/home/user/.m2/repository/com/thoughtworks/paranamer/paranamer/2.3/paranamer-2.3.jar:/home/user/.m2/repository/org/xerial/snappy/snappy-java/1.0.5/snappy-java-1.0.5.jar:/home/user/.m2/repository/com/google/re2j/re2j/1.1/re2j-1.1.jar:/home/user/.m2/repository/com/google/code/gson/gson/2.2.4/gson-2.2.4.jar:/home/user/.m2/repository/com/jcraft/jsch/0.1.54/jsch-0.1.54.jar:/home/user/.m2/repository/org/apache/curator/curator-client/2.12.0/curator-client-2.12.0.jar:/home/user/.m2/repository/org/apache/curator/curator-recipes/2.12.0/curator-recipes-2.12.0.jar:/home/user/.m2/repository/com/google/code/findbugs/jsr305/3.0.0/jsr305-3.0.0.jar:/home/user/.m2/repository/org/apache/htrace/htrace-core4/4.1.0-incubating/htrace-core4-4.1.0-incubating.jar:/home/user/.m2/repository/org/apache/zookeeper/zookeeper/3.4.13/zookeeper-3.4.13.jar:/home/user/.m2/repository/jline/jline/0.9.94/jline-0.9.94.jar:/home/user/.m2/repository/org/apache/yetus/audience-annotations/0.5.0/audience-annotations-0.5.0.jar:/home/user/.m2/repository/org/codehaus/woodstox/stax2-api/3.1.4/stax2-api-3.1.4.jar:/home/user/.m2/repository/com/fasterxml/woodstox/woodstox-core/5.0.3/woodstox-core-5.0.3.jar:/home/user/.m2/repository/dnsjava/dnsjava/2.1.7/dnsjava-2.1.7.jar:/home/user/.m2/repository/org/apache/hadoop/hadoop-hdfs/3.2.0/hadoop-hdfs-3.2.0-tests.jar:/home/user/.m2/repository/org/eclipse/jetty/jetty-util-ajax/9.3.25.v20180904/jetty-util-ajax-9.3.25.v20180904.jar:/home/user/.m2/repository/commons-daemon/commons-daemon/1.0.13/commons-daemon-1.0.13.jar:/home/user/.m2/repository/io/netty/netty/3.10.5.Final/netty-3.10.5.Final.jar:/home/user/.m2/repository/io/netty/netty-all/4.0.52.Final/netty-all-4.0.52.Final.jar:/home/user/.m2/repository/org/fusesource/leveldbjni/leveldbjni-all/1.8/leveldbjni-all-1.8.jar:"/>
    <property name="java.vm.vendor" value="IcedTea"/>
    <property name="sun.arch.data.model" value="64"/>
    <property name="test.build.dir" value="/workdir/hadoop-ozone/integration-test/target/test-dir"/>
    <property name="test.cache.data" value=""/>
    <property name="java.vendor.url" value="https://icedtea.classpath.org"/>
    <property name="user.timezone" value=""/>
    <property name="java.vm.specification.version" value="1.8"/>
    <property name="os.name" value="Linux"/>
    <property name="test.build.data" value="/workdir/hadoop-ozone/integration-test/target/test-dir"/>
    <property name="user.country" value="US"/>
    <property name="sun.java.launcher" value="SUN_STANDARD"/>
    <property name="sun.boot.library.path" value="/usr/lib/jvm/java-1.8-openjdk/jre/lib/amd64"/>
    <property name="sun.java.command" value="/workdir/hadoop-ozone/integration-test/target/surefire/surefirebooter3504874825893614546.jar /workdir/hadoop-ozone/integration-test/target/surefire 2019-09-25T04-13-15_280-jvmRun1 surefire2105550698492430109tmp surefire_488474546502706265660tmp"/>
    <property name="test" value="!TestMiniChaosOzoneCluster"/>
    <property name="surefire.test.class.path" value="/workdir/hadoop-ozone/integration-test/target/test-classes:/workdir/hadoop-ozone/integration-test/target/classes:/home/user/.m2/repository/org/apache/hadoop/hadoop-ozone-common/0.5.0-SNAPSHOT/hadoop-ozone-common-0.5.0-SNAPSHOT.jar:/home/user/.m2/repository/org/apache/commons/commons-compress/1.4.1/commons-compress-1.4.1.jar:/home/user/.m2/repository/org/tukaani/xz/1.0/xz-1.0.jar:/home/user/.m2/repository/org/apache/hadoop/hadoop-common/3.2.0/hadoop-common-3.2.0.jar:/home/user/.m2/repository/org/apache/hadoop/hadoop-hdfs/3.2.0/hadoop-hdfs-3.2.0.jar:/home/user/.m2/repository/org/apache/hadoop/hadoop-hdfs-client/3.2.0/hadoop-hdfs-client-3.2.0.jar:/home/user/.m2/repository/com/fasterxml/jackson/core/jackson-annotations/2.9.9/jackson-annotations-2.9.9.jar:/home/user/.m2/repository/org/apache/hadoop/hadoop-hdds-common/0.5.0-SNAPSHOT/hadoop-hdds-common-0.5.0-SNAPSHOT.jar:/home/user/.m2/repository/javax/annotation/javax.annotation-api/1.2/javax.annotation-api-1.2.jar:/home/user/.m2/repository/org/apache/ratis/ratis-server/0.4.0/ratis-server-0.4.0.jar:/home/user/.m2/repository/org/apache/ratis/ratis-thirdparty-misc/0.2.0/ratis-thirdparty-misc-0.2.0.jar:/home/user/.m2/repository/org/apache/ratis/ratis-proto/0.4.0/ratis-proto-0.4.0.jar:/home/user/.m2/repository/org/apache/ratis/ratis-common/0.4.0/ratis-common-0.4.0.jar:/home/user/.m2/repository/org/apache/ratis/ratis-client/0.4.0/ratis-client-0.4.0.jar:/home/user/.m2/repository/org/apache/ratis/ratis-metrics/0.4.0/ratis-metrics-0.4.0.jar:/home/user/.m2/repository/com/github/joshelser/dropwizard-metrics-hadoop-metrics2-reporter/0.1.2/dropwizard-metrics-hadoop-metrics2-reporter-0.1.2.jar:/home/user/.m2/repository/io/dropwizard/metrics/metrics-jvm/3.2.5/metrics-jvm-3.2.5.jar:/home/user/.m2/repository/io/dropwizard/metrics/metrics-ganglia/3.2.5/metrics-ganglia-3.2.5.jar:/home/user/.m2/repository/info/ganglia/gmetric4j/gmetric4j/1.0.7/gmetric4j-1.0.7.jar:/home/user/.m2/repository/org/apache/ratis/ratis-netty/0.4.0/ratis-netty-0.4.0.jar:/home/user/.m2/repository/org/apache/ratis/ratis-grpc/0.4.0/ratis-grpc-0.4.0.jar:/home/user/.m2/repository/org/rocksdb/rocksdbjni/6.0.1/rocksdbjni-6.0.1.jar:/home/user/.m2/repository/org/apache/logging/log4j/log4j-api/2.11.0/log4j-api-2.11.0.jar:/home/user/.m2/repository/org/apache/logging/log4j/log4j-core/2.11.0/log4j-core-2.11.0.jar:/home/user/.m2/repository/com/lmax/disruptor/3.4.2/disruptor-3.4.2.jar:/home/user/.m2/repository/org/apache/commons/commons-pool2/2.6.0/commons-pool2-2.6.0.jar:/home/user/.m2/repository/org/bouncycastle/bcpkix-jdk15on/1.60/bcpkix-jdk15on-1.60.jar:/home/user/.m2/repository/commons-validator/commons-validator/1.6/commons-validator-1.6.jar:/home/user/.m2/repository/commons-digester/commons-digester/1.8.1/commons-digester-1.8.1.jar:/home/user/.m2/repository/io/jaegertracing/jaeger-client/0.34.0/jaeger-client-0.34.0.jar:/home/user/.m2/repository/io/jaegertracing/jaeger-thrift/0.34.0/jaeger-thrift-0.34.0.jar:/home/user/.m2/repository/org/apache/thrift/libthrift/0.12.0/libthrift-0.12.0.jar:/home/user/.m2/repository/com/squareup/okhttp3/okhttp/3.9.0/okhttp-3.9.0.jar:/home/user/.m2/repository/com/squareup/okio/okio/1.13.0/okio-1.13.0.jar:/home/user/.m2/repository/io/jaegertracing/jaeger-core/0.34.0/jaeger-core-0.34.0.jar:/home/user/.m2/repository/io/jaegertracing/jaeger-tracerresolver/0.34.0/jaeger-tracerresolver-0.34.0.jar:/home/user/.m2/repository/io/opentracing/contrib/opentracing-tracerresolver/0.1.5/opentracing-tracerresolver-0.1.5.jar:/home/user/.m2/repository/io/opentracing/opentracing-util/0.31.0/opentracing-util-0.31.0.jar:/home/user/.m2/repository/io/opentracing/opentracing-api/0.31.0/opentracing-api-0.31.0.jar:/home/user/.m2/repository/io/opentracing/opentracing-noop/0.31.0/opentracing-noop-0.31.0.jar:/home/user/.m2/repository/org/apache/hadoop/hadoop-hdds-server-framework/0.5.0-SNAPSHOT/hadoop-hdds-server-framework-0.5.0-SNAPSHOT.jar:/home/user/.m2/repository/org/apache/hadoop/hadoop-hdds-container-service/0.5.0-SNAPSHOT/hadoop-hdds-container-service-0.5.0-SNAPSHOT.jar:/home/user/.m2/repository/org/apache/hadoop/hadoop-hdds-client/0.5.0-SNAPSHOT/hadoop-hdds-client-0.5.0-SNAPSHOT.jar:/home/user/.m2/repository/org/apache/hadoop/hadoop-hdds-tools/0.5.0-SNAPSHOT/hadoop-hdds-tools-0.5.0-SNAPSHOT.jar:/home/user/.m2/repository/org/apache/hadoop/hadoop-hdds-server-scm/0.5.0-SNAPSHOT/hadoop-hdds-server-scm-0.5.0-SNAPSHOT.jar:/home/user/.m2/repository/org/apache/hadoop/hadoop-hdds-docs/0.5.0-SNAPSHOT/hadoop-hdds-docs-0.5.0-SNAPSHOT.jar:/home/user/.m2/repository/io/dropwizard/metrics/metrics-core/3.2.4/metrics-core-3.2.4.jar:/home/user/.m2/repository/org/hamcrest/hamcrest-all/1.3/hamcrest-all-1.3.jar:/home/user/.m2/repository/org/bouncycastle/bcprov-jdk15on/1.60/bcprov-jdk15on-1.60.jar:/home/user/.m2/repository/info/picocli/picocli/3.9.6/picocli-3.9.6.jar:/home/user/.m2/repository/com/google/protobuf/protobuf-java/2.5.0/protobuf-java-2.5.0.jar:/home/user/.m2/repository/com/google/guava/guava/11.0.2/guava-11.0.2.jar:/home/user/.m2/repository/org/apache/hadoop/hadoop-ozone-ozone-manager/0.5.0-SNAPSHOT/hadoop-ozone-ozone-manager-0.5.0-SNAPSHOT.jar:/home/user/.m2/repository/org/apache/hadoop/hadoop-minikdc/3.2.0/hadoop-minikdc-3.2.0.jar:/home/user/.m2/repository/commons-io/commons-io/2.5/commons-io-2.5.jar:/home/user/.m2/repository/org/apache/kerby/kerb-simplekdc/1.0.1/kerb-simplekdc-1.0.1.jar:/home/user/.m2/repository/org/apache/kerby/kerb-client/1.0.1/kerb-client-1.0.1.jar:/home/user/.m2/repository/org/apache/kerby/kerby-config/1.0.1/kerby-config-1.0.1.jar:/home/user/.m2/repository/org/apache/kerby/kerb-core/1.0.1/kerb-core-1.0.1.jar:/home/user/.m2/repository/org/apache/kerby/kerby-pkix/1.0.1/kerby-pkix-1.0.1.jar:/home/user/.m2/repository/org/apache/kerby/kerby-asn1/1.0.1/kerby-asn1-1.0.1.jar:/home/user/.m2/repository/org/apache/kerby/kerby-util/1.0.1/kerby-util-1.0.1.jar:/home/user/.m2/repository/org/apache/kerby/kerb-common/1.0.1/kerb-common-1.0.1.jar:/home/user/.m2/repository/org/apache/kerby/kerb-crypto/1.0.1/kerb-crypto-1.0.1.jar:/home/user/.m2/repository/org/apache/kerby/kerb-util/1.0.1/kerb-util-1.0.1.jar:/home/user/.m2/repository/org/apache/kerby/token-provider/1.0.1/token-provider-1.0.1.jar:/home/user/.m2/repository/org/apache/kerby/kerb-admin/1.0.1/kerb-admin-1.0.1.jar:/home/user/.m2/repository/org/apache/kerby/kerb-server/1.0.1/kerb-server-1.0.1.jar:/home/user/.m2/repository/org/apache/kerby/kerb-identity/1.0.1/kerb-identity-1.0.1.jar:/home/user/.m2/repository/org/apache/kerby/kerby-xdr/1.0.1/kerby-xdr-1.0.1.jar:/home/user/.m2/repository/org/slf4j/slf4j-log4j12/1.7.25/slf4j-log4j12-1.7.25.jar:/home/user/.m2/repository/org/apache/hadoop/hadoop-ozone-s3gateway/0.5.0-SNAPSHOT/hadoop-ozone-s3gateway-0.5.0-SNAPSHOT.jar:/home/user/.m2/repository/org/jboss/weld/servlet/weld-servlet/2.4.7.Final/weld-servlet-2.4.7.Final.jar:/home/user/.m2/repository/org/glassfish/jersey/containers/jersey-container-servlet-core/2.27/jersey-container-servlet-core-2.27.jar:/home/user/.m2/repository/org/glassfish/hk2/external/javax.inject/2.5.0-b42/javax.inject-2.5.0-b42.jar:/home/user/.m2/repository/org/glassfish/jersey/core/jersey-common/2.27/jersey-common-2.27.jar:/home/user/.m2/repository/org/glassfish/hk2/osgi-resource-locator/1.0.1/osgi-resource-locator-1.0.1.jar:/home/user/.m2/repository/javax/ws/rs/javax.ws.rs-api/2.1/javax.ws.rs-api-2.1.jar:/home/user/.m2/repository/org/glassfish/jersey/ext/cdi/jersey-cdi1x/2.27/jersey-cdi1x-2.27.jar:/home/user/.m2/repository/org/glassfish/jersey/inject/jersey-hk2/2.27/jersey-hk2-2.27.jar:/home/user/.m2/repository/org/glassfish/hk2/hk2-locator/2.5.0-b42/hk2-locator-2.5.0-b42.jar:/home/user/.m2/repository/org/javassist/javassist/3.22.0-CR2/javassist-3.22.0-CR2.jar:/home/user/.m2/repository/org/glassfish/hk2/hk2-api/2.5.0/hk2-api-2.5.0.jar:/home/user/.m2/repository/org/glassfish/hk2/external/jakarta.inject/2.5.0/jakarta.inject-2.5.0.jar:/home/user/.m2/repository/org/glassfish/hk2/hk2-utils/2.5.0/hk2-utils-2.5.0.jar:/home/user/.m2/repository/jakarta/annotation/jakarta.annotation-api/1.3.4/jakarta.annotation-api-1.3.4.jar:/home/user/.m2/repository/org/glassfish/hk2/external/aopalliance-repackaged/2.5.0/aopalliance-repackaged-2.5.0.jar:/home/user/.m2/repository/com/fasterxml/jackson/dataformat/jackson-dataformat-xml/2.9.0/jackson-dataformat-xml-2.9.0.jar:/home/user/.m2/repository/com/fasterxml/jackson/core/jackson-core/2.9.9/jackson-core-2.9.9.jar:/home/user/.m2/repository/com/fasterxml/jackson/module/jackson-module-jaxb-annotations/2.9.9/jackson-module-jaxb-annotations-2.9.9.jar:/home/user/.m2/repository/javax/enterprise/cdi-api/1.2/cdi-api-1.2.jar:/home/user/.m2/repository/javax/el/javax.el-api/3.0.0/javax.el-api-3.0.0.jar:/home/user/.m2/repository/javax/interceptor/javax.interceptor-api/1.2/javax.interceptor-api-1.2.jar:/home/user/.m2/repository/javax/inject/javax.inject/1/javax.inject-1.jar:/home/user/.m2/repository/com/sun/xml/bind/jaxb-impl/2.3.0.1/jaxb-impl-2.3.0.1.jar:/home/user/.m2/repository/com/sun/xml/bind/jaxb-core/2.3.0.1/jaxb-core-2.3.0.1.jar:/home/user/.m2/repository/javax/xml/bind/jaxb-api/2.3.0/jaxb-api-2.3.0.jar:/home/user/.m2/repository/javax/activation/activation/1.1.1/activation-1.1.1.jar:/home/user/.m2/repository/org/apache/hadoop/hadoop-ozone-csi/0.5.0-SNAPSHOT/hadoop-ozone-csi-0.5.0-SNAPSHOT.jar:/home/user/.m2/repository/com/google/protobuf/protobuf-java-util/3.5.1/protobuf-java-util-3.5.1.jar:/home/user/.m2/repository/org/apache/hadoop/hadoop-hdds-config/0.5.0-SNAPSHOT/hadoop-hdds-config-0.5.0-SNAPSHOT.jar:/home/user/.m2/repository/io/grpc/grpc-netty/1.17.1/grpc-netty-1.17.1.jar:/home/user/.m2/repository/io/grpc/grpc-core/1.17.1/grpc-core-1.17.1.jar:/home/user/.m2/repository/io/grpc/grpc-context/1.17.1/grpc-context-1.17.1.jar:/home/user/.m2/repository/com/google/errorprone/error_prone_annotations/2.2.0/error_prone_annotations-2.2.0.jar:/home/user/.m2/repository/org/codehaus/mojo/animal-sniffer-annotations/1.17/animal-sniffer-annotations-1.17.jar:/home/user/.m2/repository/io/opencensus/opencensus-api/0.17.0/opencensus-api-0.17.0.jar:/home/user/.m2/repository/io/opencensus/opencensus-contrib-grpc-metrics/0.17.0/opencensus-contrib-grpc-metrics-0.17.0.jar:/home/user/.m2/repository/io/netty/netty-codec-http2/4.1.30.Final/netty-codec-http2-4.1.30.Final.jar:/home/user/.m2/repository/io/netty/netty-codec-http/4.1.30.Final/netty-codec-http-4.1.30.Final.jar:/home/user/.m2/repository/io/netty/netty-codec/4.1.30.Final/netty-codec-4.1.30.Final.jar:/home/user/.m2/repository/io/netty/netty-handler/4.1.30.Final/netty-handler-4.1.30.Final.jar:/home/user/.m2/repository/io/netty/netty-handler-proxy/4.1.30.Final/netty-handler-proxy-4.1.30.Final.jar:/home/user/.m2/repository/io/netty/netty-codec-socks/4.1.30.Final/netty-codec-socks-4.1.30.Final.jar:/home/user/.m2/repository/io/netty/netty-transport-native-epoll/4.1.30.Final/netty-transport-native-epoll-4.1.30.Final.jar:/home/user/.m2/repository/io/netty/netty-common/4.1.30.Final/netty-common-4.1.30.Final.jar:/home/user/.m2/repository/io/netty/netty-buffer/4.1.30.Final/netty-buffer-4.1.30.Final.jar:/home/user/.m2/repository/io/netty/netty-transport/4.1.30.Final/netty-transport-4.1.30.Final.jar:/home/user/.m2/repository/io/netty/netty-resolver/4.1.30.Final/netty-resolver-4.1.30.Final.jar:/home/user/.m2/repository/io/netty/netty-transport-native-unix-common/4.1.30.Final/netty-transport-native-unix-common-4.1.30.Final.jar:/home/user/.m2/repository/io/grpc/grpc-protobuf/1.17.1/grpc-protobuf-1.17.1.jar:/home/user/.m2/repository/com/google/api/grpc/proto-google-common-protos/1.0.0/proto-google-common-protos-1.0.0.jar:/home/user/.m2/repository/io/grpc/grpc-protobuf-lite/1.17.1/grpc-protobuf-lite-1.17.1.jar:/home/user/.m2/repository/io/grpc/grpc-stub/1.17.1/grpc-stub-1.17.1.jar:/home/user/.m2/repository/org/apache/hadoop/hadoop-ozone-recon/0.5.0-SNAPSHOT/hadoop-ozone-recon-0.5.0-SNAPSHOT.jar:/home/user/.m2/repository/org/apache/hadoop/hadoop-ozone-reconcodegen/0.5.0-SNAPSHOT/hadoop-ozone-reconcodegen-0.5.0-SNAPSHOT.jar:/home/user/.m2/repository/com/google/inject/extensions/guice-multibindings/4.0/guice-multibindings-4.0.jar:/home/user/.m2/repository/com/google/inject/guice/4.0/guice-4.0.jar:/home/user/.m2/repository/aopalliance/aopalliance/1.0/aopalliance-1.0.jar:/home/user/.m2/repository/com/google/inject/extensions/guice-servlet/4.0/guice-servlet-4.0.jar:/home/user/.m2/repository/org/glassfish/jersey/containers/jersey-container-servlet/2.27/jersey-container-servlet-2.27.jar:/home/user/.m2/repository/org/glassfish/hk2/guice-bridge/2.5.0/guice-bridge-2.5.0.jar:/home/user/.m2/repository/org/glassfish/jersey/core/jersey-server/2.27/jersey-server-2.27.jar:/home/user/.m2/repository/org/glassfish/jersey/core/jersey-client/2.27/jersey-client-2.27.jar:/home/user/.m2/repository/org/glassfish/jersey/media/jersey-media-jaxb/2.27/jersey-media-jaxb-2.27.jar:/home/user/.m2/repository/javax/validation/validation-api/1.1.0.Final/validation-api-1.1.0.Final.jar:/home/user/.m2/repository/org/glassfish/jersey/media/jersey-media-json-jackson/2.27/jersey-media-json-jackson-2.27.jar:/home/user/.m2/repository/org/glassfish/jersey/ext/jersey-entity-filtering/2.27/jersey-entity-filtering-2.27.jar:/home/user/.m2/repository/com/google/inject/extensions/guice-assistedinject/4.0/guice-assistedinject-4.0.jar:/home/user/.m2/repository/org/jooq/jooq/3.11.10/jooq-3.11.10.jar:/home/user/.m2/repository/org/jooq/jooq-meta/3.11.10/jooq-meta-3.11.10.jar:/home/user/.m2/repository/org/jooq/jooq-codegen/3.11.10/jooq-codegen-3.11.10.jar:/home/user/.m2/repository/com/jolbox/bonecp/0.8.0.RELEASE/bonecp-0.8.0.RELEASE.jar:/home/user/.m2/repository/org/xerial/sqlite-jdbc/3.25.2/sqlite-jdbc-3.25.2.jar:/home/user/.m2/repository/org/springframework/spring-jdbc/5.1.3.RELEASE/spring-jdbc-5.1.3.RELEASE.jar:/home/user/.m2/repository/org/springframework/spring-beans/5.1.3.RELEASE/spring-beans-5.1.3.RELEASE.jar:/home/user/.m2/repository/org/springframework/spring-core/5.1.3.RELEASE/spring-core-5.1.3.RELEASE.jar:/home/user/.m2/repository/org/springframework/spring-jcl/5.1.3.RELEASE/spring-jcl-5.1.3.RELEASE.jar:/home/user/.m2/repository/org/springframework/spring-tx/5.1.3.RELEASE/spring-tx-5.1.3.RELEASE.jar:/home/user/.m2/repository/org/apache/hadoop/hadoop-ozone-client/0.5.0-SNAPSHOT/hadoop-ozone-client-0.5.0-SNAPSHOT.jar:/home/user/.m2/repository/commons-lang/commons-lang/2.6/commons-lang-2.6.jar:/home/user/.m2/repository/org/apache/hadoop/hadoop-ozone-ozone-manager/0.5.0-SNAPSHOT/hadoop-ozone-ozone-manager-0.5.0-SNAPSHOT-tests.jar:/home/user/.m2/repository/junit/junit/4.11/junit-4.11.jar:/home/user/.m2/repository/org/hamcrest/hamcrest-core/1.3/hamcrest-core-1.3.jar:/home/user/.m2/repository/org/openjdk/jmh/jmh-core/1.19/jmh-core-1.19.jar:/home/user/.m2/repository/net/sf/jopt-simple/jopt-simple/4.6/jopt-simple-4.6.jar:/home/user/.m2/repository/org/apache/commons/commons-math3/3.1.1/commons-math3-3.1.1.jar:/home/user/.m2/repository/org/openjdk/jmh/jmh-generator-annprocess/1.19/jmh-generator-annprocess-1.19.jar:/home/user/.m2/repository/org/mockito/mockito-all/1.8.5/mockito-all-1.8.5.jar:/home/user/.m2/repository/org/apache/hadoop/hadoop-kms/3.2.0/hadoop-kms-3.2.0.jar:/home/user/.m2/repository/org/apache/hadoop/hadoop-auth/3.2.0/hadoop-auth-3.2.0.jar:/home/user/.m2/repository/com/nimbusds/nimbus-jose-jwt/4.41.1/nimbus-jose-jwt-4.41.1.jar:/home/user/.m2/repository/com/github/stephenc/jcip/jcip-annotations/1.0-1/jcip-annotations-1.0-1.jar:/home/user/.m2/repository/net/minidev/json-smart/2.3/json-smart-2.3.jar:/home/user/.m2/repository/net/minidev/accessors-smart/1.2/accessors-smart-1.2.jar:/home/user/.m2/repository/org/ow2/asm/asm/5.0.4/asm-5.0.4.jar:/home/user/.m2/repository/org/apache/curator/curator-framework/2.12.0/curator-framework-2.12.0.jar:/home/user/.m2/repository/com/sun/jersey/jersey-core/1.19/jersey-core-1.19.jar:/home/user/.m2/repository/javax/ws/rs/jsr311-api/1.1.1/jsr311-api-1.1.1.jar:/home/user/.m2/repository/com/sun/jersey/jersey-server/1.19/jersey-server-1.19.jar:/home/user/.m2/repository/javax/servlet/javax.servlet-api/3.1.0/javax.servlet-api-3.1.0.jar:/home/user/.m2/repository/org/eclipse/jetty/jetty-server/9.3.25.v20180904/jetty-server-9.3.25.v20180904.jar:/home/user/.m2/repository/org/eclipse/jetty/jetty-http/9.3.25.v20180904/jetty-http-9.3.25.v20180904.jar:/home/user/.m2/repository/org/eclipse/jetty/jetty-io/9.3.25.v20180904/jetty-io-9.3.25.v20180904.jar:/home/user/.m2/repository/org/eclipse/jetty/jetty-webapp/9.3.25.v20180904/jetty-webapp-9.3.25.v20180904.jar:/home/user/.m2/repository/org/eclipse/jetty/jetty-xml/9.3.25.v20180904/jetty-xml-9.3.25.v20180904.jar:/home/user/.m2/repository/log4j/log4j/1.2.17/log4j-1.2.17.jar:/home/user/.m2/repository/org/slf4j/slf4j-api/1.7.25/slf4j-api-1.7.25.jar:/home/user/.m2/repository/org/slf4j/jul-to-slf4j/1.7.25/jul-to-slf4j-1.7.25.jar:/home/user/.m2/repository/org/eclipse/jetty/jetty-util/9.3.25.v20180904/jetty-util-9.3.25.v20180904.jar:/home/user/.m2/repository/com/fasterxml/jackson/core/jackson-databind/2.9.9/jackson-databind-2.9.9.jar:/home/user/.m2/repository/org/apache/hadoop/hadoop-kms/3.2.0/hadoop-kms-3.2.0-tests.jar:/home/user/.m2/repository/org/apache/hadoop/hadoop-hdds-server-scm/0.5.0-SNAPSHOT/hadoop-hdds-server-scm-0.5.0-SNAPSHOT-tests.jar:/home/user/.m2/repository/org/apache/hadoop/hadoop-hdds-container-service/0.5.0-SNAPSHOT/hadoop-hdds-container-service-0.5.0-SNAPSHOT-tests.jar:/home/user/.m2/repository/org/yaml/snakeyaml/1.16/snakeyaml-1.16.jar:/home/user/.m2/repository/org/apache/hadoop/hadoop-common/3.2.0/hadoop-common-3.2.0-tests.jar:/home/user/.m2/repository/org/apache/hadoop/hadoop-annotations/3.2.0/hadoop-annotations-3.2.0.jar:/usr/lib/jvm/java-1.8-openjdk/jre/../lib/tools.jar:/home/user/.m2/repository/commons-cli/commons-cli/1.2/commons-cli-1.2.jar:/home/user/.m2/repository/org/apache/httpcomponents/httpclient/4.5.2/httpclient-4.5.2.jar:/home/user/.m2/repository/org/apache/httpcomponents/httpcore/4.4.4/httpcore-4.4.4.jar:/home/user/.m2/repository/commons-codec/commons-codec/1.11/commons-codec-1.11.jar:/home/user/.m2/repository/commons-net/commons-net/3.6/commons-net-3.6.jar:/home/user/.m2/repository/commons-collections/commons-collections/3.2.2/commons-collections-3.2.2.jar:/home/user/.m2/repository/org/eclipse/jetty/jetty-servlet/9.3.25.v20180904/jetty-servlet-9.3.25.v20180904.jar:/home/user/.m2/repository/org/eclipse/jetty/jetty-security/9.3.25.v20180904/jetty-security-9.3.25.v20180904.jar:/home/user/.m2/repository/javax/servlet/jsp/jsp-api/2.1/jsp-api-2.1.jar:/home/user/.m2/repository/com/sun/jersey/jersey-servlet/1.19/jersey-servlet-1.19.jar:/home/user/.m2/repository/com/sun/jersey/jersey-json/1.19/jersey-json-1.19.jar:/home/user/.m2/repository/org/codehaus/jettison/jettison/1.1/jettison-1.1.jar:/home/user/.m2/repository/org/codehaus/jackson/jackson-core-asl/1.9.13/jackson-core-asl-1.9.13.jar:/home/user/.m2/repository/org/codehaus/jackson/jackson-mapper-asl/1.9.13/jackson-mapper-asl-1.9.13.jar:/home/user/.m2/repository/org/codehaus/jackson/jackson-jaxrs/1.9.13/jackson-jaxrs-1.9.13.jar:/home/user/.m2/repository/org/codehaus/jackson/jackson-xc/1.9.13/jackson-xc-1.9.13.jar:/home/user/.m2/repository/commons-logging/commons-logging/1.1.3/commons-logging-1.1.3.jar:/home/user/.m2/repository/commons-beanutils/commons-beanutils/1.9.4/commons-beanutils-1.9.4.jar:/home/user/.m2/repository/org/apache/commons/commons-configuration2/2.1.1/commons-configuration2-2.1.1.jar:/home/user/.m2/repository/org/apache/commons/commons-lang3/3.7/commons-lang3-3.7.jar:/home/user/.m2/repository/org/apache/commons/commons-text/1.4/commons-text-1.4.jar:/home/user/.m2/repository/org/apache/avro/avro/1.7.7/avro-1.7.7.jar:/home/user/.m2/repository/com/thoughtworks/paranamer/paranamer/2.3/paranamer-2.3.jar:/home/user/.m2/repository/org/xerial/snappy/snappy-java/1.0.5/snappy-java-1.0.5.jar:/home/user/.m2/repository/com/google/re2j/re2j/1.1/re2j-1.1.jar:/home/user/.m2/repository/com/google/code/gson/gson/2.2.4/gson-2.2.4.jar:/home/user/.m2/repository/com/jcraft/jsch/0.1.54/jsch-0.1.54.jar:/home/user/.m2/repository/org/apache/curator/curator-client/2.12.0/curator-client-2.12.0.jar:/home/user/.m2/repository/org/apache/curator/curator-recipes/2.12.0/curator-recipes-2.12.0.jar:/home/user/.m2/repository/com/google/code/findbugs/jsr305/3.0.0/jsr305-3.0.0.jar:/home/user/.m2/repository/org/apache/htrace/htrace-core4/4.1.0-incubating/htrace-core4-4.1.0-incubating.jar:/home/user/.m2/repository/org/apache/zookeeper/zookeeper/3.4.13/zookeeper-3.4.13.jar:/home/user/.m2/repository/jline/jline/0.9.94/jline-0.9.94.jar:/home/user/.m2/repository/org/apache/yetus/audience-annotations/0.5.0/audience-annotations-0.5.0.jar:/home/user/.m2/repository/org/codehaus/woodstox/stax2-api/3.1.4/stax2-api-3.1.4.jar:/home/user/.m2/repository/com/fasterxml/woodstox/woodstox-core/5.0.3/woodstox-core-5.0.3.jar:/home/user/.m2/repository/dnsjava/dnsjava/2.1.7/dnsjava-2.1.7.jar:/home/user/.m2/repository/org/apache/hadoop/hadoop-hdfs/3.2.0/hadoop-hdfs-3.2.0-tests.jar:/home/user/.m2/repository/org/eclipse/jetty/jetty-util-ajax/9.3.25.v20180904/jetty-util-ajax-9.3.25.v20180904.jar:/home/user/.m2/repository/commons-daemon/commons-daemon/1.0.13/commons-daemon-1.0.13.jar:/home/user/.m2/repository/io/netty/netty/3.10.5.Final/netty-3.10.5.Final.jar:/home/user/.m2/repository/io/netty/netty-all/4.0.52.Final/netty-all-4.0.52.Final.jar:/home/user/.m2/repository/org/fusesource/leveldbjni/leveldbjni-all/1.8/leveldbjni-all-1.8.jar:"/>
    <property name="sun.cpu.endian" value="little"/>
    <property name="user.home" value="/home/user"/>
    <property name="user.language" value="en"/>
    <property name="java.specification.vendor" value="Oracle Corporation"/>
    <property name="java.home" value="/usr/lib/jvm/java-1.8-openjdk/jre"/>
    <property name="java.security.krb5.conf" value="/workdir/hadoop-ozone/integration-test/target/test-classes/krb5.conf"/>
    <property name="basedir" value="/workdir/hadoop-ozone/integration-test"/>
    <property name="file.separator" value="/"/>
    <property name="line.separator" value="&#10;"/>
    <property name="java.vm.specification.vendor" value="Oracle Corporation"/>
    <property name="java.specification.name" value="Java Platform API Specification"/>
    <property name="java.awt.graphicsenv" value="sun.awt.X11GraphicsEnvironment"/>
    <property name="surefire.real.class.path" value="/workdir/hadoop-ozone/integration-test/target/surefire/surefirebooter3504874825893614546.jar"/>
    <property name="hadoop.log.dir" value="/workdir/hadoop-ozone/integration-test/target/log"/>
    <property name="sun.boot.class.path" value="/usr/lib/jvm/java-1.8-openjdk/jre/lib/resources.jar:/usr/lib/jvm/java-1.8-openjdk/jre/lib/rt.jar:/usr/lib/jvm/java-1.8-openjdk/jre/lib/sunrsasign.jar:/usr/lib/jvm/java-1.8-openjdk/jre/lib/jsse.jar:/usr/lib/jvm/java-1.8-openjdk/jre/lib/jce.jar:/usr/lib/jvm/java-1.8-openjdk/jre/lib/charsets.jar:/usr/lib/jvm/java-1.8-openjdk/jre/lib/jfr.jar:/usr/lib/jvm/java-1.8-openjdk/jre/classes"/>
    <property name="sun.management.compiler" value="HotSpot 64-Bit Tiered Compilers"/>
    <property name="java.runtime.version" value="1.8.0_212-b04"/>
    <property name="java.net.preferIPv4Stack" value="true"/>
    <property name="user.name" value="jenkins1000"/>
    <property name="path.separator" value=":"/>
    <property name="java.security.egd" value="file:///dev/urandom"/>
    <property name="os.version" value="3.10.0-957.12.2.el7.x86_64"/>
    <property name="java.endorsed.dirs" value="/usr/lib/jvm/java-1.8-openjdk/jre/lib/endorsed"/>
    <property name="java.runtime.name" value="OpenJDK Runtime Environment"/>
    <property name="file.encoding" value="UTF-8"/>
    <property name="java.vm.name" value="OpenJDK 64-Bit Server VM"/>
    <property name="test.build.webapps" value=""/>
    <property name="localRepository" value="/home/user/.m2/repository"/>
    <property name="java.vendor.url.bug" value="https://icedtea.classpath.org/bugzilla"/>
    <property name="java.io.tmpdir" value="/tmp"/>
    <property name="require.test.libhadoop" value=""/>
    <property name="java.version" value="1.8.0_212"/>
    <property name="user.dir" value="/workdir/hadoop-ozone/integration-test"/>
    <property name="os.arch" value="amd64"/>
    <property name="java.vm.specification.name" value="Java Virtual Machine Specification"/>
    <property name="test.build.classes" value="/workdir/hadoop-ozone/integration-test/target/test-classes"/>
    <property name="java.awt.printerjob" value="sun.print.PSPrinterJob"/>
    <property name="sun.os.patch.level" value="unknown"/>
    <property name="hadoop.tmp.dir" value="/workdir/hadoop-ozone/integration-test/target/tmp"/>
    <property name="java.library.path" value="/usr/lib/jvm/java-1.8-openjdk/jre/lib/amd64/server:/usr/lib/jvm/java-1.8-openjdk/jre/lib/amd64:/usr/lib/jvm/java-1.8-openjdk/jre/../lib/amd64:/workdir/hadoop-ozone/integration-test/target/native/target/usr/local/lib:/workdir/hadoop-ozone/integration-test/../../hadoop-common-project/hadoop-common/target/native/target/usr/local/lib:/usr/java/packages/lib/amd64:/usr/lib64:/lib64:/lib:/usr/lib"/>
    <property name="java.vm.info" value="mixed mode"/>
    <property name="java.vendor" value="IcedTea"/>
    <property name="java.vm.version" value="25.212-b04"/>
    <property name="java.ext.dirs" value="/usr/lib/jvm/java-1.8-openjdk/jre/lib/ext:/usr/java/packages/lib/ext"/>
    <property name="sun.io.unicode.encoding" value="UnicodeLittle"/>
    <property name="java.class.version" value="52.0"/>
  </properties>
  <testcase name="testMultiBlockWritesWithIntermittentDnFailures" classname="org.apache.hadoop.ozone.client.rpc.TestMultiBlockWritesWithDnFailures" time="42.169">
    <error message="Allocated 0 blocks. Requested 6 blocks" type="INTERNAL_ERROR org.apache.hadoop.ozone.om.exceptions.OMException">INTERNAL_ERROR org.apache.hadoop.ozone.om.exceptions.OMException: Allocated 0 blocks. Requested 6 blocks
	at org.apache.hadoop.ozone.om.protocolPB.OzoneManagerProtocolClientSideTranslatorPB.handleError(OzoneManagerProtocolClientSideTranslatorPB.java:732)
	at org.apache.hadoop.ozone.om.protocolPB.OzoneManagerProtocolClientSideTranslatorPB.openKey(OzoneManagerProtocolClientSideTranslatorPB.java:723)
	at sun.reflect.NativeMethodAccessorImpl.invoke0(Native Method)
	at sun.reflect.NativeMethodAccessorImpl.invoke(NativeMethodAccessorImpl.java:62)
	at sun.reflect.DelegatingMethodAccessorImpl.invoke(DelegatingMethodAccessorImpl.java:43)
	at java.lang.reflect.Method.invoke(Method.java:498)
	at org.apache.hadoop.hdds.tracing.TraceAllMethod.invoke(TraceAllMethod.java:66)
	at com.sun.proxy.$Proxy36.openKey(Unknown Source)
	at org.apache.hadoop.ozone.client.rpc.RpcClient.createKey(RpcClient.java:614)
	at org.apache.hadoop.ozone.client.OzoneBucket.createKey(OzoneBucket.java:325)
	at org.apache.hadoop.ozone.container.ContainerTestHelper.createKey(ContainerTestHelper.java:695)
	at org.apache.hadoop.ozone.client.rpc.TestMultiBlockWritesWithDnFailures.createKey(TestMultiBlockWritesWithDnFailures.java:212)
	at org.apache.hadoop.ozone.client.rpc.TestMultiBlockWritesWithDnFailures.testMultiBlockWritesWithIntermittentDnFailures(TestMultiBlockWritesWithDnFailures.java:163)
	at sun.reflect.NativeMethodAccessorImpl.invoke0(Native Method)
	at sun.reflect.NativeMethodAccessorImpl.invoke(NativeMethodAccessorImpl.java:62)
	at sun.reflect.DelegatingMethodAccessorImpl.invoke(DelegatingMethodAccessorImpl.java:43)
	at java.lang.reflect.Method.invoke(Method.java:498)
	at org.junit.runners.model.FrameworkMethod$1.runReflectiveCall(FrameworkMethod.java:47)
	at org.junit.internal.runners.model.ReflectiveCallable.run(ReflectiveCallable.java:12)
	at org.junit.runners.model.FrameworkMethod.invokeExplosively(FrameworkMethod.java:44)
	at org.junit.internal.runners.statements.InvokeMethod.evaluate(InvokeMethod.java:17)
	at org.junit.internal.runners.statements.RunAfters.evaluate(RunAfters.java:27)
	at org.junit.runners.ParentRunner.runLeaf(ParentRunner.java:271)
	at org.junit.runners.BlockJUnit4ClassRunner.runChild(BlockJUnit4ClassRunner.java:70)
	at org.junit.runners.BlockJUnit4ClassRunner.runChild(BlockJUnit4ClassRunner.java:50)
	at org.junit.runners.ParentRunner$3.run(ParentRunner.java:238)
	at org.junit.runners.ParentRunner$1.schedule(ParentRunner.java:63)
	at org.junit.runners.ParentRunner.runChildren(ParentRunner.java:236)
	at org.junit.runners.ParentRunner.access$000(ParentRunner.java:53)
	at org.junit.runners.ParentRunner$2.evaluate(ParentRunner.java:229)
	at org.junit.runners.ParentRunner.run(ParentRunner.java:309)
	at org.apache.maven.surefire.junit4.JUnit4Provider.execute(JUnit4Provider.java:365)
	at org.apache.maven.surefire.junit4.JUnit4Provider.executeWithRerun(JUnit4Provider.java:273)
	at org.apache.maven.surefire.junit4.JUnit4Provider.executeTestSet(JUnit4Provider.java:238)
	at org.apache.maven.surefire.junit4.JUnit4Provider.invoke(JUnit4Provider.java:159)
	at org.apache.maven.surefire.booter.ForkedBooter.invokeProviderInSameClassLoader(ForkedBooter.java:384)
	at org.apache.maven.surefire.booter.ForkedBooter.runSuitesInProcess(ForkedBooter.java:345)
	at org.apache.maven.surefire.booter.ForkedBooter.execute(ForkedBooter.java:126)
	at org.apache.maven.surefire.booter.ForkedBooter.main(ForkedBooter.java:418)
</error>
    <system-out><![CDATA[2019-09-25 04:49:07,426 [main] WARN  server.ServerUtils (ServerUtils.java:getScmDbDir(145)) - ozone.scm.db.dirs is not configured. We recommend adding this setting. Falling back to ozone.metadata.dirs instead.
2019-09-25 04:49:07,558 [main] WARN  server.ServerUtils (ServerUtils.java:getScmDbDir(145)) - ozone.scm.db.dirs is not configured. We recommend adding this setting. Falling back to ozone.metadata.dirs instead.
2019-09-25 04:49:07,563 [main] WARN  server.ServerUtils (ServerUtils.java:getScmDbDir(145)) - ozone.scm.db.dirs is not configured. We recommend adding this setting. Falling back to ozone.metadata.dirs instead.
2019-09-25 04:49:07,589 [main] INFO  util.log (Log.java:initialized(192)) - Logging initialized @953ms
2019-09-25 04:49:07,716 [main] INFO  db.DBStoreBuilder (DBStoreBuilder.java:addTable(110)) - using custom profile for table: deletedBlocks
2019-09-25 04:49:07,717 [main] INFO  db.DBStoreBuilder (DBStoreBuilder.java:processTables(161)) - Using default column profile:DBProfile.DISK for Table:deletedBlocks
2019-09-25 04:49:07,717 [main] INFO  db.DBStoreBuilder (DBStoreBuilder.java:addTable(110)) - using custom profile for table: validCerts
2019-09-25 04:49:07,718 [main] INFO  db.DBStoreBuilder (DBStoreBuilder.java:processTables(161)) - Using default column profile:DBProfile.DISK for Table:validCerts
2019-09-25 04:49:07,718 [main] INFO  db.DBStoreBuilder (DBStoreBuilder.java:addTable(110)) - using custom profile for table: revokedCerts
2019-09-25 04:49:07,718 [main] INFO  db.DBStoreBuilder (DBStoreBuilder.java:processTables(161)) - Using default column profile:DBProfile.DISK for Table:revokedCerts
2019-09-25 04:49:07,735 [main] INFO  db.DBStoreBuilder (DBStoreBuilder.java:addTable(110)) - using custom profile for table: default
2019-09-25 04:49:07,736 [main] INFO  db.DBStoreBuilder (DBStoreBuilder.java:processTables(167)) - Using default column profile:DBProfile.DISK for Table:default
2019-09-25 04:49:07,737 [main] INFO  db.DBStoreBuilder (DBStoreBuilder.java:getDbProfile(198)) - Using default options. DBProfile.DISK
2019-09-25 04:49:08,012 [main] INFO  net.NodeSchemaLoader (NodeSchemaLoader.java:loadSchemaFromFile(125)) - Loading file from sun.misc.CompoundEnumeration@14cd1699
2019-09-25 04:49:08,014 [main] INFO  net.NodeSchemaLoader (NodeSchemaLoader.java:loadSchema(171)) - Loading network topology layer schema file
2019-09-25 04:49:08,089 [main] INFO  node.SCMNodeManager (SCMNodeManager.java:<init>(114)) - Entering startup safe mode.
2019-09-25 04:49:08,164 [main] INFO  algorithms.ContainerPlacementPolicyFactory (ContainerPlacementPolicyFactory.java:getPolicy(60)) - Create container placement policy of type org.apache.hadoop.hdds.scm.container.placement.algorithms.SCMContainerPlacementRandom
2019-09-25 04:49:08,178 [main] WARN  server.ServerUtils (ServerUtils.java:getScmDbDir(145)) - ozone.scm.db.dirs is not configured. We recommend adding this setting. Falling back to ozone.metadata.dirs instead.
2019-09-25 04:49:08,234 [main] INFO  pipeline.SCMPipelineManager (SCMPipelineManager.java:initializePipelineState(132)) - No pipeline exists in current db
2019-09-25 04:49:08,236 [main] WARN  server.ServerUtils (ServerUtils.java:getScmDbDir(145)) - ozone.scm.db.dirs is not configured. We recommend adding this setting. Falling back to ozone.metadata.dirs instead.
2019-09-25 04:49:08,330 [main] WARN  events.EventQueue (EventQueue.java:fireEvent(183)) - No event handler registered for event TypedEvent{payloadType=SafeModeStatus, name='SafeModeStatus'}
2019-09-25 04:49:08,711 [main] INFO  ipc.CallQueueManager (CallQueueManager.java:<init>(84)) - Using callQueue: class java.util.concurrent.LinkedBlockingQueue, queueCapacity: 2000, scheduler: class org.apache.hadoop.ipc.DefaultRpcScheduler, ipcBackoff: false.
2019-09-25 04:49:08,745 [Socket Reader #1 for port 39905] INFO  ipc.Server (Server.java:run(1074)) - Starting Socket Reader #1 for port 39905
2019-09-25 04:49:08,894 [main] INFO  ipc.CallQueueManager (CallQueueManager.java:<init>(84)) - Using callQueue: class java.util.concurrent.LinkedBlockingQueue, queueCapacity: 2000, scheduler: class org.apache.hadoop.ipc.DefaultRpcScheduler, ipcBackoff: false.
2019-09-25 04:49:08,895 [Socket Reader #1 for port 33184] INFO  ipc.Server (Server.java:run(1074)) - Starting Socket Reader #1 for port 33184
2019-09-25 04:49:08,907 [main] INFO  ipc.CallQueueManager (CallQueueManager.java:<init>(84)) - Using callQueue: class java.util.concurrent.LinkedBlockingQueue, queueCapacity: 2000, scheduler: class org.apache.hadoop.ipc.DefaultRpcScheduler, ipcBackoff: false.
2019-09-25 04:49:08,908 [Socket Reader #1 for port 43480] INFO  ipc.Server (Server.java:run(1074)) - Starting Socket Reader #1 for port 43480
2019-09-25 04:49:08,934 [main] INFO  hdfs.DFSUtil (DFSUtil.java:httpServerTemplateForNNAndJN(1641)) - Starting Web-server for scm at: http://0.0.0.0:0
2019-09-25 04:49:09,112 [main] INFO  server.AuthenticationFilter (AuthenticationFilter.java:constructSecretProvider(240)) - Unable to initialize FileSignerSecretProvider, falling back to use random secrets.
2019-09-25 04:49:09,121 [main] WARN  http.HttpRequestLog (HttpRequestLog.java:getRequestLog(97)) - Jetty request log can only be enabled using Log4j
2019-09-25 04:49:09,130 [main] INFO  http.HttpServer2 (HttpServer2.java:addGlobalFilter(975)) - Added global filter 'safety' (class=org.apache.hadoop.http.HttpServer2$QuotingInputFilter)
2019-09-25 04:49:09,132 [main] INFO  http.HttpServer2 (HttpServer2.java:addFilter(948)) - Added filter static_user_filter (class=org.apache.hadoop.http.lib.StaticUserWebFilter$StaticUserFilter) to context scm
2019-09-25 04:49:09,133 [main] INFO  http.HttpServer2 (HttpServer2.java:addFilter(958)) - Added filter static_user_filter (class=org.apache.hadoop.http.lib.StaticUserWebFilter$StaticUserFilter) to context logs
2019-09-25 04:49:09,133 [main] INFO  http.HttpServer2 (HttpServer2.java:addFilter(958)) - Added filter static_user_filter (class=org.apache.hadoop.http.lib.StaticUserWebFilter$StaticUserFilter) to context static
2019-09-25 04:49:09,166 [main] INFO  server.StorageContainerManager (StorageContainerManager.java:start(770)) - StorageContainerLocationProtocol RPC server is listening at /0.0.0.0:43480
2019-09-25 04:49:09,245 [main] WARN  impl.MetricsConfig (MetricsConfig.java:loadFirst(134)) - Cannot locate configuration: tried hadoop-metrics2-storagecontainermanager.properties,hadoop-metrics2.properties
2019-09-25 04:49:09,261 [main] INFO  impl.MetricsSystemImpl (MetricsSystemImpl.java:startTimer(374)) - Scheduled Metric snapshot period at 10 second(s).
2019-09-25 04:49:09,261 [main] INFO  impl.MetricsSystemImpl (MetricsSystemImpl.java:start(191)) - StorageContainerManager metrics system started
2019-09-25 04:49:09,493 [main] INFO  server.SCMClientProtocolServer (SCMClientProtocolServer.java:start(151)) - RPC server for Client  is listening at /0.0.0.0:43480
2019-09-25 04:49:09,493 [IPC Server Responder] INFO  ipc.Server (Server.java:run(1314)) - IPC Server Responder: starting
2019-09-25 04:49:09,493 [IPC Server listener on 43480] INFO  ipc.Server (Server.java:run(1153)) - IPC Server listener on 43480: starting
2019-09-25 04:49:09,496 [main] INFO  server.StorageContainerManager (StorageContainerManager.java:start(780)) - ScmBlockLocationProtocol RPC server is listening at /0.0.0.0:33184
2019-09-25 04:49:09,497 [main] INFO  server.SCMBlockProtocolServer (SCMBlockProtocolServer.java:start(146)) - RPC server for Block Protocol is listening at /0.0.0.0:33184
2019-09-25 04:49:09,498 [IPC Server Responder] INFO  ipc.Server (Server.java:run(1314)) - IPC Server Responder: starting
2019-09-25 04:49:09,498 [IPC Server listener on 33184] INFO  ipc.Server (Server.java:run(1153)) - IPC Server listener on 33184: starting
2019-09-25 04:49:09,500 [main] INFO  server.StorageContainerManager (StorageContainerManager.java:start(784)) - ScmDatanodeProtocl RPC server is listening at /0.0.0.0:39905
2019-09-25 04:49:09,500 [main] INFO  server.SCMDatanodeProtocolServer (SCMDatanodeProtocolServer.java:start(191)) - RPC server for DataNodes is listening at /0.0.0.0:39905
2019-09-25 04:49:09,501 [IPC Server Responder] INFO  ipc.Server (Server.java:run(1314)) - IPC Server Responder: starting
2019-09-25 04:49:09,501 [IPC Server listener on 39905] INFO  ipc.Server (Server.java:run(1153)) - IPC Server listener on 39905: starting
2019-09-25 04:49:09,504 [main] INFO  http.HttpServer2 (HttpServer2.java:bindListener(1191)) - Jetty bound to port 39091
2019-09-25 04:49:09,506 [main] INFO  server.Server (Server.java:doStart(351)) - jetty-9.3.25.v20180904, build timestamp: 2018-09-04T21:11:46Z, git hash: 3ce520221d0240229c862b122d2b06c12a625732
2019-09-25 04:49:09,544 [main] INFO  handler.ContextHandler (ContextHandler.java:doStart(781)) - Started o.e.j.s.ServletContextHandler@1d131e1b{/logs,file:///workdir/hadoop-ozone/integration-test/target/log,AVAILABLE}
2019-09-25 04:49:09,544 [main] INFO  handler.ContextHandler (ContextHandler.java:doStart(781)) - Started o.e.j.s.ServletContextHandler@615091b8{/static,file:///workdir/hadoop-ozone/integration-test/target/test-classes/webapps/static,AVAILABLE}
2019-09-25 04:49:09,577 [main] INFO  handler.ContextHandler (ContextHandler.java:doStart(781)) - Started o.e.j.w.WebAppContext@9cd25ff{/,file:///workdir/hadoop-ozone/integration-test/target/test-classes/webapps/scm/,AVAILABLE}{/scm}
2019-09-25 04:49:09,583 [main] INFO  server.AbstractConnector (AbstractConnector.java:doStart(278)) - Started ServerConnector@1ac85b0c{HTTP/1.1,[http/1.1]}{0.0.0.0:39091}
2019-09-25 04:49:09,583 [main] INFO  server.Server (Server.java:doStart(419)) - Started @2947ms
2019-09-25 04:49:09,585 [main] INFO  impl.MetricsSinkAdapter (MetricsSinkAdapter.java:start(204)) - Sink prometheus started
2019-09-25 04:49:09,585 [main] INFO  impl.MetricsSystemImpl (MetricsSystemImpl.java:registerSink(301)) - Registered sink prometheus
2019-09-25 04:49:09,586 [main] INFO  server.BaseHttpServer (BaseHttpServer.java:updateConnectorAddress(215)) - HTTP server of SCM is listening at http://0.0.0.0:39091
2019-09-25 04:49:09,592 [org.apache.hadoop.util.JvmPauseMonitor$Monitor@410954b] INFO  util.JvmPauseMonitor (JvmPauseMonitor.java:run(188)) - Starting JVM pause monitor
2019-09-25 04:49:09,594 [main] WARN  server.ServerUtils (ServerUtils.java:getDBPath(222)) - ozone.om.db.dirs is not configured. We recommend adding this setting. Falling back to ozone.metadata.dirs instead.
2019-09-25 04:49:09,705 [main] WARN  server.ServerUtils (ServerUtils.java:getDBPath(222)) - ozone.om.db.dirs is not configured. We recommend adding this setting. Falling back to ozone.metadata.dirs instead.
2019-09-25 04:49:09,706 [main] WARN  server.ServerUtils (ServerUtils.java:getDBPath(222)) - ozone.om.db.dirs is not configured. We recommend adding this setting. Falling back to ozone.metadata.dirs instead.
2019-09-25 04:49:09,707 [main] INFO  om.OzoneManager (OzoneManager.java:setOMNodeDetails(652)) - OM Service ID is not set. Setting it to the default ID: omServiceIdDefault
2019-09-25 04:49:09,707 [main] INFO  om.OzoneManager (OzoneManager.java:setOMNodeDetails(658)) - OM Node ID is not set. Setting it to the OmStorage's OmID: 52193c68-17af-431b-a40a-750329c1a140
2019-09-25 04:49:09,708 [main] INFO  om.OzoneManager (OzoneManager.java:loadOMHAConfigs(609)) - Found matching OM address with OMServiceId: null, OMNodeId: null, RPC Address: localhost:0 and Ratis port: 9872
2019-09-25 04:49:10,448 [main] WARN  server.ServerUtils (ServerUtils.java:getDBPath(222)) - ozone.om.db.dirs is not configured. We recommend adding this setting. Falling back to ozone.metadata.dirs instead.
2019-09-25 04:49:10,455 [main] INFO  db.DBStoreBuilder (DBStoreBuilder.java:addTable(110)) - using custom profile for table: userTable
2019-09-25 04:49:10,455 [main] INFO  db.DBStoreBuilder (DBStoreBuilder.java:processTables(161)) - Using default column profile:DBProfile.DISK for Table:userTable
2019-09-25 04:49:10,456 [main] INFO  db.DBStoreBuilder (DBStoreBuilder.java:addTable(110)) - using custom profile for table: volumeTable
2019-09-25 04:49:10,456 [main] INFO  db.DBStoreBuilder (DBStoreBuilder.java:processTables(161)) - Using default column profile:DBProfile.DISK for Table:volumeTable
2019-09-25 04:49:10,456 [main] INFO  db.DBStoreBuilder (DBStoreBuilder.java:addTable(110)) - using custom profile for table: bucketTable
2019-09-25 04:49:10,456 [main] INFO  db.DBStoreBuilder (DBStoreBuilder.java:processTables(161)) - Using default column profile:DBProfile.DISK for Table:bucketTable
2019-09-25 04:49:10,457 [main] INFO  db.DBStoreBuilder (DBStoreBuilder.java:addTable(110)) - using custom profile for table: keyTable
2019-09-25 04:49:10,457 [main] INFO  db.DBStoreBuilder (DBStoreBuilder.java:processTables(161)) - Using default column profile:DBProfile.DISK for Table:keyTable
2019-09-25 04:49:10,457 [main] INFO  db.DBStoreBuilder (DBStoreBuilder.java:addTable(110)) - using custom profile for table: deletedTable
2019-09-25 04:49:10,457 [main] INFO  db.DBStoreBuilder (DBStoreBuilder.java:processTables(161)) - Using default column profile:DBProfile.DISK for Table:deletedTable
2019-09-25 04:49:10,458 [main] INFO  db.DBStoreBuilder (DBStoreBuilder.java:addTable(110)) - using custom profile for table: openKeyTable
2019-09-25 04:49:10,458 [main] INFO  db.DBStoreBuilder (DBStoreBuilder.java:processTables(161)) - Using default column profile:DBProfile.DISK for Table:openKeyTable
2019-09-25 04:49:10,458 [main] INFO  db.DBStoreBuilder (DBStoreBuilder.java:addTable(110)) - using custom profile for table: s3Table
2019-09-25 04:49:10,458 [main] INFO  db.DBStoreBuilder (DBStoreBuilder.java:processTables(161)) - Using default column profile:DBProfile.DISK for Table:s3Table
2019-09-25 04:49:10,459 [main] INFO  db.DBStoreBuilder (DBStoreBuilder.java:addTable(110)) - using custom profile for table: multipartInfoTable
2019-09-25 04:49:10,459 [main] INFO  db.DBStoreBuilder (DBStoreBuilder.java:processTables(161)) - Using default column profile:DBProfile.DISK for Table:multipartInfoTable
2019-09-25 04:49:10,459 [main] INFO  db.DBStoreBuilder (DBStoreBuilder.java:addTable(110)) - using custom profile for table: dTokenTable
2019-09-25 04:49:10,459 [main] INFO  db.DBStoreBuilder (DBStoreBuilder.java:processTables(161)) - Using default column profile:DBProfile.DISK for Table:dTokenTable
2019-09-25 04:49:10,460 [main] INFO  db.DBStoreBuilder (DBStoreBuilder.java:addTable(110)) - using custom profile for table: s3SecretTable
2019-09-25 04:49:10,460 [main] INFO  db.DBStoreBuilder (DBStoreBuilder.java:processTables(161)) - Using default column profile:DBProfile.DISK for Table:s3SecretTable
2019-09-25 04:49:10,460 [main] INFO  db.DBStoreBuilder (DBStoreBuilder.java:addTable(110)) - using custom profile for table: prefixTable
2019-09-25 04:49:10,460 [main] INFO  db.DBStoreBuilder (DBStoreBuilder.java:processTables(161)) - Using default column profile:DBProfile.DISK for Table:prefixTable
2019-09-25 04:49:10,461 [main] INFO  db.DBStoreBuilder (DBStoreBuilder.java:addTable(110)) - using custom profile for table: default
2019-09-25 04:49:10,461 [main] INFO  db.DBStoreBuilder (DBStoreBuilder.java:processTables(167)) - Using default column profile:DBProfile.DISK for Table:default
2019-09-25 04:49:10,461 [main] INFO  db.DBStoreBuilder (DBStoreBuilder.java:getDbProfile(198)) - Using default options. DBProfile.DISK
2019-09-25 04:49:10,943 [main] INFO  ipc.CallQueueManager (CallQueueManager.java:<init>(84)) - Using callQueue: class java.util.concurrent.LinkedBlockingQueue, queueCapacity: 2000, scheduler: class org.apache.hadoop.ipc.DefaultRpcScheduler, ipcBackoff: false.
2019-09-25 04:49:10,944 [Socket Reader #1 for port 42424] INFO  ipc.Server (Server.java:run(1074)) - Starting Socket Reader #1 for port 42424
2019-09-25 04:49:10,965 [main] INFO  om.OzoneManager (OzoneManager.java:start(1243)) - OzoneManager RPC server is listening at localhost/127.0.0.1:42424
2019-09-25 04:49:10,965 [main] INFO  impl.MetricsSystemImpl (MetricsSystemImpl.java:init(158)) - OzoneManager metrics system started (again)
2019-09-25 04:49:10,966 [IPC Server Responder] INFO  ipc.Server (Server.java:run(1314)) - IPC Server Responder: starting
2019-09-25 04:49:10,966 [IPC Server listener on 42424] INFO  ipc.Server (Server.java:run(1153)) - IPC Server listener on 42424: starting
2019-09-25 04:49:10,972 [main] INFO  hdfs.DFSUtil (DFSUtil.java:httpServerTemplateForNNAndJN(1641)) - Starting Web-server for ozoneManager at: http://0.0.0.0:0
2019-09-25 04:49:10,974 [main] INFO  server.AuthenticationFilter (AuthenticationFilter.java:constructSecretProvider(240)) - Unable to initialize FileSignerSecretProvider, falling back to use random secrets.
2019-09-25 04:49:10,974 [main] WARN  http.HttpRequestLog (HttpRequestLog.java:getRequestLog(97)) - Jetty request log can only be enabled using Log4j
2019-09-25 04:49:10,976 [main] INFO  http.HttpServer2 (HttpServer2.java:addGlobalFilter(975)) - Added global filter 'safety' (class=org.apache.hadoop.http.HttpServer2$QuotingInputFilter)
2019-09-25 04:49:10,977 [main] INFO  http.HttpServer2 (HttpServer2.java:addFilter(948)) - Added filter static_user_filter (class=org.apache.hadoop.http.lib.StaticUserWebFilter$StaticUserFilter) to context ozoneManager
2019-09-25 04:49:10,977 [main] INFO  http.HttpServer2 (HttpServer2.java:addFilter(958)) - Added filter static_user_filter (class=org.apache.hadoop.http.lib.StaticUserWebFilter$StaticUserFilter) to context logs
2019-09-25 04:49:10,978 [main] INFO  http.HttpServer2 (HttpServer2.java:addFilter(958)) - Added filter static_user_filter (class=org.apache.hadoop.http.lib.StaticUserWebFilter$StaticUserFilter) to context static
2019-09-25 04:49:10,980 [main] INFO  http.HttpServer2 (HttpServer2.java:bindListener(1191)) - Jetty bound to port 39572
2019-09-25 04:49:10,980 [main] INFO  server.Server (Server.java:doStart(351)) - jetty-9.3.25.v20180904, build timestamp: 2018-09-04T21:11:46Z, git hash: 3ce520221d0240229c862b122d2b06c12a625732
2019-09-25 04:49:10,982 [main] INFO  handler.ContextHandler (ContextHandler.java:doStart(781)) - Started o.e.j.s.ServletContextHandler@629f066f{/logs,file:///workdir/hadoop-ozone/integration-test/target/log,AVAILABLE}
2019-09-25 04:49:10,983 [main] INFO  handler.ContextHandler (ContextHandler.java:doStart(781)) - Started o.e.j.s.ServletContextHandler@ecfbe91{/static,file:///workdir/hadoop-ozone/integration-test/target/test-classes/webapps/static,AVAILABLE}
2019-09-25 04:49:10,988 [main] INFO  handler.ContextHandler (ContextHandler.java:doStart(781)) - Started o.e.j.w.WebAppContext@7ca0863b{/,file:///workdir/hadoop-ozone/integration-test/target/test-classes/webapps/ozoneManager/,AVAILABLE}{/ozoneManager}
2019-09-25 04:49:10,989 [main] INFO  server.AbstractConnector (AbstractConnector.java:doStart(278)) - Started ServerConnector@319854f0{HTTP/1.1,[http/1.1]}{0.0.0.0:39572}
2019-09-25 04:49:10,990 [main] INFO  server.Server (Server.java:doStart(419)) - Started @4354ms
2019-09-25 04:49:10,990 [main] WARN  impl.MetricsSystemImpl (MetricsSystemImpl.java:register(276)) - Sink prometheus already exists!
2019-09-25 04:49:10,991 [main] INFO  server.BaseHttpServer (BaseHttpServer.java:updateConnectorAddress(215)) - HTTP server of OZONEMANAGER is listening at http://0.0.0.0:39572
2019-09-25 04:49:11,344 [main] INFO  impl.MetricsSystemImpl (MetricsSystemImpl.java:init(158)) - HddsDatanode metrics system started (again)
2019-09-25 04:49:11,393 [main] INFO  ozone.HddsDatanodeService (HddsDatanodeService.java:start(184)) - HddsDatanodeService host:pr-hdds-1569-s44lr-3492059363 ip:192.168.164.207
2019-09-25 04:49:11,424 [main] INFO  volume.HddsVolume (HddsVolume.java:<init>(176)) - Creating Volume: /workdir/hadoop-ozone/integration-test/target/test-dir/MiniOzoneClusterImpl-73e7cd3e-72db-4213-b677-28bfbd198772/datanode-0/data/containers/hdds of  storage type : DISK and capacity : 1482555576320
2019-09-25 04:49:11,426 [main] INFO  volume.VolumeSet (VolumeSet.java:initializeVolumeSet(170)) - Added Volume : /workdir/hadoop-ozone/integration-test/target/test-dir/MiniOzoneClusterImpl-73e7cd3e-72db-4213-b677-28bfbd198772/datanode-0/data/containers/hdds to VolumeSet
2019-09-25 04:49:11,429 [main] INFO  volume.ThrottledAsyncChecker (ThrottledAsyncChecker.java:schedule(139)) - Scheduling a check for org.apache.hadoop.ozone.container.common.volume.HddsVolume@59496961
2019-09-25 04:49:11,447 [main] INFO  volume.HddsVolumeChecker (HddsVolumeChecker.java:checkAllVolumes(202)) - Scheduled health check for volume org.apache.hadoop.ozone.container.common.volume.HddsVolume@59496961
2019-09-25 04:49:11,579 [main] INFO  impl.RaftServerProxy (ConfUtils.java:logGet(43)) - raft.rpc.type = GRPC (default)
2019-09-25 04:49:11,679 [main] INFO  grpc.GrpcFactory (GrpcFactory.java:checkPooledByteBufAllocatorUseCacheForAllThreads(45)) - PERFORMANCE WARNING: useCacheForAllThreads is true that may cause Netty to create a lot garbage objects and, as a result, trigger GC.
	It is recommended to disable useCacheForAllThreads by setting -Dorg.apache.ratis.thirdparty.io.netty.allocator.useCacheForAllThreads=false in command line.
2019-09-25 04:49:11,685 [main] INFO  grpc.GrpcConfigKeys$Server (ConfUtils.java:logGet(43)) - raft.grpc.server.port = 0 (default)
2019-09-25 04:49:11,686 [main] INFO  server.GrpcService (ConfUtils.java:logGet(43)) - raft.grpc.message.size.max = 33570816 (custom)
2019-09-25 04:49:11,688 [main] INFO  server.RaftServerConfigKeys (ConfUtils.java:logGet(43)) - raft.server.log.appender.buffer.byte-limit = 33554432 (custom)
2019-09-25 04:49:11,690 [main] INFO  server.GrpcService (ConfUtils.java:logGet(43)) - raft.grpc.flow.control.window = 1MB (=1048576) (default)
2019-09-25 04:49:11,691 [main] INFO  server.RaftServerConfigKeys (ConfUtils.java:logGet(43)) - raft.server.rpc.request.timeout = 3000ms (default)
2019-09-25 04:49:11,910 [main] INFO  server.RaftServerConfigKeys (ConfUtils.java:logGet(43)) - raft.server.storage.dir = [/workdir/hadoop-ozone/integration-test/target/test-dir/MiniOzoneClusterImpl-73e7cd3e-72db-4213-b677-28bfbd198772/datanode-0/data/ratis] (custom)
2019-09-25 04:49:11,970 [main] INFO  hdfs.DFSUtil (DFSUtil.java:httpServerTemplateForNNAndJN(1641)) - Starting Web-server for hddsDatanode at: http://0.0.0.0:0
2019-09-25 04:49:11,973 [main] INFO  server.AuthenticationFilter (AuthenticationFilter.java:constructSecretProvider(240)) - Unable to initialize FileSignerSecretProvider, falling back to use random secrets.
2019-09-25 04:49:11,975 [main] WARN  http.HttpRequestLog (HttpRequestLog.java:getRequestLog(97)) - Jetty request log can only be enabled using Log4j
2019-09-25 04:49:11,978 [main] INFO  http.HttpServer2 (HttpServer2.java:addGlobalFilter(975)) - Added global filter 'safety' (class=org.apache.hadoop.http.HttpServer2$QuotingInputFilter)
2019-09-25 04:49:11,979 [main] INFO  http.HttpServer2 (HttpServer2.java:addFilter(948)) - Added filter static_user_filter (class=org.apache.hadoop.http.lib.StaticUserWebFilter$StaticUserFilter) to context hddsDatanode
2019-09-25 04:49:11,979 [main] INFO  http.HttpServer2 (HttpServer2.java:addFilter(958)) - Added filter static_user_filter (class=org.apache.hadoop.http.lib.StaticUserWebFilter$StaticUserFilter) to context static
2019-09-25 04:49:11,979 [main] INFO  http.HttpServer2 (HttpServer2.java:addFilter(958)) - Added filter static_user_filter (class=org.apache.hadoop.http.lib.StaticUserWebFilter$StaticUserFilter) to context logs
2019-09-25 04:49:11,981 [main] INFO  http.HttpServer2 (HttpServer2.java:bindListener(1191)) - Jetty bound to port 46808
2019-09-25 04:49:11,982 [main] INFO  server.Server (Server.java:doStart(351)) - jetty-9.3.25.v20180904, build timestamp: 2018-09-04T21:11:46Z, git hash: 3ce520221d0240229c862b122d2b06c12a625732
2019-09-25 04:49:11,985 [main] INFO  handler.ContextHandler (ContextHandler.java:doStart(781)) - Started o.e.j.s.ServletContextHandler@6403e24c{/logs,file:///workdir/hadoop-ozone/integration-test/target/log,AVAILABLE}
2019-09-25 04:49:11,985 [main] INFO  handler.ContextHandler (ContextHandler.java:doStart(781)) - Started o.e.j.s.ServletContextHandler@4eba373c{/static,jar:file:/home/user/.m2/repository/org/apache/hadoop/hadoop-hdds-container-service/0.5.0-SNAPSHOT/hadoop-hdds-container-service-0.5.0-SNAPSHOT.jar!/webapps/static,AVAILABLE}
2019-09-25 04:49:12,029 [main] INFO  handler.ContextHandler (ContextHandler.java:doStart(781)) - Started o.e.j.w.WebAppContext@71a06021{/,file:///tmp/jetty-0.0.0.0-46808-hddsDatanode-_-any-8782403537094048091.dir/webapp/,AVAILABLE}{/hddsDatanode}
2019-09-25 04:49:12,030 [main] INFO  server.AbstractConnector (AbstractConnector.java:doStart(278)) - Started ServerConnector@80bfdc6{HTTP/1.1,[http/1.1]}{0.0.0.0:46808}
2019-09-25 04:49:12,031 [main] INFO  server.Server (Server.java:doStart(419)) - Started @5395ms
2019-09-25 04:49:12,032 [main] WARN  impl.MetricsSystemImpl (MetricsSystemImpl.java:register(276)) - Sink prometheus already exists!
2019-09-25 04:49:12,033 [main] INFO  server.BaseHttpServer (BaseHttpServer.java:updateConnectorAddress(215)) - HTTP server of HDDSDATANODE is listening at http://0.0.0.0:46808
2019-09-25 04:49:12,035 [main] INFO  impl.MetricsSystemImpl (MetricsSystemImpl.java:init(158)) - HddsDatanode metrics system started (again)
2019-09-25 04:49:12,041 [main] INFO  ozone.HddsDatanodeService (HddsDatanodeService.java:start(184)) - HddsDatanodeService host:pr-hdds-1569-s44lr-3492059363 ip:192.168.164.207
2019-09-25 04:49:12,041 [org.apache.hadoop.util.JvmPauseMonitor$Monitor@1dd6ea7a] INFO  util.JvmPauseMonitor (JvmPauseMonitor.java:run(188)) - Starting JVM pause monitor
2019-09-25 04:49:12,052 [main] INFO  volume.HddsVolume (HddsVolume.java:<init>(176)) - Creating Volume: /workdir/hadoop-ozone/integration-test/target/test-dir/MiniOzoneClusterImpl-73e7cd3e-72db-4213-b677-28bfbd198772/datanode-1/data/containers/hdds of  storage type : DISK and capacity : 1482555576320
2019-09-25 04:49:12,053 [main] INFO  volume.VolumeSet (VolumeSet.java:initializeVolumeSet(170)) - Added Volume : /workdir/hadoop-ozone/integration-test/target/test-dir/MiniOzoneClusterImpl-73e7cd3e-72db-4213-b677-28bfbd198772/datanode-1/data/containers/hdds to VolumeSet
2019-09-25 04:49:12,053 [main] INFO  volume.ThrottledAsyncChecker (ThrottledAsyncChecker.java:schedule(139)) - Scheduling a check for org.apache.hadoop.ozone.container.common.volume.HddsVolume@6dfa915a
2019-09-25 04:49:12,055 [main] INFO  volume.HddsVolumeChecker (HddsVolumeChecker.java:checkAllVolumes(202)) - Scheduled health check for volume org.apache.hadoop.ozone.container.common.volume.HddsVolume@6dfa915a
2019-09-25 04:49:12,073 [main] INFO  impl.RaftServerProxy (ConfUtils.java:logGet(43)) - raft.rpc.type = GRPC (default)
2019-09-25 04:49:12,074 [main] INFO  grpc.GrpcFactory (GrpcFactory.java:checkPooledByteBufAllocatorUseCacheForAllThreads(45)) - PERFORMANCE WARNING: useCacheForAllThreads is true that may cause Netty to create a lot garbage objects and, as a result, trigger GC.
	It is recommended to disable useCacheForAllThreads by setting -Dorg.apache.ratis.thirdparty.io.netty.allocator.useCacheForAllThreads=false in command line.
2019-09-25 04:49:12,074 [main] INFO  grpc.GrpcConfigKeys$Server (ConfUtils.java:logGet(43)) - raft.grpc.server.port = 0 (default)
2019-09-25 04:49:12,074 [main] INFO  server.GrpcService (ConfUtils.java:logGet(43)) - raft.grpc.message.size.max = 33570816 (custom)
2019-09-25 04:49:12,075 [main] INFO  server.RaftServerConfigKeys (ConfUtils.java:logGet(43)) - raft.server.log.appender.buffer.byte-limit = 33554432 (custom)
2019-09-25 04:49:12,075 [main] INFO  server.GrpcService (ConfUtils.java:logGet(43)) - raft.grpc.flow.control.window = 1MB (=1048576) (default)
2019-09-25 04:49:12,075 [main] INFO  server.RaftServerConfigKeys (ConfUtils.java:logGet(43)) - raft.server.rpc.request.timeout = 3000ms (default)
2019-09-25 04:49:12,076 [main] INFO  server.RaftServerConfigKeys (ConfUtils.java:logGet(43)) - raft.server.storage.dir = [/workdir/hadoop-ozone/integration-test/target/test-dir/MiniOzoneClusterImpl-73e7cd3e-72db-4213-b677-28bfbd198772/datanode-1/data/ratis] (custom)
2019-09-25 04:49:12,078 [main] INFO  hdfs.DFSUtil (DFSUtil.java:httpServerTemplateForNNAndJN(1641)) - Starting Web-server for hddsDatanode at: http://0.0.0.0:0
2019-09-25 04:49:12,080 [main] INFO  server.AuthenticationFilter (AuthenticationFilter.java:constructSecretProvider(240)) - Unable to initialize FileSignerSecretProvider, falling back to use random secrets.
2019-09-25 04:49:12,081 [main] WARN  http.HttpRequestLog (HttpRequestLog.java:getRequestLog(97)) - Jetty request log can only be enabled using Log4j
2019-09-25 04:49:12,083 [main] INFO  http.HttpServer2 (HttpServer2.java:addGlobalFilter(975)) - Added global filter 'safety' (class=org.apache.hadoop.http.HttpServer2$QuotingInputFilter)
2019-09-25 04:49:12,084 [main] INFO  http.HttpServer2 (HttpServer2.java:addFilter(948)) - Added filter static_user_filter (class=org.apache.hadoop.http.lib.StaticUserWebFilter$StaticUserFilter) to context hddsDatanode
2019-09-25 04:49:12,084 [main] INFO  http.HttpServer2 (HttpServer2.java:addFilter(958)) - Added filter static_user_filter (class=org.apache.hadoop.http.lib.StaticUserWebFilter$StaticUserFilter) to context static
2019-09-25 04:49:12,084 [main] INFO  http.HttpServer2 (HttpServer2.java:addFilter(958)) - Added filter static_user_filter (class=org.apache.hadoop.http.lib.StaticUserWebFilter$StaticUserFilter) to context logs
2019-09-25 04:49:12,085 [main] INFO  http.HttpServer2 (HttpServer2.java:bindListener(1191)) - Jetty bound to port 35915
2019-09-25 04:49:12,085 [main] INFO  server.Server (Server.java:doStart(351)) - jetty-9.3.25.v20180904, build timestamp: 2018-09-04T21:11:46Z, git hash: 3ce520221d0240229c862b122d2b06c12a625732
2019-09-25 04:49:12,090 [main] INFO  handler.ContextHandler (ContextHandler.java:doStart(781)) - Started o.e.j.s.ServletContextHandler@1a2bcd56{/logs,file:///workdir/hadoop-ozone/integration-test/target/log,AVAILABLE}
2019-09-25 04:49:12,090 [main] INFO  handler.ContextHandler (ContextHandler.java:doStart(781)) - Started o.e.j.s.ServletContextHandler@59dc36d4{/static,jar:file:/home/user/.m2/repository/org/apache/hadoop/hadoop-hdds-container-service/0.5.0-SNAPSHOT/hadoop-hdds-container-service-0.5.0-SNAPSHOT.jar!/webapps/static,AVAILABLE}
2019-09-25 04:49:12,136 [main] INFO  handler.ContextHandler (ContextHandler.java:doStart(781)) - Started o.e.j.w.WebAppContext@5e5af8e1{/,file:///tmp/jetty-0.0.0.0-35915-hddsDatanode-_-any-2892809388960026689.dir/webapp/,AVAILABLE}{/hddsDatanode}
2019-09-25 04:49:12,141 [main] INFO  server.AbstractConnector (AbstractConnector.java:doStart(278)) - Started ServerConnector@30b131b2{HTTP/1.1,[http/1.1]}{0.0.0.0:35915}
2019-09-25 04:49:12,143 [main] INFO  server.Server (Server.java:doStart(419)) - Started @5507ms
2019-09-25 04:49:12,143 [main] WARN  impl.MetricsSystemImpl (MetricsSystemImpl.java:register(276)) - Sink prometheus already exists!
2019-09-25 04:49:12,145 [main] INFO  server.BaseHttpServer (BaseHttpServer.java:updateConnectorAddress(215)) - HTTP server of HDDSDATANODE is listening at http://0.0.0.0:35915
2019-09-25 04:49:12,146 [main] INFO  impl.MetricsSystemImpl (MetricsSystemImpl.java:init(158)) - HddsDatanode metrics system started (again)
2019-09-25 04:49:12,149 [org.apache.hadoop.util.JvmPauseMonitor$Monitor@49266933] INFO  util.JvmPauseMonitor (JvmPauseMonitor.java:run(188)) - Starting JVM pause monitor
2019-09-25 04:49:12,153 [main] INFO  ozone.HddsDatanodeService (HddsDatanodeService.java:start(184)) - HddsDatanodeService host:pr-hdds-1569-s44lr-3492059363 ip:192.168.164.207
2019-09-25 04:49:12,161 [main] INFO  volume.HddsVolume (HddsVolume.java:<init>(176)) - Creating Volume: /workdir/hadoop-ozone/integration-test/target/test-dir/MiniOzoneClusterImpl-73e7cd3e-72db-4213-b677-28bfbd198772/datanode-2/data/containers/hdds of  storage type : DISK and capacity : 1482555576320
2019-09-25 04:49:12,162 [main] INFO  volume.VolumeSet (VolumeSet.java:initializeVolumeSet(170)) - Added Volume : /workdir/hadoop-ozone/integration-test/target/test-dir/MiniOzoneClusterImpl-73e7cd3e-72db-4213-b677-28bfbd198772/datanode-2/data/containers/hdds to VolumeSet
2019-09-25 04:49:12,162 [main] INFO  volume.ThrottledAsyncChecker (ThrottledAsyncChecker.java:schedule(139)) - Scheduling a check for org.apache.hadoop.ozone.container.common.volume.HddsVolume@2aff9dff
2019-09-25 04:49:12,163 [main] INFO  volume.HddsVolumeChecker (HddsVolumeChecker.java:checkAllVolumes(202)) - Scheduled health check for volume org.apache.hadoop.ozone.container.common.volume.HddsVolume@2aff9dff
2019-09-25 04:49:12,184 [main] INFO  impl.RaftServerProxy (ConfUtils.java:logGet(43)) - raft.rpc.type = GRPC (default)
2019-09-25 04:49:12,184 [main] INFO  grpc.GrpcFactory (GrpcFactory.java:checkPooledByteBufAllocatorUseCacheForAllThreads(45)) - PERFORMANCE WARNING: useCacheForAllThreads is true that may cause Netty to create a lot garbage objects and, as a result, trigger GC.
	It is recommended to disable useCacheForAllThreads by setting -Dorg.apache.ratis.thirdparty.io.netty.allocator.useCacheForAllThreads=false in command line.
2019-09-25 04:49:12,185 [main] INFO  grpc.GrpcConfigKeys$Server (ConfUtils.java:logGet(43)) - raft.grpc.server.port = 0 (default)
2019-09-25 04:49:12,185 [main] INFO  server.GrpcService (ConfUtils.java:logGet(43)) - raft.grpc.message.size.max = 33570816 (custom)
2019-09-25 04:49:12,185 [main] INFO  server.RaftServerConfigKeys (ConfUtils.java:logGet(43)) - raft.server.log.appender.buffer.byte-limit = 33554432 (custom)
2019-09-25 04:49:12,186 [main] INFO  server.GrpcService (ConfUtils.java:logGet(43)) - raft.grpc.flow.control.window = 1MB (=1048576) (default)
2019-09-25 04:49:12,186 [main] INFO  server.RaftServerConfigKeys (ConfUtils.java:logGet(43)) - raft.server.rpc.request.timeout = 3000ms (default)
2019-09-25 04:49:12,187 [main] INFO  server.RaftServerConfigKeys (ConfUtils.java:logGet(43)) - raft.server.storage.dir = [/workdir/hadoop-ozone/integration-test/target/test-dir/MiniOzoneClusterImpl-73e7cd3e-72db-4213-b677-28bfbd198772/datanode-2/data/ratis] (custom)
2019-09-25 04:49:12,190 [main] INFO  hdfs.DFSUtil (DFSUtil.java:httpServerTemplateForNNAndJN(1641)) - Starting Web-server for hddsDatanode at: http://0.0.0.0:0
2019-09-25 04:49:12,191 [main] INFO  server.AuthenticationFilter (AuthenticationFilter.java:constructSecretProvider(240)) - Unable to initialize FileSignerSecretProvider, falling back to use random secrets.
2019-09-25 04:49:12,193 [main] WARN  http.HttpRequestLog (HttpRequestLog.java:getRequestLog(97)) - Jetty request log can only be enabled using Log4j
2019-09-25 04:49:12,195 [main] INFO  http.HttpServer2 (HttpServer2.java:addGlobalFilter(975)) - Added global filter 'safety' (class=org.apache.hadoop.http.HttpServer2$QuotingInputFilter)
2019-09-25 04:49:12,196 [main] INFO  http.HttpServer2 (HttpServer2.java:addFilter(948)) - Added filter static_user_filter (class=org.apache.hadoop.http.lib.StaticUserWebFilter$StaticUserFilter) to context hddsDatanode
2019-09-25 04:49:12,196 [main] INFO  http.HttpServer2 (HttpServer2.java:addFilter(958)) - Added filter static_user_filter (class=org.apache.hadoop.http.lib.StaticUserWebFilter$StaticUserFilter) to context static
2019-09-25 04:49:12,196 [main] INFO  http.HttpServer2 (HttpServer2.java:addFilter(958)) - Added filter static_user_filter (class=org.apache.hadoop.http.lib.StaticUserWebFilter$StaticUserFilter) to context logs
2019-09-25 04:49:12,197 [main] INFO  http.HttpServer2 (HttpServer2.java:bindListener(1191)) - Jetty bound to port 35735
2019-09-25 04:49:12,197 [main] INFO  server.Server (Server.java:doStart(351)) - jetty-9.3.25.v20180904, build timestamp: 2018-09-04T21:11:46Z, git hash: 3ce520221d0240229c862b122d2b06c12a625732
2019-09-25 04:49:12,200 [main] INFO  handler.ContextHandler (ContextHandler.java:doStart(781)) - Started o.e.j.s.ServletContextHandler@15639440{/logs,file:///workdir/hadoop-ozone/integration-test/target/log,AVAILABLE}
2019-09-25 04:49:12,201 [Datanode State Machine Thread - 0] INFO  datanode.InitDatanodeState (InitDatanodeState.java:persistContainerDatanodeDetails(140)) - DatanodeDetails is persisted to /workdir/hadoop-ozone/integration-test/target/test-dir/MiniOzoneClusterImpl-73e7cd3e-72db-4213-b677-28bfbd198772/datanode-0/meta/datanode.id
2019-09-25 04:49:12,204 [main] INFO  handler.ContextHandler (ContextHandler.java:doStart(781)) - Started o.e.j.s.ServletContextHandler@4faa298{/static,jar:file:/home/user/.m2/repository/org/apache/hadoop/hadoop-hdds-container-service/0.5.0-SNAPSHOT/hadoop-hdds-container-service-0.5.0-SNAPSHOT.jar!/webapps/static,AVAILABLE}
2019-09-25 04:49:12,204 [Datanode State Machine Thread - 0] INFO  datanode.InitDatanodeState (InitDatanodeState.java:persistContainerDatanodeDetails(140)) - DatanodeDetails is persisted to /workdir/hadoop-ozone/integration-test/target/test-dir/MiniOzoneClusterImpl-73e7cd3e-72db-4213-b677-28bfbd198772/datanode-1/meta/datanode.id
2019-09-25 04:49:12,235 [main] INFO  handler.ContextHandler (ContextHandler.java:doStart(781)) - Started o.e.j.w.WebAppContext@118ffcfd{/,file:///tmp/jetty-0.0.0.0-35735-hddsDatanode-_-any-3535869153617350502.dir/webapp/,AVAILABLE}{/hddsDatanode}
2019-09-25 04:49:12,235 [main] INFO  server.AbstractConnector (AbstractConnector.java:doStart(278)) - Started ServerConnector@53f4c1e6{HTTP/1.1,[http/1.1]}{0.0.0.0:35735}
2019-09-25 04:49:12,236 [main] INFO  server.Server (Server.java:doStart(419)) - Started @5601ms
2019-09-25 04:49:12,237 [main] WARN  impl.MetricsSystemImpl (MetricsSystemImpl.java:register(276)) - Sink prometheus already exists!
2019-09-25 04:49:12,237 [main] INFO  server.BaseHttpServer (BaseHttpServer.java:updateConnectorAddress(215)) - HTTP server of HDDSDATANODE is listening at http://0.0.0.0:35735
2019-09-25 04:49:12,238 [main] INFO  impl.MetricsSystemImpl (MetricsSystemImpl.java:init(158)) - HddsDatanode metrics system started (again)
2019-09-25 04:49:12,240 [main] INFO  ozone.HddsDatanodeService (HddsDatanodeService.java:start(184)) - HddsDatanodeService host:pr-hdds-1569-s44lr-3492059363 ip:192.168.164.207
2019-09-25 04:49:12,241 [org.apache.hadoop.util.JvmPauseMonitor$Monitor@374da4e1] INFO  util.JvmPauseMonitor (JvmPauseMonitor.java:run(188)) - Starting JVM pause monitor
2019-09-25 04:49:12,244 [Datanode State Machine Thread - 0] INFO  datanode.InitDatanodeState (InitDatanodeState.java:persistContainerDatanodeDetails(140)) - DatanodeDetails is persisted to /workdir/hadoop-ozone/integration-test/target/test-dir/MiniOzoneClusterImpl-73e7cd3e-72db-4213-b677-28bfbd198772/datanode-2/meta/datanode.id
2019-09-25 04:49:12,248 [main] INFO  volume.HddsVolume (HddsVolume.java:<init>(176)) - Creating Volume: /workdir/hadoop-ozone/integration-test/target/test-dir/MiniOzoneClusterImpl-73e7cd3e-72db-4213-b677-28bfbd198772/datanode-3/data/containers/hdds of  storage type : DISK and capacity : 1482555576320
2019-09-25 04:49:12,249 [main] INFO  volume.VolumeSet (VolumeSet.java:initializeVolumeSet(170)) - Added Volume : /workdir/hadoop-ozone/integration-test/target/test-dir/MiniOzoneClusterImpl-73e7cd3e-72db-4213-b677-28bfbd198772/datanode-3/data/containers/hdds to VolumeSet
2019-09-25 04:49:12,249 [main] INFO  volume.ThrottledAsyncChecker (ThrottledAsyncChecker.java:schedule(139)) - Scheduling a check for org.apache.hadoop.ozone.container.common.volume.HddsVolume@4ce94d2f
2019-09-25 04:49:12,249 [main] INFO  volume.HddsVolumeChecker (HddsVolumeChecker.java:checkAllVolumes(202)) - Scheduled health check for volume org.apache.hadoop.ozone.container.common.volume.HddsVolume@4ce94d2f
2019-09-25 04:49:12,263 [main] INFO  impl.RaftServerProxy (ConfUtils.java:logGet(43)) - raft.rpc.type = GRPC (default)
2019-09-25 04:49:12,263 [main] INFO  grpc.GrpcFactory (GrpcFactory.java:checkPooledByteBufAllocatorUseCacheForAllThreads(45)) - PERFORMANCE WARNING: useCacheForAllThreads is true that may cause Netty to create a lot garbage objects and, as a result, trigger GC.
	It is recommended to disable useCacheForAllThreads by setting -Dorg.apache.ratis.thirdparty.io.netty.allocator.useCacheForAllThreads=false in command line.
2019-09-25 04:49:12,263 [main] INFO  grpc.GrpcConfigKeys$Server (ConfUtils.java:logGet(43)) - raft.grpc.server.port = 0 (default)
2019-09-25 04:49:12,263 [main] INFO  server.GrpcService (ConfUtils.java:logGet(43)) - raft.grpc.message.size.max = 33570816 (custom)
2019-09-25 04:49:12,264 [main] INFO  server.RaftServerConfigKeys (ConfUtils.java:logGet(43)) - raft.server.log.appender.buffer.byte-limit = 33554432 (custom)
2019-09-25 04:49:12,264 [main] INFO  server.GrpcService (ConfUtils.java:logGet(43)) - raft.grpc.flow.control.window = 1MB (=1048576) (default)
2019-09-25 04:49:12,264 [main] INFO  server.RaftServerConfigKeys (ConfUtils.java:logGet(43)) - raft.server.rpc.request.timeout = 3000ms (default)
2019-09-25 04:49:12,265 [main] INFO  server.RaftServerConfigKeys (ConfUtils.java:logGet(43)) - raft.server.storage.dir = [/workdir/hadoop-ozone/integration-test/target/test-dir/MiniOzoneClusterImpl-73e7cd3e-72db-4213-b677-28bfbd198772/datanode-3/data/ratis] (custom)
2019-09-25 04:49:12,266 [main] INFO  hdfs.DFSUtil (DFSUtil.java:httpServerTemplateForNNAndJN(1641)) - Starting Web-server for hddsDatanode at: http://0.0.0.0:0
2019-09-25 04:49:12,267 [main] INFO  server.AuthenticationFilter (AuthenticationFilter.java:constructSecretProvider(240)) - Unable to initialize FileSignerSecretProvider, falling back to use random secrets.
2019-09-25 04:49:12,268 [main] WARN  http.HttpRequestLog (HttpRequestLog.java:getRequestLog(97)) - Jetty request log can only be enabled using Log4j
2019-09-25 04:49:12,269 [main] INFO  http.HttpServer2 (HttpServer2.java:addGlobalFilter(975)) - Added global filter 'safety' (class=org.apache.hadoop.http.HttpServer2$QuotingInputFilter)
2019-09-25 04:49:12,270 [main] INFO  http.HttpServer2 (HttpServer2.java:addFilter(948)) - Added filter static_user_filter (class=org.apache.hadoop.http.lib.StaticUserWebFilter$StaticUserFilter) to context hddsDatanode
2019-09-25 04:49:12,270 [main] INFO  http.HttpServer2 (HttpServer2.java:addFilter(958)) - Added filter static_user_filter (class=org.apache.hadoop.http.lib.StaticUserWebFilter$StaticUserFilter) to context static
2019-09-25 04:49:12,270 [main] INFO  http.HttpServer2 (HttpServer2.java:addFilter(958)) - Added filter static_user_filter (class=org.apache.hadoop.http.lib.StaticUserWebFilter$StaticUserFilter) to context logs
2019-09-25 04:49:12,271 [main] INFO  http.HttpServer2 (HttpServer2.java:bindListener(1191)) - Jetty bound to port 35918
2019-09-25 04:49:12,271 [main] INFO  server.Server (Server.java:doStart(351)) - jetty-9.3.25.v20180904, build timestamp: 2018-09-04T21:11:46Z, git hash: 3ce520221d0240229c862b122d2b06c12a625732
2019-09-25 04:49:12,276 [main] INFO  handler.ContextHandler (ContextHandler.java:doStart(781)) - Started o.e.j.s.ServletContextHandler@4b97c4ad{/logs,file:///workdir/hadoop-ozone/integration-test/target/log,AVAILABLE}
2019-09-25 04:49:12,276 [main] INFO  handler.ContextHandler (ContextHandler.java:doStart(781)) - Started o.e.j.s.ServletContextHandler@642f9a77{/static,jar:file:/home/user/.m2/repository/org/apache/hadoop/hadoop-hdds-container-service/0.5.0-SNAPSHOT/hadoop-hdds-container-service-0.5.0-SNAPSHOT.jar!/webapps/static,AVAILABLE}
2019-09-25 04:49:12,304 [main] INFO  handler.ContextHandler (ContextHandler.java:doStart(781)) - Started o.e.j.w.WebAppContext@350d3f4d{/,file:///tmp/jetty-0.0.0.0-35918-hddsDatanode-_-any-490801426699931845.dir/webapp/,AVAILABLE}{/hddsDatanode}
2019-09-25 04:49:12,305 [main] INFO  server.AbstractConnector (AbstractConnector.java:doStart(278)) - Started ServerConnector@18b8d173{HTTP/1.1,[http/1.1]}{0.0.0.0:35918}
2019-09-25 04:49:12,306 [main] INFO  server.Server (Server.java:doStart(419)) - Started @5670ms
2019-09-25 04:49:12,306 [main] WARN  impl.MetricsSystemImpl (MetricsSystemImpl.java:register(276)) - Sink prometheus already exists!
2019-09-25 04:49:12,307 [main] INFO  server.BaseHttpServer (BaseHttpServer.java:updateConnectorAddress(215)) - HTTP server of HDDSDATANODE is listening at http://0.0.0.0:35918
2019-09-25 04:49:12,308 [main] INFO  impl.MetricsSystemImpl (MetricsSystemImpl.java:init(158)) - HddsDatanode metrics system started (again)
2019-09-25 04:49:12,310 [main] INFO  ozone.HddsDatanodeService (HddsDatanodeService.java:start(184)) - HddsDatanodeService host:pr-hdds-1569-s44lr-3492059363 ip:192.168.164.207
2019-09-25 04:49:12,311 [org.apache.hadoop.util.JvmPauseMonitor$Monitor@5559fea3] INFO  util.JvmPauseMonitor (JvmPauseMonitor.java:run(188)) - Starting JVM pause monitor
2019-09-25 04:49:12,314 [Datanode State Machine Thread - 0] INFO  datanode.InitDatanodeState (InitDatanodeState.java:persistContainerDatanodeDetails(140)) - DatanodeDetails is persisted to /workdir/hadoop-ozone/integration-test/target/test-dir/MiniOzoneClusterImpl-73e7cd3e-72db-4213-b677-28bfbd198772/datanode-3/meta/datanode.id
2019-09-25 04:49:12,317 [main] INFO  volume.HddsVolume (HddsVolume.java:<init>(176)) - Creating Volume: /workdir/hadoop-ozone/integration-test/target/test-dir/MiniOzoneClusterImpl-73e7cd3e-72db-4213-b677-28bfbd198772/datanode-4/data/containers/hdds of  storage type : DISK and capacity : 1482555576320
2019-09-25 04:49:12,317 [main] INFO  volume.VolumeSet (VolumeSet.java:initializeVolumeSet(170)) - Added Volume : /workdir/hadoop-ozone/integration-test/target/test-dir/MiniOzoneClusterImpl-73e7cd3e-72db-4213-b677-28bfbd198772/datanode-4/data/containers/hdds to VolumeSet
2019-09-25 04:49:12,318 [main] INFO  volume.ThrottledAsyncChecker (ThrottledAsyncChecker.java:schedule(139)) - Scheduling a check for org.apache.hadoop.ozone.container.common.volume.HddsVolume@3f0d6038
2019-09-25 04:49:12,318 [main] INFO  volume.HddsVolumeChecker (HddsVolumeChecker.java:checkAllVolumes(202)) - Scheduled health check for volume org.apache.hadoop.ozone.container.common.volume.HddsVolume@3f0d6038
2019-09-25 04:49:12,330 [main] INFO  impl.RaftServerProxy (ConfUtils.java:logGet(43)) - raft.rpc.type = GRPC (default)
2019-09-25 04:49:12,331 [main] INFO  grpc.GrpcFactory (GrpcFactory.java:checkPooledByteBufAllocatorUseCacheForAllThreads(45)) - PERFORMANCE WARNING: useCacheForAllThreads is true that may cause Netty to create a lot garbage objects and, as a result, trigger GC.
	It is recommended to disable useCacheForAllThreads by setting -Dorg.apache.ratis.thirdparty.io.netty.allocator.useCacheForAllThreads=false in command line.
2019-09-25 04:49:12,331 [main] INFO  grpc.GrpcConfigKeys$Server (ConfUtils.java:logGet(43)) - raft.grpc.server.port = 0 (default)
2019-09-25 04:49:12,331 [main] INFO  server.GrpcService (ConfUtils.java:logGet(43)) - raft.grpc.message.size.max = 33570816 (custom)
2019-09-25 04:49:12,331 [main] INFO  server.RaftServerConfigKeys (ConfUtils.java:logGet(43)) - raft.server.log.appender.buffer.byte-limit = 33554432 (custom)
2019-09-25 04:49:12,332 [main] INFO  server.GrpcService (ConfUtils.java:logGet(43)) - raft.grpc.flow.control.window = 1MB (=1048576) (default)
2019-09-25 04:49:12,332 [main] INFO  server.RaftServerConfigKeys (ConfUtils.java:logGet(43)) - raft.server.rpc.request.timeout = 3000ms (default)
2019-09-25 04:49:12,332 [main] INFO  server.RaftServerConfigKeys (ConfUtils.java:logGet(43)) - raft.server.storage.dir = [/workdir/hadoop-ozone/integration-test/target/test-dir/MiniOzoneClusterImpl-73e7cd3e-72db-4213-b677-28bfbd198772/datanode-4/data/ratis] (custom)
2019-09-25 04:49:12,334 [main] INFO  hdfs.DFSUtil (DFSUtil.java:httpServerTemplateForNNAndJN(1641)) - Starting Web-server for hddsDatanode at: http://0.0.0.0:0
2019-09-25 04:49:12,335 [main] INFO  server.AuthenticationFilter (AuthenticationFilter.java:constructSecretProvider(240)) - Unable to initialize FileSignerSecretProvider, falling back to use random secrets.
2019-09-25 04:49:12,335 [main] WARN  http.HttpRequestLog (HttpRequestLog.java:getRequestLog(97)) - Jetty request log can only be enabled using Log4j
2019-09-25 04:49:12,336 [main] INFO  http.HttpServer2 (HttpServer2.java:addGlobalFilter(975)) - Added global filter 'safety' (class=org.apache.hadoop.http.HttpServer2$QuotingInputFilter)
2019-09-25 04:49:12,337 [main] INFO  http.HttpServer2 (HttpServer2.java:addFilter(948)) - Added filter static_user_filter (class=org.apache.hadoop.http.lib.StaticUserWebFilter$StaticUserFilter) to context hddsDatanode
2019-09-25 04:49:12,337 [main] INFO  http.HttpServer2 (HttpServer2.java:addFilter(958)) - Added filter static_user_filter (class=org.apache.hadoop.http.lib.StaticUserWebFilter$StaticUserFilter) to context logs
2019-09-25 04:49:12,337 [main] INFO  http.HttpServer2 (HttpServer2.java:addFilter(958)) - Added filter static_user_filter (class=org.apache.hadoop.http.lib.StaticUserWebFilter$StaticUserFilter) to context static
2019-09-25 04:49:12,338 [main] INFO  http.HttpServer2 (HttpServer2.java:bindListener(1191)) - Jetty bound to port 34678
2019-09-25 04:49:12,338 [main] INFO  server.Server (Server.java:doStart(351)) - jetty-9.3.25.v20180904, build timestamp: 2018-09-04T21:11:46Z, git hash: 3ce520221d0240229c862b122d2b06c12a625732
2019-09-25 04:49:12,340 [main] INFO  handler.ContextHandler (ContextHandler.java:doStart(781)) - Started o.e.j.s.ServletContextHandler@68b9834c{/logs,file:///workdir/hadoop-ozone/integration-test/target/log,AVAILABLE}
2019-09-25 04:49:12,341 [main] INFO  handler.ContextHandler (ContextHandler.java:doStart(781)) - Started o.e.j.s.ServletContextHandler@671d1157{/static,jar:file:/home/user/.m2/repository/org/apache/hadoop/hadoop-hdds-container-service/0.5.0-SNAPSHOT/hadoop-hdds-container-service-0.5.0-SNAPSHOT.jar!/webapps/static,AVAILABLE}
2019-09-25 04:49:12,369 [main] INFO  handler.ContextHandler (ContextHandler.java:doStart(781)) - Started o.e.j.w.WebAppContext@76ad6715{/,file:///tmp/jetty-0.0.0.0-34678-hddsDatanode-_-any-4688906323169660814.dir/webapp/,AVAILABLE}{/hddsDatanode}
2019-09-25 04:49:12,369 [main] INFO  server.AbstractConnector (AbstractConnector.java:doStart(278)) - Started ServerConnector@56637cff{HTTP/1.1,[http/1.1]}{0.0.0.0:34678}
2019-09-25 04:49:12,370 [main] INFO  server.Server (Server.java:doStart(419)) - Started @5734ms
2019-09-25 04:49:12,371 [main] WARN  impl.MetricsSystemImpl (MetricsSystemImpl.java:register(276)) - Sink prometheus already exists!
2019-09-25 04:49:12,372 [main] INFO  server.BaseHttpServer (BaseHttpServer.java:updateConnectorAddress(215)) - HTTP server of HDDSDATANODE is listening at http://0.0.0.0:34678
2019-09-25 04:49:12,372 [main] INFO  impl.MetricsSystemImpl (MetricsSystemImpl.java:init(158)) - HddsDatanode metrics system started (again)
2019-09-25 04:49:12,375 [main] INFO  ozone.HddsDatanodeService (HddsDatanodeService.java:start(184)) - HddsDatanodeService host:pr-hdds-1569-s44lr-3492059363 ip:192.168.164.207
2019-09-25 04:49:12,375 [org.apache.hadoop.util.JvmPauseMonitor$Monitor@72ebb79e] INFO  util.JvmPauseMonitor (JvmPauseMonitor.java:run(188)) - Starting JVM pause monitor
2019-09-25 04:49:12,379 [Datanode State Machine Thread - 0] INFO  datanode.InitDatanodeState (InitDatanodeState.java:persistContainerDatanodeDetails(140)) - DatanodeDetails is persisted to /workdir/hadoop-ozone/integration-test/target/test-dir/MiniOzoneClusterImpl-73e7cd3e-72db-4213-b677-28bfbd198772/datanode-4/meta/datanode.id
2019-09-25 04:49:12,382 [main] INFO  volume.HddsVolume (HddsVolume.java:<init>(176)) - Creating Volume: /workdir/hadoop-ozone/integration-test/target/test-dir/MiniOzoneClusterImpl-73e7cd3e-72db-4213-b677-28bfbd198772/datanode-5/data/containers/hdds of  storage type : DISK and capacity : 1482555576320
2019-09-25 04:49:12,382 [main] INFO  volume.VolumeSet (VolumeSet.java:initializeVolumeSet(170)) - Added Volume : /workdir/hadoop-ozone/integration-test/target/test-dir/MiniOzoneClusterImpl-73e7cd3e-72db-4213-b677-28bfbd198772/datanode-5/data/containers/hdds to VolumeSet
2019-09-25 04:49:12,382 [main] INFO  volume.ThrottledAsyncChecker (ThrottledAsyncChecker.java:schedule(139)) - Scheduling a check for org.apache.hadoop.ozone.container.common.volume.HddsVolume@32130e61
2019-09-25 04:49:12,383 [main] INFO  volume.HddsVolumeChecker (HddsVolumeChecker.java:checkAllVolumes(202)) - Scheduled health check for volume org.apache.hadoop.ozone.container.common.volume.HddsVolume@32130e61
2019-09-25 04:49:12,397 [main] INFO  impl.RaftServerProxy (ConfUtils.java:logGet(43)) - raft.rpc.type = GRPC (default)
2019-09-25 04:49:12,398 [main] INFO  grpc.GrpcFactory (GrpcFactory.java:checkPooledByteBufAllocatorUseCacheForAllThreads(45)) - PERFORMANCE WARNING: useCacheForAllThreads is true that may cause Netty to create a lot garbage objects and, as a result, trigger GC.
	It is recommended to disable useCacheForAllThreads by setting -Dorg.apache.ratis.thirdparty.io.netty.allocator.useCacheForAllThreads=false in command line.
2019-09-25 04:49:12,398 [main] INFO  grpc.GrpcConfigKeys$Server (ConfUtils.java:logGet(43)) - raft.grpc.server.port = 0 (default)
2019-09-25 04:49:12,398 [main] INFO  server.GrpcService (ConfUtils.java:logGet(43)) - raft.grpc.message.size.max = 33570816 (custom)
2019-09-25 04:49:12,398 [main] INFO  server.RaftServerConfigKeys (ConfUtils.java:logGet(43)) - raft.server.log.appender.buffer.byte-limit = 33554432 (custom)
2019-09-25 04:49:12,399 [main] INFO  server.GrpcService (ConfUtils.java:logGet(43)) - raft.grpc.flow.control.window = 1MB (=1048576) (default)
2019-09-25 04:49:12,399 [main] INFO  server.RaftServerConfigKeys (ConfUtils.java:logGet(43)) - raft.server.rpc.request.timeout = 3000ms (default)
2019-09-25 04:49:12,399 [main] INFO  server.RaftServerConfigKeys (ConfUtils.java:logGet(43)) - raft.server.storage.dir = [/workdir/hadoop-ozone/integration-test/target/test-dir/MiniOzoneClusterImpl-73e7cd3e-72db-4213-b677-28bfbd198772/datanode-5/data/ratis] (custom)
2019-09-25 04:49:12,401 [main] INFO  hdfs.DFSUtil (DFSUtil.java:httpServerTemplateForNNAndJN(1641)) - Starting Web-server for hddsDatanode at: http://0.0.0.0:0
2019-09-25 04:49:12,402 [main] INFO  server.AuthenticationFilter (AuthenticationFilter.java:constructSecretProvider(240)) - Unable to initialize FileSignerSecretProvider, falling back to use random secrets.
2019-09-25 04:49:12,402 [main] WARN  http.HttpRequestLog (HttpRequestLog.java:getRequestLog(97)) - Jetty request log can only be enabled using Log4j
2019-09-25 04:49:12,403 [main] INFO  http.HttpServer2 (HttpServer2.java:addGlobalFilter(975)) - Added global filter 'safety' (class=org.apache.hadoop.http.HttpServer2$QuotingInputFilter)
2019-09-25 04:49:12,404 [main] INFO  http.HttpServer2 (HttpServer2.java:addFilter(948)) - Added filter static_user_filter (class=org.apache.hadoop.http.lib.StaticUserWebFilter$StaticUserFilter) to context hddsDatanode
2019-09-25 04:49:12,404 [main] INFO  http.HttpServer2 (HttpServer2.java:addFilter(958)) - Added filter static_user_filter (class=org.apache.hadoop.http.lib.StaticUserWebFilter$StaticUserFilter) to context static
2019-09-25 04:49:12,404 [main] INFO  http.HttpServer2 (HttpServer2.java:addFilter(958)) - Added filter static_user_filter (class=org.apache.hadoop.http.lib.StaticUserWebFilter$StaticUserFilter) to context logs
2019-09-25 04:49:12,405 [main] INFO  http.HttpServer2 (HttpServer2.java:bindListener(1191)) - Jetty bound to port 34690
2019-09-25 04:49:12,405 [main] INFO  server.Server (Server.java:doStart(351)) - jetty-9.3.25.v20180904, build timestamp: 2018-09-04T21:11:46Z, git hash: 3ce520221d0240229c862b122d2b06c12a625732
2019-09-25 04:49:12,407 [main] INFO  handler.ContextHandler (ContextHandler.java:doStart(781)) - Started o.e.j.s.ServletContextHandler@1352434e{/logs,file:///workdir/hadoop-ozone/integration-test/target/log,AVAILABLE}
2019-09-25 04:49:12,407 [main] INFO  handler.ContextHandler (ContextHandler.java:doStart(781)) - Started o.e.j.s.ServletContextHandler@2b6fcb9f{/static,jar:file:/home/user/.m2/repository/org/apache/hadoop/hadoop-hdds-container-service/0.5.0-SNAPSHOT/hadoop-hdds-container-service-0.5.0-SNAPSHOT.jar!/webapps/static,AVAILABLE}
2019-09-25 04:49:12,436 [main] INFO  handler.ContextHandler (ContextHandler.java:doStart(781)) - Started o.e.j.w.WebAppContext@17f3eefb{/,file:///tmp/jetty-0.0.0.0-34690-hddsDatanode-_-any-570594192942499706.dir/webapp/,AVAILABLE}{/hddsDatanode}
2019-09-25 04:49:12,436 [main] INFO  server.AbstractConnector (AbstractConnector.java:doStart(278)) - Started ServerConnector@3ba46e63{HTTP/1.1,[http/1.1]}{0.0.0.0:34690}
2019-09-25 04:49:12,438 [main] INFO  server.Server (Server.java:doStart(419)) - Started @5802ms
2019-09-25 04:49:12,438 [main] WARN  impl.MetricsSystemImpl (MetricsSystemImpl.java:register(276)) - Sink prometheus already exists!
2019-09-25 04:49:12,439 [main] INFO  server.BaseHttpServer (BaseHttpServer.java:updateConnectorAddress(215)) - HTTP server of HDDSDATANODE is listening at http://0.0.0.0:34690
2019-09-25 04:49:12,439 [main] INFO  impl.MetricsSystemImpl (MetricsSystemImpl.java:init(158)) - HddsDatanode metrics system started (again)
2019-09-25 04:49:12,443 [main] INFO  ozone.HddsDatanodeService (HddsDatanodeService.java:start(184)) - HddsDatanodeService host:pr-hdds-1569-s44lr-3492059363 ip:192.168.164.207
2019-09-25 04:49:12,443 [org.apache.hadoop.util.JvmPauseMonitor$Monitor@4e2151] INFO  util.JvmPauseMonitor (JvmPauseMonitor.java:run(188)) - Starting JVM pause monitor
2019-09-25 04:49:12,448 [Datanode State Machine Thread - 0] INFO  datanode.InitDatanodeState (InitDatanodeState.java:persistContainerDatanodeDetails(140)) - DatanodeDetails is persisted to /workdir/hadoop-ozone/integration-test/target/test-dir/MiniOzoneClusterImpl-73e7cd3e-72db-4213-b677-28bfbd198772/datanode-5/meta/datanode.id
2019-09-25 04:49:12,452 [main] INFO  volume.HddsVolume (HddsVolume.java:<init>(176)) - Creating Volume: /workdir/hadoop-ozone/integration-test/target/test-dir/MiniOzoneClusterImpl-73e7cd3e-72db-4213-b677-28bfbd198772/datanode-6/data/containers/hdds of  storage type : DISK and capacity : 1482555576320
2019-09-25 04:49:12,452 [main] INFO  volume.VolumeSet (VolumeSet.java:initializeVolumeSet(170)) - Added Volume : /workdir/hadoop-ozone/integration-test/target/test-dir/MiniOzoneClusterImpl-73e7cd3e-72db-4213-b677-28bfbd198772/datanode-6/data/containers/hdds to VolumeSet
2019-09-25 04:49:12,453 [main] INFO  volume.ThrottledAsyncChecker (ThrottledAsyncChecker.java:schedule(139)) - Scheduling a check for org.apache.hadoop.ozone.container.common.volume.HddsVolume@2a4f5433
2019-09-25 04:49:12,453 [main] INFO  volume.HddsVolumeChecker (HddsVolumeChecker.java:checkAllVolumes(202)) - Scheduled health check for volume org.apache.hadoop.ozone.container.common.volume.HddsVolume@2a4f5433
2019-09-25 04:49:12,468 [main] INFO  impl.RaftServerProxy (ConfUtils.java:logGet(43)) - raft.rpc.type = GRPC (default)
2019-09-25 04:49:12,468 [main] INFO  grpc.GrpcFactory (GrpcFactory.java:checkPooledByteBufAllocatorUseCacheForAllThreads(45)) - PERFORMANCE WARNING: useCacheForAllThreads is true that may cause Netty to create a lot garbage objects and, as a result, trigger GC.
	It is recommended to disable useCacheForAllThreads by setting -Dorg.apache.ratis.thirdparty.io.netty.allocator.useCacheForAllThreads=false in command line.
2019-09-25 04:49:12,468 [main] INFO  grpc.GrpcConfigKeys$Server (ConfUtils.java:logGet(43)) - raft.grpc.server.port = 0 (default)
2019-09-25 04:49:12,468 [main] INFO  server.GrpcService (ConfUtils.java:logGet(43)) - raft.grpc.message.size.max = 33570816 (custom)
2019-09-25 04:49:12,469 [main] INFO  server.RaftServerConfigKeys (ConfUtils.java:logGet(43)) - raft.server.log.appender.buffer.byte-limit = 33554432 (custom)
2019-09-25 04:49:12,469 [main] INFO  server.GrpcService (ConfUtils.java:logGet(43)) - raft.grpc.flow.control.window = 1MB (=1048576) (default)
2019-09-25 04:49:12,469 [main] INFO  server.RaftServerConfigKeys (ConfUtils.java:logGet(43)) - raft.server.rpc.request.timeout = 3000ms (default)
2019-09-25 04:49:12,470 [main] INFO  server.RaftServerConfigKeys (ConfUtils.java:logGet(43)) - raft.server.storage.dir = [/workdir/hadoop-ozone/integration-test/target/test-dir/MiniOzoneClusterImpl-73e7cd3e-72db-4213-b677-28bfbd198772/datanode-6/data/ratis] (custom)
2019-09-25 04:49:12,471 [main] INFO  hdfs.DFSUtil (DFSUtil.java:httpServerTemplateForNNAndJN(1641)) - Starting Web-server for hddsDatanode at: http://0.0.0.0:0
2019-09-25 04:49:12,472 [main] INFO  server.AuthenticationFilter (AuthenticationFilter.java:constructSecretProvider(240)) - Unable to initialize FileSignerSecretProvider, falling back to use random secrets.
2019-09-25 04:49:12,473 [main] WARN  http.HttpRequestLog (HttpRequestLog.java:getRequestLog(97)) - Jetty request log can only be enabled using Log4j
2019-09-25 04:49:12,474 [main] INFO  http.HttpServer2 (HttpServer2.java:addGlobalFilter(975)) - Added global filter 'safety' (class=org.apache.hadoop.http.HttpServer2$QuotingInputFilter)
2019-09-25 04:49:12,475 [main] INFO  http.HttpServer2 (HttpServer2.java:addFilter(948)) - Added filter static_user_filter (class=org.apache.hadoop.http.lib.StaticUserWebFilter$StaticUserFilter) to context hddsDatanode
2019-09-25 04:49:12,475 [main] INFO  http.HttpServer2 (HttpServer2.java:addFilter(958)) - Added filter static_user_filter (class=org.apache.hadoop.http.lib.StaticUserWebFilter$StaticUserFilter) to context logs
2019-09-25 04:49:12,475 [main] INFO  http.HttpServer2 (HttpServer2.java:addFilter(958)) - Added filter static_user_filter (class=org.apache.hadoop.http.lib.StaticUserWebFilter$StaticUserFilter) to context static
2019-09-25 04:49:12,476 [main] INFO  http.HttpServer2 (HttpServer2.java:bindListener(1191)) - Jetty bound to port 40522
2019-09-25 04:49:12,476 [main] INFO  server.Server (Server.java:doStart(351)) - jetty-9.3.25.v20180904, build timestamp: 2018-09-04T21:11:46Z, git hash: 3ce520221d0240229c862b122d2b06c12a625732
2019-09-25 04:49:12,478 [main] INFO  handler.ContextHandler (ContextHandler.java:doStart(781)) - Started o.e.j.s.ServletContextHandler@4437ac07{/logs,file:///workdir/hadoop-ozone/integration-test/target/log,AVAILABLE}
2019-09-25 04:49:12,478 [main] INFO  handler.ContextHandler (ContextHandler.java:doStart(781)) - Started o.e.j.s.ServletContextHandler@753aca85{/static,jar:file:/home/user/.m2/repository/org/apache/hadoop/hadoop-hdds-container-service/0.5.0-SNAPSHOT/hadoop-hdds-container-service-0.5.0-SNAPSHOT.jar!/webapps/static,AVAILABLE}
2019-09-25 04:49:12,513 [main] INFO  handler.ContextHandler (ContextHandler.java:doStart(781)) - Started o.e.j.w.WebAppContext@17273273{/,file:///tmp/jetty-0.0.0.0-40522-hddsDatanode-_-any-2729460165206310773.dir/webapp/,AVAILABLE}{/hddsDatanode}
2019-09-25 04:49:12,515 [main] INFO  server.AbstractConnector (AbstractConnector.java:doStart(278)) - Started ServerConnector@5f69e2b{HTTP/1.1,[http/1.1]}{0.0.0.0:40522}
2019-09-25 04:49:12,515 [main] INFO  server.Server (Server.java:doStart(419)) - Started @5880ms
2019-09-25 04:49:12,515 [main] WARN  impl.MetricsSystemImpl (MetricsSystemImpl.java:register(276)) - Sink prometheus already exists!
2019-09-25 04:49:12,516 [main] INFO  server.BaseHttpServer (BaseHttpServer.java:updateConnectorAddress(215)) - HTTP server of HDDSDATANODE is listening at http://0.0.0.0:40522
2019-09-25 04:49:12,517 [main] INFO  impl.MetricsSystemImpl (MetricsSystemImpl.java:init(158)) - HddsDatanode metrics system started (again)
2019-09-25 04:49:12,521 [org.apache.hadoop.util.JvmPauseMonitor$Monitor@15cf3a5f] INFO  util.JvmPauseMonitor (JvmPauseMonitor.java:run(188)) - Starting JVM pause monitor
2019-09-25 04:49:12,521 [main] INFO  ozone.HddsDatanodeService (HddsDatanodeService.java:start(184)) - HddsDatanodeService host:pr-hdds-1569-s44lr-3492059363 ip:192.168.164.207
2019-09-25 04:49:12,524 [Datanode State Machine Thread - 0] INFO  datanode.InitDatanodeState (InitDatanodeState.java:persistContainerDatanodeDetails(140)) - DatanodeDetails is persisted to /workdir/hadoop-ozone/integration-test/target/test-dir/MiniOzoneClusterImpl-73e7cd3e-72db-4213-b677-28bfbd198772/datanode-6/meta/datanode.id
2019-09-25 04:49:12,528 [main] INFO  volume.HddsVolume (HddsVolume.java:<init>(176)) - Creating Volume: /workdir/hadoop-ozone/integration-test/target/test-dir/MiniOzoneClusterImpl-73e7cd3e-72db-4213-b677-28bfbd198772/datanode-7/data/containers/hdds of  storage type : DISK and capacity : 1482555576320
2019-09-25 04:49:12,529 [main] INFO  volume.VolumeSet (VolumeSet.java:initializeVolumeSet(170)) - Added Volume : /workdir/hadoop-ozone/integration-test/target/test-dir/MiniOzoneClusterImpl-73e7cd3e-72db-4213-b677-28bfbd198772/datanode-7/data/containers/hdds to VolumeSet
2019-09-25 04:49:12,529 [main] INFO  volume.ThrottledAsyncChecker (ThrottledAsyncChecker.java:schedule(139)) - Scheduling a check for org.apache.hadoop.ozone.container.common.volume.HddsVolume@5db6b845
2019-09-25 04:49:12,530 [main] INFO  volume.HddsVolumeChecker (HddsVolumeChecker.java:checkAllVolumes(202)) - Scheduled health check for volume org.apache.hadoop.ozone.container.common.volume.HddsVolume@5db6b845
2019-09-25 04:49:12,546 [main] INFO  impl.RaftServerProxy (ConfUtils.java:logGet(43)) - raft.rpc.type = GRPC (default)
2019-09-25 04:49:12,546 [main] INFO  grpc.GrpcFactory (GrpcFactory.java:checkPooledByteBufAllocatorUseCacheForAllThreads(45)) - PERFORMANCE WARNING: useCacheForAllThreads is true that may cause Netty to create a lot garbage objects and, as a result, trigger GC.
	It is recommended to disable useCacheForAllThreads by setting -Dorg.apache.ratis.thirdparty.io.netty.allocator.useCacheForAllThreads=false in command line.
2019-09-25 04:49:12,547 [main] INFO  grpc.GrpcConfigKeys$Server (ConfUtils.java:logGet(43)) - raft.grpc.server.port = 0 (default)
2019-09-25 04:49:12,547 [main] INFO  server.GrpcService (ConfUtils.java:logGet(43)) - raft.grpc.message.size.max = 33570816 (custom)
2019-09-25 04:49:12,547 [main] INFO  server.RaftServerConfigKeys (ConfUtils.java:logGet(43)) - raft.server.log.appender.buffer.byte-limit = 33554432 (custom)
2019-09-25 04:49:12,547 [main] INFO  server.GrpcService (ConfUtils.java:logGet(43)) - raft.grpc.flow.control.window = 1MB (=1048576) (default)
2019-09-25 04:49:12,548 [main] INFO  server.RaftServerConfigKeys (ConfUtils.java:logGet(43)) - raft.server.rpc.request.timeout = 3000ms (default)
2019-09-25 04:49:12,548 [main] INFO  server.RaftServerConfigKeys (ConfUtils.java:logGet(43)) - raft.server.storage.dir = [/workdir/hadoop-ozone/integration-test/target/test-dir/MiniOzoneClusterImpl-73e7cd3e-72db-4213-b677-28bfbd198772/datanode-7/data/ratis] (custom)
2019-09-25 04:49:12,550 [main] INFO  hdfs.DFSUtil (DFSUtil.java:httpServerTemplateForNNAndJN(1641)) - Starting Web-server for hddsDatanode at: http://0.0.0.0:0
2019-09-25 04:49:12,552 [main] INFO  server.AuthenticationFilter (AuthenticationFilter.java:constructSecretProvider(240)) - Unable to initialize FileSignerSecretProvider, falling back to use random secrets.
2019-09-25 04:49:12,552 [main] WARN  http.HttpRequestLog (HttpRequestLog.java:getRequestLog(97)) - Jetty request log can only be enabled using Log4j
2019-09-25 04:49:12,555 [main] INFO  http.HttpServer2 (HttpServer2.java:addGlobalFilter(975)) - Added global filter 'safety' (class=org.apache.hadoop.http.HttpServer2$QuotingInputFilter)
2019-09-25 04:49:12,556 [main] INFO  http.HttpServer2 (HttpServer2.java:addFilter(948)) - Added filter static_user_filter (class=org.apache.hadoop.http.lib.StaticUserWebFilter$StaticUserFilter) to context hddsDatanode
2019-09-25 04:49:12,556 [main] INFO  http.HttpServer2 (HttpServer2.java:addFilter(958)) - Added filter static_user_filter (class=org.apache.hadoop.http.lib.StaticUserWebFilter$StaticUserFilter) to context static
2019-09-25 04:49:12,557 [main] INFO  http.HttpServer2 (HttpServer2.java:addFilter(958)) - Added filter static_user_filter (class=org.apache.hadoop.http.lib.StaticUserWebFilter$StaticUserFilter) to context logs
2019-09-25 04:49:12,558 [main] INFO  http.HttpServer2 (HttpServer2.java:bindListener(1191)) - Jetty bound to port 36000
2019-09-25 04:49:12,558 [main] INFO  server.Server (Server.java:doStart(351)) - jetty-9.3.25.v20180904, build timestamp: 2018-09-04T21:11:46Z, git hash: 3ce520221d0240229c862b122d2b06c12a625732
2019-09-25 04:49:12,561 [main] INFO  handler.ContextHandler (ContextHandler.java:doStart(781)) - Started o.e.j.s.ServletContextHandler@2da3b078{/logs,file:///workdir/hadoop-ozone/integration-test/target/log,AVAILABLE}
2019-09-25 04:49:12,562 [main] INFO  handler.ContextHandler (ContextHandler.java:doStart(781)) - Started o.e.j.s.ServletContextHandler@7fb66650{/static,jar:file:/home/user/.m2/repository/org/apache/hadoop/hadoop-hdds-container-service/0.5.0-SNAPSHOT/hadoop-hdds-container-service-0.5.0-SNAPSHOT.jar!/webapps/static,AVAILABLE}
2019-09-25 04:49:12,611 [main] INFO  handler.ContextHandler (ContextHandler.java:doStart(781)) - Started o.e.j.w.WebAppContext@57f9b467{/,file:///tmp/jetty-0.0.0.0-36000-hddsDatanode-_-any-7923593963533235527.dir/webapp/,AVAILABLE}{/hddsDatanode}
2019-09-25 04:49:12,613 [main] INFO  server.AbstractConnector (AbstractConnector.java:doStart(278)) - Started ServerConnector@6d5c2745{HTTP/1.1,[http/1.1]}{0.0.0.0:36000}
2019-09-25 04:49:12,613 [main] INFO  server.Server (Server.java:doStart(419)) - Started @5978ms
2019-09-25 04:49:12,614 [main] WARN  impl.MetricsSystemImpl (MetricsSystemImpl.java:register(276)) - Sink prometheus already exists!
2019-09-25 04:49:12,614 [main] INFO  server.BaseHttpServer (BaseHttpServer.java:updateConnectorAddress(215)) - HTTP server of HDDSDATANODE is listening at http://0.0.0.0:36000
2019-09-25 04:49:12,615 [main] INFO  impl.MetricsSystemImpl (MetricsSystemImpl.java:init(158)) - HddsDatanode metrics system started (again)
2019-09-25 04:49:12,620 [org.apache.hadoop.util.JvmPauseMonitor$Monitor@1f307590] INFO  util.JvmPauseMonitor (JvmPauseMonitor.java:run(188)) - Starting JVM pause monitor
2019-09-25 04:49:12,622 [main] INFO  ozone.HddsDatanodeService (HddsDatanodeService.java:start(184)) - HddsDatanodeService host:pr-hdds-1569-s44lr-3492059363 ip:192.168.164.207
2019-09-25 04:49:12,623 [Datanode State Machine Thread - 0] INFO  datanode.InitDatanodeState (InitDatanodeState.java:persistContainerDatanodeDetails(140)) - DatanodeDetails is persisted to /workdir/hadoop-ozone/integration-test/target/test-dir/MiniOzoneClusterImpl-73e7cd3e-72db-4213-b677-28bfbd198772/datanode-7/meta/datanode.id
2019-09-25 04:49:12,634 [main] INFO  volume.HddsVolume (HddsVolume.java:<init>(176)) - Creating Volume: /workdir/hadoop-ozone/integration-test/target/test-dir/MiniOzoneClusterImpl-73e7cd3e-72db-4213-b677-28bfbd198772/datanode-8/data/containers/hdds of  storage type : DISK and capacity : 1482555576320
2019-09-25 04:49:12,635 [main] INFO  volume.VolumeSet (VolumeSet.java:initializeVolumeSet(170)) - Added Volume : /workdir/hadoop-ozone/integration-test/target/test-dir/MiniOzoneClusterImpl-73e7cd3e-72db-4213-b677-28bfbd198772/datanode-8/data/containers/hdds to VolumeSet
2019-09-25 04:49:12,635 [main] INFO  volume.ThrottledAsyncChecker (ThrottledAsyncChecker.java:schedule(139)) - Scheduling a check for org.apache.hadoop.ozone.container.common.volume.HddsVolume@4cc36c19
2019-09-25 04:49:12,636 [main] INFO  volume.HddsVolumeChecker (HddsVolumeChecker.java:checkAllVolumes(202)) - Scheduled health check for volume org.apache.hadoop.ozone.container.common.volume.HddsVolume@4cc36c19
2019-09-25 04:49:12,658 [main] INFO  impl.RaftServerProxy (ConfUtils.java:logGet(43)) - raft.rpc.type = GRPC (default)
2019-09-25 04:49:12,658 [main] INFO  grpc.GrpcFactory (GrpcFactory.java:checkPooledByteBufAllocatorUseCacheForAllThreads(45)) - PERFORMANCE WARNING: useCacheForAllThreads is true that may cause Netty to create a lot garbage objects and, as a result, trigger GC.
	It is recommended to disable useCacheForAllThreads by setting -Dorg.apache.ratis.thirdparty.io.netty.allocator.useCacheForAllThreads=false in command line.
2019-09-25 04:49:12,658 [main] INFO  grpc.GrpcConfigKeys$Server (ConfUtils.java:logGet(43)) - raft.grpc.server.port = 0 (default)
2019-09-25 04:49:12,659 [main] INFO  server.GrpcService (ConfUtils.java:logGet(43)) - raft.grpc.message.size.max = 33570816 (custom)
2019-09-25 04:49:12,659 [main] INFO  server.RaftServerConfigKeys (ConfUtils.java:logGet(43)) - raft.server.log.appender.buffer.byte-limit = 33554432 (custom)
2019-09-25 04:49:12,659 [main] INFO  server.GrpcService (ConfUtils.java:logGet(43)) - raft.grpc.flow.control.window = 1MB (=1048576) (default)
2019-09-25 04:49:12,660 [main] INFO  server.RaftServerConfigKeys (ConfUtils.java:logGet(43)) - raft.server.rpc.request.timeout = 3000ms (default)
2019-09-25 04:49:12,660 [main] INFO  server.RaftServerConfigKeys (ConfUtils.java:logGet(43)) - raft.server.storage.dir = [/workdir/hadoop-ozone/integration-test/target/test-dir/MiniOzoneClusterImpl-73e7cd3e-72db-4213-b677-28bfbd198772/datanode-8/data/ratis] (custom)
2019-09-25 04:49:12,662 [main] INFO  hdfs.DFSUtil (DFSUtil.java:httpServerTemplateForNNAndJN(1641)) - Starting Web-server for hddsDatanode at: http://0.0.0.0:0
2019-09-25 04:49:12,665 [main] INFO  server.AuthenticationFilter (AuthenticationFilter.java:constructSecretProvider(240)) - Unable to initialize FileSignerSecretProvider, falling back to use random secrets.
2019-09-25 04:49:12,665 [main] WARN  http.HttpRequestLog (HttpRequestLog.java:getRequestLog(97)) - Jetty request log can only be enabled using Log4j
2019-09-25 04:49:12,668 [main] INFO  http.HttpServer2 (HttpServer2.java:addGlobalFilter(975)) - Added global filter 'safety' (class=org.apache.hadoop.http.HttpServer2$QuotingInputFilter)
2019-09-25 04:49:12,669 [main] INFO  http.HttpServer2 (HttpServer2.java:addFilter(948)) - Added filter static_user_filter (class=org.apache.hadoop.http.lib.StaticUserWebFilter$StaticUserFilter) to context hddsDatanode
2019-09-25 04:49:12,669 [main] INFO  http.HttpServer2 (HttpServer2.java:addFilter(958)) - Added filter static_user_filter (class=org.apache.hadoop.http.lib.StaticUserWebFilter$StaticUserFilter) to context logs
2019-09-25 04:49:12,670 [main] INFO  http.HttpServer2 (HttpServer2.java:addFilter(958)) - Added filter static_user_filter (class=org.apache.hadoop.http.lib.StaticUserWebFilter$StaticUserFilter) to context static
2019-09-25 04:49:12,671 [main] INFO  http.HttpServer2 (HttpServer2.java:bindListener(1191)) - Jetty bound to port 44136
2019-09-25 04:49:12,671 [main] INFO  server.Server (Server.java:doStart(351)) - jetty-9.3.25.v20180904, build timestamp: 2018-09-04T21:11:46Z, git hash: 3ce520221d0240229c862b122d2b06c12a625732
2019-09-25 04:49:12,674 [main] INFO  handler.ContextHandler (ContextHandler.java:doStart(781)) - Started o.e.j.s.ServletContextHandler@51ec2856{/logs,file:///workdir/hadoop-ozone/integration-test/target/log,AVAILABLE}
2019-09-25 04:49:12,675 [main] INFO  handler.ContextHandler (ContextHandler.java:doStart(781)) - Started o.e.j.s.ServletContextHandler@1caa9eb6{/static,jar:file:/home/user/.m2/repository/org/apache/hadoop/hadoop-hdds-container-service/0.5.0-SNAPSHOT/hadoop-hdds-container-service-0.5.0-SNAPSHOT.jar!/webapps/static,AVAILABLE}
2019-09-25 04:49:12,721 [main] INFO  handler.ContextHandler (ContextHandler.java:doStart(781)) - Started o.e.j.w.WebAppContext@3722c145{/,file:///tmp/jetty-0.0.0.0-44136-hddsDatanode-_-any-8219698444081779507.dir/webapp/,AVAILABLE}{/hddsDatanode}
2019-09-25 04:49:12,721 [main] INFO  server.AbstractConnector (AbstractConnector.java:doStart(278)) - Started ServerConnector@4cbc2e3b{HTTP/1.1,[http/1.1]}{0.0.0.0:44136}
2019-09-25 04:49:12,723 [main] INFO  server.Server (Server.java:doStart(419)) - Started @6087ms
2019-09-25 04:49:12,723 [main] WARN  impl.MetricsSystemImpl (MetricsSystemImpl.java:register(276)) - Sink prometheus already exists!
2019-09-25 04:49:12,724 [main] INFO  server.BaseHttpServer (BaseHttpServer.java:updateConnectorAddress(215)) - HTTP server of HDDSDATANODE is listening at http://0.0.0.0:44136
2019-09-25 04:49:12,725 [main] INFO  impl.MetricsSystemImpl (MetricsSystemImpl.java:init(158)) - HddsDatanode metrics system started (again)
2019-09-25 04:49:12,731 [org.apache.hadoop.util.JvmPauseMonitor$Monitor@70bba22c] INFO  util.JvmPauseMonitor (JvmPauseMonitor.java:run(188)) - Starting JVM pause monitor
2019-09-25 04:49:12,732 [main] INFO  ozone.HddsDatanodeService (HddsDatanodeService.java:start(184)) - HddsDatanodeService host:pr-hdds-1569-s44lr-3492059363 ip:192.168.164.207
2019-09-25 04:49:12,735 [Datanode State Machine Thread - 0] INFO  datanode.InitDatanodeState (InitDatanodeState.java:persistContainerDatanodeDetails(140)) - DatanodeDetails is persisted to /workdir/hadoop-ozone/integration-test/target/test-dir/MiniOzoneClusterImpl-73e7cd3e-72db-4213-b677-28bfbd198772/datanode-8/meta/datanode.id
2019-09-25 04:49:12,742 [main] INFO  volume.HddsVolume (HddsVolume.java:<init>(176)) - Creating Volume: /workdir/hadoop-ozone/integration-test/target/test-dir/MiniOzoneClusterImpl-73e7cd3e-72db-4213-b677-28bfbd198772/datanode-9/data/containers/hdds of  storage type : DISK and capacity : 1482555576320
2019-09-25 04:49:12,742 [main] INFO  volume.VolumeSet (VolumeSet.java:initializeVolumeSet(170)) - Added Volume : /workdir/hadoop-ozone/integration-test/target/test-dir/MiniOzoneClusterImpl-73e7cd3e-72db-4213-b677-28bfbd198772/datanode-9/data/containers/hdds to VolumeSet
2019-09-25 04:49:12,742 [main] INFO  volume.ThrottledAsyncChecker (ThrottledAsyncChecker.java:schedule(139)) - Scheduling a check for org.apache.hadoop.ozone.container.common.volume.HddsVolume@4d18b73a
2019-09-25 04:49:12,743 [main] INFO  volume.HddsVolumeChecker (HddsVolumeChecker.java:checkAllVolumes(202)) - Scheduled health check for volume org.apache.hadoop.ozone.container.common.volume.HddsVolume@4d18b73a
2019-09-25 04:49:12,762 [main] INFO  impl.RaftServerProxy (ConfUtils.java:logGet(43)) - raft.rpc.type = GRPC (default)
2019-09-25 04:49:12,762 [main] INFO  grpc.GrpcFactory (GrpcFactory.java:checkPooledByteBufAllocatorUseCacheForAllThreads(45)) - PERFORMANCE WARNING: useCacheForAllThreads is true that may cause Netty to create a lot garbage objects and, as a result, trigger GC.
	It is recommended to disable useCacheForAllThreads by setting -Dorg.apache.ratis.thirdparty.io.netty.allocator.useCacheForAllThreads=false in command line.
2019-09-25 04:49:12,762 [main] INFO  grpc.GrpcConfigKeys$Server (ConfUtils.java:logGet(43)) - raft.grpc.server.port = 0 (default)
2019-09-25 04:49:12,762 [main] INFO  server.GrpcService (ConfUtils.java:logGet(43)) - raft.grpc.message.size.max = 33570816 (custom)
2019-09-25 04:49:12,763 [main] INFO  server.RaftServerConfigKeys (ConfUtils.java:logGet(43)) - raft.server.log.appender.buffer.byte-limit = 33554432 (custom)
2019-09-25 04:49:12,763 [main] INFO  server.GrpcService (ConfUtils.java:logGet(43)) - raft.grpc.flow.control.window = 1MB (=1048576) (default)
2019-09-25 04:49:12,763 [main] INFO  server.RaftServerConfigKeys (ConfUtils.java:logGet(43)) - raft.server.rpc.request.timeout = 3000ms (default)
2019-09-25 04:49:12,764 [main] INFO  server.RaftServerConfigKeys (ConfUtils.java:logGet(43)) - raft.server.storage.dir = [/workdir/hadoop-ozone/integration-test/target/test-dir/MiniOzoneClusterImpl-73e7cd3e-72db-4213-b677-28bfbd198772/datanode-9/data/ratis] (custom)
2019-09-25 04:49:12,766 [main] INFO  hdfs.DFSUtil (DFSUtil.java:httpServerTemplateForNNAndJN(1641)) - Starting Web-server for hddsDatanode at: http://0.0.0.0:0
2019-09-25 04:49:12,767 [main] INFO  server.AuthenticationFilter (AuthenticationFilter.java:constructSecretProvider(240)) - Unable to initialize FileSignerSecretProvider, falling back to use random secrets.
2019-09-25 04:49:12,768 [main] WARN  http.HttpRequestLog (HttpRequestLog.java:getRequestLog(97)) - Jetty request log can only be enabled using Log4j
2019-09-25 04:49:12,770 [main] INFO  http.HttpServer2 (HttpServer2.java:addGlobalFilter(975)) - Added global filter 'safety' (class=org.apache.hadoop.http.HttpServer2$QuotingInputFilter)
2019-09-25 04:49:12,770 [main] INFO  http.HttpServer2 (HttpServer2.java:addFilter(948)) - Added filter static_user_filter (class=org.apache.hadoop.http.lib.StaticUserWebFilter$StaticUserFilter) to context hddsDatanode
2019-09-25 04:49:12,771 [main] INFO  http.HttpServer2 (HttpServer2.java:addFilter(958)) - Added filter static_user_filter (class=org.apache.hadoop.http.lib.StaticUserWebFilter$StaticUserFilter) to context static
2019-09-25 04:49:12,771 [main] INFO  http.HttpServer2 (HttpServer2.java:addFilter(958)) - Added filter static_user_filter (class=org.apache.hadoop.http.lib.StaticUserWebFilter$StaticUserFilter) to context logs
2019-09-25 04:49:12,771 [main] INFO  http.HttpServer2 (HttpServer2.java:bindListener(1191)) - Jetty bound to port 40115
2019-09-25 04:49:12,772 [main] INFO  server.Server (Server.java:doStart(351)) - jetty-9.3.25.v20180904, build timestamp: 2018-09-04T21:11:46Z, git hash: 3ce520221d0240229c862b122d2b06c12a625732
2019-09-25 04:49:12,774 [main] INFO  handler.ContextHandler (ContextHandler.java:doStart(781)) - Started o.e.j.s.ServletContextHandler@6fa13e6{/logs,file:///workdir/hadoop-ozone/integration-test/target/log,AVAILABLE}
2019-09-25 04:49:12,774 [main] INFO  handler.ContextHandler (ContextHandler.java:doStart(781)) - Started o.e.j.s.ServletContextHandler@77049094{/static,jar:file:/home/user/.m2/repository/org/apache/hadoop/hadoop-hdds-container-service/0.5.0-SNAPSHOT/hadoop-hdds-container-service-0.5.0-SNAPSHOT.jar!/webapps/static,AVAILABLE}
2019-09-25 04:49:12,802 [main] INFO  handler.ContextHandler (ContextHandler.java:doStart(781)) - Started o.e.j.w.WebAppContext@4aa21f9d{/,file:///tmp/jetty-0.0.0.0-40115-hddsDatanode-_-any-8660168690161798423.dir/webapp/,AVAILABLE}{/hddsDatanode}
2019-09-25 04:49:12,803 [main] INFO  server.AbstractConnector (AbstractConnector.java:doStart(278)) - Started ServerConnector@71c17a57{HTTP/1.1,[http/1.1]}{0.0.0.0:40115}
2019-09-25 04:49:12,805 [main] INFO  server.Server (Server.java:doStart(419)) - Started @6169ms
2019-09-25 04:49:12,805 [main] WARN  impl.MetricsSystemImpl (MetricsSystemImpl.java:register(276)) - Sink prometheus already exists!
2019-09-25 04:49:12,805 [main] INFO  server.BaseHttpServer (BaseHttpServer.java:updateConnectorAddress(215)) - HTTP server of HDDSDATANODE is listening at http://0.0.0.0:40115
2019-09-25 04:49:12,811 [main] INFO  ozone.MiniOzoneClusterImpl (MiniOzoneClusterImpl.java:lambda$waitForClusterToBeReady$0(147)) - Waiting for cluster to be ready. Got 0 of 10 DN Heartbeats.
2019-09-25 04:49:12,812 [org.apache.hadoop.util.JvmPauseMonitor$Monitor@74d60834] INFO  util.JvmPauseMonitor (JvmPauseMonitor.java:run(188)) - Starting JVM pause monitor
2019-09-25 04:49:12,817 [Datanode State Machine Thread - 0] INFO  datanode.InitDatanodeState (InitDatanodeState.java:persistContainerDatanodeDetails(140)) - DatanodeDetails is persisted to /workdir/hadoop-ozone/integration-test/target/test-dir/MiniOzoneClusterImpl-73e7cd3e-72db-4213-b677-28bfbd198772/datanode-9/meta/datanode.id
2019-09-25 04:49:13,812 [main] INFO  ozone.MiniOzoneClusterImpl (MiniOzoneClusterImpl.java:lambda$waitForClusterToBeReady$0(147)) - Waiting for cluster to be ready. Got 0 of 10 DN Heartbeats.
2019-09-25 04:49:14,129 [Datanode State Machine Thread - 0] INFO  ozoneimpl.OzoneContainer (OzoneContainer.java:start(217)) - Attempting to start container services.
2019-09-25 04:49:14,131 [Datanode State Machine Thread - 0] INFO  ozoneimpl.OzoneContainer (OzoneContainer.java:startContainerScrub(179)) - Background container scanner has been disabled.
2019-09-25 04:49:14,132 [Datanode State Machine Thread - 0] INFO  ratis.XceiverServerRatis (XceiverServerRatis.java:start(411)) - Starting XceiverServerRatis 0deae85c-a16a-4311-a0af-934f501df2cc at port 0
2019-09-25 04:49:14,161 [Datanode State Machine Thread - 0] INFO  impl.RaftServerProxy (RaftServerProxy.java:lambda$start$3(299)) - 0deae85c-a16a-4311-a0af-934f501df2cc: start RPC server
2019-09-25 04:49:14,168 [Datanode State Machine Thread - 0] INFO  ozoneimpl.OzoneContainer (OzoneContainer.java:start(217)) - Attempting to start container services.
2019-09-25 04:49:14,173 [Datanode State Machine Thread - 0] INFO  ozoneimpl.OzoneContainer (OzoneContainer.java:startContainerScrub(179)) - Background container scanner has been disabled.
2019-09-25 04:49:14,174 [Datanode State Machine Thread - 0] INFO  ratis.XceiverServerRatis (XceiverServerRatis.java:start(411)) - Starting XceiverServerRatis ef17bb0f-3839-4724-ad21-94b92a6e25d3 at port 0
2019-09-25 04:49:14,184 [Datanode State Machine Thread - 0] INFO  impl.RaftServerProxy (RaftServerProxy.java:lambda$start$3(299)) - ef17bb0f-3839-4724-ad21-94b92a6e25d3: start RPC server
2019-09-25 04:49:14,257 [Datanode State Machine Thread - 0] INFO  ozoneimpl.OzoneContainer (OzoneContainer.java:start(217)) - Attempting to start container services.
2019-09-25 04:49:14,257 [Datanode State Machine Thread - 0] INFO  ozoneimpl.OzoneContainer (OzoneContainer.java:startContainerScrub(179)) - Background container scanner has been disabled.
2019-09-25 04:49:14,257 [Datanode State Machine Thread - 0] INFO  ratis.XceiverServerRatis (XceiverServerRatis.java:start(411)) - Starting XceiverServerRatis 4900d303-9ac7-4a86-9389-d77749add813 at port 0
2019-09-25 04:49:14,265 [Datanode State Machine Thread - 0] INFO  impl.RaftServerProxy (RaftServerProxy.java:lambda$start$3(299)) - 4900d303-9ac7-4a86-9389-d77749add813: start RPC server
2019-09-25 04:49:14,315 [Datanode State Machine Thread - 0] INFO  server.GrpcService (GrpcService.java:startImpl(158)) - 4900d303-9ac7-4a86-9389-d77749add813: GrpcService started, listening on 0.0.0.0/0.0.0.0:37431
2019-09-25 04:49:14,315 [Datanode State Machine Thread - 0] INFO  server.GrpcService (GrpcService.java:startImpl(158)) - 0deae85c-a16a-4311-a0af-934f501df2cc: GrpcService started, listening on 0.0.0.0/0.0.0.0:38744
2019-09-25 04:49:14,315 [Datanode State Machine Thread - 0] INFO  server.GrpcService (GrpcService.java:startImpl(158)) - ef17bb0f-3839-4724-ad21-94b92a6e25d3: GrpcService started, listening on 0.0.0.0/0.0.0.0:40519
2019-09-25 04:49:14,317 [Datanode State Machine Thread - 0] INFO  ratis.XceiverServerRatis (XceiverServerRatis.java:start(421)) - XceiverServerRatis 0deae85c-a16a-4311-a0af-934f501df2cc is started using port 38744
2019-09-25 04:49:14,317 [Datanode State Machine Thread - 0] INFO  ratis.XceiverServerRatis (XceiverServerRatis.java:start(421)) - XceiverServerRatis 4900d303-9ac7-4a86-9389-d77749add813 is started using port 37431
2019-09-25 04:49:14,317 [Datanode State Machine Thread - 0] INFO  ratis.XceiverServerRatis (XceiverServerRatis.java:start(421)) - XceiverServerRatis ef17bb0f-3839-4724-ad21-94b92a6e25d3 is started using port 40519
2019-09-25 04:49:14,327 [Datanode State Machine Thread - 0] INFO  server.XceiverServerGrpc (XceiverServerGrpc.java:start(149)) - XceiverServerGrpc ef17bb0f-3839-4724-ad21-94b92a6e25d3 is started using port 42868
2019-09-25 04:49:14,328 [Datanode State Machine Thread - 0] INFO  server.XceiverServerGrpc (XceiverServerGrpc.java:start(149)) - XceiverServerGrpc 4900d303-9ac7-4a86-9389-d77749add813 is started using port 40060
2019-09-25 04:49:14,327 [Datanode State Machine Thread - 0] INFO  server.XceiverServerGrpc (XceiverServerGrpc.java:start(149)) - XceiverServerGrpc 0deae85c-a16a-4311-a0af-934f501df2cc is started using port 36470
2019-09-25 04:49:14,332 [Datanode State Machine Thread - 0] INFO  ozoneimpl.OzoneContainer (OzoneContainer.java:start(217)) - Attempting to start container services.
2019-09-25 04:49:14,332 [Datanode State Machine Thread - 0] INFO  ozoneimpl.OzoneContainer (OzoneContainer.java:startContainerScrub(179)) - Background container scanner has been disabled.
2019-09-25 04:49:14,332 [Datanode State Machine Thread - 0] INFO  ratis.XceiverServerRatis (XceiverServerRatis.java:start(411)) - Starting XceiverServerRatis fcf37978-6168-4314-87d6-0e8a7c1fc6e1 at port 0
2019-09-25 04:49:14,342 [Datanode State Machine Thread - 0] INFO  impl.RaftServerProxy (RaftServerProxy.java:lambda$start$3(299)) - fcf37978-6168-4314-87d6-0e8a7c1fc6e1: start RPC server
2019-09-25 04:49:14,346 [Datanode State Machine Thread - 0] INFO  server.GrpcService (GrpcService.java:startImpl(158)) - fcf37978-6168-4314-87d6-0e8a7c1fc6e1: GrpcService started, listening on 0.0.0.0/0.0.0.0:44984
2019-09-25 04:49:14,346 [Datanode State Machine Thread - 0] INFO  ratis.XceiverServerRatis (XceiverServerRatis.java:start(421)) - XceiverServerRatis fcf37978-6168-4314-87d6-0e8a7c1fc6e1 is started using port 44984
2019-09-25 04:49:14,349 [Datanode State Machine Thread - 0] INFO  server.XceiverServerGrpc (XceiverServerGrpc.java:start(149)) - XceiverServerGrpc fcf37978-6168-4314-87d6-0e8a7c1fc6e1 is started using port 42750
2019-09-25 04:49:14,393 [Datanode State Machine Thread - 0] INFO  ozoneimpl.OzoneContainer (OzoneContainer.java:start(217)) - Attempting to start container services.
2019-09-25 04:49:14,393 [Datanode State Machine Thread - 0] INFO  ozoneimpl.OzoneContainer (OzoneContainer.java:startContainerScrub(179)) - Background container scanner has been disabled.
2019-09-25 04:49:14,393 [Datanode State Machine Thread - 0] INFO  ratis.XceiverServerRatis (XceiverServerRatis.java:start(411)) - Starting XceiverServerRatis eccaf005-8169-4dfc-be1f-8981a011c66c at port 0
2019-09-25 04:49:14,400 [Datanode State Machine Thread - 0] INFO  impl.RaftServerProxy (RaftServerProxy.java:lambda$start$3(299)) - eccaf005-8169-4dfc-be1f-8981a011c66c: start RPC server
2019-09-25 04:49:14,405 [Datanode State Machine Thread - 0] INFO  server.GrpcService (GrpcService.java:startImpl(158)) - eccaf005-8169-4dfc-be1f-8981a011c66c: GrpcService started, listening on 0.0.0.0/0.0.0.0:46393
2019-09-25 04:49:14,405 [Datanode State Machine Thread - 0] INFO  ratis.XceiverServerRatis (XceiverServerRatis.java:start(421)) - XceiverServerRatis eccaf005-8169-4dfc-be1f-8981a011c66c is started using port 46393
2019-09-25 04:49:14,408 [Datanode State Machine Thread - 0] INFO  server.XceiverServerGrpc (XceiverServerGrpc.java:start(149)) - XceiverServerGrpc eccaf005-8169-4dfc-be1f-8981a011c66c is started using port 43255
2019-09-25 04:49:14,461 [Datanode State Machine Thread - 0] INFO  ozoneimpl.OzoneContainer (OzoneContainer.java:start(217)) - Attempting to start container services.
2019-09-25 04:49:14,461 [Datanode State Machine Thread - 0] INFO  ozoneimpl.OzoneContainer (OzoneContainer.java:startContainerScrub(179)) - Background container scanner has been disabled.
2019-09-25 04:49:14,461 [Datanode State Machine Thread - 0] INFO  ratis.XceiverServerRatis (XceiverServerRatis.java:start(411)) - Starting XceiverServerRatis 3875a0db-bcd0-4e93-a77c-33ac6d7b4cc5 at port 0
2019-09-25 04:49:14,467 [Datanode State Machine Thread - 0] INFO  impl.RaftServerProxy (RaftServerProxy.java:lambda$start$3(299)) - 3875a0db-bcd0-4e93-a77c-33ac6d7b4cc5: start RPC server
2019-09-25 04:49:14,472 [Datanode State Machine Thread - 0] INFO  server.GrpcService (GrpcService.java:startImpl(158)) - 3875a0db-bcd0-4e93-a77c-33ac6d7b4cc5: GrpcService started, listening on 0.0.0.0/0.0.0.0:38833
2019-09-25 04:49:14,472 [Datanode State Machine Thread - 0] INFO  ratis.XceiverServerRatis (XceiverServerRatis.java:start(421)) - XceiverServerRatis 3875a0db-bcd0-4e93-a77c-33ac6d7b4cc5 is started using port 38833
2019-09-25 04:49:14,475 [Datanode State Machine Thread - 0] INFO  server.XceiverServerGrpc (XceiverServerGrpc.java:start(149)) - XceiverServerGrpc 3875a0db-bcd0-4e93-a77c-33ac6d7b4cc5 is started using port 37726
2019-09-25 04:49:14,538 [Datanode State Machine Thread - 0] INFO  ozoneimpl.OzoneContainer (OzoneContainer.java:start(217)) - Attempting to start container services.
2019-09-25 04:49:14,539 [Datanode State Machine Thread - 0] INFO  ozoneimpl.OzoneContainer (OzoneContainer.java:startContainerScrub(179)) - Background container scanner has been disabled.
2019-09-25 04:49:14,539 [Datanode State Machine Thread - 0] INFO  ratis.XceiverServerRatis (XceiverServerRatis.java:start(411)) - Starting XceiverServerRatis 2f00ca3a-f523-476d-a77d-69389bdf1595 at port 0
2019-09-25 04:49:14,546 [Datanode State Machine Thread - 0] INFO  impl.RaftServerProxy (RaftServerProxy.java:lambda$start$3(299)) - 2f00ca3a-f523-476d-a77d-69389bdf1595: start RPC server
2019-09-25 04:49:14,550 [Datanode State Machine Thread - 0] INFO  server.GrpcService (GrpcService.java:startImpl(158)) - 2f00ca3a-f523-476d-a77d-69389bdf1595: GrpcService started, listening on 0.0.0.0/0.0.0.0:39474
2019-09-25 04:49:14,550 [Datanode State Machine Thread - 0] INFO  ratis.XceiverServerRatis (XceiverServerRatis.java:start(421)) - XceiverServerRatis 2f00ca3a-f523-476d-a77d-69389bdf1595 is started using port 39474
2019-09-25 04:49:14,554 [Datanode State Machine Thread - 0] INFO  server.XceiverServerGrpc (XceiverServerGrpc.java:start(149)) - XceiverServerGrpc 2f00ca3a-f523-476d-a77d-69389bdf1595 is started using port 42634
2019-09-25 04:49:14,637 [Datanode State Machine Thread - 0] INFO  ozoneimpl.OzoneContainer (OzoneContainer.java:start(217)) - Attempting to start container services.
2019-09-25 04:49:14,637 [Datanode State Machine Thread - 0] INFO  ozoneimpl.OzoneContainer (OzoneContainer.java:startContainerScrub(179)) - Background container scanner has been disabled.
2019-09-25 04:49:14,637 [Datanode State Machine Thread - 0] INFO  ratis.XceiverServerRatis (XceiverServerRatis.java:start(411)) - Starting XceiverServerRatis 4a0ae61b-4689-46eb-b962-7605c7f95abd at port 0
2019-09-25 04:49:14,645 [Datanode State Machine Thread - 0] INFO  impl.RaftServerProxy (RaftServerProxy.java:lambda$start$3(299)) - 4a0ae61b-4689-46eb-b962-7605c7f95abd: start RPC server
2019-09-25 04:49:14,650 [Datanode State Machine Thread - 0] INFO  server.GrpcService (GrpcService.java:startImpl(158)) - 4a0ae61b-4689-46eb-b962-7605c7f95abd: GrpcService started, listening on 0.0.0.0/0.0.0.0:41419
2019-09-25 04:49:14,650 [Datanode State Machine Thread - 0] INFO  ratis.XceiverServerRatis (XceiverServerRatis.java:start(421)) - XceiverServerRatis 4a0ae61b-4689-46eb-b962-7605c7f95abd is started using port 41419
2019-09-25 04:49:14,654 [Datanode State Machine Thread - 0] INFO  server.XceiverServerGrpc (XceiverServerGrpc.java:start(149)) - XceiverServerGrpc 4a0ae61b-4689-46eb-b962-7605c7f95abd is started using port 35386
2019-09-25 04:49:14,751 [Datanode State Machine Thread - 0] INFO  ozoneimpl.OzoneContainer (OzoneContainer.java:start(217)) - Attempting to start container services.
2019-09-25 04:49:14,751 [Datanode State Machine Thread - 0] INFO  ozoneimpl.OzoneContainer (OzoneContainer.java:startContainerScrub(179)) - Background container scanner has been disabled.
2019-09-25 04:49:14,751 [Datanode State Machine Thread - 0] INFO  ratis.XceiverServerRatis (XceiverServerRatis.java:start(411)) - Starting XceiverServerRatis 778daabb-04ae-41de-8067-bd0724312da7 at port 0
2019-09-25 04:49:14,760 [Datanode State Machine Thread - 0] INFO  impl.RaftServerProxy (RaftServerProxy.java:lambda$start$3(299)) - 778daabb-04ae-41de-8067-bd0724312da7: start RPC server
2019-09-25 04:49:14,766 [Datanode State Machine Thread - 0] INFO  server.GrpcService (GrpcService.java:startImpl(158)) - 778daabb-04ae-41de-8067-bd0724312da7: GrpcService started, listening on 0.0.0.0/0.0.0.0:43912
2019-09-25 04:49:14,766 [Datanode State Machine Thread - 0] INFO  ratis.XceiverServerRatis (XceiverServerRatis.java:start(421)) - XceiverServerRatis 778daabb-04ae-41de-8067-bd0724312da7 is started using port 43912
2019-09-25 04:49:14,770 [Datanode State Machine Thread - 0] INFO  server.XceiverServerGrpc (XceiverServerGrpc.java:start(149)) - XceiverServerGrpc 778daabb-04ae-41de-8067-bd0724312da7 is started using port 40832
2019-09-25 04:49:14,816 [main] INFO  ozone.MiniOzoneClusterImpl (MiniOzoneClusterImpl.java:lambda$waitForClusterToBeReady$0(147)) - Waiting for cluster to be ready. Got 0 of 10 DN Heartbeats.
2019-09-25 04:49:14,831 [Datanode State Machine Thread - 0] INFO  ozoneimpl.OzoneContainer (OzoneContainer.java:start(217)) - Attempting to start container services.
2019-09-25 04:49:14,831 [Datanode State Machine Thread - 0] INFO  ozoneimpl.OzoneContainer (OzoneContainer.java:startContainerScrub(179)) - Background container scanner has been disabled.
2019-09-25 04:49:14,832 [Datanode State Machine Thread - 0] INFO  ratis.XceiverServerRatis (XceiverServerRatis.java:start(411)) - Starting XceiverServerRatis ef95e979-b818-4083-9289-18188944726b at port 0
2019-09-25 04:49:14,842 [Datanode State Machine Thread - 0] INFO  impl.RaftServerProxy (RaftServerProxy.java:lambda$start$3(299)) - ef95e979-b818-4083-9289-18188944726b: start RPC server
2019-09-25 04:49:14,847 [Datanode State Machine Thread - 0] INFO  server.GrpcService (GrpcService.java:startImpl(158)) - ef95e979-b818-4083-9289-18188944726b: GrpcService started, listening on 0.0.0.0/0.0.0.0:36359
2019-09-25 04:49:14,847 [Datanode State Machine Thread - 0] INFO  ratis.XceiverServerRatis (XceiverServerRatis.java:start(421)) - XceiverServerRatis ef95e979-b818-4083-9289-18188944726b is started using port 36359
2019-09-25 04:49:14,876 [Datanode State Machine Thread - 0] INFO  server.XceiverServerGrpc (XceiverServerGrpc.java:start(149)) - XceiverServerGrpc ef95e979-b818-4083-9289-18188944726b is started using port 34804
2019-09-25 04:49:15,816 [main] INFO  ozone.MiniOzoneClusterImpl (MiniOzoneClusterImpl.java:lambda$waitForClusterToBeReady$0(147)) - Waiting for cluster to be ready. Got 0 of 10 DN Heartbeats.
2019-09-25 04:49:16,095 [IPC Server handler 4 on 39905] INFO  net.NetworkTopology (NetworkTopologyImpl.java:add(111)) - Added a new node: /default-rack/0deae85c-a16a-4311-a0af-934f501df2cc
2019-09-25 04:49:16,096 [IPC Server handler 4 on 39905] INFO  node.SCMNodeManager (SCMNodeManager.java:register(266)) - Registered Data node : 0deae85c-a16a-4311-a0af-934f501df2cc{ip: 192.168.164.207, host: pr-hdds-1569-s44lr-3492059363, networkLocation: /default-rack, certSerialId: null}
2019-09-25 04:49:16,104 [EventQueue-NodeRegistrationContainerReportForDataNodeSafeModeRule] INFO  safemode.SCMSafeModeManager (DataNodeSafeModeRule.java:process(71)) - SCM in safe mode. 1 DataNodes registered, 1 required.
2019-09-25 04:49:16,105 [EventQueue-NodeRegistrationContainerReportForDataNodeSafeModeRule] INFO  safemode.SCMSafeModeManager (SCMSafeModeManager.java:validateSafeModeExitRules(177)) - ScmSafeModeManager, all rules are successfully validated
2019-09-25 04:49:16,105 [EventQueue-NodeRegistrationContainerReportForDataNodeSafeModeRule] INFO  safemode.SCMSafeModeManager (SCMSafeModeManager.java:exitSafeMode(193)) - SCM exiting safe mode.
2019-09-25 04:49:16,162 [IPC Server handler 6 on 39905] INFO  net.NetworkTopology (NetworkTopologyImpl.java:add(111)) - Added a new node: /default-rack/ef17bb0f-3839-4724-ad21-94b92a6e25d3
2019-09-25 04:49:16,163 [IPC Server handler 6 on 39905] INFO  node.SCMNodeManager (SCMNodeManager.java:register(266)) - Registered Data node : ef17bb0f-3839-4724-ad21-94b92a6e25d3{ip: 192.168.164.207, host: pr-hdds-1569-s44lr-3492059363, networkLocation: /default-rack, certSerialId: null}
2019-09-25 04:49:16,251 [IPC Server handler 5 on 39905] INFO  net.NetworkTopology (NetworkTopologyImpl.java:add(111)) - Added a new node: /default-rack/4900d303-9ac7-4a86-9389-d77749add813
2019-09-25 04:49:16,252 [IPC Server handler 5 on 39905] INFO  node.SCMNodeManager (SCMNodeManager.java:register(266)) - Registered Data node : 4900d303-9ac7-4a86-9389-d77749add813{ip: 192.168.164.207, host: pr-hdds-1569-s44lr-3492059363, networkLocation: /default-rack, certSerialId: null}
2019-09-25 04:49:16,316 [IPC Server handler 7 on 39905] INFO  net.NetworkTopology (NetworkTopologyImpl.java:add(111)) - Added a new node: /default-rack/fcf37978-6168-4314-87d6-0e8a7c1fc6e1
2019-09-25 04:49:16,316 [IPC Server handler 7 on 39905] INFO  node.SCMNodeManager (SCMNodeManager.java:register(266)) - Registered Data node : fcf37978-6168-4314-87d6-0e8a7c1fc6e1{ip: 192.168.164.207, host: pr-hdds-1569-s44lr-3492059363, networkLocation: /default-rack, certSerialId: null}
2019-09-25 04:49:16,381 [IPC Server handler 8 on 39905] INFO  net.NetworkTopology (NetworkTopologyImpl.java:add(111)) - Added a new node: /default-rack/eccaf005-8169-4dfc-be1f-8981a011c66c
2019-09-25 04:49:16,381 [IPC Server handler 8 on 39905] INFO  node.SCMNodeManager (SCMNodeManager.java:register(266)) - Registered Data node : eccaf005-8169-4dfc-be1f-8981a011c66c{ip: 192.168.164.207, host: pr-hdds-1569-s44lr-3492059363, networkLocation: /default-rack, certSerialId: null}
2019-09-25 04:49:16,449 [IPC Server handler 10 on 39905] INFO  net.NetworkTopology (NetworkTopologyImpl.java:add(111)) - Added a new node: /default-rack/3875a0db-bcd0-4e93-a77c-33ac6d7b4cc5
2019-09-25 04:49:16,450 [IPC Server handler 10 on 39905] INFO  node.SCMNodeManager (SCMNodeManager.java:register(266)) - Registered Data node : 3875a0db-bcd0-4e93-a77c-33ac6d7b4cc5{ip: 192.168.164.207, host: pr-hdds-1569-s44lr-3492059363, networkLocation: /default-rack, certSerialId: null}
2019-09-25 04:49:16,546 [IPC Server handler 1 on 39905] INFO  net.NetworkTopology (NetworkTopologyImpl.java:add(111)) - Added a new node: /default-rack/2f00ca3a-f523-476d-a77d-69389bdf1595
2019-09-25 04:49:16,547 [IPC Server handler 1 on 39905] INFO  node.SCMNodeManager (SCMNodeManager.java:register(266)) - Registered Data node : 2f00ca3a-f523-476d-a77d-69389bdf1595{ip: 192.168.164.207, host: pr-hdds-1569-s44lr-3492059363, networkLocation: /default-rack, certSerialId: null}
2019-09-25 04:49:16,625 [IPC Server handler 2 on 39905] INFO  net.NetworkTopology (NetworkTopologyImpl.java:add(111)) - Added a new node: /default-rack/4a0ae61b-4689-46eb-b962-7605c7f95abd
2019-09-25 04:49:16,625 [IPC Server handler 2 on 39905] INFO  node.SCMNodeManager (SCMNodeManager.java:register(266)) - Registered Data node : 4a0ae61b-4689-46eb-b962-7605c7f95abd{ip: 192.168.164.207, host: pr-hdds-1569-s44lr-3492059363, networkLocation: /default-rack, certSerialId: null}
2019-09-25 04:49:16,723 [grpc-default-executor-0] INFO  impl.RaftServerProxy (RaftServerProxy.java:addNew(89)) - 0deae85c-a16a-4311-a0af-934f501df2cc: addNew group-A22F19AE0AB9:[0deae85c-a16a-4311-a0af-934f501df2cc:192.168.164.207:38744] returns group-A22F19AE0AB9:java.util.concurrent.CompletableFuture@cf62cb3[Not completed]
2019-09-25 04:49:16,739 [IPC Server handler 3 on 39905] INFO  net.NetworkTopology (NetworkTopologyImpl.java:add(111)) - Added a new node: /default-rack/778daabb-04ae-41de-8067-bd0724312da7
2019-09-25 04:49:16,739 [IPC Server handler 3 on 39905] INFO  node.SCMNodeManager (SCMNodeManager.java:register(266)) - Registered Data node : 778daabb-04ae-41de-8067-bd0724312da7{ip: 192.168.164.207, host: pr-hdds-1569-s44lr-3492059363, networkLocation: /default-rack, certSerialId: null}
2019-09-25 04:49:16,755 [pool-27-thread-1] INFO  impl.RaftServerImpl (RaftServerImpl.java:<init>(95)) - 0deae85c-a16a-4311-a0af-934f501df2cc: new RaftServerImpl for group-A22F19AE0AB9:[0deae85c-a16a-4311-a0af-934f501df2cc:192.168.164.207:38744] with ContainerStateMachine:uninitialized
2019-09-25 04:49:16,757 [pool-27-thread-1] INFO  server.RaftServerConfigKeys (ConfUtils.java:logGet(43)) - raft.server.rpc.timeout.min = 1s (custom)
2019-09-25 04:49:16,760 [pool-27-thread-1] INFO  server.RaftServerConfigKeys (ConfUtils.java:logGet(43)) - raft.server.rpc.timeout.max = 1200ms (custom)
2019-09-25 04:49:16,760 [pool-27-thread-1] INFO  server.RaftServerConfigKeys (ConfUtils.java:logGet(43)) - raft.server.rpcslowness.timeout = 120s (custom)
2019-09-25 04:49:16,761 [pool-27-thread-1] INFO  server.RaftServerConfigKeys (ConfUtils.java:logGet(43)) - raft.server.sleep.deviation.threshold = 300 (default)
2019-09-25 04:49:16,762 [pool-27-thread-1] INFO  server.RaftServerConfigKeys (ConfUtils.java:logGet(43)) - raft.server.log.appender.install.snapshot.enabled = false (custom)
2019-09-25 04:49:16,772 [pool-27-thread-1] INFO  impl.RaftServerImpl (ServerState.java:<init>(103)) - 0deae85c-a16a-4311-a0af-934f501df2cc@group-A22F19AE0AB9: ConfigurationManager, init=-1: [0deae85c-a16a-4311-a0af-934f501df2cc:192.168.164.207:38744], old=null, confs=<EMPTY_MAP>
2019-09-25 04:49:16,772 [pool-27-thread-1] INFO  server.RaftServerConfigKeys (ConfUtils.java:logGet(43)) - raft.server.storage.dir = [/workdir/hadoop-ozone/integration-test/target/test-dir/MiniOzoneClusterImpl-73e7cd3e-72db-4213-b677-28bfbd198772/datanode-0/data/ratis] (custom)
2019-09-25 04:49:16,782 [pool-27-thread-1] INFO  storage.RaftStorageDirectory (RaftStorageDirectory.java:analyzeStorage(246)) - The storage directory /workdir/hadoop-ozone/integration-test/target/test-dir/MiniOzoneClusterImpl-73e7cd3e-72db-4213-b677-28bfbd198772/datanode-0/data/ratis/3ca847a8-33cf-4f71-b4b4-a22f19ae0ab9 does not exist. Creating ...
2019-09-25 04:49:16,800 [pool-27-thread-1] INFO  storage.RaftStorageDirectory (RaftStorageDirectory.java:tryLock(328)) - Lock on /workdir/hadoop-ozone/integration-test/target/test-dir/MiniOzoneClusterImpl-73e7cd3e-72db-4213-b677-28bfbd198772/datanode-0/data/ratis/3ca847a8-33cf-4f71-b4b4-a22f19ae0ab9/in_use.lock acquired by nodename 6977@pr-hdds-1569-s44lr-3492059363
2019-09-25 04:49:16,832 [main] INFO  ozone.MiniOzoneClusterImpl (MiniOzoneClusterImpl.java:lambda$waitForClusterToBeReady$0(147)) - Waiting for cluster to be ready. Got 9 of 10 DN Heartbeats.
2019-09-25 04:49:16,840 [pool-27-thread-1] INFO  storage.RaftStorage (RaftStorage.java:format(72)) - Storage directory /workdir/hadoop-ozone/integration-test/target/test-dir/MiniOzoneClusterImpl-73e7cd3e-72db-4213-b677-28bfbd198772/datanode-0/data/ratis/3ca847a8-33cf-4f71-b4b4-a22f19ae0ab9 has been successfully formatted.
2019-09-25 04:49:16,841 [IPC Server handler 4 on 39905] INFO  net.NetworkTopology (NetworkTopologyImpl.java:add(111)) - Added a new node: /default-rack/ef95e979-b818-4083-9289-18188944726b
2019-09-25 04:49:16,841 [IPC Server handler 4 on 39905] INFO  node.SCMNodeManager (SCMNodeManager.java:register(266)) - Registered Data node : ef95e979-b818-4083-9289-18188944726b{ip: 192.168.164.207, host: pr-hdds-1569-s44lr-3492059363, networkLocation: /default-rack, certSerialId: null}
2019-09-25 04:49:16,843 [pool-27-thread-1] INFO  ratis.ContainerStateMachine (ContainerStateMachine.java:loadSnapshot(230)) - group-A22F19AE0AB9: The snapshot info is null. Setting the last applied indexto:(t:0, i:~)
2019-09-25 04:49:16,843 [pool-27-thread-1] INFO  server.RaftServerConfigKeys (ConfUtils.java:logGet(43)) - raft.server.notification.no-leader.timeout = 120s (custom)
2019-09-25 04:49:16,845 [pool-27-thread-1] INFO  server.RaftServerConfigKeys (ConfUtils.java:logGet(43)) - raft.server.log.use.memory = false (default)
2019-09-25 04:49:16,850 [pool-27-thread-1] INFO  server.RaftServerConfigKeys (ConfUtils.java:logGet(43)) - raft.server.log.purge.gap = 1000000 (custom)
2019-09-25 04:49:16,851 [pool-27-thread-1] INFO  server.RaftServerConfigKeys (ConfUtils.java:logGet(43)) - raft.server.log.appender.buffer.byte-limit = 33554432 (custom)
2019-09-25 04:49:16,853 [pool-27-thread-1] INFO  server.RaftServerConfigKeys (ConfUtils.java:logGet(43)) - raft.server.log.segment.size.max = 1048576 (custom)
2019-09-25 04:49:16,857 [pool-27-thread-1] INFO  server.RaftServerConfigKeys (ConfUtils.java:logGet(43)) - raft.server.log.segment.cache.num.max = 2 (custom)
2019-09-25 04:49:16,863 [pool-27-thread-1] INFO  segmented.SegmentedRaftLogWorker (SegmentedRaftLogWorker.java:<init>(172)) - new 0deae85c-a16a-4311-a0af-934f501df2cc@group-A22F19AE0AB9-SegmentedRaftLogWorker for RaftStorage:Storage Directory /workdir/hadoop-ozone/integration-test/target/test-dir/MiniOzoneClusterImpl-73e7cd3e-72db-4213-b677-28bfbd198772/datanode-0/data/ratis/3ca847a8-33cf-4f71-b4b4-a22f19ae0ab9
2019-09-25 04:49:16,864 [pool-27-thread-1] INFO  impl.MetricsSystemImpl (MetricsSystemImpl.java:init(158)) - ratis metrics system started (again)
2019-09-25 04:49:16,870 [pool-27-thread-1] INFO  metrics.MetricRegistries (MetricRegistriesLoader.java:load(64)) - Loaded MetricRegistries class org.apache.ratis.metrics.impl.MetricRegistriesImpl
2019-09-25 04:49:16,899 [pool-27-thread-1] INFO  server.RaftServerConfigKeys (ConfUtils.java:logGet(43)) - raft.server.log.queue.byte-limit = 2147483647 (custom)
2019-09-25 04:49:16,900 [pool-27-thread-1] INFO  server.RaftServerConfigKeys (ConfUtils.java:logGet(43)) - raft.server.log.queue.element-limit = 1024 (custom)
2019-09-25 04:49:16,903 [pool-27-thread-1] INFO  server.RaftServerConfigKeys (ConfUtils.java:logGet(43)) - raft.server.log.segment.size.max = 1048576 (custom)
2019-09-25 04:49:16,903 [pool-27-thread-1] INFO  server.RaftServerConfigKeys (ConfUtils.java:logGet(43)) - raft.server.log.preallocated.size = 16384 (custom)
2019-09-25 04:49:16,904 [pool-27-thread-1] INFO  server.RaftServerConfigKeys (ConfUtils.java:logGet(43)) - raft.server.log.write.buffer.size = 33554432 (custom)
2019-09-25 04:49:16,904 [pool-27-thread-1] INFO  server.RaftServerConfigKeys (ConfUtils.java:logGet(43)) - raft.server.log.force.sync.num = 128 (default)
2019-09-25 04:49:16,905 [pool-27-thread-1] INFO  server.RaftServerConfigKeys (ConfUtils.java:logGet(43)) - raft.server.log.statemachine.data.sync = true (default)
2019-09-25 04:49:16,905 [pool-27-thread-1] INFO  server.RaftServerConfigKeys (ConfUtils.java:logGet(43)) - raft.server.log.statemachine.data.sync.timeout = 10s (default)
2019-09-25 04:49:16,905 [pool-27-thread-1] INFO  server.RaftServerConfigKeys (ConfUtils.java:logGet(43)) - raft.server.log.statemachine.data.sync.timeout.retry = -1 (default)
2019-09-25 04:49:16,915 [pool-27-thread-1] INFO  server.RaftServerConfigKeys (ConfUtils.java:logGet(43)) - raft.server.log.statemachine.data.caching.enabled = true (custom)
2019-09-25 04:49:16,919 [pool-27-thread-1] INFO  segmented.SegmentedRaftLogWorker (SegmentedRaftLogWorker.java:lambda$new$0(132)) - 0deae85c-a16a-4311-a0af-934f501df2cc@group-A22F19AE0AB9-SegmentedRaftLogWorker: flushIndex: setUnconditionally 0 -> -1
2019-09-25 04:49:16,923 [pool-27-thread-1] INFO  server.RaftServerConfigKeys (ConfUtils.java:logGet(43)) - raft.server.snapshot.auto.trigger.enabled = true (custom)
2019-09-25 04:49:16,924 [pool-27-thread-1] INFO  server.RaftServerConfigKeys (ConfUtils.java:logGet(43)) - raft.server.snapshot.auto.trigger.threshold = 10000 (custom)
2019-09-25 04:49:16,924 [pool-27-thread-1] INFO  server.RaftServerConfigKeys (ConfUtils.java:logGet(43)) - raft.server.snapshot.retention.num.files = 5 (custom)
2019-09-25 04:49:16,925 [pool-27-thread-1] INFO  server.RaftServerConfigKeys (ConfUtils.java:logGet(43)) - raft.server.retrycache.expirytime = 600000ms (custom)
2019-09-25 04:49:16,952 [pool-27-thread-1] INFO  impl.RaftServerImpl (RaftServerImpl.java:start(185)) - 0deae85c-a16a-4311-a0af-934f501df2cc@group-A22F19AE0AB9: start as a follower, conf=-1: [0deae85c-a16a-4311-a0af-934f501df2cc:192.168.164.207:38744], old=null
2019-09-25 04:49:16,953 [pool-27-thread-1] INFO  impl.RaftServerImpl (RaftServerImpl.java:setRole(174)) - 0deae85c-a16a-4311-a0af-934f501df2cc@group-A22F19AE0AB9: changes role from      null to FOLLOWER at term 0 for startAsFollower
2019-09-25 04:49:16,954 [pool-27-thread-1] INFO  impl.RoleInfo (RoleInfo.java:updateAndGet(143)) - 0deae85c-a16a-4311-a0af-934f501df2cc: start FollowerState
2019-09-25 04:49:16,956 [pool-27-thread-1] INFO  util.JmxRegister (JmxRegister.java:tryRegister(44)) - Successfully registered JMX Bean with object name Ratis:service=RaftServer,group=group-A22F19AE0AB9,id=0deae85c-a16a-4311-a0af-934f501df2cc
2019-09-25 04:49:17,033 [RatisPipelineUtilsThread] INFO  pipeline.PipelineStateManager (PipelineStateManager.java:addPipeline(56)) - Created pipeline Pipeline[ Id: 3ca847a8-33cf-4f71-b4b4-a22f19ae0ab9, Nodes: 0deae85c-a16a-4311-a0af-934f501df2cc{ip: 192.168.164.207, host: pr-hdds-1569-s44lr-3492059363, networkLocation: /default-rack, certSerialId: null}, Type:RATIS, Factor:ONE, State:OPEN]
2019-09-25 04:49:17,062 [grpc-default-executor-0] INFO  impl.RaftServerProxy (RaftServerProxy.java:addNew(89)) - 2f00ca3a-f523-476d-a77d-69389bdf1595: addNew group-B9BCDC359A7E:[2f00ca3a-f523-476d-a77d-69389bdf1595:192.168.164.207:39474] returns group-B9BCDC359A7E:java.util.concurrent.CompletableFuture@4acc084f[Not completed]
2019-09-25 04:49:17,120 [pool-87-thread-1] INFO  impl.RaftServerImpl (RaftServerImpl.java:<init>(95)) - 2f00ca3a-f523-476d-a77d-69389bdf1595: new RaftServerImpl for group-B9BCDC359A7E:[2f00ca3a-f523-476d-a77d-69389bdf1595:192.168.164.207:39474] with ContainerStateMachine:uninitialized
2019-09-25 04:49:17,122 [pool-87-thread-1] INFO  server.RaftServerConfigKeys (ConfUtils.java:logGet(43)) - raft.server.rpc.timeout.min = 1s (custom)
2019-09-25 04:49:17,122 [pool-87-thread-1] INFO  server.RaftServerConfigKeys (ConfUtils.java:logGet(43)) - raft.server.rpc.timeout.max = 1200ms (custom)
2019-09-25 04:49:17,122 [pool-87-thread-1] INFO  server.RaftServerConfigKeys (ConfUtils.java:logGet(43)) - raft.server.rpcslowness.timeout = 120s (custom)
2019-09-25 04:49:17,122 [pool-87-thread-1] INFO  server.RaftServerConfigKeys (ConfUtils.java:logGet(43)) - raft.server.sleep.deviation.threshold = 300 (default)
2019-09-25 04:49:17,122 [pool-87-thread-1] INFO  server.RaftServerConfigKeys (ConfUtils.java:logGet(43)) - raft.server.log.appender.install.snapshot.enabled = false (custom)
2019-09-25 04:49:17,122 [pool-87-thread-1] INFO  impl.RaftServerImpl (ServerState.java:<init>(103)) - 2f00ca3a-f523-476d-a77d-69389bdf1595@group-B9BCDC359A7E: ConfigurationManager, init=-1: [2f00ca3a-f523-476d-a77d-69389bdf1595:192.168.164.207:39474], old=null, confs=<EMPTY_MAP>
2019-09-25 04:49:17,123 [pool-87-thread-1] INFO  server.RaftServerConfigKeys (ConfUtils.java:logGet(43)) - raft.server.storage.dir = [/workdir/hadoop-ozone/integration-test/target/test-dir/MiniOzoneClusterImpl-73e7cd3e-72db-4213-b677-28bfbd198772/datanode-6/data/ratis] (custom)
2019-09-25 04:49:17,123 [pool-87-thread-1] INFO  storage.RaftStorageDirectory (RaftStorageDirectory.java:analyzeStorage(246)) - The storage directory /workdir/hadoop-ozone/integration-test/target/test-dir/MiniOzoneClusterImpl-73e7cd3e-72db-4213-b677-28bfbd198772/datanode-6/data/ratis/68da2eaa-b550-4e84-ad22-b9bcdc359a7e does not exist. Creating ...
2019-09-25 04:49:17,138 [pool-87-thread-1] INFO  storage.RaftStorageDirectory (RaftStorageDirectory.java:tryLock(328)) - Lock on /workdir/hadoop-ozone/integration-test/target/test-dir/MiniOzoneClusterImpl-73e7cd3e-72db-4213-b677-28bfbd198772/datanode-6/data/ratis/68da2eaa-b550-4e84-ad22-b9bcdc359a7e/in_use.lock acquired by nodename 6977@pr-hdds-1569-s44lr-3492059363
2019-09-25 04:49:17,151 [pool-87-thread-1] INFO  storage.RaftStorage (RaftStorage.java:format(72)) - Storage directory /workdir/hadoop-ozone/integration-test/target/test-dir/MiniOzoneClusterImpl-73e7cd3e-72db-4213-b677-28bfbd198772/datanode-6/data/ratis/68da2eaa-b550-4e84-ad22-b9bcdc359a7e has been successfully formatted.
2019-09-25 04:49:17,152 [pool-87-thread-1] INFO  ratis.ContainerStateMachine (ContainerStateMachine.java:loadSnapshot(230)) - group-B9BCDC359A7E: The snapshot info is null. Setting the last applied indexto:(t:0, i:~)
2019-09-25 04:49:17,154 [pool-87-thread-1] INFO  server.RaftServerConfigKeys (ConfUtils.java:logGet(43)) - raft.server.notification.no-leader.timeout = 120s (custom)
2019-09-25 04:49:17,154 [pool-87-thread-1] INFO  server.RaftServerConfigKeys (ConfUtils.java:logGet(43)) - raft.server.log.use.memory = false (default)
2019-09-25 04:49:17,154 [pool-87-thread-1] INFO  server.RaftServerConfigKeys (ConfUtils.java:logGet(43)) - raft.server.log.purge.gap = 1000000 (custom)
2019-09-25 04:49:17,154 [pool-87-thread-1] INFO  server.RaftServerConfigKeys (ConfUtils.java:logGet(43)) - raft.server.log.appender.buffer.byte-limit = 33554432 (custom)
2019-09-25 04:49:17,154 [pool-87-thread-1] INFO  server.RaftServerConfigKeys (ConfUtils.java:logGet(43)) - raft.server.log.segment.size.max = 1048576 (custom)
2019-09-25 04:49:17,154 [pool-87-thread-1] INFO  server.RaftServerConfigKeys (ConfUtils.java:logGet(43)) - raft.server.log.segment.cache.num.max = 2 (custom)
2019-09-25 04:49:17,155 [pool-87-thread-1] INFO  segmented.SegmentedRaftLogWorker (SegmentedRaftLogWorker.java:<init>(172)) - new 2f00ca3a-f523-476d-a77d-69389bdf1595@group-B9BCDC359A7E-SegmentedRaftLogWorker for RaftStorage:Storage Directory /workdir/hadoop-ozone/integration-test/target/test-dir/MiniOzoneClusterImpl-73e7cd3e-72db-4213-b677-28bfbd198772/datanode-6/data/ratis/68da2eaa-b550-4e84-ad22-b9bcdc359a7e
2019-09-25 04:49:17,160 [pool-87-thread-1] INFO  server.RaftServerConfigKeys (ConfUtils.java:logGet(43)) - raft.server.log.queue.byte-limit = 2147483647 (custom)
2019-09-25 04:49:17,160 [pool-87-thread-1] INFO  server.RaftServerConfigKeys (ConfUtils.java:logGet(43)) - raft.server.log.queue.element-limit = 1024 (custom)
2019-09-25 04:49:17,160 [pool-87-thread-1] INFO  server.RaftServerConfigKeys (ConfUtils.java:logGet(43)) - raft.server.log.segment.size.max = 1048576 (custom)
2019-09-25 04:49:17,161 [pool-87-thread-1] INFO  server.RaftServerConfigKeys (ConfUtils.java:logGet(43)) - raft.server.log.preallocated.size = 16384 (custom)
2019-09-25 04:49:17,161 [pool-87-thread-1] INFO  server.RaftServerConfigKeys (ConfUtils.java:logGet(43)) - raft.server.log.write.buffer.size = 33554432 (custom)
2019-09-25 04:49:17,161 [pool-87-thread-1] INFO  server.RaftServerConfigKeys (ConfUtils.java:logGet(43)) - raft.server.log.force.sync.num = 128 (default)
2019-09-25 04:49:17,161 [pool-87-thread-1] INFO  server.RaftServerConfigKeys (ConfUtils.java:logGet(43)) - raft.server.log.statemachine.data.sync = true (default)
2019-09-25 04:49:17,161 [pool-87-thread-1] INFO  server.RaftServerConfigKeys (ConfUtils.java:logGet(43)) - raft.server.log.statemachine.data.sync.timeout = 10s (default)
2019-09-25 04:49:17,161 [pool-87-thread-1] INFO  server.RaftServerConfigKeys (ConfUtils.java:logGet(43)) - raft.server.log.statemachine.data.sync.timeout.retry = -1 (default)
2019-09-25 04:49:17,161 [pool-87-thread-1] INFO  server.RaftServerConfigKeys (ConfUtils.java:logGet(43)) - raft.server.log.statemachine.data.caching.enabled = true (custom)
2019-09-25 04:49:17,162 [pool-87-thread-1] INFO  segmented.SegmentedRaftLogWorker (SegmentedRaftLogWorker.java:lambda$new$0(132)) - 2f00ca3a-f523-476d-a77d-69389bdf1595@group-B9BCDC359A7E-SegmentedRaftLogWorker: flushIndex: setUnconditionally 0 -> -1
2019-09-25 04:49:17,162 [pool-87-thread-1] INFO  server.RaftServerConfigKeys (ConfUtils.java:logGet(43)) - raft.server.snapshot.auto.trigger.enabled = true (custom)
2019-09-25 04:49:17,162 [pool-87-thread-1] INFO  server.RaftServerConfigKeys (ConfUtils.java:logGet(43)) - raft.server.snapshot.auto.trigger.threshold = 10000 (custom)
2019-09-25 04:49:17,162 [pool-87-thread-1] INFO  server.RaftServerConfigKeys (ConfUtils.java:logGet(43)) - raft.server.snapshot.retention.num.files = 5 (custom)
2019-09-25 04:49:17,163 [pool-87-thread-1] INFO  server.RaftServerConfigKeys (ConfUtils.java:logGet(43)) - raft.server.retrycache.expirytime = 600000ms (custom)
2019-09-25 04:49:17,166 [pool-87-thread-1] INFO  impl.RaftServerImpl (RaftServerImpl.java:start(185)) - 2f00ca3a-f523-476d-a77d-69389bdf1595@group-B9BCDC359A7E: start as a follower, conf=-1: [2f00ca3a-f523-476d-a77d-69389bdf1595:192.168.164.207:39474], old=null
2019-09-25 04:49:17,167 [pool-87-thread-1] INFO  impl.RaftServerImpl (RaftServerImpl.java:setRole(174)) - 2f00ca3a-f523-476d-a77d-69389bdf1595@group-B9BCDC359A7E: changes role from      null to FOLLOWER at term 0 for startAsFollower
2019-09-25 04:49:17,167 [pool-87-thread-1] INFO  impl.RoleInfo (RoleInfo.java:updateAndGet(143)) - 2f00ca3a-f523-476d-a77d-69389bdf1595: start FollowerState
2019-09-25 04:49:17,168 [pool-87-thread-1] INFO  util.JmxRegister (JmxRegister.java:tryRegister(44)) - Successfully registered JMX Bean with object name Ratis:service=RaftServer,group=group-B9BCDC359A7E,id=2f00ca3a-f523-476d-a77d-69389bdf1595
2019-09-25 04:49:17,185 [RatisPipelineUtilsThread] INFO  pipeline.PipelineStateManager (PipelineStateManager.java:addPipeline(56)) - Created pipeline Pipeline[ Id: 68da2eaa-b550-4e84-ad22-b9bcdc359a7e, Nodes: 2f00ca3a-f523-476d-a77d-69389bdf1595{ip: 192.168.164.207, host: pr-hdds-1569-s44lr-3492059363, networkLocation: /default-rack, certSerialId: null}, Type:RATIS, Factor:ONE, State:OPEN]
2019-09-25 04:49:17,208 [grpc-default-executor-0] INFO  impl.RaftServerProxy (RaftServerProxy.java:addNew(89)) - 0deae85c-a16a-4311-a0af-934f501df2cc: addNew group-0B3FBBB3D1BA:[0deae85c-a16a-4311-a0af-934f501df2cc:192.168.164.207:38744] returns group-0B3FBBB3D1BA:java.util.concurrent.CompletableFuture@64daa89b[Not completed]
2019-09-25 04:49:17,236 [pool-27-thread-1] INFO  impl.RaftServerImpl (RaftServerImpl.java:<init>(95)) - 0deae85c-a16a-4311-a0af-934f501df2cc: new RaftServerImpl for group-0B3FBBB3D1BA:[0deae85c-a16a-4311-a0af-934f501df2cc:192.168.164.207:38744] with ContainerStateMachine:uninitialized
2019-09-25 04:49:17,236 [pool-27-thread-1] INFO  server.RaftServerConfigKeys (ConfUtils.java:logGet(43)) - raft.server.rpc.timeout.min = 1s (custom)
2019-09-25 04:49:17,236 [pool-27-thread-1] INFO  server.RaftServerConfigKeys (ConfUtils.java:logGet(43)) - raft.server.rpc.timeout.max = 1200ms (custom)
2019-09-25 04:49:17,236 [pool-27-thread-1] INFO  server.RaftServerConfigKeys (ConfUtils.java:logGet(43)) - raft.server.rpcslowness.timeout = 120s (custom)
2019-09-25 04:49:17,236 [pool-27-thread-1] INFO  server.RaftServerConfigKeys (ConfUtils.java:logGet(43)) - raft.server.sleep.deviation.threshold = 300 (default)
2019-09-25 04:49:17,237 [pool-27-thread-1] INFO  server.RaftServerConfigKeys (ConfUtils.java:logGet(43)) - raft.server.log.appender.install.snapshot.enabled = false (custom)
2019-09-25 04:49:17,237 [pool-27-thread-1] INFO  impl.RaftServerImpl (ServerState.java:<init>(103)) - 0deae85c-a16a-4311-a0af-934f501df2cc@group-0B3FBBB3D1BA: ConfigurationManager, init=-1: [0deae85c-a16a-4311-a0af-934f501df2cc:192.168.164.207:38744], old=null, confs=<EMPTY_MAP>
2019-09-25 04:49:17,237 [pool-27-thread-1] INFO  server.RaftServerConfigKeys (ConfUtils.java:logGet(43)) - raft.server.storage.dir = [/workdir/hadoop-ozone/integration-test/target/test-dir/MiniOzoneClusterImpl-73e7cd3e-72db-4213-b677-28bfbd198772/datanode-0/data/ratis] (custom)
2019-09-25 04:49:17,237 [pool-27-thread-1] INFO  storage.RaftStorageDirectory (RaftStorageDirectory.java:analyzeStorage(246)) - The storage directory /workdir/hadoop-ozone/integration-test/target/test-dir/MiniOzoneClusterImpl-73e7cd3e-72db-4213-b677-28bfbd198772/datanode-0/data/ratis/d52ee80d-05aa-4315-a15c-0b3fbbb3d1ba does not exist. Creating ...
2019-09-25 04:49:17,250 [pool-27-thread-1] INFO  storage.RaftStorageDirectory (RaftStorageDirectory.java:tryLock(328)) - Lock on /workdir/hadoop-ozone/integration-test/target/test-dir/MiniOzoneClusterImpl-73e7cd3e-72db-4213-b677-28bfbd198772/datanode-0/data/ratis/d52ee80d-05aa-4315-a15c-0b3fbbb3d1ba/in_use.lock acquired by nodename 6977@pr-hdds-1569-s44lr-3492059363
2019-09-25 04:49:17,263 [pool-27-thread-1] INFO  storage.RaftStorage (RaftStorage.java:format(72)) - Storage directory /workdir/hadoop-ozone/integration-test/target/test-dir/MiniOzoneClusterImpl-73e7cd3e-72db-4213-b677-28bfbd198772/datanode-0/data/ratis/d52ee80d-05aa-4315-a15c-0b3fbbb3d1ba has been successfully formatted.
2019-09-25 04:49:17,264 [pool-27-thread-1] INFO  ratis.ContainerStateMachine (ContainerStateMachine.java:loadSnapshot(230)) - group-0B3FBBB3D1BA: The snapshot info is null. Setting the last applied indexto:(t:0, i:~)
2019-09-25 04:49:17,264 [pool-27-thread-1] INFO  server.RaftServerConfigKeys (ConfUtils.java:logGet(43)) - raft.server.notification.no-leader.timeout = 120s (custom)
2019-09-25 04:49:17,264 [pool-27-thread-1] INFO  server.RaftServerConfigKeys (ConfUtils.java:logGet(43)) - raft.server.log.use.memory = false (default)
2019-09-25 04:49:17,264 [pool-27-thread-1] INFO  server.RaftServerConfigKeys (ConfUtils.java:logGet(43)) - raft.server.log.purge.gap = 1000000 (custom)
2019-09-25 04:49:17,264 [pool-27-thread-1] INFO  server.RaftServerConfigKeys (ConfUtils.java:logGet(43)) - raft.server.log.appender.buffer.byte-limit = 33554432 (custom)
2019-09-25 04:49:17,264 [pool-27-thread-1] INFO  server.RaftServerConfigKeys (ConfUtils.java:logGet(43)) - raft.server.log.segment.size.max = 1048576 (custom)
2019-09-25 04:49:17,265 [pool-27-thread-1] INFO  server.RaftServerConfigKeys (ConfUtils.java:logGet(43)) - raft.server.log.segment.cache.num.max = 2 (custom)
2019-09-25 04:49:17,265 [pool-27-thread-1] INFO  segmented.SegmentedRaftLogWorker (SegmentedRaftLogWorker.java:<init>(172)) - new 0deae85c-a16a-4311-a0af-934f501df2cc@group-0B3FBBB3D1BA-SegmentedRaftLogWorker for RaftStorage:Storage Directory /workdir/hadoop-ozone/integration-test/target/test-dir/MiniOzoneClusterImpl-73e7cd3e-72db-4213-b677-28bfbd198772/datanode-0/data/ratis/d52ee80d-05aa-4315-a15c-0b3fbbb3d1ba
2019-09-25 04:49:17,265 [pool-27-thread-1] INFO  server.RaftServerConfigKeys (ConfUtils.java:logGet(43)) - raft.server.log.queue.byte-limit = 2147483647 (custom)
2019-09-25 04:49:17,265 [pool-27-thread-1] INFO  server.RaftServerConfigKeys (ConfUtils.java:logGet(43)) - raft.server.log.queue.element-limit = 1024 (custom)
2019-09-25 04:49:17,265 [pool-27-thread-1] INFO  server.RaftServerConfigKeys (ConfUtils.java:logGet(43)) - raft.server.log.segment.size.max = 1048576 (custom)
2019-09-25 04:49:17,265 [pool-27-thread-1] INFO  server.RaftServerConfigKeys (ConfUtils.java:logGet(43)) - raft.server.log.preallocated.size = 16384 (custom)
2019-09-25 04:49:17,265 [pool-27-thread-1] INFO  server.RaftServerConfigKeys (ConfUtils.java:logGet(43)) - raft.server.log.write.buffer.size = 33554432 (custom)
2019-09-25 04:49:17,265 [pool-27-thread-1] INFO  server.RaftServerConfigKeys (ConfUtils.java:logGet(43)) - raft.server.log.force.sync.num = 128 (default)
2019-09-25 04:49:17,266 [pool-27-thread-1] INFO  server.RaftServerConfigKeys (ConfUtils.java:logGet(43)) - raft.server.log.statemachine.data.sync = true (default)
2019-09-25 04:49:17,266 [pool-27-thread-1] INFO  server.RaftServerConfigKeys (ConfUtils.java:logGet(43)) - raft.server.log.statemachine.data.sync.timeout = 10s (default)
2019-09-25 04:49:17,266 [pool-27-thread-1] INFO  server.RaftServerConfigKeys (ConfUtils.java:logGet(43)) - raft.server.log.statemachine.data.sync.timeout.retry = -1 (default)
2019-09-25 04:49:17,266 [pool-27-thread-1] INFO  server.RaftServerConfigKeys (ConfUtils.java:logGet(43)) - raft.server.log.statemachine.data.caching.enabled = true (custom)
2019-09-25 04:49:17,266 [pool-27-thread-1] INFO  segmented.SegmentedRaftLogWorker (SegmentedRaftLogWorker.java:lambda$new$0(132)) - 0deae85c-a16a-4311-a0af-934f501df2cc@group-0B3FBBB3D1BA-SegmentedRaftLogWorker: flushIndex: setUnconditionally 0 -> -1
2019-09-25 04:49:17,267 [pool-27-thread-1] INFO  server.RaftServerConfigKeys (ConfUtils.java:logGet(43)) - raft.server.snapshot.auto.trigger.enabled = true (custom)
2019-09-25 04:49:17,267 [pool-27-thread-1] INFO  server.RaftServerConfigKeys (ConfUtils.java:logGet(43)) - raft.server.snapshot.auto.trigger.threshold = 10000 (custom)
2019-09-25 04:49:17,267 [pool-27-thread-1] INFO  server.RaftServerConfigKeys (ConfUtils.java:logGet(43)) - raft.server.snapshot.retention.num.files = 5 (custom)
2019-09-25 04:49:17,267 [pool-27-thread-1] INFO  server.RaftServerConfigKeys (ConfUtils.java:logGet(43)) - raft.server.retrycache.expirytime = 600000ms (custom)
2019-09-25 04:49:17,310 [pool-27-thread-1] INFO  impl.RaftServerImpl (RaftServerImpl.java:start(185)) - 0deae85c-a16a-4311-a0af-934f501df2cc@group-0B3FBBB3D1BA: start as a follower, conf=-1: [0deae85c-a16a-4311-a0af-934f501df2cc:192.168.164.207:38744], old=null
2019-09-25 04:49:17,310 [pool-27-thread-1] INFO  impl.RaftServerImpl (RaftServerImpl.java:setRole(174)) - 0deae85c-a16a-4311-a0af-934f501df2cc@group-0B3FBBB3D1BA: changes role from      null to FOLLOWER at term 0 for startAsFollower
2019-09-25 04:49:17,311 [pool-27-thread-1] INFO  impl.RoleInfo (RoleInfo.java:updateAndGet(143)) - 0deae85c-a16a-4311-a0af-934f501df2cc: start FollowerState
2019-09-25 04:49:17,311 [pool-27-thread-1] INFO  util.JmxRegister (JmxRegister.java:tryRegister(44)) - Successfully registered JMX Bean with object name Ratis:service=RaftServer,group=group-0B3FBBB3D1BA,id=0deae85c-a16a-4311-a0af-934f501df2cc
2019-09-25 04:49:17,324 [RatisPipelineUtilsThread] INFO  pipeline.PipelineStateManager (PipelineStateManager.java:addPipeline(56)) - Created pipeline Pipeline[ Id: d52ee80d-05aa-4315-a15c-0b3fbbb3d1ba, Nodes: 0deae85c-a16a-4311-a0af-934f501df2cc{ip: 192.168.164.207, host: pr-hdds-1569-s44lr-3492059363, networkLocation: /default-rack, certSerialId: null}, Type:RATIS, Factor:ONE, State:OPEN]
2019-09-25 04:49:17,343 [grpc-default-executor-0] INFO  impl.RaftServerProxy (RaftServerProxy.java:addNew(89)) - 4900d303-9ac7-4a86-9389-d77749add813: addNew group-462A66006D02:[4900d303-9ac7-4a86-9389-d77749add813:192.168.164.207:37431] returns group-462A66006D02:java.util.concurrent.CompletableFuture@1cb7576b[Not completed]
2019-09-25 04:49:17,348 [pool-47-thread-1] INFO  impl.RaftServerImpl (RaftServerImpl.java:<init>(95)) - 4900d303-9ac7-4a86-9389-d77749add813: new RaftServerImpl for group-462A66006D02:[4900d303-9ac7-4a86-9389-d77749add813:192.168.164.207:37431] with ContainerStateMachine:uninitialized
2019-09-25 04:49:17,348 [pool-47-thread-1] INFO  server.RaftServerConfigKeys (ConfUtils.java:logGet(43)) - raft.server.rpc.timeout.min = 1s (custom)
2019-09-25 04:49:17,348 [pool-47-thread-1] INFO  server.RaftServerConfigKeys (ConfUtils.java:logGet(43)) - raft.server.rpc.timeout.max = 1200ms (custom)
2019-09-25 04:49:17,348 [pool-47-thread-1] INFO  server.RaftServerConfigKeys (ConfUtils.java:logGet(43)) - raft.server.rpcslowness.timeout = 120s (custom)
2019-09-25 04:49:17,348 [pool-47-thread-1] INFO  server.RaftServerConfigKeys (ConfUtils.java:logGet(43)) - raft.server.sleep.deviation.threshold = 300 (default)
2019-09-25 04:49:17,348 [pool-47-thread-1] INFO  server.RaftServerConfigKeys (ConfUtils.java:logGet(43)) - raft.server.log.appender.install.snapshot.enabled = false (custom)
2019-09-25 04:49:17,348 [pool-47-thread-1] INFO  impl.RaftServerImpl (ServerState.java:<init>(103)) - 4900d303-9ac7-4a86-9389-d77749add813@group-462A66006D02: ConfigurationManager, init=-1: [4900d303-9ac7-4a86-9389-d77749add813:192.168.164.207:37431], old=null, confs=<EMPTY_MAP>
2019-09-25 04:49:17,349 [pool-47-thread-1] INFO  server.RaftServerConfigKeys (ConfUtils.java:logGet(43)) - raft.server.storage.dir = [/workdir/hadoop-ozone/integration-test/target/test-dir/MiniOzoneClusterImpl-73e7cd3e-72db-4213-b677-28bfbd198772/datanode-2/data/ratis] (custom)
2019-09-25 04:49:17,349 [pool-47-thread-1] INFO  storage.RaftStorageDirectory (RaftStorageDirectory.java:analyzeStorage(246)) - The storage directory /workdir/hadoop-ozone/integration-test/target/test-dir/MiniOzoneClusterImpl-73e7cd3e-72db-4213-b677-28bfbd198772/datanode-2/data/ratis/23874787-6055-4f10-ac0b-462a66006d02 does not exist. Creating ...
2019-09-25 04:49:17,362 [pool-47-thread-1] INFO  storage.RaftStorageDirectory (RaftStorageDirectory.java:tryLock(328)) - Lock on /workdir/hadoop-ozone/integration-test/target/test-dir/MiniOzoneClusterImpl-73e7cd3e-72db-4213-b677-28bfbd198772/datanode-2/data/ratis/23874787-6055-4f10-ac0b-462a66006d02/in_use.lock acquired by nodename 6977@pr-hdds-1569-s44lr-3492059363
2019-09-25 04:49:17,375 [pool-47-thread-1] INFO  storage.RaftStorage (RaftStorage.java:format(72)) - Storage directory /workdir/hadoop-ozone/integration-test/target/test-dir/MiniOzoneClusterImpl-73e7cd3e-72db-4213-b677-28bfbd198772/datanode-2/data/ratis/23874787-6055-4f10-ac0b-462a66006d02 has been successfully formatted.
2019-09-25 04:49:17,375 [pool-47-thread-1] INFO  ratis.ContainerStateMachine (ContainerStateMachine.java:loadSnapshot(230)) - group-462A66006D02: The snapshot info is null. Setting the last applied indexto:(t:0, i:~)
2019-09-25 04:49:17,375 [pool-47-thread-1] INFO  server.RaftServerConfigKeys (ConfUtils.java:logGet(43)) - raft.server.notification.no-leader.timeout = 120s (custom)
2019-09-25 04:49:17,376 [pool-47-thread-1] INFO  server.RaftServerConfigKeys (ConfUtils.java:logGet(43)) - raft.server.log.use.memory = false (default)
2019-09-25 04:49:17,376 [pool-47-thread-1] INFO  server.RaftServerConfigKeys (ConfUtils.java:logGet(43)) - raft.server.log.purge.gap = 1000000 (custom)
2019-09-25 04:49:17,376 [pool-47-thread-1] INFO  server.RaftServerConfigKeys (ConfUtils.java:logGet(43)) - raft.server.log.appender.buffer.byte-limit = 33554432 (custom)
2019-09-25 04:49:17,376 [pool-47-thread-1] INFO  server.RaftServerConfigKeys (ConfUtils.java:logGet(43)) - raft.server.log.segment.size.max = 1048576 (custom)
2019-09-25 04:49:17,376 [pool-47-thread-1] INFO  server.RaftServerConfigKeys (ConfUtils.java:logGet(43)) - raft.server.log.segment.cache.num.max = 2 (custom)
2019-09-25 04:49:17,376 [pool-47-thread-1] INFO  segmented.SegmentedRaftLogWorker (SegmentedRaftLogWorker.java:<init>(172)) - new 4900d303-9ac7-4a86-9389-d77749add813@group-462A66006D02-SegmentedRaftLogWorker for RaftStorage:Storage Directory /workdir/hadoop-ozone/integration-test/target/test-dir/MiniOzoneClusterImpl-73e7cd3e-72db-4213-b677-28bfbd198772/datanode-2/data/ratis/23874787-6055-4f10-ac0b-462a66006d02
2019-09-25 04:49:17,380 [pool-47-thread-1] INFO  server.RaftServerConfigKeys (ConfUtils.java:logGet(43)) - raft.server.log.queue.byte-limit = 2147483647 (custom)
2019-09-25 04:49:17,380 [pool-47-thread-1] INFO  server.RaftServerConfigKeys (ConfUtils.java:logGet(43)) - raft.server.log.queue.element-limit = 1024 (custom)
2019-09-25 04:49:17,380 [pool-47-thread-1] INFO  server.RaftServerConfigKeys (ConfUtils.java:logGet(43)) - raft.server.log.segment.size.max = 1048576 (custom)
2019-09-25 04:49:17,380 [pool-47-thread-1] INFO  server.RaftServerConfigKeys (ConfUtils.java:logGet(43)) - raft.server.log.preallocated.size = 16384 (custom)
2019-09-25 04:49:17,381 [pool-47-thread-1] INFO  server.RaftServerConfigKeys (ConfUtils.java:logGet(43)) - raft.server.log.write.buffer.size = 33554432 (custom)
2019-09-25 04:49:17,381 [pool-47-thread-1] INFO  server.RaftServerConfigKeys (ConfUtils.java:logGet(43)) - raft.server.log.force.sync.num = 128 (default)
2019-09-25 04:49:17,381 [pool-47-thread-1] INFO  server.RaftServerConfigKeys (ConfUtils.java:logGet(43)) - raft.server.log.statemachine.data.sync = true (default)
2019-09-25 04:49:17,381 [pool-47-thread-1] INFO  server.RaftServerConfigKeys (ConfUtils.java:logGet(43)) - raft.server.log.statemachine.data.sync.timeout = 10s (default)
2019-09-25 04:49:17,381 [pool-47-thread-1] INFO  server.RaftServerConfigKeys (ConfUtils.java:logGet(43)) - raft.server.log.statemachine.data.sync.timeout.retry = -1 (default)
2019-09-25 04:49:17,381 [pool-47-thread-1] INFO  server.RaftServerConfigKeys (ConfUtils.java:logGet(43)) - raft.server.log.statemachine.data.caching.enabled = true (custom)
2019-09-25 04:49:17,382 [pool-47-thread-1] INFO  segmented.SegmentedRaftLogWorker (SegmentedRaftLogWorker.java:lambda$new$0(132)) - 4900d303-9ac7-4a86-9389-d77749add813@group-462A66006D02-SegmentedRaftLogWorker: flushIndex: setUnconditionally 0 -> -1
2019-09-25 04:49:17,382 [pool-47-thread-1] INFO  server.RaftServerConfigKeys (ConfUtils.java:logGet(43)) - raft.server.snapshot.auto.trigger.enabled = true (custom)
2019-09-25 04:49:17,382 [pool-47-thread-1] INFO  server.RaftServerConfigKeys (ConfUtils.java:logGet(43)) - raft.server.snapshot.auto.trigger.threshold = 10000 (custom)
2019-09-25 04:49:17,382 [pool-47-thread-1] INFO  server.RaftServerConfigKeys (ConfUtils.java:logGet(43)) - raft.server.snapshot.retention.num.files = 5 (custom)
2019-09-25 04:49:17,382 [pool-47-thread-1] INFO  server.RaftServerConfigKeys (ConfUtils.java:logGet(43)) - raft.server.retrycache.expirytime = 600000ms (custom)
2019-09-25 04:49:17,388 [pool-47-thread-1] INFO  impl.RaftServerImpl (RaftServerImpl.java:start(185)) - 4900d303-9ac7-4a86-9389-d77749add813@group-462A66006D02: start as a follower, conf=-1: [4900d303-9ac7-4a86-9389-d77749add813:192.168.164.207:37431], old=null
2019-09-25 04:49:17,388 [pool-47-thread-1] INFO  impl.RaftServerImpl (RaftServerImpl.java:setRole(174)) - 4900d303-9ac7-4a86-9389-d77749add813@group-462A66006D02: changes role from      null to FOLLOWER at term 0 for startAsFollower
2019-09-25 04:49:17,388 [pool-47-thread-1] INFO  impl.RoleInfo (RoleInfo.java:updateAndGet(143)) - 4900d303-9ac7-4a86-9389-d77749add813: start FollowerState
2019-09-25 04:49:17,388 [pool-47-thread-1] INFO  util.JmxRegister (JmxRegister.java:tryRegister(44)) - Successfully registered JMX Bean with object name Ratis:service=RaftServer,group=group-462A66006D02,id=4900d303-9ac7-4a86-9389-d77749add813
2019-09-25 04:49:17,414 [RatisPipelineUtilsThread] INFO  pipeline.PipelineStateManager (PipelineStateManager.java:addPipeline(56)) - Created pipeline Pipeline[ Id: 23874787-6055-4f10-ac0b-462a66006d02, Nodes: 4900d303-9ac7-4a86-9389-d77749add813{ip: 192.168.164.207, host: pr-hdds-1569-s44lr-3492059363, networkLocation: /default-rack, certSerialId: null}, Type:RATIS, Factor:ONE, State:OPEN]
2019-09-25 04:49:17,430 [grpc-default-executor-0] INFO  impl.RaftServerProxy (RaftServerProxy.java:addNew(89)) - 0deae85c-a16a-4311-a0af-934f501df2cc: addNew group-02A043F9F7BA:[0deae85c-a16a-4311-a0af-934f501df2cc:192.168.164.207:38744] returns group-02A043F9F7BA:java.util.concurrent.CompletableFuture@5b6054b2[Not completed]
2019-09-25 04:49:17,432 [pool-27-thread-1] INFO  impl.RaftServerImpl (RaftServerImpl.java:<init>(95)) - 0deae85c-a16a-4311-a0af-934f501df2cc: new RaftServerImpl for group-02A043F9F7BA:[0deae85c-a16a-4311-a0af-934f501df2cc:192.168.164.207:38744] with ContainerStateMachine:uninitialized
2019-09-25 04:49:17,432 [pool-27-thread-1] INFO  server.RaftServerConfigKeys (ConfUtils.java:logGet(43)) - raft.server.rpc.timeout.min = 1s (custom)
2019-09-25 04:49:17,432 [pool-27-thread-1] INFO  server.RaftServerConfigKeys (ConfUtils.java:logGet(43)) - raft.server.rpc.timeout.max = 1200ms (custom)
2019-09-25 04:49:17,433 [pool-27-thread-1] INFO  server.RaftServerConfigKeys (ConfUtils.java:logGet(43)) - raft.server.rpcslowness.timeout = 120s (custom)
2019-09-25 04:49:17,433 [pool-27-thread-1] INFO  server.RaftServerConfigKeys (ConfUtils.java:logGet(43)) - raft.server.sleep.deviation.threshold = 300 (default)
2019-09-25 04:49:17,433 [pool-27-thread-1] INFO  server.RaftServerConfigKeys (ConfUtils.java:logGet(43)) - raft.server.log.appender.install.snapshot.enabled = false (custom)
2019-09-25 04:49:17,433 [pool-27-thread-1] INFO  impl.RaftServerImpl (ServerState.java:<init>(103)) - 0deae85c-a16a-4311-a0af-934f501df2cc@group-02A043F9F7BA: ConfigurationManager, init=-1: [0deae85c-a16a-4311-a0af-934f501df2cc:192.168.164.207:38744], old=null, confs=<EMPTY_MAP>
2019-09-25 04:49:17,433 [pool-27-thread-1] INFO  server.RaftServerConfigKeys (ConfUtils.java:logGet(43)) - raft.server.storage.dir = [/workdir/hadoop-ozone/integration-test/target/test-dir/MiniOzoneClusterImpl-73e7cd3e-72db-4213-b677-28bfbd198772/datanode-0/data/ratis] (custom)
2019-09-25 04:49:17,434 [pool-27-thread-1] INFO  storage.RaftStorageDirectory (RaftStorageDirectory.java:analyzeStorage(246)) - The storage directory /workdir/hadoop-ozone/integration-test/target/test-dir/MiniOzoneClusterImpl-73e7cd3e-72db-4213-b677-28bfbd198772/datanode-0/data/ratis/249c2fcb-05a8-45b7-a687-02a043f9f7ba does not exist. Creating ...
2019-09-25 04:49:17,447 [pool-27-thread-1] INFO  storage.RaftStorageDirectory (RaftStorageDirectory.java:tryLock(328)) - Lock on /workdir/hadoop-ozone/integration-test/target/test-dir/MiniOzoneClusterImpl-73e7cd3e-72db-4213-b677-28bfbd198772/datanode-0/data/ratis/249c2fcb-05a8-45b7-a687-02a043f9f7ba/in_use.lock acquired by nodename 6977@pr-hdds-1569-s44lr-3492059363
2019-09-25 04:49:17,462 [pool-27-thread-1] INFO  storage.RaftStorage (RaftStorage.java:format(72)) - Storage directory /workdir/hadoop-ozone/integration-test/target/test-dir/MiniOzoneClusterImpl-73e7cd3e-72db-4213-b677-28bfbd198772/datanode-0/data/ratis/249c2fcb-05a8-45b7-a687-02a043f9f7ba has been successfully formatted.
2019-09-25 04:49:17,462 [pool-27-thread-1] INFO  ratis.ContainerStateMachine (ContainerStateMachine.java:loadSnapshot(230)) - group-02A043F9F7BA: The snapshot info is null. Setting the last applied indexto:(t:0, i:~)
2019-09-25 04:49:17,462 [pool-27-thread-1] INFO  server.RaftServerConfigKeys (ConfUtils.java:logGet(43)) - raft.server.notification.no-leader.timeout = 120s (custom)
2019-09-25 04:49:17,462 [pool-27-thread-1] INFO  server.RaftServerConfigKeys (ConfUtils.java:logGet(43)) - raft.server.log.use.memory = false (default)
2019-09-25 04:49:17,463 [pool-27-thread-1] INFO  server.RaftServerConfigKeys (ConfUtils.java:logGet(43)) - raft.server.log.purge.gap = 1000000 (custom)
2019-09-25 04:49:17,463 [pool-27-thread-1] INFO  server.RaftServerConfigKeys (ConfUtils.java:logGet(43)) - raft.server.log.appender.buffer.byte-limit = 33554432 (custom)
2019-09-25 04:49:17,463 [pool-27-thread-1] INFO  server.RaftServerConfigKeys (ConfUtils.java:logGet(43)) - raft.server.log.segment.size.max = 1048576 (custom)
2019-09-25 04:49:17,463 [pool-27-thread-1] INFO  server.RaftServerConfigKeys (ConfUtils.java:logGet(43)) - raft.server.log.segment.cache.num.max = 2 (custom)
2019-09-25 04:49:17,463 [pool-27-thread-1] INFO  segmented.SegmentedRaftLogWorker (SegmentedRaftLogWorker.java:<init>(172)) - new 0deae85c-a16a-4311-a0af-934f501df2cc@group-02A043F9F7BA-SegmentedRaftLogWorker for RaftStorage:Storage Directory /workdir/hadoop-ozone/integration-test/target/test-dir/MiniOzoneClusterImpl-73e7cd3e-72db-4213-b677-28bfbd198772/datanode-0/data/ratis/249c2fcb-05a8-45b7-a687-02a043f9f7ba
2019-09-25 04:49:17,463 [pool-27-thread-1] INFO  server.RaftServerConfigKeys (ConfUtils.java:logGet(43)) - raft.server.log.queue.byte-limit = 2147483647 (custom)
2019-09-25 04:49:17,464 [pool-27-thread-1] INFO  server.RaftServerConfigKeys (ConfUtils.java:logGet(43)) - raft.server.log.queue.element-limit = 1024 (custom)
2019-09-25 04:49:17,464 [pool-27-thread-1] INFO  server.RaftServerConfigKeys (ConfUtils.java:logGet(43)) - raft.server.log.segment.size.max = 1048576 (custom)
2019-09-25 04:49:17,464 [pool-27-thread-1] INFO  server.RaftServerConfigKeys (ConfUtils.java:logGet(43)) - raft.server.log.preallocated.size = 16384 (custom)
2019-09-25 04:49:17,464 [pool-27-thread-1] INFO  server.RaftServerConfigKeys (ConfUtils.java:logGet(43)) - raft.server.log.write.buffer.size = 33554432 (custom)
2019-09-25 04:49:17,464 [pool-27-thread-1] INFO  server.RaftServerConfigKeys (ConfUtils.java:logGet(43)) - raft.server.log.force.sync.num = 128 (default)
2019-09-25 04:49:17,464 [pool-27-thread-1] INFO  server.RaftServerConfigKeys (ConfUtils.java:logGet(43)) - raft.server.log.statemachine.data.sync = true (default)
2019-09-25 04:49:17,465 [pool-27-thread-1] INFO  server.RaftServerConfigKeys (ConfUtils.java:logGet(43)) - raft.server.log.statemachine.data.sync.timeout = 10s (default)
2019-09-25 04:49:17,465 [pool-27-thread-1] INFO  server.RaftServerConfigKeys (ConfUtils.java:logGet(43)) - raft.server.log.statemachine.data.sync.timeout.retry = -1 (default)
2019-09-25 04:49:17,465 [pool-27-thread-1] INFO  server.RaftServerConfigKeys (ConfUtils.java:logGet(43)) - raft.server.log.statemachine.data.caching.enabled = true (custom)
2019-09-25 04:49:17,465 [pool-27-thread-1] INFO  segmented.SegmentedRaftLogWorker (SegmentedRaftLogWorker.java:lambda$new$0(132)) - 0deae85c-a16a-4311-a0af-934f501df2cc@group-02A043F9F7BA-SegmentedRaftLogWorker: flushIndex: setUnconditionally 0 -> -1
2019-09-25 04:49:17,466 [pool-27-thread-1] INFO  server.RaftServerConfigKeys (ConfUtils.java:logGet(43)) - raft.server.snapshot.auto.trigger.enabled = true (custom)
2019-09-25 04:49:17,466 [pool-27-thread-1] INFO  server.RaftServerConfigKeys (ConfUtils.java:logGet(43)) - raft.server.snapshot.auto.trigger.threshold = 10000 (custom)
2019-09-25 04:49:17,466 [pool-27-thread-1] INFO  server.RaftServerConfigKeys (ConfUtils.java:logGet(43)) - raft.server.snapshot.retention.num.files = 5 (custom)
2019-09-25 04:49:17,466 [pool-27-thread-1] INFO  server.RaftServerConfigKeys (ConfUtils.java:logGet(43)) - raft.server.retrycache.expirytime = 600000ms (custom)
2019-09-25 04:49:17,472 [pool-27-thread-1] INFO  impl.RaftServerImpl (RaftServerImpl.java:start(185)) - 0deae85c-a16a-4311-a0af-934f501df2cc@group-02A043F9F7BA: start as a follower, conf=-1: [0deae85c-a16a-4311-a0af-934f501df2cc:192.168.164.207:38744], old=null
2019-09-25 04:49:17,472 [pool-27-thread-1] INFO  impl.RaftServerImpl (RaftServerImpl.java:setRole(174)) - 0deae85c-a16a-4311-a0af-934f501df2cc@group-02A043F9F7BA: changes role from      null to FOLLOWER at term 0 for startAsFollower
2019-09-25 04:49:17,472 [pool-27-thread-1] INFO  impl.RoleInfo (RoleInfo.java:updateAndGet(143)) - 0deae85c-a16a-4311-a0af-934f501df2cc: start FollowerState
2019-09-25 04:49:17,473 [pool-27-thread-1] INFO  util.JmxRegister (JmxRegister.java:tryRegister(44)) - Successfully registered JMX Bean with object name Ratis:service=RaftServer,group=group-02A043F9F7BA,id=0deae85c-a16a-4311-a0af-934f501df2cc
2019-09-25 04:49:17,486 [RatisPipelineUtilsThread] INFO  pipeline.PipelineStateManager (PipelineStateManager.java:addPipeline(56)) - Created pipeline Pipeline[ Id: 249c2fcb-05a8-45b7-a687-02a043f9f7ba, Nodes: 0deae85c-a16a-4311-a0af-934f501df2cc{ip: 192.168.164.207, host: pr-hdds-1569-s44lr-3492059363, networkLocation: /default-rack, certSerialId: null}, Type:RATIS, Factor:ONE, State:OPEN]
2019-09-25 04:49:17,503 [grpc-default-executor-0] INFO  impl.RaftServerProxy (RaftServerProxy.java:addNew(89)) - ef95e979-b818-4083-9289-18188944726b: addNew group-D1F83B79796B:[ef95e979-b818-4083-9289-18188944726b:192.168.164.207:36359] returns group-D1F83B79796B:java.util.concurrent.CompletableFuture@6e33f4d6[Not completed]
2019-09-25 04:49:17,509 [pool-117-thread-1] INFO  impl.RaftServerImpl (RaftServerImpl.java:<init>(95)) - ef95e979-b818-4083-9289-18188944726b: new RaftServerImpl for group-D1F83B79796B:[ef95e979-b818-4083-9289-18188944726b:192.168.164.207:36359] with ContainerStateMachine:uninitialized
2019-09-25 04:49:17,509 [pool-117-thread-1] INFO  server.RaftServerConfigKeys (ConfUtils.java:logGet(43)) - raft.server.rpc.timeout.min = 1s (custom)
2019-09-25 04:49:17,509 [pool-117-thread-1] INFO  server.RaftServerConfigKeys (ConfUtils.java:logGet(43)) - raft.server.rpc.timeout.max = 1200ms (custom)
2019-09-25 04:49:17,509 [pool-117-thread-1] INFO  server.RaftServerConfigKeys (ConfUtils.java:logGet(43)) - raft.server.rpcslowness.timeout = 120s (custom)
2019-09-25 04:49:17,509 [pool-117-thread-1] INFO  server.RaftServerConfigKeys (ConfUtils.java:logGet(43)) - raft.server.sleep.deviation.threshold = 300 (default)
2019-09-25 04:49:17,510 [pool-117-thread-1] INFO  server.RaftServerConfigKeys (ConfUtils.java:logGet(43)) - raft.server.log.appender.install.snapshot.enabled = false (custom)
2019-09-25 04:49:17,510 [pool-117-thread-1] INFO  impl.RaftServerImpl (ServerState.java:<init>(103)) - ef95e979-b818-4083-9289-18188944726b@group-D1F83B79796B: ConfigurationManager, init=-1: [ef95e979-b818-4083-9289-18188944726b:192.168.164.207:36359], old=null, confs=<EMPTY_MAP>
2019-09-25 04:49:17,510 [pool-117-thread-1] INFO  server.RaftServerConfigKeys (ConfUtils.java:logGet(43)) - raft.server.storage.dir = [/workdir/hadoop-ozone/integration-test/target/test-dir/MiniOzoneClusterImpl-73e7cd3e-72db-4213-b677-28bfbd198772/datanode-9/data/ratis] (custom)
2019-09-25 04:49:17,549 [pool-117-thread-1] INFO  storage.RaftStorageDirectory (RaftStorageDirectory.java:analyzeStorage(246)) - The storage directory /workdir/hadoop-ozone/integration-test/target/test-dir/MiniOzoneClusterImpl-73e7cd3e-72db-4213-b677-28bfbd198772/datanode-9/data/ratis/00b820f2-438d-4832-abd4-d1f83b79796b does not exist. Creating ...
2019-09-25 04:49:17,570 [pool-117-thread-1] INFO  storage.RaftStorageDirectory (RaftStorageDirectory.java:tryLock(328)) - Lock on /workdir/hadoop-ozone/integration-test/target/test-dir/MiniOzoneClusterImpl-73e7cd3e-72db-4213-b677-28bfbd198772/datanode-9/data/ratis/00b820f2-438d-4832-abd4-d1f83b79796b/in_use.lock acquired by nodename 6977@pr-hdds-1569-s44lr-3492059363
2019-09-25 04:49:17,584 [pool-117-thread-1] INFO  storage.RaftStorage (RaftStorage.java:format(72)) - Storage directory /workdir/hadoop-ozone/integration-test/target/test-dir/MiniOzoneClusterImpl-73e7cd3e-72db-4213-b677-28bfbd198772/datanode-9/data/ratis/00b820f2-438d-4832-abd4-d1f83b79796b has been successfully formatted.
2019-09-25 04:49:17,584 [pool-117-thread-1] INFO  ratis.ContainerStateMachine (ContainerStateMachine.java:loadSnapshot(230)) - group-D1F83B79796B: The snapshot info is null. Setting the last applied indexto:(t:0, i:~)
2019-09-25 04:49:17,585 [pool-117-thread-1] INFO  server.RaftServerConfigKeys (ConfUtils.java:logGet(43)) - raft.server.notification.no-leader.timeout = 120s (custom)
2019-09-25 04:49:17,585 [pool-117-thread-1] INFO  server.RaftServerConfigKeys (ConfUtils.java:logGet(43)) - raft.server.log.use.memory = false (default)
2019-09-25 04:49:17,585 [pool-117-thread-1] INFO  server.RaftServerConfigKeys (ConfUtils.java:logGet(43)) - raft.server.log.purge.gap = 1000000 (custom)
2019-09-25 04:49:17,585 [pool-117-thread-1] INFO  server.RaftServerConfigKeys (ConfUtils.java:logGet(43)) - raft.server.log.appender.buffer.byte-limit = 33554432 (custom)
2019-09-25 04:49:17,585 [pool-117-thread-1] INFO  server.RaftServerConfigKeys (ConfUtils.java:logGet(43)) - raft.server.log.segment.size.max = 1048576 (custom)
2019-09-25 04:49:17,586 [pool-117-thread-1] INFO  server.RaftServerConfigKeys (ConfUtils.java:logGet(43)) - raft.server.log.segment.cache.num.max = 2 (custom)
2019-09-25 04:49:17,586 [pool-117-thread-1] INFO  segmented.SegmentedRaftLogWorker (SegmentedRaftLogWorker.java:<init>(172)) - new ef95e979-b818-4083-9289-18188944726b@group-D1F83B79796B-SegmentedRaftLogWorker for RaftStorage:Storage Directory /workdir/hadoop-ozone/integration-test/target/test-dir/MiniOzoneClusterImpl-73e7cd3e-72db-4213-b677-28bfbd198772/datanode-9/data/ratis/00b820f2-438d-4832-abd4-d1f83b79796b
2019-09-25 04:49:17,591 [pool-117-thread-1] INFO  server.RaftServerConfigKeys (ConfUtils.java:logGet(43)) - raft.server.log.queue.byte-limit = 2147483647 (custom)
2019-09-25 04:49:17,591 [pool-117-thread-1] INFO  server.RaftServerConfigKeys (ConfUtils.java:logGet(43)) - raft.server.log.queue.element-limit = 1024 (custom)
2019-09-25 04:49:17,591 [pool-117-thread-1] INFO  server.RaftServerConfigKeys (ConfUtils.java:logGet(43)) - raft.server.log.segment.size.max = 1048576 (custom)
2019-09-25 04:49:17,592 [pool-117-thread-1] INFO  server.RaftServerConfigKeys (ConfUtils.java:logGet(43)) - raft.server.log.preallocated.size = 16384 (custom)
2019-09-25 04:49:17,592 [pool-117-thread-1] INFO  server.RaftServerConfigKeys (ConfUtils.java:logGet(43)) - raft.server.log.write.buffer.size = 33554432 (custom)
2019-09-25 04:49:17,592 [pool-117-thread-1] INFO  server.RaftServerConfigKeys (ConfUtils.java:logGet(43)) - raft.server.log.force.sync.num = 128 (default)
2019-09-25 04:49:17,592 [pool-117-thread-1] INFO  server.RaftServerConfigKeys (ConfUtils.java:logGet(43)) - raft.server.log.statemachine.data.sync = true (default)
2019-09-25 04:49:17,592 [pool-117-thread-1] INFO  server.RaftServerConfigKeys (ConfUtils.java:logGet(43)) - raft.server.log.statemachine.data.sync.timeout = 10s (default)
2019-09-25 04:49:17,593 [pool-117-thread-1] INFO  server.RaftServerConfigKeys (ConfUtils.java:logGet(43)) - raft.server.log.statemachine.data.sync.timeout.retry = -1 (default)
2019-09-25 04:49:17,593 [pool-117-thread-1] INFO  server.RaftServerConfigKeys (ConfUtils.java:logGet(43)) - raft.server.log.statemachine.data.caching.enabled = true (custom)
2019-09-25 04:49:17,593 [pool-117-thread-1] INFO  segmented.SegmentedRaftLogWorker (SegmentedRaftLogWorker.java:lambda$new$0(132)) - ef95e979-b818-4083-9289-18188944726b@group-D1F83B79796B-SegmentedRaftLogWorker: flushIndex: setUnconditionally 0 -> -1
2019-09-25 04:49:17,594 [pool-117-thread-1] INFO  server.RaftServerConfigKeys (ConfUtils.java:logGet(43)) - raft.server.snapshot.auto.trigger.enabled = true (custom)
2019-09-25 04:49:17,594 [pool-117-thread-1] INFO  server.RaftServerConfigKeys (ConfUtils.java:logGet(43)) - raft.server.snapshot.auto.trigger.threshold = 10000 (custom)
2019-09-25 04:49:17,594 [pool-117-thread-1] INFO  server.RaftServerConfigKeys (ConfUtils.java:logGet(43)) - raft.server.snapshot.retention.num.files = 5 (custom)
2019-09-25 04:49:17,594 [pool-117-thread-1] INFO  server.RaftServerConfigKeys (ConfUtils.java:logGet(43)) - raft.server.retrycache.expirytime = 600000ms (custom)
2019-09-25 04:49:17,599 [pool-117-thread-1] INFO  impl.RaftServerImpl (RaftServerImpl.java:start(185)) - ef95e979-b818-4083-9289-18188944726b@group-D1F83B79796B: start as a follower, conf=-1: [ef95e979-b818-4083-9289-18188944726b:192.168.164.207:36359], old=null
2019-09-25 04:49:17,599 [pool-117-thread-1] INFO  impl.RaftServerImpl (RaftServerImpl.java:setRole(174)) - ef95e979-b818-4083-9289-18188944726b@group-D1F83B79796B: changes role from      null to FOLLOWER at term 0 for startAsFollower
2019-09-25 04:49:17,600 [pool-117-thread-1] INFO  impl.RoleInfo (RoleInfo.java:updateAndGet(143)) - ef95e979-b818-4083-9289-18188944726b: start FollowerState
2019-09-25 04:49:17,600 [pool-117-thread-1] INFO  util.JmxRegister (JmxRegister.java:tryRegister(44)) - Successfully registered JMX Bean with object name Ratis:service=RaftServer,group=group-D1F83B79796B,id=ef95e979-b818-4083-9289-18188944726b
2019-09-25 04:49:17,617 [RatisPipelineUtilsThread] INFO  pipeline.PipelineStateManager (PipelineStateManager.java:addPipeline(56)) - Created pipeline Pipeline[ Id: 00b820f2-438d-4832-abd4-d1f83b79796b, Nodes: ef95e979-b818-4083-9289-18188944726b{ip: 192.168.164.207, host: pr-hdds-1569-s44lr-3492059363, networkLocation: /default-rack, certSerialId: null}, Type:RATIS, Factor:ONE, State:OPEN]
2019-09-25 04:49:17,638 [grpc-default-executor-0] INFO  impl.RaftServerProxy (RaftServerProxy.java:addNew(89)) - ef17bb0f-3839-4724-ad21-94b92a6e25d3: addNew group-94778EEFF6C6:[ef17bb0f-3839-4724-ad21-94b92a6e25d3:192.168.164.207:40519] returns group-94778EEFF6C6:java.util.concurrent.CompletableFuture@4148eba1[Not completed]
2019-09-25 04:49:17,644 [pool-37-thread-1] INFO  impl.RaftServerImpl (RaftServerImpl.java:<init>(95)) - ef17bb0f-3839-4724-ad21-94b92a6e25d3: new RaftServerImpl for group-94778EEFF6C6:[ef17bb0f-3839-4724-ad21-94b92a6e25d3:192.168.164.207:40519] with ContainerStateMachine:uninitialized
2019-09-25 04:49:17,644 [pool-37-thread-1] INFO  server.RaftServerConfigKeys (ConfUtils.java:logGet(43)) - raft.server.rpc.timeout.min = 1s (custom)
2019-09-25 04:49:17,644 [pool-37-thread-1] INFO  server.RaftServerConfigKeys (ConfUtils.java:logGet(43)) - raft.server.rpc.timeout.max = 1200ms (custom)
2019-09-25 04:49:17,645 [pool-37-thread-1] INFO  server.RaftServerConfigKeys (ConfUtils.java:logGet(43)) - raft.server.rpcslowness.timeout = 120s (custom)
2019-09-25 04:49:17,645 [pool-37-thread-1] INFO  server.RaftServerConfigKeys (ConfUtils.java:logGet(43)) - raft.server.sleep.deviation.threshold = 300 (default)
2019-09-25 04:49:17,645 [pool-37-thread-1] INFO  server.RaftServerConfigKeys (ConfUtils.java:logGet(43)) - raft.server.log.appender.install.snapshot.enabled = false (custom)
2019-09-25 04:49:17,645 [pool-37-thread-1] INFO  impl.RaftServerImpl (ServerState.java:<init>(103)) - ef17bb0f-3839-4724-ad21-94b92a6e25d3@group-94778EEFF6C6: ConfigurationManager, init=-1: [ef17bb0f-3839-4724-ad21-94b92a6e25d3:192.168.164.207:40519], old=null, confs=<EMPTY_MAP>
2019-09-25 04:49:17,645 [pool-37-thread-1] INFO  server.RaftServerConfigKeys (ConfUtils.java:logGet(43)) - raft.server.storage.dir = [/workdir/hadoop-ozone/integration-test/target/test-dir/MiniOzoneClusterImpl-73e7cd3e-72db-4213-b677-28bfbd198772/datanode-1/data/ratis] (custom)
2019-09-25 04:49:17,646 [pool-37-thread-1] INFO  storage.RaftStorageDirectory (RaftStorageDirectory.java:analyzeStorage(246)) - The storage directory /workdir/hadoop-ozone/integration-test/target/test-dir/MiniOzoneClusterImpl-73e7cd3e-72db-4213-b677-28bfbd198772/datanode-1/data/ratis/0491c29f-7dcc-47b7-8358-94778eeff6c6 does not exist. Creating ...
2019-09-25 04:49:17,651 [pool-37-thread-1] INFO  storage.RaftStorageDirectory (RaftStorageDirectory.java:tryLock(328)) - Lock on /workdir/hadoop-ozone/integration-test/target/test-dir/MiniOzoneClusterImpl-73e7cd3e-72db-4213-b677-28bfbd198772/datanode-1/data/ratis/0491c29f-7dcc-47b7-8358-94778eeff6c6/in_use.lock acquired by nodename 6977@pr-hdds-1569-s44lr-3492059363
2019-09-25 04:49:17,665 [pool-37-thread-1] INFO  storage.RaftStorage (RaftStorage.java:format(72)) - Storage directory /workdir/hadoop-ozone/integration-test/target/test-dir/MiniOzoneClusterImpl-73e7cd3e-72db-4213-b677-28bfbd198772/datanode-1/data/ratis/0491c29f-7dcc-47b7-8358-94778eeff6c6 has been successfully formatted.
2019-09-25 04:49:17,665 [pool-37-thread-1] INFO  ratis.ContainerStateMachine (ContainerStateMachine.java:loadSnapshot(230)) - group-94778EEFF6C6: The snapshot info is null. Setting the last applied indexto:(t:0, i:~)
2019-09-25 04:49:17,666 [pool-37-thread-1] INFO  server.RaftServerConfigKeys (ConfUtils.java:logGet(43)) - raft.server.notification.no-leader.timeout = 120s (custom)
2019-09-25 04:49:17,666 [pool-37-thread-1] INFO  server.RaftServerConfigKeys (ConfUtils.java:logGet(43)) - raft.server.log.use.memory = false (default)
2019-09-25 04:49:17,666 [pool-37-thread-1] INFO  server.RaftServerConfigKeys (ConfUtils.java:logGet(43)) - raft.server.log.purge.gap = 1000000 (custom)
2019-09-25 04:49:17,666 [pool-37-thread-1] INFO  server.RaftServerConfigKeys (ConfUtils.java:logGet(43)) - raft.server.log.appender.buffer.byte-limit = 33554432 (custom)
2019-09-25 04:49:17,666 [pool-37-thread-1] INFO  server.RaftServerConfigKeys (ConfUtils.java:logGet(43)) - raft.server.log.segment.size.max = 1048576 (custom)
2019-09-25 04:49:17,666 [pool-37-thread-1] INFO  server.RaftServerConfigKeys (ConfUtils.java:logGet(43)) - raft.server.log.segment.cache.num.max = 2 (custom)
2019-09-25 04:49:17,666 [pool-37-thread-1] INFO  segmented.SegmentedRaftLogWorker (SegmentedRaftLogWorker.java:<init>(172)) - new ef17bb0f-3839-4724-ad21-94b92a6e25d3@group-94778EEFF6C6-SegmentedRaftLogWorker for RaftStorage:Storage Directory /workdir/hadoop-ozone/integration-test/target/test-dir/MiniOzoneClusterImpl-73e7cd3e-72db-4213-b677-28bfbd198772/datanode-1/data/ratis/0491c29f-7dcc-47b7-8358-94778eeff6c6
2019-09-25 04:49:17,670 [pool-37-thread-1] INFO  server.RaftServerConfigKeys (ConfUtils.java:logGet(43)) - raft.server.log.queue.byte-limit = 2147483647 (custom)
2019-09-25 04:49:17,670 [pool-37-thread-1] INFO  server.RaftServerConfigKeys (ConfUtils.java:logGet(43)) - raft.server.log.queue.element-limit = 1024 (custom)
2019-09-25 04:49:17,670 [pool-37-thread-1] INFO  server.RaftServerConfigKeys (ConfUtils.java:logGet(43)) - raft.server.log.segment.size.max = 1048576 (custom)
2019-09-25 04:49:17,670 [pool-37-thread-1] INFO  server.RaftServerConfigKeys (ConfUtils.java:logGet(43)) - raft.server.log.preallocated.size = 16384 (custom)
2019-09-25 04:49:17,670 [pool-37-thread-1] INFO  server.RaftServerConfigKeys (ConfUtils.java:logGet(43)) - raft.server.log.write.buffer.size = 33554432 (custom)
2019-09-25 04:49:17,670 [pool-37-thread-1] INFO  server.RaftServerConfigKeys (ConfUtils.java:logGet(43)) - raft.server.log.force.sync.num = 128 (default)
2019-09-25 04:49:17,670 [pool-37-thread-1] INFO  server.RaftServerConfigKeys (ConfUtils.java:logGet(43)) - raft.server.log.statemachine.data.sync = true (default)
2019-09-25 04:49:17,671 [pool-37-thread-1] INFO  server.RaftServerConfigKeys (ConfUtils.java:logGet(43)) - raft.server.log.statemachine.data.sync.timeout = 10s (default)
2019-09-25 04:49:17,671 [pool-37-thread-1] INFO  server.RaftServerConfigKeys (ConfUtils.java:logGet(43)) - raft.server.log.statemachine.data.sync.timeout.retry = -1 (default)
2019-09-25 04:49:17,671 [pool-37-thread-1] INFO  server.RaftServerConfigKeys (ConfUtils.java:logGet(43)) - raft.server.log.statemachine.data.caching.enabled = true (custom)
2019-09-25 04:49:17,671 [pool-37-thread-1] INFO  segmented.SegmentedRaftLogWorker (SegmentedRaftLogWorker.java:lambda$new$0(132)) - ef17bb0f-3839-4724-ad21-94b92a6e25d3@group-94778EEFF6C6-SegmentedRaftLogWorker: flushIndex: setUnconditionally 0 -> -1
2019-09-25 04:49:17,672 [pool-37-thread-1] INFO  server.RaftServerConfigKeys (ConfUtils.java:logGet(43)) - raft.server.snapshot.auto.trigger.enabled = true (custom)
2019-09-25 04:49:17,672 [pool-37-thread-1] INFO  server.RaftServerConfigKeys (ConfUtils.java:logGet(43)) - raft.server.snapshot.auto.trigger.threshold = 10000 (custom)
2019-09-25 04:49:17,672 [pool-37-thread-1] INFO  server.RaftServerConfigKeys (ConfUtils.java:logGet(43)) - raft.server.snapshot.retention.num.files = 5 (custom)
2019-09-25 04:49:17,672 [pool-37-thread-1] INFO  server.RaftServerConfigKeys (ConfUtils.java:logGet(43)) - raft.server.retrycache.expirytime = 600000ms (custom)
2019-09-25 04:49:17,675 [pool-37-thread-1] INFO  impl.RaftServerImpl (RaftServerImpl.java:start(185)) - ef17bb0f-3839-4724-ad21-94b92a6e25d3@group-94778EEFF6C6: start as a follower, conf=-1: [ef17bb0f-3839-4724-ad21-94b92a6e25d3:192.168.164.207:40519], old=null
2019-09-25 04:49:17,675 [pool-37-thread-1] INFO  impl.RaftServerImpl (RaftServerImpl.java:setRole(174)) - ef17bb0f-3839-4724-ad21-94b92a6e25d3@group-94778EEFF6C6: changes role from      null to FOLLOWER at term 0 for startAsFollower
2019-09-25 04:49:17,675 [pool-37-thread-1] INFO  impl.RoleInfo (RoleInfo.java:updateAndGet(143)) - ef17bb0f-3839-4724-ad21-94b92a6e25d3: start FollowerState
2019-09-25 04:49:17,676 [pool-37-thread-1] INFO  util.JmxRegister (JmxRegister.java:tryRegister(44)) - Successfully registered JMX Bean with object name Ratis:service=RaftServer,group=group-94778EEFF6C6,id=ef17bb0f-3839-4724-ad21-94b92a6e25d3
2019-09-25 04:49:17,697 [RatisPipelineUtilsThread] INFO  pipeline.PipelineStateManager (PipelineStateManager.java:addPipeline(56)) - Created pipeline Pipeline[ Id: 0491c29f-7dcc-47b7-8358-94778eeff6c6, Nodes: ef17bb0f-3839-4724-ad21-94b92a6e25d3{ip: 192.168.164.207, host: pr-hdds-1569-s44lr-3492059363, networkLocation: /default-rack, certSerialId: null}, Type:RATIS, Factor:ONE, State:OPEN]
2019-09-25 04:49:17,711 [grpc-default-executor-0] INFO  impl.RaftServerProxy (RaftServerProxy.java:addNew(89)) - 0deae85c-a16a-4311-a0af-934f501df2cc: addNew group-1B89D9E601B6:[0deae85c-a16a-4311-a0af-934f501df2cc:192.168.164.207:38744] returns group-1B89D9E601B6:java.util.concurrent.CompletableFuture@780800b1[Not completed]
2019-09-25 04:49:17,714 [pool-27-thread-1] INFO  impl.RaftServerImpl (RaftServerImpl.java:<init>(95)) - 0deae85c-a16a-4311-a0af-934f501df2cc: new RaftServerImpl for group-1B89D9E601B6:[0deae85c-a16a-4311-a0af-934f501df2cc:192.168.164.207:38744] with ContainerStateMachine:uninitialized
2019-09-25 04:49:17,714 [pool-27-thread-1] INFO  server.RaftServerConfigKeys (ConfUtils.java:logGet(43)) - raft.server.rpc.timeout.min = 1s (custom)
2019-09-25 04:49:17,714 [pool-27-thread-1] INFO  server.RaftServerConfigKeys (ConfUtils.java:logGet(43)) - raft.server.rpc.timeout.max = 1200ms (custom)
2019-09-25 04:49:17,714 [pool-27-thread-1] INFO  server.RaftServerConfigKeys (ConfUtils.java:logGet(43)) - raft.server.rpcslowness.timeout = 120s (custom)
2019-09-25 04:49:17,714 [pool-27-thread-1] INFO  server.RaftServerConfigKeys (ConfUtils.java:logGet(43)) - raft.server.sleep.deviation.threshold = 300 (default)
2019-09-25 04:49:17,715 [pool-27-thread-1] INFO  server.RaftServerConfigKeys (ConfUtils.java:logGet(43)) - raft.server.log.appender.install.snapshot.enabled = false (custom)
2019-09-25 04:49:17,715 [pool-27-thread-1] INFO  impl.RaftServerImpl (ServerState.java:<init>(103)) - 0deae85c-a16a-4311-a0af-934f501df2cc@group-1B89D9E601B6: ConfigurationManager, init=-1: [0deae85c-a16a-4311-a0af-934f501df2cc:192.168.164.207:38744], old=null, confs=<EMPTY_MAP>
2019-09-25 04:49:17,715 [pool-27-thread-1] INFO  server.RaftServerConfigKeys (ConfUtils.java:logGet(43)) - raft.server.storage.dir = [/workdir/hadoop-ozone/integration-test/target/test-dir/MiniOzoneClusterImpl-73e7cd3e-72db-4213-b677-28bfbd198772/datanode-0/data/ratis] (custom)
2019-09-25 04:49:17,715 [pool-27-thread-1] INFO  storage.RaftStorageDirectory (RaftStorageDirectory.java:analyzeStorage(246)) - The storage directory /workdir/hadoop-ozone/integration-test/target/test-dir/MiniOzoneClusterImpl-73e7cd3e-72db-4213-b677-28bfbd198772/datanode-0/data/ratis/8de48e8a-9476-4c0a-97d5-1b89d9e601b6 does not exist. Creating ...
2019-09-25 04:49:17,723 [pool-27-thread-1] INFO  storage.RaftStorageDirectory (RaftStorageDirectory.java:tryLock(328)) - Lock on /workdir/hadoop-ozone/integration-test/target/test-dir/MiniOzoneClusterImpl-73e7cd3e-72db-4213-b677-28bfbd198772/datanode-0/data/ratis/8de48e8a-9476-4c0a-97d5-1b89d9e601b6/in_use.lock acquired by nodename 6977@pr-hdds-1569-s44lr-3492059363
2019-09-25 04:49:17,731 [pool-27-thread-1] INFO  storage.RaftStorage (RaftStorage.java:format(72)) - Storage directory /workdir/hadoop-ozone/integration-test/target/test-dir/MiniOzoneClusterImpl-73e7cd3e-72db-4213-b677-28bfbd198772/datanode-0/data/ratis/8de48e8a-9476-4c0a-97d5-1b89d9e601b6 has been successfully formatted.
2019-09-25 04:49:17,731 [pool-27-thread-1] INFO  ratis.ContainerStateMachine (ContainerStateMachine.java:loadSnapshot(230)) - group-1B89D9E601B6: The snapshot info is null. Setting the last applied indexto:(t:0, i:~)
2019-09-25 04:49:17,731 [pool-27-thread-1] INFO  server.RaftServerConfigKeys (ConfUtils.java:logGet(43)) - raft.server.notification.no-leader.timeout = 120s (custom)
2019-09-25 04:49:17,732 [pool-27-thread-1] INFO  server.RaftServerConfigKeys (ConfUtils.java:logGet(43)) - raft.server.log.use.memory = false (default)
2019-09-25 04:49:17,732 [pool-27-thread-1] INFO  server.RaftServerConfigKeys (ConfUtils.java:logGet(43)) - raft.server.log.purge.gap = 1000000 (custom)
2019-09-25 04:49:17,732 [pool-27-thread-1] INFO  server.RaftServerConfigKeys (ConfUtils.java:logGet(43)) - raft.server.log.appender.buffer.byte-limit = 33554432 (custom)
2019-09-25 04:49:17,732 [pool-27-thread-1] INFO  server.RaftServerConfigKeys (ConfUtils.java:logGet(43)) - raft.server.log.segment.size.max = 1048576 (custom)
2019-09-25 04:49:17,732 [pool-27-thread-1] INFO  server.RaftServerConfigKeys (ConfUtils.java:logGet(43)) - raft.server.log.segment.cache.num.max = 2 (custom)
2019-09-25 04:49:17,732 [pool-27-thread-1] INFO  segmented.SegmentedRaftLogWorker (SegmentedRaftLogWorker.java:<init>(172)) - new 0deae85c-a16a-4311-a0af-934f501df2cc@group-1B89D9E601B6-SegmentedRaftLogWorker for RaftStorage:Storage Directory /workdir/hadoop-ozone/integration-test/target/test-dir/MiniOzoneClusterImpl-73e7cd3e-72db-4213-b677-28bfbd198772/datanode-0/data/ratis/8de48e8a-9476-4c0a-97d5-1b89d9e601b6
2019-09-25 04:49:17,733 [pool-27-thread-1] INFO  server.RaftServerConfigKeys (ConfUtils.java:logGet(43)) - raft.server.log.queue.byte-limit = 2147483647 (custom)
2019-09-25 04:49:17,733 [pool-27-thread-1] INFO  server.RaftServerConfigKeys (ConfUtils.java:logGet(43)) - raft.server.log.queue.element-limit = 1024 (custom)
2019-09-25 04:49:17,733 [pool-27-thread-1] INFO  server.RaftServerConfigKeys (ConfUtils.java:logGet(43)) - raft.server.log.segment.size.max = 1048576 (custom)
2019-09-25 04:49:17,733 [pool-27-thread-1] INFO  server.RaftServerConfigKeys (ConfUtils.java:logGet(43)) - raft.server.log.preallocated.size = 16384 (custom)
2019-09-25 04:49:17,733 [pool-27-thread-1] INFO  server.RaftServerConfigKeys (ConfUtils.java:logGet(43)) - raft.server.log.write.buffer.size = 33554432 (custom)
2019-09-25 04:49:17,733 [pool-27-thread-1] INFO  server.RaftServerConfigKeys (ConfUtils.java:logGet(43)) - raft.server.log.force.sync.num = 128 (default)
2019-09-25 04:49:17,733 [pool-27-thread-1] INFO  server.RaftServerConfigKeys (ConfUtils.java:logGet(43)) - raft.server.log.statemachine.data.sync = true (default)
2019-09-25 04:49:17,734 [pool-27-thread-1] INFO  server.RaftServerConfigKeys (ConfUtils.java:logGet(43)) - raft.server.log.statemachine.data.sync.timeout = 10s (default)
2019-09-25 04:49:17,734 [pool-27-thread-1] INFO  server.RaftServerConfigKeys (ConfUtils.java:logGet(43)) - raft.server.log.statemachine.data.sync.timeout.retry = -1 (default)
2019-09-25 04:49:17,734 [pool-27-thread-1] INFO  server.RaftServerConfigKeys (ConfUtils.java:logGet(43)) - raft.server.log.statemachine.data.caching.enabled = true (custom)
2019-09-25 04:49:17,734 [pool-27-thread-1] INFO  segmented.SegmentedRaftLogWorker (SegmentedRaftLogWorker.java:lambda$new$0(132)) - 0deae85c-a16a-4311-a0af-934f501df2cc@group-1B89D9E601B6-SegmentedRaftLogWorker: flushIndex: setUnconditionally 0 -> -1
2019-09-25 04:49:17,735 [pool-27-thread-1] INFO  server.RaftServerConfigKeys (ConfUtils.java:logGet(43)) - raft.server.snapshot.auto.trigger.enabled = true (custom)
2019-09-25 04:49:17,735 [pool-27-thread-1] INFO  server.RaftServerConfigKeys (ConfUtils.java:logGet(43)) - raft.server.snapshot.auto.trigger.threshold = 10000 (custom)
2019-09-25 04:49:17,735 [pool-27-thread-1] INFO  server.RaftServerConfigKeys (ConfUtils.java:logGet(43)) - raft.server.snapshot.retention.num.files = 5 (custom)
2019-09-25 04:49:17,735 [pool-27-thread-1] INFO  server.RaftServerConfigKeys (ConfUtils.java:logGet(43)) - raft.server.retrycache.expirytime = 600000ms (custom)
2019-09-25 04:49:17,739 [pool-27-thread-1] INFO  impl.RaftServerImpl (RaftServerImpl.java:start(185)) - 0deae85c-a16a-4311-a0af-934f501df2cc@group-1B89D9E601B6: start as a follower, conf=-1: [0deae85c-a16a-4311-a0af-934f501df2cc:192.168.164.207:38744], old=null
2019-09-25 04:49:17,739 [pool-27-thread-1] INFO  impl.RaftServerImpl (RaftServerImpl.java:setRole(174)) - 0deae85c-a16a-4311-a0af-934f501df2cc@group-1B89D9E601B6: changes role from      null to FOLLOWER at term 0 for startAsFollower
2019-09-25 04:49:17,739 [pool-27-thread-1] INFO  impl.RoleInfo (RoleInfo.java:updateAndGet(143)) - 0deae85c-a16a-4311-a0af-934f501df2cc: start FollowerState
2019-09-25 04:49:17,739 [pool-27-thread-1] INFO  util.JmxRegister (JmxRegister.java:tryRegister(44)) - Successfully registered JMX Bean with object name Ratis:service=RaftServer,group=group-1B89D9E601B6,id=0deae85c-a16a-4311-a0af-934f501df2cc
2019-09-25 04:49:17,753 [RatisPipelineUtilsThread] INFO  pipeline.PipelineStateManager (PipelineStateManager.java:addPipeline(56)) - Created pipeline Pipeline[ Id: 8de48e8a-9476-4c0a-97d5-1b89d9e601b6, Nodes: 0deae85c-a16a-4311-a0af-934f501df2cc{ip: 192.168.164.207, host: pr-hdds-1569-s44lr-3492059363, networkLocation: /default-rack, certSerialId: null}, Type:RATIS, Factor:ONE, State:OPEN]
2019-09-25 04:49:17,772 [grpc-default-executor-0] INFO  impl.RaftServerProxy (RaftServerProxy.java:addNew(89)) - 0deae85c-a16a-4311-a0af-934f501df2cc: addNew group-74233E990A83:[0deae85c-a16a-4311-a0af-934f501df2cc:192.168.164.207:38744] returns group-74233E990A83:java.util.concurrent.CompletableFuture@21989c3f[Not completed]
2019-09-25 04:49:17,775 [pool-27-thread-1] INFO  impl.RaftServerImpl (RaftServerImpl.java:<init>(95)) - 0deae85c-a16a-4311-a0af-934f501df2cc: new RaftServerImpl for group-74233E990A83:[0deae85c-a16a-4311-a0af-934f501df2cc:192.168.164.207:38744] with ContainerStateMachine:uninitialized
2019-09-25 04:49:17,775 [pool-27-thread-1] INFO  server.RaftServerConfigKeys (ConfUtils.java:logGet(43)) - raft.server.rpc.timeout.min = 1s (custom)
2019-09-25 04:49:17,775 [pool-27-thread-1] INFO  server.RaftServerConfigKeys (ConfUtils.java:logGet(43)) - raft.server.rpc.timeout.max = 1200ms (custom)
2019-09-25 04:49:17,775 [pool-27-thread-1] INFO  server.RaftServerConfigKeys (ConfUtils.java:logGet(43)) - raft.server.rpcslowness.timeout = 120s (custom)
2019-09-25 04:49:17,775 [pool-27-thread-1] INFO  server.RaftServerConfigKeys (ConfUtils.java:logGet(43)) - raft.server.sleep.deviation.threshold = 300 (default)
2019-09-25 04:49:17,776 [pool-27-thread-1] INFO  server.RaftServerConfigKeys (ConfUtils.java:logGet(43)) - raft.server.log.appender.install.snapshot.enabled = false (custom)
2019-09-25 04:49:17,776 [pool-27-thread-1] INFO  impl.RaftServerImpl (ServerState.java:<init>(103)) - 0deae85c-a16a-4311-a0af-934f501df2cc@group-74233E990A83: ConfigurationManager, init=-1: [0deae85c-a16a-4311-a0af-934f501df2cc:192.168.164.207:38744], old=null, confs=<EMPTY_MAP>
2019-09-25 04:49:17,776 [pool-27-thread-1] INFO  server.RaftServerConfigKeys (ConfUtils.java:logGet(43)) - raft.server.storage.dir = [/workdir/hadoop-ozone/integration-test/target/test-dir/MiniOzoneClusterImpl-73e7cd3e-72db-4213-b677-28bfbd198772/datanode-0/data/ratis] (custom)
2019-09-25 04:49:17,777 [pool-27-thread-1] INFO  storage.RaftStorageDirectory (RaftStorageDirectory.java:analyzeStorage(246)) - The storage directory /workdir/hadoop-ozone/integration-test/target/test-dir/MiniOzoneClusterImpl-73e7cd3e-72db-4213-b677-28bfbd198772/datanode-0/data/ratis/90aa3c71-c2be-4ebb-954a-74233e990a83 does not exist. Creating ...
2019-09-25 04:49:17,784 [pool-27-thread-1] INFO  storage.RaftStorageDirectory (RaftStorageDirectory.java:tryLock(328)) - Lock on /workdir/hadoop-ozone/integration-test/target/test-dir/MiniOzoneClusterImpl-73e7cd3e-72db-4213-b677-28bfbd198772/datanode-0/data/ratis/90aa3c71-c2be-4ebb-954a-74233e990a83/in_use.lock acquired by nodename 6977@pr-hdds-1569-s44lr-3492059363
2019-09-25 04:49:17,801 [pool-27-thread-1] INFO  storage.RaftStorage (RaftStorage.java:format(72)) - Storage directory /workdir/hadoop-ozone/integration-test/target/test-dir/MiniOzoneClusterImpl-73e7cd3e-72db-4213-b677-28bfbd198772/datanode-0/data/ratis/90aa3c71-c2be-4ebb-954a-74233e990a83 has been successfully formatted.
2019-09-25 04:49:17,802 [pool-27-thread-1] INFO  ratis.ContainerStateMachine (ContainerStateMachine.java:loadSnapshot(230)) - group-74233E990A83: The snapshot info is null. Setting the last applied indexto:(t:0, i:~)
2019-09-25 04:49:17,802 [pool-27-thread-1] INFO  server.RaftServerConfigKeys (ConfUtils.java:logGet(43)) - raft.server.notification.no-leader.timeout = 120s (custom)
2019-09-25 04:49:17,803 [pool-27-thread-1] INFO  server.RaftServerConfigKeys (ConfUtils.java:logGet(43)) - raft.server.log.use.memory = false (default)
2019-09-25 04:49:17,803 [pool-27-thread-1] INFO  server.RaftServerConfigKeys (ConfUtils.java:logGet(43)) - raft.server.log.purge.gap = 1000000 (custom)
2019-09-25 04:49:17,803 [pool-27-thread-1] INFO  server.RaftServerConfigKeys (ConfUtils.java:logGet(43)) - raft.server.log.appender.buffer.byte-limit = 33554432 (custom)
2019-09-25 04:49:17,804 [pool-27-thread-1] INFO  server.RaftServerConfigKeys (ConfUtils.java:logGet(43)) - raft.server.log.segment.size.max = 1048576 (custom)
2019-09-25 04:49:17,804 [pool-27-thread-1] INFO  server.RaftServerConfigKeys (ConfUtils.java:logGet(43)) - raft.server.log.segment.cache.num.max = 2 (custom)
2019-09-25 04:49:17,811 [pool-27-thread-1] INFO  segmented.SegmentedRaftLogWorker (SegmentedRaftLogWorker.java:<init>(172)) - new 0deae85c-a16a-4311-a0af-934f501df2cc@group-74233E990A83-SegmentedRaftLogWorker for RaftStorage:Storage Directory /workdir/hadoop-ozone/integration-test/target/test-dir/MiniOzoneClusterImpl-73e7cd3e-72db-4213-b677-28bfbd198772/datanode-0/data/ratis/90aa3c71-c2be-4ebb-954a-74233e990a83
2019-09-25 04:49:17,811 [pool-27-thread-1] INFO  server.RaftServerConfigKeys (ConfUtils.java:logGet(43)) - raft.server.log.queue.byte-limit = 2147483647 (custom)
2019-09-25 04:49:17,811 [pool-27-thread-1] INFO  server.RaftServerConfigKeys (ConfUtils.java:logGet(43)) - raft.server.log.queue.element-limit = 1024 (custom)
2019-09-25 04:49:17,811 [pool-27-thread-1] INFO  server.RaftServerConfigKeys (ConfUtils.java:logGet(43)) - raft.server.log.segment.size.max = 1048576 (custom)
2019-09-25 04:49:17,812 [pool-27-thread-1] INFO  server.RaftServerConfigKeys (ConfUtils.java:logGet(43)) - raft.server.log.preallocated.size = 16384 (custom)
2019-09-25 04:49:17,812 [pool-27-thread-1] INFO  server.RaftServerConfigKeys (ConfUtils.java:logGet(43)) - raft.server.log.write.buffer.size = 33554432 (custom)
2019-09-25 04:49:17,812 [pool-27-thread-1] INFO  server.RaftServerConfigKeys (ConfUtils.java:logGet(43)) - raft.server.log.force.sync.num = 128 (default)
2019-09-25 04:49:17,812 [pool-27-thread-1] INFO  server.RaftServerConfigKeys (ConfUtils.java:logGet(43)) - raft.server.log.statemachine.data.sync = true (default)
2019-09-25 04:49:17,812 [pool-27-thread-1] INFO  server.RaftServerConfigKeys (ConfUtils.java:logGet(43)) - raft.server.log.statemachine.data.sync.timeout = 10s (default)
2019-09-25 04:49:17,813 [pool-27-thread-1] INFO  server.RaftServerConfigKeys (ConfUtils.java:logGet(43)) - raft.server.log.statemachine.data.sync.timeout.retry = -1 (default)
2019-09-25 04:49:17,813 [pool-27-thread-1] INFO  server.RaftServerConfigKeys (ConfUtils.java:logGet(43)) - raft.server.log.statemachine.data.caching.enabled = true (custom)
2019-09-25 04:49:17,813 [pool-27-thread-1] INFO  segmented.SegmentedRaftLogWorker (SegmentedRaftLogWorker.java:lambda$new$0(132)) - 0deae85c-a16a-4311-a0af-934f501df2cc@group-74233E990A83-SegmentedRaftLogWorker: flushIndex: setUnconditionally 0 -> -1
2019-09-25 04:49:17,814 [pool-27-thread-1] INFO  server.RaftServerConfigKeys (ConfUtils.java:logGet(43)) - raft.server.snapshot.auto.trigger.enabled = true (custom)
2019-09-25 04:49:17,814 [pool-27-thread-1] INFO  server.RaftServerConfigKeys (ConfUtils.java:logGet(43)) - raft.server.snapshot.auto.trigger.threshold = 10000 (custom)
2019-09-25 04:49:17,814 [pool-27-thread-1] INFO  server.RaftServerConfigKeys (ConfUtils.java:logGet(43)) - raft.server.snapshot.retention.num.files = 5 (custom)
2019-09-25 04:49:17,814 [pool-27-thread-1] INFO  server.RaftServerConfigKeys (ConfUtils.java:logGet(43)) - raft.server.retrycache.expirytime = 600000ms (custom)
2019-09-25 04:49:17,818 [pool-27-thread-1] INFO  impl.RaftServerImpl (RaftServerImpl.java:start(185)) - 0deae85c-a16a-4311-a0af-934f501df2cc@group-74233E990A83: start as a follower, conf=-1: [0deae85c-a16a-4311-a0af-934f501df2cc:192.168.164.207:38744], old=null
2019-09-25 04:49:17,818 [pool-27-thread-1] INFO  impl.RaftServerImpl (RaftServerImpl.java:setRole(174)) - 0deae85c-a16a-4311-a0af-934f501df2cc@group-74233E990A83: changes role from      null to FOLLOWER at term 0 for startAsFollower
2019-09-25 04:49:17,818 [pool-27-thread-1] INFO  impl.RoleInfo (RoleInfo.java:updateAndGet(143)) - 0deae85c-a16a-4311-a0af-934f501df2cc: start FollowerState
2019-09-25 04:49:17,819 [pool-27-thread-1] INFO  util.JmxRegister (JmxRegister.java:tryRegister(44)) - Successfully registered JMX Bean with object name Ratis:service=RaftServer,group=group-74233E990A83,id=0deae85c-a16a-4311-a0af-934f501df2cc
2019-09-25 04:49:17,837 [RatisPipelineUtilsThread] INFO  pipeline.PipelineStateManager (PipelineStateManager.java:addPipeline(56)) - Created pipeline Pipeline[ Id: 90aa3c71-c2be-4ebb-954a-74233e990a83, Nodes: 0deae85c-a16a-4311-a0af-934f501df2cc{ip: 192.168.164.207, host: pr-hdds-1569-s44lr-3492059363, networkLocation: /default-rack, certSerialId: null}, Type:RATIS, Factor:ONE, State:OPEN]
2019-09-25 04:49:17,842 [main] INFO  ozone.MiniOzoneClusterImpl (MiniOzoneClusterImpl.java:lambda$waitForClusterToBeReady$0(147)) - Cluster is ready. Got 10 of 10 DN Heartbeats.
2019-09-25 04:49:17,865 [grpc-default-executor-0] INFO  impl.RaftServerProxy (RaftServerProxy.java:addNew(89)) - 3875a0db-bcd0-4e93-a77c-33ac6d7b4cc5: addNew group-11C6BF4BB3B7:[3875a0db-bcd0-4e93-a77c-33ac6d7b4cc5:192.168.164.207:38833] returns group-11C6BF4BB3B7:java.util.concurrent.CompletableFuture@344325d9[Not completed]
2019-09-25 04:49:17,872 [pool-77-thread-1] INFO  impl.RaftServerImpl (RaftServerImpl.java:<init>(95)) - 3875a0db-bcd0-4e93-a77c-33ac6d7b4cc5: new RaftServerImpl for group-11C6BF4BB3B7:[3875a0db-bcd0-4e93-a77c-33ac6d7b4cc5:192.168.164.207:38833] with ContainerStateMachine:uninitialized
2019-09-25 04:49:17,872 [pool-77-thread-1] INFO  server.RaftServerConfigKeys (ConfUtils.java:logGet(43)) - raft.server.rpc.timeout.min = 1s (custom)
2019-09-25 04:49:17,872 [pool-77-thread-1] INFO  server.RaftServerConfigKeys (ConfUtils.java:logGet(43)) - raft.server.rpc.timeout.max = 1200ms (custom)
2019-09-25 04:49:17,873 [pool-77-thread-1] INFO  server.RaftServerConfigKeys (ConfUtils.java:logGet(43)) - raft.server.rpcslowness.timeout = 120s (custom)
2019-09-25 04:49:17,873 [pool-77-thread-1] INFO  server.RaftServerConfigKeys (ConfUtils.java:logGet(43)) - raft.server.sleep.deviation.threshold = 300 (default)
2019-09-25 04:49:17,873 [pool-77-thread-1] INFO  server.RaftServerConfigKeys (ConfUtils.java:logGet(43)) - raft.server.log.appender.install.snapshot.enabled = false (custom)
2019-09-25 04:49:17,873 [pool-77-thread-1] INFO  impl.RaftServerImpl (ServerState.java:<init>(103)) - 3875a0db-bcd0-4e93-a77c-33ac6d7b4cc5@group-11C6BF4BB3B7: ConfigurationManager, init=-1: [3875a0db-bcd0-4e93-a77c-33ac6d7b4cc5:192.168.164.207:38833], old=null, confs=<EMPTY_MAP>
2019-09-25 04:49:17,873 [pool-77-thread-1] INFO  server.RaftServerConfigKeys (ConfUtils.java:logGet(43)) - raft.server.storage.dir = [/workdir/hadoop-ozone/integration-test/target/test-dir/MiniOzoneClusterImpl-73e7cd3e-72db-4213-b677-28bfbd198772/datanode-5/data/ratis] (custom)
2019-09-25 04:49:17,874 [pool-77-thread-1] INFO  storage.RaftStorageDirectory (RaftStorageDirectory.java:analyzeStorage(246)) - The storage directory /workdir/hadoop-ozone/integration-test/target/test-dir/MiniOzoneClusterImpl-73e7cd3e-72db-4213-b677-28bfbd198772/datanode-5/data/ratis/bea97773-4d43-4aec-9f66-11c6bf4bb3b7 does not exist. Creating ...
2019-09-25 04:49:17,887 [pool-77-thread-1] INFO  storage.RaftStorageDirectory (RaftStorageDirectory.java:tryLock(328)) - Lock on /workdir/hadoop-ozone/integration-test/target/test-dir/MiniOzoneClusterImpl-73e7cd3e-72db-4213-b677-28bfbd198772/datanode-5/data/ratis/bea97773-4d43-4aec-9f66-11c6bf4bb3b7/in_use.lock acquired by nodename 6977@pr-hdds-1569-s44lr-3492059363
2019-09-25 04:49:17,909 [pool-77-thread-1] INFO  storage.RaftStorage (RaftStorage.java:format(72)) - Storage directory /workdir/hadoop-ozone/integration-test/target/test-dir/MiniOzoneClusterImpl-73e7cd3e-72db-4213-b677-28bfbd198772/datanode-5/data/ratis/bea97773-4d43-4aec-9f66-11c6bf4bb3b7 has been successfully formatted.
2019-09-25 04:49:17,909 [pool-77-thread-1] INFO  ratis.ContainerStateMachine (ContainerStateMachine.java:loadSnapshot(230)) - group-11C6BF4BB3B7: The snapshot info is null. Setting the last applied indexto:(t:0, i:~)
2019-09-25 04:49:17,909 [pool-77-thread-1] INFO  server.RaftServerConfigKeys (ConfUtils.java:logGet(43)) - raft.server.notification.no-leader.timeout = 120s (custom)
2019-09-25 04:49:17,909 [pool-77-thread-1] INFO  server.RaftServerConfigKeys (ConfUtils.java:logGet(43)) - raft.server.log.use.memory = false (default)
2019-09-25 04:49:17,910 [pool-77-thread-1] INFO  server.RaftServerConfigKeys (ConfUtils.java:logGet(43)) - raft.server.log.purge.gap = 1000000 (custom)
2019-09-25 04:49:17,910 [pool-77-thread-1] INFO  server.RaftServerConfigKeys (ConfUtils.java:logGet(43)) - raft.server.log.appender.buffer.byte-limit = 33554432 (custom)
2019-09-25 04:49:17,910 [pool-77-thread-1] INFO  server.RaftServerConfigKeys (ConfUtils.java:logGet(43)) - raft.server.log.segment.size.max = 1048576 (custom)
2019-09-25 04:49:17,910 [pool-77-thread-1] INFO  server.RaftServerConfigKeys (ConfUtils.java:logGet(43)) - raft.server.log.segment.cache.num.max = 2 (custom)
2019-09-25 04:49:17,998 [pool-77-thread-1] INFO  segmented.SegmentedRaftLogWorker (SegmentedRaftLogWorker.java:<init>(172)) - new 3875a0db-bcd0-4e93-a77c-33ac6d7b4cc5@group-11C6BF4BB3B7-SegmentedRaftLogWorker for RaftStorage:Storage Directory /workdir/hadoop-ozone/integration-test/target/test-dir/MiniOzoneClusterImpl-73e7cd3e-72db-4213-b677-28bfbd198772/datanode-5/data/ratis/bea97773-4d43-4aec-9f66-11c6bf4bb3b7
2019-09-25 04:49:17,998 [Thread-285] INFO  impl.FollowerState (FollowerState.java:run(106)) - 0deae85c-a16a-4311-a0af-934f501df2cc:group-A22F19AE0AB9 changes to CANDIDATE, lastRpcTime:1044, electionTimeout:1043ms
2019-09-25 04:49:18,017 [Thread-285] INFO  impl.RoleInfo (RoleInfo.java:shutdownFollowerState(121)) - 0deae85c-a16a-4311-a0af-934f501df2cc: shutdown FollowerState
2019-09-25 04:49:18,029 [Thread-285] INFO  impl.RaftServerImpl (RaftServerImpl.java:setRole(174)) - 0deae85c-a16a-4311-a0af-934f501df2cc@group-A22F19AE0AB9: changes role from  FOLLOWER to CANDIDATE at term 0 for changeToCandidate
2019-09-25 04:49:18,031 [pool-77-thread-1] INFO  server.RaftServerConfigKeys (ConfUtils.java:logGet(43)) - raft.server.log.queue.byte-limit = 2147483647 (custom)
2019-09-25 04:49:18,035 [pool-77-thread-1] INFO  server.RaftServerConfigKeys (ConfUtils.java:logGet(43)) - raft.server.log.queue.element-limit = 1024 (custom)
2019-09-25 04:49:18,035 [pool-77-thread-1] INFO  server.RaftServerConfigKeys (ConfUtils.java:logGet(43)) - raft.server.log.segment.size.max = 1048576 (custom)
2019-09-25 04:49:18,035 [pool-77-thread-1] INFO  server.RaftServerConfigKeys (ConfUtils.java:logGet(43)) - raft.server.log.preallocated.size = 16384 (custom)
2019-09-25 04:49:18,036 [pool-77-thread-1] INFO  server.RaftServerConfigKeys (ConfUtils.java:logGet(43)) - raft.server.log.write.buffer.size = 33554432 (custom)
2019-09-25 04:49:18,036 [pool-77-thread-1] INFO  server.RaftServerConfigKeys (ConfUtils.java:logGet(43)) - raft.server.log.force.sync.num = 128 (default)
2019-09-25 04:49:18,036 [pool-77-thread-1] INFO  server.RaftServerConfigKeys (ConfUtils.java:logGet(43)) - raft.server.log.statemachine.data.sync = true (default)
2019-09-25 04:49:18,036 [pool-77-thread-1] INFO  server.RaftServerConfigKeys (ConfUtils.java:logGet(43)) - raft.server.log.statemachine.data.sync.timeout = 10s (default)
2019-09-25 04:49:18,036 [pool-77-thread-1] INFO  server.RaftServerConfigKeys (ConfUtils.java:logGet(43)) - raft.server.log.statemachine.data.sync.timeout.retry = -1 (default)
2019-09-25 04:49:18,036 [pool-77-thread-1] INFO  server.RaftServerConfigKeys (ConfUtils.java:logGet(43)) - raft.server.log.statemachine.data.caching.enabled = true (custom)
2019-09-25 04:49:18,037 [pool-77-thread-1] INFO  segmented.SegmentedRaftLogWorker (SegmentedRaftLogWorker.java:lambda$new$0(132)) - 3875a0db-bcd0-4e93-a77c-33ac6d7b4cc5@group-11C6BF4BB3B7-SegmentedRaftLogWorker: flushIndex: setUnconditionally 0 -> -1
2019-09-25 04:49:18,037 [pool-77-thread-1] INFO  server.RaftServerConfigKeys (ConfUtils.java:logGet(43)) - raft.server.snapshot.auto.trigger.enabled = true (custom)
2019-09-25 04:49:18,037 [pool-77-thread-1] INFO  server.RaftServerConfigKeys (ConfUtils.java:logGet(43)) - raft.server.snapshot.auto.trigger.threshold = 10000 (custom)
2019-09-25 04:49:18,037 [pool-77-thread-1] INFO  server.RaftServerConfigKeys (ConfUtils.java:logGet(43)) - raft.server.snapshot.retention.num.files = 5 (custom)
2019-09-25 04:49:18,038 [pool-77-thread-1] INFO  server.RaftServerConfigKeys (ConfUtils.java:logGet(43)) - raft.server.retrycache.expirytime = 600000ms (custom)
2019-09-25 04:49:18,043 [Thread-285] INFO  impl.RoleInfo (RoleInfo.java:updateAndGet(143)) - 0deae85c-a16a-4311-a0af-934f501df2cc: start LeaderElection
2019-09-25 04:49:18,043 [pool-77-thread-1] INFO  impl.RaftServerImpl (RaftServerImpl.java:start(185)) - 3875a0db-bcd0-4e93-a77c-33ac6d7b4cc5@group-11C6BF4BB3B7: start as a follower, conf=-1: [3875a0db-bcd0-4e93-a77c-33ac6d7b4cc5:192.168.164.207:38833], old=null
2019-09-25 04:49:18,043 [pool-77-thread-1] INFO  impl.RaftServerImpl (RaftServerImpl.java:setRole(174)) - 3875a0db-bcd0-4e93-a77c-33ac6d7b4cc5@group-11C6BF4BB3B7: changes role from      null to FOLLOWER at term 0 for startAsFollower
2019-09-25 04:49:18,044 [pool-77-thread-1] INFO  impl.RoleInfo (RoleInfo.java:updateAndGet(143)) - 3875a0db-bcd0-4e93-a77c-33ac6d7b4cc5: start FollowerState
2019-09-25 04:49:18,048 [pool-77-thread-1] INFO  util.JmxRegister (JmxRegister.java:tryRegister(44)) - Successfully registered JMX Bean with object name Ratis:service=RaftServer,group=group-11C6BF4BB3B7,id=3875a0db-bcd0-4e93-a77c-33ac6d7b4cc5
2019-09-25 04:49:18,072 [0deae85c-a16a-4311-a0af-934f501df2cc@group-A22F19AE0AB9:LeaderElection1] INFO  impl.LeaderElection (LeaderElection.java:askForVotes(182)) - 0deae85c-a16a-4311-a0af-934f501df2cc@group-A22F19AE0AB9:LeaderElection1: begin an election at term 1 for -1: [0deae85c-a16a-4311-a0af-934f501df2cc:192.168.164.207:38744], old=null
2019-09-25 04:49:18,083 [0deae85c-a16a-4311-a0af-934f501df2cc@group-A22F19AE0AB9:LeaderElection1] INFO  impl.RoleInfo (RoleInfo.java:shutdownLeaderElection(134)) - 0deae85c-a16a-4311-a0af-934f501df2cc: shutdown LeaderElection
2019-09-25 04:49:18,087 [0deae85c-a16a-4311-a0af-934f501df2cc@group-A22F19AE0AB9:LeaderElection1] INFO  impl.RaftServerImpl (RaftServerImpl.java:setRole(174)) - 0deae85c-a16a-4311-a0af-934f501df2cc@group-A22F19AE0AB9: changes role from CANDIDATE to LEADER at term 1 for changeToLeader
2019-09-25 04:49:18,088 [0deae85c-a16a-4311-a0af-934f501df2cc@group-A22F19AE0AB9:LeaderElection1] INFO  impl.RaftServerImpl (ServerState.java:setLeader(253)) - 0deae85c-a16a-4311-a0af-934f501df2cc@group-A22F19AE0AB9: change Leader from null to 0deae85c-a16a-4311-a0af-934f501df2cc at term 1 for becomeLeader, leader elected after 1245ms
2019-09-25 04:49:18,091 [RatisPipelineUtilsThread] INFO  pipeline.PipelineStateManager (PipelineStateManager.java:addPipeline(56)) - Created pipeline Pipeline[ Id: bea97773-4d43-4aec-9f66-11c6bf4bb3b7, Nodes: 3875a0db-bcd0-4e93-a77c-33ac6d7b4cc5{ip: 192.168.164.207, host: pr-hdds-1569-s44lr-3492059363, networkLocation: /default-rack, certSerialId: null}, Type:RATIS, Factor:ONE, State:OPEN]
2019-09-25 04:49:18,100 [0deae85c-a16a-4311-a0af-934f501df2cc@group-A22F19AE0AB9:LeaderElection1] INFO  server.RaftServerConfigKeys (ConfUtils.java:logGet(43)) - raft.server.staging.catchup.gap = 1000 (default)
2019-09-25 04:49:18,100 [0deae85c-a16a-4311-a0af-934f501df2cc@group-A22F19AE0AB9:LeaderElection1] INFO  server.RaftServerConfigKeys (ConfUtils.java:logGet(43)) - raft.server.rpc.sleep.time = 25ms (default)
2019-09-25 04:49:18,103 [0deae85c-a16a-4311-a0af-934f501df2cc@group-A22F19AE0AB9:LeaderElection1] INFO  server.RaftServerConfigKeys (ConfUtils.java:logGet(43)) - raft.server.write.element-limit = 4096 (default)
2019-09-25 04:49:18,106 [grpc-default-executor-0] INFO  impl.RaftServerProxy (RaftServerProxy.java:addNew(89)) - 0deae85c-a16a-4311-a0af-934f501df2cc: addNew group-0A4A12A99BD7:[0deae85c-a16a-4311-a0af-934f501df2cc:192.168.164.207:38744] returns group-0A4A12A99BD7:java.util.concurrent.CompletableFuture@bc790a3[Not completed]
2019-09-25 04:49:18,107 [0deae85c-a16a-4311-a0af-934f501df2cc@group-A22F19AE0AB9:LeaderElection1] INFO  server.RaftServerConfigKeys (ConfUtils.java:logGet(43)) - raft.server.watch.timeout = 10s (default)
2019-09-25 04:49:18,107 [0deae85c-a16a-4311-a0af-934f501df2cc@group-A22F19AE0AB9:LeaderElection1] INFO  server.RaftServerConfigKeys (ConfUtils.java:logGet(43)) - raft.server.watch.timeout.denomination = 1s (default)
2019-09-25 04:49:18,107 [0deae85c-a16a-4311-a0af-934f501df2cc@group-A22F19AE0AB9:LeaderElection1] INFO  server.RaftServerConfigKeys (ConfUtils.java:logGet(43)) - raft.server.watch.element-limit = 65536 (default)
2019-09-25 04:49:18,108 [pool-27-thread-1] INFO  impl.RaftServerImpl (RaftServerImpl.java:<init>(95)) - 0deae85c-a16a-4311-a0af-934f501df2cc: new RaftServerImpl for group-0A4A12A99BD7:[0deae85c-a16a-4311-a0af-934f501df2cc:192.168.164.207:38744] with ContainerStateMachine:uninitialized
2019-09-25 04:49:18,108 [pool-27-thread-1] INFO  server.RaftServerConfigKeys (ConfUtils.java:logGet(43)) - raft.server.rpc.timeout.min = 1s (custom)
2019-09-25 04:49:18,108 [pool-27-thread-1] INFO  server.RaftServerConfigKeys (ConfUtils.java:logGet(43)) - raft.server.rpc.timeout.max = 1200ms (custom)
2019-09-25 04:49:18,108 [pool-27-thread-1] INFO  server.RaftServerConfigKeys (ConfUtils.java:logGet(43)) - raft.server.rpcslowness.timeout = 120s (custom)
2019-09-25 04:49:18,108 [pool-27-thread-1] INFO  server.RaftServerConfigKeys (ConfUtils.java:logGet(43)) - raft.server.sleep.deviation.threshold = 300 (default)
2019-09-25 04:49:18,108 [pool-27-thread-1] INFO  server.RaftServerConfigKeys (ConfUtils.java:logGet(43)) - raft.server.log.appender.install.snapshot.enabled = false (custom)
2019-09-25 04:49:18,108 [pool-27-thread-1] INFO  impl.RaftServerImpl (ServerState.java:<init>(103)) - 0deae85c-a16a-4311-a0af-934f501df2cc@group-0A4A12A99BD7: ConfigurationManager, init=-1: [0deae85c-a16a-4311-a0af-934f501df2cc:192.168.164.207:38744], old=null, confs=<EMPTY_MAP>
2019-09-25 04:49:18,109 [pool-27-thread-1] INFO  server.RaftServerConfigKeys (ConfUtils.java:logGet(43)) - raft.server.storage.dir = [/workdir/hadoop-ozone/integration-test/target/test-dir/MiniOzoneClusterImpl-73e7cd3e-72db-4213-b677-28bfbd198772/datanode-0/data/ratis] (custom)
2019-09-25 04:49:18,109 [pool-27-thread-1] INFO  storage.RaftStorageDirectory (RaftStorageDirectory.java:analyzeStorage(246)) - The storage directory /workdir/hadoop-ozone/integration-test/target/test-dir/MiniOzoneClusterImpl-73e7cd3e-72db-4213-b677-28bfbd198772/datanode-0/data/ratis/e8924da3-4b30-4d9d-91f6-0a4a12a99bd7 does not exist. Creating ...
2019-09-25 04:49:18,117 [0deae85c-a16a-4311-a0af-934f501df2cc@group-A22F19AE0AB9:LeaderElection1] INFO  impl.RoleInfo (RoleInfo.java:updateAndGet(143)) - 0deae85c-a16a-4311-a0af-934f501df2cc: start LeaderState
2019-09-25 04:49:18,122 [pool-27-thread-1] INFO  storage.RaftStorageDirectory (RaftStorageDirectory.java:tryLock(328)) - Lock on /workdir/hadoop-ozone/integration-test/target/test-dir/MiniOzoneClusterImpl-73e7cd3e-72db-4213-b677-28bfbd198772/datanode-0/data/ratis/e8924da3-4b30-4d9d-91f6-0a4a12a99bd7/in_use.lock acquired by nodename 6977@pr-hdds-1569-s44lr-3492059363
2019-09-25 04:49:18,135 [pool-27-thread-1] INFO  storage.RaftStorage (RaftStorage.java:format(72)) - Storage directory /workdir/hadoop-ozone/integration-test/target/test-dir/MiniOzoneClusterImpl-73e7cd3e-72db-4213-b677-28bfbd198772/datanode-0/data/ratis/e8924da3-4b30-4d9d-91f6-0a4a12a99bd7 has been successfully formatted.
2019-09-25 04:49:18,135 [pool-27-thread-1] INFO  ratis.ContainerStateMachine (ContainerStateMachine.java:loadSnapshot(230)) - group-0A4A12A99BD7: The snapshot info is null. Setting the last applied indexto:(t:0, i:~)
2019-09-25 04:49:18,136 [pool-27-thread-1] INFO  server.RaftServerConfigKeys (ConfUtils.java:logGet(43)) - raft.server.notification.no-leader.timeout = 120s (custom)
2019-09-25 04:49:18,136 [pool-27-thread-1] INFO  server.RaftServerConfigKeys (ConfUtils.java:logGet(43)) - raft.server.log.use.memory = false (default)
2019-09-25 04:49:18,136 [pool-27-thread-1] INFO  server.RaftServerConfigKeys (ConfUtils.java:logGet(43)) - raft.server.log.purge.gap = 1000000 (custom)
2019-09-25 04:49:18,136 [0deae85c-a16a-4311-a0af-934f501df2cc@group-A22F19AE0AB9:LeaderElection1] INFO  segmented.SegmentedRaftLogWorker (SegmentedRaftLogWorker.java:startLogSegment(380)) - 0deae85c-a16a-4311-a0af-934f501df2cc@group-A22F19AE0AB9-SegmentedRaftLogWorker: Starting segment from index:0
2019-09-25 04:49:18,136 [pool-27-thread-1] INFO  server.RaftServerConfigKeys (ConfUtils.java:logGet(43)) - raft.server.log.appender.buffer.byte-limit = 33554432 (custom)
2019-09-25 04:49:18,136 [pool-27-thread-1] INFO  server.RaftServerConfigKeys (ConfUtils.java:logGet(43)) - raft.server.log.segment.size.max = 1048576 (custom)
2019-09-25 04:49:18,136 [pool-27-thread-1] INFO  server.RaftServerConfigKeys (ConfUtils.java:logGet(43)) - raft.server.log.segment.cache.num.max = 2 (custom)
2019-09-25 04:49:18,136 [pool-27-thread-1] INFO  segmented.SegmentedRaftLogWorker (SegmentedRaftLogWorker.java:<init>(172)) - new 0deae85c-a16a-4311-a0af-934f501df2cc@group-0A4A12A99BD7-SegmentedRaftLogWorker for RaftStorage:Storage Directory /workdir/hadoop-ozone/integration-test/target/test-dir/MiniOzoneClusterImpl-73e7cd3e-72db-4213-b677-28bfbd198772/datanode-0/data/ratis/e8924da3-4b30-4d9d-91f6-0a4a12a99bd7
2019-09-25 04:49:18,137 [pool-27-thread-1] INFO  server.RaftServerConfigKeys (ConfUtils.java:logGet(43)) - raft.server.log.queue.byte-limit = 2147483647 (custom)
2019-09-25 04:49:18,137 [pool-27-thread-1] INFO  server.RaftServerConfigKeys (ConfUtils.java:logGet(43)) - raft.server.log.queue.element-limit = 1024 (custom)
2019-09-25 04:49:18,137 [pool-27-thread-1] INFO  server.RaftServerConfigKeys (ConfUtils.java:logGet(43)) - raft.server.log.segment.size.max = 1048576 (custom)
2019-09-25 04:49:18,137 [pool-27-thread-1] INFO  server.RaftServerConfigKeys (ConfUtils.java:logGet(43)) - raft.server.log.preallocated.size = 16384 (custom)
2019-09-25 04:49:18,137 [pool-27-thread-1] INFO  server.RaftServerConfigKeys (ConfUtils.java:logGet(43)) - raft.server.log.write.buffer.size = 33554432 (custom)
2019-09-25 04:49:18,137 [pool-27-thread-1] INFO  server.RaftServerConfigKeys (ConfUtils.java:logGet(43)) - raft.server.log.force.sync.num = 128 (default)
2019-09-25 04:49:18,137 [pool-27-thread-1] INFO  server.RaftServerConfigKeys (ConfUtils.java:logGet(43)) - raft.server.log.statemachine.data.sync = true (default)
2019-09-25 04:49:18,137 [pool-27-thread-1] INFO  server.RaftServerConfigKeys (ConfUtils.java:logGet(43)) - raft.server.log.statemachine.data.sync.timeout = 10s (default)
2019-09-25 04:49:18,137 [pool-27-thread-1] INFO  server.RaftServerConfigKeys (ConfUtils.java:logGet(43)) - raft.server.log.statemachine.data.sync.timeout.retry = -1 (default)
2019-09-25 04:49:18,138 [pool-27-thread-1] INFO  server.RaftServerConfigKeys (ConfUtils.java:logGet(43)) - raft.server.log.statemachine.data.caching.enabled = true (custom)
2019-09-25 04:49:18,138 [pool-27-thread-1] INFO  segmented.SegmentedRaftLogWorker (SegmentedRaftLogWorker.java:lambda$new$0(132)) - 0deae85c-a16a-4311-a0af-934f501df2cc@group-0A4A12A99BD7-SegmentedRaftLogWorker: flushIndex: setUnconditionally 0 -> -1
2019-09-25 04:49:18,138 [pool-27-thread-1] INFO  server.RaftServerConfigKeys (ConfUtils.java:logGet(43)) - raft.server.snapshot.auto.trigger.enabled = true (custom)
2019-09-25 04:49:18,138 [pool-27-thread-1] INFO  server.RaftServerConfigKeys (ConfUtils.java:logGet(43)) - raft.server.snapshot.auto.trigger.threshold = 10000 (custom)
2019-09-25 04:49:18,138 [pool-27-thread-1] INFO  server.RaftServerConfigKeys (ConfUtils.java:logGet(43)) - raft.server.snapshot.retention.num.files = 5 (custom)
2019-09-25 04:49:18,139 [pool-27-thread-1] INFO  server.RaftServerConfigKeys (ConfUtils.java:logGet(43)) - raft.server.retrycache.expirytime = 600000ms (custom)
2019-09-25 04:49:18,141 [pool-27-thread-1] INFO  impl.RaftServerImpl (RaftServerImpl.java:start(185)) - 0deae85c-a16a-4311-a0af-934f501df2cc@group-0A4A12A99BD7: start as a follower, conf=-1: [0deae85c-a16a-4311-a0af-934f501df2cc:192.168.164.207:38744], old=null
2019-09-25 04:49:18,141 [pool-27-thread-1] INFO  impl.RaftServerImpl (RaftServerImpl.java:setRole(174)) - 0deae85c-a16a-4311-a0af-934f501df2cc@group-0A4A12A99BD7: changes role from      null to FOLLOWER at term 0 for startAsFollower
2019-09-25 04:49:18,141 [pool-27-thread-1] INFO  impl.RoleInfo (RoleInfo.java:updateAndGet(143)) - 0deae85c-a16a-4311-a0af-934f501df2cc: start FollowerState
2019-09-25 04:49:18,141 [pool-27-thread-1] INFO  util.JmxRegister (JmxRegister.java:tryRegister(44)) - Successfully registered JMX Bean with object name Ratis:service=RaftServer,group=group-0A4A12A99BD7,id=0deae85c-a16a-4311-a0af-934f501df2cc
2019-09-25 04:49:18,147 [0deae85c-a16a-4311-a0af-934f501df2cc@group-A22F19AE0AB9:LeaderElection1] INFO  impl.RaftServerImpl (ServerState.java:setRaftConf(354)) - 0deae85c-a16a-4311-a0af-934f501df2cc@group-A22F19AE0AB9: set configuration 0: [0deae85c-a16a-4311-a0af-934f501df2cc:192.168.164.207:38744], old=null at 0
2019-09-25 04:49:18,156 [RatisPipelineUtilsThread] INFO  pipeline.PipelineStateManager (PipelineStateManager.java:addPipeline(56)) - Created pipeline Pipeline[ Id: e8924da3-4b30-4d9d-91f6-0a4a12a99bd7, Nodes: 0deae85c-a16a-4311-a0af-934f501df2cc{ip: 192.168.164.207, host: pr-hdds-1569-s44lr-3492059363, networkLocation: /default-rack, certSerialId: null}, Type:RATIS, Factor:ONE, State:OPEN]
2019-09-25 04:49:18,156 [RatisPipelineUtilsThread] INFO  pipeline.PipelinePlacementPolicy (PipelinePlacementPolicy.java:meetCriteria(91)) - Pipeline Placement: can't place more pipeline on heavy datanode： 0deae85c-a16a-4311-a0af-934f501df2cc Heaviness: 6 limit: 5
2019-09-25 04:49:18,167 [grpc-default-executor-0] INFO  impl.RaftServerProxy (RaftServerProxy.java:addNew(89)) - 4900d303-9ac7-4a86-9389-d77749add813: addNew group-03DCD32FC418:[4900d303-9ac7-4a86-9389-d77749add813:192.168.164.207:37431] returns group-03DCD32FC418:java.util.concurrent.CompletableFuture@6867724d[Not completed]
2019-09-25 04:49:18,170 [pool-47-thread-1] INFO  impl.RaftServerImpl (RaftServerImpl.java:<init>(95)) - 4900d303-9ac7-4a86-9389-d77749add813: new RaftServerImpl for group-03DCD32FC418:[4900d303-9ac7-4a86-9389-d77749add813:192.168.164.207:37431] with ContainerStateMachine:uninitialized
2019-09-25 04:49:18,170 [pool-47-thread-1] INFO  server.RaftServerConfigKeys (ConfUtils.java:logGet(43)) - raft.server.rpc.timeout.min = 1s (custom)
2019-09-25 04:49:18,170 [pool-47-thread-1] INFO  server.RaftServerConfigKeys (ConfUtils.java:logGet(43)) - raft.server.rpc.timeout.max = 1200ms (custom)
2019-09-25 04:49:18,170 [pool-47-thread-1] INFO  server.RaftServerConfigKeys (ConfUtils.java:logGet(43)) - raft.server.rpcslowness.timeout = 120s (custom)
2019-09-25 04:49:18,170 [pool-47-thread-1] INFO  server.RaftServerConfigKeys (ConfUtils.java:logGet(43)) - raft.server.sleep.deviation.threshold = 300 (default)
2019-09-25 04:49:18,171 [pool-47-thread-1] INFO  server.RaftServerConfigKeys (ConfUtils.java:logGet(43)) - raft.server.log.appender.install.snapshot.enabled = false (custom)
2019-09-25 04:49:18,171 [pool-47-thread-1] INFO  impl.RaftServerImpl (ServerState.java:<init>(103)) - 4900d303-9ac7-4a86-9389-d77749add813@group-03DCD32FC418: ConfigurationManager, init=-1: [4900d303-9ac7-4a86-9389-d77749add813:192.168.164.207:37431], old=null, confs=<EMPTY_MAP>
2019-09-25 04:49:18,171 [pool-47-thread-1] INFO  server.RaftServerConfigKeys (ConfUtils.java:logGet(43)) - raft.server.storage.dir = [/workdir/hadoop-ozone/integration-test/target/test-dir/MiniOzoneClusterImpl-73e7cd3e-72db-4213-b677-28bfbd198772/datanode-2/data/ratis] (custom)
2019-09-25 04:49:18,171 [pool-47-thread-1] INFO  storage.RaftStorageDirectory (RaftStorageDirectory.java:analyzeStorage(246)) - The storage directory /workdir/hadoop-ozone/integration-test/target/test-dir/MiniOzoneClusterImpl-73e7cd3e-72db-4213-b677-28bfbd198772/datanode-2/data/ratis/2afc3a6a-78b2-4c58-837e-03dcd32fc418 does not exist. Creating ...
2019-09-25 04:49:18,184 [pool-47-thread-1] INFO  storage.RaftStorageDirectory (RaftStorageDirectory.java:tryLock(328)) - Lock on /workdir/hadoop-ozone/integration-test/target/test-dir/MiniOzoneClusterImpl-73e7cd3e-72db-4213-b677-28bfbd198772/datanode-2/data/ratis/2afc3a6a-78b2-4c58-837e-03dcd32fc418/in_use.lock acquired by nodename 6977@pr-hdds-1569-s44lr-3492059363
2019-09-25 04:49:18,197 [pool-47-thread-1] INFO  storage.RaftStorage (RaftStorage.java:format(72)) - Storage directory /workdir/hadoop-ozone/integration-test/target/test-dir/MiniOzoneClusterImpl-73e7cd3e-72db-4213-b677-28bfbd198772/datanode-2/data/ratis/2afc3a6a-78b2-4c58-837e-03dcd32fc418 has been successfully formatted.
2019-09-25 04:49:18,198 [pool-47-thread-1] INFO  ratis.ContainerStateMachine (ContainerStateMachine.java:loadSnapshot(230)) - group-03DCD32FC418: The snapshot info is null. Setting the last applied indexto:(t:0, i:~)
2019-09-25 04:49:18,198 [pool-47-thread-1] INFO  server.RaftServerConfigKeys (ConfUtils.java:logGet(43)) - raft.server.notification.no-leader.timeout = 120s (custom)
2019-09-25 04:49:18,198 [pool-47-thread-1] INFO  server.RaftServerConfigKeys (ConfUtils.java:logGet(43)) - raft.server.log.use.memory = false (default)
2019-09-25 04:49:18,198 [pool-47-thread-1] INFO  server.RaftServerConfigKeys (ConfUtils.java:logGet(43)) - raft.server.log.purge.gap = 1000000 (custom)
2019-09-25 04:49:18,198 [pool-47-thread-1] INFO  server.RaftServerConfigKeys (ConfUtils.java:logGet(43)) - raft.server.log.appender.buffer.byte-limit = 33554432 (custom)
2019-09-25 04:49:18,198 [pool-47-thread-1] INFO  server.RaftServerConfigKeys (ConfUtils.java:logGet(43)) - raft.server.log.segment.size.max = 1048576 (custom)
2019-09-25 04:49:18,199 [pool-47-thread-1] INFO  server.RaftServerConfigKeys (ConfUtils.java:logGet(43)) - raft.server.log.segment.cache.num.max = 2 (custom)
2019-09-25 04:49:18,199 [pool-47-thread-1] INFO  segmented.SegmentedRaftLogWorker (SegmentedRaftLogWorker.java:<init>(172)) - new 4900d303-9ac7-4a86-9389-d77749add813@group-03DCD32FC418-SegmentedRaftLogWorker for RaftStorage:Storage Directory /workdir/hadoop-ozone/integration-test/target/test-dir/MiniOzoneClusterImpl-73e7cd3e-72db-4213-b677-28bfbd198772/datanode-2/data/ratis/2afc3a6a-78b2-4c58-837e-03dcd32fc418
2019-09-25 04:49:18,199 [pool-47-thread-1] INFO  server.RaftServerConfigKeys (ConfUtils.java:logGet(43)) - raft.server.log.queue.byte-limit = 2147483647 (custom)
2019-09-25 04:49:18,199 [pool-47-thread-1] INFO  server.RaftServerConfigKeys (ConfUtils.java:logGet(43)) - raft.server.log.queue.element-limit = 1024 (custom)
2019-09-25 04:49:18,199 [pool-47-thread-1] INFO  server.RaftServerConfigKeys (ConfUtils.java:logGet(43)) - raft.server.log.segment.size.max = 1048576 (custom)
2019-09-25 04:49:18,199 [pool-47-thread-1] INFO  server.RaftServerConfigKeys (ConfUtils.java:logGet(43)) - raft.server.log.preallocated.size = 16384 (custom)
2019-09-25 04:49:18,199 [pool-47-thread-1] INFO  server.RaftServerConfigKeys (ConfUtils.java:logGet(43)) - raft.server.log.write.buffer.size = 33554432 (custom)
2019-09-25 04:49:18,200 [pool-47-thread-1] INFO  server.RaftServerConfigKeys (ConfUtils.java:logGet(43)) - raft.server.log.force.sync.num = 128 (default)
2019-09-25 04:49:18,200 [pool-47-thread-1] INFO  server.RaftServerConfigKeys (ConfUtils.java:logGet(43)) - raft.server.log.statemachine.data.sync = true (default)
2019-09-25 04:49:18,200 [pool-47-thread-1] INFO  server.RaftServerConfigKeys (ConfUtils.java:logGet(43)) - raft.server.log.statemachine.data.sync.timeout = 10s (default)
2019-09-25 04:49:18,200 [pool-47-thread-1] INFO  server.RaftServerConfigKeys (ConfUtils.java:logGet(43)) - raft.server.log.statemachine.data.sync.timeout.retry = -1 (default)
2019-09-25 04:49:18,200 [pool-47-thread-1] INFO  server.RaftServerConfigKeys (ConfUtils.java:logGet(43)) - raft.server.log.statemachine.data.caching.enabled = true (custom)
2019-09-25 04:49:18,201 [pool-47-thread-1] INFO  segmented.SegmentedRaftLogWorker (SegmentedRaftLogWorker.java:lambda$new$0(132)) - 4900d303-9ac7-4a86-9389-d77749add813@group-03DCD32FC418-SegmentedRaftLogWorker: flushIndex: setUnconditionally 0 -> -1
2019-09-25 04:49:18,201 [pool-47-thread-1] INFO  server.RaftServerConfigKeys (ConfUtils.java:logGet(43)) - raft.server.snapshot.auto.trigger.enabled = true (custom)
2019-09-25 04:49:18,201 [pool-47-thread-1] INFO  server.RaftServerConfigKeys (ConfUtils.java:logGet(43)) - raft.server.snapshot.auto.trigger.threshold = 10000 (custom)
2019-09-25 04:49:18,201 [pool-47-thread-1] INFO  server.RaftServerConfigKeys (ConfUtils.java:logGet(43)) - raft.server.snapshot.retention.num.files = 5 (custom)
2019-09-25 04:49:18,201 [pool-47-thread-1] INFO  server.RaftServerConfigKeys (ConfUtils.java:logGet(43)) - raft.server.retrycache.expirytime = 600000ms (custom)
2019-09-25 04:49:18,204 [pool-47-thread-1] INFO  impl.RaftServerImpl (RaftServerImpl.java:start(185)) - 4900d303-9ac7-4a86-9389-d77749add813@group-03DCD32FC418: start as a follower, conf=-1: [4900d303-9ac7-4a86-9389-d77749add813:192.168.164.207:37431], old=null
2019-09-25 04:49:18,204 [pool-47-thread-1] INFO  impl.RaftServerImpl (RaftServerImpl.java:setRole(174)) - 4900d303-9ac7-4a86-9389-d77749add813@group-03DCD32FC418: changes role from      null to FOLLOWER at term 0 for startAsFollower
2019-09-25 04:49:18,204 [pool-47-thread-1] INFO  impl.RoleInfo (RoleInfo.java:updateAndGet(143)) - 4900d303-9ac7-4a86-9389-d77749add813: start FollowerState
2019-09-25 04:49:18,204 [pool-47-thread-1] INFO  util.JmxRegister (JmxRegister.java:tryRegister(44)) - Successfully registered JMX Bean with object name Ratis:service=RaftServer,group=group-03DCD32FC418,id=4900d303-9ac7-4a86-9389-d77749add813
2019-09-25 04:49:18,220 [RatisPipelineUtilsThread] INFO  pipeline.PipelineStateManager (PipelineStateManager.java:addPipeline(56)) - Created pipeline Pipeline[ Id: 2afc3a6a-78b2-4c58-837e-03dcd32fc418, Nodes: 4900d303-9ac7-4a86-9389-d77749add813{ip: 192.168.164.207, host: pr-hdds-1569-s44lr-3492059363, networkLocation: /default-rack, certSerialId: null}, Type:RATIS, Factor:ONE, State:OPEN]
2019-09-25 04:49:18,221 [RatisPipelineUtilsThread] INFO  pipeline.PipelinePlacementPolicy (PipelinePlacementPolicy.java:meetCriteria(91)) - Pipeline Placement: can't place more pipeline on heavy datanode： 0deae85c-a16a-4311-a0af-934f501df2cc Heaviness: 6 limit: 5
2019-09-25 04:49:18,233 [grpc-default-executor-0] INFO  impl.RaftServerProxy (RaftServerProxy.java:addNew(89)) - 4900d303-9ac7-4a86-9389-d77749add813: addNew group-71245CA931F9:[4900d303-9ac7-4a86-9389-d77749add813:192.168.164.207:37431] returns group-71245CA931F9:java.util.concurrent.CompletableFuture@77156c02[Not completed]
2019-09-25 04:49:18,234 [pool-47-thread-1] INFO  impl.RaftServerImpl (RaftServerImpl.java:<init>(95)) - 4900d303-9ac7-4a86-9389-d77749add813: new RaftServerImpl for group-71245CA931F9:[4900d303-9ac7-4a86-9389-d77749add813:192.168.164.207:37431] with ContainerStateMachine:uninitialized
2019-09-25 04:49:18,234 [pool-47-thread-1] INFO  server.RaftServerConfigKeys (ConfUtils.java:logGet(43)) - raft.server.rpc.timeout.min = 1s (custom)
2019-09-25 04:49:18,234 [pool-47-thread-1] INFO  server.RaftServerConfigKeys (ConfUtils.java:logGet(43)) - raft.server.rpc.timeout.max = 1200ms (custom)
2019-09-25 04:49:18,234 [pool-47-thread-1] INFO  server.RaftServerConfigKeys (ConfUtils.java:logGet(43)) - raft.server.rpcslowness.timeout = 120s (custom)
2019-09-25 04:49:18,234 [pool-47-thread-1] INFO  server.RaftServerConfigKeys (ConfUtils.java:logGet(43)) - raft.server.sleep.deviation.threshold = 300 (default)
2019-09-25 04:49:18,235 [pool-47-thread-1] INFO  server.RaftServerConfigKeys (ConfUtils.java:logGet(43)) - raft.server.log.appender.install.snapshot.enabled = false (custom)
2019-09-25 04:49:18,235 [pool-47-thread-1] INFO  impl.RaftServerImpl (ServerState.java:<init>(103)) - 4900d303-9ac7-4a86-9389-d77749add813@group-71245CA931F9: ConfigurationManager, init=-1: [4900d303-9ac7-4a86-9389-d77749add813:192.168.164.207:37431], old=null, confs=<EMPTY_MAP>
2019-09-25 04:49:18,235 [pool-47-thread-1] INFO  server.RaftServerConfigKeys (ConfUtils.java:logGet(43)) - raft.server.storage.dir = [/workdir/hadoop-ozone/integration-test/target/test-dir/MiniOzoneClusterImpl-73e7cd3e-72db-4213-b677-28bfbd198772/datanode-2/data/ratis] (custom)
2019-09-25 04:49:18,235 [pool-47-thread-1] INFO  storage.RaftStorageDirectory (RaftStorageDirectory.java:analyzeStorage(246)) - The storage directory /workdir/hadoop-ozone/integration-test/target/test-dir/MiniOzoneClusterImpl-73e7cd3e-72db-4213-b677-28bfbd198772/datanode-2/data/ratis/eb5e136d-84b2-43a4-b3e3-71245ca931f9 does not exist. Creating ...
2019-09-25 04:49:18,248 [pool-47-thread-1] INFO  storage.RaftStorageDirectory (RaftStorageDirectory.java:tryLock(328)) - Lock on /workdir/hadoop-ozone/integration-test/target/test-dir/MiniOzoneClusterImpl-73e7cd3e-72db-4213-b677-28bfbd198772/datanode-2/data/ratis/eb5e136d-84b2-43a4-b3e3-71245ca931f9/in_use.lock acquired by nodename 6977@pr-hdds-1569-s44lr-3492059363
2019-09-25 04:49:18,261 [pool-47-thread-1] INFO  storage.RaftStorage (RaftStorage.java:format(72)) - Storage directory /workdir/hadoop-ozone/integration-test/target/test-dir/MiniOzoneClusterImpl-73e7cd3e-72db-4213-b677-28bfbd198772/datanode-2/data/ratis/eb5e136d-84b2-43a4-b3e3-71245ca931f9 has been successfully formatted.
2019-09-25 04:49:18,261 [pool-47-thread-1] INFO  ratis.ContainerStateMachine (ContainerStateMachine.java:loadSnapshot(230)) - group-71245CA931F9: The snapshot info is null. Setting the last applied indexto:(t:0, i:~)
2019-09-25 04:49:18,261 [pool-47-thread-1] INFO  server.RaftServerConfigKeys (ConfUtils.java:logGet(43)) - raft.server.notification.no-leader.timeout = 120s (custom)
2019-09-25 04:49:18,261 [pool-47-thread-1] INFO  server.RaftServerConfigKeys (ConfUtils.java:logGet(43)) - raft.server.log.use.memory = false (default)
2019-09-25 04:49:18,261 [pool-47-thread-1] INFO  server.RaftServerConfigKeys (ConfUtils.java:logGet(43)) - raft.server.log.purge.gap = 1000000 (custom)
2019-09-25 04:49:18,262 [pool-47-thread-1] INFO  server.RaftServerConfigKeys (ConfUtils.java:logGet(43)) - raft.server.log.appender.buffer.byte-limit = 33554432 (custom)
2019-09-25 04:49:18,262 [pool-47-thread-1] INFO  server.RaftServerConfigKeys (ConfUtils.java:logGet(43)) - raft.server.log.segment.size.max = 1048576 (custom)
2019-09-25 04:49:18,270 [pool-47-thread-1] INFO  server.RaftServerConfigKeys (ConfUtils.java:logGet(43)) - raft.server.log.segment.cache.num.max = 2 (custom)
2019-09-25 04:49:18,270 [pool-47-thread-1] INFO  segmented.SegmentedRaftLogWorker (SegmentedRaftLogWorker.java:<init>(172)) - new 4900d303-9ac7-4a86-9389-d77749add813@group-71245CA931F9-SegmentedRaftLogWorker for RaftStorage:Storage Directory /workdir/hadoop-ozone/integration-test/target/test-dir/MiniOzoneClusterImpl-73e7cd3e-72db-4213-b677-28bfbd198772/datanode-2/data/ratis/eb5e136d-84b2-43a4-b3e3-71245ca931f9
2019-09-25 04:49:18,270 [pool-47-thread-1] INFO  server.RaftServerConfigKeys (ConfUtils.java:logGet(43)) - raft.server.log.queue.byte-limit = 2147483647 (custom)
2019-09-25 04:49:18,270 [pool-47-thread-1] INFO  server.RaftServerConfigKeys (ConfUtils.java:logGet(43)) - raft.server.log.queue.element-limit = 1024 (custom)
2019-09-25 04:49:18,270 [pool-47-thread-1] INFO  server.RaftServerConfigKeys (ConfUtils.java:logGet(43)) - raft.server.log.segment.size.max = 1048576 (custom)
2019-09-25 04:49:18,270 [pool-47-thread-1] INFO  server.RaftServerConfigKeys (ConfUtils.java:logGet(43)) - raft.server.log.preallocated.size = 16384 (custom)
2019-09-25 04:49:18,270 [pool-47-thread-1] INFO  server.RaftServerConfigKeys (ConfUtils.java:logGet(43)) - raft.server.log.write.buffer.size = 33554432 (custom)
2019-09-25 04:49:18,271 [pool-47-thread-1] INFO  server.RaftServerConfigKeys (ConfUtils.java:logGet(43)) - raft.server.log.force.sync.num = 128 (default)
2019-09-25 04:49:18,271 [pool-47-thread-1] INFO  server.RaftServerConfigKeys (ConfUtils.java:logGet(43)) - raft.server.log.statemachine.data.sync = true (default)
2019-09-25 04:49:18,271 [pool-47-thread-1] INFO  server.RaftServerConfigKeys (ConfUtils.java:logGet(43)) - raft.server.log.statemachine.data.sync.timeout = 10s (default)
2019-09-25 04:49:18,271 [pool-47-thread-1] INFO  server.RaftServerConfigKeys (ConfUtils.java:logGet(43)) - raft.server.log.statemachine.data.sync.timeout.retry = -1 (default)
2019-09-25 04:49:18,271 [pool-47-thread-1] INFO  server.RaftServerConfigKeys (ConfUtils.java:logGet(43)) - raft.server.log.statemachine.data.caching.enabled = true (custom)
2019-09-25 04:49:18,271 [pool-47-thread-1] INFO  segmented.SegmentedRaftLogWorker (SegmentedRaftLogWorker.java:lambda$new$0(132)) - 4900d303-9ac7-4a86-9389-d77749add813@group-71245CA931F9-SegmentedRaftLogWorker: flushIndex: setUnconditionally 0 -> -1
2019-09-25 04:49:18,272 [pool-47-thread-1] INFO  server.RaftServerConfigKeys (ConfUtils.java:logGet(43)) - raft.server.snapshot.auto.trigger.enabled = true (custom)
2019-09-25 04:49:18,272 [pool-47-thread-1] INFO  server.RaftServerConfigKeys (ConfUtils.java:logGet(43)) - raft.server.snapshot.auto.trigger.threshold = 10000 (custom)
2019-09-25 04:49:18,272 [pool-47-thread-1] INFO  server.RaftServerConfigKeys (ConfUtils.java:logGet(43)) - raft.server.snapshot.retention.num.files = 5 (custom)
2019-09-25 04:49:18,272 [pool-47-thread-1] INFO  server.RaftServerConfigKeys (ConfUtils.java:logGet(43)) - raft.server.retrycache.expirytime = 600000ms (custom)
2019-09-25 04:49:18,274 [pool-47-thread-1] INFO  impl.RaftServerImpl (RaftServerImpl.java:start(185)) - 4900d303-9ac7-4a86-9389-d77749add813@group-71245CA931F9: start as a follower, conf=-1: [4900d303-9ac7-4a86-9389-d77749add813:192.168.164.207:37431], old=null
2019-09-25 04:49:18,274 [pool-47-thread-1] INFO  impl.RaftServerImpl (RaftServerImpl.java:setRole(174)) - 4900d303-9ac7-4a86-9389-d77749add813@group-71245CA931F9: changes role from      null to FOLLOWER at term 0 for startAsFollower
2019-09-25 04:49:18,274 [pool-47-thread-1] INFO  impl.RoleInfo (RoleInfo.java:updateAndGet(143)) - 4900d303-9ac7-4a86-9389-d77749add813: start FollowerState
2019-09-25 04:49:18,275 [pool-47-thread-1] INFO  util.JmxRegister (JmxRegister.java:tryRegister(44)) - Successfully registered JMX Bean with object name Ratis:service=RaftServer,group=group-71245CA931F9,id=4900d303-9ac7-4a86-9389-d77749add813
2019-09-25 04:49:18,286 [RatisPipelineUtilsThread] INFO  pipeline.PipelineStateManager (PipelineStateManager.java:addPipeline(56)) - Created pipeline Pipeline[ Id: eb5e136d-84b2-43a4-b3e3-71245ca931f9, Nodes: 4900d303-9ac7-4a86-9389-d77749add813{ip: 192.168.164.207, host: pr-hdds-1569-s44lr-3492059363, networkLocation: /default-rack, certSerialId: null}, Type:RATIS, Factor:ONE, State:OPEN]
2019-09-25 04:49:18,286 [RatisPipelineUtilsThread] INFO  pipeline.PipelinePlacementPolicy (PipelinePlacementPolicy.java:meetCriteria(91)) - Pipeline Placement: can't place more pipeline on heavy datanode： 0deae85c-a16a-4311-a0af-934f501df2cc Heaviness: 6 limit: 5
2019-09-25 04:49:18,290 [Thread-288] INFO  impl.FollowerState (FollowerState.java:run(106)) - 2f00ca3a-f523-476d-a77d-69389bdf1595:group-B9BCDC359A7E changes to CANDIDATE, lastRpcTime:1122, electionTimeout:1120ms
2019-09-25 04:49:18,291 [Thread-288] INFO  impl.RoleInfo (RoleInfo.java:shutdownFollowerState(121)) - 2f00ca3a-f523-476d-a77d-69389bdf1595: shutdown FollowerState
2019-09-25 04:49:18,291 [Thread-288] INFO  impl.RaftServerImpl (RaftServerImpl.java:setRole(174)) - 2f00ca3a-f523-476d-a77d-69389bdf1595@group-B9BCDC359A7E: changes role from  FOLLOWER to CANDIDATE at term 0 for changeToCandidate
2019-09-25 04:49:18,292 [Thread-288] INFO  impl.RoleInfo (RoleInfo.java:updateAndGet(143)) - 2f00ca3a-f523-476d-a77d-69389bdf1595: start LeaderElection
2019-09-25 04:49:18,302 [grpc-default-executor-0] INFO  impl.RaftServerProxy (RaftServerProxy.java:addNew(89)) - fcf37978-6168-4314-87d6-0e8a7c1fc6e1: addNew group-D430901E1EF5:[fcf37978-6168-4314-87d6-0e8a7c1fc6e1:192.168.164.207:44984] returns group-D430901E1EF5:java.util.concurrent.CompletableFuture@1b6c73bf[Not completed]
2019-09-25 04:49:18,307 [pool-57-thread-1] INFO  impl.RaftServerImpl (RaftServerImpl.java:<init>(95)) - fcf37978-6168-4314-87d6-0e8a7c1fc6e1: new RaftServerImpl for group-D430901E1EF5:[fcf37978-6168-4314-87d6-0e8a7c1fc6e1:192.168.164.207:44984] with ContainerStateMachine:uninitialized
2019-09-25 04:49:18,307 [pool-57-thread-1] INFO  server.RaftServerConfigKeys (ConfUtils.java:logGet(43)) - raft.server.rpc.timeout.min = 1s (custom)
2019-09-25 04:49:18,307 [pool-57-thread-1] INFO  server.RaftServerConfigKeys (ConfUtils.java:logGet(43)) - raft.server.rpc.timeout.max = 1200ms (custom)
2019-09-25 04:49:18,307 [pool-57-thread-1] INFO  server.RaftServerConfigKeys (ConfUtils.java:logGet(43)) - raft.server.rpcslowness.timeout = 120s (custom)
2019-09-25 04:49:18,307 [pool-57-thread-1] INFO  server.RaftServerConfigKeys (ConfUtils.java:logGet(43)) - raft.server.sleep.deviation.threshold = 300 (default)
2019-09-25 04:49:18,308 [pool-57-thread-1] INFO  server.RaftServerConfigKeys (ConfUtils.java:logGet(43)) - raft.server.log.appender.install.snapshot.enabled = false (custom)
2019-09-25 04:49:18,308 [pool-57-thread-1] INFO  impl.RaftServerImpl (ServerState.java:<init>(103)) - fcf37978-6168-4314-87d6-0e8a7c1fc6e1@group-D430901E1EF5: ConfigurationManager, init=-1: [fcf37978-6168-4314-87d6-0e8a7c1fc6e1:192.168.164.207:44984], old=null, confs=<EMPTY_MAP>
2019-09-25 04:49:18,308 [pool-57-thread-1] INFO  server.RaftServerConfigKeys (ConfUtils.java:logGet(43)) - raft.server.storage.dir = [/workdir/hadoop-ozone/integration-test/target/test-dir/MiniOzoneClusterImpl-73e7cd3e-72db-4213-b677-28bfbd198772/datanode-3/data/ratis] (custom)
2019-09-25 04:49:18,308 [2f00ca3a-f523-476d-a77d-69389bdf1595@group-B9BCDC359A7E:LeaderElection2] INFO  impl.LeaderElection (LeaderElection.java:askForVotes(182)) - 2f00ca3a-f523-476d-a77d-69389bdf1595@group-B9BCDC359A7E:LeaderElection2: begin an election at term 1 for -1: [2f00ca3a-f523-476d-a77d-69389bdf1595:192.168.164.207:39474], old=null
2019-09-25 04:49:18,310 [2f00ca3a-f523-476d-a77d-69389bdf1595@group-B9BCDC359A7E:LeaderElection2] INFO  impl.RoleInfo (RoleInfo.java:shutdownLeaderElection(134)) - 2f00ca3a-f523-476d-a77d-69389bdf1595: shutdown LeaderElection
2019-09-25 04:49:18,310 [2f00ca3a-f523-476d-a77d-69389bdf1595@group-B9BCDC359A7E:LeaderElection2] INFO  impl.RaftServerImpl (RaftServerImpl.java:setRole(174)) - 2f00ca3a-f523-476d-a77d-69389bdf1595@group-B9BCDC359A7E: changes role from CANDIDATE to LEADER at term 1 for changeToLeader
2019-09-25 04:49:18,310 [pool-57-thread-1] INFO  storage.RaftStorageDirectory (RaftStorageDirectory.java:analyzeStorage(246)) - The storage directory /workdir/hadoop-ozone/integration-test/target/test-dir/MiniOzoneClusterImpl-73e7cd3e-72db-4213-b677-28bfbd198772/datanode-3/data/ratis/862216ec-7b20-4f09-9288-d430901e1ef5 does not exist. Creating ...
2019-09-25 04:49:18,310 [2f00ca3a-f523-476d-a77d-69389bdf1595@group-B9BCDC359A7E:LeaderElection2] INFO  impl.RaftServerImpl (ServerState.java:setLeader(253)) - 2f00ca3a-f523-476d-a77d-69389bdf1595@group-B9BCDC359A7E: change Leader from null to 2f00ca3a-f523-476d-a77d-69389bdf1595 at term 1 for becomeLeader, leader elected after 1156ms
2019-09-25 04:49:18,312 [2f00ca3a-f523-476d-a77d-69389bdf1595@group-B9BCDC359A7E:LeaderElection2] INFO  server.RaftServerConfigKeys (ConfUtils.java:logGet(43)) - raft.server.staging.catchup.gap = 1000 (default)
2019-09-25 04:49:18,312 [2f00ca3a-f523-476d-a77d-69389bdf1595@group-B9BCDC359A7E:LeaderElection2] INFO  server.RaftServerConfigKeys (ConfUtils.java:logGet(43)) - raft.server.rpc.sleep.time = 25ms (default)
2019-09-25 04:49:18,312 [2f00ca3a-f523-476d-a77d-69389bdf1595@group-B9BCDC359A7E:LeaderElection2] INFO  server.RaftServerConfigKeys (ConfUtils.java:logGet(43)) - raft.server.write.element-limit = 4096 (default)
2019-09-25 04:49:18,312 [2f00ca3a-f523-476d-a77d-69389bdf1595@group-B9BCDC359A7E:LeaderElection2] INFO  server.RaftServerConfigKeys (ConfUtils.java:logGet(43)) - raft.server.watch.timeout = 10s (default)
2019-09-25 04:49:18,312 [2f00ca3a-f523-476d-a77d-69389bdf1595@group-B9BCDC359A7E:LeaderElection2] INFO  server.RaftServerConfigKeys (ConfUtils.java:logGet(43)) - raft.server.watch.timeout.denomination = 1s (default)
2019-09-25 04:49:18,314 [2f00ca3a-f523-476d-a77d-69389bdf1595@group-B9BCDC359A7E:LeaderElection2] INFO  server.RaftServerConfigKeys (ConfUtils.java:logGet(43)) - raft.server.watch.element-limit = 65536 (default)
2019-09-25 04:49:18,325 [pool-57-thread-1] INFO  storage.RaftStorageDirectory (RaftStorageDirectory.java:tryLock(328)) - Lock on /workdir/hadoop-ozone/integration-test/target/test-dir/MiniOzoneClusterImpl-73e7cd3e-72db-4213-b677-28bfbd198772/datanode-3/data/ratis/862216ec-7b20-4f09-9288-d430901e1ef5/in_use.lock acquired by nodename 6977@pr-hdds-1569-s44lr-3492059363
2019-09-25 04:49:18,326 [2f00ca3a-f523-476d-a77d-69389bdf1595@group-B9BCDC359A7E:LeaderElection2] INFO  impl.RoleInfo (RoleInfo.java:updateAndGet(143)) - 2f00ca3a-f523-476d-a77d-69389bdf1595: start LeaderState
2019-09-25 04:49:18,326 [2f00ca3a-f523-476d-a77d-69389bdf1595@group-B9BCDC359A7E:LeaderElection2] INFO  segmented.SegmentedRaftLogWorker (SegmentedRaftLogWorker.java:startLogSegment(380)) - 2f00ca3a-f523-476d-a77d-69389bdf1595@group-B9BCDC359A7E-SegmentedRaftLogWorker: Starting segment from index:0
2019-09-25 04:49:18,327 [2f00ca3a-f523-476d-a77d-69389bdf1595@group-B9BCDC359A7E:LeaderElection2] INFO  impl.RaftServerImpl (ServerState.java:setRaftConf(354)) - 2f00ca3a-f523-476d-a77d-69389bdf1595@group-B9BCDC359A7E: set configuration 0: [2f00ca3a-f523-476d-a77d-69389bdf1595:192.168.164.207:39474], old=null at 0
2019-09-25 04:49:18,338 [pool-57-thread-1] INFO  storage.RaftStorage (RaftStorage.java:format(72)) - Storage directory /workdir/hadoop-ozone/integration-test/target/test-dir/MiniOzoneClusterImpl-73e7cd3e-72db-4213-b677-28bfbd198772/datanode-3/data/ratis/862216ec-7b20-4f09-9288-d430901e1ef5 has been successfully formatted.
2019-09-25 04:49:18,338 [pool-57-thread-1] INFO  ratis.ContainerStateMachine (ContainerStateMachine.java:loadSnapshot(230)) - group-D430901E1EF5: The snapshot info is null. Setting the last applied indexto:(t:0, i:~)
2019-09-25 04:49:18,338 [pool-57-thread-1] INFO  server.RaftServerConfigKeys (ConfUtils.java:logGet(43)) - raft.server.notification.no-leader.timeout = 120s (custom)
2019-09-25 04:49:18,339 [pool-57-thread-1] INFO  server.RaftServerConfigKeys (ConfUtils.java:logGet(43)) - raft.server.log.use.memory = false (default)
2019-09-25 04:49:18,339 [pool-57-thread-1] INFO  server.RaftServerConfigKeys (ConfUtils.java:logGet(43)) - raft.server.log.purge.gap = 1000000 (custom)
2019-09-25 04:49:18,339 [pool-57-thread-1] INFO  server.RaftServerConfigKeys (ConfUtils.java:logGet(43)) - raft.server.log.appender.buffer.byte-limit = 33554432 (custom)
2019-09-25 04:49:18,339 [pool-57-thread-1] INFO  server.RaftServerConfigKeys (ConfUtils.java:logGet(43)) - raft.server.log.segment.size.max = 1048576 (custom)
2019-09-25 04:49:18,339 [pool-57-thread-1] INFO  server.RaftServerConfigKeys (ConfUtils.java:logGet(43)) - raft.server.log.segment.cache.num.max = 2 (custom)
2019-09-25 04:49:18,339 [pool-57-thread-1] INFO  segmented.SegmentedRaftLogWorker (SegmentedRaftLogWorker.java:<init>(172)) - new fcf37978-6168-4314-87d6-0e8a7c1fc6e1@group-D430901E1EF5-SegmentedRaftLogWorker for RaftStorage:Storage Directory /workdir/hadoop-ozone/integration-test/target/test-dir/MiniOzoneClusterImpl-73e7cd3e-72db-4213-b677-28bfbd198772/datanode-3/data/ratis/862216ec-7b20-4f09-9288-d430901e1ef5
2019-09-25 04:49:18,341 [pool-57-thread-1] INFO  server.RaftServerConfigKeys (ConfUtils.java:logGet(43)) - raft.server.log.queue.byte-limit = 2147483647 (custom)
2019-09-25 04:49:18,341 [pool-57-thread-1] INFO  server.RaftServerConfigKeys (ConfUtils.java:logGet(43)) - raft.server.log.queue.element-limit = 1024 (custom)
2019-09-25 04:49:18,341 [pool-57-thread-1] INFO  server.RaftServerConfigKeys (ConfUtils.java:logGet(43)) - raft.server.log.segment.size.max = 1048576 (custom)
2019-09-25 04:49:18,341 [pool-57-thread-1] INFO  server.RaftServerConfigKeys (ConfUtils.java:logGet(43)) - raft.server.log.preallocated.size = 16384 (custom)
2019-09-25 04:49:18,341 [pool-57-thread-1] INFO  server.RaftServerConfigKeys (ConfUtils.java:logGet(43)) - raft.server.log.write.buffer.size = 33554432 (custom)
2019-09-25 04:49:18,342 [pool-57-thread-1] INFO  server.RaftServerConfigKeys (ConfUtils.java:logGet(43)) - raft.server.log.force.sync.num = 128 (default)
2019-09-25 04:49:18,342 [pool-57-thread-1] INFO  server.RaftServerConfigKeys (ConfUtils.java:logGet(43)) - raft.server.log.statemachine.data.sync = true (default)
2019-09-25 04:49:18,342 [pool-57-thread-1] INFO  server.RaftServerConfigKeys (ConfUtils.java:logGet(43)) - raft.server.log.statemachine.data.sync.timeout = 10s (default)
2019-09-25 04:49:18,342 [pool-57-thread-1] INFO  server.RaftServerConfigKeys (ConfUtils.java:logGet(43)) - raft.server.log.statemachine.data.sync.timeout.retry = -1 (default)
2019-09-25 04:49:18,342 [pool-57-thread-1] INFO  server.RaftServerConfigKeys (ConfUtils.java:logGet(43)) - raft.server.log.statemachine.data.caching.enabled = true (custom)
2019-09-25 04:49:18,343 [pool-57-thread-1] INFO  segmented.SegmentedRaftLogWorker (SegmentedRaftLogWorker.java:lambda$new$0(132)) - fcf37978-6168-4314-87d6-0e8a7c1fc6e1@group-D430901E1EF5-SegmentedRaftLogWorker: flushIndex: setUnconditionally 0 -> -1
2019-09-25 04:49:18,343 [pool-57-thread-1] INFO  server.RaftServerConfigKeys (ConfUtils.java:logGet(43)) - raft.server.snapshot.auto.trigger.enabled = true (custom)
2019-09-25 04:49:18,343 [pool-57-thread-1] INFO  server.RaftServerConfigKeys (ConfUtils.java:logGet(43)) - raft.server.snapshot.auto.trigger.threshold = 10000 (custom)
2019-09-25 04:49:18,343 [pool-57-thread-1] INFO  server.RaftServerConfigKeys (ConfUtils.java:logGet(43)) - raft.server.snapshot.retention.num.files = 5 (custom)
2019-09-25 04:49:18,343 [pool-57-thread-1] INFO  server.RaftServerConfigKeys (ConfUtils.java:logGet(43)) - raft.server.retrycache.expirytime = 600000ms (custom)
2019-09-25 04:49:18,345 [pool-57-thread-1] INFO  impl.RaftServerImpl (RaftServerImpl.java:start(185)) - fcf37978-6168-4314-87d6-0e8a7c1fc6e1@group-D430901E1EF5: start as a follower, conf=-1: [fcf37978-6168-4314-87d6-0e8a7c1fc6e1:192.168.164.207:44984], old=null
2019-09-25 04:49:18,345 [pool-57-thread-1] INFO  impl.RaftServerImpl (RaftServerImpl.java:setRole(174)) - fcf37978-6168-4314-87d6-0e8a7c1fc6e1@group-D430901E1EF5: changes role from      null to FOLLOWER at term 0 for startAsFollower
2019-09-25 04:49:18,345 [pool-57-thread-1] INFO  impl.RoleInfo (RoleInfo.java:updateAndGet(143)) - fcf37978-6168-4314-87d6-0e8a7c1fc6e1: start FollowerState
2019-09-25 04:49:18,345 [pool-57-thread-1] INFO  util.JmxRegister (JmxRegister.java:tryRegister(44)) - Successfully registered JMX Bean with object name Ratis:service=RaftServer,group=group-D430901E1EF5,id=fcf37978-6168-4314-87d6-0e8a7c1fc6e1
2019-09-25 04:49:18,358 [RatisPipelineUtilsThread] INFO  pipeline.PipelineStateManager (PipelineStateManager.java:addPipeline(56)) - Created pipeline Pipeline[ Id: 862216ec-7b20-4f09-9288-d430901e1ef5, Nodes: fcf37978-6168-4314-87d6-0e8a7c1fc6e1{ip: 192.168.164.207, host: pr-hdds-1569-s44lr-3492059363, networkLocation: /default-rack, certSerialId: null}, Type:RATIS, Factor:ONE, State:OPEN]
2019-09-25 04:49:18,359 [RatisPipelineUtilsThread] INFO  pipeline.PipelinePlacementPolicy (PipelinePlacementPolicy.java:meetCriteria(91)) - Pipeline Placement: can't place more pipeline on heavy datanode： 0deae85c-a16a-4311-a0af-934f501df2cc Heaviness: 6 limit: 5
2019-09-25 04:49:18,368 [grpc-default-executor-0] INFO  impl.RaftServerProxy (RaftServerProxy.java:addNew(89)) - ef17bb0f-3839-4724-ad21-94b92a6e25d3: addNew group-8AB62AD67E01:[ef17bb0f-3839-4724-ad21-94b92a6e25d3:192.168.164.207:40519] returns group-8AB62AD67E01:java.util.concurrent.CompletableFuture@3e2b8f82[Not completed]
2019-09-25 04:49:18,369 [pool-37-thread-1] INFO  impl.RaftServerImpl (RaftServerImpl.java:<init>(95)) - ef17bb0f-3839-4724-ad21-94b92a6e25d3: new RaftServerImpl for group-8AB62AD67E01:[ef17bb0f-3839-4724-ad21-94b92a6e25d3:192.168.164.207:40519] with ContainerStateMachine:uninitialized
2019-09-25 04:49:18,369 [pool-37-thread-1] INFO  server.RaftServerConfigKeys (ConfUtils.java:logGet(43)) - raft.server.rpc.timeout.min = 1s (custom)
2019-09-25 04:49:18,369 [pool-37-thread-1] INFO  server.RaftServerConfigKeys (ConfUtils.java:logGet(43)) - raft.server.rpc.timeout.max = 1200ms (custom)
2019-09-25 04:49:18,369 [pool-37-thread-1] INFO  server.RaftServerConfigKeys (ConfUtils.java:logGet(43)) - raft.server.rpcslowness.timeout = 120s (custom)
2019-09-25 04:49:18,370 [pool-37-thread-1] INFO  server.RaftServerConfigKeys (ConfUtils.java:logGet(43)) - raft.server.sleep.deviation.threshold = 300 (default)
2019-09-25 04:49:18,370 [pool-37-thread-1] INFO  server.RaftServerConfigKeys (ConfUtils.java:logGet(43)) - raft.server.log.appender.install.snapshot.enabled = false (custom)
2019-09-25 04:49:18,370 [pool-37-thread-1] INFO  impl.RaftServerImpl (ServerState.java:<init>(103)) - ef17bb0f-3839-4724-ad21-94b92a6e25d3@group-8AB62AD67E01: ConfigurationManager, init=-1: [ef17bb0f-3839-4724-ad21-94b92a6e25d3:192.168.164.207:40519], old=null, confs=<EMPTY_MAP>
2019-09-25 04:49:18,370 [pool-37-thread-1] INFO  server.RaftServerConfigKeys (ConfUtils.java:logGet(43)) - raft.server.storage.dir = [/workdir/hadoop-ozone/integration-test/target/test-dir/MiniOzoneClusterImpl-73e7cd3e-72db-4213-b677-28bfbd198772/datanode-1/data/ratis] (custom)
2019-09-25 04:49:18,370 [pool-37-thread-1] INFO  storage.RaftStorageDirectory (RaftStorageDirectory.java:analyzeStorage(246)) - The storage directory /workdir/hadoop-ozone/integration-test/target/test-dir/MiniOzoneClusterImpl-73e7cd3e-72db-4213-b677-28bfbd198772/datanode-1/data/ratis/96f7ba16-ead8-497a-acaf-8ab62ad67e01 does not exist. Creating ...
2019-09-25 04:49:18,383 [pool-37-thread-1] INFO  storage.RaftStorageDirectory (RaftStorageDirectory.java:tryLock(328)) - Lock on /workdir/hadoop-ozone/integration-test/target/test-dir/MiniOzoneClusterImpl-73e7cd3e-72db-4213-b677-28bfbd198772/datanode-1/data/ratis/96f7ba16-ead8-497a-acaf-8ab62ad67e01/in_use.lock acquired by nodename 6977@pr-hdds-1569-s44lr-3492059363
2019-09-25 04:49:18,395 [pool-37-thread-1] INFO  storage.RaftStorage (RaftStorage.java:format(72)) - Storage directory /workdir/hadoop-ozone/integration-test/target/test-dir/MiniOzoneClusterImpl-73e7cd3e-72db-4213-b677-28bfbd198772/datanode-1/data/ratis/96f7ba16-ead8-497a-acaf-8ab62ad67e01 has been successfully formatted.
2019-09-25 04:49:18,396 [pool-37-thread-1] INFO  ratis.ContainerStateMachine (ContainerStateMachine.java:loadSnapshot(230)) - group-8AB62AD67E01: The snapshot info is null. Setting the last applied indexto:(t:0, i:~)
2019-09-25 04:49:18,396 [pool-37-thread-1] INFO  server.RaftServerConfigKeys (ConfUtils.java:logGet(43)) - raft.server.notification.no-leader.timeout = 120s (custom)
2019-09-25 04:49:18,396 [pool-37-thread-1] INFO  server.RaftServerConfigKeys (ConfUtils.java:logGet(43)) - raft.server.log.use.memory = false (default)
2019-09-25 04:49:18,396 [pool-37-thread-1] INFO  server.RaftServerConfigKeys (ConfUtils.java:logGet(43)) - raft.server.log.purge.gap = 1000000 (custom)
2019-09-25 04:49:18,396 [pool-37-thread-1] INFO  server.RaftServerConfigKeys (ConfUtils.java:logGet(43)) - raft.server.log.appender.buffer.byte-limit = 33554432 (custom)
2019-09-25 04:49:18,396 [pool-37-thread-1] INFO  server.RaftServerConfigKeys (ConfUtils.java:logGet(43)) - raft.server.log.segment.size.max = 1048576 (custom)
2019-09-25 04:49:18,396 [pool-37-thread-1] INFO  server.RaftServerConfigKeys (ConfUtils.java:logGet(43)) - raft.server.log.segment.cache.num.max = 2 (custom)
2019-09-25 04:49:18,397 [pool-37-thread-1] INFO  segmented.SegmentedRaftLogWorker (SegmentedRaftLogWorker.java:<init>(172)) - new ef17bb0f-3839-4724-ad21-94b92a6e25d3@group-8AB62AD67E01-SegmentedRaftLogWorker for RaftStorage:Storage Directory /workdir/hadoop-ozone/integration-test/target/test-dir/MiniOzoneClusterImpl-73e7cd3e-72db-4213-b677-28bfbd198772/datanode-1/data/ratis/96f7ba16-ead8-497a-acaf-8ab62ad67e01
2019-09-25 04:49:18,397 [pool-37-thread-1] INFO  server.RaftServerConfigKeys (ConfUtils.java:logGet(43)) - raft.server.log.queue.byte-limit = 2147483647 (custom)
2019-09-25 04:49:18,397 [pool-37-thread-1] INFO  server.RaftServerConfigKeys (ConfUtils.java:logGet(43)) - raft.server.log.queue.element-limit = 1024 (custom)
2019-09-25 04:49:18,397 [pool-37-thread-1] INFO  server.RaftServerConfigKeys (ConfUtils.java:logGet(43)) - raft.server.log.segment.size.max = 1048576 (custom)
2019-09-25 04:49:18,397 [pool-37-thread-1] INFO  server.RaftServerConfigKeys (ConfUtils.java:logGet(43)) - raft.server.log.preallocated.size = 16384 (custom)
2019-09-25 04:49:18,397 [pool-37-thread-1] INFO  server.RaftServerConfigKeys (ConfUtils.java:logGet(43)) - raft.server.log.write.buffer.size = 33554432 (custom)
2019-09-25 04:49:18,397 [pool-37-thread-1] INFO  server.RaftServerConfigKeys (ConfUtils.java:logGet(43)) - raft.server.log.force.sync.num = 128 (default)
2019-09-25 04:49:18,397 [pool-37-thread-1] INFO  server.RaftServerConfigKeys (ConfUtils.java:logGet(43)) - raft.server.log.statemachine.data.sync = true (default)
2019-09-25 04:49:18,397 [pool-37-thread-1] INFO  server.RaftServerConfigKeys (ConfUtils.java:logGet(43)) - raft.server.log.statemachine.data.sync.timeout = 10s (default)
2019-09-25 04:49:18,397 [pool-37-thread-1] INFO  server.RaftServerConfigKeys (ConfUtils.java:logGet(43)) - raft.server.log.statemachine.data.sync.timeout.retry = -1 (default)
2019-09-25 04:49:18,398 [pool-37-thread-1] INFO  server.RaftServerConfigKeys (ConfUtils.java:logGet(43)) - raft.server.log.statemachine.data.caching.enabled = true (custom)
2019-09-25 04:49:18,398 [pool-37-thread-1] INFO  segmented.SegmentedRaftLogWorker (SegmentedRaftLogWorker.java:lambda$new$0(132)) - ef17bb0f-3839-4724-ad21-94b92a6e25d3@group-8AB62AD67E01-SegmentedRaftLogWorker: flushIndex: setUnconditionally 0 -> -1
2019-09-25 04:49:18,398 [pool-37-thread-1] INFO  server.RaftServerConfigKeys (ConfUtils.java:logGet(43)) - raft.server.snapshot.auto.trigger.enabled = true (custom)
2019-09-25 04:49:18,398 [pool-37-thread-1] INFO  server.RaftServerConfigKeys (ConfUtils.java:logGet(43)) - raft.server.snapshot.auto.trigger.threshold = 10000 (custom)
2019-09-25 04:49:18,399 [pool-37-thread-1] INFO  server.RaftServerConfigKeys (ConfUtils.java:logGet(43)) - raft.server.snapshot.retention.num.files = 5 (custom)
2019-09-25 04:49:18,399 [pool-37-thread-1] INFO  server.RaftServerConfigKeys (ConfUtils.java:logGet(43)) - raft.server.retrycache.expirytime = 600000ms (custom)
2019-09-25 04:49:18,401 [pool-37-thread-1] INFO  impl.RaftServerImpl (RaftServerImpl.java:start(185)) - ef17bb0f-3839-4724-ad21-94b92a6e25d3@group-8AB62AD67E01: start as a follower, conf=-1: [ef17bb0f-3839-4724-ad21-94b92a6e25d3:192.168.164.207:40519], old=null
2019-09-25 04:49:18,401 [pool-37-thread-1] INFO  impl.RaftServerImpl (RaftServerImpl.java:setRole(174)) - ef17bb0f-3839-4724-ad21-94b92a6e25d3@group-8AB62AD67E01: changes role from      null to FOLLOWER at term 0 for startAsFollower
2019-09-25 04:49:18,401 [pool-37-thread-1] INFO  impl.RoleInfo (RoleInfo.java:updateAndGet(143)) - ef17bb0f-3839-4724-ad21-94b92a6e25d3: start FollowerState
2019-09-25 04:49:18,401 [pool-37-thread-1] INFO  util.JmxRegister (JmxRegister.java:tryRegister(44)) - Successfully registered JMX Bean with object name Ratis:service=RaftServer,group=group-8AB62AD67E01,id=ef17bb0f-3839-4724-ad21-94b92a6e25d3
2019-09-25 04:49:18,408 [RatisPipelineUtilsThread] INFO  pipeline.PipelineStateManager (PipelineStateManager.java:addPipeline(56)) - Created pipeline Pipeline[ Id: 96f7ba16-ead8-497a-acaf-8ab62ad67e01, Nodes: ef17bb0f-3839-4724-ad21-94b92a6e25d3{ip: 192.168.164.207, host: pr-hdds-1569-s44lr-3492059363, networkLocation: /default-rack, certSerialId: null}, Type:RATIS, Factor:ONE, State:OPEN]
2019-09-25 04:49:18,408 [RatisPipelineUtilsThread] INFO  pipeline.PipelinePlacementPolicy (PipelinePlacementPolicy.java:meetCriteria(91)) - Pipeline Placement: can't place more pipeline on heavy datanode： 0deae85c-a16a-4311-a0af-934f501df2cc Heaviness: 6 limit: 5
2019-09-25 04:49:18,442 [Thread-291] INFO  impl.FollowerState (FollowerState.java:run(106)) - 0deae85c-a16a-4311-a0af-934f501df2cc:group-0B3FBBB3D1BA changes to CANDIDATE, lastRpcTime:1131, electionTimeout:1110ms
2019-09-25 04:49:18,442 [Thread-291] INFO  impl.RoleInfo (RoleInfo.java:shutdownFollowerState(121)) - 0deae85c-a16a-4311-a0af-934f501df2cc: shutdown FollowerState
2019-09-25 04:49:18,442 [Thread-291] INFO  impl.RaftServerImpl (RaftServerImpl.java:setRole(174)) - 0deae85c-a16a-4311-a0af-934f501df2cc@group-0B3FBBB3D1BA: changes role from  FOLLOWER to CANDIDATE at term 0 for changeToCandidate
2019-09-25 04:49:18,443 [Thread-291] INFO  impl.RoleInfo (RoleInfo.java:updateAndGet(143)) - 0deae85c-a16a-4311-a0af-934f501df2cc: start LeaderElection
2019-09-25 04:49:18,459 [grpc-default-executor-0] INFO  impl.RaftServerProxy (RaftServerProxy.java:addNew(89)) - 778daabb-04ae-41de-8067-bd0724312da7: addNew group-5307BA49B365:[778daabb-04ae-41de-8067-bd0724312da7:192.168.164.207:43912] returns group-5307BA49B365:java.util.concurrent.CompletableFuture@713145ea[Not completed]
2019-09-25 04:49:18,463 [pool-107-thread-1] INFO  impl.RaftServerImpl (RaftServerImpl.java:<init>(95)) - 778daabb-04ae-41de-8067-bd0724312da7: new RaftServerImpl for group-5307BA49B365:[778daabb-04ae-41de-8067-bd0724312da7:192.168.164.207:43912] with ContainerStateMachine:uninitialized
2019-09-25 04:49:18,463 [pool-107-thread-1] INFO  server.RaftServerConfigKeys (ConfUtils.java:logGet(43)) - raft.server.rpc.timeout.min = 1s (custom)
2019-09-25 04:49:18,464 [pool-107-thread-1] INFO  server.RaftServerConfigKeys (ConfUtils.java:logGet(43)) - raft.server.rpc.timeout.max = 1200ms (custom)
2019-09-25 04:49:18,464 [pool-107-thread-1] INFO  server.RaftServerConfigKeys (ConfUtils.java:logGet(43)) - raft.server.rpcslowness.timeout = 120s (custom)
2019-09-25 04:49:18,464 [pool-107-thread-1] INFO  server.RaftServerConfigKeys (ConfUtils.java:logGet(43)) - raft.server.sleep.deviation.threshold = 300 (default)
2019-09-25 04:49:18,464 [pool-107-thread-1] INFO  server.RaftServerConfigKeys (ConfUtils.java:logGet(43)) - raft.server.log.appender.install.snapshot.enabled = false (custom)
2019-09-25 04:49:18,464 [pool-107-thread-1] INFO  impl.RaftServerImpl (ServerState.java:<init>(103)) - 778daabb-04ae-41de-8067-bd0724312da7@group-5307BA49B365: ConfigurationManager, init=-1: [778daabb-04ae-41de-8067-bd0724312da7:192.168.164.207:43912], old=null, confs=<EMPTY_MAP>
2019-09-25 04:49:18,464 [2f00ca3a-f523-476d-a77d-69389bdf1595@group-B9BCDC359A7E-SegmentedRaftLogWorker] INFO  segmented.SegmentedRaftLogWorker (SegmentedRaftLogWorker.java:execute(569)) - 2f00ca3a-f523-476d-a77d-69389bdf1595@group-B9BCDC359A7E-SegmentedRaftLogWorker: created new log segment /workdir/hadoop-ozone/integration-test/target/test-dir/MiniOzoneClusterImpl-73e7cd3e-72db-4213-b677-28bfbd198772/datanode-6/data/ratis/68da2eaa-b550-4e84-ad22-b9bcdc359a7e/current/log_inprogress_0
2019-09-25 04:49:18,464 [pool-107-thread-1] INFO  server.RaftServerConfigKeys (ConfUtils.java:logGet(43)) - raft.server.storage.dir = [/workdir/hadoop-ozone/integration-test/target/test-dir/MiniOzoneClusterImpl-73e7cd3e-72db-4213-b677-28bfbd198772/datanode-8/data/ratis] (custom)
2019-09-25 04:49:18,464 [0deae85c-a16a-4311-a0af-934f501df2cc@group-0B3FBBB3D1BA:LeaderElection3] INFO  impl.LeaderElection (LeaderElection.java:askForVotes(182)) - 0deae85c-a16a-4311-a0af-934f501df2cc@group-0B3FBBB3D1BA:LeaderElection3: begin an election at term 1 for -1: [0deae85c-a16a-4311-a0af-934f501df2cc:192.168.164.207:38744], old=null
2019-09-25 04:49:18,464 [0deae85c-a16a-4311-a0af-934f501df2cc@group-A22F19AE0AB9-SegmentedRaftLogWorker] INFO  segmented.SegmentedRaftLogWorker (SegmentedRaftLogWorker.java:execute(569)) - 0deae85c-a16a-4311-a0af-934f501df2cc@group-A22F19AE0AB9-SegmentedRaftLogWorker: created new log segment /workdir/hadoop-ozone/integration-test/target/test-dir/MiniOzoneClusterImpl-73e7cd3e-72db-4213-b677-28bfbd198772/datanode-0/data/ratis/3ca847a8-33cf-4f71-b4b4-a22f19ae0ab9/current/log_inprogress_0
2019-09-25 04:49:18,465 [0deae85c-a16a-4311-a0af-934f501df2cc@group-0B3FBBB3D1BA:LeaderElection3] INFO  impl.RoleInfo (RoleInfo.java:shutdownLeaderElection(134)) - 0deae85c-a16a-4311-a0af-934f501df2cc: shutdown LeaderElection
2019-09-25 04:49:18,465 [pool-107-thread-1] INFO  storage.RaftStorageDirectory (RaftStorageDirectory.java:analyzeStorage(246)) - The storage directory /workdir/hadoop-ozone/integration-test/target/test-dir/MiniOzoneClusterImpl-73e7cd3e-72db-4213-b677-28bfbd198772/datanode-8/data/ratis/ab7d1f8e-62aa-4318-b379-5307ba49b365 does not exist. Creating ...
2019-09-25 04:49:18,465 [0deae85c-a16a-4311-a0af-934f501df2cc@group-0B3FBBB3D1BA:LeaderElection3] INFO  impl.RaftServerImpl (RaftServerImpl.java:setRole(174)) - 0deae85c-a16a-4311-a0af-934f501df2cc@group-0B3FBBB3D1BA: changes role from CANDIDATE to LEADER at term 1 for changeToLeader
2019-09-25 04:49:18,465 [0deae85c-a16a-4311-a0af-934f501df2cc@group-0B3FBBB3D1BA:LeaderElection3] INFO  impl.RaftServerImpl (ServerState.java:setLeader(253)) - 0deae85c-a16a-4311-a0af-934f501df2cc@group-0B3FBBB3D1BA: change Leader from null to 0deae85c-a16a-4311-a0af-934f501df2cc at term 1 for becomeLeader, leader elected after 1201ms
2019-09-25 04:49:18,465 [0deae85c-a16a-4311-a0af-934f501df2cc@group-0B3FBBB3D1BA:LeaderElection3] INFO  server.RaftServerConfigKeys (ConfUtils.java:logGet(43)) - raft.server.staging.catchup.gap = 1000 (default)
2019-09-25 04:49:18,465 [0deae85c-a16a-4311-a0af-934f501df2cc@group-0B3FBBB3D1BA:LeaderElection3] INFO  server.RaftServerConfigKeys (ConfUtils.java:logGet(43)) - raft.server.rpc.sleep.time = 25ms (default)
2019-09-25 04:49:18,465 [0deae85c-a16a-4311-a0af-934f501df2cc@group-0B3FBBB3D1BA:LeaderElection3] INFO  server.RaftServerConfigKeys (ConfUtils.java:logGet(43)) - raft.server.write.element-limit = 4096 (default)
2019-09-25 04:49:18,466 [0deae85c-a16a-4311-a0af-934f501df2cc@group-0B3FBBB3D1BA:LeaderElection3] INFO  server.RaftServerConfigKeys (ConfUtils.java:logGet(43)) - raft.server.watch.timeout = 10s (default)
2019-09-25 04:49:18,466 [0deae85c-a16a-4311-a0af-934f501df2cc@group-0B3FBBB3D1BA:LeaderElection3] INFO  server.RaftServerConfigKeys (ConfUtils.java:logGet(43)) - raft.server.watch.timeout.denomination = 1s (default)
2019-09-25 04:49:18,466 [0deae85c-a16a-4311-a0af-934f501df2cc@group-0B3FBBB3D1BA:LeaderElection3] INFO  server.RaftServerConfigKeys (ConfUtils.java:logGet(43)) - raft.server.watch.element-limit = 65536 (default)
2019-09-25 04:49:18,468 [0deae85c-a16a-4311-a0af-934f501df2cc@group-0B3FBBB3D1BA:LeaderElection3] INFO  impl.RoleInfo (RoleInfo.java:updateAndGet(143)) - 0deae85c-a16a-4311-a0af-934f501df2cc: start LeaderState
2019-09-25 04:49:18,468 [0deae85c-a16a-4311-a0af-934f501df2cc@group-0B3FBBB3D1BA:LeaderElection3] INFO  segmented.SegmentedRaftLogWorker (SegmentedRaftLogWorker.java:startLogSegment(380)) - 0deae85c-a16a-4311-a0af-934f501df2cc@group-0B3FBBB3D1BA-SegmentedRaftLogWorker: Starting segment from index:0
2019-09-25 04:49:18,469 [0deae85c-a16a-4311-a0af-934f501df2cc@group-0B3FBBB3D1BA:LeaderElection3] INFO  impl.RaftServerImpl (ServerState.java:setRaftConf(354)) - 0deae85c-a16a-4311-a0af-934f501df2cc@group-0B3FBBB3D1BA: set configuration 0: [0deae85c-a16a-4311-a0af-934f501df2cc:192.168.164.207:38744], old=null at 0
2019-09-25 04:49:18,494 [pool-107-thread-1] INFO  storage.RaftStorageDirectory (RaftStorageDirectory.java:tryLock(328)) - Lock on /workdir/hadoop-ozone/integration-test/target/test-dir/MiniOzoneClusterImpl-73e7cd3e-72db-4213-b677-28bfbd198772/datanode-8/data/ratis/ab7d1f8e-62aa-4318-b379-5307ba49b365/in_use.lock acquired by nodename 6977@pr-hdds-1569-s44lr-3492059363
2019-09-25 04:49:18,499 [Thread-294] INFO  impl.FollowerState (FollowerState.java:run(106)) - 4900d303-9ac7-4a86-9389-d77749add813:group-462A66006D02 changes to CANDIDATE, lastRpcTime:1110, electionTimeout:1110ms
2019-09-25 04:49:18,499 [Thread-294] INFO  impl.RoleInfo (RoleInfo.java:shutdownFollowerState(121)) - 4900d303-9ac7-4a86-9389-d77749add813: shutdown FollowerState
2019-09-25 04:49:18,499 [Thread-294] INFO  impl.RaftServerImpl (RaftServerImpl.java:setRole(174)) - 4900d303-9ac7-4a86-9389-d77749add813@group-462A66006D02: changes role from  FOLLOWER to CANDIDATE at term 0 for changeToCandidate
2019-09-25 04:49:18,499 [Thread-294] INFO  impl.RoleInfo (RoleInfo.java:updateAndGet(143)) - 4900d303-9ac7-4a86-9389-d77749add813: start LeaderElection
2019-09-25 04:49:18,507 [0deae85c-a16a-4311-a0af-934f501df2cc@group-0B3FBBB3D1BA-SegmentedRaftLogWorker] INFO  segmented.SegmentedRaftLogWorker (SegmentedRaftLogWorker.java:execute(569)) - 0deae85c-a16a-4311-a0af-934f501df2cc@group-0B3FBBB3D1BA-SegmentedRaftLogWorker: created new log segment /workdir/hadoop-ozone/integration-test/target/test-dir/MiniOzoneClusterImpl-73e7cd3e-72db-4213-b677-28bfbd198772/datanode-0/data/ratis/d52ee80d-05aa-4315-a15c-0b3fbbb3d1ba/current/log_inprogress_0
2019-09-25 04:49:18,507 [pool-107-thread-1] INFO  storage.RaftStorage (RaftStorage.java:format(72)) - Storage directory /workdir/hadoop-ozone/integration-test/target/test-dir/MiniOzoneClusterImpl-73e7cd3e-72db-4213-b677-28bfbd198772/datanode-8/data/ratis/ab7d1f8e-62aa-4318-b379-5307ba49b365 has been successfully formatted.
2019-09-25 04:49:18,508 [pool-107-thread-1] INFO  ratis.ContainerStateMachine (ContainerStateMachine.java:loadSnapshot(230)) - group-5307BA49B365: The snapshot info is null. Setting the last applied indexto:(t:0, i:~)
2019-09-25 04:49:18,508 [pool-107-thread-1] INFO  server.RaftServerConfigKeys (ConfUtils.java:logGet(43)) - raft.server.notification.no-leader.timeout = 120s (custom)
2019-09-25 04:49:18,508 [pool-107-thread-1] INFO  server.RaftServerConfigKeys (ConfUtils.java:logGet(43)) - raft.server.log.use.memory = false (default)
2019-09-25 04:49:18,508 [pool-107-thread-1] INFO  server.RaftServerConfigKeys (ConfUtils.java:logGet(43)) - raft.server.log.purge.gap = 1000000 (custom)
2019-09-25 04:49:18,508 [pool-107-thread-1] INFO  server.RaftServerConfigKeys (ConfUtils.java:logGet(43)) - raft.server.log.appender.buffer.byte-limit = 33554432 (custom)
2019-09-25 04:49:18,508 [pool-107-thread-1] INFO  server.RaftServerConfigKeys (ConfUtils.java:logGet(43)) - raft.server.log.segment.size.max = 1048576 (custom)
2019-09-25 04:49:18,508 [pool-107-thread-1] INFO  server.RaftServerConfigKeys (ConfUtils.java:logGet(43)) - raft.server.log.segment.cache.num.max = 2 (custom)
2019-09-25 04:49:18,509 [pool-107-thread-1] INFO  segmented.SegmentedRaftLogWorker (SegmentedRaftLogWorker.java:<init>(172)) - new 778daabb-04ae-41de-8067-bd0724312da7@group-5307BA49B365-SegmentedRaftLogWorker for RaftStorage:Storage Directory /workdir/hadoop-ozone/integration-test/target/test-dir/MiniOzoneClusterImpl-73e7cd3e-72db-4213-b677-28bfbd198772/datanode-8/data/ratis/ab7d1f8e-62aa-4318-b379-5307ba49b365
2019-09-25 04:49:18,510 [4900d303-9ac7-4a86-9389-d77749add813@group-462A66006D02:LeaderElection4] INFO  impl.LeaderElection (LeaderElection.java:askForVotes(182)) - 4900d303-9ac7-4a86-9389-d77749add813@group-462A66006D02:LeaderElection4: begin an election at term 1 for -1: [4900d303-9ac7-4a86-9389-d77749add813:192.168.164.207:37431], old=null
2019-09-25 04:49:18,510 [4900d303-9ac7-4a86-9389-d77749add813@group-462A66006D02:LeaderElection4] INFO  impl.RoleInfo (RoleInfo.java:shutdownLeaderElection(134)) - 4900d303-9ac7-4a86-9389-d77749add813: shutdown LeaderElection
2019-09-25 04:49:18,510 [4900d303-9ac7-4a86-9389-d77749add813@group-462A66006D02:LeaderElection4] INFO  impl.RaftServerImpl (RaftServerImpl.java:setRole(174)) - 4900d303-9ac7-4a86-9389-d77749add813@group-462A66006D02: changes role from CANDIDATE to LEADER at term 1 for changeToLeader
2019-09-25 04:49:18,510 [pool-107-thread-1] INFO  server.RaftServerConfigKeys (ConfUtils.java:logGet(43)) - raft.server.log.queue.byte-limit = 2147483647 (custom)
2019-09-25 04:49:18,511 [4900d303-9ac7-4a86-9389-d77749add813@group-462A66006D02:LeaderElection4] INFO  impl.RaftServerImpl (ServerState.java:setLeader(253)) - 4900d303-9ac7-4a86-9389-d77749add813@group-462A66006D02: change Leader from null to 4900d303-9ac7-4a86-9389-d77749add813 at term 1 for becomeLeader, leader elected after 1135ms
2019-09-25 04:49:18,511 [pool-107-thread-1] INFO  server.RaftServerConfigKeys (ConfUtils.java:logGet(43)) - raft.server.log.queue.element-limit = 1024 (custom)
2019-09-25 04:49:18,520 [4900d303-9ac7-4a86-9389-d77749add813@group-462A66006D02:LeaderElection4] INFO  server.RaftServerConfigKeys (ConfUtils.java:logGet(43)) - raft.server.staging.catchup.gap = 1000 (default)
2019-09-25 04:49:18,520 [pool-107-thread-1] INFO  server.RaftServerConfigKeys (ConfUtils.java:logGet(43)) - raft.server.log.segment.size.max = 1048576 (custom)
2019-09-25 04:49:18,520 [4900d303-9ac7-4a86-9389-d77749add813@group-462A66006D02:LeaderElection4] INFO  server.RaftServerConfigKeys (ConfUtils.java:logGet(43)) - raft.server.rpc.sleep.time = 25ms (default)
2019-09-25 04:49:18,520 [pool-107-thread-1] INFO  server.RaftServerConfigKeys (ConfUtils.java:logGet(43)) - raft.server.log.preallocated.size = 16384 (custom)
2019-09-25 04:49:18,520 [4900d303-9ac7-4a86-9389-d77749add813@group-462A66006D02:LeaderElection4] INFO  server.RaftServerConfigKeys (ConfUtils.java:logGet(43)) - raft.server.write.element-limit = 4096 (default)
2019-09-25 04:49:18,520 [pool-107-thread-1] INFO  server.RaftServerConfigKeys (ConfUtils.java:logGet(43)) - raft.server.log.write.buffer.size = 33554432 (custom)
2019-09-25 04:49:18,521 [4900d303-9ac7-4a86-9389-d77749add813@group-462A66006D02:LeaderElection4] INFO  server.RaftServerConfigKeys (ConfUtils.java:logGet(43)) - raft.server.watch.timeout = 10s (default)
2019-09-25 04:49:18,521 [pool-107-thread-1] INFO  server.RaftServerConfigKeys (ConfUtils.java:logGet(43)) - raft.server.log.force.sync.num = 128 (default)
2019-09-25 04:49:18,521 [Thread-297] INFO  impl.FollowerState (FollowerState.java:run(106)) - 0deae85c-a16a-4311-a0af-934f501df2cc:group-02A043F9F7BA changes to CANDIDATE, lastRpcTime:1048, electionTimeout:1048ms
2019-09-25 04:49:18,521 [4900d303-9ac7-4a86-9389-d77749add813@group-462A66006D02:LeaderElection4] INFO  server.RaftServerConfigKeys (ConfUtils.java:logGet(43)) - raft.server.watch.timeout.denomination = 1s (default)
2019-09-25 04:49:18,521 [Thread-297] INFO  impl.RoleInfo (RoleInfo.java:shutdownFollowerState(121)) - 0deae85c-a16a-4311-a0af-934f501df2cc: shutdown FollowerState
2019-09-25 04:49:18,521 [pool-107-thread-1] INFO  server.RaftServerConfigKeys (ConfUtils.java:logGet(43)) - raft.server.log.statemachine.data.sync = true (default)
2019-09-25 04:49:18,521 [Thread-297] INFO  impl.RaftServerImpl (RaftServerImpl.java:setRole(174)) - 0deae85c-a16a-4311-a0af-934f501df2cc@group-02A043F9F7BA: changes role from  FOLLOWER to CANDIDATE at term 0 for changeToCandidate
2019-09-25 04:49:18,521 [4900d303-9ac7-4a86-9389-d77749add813@group-462A66006D02:LeaderElection4] INFO  server.RaftServerConfigKeys (ConfUtils.java:logGet(43)) - raft.server.watch.element-limit = 65536 (default)
2019-09-25 04:49:18,521 [Thread-297] INFO  impl.RoleInfo (RoleInfo.java:updateAndGet(143)) - 0deae85c-a16a-4311-a0af-934f501df2cc: start LeaderElection
2019-09-25 04:49:18,521 [pool-107-thread-1] INFO  server.RaftServerConfigKeys (ConfUtils.java:logGet(43)) - raft.server.log.statemachine.data.sync.timeout = 10s (default)
2019-09-25 04:49:18,522 [pool-107-thread-1] INFO  server.RaftServerConfigKeys (ConfUtils.java:logGet(43)) - raft.server.log.statemachine.data.sync.timeout.retry = -1 (default)
2019-09-25 04:49:18,527 [pool-107-thread-1] INFO  server.RaftServerConfigKeys (ConfUtils.java:logGet(43)) - raft.server.log.statemachine.data.caching.enabled = true (custom)
2019-09-25 04:49:18,527 [pool-107-thread-1] INFO  segmented.SegmentedRaftLogWorker (SegmentedRaftLogWorker.java:lambda$new$0(132)) - 778daabb-04ae-41de-8067-bd0724312da7@group-5307BA49B365-SegmentedRaftLogWorker: flushIndex: setUnconditionally 0 -> -1
2019-09-25 04:49:18,527 [pool-107-thread-1] INFO  server.RaftServerConfigKeys (ConfUtils.java:logGet(43)) - raft.server.snapshot.auto.trigger.enabled = true (custom)
2019-09-25 04:49:18,527 [pool-107-thread-1] INFO  server.RaftServerConfigKeys (ConfUtils.java:logGet(43)) - raft.server.snapshot.auto.trigger.threshold = 10000 (custom)
2019-09-25 04:49:18,527 [pool-107-thread-1] INFO  server.RaftServerConfigKeys (ConfUtils.java:logGet(43)) - raft.server.snapshot.retention.num.files = 5 (custom)
2019-09-25 04:49:18,527 [pool-107-thread-1] INFO  server.RaftServerConfigKeys (ConfUtils.java:logGet(43)) - raft.server.retrycache.expirytime = 600000ms (custom)
2019-09-25 04:49:18,530 [4900d303-9ac7-4a86-9389-d77749add813@group-462A66006D02:LeaderElection4] INFO  impl.RoleInfo (RoleInfo.java:updateAndGet(143)) - 4900d303-9ac7-4a86-9389-d77749add813: start LeaderState
2019-09-25 04:49:18,530 [4900d303-9ac7-4a86-9389-d77749add813@group-462A66006D02:LeaderElection4] INFO  segmented.SegmentedRaftLogWorker (SegmentedRaftLogWorker.java:startLogSegment(380)) - 4900d303-9ac7-4a86-9389-d77749add813@group-462A66006D02-SegmentedRaftLogWorker: Starting segment from index:0
2019-09-25 04:49:18,530 [pool-107-thread-1] INFO  impl.RaftServerImpl (RaftServerImpl.java:start(185)) - 778daabb-04ae-41de-8067-bd0724312da7@group-5307BA49B365: start as a follower, conf=-1: [778daabb-04ae-41de-8067-bd0724312da7:192.168.164.207:43912], old=null
2019-09-25 04:49:18,530 [pool-107-thread-1] INFO  impl.RaftServerImpl (RaftServerImpl.java:setRole(174)) - 778daabb-04ae-41de-8067-bd0724312da7@group-5307BA49B365: changes role from      null to FOLLOWER at term 0 for startAsFollower
2019-09-25 04:49:18,531 [pool-107-thread-1] INFO  impl.RoleInfo (RoleInfo.java:updateAndGet(143)) - 778daabb-04ae-41de-8067-bd0724312da7: start FollowerState
2019-09-25 04:49:18,531 [4900d303-9ac7-4a86-9389-d77749add813@group-462A66006D02:LeaderElection4] INFO  impl.RaftServerImpl (ServerState.java:setRaftConf(354)) - 4900d303-9ac7-4a86-9389-d77749add813@group-462A66006D02: set configuration 0: [4900d303-9ac7-4a86-9389-d77749add813:192.168.164.207:37431], old=null at 0
2019-09-25 04:49:18,531 [pool-107-thread-1] INFO  util.JmxRegister (JmxRegister.java:tryRegister(44)) - Successfully registered JMX Bean with object name Ratis:service=RaftServer,group=group-5307BA49B365,id=778daabb-04ae-41de-8067-bd0724312da7
2019-09-25 04:49:18,558 [0deae85c-a16a-4311-a0af-934f501df2cc@group-02A043F9F7BA:LeaderElection5] INFO  impl.LeaderElection (LeaderElection.java:askForVotes(182)) - 0deae85c-a16a-4311-a0af-934f501df2cc@group-02A043F9F7BA:LeaderElection5: begin an election at term 1 for -1: [0deae85c-a16a-4311-a0af-934f501df2cc:192.168.164.207:38744], old=null
2019-09-25 04:49:18,559 [0deae85c-a16a-4311-a0af-934f501df2cc@group-02A043F9F7BA:LeaderElection5] INFO  impl.RoleInfo (RoleInfo.java:shutdownLeaderElection(134)) - 0deae85c-a16a-4311-a0af-934f501df2cc: shutdown LeaderElection
2019-09-25 04:49:18,560 [0deae85c-a16a-4311-a0af-934f501df2cc@group-02A043F9F7BA:LeaderElection5] INFO  impl.RaftServerImpl (RaftServerImpl.java:setRole(174)) - 0deae85c-a16a-4311-a0af-934f501df2cc@group-02A043F9F7BA: changes role from CANDIDATE to LEADER at term 1 for changeToLeader
2019-09-25 04:49:18,560 [0deae85c-a16a-4311-a0af-934f501df2cc@group-02A043F9F7BA:LeaderElection5] INFO  impl.RaftServerImpl (ServerState.java:setLeader(253)) - 0deae85c-a16a-4311-a0af-934f501df2cc@group-02A043F9F7BA: change Leader from null to 0deae85c-a16a-4311-a0af-934f501df2cc at term 1 for becomeLeader, leader elected after 1097ms
2019-09-25 04:49:18,562 [0deae85c-a16a-4311-a0af-934f501df2cc@group-02A043F9F7BA:LeaderElection5] INFO  server.RaftServerConfigKeys (ConfUtils.java:logGet(43)) - raft.server.staging.catchup.gap = 1000 (default)
2019-09-25 04:49:18,562 [0deae85c-a16a-4311-a0af-934f501df2cc@group-02A043F9F7BA:LeaderElection5] INFO  server.RaftServerConfigKeys (ConfUtils.java:logGet(43)) - raft.server.rpc.sleep.time = 25ms (default)
2019-09-25 04:49:18,562 [0deae85c-a16a-4311-a0af-934f501df2cc@group-02A043F9F7BA:LeaderElection5] INFO  server.RaftServerConfigKeys (ConfUtils.java:logGet(43)) - raft.server.write.element-limit = 4096 (default)
2019-09-25 04:49:18,562 [0deae85c-a16a-4311-a0af-934f501df2cc@group-02A043F9F7BA:LeaderElection5] INFO  server.RaftServerConfigKeys (ConfUtils.java:logGet(43)) - raft.server.watch.timeout = 10s (default)
2019-09-25 04:49:18,562 [0deae85c-a16a-4311-a0af-934f501df2cc@group-02A043F9F7BA:LeaderElection5] INFO  server.RaftServerConfigKeys (ConfUtils.java:logGet(43)) - raft.server.watch.timeout.denomination = 1s (default)
2019-09-25 04:49:18,562 [0deae85c-a16a-4311-a0af-934f501df2cc@group-02A043F9F7BA:LeaderElection5] INFO  server.RaftServerConfigKeys (ConfUtils.java:logGet(43)) - raft.server.watch.element-limit = 65536 (default)
2019-09-25 04:49:18,566 [RatisPipelineUtilsThread] INFO  pipeline.PipelineStateManager (PipelineStateManager.java:addPipeline(56)) - Created pipeline Pipeline[ Id: ab7d1f8e-62aa-4318-b379-5307ba49b365, Nodes: 778daabb-04ae-41de-8067-bd0724312da7{ip: 192.168.164.207, host: pr-hdds-1569-s44lr-3492059363, networkLocation: /default-rack, certSerialId: null}, Type:RATIS, Factor:ONE, State:OPEN]
2019-09-25 04:49:18,566 [RatisPipelineUtilsThread] INFO  pipeline.PipelinePlacementPolicy (PipelinePlacementPolicy.java:meetCriteria(91)) - Pipeline Placement: can't place more pipeline on heavy datanode： 0deae85c-a16a-4311-a0af-934f501df2cc Heaviness: 6 limit: 5
2019-09-25 04:49:18,567 [0deae85c-a16a-4311-a0af-934f501df2cc@group-02A043F9F7BA:LeaderElection5] INFO  impl.RoleInfo (RoleInfo.java:updateAndGet(143)) - 0deae85c-a16a-4311-a0af-934f501df2cc: start LeaderState
2019-09-25 04:49:18,567 [0deae85c-a16a-4311-a0af-934f501df2cc@group-02A043F9F7BA:LeaderElection5] INFO  segmented.SegmentedRaftLogWorker (SegmentedRaftLogWorker.java:startLogSegment(380)) - 0deae85c-a16a-4311-a0af-934f501df2cc@group-02A043F9F7BA-SegmentedRaftLogWorker: Starting segment from index:0
2019-09-25 04:49:18,567 [0deae85c-a16a-4311-a0af-934f501df2cc@group-02A043F9F7BA:LeaderElection5] INFO  impl.RaftServerImpl (ServerState.java:setRaftConf(354)) - 0deae85c-a16a-4311-a0af-934f501df2cc@group-02A043F9F7BA: set configuration 0: [0deae85c-a16a-4311-a0af-934f501df2cc:192.168.164.207:38744], old=null at 0
2019-09-25 04:49:18,569 [4900d303-9ac7-4a86-9389-d77749add813@group-462A66006D02-SegmentedRaftLogWorker] INFO  segmented.SegmentedRaftLogWorker (SegmentedRaftLogWorker.java:execute(569)) - 4900d303-9ac7-4a86-9389-d77749add813@group-462A66006D02-SegmentedRaftLogWorker: created new log segment /workdir/hadoop-ozone/integration-test/target/test-dir/MiniOzoneClusterImpl-73e7cd3e-72db-4213-b677-28bfbd198772/datanode-2/data/ratis/23874787-6055-4f10-ac0b-462a66006d02/current/log_inprogress_0
2019-09-25 04:49:18,605 [grpc-default-executor-0] INFO  impl.RaftServerProxy (RaftServerProxy.java:addNew(89)) - fcf37978-6168-4314-87d6-0e8a7c1fc6e1: addNew group-59D184480B21:[fcf37978-6168-4314-87d6-0e8a7c1fc6e1:192.168.164.207:44984] returns group-59D184480B21:java.util.concurrent.CompletableFuture@394baf00[Not completed]
2019-09-25 04:49:18,607 [pool-57-thread-1] INFO  impl.RaftServerImpl (RaftServerImpl.java:<init>(95)) - fcf37978-6168-4314-87d6-0e8a7c1fc6e1: new RaftServerImpl for group-59D184480B21:[fcf37978-6168-4314-87d6-0e8a7c1fc6e1:192.168.164.207:44984] with ContainerStateMachine:uninitialized
2019-09-25 04:49:18,607 [pool-57-thread-1] INFO  server.RaftServerConfigKeys (ConfUtils.java:logGet(43)) - raft.server.rpc.timeout.min = 1s (custom)
2019-09-25 04:49:18,607 [pool-57-thread-1] INFO  server.RaftServerConfigKeys (ConfUtils.java:logGet(43)) - raft.server.rpc.timeout.max = 1200ms (custom)
2019-09-25 04:49:18,608 [pool-57-thread-1] INFO  server.RaftServerConfigKeys (ConfUtils.java:logGet(43)) - raft.server.rpcslowness.timeout = 120s (custom)
2019-09-25 04:49:18,608 [pool-57-thread-1] INFO  server.RaftServerConfigKeys (ConfUtils.java:logGet(43)) - raft.server.sleep.deviation.threshold = 300 (default)
2019-09-25 04:49:18,608 [pool-57-thread-1] INFO  server.RaftServerConfigKeys (ConfUtils.java:logGet(43)) - raft.server.log.appender.install.snapshot.enabled = false (custom)
2019-09-25 04:49:18,608 [pool-57-thread-1] INFO  impl.RaftServerImpl (ServerState.java:<init>(103)) - fcf37978-6168-4314-87d6-0e8a7c1fc6e1@group-59D184480B21: ConfigurationManager, init=-1: [fcf37978-6168-4314-87d6-0e8a7c1fc6e1:192.168.164.207:44984], old=null, confs=<EMPTY_MAP>
2019-09-25 04:49:18,608 [pool-57-thread-1] INFO  server.RaftServerConfigKeys (ConfUtils.java:logGet(43)) - raft.server.storage.dir = [/workdir/hadoop-ozone/integration-test/target/test-dir/MiniOzoneClusterImpl-73e7cd3e-72db-4213-b677-28bfbd198772/datanode-3/data/ratis] (custom)
2019-09-25 04:49:18,609 [0deae85c-a16a-4311-a0af-934f501df2cc@group-02A043F9F7BA-SegmentedRaftLogWorker] INFO  segmented.SegmentedRaftLogWorker (SegmentedRaftLogWorker.java:execute(569)) - 0deae85c-a16a-4311-a0af-934f501df2cc@group-02A043F9F7BA-SegmentedRaftLogWorker: created new log segment /workdir/hadoop-ozone/integration-test/target/test-dir/MiniOzoneClusterImpl-73e7cd3e-72db-4213-b677-28bfbd198772/datanode-0/data/ratis/249c2fcb-05a8-45b7-a687-02a043f9f7ba/current/log_inprogress_0
2019-09-25 04:49:18,609 [pool-57-thread-1] INFO  storage.RaftStorageDirectory (RaftStorageDirectory.java:analyzeStorage(246)) - The storage directory /workdir/hadoop-ozone/integration-test/target/test-dir/MiniOzoneClusterImpl-73e7cd3e-72db-4213-b677-28bfbd198772/datanode-3/data/ratis/3f0f71fe-6e6e-44a9-8fc9-59d184480b21 does not exist. Creating ...
2019-09-25 04:49:18,612 [pool-57-thread-1] INFO  storage.RaftStorageDirectory (RaftStorageDirectory.java:tryLock(328)) - Lock on /workdir/hadoop-ozone/integration-test/target/test-dir/MiniOzoneClusterImpl-73e7cd3e-72db-4213-b677-28bfbd198772/datanode-3/data/ratis/3f0f71fe-6e6e-44a9-8fc9-59d184480b21/in_use.lock acquired by nodename 6977@pr-hdds-1569-s44lr-3492059363
2019-09-25 04:49:18,628 [pool-57-thread-1] INFO  storage.RaftStorage (RaftStorage.java:format(72)) - Storage directory /workdir/hadoop-ozone/integration-test/target/test-dir/MiniOzoneClusterImpl-73e7cd3e-72db-4213-b677-28bfbd198772/datanode-3/data/ratis/3f0f71fe-6e6e-44a9-8fc9-59d184480b21 has been successfully formatted.
2019-09-25 04:49:18,629 [pool-57-thread-1] INFO  ratis.ContainerStateMachine (ContainerStateMachine.java:loadSnapshot(230)) - group-59D184480B21: The snapshot info is null. Setting the last applied indexto:(t:0, i:~)
2019-09-25 04:49:18,629 [pool-57-thread-1] INFO  server.RaftServerConfigKeys (ConfUtils.java:logGet(43)) - raft.server.notification.no-leader.timeout = 120s (custom)
2019-09-25 04:49:18,629 [pool-57-thread-1] INFO  server.RaftServerConfigKeys (ConfUtils.java:logGet(43)) - raft.server.log.use.memory = false (default)
2019-09-25 04:49:18,629 [pool-57-thread-1] INFO  server.RaftServerConfigKeys (ConfUtils.java:logGet(43)) - raft.server.log.purge.gap = 1000000 (custom)
2019-09-25 04:49:18,629 [pool-57-thread-1] INFO  server.RaftServerConfigKeys (ConfUtils.java:logGet(43)) - raft.server.log.appender.buffer.byte-limit = 33554432 (custom)
2019-09-25 04:49:18,630 [pool-57-thread-1] INFO  server.RaftServerConfigKeys (ConfUtils.java:logGet(43)) - raft.server.log.segment.size.max = 1048576 (custom)
2019-09-25 04:49:18,630 [pool-57-thread-1] INFO  server.RaftServerConfigKeys (ConfUtils.java:logGet(43)) - raft.server.log.segment.cache.num.max = 2 (custom)
2019-09-25 04:49:18,630 [pool-57-thread-1] INFO  segmented.SegmentedRaftLogWorker (SegmentedRaftLogWorker.java:<init>(172)) - new fcf37978-6168-4314-87d6-0e8a7c1fc6e1@group-59D184480B21-SegmentedRaftLogWorker for RaftStorage:Storage Directory /workdir/hadoop-ozone/integration-test/target/test-dir/MiniOzoneClusterImpl-73e7cd3e-72db-4213-b677-28bfbd198772/datanode-3/data/ratis/3f0f71fe-6e6e-44a9-8fc9-59d184480b21
2019-09-25 04:49:18,630 [pool-57-thread-1] INFO  server.RaftServerConfigKeys (ConfUtils.java:logGet(43)) - raft.server.log.queue.byte-limit = 2147483647 (custom)
2019-09-25 04:49:18,630 [pool-57-thread-1] INFO  server.RaftServerConfigKeys (ConfUtils.java:logGet(43)) - raft.server.log.queue.element-limit = 1024 (custom)
2019-09-25 04:49:18,630 [pool-57-thread-1] INFO  server.RaftServerConfigKeys (ConfUtils.java:logGet(43)) - raft.server.log.segment.size.max = 1048576 (custom)
2019-09-25 04:49:18,631 [pool-57-thread-1] INFO  server.RaftServerConfigKeys (ConfUtils.java:logGet(43)) - raft.server.log.preallocated.size = 16384 (custom)
2019-09-25 04:49:18,631 [pool-57-thread-1] INFO  server.RaftServerConfigKeys (ConfUtils.java:logGet(43)) - raft.server.log.write.buffer.size = 33554432 (custom)
2019-09-25 04:49:18,631 [pool-57-thread-1] INFO  server.RaftServerConfigKeys (ConfUtils.java:logGet(43)) - raft.server.log.force.sync.num = 128 (default)
2019-09-25 04:49:18,631 [pool-57-thread-1] INFO  server.RaftServerConfigKeys (ConfUtils.java:logGet(43)) - raft.server.log.statemachine.data.sync = true (default)
2019-09-25 04:49:18,631 [pool-57-thread-1] INFO  server.RaftServerConfigKeys (ConfUtils.java:logGet(43)) - raft.server.log.statemachine.data.sync.timeout = 10s (default)
2019-09-25 04:49:18,631 [pool-57-thread-1] INFO  server.RaftServerConfigKeys (ConfUtils.java:logGet(43)) - raft.server.log.statemachine.data.sync.timeout.retry = -1 (default)
2019-09-25 04:49:18,632 [pool-57-thread-1] INFO  server.RaftServerConfigKeys (ConfUtils.java:logGet(43)) - raft.server.log.statemachine.data.caching.enabled = true (custom)
2019-09-25 04:49:18,632 [pool-57-thread-1] INFO  segmented.SegmentedRaftLogWorker (SegmentedRaftLogWorker.java:lambda$new$0(132)) - fcf37978-6168-4314-87d6-0e8a7c1fc6e1@group-59D184480B21-SegmentedRaftLogWorker: flushIndex: setUnconditionally 0 -> -1
2019-09-25 04:49:18,632 [pool-57-thread-1] INFO  server.RaftServerConfigKeys (ConfUtils.java:logGet(43)) - raft.server.snapshot.auto.trigger.enabled = true (custom)
2019-09-25 04:49:18,632 [pool-57-thread-1] INFO  server.RaftServerConfigKeys (ConfUtils.java:logGet(43)) - raft.server.snapshot.auto.trigger.threshold = 10000 (custom)
2019-09-25 04:49:18,633 [pool-57-thread-1] INFO  server.RaftServerConfigKeys (ConfUtils.java:logGet(43)) - raft.server.snapshot.retention.num.files = 5 (custom)
2019-09-25 04:49:18,633 [pool-57-thread-1] INFO  server.RaftServerConfigKeys (ConfUtils.java:logGet(43)) - raft.server.retrycache.expirytime = 600000ms (custom)
2019-09-25 04:49:18,636 [pool-57-thread-1] INFO  impl.RaftServerImpl (RaftServerImpl.java:start(185)) - fcf37978-6168-4314-87d6-0e8a7c1fc6e1@group-59D184480B21: start as a follower, conf=-1: [fcf37978-6168-4314-87d6-0e8a7c1fc6e1:192.168.164.207:44984], old=null
2019-09-25 04:49:18,636 [pool-57-thread-1] INFO  impl.RaftServerImpl (RaftServerImpl.java:setRole(174)) - fcf37978-6168-4314-87d6-0e8a7c1fc6e1@group-59D184480B21: changes role from      null to FOLLOWER at term 0 for startAsFollower
2019-09-25 04:49:18,636 [pool-57-thread-1] INFO  impl.RoleInfo (RoleInfo.java:updateAndGet(143)) - fcf37978-6168-4314-87d6-0e8a7c1fc6e1: start FollowerState
2019-09-25 04:49:18,637 [pool-57-thread-1] INFO  util.JmxRegister (JmxRegister.java:tryRegister(44)) - Successfully registered JMX Bean with object name Ratis:service=RaftServer,group=group-59D184480B21,id=fcf37978-6168-4314-87d6-0e8a7c1fc6e1
2019-09-25 04:49:18,645 [RatisPipelineUtilsThread] INFO  pipeline.PipelineStateManager (PipelineStateManager.java:addPipeline(56)) - Created pipeline Pipeline[ Id: 3f0f71fe-6e6e-44a9-8fc9-59d184480b21, Nodes: fcf37978-6168-4314-87d6-0e8a7c1fc6e1{ip: 192.168.164.207, host: pr-hdds-1569-s44lr-3492059363, networkLocation: /default-rack, certSerialId: null}, Type:RATIS, Factor:ONE, State:OPEN]
2019-09-25 04:49:18,645 [RatisPipelineUtilsThread] INFO  pipeline.PipelinePlacementPolicy (PipelinePlacementPolicy.java:meetCriteria(91)) - Pipeline Placement: can't place more pipeline on heavy datanode： 0deae85c-a16a-4311-a0af-934f501df2cc Heaviness: 6 limit: 5
2019-09-25 04:49:18,657 [grpc-default-executor-0] INFO  impl.RaftServerProxy (RaftServerProxy.java:addNew(89)) - 3875a0db-bcd0-4e93-a77c-33ac6d7b4cc5: addNew group-09206CBAF86A:[3875a0db-bcd0-4e93-a77c-33ac6d7b4cc5:192.168.164.207:38833] returns group-09206CBAF86A:java.util.concurrent.CompletableFuture@518b6b25[Not completed]
2019-09-25 04:49:18,658 [pool-77-thread-1] INFO  impl.RaftServerImpl (RaftServerImpl.java:<init>(95)) - 3875a0db-bcd0-4e93-a77c-33ac6d7b4cc5: new RaftServerImpl for group-09206CBAF86A:[3875a0db-bcd0-4e93-a77c-33ac6d7b4cc5:192.168.164.207:38833] with ContainerStateMachine:uninitialized
2019-09-25 04:49:18,659 [pool-77-thread-1] INFO  server.RaftServerConfigKeys (ConfUtils.java:logGet(43)) - raft.server.rpc.timeout.min = 1s (custom)
2019-09-25 04:49:18,659 [pool-77-thread-1] INFO  server.RaftServerConfigKeys (ConfUtils.java:logGet(43)) - raft.server.rpc.timeout.max = 1200ms (custom)
2019-09-25 04:49:18,659 [pool-77-thread-1] INFO  server.RaftServerConfigKeys (ConfUtils.java:logGet(43)) - raft.server.rpcslowness.timeout = 120s (custom)
2019-09-25 04:49:18,659 [pool-77-thread-1] INFO  server.RaftServerConfigKeys (ConfUtils.java:logGet(43)) - raft.server.sleep.deviation.threshold = 300 (default)
2019-09-25 04:49:18,659 [pool-77-thread-1] INFO  server.RaftServerConfigKeys (ConfUtils.java:logGet(43)) - raft.server.log.appender.install.snapshot.enabled = false (custom)
2019-09-25 04:49:18,659 [pool-77-thread-1] INFO  impl.RaftServerImpl (ServerState.java:<init>(103)) - 3875a0db-bcd0-4e93-a77c-33ac6d7b4cc5@group-09206CBAF86A: ConfigurationManager, init=-1: [3875a0db-bcd0-4e93-a77c-33ac6d7b4cc5:192.168.164.207:38833], old=null, confs=<EMPTY_MAP>
2019-09-25 04:49:18,660 [pool-77-thread-1] INFO  server.RaftServerConfigKeys (ConfUtils.java:logGet(43)) - raft.server.storage.dir = [/workdir/hadoop-ozone/integration-test/target/test-dir/MiniOzoneClusterImpl-73e7cd3e-72db-4213-b677-28bfbd198772/datanode-5/data/ratis] (custom)
2019-09-25 04:49:18,660 [pool-77-thread-1] INFO  storage.RaftStorageDirectory (RaftStorageDirectory.java:analyzeStorage(246)) - The storage directory /workdir/hadoop-ozone/integration-test/target/test-dir/MiniOzoneClusterImpl-73e7cd3e-72db-4213-b677-28bfbd198772/datanode-5/data/ratis/a5041920-3fab-4caf-8fa5-09206cbaf86a does not exist. Creating ...
2019-09-25 04:49:18,672 [pool-77-thread-1] INFO  storage.RaftStorageDirectory (RaftStorageDirectory.java:tryLock(328)) - Lock on /workdir/hadoop-ozone/integration-test/target/test-dir/MiniOzoneClusterImpl-73e7cd3e-72db-4213-b677-28bfbd198772/datanode-5/data/ratis/a5041920-3fab-4caf-8fa5-09206cbaf86a/in_use.lock acquired by nodename 6977@pr-hdds-1569-s44lr-3492059363
2019-09-25 04:49:18,687 [pool-77-thread-1] INFO  storage.RaftStorage (RaftStorage.java:format(72)) - Storage directory /workdir/hadoop-ozone/integration-test/target/test-dir/MiniOzoneClusterImpl-73e7cd3e-72db-4213-b677-28bfbd198772/datanode-5/data/ratis/a5041920-3fab-4caf-8fa5-09206cbaf86a has been successfully formatted.
2019-09-25 04:49:18,687 [pool-77-thread-1] INFO  ratis.ContainerStateMachine (ContainerStateMachine.java:loadSnapshot(230)) - group-09206CBAF86A: The snapshot info is null. Setting the last applied indexto:(t:0, i:~)
2019-09-25 04:49:18,687 [pool-77-thread-1] INFO  server.RaftServerConfigKeys (ConfUtils.java:logGet(43)) - raft.server.notification.no-leader.timeout = 120s (custom)
2019-09-25 04:49:18,689 [pool-77-thread-1] INFO  server.RaftServerConfigKeys (ConfUtils.java:logGet(43)) - raft.server.log.use.memory = false (default)
2019-09-25 04:49:18,692 [pool-77-thread-1] INFO  server.RaftServerConfigKeys (ConfUtils.java:logGet(43)) - raft.server.log.purge.gap = 1000000 (custom)
2019-09-25 04:49:18,693 [pool-77-thread-1] INFO  server.RaftServerConfigKeys (ConfUtils.java:logGet(43)) - raft.server.log.appender.buffer.byte-limit = 33554432 (custom)
2019-09-25 04:49:18,693 [pool-77-thread-1] INFO  server.RaftServerConfigKeys (ConfUtils.java:logGet(43)) - raft.server.log.segment.size.max = 1048576 (custom)
2019-09-25 04:49:18,693 [pool-77-thread-1] INFO  server.RaftServerConfigKeys (ConfUtils.java:logGet(43)) - raft.server.log.segment.cache.num.max = 2 (custom)
2019-09-25 04:49:18,693 [pool-77-thread-1] INFO  segmented.SegmentedRaftLogWorker (SegmentedRaftLogWorker.java:<init>(172)) - new 3875a0db-bcd0-4e93-a77c-33ac6d7b4cc5@group-09206CBAF86A-SegmentedRaftLogWorker for RaftStorage:Storage Directory /workdir/hadoop-ozone/integration-test/target/test-dir/MiniOzoneClusterImpl-73e7cd3e-72db-4213-b677-28bfbd198772/datanode-5/data/ratis/a5041920-3fab-4caf-8fa5-09206cbaf86a
2019-09-25 04:49:18,693 [pool-77-thread-1] INFO  server.RaftServerConfigKeys (ConfUtils.java:logGet(43)) - raft.server.log.queue.byte-limit = 2147483647 (custom)
2019-09-25 04:49:18,693 [pool-77-thread-1] INFO  server.RaftServerConfigKeys (ConfUtils.java:logGet(43)) - raft.server.log.queue.element-limit = 1024 (custom)
2019-09-25 04:49:18,693 [pool-77-thread-1] INFO  server.RaftServerConfigKeys (ConfUtils.java:logGet(43)) - raft.server.log.segment.size.max = 1048576 (custom)
2019-09-25 04:49:18,694 [pool-77-thread-1] INFO  server.RaftServerConfigKeys (ConfUtils.java:logGet(43)) - raft.server.log.preallocated.size = 16384 (custom)
2019-09-25 04:49:18,694 [pool-77-thread-1] INFO  server.RaftServerConfigKeys (ConfUtils.java:logGet(43)) - raft.server.log.write.buffer.size = 33554432 (custom)
2019-09-25 04:49:18,694 [pool-77-thread-1] INFO  server.RaftServerConfigKeys (ConfUtils.java:logGet(43)) - raft.server.log.force.sync.num = 128 (default)
2019-09-25 04:49:18,694 [pool-77-thread-1] INFO  server.RaftServerConfigKeys (ConfUtils.java:logGet(43)) - raft.server.log.statemachine.data.sync = true (default)
2019-09-25 04:49:18,694 [pool-77-thread-1] INFO  server.RaftServerConfigKeys (ConfUtils.java:logGet(43)) - raft.server.log.statemachine.data.sync.timeout = 10s (default)
2019-09-25 04:49:18,694 [pool-77-thread-1] INFO  server.RaftServerConfigKeys (ConfUtils.java:logGet(43)) - raft.server.log.statemachine.data.sync.timeout.retry = -1 (default)
2019-09-25 04:49:18,694 [pool-77-thread-1] INFO  server.RaftServerConfigKeys (ConfUtils.java:logGet(43)) - raft.server.log.statemachine.data.caching.enabled = true (custom)
2019-09-25 04:49:18,695 [pool-77-thread-1] INFO  segmented.SegmentedRaftLogWorker (SegmentedRaftLogWorker.java:lambda$new$0(132)) - 3875a0db-bcd0-4e93-a77c-33ac6d7b4cc5@group-09206CBAF86A-SegmentedRaftLogWorker: flushIndex: setUnconditionally 0 -> -1
2019-09-25 04:49:18,695 [pool-77-thread-1] INFO  server.RaftServerConfigKeys (ConfUtils.java:logGet(43)) - raft.server.snapshot.auto.trigger.enabled = true (custom)
2019-09-25 04:49:18,695 [pool-77-thread-1] INFO  server.RaftServerConfigKeys (ConfUtils.java:logGet(43)) - raft.server.snapshot.auto.trigger.threshold = 10000 (custom)
2019-09-25 04:49:18,695 [pool-77-thread-1] INFO  server.RaftServerConfigKeys (ConfUtils.java:logGet(43)) - raft.server.snapshot.retention.num.files = 5 (custom)
2019-09-25 04:49:18,696 [pool-77-thread-1] INFO  server.RaftServerConfigKeys (ConfUtils.java:logGet(43)) - raft.server.retrycache.expirytime = 600000ms (custom)
2019-09-25 04:49:18,698 [pool-77-thread-1] INFO  impl.RaftServerImpl (RaftServerImpl.java:start(185)) - 3875a0db-bcd0-4e93-a77c-33ac6d7b4cc5@group-09206CBAF86A: start as a follower, conf=-1: [3875a0db-bcd0-4e93-a77c-33ac6d7b4cc5:192.168.164.207:38833], old=null
2019-09-25 04:49:18,698 [pool-77-thread-1] INFO  impl.RaftServerImpl (RaftServerImpl.java:setRole(174)) - 3875a0db-bcd0-4e93-a77c-33ac6d7b4cc5@group-09206CBAF86A: changes role from      null to FOLLOWER at term 0 for startAsFollower
2019-09-25 04:49:18,698 [pool-77-thread-1] INFO  impl.RoleInfo (RoleInfo.java:updateAndGet(143)) - 3875a0db-bcd0-4e93-a77c-33ac6d7b4cc5: start FollowerState
2019-09-25 04:49:18,699 [pool-77-thread-1] INFO  util.JmxRegister (JmxRegister.java:tryRegister(44)) - Successfully registered JMX Bean with object name Ratis:service=RaftServer,group=group-09206CBAF86A,id=3875a0db-bcd0-4e93-a77c-33ac6d7b4cc5
2019-09-25 04:49:18,708 [RatisPipelineUtilsThread] INFO  pipeline.PipelineStateManager (PipelineStateManager.java:addPipeline(56)) - Created pipeline Pipeline[ Id: a5041920-3fab-4caf-8fa5-09206cbaf86a, Nodes: 3875a0db-bcd0-4e93-a77c-33ac6d7b4cc5{ip: 192.168.164.207, host: pr-hdds-1569-s44lr-3492059363, networkLocation: /default-rack, certSerialId: null}, Type:RATIS, Factor:ONE, State:OPEN]
2019-09-25 04:49:18,708 [RatisPipelineUtilsThread] INFO  pipeline.PipelinePlacementPolicy (PipelinePlacementPolicy.java:meetCriteria(91)) - Pipeline Placement: can't place more pipeline on heavy datanode： 0deae85c-a16a-4311-a0af-934f501df2cc Heaviness: 6 limit: 5
2019-09-25 04:49:18,722 [grpc-default-executor-0] INFO  impl.RaftServerProxy (RaftServerProxy.java:addNew(89)) - 4a0ae61b-4689-46eb-b962-7605c7f95abd: addNew group-CD767D1F5026:[4a0ae61b-4689-46eb-b962-7605c7f95abd:192.168.164.207:41419] returns group-CD767D1F5026:java.util.concurrent.CompletableFuture@a54094b[Not completed]
2019-09-25 04:49:18,722 [Thread-303] INFO  impl.FollowerState (FollowerState.java:run(106)) - ef17bb0f-3839-4724-ad21-94b92a6e25d3:group-94778EEFF6C6 changes to CANDIDATE, lastRpcTime:1046, electionTimeout:1046ms
2019-09-25 04:49:18,722 [Thread-303] INFO  impl.RoleInfo (RoleInfo.java:shutdownFollowerState(121)) - ef17bb0f-3839-4724-ad21-94b92a6e25d3: shutdown FollowerState
2019-09-25 04:49:18,722 [Thread-303] INFO  impl.RaftServerImpl (RaftServerImpl.java:setRole(174)) - ef17bb0f-3839-4724-ad21-94b92a6e25d3@group-94778EEFF6C6: changes role from  FOLLOWER to CANDIDATE at term 0 for changeToCandidate
2019-09-25 04:49:18,722 [Thread-303] INFO  impl.RoleInfo (RoleInfo.java:updateAndGet(143)) - ef17bb0f-3839-4724-ad21-94b92a6e25d3: start LeaderElection
2019-09-25 04:49:18,731 [pool-97-thread-1] INFO  impl.RaftServerImpl (RaftServerImpl.java:<init>(95)) - 4a0ae61b-4689-46eb-b962-7605c7f95abd: new RaftServerImpl for group-CD767D1F5026:[4a0ae61b-4689-46eb-b962-7605c7f95abd:192.168.164.207:41419] with ContainerStateMachine:uninitialized
2019-09-25 04:49:18,732 [pool-97-thread-1] INFO  server.RaftServerConfigKeys (ConfUtils.java:logGet(43)) - raft.server.rpc.timeout.min = 1s (custom)
2019-09-25 04:49:18,732 [pool-97-thread-1] INFO  server.RaftServerConfigKeys (ConfUtils.java:logGet(43)) - raft.server.rpc.timeout.max = 1200ms (custom)
2019-09-25 04:49:18,732 [pool-97-thread-1] INFO  server.RaftServerConfigKeys (ConfUtils.java:logGet(43)) - raft.server.rpcslowness.timeout = 120s (custom)
2019-09-25 04:49:18,732 [pool-97-thread-1] INFO  server.RaftServerConfigKeys (ConfUtils.java:logGet(43)) - raft.server.sleep.deviation.threshold = 300 (default)
2019-09-25 04:49:18,732 [pool-97-thread-1] INFO  server.RaftServerConfigKeys (ConfUtils.java:logGet(43)) - raft.server.log.appender.install.snapshot.enabled = false (custom)
2019-09-25 04:49:18,733 [pool-97-thread-1] INFO  impl.RaftServerImpl (ServerState.java:<init>(103)) - 4a0ae61b-4689-46eb-b962-7605c7f95abd@group-CD767D1F5026: ConfigurationManager, init=-1: [4a0ae61b-4689-46eb-b962-7605c7f95abd:192.168.164.207:41419], old=null, confs=<EMPTY_MAP>
2019-09-25 04:49:18,733 [pool-97-thread-1] INFO  server.RaftServerConfigKeys (ConfUtils.java:logGet(43)) - raft.server.storage.dir = [/workdir/hadoop-ozone/integration-test/target/test-dir/MiniOzoneClusterImpl-73e7cd3e-72db-4213-b677-28bfbd198772/datanode-7/data/ratis] (custom)
2019-09-25 04:49:18,736 [pool-97-thread-1] INFO  storage.RaftStorageDirectory (RaftStorageDirectory.java:analyzeStorage(246)) - The storage directory /workdir/hadoop-ozone/integration-test/target/test-dir/MiniOzoneClusterImpl-73e7cd3e-72db-4213-b677-28bfbd198772/datanode-7/data/ratis/496aeb88-79a9-417f-a730-cd767d1f5026 does not exist. Creating ...
2019-09-25 04:49:18,744 [pool-97-thread-1] INFO  storage.RaftStorageDirectory (RaftStorageDirectory.java:tryLock(328)) - Lock on /workdir/hadoop-ozone/integration-test/target/test-dir/MiniOzoneClusterImpl-73e7cd3e-72db-4213-b677-28bfbd198772/datanode-7/data/ratis/496aeb88-79a9-417f-a730-cd767d1f5026/in_use.lock acquired by nodename 6977@pr-hdds-1569-s44lr-3492059363
2019-09-25 04:49:18,744 [ef17bb0f-3839-4724-ad21-94b92a6e25d3@group-94778EEFF6C6:LeaderElection6] INFO  impl.LeaderElection (LeaderElection.java:askForVotes(182)) - ef17bb0f-3839-4724-ad21-94b92a6e25d3@group-94778EEFF6C6:LeaderElection6: begin an election at term 1 for -1: [ef17bb0f-3839-4724-ad21-94b92a6e25d3:192.168.164.207:40519], old=null
2019-09-25 04:49:18,744 [ef17bb0f-3839-4724-ad21-94b92a6e25d3@group-94778EEFF6C6:LeaderElection6] INFO  impl.RoleInfo (RoleInfo.java:shutdownLeaderElection(134)) - ef17bb0f-3839-4724-ad21-94b92a6e25d3: shutdown LeaderElection
2019-09-25 04:49:18,745 [ef17bb0f-3839-4724-ad21-94b92a6e25d3@group-94778EEFF6C6:LeaderElection6] INFO  impl.RaftServerImpl (RaftServerImpl.java:setRole(174)) - ef17bb0f-3839-4724-ad21-94b92a6e25d3@group-94778EEFF6C6: changes role from CANDIDATE to LEADER at term 1 for changeToLeader
2019-09-25 04:49:18,745 [ef17bb0f-3839-4724-ad21-94b92a6e25d3@group-94778EEFF6C6:LeaderElection6] INFO  impl.RaftServerImpl (ServerState.java:setLeader(253)) - ef17bb0f-3839-4724-ad21-94b92a6e25d3@group-94778EEFF6C6: change Leader from null to ef17bb0f-3839-4724-ad21-94b92a6e25d3 at term 1 for becomeLeader, leader elected after 1079ms
2019-09-25 04:49:18,745 [ef17bb0f-3839-4724-ad21-94b92a6e25d3@group-94778EEFF6C6:LeaderElection6] INFO  server.RaftServerConfigKeys (ConfUtils.java:logGet(43)) - raft.server.staging.catchup.gap = 1000 (default)
2019-09-25 04:49:18,745 [ef17bb0f-3839-4724-ad21-94b92a6e25d3@group-94778EEFF6C6:LeaderElection6] INFO  server.RaftServerConfigKeys (ConfUtils.java:logGet(43)) - raft.server.rpc.sleep.time = 25ms (default)
2019-09-25 04:49:18,747 [ef17bb0f-3839-4724-ad21-94b92a6e25d3@group-94778EEFF6C6:LeaderElection6] INFO  server.RaftServerConfigKeys (ConfUtils.java:logGet(43)) - raft.server.write.element-limit = 4096 (default)
2019-09-25 04:49:18,748 [ef17bb0f-3839-4724-ad21-94b92a6e25d3@group-94778EEFF6C6:LeaderElection6] INFO  server.RaftServerConfigKeys (ConfUtils.java:logGet(43)) - raft.server.watch.timeout = 10s (default)
2019-09-25 04:49:18,748 [ef17bb0f-3839-4724-ad21-94b92a6e25d3@group-94778EEFF6C6:LeaderElection6] INFO  server.RaftServerConfigKeys (ConfUtils.java:logGet(43)) - raft.server.watch.timeout.denomination = 1s (default)
2019-09-25 04:49:18,748 [ef17bb0f-3839-4724-ad21-94b92a6e25d3@group-94778EEFF6C6:LeaderElection6] INFO  server.RaftServerConfigKeys (ConfUtils.java:logGet(43)) - raft.server.watch.element-limit = 65536 (default)
2019-09-25 04:49:18,756 [ef17bb0f-3839-4724-ad21-94b92a6e25d3@group-94778EEFF6C6:LeaderElection6] INFO  impl.RoleInfo (RoleInfo.java:updateAndGet(143)) - ef17bb0f-3839-4724-ad21-94b92a6e25d3: start LeaderState
2019-09-25 04:49:18,756 [ef17bb0f-3839-4724-ad21-94b92a6e25d3@group-94778EEFF6C6:LeaderElection6] INFO  segmented.SegmentedRaftLogWorker (SegmentedRaftLogWorker.java:startLogSegment(380)) - ef17bb0f-3839-4724-ad21-94b92a6e25d3@group-94778EEFF6C6-SegmentedRaftLogWorker: Starting segment from index:0
2019-09-25 04:49:18,757 [ef17bb0f-3839-4724-ad21-94b92a6e25d3@group-94778EEFF6C6:LeaderElection6] INFO  impl.RaftServerImpl (ServerState.java:setRaftConf(354)) - ef17bb0f-3839-4724-ad21-94b92a6e25d3@group-94778EEFF6C6: set configuration 0: [ef17bb0f-3839-4724-ad21-94b92a6e25d3:192.168.164.207:40519], old=null at 0
2019-09-25 04:49:18,757 [pool-97-thread-1] INFO  storage.RaftStorage (RaftStorage.java:format(72)) - Storage directory /workdir/hadoop-ozone/integration-test/target/test-dir/MiniOzoneClusterImpl-73e7cd3e-72db-4213-b677-28bfbd198772/datanode-7/data/ratis/496aeb88-79a9-417f-a730-cd767d1f5026 has been successfully formatted.
2019-09-25 04:49:18,789 [Thread-300] INFO  impl.FollowerState (FollowerState.java:run(106)) - ef95e979-b818-4083-9289-18188944726b:group-D1F83B79796B changes to CANDIDATE, lastRpcTime:1189, electionTimeout:1160ms
2019-09-25 04:49:18,801 [pool-97-thread-1] INFO  ratis.ContainerStateMachine (ContainerStateMachine.java:loadSnapshot(230)) - group-CD767D1F5026: The snapshot info is null. Setting the last applied indexto:(t:0, i:~)
2019-09-25 04:49:18,801 [Thread-300] INFO  impl.RoleInfo (RoleInfo.java:shutdownFollowerState(121)) - ef95e979-b818-4083-9289-18188944726b: shutdown FollowerState
2019-09-25 04:49:18,801 [pool-97-thread-1] INFO  server.RaftServerConfigKeys (ConfUtils.java:logGet(43)) - raft.server.notification.no-leader.timeout = 120s (custom)
2019-09-25 04:49:18,801 [pool-97-thread-1] INFO  server.RaftServerConfigKeys (ConfUtils.java:logGet(43)) - raft.server.log.use.memory = false (default)
2019-09-25 04:49:18,801 [ef17bb0f-3839-4724-ad21-94b92a6e25d3@group-94778EEFF6C6-SegmentedRaftLogWorker] INFO  segmented.SegmentedRaftLogWorker (SegmentedRaftLogWorker.java:execute(569)) - ef17bb0f-3839-4724-ad21-94b92a6e25d3@group-94778EEFF6C6-SegmentedRaftLogWorker: created new log segment /workdir/hadoop-ozone/integration-test/target/test-dir/MiniOzoneClusterImpl-73e7cd3e-72db-4213-b677-28bfbd198772/datanode-1/data/ratis/0491c29f-7dcc-47b7-8358-94778eeff6c6/current/log_inprogress_0
2019-09-25 04:49:18,802 [pool-97-thread-1] INFO  server.RaftServerConfigKeys (ConfUtils.java:logGet(43)) - raft.server.log.purge.gap = 1000000 (custom)
2019-09-25 04:49:18,801 [Thread-300] INFO  impl.RaftServerImpl (RaftServerImpl.java:setRole(174)) - ef95e979-b818-4083-9289-18188944726b@group-D1F83B79796B: changes role from  FOLLOWER to CANDIDATE at term 0 for changeToCandidate
2019-09-25 04:49:18,802 [pool-97-thread-1] INFO  server.RaftServerConfigKeys (ConfUtils.java:logGet(43)) - raft.server.log.appender.buffer.byte-limit = 33554432 (custom)
2019-09-25 04:49:18,802 [pool-97-thread-1] INFO  server.RaftServerConfigKeys (ConfUtils.java:logGet(43)) - raft.server.log.segment.size.max = 1048576 (custom)
2019-09-25 04:49:18,802 [Thread-300] INFO  impl.RoleInfo (RoleInfo.java:updateAndGet(143)) - ef95e979-b818-4083-9289-18188944726b: start LeaderElection
2019-09-25 04:49:18,802 [pool-97-thread-1] INFO  server.RaftServerConfigKeys (ConfUtils.java:logGet(43)) - raft.server.log.segment.cache.num.max = 2 (custom)
2019-09-25 04:49:18,802 [pool-97-thread-1] INFO  segmented.SegmentedRaftLogWorker (SegmentedRaftLogWorker.java:<init>(172)) - new 4a0ae61b-4689-46eb-b962-7605c7f95abd@group-CD767D1F5026-SegmentedRaftLogWorker for RaftStorage:Storage Directory /workdir/hadoop-ozone/integration-test/target/test-dir/MiniOzoneClusterImpl-73e7cd3e-72db-4213-b677-28bfbd198772/datanode-7/data/ratis/496aeb88-79a9-417f-a730-cd767d1f5026
2019-09-25 04:49:18,806 [Thread-306] INFO  impl.FollowerState (FollowerState.java:run(106)) - 0deae85c-a16a-4311-a0af-934f501df2cc:group-1B89D9E601B6 changes to CANDIDATE, lastRpcTime:1066, electionTimeout:1066ms
2019-09-25 04:49:18,809 [Thread-306] INFO  impl.RoleInfo (RoleInfo.java:shutdownFollowerState(121)) - 0deae85c-a16a-4311-a0af-934f501df2cc: shutdown FollowerState
2019-09-25 04:49:18,810 [Thread-306] INFO  impl.RaftServerImpl (RaftServerImpl.java:setRole(174)) - 0deae85c-a16a-4311-a0af-934f501df2cc@group-1B89D9E601B6: changes role from  FOLLOWER to CANDIDATE at term 0 for changeToCandidate
2019-09-25 04:49:18,810 [Thread-306] INFO  impl.RoleInfo (RoleInfo.java:updateAndGet(143)) - 0deae85c-a16a-4311-a0af-934f501df2cc: start LeaderElection
2019-09-25 04:49:18,816 [ef95e979-b818-4083-9289-18188944726b@group-D1F83B79796B:LeaderElection7] INFO  impl.LeaderElection (LeaderElection.java:askForVotes(182)) - ef95e979-b818-4083-9289-18188944726b@group-D1F83B79796B:LeaderElection7: begin an election at term 1 for -1: [ef95e979-b818-4083-9289-18188944726b:192.168.164.207:36359], old=null
2019-09-25 04:49:18,817 [ef95e979-b818-4083-9289-18188944726b@group-D1F83B79796B:LeaderElection7] INFO  impl.RoleInfo (RoleInfo.java:shutdownLeaderElection(134)) - ef95e979-b818-4083-9289-18188944726b: shutdown LeaderElection
2019-09-25 04:49:18,817 [ef95e979-b818-4083-9289-18188944726b@group-D1F83B79796B:LeaderElection7] INFO  impl.RaftServerImpl (RaftServerImpl.java:setRole(174)) - ef95e979-b818-4083-9289-18188944726b@group-D1F83B79796B: changes role from CANDIDATE to LEADER at term 1 for changeToLeader
2019-09-25 04:49:18,819 [ef95e979-b818-4083-9289-18188944726b@group-D1F83B79796B:LeaderElection7] INFO  impl.RaftServerImpl (ServerState.java:setLeader(253)) - ef95e979-b818-4083-9289-18188944726b@group-D1F83B79796B: change Leader from null to ef95e979-b818-4083-9289-18188944726b at term 1 for becomeLeader, leader elected after 1232ms
2019-09-25 04:49:18,820 [ef95e979-b818-4083-9289-18188944726b@group-D1F83B79796B:LeaderElection7] INFO  server.RaftServerConfigKeys (ConfUtils.java:logGet(43)) - raft.server.staging.catchup.gap = 1000 (default)
2019-09-25 04:49:18,820 [ef95e979-b818-4083-9289-18188944726b@group-D1F83B79796B:LeaderElection7] INFO  server.RaftServerConfigKeys (ConfUtils.java:logGet(43)) - raft.server.rpc.sleep.time = 25ms (default)
2019-09-25 04:49:18,820 [ef95e979-b818-4083-9289-18188944726b@group-D1F83B79796B:LeaderElection7] INFO  server.RaftServerConfigKeys (ConfUtils.java:logGet(43)) - raft.server.write.element-limit = 4096 (default)
2019-09-25 04:49:18,820 [ef95e979-b818-4083-9289-18188944726b@group-D1F83B79796B:LeaderElection7] INFO  server.RaftServerConfigKeys (ConfUtils.java:logGet(43)) - raft.server.watch.timeout = 10s (default)
2019-09-25 04:49:18,821 [ef95e979-b818-4083-9289-18188944726b@group-D1F83B79796B:LeaderElection7] INFO  server.RaftServerConfigKeys (ConfUtils.java:logGet(43)) - raft.server.watch.timeout.denomination = 1s (default)
2019-09-25 04:49:18,821 [ef95e979-b818-4083-9289-18188944726b@group-D1F83B79796B:LeaderElection7] INFO  server.RaftServerConfigKeys (ConfUtils.java:logGet(43)) - raft.server.watch.element-limit = 65536 (default)
2019-09-25 04:49:18,821 [pool-97-thread-1] INFO  server.RaftServerConfigKeys (ConfUtils.java:logGet(43)) - raft.server.log.queue.byte-limit = 2147483647 (custom)
2019-09-25 04:49:18,821 [pool-97-thread-1] INFO  server.RaftServerConfigKeys (ConfUtils.java:logGet(43)) - raft.server.log.queue.element-limit = 1024 (custom)
2019-09-25 04:49:18,822 [pool-97-thread-1] INFO  server.RaftServerConfigKeys (ConfUtils.java:logGet(43)) - raft.server.log.segment.size.max = 1048576 (custom)
2019-09-25 04:49:18,822 [pool-97-thread-1] INFO  server.RaftServerConfigKeys (ConfUtils.java:logGet(43)) - raft.server.log.preallocated.size = 16384 (custom)
2019-09-25 04:49:18,822 [pool-97-thread-1] INFO  server.RaftServerConfigKeys (ConfUtils.java:logGet(43)) - raft.server.log.write.buffer.size = 33554432 (custom)
2019-09-25 04:49:18,822 [pool-97-thread-1] INFO  server.RaftServerConfigKeys (ConfUtils.java:logGet(43)) - raft.server.log.force.sync.num = 128 (default)
2019-09-25 04:49:18,822 [pool-97-thread-1] INFO  server.RaftServerConfigKeys (ConfUtils.java:logGet(43)) - raft.server.log.statemachine.data.sync = true (default)
2019-09-25 04:49:18,823 [pool-97-thread-1] INFO  server.RaftServerConfigKeys (ConfUtils.java:logGet(43)) - raft.server.log.statemachine.data.sync.timeout = 10s (default)
2019-09-25 04:49:18,823 [pool-97-thread-1] INFO  server.RaftServerConfigKeys (ConfUtils.java:logGet(43)) - raft.server.log.statemachine.data.sync.timeout.retry = -1 (default)
2019-09-25 04:49:18,823 [pool-97-thread-1] INFO  server.RaftServerConfigKeys (ConfUtils.java:logGet(43)) - raft.server.log.statemachine.data.caching.enabled = true (custom)
2019-09-25 04:49:18,824 [pool-97-thread-1] INFO  segmented.SegmentedRaftLogWorker (SegmentedRaftLogWorker.java:lambda$new$0(132)) - 4a0ae61b-4689-46eb-b962-7605c7f95abd@group-CD767D1F5026-SegmentedRaftLogWorker: flushIndex: setUnconditionally 0 -> -1
2019-09-25 04:49:18,824 [pool-97-thread-1] INFO  server.RaftServerConfigKeys (ConfUtils.java:logGet(43)) - raft.server.snapshot.auto.trigger.enabled = true (custom)
2019-09-25 04:49:18,824 [pool-97-thread-1] INFO  server.RaftServerConfigKeys (ConfUtils.java:logGet(43)) - raft.server.snapshot.auto.trigger.threshold = 10000 (custom)
2019-09-25 04:49:18,824 [pool-97-thread-1] INFO  server.RaftServerConfigKeys (ConfUtils.java:logGet(43)) - raft.server.snapshot.retention.num.files = 5 (custom)
2019-09-25 04:49:18,825 [pool-97-thread-1] INFO  server.RaftServerConfigKeys (ConfUtils.java:logGet(43)) - raft.server.retrycache.expirytime = 600000ms (custom)
2019-09-25 04:49:18,825 [ef95e979-b818-4083-9289-18188944726b@group-D1F83B79796B:LeaderElection7] INFO  impl.RoleInfo (RoleInfo.java:updateAndGet(143)) - ef95e979-b818-4083-9289-18188944726b: start LeaderState
2019-09-25 04:49:18,825 [ef95e979-b818-4083-9289-18188944726b@group-D1F83B79796B:LeaderElection7] INFO  segmented.SegmentedRaftLogWorker (SegmentedRaftLogWorker.java:startLogSegment(380)) - ef95e979-b818-4083-9289-18188944726b@group-D1F83B79796B-SegmentedRaftLogWorker: Starting segment from index:0
2019-09-25 04:49:18,826 [ef95e979-b818-4083-9289-18188944726b@group-D1F83B79796B:LeaderElection7] INFO  impl.RaftServerImpl (ServerState.java:setRaftConf(354)) - ef95e979-b818-4083-9289-18188944726b@group-D1F83B79796B: set configuration 0: [ef95e979-b818-4083-9289-18188944726b:192.168.164.207:36359], old=null at 0
2019-09-25 04:49:18,862 [0deae85c-a16a-4311-a0af-934f501df2cc@group-1B89D9E601B6:LeaderElection8] INFO  impl.LeaderElection (LeaderElection.java:askForVotes(182)) - 0deae85c-a16a-4311-a0af-934f501df2cc@group-1B89D9E601B6:LeaderElection8: begin an election at term 1 for -1: [0deae85c-a16a-4311-a0af-934f501df2cc:192.168.164.207:38744], old=null
2019-09-25 04:49:18,862 [0deae85c-a16a-4311-a0af-934f501df2cc@group-1B89D9E601B6:LeaderElection8] INFO  impl.RoleInfo (RoleInfo.java:shutdownLeaderElection(134)) - 0deae85c-a16a-4311-a0af-934f501df2cc: shutdown LeaderElection
2019-09-25 04:49:18,862 [0deae85c-a16a-4311-a0af-934f501df2cc@group-1B89D9E601B6:LeaderElection8] INFO  impl.RaftServerImpl (RaftServerImpl.java:setRole(174)) - 0deae85c-a16a-4311-a0af-934f501df2cc@group-1B89D9E601B6: changes role from CANDIDATE to LEADER at term 1 for changeToLeader
2019-09-25 04:49:18,862 [0deae85c-a16a-4311-a0af-934f501df2cc@group-1B89D9E601B6:LeaderElection8] INFO  impl.RaftServerImpl (ServerState.java:setLeader(253)) - 0deae85c-a16a-4311-a0af-934f501df2cc@group-1B89D9E601B6: change Leader from null to 0deae85c-a16a-4311-a0af-934f501df2cc at term 1 for becomeLeader, leader elected after 1131ms
2019-09-25 04:49:18,863 [0deae85c-a16a-4311-a0af-934f501df2cc@group-1B89D9E601B6:LeaderElection8] INFO  server.RaftServerConfigKeys (ConfUtils.java:logGet(43)) - raft.server.staging.catchup.gap = 1000 (default)
2019-09-25 04:49:18,863 [0deae85c-a16a-4311-a0af-934f501df2cc@group-1B89D9E601B6:LeaderElection8] INFO  server.RaftServerConfigKeys (ConfUtils.java:logGet(43)) - raft.server.rpc.sleep.time = 25ms (default)
2019-09-25 04:49:18,863 [0deae85c-a16a-4311-a0af-934f501df2cc@group-1B89D9E601B6:LeaderElection8] INFO  server.RaftServerConfigKeys (ConfUtils.java:logGet(43)) - raft.server.write.element-limit = 4096 (default)
2019-09-25 04:49:18,863 [0deae85c-a16a-4311-a0af-934f501df2cc@group-1B89D9E601B6:LeaderElection8] INFO  server.RaftServerConfigKeys (ConfUtils.java:logGet(43)) - raft.server.watch.timeout = 10s (default)
2019-09-25 04:49:18,863 [0deae85c-a16a-4311-a0af-934f501df2cc@group-1B89D9E601B6:LeaderElection8] INFO  server.RaftServerConfigKeys (ConfUtils.java:logGet(43)) - raft.server.watch.timeout.denomination = 1s (default)
2019-09-25 04:49:18,863 [0deae85c-a16a-4311-a0af-934f501df2cc@group-1B89D9E601B6:LeaderElection8] INFO  server.RaftServerConfigKeys (ConfUtils.java:logGet(43)) - raft.server.watch.element-limit = 65536 (default)
2019-09-25 04:49:18,864 [pool-97-thread-1] INFO  impl.RaftServerImpl (RaftServerImpl.java:start(185)) - 4a0ae61b-4689-46eb-b962-7605c7f95abd@group-CD767D1F5026: start as a follower, conf=-1: [4a0ae61b-4689-46eb-b962-7605c7f95abd:192.168.164.207:41419], old=null
2019-09-25 04:49:18,864 [pool-97-thread-1] INFO  impl.RaftServerImpl (RaftServerImpl.java:setRole(174)) - 4a0ae61b-4689-46eb-b962-7605c7f95abd@group-CD767D1F5026: changes role from      null to FOLLOWER at term 0 for startAsFollower
2019-09-25 04:49:18,864 [pool-97-thread-1] INFO  impl.RoleInfo (RoleInfo.java:updateAndGet(143)) - 4a0ae61b-4689-46eb-b962-7605c7f95abd: start FollowerState
2019-09-25 04:49:18,865 [pool-97-thread-1] INFO  util.JmxRegister (JmxRegister.java:tryRegister(44)) - Successfully registered JMX Bean with object name Ratis:service=RaftServer,group=group-CD767D1F5026,id=4a0ae61b-4689-46eb-b962-7605c7f95abd
2019-09-25 04:49:18,866 [0deae85c-a16a-4311-a0af-934f501df2cc@group-1B89D9E601B6:LeaderElection8] INFO  impl.RoleInfo (RoleInfo.java:updateAndGet(143)) - 0deae85c-a16a-4311-a0af-934f501df2cc: start LeaderState
2019-09-25 04:49:18,867 [0deae85c-a16a-4311-a0af-934f501df2cc@group-1B89D9E601B6:LeaderElection8] INFO  segmented.SegmentedRaftLogWorker (SegmentedRaftLogWorker.java:startLogSegment(380)) - 0deae85c-a16a-4311-a0af-934f501df2cc@group-1B89D9E601B6-SegmentedRaftLogWorker: Starting segment from index:0
2019-09-25 04:49:18,870 [0deae85c-a16a-4311-a0af-934f501df2cc@group-1B89D9E601B6:LeaderElection8] INFO  impl.RaftServerImpl (ServerState.java:setRaftConf(354)) - 0deae85c-a16a-4311-a0af-934f501df2cc@group-1B89D9E601B6: set configuration 0: [0deae85c-a16a-4311-a0af-934f501df2cc:192.168.164.207:38744], old=null at 0
2019-09-25 04:49:18,909 [ef95e979-b818-4083-9289-18188944726b@group-D1F83B79796B-SegmentedRaftLogWorker] INFO  segmented.SegmentedRaftLogWorker (SegmentedRaftLogWorker.java:execute(569)) - ef95e979-b818-4083-9289-18188944726b@group-D1F83B79796B-SegmentedRaftLogWorker: created new log segment /workdir/hadoop-ozone/integration-test/target/test-dir/MiniOzoneClusterImpl-73e7cd3e-72db-4213-b677-28bfbd198772/datanode-9/data/ratis/00b820f2-438d-4832-abd4-d1f83b79796b/current/log_inprogress_0
2019-09-25 04:49:18,911 [RatisPipelineUtilsThread] INFO  pipeline.PipelineStateManager (PipelineStateManager.java:addPipeline(56)) - Created pipeline Pipeline[ Id: 496aeb88-79a9-417f-a730-cd767d1f5026, Nodes: 4a0ae61b-4689-46eb-b962-7605c7f95abd{ip: 192.168.164.207, host: pr-hdds-1569-s44lr-3492059363, networkLocation: /default-rack, certSerialId: null}, Type:RATIS, Factor:ONE, State:OPEN]
2019-09-25 04:49:18,912 [RatisPipelineUtilsThread] INFO  pipeline.PipelinePlacementPolicy (PipelinePlacementPolicy.java:meetCriteria(91)) - Pipeline Placement: can't place more pipeline on heavy datanode： 0deae85c-a16a-4311-a0af-934f501df2cc Heaviness: 6 limit: 5
2019-09-25 04:49:18,924 [Thread-309] INFO  impl.FollowerState (FollowerState.java:run(106)) - 0deae85c-a16a-4311-a0af-934f501df2cc:group-74233E990A83 changes to CANDIDATE, lastRpcTime:1105, electionTimeout:1103ms
2019-09-25 04:49:18,924 [Thread-309] INFO  impl.RoleInfo (RoleInfo.java:shutdownFollowerState(121)) - 0deae85c-a16a-4311-a0af-934f501df2cc: shutdown FollowerState
2019-09-25 04:49:18,924 [Thread-309] INFO  impl.RaftServerImpl (RaftServerImpl.java:setRole(174)) - 0deae85c-a16a-4311-a0af-934f501df2cc@group-74233E990A83: changes role from  FOLLOWER to CANDIDATE at term 0 for changeToCandidate
2019-09-25 04:49:18,925 [Thread-309] INFO  impl.RoleInfo (RoleInfo.java:updateAndGet(143)) - 0deae85c-a16a-4311-a0af-934f501df2cc: start LeaderElection
2019-09-25 04:49:18,939 [0deae85c-a16a-4311-a0af-934f501df2cc@group-1B89D9E601B6-SegmentedRaftLogWorker] INFO  segmented.SegmentedRaftLogWorker (SegmentedRaftLogWorker.java:execute(569)) - 0deae85c-a16a-4311-a0af-934f501df2cc@group-1B89D9E601B6-SegmentedRaftLogWorker: created new log segment /workdir/hadoop-ozone/integration-test/target/test-dir/MiniOzoneClusterImpl-73e7cd3e-72db-4213-b677-28bfbd198772/datanode-0/data/ratis/8de48e8a-9476-4c0a-97d5-1b89d9e601b6/current/log_inprogress_0
2019-09-25 04:49:18,955 [grpc-default-executor-0] INFO  impl.RaftServerProxy (RaftServerProxy.java:addNew(89)) - 2f00ca3a-f523-476d-a77d-69389bdf1595: addNew group-8AA63A2B5A34:[2f00ca3a-f523-476d-a77d-69389bdf1595:192.168.164.207:39474] returns group-8AA63A2B5A34:java.util.concurrent.CompletableFuture@735282f4[Not completed]
2019-09-25 04:49:18,957 [pool-87-thread-1] INFO  impl.RaftServerImpl (RaftServerImpl.java:<init>(95)) - 2f00ca3a-f523-476d-a77d-69389bdf1595: new RaftServerImpl for group-8AA63A2B5A34:[2f00ca3a-f523-476d-a77d-69389bdf1595:192.168.164.207:39474] with ContainerStateMachine:uninitialized
2019-09-25 04:49:18,957 [pool-87-thread-1] INFO  server.RaftServerConfigKeys (ConfUtils.java:logGet(43)) - raft.server.rpc.timeout.min = 1s (custom)
2019-09-25 04:49:18,957 [pool-87-thread-1] INFO  server.RaftServerConfigKeys (ConfUtils.java:logGet(43)) - raft.server.rpc.timeout.max = 1200ms (custom)
2019-09-25 04:49:18,957 [pool-87-thread-1] INFO  server.RaftServerConfigKeys (ConfUtils.java:logGet(43)) - raft.server.rpcslowness.timeout = 120s (custom)
2019-09-25 04:49:18,957 [pool-87-thread-1] INFO  server.RaftServerConfigKeys (ConfUtils.java:logGet(43)) - raft.server.sleep.deviation.threshold = 300 (default)
2019-09-25 04:49:18,957 [pool-87-thread-1] INFO  server.RaftServerConfigKeys (ConfUtils.java:logGet(43)) - raft.server.log.appender.install.snapshot.enabled = false (custom)
2019-09-25 04:49:18,958 [pool-87-thread-1] INFO  impl.RaftServerImpl (ServerState.java:<init>(103)) - 2f00ca3a-f523-476d-a77d-69389bdf1595@group-8AA63A2B5A34: ConfigurationManager, init=-1: [2f00ca3a-f523-476d-a77d-69389bdf1595:192.168.164.207:39474], old=null, confs=<EMPTY_MAP>
2019-09-25 04:49:18,958 [pool-87-thread-1] INFO  server.RaftServerConfigKeys (ConfUtils.java:logGet(43)) - raft.server.storage.dir = [/workdir/hadoop-ozone/integration-test/target/test-dir/MiniOzoneClusterImpl-73e7cd3e-72db-4213-b677-28bfbd198772/datanode-6/data/ratis] (custom)
2019-09-25 04:49:18,958 [pool-87-thread-1] INFO  storage.RaftStorageDirectory (RaftStorageDirectory.java:analyzeStorage(246)) - The storage directory /workdir/hadoop-ozone/integration-test/target/test-dir/MiniOzoneClusterImpl-73e7cd3e-72db-4213-b677-28bfbd198772/datanode-6/data/ratis/d43aacb1-ce56-48a0-bff0-8aa63a2b5a34 does not exist. Creating ...
2019-09-25 04:49:18,963 [pool-87-thread-1] INFO  storage.RaftStorageDirectory (RaftStorageDirectory.java:tryLock(328)) - Lock on /workdir/hadoop-ozone/integration-test/target/test-dir/MiniOzoneClusterImpl-73e7cd3e-72db-4213-b677-28bfbd198772/datanode-6/data/ratis/d43aacb1-ce56-48a0-bff0-8aa63a2b5a34/in_use.lock acquired by nodename 6977@pr-hdds-1569-s44lr-3492059363
2019-09-25 04:49:18,963 [0deae85c-a16a-4311-a0af-934f501df2cc@group-74233E990A83:LeaderElection9] INFO  impl.LeaderElection (LeaderElection.java:askForVotes(182)) - 0deae85c-a16a-4311-a0af-934f501df2cc@group-74233E990A83:LeaderElection9: begin an election at term 1 for -1: [0deae85c-a16a-4311-a0af-934f501df2cc:192.168.164.207:38744], old=null
2019-09-25 04:49:18,963 [0deae85c-a16a-4311-a0af-934f501df2cc@group-74233E990A83:LeaderElection9] INFO  impl.RoleInfo (RoleInfo.java:shutdownLeaderElection(134)) - 0deae85c-a16a-4311-a0af-934f501df2cc: shutdown LeaderElection
2019-09-25 04:49:18,964 [0deae85c-a16a-4311-a0af-934f501df2cc@group-74233E990A83:LeaderElection9] INFO  impl.RaftServerImpl (RaftServerImpl.java:setRole(174)) - 0deae85c-a16a-4311-a0af-934f501df2cc@group-74233E990A83: changes role from CANDIDATE to LEADER at term 1 for changeToLeader
2019-09-25 04:49:18,964 [0deae85c-a16a-4311-a0af-934f501df2cc@group-74233E990A83:LeaderElection9] INFO  impl.RaftServerImpl (ServerState.java:setLeader(253)) - 0deae85c-a16a-4311-a0af-934f501df2cc@group-74233E990A83: change Leader from null to 0deae85c-a16a-4311-a0af-934f501df2cc at term 1 for becomeLeader, leader elected after 1161ms
2019-09-25 04:49:18,964 [0deae85c-a16a-4311-a0af-934f501df2cc@group-74233E990A83:LeaderElection9] INFO  server.RaftServerConfigKeys (ConfUtils.java:logGet(43)) - raft.server.staging.catchup.gap = 1000 (default)
2019-09-25 04:49:18,964 [0deae85c-a16a-4311-a0af-934f501df2cc@group-74233E990A83:LeaderElection9] INFO  server.RaftServerConfigKeys (ConfUtils.java:logGet(43)) - raft.server.rpc.sleep.time = 25ms (default)
2019-09-25 04:49:18,964 [0deae85c-a16a-4311-a0af-934f501df2cc@group-74233E990A83:LeaderElection9] INFO  server.RaftServerConfigKeys (ConfUtils.java:logGet(43)) - raft.server.write.element-limit = 4096 (default)
2019-09-25 04:49:18,965 [0deae85c-a16a-4311-a0af-934f501df2cc@group-74233E990A83:LeaderElection9] INFO  server.RaftServerConfigKeys (ConfUtils.java:logGet(43)) - raft.server.watch.timeout = 10s (default)
2019-09-25 04:49:18,965 [0deae85c-a16a-4311-a0af-934f501df2cc@group-74233E990A83:LeaderElection9] INFO  server.RaftServerConfigKeys (ConfUtils.java:logGet(43)) - raft.server.watch.timeout.denomination = 1s (default)
2019-09-25 04:49:18,965 [0deae85c-a16a-4311-a0af-934f501df2cc@group-74233E990A83:LeaderElection9] INFO  server.RaftServerConfigKeys (ConfUtils.java:logGet(43)) - raft.server.watch.element-limit = 65536 (default)
2019-09-25 04:49:18,969 [0deae85c-a16a-4311-a0af-934f501df2cc@group-74233E990A83:LeaderElection9] INFO  impl.RoleInfo (RoleInfo.java:updateAndGet(143)) - 0deae85c-a16a-4311-a0af-934f501df2cc: start LeaderState
2019-09-25 04:49:18,969 [0deae85c-a16a-4311-a0af-934f501df2cc@group-74233E990A83:LeaderElection9] INFO  segmented.SegmentedRaftLogWorker (SegmentedRaftLogWorker.java:startLogSegment(380)) - 0deae85c-a16a-4311-a0af-934f501df2cc@group-74233E990A83-SegmentedRaftLogWorker: Starting segment from index:0
2019-09-25 04:49:18,970 [0deae85c-a16a-4311-a0af-934f501df2cc@group-74233E990A83:LeaderElection9] INFO  impl.RaftServerImpl (ServerState.java:setRaftConf(354)) - 0deae85c-a16a-4311-a0af-934f501df2cc@group-74233E990A83: set configuration 0: [0deae85c-a16a-4311-a0af-934f501df2cc:192.168.164.207:38744], old=null at 0
2019-09-25 04:49:19,016 [pool-87-thread-1] INFO  storage.RaftStorage (RaftStorage.java:format(72)) - Storage directory /workdir/hadoop-ozone/integration-test/target/test-dir/MiniOzoneClusterImpl-73e7cd3e-72db-4213-b677-28bfbd198772/datanode-6/data/ratis/d43aacb1-ce56-48a0-bff0-8aa63a2b5a34 has been successfully formatted.
2019-09-25 04:49:19,023 [0deae85c-a16a-4311-a0af-934f501df2cc@group-74233E990A83-SegmentedRaftLogWorker] INFO  segmented.SegmentedRaftLogWorker (SegmentedRaftLogWorker.java:execute(569)) - 0deae85c-a16a-4311-a0af-934f501df2cc@group-74233E990A83-SegmentedRaftLogWorker: created new log segment /workdir/hadoop-ozone/integration-test/target/test-dir/MiniOzoneClusterImpl-73e7cd3e-72db-4213-b677-28bfbd198772/datanode-0/data/ratis/90aa3c71-c2be-4ebb-954a-74233e990a83/current/log_inprogress_0
2019-09-25 04:49:19,023 [pool-87-thread-1] INFO  ratis.ContainerStateMachine (ContainerStateMachine.java:loadSnapshot(230)) - group-8AA63A2B5A34: The snapshot info is null. Setting the last applied indexto:(t:0, i:~)
2019-09-25 04:49:19,024 [pool-87-thread-1] INFO  server.RaftServerConfigKeys (ConfUtils.java:logGet(43)) - raft.server.notification.no-leader.timeout = 120s (custom)
2019-09-25 04:49:19,024 [pool-87-thread-1] INFO  server.RaftServerConfigKeys (ConfUtils.java:logGet(43)) - raft.server.log.use.memory = false (default)
2019-09-25 04:49:19,024 [pool-87-thread-1] INFO  server.RaftServerConfigKeys (ConfUtils.java:logGet(43)) - raft.server.log.purge.gap = 1000000 (custom)
2019-09-25 04:49:19,024 [pool-87-thread-1] INFO  server.RaftServerConfigKeys (ConfUtils.java:logGet(43)) - raft.server.log.appender.buffer.byte-limit = 33554432 (custom)
2019-09-25 04:49:19,024 [pool-87-thread-1] INFO  server.RaftServerConfigKeys (ConfUtils.java:logGet(43)) - raft.server.log.segment.size.max = 1048576 (custom)
2019-09-25 04:49:19,024 [pool-87-thread-1] INFO  server.RaftServerConfigKeys (ConfUtils.java:logGet(43)) - raft.server.log.segment.cache.num.max = 2 (custom)
2019-09-25 04:49:19,024 [pool-87-thread-1] INFO  segmented.SegmentedRaftLogWorker (SegmentedRaftLogWorker.java:<init>(172)) - new 2f00ca3a-f523-476d-a77d-69389bdf1595@group-8AA63A2B5A34-SegmentedRaftLogWorker for RaftStorage:Storage Directory /workdir/hadoop-ozone/integration-test/target/test-dir/MiniOzoneClusterImpl-73e7cd3e-72db-4213-b677-28bfbd198772/datanode-6/data/ratis/d43aacb1-ce56-48a0-bff0-8aa63a2b5a34
2019-09-25 04:49:19,025 [pool-87-thread-1] INFO  server.RaftServerConfigKeys (ConfUtils.java:logGet(43)) - raft.server.log.queue.byte-limit = 2147483647 (custom)
2019-09-25 04:49:19,025 [pool-87-thread-1] INFO  server.RaftServerConfigKeys (ConfUtils.java:logGet(43)) - raft.server.log.queue.element-limit = 1024 (custom)
2019-09-25 04:49:19,025 [pool-87-thread-1] INFO  server.RaftServerConfigKeys (ConfUtils.java:logGet(43)) - raft.server.log.segment.size.max = 1048576 (custom)
2019-09-25 04:49:19,025 [pool-87-thread-1] INFO  server.RaftServerConfigKeys (ConfUtils.java:logGet(43)) - raft.server.log.preallocated.size = 16384 (custom)
2019-09-25 04:49:19,025 [pool-87-thread-1] INFO  server.RaftServerConfigKeys (ConfUtils.java:logGet(43)) - raft.server.log.write.buffer.size = 33554432 (custom)
2019-09-25 04:49:19,025 [pool-87-thread-1] INFO  server.RaftServerConfigKeys (ConfUtils.java:logGet(43)) - raft.server.log.force.sync.num = 128 (default)
2019-09-25 04:49:19,025 [pool-87-thread-1] INFO  server.RaftServerConfigKeys (ConfUtils.java:logGet(43)) - raft.server.log.statemachine.data.sync = true (default)
2019-09-25 04:49:19,025 [pool-87-thread-1] INFO  server.RaftServerConfigKeys (ConfUtils.java:logGet(43)) - raft.server.log.statemachine.data.sync.timeout = 10s (default)
2019-09-25 04:49:19,026 [pool-87-thread-1] INFO  server.RaftServerConfigKeys (ConfUtils.java:logGet(43)) - raft.server.log.statemachine.data.sync.timeout.retry = -1 (default)
2019-09-25 04:49:19,026 [pool-87-thread-1] INFO  server.RaftServerConfigKeys (ConfUtils.java:logGet(43)) - raft.server.log.statemachine.data.caching.enabled = true (custom)
2019-09-25 04:49:19,026 [pool-87-thread-1] INFO  segmented.SegmentedRaftLogWorker (SegmentedRaftLogWorker.java:lambda$new$0(132)) - 2f00ca3a-f523-476d-a77d-69389bdf1595@group-8AA63A2B5A34-SegmentedRaftLogWorker: flushIndex: setUnconditionally 0 -> -1
2019-09-25 04:49:19,026 [pool-87-thread-1] INFO  server.RaftServerConfigKeys (ConfUtils.java:logGet(43)) - raft.server.snapshot.auto.trigger.enabled = true (custom)
2019-09-25 04:49:19,027 [pool-87-thread-1] INFO  server.RaftServerConfigKeys (ConfUtils.java:logGet(43)) - raft.server.snapshot.auto.trigger.threshold = 10000 (custom)
2019-09-25 04:49:19,027 [pool-87-thread-1] INFO  server.RaftServerConfigKeys (ConfUtils.java:logGet(43)) - raft.server.snapshot.retention.num.files = 5 (custom)
2019-09-25 04:49:19,027 [pool-87-thread-1] INFO  server.RaftServerConfigKeys (ConfUtils.java:logGet(43)) - raft.server.retrycache.expirytime = 600000ms (custom)
2019-09-25 04:49:19,034 [pool-87-thread-1] INFO  impl.RaftServerImpl (RaftServerImpl.java:start(185)) - 2f00ca3a-f523-476d-a77d-69389bdf1595@group-8AA63A2B5A34: start as a follower, conf=-1: [2f00ca3a-f523-476d-a77d-69389bdf1595:192.168.164.207:39474], old=null
2019-09-25 04:49:19,034 [pool-87-thread-1] INFO  impl.RaftServerImpl (RaftServerImpl.java:setRole(174)) - 2f00ca3a-f523-476d-a77d-69389bdf1595@group-8AA63A2B5A34: changes role from      null to FOLLOWER at term 0 for startAsFollower
2019-09-25 04:49:19,034 [pool-87-thread-1] INFO  impl.RoleInfo (RoleInfo.java:updateAndGet(143)) - 2f00ca3a-f523-476d-a77d-69389bdf1595: start FollowerState
2019-09-25 04:49:19,045 [pool-87-thread-1] INFO  util.JmxRegister (JmxRegister.java:tryRegister(44)) - Successfully registered JMX Bean with object name Ratis:service=RaftServer,group=group-8AA63A2B5A34,id=2f00ca3a-f523-476d-a77d-69389bdf1595
2019-09-25 04:49:19,057 [main] INFO  rpc.RpcClient (RpcClient.java:createVolume(276)) - Creating Volume: datanodefailurehandlingtest, with jenkins1000 as owner.
2019-09-25 04:49:19,073 [RatisPipelineUtilsThread] INFO  pipeline.PipelineStateManager (PipelineStateManager.java:addPipeline(56)) - Created pipeline Pipeline[ Id: d43aacb1-ce56-48a0-bff0-8aa63a2b5a34, Nodes: 2f00ca3a-f523-476d-a77d-69389bdf1595{ip: 192.168.164.207, host: pr-hdds-1569-s44lr-3492059363, networkLocation: /default-rack, certSerialId: null}, Type:RATIS, Factor:ONE, State:OPEN]
2019-09-25 04:49:19,074 [RatisPipelineUtilsThread] INFO  pipeline.PipelinePlacementPolicy (PipelinePlacementPolicy.java:meetCriteria(91)) - Pipeline Placement: can't place more pipeline on heavy datanode： 0deae85c-a16a-4311-a0af-934f501df2cc Heaviness: 6 limit: 5
2019-09-25 04:49:19,088 [grpc-default-executor-0] INFO  impl.RaftServerProxy (RaftServerProxy.java:addNew(89)) - fcf37978-6168-4314-87d6-0e8a7c1fc6e1: addNew group-939E19D20AEE:[fcf37978-6168-4314-87d6-0e8a7c1fc6e1:192.168.164.207:44984] returns group-939E19D20AEE:java.util.concurrent.CompletableFuture@72e5acaa[Not completed]
2019-09-25 04:49:19,091 [pool-57-thread-1] INFO  impl.RaftServerImpl (RaftServerImpl.java:<init>(95)) - fcf37978-6168-4314-87d6-0e8a7c1fc6e1: new RaftServerImpl for group-939E19D20AEE:[fcf37978-6168-4314-87d6-0e8a7c1fc6e1:192.168.164.207:44984] with ContainerStateMachine:uninitialized
2019-09-25 04:49:19,091 [pool-57-thread-1] INFO  server.RaftServerConfigKeys (ConfUtils.java:logGet(43)) - raft.server.rpc.timeout.min = 1s (custom)
2019-09-25 04:49:19,091 [pool-57-thread-1] INFO  server.RaftServerConfigKeys (ConfUtils.java:logGet(43)) - raft.server.rpc.timeout.max = 1200ms (custom)
2019-09-25 04:49:19,091 [pool-57-thread-1] INFO  server.RaftServerConfigKeys (ConfUtils.java:logGet(43)) - raft.server.rpcslowness.timeout = 120s (custom)
2019-09-25 04:49:19,092 [pool-57-thread-1] INFO  server.RaftServerConfigKeys (ConfUtils.java:logGet(43)) - raft.server.sleep.deviation.threshold = 300 (default)
2019-09-25 04:49:19,092 [pool-57-thread-1] INFO  server.RaftServerConfigKeys (ConfUtils.java:logGet(43)) - raft.server.log.appender.install.snapshot.enabled = false (custom)
2019-09-25 04:49:19,092 [pool-57-thread-1] INFO  impl.RaftServerImpl (ServerState.java:<init>(103)) - fcf37978-6168-4314-87d6-0e8a7c1fc6e1@group-939E19D20AEE: ConfigurationManager, init=-1: [fcf37978-6168-4314-87d6-0e8a7c1fc6e1:192.168.164.207:44984], old=null, confs=<EMPTY_MAP>
2019-09-25 04:49:19,092 [pool-57-thread-1] INFO  server.RaftServerConfigKeys (ConfUtils.java:logGet(43)) - raft.server.storage.dir = [/workdir/hadoop-ozone/integration-test/target/test-dir/MiniOzoneClusterImpl-73e7cd3e-72db-4213-b677-28bfbd198772/datanode-3/data/ratis] (custom)
2019-09-25 04:49:19,092 [pool-57-thread-1] INFO  storage.RaftStorageDirectory (RaftStorageDirectory.java:analyzeStorage(246)) - The storage directory /workdir/hadoop-ozone/integration-test/target/test-dir/MiniOzoneClusterImpl-73e7cd3e-72db-4213-b677-28bfbd198772/datanode-3/data/ratis/09ba0c90-5391-4f22-8115-939e19d20aee does not exist. Creating ...
2019-09-25 04:49:19,106 [pool-57-thread-1] INFO  storage.RaftStorageDirectory (RaftStorageDirectory.java:tryLock(328)) - Lock on /workdir/hadoop-ozone/integration-test/target/test-dir/MiniOzoneClusterImpl-73e7cd3e-72db-4213-b677-28bfbd198772/datanode-3/data/ratis/09ba0c90-5391-4f22-8115-939e19d20aee/in_use.lock acquired by nodename 6977@pr-hdds-1569-s44lr-3492059363
2019-09-25 04:49:19,111 [Thread-283] INFO  container.ReplicationManager (ReplicationManager.java:start(163)) - Starting Replication Monitor Thread.
2019-09-25 04:49:19,113 [ReplicationMonitor] INFO  container.ReplicationManager (ReplicationManager.java:run(226)) - Replication Monitor Thread took 1 milliseconds for processing 0 containers.
2019-09-25 04:49:19,118 [pool-57-thread-1] INFO  storage.RaftStorage (RaftStorage.java:format(72)) - Storage directory /workdir/hadoop-ozone/integration-test/target/test-dir/MiniOzoneClusterImpl-73e7cd3e-72db-4213-b677-28bfbd198772/datanode-3/data/ratis/09ba0c90-5391-4f22-8115-939e19d20aee has been successfully formatted.
2019-09-25 04:49:19,119 [pool-57-thread-1] INFO  ratis.ContainerStateMachine (ContainerStateMachine.java:loadSnapshot(230)) - group-939E19D20AEE: The snapshot info is null. Setting the last applied indexto:(t:0, i:~)
2019-09-25 04:49:19,119 [pool-57-thread-1] INFO  server.RaftServerConfigKeys (ConfUtils.java:logGet(43)) - raft.server.notification.no-leader.timeout = 120s (custom)
2019-09-25 04:49:19,119 [pool-57-thread-1] INFO  server.RaftServerConfigKeys (ConfUtils.java:logGet(43)) - raft.server.log.use.memory = false (default)
2019-09-25 04:49:19,119 [pool-57-thread-1] INFO  server.RaftServerConfigKeys (ConfUtils.java:logGet(43)) - raft.server.log.purge.gap = 1000000 (custom)
2019-09-25 04:49:19,119 [pool-57-thread-1] INFO  server.RaftServerConfigKeys (ConfUtils.java:logGet(43)) - raft.server.log.appender.buffer.byte-limit = 33554432 (custom)
2019-09-25 04:49:19,120 [pool-57-thread-1] INFO  server.RaftServerConfigKeys (ConfUtils.java:logGet(43)) - raft.server.log.segment.size.max = 1048576 (custom)
2019-09-25 04:49:19,120 [pool-57-thread-1] INFO  server.RaftServerConfigKeys (ConfUtils.java:logGet(43)) - raft.server.log.segment.cache.num.max = 2 (custom)
2019-09-25 04:49:19,120 [pool-57-thread-1] INFO  segmented.SegmentedRaftLogWorker (SegmentedRaftLogWorker.java:<init>(172)) - new fcf37978-6168-4314-87d6-0e8a7c1fc6e1@group-939E19D20AEE-SegmentedRaftLogWorker for RaftStorage:Storage Directory /workdir/hadoop-ozone/integration-test/target/test-dir/MiniOzoneClusterImpl-73e7cd3e-72db-4213-b677-28bfbd198772/datanode-3/data/ratis/09ba0c90-5391-4f22-8115-939e19d20aee
2019-09-25 04:49:19,120 [pool-57-thread-1] INFO  server.RaftServerConfigKeys (ConfUtils.java:logGet(43)) - raft.server.log.queue.byte-limit = 2147483647 (custom)
2019-09-25 04:49:19,120 [pool-57-thread-1] INFO  server.RaftServerConfigKeys (ConfUtils.java:logGet(43)) - raft.server.log.queue.element-limit = 1024 (custom)
2019-09-25 04:49:19,120 [pool-57-thread-1] INFO  server.RaftServerConfigKeys (ConfUtils.java:logGet(43)) - raft.server.log.segment.size.max = 1048576 (custom)
2019-09-25 04:49:19,120 [pool-57-thread-1] INFO  server.RaftServerConfigKeys (ConfUtils.java:logGet(43)) - raft.server.log.preallocated.size = 16384 (custom)
2019-09-25 04:49:19,121 [pool-57-thread-1] INFO  server.RaftServerConfigKeys (ConfUtils.java:logGet(43)) - raft.server.log.write.buffer.size = 33554432 (custom)
2019-09-25 04:49:19,121 [pool-57-thread-1] INFO  server.RaftServerConfigKeys (ConfUtils.java:logGet(43)) - raft.server.log.force.sync.num = 128 (default)
2019-09-25 04:49:19,121 [pool-57-thread-1] INFO  server.RaftServerConfigKeys (ConfUtils.java:logGet(43)) - raft.server.log.statemachine.data.sync = true (default)
2019-09-25 04:49:19,121 [pool-57-thread-1] INFO  server.RaftServerConfigKeys (ConfUtils.java:logGet(43)) - raft.server.log.statemachine.data.sync.timeout = 10s (default)
2019-09-25 04:49:19,121 [pool-57-thread-1] INFO  server.RaftServerConfigKeys (ConfUtils.java:logGet(43)) - raft.server.log.statemachine.data.sync.timeout.retry = -1 (default)
2019-09-25 04:49:19,122 [pool-57-thread-1] INFO  server.RaftServerConfigKeys (ConfUtils.java:logGet(43)) - raft.server.log.statemachine.data.caching.enabled = true (custom)
2019-09-25 04:49:19,122 [pool-57-thread-1] INFO  segmented.SegmentedRaftLogWorker (SegmentedRaftLogWorker.java:lambda$new$0(132)) - fcf37978-6168-4314-87d6-0e8a7c1fc6e1@group-939E19D20AEE-SegmentedRaftLogWorker: flushIndex: setUnconditionally 0 -> -1
2019-09-25 04:49:19,122 [pool-57-thread-1] INFO  server.RaftServerConfigKeys (ConfUtils.java:logGet(43)) - raft.server.snapshot.auto.trigger.enabled = true (custom)
2019-09-25 04:49:19,122 [pool-57-thread-1] INFO  server.RaftServerConfigKeys (ConfUtils.java:logGet(43)) - raft.server.snapshot.auto.trigger.threshold = 10000 (custom)
2019-09-25 04:49:19,122 [pool-57-thread-1] INFO  server.RaftServerConfigKeys (ConfUtils.java:logGet(43)) - raft.server.snapshot.retention.num.files = 5 (custom)
2019-09-25 04:49:19,123 [pool-57-thread-1] INFO  server.RaftServerConfigKeys (ConfUtils.java:logGet(43)) - raft.server.retrycache.expirytime = 600000ms (custom)
2019-09-25 04:49:19,125 [pool-57-thread-1] INFO  impl.RaftServerImpl (RaftServerImpl.java:start(185)) - fcf37978-6168-4314-87d6-0e8a7c1fc6e1@group-939E19D20AEE: start as a follower, conf=-1: [fcf37978-6168-4314-87d6-0e8a7c1fc6e1:192.168.164.207:44984], old=null
2019-09-25 04:49:19,125 [pool-57-thread-1] INFO  impl.RaftServerImpl (RaftServerImpl.java:setRole(174)) - fcf37978-6168-4314-87d6-0e8a7c1fc6e1@group-939E19D20AEE: changes role from      null to FOLLOWER at term 0 for startAsFollower
2019-09-25 04:49:19,125 [pool-57-thread-1] INFO  impl.RoleInfo (RoleInfo.java:updateAndGet(143)) - fcf37978-6168-4314-87d6-0e8a7c1fc6e1: start FollowerState
2019-09-25 04:49:19,126 [pool-57-thread-1] INFO  util.JmxRegister (JmxRegister.java:tryRegister(44)) - Successfully registered JMX Bean with object name Ratis:service=RaftServer,group=group-939E19D20AEE,id=fcf37978-6168-4314-87d6-0e8a7c1fc6e1
2019-09-25 04:49:19,429 [Thread-323] INFO  impl.FollowerState (FollowerState.java:run(106)) - 4900d303-9ac7-4a86-9389-d77749add813:group-71245CA931F9 changes to CANDIDATE, lastRpcTime:1154, electionTimeout:1111ms
2019-09-25 04:49:19,434 [Thread-317] INFO  impl.FollowerState (FollowerState.java:run(106)) - 0deae85c-a16a-4311-a0af-934f501df2cc:group-0A4A12A99BD7 changes to CANDIDATE, lastRpcTime:1292, electionTimeout:1156ms
2019-09-25 04:49:19,436 [Thread-320] INFO  impl.FollowerState (FollowerState.java:run(106)) - 4900d303-9ac7-4a86-9389-d77749add813:group-03DCD32FC418 changes to CANDIDATE, lastRpcTime:1231, electionTimeout:1004ms
2019-09-25 04:49:19,436 [Thread-313] INFO  impl.FollowerState (FollowerState.java:run(106)) - 3875a0db-bcd0-4e93-a77c-33ac6d7b4cc5:group-11C6BF4BB3B7 changes to CANDIDATE, lastRpcTime:1392, electionTimeout:1193ms
2019-09-25 04:49:19,500 [Thread-320] INFO  impl.RoleInfo (RoleInfo.java:shutdownFollowerState(121)) - 4900d303-9ac7-4a86-9389-d77749add813: shutdown FollowerState
2019-09-25 04:49:19,500 [Thread-332] INFO  impl.FollowerState (FollowerState.java:run(106)) - ef17bb0f-3839-4724-ad21-94b92a6e25d3:group-8AB62AD67E01 changes to CANDIDATE, lastRpcTime:1099, electionTimeout:1075ms
2019-09-25 04:49:19,456 [Thread-317] INFO  impl.RoleInfo (RoleInfo.java:shutdownFollowerState(121)) - 0deae85c-a16a-4311-a0af-934f501df2cc: shutdown FollowerState
2019-09-25 04:49:19,440 [Thread-323] INFO  impl.RoleInfo (RoleInfo.java:shutdownFollowerState(121)) - 4900d303-9ac7-4a86-9389-d77749add813: shutdown FollowerState
2019-09-25 04:49:19,440 [Thread-329] INFO  impl.FollowerState (FollowerState.java:run(106)) - fcf37978-6168-4314-87d6-0e8a7c1fc6e1:group-D430901E1EF5 changes to CANDIDATE, lastRpcTime:1084, electionTimeout:1009ms
2019-09-25 04:49:19,525 [Thread-323] INFO  impl.RaftServerImpl (RaftServerImpl.java:setRole(174)) - 4900d303-9ac7-4a86-9389-d77749add813@group-71245CA931F9: changes role from  FOLLOWER to CANDIDATE at term 0 for changeToCandidate
2019-09-25 04:49:19,525 [Thread-317] INFO  impl.RaftServerImpl (RaftServerImpl.java:setRole(174)) - 0deae85c-a16a-4311-a0af-934f501df2cc@group-0A4A12A99BD7: changes role from  FOLLOWER to CANDIDATE at term 0 for changeToCandidate
2019-09-25 04:49:19,507 [Thread-332] INFO  impl.RoleInfo (RoleInfo.java:shutdownFollowerState(121)) - ef17bb0f-3839-4724-ad21-94b92a6e25d3: shutdown FollowerState
2019-09-25 04:49:19,504 [Thread-320] INFO  impl.RaftServerImpl (RaftServerImpl.java:setRole(174)) - 4900d303-9ac7-4a86-9389-d77749add813@group-03DCD32FC418: changes role from  FOLLOWER to CANDIDATE at term 0 for changeToCandidate
2019-09-25 04:49:19,504 [RatisPipelineUtilsThread] INFO  pipeline.PipelineStateManager (PipelineStateManager.java:addPipeline(56)) - Created pipeline Pipeline[ Id: 09ba0c90-5391-4f22-8115-939e19d20aee, Nodes: fcf37978-6168-4314-87d6-0e8a7c1fc6e1{ip: 192.168.164.207, host: pr-hdds-1569-s44lr-3492059363, networkLocation: /default-rack, certSerialId: null}, Type:RATIS, Factor:ONE, State:OPEN]
2019-09-25 04:49:19,501 [Thread-313] INFO  impl.RoleInfo (RoleInfo.java:shutdownFollowerState(121)) - 3875a0db-bcd0-4e93-a77c-33ac6d7b4cc5: shutdown FollowerState
2019-09-25 04:49:19,549 [Thread-320] INFO  impl.RoleInfo (RoleInfo.java:updateAndGet(143)) - 4900d303-9ac7-4a86-9389-d77749add813: start LeaderElection
2019-09-25 04:49:19,546 [Thread-317] INFO  impl.RoleInfo (RoleInfo.java:updateAndGet(143)) - 0deae85c-a16a-4311-a0af-934f501df2cc: start LeaderElection
2019-09-25 04:49:19,546 [Thread-332] INFO  impl.RaftServerImpl (RaftServerImpl.java:setRole(174)) - ef17bb0f-3839-4724-ad21-94b92a6e25d3@group-8AB62AD67E01: changes role from  FOLLOWER to CANDIDATE at term 0 for changeToCandidate
2019-09-25 04:49:19,546 [Thread-323] INFO  impl.RoleInfo (RoleInfo.java:updateAndGet(143)) - 4900d303-9ac7-4a86-9389-d77749add813: start LeaderElection
2019-09-25 04:49:19,546 [Thread-329] INFO  impl.RoleInfo (RoleInfo.java:shutdownFollowerState(121)) - fcf37978-6168-4314-87d6-0e8a7c1fc6e1: shutdown FollowerState
2019-09-25 04:49:19,550 [Thread-332] INFO  impl.RoleInfo (RoleInfo.java:updateAndGet(143)) - ef17bb0f-3839-4724-ad21-94b92a6e25d3: start LeaderElection
2019-09-25 04:49:19,550 [RatisPipelineUtilsThread] INFO  pipeline.PipelinePlacementPolicy (PipelinePlacementPolicy.java:meetCriteria(91)) - Pipeline Placement: can't place more pipeline on heavy datanode： 0deae85c-a16a-4311-a0af-934f501df2cc Heaviness: 6 limit: 5
2019-09-25 04:49:19,549 [Thread-313] INFO  impl.RaftServerImpl (RaftServerImpl.java:setRole(174)) - 3875a0db-bcd0-4e93-a77c-33ac6d7b4cc5@group-11C6BF4BB3B7: changes role from  FOLLOWER to CANDIDATE at term 0 for changeToCandidate
2019-09-25 04:49:19,569 [Thread-329] INFO  impl.RaftServerImpl (RaftServerImpl.java:setRole(174)) - fcf37978-6168-4314-87d6-0e8a7c1fc6e1@group-D430901E1EF5: changes role from  FOLLOWER to CANDIDATE at term 0 for changeToCandidate
2019-09-25 04:49:19,577 [Thread-313] INFO  impl.RoleInfo (RoleInfo.java:updateAndGet(143)) - 3875a0db-bcd0-4e93-a77c-33ac6d7b4cc5: start LeaderElection
2019-09-25 04:49:19,577 [Thread-329] INFO  impl.RoleInfo (RoleInfo.java:updateAndGet(143)) - fcf37978-6168-4314-87d6-0e8a7c1fc6e1: start LeaderElection
2019-09-25 04:49:19,577 [0deae85c-a16a-4311-a0af-934f501df2cc@group-0A4A12A99BD7:LeaderElection11] INFO  impl.LeaderElection (LeaderElection.java:askForVotes(182)) - 0deae85c-a16a-4311-a0af-934f501df2cc@group-0A4A12A99BD7:LeaderElection11: begin an election at term 1 for -1: [0deae85c-a16a-4311-a0af-934f501df2cc:192.168.164.207:38744], old=null
2019-09-25 04:49:19,577 [4900d303-9ac7-4a86-9389-d77749add813@group-03DCD32FC418:LeaderElection12] INFO  impl.LeaderElection (LeaderElection.java:askForVotes(182)) - 4900d303-9ac7-4a86-9389-d77749add813@group-03DCD32FC418:LeaderElection12: begin an election at term 1 for -1: [4900d303-9ac7-4a86-9389-d77749add813:192.168.164.207:37431], old=null
2019-09-25 04:49:19,577 [4900d303-9ac7-4a86-9389-d77749add813@group-71245CA931F9:LeaderElection10] INFO  impl.LeaderElection (LeaderElection.java:askForVotes(182)) - 4900d303-9ac7-4a86-9389-d77749add813@group-71245CA931F9:LeaderElection10: begin an election at term 1 for -1: [4900d303-9ac7-4a86-9389-d77749add813:192.168.164.207:37431], old=null
2019-09-25 04:49:19,587 [4900d303-9ac7-4a86-9389-d77749add813@group-03DCD32FC418:LeaderElection12] INFO  impl.RoleInfo (RoleInfo.java:shutdownLeaderElection(134)) - 4900d303-9ac7-4a86-9389-d77749add813: shutdown LeaderElection
2019-09-25 04:49:19,582 [0deae85c-a16a-4311-a0af-934f501df2cc@group-0A4A12A99BD7:LeaderElection11] INFO  impl.RoleInfo (RoleInfo.java:shutdownLeaderElection(134)) - 0deae85c-a16a-4311-a0af-934f501df2cc: shutdown LeaderElection
2019-09-25 04:49:19,591 [4900d303-9ac7-4a86-9389-d77749add813@group-03DCD32FC418:LeaderElection12] INFO  impl.RaftServerImpl (RaftServerImpl.java:setRole(174)) - 4900d303-9ac7-4a86-9389-d77749add813@group-03DCD32FC418: changes role from CANDIDATE to LEADER at term 1 for changeToLeader
2019-09-25 04:49:19,591 [4900d303-9ac7-4a86-9389-d77749add813@group-71245CA931F9:LeaderElection10] INFO  impl.RoleInfo (RoleInfo.java:shutdownLeaderElection(134)) - 4900d303-9ac7-4a86-9389-d77749add813: shutdown LeaderElection
2019-09-25 04:49:19,591 [4900d303-9ac7-4a86-9389-d77749add813@group-03DCD32FC418:LeaderElection12] INFO  impl.RaftServerImpl (ServerState.java:setLeader(253)) - 4900d303-9ac7-4a86-9389-d77749add813@group-03DCD32FC418: change Leader from null to 4900d303-9ac7-4a86-9389-d77749add813 at term 1 for becomeLeader, leader elected after 1393ms
2019-09-25 04:49:19,591 [0deae85c-a16a-4311-a0af-934f501df2cc@group-0A4A12A99BD7:LeaderElection11] INFO  impl.RaftServerImpl (RaftServerImpl.java:setRole(174)) - 0deae85c-a16a-4311-a0af-934f501df2cc@group-0A4A12A99BD7: changes role from CANDIDATE to LEADER at term 1 for changeToLeader
2019-09-25 04:49:19,592 [4900d303-9ac7-4a86-9389-d77749add813@group-03DCD32FC418:LeaderElection12] INFO  server.RaftServerConfigKeys (ConfUtils.java:logGet(43)) - raft.server.staging.catchup.gap = 1000 (default)
2019-09-25 04:49:19,591 [4900d303-9ac7-4a86-9389-d77749add813@group-71245CA931F9:LeaderElection10] INFO  impl.RaftServerImpl (RaftServerImpl.java:setRole(174)) - 4900d303-9ac7-4a86-9389-d77749add813@group-71245CA931F9: changes role from CANDIDATE to LEADER at term 1 for changeToLeader
2019-09-25 04:49:19,592 [4900d303-9ac7-4a86-9389-d77749add813@group-03DCD32FC418:LeaderElection12] INFO  server.RaftServerConfigKeys (ConfUtils.java:logGet(43)) - raft.server.rpc.sleep.time = 25ms (default)
2019-09-25 04:49:19,592 [0deae85c-a16a-4311-a0af-934f501df2cc@group-0A4A12A99BD7:LeaderElection11] INFO  impl.RaftServerImpl (ServerState.java:setLeader(253)) - 0deae85c-a16a-4311-a0af-934f501df2cc@group-0A4A12A99BD7: change Leader from null to 0deae85c-a16a-4311-a0af-934f501df2cc at term 1 for becomeLeader, leader elected after 1456ms
2019-09-25 04:49:19,595 [4900d303-9ac7-4a86-9389-d77749add813@group-03DCD32FC418:LeaderElection12] INFO  server.RaftServerConfigKeys (ConfUtils.java:logGet(43)) - raft.server.write.element-limit = 4096 (default)
2019-09-25 04:49:19,594 [4900d303-9ac7-4a86-9389-d77749add813@group-71245CA931F9:LeaderElection10] INFO  impl.RaftServerImpl (ServerState.java:setLeader(253)) - 4900d303-9ac7-4a86-9389-d77749add813@group-71245CA931F9: change Leader from null to 4900d303-9ac7-4a86-9389-d77749add813 at term 1 for becomeLeader, leader elected after 1333ms
2019-09-25 04:49:19,595 [4900d303-9ac7-4a86-9389-d77749add813@group-03DCD32FC418:LeaderElection12] INFO  server.RaftServerConfigKeys (ConfUtils.java:logGet(43)) - raft.server.watch.timeout = 10s (default)
2019-09-25 04:49:19,595 [0deae85c-a16a-4311-a0af-934f501df2cc@group-0A4A12A99BD7:LeaderElection11] INFO  server.RaftServerConfigKeys (ConfUtils.java:logGet(43)) - raft.server.staging.catchup.gap = 1000 (default)
2019-09-25 04:49:19,595 [4900d303-9ac7-4a86-9389-d77749add813@group-03DCD32FC418:LeaderElection12] INFO  server.RaftServerConfigKeys (ConfUtils.java:logGet(43)) - raft.server.watch.timeout.denomination = 1s (default)
2019-09-25 04:49:19,595 [4900d303-9ac7-4a86-9389-d77749add813@group-71245CA931F9:LeaderElection10] INFO  server.RaftServerConfigKeys (ConfUtils.java:logGet(43)) - raft.server.staging.catchup.gap = 1000 (default)
2019-09-25 04:49:19,596 [4900d303-9ac7-4a86-9389-d77749add813@group-03DCD32FC418:LeaderElection12] INFO  server.RaftServerConfigKeys (ConfUtils.java:logGet(43)) - raft.server.watch.element-limit = 65536 (default)
2019-09-25 04:49:19,595 [0deae85c-a16a-4311-a0af-934f501df2cc@group-0A4A12A99BD7:LeaderElection11] INFO  server.RaftServerConfigKeys (ConfUtils.java:logGet(43)) - raft.server.rpc.sleep.time = 25ms (default)
2019-09-25 04:49:19,596 [4900d303-9ac7-4a86-9389-d77749add813@group-71245CA931F9:LeaderElection10] INFO  server.RaftServerConfigKeys (ConfUtils.java:logGet(43)) - raft.server.rpc.sleep.time = 25ms (default)
2019-09-25 04:49:19,596 [0deae85c-a16a-4311-a0af-934f501df2cc@group-0A4A12A99BD7:LeaderElection11] INFO  server.RaftServerConfigKeys (ConfUtils.java:logGet(43)) - raft.server.write.element-limit = 4096 (default)
2019-09-25 04:49:19,596 [4900d303-9ac7-4a86-9389-d77749add813@group-71245CA931F9:LeaderElection10] INFO  server.RaftServerConfigKeys (ConfUtils.java:logGet(43)) - raft.server.write.element-limit = 4096 (default)
2019-09-25 04:49:19,596 [0deae85c-a16a-4311-a0af-934f501df2cc@group-0A4A12A99BD7:LeaderElection11] INFO  server.RaftServerConfigKeys (ConfUtils.java:logGet(43)) - raft.server.watch.timeout = 10s (default)
2019-09-25 04:49:19,596 [4900d303-9ac7-4a86-9389-d77749add813@group-71245CA931F9:LeaderElection10] INFO  server.RaftServerConfigKeys (ConfUtils.java:logGet(43)) - raft.server.watch.timeout = 10s (default)
2019-09-25 04:49:19,597 [0deae85c-a16a-4311-a0af-934f501df2cc@group-0A4A12A99BD7:LeaderElection11] INFO  server.RaftServerConfigKeys (ConfUtils.java:logGet(43)) - raft.server.watch.timeout.denomination = 1s (default)
2019-09-25 04:49:19,597 [4900d303-9ac7-4a86-9389-d77749add813@group-71245CA931F9:LeaderElection10] INFO  server.RaftServerConfigKeys (ConfUtils.java:logGet(43)) - raft.server.watch.timeout.denomination = 1s (default)
2019-09-25 04:49:19,597 [0deae85c-a16a-4311-a0af-934f501df2cc@group-0A4A12A99BD7:LeaderElection11] INFO  server.RaftServerConfigKeys (ConfUtils.java:logGet(43)) - raft.server.watch.element-limit = 65536 (default)
2019-09-25 04:49:19,597 [4900d303-9ac7-4a86-9389-d77749add813@group-71245CA931F9:LeaderElection10] INFO  server.RaftServerConfigKeys (ConfUtils.java:logGet(43)) - raft.server.watch.element-limit = 65536 (default)
2019-09-25 04:49:19,603 [3875a0db-bcd0-4e93-a77c-33ac6d7b4cc5@group-11C6BF4BB3B7:LeaderElection14] INFO  impl.LeaderElection (LeaderElection.java:askForVotes(182)) - 3875a0db-bcd0-4e93-a77c-33ac6d7b4cc5@group-11C6BF4BB3B7:LeaderElection14: begin an election at term 1 for -1: [3875a0db-bcd0-4e93-a77c-33ac6d7b4cc5:192.168.164.207:38833], old=null
2019-09-25 04:49:19,603 [fcf37978-6168-4314-87d6-0e8a7c1fc6e1@group-D430901E1EF5:LeaderElection15] INFO  impl.LeaderElection (LeaderElection.java:askForVotes(182)) - fcf37978-6168-4314-87d6-0e8a7c1fc6e1@group-D430901E1EF5:LeaderElection15: begin an election at term 1 for -1: [fcf37978-6168-4314-87d6-0e8a7c1fc6e1:192.168.164.207:44984], old=null
2019-09-25 04:49:19,603 [ef17bb0f-3839-4724-ad21-94b92a6e25d3@group-8AB62AD67E01:LeaderElection13] INFO  impl.LeaderElection (LeaderElection.java:askForVotes(182)) - ef17bb0f-3839-4724-ad21-94b92a6e25d3@group-8AB62AD67E01:LeaderElection13: begin an election at term 1 for -1: [ef17bb0f-3839-4724-ad21-94b92a6e25d3:192.168.164.207:40519], old=null
2019-09-25 04:49:19,603 [fcf37978-6168-4314-87d6-0e8a7c1fc6e1@group-D430901E1EF5:LeaderElection15] INFO  impl.RoleInfo (RoleInfo.java:shutdownLeaderElection(134)) - fcf37978-6168-4314-87d6-0e8a7c1fc6e1: shutdown LeaderElection
2019-09-25 04:49:19,603 [3875a0db-bcd0-4e93-a77c-33ac6d7b4cc5@group-11C6BF4BB3B7:LeaderElection14] INFO  impl.RoleInfo (RoleInfo.java:shutdownLeaderElection(134)) - 3875a0db-bcd0-4e93-a77c-33ac6d7b4cc5: shutdown LeaderElection
2019-09-25 04:49:19,603 [fcf37978-6168-4314-87d6-0e8a7c1fc6e1@group-D430901E1EF5:LeaderElection15] INFO  impl.RaftServerImpl (RaftServerImpl.java:setRole(174)) - fcf37978-6168-4314-87d6-0e8a7c1fc6e1@group-D430901E1EF5: changes role from CANDIDATE to LEADER at term 1 for changeToLeader
2019-09-25 04:49:19,603 [ef17bb0f-3839-4724-ad21-94b92a6e25d3@group-8AB62AD67E01:LeaderElection13] INFO  impl.RoleInfo (RoleInfo.java:shutdownLeaderElection(134)) - ef17bb0f-3839-4724-ad21-94b92a6e25d3: shutdown LeaderElection
2019-09-25 04:49:19,604 [fcf37978-6168-4314-87d6-0e8a7c1fc6e1@group-D430901E1EF5:LeaderElection15] INFO  impl.RaftServerImpl (ServerState.java:setLeader(253)) - fcf37978-6168-4314-87d6-0e8a7c1fc6e1@group-D430901E1EF5: change Leader from null to fcf37978-6168-4314-87d6-0e8a7c1fc6e1 at term 1 for becomeLeader, leader elected after 1265ms
2019-09-25 04:49:19,604 [3875a0db-bcd0-4e93-a77c-33ac6d7b4cc5@group-11C6BF4BB3B7:LeaderElection14] INFO  impl.RaftServerImpl (RaftServerImpl.java:setRole(174)) - 3875a0db-bcd0-4e93-a77c-33ac6d7b4cc5@group-11C6BF4BB3B7: changes role from CANDIDATE to LEADER at term 1 for changeToLeader
2019-09-25 04:49:19,604 [fcf37978-6168-4314-87d6-0e8a7c1fc6e1@group-D430901E1EF5:LeaderElection15] INFO  server.RaftServerConfigKeys (ConfUtils.java:logGet(43)) - raft.server.staging.catchup.gap = 1000 (default)
2019-09-25 04:49:19,604 [ef17bb0f-3839-4724-ad21-94b92a6e25d3@group-8AB62AD67E01:LeaderElection13] INFO  impl.RaftServerImpl (RaftServerImpl.java:setRole(174)) - ef17bb0f-3839-4724-ad21-94b92a6e25d3@group-8AB62AD67E01: changes role from CANDIDATE to LEADER at term 1 for changeToLeader
2019-09-25 04:49:19,604 [fcf37978-6168-4314-87d6-0e8a7c1fc6e1@group-D430901E1EF5:LeaderElection15] INFO  server.RaftServerConfigKeys (ConfUtils.java:logGet(43)) - raft.server.rpc.sleep.time = 25ms (default)
2019-09-25 04:49:19,604 [3875a0db-bcd0-4e93-a77c-33ac6d7b4cc5@group-11C6BF4BB3B7:LeaderElection14] INFO  impl.RaftServerImpl (ServerState.java:setLeader(253)) - 3875a0db-bcd0-4e93-a77c-33ac6d7b4cc5@group-11C6BF4BB3B7: change Leader from null to 3875a0db-bcd0-4e93-a77c-33ac6d7b4cc5 at term 1 for becomeLeader, leader elected after 1694ms
2019-09-25 04:49:19,604 [ef17bb0f-3839-4724-ad21-94b92a6e25d3@group-8AB62AD67E01:LeaderElection13] INFO  impl.RaftServerImpl (ServerState.java:setLeader(253)) - ef17bb0f-3839-4724-ad21-94b92a6e25d3@group-8AB62AD67E01: change Leader from null to ef17bb0f-3839-4724-ad21-94b92a6e25d3 at term 1 for becomeLeader, leader elected after 1208ms
2019-09-25 04:49:19,605 [3875a0db-bcd0-4e93-a77c-33ac6d7b4cc5@group-11C6BF4BB3B7:LeaderElection14] INFO  server.RaftServerConfigKeys (ConfUtils.java:logGet(43)) - raft.server.staging.catchup.gap = 1000 (default)
2019-09-25 04:49:19,605 [ef17bb0f-3839-4724-ad21-94b92a6e25d3@group-8AB62AD67E01:LeaderElection13] INFO  server.RaftServerConfigKeys (ConfUtils.java:logGet(43)) - raft.server.staging.catchup.gap = 1000 (default)
2019-09-25 04:49:19,605 [3875a0db-bcd0-4e93-a77c-33ac6d7b4cc5@group-11C6BF4BB3B7:LeaderElection14] INFO  server.RaftServerConfigKeys (ConfUtils.java:logGet(43)) - raft.server.rpc.sleep.time = 25ms (default)
2019-09-25 04:49:19,605 [ef17bb0f-3839-4724-ad21-94b92a6e25d3@group-8AB62AD67E01:LeaderElection13] INFO  server.RaftServerConfigKeys (ConfUtils.java:logGet(43)) - raft.server.rpc.sleep.time = 25ms (default)
2019-09-25 04:49:19,625 [3875a0db-bcd0-4e93-a77c-33ac6d7b4cc5@group-11C6BF4BB3B7:LeaderElection14] INFO  server.RaftServerConfigKeys (ConfUtils.java:logGet(43)) - raft.server.write.element-limit = 4096 (default)
2019-09-25 04:49:19,628 [fcf37978-6168-4314-87d6-0e8a7c1fc6e1@group-D430901E1EF5:LeaderElection15] INFO  server.RaftServerConfigKeys (ConfUtils.java:logGet(43)) - raft.server.write.element-limit = 4096 (default)
2019-09-25 04:49:19,628 [grpc-default-executor-0] INFO  impl.RaftServerProxy (RaftServerProxy.java:addNew(89)) - ef17bb0f-3839-4724-ad21-94b92a6e25d3: addNew group-2DE716751434:[ef17bb0f-3839-4724-ad21-94b92a6e25d3:192.168.164.207:40519] returns group-2DE716751434:java.util.concurrent.CompletableFuture@7164312e[Not completed]
2019-09-25 04:49:19,625 [ef17bb0f-3839-4724-ad21-94b92a6e25d3@group-8AB62AD67E01:LeaderElection13] INFO  server.RaftServerConfigKeys (ConfUtils.java:logGet(43)) - raft.server.write.element-limit = 4096 (default)
2019-09-25 04:49:19,628 [fcf37978-6168-4314-87d6-0e8a7c1fc6e1@group-D430901E1EF5:LeaderElection15] INFO  server.RaftServerConfigKeys (ConfUtils.java:logGet(43)) - raft.server.watch.timeout = 10s (default)
2019-09-25 04:49:19,628 [3875a0db-bcd0-4e93-a77c-33ac6d7b4cc5@group-11C6BF4BB3B7:LeaderElection14] INFO  server.RaftServerConfigKeys (ConfUtils.java:logGet(43)) - raft.server.watch.timeout = 10s (default)
2019-09-25 04:49:19,629 [fcf37978-6168-4314-87d6-0e8a7c1fc6e1@group-D430901E1EF5:LeaderElection15] INFO  server.RaftServerConfigKeys (ConfUtils.java:logGet(43)) - raft.server.watch.timeout.denomination = 1s (default)
2019-09-25 04:49:19,628 [ef17bb0f-3839-4724-ad21-94b92a6e25d3@group-8AB62AD67E01:LeaderElection13] INFO  server.RaftServerConfigKeys (ConfUtils.java:logGet(43)) - raft.server.watch.timeout = 10s (default)
2019-09-25 04:49:19,629 [fcf37978-6168-4314-87d6-0e8a7c1fc6e1@group-D430901E1EF5:LeaderElection15] INFO  server.RaftServerConfigKeys (ConfUtils.java:logGet(43)) - raft.server.watch.element-limit = 65536 (default)
2019-09-25 04:49:19,629 [3875a0db-bcd0-4e93-a77c-33ac6d7b4cc5@group-11C6BF4BB3B7:LeaderElection14] INFO  server.RaftServerConfigKeys (ConfUtils.java:logGet(43)) - raft.server.watch.timeout.denomination = 1s (default)
2019-09-25 04:49:19,629 [ef17bb0f-3839-4724-ad21-94b92a6e25d3@group-8AB62AD67E01:LeaderElection13] INFO  server.RaftServerConfigKeys (ConfUtils.java:logGet(43)) - raft.server.watch.timeout.denomination = 1s (default)
2019-09-25 04:49:19,629 [3875a0db-bcd0-4e93-a77c-33ac6d7b4cc5@group-11C6BF4BB3B7:LeaderElection14] INFO  server.RaftServerConfigKeys (ConfUtils.java:logGet(43)) - raft.server.watch.element-limit = 65536 (default)
2019-09-25 04:49:19,629 [ef17bb0f-3839-4724-ad21-94b92a6e25d3@group-8AB62AD67E01:LeaderElection13] INFO  server.RaftServerConfigKeys (ConfUtils.java:logGet(43)) - raft.server.watch.element-limit = 65536 (default)
2019-09-25 04:49:19,657 [IPC Server handler 19 on 42424] INFO  volume.OMVolumeCreateRequest (OMVolumeCreateRequest.java:validateAndUpdateCache(189)) - created volume:datanodefailurehandlingtest for user:jenkins1000
2019-09-25 04:49:19,722 [Thread-340] INFO  impl.FollowerState (FollowerState.java:run(106)) - 778daabb-04ae-41de-8067-bd0724312da7:group-5307BA49B365 changes to CANDIDATE, lastRpcTime:1166, electionTimeout:1154ms
2019-09-25 04:49:19,739 [Thread-344] INFO  impl.FollowerState (FollowerState.java:run(106)) - fcf37978-6168-4314-87d6-0e8a7c1fc6e1:group-59D184480B21 changes to CANDIDATE, lastRpcTime:1102, electionTimeout:1102ms
2019-09-25 04:49:19,756 [Thread-340] INFO  impl.RoleInfo (RoleInfo.java:shutdownFollowerState(121)) - 778daabb-04ae-41de-8067-bd0724312da7: shutdown FollowerState
2019-09-25 04:49:19,756 [Thread-344] INFO  impl.RoleInfo (RoleInfo.java:shutdownFollowerState(121)) - fcf37978-6168-4314-87d6-0e8a7c1fc6e1: shutdown FollowerState
2019-09-25 04:49:19,737 [Thread-348] INFO  impl.FollowerState (FollowerState.java:run(106)) - 3875a0db-bcd0-4e93-a77c-33ac6d7b4cc5:group-09206CBAF86A changes to CANDIDATE, lastRpcTime:1038, electionTimeout:1038ms
2019-09-25 04:49:19,756 [Thread-344] INFO  impl.RaftServerImpl (RaftServerImpl.java:setRole(174)) - fcf37978-6168-4314-87d6-0e8a7c1fc6e1@group-59D184480B21: changes role from  FOLLOWER to CANDIDATE at term 0 for changeToCandidate
2019-09-25 04:49:19,756 [Thread-340] INFO  impl.RaftServerImpl (RaftServerImpl.java:setRole(174)) - 778daabb-04ae-41de-8067-bd0724312da7@group-5307BA49B365: changes role from  FOLLOWER to CANDIDATE at term 0 for changeToCandidate
2019-09-25 04:49:19,757 [Thread-344] INFO  impl.RoleInfo (RoleInfo.java:updateAndGet(143)) - fcf37978-6168-4314-87d6-0e8a7c1fc6e1: start LeaderElection
2019-09-25 04:49:19,757 [Thread-348] INFO  impl.RoleInfo (RoleInfo.java:shutdownFollowerState(121)) - 3875a0db-bcd0-4e93-a77c-33ac6d7b4cc5: shutdown FollowerState
2019-09-25 04:49:19,760 [Thread-340] INFO  impl.RoleInfo (RoleInfo.java:updateAndGet(143)) - 778daabb-04ae-41de-8067-bd0724312da7: start LeaderElection
2019-09-25 04:49:19,760 [Thread-348] INFO  impl.RaftServerImpl (RaftServerImpl.java:setRole(174)) - 3875a0db-bcd0-4e93-a77c-33ac6d7b4cc5@group-09206CBAF86A: changes role from  FOLLOWER to CANDIDATE at term 0 for changeToCandidate
2019-09-25 04:49:19,769 [Thread-348] INFO  impl.RoleInfo (RoleInfo.java:updateAndGet(143)) - 3875a0db-bcd0-4e93-a77c-33ac6d7b4cc5: start LeaderElection
2019-09-25 04:49:19,799 [fcf37978-6168-4314-87d6-0e8a7c1fc6e1@group-59D184480B21:LeaderElection16] INFO  impl.LeaderElection (LeaderElection.java:askForVotes(182)) - fcf37978-6168-4314-87d6-0e8a7c1fc6e1@group-59D184480B21:LeaderElection16: begin an election at term 1 for -1: [fcf37978-6168-4314-87d6-0e8a7c1fc6e1:192.168.164.207:44984], old=null
2019-09-25 04:49:19,799 [778daabb-04ae-41de-8067-bd0724312da7@group-5307BA49B365:LeaderElection17] INFO  impl.LeaderElection (LeaderElection.java:askForVotes(182)) - 778daabb-04ae-41de-8067-bd0724312da7@group-5307BA49B365:LeaderElection17: begin an election at term 1 for -1: [778daabb-04ae-41de-8067-bd0724312da7:192.168.164.207:43912], old=null
2019-09-25 04:49:19,799 [fcf37978-6168-4314-87d6-0e8a7c1fc6e1@group-59D184480B21:LeaderElection16] INFO  impl.RoleInfo (RoleInfo.java:shutdownLeaderElection(134)) - fcf37978-6168-4314-87d6-0e8a7c1fc6e1: shutdown LeaderElection
2019-09-25 04:49:19,800 [778daabb-04ae-41de-8067-bd0724312da7@group-5307BA49B365:LeaderElection17] INFO  impl.RoleInfo (RoleInfo.java:shutdownLeaderElection(134)) - 778daabb-04ae-41de-8067-bd0724312da7: shutdown LeaderElection
2019-09-25 04:49:19,799 [3875a0db-bcd0-4e93-a77c-33ac6d7b4cc5@group-09206CBAF86A:LeaderElection18] INFO  impl.LeaderElection (LeaderElection.java:askForVotes(182)) - 3875a0db-bcd0-4e93-a77c-33ac6d7b4cc5@group-09206CBAF86A:LeaderElection18: begin an election at term 1 for -1: [3875a0db-bcd0-4e93-a77c-33ac6d7b4cc5:192.168.164.207:38833], old=null
2019-09-25 04:49:19,800 [778daabb-04ae-41de-8067-bd0724312da7@group-5307BA49B365:LeaderElection17] INFO  impl.RaftServerImpl (RaftServerImpl.java:setRole(174)) - 778daabb-04ae-41de-8067-bd0724312da7@group-5307BA49B365: changes role from CANDIDATE to LEADER at term 1 for changeToLeader
2019-09-25 04:49:19,800 [fcf37978-6168-4314-87d6-0e8a7c1fc6e1@group-59D184480B21:LeaderElection16] INFO  impl.RaftServerImpl (RaftServerImpl.java:setRole(174)) - fcf37978-6168-4314-87d6-0e8a7c1fc6e1@group-59D184480B21: changes role from CANDIDATE to LEADER at term 1 for changeToLeader
2019-09-25 04:49:19,800 [778daabb-04ae-41de-8067-bd0724312da7@group-5307BA49B365:LeaderElection17] INFO  impl.RaftServerImpl (ServerState.java:setLeader(253)) - 778daabb-04ae-41de-8067-bd0724312da7@group-5307BA49B365: change Leader from null to 778daabb-04ae-41de-8067-bd0724312da7 at term 1 for becomeLeader, leader elected after 1292ms
2019-09-25 04:49:19,800 [3875a0db-bcd0-4e93-a77c-33ac6d7b4cc5@group-09206CBAF86A:LeaderElection18] INFO  impl.RoleInfo (RoleInfo.java:shutdownLeaderElection(134)) - 3875a0db-bcd0-4e93-a77c-33ac6d7b4cc5: shutdown LeaderElection
2019-09-25 04:49:19,800 [778daabb-04ae-41de-8067-bd0724312da7@group-5307BA49B365:LeaderElection17] INFO  server.RaftServerConfigKeys (ConfUtils.java:logGet(43)) - raft.server.staging.catchup.gap = 1000 (default)
2019-09-25 04:49:19,800 [fcf37978-6168-4314-87d6-0e8a7c1fc6e1@group-59D184480B21:LeaderElection16] INFO  impl.RaftServerImpl (ServerState.java:setLeader(253)) - fcf37978-6168-4314-87d6-0e8a7c1fc6e1@group-59D184480B21: change Leader from null to fcf37978-6168-4314-87d6-0e8a7c1fc6e1 at term 1 for becomeLeader, leader elected after 1171ms
2019-09-25 04:49:19,800 [778daabb-04ae-41de-8067-bd0724312da7@group-5307BA49B365:LeaderElection17] INFO  server.RaftServerConfigKeys (ConfUtils.java:logGet(43)) - raft.server.rpc.sleep.time = 25ms (default)
2019-09-25 04:49:19,800 [3875a0db-bcd0-4e93-a77c-33ac6d7b4cc5@group-09206CBAF86A:LeaderElection18] INFO  impl.RaftServerImpl (RaftServerImpl.java:setRole(174)) - 3875a0db-bcd0-4e93-a77c-33ac6d7b4cc5@group-09206CBAF86A: changes role from CANDIDATE to LEADER at term 1 for changeToLeader
2019-09-25 04:49:19,801 [fcf37978-6168-4314-87d6-0e8a7c1fc6e1@group-59D184480B21:LeaderElection16] INFO  server.RaftServerConfigKeys (ConfUtils.java:logGet(43)) - raft.server.staging.catchup.gap = 1000 (default)
2019-09-25 04:49:19,801 [3875a0db-bcd0-4e93-a77c-33ac6d7b4cc5@group-09206CBAF86A:LeaderElection18] INFO  impl.RaftServerImpl (ServerState.java:setLeader(253)) - 3875a0db-bcd0-4e93-a77c-33ac6d7b4cc5@group-09206CBAF86A: change Leader from null to 3875a0db-bcd0-4e93-a77c-33ac6d7b4cc5 at term 1 for becomeLeader, leader elected after 1113ms
2019-09-25 04:49:19,801 [fcf37978-6168-4314-87d6-0e8a7c1fc6e1@group-59D184480B21:LeaderElection16] INFO  server.RaftServerConfigKeys (ConfUtils.java:logGet(43)) - raft.server.rpc.sleep.time = 25ms (default)
2019-09-25 04:49:19,801 [3875a0db-bcd0-4e93-a77c-33ac6d7b4cc5@group-09206CBAF86A:LeaderElection18] INFO  server.RaftServerConfigKeys (ConfUtils.java:logGet(43)) - raft.server.staging.catchup.gap = 1000 (default)
2019-09-25 04:49:19,801 [3875a0db-bcd0-4e93-a77c-33ac6d7b4cc5@group-09206CBAF86A:LeaderElection18] INFO  server.RaftServerConfigKeys (ConfUtils.java:logGet(43)) - raft.server.rpc.sleep.time = 25ms (default)
2019-09-25 04:49:19,815 [fcf37978-6168-4314-87d6-0e8a7c1fc6e1@group-59D184480B21:LeaderElection16] INFO  server.RaftServerConfigKeys (ConfUtils.java:logGet(43)) - raft.server.write.element-limit = 4096 (default)
2019-09-25 04:49:19,818 [3875a0db-bcd0-4e93-a77c-33ac6d7b4cc5@group-09206CBAF86A:LeaderElection18] INFO  server.RaftServerConfigKeys (ConfUtils.java:logGet(43)) - raft.server.write.element-limit = 4096 (default)
2019-09-25 04:49:19,818 [778daabb-04ae-41de-8067-bd0724312da7@group-5307BA49B365:LeaderElection17] INFO  server.RaftServerConfigKeys (ConfUtils.java:logGet(43)) - raft.server.write.element-limit = 4096 (default)
2019-09-25 04:49:19,819 [3875a0db-bcd0-4e93-a77c-33ac6d7b4cc5@group-09206CBAF86A:LeaderElection18] INFO  server.RaftServerConfigKeys (ConfUtils.java:logGet(43)) - raft.server.watch.timeout = 10s (default)
2019-09-25 04:49:19,819 [fcf37978-6168-4314-87d6-0e8a7c1fc6e1@group-59D184480B21:LeaderElection16] INFO  server.RaftServerConfigKeys (ConfUtils.java:logGet(43)) - raft.server.watch.timeout = 10s (default)
2019-09-25 04:49:19,822 [3875a0db-bcd0-4e93-a77c-33ac6d7b4cc5@group-09206CBAF86A:LeaderElection18] INFO  server.RaftServerConfigKeys (ConfUtils.java:logGet(43)) - raft.server.watch.timeout.denomination = 1s (default)
2019-09-25 04:49:19,819 [778daabb-04ae-41de-8067-bd0724312da7@group-5307BA49B365:LeaderElection17] INFO  server.RaftServerConfigKeys (ConfUtils.java:logGet(43)) - raft.server.watch.timeout = 10s (default)
2019-09-25 04:49:19,822 [3875a0db-bcd0-4e93-a77c-33ac6d7b4cc5@group-09206CBAF86A:LeaderElection18] INFO  server.RaftServerConfigKeys (ConfUtils.java:logGet(43)) - raft.server.watch.element-limit = 65536 (default)
2019-09-25 04:49:19,822 [fcf37978-6168-4314-87d6-0e8a7c1fc6e1@group-59D184480B21:LeaderElection16] INFO  server.RaftServerConfigKeys (ConfUtils.java:logGet(43)) - raft.server.watch.timeout.denomination = 1s (default)
2019-09-25 04:49:19,822 [778daabb-04ae-41de-8067-bd0724312da7@group-5307BA49B365:LeaderElection17] INFO  server.RaftServerConfigKeys (ConfUtils.java:logGet(43)) - raft.server.watch.timeout.denomination = 1s (default)
2019-09-25 04:49:19,822 [fcf37978-6168-4314-87d6-0e8a7c1fc6e1@group-59D184480B21:LeaderElection16] INFO  server.RaftServerConfigKeys (ConfUtils.java:logGet(43)) - raft.server.watch.element-limit = 65536 (default)
2019-09-25 04:49:19,823 [778daabb-04ae-41de-8067-bd0724312da7@group-5307BA49B365:LeaderElection17] INFO  server.RaftServerConfigKeys (ConfUtils.java:logGet(43)) - raft.server.watch.element-limit = 65536 (default)
2019-09-25 04:49:19,830 [main] INFO  rpc.RpcClient (RpcClient.java:createBucket(415)) - Creating Bucket: datanodefailurehandlingtest/datanodefailurehandlingtest, with Versioning false and Storage Type set to DISK and Encryption set to false 
2019-09-25 04:49:19,906 [Thread-357] INFO  impl.FollowerState (FollowerState.java:run(106)) - 4a0ae61b-4689-46eb-b962-7605c7f95abd:group-CD767D1F5026 changes to CANDIDATE, lastRpcTime:1041, electionTimeout:1041ms
2019-09-25 04:49:19,906 [Thread-357] INFO  impl.RoleInfo (RoleInfo.java:shutdownFollowerState(121)) - 4a0ae61b-4689-46eb-b962-7605c7f95abd: shutdown FollowerState
2019-09-25 04:49:19,906 [Thread-357] INFO  impl.RaftServerImpl (RaftServerImpl.java:setRole(174)) - 4a0ae61b-4689-46eb-b962-7605c7f95abd@group-CD767D1F5026: changes role from  FOLLOWER to CANDIDATE at term 0 for changeToCandidate
2019-09-25 04:49:19,910 [Thread-357] INFO  impl.RoleInfo (RoleInfo.java:updateAndGet(143)) - 4a0ae61b-4689-46eb-b962-7605c7f95abd: start LeaderElection
2019-09-25 04:49:19,969 [4a0ae61b-4689-46eb-b962-7605c7f95abd@group-CD767D1F5026:LeaderElection19] INFO  impl.LeaderElection (LeaderElection.java:askForVotes(182)) - 4a0ae61b-4689-46eb-b962-7605c7f95abd@group-CD767D1F5026:LeaderElection19: begin an election at term 1 for -1: [4a0ae61b-4689-46eb-b962-7605c7f95abd:192.168.164.207:41419], old=null
2019-09-25 04:49:19,969 [4a0ae61b-4689-46eb-b962-7605c7f95abd@group-CD767D1F5026:LeaderElection19] INFO  impl.RoleInfo (RoleInfo.java:shutdownLeaderElection(134)) - 4a0ae61b-4689-46eb-b962-7605c7f95abd: shutdown LeaderElection
2019-09-25 04:49:19,969 [4a0ae61b-4689-46eb-b962-7605c7f95abd@group-CD767D1F5026:LeaderElection19] INFO  impl.RaftServerImpl (RaftServerImpl.java:setRole(174)) - 4a0ae61b-4689-46eb-b962-7605c7f95abd@group-CD767D1F5026: changes role from CANDIDATE to LEADER at term 1 for changeToLeader
2019-09-25 04:49:19,969 [4a0ae61b-4689-46eb-b962-7605c7f95abd@group-CD767D1F5026:LeaderElection19] INFO  impl.RaftServerImpl (ServerState.java:setLeader(253)) - 4a0ae61b-4689-46eb-b962-7605c7f95abd@group-CD767D1F5026: change Leader from null to 4a0ae61b-4689-46eb-b962-7605c7f95abd at term 1 for becomeLeader, leader elected after 1168ms
2019-09-25 04:49:19,970 [4a0ae61b-4689-46eb-b962-7605c7f95abd@group-CD767D1F5026:LeaderElection19] INFO  server.RaftServerConfigKeys (ConfUtils.java:logGet(43)) - raft.server.staging.catchup.gap = 1000 (default)
2019-09-25 04:49:19,970 [4a0ae61b-4689-46eb-b962-7605c7f95abd@group-CD767D1F5026:LeaderElection19] INFO  server.RaftServerConfigKeys (ConfUtils.java:logGet(43)) - raft.server.rpc.sleep.time = 25ms (default)
2019-09-25 04:49:19,976 [4a0ae61b-4689-46eb-b962-7605c7f95abd@group-CD767D1F5026:LeaderElection19] INFO  server.RaftServerConfigKeys (ConfUtils.java:logGet(43)) - raft.server.write.element-limit = 4096 (default)
2019-09-25 04:49:19,976 [4a0ae61b-4689-46eb-b962-7605c7f95abd@group-CD767D1F5026:LeaderElection19] INFO  server.RaftServerConfigKeys (ConfUtils.java:logGet(43)) - raft.server.watch.timeout = 10s (default)
2019-09-25 04:49:19,976 [4a0ae61b-4689-46eb-b962-7605c7f95abd@group-CD767D1F5026:LeaderElection19] INFO  server.RaftServerConfigKeys (ConfUtils.java:logGet(43)) - raft.server.watch.timeout.denomination = 1s (default)
2019-09-25 04:49:19,976 [4a0ae61b-4689-46eb-b962-7605c7f95abd@group-CD767D1F5026:LeaderElection19] INFO  server.RaftServerConfigKeys (ConfUtils.java:logGet(43)) - raft.server.watch.element-limit = 65536 (default)
2019-09-25 04:49:20,123 [pool-37-thread-1] INFO  impl.RaftServerImpl (RaftServerImpl.java:<init>(95)) - ef17bb0f-3839-4724-ad21-94b92a6e25d3: new RaftServerImpl for group-2DE716751434:[ef17bb0f-3839-4724-ad21-94b92a6e25d3:192.168.164.207:40519] with ContainerStateMachine:uninitialized
2019-09-25 04:49:20,123 [pool-37-thread-1] INFO  server.RaftServerConfigKeys (ConfUtils.java:logGet(43)) - raft.server.rpc.timeout.min = 1s (custom)
2019-09-25 04:49:20,123 [pool-37-thread-1] INFO  server.RaftServerConfigKeys (ConfUtils.java:logGet(43)) - raft.server.rpc.timeout.max = 1200ms (custom)
2019-09-25 04:49:20,124 [pool-37-thread-1] INFO  server.RaftServerConfigKeys (ConfUtils.java:logGet(43)) - raft.server.rpcslowness.timeout = 120s (custom)
2019-09-25 04:49:20,124 [pool-37-thread-1] INFO  server.RaftServerConfigKeys (ConfUtils.java:logGet(43)) - raft.server.sleep.deviation.threshold = 300 (default)
2019-09-25 04:49:20,124 [pool-37-thread-1] INFO  server.RaftServerConfigKeys (ConfUtils.java:logGet(43)) - raft.server.log.appender.install.snapshot.enabled = false (custom)
2019-09-25 04:49:20,124 [pool-37-thread-1] INFO  impl.RaftServerImpl (ServerState.java:<init>(103)) - ef17bb0f-3839-4724-ad21-94b92a6e25d3@group-2DE716751434: ConfigurationManager, init=-1: [ef17bb0f-3839-4724-ad21-94b92a6e25d3:192.168.164.207:40519], old=null, confs=<EMPTY_MAP>
2019-09-25 04:49:20,124 [pool-37-thread-1] INFO  server.RaftServerConfigKeys (ConfUtils.java:logGet(43)) - raft.server.storage.dir = [/workdir/hadoop-ozone/integration-test/target/test-dir/MiniOzoneClusterImpl-73e7cd3e-72db-4213-b677-28bfbd198772/datanode-1/data/ratis] (custom)
2019-09-25 04:49:20,125 [pool-37-thread-1] INFO  storage.RaftStorageDirectory (RaftStorageDirectory.java:analyzeStorage(246)) - The storage directory /workdir/hadoop-ozone/integration-test/target/test-dir/MiniOzoneClusterImpl-73e7cd3e-72db-4213-b677-28bfbd198772/datanode-1/data/ratis/d6799ffa-19d8-49b6-b614-2de716751434 does not exist. Creating ...
2019-09-25 04:49:20,137 [4a0ae61b-4689-46eb-b962-7605c7f95abd@group-CD767D1F5026:LeaderElection19] INFO  impl.RoleInfo (RoleInfo.java:updateAndGet(143)) - 4a0ae61b-4689-46eb-b962-7605c7f95abd: start LeaderState
2019-09-25 04:49:20,137 [4a0ae61b-4689-46eb-b962-7605c7f95abd@group-CD767D1F5026:LeaderElection19] INFO  segmented.SegmentedRaftLogWorker (SegmentedRaftLogWorker.java:startLogSegment(380)) - 4a0ae61b-4689-46eb-b962-7605c7f95abd@group-CD767D1F5026-SegmentedRaftLogWorker: Starting segment from index:0
2019-09-25 04:49:20,138 [4a0ae61b-4689-46eb-b962-7605c7f95abd@group-CD767D1F5026:LeaderElection19] INFO  impl.RaftServerImpl (ServerState.java:setRaftConf(354)) - 4a0ae61b-4689-46eb-b962-7605c7f95abd@group-CD767D1F5026: set configuration 0: [4a0ae61b-4689-46eb-b962-7605c7f95abd:192.168.164.207:41419], old=null at 0
2019-09-25 04:49:20,171 [pool-37-thread-1] INFO  storage.RaftStorageDirectory (RaftStorageDirectory.java:tryLock(328)) - Lock on /workdir/hadoop-ozone/integration-test/target/test-dir/MiniOzoneClusterImpl-73e7cd3e-72db-4213-b677-28bfbd198772/datanode-1/data/ratis/d6799ffa-19d8-49b6-b614-2de716751434/in_use.lock acquired by nodename 6977@pr-hdds-1569-s44lr-3492059363
2019-09-25 04:49:20,173 [778daabb-04ae-41de-8067-bd0724312da7@group-5307BA49B365:LeaderElection17] INFO  impl.RoleInfo (RoleInfo.java:updateAndGet(143)) - 778daabb-04ae-41de-8067-bd0724312da7: start LeaderState
2019-09-25 04:49:20,173 [778daabb-04ae-41de-8067-bd0724312da7@group-5307BA49B365:LeaderElection17] INFO  segmented.SegmentedRaftLogWorker (SegmentedRaftLogWorker.java:startLogSegment(380)) - 778daabb-04ae-41de-8067-bd0724312da7@group-5307BA49B365-SegmentedRaftLogWorker: Starting segment from index:0
2019-09-25 04:49:20,173 [778daabb-04ae-41de-8067-bd0724312da7@group-5307BA49B365:LeaderElection17] INFO  impl.RaftServerImpl (ServerState.java:setRaftConf(354)) - 778daabb-04ae-41de-8067-bd0724312da7@group-5307BA49B365: set configuration 0: [778daabb-04ae-41de-8067-bd0724312da7:192.168.164.207:43912], old=null at 0
2019-09-25 04:49:20,210 [4a0ae61b-4689-46eb-b962-7605c7f95abd@group-CD767D1F5026-SegmentedRaftLogWorker] INFO  segmented.SegmentedRaftLogWorker (SegmentedRaftLogWorker.java:execute(569)) - 4a0ae61b-4689-46eb-b962-7605c7f95abd@group-CD767D1F5026-SegmentedRaftLogWorker: created new log segment /workdir/hadoop-ozone/integration-test/target/test-dir/MiniOzoneClusterImpl-73e7cd3e-72db-4213-b677-28bfbd198772/datanode-7/data/ratis/496aeb88-79a9-417f-a730-cd767d1f5026/current/log_inprogress_0
2019-09-25 04:49:20,210 [Thread-363] INFO  impl.FollowerState (FollowerState.java:run(106)) - 2f00ca3a-f523-476d-a77d-69389bdf1595:group-8AA63A2B5A34 changes to CANDIDATE, lastRpcTime:1176, electionTimeout:1134ms
2019-09-25 04:49:20,210 [pool-37-thread-1] INFO  storage.RaftStorage (RaftStorage.java:format(72)) - Storage directory /workdir/hadoop-ozone/integration-test/target/test-dir/MiniOzoneClusterImpl-73e7cd3e-72db-4213-b677-28bfbd198772/datanode-1/data/ratis/d6799ffa-19d8-49b6-b614-2de716751434 has been successfully formatted.
2019-09-25 04:49:20,211 [pool-37-thread-1] INFO  ratis.ContainerStateMachine (ContainerStateMachine.java:loadSnapshot(230)) - group-2DE716751434: The snapshot info is null. Setting the last applied indexto:(t:0, i:~)
2019-09-25 04:49:20,211 [Thread-363] INFO  impl.RoleInfo (RoleInfo.java:shutdownFollowerState(121)) - 2f00ca3a-f523-476d-a77d-69389bdf1595: shutdown FollowerState
2019-09-25 04:49:20,211 [pool-37-thread-1] INFO  server.RaftServerConfigKeys (ConfUtils.java:logGet(43)) - raft.server.notification.no-leader.timeout = 120s (custom)
2019-09-25 04:49:20,211 [Thread-363] INFO  impl.RaftServerImpl (RaftServerImpl.java:setRole(174)) - 2f00ca3a-f523-476d-a77d-69389bdf1595@group-8AA63A2B5A34: changes role from  FOLLOWER to CANDIDATE at term 0 for changeToCandidate
2019-09-25 04:49:20,211 [pool-37-thread-1] INFO  server.RaftServerConfigKeys (ConfUtils.java:logGet(43)) - raft.server.log.use.memory = false (default)
2019-09-25 04:49:20,212 [pool-37-thread-1] INFO  server.RaftServerConfigKeys (ConfUtils.java:logGet(43)) - raft.server.log.purge.gap = 1000000 (custom)
2019-09-25 04:49:20,212 [Thread-363] INFO  impl.RoleInfo (RoleInfo.java:updateAndGet(143)) - 2f00ca3a-f523-476d-a77d-69389bdf1595: start LeaderElection
2019-09-25 04:49:20,212 [pool-37-thread-1] INFO  server.RaftServerConfigKeys (ConfUtils.java:logGet(43)) - raft.server.log.appender.buffer.byte-limit = 33554432 (custom)
2019-09-25 04:49:20,212 [pool-37-thread-1] INFO  server.RaftServerConfigKeys (ConfUtils.java:logGet(43)) - raft.server.log.segment.size.max = 1048576 (custom)
2019-09-25 04:49:20,212 [pool-37-thread-1] INFO  server.RaftServerConfigKeys (ConfUtils.java:logGet(43)) - raft.server.log.segment.cache.num.max = 2 (custom)
2019-09-25 04:49:20,223 [pool-37-thread-1] INFO  segmented.SegmentedRaftLogWorker (SegmentedRaftLogWorker.java:<init>(172)) - new ef17bb0f-3839-4724-ad21-94b92a6e25d3@group-2DE716751434-SegmentedRaftLogWorker for RaftStorage:Storage Directory /workdir/hadoop-ozone/integration-test/target/test-dir/MiniOzoneClusterImpl-73e7cd3e-72db-4213-b677-28bfbd198772/datanode-1/data/ratis/d6799ffa-19d8-49b6-b614-2de716751434
2019-09-25 04:49:20,223 [pool-37-thread-1] INFO  server.RaftServerConfigKeys (ConfUtils.java:logGet(43)) - raft.server.log.queue.byte-limit = 2147483647 (custom)
2019-09-25 04:49:20,223 [pool-37-thread-1] INFO  server.RaftServerConfigKeys (ConfUtils.java:logGet(43)) - raft.server.log.queue.element-limit = 1024 (custom)
2019-09-25 04:49:20,238 [Thread-367] INFO  impl.FollowerState (FollowerState.java:run(106)) - fcf37978-6168-4314-87d6-0e8a7c1fc6e1:group-939E19D20AEE changes to CANDIDATE, lastRpcTime:1112, electionTimeout:1112ms
2019-09-25 04:49:20,238 [pool-37-thread-1] INFO  server.RaftServerConfigKeys (ConfUtils.java:logGet(43)) - raft.server.log.segment.size.max = 1048576 (custom)
2019-09-25 04:49:20,238 [778daabb-04ae-41de-8067-bd0724312da7@group-5307BA49B365-SegmentedRaftLogWorker] INFO  segmented.SegmentedRaftLogWorker (SegmentedRaftLogWorker.java:execute(569)) - 778daabb-04ae-41de-8067-bd0724312da7@group-5307BA49B365-SegmentedRaftLogWorker: created new log segment /workdir/hadoop-ozone/integration-test/target/test-dir/MiniOzoneClusterImpl-73e7cd3e-72db-4213-b677-28bfbd198772/datanode-8/data/ratis/ab7d1f8e-62aa-4318-b379-5307ba49b365/current/log_inprogress_0
2019-09-25 04:49:20,239 [pool-37-thread-1] INFO  server.RaftServerConfigKeys (ConfUtils.java:logGet(43)) - raft.server.log.preallocated.size = 16384 (custom)
2019-09-25 04:49:20,239 [pool-37-thread-1] INFO  server.RaftServerConfigKeys (ConfUtils.java:logGet(43)) - raft.server.log.write.buffer.size = 33554432 (custom)
2019-09-25 04:49:20,239 [Thread-367] INFO  impl.RoleInfo (RoleInfo.java:shutdownFollowerState(121)) - fcf37978-6168-4314-87d6-0e8a7c1fc6e1: shutdown FollowerState
2019-09-25 04:49:20,239 [pool-37-thread-1] INFO  server.RaftServerConfigKeys (ConfUtils.java:logGet(43)) - raft.server.log.force.sync.num = 128 (default)
2019-09-25 04:49:20,239 [fcf37978-6168-4314-87d6-0e8a7c1fc6e1@group-59D184480B21:LeaderElection16] INFO  impl.RoleInfo (RoleInfo.java:updateAndGet(143)) - fcf37978-6168-4314-87d6-0e8a7c1fc6e1: start LeaderState
2019-09-25 04:49:20,239 [pool-37-thread-1] INFO  server.RaftServerConfigKeys (ConfUtils.java:logGet(43)) - raft.server.log.statemachine.data.sync = true (default)
2019-09-25 04:49:20,239 [Thread-367] INFO  impl.RaftServerImpl (RaftServerImpl.java:setRole(174)) - fcf37978-6168-4314-87d6-0e8a7c1fc6e1@group-939E19D20AEE: changes role from  FOLLOWER to CANDIDATE at term 0 for changeToCandidate
2019-09-25 04:49:20,240 [fcf37978-6168-4314-87d6-0e8a7c1fc6e1@group-59D184480B21:LeaderElection16] INFO  segmented.SegmentedRaftLogWorker (SegmentedRaftLogWorker.java:startLogSegment(380)) - fcf37978-6168-4314-87d6-0e8a7c1fc6e1@group-59D184480B21-SegmentedRaftLogWorker: Starting segment from index:0
2019-09-25 04:49:20,240 [Thread-367] INFO  impl.RoleInfo (RoleInfo.java:updateAndGet(143)) - fcf37978-6168-4314-87d6-0e8a7c1fc6e1: start LeaderElection
2019-09-25 04:49:20,239 [pool-37-thread-1] INFO  server.RaftServerConfigKeys (ConfUtils.java:logGet(43)) - raft.server.log.statemachine.data.sync.timeout = 10s (default)
2019-09-25 04:49:20,240 [3875a0db-bcd0-4e93-a77c-33ac6d7b4cc5@group-09206CBAF86A:LeaderElection18] INFO  impl.RoleInfo (RoleInfo.java:updateAndGet(143)) - 3875a0db-bcd0-4e93-a77c-33ac6d7b4cc5: start LeaderState
2019-09-25 04:49:20,240 [pool-37-thread-1] INFO  server.RaftServerConfigKeys (ConfUtils.java:logGet(43)) - raft.server.log.statemachine.data.sync.timeout.retry = -1 (default)
2019-09-25 04:49:20,240 [3875a0db-bcd0-4e93-a77c-33ac6d7b4cc5@group-09206CBAF86A:LeaderElection18] INFO  segmented.SegmentedRaftLogWorker (SegmentedRaftLogWorker.java:startLogSegment(380)) - 3875a0db-bcd0-4e93-a77c-33ac6d7b4cc5@group-09206CBAF86A-SegmentedRaftLogWorker: Starting segment from index:0
2019-09-25 04:49:20,240 [fcf37978-6168-4314-87d6-0e8a7c1fc6e1@group-59D184480B21:LeaderElection16] INFO  impl.RaftServerImpl (ServerState.java:setRaftConf(354)) - fcf37978-6168-4314-87d6-0e8a7c1fc6e1@group-59D184480B21: set configuration 0: [fcf37978-6168-4314-87d6-0e8a7c1fc6e1:192.168.164.207:44984], old=null at 0
2019-09-25 04:49:20,240 [pool-37-thread-1] INFO  server.RaftServerConfigKeys (ConfUtils.java:logGet(43)) - raft.server.log.statemachine.data.caching.enabled = true (custom)
2019-09-25 04:49:20,277 [3875a0db-bcd0-4e93-a77c-33ac6d7b4cc5@group-09206CBAF86A:LeaderElection18] INFO  impl.RaftServerImpl (ServerState.java:setRaftConf(354)) - 3875a0db-bcd0-4e93-a77c-33ac6d7b4cc5@group-09206CBAF86A: set configuration 0: [3875a0db-bcd0-4e93-a77c-33ac6d7b4cc5:192.168.164.207:38833], old=null at 0
2019-09-25 04:49:20,274 [2f00ca3a-f523-476d-a77d-69389bdf1595@group-8AA63A2B5A34:LeaderElection20] INFO  impl.LeaderElection (LeaderElection.java:askForVotes(182)) - 2f00ca3a-f523-476d-a77d-69389bdf1595@group-8AA63A2B5A34:LeaderElection20: begin an election at term 1 for -1: [2f00ca3a-f523-476d-a77d-69389bdf1595:192.168.164.207:39474], old=null
2019-09-25 04:49:20,320 [fcf37978-6168-4314-87d6-0e8a7c1fc6e1@group-59D184480B21-SegmentedRaftLogWorker] INFO  segmented.SegmentedRaftLogWorker (SegmentedRaftLogWorker.java:execute(569)) - fcf37978-6168-4314-87d6-0e8a7c1fc6e1@group-59D184480B21-SegmentedRaftLogWorker: created new log segment /workdir/hadoop-ozone/integration-test/target/test-dir/MiniOzoneClusterImpl-73e7cd3e-72db-4213-b677-28bfbd198772/datanode-3/data/ratis/3f0f71fe-6e6e-44a9-8fc9-59d184480b21/current/log_inprogress_0
2019-09-25 04:49:20,320 [pool-37-thread-1] INFO  segmented.SegmentedRaftLogWorker (SegmentedRaftLogWorker.java:lambda$new$0(132)) - ef17bb0f-3839-4724-ad21-94b92a6e25d3@group-2DE716751434-SegmentedRaftLogWorker: flushIndex: setUnconditionally 0 -> -1
2019-09-25 04:49:20,320 [ef17bb0f-3839-4724-ad21-94b92a6e25d3@group-8AB62AD67E01:LeaderElection13] INFO  impl.RoleInfo (RoleInfo.java:updateAndGet(143)) - ef17bb0f-3839-4724-ad21-94b92a6e25d3: start LeaderState
2019-09-25 04:49:20,320 [2f00ca3a-f523-476d-a77d-69389bdf1595@group-8AA63A2B5A34:LeaderElection20] INFO  impl.RoleInfo (RoleInfo.java:shutdownLeaderElection(134)) - 2f00ca3a-f523-476d-a77d-69389bdf1595: shutdown LeaderElection
2019-09-25 04:49:20,320 [fcf37978-6168-4314-87d6-0e8a7c1fc6e1@group-939E19D20AEE:LeaderElection21] INFO  impl.LeaderElection (LeaderElection.java:askForVotes(182)) - fcf37978-6168-4314-87d6-0e8a7c1fc6e1@group-939E19D20AEE:LeaderElection21: begin an election at term 1 for -1: [fcf37978-6168-4314-87d6-0e8a7c1fc6e1:192.168.164.207:44984], old=null
2019-09-25 04:49:20,320 [ef17bb0f-3839-4724-ad21-94b92a6e25d3@group-8AB62AD67E01:LeaderElection13] INFO  segmented.SegmentedRaftLogWorker (SegmentedRaftLogWorker.java:startLogSegment(380)) - ef17bb0f-3839-4724-ad21-94b92a6e25d3@group-8AB62AD67E01-SegmentedRaftLogWorker: Starting segment from index:0
2019-09-25 04:49:20,320 [2f00ca3a-f523-476d-a77d-69389bdf1595@group-8AA63A2B5A34:LeaderElection20] INFO  impl.RaftServerImpl (RaftServerImpl.java:setRole(174)) - 2f00ca3a-f523-476d-a77d-69389bdf1595@group-8AA63A2B5A34: changes role from CANDIDATE to LEADER at term 1 for changeToLeader
2019-09-25 04:49:20,320 [pool-37-thread-1] INFO  server.RaftServerConfigKeys (ConfUtils.java:logGet(43)) - raft.server.snapshot.auto.trigger.enabled = true (custom)
2019-09-25 04:49:20,321 [2f00ca3a-f523-476d-a77d-69389bdf1595@group-8AA63A2B5A34:LeaderElection20] INFO  impl.RaftServerImpl (ServerState.java:setLeader(253)) - 2f00ca3a-f523-476d-a77d-69389bdf1595@group-8AA63A2B5A34: change Leader from null to 2f00ca3a-f523-476d-a77d-69389bdf1595 at term 1 for becomeLeader, leader elected after 1297ms
2019-09-25 04:49:20,321 [3875a0db-bcd0-4e93-a77c-33ac6d7b4cc5@group-11C6BF4BB3B7:LeaderElection14] INFO  impl.RoleInfo (RoleInfo.java:updateAndGet(143)) - 3875a0db-bcd0-4e93-a77c-33ac6d7b4cc5: start LeaderState
2019-09-25 04:49:20,320 [fcf37978-6168-4314-87d6-0e8a7c1fc6e1@group-939E19D20AEE:LeaderElection21] INFO  impl.RoleInfo (RoleInfo.java:shutdownLeaderElection(134)) - fcf37978-6168-4314-87d6-0e8a7c1fc6e1: shutdown LeaderElection
2019-09-25 04:49:20,321 [fcf37978-6168-4314-87d6-0e8a7c1fc6e1@group-D430901E1EF5:LeaderElection15] INFO  impl.RoleInfo (RoleInfo.java:updateAndGet(143)) - fcf37978-6168-4314-87d6-0e8a7c1fc6e1: start LeaderState
2019-09-25 04:49:20,321 [2f00ca3a-f523-476d-a77d-69389bdf1595@group-8AA63A2B5A34:LeaderElection20] INFO  server.RaftServerConfigKeys (ConfUtils.java:logGet(43)) - raft.server.staging.catchup.gap = 1000 (default)
2019-09-25 04:49:20,321 [ef17bb0f-3839-4724-ad21-94b92a6e25d3@group-8AB62AD67E01:LeaderElection13] INFO  impl.RaftServerImpl (ServerState.java:setRaftConf(354)) - ef17bb0f-3839-4724-ad21-94b92a6e25d3@group-8AB62AD67E01: set configuration 0: [ef17bb0f-3839-4724-ad21-94b92a6e25d3:192.168.164.207:40519], old=null at 0
2019-09-25 04:49:20,321 [pool-37-thread-1] INFO  server.RaftServerConfigKeys (ConfUtils.java:logGet(43)) - raft.server.snapshot.auto.trigger.threshold = 10000 (custom)
2019-09-25 04:49:20,363 [3875a0db-bcd0-4e93-a77c-33ac6d7b4cc5@group-09206CBAF86A-SegmentedRaftLogWorker] INFO  segmented.SegmentedRaftLogWorker (SegmentedRaftLogWorker.java:execute(569)) - 3875a0db-bcd0-4e93-a77c-33ac6d7b4cc5@group-09206CBAF86A-SegmentedRaftLogWorker: created new log segment /workdir/hadoop-ozone/integration-test/target/test-dir/MiniOzoneClusterImpl-73e7cd3e-72db-4213-b677-28bfbd198772/datanode-5/data/ratis/a5041920-3fab-4caf-8fa5-09206cbaf86a/current/log_inprogress_0
2019-09-25 04:49:20,322 [fcf37978-6168-4314-87d6-0e8a7c1fc6e1@group-D430901E1EF5:LeaderElection15] INFO  segmented.SegmentedRaftLogWorker (SegmentedRaftLogWorker.java:startLogSegment(380)) - fcf37978-6168-4314-87d6-0e8a7c1fc6e1@group-D430901E1EF5-SegmentedRaftLogWorker: Starting segment from index:0
2019-09-25 04:49:20,322 [2f00ca3a-f523-476d-a77d-69389bdf1595@group-8AA63A2B5A34:LeaderElection20] INFO  server.RaftServerConfigKeys (ConfUtils.java:logGet(43)) - raft.server.rpc.sleep.time = 25ms (default)
2019-09-25 04:49:20,321 [fcf37978-6168-4314-87d6-0e8a7c1fc6e1@group-939E19D20AEE:LeaderElection21] INFO  impl.RaftServerImpl (RaftServerImpl.java:setRole(174)) - fcf37978-6168-4314-87d6-0e8a7c1fc6e1@group-939E19D20AEE: changes role from CANDIDATE to LEADER at term 1 for changeToLeader
2019-09-25 04:49:20,321 [3875a0db-bcd0-4e93-a77c-33ac6d7b4cc5@group-11C6BF4BB3B7:LeaderElection14] INFO  segmented.SegmentedRaftLogWorker (SegmentedRaftLogWorker.java:startLogSegment(380)) - 3875a0db-bcd0-4e93-a77c-33ac6d7b4cc5@group-11C6BF4BB3B7-SegmentedRaftLogWorker: Starting segment from index:0
2019-09-25 04:49:20,364 [fcf37978-6168-4314-87d6-0e8a7c1fc6e1@group-D430901E1EF5:LeaderElection15] INFO  impl.RaftServerImpl (ServerState.java:setRaftConf(354)) - fcf37978-6168-4314-87d6-0e8a7c1fc6e1@group-D430901E1EF5: set configuration 0: [fcf37978-6168-4314-87d6-0e8a7c1fc6e1:192.168.164.207:44984], old=null at 0
2019-09-25 04:49:20,364 [2f00ca3a-f523-476d-a77d-69389bdf1595@group-8AA63A2B5A34:LeaderElection20] INFO  server.RaftServerConfigKeys (ConfUtils.java:logGet(43)) - raft.server.write.element-limit = 4096 (default)
2019-09-25 04:49:20,364 [fcf37978-6168-4314-87d6-0e8a7c1fc6e1@group-939E19D20AEE:LeaderElection21] INFO  impl.RaftServerImpl (ServerState.java:setLeader(253)) - fcf37978-6168-4314-87d6-0e8a7c1fc6e1@group-939E19D20AEE: change Leader from null to fcf37978-6168-4314-87d6-0e8a7c1fc6e1 at term 1 for becomeLeader, leader elected after 1245ms
2019-09-25 04:49:20,364 [4900d303-9ac7-4a86-9389-d77749add813@group-03DCD32FC418:LeaderElection12] INFO  impl.RoleInfo (RoleInfo.java:updateAndGet(143)) - 4900d303-9ac7-4a86-9389-d77749add813: start LeaderState
2019-09-25 04:49:20,364 [0deae85c-a16a-4311-a0af-934f501df2cc@group-0A4A12A99BD7:LeaderElection11] INFO  impl.RoleInfo (RoleInfo.java:updateAndGet(143)) - 0deae85c-a16a-4311-a0af-934f501df2cc: start LeaderState
2019-09-25 04:49:20,363 [4900d303-9ac7-4a86-9389-d77749add813@group-71245CA931F9:LeaderElection10] INFO  impl.RoleInfo (RoleInfo.java:updateAndGet(143)) - 4900d303-9ac7-4a86-9389-d77749add813: start LeaderState
2019-09-25 04:49:20,363 [pool-37-thread-1] INFO  server.RaftServerConfigKeys (ConfUtils.java:logGet(43)) - raft.server.snapshot.retention.num.files = 5 (custom)
2019-09-25 04:49:20,408 [4900d303-9ac7-4a86-9389-d77749add813@group-71245CA931F9:LeaderElection10] INFO  segmented.SegmentedRaftLogWorker (SegmentedRaftLogWorker.java:startLogSegment(380)) - 4900d303-9ac7-4a86-9389-d77749add813@group-71245CA931F9-SegmentedRaftLogWorker: Starting segment from index:0
2019-09-25 04:49:20,408 [0deae85c-a16a-4311-a0af-934f501df2cc@group-0A4A12A99BD7:LeaderElection11] INFO  segmented.SegmentedRaftLogWorker (SegmentedRaftLogWorker.java:startLogSegment(380)) - 0deae85c-a16a-4311-a0af-934f501df2cc@group-0A4A12A99BD7-SegmentedRaftLogWorker: Starting segment from index:0
2019-09-25 04:49:20,408 [4900d303-9ac7-4a86-9389-d77749add813@group-03DCD32FC418:LeaderElection12] INFO  segmented.SegmentedRaftLogWorker (SegmentedRaftLogWorker.java:startLogSegment(380)) - 4900d303-9ac7-4a86-9389-d77749add813@group-03DCD32FC418-SegmentedRaftLogWorker: Starting segment from index:0
2019-09-25 04:49:20,407 [fcf37978-6168-4314-87d6-0e8a7c1fc6e1@group-939E19D20AEE:LeaderElection21] INFO  server.RaftServerConfigKeys (ConfUtils.java:logGet(43)) - raft.server.staging.catchup.gap = 1000 (default)
2019-09-25 04:49:20,407 [2f00ca3a-f523-476d-a77d-69389bdf1595@group-8AA63A2B5A34:LeaderElection20] INFO  server.RaftServerConfigKeys (ConfUtils.java:logGet(43)) - raft.server.watch.timeout = 10s (default)
2019-09-25 04:49:20,407 [3875a0db-bcd0-4e93-a77c-33ac6d7b4cc5@group-11C6BF4BB3B7:LeaderElection14] INFO  impl.RaftServerImpl (ServerState.java:setRaftConf(354)) - 3875a0db-bcd0-4e93-a77c-33ac6d7b4cc5@group-11C6BF4BB3B7: set configuration 0: [3875a0db-bcd0-4e93-a77c-33ac6d7b4cc5:192.168.164.207:38833], old=null at 0
2019-09-25 04:49:20,407 [ef17bb0f-3839-4724-ad21-94b92a6e25d3@group-8AB62AD67E01-SegmentedRaftLogWorker] INFO  segmented.SegmentedRaftLogWorker (SegmentedRaftLogWorker.java:execute(569)) - ef17bb0f-3839-4724-ad21-94b92a6e25d3@group-8AB62AD67E01-SegmentedRaftLogWorker: created new log segment /workdir/hadoop-ozone/integration-test/target/test-dir/MiniOzoneClusterImpl-73e7cd3e-72db-4213-b677-28bfbd198772/datanode-1/data/ratis/96f7ba16-ead8-497a-acaf-8ab62ad67e01/current/log_inprogress_0
2019-09-25 04:49:20,409 [4900d303-9ac7-4a86-9389-d77749add813@group-03DCD32FC418:LeaderElection12] INFO  impl.RaftServerImpl (ServerState.java:setRaftConf(354)) - 4900d303-9ac7-4a86-9389-d77749add813@group-03DCD32FC418: set configuration 0: [4900d303-9ac7-4a86-9389-d77749add813:192.168.164.207:37431], old=null at 0
2019-09-25 04:49:20,409 [2f00ca3a-f523-476d-a77d-69389bdf1595@group-8AA63A2B5A34:LeaderElection20] INFO  server.RaftServerConfigKeys (ConfUtils.java:logGet(43)) - raft.server.watch.timeout.denomination = 1s (default)
2019-09-25 04:49:20,409 [0deae85c-a16a-4311-a0af-934f501df2cc@group-0A4A12A99BD7:LeaderElection11] INFO  impl.RaftServerImpl (ServerState.java:setRaftConf(354)) - 0deae85c-a16a-4311-a0af-934f501df2cc@group-0A4A12A99BD7: set configuration 0: [0deae85c-a16a-4311-a0af-934f501df2cc:192.168.164.207:38744], old=null at 0
2019-09-25 04:49:20,409 [fcf37978-6168-4314-87d6-0e8a7c1fc6e1@group-939E19D20AEE:LeaderElection21] INFO  server.RaftServerConfigKeys (ConfUtils.java:logGet(43)) - raft.server.rpc.sleep.time = 25ms (default)
2019-09-25 04:49:20,408 [4900d303-9ac7-4a86-9389-d77749add813@group-71245CA931F9:LeaderElection10] INFO  impl.RaftServerImpl (ServerState.java:setRaftConf(354)) - 4900d303-9ac7-4a86-9389-d77749add813@group-71245CA931F9: set configuration 0: [4900d303-9ac7-4a86-9389-d77749add813:192.168.164.207:37431], old=null at 0
2019-09-25 04:49:20,465 [fcf37978-6168-4314-87d6-0e8a7c1fc6e1@group-939E19D20AEE:LeaderElection21] INFO  server.RaftServerConfigKeys (ConfUtils.java:logGet(43)) - raft.server.write.element-limit = 4096 (default)
2019-09-25 04:49:20,408 [pool-37-thread-1] INFO  server.RaftServerConfigKeys (ConfUtils.java:logGet(43)) - raft.server.retrycache.expirytime = 600000ms (custom)
2019-09-25 04:49:20,468 [fcf37978-6168-4314-87d6-0e8a7c1fc6e1@group-939E19D20AEE:LeaderElection21] INFO  server.RaftServerConfigKeys (ConfUtils.java:logGet(43)) - raft.server.watch.timeout = 10s (default)
2019-09-25 04:49:20,462 [2f00ca3a-f523-476d-a77d-69389bdf1595@group-8AA63A2B5A34:LeaderElection20] INFO  server.RaftServerConfigKeys (ConfUtils.java:logGet(43)) - raft.server.watch.element-limit = 65536 (default)
2019-09-25 04:49:20,458 [fcf37978-6168-4314-87d6-0e8a7c1fc6e1@group-D430901E1EF5-SegmentedRaftLogWorker] INFO  segmented.SegmentedRaftLogWorker (SegmentedRaftLogWorker.java:execute(569)) - fcf37978-6168-4314-87d6-0e8a7c1fc6e1@group-D430901E1EF5-SegmentedRaftLogWorker: created new log segment /workdir/hadoop-ozone/integration-test/target/test-dir/MiniOzoneClusterImpl-73e7cd3e-72db-4213-b677-28bfbd198772/datanode-3/data/ratis/862216ec-7b20-4f09-9288-d430901e1ef5/current/log_inprogress_0
2019-09-25 04:49:20,468 [fcf37978-6168-4314-87d6-0e8a7c1fc6e1@group-939E19D20AEE:LeaderElection21] INFO  server.RaftServerConfigKeys (ConfUtils.java:logGet(43)) - raft.server.watch.timeout.denomination = 1s (default)
2019-09-25 04:49:20,469 [fcf37978-6168-4314-87d6-0e8a7c1fc6e1@group-939E19D20AEE:LeaderElection21] INFO  server.RaftServerConfigKeys (ConfUtils.java:logGet(43)) - raft.server.watch.element-limit = 65536 (default)
2019-09-25 04:49:20,471 [3875a0db-bcd0-4e93-a77c-33ac6d7b4cc5@group-11C6BF4BB3B7-SegmentedRaftLogWorker] INFO  segmented.SegmentedRaftLogWorker (SegmentedRaftLogWorker.java:execute(569)) - 3875a0db-bcd0-4e93-a77c-33ac6d7b4cc5@group-11C6BF4BB3B7-SegmentedRaftLogWorker: created new log segment /workdir/hadoop-ozone/integration-test/target/test-dir/MiniOzoneClusterImpl-73e7cd3e-72db-4213-b677-28bfbd198772/datanode-5/data/ratis/bea97773-4d43-4aec-9f66-11c6bf4bb3b7/current/log_inprogress_0
2019-09-25 04:49:20,471 [4900d303-9ac7-4a86-9389-d77749add813@group-71245CA931F9-SegmentedRaftLogWorker] INFO  segmented.SegmentedRaftLogWorker (SegmentedRaftLogWorker.java:execute(569)) - 4900d303-9ac7-4a86-9389-d77749add813@group-71245CA931F9-SegmentedRaftLogWorker: created new log segment /workdir/hadoop-ozone/integration-test/target/test-dir/MiniOzoneClusterImpl-73e7cd3e-72db-4213-b677-28bfbd198772/datanode-2/data/ratis/eb5e136d-84b2-43a4-b3e3-71245ca931f9/current/log_inprogress_0
2019-09-25 04:49:20,471 [4900d303-9ac7-4a86-9389-d77749add813@group-03DCD32FC418-SegmentedRaftLogWorker] INFO  segmented.SegmentedRaftLogWorker (SegmentedRaftLogWorker.java:execute(569)) - 4900d303-9ac7-4a86-9389-d77749add813@group-03DCD32FC418-SegmentedRaftLogWorker: created new log segment /workdir/hadoop-ozone/integration-test/target/test-dir/MiniOzoneClusterImpl-73e7cd3e-72db-4213-b677-28bfbd198772/datanode-2/data/ratis/2afc3a6a-78b2-4c58-837e-03dcd32fc418/current/log_inprogress_0
2019-09-25 04:49:20,471 [0deae85c-a16a-4311-a0af-934f501df2cc@group-0A4A12A99BD7-SegmentedRaftLogWorker] INFO  segmented.SegmentedRaftLogWorker (SegmentedRaftLogWorker.java:execute(569)) - 0deae85c-a16a-4311-a0af-934f501df2cc@group-0A4A12A99BD7-SegmentedRaftLogWorker: created new log segment /workdir/hadoop-ozone/integration-test/target/test-dir/MiniOzoneClusterImpl-73e7cd3e-72db-4213-b677-28bfbd198772/datanode-0/data/ratis/e8924da3-4b30-4d9d-91f6-0a4a12a99bd7/current/log_inprogress_0
2019-09-25 04:49:20,474 [pool-37-thread-1] INFO  impl.RaftServerImpl (RaftServerImpl.java:start(185)) - ef17bb0f-3839-4724-ad21-94b92a6e25d3@group-2DE716751434: start as a follower, conf=-1: [ef17bb0f-3839-4724-ad21-94b92a6e25d3:192.168.164.207:40519], old=null
2019-09-25 04:49:20,474 [pool-37-thread-1] INFO  impl.RaftServerImpl (RaftServerImpl.java:setRole(174)) - ef17bb0f-3839-4724-ad21-94b92a6e25d3@group-2DE716751434: changes role from      null to FOLLOWER at term 0 for startAsFollower
2019-09-25 04:49:20,474 [pool-37-thread-1] INFO  impl.RoleInfo (RoleInfo.java:updateAndGet(143)) - ef17bb0f-3839-4724-ad21-94b92a6e25d3: start FollowerState
2019-09-25 04:49:20,474 [2f00ca3a-f523-476d-a77d-69389bdf1595@group-8AA63A2B5A34:LeaderElection20] INFO  impl.RoleInfo (RoleInfo.java:updateAndGet(143)) - 2f00ca3a-f523-476d-a77d-69389bdf1595: start LeaderState
2019-09-25 04:49:20,474 [fcf37978-6168-4314-87d6-0e8a7c1fc6e1@group-939E19D20AEE:LeaderElection21] INFO  impl.RoleInfo (RoleInfo.java:updateAndGet(143)) - fcf37978-6168-4314-87d6-0e8a7c1fc6e1: start LeaderState
2019-09-25 04:49:20,475 [pool-37-thread-1] INFO  util.JmxRegister (JmxRegister.java:tryRegister(44)) - Successfully registered JMX Bean with object name Ratis:service=RaftServer,group=group-2DE716751434,id=ef17bb0f-3839-4724-ad21-94b92a6e25d3
2019-09-25 04:49:20,474 [2f00ca3a-f523-476d-a77d-69389bdf1595@group-8AA63A2B5A34:LeaderElection20] INFO  segmented.SegmentedRaftLogWorker (SegmentedRaftLogWorker.java:startLogSegment(380)) - 2f00ca3a-f523-476d-a77d-69389bdf1595@group-8AA63A2B5A34-SegmentedRaftLogWorker: Starting segment from index:0
2019-09-25 04:49:20,475 [fcf37978-6168-4314-87d6-0e8a7c1fc6e1@group-939E19D20AEE:LeaderElection21] INFO  segmented.SegmentedRaftLogWorker (SegmentedRaftLogWorker.java:startLogSegment(380)) - fcf37978-6168-4314-87d6-0e8a7c1fc6e1@group-939E19D20AEE-SegmentedRaftLogWorker: Starting segment from index:0
2019-09-25 04:49:20,475 [2f00ca3a-f523-476d-a77d-69389bdf1595@group-8AA63A2B5A34:LeaderElection20] INFO  impl.RaftServerImpl (ServerState.java:setRaftConf(354)) - 2f00ca3a-f523-476d-a77d-69389bdf1595@group-8AA63A2B5A34: set configuration 0: [2f00ca3a-f523-476d-a77d-69389bdf1595:192.168.164.207:39474], old=null at 0
2019-09-25 04:49:20,531 [fcf37978-6168-4314-87d6-0e8a7c1fc6e1@group-939E19D20AEE:LeaderElection21] INFO  impl.RaftServerImpl (ServerState.java:setRaftConf(354)) - fcf37978-6168-4314-87d6-0e8a7c1fc6e1@group-939E19D20AEE: set configuration 0: [fcf37978-6168-4314-87d6-0e8a7c1fc6e1:192.168.164.207:44984], old=null at 0
2019-09-25 04:49:20,550 [2f00ca3a-f523-476d-a77d-69389bdf1595@group-8AA63A2B5A34-SegmentedRaftLogWorker] INFO  segmented.SegmentedRaftLogWorker (SegmentedRaftLogWorker.java:execute(569)) - 2f00ca3a-f523-476d-a77d-69389bdf1595@group-8AA63A2B5A34-SegmentedRaftLogWorker: created new log segment /workdir/hadoop-ozone/integration-test/target/test-dir/MiniOzoneClusterImpl-73e7cd3e-72db-4213-b677-28bfbd198772/datanode-6/data/ratis/d43aacb1-ce56-48a0-bff0-8aa63a2b5a34/current/log_inprogress_0
2019-09-25 04:49:20,550 [fcf37978-6168-4314-87d6-0e8a7c1fc6e1@group-939E19D20AEE-SegmentedRaftLogWorker] INFO  segmented.SegmentedRaftLogWorker (SegmentedRaftLogWorker.java:execute(569)) - fcf37978-6168-4314-87d6-0e8a7c1fc6e1@group-939E19D20AEE-SegmentedRaftLogWorker: created new log segment /workdir/hadoop-ozone/integration-test/target/test-dir/MiniOzoneClusterImpl-73e7cd3e-72db-4213-b677-28bfbd198772/datanode-3/data/ratis/09ba0c90-5391-4f22-8115-939e19d20aee/current/log_inprogress_0
2019-09-25 04:49:20,551 [RatisPipelineUtilsThread] INFO  pipeline.PipelineStateManager (PipelineStateManager.java:addPipeline(56)) - Created pipeline Pipeline[ Id: d6799ffa-19d8-49b6-b614-2de716751434, Nodes: ef17bb0f-3839-4724-ad21-94b92a6e25d3{ip: 192.168.164.207, host: pr-hdds-1569-s44lr-3492059363, networkLocation: /default-rack, certSerialId: null}, Type:RATIS, Factor:ONE, State:OPEN]
2019-09-25 04:49:20,551 [RatisPipelineUtilsThread] INFO  pipeline.PipelinePlacementPolicy (PipelinePlacementPolicy.java:meetCriteria(91)) - Pipeline Placement: can't place more pipeline on heavy datanode： 0deae85c-a16a-4311-a0af-934f501df2cc Heaviness: 6 limit: 5
2019-09-25 04:49:20,568 [grpc-default-executor-0] INFO  impl.RaftServerProxy (RaftServerProxy.java:addNew(89)) - eccaf005-8169-4dfc-be1f-8981a011c66c: addNew group-0BE3DF9EFA88:[eccaf005-8169-4dfc-be1f-8981a011c66c:192.168.164.207:46393] returns group-0BE3DF9EFA88:java.util.concurrent.CompletableFuture@5dbb47c9[Not completed]
2019-09-25 04:49:20,570 [pool-67-thread-1] INFO  impl.RaftServerImpl (RaftServerImpl.java:<init>(95)) - eccaf005-8169-4dfc-be1f-8981a011c66c: new RaftServerImpl for group-0BE3DF9EFA88:[eccaf005-8169-4dfc-be1f-8981a011c66c:192.168.164.207:46393] with ContainerStateMachine:uninitialized
2019-09-25 04:49:20,570 [pool-67-thread-1] INFO  server.RaftServerConfigKeys (ConfUtils.java:logGet(43)) - raft.server.rpc.timeout.min = 1s (custom)
2019-09-25 04:49:20,570 [pool-67-thread-1] INFO  server.RaftServerConfigKeys (ConfUtils.java:logGet(43)) - raft.server.rpc.timeout.max = 1200ms (custom)
2019-09-25 04:49:20,570 [pool-67-thread-1] INFO  server.RaftServerConfigKeys (ConfUtils.java:logGet(43)) - raft.server.rpcslowness.timeout = 120s (custom)
2019-09-25 04:49:20,571 [pool-67-thread-1] INFO  server.RaftServerConfigKeys (ConfUtils.java:logGet(43)) - raft.server.sleep.deviation.threshold = 300 (default)
2019-09-25 04:49:20,571 [pool-67-thread-1] INFO  server.RaftServerConfigKeys (ConfUtils.java:logGet(43)) - raft.server.log.appender.install.snapshot.enabled = false (custom)
2019-09-25 04:49:20,571 [pool-67-thread-1] INFO  impl.RaftServerImpl (ServerState.java:<init>(103)) - eccaf005-8169-4dfc-be1f-8981a011c66c@group-0BE3DF9EFA88: ConfigurationManager, init=-1: [eccaf005-8169-4dfc-be1f-8981a011c66c:192.168.164.207:46393], old=null, confs=<EMPTY_MAP>
2019-09-25 04:49:20,571 [pool-67-thread-1] INFO  server.RaftServerConfigKeys (ConfUtils.java:logGet(43)) - raft.server.storage.dir = [/workdir/hadoop-ozone/integration-test/target/test-dir/MiniOzoneClusterImpl-73e7cd3e-72db-4213-b677-28bfbd198772/datanode-4/data/ratis] (custom)
2019-09-25 04:49:20,572 [pool-67-thread-1] INFO  storage.RaftStorageDirectory (RaftStorageDirectory.java:analyzeStorage(246)) - The storage directory /workdir/hadoop-ozone/integration-test/target/test-dir/MiniOzoneClusterImpl-73e7cd3e-72db-4213-b677-28bfbd198772/datanode-4/data/ratis/fffb0ca7-e772-493a-bab4-0be3df9efa88 does not exist. Creating ...
2019-09-25 04:49:20,585 [pool-67-thread-1] INFO  storage.RaftStorageDirectory (RaftStorageDirectory.java:tryLock(328)) - Lock on /workdir/hadoop-ozone/integration-test/target/test-dir/MiniOzoneClusterImpl-73e7cd3e-72db-4213-b677-28bfbd198772/datanode-4/data/ratis/fffb0ca7-e772-493a-bab4-0be3df9efa88/in_use.lock acquired by nodename 6977@pr-hdds-1569-s44lr-3492059363
2019-09-25 04:49:20,602 [pool-67-thread-1] INFO  storage.RaftStorage (RaftStorage.java:format(72)) - Storage directory /workdir/hadoop-ozone/integration-test/target/test-dir/MiniOzoneClusterImpl-73e7cd3e-72db-4213-b677-28bfbd198772/datanode-4/data/ratis/fffb0ca7-e772-493a-bab4-0be3df9efa88 has been successfully formatted.
2019-09-25 04:49:20,602 [pool-67-thread-1] INFO  ratis.ContainerStateMachine (ContainerStateMachine.java:loadSnapshot(230)) - group-0BE3DF9EFA88: The snapshot info is null. Setting the last applied indexto:(t:0, i:~)
2019-09-25 04:49:20,603 [pool-67-thread-1] INFO  server.RaftServerConfigKeys (ConfUtils.java:logGet(43)) - raft.server.notification.no-leader.timeout = 120s (custom)
2019-09-25 04:49:20,603 [pool-67-thread-1] INFO  server.RaftServerConfigKeys (ConfUtils.java:logGet(43)) - raft.server.log.use.memory = false (default)
2019-09-25 04:49:20,603 [pool-67-thread-1] INFO  server.RaftServerConfigKeys (ConfUtils.java:logGet(43)) - raft.server.log.purge.gap = 1000000 (custom)
2019-09-25 04:49:20,603 [pool-67-thread-1] INFO  server.RaftServerConfigKeys (ConfUtils.java:logGet(43)) - raft.server.log.appender.buffer.byte-limit = 33554432 (custom)
2019-09-25 04:49:20,603 [pool-67-thread-1] INFO  server.RaftServerConfigKeys (ConfUtils.java:logGet(43)) - raft.server.log.segment.size.max = 1048576 (custom)
2019-09-25 04:49:20,604 [pool-67-thread-1] INFO  server.RaftServerConfigKeys (ConfUtils.java:logGet(43)) - raft.server.log.segment.cache.num.max = 2 (custom)
2019-09-25 04:49:20,604 [pool-67-thread-1] INFO  segmented.SegmentedRaftLogWorker (SegmentedRaftLogWorker.java:<init>(172)) - new eccaf005-8169-4dfc-be1f-8981a011c66c@group-0BE3DF9EFA88-SegmentedRaftLogWorker for RaftStorage:Storage Directory /workdir/hadoop-ozone/integration-test/target/test-dir/MiniOzoneClusterImpl-73e7cd3e-72db-4213-b677-28bfbd198772/datanode-4/data/ratis/fffb0ca7-e772-493a-bab4-0be3df9efa88
2019-09-25 04:49:20,607 [pool-67-thread-1] INFO  server.RaftServerConfigKeys (ConfUtils.java:logGet(43)) - raft.server.log.queue.byte-limit = 2147483647 (custom)
2019-09-25 04:49:20,607 [pool-67-thread-1] INFO  server.RaftServerConfigKeys (ConfUtils.java:logGet(43)) - raft.server.log.queue.element-limit = 1024 (custom)
2019-09-25 04:49:20,607 [pool-67-thread-1] INFO  server.RaftServerConfigKeys (ConfUtils.java:logGet(43)) - raft.server.log.segment.size.max = 1048576 (custom)
2019-09-25 04:49:20,607 [pool-67-thread-1] INFO  server.RaftServerConfigKeys (ConfUtils.java:logGet(43)) - raft.server.log.preallocated.size = 16384 (custom)
2019-09-25 04:49:20,608 [pool-67-thread-1] INFO  server.RaftServerConfigKeys (ConfUtils.java:logGet(43)) - raft.server.log.write.buffer.size = 33554432 (custom)
2019-09-25 04:49:20,608 [pool-67-thread-1] INFO  server.RaftServerConfigKeys (ConfUtils.java:logGet(43)) - raft.server.log.force.sync.num = 128 (default)
2019-09-25 04:49:20,608 [pool-67-thread-1] INFO  server.RaftServerConfigKeys (ConfUtils.java:logGet(43)) - raft.server.log.statemachine.data.sync = true (default)
2019-09-25 04:49:20,608 [pool-67-thread-1] INFO  server.RaftServerConfigKeys (ConfUtils.java:logGet(43)) - raft.server.log.statemachine.data.sync.timeout = 10s (default)
2019-09-25 04:49:20,608 [pool-67-thread-1] INFO  server.RaftServerConfigKeys (ConfUtils.java:logGet(43)) - raft.server.log.statemachine.data.sync.timeout.retry = -1 (default)
2019-09-25 04:49:20,609 [pool-67-thread-1] INFO  server.RaftServerConfigKeys (ConfUtils.java:logGet(43)) - raft.server.log.statemachine.data.caching.enabled = true (custom)
2019-09-25 04:49:20,609 [pool-67-thread-1] INFO  segmented.SegmentedRaftLogWorker (SegmentedRaftLogWorker.java:lambda$new$0(132)) - eccaf005-8169-4dfc-be1f-8981a011c66c@group-0BE3DF9EFA88-SegmentedRaftLogWorker: flushIndex: setUnconditionally 0 -> -1
2019-09-25 04:49:20,609 [pool-67-thread-1] INFO  server.RaftServerConfigKeys (ConfUtils.java:logGet(43)) - raft.server.snapshot.auto.trigger.enabled = true (custom)
2019-09-25 04:49:20,610 [pool-67-thread-1] INFO  server.RaftServerConfigKeys (ConfUtils.java:logGet(43)) - raft.server.snapshot.auto.trigger.threshold = 10000 (custom)
2019-09-25 04:49:20,610 [pool-67-thread-1] INFO  server.RaftServerConfigKeys (ConfUtils.java:logGet(43)) - raft.server.snapshot.retention.num.files = 5 (custom)
2019-09-25 04:49:20,610 [pool-67-thread-1] INFO  server.RaftServerConfigKeys (ConfUtils.java:logGet(43)) - raft.server.retrycache.expirytime = 600000ms (custom)
2019-09-25 04:49:20,613 [pool-67-thread-1] INFO  impl.RaftServerImpl (RaftServerImpl.java:start(185)) - eccaf005-8169-4dfc-be1f-8981a011c66c@group-0BE3DF9EFA88: start as a follower, conf=-1: [eccaf005-8169-4dfc-be1f-8981a011c66c:192.168.164.207:46393], old=null
2019-09-25 04:49:20,613 [pool-67-thread-1] INFO  impl.RaftServerImpl (RaftServerImpl.java:setRole(174)) - eccaf005-8169-4dfc-be1f-8981a011c66c@group-0BE3DF9EFA88: changes role from      null to FOLLOWER at term 0 for startAsFollower
2019-09-25 04:49:20,613 [pool-67-thread-1] INFO  impl.RoleInfo (RoleInfo.java:updateAndGet(143)) - eccaf005-8169-4dfc-be1f-8981a011c66c: start FollowerState
2019-09-25 04:49:20,613 [pool-67-thread-1] INFO  util.JmxRegister (JmxRegister.java:tryRegister(44)) - Successfully registered JMX Bean with object name Ratis:service=RaftServer,group=group-0BE3DF9EFA88,id=eccaf005-8169-4dfc-be1f-8981a011c66c
2019-09-25 04:49:20,621 [RatisPipelineUtilsThread] INFO  pipeline.PipelineStateManager (PipelineStateManager.java:addPipeline(56)) - Created pipeline Pipeline[ Id: fffb0ca7-e772-493a-bab4-0be3df9efa88, Nodes: eccaf005-8169-4dfc-be1f-8981a011c66c{ip: 192.168.164.207, host: pr-hdds-1569-s44lr-3492059363, networkLocation: /default-rack, certSerialId: null}, Type:RATIS, Factor:ONE, State:OPEN]
2019-09-25 04:49:20,622 [RatisPipelineUtilsThread] INFO  pipeline.PipelinePlacementPolicy (PipelinePlacementPolicy.java:meetCriteria(91)) - Pipeline Placement: can't place more pipeline on heavy datanode： 0deae85c-a16a-4311-a0af-934f501df2cc Heaviness: 6 limit: 5
2019-09-25 04:49:20,634 [grpc-default-executor-0] INFO  impl.RaftServerProxy (RaftServerProxy.java:addNew(89)) - 2f00ca3a-f523-476d-a77d-69389bdf1595: addNew group-BD40B150A32E:[2f00ca3a-f523-476d-a77d-69389bdf1595:192.168.164.207:39474] returns group-BD40B150A32E:java.util.concurrent.CompletableFuture@13a74d32[Not completed]
2019-09-25 04:49:20,635 [pool-87-thread-1] INFO  impl.RaftServerImpl (RaftServerImpl.java:<init>(95)) - 2f00ca3a-f523-476d-a77d-69389bdf1595: new RaftServerImpl for group-BD40B150A32E:[2f00ca3a-f523-476d-a77d-69389bdf1595:192.168.164.207:39474] with ContainerStateMachine:uninitialized
2019-09-25 04:49:20,635 [pool-87-thread-1] INFO  server.RaftServerConfigKeys (ConfUtils.java:logGet(43)) - raft.server.rpc.timeout.min = 1s (custom)
2019-09-25 04:49:20,635 [pool-87-thread-1] INFO  server.RaftServerConfigKeys (ConfUtils.java:logGet(43)) - raft.server.rpc.timeout.max = 1200ms (custom)
2019-09-25 04:49:20,636 [pool-87-thread-1] INFO  server.RaftServerConfigKeys (ConfUtils.java:logGet(43)) - raft.server.rpcslowness.timeout = 120s (custom)
2019-09-25 04:49:20,636 [pool-87-thread-1] INFO  server.RaftServerConfigKeys (ConfUtils.java:logGet(43)) - raft.server.sleep.deviation.threshold = 300 (default)
2019-09-25 04:49:20,636 [pool-87-thread-1] INFO  server.RaftServerConfigKeys (ConfUtils.java:logGet(43)) - raft.server.log.appender.install.snapshot.enabled = false (custom)
2019-09-25 04:49:20,636 [pool-87-thread-1] INFO  impl.RaftServerImpl (ServerState.java:<init>(103)) - 2f00ca3a-f523-476d-a77d-69389bdf1595@group-BD40B150A32E: ConfigurationManager, init=-1: [2f00ca3a-f523-476d-a77d-69389bdf1595:192.168.164.207:39474], old=null, confs=<EMPTY_MAP>
2019-09-25 04:49:20,636 [pool-87-thread-1] INFO  server.RaftServerConfigKeys (ConfUtils.java:logGet(43)) - raft.server.storage.dir = [/workdir/hadoop-ozone/integration-test/target/test-dir/MiniOzoneClusterImpl-73e7cd3e-72db-4213-b677-28bfbd198772/datanode-6/data/ratis] (custom)
2019-09-25 04:49:20,636 [pool-87-thread-1] INFO  storage.RaftStorageDirectory (RaftStorageDirectory.java:analyzeStorage(246)) - The storage directory /workdir/hadoop-ozone/integration-test/target/test-dir/MiniOzoneClusterImpl-73e7cd3e-72db-4213-b677-28bfbd198772/datanode-6/data/ratis/c0bd2086-701f-489d-828a-bd40b150a32e does not exist. Creating ...
2019-09-25 04:49:20,650 [pool-87-thread-1] INFO  storage.RaftStorageDirectory (RaftStorageDirectory.java:tryLock(328)) - Lock on /workdir/hadoop-ozone/integration-test/target/test-dir/MiniOzoneClusterImpl-73e7cd3e-72db-4213-b677-28bfbd198772/datanode-6/data/ratis/c0bd2086-701f-489d-828a-bd40b150a32e/in_use.lock acquired by nodename 6977@pr-hdds-1569-s44lr-3492059363
2019-09-25 04:49:20,663 [pool-87-thread-1] INFO  storage.RaftStorage (RaftStorage.java:format(72)) - Storage directory /workdir/hadoop-ozone/integration-test/target/test-dir/MiniOzoneClusterImpl-73e7cd3e-72db-4213-b677-28bfbd198772/datanode-6/data/ratis/c0bd2086-701f-489d-828a-bd40b150a32e has been successfully formatted.
2019-09-25 04:49:20,664 [pool-87-thread-1] INFO  ratis.ContainerStateMachine (ContainerStateMachine.java:loadSnapshot(230)) - group-BD40B150A32E: The snapshot info is null. Setting the last applied indexto:(t:0, i:~)
2019-09-25 04:49:20,664 [pool-87-thread-1] INFO  server.RaftServerConfigKeys (ConfUtils.java:logGet(43)) - raft.server.notification.no-leader.timeout = 120s (custom)
2019-09-25 04:49:20,664 [pool-87-thread-1] INFO  server.RaftServerConfigKeys (ConfUtils.java:logGet(43)) - raft.server.log.use.memory = false (default)
2019-09-25 04:49:20,664 [pool-87-thread-1] INFO  server.RaftServerConfigKeys (ConfUtils.java:logGet(43)) - raft.server.log.purge.gap = 1000000 (custom)
2019-09-25 04:49:20,664 [pool-87-thread-1] INFO  server.RaftServerConfigKeys (ConfUtils.java:logGet(43)) - raft.server.log.appender.buffer.byte-limit = 33554432 (custom)
2019-09-25 04:49:20,664 [pool-87-thread-1] INFO  server.RaftServerConfigKeys (ConfUtils.java:logGet(43)) - raft.server.log.segment.size.max = 1048576 (custom)
2019-09-25 04:49:20,664 [pool-87-thread-1] INFO  server.RaftServerConfigKeys (ConfUtils.java:logGet(43)) - raft.server.log.segment.cache.num.max = 2 (custom)
2019-09-25 04:49:20,665 [pool-87-thread-1] INFO  segmented.SegmentedRaftLogWorker (SegmentedRaftLogWorker.java:<init>(172)) - new 2f00ca3a-f523-476d-a77d-69389bdf1595@group-BD40B150A32E-SegmentedRaftLogWorker for RaftStorage:Storage Directory /workdir/hadoop-ozone/integration-test/target/test-dir/MiniOzoneClusterImpl-73e7cd3e-72db-4213-b677-28bfbd198772/datanode-6/data/ratis/c0bd2086-701f-489d-828a-bd40b150a32e
2019-09-25 04:49:20,665 [pool-87-thread-1] INFO  server.RaftServerConfigKeys (ConfUtils.java:logGet(43)) - raft.server.log.queue.byte-limit = 2147483647 (custom)
2019-09-25 04:49:20,665 [pool-87-thread-1] INFO  server.RaftServerConfigKeys (ConfUtils.java:logGet(43)) - raft.server.log.queue.element-limit = 1024 (custom)
2019-09-25 04:49:20,665 [pool-87-thread-1] INFO  server.RaftServerConfigKeys (ConfUtils.java:logGet(43)) - raft.server.log.segment.size.max = 1048576 (custom)
2019-09-25 04:49:20,665 [pool-87-thread-1] INFO  server.RaftServerConfigKeys (ConfUtils.java:logGet(43)) - raft.server.log.preallocated.size = 16384 (custom)
2019-09-25 04:49:20,665 [pool-87-thread-1] INFO  server.RaftServerConfigKeys (ConfUtils.java:logGet(43)) - raft.server.log.write.buffer.size = 33554432 (custom)
2019-09-25 04:49:20,665 [pool-87-thread-1] INFO  server.RaftServerConfigKeys (ConfUtils.java:logGet(43)) - raft.server.log.force.sync.num = 128 (default)
2019-09-25 04:49:20,665 [pool-87-thread-1] INFO  server.RaftServerConfigKeys (ConfUtils.java:logGet(43)) - raft.server.log.statemachine.data.sync = true (default)
2019-09-25 04:49:20,665 [pool-87-thread-1] INFO  server.RaftServerConfigKeys (ConfUtils.java:logGet(43)) - raft.server.log.statemachine.data.sync.timeout = 10s (default)
2019-09-25 04:49:20,666 [pool-87-thread-1] INFO  server.RaftServerConfigKeys (ConfUtils.java:logGet(43)) - raft.server.log.statemachine.data.sync.timeout.retry = -1 (default)
2019-09-25 04:49:20,666 [pool-87-thread-1] INFO  server.RaftServerConfigKeys (ConfUtils.java:logGet(43)) - raft.server.log.statemachine.data.caching.enabled = true (custom)
2019-09-25 04:49:20,666 [pool-87-thread-1] INFO  segmented.SegmentedRaftLogWorker (SegmentedRaftLogWorker.java:lambda$new$0(132)) - 2f00ca3a-f523-476d-a77d-69389bdf1595@group-BD40B150A32E-SegmentedRaftLogWorker: flushIndex: setUnconditionally 0 -> -1
2019-09-25 04:49:20,666 [pool-87-thread-1] INFO  server.RaftServerConfigKeys (ConfUtils.java:logGet(43)) - raft.server.snapshot.auto.trigger.enabled = true (custom)
2019-09-25 04:49:20,667 [pool-87-thread-1] INFO  server.RaftServerConfigKeys (ConfUtils.java:logGet(43)) - raft.server.snapshot.auto.trigger.threshold = 10000 (custom)
2019-09-25 04:49:20,667 [pool-87-thread-1] INFO  server.RaftServerConfigKeys (ConfUtils.java:logGet(43)) - raft.server.snapshot.retention.num.files = 5 (custom)
2019-09-25 04:49:20,667 [pool-87-thread-1] INFO  server.RaftServerConfigKeys (ConfUtils.java:logGet(43)) - raft.server.retrycache.expirytime = 600000ms (custom)
2019-09-25 04:49:20,669 [pool-87-thread-1] INFO  impl.RaftServerImpl (RaftServerImpl.java:start(185)) - 2f00ca3a-f523-476d-a77d-69389bdf1595@group-BD40B150A32E: start as a follower, conf=-1: [2f00ca3a-f523-476d-a77d-69389bdf1595:192.168.164.207:39474], old=null
2019-09-25 04:49:20,669 [pool-87-thread-1] INFO  impl.RaftServerImpl (RaftServerImpl.java:setRole(174)) - 2f00ca3a-f523-476d-a77d-69389bdf1595@group-BD40B150A32E: changes role from      null to FOLLOWER at term 0 for startAsFollower
2019-09-25 04:49:20,669 [pool-87-thread-1] INFO  impl.RoleInfo (RoleInfo.java:updateAndGet(143)) - 2f00ca3a-f523-476d-a77d-69389bdf1595: start FollowerState
2019-09-25 04:49:20,669 [pool-87-thread-1] INFO  util.JmxRegister (JmxRegister.java:tryRegister(44)) - Successfully registered JMX Bean with object name Ratis:service=RaftServer,group=group-BD40B150A32E,id=2f00ca3a-f523-476d-a77d-69389bdf1595
2019-09-25 04:49:20,675 [RatisPipelineUtilsThread] INFO  pipeline.PipelineStateManager (PipelineStateManager.java:addPipeline(56)) - Created pipeline Pipeline[ Id: c0bd2086-701f-489d-828a-bd40b150a32e, Nodes: 2f00ca3a-f523-476d-a77d-69389bdf1595{ip: 192.168.164.207, host: pr-hdds-1569-s44lr-3492059363, networkLocation: /default-rack, certSerialId: null}, Type:RATIS, Factor:ONE, State:OPEN]
2019-09-25 04:49:20,676 [RatisPipelineUtilsThread] INFO  pipeline.PipelinePlacementPolicy (PipelinePlacementPolicy.java:meetCriteria(91)) - Pipeline Placement: can't place more pipeline on heavy datanode： 0deae85c-a16a-4311-a0af-934f501df2cc Heaviness: 6 limit: 5
2019-09-25 04:49:20,688 [grpc-default-executor-0] INFO  impl.RaftServerProxy (RaftServerProxy.java:addNew(89)) - 4900d303-9ac7-4a86-9389-d77749add813: addNew group-5C14C794F815:[4900d303-9ac7-4a86-9389-d77749add813:192.168.164.207:37431] returns group-5C14C794F815:java.util.concurrent.CompletableFuture@2e3b9f4e[Not completed]
2019-09-25 04:49:20,689 [pool-47-thread-1] INFO  impl.RaftServerImpl (RaftServerImpl.java:<init>(95)) - 4900d303-9ac7-4a86-9389-d77749add813: new RaftServerImpl for group-5C14C794F815:[4900d303-9ac7-4a86-9389-d77749add813:192.168.164.207:37431] with ContainerStateMachine:uninitialized
2019-09-25 04:49:20,689 [pool-47-thread-1] INFO  server.RaftServerConfigKeys (ConfUtils.java:logGet(43)) - raft.server.rpc.timeout.min = 1s (custom)
2019-09-25 04:49:20,689 [pool-47-thread-1] INFO  server.RaftServerConfigKeys (ConfUtils.java:logGet(43)) - raft.server.rpc.timeout.max = 1200ms (custom)
2019-09-25 04:49:20,690 [pool-47-thread-1] INFO  server.RaftServerConfigKeys (ConfUtils.java:logGet(43)) - raft.server.rpcslowness.timeout = 120s (custom)
2019-09-25 04:49:20,690 [pool-47-thread-1] INFO  server.RaftServerConfigKeys (ConfUtils.java:logGet(43)) - raft.server.sleep.deviation.threshold = 300 (default)
2019-09-25 04:49:20,690 [pool-47-thread-1] INFO  server.RaftServerConfigKeys (ConfUtils.java:logGet(43)) - raft.server.log.appender.install.snapshot.enabled = false (custom)
2019-09-25 04:49:20,690 [pool-47-thread-1] INFO  impl.RaftServerImpl (ServerState.java:<init>(103)) - 4900d303-9ac7-4a86-9389-d77749add813@group-5C14C794F815: ConfigurationManager, init=-1: [4900d303-9ac7-4a86-9389-d77749add813:192.168.164.207:37431], old=null, confs=<EMPTY_MAP>
2019-09-25 04:49:20,690 [pool-47-thread-1] INFO  server.RaftServerConfigKeys (ConfUtils.java:logGet(43)) - raft.server.storage.dir = [/workdir/hadoop-ozone/integration-test/target/test-dir/MiniOzoneClusterImpl-73e7cd3e-72db-4213-b677-28bfbd198772/datanode-2/data/ratis] (custom)
2019-09-25 04:49:20,690 [pool-47-thread-1] INFO  storage.RaftStorageDirectory (RaftStorageDirectory.java:analyzeStorage(246)) - The storage directory /workdir/hadoop-ozone/integration-test/target/test-dir/MiniOzoneClusterImpl-73e7cd3e-72db-4213-b677-28bfbd198772/datanode-2/data/ratis/1d3f486f-c319-4b69-8d0b-5c14c794f815 does not exist. Creating ...
2019-09-25 04:49:20,703 [pool-47-thread-1] INFO  storage.RaftStorageDirectory (RaftStorageDirectory.java:tryLock(328)) - Lock on /workdir/hadoop-ozone/integration-test/target/test-dir/MiniOzoneClusterImpl-73e7cd3e-72db-4213-b677-28bfbd198772/datanode-2/data/ratis/1d3f486f-c319-4b69-8d0b-5c14c794f815/in_use.lock acquired by nodename 6977@pr-hdds-1569-s44lr-3492059363
2019-09-25 04:49:20,716 [pool-47-thread-1] INFO  storage.RaftStorage (RaftStorage.java:format(72)) - Storage directory /workdir/hadoop-ozone/integration-test/target/test-dir/MiniOzoneClusterImpl-73e7cd3e-72db-4213-b677-28bfbd198772/datanode-2/data/ratis/1d3f486f-c319-4b69-8d0b-5c14c794f815 has been successfully formatted.
2019-09-25 04:49:20,716 [pool-47-thread-1] INFO  ratis.ContainerStateMachine (ContainerStateMachine.java:loadSnapshot(230)) - group-5C14C794F815: The snapshot info is null. Setting the last applied indexto:(t:0, i:~)
2019-09-25 04:49:20,716 [pool-47-thread-1] INFO  server.RaftServerConfigKeys (ConfUtils.java:logGet(43)) - raft.server.notification.no-leader.timeout = 120s (custom)
2019-09-25 04:49:20,716 [pool-47-thread-1] INFO  server.RaftServerConfigKeys (ConfUtils.java:logGet(43)) - raft.server.log.use.memory = false (default)
2019-09-25 04:49:20,716 [pool-47-thread-1] INFO  server.RaftServerConfigKeys (ConfUtils.java:logGet(43)) - raft.server.log.purge.gap = 1000000 (custom)
2019-09-25 04:49:20,716 [pool-47-thread-1] INFO  server.RaftServerConfigKeys (ConfUtils.java:logGet(43)) - raft.server.log.appender.buffer.byte-limit = 33554432 (custom)
2019-09-25 04:49:20,717 [pool-47-thread-1] INFO  server.RaftServerConfigKeys (ConfUtils.java:logGet(43)) - raft.server.log.segment.size.max = 1048576 (custom)
2019-09-25 04:49:20,717 [pool-47-thread-1] INFO  server.RaftServerConfigKeys (ConfUtils.java:logGet(43)) - raft.server.log.segment.cache.num.max = 2 (custom)
2019-09-25 04:49:20,717 [pool-47-thread-1] INFO  segmented.SegmentedRaftLogWorker (SegmentedRaftLogWorker.java:<init>(172)) - new 4900d303-9ac7-4a86-9389-d77749add813@group-5C14C794F815-SegmentedRaftLogWorker for RaftStorage:Storage Directory /workdir/hadoop-ozone/integration-test/target/test-dir/MiniOzoneClusterImpl-73e7cd3e-72db-4213-b677-28bfbd198772/datanode-2/data/ratis/1d3f486f-c319-4b69-8d0b-5c14c794f815
2019-09-25 04:49:20,717 [pool-47-thread-1] INFO  server.RaftServerConfigKeys (ConfUtils.java:logGet(43)) - raft.server.log.queue.byte-limit = 2147483647 (custom)
2019-09-25 04:49:20,717 [pool-47-thread-1] INFO  server.RaftServerConfigKeys (ConfUtils.java:logGet(43)) - raft.server.log.queue.element-limit = 1024 (custom)
2019-09-25 04:49:20,717 [pool-47-thread-1] INFO  server.RaftServerConfigKeys (ConfUtils.java:logGet(43)) - raft.server.log.segment.size.max = 1048576 (custom)
2019-09-25 04:49:20,717 [pool-47-thread-1] INFO  server.RaftServerConfigKeys (ConfUtils.java:logGet(43)) - raft.server.log.preallocated.size = 16384 (custom)
2019-09-25 04:49:20,718 [pool-47-thread-1] INFO  server.RaftServerConfigKeys (ConfUtils.java:logGet(43)) - raft.server.log.write.buffer.size = 33554432 (custom)
2019-09-25 04:49:20,718 [pool-47-thread-1] INFO  server.RaftServerConfigKeys (ConfUtils.java:logGet(43)) - raft.server.log.force.sync.num = 128 (default)
2019-09-25 04:49:20,718 [pool-47-thread-1] INFO  server.RaftServerConfigKeys (ConfUtils.java:logGet(43)) - raft.server.log.statemachine.data.sync = true (default)
2019-09-25 04:49:20,718 [pool-47-thread-1] INFO  server.RaftServerConfigKeys (ConfUtils.java:logGet(43)) - raft.server.log.statemachine.data.sync.timeout = 10s (default)
2019-09-25 04:49:20,718 [pool-47-thread-1] INFO  server.RaftServerConfigKeys (ConfUtils.java:logGet(43)) - raft.server.log.statemachine.data.sync.timeout.retry = -1 (default)
2019-09-25 04:49:20,718 [pool-47-thread-1] INFO  server.RaftServerConfigKeys (ConfUtils.java:logGet(43)) - raft.server.log.statemachine.data.caching.enabled = true (custom)
2019-09-25 04:49:20,719 [pool-47-thread-1] INFO  segmented.SegmentedRaftLogWorker (SegmentedRaftLogWorker.java:lambda$new$0(132)) - 4900d303-9ac7-4a86-9389-d77749add813@group-5C14C794F815-SegmentedRaftLogWorker: flushIndex: setUnconditionally 0 -> -1
2019-09-25 04:49:20,719 [pool-47-thread-1] INFO  server.RaftServerConfigKeys (ConfUtils.java:logGet(43)) - raft.server.snapshot.auto.trigger.enabled = true (custom)
2019-09-25 04:49:20,719 [pool-47-thread-1] INFO  server.RaftServerConfigKeys (ConfUtils.java:logGet(43)) - raft.server.snapshot.auto.trigger.threshold = 10000 (custom)
2019-09-25 04:49:20,719 [pool-47-thread-1] INFO  server.RaftServerConfigKeys (ConfUtils.java:logGet(43)) - raft.server.snapshot.retention.num.files = 5 (custom)
2019-09-25 04:49:20,719 [pool-47-thread-1] INFO  server.RaftServerConfigKeys (ConfUtils.java:logGet(43)) - raft.server.retrycache.expirytime = 600000ms (custom)
2019-09-25 04:49:20,721 [pool-47-thread-1] INFO  impl.RaftServerImpl (RaftServerImpl.java:start(185)) - 4900d303-9ac7-4a86-9389-d77749add813@group-5C14C794F815: start as a follower, conf=-1: [4900d303-9ac7-4a86-9389-d77749add813:192.168.164.207:37431], old=null
2019-09-25 04:49:20,721 [pool-47-thread-1] INFO  impl.RaftServerImpl (RaftServerImpl.java:setRole(174)) - 4900d303-9ac7-4a86-9389-d77749add813@group-5C14C794F815: changes role from      null to FOLLOWER at term 0 for startAsFollower
2019-09-25 04:49:20,721 [pool-47-thread-1] INFO  impl.RoleInfo (RoleInfo.java:updateAndGet(143)) - 4900d303-9ac7-4a86-9389-d77749add813: start FollowerState
2019-09-25 04:49:20,722 [pool-47-thread-1] INFO  util.JmxRegister (JmxRegister.java:tryRegister(44)) - Successfully registered JMX Bean with object name Ratis:service=RaftServer,group=group-5C14C794F815,id=4900d303-9ac7-4a86-9389-d77749add813
2019-09-25 04:49:20,728 [RatisPipelineUtilsThread] INFO  pipeline.PipelineStateManager (PipelineStateManager.java:addPipeline(56)) - Created pipeline Pipeline[ Id: 1d3f486f-c319-4b69-8d0b-5c14c794f815, Nodes: 4900d303-9ac7-4a86-9389-d77749add813{ip: 192.168.164.207, host: pr-hdds-1569-s44lr-3492059363, networkLocation: /default-rack, certSerialId: null}, Type:RATIS, Factor:ONE, State:OPEN]
2019-09-25 04:49:20,728 [RatisPipelineUtilsThread] INFO  pipeline.PipelinePlacementPolicy (PipelinePlacementPolicy.java:meetCriteria(91)) - Pipeline Placement: can't place more pipeline on heavy datanode： 0deae85c-a16a-4311-a0af-934f501df2cc Heaviness: 6 limit: 5
2019-09-25 04:49:20,741 [grpc-default-executor-1] INFO  impl.RaftServerProxy (RaftServerProxy.java:addNew(89)) - 4900d303-9ac7-4a86-9389-d77749add813: addNew group-F870E4137921:[4900d303-9ac7-4a86-9389-d77749add813:192.168.164.207:37431] returns group-F870E4137921:java.util.concurrent.CompletableFuture@40faf3a6[Not completed]
2019-09-25 04:49:20,741 [pool-47-thread-1] INFO  impl.RaftServerImpl (RaftServerImpl.java:<init>(95)) - 4900d303-9ac7-4a86-9389-d77749add813: new RaftServerImpl for group-F870E4137921:[4900d303-9ac7-4a86-9389-d77749add813:192.168.164.207:37431] with ContainerStateMachine:uninitialized
2019-09-25 04:49:20,742 [pool-47-thread-1] INFO  server.RaftServerConfigKeys (ConfUtils.java:logGet(43)) - raft.server.rpc.timeout.min = 1s (custom)
2019-09-25 04:49:20,742 [pool-47-thread-1] INFO  server.RaftServerConfigKeys (ConfUtils.java:logGet(43)) - raft.server.rpc.timeout.max = 1200ms (custom)
2019-09-25 04:49:20,742 [pool-47-thread-1] INFO  server.RaftServerConfigKeys (ConfUtils.java:logGet(43)) - raft.server.rpcslowness.timeout = 120s (custom)
2019-09-25 04:49:20,742 [pool-47-thread-1] INFO  server.RaftServerConfigKeys (ConfUtils.java:logGet(43)) - raft.server.sleep.deviation.threshold = 300 (default)
2019-09-25 04:49:20,742 [pool-47-thread-1] INFO  server.RaftServerConfigKeys (ConfUtils.java:logGet(43)) - raft.server.log.appender.install.snapshot.enabled = false (custom)
2019-09-25 04:49:20,742 [pool-47-thread-1] INFO  impl.RaftServerImpl (ServerState.java:<init>(103)) - 4900d303-9ac7-4a86-9389-d77749add813@group-F870E4137921: ConfigurationManager, init=-1: [4900d303-9ac7-4a86-9389-d77749add813:192.168.164.207:37431], old=null, confs=<EMPTY_MAP>
2019-09-25 04:49:20,742 [pool-47-thread-1] INFO  server.RaftServerConfigKeys (ConfUtils.java:logGet(43)) - raft.server.storage.dir = [/workdir/hadoop-ozone/integration-test/target/test-dir/MiniOzoneClusterImpl-73e7cd3e-72db-4213-b677-28bfbd198772/datanode-2/data/ratis] (custom)
2019-09-25 04:49:20,742 [pool-47-thread-1] INFO  storage.RaftStorageDirectory (RaftStorageDirectory.java:analyzeStorage(246)) - The storage directory /workdir/hadoop-ozone/integration-test/target/test-dir/MiniOzoneClusterImpl-73e7cd3e-72db-4213-b677-28bfbd198772/datanode-2/data/ratis/1cafe8ad-1f33-4971-b289-f870e4137921 does not exist. Creating ...
2019-09-25 04:49:20,755 [pool-47-thread-1] INFO  storage.RaftStorageDirectory (RaftStorageDirectory.java:tryLock(328)) - Lock on /workdir/hadoop-ozone/integration-test/target/test-dir/MiniOzoneClusterImpl-73e7cd3e-72db-4213-b677-28bfbd198772/datanode-2/data/ratis/1cafe8ad-1f33-4971-b289-f870e4137921/in_use.lock acquired by nodename 6977@pr-hdds-1569-s44lr-3492059363
2019-09-25 04:49:20,768 [pool-47-thread-1] INFO  storage.RaftStorage (RaftStorage.java:format(72)) - Storage directory /workdir/hadoop-ozone/integration-test/target/test-dir/MiniOzoneClusterImpl-73e7cd3e-72db-4213-b677-28bfbd198772/datanode-2/data/ratis/1cafe8ad-1f33-4971-b289-f870e4137921 has been successfully formatted.
2019-09-25 04:49:20,768 [pool-47-thread-1] INFO  ratis.ContainerStateMachine (ContainerStateMachine.java:loadSnapshot(230)) - group-F870E4137921: The snapshot info is null. Setting the last applied indexto:(t:0, i:~)
2019-09-25 04:49:20,768 [pool-47-thread-1] INFO  server.RaftServerConfigKeys (ConfUtils.java:logGet(43)) - raft.server.notification.no-leader.timeout = 120s (custom)
2019-09-25 04:49:20,768 [pool-47-thread-1] INFO  server.RaftServerConfigKeys (ConfUtils.java:logGet(43)) - raft.server.log.use.memory = false (default)
2019-09-25 04:49:20,769 [pool-47-thread-1] INFO  server.RaftServerConfigKeys (ConfUtils.java:logGet(43)) - raft.server.log.purge.gap = 1000000 (custom)
2019-09-25 04:49:20,769 [pool-47-thread-1] INFO  server.RaftServerConfigKeys (ConfUtils.java:logGet(43)) - raft.server.log.appender.buffer.byte-limit = 33554432 (custom)
2019-09-25 04:49:20,769 [pool-47-thread-1] INFO  server.RaftServerConfigKeys (ConfUtils.java:logGet(43)) - raft.server.log.segment.size.max = 1048576 (custom)
2019-09-25 04:49:20,769 [pool-47-thread-1] INFO  server.RaftServerConfigKeys (ConfUtils.java:logGet(43)) - raft.server.log.segment.cache.num.max = 2 (custom)
2019-09-25 04:49:20,769 [pool-47-thread-1] INFO  segmented.SegmentedRaftLogWorker (SegmentedRaftLogWorker.java:<init>(172)) - new 4900d303-9ac7-4a86-9389-d77749add813@group-F870E4137921-SegmentedRaftLogWorker for RaftStorage:Storage Directory /workdir/hadoop-ozone/integration-test/target/test-dir/MiniOzoneClusterImpl-73e7cd3e-72db-4213-b677-28bfbd198772/datanode-2/data/ratis/1cafe8ad-1f33-4971-b289-f870e4137921
2019-09-25 04:49:20,769 [pool-47-thread-1] INFO  server.RaftServerConfigKeys (ConfUtils.java:logGet(43)) - raft.server.log.queue.byte-limit = 2147483647 (custom)
2019-09-25 04:49:20,770 [pool-47-thread-1] INFO  server.RaftServerConfigKeys (ConfUtils.java:logGet(43)) - raft.server.log.queue.element-limit = 1024 (custom)
2019-09-25 04:49:20,770 [pool-47-thread-1] INFO  server.RaftServerConfigKeys (ConfUtils.java:logGet(43)) - raft.server.log.segment.size.max = 1048576 (custom)
2019-09-25 04:49:20,770 [pool-47-thread-1] INFO  server.RaftServerConfigKeys (ConfUtils.java:logGet(43)) - raft.server.log.preallocated.size = 16384 (custom)
2019-09-25 04:49:20,770 [pool-47-thread-1] INFO  server.RaftServerConfigKeys (ConfUtils.java:logGet(43)) - raft.server.log.write.buffer.size = 33554432 (custom)
2019-09-25 04:49:20,770 [pool-47-thread-1] INFO  server.RaftServerConfigKeys (ConfUtils.java:logGet(43)) - raft.server.log.force.sync.num = 128 (default)
2019-09-25 04:49:20,770 [pool-47-thread-1] INFO  server.RaftServerConfigKeys (ConfUtils.java:logGet(43)) - raft.server.log.statemachine.data.sync = true (default)
2019-09-25 04:49:20,770 [pool-47-thread-1] INFO  server.RaftServerConfigKeys (ConfUtils.java:logGet(43)) - raft.server.log.statemachine.data.sync.timeout = 10s (default)
2019-09-25 04:49:20,770 [pool-47-thread-1] INFO  server.RaftServerConfigKeys (ConfUtils.java:logGet(43)) - raft.server.log.statemachine.data.sync.timeout.retry = -1 (default)
2019-09-25 04:49:20,771 [pool-47-thread-1] INFO  server.RaftServerConfigKeys (ConfUtils.java:logGet(43)) - raft.server.log.statemachine.data.caching.enabled = true (custom)
2019-09-25 04:49:20,771 [pool-47-thread-1] INFO  segmented.SegmentedRaftLogWorker (SegmentedRaftLogWorker.java:lambda$new$0(132)) - 4900d303-9ac7-4a86-9389-d77749add813@group-F870E4137921-SegmentedRaftLogWorker: flushIndex: setUnconditionally 0 -> -1
2019-09-25 04:49:20,771 [pool-47-thread-1] INFO  server.RaftServerConfigKeys (ConfUtils.java:logGet(43)) - raft.server.snapshot.auto.trigger.enabled = true (custom)
2019-09-25 04:49:20,771 [pool-47-thread-1] INFO  server.RaftServerConfigKeys (ConfUtils.java:logGet(43)) - raft.server.snapshot.auto.trigger.threshold = 10000 (custom)
2019-09-25 04:49:20,771 [pool-47-thread-1] INFO  server.RaftServerConfigKeys (ConfUtils.java:logGet(43)) - raft.server.snapshot.retention.num.files = 5 (custom)
2019-09-25 04:49:20,772 [pool-47-thread-1] INFO  server.RaftServerConfigKeys (ConfUtils.java:logGet(43)) - raft.server.retrycache.expirytime = 600000ms (custom)
2019-09-25 04:49:20,773 [pool-47-thread-1] INFO  impl.RaftServerImpl (RaftServerImpl.java:start(185)) - 4900d303-9ac7-4a86-9389-d77749add813@group-F870E4137921: start as a follower, conf=-1: [4900d303-9ac7-4a86-9389-d77749add813:192.168.164.207:37431], old=null
2019-09-25 04:49:20,773 [pool-47-thread-1] INFO  impl.RaftServerImpl (RaftServerImpl.java:setRole(174)) - 4900d303-9ac7-4a86-9389-d77749add813@group-F870E4137921: changes role from      null to FOLLOWER at term 0 for startAsFollower
2019-09-25 04:49:20,774 [pool-47-thread-1] INFO  impl.RoleInfo (RoleInfo.java:updateAndGet(143)) - 4900d303-9ac7-4a86-9389-d77749add813: start FollowerState
2019-09-25 04:49:20,774 [pool-47-thread-1] INFO  util.JmxRegister (JmxRegister.java:tryRegister(44)) - Successfully registered JMX Bean with object name Ratis:service=RaftServer,group=group-F870E4137921,id=4900d303-9ac7-4a86-9389-d77749add813
2019-09-25 04:49:20,780 [RatisPipelineUtilsThread] INFO  pipeline.PipelineStateManager (PipelineStateManager.java:addPipeline(56)) - Created pipeline Pipeline[ Id: 1cafe8ad-1f33-4971-b289-f870e4137921, Nodes: 4900d303-9ac7-4a86-9389-d77749add813{ip: 192.168.164.207, host: pr-hdds-1569-s44lr-3492059363, networkLocation: /default-rack, certSerialId: null}, Type:RATIS, Factor:ONE, State:OPEN]
2019-09-25 04:49:20,781 [RatisPipelineUtilsThread] INFO  pipeline.PipelinePlacementPolicy (PipelinePlacementPolicy.java:meetCriteria(91)) - Pipeline Placement: can't place more pipeline on heavy datanode： 0deae85c-a16a-4311-a0af-934f501df2cc Heaviness: 6 limit: 5
2019-09-25 04:49:20,792 [grpc-default-executor-1] INFO  impl.RaftServerProxy (RaftServerProxy.java:addNew(89)) - 4900d303-9ac7-4a86-9389-d77749add813: addNew group-E85EAB672CF1:[4900d303-9ac7-4a86-9389-d77749add813:192.168.164.207:37431] returns group-E85EAB672CF1:java.util.concurrent.CompletableFuture@4a0298d6[Not completed]
2019-09-25 04:49:20,793 [pool-47-thread-1] INFO  impl.RaftServerImpl (RaftServerImpl.java:<init>(95)) - 4900d303-9ac7-4a86-9389-d77749add813: new RaftServerImpl for group-E85EAB672CF1:[4900d303-9ac7-4a86-9389-d77749add813:192.168.164.207:37431] with ContainerStateMachine:uninitialized
2019-09-25 04:49:20,794 [pool-47-thread-1] INFO  server.RaftServerConfigKeys (ConfUtils.java:logGet(43)) - raft.server.rpc.timeout.min = 1s (custom)
2019-09-25 04:49:20,794 [pool-47-thread-1] INFO  server.RaftServerConfigKeys (ConfUtils.java:logGet(43)) - raft.server.rpc.timeout.max = 1200ms (custom)
2019-09-25 04:49:20,794 [pool-47-thread-1] INFO  server.RaftServerConfigKeys (ConfUtils.java:logGet(43)) - raft.server.rpcslowness.timeout = 120s (custom)
2019-09-25 04:49:20,794 [pool-47-thread-1] INFO  server.RaftServerConfigKeys (ConfUtils.java:logGet(43)) - raft.server.sleep.deviation.threshold = 300 (default)
2019-09-25 04:49:20,794 [pool-47-thread-1] INFO  server.RaftServerConfigKeys (ConfUtils.java:logGet(43)) - raft.server.log.appender.install.snapshot.enabled = false (custom)
2019-09-25 04:49:20,794 [pool-47-thread-1] INFO  impl.RaftServerImpl (ServerState.java:<init>(103)) - 4900d303-9ac7-4a86-9389-d77749add813@group-E85EAB672CF1: ConfigurationManager, init=-1: [4900d303-9ac7-4a86-9389-d77749add813:192.168.164.207:37431], old=null, confs=<EMPTY_MAP>
2019-09-25 04:49:20,795 [pool-47-thread-1] INFO  server.RaftServerConfigKeys (ConfUtils.java:logGet(43)) - raft.server.storage.dir = [/workdir/hadoop-ozone/integration-test/target/test-dir/MiniOzoneClusterImpl-73e7cd3e-72db-4213-b677-28bfbd198772/datanode-2/data/ratis] (custom)
2019-09-25 04:49:20,795 [pool-47-thread-1] INFO  storage.RaftStorageDirectory (RaftStorageDirectory.java:analyzeStorage(246)) - The storage directory /workdir/hadoop-ozone/integration-test/target/test-dir/MiniOzoneClusterImpl-73e7cd3e-72db-4213-b677-28bfbd198772/datanode-2/data/ratis/180b02d8-e80b-41f5-b8b0-e85eab672cf1 does not exist. Creating ...
2019-09-25 04:49:20,808 [pool-47-thread-1] INFO  storage.RaftStorageDirectory (RaftStorageDirectory.java:tryLock(328)) - Lock on /workdir/hadoop-ozone/integration-test/target/test-dir/MiniOzoneClusterImpl-73e7cd3e-72db-4213-b677-28bfbd198772/datanode-2/data/ratis/180b02d8-e80b-41f5-b8b0-e85eab672cf1/in_use.lock acquired by nodename 6977@pr-hdds-1569-s44lr-3492059363
2019-09-25 04:49:20,821 [pool-47-thread-1] INFO  storage.RaftStorage (RaftStorage.java:format(72)) - Storage directory /workdir/hadoop-ozone/integration-test/target/test-dir/MiniOzoneClusterImpl-73e7cd3e-72db-4213-b677-28bfbd198772/datanode-2/data/ratis/180b02d8-e80b-41f5-b8b0-e85eab672cf1 has been successfully formatted.
2019-09-25 04:49:20,822 [pool-47-thread-1] INFO  ratis.ContainerStateMachine (ContainerStateMachine.java:loadSnapshot(230)) - group-E85EAB672CF1: The snapshot info is null. Setting the last applied indexto:(t:0, i:~)
2019-09-25 04:49:20,822 [pool-47-thread-1] INFO  server.RaftServerConfigKeys (ConfUtils.java:logGet(43)) - raft.server.notification.no-leader.timeout = 120s (custom)
2019-09-25 04:49:20,822 [pool-47-thread-1] INFO  server.RaftServerConfigKeys (ConfUtils.java:logGet(43)) - raft.server.log.use.memory = false (default)
2019-09-25 04:49:20,822 [pool-47-thread-1] INFO  server.RaftServerConfigKeys (ConfUtils.java:logGet(43)) - raft.server.log.purge.gap = 1000000 (custom)
2019-09-25 04:49:20,823 [pool-47-thread-1] INFO  server.RaftServerConfigKeys (ConfUtils.java:logGet(43)) - raft.server.log.appender.buffer.byte-limit = 33554432 (custom)
2019-09-25 04:49:20,823 [pool-47-thread-1] INFO  server.RaftServerConfigKeys (ConfUtils.java:logGet(43)) - raft.server.log.segment.size.max = 1048576 (custom)
2019-09-25 04:49:20,823 [pool-47-thread-1] INFO  server.RaftServerConfigKeys (ConfUtils.java:logGet(43)) - raft.server.log.segment.cache.num.max = 2 (custom)
2019-09-25 04:49:20,823 [pool-47-thread-1] INFO  segmented.SegmentedRaftLogWorker (SegmentedRaftLogWorker.java:<init>(172)) - new 4900d303-9ac7-4a86-9389-d77749add813@group-E85EAB672CF1-SegmentedRaftLogWorker for RaftStorage:Storage Directory /workdir/hadoop-ozone/integration-test/target/test-dir/MiniOzoneClusterImpl-73e7cd3e-72db-4213-b677-28bfbd198772/datanode-2/data/ratis/180b02d8-e80b-41f5-b8b0-e85eab672cf1
2019-09-25 04:49:20,823 [pool-47-thread-1] INFO  server.RaftServerConfigKeys (ConfUtils.java:logGet(43)) - raft.server.log.queue.byte-limit = 2147483647 (custom)
2019-09-25 04:49:20,823 [pool-47-thread-1] INFO  server.RaftServerConfigKeys (ConfUtils.java:logGet(43)) - raft.server.log.queue.element-limit = 1024 (custom)
2019-09-25 04:49:20,824 [pool-47-thread-1] INFO  server.RaftServerConfigKeys (ConfUtils.java:logGet(43)) - raft.server.log.segment.size.max = 1048576 (custom)
2019-09-25 04:49:20,824 [pool-47-thread-1] INFO  server.RaftServerConfigKeys (ConfUtils.java:logGet(43)) - raft.server.log.preallocated.size = 16384 (custom)
2019-09-25 04:49:20,824 [pool-47-thread-1] INFO  server.RaftServerConfigKeys (ConfUtils.java:logGet(43)) - raft.server.log.write.buffer.size = 33554432 (custom)
2019-09-25 04:49:20,824 [pool-47-thread-1] INFO  server.RaftServerConfigKeys (ConfUtils.java:logGet(43)) - raft.server.log.force.sync.num = 128 (default)
2019-09-25 04:49:20,824 [pool-47-thread-1] INFO  server.RaftServerConfigKeys (ConfUtils.java:logGet(43)) - raft.server.log.statemachine.data.sync = true (default)
2019-09-25 04:49:20,824 [pool-47-thread-1] INFO  server.RaftServerConfigKeys (ConfUtils.java:logGet(43)) - raft.server.log.statemachine.data.sync.timeout = 10s (default)
2019-09-25 04:49:20,825 [pool-47-thread-1] INFO  server.RaftServerConfigKeys (ConfUtils.java:logGet(43)) - raft.server.log.statemachine.data.sync.timeout.retry = -1 (default)
2019-09-25 04:49:20,825 [pool-47-thread-1] INFO  server.RaftServerConfigKeys (ConfUtils.java:logGet(43)) - raft.server.log.statemachine.data.caching.enabled = true (custom)
2019-09-25 04:49:20,825 [pool-47-thread-1] INFO  segmented.SegmentedRaftLogWorker (SegmentedRaftLogWorker.java:lambda$new$0(132)) - 4900d303-9ac7-4a86-9389-d77749add813@group-E85EAB672CF1-SegmentedRaftLogWorker: flushIndex: setUnconditionally 0 -> -1
2019-09-25 04:49:20,826 [pool-47-thread-1] INFO  server.RaftServerConfigKeys (ConfUtils.java:logGet(43)) - raft.server.snapshot.auto.trigger.enabled = true (custom)
2019-09-25 04:49:20,826 [pool-47-thread-1] INFO  server.RaftServerConfigKeys (ConfUtils.java:logGet(43)) - raft.server.snapshot.auto.trigger.threshold = 10000 (custom)
2019-09-25 04:49:20,826 [pool-47-thread-1] INFO  server.RaftServerConfigKeys (ConfUtils.java:logGet(43)) - raft.server.snapshot.retention.num.files = 5 (custom)
2019-09-25 04:49:20,826 [pool-47-thread-1] INFO  server.RaftServerConfigKeys (ConfUtils.java:logGet(43)) - raft.server.retrycache.expirytime = 600000ms (custom)
2019-09-25 04:49:20,829 [pool-47-thread-1] INFO  impl.RaftServerImpl (RaftServerImpl.java:start(185)) - 4900d303-9ac7-4a86-9389-d77749add813@group-E85EAB672CF1: start as a follower, conf=-1: [4900d303-9ac7-4a86-9389-d77749add813:192.168.164.207:37431], old=null
2019-09-25 04:49:20,829 [pool-47-thread-1] INFO  impl.RaftServerImpl (RaftServerImpl.java:setRole(174)) - 4900d303-9ac7-4a86-9389-d77749add813@group-E85EAB672CF1: changes role from      null to FOLLOWER at term 0 for startAsFollower
2019-09-25 04:49:20,830 [pool-47-thread-1] INFO  impl.RoleInfo (RoleInfo.java:updateAndGet(143)) - 4900d303-9ac7-4a86-9389-d77749add813: start FollowerState
2019-09-25 04:49:20,830 [pool-47-thread-1] INFO  util.JmxRegister (JmxRegister.java:tryRegister(44)) - Successfully registered JMX Bean with object name Ratis:service=RaftServer,group=group-E85EAB672CF1,id=4900d303-9ac7-4a86-9389-d77749add813
2019-09-25 04:49:20,837 [RatisPipelineUtilsThread] INFO  pipeline.PipelineStateManager (PipelineStateManager.java:addPipeline(56)) - Created pipeline Pipeline[ Id: 180b02d8-e80b-41f5-b8b0-e85eab672cf1, Nodes: 4900d303-9ac7-4a86-9389-d77749add813{ip: 192.168.164.207, host: pr-hdds-1569-s44lr-3492059363, networkLocation: /default-rack, certSerialId: null}, Type:RATIS, Factor:ONE, State:OPEN]
2019-09-25 04:49:20,837 [RatisPipelineUtilsThread] INFO  pipeline.PipelinePlacementPolicy (PipelinePlacementPolicy.java:meetCriteria(91)) - Pipeline Placement: can't place more pipeline on heavy datanode： 4900d303-9ac7-4a86-9389-d77749add813 Heaviness: 6 limit: 5
2019-09-25 04:49:20,838 [RatisPipelineUtilsThread] INFO  pipeline.PipelinePlacementPolicy (PipelinePlacementPolicy.java:meetCriteria(91)) - Pipeline Placement: can't place more pipeline on heavy datanode： 0deae85c-a16a-4311-a0af-934f501df2cc Heaviness: 6 limit: 5
2019-09-25 04:49:20,849 [grpc-default-executor-1] INFO  impl.RaftServerProxy (RaftServerProxy.java:addNew(89)) - 778daabb-04ae-41de-8067-bd0724312da7: addNew group-AD88A5BF1051:[778daabb-04ae-41de-8067-bd0724312da7:192.168.164.207:43912] returns group-AD88A5BF1051:java.util.concurrent.CompletableFuture@18f0ba77[Not completed]
2019-09-25 04:49:20,850 [pool-107-thread-1] INFO  impl.RaftServerImpl (RaftServerImpl.java:<init>(95)) - 778daabb-04ae-41de-8067-bd0724312da7: new RaftServerImpl for group-AD88A5BF1051:[778daabb-04ae-41de-8067-bd0724312da7:192.168.164.207:43912] with ContainerStateMachine:uninitialized
2019-09-25 04:49:20,851 [pool-107-thread-1] INFO  server.RaftServerConfigKeys (ConfUtils.java:logGet(43)) - raft.server.rpc.timeout.min = 1s (custom)
2019-09-25 04:49:20,851 [pool-107-thread-1] INFO  server.RaftServerConfigKeys (ConfUtils.java:logGet(43)) - raft.server.rpc.timeout.max = 1200ms (custom)
2019-09-25 04:49:20,851 [pool-107-thread-1] INFO  server.RaftServerConfigKeys (ConfUtils.java:logGet(43)) - raft.server.rpcslowness.timeout = 120s (custom)
2019-09-25 04:49:20,851 [pool-107-thread-1] INFO  server.RaftServerConfigKeys (ConfUtils.java:logGet(43)) - raft.server.sleep.deviation.threshold = 300 (default)
2019-09-25 04:49:20,851 [pool-107-thread-1] INFO  server.RaftServerConfigKeys (ConfUtils.java:logGet(43)) - raft.server.log.appender.install.snapshot.enabled = false (custom)
2019-09-25 04:49:20,851 [pool-107-thread-1] INFO  impl.RaftServerImpl (ServerState.java:<init>(103)) - 778daabb-04ae-41de-8067-bd0724312da7@group-AD88A5BF1051: ConfigurationManager, init=-1: [778daabb-04ae-41de-8067-bd0724312da7:192.168.164.207:43912], old=null, confs=<EMPTY_MAP>
2019-09-25 04:49:20,851 [pool-107-thread-1] INFO  server.RaftServerConfigKeys (ConfUtils.java:logGet(43)) - raft.server.storage.dir = [/workdir/hadoop-ozone/integration-test/target/test-dir/MiniOzoneClusterImpl-73e7cd3e-72db-4213-b677-28bfbd198772/datanode-8/data/ratis] (custom)
2019-09-25 04:49:20,852 [pool-107-thread-1] INFO  storage.RaftStorageDirectory (RaftStorageDirectory.java:analyzeStorage(246)) - The storage directory /workdir/hadoop-ozone/integration-test/target/test-dir/MiniOzoneClusterImpl-73e7cd3e-72db-4213-b677-28bfbd198772/datanode-8/data/ratis/0e8bbeb4-3d2b-4019-b682-ad88a5bf1051 does not exist. Creating ...
2019-09-25 04:49:20,872 [pool-107-thread-1] INFO  storage.RaftStorageDirectory (RaftStorageDirectory.java:tryLock(328)) - Lock on /workdir/hadoop-ozone/integration-test/target/test-dir/MiniOzoneClusterImpl-73e7cd3e-72db-4213-b677-28bfbd198772/datanode-8/data/ratis/0e8bbeb4-3d2b-4019-b682-ad88a5bf1051/in_use.lock acquired by nodename 6977@pr-hdds-1569-s44lr-3492059363
2019-09-25 04:49:20,897 [pool-107-thread-1] INFO  storage.RaftStorage (RaftStorage.java:format(72)) - Storage directory /workdir/hadoop-ozone/integration-test/target/test-dir/MiniOzoneClusterImpl-73e7cd3e-72db-4213-b677-28bfbd198772/datanode-8/data/ratis/0e8bbeb4-3d2b-4019-b682-ad88a5bf1051 has been successfully formatted.
2019-09-25 04:49:20,897 [pool-107-thread-1] INFO  ratis.ContainerStateMachine (ContainerStateMachine.java:loadSnapshot(230)) - group-AD88A5BF1051: The snapshot info is null. Setting the last applied indexto:(t:0, i:~)
2019-09-25 04:49:20,897 [pool-107-thread-1] INFO  server.RaftServerConfigKeys (ConfUtils.java:logGet(43)) - raft.server.notification.no-leader.timeout = 120s (custom)
2019-09-25 04:49:20,897 [pool-107-thread-1] INFO  server.RaftServerConfigKeys (ConfUtils.java:logGet(43)) - raft.server.log.use.memory = false (default)
2019-09-25 04:49:20,898 [pool-107-thread-1] INFO  server.RaftServerConfigKeys (ConfUtils.java:logGet(43)) - raft.server.log.purge.gap = 1000000 (custom)
2019-09-25 04:49:20,898 [pool-107-thread-1] INFO  server.RaftServerConfigKeys (ConfUtils.java:logGet(43)) - raft.server.log.appender.buffer.byte-limit = 33554432 (custom)
2019-09-25 04:49:20,898 [pool-107-thread-1] INFO  server.RaftServerConfigKeys (ConfUtils.java:logGet(43)) - raft.server.log.segment.size.max = 1048576 (custom)
2019-09-25 04:49:20,898 [pool-107-thread-1] INFO  server.RaftServerConfigKeys (ConfUtils.java:logGet(43)) - raft.server.log.segment.cache.num.max = 2 (custom)
2019-09-25 04:49:20,898 [pool-107-thread-1] INFO  segmented.SegmentedRaftLogWorker (SegmentedRaftLogWorker.java:<init>(172)) - new 778daabb-04ae-41de-8067-bd0724312da7@group-AD88A5BF1051-SegmentedRaftLogWorker for RaftStorage:Storage Directory /workdir/hadoop-ozone/integration-test/target/test-dir/MiniOzoneClusterImpl-73e7cd3e-72db-4213-b677-28bfbd198772/datanode-8/data/ratis/0e8bbeb4-3d2b-4019-b682-ad88a5bf1051
2019-09-25 04:49:20,899 [pool-107-thread-1] INFO  server.RaftServerConfigKeys (ConfUtils.java:logGet(43)) - raft.server.log.queue.byte-limit = 2147483647 (custom)
2019-09-25 04:49:20,899 [pool-107-thread-1] INFO  server.RaftServerConfigKeys (ConfUtils.java:logGet(43)) - raft.server.log.queue.element-limit = 1024 (custom)
2019-09-25 04:49:20,899 [pool-107-thread-1] INFO  server.RaftServerConfigKeys (ConfUtils.java:logGet(43)) - raft.server.log.segment.size.max = 1048576 (custom)
2019-09-25 04:49:20,899 [pool-107-thread-1] INFO  server.RaftServerConfigKeys (ConfUtils.java:logGet(43)) - raft.server.log.preallocated.size = 16384 (custom)
2019-09-25 04:49:20,899 [pool-107-thread-1] INFO  server.RaftServerConfigKeys (ConfUtils.java:logGet(43)) - raft.server.log.write.buffer.size = 33554432 (custom)
2019-09-25 04:49:20,899 [pool-107-thread-1] INFO  server.RaftServerConfigKeys (ConfUtils.java:logGet(43)) - raft.server.log.force.sync.num = 128 (default)
2019-09-25 04:49:20,899 [pool-107-thread-1] INFO  server.RaftServerConfigKeys (ConfUtils.java:logGet(43)) - raft.server.log.statemachine.data.sync = true (default)
2019-09-25 04:49:20,900 [pool-107-thread-1] INFO  server.RaftServerConfigKeys (ConfUtils.java:logGet(43)) - raft.server.log.statemachine.data.sync.timeout = 10s (default)
2019-09-25 04:49:20,900 [pool-107-thread-1] INFO  server.RaftServerConfigKeys (ConfUtils.java:logGet(43)) - raft.server.log.statemachine.data.sync.timeout.retry = -1 (default)
2019-09-25 04:49:20,900 [pool-107-thread-1] INFO  server.RaftServerConfigKeys (ConfUtils.java:logGet(43)) - raft.server.log.statemachine.data.caching.enabled = true (custom)
2019-09-25 04:49:20,900 [pool-107-thread-1] INFO  segmented.SegmentedRaftLogWorker (SegmentedRaftLogWorker.java:lambda$new$0(132)) - 778daabb-04ae-41de-8067-bd0724312da7@group-AD88A5BF1051-SegmentedRaftLogWorker: flushIndex: setUnconditionally 0 -> -1
2019-09-25 04:49:20,901 [pool-107-thread-1] INFO  server.RaftServerConfigKeys (ConfUtils.java:logGet(43)) - raft.server.snapshot.auto.trigger.enabled = true (custom)
2019-09-25 04:49:20,901 [pool-107-thread-1] INFO  server.RaftServerConfigKeys (ConfUtils.java:logGet(43)) - raft.server.snapshot.auto.trigger.threshold = 10000 (custom)
2019-09-25 04:49:20,901 [pool-107-thread-1] INFO  server.RaftServerConfigKeys (ConfUtils.java:logGet(43)) - raft.server.snapshot.retention.num.files = 5 (custom)
2019-09-25 04:49:20,902 [pool-107-thread-1] INFO  server.RaftServerConfigKeys (ConfUtils.java:logGet(43)) - raft.server.retrycache.expirytime = 600000ms (custom)
2019-09-25 04:49:20,905 [pool-107-thread-1] INFO  impl.RaftServerImpl (RaftServerImpl.java:start(185)) - 778daabb-04ae-41de-8067-bd0724312da7@group-AD88A5BF1051: start as a follower, conf=-1: [778daabb-04ae-41de-8067-bd0724312da7:192.168.164.207:43912], old=null
2019-09-25 04:49:20,905 [pool-107-thread-1] INFO  impl.RaftServerImpl (RaftServerImpl.java:setRole(174)) - 778daabb-04ae-41de-8067-bd0724312da7@group-AD88A5BF1051: changes role from      null to FOLLOWER at term 0 for startAsFollower
2019-09-25 04:49:20,905 [pool-107-thread-1] INFO  impl.RoleInfo (RoleInfo.java:updateAndGet(143)) - 778daabb-04ae-41de-8067-bd0724312da7: start FollowerState
2019-09-25 04:49:20,906 [pool-107-thread-1] INFO  util.JmxRegister (JmxRegister.java:tryRegister(44)) - Successfully registered JMX Bean with object name Ratis:service=RaftServer,group=group-AD88A5BF1051,id=778daabb-04ae-41de-8067-bd0724312da7
2019-09-25 04:49:20,913 [RatisPipelineUtilsThread] INFO  pipeline.PipelineStateManager (PipelineStateManager.java:addPipeline(56)) - Created pipeline Pipeline[ Id: 0e8bbeb4-3d2b-4019-b682-ad88a5bf1051, Nodes: 778daabb-04ae-41de-8067-bd0724312da7{ip: 192.168.164.207, host: pr-hdds-1569-s44lr-3492059363, networkLocation: /default-rack, certSerialId: null}, Type:RATIS, Factor:ONE, State:OPEN]
2019-09-25 04:49:20,913 [RatisPipelineUtilsThread] INFO  pipeline.PipelinePlacementPolicy (PipelinePlacementPolicy.java:meetCriteria(91)) - Pipeline Placement: can't place more pipeline on heavy datanode： 4900d303-9ac7-4a86-9389-d77749add813 Heaviness: 6 limit: 5
2019-09-25 04:49:20,913 [RatisPipelineUtilsThread] INFO  pipeline.PipelinePlacementPolicy (PipelinePlacementPolicy.java:meetCriteria(91)) - Pipeline Placement: can't place more pipeline on heavy datanode： 0deae85c-a16a-4311-a0af-934f501df2cc Heaviness: 6 limit: 5
2019-09-25 04:49:20,925 [grpc-default-executor-1] INFO  impl.RaftServerProxy (RaftServerProxy.java:addNew(89)) - ef17bb0f-3839-4724-ad21-94b92a6e25d3: addNew group-8D77C7A98E9B:[ef17bb0f-3839-4724-ad21-94b92a6e25d3:192.168.164.207:40519] returns group-8D77C7A98E9B:java.util.concurrent.CompletableFuture@60df0ccb[Not completed]
2019-09-25 04:49:20,926 [pool-37-thread-1] INFO  impl.RaftServerImpl (RaftServerImpl.java:<init>(95)) - ef17bb0f-3839-4724-ad21-94b92a6e25d3: new RaftServerImpl for group-8D77C7A98E9B:[ef17bb0f-3839-4724-ad21-94b92a6e25d3:192.168.164.207:40519] with ContainerStateMachine:uninitialized
2019-09-25 04:49:20,926 [pool-37-thread-1] INFO  server.RaftServerConfigKeys (ConfUtils.java:logGet(43)) - raft.server.rpc.timeout.min = 1s (custom)
2019-09-25 04:49:20,926 [pool-37-thread-1] INFO  server.RaftServerConfigKeys (ConfUtils.java:logGet(43)) - raft.server.rpc.timeout.max = 1200ms (custom)
2019-09-25 04:49:20,926 [pool-37-thread-1] INFO  server.RaftServerConfigKeys (ConfUtils.java:logGet(43)) - raft.server.rpcslowness.timeout = 120s (custom)
2019-09-25 04:49:20,926 [pool-37-thread-1] INFO  server.RaftServerConfigKeys (ConfUtils.java:logGet(43)) - raft.server.sleep.deviation.threshold = 300 (default)
2019-09-25 04:49:20,927 [pool-37-thread-1] INFO  server.RaftServerConfigKeys (ConfUtils.java:logGet(43)) - raft.server.log.appender.install.snapshot.enabled = false (custom)
2019-09-25 04:49:20,927 [pool-37-thread-1] INFO  impl.RaftServerImpl (ServerState.java:<init>(103)) - ef17bb0f-3839-4724-ad21-94b92a6e25d3@group-8D77C7A98E9B: ConfigurationManager, init=-1: [ef17bb0f-3839-4724-ad21-94b92a6e25d3:192.168.164.207:40519], old=null, confs=<EMPTY_MAP>
2019-09-25 04:49:20,927 [pool-37-thread-1] INFO  server.RaftServerConfigKeys (ConfUtils.java:logGet(43)) - raft.server.storage.dir = [/workdir/hadoop-ozone/integration-test/target/test-dir/MiniOzoneClusterImpl-73e7cd3e-72db-4213-b677-28bfbd198772/datanode-1/data/ratis] (custom)
2019-09-25 04:49:20,927 [pool-37-thread-1] INFO  storage.RaftStorageDirectory (RaftStorageDirectory.java:analyzeStorage(246)) - The storage directory /workdir/hadoop-ozone/integration-test/target/test-dir/MiniOzoneClusterImpl-73e7cd3e-72db-4213-b677-28bfbd198772/datanode-1/data/ratis/053ffbfd-3f1c-49bf-83e2-8d77c7a98e9b does not exist. Creating ...
2019-09-25 04:49:20,940 [pool-37-thread-1] INFO  storage.RaftStorageDirectory (RaftStorageDirectory.java:tryLock(328)) - Lock on /workdir/hadoop-ozone/integration-test/target/test-dir/MiniOzoneClusterImpl-73e7cd3e-72db-4213-b677-28bfbd198772/datanode-1/data/ratis/053ffbfd-3f1c-49bf-83e2-8d77c7a98e9b/in_use.lock acquired by nodename 6977@pr-hdds-1569-s44lr-3492059363
2019-09-25 04:49:20,953 [pool-37-thread-1] INFO  storage.RaftStorage (RaftStorage.java:format(72)) - Storage directory /workdir/hadoop-ozone/integration-test/target/test-dir/MiniOzoneClusterImpl-73e7cd3e-72db-4213-b677-28bfbd198772/datanode-1/data/ratis/053ffbfd-3f1c-49bf-83e2-8d77c7a98e9b has been successfully formatted.
2019-09-25 04:49:20,953 [pool-37-thread-1] INFO  ratis.ContainerStateMachine (ContainerStateMachine.java:loadSnapshot(230)) - group-8D77C7A98E9B: The snapshot info is null. Setting the last applied indexto:(t:0, i:~)
2019-09-25 04:49:20,953 [pool-37-thread-1] INFO  server.RaftServerConfigKeys (ConfUtils.java:logGet(43)) - raft.server.notification.no-leader.timeout = 120s (custom)
2019-09-25 04:49:20,953 [pool-37-thread-1] INFO  server.RaftServerConfigKeys (ConfUtils.java:logGet(43)) - raft.server.log.use.memory = false (default)
2019-09-25 04:49:20,953 [pool-37-thread-1] INFO  server.RaftServerConfigKeys (ConfUtils.java:logGet(43)) - raft.server.log.purge.gap = 1000000 (custom)
2019-09-25 04:49:20,954 [pool-37-thread-1] INFO  server.RaftServerConfigKeys (ConfUtils.java:logGet(43)) - raft.server.log.appender.buffer.byte-limit = 33554432 (custom)
2019-09-25 04:49:20,954 [pool-37-thread-1] INFO  server.RaftServerConfigKeys (ConfUtils.java:logGet(43)) - raft.server.log.segment.size.max = 1048576 (custom)
2019-09-25 04:49:20,954 [pool-37-thread-1] INFO  server.RaftServerConfigKeys (ConfUtils.java:logGet(43)) - raft.server.log.segment.cache.num.max = 2 (custom)
2019-09-25 04:49:20,954 [pool-37-thread-1] INFO  segmented.SegmentedRaftLogWorker (SegmentedRaftLogWorker.java:<init>(172)) - new ef17bb0f-3839-4724-ad21-94b92a6e25d3@group-8D77C7A98E9B-SegmentedRaftLogWorker for RaftStorage:Storage Directory /workdir/hadoop-ozone/integration-test/target/test-dir/MiniOzoneClusterImpl-73e7cd3e-72db-4213-b677-28bfbd198772/datanode-1/data/ratis/053ffbfd-3f1c-49bf-83e2-8d77c7a98e9b
2019-09-25 04:49:20,954 [pool-37-thread-1] INFO  server.RaftServerConfigKeys (ConfUtils.java:logGet(43)) - raft.server.log.queue.byte-limit = 2147483647 (custom)
2019-09-25 04:49:20,954 [pool-37-thread-1] INFO  server.RaftServerConfigKeys (ConfUtils.java:logGet(43)) - raft.server.log.queue.element-limit = 1024 (custom)
2019-09-25 04:49:20,954 [pool-37-thread-1] INFO  server.RaftServerConfigKeys (ConfUtils.java:logGet(43)) - raft.server.log.segment.size.max = 1048576 (custom)
2019-09-25 04:49:20,954 [pool-37-thread-1] INFO  server.RaftServerConfigKeys (ConfUtils.java:logGet(43)) - raft.server.log.preallocated.size = 16384 (custom)
2019-09-25 04:49:20,955 [pool-37-thread-1] INFO  server.RaftServerConfigKeys (ConfUtils.java:logGet(43)) - raft.server.log.write.buffer.size = 33554432 (custom)
2019-09-25 04:49:20,955 [pool-37-thread-1] INFO  server.RaftServerConfigKeys (ConfUtils.java:logGet(43)) - raft.server.log.force.sync.num = 128 (default)
2019-09-25 04:49:20,955 [pool-37-thread-1] INFO  server.RaftServerConfigKeys (ConfUtils.java:logGet(43)) - raft.server.log.statemachine.data.sync = true (default)
2019-09-25 04:49:20,955 [pool-37-thread-1] INFO  server.RaftServerConfigKeys (ConfUtils.java:logGet(43)) - raft.server.log.statemachine.data.sync.timeout = 10s (default)
2019-09-25 04:49:20,955 [pool-37-thread-1] INFO  server.RaftServerConfigKeys (ConfUtils.java:logGet(43)) - raft.server.log.statemachine.data.sync.timeout.retry = -1 (default)
2019-09-25 04:49:20,955 [pool-37-thread-1] INFO  server.RaftServerConfigKeys (ConfUtils.java:logGet(43)) - raft.server.log.statemachine.data.caching.enabled = true (custom)
2019-09-25 04:49:20,955 [pool-37-thread-1] INFO  segmented.SegmentedRaftLogWorker (SegmentedRaftLogWorker.java:lambda$new$0(132)) - ef17bb0f-3839-4724-ad21-94b92a6e25d3@group-8D77C7A98E9B-SegmentedRaftLogWorker: flushIndex: setUnconditionally 0 -> -1
2019-09-25 04:49:20,956 [pool-37-thread-1] INFO  server.RaftServerConfigKeys (ConfUtils.java:logGet(43)) - raft.server.snapshot.auto.trigger.enabled = true (custom)
2019-09-25 04:49:20,956 [pool-37-thread-1] INFO  server.RaftServerConfigKeys (ConfUtils.java:logGet(43)) - raft.server.snapshot.auto.trigger.threshold = 10000 (custom)
2019-09-25 04:49:20,956 [pool-37-thread-1] INFO  server.RaftServerConfigKeys (ConfUtils.java:logGet(43)) - raft.server.snapshot.retention.num.files = 5 (custom)
2019-09-25 04:49:20,956 [pool-37-thread-1] INFO  server.RaftServerConfigKeys (ConfUtils.java:logGet(43)) - raft.server.retrycache.expirytime = 600000ms (custom)
2019-09-25 04:49:20,958 [pool-37-thread-1] INFO  impl.RaftServerImpl (RaftServerImpl.java:start(185)) - ef17bb0f-3839-4724-ad21-94b92a6e25d3@group-8D77C7A98E9B: start as a follower, conf=-1: [ef17bb0f-3839-4724-ad21-94b92a6e25d3:192.168.164.207:40519], old=null
2019-09-25 04:49:20,958 [pool-37-thread-1] INFO  impl.RaftServerImpl (RaftServerImpl.java:setRole(174)) - ef17bb0f-3839-4724-ad21-94b92a6e25d3@group-8D77C7A98E9B: changes role from      null to FOLLOWER at term 0 for startAsFollower
2019-09-25 04:49:20,958 [pool-37-thread-1] INFO  impl.RoleInfo (RoleInfo.java:updateAndGet(143)) - ef17bb0f-3839-4724-ad21-94b92a6e25d3: start FollowerState
2019-09-25 04:49:20,958 [pool-37-thread-1] INFO  util.JmxRegister (JmxRegister.java:tryRegister(44)) - Successfully registered JMX Bean with object name Ratis:service=RaftServer,group=group-8D77C7A98E9B,id=ef17bb0f-3839-4724-ad21-94b92a6e25d3
2019-09-25 04:49:20,964 [RatisPipelineUtilsThread] INFO  pipeline.PipelineStateManager (PipelineStateManager.java:addPipeline(56)) - Created pipeline Pipeline[ Id: 053ffbfd-3f1c-49bf-83e2-8d77c7a98e9b, Nodes: ef17bb0f-3839-4724-ad21-94b92a6e25d3{ip: 192.168.164.207, host: pr-hdds-1569-s44lr-3492059363, networkLocation: /default-rack, certSerialId: null}, Type:RATIS, Factor:ONE, State:OPEN]
2019-09-25 04:49:20,964 [RatisPipelineUtilsThread] INFO  pipeline.PipelinePlacementPolicy (PipelinePlacementPolicy.java:meetCriteria(91)) - Pipeline Placement: can't place more pipeline on heavy datanode： 4900d303-9ac7-4a86-9389-d77749add813 Heaviness: 6 limit: 5
2019-09-25 04:49:20,964 [RatisPipelineUtilsThread] INFO  pipeline.PipelinePlacementPolicy (PipelinePlacementPolicy.java:meetCriteria(91)) - Pipeline Placement: can't place more pipeline on heavy datanode： 0deae85c-a16a-4311-a0af-934f501df2cc Heaviness: 6 limit: 5
2019-09-25 04:49:20,977 [grpc-default-executor-1] INFO  impl.RaftServerProxy (RaftServerProxy.java:addNew(89)) - 3875a0db-bcd0-4e93-a77c-33ac6d7b4cc5: addNew group-EF3900255609:[3875a0db-bcd0-4e93-a77c-33ac6d7b4cc5:192.168.164.207:38833] returns group-EF3900255609:java.util.concurrent.CompletableFuture@7291dc2d[Not completed]
2019-09-25 04:49:20,978 [pool-77-thread-1] INFO  impl.RaftServerImpl (RaftServerImpl.java:<init>(95)) - 3875a0db-bcd0-4e93-a77c-33ac6d7b4cc5: new RaftServerImpl for group-EF3900255609:[3875a0db-bcd0-4e93-a77c-33ac6d7b4cc5:192.168.164.207:38833] with ContainerStateMachine:uninitialized
2019-09-25 04:49:20,978 [pool-77-thread-1] INFO  server.RaftServerConfigKeys (ConfUtils.java:logGet(43)) - raft.server.rpc.timeout.min = 1s (custom)
2019-09-25 04:49:20,978 [pool-77-thread-1] INFO  server.RaftServerConfigKeys (ConfUtils.java:logGet(43)) - raft.server.rpc.timeout.max = 1200ms (custom)
2019-09-25 04:49:20,979 [pool-77-thread-1] INFO  server.RaftServerConfigKeys (ConfUtils.java:logGet(43)) - raft.server.rpcslowness.timeout = 120s (custom)
2019-09-25 04:49:20,979 [pool-77-thread-1] INFO  server.RaftServerConfigKeys (ConfUtils.java:logGet(43)) - raft.server.sleep.deviation.threshold = 300 (default)
2019-09-25 04:49:20,979 [pool-77-thread-1] INFO  server.RaftServerConfigKeys (ConfUtils.java:logGet(43)) - raft.server.log.appender.install.snapshot.enabled = false (custom)
2019-09-25 04:49:20,979 [pool-77-thread-1] INFO  impl.RaftServerImpl (ServerState.java:<init>(103)) - 3875a0db-bcd0-4e93-a77c-33ac6d7b4cc5@group-EF3900255609: ConfigurationManager, init=-1: [3875a0db-bcd0-4e93-a77c-33ac6d7b4cc5:192.168.164.207:38833], old=null, confs=<EMPTY_MAP>
2019-09-25 04:49:20,979 [pool-77-thread-1] INFO  server.RaftServerConfigKeys (ConfUtils.java:logGet(43)) - raft.server.storage.dir = [/workdir/hadoop-ozone/integration-test/target/test-dir/MiniOzoneClusterImpl-73e7cd3e-72db-4213-b677-28bfbd198772/datanode-5/data/ratis] (custom)
2019-09-25 04:49:20,980 [pool-77-thread-1] INFO  storage.RaftStorageDirectory (RaftStorageDirectory.java:analyzeStorage(246)) - The storage directory /workdir/hadoop-ozone/integration-test/target/test-dir/MiniOzoneClusterImpl-73e7cd3e-72db-4213-b677-28bfbd198772/datanode-5/data/ratis/02fa0b40-e161-4bf4-bbc5-ef3900255609 does not exist. Creating ...
2019-09-25 04:49:20,993 [pool-77-thread-1] INFO  storage.RaftStorageDirectory (RaftStorageDirectory.java:tryLock(328)) - Lock on /workdir/hadoop-ozone/integration-test/target/test-dir/MiniOzoneClusterImpl-73e7cd3e-72db-4213-b677-28bfbd198772/datanode-5/data/ratis/02fa0b40-e161-4bf4-bbc5-ef3900255609/in_use.lock acquired by nodename 6977@pr-hdds-1569-s44lr-3492059363
2019-09-25 04:49:21,006 [pool-77-thread-1] INFO  storage.RaftStorage (RaftStorage.java:format(72)) - Storage directory /workdir/hadoop-ozone/integration-test/target/test-dir/MiniOzoneClusterImpl-73e7cd3e-72db-4213-b677-28bfbd198772/datanode-5/data/ratis/02fa0b40-e161-4bf4-bbc5-ef3900255609 has been successfully formatted.
2019-09-25 04:49:21,006 [pool-77-thread-1] INFO  ratis.ContainerStateMachine (ContainerStateMachine.java:loadSnapshot(230)) - group-EF3900255609: The snapshot info is null. Setting the last applied indexto:(t:0, i:~)
2019-09-25 04:49:21,006 [pool-77-thread-1] INFO  server.RaftServerConfigKeys (ConfUtils.java:logGet(43)) - raft.server.notification.no-leader.timeout = 120s (custom)
2019-09-25 04:49:21,006 [pool-77-thread-1] INFO  server.RaftServerConfigKeys (ConfUtils.java:logGet(43)) - raft.server.log.use.memory = false (default)
2019-09-25 04:49:21,007 [pool-77-thread-1] INFO  server.RaftServerConfigKeys (ConfUtils.java:logGet(43)) - raft.server.log.purge.gap = 1000000 (custom)
2019-09-25 04:49:21,007 [pool-77-thread-1] INFO  server.RaftServerConfigKeys (ConfUtils.java:logGet(43)) - raft.server.log.appender.buffer.byte-limit = 33554432 (custom)
2019-09-25 04:49:21,007 [pool-77-thread-1] INFO  server.RaftServerConfigKeys (ConfUtils.java:logGet(43)) - raft.server.log.segment.size.max = 1048576 (custom)
2019-09-25 04:49:21,007 [pool-77-thread-1] INFO  server.RaftServerConfigKeys (ConfUtils.java:logGet(43)) - raft.server.log.segment.cache.num.max = 2 (custom)
2019-09-25 04:49:21,007 [pool-77-thread-1] INFO  segmented.SegmentedRaftLogWorker (SegmentedRaftLogWorker.java:<init>(172)) - new 3875a0db-bcd0-4e93-a77c-33ac6d7b4cc5@group-EF3900255609-SegmentedRaftLogWorker for RaftStorage:Storage Directory /workdir/hadoop-ozone/integration-test/target/test-dir/MiniOzoneClusterImpl-73e7cd3e-72db-4213-b677-28bfbd198772/datanode-5/data/ratis/02fa0b40-e161-4bf4-bbc5-ef3900255609
2019-09-25 04:49:21,007 [pool-77-thread-1] INFO  server.RaftServerConfigKeys (ConfUtils.java:logGet(43)) - raft.server.log.queue.byte-limit = 2147483647 (custom)
2019-09-25 04:49:21,007 [pool-77-thread-1] INFO  server.RaftServerConfigKeys (ConfUtils.java:logGet(43)) - raft.server.log.queue.element-limit = 1024 (custom)
2019-09-25 04:49:21,008 [pool-77-thread-1] INFO  server.RaftServerConfigKeys (ConfUtils.java:logGet(43)) - raft.server.log.segment.size.max = 1048576 (custom)
2019-09-25 04:49:21,008 [pool-77-thread-1] INFO  server.RaftServerConfigKeys (ConfUtils.java:logGet(43)) - raft.server.log.preallocated.size = 16384 (custom)
2019-09-25 04:49:21,008 [pool-77-thread-1] INFO  server.RaftServerConfigKeys (ConfUtils.java:logGet(43)) - raft.server.log.write.buffer.size = 33554432 (custom)
2019-09-25 04:49:21,008 [pool-77-thread-1] INFO  server.RaftServerConfigKeys (ConfUtils.java:logGet(43)) - raft.server.log.force.sync.num = 128 (default)
2019-09-25 04:49:21,008 [pool-77-thread-1] INFO  server.RaftServerConfigKeys (ConfUtils.java:logGet(43)) - raft.server.log.statemachine.data.sync = true (default)
2019-09-25 04:49:21,008 [pool-77-thread-1] INFO  server.RaftServerConfigKeys (ConfUtils.java:logGet(43)) - raft.server.log.statemachine.data.sync.timeout = 10s (default)
2019-09-25 04:49:21,009 [pool-77-thread-1] INFO  server.RaftServerConfigKeys (ConfUtils.java:logGet(43)) - raft.server.log.statemachine.data.sync.timeout.retry = -1 (default)
2019-09-25 04:49:21,009 [pool-77-thread-1] INFO  server.RaftServerConfigKeys (ConfUtils.java:logGet(43)) - raft.server.log.statemachine.data.caching.enabled = true (custom)
2019-09-25 04:49:21,009 [pool-77-thread-1] INFO  segmented.SegmentedRaftLogWorker (SegmentedRaftLogWorker.java:lambda$new$0(132)) - 3875a0db-bcd0-4e93-a77c-33ac6d7b4cc5@group-EF3900255609-SegmentedRaftLogWorker: flushIndex: setUnconditionally 0 -> -1
2019-09-25 04:49:21,010 [pool-77-thread-1] INFO  server.RaftServerConfigKeys (ConfUtils.java:logGet(43)) - raft.server.snapshot.auto.trigger.enabled = true (custom)
2019-09-25 04:49:21,010 [pool-77-thread-1] INFO  server.RaftServerConfigKeys (ConfUtils.java:logGet(43)) - raft.server.snapshot.auto.trigger.threshold = 10000 (custom)
2019-09-25 04:49:21,010 [pool-77-thread-1] INFO  server.RaftServerConfigKeys (ConfUtils.java:logGet(43)) - raft.server.snapshot.retention.num.files = 5 (custom)
2019-09-25 04:49:21,010 [pool-77-thread-1] INFO  server.RaftServerConfigKeys (ConfUtils.java:logGet(43)) - raft.server.retrycache.expirytime = 600000ms (custom)
2019-09-25 04:49:21,013 [pool-77-thread-1] INFO  impl.RaftServerImpl (RaftServerImpl.java:start(185)) - 3875a0db-bcd0-4e93-a77c-33ac6d7b4cc5@group-EF3900255609: start as a follower, conf=-1: [3875a0db-bcd0-4e93-a77c-33ac6d7b4cc5:192.168.164.207:38833], old=null
2019-09-25 04:49:21,013 [pool-77-thread-1] INFO  impl.RaftServerImpl (RaftServerImpl.java:setRole(174)) - 3875a0db-bcd0-4e93-a77c-33ac6d7b4cc5@group-EF3900255609: changes role from      null to FOLLOWER at term 0 for startAsFollower
2019-09-25 04:49:21,013 [pool-77-thread-1] INFO  impl.RoleInfo (RoleInfo.java:updateAndGet(143)) - 3875a0db-bcd0-4e93-a77c-33ac6d7b4cc5: start FollowerState
2019-09-25 04:49:21,014 [pool-77-thread-1] INFO  util.JmxRegister (JmxRegister.java:tryRegister(44)) - Successfully registered JMX Bean with object name Ratis:service=RaftServer,group=group-EF3900255609,id=3875a0db-bcd0-4e93-a77c-33ac6d7b4cc5
2019-09-25 04:49:21,021 [RatisPipelineUtilsThread] INFO  pipeline.PipelineStateManager (PipelineStateManager.java:addPipeline(56)) - Created pipeline Pipeline[ Id: 02fa0b40-e161-4bf4-bbc5-ef3900255609, Nodes: 3875a0db-bcd0-4e93-a77c-33ac6d7b4cc5{ip: 192.168.164.207, host: pr-hdds-1569-s44lr-3492059363, networkLocation: /default-rack, certSerialId: null}, Type:RATIS, Factor:ONE, State:OPEN]
2019-09-25 04:49:21,022 [RatisPipelineUtilsThread] INFO  pipeline.PipelinePlacementPolicy (PipelinePlacementPolicy.java:meetCriteria(91)) - Pipeline Placement: can't place more pipeline on heavy datanode： 4900d303-9ac7-4a86-9389-d77749add813 Heaviness: 6 limit: 5
2019-09-25 04:49:21,022 [RatisPipelineUtilsThread] INFO  pipeline.PipelinePlacementPolicy (PipelinePlacementPolicy.java:meetCriteria(91)) - Pipeline Placement: can't place more pipeline on heavy datanode： 0deae85c-a16a-4311-a0af-934f501df2cc Heaviness: 6 limit: 5
2019-09-25 04:49:21,032 [grpc-default-executor-1] INFO  impl.RaftServerProxy (RaftServerProxy.java:addNew(89)) - 2f00ca3a-f523-476d-a77d-69389bdf1595: addNew group-BA8DCE37908D:[2f00ca3a-f523-476d-a77d-69389bdf1595:192.168.164.207:39474] returns group-BA8DCE37908D:java.util.concurrent.CompletableFuture@7bdb46ed[Not completed]
2019-09-25 04:49:21,033 [pool-87-thread-1] INFO  impl.RaftServerImpl (RaftServerImpl.java:<init>(95)) - 2f00ca3a-f523-476d-a77d-69389bdf1595: new RaftServerImpl for group-BA8DCE37908D:[2f00ca3a-f523-476d-a77d-69389bdf1595:192.168.164.207:39474] with ContainerStateMachine:uninitialized
2019-09-25 04:49:21,033 [pool-87-thread-1] INFO  server.RaftServerConfigKeys (ConfUtils.java:logGet(43)) - raft.server.rpc.timeout.min = 1s (custom)
2019-09-25 04:49:21,033 [pool-87-thread-1] INFO  server.RaftServerConfigKeys (ConfUtils.java:logGet(43)) - raft.server.rpc.timeout.max = 1200ms (custom)
2019-09-25 04:49:21,033 [pool-87-thread-1] INFO  server.RaftServerConfigKeys (ConfUtils.java:logGet(43)) - raft.server.rpcslowness.timeout = 120s (custom)
2019-09-25 04:49:21,034 [pool-87-thread-1] INFO  server.RaftServerConfigKeys (ConfUtils.java:logGet(43)) - raft.server.sleep.deviation.threshold = 300 (default)
2019-09-25 04:49:21,034 [pool-87-thread-1] INFO  server.RaftServerConfigKeys (ConfUtils.java:logGet(43)) - raft.server.log.appender.install.snapshot.enabled = false (custom)
2019-09-25 04:49:21,034 [pool-87-thread-1] INFO  impl.RaftServerImpl (ServerState.java:<init>(103)) - 2f00ca3a-f523-476d-a77d-69389bdf1595@group-BA8DCE37908D: ConfigurationManager, init=-1: [2f00ca3a-f523-476d-a77d-69389bdf1595:192.168.164.207:39474], old=null, confs=<EMPTY_MAP>
2019-09-25 04:49:21,034 [pool-87-thread-1] INFO  server.RaftServerConfigKeys (ConfUtils.java:logGet(43)) - raft.server.storage.dir = [/workdir/hadoop-ozone/integration-test/target/test-dir/MiniOzoneClusterImpl-73e7cd3e-72db-4213-b677-28bfbd198772/datanode-6/data/ratis] (custom)
2019-09-25 04:49:21,034 [pool-87-thread-1] INFO  storage.RaftStorageDirectory (RaftStorageDirectory.java:analyzeStorage(246)) - The storage directory /workdir/hadoop-ozone/integration-test/target/test-dir/MiniOzoneClusterImpl-73e7cd3e-72db-4213-b677-28bfbd198772/datanode-6/data/ratis/147f09ad-696d-4f7d-98db-ba8dce37908d does not exist. Creating ...
2019-09-25 04:49:21,047 [pool-87-thread-1] INFO  storage.RaftStorageDirectory (RaftStorageDirectory.java:tryLock(328)) - Lock on /workdir/hadoop-ozone/integration-test/target/test-dir/MiniOzoneClusterImpl-73e7cd3e-72db-4213-b677-28bfbd198772/datanode-6/data/ratis/147f09ad-696d-4f7d-98db-ba8dce37908d/in_use.lock acquired by nodename 6977@pr-hdds-1569-s44lr-3492059363
2019-09-25 04:49:21,060 [pool-87-thread-1] INFO  storage.RaftStorage (RaftStorage.java:format(72)) - Storage directory /workdir/hadoop-ozone/integration-test/target/test-dir/MiniOzoneClusterImpl-73e7cd3e-72db-4213-b677-28bfbd198772/datanode-6/data/ratis/147f09ad-696d-4f7d-98db-ba8dce37908d has been successfully formatted.
2019-09-25 04:49:21,061 [pool-87-thread-1] INFO  ratis.ContainerStateMachine (ContainerStateMachine.java:loadSnapshot(230)) - group-BA8DCE37908D: The snapshot info is null. Setting the last applied indexto:(t:0, i:~)
2019-09-25 04:49:21,061 [pool-87-thread-1] INFO  server.RaftServerConfigKeys (ConfUtils.java:logGet(43)) - raft.server.notification.no-leader.timeout = 120s (custom)
2019-09-25 04:49:21,061 [pool-87-thread-1] INFO  server.RaftServerConfigKeys (ConfUtils.java:logGet(43)) - raft.server.log.use.memory = false (default)
2019-09-25 04:49:21,061 [pool-87-thread-1] INFO  server.RaftServerConfigKeys (ConfUtils.java:logGet(43)) - raft.server.log.purge.gap = 1000000 (custom)
2019-09-25 04:49:21,061 [pool-87-thread-1] INFO  server.RaftServerConfigKeys (ConfUtils.java:logGet(43)) - raft.server.log.appender.buffer.byte-limit = 33554432 (custom)
2019-09-25 04:49:21,061 [pool-87-thread-1] INFO  server.RaftServerConfigKeys (ConfUtils.java:logGet(43)) - raft.server.log.segment.size.max = 1048576 (custom)
2019-09-25 04:49:21,062 [pool-87-thread-1] INFO  server.RaftServerConfigKeys (ConfUtils.java:logGet(43)) - raft.server.log.segment.cache.num.max = 2 (custom)
2019-09-25 04:49:21,062 [pool-87-thread-1] INFO  segmented.SegmentedRaftLogWorker (SegmentedRaftLogWorker.java:<init>(172)) - new 2f00ca3a-f523-476d-a77d-69389bdf1595@group-BA8DCE37908D-SegmentedRaftLogWorker for RaftStorage:Storage Directory /workdir/hadoop-ozone/integration-test/target/test-dir/MiniOzoneClusterImpl-73e7cd3e-72db-4213-b677-28bfbd198772/datanode-6/data/ratis/147f09ad-696d-4f7d-98db-ba8dce37908d
2019-09-25 04:49:21,062 [pool-87-thread-1] INFO  server.RaftServerConfigKeys (ConfUtils.java:logGet(43)) - raft.server.log.queue.byte-limit = 2147483647 (custom)
2019-09-25 04:49:21,062 [pool-87-thread-1] INFO  server.RaftServerConfigKeys (ConfUtils.java:logGet(43)) - raft.server.log.queue.element-limit = 1024 (custom)
2019-09-25 04:49:21,062 [pool-87-thread-1] INFO  server.RaftServerConfigKeys (ConfUtils.java:logGet(43)) - raft.server.log.segment.size.max = 1048576 (custom)
2019-09-25 04:49:21,063 [pool-87-thread-1] INFO  server.RaftServerConfigKeys (ConfUtils.java:logGet(43)) - raft.server.log.preallocated.size = 16384 (custom)
2019-09-25 04:49:21,063 [pool-87-thread-1] INFO  server.RaftServerConfigKeys (ConfUtils.java:logGet(43)) - raft.server.log.write.buffer.size = 33554432 (custom)
2019-09-25 04:49:21,063 [pool-87-thread-1] INFO  server.RaftServerConfigKeys (ConfUtils.java:logGet(43)) - raft.server.log.force.sync.num = 128 (default)
2019-09-25 04:49:21,063 [pool-87-thread-1] INFO  server.RaftServerConfigKeys (ConfUtils.java:logGet(43)) - raft.server.log.statemachine.data.sync = true (default)
2019-09-25 04:49:21,063 [pool-87-thread-1] INFO  server.RaftServerConfigKeys (ConfUtils.java:logGet(43)) - raft.server.log.statemachine.data.sync.timeout = 10s (default)
2019-09-25 04:49:21,063 [pool-87-thread-1] INFO  server.RaftServerConfigKeys (ConfUtils.java:logGet(43)) - raft.server.log.statemachine.data.sync.timeout.retry = -1 (default)
2019-09-25 04:49:21,064 [pool-87-thread-1] INFO  server.RaftServerConfigKeys (ConfUtils.java:logGet(43)) - raft.server.log.statemachine.data.caching.enabled = true (custom)
2019-09-25 04:49:21,064 [pool-87-thread-1] INFO  segmented.SegmentedRaftLogWorker (SegmentedRaftLogWorker.java:lambda$new$0(132)) - 2f00ca3a-f523-476d-a77d-69389bdf1595@group-BA8DCE37908D-SegmentedRaftLogWorker: flushIndex: setUnconditionally 0 -> -1
2019-09-25 04:49:21,064 [pool-87-thread-1] INFO  server.RaftServerConfigKeys (ConfUtils.java:logGet(43)) - raft.server.snapshot.auto.trigger.enabled = true (custom)
2019-09-25 04:49:21,064 [pool-87-thread-1] INFO  server.RaftServerConfigKeys (ConfUtils.java:logGet(43)) - raft.server.snapshot.auto.trigger.threshold = 10000 (custom)
2019-09-25 04:49:21,065 [pool-87-thread-1] INFO  server.RaftServerConfigKeys (ConfUtils.java:logGet(43)) - raft.server.snapshot.retention.num.files = 5 (custom)
2019-09-25 04:49:21,065 [pool-87-thread-1] INFO  server.RaftServerConfigKeys (ConfUtils.java:logGet(43)) - raft.server.retrycache.expirytime = 600000ms (custom)
2019-09-25 04:49:21,067 [pool-87-thread-1] INFO  impl.RaftServerImpl (RaftServerImpl.java:start(185)) - 2f00ca3a-f523-476d-a77d-69389bdf1595@group-BA8DCE37908D: start as a follower, conf=-1: [2f00ca3a-f523-476d-a77d-69389bdf1595:192.168.164.207:39474], old=null
2019-09-25 04:49:21,067 [pool-87-thread-1] INFO  impl.RaftServerImpl (RaftServerImpl.java:setRole(174)) - 2f00ca3a-f523-476d-a77d-69389bdf1595@group-BA8DCE37908D: changes role from      null to FOLLOWER at term 0 for startAsFollower
2019-09-25 04:49:21,067 [pool-87-thread-1] INFO  impl.RoleInfo (RoleInfo.java:updateAndGet(143)) - 2f00ca3a-f523-476d-a77d-69389bdf1595: start FollowerState
2019-09-25 04:49:21,068 [pool-87-thread-1] INFO  util.JmxRegister (JmxRegister.java:tryRegister(44)) - Successfully registered JMX Bean with object name Ratis:service=RaftServer,group=group-BA8DCE37908D,id=2f00ca3a-f523-476d-a77d-69389bdf1595
2019-09-25 04:49:21,074 [RatisPipelineUtilsThread] INFO  pipeline.PipelineStateManager (PipelineStateManager.java:addPipeline(56)) - Created pipeline Pipeline[ Id: 147f09ad-696d-4f7d-98db-ba8dce37908d, Nodes: 2f00ca3a-f523-476d-a77d-69389bdf1595{ip: 192.168.164.207, host: pr-hdds-1569-s44lr-3492059363, networkLocation: /default-rack, certSerialId: null}, Type:RATIS, Factor:ONE, State:OPEN]
2019-09-25 04:49:21,075 [RatisPipelineUtilsThread] INFO  pipeline.PipelinePlacementPolicy (PipelinePlacementPolicy.java:meetCriteria(91)) - Pipeline Placement: can't place more pipeline on heavy datanode： 4900d303-9ac7-4a86-9389-d77749add813 Heaviness: 6 limit: 5
2019-09-25 04:49:21,075 [RatisPipelineUtilsThread] INFO  pipeline.PipelinePlacementPolicy (PipelinePlacementPolicy.java:meetCriteria(91)) - Pipeline Placement: can't place more pipeline on heavy datanode： 0deae85c-a16a-4311-a0af-934f501df2cc Heaviness: 6 limit: 5
2019-09-25 04:49:21,088 [grpc-default-executor-1] INFO  impl.RaftServerProxy (RaftServerProxy.java:addNew(89)) - eccaf005-8169-4dfc-be1f-8981a011c66c: addNew group-B7D8D171D59F:[eccaf005-8169-4dfc-be1f-8981a011c66c:192.168.164.207:46393] returns group-B7D8D171D59F:java.util.concurrent.CompletableFuture@176d32c6[Not completed]
2019-09-25 04:49:21,089 [pool-67-thread-1] INFO  impl.RaftServerImpl (RaftServerImpl.java:<init>(95)) - eccaf005-8169-4dfc-be1f-8981a011c66c: new RaftServerImpl for group-B7D8D171D59F:[eccaf005-8169-4dfc-be1f-8981a011c66c:192.168.164.207:46393] with ContainerStateMachine:uninitialized
2019-09-25 04:49:21,089 [pool-67-thread-1] INFO  server.RaftServerConfigKeys (ConfUtils.java:logGet(43)) - raft.server.rpc.timeout.min = 1s (custom)
2019-09-25 04:49:21,090 [pool-67-thread-1] INFO  server.RaftServerConfigKeys (ConfUtils.java:logGet(43)) - raft.server.rpc.timeout.max = 1200ms (custom)
2019-09-25 04:49:21,090 [pool-67-thread-1] INFO  server.RaftServerConfigKeys (ConfUtils.java:logGet(43)) - raft.server.rpcslowness.timeout = 120s (custom)
2019-09-25 04:49:21,090 [pool-67-thread-1] INFO  server.RaftServerConfigKeys (ConfUtils.java:logGet(43)) - raft.server.sleep.deviation.threshold = 300 (default)
2019-09-25 04:49:21,090 [pool-67-thread-1] INFO  server.RaftServerConfigKeys (ConfUtils.java:logGet(43)) - raft.server.log.appender.install.snapshot.enabled = false (custom)
2019-09-25 04:49:21,090 [pool-67-thread-1] INFO  impl.RaftServerImpl (ServerState.java:<init>(103)) - eccaf005-8169-4dfc-be1f-8981a011c66c@group-B7D8D171D59F: ConfigurationManager, init=-1: [eccaf005-8169-4dfc-be1f-8981a011c66c:192.168.164.207:46393], old=null, confs=<EMPTY_MAP>
2019-09-25 04:49:21,091 [pool-67-thread-1] INFO  server.RaftServerConfigKeys (ConfUtils.java:logGet(43)) - raft.server.storage.dir = [/workdir/hadoop-ozone/integration-test/target/test-dir/MiniOzoneClusterImpl-73e7cd3e-72db-4213-b677-28bfbd198772/datanode-4/data/ratis] (custom)
2019-09-25 04:49:21,091 [pool-67-thread-1] INFO  storage.RaftStorageDirectory (RaftStorageDirectory.java:analyzeStorage(246)) - The storage directory /workdir/hadoop-ozone/integration-test/target/test-dir/MiniOzoneClusterImpl-73e7cd3e-72db-4213-b677-28bfbd198772/datanode-4/data/ratis/30d0690e-3f1c-4d0d-9ca0-b7d8d171d59f does not exist. Creating ...
2019-09-25 04:49:21,104 [pool-67-thread-1] INFO  storage.RaftStorageDirectory (RaftStorageDirectory.java:tryLock(328)) - Lock on /workdir/hadoop-ozone/integration-test/target/test-dir/MiniOzoneClusterImpl-73e7cd3e-72db-4213-b677-28bfbd198772/datanode-4/data/ratis/30d0690e-3f1c-4d0d-9ca0-b7d8d171d59f/in_use.lock acquired by nodename 6977@pr-hdds-1569-s44lr-3492059363
2019-09-25 04:49:21,128 [pool-67-thread-1] INFO  storage.RaftStorage (RaftStorage.java:format(72)) - Storage directory /workdir/hadoop-ozone/integration-test/target/test-dir/MiniOzoneClusterImpl-73e7cd3e-72db-4213-b677-28bfbd198772/datanode-4/data/ratis/30d0690e-3f1c-4d0d-9ca0-b7d8d171d59f has been successfully formatted.
2019-09-25 04:49:21,128 [pool-67-thread-1] INFO  ratis.ContainerStateMachine (ContainerStateMachine.java:loadSnapshot(230)) - group-B7D8D171D59F: The snapshot info is null. Setting the last applied indexto:(t:0, i:~)
2019-09-25 04:49:21,128 [pool-67-thread-1] INFO  server.RaftServerConfigKeys (ConfUtils.java:logGet(43)) - raft.server.notification.no-leader.timeout = 120s (custom)
2019-09-25 04:49:21,128 [pool-67-thread-1] INFO  server.RaftServerConfigKeys (ConfUtils.java:logGet(43)) - raft.server.log.use.memory = false (default)
2019-09-25 04:49:21,129 [pool-67-thread-1] INFO  server.RaftServerConfigKeys (ConfUtils.java:logGet(43)) - raft.server.log.purge.gap = 1000000 (custom)
2019-09-25 04:49:21,129 [pool-67-thread-1] INFO  server.RaftServerConfigKeys (ConfUtils.java:logGet(43)) - raft.server.log.appender.buffer.byte-limit = 33554432 (custom)
2019-09-25 04:49:21,129 [pool-67-thread-1] INFO  server.RaftServerConfigKeys (ConfUtils.java:logGet(43)) - raft.server.log.segment.size.max = 1048576 (custom)
2019-09-25 04:49:21,129 [pool-67-thread-1] INFO  server.RaftServerConfigKeys (ConfUtils.java:logGet(43)) - raft.server.log.segment.cache.num.max = 2 (custom)
2019-09-25 04:49:21,129 [pool-67-thread-1] INFO  segmented.SegmentedRaftLogWorker (SegmentedRaftLogWorker.java:<init>(172)) - new eccaf005-8169-4dfc-be1f-8981a011c66c@group-B7D8D171D59F-SegmentedRaftLogWorker for RaftStorage:Storage Directory /workdir/hadoop-ozone/integration-test/target/test-dir/MiniOzoneClusterImpl-73e7cd3e-72db-4213-b677-28bfbd198772/datanode-4/data/ratis/30d0690e-3f1c-4d0d-9ca0-b7d8d171d59f
2019-09-25 04:49:21,130 [pool-67-thread-1] INFO  server.RaftServerConfigKeys (ConfUtils.java:logGet(43)) - raft.server.log.queue.byte-limit = 2147483647 (custom)
2019-09-25 04:49:21,130 [pool-67-thread-1] INFO  server.RaftServerConfigKeys (ConfUtils.java:logGet(43)) - raft.server.log.queue.element-limit = 1024 (custom)
2019-09-25 04:49:21,130 [pool-67-thread-1] INFO  server.RaftServerConfigKeys (ConfUtils.java:logGet(43)) - raft.server.log.segment.size.max = 1048576 (custom)
2019-09-25 04:49:21,130 [pool-67-thread-1] INFO  server.RaftServerConfigKeys (ConfUtils.java:logGet(43)) - raft.server.log.preallocated.size = 16384 (custom)
2019-09-25 04:49:21,130 [pool-67-thread-1] INFO  server.RaftServerConfigKeys (ConfUtils.java:logGet(43)) - raft.server.log.write.buffer.size = 33554432 (custom)
2019-09-25 04:49:21,130 [pool-67-thread-1] INFO  server.RaftServerConfigKeys (ConfUtils.java:logGet(43)) - raft.server.log.force.sync.num = 128 (default)
2019-09-25 04:49:21,131 [pool-67-thread-1] INFO  server.RaftServerConfigKeys (ConfUtils.java:logGet(43)) - raft.server.log.statemachine.data.sync = true (default)
2019-09-25 04:49:21,131 [pool-67-thread-1] INFO  server.RaftServerConfigKeys (ConfUtils.java:logGet(43)) - raft.server.log.statemachine.data.sync.timeout = 10s (default)
2019-09-25 04:49:21,131 [pool-67-thread-1] INFO  server.RaftServerConfigKeys (ConfUtils.java:logGet(43)) - raft.server.log.statemachine.data.sync.timeout.retry = -1 (default)
2019-09-25 04:49:21,131 [pool-67-thread-1] INFO  server.RaftServerConfigKeys (ConfUtils.java:logGet(43)) - raft.server.log.statemachine.data.caching.enabled = true (custom)
2019-09-25 04:49:21,132 [pool-67-thread-1] INFO  segmented.SegmentedRaftLogWorker (SegmentedRaftLogWorker.java:lambda$new$0(132)) - eccaf005-8169-4dfc-be1f-8981a011c66c@group-B7D8D171D59F-SegmentedRaftLogWorker: flushIndex: setUnconditionally 0 -> -1
2019-09-25 04:49:21,132 [pool-67-thread-1] INFO  server.RaftServerConfigKeys (ConfUtils.java:logGet(43)) - raft.server.snapshot.auto.trigger.enabled = true (custom)
2019-09-25 04:49:21,132 [pool-67-thread-1] INFO  server.RaftServerConfigKeys (ConfUtils.java:logGet(43)) - raft.server.snapshot.auto.trigger.threshold = 10000 (custom)
2019-09-25 04:49:21,132 [pool-67-thread-1] INFO  server.RaftServerConfigKeys (ConfUtils.java:logGet(43)) - raft.server.snapshot.retention.num.files = 5 (custom)
2019-09-25 04:49:21,133 [pool-67-thread-1] INFO  server.RaftServerConfigKeys (ConfUtils.java:logGet(43)) - raft.server.retrycache.expirytime = 600000ms (custom)
2019-09-25 04:49:21,135 [pool-67-thread-1] INFO  impl.RaftServerImpl (RaftServerImpl.java:start(185)) - eccaf005-8169-4dfc-be1f-8981a011c66c@group-B7D8D171D59F: start as a follower, conf=-1: [eccaf005-8169-4dfc-be1f-8981a011c66c:192.168.164.207:46393], old=null
2019-09-25 04:49:21,136 [pool-67-thread-1] INFO  impl.RaftServerImpl (RaftServerImpl.java:setRole(174)) - eccaf005-8169-4dfc-be1f-8981a011c66c@group-B7D8D171D59F: changes role from      null to FOLLOWER at term 0 for startAsFollower
2019-09-25 04:49:21,136 [pool-67-thread-1] INFO  impl.RoleInfo (RoleInfo.java:updateAndGet(143)) - eccaf005-8169-4dfc-be1f-8981a011c66c: start FollowerState
2019-09-25 04:49:21,136 [pool-67-thread-1] INFO  util.JmxRegister (JmxRegister.java:tryRegister(44)) - Successfully registered JMX Bean with object name Ratis:service=RaftServer,group=group-B7D8D171D59F,id=eccaf005-8169-4dfc-be1f-8981a011c66c
2019-09-25 04:49:21,145 [RatisPipelineUtilsThread] INFO  pipeline.PipelineStateManager (PipelineStateManager.java:addPipeline(56)) - Created pipeline Pipeline[ Id: 30d0690e-3f1c-4d0d-9ca0-b7d8d171d59f, Nodes: eccaf005-8169-4dfc-be1f-8981a011c66c{ip: 192.168.164.207, host: pr-hdds-1569-s44lr-3492059363, networkLocation: /default-rack, certSerialId: null}, Type:RATIS, Factor:ONE, State:OPEN]
2019-09-25 04:49:21,145 [RatisPipelineUtilsThread] INFO  pipeline.PipelinePlacementPolicy (PipelinePlacementPolicy.java:meetCriteria(91)) - Pipeline Placement: can't place more pipeline on heavy datanode： 4900d303-9ac7-4a86-9389-d77749add813 Heaviness: 6 limit: 5
2019-09-25 04:49:21,145 [RatisPipelineUtilsThread] INFO  pipeline.PipelinePlacementPolicy (PipelinePlacementPolicy.java:meetCriteria(91)) - Pipeline Placement: can't place more pipeline on heavy datanode： 0deae85c-a16a-4311-a0af-934f501df2cc Heaviness: 6 limit: 5
2019-09-25 04:49:21,157 [grpc-default-executor-1] INFO  impl.RaftServerProxy (RaftServerProxy.java:addNew(89)) - fcf37978-6168-4314-87d6-0e8a7c1fc6e1: addNew group-2F9D5468F7E0:[fcf37978-6168-4314-87d6-0e8a7c1fc6e1:192.168.164.207:44984] returns group-2F9D5468F7E0:java.util.concurrent.CompletableFuture@546b99[Not completed]
2019-09-25 04:49:21,159 [pool-57-thread-1] INFO  impl.RaftServerImpl (RaftServerImpl.java:<init>(95)) - fcf37978-6168-4314-87d6-0e8a7c1fc6e1: new RaftServerImpl for group-2F9D5468F7E0:[fcf37978-6168-4314-87d6-0e8a7c1fc6e1:192.168.164.207:44984] with ContainerStateMachine:uninitialized
2019-09-25 04:49:21,159 [pool-57-thread-1] INFO  server.RaftServerConfigKeys (ConfUtils.java:logGet(43)) - raft.server.rpc.timeout.min = 1s (custom)
2019-09-25 04:49:21,159 [pool-57-thread-1] INFO  server.RaftServerConfigKeys (ConfUtils.java:logGet(43)) - raft.server.rpc.timeout.max = 1200ms (custom)
2019-09-25 04:49:21,159 [pool-57-thread-1] INFO  server.RaftServerConfigKeys (ConfUtils.java:logGet(43)) - raft.server.rpcslowness.timeout = 120s (custom)
2019-09-25 04:49:21,160 [pool-57-thread-1] INFO  server.RaftServerConfigKeys (ConfUtils.java:logGet(43)) - raft.server.sleep.deviation.threshold = 300 (default)
2019-09-25 04:49:21,160 [pool-57-thread-1] INFO  server.RaftServerConfigKeys (ConfUtils.java:logGet(43)) - raft.server.log.appender.install.snapshot.enabled = false (custom)
2019-09-25 04:49:21,160 [pool-57-thread-1] INFO  impl.RaftServerImpl (ServerState.java:<init>(103)) - fcf37978-6168-4314-87d6-0e8a7c1fc6e1@group-2F9D5468F7E0: ConfigurationManager, init=-1: [fcf37978-6168-4314-87d6-0e8a7c1fc6e1:192.168.164.207:44984], old=null, confs=<EMPTY_MAP>
2019-09-25 04:49:21,160 [pool-57-thread-1] INFO  server.RaftServerConfigKeys (ConfUtils.java:logGet(43)) - raft.server.storage.dir = [/workdir/hadoop-ozone/integration-test/target/test-dir/MiniOzoneClusterImpl-73e7cd3e-72db-4213-b677-28bfbd198772/datanode-3/data/ratis] (custom)
2019-09-25 04:49:21,160 [pool-57-thread-1] INFO  storage.RaftStorageDirectory (RaftStorageDirectory.java:analyzeStorage(246)) - The storage directory /workdir/hadoop-ozone/integration-test/target/test-dir/MiniOzoneClusterImpl-73e7cd3e-72db-4213-b677-28bfbd198772/datanode-3/data/ratis/021be44c-a1bd-43da-b462-2f9d5468f7e0 does not exist. Creating ...
2019-09-25 04:49:21,174 [pool-57-thread-1] INFO  storage.RaftStorageDirectory (RaftStorageDirectory.java:tryLock(328)) - Lock on /workdir/hadoop-ozone/integration-test/target/test-dir/MiniOzoneClusterImpl-73e7cd3e-72db-4213-b677-28bfbd198772/datanode-3/data/ratis/021be44c-a1bd-43da-b462-2f9d5468f7e0/in_use.lock acquired by nodename 6977@pr-hdds-1569-s44lr-3492059363
2019-09-25 04:49:21,187 [pool-57-thread-1] INFO  storage.RaftStorage (RaftStorage.java:format(72)) - Storage directory /workdir/hadoop-ozone/integration-test/target/test-dir/MiniOzoneClusterImpl-73e7cd3e-72db-4213-b677-28bfbd198772/datanode-3/data/ratis/021be44c-a1bd-43da-b462-2f9d5468f7e0 has been successfully formatted.
2019-09-25 04:49:21,187 [pool-57-thread-1] INFO  ratis.ContainerStateMachine (ContainerStateMachine.java:loadSnapshot(230)) - group-2F9D5468F7E0: The snapshot info is null. Setting the last applied indexto:(t:0, i:~)
2019-09-25 04:49:21,187 [pool-57-thread-1] INFO  server.RaftServerConfigKeys (ConfUtils.java:logGet(43)) - raft.server.notification.no-leader.timeout = 120s (custom)
2019-09-25 04:49:21,187 [pool-57-thread-1] INFO  server.RaftServerConfigKeys (ConfUtils.java:logGet(43)) - raft.server.log.use.memory = false (default)
2019-09-25 04:49:21,188 [pool-57-thread-1] INFO  server.RaftServerConfigKeys (ConfUtils.java:logGet(43)) - raft.server.log.purge.gap = 1000000 (custom)
2019-09-25 04:49:21,188 [pool-57-thread-1] INFO  server.RaftServerConfigKeys (ConfUtils.java:logGet(43)) - raft.server.log.appender.buffer.byte-limit = 33554432 (custom)
2019-09-25 04:49:21,188 [pool-57-thread-1] INFO  server.RaftServerConfigKeys (ConfUtils.java:logGet(43)) - raft.server.log.segment.size.max = 1048576 (custom)
2019-09-25 04:49:21,188 [pool-57-thread-1] INFO  server.RaftServerConfigKeys (ConfUtils.java:logGet(43)) - raft.server.log.segment.cache.num.max = 2 (custom)
2019-09-25 04:49:21,188 [pool-57-thread-1] INFO  segmented.SegmentedRaftLogWorker (SegmentedRaftLogWorker.java:<init>(172)) - new fcf37978-6168-4314-87d6-0e8a7c1fc6e1@group-2F9D5468F7E0-SegmentedRaftLogWorker for RaftStorage:Storage Directory /workdir/hadoop-ozone/integration-test/target/test-dir/MiniOzoneClusterImpl-73e7cd3e-72db-4213-b677-28bfbd198772/datanode-3/data/ratis/021be44c-a1bd-43da-b462-2f9d5468f7e0
2019-09-25 04:49:21,188 [pool-57-thread-1] INFO  server.RaftServerConfigKeys (ConfUtils.java:logGet(43)) - raft.server.log.queue.byte-limit = 2147483647 (custom)
2019-09-25 04:49:21,188 [pool-57-thread-1] INFO  server.RaftServerConfigKeys (ConfUtils.java:logGet(43)) - raft.server.log.queue.element-limit = 1024 (custom)
2019-09-25 04:49:21,189 [pool-57-thread-1] INFO  server.RaftServerConfigKeys (ConfUtils.java:logGet(43)) - raft.server.log.segment.size.max = 1048576 (custom)
2019-09-25 04:49:21,189 [pool-57-thread-1] INFO  server.RaftServerConfigKeys (ConfUtils.java:logGet(43)) - raft.server.log.preallocated.size = 16384 (custom)
2019-09-25 04:49:21,189 [pool-57-thread-1] INFO  server.RaftServerConfigKeys (ConfUtils.java:logGet(43)) - raft.server.log.write.buffer.size = 33554432 (custom)
2019-09-25 04:49:21,189 [pool-57-thread-1] INFO  server.RaftServerConfigKeys (ConfUtils.java:logGet(43)) - raft.server.log.force.sync.num = 128 (default)
2019-09-25 04:49:21,189 [pool-57-thread-1] INFO  server.RaftServerConfigKeys (ConfUtils.java:logGet(43)) - raft.server.log.statemachine.data.sync = true (default)
2019-09-25 04:49:21,189 [pool-57-thread-1] INFO  server.RaftServerConfigKeys (ConfUtils.java:logGet(43)) - raft.server.log.statemachine.data.sync.timeout = 10s (default)
2019-09-25 04:49:21,190 [pool-57-thread-1] INFO  server.RaftServerConfigKeys (ConfUtils.java:logGet(43)) - raft.server.log.statemachine.data.sync.timeout.retry = -1 (default)
2019-09-25 04:49:21,190 [pool-57-thread-1] INFO  server.RaftServerConfigKeys (ConfUtils.java:logGet(43)) - raft.server.log.statemachine.data.caching.enabled = true (custom)
2019-09-25 04:49:21,190 [pool-57-thread-1] INFO  segmented.SegmentedRaftLogWorker (SegmentedRaftLogWorker.java:lambda$new$0(132)) - fcf37978-6168-4314-87d6-0e8a7c1fc6e1@group-2F9D5468F7E0-SegmentedRaftLogWorker: flushIndex: setUnconditionally 0 -> -1
2019-09-25 04:49:21,190 [pool-57-thread-1] INFO  server.RaftServerConfigKeys (ConfUtils.java:logGet(43)) - raft.server.snapshot.auto.trigger.enabled = true (custom)
2019-09-25 04:49:21,191 [pool-57-thread-1] INFO  server.RaftServerConfigKeys (ConfUtils.java:logGet(43)) - raft.server.snapshot.auto.trigger.threshold = 10000 (custom)
2019-09-25 04:49:21,191 [pool-57-thread-1] INFO  server.RaftServerConfigKeys (ConfUtils.java:logGet(43)) - raft.server.snapshot.retention.num.files = 5 (custom)
2019-09-25 04:49:21,191 [pool-57-thread-1] INFO  server.RaftServerConfigKeys (ConfUtils.java:logGet(43)) - raft.server.retrycache.expirytime = 600000ms (custom)
2019-09-25 04:49:21,193 [pool-57-thread-1] INFO  impl.RaftServerImpl (RaftServerImpl.java:start(185)) - fcf37978-6168-4314-87d6-0e8a7c1fc6e1@group-2F9D5468F7E0: start as a follower, conf=-1: [fcf37978-6168-4314-87d6-0e8a7c1fc6e1:192.168.164.207:44984], old=null
2019-09-25 04:49:21,194 [pool-57-thread-1] INFO  impl.RaftServerImpl (RaftServerImpl.java:setRole(174)) - fcf37978-6168-4314-87d6-0e8a7c1fc6e1@group-2F9D5468F7E0: changes role from      null to FOLLOWER at term 0 for startAsFollower
2019-09-25 04:49:21,194 [pool-57-thread-1] INFO  impl.RoleInfo (RoleInfo.java:updateAndGet(143)) - fcf37978-6168-4314-87d6-0e8a7c1fc6e1: start FollowerState
2019-09-25 04:49:21,194 [pool-57-thread-1] INFO  util.JmxRegister (JmxRegister.java:tryRegister(44)) - Successfully registered JMX Bean with object name Ratis:service=RaftServer,group=group-2F9D5468F7E0,id=fcf37978-6168-4314-87d6-0e8a7c1fc6e1
2019-09-25 04:49:21,201 [RatisPipelineUtilsThread] INFO  pipeline.PipelineStateManager (PipelineStateManager.java:addPipeline(56)) - Created pipeline Pipeline[ Id: 021be44c-a1bd-43da-b462-2f9d5468f7e0, Nodes: fcf37978-6168-4314-87d6-0e8a7c1fc6e1{ip: 192.168.164.207, host: pr-hdds-1569-s44lr-3492059363, networkLocation: /default-rack, certSerialId: null}, Type:RATIS, Factor:ONE, State:OPEN]
2019-09-25 04:49:21,201 [RatisPipelineUtilsThread] INFO  pipeline.PipelinePlacementPolicy (PipelinePlacementPolicy.java:meetCriteria(91)) - Pipeline Placement: can't place more pipeline on heavy datanode： 4900d303-9ac7-4a86-9389-d77749add813 Heaviness: 6 limit: 5
2019-09-25 04:49:21,202 [RatisPipelineUtilsThread] INFO  pipeline.PipelinePlacementPolicy (PipelinePlacementPolicy.java:meetCriteria(91)) - Pipeline Placement: can't place more pipeline on heavy datanode： 0deae85c-a16a-4311-a0af-934f501df2cc Heaviness: 6 limit: 5
2019-09-25 04:49:21,214 [grpc-default-executor-1] INFO  impl.RaftServerProxy (RaftServerProxy.java:addNew(89)) - eccaf005-8169-4dfc-be1f-8981a011c66c: addNew group-978CA49B1170:[eccaf005-8169-4dfc-be1f-8981a011c66c:192.168.164.207:46393] returns group-978CA49B1170:java.util.concurrent.CompletableFuture@1a8dc586[Not completed]
2019-09-25 04:49:21,216 [pool-67-thread-1] INFO  impl.RaftServerImpl (RaftServerImpl.java:<init>(95)) - eccaf005-8169-4dfc-be1f-8981a011c66c: new RaftServerImpl for group-978CA49B1170:[eccaf005-8169-4dfc-be1f-8981a011c66c:192.168.164.207:46393] with ContainerStateMachine:uninitialized
2019-09-25 04:49:21,217 [pool-67-thread-1] INFO  server.RaftServerConfigKeys (ConfUtils.java:logGet(43)) - raft.server.rpc.timeout.min = 1s (custom)
2019-09-25 04:49:21,217 [pool-67-thread-1] INFO  server.RaftServerConfigKeys (ConfUtils.java:logGet(43)) - raft.server.rpc.timeout.max = 1200ms (custom)
2019-09-25 04:49:21,217 [pool-67-thread-1] INFO  server.RaftServerConfigKeys (ConfUtils.java:logGet(43)) - raft.server.rpcslowness.timeout = 120s (custom)
2019-09-25 04:49:21,217 [pool-67-thread-1] INFO  server.RaftServerConfigKeys (ConfUtils.java:logGet(43)) - raft.server.sleep.deviation.threshold = 300 (default)
2019-09-25 04:49:21,218 [pool-67-thread-1] INFO  server.RaftServerConfigKeys (ConfUtils.java:logGet(43)) - raft.server.log.appender.install.snapshot.enabled = false (custom)
2019-09-25 04:49:21,218 [pool-67-thread-1] INFO  impl.RaftServerImpl (ServerState.java:<init>(103)) - eccaf005-8169-4dfc-be1f-8981a011c66c@group-978CA49B1170: ConfigurationManager, init=-1: [eccaf005-8169-4dfc-be1f-8981a011c66c:192.168.164.207:46393], old=null, confs=<EMPTY_MAP>
2019-09-25 04:49:21,218 [pool-67-thread-1] INFO  server.RaftServerConfigKeys (ConfUtils.java:logGet(43)) - raft.server.storage.dir = [/workdir/hadoop-ozone/integration-test/target/test-dir/MiniOzoneClusterImpl-73e7cd3e-72db-4213-b677-28bfbd198772/datanode-4/data/ratis] (custom)
2019-09-25 04:49:21,219 [pool-67-thread-1] INFO  storage.RaftStorageDirectory (RaftStorageDirectory.java:analyzeStorage(246)) - The storage directory /workdir/hadoop-ozone/integration-test/target/test-dir/MiniOzoneClusterImpl-73e7cd3e-72db-4213-b677-28bfbd198772/datanode-4/data/ratis/04e89f51-a2d7-4e4f-8074-978ca49b1170 does not exist. Creating ...
2019-09-25 04:49:21,232 [pool-67-thread-1] INFO  storage.RaftStorageDirectory (RaftStorageDirectory.java:tryLock(328)) - Lock on /workdir/hadoop-ozone/integration-test/target/test-dir/MiniOzoneClusterImpl-73e7cd3e-72db-4213-b677-28bfbd198772/datanode-4/data/ratis/04e89f51-a2d7-4e4f-8074-978ca49b1170/in_use.lock acquired by nodename 6977@pr-hdds-1569-s44lr-3492059363
2019-09-25 04:49:21,245 [pool-67-thread-1] INFO  storage.RaftStorage (RaftStorage.java:format(72)) - Storage directory /workdir/hadoop-ozone/integration-test/target/test-dir/MiniOzoneClusterImpl-73e7cd3e-72db-4213-b677-28bfbd198772/datanode-4/data/ratis/04e89f51-a2d7-4e4f-8074-978ca49b1170 has been successfully formatted.
2019-09-25 04:49:21,245 [pool-67-thread-1] INFO  ratis.ContainerStateMachine (ContainerStateMachine.java:loadSnapshot(230)) - group-978CA49B1170: The snapshot info is null. Setting the last applied indexto:(t:0, i:~)
2019-09-25 04:49:21,246 [pool-67-thread-1] INFO  server.RaftServerConfigKeys (ConfUtils.java:logGet(43)) - raft.server.notification.no-leader.timeout = 120s (custom)
2019-09-25 04:49:21,246 [pool-67-thread-1] INFO  server.RaftServerConfigKeys (ConfUtils.java:logGet(43)) - raft.server.log.use.memory = false (default)
2019-09-25 04:49:21,246 [pool-67-thread-1] INFO  server.RaftServerConfigKeys (ConfUtils.java:logGet(43)) - raft.server.log.purge.gap = 1000000 (custom)
2019-09-25 04:49:21,246 [pool-67-thread-1] INFO  server.RaftServerConfigKeys (ConfUtils.java:logGet(43)) - raft.server.log.appender.buffer.byte-limit = 33554432 (custom)
2019-09-25 04:49:21,247 [pool-67-thread-1] INFO  server.RaftServerConfigKeys (ConfUtils.java:logGet(43)) - raft.server.log.segment.size.max = 1048576 (custom)
2019-09-25 04:49:21,247 [pool-67-thread-1] INFO  server.RaftServerConfigKeys (ConfUtils.java:logGet(43)) - raft.server.log.segment.cache.num.max = 2 (custom)
2019-09-25 04:49:21,247 [pool-67-thread-1] INFO  segmented.SegmentedRaftLogWorker (SegmentedRaftLogWorker.java:<init>(172)) - new eccaf005-8169-4dfc-be1f-8981a011c66c@group-978CA49B1170-SegmentedRaftLogWorker for RaftStorage:Storage Directory /workdir/hadoop-ozone/integration-test/target/test-dir/MiniOzoneClusterImpl-73e7cd3e-72db-4213-b677-28bfbd198772/datanode-4/data/ratis/04e89f51-a2d7-4e4f-8074-978ca49b1170
2019-09-25 04:49:21,247 [pool-67-thread-1] INFO  server.RaftServerConfigKeys (ConfUtils.java:logGet(43)) - raft.server.log.queue.byte-limit = 2147483647 (custom)
2019-09-25 04:49:21,248 [pool-67-thread-1] INFO  server.RaftServerConfigKeys (ConfUtils.java:logGet(43)) - raft.server.log.queue.element-limit = 1024 (custom)
2019-09-25 04:49:21,248 [pool-67-thread-1] INFO  server.RaftServerConfigKeys (ConfUtils.java:logGet(43)) - raft.server.log.segment.size.max = 1048576 (custom)
2019-09-25 04:49:21,248 [pool-67-thread-1] INFO  server.RaftServerConfigKeys (ConfUtils.java:logGet(43)) - raft.server.log.preallocated.size = 16384 (custom)
2019-09-25 04:49:21,248 [pool-67-thread-1] INFO  server.RaftServerConfigKeys (ConfUtils.java:logGet(43)) - raft.server.log.write.buffer.size = 33554432 (custom)
2019-09-25 04:49:21,248 [pool-67-thread-1] INFO  server.RaftServerConfigKeys (ConfUtils.java:logGet(43)) - raft.server.log.force.sync.num = 128 (default)
2019-09-25 04:49:21,249 [pool-67-thread-1] INFO  server.RaftServerConfigKeys (ConfUtils.java:logGet(43)) - raft.server.log.statemachine.data.sync = true (default)
2019-09-25 04:49:21,249 [pool-67-thread-1] INFO  server.RaftServerConfigKeys (ConfUtils.java:logGet(43)) - raft.server.log.statemachine.data.sync.timeout = 10s (default)
2019-09-25 04:49:21,249 [pool-67-thread-1] INFO  server.RaftServerConfigKeys (ConfUtils.java:logGet(43)) - raft.server.log.statemachine.data.sync.timeout.retry = -1 (default)
2019-09-25 04:49:21,249 [pool-67-thread-1] INFO  server.RaftServerConfigKeys (ConfUtils.java:logGet(43)) - raft.server.log.statemachine.data.caching.enabled = true (custom)
2019-09-25 04:49:21,250 [pool-67-thread-1] INFO  segmented.SegmentedRaftLogWorker (SegmentedRaftLogWorker.java:lambda$new$0(132)) - eccaf005-8169-4dfc-be1f-8981a011c66c@group-978CA49B1170-SegmentedRaftLogWorker: flushIndex: setUnconditionally 0 -> -1
2019-09-25 04:49:21,250 [pool-67-thread-1] INFO  server.RaftServerConfigKeys (ConfUtils.java:logGet(43)) - raft.server.snapshot.auto.trigger.enabled = true (custom)
2019-09-25 04:49:21,250 [pool-67-thread-1] INFO  server.RaftServerConfigKeys (ConfUtils.java:logGet(43)) - raft.server.snapshot.auto.trigger.threshold = 10000 (custom)
2019-09-25 04:49:21,251 [pool-67-thread-1] INFO  server.RaftServerConfigKeys (ConfUtils.java:logGet(43)) - raft.server.snapshot.retention.num.files = 5 (custom)
2019-09-25 04:49:21,251 [pool-67-thread-1] INFO  server.RaftServerConfigKeys (ConfUtils.java:logGet(43)) - raft.server.retrycache.expirytime = 600000ms (custom)
2019-09-25 04:49:21,255 [pool-67-thread-1] INFO  impl.RaftServerImpl (RaftServerImpl.java:start(185)) - eccaf005-8169-4dfc-be1f-8981a011c66c@group-978CA49B1170: start as a follower, conf=-1: [eccaf005-8169-4dfc-be1f-8981a011c66c:192.168.164.207:46393], old=null
2019-09-25 04:49:21,255 [pool-67-thread-1] INFO  impl.RaftServerImpl (RaftServerImpl.java:setRole(174)) - eccaf005-8169-4dfc-be1f-8981a011c66c@group-978CA49B1170: changes role from      null to FOLLOWER at term 0 for startAsFollower
2019-09-25 04:49:21,255 [pool-67-thread-1] INFO  impl.RoleInfo (RoleInfo.java:updateAndGet(143)) - eccaf005-8169-4dfc-be1f-8981a011c66c: start FollowerState
2019-09-25 04:49:21,256 [pool-67-thread-1] INFO  util.JmxRegister (JmxRegister.java:tryRegister(44)) - Successfully registered JMX Bean with object name Ratis:service=RaftServer,group=group-978CA49B1170,id=eccaf005-8169-4dfc-be1f-8981a011c66c
2019-09-25 04:49:21,262 [RatisPipelineUtilsThread] INFO  pipeline.PipelineStateManager (PipelineStateManager.java:addPipeline(56)) - Created pipeline Pipeline[ Id: 04e89f51-a2d7-4e4f-8074-978ca49b1170, Nodes: eccaf005-8169-4dfc-be1f-8981a011c66c{ip: 192.168.164.207, host: pr-hdds-1569-s44lr-3492059363, networkLocation: /default-rack, certSerialId: null}, Type:RATIS, Factor:ONE, State:OPEN]
2019-09-25 04:49:21,262 [RatisPipelineUtilsThread] INFO  pipeline.PipelinePlacementPolicy (PipelinePlacementPolicy.java:meetCriteria(91)) - Pipeline Placement: can't place more pipeline on heavy datanode： 4900d303-9ac7-4a86-9389-d77749add813 Heaviness: 6 limit: 5
2019-09-25 04:49:21,263 [RatisPipelineUtilsThread] INFO  pipeline.PipelinePlacementPolicy (PipelinePlacementPolicy.java:meetCriteria(91)) - Pipeline Placement: can't place more pipeline on heavy datanode： 0deae85c-a16a-4311-a0af-934f501df2cc Heaviness: 6 limit: 5
2019-09-25 04:49:21,274 [grpc-default-executor-1] INFO  impl.RaftServerProxy (RaftServerProxy.java:addNew(89)) - 4a0ae61b-4689-46eb-b962-7605c7f95abd: addNew group-54F07E795FAA:[4a0ae61b-4689-46eb-b962-7605c7f95abd:192.168.164.207:41419] returns group-54F07E795FAA:java.util.concurrent.CompletableFuture@55b8e4a3[Not completed]
2019-09-25 04:49:21,275 [pool-97-thread-1] INFO  impl.RaftServerImpl (RaftServerImpl.java:<init>(95)) - 4a0ae61b-4689-46eb-b962-7605c7f95abd: new RaftServerImpl for group-54F07E795FAA:[4a0ae61b-4689-46eb-b962-7605c7f95abd:192.168.164.207:41419] with ContainerStateMachine:uninitialized
2019-09-25 04:49:21,275 [pool-97-thread-1] INFO  server.RaftServerConfigKeys (ConfUtils.java:logGet(43)) - raft.server.rpc.timeout.min = 1s (custom)
2019-09-25 04:49:21,275 [pool-97-thread-1] INFO  server.RaftServerConfigKeys (ConfUtils.java:logGet(43)) - raft.server.rpc.timeout.max = 1200ms (custom)
2019-09-25 04:49:21,275 [pool-97-thread-1] INFO  server.RaftServerConfigKeys (ConfUtils.java:logGet(43)) - raft.server.rpcslowness.timeout = 120s (custom)
2019-09-25 04:49:21,275 [pool-97-thread-1] INFO  server.RaftServerConfigKeys (ConfUtils.java:logGet(43)) - raft.server.sleep.deviation.threshold = 300 (default)
2019-09-25 04:49:21,276 [pool-97-thread-1] INFO  server.RaftServerConfigKeys (ConfUtils.java:logGet(43)) - raft.server.log.appender.install.snapshot.enabled = false (custom)
2019-09-25 04:49:21,276 [pool-97-thread-1] INFO  impl.RaftServerImpl (ServerState.java:<init>(103)) - 4a0ae61b-4689-46eb-b962-7605c7f95abd@group-54F07E795FAA: ConfigurationManager, init=-1: [4a0ae61b-4689-46eb-b962-7605c7f95abd:192.168.164.207:41419], old=null, confs=<EMPTY_MAP>
2019-09-25 04:49:21,276 [pool-97-thread-1] INFO  server.RaftServerConfigKeys (ConfUtils.java:logGet(43)) - raft.server.storage.dir = [/workdir/hadoop-ozone/integration-test/target/test-dir/MiniOzoneClusterImpl-73e7cd3e-72db-4213-b677-28bfbd198772/datanode-7/data/ratis] (custom)
2019-09-25 04:49:21,276 [pool-97-thread-1] INFO  storage.RaftStorageDirectory (RaftStorageDirectory.java:analyzeStorage(246)) - The storage directory /workdir/hadoop-ozone/integration-test/target/test-dir/MiniOzoneClusterImpl-73e7cd3e-72db-4213-b677-28bfbd198772/datanode-7/data/ratis/34744d19-5140-40dc-96e5-54f07e795faa does not exist. Creating ...
2019-09-25 04:49:21,289 [pool-97-thread-1] INFO  storage.RaftStorageDirectory (RaftStorageDirectory.java:tryLock(328)) - Lock on /workdir/hadoop-ozone/integration-test/target/test-dir/MiniOzoneClusterImpl-73e7cd3e-72db-4213-b677-28bfbd198772/datanode-7/data/ratis/34744d19-5140-40dc-96e5-54f07e795faa/in_use.lock acquired by nodename 6977@pr-hdds-1569-s44lr-3492059363
2019-09-25 04:49:21,302 [pool-97-thread-1] INFO  storage.RaftStorage (RaftStorage.java:format(72)) - Storage directory /workdir/hadoop-ozone/integration-test/target/test-dir/MiniOzoneClusterImpl-73e7cd3e-72db-4213-b677-28bfbd198772/datanode-7/data/ratis/34744d19-5140-40dc-96e5-54f07e795faa has been successfully formatted.
2019-09-25 04:49:21,302 [pool-97-thread-1] INFO  ratis.ContainerStateMachine (ContainerStateMachine.java:loadSnapshot(230)) - group-54F07E795FAA: The snapshot info is null. Setting the last applied indexto:(t:0, i:~)
2019-09-25 04:49:21,302 [pool-97-thread-1] INFO  server.RaftServerConfigKeys (ConfUtils.java:logGet(43)) - raft.server.notification.no-leader.timeout = 120s (custom)
2019-09-25 04:49:21,302 [pool-97-thread-1] INFO  server.RaftServerConfigKeys (ConfUtils.java:logGet(43)) - raft.server.log.use.memory = false (default)
2019-09-25 04:49:21,303 [pool-97-thread-1] INFO  server.RaftServerConfigKeys (ConfUtils.java:logGet(43)) - raft.server.log.purge.gap = 1000000 (custom)
2019-09-25 04:49:21,303 [pool-97-thread-1] INFO  server.RaftServerConfigKeys (ConfUtils.java:logGet(43)) - raft.server.log.appender.buffer.byte-limit = 33554432 (custom)
2019-09-25 04:49:21,303 [pool-97-thread-1] INFO  server.RaftServerConfigKeys (ConfUtils.java:logGet(43)) - raft.server.log.segment.size.max = 1048576 (custom)
2019-09-25 04:49:21,303 [pool-97-thread-1] INFO  server.RaftServerConfigKeys (ConfUtils.java:logGet(43)) - raft.server.log.segment.cache.num.max = 2 (custom)
2019-09-25 04:49:21,303 [pool-97-thread-1] INFO  segmented.SegmentedRaftLogWorker (SegmentedRaftLogWorker.java:<init>(172)) - new 4a0ae61b-4689-46eb-b962-7605c7f95abd@group-54F07E795FAA-SegmentedRaftLogWorker for RaftStorage:Storage Directory /workdir/hadoop-ozone/integration-test/target/test-dir/MiniOzoneClusterImpl-73e7cd3e-72db-4213-b677-28bfbd198772/datanode-7/data/ratis/34744d19-5140-40dc-96e5-54f07e795faa
2019-09-25 04:49:21,303 [pool-97-thread-1] INFO  server.RaftServerConfigKeys (ConfUtils.java:logGet(43)) - raft.server.log.queue.byte-limit = 2147483647 (custom)
2019-09-25 04:49:21,303 [pool-97-thread-1] INFO  server.RaftServerConfigKeys (ConfUtils.java:logGet(43)) - raft.server.log.queue.element-limit = 1024 (custom)
2019-09-25 04:49:21,303 [pool-97-thread-1] INFO  server.RaftServerConfigKeys (ConfUtils.java:logGet(43)) - raft.server.log.segment.size.max = 1048576 (custom)
2019-09-25 04:49:21,304 [pool-97-thread-1] INFO  server.RaftServerConfigKeys (ConfUtils.java:logGet(43)) - raft.server.log.preallocated.size = 16384 (custom)
2019-09-25 04:49:21,304 [pool-97-thread-1] INFO  server.RaftServerConfigKeys (ConfUtils.java:logGet(43)) - raft.server.log.write.buffer.size = 33554432 (custom)
2019-09-25 04:49:21,304 [pool-97-thread-1] INFO  server.RaftServerConfigKeys (ConfUtils.java:logGet(43)) - raft.server.log.force.sync.num = 128 (default)
2019-09-25 04:49:21,304 [pool-97-thread-1] INFO  server.RaftServerConfigKeys (ConfUtils.java:logGet(43)) - raft.server.log.statemachine.data.sync = true (default)
2019-09-25 04:49:21,304 [pool-97-thread-1] INFO  server.RaftServerConfigKeys (ConfUtils.java:logGet(43)) - raft.server.log.statemachine.data.sync.timeout = 10s (default)
2019-09-25 04:49:21,304 [pool-97-thread-1] INFO  server.RaftServerConfigKeys (ConfUtils.java:logGet(43)) - raft.server.log.statemachine.data.sync.timeout.retry = -1 (default)
2019-09-25 04:49:21,304 [pool-97-thread-1] INFO  server.RaftServerConfigKeys (ConfUtils.java:logGet(43)) - raft.server.log.statemachine.data.caching.enabled = true (custom)
2019-09-25 04:49:21,305 [pool-97-thread-1] INFO  segmented.SegmentedRaftLogWorker (SegmentedRaftLogWorker.java:lambda$new$0(132)) - 4a0ae61b-4689-46eb-b962-7605c7f95abd@group-54F07E795FAA-SegmentedRaftLogWorker: flushIndex: setUnconditionally 0 -> -1
2019-09-25 04:49:21,305 [pool-97-thread-1] INFO  server.RaftServerConfigKeys (ConfUtils.java:logGet(43)) - raft.server.snapshot.auto.trigger.enabled = true (custom)
2019-09-25 04:49:21,305 [pool-97-thread-1] INFO  server.RaftServerConfigKeys (ConfUtils.java:logGet(43)) - raft.server.snapshot.auto.trigger.threshold = 10000 (custom)
2019-09-25 04:49:21,305 [pool-97-thread-1] INFO  server.RaftServerConfigKeys (ConfUtils.java:logGet(43)) - raft.server.snapshot.retention.num.files = 5 (custom)
2019-09-25 04:49:21,305 [pool-97-thread-1] INFO  server.RaftServerConfigKeys (ConfUtils.java:logGet(43)) - raft.server.retrycache.expirytime = 600000ms (custom)
2019-09-25 04:49:21,308 [pool-97-thread-1] INFO  impl.RaftServerImpl (RaftServerImpl.java:start(185)) - 4a0ae61b-4689-46eb-b962-7605c7f95abd@group-54F07E795FAA: start as a follower, conf=-1: [4a0ae61b-4689-46eb-b962-7605c7f95abd:192.168.164.207:41419], old=null
2019-09-25 04:49:21,308 [pool-97-thread-1] INFO  impl.RaftServerImpl (RaftServerImpl.java:setRole(174)) - 4a0ae61b-4689-46eb-b962-7605c7f95abd@group-54F07E795FAA: changes role from      null to FOLLOWER at term 0 for startAsFollower
2019-09-25 04:49:21,308 [pool-97-thread-1] INFO  impl.RoleInfo (RoleInfo.java:updateAndGet(143)) - 4a0ae61b-4689-46eb-b962-7605c7f95abd: start FollowerState
2019-09-25 04:49:21,308 [pool-97-thread-1] INFO  util.JmxRegister (JmxRegister.java:tryRegister(44)) - Successfully registered JMX Bean with object name Ratis:service=RaftServer,group=group-54F07E795FAA,id=4a0ae61b-4689-46eb-b962-7605c7f95abd
2019-09-25 04:49:21,315 [RatisPipelineUtilsThread] INFO  pipeline.PipelineStateManager (PipelineStateManager.java:addPipeline(56)) - Created pipeline Pipeline[ Id: 34744d19-5140-40dc-96e5-54f07e795faa, Nodes: 4a0ae61b-4689-46eb-b962-7605c7f95abd{ip: 192.168.164.207, host: pr-hdds-1569-s44lr-3492059363, networkLocation: /default-rack, certSerialId: null}, Type:RATIS, Factor:ONE, State:OPEN]
2019-09-25 04:49:21,316 [RatisPipelineUtilsThread] INFO  pipeline.PipelinePlacementPolicy (PipelinePlacementPolicy.java:meetCriteria(91)) - Pipeline Placement: can't place more pipeline on heavy datanode： 4900d303-9ac7-4a86-9389-d77749add813 Heaviness: 6 limit: 5
2019-09-25 04:49:21,316 [RatisPipelineUtilsThread] INFO  pipeline.PipelinePlacementPolicy (PipelinePlacementPolicy.java:meetCriteria(91)) - Pipeline Placement: can't place more pipeline on heavy datanode： 0deae85c-a16a-4311-a0af-934f501df2cc Heaviness: 6 limit: 5
2019-09-25 04:49:21,326 [grpc-default-executor-1] INFO  impl.RaftServerProxy (RaftServerProxy.java:addNew(89)) - fcf37978-6168-4314-87d6-0e8a7c1fc6e1: addNew group-10035C8A5856:[fcf37978-6168-4314-87d6-0e8a7c1fc6e1:192.168.164.207:44984] returns group-10035C8A5856:java.util.concurrent.CompletableFuture@4c6120e[Not completed]
2019-09-25 04:49:21,327 [pool-57-thread-1] INFO  impl.RaftServerImpl (RaftServerImpl.java:<init>(95)) - fcf37978-6168-4314-87d6-0e8a7c1fc6e1: new RaftServerImpl for group-10035C8A5856:[fcf37978-6168-4314-87d6-0e8a7c1fc6e1:192.168.164.207:44984] with ContainerStateMachine:uninitialized
2019-09-25 04:49:21,327 [pool-57-thread-1] INFO  server.RaftServerConfigKeys (ConfUtils.java:logGet(43)) - raft.server.rpc.timeout.min = 1s (custom)
2019-09-25 04:49:21,328 [pool-57-thread-1] INFO  server.RaftServerConfigKeys (ConfUtils.java:logGet(43)) - raft.server.rpc.timeout.max = 1200ms (custom)
2019-09-25 04:49:21,328 [pool-57-thread-1] INFO  server.RaftServerConfigKeys (ConfUtils.java:logGet(43)) - raft.server.rpcslowness.timeout = 120s (custom)
2019-09-25 04:49:21,328 [pool-57-thread-1] INFO  server.RaftServerConfigKeys (ConfUtils.java:logGet(43)) - raft.server.sleep.deviation.threshold = 300 (default)
2019-09-25 04:49:21,328 [pool-57-thread-1] INFO  server.RaftServerConfigKeys (ConfUtils.java:logGet(43)) - raft.server.log.appender.install.snapshot.enabled = false (custom)
2019-09-25 04:49:21,328 [pool-57-thread-1] INFO  impl.RaftServerImpl (ServerState.java:<init>(103)) - fcf37978-6168-4314-87d6-0e8a7c1fc6e1@group-10035C8A5856: ConfigurationManager, init=-1: [fcf37978-6168-4314-87d6-0e8a7c1fc6e1:192.168.164.207:44984], old=null, confs=<EMPTY_MAP>
2019-09-25 04:49:21,328 [pool-57-thread-1] INFO  server.RaftServerConfigKeys (ConfUtils.java:logGet(43)) - raft.server.storage.dir = [/workdir/hadoop-ozone/integration-test/target/test-dir/MiniOzoneClusterImpl-73e7cd3e-72db-4213-b677-28bfbd198772/datanode-3/data/ratis] (custom)
2019-09-25 04:49:21,329 [pool-57-thread-1] INFO  storage.RaftStorageDirectory (RaftStorageDirectory.java:analyzeStorage(246)) - The storage directory /workdir/hadoop-ozone/integration-test/target/test-dir/MiniOzoneClusterImpl-73e7cd3e-72db-4213-b677-28bfbd198772/datanode-3/data/ratis/cf7b3375-a6df-4b0e-8717-10035c8a5856 does not exist. Creating ...
2019-09-25 04:49:21,342 [pool-57-thread-1] INFO  storage.RaftStorageDirectory (RaftStorageDirectory.java:tryLock(328)) - Lock on /workdir/hadoop-ozone/integration-test/target/test-dir/MiniOzoneClusterImpl-73e7cd3e-72db-4213-b677-28bfbd198772/datanode-3/data/ratis/cf7b3375-a6df-4b0e-8717-10035c8a5856/in_use.lock acquired by nodename 6977@pr-hdds-1569-s44lr-3492059363
2019-09-25 04:49:21,365 [pool-57-thread-1] INFO  storage.RaftStorage (RaftStorage.java:format(72)) - Storage directory /workdir/hadoop-ozone/integration-test/target/test-dir/MiniOzoneClusterImpl-73e7cd3e-72db-4213-b677-28bfbd198772/datanode-3/data/ratis/cf7b3375-a6df-4b0e-8717-10035c8a5856 has been successfully formatted.
2019-09-25 04:49:21,365 [pool-57-thread-1] INFO  ratis.ContainerStateMachine (ContainerStateMachine.java:loadSnapshot(230)) - group-10035C8A5856: The snapshot info is null. Setting the last applied indexto:(t:0, i:~)
2019-09-25 04:49:21,365 [pool-57-thread-1] INFO  server.RaftServerConfigKeys (ConfUtils.java:logGet(43)) - raft.server.notification.no-leader.timeout = 120s (custom)
2019-09-25 04:49:21,365 [pool-57-thread-1] INFO  server.RaftServerConfigKeys (ConfUtils.java:logGet(43)) - raft.server.log.use.memory = false (default)
2019-09-25 04:49:21,365 [pool-57-thread-1] INFO  server.RaftServerConfigKeys (ConfUtils.java:logGet(43)) - raft.server.log.purge.gap = 1000000 (custom)
2019-09-25 04:49:21,366 [pool-57-thread-1] INFO  server.RaftServerConfigKeys (ConfUtils.java:logGet(43)) - raft.server.log.appender.buffer.byte-limit = 33554432 (custom)
2019-09-25 04:49:21,366 [pool-57-thread-1] INFO  server.RaftServerConfigKeys (ConfUtils.java:logGet(43)) - raft.server.log.segment.size.max = 1048576 (custom)
2019-09-25 04:49:21,366 [pool-57-thread-1] INFO  server.RaftServerConfigKeys (ConfUtils.java:logGet(43)) - raft.server.log.segment.cache.num.max = 2 (custom)
2019-09-25 04:49:21,366 [pool-57-thread-1] INFO  segmented.SegmentedRaftLogWorker (SegmentedRaftLogWorker.java:<init>(172)) - new fcf37978-6168-4314-87d6-0e8a7c1fc6e1@group-10035C8A5856-SegmentedRaftLogWorker for RaftStorage:Storage Directory /workdir/hadoop-ozone/integration-test/target/test-dir/MiniOzoneClusterImpl-73e7cd3e-72db-4213-b677-28bfbd198772/datanode-3/data/ratis/cf7b3375-a6df-4b0e-8717-10035c8a5856
2019-09-25 04:49:21,366 [pool-57-thread-1] INFO  server.RaftServerConfigKeys (ConfUtils.java:logGet(43)) - raft.server.log.queue.byte-limit = 2147483647 (custom)
2019-09-25 04:49:21,366 [pool-57-thread-1] INFO  server.RaftServerConfigKeys (ConfUtils.java:logGet(43)) - raft.server.log.queue.element-limit = 1024 (custom)
2019-09-25 04:49:21,367 [pool-57-thread-1] INFO  server.RaftServerConfigKeys (ConfUtils.java:logGet(43)) - raft.server.log.segment.size.max = 1048576 (custom)
2019-09-25 04:49:21,367 [pool-57-thread-1] INFO  server.RaftServerConfigKeys (ConfUtils.java:logGet(43)) - raft.server.log.preallocated.size = 16384 (custom)
2019-09-25 04:49:21,367 [pool-57-thread-1] INFO  server.RaftServerConfigKeys (ConfUtils.java:logGet(43)) - raft.server.log.write.buffer.size = 33554432 (custom)
2019-09-25 04:49:21,367 [pool-57-thread-1] INFO  server.RaftServerConfigKeys (ConfUtils.java:logGet(43)) - raft.server.log.force.sync.num = 128 (default)
2019-09-25 04:49:21,367 [pool-57-thread-1] INFO  server.RaftServerConfigKeys (ConfUtils.java:logGet(43)) - raft.server.log.statemachine.data.sync = true (default)
2019-09-25 04:49:21,367 [pool-57-thread-1] INFO  server.RaftServerConfigKeys (ConfUtils.java:logGet(43)) - raft.server.log.statemachine.data.sync.timeout = 10s (default)
2019-09-25 04:49:21,367 [pool-57-thread-1] INFO  server.RaftServerConfigKeys (ConfUtils.java:logGet(43)) - raft.server.log.statemachine.data.sync.timeout.retry = -1 (default)
2019-09-25 04:49:21,368 [pool-57-thread-1] INFO  server.RaftServerConfigKeys (ConfUtils.java:logGet(43)) - raft.server.log.statemachine.data.caching.enabled = true (custom)
2019-09-25 04:49:21,368 [pool-57-thread-1] INFO  segmented.SegmentedRaftLogWorker (SegmentedRaftLogWorker.java:lambda$new$0(132)) - fcf37978-6168-4314-87d6-0e8a7c1fc6e1@group-10035C8A5856-SegmentedRaftLogWorker: flushIndex: setUnconditionally 0 -> -1
2019-09-25 04:49:21,368 [pool-57-thread-1] INFO  server.RaftServerConfigKeys (ConfUtils.java:logGet(43)) - raft.server.snapshot.auto.trigger.enabled = true (custom)
2019-09-25 04:49:21,368 [pool-57-thread-1] INFO  server.RaftServerConfigKeys (ConfUtils.java:logGet(43)) - raft.server.snapshot.auto.trigger.threshold = 10000 (custom)
2019-09-25 04:49:21,369 [pool-57-thread-1] INFO  server.RaftServerConfigKeys (ConfUtils.java:logGet(43)) - raft.server.snapshot.retention.num.files = 5 (custom)
2019-09-25 04:49:21,369 [pool-57-thread-1] INFO  server.RaftServerConfigKeys (ConfUtils.java:logGet(43)) - raft.server.retrycache.expirytime = 600000ms (custom)
2019-09-25 04:49:21,371 [pool-57-thread-1] INFO  impl.RaftServerImpl (RaftServerImpl.java:start(185)) - fcf37978-6168-4314-87d6-0e8a7c1fc6e1@group-10035C8A5856: start as a follower, conf=-1: [fcf37978-6168-4314-87d6-0e8a7c1fc6e1:192.168.164.207:44984], old=null
2019-09-25 04:49:21,371 [pool-57-thread-1] INFO  impl.RaftServerImpl (RaftServerImpl.java:setRole(174)) - fcf37978-6168-4314-87d6-0e8a7c1fc6e1@group-10035C8A5856: changes role from      null to FOLLOWER at term 0 for startAsFollower
2019-09-25 04:49:21,372 [pool-57-thread-1] INFO  impl.RoleInfo (RoleInfo.java:updateAndGet(143)) - fcf37978-6168-4314-87d6-0e8a7c1fc6e1: start FollowerState
2019-09-25 04:49:21,372 [pool-57-thread-1] INFO  util.JmxRegister (JmxRegister.java:tryRegister(44)) - Successfully registered JMX Bean with object name Ratis:service=RaftServer,group=group-10035C8A5856,id=fcf37978-6168-4314-87d6-0e8a7c1fc6e1
2019-09-25 04:49:21,378 [RatisPipelineUtilsThread] INFO  pipeline.PipelineStateManager (PipelineStateManager.java:addPipeline(56)) - Created pipeline Pipeline[ Id: cf7b3375-a6df-4b0e-8717-10035c8a5856, Nodes: fcf37978-6168-4314-87d6-0e8a7c1fc6e1{ip: 192.168.164.207, host: pr-hdds-1569-s44lr-3492059363, networkLocation: /default-rack, certSerialId: null}, Type:RATIS, Factor:ONE, State:OPEN]
2019-09-25 04:49:21,378 [RatisPipelineUtilsThread] INFO  pipeline.PipelinePlacementPolicy (PipelinePlacementPolicy.java:meetCriteria(91)) - Pipeline Placement: can't place more pipeline on heavy datanode： 4900d303-9ac7-4a86-9389-d77749add813 Heaviness: 6 limit: 5
2019-09-25 04:49:21,378 [RatisPipelineUtilsThread] INFO  pipeline.PipelinePlacementPolicy (PipelinePlacementPolicy.java:meetCriteria(91)) - Pipeline Placement: can't place more pipeline on heavy datanode： 0deae85c-a16a-4311-a0af-934f501df2cc Heaviness: 6 limit: 5
2019-09-25 04:49:21,390 [grpc-default-executor-1] INFO  impl.RaftServerProxy (RaftServerProxy.java:addNew(89)) - 4a0ae61b-4689-46eb-b962-7605c7f95abd: addNew group-CD07FF328D78:[4a0ae61b-4689-46eb-b962-7605c7f95abd:192.168.164.207:41419] returns group-CD07FF328D78:java.util.concurrent.CompletableFuture@7a3c6e9d[Not completed]
2019-09-25 04:49:21,391 [pool-97-thread-1] INFO  impl.RaftServerImpl (RaftServerImpl.java:<init>(95)) - 4a0ae61b-4689-46eb-b962-7605c7f95abd: new RaftServerImpl for group-CD07FF328D78:[4a0ae61b-4689-46eb-b962-7605c7f95abd:192.168.164.207:41419] with ContainerStateMachine:uninitialized
2019-09-25 04:49:21,392 [pool-97-thread-1] INFO  server.RaftServerConfigKeys (ConfUtils.java:logGet(43)) - raft.server.rpc.timeout.min = 1s (custom)
2019-09-25 04:49:21,392 [pool-97-thread-1] INFO  server.RaftServerConfigKeys (ConfUtils.java:logGet(43)) - raft.server.rpc.timeout.max = 1200ms (custom)
2019-09-25 04:49:21,392 [pool-97-thread-1] INFO  server.RaftServerConfigKeys (ConfUtils.java:logGet(43)) - raft.server.rpcslowness.timeout = 120s (custom)
2019-09-25 04:49:21,392 [pool-97-thread-1] INFO  server.RaftServerConfigKeys (ConfUtils.java:logGet(43)) - raft.server.sleep.deviation.threshold = 300 (default)
2019-09-25 04:49:21,392 [pool-97-thread-1] INFO  server.RaftServerConfigKeys (ConfUtils.java:logGet(43)) - raft.server.log.appender.install.snapshot.enabled = false (custom)
2019-09-25 04:49:21,392 [pool-97-thread-1] INFO  impl.RaftServerImpl (ServerState.java:<init>(103)) - 4a0ae61b-4689-46eb-b962-7605c7f95abd@group-CD07FF328D78: ConfigurationManager, init=-1: [4a0ae61b-4689-46eb-b962-7605c7f95abd:192.168.164.207:41419], old=null, confs=<EMPTY_MAP>
2019-09-25 04:49:21,393 [pool-97-thread-1] INFO  server.RaftServerConfigKeys (ConfUtils.java:logGet(43)) - raft.server.storage.dir = [/workdir/hadoop-ozone/integration-test/target/test-dir/MiniOzoneClusterImpl-73e7cd3e-72db-4213-b677-28bfbd198772/datanode-7/data/ratis] (custom)
2019-09-25 04:49:21,393 [pool-97-thread-1] INFO  storage.RaftStorageDirectory (RaftStorageDirectory.java:analyzeStorage(246)) - The storage directory /workdir/hadoop-ozone/integration-test/target/test-dir/MiniOzoneClusterImpl-73e7cd3e-72db-4213-b677-28bfbd198772/datanode-7/data/ratis/9b61f124-99ec-4f49-914f-cd07ff328d78 does not exist. Creating ...
2019-09-25 04:49:21,406 [pool-97-thread-1] INFO  storage.RaftStorageDirectory (RaftStorageDirectory.java:tryLock(328)) - Lock on /workdir/hadoop-ozone/integration-test/target/test-dir/MiniOzoneClusterImpl-73e7cd3e-72db-4213-b677-28bfbd198772/datanode-7/data/ratis/9b61f124-99ec-4f49-914f-cd07ff328d78/in_use.lock acquired by nodename 6977@pr-hdds-1569-s44lr-3492059363
2019-09-25 04:49:21,420 [pool-97-thread-1] INFO  storage.RaftStorage (RaftStorage.java:format(72)) - Storage directory /workdir/hadoop-ozone/integration-test/target/test-dir/MiniOzoneClusterImpl-73e7cd3e-72db-4213-b677-28bfbd198772/datanode-7/data/ratis/9b61f124-99ec-4f49-914f-cd07ff328d78 has been successfully formatted.
2019-09-25 04:49:21,420 [pool-97-thread-1] INFO  ratis.ContainerStateMachine (ContainerStateMachine.java:loadSnapshot(230)) - group-CD07FF328D78: The snapshot info is null. Setting the last applied indexto:(t:0, i:~)
2019-09-25 04:49:21,420 [pool-97-thread-1] INFO  server.RaftServerConfigKeys (ConfUtils.java:logGet(43)) - raft.server.notification.no-leader.timeout = 120s (custom)
2019-09-25 04:49:21,421 [pool-97-thread-1] INFO  server.RaftServerConfigKeys (ConfUtils.java:logGet(43)) - raft.server.log.use.memory = false (default)
2019-09-25 04:49:21,421 [pool-97-thread-1] INFO  server.RaftServerConfigKeys (ConfUtils.java:logGet(43)) - raft.server.log.purge.gap = 1000000 (custom)
2019-09-25 04:49:21,421 [pool-97-thread-1] INFO  server.RaftServerConfigKeys (ConfUtils.java:logGet(43)) - raft.server.log.appender.buffer.byte-limit = 33554432 (custom)
2019-09-25 04:49:21,421 [pool-97-thread-1] INFO  server.RaftServerConfigKeys (ConfUtils.java:logGet(43)) - raft.server.log.segment.size.max = 1048576 (custom)
2019-09-25 04:49:21,421 [pool-97-thread-1] INFO  server.RaftServerConfigKeys (ConfUtils.java:logGet(43)) - raft.server.log.segment.cache.num.max = 2 (custom)
2019-09-25 04:49:21,421 [pool-97-thread-1] INFO  segmented.SegmentedRaftLogWorker (SegmentedRaftLogWorker.java:<init>(172)) - new 4a0ae61b-4689-46eb-b962-7605c7f95abd@group-CD07FF328D78-SegmentedRaftLogWorker for RaftStorage:Storage Directory /workdir/hadoop-ozone/integration-test/target/test-dir/MiniOzoneClusterImpl-73e7cd3e-72db-4213-b677-28bfbd198772/datanode-7/data/ratis/9b61f124-99ec-4f49-914f-cd07ff328d78
2019-09-25 04:49:21,422 [pool-97-thread-1] INFO  server.RaftServerConfigKeys (ConfUtils.java:logGet(43)) - raft.server.log.queue.byte-limit = 2147483647 (custom)
2019-09-25 04:49:21,422 [pool-97-thread-1] INFO  server.RaftServerConfigKeys (ConfUtils.java:logGet(43)) - raft.server.log.queue.element-limit = 1024 (custom)
2019-09-25 04:49:21,422 [pool-97-thread-1] INFO  server.RaftServerConfigKeys (ConfUtils.java:logGet(43)) - raft.server.log.segment.size.max = 1048576 (custom)
2019-09-25 04:49:21,422 [pool-97-thread-1] INFO  server.RaftServerConfigKeys (ConfUtils.java:logGet(43)) - raft.server.log.preallocated.size = 16384 (custom)
2019-09-25 04:49:21,422 [pool-97-thread-1] INFO  server.RaftServerConfigKeys (ConfUtils.java:logGet(43)) - raft.server.log.write.buffer.size = 33554432 (custom)
2019-09-25 04:49:21,422 [pool-97-thread-1] INFO  server.RaftServerConfigKeys (ConfUtils.java:logGet(43)) - raft.server.log.force.sync.num = 128 (default)
2019-09-25 04:49:21,423 [pool-97-thread-1] INFO  server.RaftServerConfigKeys (ConfUtils.java:logGet(43)) - raft.server.log.statemachine.data.sync = true (default)
2019-09-25 04:49:21,423 [pool-97-thread-1] INFO  server.RaftServerConfigKeys (ConfUtils.java:logGet(43)) - raft.server.log.statemachine.data.sync.timeout = 10s (default)
2019-09-25 04:49:21,423 [pool-97-thread-1] INFO  server.RaftServerConfigKeys (ConfUtils.java:logGet(43)) - raft.server.log.statemachine.data.sync.timeout.retry = -1 (default)
2019-09-25 04:49:21,423 [pool-97-thread-1] INFO  server.RaftServerConfigKeys (ConfUtils.java:logGet(43)) - raft.server.log.statemachine.data.caching.enabled = true (custom)
2019-09-25 04:49:21,423 [pool-97-thread-1] INFO  segmented.SegmentedRaftLogWorker (SegmentedRaftLogWorker.java:lambda$new$0(132)) - 4a0ae61b-4689-46eb-b962-7605c7f95abd@group-CD07FF328D78-SegmentedRaftLogWorker: flushIndex: setUnconditionally 0 -> -1
2019-09-25 04:49:21,424 [pool-97-thread-1] INFO  server.RaftServerConfigKeys (ConfUtils.java:logGet(43)) - raft.server.snapshot.auto.trigger.enabled = true (custom)
2019-09-25 04:49:21,424 [pool-97-thread-1] INFO  server.RaftServerConfigKeys (ConfUtils.java:logGet(43)) - raft.server.snapshot.auto.trigger.threshold = 10000 (custom)
2019-09-25 04:49:21,424 [pool-97-thread-1] INFO  server.RaftServerConfigKeys (ConfUtils.java:logGet(43)) - raft.server.snapshot.retention.num.files = 5 (custom)
2019-09-25 04:49:21,424 [pool-97-thread-1] INFO  server.RaftServerConfigKeys (ConfUtils.java:logGet(43)) - raft.server.retrycache.expirytime = 600000ms (custom)
2019-09-25 04:49:21,427 [pool-97-thread-1] INFO  impl.RaftServerImpl (RaftServerImpl.java:start(185)) - 4a0ae61b-4689-46eb-b962-7605c7f95abd@group-CD07FF328D78: start as a follower, conf=-1: [4a0ae61b-4689-46eb-b962-7605c7f95abd:192.168.164.207:41419], old=null
2019-09-25 04:49:21,427 [pool-97-thread-1] INFO  impl.RaftServerImpl (RaftServerImpl.java:setRole(174)) - 4a0ae61b-4689-46eb-b962-7605c7f95abd@group-CD07FF328D78: changes role from      null to FOLLOWER at term 0 for startAsFollower
2019-09-25 04:49:21,427 [pool-97-thread-1] INFO  impl.RoleInfo (RoleInfo.java:updateAndGet(143)) - 4a0ae61b-4689-46eb-b962-7605c7f95abd: start FollowerState
2019-09-25 04:49:21,428 [pool-97-thread-1] INFO  util.JmxRegister (JmxRegister.java:tryRegister(44)) - Successfully registered JMX Bean with object name Ratis:service=RaftServer,group=group-CD07FF328D78,id=4a0ae61b-4689-46eb-b962-7605c7f95abd
2019-09-25 04:49:21,435 [RatisPipelineUtilsThread] INFO  pipeline.PipelineStateManager (PipelineStateManager.java:addPipeline(56)) - Created pipeline Pipeline[ Id: 9b61f124-99ec-4f49-914f-cd07ff328d78, Nodes: 4a0ae61b-4689-46eb-b962-7605c7f95abd{ip: 192.168.164.207, host: pr-hdds-1569-s44lr-3492059363, networkLocation: /default-rack, certSerialId: null}, Type:RATIS, Factor:ONE, State:OPEN]
2019-09-25 04:49:21,435 [RatisPipelineUtilsThread] INFO  pipeline.PipelinePlacementPolicy (PipelinePlacementPolicy.java:meetCriteria(91)) - Pipeline Placement: can't place more pipeline on heavy datanode： 4900d303-9ac7-4a86-9389-d77749add813 Heaviness: 6 limit: 5
2019-09-25 04:49:21,436 [RatisPipelineUtilsThread] INFO  pipeline.PipelinePlacementPolicy (PipelinePlacementPolicy.java:meetCriteria(91)) - Pipeline Placement: can't place more pipeline on heavy datanode： 0deae85c-a16a-4311-a0af-934f501df2cc Heaviness: 6 limit: 5
2019-09-25 04:49:21,447 [grpc-default-executor-1] INFO  impl.RaftServerProxy (RaftServerProxy.java:addNew(89)) - ef17bb0f-3839-4724-ad21-94b92a6e25d3: addNew group-E117720F5E0E:[ef17bb0f-3839-4724-ad21-94b92a6e25d3:192.168.164.207:40519] returns group-E117720F5E0E:java.util.concurrent.CompletableFuture@246427f9[Not completed]
2019-09-25 04:49:21,448 [pool-37-thread-1] INFO  impl.RaftServerImpl (RaftServerImpl.java:<init>(95)) - ef17bb0f-3839-4724-ad21-94b92a6e25d3: new RaftServerImpl for group-E117720F5E0E:[ef17bb0f-3839-4724-ad21-94b92a6e25d3:192.168.164.207:40519] with ContainerStateMachine:uninitialized
2019-09-25 04:49:21,449 [pool-37-thread-1] INFO  server.RaftServerConfigKeys (ConfUtils.java:logGet(43)) - raft.server.rpc.timeout.min = 1s (custom)
2019-09-25 04:49:21,449 [pool-37-thread-1] INFO  server.RaftServerConfigKeys (ConfUtils.java:logGet(43)) - raft.server.rpc.timeout.max = 1200ms (custom)
2019-09-25 04:49:21,449 [pool-37-thread-1] INFO  server.RaftServerConfigKeys (ConfUtils.java:logGet(43)) - raft.server.rpcslowness.timeout = 120s (custom)
2019-09-25 04:49:21,449 [pool-37-thread-1] INFO  server.RaftServerConfigKeys (ConfUtils.java:logGet(43)) - raft.server.sleep.deviation.threshold = 300 (default)
2019-09-25 04:49:21,449 [pool-37-thread-1] INFO  server.RaftServerConfigKeys (ConfUtils.java:logGet(43)) - raft.server.log.appender.install.snapshot.enabled = false (custom)
2019-09-25 04:49:21,449 [pool-37-thread-1] INFO  impl.RaftServerImpl (ServerState.java:<init>(103)) - ef17bb0f-3839-4724-ad21-94b92a6e25d3@group-E117720F5E0E: ConfigurationManager, init=-1: [ef17bb0f-3839-4724-ad21-94b92a6e25d3:192.168.164.207:40519], old=null, confs=<EMPTY_MAP>
2019-09-25 04:49:21,449 [pool-37-thread-1] INFO  server.RaftServerConfigKeys (ConfUtils.java:logGet(43)) - raft.server.storage.dir = [/workdir/hadoop-ozone/integration-test/target/test-dir/MiniOzoneClusterImpl-73e7cd3e-72db-4213-b677-28bfbd198772/datanode-1/data/ratis] (custom)
2019-09-25 04:49:21,450 [pool-37-thread-1] INFO  storage.RaftStorageDirectory (RaftStorageDirectory.java:analyzeStorage(246)) - The storage directory /workdir/hadoop-ozone/integration-test/target/test-dir/MiniOzoneClusterImpl-73e7cd3e-72db-4213-b677-28bfbd198772/datanode-1/data/ratis/2dd24566-b0b0-4ece-bb02-e117720f5e0e does not exist. Creating ...
2019-09-25 04:49:21,462 [pool-37-thread-1] INFO  storage.RaftStorageDirectory (RaftStorageDirectory.java:tryLock(328)) - Lock on /workdir/hadoop-ozone/integration-test/target/test-dir/MiniOzoneClusterImpl-73e7cd3e-72db-4213-b677-28bfbd198772/datanode-1/data/ratis/2dd24566-b0b0-4ece-bb02-e117720f5e0e/in_use.lock acquired by nodename 6977@pr-hdds-1569-s44lr-3492059363
2019-09-25 04:49:21,475 [pool-37-thread-1] INFO  storage.RaftStorage (RaftStorage.java:format(72)) - Storage directory /workdir/hadoop-ozone/integration-test/target/test-dir/MiniOzoneClusterImpl-73e7cd3e-72db-4213-b677-28bfbd198772/datanode-1/data/ratis/2dd24566-b0b0-4ece-bb02-e117720f5e0e has been successfully formatted.
2019-09-25 04:49:21,479 [pool-37-thread-1] INFO  ratis.ContainerStateMachine (ContainerStateMachine.java:loadSnapshot(230)) - group-E117720F5E0E: The snapshot info is null. Setting the last applied indexto:(t:0, i:~)
2019-09-25 04:49:21,480 [pool-37-thread-1] INFO  server.RaftServerConfigKeys (ConfUtils.java:logGet(43)) - raft.server.notification.no-leader.timeout = 120s (custom)
2019-09-25 04:49:21,480 [pool-37-thread-1] INFO  server.RaftServerConfigKeys (ConfUtils.java:logGet(43)) - raft.server.log.use.memory = false (default)
2019-09-25 04:49:21,480 [pool-37-thread-1] INFO  server.RaftServerConfigKeys (ConfUtils.java:logGet(43)) - raft.server.log.purge.gap = 1000000 (custom)
2019-09-25 04:49:21,480 [pool-37-thread-1] INFO  server.RaftServerConfigKeys (ConfUtils.java:logGet(43)) - raft.server.log.appender.buffer.byte-limit = 33554432 (custom)
2019-09-25 04:49:21,480 [pool-37-thread-1] INFO  server.RaftServerConfigKeys (ConfUtils.java:logGet(43)) - raft.server.log.segment.size.max = 1048576 (custom)
2019-09-25 04:49:21,480 [pool-37-thread-1] INFO  server.RaftServerConfigKeys (ConfUtils.java:logGet(43)) - raft.server.log.segment.cache.num.max = 2 (custom)
2019-09-25 04:49:21,480 [pool-37-thread-1] INFO  segmented.SegmentedRaftLogWorker (SegmentedRaftLogWorker.java:<init>(172)) - new ef17bb0f-3839-4724-ad21-94b92a6e25d3@group-E117720F5E0E-SegmentedRaftLogWorker for RaftStorage:Storage Directory /workdir/hadoop-ozone/integration-test/target/test-dir/MiniOzoneClusterImpl-73e7cd3e-72db-4213-b677-28bfbd198772/datanode-1/data/ratis/2dd24566-b0b0-4ece-bb02-e117720f5e0e
2019-09-25 04:49:21,480 [pool-37-thread-1] INFO  server.RaftServerConfigKeys (ConfUtils.java:logGet(43)) - raft.server.log.queue.byte-limit = 2147483647 (custom)
2019-09-25 04:49:21,481 [pool-37-thread-1] INFO  server.RaftServerConfigKeys (ConfUtils.java:logGet(43)) - raft.server.log.queue.element-limit = 1024 (custom)
2019-09-25 04:49:21,481 [pool-37-thread-1] INFO  server.RaftServerConfigKeys (ConfUtils.java:logGet(43)) - raft.server.log.segment.size.max = 1048576 (custom)
2019-09-25 04:49:21,481 [pool-37-thread-1] INFO  server.RaftServerConfigKeys (ConfUtils.java:logGet(43)) - raft.server.log.preallocated.size = 16384 (custom)
2019-09-25 04:49:21,481 [pool-37-thread-1] INFO  server.RaftServerConfigKeys (ConfUtils.java:logGet(43)) - raft.server.log.write.buffer.size = 33554432 (custom)
2019-09-25 04:49:21,481 [pool-37-thread-1] INFO  server.RaftServerConfigKeys (ConfUtils.java:logGet(43)) - raft.server.log.force.sync.num = 128 (default)
2019-09-25 04:49:21,481 [pool-37-thread-1] INFO  server.RaftServerConfigKeys (ConfUtils.java:logGet(43)) - raft.server.log.statemachine.data.sync = true (default)
2019-09-25 04:49:21,481 [pool-37-thread-1] INFO  server.RaftServerConfigKeys (ConfUtils.java:logGet(43)) - raft.server.log.statemachine.data.sync.timeout = 10s (default)
2019-09-25 04:49:21,481 [pool-37-thread-1] INFO  server.RaftServerConfigKeys (ConfUtils.java:logGet(43)) - raft.server.log.statemachine.data.sync.timeout.retry = -1 (default)
2019-09-25 04:49:21,481 [pool-37-thread-1] INFO  server.RaftServerConfigKeys (ConfUtils.java:logGet(43)) - raft.server.log.statemachine.data.caching.enabled = true (custom)
2019-09-25 04:49:21,482 [pool-37-thread-1] INFO  segmented.SegmentedRaftLogWorker (SegmentedRaftLogWorker.java:lambda$new$0(132)) - ef17bb0f-3839-4724-ad21-94b92a6e25d3@group-E117720F5E0E-SegmentedRaftLogWorker: flushIndex: setUnconditionally 0 -> -1
2019-09-25 04:49:21,482 [pool-37-thread-1] INFO  server.RaftServerConfigKeys (ConfUtils.java:logGet(43)) - raft.server.snapshot.auto.trigger.enabled = true (custom)
2019-09-25 04:49:21,482 [pool-37-thread-1] INFO  server.RaftServerConfigKeys (ConfUtils.java:logGet(43)) - raft.server.snapshot.auto.trigger.threshold = 10000 (custom)
2019-09-25 04:49:21,482 [pool-37-thread-1] INFO  server.RaftServerConfigKeys (ConfUtils.java:logGet(43)) - raft.server.snapshot.retention.num.files = 5 (custom)
2019-09-25 04:49:21,482 [pool-37-thread-1] INFO  server.RaftServerConfigKeys (ConfUtils.java:logGet(43)) - raft.server.retrycache.expirytime = 600000ms (custom)
2019-09-25 04:49:21,484 [pool-37-thread-1] INFO  impl.RaftServerImpl (RaftServerImpl.java:start(185)) - ef17bb0f-3839-4724-ad21-94b92a6e25d3@group-E117720F5E0E: start as a follower, conf=-1: [ef17bb0f-3839-4724-ad21-94b92a6e25d3:192.168.164.207:40519], old=null
2019-09-25 04:49:21,484 [pool-37-thread-1] INFO  impl.RaftServerImpl (RaftServerImpl.java:setRole(174)) - ef17bb0f-3839-4724-ad21-94b92a6e25d3@group-E117720F5E0E: changes role from      null to FOLLOWER at term 0 for startAsFollower
2019-09-25 04:49:21,485 [pool-37-thread-1] INFO  impl.RoleInfo (RoleInfo.java:updateAndGet(143)) - ef17bb0f-3839-4724-ad21-94b92a6e25d3: start FollowerState
2019-09-25 04:49:21,485 [pool-37-thread-1] INFO  util.JmxRegister (JmxRegister.java:tryRegister(44)) - Successfully registered JMX Bean with object name Ratis:service=RaftServer,group=group-E117720F5E0E,id=ef17bb0f-3839-4724-ad21-94b92a6e25d3
2019-09-25 04:49:21,493 [RatisPipelineUtilsThread] INFO  pipeline.PipelineStateManager (PipelineStateManager.java:addPipeline(56)) - Created pipeline Pipeline[ Id: 2dd24566-b0b0-4ece-bb02-e117720f5e0e, Nodes: ef17bb0f-3839-4724-ad21-94b92a6e25d3{ip: 192.168.164.207, host: pr-hdds-1569-s44lr-3492059363, networkLocation: /default-rack, certSerialId: null}, Type:RATIS, Factor:ONE, State:OPEN]
2019-09-25 04:49:21,493 [RatisPipelineUtilsThread] INFO  pipeline.PipelinePlacementPolicy (PipelinePlacementPolicy.java:meetCriteria(91)) - Pipeline Placement: can't place more pipeline on heavy datanode： 4900d303-9ac7-4a86-9389-d77749add813 Heaviness: 6 limit: 5
2019-09-25 04:49:21,493 [RatisPipelineUtilsThread] INFO  pipeline.PipelinePlacementPolicy (PipelinePlacementPolicy.java:meetCriteria(91)) - Pipeline Placement: can't place more pipeline on heavy datanode： 0deae85c-a16a-4311-a0af-934f501df2cc Heaviness: 6 limit: 5
2019-09-25 04:49:21,516 [grpc-default-executor-1] INFO  impl.RaftServerProxy (RaftServerProxy.java:addNew(89)) - 4a0ae61b-4689-46eb-b962-7605c7f95abd: addNew group-E5497BECB1A6:[4a0ae61b-4689-46eb-b962-7605c7f95abd:192.168.164.207:41419] returns group-E5497BECB1A6:java.util.concurrent.CompletableFuture@4de0f09e[Not completed]
2019-09-25 04:49:21,517 [pool-97-thread-1] INFO  impl.RaftServerImpl (RaftServerImpl.java:<init>(95)) - 4a0ae61b-4689-46eb-b962-7605c7f95abd: new RaftServerImpl for group-E5497BECB1A6:[4a0ae61b-4689-46eb-b962-7605c7f95abd:192.168.164.207:41419] with ContainerStateMachine:uninitialized
2019-09-25 04:49:21,518 [pool-97-thread-1] INFO  server.RaftServerConfigKeys (ConfUtils.java:logGet(43)) - raft.server.rpc.timeout.min = 1s (custom)
2019-09-25 04:49:21,518 [pool-97-thread-1] INFO  server.RaftServerConfigKeys (ConfUtils.java:logGet(43)) - raft.server.rpc.timeout.max = 1200ms (custom)
2019-09-25 04:49:21,518 [pool-97-thread-1] INFO  server.RaftServerConfigKeys (ConfUtils.java:logGet(43)) - raft.server.rpcslowness.timeout = 120s (custom)
2019-09-25 04:49:21,518 [pool-97-thread-1] INFO  server.RaftServerConfigKeys (ConfUtils.java:logGet(43)) - raft.server.sleep.deviation.threshold = 300 (default)
2019-09-25 04:49:21,518 [pool-97-thread-1] INFO  server.RaftServerConfigKeys (ConfUtils.java:logGet(43)) - raft.server.log.appender.install.snapshot.enabled = false (custom)
2019-09-25 04:49:21,518 [pool-97-thread-1] INFO  impl.RaftServerImpl (ServerState.java:<init>(103)) - 4a0ae61b-4689-46eb-b962-7605c7f95abd@group-E5497BECB1A6: ConfigurationManager, init=-1: [4a0ae61b-4689-46eb-b962-7605c7f95abd:192.168.164.207:41419], old=null, confs=<EMPTY_MAP>
2019-09-25 04:49:21,519 [pool-97-thread-1] INFO  server.RaftServerConfigKeys (ConfUtils.java:logGet(43)) - raft.server.storage.dir = [/workdir/hadoop-ozone/integration-test/target/test-dir/MiniOzoneClusterImpl-73e7cd3e-72db-4213-b677-28bfbd198772/datanode-7/data/ratis] (custom)
2019-09-25 04:49:21,519 [pool-97-thread-1] INFO  storage.RaftStorageDirectory (RaftStorageDirectory.java:analyzeStorage(246)) - The storage directory /workdir/hadoop-ozone/integration-test/target/test-dir/MiniOzoneClusterImpl-73e7cd3e-72db-4213-b677-28bfbd198772/datanode-7/data/ratis/47e013a4-e0c1-40f5-916e-e5497becb1a6 does not exist. Creating ...
2019-09-25 04:49:21,532 [pool-97-thread-1] INFO  storage.RaftStorageDirectory (RaftStorageDirectory.java:tryLock(328)) - Lock on /workdir/hadoop-ozone/integration-test/target/test-dir/MiniOzoneClusterImpl-73e7cd3e-72db-4213-b677-28bfbd198772/datanode-7/data/ratis/47e013a4-e0c1-40f5-916e-e5497becb1a6/in_use.lock acquired by nodename 6977@pr-hdds-1569-s44lr-3492059363
2019-09-25 04:49:21,545 [pool-97-thread-1] INFO  storage.RaftStorage (RaftStorage.java:format(72)) - Storage directory /workdir/hadoop-ozone/integration-test/target/test-dir/MiniOzoneClusterImpl-73e7cd3e-72db-4213-b677-28bfbd198772/datanode-7/data/ratis/47e013a4-e0c1-40f5-916e-e5497becb1a6 has been successfully formatted.
2019-09-25 04:49:21,545 [pool-97-thread-1] INFO  ratis.ContainerStateMachine (ContainerStateMachine.java:loadSnapshot(230)) - group-E5497BECB1A6: The snapshot info is null. Setting the last applied indexto:(t:0, i:~)
2019-09-25 04:49:21,545 [pool-97-thread-1] INFO  server.RaftServerConfigKeys (ConfUtils.java:logGet(43)) - raft.server.notification.no-leader.timeout = 120s (custom)
2019-09-25 04:49:21,545 [pool-97-thread-1] INFO  server.RaftServerConfigKeys (ConfUtils.java:logGet(43)) - raft.server.log.use.memory = false (default)
2019-09-25 04:49:21,546 [pool-97-thread-1] INFO  server.RaftServerConfigKeys (ConfUtils.java:logGet(43)) - raft.server.log.purge.gap = 1000000 (custom)
2019-09-25 04:49:21,546 [pool-97-thread-1] INFO  server.RaftServerConfigKeys (ConfUtils.java:logGet(43)) - raft.server.log.appender.buffer.byte-limit = 33554432 (custom)
2019-09-25 04:49:21,546 [pool-97-thread-1] INFO  server.RaftServerConfigKeys (ConfUtils.java:logGet(43)) - raft.server.log.segment.size.max = 1048576 (custom)
2019-09-25 04:49:21,546 [pool-97-thread-1] INFO  server.RaftServerConfigKeys (ConfUtils.java:logGet(43)) - raft.server.log.segment.cache.num.max = 2 (custom)
2019-09-25 04:49:21,546 [pool-97-thread-1] INFO  segmented.SegmentedRaftLogWorker (SegmentedRaftLogWorker.java:<init>(172)) - new 4a0ae61b-4689-46eb-b962-7605c7f95abd@group-E5497BECB1A6-SegmentedRaftLogWorker for RaftStorage:Storage Directory /workdir/hadoop-ozone/integration-test/target/test-dir/MiniOzoneClusterImpl-73e7cd3e-72db-4213-b677-28bfbd198772/datanode-7/data/ratis/47e013a4-e0c1-40f5-916e-e5497becb1a6
2019-09-25 04:49:21,546 [pool-97-thread-1] INFO  server.RaftServerConfigKeys (ConfUtils.java:logGet(43)) - raft.server.log.queue.byte-limit = 2147483647 (custom)
2019-09-25 04:49:21,546 [pool-97-thread-1] INFO  server.RaftServerConfigKeys (ConfUtils.java:logGet(43)) - raft.server.log.queue.element-limit = 1024 (custom)
2019-09-25 04:49:21,547 [pool-97-thread-1] INFO  server.RaftServerConfigKeys (ConfUtils.java:logGet(43)) - raft.server.log.segment.size.max = 1048576 (custom)
2019-09-25 04:49:21,547 [pool-97-thread-1] INFO  server.RaftServerConfigKeys (ConfUtils.java:logGet(43)) - raft.server.log.preallocated.size = 16384 (custom)
2019-09-25 04:49:21,547 [pool-97-thread-1] INFO  server.RaftServerConfigKeys (ConfUtils.java:logGet(43)) - raft.server.log.write.buffer.size = 33554432 (custom)
2019-09-25 04:49:21,547 [pool-97-thread-1] INFO  server.RaftServerConfigKeys (ConfUtils.java:logGet(43)) - raft.server.log.force.sync.num = 128 (default)
2019-09-25 04:49:21,547 [pool-97-thread-1] INFO  server.RaftServerConfigKeys (ConfUtils.java:logGet(43)) - raft.server.log.statemachine.data.sync = true (default)
2019-09-25 04:49:21,547 [pool-97-thread-1] INFO  server.RaftServerConfigKeys (ConfUtils.java:logGet(43)) - raft.server.log.statemachine.data.sync.timeout = 10s (default)
2019-09-25 04:49:21,547 [pool-97-thread-1] INFO  server.RaftServerConfigKeys (ConfUtils.java:logGet(43)) - raft.server.log.statemachine.data.sync.timeout.retry = -1 (default)
2019-09-25 04:49:21,548 [pool-97-thread-1] INFO  server.RaftServerConfigKeys (ConfUtils.java:logGet(43)) - raft.server.log.statemachine.data.caching.enabled = true (custom)
2019-09-25 04:49:21,548 [pool-97-thread-1] INFO  segmented.SegmentedRaftLogWorker (SegmentedRaftLogWorker.java:lambda$new$0(132)) - 4a0ae61b-4689-46eb-b962-7605c7f95abd@group-E5497BECB1A6-SegmentedRaftLogWorker: flushIndex: setUnconditionally 0 -> -1
2019-09-25 04:49:21,548 [pool-97-thread-1] INFO  server.RaftServerConfigKeys (ConfUtils.java:logGet(43)) - raft.server.snapshot.auto.trigger.enabled = true (custom)
2019-09-25 04:49:21,548 [pool-97-thread-1] INFO  server.RaftServerConfigKeys (ConfUtils.java:logGet(43)) - raft.server.snapshot.auto.trigger.threshold = 10000 (custom)
2019-09-25 04:49:21,548 [pool-97-thread-1] INFO  server.RaftServerConfigKeys (ConfUtils.java:logGet(43)) - raft.server.snapshot.retention.num.files = 5 (custom)
2019-09-25 04:49:21,549 [pool-97-thread-1] INFO  server.RaftServerConfigKeys (ConfUtils.java:logGet(43)) - raft.server.retrycache.expirytime = 600000ms (custom)
2019-09-25 04:49:21,551 [pool-97-thread-1] INFO  impl.RaftServerImpl (RaftServerImpl.java:start(185)) - 4a0ae61b-4689-46eb-b962-7605c7f95abd@group-E5497BECB1A6: start as a follower, conf=-1: [4a0ae61b-4689-46eb-b962-7605c7f95abd:192.168.164.207:41419], old=null
2019-09-25 04:49:21,551 [pool-97-thread-1] INFO  impl.RaftServerImpl (RaftServerImpl.java:setRole(174)) - 4a0ae61b-4689-46eb-b962-7605c7f95abd@group-E5497BECB1A6: changes role from      null to FOLLOWER at term 0 for startAsFollower
2019-09-25 04:49:21,551 [pool-97-thread-1] INFO  impl.RoleInfo (RoleInfo.java:updateAndGet(143)) - 4a0ae61b-4689-46eb-b962-7605c7f95abd: start FollowerState
2019-09-25 04:49:21,551 [pool-97-thread-1] INFO  util.JmxRegister (JmxRegister.java:tryRegister(44)) - Successfully registered JMX Bean with object name Ratis:service=RaftServer,group=group-E5497BECB1A6,id=4a0ae61b-4689-46eb-b962-7605c7f95abd
2019-09-25 04:49:21,558 [RatisPipelineUtilsThread] INFO  pipeline.PipelineStateManager (PipelineStateManager.java:addPipeline(56)) - Created pipeline Pipeline[ Id: 47e013a4-e0c1-40f5-916e-e5497becb1a6, Nodes: 4a0ae61b-4689-46eb-b962-7605c7f95abd{ip: 192.168.164.207, host: pr-hdds-1569-s44lr-3492059363, networkLocation: /default-rack, certSerialId: null}, Type:RATIS, Factor:ONE, State:OPEN]
2019-09-25 04:49:21,559 [RatisPipelineUtilsThread] INFO  pipeline.PipelinePlacementPolicy (PipelinePlacementPolicy.java:meetCriteria(91)) - Pipeline Placement: can't place more pipeline on heavy datanode： 4900d303-9ac7-4a86-9389-d77749add813 Heaviness: 6 limit: 5
2019-09-25 04:49:21,559 [RatisPipelineUtilsThread] INFO  pipeline.PipelinePlacementPolicy (PipelinePlacementPolicy.java:meetCriteria(91)) - Pipeline Placement: can't place more pipeline on heavy datanode： 0deae85c-a16a-4311-a0af-934f501df2cc Heaviness: 6 limit: 5
2019-09-25 04:49:21,574 [Thread-395] INFO  impl.FollowerState (FollowerState.java:run(106)) - ef17bb0f-3839-4724-ad21-94b92a6e25d3:group-2DE716751434 changes to CANDIDATE, lastRpcTime:1099, electionTimeout:1099ms
2019-09-25 04:49:21,574 [Thread-395] INFO  impl.RoleInfo (RoleInfo.java:shutdownFollowerState(121)) - ef17bb0f-3839-4724-ad21-94b92a6e25d3: shutdown FollowerState
2019-09-25 04:49:21,585 [Thread-395] INFO  impl.RaftServerImpl (RaftServerImpl.java:setRole(174)) - ef17bb0f-3839-4724-ad21-94b92a6e25d3@group-2DE716751434: changes role from  FOLLOWER to CANDIDATE at term 0 for changeToCandidate
2019-09-25 04:49:21,586 [Thread-395] INFO  impl.RoleInfo (RoleInfo.java:updateAndGet(143)) - ef17bb0f-3839-4724-ad21-94b92a6e25d3: start LeaderElection
2019-09-25 04:49:21,612 [ef17bb0f-3839-4724-ad21-94b92a6e25d3@group-2DE716751434:LeaderElection22] INFO  impl.LeaderElection (LeaderElection.java:askForVotes(182)) - ef17bb0f-3839-4724-ad21-94b92a6e25d3@group-2DE716751434:LeaderElection22: begin an election at term 1 for -1: [ef17bb0f-3839-4724-ad21-94b92a6e25d3:192.168.164.207:40519], old=null
2019-09-25 04:49:21,613 [ef17bb0f-3839-4724-ad21-94b92a6e25d3@group-2DE716751434:LeaderElection22] INFO  impl.RoleInfo (RoleInfo.java:shutdownLeaderElection(134)) - ef17bb0f-3839-4724-ad21-94b92a6e25d3: shutdown LeaderElection
2019-09-25 04:49:21,613 [ef17bb0f-3839-4724-ad21-94b92a6e25d3@group-2DE716751434:LeaderElection22] INFO  impl.RaftServerImpl (RaftServerImpl.java:setRole(174)) - ef17bb0f-3839-4724-ad21-94b92a6e25d3@group-2DE716751434: changes role from CANDIDATE to LEADER at term 1 for changeToLeader
2019-09-25 04:49:21,613 [ef17bb0f-3839-4724-ad21-94b92a6e25d3@group-2DE716751434:LeaderElection22] INFO  impl.RaftServerImpl (ServerState.java:setLeader(253)) - ef17bb0f-3839-4724-ad21-94b92a6e25d3@group-2DE716751434: change Leader from null to ef17bb0f-3839-4724-ad21-94b92a6e25d3 at term 1 for becomeLeader, leader elected after 1401ms
2019-09-25 04:49:21,613 [grpc-default-executor-1] INFO  impl.RaftServerProxy (RaftServerProxy.java:addNew(89)) - 2f00ca3a-f523-476d-a77d-69389bdf1595: addNew group-EB2CD53CE917:[2f00ca3a-f523-476d-a77d-69389bdf1595:192.168.164.207:39474] returns group-EB2CD53CE917:java.util.concurrent.CompletableFuture@681473b1[Not completed]
2019-09-25 04:49:21,613 [ef17bb0f-3839-4724-ad21-94b92a6e25d3@group-2DE716751434:LeaderElection22] INFO  server.RaftServerConfigKeys (ConfUtils.java:logGet(43)) - raft.server.staging.catchup.gap = 1000 (default)
2019-09-25 04:49:21,613 [ef17bb0f-3839-4724-ad21-94b92a6e25d3@group-2DE716751434:LeaderElection22] INFO  server.RaftServerConfigKeys (ConfUtils.java:logGet(43)) - raft.server.rpc.sleep.time = 25ms (default)
2019-09-25 04:49:21,614 [ef17bb0f-3839-4724-ad21-94b92a6e25d3@group-2DE716751434:LeaderElection22] INFO  server.RaftServerConfigKeys (ConfUtils.java:logGet(43)) - raft.server.write.element-limit = 4096 (default)
2019-09-25 04:49:21,614 [ef17bb0f-3839-4724-ad21-94b92a6e25d3@group-2DE716751434:LeaderElection22] INFO  server.RaftServerConfigKeys (ConfUtils.java:logGet(43)) - raft.server.watch.timeout = 10s (default)
2019-09-25 04:49:21,614 [ef17bb0f-3839-4724-ad21-94b92a6e25d3@group-2DE716751434:LeaderElection22] INFO  server.RaftServerConfigKeys (ConfUtils.java:logGet(43)) - raft.server.watch.timeout.denomination = 1s (default)
2019-09-25 04:49:21,614 [ef17bb0f-3839-4724-ad21-94b92a6e25d3@group-2DE716751434:LeaderElection22] INFO  server.RaftServerConfigKeys (ConfUtils.java:logGet(43)) - raft.server.watch.element-limit = 65536 (default)
2019-09-25 04:49:21,615 [pool-87-thread-1] INFO  impl.RaftServerImpl (RaftServerImpl.java:<init>(95)) - 2f00ca3a-f523-476d-a77d-69389bdf1595: new RaftServerImpl for group-EB2CD53CE917:[2f00ca3a-f523-476d-a77d-69389bdf1595:192.168.164.207:39474] with ContainerStateMachine:uninitialized
2019-09-25 04:49:21,615 [pool-87-thread-1] INFO  server.RaftServerConfigKeys (ConfUtils.java:logGet(43)) - raft.server.rpc.timeout.min = 1s (custom)
2019-09-25 04:49:21,615 [pool-87-thread-1] INFO  server.RaftServerConfigKeys (ConfUtils.java:logGet(43)) - raft.server.rpc.timeout.max = 1200ms (custom)
2019-09-25 04:49:21,615 [pool-87-thread-1] INFO  server.RaftServerConfigKeys (ConfUtils.java:logGet(43)) - raft.server.rpcslowness.timeout = 120s (custom)
2019-09-25 04:49:21,615 [pool-87-thread-1] INFO  server.RaftServerConfigKeys (ConfUtils.java:logGet(43)) - raft.server.sleep.deviation.threshold = 300 (default)
2019-09-25 04:49:21,616 [pool-87-thread-1] INFO  server.RaftServerConfigKeys (ConfUtils.java:logGet(43)) - raft.server.log.appender.install.snapshot.enabled = false (custom)
2019-09-25 04:49:21,616 [pool-87-thread-1] INFO  impl.RaftServerImpl (ServerState.java:<init>(103)) - 2f00ca3a-f523-476d-a77d-69389bdf1595@group-EB2CD53CE917: ConfigurationManager, init=-1: [2f00ca3a-f523-476d-a77d-69389bdf1595:192.168.164.207:39474], old=null, confs=<EMPTY_MAP>
2019-09-25 04:49:21,616 [pool-87-thread-1] INFO  server.RaftServerConfigKeys (ConfUtils.java:logGet(43)) - raft.server.storage.dir = [/workdir/hadoop-ozone/integration-test/target/test-dir/MiniOzoneClusterImpl-73e7cd3e-72db-4213-b677-28bfbd198772/datanode-6/data/ratis] (custom)
2019-09-25 04:49:21,616 [pool-87-thread-1] INFO  storage.RaftStorageDirectory (RaftStorageDirectory.java:analyzeStorage(246)) - The storage directory /workdir/hadoop-ozone/integration-test/target/test-dir/MiniOzoneClusterImpl-73e7cd3e-72db-4213-b677-28bfbd198772/datanode-6/data/ratis/16acfc2e-4611-4c08-bcdf-eb2cd53ce917 does not exist. Creating ...
2019-09-25 04:49:21,617 [ef17bb0f-3839-4724-ad21-94b92a6e25d3@group-2DE716751434:LeaderElection22] INFO  impl.RoleInfo (RoleInfo.java:updateAndGet(143)) - ef17bb0f-3839-4724-ad21-94b92a6e25d3: start LeaderState
2019-09-25 04:49:21,618 [ef17bb0f-3839-4724-ad21-94b92a6e25d3@group-2DE716751434:LeaderElection22] INFO  segmented.SegmentedRaftLogWorker (SegmentedRaftLogWorker.java:startLogSegment(380)) - ef17bb0f-3839-4724-ad21-94b92a6e25d3@group-2DE716751434-SegmentedRaftLogWorker: Starting segment from index:0
2019-09-25 04:49:21,618 [ef17bb0f-3839-4724-ad21-94b92a6e25d3@group-2DE716751434:LeaderElection22] INFO  impl.RaftServerImpl (ServerState.java:setRaftConf(354)) - ef17bb0f-3839-4724-ad21-94b92a6e25d3@group-2DE716751434: set configuration 0: [ef17bb0f-3839-4724-ad21-94b92a6e25d3:192.168.164.207:40519], old=null at 0
2019-09-25 04:49:21,651 [pool-87-thread-1] INFO  storage.RaftStorageDirectory (RaftStorageDirectory.java:tryLock(328)) - Lock on /workdir/hadoop-ozone/integration-test/target/test-dir/MiniOzoneClusterImpl-73e7cd3e-72db-4213-b677-28bfbd198772/datanode-6/data/ratis/16acfc2e-4611-4c08-bcdf-eb2cd53ce917/in_use.lock acquired by nodename 6977@pr-hdds-1569-s44lr-3492059363
2019-09-25 04:49:21,664 [ef17bb0f-3839-4724-ad21-94b92a6e25d3@group-2DE716751434-SegmentedRaftLogWorker] INFO  segmented.SegmentedRaftLogWorker (SegmentedRaftLogWorker.java:execute(569)) - ef17bb0f-3839-4724-ad21-94b92a6e25d3@group-2DE716751434-SegmentedRaftLogWorker: created new log segment /workdir/hadoop-ozone/integration-test/target/test-dir/MiniOzoneClusterImpl-73e7cd3e-72db-4213-b677-28bfbd198772/datanode-1/data/ratis/d6799ffa-19d8-49b6-b614-2de716751434/current/log_inprogress_0
2019-09-25 04:49:21,664 [pool-87-thread-1] INFO  storage.RaftStorage (RaftStorage.java:format(72)) - Storage directory /workdir/hadoop-ozone/integration-test/target/test-dir/MiniOzoneClusterImpl-73e7cd3e-72db-4213-b677-28bfbd198772/datanode-6/data/ratis/16acfc2e-4611-4c08-bcdf-eb2cd53ce917 has been successfully formatted.
2019-09-25 04:49:21,664 [pool-87-thread-1] INFO  ratis.ContainerStateMachine (ContainerStateMachine.java:loadSnapshot(230)) - group-EB2CD53CE917: The snapshot info is null. Setting the last applied indexto:(t:0, i:~)
2019-09-25 04:49:21,664 [pool-87-thread-1] INFO  server.RaftServerConfigKeys (ConfUtils.java:logGet(43)) - raft.server.notification.no-leader.timeout = 120s (custom)
2019-09-25 04:49:21,665 [pool-87-thread-1] INFO  server.RaftServerConfigKeys (ConfUtils.java:logGet(43)) - raft.server.log.use.memory = false (default)
2019-09-25 04:49:21,665 [pool-87-thread-1] INFO  server.RaftServerConfigKeys (ConfUtils.java:logGet(43)) - raft.server.log.purge.gap = 1000000 (custom)
2019-09-25 04:49:21,665 [pool-87-thread-1] INFO  server.RaftServerConfigKeys (ConfUtils.java:logGet(43)) - raft.server.log.appender.buffer.byte-limit = 33554432 (custom)
2019-09-25 04:49:21,665 [pool-87-thread-1] INFO  server.RaftServerConfigKeys (ConfUtils.java:logGet(43)) - raft.server.log.segment.size.max = 1048576 (custom)
2019-09-25 04:49:21,665 [pool-87-thread-1] INFO  server.RaftServerConfigKeys (ConfUtils.java:logGet(43)) - raft.server.log.segment.cache.num.max = 2 (custom)
2019-09-25 04:49:21,665 [pool-87-thread-1] INFO  segmented.SegmentedRaftLogWorker (SegmentedRaftLogWorker.java:<init>(172)) - new 2f00ca3a-f523-476d-a77d-69389bdf1595@group-EB2CD53CE917-SegmentedRaftLogWorker for RaftStorage:Storage Directory /workdir/hadoop-ozone/integration-test/target/test-dir/MiniOzoneClusterImpl-73e7cd3e-72db-4213-b677-28bfbd198772/datanode-6/data/ratis/16acfc2e-4611-4c08-bcdf-eb2cd53ce917
2019-09-25 04:49:21,665 [pool-87-thread-1] INFO  server.RaftServerConfigKeys (ConfUtils.java:logGet(43)) - raft.server.log.queue.byte-limit = 2147483647 (custom)
2019-09-25 04:49:21,666 [pool-87-thread-1] INFO  server.RaftServerConfigKeys (ConfUtils.java:logGet(43)) - raft.server.log.queue.element-limit = 1024 (custom)
2019-09-25 04:49:21,666 [pool-87-thread-1] INFO  server.RaftServerConfigKeys (ConfUtils.java:logGet(43)) - raft.server.log.segment.size.max = 1048576 (custom)
2019-09-25 04:49:21,666 [pool-87-thread-1] INFO  server.RaftServerConfigKeys (ConfUtils.java:logGet(43)) - raft.server.log.preallocated.size = 16384 (custom)
2019-09-25 04:49:21,666 [pool-87-thread-1] INFO  server.RaftServerConfigKeys (ConfUtils.java:logGet(43)) - raft.server.log.write.buffer.size = 33554432 (custom)
2019-09-25 04:49:21,666 [pool-87-thread-1] INFO  server.RaftServerConfigKeys (ConfUtils.java:logGet(43)) - raft.server.log.force.sync.num = 128 (default)
2019-09-25 04:49:21,666 [pool-87-thread-1] INFO  server.RaftServerConfigKeys (ConfUtils.java:logGet(43)) - raft.server.log.statemachine.data.sync = true (default)
2019-09-25 04:49:21,666 [pool-87-thread-1] INFO  server.RaftServerConfigKeys (ConfUtils.java:logGet(43)) - raft.server.log.statemachine.data.sync.timeout = 10s (default)
2019-09-25 04:49:21,666 [pool-87-thread-1] INFO  server.RaftServerConfigKeys (ConfUtils.java:logGet(43)) - raft.server.log.statemachine.data.sync.timeout.retry = -1 (default)
2019-09-25 04:49:21,667 [pool-87-thread-1] INFO  server.RaftServerConfigKeys (ConfUtils.java:logGet(43)) - raft.server.log.statemachine.data.caching.enabled = true (custom)
2019-09-25 04:49:21,667 [pool-87-thread-1] INFO  segmented.SegmentedRaftLogWorker (SegmentedRaftLogWorker.java:lambda$new$0(132)) - 2f00ca3a-f523-476d-a77d-69389bdf1595@group-EB2CD53CE917-SegmentedRaftLogWorker: flushIndex: setUnconditionally 0 -> -1
2019-09-25 04:49:21,667 [pool-87-thread-1] INFO  server.RaftServerConfigKeys (ConfUtils.java:logGet(43)) - raft.server.snapshot.auto.trigger.enabled = true (custom)
2019-09-25 04:49:21,667 [pool-87-thread-1] INFO  server.RaftServerConfigKeys (ConfUtils.java:logGet(43)) - raft.server.snapshot.auto.trigger.threshold = 10000 (custom)
2019-09-25 04:49:21,667 [pool-87-thread-1] INFO  server.RaftServerConfigKeys (ConfUtils.java:logGet(43)) - raft.server.snapshot.retention.num.files = 5 (custom)
2019-09-25 04:49:21,668 [pool-87-thread-1] INFO  server.RaftServerConfigKeys (ConfUtils.java:logGet(43)) - raft.server.retrycache.expirytime = 600000ms (custom)
2019-09-25 04:49:21,670 [pool-87-thread-1] INFO  impl.RaftServerImpl (RaftServerImpl.java:start(185)) - 2f00ca3a-f523-476d-a77d-69389bdf1595@group-EB2CD53CE917: start as a follower, conf=-1: [2f00ca3a-f523-476d-a77d-69389bdf1595:192.168.164.207:39474], old=null
2019-09-25 04:49:21,670 [pool-87-thread-1] INFO  impl.RaftServerImpl (RaftServerImpl.java:setRole(174)) - 2f00ca3a-f523-476d-a77d-69389bdf1595@group-EB2CD53CE917: changes role from      null to FOLLOWER at term 0 for startAsFollower
2019-09-25 04:49:21,670 [pool-87-thread-1] INFO  impl.RoleInfo (RoleInfo.java:updateAndGet(143)) - 2f00ca3a-f523-476d-a77d-69389bdf1595: start FollowerState
2019-09-25 04:49:21,682 [pool-87-thread-1] INFO  util.JmxRegister (JmxRegister.java:tryRegister(44)) - Successfully registered JMX Bean with object name Ratis:service=RaftServer,group=group-EB2CD53CE917,id=2f00ca3a-f523-476d-a77d-69389bdf1595
2019-09-25 04:49:21,705 [RatisPipelineUtilsThread] INFO  pipeline.PipelineStateManager (PipelineStateManager.java:addPipeline(56)) - Created pipeline Pipeline[ Id: 16acfc2e-4611-4c08-bcdf-eb2cd53ce917, Nodes: 2f00ca3a-f523-476d-a77d-69389bdf1595{ip: 192.168.164.207, host: pr-hdds-1569-s44lr-3492059363, networkLocation: /default-rack, certSerialId: null}, Type:RATIS, Factor:ONE, State:OPEN]
2019-09-25 04:49:21,706 [RatisPipelineUtilsThread] INFO  pipeline.PipelinePlacementPolicy (PipelinePlacementPolicy.java:meetCriteria(91)) - Pipeline Placement: can't place more pipeline on heavy datanode： 4900d303-9ac7-4a86-9389-d77749add813 Heaviness: 6 limit: 5
2019-09-25 04:49:21,706 [RatisPipelineUtilsThread] INFO  pipeline.PipelinePlacementPolicy (PipelinePlacementPolicy.java:meetCriteria(91)) - Pipeline Placement: can't place more pipeline on heavy datanode： 0deae85c-a16a-4311-a0af-934f501df2cc Heaviness: 6 limit: 5
2019-09-25 04:49:21,712 [grpc-default-executor-1] INFO  impl.RaftServerProxy (RaftServerProxy.java:addNew(89)) - 4a0ae61b-4689-46eb-b962-7605c7f95abd: addNew group-C98EB7103EA0:[4a0ae61b-4689-46eb-b962-7605c7f95abd:192.168.164.207:41419] returns group-C98EB7103EA0:java.util.concurrent.CompletableFuture@7f7631b9[Not completed]
2019-09-25 04:49:21,713 [pool-97-thread-1] INFO  impl.RaftServerImpl (RaftServerImpl.java:<init>(95)) - 4a0ae61b-4689-46eb-b962-7605c7f95abd: new RaftServerImpl for group-C98EB7103EA0:[4a0ae61b-4689-46eb-b962-7605c7f95abd:192.168.164.207:41419] with ContainerStateMachine:uninitialized
2019-09-25 04:49:21,713 [pool-97-thread-1] INFO  server.RaftServerConfigKeys (ConfUtils.java:logGet(43)) - raft.server.rpc.timeout.min = 1s (custom)
2019-09-25 04:49:21,714 [pool-97-thread-1] INFO  server.RaftServerConfigKeys (ConfUtils.java:logGet(43)) - raft.server.rpc.timeout.max = 1200ms (custom)
2019-09-25 04:49:21,714 [pool-97-thread-1] INFO  server.RaftServerConfigKeys (ConfUtils.java:logGet(43)) - raft.server.rpcslowness.timeout = 120s (custom)
2019-09-25 04:49:21,714 [pool-97-thread-1] INFO  server.RaftServerConfigKeys (ConfUtils.java:logGet(43)) - raft.server.sleep.deviation.threshold = 300 (default)
2019-09-25 04:49:21,714 [pool-97-thread-1] INFO  server.RaftServerConfigKeys (ConfUtils.java:logGet(43)) - raft.server.log.appender.install.snapshot.enabled = false (custom)
2019-09-25 04:49:21,714 [pool-97-thread-1] INFO  impl.RaftServerImpl (ServerState.java:<init>(103)) - 4a0ae61b-4689-46eb-b962-7605c7f95abd@group-C98EB7103EA0: ConfigurationManager, init=-1: [4a0ae61b-4689-46eb-b962-7605c7f95abd:192.168.164.207:41419], old=null, confs=<EMPTY_MAP>
2019-09-25 04:49:21,714 [pool-97-thread-1] INFO  server.RaftServerConfigKeys (ConfUtils.java:logGet(43)) - raft.server.storage.dir = [/workdir/hadoop-ozone/integration-test/target/test-dir/MiniOzoneClusterImpl-73e7cd3e-72db-4213-b677-28bfbd198772/datanode-7/data/ratis] (custom)
2019-09-25 04:49:21,715 [pool-97-thread-1] INFO  storage.RaftStorageDirectory (RaftStorageDirectory.java:analyzeStorage(246)) - The storage directory /workdir/hadoop-ozone/integration-test/target/test-dir/MiniOzoneClusterImpl-73e7cd3e-72db-4213-b677-28bfbd198772/datanode-7/data/ratis/acdbed15-b49e-4116-b158-c98eb7103ea0 does not exist. Creating ...
2019-09-25 04:49:21,727 [pool-97-thread-1] INFO  storage.RaftStorageDirectory (RaftStorageDirectory.java:tryLock(328)) - Lock on /workdir/hadoop-ozone/integration-test/target/test-dir/MiniOzoneClusterImpl-73e7cd3e-72db-4213-b677-28bfbd198772/datanode-7/data/ratis/acdbed15-b49e-4116-b158-c98eb7103ea0/in_use.lock acquired by nodename 6977@pr-hdds-1569-s44lr-3492059363
2019-09-25 04:49:21,740 [pool-97-thread-1] INFO  storage.RaftStorage (RaftStorage.java:format(72)) - Storage directory /workdir/hadoop-ozone/integration-test/target/test-dir/MiniOzoneClusterImpl-73e7cd3e-72db-4213-b677-28bfbd198772/datanode-7/data/ratis/acdbed15-b49e-4116-b158-c98eb7103ea0 has been successfully formatted.
2019-09-25 04:49:21,740 [pool-97-thread-1] INFO  ratis.ContainerStateMachine (ContainerStateMachine.java:loadSnapshot(230)) - group-C98EB7103EA0: The snapshot info is null. Setting the last applied indexto:(t:0, i:~)
2019-09-25 04:49:21,741 [pool-97-thread-1] INFO  server.RaftServerConfigKeys (ConfUtils.java:logGet(43)) - raft.server.notification.no-leader.timeout = 120s (custom)
2019-09-25 04:49:21,741 [pool-97-thread-1] INFO  server.RaftServerConfigKeys (ConfUtils.java:logGet(43)) - raft.server.log.use.memory = false (default)
2019-09-25 04:49:21,741 [pool-97-thread-1] INFO  server.RaftServerConfigKeys (ConfUtils.java:logGet(43)) - raft.server.log.purge.gap = 1000000 (custom)
2019-09-25 04:49:21,741 [pool-97-thread-1] INFO  server.RaftServerConfigKeys (ConfUtils.java:logGet(43)) - raft.server.log.appender.buffer.byte-limit = 33554432 (custom)
2019-09-25 04:49:21,741 [pool-97-thread-1] INFO  server.RaftServerConfigKeys (ConfUtils.java:logGet(43)) - raft.server.log.segment.size.max = 1048576 (custom)
2019-09-25 04:49:21,741 [pool-97-thread-1] INFO  server.RaftServerConfigKeys (ConfUtils.java:logGet(43)) - raft.server.log.segment.cache.num.max = 2 (custom)
2019-09-25 04:49:21,741 [pool-97-thread-1] INFO  segmented.SegmentedRaftLogWorker (SegmentedRaftLogWorker.java:<init>(172)) - new 4a0ae61b-4689-46eb-b962-7605c7f95abd@group-C98EB7103EA0-SegmentedRaftLogWorker for RaftStorage:Storage Directory /workdir/hadoop-ozone/integration-test/target/test-dir/MiniOzoneClusterImpl-73e7cd3e-72db-4213-b677-28bfbd198772/datanode-7/data/ratis/acdbed15-b49e-4116-b158-c98eb7103ea0
2019-09-25 04:49:21,741 [Thread-398] INFO  impl.FollowerState (FollowerState.java:run(106)) - eccaf005-8169-4dfc-be1f-8981a011c66c:group-0BE3DF9EFA88 changes to CANDIDATE, lastRpcTime:1128, electionTimeout:1128ms
2019-09-25 04:49:21,742 [pool-97-thread-1] INFO  server.RaftServerConfigKeys (ConfUtils.java:logGet(43)) - raft.server.log.queue.byte-limit = 2147483647 (custom)
2019-09-25 04:49:21,742 [Thread-398] INFO  impl.RoleInfo (RoleInfo.java:shutdownFollowerState(121)) - eccaf005-8169-4dfc-be1f-8981a011c66c: shutdown FollowerState
2019-09-25 04:49:21,742 [pool-97-thread-1] INFO  server.RaftServerConfigKeys (ConfUtils.java:logGet(43)) - raft.server.log.queue.element-limit = 1024 (custom)
2019-09-25 04:49:21,742 [Thread-398] INFO  impl.RaftServerImpl (RaftServerImpl.java:setRole(174)) - eccaf005-8169-4dfc-be1f-8981a011c66c@group-0BE3DF9EFA88: changes role from  FOLLOWER to CANDIDATE at term 0 for changeToCandidate
2019-09-25 04:49:21,742 [pool-97-thread-1] INFO  server.RaftServerConfigKeys (ConfUtils.java:logGet(43)) - raft.server.log.segment.size.max = 1048576 (custom)
2019-09-25 04:49:21,742 [pool-97-thread-1] INFO  server.RaftServerConfigKeys (ConfUtils.java:logGet(43)) - raft.server.log.preallocated.size = 16384 (custom)
2019-09-25 04:49:21,742 [Thread-398] INFO  impl.RoleInfo (RoleInfo.java:updateAndGet(143)) - eccaf005-8169-4dfc-be1f-8981a011c66c: start LeaderElection
2019-09-25 04:49:21,742 [pool-97-thread-1] INFO  server.RaftServerConfigKeys (ConfUtils.java:logGet(43)) - raft.server.log.write.buffer.size = 33554432 (custom)
2019-09-25 04:49:21,743 [pool-97-thread-1] INFO  server.RaftServerConfigKeys (ConfUtils.java:logGet(43)) - raft.server.log.force.sync.num = 128 (default)
2019-09-25 04:49:21,743 [pool-97-thread-1] INFO  server.RaftServerConfigKeys (ConfUtils.java:logGet(43)) - raft.server.log.statemachine.data.sync = true (default)
2019-09-25 04:49:21,747 [pool-97-thread-1] INFO  server.RaftServerConfigKeys (ConfUtils.java:logGet(43)) - raft.server.log.statemachine.data.sync.timeout = 10s (default)
2019-09-25 04:49:21,751 [pool-97-thread-1] INFO  server.RaftServerConfigKeys (ConfUtils.java:logGet(43)) - raft.server.log.statemachine.data.sync.timeout.retry = -1 (default)
2019-09-25 04:49:21,751 [pool-97-thread-1] INFO  server.RaftServerConfigKeys (ConfUtils.java:logGet(43)) - raft.server.log.statemachine.data.caching.enabled = true (custom)
2019-09-25 04:49:21,751 [pool-97-thread-1] INFO  segmented.SegmentedRaftLogWorker (SegmentedRaftLogWorker.java:lambda$new$0(132)) - 4a0ae61b-4689-46eb-b962-7605c7f95abd@group-C98EB7103EA0-SegmentedRaftLogWorker: flushIndex: setUnconditionally 0 -> -1
2019-09-25 04:49:21,752 [pool-97-thread-1] INFO  server.RaftServerConfigKeys (ConfUtils.java:logGet(43)) - raft.server.snapshot.auto.trigger.enabled = true (custom)
2019-09-25 04:49:21,752 [pool-97-thread-1] INFO  server.RaftServerConfigKeys (ConfUtils.java:logGet(43)) - raft.server.snapshot.auto.trigger.threshold = 10000 (custom)
2019-09-25 04:49:21,752 [pool-97-thread-1] INFO  server.RaftServerConfigKeys (ConfUtils.java:logGet(43)) - raft.server.snapshot.retention.num.files = 5 (custom)
2019-09-25 04:49:21,752 [pool-97-thread-1] INFO  server.RaftServerConfigKeys (ConfUtils.java:logGet(43)) - raft.server.retrycache.expirytime = 600000ms (custom)
2019-09-25 04:49:21,754 [pool-97-thread-1] INFO  impl.RaftServerImpl (RaftServerImpl.java:start(185)) - 4a0ae61b-4689-46eb-b962-7605c7f95abd@group-C98EB7103EA0: start as a follower, conf=-1: [4a0ae61b-4689-46eb-b962-7605c7f95abd:192.168.164.207:41419], old=null
2019-09-25 04:49:21,754 [pool-97-thread-1] INFO  impl.RaftServerImpl (RaftServerImpl.java:setRole(174)) - 4a0ae61b-4689-46eb-b962-7605c7f95abd@group-C98EB7103EA0: changes role from      null to FOLLOWER at term 0 for startAsFollower
2019-09-25 04:49:21,754 [pool-97-thread-1] INFO  impl.RoleInfo (RoleInfo.java:updateAndGet(143)) - 4a0ae61b-4689-46eb-b962-7605c7f95abd: start FollowerState
2019-09-25 04:49:21,755 [pool-97-thread-1] INFO  util.JmxRegister (JmxRegister.java:tryRegister(44)) - Successfully registered JMX Bean with object name Ratis:service=RaftServer,group=group-C98EB7103EA0,id=4a0ae61b-4689-46eb-b962-7605c7f95abd
2019-09-25 04:49:21,757 [RatisPipelineUtilsThread] INFO  pipeline.PipelineStateManager (PipelineStateManager.java:addPipeline(56)) - Created pipeline Pipeline[ Id: acdbed15-b49e-4116-b158-c98eb7103ea0, Nodes: 4a0ae61b-4689-46eb-b962-7605c7f95abd{ip: 192.168.164.207, host: pr-hdds-1569-s44lr-3492059363, networkLocation: /default-rack, certSerialId: null}, Type:RATIS, Factor:ONE, State:OPEN]
2019-09-25 04:49:21,757 [Thread-401] INFO  impl.FollowerState (FollowerState.java:run(106)) - 2f00ca3a-f523-476d-a77d-69389bdf1595:group-BD40B150A32E changes to CANDIDATE, lastRpcTime:1088, electionTimeout:1088ms
2019-09-25 04:49:21,758 [Thread-401] INFO  impl.RoleInfo (RoleInfo.java:shutdownFollowerState(121)) - 2f00ca3a-f523-476d-a77d-69389bdf1595: shutdown FollowerState
2019-09-25 04:49:21,758 [RatisPipelineUtilsThread] INFO  pipeline.PipelinePlacementPolicy (PipelinePlacementPolicy.java:meetCriteria(91)) - Pipeline Placement: can't place more pipeline on heavy datanode： 4900d303-9ac7-4a86-9389-d77749add813 Heaviness: 6 limit: 5
2019-09-25 04:49:21,758 [Thread-401] INFO  impl.RaftServerImpl (RaftServerImpl.java:setRole(174)) - 2f00ca3a-f523-476d-a77d-69389bdf1595@group-BD40B150A32E: changes role from  FOLLOWER to CANDIDATE at term 0 for changeToCandidate
2019-09-25 04:49:21,758 [RatisPipelineUtilsThread] INFO  pipeline.PipelinePlacementPolicy (PipelinePlacementPolicy.java:meetCriteria(91)) - Pipeline Placement: can't place more pipeline on heavy datanode： 0deae85c-a16a-4311-a0af-934f501df2cc Heaviness: 6 limit: 5
2019-09-25 04:49:21,758 [Thread-401] INFO  impl.RoleInfo (RoleInfo.java:updateAndGet(143)) - 2f00ca3a-f523-476d-a77d-69389bdf1595: start LeaderElection
2019-09-25 04:49:21,768 [eccaf005-8169-4dfc-be1f-8981a011c66c@group-0BE3DF9EFA88:LeaderElection23] INFO  impl.LeaderElection (LeaderElection.java:askForVotes(182)) - eccaf005-8169-4dfc-be1f-8981a011c66c@group-0BE3DF9EFA88:LeaderElection23: begin an election at term 1 for -1: [eccaf005-8169-4dfc-be1f-8981a011c66c:192.168.164.207:46393], old=null
2019-09-25 04:49:21,768 [eccaf005-8169-4dfc-be1f-8981a011c66c@group-0BE3DF9EFA88:LeaderElection23] INFO  impl.RoleInfo (RoleInfo.java:shutdownLeaderElection(134)) - eccaf005-8169-4dfc-be1f-8981a011c66c: shutdown LeaderElection
2019-09-25 04:49:21,768 [eccaf005-8169-4dfc-be1f-8981a011c66c@group-0BE3DF9EFA88:LeaderElection23] INFO  impl.RaftServerImpl (RaftServerImpl.java:setRole(174)) - eccaf005-8169-4dfc-be1f-8981a011c66c@group-0BE3DF9EFA88: changes role from CANDIDATE to LEADER at term 1 for changeToLeader
2019-09-25 04:49:21,768 [eccaf005-8169-4dfc-be1f-8981a011c66c@group-0BE3DF9EFA88:LeaderElection23] INFO  impl.RaftServerImpl (ServerState.java:setLeader(253)) - eccaf005-8169-4dfc-be1f-8981a011c66c@group-0BE3DF9EFA88: change Leader from null to eccaf005-8169-4dfc-be1f-8981a011c66c at term 1 for becomeLeader, leader elected after 1165ms
2019-09-25 04:49:21,769 [eccaf005-8169-4dfc-be1f-8981a011c66c@group-0BE3DF9EFA88:LeaderElection23] INFO  server.RaftServerConfigKeys (ConfUtils.java:logGet(43)) - raft.server.staging.catchup.gap = 1000 (default)
2019-09-25 04:49:21,769 [eccaf005-8169-4dfc-be1f-8981a011c66c@group-0BE3DF9EFA88:LeaderElection23] INFO  server.RaftServerConfigKeys (ConfUtils.java:logGet(43)) - raft.server.rpc.sleep.time = 25ms (default)
2019-09-25 04:49:21,769 [eccaf005-8169-4dfc-be1f-8981a011c66c@group-0BE3DF9EFA88:LeaderElection23] INFO  server.RaftServerConfigKeys (ConfUtils.java:logGet(43)) - raft.server.write.element-limit = 4096 (default)
2019-09-25 04:49:21,769 [eccaf005-8169-4dfc-be1f-8981a011c66c@group-0BE3DF9EFA88:LeaderElection23] INFO  server.RaftServerConfigKeys (ConfUtils.java:logGet(43)) - raft.server.watch.timeout = 10s (default)
2019-09-25 04:49:21,770 [eccaf005-8169-4dfc-be1f-8981a011c66c@group-0BE3DF9EFA88:LeaderElection23] INFO  server.RaftServerConfigKeys (ConfUtils.java:logGet(43)) - raft.server.watch.timeout.denomination = 1s (default)
2019-09-25 04:49:21,770 [eccaf005-8169-4dfc-be1f-8981a011c66c@group-0BE3DF9EFA88:LeaderElection23] INFO  server.RaftServerConfigKeys (ConfUtils.java:logGet(43)) - raft.server.watch.element-limit = 65536 (default)
2019-09-25 04:49:21,772 [eccaf005-8169-4dfc-be1f-8981a011c66c@group-0BE3DF9EFA88:LeaderElection23] INFO  impl.RoleInfo (RoleInfo.java:updateAndGet(143)) - eccaf005-8169-4dfc-be1f-8981a011c66c: start LeaderState
2019-09-25 04:49:21,772 [eccaf005-8169-4dfc-be1f-8981a011c66c@group-0BE3DF9EFA88:LeaderElection23] INFO  segmented.SegmentedRaftLogWorker (SegmentedRaftLogWorker.java:startLogSegment(380)) - eccaf005-8169-4dfc-be1f-8981a011c66c@group-0BE3DF9EFA88-SegmentedRaftLogWorker: Starting segment from index:0
2019-09-25 04:49:21,773 [grpc-default-executor-1] INFO  impl.RaftServerProxy (RaftServerProxy.java:addNew(89)) - eccaf005-8169-4dfc-be1f-8981a011c66c: addNew group-8B1B5CF8C2DC:[eccaf005-8169-4dfc-be1f-8981a011c66c:192.168.164.207:46393] returns group-8B1B5CF8C2DC:java.util.concurrent.CompletableFuture@f15e423[Not completed]
2019-09-25 04:49:21,773 [eccaf005-8169-4dfc-be1f-8981a011c66c@group-0BE3DF9EFA88:LeaderElection23] INFO  impl.RaftServerImpl (ServerState.java:setRaftConf(354)) - eccaf005-8169-4dfc-be1f-8981a011c66c@group-0BE3DF9EFA88: set configuration 0: [eccaf005-8169-4dfc-be1f-8981a011c66c:192.168.164.207:46393], old=null at 0
2019-09-25 04:49:21,807 [Thread-404] INFO  impl.FollowerState (FollowerState.java:run(106)) - 4900d303-9ac7-4a86-9389-d77749add813:group-5C14C794F815 changes to CANDIDATE, lastRpcTime:1085, electionTimeout:1054ms
2019-09-25 04:49:21,807 [2f00ca3a-f523-476d-a77d-69389bdf1595@group-BD40B150A32E:LeaderElection24] INFO  impl.LeaderElection (LeaderElection.java:askForVotes(182)) - 2f00ca3a-f523-476d-a77d-69389bdf1595@group-BD40B150A32E:LeaderElection24: begin an election at term 1 for -1: [2f00ca3a-f523-476d-a77d-69389bdf1595:192.168.164.207:39474], old=null
2019-09-25 04:49:21,807 [Thread-404] INFO  impl.RoleInfo (RoleInfo.java:shutdownFollowerState(121)) - 4900d303-9ac7-4a86-9389-d77749add813: shutdown FollowerState
2019-09-25 04:49:21,807 [2f00ca3a-f523-476d-a77d-69389bdf1595@group-BD40B150A32E:LeaderElection24] INFO  impl.RoleInfo (RoleInfo.java:shutdownLeaderElection(134)) - 2f00ca3a-f523-476d-a77d-69389bdf1595: shutdown LeaderElection
2019-09-25 04:49:21,807 [Thread-404] INFO  impl.RaftServerImpl (RaftServerImpl.java:setRole(174)) - 4900d303-9ac7-4a86-9389-d77749add813@group-5C14C794F815: changes role from  FOLLOWER to CANDIDATE at term 0 for changeToCandidate
2019-09-25 04:49:21,807 [2f00ca3a-f523-476d-a77d-69389bdf1595@group-BD40B150A32E:LeaderElection24] INFO  impl.RaftServerImpl (RaftServerImpl.java:setRole(174)) - 2f00ca3a-f523-476d-a77d-69389bdf1595@group-BD40B150A32E: changes role from CANDIDATE to LEADER at term 1 for changeToLeader
2019-09-25 04:49:21,807 [Thread-404] INFO  impl.RoleInfo (RoleInfo.java:updateAndGet(143)) - 4900d303-9ac7-4a86-9389-d77749add813: start LeaderElection
2019-09-25 04:49:21,807 [2f00ca3a-f523-476d-a77d-69389bdf1595@group-BD40B150A32E:LeaderElection24] INFO  impl.RaftServerImpl (ServerState.java:setLeader(253)) - 2f00ca3a-f523-476d-a77d-69389bdf1595@group-BD40B150A32E: change Leader from null to 2f00ca3a-f523-476d-a77d-69389bdf1595 at term 1 for becomeLeader, leader elected after 1143ms
2019-09-25 04:49:21,808 [pool-67-thread-1] INFO  impl.RaftServerImpl (RaftServerImpl.java:<init>(95)) - eccaf005-8169-4dfc-be1f-8981a011c66c: new RaftServerImpl for group-8B1B5CF8C2DC:[eccaf005-8169-4dfc-be1f-8981a011c66c:192.168.164.207:46393] with ContainerStateMachine:uninitialized
2019-09-25 04:49:21,808 [2f00ca3a-f523-476d-a77d-69389bdf1595@group-BD40B150A32E:LeaderElection24] INFO  server.RaftServerConfigKeys (ConfUtils.java:logGet(43)) - raft.server.staging.catchup.gap = 1000 (default)
2019-09-25 04:49:21,808 [pool-67-thread-1] INFO  server.RaftServerConfigKeys (ConfUtils.java:logGet(43)) - raft.server.rpc.timeout.min = 1s (custom)
2019-09-25 04:49:21,811 [2f00ca3a-f523-476d-a77d-69389bdf1595@group-BD40B150A32E:LeaderElection24] INFO  server.RaftServerConfigKeys (ConfUtils.java:logGet(43)) - raft.server.rpc.sleep.time = 25ms (default)
2019-09-25 04:49:21,814 [pool-67-thread-1] INFO  server.RaftServerConfigKeys (ConfUtils.java:logGet(43)) - raft.server.rpc.timeout.max = 1200ms (custom)
2019-09-25 04:49:21,817 [2f00ca3a-f523-476d-a77d-69389bdf1595@group-BD40B150A32E:LeaderElection24] INFO  server.RaftServerConfigKeys (ConfUtils.java:logGet(43)) - raft.server.write.element-limit = 4096 (default)
2019-09-25 04:49:21,817 [pool-67-thread-1] INFO  server.RaftServerConfigKeys (ConfUtils.java:logGet(43)) - raft.server.rpcslowness.timeout = 120s (custom)
2019-09-25 04:49:21,817 [2f00ca3a-f523-476d-a77d-69389bdf1595@group-BD40B150A32E:LeaderElection24] INFO  server.RaftServerConfigKeys (ConfUtils.java:logGet(43)) - raft.server.watch.timeout = 10s (default)
2019-09-25 04:49:21,817 [pool-67-thread-1] INFO  server.RaftServerConfigKeys (ConfUtils.java:logGet(43)) - raft.server.sleep.deviation.threshold = 300 (default)
2019-09-25 04:49:21,818 [2f00ca3a-f523-476d-a77d-69389bdf1595@group-BD40B150A32E:LeaderElection24] INFO  server.RaftServerConfigKeys (ConfUtils.java:logGet(43)) - raft.server.watch.timeout.denomination = 1s (default)
2019-09-25 04:49:21,818 [pool-67-thread-1] INFO  server.RaftServerConfigKeys (ConfUtils.java:logGet(43)) - raft.server.log.appender.install.snapshot.enabled = false (custom)
2019-09-25 04:49:21,818 [2f00ca3a-f523-476d-a77d-69389bdf1595@group-BD40B150A32E:LeaderElection24] INFO  server.RaftServerConfigKeys (ConfUtils.java:logGet(43)) - raft.server.watch.element-limit = 65536 (default)
2019-09-25 04:49:21,818 [pool-67-thread-1] INFO  impl.RaftServerImpl (ServerState.java:<init>(103)) - eccaf005-8169-4dfc-be1f-8981a011c66c@group-8B1B5CF8C2DC: ConfigurationManager, init=-1: [eccaf005-8169-4dfc-be1f-8981a011c66c:192.168.164.207:46393], old=null, confs=<EMPTY_MAP>
2019-09-25 04:49:21,818 [pool-67-thread-1] INFO  server.RaftServerConfigKeys (ConfUtils.java:logGet(43)) - raft.server.storage.dir = [/workdir/hadoop-ozone/integration-test/target/test-dir/MiniOzoneClusterImpl-73e7cd3e-72db-4213-b677-28bfbd198772/datanode-4/data/ratis] (custom)
2019-09-25 04:49:21,818 [pool-67-thread-1] INFO  storage.RaftStorageDirectory (RaftStorageDirectory.java:analyzeStorage(246)) - The storage directory /workdir/hadoop-ozone/integration-test/target/test-dir/MiniOzoneClusterImpl-73e7cd3e-72db-4213-b677-28bfbd198772/datanode-4/data/ratis/c8c981a7-10da-479b-9fb8-8b1b5cf8c2dc does not exist. Creating ...
2019-09-25 04:49:21,820 [2f00ca3a-f523-476d-a77d-69389bdf1595@group-BD40B150A32E:LeaderElection24] INFO  impl.RoleInfo (RoleInfo.java:updateAndGet(143)) - 2f00ca3a-f523-476d-a77d-69389bdf1595: start LeaderState
2019-09-25 04:49:21,820 [2f00ca3a-f523-476d-a77d-69389bdf1595@group-BD40B150A32E:LeaderElection24] INFO  segmented.SegmentedRaftLogWorker (SegmentedRaftLogWorker.java:startLogSegment(380)) - 2f00ca3a-f523-476d-a77d-69389bdf1595@group-BD40B150A32E-SegmentedRaftLogWorker: Starting segment from index:0
2019-09-25 04:49:21,821 [2f00ca3a-f523-476d-a77d-69389bdf1595@group-BD40B150A32E:LeaderElection24] INFO  impl.RaftServerImpl (ServerState.java:setRaftConf(354)) - 2f00ca3a-f523-476d-a77d-69389bdf1595@group-BD40B150A32E: set configuration 0: [2f00ca3a-f523-476d-a77d-69389bdf1595:192.168.164.207:39474], old=null at 0
2019-09-25 04:49:21,850 [pool-67-thread-1] INFO  storage.RaftStorageDirectory (RaftStorageDirectory.java:tryLock(328)) - Lock on /workdir/hadoop-ozone/integration-test/target/test-dir/MiniOzoneClusterImpl-73e7cd3e-72db-4213-b677-28bfbd198772/datanode-4/data/ratis/c8c981a7-10da-479b-9fb8-8b1b5cf8c2dc/in_use.lock acquired by nodename 6977@pr-hdds-1569-s44lr-3492059363
2019-09-25 04:49:21,850 [Thread-407] INFO  impl.FollowerState (FollowerState.java:run(106)) - 4900d303-9ac7-4a86-9389-d77749add813:group-F870E4137921 changes to CANDIDATE, lastRpcTime:1076, electionTimeout:1052ms
2019-09-25 04:49:21,850 [Thread-410] INFO  impl.FollowerState (FollowerState.java:run(106)) - 4900d303-9ac7-4a86-9389-d77749add813:group-E85EAB672CF1 changes to CANDIDATE, lastRpcTime:1020, electionTimeout:1012ms
2019-09-25 04:49:21,850 [eccaf005-8169-4dfc-be1f-8981a011c66c@group-0BE3DF9EFA88-SegmentedRaftLogWorker] INFO  segmented.SegmentedRaftLogWorker (SegmentedRaftLogWorker.java:execute(569)) - eccaf005-8169-4dfc-be1f-8981a011c66c@group-0BE3DF9EFA88-SegmentedRaftLogWorker: created new log segment /workdir/hadoop-ozone/integration-test/target/test-dir/MiniOzoneClusterImpl-73e7cd3e-72db-4213-b677-28bfbd198772/datanode-4/data/ratis/fffb0ca7-e772-493a-bab4-0be3df9efa88/current/log_inprogress_0
2019-09-25 04:49:21,851 [4900d303-9ac7-4a86-9389-d77749add813@group-5C14C794F815:LeaderElection25] INFO  impl.LeaderElection (LeaderElection.java:askForVotes(182)) - 4900d303-9ac7-4a86-9389-d77749add813@group-5C14C794F815:LeaderElection25: begin an election at term 1 for -1: [4900d303-9ac7-4a86-9389-d77749add813:192.168.164.207:37431], old=null
2019-09-25 04:49:21,851 [Thread-410] INFO  impl.RoleInfo (RoleInfo.java:shutdownFollowerState(121)) - 4900d303-9ac7-4a86-9389-d77749add813: shutdown FollowerState
2019-09-25 04:49:21,850 [Thread-407] INFO  impl.RoleInfo (RoleInfo.java:shutdownFollowerState(121)) - 4900d303-9ac7-4a86-9389-d77749add813: shutdown FollowerState
2019-09-25 04:49:21,851 [Thread-410] INFO  impl.RaftServerImpl (RaftServerImpl.java:setRole(174)) - 4900d303-9ac7-4a86-9389-d77749add813@group-E85EAB672CF1: changes role from  FOLLOWER to CANDIDATE at term 0 for changeToCandidate
2019-09-25 04:49:21,851 [4900d303-9ac7-4a86-9389-d77749add813@group-5C14C794F815:LeaderElection25] INFO  impl.RoleInfo (RoleInfo.java:shutdownLeaderElection(134)) - 4900d303-9ac7-4a86-9389-d77749add813: shutdown LeaderElection
2019-09-25 04:49:21,851 [Thread-410] INFO  impl.RoleInfo (RoleInfo.java:updateAndGet(143)) - 4900d303-9ac7-4a86-9389-d77749add813: start LeaderElection
2019-09-25 04:49:21,851 [Thread-407] INFO  impl.RaftServerImpl (RaftServerImpl.java:setRole(174)) - 4900d303-9ac7-4a86-9389-d77749add813@group-F870E4137921: changes role from  FOLLOWER to CANDIDATE at term 0 for changeToCandidate
2019-09-25 04:49:21,851 [4900d303-9ac7-4a86-9389-d77749add813@group-5C14C794F815:LeaderElection25] INFO  impl.RaftServerImpl (RaftServerImpl.java:setRole(174)) - 4900d303-9ac7-4a86-9389-d77749add813@group-5C14C794F815: changes role from CANDIDATE to LEADER at term 1 for changeToLeader
2019-09-25 04:49:21,851 [Thread-407] INFO  impl.RoleInfo (RoleInfo.java:updateAndGet(143)) - 4900d303-9ac7-4a86-9389-d77749add813: start LeaderElection
2019-09-25 04:49:21,851 [4900d303-9ac7-4a86-9389-d77749add813@group-5C14C794F815:LeaderElection25] INFO  impl.RaftServerImpl (ServerState.java:setLeader(253)) - 4900d303-9ac7-4a86-9389-d77749add813@group-5C14C794F815: change Leader from null to 4900d303-9ac7-4a86-9389-d77749add813 at term 1 for becomeLeader, leader elected after 1135ms
2019-09-25 04:49:21,860 [4900d303-9ac7-4a86-9389-d77749add813@group-5C14C794F815:LeaderElection25] INFO  server.RaftServerConfigKeys (ConfUtils.java:logGet(43)) - raft.server.staging.catchup.gap = 1000 (default)
2019-09-25 04:49:21,864 [pool-67-thread-1] INFO  storage.RaftStorage (RaftStorage.java:format(72)) - Storage directory /workdir/hadoop-ozone/integration-test/target/test-dir/MiniOzoneClusterImpl-73e7cd3e-72db-4213-b677-28bfbd198772/datanode-4/data/ratis/c8c981a7-10da-479b-9fb8-8b1b5cf8c2dc has been successfully formatted.
2019-09-25 04:49:21,864 [2f00ca3a-f523-476d-a77d-69389bdf1595@group-BD40B150A32E-SegmentedRaftLogWorker] INFO  segmented.SegmentedRaftLogWorker (SegmentedRaftLogWorker.java:execute(569)) - 2f00ca3a-f523-476d-a77d-69389bdf1595@group-BD40B150A32E-SegmentedRaftLogWorker: created new log segment /workdir/hadoop-ozone/integration-test/target/test-dir/MiniOzoneClusterImpl-73e7cd3e-72db-4213-b677-28bfbd198772/datanode-6/data/ratis/c0bd2086-701f-489d-828a-bd40b150a32e/current/log_inprogress_0
2019-09-25 04:49:21,864 [4900d303-9ac7-4a86-9389-d77749add813@group-5C14C794F815:LeaderElection25] INFO  server.RaftServerConfigKeys (ConfUtils.java:logGet(43)) - raft.server.rpc.sleep.time = 25ms (default)
2019-09-25 04:49:21,865 [pool-67-thread-1] INFO  ratis.ContainerStateMachine (ContainerStateMachine.java:loadSnapshot(230)) - group-8B1B5CF8C2DC: The snapshot info is null. Setting the last applied indexto:(t:0, i:~)
2019-09-25 04:49:21,865 [4900d303-9ac7-4a86-9389-d77749add813@group-5C14C794F815:LeaderElection25] INFO  server.RaftServerConfigKeys (ConfUtils.java:logGet(43)) - raft.server.write.element-limit = 4096 (default)
2019-09-25 04:49:21,865 [pool-67-thread-1] INFO  server.RaftServerConfigKeys (ConfUtils.java:logGet(43)) - raft.server.notification.no-leader.timeout = 120s (custom)
2019-09-25 04:49:21,865 [4900d303-9ac7-4a86-9389-d77749add813@group-5C14C794F815:LeaderElection25] INFO  server.RaftServerConfigKeys (ConfUtils.java:logGet(43)) - raft.server.watch.timeout = 10s (default)
2019-09-25 04:49:21,865 [pool-67-thread-1] INFO  server.RaftServerConfigKeys (ConfUtils.java:logGet(43)) - raft.server.log.use.memory = false (default)
2019-09-25 04:49:21,866 [4900d303-9ac7-4a86-9389-d77749add813@group-5C14C794F815:LeaderElection25] INFO  server.RaftServerConfigKeys (ConfUtils.java:logGet(43)) - raft.server.watch.timeout.denomination = 1s (default)
2019-09-25 04:49:21,866 [pool-67-thread-1] INFO  server.RaftServerConfigKeys (ConfUtils.java:logGet(43)) - raft.server.log.purge.gap = 1000000 (custom)
2019-09-25 04:49:21,866 [4900d303-9ac7-4a86-9389-d77749add813@group-5C14C794F815:LeaderElection25] INFO  server.RaftServerConfigKeys (ConfUtils.java:logGet(43)) - raft.server.watch.element-limit = 65536 (default)
2019-09-25 04:49:21,866 [pool-67-thread-1] INFO  server.RaftServerConfigKeys (ConfUtils.java:logGet(43)) - raft.server.log.appender.buffer.byte-limit = 33554432 (custom)
2019-09-25 04:49:21,866 [pool-67-thread-1] INFO  server.RaftServerConfigKeys (ConfUtils.java:logGet(43)) - raft.server.log.segment.size.max = 1048576 (custom)
2019-09-25 04:49:21,867 [pool-67-thread-1] INFO  server.RaftServerConfigKeys (ConfUtils.java:logGet(43)) - raft.server.log.segment.cache.num.max = 2 (custom)
2019-09-25 04:49:21,867 [pool-67-thread-1] INFO  segmented.SegmentedRaftLogWorker (SegmentedRaftLogWorker.java:<init>(172)) - new eccaf005-8169-4dfc-be1f-8981a011c66c@group-8B1B5CF8C2DC-SegmentedRaftLogWorker for RaftStorage:Storage Directory /workdir/hadoop-ozone/integration-test/target/test-dir/MiniOzoneClusterImpl-73e7cd3e-72db-4213-b677-28bfbd198772/datanode-4/data/ratis/c8c981a7-10da-479b-9fb8-8b1b5cf8c2dc
2019-09-25 04:49:21,867 [pool-67-thread-1] INFO  server.RaftServerConfigKeys (ConfUtils.java:logGet(43)) - raft.server.log.queue.byte-limit = 2147483647 (custom)
2019-09-25 04:49:21,867 [pool-67-thread-1] INFO  server.RaftServerConfigKeys (ConfUtils.java:logGet(43)) - raft.server.log.queue.element-limit = 1024 (custom)
2019-09-25 04:49:21,867 [pool-67-thread-1] INFO  server.RaftServerConfigKeys (ConfUtils.java:logGet(43)) - raft.server.log.segment.size.max = 1048576 (custom)
2019-09-25 04:49:21,867 [pool-67-thread-1] INFO  server.RaftServerConfigKeys (ConfUtils.java:logGet(43)) - raft.server.log.preallocated.size = 16384 (custom)
2019-09-25 04:49:21,868 [pool-67-thread-1] INFO  server.RaftServerConfigKeys (ConfUtils.java:logGet(43)) - raft.server.log.write.buffer.size = 33554432 (custom)
2019-09-25 04:49:21,868 [pool-67-thread-1] INFO  server.RaftServerConfigKeys (ConfUtils.java:logGet(43)) - raft.server.log.force.sync.num = 128 (default)
2019-09-25 04:49:21,868 [pool-67-thread-1] INFO  server.RaftServerConfigKeys (ConfUtils.java:logGet(43)) - raft.server.log.statemachine.data.sync = true (default)
2019-09-25 04:49:21,868 [pool-67-thread-1] INFO  server.RaftServerConfigKeys (ConfUtils.java:logGet(43)) - raft.server.log.statemachine.data.sync.timeout = 10s (default)
2019-09-25 04:49:21,868 [pool-67-thread-1] INFO  server.RaftServerConfigKeys (ConfUtils.java:logGet(43)) - raft.server.log.statemachine.data.sync.timeout.retry = -1 (default)
2019-09-25 04:49:21,869 [pool-67-thread-1] INFO  server.RaftServerConfigKeys (ConfUtils.java:logGet(43)) - raft.server.log.statemachine.data.caching.enabled = true (custom)
2019-09-25 04:49:21,869 [4900d303-9ac7-4a86-9389-d77749add813@group-5C14C794F815:LeaderElection25] INFO  impl.RoleInfo (RoleInfo.java:updateAndGet(143)) - 4900d303-9ac7-4a86-9389-d77749add813: start LeaderState
2019-09-25 04:49:21,869 [pool-67-thread-1] INFO  segmented.SegmentedRaftLogWorker (SegmentedRaftLogWorker.java:lambda$new$0(132)) - eccaf005-8169-4dfc-be1f-8981a011c66c@group-8B1B5CF8C2DC-SegmentedRaftLogWorker: flushIndex: setUnconditionally 0 -> -1
2019-09-25 04:49:21,869 [4900d303-9ac7-4a86-9389-d77749add813@group-5C14C794F815:LeaderElection25] INFO  segmented.SegmentedRaftLogWorker (SegmentedRaftLogWorker.java:startLogSegment(380)) - 4900d303-9ac7-4a86-9389-d77749add813@group-5C14C794F815-SegmentedRaftLogWorker: Starting segment from index:0
2019-09-25 04:49:21,870 [pool-67-thread-1] INFO  server.RaftServerConfigKeys (ConfUtils.java:logGet(43)) - raft.server.snapshot.auto.trigger.enabled = true (custom)
2019-09-25 04:49:21,870 [pool-67-thread-1] INFO  server.RaftServerConfigKeys (ConfUtils.java:logGet(43)) - raft.server.snapshot.auto.trigger.threshold = 10000 (custom)
2019-09-25 04:49:21,870 [4900d303-9ac7-4a86-9389-d77749add813@group-5C14C794F815:LeaderElection25] INFO  impl.RaftServerImpl (ServerState.java:setRaftConf(354)) - 4900d303-9ac7-4a86-9389-d77749add813@group-5C14C794F815: set configuration 0: [4900d303-9ac7-4a86-9389-d77749add813:192.168.164.207:37431], old=null at 0
2019-09-25 04:49:21,870 [pool-67-thread-1] INFO  server.RaftServerConfigKeys (ConfUtils.java:logGet(43)) - raft.server.snapshot.retention.num.files = 5 (custom)
2019-09-25 04:49:21,901 [4900d303-9ac7-4a86-9389-d77749add813@group-F870E4137921:LeaderElection27] INFO  impl.LeaderElection (LeaderElection.java:askForVotes(182)) - 4900d303-9ac7-4a86-9389-d77749add813@group-F870E4137921:LeaderElection27: begin an election at term 1 for -1: [4900d303-9ac7-4a86-9389-d77749add813:192.168.164.207:37431], old=null
2019-09-25 04:49:21,901 [4900d303-9ac7-4a86-9389-d77749add813@group-E85EAB672CF1:LeaderElection26] INFO  impl.LeaderElection (LeaderElection.java:askForVotes(182)) - 4900d303-9ac7-4a86-9389-d77749add813@group-E85EAB672CF1:LeaderElection26: begin an election at term 1 for -1: [4900d303-9ac7-4a86-9389-d77749add813:192.168.164.207:37431], old=null
2019-09-25 04:49:21,901 [4900d303-9ac7-4a86-9389-d77749add813@group-F870E4137921:LeaderElection27] INFO  impl.RoleInfo (RoleInfo.java:shutdownLeaderElection(134)) - 4900d303-9ac7-4a86-9389-d77749add813: shutdown LeaderElection
2019-09-25 04:49:21,901 [pool-67-thread-1] INFO  server.RaftServerConfigKeys (ConfUtils.java:logGet(43)) - raft.server.retrycache.expirytime = 600000ms (custom)
2019-09-25 04:49:21,901 [4900d303-9ac7-4a86-9389-d77749add813@group-F870E4137921:LeaderElection27] INFO  impl.RaftServerImpl (RaftServerImpl.java:setRole(174)) - 4900d303-9ac7-4a86-9389-d77749add813@group-F870E4137921: changes role from CANDIDATE to LEADER at term 1 for changeToLeader
2019-09-25 04:49:21,901 [4900d303-9ac7-4a86-9389-d77749add813@group-E85EAB672CF1:LeaderElection26] INFO  impl.RoleInfo (RoleInfo.java:shutdownLeaderElection(134)) - 4900d303-9ac7-4a86-9389-d77749add813: shutdown LeaderElection
2019-09-25 04:49:21,902 [4900d303-9ac7-4a86-9389-d77749add813@group-F870E4137921:LeaderElection27] INFO  impl.RaftServerImpl (ServerState.java:setLeader(253)) - 4900d303-9ac7-4a86-9389-d77749add813@group-F870E4137921: change Leader from null to 4900d303-9ac7-4a86-9389-d77749add813 at term 1 for becomeLeader, leader elected after 1133ms
2019-09-25 04:49:21,902 [4900d303-9ac7-4a86-9389-d77749add813@group-E85EAB672CF1:LeaderElection26] INFO  impl.RaftServerImpl (RaftServerImpl.java:setRole(174)) - 4900d303-9ac7-4a86-9389-d77749add813@group-E85EAB672CF1: changes role from CANDIDATE to LEADER at term 1 for changeToLeader
2019-09-25 04:49:21,902 [4900d303-9ac7-4a86-9389-d77749add813@group-F870E4137921:LeaderElection27] INFO  server.RaftServerConfigKeys (ConfUtils.java:logGet(43)) - raft.server.staging.catchup.gap = 1000 (default)
2019-09-25 04:49:21,902 [4900d303-9ac7-4a86-9389-d77749add813@group-E85EAB672CF1:LeaderElection26] INFO  impl.RaftServerImpl (ServerState.java:setLeader(253)) - 4900d303-9ac7-4a86-9389-d77749add813@group-E85EAB672CF1: change Leader from null to 4900d303-9ac7-4a86-9389-d77749add813 at term 1 for becomeLeader, leader elected after 1080ms
2019-09-25 04:49:21,902 [4900d303-9ac7-4a86-9389-d77749add813@group-F870E4137921:LeaderElection27] INFO  server.RaftServerConfigKeys (ConfUtils.java:logGet(43)) - raft.server.rpc.sleep.time = 25ms (default)
2019-09-25 04:49:21,903 [4900d303-9ac7-4a86-9389-d77749add813@group-E85EAB672CF1:LeaderElection26] INFO  server.RaftServerConfigKeys (ConfUtils.java:logGet(43)) - raft.server.staging.catchup.gap = 1000 (default)
2019-09-25 04:49:21,903 [4900d303-9ac7-4a86-9389-d77749add813@group-F870E4137921:LeaderElection27] INFO  server.RaftServerConfigKeys (ConfUtils.java:logGet(43)) - raft.server.write.element-limit = 4096 (default)
2019-09-25 04:49:21,903 [4900d303-9ac7-4a86-9389-d77749add813@group-E85EAB672CF1:LeaderElection26] INFO  server.RaftServerConfigKeys (ConfUtils.java:logGet(43)) - raft.server.rpc.sleep.time = 25ms (default)
2019-09-25 04:49:21,903 [4900d303-9ac7-4a86-9389-d77749add813@group-F870E4137921:LeaderElection27] INFO  server.RaftServerConfigKeys (ConfUtils.java:logGet(43)) - raft.server.watch.timeout = 10s (default)
2019-09-25 04:49:21,903 [4900d303-9ac7-4a86-9389-d77749add813@group-E85EAB672CF1:LeaderElection26] INFO  server.RaftServerConfigKeys (ConfUtils.java:logGet(43)) - raft.server.write.element-limit = 4096 (default)
2019-09-25 04:49:21,903 [4900d303-9ac7-4a86-9389-d77749add813@group-F870E4137921:LeaderElection27] INFO  server.RaftServerConfigKeys (ConfUtils.java:logGet(43)) - raft.server.watch.timeout.denomination = 1s (default)
2019-09-25 04:49:21,904 [4900d303-9ac7-4a86-9389-d77749add813@group-E85EAB672CF1:LeaderElection26] INFO  server.RaftServerConfigKeys (ConfUtils.java:logGet(43)) - raft.server.watch.timeout = 10s (default)
2019-09-25 04:49:21,904 [4900d303-9ac7-4a86-9389-d77749add813@group-F870E4137921:LeaderElection27] INFO  server.RaftServerConfigKeys (ConfUtils.java:logGet(43)) - raft.server.watch.element-limit = 65536 (default)
2019-09-25 04:49:21,904 [4900d303-9ac7-4a86-9389-d77749add813@group-E85EAB672CF1:LeaderElection26] INFO  server.RaftServerConfigKeys (ConfUtils.java:logGet(43)) - raft.server.watch.timeout.denomination = 1s (default)
2019-09-25 04:49:21,904 [4900d303-9ac7-4a86-9389-d77749add813@group-E85EAB672CF1:LeaderElection26] INFO  server.RaftServerConfigKeys (ConfUtils.java:logGet(43)) - raft.server.watch.element-limit = 65536 (default)
2019-09-25 04:49:21,906 [pool-67-thread-1] INFO  impl.RaftServerImpl (RaftServerImpl.java:start(185)) - eccaf005-8169-4dfc-be1f-8981a011c66c@group-8B1B5CF8C2DC: start as a follower, conf=-1: [eccaf005-8169-4dfc-be1f-8981a011c66c:192.168.164.207:46393], old=null
2019-09-25 04:49:21,906 [pool-67-thread-1] INFO  impl.RaftServerImpl (RaftServerImpl.java:setRole(174)) - eccaf005-8169-4dfc-be1f-8981a011c66c@group-8B1B5CF8C2DC: changes role from      null to FOLLOWER at term 0 for startAsFollower
2019-09-25 04:49:21,906 [pool-67-thread-1] INFO  impl.RoleInfo (RoleInfo.java:updateAndGet(143)) - eccaf005-8169-4dfc-be1f-8981a011c66c: start FollowerState
2019-09-25 04:49:21,907 [pool-67-thread-1] INFO  util.JmxRegister (JmxRegister.java:tryRegister(44)) - Successfully registered JMX Bean with object name Ratis:service=RaftServer,group=group-8B1B5CF8C2DC,id=eccaf005-8169-4dfc-be1f-8981a011c66c
2019-09-25 04:49:21,908 [4900d303-9ac7-4a86-9389-d77749add813@group-F870E4137921:LeaderElection27] INFO  impl.RoleInfo (RoleInfo.java:updateAndGet(143)) - 4900d303-9ac7-4a86-9389-d77749add813: start LeaderState
2019-09-25 04:49:21,908 [4900d303-9ac7-4a86-9389-d77749add813@group-F870E4137921:LeaderElection27] INFO  segmented.SegmentedRaftLogWorker (SegmentedRaftLogWorker.java:startLogSegment(380)) - 4900d303-9ac7-4a86-9389-d77749add813@group-F870E4137921-SegmentedRaftLogWorker: Starting segment from index:0
2019-09-25 04:49:21,908 [4900d303-9ac7-4a86-9389-d77749add813@group-E85EAB672CF1:LeaderElection26] INFO  impl.RoleInfo (RoleInfo.java:updateAndGet(143)) - 4900d303-9ac7-4a86-9389-d77749add813: start LeaderState
2019-09-25 04:49:21,908 [4900d303-9ac7-4a86-9389-d77749add813@group-F870E4137921:LeaderElection27] INFO  impl.RaftServerImpl (ServerState.java:setRaftConf(354)) - 4900d303-9ac7-4a86-9389-d77749add813@group-F870E4137921: set configuration 0: [4900d303-9ac7-4a86-9389-d77749add813:192.168.164.207:37431], old=null at 0
2019-09-25 04:49:21,944 [4900d303-9ac7-4a86-9389-d77749add813@group-5C14C794F815-SegmentedRaftLogWorker] INFO  segmented.SegmentedRaftLogWorker (SegmentedRaftLogWorker.java:execute(569)) - 4900d303-9ac7-4a86-9389-d77749add813@group-5C14C794F815-SegmentedRaftLogWorker: created new log segment /workdir/hadoop-ozone/integration-test/target/test-dir/MiniOzoneClusterImpl-73e7cd3e-72db-4213-b677-28bfbd198772/datanode-2/data/ratis/1d3f486f-c319-4b69-8d0b-5c14c794f815/current/log_inprogress_0
2019-09-25 04:49:21,944 [4900d303-9ac7-4a86-9389-d77749add813@group-E85EAB672CF1:LeaderElection26] INFO  segmented.SegmentedRaftLogWorker (SegmentedRaftLogWorker.java:startLogSegment(380)) - 4900d303-9ac7-4a86-9389-d77749add813@group-E85EAB672CF1-SegmentedRaftLogWorker: Starting segment from index:0
2019-09-25 04:49:21,945 [4900d303-9ac7-4a86-9389-d77749add813@group-E85EAB672CF1:LeaderElection26] INFO  impl.RaftServerImpl (ServerState.java:setRaftConf(354)) - 4900d303-9ac7-4a86-9389-d77749add813@group-E85EAB672CF1: set configuration 0: [4900d303-9ac7-4a86-9389-d77749add813:192.168.164.207:37431], old=null at 0
2019-09-25 04:49:21,945 [RatisPipelineUtilsThread] INFO  pipeline.PipelineStateManager (PipelineStateManager.java:addPipeline(56)) - Created pipeline Pipeline[ Id: c8c981a7-10da-479b-9fb8-8b1b5cf8c2dc, Nodes: eccaf005-8169-4dfc-be1f-8981a011c66c{ip: 192.168.164.207, host: pr-hdds-1569-s44lr-3492059363, networkLocation: /default-rack, certSerialId: null}, Type:RATIS, Factor:ONE, State:OPEN]
2019-09-25 04:49:21,983 [4900d303-9ac7-4a86-9389-d77749add813@group-F870E4137921-SegmentedRaftLogWorker] INFO  segmented.SegmentedRaftLogWorker (SegmentedRaftLogWorker.java:execute(569)) - 4900d303-9ac7-4a86-9389-d77749add813@group-F870E4137921-SegmentedRaftLogWorker: created new log segment /workdir/hadoop-ozone/integration-test/target/test-dir/MiniOzoneClusterImpl-73e7cd3e-72db-4213-b677-28bfbd198772/datanode-2/data/ratis/1cafe8ad-1f33-4971-b289-f870e4137921/current/log_inprogress_0
2019-09-25 04:49:21,984 [RatisPipelineUtilsThread] INFO  pipeline.PipelinePlacementPolicy (PipelinePlacementPolicy.java:meetCriteria(91)) - Pipeline Placement: can't place more pipeline on heavy datanode： 4900d303-9ac7-4a86-9389-d77749add813 Heaviness: 6 limit: 5
2019-09-25 04:49:21,984 [RatisPipelineUtilsThread] INFO  pipeline.PipelinePlacementPolicy (PipelinePlacementPolicy.java:meetCriteria(91)) - Pipeline Placement: can't place more pipeline on heavy datanode： 0deae85c-a16a-4311-a0af-934f501df2cc Heaviness: 6 limit: 5
2019-09-25 04:49:21,992 [grpc-default-executor-1] INFO  impl.RaftServerProxy (RaftServerProxy.java:addNew(89)) - 4a0ae61b-4689-46eb-b962-7605c7f95abd: addNew group-30852584DA03:[4a0ae61b-4689-46eb-b962-7605c7f95abd:192.168.164.207:41419] returns group-30852584DA03:java.util.concurrent.CompletableFuture@36130f3a[Not completed]
2019-09-25 04:49:21,995 [pool-97-thread-1] INFO  impl.RaftServerImpl (RaftServerImpl.java:<init>(95)) - 4a0ae61b-4689-46eb-b962-7605c7f95abd: new RaftServerImpl for group-30852584DA03:[4a0ae61b-4689-46eb-b962-7605c7f95abd:192.168.164.207:41419] with ContainerStateMachine:uninitialized
2019-09-25 04:49:21,995 [pool-97-thread-1] INFO  server.RaftServerConfigKeys (ConfUtils.java:logGet(43)) - raft.server.rpc.timeout.min = 1s (custom)
2019-09-25 04:49:21,995 [pool-97-thread-1] INFO  server.RaftServerConfigKeys (ConfUtils.java:logGet(43)) - raft.server.rpc.timeout.max = 1200ms (custom)
2019-09-25 04:49:21,996 [pool-97-thread-1] INFO  server.RaftServerConfigKeys (ConfUtils.java:logGet(43)) - raft.server.rpcslowness.timeout = 120s (custom)
2019-09-25 04:49:21,996 [pool-97-thread-1] INFO  server.RaftServerConfigKeys (ConfUtils.java:logGet(43)) - raft.server.sleep.deviation.threshold = 300 (default)
2019-09-25 04:49:21,996 [pool-97-thread-1] INFO  server.RaftServerConfigKeys (ConfUtils.java:logGet(43)) - raft.server.log.appender.install.snapshot.enabled = false (custom)
2019-09-25 04:49:21,996 [pool-97-thread-1] INFO  impl.RaftServerImpl (ServerState.java:<init>(103)) - 4a0ae61b-4689-46eb-b962-7605c7f95abd@group-30852584DA03: ConfigurationManager, init=-1: [4a0ae61b-4689-46eb-b962-7605c7f95abd:192.168.164.207:41419], old=null, confs=<EMPTY_MAP>
2019-09-25 04:49:21,996 [pool-97-thread-1] INFO  server.RaftServerConfigKeys (ConfUtils.java:logGet(43)) - raft.server.storage.dir = [/workdir/hadoop-ozone/integration-test/target/test-dir/MiniOzoneClusterImpl-73e7cd3e-72db-4213-b677-28bfbd198772/datanode-7/data/ratis] (custom)
2019-09-25 04:49:21,997 [pool-97-thread-1] INFO  storage.RaftStorageDirectory (RaftStorageDirectory.java:analyzeStorage(246)) - The storage directory /workdir/hadoop-ozone/integration-test/target/test-dir/MiniOzoneClusterImpl-73e7cd3e-72db-4213-b677-28bfbd198772/datanode-7/data/ratis/ef0ccc75-782a-4eac-b73d-30852584da03 does not exist. Creating ...
2019-09-25 04:49:22,007 [4900d303-9ac7-4a86-9389-d77749add813@group-E85EAB672CF1-SegmentedRaftLogWorker] INFO  segmented.SegmentedRaftLogWorker (SegmentedRaftLogWorker.java:execute(569)) - 4900d303-9ac7-4a86-9389-d77749add813@group-E85EAB672CF1-SegmentedRaftLogWorker: created new log segment /workdir/hadoop-ozone/integration-test/target/test-dir/MiniOzoneClusterImpl-73e7cd3e-72db-4213-b677-28bfbd198772/datanode-2/data/ratis/180b02d8-e80b-41f5-b8b0-e85eab672cf1/current/log_inprogress_0
2019-09-25 04:49:22,022 [pool-97-thread-1] INFO  storage.RaftStorageDirectory (RaftStorageDirectory.java:tryLock(328)) - Lock on /workdir/hadoop-ozone/integration-test/target/test-dir/MiniOzoneClusterImpl-73e7cd3e-72db-4213-b677-28bfbd198772/datanode-7/data/ratis/ef0ccc75-782a-4eac-b73d-30852584da03/in_use.lock acquired by nodename 6977@pr-hdds-1569-s44lr-3492059363
2019-09-25 04:49:22,038 [pool-97-thread-1] INFO  storage.RaftStorage (RaftStorage.java:format(72)) - Storage directory /workdir/hadoop-ozone/integration-test/target/test-dir/MiniOzoneClusterImpl-73e7cd3e-72db-4213-b677-28bfbd198772/datanode-7/data/ratis/ef0ccc75-782a-4eac-b73d-30852584da03 has been successfully formatted.
2019-09-25 04:49:22,038 [pool-97-thread-1] INFO  ratis.ContainerStateMachine (ContainerStateMachine.java:loadSnapshot(230)) - group-30852584DA03: The snapshot info is null. Setting the last applied indexto:(t:0, i:~)
2019-09-25 04:49:22,038 [pool-97-thread-1] INFO  server.RaftServerConfigKeys (ConfUtils.java:logGet(43)) - raft.server.notification.no-leader.timeout = 120s (custom)
2019-09-25 04:49:22,038 [pool-97-thread-1] INFO  server.RaftServerConfigKeys (ConfUtils.java:logGet(43)) - raft.server.log.use.memory = false (default)
2019-09-25 04:49:22,038 [pool-97-thread-1] INFO  server.RaftServerConfigKeys (ConfUtils.java:logGet(43)) - raft.server.log.purge.gap = 1000000 (custom)
2019-09-25 04:49:22,039 [pool-97-thread-1] INFO  server.RaftServerConfigKeys (ConfUtils.java:logGet(43)) - raft.server.log.appender.buffer.byte-limit = 33554432 (custom)
2019-09-25 04:49:22,039 [pool-97-thread-1] INFO  server.RaftServerConfigKeys (ConfUtils.java:logGet(43)) - raft.server.log.segment.size.max = 1048576 (custom)
2019-09-25 04:49:22,039 [pool-97-thread-1] INFO  server.RaftServerConfigKeys (ConfUtils.java:logGet(43)) - raft.server.log.segment.cache.num.max = 2 (custom)
2019-09-25 04:49:22,039 [pool-97-thread-1] INFO  segmented.SegmentedRaftLogWorker (SegmentedRaftLogWorker.java:<init>(172)) - new 4a0ae61b-4689-46eb-b962-7605c7f95abd@group-30852584DA03-SegmentedRaftLogWorker for RaftStorage:Storage Directory /workdir/hadoop-ozone/integration-test/target/test-dir/MiniOzoneClusterImpl-73e7cd3e-72db-4213-b677-28bfbd198772/datanode-7/data/ratis/ef0ccc75-782a-4eac-b73d-30852584da03
2019-09-25 04:49:22,039 [pool-97-thread-1] INFO  server.RaftServerConfigKeys (ConfUtils.java:logGet(43)) - raft.server.log.queue.byte-limit = 2147483647 (custom)
2019-09-25 04:49:22,039 [pool-97-thread-1] INFO  server.RaftServerConfigKeys (ConfUtils.java:logGet(43)) - raft.server.log.queue.element-limit = 1024 (custom)
2019-09-25 04:49:22,039 [pool-97-thread-1] INFO  server.RaftServerConfigKeys (ConfUtils.java:logGet(43)) - raft.server.log.segment.size.max = 1048576 (custom)
2019-09-25 04:49:22,040 [pool-97-thread-1] INFO  server.RaftServerConfigKeys (ConfUtils.java:logGet(43)) - raft.server.log.preallocated.size = 16384 (custom)
2019-09-25 04:49:22,040 [pool-97-thread-1] INFO  server.RaftServerConfigKeys (ConfUtils.java:logGet(43)) - raft.server.log.write.buffer.size = 33554432 (custom)
2019-09-25 04:49:22,040 [pool-97-thread-1] INFO  server.RaftServerConfigKeys (ConfUtils.java:logGet(43)) - raft.server.log.force.sync.num = 128 (default)
2019-09-25 04:49:22,040 [pool-97-thread-1] INFO  server.RaftServerConfigKeys (ConfUtils.java:logGet(43)) - raft.server.log.statemachine.data.sync = true (default)
2019-09-25 04:49:22,040 [pool-97-thread-1] INFO  server.RaftServerConfigKeys (ConfUtils.java:logGet(43)) - raft.server.log.statemachine.data.sync.timeout = 10s (default)
2019-09-25 04:49:22,040 [pool-97-thread-1] INFO  server.RaftServerConfigKeys (ConfUtils.java:logGet(43)) - raft.server.log.statemachine.data.sync.timeout.retry = -1 (default)
2019-09-25 04:49:22,040 [pool-97-thread-1] INFO  server.RaftServerConfigKeys (ConfUtils.java:logGet(43)) - raft.server.log.statemachine.data.caching.enabled = true (custom)
2019-09-25 04:49:22,041 [pool-97-thread-1] INFO  segmented.SegmentedRaftLogWorker (SegmentedRaftLogWorker.java:lambda$new$0(132)) - 4a0ae61b-4689-46eb-b962-7605c7f95abd@group-30852584DA03-SegmentedRaftLogWorker: flushIndex: setUnconditionally 0 -> -1
2019-09-25 04:49:22,041 [pool-97-thread-1] INFO  server.RaftServerConfigKeys (ConfUtils.java:logGet(43)) - raft.server.snapshot.auto.trigger.enabled = true (custom)
2019-09-25 04:49:22,041 [pool-97-thread-1] INFO  server.RaftServerConfigKeys (ConfUtils.java:logGet(43)) - raft.server.snapshot.auto.trigger.threshold = 10000 (custom)
2019-09-25 04:49:22,041 [pool-97-thread-1] INFO  server.RaftServerConfigKeys (ConfUtils.java:logGet(43)) - raft.server.snapshot.retention.num.files = 5 (custom)
2019-09-25 04:49:22,042 [pool-97-thread-1] INFO  server.RaftServerConfigKeys (ConfUtils.java:logGet(43)) - raft.server.retrycache.expirytime = 600000ms (custom)
2019-09-25 04:49:22,044 [pool-97-thread-1] INFO  impl.RaftServerImpl (RaftServerImpl.java:start(185)) - 4a0ae61b-4689-46eb-b962-7605c7f95abd@group-30852584DA03: start as a follower, conf=-1: [4a0ae61b-4689-46eb-b962-7605c7f95abd:192.168.164.207:41419], old=null
2019-09-25 04:49:22,044 [pool-97-thread-1] INFO  impl.RaftServerImpl (RaftServerImpl.java:setRole(174)) - 4a0ae61b-4689-46eb-b962-7605c7f95abd@group-30852584DA03: changes role from      null to FOLLOWER at term 0 for startAsFollower
2019-09-25 04:49:22,045 [pool-97-thread-1] INFO  impl.RoleInfo (RoleInfo.java:updateAndGet(143)) - 4a0ae61b-4689-46eb-b962-7605c7f95abd: start FollowerState
2019-09-25 04:49:22,045 [pool-97-thread-1] INFO  util.JmxRegister (JmxRegister.java:tryRegister(44)) - Successfully registered JMX Bean with object name Ratis:service=RaftServer,group=group-30852584DA03,id=4a0ae61b-4689-46eb-b962-7605c7f95abd
2019-09-25 04:49:22,049 [RatisPipelineUtilsThread] INFO  pipeline.PipelineStateManager (PipelineStateManager.java:addPipeline(56)) - Created pipeline Pipeline[ Id: ef0ccc75-782a-4eac-b73d-30852584da03, Nodes: 4a0ae61b-4689-46eb-b962-7605c7f95abd{ip: 192.168.164.207, host: pr-hdds-1569-s44lr-3492059363, networkLocation: /default-rack, certSerialId: null}, Type:RATIS, Factor:ONE, State:OPEN]
2019-09-25 04:49:22,049 [RatisPipelineUtilsThread] INFO  pipeline.PipelinePlacementPolicy (PipelinePlacementPolicy.java:meetCriteria(91)) - Pipeline Placement: can't place more pipeline on heavy datanode： 4a0ae61b-4689-46eb-b962-7605c7f95abd Heaviness: 6 limit: 5
2019-09-25 04:49:22,049 [RatisPipelineUtilsThread] INFO  pipeline.PipelinePlacementPolicy (PipelinePlacementPolicy.java:meetCriteria(91)) - Pipeline Placement: can't place more pipeline on heavy datanode： 4900d303-9ac7-4a86-9389-d77749add813 Heaviness: 6 limit: 5
2019-09-25 04:49:22,049 [RatisPipelineUtilsThread] INFO  pipeline.PipelinePlacementPolicy (PipelinePlacementPolicy.java:meetCriteria(91)) - Pipeline Placement: can't place more pipeline on heavy datanode： 0deae85c-a16a-4311-a0af-934f501df2cc Heaviness: 6 limit: 5
2019-09-25 04:49:22,054 [Thread-413] INFO  impl.FollowerState (FollowerState.java:run(106)) - 778daabb-04ae-41de-8067-bd0724312da7:group-AD88A5BF1051 changes to CANDIDATE, lastRpcTime:1148, electionTimeout:1148ms
2019-09-25 04:49:22,054 [Thread-413] INFO  impl.RoleInfo (RoleInfo.java:shutdownFollowerState(121)) - 778daabb-04ae-41de-8067-bd0724312da7: shutdown FollowerState
2019-09-25 04:49:22,055 [Thread-413] INFO  impl.RaftServerImpl (RaftServerImpl.java:setRole(174)) - 778daabb-04ae-41de-8067-bd0724312da7@group-AD88A5BF1051: changes role from  FOLLOWER to CANDIDATE at term 0 for changeToCandidate
2019-09-25 04:49:22,055 [Thread-413] INFO  impl.RoleInfo (RoleInfo.java:updateAndGet(143)) - 778daabb-04ae-41de-8067-bd0724312da7: start LeaderElection
2019-09-25 04:49:22,065 [grpc-default-executor-1] INFO  impl.RaftServerProxy (RaftServerProxy.java:addNew(89)) - ef17bb0f-3839-4724-ad21-94b92a6e25d3: addNew group-49807641C7C4:[ef17bb0f-3839-4724-ad21-94b92a6e25d3:192.168.164.207:40519] returns group-49807641C7C4:java.util.concurrent.CompletableFuture@6e5ffe8b[Not completed]
2019-09-25 04:49:22,065 [Thread-419] INFO  impl.FollowerState (FollowerState.java:run(106)) - 3875a0db-bcd0-4e93-a77c-33ac6d7b4cc5:group-EF3900255609 changes to CANDIDATE, lastRpcTime:1051, electionTimeout:1046ms
2019-09-25 04:49:22,066 [Thread-419] INFO  impl.RoleInfo (RoleInfo.java:shutdownFollowerState(121)) - 3875a0db-bcd0-4e93-a77c-33ac6d7b4cc5: shutdown FollowerState
2019-09-25 04:49:22,066 [Thread-419] INFO  impl.RaftServerImpl (RaftServerImpl.java:setRole(174)) - 3875a0db-bcd0-4e93-a77c-33ac6d7b4cc5@group-EF3900255609: changes role from  FOLLOWER to CANDIDATE at term 0 for changeToCandidate
2019-09-25 04:49:22,066 [Thread-419] INFO  impl.RoleInfo (RoleInfo.java:updateAndGet(143)) - 3875a0db-bcd0-4e93-a77c-33ac6d7b4cc5: start LeaderElection
2019-09-25 04:49:22,073 [pool-37-thread-1] INFO  impl.RaftServerImpl (RaftServerImpl.java:<init>(95)) - ef17bb0f-3839-4724-ad21-94b92a6e25d3: new RaftServerImpl for group-49807641C7C4:[ef17bb0f-3839-4724-ad21-94b92a6e25d3:192.168.164.207:40519] with ContainerStateMachine:uninitialized
2019-09-25 04:49:22,073 [pool-37-thread-1] INFO  server.RaftServerConfigKeys (ConfUtils.java:logGet(43)) - raft.server.rpc.timeout.min = 1s (custom)
2019-09-25 04:49:22,073 [pool-37-thread-1] INFO  server.RaftServerConfigKeys (ConfUtils.java:logGet(43)) - raft.server.rpc.timeout.max = 1200ms (custom)
2019-09-25 04:49:22,074 [pool-37-thread-1] INFO  server.RaftServerConfigKeys (ConfUtils.java:logGet(43)) - raft.server.rpcslowness.timeout = 120s (custom)
2019-09-25 04:49:22,074 [pool-37-thread-1] INFO  server.RaftServerConfigKeys (ConfUtils.java:logGet(43)) - raft.server.sleep.deviation.threshold = 300 (default)
2019-09-25 04:49:22,074 [pool-37-thread-1] INFO  server.RaftServerConfigKeys (ConfUtils.java:logGet(43)) - raft.server.log.appender.install.snapshot.enabled = false (custom)
2019-09-25 04:49:22,074 [pool-37-thread-1] INFO  impl.RaftServerImpl (ServerState.java:<init>(103)) - ef17bb0f-3839-4724-ad21-94b92a6e25d3@group-49807641C7C4: ConfigurationManager, init=-1: [ef17bb0f-3839-4724-ad21-94b92a6e25d3:192.168.164.207:40519], old=null, confs=<EMPTY_MAP>
2019-09-25 04:49:22,074 [pool-37-thread-1] INFO  server.RaftServerConfigKeys (ConfUtils.java:logGet(43)) - raft.server.storage.dir = [/workdir/hadoop-ozone/integration-test/target/test-dir/MiniOzoneClusterImpl-73e7cd3e-72db-4213-b677-28bfbd198772/datanode-1/data/ratis] (custom)
2019-09-25 04:49:22,075 [pool-37-thread-1] INFO  storage.RaftStorageDirectory (RaftStorageDirectory.java:analyzeStorage(246)) - The storage directory /workdir/hadoop-ozone/integration-test/target/test-dir/MiniOzoneClusterImpl-73e7cd3e-72db-4213-b677-28bfbd198772/datanode-1/data/ratis/41b6c378-e71f-410b-b7ce-49807641c7c4 does not exist. Creating ...
2019-09-25 04:49:22,088 [Thread-416] INFO  impl.FollowerState (FollowerState.java:run(106)) - ef17bb0f-3839-4724-ad21-94b92a6e25d3:group-8D77C7A98E9B changes to CANDIDATE, lastRpcTime:1130, electionTimeout:1130ms
2019-09-25 04:49:22,089 [Thread-416] INFO  impl.RoleInfo (RoleInfo.java:shutdownFollowerState(121)) - ef17bb0f-3839-4724-ad21-94b92a6e25d3: shutdown FollowerState
2019-09-25 04:49:22,089 [Thread-416] INFO  impl.RaftServerImpl (RaftServerImpl.java:setRole(174)) - ef17bb0f-3839-4724-ad21-94b92a6e25d3@group-8D77C7A98E9B: changes role from  FOLLOWER to CANDIDATE at term 0 for changeToCandidate
2019-09-25 04:49:22,089 [Thread-416] INFO  impl.RoleInfo (RoleInfo.java:updateAndGet(143)) - ef17bb0f-3839-4724-ad21-94b92a6e25d3: start LeaderElection
2019-09-25 04:49:22,092 [pool-37-thread-1] INFO  storage.RaftStorageDirectory (RaftStorageDirectory.java:tryLock(328)) - Lock on /workdir/hadoop-ozone/integration-test/target/test-dir/MiniOzoneClusterImpl-73e7cd3e-72db-4213-b677-28bfbd198772/datanode-1/data/ratis/41b6c378-e71f-410b-b7ce-49807641c7c4/in_use.lock acquired by nodename 6977@pr-hdds-1569-s44lr-3492059363
2019-09-25 04:49:22,097 [778daabb-04ae-41de-8067-bd0724312da7@group-AD88A5BF1051:LeaderElection28] INFO  impl.LeaderElection (LeaderElection.java:askForVotes(182)) - 778daabb-04ae-41de-8067-bd0724312da7@group-AD88A5BF1051:LeaderElection28: begin an election at term 1 for -1: [778daabb-04ae-41de-8067-bd0724312da7:192.168.164.207:43912], old=null
2019-09-25 04:49:22,097 [3875a0db-bcd0-4e93-a77c-33ac6d7b4cc5@group-EF3900255609:LeaderElection29] INFO  impl.LeaderElection (LeaderElection.java:askForVotes(182)) - 3875a0db-bcd0-4e93-a77c-33ac6d7b4cc5@group-EF3900255609:LeaderElection29: begin an election at term 1 for -1: [3875a0db-bcd0-4e93-a77c-33ac6d7b4cc5:192.168.164.207:38833], old=null
2019-09-25 04:49:22,097 [778daabb-04ae-41de-8067-bd0724312da7@group-AD88A5BF1051:LeaderElection28] INFO  impl.RoleInfo (RoleInfo.java:shutdownLeaderElection(134)) - 778daabb-04ae-41de-8067-bd0724312da7: shutdown LeaderElection
2019-09-25 04:49:22,097 [3875a0db-bcd0-4e93-a77c-33ac6d7b4cc5@group-EF3900255609:LeaderElection29] INFO  impl.RoleInfo (RoleInfo.java:shutdownLeaderElection(134)) - 3875a0db-bcd0-4e93-a77c-33ac6d7b4cc5: shutdown LeaderElection
2019-09-25 04:49:22,098 [778daabb-04ae-41de-8067-bd0724312da7@group-AD88A5BF1051:LeaderElection28] INFO  impl.RaftServerImpl (RaftServerImpl.java:setRole(174)) - 778daabb-04ae-41de-8067-bd0724312da7@group-AD88A5BF1051: changes role from CANDIDATE to LEADER at term 1 for changeToLeader
2019-09-25 04:49:22,098 [3875a0db-bcd0-4e93-a77c-33ac6d7b4cc5@group-EF3900255609:LeaderElection29] INFO  impl.RaftServerImpl (RaftServerImpl.java:setRole(174)) - 3875a0db-bcd0-4e93-a77c-33ac6d7b4cc5@group-EF3900255609: changes role from CANDIDATE to LEADER at term 1 for changeToLeader
2019-09-25 04:49:22,098 [778daabb-04ae-41de-8067-bd0724312da7@group-AD88A5BF1051:LeaderElection28] INFO  impl.RaftServerImpl (ServerState.java:setLeader(253)) - 778daabb-04ae-41de-8067-bd0724312da7@group-AD88A5BF1051: change Leader from null to 778daabb-04ae-41de-8067-bd0724312da7 at term 1 for becomeLeader, leader elected after 1200ms
2019-09-25 04:49:22,098 [3875a0db-bcd0-4e93-a77c-33ac6d7b4cc5@group-EF3900255609:LeaderElection29] INFO  impl.RaftServerImpl (ServerState.java:setLeader(253)) - 3875a0db-bcd0-4e93-a77c-33ac6d7b4cc5@group-EF3900255609: change Leader from null to 3875a0db-bcd0-4e93-a77c-33ac6d7b4cc5 at term 1 for becomeLeader, leader elected after 1091ms
2019-09-25 04:49:22,098 [778daabb-04ae-41de-8067-bd0724312da7@group-AD88A5BF1051:LeaderElection28] INFO  server.RaftServerConfigKeys (ConfUtils.java:logGet(43)) - raft.server.staging.catchup.gap = 1000 (default)
2019-09-25 04:49:22,098 [3875a0db-bcd0-4e93-a77c-33ac6d7b4cc5@group-EF3900255609:LeaderElection29] INFO  server.RaftServerConfigKeys (ConfUtils.java:logGet(43)) - raft.server.staging.catchup.gap = 1000 (default)
2019-09-25 04:49:22,098 [778daabb-04ae-41de-8067-bd0724312da7@group-AD88A5BF1051:LeaderElection28] INFO  server.RaftServerConfigKeys (ConfUtils.java:logGet(43)) - raft.server.rpc.sleep.time = 25ms (default)
2019-09-25 04:49:22,098 [3875a0db-bcd0-4e93-a77c-33ac6d7b4cc5@group-EF3900255609:LeaderElection29] INFO  server.RaftServerConfigKeys (ConfUtils.java:logGet(43)) - raft.server.rpc.sleep.time = 25ms (default)
2019-09-25 04:49:22,099 [778daabb-04ae-41de-8067-bd0724312da7@group-AD88A5BF1051:LeaderElection28] INFO  server.RaftServerConfigKeys (ConfUtils.java:logGet(43)) - raft.server.write.element-limit = 4096 (default)
2019-09-25 04:49:22,099 [3875a0db-bcd0-4e93-a77c-33ac6d7b4cc5@group-EF3900255609:LeaderElection29] INFO  server.RaftServerConfigKeys (ConfUtils.java:logGet(43)) - raft.server.write.element-limit = 4096 (default)
2019-09-25 04:49:22,099 [778daabb-04ae-41de-8067-bd0724312da7@group-AD88A5BF1051:LeaderElection28] INFO  server.RaftServerConfigKeys (ConfUtils.java:logGet(43)) - raft.server.watch.timeout = 10s (default)
2019-09-25 04:49:22,099 [3875a0db-bcd0-4e93-a77c-33ac6d7b4cc5@group-EF3900255609:LeaderElection29] INFO  server.RaftServerConfigKeys (ConfUtils.java:logGet(43)) - raft.server.watch.timeout = 10s (default)
2019-09-25 04:49:22,099 [778daabb-04ae-41de-8067-bd0724312da7@group-AD88A5BF1051:LeaderElection28] INFO  server.RaftServerConfigKeys (ConfUtils.java:logGet(43)) - raft.server.watch.timeout.denomination = 1s (default)
2019-09-25 04:49:22,099 [3875a0db-bcd0-4e93-a77c-33ac6d7b4cc5@group-EF3900255609:LeaderElection29] INFO  server.RaftServerConfigKeys (ConfUtils.java:logGet(43)) - raft.server.watch.timeout.denomination = 1s (default)
2019-09-25 04:49:22,099 [778daabb-04ae-41de-8067-bd0724312da7@group-AD88A5BF1051:LeaderElection28] INFO  server.RaftServerConfigKeys (ConfUtils.java:logGet(43)) - raft.server.watch.element-limit = 65536 (default)
2019-09-25 04:49:22,099 [3875a0db-bcd0-4e93-a77c-33ac6d7b4cc5@group-EF3900255609:LeaderElection29] INFO  server.RaftServerConfigKeys (ConfUtils.java:logGet(43)) - raft.server.watch.element-limit = 65536 (default)
2019-09-25 04:49:22,103 [778daabb-04ae-41de-8067-bd0724312da7@group-AD88A5BF1051:LeaderElection28] INFO  impl.RoleInfo (RoleInfo.java:updateAndGet(143)) - 778daabb-04ae-41de-8067-bd0724312da7: start LeaderState
2019-09-25 04:49:22,103 [3875a0db-bcd0-4e93-a77c-33ac6d7b4cc5@group-EF3900255609:LeaderElection29] INFO  impl.RoleInfo (RoleInfo.java:updateAndGet(143)) - 3875a0db-bcd0-4e93-a77c-33ac6d7b4cc5: start LeaderState
2019-09-25 04:49:22,103 [778daabb-04ae-41de-8067-bd0724312da7@group-AD88A5BF1051:LeaderElection28] INFO  segmented.SegmentedRaftLogWorker (SegmentedRaftLogWorker.java:startLogSegment(380)) - 778daabb-04ae-41de-8067-bd0724312da7@group-AD88A5BF1051-SegmentedRaftLogWorker: Starting segment from index:0
2019-09-25 04:49:22,103 [3875a0db-bcd0-4e93-a77c-33ac6d7b4cc5@group-EF3900255609:LeaderElection29] INFO  segmented.SegmentedRaftLogWorker (SegmentedRaftLogWorker.java:startLogSegment(380)) - 3875a0db-bcd0-4e93-a77c-33ac6d7b4cc5@group-EF3900255609-SegmentedRaftLogWorker: Starting segment from index:0
2019-09-25 04:49:22,104 [778daabb-04ae-41de-8067-bd0724312da7@group-AD88A5BF1051:LeaderElection28] INFO  impl.RaftServerImpl (ServerState.java:setRaftConf(354)) - 778daabb-04ae-41de-8067-bd0724312da7@group-AD88A5BF1051: set configuration 0: [778daabb-04ae-41de-8067-bd0724312da7:192.168.164.207:43912], old=null at 0
2019-09-25 04:49:22,104 [3875a0db-bcd0-4e93-a77c-33ac6d7b4cc5@group-EF3900255609:LeaderElection29] INFO  impl.RaftServerImpl (ServerState.java:setRaftConf(354)) - 3875a0db-bcd0-4e93-a77c-33ac6d7b4cc5@group-EF3900255609: set configuration 0: [3875a0db-bcd0-4e93-a77c-33ac6d7b4cc5:192.168.164.207:38833], old=null at 0
2019-09-25 04:49:22,142 [pool-37-thread-1] INFO  storage.RaftStorage (RaftStorage.java:format(72)) - Storage directory /workdir/hadoop-ozone/integration-test/target/test-dir/MiniOzoneClusterImpl-73e7cd3e-72db-4213-b677-28bfbd198772/datanode-1/data/ratis/41b6c378-e71f-410b-b7ce-49807641c7c4 has been successfully formatted.
2019-09-25 04:49:22,142 [ef17bb0f-3839-4724-ad21-94b92a6e25d3@group-8D77C7A98E9B:LeaderElection30] INFO  impl.LeaderElection (LeaderElection.java:askForVotes(182)) - ef17bb0f-3839-4724-ad21-94b92a6e25d3@group-8D77C7A98E9B:LeaderElection30: begin an election at term 1 for -1: [ef17bb0f-3839-4724-ad21-94b92a6e25d3:192.168.164.207:40519], old=null
2019-09-25 04:49:22,142 [pool-37-thread-1] INFO  ratis.ContainerStateMachine (ContainerStateMachine.java:loadSnapshot(230)) - group-49807641C7C4: The snapshot info is null. Setting the last applied indexto:(t:0, i:~)
2019-09-25 04:49:22,142 [ef17bb0f-3839-4724-ad21-94b92a6e25d3@group-8D77C7A98E9B:LeaderElection30] INFO  impl.RoleInfo (RoleInfo.java:shutdownLeaderElection(134)) - ef17bb0f-3839-4724-ad21-94b92a6e25d3: shutdown LeaderElection
2019-09-25 04:49:22,142 [pool-37-thread-1] INFO  server.RaftServerConfigKeys (ConfUtils.java:logGet(43)) - raft.server.notification.no-leader.timeout = 120s (custom)
2019-09-25 04:49:22,143 [ef17bb0f-3839-4724-ad21-94b92a6e25d3@group-8D77C7A98E9B:LeaderElection30] INFO  impl.RaftServerImpl (RaftServerImpl.java:setRole(174)) - ef17bb0f-3839-4724-ad21-94b92a6e25d3@group-8D77C7A98E9B: changes role from CANDIDATE to LEADER at term 1 for changeToLeader
2019-09-25 04:49:22,143 [pool-37-thread-1] INFO  server.RaftServerConfigKeys (ConfUtils.java:logGet(43)) - raft.server.log.use.memory = false (default)
2019-09-25 04:49:22,143 [ef17bb0f-3839-4724-ad21-94b92a6e25d3@group-8D77C7A98E9B:LeaderElection30] INFO  impl.RaftServerImpl (ServerState.java:setLeader(253)) - ef17bb0f-3839-4724-ad21-94b92a6e25d3@group-8D77C7A98E9B: change Leader from null to ef17bb0f-3839-4724-ad21-94b92a6e25d3 at term 1 for becomeLeader, leader elected after 1189ms
2019-09-25 04:49:22,143 [pool-37-thread-1] INFO  server.RaftServerConfigKeys (ConfUtils.java:logGet(43)) - raft.server.log.purge.gap = 1000000 (custom)
2019-09-25 04:49:22,143 [ef17bb0f-3839-4724-ad21-94b92a6e25d3@group-8D77C7A98E9B:LeaderElection30] INFO  server.RaftServerConfigKeys (ConfUtils.java:logGet(43)) - raft.server.staging.catchup.gap = 1000 (default)
2019-09-25 04:49:22,143 [pool-37-thread-1] INFO  server.RaftServerConfigKeys (ConfUtils.java:logGet(43)) - raft.server.log.appender.buffer.byte-limit = 33554432 (custom)
2019-09-25 04:49:22,143 [ef17bb0f-3839-4724-ad21-94b92a6e25d3@group-8D77C7A98E9B:LeaderElection30] INFO  server.RaftServerConfigKeys (ConfUtils.java:logGet(43)) - raft.server.rpc.sleep.time = 25ms (default)
2019-09-25 04:49:22,144 [pool-37-thread-1] INFO  server.RaftServerConfigKeys (ConfUtils.java:logGet(43)) - raft.server.log.segment.size.max = 1048576 (custom)
2019-09-25 04:49:22,144 [ef17bb0f-3839-4724-ad21-94b92a6e25d3@group-8D77C7A98E9B:LeaderElection30] INFO  server.RaftServerConfigKeys (ConfUtils.java:logGet(43)) - raft.server.write.element-limit = 4096 (default)
2019-09-25 04:49:22,144 [pool-37-thread-1] INFO  server.RaftServerConfigKeys (ConfUtils.java:logGet(43)) - raft.server.log.segment.cache.num.max = 2 (custom)
2019-09-25 04:49:22,144 [ef17bb0f-3839-4724-ad21-94b92a6e25d3@group-8D77C7A98E9B:LeaderElection30] INFO  server.RaftServerConfigKeys (ConfUtils.java:logGet(43)) - raft.server.watch.timeout = 10s (default)
2019-09-25 04:49:22,144 [pool-37-thread-1] INFO  segmented.SegmentedRaftLogWorker (SegmentedRaftLogWorker.java:<init>(172)) - new ef17bb0f-3839-4724-ad21-94b92a6e25d3@group-49807641C7C4-SegmentedRaftLogWorker for RaftStorage:Storage Directory /workdir/hadoop-ozone/integration-test/target/test-dir/MiniOzoneClusterImpl-73e7cd3e-72db-4213-b677-28bfbd198772/datanode-1/data/ratis/41b6c378-e71f-410b-b7ce-49807641c7c4
2019-09-25 04:49:22,144 [ef17bb0f-3839-4724-ad21-94b92a6e25d3@group-8D77C7A98E9B:LeaderElection30] INFO  server.RaftServerConfigKeys (ConfUtils.java:logGet(43)) - raft.server.watch.timeout.denomination = 1s (default)
2019-09-25 04:49:22,144 [pool-37-thread-1] INFO  server.RaftServerConfigKeys (ConfUtils.java:logGet(43)) - raft.server.log.queue.byte-limit = 2147483647 (custom)
2019-09-25 04:49:22,145 [ef17bb0f-3839-4724-ad21-94b92a6e25d3@group-8D77C7A98E9B:LeaderElection30] INFO  server.RaftServerConfigKeys (ConfUtils.java:logGet(43)) - raft.server.watch.element-limit = 65536 (default)
2019-09-25 04:49:22,145 [pool-37-thread-1] INFO  server.RaftServerConfigKeys (ConfUtils.java:logGet(43)) - raft.server.log.queue.element-limit = 1024 (custom)
2019-09-25 04:49:22,145 [pool-37-thread-1] INFO  server.RaftServerConfigKeys (ConfUtils.java:logGet(43)) - raft.server.log.segment.size.max = 1048576 (custom)
2019-09-25 04:49:22,145 [pool-37-thread-1] INFO  server.RaftServerConfigKeys (ConfUtils.java:logGet(43)) - raft.server.log.preallocated.size = 16384 (custom)
2019-09-25 04:49:22,145 [pool-37-thread-1] INFO  server.RaftServerConfigKeys (ConfUtils.java:logGet(43)) - raft.server.log.write.buffer.size = 33554432 (custom)
2019-09-25 04:49:22,146 [pool-37-thread-1] INFO  server.RaftServerConfigKeys (ConfUtils.java:logGet(43)) - raft.server.log.force.sync.num = 128 (default)
2019-09-25 04:49:22,146 [pool-37-thread-1] INFO  server.RaftServerConfigKeys (ConfUtils.java:logGet(43)) - raft.server.log.statemachine.data.sync = true (default)
2019-09-25 04:49:22,146 [pool-37-thread-1] INFO  server.RaftServerConfigKeys (ConfUtils.java:logGet(43)) - raft.server.log.statemachine.data.sync.timeout = 10s (default)
2019-09-25 04:49:22,146 [pool-37-thread-1] INFO  server.RaftServerConfigKeys (ConfUtils.java:logGet(43)) - raft.server.log.statemachine.data.sync.timeout.retry = -1 (default)
2019-09-25 04:49:22,146 [pool-37-thread-1] INFO  server.RaftServerConfigKeys (ConfUtils.java:logGet(43)) - raft.server.log.statemachine.data.caching.enabled = true (custom)
2019-09-25 04:49:22,147 [pool-37-thread-1] INFO  segmented.SegmentedRaftLogWorker (SegmentedRaftLogWorker.java:lambda$new$0(132)) - ef17bb0f-3839-4724-ad21-94b92a6e25d3@group-49807641C7C4-SegmentedRaftLogWorker: flushIndex: setUnconditionally 0 -> -1
2019-09-25 04:49:22,147 [pool-37-thread-1] INFO  server.RaftServerConfigKeys (ConfUtils.java:logGet(43)) - raft.server.snapshot.auto.trigger.enabled = true (custom)
2019-09-25 04:49:22,147 [pool-37-thread-1] INFO  server.RaftServerConfigKeys (ConfUtils.java:logGet(43)) - raft.server.snapshot.auto.trigger.threshold = 10000 (custom)
2019-09-25 04:49:22,148 [pool-37-thread-1] INFO  server.RaftServerConfigKeys (ConfUtils.java:logGet(43)) - raft.server.snapshot.retention.num.files = 5 (custom)
2019-09-25 04:49:22,148 [pool-37-thread-1] INFO  server.RaftServerConfigKeys (ConfUtils.java:logGet(43)) - raft.server.retrycache.expirytime = 600000ms (custom)
2019-09-25 04:49:22,149 [ef17bb0f-3839-4724-ad21-94b92a6e25d3@group-8D77C7A98E9B:LeaderElection30] INFO  impl.RoleInfo (RoleInfo.java:updateAndGet(143)) - ef17bb0f-3839-4724-ad21-94b92a6e25d3: start LeaderState
2019-09-25 04:49:22,149 [ef17bb0f-3839-4724-ad21-94b92a6e25d3@group-8D77C7A98E9B:LeaderElection30] INFO  segmented.SegmentedRaftLogWorker (SegmentedRaftLogWorker.java:startLogSegment(380)) - ef17bb0f-3839-4724-ad21-94b92a6e25d3@group-8D77C7A98E9B-SegmentedRaftLogWorker: Starting segment from index:0
2019-09-25 04:49:22,150 [ef17bb0f-3839-4724-ad21-94b92a6e25d3@group-8D77C7A98E9B:LeaderElection30] INFO  impl.RaftServerImpl (ServerState.java:setRaftConf(354)) - ef17bb0f-3839-4724-ad21-94b92a6e25d3@group-8D77C7A98E9B: set configuration 0: [ef17bb0f-3839-4724-ad21-94b92a6e25d3:192.168.164.207:40519], old=null at 0
2019-09-25 04:49:22,189 [3875a0db-bcd0-4e93-a77c-33ac6d7b4cc5@group-EF3900255609-SegmentedRaftLogWorker] INFO  segmented.SegmentedRaftLogWorker (SegmentedRaftLogWorker.java:execute(569)) - 3875a0db-bcd0-4e93-a77c-33ac6d7b4cc5@group-EF3900255609-SegmentedRaftLogWorker: created new log segment /workdir/hadoop-ozone/integration-test/target/test-dir/MiniOzoneClusterImpl-73e7cd3e-72db-4213-b677-28bfbd198772/datanode-5/data/ratis/02fa0b40-e161-4bf4-bbc5-ef3900255609/current/log_inprogress_0
2019-09-25 04:49:22,189 [778daabb-04ae-41de-8067-bd0724312da7@group-AD88A5BF1051-SegmentedRaftLogWorker] INFO  segmented.SegmentedRaftLogWorker (SegmentedRaftLogWorker.java:execute(569)) - 778daabb-04ae-41de-8067-bd0724312da7@group-AD88A5BF1051-SegmentedRaftLogWorker: created new log segment /workdir/hadoop-ozone/integration-test/target/test-dir/MiniOzoneClusterImpl-73e7cd3e-72db-4213-b677-28bfbd198772/datanode-8/data/ratis/0e8bbeb4-3d2b-4019-b682-ad88a5bf1051/current/log_inprogress_0
2019-09-25 04:49:22,189 [Thread-422] INFO  impl.FollowerState (FollowerState.java:run(106)) - 2f00ca3a-f523-476d-a77d-69389bdf1595:group-BA8DCE37908D changes to CANDIDATE, lastRpcTime:1121, electionTimeout:1088ms
2019-09-25 04:49:22,190 [Thread-422] INFO  impl.RoleInfo (RoleInfo.java:shutdownFollowerState(121)) - 2f00ca3a-f523-476d-a77d-69389bdf1595: shutdown FollowerState
2019-09-25 04:49:22,190 [Thread-422] INFO  impl.RaftServerImpl (RaftServerImpl.java:setRole(174)) - 2f00ca3a-f523-476d-a77d-69389bdf1595@group-BA8DCE37908D: changes role from  FOLLOWER to CANDIDATE at term 0 for changeToCandidate
2019-09-25 04:49:22,190 [Thread-422] INFO  impl.RoleInfo (RoleInfo.java:updateAndGet(143)) - 2f00ca3a-f523-476d-a77d-69389bdf1595: start LeaderElection
2019-09-25 04:49:22,190 [pool-37-thread-1] INFO  impl.RaftServerImpl (RaftServerImpl.java:start(185)) - ef17bb0f-3839-4724-ad21-94b92a6e25d3@group-49807641C7C4: start as a follower, conf=-1: [ef17bb0f-3839-4724-ad21-94b92a6e25d3:192.168.164.207:40519], old=null
2019-09-25 04:49:22,195 [pool-37-thread-1] INFO  impl.RaftServerImpl (RaftServerImpl.java:setRole(174)) - ef17bb0f-3839-4724-ad21-94b92a6e25d3@group-49807641C7C4: changes role from      null to FOLLOWER at term 0 for startAsFollower
2019-09-25 04:49:22,196 [pool-37-thread-1] INFO  impl.RoleInfo (RoleInfo.java:updateAndGet(143)) - ef17bb0f-3839-4724-ad21-94b92a6e25d3: start FollowerState
2019-09-25 04:49:22,196 [pool-37-thread-1] INFO  util.JmxRegister (JmxRegister.java:tryRegister(44)) - Successfully registered JMX Bean with object name Ratis:service=RaftServer,group=group-49807641C7C4,id=ef17bb0f-3839-4724-ad21-94b92a6e25d3
2019-09-25 04:49:22,199 [RatisPipelineUtilsThread] INFO  pipeline.PipelineStateManager (PipelineStateManager.java:addPipeline(56)) - Created pipeline Pipeline[ Id: 41b6c378-e71f-410b-b7ce-49807641c7c4, Nodes: ef17bb0f-3839-4724-ad21-94b92a6e25d3{ip: 192.168.164.207, host: pr-hdds-1569-s44lr-3492059363, networkLocation: /default-rack, certSerialId: null}, Type:RATIS, Factor:ONE, State:OPEN]
2019-09-25 04:49:22,200 [RatisPipelineUtilsThread] INFO  pipeline.PipelinePlacementPolicy (PipelinePlacementPolicy.java:meetCriteria(91)) - Pipeline Placement: can't place more pipeline on heavy datanode： ef17bb0f-3839-4724-ad21-94b92a6e25d3 Heaviness: 6 limit: 5
2019-09-25 04:49:22,200 [RatisPipelineUtilsThread] INFO  pipeline.PipelinePlacementPolicy (PipelinePlacementPolicy.java:meetCriteria(91)) - Pipeline Placement: can't place more pipeline on heavy datanode： 4a0ae61b-4689-46eb-b962-7605c7f95abd Heaviness: 6 limit: 5
2019-09-25 04:49:22,200 [RatisPipelineUtilsThread] INFO  pipeline.PipelinePlacementPolicy (PipelinePlacementPolicy.java:meetCriteria(91)) - Pipeline Placement: can't place more pipeline on heavy datanode： 4900d303-9ac7-4a86-9389-d77749add813 Heaviness: 6 limit: 5
2019-09-25 04:49:22,200 [RatisPipelineUtilsThread] INFO  pipeline.PipelinePlacementPolicy (PipelinePlacementPolicy.java:meetCriteria(91)) - Pipeline Placement: can't place more pipeline on heavy datanode： 0deae85c-a16a-4311-a0af-934f501df2cc Heaviness: 6 limit: 5
2019-09-25 04:49:22,206 [grpc-default-executor-1] INFO  impl.RaftServerProxy (RaftServerProxy.java:addNew(89)) - eccaf005-8169-4dfc-be1f-8981a011c66c: addNew group-5B1FF03C87F5:[eccaf005-8169-4dfc-be1f-8981a011c66c:192.168.164.207:46393] returns group-5B1FF03C87F5:java.util.concurrent.CompletableFuture@86685ed[Not completed]
2019-09-25 04:49:22,207 [pool-67-thread-1] INFO  impl.RaftServerImpl (RaftServerImpl.java:<init>(95)) - eccaf005-8169-4dfc-be1f-8981a011c66c: new RaftServerImpl for group-5B1FF03C87F5:[eccaf005-8169-4dfc-be1f-8981a011c66c:192.168.164.207:46393] with ContainerStateMachine:uninitialized
2019-09-25 04:49:22,207 [pool-67-thread-1] INFO  server.RaftServerConfigKeys (ConfUtils.java:logGet(43)) - raft.server.rpc.timeout.min = 1s (custom)
2019-09-25 04:49:22,207 [pool-67-thread-1] INFO  server.RaftServerConfigKeys (ConfUtils.java:logGet(43)) - raft.server.rpc.timeout.max = 1200ms (custom)
2019-09-25 04:49:22,208 [pool-67-thread-1] INFO  server.RaftServerConfigKeys (ConfUtils.java:logGet(43)) - raft.server.rpcslowness.timeout = 120s (custom)
2019-09-25 04:49:22,208 [pool-67-thread-1] INFO  server.RaftServerConfigKeys (ConfUtils.java:logGet(43)) - raft.server.sleep.deviation.threshold = 300 (default)
2019-09-25 04:49:22,208 [pool-67-thread-1] INFO  server.RaftServerConfigKeys (ConfUtils.java:logGet(43)) - raft.server.log.appender.install.snapshot.enabled = false (custom)
2019-09-25 04:49:22,208 [pool-67-thread-1] INFO  impl.RaftServerImpl (ServerState.java:<init>(103)) - eccaf005-8169-4dfc-be1f-8981a011c66c@group-5B1FF03C87F5: ConfigurationManager, init=-1: [eccaf005-8169-4dfc-be1f-8981a011c66c:192.168.164.207:46393], old=null, confs=<EMPTY_MAP>
2019-09-25 04:49:22,208 [pool-67-thread-1] INFO  server.RaftServerConfigKeys (ConfUtils.java:logGet(43)) - raft.server.storage.dir = [/workdir/hadoop-ozone/integration-test/target/test-dir/MiniOzoneClusterImpl-73e7cd3e-72db-4213-b677-28bfbd198772/datanode-4/data/ratis] (custom)
2019-09-25 04:49:22,209 [pool-67-thread-1] INFO  storage.RaftStorageDirectory (RaftStorageDirectory.java:analyzeStorage(246)) - The storage directory /workdir/hadoop-ozone/integration-test/target/test-dir/MiniOzoneClusterImpl-73e7cd3e-72db-4213-b677-28bfbd198772/datanode-4/data/ratis/c193dd7c-6740-4ac5-a8ba-5b1ff03c87f5 does not exist. Creating ...
2019-09-25 04:49:22,214 [ef17bb0f-3839-4724-ad21-94b92a6e25d3@group-8D77C7A98E9B-SegmentedRaftLogWorker] INFO  segmented.SegmentedRaftLogWorker (SegmentedRaftLogWorker.java:execute(569)) - ef17bb0f-3839-4724-ad21-94b92a6e25d3@group-8D77C7A98E9B-SegmentedRaftLogWorker: created new log segment /workdir/hadoop-ozone/integration-test/target/test-dir/MiniOzoneClusterImpl-73e7cd3e-72db-4213-b677-28bfbd198772/datanode-1/data/ratis/053ffbfd-3f1c-49bf-83e2-8d77c7a98e9b/current/log_inprogress_0
2019-09-25 04:49:22,215 [2f00ca3a-f523-476d-a77d-69389bdf1595@group-BA8DCE37908D:LeaderElection31] INFO  impl.LeaderElection (LeaderElection.java:askForVotes(182)) - 2f00ca3a-f523-476d-a77d-69389bdf1595@group-BA8DCE37908D:LeaderElection31: begin an election at term 1 for -1: [2f00ca3a-f523-476d-a77d-69389bdf1595:192.168.164.207:39474], old=null
2019-09-25 04:49:22,215 [2f00ca3a-f523-476d-a77d-69389bdf1595@group-BA8DCE37908D:LeaderElection31] INFO  impl.RoleInfo (RoleInfo.java:shutdownLeaderElection(134)) - 2f00ca3a-f523-476d-a77d-69389bdf1595: shutdown LeaderElection
2019-09-25 04:49:22,215 [2f00ca3a-f523-476d-a77d-69389bdf1595@group-BA8DCE37908D:LeaderElection31] INFO  impl.RaftServerImpl (RaftServerImpl.java:setRole(174)) - 2f00ca3a-f523-476d-a77d-69389bdf1595@group-BA8DCE37908D: changes role from CANDIDATE to LEADER at term 1 for changeToLeader
2019-09-25 04:49:22,215 [2f00ca3a-f523-476d-a77d-69389bdf1595@group-BA8DCE37908D:LeaderElection31] INFO  impl.RaftServerImpl (ServerState.java:setLeader(253)) - 2f00ca3a-f523-476d-a77d-69389bdf1595@group-BA8DCE37908D: change Leader from null to 2f00ca3a-f523-476d-a77d-69389bdf1595 at term 1 for becomeLeader, leader elected after 1154ms
2019-09-25 04:49:22,215 [2f00ca3a-f523-476d-a77d-69389bdf1595@group-BA8DCE37908D:LeaderElection31] INFO  server.RaftServerConfigKeys (ConfUtils.java:logGet(43)) - raft.server.staging.catchup.gap = 1000 (default)
2019-09-25 04:49:22,215 [2f00ca3a-f523-476d-a77d-69389bdf1595@group-BA8DCE37908D:LeaderElection31] INFO  server.RaftServerConfigKeys (ConfUtils.java:logGet(43)) - raft.server.rpc.sleep.time = 25ms (default)
2019-09-25 04:49:22,215 [2f00ca3a-f523-476d-a77d-69389bdf1595@group-BA8DCE37908D:LeaderElection31] INFO  server.RaftServerConfigKeys (ConfUtils.java:logGet(43)) - raft.server.write.element-limit = 4096 (default)
2019-09-25 04:49:22,215 [2f00ca3a-f523-476d-a77d-69389bdf1595@group-BA8DCE37908D:LeaderElection31] INFO  server.RaftServerConfigKeys (ConfUtils.java:logGet(43)) - raft.server.watch.timeout = 10s (default)
2019-09-25 04:49:22,216 [2f00ca3a-f523-476d-a77d-69389bdf1595@group-BA8DCE37908D:LeaderElection31] INFO  server.RaftServerConfigKeys (ConfUtils.java:logGet(43)) - raft.server.watch.timeout.denomination = 1s (default)
2019-09-25 04:49:22,216 [2f00ca3a-f523-476d-a77d-69389bdf1595@group-BA8DCE37908D:LeaderElection31] INFO  server.RaftServerConfigKeys (ConfUtils.java:logGet(43)) - raft.server.watch.element-limit = 65536 (default)
2019-09-25 04:49:22,216 [pool-67-thread-1] INFO  storage.RaftStorageDirectory (RaftStorageDirectory.java:tryLock(328)) - Lock on /workdir/hadoop-ozone/integration-test/target/test-dir/MiniOzoneClusterImpl-73e7cd3e-72db-4213-b677-28bfbd198772/datanode-4/data/ratis/c193dd7c-6740-4ac5-a8ba-5b1ff03c87f5/in_use.lock acquired by nodename 6977@pr-hdds-1569-s44lr-3492059363
2019-09-25 04:49:22,218 [2f00ca3a-f523-476d-a77d-69389bdf1595@group-BA8DCE37908D:LeaderElection31] INFO  impl.RoleInfo (RoleInfo.java:updateAndGet(143)) - 2f00ca3a-f523-476d-a77d-69389bdf1595: start LeaderState
2019-09-25 04:49:22,218 [2f00ca3a-f523-476d-a77d-69389bdf1595@group-BA8DCE37908D:LeaderElection31] INFO  segmented.SegmentedRaftLogWorker (SegmentedRaftLogWorker.java:startLogSegment(380)) - 2f00ca3a-f523-476d-a77d-69389bdf1595@group-BA8DCE37908D-SegmentedRaftLogWorker: Starting segment from index:0
2019-09-25 04:49:22,218 [2f00ca3a-f523-476d-a77d-69389bdf1595@group-BA8DCE37908D:LeaderElection31] INFO  impl.RaftServerImpl (ServerState.java:setRaftConf(354)) - 2f00ca3a-f523-476d-a77d-69389bdf1595@group-BA8DCE37908D: set configuration 0: [2f00ca3a-f523-476d-a77d-69389bdf1595:192.168.164.207:39474], old=null at 0
2019-09-25 04:49:22,256 [pool-67-thread-1] INFO  storage.RaftStorage (RaftStorage.java:format(72)) - Storage directory /workdir/hadoop-ozone/integration-test/target/test-dir/MiniOzoneClusterImpl-73e7cd3e-72db-4213-b677-28bfbd198772/datanode-4/data/ratis/c193dd7c-6740-4ac5-a8ba-5b1ff03c87f5 has been successfully formatted.
2019-09-25 04:49:22,256 [pool-67-thread-1] INFO  ratis.ContainerStateMachine (ContainerStateMachine.java:loadSnapshot(230)) - group-5B1FF03C87F5: The snapshot info is null. Setting the last applied indexto:(t:0, i:~)
2019-09-25 04:49:22,256 [pool-67-thread-1] INFO  server.RaftServerConfigKeys (ConfUtils.java:logGet(43)) - raft.server.notification.no-leader.timeout = 120s (custom)
2019-09-25 04:49:22,256 [pool-67-thread-1] INFO  server.RaftServerConfigKeys (ConfUtils.java:logGet(43)) - raft.server.log.use.memory = false (default)
2019-09-25 04:49:22,257 [pool-67-thread-1] INFO  server.RaftServerConfigKeys (ConfUtils.java:logGet(43)) - raft.server.log.purge.gap = 1000000 (custom)
2019-09-25 04:49:22,257 [pool-67-thread-1] INFO  server.RaftServerConfigKeys (ConfUtils.java:logGet(43)) - raft.server.log.appender.buffer.byte-limit = 33554432 (custom)
2019-09-25 04:49:22,257 [pool-67-thread-1] INFO  server.RaftServerConfigKeys (ConfUtils.java:logGet(43)) - raft.server.log.segment.size.max = 1048576 (custom)
2019-09-25 04:49:22,257 [pool-67-thread-1] INFO  server.RaftServerConfigKeys (ConfUtils.java:logGet(43)) - raft.server.log.segment.cache.num.max = 2 (custom)
2019-09-25 04:49:22,257 [pool-67-thread-1] INFO  segmented.SegmentedRaftLogWorker (SegmentedRaftLogWorker.java:<init>(172)) - new eccaf005-8169-4dfc-be1f-8981a011c66c@group-5B1FF03C87F5-SegmentedRaftLogWorker for RaftStorage:Storage Directory /workdir/hadoop-ozone/integration-test/target/test-dir/MiniOzoneClusterImpl-73e7cd3e-72db-4213-b677-28bfbd198772/datanode-4/data/ratis/c193dd7c-6740-4ac5-a8ba-5b1ff03c87f5
2019-09-25 04:49:22,257 [pool-67-thread-1] INFO  server.RaftServerConfigKeys (ConfUtils.java:logGet(43)) - raft.server.log.queue.byte-limit = 2147483647 (custom)
2019-09-25 04:49:22,257 [pool-67-thread-1] INFO  server.RaftServerConfigKeys (ConfUtils.java:logGet(43)) - raft.server.log.queue.element-limit = 1024 (custom)
2019-09-25 04:49:22,257 [pool-67-thread-1] INFO  server.RaftServerConfigKeys (ConfUtils.java:logGet(43)) - raft.server.log.segment.size.max = 1048576 (custom)
2019-09-25 04:49:22,257 [pool-67-thread-1] INFO  server.RaftServerConfigKeys (ConfUtils.java:logGet(43)) - raft.server.log.preallocated.size = 16384 (custom)
2019-09-25 04:49:22,258 [pool-67-thread-1] INFO  server.RaftServerConfigKeys (ConfUtils.java:logGet(43)) - raft.server.log.write.buffer.size = 33554432 (custom)
2019-09-25 04:49:22,258 [pool-67-thread-1] INFO  server.RaftServerConfigKeys (ConfUtils.java:logGet(43)) - raft.server.log.force.sync.num = 128 (default)
2019-09-25 04:49:22,258 [pool-67-thread-1] INFO  server.RaftServerConfigKeys (ConfUtils.java:logGet(43)) - raft.server.log.statemachine.data.sync = true (default)
2019-09-25 04:49:22,258 [pool-67-thread-1] INFO  server.RaftServerConfigKeys (ConfUtils.java:logGet(43)) - raft.server.log.statemachine.data.sync.timeout = 10s (default)
2019-09-25 04:49:22,258 [pool-67-thread-1] INFO  server.RaftServerConfigKeys (ConfUtils.java:logGet(43)) - raft.server.log.statemachine.data.sync.timeout.retry = -1 (default)
2019-09-25 04:49:22,258 [pool-67-thread-1] INFO  server.RaftServerConfigKeys (ConfUtils.java:logGet(43)) - raft.server.log.statemachine.data.caching.enabled = true (custom)
2019-09-25 04:49:22,258 [pool-67-thread-1] INFO  segmented.SegmentedRaftLogWorker (SegmentedRaftLogWorker.java:lambda$new$0(132)) - eccaf005-8169-4dfc-be1f-8981a011c66c@group-5B1FF03C87F5-SegmentedRaftLogWorker: flushIndex: setUnconditionally 0 -> -1
2019-09-25 04:49:22,259 [pool-67-thread-1] INFO  server.RaftServerConfigKeys (ConfUtils.java:logGet(43)) - raft.server.snapshot.auto.trigger.enabled = true (custom)
2019-09-25 04:49:22,259 [pool-67-thread-1] INFO  server.RaftServerConfigKeys (ConfUtils.java:logGet(43)) - raft.server.snapshot.auto.trigger.threshold = 10000 (custom)
2019-09-25 04:49:22,259 [pool-67-thread-1] INFO  server.RaftServerConfigKeys (ConfUtils.java:logGet(43)) - raft.server.snapshot.retention.num.files = 5 (custom)
2019-09-25 04:49:22,259 [pool-67-thread-1] INFO  server.RaftServerConfigKeys (ConfUtils.java:logGet(43)) - raft.server.retrycache.expirytime = 600000ms (custom)
2019-09-25 04:49:22,261 [pool-67-thread-1] INFO  impl.RaftServerImpl (RaftServerImpl.java:start(185)) - eccaf005-8169-4dfc-be1f-8981a011c66c@group-5B1FF03C87F5: start as a follower, conf=-1: [eccaf005-8169-4dfc-be1f-8981a011c66c:192.168.164.207:46393], old=null
2019-09-25 04:49:22,261 [pool-67-thread-1] INFO  impl.RaftServerImpl (RaftServerImpl.java:setRole(174)) - eccaf005-8169-4dfc-be1f-8981a011c66c@group-5B1FF03C87F5: changes role from      null to FOLLOWER at term 0 for startAsFollower
2019-09-25 04:49:22,261 [pool-67-thread-1] INFO  impl.RoleInfo (RoleInfo.java:updateAndGet(143)) - eccaf005-8169-4dfc-be1f-8981a011c66c: start FollowerState
2019-09-25 04:49:22,261 [pool-67-thread-1] INFO  util.JmxRegister (JmxRegister.java:tryRegister(44)) - Successfully registered JMX Bean with object name Ratis:service=RaftServer,group=group-5B1FF03C87F5,id=eccaf005-8169-4dfc-be1f-8981a011c66c
2019-09-25 04:49:22,264 [RatisPipelineUtilsThread] INFO  pipeline.PipelineStateManager (PipelineStateManager.java:addPipeline(56)) - Created pipeline Pipeline[ Id: c193dd7c-6740-4ac5-a8ba-5b1ff03c87f5, Nodes: eccaf005-8169-4dfc-be1f-8981a011c66c{ip: 192.168.164.207, host: pr-hdds-1569-s44lr-3492059363, networkLocation: /default-rack, certSerialId: null}, Type:RATIS, Factor:ONE, State:OPEN]
2019-09-25 04:49:22,264 [RatisPipelineUtilsThread] INFO  pipeline.PipelinePlacementPolicy (PipelinePlacementPolicy.java:meetCriteria(91)) - Pipeline Placement: can't place more pipeline on heavy datanode： ef17bb0f-3839-4724-ad21-94b92a6e25d3 Heaviness: 6 limit: 5
2019-09-25 04:49:22,264 [RatisPipelineUtilsThread] INFO  pipeline.PipelinePlacementPolicy (PipelinePlacementPolicy.java:meetCriteria(91)) - Pipeline Placement: can't place more pipeline on heavy datanode： 4a0ae61b-4689-46eb-b962-7605c7f95abd Heaviness: 6 limit: 5
2019-09-25 04:49:22,264 [RatisPipelineUtilsThread] INFO  pipeline.PipelinePlacementPolicy (PipelinePlacementPolicy.java:meetCriteria(91)) - Pipeline Placement: can't place more pipeline on heavy datanode： 4900d303-9ac7-4a86-9389-d77749add813 Heaviness: 6 limit: 5
2019-09-25 04:49:22,265 [RatisPipelineUtilsThread] INFO  pipeline.PipelinePlacementPolicy (PipelinePlacementPolicy.java:meetCriteria(91)) - Pipeline Placement: can't place more pipeline on heavy datanode： 0deae85c-a16a-4311-a0af-934f501df2cc Heaviness: 6 limit: 5
2019-09-25 04:49:22,268 [2f00ca3a-f523-476d-a77d-69389bdf1595@group-BA8DCE37908D-SegmentedRaftLogWorker] INFO  segmented.SegmentedRaftLogWorker (SegmentedRaftLogWorker.java:execute(569)) - 2f00ca3a-f523-476d-a77d-69389bdf1595@group-BA8DCE37908D-SegmentedRaftLogWorker: created new log segment /workdir/hadoop-ozone/integration-test/target/test-dir/MiniOzoneClusterImpl-73e7cd3e-72db-4213-b677-28bfbd198772/datanode-6/data/ratis/147f09ad-696d-4f7d-98db-ba8dce37908d/current/log_inprogress_0
2019-09-25 04:49:22,269 [grpc-default-executor-1] INFO  impl.RaftServerProxy (RaftServerProxy.java:addNew(89)) - 3875a0db-bcd0-4e93-a77c-33ac6d7b4cc5: addNew group-D1987FF31FE4:[3875a0db-bcd0-4e93-a77c-33ac6d7b4cc5:192.168.164.207:38833] returns group-D1987FF31FE4:java.util.concurrent.CompletableFuture@efcea7e[Not completed]
2019-09-25 04:49:22,271 [pool-77-thread-1] INFO  impl.RaftServerImpl (RaftServerImpl.java:<init>(95)) - 3875a0db-bcd0-4e93-a77c-33ac6d7b4cc5: new RaftServerImpl for group-D1987FF31FE4:[3875a0db-bcd0-4e93-a77c-33ac6d7b4cc5:192.168.164.207:38833] with ContainerStateMachine:uninitialized
2019-09-25 04:49:22,271 [pool-77-thread-1] INFO  server.RaftServerConfigKeys (ConfUtils.java:logGet(43)) - raft.server.rpc.timeout.min = 1s (custom)
2019-09-25 04:49:22,271 [pool-77-thread-1] INFO  server.RaftServerConfigKeys (ConfUtils.java:logGet(43)) - raft.server.rpc.timeout.max = 1200ms (custom)
2019-09-25 04:49:22,271 [pool-77-thread-1] INFO  server.RaftServerConfigKeys (ConfUtils.java:logGet(43)) - raft.server.rpcslowness.timeout = 120s (custom)
2019-09-25 04:49:22,271 [pool-77-thread-1] INFO  server.RaftServerConfigKeys (ConfUtils.java:logGet(43)) - raft.server.sleep.deviation.threshold = 300 (default)
2019-09-25 04:49:22,271 [pool-77-thread-1] INFO  server.RaftServerConfigKeys (ConfUtils.java:logGet(43)) - raft.server.log.appender.install.snapshot.enabled = false (custom)
2019-09-25 04:49:22,271 [pool-77-thread-1] INFO  impl.RaftServerImpl (ServerState.java:<init>(103)) - 3875a0db-bcd0-4e93-a77c-33ac6d7b4cc5@group-D1987FF31FE4: ConfigurationManager, init=-1: [3875a0db-bcd0-4e93-a77c-33ac6d7b4cc5:192.168.164.207:38833], old=null, confs=<EMPTY_MAP>
2019-09-25 04:49:22,272 [pool-77-thread-1] INFO  server.RaftServerConfigKeys (ConfUtils.java:logGet(43)) - raft.server.storage.dir = [/workdir/hadoop-ozone/integration-test/target/test-dir/MiniOzoneClusterImpl-73e7cd3e-72db-4213-b677-28bfbd198772/datanode-5/data/ratis] (custom)
2019-09-25 04:49:22,272 [pool-77-thread-1] INFO  storage.RaftStorageDirectory (RaftStorageDirectory.java:analyzeStorage(246)) - The storage directory /workdir/hadoop-ozone/integration-test/target/test-dir/MiniOzoneClusterImpl-73e7cd3e-72db-4213-b677-28bfbd198772/datanode-5/data/ratis/c26cbdba-6c28-416b-8008-d1987ff31fe4 does not exist. Creating ...
2019-09-25 04:49:22,282 [pool-77-thread-1] INFO  storage.RaftStorageDirectory (RaftStorageDirectory.java:tryLock(328)) - Lock on /workdir/hadoop-ozone/integration-test/target/test-dir/MiniOzoneClusterImpl-73e7cd3e-72db-4213-b677-28bfbd198772/datanode-5/data/ratis/c26cbdba-6c28-416b-8008-d1987ff31fe4/in_use.lock acquired by nodename 6977@pr-hdds-1569-s44lr-3492059363
2019-09-25 04:49:22,284 [Thread-431] INFO  impl.FollowerState (FollowerState.java:run(106)) - eccaf005-8169-4dfc-be1f-8981a011c66c:group-978CA49B1170 changes to CANDIDATE, lastRpcTime:1028, electionTimeout:1028ms
2019-09-25 04:49:22,284 [Thread-431] INFO  impl.RoleInfo (RoleInfo.java:shutdownFollowerState(121)) - eccaf005-8169-4dfc-be1f-8981a011c66c: shutdown FollowerState
2019-09-25 04:49:22,284 [Thread-431] INFO  impl.RaftServerImpl (RaftServerImpl.java:setRole(174)) - eccaf005-8169-4dfc-be1f-8981a011c66c@group-978CA49B1170: changes role from  FOLLOWER to CANDIDATE at term 0 for changeToCandidate
2019-09-25 04:49:22,284 [Thread-431] INFO  impl.RoleInfo (RoleInfo.java:updateAndGet(143)) - eccaf005-8169-4dfc-be1f-8981a011c66c: start LeaderElection
2019-09-25 04:49:22,298 [pool-77-thread-1] INFO  storage.RaftStorage (RaftStorage.java:format(72)) - Storage directory /workdir/hadoop-ozone/integration-test/target/test-dir/MiniOzoneClusterImpl-73e7cd3e-72db-4213-b677-28bfbd198772/datanode-5/data/ratis/c26cbdba-6c28-416b-8008-d1987ff31fe4 has been successfully formatted.
2019-09-25 04:49:22,298 [eccaf005-8169-4dfc-be1f-8981a011c66c@group-978CA49B1170:LeaderElection32] INFO  impl.LeaderElection (LeaderElection.java:askForVotes(182)) - eccaf005-8169-4dfc-be1f-8981a011c66c@group-978CA49B1170:LeaderElection32: begin an election at term 1 for -1: [eccaf005-8169-4dfc-be1f-8981a011c66c:192.168.164.207:46393], old=null
2019-09-25 04:49:22,298 [pool-77-thread-1] INFO  ratis.ContainerStateMachine (ContainerStateMachine.java:loadSnapshot(230)) - group-D1987FF31FE4: The snapshot info is null. Setting the last applied indexto:(t:0, i:~)
2019-09-25 04:49:22,298 [eccaf005-8169-4dfc-be1f-8981a011c66c@group-978CA49B1170:LeaderElection32] INFO  impl.RoleInfo (RoleInfo.java:shutdownLeaderElection(134)) - eccaf005-8169-4dfc-be1f-8981a011c66c: shutdown LeaderElection
2019-09-25 04:49:22,298 [pool-77-thread-1] INFO  server.RaftServerConfigKeys (ConfUtils.java:logGet(43)) - raft.server.notification.no-leader.timeout = 120s (custom)
2019-09-25 04:49:22,298 [eccaf005-8169-4dfc-be1f-8981a011c66c@group-978CA49B1170:LeaderElection32] INFO  impl.RaftServerImpl (RaftServerImpl.java:setRole(174)) - eccaf005-8169-4dfc-be1f-8981a011c66c@group-978CA49B1170: changes role from CANDIDATE to LEADER at term 1 for changeToLeader
2019-09-25 04:49:22,298 [pool-77-thread-1] INFO  server.RaftServerConfigKeys (ConfUtils.java:logGet(43)) - raft.server.log.use.memory = false (default)
2019-09-25 04:49:22,298 [eccaf005-8169-4dfc-be1f-8981a011c66c@group-978CA49B1170:LeaderElection32] INFO  impl.RaftServerImpl (ServerState.java:setLeader(253)) - eccaf005-8169-4dfc-be1f-8981a011c66c@group-978CA49B1170: change Leader from null to eccaf005-8169-4dfc-be1f-8981a011c66c at term 1 for becomeLeader, leader elected after 1052ms
2019-09-25 04:49:22,299 [pool-77-thread-1] INFO  server.RaftServerConfigKeys (ConfUtils.java:logGet(43)) - raft.server.log.purge.gap = 1000000 (custom)
2019-09-25 04:49:22,299 [eccaf005-8169-4dfc-be1f-8981a011c66c@group-978CA49B1170:LeaderElection32] INFO  server.RaftServerConfigKeys (ConfUtils.java:logGet(43)) - raft.server.staging.catchup.gap = 1000 (default)
2019-09-25 04:49:22,299 [pool-77-thread-1] INFO  server.RaftServerConfigKeys (ConfUtils.java:logGet(43)) - raft.server.log.appender.buffer.byte-limit = 33554432 (custom)
2019-09-25 04:49:22,299 [eccaf005-8169-4dfc-be1f-8981a011c66c@group-978CA49B1170:LeaderElection32] INFO  server.RaftServerConfigKeys (ConfUtils.java:logGet(43)) - raft.server.rpc.sleep.time = 25ms (default)
2019-09-25 04:49:22,299 [pool-77-thread-1] INFO  server.RaftServerConfigKeys (ConfUtils.java:logGet(43)) - raft.server.log.segment.size.max = 1048576 (custom)
2019-09-25 04:49:22,299 [eccaf005-8169-4dfc-be1f-8981a011c66c@group-978CA49B1170:LeaderElection32] INFO  server.RaftServerConfigKeys (ConfUtils.java:logGet(43)) - raft.server.write.element-limit = 4096 (default)
2019-09-25 04:49:22,299 [pool-77-thread-1] INFO  server.RaftServerConfigKeys (ConfUtils.java:logGet(43)) - raft.server.log.segment.cache.num.max = 2 (custom)
2019-09-25 04:49:22,300 [eccaf005-8169-4dfc-be1f-8981a011c66c@group-978CA49B1170:LeaderElection32] INFO  server.RaftServerConfigKeys (ConfUtils.java:logGet(43)) - raft.server.watch.timeout = 10s (default)
2019-09-25 04:49:22,300 [pool-77-thread-1] INFO  segmented.SegmentedRaftLogWorker (SegmentedRaftLogWorker.java:<init>(172)) - new 3875a0db-bcd0-4e93-a77c-33ac6d7b4cc5@group-D1987FF31FE4-SegmentedRaftLogWorker for RaftStorage:Storage Directory /workdir/hadoop-ozone/integration-test/target/test-dir/MiniOzoneClusterImpl-73e7cd3e-72db-4213-b677-28bfbd198772/datanode-5/data/ratis/c26cbdba-6c28-416b-8008-d1987ff31fe4
2019-09-25 04:49:22,300 [eccaf005-8169-4dfc-be1f-8981a011c66c@group-978CA49B1170:LeaderElection32] INFO  server.RaftServerConfigKeys (ConfUtils.java:logGet(43)) - raft.server.watch.timeout.denomination = 1s (default)
2019-09-25 04:49:22,300 [pool-77-thread-1] INFO  server.RaftServerConfigKeys (ConfUtils.java:logGet(43)) - raft.server.log.queue.byte-limit = 2147483647 (custom)
2019-09-25 04:49:22,300 [eccaf005-8169-4dfc-be1f-8981a011c66c@group-978CA49B1170:LeaderElection32] INFO  server.RaftServerConfigKeys (ConfUtils.java:logGet(43)) - raft.server.watch.element-limit = 65536 (default)
2019-09-25 04:49:22,300 [pool-77-thread-1] INFO  server.RaftServerConfigKeys (ConfUtils.java:logGet(43)) - raft.server.log.queue.element-limit = 1024 (custom)
2019-09-25 04:49:22,300 [pool-77-thread-1] INFO  server.RaftServerConfigKeys (ConfUtils.java:logGet(43)) - raft.server.log.segment.size.max = 1048576 (custom)
2019-09-25 04:49:22,301 [pool-77-thread-1] INFO  server.RaftServerConfigKeys (ConfUtils.java:logGet(43)) - raft.server.log.preallocated.size = 16384 (custom)
2019-09-25 04:49:22,301 [pool-77-thread-1] INFO  server.RaftServerConfigKeys (ConfUtils.java:logGet(43)) - raft.server.log.write.buffer.size = 33554432 (custom)
2019-09-25 04:49:22,301 [pool-77-thread-1] INFO  server.RaftServerConfigKeys (ConfUtils.java:logGet(43)) - raft.server.log.force.sync.num = 128 (default)
2019-09-25 04:49:22,301 [pool-77-thread-1] INFO  server.RaftServerConfigKeys (ConfUtils.java:logGet(43)) - raft.server.log.statemachine.data.sync = true (default)
2019-09-25 04:49:22,301 [pool-77-thread-1] INFO  server.RaftServerConfigKeys (ConfUtils.java:logGet(43)) - raft.server.log.statemachine.data.sync.timeout = 10s (default)
2019-09-25 04:49:22,301 [pool-77-thread-1] INFO  server.RaftServerConfigKeys (ConfUtils.java:logGet(43)) - raft.server.log.statemachine.data.sync.timeout.retry = -1 (default)
2019-09-25 04:49:22,301 [pool-77-thread-1] INFO  server.RaftServerConfigKeys (ConfUtils.java:logGet(43)) - raft.server.log.statemachine.data.caching.enabled = true (custom)
2019-09-25 04:49:22,302 [pool-77-thread-1] INFO  segmented.SegmentedRaftLogWorker (SegmentedRaftLogWorker.java:lambda$new$0(132)) - 3875a0db-bcd0-4e93-a77c-33ac6d7b4cc5@group-D1987FF31FE4-SegmentedRaftLogWorker: flushIndex: setUnconditionally 0 -> -1
2019-09-25 04:49:22,302 [pool-77-thread-1] INFO  server.RaftServerConfigKeys (ConfUtils.java:logGet(43)) - raft.server.snapshot.auto.trigger.enabled = true (custom)
2019-09-25 04:49:22,302 [pool-77-thread-1] INFO  server.RaftServerConfigKeys (ConfUtils.java:logGet(43)) - raft.server.snapshot.auto.trigger.threshold = 10000 (custom)
2019-09-25 04:49:22,302 [pool-77-thread-1] INFO  server.RaftServerConfigKeys (ConfUtils.java:logGet(43)) - raft.server.snapshot.retention.num.files = 5 (custom)
2019-09-25 04:49:22,302 [Thread-425] INFO  impl.FollowerState (FollowerState.java:run(106)) - eccaf005-8169-4dfc-be1f-8981a011c66c:group-B7D8D171D59F changes to CANDIDATE, lastRpcTime:1166, electionTimeout:1166ms
2019-09-25 04:49:22,302 [pool-77-thread-1] INFO  server.RaftServerConfigKeys (ConfUtils.java:logGet(43)) - raft.server.retrycache.expirytime = 600000ms (custom)
2019-09-25 04:49:22,303 [Thread-425] INFO  impl.RoleInfo (RoleInfo.java:shutdownFollowerState(121)) - eccaf005-8169-4dfc-be1f-8981a011c66c: shutdown FollowerState
2019-09-25 04:49:22,303 [Thread-425] INFO  impl.RaftServerImpl (RaftServerImpl.java:setRole(174)) - eccaf005-8169-4dfc-be1f-8981a011c66c@group-B7D8D171D59F: changes role from  FOLLOWER to CANDIDATE at term 0 for changeToCandidate
2019-09-25 04:49:22,303 [eccaf005-8169-4dfc-be1f-8981a011c66c@group-978CA49B1170:LeaderElection32] INFO  impl.RoleInfo (RoleInfo.java:updateAndGet(143)) - eccaf005-8169-4dfc-be1f-8981a011c66c: start LeaderState
2019-09-25 04:49:22,303 [Thread-425] INFO  impl.RoleInfo (RoleInfo.java:updateAndGet(143)) - eccaf005-8169-4dfc-be1f-8981a011c66c: start LeaderElection
2019-09-25 04:49:22,303 [eccaf005-8169-4dfc-be1f-8981a011c66c@group-978CA49B1170:LeaderElection32] INFO  segmented.SegmentedRaftLogWorker (SegmentedRaftLogWorker.java:startLogSegment(380)) - eccaf005-8169-4dfc-be1f-8981a011c66c@group-978CA49B1170-SegmentedRaftLogWorker: Starting segment from index:0
2019-09-25 04:49:22,309 [eccaf005-8169-4dfc-be1f-8981a011c66c@group-978CA49B1170:LeaderElection32] INFO  impl.RaftServerImpl (ServerState.java:setRaftConf(354)) - eccaf005-8169-4dfc-be1f-8981a011c66c@group-978CA49B1170: set configuration 0: [eccaf005-8169-4dfc-be1f-8981a011c66c:192.168.164.207:46393], old=null at 0
2019-09-25 04:49:22,337 [pool-77-thread-1] INFO  impl.RaftServerImpl (RaftServerImpl.java:start(185)) - 3875a0db-bcd0-4e93-a77c-33ac6d7b4cc5@group-D1987FF31FE4: start as a follower, conf=-1: [3875a0db-bcd0-4e93-a77c-33ac6d7b4cc5:192.168.164.207:38833], old=null
2019-09-25 04:49:22,337 [pool-77-thread-1] INFO  impl.RaftServerImpl (RaftServerImpl.java:setRole(174)) - 3875a0db-bcd0-4e93-a77c-33ac6d7b4cc5@group-D1987FF31FE4: changes role from      null to FOLLOWER at term 0 for startAsFollower
2019-09-25 04:49:22,337 [pool-77-thread-1] INFO  impl.RoleInfo (RoleInfo.java:updateAndGet(143)) - 3875a0db-bcd0-4e93-a77c-33ac6d7b4cc5: start FollowerState
2019-09-25 04:49:22,338 [pool-77-thread-1] INFO  util.JmxRegister (JmxRegister.java:tryRegister(44)) - Successfully registered JMX Bean with object name Ratis:service=RaftServer,group=group-D1987FF31FE4,id=3875a0db-bcd0-4e93-a77c-33ac6d7b4cc5
2019-09-25 04:49:22,340 [RatisPipelineUtilsThread] INFO  pipeline.PipelineStateManager (PipelineStateManager.java:addPipeline(56)) - Created pipeline Pipeline[ Id: c26cbdba-6c28-416b-8008-d1987ff31fe4, Nodes: 3875a0db-bcd0-4e93-a77c-33ac6d7b4cc5{ip: 192.168.164.207, host: pr-hdds-1569-s44lr-3492059363, networkLocation: /default-rack, certSerialId: null}, Type:RATIS, Factor:ONE, State:OPEN]
2019-09-25 04:49:22,341 [RatisPipelineUtilsThread] INFO  pipeline.PipelinePlacementPolicy (PipelinePlacementPolicy.java:meetCriteria(91)) - Pipeline Placement: can't place more pipeline on heavy datanode： ef17bb0f-3839-4724-ad21-94b92a6e25d3 Heaviness: 6 limit: 5
2019-09-25 04:49:22,341 [RatisPipelineUtilsThread] INFO  pipeline.PipelinePlacementPolicy (PipelinePlacementPolicy.java:meetCriteria(91)) - Pipeline Placement: can't place more pipeline on heavy datanode： 4a0ae61b-4689-46eb-b962-7605c7f95abd Heaviness: 6 limit: 5
2019-09-25 04:49:22,341 [RatisPipelineUtilsThread] INFO  pipeline.PipelinePlacementPolicy (PipelinePlacementPolicy.java:meetCriteria(91)) - Pipeline Placement: can't place more pipeline on heavy datanode： 4900d303-9ac7-4a86-9389-d77749add813 Heaviness: 6 limit: 5
2019-09-25 04:49:22,341 [RatisPipelineUtilsThread] INFO  pipeline.PipelinePlacementPolicy (PipelinePlacementPolicy.java:meetCriteria(91)) - Pipeline Placement: can't place more pipeline on heavy datanode： 0deae85c-a16a-4311-a0af-934f501df2cc Heaviness: 6 limit: 5
2019-09-25 04:49:22,347 [grpc-default-executor-1] INFO  impl.RaftServerProxy (RaftServerProxy.java:addNew(89)) - 3875a0db-bcd0-4e93-a77c-33ac6d7b4cc5: addNew group-256A1EF886DA:[3875a0db-bcd0-4e93-a77c-33ac6d7b4cc5:192.168.164.207:38833] returns group-256A1EF886DA:java.util.concurrent.CompletableFuture@53a9810[Not completed]
2019-09-25 04:49:22,348 [pool-77-thread-1] INFO  impl.RaftServerImpl (RaftServerImpl.java:<init>(95)) - 3875a0db-bcd0-4e93-a77c-33ac6d7b4cc5: new RaftServerImpl for group-256A1EF886DA:[3875a0db-bcd0-4e93-a77c-33ac6d7b4cc5:192.168.164.207:38833] with ContainerStateMachine:uninitialized
2019-09-25 04:49:22,348 [pool-77-thread-1] INFO  server.RaftServerConfigKeys (ConfUtils.java:logGet(43)) - raft.server.rpc.timeout.min = 1s (custom)
2019-09-25 04:49:22,348 [pool-77-thread-1] INFO  server.RaftServerConfigKeys (ConfUtils.java:logGet(43)) - raft.server.rpc.timeout.max = 1200ms (custom)
2019-09-25 04:49:22,348 [pool-77-thread-1] INFO  server.RaftServerConfigKeys (ConfUtils.java:logGet(43)) - raft.server.rpcslowness.timeout = 120s (custom)
2019-09-25 04:49:22,349 [pool-77-thread-1] INFO  server.RaftServerConfigKeys (ConfUtils.java:logGet(43)) - raft.server.sleep.deviation.threshold = 300 (default)
2019-09-25 04:49:22,349 [pool-77-thread-1] INFO  server.RaftServerConfigKeys (ConfUtils.java:logGet(43)) - raft.server.log.appender.install.snapshot.enabled = false (custom)
2019-09-25 04:49:22,349 [pool-77-thread-1] INFO  impl.RaftServerImpl (ServerState.java:<init>(103)) - 3875a0db-bcd0-4e93-a77c-33ac6d7b4cc5@group-256A1EF886DA: ConfigurationManager, init=-1: [3875a0db-bcd0-4e93-a77c-33ac6d7b4cc5:192.168.164.207:38833], old=null, confs=<EMPTY_MAP>
2019-09-25 04:49:22,349 [pool-77-thread-1] INFO  server.RaftServerConfigKeys (ConfUtils.java:logGet(43)) - raft.server.storage.dir = [/workdir/hadoop-ozone/integration-test/target/test-dir/MiniOzoneClusterImpl-73e7cd3e-72db-4213-b677-28bfbd198772/datanode-5/data/ratis] (custom)
2019-09-25 04:49:22,349 [pool-77-thread-1] INFO  storage.RaftStorageDirectory (RaftStorageDirectory.java:analyzeStorage(246)) - The storage directory /workdir/hadoop-ozone/integration-test/target/test-dir/MiniOzoneClusterImpl-73e7cd3e-72db-4213-b677-28bfbd198772/datanode-5/data/ratis/e345481d-a1f9-4929-84a2-256a1ef886da does not exist. Creating ...
2019-09-25 04:49:22,360 [Thread-428] INFO  impl.FollowerState (FollowerState.java:run(106)) - fcf37978-6168-4314-87d6-0e8a7c1fc6e1:group-2F9D5468F7E0 changes to CANDIDATE, lastRpcTime:1166, electionTimeout:1166ms
2019-09-25 04:49:22,360 [Thread-428] INFO  impl.RoleInfo (RoleInfo.java:shutdownFollowerState(121)) - fcf37978-6168-4314-87d6-0e8a7c1fc6e1: shutdown FollowerState
2019-09-25 04:49:22,361 [Thread-428] INFO  impl.RaftServerImpl (RaftServerImpl.java:setRole(174)) - fcf37978-6168-4314-87d6-0e8a7c1fc6e1@group-2F9D5468F7E0: changes role from  FOLLOWER to CANDIDATE at term 0 for changeToCandidate
2019-09-25 04:49:22,361 [Thread-428] INFO  impl.RoleInfo (RoleInfo.java:updateAndGet(143)) - fcf37978-6168-4314-87d6-0e8a7c1fc6e1: start LeaderElection
2019-09-25 04:49:22,361 [eccaf005-8169-4dfc-be1f-8981a011c66c@group-978CA49B1170-SegmentedRaftLogWorker] INFO  segmented.SegmentedRaftLogWorker (SegmentedRaftLogWorker.java:execute(569)) - eccaf005-8169-4dfc-be1f-8981a011c66c@group-978CA49B1170-SegmentedRaftLogWorker: created new log segment /workdir/hadoop-ozone/integration-test/target/test-dir/MiniOzoneClusterImpl-73e7cd3e-72db-4213-b677-28bfbd198772/datanode-4/data/ratis/04e89f51-a2d7-4e4f-8074-978ca49b1170/current/log_inprogress_0
2019-09-25 04:49:22,365 [pool-77-thread-1] INFO  storage.RaftStorageDirectory (RaftStorageDirectory.java:tryLock(328)) - Lock on /workdir/hadoop-ozone/integration-test/target/test-dir/MiniOzoneClusterImpl-73e7cd3e-72db-4213-b677-28bfbd198772/datanode-5/data/ratis/e345481d-a1f9-4929-84a2-256a1ef886da/in_use.lock acquired by nodename 6977@pr-hdds-1569-s44lr-3492059363
2019-09-25 04:49:22,365 [eccaf005-8169-4dfc-be1f-8981a011c66c@group-B7D8D171D59F:LeaderElection33] INFO  impl.LeaderElection (LeaderElection.java:askForVotes(182)) - eccaf005-8169-4dfc-be1f-8981a011c66c@group-B7D8D171D59F:LeaderElection33: begin an election at term 1 for -1: [eccaf005-8169-4dfc-be1f-8981a011c66c:192.168.164.207:46393], old=null
2019-09-25 04:49:22,371 [eccaf005-8169-4dfc-be1f-8981a011c66c@group-B7D8D171D59F:LeaderElection33] INFO  impl.RoleInfo (RoleInfo.java:shutdownLeaderElection(134)) - eccaf005-8169-4dfc-be1f-8981a011c66c: shutdown LeaderElection
2019-09-25 04:49:22,371 [eccaf005-8169-4dfc-be1f-8981a011c66c@group-B7D8D171D59F:LeaderElection33] INFO  impl.RaftServerImpl (RaftServerImpl.java:setRole(174)) - eccaf005-8169-4dfc-be1f-8981a011c66c@group-B7D8D171D59F: changes role from CANDIDATE to LEADER at term 1 for changeToLeader
2019-09-25 04:49:22,371 [eccaf005-8169-4dfc-be1f-8981a011c66c@group-B7D8D171D59F:LeaderElection33] INFO  impl.RaftServerImpl (ServerState.java:setLeader(253)) - eccaf005-8169-4dfc-be1f-8981a011c66c@group-B7D8D171D59F: change Leader from null to eccaf005-8169-4dfc-be1f-8981a011c66c at term 1 for becomeLeader, leader elected after 1243ms
2019-09-25 04:49:22,372 [eccaf005-8169-4dfc-be1f-8981a011c66c@group-B7D8D171D59F:LeaderElection33] INFO  server.RaftServerConfigKeys (ConfUtils.java:logGet(43)) - raft.server.staging.catchup.gap = 1000 (default)
2019-09-25 04:49:22,372 [eccaf005-8169-4dfc-be1f-8981a011c66c@group-B7D8D171D59F:LeaderElection33] INFO  server.RaftServerConfigKeys (ConfUtils.java:logGet(43)) - raft.server.rpc.sleep.time = 25ms (default)
2019-09-25 04:49:22,372 [eccaf005-8169-4dfc-be1f-8981a011c66c@group-B7D8D171D59F:LeaderElection33] INFO  server.RaftServerConfigKeys (ConfUtils.java:logGet(43)) - raft.server.write.element-limit = 4096 (default)
2019-09-25 04:49:22,372 [eccaf005-8169-4dfc-be1f-8981a011c66c@group-B7D8D171D59F:LeaderElection33] INFO  server.RaftServerConfigKeys (ConfUtils.java:logGet(43)) - raft.server.watch.timeout = 10s (default)
2019-09-25 04:49:22,372 [eccaf005-8169-4dfc-be1f-8981a011c66c@group-B7D8D171D59F:LeaderElection33] INFO  server.RaftServerConfigKeys (ConfUtils.java:logGet(43)) - raft.server.watch.timeout.denomination = 1s (default)
2019-09-25 04:49:22,372 [eccaf005-8169-4dfc-be1f-8981a011c66c@group-B7D8D171D59F:LeaderElection33] INFO  server.RaftServerConfigKeys (ConfUtils.java:logGet(43)) - raft.server.watch.element-limit = 65536 (default)
2019-09-25 04:49:22,376 [eccaf005-8169-4dfc-be1f-8981a011c66c@group-B7D8D171D59F:LeaderElection33] INFO  impl.RoleInfo (RoleInfo.java:updateAndGet(143)) - eccaf005-8169-4dfc-be1f-8981a011c66c: start LeaderState
2019-09-25 04:49:22,376 [eccaf005-8169-4dfc-be1f-8981a011c66c@group-B7D8D171D59F:LeaderElection33] INFO  segmented.SegmentedRaftLogWorker (SegmentedRaftLogWorker.java:startLogSegment(380)) - eccaf005-8169-4dfc-be1f-8981a011c66c@group-B7D8D171D59F-SegmentedRaftLogWorker: Starting segment from index:0
2019-09-25 04:49:22,376 [eccaf005-8169-4dfc-be1f-8981a011c66c@group-B7D8D171D59F:LeaderElection33] INFO  impl.RaftServerImpl (ServerState.java:setRaftConf(354)) - eccaf005-8169-4dfc-be1f-8981a011c66c@group-B7D8D171D59F: set configuration 0: [eccaf005-8169-4dfc-be1f-8981a011c66c:192.168.164.207:46393], old=null at 0
2019-09-25 04:49:22,416 [pool-77-thread-1] INFO  storage.RaftStorage (RaftStorage.java:format(72)) - Storage directory /workdir/hadoop-ozone/integration-test/target/test-dir/MiniOzoneClusterImpl-73e7cd3e-72db-4213-b677-28bfbd198772/datanode-5/data/ratis/e345481d-a1f9-4929-84a2-256a1ef886da has been successfully formatted.
2019-09-25 04:49:22,416 [fcf37978-6168-4314-87d6-0e8a7c1fc6e1@group-2F9D5468F7E0:LeaderElection34] INFO  impl.LeaderElection (LeaderElection.java:askForVotes(182)) - fcf37978-6168-4314-87d6-0e8a7c1fc6e1@group-2F9D5468F7E0:LeaderElection34: begin an election at term 1 for -1: [fcf37978-6168-4314-87d6-0e8a7c1fc6e1:192.168.164.207:44984], old=null
2019-09-25 04:49:22,416 [fcf37978-6168-4314-87d6-0e8a7c1fc6e1@group-2F9D5468F7E0:LeaderElection34] INFO  impl.RoleInfo (RoleInfo.java:shutdownLeaderElection(134)) - fcf37978-6168-4314-87d6-0e8a7c1fc6e1: shutdown LeaderElection
2019-09-25 04:49:22,416 [pool-77-thread-1] INFO  ratis.ContainerStateMachine (ContainerStateMachine.java:loadSnapshot(230)) - group-256A1EF886DA: The snapshot info is null. Setting the last applied indexto:(t:0, i:~)
2019-09-25 04:49:22,417 [fcf37978-6168-4314-87d6-0e8a7c1fc6e1@group-2F9D5468F7E0:LeaderElection34] INFO  impl.RaftServerImpl (RaftServerImpl.java:setRole(174)) - fcf37978-6168-4314-87d6-0e8a7c1fc6e1@group-2F9D5468F7E0: changes role from CANDIDATE to LEADER at term 1 for changeToLeader
2019-09-25 04:49:22,417 [pool-77-thread-1] INFO  server.RaftServerConfigKeys (ConfUtils.java:logGet(43)) - raft.server.notification.no-leader.timeout = 120s (custom)
2019-09-25 04:49:22,417 [fcf37978-6168-4314-87d6-0e8a7c1fc6e1@group-2F9D5468F7E0:LeaderElection34] INFO  impl.RaftServerImpl (ServerState.java:setLeader(253)) - fcf37978-6168-4314-87d6-0e8a7c1fc6e1@group-2F9D5468F7E0: change Leader from null to fcf37978-6168-4314-87d6-0e8a7c1fc6e1 at term 1 for becomeLeader, leader elected after 1229ms
2019-09-25 04:49:22,417 [pool-77-thread-1] INFO  server.RaftServerConfigKeys (ConfUtils.java:logGet(43)) - raft.server.log.use.memory = false (default)
2019-09-25 04:49:22,417 [fcf37978-6168-4314-87d6-0e8a7c1fc6e1@group-2F9D5468F7E0:LeaderElection34] INFO  server.RaftServerConfigKeys (ConfUtils.java:logGet(43)) - raft.server.staging.catchup.gap = 1000 (default)
2019-09-25 04:49:22,417 [pool-77-thread-1] INFO  server.RaftServerConfigKeys (ConfUtils.java:logGet(43)) - raft.server.log.purge.gap = 1000000 (custom)
2019-09-25 04:49:22,417 [fcf37978-6168-4314-87d6-0e8a7c1fc6e1@group-2F9D5468F7E0:LeaderElection34] INFO  server.RaftServerConfigKeys (ConfUtils.java:logGet(43)) - raft.server.rpc.sleep.time = 25ms (default)
2019-09-25 04:49:22,417 [pool-77-thread-1] INFO  server.RaftServerConfigKeys (ConfUtils.java:logGet(43)) - raft.server.log.appender.buffer.byte-limit = 33554432 (custom)
2019-09-25 04:49:22,417 [fcf37978-6168-4314-87d6-0e8a7c1fc6e1@group-2F9D5468F7E0:LeaderElection34] INFO  server.RaftServerConfigKeys (ConfUtils.java:logGet(43)) - raft.server.write.element-limit = 4096 (default)
2019-09-25 04:49:22,417 [pool-77-thread-1] INFO  server.RaftServerConfigKeys (ConfUtils.java:logGet(43)) - raft.server.log.segment.size.max = 1048576 (custom)
2019-09-25 04:49:22,418 [fcf37978-6168-4314-87d6-0e8a7c1fc6e1@group-2F9D5468F7E0:LeaderElection34] INFO  server.RaftServerConfigKeys (ConfUtils.java:logGet(43)) - raft.server.watch.timeout = 10s (default)
2019-09-25 04:49:22,418 [pool-77-thread-1] INFO  server.RaftServerConfigKeys (ConfUtils.java:logGet(43)) - raft.server.log.segment.cache.num.max = 2 (custom)
2019-09-25 04:49:22,418 [fcf37978-6168-4314-87d6-0e8a7c1fc6e1@group-2F9D5468F7E0:LeaderElection34] INFO  server.RaftServerConfigKeys (ConfUtils.java:logGet(43)) - raft.server.watch.timeout.denomination = 1s (default)
2019-09-25 04:49:22,418 [pool-77-thread-1] INFO  segmented.SegmentedRaftLogWorker (SegmentedRaftLogWorker.java:<init>(172)) - new 3875a0db-bcd0-4e93-a77c-33ac6d7b4cc5@group-256A1EF886DA-SegmentedRaftLogWorker for RaftStorage:Storage Directory /workdir/hadoop-ozone/integration-test/target/test-dir/MiniOzoneClusterImpl-73e7cd3e-72db-4213-b677-28bfbd198772/datanode-5/data/ratis/e345481d-a1f9-4929-84a2-256a1ef886da
2019-09-25 04:49:22,418 [fcf37978-6168-4314-87d6-0e8a7c1fc6e1@group-2F9D5468F7E0:LeaderElection34] INFO  server.RaftServerConfigKeys (ConfUtils.java:logGet(43)) - raft.server.watch.element-limit = 65536 (default)
2019-09-25 04:49:22,418 [pool-77-thread-1] INFO  server.RaftServerConfigKeys (ConfUtils.java:logGet(43)) - raft.server.log.queue.byte-limit = 2147483647 (custom)
2019-09-25 04:49:22,418 [pool-77-thread-1] INFO  server.RaftServerConfigKeys (ConfUtils.java:logGet(43)) - raft.server.log.queue.element-limit = 1024 (custom)
2019-09-25 04:49:22,418 [pool-77-thread-1] INFO  server.RaftServerConfigKeys (ConfUtils.java:logGet(43)) - raft.server.log.segment.size.max = 1048576 (custom)
2019-09-25 04:49:22,419 [pool-77-thread-1] INFO  server.RaftServerConfigKeys (ConfUtils.java:logGet(43)) - raft.server.log.preallocated.size = 16384 (custom)
2019-09-25 04:49:22,419 [pool-77-thread-1] INFO  server.RaftServerConfigKeys (ConfUtils.java:logGet(43)) - raft.server.log.write.buffer.size = 33554432 (custom)
2019-09-25 04:49:22,419 [pool-77-thread-1] INFO  server.RaftServerConfigKeys (ConfUtils.java:logGet(43)) - raft.server.log.force.sync.num = 128 (default)
2019-09-25 04:49:22,419 [pool-77-thread-1] INFO  server.RaftServerConfigKeys (ConfUtils.java:logGet(43)) - raft.server.log.statemachine.data.sync = true (default)
2019-09-25 04:49:22,419 [pool-77-thread-1] INFO  server.RaftServerConfigKeys (ConfUtils.java:logGet(43)) - raft.server.log.statemachine.data.sync.timeout = 10s (default)
2019-09-25 04:49:22,419 [pool-77-thread-1] INFO  server.RaftServerConfigKeys (ConfUtils.java:logGet(43)) - raft.server.log.statemachine.data.sync.timeout.retry = -1 (default)
2019-09-25 04:49:22,419 [pool-77-thread-1] INFO  server.RaftServerConfigKeys (ConfUtils.java:logGet(43)) - raft.server.log.statemachine.data.caching.enabled = true (custom)
2019-09-25 04:49:22,420 [pool-77-thread-1] INFO  segmented.SegmentedRaftLogWorker (SegmentedRaftLogWorker.java:lambda$new$0(132)) - 3875a0db-bcd0-4e93-a77c-33ac6d7b4cc5@group-256A1EF886DA-SegmentedRaftLogWorker: flushIndex: setUnconditionally 0 -> -1
2019-09-25 04:49:22,420 [fcf37978-6168-4314-87d6-0e8a7c1fc6e1@group-2F9D5468F7E0:LeaderElection34] INFO  impl.RoleInfo (RoleInfo.java:updateAndGet(143)) - fcf37978-6168-4314-87d6-0e8a7c1fc6e1: start LeaderState
2019-09-25 04:49:22,420 [pool-77-thread-1] INFO  server.RaftServerConfigKeys (ConfUtils.java:logGet(43)) - raft.server.snapshot.auto.trigger.enabled = true (custom)
2019-09-25 04:49:22,420 [fcf37978-6168-4314-87d6-0e8a7c1fc6e1@group-2F9D5468F7E0:LeaderElection34] INFO  segmented.SegmentedRaftLogWorker (SegmentedRaftLogWorker.java:startLogSegment(380)) - fcf37978-6168-4314-87d6-0e8a7c1fc6e1@group-2F9D5468F7E0-SegmentedRaftLogWorker: Starting segment from index:0
2019-09-25 04:49:22,420 [pool-77-thread-1] INFO  server.RaftServerConfigKeys (ConfUtils.java:logGet(43)) - raft.server.snapshot.auto.trigger.threshold = 10000 (custom)
2019-09-25 04:49:22,421 [pool-77-thread-1] INFO  server.RaftServerConfigKeys (ConfUtils.java:logGet(43)) - raft.server.snapshot.retention.num.files = 5 (custom)
2019-09-25 04:49:22,421 [pool-77-thread-1] INFO  server.RaftServerConfigKeys (ConfUtils.java:logGet(43)) - raft.server.retrycache.expirytime = 600000ms (custom)
2019-09-25 04:49:22,421 [fcf37978-6168-4314-87d6-0e8a7c1fc6e1@group-2F9D5468F7E0:LeaderElection34] INFO  impl.RaftServerImpl (ServerState.java:setRaftConf(354)) - fcf37978-6168-4314-87d6-0e8a7c1fc6e1@group-2F9D5468F7E0: set configuration 0: [fcf37978-6168-4314-87d6-0e8a7c1fc6e1:192.168.164.207:44984], old=null at 0
2019-09-25 04:49:22,451 [Thread-437] INFO  impl.FollowerState (FollowerState.java:run(106)) - fcf37978-6168-4314-87d6-0e8a7c1fc6e1:group-10035C8A5856 changes to CANDIDATE, lastRpcTime:1079, electionTimeout:1054ms
2019-09-25 04:49:22,451 [eccaf005-8169-4dfc-be1f-8981a011c66c@group-B7D8D171D59F-SegmentedRaftLogWorker] INFO  segmented.SegmentedRaftLogWorker (SegmentedRaftLogWorker.java:execute(569)) - eccaf005-8169-4dfc-be1f-8981a011c66c@group-B7D8D171D59F-SegmentedRaftLogWorker: created new log segment /workdir/hadoop-ozone/integration-test/target/test-dir/MiniOzoneClusterImpl-73e7cd3e-72db-4213-b677-28bfbd198772/datanode-4/data/ratis/30d0690e-3f1c-4d0d-9ca0-b7d8d171d59f/current/log_inprogress_0
2019-09-25 04:49:22,451 [Thread-437] INFO  impl.RoleInfo (RoleInfo.java:shutdownFollowerState(121)) - fcf37978-6168-4314-87d6-0e8a7c1fc6e1: shutdown FollowerState
2019-09-25 04:49:22,451 [Thread-437] INFO  impl.RaftServerImpl (RaftServerImpl.java:setRole(174)) - fcf37978-6168-4314-87d6-0e8a7c1fc6e1@group-10035C8A5856: changes role from  FOLLOWER to CANDIDATE at term 0 for changeToCandidate
2019-09-25 04:49:22,451 [Thread-437] INFO  impl.RoleInfo (RoleInfo.java:updateAndGet(143)) - fcf37978-6168-4314-87d6-0e8a7c1fc6e1: start LeaderElection
2019-09-25 04:49:22,461 [pool-77-thread-1] INFO  impl.RaftServerImpl (RaftServerImpl.java:start(185)) - 3875a0db-bcd0-4e93-a77c-33ac6d7b4cc5@group-256A1EF886DA: start as a follower, conf=-1: [3875a0db-bcd0-4e93-a77c-33ac6d7b4cc5:192.168.164.207:38833], old=null
2019-09-25 04:49:22,461 [pool-77-thread-1] INFO  impl.RaftServerImpl (RaftServerImpl.java:setRole(174)) - 3875a0db-bcd0-4e93-a77c-33ac6d7b4cc5@group-256A1EF886DA: changes role from      null to FOLLOWER at term 0 for startAsFollower
2019-09-25 04:49:22,461 [pool-77-thread-1] INFO  impl.RoleInfo (RoleInfo.java:updateAndGet(143)) - 3875a0db-bcd0-4e93-a77c-33ac6d7b4cc5: start FollowerState
2019-09-25 04:49:22,462 [pool-77-thread-1] INFO  util.JmxRegister (JmxRegister.java:tryRegister(44)) - Successfully registered JMX Bean with object name Ratis:service=RaftServer,group=group-256A1EF886DA,id=3875a0db-bcd0-4e93-a77c-33ac6d7b4cc5
2019-09-25 04:49:22,464 [fcf37978-6168-4314-87d6-0e8a7c1fc6e1@group-2F9D5468F7E0-SegmentedRaftLogWorker] INFO  segmented.SegmentedRaftLogWorker (SegmentedRaftLogWorker.java:execute(569)) - fcf37978-6168-4314-87d6-0e8a7c1fc6e1@group-2F9D5468F7E0-SegmentedRaftLogWorker: created new log segment /workdir/hadoop-ozone/integration-test/target/test-dir/MiniOzoneClusterImpl-73e7cd3e-72db-4213-b677-28bfbd198772/datanode-3/data/ratis/021be44c-a1bd-43da-b462-2f9d5468f7e0/current/log_inprogress_0
2019-09-25 04:49:22,464 [fcf37978-6168-4314-87d6-0e8a7c1fc6e1@group-10035C8A5856:LeaderElection35] INFO  impl.LeaderElection (LeaderElection.java:askForVotes(182)) - fcf37978-6168-4314-87d6-0e8a7c1fc6e1@group-10035C8A5856:LeaderElection35: begin an election at term 1 for -1: [fcf37978-6168-4314-87d6-0e8a7c1fc6e1:192.168.164.207:44984], old=null
2019-09-25 04:49:22,464 [fcf37978-6168-4314-87d6-0e8a7c1fc6e1@group-10035C8A5856:LeaderElection35] INFO  impl.RoleInfo (RoleInfo.java:shutdownLeaderElection(134)) - fcf37978-6168-4314-87d6-0e8a7c1fc6e1: shutdown LeaderElection
2019-09-25 04:49:22,464 [fcf37978-6168-4314-87d6-0e8a7c1fc6e1@group-10035C8A5856:LeaderElection35] INFO  impl.RaftServerImpl (RaftServerImpl.java:setRole(174)) - fcf37978-6168-4314-87d6-0e8a7c1fc6e1@group-10035C8A5856: changes role from CANDIDATE to LEADER at term 1 for changeToLeader
2019-09-25 04:49:22,465 [fcf37978-6168-4314-87d6-0e8a7c1fc6e1@group-10035C8A5856:LeaderElection35] INFO  impl.RaftServerImpl (ServerState.java:setLeader(253)) - fcf37978-6168-4314-87d6-0e8a7c1fc6e1@group-10035C8A5856: change Leader from null to fcf37978-6168-4314-87d6-0e8a7c1fc6e1 at term 1 for becomeLeader, leader elected after 1099ms
2019-09-25 04:49:22,465 [fcf37978-6168-4314-87d6-0e8a7c1fc6e1@group-10035C8A5856:LeaderElection35] INFO  server.RaftServerConfigKeys (ConfUtils.java:logGet(43)) - raft.server.staging.catchup.gap = 1000 (default)
2019-09-25 04:49:22,465 [RatisPipelineUtilsThread] INFO  pipeline.PipelineStateManager (PipelineStateManager.java:addPipeline(56)) - Created pipeline Pipeline[ Id: e345481d-a1f9-4929-84a2-256a1ef886da, Nodes: 3875a0db-bcd0-4e93-a77c-33ac6d7b4cc5{ip: 192.168.164.207, host: pr-hdds-1569-s44lr-3492059363, networkLocation: /default-rack, certSerialId: null}, Type:RATIS, Factor:ONE, State:OPEN]
2019-09-25 04:49:22,465 [fcf37978-6168-4314-87d6-0e8a7c1fc6e1@group-10035C8A5856:LeaderElection35] INFO  server.RaftServerConfigKeys (ConfUtils.java:logGet(43)) - raft.server.rpc.sleep.time = 25ms (default)
2019-09-25 04:49:22,465 [RatisPipelineUtilsThread] INFO  pipeline.PipelinePlacementPolicy (PipelinePlacementPolicy.java:meetCriteria(91)) - Pipeline Placement: can't place more pipeline on heavy datanode： ef17bb0f-3839-4724-ad21-94b92a6e25d3 Heaviness: 6 limit: 5
2019-09-25 04:49:22,466 [fcf37978-6168-4314-87d6-0e8a7c1fc6e1@group-10035C8A5856:LeaderElection35] INFO  server.RaftServerConfigKeys (ConfUtils.java:logGet(43)) - raft.server.write.element-limit = 4096 (default)
2019-09-25 04:49:22,466 [RatisPipelineUtilsThread] INFO  pipeline.PipelinePlacementPolicy (PipelinePlacementPolicy.java:meetCriteria(91)) - Pipeline Placement: can't place more pipeline on heavy datanode： 4a0ae61b-4689-46eb-b962-7605c7f95abd Heaviness: 6 limit: 5
2019-09-25 04:49:22,466 [fcf37978-6168-4314-87d6-0e8a7c1fc6e1@group-10035C8A5856:LeaderElection35] INFO  server.RaftServerConfigKeys (ConfUtils.java:logGet(43)) - raft.server.watch.timeout = 10s (default)
2019-09-25 04:49:22,466 [RatisPipelineUtilsThread] INFO  pipeline.PipelinePlacementPolicy (PipelinePlacementPolicy.java:meetCriteria(91)) - Pipeline Placement: can't place more pipeline on heavy datanode： 4900d303-9ac7-4a86-9389-d77749add813 Heaviness: 6 limit: 5
2019-09-25 04:49:22,466 [fcf37978-6168-4314-87d6-0e8a7c1fc6e1@group-10035C8A5856:LeaderElection35] INFO  server.RaftServerConfigKeys (ConfUtils.java:logGet(43)) - raft.server.watch.timeout.denomination = 1s (default)
2019-09-25 04:49:22,466 [RatisPipelineUtilsThread] INFO  pipeline.PipelinePlacementPolicy (PipelinePlacementPolicy.java:meetCriteria(91)) - Pipeline Placement: can't place more pipeline on heavy datanode： 0deae85c-a16a-4311-a0af-934f501df2cc Heaviness: 6 limit: 5
2019-09-25 04:49:22,467 [fcf37978-6168-4314-87d6-0e8a7c1fc6e1@group-10035C8A5856:LeaderElection35] INFO  server.RaftServerConfigKeys (ConfUtils.java:logGet(43)) - raft.server.watch.element-limit = 65536 (default)
2019-09-25 04:49:22,467 [Thread-434] INFO  impl.FollowerState (FollowerState.java:run(106)) - 4a0ae61b-4689-46eb-b962-7605c7f95abd:group-54F07E795FAA changes to CANDIDATE, lastRpcTime:1159, electionTimeout:1159ms
2019-09-25 04:49:22,468 [Thread-434] INFO  impl.RoleInfo (RoleInfo.java:shutdownFollowerState(121)) - 4a0ae61b-4689-46eb-b962-7605c7f95abd: shutdown FollowerState
2019-09-25 04:49:22,468 [Thread-434] INFO  impl.RaftServerImpl (RaftServerImpl.java:setRole(174)) - 4a0ae61b-4689-46eb-b962-7605c7f95abd@group-54F07E795FAA: changes role from  FOLLOWER to CANDIDATE at term 0 for changeToCandidate
2019-09-25 04:49:22,468 [Thread-434] INFO  impl.RoleInfo (RoleInfo.java:updateAndGet(143)) - 4a0ae61b-4689-46eb-b962-7605c7f95abd: start LeaderElection
2019-09-25 04:49:22,479 [fcf37978-6168-4314-87d6-0e8a7c1fc6e1@group-10035C8A5856:LeaderElection35] INFO  impl.RoleInfo (RoleInfo.java:updateAndGet(143)) - fcf37978-6168-4314-87d6-0e8a7c1fc6e1: start LeaderState
2019-09-25 04:49:22,479 [fcf37978-6168-4314-87d6-0e8a7c1fc6e1@group-10035C8A5856:LeaderElection35] INFO  segmented.SegmentedRaftLogWorker (SegmentedRaftLogWorker.java:startLogSegment(380)) - fcf37978-6168-4314-87d6-0e8a7c1fc6e1@group-10035C8A5856-SegmentedRaftLogWorker: Starting segment from index:0
2019-09-25 04:49:22,479 [fcf37978-6168-4314-87d6-0e8a7c1fc6e1@group-10035C8A5856:LeaderElection35] INFO  impl.RaftServerImpl (ServerState.java:setRaftConf(354)) - fcf37978-6168-4314-87d6-0e8a7c1fc6e1@group-10035C8A5856: set configuration 0: [fcf37978-6168-4314-87d6-0e8a7c1fc6e1:192.168.164.207:44984], old=null at 0
2019-09-25 04:49:22,514 [4a0ae61b-4689-46eb-b962-7605c7f95abd@group-54F07E795FAA:LeaderElection36] INFO  impl.LeaderElection (LeaderElection.java:askForVotes(182)) - 4a0ae61b-4689-46eb-b962-7605c7f95abd@group-54F07E795FAA:LeaderElection36: begin an election at term 1 for -1: [4a0ae61b-4689-46eb-b962-7605c7f95abd:192.168.164.207:41419], old=null
2019-09-25 04:49:22,515 [4a0ae61b-4689-46eb-b962-7605c7f95abd@group-54F07E795FAA:LeaderElection36] INFO  impl.RoleInfo (RoleInfo.java:shutdownLeaderElection(134)) - 4a0ae61b-4689-46eb-b962-7605c7f95abd: shutdown LeaderElection
2019-09-25 04:49:22,515 [4a0ae61b-4689-46eb-b962-7605c7f95abd@group-54F07E795FAA:LeaderElection36] INFO  impl.RaftServerImpl (RaftServerImpl.java:setRole(174)) - 4a0ae61b-4689-46eb-b962-7605c7f95abd@group-54F07E795FAA: changes role from CANDIDATE to LEADER at term 1 for changeToLeader
2019-09-25 04:49:22,515 [4a0ae61b-4689-46eb-b962-7605c7f95abd@group-54F07E795FAA:LeaderElection36] INFO  impl.RaftServerImpl (ServerState.java:setLeader(253)) - 4a0ae61b-4689-46eb-b962-7605c7f95abd@group-54F07E795FAA: change Leader from null to 4a0ae61b-4689-46eb-b962-7605c7f95abd at term 1 for becomeLeader, leader elected after 1212ms
2019-09-25 04:49:22,515 [4a0ae61b-4689-46eb-b962-7605c7f95abd@group-54F07E795FAA:LeaderElection36] INFO  server.RaftServerConfigKeys (ConfUtils.java:logGet(43)) - raft.server.staging.catchup.gap = 1000 (default)
2019-09-25 04:49:22,515 [4a0ae61b-4689-46eb-b962-7605c7f95abd@group-54F07E795FAA:LeaderElection36] INFO  server.RaftServerConfigKeys (ConfUtils.java:logGet(43)) - raft.server.rpc.sleep.time = 25ms (default)
2019-09-25 04:49:22,516 [4a0ae61b-4689-46eb-b962-7605c7f95abd@group-54F07E795FAA:LeaderElection36] INFO  server.RaftServerConfigKeys (ConfUtils.java:logGet(43)) - raft.server.write.element-limit = 4096 (default)
2019-09-25 04:49:22,516 [4a0ae61b-4689-46eb-b962-7605c7f95abd@group-54F07E795FAA:LeaderElection36] INFO  server.RaftServerConfigKeys (ConfUtils.java:logGet(43)) - raft.server.watch.timeout = 10s (default)
2019-09-25 04:49:22,516 [4a0ae61b-4689-46eb-b962-7605c7f95abd@group-54F07E795FAA:LeaderElection36] INFO  server.RaftServerConfigKeys (ConfUtils.java:logGet(43)) - raft.server.watch.timeout.denomination = 1s (default)
2019-09-25 04:49:22,516 [4a0ae61b-4689-46eb-b962-7605c7f95abd@group-54F07E795FAA:LeaderElection36] INFO  server.RaftServerConfigKeys (ConfUtils.java:logGet(43)) - raft.server.watch.element-limit = 65536 (default)
2019-09-25 04:49:22,518 [grpc-default-executor-1] INFO  impl.RaftServerProxy (RaftServerProxy.java:addNew(89)) - 3875a0db-bcd0-4e93-a77c-33ac6d7b4cc5: addNew group-AB840B58EDDE:[3875a0db-bcd0-4e93-a77c-33ac6d7b4cc5:192.168.164.207:38833] returns group-AB840B58EDDE:java.util.concurrent.CompletableFuture@4437777a[Not completed]
2019-09-25 04:49:22,519 [4a0ae61b-4689-46eb-b962-7605c7f95abd@group-54F07E795FAA:LeaderElection36] INFO  impl.RoleInfo (RoleInfo.java:updateAndGet(143)) - 4a0ae61b-4689-46eb-b962-7605c7f95abd: start LeaderState
2019-09-25 04:49:22,519 [4a0ae61b-4689-46eb-b962-7605c7f95abd@group-54F07E795FAA:LeaderElection36] INFO  segmented.SegmentedRaftLogWorker (SegmentedRaftLogWorker.java:startLogSegment(380)) - 4a0ae61b-4689-46eb-b962-7605c7f95abd@group-54F07E795FAA-SegmentedRaftLogWorker: Starting segment from index:0
2019-09-25 04:49:22,520 [pool-77-thread-1] INFO  impl.RaftServerImpl (RaftServerImpl.java:<init>(95)) - 3875a0db-bcd0-4e93-a77c-33ac6d7b4cc5: new RaftServerImpl for group-AB840B58EDDE:[3875a0db-bcd0-4e93-a77c-33ac6d7b4cc5:192.168.164.207:38833] with ContainerStateMachine:uninitialized
2019-09-25 04:49:22,520 [pool-77-thread-1] INFO  server.RaftServerConfigKeys (ConfUtils.java:logGet(43)) - raft.server.rpc.timeout.min = 1s (custom)
2019-09-25 04:49:22,520 [pool-77-thread-1] INFO  server.RaftServerConfigKeys (ConfUtils.java:logGet(43)) - raft.server.rpc.timeout.max = 1200ms (custom)
2019-09-25 04:49:22,520 [4a0ae61b-4689-46eb-b962-7605c7f95abd@group-54F07E795FAA:LeaderElection36] INFO  impl.RaftServerImpl (ServerState.java:setRaftConf(354)) - 4a0ae61b-4689-46eb-b962-7605c7f95abd@group-54F07E795FAA: set configuration 0: [4a0ae61b-4689-46eb-b962-7605c7f95abd:192.168.164.207:41419], old=null at 0
2019-09-25 04:49:22,520 [pool-77-thread-1] INFO  server.RaftServerConfigKeys (ConfUtils.java:logGet(43)) - raft.server.rpcslowness.timeout = 120s (custom)
2019-09-25 04:49:22,558 [fcf37978-6168-4314-87d6-0e8a7c1fc6e1@group-10035C8A5856-SegmentedRaftLogWorker] INFO  segmented.SegmentedRaftLogWorker (SegmentedRaftLogWorker.java:execute(569)) - fcf37978-6168-4314-87d6-0e8a7c1fc6e1@group-10035C8A5856-SegmentedRaftLogWorker: created new log segment /workdir/hadoop-ozone/integration-test/target/test-dir/MiniOzoneClusterImpl-73e7cd3e-72db-4213-b677-28bfbd198772/datanode-3/data/ratis/cf7b3375-a6df-4b0e-8717-10035c8a5856/current/log_inprogress_0
2019-09-25 04:49:22,557 [Thread-443] INFO  impl.FollowerState (FollowerState.java:run(106)) - ef17bb0f-3839-4724-ad21-94b92a6e25d3:group-E117720F5E0E changes to CANDIDATE, lastRpcTime:1072, electionTimeout:1054ms
2019-09-25 04:49:22,558 [pool-77-thread-1] INFO  server.RaftServerConfigKeys (ConfUtils.java:logGet(43)) - raft.server.sleep.deviation.threshold = 300 (default)
2019-09-25 04:49:22,558 [pool-77-thread-1] INFO  server.RaftServerConfigKeys (ConfUtils.java:logGet(43)) - raft.server.log.appender.install.snapshot.enabled = false (custom)
2019-09-25 04:49:22,558 [Thread-443] INFO  impl.RoleInfo (RoleInfo.java:shutdownFollowerState(121)) - ef17bb0f-3839-4724-ad21-94b92a6e25d3: shutdown FollowerState
2019-09-25 04:49:22,558 [pool-77-thread-1] INFO  impl.RaftServerImpl (ServerState.java:<init>(103)) - 3875a0db-bcd0-4e93-a77c-33ac6d7b4cc5@group-AB840B58EDDE: ConfigurationManager, init=-1: [3875a0db-bcd0-4e93-a77c-33ac6d7b4cc5:192.168.164.207:38833], old=null, confs=<EMPTY_MAP>
2019-09-25 04:49:22,559 [Thread-443] INFO  impl.RaftServerImpl (RaftServerImpl.java:setRole(174)) - ef17bb0f-3839-4724-ad21-94b92a6e25d3@group-E117720F5E0E: changes role from  FOLLOWER to CANDIDATE at term 0 for changeToCandidate
2019-09-25 04:49:22,559 [pool-77-thread-1] INFO  server.RaftServerConfigKeys (ConfUtils.java:logGet(43)) - raft.server.storage.dir = [/workdir/hadoop-ozone/integration-test/target/test-dir/MiniOzoneClusterImpl-73e7cd3e-72db-4213-b677-28bfbd198772/datanode-5/data/ratis] (custom)
2019-09-25 04:49:22,559 [Thread-443] INFO  impl.RoleInfo (RoleInfo.java:updateAndGet(143)) - ef17bb0f-3839-4724-ad21-94b92a6e25d3: start LeaderElection
2019-09-25 04:49:22,559 [pool-77-thread-1] INFO  storage.RaftStorageDirectory (RaftStorageDirectory.java:analyzeStorage(246)) - The storage directory /workdir/hadoop-ozone/integration-test/target/test-dir/MiniOzoneClusterImpl-73e7cd3e-72db-4213-b677-28bfbd198772/datanode-5/data/ratis/8ce56485-d3ed-4319-97fd-ab840b58edde does not exist. Creating ...
2019-09-25 04:49:22,570 [pool-77-thread-1] INFO  storage.RaftStorageDirectory (RaftStorageDirectory.java:tryLock(328)) - Lock on /workdir/hadoop-ozone/integration-test/target/test-dir/MiniOzoneClusterImpl-73e7cd3e-72db-4213-b677-28bfbd198772/datanode-5/data/ratis/8ce56485-d3ed-4319-97fd-ab840b58edde/in_use.lock acquired by nodename 6977@pr-hdds-1569-s44lr-3492059363
2019-09-25 04:49:22,570 [ef17bb0f-3839-4724-ad21-94b92a6e25d3@group-E117720F5E0E:LeaderElection37] INFO  impl.LeaderElection (LeaderElection.java:askForVotes(182)) - ef17bb0f-3839-4724-ad21-94b92a6e25d3@group-E117720F5E0E:LeaderElection37: begin an election at term 1 for -1: [ef17bb0f-3839-4724-ad21-94b92a6e25d3:192.168.164.207:40519], old=null
2019-09-25 04:49:22,570 [4a0ae61b-4689-46eb-b962-7605c7f95abd@group-54F07E795FAA-SegmentedRaftLogWorker] INFO  segmented.SegmentedRaftLogWorker (SegmentedRaftLogWorker.java:execute(569)) - 4a0ae61b-4689-46eb-b962-7605c7f95abd@group-54F07E795FAA-SegmentedRaftLogWorker: created new log segment /workdir/hadoop-ozone/integration-test/target/test-dir/MiniOzoneClusterImpl-73e7cd3e-72db-4213-b677-28bfbd198772/datanode-7/data/ratis/34744d19-5140-40dc-96e5-54f07e795faa/current/log_inprogress_0
2019-09-25 04:49:22,570 [ef17bb0f-3839-4724-ad21-94b92a6e25d3@group-E117720F5E0E:LeaderElection37] INFO  impl.RoleInfo (RoleInfo.java:shutdownLeaderElection(134)) - ef17bb0f-3839-4724-ad21-94b92a6e25d3: shutdown LeaderElection
2019-09-25 04:49:22,571 [ef17bb0f-3839-4724-ad21-94b92a6e25d3@group-E117720F5E0E:LeaderElection37] INFO  impl.RaftServerImpl (RaftServerImpl.java:setRole(174)) - ef17bb0f-3839-4724-ad21-94b92a6e25d3@group-E117720F5E0E: changes role from CANDIDATE to LEADER at term 1 for changeToLeader
2019-09-25 04:49:22,571 [ef17bb0f-3839-4724-ad21-94b92a6e25d3@group-E117720F5E0E:LeaderElection37] INFO  impl.RaftServerImpl (ServerState.java:setLeader(253)) - ef17bb0f-3839-4724-ad21-94b92a6e25d3@group-E117720F5E0E: change Leader from null to ef17bb0f-3839-4724-ad21-94b92a6e25d3 at term 1 for becomeLeader, leader elected after 1091ms
2019-09-25 04:49:22,571 [ef17bb0f-3839-4724-ad21-94b92a6e25d3@group-E117720F5E0E:LeaderElection37] INFO  server.RaftServerConfigKeys (ConfUtils.java:logGet(43)) - raft.server.staging.catchup.gap = 1000 (default)
2019-09-25 04:49:22,571 [ef17bb0f-3839-4724-ad21-94b92a6e25d3@group-E117720F5E0E:LeaderElection37] INFO  server.RaftServerConfigKeys (ConfUtils.java:logGet(43)) - raft.server.rpc.sleep.time = 25ms (default)
2019-09-25 04:49:22,571 [ef17bb0f-3839-4724-ad21-94b92a6e25d3@group-E117720F5E0E:LeaderElection37] INFO  server.RaftServerConfigKeys (ConfUtils.java:logGet(43)) - raft.server.write.element-limit = 4096 (default)
2019-09-25 04:49:22,571 [ef17bb0f-3839-4724-ad21-94b92a6e25d3@group-E117720F5E0E:LeaderElection37] INFO  server.RaftServerConfigKeys (ConfUtils.java:logGet(43)) - raft.server.watch.timeout = 10s (default)
2019-09-25 04:49:22,571 [ef17bb0f-3839-4724-ad21-94b92a6e25d3@group-E117720F5E0E:LeaderElection37] INFO  server.RaftServerConfigKeys (ConfUtils.java:logGet(43)) - raft.server.watch.timeout.denomination = 1s (default)
2019-09-25 04:49:22,571 [ef17bb0f-3839-4724-ad21-94b92a6e25d3@group-E117720F5E0E:LeaderElection37] INFO  server.RaftServerConfigKeys (ConfUtils.java:logGet(43)) - raft.server.watch.element-limit = 65536 (default)
2019-09-25 04:49:22,573 [ef17bb0f-3839-4724-ad21-94b92a6e25d3@group-E117720F5E0E:LeaderElection37] INFO  impl.RoleInfo (RoleInfo.java:updateAndGet(143)) - ef17bb0f-3839-4724-ad21-94b92a6e25d3: start LeaderState
2019-09-25 04:49:22,573 [ef17bb0f-3839-4724-ad21-94b92a6e25d3@group-E117720F5E0E:LeaderElection37] INFO  segmented.SegmentedRaftLogWorker (SegmentedRaftLogWorker.java:startLogSegment(380)) - ef17bb0f-3839-4724-ad21-94b92a6e25d3@group-E117720F5E0E-SegmentedRaftLogWorker: Starting segment from index:0
2019-09-25 04:49:22,573 [ef17bb0f-3839-4724-ad21-94b92a6e25d3@group-E117720F5E0E:LeaderElection37] INFO  impl.RaftServerImpl (ServerState.java:setRaftConf(354)) - ef17bb0f-3839-4724-ad21-94b92a6e25d3@group-E117720F5E0E: set configuration 0: [ef17bb0f-3839-4724-ad21-94b92a6e25d3:192.168.164.207:40519], old=null at 0
2019-09-25 04:49:22,613 [Thread-440] INFO  impl.FollowerState (FollowerState.java:run(106)) - 4a0ae61b-4689-46eb-b962-7605c7f95abd:group-CD07FF328D78 changes to CANDIDATE, lastRpcTime:1186, electionTimeout:1169ms
2019-09-25 04:49:22,613 [pool-77-thread-1] INFO  storage.RaftStorage (RaftStorage.java:format(72)) - Storage directory /workdir/hadoop-ozone/integration-test/target/test-dir/MiniOzoneClusterImpl-73e7cd3e-72db-4213-b677-28bfbd198772/datanode-5/data/ratis/8ce56485-d3ed-4319-97fd-ab840b58edde has been successfully formatted.
2019-09-25 04:49:22,613 [Thread-440] INFO  impl.RoleInfo (RoleInfo.java:shutdownFollowerState(121)) - 4a0ae61b-4689-46eb-b962-7605c7f95abd: shutdown FollowerState
2019-09-25 04:49:22,614 [Thread-440] INFO  impl.RaftServerImpl (RaftServerImpl.java:setRole(174)) - 4a0ae61b-4689-46eb-b962-7605c7f95abd@group-CD07FF328D78: changes role from  FOLLOWER to CANDIDATE at term 0 for changeToCandidate
2019-09-25 04:49:22,614 [pool-77-thread-1] INFO  ratis.ContainerStateMachine (ContainerStateMachine.java:loadSnapshot(230)) - group-AB840B58EDDE: The snapshot info is null. Setting the last applied indexto:(t:0, i:~)
2019-09-25 04:49:22,614 [Thread-440] INFO  impl.RoleInfo (RoleInfo.java:updateAndGet(143)) - 4a0ae61b-4689-46eb-b962-7605c7f95abd: start LeaderElection
2019-09-25 04:49:22,614 [pool-77-thread-1] INFO  server.RaftServerConfigKeys (ConfUtils.java:logGet(43)) - raft.server.notification.no-leader.timeout = 120s (custom)
2019-09-25 04:49:22,614 [pool-77-thread-1] INFO  server.RaftServerConfigKeys (ConfUtils.java:logGet(43)) - raft.server.log.use.memory = false (default)
2019-09-25 04:49:22,618 [pool-77-thread-1] INFO  server.RaftServerConfigKeys (ConfUtils.java:logGet(43)) - raft.server.log.purge.gap = 1000000 (custom)
2019-09-25 04:49:22,634 [pool-77-thread-1] INFO  server.RaftServerConfigKeys (ConfUtils.java:logGet(43)) - raft.server.log.appender.buffer.byte-limit = 33554432 (custom)
2019-09-25 04:49:22,638 [ef17bb0f-3839-4724-ad21-94b92a6e25d3@group-E117720F5E0E-SegmentedRaftLogWorker] INFO  segmented.SegmentedRaftLogWorker (SegmentedRaftLogWorker.java:execute(569)) - ef17bb0f-3839-4724-ad21-94b92a6e25d3@group-E117720F5E0E-SegmentedRaftLogWorker: created new log segment /workdir/hadoop-ozone/integration-test/target/test-dir/MiniOzoneClusterImpl-73e7cd3e-72db-4213-b677-28bfbd198772/datanode-1/data/ratis/2dd24566-b0b0-4ece-bb02-e117720f5e0e/current/log_inprogress_0
2019-09-25 04:49:22,638 [pool-77-thread-1] INFO  server.RaftServerConfigKeys (ConfUtils.java:logGet(43)) - raft.server.log.segment.size.max = 1048576 (custom)
2019-09-25 04:49:22,638 [pool-77-thread-1] INFO  server.RaftServerConfigKeys (ConfUtils.java:logGet(43)) - raft.server.log.segment.cache.num.max = 2 (custom)
2019-09-25 04:49:22,639 [pool-77-thread-1] INFO  segmented.SegmentedRaftLogWorker (SegmentedRaftLogWorker.java:<init>(172)) - new 3875a0db-bcd0-4e93-a77c-33ac6d7b4cc5@group-AB840B58EDDE-SegmentedRaftLogWorker for RaftStorage:Storage Directory /workdir/hadoop-ozone/integration-test/target/test-dir/MiniOzoneClusterImpl-73e7cd3e-72db-4213-b677-28bfbd198772/datanode-5/data/ratis/8ce56485-d3ed-4319-97fd-ab840b58edde
2019-09-25 04:49:22,639 [pool-77-thread-1] INFO  server.RaftServerConfigKeys (ConfUtils.java:logGet(43)) - raft.server.log.queue.byte-limit = 2147483647 (custom)
2019-09-25 04:49:22,639 [pool-77-thread-1] INFO  server.RaftServerConfigKeys (ConfUtils.java:logGet(43)) - raft.server.log.queue.element-limit = 1024 (custom)
2019-09-25 04:49:22,639 [pool-77-thread-1] INFO  server.RaftServerConfigKeys (ConfUtils.java:logGet(43)) - raft.server.log.segment.size.max = 1048576 (custom)
2019-09-25 04:49:22,639 [pool-77-thread-1] INFO  server.RaftServerConfigKeys (ConfUtils.java:logGet(43)) - raft.server.log.preallocated.size = 16384 (custom)
2019-09-25 04:49:22,640 [pool-77-thread-1] INFO  server.RaftServerConfigKeys (ConfUtils.java:logGet(43)) - raft.server.log.write.buffer.size = 33554432 (custom)
2019-09-25 04:49:22,640 [pool-77-thread-1] INFO  server.RaftServerConfigKeys (ConfUtils.java:logGet(43)) - raft.server.log.force.sync.num = 128 (default)
2019-09-25 04:49:22,640 [pool-77-thread-1] INFO  server.RaftServerConfigKeys (ConfUtils.java:logGet(43)) - raft.server.log.statemachine.data.sync = true (default)
2019-09-25 04:49:22,640 [pool-77-thread-1] INFO  server.RaftServerConfigKeys (ConfUtils.java:logGet(43)) - raft.server.log.statemachine.data.sync.timeout = 10s (default)
2019-09-25 04:49:22,640 [pool-77-thread-1] INFO  server.RaftServerConfigKeys (ConfUtils.java:logGet(43)) - raft.server.log.statemachine.data.sync.timeout.retry = -1 (default)
2019-09-25 04:49:22,641 [pool-77-thread-1] INFO  server.RaftServerConfigKeys (ConfUtils.java:logGet(43)) - raft.server.log.statemachine.data.caching.enabled = true (custom)
2019-09-25 04:49:22,641 [pool-77-thread-1] INFO  segmented.SegmentedRaftLogWorker (SegmentedRaftLogWorker.java:lambda$new$0(132)) - 3875a0db-bcd0-4e93-a77c-33ac6d7b4cc5@group-AB840B58EDDE-SegmentedRaftLogWorker: flushIndex: setUnconditionally 0 -> -1
2019-09-25 04:49:22,641 [pool-77-thread-1] INFO  server.RaftServerConfigKeys (ConfUtils.java:logGet(43)) - raft.server.snapshot.auto.trigger.enabled = true (custom)
2019-09-25 04:49:22,642 [pool-77-thread-1] INFO  server.RaftServerConfigKeys (ConfUtils.java:logGet(43)) - raft.server.snapshot.auto.trigger.threshold = 10000 (custom)
2019-09-25 04:49:22,642 [pool-77-thread-1] INFO  server.RaftServerConfigKeys (ConfUtils.java:logGet(43)) - raft.server.snapshot.retention.num.files = 5 (custom)
2019-09-25 04:49:22,642 [pool-77-thread-1] INFO  server.RaftServerConfigKeys (ConfUtils.java:logGet(43)) - raft.server.retrycache.expirytime = 600000ms (custom)
2019-09-25 04:49:22,645 [pool-77-thread-1] INFO  impl.RaftServerImpl (RaftServerImpl.java:start(185)) - 3875a0db-bcd0-4e93-a77c-33ac6d7b4cc5@group-AB840B58EDDE: start as a follower, conf=-1: [3875a0db-bcd0-4e93-a77c-33ac6d7b4cc5:192.168.164.207:38833], old=null
2019-09-25 04:49:22,645 [pool-77-thread-1] INFO  impl.RaftServerImpl (RaftServerImpl.java:setRole(174)) - 3875a0db-bcd0-4e93-a77c-33ac6d7b4cc5@group-AB840B58EDDE: changes role from      null to FOLLOWER at term 0 for startAsFollower
2019-09-25 04:49:22,645 [pool-77-thread-1] INFO  impl.RoleInfo (RoleInfo.java:updateAndGet(143)) - 3875a0db-bcd0-4e93-a77c-33ac6d7b4cc5: start FollowerState
2019-09-25 04:49:22,646 [pool-77-thread-1] INFO  util.JmxRegister (JmxRegister.java:tryRegister(44)) - Successfully registered JMX Bean with object name Ratis:service=RaftServer,group=group-AB840B58EDDE,id=3875a0db-bcd0-4e93-a77c-33ac6d7b4cc5
2019-09-25 04:49:22,649 [RatisPipelineUtilsThread] INFO  pipeline.PipelineStateManager (PipelineStateManager.java:addPipeline(56)) - Created pipeline Pipeline[ Id: 8ce56485-d3ed-4319-97fd-ab840b58edde, Nodes: 3875a0db-bcd0-4e93-a77c-33ac6d7b4cc5{ip: 192.168.164.207, host: pr-hdds-1569-s44lr-3492059363, networkLocation: /default-rack, certSerialId: null}, Type:RATIS, Factor:ONE, State:OPEN]
2019-09-25 04:49:22,650 [RatisPipelineUtilsThread] INFO  pipeline.PipelinePlacementPolicy (PipelinePlacementPolicy.java:meetCriteria(91)) - Pipeline Placement: can't place more pipeline on heavy datanode： ef17bb0f-3839-4724-ad21-94b92a6e25d3 Heaviness: 6 limit: 5
2019-09-25 04:49:22,650 [RatisPipelineUtilsThread] INFO  pipeline.PipelinePlacementPolicy (PipelinePlacementPolicy.java:meetCriteria(91)) - Pipeline Placement: can't place more pipeline on heavy datanode： 4a0ae61b-4689-46eb-b962-7605c7f95abd Heaviness: 6 limit: 5
2019-09-25 04:49:22,650 [RatisPipelineUtilsThread] INFO  pipeline.PipelinePlacementPolicy (PipelinePlacementPolicy.java:meetCriteria(91)) - Pipeline Placement: can't place more pipeline on heavy datanode： 4900d303-9ac7-4a86-9389-d77749add813 Heaviness: 6 limit: 5
2019-09-25 04:49:22,650 [RatisPipelineUtilsThread] INFO  pipeline.PipelinePlacementPolicy (PipelinePlacementPolicy.java:meetCriteria(91)) - Pipeline Placement: can't place more pipeline on heavy datanode： 3875a0db-bcd0-4e93-a77c-33ac6d7b4cc5 Heaviness: 6 limit: 5
2019-09-25 04:49:22,650 [RatisPipelineUtilsThread] INFO  pipeline.PipelinePlacementPolicy (PipelinePlacementPolicy.java:meetCriteria(91)) - Pipeline Placement: can't place more pipeline on heavy datanode： 0deae85c-a16a-4311-a0af-934f501df2cc Heaviness: 6 limit: 5
2019-09-25 04:49:22,656 [grpc-default-executor-1] INFO  impl.RaftServerProxy (RaftServerProxy.java:addNew(89)) - ef95e979-b818-4083-9289-18188944726b: addNew group-AE58A2D360CA:[ef95e979-b818-4083-9289-18188944726b:192.168.164.207:36359] returns group-AE58A2D360CA:java.util.concurrent.CompletableFuture@554a78b2[Not completed]
2019-09-25 04:49:22,658 [pool-117-thread-1] INFO  impl.RaftServerImpl (RaftServerImpl.java:<init>(95)) - ef95e979-b818-4083-9289-18188944726b: new RaftServerImpl for group-AE58A2D360CA:[ef95e979-b818-4083-9289-18188944726b:192.168.164.207:36359] with ContainerStateMachine:uninitialized
2019-09-25 04:49:22,658 [pool-117-thread-1] INFO  server.RaftServerConfigKeys (ConfUtils.java:logGet(43)) - raft.server.rpc.timeout.min = 1s (custom)
2019-09-25 04:49:22,658 [pool-117-thread-1] INFO  server.RaftServerConfigKeys (ConfUtils.java:logGet(43)) - raft.server.rpc.timeout.max = 1200ms (custom)
2019-09-25 04:49:22,658 [pool-117-thread-1] INFO  server.RaftServerConfigKeys (ConfUtils.java:logGet(43)) - raft.server.rpcslowness.timeout = 120s (custom)
2019-09-25 04:49:22,659 [pool-117-thread-1] INFO  server.RaftServerConfigKeys (ConfUtils.java:logGet(43)) - raft.server.sleep.deviation.threshold = 300 (default)
2019-09-25 04:49:22,659 [pool-117-thread-1] INFO  server.RaftServerConfigKeys (ConfUtils.java:logGet(43)) - raft.server.log.appender.install.snapshot.enabled = false (custom)
2019-09-25 04:49:22,659 [4a0ae61b-4689-46eb-b962-7605c7f95abd@group-CD07FF328D78:LeaderElection38] INFO  impl.LeaderElection (LeaderElection.java:askForVotes(182)) - 4a0ae61b-4689-46eb-b962-7605c7f95abd@group-CD07FF328D78:LeaderElection38: begin an election at term 1 for -1: [4a0ae61b-4689-46eb-b962-7605c7f95abd:192.168.164.207:41419], old=null
2019-09-25 04:49:22,659 [pool-117-thread-1] INFO  impl.RaftServerImpl (ServerState.java:<init>(103)) - ef95e979-b818-4083-9289-18188944726b@group-AE58A2D360CA: ConfigurationManager, init=-1: [ef95e979-b818-4083-9289-18188944726b:192.168.164.207:36359], old=null, confs=<EMPTY_MAP>
2019-09-25 04:49:22,659 [4a0ae61b-4689-46eb-b962-7605c7f95abd@group-CD07FF328D78:LeaderElection38] INFO  impl.RoleInfo (RoleInfo.java:shutdownLeaderElection(134)) - 4a0ae61b-4689-46eb-b962-7605c7f95abd: shutdown LeaderElection
2019-09-25 04:49:22,659 [pool-117-thread-1] INFO  server.RaftServerConfigKeys (ConfUtils.java:logGet(43)) - raft.server.storage.dir = [/workdir/hadoop-ozone/integration-test/target/test-dir/MiniOzoneClusterImpl-73e7cd3e-72db-4213-b677-28bfbd198772/datanode-9/data/ratis] (custom)
2019-09-25 04:49:22,659 [4a0ae61b-4689-46eb-b962-7605c7f95abd@group-CD07FF328D78:LeaderElection38] INFO  impl.RaftServerImpl (RaftServerImpl.java:setRole(174)) - 4a0ae61b-4689-46eb-b962-7605c7f95abd@group-CD07FF328D78: changes role from CANDIDATE to LEADER at term 1 for changeToLeader
2019-09-25 04:49:22,659 [4a0ae61b-4689-46eb-b962-7605c7f95abd@group-CD07FF328D78:LeaderElection38] INFO  impl.RaftServerImpl (ServerState.java:setLeader(253)) - 4a0ae61b-4689-46eb-b962-7605c7f95abd@group-CD07FF328D78: change Leader from null to 4a0ae61b-4689-46eb-b962-7605c7f95abd at term 1 for becomeLeader, leader elected after 1239ms
2019-09-25 04:49:22,660 [4a0ae61b-4689-46eb-b962-7605c7f95abd@group-CD07FF328D78:LeaderElection38] INFO  server.RaftServerConfigKeys (ConfUtils.java:logGet(43)) - raft.server.staging.catchup.gap = 1000 (default)
2019-09-25 04:49:22,660 [pool-117-thread-1] INFO  storage.RaftStorageDirectory (RaftStorageDirectory.java:analyzeStorage(246)) - The storage directory /workdir/hadoop-ozone/integration-test/target/test-dir/MiniOzoneClusterImpl-73e7cd3e-72db-4213-b677-28bfbd198772/datanode-9/data/ratis/bd15e9c3-6238-4bee-b544-ae58a2d360ca does not exist. Creating ...
2019-09-25 04:49:22,660 [4a0ae61b-4689-46eb-b962-7605c7f95abd@group-CD07FF328D78:LeaderElection38] INFO  server.RaftServerConfigKeys (ConfUtils.java:logGet(43)) - raft.server.rpc.sleep.time = 25ms (default)
2019-09-25 04:49:22,660 [4a0ae61b-4689-46eb-b962-7605c7f95abd@group-CD07FF328D78:LeaderElection38] INFO  server.RaftServerConfigKeys (ConfUtils.java:logGet(43)) - raft.server.write.element-limit = 4096 (default)
2019-09-25 04:49:22,660 [4a0ae61b-4689-46eb-b962-7605c7f95abd@group-CD07FF328D78:LeaderElection38] INFO  server.RaftServerConfigKeys (ConfUtils.java:logGet(43)) - raft.server.watch.timeout = 10s (default)
2019-09-25 04:49:22,660 [4a0ae61b-4689-46eb-b962-7605c7f95abd@group-CD07FF328D78:LeaderElection38] INFO  server.RaftServerConfigKeys (ConfUtils.java:logGet(43)) - raft.server.watch.timeout.denomination = 1s (default)
2019-09-25 04:49:22,660 [4a0ae61b-4689-46eb-b962-7605c7f95abd@group-CD07FF328D78:LeaderElection38] INFO  server.RaftServerConfigKeys (ConfUtils.java:logGet(43)) - raft.server.watch.element-limit = 65536 (default)
2019-09-25 04:49:22,663 [4a0ae61b-4689-46eb-b962-7605c7f95abd@group-CD07FF328D78:LeaderElection38] INFO  impl.RoleInfo (RoleInfo.java:updateAndGet(143)) - 4a0ae61b-4689-46eb-b962-7605c7f95abd: start LeaderState
2019-09-25 04:49:22,663 [4a0ae61b-4689-46eb-b962-7605c7f95abd@group-CD07FF328D78:LeaderElection38] INFO  segmented.SegmentedRaftLogWorker (SegmentedRaftLogWorker.java:startLogSegment(380)) - 4a0ae61b-4689-46eb-b962-7605c7f95abd@group-CD07FF328D78-SegmentedRaftLogWorker: Starting segment from index:0
2019-09-25 04:49:22,663 [4a0ae61b-4689-46eb-b962-7605c7f95abd@group-CD07FF328D78:LeaderElection38] INFO  impl.RaftServerImpl (ServerState.java:setRaftConf(354)) - 4a0ae61b-4689-46eb-b962-7605c7f95abd@group-CD07FF328D78: set configuration 0: [4a0ae61b-4689-46eb-b962-7605c7f95abd:192.168.164.207:41419], old=null at 0
2019-09-25 04:49:22,701 [pool-117-thread-1] INFO  storage.RaftStorageDirectory (RaftStorageDirectory.java:tryLock(328)) - Lock on /workdir/hadoop-ozone/integration-test/target/test-dir/MiniOzoneClusterImpl-73e7cd3e-72db-4213-b677-28bfbd198772/datanode-9/data/ratis/bd15e9c3-6238-4bee-b544-ae58a2d360ca/in_use.lock acquired by nodename 6977@pr-hdds-1569-s44lr-3492059363
2019-09-25 04:49:22,706 [Thread-451] INFO  impl.FollowerState (FollowerState.java:run(106)) - 2f00ca3a-f523-476d-a77d-69389bdf1595:group-EB2CD53CE917 changes to CANDIDATE, lastRpcTime:1035, electionTimeout:1023ms
2019-09-25 04:49:22,706 [Thread-451] INFO  impl.RoleInfo (RoleInfo.java:shutdownFollowerState(121)) - 2f00ca3a-f523-476d-a77d-69389bdf1595: shutdown FollowerState
2019-09-25 04:49:22,706 [Thread-451] INFO  impl.RaftServerImpl (RaftServerImpl.java:setRole(174)) - 2f00ca3a-f523-476d-a77d-69389bdf1595@group-EB2CD53CE917: changes role from  FOLLOWER to CANDIDATE at term 0 for changeToCandidate
2019-09-25 04:49:22,706 [Thread-451] INFO  impl.RoleInfo (RoleInfo.java:updateAndGet(143)) - 2f00ca3a-f523-476d-a77d-69389bdf1595: start LeaderElection
2019-09-25 04:49:22,723 [4a0ae61b-4689-46eb-b962-7605c7f95abd@group-CD07FF328D78-SegmentedRaftLogWorker] INFO  segmented.SegmentedRaftLogWorker (SegmentedRaftLogWorker.java:execute(569)) - 4a0ae61b-4689-46eb-b962-7605c7f95abd@group-CD07FF328D78-SegmentedRaftLogWorker: created new log segment /workdir/hadoop-ozone/integration-test/target/test-dir/MiniOzoneClusterImpl-73e7cd3e-72db-4213-b677-28bfbd198772/datanode-7/data/ratis/9b61f124-99ec-4f49-914f-cd07ff328d78/current/log_inprogress_0
2019-09-25 04:49:22,723 [pool-117-thread-1] INFO  storage.RaftStorage (RaftStorage.java:format(72)) - Storage directory /workdir/hadoop-ozone/integration-test/target/test-dir/MiniOzoneClusterImpl-73e7cd3e-72db-4213-b677-28bfbd198772/datanode-9/data/ratis/bd15e9c3-6238-4bee-b544-ae58a2d360ca has been successfully formatted.
2019-09-25 04:49:22,723 [pool-117-thread-1] INFO  ratis.ContainerStateMachine (ContainerStateMachine.java:loadSnapshot(230)) - group-AE58A2D360CA: The snapshot info is null. Setting the last applied indexto:(t:0, i:~)
2019-09-25 04:49:22,723 [pool-117-thread-1] INFO  server.RaftServerConfigKeys (ConfUtils.java:logGet(43)) - raft.server.notification.no-leader.timeout = 120s (custom)
2019-09-25 04:49:22,723 [pool-117-thread-1] INFO  server.RaftServerConfigKeys (ConfUtils.java:logGet(43)) - raft.server.log.use.memory = false (default)
2019-09-25 04:49:22,724 [pool-117-thread-1] INFO  server.RaftServerConfigKeys (ConfUtils.java:logGet(43)) - raft.server.log.purge.gap = 1000000 (custom)
2019-09-25 04:49:22,724 [pool-117-thread-1] INFO  server.RaftServerConfigKeys (ConfUtils.java:logGet(43)) - raft.server.log.appender.buffer.byte-limit = 33554432 (custom)
2019-09-25 04:49:22,724 [pool-117-thread-1] INFO  server.RaftServerConfigKeys (ConfUtils.java:logGet(43)) - raft.server.log.segment.size.max = 1048576 (custom)
2019-09-25 04:49:22,724 [pool-117-thread-1] INFO  server.RaftServerConfigKeys (ConfUtils.java:logGet(43)) - raft.server.log.segment.cache.num.max = 2 (custom)
2019-09-25 04:49:22,724 [pool-117-thread-1] INFO  segmented.SegmentedRaftLogWorker (SegmentedRaftLogWorker.java:<init>(172)) - new ef95e979-b818-4083-9289-18188944726b@group-AE58A2D360CA-SegmentedRaftLogWorker for RaftStorage:Storage Directory /workdir/hadoop-ozone/integration-test/target/test-dir/MiniOzoneClusterImpl-73e7cd3e-72db-4213-b677-28bfbd198772/datanode-9/data/ratis/bd15e9c3-6238-4bee-b544-ae58a2d360ca
2019-09-25 04:49:22,724 [pool-117-thread-1] INFO  server.RaftServerConfigKeys (ConfUtils.java:logGet(43)) - raft.server.log.queue.byte-limit = 2147483647 (custom)
2019-09-25 04:49:22,724 [pool-117-thread-1] INFO  server.RaftServerConfigKeys (ConfUtils.java:logGet(43)) - raft.server.log.queue.element-limit = 1024 (custom)
2019-09-25 04:49:22,724 [pool-117-thread-1] INFO  server.RaftServerConfigKeys (ConfUtils.java:logGet(43)) - raft.server.log.segment.size.max = 1048576 (custom)
2019-09-25 04:49:22,724 [pool-117-thread-1] INFO  server.RaftServerConfigKeys (ConfUtils.java:logGet(43)) - raft.server.log.preallocated.size = 16384 (custom)
2019-09-25 04:49:22,725 [pool-117-thread-1] INFO  server.RaftServerConfigKeys (ConfUtils.java:logGet(43)) - raft.server.log.write.buffer.size = 33554432 (custom)
2019-09-25 04:49:22,725 [pool-117-thread-1] INFO  server.RaftServerConfigKeys (ConfUtils.java:logGet(43)) - raft.server.log.force.sync.num = 128 (default)
2019-09-25 04:49:22,725 [pool-117-thread-1] INFO  server.RaftServerConfigKeys (ConfUtils.java:logGet(43)) - raft.server.log.statemachine.data.sync = true (default)
2019-09-25 04:49:22,725 [pool-117-thread-1] INFO  server.RaftServerConfigKeys (ConfUtils.java:logGet(43)) - raft.server.log.statemachine.data.sync.timeout = 10s (default)
2019-09-25 04:49:22,725 [pool-117-thread-1] INFO  server.RaftServerConfigKeys (ConfUtils.java:logGet(43)) - raft.server.log.statemachine.data.sync.timeout.retry = -1 (default)
2019-09-25 04:49:22,725 [pool-117-thread-1] INFO  server.RaftServerConfigKeys (ConfUtils.java:logGet(43)) - raft.server.log.statemachine.data.caching.enabled = true (custom)
2019-09-25 04:49:22,725 [pool-117-thread-1] INFO  segmented.SegmentedRaftLogWorker (SegmentedRaftLogWorker.java:lambda$new$0(132)) - ef95e979-b818-4083-9289-18188944726b@group-AE58A2D360CA-SegmentedRaftLogWorker: flushIndex: setUnconditionally 0 -> -1
2019-09-25 04:49:22,726 [pool-117-thread-1] INFO  server.RaftServerConfigKeys (ConfUtils.java:logGet(43)) - raft.server.snapshot.auto.trigger.enabled = true (custom)
2019-09-25 04:49:22,726 [pool-117-thread-1] INFO  server.RaftServerConfigKeys (ConfUtils.java:logGet(43)) - raft.server.snapshot.auto.trigger.threshold = 10000 (custom)
2019-09-25 04:49:22,726 [pool-117-thread-1] INFO  server.RaftServerConfigKeys (ConfUtils.java:logGet(43)) - raft.server.snapshot.retention.num.files = 5 (custom)
2019-09-25 04:49:22,726 [pool-117-thread-1] INFO  server.RaftServerConfigKeys (ConfUtils.java:logGet(43)) - raft.server.retrycache.expirytime = 600000ms (custom)
2019-09-25 04:49:22,728 [pool-117-thread-1] INFO  impl.RaftServerImpl (RaftServerImpl.java:start(185)) - ef95e979-b818-4083-9289-18188944726b@group-AE58A2D360CA: start as a follower, conf=-1: [ef95e979-b818-4083-9289-18188944726b:192.168.164.207:36359], old=null
2019-09-25 04:49:22,728 [pool-117-thread-1] INFO  impl.RaftServerImpl (RaftServerImpl.java:setRole(174)) - ef95e979-b818-4083-9289-18188944726b@group-AE58A2D360CA: changes role from      null to FOLLOWER at term 0 for startAsFollower
2019-09-25 04:49:22,728 [pool-117-thread-1] INFO  impl.RoleInfo (RoleInfo.java:updateAndGet(143)) - ef95e979-b818-4083-9289-18188944726b: start FollowerState
2019-09-25 04:49:22,729 [pool-117-thread-1] INFO  util.JmxRegister (JmxRegister.java:tryRegister(44)) - Successfully registered JMX Bean with object name Ratis:service=RaftServer,group=group-AE58A2D360CA,id=ef95e979-b818-4083-9289-18188944726b
2019-09-25 04:49:22,732 [RatisPipelineUtilsThread] INFO  pipeline.PipelineStateManager (PipelineStateManager.java:addPipeline(56)) - Created pipeline Pipeline[ Id: bd15e9c3-6238-4bee-b544-ae58a2d360ca, Nodes: ef95e979-b818-4083-9289-18188944726b{ip: 192.168.164.207, host: pr-hdds-1569-s44lr-3492059363, networkLocation: /default-rack, certSerialId: null}, Type:RATIS, Factor:ONE, State:OPEN]
2019-09-25 04:49:22,732 [RatisPipelineUtilsThread] INFO  pipeline.PipelinePlacementPolicy (PipelinePlacementPolicy.java:meetCriteria(91)) - Pipeline Placement: can't place more pipeline on heavy datanode： ef17bb0f-3839-4724-ad21-94b92a6e25d3 Heaviness: 6 limit: 5
2019-09-25 04:49:22,733 [RatisPipelineUtilsThread] INFO  pipeline.PipelinePlacementPolicy (PipelinePlacementPolicy.java:meetCriteria(91)) - Pipeline Placement: can't place more pipeline on heavy datanode： 4a0ae61b-4689-46eb-b962-7605c7f95abd Heaviness: 6 limit: 5
2019-09-25 04:49:22,733 [RatisPipelineUtilsThread] INFO  pipeline.PipelinePlacementPolicy (PipelinePlacementPolicy.java:meetCriteria(91)) - Pipeline Placement: can't place more pipeline on heavy datanode： 4900d303-9ac7-4a86-9389-d77749add813 Heaviness: 6 limit: 5
2019-09-25 04:49:22,733 [RatisPipelineUtilsThread] INFO  pipeline.PipelinePlacementPolicy (PipelinePlacementPolicy.java:meetCriteria(91)) - Pipeline Placement: can't place more pipeline on heavy datanode： 3875a0db-bcd0-4e93-a77c-33ac6d7b4cc5 Heaviness: 6 limit: 5
2019-09-25 04:49:22,733 [RatisPipelineUtilsThread] INFO  pipeline.PipelinePlacementPolicy (PipelinePlacementPolicy.java:meetCriteria(91)) - Pipeline Placement: can't place more pipeline on heavy datanode： 0deae85c-a16a-4311-a0af-934f501df2cc Heaviness: 6 limit: 5
2019-09-25 04:49:22,733 [Thread-446] INFO  impl.FollowerState (FollowerState.java:run(106)) - 4a0ae61b-4689-46eb-b962-7605c7f95abd:group-E5497BECB1A6 changes to CANDIDATE, lastRpcTime:1182, electionTimeout:1182ms
2019-09-25 04:49:22,734 [Thread-446] INFO  impl.RoleInfo (RoleInfo.java:shutdownFollowerState(121)) - 4a0ae61b-4689-46eb-b962-7605c7f95abd: shutdown FollowerState
2019-09-25 04:49:22,734 [Thread-446] INFO  impl.RaftServerImpl (RaftServerImpl.java:setRole(174)) - 4a0ae61b-4689-46eb-b962-7605c7f95abd@group-E5497BECB1A6: changes role from  FOLLOWER to CANDIDATE at term 0 for changeToCandidate
2019-09-25 04:49:22,734 [Thread-446] INFO  impl.RoleInfo (RoleInfo.java:updateAndGet(143)) - 4a0ae61b-4689-46eb-b962-7605c7f95abd: start LeaderElection
2019-09-25 04:49:22,738 [2f00ca3a-f523-476d-a77d-69389bdf1595@group-EB2CD53CE917:LeaderElection39] INFO  impl.LeaderElection (LeaderElection.java:askForVotes(182)) - 2f00ca3a-f523-476d-a77d-69389bdf1595@group-EB2CD53CE917:LeaderElection39: begin an election at term 1 for -1: [2f00ca3a-f523-476d-a77d-69389bdf1595:192.168.164.207:39474], old=null
2019-09-25 04:49:22,747 [2f00ca3a-f523-476d-a77d-69389bdf1595@group-EB2CD53CE917:LeaderElection39] INFO  impl.RoleInfo (RoleInfo.java:shutdownLeaderElection(134)) - 2f00ca3a-f523-476d-a77d-69389bdf1595: shutdown LeaderElection
2019-09-25 04:49:22,747 [2f00ca3a-f523-476d-a77d-69389bdf1595@group-EB2CD53CE917:LeaderElection39] INFO  impl.RaftServerImpl (RaftServerImpl.java:setRole(174)) - 2f00ca3a-f523-476d-a77d-69389bdf1595@group-EB2CD53CE917: changes role from CANDIDATE to LEADER at term 1 for changeToLeader
2019-09-25 04:49:22,748 [2f00ca3a-f523-476d-a77d-69389bdf1595@group-EB2CD53CE917:LeaderElection39] INFO  impl.RaftServerImpl (ServerState.java:setLeader(253)) - 2f00ca3a-f523-476d-a77d-69389bdf1595@group-EB2CD53CE917: change Leader from null to 2f00ca3a-f523-476d-a77d-69389bdf1595 at term 1 for becomeLeader, leader elected after 1083ms
2019-09-25 04:49:22,748 [2f00ca3a-f523-476d-a77d-69389bdf1595@group-EB2CD53CE917:LeaderElection39] INFO  server.RaftServerConfigKeys (ConfUtils.java:logGet(43)) - raft.server.staging.catchup.gap = 1000 (default)
2019-09-25 04:49:22,748 [2f00ca3a-f523-476d-a77d-69389bdf1595@group-EB2CD53CE917:LeaderElection39] INFO  server.RaftServerConfigKeys (ConfUtils.java:logGet(43)) - raft.server.rpc.sleep.time = 25ms (default)
2019-09-25 04:49:22,748 [2f00ca3a-f523-476d-a77d-69389bdf1595@group-EB2CD53CE917:LeaderElection39] INFO  server.RaftServerConfigKeys (ConfUtils.java:logGet(43)) - raft.server.write.element-limit = 4096 (default)
2019-09-25 04:49:22,748 [2f00ca3a-f523-476d-a77d-69389bdf1595@group-EB2CD53CE917:LeaderElection39] INFO  server.RaftServerConfigKeys (ConfUtils.java:logGet(43)) - raft.server.watch.timeout = 10s (default)
2019-09-25 04:49:22,748 [2f00ca3a-f523-476d-a77d-69389bdf1595@group-EB2CD53CE917:LeaderElection39] INFO  server.RaftServerConfigKeys (ConfUtils.java:logGet(43)) - raft.server.watch.timeout.denomination = 1s (default)
2019-09-25 04:49:22,749 [2f00ca3a-f523-476d-a77d-69389bdf1595@group-EB2CD53CE917:LeaderElection39] INFO  server.RaftServerConfigKeys (ConfUtils.java:logGet(43)) - raft.server.watch.element-limit = 65536 (default)
2019-09-25 04:49:22,751 [2f00ca3a-f523-476d-a77d-69389bdf1595@group-EB2CD53CE917:LeaderElection39] INFO  impl.RoleInfo (RoleInfo.java:updateAndGet(143)) - 2f00ca3a-f523-476d-a77d-69389bdf1595: start LeaderState
2019-09-25 04:49:22,752 [2f00ca3a-f523-476d-a77d-69389bdf1595@group-EB2CD53CE917:LeaderElection39] INFO  segmented.SegmentedRaftLogWorker (SegmentedRaftLogWorker.java:startLogSegment(380)) - 2f00ca3a-f523-476d-a77d-69389bdf1595@group-EB2CD53CE917-SegmentedRaftLogWorker: Starting segment from index:0
2019-09-25 04:49:22,752 [2f00ca3a-f523-476d-a77d-69389bdf1595@group-EB2CD53CE917:LeaderElection39] INFO  impl.RaftServerImpl (ServerState.java:setRaftConf(354)) - 2f00ca3a-f523-476d-a77d-69389bdf1595@group-EB2CD53CE917: set configuration 0: [2f00ca3a-f523-476d-a77d-69389bdf1595:192.168.164.207:39474], old=null at 0
2019-09-25 04:49:22,784 [4a0ae61b-4689-46eb-b962-7605c7f95abd@group-E5497BECB1A6:LeaderElection40] INFO  impl.LeaderElection (LeaderElection.java:askForVotes(182)) - 4a0ae61b-4689-46eb-b962-7605c7f95abd@group-E5497BECB1A6:LeaderElection40: begin an election at term 1 for -1: [4a0ae61b-4689-46eb-b962-7605c7f95abd:192.168.164.207:41419], old=null
2019-09-25 04:49:22,784 [4a0ae61b-4689-46eb-b962-7605c7f95abd@group-E5497BECB1A6:LeaderElection40] INFO  impl.RoleInfo (RoleInfo.java:shutdownLeaderElection(134)) - 4a0ae61b-4689-46eb-b962-7605c7f95abd: shutdown LeaderElection
2019-09-25 04:49:22,784 [4a0ae61b-4689-46eb-b962-7605c7f95abd@group-E5497BECB1A6:LeaderElection40] INFO  impl.RaftServerImpl (RaftServerImpl.java:setRole(174)) - 4a0ae61b-4689-46eb-b962-7605c7f95abd@group-E5497BECB1A6: changes role from CANDIDATE to LEADER at term 1 for changeToLeader
2019-09-25 04:49:22,784 [4a0ae61b-4689-46eb-b962-7605c7f95abd@group-E5497BECB1A6:LeaderElection40] INFO  impl.RaftServerImpl (ServerState.java:setLeader(253)) - 4a0ae61b-4689-46eb-b962-7605c7f95abd@group-E5497BECB1A6: change Leader from null to 4a0ae61b-4689-46eb-b962-7605c7f95abd at term 1 for becomeLeader, leader elected after 1239ms
2019-09-25 04:49:22,784 [4a0ae61b-4689-46eb-b962-7605c7f95abd@group-E5497BECB1A6:LeaderElection40] INFO  server.RaftServerConfigKeys (ConfUtils.java:logGet(43)) - raft.server.staging.catchup.gap = 1000 (default)
2019-09-25 04:49:22,785 [4a0ae61b-4689-46eb-b962-7605c7f95abd@group-E5497BECB1A6:LeaderElection40] INFO  server.RaftServerConfigKeys (ConfUtils.java:logGet(43)) - raft.server.rpc.sleep.time = 25ms (default)
2019-09-25 04:49:22,785 [grpc-default-executor-1] INFO  impl.RaftServerProxy (RaftServerProxy.java:addNew(89)) - eccaf005-8169-4dfc-be1f-8981a011c66c: addNew group-73C4AFE7F411:[eccaf005-8169-4dfc-be1f-8981a011c66c:192.168.164.207:46393] returns group-73C4AFE7F411:java.util.concurrent.CompletableFuture@9d6cc75[Not completed]
2019-09-25 04:49:22,785 [4a0ae61b-4689-46eb-b962-7605c7f95abd@group-E5497BECB1A6:LeaderElection40] INFO  server.RaftServerConfigKeys (ConfUtils.java:logGet(43)) - raft.server.write.element-limit = 4096 (default)
2019-09-25 04:49:22,785 [4a0ae61b-4689-46eb-b962-7605c7f95abd@group-E5497BECB1A6:LeaderElection40] INFO  server.RaftServerConfigKeys (ConfUtils.java:logGet(43)) - raft.server.watch.timeout = 10s (default)
2019-09-25 04:49:22,785 [4a0ae61b-4689-46eb-b962-7605c7f95abd@group-E5497BECB1A6:LeaderElection40] INFO  server.RaftServerConfigKeys (ConfUtils.java:logGet(43)) - raft.server.watch.timeout.denomination = 1s (default)
2019-09-25 04:49:22,785 [4a0ae61b-4689-46eb-b962-7605c7f95abd@group-E5497BECB1A6:LeaderElection40] INFO  server.RaftServerConfigKeys (ConfUtils.java:logGet(43)) - raft.server.watch.element-limit = 65536 (default)
2019-09-25 04:49:22,786 [pool-67-thread-1] INFO  impl.RaftServerImpl (RaftServerImpl.java:<init>(95)) - eccaf005-8169-4dfc-be1f-8981a011c66c: new RaftServerImpl for group-73C4AFE7F411:[eccaf005-8169-4dfc-be1f-8981a011c66c:192.168.164.207:46393] with ContainerStateMachine:uninitialized
2019-09-25 04:49:22,786 [pool-67-thread-1] INFO  server.RaftServerConfigKeys (ConfUtils.java:logGet(43)) - raft.server.rpc.timeout.min = 1s (custom)
2019-09-25 04:49:22,786 [pool-67-thread-1] INFO  server.RaftServerConfigKeys (ConfUtils.java:logGet(43)) - raft.server.rpc.timeout.max = 1200ms (custom)
2019-09-25 04:49:22,786 [pool-67-thread-1] INFO  server.RaftServerConfigKeys (ConfUtils.java:logGet(43)) - raft.server.rpcslowness.timeout = 120s (custom)
2019-09-25 04:49:22,786 [pool-67-thread-1] INFO  server.RaftServerConfigKeys (ConfUtils.java:logGet(43)) - raft.server.sleep.deviation.threshold = 300 (default)
2019-09-25 04:49:22,786 [pool-67-thread-1] INFO  server.RaftServerConfigKeys (ConfUtils.java:logGet(43)) - raft.server.log.appender.install.snapshot.enabled = false (custom)
2019-09-25 04:49:22,786 [pool-67-thread-1] INFO  impl.RaftServerImpl (ServerState.java:<init>(103)) - eccaf005-8169-4dfc-be1f-8981a011c66c@group-73C4AFE7F411: ConfigurationManager, init=-1: [eccaf005-8169-4dfc-be1f-8981a011c66c:192.168.164.207:46393], old=null, confs=<EMPTY_MAP>
2019-09-25 04:49:22,786 [pool-67-thread-1] INFO  server.RaftServerConfigKeys (ConfUtils.java:logGet(43)) - raft.server.storage.dir = [/workdir/hadoop-ozone/integration-test/target/test-dir/MiniOzoneClusterImpl-73e7cd3e-72db-4213-b677-28bfbd198772/datanode-4/data/ratis] (custom)
2019-09-25 04:49:22,787 [pool-67-thread-1] INFO  storage.RaftStorageDirectory (RaftStorageDirectory.java:analyzeStorage(246)) - The storage directory /workdir/hadoop-ozone/integration-test/target/test-dir/MiniOzoneClusterImpl-73e7cd3e-72db-4213-b677-28bfbd198772/datanode-4/data/ratis/d9e094c7-550f-4045-a7d9-73c4afe7f411 does not exist. Creating ...
2019-09-25 04:49:22,787 [4a0ae61b-4689-46eb-b962-7605c7f95abd@group-E5497BECB1A6:LeaderElection40] INFO  impl.RoleInfo (RoleInfo.java:updateAndGet(143)) - 4a0ae61b-4689-46eb-b962-7605c7f95abd: start LeaderState
2019-09-25 04:49:22,787 [4a0ae61b-4689-46eb-b962-7605c7f95abd@group-E5497BECB1A6:LeaderElection40] INFO  segmented.SegmentedRaftLogWorker (SegmentedRaftLogWorker.java:startLogSegment(380)) - 4a0ae61b-4689-46eb-b962-7605c7f95abd@group-E5497BECB1A6-SegmentedRaftLogWorker: Starting segment from index:0
2019-09-25 04:49:22,788 [4a0ae61b-4689-46eb-b962-7605c7f95abd@group-E5497BECB1A6:LeaderElection40] INFO  impl.RaftServerImpl (ServerState.java:setRaftConf(354)) - 4a0ae61b-4689-46eb-b962-7605c7f95abd@group-E5497BECB1A6: set configuration 0: [4a0ae61b-4689-46eb-b962-7605c7f95abd:192.168.164.207:41419], old=null at 0
2019-09-25 04:49:22,830 [pool-67-thread-1] INFO  storage.RaftStorageDirectory (RaftStorageDirectory.java:tryLock(328)) - Lock on /workdir/hadoop-ozone/integration-test/target/test-dir/MiniOzoneClusterImpl-73e7cd3e-72db-4213-b677-28bfbd198772/datanode-4/data/ratis/d9e094c7-550f-4045-a7d9-73c4afe7f411/in_use.lock acquired by nodename 6977@pr-hdds-1569-s44lr-3492059363
2019-09-25 04:49:22,830 [2f00ca3a-f523-476d-a77d-69389bdf1595@group-EB2CD53CE917-SegmentedRaftLogWorker] INFO  segmented.SegmentedRaftLogWorker (SegmentedRaftLogWorker.java:execute(569)) - 2f00ca3a-f523-476d-a77d-69389bdf1595@group-EB2CD53CE917-SegmentedRaftLogWorker: created new log segment /workdir/hadoop-ozone/integration-test/target/test-dir/MiniOzoneClusterImpl-73e7cd3e-72db-4213-b677-28bfbd198772/datanode-6/data/ratis/16acfc2e-4611-4c08-bcdf-eb2cd53ce917/current/log_inprogress_0
2019-09-25 04:49:22,844 [4a0ae61b-4689-46eb-b962-7605c7f95abd@group-E5497BECB1A6-SegmentedRaftLogWorker] INFO  segmented.SegmentedRaftLogWorker (SegmentedRaftLogWorker.java:execute(569)) - 4a0ae61b-4689-46eb-b962-7605c7f95abd@group-E5497BECB1A6-SegmentedRaftLogWorker: created new log segment /workdir/hadoop-ozone/integration-test/target/test-dir/MiniOzoneClusterImpl-73e7cd3e-72db-4213-b677-28bfbd198772/datanode-7/data/ratis/47e013a4-e0c1-40f5-916e-e5497becb1a6/current/log_inprogress_0
2019-09-25 04:49:22,844 [pool-67-thread-1] INFO  storage.RaftStorage (RaftStorage.java:format(72)) - Storage directory /workdir/hadoop-ozone/integration-test/target/test-dir/MiniOzoneClusterImpl-73e7cd3e-72db-4213-b677-28bfbd198772/datanode-4/data/ratis/d9e094c7-550f-4045-a7d9-73c4afe7f411 has been successfully formatted.
2019-09-25 04:49:22,845 [pool-67-thread-1] INFO  ratis.ContainerStateMachine (ContainerStateMachine.java:loadSnapshot(230)) - group-73C4AFE7F411: The snapshot info is null. Setting the last applied indexto:(t:0, i:~)
2019-09-25 04:49:22,845 [pool-67-thread-1] INFO  server.RaftServerConfigKeys (ConfUtils.java:logGet(43)) - raft.server.notification.no-leader.timeout = 120s (custom)
2019-09-25 04:49:22,845 [pool-67-thread-1] INFO  server.RaftServerConfigKeys (ConfUtils.java:logGet(43)) - raft.server.log.use.memory = false (default)
2019-09-25 04:49:22,845 [pool-67-thread-1] INFO  server.RaftServerConfigKeys (ConfUtils.java:logGet(43)) - raft.server.log.purge.gap = 1000000 (custom)
2019-09-25 04:49:22,846 [pool-67-thread-1] INFO  server.RaftServerConfigKeys (ConfUtils.java:logGet(43)) - raft.server.log.appender.buffer.byte-limit = 33554432 (custom)
2019-09-25 04:49:22,846 [pool-67-thread-1] INFO  server.RaftServerConfigKeys (ConfUtils.java:logGet(43)) - raft.server.log.segment.size.max = 1048576 (custom)
2019-09-25 04:49:22,846 [pool-67-thread-1] INFO  server.RaftServerConfigKeys (ConfUtils.java:logGet(43)) - raft.server.log.segment.cache.num.max = 2 (custom)
2019-09-25 04:49:22,846 [pool-67-thread-1] INFO  segmented.SegmentedRaftLogWorker (SegmentedRaftLogWorker.java:<init>(172)) - new eccaf005-8169-4dfc-be1f-8981a011c66c@group-73C4AFE7F411-SegmentedRaftLogWorker for RaftStorage:Storage Directory /workdir/hadoop-ozone/integration-test/target/test-dir/MiniOzoneClusterImpl-73e7cd3e-72db-4213-b677-28bfbd198772/datanode-4/data/ratis/d9e094c7-550f-4045-a7d9-73c4afe7f411
2019-09-25 04:49:22,846 [pool-67-thread-1] INFO  server.RaftServerConfigKeys (ConfUtils.java:logGet(43)) - raft.server.log.queue.byte-limit = 2147483647 (custom)
2019-09-25 04:49:22,846 [pool-67-thread-1] INFO  server.RaftServerConfigKeys (ConfUtils.java:logGet(43)) - raft.server.log.queue.element-limit = 1024 (custom)
2019-09-25 04:49:22,847 [pool-67-thread-1] INFO  server.RaftServerConfigKeys (ConfUtils.java:logGet(43)) - raft.server.log.segment.size.max = 1048576 (custom)
2019-09-25 04:49:22,847 [pool-67-thread-1] INFO  server.RaftServerConfigKeys (ConfUtils.java:logGet(43)) - raft.server.log.preallocated.size = 16384 (custom)
2019-09-25 04:49:22,847 [pool-67-thread-1] INFO  server.RaftServerConfigKeys (ConfUtils.java:logGet(43)) - raft.server.log.write.buffer.size = 33554432 (custom)
2019-09-25 04:49:22,847 [pool-67-thread-1] INFO  server.RaftServerConfigKeys (ConfUtils.java:logGet(43)) - raft.server.log.force.sync.num = 128 (default)
2019-09-25 04:49:22,847 [pool-67-thread-1] INFO  server.RaftServerConfigKeys (ConfUtils.java:logGet(43)) - raft.server.log.statemachine.data.sync = true (default)
2019-09-25 04:49:22,847 [pool-67-thread-1] INFO  server.RaftServerConfigKeys (ConfUtils.java:logGet(43)) - raft.server.log.statemachine.data.sync.timeout = 10s (default)
2019-09-25 04:49:22,848 [pool-67-thread-1] INFO  server.RaftServerConfigKeys (ConfUtils.java:logGet(43)) - raft.server.log.statemachine.data.sync.timeout.retry = -1 (default)
2019-09-25 04:49:22,848 [pool-67-thread-1] INFO  server.RaftServerConfigKeys (ConfUtils.java:logGet(43)) - raft.server.log.statemachine.data.caching.enabled = true (custom)
2019-09-25 04:49:22,848 [pool-67-thread-1] INFO  segmented.SegmentedRaftLogWorker (SegmentedRaftLogWorker.java:lambda$new$0(132)) - eccaf005-8169-4dfc-be1f-8981a011c66c@group-73C4AFE7F411-SegmentedRaftLogWorker: flushIndex: setUnconditionally 0 -> -1
2019-09-25 04:49:22,849 [pool-67-thread-1] INFO  server.RaftServerConfigKeys (ConfUtils.java:logGet(43)) - raft.server.snapshot.auto.trigger.enabled = true (custom)
2019-09-25 04:49:22,849 [pool-67-thread-1] INFO  server.RaftServerConfigKeys (ConfUtils.java:logGet(43)) - raft.server.snapshot.auto.trigger.threshold = 10000 (custom)
2019-09-25 04:49:22,849 [pool-67-thread-1] INFO  server.RaftServerConfigKeys (ConfUtils.java:logGet(43)) - raft.server.snapshot.retention.num.files = 5 (custom)
2019-09-25 04:49:22,849 [pool-67-thread-1] INFO  server.RaftServerConfigKeys (ConfUtils.java:logGet(43)) - raft.server.retrycache.expirytime = 600000ms (custom)
2019-09-25 04:49:22,852 [pool-67-thread-1] INFO  impl.RaftServerImpl (RaftServerImpl.java:start(185)) - eccaf005-8169-4dfc-be1f-8981a011c66c@group-73C4AFE7F411: start as a follower, conf=-1: [eccaf005-8169-4dfc-be1f-8981a011c66c:192.168.164.207:46393], old=null
2019-09-25 04:49:22,852 [pool-67-thread-1] INFO  impl.RaftServerImpl (RaftServerImpl.java:setRole(174)) - eccaf005-8169-4dfc-be1f-8981a011c66c@group-73C4AFE7F411: changes role from      null to FOLLOWER at term 0 for startAsFollower
2019-09-25 04:49:22,852 [pool-67-thread-1] INFO  impl.RoleInfo (RoleInfo.java:updateAndGet(143)) - eccaf005-8169-4dfc-be1f-8981a011c66c: start FollowerState
2019-09-25 04:49:22,853 [pool-67-thread-1] INFO  util.JmxRegister (JmxRegister.java:tryRegister(44)) - Successfully registered JMX Bean with object name Ratis:service=RaftServer,group=group-73C4AFE7F411,id=eccaf005-8169-4dfc-be1f-8981a011c66c
2019-09-25 04:49:22,856 [RatisPipelineUtilsThread] INFO  pipeline.PipelineStateManager (PipelineStateManager.java:addPipeline(56)) - Created pipeline Pipeline[ Id: d9e094c7-550f-4045-a7d9-73c4afe7f411, Nodes: eccaf005-8169-4dfc-be1f-8981a011c66c{ip: 192.168.164.207, host: pr-hdds-1569-s44lr-3492059363, networkLocation: /default-rack, certSerialId: null}, Type:RATIS, Factor:ONE, State:OPEN]
2019-09-25 04:49:22,857 [RatisPipelineUtilsThread] INFO  pipeline.PipelinePlacementPolicy (PipelinePlacementPolicy.java:meetCriteria(91)) - Pipeline Placement: can't place more pipeline on heavy datanode： ef17bb0f-3839-4724-ad21-94b92a6e25d3 Heaviness: 6 limit: 5
2019-09-25 04:49:22,857 [RatisPipelineUtilsThread] INFO  pipeline.PipelinePlacementPolicy (PipelinePlacementPolicy.java:meetCriteria(91)) - Pipeline Placement: can't place more pipeline on heavy datanode： 4a0ae61b-4689-46eb-b962-7605c7f95abd Heaviness: 6 limit: 5
2019-09-25 04:49:22,857 [RatisPipelineUtilsThread] INFO  pipeline.PipelinePlacementPolicy (PipelinePlacementPolicy.java:meetCriteria(91)) - Pipeline Placement: can't place more pipeline on heavy datanode： 4900d303-9ac7-4a86-9389-d77749add813 Heaviness: 6 limit: 5
2019-09-25 04:49:22,857 [RatisPipelineUtilsThread] INFO  pipeline.PipelinePlacementPolicy (PipelinePlacementPolicy.java:meetCriteria(91)) - Pipeline Placement: can't place more pipeline on heavy datanode： 3875a0db-bcd0-4e93-a77c-33ac6d7b4cc5 Heaviness: 6 limit: 5
2019-09-25 04:49:22,858 [RatisPipelineUtilsThread] INFO  pipeline.PipelinePlacementPolicy (PipelinePlacementPolicy.java:meetCriteria(91)) - Pipeline Placement: can't place more pipeline on heavy datanode： eccaf005-8169-4dfc-be1f-8981a011c66c Heaviness: 6 limit: 5
2019-09-25 04:49:22,858 [RatisPipelineUtilsThread] INFO  pipeline.PipelinePlacementPolicy (PipelinePlacementPolicy.java:meetCriteria(91)) - Pipeline Placement: can't place more pipeline on heavy datanode： 0deae85c-a16a-4311-a0af-934f501df2cc Heaviness: 6 limit: 5
2019-09-25 04:49:22,865 [grpc-default-executor-1] INFO  impl.RaftServerProxy (RaftServerProxy.java:addNew(89)) - fcf37978-6168-4314-87d6-0e8a7c1fc6e1: addNew group-4FADE633D970:[fcf37978-6168-4314-87d6-0e8a7c1fc6e1:192.168.164.207:44984] returns group-4FADE633D970:java.util.concurrent.CompletableFuture@76730a4[Not completed]
2019-09-25 04:49:22,866 [pool-57-thread-1] INFO  impl.RaftServerImpl (RaftServerImpl.java:<init>(95)) - fcf37978-6168-4314-87d6-0e8a7c1fc6e1: new RaftServerImpl for group-4FADE633D970:[fcf37978-6168-4314-87d6-0e8a7c1fc6e1:192.168.164.207:44984] with ContainerStateMachine:uninitialized
2019-09-25 04:49:22,866 [pool-57-thread-1] INFO  server.RaftServerConfigKeys (ConfUtils.java:logGet(43)) - raft.server.rpc.timeout.min = 1s (custom)
2019-09-25 04:49:22,866 [pool-57-thread-1] INFO  server.RaftServerConfigKeys (ConfUtils.java:logGet(43)) - raft.server.rpc.timeout.max = 1200ms (custom)
2019-09-25 04:49:22,867 [pool-57-thread-1] INFO  server.RaftServerConfigKeys (ConfUtils.java:logGet(43)) - raft.server.rpcslowness.timeout = 120s (custom)
2019-09-25 04:49:22,867 [pool-57-thread-1] INFO  server.RaftServerConfigKeys (ConfUtils.java:logGet(43)) - raft.server.sleep.deviation.threshold = 300 (default)
2019-09-25 04:49:22,867 [pool-57-thread-1] INFO  server.RaftServerConfigKeys (ConfUtils.java:logGet(43)) - raft.server.log.appender.install.snapshot.enabled = false (custom)
2019-09-25 04:49:22,867 [pool-57-thread-1] INFO  impl.RaftServerImpl (ServerState.java:<init>(103)) - fcf37978-6168-4314-87d6-0e8a7c1fc6e1@group-4FADE633D970: ConfigurationManager, init=-1: [fcf37978-6168-4314-87d6-0e8a7c1fc6e1:192.168.164.207:44984], old=null, confs=<EMPTY_MAP>
2019-09-25 04:49:22,867 [pool-57-thread-1] INFO  server.RaftServerConfigKeys (ConfUtils.java:logGet(43)) - raft.server.storage.dir = [/workdir/hadoop-ozone/integration-test/target/test-dir/MiniOzoneClusterImpl-73e7cd3e-72db-4213-b677-28bfbd198772/datanode-3/data/ratis] (custom)
2019-09-25 04:49:22,868 [pool-57-thread-1] INFO  storage.RaftStorageDirectory (RaftStorageDirectory.java:analyzeStorage(246)) - The storage directory /workdir/hadoop-ozone/integration-test/target/test-dir/MiniOzoneClusterImpl-73e7cd3e-72db-4213-b677-28bfbd198772/datanode-3/data/ratis/bc3b7c01-501d-4147-be22-4fade633d970 does not exist. Creating ...
2019-09-25 04:49:22,882 [pool-57-thread-1] INFO  storage.RaftStorageDirectory (RaftStorageDirectory.java:tryLock(328)) - Lock on /workdir/hadoop-ozone/integration-test/target/test-dir/MiniOzoneClusterImpl-73e7cd3e-72db-4213-b677-28bfbd198772/datanode-3/data/ratis/bc3b7c01-501d-4147-be22-4fade633d970/in_use.lock acquired by nodename 6977@pr-hdds-1569-s44lr-3492059363
2019-09-25 04:49:22,895 [Thread-455] INFO  impl.FollowerState (FollowerState.java:run(106)) - 4a0ae61b-4689-46eb-b962-7605c7f95abd:group-C98EB7103EA0 changes to CANDIDATE, lastRpcTime:1140, electionTimeout:1140ms
2019-09-25 04:49:22,895 [Thread-455] INFO  impl.RoleInfo (RoleInfo.java:shutdownFollowerState(121)) - 4a0ae61b-4689-46eb-b962-7605c7f95abd: shutdown FollowerState
2019-09-25 04:49:22,895 [Thread-455] INFO  impl.RaftServerImpl (RaftServerImpl.java:setRole(174)) - 4a0ae61b-4689-46eb-b962-7605c7f95abd@group-C98EB7103EA0: changes role from  FOLLOWER to CANDIDATE at term 0 for changeToCandidate
2019-09-25 04:49:22,895 [Thread-455] INFO  impl.RoleInfo (RoleInfo.java:updateAndGet(143)) - 4a0ae61b-4689-46eb-b962-7605c7f95abd: start LeaderElection
2019-09-25 04:49:22,914 [pool-57-thread-1] INFO  storage.RaftStorage (RaftStorage.java:format(72)) - Storage directory /workdir/hadoop-ozone/integration-test/target/test-dir/MiniOzoneClusterImpl-73e7cd3e-72db-4213-b677-28bfbd198772/datanode-3/data/ratis/bc3b7c01-501d-4147-be22-4fade633d970 has been successfully formatted.
2019-09-25 04:49:22,915 [pool-57-thread-1] INFO  ratis.ContainerStateMachine (ContainerStateMachine.java:loadSnapshot(230)) - group-4FADE633D970: The snapshot info is null. Setting the last applied indexto:(t:0, i:~)
2019-09-25 04:49:22,915 [pool-57-thread-1] INFO  server.RaftServerConfigKeys (ConfUtils.java:logGet(43)) - raft.server.notification.no-leader.timeout = 120s (custom)
2019-09-25 04:49:22,915 [pool-57-thread-1] INFO  server.RaftServerConfigKeys (ConfUtils.java:logGet(43)) - raft.server.log.use.memory = false (default)
2019-09-25 04:49:22,915 [pool-57-thread-1] INFO  server.RaftServerConfigKeys (ConfUtils.java:logGet(43)) - raft.server.log.purge.gap = 1000000 (custom)
2019-09-25 04:49:22,915 [pool-57-thread-1] INFO  server.RaftServerConfigKeys (ConfUtils.java:logGet(43)) - raft.server.log.appender.buffer.byte-limit = 33554432 (custom)
2019-09-25 04:49:22,915 [pool-57-thread-1] INFO  server.RaftServerConfigKeys (ConfUtils.java:logGet(43)) - raft.server.log.segment.size.max = 1048576 (custom)
2019-09-25 04:49:22,916 [pool-57-thread-1] INFO  server.RaftServerConfigKeys (ConfUtils.java:logGet(43)) - raft.server.log.segment.cache.num.max = 2 (custom)
2019-09-25 04:49:22,916 [pool-57-thread-1] INFO  segmented.SegmentedRaftLogWorker (SegmentedRaftLogWorker.java:<init>(172)) - new fcf37978-6168-4314-87d6-0e8a7c1fc6e1@group-4FADE633D970-SegmentedRaftLogWorker for RaftStorage:Storage Directory /workdir/hadoop-ozone/integration-test/target/test-dir/MiniOzoneClusterImpl-73e7cd3e-72db-4213-b677-28bfbd198772/datanode-3/data/ratis/bc3b7c01-501d-4147-be22-4fade633d970
2019-09-25 04:49:22,916 [pool-57-thread-1] INFO  server.RaftServerConfigKeys (ConfUtils.java:logGet(43)) - raft.server.log.queue.byte-limit = 2147483647 (custom)
2019-09-25 04:49:22,916 [pool-57-thread-1] INFO  server.RaftServerConfigKeys (ConfUtils.java:logGet(43)) - raft.server.log.queue.element-limit = 1024 (custom)
2019-09-25 04:49:22,916 [pool-57-thread-1] INFO  server.RaftServerConfigKeys (ConfUtils.java:logGet(43)) - raft.server.log.segment.size.max = 1048576 (custom)
2019-09-25 04:49:22,916 [pool-57-thread-1] INFO  server.RaftServerConfigKeys (ConfUtils.java:logGet(43)) - raft.server.log.preallocated.size = 16384 (custom)
2019-09-25 04:49:22,916 [pool-57-thread-1] INFO  server.RaftServerConfigKeys (ConfUtils.java:logGet(43)) - raft.server.log.write.buffer.size = 33554432 (custom)
2019-09-25 04:49:22,917 [pool-57-thread-1] INFO  server.RaftServerConfigKeys (ConfUtils.java:logGet(43)) - raft.server.log.force.sync.num = 128 (default)
2019-09-25 04:49:22,917 [pool-57-thread-1] INFO  server.RaftServerConfigKeys (ConfUtils.java:logGet(43)) - raft.server.log.statemachine.data.sync = true (default)
2019-09-25 04:49:22,917 [pool-57-thread-1] INFO  server.RaftServerConfigKeys (ConfUtils.java:logGet(43)) - raft.server.log.statemachine.data.sync.timeout = 10s (default)
2019-09-25 04:49:22,917 [4a0ae61b-4689-46eb-b962-7605c7f95abd@group-C98EB7103EA0:LeaderElection41] INFO  impl.LeaderElection (LeaderElection.java:askForVotes(182)) - 4a0ae61b-4689-46eb-b962-7605c7f95abd@group-C98EB7103EA0:LeaderElection41: begin an election at term 1 for -1: [4a0ae61b-4689-46eb-b962-7605c7f95abd:192.168.164.207:41419], old=null
2019-09-25 04:49:22,917 [pool-57-thread-1] INFO  server.RaftServerConfigKeys (ConfUtils.java:logGet(43)) - raft.server.log.statemachine.data.sync.timeout.retry = -1 (default)
2019-09-25 04:49:22,917 [4a0ae61b-4689-46eb-b962-7605c7f95abd@group-C98EB7103EA0:LeaderElection41] INFO  impl.RoleInfo (RoleInfo.java:shutdownLeaderElection(134)) - 4a0ae61b-4689-46eb-b962-7605c7f95abd: shutdown LeaderElection
2019-09-25 04:49:22,918 [pool-57-thread-1] INFO  server.RaftServerConfigKeys (ConfUtils.java:logGet(43)) - raft.server.log.statemachine.data.caching.enabled = true (custom)
2019-09-25 04:49:22,918 [4a0ae61b-4689-46eb-b962-7605c7f95abd@group-C98EB7103EA0:LeaderElection41] INFO  impl.RaftServerImpl (RaftServerImpl.java:setRole(174)) - 4a0ae61b-4689-46eb-b962-7605c7f95abd@group-C98EB7103EA0: changes role from CANDIDATE to LEADER at term 1 for changeToLeader
2019-09-25 04:49:22,918 [4a0ae61b-4689-46eb-b962-7605c7f95abd@group-C98EB7103EA0:LeaderElection41] INFO  impl.RaftServerImpl (ServerState.java:setLeader(253)) - 4a0ae61b-4689-46eb-b962-7605c7f95abd@group-C98EB7103EA0: change Leader from null to 4a0ae61b-4689-46eb-b962-7605c7f95abd at term 1 for becomeLeader, leader elected after 1177ms
2019-09-25 04:49:22,918 [pool-57-thread-1] INFO  segmented.SegmentedRaftLogWorker (SegmentedRaftLogWorker.java:lambda$new$0(132)) - fcf37978-6168-4314-87d6-0e8a7c1fc6e1@group-4FADE633D970-SegmentedRaftLogWorker: flushIndex: setUnconditionally 0 -> -1
2019-09-25 04:49:22,918 [4a0ae61b-4689-46eb-b962-7605c7f95abd@group-C98EB7103EA0:LeaderElection41] INFO  server.RaftServerConfigKeys (ConfUtils.java:logGet(43)) - raft.server.staging.catchup.gap = 1000 (default)
2019-09-25 04:49:22,918 [4a0ae61b-4689-46eb-b962-7605c7f95abd@group-C98EB7103EA0:LeaderElection41] INFO  server.RaftServerConfigKeys (ConfUtils.java:logGet(43)) - raft.server.rpc.sleep.time = 25ms (default)
2019-09-25 04:49:22,918 [pool-57-thread-1] INFO  server.RaftServerConfigKeys (ConfUtils.java:logGet(43)) - raft.server.snapshot.auto.trigger.enabled = true (custom)
2019-09-25 04:49:22,918 [4a0ae61b-4689-46eb-b962-7605c7f95abd@group-C98EB7103EA0:LeaderElection41] INFO  server.RaftServerConfigKeys (ConfUtils.java:logGet(43)) - raft.server.write.element-limit = 4096 (default)
2019-09-25 04:49:22,919 [pool-57-thread-1] INFO  server.RaftServerConfigKeys (ConfUtils.java:logGet(43)) - raft.server.snapshot.auto.trigger.threshold = 10000 (custom)
2019-09-25 04:49:22,919 [4a0ae61b-4689-46eb-b962-7605c7f95abd@group-C98EB7103EA0:LeaderElection41] INFO  server.RaftServerConfigKeys (ConfUtils.java:logGet(43)) - raft.server.watch.timeout = 10s (default)
2019-09-25 04:49:22,919 [pool-57-thread-1] INFO  server.RaftServerConfigKeys (ConfUtils.java:logGet(43)) - raft.server.snapshot.retention.num.files = 5 (custom)
2019-09-25 04:49:22,919 [4a0ae61b-4689-46eb-b962-7605c7f95abd@group-C98EB7103EA0:LeaderElection41] INFO  server.RaftServerConfigKeys (ConfUtils.java:logGet(43)) - raft.server.watch.timeout.denomination = 1s (default)
2019-09-25 04:49:22,919 [pool-57-thread-1] INFO  server.RaftServerConfigKeys (ConfUtils.java:logGet(43)) - raft.server.retrycache.expirytime = 600000ms (custom)
2019-09-25 04:49:22,919 [4a0ae61b-4689-46eb-b962-7605c7f95abd@group-C98EB7103EA0:LeaderElection41] INFO  server.RaftServerConfigKeys (ConfUtils.java:logGet(43)) - raft.server.watch.element-limit = 65536 (default)
2019-09-25 04:49:22,922 [pool-57-thread-1] INFO  impl.RaftServerImpl (RaftServerImpl.java:start(185)) - fcf37978-6168-4314-87d6-0e8a7c1fc6e1@group-4FADE633D970: start as a follower, conf=-1: [fcf37978-6168-4314-87d6-0e8a7c1fc6e1:192.168.164.207:44984], old=null
2019-09-25 04:49:22,922 [pool-57-thread-1] INFO  impl.RaftServerImpl (RaftServerImpl.java:setRole(174)) - fcf37978-6168-4314-87d6-0e8a7c1fc6e1@group-4FADE633D970: changes role from      null to FOLLOWER at term 0 for startAsFollower
2019-09-25 04:49:22,922 [4a0ae61b-4689-46eb-b962-7605c7f95abd@group-C98EB7103EA0:LeaderElection41] INFO  impl.RoleInfo (RoleInfo.java:updateAndGet(143)) - 4a0ae61b-4689-46eb-b962-7605c7f95abd: start LeaderState
2019-09-25 04:49:22,922 [pool-57-thread-1] INFO  impl.RoleInfo (RoleInfo.java:updateAndGet(143)) - fcf37978-6168-4314-87d6-0e8a7c1fc6e1: start FollowerState
2019-09-25 04:49:22,923 [4a0ae61b-4689-46eb-b962-7605c7f95abd@group-C98EB7103EA0:LeaderElection41] INFO  segmented.SegmentedRaftLogWorker (SegmentedRaftLogWorker.java:startLogSegment(380)) - 4a0ae61b-4689-46eb-b962-7605c7f95abd@group-C98EB7103EA0-SegmentedRaftLogWorker: Starting segment from index:0
2019-09-25 04:49:22,923 [pool-57-thread-1] INFO  util.JmxRegister (JmxRegister.java:tryRegister(44)) - Successfully registered JMX Bean with object name Ratis:service=RaftServer,group=group-4FADE633D970,id=fcf37978-6168-4314-87d6-0e8a7c1fc6e1
2019-09-25 04:49:22,923 [4a0ae61b-4689-46eb-b962-7605c7f95abd@group-C98EB7103EA0:LeaderElection41] INFO  impl.RaftServerImpl (ServerState.java:setRaftConf(354)) - 4a0ae61b-4689-46eb-b962-7605c7f95abd@group-C98EB7103EA0: set configuration 0: [4a0ae61b-4689-46eb-b962-7605c7f95abd:192.168.164.207:41419], old=null at 0
2019-09-25 04:49:22,970 [RatisPipelineUtilsThread] INFO  pipeline.PipelineStateManager (PipelineStateManager.java:addPipeline(56)) - Created pipeline Pipeline[ Id: bc3b7c01-501d-4147-be22-4fade633d970, Nodes: fcf37978-6168-4314-87d6-0e8a7c1fc6e1{ip: 192.168.164.207, host: pr-hdds-1569-s44lr-3492059363, networkLocation: /default-rack, certSerialId: null}, Type:RATIS, Factor:ONE, State:OPEN]
2019-09-25 04:49:22,970 [RatisPipelineUtilsThread] INFO  pipeline.PipelinePlacementPolicy (PipelinePlacementPolicy.java:meetCriteria(91)) - Pipeline Placement: can't place more pipeline on heavy datanode： ef17bb0f-3839-4724-ad21-94b92a6e25d3 Heaviness: 6 limit: 5
2019-09-25 04:49:22,970 [RatisPipelineUtilsThread] INFO  pipeline.PipelinePlacementPolicy (PipelinePlacementPolicy.java:meetCriteria(91)) - Pipeline Placement: can't place more pipeline on heavy datanode： 4a0ae61b-4689-46eb-b962-7605c7f95abd Heaviness: 6 limit: 5
2019-09-25 04:49:22,971 [RatisPipelineUtilsThread] INFO  pipeline.PipelinePlacementPolicy (PipelinePlacementPolicy.java:meetCriteria(91)) - Pipeline Placement: can't place more pipeline on heavy datanode： 4900d303-9ac7-4a86-9389-d77749add813 Heaviness: 6 limit: 5
2019-09-25 04:49:22,971 [RatisPipelineUtilsThread] INFO  pipeline.PipelinePlacementPolicy (PipelinePlacementPolicy.java:meetCriteria(91)) - Pipeline Placement: can't place more pipeline on heavy datanode： 3875a0db-bcd0-4e93-a77c-33ac6d7b4cc5 Heaviness: 6 limit: 5
2019-09-25 04:49:22,971 [RatisPipelineUtilsThread] INFO  pipeline.PipelinePlacementPolicy (PipelinePlacementPolicy.java:meetCriteria(91)) - Pipeline Placement: can't place more pipeline on heavy datanode： fcf37978-6168-4314-87d6-0e8a7c1fc6e1 Heaviness: 6 limit: 5
2019-09-25 04:49:22,971 [RatisPipelineUtilsThread] INFO  pipeline.PipelinePlacementPolicy (PipelinePlacementPolicy.java:meetCriteria(91)) - Pipeline Placement: can't place more pipeline on heavy datanode： eccaf005-8169-4dfc-be1f-8981a011c66c Heaviness: 6 limit: 5
2019-09-25 04:49:22,971 [RatisPipelineUtilsThread] INFO  pipeline.PipelinePlacementPolicy (PipelinePlacementPolicy.java:meetCriteria(91)) - Pipeline Placement: can't place more pipeline on heavy datanode： 0deae85c-a16a-4311-a0af-934f501df2cc Heaviness: 6 limit: 5
2019-09-25 04:49:22,978 [grpc-default-executor-1] INFO  impl.RaftServerProxy (RaftServerProxy.java:addNew(89)) - ef95e979-b818-4083-9289-18188944726b: addNew group-6963AD9ECE0B:[ef95e979-b818-4083-9289-18188944726b:192.168.164.207:36359] returns group-6963AD9ECE0B:java.util.concurrent.CompletableFuture@615a0d76[Not completed]
2019-09-25 04:49:22,979 [pool-117-thread-1] INFO  impl.RaftServerImpl (RaftServerImpl.java:<init>(95)) - ef95e979-b818-4083-9289-18188944726b: new RaftServerImpl for group-6963AD9ECE0B:[ef95e979-b818-4083-9289-18188944726b:192.168.164.207:36359] with ContainerStateMachine:uninitialized
2019-09-25 04:49:22,979 [pool-117-thread-1] INFO  server.RaftServerConfigKeys (ConfUtils.java:logGet(43)) - raft.server.rpc.timeout.min = 1s (custom)
2019-09-25 04:49:22,979 [pool-117-thread-1] INFO  server.RaftServerConfigKeys (ConfUtils.java:logGet(43)) - raft.server.rpc.timeout.max = 1200ms (custom)
2019-09-25 04:49:22,979 [pool-117-thread-1] INFO  server.RaftServerConfigKeys (ConfUtils.java:logGet(43)) - raft.server.rpcslowness.timeout = 120s (custom)
2019-09-25 04:49:22,979 [pool-117-thread-1] INFO  server.RaftServerConfigKeys (ConfUtils.java:logGet(43)) - raft.server.sleep.deviation.threshold = 300 (default)
2019-09-25 04:49:22,980 [pool-117-thread-1] INFO  server.RaftServerConfigKeys (ConfUtils.java:logGet(43)) - raft.server.log.appender.install.snapshot.enabled = false (custom)
2019-09-25 04:49:22,980 [pool-117-thread-1] INFO  impl.RaftServerImpl (ServerState.java:<init>(103)) - ef95e979-b818-4083-9289-18188944726b@group-6963AD9ECE0B: ConfigurationManager, init=-1: [ef95e979-b818-4083-9289-18188944726b:192.168.164.207:36359], old=null, confs=<EMPTY_MAP>
2019-09-25 04:49:22,980 [4a0ae61b-4689-46eb-b962-7605c7f95abd@group-C98EB7103EA0-SegmentedRaftLogWorker] INFO  segmented.SegmentedRaftLogWorker (SegmentedRaftLogWorker.java:execute(569)) - 4a0ae61b-4689-46eb-b962-7605c7f95abd@group-C98EB7103EA0-SegmentedRaftLogWorker: created new log segment /workdir/hadoop-ozone/integration-test/target/test-dir/MiniOzoneClusterImpl-73e7cd3e-72db-4213-b677-28bfbd198772/datanode-7/data/ratis/acdbed15-b49e-4116-b158-c98eb7103ea0/current/log_inprogress_0
2019-09-25 04:49:22,980 [pool-117-thread-1] INFO  server.RaftServerConfigKeys (ConfUtils.java:logGet(43)) - raft.server.storage.dir = [/workdir/hadoop-ozone/integration-test/target/test-dir/MiniOzoneClusterImpl-73e7cd3e-72db-4213-b677-28bfbd198772/datanode-9/data/ratis] (custom)
2019-09-25 04:49:22,980 [pool-117-thread-1] INFO  storage.RaftStorageDirectory (RaftStorageDirectory.java:analyzeStorage(246)) - The storage directory /workdir/hadoop-ozone/integration-test/target/test-dir/MiniOzoneClusterImpl-73e7cd3e-72db-4213-b677-28bfbd198772/datanode-9/data/ratis/a9f340ea-06d3-42fb-b659-6963ad9ece0b does not exist. Creating ...
2019-09-25 04:49:22,983 [pool-117-thread-1] INFO  storage.RaftStorageDirectory (RaftStorageDirectory.java:tryLock(328)) - Lock on /workdir/hadoop-ozone/integration-test/target/test-dir/MiniOzoneClusterImpl-73e7cd3e-72db-4213-b677-28bfbd198772/datanode-9/data/ratis/a9f340ea-06d3-42fb-b659-6963ad9ece0b/in_use.lock acquired by nodename 6977@pr-hdds-1569-s44lr-3492059363
2019-09-25 04:49:22,996 [pool-117-thread-1] INFO  storage.RaftStorage (RaftStorage.java:format(72)) - Storage directory /workdir/hadoop-ozone/integration-test/target/test-dir/MiniOzoneClusterImpl-73e7cd3e-72db-4213-b677-28bfbd198772/datanode-9/data/ratis/a9f340ea-06d3-42fb-b659-6963ad9ece0b has been successfully formatted.
2019-09-25 04:49:22,996 [pool-117-thread-1] INFO  ratis.ContainerStateMachine (ContainerStateMachine.java:loadSnapshot(230)) - group-6963AD9ECE0B: The snapshot info is null. Setting the last applied indexto:(t:0, i:~)
2019-09-25 04:49:22,996 [pool-117-thread-1] INFO  server.RaftServerConfigKeys (ConfUtils.java:logGet(43)) - raft.server.notification.no-leader.timeout = 120s (custom)
2019-09-25 04:49:22,997 [pool-117-thread-1] INFO  server.RaftServerConfigKeys (ConfUtils.java:logGet(43)) - raft.server.log.use.memory = false (default)
2019-09-25 04:49:22,997 [pool-117-thread-1] INFO  server.RaftServerConfigKeys (ConfUtils.java:logGet(43)) - raft.server.log.purge.gap = 1000000 (custom)
2019-09-25 04:49:22,997 [pool-117-thread-1] INFO  server.RaftServerConfigKeys (ConfUtils.java:logGet(43)) - raft.server.log.appender.buffer.byte-limit = 33554432 (custom)
2019-09-25 04:49:22,997 [pool-117-thread-1] INFO  server.RaftServerConfigKeys (ConfUtils.java:logGet(43)) - raft.server.log.segment.size.max = 1048576 (custom)
2019-09-25 04:49:22,997 [pool-117-thread-1] INFO  server.RaftServerConfigKeys (ConfUtils.java:logGet(43)) - raft.server.log.segment.cache.num.max = 2 (custom)
2019-09-25 04:49:22,997 [pool-117-thread-1] INFO  segmented.SegmentedRaftLogWorker (SegmentedRaftLogWorker.java:<init>(172)) - new ef95e979-b818-4083-9289-18188944726b@group-6963AD9ECE0B-SegmentedRaftLogWorker for RaftStorage:Storage Directory /workdir/hadoop-ozone/integration-test/target/test-dir/MiniOzoneClusterImpl-73e7cd3e-72db-4213-b677-28bfbd198772/datanode-9/data/ratis/a9f340ea-06d3-42fb-b659-6963ad9ece0b
2019-09-25 04:49:22,998 [pool-117-thread-1] INFO  server.RaftServerConfigKeys (ConfUtils.java:logGet(43)) - raft.server.log.queue.byte-limit = 2147483647 (custom)
2019-09-25 04:49:22,998 [pool-117-thread-1] INFO  server.RaftServerConfigKeys (ConfUtils.java:logGet(43)) - raft.server.log.queue.element-limit = 1024 (custom)
2019-09-25 04:49:22,998 [pool-117-thread-1] INFO  server.RaftServerConfigKeys (ConfUtils.java:logGet(43)) - raft.server.log.segment.size.max = 1048576 (custom)
2019-09-25 04:49:22,998 [pool-117-thread-1] INFO  server.RaftServerConfigKeys (ConfUtils.java:logGet(43)) - raft.server.log.preallocated.size = 16384 (custom)
2019-09-25 04:49:22,998 [pool-117-thread-1] INFO  server.RaftServerConfigKeys (ConfUtils.java:logGet(43)) - raft.server.log.write.buffer.size = 33554432 (custom)
2019-09-25 04:49:22,998 [pool-117-thread-1] INFO  server.RaftServerConfigKeys (ConfUtils.java:logGet(43)) - raft.server.log.force.sync.num = 128 (default)
2019-09-25 04:49:22,999 [pool-117-thread-1] INFO  server.RaftServerConfigKeys (ConfUtils.java:logGet(43)) - raft.server.log.statemachine.data.sync = true (default)
2019-09-25 04:49:22,999 [pool-117-thread-1] INFO  server.RaftServerConfigKeys (ConfUtils.java:logGet(43)) - raft.server.log.statemachine.data.sync.timeout = 10s (default)
2019-09-25 04:49:22,999 [pool-117-thread-1] INFO  server.RaftServerConfigKeys (ConfUtils.java:logGet(43)) - raft.server.log.statemachine.data.sync.timeout.retry = -1 (default)
2019-09-25 04:49:22,999 [pool-117-thread-1] INFO  server.RaftServerConfigKeys (ConfUtils.java:logGet(43)) - raft.server.log.statemachine.data.caching.enabled = true (custom)
2019-09-25 04:49:23,000 [pool-117-thread-1] INFO  segmented.SegmentedRaftLogWorker (SegmentedRaftLogWorker.java:lambda$new$0(132)) - ef95e979-b818-4083-9289-18188944726b@group-6963AD9ECE0B-SegmentedRaftLogWorker: flushIndex: setUnconditionally 0 -> -1
2019-09-25 04:49:23,001 [pool-117-thread-1] INFO  server.RaftServerConfigKeys (ConfUtils.java:logGet(43)) - raft.server.snapshot.auto.trigger.enabled = true (custom)
2019-09-25 04:49:23,001 [pool-117-thread-1] INFO  server.RaftServerConfigKeys (ConfUtils.java:logGet(43)) - raft.server.snapshot.auto.trigger.threshold = 10000 (custom)
2019-09-25 04:49:23,001 [pool-117-thread-1] INFO  server.RaftServerConfigKeys (ConfUtils.java:logGet(43)) - raft.server.snapshot.retention.num.files = 5 (custom)
2019-09-25 04:49:23,001 [pool-117-thread-1] INFO  server.RaftServerConfigKeys (ConfUtils.java:logGet(43)) - raft.server.retrycache.expirytime = 600000ms (custom)
2019-09-25 04:49:23,003 [pool-117-thread-1] INFO  impl.RaftServerImpl (RaftServerImpl.java:start(185)) - ef95e979-b818-4083-9289-18188944726b@group-6963AD9ECE0B: start as a follower, conf=-1: [ef95e979-b818-4083-9289-18188944726b:192.168.164.207:36359], old=null
2019-09-25 04:49:23,004 [pool-117-thread-1] INFO  impl.RaftServerImpl (RaftServerImpl.java:setRole(174)) - ef95e979-b818-4083-9289-18188944726b@group-6963AD9ECE0B: changes role from      null to FOLLOWER at term 0 for startAsFollower
2019-09-25 04:49:23,004 [pool-117-thread-1] INFO  impl.RoleInfo (RoleInfo.java:updateAndGet(143)) - ef95e979-b818-4083-9289-18188944726b: start FollowerState
2019-09-25 04:49:23,004 [pool-117-thread-1] INFO  util.JmxRegister (JmxRegister.java:tryRegister(44)) - Successfully registered JMX Bean with object name Ratis:service=RaftServer,group=group-6963AD9ECE0B,id=ef95e979-b818-4083-9289-18188944726b
2019-09-25 04:49:23,008 [RatisPipelineUtilsThread] INFO  pipeline.PipelineStateManager (PipelineStateManager.java:addPipeline(56)) - Created pipeline Pipeline[ Id: a9f340ea-06d3-42fb-b659-6963ad9ece0b, Nodes: ef95e979-b818-4083-9289-18188944726b{ip: 192.168.164.207, host: pr-hdds-1569-s44lr-3492059363, networkLocation: /default-rack, certSerialId: null}, Type:RATIS, Factor:ONE, State:OPEN]
2019-09-25 04:49:23,008 [RatisPipelineUtilsThread] INFO  pipeline.PipelinePlacementPolicy (PipelinePlacementPolicy.java:meetCriteria(91)) - Pipeline Placement: can't place more pipeline on heavy datanode： ef17bb0f-3839-4724-ad21-94b92a6e25d3 Heaviness: 6 limit: 5
2019-09-25 04:49:23,008 [RatisPipelineUtilsThread] INFO  pipeline.PipelinePlacementPolicy (PipelinePlacementPolicy.java:meetCriteria(91)) - Pipeline Placement: can't place more pipeline on heavy datanode： 4a0ae61b-4689-46eb-b962-7605c7f95abd Heaviness: 6 limit: 5
2019-09-25 04:49:23,008 [RatisPipelineUtilsThread] INFO  pipeline.PipelinePlacementPolicy (PipelinePlacementPolicy.java:meetCriteria(91)) - Pipeline Placement: can't place more pipeline on heavy datanode： 4900d303-9ac7-4a86-9389-d77749add813 Heaviness: 6 limit: 5
2019-09-25 04:49:23,008 [RatisPipelineUtilsThread] INFO  pipeline.PipelinePlacementPolicy (PipelinePlacementPolicy.java:meetCriteria(91)) - Pipeline Placement: can't place more pipeline on heavy datanode： 3875a0db-bcd0-4e93-a77c-33ac6d7b4cc5 Heaviness: 6 limit: 5
2019-09-25 04:49:23,009 [RatisPipelineUtilsThread] INFO  pipeline.PipelinePlacementPolicy (PipelinePlacementPolicy.java:meetCriteria(91)) - Pipeline Placement: can't place more pipeline on heavy datanode： fcf37978-6168-4314-87d6-0e8a7c1fc6e1 Heaviness: 6 limit: 5
2019-09-25 04:49:23,009 [RatisPipelineUtilsThread] INFO  pipeline.PipelinePlacementPolicy (PipelinePlacementPolicy.java:meetCriteria(91)) - Pipeline Placement: can't place more pipeline on heavy datanode： eccaf005-8169-4dfc-be1f-8981a011c66c Heaviness: 6 limit: 5
2019-09-25 04:49:23,009 [RatisPipelineUtilsThread] INFO  pipeline.PipelinePlacementPolicy (PipelinePlacementPolicy.java:meetCriteria(91)) - Pipeline Placement: can't place more pipeline on heavy datanode： 0deae85c-a16a-4311-a0af-934f501df2cc Heaviness: 6 limit: 5
2019-09-25 04:49:23,014 [grpc-default-executor-1] INFO  impl.RaftServerProxy (RaftServerProxy.java:addNew(89)) - 778daabb-04ae-41de-8067-bd0724312da7: addNew group-8CABF8D73106:[778daabb-04ae-41de-8067-bd0724312da7:192.168.164.207:43912] returns group-8CABF8D73106:java.util.concurrent.CompletableFuture@2ca5ee2a[Not completed]
2019-09-25 04:49:23,015 [pool-107-thread-1] INFO  impl.RaftServerImpl (RaftServerImpl.java:<init>(95)) - 778daabb-04ae-41de-8067-bd0724312da7: new RaftServerImpl for group-8CABF8D73106:[778daabb-04ae-41de-8067-bd0724312da7:192.168.164.207:43912] with ContainerStateMachine:uninitialized
2019-09-25 04:49:23,015 [pool-107-thread-1] INFO  server.RaftServerConfigKeys (ConfUtils.java:logGet(43)) - raft.server.rpc.timeout.min = 1s (custom)
2019-09-25 04:49:23,016 [pool-107-thread-1] INFO  server.RaftServerConfigKeys (ConfUtils.java:logGet(43)) - raft.server.rpc.timeout.max = 1200ms (custom)
2019-09-25 04:49:23,016 [pool-107-thread-1] INFO  server.RaftServerConfigKeys (ConfUtils.java:logGet(43)) - raft.server.rpcslowness.timeout = 120s (custom)
2019-09-25 04:49:23,016 [pool-107-thread-1] INFO  server.RaftServerConfigKeys (ConfUtils.java:logGet(43)) - raft.server.sleep.deviation.threshold = 300 (default)
2019-09-25 04:49:23,016 [pool-107-thread-1] INFO  server.RaftServerConfigKeys (ConfUtils.java:logGet(43)) - raft.server.log.appender.install.snapshot.enabled = false (custom)
2019-09-25 04:49:23,016 [pool-107-thread-1] INFO  impl.RaftServerImpl (ServerState.java:<init>(103)) - 778daabb-04ae-41de-8067-bd0724312da7@group-8CABF8D73106: ConfigurationManager, init=-1: [778daabb-04ae-41de-8067-bd0724312da7:192.168.164.207:43912], old=null, confs=<EMPTY_MAP>
2019-09-25 04:49:23,016 [pool-107-thread-1] INFO  server.RaftServerConfigKeys (ConfUtils.java:logGet(43)) - raft.server.storage.dir = [/workdir/hadoop-ozone/integration-test/target/test-dir/MiniOzoneClusterImpl-73e7cd3e-72db-4213-b677-28bfbd198772/datanode-8/data/ratis] (custom)
2019-09-25 04:49:23,017 [pool-107-thread-1] INFO  storage.RaftStorageDirectory (RaftStorageDirectory.java:analyzeStorage(246)) - The storage directory /workdir/hadoop-ozone/integration-test/target/test-dir/MiniOzoneClusterImpl-73e7cd3e-72db-4213-b677-28bfbd198772/datanode-8/data/ratis/fe084bea-5fb8-4c1a-bb27-8cabf8d73106 does not exist. Creating ...
2019-09-25 04:49:23,030 [pool-107-thread-1] INFO  storage.RaftStorageDirectory (RaftStorageDirectory.java:tryLock(328)) - Lock on /workdir/hadoop-ozone/integration-test/target/test-dir/MiniOzoneClusterImpl-73e7cd3e-72db-4213-b677-28bfbd198772/datanode-8/data/ratis/fe084bea-5fb8-4c1a-bb27-8cabf8d73106/in_use.lock acquired by nodename 6977@pr-hdds-1569-s44lr-3492059363
2019-09-25 04:49:23,043 [pool-107-thread-1] INFO  storage.RaftStorage (RaftStorage.java:format(72)) - Storage directory /workdir/hadoop-ozone/integration-test/target/test-dir/MiniOzoneClusterImpl-73e7cd3e-72db-4213-b677-28bfbd198772/datanode-8/data/ratis/fe084bea-5fb8-4c1a-bb27-8cabf8d73106 has been successfully formatted.
2019-09-25 04:49:23,043 [pool-107-thread-1] INFO  ratis.ContainerStateMachine (ContainerStateMachine.java:loadSnapshot(230)) - group-8CABF8D73106: The snapshot info is null. Setting the last applied indexto:(t:0, i:~)
2019-09-25 04:49:23,044 [pool-107-thread-1] INFO  server.RaftServerConfigKeys (ConfUtils.java:logGet(43)) - raft.server.notification.no-leader.timeout = 120s (custom)
2019-09-25 04:49:23,044 [pool-107-thread-1] INFO  server.RaftServerConfigKeys (ConfUtils.java:logGet(43)) - raft.server.log.use.memory = false (default)
2019-09-25 04:49:23,044 [pool-107-thread-1] INFO  server.RaftServerConfigKeys (ConfUtils.java:logGet(43)) - raft.server.log.purge.gap = 1000000 (custom)
2019-09-25 04:49:23,044 [pool-107-thread-1] INFO  server.RaftServerConfigKeys (ConfUtils.java:logGet(43)) - raft.server.log.appender.buffer.byte-limit = 33554432 (custom)
2019-09-25 04:49:23,044 [pool-107-thread-1] INFO  server.RaftServerConfigKeys (ConfUtils.java:logGet(43)) - raft.server.log.segment.size.max = 1048576 (custom)
2019-09-25 04:49:23,044 [pool-107-thread-1] INFO  server.RaftServerConfigKeys (ConfUtils.java:logGet(43)) - raft.server.log.segment.cache.num.max = 2 (custom)
2019-09-25 04:49:23,044 [pool-107-thread-1] INFO  segmented.SegmentedRaftLogWorker (SegmentedRaftLogWorker.java:<init>(172)) - new 778daabb-04ae-41de-8067-bd0724312da7@group-8CABF8D73106-SegmentedRaftLogWorker for RaftStorage:Storage Directory /workdir/hadoop-ozone/integration-test/target/test-dir/MiniOzoneClusterImpl-73e7cd3e-72db-4213-b677-28bfbd198772/datanode-8/data/ratis/fe084bea-5fb8-4c1a-bb27-8cabf8d73106
2019-09-25 04:49:23,045 [pool-107-thread-1] INFO  server.RaftServerConfigKeys (ConfUtils.java:logGet(43)) - raft.server.log.queue.byte-limit = 2147483647 (custom)
2019-09-25 04:49:23,045 [pool-107-thread-1] INFO  server.RaftServerConfigKeys (ConfUtils.java:logGet(43)) - raft.server.log.queue.element-limit = 1024 (custom)
2019-09-25 04:49:23,045 [pool-107-thread-1] INFO  server.RaftServerConfigKeys (ConfUtils.java:logGet(43)) - raft.server.log.segment.size.max = 1048576 (custom)
2019-09-25 04:49:23,045 [pool-107-thread-1] INFO  server.RaftServerConfigKeys (ConfUtils.java:logGet(43)) - raft.server.log.preallocated.size = 16384 (custom)
2019-09-25 04:49:23,045 [pool-107-thread-1] INFO  server.RaftServerConfigKeys (ConfUtils.java:logGet(43)) - raft.server.log.write.buffer.size = 33554432 (custom)
2019-09-25 04:49:23,045 [pool-107-thread-1] INFO  server.RaftServerConfigKeys (ConfUtils.java:logGet(43)) - raft.server.log.force.sync.num = 128 (default)
2019-09-25 04:49:23,045 [pool-107-thread-1] INFO  server.RaftServerConfigKeys (ConfUtils.java:logGet(43)) - raft.server.log.statemachine.data.sync = true (default)
2019-09-25 04:49:23,046 [pool-107-thread-1] INFO  server.RaftServerConfigKeys (ConfUtils.java:logGet(43)) - raft.server.log.statemachine.data.sync.timeout = 10s (default)
2019-09-25 04:49:23,046 [pool-107-thread-1] INFO  server.RaftServerConfigKeys (ConfUtils.java:logGet(43)) - raft.server.log.statemachine.data.sync.timeout.retry = -1 (default)
2019-09-25 04:49:23,046 [pool-107-thread-1] INFO  server.RaftServerConfigKeys (ConfUtils.java:logGet(43)) - raft.server.log.statemachine.data.caching.enabled = true (custom)
2019-09-25 04:49:23,046 [pool-107-thread-1] INFO  segmented.SegmentedRaftLogWorker (SegmentedRaftLogWorker.java:lambda$new$0(132)) - 778daabb-04ae-41de-8067-bd0724312da7@group-8CABF8D73106-SegmentedRaftLogWorker: flushIndex: setUnconditionally 0 -> -1
2019-09-25 04:49:23,047 [pool-107-thread-1] INFO  server.RaftServerConfigKeys (ConfUtils.java:logGet(43)) - raft.server.snapshot.auto.trigger.enabled = true (custom)
2019-09-25 04:49:23,047 [pool-107-thread-1] INFO  server.RaftServerConfigKeys (ConfUtils.java:logGet(43)) - raft.server.snapshot.auto.trigger.threshold = 10000 (custom)
2019-09-25 04:49:23,047 [pool-107-thread-1] INFO  server.RaftServerConfigKeys (ConfUtils.java:logGet(43)) - raft.server.snapshot.retention.num.files = 5 (custom)
2019-09-25 04:49:23,047 [pool-107-thread-1] INFO  server.RaftServerConfigKeys (ConfUtils.java:logGet(43)) - raft.server.retrycache.expirytime = 600000ms (custom)
2019-09-25 04:49:23,049 [pool-107-thread-1] INFO  impl.RaftServerImpl (RaftServerImpl.java:start(185)) - 778daabb-04ae-41de-8067-bd0724312da7@group-8CABF8D73106: start as a follower, conf=-1: [778daabb-04ae-41de-8067-bd0724312da7:192.168.164.207:43912], old=null
2019-09-25 04:49:23,049 [pool-107-thread-1] INFO  impl.RaftServerImpl (RaftServerImpl.java:setRole(174)) - 778daabb-04ae-41de-8067-bd0724312da7@group-8CABF8D73106: changes role from      null to FOLLOWER at term 0 for startAsFollower
2019-09-25 04:49:23,049 [pool-107-thread-1] INFO  impl.RoleInfo (RoleInfo.java:updateAndGet(143)) - 778daabb-04ae-41de-8067-bd0724312da7: start FollowerState
2019-09-25 04:49:23,050 [pool-107-thread-1] INFO  util.JmxRegister (JmxRegister.java:tryRegister(44)) - Successfully registered JMX Bean with object name Ratis:service=RaftServer,group=group-8CABF8D73106,id=778daabb-04ae-41de-8067-bd0724312da7
2019-09-25 04:49:23,053 [RatisPipelineUtilsThread] INFO  pipeline.PipelineStateManager (PipelineStateManager.java:addPipeline(56)) - Created pipeline Pipeline[ Id: fe084bea-5fb8-4c1a-bb27-8cabf8d73106, Nodes: 778daabb-04ae-41de-8067-bd0724312da7{ip: 192.168.164.207, host: pr-hdds-1569-s44lr-3492059363, networkLocation: /default-rack, certSerialId: null}, Type:RATIS, Factor:ONE, State:OPEN]
2019-09-25 04:49:23,053 [RatisPipelineUtilsThread] INFO  pipeline.PipelinePlacementPolicy (PipelinePlacementPolicy.java:meetCriteria(91)) - Pipeline Placement: can't place more pipeline on heavy datanode： ef17bb0f-3839-4724-ad21-94b92a6e25d3 Heaviness: 6 limit: 5
2019-09-25 04:49:23,053 [RatisPipelineUtilsThread] INFO  pipeline.PipelinePlacementPolicy (PipelinePlacementPolicy.java:meetCriteria(91)) - Pipeline Placement: can't place more pipeline on heavy datanode： 4a0ae61b-4689-46eb-b962-7605c7f95abd Heaviness: 6 limit: 5
2019-09-25 04:49:23,054 [RatisPipelineUtilsThread] INFO  pipeline.PipelinePlacementPolicy (PipelinePlacementPolicy.java:meetCriteria(91)) - Pipeline Placement: can't place more pipeline on heavy datanode： 4900d303-9ac7-4a86-9389-d77749add813 Heaviness: 6 limit: 5
2019-09-25 04:49:23,054 [RatisPipelineUtilsThread] INFO  pipeline.PipelinePlacementPolicy (PipelinePlacementPolicy.java:meetCriteria(91)) - Pipeline Placement: can't place more pipeline on heavy datanode： 3875a0db-bcd0-4e93-a77c-33ac6d7b4cc5 Heaviness: 6 limit: 5
2019-09-25 04:49:23,054 [RatisPipelineUtilsThread] INFO  pipeline.PipelinePlacementPolicy (PipelinePlacementPolicy.java:meetCriteria(91)) - Pipeline Placement: can't place more pipeline on heavy datanode： fcf37978-6168-4314-87d6-0e8a7c1fc6e1 Heaviness: 6 limit: 5
2019-09-25 04:49:23,054 [RatisPipelineUtilsThread] INFO  pipeline.PipelinePlacementPolicy (PipelinePlacementPolicy.java:meetCriteria(91)) - Pipeline Placement: can't place more pipeline on heavy datanode： eccaf005-8169-4dfc-be1f-8981a011c66c Heaviness: 6 limit: 5
2019-09-25 04:49:23,054 [RatisPipelineUtilsThread] INFO  pipeline.PipelinePlacementPolicy (PipelinePlacementPolicy.java:meetCriteria(91)) - Pipeline Placement: can't place more pipeline on heavy datanode： 0deae85c-a16a-4311-a0af-934f501df2cc Heaviness: 6 limit: 5
2019-09-25 04:49:23,060 [grpc-default-executor-1] INFO  impl.RaftServerProxy (RaftServerProxy.java:addNew(89)) - 778daabb-04ae-41de-8067-bd0724312da7: addNew group-0D174AFCE633:[778daabb-04ae-41de-8067-bd0724312da7:192.168.164.207:43912] returns group-0D174AFCE633:java.util.concurrent.CompletableFuture@45902bf5[Not completed]
2019-09-25 04:49:23,061 [pool-107-thread-1] INFO  impl.RaftServerImpl (RaftServerImpl.java:<init>(95)) - 778daabb-04ae-41de-8067-bd0724312da7: new RaftServerImpl for group-0D174AFCE633:[778daabb-04ae-41de-8067-bd0724312da7:192.168.164.207:43912] with ContainerStateMachine:uninitialized
2019-09-25 04:49:23,061 [pool-107-thread-1] INFO  server.RaftServerConfigKeys (ConfUtils.java:logGet(43)) - raft.server.rpc.timeout.min = 1s (custom)
2019-09-25 04:49:23,061 [pool-107-thread-1] INFO  server.RaftServerConfigKeys (ConfUtils.java:logGet(43)) - raft.server.rpc.timeout.max = 1200ms (custom)
2019-09-25 04:49:23,062 [pool-107-thread-1] INFO  server.RaftServerConfigKeys (ConfUtils.java:logGet(43)) - raft.server.rpcslowness.timeout = 120s (custom)
2019-09-25 04:49:23,062 [pool-107-thread-1] INFO  server.RaftServerConfigKeys (ConfUtils.java:logGet(43)) - raft.server.sleep.deviation.threshold = 300 (default)
2019-09-25 04:49:23,062 [pool-107-thread-1] INFO  server.RaftServerConfigKeys (ConfUtils.java:logGet(43)) - raft.server.log.appender.install.snapshot.enabled = false (custom)
2019-09-25 04:49:23,062 [pool-107-thread-1] INFO  impl.RaftServerImpl (ServerState.java:<init>(103)) - 778daabb-04ae-41de-8067-bd0724312da7@group-0D174AFCE633: ConfigurationManager, init=-1: [778daabb-04ae-41de-8067-bd0724312da7:192.168.164.207:43912], old=null, confs=<EMPTY_MAP>
2019-09-25 04:49:23,062 [pool-107-thread-1] INFO  server.RaftServerConfigKeys (ConfUtils.java:logGet(43)) - raft.server.storage.dir = [/workdir/hadoop-ozone/integration-test/target/test-dir/MiniOzoneClusterImpl-73e7cd3e-72db-4213-b677-28bfbd198772/datanode-8/data/ratis] (custom)
2019-09-25 04:49:23,062 [pool-107-thread-1] INFO  storage.RaftStorageDirectory (RaftStorageDirectory.java:analyzeStorage(246)) - The storage directory /workdir/hadoop-ozone/integration-test/target/test-dir/MiniOzoneClusterImpl-73e7cd3e-72db-4213-b677-28bfbd198772/datanode-8/data/ratis/2630ffb1-64e0-4019-8207-0d174afce633 does not exist. Creating ...
2019-09-25 04:49:23,075 [pool-107-thread-1] INFO  storage.RaftStorageDirectory (RaftStorageDirectory.java:tryLock(328)) - Lock on /workdir/hadoop-ozone/integration-test/target/test-dir/MiniOzoneClusterImpl-73e7cd3e-72db-4213-b677-28bfbd198772/datanode-8/data/ratis/2630ffb1-64e0-4019-8207-0d174afce633/in_use.lock acquired by nodename 6977@pr-hdds-1569-s44lr-3492059363
2019-09-25 04:49:23,088 [pool-107-thread-1] INFO  storage.RaftStorage (RaftStorage.java:format(72)) - Storage directory /workdir/hadoop-ozone/integration-test/target/test-dir/MiniOzoneClusterImpl-73e7cd3e-72db-4213-b677-28bfbd198772/datanode-8/data/ratis/2630ffb1-64e0-4019-8207-0d174afce633 has been successfully formatted.
2019-09-25 04:49:23,089 [pool-107-thread-1] INFO  ratis.ContainerStateMachine (ContainerStateMachine.java:loadSnapshot(230)) - group-0D174AFCE633: The snapshot info is null. Setting the last applied indexto:(t:0, i:~)
2019-09-25 04:49:23,089 [pool-107-thread-1] INFO  server.RaftServerConfigKeys (ConfUtils.java:logGet(43)) - raft.server.notification.no-leader.timeout = 120s (custom)
2019-09-25 04:49:23,089 [pool-107-thread-1] INFO  server.RaftServerConfigKeys (ConfUtils.java:logGet(43)) - raft.server.log.use.memory = false (default)
2019-09-25 04:49:23,089 [pool-107-thread-1] INFO  server.RaftServerConfigKeys (ConfUtils.java:logGet(43)) - raft.server.log.purge.gap = 1000000 (custom)
2019-09-25 04:49:23,089 [pool-107-thread-1] INFO  server.RaftServerConfigKeys (ConfUtils.java:logGet(43)) - raft.server.log.appender.buffer.byte-limit = 33554432 (custom)
2019-09-25 04:49:23,089 [pool-107-thread-1] INFO  server.RaftServerConfigKeys (ConfUtils.java:logGet(43)) - raft.server.log.segment.size.max = 1048576 (custom)
2019-09-25 04:49:23,089 [pool-107-thread-1] INFO  server.RaftServerConfigKeys (ConfUtils.java:logGet(43)) - raft.server.log.segment.cache.num.max = 2 (custom)
2019-09-25 04:49:23,090 [pool-107-thread-1] INFO  segmented.SegmentedRaftLogWorker (SegmentedRaftLogWorker.java:<init>(172)) - new 778daabb-04ae-41de-8067-bd0724312da7@group-0D174AFCE633-SegmentedRaftLogWorker for RaftStorage:Storage Directory /workdir/hadoop-ozone/integration-test/target/test-dir/MiniOzoneClusterImpl-73e7cd3e-72db-4213-b677-28bfbd198772/datanode-8/data/ratis/2630ffb1-64e0-4019-8207-0d174afce633
2019-09-25 04:49:23,090 [pool-107-thread-1] INFO  server.RaftServerConfigKeys (ConfUtils.java:logGet(43)) - raft.server.log.queue.byte-limit = 2147483647 (custom)
2019-09-25 04:49:23,090 [pool-107-thread-1] INFO  server.RaftServerConfigKeys (ConfUtils.java:logGet(43)) - raft.server.log.queue.element-limit = 1024 (custom)
2019-09-25 04:49:23,090 [pool-107-thread-1] INFO  server.RaftServerConfigKeys (ConfUtils.java:logGet(43)) - raft.server.log.segment.size.max = 1048576 (custom)
2019-09-25 04:49:23,090 [pool-107-thread-1] INFO  server.RaftServerConfigKeys (ConfUtils.java:logGet(43)) - raft.server.log.preallocated.size = 16384 (custom)
2019-09-25 04:49:23,090 [pool-107-thread-1] INFO  server.RaftServerConfigKeys (ConfUtils.java:logGet(43)) - raft.server.log.write.buffer.size = 33554432 (custom)
2019-09-25 04:49:23,090 [pool-107-thread-1] INFO  server.RaftServerConfigKeys (ConfUtils.java:logGet(43)) - raft.server.log.force.sync.num = 128 (default)
2019-09-25 04:49:23,090 [pool-107-thread-1] INFO  server.RaftServerConfigKeys (ConfUtils.java:logGet(43)) - raft.server.log.statemachine.data.sync = true (default)
2019-09-25 04:49:23,091 [pool-107-thread-1] INFO  server.RaftServerConfigKeys (ConfUtils.java:logGet(43)) - raft.server.log.statemachine.data.sync.timeout = 10s (default)
2019-09-25 04:49:23,091 [pool-107-thread-1] INFO  server.RaftServerConfigKeys (ConfUtils.java:logGet(43)) - raft.server.log.statemachine.data.sync.timeout.retry = -1 (default)
2019-09-25 04:49:23,091 [pool-107-thread-1] INFO  server.RaftServerConfigKeys (ConfUtils.java:logGet(43)) - raft.server.log.statemachine.data.caching.enabled = true (custom)
2019-09-25 04:49:23,091 [pool-107-thread-1] INFO  segmented.SegmentedRaftLogWorker (SegmentedRaftLogWorker.java:lambda$new$0(132)) - 778daabb-04ae-41de-8067-bd0724312da7@group-0D174AFCE633-SegmentedRaftLogWorker: flushIndex: setUnconditionally 0 -> -1
2019-09-25 04:49:23,092 [pool-107-thread-1] INFO  server.RaftServerConfigKeys (ConfUtils.java:logGet(43)) - raft.server.snapshot.auto.trigger.enabled = true (custom)
2019-09-25 04:49:23,092 [pool-107-thread-1] INFO  server.RaftServerConfigKeys (ConfUtils.java:logGet(43)) - raft.server.snapshot.auto.trigger.threshold = 10000 (custom)
2019-09-25 04:49:23,092 [pool-107-thread-1] INFO  server.RaftServerConfigKeys (ConfUtils.java:logGet(43)) - raft.server.snapshot.retention.num.files = 5 (custom)
2019-09-25 04:49:23,092 [pool-107-thread-1] INFO  server.RaftServerConfigKeys (ConfUtils.java:logGet(43)) - raft.server.retrycache.expirytime = 600000ms (custom)
2019-09-25 04:49:23,094 [Thread-467] INFO  impl.FollowerState (FollowerState.java:run(106)) - eccaf005-8169-4dfc-be1f-8981a011c66c:group-8B1B5CF8C2DC changes to CANDIDATE, lastRpcTime:1187, electionTimeout:1187ms
2019-09-25 04:49:23,094 [Thread-467] INFO  impl.RoleInfo (RoleInfo.java:shutdownFollowerState(121)) - eccaf005-8169-4dfc-be1f-8981a011c66c: shutdown FollowerState
2019-09-25 04:49:23,094 [Thread-467] INFO  impl.RaftServerImpl (RaftServerImpl.java:setRole(174)) - eccaf005-8169-4dfc-be1f-8981a011c66c@group-8B1B5CF8C2DC: changes role from  FOLLOWER to CANDIDATE at term 0 for changeToCandidate
2019-09-25 04:49:23,094 [pool-107-thread-1] INFO  impl.RaftServerImpl (RaftServerImpl.java:start(185)) - 778daabb-04ae-41de-8067-bd0724312da7@group-0D174AFCE633: start as a follower, conf=-1: [778daabb-04ae-41de-8067-bd0724312da7:192.168.164.207:43912], old=null
2019-09-25 04:49:23,094 [Thread-467] INFO  impl.RoleInfo (RoleInfo.java:updateAndGet(143)) - eccaf005-8169-4dfc-be1f-8981a011c66c: start LeaderElection
2019-09-25 04:49:23,094 [pool-107-thread-1] INFO  impl.RaftServerImpl (RaftServerImpl.java:setRole(174)) - 778daabb-04ae-41de-8067-bd0724312da7@group-0D174AFCE633: changes role from      null to FOLLOWER at term 0 for startAsFollower
2019-09-25 04:49:23,094 [pool-107-thread-1] INFO  impl.RoleInfo (RoleInfo.java:updateAndGet(143)) - 778daabb-04ae-41de-8067-bd0724312da7: start FollowerState
2019-09-25 04:49:23,095 [pool-107-thread-1] INFO  util.JmxRegister (JmxRegister.java:tryRegister(44)) - Successfully registered JMX Bean with object name Ratis:service=RaftServer,group=group-0D174AFCE633,id=778daabb-04ae-41de-8067-bd0724312da7
2019-09-25 04:49:23,098 [RatisPipelineUtilsThread] INFO  pipeline.PipelineStateManager (PipelineStateManager.java:addPipeline(56)) - Created pipeline Pipeline[ Id: 2630ffb1-64e0-4019-8207-0d174afce633, Nodes: 778daabb-04ae-41de-8067-bd0724312da7{ip: 192.168.164.207, host: pr-hdds-1569-s44lr-3492059363, networkLocation: /default-rack, certSerialId: null}, Type:RATIS, Factor:ONE, State:OPEN]
2019-09-25 04:49:23,098 [RatisPipelineUtilsThread] INFO  pipeline.PipelinePlacementPolicy (PipelinePlacementPolicy.java:meetCriteria(91)) - Pipeline Placement: can't place more pipeline on heavy datanode： ef17bb0f-3839-4724-ad21-94b92a6e25d3 Heaviness: 6 limit: 5
2019-09-25 04:49:23,099 [RatisPipelineUtilsThread] INFO  pipeline.PipelinePlacementPolicy (PipelinePlacementPolicy.java:meetCriteria(91)) - Pipeline Placement: can't place more pipeline on heavy datanode： 4a0ae61b-4689-46eb-b962-7605c7f95abd Heaviness: 6 limit: 5
2019-09-25 04:49:23,099 [RatisPipelineUtilsThread] INFO  pipeline.PipelinePlacementPolicy (PipelinePlacementPolicy.java:meetCriteria(91)) - Pipeline Placement: can't place more pipeline on heavy datanode： 4900d303-9ac7-4a86-9389-d77749add813 Heaviness: 6 limit: 5
2019-09-25 04:49:23,099 [RatisPipelineUtilsThread] INFO  pipeline.PipelinePlacementPolicy (PipelinePlacementPolicy.java:meetCriteria(91)) - Pipeline Placement: can't place more pipeline on heavy datanode： 3875a0db-bcd0-4e93-a77c-33ac6d7b4cc5 Heaviness: 6 limit: 5
2019-09-25 04:49:23,099 [RatisPipelineUtilsThread] INFO  pipeline.PipelinePlacementPolicy (PipelinePlacementPolicy.java:meetCriteria(91)) - Pipeline Placement: can't place more pipeline on heavy datanode： fcf37978-6168-4314-87d6-0e8a7c1fc6e1 Heaviness: 6 limit: 5
2019-09-25 04:49:23,099 [RatisPipelineUtilsThread] INFO  pipeline.PipelinePlacementPolicy (PipelinePlacementPolicy.java:meetCriteria(91)) - Pipeline Placement: can't place more pipeline on heavy datanode： eccaf005-8169-4dfc-be1f-8981a011c66c Heaviness: 6 limit: 5
2019-09-25 04:49:23,099 [RatisPipelineUtilsThread] INFO  pipeline.PipelinePlacementPolicy (PipelinePlacementPolicy.java:meetCriteria(91)) - Pipeline Placement: can't place more pipeline on heavy datanode： 0deae85c-a16a-4311-a0af-934f501df2cc Heaviness: 6 limit: 5
2019-09-25 04:49:23,105 [grpc-default-executor-1] INFO  impl.RaftServerProxy (RaftServerProxy.java:addNew(89)) - 2f00ca3a-f523-476d-a77d-69389bdf1595: addNew group-E5B04C573914:[2f00ca3a-f523-476d-a77d-69389bdf1595:192.168.164.207:39474] returns group-E5B04C573914:java.util.concurrent.CompletableFuture@1c92c37c[Not completed]
2019-09-25 04:49:23,106 [pool-87-thread-1] INFO  impl.RaftServerImpl (RaftServerImpl.java:<init>(95)) - 2f00ca3a-f523-476d-a77d-69389bdf1595: new RaftServerImpl for group-E5B04C573914:[2f00ca3a-f523-476d-a77d-69389bdf1595:192.168.164.207:39474] with ContainerStateMachine:uninitialized
2019-09-25 04:49:23,106 [pool-87-thread-1] INFO  server.RaftServerConfigKeys (ConfUtils.java:logGet(43)) - raft.server.rpc.timeout.min = 1s (custom)
2019-09-25 04:49:23,107 [pool-87-thread-1] INFO  server.RaftServerConfigKeys (ConfUtils.java:logGet(43)) - raft.server.rpc.timeout.max = 1200ms (custom)
2019-09-25 04:49:23,107 [pool-87-thread-1] INFO  server.RaftServerConfigKeys (ConfUtils.java:logGet(43)) - raft.server.rpcslowness.timeout = 120s (custom)
2019-09-25 04:49:23,107 [pool-87-thread-1] INFO  server.RaftServerConfigKeys (ConfUtils.java:logGet(43)) - raft.server.sleep.deviation.threshold = 300 (default)
2019-09-25 04:49:23,107 [pool-87-thread-1] INFO  server.RaftServerConfigKeys (ConfUtils.java:logGet(43)) - raft.server.log.appender.install.snapshot.enabled = false (custom)
2019-09-25 04:49:23,107 [pool-87-thread-1] INFO  impl.RaftServerImpl (ServerState.java:<init>(103)) - 2f00ca3a-f523-476d-a77d-69389bdf1595@group-E5B04C573914: ConfigurationManager, init=-1: [2f00ca3a-f523-476d-a77d-69389bdf1595:192.168.164.207:39474], old=null, confs=<EMPTY_MAP>
2019-09-25 04:49:23,108 [pool-87-thread-1] INFO  server.RaftServerConfigKeys (ConfUtils.java:logGet(43)) - raft.server.storage.dir = [/workdir/hadoop-ozone/integration-test/target/test-dir/MiniOzoneClusterImpl-73e7cd3e-72db-4213-b677-28bfbd198772/datanode-6/data/ratis] (custom)
2019-09-25 04:49:23,108 [eccaf005-8169-4dfc-be1f-8981a011c66c@group-8B1B5CF8C2DC:LeaderElection42] INFO  impl.LeaderElection (LeaderElection.java:askForVotes(182)) - eccaf005-8169-4dfc-be1f-8981a011c66c@group-8B1B5CF8C2DC:LeaderElection42: begin an election at term 1 for -1: [eccaf005-8169-4dfc-be1f-8981a011c66c:192.168.164.207:46393], old=null
2019-09-25 04:49:23,108 [eccaf005-8169-4dfc-be1f-8981a011c66c@group-8B1B5CF8C2DC:LeaderElection42] INFO  impl.RoleInfo (RoleInfo.java:shutdownLeaderElection(134)) - eccaf005-8169-4dfc-be1f-8981a011c66c: shutdown LeaderElection
2019-09-25 04:49:23,108 [eccaf005-8169-4dfc-be1f-8981a011c66c@group-8B1B5CF8C2DC:LeaderElection42] INFO  impl.RaftServerImpl (RaftServerImpl.java:setRole(174)) - eccaf005-8169-4dfc-be1f-8981a011c66c@group-8B1B5CF8C2DC: changes role from CANDIDATE to LEADER at term 1 for changeToLeader
2019-09-25 04:49:23,108 [eccaf005-8169-4dfc-be1f-8981a011c66c@group-8B1B5CF8C2DC:LeaderElection42] INFO  impl.RaftServerImpl (ServerState.java:setLeader(253)) - eccaf005-8169-4dfc-be1f-8981a011c66c@group-8B1B5CF8C2DC: change Leader from null to eccaf005-8169-4dfc-be1f-8981a011c66c at term 1 for becomeLeader, leader elected after 1243ms
2019-09-25 04:49:23,108 [pool-87-thread-1] INFO  storage.RaftStorageDirectory (RaftStorageDirectory.java:analyzeStorage(246)) - The storage directory /workdir/hadoop-ozone/integration-test/target/test-dir/MiniOzoneClusterImpl-73e7cd3e-72db-4213-b677-28bfbd198772/datanode-6/data/ratis/0c0e3c9e-5253-4703-94d0-e5b04c573914 does not exist. Creating ...
2019-09-25 04:49:23,108 [eccaf005-8169-4dfc-be1f-8981a011c66c@group-8B1B5CF8C2DC:LeaderElection42] INFO  server.RaftServerConfigKeys (ConfUtils.java:logGet(43)) - raft.server.staging.catchup.gap = 1000 (default)
2019-09-25 04:49:23,108 [eccaf005-8169-4dfc-be1f-8981a011c66c@group-8B1B5CF8C2DC:LeaderElection42] INFO  server.RaftServerConfigKeys (ConfUtils.java:logGet(43)) - raft.server.rpc.sleep.time = 25ms (default)
2019-09-25 04:49:23,109 [eccaf005-8169-4dfc-be1f-8981a011c66c@group-8B1B5CF8C2DC:LeaderElection42] INFO  server.RaftServerConfigKeys (ConfUtils.java:logGet(43)) - raft.server.write.element-limit = 4096 (default)
2019-09-25 04:49:23,109 [eccaf005-8169-4dfc-be1f-8981a011c66c@group-8B1B5CF8C2DC:LeaderElection42] INFO  server.RaftServerConfigKeys (ConfUtils.java:logGet(43)) - raft.server.watch.timeout = 10s (default)
2019-09-25 04:49:23,109 [eccaf005-8169-4dfc-be1f-8981a011c66c@group-8B1B5CF8C2DC:LeaderElection42] INFO  server.RaftServerConfigKeys (ConfUtils.java:logGet(43)) - raft.server.watch.timeout.denomination = 1s (default)
2019-09-25 04:49:23,109 [eccaf005-8169-4dfc-be1f-8981a011c66c@group-8B1B5CF8C2DC:LeaderElection42] INFO  server.RaftServerConfigKeys (ConfUtils.java:logGet(43)) - raft.server.watch.element-limit = 65536 (default)
2019-09-25 04:49:23,111 [eccaf005-8169-4dfc-be1f-8981a011c66c@group-8B1B5CF8C2DC:LeaderElection42] INFO  impl.RoleInfo (RoleInfo.java:updateAndGet(143)) - eccaf005-8169-4dfc-be1f-8981a011c66c: start LeaderState
2019-09-25 04:49:23,111 [eccaf005-8169-4dfc-be1f-8981a011c66c@group-8B1B5CF8C2DC:LeaderElection42] INFO  segmented.SegmentedRaftLogWorker (SegmentedRaftLogWorker.java:startLogSegment(380)) - eccaf005-8169-4dfc-be1f-8981a011c66c@group-8B1B5CF8C2DC-SegmentedRaftLogWorker: Starting segment from index:0
2019-09-25 04:49:23,112 [eccaf005-8169-4dfc-be1f-8981a011c66c@group-8B1B5CF8C2DC:LeaderElection42] INFO  impl.RaftServerImpl (ServerState.java:setRaftConf(354)) - eccaf005-8169-4dfc-be1f-8981a011c66c@group-8B1B5CF8C2DC: set configuration 0: [eccaf005-8169-4dfc-be1f-8981a011c66c:192.168.164.207:46393], old=null at 0
2019-09-25 04:49:23,121 [pool-87-thread-1] INFO  storage.RaftStorageDirectory (RaftStorageDirectory.java:tryLock(328)) - Lock on /workdir/hadoop-ozone/integration-test/target/test-dir/MiniOzoneClusterImpl-73e7cd3e-72db-4213-b677-28bfbd198772/datanode-6/data/ratis/0c0e3c9e-5253-4703-94d0-e5b04c573914/in_use.lock acquired by nodename 6977@pr-hdds-1569-s44lr-3492059363
2019-09-25 04:49:23,153 [pool-87-thread-1] INFO  storage.RaftStorage (RaftStorage.java:format(72)) - Storage directory /workdir/hadoop-ozone/integration-test/target/test-dir/MiniOzoneClusterImpl-73e7cd3e-72db-4213-b677-28bfbd198772/datanode-6/data/ratis/0c0e3c9e-5253-4703-94d0-e5b04c573914 has been successfully formatted.
2019-09-25 04:49:23,153 [pool-87-thread-1] INFO  ratis.ContainerStateMachine (ContainerStateMachine.java:loadSnapshot(230)) - group-E5B04C573914: The snapshot info is null. Setting the last applied indexto:(t:0, i:~)
2019-09-25 04:49:23,154 [pool-87-thread-1] INFO  server.RaftServerConfigKeys (ConfUtils.java:logGet(43)) - raft.server.notification.no-leader.timeout = 120s (custom)
2019-09-25 04:49:23,154 [pool-87-thread-1] INFO  server.RaftServerConfigKeys (ConfUtils.java:logGet(43)) - raft.server.log.use.memory = false (default)
2019-09-25 04:49:23,154 [pool-87-thread-1] INFO  server.RaftServerConfigKeys (ConfUtils.java:logGet(43)) - raft.server.log.purge.gap = 1000000 (custom)
2019-09-25 04:49:23,154 [pool-87-thread-1] INFO  server.RaftServerConfigKeys (ConfUtils.java:logGet(43)) - raft.server.log.appender.buffer.byte-limit = 33554432 (custom)
2019-09-25 04:49:23,154 [pool-87-thread-1] INFO  server.RaftServerConfigKeys (ConfUtils.java:logGet(43)) - raft.server.log.segment.size.max = 1048576 (custom)
2019-09-25 04:49:23,154 [pool-87-thread-1] INFO  server.RaftServerConfigKeys (ConfUtils.java:logGet(43)) - raft.server.log.segment.cache.num.max = 2 (custom)
2019-09-25 04:49:23,155 [pool-87-thread-1] INFO  segmented.SegmentedRaftLogWorker (SegmentedRaftLogWorker.java:<init>(172)) - new 2f00ca3a-f523-476d-a77d-69389bdf1595@group-E5B04C573914-SegmentedRaftLogWorker for RaftStorage:Storage Directory /workdir/hadoop-ozone/integration-test/target/test-dir/MiniOzoneClusterImpl-73e7cd3e-72db-4213-b677-28bfbd198772/datanode-6/data/ratis/0c0e3c9e-5253-4703-94d0-e5b04c573914
2019-09-25 04:49:23,155 [pool-87-thread-1] INFO  server.RaftServerConfigKeys (ConfUtils.java:logGet(43)) - raft.server.log.queue.byte-limit = 2147483647 (custom)
2019-09-25 04:49:23,155 [pool-87-thread-1] INFO  server.RaftServerConfigKeys (ConfUtils.java:logGet(43)) - raft.server.log.queue.element-limit = 1024 (custom)
2019-09-25 04:49:23,155 [pool-87-thread-1] INFO  server.RaftServerConfigKeys (ConfUtils.java:logGet(43)) - raft.server.log.segment.size.max = 1048576 (custom)
2019-09-25 04:49:23,155 [pool-87-thread-1] INFO  server.RaftServerConfigKeys (ConfUtils.java:logGet(43)) - raft.server.log.preallocated.size = 16384 (custom)
2019-09-25 04:49:23,155 [pool-87-thread-1] INFO  server.RaftServerConfigKeys (ConfUtils.java:logGet(43)) - raft.server.log.write.buffer.size = 33554432 (custom)
2019-09-25 04:49:23,155 [pool-87-thread-1] INFO  server.RaftServerConfigKeys (ConfUtils.java:logGet(43)) - raft.server.log.force.sync.num = 128 (default)
2019-09-25 04:49:23,155 [pool-87-thread-1] INFO  server.RaftServerConfigKeys (ConfUtils.java:logGet(43)) - raft.server.log.statemachine.data.sync = true (default)
2019-09-25 04:49:23,156 [pool-87-thread-1] INFO  server.RaftServerConfigKeys (ConfUtils.java:logGet(43)) - raft.server.log.statemachine.data.sync.timeout = 10s (default)
2019-09-25 04:49:23,156 [pool-87-thread-1] INFO  server.RaftServerConfigKeys (ConfUtils.java:logGet(43)) - raft.server.log.statemachine.data.sync.timeout.retry = -1 (default)
2019-09-25 04:49:23,156 [pool-87-thread-1] INFO  server.RaftServerConfigKeys (ConfUtils.java:logGet(43)) - raft.server.log.statemachine.data.caching.enabled = true (custom)
2019-09-25 04:49:23,156 [pool-87-thread-1] INFO  segmented.SegmentedRaftLogWorker (SegmentedRaftLogWorker.java:lambda$new$0(132)) - 2f00ca3a-f523-476d-a77d-69389bdf1595@group-E5B04C573914-SegmentedRaftLogWorker: flushIndex: setUnconditionally 0 -> -1
2019-09-25 04:49:23,156 [pool-87-thread-1] INFO  server.RaftServerConfigKeys (ConfUtils.java:logGet(43)) - raft.server.snapshot.auto.trigger.enabled = true (custom)
2019-09-25 04:49:23,157 [pool-87-thread-1] INFO  server.RaftServerConfigKeys (ConfUtils.java:logGet(43)) - raft.server.snapshot.auto.trigger.threshold = 10000 (custom)
2019-09-25 04:49:23,157 [pool-87-thread-1] INFO  server.RaftServerConfigKeys (ConfUtils.java:logGet(43)) - raft.server.snapshot.retention.num.files = 5 (custom)
2019-09-25 04:49:23,157 [pool-87-thread-1] INFO  server.RaftServerConfigKeys (ConfUtils.java:logGet(43)) - raft.server.retrycache.expirytime = 600000ms (custom)
2019-09-25 04:49:23,159 [pool-87-thread-1] INFO  impl.RaftServerImpl (RaftServerImpl.java:start(185)) - 2f00ca3a-f523-476d-a77d-69389bdf1595@group-E5B04C573914: start as a follower, conf=-1: [2f00ca3a-f523-476d-a77d-69389bdf1595:192.168.164.207:39474], old=null
2019-09-25 04:49:23,159 [pool-87-thread-1] INFO  impl.RaftServerImpl (RaftServerImpl.java:setRole(174)) - 2f00ca3a-f523-476d-a77d-69389bdf1595@group-E5B04C573914: changes role from      null to FOLLOWER at term 0 for startAsFollower
2019-09-25 04:49:23,159 [pool-87-thread-1] INFO  impl.RoleInfo (RoleInfo.java:updateAndGet(143)) - 2f00ca3a-f523-476d-a77d-69389bdf1595: start FollowerState
2019-09-25 04:49:23,160 [pool-87-thread-1] INFO  util.JmxRegister (JmxRegister.java:tryRegister(44)) - Successfully registered JMX Bean with object name Ratis:service=RaftServer,group=group-E5B04C573914,id=2f00ca3a-f523-476d-a77d-69389bdf1595
2019-09-25 04:49:23,163 [RatisPipelineUtilsThread] INFO  pipeline.PipelineStateManager (PipelineStateManager.java:addPipeline(56)) - Created pipeline Pipeline[ Id: 0c0e3c9e-5253-4703-94d0-e5b04c573914, Nodes: 2f00ca3a-f523-476d-a77d-69389bdf1595{ip: 192.168.164.207, host: pr-hdds-1569-s44lr-3492059363, networkLocation: /default-rack, certSerialId: null}, Type:RATIS, Factor:ONE, State:OPEN]
2019-09-25 04:49:23,163 [eccaf005-8169-4dfc-be1f-8981a011c66c@group-8B1B5CF8C2DC-SegmentedRaftLogWorker] INFO  segmented.SegmentedRaftLogWorker (SegmentedRaftLogWorker.java:execute(569)) - eccaf005-8169-4dfc-be1f-8981a011c66c@group-8B1B5CF8C2DC-SegmentedRaftLogWorker: created new log segment /workdir/hadoop-ozone/integration-test/target/test-dir/MiniOzoneClusterImpl-73e7cd3e-72db-4213-b677-28bfbd198772/datanode-4/data/ratis/c8c981a7-10da-479b-9fb8-8b1b5cf8c2dc/current/log_inprogress_0
2019-09-25 04:49:23,163 [RatisPipelineUtilsThread] INFO  pipeline.PipelinePlacementPolicy (PipelinePlacementPolicy.java:meetCriteria(91)) - Pipeline Placement: can't place more pipeline on heavy datanode： ef17bb0f-3839-4724-ad21-94b92a6e25d3 Heaviness: 6 limit: 5
2019-09-25 04:49:23,163 [RatisPipelineUtilsThread] INFO  pipeline.PipelinePlacementPolicy (PipelinePlacementPolicy.java:meetCriteria(91)) - Pipeline Placement: can't place more pipeline on heavy datanode： 4a0ae61b-4689-46eb-b962-7605c7f95abd Heaviness: 6 limit: 5
2019-09-25 04:49:23,164 [RatisPipelineUtilsThread] INFO  pipeline.PipelinePlacementPolicy (PipelinePlacementPolicy.java:meetCriteria(91)) - Pipeline Placement: can't place more pipeline on heavy datanode： 4900d303-9ac7-4a86-9389-d77749add813 Heaviness: 6 limit: 5
2019-09-25 04:49:23,164 [RatisPipelineUtilsThread] INFO  pipeline.PipelinePlacementPolicy (PipelinePlacementPolicy.java:meetCriteria(91)) - Pipeline Placement: can't place more pipeline on heavy datanode： 3875a0db-bcd0-4e93-a77c-33ac6d7b4cc5 Heaviness: 6 limit: 5
2019-09-25 04:49:23,164 [RatisPipelineUtilsThread] INFO  pipeline.PipelinePlacementPolicy (PipelinePlacementPolicy.java:meetCriteria(91)) - Pipeline Placement: can't place more pipeline on heavy datanode： fcf37978-6168-4314-87d6-0e8a7c1fc6e1 Heaviness: 6 limit: 5
2019-09-25 04:49:23,164 [RatisPipelineUtilsThread] INFO  pipeline.PipelinePlacementPolicy (PipelinePlacementPolicy.java:meetCriteria(91)) - Pipeline Placement: can't place more pipeline on heavy datanode： eccaf005-8169-4dfc-be1f-8981a011c66c Heaviness: 6 limit: 5
2019-09-25 04:49:23,164 [RatisPipelineUtilsThread] INFO  pipeline.PipelinePlacementPolicy (PipelinePlacementPolicy.java:meetCriteria(91)) - Pipeline Placement: can't place more pipeline on heavy datanode： 2f00ca3a-f523-476d-a77d-69389bdf1595 Heaviness: 6 limit: 5
2019-09-25 04:49:23,164 [RatisPipelineUtilsThread] INFO  pipeline.PipelinePlacementPolicy (PipelinePlacementPolicy.java:meetCriteria(91)) - Pipeline Placement: can't place more pipeline on heavy datanode： 0deae85c-a16a-4311-a0af-934f501df2cc Heaviness: 6 limit: 5
2019-09-25 04:49:23,168 [Thread-470] INFO  impl.FollowerState (FollowerState.java:run(106)) - 4a0ae61b-4689-46eb-b962-7605c7f95abd:group-30852584DA03 changes to CANDIDATE, lastRpcTime:1123, electionTimeout:1123ms
2019-09-25 04:49:23,169 [Thread-470] INFO  impl.RoleInfo (RoleInfo.java:shutdownFollowerState(121)) - 4a0ae61b-4689-46eb-b962-7605c7f95abd: shutdown FollowerState
2019-09-25 04:49:23,169 [Thread-470] INFO  impl.RaftServerImpl (RaftServerImpl.java:setRole(174)) - 4a0ae61b-4689-46eb-b962-7605c7f95abd@group-30852584DA03: changes role from  FOLLOWER to CANDIDATE at term 0 for changeToCandidate
2019-09-25 04:49:23,169 [Thread-470] INFO  impl.RoleInfo (RoleInfo.java:updateAndGet(143)) - 4a0ae61b-4689-46eb-b962-7605c7f95abd: start LeaderElection
2019-09-25 04:49:23,170 [grpc-default-executor-1] INFO  impl.RaftServerProxy (RaftServerProxy.java:addNew(89)) - 778daabb-04ae-41de-8067-bd0724312da7: addNew group-428C4BFFBB98:[778daabb-04ae-41de-8067-bd0724312da7:192.168.164.207:43912] returns group-428C4BFFBB98:java.util.concurrent.CompletableFuture@29b5854a[Not completed]
2019-09-25 04:49:23,172 [pool-107-thread-1] INFO  impl.RaftServerImpl (RaftServerImpl.java:<init>(95)) - 778daabb-04ae-41de-8067-bd0724312da7: new RaftServerImpl for group-428C4BFFBB98:[778daabb-04ae-41de-8067-bd0724312da7:192.168.164.207:43912] with ContainerStateMachine:uninitialized
2019-09-25 04:49:23,172 [pool-107-thread-1] INFO  server.RaftServerConfigKeys (ConfUtils.java:logGet(43)) - raft.server.rpc.timeout.min = 1s (custom)
2019-09-25 04:49:23,172 [pool-107-thread-1] INFO  server.RaftServerConfigKeys (ConfUtils.java:logGet(43)) - raft.server.rpc.timeout.max = 1200ms (custom)
2019-09-25 04:49:23,172 [pool-107-thread-1] INFO  server.RaftServerConfigKeys (ConfUtils.java:logGet(43)) - raft.server.rpcslowness.timeout = 120s (custom)
2019-09-25 04:49:23,172 [pool-107-thread-1] INFO  server.RaftServerConfigKeys (ConfUtils.java:logGet(43)) - raft.server.sleep.deviation.threshold = 300 (default)
2019-09-25 04:49:23,173 [pool-107-thread-1] INFO  server.RaftServerConfigKeys (ConfUtils.java:logGet(43)) - raft.server.log.appender.install.snapshot.enabled = false (custom)
2019-09-25 04:49:23,173 [pool-107-thread-1] INFO  impl.RaftServerImpl (ServerState.java:<init>(103)) - 778daabb-04ae-41de-8067-bd0724312da7@group-428C4BFFBB98: ConfigurationManager, init=-1: [778daabb-04ae-41de-8067-bd0724312da7:192.168.164.207:43912], old=null, confs=<EMPTY_MAP>
2019-09-25 04:49:23,173 [pool-107-thread-1] INFO  server.RaftServerConfigKeys (ConfUtils.java:logGet(43)) - raft.server.storage.dir = [/workdir/hadoop-ozone/integration-test/target/test-dir/MiniOzoneClusterImpl-73e7cd3e-72db-4213-b677-28bfbd198772/datanode-8/data/ratis] (custom)
2019-09-25 04:49:23,173 [pool-107-thread-1] INFO  storage.RaftStorageDirectory (RaftStorageDirectory.java:analyzeStorage(246)) - The storage directory /workdir/hadoop-ozone/integration-test/target/test-dir/MiniOzoneClusterImpl-73e7cd3e-72db-4213-b677-28bfbd198772/datanode-8/data/ratis/7a141d70-7d4c-4772-9cd5-428c4bffbb98 does not exist. Creating ...
2019-09-25 04:49:23,180 [pool-107-thread-1] INFO  storage.RaftStorageDirectory (RaftStorageDirectory.java:tryLock(328)) - Lock on /workdir/hadoop-ozone/integration-test/target/test-dir/MiniOzoneClusterImpl-73e7cd3e-72db-4213-b677-28bfbd198772/datanode-8/data/ratis/7a141d70-7d4c-4772-9cd5-428c4bffbb98/in_use.lock acquired by nodename 6977@pr-hdds-1569-s44lr-3492059363
2019-09-25 04:49:23,180 [4a0ae61b-4689-46eb-b962-7605c7f95abd@group-30852584DA03:LeaderElection43] INFO  impl.LeaderElection (LeaderElection.java:askForVotes(182)) - 4a0ae61b-4689-46eb-b962-7605c7f95abd@group-30852584DA03:LeaderElection43: begin an election at term 1 for -1: [4a0ae61b-4689-46eb-b962-7605c7f95abd:192.168.164.207:41419], old=null
2019-09-25 04:49:23,180 [4a0ae61b-4689-46eb-b962-7605c7f95abd@group-30852584DA03:LeaderElection43] INFO  impl.RoleInfo (RoleInfo.java:shutdownLeaderElection(134)) - 4a0ae61b-4689-46eb-b962-7605c7f95abd: shutdown LeaderElection
2019-09-25 04:49:23,180 [4a0ae61b-4689-46eb-b962-7605c7f95abd@group-30852584DA03:LeaderElection43] INFO  impl.RaftServerImpl (RaftServerImpl.java:setRole(174)) - 4a0ae61b-4689-46eb-b962-7605c7f95abd@group-30852584DA03: changes role from CANDIDATE to LEADER at term 1 for changeToLeader
2019-09-25 04:49:23,181 [4a0ae61b-4689-46eb-b962-7605c7f95abd@group-30852584DA03:LeaderElection43] INFO  impl.RaftServerImpl (ServerState.java:setLeader(253)) - 4a0ae61b-4689-46eb-b962-7605c7f95abd@group-30852584DA03: change Leader from null to 4a0ae61b-4689-46eb-b962-7605c7f95abd at term 1 for becomeLeader, leader elected after 1142ms
2019-09-25 04:49:23,181 [4a0ae61b-4689-46eb-b962-7605c7f95abd@group-30852584DA03:LeaderElection43] INFO  server.RaftServerConfigKeys (ConfUtils.java:logGet(43)) - raft.server.staging.catchup.gap = 1000 (default)
2019-09-25 04:49:23,181 [4a0ae61b-4689-46eb-b962-7605c7f95abd@group-30852584DA03:LeaderElection43] INFO  server.RaftServerConfigKeys (ConfUtils.java:logGet(43)) - raft.server.rpc.sleep.time = 25ms (default)
2019-09-25 04:49:23,181 [4a0ae61b-4689-46eb-b962-7605c7f95abd@group-30852584DA03:LeaderElection43] INFO  server.RaftServerConfigKeys (ConfUtils.java:logGet(43)) - raft.server.write.element-limit = 4096 (default)
2019-09-25 04:49:23,181 [4a0ae61b-4689-46eb-b962-7605c7f95abd@group-30852584DA03:LeaderElection43] INFO  server.RaftServerConfigKeys (ConfUtils.java:logGet(43)) - raft.server.watch.timeout = 10s (default)
2019-09-25 04:49:23,181 [4a0ae61b-4689-46eb-b962-7605c7f95abd@group-30852584DA03:LeaderElection43] INFO  server.RaftServerConfigKeys (ConfUtils.java:logGet(43)) - raft.server.watch.timeout.denomination = 1s (default)
2019-09-25 04:49:23,181 [4a0ae61b-4689-46eb-b962-7605c7f95abd@group-30852584DA03:LeaderElection43] INFO  server.RaftServerConfigKeys (ConfUtils.java:logGet(43)) - raft.server.watch.element-limit = 65536 (default)
2019-09-25 04:49:23,183 [4a0ae61b-4689-46eb-b962-7605c7f95abd@group-30852584DA03:LeaderElection43] INFO  impl.RoleInfo (RoleInfo.java:updateAndGet(143)) - 4a0ae61b-4689-46eb-b962-7605c7f95abd: start LeaderState
2019-09-25 04:49:23,183 [4a0ae61b-4689-46eb-b962-7605c7f95abd@group-30852584DA03:LeaderElection43] INFO  segmented.SegmentedRaftLogWorker (SegmentedRaftLogWorker.java:startLogSegment(380)) - 4a0ae61b-4689-46eb-b962-7605c7f95abd@group-30852584DA03-SegmentedRaftLogWorker: Starting segment from index:0
2019-09-25 04:49:23,184 [4a0ae61b-4689-46eb-b962-7605c7f95abd@group-30852584DA03:LeaderElection43] INFO  impl.RaftServerImpl (ServerState.java:setRaftConf(354)) - 4a0ae61b-4689-46eb-b962-7605c7f95abd@group-30852584DA03: set configuration 0: [4a0ae61b-4689-46eb-b962-7605c7f95abd:192.168.164.207:41419], old=null at 0
2019-09-25 04:49:23,205 [pool-107-thread-1] INFO  storage.RaftStorage (RaftStorage.java:format(72)) - Storage directory /workdir/hadoop-ozone/integration-test/target/test-dir/MiniOzoneClusterImpl-73e7cd3e-72db-4213-b677-28bfbd198772/datanode-8/data/ratis/7a141d70-7d4c-4772-9cd5-428c4bffbb98 has been successfully formatted.
2019-09-25 04:49:23,206 [pool-107-thread-1] INFO  ratis.ContainerStateMachine (ContainerStateMachine.java:loadSnapshot(230)) - group-428C4BFFBB98: The snapshot info is null. Setting the last applied indexto:(t:0, i:~)
2019-09-25 04:49:23,206 [pool-107-thread-1] INFO  server.RaftServerConfigKeys (ConfUtils.java:logGet(43)) - raft.server.notification.no-leader.timeout = 120s (custom)
2019-09-25 04:49:23,206 [pool-107-thread-1] INFO  server.RaftServerConfigKeys (ConfUtils.java:logGet(43)) - raft.server.log.use.memory = false (default)
2019-09-25 04:49:23,206 [pool-107-thread-1] INFO  server.RaftServerConfigKeys (ConfUtils.java:logGet(43)) - raft.server.log.purge.gap = 1000000 (custom)
2019-09-25 04:49:23,206 [pool-107-thread-1] INFO  server.RaftServerConfigKeys (ConfUtils.java:logGet(43)) - raft.server.log.appender.buffer.byte-limit = 33554432 (custom)
2019-09-25 04:49:23,207 [pool-107-thread-1] INFO  server.RaftServerConfigKeys (ConfUtils.java:logGet(43)) - raft.server.log.segment.size.max = 1048576 (custom)
2019-09-25 04:49:23,207 [pool-107-thread-1] INFO  server.RaftServerConfigKeys (ConfUtils.java:logGet(43)) - raft.server.log.segment.cache.num.max = 2 (custom)
2019-09-25 04:49:23,207 [pool-107-thread-1] INFO  segmented.SegmentedRaftLogWorker (SegmentedRaftLogWorker.java:<init>(172)) - new 778daabb-04ae-41de-8067-bd0724312da7@group-428C4BFFBB98-SegmentedRaftLogWorker for RaftStorage:Storage Directory /workdir/hadoop-ozone/integration-test/target/test-dir/MiniOzoneClusterImpl-73e7cd3e-72db-4213-b677-28bfbd198772/datanode-8/data/ratis/7a141d70-7d4c-4772-9cd5-428c4bffbb98
2019-09-25 04:49:23,207 [pool-107-thread-1] INFO  server.RaftServerConfigKeys (ConfUtils.java:logGet(43)) - raft.server.log.queue.byte-limit = 2147483647 (custom)
2019-09-25 04:49:23,207 [pool-107-thread-1] INFO  server.RaftServerConfigKeys (ConfUtils.java:logGet(43)) - raft.server.log.queue.element-limit = 1024 (custom)
2019-09-25 04:49:23,207 [pool-107-thread-1] INFO  server.RaftServerConfigKeys (ConfUtils.java:logGet(43)) - raft.server.log.segment.size.max = 1048576 (custom)
2019-09-25 04:49:23,207 [pool-107-thread-1] INFO  server.RaftServerConfigKeys (ConfUtils.java:logGet(43)) - raft.server.log.preallocated.size = 16384 (custom)
2019-09-25 04:49:23,208 [pool-107-thread-1] INFO  server.RaftServerConfigKeys (ConfUtils.java:logGet(43)) - raft.server.log.write.buffer.size = 33554432 (custom)
2019-09-25 04:49:23,208 [pool-107-thread-1] INFO  server.RaftServerConfigKeys (ConfUtils.java:logGet(43)) - raft.server.log.force.sync.num = 128 (default)
2019-09-25 04:49:23,208 [pool-107-thread-1] INFO  server.RaftServerConfigKeys (ConfUtils.java:logGet(43)) - raft.server.log.statemachine.data.sync = true (default)
2019-09-25 04:49:23,208 [pool-107-thread-1] INFO  server.RaftServerConfigKeys (ConfUtils.java:logGet(43)) - raft.server.log.statemachine.data.sync.timeout = 10s (default)
2019-09-25 04:49:23,208 [pool-107-thread-1] INFO  server.RaftServerConfigKeys (ConfUtils.java:logGet(43)) - raft.server.log.statemachine.data.sync.timeout.retry = -1 (default)
2019-09-25 04:49:23,208 [pool-107-thread-1] INFO  server.RaftServerConfigKeys (ConfUtils.java:logGet(43)) - raft.server.log.statemachine.data.caching.enabled = true (custom)
2019-09-25 04:49:23,209 [pool-107-thread-1] INFO  segmented.SegmentedRaftLogWorker (SegmentedRaftLogWorker.java:lambda$new$0(132)) - 778daabb-04ae-41de-8067-bd0724312da7@group-428C4BFFBB98-SegmentedRaftLogWorker: flushIndex: setUnconditionally 0 -> -1
2019-09-25 04:49:23,209 [pool-107-thread-1] INFO  server.RaftServerConfigKeys (ConfUtils.java:logGet(43)) - raft.server.snapshot.auto.trigger.enabled = true (custom)
2019-09-25 04:49:23,209 [pool-107-thread-1] INFO  server.RaftServerConfigKeys (ConfUtils.java:logGet(43)) - raft.server.snapshot.auto.trigger.threshold = 10000 (custom)
2019-09-25 04:49:23,209 [pool-107-thread-1] INFO  server.RaftServerConfigKeys (ConfUtils.java:logGet(43)) - raft.server.snapshot.retention.num.files = 5 (custom)
2019-09-25 04:49:23,210 [pool-107-thread-1] INFO  server.RaftServerConfigKeys (ConfUtils.java:logGet(43)) - raft.server.retrycache.expirytime = 600000ms (custom)
2019-09-25 04:49:23,212 [pool-107-thread-1] INFO  impl.RaftServerImpl (RaftServerImpl.java:start(185)) - 778daabb-04ae-41de-8067-bd0724312da7@group-428C4BFFBB98: start as a follower, conf=-1: [778daabb-04ae-41de-8067-bd0724312da7:192.168.164.207:43912], old=null
2019-09-25 04:49:23,212 [pool-107-thread-1] INFO  impl.RaftServerImpl (RaftServerImpl.java:setRole(174)) - 778daabb-04ae-41de-8067-bd0724312da7@group-428C4BFFBB98: changes role from      null to FOLLOWER at term 0 for startAsFollower
2019-09-25 04:49:23,212 [pool-107-thread-1] INFO  impl.RoleInfo (RoleInfo.java:updateAndGet(143)) - 778daabb-04ae-41de-8067-bd0724312da7: start FollowerState
2019-09-25 04:49:23,213 [pool-107-thread-1] INFO  util.JmxRegister (JmxRegister.java:tryRegister(44)) - Successfully registered JMX Bean with object name Ratis:service=RaftServer,group=group-428C4BFFBB98,id=778daabb-04ae-41de-8067-bd0724312da7
2019-09-25 04:49:23,216 [RatisPipelineUtilsThread] INFO  pipeline.PipelineStateManager (PipelineStateManager.java:addPipeline(56)) - Created pipeline Pipeline[ Id: 7a141d70-7d4c-4772-9cd5-428c4bffbb98, Nodes: 778daabb-04ae-41de-8067-bd0724312da7{ip: 192.168.164.207, host: pr-hdds-1569-s44lr-3492059363, networkLocation: /default-rack, certSerialId: null}, Type:RATIS, Factor:ONE, State:OPEN]
2019-09-25 04:49:23,216 [RatisPipelineUtilsThread] INFO  pipeline.PipelinePlacementPolicy (PipelinePlacementPolicy.java:meetCriteria(91)) - Pipeline Placement: can't place more pipeline on heavy datanode： ef17bb0f-3839-4724-ad21-94b92a6e25d3 Heaviness: 6 limit: 5
2019-09-25 04:49:23,216 [RatisPipelineUtilsThread] INFO  pipeline.PipelinePlacementPolicy (PipelinePlacementPolicy.java:meetCriteria(91)) - Pipeline Placement: can't place more pipeline on heavy datanode： 4a0ae61b-4689-46eb-b962-7605c7f95abd Heaviness: 6 limit: 5
2019-09-25 04:49:23,216 [RatisPipelineUtilsThread] INFO  pipeline.PipelinePlacementPolicy (PipelinePlacementPolicy.java:meetCriteria(91)) - Pipeline Placement: can't place more pipeline on heavy datanode： 4900d303-9ac7-4a86-9389-d77749add813 Heaviness: 6 limit: 5
2019-09-25 04:49:23,216 [RatisPipelineUtilsThread] INFO  pipeline.PipelinePlacementPolicy (PipelinePlacementPolicy.java:meetCriteria(91)) - Pipeline Placement: can't place more pipeline on heavy datanode： 3875a0db-bcd0-4e93-a77c-33ac6d7b4cc5 Heaviness: 6 limit: 5
2019-09-25 04:49:23,217 [RatisPipelineUtilsThread] INFO  pipeline.PipelinePlacementPolicy (PipelinePlacementPolicy.java:meetCriteria(91)) - Pipeline Placement: can't place more pipeline on heavy datanode： fcf37978-6168-4314-87d6-0e8a7c1fc6e1 Heaviness: 6 limit: 5
2019-09-25 04:49:23,217 [RatisPipelineUtilsThread] INFO  pipeline.PipelinePlacementPolicy (PipelinePlacementPolicy.java:meetCriteria(91)) - Pipeline Placement: can't place more pipeline on heavy datanode： eccaf005-8169-4dfc-be1f-8981a011c66c Heaviness: 6 limit: 5
2019-09-25 04:49:23,217 [RatisPipelineUtilsThread] INFO  pipeline.PipelinePlacementPolicy (PipelinePlacementPolicy.java:meetCriteria(91)) - Pipeline Placement: can't place more pipeline on heavy datanode： 2f00ca3a-f523-476d-a77d-69389bdf1595 Heaviness: 6 limit: 5
2019-09-25 04:49:23,217 [RatisPipelineUtilsThread] INFO  pipeline.PipelinePlacementPolicy (PipelinePlacementPolicy.java:meetCriteria(91)) - Pipeline Placement: can't place more pipeline on heavy datanode： 0deae85c-a16a-4311-a0af-934f501df2cc Heaviness: 6 limit: 5
2019-09-25 04:49:23,222 [grpc-default-executor-1] INFO  impl.RaftServerProxy (RaftServerProxy.java:addNew(89)) - 778daabb-04ae-41de-8067-bd0724312da7: addNew group-85D3DA4B8DB8:[778daabb-04ae-41de-8067-bd0724312da7:192.168.164.207:43912] returns group-85D3DA4B8DB8:java.util.concurrent.CompletableFuture@1191967b[Not completed]
2019-09-25 04:49:23,223 [pool-107-thread-1] INFO  impl.RaftServerImpl (RaftServerImpl.java:<init>(95)) - 778daabb-04ae-41de-8067-bd0724312da7: new RaftServerImpl for group-85D3DA4B8DB8:[778daabb-04ae-41de-8067-bd0724312da7:192.168.164.207:43912] with ContainerStateMachine:uninitialized
2019-09-25 04:49:23,223 [pool-107-thread-1] INFO  server.RaftServerConfigKeys (ConfUtils.java:logGet(43)) - raft.server.rpc.timeout.min = 1s (custom)
2019-09-25 04:49:23,224 [pool-107-thread-1] INFO  server.RaftServerConfigKeys (ConfUtils.java:logGet(43)) - raft.server.rpc.timeout.max = 1200ms (custom)
2019-09-25 04:49:23,224 [pool-107-thread-1] INFO  server.RaftServerConfigKeys (ConfUtils.java:logGet(43)) - raft.server.rpcslowness.timeout = 120s (custom)
2019-09-25 04:49:23,224 [pool-107-thread-1] INFO  server.RaftServerConfigKeys (ConfUtils.java:logGet(43)) - raft.server.sleep.deviation.threshold = 300 (default)
2019-09-25 04:49:23,224 [pool-107-thread-1] INFO  server.RaftServerConfigKeys (ConfUtils.java:logGet(43)) - raft.server.log.appender.install.snapshot.enabled = false (custom)
2019-09-25 04:49:23,224 [pool-107-thread-1] INFO  impl.RaftServerImpl (ServerState.java:<init>(103)) - 778daabb-04ae-41de-8067-bd0724312da7@group-85D3DA4B8DB8: ConfigurationManager, init=-1: [778daabb-04ae-41de-8067-bd0724312da7:192.168.164.207:43912], old=null, confs=<EMPTY_MAP>
2019-09-25 04:49:23,224 [pool-107-thread-1] INFO  server.RaftServerConfigKeys (ConfUtils.java:logGet(43)) - raft.server.storage.dir = [/workdir/hadoop-ozone/integration-test/target/test-dir/MiniOzoneClusterImpl-73e7cd3e-72db-4213-b677-28bfbd198772/datanode-8/data/ratis] (custom)
2019-09-25 04:49:23,225 [pool-107-thread-1] INFO  storage.RaftStorageDirectory (RaftStorageDirectory.java:analyzeStorage(246)) - The storage directory /workdir/hadoop-ozone/integration-test/target/test-dir/MiniOzoneClusterImpl-73e7cd3e-72db-4213-b677-28bfbd198772/datanode-8/data/ratis/58594240-bfd0-40b6-afdc-85d3da4b8db8 does not exist. Creating ...
2019-09-25 04:49:23,244 [pool-107-thread-1] INFO  storage.RaftStorageDirectory (RaftStorageDirectory.java:tryLock(328)) - Lock on /workdir/hadoop-ozone/integration-test/target/test-dir/MiniOzoneClusterImpl-73e7cd3e-72db-4213-b677-28bfbd198772/datanode-8/data/ratis/58594240-bfd0-40b6-afdc-85d3da4b8db8/in_use.lock acquired by nodename 6977@pr-hdds-1569-s44lr-3492059363
2019-09-25 04:49:23,244 [4a0ae61b-4689-46eb-b962-7605c7f95abd@group-30852584DA03-SegmentedRaftLogWorker] INFO  segmented.SegmentedRaftLogWorker (SegmentedRaftLogWorker.java:execute(569)) - 4a0ae61b-4689-46eb-b962-7605c7f95abd@group-30852584DA03-SegmentedRaftLogWorker: created new log segment /workdir/hadoop-ozone/integration-test/target/test-dir/MiniOzoneClusterImpl-73e7cd3e-72db-4213-b677-28bfbd198772/datanode-7/data/ratis/ef0ccc75-782a-4eac-b73d-30852584da03/current/log_inprogress_0
2019-09-25 04:49:23,259 [pool-107-thread-1] INFO  storage.RaftStorage (RaftStorage.java:format(72)) - Storage directory /workdir/hadoop-ozone/integration-test/target/test-dir/MiniOzoneClusterImpl-73e7cd3e-72db-4213-b677-28bfbd198772/datanode-8/data/ratis/58594240-bfd0-40b6-afdc-85d3da4b8db8 has been successfully formatted.
2019-09-25 04:49:23,259 [pool-107-thread-1] INFO  ratis.ContainerStateMachine (ContainerStateMachine.java:loadSnapshot(230)) - group-85D3DA4B8DB8: The snapshot info is null. Setting the last applied indexto:(t:0, i:~)
2019-09-25 04:49:23,259 [pool-107-thread-1] INFO  server.RaftServerConfigKeys (ConfUtils.java:logGet(43)) - raft.server.notification.no-leader.timeout = 120s (custom)
2019-09-25 04:49:23,259 [pool-107-thread-1] INFO  server.RaftServerConfigKeys (ConfUtils.java:logGet(43)) - raft.server.log.use.memory = false (default)
2019-09-25 04:49:23,259 [pool-107-thread-1] INFO  server.RaftServerConfigKeys (ConfUtils.java:logGet(43)) - raft.server.log.purge.gap = 1000000 (custom)
2019-09-25 04:49:23,259 [pool-107-thread-1] INFO  server.RaftServerConfigKeys (ConfUtils.java:logGet(43)) - raft.server.log.appender.buffer.byte-limit = 33554432 (custom)
2019-09-25 04:49:23,259 [pool-107-thread-1] INFO  server.RaftServerConfigKeys (ConfUtils.java:logGet(43)) - raft.server.log.segment.size.max = 1048576 (custom)
2019-09-25 04:49:23,259 [pool-107-thread-1] INFO  server.RaftServerConfigKeys (ConfUtils.java:logGet(43)) - raft.server.log.segment.cache.num.max = 2 (custom)
2019-09-25 04:49:23,260 [pool-107-thread-1] INFO  segmented.SegmentedRaftLogWorker (SegmentedRaftLogWorker.java:<init>(172)) - new 778daabb-04ae-41de-8067-bd0724312da7@group-85D3DA4B8DB8-SegmentedRaftLogWorker for RaftStorage:Storage Directory /workdir/hadoop-ozone/integration-test/target/test-dir/MiniOzoneClusterImpl-73e7cd3e-72db-4213-b677-28bfbd198772/datanode-8/data/ratis/58594240-bfd0-40b6-afdc-85d3da4b8db8
2019-09-25 04:49:23,260 [pool-107-thread-1] INFO  server.RaftServerConfigKeys (ConfUtils.java:logGet(43)) - raft.server.log.queue.byte-limit = 2147483647 (custom)
2019-09-25 04:49:23,260 [pool-107-thread-1] INFO  server.RaftServerConfigKeys (ConfUtils.java:logGet(43)) - raft.server.log.queue.element-limit = 1024 (custom)
2019-09-25 04:49:23,260 [pool-107-thread-1] INFO  server.RaftServerConfigKeys (ConfUtils.java:logGet(43)) - raft.server.log.segment.size.max = 1048576 (custom)
2019-09-25 04:49:23,260 [pool-107-thread-1] INFO  server.RaftServerConfigKeys (ConfUtils.java:logGet(43)) - raft.server.log.preallocated.size = 16384 (custom)
2019-09-25 04:49:23,260 [pool-107-thread-1] INFO  server.RaftServerConfigKeys (ConfUtils.java:logGet(43)) - raft.server.log.write.buffer.size = 33554432 (custom)
2019-09-25 04:49:23,260 [pool-107-thread-1] INFO  server.RaftServerConfigKeys (ConfUtils.java:logGet(43)) - raft.server.log.force.sync.num = 128 (default)
2019-09-25 04:49:23,260 [pool-107-thread-1] INFO  server.RaftServerConfigKeys (ConfUtils.java:logGet(43)) - raft.server.log.statemachine.data.sync = true (default)
2019-09-25 04:49:23,260 [pool-107-thread-1] INFO  server.RaftServerConfigKeys (ConfUtils.java:logGet(43)) - raft.server.log.statemachine.data.sync.timeout = 10s (default)
2019-09-25 04:49:23,260 [pool-107-thread-1] INFO  server.RaftServerConfigKeys (ConfUtils.java:logGet(43)) - raft.server.log.statemachine.data.sync.timeout.retry = -1 (default)
2019-09-25 04:49:23,261 [pool-107-thread-1] INFO  server.RaftServerConfigKeys (ConfUtils.java:logGet(43)) - raft.server.log.statemachine.data.caching.enabled = true (custom)
2019-09-25 04:49:23,261 [pool-107-thread-1] INFO  segmented.SegmentedRaftLogWorker (SegmentedRaftLogWorker.java:lambda$new$0(132)) - 778daabb-04ae-41de-8067-bd0724312da7@group-85D3DA4B8DB8-SegmentedRaftLogWorker: flushIndex: setUnconditionally 0 -> -1
2019-09-25 04:49:23,261 [pool-107-thread-1] INFO  server.RaftServerConfigKeys (ConfUtils.java:logGet(43)) - raft.server.snapshot.auto.trigger.enabled = true (custom)
2019-09-25 04:49:23,261 [pool-107-thread-1] INFO  server.RaftServerConfigKeys (ConfUtils.java:logGet(43)) - raft.server.snapshot.auto.trigger.threshold = 10000 (custom)
2019-09-25 04:49:23,261 [pool-107-thread-1] INFO  server.RaftServerConfigKeys (ConfUtils.java:logGet(43)) - raft.server.snapshot.retention.num.files = 5 (custom)
2019-09-25 04:49:23,261 [pool-107-thread-1] INFO  server.RaftServerConfigKeys (ConfUtils.java:logGet(43)) - raft.server.retrycache.expirytime = 600000ms (custom)
2019-09-25 04:49:23,263 [pool-107-thread-1] INFO  impl.RaftServerImpl (RaftServerImpl.java:start(185)) - 778daabb-04ae-41de-8067-bd0724312da7@group-85D3DA4B8DB8: start as a follower, conf=-1: [778daabb-04ae-41de-8067-bd0724312da7:192.168.164.207:43912], old=null
2019-09-25 04:49:23,263 [pool-107-thread-1] INFO  impl.RaftServerImpl (RaftServerImpl.java:setRole(174)) - 778daabb-04ae-41de-8067-bd0724312da7@group-85D3DA4B8DB8: changes role from      null to FOLLOWER at term 0 for startAsFollower
2019-09-25 04:49:23,263 [pool-107-thread-1] INFO  impl.RoleInfo (RoleInfo.java:updateAndGet(143)) - 778daabb-04ae-41de-8067-bd0724312da7: start FollowerState
2019-09-25 04:49:23,264 [pool-107-thread-1] INFO  util.JmxRegister (JmxRegister.java:tryRegister(44)) - Successfully registered JMX Bean with object name Ratis:service=RaftServer,group=group-85D3DA4B8DB8,id=778daabb-04ae-41de-8067-bd0724312da7
2019-09-25 04:49:23,267 [RatisPipelineUtilsThread] INFO  pipeline.PipelineStateManager (PipelineStateManager.java:addPipeline(56)) - Created pipeline Pipeline[ Id: 58594240-bfd0-40b6-afdc-85d3da4b8db8, Nodes: 778daabb-04ae-41de-8067-bd0724312da7{ip: 192.168.164.207, host: pr-hdds-1569-s44lr-3492059363, networkLocation: /default-rack, certSerialId: null}, Type:RATIS, Factor:ONE, State:OPEN]
2019-09-25 04:49:23,267 [RatisPipelineUtilsThread] INFO  pipeline.PipelinePlacementPolicy (PipelinePlacementPolicy.java:meetCriteria(91)) - Pipeline Placement: can't place more pipeline on heavy datanode： ef17bb0f-3839-4724-ad21-94b92a6e25d3 Heaviness: 6 limit: 5
2019-09-25 04:49:23,267 [RatisPipelineUtilsThread] INFO  pipeline.PipelinePlacementPolicy (PipelinePlacementPolicy.java:meetCriteria(91)) - Pipeline Placement: can't place more pipeline on heavy datanode： 4a0ae61b-4689-46eb-b962-7605c7f95abd Heaviness: 6 limit: 5
2019-09-25 04:49:23,267 [RatisPipelineUtilsThread] INFO  pipeline.PipelinePlacementPolicy (PipelinePlacementPolicy.java:meetCriteria(91)) - Pipeline Placement: can't place more pipeline on heavy datanode： 778daabb-04ae-41de-8067-bd0724312da7 Heaviness: 6 limit: 5
2019-09-25 04:49:23,267 [RatisPipelineUtilsThread] INFO  pipeline.PipelinePlacementPolicy (PipelinePlacementPolicy.java:meetCriteria(91)) - Pipeline Placement: can't place more pipeline on heavy datanode： 4900d303-9ac7-4a86-9389-d77749add813 Heaviness: 6 limit: 5
2019-09-25 04:49:23,267 [RatisPipelineUtilsThread] INFO  pipeline.PipelinePlacementPolicy (PipelinePlacementPolicy.java:meetCriteria(91)) - Pipeline Placement: can't place more pipeline on heavy datanode： 3875a0db-bcd0-4e93-a77c-33ac6d7b4cc5 Heaviness: 6 limit: 5
2019-09-25 04:49:23,268 [RatisPipelineUtilsThread] INFO  pipeline.PipelinePlacementPolicy (PipelinePlacementPolicy.java:meetCriteria(91)) - Pipeline Placement: can't place more pipeline on heavy datanode： fcf37978-6168-4314-87d6-0e8a7c1fc6e1 Heaviness: 6 limit: 5
2019-09-25 04:49:23,268 [RatisPipelineUtilsThread] INFO  pipeline.PipelinePlacementPolicy (PipelinePlacementPolicy.java:meetCriteria(91)) - Pipeline Placement: can't place more pipeline on heavy datanode： eccaf005-8169-4dfc-be1f-8981a011c66c Heaviness: 6 limit: 5
2019-09-25 04:49:23,268 [RatisPipelineUtilsThread] INFO  pipeline.PipelinePlacementPolicy (PipelinePlacementPolicy.java:meetCriteria(91)) - Pipeline Placement: can't place more pipeline on heavy datanode： 2f00ca3a-f523-476d-a77d-69389bdf1595 Heaviness: 6 limit: 5
2019-09-25 04:49:23,268 [RatisPipelineUtilsThread] INFO  pipeline.PipelinePlacementPolicy (PipelinePlacementPolicy.java:meetCriteria(91)) - Pipeline Placement: can't place more pipeline on heavy datanode： 0deae85c-a16a-4311-a0af-934f501df2cc Heaviness: 6 limit: 5
2019-09-25 04:49:23,273 [grpc-default-executor-1] INFO  impl.RaftServerProxy (RaftServerProxy.java:addNew(89)) - ef95e979-b818-4083-9289-18188944726b: addNew group-FDFC54C802E8:[ef95e979-b818-4083-9289-18188944726b:192.168.164.207:36359] returns group-FDFC54C802E8:java.util.concurrent.CompletableFuture@f0ac993[Not completed]
2019-09-25 04:49:23,274 [pool-117-thread-1] INFO  impl.RaftServerImpl (RaftServerImpl.java:<init>(95)) - ef95e979-b818-4083-9289-18188944726b: new RaftServerImpl for group-FDFC54C802E8:[ef95e979-b818-4083-9289-18188944726b:192.168.164.207:36359] with ContainerStateMachine:uninitialized
2019-09-25 04:49:23,274 [pool-117-thread-1] INFO  server.RaftServerConfigKeys (ConfUtils.java:logGet(43)) - raft.server.rpc.timeout.min = 1s (custom)
2019-09-25 04:49:23,274 [pool-117-thread-1] INFO  server.RaftServerConfigKeys (ConfUtils.java:logGet(43)) - raft.server.rpc.timeout.max = 1200ms (custom)
2019-09-25 04:49:23,274 [pool-117-thread-1] INFO  server.RaftServerConfigKeys (ConfUtils.java:logGet(43)) - raft.server.rpcslowness.timeout = 120s (custom)
2019-09-25 04:49:23,274 [pool-117-thread-1] INFO  server.RaftServerConfigKeys (ConfUtils.java:logGet(43)) - raft.server.sleep.deviation.threshold = 300 (default)
2019-09-25 04:49:23,274 [pool-117-thread-1] INFO  server.RaftServerConfigKeys (ConfUtils.java:logGet(43)) - raft.server.log.appender.install.snapshot.enabled = false (custom)
2019-09-25 04:49:23,275 [pool-117-thread-1] INFO  impl.RaftServerImpl (ServerState.java:<init>(103)) - ef95e979-b818-4083-9289-18188944726b@group-FDFC54C802E8: ConfigurationManager, init=-1: [ef95e979-b818-4083-9289-18188944726b:192.168.164.207:36359], old=null, confs=<EMPTY_MAP>
2019-09-25 04:49:23,275 [pool-117-thread-1] INFO  server.RaftServerConfigKeys (ConfUtils.java:logGet(43)) - raft.server.storage.dir = [/workdir/hadoop-ozone/integration-test/target/test-dir/MiniOzoneClusterImpl-73e7cd3e-72db-4213-b677-28bfbd198772/datanode-9/data/ratis] (custom)
2019-09-25 04:49:23,275 [pool-117-thread-1] INFO  storage.RaftStorageDirectory (RaftStorageDirectory.java:analyzeStorage(246)) - The storage directory /workdir/hadoop-ozone/integration-test/target/test-dir/MiniOzoneClusterImpl-73e7cd3e-72db-4213-b677-28bfbd198772/datanode-9/data/ratis/3465a214-a8ea-4d18-b953-fdfc54c802e8 does not exist. Creating ...
2019-09-25 04:49:23,279 [Thread-484] INFO  impl.FollowerState (FollowerState.java:run(106)) - eccaf005-8169-4dfc-be1f-8981a011c66c:group-5B1FF03C87F5 changes to CANDIDATE, lastRpcTime:1018, electionTimeout:1018ms
2019-09-25 04:49:23,280 [Thread-484] INFO  impl.RoleInfo (RoleInfo.java:shutdownFollowerState(121)) - eccaf005-8169-4dfc-be1f-8981a011c66c: shutdown FollowerState
2019-09-25 04:49:23,280 [Thread-484] INFO  impl.RaftServerImpl (RaftServerImpl.java:setRole(174)) - eccaf005-8169-4dfc-be1f-8981a011c66c@group-5B1FF03C87F5: changes role from  FOLLOWER to CANDIDATE at term 0 for changeToCandidate
2019-09-25 04:49:23,280 [Thread-484] INFO  impl.RoleInfo (RoleInfo.java:updateAndGet(143)) - eccaf005-8169-4dfc-be1f-8981a011c66c: start LeaderElection
2019-09-25 04:49:23,300 [pool-117-thread-1] INFO  storage.RaftStorageDirectory (RaftStorageDirectory.java:tryLock(328)) - Lock on /workdir/hadoop-ozone/integration-test/target/test-dir/MiniOzoneClusterImpl-73e7cd3e-72db-4213-b677-28bfbd198772/datanode-9/data/ratis/3465a214-a8ea-4d18-b953-fdfc54c802e8/in_use.lock acquired by nodename 6977@pr-hdds-1569-s44lr-3492059363
2019-09-25 04:49:23,300 [eccaf005-8169-4dfc-be1f-8981a011c66c@group-5B1FF03C87F5:LeaderElection44] INFO  impl.LeaderElection (LeaderElection.java:askForVotes(182)) - eccaf005-8169-4dfc-be1f-8981a011c66c@group-5B1FF03C87F5:LeaderElection44: begin an election at term 1 for -1: [eccaf005-8169-4dfc-be1f-8981a011c66c:192.168.164.207:46393], old=null
2019-09-25 04:49:23,301 [eccaf005-8169-4dfc-be1f-8981a011c66c@group-5B1FF03C87F5:LeaderElection44] INFO  impl.RoleInfo (RoleInfo.java:shutdownLeaderElection(134)) - eccaf005-8169-4dfc-be1f-8981a011c66c: shutdown LeaderElection
2019-09-25 04:49:23,301 [eccaf005-8169-4dfc-be1f-8981a011c66c@group-5B1FF03C87F5:LeaderElection44] INFO  impl.RaftServerImpl (RaftServerImpl.java:setRole(174)) - eccaf005-8169-4dfc-be1f-8981a011c66c@group-5B1FF03C87F5: changes role from CANDIDATE to LEADER at term 1 for changeToLeader
2019-09-25 04:49:23,301 [eccaf005-8169-4dfc-be1f-8981a011c66c@group-5B1FF03C87F5:LeaderElection44] INFO  impl.RaftServerImpl (ServerState.java:setLeader(253)) - eccaf005-8169-4dfc-be1f-8981a011c66c@group-5B1FF03C87F5: change Leader from null to eccaf005-8169-4dfc-be1f-8981a011c66c at term 1 for becomeLeader, leader elected after 1044ms
2019-09-25 04:49:23,301 [eccaf005-8169-4dfc-be1f-8981a011c66c@group-5B1FF03C87F5:LeaderElection44] INFO  server.RaftServerConfigKeys (ConfUtils.java:logGet(43)) - raft.server.staging.catchup.gap = 1000 (default)
2019-09-25 04:49:23,301 [eccaf005-8169-4dfc-be1f-8981a011c66c@group-5B1FF03C87F5:LeaderElection44] INFO  server.RaftServerConfigKeys (ConfUtils.java:logGet(43)) - raft.server.rpc.sleep.time = 25ms (default)
2019-09-25 04:49:23,302 [eccaf005-8169-4dfc-be1f-8981a011c66c@group-5B1FF03C87F5:LeaderElection44] INFO  server.RaftServerConfigKeys (ConfUtils.java:logGet(43)) - raft.server.write.element-limit = 4096 (default)
2019-09-25 04:49:23,302 [eccaf005-8169-4dfc-be1f-8981a011c66c@group-5B1FF03C87F5:LeaderElection44] INFO  server.RaftServerConfigKeys (ConfUtils.java:logGet(43)) - raft.server.watch.timeout = 10s (default)
2019-09-25 04:49:23,302 [eccaf005-8169-4dfc-be1f-8981a011c66c@group-5B1FF03C87F5:LeaderElection44] INFO  server.RaftServerConfigKeys (ConfUtils.java:logGet(43)) - raft.server.watch.timeout.denomination = 1s (default)
2019-09-25 04:49:23,302 [eccaf005-8169-4dfc-be1f-8981a011c66c@group-5B1FF03C87F5:LeaderElection44] INFO  server.RaftServerConfigKeys (ConfUtils.java:logGet(43)) - raft.server.watch.element-limit = 65536 (default)
2019-09-25 04:49:23,305 [eccaf005-8169-4dfc-be1f-8981a011c66c@group-5B1FF03C87F5:LeaderElection44] INFO  impl.RoleInfo (RoleInfo.java:updateAndGet(143)) - eccaf005-8169-4dfc-be1f-8981a011c66c: start LeaderState
2019-09-25 04:49:23,305 [eccaf005-8169-4dfc-be1f-8981a011c66c@group-5B1FF03C87F5:LeaderElection44] INFO  segmented.SegmentedRaftLogWorker (SegmentedRaftLogWorker.java:startLogSegment(380)) - eccaf005-8169-4dfc-be1f-8981a011c66c@group-5B1FF03C87F5-SegmentedRaftLogWorker: Starting segment from index:0
2019-09-25 04:49:23,306 [eccaf005-8169-4dfc-be1f-8981a011c66c@group-5B1FF03C87F5:LeaderElection44] INFO  impl.RaftServerImpl (ServerState.java:setRaftConf(354)) - eccaf005-8169-4dfc-be1f-8981a011c66c@group-5B1FF03C87F5: set configuration 0: [eccaf005-8169-4dfc-be1f-8981a011c66c:192.168.164.207:46393], old=null at 0
2019-09-25 04:49:23,313 [pool-117-thread-1] INFO  storage.RaftStorage (RaftStorage.java:format(72)) - Storage directory /workdir/hadoop-ozone/integration-test/target/test-dir/MiniOzoneClusterImpl-73e7cd3e-72db-4213-b677-28bfbd198772/datanode-9/data/ratis/3465a214-a8ea-4d18-b953-fdfc54c802e8 has been successfully formatted.
2019-09-25 04:49:23,313 [pool-117-thread-1] INFO  ratis.ContainerStateMachine (ContainerStateMachine.java:loadSnapshot(230)) - group-FDFC54C802E8: The snapshot info is null. Setting the last applied indexto:(t:0, i:~)
2019-09-25 04:49:23,313 [pool-117-thread-1] INFO  server.RaftServerConfigKeys (ConfUtils.java:logGet(43)) - raft.server.notification.no-leader.timeout = 120s (custom)
2019-09-25 04:49:23,314 [pool-117-thread-1] INFO  server.RaftServerConfigKeys (ConfUtils.java:logGet(43)) - raft.server.log.use.memory = false (default)
2019-09-25 04:49:23,314 [pool-117-thread-1] INFO  server.RaftServerConfigKeys (ConfUtils.java:logGet(43)) - raft.server.log.purge.gap = 1000000 (custom)
2019-09-25 04:49:23,314 [pool-117-thread-1] INFO  server.RaftServerConfigKeys (ConfUtils.java:logGet(43)) - raft.server.log.appender.buffer.byte-limit = 33554432 (custom)
2019-09-25 04:49:23,314 [pool-117-thread-1] INFO  server.RaftServerConfigKeys (ConfUtils.java:logGet(43)) - raft.server.log.segment.size.max = 1048576 (custom)
2019-09-25 04:49:23,314 [pool-117-thread-1] INFO  server.RaftServerConfigKeys (ConfUtils.java:logGet(43)) - raft.server.log.segment.cache.num.max = 2 (custom)
2019-09-25 04:49:23,314 [pool-117-thread-1] INFO  segmented.SegmentedRaftLogWorker (SegmentedRaftLogWorker.java:<init>(172)) - new ef95e979-b818-4083-9289-18188944726b@group-FDFC54C802E8-SegmentedRaftLogWorker for RaftStorage:Storage Directory /workdir/hadoop-ozone/integration-test/target/test-dir/MiniOzoneClusterImpl-73e7cd3e-72db-4213-b677-28bfbd198772/datanode-9/data/ratis/3465a214-a8ea-4d18-b953-fdfc54c802e8
2019-09-25 04:49:23,314 [pool-117-thread-1] INFO  server.RaftServerConfigKeys (ConfUtils.java:logGet(43)) - raft.server.log.queue.byte-limit = 2147483647 (custom)
2019-09-25 04:49:23,314 [pool-117-thread-1] INFO  server.RaftServerConfigKeys (ConfUtils.java:logGet(43)) - raft.server.log.queue.element-limit = 1024 (custom)
2019-09-25 04:49:23,314 [pool-117-thread-1] INFO  server.RaftServerConfigKeys (ConfUtils.java:logGet(43)) - raft.server.log.segment.size.max = 1048576 (custom)
2019-09-25 04:49:23,315 [pool-117-thread-1] INFO  server.RaftServerConfigKeys (ConfUtils.java:logGet(43)) - raft.server.log.preallocated.size = 16384 (custom)
2019-09-25 04:49:23,315 [pool-117-thread-1] INFO  server.RaftServerConfigKeys (ConfUtils.java:logGet(43)) - raft.server.log.write.buffer.size = 33554432 (custom)
2019-09-25 04:49:23,315 [pool-117-thread-1] INFO  server.RaftServerConfigKeys (ConfUtils.java:logGet(43)) - raft.server.log.force.sync.num = 128 (default)
2019-09-25 04:49:23,315 [pool-117-thread-1] INFO  server.RaftServerConfigKeys (ConfUtils.java:logGet(43)) - raft.server.log.statemachine.data.sync = true (default)
2019-09-25 04:49:23,315 [pool-117-thread-1] INFO  server.RaftServerConfigKeys (ConfUtils.java:logGet(43)) - raft.server.log.statemachine.data.sync.timeout = 10s (default)
2019-09-25 04:49:23,315 [pool-117-thread-1] INFO  server.RaftServerConfigKeys (ConfUtils.java:logGet(43)) - raft.server.log.statemachine.data.sync.timeout.retry = -1 (default)
2019-09-25 04:49:23,315 [pool-117-thread-1] INFO  server.RaftServerConfigKeys (ConfUtils.java:logGet(43)) - raft.server.log.statemachine.data.caching.enabled = true (custom)
2019-09-25 04:49:23,315 [pool-117-thread-1] INFO  segmented.SegmentedRaftLogWorker (SegmentedRaftLogWorker.java:lambda$new$0(132)) - ef95e979-b818-4083-9289-18188944726b@group-FDFC54C802E8-SegmentedRaftLogWorker: flushIndex: setUnconditionally 0 -> -1
2019-09-25 04:49:23,316 [pool-117-thread-1] INFO  server.RaftServerConfigKeys (ConfUtils.java:logGet(43)) - raft.server.snapshot.auto.trigger.enabled = true (custom)
2019-09-25 04:49:23,316 [pool-117-thread-1] INFO  server.RaftServerConfigKeys (ConfUtils.java:logGet(43)) - raft.server.snapshot.auto.trigger.threshold = 10000 (custom)
2019-09-25 04:49:23,316 [pool-117-thread-1] INFO  server.RaftServerConfigKeys (ConfUtils.java:logGet(43)) - raft.server.snapshot.retention.num.files = 5 (custom)
2019-09-25 04:49:23,316 [pool-117-thread-1] INFO  server.RaftServerConfigKeys (ConfUtils.java:logGet(43)) - raft.server.retrycache.expirytime = 600000ms (custom)
2019-09-25 04:49:23,318 [pool-117-thread-1] INFO  impl.RaftServerImpl (RaftServerImpl.java:start(185)) - ef95e979-b818-4083-9289-18188944726b@group-FDFC54C802E8: start as a follower, conf=-1: [ef95e979-b818-4083-9289-18188944726b:192.168.164.207:36359], old=null
2019-09-25 04:49:23,318 [pool-117-thread-1] INFO  impl.RaftServerImpl (RaftServerImpl.java:setRole(174)) - ef95e979-b818-4083-9289-18188944726b@group-FDFC54C802E8: changes role from      null to FOLLOWER at term 0 for startAsFollower
2019-09-25 04:49:23,318 [pool-117-thread-1] INFO  impl.RoleInfo (RoleInfo.java:updateAndGet(143)) - ef95e979-b818-4083-9289-18188944726b: start FollowerState
2019-09-25 04:49:23,319 [pool-117-thread-1] INFO  util.JmxRegister (JmxRegister.java:tryRegister(44)) - Successfully registered JMX Bean with object name Ratis:service=RaftServer,group=group-FDFC54C802E8,id=ef95e979-b818-4083-9289-18188944726b
2019-09-25 04:49:23,321 [RatisPipelineUtilsThread] INFO  pipeline.PipelineStateManager (PipelineStateManager.java:addPipeline(56)) - Created pipeline Pipeline[ Id: 3465a214-a8ea-4d18-b953-fdfc54c802e8, Nodes: ef95e979-b818-4083-9289-18188944726b{ip: 192.168.164.207, host: pr-hdds-1569-s44lr-3492059363, networkLocation: /default-rack, certSerialId: null}, Type:RATIS, Factor:ONE, State:OPEN]
2019-09-25 04:49:23,322 [RatisPipelineUtilsThread] INFO  pipeline.PipelinePlacementPolicy (PipelinePlacementPolicy.java:meetCriteria(91)) - Pipeline Placement: can't place more pipeline on heavy datanode： ef17bb0f-3839-4724-ad21-94b92a6e25d3 Heaviness: 6 limit: 5
2019-09-25 04:49:23,322 [RatisPipelineUtilsThread] INFO  pipeline.PipelinePlacementPolicy (PipelinePlacementPolicy.java:meetCriteria(91)) - Pipeline Placement: can't place more pipeline on heavy datanode： 4a0ae61b-4689-46eb-b962-7605c7f95abd Heaviness: 6 limit: 5
2019-09-25 04:49:23,322 [RatisPipelineUtilsThread] INFO  pipeline.PipelinePlacementPolicy (PipelinePlacementPolicy.java:meetCriteria(91)) - Pipeline Placement: can't place more pipeline on heavy datanode： 778daabb-04ae-41de-8067-bd0724312da7 Heaviness: 6 limit: 5
2019-09-25 04:49:23,322 [RatisPipelineUtilsThread] INFO  pipeline.PipelinePlacementPolicy (PipelinePlacementPolicy.java:meetCriteria(91)) - Pipeline Placement: can't place more pipeline on heavy datanode： 4900d303-9ac7-4a86-9389-d77749add813 Heaviness: 6 limit: 5
2019-09-25 04:49:23,323 [RatisPipelineUtilsThread] INFO  pipeline.PipelinePlacementPolicy (PipelinePlacementPolicy.java:meetCriteria(91)) - Pipeline Placement: can't place more pipeline on heavy datanode： 3875a0db-bcd0-4e93-a77c-33ac6d7b4cc5 Heaviness: 6 limit: 5
2019-09-25 04:49:23,323 [RatisPipelineUtilsThread] INFO  pipeline.PipelinePlacementPolicy (PipelinePlacementPolicy.java:meetCriteria(91)) - Pipeline Placement: can't place more pipeline on heavy datanode： fcf37978-6168-4314-87d6-0e8a7c1fc6e1 Heaviness: 6 limit: 5
2019-09-25 04:49:23,323 [RatisPipelineUtilsThread] INFO  pipeline.PipelinePlacementPolicy (PipelinePlacementPolicy.java:meetCriteria(91)) - Pipeline Placement: can't place more pipeline on heavy datanode： eccaf005-8169-4dfc-be1f-8981a011c66c Heaviness: 6 limit: 5
2019-09-25 04:49:23,323 [RatisPipelineUtilsThread] INFO  pipeline.PipelinePlacementPolicy (PipelinePlacementPolicy.java:meetCriteria(91)) - Pipeline Placement: can't place more pipeline on heavy datanode： 2f00ca3a-f523-476d-a77d-69389bdf1595 Heaviness: 6 limit: 5
2019-09-25 04:49:23,323 [RatisPipelineUtilsThread] INFO  pipeline.PipelinePlacementPolicy (PipelinePlacementPolicy.java:meetCriteria(91)) - Pipeline Placement: can't place more pipeline on heavy datanode： 0deae85c-a16a-4311-a0af-934f501df2cc Heaviness: 6 limit: 5
2019-09-25 04:49:23,329 [grpc-default-executor-1] INFO  impl.RaftServerProxy (RaftServerProxy.java:addNew(89)) - ef95e979-b818-4083-9289-18188944726b: addNew group-74ECFF8F5B7D:[ef95e979-b818-4083-9289-18188944726b:192.168.164.207:36359] returns group-74ECFF8F5B7D:java.util.concurrent.CompletableFuture@1857d3b3[Not completed]
2019-09-25 04:49:23,330 [pool-117-thread-1] INFO  impl.RaftServerImpl (RaftServerImpl.java:<init>(95)) - ef95e979-b818-4083-9289-18188944726b: new RaftServerImpl for group-74ECFF8F5B7D:[ef95e979-b818-4083-9289-18188944726b:192.168.164.207:36359] with ContainerStateMachine:uninitialized
2019-09-25 04:49:23,330 [pool-117-thread-1] INFO  server.RaftServerConfigKeys (ConfUtils.java:logGet(43)) - raft.server.rpc.timeout.min = 1s (custom)
2019-09-25 04:49:23,330 [pool-117-thread-1] INFO  server.RaftServerConfigKeys (ConfUtils.java:logGet(43)) - raft.server.rpc.timeout.max = 1200ms (custom)
2019-09-25 04:49:23,330 [pool-117-thread-1] INFO  server.RaftServerConfigKeys (ConfUtils.java:logGet(43)) - raft.server.rpcslowness.timeout = 120s (custom)
2019-09-25 04:49:23,330 [pool-117-thread-1] INFO  server.RaftServerConfigKeys (ConfUtils.java:logGet(43)) - raft.server.sleep.deviation.threshold = 300 (default)
2019-09-25 04:49:23,330 [pool-117-thread-1] INFO  server.RaftServerConfigKeys (ConfUtils.java:logGet(43)) - raft.server.log.appender.install.snapshot.enabled = false (custom)
2019-09-25 04:49:23,330 [pool-117-thread-1] INFO  impl.RaftServerImpl (ServerState.java:<init>(103)) - ef95e979-b818-4083-9289-18188944726b@group-74ECFF8F5B7D: ConfigurationManager, init=-1: [ef95e979-b818-4083-9289-18188944726b:192.168.164.207:36359], old=null, confs=<EMPTY_MAP>
2019-09-25 04:49:23,331 [pool-117-thread-1] INFO  server.RaftServerConfigKeys (ConfUtils.java:logGet(43)) - raft.server.storage.dir = [/workdir/hadoop-ozone/integration-test/target/test-dir/MiniOzoneClusterImpl-73e7cd3e-72db-4213-b677-28bfbd198772/datanode-9/data/ratis] (custom)
2019-09-25 04:49:23,331 [pool-117-thread-1] INFO  storage.RaftStorageDirectory (RaftStorageDirectory.java:analyzeStorage(246)) - The storage directory /workdir/hadoop-ozone/integration-test/target/test-dir/MiniOzoneClusterImpl-73e7cd3e-72db-4213-b677-28bfbd198772/datanode-9/data/ratis/b15d0ca0-a6bd-458f-8d81-74ecff8f5b7d does not exist. Creating ...
2019-09-25 04:49:23,346 [pool-117-thread-1] INFO  storage.RaftStorageDirectory (RaftStorageDirectory.java:tryLock(328)) - Lock on /workdir/hadoop-ozone/integration-test/target/test-dir/MiniOzoneClusterImpl-73e7cd3e-72db-4213-b677-28bfbd198772/datanode-9/data/ratis/b15d0ca0-a6bd-458f-8d81-74ecff8f5b7d/in_use.lock acquired by nodename 6977@pr-hdds-1569-s44lr-3492059363
2019-09-25 04:49:23,346 [eccaf005-8169-4dfc-be1f-8981a011c66c@group-5B1FF03C87F5-SegmentedRaftLogWorker] INFO  segmented.SegmentedRaftLogWorker (SegmentedRaftLogWorker.java:execute(569)) - eccaf005-8169-4dfc-be1f-8981a011c66c@group-5B1FF03C87F5-SegmentedRaftLogWorker: created new log segment /workdir/hadoop-ozone/integration-test/target/test-dir/MiniOzoneClusterImpl-73e7cd3e-72db-4213-b677-28bfbd198772/datanode-4/data/ratis/c193dd7c-6740-4ac5-a8ba-5b1ff03c87f5/current/log_inprogress_0
2019-09-25 04:49:23,360 [Thread-490] INFO  impl.FollowerState (FollowerState.java:run(106)) - 3875a0db-bcd0-4e93-a77c-33ac6d7b4cc5:group-D1987FF31FE4 changes to CANDIDATE, lastRpcTime:1022, electionTimeout:1022ms
2019-09-25 04:49:23,360 [Thread-490] INFO  impl.RoleInfo (RoleInfo.java:shutdownFollowerState(121)) - 3875a0db-bcd0-4e93-a77c-33ac6d7b4cc5: shutdown FollowerState
2019-09-25 04:49:23,360 [Thread-490] INFO  impl.RaftServerImpl (RaftServerImpl.java:setRole(174)) - 3875a0db-bcd0-4e93-a77c-33ac6d7b4cc5@group-D1987FF31FE4: changes role from  FOLLOWER to CANDIDATE at term 0 for changeToCandidate
2019-09-25 04:49:23,360 [pool-117-thread-1] INFO  storage.RaftStorage (RaftStorage.java:format(72)) - Storage directory /workdir/hadoop-ozone/integration-test/target/test-dir/MiniOzoneClusterImpl-73e7cd3e-72db-4213-b677-28bfbd198772/datanode-9/data/ratis/b15d0ca0-a6bd-458f-8d81-74ecff8f5b7d has been successfully formatted.
2019-09-25 04:49:23,360 [Thread-490] INFO  impl.RoleInfo (RoleInfo.java:updateAndGet(143)) - 3875a0db-bcd0-4e93-a77c-33ac6d7b4cc5: start LeaderElection
2019-09-25 04:49:23,361 [pool-117-thread-1] INFO  ratis.ContainerStateMachine (ContainerStateMachine.java:loadSnapshot(230)) - group-74ECFF8F5B7D: The snapshot info is null. Setting the last applied indexto:(t:0, i:~)
2019-09-25 04:49:23,361 [pool-117-thread-1] INFO  server.RaftServerConfigKeys (ConfUtils.java:logGet(43)) - raft.server.notification.no-leader.timeout = 120s (custom)
2019-09-25 04:49:23,361 [pool-117-thread-1] INFO  server.RaftServerConfigKeys (ConfUtils.java:logGet(43)) - raft.server.log.use.memory = false (default)
2019-09-25 04:49:23,361 [pool-117-thread-1] INFO  server.RaftServerConfigKeys (ConfUtils.java:logGet(43)) - raft.server.log.purge.gap = 1000000 (custom)
2019-09-25 04:49:23,361 [pool-117-thread-1] INFO  server.RaftServerConfigKeys (ConfUtils.java:logGet(43)) - raft.server.log.appender.buffer.byte-limit = 33554432 (custom)
2019-09-25 04:49:23,361 [pool-117-thread-1] INFO  server.RaftServerConfigKeys (ConfUtils.java:logGet(43)) - raft.server.log.segment.size.max = 1048576 (custom)
2019-09-25 04:49:23,361 [pool-117-thread-1] INFO  server.RaftServerConfigKeys (ConfUtils.java:logGet(43)) - raft.server.log.segment.cache.num.max = 2 (custom)
2019-09-25 04:49:23,362 [pool-117-thread-1] INFO  segmented.SegmentedRaftLogWorker (SegmentedRaftLogWorker.java:<init>(172)) - new ef95e979-b818-4083-9289-18188944726b@group-74ECFF8F5B7D-SegmentedRaftLogWorker for RaftStorage:Storage Directory /workdir/hadoop-ozone/integration-test/target/test-dir/MiniOzoneClusterImpl-73e7cd3e-72db-4213-b677-28bfbd198772/datanode-9/data/ratis/b15d0ca0-a6bd-458f-8d81-74ecff8f5b7d
2019-09-25 04:49:23,362 [pool-117-thread-1] INFO  server.RaftServerConfigKeys (ConfUtils.java:logGet(43)) - raft.server.log.queue.byte-limit = 2147483647 (custom)
2019-09-25 04:49:23,362 [pool-117-thread-1] INFO  server.RaftServerConfigKeys (ConfUtils.java:logGet(43)) - raft.server.log.queue.element-limit = 1024 (custom)
2019-09-25 04:49:23,362 [pool-117-thread-1] INFO  server.RaftServerConfigKeys (ConfUtils.java:logGet(43)) - raft.server.log.segment.size.max = 1048576 (custom)
2019-09-25 04:49:23,362 [pool-117-thread-1] INFO  server.RaftServerConfigKeys (ConfUtils.java:logGet(43)) - raft.server.log.preallocated.size = 16384 (custom)
2019-09-25 04:49:23,362 [pool-117-thread-1] INFO  server.RaftServerConfigKeys (ConfUtils.java:logGet(43)) - raft.server.log.write.buffer.size = 33554432 (custom)
2019-09-25 04:49:23,362 [pool-117-thread-1] INFO  server.RaftServerConfigKeys (ConfUtils.java:logGet(43)) - raft.server.log.force.sync.num = 128 (default)
2019-09-25 04:49:23,362 [pool-117-thread-1] INFO  server.RaftServerConfigKeys (ConfUtils.java:logGet(43)) - raft.server.log.statemachine.data.sync = true (default)
2019-09-25 04:49:23,362 [pool-117-thread-1] INFO  server.RaftServerConfigKeys (ConfUtils.java:logGet(43)) - raft.server.log.statemachine.data.sync.timeout = 10s (default)
2019-09-25 04:49:23,362 [pool-117-thread-1] INFO  server.RaftServerConfigKeys (ConfUtils.java:logGet(43)) - raft.server.log.statemachine.data.sync.timeout.retry = -1 (default)
2019-09-25 04:49:23,363 [pool-117-thread-1] INFO  server.RaftServerConfigKeys (ConfUtils.java:logGet(43)) - raft.server.log.statemachine.data.caching.enabled = true (custom)
2019-09-25 04:49:23,363 [pool-117-thread-1] INFO  segmented.SegmentedRaftLogWorker (SegmentedRaftLogWorker.java:lambda$new$0(132)) - ef95e979-b818-4083-9289-18188944726b@group-74ECFF8F5B7D-SegmentedRaftLogWorker: flushIndex: setUnconditionally 0 -> -1
2019-09-25 04:49:23,363 [pool-117-thread-1] INFO  server.RaftServerConfigKeys (ConfUtils.java:logGet(43)) - raft.server.snapshot.auto.trigger.enabled = true (custom)
2019-09-25 04:49:23,363 [pool-117-thread-1] INFO  server.RaftServerConfigKeys (ConfUtils.java:logGet(43)) - raft.server.snapshot.auto.trigger.threshold = 10000 (custom)
2019-09-25 04:49:23,363 [pool-117-thread-1] INFO  server.RaftServerConfigKeys (ConfUtils.java:logGet(43)) - raft.server.snapshot.retention.num.files = 5 (custom)
2019-09-25 04:49:23,363 [pool-117-thread-1] INFO  server.RaftServerConfigKeys (ConfUtils.java:logGet(43)) - raft.server.retrycache.expirytime = 600000ms (custom)
2019-09-25 04:49:23,364 [3875a0db-bcd0-4e93-a77c-33ac6d7b4cc5@group-D1987FF31FE4:LeaderElection45] INFO  impl.LeaderElection (LeaderElection.java:askForVotes(182)) - 3875a0db-bcd0-4e93-a77c-33ac6d7b4cc5@group-D1987FF31FE4:LeaderElection45: begin an election at term 1 for -1: [3875a0db-bcd0-4e93-a77c-33ac6d7b4cc5:192.168.164.207:38833], old=null
2019-09-25 04:49:23,365 [3875a0db-bcd0-4e93-a77c-33ac6d7b4cc5@group-D1987FF31FE4:LeaderElection45] INFO  impl.RoleInfo (RoleInfo.java:shutdownLeaderElection(134)) - 3875a0db-bcd0-4e93-a77c-33ac6d7b4cc5: shutdown LeaderElection
2019-09-25 04:49:23,365 [3875a0db-bcd0-4e93-a77c-33ac6d7b4cc5@group-D1987FF31FE4:LeaderElection45] INFO  impl.RaftServerImpl (RaftServerImpl.java:setRole(174)) - 3875a0db-bcd0-4e93-a77c-33ac6d7b4cc5@group-D1987FF31FE4: changes role from CANDIDATE to LEADER at term 1 for changeToLeader
2019-09-25 04:49:23,365 [3875a0db-bcd0-4e93-a77c-33ac6d7b4cc5@group-D1987FF31FE4:LeaderElection45] INFO  impl.RaftServerImpl (ServerState.java:setLeader(253)) - 3875a0db-bcd0-4e93-a77c-33ac6d7b4cc5@group-D1987FF31FE4: change Leader from null to 3875a0db-bcd0-4e93-a77c-33ac6d7b4cc5 at term 1 for becomeLeader, leader elected after 1066ms
2019-09-25 04:49:23,365 [3875a0db-bcd0-4e93-a77c-33ac6d7b4cc5@group-D1987FF31FE4:LeaderElection45] INFO  server.RaftServerConfigKeys (ConfUtils.java:logGet(43)) - raft.server.staging.catchup.gap = 1000 (default)
2019-09-25 04:49:23,365 [3875a0db-bcd0-4e93-a77c-33ac6d7b4cc5@group-D1987FF31FE4:LeaderElection45] INFO  server.RaftServerConfigKeys (ConfUtils.java:logGet(43)) - raft.server.rpc.sleep.time = 25ms (default)
2019-09-25 04:49:23,365 [pool-117-thread-1] INFO  impl.RaftServerImpl (RaftServerImpl.java:start(185)) - ef95e979-b818-4083-9289-18188944726b@group-74ECFF8F5B7D: start as a follower, conf=-1: [ef95e979-b818-4083-9289-18188944726b:192.168.164.207:36359], old=null
2019-09-25 04:49:23,366 [3875a0db-bcd0-4e93-a77c-33ac6d7b4cc5@group-D1987FF31FE4:LeaderElection45] INFO  server.RaftServerConfigKeys (ConfUtils.java:logGet(43)) - raft.server.write.element-limit = 4096 (default)
2019-09-25 04:49:23,366 [pool-117-thread-1] INFO  impl.RaftServerImpl (RaftServerImpl.java:setRole(174)) - ef95e979-b818-4083-9289-18188944726b@group-74ECFF8F5B7D: changes role from      null to FOLLOWER at term 0 for startAsFollower
2019-09-25 04:49:23,366 [3875a0db-bcd0-4e93-a77c-33ac6d7b4cc5@group-D1987FF31FE4:LeaderElection45] INFO  server.RaftServerConfigKeys (ConfUtils.java:logGet(43)) - raft.server.watch.timeout = 10s (default)
2019-09-25 04:49:23,366 [pool-117-thread-1] INFO  impl.RoleInfo (RoleInfo.java:updateAndGet(143)) - ef95e979-b818-4083-9289-18188944726b: start FollowerState
2019-09-25 04:49:23,366 [3875a0db-bcd0-4e93-a77c-33ac6d7b4cc5@group-D1987FF31FE4:LeaderElection45] INFO  server.RaftServerConfigKeys (ConfUtils.java:logGet(43)) - raft.server.watch.timeout.denomination = 1s (default)
2019-09-25 04:49:23,366 [3875a0db-bcd0-4e93-a77c-33ac6d7b4cc5@group-D1987FF31FE4:LeaderElection45] INFO  server.RaftServerConfigKeys (ConfUtils.java:logGet(43)) - raft.server.watch.element-limit = 65536 (default)
2019-09-25 04:49:23,367 [pool-117-thread-1] INFO  util.JmxRegister (JmxRegister.java:tryRegister(44)) - Successfully registered JMX Bean with object name Ratis:service=RaftServer,group=group-74ECFF8F5B7D,id=ef95e979-b818-4083-9289-18188944726b
2019-09-25 04:49:23,368 [3875a0db-bcd0-4e93-a77c-33ac6d7b4cc5@group-D1987FF31FE4:LeaderElection45] INFO  impl.RoleInfo (RoleInfo.java:updateAndGet(143)) - 3875a0db-bcd0-4e93-a77c-33ac6d7b4cc5: start LeaderState
2019-09-25 04:49:23,369 [3875a0db-bcd0-4e93-a77c-33ac6d7b4cc5@group-D1987FF31FE4:LeaderElection45] INFO  segmented.SegmentedRaftLogWorker (SegmentedRaftLogWorker.java:startLogSegment(380)) - 3875a0db-bcd0-4e93-a77c-33ac6d7b4cc5@group-D1987FF31FE4-SegmentedRaftLogWorker: Starting segment from index:0
2019-09-25 04:49:23,369 [3875a0db-bcd0-4e93-a77c-33ac6d7b4cc5@group-D1987FF31FE4:LeaderElection45] INFO  impl.RaftServerImpl (ServerState.java:setRaftConf(354)) - 3875a0db-bcd0-4e93-a77c-33ac6d7b4cc5@group-D1987FF31FE4: set configuration 0: [3875a0db-bcd0-4e93-a77c-33ac6d7b4cc5:192.168.164.207:38833], old=null at 0
2019-09-25 04:49:23,370 [RatisPipelineUtilsThread] INFO  pipeline.PipelineStateManager (PipelineStateManager.java:addPipeline(56)) - Created pipeline Pipeline[ Id: b15d0ca0-a6bd-458f-8d81-74ecff8f5b7d, Nodes: ef95e979-b818-4083-9289-18188944726b{ip: 192.168.164.207, host: pr-hdds-1569-s44lr-3492059363, networkLocation: /default-rack, certSerialId: null}, Type:RATIS, Factor:ONE, State:OPEN]
2019-09-25 04:49:23,371 [RatisPipelineUtilsThread] INFO  pipeline.PipelinePlacementPolicy (PipelinePlacementPolicy.java:meetCriteria(91)) - Pipeline Placement: can't place more pipeline on heavy datanode： ef17bb0f-3839-4724-ad21-94b92a6e25d3 Heaviness: 6 limit: 5
2019-09-25 04:49:23,371 [RatisPipelineUtilsThread] INFO  pipeline.PipelinePlacementPolicy (PipelinePlacementPolicy.java:meetCriteria(91)) - Pipeline Placement: can't place more pipeline on heavy datanode： 4a0ae61b-4689-46eb-b962-7605c7f95abd Heaviness: 6 limit: 5
2019-09-25 04:49:23,371 [RatisPipelineUtilsThread] INFO  pipeline.PipelinePlacementPolicy (PipelinePlacementPolicy.java:meetCriteria(91)) - Pipeline Placement: can't place more pipeline on heavy datanode： 778daabb-04ae-41de-8067-bd0724312da7 Heaviness: 6 limit: 5
2019-09-25 04:49:23,371 [RatisPipelineUtilsThread] INFO  pipeline.PipelinePlacementPolicy (PipelinePlacementPolicy.java:meetCriteria(91)) - Pipeline Placement: can't place more pipeline on heavy datanode： 4900d303-9ac7-4a86-9389-d77749add813 Heaviness: 6 limit: 5
2019-09-25 04:49:23,371 [RatisPipelineUtilsThread] INFO  pipeline.PipelinePlacementPolicy (PipelinePlacementPolicy.java:meetCriteria(91)) - Pipeline Placement: can't place more pipeline on heavy datanode： 3875a0db-bcd0-4e93-a77c-33ac6d7b4cc5 Heaviness: 6 limit: 5
2019-09-25 04:49:23,372 [RatisPipelineUtilsThread] INFO  pipeline.PipelinePlacementPolicy (PipelinePlacementPolicy.java:meetCriteria(91)) - Pipeline Placement: can't place more pipeline on heavy datanode： fcf37978-6168-4314-87d6-0e8a7c1fc6e1 Heaviness: 6 limit: 5
2019-09-25 04:49:23,372 [RatisPipelineUtilsThread] INFO  pipeline.PipelinePlacementPolicy (PipelinePlacementPolicy.java:meetCriteria(91)) - Pipeline Placement: can't place more pipeline on heavy datanode： eccaf005-8169-4dfc-be1f-8981a011c66c Heaviness: 6 limit: 5
2019-09-25 04:49:23,372 [RatisPipelineUtilsThread] INFO  pipeline.PipelinePlacementPolicy (PipelinePlacementPolicy.java:meetCriteria(91)) - Pipeline Placement: can't place more pipeline on heavy datanode： 2f00ca3a-f523-476d-a77d-69389bdf1595 Heaviness: 6 limit: 5
2019-09-25 04:49:23,372 [RatisPipelineUtilsThread] INFO  pipeline.PipelinePlacementPolicy (PipelinePlacementPolicy.java:meetCriteria(91)) - Pipeline Placement: can't place more pipeline on heavy datanode： 0deae85c-a16a-4311-a0af-934f501df2cc Heaviness: 6 limit: 5
2019-09-25 04:49:23,377 [grpc-default-executor-1] INFO  impl.RaftServerProxy (RaftServerProxy.java:addNew(89)) - ef95e979-b818-4083-9289-18188944726b: addNew group-1E905DCEFED5:[ef95e979-b818-4083-9289-18188944726b:192.168.164.207:36359] returns group-1E905DCEFED5:java.util.concurrent.CompletableFuture@4f44259c[Not completed]
2019-09-25 04:49:23,379 [pool-117-thread-1] INFO  impl.RaftServerImpl (RaftServerImpl.java:<init>(95)) - ef95e979-b818-4083-9289-18188944726b: new RaftServerImpl for group-1E905DCEFED5:[ef95e979-b818-4083-9289-18188944726b:192.168.164.207:36359] with ContainerStateMachine:uninitialized
2019-09-25 04:49:23,379 [pool-117-thread-1] INFO  server.RaftServerConfigKeys (ConfUtils.java:logGet(43)) - raft.server.rpc.timeout.min = 1s (custom)
2019-09-25 04:49:23,379 [pool-117-thread-1] INFO  server.RaftServerConfigKeys (ConfUtils.java:logGet(43)) - raft.server.rpc.timeout.max = 1200ms (custom)
2019-09-25 04:49:23,379 [pool-117-thread-1] INFO  server.RaftServerConfigKeys (ConfUtils.java:logGet(43)) - raft.server.rpcslowness.timeout = 120s (custom)
2019-09-25 04:49:23,379 [pool-117-thread-1] INFO  server.RaftServerConfigKeys (ConfUtils.java:logGet(43)) - raft.server.sleep.deviation.threshold = 300 (default)
2019-09-25 04:49:23,379 [pool-117-thread-1] INFO  server.RaftServerConfigKeys (ConfUtils.java:logGet(43)) - raft.server.log.appender.install.snapshot.enabled = false (custom)
2019-09-25 04:49:23,379 [pool-117-thread-1] INFO  impl.RaftServerImpl (ServerState.java:<init>(103)) - ef95e979-b818-4083-9289-18188944726b@group-1E905DCEFED5: ConfigurationManager, init=-1: [ef95e979-b818-4083-9289-18188944726b:192.168.164.207:36359], old=null, confs=<EMPTY_MAP>
2019-09-25 04:49:23,379 [pool-117-thread-1] INFO  server.RaftServerConfigKeys (ConfUtils.java:logGet(43)) - raft.server.storage.dir = [/workdir/hadoop-ozone/integration-test/target/test-dir/MiniOzoneClusterImpl-73e7cd3e-72db-4213-b677-28bfbd198772/datanode-9/data/ratis] (custom)
2019-09-25 04:49:23,380 [pool-117-thread-1] INFO  storage.RaftStorageDirectory (RaftStorageDirectory.java:analyzeStorage(246)) - The storage directory /workdir/hadoop-ozone/integration-test/target/test-dir/MiniOzoneClusterImpl-73e7cd3e-72db-4213-b677-28bfbd198772/datanode-9/data/ratis/b156165b-8cac-400a-82a8-1e905dcefed5 does not exist. Creating ...
2019-09-25 04:49:23,384 [pool-117-thread-1] INFO  storage.RaftStorageDirectory (RaftStorageDirectory.java:tryLock(328)) - Lock on /workdir/hadoop-ozone/integration-test/target/test-dir/MiniOzoneClusterImpl-73e7cd3e-72db-4213-b677-28bfbd198772/datanode-9/data/ratis/b156165b-8cac-400a-82a8-1e905dcefed5/in_use.lock acquired by nodename 6977@pr-hdds-1569-s44lr-3492059363
2019-09-25 04:49:23,391 [Thread-480] INFO  impl.FollowerState (FollowerState.java:run(106)) - ef17bb0f-3839-4724-ad21-94b92a6e25d3:group-49807641C7C4 changes to CANDIDATE, lastRpcTime:1195, electionTimeout:1195ms
2019-09-25 04:49:23,392 [Thread-480] INFO  impl.RoleInfo (RoleInfo.java:shutdownFollowerState(121)) - ef17bb0f-3839-4724-ad21-94b92a6e25d3: shutdown FollowerState
2019-09-25 04:49:23,392 [Thread-480] INFO  impl.RaftServerImpl (RaftServerImpl.java:setRole(174)) - ef17bb0f-3839-4724-ad21-94b92a6e25d3@group-49807641C7C4: changes role from  FOLLOWER to CANDIDATE at term 0 for changeToCandidate
2019-09-25 04:49:23,392 [Thread-480] INFO  impl.RoleInfo (RoleInfo.java:updateAndGet(143)) - ef17bb0f-3839-4724-ad21-94b92a6e25d3: start LeaderElection
2019-09-25 04:49:23,404 [pool-117-thread-1] INFO  storage.RaftStorage (RaftStorage.java:format(72)) - Storage directory /workdir/hadoop-ozone/integration-test/target/test-dir/MiniOzoneClusterImpl-73e7cd3e-72db-4213-b677-28bfbd198772/datanode-9/data/ratis/b156165b-8cac-400a-82a8-1e905dcefed5 has been successfully formatted.
2019-09-25 04:49:23,404 [ef17bb0f-3839-4724-ad21-94b92a6e25d3@group-49807641C7C4:LeaderElection46] INFO  impl.LeaderElection (LeaderElection.java:askForVotes(182)) - ef17bb0f-3839-4724-ad21-94b92a6e25d3@group-49807641C7C4:LeaderElection46: begin an election at term 1 for -1: [ef17bb0f-3839-4724-ad21-94b92a6e25d3:192.168.164.207:40519], old=null
2019-09-25 04:49:23,404 [pool-117-thread-1] INFO  ratis.ContainerStateMachine (ContainerStateMachine.java:loadSnapshot(230)) - group-1E905DCEFED5: The snapshot info is null. Setting the last applied indexto:(t:0, i:~)
2019-09-25 04:49:23,404 [ef17bb0f-3839-4724-ad21-94b92a6e25d3@group-49807641C7C4:LeaderElection46] INFO  impl.RoleInfo (RoleInfo.java:shutdownLeaderElection(134)) - ef17bb0f-3839-4724-ad21-94b92a6e25d3: shutdown LeaderElection
2019-09-25 04:49:23,404 [pool-117-thread-1] INFO  server.RaftServerConfigKeys (ConfUtils.java:logGet(43)) - raft.server.notification.no-leader.timeout = 120s (custom)
2019-09-25 04:49:23,404 [ef17bb0f-3839-4724-ad21-94b92a6e25d3@group-49807641C7C4:LeaderElection46] INFO  impl.RaftServerImpl (RaftServerImpl.java:setRole(174)) - ef17bb0f-3839-4724-ad21-94b92a6e25d3@group-49807641C7C4: changes role from CANDIDATE to LEADER at term 1 for changeToLeader
2019-09-25 04:49:23,405 [pool-117-thread-1] INFO  server.RaftServerConfigKeys (ConfUtils.java:logGet(43)) - raft.server.log.use.memory = false (default)
2019-09-25 04:49:23,405 [ef17bb0f-3839-4724-ad21-94b92a6e25d3@group-49807641C7C4:LeaderElection46] INFO  impl.RaftServerImpl (ServerState.java:setLeader(253)) - ef17bb0f-3839-4724-ad21-94b92a6e25d3@group-49807641C7C4: change Leader from null to ef17bb0f-3839-4724-ad21-94b92a6e25d3 at term 1 for becomeLeader, leader elected after 1262ms
2019-09-25 04:49:23,405 [pool-117-thread-1] INFO  server.RaftServerConfigKeys (ConfUtils.java:logGet(43)) - raft.server.log.purge.gap = 1000000 (custom)
2019-09-25 04:49:23,405 [ef17bb0f-3839-4724-ad21-94b92a6e25d3@group-49807641C7C4:LeaderElection46] INFO  server.RaftServerConfigKeys (ConfUtils.java:logGet(43)) - raft.server.staging.catchup.gap = 1000 (default)
2019-09-25 04:49:23,405 [pool-117-thread-1] INFO  server.RaftServerConfigKeys (ConfUtils.java:logGet(43)) - raft.server.log.appender.buffer.byte-limit = 33554432 (custom)
2019-09-25 04:49:23,405 [ef17bb0f-3839-4724-ad21-94b92a6e25d3@group-49807641C7C4:LeaderElection46] INFO  server.RaftServerConfigKeys (ConfUtils.java:logGet(43)) - raft.server.rpc.sleep.time = 25ms (default)
2019-09-25 04:49:23,405 [pool-117-thread-1] INFO  server.RaftServerConfigKeys (ConfUtils.java:logGet(43)) - raft.server.log.segment.size.max = 1048576 (custom)
2019-09-25 04:49:23,406 [ef17bb0f-3839-4724-ad21-94b92a6e25d3@group-49807641C7C4:LeaderElection46] INFO  server.RaftServerConfigKeys (ConfUtils.java:logGet(43)) - raft.server.write.element-limit = 4096 (default)
2019-09-25 04:49:23,406 [pool-117-thread-1] INFO  server.RaftServerConfigKeys (ConfUtils.java:logGet(43)) - raft.server.log.segment.cache.num.max = 2 (custom)
2019-09-25 04:49:23,406 [ef17bb0f-3839-4724-ad21-94b92a6e25d3@group-49807641C7C4:LeaderElection46] INFO  server.RaftServerConfigKeys (ConfUtils.java:logGet(43)) - raft.server.watch.timeout = 10s (default)
2019-09-25 04:49:23,406 [pool-117-thread-1] INFO  segmented.SegmentedRaftLogWorker (SegmentedRaftLogWorker.java:<init>(172)) - new ef95e979-b818-4083-9289-18188944726b@group-1E905DCEFED5-SegmentedRaftLogWorker for RaftStorage:Storage Directory /workdir/hadoop-ozone/integration-test/target/test-dir/MiniOzoneClusterImpl-73e7cd3e-72db-4213-b677-28bfbd198772/datanode-9/data/ratis/b156165b-8cac-400a-82a8-1e905dcefed5
2019-09-25 04:49:23,406 [ef17bb0f-3839-4724-ad21-94b92a6e25d3@group-49807641C7C4:LeaderElection46] INFO  server.RaftServerConfigKeys (ConfUtils.java:logGet(43)) - raft.server.watch.timeout.denomination = 1s (default)
2019-09-25 04:49:23,406 [pool-117-thread-1] INFO  server.RaftServerConfigKeys (ConfUtils.java:logGet(43)) - raft.server.log.queue.byte-limit = 2147483647 (custom)
2019-09-25 04:49:23,406 [ef17bb0f-3839-4724-ad21-94b92a6e25d3@group-49807641C7C4:LeaderElection46] INFO  server.RaftServerConfigKeys (ConfUtils.java:logGet(43)) - raft.server.watch.element-limit = 65536 (default)
2019-09-25 04:49:23,406 [pool-117-thread-1] INFO  server.RaftServerConfigKeys (ConfUtils.java:logGet(43)) - raft.server.log.queue.element-limit = 1024 (custom)
2019-09-25 04:49:23,407 [pool-117-thread-1] INFO  server.RaftServerConfigKeys (ConfUtils.java:logGet(43)) - raft.server.log.segment.size.max = 1048576 (custom)
2019-09-25 04:49:23,407 [pool-117-thread-1] INFO  server.RaftServerConfigKeys (ConfUtils.java:logGet(43)) - raft.server.log.preallocated.size = 16384 (custom)
2019-09-25 04:49:23,407 [pool-117-thread-1] INFO  server.RaftServerConfigKeys (ConfUtils.java:logGet(43)) - raft.server.log.write.buffer.size = 33554432 (custom)
2019-09-25 04:49:23,407 [pool-117-thread-1] INFO  server.RaftServerConfigKeys (ConfUtils.java:logGet(43)) - raft.server.log.force.sync.num = 128 (default)
2019-09-25 04:49:23,407 [pool-117-thread-1] INFO  server.RaftServerConfigKeys (ConfUtils.java:logGet(43)) - raft.server.log.statemachine.data.sync = true (default)
2019-09-25 04:49:23,407 [pool-117-thread-1] INFO  server.RaftServerConfigKeys (ConfUtils.java:logGet(43)) - raft.server.log.statemachine.data.sync.timeout = 10s (default)
2019-09-25 04:49:23,407 [pool-117-thread-1] INFO  server.RaftServerConfigKeys (ConfUtils.java:logGet(43)) - raft.server.log.statemachine.data.sync.timeout.retry = -1 (default)
2019-09-25 04:49:23,408 [pool-117-thread-1] INFO  server.RaftServerConfigKeys (ConfUtils.java:logGet(43)) - raft.server.log.statemachine.data.caching.enabled = true (custom)
2019-09-25 04:49:23,408 [pool-117-thread-1] INFO  segmented.SegmentedRaftLogWorker (SegmentedRaftLogWorker.java:lambda$new$0(132)) - ef95e979-b818-4083-9289-18188944726b@group-1E905DCEFED5-SegmentedRaftLogWorker: flushIndex: setUnconditionally 0 -> -1
2019-09-25 04:49:23,408 [pool-117-thread-1] INFO  server.RaftServerConfigKeys (ConfUtils.java:logGet(43)) - raft.server.snapshot.auto.trigger.enabled = true (custom)
2019-09-25 04:49:23,408 [pool-117-thread-1] INFO  server.RaftServerConfigKeys (ConfUtils.java:logGet(43)) - raft.server.snapshot.auto.trigger.threshold = 10000 (custom)
2019-09-25 04:49:23,408 [pool-117-thread-1] INFO  server.RaftServerConfigKeys (ConfUtils.java:logGet(43)) - raft.server.snapshot.retention.num.files = 5 (custom)
2019-09-25 04:49:23,408 [pool-117-thread-1] INFO  server.RaftServerConfigKeys (ConfUtils.java:logGet(43)) - raft.server.retrycache.expirytime = 600000ms (custom)
2019-09-25 04:49:23,409 [ef17bb0f-3839-4724-ad21-94b92a6e25d3@group-49807641C7C4:LeaderElection46] INFO  impl.RoleInfo (RoleInfo.java:updateAndGet(143)) - ef17bb0f-3839-4724-ad21-94b92a6e25d3: start LeaderState
2019-09-25 04:49:23,409 [ef17bb0f-3839-4724-ad21-94b92a6e25d3@group-49807641C7C4:LeaderElection46] INFO  segmented.SegmentedRaftLogWorker (SegmentedRaftLogWorker.java:startLogSegment(380)) - ef17bb0f-3839-4724-ad21-94b92a6e25d3@group-49807641C7C4-SegmentedRaftLogWorker: Starting segment from index:0
2019-09-25 04:49:23,410 [pool-117-thread-1] INFO  impl.RaftServerImpl (RaftServerImpl.java:start(185)) - ef95e979-b818-4083-9289-18188944726b@group-1E905DCEFED5: start as a follower, conf=-1: [ef95e979-b818-4083-9289-18188944726b:192.168.164.207:36359], old=null
2019-09-25 04:49:23,410 [pool-117-thread-1] INFO  impl.RaftServerImpl (RaftServerImpl.java:setRole(174)) - ef95e979-b818-4083-9289-18188944726b@group-1E905DCEFED5: changes role from      null to FOLLOWER at term 0 for startAsFollower
2019-09-25 04:49:23,410 [ef17bb0f-3839-4724-ad21-94b92a6e25d3@group-49807641C7C4:LeaderElection46] INFO  impl.RaftServerImpl (ServerState.java:setRaftConf(354)) - ef17bb0f-3839-4724-ad21-94b92a6e25d3@group-49807641C7C4: set configuration 0: [ef17bb0f-3839-4724-ad21-94b92a6e25d3:192.168.164.207:40519], old=null at 0
2019-09-25 04:49:23,410 [pool-117-thread-1] INFO  impl.RoleInfo (RoleInfo.java:updateAndGet(143)) - ef95e979-b818-4083-9289-18188944726b: start FollowerState
2019-09-25 04:49:23,411 [pool-117-thread-1] INFO  util.JmxRegister (JmxRegister.java:tryRegister(44)) - Successfully registered JMX Bean with object name Ratis:service=RaftServer,group=group-1E905DCEFED5,id=ef95e979-b818-4083-9289-18188944726b
2019-09-25 04:49:23,414 [RatisPipelineUtilsThread] INFO  pipeline.PipelineStateManager (PipelineStateManager.java:addPipeline(56)) - Created pipeline Pipeline[ Id: b156165b-8cac-400a-82a8-1e905dcefed5, Nodes: ef95e979-b818-4083-9289-18188944726b{ip: 192.168.164.207, host: pr-hdds-1569-s44lr-3492059363, networkLocation: /default-rack, certSerialId: null}, Type:RATIS, Factor:ONE, State:OPEN]
2019-09-25 04:49:23,414 [RatisPipelineUtilsThread] INFO  pipeline.PipelinePlacementPolicy (PipelinePlacementPolicy.java:meetCriteria(91)) - Pipeline Placement: can't place more pipeline on heavy datanode： ef17bb0f-3839-4724-ad21-94b92a6e25d3 Heaviness: 6 limit: 5
2019-09-25 04:49:23,415 [RatisPipelineUtilsThread] INFO  pipeline.PipelinePlacementPolicy (PipelinePlacementPolicy.java:meetCriteria(91)) - Pipeline Placement: can't place more pipeline on heavy datanode： 4a0ae61b-4689-46eb-b962-7605c7f95abd Heaviness: 6 limit: 5
2019-09-25 04:49:23,415 [RatisPipelineUtilsThread] INFO  pipeline.PipelinePlacementPolicy (PipelinePlacementPolicy.java:meetCriteria(91)) - Pipeline Placement: can't place more pipeline on heavy datanode： 778daabb-04ae-41de-8067-bd0724312da7 Heaviness: 6 limit: 5
2019-09-25 04:49:23,415 [RatisPipelineUtilsThread] INFO  pipeline.PipelinePlacementPolicy (PipelinePlacementPolicy.java:meetCriteria(91)) - Pipeline Placement: can't place more pipeline on heavy datanode： 4900d303-9ac7-4a86-9389-d77749add813 Heaviness: 6 limit: 5
2019-09-25 04:49:23,415 [3875a0db-bcd0-4e93-a77c-33ac6d7b4cc5@group-D1987FF31FE4-SegmentedRaftLogWorker] INFO  segmented.SegmentedRaftLogWorker (SegmentedRaftLogWorker.java:execute(569)) - 3875a0db-bcd0-4e93-a77c-33ac6d7b4cc5@group-D1987FF31FE4-SegmentedRaftLogWorker: created new log segment /workdir/hadoop-ozone/integration-test/target/test-dir/MiniOzoneClusterImpl-73e7cd3e-72db-4213-b677-28bfbd198772/datanode-5/data/ratis/c26cbdba-6c28-416b-8008-d1987ff31fe4/current/log_inprogress_0
2019-09-25 04:49:23,415 [RatisPipelineUtilsThread] INFO  pipeline.PipelinePlacementPolicy (PipelinePlacementPolicy.java:meetCriteria(91)) - Pipeline Placement: can't place more pipeline on heavy datanode： 3875a0db-bcd0-4e93-a77c-33ac6d7b4cc5 Heaviness: 6 limit: 5
2019-09-25 04:49:23,416 [RatisPipelineUtilsThread] INFO  pipeline.PipelinePlacementPolicy (PipelinePlacementPolicy.java:meetCriteria(91)) - Pipeline Placement: can't place more pipeline on heavy datanode： fcf37978-6168-4314-87d6-0e8a7c1fc6e1 Heaviness: 6 limit: 5
2019-09-25 04:49:23,416 [RatisPipelineUtilsThread] INFO  pipeline.PipelinePlacementPolicy (PipelinePlacementPolicy.java:meetCriteria(91)) - Pipeline Placement: can't place more pipeline on heavy datanode： eccaf005-8169-4dfc-be1f-8981a011c66c Heaviness: 6 limit: 5
2019-09-25 04:49:23,416 [RatisPipelineUtilsThread] INFO  pipeline.PipelinePlacementPolicy (PipelinePlacementPolicy.java:meetCriteria(91)) - Pipeline Placement: can't place more pipeline on heavy datanode： ef95e979-b818-4083-9289-18188944726b Heaviness: 6 limit: 5
2019-09-25 04:49:23,416 [RatisPipelineUtilsThread] INFO  pipeline.PipelinePlacementPolicy (PipelinePlacementPolicy.java:meetCriteria(91)) - Pipeline Placement: can't place more pipeline on heavy datanode： 2f00ca3a-f523-476d-a77d-69389bdf1595 Heaviness: 6 limit: 5
2019-09-25 04:49:23,416 [RatisPipelineUtilsThread] INFO  pipeline.PipelinePlacementPolicy (PipelinePlacementPolicy.java:meetCriteria(91)) - Pipeline Placement: can't place more pipeline on heavy datanode： 0deae85c-a16a-4311-a0af-934f501df2cc Heaviness: 6 limit: 5
2019-09-25 04:49:23,417 [RatisPipelineUtilsThread] ERROR pipeline.PipelinePlacementPolicy (PipelinePlacementPolicy.java:filterViableNodes(148)) - Unable to find enough nodes that meet the criteria that cannot engage in more than 5 pipelines. Nodes required: 1 Found: 0, healthy nodes count inNodeManager: 10.
2019-09-25 04:49:23,419 [RatisPipelineUtilsThread] ERROR pipeline.SCMPipelineManager (SCMPipelineManager.java:createPipeline(167)) - Pipeline creation failed.
org.apache.hadoop.hdds.scm.exceptions.SCMException: Unable to find enough nodes that meet the criteria that cannot engage in more than 5 pipelines. Nodes required: 1 Found: 0, healthy nodes count inNodeManager: 10.
	at org.apache.hadoop.hdds.scm.pipeline.PipelinePlacementPolicy.filterViableNodes(PipelinePlacementPolicy.java:149)
	at org.apache.hadoop.hdds.scm.pipeline.PipelinePlacementPolicy.chooseDatanodes(PipelinePlacementPolicy.java:172)
	at org.apache.hadoop.hdds.scm.pipeline.RatisPipelineProvider.create(RatisPipelineProvider.java:93)
	at org.apache.hadoop.hdds.scm.pipeline.PipelineFactory.create(PipelineFactory.java:58)
	at org.apache.hadoop.hdds.scm.pipeline.SCMPipelineManager.createPipeline(SCMPipelineManager.java:155)
	at org.apache.hadoop.hdds.scm.pipeline.BackgroundPipelineCreator.createPipelines(BackgroundPipelineCreator.java:99)
	at java.util.concurrent.Executors$RunnableAdapter.call(Executors.java:511)
	at java.util.concurrent.FutureTask.run(FutureTask.java:266)
	at java.util.concurrent.ScheduledThreadPoolExecutor$ScheduledFutureTask.access$201(ScheduledThreadPoolExecutor.java:180)
	at java.util.concurrent.ScheduledThreadPoolExecutor$ScheduledFutureTask.run(ScheduledThreadPoolExecutor.java:293)
	at java.util.concurrent.ThreadPoolExecutor.runWorker(ThreadPoolExecutor.java:1149)
	at java.util.concurrent.ThreadPoolExecutor$Worker.run(ThreadPoolExecutor.java:624)
	at java.lang.Thread.run(Thread.java:748)
2019-09-25 04:49:23,422 [RatisPipelineUtilsThread] INFO  pipeline.PipelinePlacementPolicy (PipelinePlacementPolicy.java:meetCriteria(91)) - Pipeline Placement: can't place more pipeline on heavy datanode： ef17bb0f-3839-4724-ad21-94b92a6e25d3 Heaviness: 6 limit: 5
2019-09-25 04:49:23,422 [RatisPipelineUtilsThread] INFO  pipeline.PipelinePlacementPolicy (PipelinePlacementPolicy.java:meetCriteria(91)) - Pipeline Placement: can't place more pipeline on heavy datanode： 4a0ae61b-4689-46eb-b962-7605c7f95abd Heaviness: 6 limit: 5
2019-09-25 04:49:23,422 [RatisPipelineUtilsThread] INFO  pipeline.PipelinePlacementPolicy (PipelinePlacementPolicy.java:meetCriteria(91)) - Pipeline Placement: can't place more pipeline on heavy datanode： 778daabb-04ae-41de-8067-bd0724312da7 Heaviness: 6 limit: 5
2019-09-25 04:49:23,422 [RatisPipelineUtilsThread] INFO  pipeline.PipelinePlacementPolicy (PipelinePlacementPolicy.java:meetCriteria(91)) - Pipeline Placement: can't place more pipeline on heavy datanode： 4900d303-9ac7-4a86-9389-d77749add813 Heaviness: 6 limit: 5
2019-09-25 04:49:23,422 [RatisPipelineUtilsThread] INFO  pipeline.PipelinePlacementPolicy (PipelinePlacementPolicy.java:meetCriteria(91)) - Pipeline Placement: can't place more pipeline on heavy datanode： 3875a0db-bcd0-4e93-a77c-33ac6d7b4cc5 Heaviness: 6 limit: 5
2019-09-25 04:49:23,422 [RatisPipelineUtilsThread] INFO  pipeline.PipelinePlacementPolicy (PipelinePlacementPolicy.java:meetCriteria(91)) - Pipeline Placement: can't place more pipeline on heavy datanode： fcf37978-6168-4314-87d6-0e8a7c1fc6e1 Heaviness: 6 limit: 5
2019-09-25 04:49:23,423 [RatisPipelineUtilsThread] INFO  pipeline.PipelinePlacementPolicy (PipelinePlacementPolicy.java:meetCriteria(91)) - Pipeline Placement: can't place more pipeline on heavy datanode： eccaf005-8169-4dfc-be1f-8981a011c66c Heaviness: 6 limit: 5
2019-09-25 04:49:23,423 [RatisPipelineUtilsThread] INFO  pipeline.PipelinePlacementPolicy (PipelinePlacementPolicy.java:meetCriteria(91)) - Pipeline Placement: can't place more pipeline on heavy datanode： ef95e979-b818-4083-9289-18188944726b Heaviness: 6 limit: 5
2019-09-25 04:49:23,423 [RatisPipelineUtilsThread] INFO  pipeline.PipelinePlacementPolicy (PipelinePlacementPolicy.java:meetCriteria(91)) - Pipeline Placement: can't place more pipeline on heavy datanode： 2f00ca3a-f523-476d-a77d-69389bdf1595 Heaviness: 6 limit: 5
2019-09-25 04:49:23,423 [RatisPipelineUtilsThread] INFO  pipeline.PipelinePlacementPolicy (PipelinePlacementPolicy.java:meetCriteria(91)) - Pipeline Placement: can't place more pipeline on heavy datanode： 0deae85c-a16a-4311-a0af-934f501df2cc Heaviness: 6 limit: 5
2019-09-25 04:49:23,423 [RatisPipelineUtilsThread] ERROR pipeline.PipelinePlacementPolicy (PipelinePlacementPolicy.java:filterViableNodes(148)) - Unable to find enough nodes that meet the criteria that cannot engage in more than 5 pipelines. Nodes required: 3 Found: 0, healthy nodes count inNodeManager: 10.
2019-09-25 04:49:23,424 [RatisPipelineUtilsThread] ERROR pipeline.SCMPipelineManager (SCMPipelineManager.java:createPipeline(167)) - Pipeline creation failed.
org.apache.hadoop.hdds.scm.exceptions.SCMException: Unable to find enough nodes that meet the criteria that cannot engage in more than 5 pipelines. Nodes required: 3 Found: 0, healthy nodes count inNodeManager: 10.
	at org.apache.hadoop.hdds.scm.pipeline.PipelinePlacementPolicy.filterViableNodes(PipelinePlacementPolicy.java:149)
	at org.apache.hadoop.hdds.scm.pipeline.PipelinePlacementPolicy.chooseDatanodes(PipelinePlacementPolicy.java:172)
	at org.apache.hadoop.hdds.scm.pipeline.RatisPipelineProvider.create(RatisPipelineProvider.java:93)
	at org.apache.hadoop.hdds.scm.pipeline.PipelineFactory.create(PipelineFactory.java:58)
	at org.apache.hadoop.hdds.scm.pipeline.SCMPipelineManager.createPipeline(SCMPipelineManager.java:155)
	at org.apache.hadoop.hdds.scm.pipeline.BackgroundPipelineCreator.createPipelines(BackgroundPipelineCreator.java:99)
	at java.util.concurrent.Executors$RunnableAdapter.call(Executors.java:511)
	at java.util.concurrent.FutureTask.run(FutureTask.java:266)
	at java.util.concurrent.ScheduledThreadPoolExecutor$ScheduledFutureTask.access$201(ScheduledThreadPoolExecutor.java:180)
	at java.util.concurrent.ScheduledThreadPoolExecutor$ScheduledFutureTask.run(ScheduledThreadPoolExecutor.java:293)
	at java.util.concurrent.ThreadPoolExecutor.runWorker(ThreadPoolExecutor.java:1149)
	at java.util.concurrent.ThreadPoolExecutor$Worker.run(ThreadPoolExecutor.java:624)
	at java.lang.Thread.run(Thread.java:748)
2019-09-25 04:49:23,425 [RatisPipelineUtilsThread] INFO  pipeline.PipelinePlacementPolicy (PipelinePlacementPolicy.java:meetCriteria(91)) - Pipeline Placement: can't place more pipeline on heavy datanode： ef17bb0f-3839-4724-ad21-94b92a6e25d3 Heaviness: 6 limit: 5
2019-09-25 04:49:23,425 [RatisPipelineUtilsThread] INFO  pipeline.PipelinePlacementPolicy (PipelinePlacementPolicy.java:meetCriteria(91)) - Pipeline Placement: can't place more pipeline on heavy datanode： 4a0ae61b-4689-46eb-b962-7605c7f95abd Heaviness: 6 limit: 5
2019-09-25 04:49:23,426 [RatisPipelineUtilsThread] INFO  pipeline.PipelinePlacementPolicy (PipelinePlacementPolicy.java:meetCriteria(91)) - Pipeline Placement: can't place more pipeline on heavy datanode： 778daabb-04ae-41de-8067-bd0724312da7 Heaviness: 6 limit: 5
2019-09-25 04:49:23,426 [RatisPipelineUtilsThread] INFO  pipeline.PipelinePlacementPolicy (PipelinePlacementPolicy.java:meetCriteria(91)) - Pipeline Placement: can't place more pipeline on heavy datanode： 4900d303-9ac7-4a86-9389-d77749add813 Heaviness: 6 limit: 5
2019-09-25 04:49:23,426 [RatisPipelineUtilsThread] INFO  pipeline.PipelinePlacementPolicy (PipelinePlacementPolicy.java:meetCriteria(91)) - Pipeline Placement: can't place more pipeline on heavy datanode： 3875a0db-bcd0-4e93-a77c-33ac6d7b4cc5 Heaviness: 6 limit: 5
2019-09-25 04:49:23,426 [RatisPipelineUtilsThread] INFO  pipeline.PipelinePlacementPolicy (PipelinePlacementPolicy.java:meetCriteria(91)) - Pipeline Placement: can't place more pipeline on heavy datanode： fcf37978-6168-4314-87d6-0e8a7c1fc6e1 Heaviness: 6 limit: 5
2019-09-25 04:49:23,426 [RatisPipelineUtilsThread] INFO  pipeline.PipelinePlacementPolicy (PipelinePlacementPolicy.java:meetCriteria(91)) - Pipeline Placement: can't place more pipeline on heavy datanode： eccaf005-8169-4dfc-be1f-8981a011c66c Heaviness: 6 limit: 5
2019-09-25 04:49:23,427 [RatisPipelineUtilsThread] INFO  pipeline.PipelinePlacementPolicy (PipelinePlacementPolicy.java:meetCriteria(91)) - Pipeline Placement: can't place more pipeline on heavy datanode： ef95e979-b818-4083-9289-18188944726b Heaviness: 6 limit: 5
2019-09-25 04:49:23,427 [RatisPipelineUtilsThread] INFO  pipeline.PipelinePlacementPolicy (PipelinePlacementPolicy.java:meetCriteria(91)) - Pipeline Placement: can't place more pipeline on heavy datanode： 2f00ca3a-f523-476d-a77d-69389bdf1595 Heaviness: 6 limit: 5
2019-09-25 04:49:23,427 [RatisPipelineUtilsThread] INFO  pipeline.PipelinePlacementPolicy (PipelinePlacementPolicy.java:meetCriteria(91)) - Pipeline Placement: can't place more pipeline on heavy datanode： 0deae85c-a16a-4311-a0af-934f501df2cc Heaviness: 6 limit: 5
2019-09-25 04:49:23,427 [RatisPipelineUtilsThread] ERROR pipeline.PipelinePlacementPolicy (PipelinePlacementPolicy.java:filterViableNodes(148)) - Unable to find enough nodes that meet the criteria that cannot engage in more than 5 pipelines. Nodes required: 1 Found: 0, healthy nodes count inNodeManager: 10.
2019-09-25 04:49:23,427 [RatisPipelineUtilsThread] ERROR pipeline.SCMPipelineManager (SCMPipelineManager.java:createPipeline(167)) - Pipeline creation failed.
org.apache.hadoop.hdds.scm.exceptions.SCMException: Unable to find enough nodes that meet the criteria that cannot engage in more than 5 pipelines. Nodes required: 1 Found: 0, healthy nodes count inNodeManager: 10.
	at org.apache.hadoop.hdds.scm.pipeline.PipelinePlacementPolicy.filterViableNodes(PipelinePlacementPolicy.java:149)
	at org.apache.hadoop.hdds.scm.pipeline.PipelinePlacementPolicy.chooseDatanodes(PipelinePlacementPolicy.java:172)
	at org.apache.hadoop.hdds.scm.pipeline.RatisPipelineProvider.create(RatisPipelineProvider.java:93)
	at org.apache.hadoop.hdds.scm.pipeline.PipelineFactory.create(PipelineFactory.java:58)
	at org.apache.hadoop.hdds.scm.pipeline.SCMPipelineManager.createPipeline(SCMPipelineManager.java:155)
	at org.apache.hadoop.hdds.scm.pipeline.BackgroundPipelineCreator.createPipelines(BackgroundPipelineCreator.java:99)
	at org.apache.hadoop.hdds.scm.pipeline.BackgroundPipelineCreator.lambda$startFixedIntervalPipelineCreator$0(BackgroundPipelineCreator.java:70)
	at java.util.concurrent.Executors$RunnableAdapter.call(Executors.java:511)
	at java.util.concurrent.FutureTask.runAndReset(FutureTask.java:308)
	at java.util.concurrent.ScheduledThreadPoolExecutor$ScheduledFutureTask.access$301(ScheduledThreadPoolExecutor.java:180)
	at java.util.concurrent.ScheduledThreadPoolExecutor$ScheduledFutureTask.run(ScheduledThreadPoolExecutor.java:294)
	at java.util.concurrent.ThreadPoolExecutor.runWorker(ThreadPoolExecutor.java:1149)
	at java.util.concurrent.ThreadPoolExecutor$Worker.run(ThreadPoolExecutor.java:624)
	at java.lang.Thread.run(Thread.java:748)
2019-09-25 04:49:23,428 [RatisPipelineUtilsThread] INFO  pipeline.PipelinePlacementPolicy (PipelinePlacementPolicy.java:meetCriteria(91)) - Pipeline Placement: can't place more pipeline on heavy datanode： ef17bb0f-3839-4724-ad21-94b92a6e25d3 Heaviness: 6 limit: 5
2019-09-25 04:49:23,428 [RatisPipelineUtilsThread] INFO  pipeline.PipelinePlacementPolicy (PipelinePlacementPolicy.java:meetCriteria(91)) - Pipeline Placement: can't place more pipeline on heavy datanode： 4a0ae61b-4689-46eb-b962-7605c7f95abd Heaviness: 6 limit: 5
2019-09-25 04:49:23,428 [RatisPipelineUtilsThread] INFO  pipeline.PipelinePlacementPolicy (PipelinePlacementPolicy.java:meetCriteria(91)) - Pipeline Placement: can't place more pipeline on heavy datanode： 778daabb-04ae-41de-8067-bd0724312da7 Heaviness: 6 limit: 5
2019-09-25 04:49:23,428 [RatisPipelineUtilsThread] INFO  pipeline.PipelinePlacementPolicy (PipelinePlacementPolicy.java:meetCriteria(91)) - Pipeline Placement: can't place more pipeline on heavy datanode： 4900d303-9ac7-4a86-9389-d77749add813 Heaviness: 6 limit: 5
2019-09-25 04:49:23,428 [RatisPipelineUtilsThread] INFO  pipeline.PipelinePlacementPolicy (PipelinePlacementPolicy.java:meetCriteria(91)) - Pipeline Placement: can't place more pipeline on heavy datanode： 3875a0db-bcd0-4e93-a77c-33ac6d7b4cc5 Heaviness: 6 limit: 5
2019-09-25 04:49:23,429 [RatisPipelineUtilsThread] INFO  pipeline.PipelinePlacementPolicy (PipelinePlacementPolicy.java:meetCriteria(91)) - Pipeline Placement: can't place more pipeline on heavy datanode： fcf37978-6168-4314-87d6-0e8a7c1fc6e1 Heaviness: 6 limit: 5
2019-09-25 04:49:23,429 [RatisPipelineUtilsThread] INFO  pipeline.PipelinePlacementPolicy (PipelinePlacementPolicy.java:meetCriteria(91)) - Pipeline Placement: can't place more pipeline on heavy datanode： eccaf005-8169-4dfc-be1f-8981a011c66c Heaviness: 6 limit: 5
2019-09-25 04:49:23,429 [RatisPipelineUtilsThread] INFO  pipeline.PipelinePlacementPolicy (PipelinePlacementPolicy.java:meetCriteria(91)) - Pipeline Placement: can't place more pipeline on heavy datanode： ef95e979-b818-4083-9289-18188944726b Heaviness: 6 limit: 5
2019-09-25 04:49:23,429 [RatisPipelineUtilsThread] INFO  pipeline.PipelinePlacementPolicy (PipelinePlacementPolicy.java:meetCriteria(91)) - Pipeline Placement: can't place more pipeline on heavy datanode： 2f00ca3a-f523-476d-a77d-69389bdf1595 Heaviness: 6 limit: 5
2019-09-25 04:49:23,429 [RatisPipelineUtilsThread] INFO  pipeline.PipelinePlacementPolicy (PipelinePlacementPolicy.java:meetCriteria(91)) - Pipeline Placement: can't place more pipeline on heavy datanode： 0deae85c-a16a-4311-a0af-934f501df2cc Heaviness: 6 limit: 5
2019-09-25 04:49:23,429 [RatisPipelineUtilsThread] ERROR pipeline.PipelinePlacementPolicy (PipelinePlacementPolicy.java:filterViableNodes(148)) - Unable to find enough nodes that meet the criteria that cannot engage in more than 5 pipelines. Nodes required: 3 Found: 0, healthy nodes count inNodeManager: 10.
2019-09-25 04:49:23,429 [RatisPipelineUtilsThread] ERROR pipeline.SCMPipelineManager (SCMPipelineManager.java:createPipeline(167)) - Pipeline creation failed.
org.apache.hadoop.hdds.scm.exceptions.SCMException: Unable to find enough nodes that meet the criteria that cannot engage in more than 5 pipelines. Nodes required: 3 Found: 0, healthy nodes count inNodeManager: 10.
	at org.apache.hadoop.hdds.scm.pipeline.PipelinePlacementPolicy.filterViableNodes(PipelinePlacementPolicy.java:149)
	at org.apache.hadoop.hdds.scm.pipeline.PipelinePlacementPolicy.chooseDatanodes(PipelinePlacementPolicy.java:172)
	at org.apache.hadoop.hdds.scm.pipeline.RatisPipelineProvider.create(RatisPipelineProvider.java:93)
	at org.apache.hadoop.hdds.scm.pipeline.PipelineFactory.create(PipelineFactory.java:58)
	at org.apache.hadoop.hdds.scm.pipeline.SCMPipelineManager.createPipeline(SCMPipelineManager.java:155)
	at org.apache.hadoop.hdds.scm.pipeline.BackgroundPipelineCreator.createPipelines(BackgroundPipelineCreator.java:99)
	at org.apache.hadoop.hdds.scm.pipeline.BackgroundPipelineCreator.lambda$startFixedIntervalPipelineCreator$0(BackgroundPipelineCreator.java:70)
	at java.util.concurrent.Executors$RunnableAdapter.call(Executors.java:511)
	at java.util.concurrent.FutureTask.runAndReset(FutureTask.java:308)
	at java.util.concurrent.ScheduledThreadPoolExecutor$ScheduledFutureTask.access$301(ScheduledThreadPoolExecutor.java:180)
	at java.util.concurrent.ScheduledThreadPoolExecutor$ScheduledFutureTask.run(ScheduledThreadPoolExecutor.java:294)
	at java.util.concurrent.ThreadPoolExecutor.runWorker(ThreadPoolExecutor.java:1149)
	at java.util.concurrent.ThreadPoolExecutor$Worker.run(ThreadPoolExecutor.java:624)
	at java.lang.Thread.run(Thread.java:748)
2019-09-25 04:49:23,430 [IPC Server handler 0 on 33184] INFO  pipeline.PipelinePlacementPolicy (PipelinePlacementPolicy.java:meetCriteria(91)) - Pipeline Placement: can't place more pipeline on heavy datanode： ef17bb0f-3839-4724-ad21-94b92a6e25d3 Heaviness: 6 limit: 5
2019-09-25 04:49:23,430 [IPC Server handler 0 on 33184] INFO  pipeline.PipelinePlacementPolicy (PipelinePlacementPolicy.java:meetCriteria(91)) - Pipeline Placement: can't place more pipeline on heavy datanode： 4a0ae61b-4689-46eb-b962-7605c7f95abd Heaviness: 6 limit: 5
2019-09-25 04:49:23,430 [IPC Server handler 0 on 33184] INFO  pipeline.PipelinePlacementPolicy (PipelinePlacementPolicy.java:meetCriteria(91)) - Pipeline Placement: can't place more pipeline on heavy datanode： 778daabb-04ae-41de-8067-bd0724312da7 Heaviness: 6 limit: 5
2019-09-25 04:49:23,430 [IPC Server handler 0 on 33184] INFO  pipeline.PipelinePlacementPolicy (PipelinePlacementPolicy.java:meetCriteria(91)) - Pipeline Placement: can't place more pipeline on heavy datanode： 4900d303-9ac7-4a86-9389-d77749add813 Heaviness: 6 limit: 5
2019-09-25 04:49:23,431 [IPC Server handler 0 on 33184] INFO  pipeline.PipelinePlacementPolicy (PipelinePlacementPolicy.java:meetCriteria(91)) - Pipeline Placement: can't place more pipeline on heavy datanode： 3875a0db-bcd0-4e93-a77c-33ac6d7b4cc5 Heaviness: 6 limit: 5
2019-09-25 04:49:23,431 [IPC Server handler 0 on 33184] INFO  pipeline.PipelinePlacementPolicy (PipelinePlacementPolicy.java:meetCriteria(91)) - Pipeline Placement: can't place more pipeline on heavy datanode： fcf37978-6168-4314-87d6-0e8a7c1fc6e1 Heaviness: 6 limit: 5
2019-09-25 04:49:23,431 [IPC Server handler 0 on 33184] INFO  pipeline.PipelinePlacementPolicy (PipelinePlacementPolicy.java:meetCriteria(91)) - Pipeline Placement: can't place more pipeline on heavy datanode： eccaf005-8169-4dfc-be1f-8981a011c66c Heaviness: 6 limit: 5
2019-09-25 04:49:23,431 [IPC Server handler 0 on 33184] INFO  pipeline.PipelinePlacementPolicy (PipelinePlacementPolicy.java:meetCriteria(91)) - Pipeline Placement: can't place more pipeline on heavy datanode： ef95e979-b818-4083-9289-18188944726b Heaviness: 6 limit: 5
2019-09-25 04:49:23,431 [IPC Server handler 0 on 33184] INFO  pipeline.PipelinePlacementPolicy (PipelinePlacementPolicy.java:meetCriteria(91)) - Pipeline Placement: can't place more pipeline on heavy datanode： 2f00ca3a-f523-476d-a77d-69389bdf1595 Heaviness: 6 limit: 5
2019-09-25 04:49:23,431 [IPC Server handler 0 on 33184] INFO  pipeline.PipelinePlacementPolicy (PipelinePlacementPolicy.java:meetCriteria(91)) - Pipeline Placement: can't place more pipeline on heavy datanode： 0deae85c-a16a-4311-a0af-934f501df2cc Heaviness: 6 limit: 5
2019-09-25 04:49:23,432 [IPC Server handler 0 on 33184] ERROR pipeline.PipelinePlacementPolicy (PipelinePlacementPolicy.java:filterViableNodes(148)) - Unable to find enough nodes that meet the criteria that cannot engage in more than 5 pipelines. Nodes required: 3 Found: 0, healthy nodes count inNodeManager: 10.
2019-09-25 04:49:23,432 [IPC Server handler 0 on 33184] ERROR pipeline.SCMPipelineManager (SCMPipelineManager.java:createPipeline(167)) - Pipeline creation failed.
org.apache.hadoop.hdds.scm.exceptions.SCMException: Unable to find enough nodes that meet the criteria that cannot engage in more than 5 pipelines. Nodes required: 3 Found: 0, healthy nodes count inNodeManager: 10.
	at org.apache.hadoop.hdds.scm.pipeline.PipelinePlacementPolicy.filterViableNodes(PipelinePlacementPolicy.java:149)
	at org.apache.hadoop.hdds.scm.pipeline.PipelinePlacementPolicy.chooseDatanodes(PipelinePlacementPolicy.java:172)
	at org.apache.hadoop.hdds.scm.pipeline.RatisPipelineProvider.create(RatisPipelineProvider.java:93)
	at org.apache.hadoop.hdds.scm.pipeline.PipelineFactory.create(PipelineFactory.java:58)
	at org.apache.hadoop.hdds.scm.pipeline.SCMPipelineManager.createPipeline(SCMPipelineManager.java:155)
	at org.apache.hadoop.hdds.scm.block.BlockManagerImpl.allocateBlock(BlockManagerImpl.java:190)
	at org.apache.hadoop.hdds.scm.server.SCMBlockProtocolServer.allocateBlock(SCMBlockProtocolServer.java:182)
	at org.apache.hadoop.ozone.protocolPB.ScmBlockLocationProtocolServerSideTranslatorPB.allocateScmBlock(ScmBlockLocationProtocolServerSideTranslatorPB.java:183)
	at org.apache.hadoop.ozone.protocolPB.ScmBlockLocationProtocolServerSideTranslatorPB.processMessage(ScmBlockLocationProtocolServerSideTranslatorPB.java:141)
	at org.apache.hadoop.ozone.protocolPB.ScmBlockLocationProtocolServerSideTranslatorPB.send(ScmBlockLocationProtocolServerSideTranslatorPB.java:116)
	at org.apache.hadoop.hdds.protocol.proto.ScmBlockLocationProtocolProtos$ScmBlockLocationProtocolService$2.callBlockingMethod(ScmBlockLocationProtocolProtos.java:13157)
	at org.apache.hadoop.ipc.ProtobufRpcEngine$Server$ProtoBufRpcInvoker.call(ProtobufRpcEngine.java:524)
	at org.apache.hadoop.ipc.RPC$Server.call(RPC.java:1025)
	at org.apache.hadoop.ipc.Server$RpcCall.run(Server.java:876)
	at org.apache.hadoop.ipc.Server$RpcCall.run(Server.java:822)
	at java.security.AccessController.doPrivileged(Native Method)
	at javax.security.auth.Subject.doAs(Subject.java:422)
	at org.apache.hadoop.security.UserGroupInformation.doAs(UserGroupInformation.java:1730)
	at org.apache.hadoop.ipc.Server$Handler.run(Server.java:2682)
2019-09-25 04:49:23,432 [IPC Server handler 0 on 33184] WARN  block.BlockManagerImpl (BlockManagerImpl.java:allocateBlock(192)) - Pipeline creation failed for type:RATIS factor:THREE. Retrying get pipelines call once.
org.apache.hadoop.hdds.scm.exceptions.SCMException: Unable to find enough nodes that meet the criteria that cannot engage in more than 5 pipelines. Nodes required: 3 Found: 0, healthy nodes count inNodeManager: 10.
	at org.apache.hadoop.hdds.scm.pipeline.PipelinePlacementPolicy.filterViableNodes(PipelinePlacementPolicy.java:149)
	at org.apache.hadoop.hdds.scm.pipeline.PipelinePlacementPolicy.chooseDatanodes(PipelinePlacementPolicy.java:172)
	at org.apache.hadoop.hdds.scm.pipeline.RatisPipelineProvider.create(RatisPipelineProvider.java:93)
	at org.apache.hadoop.hdds.scm.pipeline.PipelineFactory.create(PipelineFactory.java:58)
	at org.apache.hadoop.hdds.scm.pipeline.SCMPipelineManager.createPipeline(SCMPipelineManager.java:155)
	at org.apache.hadoop.hdds.scm.block.BlockManagerImpl.allocateBlock(BlockManagerImpl.java:190)
	at org.apache.hadoop.hdds.scm.server.SCMBlockProtocolServer.allocateBlock(SCMBlockProtocolServer.java:182)
	at org.apache.hadoop.ozone.protocolPB.ScmBlockLocationProtocolServerSideTranslatorPB.allocateScmBlock(ScmBlockLocationProtocolServerSideTranslatorPB.java:183)
	at org.apache.hadoop.ozone.protocolPB.ScmBlockLocationProtocolServerSideTranslatorPB.processMessage(ScmBlockLocationProtocolServerSideTranslatorPB.java:141)
	at org.apache.hadoop.ozone.protocolPB.ScmBlockLocationProtocolServerSideTranslatorPB.send(ScmBlockLocationProtocolServerSideTranslatorPB.java:116)
	at org.apache.hadoop.hdds.protocol.proto.ScmBlockLocationProtocolProtos$ScmBlockLocationProtocolService$2.callBlockingMethod(ScmBlockLocationProtocolProtos.java:13157)
	at org.apache.hadoop.ipc.ProtobufRpcEngine$Server$ProtoBufRpcInvoker.call(ProtobufRpcEngine.java:524)
	at org.apache.hadoop.ipc.RPC$Server.call(RPC.java:1025)
	at org.apache.hadoop.ipc.Server$RpcCall.run(Server.java:876)
	at org.apache.hadoop.ipc.Server$RpcCall.run(Server.java:822)
	at java.security.AccessController.doPrivileged(Native Method)
	at javax.security.auth.Subject.doAs(Subject.java:422)
	at org.apache.hadoop.security.UserGroupInformation.doAs(UserGroupInformation.java:1730)
	at org.apache.hadoop.ipc.Server$Handler.run(Server.java:2682)
2019-09-25 04:49:23,433 [IPC Server handler 0 on 33184] INFO  block.BlockManagerImpl (BlockManagerImpl.java:allocateBlock(198)) - Could not find available pipeline of type:RATIS and factor:THREE even after retrying
2019-09-25 04:49:23,433 [IPC Server handler 0 on 33184] ERROR block.BlockManagerImpl (BlockManagerImpl.java:allocateBlock(222)) - Unable to allocate a block for the size: 4194304, type: RATIS, factor: THREE
2019-09-25 04:49:23,433 [IPC Server handler 0 on 33184] INFO  pipeline.PipelinePlacementPolicy (PipelinePlacementPolicy.java:meetCriteria(91)) - Pipeline Placement: can't place more pipeline on heavy datanode： ef17bb0f-3839-4724-ad21-94b92a6e25d3 Heaviness: 6 limit: 5
2019-09-25 04:49:23,434 [IPC Server handler 0 on 33184] INFO  pipeline.PipelinePlacementPolicy (PipelinePlacementPolicy.java:meetCriteria(91)) - Pipeline Placement: can't place more pipeline on heavy datanode： 4a0ae61b-4689-46eb-b962-7605c7f95abd Heaviness: 6 limit: 5
2019-09-25 04:49:23,434 [IPC Server handler 0 on 33184] INFO  pipeline.PipelinePlacementPolicy (PipelinePlacementPolicy.java:meetCriteria(91)) - Pipeline Placement: can't place more pipeline on heavy datanode： 778daabb-04ae-41de-8067-bd0724312da7 Heaviness: 6 limit: 5
2019-09-25 04:49:23,434 [IPC Server handler 0 on 33184] INFO  pipeline.PipelinePlacementPolicy (PipelinePlacementPolicy.java:meetCriteria(91)) - Pipeline Placement: can't place more pipeline on heavy datanode： 4900d303-9ac7-4a86-9389-d77749add813 Heaviness: 6 limit: 5
2019-09-25 04:49:23,434 [IPC Server handler 0 on 33184] INFO  pipeline.PipelinePlacementPolicy (PipelinePlacementPolicy.java:meetCriteria(91)) - Pipeline Placement: can't place more pipeline on heavy datanode： 3875a0db-bcd0-4e93-a77c-33ac6d7b4cc5 Heaviness: 6 limit: 5
2019-09-25 04:49:23,434 [IPC Server handler 0 on 33184] INFO  pipeline.PipelinePlacementPolicy (PipelinePlacementPolicy.java:meetCriteria(91)) - Pipeline Placement: can't place more pipeline on heavy datanode： fcf37978-6168-4314-87d6-0e8a7c1fc6e1 Heaviness: 6 limit: 5
2019-09-25 04:49:23,434 [IPC Server handler 0 on 33184] INFO  pipeline.PipelinePlacementPolicy (PipelinePlacementPolicy.java:meetCriteria(91)) - Pipeline Placement: can't place more pipeline on heavy datanode： eccaf005-8169-4dfc-be1f-8981a011c66c Heaviness: 6 limit: 5
2019-09-25 04:49:23,435 [IPC Server handler 0 on 33184] INFO  pipeline.PipelinePlacementPolicy (PipelinePlacementPolicy.java:meetCriteria(91)) - Pipeline Placement: can't place more pipeline on heavy datanode： ef95e979-b818-4083-9289-18188944726b Heaviness: 6 limit: 5
2019-09-25 04:49:23,435 [IPC Server handler 0 on 33184] INFO  pipeline.PipelinePlacementPolicy (PipelinePlacementPolicy.java:meetCriteria(91)) - Pipeline Placement: can't place more pipeline on heavy datanode： 2f00ca3a-f523-476d-a77d-69389bdf1595 Heaviness: 6 limit: 5
2019-09-25 04:49:23,435 [IPC Server handler 0 on 33184] INFO  pipeline.PipelinePlacementPolicy (PipelinePlacementPolicy.java:meetCriteria(91)) - Pipeline Placement: can't place more pipeline on heavy datanode： 0deae85c-a16a-4311-a0af-934f501df2cc Heaviness: 6 limit: 5
2019-09-25 04:49:23,435 [IPC Server handler 0 on 33184] ERROR pipeline.PipelinePlacementPolicy (PipelinePlacementPolicy.java:filterViableNodes(148)) - Unable to find enough nodes that meet the criteria that cannot engage in more than 5 pipelines. Nodes required: 3 Found: 0, healthy nodes count inNodeManager: 10.
2019-09-25 04:49:23,435 [IPC Server handler 0 on 33184] ERROR pipeline.SCMPipelineManager (SCMPipelineManager.java:createPipeline(167)) - Pipeline creation failed.
org.apache.hadoop.hdds.scm.exceptions.SCMException: Unable to find enough nodes that meet the criteria that cannot engage in more than 5 pipelines. Nodes required: 3 Found: 0, healthy nodes count inNodeManager: 10.
	at org.apache.hadoop.hdds.scm.pipeline.PipelinePlacementPolicy.filterViableNodes(PipelinePlacementPolicy.java:149)
	at org.apache.hadoop.hdds.scm.pipeline.PipelinePlacementPolicy.chooseDatanodes(PipelinePlacementPolicy.java:172)
	at org.apache.hadoop.hdds.scm.pipeline.RatisPipelineProvider.create(RatisPipelineProvider.java:93)
	at org.apache.hadoop.hdds.scm.pipeline.PipelineFactory.create(PipelineFactory.java:58)
	at org.apache.hadoop.hdds.scm.pipeline.SCMPipelineManager.createPipeline(SCMPipelineManager.java:155)
	at org.apache.hadoop.hdds.scm.block.BlockManagerImpl.allocateBlock(BlockManagerImpl.java:190)
	at org.apache.hadoop.hdds.scm.server.SCMBlockProtocolServer.allocateBlock(SCMBlockProtocolServer.java:182)
	at org.apache.hadoop.ozone.protocolPB.ScmBlockLocationProtocolServerSideTranslatorPB.allocateScmBlock(ScmBlockLocationProtocolServerSideTranslatorPB.java:183)
	at org.apache.hadoop.ozone.protocolPB.ScmBlockLocationProtocolServerSideTranslatorPB.processMessage(ScmBlockLocationProtocolServerSideTranslatorPB.java:141)
	at org.apache.hadoop.ozone.protocolPB.ScmBlockLocationProtocolServerSideTranslatorPB.send(ScmBlockLocationProtocolServerSideTranslatorPB.java:116)
	at org.apache.hadoop.hdds.protocol.proto.ScmBlockLocationProtocolProtos$ScmBlockLocationProtocolService$2.callBlockingMethod(ScmBlockLocationProtocolProtos.java:13157)
	at org.apache.hadoop.ipc.ProtobufRpcEngine$Server$ProtoBufRpcInvoker.call(ProtobufRpcEngine.java:524)
	at org.apache.hadoop.ipc.RPC$Server.call(RPC.java:1025)
	at org.apache.hadoop.ipc.Server$RpcCall.run(Server.java:876)
	at org.apache.hadoop.ipc.Server$RpcCall.run(Server.java:822)
	at java.security.AccessController.doPrivileged(Native Method)
	at javax.security.auth.Subject.doAs(Subject.java:422)
	at org.apache.hadoop.security.UserGroupInformation.doAs(UserGroupInformation.java:1730)
	at org.apache.hadoop.ipc.Server$Handler.run(Server.java:2682)
2019-09-25 04:49:23,436 [IPC Server handler 0 on 33184] WARN  block.BlockManagerImpl (BlockManagerImpl.java:allocateBlock(192)) - Pipeline creation failed for type:RATIS factor:THREE. Retrying get pipelines call once.
org.apache.hadoop.hdds.scm.exceptions.SCMException: Unable to find enough nodes that meet the criteria that cannot engage in more than 5 pipelines. Nodes required: 3 Found: 0, healthy nodes count inNodeManager: 10.
	at org.apache.hadoop.hdds.scm.pipeline.PipelinePlacementPolicy.filterViableNodes(PipelinePlacementPolicy.java:149)
	at org.apache.hadoop.hdds.scm.pipeline.PipelinePlacementPolicy.chooseDatanodes(PipelinePlacementPolicy.java:172)
	at org.apache.hadoop.hdds.scm.pipeline.RatisPipelineProvider.create(RatisPipelineProvider.java:93)
	at org.apache.hadoop.hdds.scm.pipeline.PipelineFactory.create(PipelineFactory.java:58)
	at org.apache.hadoop.hdds.scm.pipeline.SCMPipelineManager.createPipeline(SCMPipelineManager.java:155)
	at org.apache.hadoop.hdds.scm.block.BlockManagerImpl.allocateBlock(BlockManagerImpl.java:190)
	at org.apache.hadoop.hdds.scm.server.SCMBlockProtocolServer.allocateBlock(SCMBlockProtocolServer.java:182)
	at org.apache.hadoop.ozone.protocolPB.ScmBlockLocationProtocolServerSideTranslatorPB.allocateScmBlock(ScmBlockLocationProtocolServerSideTranslatorPB.java:183)
	at org.apache.hadoop.ozone.protocolPB.ScmBlockLocationProtocolServerSideTranslatorPB.processMessage(ScmBlockLocationProtocolServerSideTranslatorPB.java:141)
	at org.apache.hadoop.ozone.protocolPB.ScmBlockLocationProtocolServerSideTranslatorPB.send(ScmBlockLocationProtocolServerSideTranslatorPB.java:116)
	at org.apache.hadoop.hdds.protocol.proto.ScmBlockLocationProtocolProtos$ScmBlockLocationProtocolService$2.callBlockingMethod(ScmBlockLocationProtocolProtos.java:13157)
	at org.apache.hadoop.ipc.ProtobufRpcEngine$Server$ProtoBufRpcInvoker.call(ProtobufRpcEngine.java:524)
	at org.apache.hadoop.ipc.RPC$Server.call(RPC.java:1025)
	at org.apache.hadoop.ipc.Server$RpcCall.run(Server.java:876)
	at org.apache.hadoop.ipc.Server$RpcCall.run(Server.java:822)
	at java.security.AccessController.doPrivileged(Native Method)
	at javax.security.auth.Subject.doAs(Subject.java:422)
	at org.apache.hadoop.security.UserGroupInformation.doAs(UserGroupInformation.java:1730)
	at org.apache.hadoop.ipc.Server$Handler.run(Server.java:2682)
2019-09-25 04:49:23,436 [IPC Server handler 0 on 33184] INFO  block.BlockManagerImpl (BlockManagerImpl.java:allocateBlock(198)) - Could not find available pipeline of type:RATIS and factor:THREE even after retrying
2019-09-25 04:49:23,436 [IPC Server handler 0 on 33184] ERROR block.BlockManagerImpl (BlockManagerImpl.java:allocateBlock(222)) - Unable to allocate a block for the size: 4194304, type: RATIS, factor: THREE
2019-09-25 04:49:23,437 [IPC Server handler 0 on 33184] INFO  pipeline.PipelinePlacementPolicy (PipelinePlacementPolicy.java:meetCriteria(91)) - Pipeline Placement: can't place more pipeline on heavy datanode： ef17bb0f-3839-4724-ad21-94b92a6e25d3 Heaviness: 6 limit: 5
2019-09-25 04:49:23,437 [IPC Server handler 0 on 33184] INFO  pipeline.PipelinePlacementPolicy (PipelinePlacementPolicy.java:meetCriteria(91)) - Pipeline Placement: can't place more pipeline on heavy datanode： 4a0ae61b-4689-46eb-b962-7605c7f95abd Heaviness: 6 limit: 5
2019-09-25 04:49:23,437 [IPC Server handler 0 on 33184] INFO  pipeline.PipelinePlacementPolicy (PipelinePlacementPolicy.java:meetCriteria(91)) - Pipeline Placement: can't place more pipeline on heavy datanode： 778daabb-04ae-41de-8067-bd0724312da7 Heaviness: 6 limit: 5
2019-09-25 04:49:23,437 [IPC Server handler 0 on 33184] INFO  pipeline.PipelinePlacementPolicy (PipelinePlacementPolicy.java:meetCriteria(91)) - Pipeline Placement: can't place more pipeline on heavy datanode： 4900d303-9ac7-4a86-9389-d77749add813 Heaviness: 6 limit: 5
2019-09-25 04:49:23,437 [IPC Server handler 0 on 33184] INFO  pipeline.PipelinePlacementPolicy (PipelinePlacementPolicy.java:meetCriteria(91)) - Pipeline Placement: can't place more pipeline on heavy datanode： 3875a0db-bcd0-4e93-a77c-33ac6d7b4cc5 Heaviness: 6 limit: 5
2019-09-25 04:49:23,437 [IPC Server handler 0 on 33184] INFO  pipeline.PipelinePlacementPolicy (PipelinePlacementPolicy.java:meetCriteria(91)) - Pipeline Placement: can't place more pipeline on heavy datanode： fcf37978-6168-4314-87d6-0e8a7c1fc6e1 Heaviness: 6 limit: 5
2019-09-25 04:49:23,437 [IPC Server handler 0 on 33184] INFO  pipeline.PipelinePlacementPolicy (PipelinePlacementPolicy.java:meetCriteria(91)) - Pipeline Placement: can't place more pipeline on heavy datanode： eccaf005-8169-4dfc-be1f-8981a011c66c Heaviness: 6 limit: 5
2019-09-25 04:49:23,443 [IPC Server handler 0 on 33184] INFO  pipeline.PipelinePlacementPolicy (PipelinePlacementPolicy.java:meetCriteria(91)) - Pipeline Placement: can't place more pipeline on heavy datanode： ef95e979-b818-4083-9289-18188944726b Heaviness: 6 limit: 5
2019-09-25 04:49:23,443 [IPC Server handler 0 on 33184] INFO  pipeline.PipelinePlacementPolicy (PipelinePlacementPolicy.java:meetCriteria(91)) - Pipeline Placement: can't place more pipeline on heavy datanode： 2f00ca3a-f523-476d-a77d-69389bdf1595 Heaviness: 6 limit: 5
2019-09-25 04:49:23,443 [IPC Server handler 0 on 33184] INFO  pipeline.PipelinePlacementPolicy (PipelinePlacementPolicy.java:meetCriteria(91)) - Pipeline Placement: can't place more pipeline on heavy datanode： 0deae85c-a16a-4311-a0af-934f501df2cc Heaviness: 6 limit: 5
2019-09-25 04:49:23,443 [IPC Server handler 0 on 33184] ERROR pipeline.PipelinePlacementPolicy (PipelinePlacementPolicy.java:filterViableNodes(148)) - Unable to find enough nodes that meet the criteria that cannot engage in more than 5 pipelines. Nodes required: 3 Found: 0, healthy nodes count inNodeManager: 10.
2019-09-25 04:49:23,443 [IPC Server handler 0 on 33184] ERROR pipeline.SCMPipelineManager (SCMPipelineManager.java:createPipeline(167)) - Pipeline creation failed.
org.apache.hadoop.hdds.scm.exceptions.SCMException: Unable to find enough nodes that meet the criteria that cannot engage in more than 5 pipelines. Nodes required: 3 Found: 0, healthy nodes count inNodeManager: 10.
	at org.apache.hadoop.hdds.scm.pipeline.PipelinePlacementPolicy.filterViableNodes(PipelinePlacementPolicy.java:149)
	at org.apache.hadoop.hdds.scm.pipeline.PipelinePlacementPolicy.chooseDatanodes(PipelinePlacementPolicy.java:172)
	at org.apache.hadoop.hdds.scm.pipeline.RatisPipelineProvider.create(RatisPipelineProvider.java:93)
	at org.apache.hadoop.hdds.scm.pipeline.PipelineFactory.create(PipelineFactory.java:58)
	at org.apache.hadoop.hdds.scm.pipeline.SCMPipelineManager.createPipeline(SCMPipelineManager.java:155)
	at org.apache.hadoop.hdds.scm.block.BlockManagerImpl.allocateBlock(BlockManagerImpl.java:190)
	at org.apache.hadoop.hdds.scm.server.SCMBlockProtocolServer.allocateBlock(SCMBlockProtocolServer.java:182)
	at org.apache.hadoop.ozone.protocolPB.ScmBlockLocationProtocolServerSideTranslatorPB.allocateScmBlock(ScmBlockLocationProtocolServerSideTranslatorPB.java:183)
	at org.apache.hadoop.ozone.protocolPB.ScmBlockLocationProtocolServerSideTranslatorPB.processMessage(ScmBlockLocationProtocolServerSideTranslatorPB.java:141)
	at org.apache.hadoop.ozone.protocolPB.ScmBlockLocationProtocolServerSideTranslatorPB.send(ScmBlockLocationProtocolServerSideTranslatorPB.java:116)
	at org.apache.hadoop.hdds.protocol.proto.ScmBlockLocationProtocolProtos$ScmBlockLocationProtocolService$2.callBlockingMethod(ScmBlockLocationProtocolProtos.java:13157)
	at org.apache.hadoop.ipc.ProtobufRpcEngine$Server$ProtoBufRpcInvoker.call(ProtobufRpcEngine.java:524)
	at org.apache.hadoop.ipc.RPC$Server.call(RPC.java:1025)
	at org.apache.hadoop.ipc.Server$RpcCall.run(Server.java:876)
	at org.apache.hadoop.ipc.Server$RpcCall.run(Server.java:822)
	at java.security.AccessController.doPrivileged(Native Method)
	at javax.security.auth.Subject.doAs(Subject.java:422)
	at org.apache.hadoop.security.UserGroupInformation.doAs(UserGroupInformation.java:1730)
	at org.apache.hadoop.ipc.Server$Handler.run(Server.java:2682)
2019-09-25 04:49:23,443 [IPC Server handler 0 on 33184] WARN  block.BlockManagerImpl (BlockManagerImpl.java:allocateBlock(192)) - Pipeline creation failed for type:RATIS factor:THREE. Retrying get pipelines call once.
org.apache.hadoop.hdds.scm.exceptions.SCMException: Unable to find enough nodes that meet the criteria that cannot engage in more than 5 pipelines. Nodes required: 3 Found: 0, healthy nodes count inNodeManager: 10.
	at org.apache.hadoop.hdds.scm.pipeline.PipelinePlacementPolicy.filterViableNodes(PipelinePlacementPolicy.java:149)
	at org.apache.hadoop.hdds.scm.pipeline.PipelinePlacementPolicy.chooseDatanodes(PipelinePlacementPolicy.java:172)
	at org.apache.hadoop.hdds.scm.pipeline.RatisPipelineProvider.create(RatisPipelineProvider.java:93)
	at org.apache.hadoop.hdds.scm.pipeline.PipelineFactory.create(PipelineFactory.java:58)
	at org.apache.hadoop.hdds.scm.pipeline.SCMPipelineManager.createPipeline(SCMPipelineManager.java:155)
	at org.apache.hadoop.hdds.scm.block.BlockManagerImpl.allocateBlock(BlockManagerImpl.java:190)
	at org.apache.hadoop.hdds.scm.server.SCMBlockProtocolServer.allocateBlock(SCMBlockProtocolServer.java:182)
	at org.apache.hadoop.ozone.protocolPB.ScmBlockLocationProtocolServerSideTranslatorPB.allocateScmBlock(ScmBlockLocationProtocolServerSideTranslatorPB.java:183)
	at org.apache.hadoop.ozone.protocolPB.ScmBlockLocationProtocolServerSideTranslatorPB.processMessage(ScmBlockLocationProtocolServerSideTranslatorPB.java:141)
	at org.apache.hadoop.ozone.protocolPB.ScmBlockLocationProtocolServerSideTranslatorPB.send(ScmBlockLocationProtocolServerSideTranslatorPB.java:116)
	at org.apache.hadoop.hdds.protocol.proto.ScmBlockLocationProtocolProtos$ScmBlockLocationProtocolService$2.callBlockingMethod(ScmBlockLocationProtocolProtos.java:13157)
	at org.apache.hadoop.ipc.ProtobufRpcEngine$Server$ProtoBufRpcInvoker.call(ProtobufRpcEngine.java:524)
	at org.apache.hadoop.ipc.RPC$Server.call(RPC.java:1025)
	at org.apache.hadoop.ipc.Server$RpcCall.run(Server.java:876)
	at org.apache.hadoop.ipc.Server$RpcCall.run(Server.java:822)
	at java.security.AccessController.doPrivileged(Native Method)
	at javax.security.auth.Subject.doAs(Subject.java:422)
	at org.apache.hadoop.security.UserGroupInformation.doAs(UserGroupInformation.java:1730)
	at org.apache.hadoop.ipc.Server$Handler.run(Server.java:2682)
2019-09-25 04:49:23,444 [IPC Server handler 0 on 33184] INFO  block.BlockManagerImpl (BlockManagerImpl.java:allocateBlock(198)) - Could not find available pipeline of type:RATIS and factor:THREE even after retrying
2019-09-25 04:49:23,444 [IPC Server handler 0 on 33184] ERROR block.BlockManagerImpl (BlockManagerImpl.java:allocateBlock(222)) - Unable to allocate a block for the size: 4194304, type: RATIS, factor: THREE
2019-09-25 04:49:23,444 [IPC Server handler 0 on 33184] INFO  pipeline.PipelinePlacementPolicy (PipelinePlacementPolicy.java:meetCriteria(91)) - Pipeline Placement: can't place more pipeline on heavy datanode： ef17bb0f-3839-4724-ad21-94b92a6e25d3 Heaviness: 6 limit: 5
2019-09-25 04:49:23,444 [IPC Server handler 0 on 33184] INFO  pipeline.PipelinePlacementPolicy (PipelinePlacementPolicy.java:meetCriteria(91)) - Pipeline Placement: can't place more pipeline on heavy datanode： 4a0ae61b-4689-46eb-b962-7605c7f95abd Heaviness: 6 limit: 5
2019-09-25 04:49:23,444 [IPC Server handler 0 on 33184] INFO  pipeline.PipelinePlacementPolicy (PipelinePlacementPolicy.java:meetCriteria(91)) - Pipeline Placement: can't place more pipeline on heavy datanode： 778daabb-04ae-41de-8067-bd0724312da7 Heaviness: 6 limit: 5
2019-09-25 04:49:23,444 [IPC Server handler 0 on 33184] INFO  pipeline.PipelinePlacementPolicy (PipelinePlacementPolicy.java:meetCriteria(91)) - Pipeline Placement: can't place more pipeline on heavy datanode： 4900d303-9ac7-4a86-9389-d77749add813 Heaviness: 6 limit: 5
2019-09-25 04:49:23,444 [IPC Server handler 0 on 33184] INFO  pipeline.PipelinePlacementPolicy (PipelinePlacementPolicy.java:meetCriteria(91)) - Pipeline Placement: can't place more pipeline on heavy datanode： 3875a0db-bcd0-4e93-a77c-33ac6d7b4cc5 Heaviness: 6 limit: 5
2019-09-25 04:49:23,445 [IPC Server handler 0 on 33184] INFO  pipeline.PipelinePlacementPolicy (PipelinePlacementPolicy.java:meetCriteria(91)) - Pipeline Placement: can't place more pipeline on heavy datanode： fcf37978-6168-4314-87d6-0e8a7c1fc6e1 Heaviness: 6 limit: 5
2019-09-25 04:49:23,445 [IPC Server handler 0 on 33184] INFO  pipeline.PipelinePlacementPolicy (PipelinePlacementPolicy.java:meetCriteria(91)) - Pipeline Placement: can't place more pipeline on heavy datanode： eccaf005-8169-4dfc-be1f-8981a011c66c Heaviness: 6 limit: 5
2019-09-25 04:49:23,445 [IPC Server handler 0 on 33184] INFO  pipeline.PipelinePlacementPolicy (PipelinePlacementPolicy.java:meetCriteria(91)) - Pipeline Placement: can't place more pipeline on heavy datanode： ef95e979-b818-4083-9289-18188944726b Heaviness: 6 limit: 5
2019-09-25 04:49:23,445 [IPC Server handler 0 on 33184] INFO  pipeline.PipelinePlacementPolicy (PipelinePlacementPolicy.java:meetCriteria(91)) - Pipeline Placement: can't place more pipeline on heavy datanode： 2f00ca3a-f523-476d-a77d-69389bdf1595 Heaviness: 6 limit: 5
2019-09-25 04:49:23,445 [IPC Server handler 0 on 33184] INFO  pipeline.PipelinePlacementPolicy (PipelinePlacementPolicy.java:meetCriteria(91)) - Pipeline Placement: can't place more pipeline on heavy datanode： 0deae85c-a16a-4311-a0af-934f501df2cc Heaviness: 6 limit: 5
2019-09-25 04:49:23,445 [IPC Server handler 0 on 33184] ERROR pipeline.PipelinePlacementPolicy (PipelinePlacementPolicy.java:filterViableNodes(148)) - Unable to find enough nodes that meet the criteria that cannot engage in more than 5 pipelines. Nodes required: 3 Found: 0, healthy nodes count inNodeManager: 10.
2019-09-25 04:49:23,445 [IPC Server handler 0 on 33184] ERROR pipeline.SCMPipelineManager (SCMPipelineManager.java:createPipeline(167)) - Pipeline creation failed.
org.apache.hadoop.hdds.scm.exceptions.SCMException: Unable to find enough nodes that meet the criteria that cannot engage in more than 5 pipelines. Nodes required: 3 Found: 0, healthy nodes count inNodeManager: 10.
	at org.apache.hadoop.hdds.scm.pipeline.PipelinePlacementPolicy.filterViableNodes(PipelinePlacementPolicy.java:149)
	at org.apache.hadoop.hdds.scm.pipeline.PipelinePlacementPolicy.chooseDatanodes(PipelinePlacementPolicy.java:172)
	at org.apache.hadoop.hdds.scm.pipeline.RatisPipelineProvider.create(RatisPipelineProvider.java:93)
	at org.apache.hadoop.hdds.scm.pipeline.PipelineFactory.create(PipelineFactory.java:58)
	at org.apache.hadoop.hdds.scm.pipeline.SCMPipelineManager.createPipeline(SCMPipelineManager.java:155)
	at org.apache.hadoop.hdds.scm.block.BlockManagerImpl.allocateBlock(BlockManagerImpl.java:190)
	at org.apache.hadoop.hdds.scm.server.SCMBlockProtocolServer.allocateBlock(SCMBlockProtocolServer.java:182)
	at org.apache.hadoop.ozone.protocolPB.ScmBlockLocationProtocolServerSideTranslatorPB.allocateScmBlock(ScmBlockLocationProtocolServerSideTranslatorPB.java:183)
	at org.apache.hadoop.ozone.protocolPB.ScmBlockLocationProtocolServerSideTranslatorPB.processMessage(ScmBlockLocationProtocolServerSideTranslatorPB.java:141)
	at org.apache.hadoop.ozone.protocolPB.ScmBlockLocationProtocolServerSideTranslatorPB.send(ScmBlockLocationProtocolServerSideTranslatorPB.java:116)
	at org.apache.hadoop.hdds.protocol.proto.ScmBlockLocationProtocolProtos$ScmBlockLocationProtocolService$2.callBlockingMethod(ScmBlockLocationProtocolProtos.java:13157)
	at org.apache.hadoop.ipc.ProtobufRpcEngine$Server$ProtoBufRpcInvoker.call(ProtobufRpcEngine.java:524)
	at org.apache.hadoop.ipc.RPC$Server.call(RPC.java:1025)
	at org.apache.hadoop.ipc.Server$RpcCall.run(Server.java:876)
	at org.apache.hadoop.ipc.Server$RpcCall.run(Server.java:822)
	at java.security.AccessController.doPrivileged(Native Method)
	at javax.security.auth.Subject.doAs(Subject.java:422)
	at org.apache.hadoop.security.UserGroupInformation.doAs(UserGroupInformation.java:1730)
	at org.apache.hadoop.ipc.Server$Handler.run(Server.java:2682)
2019-09-25 04:49:23,446 [IPC Server handler 0 on 33184] WARN  block.BlockManagerImpl (BlockManagerImpl.java:allocateBlock(192)) - Pipeline creation failed for type:RATIS factor:THREE. Retrying get pipelines call once.
org.apache.hadoop.hdds.scm.exceptions.SCMException: Unable to find enough nodes that meet the criteria that cannot engage in more than 5 pipelines. Nodes required: 3 Found: 0, healthy nodes count inNodeManager: 10.
	at org.apache.hadoop.hdds.scm.pipeline.PipelinePlacementPolicy.filterViableNodes(PipelinePlacementPolicy.java:149)
	at org.apache.hadoop.hdds.scm.pipeline.PipelinePlacementPolicy.chooseDatanodes(PipelinePlacementPolicy.java:172)
	at org.apache.hadoop.hdds.scm.pipeline.RatisPipelineProvider.create(RatisPipelineProvider.java:93)
	at org.apache.hadoop.hdds.scm.pipeline.PipelineFactory.create(PipelineFactory.java:58)
	at org.apache.hadoop.hdds.scm.pipeline.SCMPipelineManager.createPipeline(SCMPipelineManager.java:155)
	at org.apache.hadoop.hdds.scm.block.BlockManagerImpl.allocateBlock(BlockManagerImpl.java:190)
	at org.apache.hadoop.hdds.scm.server.SCMBlockProtocolServer.allocateBlock(SCMBlockProtocolServer.java:182)
	at org.apache.hadoop.ozone.protocolPB.ScmBlockLocationProtocolServerSideTranslatorPB.allocateScmBlock(ScmBlockLocationProtocolServerSideTranslatorPB.java:183)
	at org.apache.hadoop.ozone.protocolPB.ScmBlockLocationProtocolServerSideTranslatorPB.processMessage(ScmBlockLocationProtocolServerSideTranslatorPB.java:141)
	at org.apache.hadoop.ozone.protocolPB.ScmBlockLocationProtocolServerSideTranslatorPB.send(ScmBlockLocationProtocolServerSideTranslatorPB.java:116)
	at org.apache.hadoop.hdds.protocol.proto.ScmBlockLocationProtocolProtos$ScmBlockLocationProtocolService$2.callBlockingMethod(ScmBlockLocationProtocolProtos.java:13157)
	at org.apache.hadoop.ipc.ProtobufRpcEngine$Server$ProtoBufRpcInvoker.call(ProtobufRpcEngine.java:524)
	at org.apache.hadoop.ipc.RPC$Server.call(RPC.java:1025)
	at org.apache.hadoop.ipc.Server$RpcCall.run(Server.java:876)
	at org.apache.hadoop.ipc.Server$RpcCall.run(Server.java:822)
	at java.security.AccessController.doPrivileged(Native Method)
	at javax.security.auth.Subject.doAs(Subject.java:422)
	at org.apache.hadoop.security.UserGroupInformation.doAs(UserGroupInformation.java:1730)
	at org.apache.hadoop.ipc.Server$Handler.run(Server.java:2682)
2019-09-25 04:49:23,446 [IPC Server handler 0 on 33184] INFO  block.BlockManagerImpl (BlockManagerImpl.java:allocateBlock(198)) - Could not find available pipeline of type:RATIS and factor:THREE even after retrying
2019-09-25 04:49:23,446 [IPC Server handler 0 on 33184] ERROR block.BlockManagerImpl (BlockManagerImpl.java:allocateBlock(222)) - Unable to allocate a block for the size: 4194304, type: RATIS, factor: THREE
2019-09-25 04:49:23,446 [IPC Server handler 0 on 33184] INFO  pipeline.PipelinePlacementPolicy (PipelinePlacementPolicy.java:meetCriteria(91)) - Pipeline Placement: can't place more pipeline on heavy datanode： ef17bb0f-3839-4724-ad21-94b92a6e25d3 Heaviness: 6 limit: 5
2019-09-25 04:49:23,446 [IPC Server handler 0 on 33184] INFO  pipeline.PipelinePlacementPolicy (PipelinePlacementPolicy.java:meetCriteria(91)) - Pipeline Placement: can't place more pipeline on heavy datanode： 4a0ae61b-4689-46eb-b962-7605c7f95abd Heaviness: 6 limit: 5
2019-09-25 04:49:23,447 [IPC Server handler 0 on 33184] INFO  pipeline.PipelinePlacementPolicy (PipelinePlacementPolicy.java:meetCriteria(91)) - Pipeline Placement: can't place more pipeline on heavy datanode： 778daabb-04ae-41de-8067-bd0724312da7 Heaviness: 6 limit: 5
2019-09-25 04:49:23,447 [IPC Server handler 0 on 33184] INFO  pipeline.PipelinePlacementPolicy (PipelinePlacementPolicy.java:meetCriteria(91)) - Pipeline Placement: can't place more pipeline on heavy datanode： 4900d303-9ac7-4a86-9389-d77749add813 Heaviness: 6 limit: 5
2019-09-25 04:49:23,447 [IPC Server handler 0 on 33184] INFO  pipeline.PipelinePlacementPolicy (PipelinePlacementPolicy.java:meetCriteria(91)) - Pipeline Placement: can't place more pipeline on heavy datanode： 3875a0db-bcd0-4e93-a77c-33ac6d7b4cc5 Heaviness: 6 limit: 5
2019-09-25 04:49:23,447 [IPC Server handler 0 on 33184] INFO  pipeline.PipelinePlacementPolicy (PipelinePlacementPolicy.java:meetCriteria(91)) - Pipeline Placement: can't place more pipeline on heavy datanode： fcf37978-6168-4314-87d6-0e8a7c1fc6e1 Heaviness: 6 limit: 5
2019-09-25 04:49:23,447 [IPC Server handler 0 on 33184] INFO  pipeline.PipelinePlacementPolicy (PipelinePlacementPolicy.java:meetCriteria(91)) - Pipeline Placement: can't place more pipeline on heavy datanode： eccaf005-8169-4dfc-be1f-8981a011c66c Heaviness: 6 limit: 5
2019-09-25 04:49:23,447 [IPC Server handler 0 on 33184] INFO  pipeline.PipelinePlacementPolicy (PipelinePlacementPolicy.java:meetCriteria(91)) - Pipeline Placement: can't place more pipeline on heavy datanode： ef95e979-b818-4083-9289-18188944726b Heaviness: 6 limit: 5
2019-09-25 04:49:23,447 [IPC Server handler 0 on 33184] INFO  pipeline.PipelinePlacementPolicy (PipelinePlacementPolicy.java:meetCriteria(91)) - Pipeline Placement: can't place more pipeline on heavy datanode： 2f00ca3a-f523-476d-a77d-69389bdf1595 Heaviness: 6 limit: 5
2019-09-25 04:49:23,447 [IPC Server handler 0 on 33184] INFO  pipeline.PipelinePlacementPolicy (PipelinePlacementPolicy.java:meetCriteria(91)) - Pipeline Placement: can't place more pipeline on heavy datanode： 0deae85c-a16a-4311-a0af-934f501df2cc Heaviness: 6 limit: 5
2019-09-25 04:49:23,448 [IPC Server handler 0 on 33184] ERROR pipeline.PipelinePlacementPolicy (PipelinePlacementPolicy.java:filterViableNodes(148)) - Unable to find enough nodes that meet the criteria that cannot engage in more than 5 pipelines. Nodes required: 3 Found: 0, healthy nodes count inNodeManager: 10.
2019-09-25 04:49:23,448 [IPC Server handler 0 on 33184] ERROR pipeline.SCMPipelineManager (SCMPipelineManager.java:createPipeline(167)) - Pipeline creation failed.
org.apache.hadoop.hdds.scm.exceptions.SCMException: Unable to find enough nodes that meet the criteria that cannot engage in more than 5 pipelines. Nodes required: 3 Found: 0, healthy nodes count inNodeManager: 10.
	at org.apache.hadoop.hdds.scm.pipeline.PipelinePlacementPolicy.filterViableNodes(PipelinePlacementPolicy.java:149)
	at org.apache.hadoop.hdds.scm.pipeline.PipelinePlacementPolicy.chooseDatanodes(PipelinePlacementPolicy.java:172)
	at org.apache.hadoop.hdds.scm.pipeline.RatisPipelineProvider.create(RatisPipelineProvider.java:93)
	at org.apache.hadoop.hdds.scm.pipeline.PipelineFactory.create(PipelineFactory.java:58)
	at org.apache.hadoop.hdds.scm.pipeline.SCMPipelineManager.createPipeline(SCMPipelineManager.java:155)
	at org.apache.hadoop.hdds.scm.block.BlockManagerImpl.allocateBlock(BlockManagerImpl.java:190)
	at org.apache.hadoop.hdds.scm.server.SCMBlockProtocolServer.allocateBlock(SCMBlockProtocolServer.java:182)
	at org.apache.hadoop.ozone.protocolPB.ScmBlockLocationProtocolServerSideTranslatorPB.allocateScmBlock(ScmBlockLocationProtocolServerSideTranslatorPB.java:183)
	at org.apache.hadoop.ozone.protocolPB.ScmBlockLocationProtocolServerSideTranslatorPB.processMessage(ScmBlockLocationProtocolServerSideTranslatorPB.java:141)
	at org.apache.hadoop.ozone.protocolPB.ScmBlockLocationProtocolServerSideTranslatorPB.send(ScmBlockLocationProtocolServerSideTranslatorPB.java:116)
	at org.apache.hadoop.hdds.protocol.proto.ScmBlockLocationProtocolProtos$ScmBlockLocationProtocolService$2.callBlockingMethod(ScmBlockLocationProtocolProtos.java:13157)
	at org.apache.hadoop.ipc.ProtobufRpcEngine$Server$ProtoBufRpcInvoker.call(ProtobufRpcEngine.java:524)
	at org.apache.hadoop.ipc.RPC$Server.call(RPC.java:1025)
	at org.apache.hadoop.ipc.Server$RpcCall.run(Server.java:876)
	at org.apache.hadoop.ipc.Server$RpcCall.run(Server.java:822)
	at java.security.AccessController.doPrivileged(Native Method)
	at javax.security.auth.Subject.doAs(Subject.java:422)
	at org.apache.hadoop.security.UserGroupInformation.doAs(UserGroupInformation.java:1730)
	at org.apache.hadoop.ipc.Server$Handler.run(Server.java:2682)
2019-09-25 04:49:23,448 [IPC Server handler 0 on 33184] WARN  block.BlockManagerImpl (BlockManagerImpl.java:allocateBlock(192)) - Pipeline creation failed for type:RATIS factor:THREE. Retrying get pipelines call once.
org.apache.hadoop.hdds.scm.exceptions.SCMException: Unable to find enough nodes that meet the criteria that cannot engage in more than 5 pipelines. Nodes required: 3 Found: 0, healthy nodes count inNodeManager: 10.
	at org.apache.hadoop.hdds.scm.pipeline.PipelinePlacementPolicy.filterViableNodes(PipelinePlacementPolicy.java:149)
	at org.apache.hadoop.hdds.scm.pipeline.PipelinePlacementPolicy.chooseDatanodes(PipelinePlacementPolicy.java:172)
	at org.apache.hadoop.hdds.scm.pipeline.RatisPipelineProvider.create(RatisPipelineProvider.java:93)
	at org.apache.hadoop.hdds.scm.pipeline.PipelineFactory.create(PipelineFactory.java:58)
	at org.apache.hadoop.hdds.scm.pipeline.SCMPipelineManager.createPipeline(SCMPipelineManager.java:155)
	at org.apache.hadoop.hdds.scm.block.BlockManagerImpl.allocateBlock(BlockManagerImpl.java:190)
	at org.apache.hadoop.hdds.scm.server.SCMBlockProtocolServer.allocateBlock(SCMBlockProtocolServer.java:182)
	at org.apache.hadoop.ozone.protocolPB.ScmBlockLocationProtocolServerSideTranslatorPB.allocateScmBlock(ScmBlockLocationProtocolServerSideTranslatorPB.java:183)
	at org.apache.hadoop.ozone.protocolPB.ScmBlockLocationProtocolServerSideTranslatorPB.processMessage(ScmBlockLocationProtocolServerSideTranslatorPB.java:141)
	at org.apache.hadoop.ozone.protocolPB.ScmBlockLocationProtocolServerSideTranslatorPB.send(ScmBlockLocationProtocolServerSideTranslatorPB.java:116)
	at org.apache.hadoop.hdds.protocol.proto.ScmBlockLocationProtocolProtos$ScmBlockLocationProtocolService$2.callBlockingMethod(ScmBlockLocationProtocolProtos.java:13157)
	at org.apache.hadoop.ipc.ProtobufRpcEngine$Server$ProtoBufRpcInvoker.call(ProtobufRpcEngine.java:524)
	at org.apache.hadoop.ipc.RPC$Server.call(RPC.java:1025)
	at org.apache.hadoop.ipc.Server$RpcCall.run(Server.java:876)
	at org.apache.hadoop.ipc.Server$RpcCall.run(Server.java:822)
	at java.security.AccessController.doPrivileged(Native Method)
	at javax.security.auth.Subject.doAs(Subject.java:422)
	at org.apache.hadoop.security.UserGroupInformation.doAs(UserGroupInformation.java:1730)
	at org.apache.hadoop.ipc.Server$Handler.run(Server.java:2682)
2019-09-25 04:49:23,448 [IPC Server handler 0 on 33184] INFO  block.BlockManagerImpl (BlockManagerImpl.java:allocateBlock(198)) - Could not find available pipeline of type:RATIS and factor:THREE even after retrying
2019-09-25 04:49:23,448 [ef17bb0f-3839-4724-ad21-94b92a6e25d3@group-49807641C7C4-SegmentedRaftLogWorker] INFO  segmented.SegmentedRaftLogWorker (SegmentedRaftLogWorker.java:execute(569)) - ef17bb0f-3839-4724-ad21-94b92a6e25d3@group-49807641C7C4-SegmentedRaftLogWorker: created new log segment /workdir/hadoop-ozone/integration-test/target/test-dir/MiniOzoneClusterImpl-73e7cd3e-72db-4213-b677-28bfbd198772/datanode-1/data/ratis/41b6c378-e71f-410b-b7ce-49807641c7c4/current/log_inprogress_0
2019-09-25 04:49:23,448 [IPC Server handler 0 on 33184] ERROR block.BlockManagerImpl (BlockManagerImpl.java:allocateBlock(222)) - Unable to allocate a block for the size: 4194304, type: RATIS, factor: THREE
2019-09-25 04:49:23,449 [IPC Server handler 0 on 33184] INFO  pipeline.PipelinePlacementPolicy (PipelinePlacementPolicy.java:meetCriteria(91)) - Pipeline Placement: can't place more pipeline on heavy datanode： ef17bb0f-3839-4724-ad21-94b92a6e25d3 Heaviness: 6 limit: 5
2019-09-25 04:49:23,449 [IPC Server handler 0 on 33184] INFO  pipeline.PipelinePlacementPolicy (PipelinePlacementPolicy.java:meetCriteria(91)) - Pipeline Placement: can't place more pipeline on heavy datanode： 4a0ae61b-4689-46eb-b962-7605c7f95abd Heaviness: 6 limit: 5
2019-09-25 04:49:23,449 [IPC Server handler 0 on 33184] INFO  pipeline.PipelinePlacementPolicy (PipelinePlacementPolicy.java:meetCriteria(91)) - Pipeline Placement: can't place more pipeline on heavy datanode： 778daabb-04ae-41de-8067-bd0724312da7 Heaviness: 6 limit: 5
2019-09-25 04:49:23,449 [IPC Server handler 0 on 33184] INFO  pipeline.PipelinePlacementPolicy (PipelinePlacementPolicy.java:meetCriteria(91)) - Pipeline Placement: can't place more pipeline on heavy datanode： 4900d303-9ac7-4a86-9389-d77749add813 Heaviness: 6 limit: 5
2019-09-25 04:49:23,449 [IPC Server handler 0 on 33184] INFO  pipeline.PipelinePlacementPolicy (PipelinePlacementPolicy.java:meetCriteria(91)) - Pipeline Placement: can't place more pipeline on heavy datanode： 3875a0db-bcd0-4e93-a77c-33ac6d7b4cc5 Heaviness: 6 limit: 5
2019-09-25 04:49:23,449 [IPC Server handler 0 on 33184] INFO  pipeline.PipelinePlacementPolicy (PipelinePlacementPolicy.java:meetCriteria(91)) - Pipeline Placement: can't place more pipeline on heavy datanode： fcf37978-6168-4314-87d6-0e8a7c1fc6e1 Heaviness: 6 limit: 5
2019-09-25 04:49:23,449 [IPC Server handler 0 on 33184] INFO  pipeline.PipelinePlacementPolicy (PipelinePlacementPolicy.java:meetCriteria(91)) - Pipeline Placement: can't place more pipeline on heavy datanode： eccaf005-8169-4dfc-be1f-8981a011c66c Heaviness: 6 limit: 5
2019-09-25 04:49:23,450 [IPC Server handler 0 on 33184] INFO  pipeline.PipelinePlacementPolicy (PipelinePlacementPolicy.java:meetCriteria(91)) - Pipeline Placement: can't place more pipeline on heavy datanode： ef95e979-b818-4083-9289-18188944726b Heaviness: 6 limit: 5
2019-09-25 04:49:23,450 [IPC Server handler 0 on 33184] INFO  pipeline.PipelinePlacementPolicy (PipelinePlacementPolicy.java:meetCriteria(91)) - Pipeline Placement: can't place more pipeline on heavy datanode： 2f00ca3a-f523-476d-a77d-69389bdf1595 Heaviness: 6 limit: 5
2019-09-25 04:49:23,450 [IPC Server handler 0 on 33184] INFO  pipeline.PipelinePlacementPolicy (PipelinePlacementPolicy.java:meetCriteria(91)) - Pipeline Placement: can't place more pipeline on heavy datanode： 0deae85c-a16a-4311-a0af-934f501df2cc Heaviness: 6 limit: 5
2019-09-25 04:49:23,450 [IPC Server handler 0 on 33184] ERROR pipeline.PipelinePlacementPolicy (PipelinePlacementPolicy.java:filterViableNodes(148)) - Unable to find enough nodes that meet the criteria that cannot engage in more than 5 pipelines. Nodes required: 3 Found: 0, healthy nodes count inNodeManager: 10.
2019-09-25 04:49:23,450 [IPC Server handler 0 on 33184] ERROR pipeline.SCMPipelineManager (SCMPipelineManager.java:createPipeline(167)) - Pipeline creation failed.
org.apache.hadoop.hdds.scm.exceptions.SCMException: Unable to find enough nodes that meet the criteria that cannot engage in more than 5 pipelines. Nodes required: 3 Found: 0, healthy nodes count inNodeManager: 10.
	at org.apache.hadoop.hdds.scm.pipeline.PipelinePlacementPolicy.filterViableNodes(PipelinePlacementPolicy.java:149)
	at org.apache.hadoop.hdds.scm.pipeline.PipelinePlacementPolicy.chooseDatanodes(PipelinePlacementPolicy.java:172)
	at org.apache.hadoop.hdds.scm.pipeline.RatisPipelineProvider.create(RatisPipelineProvider.java:93)
	at org.apache.hadoop.hdds.scm.pipeline.PipelineFactory.create(PipelineFactory.java:58)
	at org.apache.hadoop.hdds.scm.pipeline.SCMPipelineManager.createPipeline(SCMPipelineManager.java:155)
	at org.apache.hadoop.hdds.scm.block.BlockManagerImpl.allocateBlock(BlockManagerImpl.java:190)
	at org.apache.hadoop.hdds.scm.server.SCMBlockProtocolServer.allocateBlock(SCMBlockProtocolServer.java:182)
	at org.apache.hadoop.ozone.protocolPB.ScmBlockLocationProtocolServerSideTranslatorPB.allocateScmBlock(ScmBlockLocationProtocolServerSideTranslatorPB.java:183)
	at org.apache.hadoop.ozone.protocolPB.ScmBlockLocationProtocolServerSideTranslatorPB.processMessage(ScmBlockLocationProtocolServerSideTranslatorPB.java:141)
	at org.apache.hadoop.ozone.protocolPB.ScmBlockLocationProtocolServerSideTranslatorPB.send(ScmBlockLocationProtocolServerSideTranslatorPB.java:116)
	at org.apache.hadoop.hdds.protocol.proto.ScmBlockLocationProtocolProtos$ScmBlockLocationProtocolService$2.callBlockingMethod(ScmBlockLocationProtocolProtos.java:13157)
	at org.apache.hadoop.ipc.ProtobufRpcEngine$Server$ProtoBufRpcInvoker.call(ProtobufRpcEngine.java:524)
	at org.apache.hadoop.ipc.RPC$Server.call(RPC.java:1025)
	at org.apache.hadoop.ipc.Server$RpcCall.run(Server.java:876)
	at org.apache.hadoop.ipc.Server$RpcCall.run(Server.java:822)
	at java.security.AccessController.doPrivileged(Native Method)
	at javax.security.auth.Subject.doAs(Subject.java:422)
	at org.apache.hadoop.security.UserGroupInformation.doAs(UserGroupInformation.java:1730)
	at org.apache.hadoop.ipc.Server$Handler.run(Server.java:2682)
2019-09-25 04:49:23,453 [IPC Server handler 0 on 33184] WARN  block.BlockManagerImpl (BlockManagerImpl.java:allocateBlock(192)) - Pipeline creation failed for type:RATIS factor:THREE. Retrying get pipelines call once.
org.apache.hadoop.hdds.scm.exceptions.SCMException: Unable to find enough nodes that meet the criteria that cannot engage in more than 5 pipelines. Nodes required: 3 Found: 0, healthy nodes count inNodeManager: 10.
	at org.apache.hadoop.hdds.scm.pipeline.PipelinePlacementPolicy.filterViableNodes(PipelinePlacementPolicy.java:149)
	at org.apache.hadoop.hdds.scm.pipeline.PipelinePlacementPolicy.chooseDatanodes(PipelinePlacementPolicy.java:172)
	at org.apache.hadoop.hdds.scm.pipeline.RatisPipelineProvider.create(RatisPipelineProvider.java:93)
	at org.apache.hadoop.hdds.scm.pipeline.PipelineFactory.create(PipelineFactory.java:58)
	at org.apache.hadoop.hdds.scm.pipeline.SCMPipelineManager.createPipeline(SCMPipelineManager.java:155)
	at org.apache.hadoop.hdds.scm.block.BlockManagerImpl.allocateBlock(BlockManagerImpl.java:190)
	at org.apache.hadoop.hdds.scm.server.SCMBlockProtocolServer.allocateBlock(SCMBlockProtocolServer.java:182)
	at org.apache.hadoop.ozone.protocolPB.ScmBlockLocationProtocolServerSideTranslatorPB.allocateScmBlock(ScmBlockLocationProtocolServerSideTranslatorPB.java:183)
	at org.apache.hadoop.ozone.protocolPB.ScmBlockLocationProtocolServerSideTranslatorPB.processMessage(ScmBlockLocationProtocolServerSideTranslatorPB.java:141)
	at org.apache.hadoop.ozone.protocolPB.ScmBlockLocationProtocolServerSideTranslatorPB.send(ScmBlockLocationProtocolServerSideTranslatorPB.java:116)
	at org.apache.hadoop.hdds.protocol.proto.ScmBlockLocationProtocolProtos$ScmBlockLocationProtocolService$2.callBlockingMethod(ScmBlockLocationProtocolProtos.java:13157)
	at org.apache.hadoop.ipc.ProtobufRpcEngine$Server$ProtoBufRpcInvoker.call(ProtobufRpcEngine.java:524)
	at org.apache.hadoop.ipc.RPC$Server.call(RPC.java:1025)
	at org.apache.hadoop.ipc.Server$RpcCall.run(Server.java:876)
	at org.apache.hadoop.ipc.Server$RpcCall.run(Server.java:822)
	at java.security.AccessController.doPrivileged(Native Method)
	at javax.security.auth.Subject.doAs(Subject.java:422)
	at org.apache.hadoop.security.UserGroupInformation.doAs(UserGroupInformation.java:1730)
	at org.apache.hadoop.ipc.Server$Handler.run(Server.java:2682)
2019-09-25 04:49:23,453 [IPC Server handler 0 on 33184] INFO  block.BlockManagerImpl (BlockManagerImpl.java:allocateBlock(198)) - Could not find available pipeline of type:RATIS and factor:THREE even after retrying
2019-09-25 04:49:23,454 [IPC Server handler 0 on 33184] ERROR block.BlockManagerImpl (BlockManagerImpl.java:allocateBlock(222)) - Unable to allocate a block for the size: 4194304, type: RATIS, factor: THREE
2019-09-25 04:49:23,459 [main] INFO  ozone.MiniOzoneClusterImpl (MiniOzoneClusterImpl.java:shutdown(314)) - Shutting down the Mini Ozone Cluster
2019-09-25 04:49:23,460 [main] INFO  ozone.MiniOzoneClusterImpl (MiniOzoneClusterImpl.java:stop(330)) - Stopping the Mini Ozone Cluster
2019-09-25 04:49:23,460 [main] INFO  ozone.MiniOzoneClusterImpl (MiniOzoneClusterImpl.java:stopOM(400)) - Stopping the OzoneManager
2019-09-25 04:49:23,460 [main] INFO  ipc.Server (Server.java:stop(3082)) - Stopping server on 42424
2019-09-25 04:49:23,464 [IPC Server listener on 42424] INFO  ipc.Server (Server.java:run(1185)) - Stopping IPC Server listener on 42424
2019-09-25 04:49:23,470 [main] INFO  ratis.OzoneManagerDoubleBuffer (OzoneManagerDoubleBuffer.java:stop(248)) - Stopping OMDoubleBuffer flush thread
2019-09-25 04:49:23,482 [IPC Server Responder] INFO  ipc.Server (Server.java:run(1319)) - Stopping IPC Server Responder
2019-09-25 04:49:23,491 [OMDoubleBufferFlushThread] INFO  ratis.OzoneManagerDoubleBuffer (OzoneManagerDoubleBuffer.java:flushTransactions(191)) - OMDoubleBuffer flush thread OMDoubleBufferFlushThread is interrupted and will exit. OMDoubleBufferFlushThread
2019-09-25 04:49:23,513 [main] INFO  utils.BackgroundService (BackgroundService.java:shutdown(148)) - Shutting down service KeyDeletingService
2019-09-25 04:49:23,529 [Thread-497] INFO  impl.FollowerState (FollowerState.java:run(106)) - 3875a0db-bcd0-4e93-a77c-33ac6d7b4cc5:group-256A1EF886DA changes to CANDIDATE, lastRpcTime:1067, electionTimeout:1067ms
2019-09-25 04:49:23,529 [Thread-497] INFO  impl.RoleInfo (RoleInfo.java:shutdownFollowerState(121)) - 3875a0db-bcd0-4e93-a77c-33ac6d7b4cc5: shutdown FollowerState
2019-09-25 04:49:23,529 [Thread-497] INFO  impl.RaftServerImpl (RaftServerImpl.java:setRole(174)) - 3875a0db-bcd0-4e93-a77c-33ac6d7b4cc5@group-256A1EF886DA: changes role from  FOLLOWER to CANDIDATE at term 0 for changeToCandidate
2019-09-25 04:49:23,530 [Thread-497] INFO  impl.RoleInfo (RoleInfo.java:updateAndGet(143)) - 3875a0db-bcd0-4e93-a77c-33ac6d7b4cc5: start LeaderElection
2019-09-25 04:49:23,530 [main] INFO  handler.ContextHandler (ContextHandler.java:doStop(910)) - Stopped o.e.j.w.WebAppContext@7ca0863b{/,null,UNAVAILABLE}{/ozoneManager}
2019-09-25 04:49:23,536 [main] INFO  server.AbstractConnector (AbstractConnector.java:doStop(318)) - Stopped ServerConnector@319854f0{HTTP/1.1,[http/1.1]}{0.0.0.0:0}
2019-09-25 04:49:23,536 [main] INFO  handler.ContextHandler (ContextHandler.java:doStop(910)) - Stopped o.e.j.s.ServletContextHandler@ecfbe91{/static,file:///workdir/hadoop-ozone/integration-test/target/test-classes/webapps/static,UNAVAILABLE}
2019-09-25 04:49:23,536 [main] INFO  handler.ContextHandler (ContextHandler.java:doStop(910)) - Stopped o.e.j.s.ServletContextHandler@629f066f{/logs,file:///workdir/hadoop-ozone/integration-test/target/log,UNAVAILABLE}
2019-09-25 04:49:23,542 [main] INFO  ozone.MiniOzoneClusterImpl (MiniOzoneClusterImpl.java:stopDatanodes(377)) - Stopping the HddsDatanodes
2019-09-25 04:49:23,544 [3875a0db-bcd0-4e93-a77c-33ac6d7b4cc5@group-256A1EF886DA:LeaderElection47] INFO  impl.LeaderElection (LeaderElection.java:askForVotes(182)) - 3875a0db-bcd0-4e93-a77c-33ac6d7b4cc5@group-256A1EF886DA:LeaderElection47: begin an election at term 1 for -1: [3875a0db-bcd0-4e93-a77c-33ac6d7b4cc5:192.168.164.207:38833], old=null
2019-09-25 04:49:23,544 [3875a0db-bcd0-4e93-a77c-33ac6d7b4cc5@group-256A1EF886DA:LeaderElection47] INFO  impl.RoleInfo (RoleInfo.java:shutdownLeaderElection(134)) - 3875a0db-bcd0-4e93-a77c-33ac6d7b4cc5: shutdown LeaderElection
2019-09-25 04:49:23,544 [3875a0db-bcd0-4e93-a77c-33ac6d7b4cc5@group-256A1EF886DA:LeaderElection47] INFO  impl.RaftServerImpl (RaftServerImpl.java:setRole(174)) - 3875a0db-bcd0-4e93-a77c-33ac6d7b4cc5@group-256A1EF886DA: changes role from CANDIDATE to LEADER at term 1 for changeToLeader
2019-09-25 04:49:23,544 [3875a0db-bcd0-4e93-a77c-33ac6d7b4cc5@group-256A1EF886DA:LeaderElection47] INFO  impl.RaftServerImpl (ServerState.java:setLeader(253)) - 3875a0db-bcd0-4e93-a77c-33ac6d7b4cc5@group-256A1EF886DA: change Leader from null to 3875a0db-bcd0-4e93-a77c-33ac6d7b4cc5 at term 1 for becomeLeader, leader elected after 1127ms
2019-09-25 04:49:23,545 [3875a0db-bcd0-4e93-a77c-33ac6d7b4cc5@group-256A1EF886DA:LeaderElection47] INFO  server.RaftServerConfigKeys (ConfUtils.java:logGet(43)) - raft.server.staging.catchup.gap = 1000 (default)
2019-09-25 04:49:23,545 [3875a0db-bcd0-4e93-a77c-33ac6d7b4cc5@group-256A1EF886DA:LeaderElection47] INFO  server.RaftServerConfigKeys (ConfUtils.java:logGet(43)) - raft.server.rpc.sleep.time = 25ms (default)
2019-09-25 04:49:23,545 [3875a0db-bcd0-4e93-a77c-33ac6d7b4cc5@group-256A1EF886DA:LeaderElection47] INFO  server.RaftServerConfigKeys (ConfUtils.java:logGet(43)) - raft.server.write.element-limit = 4096 (default)
2019-09-25 04:49:23,545 [3875a0db-bcd0-4e93-a77c-33ac6d7b4cc5@group-256A1EF886DA:LeaderElection47] INFO  server.RaftServerConfigKeys (ConfUtils.java:logGet(43)) - raft.server.watch.timeout = 10s (default)
2019-09-25 04:49:23,545 [3875a0db-bcd0-4e93-a77c-33ac6d7b4cc5@group-256A1EF886DA:LeaderElection47] INFO  server.RaftServerConfigKeys (ConfUtils.java:logGet(43)) - raft.server.watch.timeout.denomination = 1s (default)
2019-09-25 04:49:23,546 [3875a0db-bcd0-4e93-a77c-33ac6d7b4cc5@group-256A1EF886DA:LeaderElection47] INFO  server.RaftServerConfigKeys (ConfUtils.java:logGet(43)) - raft.server.watch.element-limit = 65536 (default)
2019-09-25 04:49:23,549 [3875a0db-bcd0-4e93-a77c-33ac6d7b4cc5@group-256A1EF886DA:LeaderElection47] INFO  impl.RoleInfo (RoleInfo.java:updateAndGet(143)) - 3875a0db-bcd0-4e93-a77c-33ac6d7b4cc5: start LeaderState
2019-09-25 04:49:23,549 [3875a0db-bcd0-4e93-a77c-33ac6d7b4cc5@group-256A1EF886DA:LeaderElection47] INFO  segmented.SegmentedRaftLogWorker (SegmentedRaftLogWorker.java:startLogSegment(380)) - 3875a0db-bcd0-4e93-a77c-33ac6d7b4cc5@group-256A1EF886DA-SegmentedRaftLogWorker: Starting segment from index:0
2019-09-25 04:49:23,550 [3875a0db-bcd0-4e93-a77c-33ac6d7b4cc5@group-256A1EF886DA:LeaderElection47] INFO  impl.RaftServerImpl (ServerState.java:setRaftConf(354)) - 3875a0db-bcd0-4e93-a77c-33ac6d7b4cc5@group-256A1EF886DA: set configuration 0: [3875a0db-bcd0-4e93-a77c-33ac6d7b4cc5:192.168.164.207:38833], old=null at 0
2019-09-25 04:49:23,557 [Datanode State Machine Thread - 0] INFO  statemachine.DatanodeStateMachine (DatanodeStateMachine.java:lambda$startDaemon$0(350)) - Ozone container server started.
2019-09-25 04:49:23,591 [3875a0db-bcd0-4e93-a77c-33ac6d7b4cc5@group-256A1EF886DA-SegmentedRaftLogWorker] INFO  segmented.SegmentedRaftLogWorker (SegmentedRaftLogWorker.java:execute(569)) - 3875a0db-bcd0-4e93-a77c-33ac6d7b4cc5@group-256A1EF886DA-SegmentedRaftLogWorker: created new log segment /workdir/hadoop-ozone/integration-test/target/test-dir/MiniOzoneClusterImpl-73e7cd3e-72db-4213-b677-28bfbd198772/datanode-5/data/ratis/e345481d-a1f9-4929-84a2-256a1ef886da/current/log_inprogress_0
2019-09-25 04:49:23,721 [Thread-506] INFO  impl.FollowerState (FollowerState.java:run(106)) - 3875a0db-bcd0-4e93-a77c-33ac6d7b4cc5:group-AB840B58EDDE changes to CANDIDATE, lastRpcTime:1075, electionTimeout:1075ms
2019-09-25 04:49:23,721 [Thread-506] INFO  impl.RoleInfo (RoleInfo.java:shutdownFollowerState(121)) - 3875a0db-bcd0-4e93-a77c-33ac6d7b4cc5: shutdown FollowerState
2019-09-25 04:49:23,722 [Thread-506] INFO  impl.RaftServerImpl (RaftServerImpl.java:setRole(174)) - 3875a0db-bcd0-4e93-a77c-33ac6d7b4cc5@group-AB840B58EDDE: changes role from  FOLLOWER to CANDIDATE at term 0 for changeToCandidate
2019-09-25 04:49:23,722 [Thread-506] INFO  impl.RoleInfo (RoleInfo.java:updateAndGet(143)) - 3875a0db-bcd0-4e93-a77c-33ac6d7b4cc5: start LeaderElection
2019-09-25 04:49:23,738 [3875a0db-bcd0-4e93-a77c-33ac6d7b4cc5@group-AB840B58EDDE:LeaderElection48] INFO  impl.LeaderElection (LeaderElection.java:askForVotes(182)) - 3875a0db-bcd0-4e93-a77c-33ac6d7b4cc5@group-AB840B58EDDE:LeaderElection48: begin an election at term 1 for -1: [3875a0db-bcd0-4e93-a77c-33ac6d7b4cc5:192.168.164.207:38833], old=null
2019-09-25 04:49:23,738 [3875a0db-bcd0-4e93-a77c-33ac6d7b4cc5@group-AB840B58EDDE:LeaderElection48] INFO  impl.RoleInfo (RoleInfo.java:shutdownLeaderElection(134)) - 3875a0db-bcd0-4e93-a77c-33ac6d7b4cc5: shutdown LeaderElection
2019-09-25 04:49:23,739 [3875a0db-bcd0-4e93-a77c-33ac6d7b4cc5@group-AB840B58EDDE:LeaderElection48] INFO  impl.RaftServerImpl (RaftServerImpl.java:setRole(174)) - 3875a0db-bcd0-4e93-a77c-33ac6d7b4cc5@group-AB840B58EDDE: changes role from CANDIDATE to LEADER at term 1 for changeToLeader
2019-09-25 04:49:23,739 [3875a0db-bcd0-4e93-a77c-33ac6d7b4cc5@group-AB840B58EDDE:LeaderElection48] INFO  impl.RaftServerImpl (ServerState.java:setLeader(253)) - 3875a0db-bcd0-4e93-a77c-33ac6d7b4cc5@group-AB840B58EDDE: change Leader from null to 3875a0db-bcd0-4e93-a77c-33ac6d7b4cc5 at term 1 for becomeLeader, leader elected after 1124ms
2019-09-25 04:49:23,739 [3875a0db-bcd0-4e93-a77c-33ac6d7b4cc5@group-AB840B58EDDE:LeaderElection48] INFO  server.RaftServerConfigKeys (ConfUtils.java:logGet(43)) - raft.server.staging.catchup.gap = 1000 (default)
2019-09-25 04:49:23,739 [3875a0db-bcd0-4e93-a77c-33ac6d7b4cc5@group-AB840B58EDDE:LeaderElection48] INFO  server.RaftServerConfigKeys (ConfUtils.java:logGet(43)) - raft.server.rpc.sleep.time = 25ms (default)
2019-09-25 04:49:23,739 [3875a0db-bcd0-4e93-a77c-33ac6d7b4cc5@group-AB840B58EDDE:LeaderElection48] INFO  server.RaftServerConfigKeys (ConfUtils.java:logGet(43)) - raft.server.write.element-limit = 4096 (default)
2019-09-25 04:49:23,740 [3875a0db-bcd0-4e93-a77c-33ac6d7b4cc5@group-AB840B58EDDE:LeaderElection48] INFO  server.RaftServerConfigKeys (ConfUtils.java:logGet(43)) - raft.server.watch.timeout = 10s (default)
2019-09-25 04:49:23,740 [3875a0db-bcd0-4e93-a77c-33ac6d7b4cc5@group-AB840B58EDDE:LeaderElection48] INFO  server.RaftServerConfigKeys (ConfUtils.java:logGet(43)) - raft.server.watch.timeout.denomination = 1s (default)
2019-09-25 04:49:23,740 [3875a0db-bcd0-4e93-a77c-33ac6d7b4cc5@group-AB840B58EDDE:LeaderElection48] INFO  server.RaftServerConfigKeys (ConfUtils.java:logGet(43)) - raft.server.watch.element-limit = 65536 (default)
2019-09-25 04:49:23,743 [3875a0db-bcd0-4e93-a77c-33ac6d7b4cc5@group-AB840B58EDDE:LeaderElection48] INFO  impl.RoleInfo (RoleInfo.java:updateAndGet(143)) - 3875a0db-bcd0-4e93-a77c-33ac6d7b4cc5: start LeaderState
2019-09-25 04:49:23,743 [3875a0db-bcd0-4e93-a77c-33ac6d7b4cc5@group-AB840B58EDDE:LeaderElection48] INFO  segmented.SegmentedRaftLogWorker (SegmentedRaftLogWorker.java:startLogSegment(380)) - 3875a0db-bcd0-4e93-a77c-33ac6d7b4cc5@group-AB840B58EDDE-SegmentedRaftLogWorker: Starting segment from index:0
2019-09-25 04:49:23,744 [3875a0db-bcd0-4e93-a77c-33ac6d7b4cc5@group-AB840B58EDDE:LeaderElection48] INFO  impl.RaftServerImpl (ServerState.java:setRaftConf(354)) - 3875a0db-bcd0-4e93-a77c-33ac6d7b4cc5@group-AB840B58EDDE: set configuration 0: [3875a0db-bcd0-4e93-a77c-33ac6d7b4cc5:192.168.164.207:38833], old=null at 0
2019-09-25 04:49:23,797 [3875a0db-bcd0-4e93-a77c-33ac6d7b4cc5@group-AB840B58EDDE-SegmentedRaftLogWorker] INFO  segmented.SegmentedRaftLogWorker (SegmentedRaftLogWorker.java:execute(569)) - 3875a0db-bcd0-4e93-a77c-33ac6d7b4cc5@group-AB840B58EDDE-SegmentedRaftLogWorker: created new log segment /workdir/hadoop-ozone/integration-test/target/test-dir/MiniOzoneClusterImpl-73e7cd3e-72db-4213-b677-28bfbd198772/datanode-5/data/ratis/8ce56485-d3ed-4319-97fd-ab840b58edde/current/log_inprogress_0
2019-09-25 04:49:23,851 [Thread-511] INFO  impl.FollowerState (FollowerState.java:run(106)) - ef95e979-b818-4083-9289-18188944726b:group-AE58A2D360CA changes to CANDIDATE, lastRpcTime:1122, electionTimeout:1122ms
2019-09-25 04:49:23,851 [Thread-511] INFO  impl.RoleInfo (RoleInfo.java:shutdownFollowerState(121)) - ef95e979-b818-4083-9289-18188944726b: shutdown FollowerState
2019-09-25 04:49:23,852 [Thread-511] INFO  impl.RaftServerImpl (RaftServerImpl.java:setRole(174)) - ef95e979-b818-4083-9289-18188944726b@group-AE58A2D360CA: changes role from  FOLLOWER to CANDIDATE at term 0 for changeToCandidate
2019-09-25 04:49:23,852 [Thread-511] INFO  impl.RoleInfo (RoleInfo.java:updateAndGet(143)) - ef95e979-b818-4083-9289-18188944726b: start LeaderElection
2019-09-25 04:49:23,866 [ef95e979-b818-4083-9289-18188944726b@group-AE58A2D360CA:LeaderElection49] INFO  impl.LeaderElection (LeaderElection.java:askForVotes(182)) - ef95e979-b818-4083-9289-18188944726b@group-AE58A2D360CA:LeaderElection49: begin an election at term 1 for -1: [ef95e979-b818-4083-9289-18188944726b:192.168.164.207:36359], old=null
2019-09-25 04:49:23,866 [ef95e979-b818-4083-9289-18188944726b@group-AE58A2D360CA:LeaderElection49] INFO  impl.RoleInfo (RoleInfo.java:shutdownLeaderElection(134)) - ef95e979-b818-4083-9289-18188944726b: shutdown LeaderElection
2019-09-25 04:49:23,866 [ef95e979-b818-4083-9289-18188944726b@group-AE58A2D360CA:LeaderElection49] INFO  impl.RaftServerImpl (RaftServerImpl.java:setRole(174)) - ef95e979-b818-4083-9289-18188944726b@group-AE58A2D360CA: changes role from CANDIDATE to LEADER at term 1 for changeToLeader
2019-09-25 04:49:23,867 [ef95e979-b818-4083-9289-18188944726b@group-AE58A2D360CA:LeaderElection49] INFO  impl.RaftServerImpl (ServerState.java:setLeader(253)) - ef95e979-b818-4083-9289-18188944726b@group-AE58A2D360CA: change Leader from null to ef95e979-b818-4083-9289-18188944726b at term 1 for becomeLeader, leader elected after 1143ms
2019-09-25 04:49:23,867 [ef95e979-b818-4083-9289-18188944726b@group-AE58A2D360CA:LeaderElection49] INFO  server.RaftServerConfigKeys (ConfUtils.java:logGet(43)) - raft.server.staging.catchup.gap = 1000 (default)
2019-09-25 04:49:23,867 [ef95e979-b818-4083-9289-18188944726b@group-AE58A2D360CA:LeaderElection49] INFO  server.RaftServerConfigKeys (ConfUtils.java:logGet(43)) - raft.server.rpc.sleep.time = 25ms (default)
2019-09-25 04:49:23,867 [ef95e979-b818-4083-9289-18188944726b@group-AE58A2D360CA:LeaderElection49] INFO  server.RaftServerConfigKeys (ConfUtils.java:logGet(43)) - raft.server.write.element-limit = 4096 (default)
2019-09-25 04:49:23,867 [ef95e979-b818-4083-9289-18188944726b@group-AE58A2D360CA:LeaderElection49] INFO  server.RaftServerConfigKeys (ConfUtils.java:logGet(43)) - raft.server.watch.timeout = 10s (default)
2019-09-25 04:49:23,868 [ef95e979-b818-4083-9289-18188944726b@group-AE58A2D360CA:LeaderElection49] INFO  server.RaftServerConfigKeys (ConfUtils.java:logGet(43)) - raft.server.watch.timeout.denomination = 1s (default)
2019-09-25 04:49:23,868 [ef95e979-b818-4083-9289-18188944726b@group-AE58A2D360CA:LeaderElection49] INFO  server.RaftServerConfigKeys (ConfUtils.java:logGet(43)) - raft.server.watch.element-limit = 65536 (default)
2019-09-25 04:49:23,871 [ef95e979-b818-4083-9289-18188944726b@group-AE58A2D360CA:LeaderElection49] INFO  impl.RoleInfo (RoleInfo.java:updateAndGet(143)) - ef95e979-b818-4083-9289-18188944726b: start LeaderState
2019-09-25 04:49:23,871 [ef95e979-b818-4083-9289-18188944726b@group-AE58A2D360CA:LeaderElection49] INFO  segmented.SegmentedRaftLogWorker (SegmentedRaftLogWorker.java:startLogSegment(380)) - ef95e979-b818-4083-9289-18188944726b@group-AE58A2D360CA-SegmentedRaftLogWorker: Starting segment from index:0
2019-09-25 04:49:23,872 [ef95e979-b818-4083-9289-18188944726b@group-AE58A2D360CA:LeaderElection49] INFO  impl.RaftServerImpl (ServerState.java:setRaftConf(354)) - ef95e979-b818-4083-9289-18188944726b@group-AE58A2D360CA: set configuration 0: [ef95e979-b818-4083-9289-18188944726b:192.168.164.207:36359], old=null at 0
2019-09-25 04:49:23,919 [ef95e979-b818-4083-9289-18188944726b@group-AE58A2D360CA-SegmentedRaftLogWorker] INFO  segmented.SegmentedRaftLogWorker (SegmentedRaftLogWorker.java:execute(569)) - ef95e979-b818-4083-9289-18188944726b@group-AE58A2D360CA-SegmentedRaftLogWorker: created new log segment /workdir/hadoop-ozone/integration-test/target/test-dir/MiniOzoneClusterImpl-73e7cd3e-72db-4213-b677-28bfbd198772/datanode-9/data/ratis/bd15e9c3-6238-4bee-b544-ae58a2d360ca/current/log_inprogress_0
2019-09-25 04:49:23,993 [Thread-522] INFO  impl.FollowerState (FollowerState.java:run(106)) - fcf37978-6168-4314-87d6-0e8a7c1fc6e1:group-4FADE633D970 changes to CANDIDATE, lastRpcTime:1070, electionTimeout:1070ms
2019-09-25 04:49:23,993 [Thread-522] INFO  impl.RoleInfo (RoleInfo.java:shutdownFollowerState(121)) - fcf37978-6168-4314-87d6-0e8a7c1fc6e1: shutdown FollowerState
2019-09-25 04:49:23,994 [Thread-522] INFO  impl.RaftServerImpl (RaftServerImpl.java:setRole(174)) - fcf37978-6168-4314-87d6-0e8a7c1fc6e1@group-4FADE633D970: changes role from  FOLLOWER to CANDIDATE at term 0 for changeToCandidate
2019-09-25 04:49:23,994 [Thread-522] INFO  impl.RoleInfo (RoleInfo.java:updateAndGet(143)) - fcf37978-6168-4314-87d6-0e8a7c1fc6e1: start LeaderElection
2019-09-25 04:49:24,003 [Thread-517] INFO  impl.FollowerState (FollowerState.java:run(106)) - eccaf005-8169-4dfc-be1f-8981a011c66c:group-73C4AFE7F411 changes to CANDIDATE, lastRpcTime:1150, electionTimeout:1150ms
2019-09-25 04:49:24,003 [Thread-517] INFO  impl.RoleInfo (RoleInfo.java:shutdownFollowerState(121)) - eccaf005-8169-4dfc-be1f-8981a011c66c: shutdown FollowerState
2019-09-25 04:49:24,003 [Thread-517] INFO  impl.RaftServerImpl (RaftServerImpl.java:setRole(174)) - eccaf005-8169-4dfc-be1f-8981a011c66c@group-73C4AFE7F411: changes role from  FOLLOWER to CANDIDATE at term 0 for changeToCandidate
2019-09-25 04:49:24,003 [Thread-517] INFO  impl.RoleInfo (RoleInfo.java:updateAndGet(143)) - eccaf005-8169-4dfc-be1f-8981a011c66c: start LeaderElection
2019-09-25 04:49:24,009 [fcf37978-6168-4314-87d6-0e8a7c1fc6e1@group-4FADE633D970:LeaderElection50] INFO  impl.LeaderElection (LeaderElection.java:askForVotes(182)) - fcf37978-6168-4314-87d6-0e8a7c1fc6e1@group-4FADE633D970:LeaderElection50: begin an election at term 1 for -1: [fcf37978-6168-4314-87d6-0e8a7c1fc6e1:192.168.164.207:44984], old=null
2019-09-25 04:49:24,009 [eccaf005-8169-4dfc-be1f-8981a011c66c@group-73C4AFE7F411:LeaderElection51] INFO  impl.LeaderElection (LeaderElection.java:askForVotes(182)) - eccaf005-8169-4dfc-be1f-8981a011c66c@group-73C4AFE7F411:LeaderElection51: begin an election at term 1 for -1: [eccaf005-8169-4dfc-be1f-8981a011c66c:192.168.164.207:46393], old=null
2019-09-25 04:49:24,009 [fcf37978-6168-4314-87d6-0e8a7c1fc6e1@group-4FADE633D970:LeaderElection50] INFO  impl.RoleInfo (RoleInfo.java:shutdownLeaderElection(134)) - fcf37978-6168-4314-87d6-0e8a7c1fc6e1: shutdown LeaderElection
2019-09-25 04:49:24,009 [eccaf005-8169-4dfc-be1f-8981a011c66c@group-73C4AFE7F411:LeaderElection51] INFO  impl.RoleInfo (RoleInfo.java:shutdownLeaderElection(134)) - eccaf005-8169-4dfc-be1f-8981a011c66c: shutdown LeaderElection
2019-09-25 04:49:24,009 [fcf37978-6168-4314-87d6-0e8a7c1fc6e1@group-4FADE633D970:LeaderElection50] INFO  impl.RaftServerImpl (RaftServerImpl.java:setRole(174)) - fcf37978-6168-4314-87d6-0e8a7c1fc6e1@group-4FADE633D970: changes role from CANDIDATE to LEADER at term 1 for changeToLeader
2019-09-25 04:49:24,009 [eccaf005-8169-4dfc-be1f-8981a011c66c@group-73C4AFE7F411:LeaderElection51] INFO  impl.RaftServerImpl (RaftServerImpl.java:setRole(174)) - eccaf005-8169-4dfc-be1f-8981a011c66c@group-73C4AFE7F411: changes role from CANDIDATE to LEADER at term 1 for changeToLeader
2019-09-25 04:49:24,010 [fcf37978-6168-4314-87d6-0e8a7c1fc6e1@group-4FADE633D970:LeaderElection50] INFO  impl.RaftServerImpl (ServerState.java:setLeader(253)) - fcf37978-6168-4314-87d6-0e8a7c1fc6e1@group-4FADE633D970: change Leader from null to fcf37978-6168-4314-87d6-0e8a7c1fc6e1 at term 1 for becomeLeader, leader elected after 1094ms
2019-09-25 04:49:24,010 [eccaf005-8169-4dfc-be1f-8981a011c66c@group-73C4AFE7F411:LeaderElection51] INFO  impl.RaftServerImpl (ServerState.java:setLeader(253)) - eccaf005-8169-4dfc-be1f-8981a011c66c@group-73C4AFE7F411: change Leader from null to eccaf005-8169-4dfc-be1f-8981a011c66c at term 1 for becomeLeader, leader elected after 1164ms
2019-09-25 04:49:24,010 [fcf37978-6168-4314-87d6-0e8a7c1fc6e1@group-4FADE633D970:LeaderElection50] INFO  server.RaftServerConfigKeys (ConfUtils.java:logGet(43)) - raft.server.staging.catchup.gap = 1000 (default)
2019-09-25 04:49:24,010 [eccaf005-8169-4dfc-be1f-8981a011c66c@group-73C4AFE7F411:LeaderElection51] INFO  server.RaftServerConfigKeys (ConfUtils.java:logGet(43)) - raft.server.staging.catchup.gap = 1000 (default)
2019-09-25 04:49:24,010 [eccaf005-8169-4dfc-be1f-8981a011c66c@group-73C4AFE7F411:LeaderElection51] INFO  server.RaftServerConfigKeys (ConfUtils.java:logGet(43)) - raft.server.rpc.sleep.time = 25ms (default)
2019-09-25 04:49:24,010 [fcf37978-6168-4314-87d6-0e8a7c1fc6e1@group-4FADE633D970:LeaderElection50] INFO  server.RaftServerConfigKeys (ConfUtils.java:logGet(43)) - raft.server.rpc.sleep.time = 25ms (default)
2019-09-25 04:49:24,010 [eccaf005-8169-4dfc-be1f-8981a011c66c@group-73C4AFE7F411:LeaderElection51] INFO  server.RaftServerConfigKeys (ConfUtils.java:logGet(43)) - raft.server.write.element-limit = 4096 (default)
2019-09-25 04:49:24,011 [fcf37978-6168-4314-87d6-0e8a7c1fc6e1@group-4FADE633D970:LeaderElection50] INFO  server.RaftServerConfigKeys (ConfUtils.java:logGet(43)) - raft.server.write.element-limit = 4096 (default)
2019-09-25 04:49:24,011 [eccaf005-8169-4dfc-be1f-8981a011c66c@group-73C4AFE7F411:LeaderElection51] INFO  server.RaftServerConfigKeys (ConfUtils.java:logGet(43)) - raft.server.watch.timeout = 10s (default)
2019-09-25 04:49:24,011 [fcf37978-6168-4314-87d6-0e8a7c1fc6e1@group-4FADE633D970:LeaderElection50] INFO  server.RaftServerConfigKeys (ConfUtils.java:logGet(43)) - raft.server.watch.timeout = 10s (default)
2019-09-25 04:49:24,011 [eccaf005-8169-4dfc-be1f-8981a011c66c@group-73C4AFE7F411:LeaderElection51] INFO  server.RaftServerConfigKeys (ConfUtils.java:logGet(43)) - raft.server.watch.timeout.denomination = 1s (default)
2019-09-25 04:49:24,011 [fcf37978-6168-4314-87d6-0e8a7c1fc6e1@group-4FADE633D970:LeaderElection50] INFO  server.RaftServerConfigKeys (ConfUtils.java:logGet(43)) - raft.server.watch.timeout.denomination = 1s (default)
2019-09-25 04:49:24,012 [eccaf005-8169-4dfc-be1f-8981a011c66c@group-73C4AFE7F411:LeaderElection51] INFO  server.RaftServerConfigKeys (ConfUtils.java:logGet(43)) - raft.server.watch.element-limit = 65536 (default)
2019-09-25 04:49:24,012 [fcf37978-6168-4314-87d6-0e8a7c1fc6e1@group-4FADE633D970:LeaderElection50] INFO  server.RaftServerConfigKeys (ConfUtils.java:logGet(43)) - raft.server.watch.element-limit = 65536 (default)
2019-09-25 04:49:24,015 [eccaf005-8169-4dfc-be1f-8981a011c66c@group-73C4AFE7F411:LeaderElection51] INFO  impl.RoleInfo (RoleInfo.java:updateAndGet(143)) - eccaf005-8169-4dfc-be1f-8981a011c66c: start LeaderState
2019-09-25 04:49:24,015 [eccaf005-8169-4dfc-be1f-8981a011c66c@group-73C4AFE7F411:LeaderElection51] INFO  segmented.SegmentedRaftLogWorker (SegmentedRaftLogWorker.java:startLogSegment(380)) - eccaf005-8169-4dfc-be1f-8981a011c66c@group-73C4AFE7F411-SegmentedRaftLogWorker: Starting segment from index:0
2019-09-25 04:49:24,016 [fcf37978-6168-4314-87d6-0e8a7c1fc6e1@group-4FADE633D970:LeaderElection50] INFO  impl.RoleInfo (RoleInfo.java:updateAndGet(143)) - fcf37978-6168-4314-87d6-0e8a7c1fc6e1: start LeaderState
2019-09-25 04:49:24,016 [eccaf005-8169-4dfc-be1f-8981a011c66c@group-73C4AFE7F411:LeaderElection51] INFO  impl.RaftServerImpl (ServerState.java:setRaftConf(354)) - eccaf005-8169-4dfc-be1f-8981a011c66c@group-73C4AFE7F411: set configuration 0: [eccaf005-8169-4dfc-be1f-8981a011c66c:192.168.164.207:46393], old=null at 0
2019-09-25 04:49:24,016 [fcf37978-6168-4314-87d6-0e8a7c1fc6e1@group-4FADE633D970:LeaderElection50] INFO  segmented.SegmentedRaftLogWorker (SegmentedRaftLogWorker.java:startLogSegment(380)) - fcf37978-6168-4314-87d6-0e8a7c1fc6e1@group-4FADE633D970-SegmentedRaftLogWorker: Starting segment from index:0
2019-09-25 04:49:24,017 [fcf37978-6168-4314-87d6-0e8a7c1fc6e1@group-4FADE633D970:LeaderElection50] INFO  impl.RaftServerImpl (ServerState.java:setRaftConf(354)) - fcf37978-6168-4314-87d6-0e8a7c1fc6e1@group-4FADE633D970: set configuration 0: [fcf37978-6168-4314-87d6-0e8a7c1fc6e1:192.168.164.207:44984], old=null at 0
2019-09-25 04:49:24,068 [eccaf005-8169-4dfc-be1f-8981a011c66c@group-73C4AFE7F411-SegmentedRaftLogWorker] INFO  segmented.SegmentedRaftLogWorker (SegmentedRaftLogWorker.java:execute(569)) - eccaf005-8169-4dfc-be1f-8981a011c66c@group-73C4AFE7F411-SegmentedRaftLogWorker: created new log segment /workdir/hadoop-ozone/integration-test/target/test-dir/MiniOzoneClusterImpl-73e7cd3e-72db-4213-b677-28bfbd198772/datanode-4/data/ratis/d9e094c7-550f-4045-a7d9-73c4afe7f411/current/log_inprogress_0
2019-09-25 04:49:24,068 [fcf37978-6168-4314-87d6-0e8a7c1fc6e1@group-4FADE633D970-SegmentedRaftLogWorker] INFO  segmented.SegmentedRaftLogWorker (SegmentedRaftLogWorker.java:execute(569)) - fcf37978-6168-4314-87d6-0e8a7c1fc6e1@group-4FADE633D970-SegmentedRaftLogWorker: created new log segment /workdir/hadoop-ozone/integration-test/target/test-dir/MiniOzoneClusterImpl-73e7cd3e-72db-4213-b677-28bfbd198772/datanode-3/data/ratis/bc3b7c01-501d-4147-be22-4fade633d970/current/log_inprogress_0
2019-09-25 04:49:24,106 [Thread-525] INFO  impl.FollowerState (FollowerState.java:run(106)) - ef95e979-b818-4083-9289-18188944726b:group-6963AD9ECE0B changes to CANDIDATE, lastRpcTime:1102, electionTimeout:1102ms
2019-09-25 04:49:24,107 [Thread-525] INFO  impl.RoleInfo (RoleInfo.java:shutdownFollowerState(121)) - ef95e979-b818-4083-9289-18188944726b: shutdown FollowerState
2019-09-25 04:49:24,107 [Thread-525] INFO  impl.RaftServerImpl (RaftServerImpl.java:setRole(174)) - ef95e979-b818-4083-9289-18188944726b@group-6963AD9ECE0B: changes role from  FOLLOWER to CANDIDATE at term 0 for changeToCandidate
2019-09-25 04:49:24,107 [Thread-525] INFO  impl.RoleInfo (RoleInfo.java:updateAndGet(143)) - ef95e979-b818-4083-9289-18188944726b: start LeaderElection
2019-09-25 04:49:24,122 [ef95e979-b818-4083-9289-18188944726b@group-6963AD9ECE0B:LeaderElection52] INFO  impl.LeaderElection (LeaderElection.java:askForVotes(182)) - ef95e979-b818-4083-9289-18188944726b@group-6963AD9ECE0B:LeaderElection52: begin an election at term 1 for -1: [ef95e979-b818-4083-9289-18188944726b:192.168.164.207:36359], old=null
2019-09-25 04:49:24,122 [ef95e979-b818-4083-9289-18188944726b@group-6963AD9ECE0B:LeaderElection52] INFO  impl.RoleInfo (RoleInfo.java:shutdownLeaderElection(134)) - ef95e979-b818-4083-9289-18188944726b: shutdown LeaderElection
2019-09-25 04:49:24,122 [ef95e979-b818-4083-9289-18188944726b@group-6963AD9ECE0B:LeaderElection52] INFO  impl.RaftServerImpl (RaftServerImpl.java:setRole(174)) - ef95e979-b818-4083-9289-18188944726b@group-6963AD9ECE0B: changes role from CANDIDATE to LEADER at term 1 for changeToLeader
2019-09-25 04:49:24,122 [ef95e979-b818-4083-9289-18188944726b@group-6963AD9ECE0B:LeaderElection52] INFO  impl.RaftServerImpl (ServerState.java:setLeader(253)) - ef95e979-b818-4083-9289-18188944726b@group-6963AD9ECE0B: change Leader from null to ef95e979-b818-4083-9289-18188944726b at term 1 for becomeLeader, leader elected after 1125ms
2019-09-25 04:49:24,122 [ef95e979-b818-4083-9289-18188944726b@group-6963AD9ECE0B:LeaderElection52] INFO  server.RaftServerConfigKeys (ConfUtils.java:logGet(43)) - raft.server.staging.catchup.gap = 1000 (default)
2019-09-25 04:49:24,123 [ef95e979-b818-4083-9289-18188944726b@group-6963AD9ECE0B:LeaderElection52] INFO  server.RaftServerConfigKeys (ConfUtils.java:logGet(43)) - raft.server.rpc.sleep.time = 25ms (default)
2019-09-25 04:49:24,123 [ef95e979-b818-4083-9289-18188944726b@group-6963AD9ECE0B:LeaderElection52] INFO  server.RaftServerConfigKeys (ConfUtils.java:logGet(43)) - raft.server.write.element-limit = 4096 (default)
2019-09-25 04:49:24,123 [ef95e979-b818-4083-9289-18188944726b@group-6963AD9ECE0B:LeaderElection52] INFO  server.RaftServerConfigKeys (ConfUtils.java:logGet(43)) - raft.server.watch.timeout = 10s (default)
2019-09-25 04:49:24,123 [ef95e979-b818-4083-9289-18188944726b@group-6963AD9ECE0B:LeaderElection52] INFO  server.RaftServerConfigKeys (ConfUtils.java:logGet(43)) - raft.server.watch.timeout.denomination = 1s (default)
2019-09-25 04:49:24,123 [ef95e979-b818-4083-9289-18188944726b@group-6963AD9ECE0B:LeaderElection52] INFO  server.RaftServerConfigKeys (ConfUtils.java:logGet(43)) - raft.server.watch.element-limit = 65536 (default)
2019-09-25 04:49:24,126 [ef95e979-b818-4083-9289-18188944726b@group-6963AD9ECE0B:LeaderElection52] INFO  impl.RoleInfo (RoleInfo.java:updateAndGet(143)) - ef95e979-b818-4083-9289-18188944726b: start LeaderState
2019-09-25 04:49:24,126 [ef95e979-b818-4083-9289-18188944726b@group-6963AD9ECE0B:LeaderElection52] INFO  segmented.SegmentedRaftLogWorker (SegmentedRaftLogWorker.java:startLogSegment(380)) - ef95e979-b818-4083-9289-18188944726b@group-6963AD9ECE0B-SegmentedRaftLogWorker: Starting segment from index:0
2019-09-25 04:49:24,127 [ef95e979-b818-4083-9289-18188944726b@group-6963AD9ECE0B:LeaderElection52] INFO  impl.RaftServerImpl (ServerState.java:setRaftConf(354)) - ef95e979-b818-4083-9289-18188944726b@group-6963AD9ECE0B: set configuration 0: [ef95e979-b818-4083-9289-18188944726b:192.168.164.207:36359], old=null at 0
2019-09-25 04:49:24,182 [ef95e979-b818-4083-9289-18188944726b@group-6963AD9ECE0B-SegmentedRaftLogWorker] INFO  segmented.SegmentedRaftLogWorker (SegmentedRaftLogWorker.java:execute(569)) - ef95e979-b818-4083-9289-18188944726b@group-6963AD9ECE0B-SegmentedRaftLogWorker: created new log segment /workdir/hadoop-ozone/integration-test/target/test-dir/MiniOzoneClusterImpl-73e7cd3e-72db-4213-b677-28bfbd198772/datanode-9/data/ratis/a9f340ea-06d3-42fb-b659-6963ad9ece0b/current/log_inprogress_0
2019-09-25 04:49:24,204 [Thread-532] INFO  impl.FollowerState (FollowerState.java:run(106)) - 778daabb-04ae-41de-8067-bd0724312da7:group-0D174AFCE633 changes to CANDIDATE, lastRpcTime:1109, electionTimeout:1109ms
2019-09-25 04:49:24,204 [Thread-532] INFO  impl.RoleInfo (RoleInfo.java:shutdownFollowerState(121)) - 778daabb-04ae-41de-8067-bd0724312da7: shutdown FollowerState
2019-09-25 04:49:24,204 [Thread-532] INFO  impl.RaftServerImpl (RaftServerImpl.java:setRole(174)) - 778daabb-04ae-41de-8067-bd0724312da7@group-0D174AFCE633: changes role from  FOLLOWER to CANDIDATE at term 0 for changeToCandidate
2019-09-25 04:49:24,205 [Thread-532] INFO  impl.RoleInfo (RoleInfo.java:updateAndGet(143)) - 778daabb-04ae-41de-8067-bd0724312da7: start LeaderElection
2019-09-25 04:49:24,231 [778daabb-04ae-41de-8067-bd0724312da7@group-0D174AFCE633:LeaderElection53] INFO  impl.LeaderElection (LeaderElection.java:askForVotes(182)) - 778daabb-04ae-41de-8067-bd0724312da7@group-0D174AFCE633:LeaderElection53: begin an election at term 1 for -1: [778daabb-04ae-41de-8067-bd0724312da7:192.168.164.207:43912], old=null
2019-09-25 04:49:24,231 [778daabb-04ae-41de-8067-bd0724312da7@group-0D174AFCE633:LeaderElection53] INFO  impl.RoleInfo (RoleInfo.java:shutdownLeaderElection(134)) - 778daabb-04ae-41de-8067-bd0724312da7: shutdown LeaderElection
2019-09-25 04:49:24,231 [778daabb-04ae-41de-8067-bd0724312da7@group-0D174AFCE633:LeaderElection53] INFO  impl.RaftServerImpl (RaftServerImpl.java:setRole(174)) - 778daabb-04ae-41de-8067-bd0724312da7@group-0D174AFCE633: changes role from CANDIDATE to LEADER at term 1 for changeToLeader
2019-09-25 04:49:24,231 [778daabb-04ae-41de-8067-bd0724312da7@group-0D174AFCE633:LeaderElection53] INFO  impl.RaftServerImpl (ServerState.java:setLeader(253)) - 778daabb-04ae-41de-8067-bd0724312da7@group-0D174AFCE633: change Leader from null to 778daabb-04ae-41de-8067-bd0724312da7 at term 1 for becomeLeader, leader elected after 1142ms
2019-09-25 04:49:24,231 [778daabb-04ae-41de-8067-bd0724312da7@group-0D174AFCE633:LeaderElection53] INFO  server.RaftServerConfigKeys (ConfUtils.java:logGet(43)) - raft.server.staging.catchup.gap = 1000 (default)
2019-09-25 04:49:24,231 [778daabb-04ae-41de-8067-bd0724312da7@group-0D174AFCE633:LeaderElection53] INFO  server.RaftServerConfigKeys (ConfUtils.java:logGet(43)) - raft.server.rpc.sleep.time = 25ms (default)
2019-09-25 04:49:24,231 [778daabb-04ae-41de-8067-bd0724312da7@group-0D174AFCE633:LeaderElection53] INFO  server.RaftServerConfigKeys (ConfUtils.java:logGet(43)) - raft.server.write.element-limit = 4096 (default)
2019-09-25 04:49:24,231 [778daabb-04ae-41de-8067-bd0724312da7@group-0D174AFCE633:LeaderElection53] INFO  server.RaftServerConfigKeys (ConfUtils.java:logGet(43)) - raft.server.watch.timeout = 10s (default)
2019-09-25 04:49:24,232 [778daabb-04ae-41de-8067-bd0724312da7@group-0D174AFCE633:LeaderElection53] INFO  server.RaftServerConfigKeys (ConfUtils.java:logGet(43)) - raft.server.watch.timeout.denomination = 1s (default)
2019-09-25 04:49:24,232 [778daabb-04ae-41de-8067-bd0724312da7@group-0D174AFCE633:LeaderElection53] INFO  server.RaftServerConfigKeys (ConfUtils.java:logGet(43)) - raft.server.watch.element-limit = 65536 (default)
2019-09-25 04:49:24,233 [778daabb-04ae-41de-8067-bd0724312da7@group-0D174AFCE633:LeaderElection53] INFO  impl.RoleInfo (RoleInfo.java:updateAndGet(143)) - 778daabb-04ae-41de-8067-bd0724312da7: start LeaderState
2019-09-25 04:49:24,234 [778daabb-04ae-41de-8067-bd0724312da7@group-0D174AFCE633:LeaderElection53] INFO  segmented.SegmentedRaftLogWorker (SegmentedRaftLogWorker.java:startLogSegment(380)) - 778daabb-04ae-41de-8067-bd0724312da7@group-0D174AFCE633-SegmentedRaftLogWorker: Starting segment from index:0
2019-09-25 04:49:24,234 [778daabb-04ae-41de-8067-bd0724312da7@group-0D174AFCE633:LeaderElection53] INFO  impl.RaftServerImpl (ServerState.java:setRaftConf(354)) - 778daabb-04ae-41de-8067-bd0724312da7@group-0D174AFCE633: set configuration 0: [778daabb-04ae-41de-8067-bd0724312da7:192.168.164.207:43912], old=null at 0
2019-09-25 04:49:24,244 [Thread-528] INFO  impl.FollowerState (FollowerState.java:run(106)) - 778daabb-04ae-41de-8067-bd0724312da7:group-8CABF8D73106 changes to CANDIDATE, lastRpcTime:1194, electionTimeout:1194ms
2019-09-25 04:49:24,244 [Thread-528] INFO  impl.RoleInfo (RoleInfo.java:shutdownFollowerState(121)) - 778daabb-04ae-41de-8067-bd0724312da7: shutdown FollowerState
2019-09-25 04:49:24,244 [Thread-528] INFO  impl.RaftServerImpl (RaftServerImpl.java:setRole(174)) - 778daabb-04ae-41de-8067-bd0724312da7@group-8CABF8D73106: changes role from  FOLLOWER to CANDIDATE at term 0 for changeToCandidate
2019-09-25 04:49:24,245 [Thread-528] INFO  impl.RoleInfo (RoleInfo.java:updateAndGet(143)) - 778daabb-04ae-41de-8067-bd0724312da7: start LeaderElection
2019-09-25 04:49:24,257 [778daabb-04ae-41de-8067-bd0724312da7@group-8CABF8D73106:LeaderElection54] INFO  impl.LeaderElection (LeaderElection.java:askForVotes(182)) - 778daabb-04ae-41de-8067-bd0724312da7@group-8CABF8D73106:LeaderElection54: begin an election at term 1 for -1: [778daabb-04ae-41de-8067-bd0724312da7:192.168.164.207:43912], old=null
2019-09-25 04:49:24,258 [778daabb-04ae-41de-8067-bd0724312da7@group-8CABF8D73106:LeaderElection54] INFO  impl.RoleInfo (RoleInfo.java:shutdownLeaderElection(134)) - 778daabb-04ae-41de-8067-bd0724312da7: shutdown LeaderElection
2019-09-25 04:49:24,258 [778daabb-04ae-41de-8067-bd0724312da7@group-8CABF8D73106:LeaderElection54] INFO  impl.RaftServerImpl (RaftServerImpl.java:setRole(174)) - 778daabb-04ae-41de-8067-bd0724312da7@group-8CABF8D73106: changes role from CANDIDATE to LEADER at term 1 for changeToLeader
2019-09-25 04:49:24,258 [778daabb-04ae-41de-8067-bd0724312da7@group-8CABF8D73106:LeaderElection54] INFO  impl.RaftServerImpl (ServerState.java:setLeader(253)) - 778daabb-04ae-41de-8067-bd0724312da7@group-8CABF8D73106: change Leader from null to 778daabb-04ae-41de-8067-bd0724312da7 at term 1 for becomeLeader, leader elected after 1214ms
2019-09-25 04:49:24,258 [778daabb-04ae-41de-8067-bd0724312da7@group-8CABF8D73106:LeaderElection54] INFO  server.RaftServerConfigKeys (ConfUtils.java:logGet(43)) - raft.server.staging.catchup.gap = 1000 (default)
2019-09-25 04:49:24,258 [778daabb-04ae-41de-8067-bd0724312da7@group-8CABF8D73106:LeaderElection54] INFO  server.RaftServerConfigKeys (ConfUtils.java:logGet(43)) - raft.server.rpc.sleep.time = 25ms (default)
2019-09-25 04:49:24,258 [778daabb-04ae-41de-8067-bd0724312da7@group-8CABF8D73106:LeaderElection54] INFO  server.RaftServerConfigKeys (ConfUtils.java:logGet(43)) - raft.server.write.element-limit = 4096 (default)
2019-09-25 04:49:24,258 [778daabb-04ae-41de-8067-bd0724312da7@group-8CABF8D73106:LeaderElection54] INFO  server.RaftServerConfigKeys (ConfUtils.java:logGet(43)) - raft.server.watch.timeout = 10s (default)
2019-09-25 04:49:24,258 [778daabb-04ae-41de-8067-bd0724312da7@group-8CABF8D73106:LeaderElection54] INFO  server.RaftServerConfigKeys (ConfUtils.java:logGet(43)) - raft.server.watch.timeout.denomination = 1s (default)
2019-09-25 04:49:24,258 [778daabb-04ae-41de-8067-bd0724312da7@group-8CABF8D73106:LeaderElection54] INFO  server.RaftServerConfigKeys (ConfUtils.java:logGet(43)) - raft.server.watch.element-limit = 65536 (default)
2019-09-25 04:49:24,260 [778daabb-04ae-41de-8067-bd0724312da7@group-8CABF8D73106:LeaderElection54] INFO  impl.RoleInfo (RoleInfo.java:updateAndGet(143)) - 778daabb-04ae-41de-8067-bd0724312da7: start LeaderState
2019-09-25 04:49:24,260 [778daabb-04ae-41de-8067-bd0724312da7@group-8CABF8D73106:LeaderElection54] INFO  segmented.SegmentedRaftLogWorker (SegmentedRaftLogWorker.java:startLogSegment(380)) - 778daabb-04ae-41de-8067-bd0724312da7@group-8CABF8D73106-SegmentedRaftLogWorker: Starting segment from index:0
2019-09-25 04:49:24,261 [778daabb-04ae-41de-8067-bd0724312da7@group-8CABF8D73106:LeaderElection54] INFO  impl.RaftServerImpl (ServerState.java:setRaftConf(354)) - 778daabb-04ae-41de-8067-bd0724312da7@group-8CABF8D73106: set configuration 0: [778daabb-04ae-41de-8067-bd0724312da7:192.168.164.207:43912], old=null at 0
2019-09-25 04:49:24,286 [Thread-541] INFO  impl.FollowerState (FollowerState.java:run(106)) - 778daabb-04ae-41de-8067-bd0724312da7:group-428C4BFFBB98 changes to CANDIDATE, lastRpcTime:1073, electionTimeout:1073ms
2019-09-25 04:49:24,286 [Thread-541] INFO  impl.RoleInfo (RoleInfo.java:shutdownFollowerState(121)) - 778daabb-04ae-41de-8067-bd0724312da7: shutdown FollowerState
2019-09-25 04:49:24,286 [Thread-541] INFO  impl.RaftServerImpl (RaftServerImpl.java:setRole(174)) - 778daabb-04ae-41de-8067-bd0724312da7@group-428C4BFFBB98: changes role from  FOLLOWER to CANDIDATE at term 0 for changeToCandidate
2019-09-25 04:49:24,286 [Thread-541] INFO  impl.RoleInfo (RoleInfo.java:updateAndGet(143)) - 778daabb-04ae-41de-8067-bd0724312da7: start LeaderElection
2019-09-25 04:49:24,293 [778daabb-04ae-41de-8067-bd0724312da7@group-0D174AFCE633-SegmentedRaftLogWorker] INFO  segmented.SegmentedRaftLogWorker (SegmentedRaftLogWorker.java:execute(569)) - 778daabb-04ae-41de-8067-bd0724312da7@group-0D174AFCE633-SegmentedRaftLogWorker: created new log segment /workdir/hadoop-ozone/integration-test/target/test-dir/MiniOzoneClusterImpl-73e7cd3e-72db-4213-b677-28bfbd198772/datanode-8/data/ratis/2630ffb1-64e0-4019-8207-0d174afce633/current/log_inprogress_0
2019-09-25 04:49:24,316 [778daabb-04ae-41de-8067-bd0724312da7@group-8CABF8D73106-SegmentedRaftLogWorker] INFO  segmented.SegmentedRaftLogWorker (SegmentedRaftLogWorker.java:execute(569)) - 778daabb-04ae-41de-8067-bd0724312da7@group-8CABF8D73106-SegmentedRaftLogWorker: created new log segment /workdir/hadoop-ozone/integration-test/target/test-dir/MiniOzoneClusterImpl-73e7cd3e-72db-4213-b677-28bfbd198772/datanode-8/data/ratis/fe084bea-5fb8-4c1a-bb27-8cabf8d73106/current/log_inprogress_0
2019-09-25 04:49:24,316 [778daabb-04ae-41de-8067-bd0724312da7@group-428C4BFFBB98:LeaderElection55] INFO  impl.LeaderElection (LeaderElection.java:askForVotes(182)) - 778daabb-04ae-41de-8067-bd0724312da7@group-428C4BFFBB98:LeaderElection55: begin an election at term 1 for -1: [778daabb-04ae-41de-8067-bd0724312da7:192.168.164.207:43912], old=null
2019-09-25 04:49:24,316 [778daabb-04ae-41de-8067-bd0724312da7@group-428C4BFFBB98:LeaderElection55] INFO  impl.RoleInfo (RoleInfo.java:shutdownLeaderElection(134)) - 778daabb-04ae-41de-8067-bd0724312da7: shutdown LeaderElection
2019-09-25 04:49:24,317 [778daabb-04ae-41de-8067-bd0724312da7@group-428C4BFFBB98:LeaderElection55] INFO  impl.RaftServerImpl (RaftServerImpl.java:setRole(174)) - 778daabb-04ae-41de-8067-bd0724312da7@group-428C4BFFBB98: changes role from CANDIDATE to LEADER at term 1 for changeToLeader
2019-09-25 04:49:24,317 [778daabb-04ae-41de-8067-bd0724312da7@group-428C4BFFBB98:LeaderElection55] INFO  impl.RaftServerImpl (ServerState.java:setLeader(253)) - 778daabb-04ae-41de-8067-bd0724312da7@group-428C4BFFBB98: change Leader from null to 778daabb-04ae-41de-8067-bd0724312da7 at term 1 for becomeLeader, leader elected after 1110ms
2019-09-25 04:49:24,317 [778daabb-04ae-41de-8067-bd0724312da7@group-428C4BFFBB98:LeaderElection55] INFO  server.RaftServerConfigKeys (ConfUtils.java:logGet(43)) - raft.server.staging.catchup.gap = 1000 (default)
2019-09-25 04:49:24,317 [778daabb-04ae-41de-8067-bd0724312da7@group-428C4BFFBB98:LeaderElection55] INFO  server.RaftServerConfigKeys (ConfUtils.java:logGet(43)) - raft.server.rpc.sleep.time = 25ms (default)
2019-09-25 04:49:24,317 [778daabb-04ae-41de-8067-bd0724312da7@group-428C4BFFBB98:LeaderElection55] INFO  server.RaftServerConfigKeys (ConfUtils.java:logGet(43)) - raft.server.write.element-limit = 4096 (default)
2019-09-25 04:49:24,317 [778daabb-04ae-41de-8067-bd0724312da7@group-428C4BFFBB98:LeaderElection55] INFO  server.RaftServerConfigKeys (ConfUtils.java:logGet(43)) - raft.server.watch.timeout = 10s (default)
2019-09-25 04:49:24,317 [778daabb-04ae-41de-8067-bd0724312da7@group-428C4BFFBB98:LeaderElection55] INFO  server.RaftServerConfigKeys (ConfUtils.java:logGet(43)) - raft.server.watch.timeout.denomination = 1s (default)
2019-09-25 04:49:24,317 [778daabb-04ae-41de-8067-bd0724312da7@group-428C4BFFBB98:LeaderElection55] INFO  server.RaftServerConfigKeys (ConfUtils.java:logGet(43)) - raft.server.watch.element-limit = 65536 (default)
2019-09-25 04:49:24,319 [778daabb-04ae-41de-8067-bd0724312da7@group-428C4BFFBB98:LeaderElection55] INFO  impl.RoleInfo (RoleInfo.java:updateAndGet(143)) - 778daabb-04ae-41de-8067-bd0724312da7: start LeaderState
2019-09-25 04:49:24,320 [778daabb-04ae-41de-8067-bd0724312da7@group-428C4BFFBB98:LeaderElection55] INFO  segmented.SegmentedRaftLogWorker (SegmentedRaftLogWorker.java:startLogSegment(380)) - 778daabb-04ae-41de-8067-bd0724312da7@group-428C4BFFBB98-SegmentedRaftLogWorker: Starting segment from index:0
2019-09-25 04:49:24,320 [778daabb-04ae-41de-8067-bd0724312da7@group-428C4BFFBB98:LeaderElection55] INFO  impl.RaftServerImpl (ServerState.java:setRaftConf(354)) - 778daabb-04ae-41de-8067-bd0724312da7@group-428C4BFFBB98: set configuration 0: [778daabb-04ae-41de-8067-bd0724312da7:192.168.164.207:43912], old=null at 0
2019-09-25 04:49:24,355 [Thread-536] INFO  impl.FollowerState (FollowerState.java:run(106)) - 2f00ca3a-f523-476d-a77d-69389bdf1595:group-E5B04C573914 changes to CANDIDATE, lastRpcTime:1195, electionTimeout:1195ms
2019-09-25 04:49:24,355 [Thread-536] INFO  impl.RoleInfo (RoleInfo.java:shutdownFollowerState(121)) - 2f00ca3a-f523-476d-a77d-69389bdf1595: shutdown FollowerState
2019-09-25 04:49:24,355 [Thread-536] INFO  impl.RaftServerImpl (RaftServerImpl.java:setRole(174)) - 2f00ca3a-f523-476d-a77d-69389bdf1595@group-E5B04C573914: changes role from  FOLLOWER to CANDIDATE at term 0 for changeToCandidate
2019-09-25 04:49:24,355 [Thread-536] INFO  impl.RoleInfo (RoleInfo.java:updateAndGet(143)) - 2f00ca3a-f523-476d-a77d-69389bdf1595: start LeaderElection
2019-09-25 04:49:24,375 [778daabb-04ae-41de-8067-bd0724312da7@group-428C4BFFBB98-SegmentedRaftLogWorker] INFO  segmented.SegmentedRaftLogWorker (SegmentedRaftLogWorker.java:execute(569)) - 778daabb-04ae-41de-8067-bd0724312da7@group-428C4BFFBB98-SegmentedRaftLogWorker: created new log segment /workdir/hadoop-ozone/integration-test/target/test-dir/MiniOzoneClusterImpl-73e7cd3e-72db-4213-b677-28bfbd198772/datanode-8/data/ratis/7a141d70-7d4c-4772-9cd5-428c4bffbb98/current/log_inprogress_0
2019-09-25 04:49:24,375 [2f00ca3a-f523-476d-a77d-69389bdf1595@group-E5B04C573914:LeaderElection56] INFO  impl.LeaderElection (LeaderElection.java:askForVotes(182)) - 2f00ca3a-f523-476d-a77d-69389bdf1595@group-E5B04C573914:LeaderElection56: begin an election at term 1 for -1: [2f00ca3a-f523-476d-a77d-69389bdf1595:192.168.164.207:39474], old=null
2019-09-25 04:49:24,375 [2f00ca3a-f523-476d-a77d-69389bdf1595@group-E5B04C573914:LeaderElection56] INFO  impl.RoleInfo (RoleInfo.java:shutdownLeaderElection(134)) - 2f00ca3a-f523-476d-a77d-69389bdf1595: shutdown LeaderElection
2019-09-25 04:49:24,376 [2f00ca3a-f523-476d-a77d-69389bdf1595@group-E5B04C573914:LeaderElection56] INFO  impl.RaftServerImpl (RaftServerImpl.java:setRole(174)) - 2f00ca3a-f523-476d-a77d-69389bdf1595@group-E5B04C573914: changes role from CANDIDATE to LEADER at term 1 for changeToLeader
2019-09-25 04:49:24,376 [2f00ca3a-f523-476d-a77d-69389bdf1595@group-E5B04C573914:LeaderElection56] INFO  impl.RaftServerImpl (ServerState.java:setLeader(253)) - 2f00ca3a-f523-476d-a77d-69389bdf1595@group-E5B04C573914: change Leader from null to 2f00ca3a-f523-476d-a77d-69389bdf1595 at term 1 for becomeLeader, leader elected after 1222ms
2019-09-25 04:49:24,376 [2f00ca3a-f523-476d-a77d-69389bdf1595@group-E5B04C573914:LeaderElection56] INFO  server.RaftServerConfigKeys (ConfUtils.java:logGet(43)) - raft.server.staging.catchup.gap = 1000 (default)
2019-09-25 04:49:24,376 [2f00ca3a-f523-476d-a77d-69389bdf1595@group-E5B04C573914:LeaderElection56] INFO  server.RaftServerConfigKeys (ConfUtils.java:logGet(43)) - raft.server.rpc.sleep.time = 25ms (default)
2019-09-25 04:49:24,376 [2f00ca3a-f523-476d-a77d-69389bdf1595@group-E5B04C573914:LeaderElection56] INFO  server.RaftServerConfigKeys (ConfUtils.java:logGet(43)) - raft.server.write.element-limit = 4096 (default)
2019-09-25 04:49:24,376 [2f00ca3a-f523-476d-a77d-69389bdf1595@group-E5B04C573914:LeaderElection56] INFO  server.RaftServerConfigKeys (ConfUtils.java:logGet(43)) - raft.server.watch.timeout = 10s (default)
2019-09-25 04:49:24,376 [2f00ca3a-f523-476d-a77d-69389bdf1595@group-E5B04C573914:LeaderElection56] INFO  server.RaftServerConfigKeys (ConfUtils.java:logGet(43)) - raft.server.watch.timeout.denomination = 1s (default)
2019-09-25 04:49:24,377 [2f00ca3a-f523-476d-a77d-69389bdf1595@group-E5B04C573914:LeaderElection56] INFO  server.RaftServerConfigKeys (ConfUtils.java:logGet(43)) - raft.server.watch.element-limit = 65536 (default)
2019-09-25 04:49:24,379 [2f00ca3a-f523-476d-a77d-69389bdf1595@group-E5B04C573914:LeaderElection56] INFO  impl.RoleInfo (RoleInfo.java:updateAndGet(143)) - 2f00ca3a-f523-476d-a77d-69389bdf1595: start LeaderState
2019-09-25 04:49:24,379 [2f00ca3a-f523-476d-a77d-69389bdf1595@group-E5B04C573914:LeaderElection56] INFO  segmented.SegmentedRaftLogWorker (SegmentedRaftLogWorker.java:startLogSegment(380)) - 2f00ca3a-f523-476d-a77d-69389bdf1595@group-E5B04C573914-SegmentedRaftLogWorker: Starting segment from index:0
2019-09-25 04:49:24,380 [2f00ca3a-f523-476d-a77d-69389bdf1595@group-E5B04C573914:LeaderElection56] INFO  impl.RaftServerImpl (ServerState.java:setRaftConf(354)) - 2f00ca3a-f523-476d-a77d-69389bdf1595@group-E5B04C573914: set configuration 0: [2f00ca3a-f523-476d-a77d-69389bdf1595:192.168.164.207:39474], old=null at 0
2019-09-25 04:49:24,421 [2f00ca3a-f523-476d-a77d-69389bdf1595@group-E5B04C573914-SegmentedRaftLogWorker] INFO  segmented.SegmentedRaftLogWorker (SegmentedRaftLogWorker.java:execute(569)) - 2f00ca3a-f523-476d-a77d-69389bdf1595@group-E5B04C573914-SegmentedRaftLogWorker: created new log segment /workdir/hadoop-ozone/integration-test/target/test-dir/MiniOzoneClusterImpl-73e7cd3e-72db-4213-b677-28bfbd198772/datanode-6/data/ratis/0c0e3c9e-5253-4703-94d0-e5b04c573914/current/log_inprogress_0
2019-09-25 04:49:24,423 [Thread-544] INFO  impl.FollowerState (FollowerState.java:run(106)) - 778daabb-04ae-41de-8067-bd0724312da7:group-85D3DA4B8DB8 changes to CANDIDATE, lastRpcTime:1159, electionTimeout:1159ms
2019-09-25 04:49:24,423 [Thread-544] INFO  impl.RoleInfo (RoleInfo.java:shutdownFollowerState(121)) - 778daabb-04ae-41de-8067-bd0724312da7: shutdown FollowerState
2019-09-25 04:49:24,423 [Thread-544] INFO  impl.RaftServerImpl (RaftServerImpl.java:setRole(174)) - 778daabb-04ae-41de-8067-bd0724312da7@group-85D3DA4B8DB8: changes role from  FOLLOWER to CANDIDATE at term 0 for changeToCandidate
2019-09-25 04:49:24,423 [Thread-544] INFO  impl.RoleInfo (RoleInfo.java:updateAndGet(143)) - 778daabb-04ae-41de-8067-bd0724312da7: start LeaderElection
2019-09-25 04:49:24,446 [778daabb-04ae-41de-8067-bd0724312da7@group-85D3DA4B8DB8:LeaderElection57] INFO  impl.LeaderElection (LeaderElection.java:askForVotes(182)) - 778daabb-04ae-41de-8067-bd0724312da7@group-85D3DA4B8DB8:LeaderElection57: begin an election at term 1 for -1: [778daabb-04ae-41de-8067-bd0724312da7:192.168.164.207:43912], old=null
2019-09-25 04:49:24,446 [778daabb-04ae-41de-8067-bd0724312da7@group-85D3DA4B8DB8:LeaderElection57] INFO  impl.RoleInfo (RoleInfo.java:shutdownLeaderElection(134)) - 778daabb-04ae-41de-8067-bd0724312da7: shutdown LeaderElection
2019-09-25 04:49:24,446 [778daabb-04ae-41de-8067-bd0724312da7@group-85D3DA4B8DB8:LeaderElection57] INFO  impl.RaftServerImpl (RaftServerImpl.java:setRole(174)) - 778daabb-04ae-41de-8067-bd0724312da7@group-85D3DA4B8DB8: changes role from CANDIDATE to LEADER at term 1 for changeToLeader
2019-09-25 04:49:24,446 [778daabb-04ae-41de-8067-bd0724312da7@group-85D3DA4B8DB8:LeaderElection57] INFO  impl.RaftServerImpl (ServerState.java:setLeader(253)) - 778daabb-04ae-41de-8067-bd0724312da7@group-85D3DA4B8DB8: change Leader from null to 778daabb-04ae-41de-8067-bd0724312da7 at term 1 for becomeLeader, leader elected after 1187ms
2019-09-25 04:49:24,447 [778daabb-04ae-41de-8067-bd0724312da7@group-85D3DA4B8DB8:LeaderElection57] INFO  server.RaftServerConfigKeys (ConfUtils.java:logGet(43)) - raft.server.staging.catchup.gap = 1000 (default)
2019-09-25 04:49:24,447 [778daabb-04ae-41de-8067-bd0724312da7@group-85D3DA4B8DB8:LeaderElection57] INFO  server.RaftServerConfigKeys (ConfUtils.java:logGet(43)) - raft.server.rpc.sleep.time = 25ms (default)
2019-09-25 04:49:24,447 [778daabb-04ae-41de-8067-bd0724312da7@group-85D3DA4B8DB8:LeaderElection57] INFO  server.RaftServerConfigKeys (ConfUtils.java:logGet(43)) - raft.server.write.element-limit = 4096 (default)
2019-09-25 04:49:24,447 [778daabb-04ae-41de-8067-bd0724312da7@group-85D3DA4B8DB8:LeaderElection57] INFO  server.RaftServerConfigKeys (ConfUtils.java:logGet(43)) - raft.server.watch.timeout = 10s (default)
2019-09-25 04:49:24,447 [778daabb-04ae-41de-8067-bd0724312da7@group-85D3DA4B8DB8:LeaderElection57] INFO  server.RaftServerConfigKeys (ConfUtils.java:logGet(43)) - raft.server.watch.timeout.denomination = 1s (default)
2019-09-25 04:49:24,447 [778daabb-04ae-41de-8067-bd0724312da7@group-85D3DA4B8DB8:LeaderElection57] INFO  server.RaftServerConfigKeys (ConfUtils.java:logGet(43)) - raft.server.watch.element-limit = 65536 (default)
2019-09-25 04:49:24,449 [778daabb-04ae-41de-8067-bd0724312da7@group-85D3DA4B8DB8:LeaderElection57] INFO  impl.RoleInfo (RoleInfo.java:updateAndGet(143)) - 778daabb-04ae-41de-8067-bd0724312da7: start LeaderState
2019-09-25 04:49:24,449 [778daabb-04ae-41de-8067-bd0724312da7@group-85D3DA4B8DB8:LeaderElection57] INFO  segmented.SegmentedRaftLogWorker (SegmentedRaftLogWorker.java:startLogSegment(380)) - 778daabb-04ae-41de-8067-bd0724312da7@group-85D3DA4B8DB8-SegmentedRaftLogWorker: Starting segment from index:0
2019-09-25 04:49:24,450 [778daabb-04ae-41de-8067-bd0724312da7@group-85D3DA4B8DB8:LeaderElection57] INFO  impl.RaftServerImpl (ServerState.java:setRaftConf(354)) - 778daabb-04ae-41de-8067-bd0724312da7@group-85D3DA4B8DB8: set configuration 0: [778daabb-04ae-41de-8067-bd0724312da7:192.168.164.207:43912], old=null at 0
2019-09-25 04:49:24,460 [Thread-559] INFO  impl.FollowerState (FollowerState.java:run(106)) - ef95e979-b818-4083-9289-18188944726b:group-1E905DCEFED5 changes to CANDIDATE, lastRpcTime:1049, electionTimeout:1049ms
2019-09-25 04:49:24,460 [Thread-559] INFO  impl.RoleInfo (RoleInfo.java:shutdownFollowerState(121)) - ef95e979-b818-4083-9289-18188944726b: shutdown FollowerState
2019-09-25 04:49:24,460 [Thread-559] INFO  impl.RaftServerImpl (RaftServerImpl.java:setRole(174)) - ef95e979-b818-4083-9289-18188944726b@group-1E905DCEFED5: changes role from  FOLLOWER to CANDIDATE at term 0 for changeToCandidate
2019-09-25 04:49:24,461 [Thread-559] INFO  impl.RoleInfo (RoleInfo.java:updateAndGet(143)) - ef95e979-b818-4083-9289-18188944726b: start LeaderElection
2019-09-25 04:49:24,461 [Datanode State Machine Thread - 0] INFO  statemachine.DatanodeStateMachine (DatanodeStateMachine.java:lambda$startDaemon$0(350)) - Ozone container server started.
2019-09-25 04:49:24,487 [Thread-554] INFO  impl.FollowerState (FollowerState.java:run(106)) - ef95e979-b818-4083-9289-18188944726b:group-74ECFF8F5B7D changes to CANDIDATE, lastRpcTime:1121, electionTimeout:1102ms
2019-09-25 04:49:24,487 [Thread-554] INFO  impl.RoleInfo (RoleInfo.java:shutdownFollowerState(121)) - ef95e979-b818-4083-9289-18188944726b: shutdown FollowerState
2019-09-25 04:49:24,488 [Thread-554] INFO  impl.RaftServerImpl (RaftServerImpl.java:setRole(174)) - ef95e979-b818-4083-9289-18188944726b@group-74ECFF8F5B7D: changes role from  FOLLOWER to CANDIDATE at term 0 for changeToCandidate
2019-09-25 04:49:24,488 [Thread-554] INFO  impl.RoleInfo (RoleInfo.java:updateAndGet(143)) - ef95e979-b818-4083-9289-18188944726b: start LeaderElection
2019-09-25 04:49:24,500 [778daabb-04ae-41de-8067-bd0724312da7@group-85D3DA4B8DB8-SegmentedRaftLogWorker] INFO  segmented.SegmentedRaftLogWorker (SegmentedRaftLogWorker.java:execute(569)) - 778daabb-04ae-41de-8067-bd0724312da7@group-85D3DA4B8DB8-SegmentedRaftLogWorker: created new log segment /workdir/hadoop-ozone/integration-test/target/test-dir/MiniOzoneClusterImpl-73e7cd3e-72db-4213-b677-28bfbd198772/datanode-8/data/ratis/58594240-bfd0-40b6-afdc-85d3da4b8db8/current/log_inprogress_0
2019-09-25 04:49:24,500 [ef95e979-b818-4083-9289-18188944726b@group-1E905DCEFED5:LeaderElection58] INFO  impl.LeaderElection (LeaderElection.java:askForVotes(182)) - ef95e979-b818-4083-9289-18188944726b@group-1E905DCEFED5:LeaderElection58: begin an election at term 1 for -1: [ef95e979-b818-4083-9289-18188944726b:192.168.164.207:36359], old=null
2019-09-25 04:49:24,500 [ef95e979-b818-4083-9289-18188944726b@group-74ECFF8F5B7D:LeaderElection59] INFO  impl.LeaderElection (LeaderElection.java:askForVotes(182)) - ef95e979-b818-4083-9289-18188944726b@group-74ECFF8F5B7D:LeaderElection59: begin an election at term 1 for -1: [ef95e979-b818-4083-9289-18188944726b:192.168.164.207:36359], old=null
2019-09-25 04:49:24,501 [ef95e979-b818-4083-9289-18188944726b@group-1E905DCEFED5:LeaderElection58] INFO  impl.RoleInfo (RoleInfo.java:shutdownLeaderElection(134)) - ef95e979-b818-4083-9289-18188944726b: shutdown LeaderElection
2019-09-25 04:49:24,501 [ef95e979-b818-4083-9289-18188944726b@group-74ECFF8F5B7D:LeaderElection59] INFO  impl.RoleInfo (RoleInfo.java:shutdownLeaderElection(134)) - ef95e979-b818-4083-9289-18188944726b: shutdown LeaderElection
2019-09-25 04:49:24,501 [ef95e979-b818-4083-9289-18188944726b@group-1E905DCEFED5:LeaderElection58] INFO  impl.RaftServerImpl (RaftServerImpl.java:setRole(174)) - ef95e979-b818-4083-9289-18188944726b@group-1E905DCEFED5: changes role from CANDIDATE to LEADER at term 1 for changeToLeader
2019-09-25 04:49:24,501 [ef95e979-b818-4083-9289-18188944726b@group-74ECFF8F5B7D:LeaderElection59] INFO  impl.RaftServerImpl (RaftServerImpl.java:setRole(174)) - ef95e979-b818-4083-9289-18188944726b@group-74ECFF8F5B7D: changes role from CANDIDATE to LEADER at term 1 for changeToLeader
2019-09-25 04:49:24,501 [ef95e979-b818-4083-9289-18188944726b@group-1E905DCEFED5:LeaderElection58] INFO  impl.RaftServerImpl (ServerState.java:setLeader(253)) - ef95e979-b818-4083-9289-18188944726b@group-1E905DCEFED5: change Leader from null to ef95e979-b818-4083-9289-18188944726b at term 1 for becomeLeader, leader elected after 1096ms
2019-09-25 04:49:24,501 [ef95e979-b818-4083-9289-18188944726b@group-74ECFF8F5B7D:LeaderElection59] INFO  impl.RaftServerImpl (ServerState.java:setLeader(253)) - ef95e979-b818-4083-9289-18188944726b@group-74ECFF8F5B7D: change Leader from null to ef95e979-b818-4083-9289-18188944726b at term 1 for becomeLeader, leader elected after 1140ms
2019-09-25 04:49:24,501 [ef95e979-b818-4083-9289-18188944726b@group-1E905DCEFED5:LeaderElection58] INFO  server.RaftServerConfigKeys (ConfUtils.java:logGet(43)) - raft.server.staging.catchup.gap = 1000 (default)
2019-09-25 04:49:24,501 [ef95e979-b818-4083-9289-18188944726b@group-74ECFF8F5B7D:LeaderElection59] INFO  server.RaftServerConfigKeys (ConfUtils.java:logGet(43)) - raft.server.staging.catchup.gap = 1000 (default)
2019-09-25 04:49:24,501 [ef95e979-b818-4083-9289-18188944726b@group-1E905DCEFED5:LeaderElection58] INFO  server.RaftServerConfigKeys (ConfUtils.java:logGet(43)) - raft.server.rpc.sleep.time = 25ms (default)
2019-09-25 04:49:24,501 [ef95e979-b818-4083-9289-18188944726b@group-74ECFF8F5B7D:LeaderElection59] INFO  server.RaftServerConfigKeys (ConfUtils.java:logGet(43)) - raft.server.rpc.sleep.time = 25ms (default)
2019-09-25 04:49:24,501 [ef95e979-b818-4083-9289-18188944726b@group-1E905DCEFED5:LeaderElection58] INFO  server.RaftServerConfigKeys (ConfUtils.java:logGet(43)) - raft.server.write.element-limit = 4096 (default)
2019-09-25 04:49:24,502 [ef95e979-b818-4083-9289-18188944726b@group-74ECFF8F5B7D:LeaderElection59] INFO  server.RaftServerConfigKeys (ConfUtils.java:logGet(43)) - raft.server.write.element-limit = 4096 (default)
2019-09-25 04:49:24,502 [ef95e979-b818-4083-9289-18188944726b@group-1E905DCEFED5:LeaderElection58] INFO  server.RaftServerConfigKeys (ConfUtils.java:logGet(43)) - raft.server.watch.timeout = 10s (default)
2019-09-25 04:49:24,502 [ef95e979-b818-4083-9289-18188944726b@group-74ECFF8F5B7D:LeaderElection59] INFO  server.RaftServerConfigKeys (ConfUtils.java:logGet(43)) - raft.server.watch.timeout = 10s (default)
2019-09-25 04:49:24,502 [ef95e979-b818-4083-9289-18188944726b@group-1E905DCEFED5:LeaderElection58] INFO  server.RaftServerConfigKeys (ConfUtils.java:logGet(43)) - raft.server.watch.timeout.denomination = 1s (default)
2019-09-25 04:49:24,502 [ef95e979-b818-4083-9289-18188944726b@group-74ECFF8F5B7D:LeaderElection59] INFO  server.RaftServerConfigKeys (ConfUtils.java:logGet(43)) - raft.server.watch.timeout.denomination = 1s (default)
2019-09-25 04:49:24,502 [ef95e979-b818-4083-9289-18188944726b@group-1E905DCEFED5:LeaderElection58] INFO  server.RaftServerConfigKeys (ConfUtils.java:logGet(43)) - raft.server.watch.element-limit = 65536 (default)
2019-09-25 04:49:24,502 [ef95e979-b818-4083-9289-18188944726b@group-74ECFF8F5B7D:LeaderElection59] INFO  server.RaftServerConfigKeys (ConfUtils.java:logGet(43)) - raft.server.watch.element-limit = 65536 (default)
2019-09-25 04:49:24,505 [ef95e979-b818-4083-9289-18188944726b@group-1E905DCEFED5:LeaderElection58] INFO  impl.RoleInfo (RoleInfo.java:updateAndGet(143)) - ef95e979-b818-4083-9289-18188944726b: start LeaderState
2019-09-25 04:49:24,505 [ef95e979-b818-4083-9289-18188944726b@group-1E905DCEFED5:LeaderElection58] INFO  segmented.SegmentedRaftLogWorker (SegmentedRaftLogWorker.java:startLogSegment(380)) - ef95e979-b818-4083-9289-18188944726b@group-1E905DCEFED5-SegmentedRaftLogWorker: Starting segment from index:0
2019-09-25 04:49:24,505 [ef95e979-b818-4083-9289-18188944726b@group-74ECFF8F5B7D:LeaderElection59] INFO  impl.RoleInfo (RoleInfo.java:updateAndGet(143)) - ef95e979-b818-4083-9289-18188944726b: start LeaderState
2019-09-25 04:49:24,505 [ef95e979-b818-4083-9289-18188944726b@group-74ECFF8F5B7D:LeaderElection59] INFO  segmented.SegmentedRaftLogWorker (SegmentedRaftLogWorker.java:startLogSegment(380)) - ef95e979-b818-4083-9289-18188944726b@group-74ECFF8F5B7D-SegmentedRaftLogWorker: Starting segment from index:0
2019-09-25 04:49:24,505 [ef95e979-b818-4083-9289-18188944726b@group-1E905DCEFED5:LeaderElection58] INFO  impl.RaftServerImpl (ServerState.java:setRaftConf(354)) - ef95e979-b818-4083-9289-18188944726b@group-1E905DCEFED5: set configuration 0: [ef95e979-b818-4083-9289-18188944726b:192.168.164.207:36359], old=null at 0
2019-09-25 04:49:24,506 [ef95e979-b818-4083-9289-18188944726b@group-74ECFF8F5B7D:LeaderElection59] INFO  impl.RaftServerImpl (ServerState.java:setRaftConf(354)) - ef95e979-b818-4083-9289-18188944726b@group-74ECFF8F5B7D: set configuration 0: [ef95e979-b818-4083-9289-18188944726b:192.168.164.207:36359], old=null at 0
2019-09-25 04:49:24,508 [Thread-549] INFO  impl.FollowerState (FollowerState.java:run(106)) - ef95e979-b818-4083-9289-18188944726b:group-FDFC54C802E8 changes to CANDIDATE, lastRpcTime:1189, electionTimeout:1189ms
2019-09-25 04:49:24,508 [Thread-549] INFO  impl.RoleInfo (RoleInfo.java:shutdownFollowerState(121)) - ef95e979-b818-4083-9289-18188944726b: shutdown FollowerState
2019-09-25 04:49:24,508 [Thread-549] INFO  impl.RaftServerImpl (RaftServerImpl.java:setRole(174)) - ef95e979-b818-4083-9289-18188944726b@group-FDFC54C802E8: changes role from  FOLLOWER to CANDIDATE at term 0 for changeToCandidate
2019-09-25 04:49:24,508 [Thread-549] INFO  impl.RoleInfo (RoleInfo.java:updateAndGet(143)) - ef95e979-b818-4083-9289-18188944726b: start LeaderElection
2019-09-25 04:49:24,521 [ef95e979-b818-4083-9289-18188944726b@group-FDFC54C802E8:LeaderElection60] INFO  impl.LeaderElection (LeaderElection.java:askForVotes(182)) - ef95e979-b818-4083-9289-18188944726b@group-FDFC54C802E8:LeaderElection60: begin an election at term 1 for -1: [ef95e979-b818-4083-9289-18188944726b:192.168.164.207:36359], old=null
2019-09-25 04:49:24,521 [ef95e979-b818-4083-9289-18188944726b@group-FDFC54C802E8:LeaderElection60] INFO  impl.RoleInfo (RoleInfo.java:shutdownLeaderElection(134)) - ef95e979-b818-4083-9289-18188944726b: shutdown LeaderElection
2019-09-25 04:49:24,521 [ef95e979-b818-4083-9289-18188944726b@group-FDFC54C802E8:LeaderElection60] INFO  impl.RaftServerImpl (RaftServerImpl.java:setRole(174)) - ef95e979-b818-4083-9289-18188944726b@group-FDFC54C802E8: changes role from CANDIDATE to LEADER at term 1 for changeToLeader
2019-09-25 04:49:24,522 [ef95e979-b818-4083-9289-18188944726b@group-FDFC54C802E8:LeaderElection60] INFO  impl.RaftServerImpl (ServerState.java:setLeader(253)) - ef95e979-b818-4083-9289-18188944726b@group-FDFC54C802E8: change Leader from null to ef95e979-b818-4083-9289-18188944726b at term 1 for becomeLeader, leader elected after 1208ms
2019-09-25 04:49:24,522 [ef95e979-b818-4083-9289-18188944726b@group-FDFC54C802E8:LeaderElection60] INFO  server.RaftServerConfigKeys (ConfUtils.java:logGet(43)) - raft.server.staging.catchup.gap = 1000 (default)
2019-09-25 04:49:24,522 [ef95e979-b818-4083-9289-18188944726b@group-FDFC54C802E8:LeaderElection60] INFO  server.RaftServerConfigKeys (ConfUtils.java:logGet(43)) - raft.server.rpc.sleep.time = 25ms (default)
2019-09-25 04:49:24,522 [ef95e979-b818-4083-9289-18188944726b@group-FDFC54C802E8:LeaderElection60] INFO  server.RaftServerConfigKeys (ConfUtils.java:logGet(43)) - raft.server.write.element-limit = 4096 (default)
2019-09-25 04:49:24,522 [ef95e979-b818-4083-9289-18188944726b@group-FDFC54C802E8:LeaderElection60] INFO  server.RaftServerConfigKeys (ConfUtils.java:logGet(43)) - raft.server.watch.timeout = 10s (default)
2019-09-25 04:49:24,522 [ef95e979-b818-4083-9289-18188944726b@group-FDFC54C802E8:LeaderElection60] INFO  server.RaftServerConfigKeys (ConfUtils.java:logGet(43)) - raft.server.watch.timeout.denomination = 1s (default)
2019-09-25 04:49:24,522 [ef95e979-b818-4083-9289-18188944726b@group-FDFC54C802E8:LeaderElection60] INFO  server.RaftServerConfigKeys (ConfUtils.java:logGet(43)) - raft.server.watch.element-limit = 65536 (default)
2019-09-25 04:49:24,524 [ef95e979-b818-4083-9289-18188944726b@group-FDFC54C802E8:LeaderElection60] INFO  impl.RoleInfo (RoleInfo.java:updateAndGet(143)) - ef95e979-b818-4083-9289-18188944726b: start LeaderState
2019-09-25 04:49:24,524 [ef95e979-b818-4083-9289-18188944726b@group-FDFC54C802E8:LeaderElection60] INFO  segmented.SegmentedRaftLogWorker (SegmentedRaftLogWorker.java:startLogSegment(380)) - ef95e979-b818-4083-9289-18188944726b@group-FDFC54C802E8-SegmentedRaftLogWorker: Starting segment from index:0
2019-09-25 04:49:24,525 [ef95e979-b818-4083-9289-18188944726b@group-FDFC54C802E8:LeaderElection60] INFO  impl.RaftServerImpl (ServerState.java:setRaftConf(354)) - ef95e979-b818-4083-9289-18188944726b@group-FDFC54C802E8: set configuration 0: [ef95e979-b818-4083-9289-18188944726b:192.168.164.207:36359], old=null at 0
2019-09-25 04:49:24,547 [ef95e979-b818-4083-9289-18188944726b@group-1E905DCEFED5-SegmentedRaftLogWorker] INFO  segmented.SegmentedRaftLogWorker (SegmentedRaftLogWorker.java:execute(569)) - ef95e979-b818-4083-9289-18188944726b@group-1E905DCEFED5-SegmentedRaftLogWorker: created new log segment /workdir/hadoop-ozone/integration-test/target/test-dir/MiniOzoneClusterImpl-73e7cd3e-72db-4213-b677-28bfbd198772/datanode-9/data/ratis/b156165b-8cac-400a-82a8-1e905dcefed5/current/log_inprogress_0
2019-09-25 04:49:24,547 [ef95e979-b818-4083-9289-18188944726b@group-74ECFF8F5B7D-SegmentedRaftLogWorker] INFO  segmented.SegmentedRaftLogWorker (SegmentedRaftLogWorker.java:execute(569)) - ef95e979-b818-4083-9289-18188944726b@group-74ECFF8F5B7D-SegmentedRaftLogWorker: created new log segment /workdir/hadoop-ozone/integration-test/target/test-dir/MiniOzoneClusterImpl-73e7cd3e-72db-4213-b677-28bfbd198772/datanode-9/data/ratis/b15d0ca0-a6bd-458f-8d81-74ecff8f5b7d/current/log_inprogress_0
2019-09-25 04:49:24,563 [ef95e979-b818-4083-9289-18188944726b@group-FDFC54C802E8-SegmentedRaftLogWorker] INFO  segmented.SegmentedRaftLogWorker (SegmentedRaftLogWorker.java:execute(569)) - ef95e979-b818-4083-9289-18188944726b@group-FDFC54C802E8-SegmentedRaftLogWorker: created new log segment /workdir/hadoop-ozone/integration-test/target/test-dir/MiniOzoneClusterImpl-73e7cd3e-72db-4213-b677-28bfbd198772/datanode-9/data/ratis/3465a214-a8ea-4d18-b953-fdfc54c802e8/current/log_inprogress_0
2019-09-25 04:49:28,546 [main] INFO  ozoneimpl.OzoneContainer (OzoneContainer.java:stop(231)) - Attempting to stop container services.
2019-09-25 04:49:28,547 [ForkJoinPool.commonPool-worker-1] INFO  ozoneimpl.OzoneContainer (OzoneContainer.java:stop(231)) - Attempting to stop container services.
2019-09-25 04:49:28,548 [main] INFO  impl.RaftServerProxy (RaftServerProxy.java:lambda$close$4(314)) - 3875a0db-bcd0-4e93-a77c-33ac6d7b4cc5: close
2019-09-25 04:49:28,549 [ForkJoinPool.commonPool-worker-1] INFO  impl.RaftServerProxy (RaftServerProxy.java:lambda$close$4(314)) - 4900d303-9ac7-4a86-9389-d77749add813: close
2019-09-25 04:49:28,553 [main] INFO  impl.RaftServerImpl (RaftServerImpl.java:lambda$shutdown$3(251)) - 3875a0db-bcd0-4e93-a77c-33ac6d7b4cc5@group-09206CBAF86A: shutdown
2019-09-25 04:49:28,553 [ForkJoinPool.commonPool-worker-1] INFO  impl.RaftServerImpl (RaftServerImpl.java:lambda$shutdown$3(251)) - 4900d303-9ac7-4a86-9389-d77749add813@group-E85EAB672CF1: shutdown
2019-09-25 04:49:28,553 [main] INFO  util.JmxRegister (JmxRegister.java:unregister(73)) - Successfully un-registered JMX Bean with object name Ratis:service=RaftServer,group=group-09206CBAF86A,id=3875a0db-bcd0-4e93-a77c-33ac6d7b4cc5
2019-09-25 04:49:28,553 [ForkJoinPool.commonPool-worker-1] INFO  util.JmxRegister (JmxRegister.java:unregister(73)) - Successfully un-registered JMX Bean with object name Ratis:service=RaftServer,group=group-E85EAB672CF1,id=4900d303-9ac7-4a86-9389-d77749add813
2019-09-25 04:49:28,554 [main] INFO  impl.RoleInfo (RoleInfo.java:shutdownLeaderState(104)) - 3875a0db-bcd0-4e93-a77c-33ac6d7b4cc5: shutdown LeaderState
2019-09-25 04:49:28,554 [ForkJoinPool.commonPool-worker-1] INFO  impl.RoleInfo (RoleInfo.java:shutdownLeaderState(104)) - 4900d303-9ac7-4a86-9389-d77749add813: shutdown LeaderState
2019-09-25 04:49:28,556 [main] INFO  impl.PendingRequests (PendingRequests.java:sendNotLeaderResponses(202)) - 3875a0db-bcd0-4e93-a77c-33ac6d7b4cc5-PendingRequests: sendNotLeaderResponses
2019-09-25 04:49:28,556 [ForkJoinPool.commonPool-worker-1] INFO  impl.PendingRequests (PendingRequests.java:sendNotLeaderResponses(202)) - 4900d303-9ac7-4a86-9389-d77749add813-PendingRequests: sendNotLeaderResponses
2019-09-25 04:49:28,571 [main] INFO  impl.StateMachineUpdater (StateMachineUpdater.java:stopAndJoin(125)) - 3875a0db-bcd0-4e93-a77c-33ac6d7b4cc5@group-09206CBAF86A-StateMachineUpdater: set stopIndex = 0
2019-09-25 04:49:28,571 [ForkJoinPool.commonPool-worker-1] INFO  impl.StateMachineUpdater (StateMachineUpdater.java:stopAndJoin(125)) - 4900d303-9ac7-4a86-9389-d77749add813@group-E85EAB672CF1-StateMachineUpdater: set stopIndex = 0
2019-09-25 04:49:28,577 [main] INFO  impl.RaftServerImpl (ServerState.java:close(385)) - 3875a0db-bcd0-4e93-a77c-33ac6d7b4cc5@group-09206CBAF86A: closes. applyIndex: 0
2019-09-25 04:49:28,577 [ForkJoinPool.commonPool-worker-1] INFO  impl.RaftServerImpl (ServerState.java:close(385)) - 4900d303-9ac7-4a86-9389-d77749add813@group-E85EAB672CF1: closes. applyIndex: 0
2019-09-25 04:49:28,579 [3875a0db-bcd0-4e93-a77c-33ac6d7b4cc5@group-09206CBAF86A-SegmentedRaftLogWorker] INFO  segmented.SegmentedRaftLogWorker (SegmentedRaftLogWorker.java:run(313)) - 3875a0db-bcd0-4e93-a77c-33ac6d7b4cc5@group-09206CBAF86A-SegmentedRaftLogWorker was interrupted, exiting. There are 0 tasks remaining in the queue.
2019-09-25 04:49:28,579 [4900d303-9ac7-4a86-9389-d77749add813@group-E85EAB672CF1-SegmentedRaftLogWorker] INFO  segmented.SegmentedRaftLogWorker (SegmentedRaftLogWorker.java:run(313)) - 4900d303-9ac7-4a86-9389-d77749add813@group-E85EAB672CF1-SegmentedRaftLogWorker was interrupted, exiting. There are 0 tasks remaining in the queue.
2019-09-25 04:49:28,586 [main] INFO  segmented.SegmentedRaftLogWorker (SegmentedRaftLogWorker.java:close(228)) - 3875a0db-bcd0-4e93-a77c-33ac6d7b4cc5@group-09206CBAF86A-SegmentedRaftLogWorker close()
2019-09-25 04:49:28,586 [ForkJoinPool.commonPool-worker-1] INFO  segmented.SegmentedRaftLogWorker (SegmentedRaftLogWorker.java:close(228)) - 4900d303-9ac7-4a86-9389-d77749add813@group-E85EAB672CF1-SegmentedRaftLogWorker close()
2019-09-25 04:49:28,593 [main] INFO  impl.RaftServerImpl (RaftServerImpl.java:lambda$shutdown$3(251)) - 3875a0db-bcd0-4e93-a77c-33ac6d7b4cc5@group-D1987FF31FE4: shutdown
2019-09-25 04:49:28,599 [ForkJoinPool.commonPool-worker-1] INFO  impl.RaftServerImpl (RaftServerImpl.java:lambda$shutdown$3(251)) - 4900d303-9ac7-4a86-9389-d77749add813@group-462A66006D02: shutdown
2019-09-25 04:49:28,599 [main] INFO  util.JmxRegister (JmxRegister.java:unregister(73)) - Successfully un-registered JMX Bean with object name Ratis:service=RaftServer,group=group-D1987FF31FE4,id=3875a0db-bcd0-4e93-a77c-33ac6d7b4cc5
2019-09-25 04:49:28,599 [ForkJoinPool.commonPool-worker-1] INFO  util.JmxRegister (JmxRegister.java:unregister(73)) - Successfully un-registered JMX Bean with object name Ratis:service=RaftServer,group=group-462A66006D02,id=4900d303-9ac7-4a86-9389-d77749add813
2019-09-25 04:49:28,600 [main] INFO  impl.RoleInfo (RoleInfo.java:shutdownLeaderState(104)) - 3875a0db-bcd0-4e93-a77c-33ac6d7b4cc5: shutdown LeaderState
2019-09-25 04:49:28,600 [ForkJoinPool.commonPool-worker-1] INFO  impl.RoleInfo (RoleInfo.java:shutdownLeaderState(104)) - 4900d303-9ac7-4a86-9389-d77749add813: shutdown LeaderState
2019-09-25 04:49:28,600 [main] INFO  impl.PendingRequests (PendingRequests.java:sendNotLeaderResponses(202)) - 3875a0db-bcd0-4e93-a77c-33ac6d7b4cc5-PendingRequests: sendNotLeaderResponses
2019-09-25 04:49:28,600 [ForkJoinPool.commonPool-worker-1] INFO  impl.PendingRequests (PendingRequests.java:sendNotLeaderResponses(202)) - 4900d303-9ac7-4a86-9389-d77749add813-PendingRequests: sendNotLeaderResponses
2019-09-25 04:49:28,601 [main] INFO  impl.StateMachineUpdater (StateMachineUpdater.java:stopAndJoin(125)) - 3875a0db-bcd0-4e93-a77c-33ac6d7b4cc5@group-D1987FF31FE4-StateMachineUpdater: set stopIndex = 0
2019-09-25 04:49:28,601 [ForkJoinPool.commonPool-worker-1] INFO  impl.StateMachineUpdater (StateMachineUpdater.java:stopAndJoin(125)) - 4900d303-9ac7-4a86-9389-d77749add813@group-462A66006D02-StateMachineUpdater: set stopIndex = 0
2019-09-25 04:49:28,601 [main] INFO  impl.RaftServerImpl (ServerState.java:close(385)) - 3875a0db-bcd0-4e93-a77c-33ac6d7b4cc5@group-D1987FF31FE4: closes. applyIndex: 0
2019-09-25 04:49:28,602 [ForkJoinPool.commonPool-worker-1] INFO  impl.RaftServerImpl (ServerState.java:close(385)) - 4900d303-9ac7-4a86-9389-d77749add813@group-462A66006D02: closes. applyIndex: 0
2019-09-25 04:49:28,602 [3875a0db-bcd0-4e93-a77c-33ac6d7b4cc5@group-D1987FF31FE4-SegmentedRaftLogWorker] INFO  segmented.SegmentedRaftLogWorker (SegmentedRaftLogWorker.java:run(313)) - 3875a0db-bcd0-4e93-a77c-33ac6d7b4cc5@group-D1987FF31FE4-SegmentedRaftLogWorker was interrupted, exiting. There are 0 tasks remaining in the queue.
2019-09-25 04:49:28,602 [4900d303-9ac7-4a86-9389-d77749add813@group-462A66006D02-SegmentedRaftLogWorker] INFO  segmented.SegmentedRaftLogWorker (SegmentedRaftLogWorker.java:run(313)) - 4900d303-9ac7-4a86-9389-d77749add813@group-462A66006D02-SegmentedRaftLogWorker was interrupted, exiting. There are 0 tasks remaining in the queue.
2019-09-25 04:49:28,605 [main] INFO  segmented.SegmentedRaftLogWorker (SegmentedRaftLogWorker.java:close(228)) - 3875a0db-bcd0-4e93-a77c-33ac6d7b4cc5@group-D1987FF31FE4-SegmentedRaftLogWorker close()
2019-09-25 04:49:28,608 [ForkJoinPool.commonPool-worker-1] INFO  segmented.SegmentedRaftLogWorker (SegmentedRaftLogWorker.java:close(228)) - 4900d303-9ac7-4a86-9389-d77749add813@group-462A66006D02-SegmentedRaftLogWorker close()
2019-09-25 04:49:28,613 [main] INFO  impl.RaftServerImpl (RaftServerImpl.java:lambda$shutdown$3(251)) - 3875a0db-bcd0-4e93-a77c-33ac6d7b4cc5@group-256A1EF886DA: shutdown
2019-09-25 04:49:28,619 [ForkJoinPool.commonPool-worker-1] INFO  impl.RaftServerImpl (RaftServerImpl.java:lambda$shutdown$3(251)) - 4900d303-9ac7-4a86-9389-d77749add813@group-71245CA931F9: shutdown
2019-09-25 04:49:28,619 [main] INFO  util.JmxRegister (JmxRegister.java:unregister(73)) - Successfully un-registered JMX Bean with object name Ratis:service=RaftServer,group=group-256A1EF886DA,id=3875a0db-bcd0-4e93-a77c-33ac6d7b4cc5
2019-09-25 04:49:28,619 [ForkJoinPool.commonPool-worker-1] INFO  util.JmxRegister (JmxRegister.java:unregister(73)) - Successfully un-registered JMX Bean with object name Ratis:service=RaftServer,group=group-71245CA931F9,id=4900d303-9ac7-4a86-9389-d77749add813
2019-09-25 04:49:28,619 [main] INFO  impl.RoleInfo (RoleInfo.java:shutdownLeaderState(104)) - 3875a0db-bcd0-4e93-a77c-33ac6d7b4cc5: shutdown LeaderState
2019-09-25 04:49:28,620 [ForkJoinPool.commonPool-worker-1] INFO  impl.RoleInfo (RoleInfo.java:shutdownLeaderState(104)) - 4900d303-9ac7-4a86-9389-d77749add813: shutdown LeaderState
2019-09-25 04:49:28,620 [main] INFO  impl.PendingRequests (PendingRequests.java:sendNotLeaderResponses(202)) - 3875a0db-bcd0-4e93-a77c-33ac6d7b4cc5-PendingRequests: sendNotLeaderResponses
2019-09-25 04:49:28,620 [ForkJoinPool.commonPool-worker-1] INFO  impl.PendingRequests (PendingRequests.java:sendNotLeaderResponses(202)) - 4900d303-9ac7-4a86-9389-d77749add813-PendingRequests: sendNotLeaderResponses
2019-09-25 04:49:28,621 [main] INFO  impl.StateMachineUpdater (StateMachineUpdater.java:stopAndJoin(125)) - 3875a0db-bcd0-4e93-a77c-33ac6d7b4cc5@group-256A1EF886DA-StateMachineUpdater: set stopIndex = 0
2019-09-25 04:49:28,621 [ForkJoinPool.commonPool-worker-1] INFO  impl.StateMachineUpdater (StateMachineUpdater.java:stopAndJoin(125)) - 4900d303-9ac7-4a86-9389-d77749add813@group-71245CA931F9-StateMachineUpdater: set stopIndex = 0
2019-09-25 04:49:28,621 [main] INFO  impl.RaftServerImpl (ServerState.java:close(385)) - 3875a0db-bcd0-4e93-a77c-33ac6d7b4cc5@group-256A1EF886DA: closes. applyIndex: 0
2019-09-25 04:49:28,621 [ForkJoinPool.commonPool-worker-1] INFO  impl.RaftServerImpl (ServerState.java:close(385)) - 4900d303-9ac7-4a86-9389-d77749add813@group-71245CA931F9: closes. applyIndex: 0
2019-09-25 04:49:28,622 [3875a0db-bcd0-4e93-a77c-33ac6d7b4cc5@group-256A1EF886DA-SegmentedRaftLogWorker] INFO  segmented.SegmentedRaftLogWorker (SegmentedRaftLogWorker.java:run(313)) - 3875a0db-bcd0-4e93-a77c-33ac6d7b4cc5@group-256A1EF886DA-SegmentedRaftLogWorker was interrupted, exiting. There are 0 tasks remaining in the queue.
2019-09-25 04:49:28,622 [4900d303-9ac7-4a86-9389-d77749add813@group-71245CA931F9-SegmentedRaftLogWorker] INFO  segmented.SegmentedRaftLogWorker (SegmentedRaftLogWorker.java:run(313)) - 4900d303-9ac7-4a86-9389-d77749add813@group-71245CA931F9-SegmentedRaftLogWorker was interrupted, exiting. There are 0 tasks remaining in the queue.
2019-09-25 04:49:28,625 [main] INFO  segmented.SegmentedRaftLogWorker (SegmentedRaftLogWorker.java:close(228)) - 3875a0db-bcd0-4e93-a77c-33ac6d7b4cc5@group-256A1EF886DA-SegmentedRaftLogWorker close()
2019-09-25 04:49:28,628 [ForkJoinPool.commonPool-worker-1] INFO  segmented.SegmentedRaftLogWorker (SegmentedRaftLogWorker.java:close(228)) - 4900d303-9ac7-4a86-9389-d77749add813@group-71245CA931F9-SegmentedRaftLogWorker close()
2019-09-25 04:49:28,633 [main] INFO  impl.RaftServerImpl (RaftServerImpl.java:lambda$shutdown$3(251)) - 3875a0db-bcd0-4e93-a77c-33ac6d7b4cc5@group-11C6BF4BB3B7: shutdown
2019-09-25 04:49:28,638 [ForkJoinPool.commonPool-worker-1] INFO  impl.RaftServerImpl (RaftServerImpl.java:lambda$shutdown$3(251)) - 4900d303-9ac7-4a86-9389-d77749add813@group-03DCD32FC418: shutdown
2019-09-25 04:49:28,638 [main] INFO  util.JmxRegister (JmxRegister.java:unregister(73)) - Successfully un-registered JMX Bean with object name Ratis:service=RaftServer,group=group-11C6BF4BB3B7,id=3875a0db-bcd0-4e93-a77c-33ac6d7b4cc5
2019-09-25 04:49:28,638 [ForkJoinPool.commonPool-worker-1] INFO  util.JmxRegister (JmxRegister.java:unregister(73)) - Successfully un-registered JMX Bean with object name Ratis:service=RaftServer,group=group-03DCD32FC418,id=4900d303-9ac7-4a86-9389-d77749add813
2019-09-25 04:49:28,639 [main] INFO  impl.RoleInfo (RoleInfo.java:shutdownLeaderState(104)) - 3875a0db-bcd0-4e93-a77c-33ac6d7b4cc5: shutdown LeaderState
2019-09-25 04:49:28,639 [ForkJoinPool.commonPool-worker-1] INFO  impl.RoleInfo (RoleInfo.java:shutdownLeaderState(104)) - 4900d303-9ac7-4a86-9389-d77749add813: shutdown LeaderState
2019-09-25 04:49:28,639 [main] INFO  impl.PendingRequests (PendingRequests.java:sendNotLeaderResponses(202)) - 3875a0db-bcd0-4e93-a77c-33ac6d7b4cc5-PendingRequests: sendNotLeaderResponses
2019-09-25 04:49:28,640 [ForkJoinPool.commonPool-worker-1] INFO  impl.PendingRequests (PendingRequests.java:sendNotLeaderResponses(202)) - 4900d303-9ac7-4a86-9389-d77749add813-PendingRequests: sendNotLeaderResponses
2019-09-25 04:49:28,640 [main] INFO  impl.StateMachineUpdater (StateMachineUpdater.java:stopAndJoin(125)) - 3875a0db-bcd0-4e93-a77c-33ac6d7b4cc5@group-11C6BF4BB3B7-StateMachineUpdater: set stopIndex = 0
2019-09-25 04:49:28,640 [ForkJoinPool.commonPool-worker-1] INFO  impl.StateMachineUpdater (StateMachineUpdater.java:stopAndJoin(125)) - 4900d303-9ac7-4a86-9389-d77749add813@group-03DCD32FC418-StateMachineUpdater: set stopIndex = 0
2019-09-25 04:49:28,641 [main] INFO  impl.RaftServerImpl (ServerState.java:close(385)) - 3875a0db-bcd0-4e93-a77c-33ac6d7b4cc5@group-11C6BF4BB3B7: closes. applyIndex: 0
2019-09-25 04:49:28,641 [ForkJoinPool.commonPool-worker-1] INFO  impl.RaftServerImpl (ServerState.java:close(385)) - 4900d303-9ac7-4a86-9389-d77749add813@group-03DCD32FC418: closes. applyIndex: 0
2019-09-25 04:49:28,641 [3875a0db-bcd0-4e93-a77c-33ac6d7b4cc5@group-11C6BF4BB3B7-SegmentedRaftLogWorker] INFO  segmented.SegmentedRaftLogWorker (SegmentedRaftLogWorker.java:run(313)) - 3875a0db-bcd0-4e93-a77c-33ac6d7b4cc5@group-11C6BF4BB3B7-SegmentedRaftLogWorker was interrupted, exiting. There are 0 tasks remaining in the queue.
2019-09-25 04:49:28,644 [4900d303-9ac7-4a86-9389-d77749add813@group-03DCD32FC418-SegmentedRaftLogWorker] INFO  segmented.SegmentedRaftLogWorker (SegmentedRaftLogWorker.java:run(313)) - 4900d303-9ac7-4a86-9389-d77749add813@group-03DCD32FC418-SegmentedRaftLogWorker was interrupted, exiting. There are 0 tasks remaining in the queue.
2019-09-25 04:49:28,644 [main] INFO  segmented.SegmentedRaftLogWorker (SegmentedRaftLogWorker.java:close(228)) - 3875a0db-bcd0-4e93-a77c-33ac6d7b4cc5@group-11C6BF4BB3B7-SegmentedRaftLogWorker close()
2019-09-25 04:49:28,647 [ForkJoinPool.commonPool-worker-1] INFO  segmented.SegmentedRaftLogWorker (SegmentedRaftLogWorker.java:close(228)) - 4900d303-9ac7-4a86-9389-d77749add813@group-03DCD32FC418-SegmentedRaftLogWorker close()
2019-09-25 04:49:28,651 [main] INFO  impl.RaftServerImpl (RaftServerImpl.java:lambda$shutdown$3(251)) - 3875a0db-bcd0-4e93-a77c-33ac6d7b4cc5@group-AB840B58EDDE: shutdown
2019-09-25 04:49:28,655 [ForkJoinPool.commonPool-worker-1] INFO  impl.RaftServerImpl (RaftServerImpl.java:lambda$shutdown$3(251)) - 4900d303-9ac7-4a86-9389-d77749add813@group-F870E4137921: shutdown
2019-09-25 04:49:28,656 [main] INFO  util.JmxRegister (JmxRegister.java:unregister(73)) - Successfully un-registered JMX Bean with object name Ratis:service=RaftServer,group=group-AB840B58EDDE,id=3875a0db-bcd0-4e93-a77c-33ac6d7b4cc5
2019-09-25 04:49:28,656 [ForkJoinPool.commonPool-worker-1] INFO  util.JmxRegister (JmxRegister.java:unregister(73)) - Successfully un-registered JMX Bean with object name Ratis:service=RaftServer,group=group-F870E4137921,id=4900d303-9ac7-4a86-9389-d77749add813
2019-09-25 04:49:28,656 [main] INFO  impl.RoleInfo (RoleInfo.java:shutdownLeaderState(104)) - 3875a0db-bcd0-4e93-a77c-33ac6d7b4cc5: shutdown LeaderState
2019-09-25 04:49:28,657 [ForkJoinPool.commonPool-worker-1] INFO  impl.RoleInfo (RoleInfo.java:shutdownLeaderState(104)) - 4900d303-9ac7-4a86-9389-d77749add813: shutdown LeaderState
2019-09-25 04:49:28,657 [main] INFO  impl.PendingRequests (PendingRequests.java:sendNotLeaderResponses(202)) - 3875a0db-bcd0-4e93-a77c-33ac6d7b4cc5-PendingRequests: sendNotLeaderResponses
2019-09-25 04:49:28,657 [ForkJoinPool.commonPool-worker-1] INFO  impl.PendingRequests (PendingRequests.java:sendNotLeaderResponses(202)) - 4900d303-9ac7-4a86-9389-d77749add813-PendingRequests: sendNotLeaderResponses
2019-09-25 04:49:28,658 [main] INFO  impl.StateMachineUpdater (StateMachineUpdater.java:stopAndJoin(125)) - 3875a0db-bcd0-4e93-a77c-33ac6d7b4cc5@group-AB840B58EDDE-StateMachineUpdater: set stopIndex = 0
2019-09-25 04:49:28,658 [ForkJoinPool.commonPool-worker-1] INFO  impl.StateMachineUpdater (StateMachineUpdater.java:stopAndJoin(125)) - 4900d303-9ac7-4a86-9389-d77749add813@group-F870E4137921-StateMachineUpdater: set stopIndex = 0
2019-09-25 04:49:28,658 [main] INFO  impl.RaftServerImpl (ServerState.java:close(385)) - 3875a0db-bcd0-4e93-a77c-33ac6d7b4cc5@group-AB840B58EDDE: closes. applyIndex: 0
2019-09-25 04:49:28,658 [ForkJoinPool.commonPool-worker-1] INFO  impl.RaftServerImpl (ServerState.java:close(385)) - 4900d303-9ac7-4a86-9389-d77749add813@group-F870E4137921: closes. applyIndex: 0
2019-09-25 04:49:28,659 [3875a0db-bcd0-4e93-a77c-33ac6d7b4cc5@group-AB840B58EDDE-SegmentedRaftLogWorker] INFO  segmented.SegmentedRaftLogWorker (SegmentedRaftLogWorker.java:run(313)) - 3875a0db-bcd0-4e93-a77c-33ac6d7b4cc5@group-AB840B58EDDE-SegmentedRaftLogWorker was interrupted, exiting. There are 0 tasks remaining in the queue.
2019-09-25 04:49:28,659 [4900d303-9ac7-4a86-9389-d77749add813@group-F870E4137921-SegmentedRaftLogWorker] INFO  segmented.SegmentedRaftLogWorker (SegmentedRaftLogWorker.java:run(313)) - 4900d303-9ac7-4a86-9389-d77749add813@group-F870E4137921-SegmentedRaftLogWorker was interrupted, exiting. There are 0 tasks remaining in the queue.
2019-09-25 04:49:28,662 [main] INFO  segmented.SegmentedRaftLogWorker (SegmentedRaftLogWorker.java:close(228)) - 3875a0db-bcd0-4e93-a77c-33ac6d7b4cc5@group-AB840B58EDDE-SegmentedRaftLogWorker close()
2019-09-25 04:49:28,664 [ForkJoinPool.commonPool-worker-1] INFO  segmented.SegmentedRaftLogWorker (SegmentedRaftLogWorker.java:close(228)) - 4900d303-9ac7-4a86-9389-d77749add813@group-F870E4137921-SegmentedRaftLogWorker close()
2019-09-25 04:49:28,669 [main] INFO  impl.RaftServerImpl (RaftServerImpl.java:lambda$shutdown$3(251)) - 3875a0db-bcd0-4e93-a77c-33ac6d7b4cc5@group-EF3900255609: shutdown
2019-09-25 04:49:28,693 [ForkJoinPool.commonPool-worker-1] INFO  impl.RaftServerImpl (RaftServerImpl.java:lambda$shutdown$3(251)) - 4900d303-9ac7-4a86-9389-d77749add813@group-5C14C794F815: shutdown
2019-09-25 04:49:28,694 [ForkJoinPool.commonPool-worker-1] INFO  util.JmxRegister (JmxRegister.java:unregister(73)) - Successfully un-registered JMX Bean with object name Ratis:service=RaftServer,group=group-5C14C794F815,id=4900d303-9ac7-4a86-9389-d77749add813
2019-09-25 04:49:28,694 [main] INFO  util.JmxRegister (JmxRegister.java:unregister(73)) - Successfully un-registered JMX Bean with object name Ratis:service=RaftServer,group=group-EF3900255609,id=3875a0db-bcd0-4e93-a77c-33ac6d7b4cc5
2019-09-25 04:49:28,694 [ForkJoinPool.commonPool-worker-1] INFO  impl.RoleInfo (RoleInfo.java:shutdownLeaderState(104)) - 4900d303-9ac7-4a86-9389-d77749add813: shutdown LeaderState
2019-09-25 04:49:28,694 [main] INFO  impl.RoleInfo (RoleInfo.java:shutdownLeaderState(104)) - 3875a0db-bcd0-4e93-a77c-33ac6d7b4cc5: shutdown LeaderState
2019-09-25 04:49:28,695 [ForkJoinPool.commonPool-worker-1] INFO  impl.PendingRequests (PendingRequests.java:sendNotLeaderResponses(202)) - 4900d303-9ac7-4a86-9389-d77749add813-PendingRequests: sendNotLeaderResponses
2019-09-25 04:49:28,695 [main] INFO  impl.PendingRequests (PendingRequests.java:sendNotLeaderResponses(202)) - 3875a0db-bcd0-4e93-a77c-33ac6d7b4cc5-PendingRequests: sendNotLeaderResponses
2019-09-25 04:49:28,695 [ForkJoinPool.commonPool-worker-1] INFO  impl.StateMachineUpdater (StateMachineUpdater.java:stopAndJoin(125)) - 4900d303-9ac7-4a86-9389-d77749add813@group-5C14C794F815-StateMachineUpdater: set stopIndex = 0
2019-09-25 04:49:28,696 [main] INFO  impl.StateMachineUpdater (StateMachineUpdater.java:stopAndJoin(125)) - 3875a0db-bcd0-4e93-a77c-33ac6d7b4cc5@group-EF3900255609-StateMachineUpdater: set stopIndex = 0
2019-09-25 04:49:28,696 [ForkJoinPool.commonPool-worker-1] INFO  impl.RaftServerImpl (ServerState.java:close(385)) - 4900d303-9ac7-4a86-9389-d77749add813@group-5C14C794F815: closes. applyIndex: 0
2019-09-25 04:49:28,696 [main] INFO  impl.RaftServerImpl (ServerState.java:close(385)) - 3875a0db-bcd0-4e93-a77c-33ac6d7b4cc5@group-EF3900255609: closes. applyIndex: 0
2019-09-25 04:49:28,696 [4900d303-9ac7-4a86-9389-d77749add813@group-5C14C794F815-SegmentedRaftLogWorker] INFO  segmented.SegmentedRaftLogWorker (SegmentedRaftLogWorker.java:run(313)) - 4900d303-9ac7-4a86-9389-d77749add813@group-5C14C794F815-SegmentedRaftLogWorker was interrupted, exiting. There are 0 tasks remaining in the queue.
2019-09-25 04:49:28,697 [3875a0db-bcd0-4e93-a77c-33ac6d7b4cc5@group-EF3900255609-SegmentedRaftLogWorker] INFO  segmented.SegmentedRaftLogWorker (SegmentedRaftLogWorker.java:run(313)) - 3875a0db-bcd0-4e93-a77c-33ac6d7b4cc5@group-EF3900255609-SegmentedRaftLogWorker was interrupted, exiting. There are 0 tasks remaining in the queue.
2019-09-25 04:49:28,697 [ForkJoinPool.commonPool-worker-1] INFO  segmented.SegmentedRaftLogWorker (SegmentedRaftLogWorker.java:close(228)) - 4900d303-9ac7-4a86-9389-d77749add813@group-5C14C794F815-SegmentedRaftLogWorker close()
2019-09-25 04:49:28,697 [main] INFO  segmented.SegmentedRaftLogWorker (SegmentedRaftLogWorker.java:close(228)) - 3875a0db-bcd0-4e93-a77c-33ac6d7b4cc5@group-EF3900255609-SegmentedRaftLogWorker close()
2019-09-25 04:49:28,701 [ForkJoinPool.commonPool-worker-1] INFO  server.GrpcService (GrpcService.java:closeImpl(164)) - 4900d303-9ac7-4a86-9389-d77749add813: shutdown server with port 37431 now
2019-09-25 04:49:28,702 [main] INFO  server.GrpcService (GrpcService.java:closeImpl(164)) - 3875a0db-bcd0-4e93-a77c-33ac6d7b4cc5: shutdown server with port 38833 now
2019-09-25 04:49:28,706 [main] INFO  server.GrpcService (GrpcService.java:closeImpl(172)) - 3875a0db-bcd0-4e93-a77c-33ac6d7b4cc5: shutdown server with port 38833 successfully
2019-09-25 04:49:28,708 [ForkJoinPool.commonPool-worker-1] INFO  server.GrpcService (GrpcService.java:closeImpl(172)) - 4900d303-9ac7-4a86-9389-d77749add813: shutdown server with port 37431 successfully
2019-09-25 04:49:28,713 [refreshUsed-/workdir/hadoop-ozone/integration-test/target/test-dir/MiniOzoneClusterImpl-73e7cd3e-72db-4213-b677-28bfbd198772/datanode-2/data/containers] WARN  fs.CachingGetSpaceUsed (CachingGetSpaceUsed.java:run(183)) - Thread Interrupted waiting to refresh disk information: sleep interrupted
2019-09-25 04:49:28,713 [refreshUsed-/workdir/hadoop-ozone/integration-test/target/test-dir/MiniOzoneClusterImpl-73e7cd3e-72db-4213-b677-28bfbd198772/datanode-5/data/containers] WARN  fs.CachingGetSpaceUsed (CachingGetSpaceUsed.java:run(183)) - Thread Interrupted waiting to refresh disk information: sleep interrupted
2019-09-25 04:49:28,742 [ForkJoinPool.commonPool-worker-1] INFO  utils.BackgroundService (BackgroundService.java:shutdown(148)) - Shutting down service BlockDeletingService
2019-09-25 04:49:28,742 [main] INFO  utils.BackgroundService (BackgroundService.java:shutdown(148)) - Shutting down service BlockDeletingService
2019-09-25 04:49:28,750 [ForkJoinPool.commonPool-worker-1] INFO  statemachine.DatanodeStateMachine (DatanodeStateMachine.java:stopDaemon(395)) - Ozone container server stopped.
2019-09-25 04:49:28,753 [main] INFO  statemachine.DatanodeStateMachine (DatanodeStateMachine.java:stopDaemon(395)) - Ozone container server stopped.
2019-09-25 04:49:28,768 [ForkJoinPool.commonPool-worker-1] INFO  handler.ContextHandler (ContextHandler.java:doStop(910)) - Stopped o.e.j.w.WebAppContext@118ffcfd{/,null,UNAVAILABLE}{/hddsDatanode}
2019-09-25 04:49:28,768 [main] INFO  handler.ContextHandler (ContextHandler.java:doStop(910)) - Stopped o.e.j.w.WebAppContext@17f3eefb{/,null,UNAVAILABLE}{/hddsDatanode}
2019-09-25 04:49:28,769 [ForkJoinPool.commonPool-worker-1] INFO  server.AbstractConnector (AbstractConnector.java:doStop(318)) - Stopped ServerConnector@53f4c1e6{HTTP/1.1,[http/1.1]}{0.0.0.0:0}
2019-09-25 04:49:28,769 [main] INFO  server.AbstractConnector (AbstractConnector.java:doStop(318)) - Stopped ServerConnector@3ba46e63{HTTP/1.1,[http/1.1]}{0.0.0.0:0}
2019-09-25 04:49:28,771 [ForkJoinPool.commonPool-worker-1] INFO  handler.ContextHandler (ContextHandler.java:doStop(910)) - Stopped o.e.j.s.ServletContextHandler@4faa298{/static,jar:file:/home/user/.m2/repository/org/apache/hadoop/hadoop-hdds-container-service/0.5.0-SNAPSHOT/hadoop-hdds-container-service-0.5.0-SNAPSHOT.jar!/webapps/static,UNAVAILABLE}
2019-09-25 04:49:28,771 [main] INFO  handler.ContextHandler (ContextHandler.java:doStop(910)) - Stopped o.e.j.s.ServletContextHandler@2b6fcb9f{/static,jar:file:/home/user/.m2/repository/org/apache/hadoop/hadoop-hdds-container-service/0.5.0-SNAPSHOT/hadoop-hdds-container-service-0.5.0-SNAPSHOT.jar!/webapps/static,UNAVAILABLE}
2019-09-25 04:49:28,773 [ForkJoinPool.commonPool-worker-1] INFO  handler.ContextHandler (ContextHandler.java:doStop(910)) - Stopped o.e.j.s.ServletContextHandler@15639440{/logs,file:///workdir/hadoop-ozone/integration-test/target/log,UNAVAILABLE}
2019-09-25 04:49:28,773 [main] INFO  handler.ContextHandler (ContextHandler.java:doStop(910)) - Stopped o.e.j.s.ServletContextHandler@1352434e{/logs,file:///workdir/hadoop-ozone/integration-test/target/log,UNAVAILABLE}
2019-09-25 04:49:29,460 [Datanode State Machine Thread - 0] INFO  statemachine.DatanodeStateMachine (DatanodeStateMachine.java:lambda$startDaemon$0(350)) - Ozone container server started.
2019-09-25 04:49:29,569 [Datanode State Machine Thread - 0] INFO  statemachine.DatanodeStateMachine (DatanodeStateMachine.java:lambda$startDaemon$0(350)) - Ozone container server started.
2019-09-25 04:49:33,775 [ForkJoinPool.commonPool-worker-1] INFO  ozoneimpl.OzoneContainer (OzoneContainer.java:stop(231)) - Attempting to stop container services.
2019-09-25 04:49:33,776 [main] INFO  ozoneimpl.OzoneContainer (OzoneContainer.java:stop(231)) - Attempting to stop container services.
2019-09-25 04:49:33,776 [ForkJoinPool.commonPool-worker-1] INFO  impl.RaftServerProxy (RaftServerProxy.java:lambda$close$4(314)) - fcf37978-6168-4314-87d6-0e8a7c1fc6e1: close
2019-09-25 04:49:33,777 [main] INFO  impl.RaftServerProxy (RaftServerProxy.java:lambda$close$4(314)) - 2f00ca3a-f523-476d-a77d-69389bdf1595: close
2019-09-25 04:49:33,777 [ForkJoinPool.commonPool-worker-1] INFO  impl.RaftServerImpl (RaftServerImpl.java:lambda$shutdown$3(251)) - fcf37978-6168-4314-87d6-0e8a7c1fc6e1@group-D430901E1EF5: shutdown
2019-09-25 04:49:33,777 [main] INFO  impl.RaftServerImpl (RaftServerImpl.java:lambda$shutdown$3(251)) - 2f00ca3a-f523-476d-a77d-69389bdf1595@group-8AA63A2B5A34: shutdown
2019-09-25 04:49:33,777 [ForkJoinPool.commonPool-worker-1] INFO  util.JmxRegister (JmxRegister.java:unregister(73)) - Successfully un-registered JMX Bean with object name Ratis:service=RaftServer,group=group-D430901E1EF5,id=fcf37978-6168-4314-87d6-0e8a7c1fc6e1
2019-09-25 04:49:33,778 [main] INFO  util.JmxRegister (JmxRegister.java:unregister(73)) - Successfully un-registered JMX Bean with object name Ratis:service=RaftServer,group=group-8AA63A2B5A34,id=2f00ca3a-f523-476d-a77d-69389bdf1595
2019-09-25 04:49:33,778 [ForkJoinPool.commonPool-worker-1] INFO  impl.RoleInfo (RoleInfo.java:shutdownLeaderState(104)) - fcf37978-6168-4314-87d6-0e8a7c1fc6e1: shutdown LeaderState
2019-09-25 04:49:33,778 [main] INFO  impl.RoleInfo (RoleInfo.java:shutdownLeaderState(104)) - 2f00ca3a-f523-476d-a77d-69389bdf1595: shutdown LeaderState
2019-09-25 04:49:33,779 [ForkJoinPool.commonPool-worker-1] INFO  impl.PendingRequests (PendingRequests.java:sendNotLeaderResponses(202)) - fcf37978-6168-4314-87d6-0e8a7c1fc6e1-PendingRequests: sendNotLeaderResponses
2019-09-25 04:49:33,779 [main] INFO  impl.PendingRequests (PendingRequests.java:sendNotLeaderResponses(202)) - 2f00ca3a-f523-476d-a77d-69389bdf1595-PendingRequests: sendNotLeaderResponses
2019-09-25 04:49:33,779 [ForkJoinPool.commonPool-worker-1] INFO  impl.StateMachineUpdater (StateMachineUpdater.java:stopAndJoin(125)) - fcf37978-6168-4314-87d6-0e8a7c1fc6e1@group-D430901E1EF5-StateMachineUpdater: set stopIndex = 0
2019-09-25 04:49:33,780 [main] INFO  impl.StateMachineUpdater (StateMachineUpdater.java:stopAndJoin(125)) - 2f00ca3a-f523-476d-a77d-69389bdf1595@group-8AA63A2B5A34-StateMachineUpdater: set stopIndex = 0
2019-09-25 04:49:33,780 [ForkJoinPool.commonPool-worker-1] INFO  impl.RaftServerImpl (ServerState.java:close(385)) - fcf37978-6168-4314-87d6-0e8a7c1fc6e1@group-D430901E1EF5: closes. applyIndex: 0
2019-09-25 04:49:33,780 [main] INFO  impl.RaftServerImpl (ServerState.java:close(385)) - 2f00ca3a-f523-476d-a77d-69389bdf1595@group-8AA63A2B5A34: closes. applyIndex: 0
2019-09-25 04:49:33,781 [fcf37978-6168-4314-87d6-0e8a7c1fc6e1@group-D430901E1EF5-SegmentedRaftLogWorker] INFO  segmented.SegmentedRaftLogWorker (SegmentedRaftLogWorker.java:run(313)) - fcf37978-6168-4314-87d6-0e8a7c1fc6e1@group-D430901E1EF5-SegmentedRaftLogWorker was interrupted, exiting. There are 0 tasks remaining in the queue.
2019-09-25 04:49:33,781 [2f00ca3a-f523-476d-a77d-69389bdf1595@group-8AA63A2B5A34-SegmentedRaftLogWorker] INFO  segmented.SegmentedRaftLogWorker (SegmentedRaftLogWorker.java:run(313)) - 2f00ca3a-f523-476d-a77d-69389bdf1595@group-8AA63A2B5A34-SegmentedRaftLogWorker was interrupted, exiting. There are 0 tasks remaining in the queue.
2019-09-25 04:49:33,781 [ForkJoinPool.commonPool-worker-1] INFO  segmented.SegmentedRaftLogWorker (SegmentedRaftLogWorker.java:close(228)) - fcf37978-6168-4314-87d6-0e8a7c1fc6e1@group-D430901E1EF5-SegmentedRaftLogWorker close()
2019-09-25 04:49:33,782 [main] INFO  segmented.SegmentedRaftLogWorker (SegmentedRaftLogWorker.java:close(228)) - 2f00ca3a-f523-476d-a77d-69389bdf1595@group-8AA63A2B5A34-SegmentedRaftLogWorker close()
2019-09-25 04:49:33,787 [ForkJoinPool.commonPool-worker-1] INFO  impl.RaftServerImpl (RaftServerImpl.java:lambda$shutdown$3(251)) - fcf37978-6168-4314-87d6-0e8a7c1fc6e1@group-59D184480B21: shutdown
2019-09-25 04:49:33,790 [main] INFO  impl.RaftServerImpl (RaftServerImpl.java:lambda$shutdown$3(251)) - 2f00ca3a-f523-476d-a77d-69389bdf1595@group-B9BCDC359A7E: shutdown
2019-09-25 04:49:33,790 [ForkJoinPool.commonPool-worker-1] INFO  util.JmxRegister (JmxRegister.java:unregister(73)) - Successfully un-registered JMX Bean with object name Ratis:service=RaftServer,group=group-59D184480B21,id=fcf37978-6168-4314-87d6-0e8a7c1fc6e1
2019-09-25 04:49:33,790 [main] INFO  util.JmxRegister (JmxRegister.java:unregister(73)) - Successfully un-registered JMX Bean with object name Ratis:service=RaftServer,group=group-B9BCDC359A7E,id=2f00ca3a-f523-476d-a77d-69389bdf1595
2019-09-25 04:49:33,790 [ForkJoinPool.commonPool-worker-1] INFO  impl.RoleInfo (RoleInfo.java:shutdownLeaderState(104)) - fcf37978-6168-4314-87d6-0e8a7c1fc6e1: shutdown LeaderState
2019-09-25 04:49:33,791 [main] INFO  impl.RoleInfo (RoleInfo.java:shutdownLeaderState(104)) - 2f00ca3a-f523-476d-a77d-69389bdf1595: shutdown LeaderState
2019-09-25 04:49:33,791 [ForkJoinPool.commonPool-worker-1] INFO  impl.PendingRequests (PendingRequests.java:sendNotLeaderResponses(202)) - fcf37978-6168-4314-87d6-0e8a7c1fc6e1-PendingRequests: sendNotLeaderResponses
2019-09-25 04:49:33,791 [main] INFO  impl.PendingRequests (PendingRequests.java:sendNotLeaderResponses(202)) - 2f00ca3a-f523-476d-a77d-69389bdf1595-PendingRequests: sendNotLeaderResponses
2019-09-25 04:49:33,792 [ForkJoinPool.commonPool-worker-1] INFO  impl.StateMachineUpdater (StateMachineUpdater.java:stopAndJoin(125)) - fcf37978-6168-4314-87d6-0e8a7c1fc6e1@group-59D184480B21-StateMachineUpdater: set stopIndex = 0
2019-09-25 04:49:33,792 [main] INFO  impl.StateMachineUpdater (StateMachineUpdater.java:stopAndJoin(125)) - 2f00ca3a-f523-476d-a77d-69389bdf1595@group-B9BCDC359A7E-StateMachineUpdater: set stopIndex = 0
2019-09-25 04:49:33,792 [ForkJoinPool.commonPool-worker-1] INFO  impl.RaftServerImpl (ServerState.java:close(385)) - fcf37978-6168-4314-87d6-0e8a7c1fc6e1@group-59D184480B21: closes. applyIndex: 0
2019-09-25 04:49:33,793 [main] INFO  impl.RaftServerImpl (ServerState.java:close(385)) - 2f00ca3a-f523-476d-a77d-69389bdf1595@group-B9BCDC359A7E: closes. applyIndex: 0
2019-09-25 04:49:33,793 [fcf37978-6168-4314-87d6-0e8a7c1fc6e1@group-59D184480B21-SegmentedRaftLogWorker] INFO  segmented.SegmentedRaftLogWorker (SegmentedRaftLogWorker.java:run(313)) - fcf37978-6168-4314-87d6-0e8a7c1fc6e1@group-59D184480B21-SegmentedRaftLogWorker was interrupted, exiting. There are 0 tasks remaining in the queue.
2019-09-25 04:49:33,794 [2f00ca3a-f523-476d-a77d-69389bdf1595@group-B9BCDC359A7E-SegmentedRaftLogWorker] INFO  segmented.SegmentedRaftLogWorker (SegmentedRaftLogWorker.java:run(313)) - 2f00ca3a-f523-476d-a77d-69389bdf1595@group-B9BCDC359A7E-SegmentedRaftLogWorker was interrupted, exiting. There are 0 tasks remaining in the queue.
2019-09-25 04:49:33,794 [ForkJoinPool.commonPool-worker-1] INFO  segmented.SegmentedRaftLogWorker (SegmentedRaftLogWorker.java:close(228)) - fcf37978-6168-4314-87d6-0e8a7c1fc6e1@group-59D184480B21-SegmentedRaftLogWorker close()
2019-09-25 04:49:33,794 [main] INFO  segmented.SegmentedRaftLogWorker (SegmentedRaftLogWorker.java:close(228)) - 2f00ca3a-f523-476d-a77d-69389bdf1595@group-B9BCDC359A7E-SegmentedRaftLogWorker close()
2019-09-25 04:49:33,798 [ForkJoinPool.commonPool-worker-1] INFO  impl.RaftServerImpl (RaftServerImpl.java:lambda$shutdown$3(251)) - fcf37978-6168-4314-87d6-0e8a7c1fc6e1@group-2F9D5468F7E0: shutdown
2019-09-25 04:49:33,802 [main] INFO  impl.RaftServerImpl (RaftServerImpl.java:lambda$shutdown$3(251)) - 2f00ca3a-f523-476d-a77d-69389bdf1595@group-EB2CD53CE917: shutdown
2019-09-25 04:49:33,802 [ForkJoinPool.commonPool-worker-1] INFO  util.JmxRegister (JmxRegister.java:unregister(73)) - Successfully un-registered JMX Bean with object name Ratis:service=RaftServer,group=group-2F9D5468F7E0,id=fcf37978-6168-4314-87d6-0e8a7c1fc6e1
2019-09-25 04:49:33,802 [main] INFO  util.JmxRegister (JmxRegister.java:unregister(73)) - Successfully un-registered JMX Bean with object name Ratis:service=RaftServer,group=group-EB2CD53CE917,id=2f00ca3a-f523-476d-a77d-69389bdf1595
2019-09-25 04:49:33,803 [ForkJoinPool.commonPool-worker-1] INFO  impl.RoleInfo (RoleInfo.java:shutdownLeaderState(104)) - fcf37978-6168-4314-87d6-0e8a7c1fc6e1: shutdown LeaderState
2019-09-25 04:49:33,803 [main] INFO  impl.RoleInfo (RoleInfo.java:shutdownLeaderState(104)) - 2f00ca3a-f523-476d-a77d-69389bdf1595: shutdown LeaderState
2019-09-25 04:49:33,803 [ForkJoinPool.commonPool-worker-1] INFO  impl.PendingRequests (PendingRequests.java:sendNotLeaderResponses(202)) - fcf37978-6168-4314-87d6-0e8a7c1fc6e1-PendingRequests: sendNotLeaderResponses
2019-09-25 04:49:33,804 [main] INFO  impl.PendingRequests (PendingRequests.java:sendNotLeaderResponses(202)) - 2f00ca3a-f523-476d-a77d-69389bdf1595-PendingRequests: sendNotLeaderResponses
2019-09-25 04:49:33,804 [ForkJoinPool.commonPool-worker-1] INFO  impl.StateMachineUpdater (StateMachineUpdater.java:stopAndJoin(125)) - fcf37978-6168-4314-87d6-0e8a7c1fc6e1@group-2F9D5468F7E0-StateMachineUpdater: set stopIndex = 0
2019-09-25 04:49:33,804 [main] INFO  impl.StateMachineUpdater (StateMachineUpdater.java:stopAndJoin(125)) - 2f00ca3a-f523-476d-a77d-69389bdf1595@group-EB2CD53CE917-StateMachineUpdater: set stopIndex = 0
2019-09-25 04:49:33,805 [main] INFO  impl.RaftServerImpl (ServerState.java:close(385)) - 2f00ca3a-f523-476d-a77d-69389bdf1595@group-EB2CD53CE917: closes. applyIndex: 0
2019-09-25 04:49:33,805 [ForkJoinPool.commonPool-worker-1] INFO  impl.RaftServerImpl (ServerState.java:close(385)) - fcf37978-6168-4314-87d6-0e8a7c1fc6e1@group-2F9D5468F7E0: closes. applyIndex: 0
2019-09-25 04:49:33,806 [2f00ca3a-f523-476d-a77d-69389bdf1595@group-EB2CD53CE917-SegmentedRaftLogWorker] INFO  segmented.SegmentedRaftLogWorker (SegmentedRaftLogWorker.java:run(313)) - 2f00ca3a-f523-476d-a77d-69389bdf1595@group-EB2CD53CE917-SegmentedRaftLogWorker was interrupted, exiting. There are 0 tasks remaining in the queue.
2019-09-25 04:49:33,806 [fcf37978-6168-4314-87d6-0e8a7c1fc6e1@group-2F9D5468F7E0-SegmentedRaftLogWorker] INFO  segmented.SegmentedRaftLogWorker (SegmentedRaftLogWorker.java:run(313)) - fcf37978-6168-4314-87d6-0e8a7c1fc6e1@group-2F9D5468F7E0-SegmentedRaftLogWorker was interrupted, exiting. There are 0 tasks remaining in the queue.
2019-09-25 04:49:33,806 [main] INFO  segmented.SegmentedRaftLogWorker (SegmentedRaftLogWorker.java:close(228)) - 2f00ca3a-f523-476d-a77d-69389bdf1595@group-EB2CD53CE917-SegmentedRaftLogWorker close()
2019-09-25 04:49:33,806 [ForkJoinPool.commonPool-worker-1] INFO  segmented.SegmentedRaftLogWorker (SegmentedRaftLogWorker.java:close(228)) - fcf37978-6168-4314-87d6-0e8a7c1fc6e1@group-2F9D5468F7E0-SegmentedRaftLogWorker close()
2019-09-25 04:49:33,810 [main] INFO  impl.RaftServerImpl (RaftServerImpl.java:lambda$shutdown$3(251)) - 2f00ca3a-f523-476d-a77d-69389bdf1595@group-E5B04C573914: shutdown
2019-09-25 04:49:33,812 [ForkJoinPool.commonPool-worker-1] INFO  impl.RaftServerImpl (RaftServerImpl.java:lambda$shutdown$3(251)) - fcf37978-6168-4314-87d6-0e8a7c1fc6e1@group-10035C8A5856: shutdown
2019-09-25 04:49:33,813 [main] INFO  util.JmxRegister (JmxRegister.java:unregister(73)) - Successfully un-registered JMX Bean with object name Ratis:service=RaftServer,group=group-E5B04C573914,id=2f00ca3a-f523-476d-a77d-69389bdf1595
2019-09-25 04:49:33,813 [ForkJoinPool.commonPool-worker-1] INFO  util.JmxRegister (JmxRegister.java:unregister(73)) - Successfully un-registered JMX Bean with object name Ratis:service=RaftServer,group=group-10035C8A5856,id=fcf37978-6168-4314-87d6-0e8a7c1fc6e1
2019-09-25 04:49:33,813 [main] INFO  impl.RoleInfo (RoleInfo.java:shutdownLeaderState(104)) - 2f00ca3a-f523-476d-a77d-69389bdf1595: shutdown LeaderState
2019-09-25 04:49:33,813 [ForkJoinPool.commonPool-worker-1] INFO  impl.RoleInfo (RoleInfo.java:shutdownLeaderState(104)) - fcf37978-6168-4314-87d6-0e8a7c1fc6e1: shutdown LeaderState
2019-09-25 04:49:33,814 [main] INFO  impl.PendingRequests (PendingRequests.java:sendNotLeaderResponses(202)) - 2f00ca3a-f523-476d-a77d-69389bdf1595-PendingRequests: sendNotLeaderResponses
2019-09-25 04:49:33,814 [ForkJoinPool.commonPool-worker-1] INFO  impl.PendingRequests (PendingRequests.java:sendNotLeaderResponses(202)) - fcf37978-6168-4314-87d6-0e8a7c1fc6e1-PendingRequests: sendNotLeaderResponses
2019-09-25 04:49:33,815 [main] INFO  impl.StateMachineUpdater (StateMachineUpdater.java:stopAndJoin(125)) - 2f00ca3a-f523-476d-a77d-69389bdf1595@group-E5B04C573914-StateMachineUpdater: set stopIndex = 0
2019-09-25 04:49:33,815 [main] INFO  impl.RaftServerImpl (ServerState.java:close(385)) - 2f00ca3a-f523-476d-a77d-69389bdf1595@group-E5B04C573914: closes. applyIndex: 0
2019-09-25 04:49:33,815 [ForkJoinPool.commonPool-worker-1] INFO  impl.StateMachineUpdater (StateMachineUpdater.java:stopAndJoin(125)) - fcf37978-6168-4314-87d6-0e8a7c1fc6e1@group-10035C8A5856-StateMachineUpdater: set stopIndex = 0
2019-09-25 04:49:33,816 [ForkJoinPool.commonPool-worker-1] INFO  impl.RaftServerImpl (ServerState.java:close(385)) - fcf37978-6168-4314-87d6-0e8a7c1fc6e1@group-10035C8A5856: closes. applyIndex: 0
2019-09-25 04:49:33,816 [2f00ca3a-f523-476d-a77d-69389bdf1595@group-E5B04C573914-SegmentedRaftLogWorker] INFO  segmented.SegmentedRaftLogWorker (SegmentedRaftLogWorker.java:run(313)) - 2f00ca3a-f523-476d-a77d-69389bdf1595@group-E5B04C573914-SegmentedRaftLogWorker was interrupted, exiting. There are 0 tasks remaining in the queue.
2019-09-25 04:49:33,816 [fcf37978-6168-4314-87d6-0e8a7c1fc6e1@group-10035C8A5856-SegmentedRaftLogWorker] INFO  segmented.SegmentedRaftLogWorker (SegmentedRaftLogWorker.java:run(313)) - fcf37978-6168-4314-87d6-0e8a7c1fc6e1@group-10035C8A5856-SegmentedRaftLogWorker was interrupted, exiting. There are 0 tasks remaining in the queue.
2019-09-25 04:49:33,816 [main] INFO  segmented.SegmentedRaftLogWorker (SegmentedRaftLogWorker.java:close(228)) - 2f00ca3a-f523-476d-a77d-69389bdf1595@group-E5B04C573914-SegmentedRaftLogWorker close()
2019-09-25 04:49:33,817 [ForkJoinPool.commonPool-worker-1] INFO  segmented.SegmentedRaftLogWorker (SegmentedRaftLogWorker.java:close(228)) - fcf37978-6168-4314-87d6-0e8a7c1fc6e1@group-10035C8A5856-SegmentedRaftLogWorker close()
2019-09-25 04:49:33,819 [main] INFO  impl.RaftServerImpl (RaftServerImpl.java:lambda$shutdown$3(251)) - 2f00ca3a-f523-476d-a77d-69389bdf1595@group-BD40B150A32E: shutdown
2019-09-25 04:49:33,830 [ForkJoinPool.commonPool-worker-1] INFO  impl.RaftServerImpl (RaftServerImpl.java:lambda$shutdown$3(251)) - fcf37978-6168-4314-87d6-0e8a7c1fc6e1@group-4FADE633D970: shutdown
2019-09-25 04:49:33,831 [main] INFO  util.JmxRegister (JmxRegister.java:unregister(73)) - Successfully un-registered JMX Bean with object name Ratis:service=RaftServer,group=group-BD40B150A32E,id=2f00ca3a-f523-476d-a77d-69389bdf1595
2019-09-25 04:49:33,831 [main] INFO  impl.RoleInfo (RoleInfo.java:shutdownLeaderState(104)) - 2f00ca3a-f523-476d-a77d-69389bdf1595: shutdown LeaderState
2019-09-25 04:49:33,831 [ForkJoinPool.commonPool-worker-1] INFO  util.JmxRegister (JmxRegister.java:unregister(73)) - Successfully un-registered JMX Bean with object name Ratis:service=RaftServer,group=group-4FADE633D970,id=fcf37978-6168-4314-87d6-0e8a7c1fc6e1
2019-09-25 04:49:33,832 [main] INFO  impl.PendingRequests (PendingRequests.java:sendNotLeaderResponses(202)) - 2f00ca3a-f523-476d-a77d-69389bdf1595-PendingRequests: sendNotLeaderResponses
2019-09-25 04:49:33,832 [ForkJoinPool.commonPool-worker-1] INFO  impl.RoleInfo (RoleInfo.java:shutdownLeaderState(104)) - fcf37978-6168-4314-87d6-0e8a7c1fc6e1: shutdown LeaderState
2019-09-25 04:49:33,832 [main] INFO  impl.StateMachineUpdater (StateMachineUpdater.java:stopAndJoin(125)) - 2f00ca3a-f523-476d-a77d-69389bdf1595@group-BD40B150A32E-StateMachineUpdater: set stopIndex = 0
2019-09-25 04:49:33,832 [ForkJoinPool.commonPool-worker-1] INFO  impl.PendingRequests (PendingRequests.java:sendNotLeaderResponses(202)) - fcf37978-6168-4314-87d6-0e8a7c1fc6e1-PendingRequests: sendNotLeaderResponses
2019-09-25 04:49:33,833 [main] INFO  impl.RaftServerImpl (ServerState.java:close(385)) - 2f00ca3a-f523-476d-a77d-69389bdf1595@group-BD40B150A32E: closes. applyIndex: 0
2019-09-25 04:49:33,833 [ForkJoinPool.commonPool-worker-1] INFO  impl.StateMachineUpdater (StateMachineUpdater.java:stopAndJoin(125)) - fcf37978-6168-4314-87d6-0e8a7c1fc6e1@group-4FADE633D970-StateMachineUpdater: set stopIndex = 0
2019-09-25 04:49:33,834 [2f00ca3a-f523-476d-a77d-69389bdf1595@group-BD40B150A32E-SegmentedRaftLogWorker] INFO  segmented.SegmentedRaftLogWorker (SegmentedRaftLogWorker.java:run(313)) - 2f00ca3a-f523-476d-a77d-69389bdf1595@group-BD40B150A32E-SegmentedRaftLogWorker was interrupted, exiting. There are 0 tasks remaining in the queue.
2019-09-25 04:49:33,834 [ForkJoinPool.commonPool-worker-1] INFO  impl.RaftServerImpl (ServerState.java:close(385)) - fcf37978-6168-4314-87d6-0e8a7c1fc6e1@group-4FADE633D970: closes. applyIndex: 0
2019-09-25 04:49:33,834 [main] INFO  segmented.SegmentedRaftLogWorker (SegmentedRaftLogWorker.java:close(228)) - 2f00ca3a-f523-476d-a77d-69389bdf1595@group-BD40B150A32E-SegmentedRaftLogWorker close()
2019-09-25 04:49:33,834 [fcf37978-6168-4314-87d6-0e8a7c1fc6e1@group-4FADE633D970-SegmentedRaftLogWorker] INFO  segmented.SegmentedRaftLogWorker (SegmentedRaftLogWorker.java:run(313)) - fcf37978-6168-4314-87d6-0e8a7c1fc6e1@group-4FADE633D970-SegmentedRaftLogWorker was interrupted, exiting. There are 0 tasks remaining in the queue.
2019-09-25 04:49:33,835 [main] INFO  impl.RaftServerImpl (RaftServerImpl.java:lambda$shutdown$3(251)) - 2f00ca3a-f523-476d-a77d-69389bdf1595@group-BA8DCE37908D: shutdown
2019-09-25 04:49:33,835 [ForkJoinPool.commonPool-worker-1] INFO  segmented.SegmentedRaftLogWorker (SegmentedRaftLogWorker.java:close(228)) - fcf37978-6168-4314-87d6-0e8a7c1fc6e1@group-4FADE633D970-SegmentedRaftLogWorker close()
2019-09-25 04:49:33,835 [main] INFO  util.JmxRegister (JmxRegister.java:unregister(73)) - Successfully un-registered JMX Bean with object name Ratis:service=RaftServer,group=group-BA8DCE37908D,id=2f00ca3a-f523-476d-a77d-69389bdf1595
2019-09-25 04:49:33,835 [ForkJoinPool.commonPool-worker-1] INFO  impl.RaftServerImpl (RaftServerImpl.java:lambda$shutdown$3(251)) - fcf37978-6168-4314-87d6-0e8a7c1fc6e1@group-939E19D20AEE: shutdown
2019-09-25 04:49:33,836 [main] INFO  impl.RoleInfo (RoleInfo.java:shutdownLeaderState(104)) - 2f00ca3a-f523-476d-a77d-69389bdf1595: shutdown LeaderState
2019-09-25 04:49:33,836 [ForkJoinPool.commonPool-worker-1] INFO  util.JmxRegister (JmxRegister.java:unregister(73)) - Successfully un-registered JMX Bean with object name Ratis:service=RaftServer,group=group-939E19D20AEE,id=fcf37978-6168-4314-87d6-0e8a7c1fc6e1
2019-09-25 04:49:33,836 [main] INFO  impl.PendingRequests (PendingRequests.java:sendNotLeaderResponses(202)) - 2f00ca3a-f523-476d-a77d-69389bdf1595-PendingRequests: sendNotLeaderResponses
2019-09-25 04:49:33,836 [ForkJoinPool.commonPool-worker-1] INFO  impl.RoleInfo (RoleInfo.java:shutdownLeaderState(104)) - fcf37978-6168-4314-87d6-0e8a7c1fc6e1: shutdown LeaderState
2019-09-25 04:49:33,837 [main] INFO  impl.StateMachineUpdater (StateMachineUpdater.java:stopAndJoin(125)) - 2f00ca3a-f523-476d-a77d-69389bdf1595@group-BA8DCE37908D-StateMachineUpdater: set stopIndex = 0
2019-09-25 04:49:33,837 [ForkJoinPool.commonPool-worker-1] INFO  impl.PendingRequests (PendingRequests.java:sendNotLeaderResponses(202)) - fcf37978-6168-4314-87d6-0e8a7c1fc6e1-PendingRequests: sendNotLeaderResponses
2019-09-25 04:49:33,837 [main] INFO  impl.RaftServerImpl (ServerState.java:close(385)) - 2f00ca3a-f523-476d-a77d-69389bdf1595@group-BA8DCE37908D: closes. applyIndex: 0
2019-09-25 04:49:33,838 [ForkJoinPool.commonPool-worker-1] INFO  impl.StateMachineUpdater (StateMachineUpdater.java:stopAndJoin(125)) - fcf37978-6168-4314-87d6-0e8a7c1fc6e1@group-939E19D20AEE-StateMachineUpdater: set stopIndex = 0
2019-09-25 04:49:33,842 [2f00ca3a-f523-476d-a77d-69389bdf1595@group-BA8DCE37908D-SegmentedRaftLogWorker] INFO  segmented.SegmentedRaftLogWorker (SegmentedRaftLogWorker.java:run(313)) - 2f00ca3a-f523-476d-a77d-69389bdf1595@group-BA8DCE37908D-SegmentedRaftLogWorker was interrupted, exiting. There are 0 tasks remaining in the queue.
2019-09-25 04:49:33,842 [ForkJoinPool.commonPool-worker-1] INFO  impl.RaftServerImpl (ServerState.java:close(385)) - fcf37978-6168-4314-87d6-0e8a7c1fc6e1@group-939E19D20AEE: closes. applyIndex: 0
2019-09-25 04:49:33,842 [main] INFO  segmented.SegmentedRaftLogWorker (SegmentedRaftLogWorker.java:close(228)) - 2f00ca3a-f523-476d-a77d-69389bdf1595@group-BA8DCE37908D-SegmentedRaftLogWorker close()
2019-09-25 04:49:33,842 [fcf37978-6168-4314-87d6-0e8a7c1fc6e1@group-939E19D20AEE-SegmentedRaftLogWorker] INFO  segmented.SegmentedRaftLogWorker (SegmentedRaftLogWorker.java:run(313)) - fcf37978-6168-4314-87d6-0e8a7c1fc6e1@group-939E19D20AEE-SegmentedRaftLogWorker was interrupted, exiting. There are 0 tasks remaining in the queue.
2019-09-25 04:49:33,843 [main] INFO  server.GrpcService (GrpcService.java:closeImpl(164)) - 2f00ca3a-f523-476d-a77d-69389bdf1595: shutdown server with port 39474 now
2019-09-25 04:49:33,843 [ForkJoinPool.commonPool-worker-1] INFO  segmented.SegmentedRaftLogWorker (SegmentedRaftLogWorker.java:close(228)) - fcf37978-6168-4314-87d6-0e8a7c1fc6e1@group-939E19D20AEE-SegmentedRaftLogWorker close()
2019-09-25 04:49:33,846 [main] INFO  server.GrpcService (GrpcService.java:closeImpl(172)) - 2f00ca3a-f523-476d-a77d-69389bdf1595: shutdown server with port 39474 successfully
2019-09-25 04:49:33,846 [ForkJoinPool.commonPool-worker-1] INFO  server.GrpcService (GrpcService.java:closeImpl(164)) - fcf37978-6168-4314-87d6-0e8a7c1fc6e1: shutdown server with port 44984 now
2019-09-25 04:49:33,849 [ForkJoinPool.commonPool-worker-1] INFO  server.GrpcService (GrpcService.java:closeImpl(172)) - fcf37978-6168-4314-87d6-0e8a7c1fc6e1: shutdown server with port 44984 successfully
2019-09-25 04:49:33,850 [refreshUsed-/workdir/hadoop-ozone/integration-test/target/test-dir/MiniOzoneClusterImpl-73e7cd3e-72db-4213-b677-28bfbd198772/datanode-6/data/containers] WARN  fs.CachingGetSpaceUsed (CachingGetSpaceUsed.java:run(183)) - Thread Interrupted waiting to refresh disk information: sleep interrupted
2019-09-25 04:49:33,870 [refreshUsed-/workdir/hadoop-ozone/integration-test/target/test-dir/MiniOzoneClusterImpl-73e7cd3e-72db-4213-b677-28bfbd198772/datanode-3/data/containers] WARN  fs.CachingGetSpaceUsed (CachingGetSpaceUsed.java:run(183)) - Thread Interrupted waiting to refresh disk information: sleep interrupted
2019-09-25 04:49:33,883 [main] INFO  utils.BackgroundService (BackgroundService.java:shutdown(148)) - Shutting down service BlockDeletingService
2019-09-25 04:49:33,890 [main] INFO  statemachine.DatanodeStateMachine (DatanodeStateMachine.java:stopDaemon(395)) - Ozone container server stopped.
2019-09-25 04:49:33,891 [main] INFO  handler.ContextHandler (ContextHandler.java:doStop(910)) - Stopped o.e.j.w.WebAppContext@17273273{/,null,UNAVAILABLE}{/hddsDatanode}
2019-09-25 04:49:33,891 [ForkJoinPool.commonPool-worker-1] INFO  utils.BackgroundService (BackgroundService.java:shutdown(148)) - Shutting down service BlockDeletingService
2019-09-25 04:49:33,895 [main] INFO  server.AbstractConnector (AbstractConnector.java:doStop(318)) - Stopped ServerConnector@5f69e2b{HTTP/1.1,[http/1.1]}{0.0.0.0:0}
2019-09-25 04:49:33,897 [ForkJoinPool.commonPool-worker-1] INFO  statemachine.DatanodeStateMachine (DatanodeStateMachine.java:stopDaemon(395)) - Ozone container server stopped.
2019-09-25 04:49:33,897 [main] INFO  handler.ContextHandler (ContextHandler.java:doStop(910)) - Stopped o.e.j.s.ServletContextHandler@753aca85{/static,jar:file:/home/user/.m2/repository/org/apache/hadoop/hadoop-hdds-container-service/0.5.0-SNAPSHOT/hadoop-hdds-container-service-0.5.0-SNAPSHOT.jar!/webapps/static,UNAVAILABLE}
2019-09-25 04:49:33,901 [main] INFO  handler.ContextHandler (ContextHandler.java:doStop(910)) - Stopped o.e.j.s.ServletContextHandler@4437ac07{/logs,file:///workdir/hadoop-ozone/integration-test/target/log,UNAVAILABLE}
2019-09-25 04:49:33,904 [ForkJoinPool.commonPool-worker-1] INFO  handler.ContextHandler (ContextHandler.java:doStop(910)) - Stopped o.e.j.w.WebAppContext@350d3f4d{/,null,UNAVAILABLE}{/hddsDatanode}
2019-09-25 04:49:33,905 [ForkJoinPool.commonPool-worker-1] INFO  server.AbstractConnector (AbstractConnector.java:doStop(318)) - Stopped ServerConnector@18b8d173{HTTP/1.1,[http/1.1]}{0.0.0.0:0}
2019-09-25 04:49:33,907 [ForkJoinPool.commonPool-worker-1] INFO  handler.ContextHandler (ContextHandler.java:doStop(910)) - Stopped o.e.j.s.ServletContextHandler@642f9a77{/static,jar:file:/home/user/.m2/repository/org/apache/hadoop/hadoop-hdds-container-service/0.5.0-SNAPSHOT/hadoop-hdds-container-service-0.5.0-SNAPSHOT.jar!/webapps/static,UNAVAILABLE}
2019-09-25 04:49:33,909 [ForkJoinPool.commonPool-worker-1] INFO  handler.ContextHandler (ContextHandler.java:doStop(910)) - Stopped o.e.j.s.ServletContextHandler@4b97c4ad{/logs,file:///workdir/hadoop-ozone/integration-test/target/log,UNAVAILABLE}
2019-09-25 04:49:34,461 [Datanode State Machine Thread - 0] INFO  statemachine.DatanodeStateMachine (DatanodeStateMachine.java:lambda$startDaemon$0(350)) - Ozone container server started.
2019-09-25 04:49:34,734 [Datanode State Machine Thread - 0] INFO  statemachine.DatanodeStateMachine (DatanodeStateMachine.java:lambda$startDaemon$0(350)) - Ozone container server started.
2019-09-25 04:49:38,906 [main] INFO  ozoneimpl.OzoneContainer (OzoneContainer.java:stop(231)) - Attempting to stop container services.
2019-09-25 04:49:38,906 [main] INFO  impl.RaftServerProxy (RaftServerProxy.java:lambda$close$4(314)) - 778daabb-04ae-41de-8067-bd0724312da7: close
2019-09-25 04:49:38,907 [main] INFO  impl.RaftServerImpl (RaftServerImpl.java:lambda$shutdown$3(251)) - 778daabb-04ae-41de-8067-bd0724312da7@group-428C4BFFBB98: shutdown
2019-09-25 04:49:38,907 [main] INFO  util.JmxRegister (JmxRegister.java:unregister(73)) - Successfully un-registered JMX Bean with object name Ratis:service=RaftServer,group=group-428C4BFFBB98,id=778daabb-04ae-41de-8067-bd0724312da7
2019-09-25 04:49:38,908 [main] INFO  impl.RoleInfo (RoleInfo.java:shutdownLeaderState(104)) - 778daabb-04ae-41de-8067-bd0724312da7: shutdown LeaderState
2019-09-25 04:49:38,908 [main] INFO  impl.PendingRequests (PendingRequests.java:sendNotLeaderResponses(202)) - 778daabb-04ae-41de-8067-bd0724312da7-PendingRequests: sendNotLeaderResponses
2019-09-25 04:49:38,909 [main] INFO  impl.StateMachineUpdater (StateMachineUpdater.java:stopAndJoin(125)) - 778daabb-04ae-41de-8067-bd0724312da7@group-428C4BFFBB98-StateMachineUpdater: set stopIndex = 0
2019-09-25 04:49:38,910 [main] INFO  impl.RaftServerImpl (ServerState.java:close(385)) - 778daabb-04ae-41de-8067-bd0724312da7@group-428C4BFFBB98: closes. applyIndex: 0
2019-09-25 04:49:38,910 [ForkJoinPool.commonPool-worker-1] INFO  ozoneimpl.OzoneContainer (OzoneContainer.java:stop(231)) - Attempting to stop container services.
2019-09-25 04:49:38,910 [778daabb-04ae-41de-8067-bd0724312da7@group-428C4BFFBB98-SegmentedRaftLogWorker] INFO  segmented.SegmentedRaftLogWorker (SegmentedRaftLogWorker.java:run(313)) - 778daabb-04ae-41de-8067-bd0724312da7@group-428C4BFFBB98-SegmentedRaftLogWorker was interrupted, exiting. There are 0 tasks remaining in the queue.
2019-09-25 04:49:38,910 [ForkJoinPool.commonPool-worker-1] INFO  impl.RaftServerProxy (RaftServerProxy.java:lambda$close$4(314)) - eccaf005-8169-4dfc-be1f-8981a011c66c: close
2019-09-25 04:49:38,911 [ForkJoinPool.commonPool-worker-1] INFO  impl.RaftServerImpl (RaftServerImpl.java:lambda$shutdown$3(251)) - eccaf005-8169-4dfc-be1f-8981a011c66c@group-0BE3DF9EFA88: shutdown
2019-09-25 04:49:38,911 [main] INFO  segmented.SegmentedRaftLogWorker (SegmentedRaftLogWorker.java:close(228)) - 778daabb-04ae-41de-8067-bd0724312da7@group-428C4BFFBB98-SegmentedRaftLogWorker close()
2019-09-25 04:49:38,911 [ForkJoinPool.commonPool-worker-1] INFO  util.JmxRegister (JmxRegister.java:unregister(73)) - Successfully un-registered JMX Bean with object name Ratis:service=RaftServer,group=group-0BE3DF9EFA88,id=eccaf005-8169-4dfc-be1f-8981a011c66c
2019-09-25 04:49:38,911 [main] INFO  impl.RaftServerImpl (RaftServerImpl.java:lambda$shutdown$3(251)) - 778daabb-04ae-41de-8067-bd0724312da7@group-0D174AFCE633: shutdown
2019-09-25 04:49:38,911 [ForkJoinPool.commonPool-worker-1] INFO  impl.RoleInfo (RoleInfo.java:shutdownLeaderState(104)) - eccaf005-8169-4dfc-be1f-8981a011c66c: shutdown LeaderState
2019-09-25 04:49:38,912 [main] INFO  util.JmxRegister (JmxRegister.java:unregister(73)) - Successfully un-registered JMX Bean with object name Ratis:service=RaftServer,group=group-0D174AFCE633,id=778daabb-04ae-41de-8067-bd0724312da7
2019-09-25 04:49:38,912 [ForkJoinPool.commonPool-worker-1] INFO  impl.PendingRequests (PendingRequests.java:sendNotLeaderResponses(202)) - eccaf005-8169-4dfc-be1f-8981a011c66c-PendingRequests: sendNotLeaderResponses
2019-09-25 04:49:38,912 [main] INFO  impl.RoleInfo (RoleInfo.java:shutdownLeaderState(104)) - 778daabb-04ae-41de-8067-bd0724312da7: shutdown LeaderState
2019-09-25 04:49:38,913 [ForkJoinPool.commonPool-worker-1] INFO  impl.StateMachineUpdater (StateMachineUpdater.java:stopAndJoin(125)) - eccaf005-8169-4dfc-be1f-8981a011c66c@group-0BE3DF9EFA88-StateMachineUpdater: set stopIndex = 0
2019-09-25 04:49:38,917 [main] INFO  impl.PendingRequests (PendingRequests.java:sendNotLeaderResponses(202)) - 778daabb-04ae-41de-8067-bd0724312da7-PendingRequests: sendNotLeaderResponses
2019-09-25 04:49:38,917 [ForkJoinPool.commonPool-worker-1] INFO  impl.RaftServerImpl (ServerState.java:close(385)) - eccaf005-8169-4dfc-be1f-8981a011c66c@group-0BE3DF9EFA88: closes. applyIndex: 0
2019-09-25 04:49:38,917 [main] INFO  impl.StateMachineUpdater (StateMachineUpdater.java:stopAndJoin(125)) - 778daabb-04ae-41de-8067-bd0724312da7@group-0D174AFCE633-StateMachineUpdater: set stopIndex = 0
2019-09-25 04:49:38,918 [eccaf005-8169-4dfc-be1f-8981a011c66c@group-0BE3DF9EFA88-SegmentedRaftLogWorker] INFO  segmented.SegmentedRaftLogWorker (SegmentedRaftLogWorker.java:run(313)) - eccaf005-8169-4dfc-be1f-8981a011c66c@group-0BE3DF9EFA88-SegmentedRaftLogWorker was interrupted, exiting. There are 0 tasks remaining in the queue.
2019-09-25 04:49:38,918 [main] INFO  impl.RaftServerImpl (ServerState.java:close(385)) - 778daabb-04ae-41de-8067-bd0724312da7@group-0D174AFCE633: closes. applyIndex: 0
2019-09-25 04:49:38,919 [778daabb-04ae-41de-8067-bd0724312da7@group-0D174AFCE633-SegmentedRaftLogWorker] INFO  segmented.SegmentedRaftLogWorker (SegmentedRaftLogWorker.java:run(313)) - 778daabb-04ae-41de-8067-bd0724312da7@group-0D174AFCE633-SegmentedRaftLogWorker was interrupted, exiting. There are 0 tasks remaining in the queue.
2019-09-25 04:49:38,923 [ForkJoinPool.commonPool-worker-1] INFO  segmented.SegmentedRaftLogWorker (SegmentedRaftLogWorker.java:close(228)) - eccaf005-8169-4dfc-be1f-8981a011c66c@group-0BE3DF9EFA88-SegmentedRaftLogWorker close()
2019-09-25 04:49:38,923 [main] INFO  segmented.SegmentedRaftLogWorker (SegmentedRaftLogWorker.java:close(228)) - 778daabb-04ae-41de-8067-bd0724312da7@group-0D174AFCE633-SegmentedRaftLogWorker close()
2019-09-25 04:49:38,923 [ForkJoinPool.commonPool-worker-1] INFO  impl.RaftServerImpl (RaftServerImpl.java:lambda$shutdown$3(251)) - eccaf005-8169-4dfc-be1f-8981a011c66c@group-5B1FF03C87F5: shutdown
2019-09-25 04:49:38,924 [main] INFO  impl.RaftServerImpl (RaftServerImpl.java:lambda$shutdown$3(251)) - 778daabb-04ae-41de-8067-bd0724312da7@group-5307BA49B365: shutdown
2019-09-25 04:49:38,924 [ForkJoinPool.commonPool-worker-1] INFO  util.JmxRegister (JmxRegister.java:unregister(73)) - Successfully un-registered JMX Bean with object name Ratis:service=RaftServer,group=group-5B1FF03C87F5,id=eccaf005-8169-4dfc-be1f-8981a011c66c
2019-09-25 04:49:38,924 [main] INFO  util.JmxRegister (JmxRegister.java:unregister(73)) - Successfully un-registered JMX Bean with object name Ratis:service=RaftServer,group=group-5307BA49B365,id=778daabb-04ae-41de-8067-bd0724312da7
2019-09-25 04:49:38,924 [ForkJoinPool.commonPool-worker-1] INFO  impl.RoleInfo (RoleInfo.java:shutdownLeaderState(104)) - eccaf005-8169-4dfc-be1f-8981a011c66c: shutdown LeaderState
2019-09-25 04:49:38,925 [main] INFO  impl.RoleInfo (RoleInfo.java:shutdownLeaderState(104)) - 778daabb-04ae-41de-8067-bd0724312da7: shutdown LeaderState
2019-09-25 04:49:38,925 [ForkJoinPool.commonPool-worker-1] INFO  impl.PendingRequests (PendingRequests.java:sendNotLeaderResponses(202)) - eccaf005-8169-4dfc-be1f-8981a011c66c-PendingRequests: sendNotLeaderResponses
2019-09-25 04:49:38,925 [main] INFO  impl.PendingRequests (PendingRequests.java:sendNotLeaderResponses(202)) - 778daabb-04ae-41de-8067-bd0724312da7-PendingRequests: sendNotLeaderResponses
2019-09-25 04:49:38,925 [ForkJoinPool.commonPool-worker-1] INFO  impl.StateMachineUpdater (StateMachineUpdater.java:stopAndJoin(125)) - eccaf005-8169-4dfc-be1f-8981a011c66c@group-5B1FF03C87F5-StateMachineUpdater: set stopIndex = 0
2019-09-25 04:49:38,926 [main] INFO  impl.StateMachineUpdater (StateMachineUpdater.java:stopAndJoin(125)) - 778daabb-04ae-41de-8067-bd0724312da7@group-5307BA49B365-StateMachineUpdater: set stopIndex = 0
2019-09-25 04:49:38,926 [ForkJoinPool.commonPool-worker-1] INFO  impl.RaftServerImpl (ServerState.java:close(385)) - eccaf005-8169-4dfc-be1f-8981a011c66c@group-5B1FF03C87F5: closes. applyIndex: 0
2019-09-25 04:49:38,926 [main] INFO  impl.RaftServerImpl (ServerState.java:close(385)) - 778daabb-04ae-41de-8067-bd0724312da7@group-5307BA49B365: closes. applyIndex: 0
2019-09-25 04:49:38,927 [eccaf005-8169-4dfc-be1f-8981a011c66c@group-5B1FF03C87F5-SegmentedRaftLogWorker] INFO  segmented.SegmentedRaftLogWorker (SegmentedRaftLogWorker.java:run(313)) - eccaf005-8169-4dfc-be1f-8981a011c66c@group-5B1FF03C87F5-SegmentedRaftLogWorker was interrupted, exiting. There are 0 tasks remaining in the queue.
2019-09-25 04:49:38,927 [778daabb-04ae-41de-8067-bd0724312da7@group-5307BA49B365-SegmentedRaftLogWorker] INFO  segmented.SegmentedRaftLogWorker (SegmentedRaftLogWorker.java:run(313)) - 778daabb-04ae-41de-8067-bd0724312da7@group-5307BA49B365-SegmentedRaftLogWorker was interrupted, exiting. There are 0 tasks remaining in the queue.
2019-09-25 04:49:38,927 [ForkJoinPool.commonPool-worker-1] INFO  segmented.SegmentedRaftLogWorker (SegmentedRaftLogWorker.java:close(228)) - eccaf005-8169-4dfc-be1f-8981a011c66c@group-5B1FF03C87F5-SegmentedRaftLogWorker close()
2019-09-25 04:49:38,928 [main] INFO  segmented.SegmentedRaftLogWorker (SegmentedRaftLogWorker.java:close(228)) - 778daabb-04ae-41de-8067-bd0724312da7@group-5307BA49B365-SegmentedRaftLogWorker close()
2019-09-25 04:49:38,928 [ForkJoinPool.commonPool-worker-1] INFO  impl.RaftServerImpl (RaftServerImpl.java:lambda$shutdown$3(251)) - eccaf005-8169-4dfc-be1f-8981a011c66c@group-73C4AFE7F411: shutdown
2019-09-25 04:49:38,928 [main] INFO  impl.RaftServerImpl (RaftServerImpl.java:lambda$shutdown$3(251)) - 778daabb-04ae-41de-8067-bd0724312da7@group-85D3DA4B8DB8: shutdown
2019-09-25 04:49:38,928 [ForkJoinPool.commonPool-worker-1] INFO  util.JmxRegister (JmxRegister.java:unregister(73)) - Successfully un-registered JMX Bean with object name Ratis:service=RaftServer,group=group-73C4AFE7F411,id=eccaf005-8169-4dfc-be1f-8981a011c66c
2019-09-25 04:49:38,929 [main] INFO  util.JmxRegister (JmxRegister.java:unregister(73)) - Successfully un-registered JMX Bean with object name Ratis:service=RaftServer,group=group-85D3DA4B8DB8,id=778daabb-04ae-41de-8067-bd0724312da7
2019-09-25 04:49:38,929 [ForkJoinPool.commonPool-worker-1] INFO  impl.RoleInfo (RoleInfo.java:shutdownLeaderState(104)) - eccaf005-8169-4dfc-be1f-8981a011c66c: shutdown LeaderState
2019-09-25 04:49:38,929 [main] INFO  impl.RoleInfo (RoleInfo.java:shutdownLeaderState(104)) - 778daabb-04ae-41de-8067-bd0724312da7: shutdown LeaderState
2019-09-25 04:49:38,930 [ForkJoinPool.commonPool-worker-1] INFO  impl.PendingRequests (PendingRequests.java:sendNotLeaderResponses(202)) - eccaf005-8169-4dfc-be1f-8981a011c66c-PendingRequests: sendNotLeaderResponses
2019-09-25 04:49:38,930 [main] INFO  impl.PendingRequests (PendingRequests.java:sendNotLeaderResponses(202)) - 778daabb-04ae-41de-8067-bd0724312da7-PendingRequests: sendNotLeaderResponses
2019-09-25 04:49:38,930 [ForkJoinPool.commonPool-worker-1] INFO  impl.StateMachineUpdater (StateMachineUpdater.java:stopAndJoin(125)) - eccaf005-8169-4dfc-be1f-8981a011c66c@group-73C4AFE7F411-StateMachineUpdater: set stopIndex = 0
2019-09-25 04:49:38,931 [main] INFO  impl.StateMachineUpdater (StateMachineUpdater.java:stopAndJoin(125)) - 778daabb-04ae-41de-8067-bd0724312da7@group-85D3DA4B8DB8-StateMachineUpdater: set stopIndex = 0
2019-09-25 04:49:38,931 [ForkJoinPool.commonPool-worker-1] INFO  impl.RaftServerImpl (ServerState.java:close(385)) - eccaf005-8169-4dfc-be1f-8981a011c66c@group-73C4AFE7F411: closes. applyIndex: 0
2019-09-25 04:49:38,931 [main] INFO  impl.RaftServerImpl (ServerState.java:close(385)) - 778daabb-04ae-41de-8067-bd0724312da7@group-85D3DA4B8DB8: closes. applyIndex: 0
2019-09-25 04:49:38,932 [eccaf005-8169-4dfc-be1f-8981a011c66c@group-73C4AFE7F411-SegmentedRaftLogWorker] INFO  segmented.SegmentedRaftLogWorker (SegmentedRaftLogWorker.java:run(313)) - eccaf005-8169-4dfc-be1f-8981a011c66c@group-73C4AFE7F411-SegmentedRaftLogWorker was interrupted, exiting. There are 0 tasks remaining in the queue.
2019-09-25 04:49:38,932 [778daabb-04ae-41de-8067-bd0724312da7@group-85D3DA4B8DB8-SegmentedRaftLogWorker] INFO  segmented.SegmentedRaftLogWorker (SegmentedRaftLogWorker.java:run(313)) - 778daabb-04ae-41de-8067-bd0724312da7@group-85D3DA4B8DB8-SegmentedRaftLogWorker was interrupted, exiting. There are 0 tasks remaining in the queue.
2019-09-25 04:49:38,932 [ForkJoinPool.commonPool-worker-1] INFO  segmented.SegmentedRaftLogWorker (SegmentedRaftLogWorker.java:close(228)) - eccaf005-8169-4dfc-be1f-8981a011c66c@group-73C4AFE7F411-SegmentedRaftLogWorker close()
2019-09-25 04:49:38,933 [main] INFO  segmented.SegmentedRaftLogWorker (SegmentedRaftLogWorker.java:close(228)) - 778daabb-04ae-41de-8067-bd0724312da7@group-85D3DA4B8DB8-SegmentedRaftLogWorker close()
2019-09-25 04:49:38,933 [ForkJoinPool.commonPool-worker-1] INFO  impl.RaftServerImpl (RaftServerImpl.java:lambda$shutdown$3(251)) - eccaf005-8169-4dfc-be1f-8981a011c66c@group-978CA49B1170: shutdown
2019-09-25 04:49:38,933 [main] INFO  impl.RaftServerImpl (RaftServerImpl.java:lambda$shutdown$3(251)) - 778daabb-04ae-41de-8067-bd0724312da7@group-AD88A5BF1051: shutdown
2019-09-25 04:49:38,934 [ForkJoinPool.commonPool-worker-1] INFO  util.JmxRegister (JmxRegister.java:unregister(73)) - Successfully un-registered JMX Bean with object name Ratis:service=RaftServer,group=group-978CA49B1170,id=eccaf005-8169-4dfc-be1f-8981a011c66c
2019-09-25 04:49:38,934 [main] INFO  util.JmxRegister (JmxRegister.java:unregister(73)) - Successfully un-registered JMX Bean with object name Ratis:service=RaftServer,group=group-AD88A5BF1051,id=778daabb-04ae-41de-8067-bd0724312da7
2019-09-25 04:49:38,934 [ForkJoinPool.commonPool-worker-1] INFO  impl.RoleInfo (RoleInfo.java:shutdownLeaderState(104)) - eccaf005-8169-4dfc-be1f-8981a011c66c: shutdown LeaderState
2019-09-25 04:49:38,934 [main] INFO  impl.RoleInfo (RoleInfo.java:shutdownLeaderState(104)) - 778daabb-04ae-41de-8067-bd0724312da7: shutdown LeaderState
2019-09-25 04:49:38,935 [ForkJoinPool.commonPool-worker-1] INFO  impl.PendingRequests (PendingRequests.java:sendNotLeaderResponses(202)) - eccaf005-8169-4dfc-be1f-8981a011c66c-PendingRequests: sendNotLeaderResponses
2019-09-25 04:49:38,935 [main] INFO  impl.PendingRequests (PendingRequests.java:sendNotLeaderResponses(202)) - 778daabb-04ae-41de-8067-bd0724312da7-PendingRequests: sendNotLeaderResponses
2019-09-25 04:49:38,935 [ForkJoinPool.commonPool-worker-1] INFO  impl.StateMachineUpdater (StateMachineUpdater.java:stopAndJoin(125)) - eccaf005-8169-4dfc-be1f-8981a011c66c@group-978CA49B1170-StateMachineUpdater: set stopIndex = 0
2019-09-25 04:49:38,936 [main] INFO  impl.StateMachineUpdater (StateMachineUpdater.java:stopAndJoin(125)) - 778daabb-04ae-41de-8067-bd0724312da7@group-AD88A5BF1051-StateMachineUpdater: set stopIndex = 0
2019-09-25 04:49:38,936 [ForkJoinPool.commonPool-worker-1] INFO  impl.RaftServerImpl (ServerState.java:close(385)) - eccaf005-8169-4dfc-be1f-8981a011c66c@group-978CA49B1170: closes. applyIndex: 0
2019-09-25 04:49:38,936 [main] INFO  impl.RaftServerImpl (ServerState.java:close(385)) - 778daabb-04ae-41de-8067-bd0724312da7@group-AD88A5BF1051: closes. applyIndex: 0
2019-09-25 04:49:38,937 [eccaf005-8169-4dfc-be1f-8981a011c66c@group-978CA49B1170-SegmentedRaftLogWorker] INFO  segmented.SegmentedRaftLogWorker (SegmentedRaftLogWorker.java:run(313)) - eccaf005-8169-4dfc-be1f-8981a011c66c@group-978CA49B1170-SegmentedRaftLogWorker was interrupted, exiting. There are 0 tasks remaining in the queue.
2019-09-25 04:49:38,937 [778daabb-04ae-41de-8067-bd0724312da7@group-AD88A5BF1051-SegmentedRaftLogWorker] INFO  segmented.SegmentedRaftLogWorker (SegmentedRaftLogWorker.java:run(313)) - 778daabb-04ae-41de-8067-bd0724312da7@group-AD88A5BF1051-SegmentedRaftLogWorker was interrupted, exiting. There are 0 tasks remaining in the queue.
2019-09-25 04:49:38,937 [ForkJoinPool.commonPool-worker-1] INFO  segmented.SegmentedRaftLogWorker (SegmentedRaftLogWorker.java:close(228)) - eccaf005-8169-4dfc-be1f-8981a011c66c@group-978CA49B1170-SegmentedRaftLogWorker close()
2019-09-25 04:49:38,937 [main] INFO  segmented.SegmentedRaftLogWorker (SegmentedRaftLogWorker.java:close(228)) - 778daabb-04ae-41de-8067-bd0724312da7@group-AD88A5BF1051-SegmentedRaftLogWorker close()
2019-09-25 04:49:38,938 [ForkJoinPool.commonPool-worker-1] INFO  impl.RaftServerImpl (RaftServerImpl.java:lambda$shutdown$3(251)) - eccaf005-8169-4dfc-be1f-8981a011c66c@group-8B1B5CF8C2DC: shutdown
2019-09-25 04:49:38,938 [main] INFO  impl.RaftServerImpl (RaftServerImpl.java:lambda$shutdown$3(251)) - 778daabb-04ae-41de-8067-bd0724312da7@group-8CABF8D73106: shutdown
2019-09-25 04:49:38,938 [ForkJoinPool.commonPool-worker-1] INFO  util.JmxRegister (JmxRegister.java:unregister(73)) - Successfully un-registered JMX Bean with object name Ratis:service=RaftServer,group=group-8B1B5CF8C2DC,id=eccaf005-8169-4dfc-be1f-8981a011c66c
2019-09-25 04:49:38,939 [main] INFO  util.JmxRegister (JmxRegister.java:unregister(73)) - Successfully un-registered JMX Bean with object name Ratis:service=RaftServer,group=group-8CABF8D73106,id=778daabb-04ae-41de-8067-bd0724312da7
2019-09-25 04:49:38,939 [main] INFO  impl.RoleInfo (RoleInfo.java:shutdownLeaderState(104)) - 778daabb-04ae-41de-8067-bd0724312da7: shutdown LeaderState
2019-09-25 04:49:38,939 [ForkJoinPool.commonPool-worker-1] INFO  impl.RoleInfo (RoleInfo.java:shutdownLeaderState(104)) - eccaf005-8169-4dfc-be1f-8981a011c66c: shutdown LeaderState
2019-09-25 04:49:38,939 [main] INFO  impl.PendingRequests (PendingRequests.java:sendNotLeaderResponses(202)) - 778daabb-04ae-41de-8067-bd0724312da7-PendingRequests: sendNotLeaderResponses
2019-09-25 04:49:38,940 [ForkJoinPool.commonPool-worker-1] INFO  impl.PendingRequests (PendingRequests.java:sendNotLeaderResponses(202)) - eccaf005-8169-4dfc-be1f-8981a011c66c-PendingRequests: sendNotLeaderResponses
2019-09-25 04:49:38,940 [main] INFO  impl.StateMachineUpdater (StateMachineUpdater.java:stopAndJoin(125)) - 778daabb-04ae-41de-8067-bd0724312da7@group-8CABF8D73106-StateMachineUpdater: set stopIndex = 0
2019-09-25 04:49:38,940 [ForkJoinPool.commonPool-worker-1] INFO  impl.StateMachineUpdater (StateMachineUpdater.java:stopAndJoin(125)) - eccaf005-8169-4dfc-be1f-8981a011c66c@group-8B1B5CF8C2DC-StateMachineUpdater: set stopIndex = 0
2019-09-25 04:49:38,941 [main] INFO  impl.RaftServerImpl (ServerState.java:close(385)) - 778daabb-04ae-41de-8067-bd0724312da7@group-8CABF8D73106: closes. applyIndex: 0
2019-09-25 04:49:38,941 [ForkJoinPool.commonPool-worker-1] INFO  impl.RaftServerImpl (ServerState.java:close(385)) - eccaf005-8169-4dfc-be1f-8981a011c66c@group-8B1B5CF8C2DC: closes. applyIndex: 0
2019-09-25 04:49:38,941 [778daabb-04ae-41de-8067-bd0724312da7@group-8CABF8D73106-SegmentedRaftLogWorker] INFO  segmented.SegmentedRaftLogWorker (SegmentedRaftLogWorker.java:run(313)) - 778daabb-04ae-41de-8067-bd0724312da7@group-8CABF8D73106-SegmentedRaftLogWorker was interrupted, exiting. There are 0 tasks remaining in the queue.
2019-09-25 04:49:38,942 [eccaf005-8169-4dfc-be1f-8981a011c66c@group-8B1B5CF8C2DC-SegmentedRaftLogWorker] INFO  segmented.SegmentedRaftLogWorker (SegmentedRaftLogWorker.java:run(313)) - eccaf005-8169-4dfc-be1f-8981a011c66c@group-8B1B5CF8C2DC-SegmentedRaftLogWorker was interrupted, exiting. There are 0 tasks remaining in the queue.
2019-09-25 04:49:38,942 [main] INFO  segmented.SegmentedRaftLogWorker (SegmentedRaftLogWorker.java:close(228)) - 778daabb-04ae-41de-8067-bd0724312da7@group-8CABF8D73106-SegmentedRaftLogWorker close()
2019-09-25 04:49:38,942 [ForkJoinPool.commonPool-worker-1] INFO  segmented.SegmentedRaftLogWorker (SegmentedRaftLogWorker.java:close(228)) - eccaf005-8169-4dfc-be1f-8981a011c66c@group-8B1B5CF8C2DC-SegmentedRaftLogWorker close()
2019-09-25 04:49:38,942 [main] INFO  server.GrpcService (GrpcService.java:closeImpl(164)) - 778daabb-04ae-41de-8067-bd0724312da7: shutdown server with port 43912 now
2019-09-25 04:49:38,943 [ForkJoinPool.commonPool-worker-1] INFO  impl.RaftServerImpl (RaftServerImpl.java:lambda$shutdown$3(251)) - eccaf005-8169-4dfc-be1f-8981a011c66c@group-B7D8D171D59F: shutdown
2019-09-25 04:49:38,946 [ForkJoinPool.commonPool-worker-1] INFO  util.JmxRegister (JmxRegister.java:unregister(73)) - Successfully un-registered JMX Bean with object name Ratis:service=RaftServer,group=group-B7D8D171D59F,id=eccaf005-8169-4dfc-be1f-8981a011c66c
2019-09-25 04:49:38,946 [main] INFO  server.GrpcService (GrpcService.java:closeImpl(172)) - 778daabb-04ae-41de-8067-bd0724312da7: shutdown server with port 43912 successfully
2019-09-25 04:49:38,946 [ForkJoinPool.commonPool-worker-1] INFO  impl.RoleInfo (RoleInfo.java:shutdownLeaderState(104)) - eccaf005-8169-4dfc-be1f-8981a011c66c: shutdown LeaderState
2019-09-25 04:49:38,946 [ForkJoinPool.commonPool-worker-1] INFO  impl.PendingRequests (PendingRequests.java:sendNotLeaderResponses(202)) - eccaf005-8169-4dfc-be1f-8981a011c66c-PendingRequests: sendNotLeaderResponses
2019-09-25 04:49:38,947 [ForkJoinPool.commonPool-worker-1] INFO  impl.StateMachineUpdater (StateMachineUpdater.java:stopAndJoin(125)) - eccaf005-8169-4dfc-be1f-8981a011c66c@group-B7D8D171D59F-StateMachineUpdater: set stopIndex = 0
2019-09-25 04:49:38,947 [ForkJoinPool.commonPool-worker-1] INFO  impl.RaftServerImpl (ServerState.java:close(385)) - eccaf005-8169-4dfc-be1f-8981a011c66c@group-B7D8D171D59F: closes. applyIndex: 0
2019-09-25 04:49:38,948 [refreshUsed-/workdir/hadoop-ozone/integration-test/target/test-dir/MiniOzoneClusterImpl-73e7cd3e-72db-4213-b677-28bfbd198772/datanode-8/data/containers] WARN  fs.CachingGetSpaceUsed (CachingGetSpaceUsed.java:run(183)) - Thread Interrupted waiting to refresh disk information: sleep interrupted
2019-09-25 04:49:38,948 [eccaf005-8169-4dfc-be1f-8981a011c66c@group-B7D8D171D59F-SegmentedRaftLogWorker] INFO  segmented.SegmentedRaftLogWorker (SegmentedRaftLogWorker.java:run(313)) - eccaf005-8169-4dfc-be1f-8981a011c66c@group-B7D8D171D59F-SegmentedRaftLogWorker was interrupted, exiting. There are 0 tasks remaining in the queue.
2019-09-25 04:49:38,948 [ForkJoinPool.commonPool-worker-1] INFO  segmented.SegmentedRaftLogWorker (SegmentedRaftLogWorker.java:close(228)) - eccaf005-8169-4dfc-be1f-8981a011c66c@group-B7D8D171D59F-SegmentedRaftLogWorker close()
2019-09-25 04:49:38,949 [ForkJoinPool.commonPool-worker-1] INFO  server.GrpcService (GrpcService.java:closeImpl(164)) - eccaf005-8169-4dfc-be1f-8981a011c66c: shutdown server with port 46393 now
2019-09-25 04:49:38,951 [ForkJoinPool.commonPool-worker-1] INFO  server.GrpcService (GrpcService.java:closeImpl(172)) - eccaf005-8169-4dfc-be1f-8981a011c66c: shutdown server with port 46393 successfully
2019-09-25 04:49:38,953 [refreshUsed-/workdir/hadoop-ozone/integration-test/target/test-dir/MiniOzoneClusterImpl-73e7cd3e-72db-4213-b677-28bfbd198772/datanode-4/data/containers] WARN  fs.CachingGetSpaceUsed (CachingGetSpaceUsed.java:run(183)) - Thread Interrupted waiting to refresh disk information: sleep interrupted
2019-09-25 04:49:38,974 [main] INFO  utils.BackgroundService (BackgroundService.java:shutdown(148)) - Shutting down service BlockDeletingService
2019-09-25 04:49:38,980 [main] INFO  statemachine.DatanodeStateMachine (DatanodeStateMachine.java:stopDaemon(395)) - Ozone container server stopped.
2019-09-25 04:49:38,981 [main] INFO  handler.ContextHandler (ContextHandler.java:doStop(910)) - Stopped o.e.j.w.WebAppContext@3722c145{/,null,UNAVAILABLE}{/hddsDatanode}
2019-09-25 04:49:38,982 [main] INFO  server.AbstractConnector (AbstractConnector.java:doStop(318)) - Stopped ServerConnector@4cbc2e3b{HTTP/1.1,[http/1.1]}{0.0.0.0:0}
2019-09-25 04:49:38,982 [main] INFO  handler.ContextHandler (ContextHandler.java:doStop(910)) - Stopped o.e.j.s.ServletContextHandler@1caa9eb6{/static,jar:file:/home/user/.m2/repository/org/apache/hadoop/hadoop-hdds-container-service/0.5.0-SNAPSHOT/hadoop-hdds-container-service-0.5.0-SNAPSHOT.jar!/webapps/static,UNAVAILABLE}
2019-09-25 04:49:38,983 [main] INFO  handler.ContextHandler (ContextHandler.java:doStop(910)) - Stopped o.e.j.s.ServletContextHandler@51ec2856{/logs,file:///workdir/hadoop-ozone/integration-test/target/log,UNAVAILABLE}
2019-09-25 04:49:38,985 [ForkJoinPool.commonPool-worker-1] INFO  utils.BackgroundService (BackgroundService.java:shutdown(148)) - Shutting down service BlockDeletingService
2019-09-25 04:49:38,990 [ForkJoinPool.commonPool-worker-1] INFO  statemachine.DatanodeStateMachine (DatanodeStateMachine.java:stopDaemon(395)) - Ozone container server stopped.
2019-09-25 04:49:38,996 [ForkJoinPool.commonPool-worker-1] INFO  handler.ContextHandler (ContextHandler.java:doStop(910)) - Stopped o.e.j.w.WebAppContext@76ad6715{/,null,UNAVAILABLE}{/hddsDatanode}
2019-09-25 04:49:38,997 [ForkJoinPool.commonPool-worker-1] INFO  server.AbstractConnector (AbstractConnector.java:doStop(318)) - Stopped ServerConnector@56637cff{HTTP/1.1,[http/1.1]}{0.0.0.0:0}
2019-09-25 04:49:38,999 [ForkJoinPool.commonPool-worker-1] INFO  handler.ContextHandler (ContextHandler.java:doStop(910)) - Stopped o.e.j.s.ServletContextHandler@671d1157{/static,jar:file:/home/user/.m2/repository/org/apache/hadoop/hadoop-hdds-container-service/0.5.0-SNAPSHOT/hadoop-hdds-container-service-0.5.0-SNAPSHOT.jar!/webapps/static,UNAVAILABLE}
2019-09-25 04:49:39,001 [ForkJoinPool.commonPool-worker-1] INFO  handler.ContextHandler (ContextHandler.java:doStop(910)) - Stopped o.e.j.s.ServletContextHandler@68b9834c{/logs,file:///workdir/hadoop-ozone/integration-test/target/log,UNAVAILABLE}
2019-09-25 04:49:39,047 [Datanode State Machine Thread - 0] INFO  statemachine.DatanodeStateMachine (DatanodeStateMachine.java:lambda$startDaemon$0(350)) - Ozone container server started.
2019-09-25 04:49:39,830 [Datanode State Machine Thread - 0] INFO  statemachine.DatanodeStateMachine (DatanodeStateMachine.java:lambda$startDaemon$0(350)) - Ozone container server started.
2019-09-25 04:49:43,985 [main] INFO  ozoneimpl.OzoneContainer (OzoneContainer.java:stop(231)) - Attempting to stop container services.
2019-09-25 04:49:43,986 [main] INFO  impl.RaftServerProxy (RaftServerProxy.java:lambda$close$4(314)) - ef95e979-b818-4083-9289-18188944726b: close
2019-09-25 04:49:43,986 [main] INFO  impl.RaftServerImpl (RaftServerImpl.java:lambda$shutdown$3(251)) - ef95e979-b818-4083-9289-18188944726b@group-AE58A2D360CA: shutdown
2019-09-25 04:49:43,986 [main] INFO  util.JmxRegister (JmxRegister.java:unregister(73)) - Successfully un-registered JMX Bean with object name Ratis:service=RaftServer,group=group-AE58A2D360CA,id=ef95e979-b818-4083-9289-18188944726b
2019-09-25 04:49:43,987 [main] INFO  impl.RoleInfo (RoleInfo.java:shutdownLeaderState(104)) - ef95e979-b818-4083-9289-18188944726b: shutdown LeaderState
2019-09-25 04:49:43,987 [main] INFO  impl.PendingRequests (PendingRequests.java:sendNotLeaderResponses(202)) - ef95e979-b818-4083-9289-18188944726b-PendingRequests: sendNotLeaderResponses
2019-09-25 04:49:43,988 [main] INFO  impl.StateMachineUpdater (StateMachineUpdater.java:stopAndJoin(125)) - ef95e979-b818-4083-9289-18188944726b@group-AE58A2D360CA-StateMachineUpdater: set stopIndex = 0
2019-09-25 04:49:43,989 [main] INFO  impl.RaftServerImpl (ServerState.java:close(385)) - ef95e979-b818-4083-9289-18188944726b@group-AE58A2D360CA: closes. applyIndex: 0
2019-09-25 04:49:43,989 [ef95e979-b818-4083-9289-18188944726b@group-AE58A2D360CA-SegmentedRaftLogWorker] INFO  segmented.SegmentedRaftLogWorker (SegmentedRaftLogWorker.java:run(313)) - ef95e979-b818-4083-9289-18188944726b@group-AE58A2D360CA-SegmentedRaftLogWorker was interrupted, exiting. There are 0 tasks remaining in the queue.
2019-09-25 04:49:43,990 [main] INFO  segmented.SegmentedRaftLogWorker (SegmentedRaftLogWorker.java:close(228)) - ef95e979-b818-4083-9289-18188944726b@group-AE58A2D360CA-SegmentedRaftLogWorker close()
2019-09-25 04:49:43,991 [main] INFO  impl.RaftServerImpl (RaftServerImpl.java:lambda$shutdown$3(251)) - ef95e979-b818-4083-9289-18188944726b@group-74ECFF8F5B7D: shutdown
2019-09-25 04:49:43,991 [main] INFO  util.JmxRegister (JmxRegister.java:unregister(73)) - Successfully un-registered JMX Bean with object name Ratis:service=RaftServer,group=group-74ECFF8F5B7D,id=ef95e979-b818-4083-9289-18188944726b
2019-09-25 04:49:43,991 [main] INFO  impl.RoleInfo (RoleInfo.java:shutdownLeaderState(104)) - ef95e979-b818-4083-9289-18188944726b: shutdown LeaderState
2019-09-25 04:49:43,992 [main] INFO  impl.PendingRequests (PendingRequests.java:sendNotLeaderResponses(202)) - ef95e979-b818-4083-9289-18188944726b-PendingRequests: sendNotLeaderResponses
2019-09-25 04:49:43,993 [main] INFO  impl.StateMachineUpdater (StateMachineUpdater.java:stopAndJoin(125)) - ef95e979-b818-4083-9289-18188944726b@group-74ECFF8F5B7D-StateMachineUpdater: set stopIndex = 0
2019-09-25 04:49:43,993 [main] INFO  impl.RaftServerImpl (ServerState.java:close(385)) - ef95e979-b818-4083-9289-18188944726b@group-74ECFF8F5B7D: closes. applyIndex: 0
2019-09-25 04:49:43,994 [ef95e979-b818-4083-9289-18188944726b@group-74ECFF8F5B7D-SegmentedRaftLogWorker] INFO  segmented.SegmentedRaftLogWorker (SegmentedRaftLogWorker.java:run(313)) - ef95e979-b818-4083-9289-18188944726b@group-74ECFF8F5B7D-SegmentedRaftLogWorker was interrupted, exiting. There are 0 tasks remaining in the queue.
2019-09-25 04:49:44,002 [main] INFO  segmented.SegmentedRaftLogWorker (SegmentedRaftLogWorker.java:close(228)) - ef95e979-b818-4083-9289-18188944726b@group-74ECFF8F5B7D-SegmentedRaftLogWorker close()
2019-09-25 04:49:44,002 [ForkJoinPool.commonPool-worker-1] INFO  ozoneimpl.OzoneContainer (OzoneContainer.java:stop(231)) - Attempting to stop container services.
2019-09-25 04:49:44,003 [main] INFO  impl.RaftServerImpl (RaftServerImpl.java:lambda$shutdown$3(251)) - ef95e979-b818-4083-9289-18188944726b@group-1E905DCEFED5: shutdown
2019-09-25 04:49:44,003 [ForkJoinPool.commonPool-worker-1] INFO  impl.RaftServerProxy (RaftServerProxy.java:lambda$close$4(314)) - 0deae85c-a16a-4311-a0af-934f501df2cc: close
2019-09-25 04:49:44,004 [main] INFO  util.JmxRegister (JmxRegister.java:unregister(73)) - Successfully un-registered JMX Bean with object name Ratis:service=RaftServer,group=group-1E905DCEFED5,id=ef95e979-b818-4083-9289-18188944726b
2019-09-25 04:49:44,004 [main] INFO  impl.RoleInfo (RoleInfo.java:shutdownLeaderState(104)) - ef95e979-b818-4083-9289-18188944726b: shutdown LeaderState
2019-09-25 04:49:44,004 [ForkJoinPool.commonPool-worker-1] INFO  impl.RaftServerImpl (RaftServerImpl.java:lambda$shutdown$3(251)) - 0deae85c-a16a-4311-a0af-934f501df2cc@group-0B3FBBB3D1BA: shutdown
2019-09-25 04:49:44,005 [main] INFO  impl.PendingRequests (PendingRequests.java:sendNotLeaderResponses(202)) - ef95e979-b818-4083-9289-18188944726b-PendingRequests: sendNotLeaderResponses
2019-09-25 04:49:44,005 [ForkJoinPool.commonPool-worker-1] INFO  util.JmxRegister (JmxRegister.java:unregister(73)) - Successfully un-registered JMX Bean with object name Ratis:service=RaftServer,group=group-0B3FBBB3D1BA,id=0deae85c-a16a-4311-a0af-934f501df2cc
2019-09-25 04:49:44,006 [main] INFO  impl.StateMachineUpdater (StateMachineUpdater.java:stopAndJoin(125)) - ef95e979-b818-4083-9289-18188944726b@group-1E905DCEFED5-StateMachineUpdater: set stopIndex = 0
2019-09-25 04:49:44,006 [main] INFO  impl.RaftServerImpl (ServerState.java:close(385)) - ef95e979-b818-4083-9289-18188944726b@group-1E905DCEFED5: closes. applyIndex: 0
2019-09-25 04:49:44,006 [ForkJoinPool.commonPool-worker-1] INFO  impl.RoleInfo (RoleInfo.java:shutdownLeaderState(104)) - 0deae85c-a16a-4311-a0af-934f501df2cc: shutdown LeaderState
2019-09-25 04:49:44,007 [ef95e979-b818-4083-9289-18188944726b@group-1E905DCEFED5-SegmentedRaftLogWorker] INFO  segmented.SegmentedRaftLogWorker (SegmentedRaftLogWorker.java:run(313)) - ef95e979-b818-4083-9289-18188944726b@group-1E905DCEFED5-SegmentedRaftLogWorker was interrupted, exiting. There are 0 tasks remaining in the queue.
2019-09-25 04:49:44,007 [ForkJoinPool.commonPool-worker-1] INFO  impl.PendingRequests (PendingRequests.java:sendNotLeaderResponses(202)) - 0deae85c-a16a-4311-a0af-934f501df2cc-PendingRequests: sendNotLeaderResponses
2019-09-25 04:49:44,007 [main] INFO  segmented.SegmentedRaftLogWorker (SegmentedRaftLogWorker.java:close(228)) - ef95e979-b818-4083-9289-18188944726b@group-1E905DCEFED5-SegmentedRaftLogWorker close()
2019-09-25 04:49:44,007 [ForkJoinPool.commonPool-worker-1] INFO  impl.StateMachineUpdater (StateMachineUpdater.java:stopAndJoin(125)) - 0deae85c-a16a-4311-a0af-934f501df2cc@group-0B3FBBB3D1BA-StateMachineUpdater: set stopIndex = 0
2019-09-25 04:49:44,008 [main] INFO  impl.RaftServerImpl (RaftServerImpl.java:lambda$shutdown$3(251)) - ef95e979-b818-4083-9289-18188944726b@group-D1F83B79796B: shutdown
2019-09-25 04:49:44,008 [ForkJoinPool.commonPool-worker-1] INFO  impl.RaftServerImpl (ServerState.java:close(385)) - 0deae85c-a16a-4311-a0af-934f501df2cc@group-0B3FBBB3D1BA: closes. applyIndex: 0
2019-09-25 04:49:44,009 [main] INFO  util.JmxRegister (JmxRegister.java:unregister(73)) - Successfully un-registered JMX Bean with object name Ratis:service=RaftServer,group=group-D1F83B79796B,id=ef95e979-b818-4083-9289-18188944726b
2019-09-25 04:49:44,009 [0deae85c-a16a-4311-a0af-934f501df2cc@group-0B3FBBB3D1BA-SegmentedRaftLogWorker] INFO  segmented.SegmentedRaftLogWorker (SegmentedRaftLogWorker.java:run(313)) - 0deae85c-a16a-4311-a0af-934f501df2cc@group-0B3FBBB3D1BA-SegmentedRaftLogWorker was interrupted, exiting. There are 0 tasks remaining in the queue.
2019-09-25 04:49:44,009 [main] INFO  impl.RoleInfo (RoleInfo.java:shutdownLeaderState(104)) - ef95e979-b818-4083-9289-18188944726b: shutdown LeaderState
2019-09-25 04:49:44,010 [ForkJoinPool.commonPool-worker-1] INFO  segmented.SegmentedRaftLogWorker (SegmentedRaftLogWorker.java:close(228)) - 0deae85c-a16a-4311-a0af-934f501df2cc@group-0B3FBBB3D1BA-SegmentedRaftLogWorker close()
2019-09-25 04:49:44,010 [main] INFO  impl.PendingRequests (PendingRequests.java:sendNotLeaderResponses(202)) - ef95e979-b818-4083-9289-18188944726b-PendingRequests: sendNotLeaderResponses
2019-09-25 04:49:44,010 [ForkJoinPool.commonPool-worker-1] INFO  impl.RaftServerImpl (RaftServerImpl.java:lambda$shutdown$3(251)) - 0deae85c-a16a-4311-a0af-934f501df2cc@group-A22F19AE0AB9: shutdown
2019-09-25 04:49:44,011 [main] INFO  impl.StateMachineUpdater (StateMachineUpdater.java:stopAndJoin(125)) - ef95e979-b818-4083-9289-18188944726b@group-D1F83B79796B-StateMachineUpdater: set stopIndex = 0
2019-09-25 04:49:44,011 [ForkJoinPool.commonPool-worker-1] INFO  util.JmxRegister (JmxRegister.java:unregister(73)) - Successfully un-registered JMX Bean with object name Ratis:service=RaftServer,group=group-A22F19AE0AB9,id=0deae85c-a16a-4311-a0af-934f501df2cc
2019-09-25 04:49:44,011 [main] INFO  impl.RaftServerImpl (ServerState.java:close(385)) - ef95e979-b818-4083-9289-18188944726b@group-D1F83B79796B: closes. applyIndex: 0
2019-09-25 04:49:44,012 [ForkJoinPool.commonPool-worker-1] INFO  impl.RoleInfo (RoleInfo.java:shutdownLeaderState(104)) - 0deae85c-a16a-4311-a0af-934f501df2cc: shutdown LeaderState
2019-09-25 04:49:44,012 [ef95e979-b818-4083-9289-18188944726b@group-D1F83B79796B-SegmentedRaftLogWorker] INFO  segmented.SegmentedRaftLogWorker (SegmentedRaftLogWorker.java:run(313)) - ef95e979-b818-4083-9289-18188944726b@group-D1F83B79796B-SegmentedRaftLogWorker was interrupted, exiting. There are 0 tasks remaining in the queue.
2019-09-25 04:49:44,012 [ForkJoinPool.commonPool-worker-1] INFO  impl.PendingRequests (PendingRequests.java:sendNotLeaderResponses(202)) - 0deae85c-a16a-4311-a0af-934f501df2cc-PendingRequests: sendNotLeaderResponses
2019-09-25 04:49:44,013 [main] INFO  segmented.SegmentedRaftLogWorker (SegmentedRaftLogWorker.java:close(228)) - ef95e979-b818-4083-9289-18188944726b@group-D1F83B79796B-SegmentedRaftLogWorker close()
2019-09-25 04:49:44,013 [ForkJoinPool.commonPool-worker-1] INFO  impl.StateMachineUpdater (StateMachineUpdater.java:stopAndJoin(125)) - 0deae85c-a16a-4311-a0af-934f501df2cc@group-A22F19AE0AB9-StateMachineUpdater: set stopIndex = 0
2019-09-25 04:49:44,013 [main] INFO  impl.RaftServerImpl (RaftServerImpl.java:lambda$shutdown$3(251)) - ef95e979-b818-4083-9289-18188944726b@group-FDFC54C802E8: shutdown
2019-09-25 04:49:44,014 [ForkJoinPool.commonPool-worker-1] INFO  impl.RaftServerImpl (ServerState.java:close(385)) - 0deae85c-a16a-4311-a0af-934f501df2cc@group-A22F19AE0AB9: closes. applyIndex: 0
2019-09-25 04:49:44,014 [main] INFO  util.JmxRegister (JmxRegister.java:unregister(73)) - Successfully un-registered JMX Bean with object name Ratis:service=RaftServer,group=group-FDFC54C802E8,id=ef95e979-b818-4083-9289-18188944726b
2019-09-25 04:49:44,014 [0deae85c-a16a-4311-a0af-934f501df2cc@group-A22F19AE0AB9-SegmentedRaftLogWorker] INFO  segmented.SegmentedRaftLogWorker (SegmentedRaftLogWorker.java:run(313)) - 0deae85c-a16a-4311-a0af-934f501df2cc@group-A22F19AE0AB9-SegmentedRaftLogWorker was interrupted, exiting. There are 0 tasks remaining in the queue.
2019-09-25 04:49:44,015 [main] INFO  impl.RoleInfo (RoleInfo.java:shutdownLeaderState(104)) - ef95e979-b818-4083-9289-18188944726b: shutdown LeaderState
2019-09-25 04:49:44,015 [ForkJoinPool.commonPool-worker-1] INFO  segmented.SegmentedRaftLogWorker (SegmentedRaftLogWorker.java:close(228)) - 0deae85c-a16a-4311-a0af-934f501df2cc@group-A22F19AE0AB9-SegmentedRaftLogWorker close()
2019-09-25 04:49:44,015 [main] INFO  impl.PendingRequests (PendingRequests.java:sendNotLeaderResponses(202)) - ef95e979-b818-4083-9289-18188944726b-PendingRequests: sendNotLeaderResponses
2019-09-25 04:49:44,016 [ForkJoinPool.commonPool-worker-1] INFO  impl.RaftServerImpl (RaftServerImpl.java:lambda$shutdown$3(251)) - 0deae85c-a16a-4311-a0af-934f501df2cc@group-02A043F9F7BA: shutdown
2019-09-25 04:49:44,016 [main] INFO  impl.StateMachineUpdater (StateMachineUpdater.java:stopAndJoin(125)) - ef95e979-b818-4083-9289-18188944726b@group-FDFC54C802E8-StateMachineUpdater: set stopIndex = 0
2019-09-25 04:49:44,016 [ForkJoinPool.commonPool-worker-1] INFO  util.JmxRegister (JmxRegister.java:unregister(73)) - Successfully un-registered JMX Bean with object name Ratis:service=RaftServer,group=group-02A043F9F7BA,id=0deae85c-a16a-4311-a0af-934f501df2cc
2019-09-25 04:49:44,017 [main] INFO  impl.RaftServerImpl (ServerState.java:close(385)) - ef95e979-b818-4083-9289-18188944726b@group-FDFC54C802E8: closes. applyIndex: 0
2019-09-25 04:49:44,017 [ForkJoinPool.commonPool-worker-1] INFO  impl.RoleInfo (RoleInfo.java:shutdownLeaderState(104)) - 0deae85c-a16a-4311-a0af-934f501df2cc: shutdown LeaderState
2019-09-25 04:49:44,018 [ef95e979-b818-4083-9289-18188944726b@group-FDFC54C802E8-SegmentedRaftLogWorker] INFO  segmented.SegmentedRaftLogWorker (SegmentedRaftLogWorker.java:run(313)) - ef95e979-b818-4083-9289-18188944726b@group-FDFC54C802E8-SegmentedRaftLogWorker was interrupted, exiting. There are 0 tasks remaining in the queue.
2019-09-25 04:49:44,018 [ForkJoinPool.commonPool-worker-1] INFO  impl.PendingRequests (PendingRequests.java:sendNotLeaderResponses(202)) - 0deae85c-a16a-4311-a0af-934f501df2cc-PendingRequests: sendNotLeaderResponses
2019-09-25 04:49:44,018 [main] INFO  segmented.SegmentedRaftLogWorker (SegmentedRaftLogWorker.java:close(228)) - ef95e979-b818-4083-9289-18188944726b@group-FDFC54C802E8-SegmentedRaftLogWorker close()
2019-09-25 04:49:44,019 [ForkJoinPool.commonPool-worker-1] INFO  impl.StateMachineUpdater (StateMachineUpdater.java:stopAndJoin(125)) - 0deae85c-a16a-4311-a0af-934f501df2cc@group-02A043F9F7BA-StateMachineUpdater: set stopIndex = 0
2019-09-25 04:49:44,019 [main] INFO  impl.RaftServerImpl (RaftServerImpl.java:lambda$shutdown$3(251)) - ef95e979-b818-4083-9289-18188944726b@group-6963AD9ECE0B: shutdown
2019-09-25 04:49:44,019 [ForkJoinPool.commonPool-worker-1] INFO  impl.RaftServerImpl (ServerState.java:close(385)) - 0deae85c-a16a-4311-a0af-934f501df2cc@group-02A043F9F7BA: closes. applyIndex: 0
2019-09-25 04:49:44,020 [main] INFO  util.JmxRegister (JmxRegister.java:unregister(73)) - Successfully un-registered JMX Bean with object name Ratis:service=RaftServer,group=group-6963AD9ECE0B,id=ef95e979-b818-4083-9289-18188944726b
2019-09-25 04:49:44,020 [0deae85c-a16a-4311-a0af-934f501df2cc@group-02A043F9F7BA-SegmentedRaftLogWorker] INFO  segmented.SegmentedRaftLogWorker (SegmentedRaftLogWorker.java:run(313)) - 0deae85c-a16a-4311-a0af-934f501df2cc@group-02A043F9F7BA-SegmentedRaftLogWorker was interrupted, exiting. There are 0 tasks remaining in the queue.
2019-09-25 04:49:44,020 [main] INFO  impl.RoleInfo (RoleInfo.java:shutdownLeaderState(104)) - ef95e979-b818-4083-9289-18188944726b: shutdown LeaderState
2019-09-25 04:49:44,021 [ForkJoinPool.commonPool-worker-1] INFO  segmented.SegmentedRaftLogWorker (SegmentedRaftLogWorker.java:close(228)) - 0deae85c-a16a-4311-a0af-934f501df2cc@group-02A043F9F7BA-SegmentedRaftLogWorker close()
2019-09-25 04:49:44,021 [main] INFO  impl.PendingRequests (PendingRequests.java:sendNotLeaderResponses(202)) - ef95e979-b818-4083-9289-18188944726b-PendingRequests: sendNotLeaderResponses
2019-09-25 04:49:44,022 [ForkJoinPool.commonPool-worker-1] INFO  impl.RaftServerImpl (RaftServerImpl.java:lambda$shutdown$3(251)) - 0deae85c-a16a-4311-a0af-934f501df2cc@group-74233E990A83: shutdown
2019-09-25 04:49:44,022 [main] INFO  impl.StateMachineUpdater (StateMachineUpdater.java:stopAndJoin(125)) - ef95e979-b818-4083-9289-18188944726b@group-6963AD9ECE0B-StateMachineUpdater: set stopIndex = 0
2019-09-25 04:49:44,022 [ForkJoinPool.commonPool-worker-1] INFO  util.JmxRegister (JmxRegister.java:unregister(73)) - Successfully un-registered JMX Bean with object name Ratis:service=RaftServer,group=group-74233E990A83,id=0deae85c-a16a-4311-a0af-934f501df2cc
2019-09-25 04:49:44,023 [main] INFO  impl.RaftServerImpl (ServerState.java:close(385)) - ef95e979-b818-4083-9289-18188944726b@group-6963AD9ECE0B: closes. applyIndex: 0
2019-09-25 04:49:44,023 [ForkJoinPool.commonPool-worker-1] INFO  impl.RoleInfo (RoleInfo.java:shutdownLeaderState(104)) - 0deae85c-a16a-4311-a0af-934f501df2cc: shutdown LeaderState
2019-09-25 04:49:44,024 [ef95e979-b818-4083-9289-18188944726b@group-6963AD9ECE0B-SegmentedRaftLogWorker] INFO  segmented.SegmentedRaftLogWorker (SegmentedRaftLogWorker.java:run(313)) - ef95e979-b818-4083-9289-18188944726b@group-6963AD9ECE0B-SegmentedRaftLogWorker was interrupted, exiting. There are 0 tasks remaining in the queue.
2019-09-25 04:49:44,024 [ForkJoinPool.commonPool-worker-1] INFO  impl.PendingRequests (PendingRequests.java:sendNotLeaderResponses(202)) - 0deae85c-a16a-4311-a0af-934f501df2cc-PendingRequests: sendNotLeaderResponses
2019-09-25 04:49:44,024 [main] INFO  segmented.SegmentedRaftLogWorker (SegmentedRaftLogWorker.java:close(228)) - ef95e979-b818-4083-9289-18188944726b@group-6963AD9ECE0B-SegmentedRaftLogWorker close()
2019-09-25 04:49:44,024 [ForkJoinPool.commonPool-worker-1] INFO  impl.StateMachineUpdater (StateMachineUpdater.java:stopAndJoin(125)) - 0deae85c-a16a-4311-a0af-934f501df2cc@group-74233E990A83-StateMachineUpdater: set stopIndex = 0
2019-09-25 04:49:44,024 [main] INFO  server.GrpcService (GrpcService.java:closeImpl(164)) - ef95e979-b818-4083-9289-18188944726b: shutdown server with port 36359 now
2019-09-25 04:49:44,025 [ForkJoinPool.commonPool-worker-1] INFO  impl.RaftServerImpl (ServerState.java:close(385)) - 0deae85c-a16a-4311-a0af-934f501df2cc@group-74233E990A83: closes. applyIndex: 0
2019-09-25 04:49:44,027 [main] INFO  server.GrpcService (GrpcService.java:closeImpl(172)) - ef95e979-b818-4083-9289-18188944726b: shutdown server with port 36359 successfully
2019-09-25 04:49:44,027 [0deae85c-a16a-4311-a0af-934f501df2cc@group-74233E990A83-SegmentedRaftLogWorker] INFO  segmented.SegmentedRaftLogWorker (SegmentedRaftLogWorker.java:run(313)) - 0deae85c-a16a-4311-a0af-934f501df2cc@group-74233E990A83-SegmentedRaftLogWorker was interrupted, exiting. There are 0 tasks remaining in the queue.
2019-09-25 04:49:44,028 [ForkJoinPool.commonPool-worker-1] INFO  segmented.SegmentedRaftLogWorker (SegmentedRaftLogWorker.java:close(228)) - 0deae85c-a16a-4311-a0af-934f501df2cc@group-74233E990A83-SegmentedRaftLogWorker close()
2019-09-25 04:49:44,029 [ForkJoinPool.commonPool-worker-1] INFO  impl.RaftServerImpl (RaftServerImpl.java:lambda$shutdown$3(251)) - 0deae85c-a16a-4311-a0af-934f501df2cc@group-1B89D9E601B6: shutdown
2019-09-25 04:49:44,029 [ForkJoinPool.commonPool-worker-1] INFO  util.JmxRegister (JmxRegister.java:unregister(73)) - Successfully un-registered JMX Bean with object name Ratis:service=RaftServer,group=group-1B89D9E601B6,id=0deae85c-a16a-4311-a0af-934f501df2cc
2019-09-25 04:49:44,029 [ForkJoinPool.commonPool-worker-1] INFO  impl.RoleInfo (RoleInfo.java:shutdownLeaderState(104)) - 0deae85c-a16a-4311-a0af-934f501df2cc: shutdown LeaderState
2019-09-25 04:49:44,029 [refreshUsed-/workdir/hadoop-ozone/integration-test/target/test-dir/MiniOzoneClusterImpl-73e7cd3e-72db-4213-b677-28bfbd198772/datanode-9/data/containers] WARN  fs.CachingGetSpaceUsed (CachingGetSpaceUsed.java:run(183)) - Thread Interrupted waiting to refresh disk information: sleep interrupted
2019-09-25 04:49:44,030 [ForkJoinPool.commonPool-worker-1] INFO  impl.PendingRequests (PendingRequests.java:sendNotLeaderResponses(202)) - 0deae85c-a16a-4311-a0af-934f501df2cc-PendingRequests: sendNotLeaderResponses
2019-09-25 04:49:44,030 [ForkJoinPool.commonPool-worker-1] INFO  impl.StateMachineUpdater (StateMachineUpdater.java:stopAndJoin(125)) - 0deae85c-a16a-4311-a0af-934f501df2cc@group-1B89D9E601B6-StateMachineUpdater: set stopIndex = 0
2019-09-25 04:49:44,031 [ForkJoinPool.commonPool-worker-1] INFO  impl.RaftServerImpl (ServerState.java:close(385)) - 0deae85c-a16a-4311-a0af-934f501df2cc@group-1B89D9E601B6: closes. applyIndex: 0
2019-09-25 04:49:44,031 [0deae85c-a16a-4311-a0af-934f501df2cc@group-1B89D9E601B6-SegmentedRaftLogWorker] INFO  segmented.SegmentedRaftLogWorker (SegmentedRaftLogWorker.java:run(313)) - 0deae85c-a16a-4311-a0af-934f501df2cc@group-1B89D9E601B6-SegmentedRaftLogWorker was interrupted, exiting. There are 0 tasks remaining in the queue.
2019-09-25 04:49:44,031 [ForkJoinPool.commonPool-worker-1] INFO  segmented.SegmentedRaftLogWorker (SegmentedRaftLogWorker.java:close(228)) - 0deae85c-a16a-4311-a0af-934f501df2cc@group-1B89D9E601B6-SegmentedRaftLogWorker close()
2019-09-25 04:49:44,032 [ForkJoinPool.commonPool-worker-1] INFO  impl.RaftServerImpl (RaftServerImpl.java:lambda$shutdown$3(251)) - 0deae85c-a16a-4311-a0af-934f501df2cc@group-0A4A12A99BD7: shutdown
2019-09-25 04:49:44,032 [ForkJoinPool.commonPool-worker-1] INFO  util.JmxRegister (JmxRegister.java:unregister(73)) - Successfully un-registered JMX Bean with object name Ratis:service=RaftServer,group=group-0A4A12A99BD7,id=0deae85c-a16a-4311-a0af-934f501df2cc
2019-09-25 04:49:44,033 [ForkJoinPool.commonPool-worker-1] INFO  impl.RoleInfo (RoleInfo.java:shutdownLeaderState(104)) - 0deae85c-a16a-4311-a0af-934f501df2cc: shutdown LeaderState
2019-09-25 04:49:44,033 [ForkJoinPool.commonPool-worker-1] INFO  impl.PendingRequests (PendingRequests.java:sendNotLeaderResponses(202)) - 0deae85c-a16a-4311-a0af-934f501df2cc-PendingRequests: sendNotLeaderResponses
2019-09-25 04:49:44,034 [ForkJoinPool.commonPool-worker-1] INFO  impl.StateMachineUpdater (StateMachineUpdater.java:stopAndJoin(125)) - 0deae85c-a16a-4311-a0af-934f501df2cc@group-0A4A12A99BD7-StateMachineUpdater: set stopIndex = 0
2019-09-25 04:49:44,034 [ForkJoinPool.commonPool-worker-1] INFO  impl.RaftServerImpl (ServerState.java:close(385)) - 0deae85c-a16a-4311-a0af-934f501df2cc@group-0A4A12A99BD7: closes. applyIndex: 0
2019-09-25 04:49:44,035 [0deae85c-a16a-4311-a0af-934f501df2cc@group-0A4A12A99BD7-SegmentedRaftLogWorker] INFO  segmented.SegmentedRaftLogWorker (SegmentedRaftLogWorker.java:run(313)) - 0deae85c-a16a-4311-a0af-934f501df2cc@group-0A4A12A99BD7-SegmentedRaftLogWorker was interrupted, exiting. There are 0 tasks remaining in the queue.
2019-09-25 04:49:44,036 [ForkJoinPool.commonPool-worker-1] INFO  segmented.SegmentedRaftLogWorker (SegmentedRaftLogWorker.java:close(228)) - 0deae85c-a16a-4311-a0af-934f501df2cc@group-0A4A12A99BD7-SegmentedRaftLogWorker close()
2019-09-25 04:49:44,036 [ForkJoinPool.commonPool-worker-1] INFO  server.GrpcService (GrpcService.java:closeImpl(164)) - 0deae85c-a16a-4311-a0af-934f501df2cc: shutdown server with port 38744 now
2019-09-25 04:49:44,038 [ForkJoinPool.commonPool-worker-1] INFO  server.GrpcService (GrpcService.java:closeImpl(172)) - 0deae85c-a16a-4311-a0af-934f501df2cc: shutdown server with port 38744 successfully
2019-09-25 04:49:44,040 [refreshUsed-/workdir/hadoop-ozone/integration-test/target/test-dir/MiniOzoneClusterImpl-73e7cd3e-72db-4213-b677-28bfbd198772/datanode-0/data/containers] WARN  fs.CachingGetSpaceUsed (CachingGetSpaceUsed.java:run(183)) - Thread Interrupted waiting to refresh disk information: sleep interrupted
2019-09-25 04:49:44,055 [main] INFO  utils.BackgroundService (BackgroundService.java:shutdown(148)) - Shutting down service BlockDeletingService
2019-09-25 04:49:44,060 [main] INFO  statemachine.DatanodeStateMachine (DatanodeStateMachine.java:stopDaemon(395)) - Ozone container server stopped.
2019-09-25 04:49:44,061 [main] INFO  handler.ContextHandler (ContextHandler.java:doStop(910)) - Stopped o.e.j.w.WebAppContext@4aa21f9d{/,null,UNAVAILABLE}{/hddsDatanode}
2019-09-25 04:49:44,062 [main] INFO  server.AbstractConnector (AbstractConnector.java:doStop(318)) - Stopped ServerConnector@71c17a57{HTTP/1.1,[http/1.1]}{0.0.0.0:0}
2019-09-25 04:49:44,063 [main] INFO  handler.ContextHandler (ContextHandler.java:doStop(910)) - Stopped o.e.j.s.ServletContextHandler@77049094{/static,jar:file:/home/user/.m2/repository/org/apache/hadoop/hadoop-hdds-container-service/0.5.0-SNAPSHOT/hadoop-hdds-container-service-0.5.0-SNAPSHOT.jar!/webapps/static,UNAVAILABLE}
2019-09-25 04:49:44,063 [main] INFO  handler.ContextHandler (ContextHandler.java:doStop(910)) - Stopped o.e.j.s.ServletContextHandler@6fa13e6{/logs,file:///workdir/hadoop-ozone/integration-test/target/log,UNAVAILABLE}
2019-09-25 04:49:44,064 [ForkJoinPool.commonPool-worker-1] INFO  utils.BackgroundService (BackgroundService.java:shutdown(148)) - Shutting down service BlockDeletingService
2019-09-25 04:49:44,069 [ForkJoinPool.commonPool-worker-1] INFO  statemachine.DatanodeStateMachine (DatanodeStateMachine.java:stopDaemon(395)) - Ozone container server stopped.
2019-09-25 04:49:44,074 [ForkJoinPool.commonPool-worker-1] INFO  handler.ContextHandler (ContextHandler.java:doStop(910)) - Stopped o.e.j.w.WebAppContext@71a06021{/,null,UNAVAILABLE}{/hddsDatanode}
2019-09-25 04:49:44,075 [ForkJoinPool.commonPool-worker-1] INFO  server.AbstractConnector (AbstractConnector.java:doStop(318)) - Stopped ServerConnector@80bfdc6{HTTP/1.1,[http/1.1]}{0.0.0.0:0}
2019-09-25 04:49:44,076 [ForkJoinPool.commonPool-worker-1] INFO  handler.ContextHandler (ContextHandler.java:doStop(910)) - Stopped o.e.j.s.ServletContextHandler@4eba373c{/static,jar:file:/home/user/.m2/repository/org/apache/hadoop/hadoop-hdds-container-service/0.5.0-SNAPSHOT/hadoop-hdds-container-service-0.5.0-SNAPSHOT.jar!/webapps/static,UNAVAILABLE}
2019-09-25 04:49:44,078 [ForkJoinPool.commonPool-worker-1] INFO  handler.ContextHandler (ContextHandler.java:doStop(910)) - Stopped o.e.j.s.ServletContextHandler@6403e24c{/logs,file:///workdir/hadoop-ozone/integration-test/target/log,UNAVAILABLE}
2019-09-25 04:49:44,461 [Datanode State Machine Thread - 0] INFO  statemachine.DatanodeStateMachine (DatanodeStateMachine.java:lambda$startDaemon$0(350)) - Ozone container server started.
2019-09-25 04:49:44,664 [Datanode State Machine Thread - 0] INFO  statemachine.DatanodeStateMachine (DatanodeStateMachine.java:lambda$startDaemon$0(350)) - Ozone container server started.
2019-09-25 04:49:49,065 [main] INFO  ozoneimpl.OzoneContainer (OzoneContainer.java:stop(231)) - Attempting to stop container services.
2019-09-25 04:49:49,065 [main] INFO  impl.RaftServerProxy (RaftServerProxy.java:lambda$close$4(314)) - 4a0ae61b-4689-46eb-b962-7605c7f95abd: close
2019-09-25 04:49:49,066 [main] INFO  impl.RaftServerImpl (RaftServerImpl.java:lambda$shutdown$3(251)) - 4a0ae61b-4689-46eb-b962-7605c7f95abd@group-54F07E795FAA: shutdown
2019-09-25 04:49:49,067 [main] INFO  util.JmxRegister (JmxRegister.java:unregister(73)) - Successfully un-registered JMX Bean with object name Ratis:service=RaftServer,group=group-54F07E795FAA,id=4a0ae61b-4689-46eb-b962-7605c7f95abd
2019-09-25 04:49:49,067 [main] INFO  impl.RoleInfo (RoleInfo.java:shutdownLeaderState(104)) - 4a0ae61b-4689-46eb-b962-7605c7f95abd: shutdown LeaderState
2019-09-25 04:49:49,067 [main] INFO  impl.PendingRequests (PendingRequests.java:sendNotLeaderResponses(202)) - 4a0ae61b-4689-46eb-b962-7605c7f95abd-PendingRequests: sendNotLeaderResponses
2019-09-25 04:49:49,068 [main] INFO  impl.StateMachineUpdater (StateMachineUpdater.java:stopAndJoin(125)) - 4a0ae61b-4689-46eb-b962-7605c7f95abd@group-54F07E795FAA-StateMachineUpdater: set stopIndex = 0
2019-09-25 04:49:49,068 [main] INFO  impl.RaftServerImpl (ServerState.java:close(385)) - 4a0ae61b-4689-46eb-b962-7605c7f95abd@group-54F07E795FAA: closes. applyIndex: 0
2019-09-25 04:49:49,069 [4a0ae61b-4689-46eb-b962-7605c7f95abd@group-54F07E795FAA-SegmentedRaftLogWorker] INFO  segmented.SegmentedRaftLogWorker (SegmentedRaftLogWorker.java:run(313)) - 4a0ae61b-4689-46eb-b962-7605c7f95abd@group-54F07E795FAA-SegmentedRaftLogWorker was interrupted, exiting. There are 0 tasks remaining in the queue.
2019-09-25 04:49:49,069 [main] INFO  segmented.SegmentedRaftLogWorker (SegmentedRaftLogWorker.java:close(228)) - 4a0ae61b-4689-46eb-b962-7605c7f95abd@group-54F07E795FAA-SegmentedRaftLogWorker close()
2019-09-25 04:49:49,070 [main] INFO  impl.RaftServerImpl (RaftServerImpl.java:lambda$shutdown$3(251)) - 4a0ae61b-4689-46eb-b962-7605c7f95abd@group-C98EB7103EA0: shutdown
2019-09-25 04:49:49,070 [main] INFO  util.JmxRegister (JmxRegister.java:unregister(73)) - Successfully un-registered JMX Bean with object name Ratis:service=RaftServer,group=group-C98EB7103EA0,id=4a0ae61b-4689-46eb-b962-7605c7f95abd
2019-09-25 04:49:49,070 [main] INFO  impl.RoleInfo (RoleInfo.java:shutdownLeaderState(104)) - 4a0ae61b-4689-46eb-b962-7605c7f95abd: shutdown LeaderState
2019-09-25 04:49:49,071 [main] INFO  impl.PendingRequests (PendingRequests.java:sendNotLeaderResponses(202)) - 4a0ae61b-4689-46eb-b962-7605c7f95abd-PendingRequests: sendNotLeaderResponses
2019-09-25 04:49:49,071 [main] INFO  impl.StateMachineUpdater (StateMachineUpdater.java:stopAndJoin(125)) - 4a0ae61b-4689-46eb-b962-7605c7f95abd@group-C98EB7103EA0-StateMachineUpdater: set stopIndex = 0
2019-09-25 04:49:49,072 [main] INFO  impl.RaftServerImpl (ServerState.java:close(385)) - 4a0ae61b-4689-46eb-b962-7605c7f95abd@group-C98EB7103EA0: closes. applyIndex: 0
2019-09-25 04:49:49,072 [4a0ae61b-4689-46eb-b962-7605c7f95abd@group-C98EB7103EA0-SegmentedRaftLogWorker] INFO  segmented.SegmentedRaftLogWorker (SegmentedRaftLogWorker.java:run(313)) - 4a0ae61b-4689-46eb-b962-7605c7f95abd@group-C98EB7103EA0-SegmentedRaftLogWorker was interrupted, exiting. There are 0 tasks remaining in the queue.
2019-09-25 04:49:49,073 [main] INFO  segmented.SegmentedRaftLogWorker (SegmentedRaftLogWorker.java:close(228)) - 4a0ae61b-4689-46eb-b962-7605c7f95abd@group-C98EB7103EA0-SegmentedRaftLogWorker close()
2019-09-25 04:49:49,073 [main] INFO  impl.RaftServerImpl (RaftServerImpl.java:lambda$shutdown$3(251)) - 4a0ae61b-4689-46eb-b962-7605c7f95abd@group-30852584DA03: shutdown
2019-09-25 04:49:49,074 [main] INFO  util.JmxRegister (JmxRegister.java:unregister(73)) - Successfully un-registered JMX Bean with object name Ratis:service=RaftServer,group=group-30852584DA03,id=4a0ae61b-4689-46eb-b962-7605c7f95abd
2019-09-25 04:49:49,074 [main] INFO  impl.RoleInfo (RoleInfo.java:shutdownLeaderState(104)) - 4a0ae61b-4689-46eb-b962-7605c7f95abd: shutdown LeaderState
2019-09-25 04:49:49,075 [main] INFO  impl.PendingRequests (PendingRequests.java:sendNotLeaderResponses(202)) - 4a0ae61b-4689-46eb-b962-7605c7f95abd-PendingRequests: sendNotLeaderResponses
2019-09-25 04:49:49,075 [main] INFO  impl.StateMachineUpdater (StateMachineUpdater.java:stopAndJoin(125)) - 4a0ae61b-4689-46eb-b962-7605c7f95abd@group-30852584DA03-StateMachineUpdater: set stopIndex = 0
2019-09-25 04:49:49,076 [main] INFO  impl.RaftServerImpl (ServerState.java:close(385)) - 4a0ae61b-4689-46eb-b962-7605c7f95abd@group-30852584DA03: closes. applyIndex: 0
2019-09-25 04:49:49,076 [4a0ae61b-4689-46eb-b962-7605c7f95abd@group-30852584DA03-SegmentedRaftLogWorker] INFO  segmented.SegmentedRaftLogWorker (SegmentedRaftLogWorker.java:run(313)) - 4a0ae61b-4689-46eb-b962-7605c7f95abd@group-30852584DA03-SegmentedRaftLogWorker was interrupted, exiting. There are 0 tasks remaining in the queue.
2019-09-25 04:49:49,076 [main] INFO  segmented.SegmentedRaftLogWorker (SegmentedRaftLogWorker.java:close(228)) - 4a0ae61b-4689-46eb-b962-7605c7f95abd@group-30852584DA03-SegmentedRaftLogWorker close()
2019-09-25 04:49:49,077 [main] INFO  impl.RaftServerImpl (RaftServerImpl.java:lambda$shutdown$3(251)) - 4a0ae61b-4689-46eb-b962-7605c7f95abd@group-CD07FF328D78: shutdown
2019-09-25 04:49:49,077 [main] INFO  util.JmxRegister (JmxRegister.java:unregister(73)) - Successfully un-registered JMX Bean with object name Ratis:service=RaftServer,group=group-CD07FF328D78,id=4a0ae61b-4689-46eb-b962-7605c7f95abd
2019-09-25 04:49:49,077 [main] INFO  impl.RoleInfo (RoleInfo.java:shutdownLeaderState(104)) - 4a0ae61b-4689-46eb-b962-7605c7f95abd: shutdown LeaderState
2019-09-25 04:49:49,077 [main] INFO  impl.PendingRequests (PendingRequests.java:sendNotLeaderResponses(202)) - 4a0ae61b-4689-46eb-b962-7605c7f95abd-PendingRequests: sendNotLeaderResponses
2019-09-25 04:49:49,078 [main] INFO  impl.StateMachineUpdater (StateMachineUpdater.java:stopAndJoin(125)) - 4a0ae61b-4689-46eb-b962-7605c7f95abd@group-CD07FF328D78-StateMachineUpdater: set stopIndex = 0
2019-09-25 04:49:49,078 [main] INFO  impl.RaftServerImpl (ServerState.java:close(385)) - 4a0ae61b-4689-46eb-b962-7605c7f95abd@group-CD07FF328D78: closes. applyIndex: 0
2019-09-25 04:49:49,078 [4a0ae61b-4689-46eb-b962-7605c7f95abd@group-CD07FF328D78-SegmentedRaftLogWorker] INFO  segmented.SegmentedRaftLogWorker (SegmentedRaftLogWorker.java:run(313)) - 4a0ae61b-4689-46eb-b962-7605c7f95abd@group-CD07FF328D78-SegmentedRaftLogWorker was interrupted, exiting. There are 0 tasks remaining in the queue.
2019-09-25 04:49:49,079 [main] INFO  segmented.SegmentedRaftLogWorker (SegmentedRaftLogWorker.java:close(228)) - 4a0ae61b-4689-46eb-b962-7605c7f95abd@group-CD07FF328D78-SegmentedRaftLogWorker close()
2019-09-25 04:49:49,079 [main] INFO  impl.RaftServerImpl (RaftServerImpl.java:lambda$shutdown$3(251)) - 4a0ae61b-4689-46eb-b962-7605c7f95abd@group-CD767D1F5026: shutdown
2019-09-25 04:49:49,079 [main] INFO  util.JmxRegister (JmxRegister.java:unregister(73)) - Successfully un-registered JMX Bean with object name Ratis:service=RaftServer,group=group-CD767D1F5026,id=4a0ae61b-4689-46eb-b962-7605c7f95abd
2019-09-25 04:49:49,079 [ForkJoinPool.commonPool-worker-1] INFO  ozoneimpl.OzoneContainer (OzoneContainer.java:stop(231)) - Attempting to stop container services.
2019-09-25 04:49:49,079 [main] INFO  impl.RoleInfo (RoleInfo.java:shutdownLeaderState(104)) - 4a0ae61b-4689-46eb-b962-7605c7f95abd: shutdown LeaderState
2019-09-25 04:49:49,080 [ForkJoinPool.commonPool-worker-1] INFO  impl.RaftServerProxy (RaftServerProxy.java:lambda$close$4(314)) - ef17bb0f-3839-4724-ad21-94b92a6e25d3: close
2019-09-25 04:49:49,080 [main] INFO  impl.PendingRequests (PendingRequests.java:sendNotLeaderResponses(202)) - 4a0ae61b-4689-46eb-b962-7605c7f95abd-PendingRequests: sendNotLeaderResponses
2019-09-25 04:49:49,080 [ForkJoinPool.commonPool-worker-1] INFO  impl.RaftServerImpl (RaftServerImpl.java:lambda$shutdown$3(251)) - ef17bb0f-3839-4724-ad21-94b92a6e25d3@group-8D77C7A98E9B: shutdown
2019-09-25 04:49:49,081 [main] INFO  impl.StateMachineUpdater (StateMachineUpdater.java:stopAndJoin(125)) - 4a0ae61b-4689-46eb-b962-7605c7f95abd@group-CD767D1F5026-StateMachineUpdater: set stopIndex = 0
2019-09-25 04:49:49,081 [ForkJoinPool.commonPool-worker-1] INFO  util.JmxRegister (JmxRegister.java:unregister(73)) - Successfully un-registered JMX Bean with object name Ratis:service=RaftServer,group=group-8D77C7A98E9B,id=ef17bb0f-3839-4724-ad21-94b92a6e25d3
2019-09-25 04:49:49,081 [ForkJoinPool.commonPool-worker-1] INFO  impl.RoleInfo (RoleInfo.java:shutdownLeaderState(104)) - ef17bb0f-3839-4724-ad21-94b92a6e25d3: shutdown LeaderState
2019-09-25 04:49:49,081 [main] INFO  impl.RaftServerImpl (ServerState.java:close(385)) - 4a0ae61b-4689-46eb-b962-7605c7f95abd@group-CD767D1F5026: closes. applyIndex: 0
2019-09-25 04:49:49,082 [ForkJoinPool.commonPool-worker-1] INFO  impl.PendingRequests (PendingRequests.java:sendNotLeaderResponses(202)) - ef17bb0f-3839-4724-ad21-94b92a6e25d3-PendingRequests: sendNotLeaderResponses
2019-09-25 04:49:49,082 [4a0ae61b-4689-46eb-b962-7605c7f95abd@group-CD767D1F5026-SegmentedRaftLogWorker] INFO  segmented.SegmentedRaftLogWorker (SegmentedRaftLogWorker.java:run(313)) - 4a0ae61b-4689-46eb-b962-7605c7f95abd@group-CD767D1F5026-SegmentedRaftLogWorker was interrupted, exiting. There are 0 tasks remaining in the queue.
2019-09-25 04:49:49,082 [ForkJoinPool.commonPool-worker-1] INFO  impl.StateMachineUpdater (StateMachineUpdater.java:stopAndJoin(125)) - ef17bb0f-3839-4724-ad21-94b92a6e25d3@group-8D77C7A98E9B-StateMachineUpdater: set stopIndex = 0
2019-09-25 04:49:49,083 [main] INFO  segmented.SegmentedRaftLogWorker (SegmentedRaftLogWorker.java:close(228)) - 4a0ae61b-4689-46eb-b962-7605c7f95abd@group-CD767D1F5026-SegmentedRaftLogWorker close()
2019-09-25 04:49:49,083 [ForkJoinPool.commonPool-worker-1] INFO  impl.RaftServerImpl (ServerState.java:close(385)) - ef17bb0f-3839-4724-ad21-94b92a6e25d3@group-8D77C7A98E9B: closes. applyIndex: 0
2019-09-25 04:49:49,083 [main] INFO  impl.RaftServerImpl (RaftServerImpl.java:lambda$shutdown$3(251)) - 4a0ae61b-4689-46eb-b962-7605c7f95abd@group-E5497BECB1A6: shutdown
2019-09-25 04:49:49,084 [ef17bb0f-3839-4724-ad21-94b92a6e25d3@group-8D77C7A98E9B-SegmentedRaftLogWorker] INFO  segmented.SegmentedRaftLogWorker (SegmentedRaftLogWorker.java:run(313)) - ef17bb0f-3839-4724-ad21-94b92a6e25d3@group-8D77C7A98E9B-SegmentedRaftLogWorker was interrupted, exiting. There are 0 tasks remaining in the queue.
2019-09-25 04:49:49,084 [main] INFO  util.JmxRegister (JmxRegister.java:unregister(73)) - Successfully un-registered JMX Bean with object name Ratis:service=RaftServer,group=group-E5497BECB1A6,id=4a0ae61b-4689-46eb-b962-7605c7f95abd
2019-09-25 04:49:49,085 [ForkJoinPool.commonPool-worker-1] INFO  segmented.SegmentedRaftLogWorker (SegmentedRaftLogWorker.java:close(228)) - ef17bb0f-3839-4724-ad21-94b92a6e25d3@group-8D77C7A98E9B-SegmentedRaftLogWorker close()
2019-09-25 04:49:49,085 [main] INFO  impl.RoleInfo (RoleInfo.java:shutdownLeaderState(104)) - 4a0ae61b-4689-46eb-b962-7605c7f95abd: shutdown LeaderState
2019-09-25 04:49:49,086 [ForkJoinPool.commonPool-worker-1] INFO  impl.RaftServerImpl (RaftServerImpl.java:lambda$shutdown$3(251)) - ef17bb0f-3839-4724-ad21-94b92a6e25d3@group-49807641C7C4: shutdown
2019-09-25 04:49:49,086 [main] INFO  impl.PendingRequests (PendingRequests.java:sendNotLeaderResponses(202)) - 4a0ae61b-4689-46eb-b962-7605c7f95abd-PendingRequests: sendNotLeaderResponses
2019-09-25 04:49:49,086 [ForkJoinPool.commonPool-worker-1] INFO  util.JmxRegister (JmxRegister.java:unregister(73)) - Successfully un-registered JMX Bean with object name Ratis:service=RaftServer,group=group-49807641C7C4,id=ef17bb0f-3839-4724-ad21-94b92a6e25d3
2019-09-25 04:49:49,087 [main] INFO  impl.StateMachineUpdater (StateMachineUpdater.java:stopAndJoin(125)) - 4a0ae61b-4689-46eb-b962-7605c7f95abd@group-E5497BECB1A6-StateMachineUpdater: set stopIndex = 0
2019-09-25 04:49:49,087 [ForkJoinPool.commonPool-worker-1] INFO  impl.RoleInfo (RoleInfo.java:shutdownLeaderState(104)) - ef17bb0f-3839-4724-ad21-94b92a6e25d3: shutdown LeaderState
2019-09-25 04:49:49,087 [main] INFO  impl.RaftServerImpl (ServerState.java:close(385)) - 4a0ae61b-4689-46eb-b962-7605c7f95abd@group-E5497BECB1A6: closes. applyIndex: 0
2019-09-25 04:49:49,087 [ForkJoinPool.commonPool-worker-1] INFO  impl.PendingRequests (PendingRequests.java:sendNotLeaderResponses(202)) - ef17bb0f-3839-4724-ad21-94b92a6e25d3-PendingRequests: sendNotLeaderResponses
2019-09-25 04:49:49,088 [4a0ae61b-4689-46eb-b962-7605c7f95abd@group-E5497BECB1A6-SegmentedRaftLogWorker] INFO  segmented.SegmentedRaftLogWorker (SegmentedRaftLogWorker.java:run(313)) - 4a0ae61b-4689-46eb-b962-7605c7f95abd@group-E5497BECB1A6-SegmentedRaftLogWorker was interrupted, exiting. There are 0 tasks remaining in the queue.
2019-09-25 04:49:49,088 [ForkJoinPool.commonPool-worker-1] INFO  impl.StateMachineUpdater (StateMachineUpdater.java:stopAndJoin(125)) - ef17bb0f-3839-4724-ad21-94b92a6e25d3@group-49807641C7C4-StateMachineUpdater: set stopIndex = 0
2019-09-25 04:49:49,088 [main] INFO  segmented.SegmentedRaftLogWorker (SegmentedRaftLogWorker.java:close(228)) - 4a0ae61b-4689-46eb-b962-7605c7f95abd@group-E5497BECB1A6-SegmentedRaftLogWorker close()
2019-09-25 04:49:49,088 [ForkJoinPool.commonPool-worker-1] INFO  impl.RaftServerImpl (ServerState.java:close(385)) - ef17bb0f-3839-4724-ad21-94b92a6e25d3@group-49807641C7C4: closes. applyIndex: 0
2019-09-25 04:49:49,089 [main] INFO  server.GrpcService (GrpcService.java:closeImpl(164)) - 4a0ae61b-4689-46eb-b962-7605c7f95abd: shutdown server with port 41419 now
2019-09-25 04:49:49,089 [ef17bb0f-3839-4724-ad21-94b92a6e25d3@group-49807641C7C4-SegmentedRaftLogWorker] INFO  segmented.SegmentedRaftLogWorker (SegmentedRaftLogWorker.java:run(313)) - ef17bb0f-3839-4724-ad21-94b92a6e25d3@group-49807641C7C4-SegmentedRaftLogWorker was interrupted, exiting. There are 0 tasks remaining in the queue.
2019-09-25 04:49:49,090 [main] INFO  server.GrpcService (GrpcService.java:closeImpl(172)) - 4a0ae61b-4689-46eb-b962-7605c7f95abd: shutdown server with port 41419 successfully
2019-09-25 04:49:49,090 [ForkJoinPool.commonPool-worker-1] INFO  segmented.SegmentedRaftLogWorker (SegmentedRaftLogWorker.java:close(228)) - ef17bb0f-3839-4724-ad21-94b92a6e25d3@group-49807641C7C4-SegmentedRaftLogWorker close()
2019-09-25 04:49:49,091 [ForkJoinPool.commonPool-worker-1] INFO  impl.RaftServerImpl (RaftServerImpl.java:lambda$shutdown$3(251)) - ef17bb0f-3839-4724-ad21-94b92a6e25d3@group-94778EEFF6C6: shutdown
2019-09-25 04:49:49,091 [ForkJoinPool.commonPool-worker-1] INFO  util.JmxRegister (JmxRegister.java:unregister(73)) - Successfully un-registered JMX Bean with object name Ratis:service=RaftServer,group=group-94778EEFF6C6,id=ef17bb0f-3839-4724-ad21-94b92a6e25d3
2019-09-25 04:49:49,091 [refreshUsed-/workdir/hadoop-ozone/integration-test/target/test-dir/MiniOzoneClusterImpl-73e7cd3e-72db-4213-b677-28bfbd198772/datanode-7/data/containers] WARN  fs.CachingGetSpaceUsed (CachingGetSpaceUsed.java:run(183)) - Thread Interrupted waiting to refresh disk information: sleep interrupted
2019-09-25 04:49:49,091 [ForkJoinPool.commonPool-worker-1] INFO  impl.RoleInfo (RoleInfo.java:shutdownLeaderState(104)) - ef17bb0f-3839-4724-ad21-94b92a6e25d3: shutdown LeaderState
2019-09-25 04:49:49,092 [ForkJoinPool.commonPool-worker-1] INFO  impl.PendingRequests (PendingRequests.java:sendNotLeaderResponses(202)) - ef17bb0f-3839-4724-ad21-94b92a6e25d3-PendingRequests: sendNotLeaderResponses
2019-09-25 04:49:49,092 [ForkJoinPool.commonPool-worker-1] INFO  impl.StateMachineUpdater (StateMachineUpdater.java:stopAndJoin(125)) - ef17bb0f-3839-4724-ad21-94b92a6e25d3@group-94778EEFF6C6-StateMachineUpdater: set stopIndex = 0
2019-09-25 04:49:49,093 [ForkJoinPool.commonPool-worker-1] INFO  impl.RaftServerImpl (ServerState.java:close(385)) - ef17bb0f-3839-4724-ad21-94b92a6e25d3@group-94778EEFF6C6: closes. applyIndex: 0
2019-09-25 04:49:49,093 [ef17bb0f-3839-4724-ad21-94b92a6e25d3@group-94778EEFF6C6-SegmentedRaftLogWorker] INFO  segmented.SegmentedRaftLogWorker (SegmentedRaftLogWorker.java:run(313)) - ef17bb0f-3839-4724-ad21-94b92a6e25d3@group-94778EEFF6C6-SegmentedRaftLogWorker was interrupted, exiting. There are 0 tasks remaining in the queue.
2019-09-25 04:49:49,094 [ForkJoinPool.commonPool-worker-1] INFO  segmented.SegmentedRaftLogWorker (SegmentedRaftLogWorker.java:close(228)) - ef17bb0f-3839-4724-ad21-94b92a6e25d3@group-94778EEFF6C6-SegmentedRaftLogWorker close()
2019-09-25 04:49:49,094 [ForkJoinPool.commonPool-worker-1] INFO  impl.RaftServerImpl (RaftServerImpl.java:lambda$shutdown$3(251)) - ef17bb0f-3839-4724-ad21-94b92a6e25d3@group-8AB62AD67E01: shutdown
2019-09-25 04:49:49,095 [ForkJoinPool.commonPool-worker-1] INFO  util.JmxRegister (JmxRegister.java:unregister(73)) - Successfully un-registered JMX Bean with object name Ratis:service=RaftServer,group=group-8AB62AD67E01,id=ef17bb0f-3839-4724-ad21-94b92a6e25d3
2019-09-25 04:49:49,095 [ForkJoinPool.commonPool-worker-1] INFO  impl.RoleInfo (RoleInfo.java:shutdownLeaderState(104)) - ef17bb0f-3839-4724-ad21-94b92a6e25d3: shutdown LeaderState
2019-09-25 04:49:49,096 [ForkJoinPool.commonPool-worker-1] INFO  impl.PendingRequests (PendingRequests.java:sendNotLeaderResponses(202)) - ef17bb0f-3839-4724-ad21-94b92a6e25d3-PendingRequests: sendNotLeaderResponses
2019-09-25 04:49:49,096 [ForkJoinPool.commonPool-worker-1] INFO  impl.StateMachineUpdater (StateMachineUpdater.java:stopAndJoin(125)) - ef17bb0f-3839-4724-ad21-94b92a6e25d3@group-8AB62AD67E01-StateMachineUpdater: set stopIndex = 0
2019-09-25 04:49:49,096 [ForkJoinPool.commonPool-worker-1] INFO  impl.RaftServerImpl (ServerState.java:close(385)) - ef17bb0f-3839-4724-ad21-94b92a6e25d3@group-8AB62AD67E01: closes. applyIndex: 0
2019-09-25 04:49:49,097 [ef17bb0f-3839-4724-ad21-94b92a6e25d3@group-8AB62AD67E01-SegmentedRaftLogWorker] INFO  segmented.SegmentedRaftLogWorker (SegmentedRaftLogWorker.java:run(313)) - ef17bb0f-3839-4724-ad21-94b92a6e25d3@group-8AB62AD67E01-SegmentedRaftLogWorker was interrupted, exiting. There are 0 tasks remaining in the queue.
2019-09-25 04:49:49,097 [ForkJoinPool.commonPool-worker-1] INFO  segmented.SegmentedRaftLogWorker (SegmentedRaftLogWorker.java:close(228)) - ef17bb0f-3839-4724-ad21-94b92a6e25d3@group-8AB62AD67E01-SegmentedRaftLogWorker close()
2019-09-25 04:49:49,097 [ForkJoinPool.commonPool-worker-1] INFO  impl.RaftServerImpl (RaftServerImpl.java:lambda$shutdown$3(251)) - ef17bb0f-3839-4724-ad21-94b92a6e25d3@group-E117720F5E0E: shutdown
2019-09-25 04:49:49,098 [ForkJoinPool.commonPool-worker-1] INFO  util.JmxRegister (JmxRegister.java:unregister(73)) - Successfully un-registered JMX Bean with object name Ratis:service=RaftServer,group=group-E117720F5E0E,id=ef17bb0f-3839-4724-ad21-94b92a6e25d3
2019-09-25 04:49:49,098 [ForkJoinPool.commonPool-worker-1] INFO  impl.RoleInfo (RoleInfo.java:shutdownLeaderState(104)) - ef17bb0f-3839-4724-ad21-94b92a6e25d3: shutdown LeaderState
2019-09-25 04:49:49,098 [ForkJoinPool.commonPool-worker-1] INFO  impl.PendingRequests (PendingRequests.java:sendNotLeaderResponses(202)) - ef17bb0f-3839-4724-ad21-94b92a6e25d3-PendingRequests: sendNotLeaderResponses
2019-09-25 04:49:49,099 [ForkJoinPool.commonPool-worker-1] INFO  impl.StateMachineUpdater (StateMachineUpdater.java:stopAndJoin(125)) - ef17bb0f-3839-4724-ad21-94b92a6e25d3@group-E117720F5E0E-StateMachineUpdater: set stopIndex = 0
2019-09-25 04:49:49,099 [ForkJoinPool.commonPool-worker-1] INFO  impl.RaftServerImpl (ServerState.java:close(385)) - ef17bb0f-3839-4724-ad21-94b92a6e25d3@group-E117720F5E0E: closes. applyIndex: 0
2019-09-25 04:49:49,099 [ef17bb0f-3839-4724-ad21-94b92a6e25d3@group-E117720F5E0E-SegmentedRaftLogWorker] INFO  segmented.SegmentedRaftLogWorker (SegmentedRaftLogWorker.java:run(313)) - ef17bb0f-3839-4724-ad21-94b92a6e25d3@group-E117720F5E0E-SegmentedRaftLogWorker was interrupted, exiting. There are 0 tasks remaining in the queue.
2019-09-25 04:49:49,099 [ForkJoinPool.commonPool-worker-1] INFO  segmented.SegmentedRaftLogWorker (SegmentedRaftLogWorker.java:close(228)) - ef17bb0f-3839-4724-ad21-94b92a6e25d3@group-E117720F5E0E-SegmentedRaftLogWorker close()
2019-09-25 04:49:49,100 [ForkJoinPool.commonPool-worker-1] INFO  impl.RaftServerImpl (RaftServerImpl.java:lambda$shutdown$3(251)) - ef17bb0f-3839-4724-ad21-94b92a6e25d3@group-2DE716751434: shutdown
2019-09-25 04:49:49,100 [ForkJoinPool.commonPool-worker-1] INFO  util.JmxRegister (JmxRegister.java:unregister(73)) - Successfully un-registered JMX Bean with object name Ratis:service=RaftServer,group=group-2DE716751434,id=ef17bb0f-3839-4724-ad21-94b92a6e25d3
2019-09-25 04:49:49,100 [ForkJoinPool.commonPool-worker-1] INFO  impl.RoleInfo (RoleInfo.java:shutdownLeaderState(104)) - ef17bb0f-3839-4724-ad21-94b92a6e25d3: shutdown LeaderState
2019-09-25 04:49:49,101 [ForkJoinPool.commonPool-worker-1] INFO  impl.PendingRequests (PendingRequests.java:sendNotLeaderResponses(202)) - ef17bb0f-3839-4724-ad21-94b92a6e25d3-PendingRequests: sendNotLeaderResponses
2019-09-25 04:49:49,101 [ForkJoinPool.commonPool-worker-1] INFO  impl.StateMachineUpdater (StateMachineUpdater.java:stopAndJoin(125)) - ef17bb0f-3839-4724-ad21-94b92a6e25d3@group-2DE716751434-StateMachineUpdater: set stopIndex = 0
2019-09-25 04:49:49,101 [ForkJoinPool.commonPool-worker-1] INFO  impl.RaftServerImpl (ServerState.java:close(385)) - ef17bb0f-3839-4724-ad21-94b92a6e25d3@group-2DE716751434: closes. applyIndex: 0
2019-09-25 04:49:49,102 [ef17bb0f-3839-4724-ad21-94b92a6e25d3@group-2DE716751434-SegmentedRaftLogWorker] INFO  segmented.SegmentedRaftLogWorker (SegmentedRaftLogWorker.java:run(313)) - ef17bb0f-3839-4724-ad21-94b92a6e25d3@group-2DE716751434-SegmentedRaftLogWorker was interrupted, exiting. There are 0 tasks remaining in the queue.
2019-09-25 04:49:49,102 [ForkJoinPool.commonPool-worker-1] INFO  segmented.SegmentedRaftLogWorker (SegmentedRaftLogWorker.java:close(228)) - ef17bb0f-3839-4724-ad21-94b92a6e25d3@group-2DE716751434-SegmentedRaftLogWorker close()
2019-09-25 04:49:49,102 [ForkJoinPool.commonPool-worker-1] INFO  server.GrpcService (GrpcService.java:closeImpl(164)) - ef17bb0f-3839-4724-ad21-94b92a6e25d3: shutdown server with port 40519 now
2019-09-25 04:49:49,104 [ForkJoinPool.commonPool-worker-1] INFO  server.GrpcService (GrpcService.java:closeImpl(172)) - ef17bb0f-3839-4724-ad21-94b92a6e25d3: shutdown server with port 40519 successfully
2019-09-25 04:49:49,106 [main] INFO  utils.BackgroundService (BackgroundService.java:shutdown(148)) - Shutting down service BlockDeletingService
2019-09-25 04:49:49,109 [refreshUsed-/workdir/hadoop-ozone/integration-test/target/test-dir/MiniOzoneClusterImpl-73e7cd3e-72db-4213-b677-28bfbd198772/datanode-1/data/containers] WARN  fs.CachingGetSpaceUsed (CachingGetSpaceUsed.java:run(183)) - Thread Interrupted waiting to refresh disk information: sleep interrupted
2019-09-25 04:49:49,110 [main] INFO  statemachine.DatanodeStateMachine (DatanodeStateMachine.java:stopDaemon(395)) - Ozone container server stopped.
2019-09-25 04:49:49,111 [main] INFO  handler.ContextHandler (ContextHandler.java:doStop(910)) - Stopped o.e.j.w.WebAppContext@57f9b467{/,null,UNAVAILABLE}{/hddsDatanode}
2019-09-25 04:49:49,114 [main] INFO  server.AbstractConnector (AbstractConnector.java:doStop(318)) - Stopped ServerConnector@6d5c2745{HTTP/1.1,[http/1.1]}{0.0.0.0:0}
2019-09-25 04:49:49,114 [main] INFO  handler.ContextHandler (ContextHandler.java:doStop(910)) - Stopped o.e.j.s.ServletContextHandler@7fb66650{/static,jar:file:/home/user/.m2/repository/org/apache/hadoop/hadoop-hdds-container-service/0.5.0-SNAPSHOT/hadoop-hdds-container-service-0.5.0-SNAPSHOT.jar!/webapps/static,UNAVAILABLE}
2019-09-25 04:49:49,114 [main] INFO  handler.ContextHandler (ContextHandler.java:doStop(910)) - Stopped o.e.j.s.ServletContextHandler@2da3b078{/logs,file:///workdir/hadoop-ozone/integration-test/target/log,UNAVAILABLE}
2019-09-25 04:49:49,125 [ForkJoinPool.commonPool-worker-1] INFO  utils.BackgroundService (BackgroundService.java:shutdown(148)) - Shutting down service BlockDeletingService
2019-09-25 04:49:49,127 [ForkJoinPool.commonPool-worker-1] INFO  statemachine.DatanodeStateMachine (DatanodeStateMachine.java:stopDaemon(395)) - Ozone container server stopped.
2019-09-25 04:49:49,130 [ForkJoinPool.commonPool-worker-1] INFO  handler.ContextHandler (ContextHandler.java:doStop(910)) - Stopped o.e.j.w.WebAppContext@5e5af8e1{/,null,UNAVAILABLE}{/hddsDatanode}
2019-09-25 04:49:49,131 [ForkJoinPool.commonPool-worker-1] INFO  server.AbstractConnector (AbstractConnector.java:doStop(318)) - Stopped ServerConnector@30b131b2{HTTP/1.1,[http/1.1]}{0.0.0.0:0}
2019-09-25 04:49:49,132 [ForkJoinPool.commonPool-worker-1] INFO  handler.ContextHandler (ContextHandler.java:doStop(910)) - Stopped o.e.j.s.ServletContextHandler@59dc36d4{/static,jar:file:/home/user/.m2/repository/org/apache/hadoop/hadoop-hdds-container-service/0.5.0-SNAPSHOT/hadoop-hdds-container-service-0.5.0-SNAPSHOT.jar!/webapps/static,UNAVAILABLE}
2019-09-25 04:49:49,132 [ForkJoinPool.commonPool-worker-1] INFO  handler.ContextHandler (ContextHandler.java:doStop(910)) - Stopped o.e.j.s.ServletContextHandler@1a2bcd56{/logs,file:///workdir/hadoop-ozone/integration-test/target/log,UNAVAILABLE}
2019-09-25 04:49:49,133 [main] INFO  ozone.MiniOzoneClusterImpl (MiniOzoneClusterImpl.java:stopSCM(392)) - Stopping the StorageContainerManager
2019-09-25 04:49:49,133 [main] INFO  server.StorageContainerManager (StorageContainerManager.java:stop(808)) - Stopping Replication Manager Service.
2019-09-25 04:49:49,133 [main] INFO  container.ReplicationManager (ReplicationManager.java:stop(204)) - Stopping Replication Monitor Thread.
2019-09-25 04:49:49,134 [main] INFO  server.StorageContainerManager (StorageContainerManager.java:stop(815)) - Stopping Lease Manager of the command watchers
2019-09-25 04:49:49,134 [main] INFO  server.StorageContainerManager (StorageContainerManager.java:stop(822)) - Stopping datanode service RPC server
2019-09-25 04:49:49,134 [main] INFO  server.SCMDatanodeProtocolServer (SCMDatanodeProtocolServer.java:stop(367)) - Stopping the RPC server for DataNodes
2019-09-25 04:49:49,134 [main] INFO  ipc.Server (Server.java:stop(3082)) - Stopping server on 39905
2019-09-25 04:49:49,135 [IPC Server listener on 39905] INFO  ipc.Server (Server.java:run(1185)) - Stopping IPC Server listener on 39905
2019-09-25 04:49:49,136 [IPC Server Responder] INFO  ipc.Server (Server.java:run(1319)) - Stopping IPC Server Responder
2019-09-25 04:49:49,158 [SCM Heartbeat Processing Thread - 0] WARN  node.NodeStateManager (NodeStateManager.java:scheduleNextHealthCheck(655)) - Current Thread is interrupted, shutting down HB processing thread for Node Manager.
2019-09-25 04:49:49,158 [main] INFO  server.StorageContainerManager (StorageContainerManager.java:stop(830)) - Stopping block service RPC server
2019-09-25 04:49:49,158 [main] INFO  server.SCMBlockProtocolServer (SCMBlockProtocolServer.java:stop(155)) - Stopping the RPC server for Block Protocol
2019-09-25 04:49:49,158 [main] INFO  ipc.Server (Server.java:stop(3082)) - Stopping server on 33184
2019-09-25 04:49:49,159 [IPC Server listener on 33184] INFO  ipc.Server (Server.java:run(1185)) - Stopping IPC Server listener on 33184
2019-09-25 04:49:49,159 [main] INFO  server.StorageContainerManager (StorageContainerManager.java:stop(837)) - Stopping the StorageContainerLocationProtocol RPC server
2019-09-25 04:49:49,160 [main] INFO  server.SCMClientProtocolServer (SCMClientProtocolServer.java:stop(159)) - Stopping the RPC server for Client Protocol
2019-09-25 04:49:49,160 [main] INFO  ipc.Server (Server.java:stop(3082)) - Stopping server on 43480
2019-09-25 04:49:49,160 [IPC Server Responder] INFO  ipc.Server (Server.java:run(1319)) - Stopping IPC Server Responder
2019-09-25 04:49:49,160 [IPC Server listener on 43480] INFO  ipc.Server (Server.java:run(1185)) - Stopping IPC Server listener on 43480
2019-09-25 04:49:49,160 [main] INFO  server.StorageContainerManager (StorageContainerManager.java:stop(844)) - Stopping Storage Container Manager HTTP server.
2019-09-25 04:49:49,162 [IPC Server Responder] INFO  ipc.Server (Server.java:run(1319)) - Stopping IPC Server Responder
2019-09-25 04:49:49,162 [main] INFO  handler.ContextHandler (ContextHandler.java:doStop(910)) - Stopped o.e.j.w.WebAppContext@9cd25ff{/,null,UNAVAILABLE}{/scm}
2019-09-25 04:49:49,162 [main] INFO  server.AbstractConnector (AbstractConnector.java:doStop(318)) - Stopped ServerConnector@1ac85b0c{HTTP/1.1,[http/1.1]}{0.0.0.0:0}
2019-09-25 04:49:49,163 [main] INFO  handler.ContextHandler (ContextHandler.java:doStop(910)) - Stopped o.e.j.s.ServletContextHandler@615091b8{/static,file:///workdir/hadoop-ozone/integration-test/target/test-classes/webapps/static,UNAVAILABLE}
2019-09-25 04:49:49,163 [main] INFO  handler.ContextHandler (ContextHandler.java:doStop(910)) - Stopped o.e.j.s.ServletContextHandler@1d131e1b{/logs,file:///workdir/hadoop-ozone/integration-test/target/log,UNAVAILABLE}
2019-09-25 04:49:49,164 [main] INFO  server.StorageContainerManager (StorageContainerManager.java:stop(855)) - Stopping Block Manager Service.
2019-09-25 04:49:49,164 [main] INFO  utils.BackgroundService (BackgroundService.java:shutdown(148)) - Shutting down service SCMBlockDeletingService
2019-09-25 04:49:49,164 [main] INFO  utils.BackgroundService (BackgroundService.java:shutdown(148)) - Shutting down service SCMBlockDeletingService
2019-09-25 04:49:49,165 [main] INFO  server.StorageContainerManager (StorageContainerManager.java:stop(877)) - Stopping SCM Event Queue.
2019-09-25 04:49:49,169 [main] INFO  impl.MetricsSystemImpl (MetricsSystemImpl.java:stop(210)) - Stopping ratis metrics system...
2019-09-25 04:49:49,185 [prometheus] INFO  impl.MetricsSinkAdapter (MetricsSinkAdapter.java:publishMetricsFromQueue(141)) - prometheus thread interrupted.
2019-09-25 04:49:49,185 [main] INFO  impl.MetricsSystemImpl (MetricsSystemImpl.java:stop(216)) - ratis metrics system stopped.
]]></system-out>
    <system-err><![CDATA[ERROR StatusLogger No Log4j 2 configuration file found. Using default configuration (logging only errors to the console), or user programmatically provided configurations. Set system property 'log4j2.debug' to show Log4j 2 internal initialization logging. See https://logging.apache.org/log4j/2.x/manual/configuration.html for instructions on how to configure Log4j 2
]]></system-err>
  </testcase>
  <testcase name="testMultiBlockWritesWithDnFailures" classname="org.apache.hadoop.ozone.client.rpc.TestMultiBlockWritesWithDnFailures" time="49.347"/>
</testsuite>