<?xml version="1.0" encoding="UTF-8"?>
<testsuite xmlns:xsi="http://www.w3.org/2001/XMLSchema-instance" xsi:noNamespaceSchemaLocation="https://maven.apache.org/surefire/maven-surefire-plugin/xsd/surefire-test-report.xsd" name="org.apache.hadoop.hdds.scm.pipeline.TestNode2PipelineMap" time="28.278" tests="1" errors="1" skipped="0" failures="0">
  <properties>
    <property name="awt.toolkit" value="sun.awt.X11.XToolkit"/>
    <property name="file.encoding.pkg" value="sun.io"/>
    <property name="java.specification.version" value="1.8"/>
    <property name="sun.cpu.isalist" value=""/>
    <property name="sun.jnu.encoding" value="UTF-8"/>
    <property name="java.class.path" value="/workdir/hadoop-ozone/integration-test/target/test-classes:/workdir/hadoop-ozone/integration-test/target/classes:/home/user/.m2/repository/org/apache/hadoop/hadoop-ozone-common/0.5.0-SNAPSHOT/hadoop-ozone-common-0.5.0-SNAPSHOT.jar:/home/user/.m2/repository/org/apache/commons/commons-compress/1.4.1/commons-compress-1.4.1.jar:/home/user/.m2/repository/org/tukaani/xz/1.0/xz-1.0.jar:/home/user/.m2/repository/org/apache/hadoop/hadoop-common/3.2.0/hadoop-common-3.2.0.jar:/home/user/.m2/repository/org/apache/hadoop/hadoop-hdfs/3.2.0/hadoop-hdfs-3.2.0.jar:/home/user/.m2/repository/org/apache/hadoop/hadoop-hdfs-client/3.2.0/hadoop-hdfs-client-3.2.0.jar:/home/user/.m2/repository/com/fasterxml/jackson/core/jackson-annotations/2.9.9/jackson-annotations-2.9.9.jar:/home/user/.m2/repository/org/apache/hadoop/hadoop-hdds-common/0.5.0-SNAPSHOT/hadoop-hdds-common-0.5.0-SNAPSHOT.jar:/home/user/.m2/repository/javax/annotation/javax.annotation-api/1.2/javax.annotation-api-1.2.jar:/home/user/.m2/repository/org/apache/ratis/ratis-server/0.4.0/ratis-server-0.4.0.jar:/home/user/.m2/repository/org/apache/ratis/ratis-thirdparty-misc/0.2.0/ratis-thirdparty-misc-0.2.0.jar:/home/user/.m2/repository/org/apache/ratis/ratis-proto/0.4.0/ratis-proto-0.4.0.jar:/home/user/.m2/repository/org/apache/ratis/ratis-common/0.4.0/ratis-common-0.4.0.jar:/home/user/.m2/repository/org/apache/ratis/ratis-client/0.4.0/ratis-client-0.4.0.jar:/home/user/.m2/repository/org/apache/ratis/ratis-metrics/0.4.0/ratis-metrics-0.4.0.jar:/home/user/.m2/repository/com/github/joshelser/dropwizard-metrics-hadoop-metrics2-reporter/0.1.2/dropwizard-metrics-hadoop-metrics2-reporter-0.1.2.jar:/home/user/.m2/repository/io/dropwizard/metrics/metrics-jvm/3.2.5/metrics-jvm-3.2.5.jar:/home/user/.m2/repository/io/dropwizard/metrics/metrics-ganglia/3.2.5/metrics-ganglia-3.2.5.jar:/home/user/.m2/repository/info/ganglia/gmetric4j/gmetric4j/1.0.7/gmetric4j-1.0.7.jar:/home/user/.m2/repository/org/apache/ratis/ratis-netty/0.4.0/ratis-netty-0.4.0.jar:/home/user/.m2/repository/org/apache/ratis/ratis-grpc/0.4.0/ratis-grpc-0.4.0.jar:/home/user/.m2/repository/org/rocksdb/rocksdbjni/6.0.1/rocksdbjni-6.0.1.jar:/home/user/.m2/repository/org/apache/logging/log4j/log4j-api/2.11.0/log4j-api-2.11.0.jar:/home/user/.m2/repository/org/apache/logging/log4j/log4j-core/2.11.0/log4j-core-2.11.0.jar:/home/user/.m2/repository/com/lmax/disruptor/3.4.2/disruptor-3.4.2.jar:/home/user/.m2/repository/org/apache/commons/commons-pool2/2.6.0/commons-pool2-2.6.0.jar:/home/user/.m2/repository/org/bouncycastle/bcpkix-jdk15on/1.60/bcpkix-jdk15on-1.60.jar:/home/user/.m2/repository/commons-validator/commons-validator/1.6/commons-validator-1.6.jar:/home/user/.m2/repository/commons-digester/commons-digester/1.8.1/commons-digester-1.8.1.jar:/home/user/.m2/repository/io/jaegertracing/jaeger-client/0.34.0/jaeger-client-0.34.0.jar:/home/user/.m2/repository/io/jaegertracing/jaeger-thrift/0.34.0/jaeger-thrift-0.34.0.jar:/home/user/.m2/repository/org/apache/thrift/libthrift/0.12.0/libthrift-0.12.0.jar:/home/user/.m2/repository/com/squareup/okhttp3/okhttp/3.9.0/okhttp-3.9.0.jar:/home/user/.m2/repository/com/squareup/okio/okio/1.13.0/okio-1.13.0.jar:/home/user/.m2/repository/io/jaegertracing/jaeger-core/0.34.0/jaeger-core-0.34.0.jar:/home/user/.m2/repository/io/jaegertracing/jaeger-tracerresolver/0.34.0/jaeger-tracerresolver-0.34.0.jar:/home/user/.m2/repository/io/opentracing/contrib/opentracing-tracerresolver/0.1.5/opentracing-tracerresolver-0.1.5.jar:/home/user/.m2/repository/io/opentracing/opentracing-util/0.31.0/opentracing-util-0.31.0.jar:/home/user/.m2/repository/io/opentracing/opentracing-api/0.31.0/opentracing-api-0.31.0.jar:/home/user/.m2/repository/io/opentracing/opentracing-noop/0.31.0/opentracing-noop-0.31.0.jar:/home/user/.m2/repository/org/apache/hadoop/hadoop-hdds-server-framework/0.5.0-SNAPSHOT/hadoop-hdds-server-framework-0.5.0-SNAPSHOT.jar:/home/user/.m2/repository/org/apache/hadoop/hadoop-hdds-container-service/0.5.0-SNAPSHOT/hadoop-hdds-container-service-0.5.0-SNAPSHOT.jar:/home/user/.m2/repository/org/apache/hadoop/hadoop-hdds-client/0.5.0-SNAPSHOT/hadoop-hdds-client-0.5.0-SNAPSHOT.jar:/home/user/.m2/repository/org/apache/hadoop/hadoop-hdds-tools/0.5.0-SNAPSHOT/hadoop-hdds-tools-0.5.0-SNAPSHOT.jar:/home/user/.m2/repository/org/apache/hadoop/hadoop-hdds-server-scm/0.5.0-SNAPSHOT/hadoop-hdds-server-scm-0.5.0-SNAPSHOT.jar:/home/user/.m2/repository/org/apache/hadoop/hadoop-hdds-docs/0.5.0-SNAPSHOT/hadoop-hdds-docs-0.5.0-SNAPSHOT.jar:/home/user/.m2/repository/io/dropwizard/metrics/metrics-core/3.2.4/metrics-core-3.2.4.jar:/home/user/.m2/repository/org/hamcrest/hamcrest-all/1.3/hamcrest-all-1.3.jar:/home/user/.m2/repository/org/bouncycastle/bcprov-jdk15on/1.60/bcprov-jdk15on-1.60.jar:/home/user/.m2/repository/info/picocli/picocli/3.9.6/picocli-3.9.6.jar:/home/user/.m2/repository/com/google/protobuf/protobuf-java/2.5.0/protobuf-java-2.5.0.jar:/home/user/.m2/repository/com/google/guava/guava/11.0.2/guava-11.0.2.jar:/home/user/.m2/repository/org/apache/hadoop/hadoop-ozone-ozone-manager/0.5.0-SNAPSHOT/hadoop-ozone-ozone-manager-0.5.0-SNAPSHOT.jar:/home/user/.m2/repository/org/apache/hadoop/hadoop-minikdc/3.2.0/hadoop-minikdc-3.2.0.jar:/home/user/.m2/repository/commons-io/commons-io/2.5/commons-io-2.5.jar:/home/user/.m2/repository/org/apache/kerby/kerb-simplekdc/1.0.1/kerb-simplekdc-1.0.1.jar:/home/user/.m2/repository/org/apache/kerby/kerb-client/1.0.1/kerb-client-1.0.1.jar:/home/user/.m2/repository/org/apache/kerby/kerby-config/1.0.1/kerby-config-1.0.1.jar:/home/user/.m2/repository/org/apache/kerby/kerb-core/1.0.1/kerb-core-1.0.1.jar:/home/user/.m2/repository/org/apache/kerby/kerby-pkix/1.0.1/kerby-pkix-1.0.1.jar:/home/user/.m2/repository/org/apache/kerby/kerby-asn1/1.0.1/kerby-asn1-1.0.1.jar:/home/user/.m2/repository/org/apache/kerby/kerby-util/1.0.1/kerby-util-1.0.1.jar:/home/user/.m2/repository/org/apache/kerby/kerb-common/1.0.1/kerb-common-1.0.1.jar:/home/user/.m2/repository/org/apache/kerby/kerb-crypto/1.0.1/kerb-crypto-1.0.1.jar:/home/user/.m2/repository/org/apache/kerby/kerb-util/1.0.1/kerb-util-1.0.1.jar:/home/user/.m2/repository/org/apache/kerby/token-provider/1.0.1/token-provider-1.0.1.jar:/home/user/.m2/repository/org/apache/kerby/kerb-admin/1.0.1/kerb-admin-1.0.1.jar:/home/user/.m2/repository/org/apache/kerby/kerb-server/1.0.1/kerb-server-1.0.1.jar:/home/user/.m2/repository/org/apache/kerby/kerb-identity/1.0.1/kerb-identity-1.0.1.jar:/home/user/.m2/repository/org/apache/kerby/kerby-xdr/1.0.1/kerby-xdr-1.0.1.jar:/home/user/.m2/repository/org/slf4j/slf4j-log4j12/1.7.25/slf4j-log4j12-1.7.25.jar:/home/user/.m2/repository/org/apache/hadoop/hadoop-ozone-s3gateway/0.5.0-SNAPSHOT/hadoop-ozone-s3gateway-0.5.0-SNAPSHOT.jar:/home/user/.m2/repository/org/jboss/weld/servlet/weld-servlet/2.4.7.Final/weld-servlet-2.4.7.Final.jar:/home/user/.m2/repository/org/glassfish/jersey/containers/jersey-container-servlet-core/2.27/jersey-container-servlet-core-2.27.jar:/home/user/.m2/repository/org/glassfish/hk2/external/javax.inject/2.5.0-b42/javax.inject-2.5.0-b42.jar:/home/user/.m2/repository/org/glassfish/jersey/core/jersey-common/2.27/jersey-common-2.27.jar:/home/user/.m2/repository/org/glassfish/hk2/osgi-resource-locator/1.0.1/osgi-resource-locator-1.0.1.jar:/home/user/.m2/repository/javax/ws/rs/javax.ws.rs-api/2.1/javax.ws.rs-api-2.1.jar:/home/user/.m2/repository/org/glassfish/jersey/ext/cdi/jersey-cdi1x/2.27/jersey-cdi1x-2.27.jar:/home/user/.m2/repository/org/glassfish/jersey/inject/jersey-hk2/2.27/jersey-hk2-2.27.jar:/home/user/.m2/repository/org/glassfish/hk2/hk2-locator/2.5.0-b42/hk2-locator-2.5.0-b42.jar:/home/user/.m2/repository/org/javassist/javassist/3.22.0-CR2/javassist-3.22.0-CR2.jar:/home/user/.m2/repository/org/glassfish/hk2/hk2-api/2.5.0/hk2-api-2.5.0.jar:/home/user/.m2/repository/org/glassfish/hk2/external/jakarta.inject/2.5.0/jakarta.inject-2.5.0.jar:/home/user/.m2/repository/org/glassfish/hk2/hk2-utils/2.5.0/hk2-utils-2.5.0.jar:/home/user/.m2/repository/jakarta/annotation/jakarta.annotation-api/1.3.4/jakarta.annotation-api-1.3.4.jar:/home/user/.m2/repository/org/glassfish/hk2/external/aopalliance-repackaged/2.5.0/aopalliance-repackaged-2.5.0.jar:/home/user/.m2/repository/com/fasterxml/jackson/dataformat/jackson-dataformat-xml/2.9.0/jackson-dataformat-xml-2.9.0.jar:/home/user/.m2/repository/com/fasterxml/jackson/core/jackson-core/2.9.9/jackson-core-2.9.9.jar:/home/user/.m2/repository/com/fasterxml/jackson/module/jackson-module-jaxb-annotations/2.9.9/jackson-module-jaxb-annotations-2.9.9.jar:/home/user/.m2/repository/javax/enterprise/cdi-api/1.2/cdi-api-1.2.jar:/home/user/.m2/repository/javax/el/javax.el-api/3.0.0/javax.el-api-3.0.0.jar:/home/user/.m2/repository/javax/interceptor/javax.interceptor-api/1.2/javax.interceptor-api-1.2.jar:/home/user/.m2/repository/javax/inject/javax.inject/1/javax.inject-1.jar:/home/user/.m2/repository/com/sun/xml/bind/jaxb-impl/2.3.0.1/jaxb-impl-2.3.0.1.jar:/home/user/.m2/repository/com/sun/xml/bind/jaxb-core/2.3.0.1/jaxb-core-2.3.0.1.jar:/home/user/.m2/repository/javax/xml/bind/jaxb-api/2.3.0/jaxb-api-2.3.0.jar:/home/user/.m2/repository/javax/activation/activation/1.1.1/activation-1.1.1.jar:/home/user/.m2/repository/org/apache/hadoop/hadoop-ozone-csi/0.5.0-SNAPSHOT/hadoop-ozone-csi-0.5.0-SNAPSHOT.jar:/home/user/.m2/repository/com/google/protobuf/protobuf-java-util/3.5.1/protobuf-java-util-3.5.1.jar:/home/user/.m2/repository/org/apache/hadoop/hadoop-hdds-config/0.5.0-SNAPSHOT/hadoop-hdds-config-0.5.0-SNAPSHOT.jar:/home/user/.m2/repository/io/grpc/grpc-netty/1.17.1/grpc-netty-1.17.1.jar:/home/user/.m2/repository/io/grpc/grpc-core/1.17.1/grpc-core-1.17.1.jar:/home/user/.m2/repository/io/grpc/grpc-context/1.17.1/grpc-context-1.17.1.jar:/home/user/.m2/repository/com/google/errorprone/error_prone_annotations/2.2.0/error_prone_annotations-2.2.0.jar:/home/user/.m2/repository/org/codehaus/mojo/animal-sniffer-annotations/1.17/animal-sniffer-annotations-1.17.jar:/home/user/.m2/repository/io/opencensus/opencensus-api/0.17.0/opencensus-api-0.17.0.jar:/home/user/.m2/repository/io/opencensus/opencensus-contrib-grpc-metrics/0.17.0/opencensus-contrib-grpc-metrics-0.17.0.jar:/home/user/.m2/repository/io/netty/netty-codec-http2/4.1.30.Final/netty-codec-http2-4.1.30.Final.jar:/home/user/.m2/repository/io/netty/netty-codec-http/4.1.30.Final/netty-codec-http-4.1.30.Final.jar:/home/user/.m2/repository/io/netty/netty-codec/4.1.30.Final/netty-codec-4.1.30.Final.jar:/home/user/.m2/repository/io/netty/netty-handler/4.1.30.Final/netty-handler-4.1.30.Final.jar:/home/user/.m2/repository/io/netty/netty-handler-proxy/4.1.30.Final/netty-handler-proxy-4.1.30.Final.jar:/home/user/.m2/repository/io/netty/netty-codec-socks/4.1.30.Final/netty-codec-socks-4.1.30.Final.jar:/home/user/.m2/repository/io/netty/netty-transport-native-epoll/4.1.30.Final/netty-transport-native-epoll-4.1.30.Final.jar:/home/user/.m2/repository/io/netty/netty-common/4.1.30.Final/netty-common-4.1.30.Final.jar:/home/user/.m2/repository/io/netty/netty-buffer/4.1.30.Final/netty-buffer-4.1.30.Final.jar:/home/user/.m2/repository/io/netty/netty-transport/4.1.30.Final/netty-transport-4.1.30.Final.jar:/home/user/.m2/repository/io/netty/netty-resolver/4.1.30.Final/netty-resolver-4.1.30.Final.jar:/home/user/.m2/repository/io/netty/netty-transport-native-unix-common/4.1.30.Final/netty-transport-native-unix-common-4.1.30.Final.jar:/home/user/.m2/repository/io/grpc/grpc-protobuf/1.17.1/grpc-protobuf-1.17.1.jar:/home/user/.m2/repository/com/google/api/grpc/proto-google-common-protos/1.0.0/proto-google-common-protos-1.0.0.jar:/home/user/.m2/repository/io/grpc/grpc-protobuf-lite/1.17.1/grpc-protobuf-lite-1.17.1.jar:/home/user/.m2/repository/io/grpc/grpc-stub/1.17.1/grpc-stub-1.17.1.jar:/home/user/.m2/repository/org/apache/hadoop/hadoop-ozone-recon/0.5.0-SNAPSHOT/hadoop-ozone-recon-0.5.0-SNAPSHOT.jar:/home/user/.m2/repository/org/apache/hadoop/hadoop-ozone-reconcodegen/0.5.0-SNAPSHOT/hadoop-ozone-reconcodegen-0.5.0-SNAPSHOT.jar:/home/user/.m2/repository/com/google/inject/extensions/guice-multibindings/4.0/guice-multibindings-4.0.jar:/home/user/.m2/repository/com/google/inject/guice/4.0/guice-4.0.jar:/home/user/.m2/repository/aopalliance/aopalliance/1.0/aopalliance-1.0.jar:/home/user/.m2/repository/com/google/inject/extensions/guice-servlet/4.0/guice-servlet-4.0.jar:/home/user/.m2/repository/org/glassfish/jersey/containers/jersey-container-servlet/2.27/jersey-container-servlet-2.27.jar:/home/user/.m2/repository/org/glassfish/hk2/guice-bridge/2.5.0/guice-bridge-2.5.0.jar:/home/user/.m2/repository/org/glassfish/jersey/core/jersey-server/2.27/jersey-server-2.27.jar:/home/user/.m2/repository/org/glassfish/jersey/core/jersey-client/2.27/jersey-client-2.27.jar:/home/user/.m2/repository/org/glassfish/jersey/media/jersey-media-jaxb/2.27/jersey-media-jaxb-2.27.jar:/home/user/.m2/repository/javax/validation/validation-api/1.1.0.Final/validation-api-1.1.0.Final.jar:/home/user/.m2/repository/org/glassfish/jersey/media/jersey-media-json-jackson/2.27/jersey-media-json-jackson-2.27.jar:/home/user/.m2/repository/org/glassfish/jersey/ext/jersey-entity-filtering/2.27/jersey-entity-filtering-2.27.jar:/home/user/.m2/repository/com/google/inject/extensions/guice-assistedinject/4.0/guice-assistedinject-4.0.jar:/home/user/.m2/repository/org/jooq/jooq/3.11.10/jooq-3.11.10.jar:/home/user/.m2/repository/org/jooq/jooq-meta/3.11.10/jooq-meta-3.11.10.jar:/home/user/.m2/repository/org/jooq/jooq-codegen/3.11.10/jooq-codegen-3.11.10.jar:/home/user/.m2/repository/com/jolbox/bonecp/0.8.0.RELEASE/bonecp-0.8.0.RELEASE.jar:/home/user/.m2/repository/org/xerial/sqlite-jdbc/3.25.2/sqlite-jdbc-3.25.2.jar:/home/user/.m2/repository/org/springframework/spring-jdbc/5.1.3.RELEASE/spring-jdbc-5.1.3.RELEASE.jar:/home/user/.m2/repository/org/springframework/spring-beans/5.1.3.RELEASE/spring-beans-5.1.3.RELEASE.jar:/home/user/.m2/repository/org/springframework/spring-core/5.1.3.RELEASE/spring-core-5.1.3.RELEASE.jar:/home/user/.m2/repository/org/springframework/spring-jcl/5.1.3.RELEASE/spring-jcl-5.1.3.RELEASE.jar:/home/user/.m2/repository/org/springframework/spring-tx/5.1.3.RELEASE/spring-tx-5.1.3.RELEASE.jar:/home/user/.m2/repository/org/apache/hadoop/hadoop-ozone-client/0.5.0-SNAPSHOT/hadoop-ozone-client-0.5.0-SNAPSHOT.jar:/home/user/.m2/repository/commons-lang/commons-lang/2.6/commons-lang-2.6.jar:/home/user/.m2/repository/org/apache/hadoop/hadoop-ozone-ozone-manager/0.5.0-SNAPSHOT/hadoop-ozone-ozone-manager-0.5.0-SNAPSHOT-tests.jar:/home/user/.m2/repository/junit/junit/4.11/junit-4.11.jar:/home/user/.m2/repository/org/hamcrest/hamcrest-core/1.3/hamcrest-core-1.3.jar:/home/user/.m2/repository/org/openjdk/jmh/jmh-core/1.19/jmh-core-1.19.jar:/home/user/.m2/repository/net/sf/jopt-simple/jopt-simple/4.6/jopt-simple-4.6.jar:/home/user/.m2/repository/org/apache/commons/commons-math3/3.1.1/commons-math3-3.1.1.jar:/home/user/.m2/repository/org/openjdk/jmh/jmh-generator-annprocess/1.19/jmh-generator-annprocess-1.19.jar:/home/user/.m2/repository/org/mockito/mockito-all/1.8.5/mockito-all-1.8.5.jar:/home/user/.m2/repository/org/apache/hadoop/hadoop-kms/3.2.0/hadoop-kms-3.2.0.jar:/home/user/.m2/repository/org/apache/hadoop/hadoop-auth/3.2.0/hadoop-auth-3.2.0.jar:/home/user/.m2/repository/com/nimbusds/nimbus-jose-jwt/4.41.1/nimbus-jose-jwt-4.41.1.jar:/home/user/.m2/repository/com/github/stephenc/jcip/jcip-annotations/1.0-1/jcip-annotations-1.0-1.jar:/home/user/.m2/repository/net/minidev/json-smart/2.3/json-smart-2.3.jar:/home/user/.m2/repository/net/minidev/accessors-smart/1.2/accessors-smart-1.2.jar:/home/user/.m2/repository/org/ow2/asm/asm/5.0.4/asm-5.0.4.jar:/home/user/.m2/repository/org/apache/curator/curator-framework/2.12.0/curator-framework-2.12.0.jar:/home/user/.m2/repository/com/sun/jersey/jersey-core/1.19/jersey-core-1.19.jar:/home/user/.m2/repository/javax/ws/rs/jsr311-api/1.1.1/jsr311-api-1.1.1.jar:/home/user/.m2/repository/com/sun/jersey/jersey-server/1.19/jersey-server-1.19.jar:/home/user/.m2/repository/javax/servlet/javax.servlet-api/3.1.0/javax.servlet-api-3.1.0.jar:/home/user/.m2/repository/org/eclipse/jetty/jetty-server/9.3.25.v20180904/jetty-server-9.3.25.v20180904.jar:/home/user/.m2/repository/org/eclipse/jetty/jetty-http/9.3.25.v20180904/jetty-http-9.3.25.v20180904.jar:/home/user/.m2/repository/org/eclipse/jetty/jetty-io/9.3.25.v20180904/jetty-io-9.3.25.v20180904.jar:/home/user/.m2/repository/org/eclipse/jetty/jetty-webapp/9.3.25.v20180904/jetty-webapp-9.3.25.v20180904.jar:/home/user/.m2/repository/org/eclipse/jetty/jetty-xml/9.3.25.v20180904/jetty-xml-9.3.25.v20180904.jar:/home/user/.m2/repository/log4j/log4j/1.2.17/log4j-1.2.17.jar:/home/user/.m2/repository/org/slf4j/slf4j-api/1.7.25/slf4j-api-1.7.25.jar:/home/user/.m2/repository/org/slf4j/jul-to-slf4j/1.7.25/jul-to-slf4j-1.7.25.jar:/home/user/.m2/repository/org/eclipse/jetty/jetty-util/9.3.25.v20180904/jetty-util-9.3.25.v20180904.jar:/home/user/.m2/repository/com/fasterxml/jackson/core/jackson-databind/2.9.9/jackson-databind-2.9.9.jar:/home/user/.m2/repository/org/apache/hadoop/hadoop-kms/3.2.0/hadoop-kms-3.2.0-tests.jar:/home/user/.m2/repository/org/apache/hadoop/hadoop-hdds-server-scm/0.5.0-SNAPSHOT/hadoop-hdds-server-scm-0.5.0-SNAPSHOT-tests.jar:/home/user/.m2/repository/org/apache/hadoop/hadoop-hdds-container-service/0.5.0-SNAPSHOT/hadoop-hdds-container-service-0.5.0-SNAPSHOT-tests.jar:/home/user/.m2/repository/org/yaml/snakeyaml/1.16/snakeyaml-1.16.jar:/home/user/.m2/repository/org/apache/hadoop/hadoop-common/3.2.0/hadoop-common-3.2.0-tests.jar:/home/user/.m2/repository/org/apache/hadoop/hadoop-annotations/3.2.0/hadoop-annotations-3.2.0.jar:/usr/lib/jvm/java-1.8-openjdk/jre/../lib/tools.jar:/home/user/.m2/repository/commons-cli/commons-cli/1.2/commons-cli-1.2.jar:/home/user/.m2/repository/org/apache/httpcomponents/httpclient/4.5.2/httpclient-4.5.2.jar:/home/user/.m2/repository/org/apache/httpcomponents/httpcore/4.4.4/httpcore-4.4.4.jar:/home/user/.m2/repository/commons-codec/commons-codec/1.11/commons-codec-1.11.jar:/home/user/.m2/repository/commons-net/commons-net/3.6/commons-net-3.6.jar:/home/user/.m2/repository/commons-collections/commons-collections/3.2.2/commons-collections-3.2.2.jar:/home/user/.m2/repository/org/eclipse/jetty/jetty-servlet/9.3.25.v20180904/jetty-servlet-9.3.25.v20180904.jar:/home/user/.m2/repository/org/eclipse/jetty/jetty-security/9.3.25.v20180904/jetty-security-9.3.25.v20180904.jar:/home/user/.m2/repository/javax/servlet/jsp/jsp-api/2.1/jsp-api-2.1.jar:/home/user/.m2/repository/com/sun/jersey/jersey-servlet/1.19/jersey-servlet-1.19.jar:/home/user/.m2/repository/com/sun/jersey/jersey-json/1.19/jersey-json-1.19.jar:/home/user/.m2/repository/org/codehaus/jettison/jettison/1.1/jettison-1.1.jar:/home/user/.m2/repository/org/codehaus/jackson/jackson-core-asl/1.9.13/jackson-core-asl-1.9.13.jar:/home/user/.m2/repository/org/codehaus/jackson/jackson-mapper-asl/1.9.13/jackson-mapper-asl-1.9.13.jar:/home/user/.m2/repository/org/codehaus/jackson/jackson-jaxrs/1.9.13/jackson-jaxrs-1.9.13.jar:/home/user/.m2/repository/org/codehaus/jackson/jackson-xc/1.9.13/jackson-xc-1.9.13.jar:/home/user/.m2/repository/commons-logging/commons-logging/1.1.3/commons-logging-1.1.3.jar:/home/user/.m2/repository/commons-beanutils/commons-beanutils/1.9.4/commons-beanutils-1.9.4.jar:/home/user/.m2/repository/org/apache/commons/commons-configuration2/2.1.1/commons-configuration2-2.1.1.jar:/home/user/.m2/repository/org/apache/commons/commons-lang3/3.7/commons-lang3-3.7.jar:/home/user/.m2/repository/org/apache/commons/commons-text/1.4/commons-text-1.4.jar:/home/user/.m2/repository/org/apache/avro/avro/1.7.7/avro-1.7.7.jar:/home/user/.m2/repository/com/thoughtworks/paranamer/paranamer/2.3/paranamer-2.3.jar:/home/user/.m2/repository/org/xerial/snappy/snappy-java/1.0.5/snappy-java-1.0.5.jar:/home/user/.m2/repository/com/google/re2j/re2j/1.1/re2j-1.1.jar:/home/user/.m2/repository/com/google/code/gson/gson/2.2.4/gson-2.2.4.jar:/home/user/.m2/repository/com/jcraft/jsch/0.1.54/jsch-0.1.54.jar:/home/user/.m2/repository/org/apache/curator/curator-client/2.12.0/curator-client-2.12.0.jar:/home/user/.m2/repository/org/apache/curator/curator-recipes/2.12.0/curator-recipes-2.12.0.jar:/home/user/.m2/repository/com/google/code/findbugs/jsr305/3.0.0/jsr305-3.0.0.jar:/home/user/.m2/repository/org/apache/htrace/htrace-core4/4.1.0-incubating/htrace-core4-4.1.0-incubating.jar:/home/user/.m2/repository/org/apache/zookeeper/zookeeper/3.4.13/zookeeper-3.4.13.jar:/home/user/.m2/repository/jline/jline/0.9.94/jline-0.9.94.jar:/home/user/.m2/repository/org/apache/yetus/audience-annotations/0.5.0/audience-annotations-0.5.0.jar:/home/user/.m2/repository/org/codehaus/woodstox/stax2-api/3.1.4/stax2-api-3.1.4.jar:/home/user/.m2/repository/com/fasterxml/woodstox/woodstox-core/5.0.3/woodstox-core-5.0.3.jar:/home/user/.m2/repository/dnsjava/dnsjava/2.1.7/dnsjava-2.1.7.jar:/home/user/.m2/repository/org/apache/hadoop/hadoop-hdfs/3.2.0/hadoop-hdfs-3.2.0-tests.jar:/home/user/.m2/repository/org/eclipse/jetty/jetty-util-ajax/9.3.25.v20180904/jetty-util-ajax-9.3.25.v20180904.jar:/home/user/.m2/repository/commons-daemon/commons-daemon/1.0.13/commons-daemon-1.0.13.jar:/home/user/.m2/repository/io/netty/netty/3.10.5.Final/netty-3.10.5.Final.jar:/home/user/.m2/repository/io/netty/netty-all/4.0.52.Final/netty-all-4.0.52.Final.jar:/home/user/.m2/repository/org/fusesource/leveldbjni/leveldbjni-all/1.8/leveldbjni-all-1.8.jar:"/>
    <property name="java.vm.vendor" value="IcedTea"/>
    <property name="sun.arch.data.model" value="64"/>
    <property name="test.build.dir" value="/workdir/hadoop-ozone/integration-test/target/test-dir"/>
    <property name="test.cache.data" value=""/>
    <property name="java.vendor.url" value="https://icedtea.classpath.org"/>
    <property name="user.timezone" value=""/>
    <property name="java.vm.specification.version" value="1.8"/>
    <property name="os.name" value="Linux"/>
    <property name="test.build.data" value="/workdir/hadoop-ozone/integration-test/target/test-dir"/>
    <property name="user.country" value="US"/>
    <property name="sun.java.launcher" value="SUN_STANDARD"/>
    <property name="sun.boot.library.path" value="/usr/lib/jvm/java-1.8-openjdk/jre/lib/amd64"/>
    <property name="sun.java.command" value="/workdir/hadoop-ozone/integration-test/target/surefire/surefirebooter4539459823295114907.jar /workdir/hadoop-ozone/integration-test/target/surefire 2019-09-25T04-13-15_280-jvmRun1 surefire8101138927315895895tmp surefire_843703102730241596409tmp"/>
    <property name="test" value="!TestMiniChaosOzoneCluster"/>
    <property name="surefire.test.class.path" value="/workdir/hadoop-ozone/integration-test/target/test-classes:/workdir/hadoop-ozone/integration-test/target/classes:/home/user/.m2/repository/org/apache/hadoop/hadoop-ozone-common/0.5.0-SNAPSHOT/hadoop-ozone-common-0.5.0-SNAPSHOT.jar:/home/user/.m2/repository/org/apache/commons/commons-compress/1.4.1/commons-compress-1.4.1.jar:/home/user/.m2/repository/org/tukaani/xz/1.0/xz-1.0.jar:/home/user/.m2/repository/org/apache/hadoop/hadoop-common/3.2.0/hadoop-common-3.2.0.jar:/home/user/.m2/repository/org/apache/hadoop/hadoop-hdfs/3.2.0/hadoop-hdfs-3.2.0.jar:/home/user/.m2/repository/org/apache/hadoop/hadoop-hdfs-client/3.2.0/hadoop-hdfs-client-3.2.0.jar:/home/user/.m2/repository/com/fasterxml/jackson/core/jackson-annotations/2.9.9/jackson-annotations-2.9.9.jar:/home/user/.m2/repository/org/apache/hadoop/hadoop-hdds-common/0.5.0-SNAPSHOT/hadoop-hdds-common-0.5.0-SNAPSHOT.jar:/home/user/.m2/repository/javax/annotation/javax.annotation-api/1.2/javax.annotation-api-1.2.jar:/home/user/.m2/repository/org/apache/ratis/ratis-server/0.4.0/ratis-server-0.4.0.jar:/home/user/.m2/repository/org/apache/ratis/ratis-thirdparty-misc/0.2.0/ratis-thirdparty-misc-0.2.0.jar:/home/user/.m2/repository/org/apache/ratis/ratis-proto/0.4.0/ratis-proto-0.4.0.jar:/home/user/.m2/repository/org/apache/ratis/ratis-common/0.4.0/ratis-common-0.4.0.jar:/home/user/.m2/repository/org/apache/ratis/ratis-client/0.4.0/ratis-client-0.4.0.jar:/home/user/.m2/repository/org/apache/ratis/ratis-metrics/0.4.0/ratis-metrics-0.4.0.jar:/home/user/.m2/repository/com/github/joshelser/dropwizard-metrics-hadoop-metrics2-reporter/0.1.2/dropwizard-metrics-hadoop-metrics2-reporter-0.1.2.jar:/home/user/.m2/repository/io/dropwizard/metrics/metrics-jvm/3.2.5/metrics-jvm-3.2.5.jar:/home/user/.m2/repository/io/dropwizard/metrics/metrics-ganglia/3.2.5/metrics-ganglia-3.2.5.jar:/home/user/.m2/repository/info/ganglia/gmetric4j/gmetric4j/1.0.7/gmetric4j-1.0.7.jar:/home/user/.m2/repository/org/apache/ratis/ratis-netty/0.4.0/ratis-netty-0.4.0.jar:/home/user/.m2/repository/org/apache/ratis/ratis-grpc/0.4.0/ratis-grpc-0.4.0.jar:/home/user/.m2/repository/org/rocksdb/rocksdbjni/6.0.1/rocksdbjni-6.0.1.jar:/home/user/.m2/repository/org/apache/logging/log4j/log4j-api/2.11.0/log4j-api-2.11.0.jar:/home/user/.m2/repository/org/apache/logging/log4j/log4j-core/2.11.0/log4j-core-2.11.0.jar:/home/user/.m2/repository/com/lmax/disruptor/3.4.2/disruptor-3.4.2.jar:/home/user/.m2/repository/org/apache/commons/commons-pool2/2.6.0/commons-pool2-2.6.0.jar:/home/user/.m2/repository/org/bouncycastle/bcpkix-jdk15on/1.60/bcpkix-jdk15on-1.60.jar:/home/user/.m2/repository/commons-validator/commons-validator/1.6/commons-validator-1.6.jar:/home/user/.m2/repository/commons-digester/commons-digester/1.8.1/commons-digester-1.8.1.jar:/home/user/.m2/repository/io/jaegertracing/jaeger-client/0.34.0/jaeger-client-0.34.0.jar:/home/user/.m2/repository/io/jaegertracing/jaeger-thrift/0.34.0/jaeger-thrift-0.34.0.jar:/home/user/.m2/repository/org/apache/thrift/libthrift/0.12.0/libthrift-0.12.0.jar:/home/user/.m2/repository/com/squareup/okhttp3/okhttp/3.9.0/okhttp-3.9.0.jar:/home/user/.m2/repository/com/squareup/okio/okio/1.13.0/okio-1.13.0.jar:/home/user/.m2/repository/io/jaegertracing/jaeger-core/0.34.0/jaeger-core-0.34.0.jar:/home/user/.m2/repository/io/jaegertracing/jaeger-tracerresolver/0.34.0/jaeger-tracerresolver-0.34.0.jar:/home/user/.m2/repository/io/opentracing/contrib/opentracing-tracerresolver/0.1.5/opentracing-tracerresolver-0.1.5.jar:/home/user/.m2/repository/io/opentracing/opentracing-util/0.31.0/opentracing-util-0.31.0.jar:/home/user/.m2/repository/io/opentracing/opentracing-api/0.31.0/opentracing-api-0.31.0.jar:/home/user/.m2/repository/io/opentracing/opentracing-noop/0.31.0/opentracing-noop-0.31.0.jar:/home/user/.m2/repository/org/apache/hadoop/hadoop-hdds-server-framework/0.5.0-SNAPSHOT/hadoop-hdds-server-framework-0.5.0-SNAPSHOT.jar:/home/user/.m2/repository/org/apache/hadoop/hadoop-hdds-container-service/0.5.0-SNAPSHOT/hadoop-hdds-container-service-0.5.0-SNAPSHOT.jar:/home/user/.m2/repository/org/apache/hadoop/hadoop-hdds-client/0.5.0-SNAPSHOT/hadoop-hdds-client-0.5.0-SNAPSHOT.jar:/home/user/.m2/repository/org/apache/hadoop/hadoop-hdds-tools/0.5.0-SNAPSHOT/hadoop-hdds-tools-0.5.0-SNAPSHOT.jar:/home/user/.m2/repository/org/apache/hadoop/hadoop-hdds-server-scm/0.5.0-SNAPSHOT/hadoop-hdds-server-scm-0.5.0-SNAPSHOT.jar:/home/user/.m2/repository/org/apache/hadoop/hadoop-hdds-docs/0.5.0-SNAPSHOT/hadoop-hdds-docs-0.5.0-SNAPSHOT.jar:/home/user/.m2/repository/io/dropwizard/metrics/metrics-core/3.2.4/metrics-core-3.2.4.jar:/home/user/.m2/repository/org/hamcrest/hamcrest-all/1.3/hamcrest-all-1.3.jar:/home/user/.m2/repository/org/bouncycastle/bcprov-jdk15on/1.60/bcprov-jdk15on-1.60.jar:/home/user/.m2/repository/info/picocli/picocli/3.9.6/picocli-3.9.6.jar:/home/user/.m2/repository/com/google/protobuf/protobuf-java/2.5.0/protobuf-java-2.5.0.jar:/home/user/.m2/repository/com/google/guava/guava/11.0.2/guava-11.0.2.jar:/home/user/.m2/repository/org/apache/hadoop/hadoop-ozone-ozone-manager/0.5.0-SNAPSHOT/hadoop-ozone-ozone-manager-0.5.0-SNAPSHOT.jar:/home/user/.m2/repository/org/apache/hadoop/hadoop-minikdc/3.2.0/hadoop-minikdc-3.2.0.jar:/home/user/.m2/repository/commons-io/commons-io/2.5/commons-io-2.5.jar:/home/user/.m2/repository/org/apache/kerby/kerb-simplekdc/1.0.1/kerb-simplekdc-1.0.1.jar:/home/user/.m2/repository/org/apache/kerby/kerb-client/1.0.1/kerb-client-1.0.1.jar:/home/user/.m2/repository/org/apache/kerby/kerby-config/1.0.1/kerby-config-1.0.1.jar:/home/user/.m2/repository/org/apache/kerby/kerb-core/1.0.1/kerb-core-1.0.1.jar:/home/user/.m2/repository/org/apache/kerby/kerby-pkix/1.0.1/kerby-pkix-1.0.1.jar:/home/user/.m2/repository/org/apache/kerby/kerby-asn1/1.0.1/kerby-asn1-1.0.1.jar:/home/user/.m2/repository/org/apache/kerby/kerby-util/1.0.1/kerby-util-1.0.1.jar:/home/user/.m2/repository/org/apache/kerby/kerb-common/1.0.1/kerb-common-1.0.1.jar:/home/user/.m2/repository/org/apache/kerby/kerb-crypto/1.0.1/kerb-crypto-1.0.1.jar:/home/user/.m2/repository/org/apache/kerby/kerb-util/1.0.1/kerb-util-1.0.1.jar:/home/user/.m2/repository/org/apache/kerby/token-provider/1.0.1/token-provider-1.0.1.jar:/home/user/.m2/repository/org/apache/kerby/kerb-admin/1.0.1/kerb-admin-1.0.1.jar:/home/user/.m2/repository/org/apache/kerby/kerb-server/1.0.1/kerb-server-1.0.1.jar:/home/user/.m2/repository/org/apache/kerby/kerb-identity/1.0.1/kerb-identity-1.0.1.jar:/home/user/.m2/repository/org/apache/kerby/kerby-xdr/1.0.1/kerby-xdr-1.0.1.jar:/home/user/.m2/repository/org/slf4j/slf4j-log4j12/1.7.25/slf4j-log4j12-1.7.25.jar:/home/user/.m2/repository/org/apache/hadoop/hadoop-ozone-s3gateway/0.5.0-SNAPSHOT/hadoop-ozone-s3gateway-0.5.0-SNAPSHOT.jar:/home/user/.m2/repository/org/jboss/weld/servlet/weld-servlet/2.4.7.Final/weld-servlet-2.4.7.Final.jar:/home/user/.m2/repository/org/glassfish/jersey/containers/jersey-container-servlet-core/2.27/jersey-container-servlet-core-2.27.jar:/home/user/.m2/repository/org/glassfish/hk2/external/javax.inject/2.5.0-b42/javax.inject-2.5.0-b42.jar:/home/user/.m2/repository/org/glassfish/jersey/core/jersey-common/2.27/jersey-common-2.27.jar:/home/user/.m2/repository/org/glassfish/hk2/osgi-resource-locator/1.0.1/osgi-resource-locator-1.0.1.jar:/home/user/.m2/repository/javax/ws/rs/javax.ws.rs-api/2.1/javax.ws.rs-api-2.1.jar:/home/user/.m2/repository/org/glassfish/jersey/ext/cdi/jersey-cdi1x/2.27/jersey-cdi1x-2.27.jar:/home/user/.m2/repository/org/glassfish/jersey/inject/jersey-hk2/2.27/jersey-hk2-2.27.jar:/home/user/.m2/repository/org/glassfish/hk2/hk2-locator/2.5.0-b42/hk2-locator-2.5.0-b42.jar:/home/user/.m2/repository/org/javassist/javassist/3.22.0-CR2/javassist-3.22.0-CR2.jar:/home/user/.m2/repository/org/glassfish/hk2/hk2-api/2.5.0/hk2-api-2.5.0.jar:/home/user/.m2/repository/org/glassfish/hk2/external/jakarta.inject/2.5.0/jakarta.inject-2.5.0.jar:/home/user/.m2/repository/org/glassfish/hk2/hk2-utils/2.5.0/hk2-utils-2.5.0.jar:/home/user/.m2/repository/jakarta/annotation/jakarta.annotation-api/1.3.4/jakarta.annotation-api-1.3.4.jar:/home/user/.m2/repository/org/glassfish/hk2/external/aopalliance-repackaged/2.5.0/aopalliance-repackaged-2.5.0.jar:/home/user/.m2/repository/com/fasterxml/jackson/dataformat/jackson-dataformat-xml/2.9.0/jackson-dataformat-xml-2.9.0.jar:/home/user/.m2/repository/com/fasterxml/jackson/core/jackson-core/2.9.9/jackson-core-2.9.9.jar:/home/user/.m2/repository/com/fasterxml/jackson/module/jackson-module-jaxb-annotations/2.9.9/jackson-module-jaxb-annotations-2.9.9.jar:/home/user/.m2/repository/javax/enterprise/cdi-api/1.2/cdi-api-1.2.jar:/home/user/.m2/repository/javax/el/javax.el-api/3.0.0/javax.el-api-3.0.0.jar:/home/user/.m2/repository/javax/interceptor/javax.interceptor-api/1.2/javax.interceptor-api-1.2.jar:/home/user/.m2/repository/javax/inject/javax.inject/1/javax.inject-1.jar:/home/user/.m2/repository/com/sun/xml/bind/jaxb-impl/2.3.0.1/jaxb-impl-2.3.0.1.jar:/home/user/.m2/repository/com/sun/xml/bind/jaxb-core/2.3.0.1/jaxb-core-2.3.0.1.jar:/home/user/.m2/repository/javax/xml/bind/jaxb-api/2.3.0/jaxb-api-2.3.0.jar:/home/user/.m2/repository/javax/activation/activation/1.1.1/activation-1.1.1.jar:/home/user/.m2/repository/org/apache/hadoop/hadoop-ozone-csi/0.5.0-SNAPSHOT/hadoop-ozone-csi-0.5.0-SNAPSHOT.jar:/home/user/.m2/repository/com/google/protobuf/protobuf-java-util/3.5.1/protobuf-java-util-3.5.1.jar:/home/user/.m2/repository/org/apache/hadoop/hadoop-hdds-config/0.5.0-SNAPSHOT/hadoop-hdds-config-0.5.0-SNAPSHOT.jar:/home/user/.m2/repository/io/grpc/grpc-netty/1.17.1/grpc-netty-1.17.1.jar:/home/user/.m2/repository/io/grpc/grpc-core/1.17.1/grpc-core-1.17.1.jar:/home/user/.m2/repository/io/grpc/grpc-context/1.17.1/grpc-context-1.17.1.jar:/home/user/.m2/repository/com/google/errorprone/error_prone_annotations/2.2.0/error_prone_annotations-2.2.0.jar:/home/user/.m2/repository/org/codehaus/mojo/animal-sniffer-annotations/1.17/animal-sniffer-annotations-1.17.jar:/home/user/.m2/repository/io/opencensus/opencensus-api/0.17.0/opencensus-api-0.17.0.jar:/home/user/.m2/repository/io/opencensus/opencensus-contrib-grpc-metrics/0.17.0/opencensus-contrib-grpc-metrics-0.17.0.jar:/home/user/.m2/repository/io/netty/netty-codec-http2/4.1.30.Final/netty-codec-http2-4.1.30.Final.jar:/home/user/.m2/repository/io/netty/netty-codec-http/4.1.30.Final/netty-codec-http-4.1.30.Final.jar:/home/user/.m2/repository/io/netty/netty-codec/4.1.30.Final/netty-codec-4.1.30.Final.jar:/home/user/.m2/repository/io/netty/netty-handler/4.1.30.Final/netty-handler-4.1.30.Final.jar:/home/user/.m2/repository/io/netty/netty-handler-proxy/4.1.30.Final/netty-handler-proxy-4.1.30.Final.jar:/home/user/.m2/repository/io/netty/netty-codec-socks/4.1.30.Final/netty-codec-socks-4.1.30.Final.jar:/home/user/.m2/repository/io/netty/netty-transport-native-epoll/4.1.30.Final/netty-transport-native-epoll-4.1.30.Final.jar:/home/user/.m2/repository/io/netty/netty-common/4.1.30.Final/netty-common-4.1.30.Final.jar:/home/user/.m2/repository/io/netty/netty-buffer/4.1.30.Final/netty-buffer-4.1.30.Final.jar:/home/user/.m2/repository/io/netty/netty-transport/4.1.30.Final/netty-transport-4.1.30.Final.jar:/home/user/.m2/repository/io/netty/netty-resolver/4.1.30.Final/netty-resolver-4.1.30.Final.jar:/home/user/.m2/repository/io/netty/netty-transport-native-unix-common/4.1.30.Final/netty-transport-native-unix-common-4.1.30.Final.jar:/home/user/.m2/repository/io/grpc/grpc-protobuf/1.17.1/grpc-protobuf-1.17.1.jar:/home/user/.m2/repository/com/google/api/grpc/proto-google-common-protos/1.0.0/proto-google-common-protos-1.0.0.jar:/home/user/.m2/repository/io/grpc/grpc-protobuf-lite/1.17.1/grpc-protobuf-lite-1.17.1.jar:/home/user/.m2/repository/io/grpc/grpc-stub/1.17.1/grpc-stub-1.17.1.jar:/home/user/.m2/repository/org/apache/hadoop/hadoop-ozone-recon/0.5.0-SNAPSHOT/hadoop-ozone-recon-0.5.0-SNAPSHOT.jar:/home/user/.m2/repository/org/apache/hadoop/hadoop-ozone-reconcodegen/0.5.0-SNAPSHOT/hadoop-ozone-reconcodegen-0.5.0-SNAPSHOT.jar:/home/user/.m2/repository/com/google/inject/extensions/guice-multibindings/4.0/guice-multibindings-4.0.jar:/home/user/.m2/repository/com/google/inject/guice/4.0/guice-4.0.jar:/home/user/.m2/repository/aopalliance/aopalliance/1.0/aopalliance-1.0.jar:/home/user/.m2/repository/com/google/inject/extensions/guice-servlet/4.0/guice-servlet-4.0.jar:/home/user/.m2/repository/org/glassfish/jersey/containers/jersey-container-servlet/2.27/jersey-container-servlet-2.27.jar:/home/user/.m2/repository/org/glassfish/hk2/guice-bridge/2.5.0/guice-bridge-2.5.0.jar:/home/user/.m2/repository/org/glassfish/jersey/core/jersey-server/2.27/jersey-server-2.27.jar:/home/user/.m2/repository/org/glassfish/jersey/core/jersey-client/2.27/jersey-client-2.27.jar:/home/user/.m2/repository/org/glassfish/jersey/media/jersey-media-jaxb/2.27/jersey-media-jaxb-2.27.jar:/home/user/.m2/repository/javax/validation/validation-api/1.1.0.Final/validation-api-1.1.0.Final.jar:/home/user/.m2/repository/org/glassfish/jersey/media/jersey-media-json-jackson/2.27/jersey-media-json-jackson-2.27.jar:/home/user/.m2/repository/org/glassfish/jersey/ext/jersey-entity-filtering/2.27/jersey-entity-filtering-2.27.jar:/home/user/.m2/repository/com/google/inject/extensions/guice-assistedinject/4.0/guice-assistedinject-4.0.jar:/home/user/.m2/repository/org/jooq/jooq/3.11.10/jooq-3.11.10.jar:/home/user/.m2/repository/org/jooq/jooq-meta/3.11.10/jooq-meta-3.11.10.jar:/home/user/.m2/repository/org/jooq/jooq-codegen/3.11.10/jooq-codegen-3.11.10.jar:/home/user/.m2/repository/com/jolbox/bonecp/0.8.0.RELEASE/bonecp-0.8.0.RELEASE.jar:/home/user/.m2/repository/org/xerial/sqlite-jdbc/3.25.2/sqlite-jdbc-3.25.2.jar:/home/user/.m2/repository/org/springframework/spring-jdbc/5.1.3.RELEASE/spring-jdbc-5.1.3.RELEASE.jar:/home/user/.m2/repository/org/springframework/spring-beans/5.1.3.RELEASE/spring-beans-5.1.3.RELEASE.jar:/home/user/.m2/repository/org/springframework/spring-core/5.1.3.RELEASE/spring-core-5.1.3.RELEASE.jar:/home/user/.m2/repository/org/springframework/spring-jcl/5.1.3.RELEASE/spring-jcl-5.1.3.RELEASE.jar:/home/user/.m2/repository/org/springframework/spring-tx/5.1.3.RELEASE/spring-tx-5.1.3.RELEASE.jar:/home/user/.m2/repository/org/apache/hadoop/hadoop-ozone-client/0.5.0-SNAPSHOT/hadoop-ozone-client-0.5.0-SNAPSHOT.jar:/home/user/.m2/repository/commons-lang/commons-lang/2.6/commons-lang-2.6.jar:/home/user/.m2/repository/org/apache/hadoop/hadoop-ozone-ozone-manager/0.5.0-SNAPSHOT/hadoop-ozone-ozone-manager-0.5.0-SNAPSHOT-tests.jar:/home/user/.m2/repository/junit/junit/4.11/junit-4.11.jar:/home/user/.m2/repository/org/hamcrest/hamcrest-core/1.3/hamcrest-core-1.3.jar:/home/user/.m2/repository/org/openjdk/jmh/jmh-core/1.19/jmh-core-1.19.jar:/home/user/.m2/repository/net/sf/jopt-simple/jopt-simple/4.6/jopt-simple-4.6.jar:/home/user/.m2/repository/org/apache/commons/commons-math3/3.1.1/commons-math3-3.1.1.jar:/home/user/.m2/repository/org/openjdk/jmh/jmh-generator-annprocess/1.19/jmh-generator-annprocess-1.19.jar:/home/user/.m2/repository/org/mockito/mockito-all/1.8.5/mockito-all-1.8.5.jar:/home/user/.m2/repository/org/apache/hadoop/hadoop-kms/3.2.0/hadoop-kms-3.2.0.jar:/home/user/.m2/repository/org/apache/hadoop/hadoop-auth/3.2.0/hadoop-auth-3.2.0.jar:/home/user/.m2/repository/com/nimbusds/nimbus-jose-jwt/4.41.1/nimbus-jose-jwt-4.41.1.jar:/home/user/.m2/repository/com/github/stephenc/jcip/jcip-annotations/1.0-1/jcip-annotations-1.0-1.jar:/home/user/.m2/repository/net/minidev/json-smart/2.3/json-smart-2.3.jar:/home/user/.m2/repository/net/minidev/accessors-smart/1.2/accessors-smart-1.2.jar:/home/user/.m2/repository/org/ow2/asm/asm/5.0.4/asm-5.0.4.jar:/home/user/.m2/repository/org/apache/curator/curator-framework/2.12.0/curator-framework-2.12.0.jar:/home/user/.m2/repository/com/sun/jersey/jersey-core/1.19/jersey-core-1.19.jar:/home/user/.m2/repository/javax/ws/rs/jsr311-api/1.1.1/jsr311-api-1.1.1.jar:/home/user/.m2/repository/com/sun/jersey/jersey-server/1.19/jersey-server-1.19.jar:/home/user/.m2/repository/javax/servlet/javax.servlet-api/3.1.0/javax.servlet-api-3.1.0.jar:/home/user/.m2/repository/org/eclipse/jetty/jetty-server/9.3.25.v20180904/jetty-server-9.3.25.v20180904.jar:/home/user/.m2/repository/org/eclipse/jetty/jetty-http/9.3.25.v20180904/jetty-http-9.3.25.v20180904.jar:/home/user/.m2/repository/org/eclipse/jetty/jetty-io/9.3.25.v20180904/jetty-io-9.3.25.v20180904.jar:/home/user/.m2/repository/org/eclipse/jetty/jetty-webapp/9.3.25.v20180904/jetty-webapp-9.3.25.v20180904.jar:/home/user/.m2/repository/org/eclipse/jetty/jetty-xml/9.3.25.v20180904/jetty-xml-9.3.25.v20180904.jar:/home/user/.m2/repository/log4j/log4j/1.2.17/log4j-1.2.17.jar:/home/user/.m2/repository/org/slf4j/slf4j-api/1.7.25/slf4j-api-1.7.25.jar:/home/user/.m2/repository/org/slf4j/jul-to-slf4j/1.7.25/jul-to-slf4j-1.7.25.jar:/home/user/.m2/repository/org/eclipse/jetty/jetty-util/9.3.25.v20180904/jetty-util-9.3.25.v20180904.jar:/home/user/.m2/repository/com/fasterxml/jackson/core/jackson-databind/2.9.9/jackson-databind-2.9.9.jar:/home/user/.m2/repository/org/apache/hadoop/hadoop-kms/3.2.0/hadoop-kms-3.2.0-tests.jar:/home/user/.m2/repository/org/apache/hadoop/hadoop-hdds-server-scm/0.5.0-SNAPSHOT/hadoop-hdds-server-scm-0.5.0-SNAPSHOT-tests.jar:/home/user/.m2/repository/org/apache/hadoop/hadoop-hdds-container-service/0.5.0-SNAPSHOT/hadoop-hdds-container-service-0.5.0-SNAPSHOT-tests.jar:/home/user/.m2/repository/org/yaml/snakeyaml/1.16/snakeyaml-1.16.jar:/home/user/.m2/repository/org/apache/hadoop/hadoop-common/3.2.0/hadoop-common-3.2.0-tests.jar:/home/user/.m2/repository/org/apache/hadoop/hadoop-annotations/3.2.0/hadoop-annotations-3.2.0.jar:/usr/lib/jvm/java-1.8-openjdk/jre/../lib/tools.jar:/home/user/.m2/repository/commons-cli/commons-cli/1.2/commons-cli-1.2.jar:/home/user/.m2/repository/org/apache/httpcomponents/httpclient/4.5.2/httpclient-4.5.2.jar:/home/user/.m2/repository/org/apache/httpcomponents/httpcore/4.4.4/httpcore-4.4.4.jar:/home/user/.m2/repository/commons-codec/commons-codec/1.11/commons-codec-1.11.jar:/home/user/.m2/repository/commons-net/commons-net/3.6/commons-net-3.6.jar:/home/user/.m2/repository/commons-collections/commons-collections/3.2.2/commons-collections-3.2.2.jar:/home/user/.m2/repository/org/eclipse/jetty/jetty-servlet/9.3.25.v20180904/jetty-servlet-9.3.25.v20180904.jar:/home/user/.m2/repository/org/eclipse/jetty/jetty-security/9.3.25.v20180904/jetty-security-9.3.25.v20180904.jar:/home/user/.m2/repository/javax/servlet/jsp/jsp-api/2.1/jsp-api-2.1.jar:/home/user/.m2/repository/com/sun/jersey/jersey-servlet/1.19/jersey-servlet-1.19.jar:/home/user/.m2/repository/com/sun/jersey/jersey-json/1.19/jersey-json-1.19.jar:/home/user/.m2/repository/org/codehaus/jettison/jettison/1.1/jettison-1.1.jar:/home/user/.m2/repository/org/codehaus/jackson/jackson-core-asl/1.9.13/jackson-core-asl-1.9.13.jar:/home/user/.m2/repository/org/codehaus/jackson/jackson-mapper-asl/1.9.13/jackson-mapper-asl-1.9.13.jar:/home/user/.m2/repository/org/codehaus/jackson/jackson-jaxrs/1.9.13/jackson-jaxrs-1.9.13.jar:/home/user/.m2/repository/org/codehaus/jackson/jackson-xc/1.9.13/jackson-xc-1.9.13.jar:/home/user/.m2/repository/commons-logging/commons-logging/1.1.3/commons-logging-1.1.3.jar:/home/user/.m2/repository/commons-beanutils/commons-beanutils/1.9.4/commons-beanutils-1.9.4.jar:/home/user/.m2/repository/org/apache/commons/commons-configuration2/2.1.1/commons-configuration2-2.1.1.jar:/home/user/.m2/repository/org/apache/commons/commons-lang3/3.7/commons-lang3-3.7.jar:/home/user/.m2/repository/org/apache/commons/commons-text/1.4/commons-text-1.4.jar:/home/user/.m2/repository/org/apache/avro/avro/1.7.7/avro-1.7.7.jar:/home/user/.m2/repository/com/thoughtworks/paranamer/paranamer/2.3/paranamer-2.3.jar:/home/user/.m2/repository/org/xerial/snappy/snappy-java/1.0.5/snappy-java-1.0.5.jar:/home/user/.m2/repository/com/google/re2j/re2j/1.1/re2j-1.1.jar:/home/user/.m2/repository/com/google/code/gson/gson/2.2.4/gson-2.2.4.jar:/home/user/.m2/repository/com/jcraft/jsch/0.1.54/jsch-0.1.54.jar:/home/user/.m2/repository/org/apache/curator/curator-client/2.12.0/curator-client-2.12.0.jar:/home/user/.m2/repository/org/apache/curator/curator-recipes/2.12.0/curator-recipes-2.12.0.jar:/home/user/.m2/repository/com/google/code/findbugs/jsr305/3.0.0/jsr305-3.0.0.jar:/home/user/.m2/repository/org/apache/htrace/htrace-core4/4.1.0-incubating/htrace-core4-4.1.0-incubating.jar:/home/user/.m2/repository/org/apache/zookeeper/zookeeper/3.4.13/zookeeper-3.4.13.jar:/home/user/.m2/repository/jline/jline/0.9.94/jline-0.9.94.jar:/home/user/.m2/repository/org/apache/yetus/audience-annotations/0.5.0/audience-annotations-0.5.0.jar:/home/user/.m2/repository/org/codehaus/woodstox/stax2-api/3.1.4/stax2-api-3.1.4.jar:/home/user/.m2/repository/com/fasterxml/woodstox/woodstox-core/5.0.3/woodstox-core-5.0.3.jar:/home/user/.m2/repository/dnsjava/dnsjava/2.1.7/dnsjava-2.1.7.jar:/home/user/.m2/repository/org/apache/hadoop/hadoop-hdfs/3.2.0/hadoop-hdfs-3.2.0-tests.jar:/home/user/.m2/repository/org/eclipse/jetty/jetty-util-ajax/9.3.25.v20180904/jetty-util-ajax-9.3.25.v20180904.jar:/home/user/.m2/repository/commons-daemon/commons-daemon/1.0.13/commons-daemon-1.0.13.jar:/home/user/.m2/repository/io/netty/netty/3.10.5.Final/netty-3.10.5.Final.jar:/home/user/.m2/repository/io/netty/netty-all/4.0.52.Final/netty-all-4.0.52.Final.jar:/home/user/.m2/repository/org/fusesource/leveldbjni/leveldbjni-all/1.8/leveldbjni-all-1.8.jar:"/>
    <property name="sun.cpu.endian" value="little"/>
    <property name="user.home" value="/home/user"/>
    <property name="user.language" value="en"/>
    <property name="java.specification.vendor" value="Oracle Corporation"/>
    <property name="java.home" value="/usr/lib/jvm/java-1.8-openjdk/jre"/>
    <property name="java.security.krb5.conf" value="/workdir/hadoop-ozone/integration-test/target/test-classes/krb5.conf"/>
    <property name="basedir" value="/workdir/hadoop-ozone/integration-test"/>
    <property name="file.separator" value="/"/>
    <property name="line.separator" value="&#10;"/>
    <property name="java.vm.specification.vendor" value="Oracle Corporation"/>
    <property name="java.specification.name" value="Java Platform API Specification"/>
    <property name="java.awt.graphicsenv" value="sun.awt.X11GraphicsEnvironment"/>
    <property name="surefire.real.class.path" value="/workdir/hadoop-ozone/integration-test/target/surefire/surefirebooter4539459823295114907.jar"/>
    <property name="hadoop.log.dir" value="/workdir/hadoop-ozone/integration-test/target/log"/>
    <property name="sun.boot.class.path" value="/usr/lib/jvm/java-1.8-openjdk/jre/lib/resources.jar:/usr/lib/jvm/java-1.8-openjdk/jre/lib/rt.jar:/usr/lib/jvm/java-1.8-openjdk/jre/lib/sunrsasign.jar:/usr/lib/jvm/java-1.8-openjdk/jre/lib/jsse.jar:/usr/lib/jvm/java-1.8-openjdk/jre/lib/jce.jar:/usr/lib/jvm/java-1.8-openjdk/jre/lib/charsets.jar:/usr/lib/jvm/java-1.8-openjdk/jre/lib/jfr.jar:/usr/lib/jvm/java-1.8-openjdk/jre/classes"/>
    <property name="sun.management.compiler" value="HotSpot 64-Bit Tiered Compilers"/>
    <property name="java.runtime.version" value="1.8.0_212-b04"/>
    <property name="java.net.preferIPv4Stack" value="true"/>
    <property name="user.name" value="jenkins1000"/>
    <property name="path.separator" value=":"/>
    <property name="java.security.egd" value="file:///dev/urandom"/>
    <property name="os.version" value="3.10.0-957.12.2.el7.x86_64"/>
    <property name="java.endorsed.dirs" value="/usr/lib/jvm/java-1.8-openjdk/jre/lib/endorsed"/>
    <property name="java.runtime.name" value="OpenJDK Runtime Environment"/>
    <property name="file.encoding" value="UTF-8"/>
    <property name="java.vm.name" value="OpenJDK 64-Bit Server VM"/>
    <property name="test.build.webapps" value=""/>
    <property name="localRepository" value="/home/user/.m2/repository"/>
    <property name="java.vendor.url.bug" value="https://icedtea.classpath.org/bugzilla"/>
    <property name="java.io.tmpdir" value="/tmp"/>
    <property name="require.test.libhadoop" value=""/>
    <property name="java.version" value="1.8.0_212"/>
    <property name="user.dir" value="/workdir/hadoop-ozone/integration-test"/>
    <property name="os.arch" value="amd64"/>
    <property name="java.vm.specification.name" value="Java Virtual Machine Specification"/>
    <property name="test.build.classes" value="/workdir/hadoop-ozone/integration-test/target/test-classes"/>
    <property name="java.awt.printerjob" value="sun.print.PSPrinterJob"/>
    <property name="sun.os.patch.level" value="unknown"/>
    <property name="hadoop.tmp.dir" value="/workdir/hadoop-ozone/integration-test/target/tmp"/>
    <property name="java.library.path" value="/usr/lib/jvm/java-1.8-openjdk/jre/lib/amd64/server:/usr/lib/jvm/java-1.8-openjdk/jre/lib/amd64:/usr/lib/jvm/java-1.8-openjdk/jre/../lib/amd64:/workdir/hadoop-ozone/integration-test/target/native/target/usr/local/lib:/workdir/hadoop-ozone/integration-test/../../hadoop-common-project/hadoop-common/target/native/target/usr/local/lib:/usr/java/packages/lib/amd64:/usr/lib64:/lib64:/lib:/usr/lib"/>
    <property name="java.vm.info" value="mixed mode"/>
    <property name="java.vendor" value="IcedTea"/>
    <property name="java.vm.version" value="25.212-b04"/>
    <property name="java.ext.dirs" value="/usr/lib/jvm/java-1.8-openjdk/jre/lib/ext:/usr/java/packages/lib/ext"/>
    <property name="sun.io.unicode.encoding" value="UnicodeLittle"/>
    <property name="java.class.version" value="52.0"/>
  </properties>
  <testcase name="testPipelineMap" classname="org.apache.hadoop.hdds.scm.pipeline.TestNode2PipelineMap" time="28.216">
    <error message="Could not allocate container. Cannot get any matching pipeline for Type:RATIS, Factor:THREE, State:PipelineState.OPEN" type="java.io.IOException">java.io.IOException: Could not allocate container. Cannot get any matching pipeline for Type:RATIS, Factor:THREE, State:PipelineState.OPEN
	at org.apache.hadoop.hdds.scm.container.ContainerStateManager.allocateContainer(ContainerStateManager.java:260)
	at org.apache.hadoop.hdds.scm.container.SCMContainerManager.allocateContainer(SCMContainerManager.java:247)
	at org.apache.hadoop.hdds.scm.pipeline.TestNode2PipelineMap.init(TestNode2PipelineMap.java:69)
	at sun.reflect.NativeMethodAccessorImpl.invoke0(Native Method)
	at sun.reflect.NativeMethodAccessorImpl.invoke(NativeMethodAccessorImpl.java:62)
	at sun.reflect.DelegatingMethodAccessorImpl.invoke(DelegatingMethodAccessorImpl.java:43)
	at java.lang.reflect.Method.invoke(Method.java:498)
	at org.junit.runners.model.FrameworkMethod$1.runReflectiveCall(FrameworkMethod.java:47)
	at org.junit.internal.runners.model.ReflectiveCallable.run(ReflectiveCallable.java:12)
	at org.junit.runners.model.FrameworkMethod.invokeExplosively(FrameworkMethod.java:44)
	at org.junit.internal.runners.statements.RunBefores.evaluate(RunBefores.java:24)
	at org.junit.internal.runners.statements.RunAfters.evaluate(RunAfters.java:27)
	at org.junit.runners.ParentRunner.runLeaf(ParentRunner.java:271)
	at org.junit.runners.BlockJUnit4ClassRunner.runChild(BlockJUnit4ClassRunner.java:70)
	at org.junit.runners.BlockJUnit4ClassRunner.runChild(BlockJUnit4ClassRunner.java:50)
	at org.junit.runners.ParentRunner$3.run(ParentRunner.java:238)
	at org.junit.runners.ParentRunner$1.schedule(ParentRunner.java:63)
	at org.junit.runners.ParentRunner.runChildren(ParentRunner.java:236)
	at org.junit.runners.ParentRunner.access$000(ParentRunner.java:53)
	at org.junit.runners.ParentRunner$2.evaluate(ParentRunner.java:229)
	at org.junit.runners.ParentRunner.run(ParentRunner.java:309)
	at org.apache.maven.surefire.junit4.JUnit4Provider.execute(JUnit4Provider.java:365)
	at org.apache.maven.surefire.junit4.JUnit4Provider.executeWithRerun(JUnit4Provider.java:273)
	at org.apache.maven.surefire.junit4.JUnit4Provider.executeTestSet(JUnit4Provider.java:238)
	at org.apache.maven.surefire.junit4.JUnit4Provider.invoke(JUnit4Provider.java:159)
	at org.apache.maven.surefire.booter.ForkedBooter.invokeProviderInSameClassLoader(ForkedBooter.java:384)
	at org.apache.maven.surefire.booter.ForkedBooter.runSuitesInProcess(ForkedBooter.java:345)
	at org.apache.maven.surefire.booter.ForkedBooter.execute(ForkedBooter.java:126)
	at org.apache.maven.surefire.booter.ForkedBooter.main(ForkedBooter.java:418)
</error>
    <system-out><![CDATA[2019-09-25 05:53:49,690 [main] WARN  server.ServerUtils (ServerUtils.java:getScmDbDir(145)) - ozone.scm.db.dirs is not configured. We recommend adding this setting. Falling back to ozone.metadata.dirs instead.
2019-09-25 05:53:49,783 [main] WARN  server.ServerUtils (ServerUtils.java:getScmDbDir(145)) - ozone.scm.db.dirs is not configured. We recommend adding this setting. Falling back to ozone.metadata.dirs instead.
2019-09-25 05:53:49,786 [main] WARN  server.ServerUtils (ServerUtils.java:getScmDbDir(145)) - ozone.scm.db.dirs is not configured. We recommend adding this setting. Falling back to ozone.metadata.dirs instead.
2019-09-25 05:53:49,805 [main] INFO  util.log (Log.java:initialized(192)) - Logging initialized @803ms
2019-09-25 05:53:49,905 [main] INFO  db.DBStoreBuilder (DBStoreBuilder.java:addTable(110)) - using custom profile for table: deletedBlocks
2019-09-25 05:53:49,906 [main] INFO  db.DBStoreBuilder (DBStoreBuilder.java:processTables(161)) - Using default column profile:DBProfile.DISK for Table:deletedBlocks
2019-09-25 05:53:49,906 [main] INFO  db.DBStoreBuilder (DBStoreBuilder.java:addTable(110)) - using custom profile for table: validCerts
2019-09-25 05:53:49,906 [main] INFO  db.DBStoreBuilder (DBStoreBuilder.java:processTables(161)) - Using default column profile:DBProfile.DISK for Table:validCerts
2019-09-25 05:53:49,907 [main] INFO  db.DBStoreBuilder (DBStoreBuilder.java:addTable(110)) - using custom profile for table: revokedCerts
2019-09-25 05:53:49,907 [main] INFO  db.DBStoreBuilder (DBStoreBuilder.java:processTables(161)) - Using default column profile:DBProfile.DISK for Table:revokedCerts
2019-09-25 05:53:49,919 [main] INFO  db.DBStoreBuilder (DBStoreBuilder.java:addTable(110)) - using custom profile for table: default
2019-09-25 05:53:49,919 [main] INFO  db.DBStoreBuilder (DBStoreBuilder.java:processTables(167)) - Using default column profile:DBProfile.DISK for Table:default
2019-09-25 05:53:49,920 [main] INFO  db.DBStoreBuilder (DBStoreBuilder.java:getDbProfile(198)) - Using default options. DBProfile.DISK
2019-09-25 05:53:50,247 [main] INFO  net.NodeSchemaLoader (NodeSchemaLoader.java:loadSchemaFromFile(125)) - Loading file from sun.misc.CompoundEnumeration@55182842
2019-09-25 05:53:50,249 [main] INFO  net.NodeSchemaLoader (NodeSchemaLoader.java:loadSchema(171)) - Loading network topology layer schema file
2019-09-25 05:53:50,319 [main] WARN  server.ServerUtils (ServerUtils.java:sanitizeUserArgs(70)) - ozone.scm.stale.node.interval value = 300000 is larger than max = 100000 based on the key value of ozone.scm.heartbeat.thread.interval, reset to the max value 100000.
2019-09-25 05:53:50,320 [main] WARN  server.ServerUtils (ServerUtils.java:sanitizeUserArgs(70)) - ozone.scm.stale.node.interval value = 300000 is larger than max = 100000 based on the key value of ozone.scm.heartbeat.thread.interval, reset to the max value 100000.
2019-09-25 05:53:50,323 [main] INFO  node.SCMNodeManager (SCMNodeManager.java:<init>(114)) - Entering startup safe mode.
2019-09-25 05:53:50,402 [main] INFO  algorithms.ContainerPlacementPolicyFactory (ContainerPlacementPolicyFactory.java:getPolicy(60)) - Create container placement policy of type org.apache.hadoop.hdds.scm.container.placement.algorithms.SCMContainerPlacementRandom
2019-09-25 05:53:50,423 [main] WARN  server.ServerUtils (ServerUtils.java:getScmDbDir(145)) - ozone.scm.db.dirs is not configured. We recommend adding this setting. Falling back to ozone.metadata.dirs instead.
2019-09-25 05:53:50,532 [main] INFO  pipeline.SCMPipelineManager (SCMPipelineManager.java:initializePipelineState(132)) - No pipeline exists in current db
2019-09-25 05:53:50,535 [main] WARN  server.ServerUtils (ServerUtils.java:getScmDbDir(145)) - ozone.scm.db.dirs is not configured. We recommend adding this setting. Falling back to ozone.metadata.dirs instead.
2019-09-25 05:53:50,673 [main] WARN  events.EventQueue (EventQueue.java:fireEvent(183)) - No event handler registered for event TypedEvent{payloadType=SafeModeStatus, name='SafeModeStatus'}
2019-09-25 05:53:51,048 [main] INFO  ipc.CallQueueManager (CallQueueManager.java:<init>(84)) - Using callQueue: class java.util.concurrent.LinkedBlockingQueue, queueCapacity: 2000, scheduler: class org.apache.hadoop.ipc.DefaultRpcScheduler, ipcBackoff: false.
2019-09-25 05:53:51,077 [Socket Reader #1 for port 42981] INFO  ipc.Server (Server.java:run(1074)) - Starting Socket Reader #1 for port 42981
2019-09-25 05:53:51,205 [main] INFO  ipc.CallQueueManager (CallQueueManager.java:<init>(84)) - Using callQueue: class java.util.concurrent.LinkedBlockingQueue, queueCapacity: 2000, scheduler: class org.apache.hadoop.ipc.DefaultRpcScheduler, ipcBackoff: false.
2019-09-25 05:53:51,206 [Socket Reader #1 for port 39720] INFO  ipc.Server (Server.java:run(1074)) - Starting Socket Reader #1 for port 39720
2019-09-25 05:53:51,214 [main] INFO  ipc.CallQueueManager (CallQueueManager.java:<init>(84)) - Using callQueue: class java.util.concurrent.LinkedBlockingQueue, queueCapacity: 2000, scheduler: class org.apache.hadoop.ipc.DefaultRpcScheduler, ipcBackoff: false.
2019-09-25 05:53:51,215 [Socket Reader #1 for port 40121] INFO  ipc.Server (Server.java:run(1074)) - Starting Socket Reader #1 for port 40121
2019-09-25 05:53:51,237 [main] INFO  hdfs.DFSUtil (DFSUtil.java:httpServerTemplateForNNAndJN(1641)) - Starting Web-server for scm at: http://0.0.0.0:0
2019-09-25 05:53:51,379 [main] INFO  server.AuthenticationFilter (AuthenticationFilter.java:constructSecretProvider(240)) - Unable to initialize FileSignerSecretProvider, falling back to use random secrets.
2019-09-25 05:53:51,389 [main] WARN  http.HttpRequestLog (HttpRequestLog.java:getRequestLog(97)) - Jetty request log can only be enabled using Log4j
2019-09-25 05:53:51,397 [main] INFO  http.HttpServer2 (HttpServer2.java:addGlobalFilter(975)) - Added global filter 'safety' (class=org.apache.hadoop.http.HttpServer2$QuotingInputFilter)
2019-09-25 05:53:51,400 [main] INFO  http.HttpServer2 (HttpServer2.java:addFilter(948)) - Added filter static_user_filter (class=org.apache.hadoop.http.lib.StaticUserWebFilter$StaticUserFilter) to context scm
2019-09-25 05:53:51,401 [main] INFO  http.HttpServer2 (HttpServer2.java:addFilter(958)) - Added filter static_user_filter (class=org.apache.hadoop.http.lib.StaticUserWebFilter$StaticUserFilter) to context static
2019-09-25 05:53:51,401 [main] INFO  http.HttpServer2 (HttpServer2.java:addFilter(958)) - Added filter static_user_filter (class=org.apache.hadoop.http.lib.StaticUserWebFilter$StaticUserFilter) to context logs
2019-09-25 05:53:51,433 [main] INFO  server.StorageContainerManager (StorageContainerManager.java:start(770)) - StorageContainerLocationProtocol RPC server is listening at /0.0.0.0:40121
2019-09-25 05:53:51,497 [main] WARN  impl.MetricsConfig (MetricsConfig.java:loadFirst(134)) - Cannot locate configuration: tried hadoop-metrics2-storagecontainermanager.properties,hadoop-metrics2.properties
2019-09-25 05:53:51,510 [main] INFO  impl.MetricsSystemImpl (MetricsSystemImpl.java:startTimer(374)) - Scheduled Metric snapshot period at 10 second(s).
2019-09-25 05:53:51,510 [main] INFO  impl.MetricsSystemImpl (MetricsSystemImpl.java:start(191)) - StorageContainerManager metrics system started
2019-09-25 05:53:51,742 [main] INFO  server.SCMClientProtocolServer (SCMClientProtocolServer.java:start(151)) - RPC server for Client  is listening at /0.0.0.0:40121
2019-09-25 05:53:51,743 [IPC Server listener on 40121] INFO  ipc.Server (Server.java:run(1153)) - IPC Server listener on 40121: starting
2019-09-25 05:53:51,743 [IPC Server Responder] INFO  ipc.Server (Server.java:run(1314)) - IPC Server Responder: starting
2019-09-25 05:53:51,745 [main] INFO  server.StorageContainerManager (StorageContainerManager.java:start(780)) - ScmBlockLocationProtocol RPC server is listening at /0.0.0.0:39720
2019-09-25 05:53:51,746 [main] INFO  server.SCMBlockProtocolServer (SCMBlockProtocolServer.java:start(146)) - RPC server for Block Protocol is listening at /0.0.0.0:39720
2019-09-25 05:53:51,747 [IPC Server Responder] INFO  ipc.Server (Server.java:run(1314)) - IPC Server Responder: starting
2019-09-25 05:53:51,747 [IPC Server listener on 39720] INFO  ipc.Server (Server.java:run(1153)) - IPC Server listener on 39720: starting
2019-09-25 05:53:51,748 [main] INFO  server.StorageContainerManager (StorageContainerManager.java:start(784)) - ScmDatanodeProtocl RPC server is listening at /0.0.0.0:42981
2019-09-25 05:53:51,749 [main] INFO  server.SCMDatanodeProtocolServer (SCMDatanodeProtocolServer.java:start(191)) - RPC server for DataNodes is listening at /0.0.0.0:42981
2019-09-25 05:53:51,749 [IPC Server Responder] INFO  ipc.Server (Server.java:run(1314)) - IPC Server Responder: starting
2019-09-25 05:53:51,749 [IPC Server listener on 42981] INFO  ipc.Server (Server.java:run(1153)) - IPC Server listener on 42981: starting
2019-09-25 05:53:51,752 [main] INFO  http.HttpServer2 (HttpServer2.java:bindListener(1191)) - Jetty bound to port 45197
2019-09-25 05:53:51,754 [main] INFO  server.Server (Server.java:doStart(351)) - jetty-9.3.25.v20180904, build timestamp: 2018-09-04T21:11:46Z, git hash: 3ce520221d0240229c862b122d2b06c12a625732
2019-09-25 05:53:51,796 [main] INFO  handler.ContextHandler (ContextHandler.java:doStart(781)) - Started o.e.j.s.ServletContextHandler@23fb172e{/logs,file:///workdir/hadoop-ozone/integration-test/target/log,AVAILABLE}
2019-09-25 05:53:51,796 [main] INFO  handler.ContextHandler (ContextHandler.java:doStart(781)) - Started o.e.j.s.ServletContextHandler@158a3b2e{/static,file:///workdir/hadoop-ozone/integration-test/target/test-classes/webapps/static,AVAILABLE}
2019-09-25 05:53:51,830 [main] INFO  handler.ContextHandler (ContextHandler.java:doStart(781)) - Started o.e.j.w.WebAppContext@b5cc23a{/,file:///workdir/hadoop-ozone/integration-test/target/test-classes/webapps/scm/,AVAILABLE}{/scm}
2019-09-25 05:53:51,836 [main] INFO  server.AbstractConnector (AbstractConnector.java:doStart(278)) - Started ServerConnector@61a002b1{HTTP/1.1,[http/1.1]}{0.0.0.0:45197}
2019-09-25 05:53:51,837 [main] INFO  server.Server (Server.java:doStart(419)) - Started @2834ms
2019-09-25 05:53:51,839 [main] INFO  impl.MetricsSinkAdapter (MetricsSinkAdapter.java:start(204)) - Sink prometheus started
2019-09-25 05:53:51,839 [main] INFO  impl.MetricsSystemImpl (MetricsSystemImpl.java:registerSink(301)) - Registered sink prometheus
2019-09-25 05:53:51,841 [main] INFO  server.BaseHttpServer (BaseHttpServer.java:updateConnectorAddress(215)) - HTTP server of SCM is listening at http://0.0.0.0:45197
2019-09-25 05:53:51,849 [org.apache.hadoop.util.JvmPauseMonitor$Monitor@58c540cf] INFO  util.JvmPauseMonitor (JvmPauseMonitor.java:run(188)) - Starting JVM pause monitor
2019-09-25 05:53:51,854 [main] WARN  server.ServerUtils (ServerUtils.java:getDBPath(222)) - ozone.om.db.dirs is not configured. We recommend adding this setting. Falling back to ozone.metadata.dirs instead.
2019-09-25 05:53:52,666 [main] WARN  server.ServerUtils (ServerUtils.java:getDBPath(222)) - ozone.om.db.dirs is not configured. We recommend adding this setting. Falling back to ozone.metadata.dirs instead.
2019-09-25 05:53:52,667 [main] WARN  server.ServerUtils (ServerUtils.java:getDBPath(222)) - ozone.om.db.dirs is not configured. We recommend adding this setting. Falling back to ozone.metadata.dirs instead.
2019-09-25 05:53:52,668 [main] INFO  om.OzoneManager (OzoneManager.java:setOMNodeDetails(652)) - OM Service ID is not set. Setting it to the default ID: omServiceIdDefault
2019-09-25 05:53:52,668 [main] INFO  om.OzoneManager (OzoneManager.java:setOMNodeDetails(658)) - OM Node ID is not set. Setting it to the OmStorage's OmID: ae590b9c-91a4-4890-a2ef-bfab3f3f9fcb
2019-09-25 05:53:52,669 [main] INFO  om.OzoneManager (OzoneManager.java:loadOMHAConfigs(609)) - Found matching OM address with OMServiceId: null, OMNodeId: null, RPC Address: localhost:0 and Ratis port: 9872
2019-09-25 05:53:53,374 [main] WARN  server.ServerUtils (ServerUtils.java:getDBPath(222)) - ozone.om.db.dirs is not configured. We recommend adding this setting. Falling back to ozone.metadata.dirs instead.
2019-09-25 05:53:53,382 [main] INFO  db.DBStoreBuilder (DBStoreBuilder.java:addTable(110)) - using custom profile for table: userTable
2019-09-25 05:53:53,382 [main] INFO  db.DBStoreBuilder (DBStoreBuilder.java:processTables(161)) - Using default column profile:DBProfile.DISK for Table:userTable
2019-09-25 05:53:53,382 [main] INFO  db.DBStoreBuilder (DBStoreBuilder.java:addTable(110)) - using custom profile for table: volumeTable
2019-09-25 05:53:53,383 [main] INFO  db.DBStoreBuilder (DBStoreBuilder.java:processTables(161)) - Using default column profile:DBProfile.DISK for Table:volumeTable
2019-09-25 05:53:53,383 [main] INFO  db.DBStoreBuilder (DBStoreBuilder.java:addTable(110)) - using custom profile for table: bucketTable
2019-09-25 05:53:53,383 [main] INFO  db.DBStoreBuilder (DBStoreBuilder.java:processTables(161)) - Using default column profile:DBProfile.DISK for Table:bucketTable
2019-09-25 05:53:53,383 [main] INFO  db.DBStoreBuilder (DBStoreBuilder.java:addTable(110)) - using custom profile for table: keyTable
2019-09-25 05:53:53,384 [main] INFO  db.DBStoreBuilder (DBStoreBuilder.java:processTables(161)) - Using default column profile:DBProfile.DISK for Table:keyTable
2019-09-25 05:53:53,384 [main] INFO  db.DBStoreBuilder (DBStoreBuilder.java:addTable(110)) - using custom profile for table: deletedTable
2019-09-25 05:53:53,384 [main] INFO  db.DBStoreBuilder (DBStoreBuilder.java:processTables(161)) - Using default column profile:DBProfile.DISK for Table:deletedTable
2019-09-25 05:53:53,384 [main] INFO  db.DBStoreBuilder (DBStoreBuilder.java:addTable(110)) - using custom profile for table: openKeyTable
2019-09-25 05:53:53,385 [main] INFO  db.DBStoreBuilder (DBStoreBuilder.java:processTables(161)) - Using default column profile:DBProfile.DISK for Table:openKeyTable
2019-09-25 05:53:53,385 [main] INFO  db.DBStoreBuilder (DBStoreBuilder.java:addTable(110)) - using custom profile for table: s3Table
2019-09-25 05:53:53,385 [main] INFO  db.DBStoreBuilder (DBStoreBuilder.java:processTables(161)) - Using default column profile:DBProfile.DISK for Table:s3Table
2019-09-25 05:53:53,385 [main] INFO  db.DBStoreBuilder (DBStoreBuilder.java:addTable(110)) - using custom profile for table: multipartInfoTable
2019-09-25 05:53:53,386 [main] INFO  db.DBStoreBuilder (DBStoreBuilder.java:processTables(161)) - Using default column profile:DBProfile.DISK for Table:multipartInfoTable
2019-09-25 05:53:53,386 [main] INFO  db.DBStoreBuilder (DBStoreBuilder.java:addTable(110)) - using custom profile for table: dTokenTable
2019-09-25 05:53:53,386 [main] INFO  db.DBStoreBuilder (DBStoreBuilder.java:processTables(161)) - Using default column profile:DBProfile.DISK for Table:dTokenTable
2019-09-25 05:53:53,386 [main] INFO  db.DBStoreBuilder (DBStoreBuilder.java:addTable(110)) - using custom profile for table: s3SecretTable
2019-09-25 05:53:53,387 [main] INFO  db.DBStoreBuilder (DBStoreBuilder.java:processTables(161)) - Using default column profile:DBProfile.DISK for Table:s3SecretTable
2019-09-25 05:53:53,387 [main] INFO  db.DBStoreBuilder (DBStoreBuilder.java:addTable(110)) - using custom profile for table: prefixTable
2019-09-25 05:53:53,387 [main] INFO  db.DBStoreBuilder (DBStoreBuilder.java:processTables(161)) - Using default column profile:DBProfile.DISK for Table:prefixTable
2019-09-25 05:53:53,387 [main] INFO  db.DBStoreBuilder (DBStoreBuilder.java:addTable(110)) - using custom profile for table: default
2019-09-25 05:53:53,388 [main] INFO  db.DBStoreBuilder (DBStoreBuilder.java:processTables(167)) - Using default column profile:DBProfile.DISK for Table:default
2019-09-25 05:53:53,388 [main] INFO  db.DBStoreBuilder (DBStoreBuilder.java:getDbProfile(198)) - Using default options. DBProfile.DISK
2019-09-25 05:53:54,366 [main] INFO  ipc.CallQueueManager (CallQueueManager.java:<init>(84)) - Using callQueue: class java.util.concurrent.LinkedBlockingQueue, queueCapacity: 2000, scheduler: class org.apache.hadoop.ipc.DefaultRpcScheduler, ipcBackoff: false.
2019-09-25 05:53:54,367 [Socket Reader #1 for port 32846] INFO  ipc.Server (Server.java:run(1074)) - Starting Socket Reader #1 for port 32846
2019-09-25 05:53:54,388 [main] INFO  om.OzoneManager (OzoneManager.java:start(1243)) - OzoneManager RPC server is listening at localhost/127.0.0.1:32846
2019-09-25 05:53:54,389 [main] INFO  impl.MetricsSystemImpl (MetricsSystemImpl.java:init(158)) - OzoneManager metrics system started (again)
2019-09-25 05:53:54,390 [IPC Server Responder] INFO  ipc.Server (Server.java:run(1314)) - IPC Server Responder: starting
2019-09-25 05:53:54,390 [IPC Server listener on 32846] INFO  ipc.Server (Server.java:run(1153)) - IPC Server listener on 32846: starting
2019-09-25 05:53:54,394 [main] INFO  hdfs.DFSUtil (DFSUtil.java:httpServerTemplateForNNAndJN(1641)) - Starting Web-server for ozoneManager at: http://0.0.0.0:0
2019-09-25 05:53:54,396 [main] INFO  server.AuthenticationFilter (AuthenticationFilter.java:constructSecretProvider(240)) - Unable to initialize FileSignerSecretProvider, falling back to use random secrets.
2019-09-25 05:53:54,396 [main] WARN  http.HttpRequestLog (HttpRequestLog.java:getRequestLog(97)) - Jetty request log can only be enabled using Log4j
2019-09-25 05:53:54,399 [main] INFO  http.HttpServer2 (HttpServer2.java:addGlobalFilter(975)) - Added global filter 'safety' (class=org.apache.hadoop.http.HttpServer2$QuotingInputFilter)
2019-09-25 05:53:54,399 [main] INFO  http.HttpServer2 (HttpServer2.java:addFilter(948)) - Added filter static_user_filter (class=org.apache.hadoop.http.lib.StaticUserWebFilter$StaticUserFilter) to context ozoneManager
2019-09-25 05:53:54,400 [main] INFO  http.HttpServer2 (HttpServer2.java:addFilter(958)) - Added filter static_user_filter (class=org.apache.hadoop.http.lib.StaticUserWebFilter$StaticUserFilter) to context logs
2019-09-25 05:53:54,400 [main] INFO  http.HttpServer2 (HttpServer2.java:addFilter(958)) - Added filter static_user_filter (class=org.apache.hadoop.http.lib.StaticUserWebFilter$StaticUserFilter) to context static
2019-09-25 05:53:54,402 [main] INFO  http.HttpServer2 (HttpServer2.java:bindListener(1191)) - Jetty bound to port 42171
2019-09-25 05:53:54,402 [main] INFO  server.Server (Server.java:doStart(351)) - jetty-9.3.25.v20180904, build timestamp: 2018-09-04T21:11:46Z, git hash: 3ce520221d0240229c862b122d2b06c12a625732
2019-09-25 05:53:54,404 [main] INFO  handler.ContextHandler (ContextHandler.java:doStart(781)) - Started o.e.j.s.ServletContextHandler@677b8e13{/logs,file:///workdir/hadoop-ozone/integration-test/target/log,AVAILABLE}
2019-09-25 05:53:54,404 [main] INFO  handler.ContextHandler (ContextHandler.java:doStart(781)) - Started o.e.j.s.ServletContextHandler@4c27d39d{/static,file:///workdir/hadoop-ozone/integration-test/target/test-classes/webapps/static,AVAILABLE}
2019-09-25 05:53:54,411 [main] INFO  handler.ContextHandler (ContextHandler.java:doStart(781)) - Started o.e.j.w.WebAppContext@3a022576{/,file:///workdir/hadoop-ozone/integration-test/target/test-classes/webapps/ozoneManager/,AVAILABLE}{/ozoneManager}
2019-09-25 05:53:54,412 [main] INFO  server.AbstractConnector (AbstractConnector.java:doStart(278)) - Started ServerConnector@2dbd803f{HTTP/1.1,[http/1.1]}{0.0.0.0:42171}
2019-09-25 05:53:54,413 [main] INFO  server.Server (Server.java:doStart(419)) - Started @5411ms
2019-09-25 05:53:54,413 [main] WARN  impl.MetricsSystemImpl (MetricsSystemImpl.java:register(276)) - Sink prometheus already exists!
2019-09-25 05:53:54,415 [main] INFO  server.BaseHttpServer (BaseHttpServer.java:updateConnectorAddress(215)) - HTTP server of OZONEMANAGER is listening at http://0.0.0.0:42171
2019-09-25 05:53:54,694 [main] INFO  impl.MetricsSystemImpl (MetricsSystemImpl.java:init(158)) - HddsDatanode metrics system started (again)
2019-09-25 05:53:54,747 [main] INFO  ozone.HddsDatanodeService (HddsDatanodeService.java:start(184)) - HddsDatanodeService host:pr-hdds-1569-s44lr-3492059363 ip:192.168.164.207
2019-09-25 05:53:54,780 [main] INFO  volume.HddsVolume (HddsVolume.java:<init>(176)) - Creating Volume: /workdir/hadoop-ozone/integration-test/target/test-dir/MiniOzoneClusterImpl-4a157921-bac8-4948-8ccf-f55fe74fd98a/datanode-0/data/containers/hdds of  storage type : DISK and capacity : 1482555576320
2019-09-25 05:53:54,783 [main] INFO  volume.VolumeSet (VolumeSet.java:initializeVolumeSet(170)) - Added Volume : /workdir/hadoop-ozone/integration-test/target/test-dir/MiniOzoneClusterImpl-4a157921-bac8-4948-8ccf-f55fe74fd98a/datanode-0/data/containers/hdds to VolumeSet
2019-09-25 05:53:54,788 [main] INFO  volume.ThrottledAsyncChecker (ThrottledAsyncChecker.java:schedule(139)) - Scheduling a check for org.apache.hadoop.ozone.container.common.volume.HddsVolume@7e2f86e6
2019-09-25 05:53:54,808 [main] INFO  volume.HddsVolumeChecker (HddsVolumeChecker.java:checkAllVolumes(202)) - Scheduled health check for volume org.apache.hadoop.ozone.container.common.volume.HddsVolume@7e2f86e6
2019-09-25 05:53:54,934 [main] INFO  impl.RaftServerProxy (ConfUtils.java:logGet(43)) - raft.rpc.type = GRPC (default)
2019-09-25 05:53:55,001 [main] INFO  grpc.GrpcFactory (GrpcFactory.java:checkPooledByteBufAllocatorUseCacheForAllThreads(45)) - PERFORMANCE WARNING: useCacheForAllThreads is true that may cause Netty to create a lot garbage objects and, as a result, trigger GC.
	It is recommended to disable useCacheForAllThreads by setting -Dorg.apache.ratis.thirdparty.io.netty.allocator.useCacheForAllThreads=false in command line.
2019-09-25 05:53:55,006 [main] INFO  grpc.GrpcConfigKeys$Server (ConfUtils.java:logGet(43)) - raft.grpc.server.port = 0 (default)
2019-09-25 05:53:55,007 [main] INFO  server.GrpcService (ConfUtils.java:logGet(43)) - raft.grpc.message.size.max = 33570816 (custom)
2019-09-25 05:53:55,009 [main] INFO  server.RaftServerConfigKeys (ConfUtils.java:logGet(43)) - raft.server.log.appender.buffer.byte-limit = 33554432 (custom)
2019-09-25 05:53:55,009 [main] INFO  server.GrpcService (ConfUtils.java:logGet(43)) - raft.grpc.flow.control.window = 1MB (=1048576) (default)
2019-09-25 05:53:55,010 [main] INFO  server.RaftServerConfigKeys (ConfUtils.java:logGet(43)) - raft.server.rpc.request.timeout = 3000ms (default)
2019-09-25 05:53:55,157 [main] INFO  server.RaftServerConfigKeys (ConfUtils.java:logGet(43)) - raft.server.storage.dir = [/workdir/hadoop-ozone/integration-test/target/test-dir/MiniOzoneClusterImpl-4a157921-bac8-4948-8ccf-f55fe74fd98a/datanode-0/data/ratis] (custom)
2019-09-25 05:53:55,216 [main] INFO  hdfs.DFSUtil (DFSUtil.java:httpServerTemplateForNNAndJN(1641)) - Starting Web-server for hddsDatanode at: http://0.0.0.0:0
2019-09-25 05:53:55,218 [main] INFO  server.AuthenticationFilter (AuthenticationFilter.java:constructSecretProvider(240)) - Unable to initialize FileSignerSecretProvider, falling back to use random secrets.
2019-09-25 05:53:55,219 [main] WARN  http.HttpRequestLog (HttpRequestLog.java:getRequestLog(97)) - Jetty request log can only be enabled using Log4j
2019-09-25 05:53:55,221 [main] INFO  http.HttpServer2 (HttpServer2.java:addGlobalFilter(975)) - Added global filter 'safety' (class=org.apache.hadoop.http.HttpServer2$QuotingInputFilter)
2019-09-25 05:53:55,222 [main] INFO  http.HttpServer2 (HttpServer2.java:addFilter(948)) - Added filter static_user_filter (class=org.apache.hadoop.http.lib.StaticUserWebFilter$StaticUserFilter) to context hddsDatanode
2019-09-25 05:53:55,222 [main] INFO  http.HttpServer2 (HttpServer2.java:addFilter(958)) - Added filter static_user_filter (class=org.apache.hadoop.http.lib.StaticUserWebFilter$StaticUserFilter) to context static
2019-09-25 05:53:55,222 [main] INFO  http.HttpServer2 (HttpServer2.java:addFilter(958)) - Added filter static_user_filter (class=org.apache.hadoop.http.lib.StaticUserWebFilter$StaticUserFilter) to context logs
2019-09-25 05:53:55,225 [main] INFO  http.HttpServer2 (HttpServer2.java:bindListener(1191)) - Jetty bound to port 42020
2019-09-25 05:53:55,225 [main] INFO  server.Server (Server.java:doStart(351)) - jetty-9.3.25.v20180904, build timestamp: 2018-09-04T21:11:46Z, git hash: 3ce520221d0240229c862b122d2b06c12a625732
2019-09-25 05:53:55,227 [main] INFO  handler.ContextHandler (ContextHandler.java:doStart(781)) - Started o.e.j.s.ServletContextHandler@46c269e0{/logs,file:///workdir/hadoop-ozone/integration-test/target/log,AVAILABLE}
2019-09-25 05:53:55,228 [main] INFO  handler.ContextHandler (ContextHandler.java:doStart(781)) - Started o.e.j.s.ServletContextHandler@6069dd38{/static,jar:file:/home/user/.m2/repository/org/apache/hadoop/hadoop-hdds-container-service/0.5.0-SNAPSHOT/hadoop-hdds-container-service-0.5.0-SNAPSHOT.jar!/webapps/static,AVAILABLE}
2019-09-25 05:53:55,263 [main] INFO  handler.ContextHandler (ContextHandler.java:doStart(781)) - Started o.e.j.w.WebAppContext@7a0e7ecd{/,file:///tmp/jetty-0.0.0.0-42020-hddsDatanode-_-any-5872889077825232736.dir/webapp/,AVAILABLE}{/hddsDatanode}
2019-09-25 05:53:55,267 [main] INFO  server.AbstractConnector (AbstractConnector.java:doStart(278)) - Started ServerConnector@54e3658c{HTTP/1.1,[http/1.1]}{0.0.0.0:42020}
2019-09-25 05:53:55,268 [main] INFO  server.Server (Server.java:doStart(419)) - Started @6266ms
2019-09-25 05:53:55,268 [main] WARN  impl.MetricsSystemImpl (MetricsSystemImpl.java:register(276)) - Sink prometheus already exists!
2019-09-25 05:53:55,270 [main] INFO  server.BaseHttpServer (BaseHttpServer.java:updateConnectorAddress(215)) - HTTP server of HDDSDATANODE is listening at http://0.0.0.0:42020
2019-09-25 05:53:55,271 [main] INFO  impl.MetricsSystemImpl (MetricsSystemImpl.java:init(158)) - HddsDatanode metrics system started (again)
2019-09-25 05:53:55,278 [main] INFO  ozone.HddsDatanodeService (HddsDatanodeService.java:start(184)) - HddsDatanodeService host:pr-hdds-1569-s44lr-3492059363 ip:192.168.164.207
2019-09-25 05:53:55,279 [org.apache.hadoop.util.JvmPauseMonitor$Monitor@6854215c] INFO  util.JvmPauseMonitor (JvmPauseMonitor.java:run(188)) - Starting JVM pause monitor
2019-09-25 05:53:55,286 [main] INFO  volume.HddsVolume (HddsVolume.java:<init>(176)) - Creating Volume: /workdir/hadoop-ozone/integration-test/target/test-dir/MiniOzoneClusterImpl-4a157921-bac8-4948-8ccf-f55fe74fd98a/datanode-1/data/containers/hdds of  storage type : DISK and capacity : 1482555576320
2019-09-25 05:53:55,287 [main] INFO  volume.VolumeSet (VolumeSet.java:initializeVolumeSet(170)) - Added Volume : /workdir/hadoop-ozone/integration-test/target/test-dir/MiniOzoneClusterImpl-4a157921-bac8-4948-8ccf-f55fe74fd98a/datanode-1/data/containers/hdds to VolumeSet
2019-09-25 05:53:55,287 [main] INFO  volume.ThrottledAsyncChecker (ThrottledAsyncChecker.java:schedule(139)) - Scheduling a check for org.apache.hadoop.ozone.container.common.volume.HddsVolume@e84fb85
2019-09-25 05:53:55,289 [main] INFO  volume.HddsVolumeChecker (HddsVolumeChecker.java:checkAllVolumes(202)) - Scheduled health check for volume org.apache.hadoop.ozone.container.common.volume.HddsVolume@e84fb85
2019-09-25 05:53:55,310 [main] INFO  impl.RaftServerProxy (ConfUtils.java:logGet(43)) - raft.rpc.type = GRPC (default)
2019-09-25 05:53:55,310 [main] INFO  grpc.GrpcFactory (GrpcFactory.java:checkPooledByteBufAllocatorUseCacheForAllThreads(45)) - PERFORMANCE WARNING: useCacheForAllThreads is true that may cause Netty to create a lot garbage objects and, as a result, trigger GC.
	It is recommended to disable useCacheForAllThreads by setting -Dorg.apache.ratis.thirdparty.io.netty.allocator.useCacheForAllThreads=false in command line.
2019-09-25 05:53:55,311 [main] INFO  grpc.GrpcConfigKeys$Server (ConfUtils.java:logGet(43)) - raft.grpc.server.port = 0 (default)
2019-09-25 05:53:55,311 [main] INFO  server.GrpcService (ConfUtils.java:logGet(43)) - raft.grpc.message.size.max = 33570816 (custom)
2019-09-25 05:53:55,312 [main] INFO  server.RaftServerConfigKeys (ConfUtils.java:logGet(43)) - raft.server.log.appender.buffer.byte-limit = 33554432 (custom)
2019-09-25 05:53:55,312 [main] INFO  server.GrpcService (ConfUtils.java:logGet(43)) - raft.grpc.flow.control.window = 1MB (=1048576) (default)
2019-09-25 05:53:55,312 [main] INFO  server.RaftServerConfigKeys (ConfUtils.java:logGet(43)) - raft.server.rpc.request.timeout = 3000ms (default)
2019-09-25 05:53:55,315 [main] INFO  server.RaftServerConfigKeys (ConfUtils.java:logGet(43)) - raft.server.storage.dir = [/workdir/hadoop-ozone/integration-test/target/test-dir/MiniOzoneClusterImpl-4a157921-bac8-4948-8ccf-f55fe74fd98a/datanode-1/data/ratis] (custom)
2019-09-25 05:53:55,317 [main] INFO  hdfs.DFSUtil (DFSUtil.java:httpServerTemplateForNNAndJN(1641)) - Starting Web-server for hddsDatanode at: http://0.0.0.0:0
2019-09-25 05:53:55,319 [main] INFO  server.AuthenticationFilter (AuthenticationFilter.java:constructSecretProvider(240)) - Unable to initialize FileSignerSecretProvider, falling back to use random secrets.
2019-09-25 05:53:55,319 [main] WARN  http.HttpRequestLog (HttpRequestLog.java:getRequestLog(97)) - Jetty request log can only be enabled using Log4j
2019-09-25 05:53:55,322 [main] INFO  http.HttpServer2 (HttpServer2.java:addGlobalFilter(975)) - Added global filter 'safety' (class=org.apache.hadoop.http.HttpServer2$QuotingInputFilter)
2019-09-25 05:53:55,322 [main] INFO  http.HttpServer2 (HttpServer2.java:addFilter(948)) - Added filter static_user_filter (class=org.apache.hadoop.http.lib.StaticUserWebFilter$StaticUserFilter) to context hddsDatanode
2019-09-25 05:53:55,323 [main] INFO  http.HttpServer2 (HttpServer2.java:addFilter(958)) - Added filter static_user_filter (class=org.apache.hadoop.http.lib.StaticUserWebFilter$StaticUserFilter) to context static
2019-09-25 05:53:55,323 [main] INFO  http.HttpServer2 (HttpServer2.java:addFilter(958)) - Added filter static_user_filter (class=org.apache.hadoop.http.lib.StaticUserWebFilter$StaticUserFilter) to context logs
2019-09-25 05:53:55,324 [main] INFO  http.HttpServer2 (HttpServer2.java:bindListener(1191)) - Jetty bound to port 45996
2019-09-25 05:53:55,324 [main] INFO  server.Server (Server.java:doStart(351)) - jetty-9.3.25.v20180904, build timestamp: 2018-09-04T21:11:46Z, git hash: 3ce520221d0240229c862b122d2b06c12a625732
2019-09-25 05:53:55,328 [main] INFO  handler.ContextHandler (ContextHandler.java:doStart(781)) - Started o.e.j.s.ServletContextHandler@15400fff{/logs,file:///workdir/hadoop-ozone/integration-test/target/log,AVAILABLE}
2019-09-25 05:53:55,329 [main] INFO  handler.ContextHandler (ContextHandler.java:doStart(781)) - Started o.e.j.s.ServletContextHandler@1e7ab390{/static,jar:file:/home/user/.m2/repository/org/apache/hadoop/hadoop-hdds-container-service/0.5.0-SNAPSHOT/hadoop-hdds-container-service-0.5.0-SNAPSHOT.jar!/webapps/static,AVAILABLE}
2019-09-25 05:53:55,361 [main] INFO  handler.ContextHandler (ContextHandler.java:doStart(781)) - Started o.e.j.w.WebAppContext@6f94a5a5{/,file:///tmp/jetty-0.0.0.0-45996-hddsDatanode-_-any-458536926789763920.dir/webapp/,AVAILABLE}{/hddsDatanode}
2019-09-25 05:53:55,362 [main] INFO  server.AbstractConnector (AbstractConnector.java:doStart(278)) - Started ServerConnector@455c1d8c{HTTP/1.1,[http/1.1]}{0.0.0.0:45996}
2019-09-25 05:53:55,364 [main] INFO  server.Server (Server.java:doStart(419)) - Started @6361ms
2019-09-25 05:53:55,364 [main] WARN  impl.MetricsSystemImpl (MetricsSystemImpl.java:register(276)) - Sink prometheus already exists!
2019-09-25 05:53:55,364 [main] INFO  server.BaseHttpServer (BaseHttpServer.java:updateConnectorAddress(215)) - HTTP server of HDDSDATANODE is listening at http://0.0.0.0:45996
2019-09-25 05:53:55,365 [main] INFO  impl.MetricsSystemImpl (MetricsSystemImpl.java:init(158)) - HddsDatanode metrics system started (again)
2019-09-25 05:53:55,367 [org.apache.hadoop.util.JvmPauseMonitor$Monitor@591e05c4] INFO  util.JvmPauseMonitor (JvmPauseMonitor.java:run(188)) - Starting JVM pause monitor
2019-09-25 05:53:55,369 [main] INFO  ozone.HddsDatanodeService (HddsDatanodeService.java:start(184)) - HddsDatanodeService host:pr-hdds-1569-s44lr-3492059363 ip:192.168.164.207
2019-09-25 05:53:55,376 [main] INFO  volume.HddsVolume (HddsVolume.java:<init>(176)) - Creating Volume: /workdir/hadoop-ozone/integration-test/target/test-dir/MiniOzoneClusterImpl-4a157921-bac8-4948-8ccf-f55fe74fd98a/datanode-2/data/containers/hdds of  storage type : DISK and capacity : 1482555576320
2019-09-25 05:53:55,377 [main] INFO  volume.VolumeSet (VolumeSet.java:initializeVolumeSet(170)) - Added Volume : /workdir/hadoop-ozone/integration-test/target/test-dir/MiniOzoneClusterImpl-4a157921-bac8-4948-8ccf-f55fe74fd98a/datanode-2/data/containers/hdds to VolumeSet
2019-09-25 05:53:55,377 [main] INFO  volume.ThrottledAsyncChecker (ThrottledAsyncChecker.java:schedule(139)) - Scheduling a check for org.apache.hadoop.ozone.container.common.volume.HddsVolume@5b5e7036
2019-09-25 05:53:55,378 [main] INFO  volume.HddsVolumeChecker (HddsVolumeChecker.java:checkAllVolumes(202)) - Scheduled health check for volume org.apache.hadoop.ozone.container.common.volume.HddsVolume@5b5e7036
2019-09-25 05:53:55,393 [main] INFO  impl.RaftServerProxy (ConfUtils.java:logGet(43)) - raft.rpc.type = GRPC (default)
2019-09-25 05:53:55,393 [main] INFO  grpc.GrpcFactory (GrpcFactory.java:checkPooledByteBufAllocatorUseCacheForAllThreads(45)) - PERFORMANCE WARNING: useCacheForAllThreads is true that may cause Netty to create a lot garbage objects and, as a result, trigger GC.
	It is recommended to disable useCacheForAllThreads by setting -Dorg.apache.ratis.thirdparty.io.netty.allocator.useCacheForAllThreads=false in command line.
2019-09-25 05:53:55,393 [main] INFO  grpc.GrpcConfigKeys$Server (ConfUtils.java:logGet(43)) - raft.grpc.server.port = 0 (default)
2019-09-25 05:53:55,394 [main] INFO  server.GrpcService (ConfUtils.java:logGet(43)) - raft.grpc.message.size.max = 33570816 (custom)
2019-09-25 05:53:55,394 [main] INFO  server.RaftServerConfigKeys (ConfUtils.java:logGet(43)) - raft.server.log.appender.buffer.byte-limit = 33554432 (custom)
2019-09-25 05:53:55,394 [main] INFO  server.GrpcService (ConfUtils.java:logGet(43)) - raft.grpc.flow.control.window = 1MB (=1048576) (default)
2019-09-25 05:53:55,394 [main] INFO  server.RaftServerConfigKeys (ConfUtils.java:logGet(43)) - raft.server.rpc.request.timeout = 3000ms (default)
2019-09-25 05:53:55,395 [main] INFO  server.RaftServerConfigKeys (ConfUtils.java:logGet(43)) - raft.server.storage.dir = [/workdir/hadoop-ozone/integration-test/target/test-dir/MiniOzoneClusterImpl-4a157921-bac8-4948-8ccf-f55fe74fd98a/datanode-2/data/ratis] (custom)
2019-09-25 05:53:55,398 [main] INFO  hdfs.DFSUtil (DFSUtil.java:httpServerTemplateForNNAndJN(1641)) - Starting Web-server for hddsDatanode at: http://0.0.0.0:0
2019-09-25 05:53:55,401 [main] INFO  server.AuthenticationFilter (AuthenticationFilter.java:constructSecretProvider(240)) - Unable to initialize FileSignerSecretProvider, falling back to use random secrets.
2019-09-25 05:53:55,402 [main] WARN  http.HttpRequestLog (HttpRequestLog.java:getRequestLog(97)) - Jetty request log can only be enabled using Log4j
2019-09-25 05:53:55,404 [main] INFO  http.HttpServer2 (HttpServer2.java:addGlobalFilter(975)) - Added global filter 'safety' (class=org.apache.hadoop.http.HttpServer2$QuotingInputFilter)
2019-09-25 05:53:55,405 [Datanode State Machine Thread - 0] INFO  datanode.InitDatanodeState (InitDatanodeState.java:persistContainerDatanodeDetails(140)) - DatanodeDetails is persisted to /workdir/hadoop-ozone/integration-test/target/test-dir/MiniOzoneClusterImpl-4a157921-bac8-4948-8ccf-f55fe74fd98a/datanode-0/meta/datanode.id
2019-09-25 05:53:55,407 [main] INFO  http.HttpServer2 (HttpServer2.java:addFilter(948)) - Added filter static_user_filter (class=org.apache.hadoop.http.lib.StaticUserWebFilter$StaticUserFilter) to context hddsDatanode
2019-09-25 05:53:55,409 [main] INFO  http.HttpServer2 (HttpServer2.java:addFilter(958)) - Added filter static_user_filter (class=org.apache.hadoop.http.lib.StaticUserWebFilter$StaticUserFilter) to context logs
2019-09-25 05:53:55,409 [main] INFO  http.HttpServer2 (HttpServer2.java:addFilter(958)) - Added filter static_user_filter (class=org.apache.hadoop.http.lib.StaticUserWebFilter$StaticUserFilter) to context static
2019-09-25 05:53:55,410 [Datanode State Machine Thread - 0] INFO  datanode.InitDatanodeState (InitDatanodeState.java:persistContainerDatanodeDetails(140)) - DatanodeDetails is persisted to /workdir/hadoop-ozone/integration-test/target/test-dir/MiniOzoneClusterImpl-4a157921-bac8-4948-8ccf-f55fe74fd98a/datanode-1/meta/datanode.id
2019-09-25 05:53:55,411 [main] INFO  http.HttpServer2 (HttpServer2.java:bindListener(1191)) - Jetty bound to port 34749
2019-09-25 05:53:55,411 [main] INFO  server.Server (Server.java:doStart(351)) - jetty-9.3.25.v20180904, build timestamp: 2018-09-04T21:11:46Z, git hash: 3ce520221d0240229c862b122d2b06c12a625732
2019-09-25 05:53:55,414 [main] INFO  handler.ContextHandler (ContextHandler.java:doStart(781)) - Started o.e.j.s.ServletContextHandler@54d8c20d{/logs,file:///workdir/hadoop-ozone/integration-test/target/log,AVAILABLE}
2019-09-25 05:53:55,414 [main] INFO  handler.ContextHandler (ContextHandler.java:doStart(781)) - Started o.e.j.s.ServletContextHandler@44536de4{/static,jar:file:/home/user/.m2/repository/org/apache/hadoop/hadoop-hdds-container-service/0.5.0-SNAPSHOT/hadoop-hdds-container-service-0.5.0-SNAPSHOT.jar!/webapps/static,AVAILABLE}
2019-09-25 05:53:55,450 [main] INFO  handler.ContextHandler (ContextHandler.java:doStart(781)) - Started o.e.j.w.WebAppContext@2f2bff16{/,file:///tmp/jetty-0.0.0.0-34749-hddsDatanode-_-any-1105748942928716804.dir/webapp/,AVAILABLE}{/hddsDatanode}
2019-09-25 05:53:55,451 [main] INFO  server.AbstractConnector (AbstractConnector.java:doStart(278)) - Started ServerConnector@75de29c0{HTTP/1.1,[http/1.1]}{0.0.0.0:34749}
2019-09-25 05:53:55,453 [main] INFO  server.Server (Server.java:doStart(419)) - Started @6450ms
2019-09-25 05:53:55,453 [main] WARN  impl.MetricsSystemImpl (MetricsSystemImpl.java:register(276)) - Sink prometheus already exists!
2019-09-25 05:53:55,453 [main] INFO  server.BaseHttpServer (BaseHttpServer.java:updateConnectorAddress(215)) - HTTP server of HDDSDATANODE is listening at http://0.0.0.0:34749
2019-09-25 05:53:55,454 [main] INFO  impl.MetricsSystemImpl (MetricsSystemImpl.java:init(158)) - HddsDatanode metrics system started (again)
2019-09-25 05:53:55,457 [org.apache.hadoop.util.JvmPauseMonitor$Monitor@56761dd7] INFO  util.JvmPauseMonitor (JvmPauseMonitor.java:run(188)) - Starting JVM pause monitor
2019-09-25 05:53:55,459 [main] INFO  ozone.HddsDatanodeService (HddsDatanodeService.java:start(184)) - HddsDatanodeService host:pr-hdds-1569-s44lr-3492059363 ip:192.168.164.207
2019-09-25 05:53:55,460 [Datanode State Machine Thread - 0] INFO  datanode.InitDatanodeState (InitDatanodeState.java:persistContainerDatanodeDetails(140)) - DatanodeDetails is persisted to /workdir/hadoop-ozone/integration-test/target/test-dir/MiniOzoneClusterImpl-4a157921-bac8-4948-8ccf-f55fe74fd98a/datanode-2/meta/datanode.id
2019-09-25 05:53:55,470 [main] INFO  volume.HddsVolume (HddsVolume.java:<init>(176)) - Creating Volume: /workdir/hadoop-ozone/integration-test/target/test-dir/MiniOzoneClusterImpl-4a157921-bac8-4948-8ccf-f55fe74fd98a/datanode-3/data/containers/hdds of  storage type : DISK and capacity : 1482555576320
2019-09-25 05:53:55,470 [main] INFO  volume.VolumeSet (VolumeSet.java:initializeVolumeSet(170)) - Added Volume : /workdir/hadoop-ozone/integration-test/target/test-dir/MiniOzoneClusterImpl-4a157921-bac8-4948-8ccf-f55fe74fd98a/datanode-3/data/containers/hdds to VolumeSet
2019-09-25 05:53:55,470 [main] INFO  volume.ThrottledAsyncChecker (ThrottledAsyncChecker.java:schedule(139)) - Scheduling a check for org.apache.hadoop.ozone.container.common.volume.HddsVolume@dc4a691
2019-09-25 05:53:55,471 [main] INFO  volume.HddsVolumeChecker (HddsVolumeChecker.java:checkAllVolumes(202)) - Scheduled health check for volume org.apache.hadoop.ozone.container.common.volume.HddsVolume@dc4a691
2019-09-25 05:53:55,486 [main] INFO  impl.RaftServerProxy (ConfUtils.java:logGet(43)) - raft.rpc.type = GRPC (default)
2019-09-25 05:53:55,486 [main] INFO  grpc.GrpcFactory (GrpcFactory.java:checkPooledByteBufAllocatorUseCacheForAllThreads(45)) - PERFORMANCE WARNING: useCacheForAllThreads is true that may cause Netty to create a lot garbage objects and, as a result, trigger GC.
	It is recommended to disable useCacheForAllThreads by setting -Dorg.apache.ratis.thirdparty.io.netty.allocator.useCacheForAllThreads=false in command line.
2019-09-25 05:53:55,486 [main] INFO  grpc.GrpcConfigKeys$Server (ConfUtils.java:logGet(43)) - raft.grpc.server.port = 0 (default)
2019-09-25 05:53:55,486 [main] INFO  server.GrpcService (ConfUtils.java:logGet(43)) - raft.grpc.message.size.max = 33570816 (custom)
2019-09-25 05:53:55,487 [main] INFO  server.RaftServerConfigKeys (ConfUtils.java:logGet(43)) - raft.server.log.appender.buffer.byte-limit = 33554432 (custom)
2019-09-25 05:53:55,487 [main] INFO  server.GrpcService (ConfUtils.java:logGet(43)) - raft.grpc.flow.control.window = 1MB (=1048576) (default)
2019-09-25 05:53:55,487 [main] INFO  server.RaftServerConfigKeys (ConfUtils.java:logGet(43)) - raft.server.rpc.request.timeout = 3000ms (default)
2019-09-25 05:53:55,488 [main] INFO  server.RaftServerConfigKeys (ConfUtils.java:logGet(43)) - raft.server.storage.dir = [/workdir/hadoop-ozone/integration-test/target/test-dir/MiniOzoneClusterImpl-4a157921-bac8-4948-8ccf-f55fe74fd98a/datanode-3/data/ratis] (custom)
2019-09-25 05:53:55,490 [main] INFO  hdfs.DFSUtil (DFSUtil.java:httpServerTemplateForNNAndJN(1641)) - Starting Web-server for hddsDatanode at: http://0.0.0.0:0
2019-09-25 05:53:55,491 [main] INFO  server.AuthenticationFilter (AuthenticationFilter.java:constructSecretProvider(240)) - Unable to initialize FileSignerSecretProvider, falling back to use random secrets.
2019-09-25 05:53:55,492 [main] WARN  http.HttpRequestLog (HttpRequestLog.java:getRequestLog(97)) - Jetty request log can only be enabled using Log4j
2019-09-25 05:53:55,494 [main] INFO  http.HttpServer2 (HttpServer2.java:addGlobalFilter(975)) - Added global filter 'safety' (class=org.apache.hadoop.http.HttpServer2$QuotingInputFilter)
2019-09-25 05:53:55,494 [main] INFO  http.HttpServer2 (HttpServer2.java:addFilter(948)) - Added filter static_user_filter (class=org.apache.hadoop.http.lib.StaticUserWebFilter$StaticUserFilter) to context hddsDatanode
2019-09-25 05:53:55,494 [main] INFO  http.HttpServer2 (HttpServer2.java:addFilter(958)) - Added filter static_user_filter (class=org.apache.hadoop.http.lib.StaticUserWebFilter$StaticUserFilter) to context static
2019-09-25 05:53:55,495 [main] INFO  http.HttpServer2 (HttpServer2.java:addFilter(958)) - Added filter static_user_filter (class=org.apache.hadoop.http.lib.StaticUserWebFilter$StaticUserFilter) to context logs
2019-09-25 05:53:55,495 [main] INFO  http.HttpServer2 (HttpServer2.java:bindListener(1191)) - Jetty bound to port 44879
2019-09-25 05:53:55,496 [main] INFO  server.Server (Server.java:doStart(351)) - jetty-9.3.25.v20180904, build timestamp: 2018-09-04T21:11:46Z, git hash: 3ce520221d0240229c862b122d2b06c12a625732
2019-09-25 05:53:55,500 [main] INFO  handler.ContextHandler (ContextHandler.java:doStart(781)) - Started o.e.j.s.ServletContextHandler@517a2b0{/logs,file:///workdir/hadoop-ozone/integration-test/target/log,AVAILABLE}
2019-09-25 05:53:55,500 [main] INFO  handler.ContextHandler (ContextHandler.java:doStart(781)) - Started o.e.j.s.ServletContextHandler@36480b2d{/static,jar:file:/home/user/.m2/repository/org/apache/hadoop/hadoop-hdds-container-service/0.5.0-SNAPSHOT/hadoop-hdds-container-service-0.5.0-SNAPSHOT.jar!/webapps/static,AVAILABLE}
2019-09-25 05:53:55,530 [main] INFO  handler.ContextHandler (ContextHandler.java:doStart(781)) - Started o.e.j.w.WebAppContext@1fb2d5e{/,file:///tmp/jetty-0.0.0.0-44879-hddsDatanode-_-any-6492077782288672935.dir/webapp/,AVAILABLE}{/hddsDatanode}
2019-09-25 05:53:55,531 [main] INFO  server.AbstractConnector (AbstractConnector.java:doStart(278)) - Started ServerConnector@1716e8c5{HTTP/1.1,[http/1.1]}{0.0.0.0:44879}
2019-09-25 05:53:55,532 [main] INFO  server.Server (Server.java:doStart(419)) - Started @6529ms
2019-09-25 05:53:55,532 [main] WARN  impl.MetricsSystemImpl (MetricsSystemImpl.java:register(276)) - Sink prometheus already exists!
2019-09-25 05:53:55,533 [main] INFO  server.BaseHttpServer (BaseHttpServer.java:updateConnectorAddress(215)) - HTTP server of HDDSDATANODE is listening at http://0.0.0.0:44879
2019-09-25 05:53:55,533 [main] INFO  impl.MetricsSystemImpl (MetricsSystemImpl.java:init(158)) - HddsDatanode metrics system started (again)
2019-09-25 05:53:55,536 [org.apache.hadoop.util.JvmPauseMonitor$Monitor@3bccd0cd] INFO  util.JvmPauseMonitor (JvmPauseMonitor.java:run(188)) - Starting JVM pause monitor
2019-09-25 05:53:55,536 [main] INFO  ozone.HddsDatanodeService (HddsDatanodeService.java:start(184)) - HddsDatanodeService host:pr-hdds-1569-s44lr-3492059363 ip:192.168.164.207
2019-09-25 05:53:55,538 [Datanode State Machine Thread - 0] INFO  datanode.InitDatanodeState (InitDatanodeState.java:persistContainerDatanodeDetails(140)) - DatanodeDetails is persisted to /workdir/hadoop-ozone/integration-test/target/test-dir/MiniOzoneClusterImpl-4a157921-bac8-4948-8ccf-f55fe74fd98a/datanode-3/meta/datanode.id
2019-09-25 05:53:55,541 [main] INFO  volume.HddsVolume (HddsVolume.java:<init>(176)) - Creating Volume: /workdir/hadoop-ozone/integration-test/target/test-dir/MiniOzoneClusterImpl-4a157921-bac8-4948-8ccf-f55fe74fd98a/datanode-4/data/containers/hdds of  storage type : DISK and capacity : 1482555576320
2019-09-25 05:53:55,542 [main] INFO  volume.VolumeSet (VolumeSet.java:initializeVolumeSet(170)) - Added Volume : /workdir/hadoop-ozone/integration-test/target/test-dir/MiniOzoneClusterImpl-4a157921-bac8-4948-8ccf-f55fe74fd98a/datanode-4/data/containers/hdds to VolumeSet
2019-09-25 05:53:55,542 [main] INFO  volume.ThrottledAsyncChecker (ThrottledAsyncChecker.java:schedule(139)) - Scheduling a check for org.apache.hadoop.ozone.container.common.volume.HddsVolume@44f24a20
2019-09-25 05:53:55,542 [main] INFO  volume.HddsVolumeChecker (HddsVolumeChecker.java:checkAllVolumes(202)) - Scheduled health check for volume org.apache.hadoop.ozone.container.common.volume.HddsVolume@44f24a20
2019-09-25 05:53:55,556 [main] INFO  impl.RaftServerProxy (ConfUtils.java:logGet(43)) - raft.rpc.type = GRPC (default)
2019-09-25 05:53:55,557 [main] INFO  grpc.GrpcFactory (GrpcFactory.java:checkPooledByteBufAllocatorUseCacheForAllThreads(45)) - PERFORMANCE WARNING: useCacheForAllThreads is true that may cause Netty to create a lot garbage objects and, as a result, trigger GC.
	It is recommended to disable useCacheForAllThreads by setting -Dorg.apache.ratis.thirdparty.io.netty.allocator.useCacheForAllThreads=false in command line.
2019-09-25 05:53:55,557 [main] INFO  grpc.GrpcConfigKeys$Server (ConfUtils.java:logGet(43)) - raft.grpc.server.port = 0 (default)
2019-09-25 05:53:55,557 [main] INFO  server.GrpcService (ConfUtils.java:logGet(43)) - raft.grpc.message.size.max = 33570816 (custom)
2019-09-25 05:53:55,557 [main] INFO  server.RaftServerConfigKeys (ConfUtils.java:logGet(43)) - raft.server.log.appender.buffer.byte-limit = 33554432 (custom)
2019-09-25 05:53:55,558 [main] INFO  server.GrpcService (ConfUtils.java:logGet(43)) - raft.grpc.flow.control.window = 1MB (=1048576) (default)
2019-09-25 05:53:55,558 [main] INFO  server.RaftServerConfigKeys (ConfUtils.java:logGet(43)) - raft.server.rpc.request.timeout = 3000ms (default)
2019-09-25 05:53:55,558 [main] INFO  server.RaftServerConfigKeys (ConfUtils.java:logGet(43)) - raft.server.storage.dir = [/workdir/hadoop-ozone/integration-test/target/test-dir/MiniOzoneClusterImpl-4a157921-bac8-4948-8ccf-f55fe74fd98a/datanode-4/data/ratis] (custom)
2019-09-25 05:53:55,560 [main] INFO  hdfs.DFSUtil (DFSUtil.java:httpServerTemplateForNNAndJN(1641)) - Starting Web-server for hddsDatanode at: http://0.0.0.0:0
2019-09-25 05:53:55,562 [main] INFO  server.AuthenticationFilter (AuthenticationFilter.java:constructSecretProvider(240)) - Unable to initialize FileSignerSecretProvider, falling back to use random secrets.
2019-09-25 05:53:55,562 [main] WARN  http.HttpRequestLog (HttpRequestLog.java:getRequestLog(97)) - Jetty request log can only be enabled using Log4j
2019-09-25 05:53:55,564 [main] INFO  http.HttpServer2 (HttpServer2.java:addGlobalFilter(975)) - Added global filter 'safety' (class=org.apache.hadoop.http.HttpServer2$QuotingInputFilter)
2019-09-25 05:53:55,565 [main] INFO  http.HttpServer2 (HttpServer2.java:addFilter(948)) - Added filter static_user_filter (class=org.apache.hadoop.http.lib.StaticUserWebFilter$StaticUserFilter) to context hddsDatanode
2019-09-25 05:53:55,565 [main] INFO  http.HttpServer2 (HttpServer2.java:addFilter(958)) - Added filter static_user_filter (class=org.apache.hadoop.http.lib.StaticUserWebFilter$StaticUserFilter) to context static
2019-09-25 05:53:55,565 [main] INFO  http.HttpServer2 (HttpServer2.java:addFilter(958)) - Added filter static_user_filter (class=org.apache.hadoop.http.lib.StaticUserWebFilter$StaticUserFilter) to context logs
2019-09-25 05:53:55,566 [main] INFO  http.HttpServer2 (HttpServer2.java:bindListener(1191)) - Jetty bound to port 36175
2019-09-25 05:53:55,566 [main] INFO  server.Server (Server.java:doStart(351)) - jetty-9.3.25.v20180904, build timestamp: 2018-09-04T21:11:46Z, git hash: 3ce520221d0240229c862b122d2b06c12a625732
2019-09-25 05:53:55,568 [main] INFO  handler.ContextHandler (ContextHandler.java:doStart(781)) - Started o.e.j.s.ServletContextHandler@333c8791{/logs,file:///workdir/hadoop-ozone/integration-test/target/log,AVAILABLE}
2019-09-25 05:53:55,568 [main] INFO  handler.ContextHandler (ContextHandler.java:doStart(781)) - Started o.e.j.s.ServletContextHandler@22eaa86e{/static,jar:file:/home/user/.m2/repository/org/apache/hadoop/hadoop-hdds-container-service/0.5.0-SNAPSHOT/hadoop-hdds-container-service-0.5.0-SNAPSHOT.jar!/webapps/static,AVAILABLE}
2019-09-25 05:53:55,598 [main] INFO  handler.ContextHandler (ContextHandler.java:doStart(781)) - Started o.e.j.w.WebAppContext@a5272be{/,file:///tmp/jetty-0.0.0.0-36175-hddsDatanode-_-any-3375625660470257733.dir/webapp/,AVAILABLE}{/hddsDatanode}
2019-09-25 05:53:55,598 [main] INFO  server.AbstractConnector (AbstractConnector.java:doStart(278)) - Started ServerConnector@58ba5b30{HTTP/1.1,[http/1.1]}{0.0.0.0:36175}
2019-09-25 05:53:55,599 [main] INFO  server.Server (Server.java:doStart(419)) - Started @6597ms
2019-09-25 05:53:55,599 [main] WARN  impl.MetricsSystemImpl (MetricsSystemImpl.java:register(276)) - Sink prometheus already exists!
2019-09-25 05:53:55,600 [main] INFO  server.BaseHttpServer (BaseHttpServer.java:updateConnectorAddress(215)) - HTTP server of HDDSDATANODE is listening at http://0.0.0.0:36175
2019-09-25 05:53:55,602 [main] INFO  ozone.MiniOzoneClusterImpl (MiniOzoneClusterImpl.java:lambda$waitForClusterToBeReady$0(147)) - Waiting for cluster to be ready. Got 0 of 5 DN Heartbeats.
2019-09-25 05:53:55,602 [org.apache.hadoop.util.JvmPauseMonitor$Monitor@143bf2cc] INFO  util.JvmPauseMonitor (JvmPauseMonitor.java:run(188)) - Starting JVM pause monitor
2019-09-25 05:53:55,606 [Datanode State Machine Thread - 0] INFO  datanode.InitDatanodeState (InitDatanodeState.java:persistContainerDatanodeDetails(140)) - DatanodeDetails is persisted to /workdir/hadoop-ozone/integration-test/target/test-dir/MiniOzoneClusterImpl-4a157921-bac8-4948-8ccf-f55fe74fd98a/datanode-4/meta/datanode.id
2019-09-25 05:53:56,602 [main] INFO  ozone.MiniOzoneClusterImpl (MiniOzoneClusterImpl.java:lambda$waitForClusterToBeReady$0(147)) - Waiting for cluster to be ready. Got 0 of 5 DN Heartbeats.
2019-09-25 05:53:57,603 [main] INFO  ozone.MiniOzoneClusterImpl (MiniOzoneClusterImpl.java:lambda$waitForClusterToBeReady$0(147)) - Waiting for cluster to be ready. Got 0 of 5 DN Heartbeats.
2019-09-25 05:53:57,833 [Datanode State Machine Thread - 0] INFO  ozoneimpl.OzoneContainer (OzoneContainer.java:start(217)) - Attempting to start container services.
2019-09-25 05:53:57,833 [Datanode State Machine Thread - 0] INFO  ozoneimpl.OzoneContainer (OzoneContainer.java:start(217)) - Attempting to start container services.
2019-09-25 05:53:57,833 [Datanode State Machine Thread - 0] INFO  ozoneimpl.OzoneContainer (OzoneContainer.java:start(217)) - Attempting to start container services.
2019-09-25 05:53:57,836 [Datanode State Machine Thread - 0] INFO  ozoneimpl.OzoneContainer (OzoneContainer.java:start(217)) - Attempting to start container services.
2019-09-25 05:53:57,836 [Datanode State Machine Thread - 0] INFO  ozoneimpl.OzoneContainer (OzoneContainer.java:start(217)) - Attempting to start container services.
2019-09-25 05:53:57,843 [Datanode State Machine Thread - 0] INFO  ozoneimpl.OzoneContainer (OzoneContainer.java:startContainerScrub(179)) - Background container scanner has been disabled.
2019-09-25 05:53:57,843 [Datanode State Machine Thread - 0] INFO  ozoneimpl.OzoneContainer (OzoneContainer.java:startContainerScrub(179)) - Background container scanner has been disabled.
2019-09-25 05:53:57,844 [Datanode State Machine Thread - 0] INFO  ratis.XceiverServerRatis (XceiverServerRatis.java:start(411)) - Starting XceiverServerRatis 40dcd630-ad01-41c1-945d-8b29a9b08b55 at port 0
2019-09-25 05:53:57,844 [Datanode State Machine Thread - 0] INFO  ratis.XceiverServerRatis (XceiverServerRatis.java:start(411)) - Starting XceiverServerRatis 1ed6dadd-b0b2-432b-85f8-e2d308be821a at port 0
2019-09-25 05:53:57,845 [Datanode State Machine Thread - 0] INFO  ozoneimpl.OzoneContainer (OzoneContainer.java:startContainerScrub(179)) - Background container scanner has been disabled.
2019-09-25 05:53:57,845 [Datanode State Machine Thread - 0] INFO  ozoneimpl.OzoneContainer (OzoneContainer.java:startContainerScrub(179)) - Background container scanner has been disabled.
2019-09-25 05:53:57,845 [Datanode State Machine Thread - 0] INFO  ozoneimpl.OzoneContainer (OzoneContainer.java:startContainerScrub(179)) - Background container scanner has been disabled.
2019-09-25 05:53:57,845 [Datanode State Machine Thread - 0] INFO  ratis.XceiverServerRatis (XceiverServerRatis.java:start(411)) - Starting XceiverServerRatis bb2366d0-9f8a-4c88-bd20-7ec32ce3238d at port 0
2019-09-25 05:53:57,845 [Datanode State Machine Thread - 0] INFO  ratis.XceiverServerRatis (XceiverServerRatis.java:start(411)) - Starting XceiverServerRatis 03645d2f-1e20-4e0d-8661-d0c7ee952eef at port 0
2019-09-25 05:53:57,846 [Datanode State Machine Thread - 0] INFO  ratis.XceiverServerRatis (XceiverServerRatis.java:start(411)) - Starting XceiverServerRatis 511ff9a4-402a-459c-948c-b9450b1400e6 at port 0
2019-09-25 05:53:57,904 [Datanode State Machine Thread - 0] INFO  impl.RaftServerProxy (RaftServerProxy.java:lambda$start$3(299)) - 1ed6dadd-b0b2-432b-85f8-e2d308be821a: start RPC server
2019-09-25 05:53:57,904 [Datanode State Machine Thread - 0] INFO  impl.RaftServerProxy (RaftServerProxy.java:lambda$start$3(299)) - 03645d2f-1e20-4e0d-8661-d0c7ee952eef: start RPC server
2019-09-25 05:53:57,904 [Datanode State Machine Thread - 0] INFO  impl.RaftServerProxy (RaftServerProxy.java:lambda$start$3(299)) - 511ff9a4-402a-459c-948c-b9450b1400e6: start RPC server
2019-09-25 05:53:57,904 [Datanode State Machine Thread - 0] INFO  impl.RaftServerProxy (RaftServerProxy.java:lambda$start$3(299)) - 40dcd630-ad01-41c1-945d-8b29a9b08b55: start RPC server
2019-09-25 05:53:57,904 [Datanode State Machine Thread - 0] INFO  impl.RaftServerProxy (RaftServerProxy.java:lambda$start$3(299)) - bb2366d0-9f8a-4c88-bd20-7ec32ce3238d: start RPC server
2019-09-25 05:53:58,057 [Datanode State Machine Thread - 0] INFO  server.GrpcService (GrpcService.java:startImpl(158)) - 1ed6dadd-b0b2-432b-85f8-e2d308be821a: GrpcService started, listening on 0.0.0.0/0.0.0.0:46532
2019-09-25 05:53:58,057 [Datanode State Machine Thread - 0] INFO  server.GrpcService (GrpcService.java:startImpl(158)) - 03645d2f-1e20-4e0d-8661-d0c7ee952eef: GrpcService started, listening on 0.0.0.0/0.0.0.0:38201
2019-09-25 05:53:58,057 [Datanode State Machine Thread - 0] INFO  server.GrpcService (GrpcService.java:startImpl(158)) - bb2366d0-9f8a-4c88-bd20-7ec32ce3238d: GrpcService started, listening on 0.0.0.0/0.0.0.0:44123
2019-09-25 05:53:58,057 [Datanode State Machine Thread - 0] INFO  server.GrpcService (GrpcService.java:startImpl(158)) - 40dcd630-ad01-41c1-945d-8b29a9b08b55: GrpcService started, listening on 0.0.0.0/0.0.0.0:38778
2019-09-25 05:53:58,057 [Datanode State Machine Thread - 0] INFO  server.GrpcService (GrpcService.java:startImpl(158)) - 511ff9a4-402a-459c-948c-b9450b1400e6: GrpcService started, listening on 0.0.0.0/0.0.0.0:38058
2019-09-25 05:53:58,060 [Datanode State Machine Thread - 0] INFO  ratis.XceiverServerRatis (XceiverServerRatis.java:start(421)) - XceiverServerRatis 40dcd630-ad01-41c1-945d-8b29a9b08b55 is started using port 38778
2019-09-25 05:53:58,060 [Datanode State Machine Thread - 0] INFO  ratis.XceiverServerRatis (XceiverServerRatis.java:start(421)) - XceiverServerRatis bb2366d0-9f8a-4c88-bd20-7ec32ce3238d is started using port 44123
2019-09-25 05:53:58,059 [Datanode State Machine Thread - 0] INFO  ratis.XceiverServerRatis (XceiverServerRatis.java:start(421)) - XceiverServerRatis 03645d2f-1e20-4e0d-8661-d0c7ee952eef is started using port 38201
2019-09-25 05:53:58,059 [Datanode State Machine Thread - 0] INFO  ratis.XceiverServerRatis (XceiverServerRatis.java:start(421)) - XceiverServerRatis 1ed6dadd-b0b2-432b-85f8-e2d308be821a is started using port 46532
2019-09-25 05:53:58,060 [Datanode State Machine Thread - 0] INFO  ratis.XceiverServerRatis (XceiverServerRatis.java:start(421)) - XceiverServerRatis 511ff9a4-402a-459c-948c-b9450b1400e6 is started using port 38058
2019-09-25 05:53:58,069 [Datanode State Machine Thread - 0] INFO  server.XceiverServerGrpc (XceiverServerGrpc.java:start(149)) - XceiverServerGrpc 511ff9a4-402a-459c-948c-b9450b1400e6 is started using port 44230
2019-09-25 05:53:58,069 [Datanode State Machine Thread - 0] INFO  server.XceiverServerGrpc (XceiverServerGrpc.java:start(149)) - XceiverServerGrpc bb2366d0-9f8a-4c88-bd20-7ec32ce3238d is started using port 42339
2019-09-25 05:53:58,069 [Datanode State Machine Thread - 0] INFO  server.XceiverServerGrpc (XceiverServerGrpc.java:start(149)) - XceiverServerGrpc 03645d2f-1e20-4e0d-8661-d0c7ee952eef is started using port 34643
2019-09-25 05:53:58,069 [Datanode State Machine Thread - 0] INFO  server.XceiverServerGrpc (XceiverServerGrpc.java:start(149)) - XceiverServerGrpc 40dcd630-ad01-41c1-945d-8b29a9b08b55 is started using port 38034
2019-09-25 05:53:58,069 [Datanode State Machine Thread - 0] INFO  server.XceiverServerGrpc (XceiverServerGrpc.java:start(149)) - XceiverServerGrpc 1ed6dadd-b0b2-432b-85f8-e2d308be821a is started using port 33952
2019-09-25 05:53:58,604 [main] INFO  ozone.MiniOzoneClusterImpl (MiniOzoneClusterImpl.java:lambda$waitForClusterToBeReady$0(147)) - Waiting for cluster to be ready. Got 0 of 5 DN Heartbeats.
2019-09-25 05:53:59,308 [IPC Server handler 0 on 42981] INFO  net.NetworkTopology (NetworkTopologyImpl.java:add(111)) - Added a new node: /default-rack/03645d2f-1e20-4e0d-8661-d0c7ee952eef
2019-09-25 05:53:59,309 [IPC Server handler 0 on 42981] INFO  node.SCMNodeManager (SCMNodeManager.java:register(266)) - Registered Data node : 03645d2f-1e20-4e0d-8661-d0c7ee952eef{ip: 192.168.164.207, host: pr-hdds-1569-s44lr-3492059363, networkLocation: /default-rack, certSerialId: null}
2019-09-25 05:53:59,312 [EventQueue-NodeRegistrationContainerReportForDataNodeSafeModeRule] INFO  safemode.SCMSafeModeManager (DataNodeSafeModeRule.java:process(71)) - SCM in safe mode. 1 DataNodes registered, 1 required.
2019-09-25 05:53:59,313 [EventQueue-NodeRegistrationContainerReportForDataNodeSafeModeRule] INFO  safemode.SCMSafeModeManager (SCMSafeModeManager.java:validateSafeModeExitRules(177)) - ScmSafeModeManager, all rules are successfully validated
2019-09-25 05:53:59,313 [EventQueue-NodeRegistrationContainerReportForDataNodeSafeModeRule] INFO  safemode.SCMSafeModeManager (SCMSafeModeManager.java:exitSafeMode(193)) - SCM exiting safe mode.
2019-09-25 05:53:59,371 [IPC Server handler 1 on 42981] INFO  net.NetworkTopology (NetworkTopologyImpl.java:add(111)) - Added a new node: /default-rack/40dcd630-ad01-41c1-945d-8b29a9b08b55
2019-09-25 05:53:59,372 [IPC Server handler 1 on 42981] INFO  node.SCMNodeManager (SCMNodeManager.java:register(266)) - Registered Data node : 40dcd630-ad01-41c1-945d-8b29a9b08b55{ip: 192.168.164.207, host: pr-hdds-1569-s44lr-3492059363, networkLocation: /default-rack, certSerialId: null}
2019-09-25 05:53:59,460 [IPC Server handler 2 on 42981] INFO  net.NetworkTopology (NetworkTopologyImpl.java:add(111)) - Added a new node: /default-rack/1ed6dadd-b0b2-432b-85f8-e2d308be821a
2019-09-25 05:53:59,461 [IPC Server handler 2 on 42981] INFO  node.SCMNodeManager (SCMNodeManager.java:register(266)) - Registered Data node : 1ed6dadd-b0b2-432b-85f8-e2d308be821a{ip: 192.168.164.207, host: pr-hdds-1569-s44lr-3492059363, networkLocation: /default-rack, certSerialId: null}
2019-09-25 05:53:59,540 [IPC Server handler 4 on 42981] INFO  net.NetworkTopology (NetworkTopologyImpl.java:add(111)) - Added a new node: /default-rack/511ff9a4-402a-459c-948c-b9450b1400e6
2019-09-25 05:53:59,540 [IPC Server handler 4 on 42981] INFO  node.SCMNodeManager (SCMNodeManager.java:register(266)) - Registered Data node : 511ff9a4-402a-459c-948c-b9450b1400e6{ip: 192.168.164.207, host: pr-hdds-1569-s44lr-3492059363, networkLocation: /default-rack, certSerialId: null}
2019-09-25 05:53:59,605 [main] INFO  ozone.MiniOzoneClusterImpl (MiniOzoneClusterImpl.java:lambda$waitForClusterToBeReady$0(147)) - Waiting for cluster to be ready. Got 4 of 5 DN Heartbeats.
2019-09-25 05:53:59,605 [IPC Server handler 6 on 42981] INFO  net.NetworkTopology (NetworkTopologyImpl.java:add(111)) - Added a new node: /default-rack/bb2366d0-9f8a-4c88-bd20-7ec32ce3238d
2019-09-25 05:53:59,606 [IPC Server handler 6 on 42981] INFO  node.SCMNodeManager (SCMNodeManager.java:register(266)) - Registered Data node : bb2366d0-9f8a-4c88-bd20-7ec32ce3238d{ip: 192.168.164.207, host: pr-hdds-1569-s44lr-3492059363, networkLocation: /default-rack, certSerialId: null}
2019-09-25 05:53:59,770 [grpc-default-executor-0] INFO  impl.RaftServerProxy (RaftServerProxy.java:addNew(89)) - 03645d2f-1e20-4e0d-8661-d0c7ee952eef: addNew group-1005C0481B44:[03645d2f-1e20-4e0d-8661-d0c7ee952eef:192.168.164.207:38201] returns group-1005C0481B44:java.util.concurrent.CompletableFuture@29186647[Not completed]
2019-09-25 05:53:59,797 [pool-27-thread-1] INFO  impl.RaftServerImpl (RaftServerImpl.java:<init>(95)) - 03645d2f-1e20-4e0d-8661-d0c7ee952eef: new RaftServerImpl for group-1005C0481B44:[03645d2f-1e20-4e0d-8661-d0c7ee952eef:192.168.164.207:38201] with ContainerStateMachine:uninitialized
2019-09-25 05:53:59,799 [pool-27-thread-1] INFO  server.RaftServerConfigKeys (ConfUtils.java:logGet(43)) - raft.server.rpc.timeout.min = 5s (custom)
2019-09-25 05:53:59,801 [pool-27-thread-1] INFO  server.RaftServerConfigKeys (ConfUtils.java:logGet(43)) - raft.server.rpc.timeout.max = 5200ms (custom)
2019-09-25 05:53:59,801 [pool-27-thread-1] INFO  server.RaftServerConfigKeys (ConfUtils.java:logGet(43)) - raft.server.rpcslowness.timeout = 120s (custom)
2019-09-25 05:53:59,802 [pool-27-thread-1] INFO  server.RaftServerConfigKeys (ConfUtils.java:logGet(43)) - raft.server.sleep.deviation.threshold = 300 (default)
2019-09-25 05:53:59,803 [pool-27-thread-1] INFO  server.RaftServerConfigKeys (ConfUtils.java:logGet(43)) - raft.server.log.appender.install.snapshot.enabled = false (custom)
2019-09-25 05:53:59,813 [pool-27-thread-1] INFO  impl.RaftServerImpl (ServerState.java:<init>(103)) - 03645d2f-1e20-4e0d-8661-d0c7ee952eef@group-1005C0481B44: ConfigurationManager, init=-1: [03645d2f-1e20-4e0d-8661-d0c7ee952eef:192.168.164.207:38201], old=null, confs=<EMPTY_MAP>
2019-09-25 05:53:59,813 [pool-27-thread-1] INFO  server.RaftServerConfigKeys (ConfUtils.java:logGet(43)) - raft.server.storage.dir = [/workdir/hadoop-ozone/integration-test/target/test-dir/MiniOzoneClusterImpl-4a157921-bac8-4948-8ccf-f55fe74fd98a/datanode-0/data/ratis] (custom)
2019-09-25 05:53:59,822 [pool-27-thread-1] INFO  storage.RaftStorageDirectory (RaftStorageDirectory.java:analyzeStorage(246)) - The storage directory /workdir/hadoop-ozone/integration-test/target/test-dir/MiniOzoneClusterImpl-4a157921-bac8-4948-8ccf-f55fe74fd98a/datanode-0/data/ratis/3705d26f-bf5e-4450-b2e0-1005c0481b44 does not exist. Creating ...
2019-09-25 05:53:59,841 [pool-27-thread-1] INFO  storage.RaftStorageDirectory (RaftStorageDirectory.java:tryLock(328)) - Lock on /workdir/hadoop-ozone/integration-test/target/test-dir/MiniOzoneClusterImpl-4a157921-bac8-4948-8ccf-f55fe74fd98a/datanode-0/data/ratis/3705d26f-bf5e-4450-b2e0-1005c0481b44/in_use.lock acquired by nodename 10436@pr-hdds-1569-s44lr-3492059363
2019-09-25 05:53:59,856 [pool-27-thread-1] INFO  storage.RaftStorage (RaftStorage.java:format(72)) - Storage directory /workdir/hadoop-ozone/integration-test/target/test-dir/MiniOzoneClusterImpl-4a157921-bac8-4948-8ccf-f55fe74fd98a/datanode-0/data/ratis/3705d26f-bf5e-4450-b2e0-1005c0481b44 has been successfully formatted.
2019-09-25 05:53:59,859 [pool-27-thread-1] INFO  ratis.ContainerStateMachine (ContainerStateMachine.java:loadSnapshot(230)) - group-1005C0481B44: The snapshot info is null. Setting the last applied indexto:(t:0, i:~)
2019-09-25 05:53:59,859 [pool-27-thread-1] INFO  server.RaftServerConfigKeys (ConfUtils.java:logGet(43)) - raft.server.notification.no-leader.timeout = 120s (custom)
2019-09-25 05:53:59,861 [pool-27-thread-1] INFO  server.RaftServerConfigKeys (ConfUtils.java:logGet(43)) - raft.server.log.use.memory = false (default)
2019-09-25 05:53:59,867 [pool-27-thread-1] INFO  server.RaftServerConfigKeys (ConfUtils.java:logGet(43)) - raft.server.log.purge.gap = 1000000 (custom)
2019-09-25 05:53:59,867 [pool-27-thread-1] INFO  server.RaftServerConfigKeys (ConfUtils.java:logGet(43)) - raft.server.log.appender.buffer.byte-limit = 33554432 (custom)
2019-09-25 05:53:59,869 [pool-27-thread-1] INFO  server.RaftServerConfigKeys (ConfUtils.java:logGet(43)) - raft.server.log.segment.size.max = 1048576 (custom)
2019-09-25 05:53:59,874 [pool-27-thread-1] INFO  server.RaftServerConfigKeys (ConfUtils.java:logGet(43)) - raft.server.log.segment.cache.num.max = 2 (custom)
2019-09-25 05:53:59,879 [pool-27-thread-1] INFO  segmented.SegmentedRaftLogWorker (SegmentedRaftLogWorker.java:<init>(172)) - new 03645d2f-1e20-4e0d-8661-d0c7ee952eef@group-1005C0481B44-SegmentedRaftLogWorker for RaftStorage:Storage Directory /workdir/hadoop-ozone/integration-test/target/test-dir/MiniOzoneClusterImpl-4a157921-bac8-4948-8ccf-f55fe74fd98a/datanode-0/data/ratis/3705d26f-bf5e-4450-b2e0-1005c0481b44
2019-09-25 05:53:59,880 [pool-27-thread-1] INFO  impl.MetricsSystemImpl (MetricsSystemImpl.java:init(158)) - ratis metrics system started (again)
2019-09-25 05:53:59,886 [pool-27-thread-1] INFO  metrics.MetricRegistries (MetricRegistriesLoader.java:load(64)) - Loaded MetricRegistries class org.apache.ratis.metrics.impl.MetricRegistriesImpl
2019-09-25 05:53:59,912 [pool-27-thread-1] INFO  server.RaftServerConfigKeys (ConfUtils.java:logGet(43)) - raft.server.log.queue.byte-limit = 2147483647 (custom)
2019-09-25 05:53:59,912 [pool-27-thread-1] INFO  server.RaftServerConfigKeys (ConfUtils.java:logGet(43)) - raft.server.log.queue.element-limit = 1024 (custom)
2019-09-25 05:53:59,915 [pool-27-thread-1] INFO  server.RaftServerConfigKeys (ConfUtils.java:logGet(43)) - raft.server.log.segment.size.max = 1048576 (custom)
2019-09-25 05:53:59,915 [pool-27-thread-1] INFO  server.RaftServerConfigKeys (ConfUtils.java:logGet(43)) - raft.server.log.preallocated.size = 16384 (custom)
2019-09-25 05:53:59,916 [pool-27-thread-1] INFO  server.RaftServerConfigKeys (ConfUtils.java:logGet(43)) - raft.server.log.write.buffer.size = 33554432 (custom)
2019-09-25 05:53:59,916 [pool-27-thread-1] INFO  server.RaftServerConfigKeys (ConfUtils.java:logGet(43)) - raft.server.log.force.sync.num = 128 (default)
2019-09-25 05:53:59,917 [pool-27-thread-1] INFO  server.RaftServerConfigKeys (ConfUtils.java:logGet(43)) - raft.server.log.statemachine.data.sync = true (default)
2019-09-25 05:53:59,917 [pool-27-thread-1] INFO  server.RaftServerConfigKeys (ConfUtils.java:logGet(43)) - raft.server.log.statemachine.data.sync.timeout = 10s (default)
2019-09-25 05:53:59,918 [pool-27-thread-1] INFO  server.RaftServerConfigKeys (ConfUtils.java:logGet(43)) - raft.server.log.statemachine.data.sync.timeout.retry = -1 (default)
2019-09-25 05:53:59,925 [pool-27-thread-1] INFO  server.RaftServerConfigKeys (ConfUtils.java:logGet(43)) - raft.server.log.statemachine.data.caching.enabled = true (custom)
2019-09-25 05:53:59,929 [pool-27-thread-1] INFO  segmented.SegmentedRaftLogWorker (SegmentedRaftLogWorker.java:lambda$new$0(132)) - 03645d2f-1e20-4e0d-8661-d0c7ee952eef@group-1005C0481B44-SegmentedRaftLogWorker: flushIndex: setUnconditionally 0 -> -1
2019-09-25 05:53:59,933 [pool-27-thread-1] INFO  server.RaftServerConfigKeys (ConfUtils.java:logGet(43)) - raft.server.snapshot.auto.trigger.enabled = true (custom)
2019-09-25 05:53:59,934 [pool-27-thread-1] INFO  server.RaftServerConfigKeys (ConfUtils.java:logGet(43)) - raft.server.snapshot.auto.trigger.threshold = 10000 (custom)
2019-09-25 05:53:59,934 [pool-27-thread-1] INFO  server.RaftServerConfigKeys (ConfUtils.java:logGet(43)) - raft.server.snapshot.retention.num.files = 5 (custom)
2019-09-25 05:53:59,935 [pool-27-thread-1] INFO  server.RaftServerConfigKeys (ConfUtils.java:logGet(43)) - raft.server.retrycache.expirytime = 600000ms (custom)
2019-09-25 05:53:59,960 [pool-27-thread-1] INFO  impl.RaftServerImpl (RaftServerImpl.java:start(185)) - 03645d2f-1e20-4e0d-8661-d0c7ee952eef@group-1005C0481B44: start as a follower, conf=-1: [03645d2f-1e20-4e0d-8661-d0c7ee952eef:192.168.164.207:38201], old=null
2019-09-25 05:53:59,961 [pool-27-thread-1] INFO  impl.RaftServerImpl (RaftServerImpl.java:setRole(174)) - 03645d2f-1e20-4e0d-8661-d0c7ee952eef@group-1005C0481B44: changes role from      null to FOLLOWER at term 0 for startAsFollower
2019-09-25 05:53:59,962 [pool-27-thread-1] INFO  impl.RoleInfo (RoleInfo.java:updateAndGet(143)) - 03645d2f-1e20-4e0d-8661-d0c7ee952eef: start FollowerState
2019-09-25 05:53:59,964 [pool-27-thread-1] INFO  util.JmxRegister (JmxRegister.java:tryRegister(44)) - Successfully registered JMX Bean with object name Ratis:service=RaftServer,group=group-1005C0481B44,id=03645d2f-1e20-4e0d-8661-d0c7ee952eef
2019-09-25 05:54:00,011 [RatisPipelineUtilsThread] INFO  pipeline.PipelineStateManager (PipelineStateManager.java:addPipeline(56)) - Created pipeline Pipeline[ Id: 3705d26f-bf5e-4450-b2e0-1005c0481b44, Nodes: 03645d2f-1e20-4e0d-8661-d0c7ee952eef{ip: 192.168.164.207, host: pr-hdds-1569-s44lr-3492059363, networkLocation: /default-rack, certSerialId: null}, Type:RATIS, Factor:ONE, State:OPEN]
2019-09-25 05:54:00,027 [grpc-default-executor-0] INFO  impl.RaftServerProxy (RaftServerProxy.java:addNew(89)) - 40dcd630-ad01-41c1-945d-8b29a9b08b55: addNew group-1EDC6B0612C1:[40dcd630-ad01-41c1-945d-8b29a9b08b55:192.168.164.207:38778] returns group-1EDC6B0612C1:java.util.concurrent.CompletableFuture@52d0dac8[Not completed]
2019-09-25 05:54:00,062 [pool-37-thread-1] INFO  impl.RaftServerImpl (RaftServerImpl.java:<init>(95)) - 40dcd630-ad01-41c1-945d-8b29a9b08b55: new RaftServerImpl for group-1EDC6B0612C1:[40dcd630-ad01-41c1-945d-8b29a9b08b55:192.168.164.207:38778] with ContainerStateMachine:uninitialized
2019-09-25 05:54:00,063 [pool-37-thread-1] INFO  server.RaftServerConfigKeys (ConfUtils.java:logGet(43)) - raft.server.rpc.timeout.min = 5s (custom)
2019-09-25 05:54:00,063 [pool-37-thread-1] INFO  server.RaftServerConfigKeys (ConfUtils.java:logGet(43)) - raft.server.rpc.timeout.max = 5200ms (custom)
2019-09-25 05:54:00,063 [pool-37-thread-1] INFO  server.RaftServerConfigKeys (ConfUtils.java:logGet(43)) - raft.server.rpcslowness.timeout = 120s (custom)
2019-09-25 05:54:00,063 [pool-37-thread-1] INFO  server.RaftServerConfigKeys (ConfUtils.java:logGet(43)) - raft.server.sleep.deviation.threshold = 300 (default)
2019-09-25 05:54:00,063 [pool-37-thread-1] INFO  server.RaftServerConfigKeys (ConfUtils.java:logGet(43)) - raft.server.log.appender.install.snapshot.enabled = false (custom)
2019-09-25 05:54:00,063 [pool-37-thread-1] INFO  impl.RaftServerImpl (ServerState.java:<init>(103)) - 40dcd630-ad01-41c1-945d-8b29a9b08b55@group-1EDC6B0612C1: ConfigurationManager, init=-1: [40dcd630-ad01-41c1-945d-8b29a9b08b55:192.168.164.207:38778], old=null, confs=<EMPTY_MAP>
2019-09-25 05:54:00,064 [pool-37-thread-1] INFO  server.RaftServerConfigKeys (ConfUtils.java:logGet(43)) - raft.server.storage.dir = [/workdir/hadoop-ozone/integration-test/target/test-dir/MiniOzoneClusterImpl-4a157921-bac8-4948-8ccf-f55fe74fd98a/datanode-1/data/ratis] (custom)
2019-09-25 05:54:00,064 [pool-37-thread-1] INFO  storage.RaftStorageDirectory (RaftStorageDirectory.java:analyzeStorage(246)) - The storage directory /workdir/hadoop-ozone/integration-test/target/test-dir/MiniOzoneClusterImpl-4a157921-bac8-4948-8ccf-f55fe74fd98a/datanode-1/data/ratis/60a8d3d6-e4f7-4a4f-b8f2-1edc6b0612c1 does not exist. Creating ...
2019-09-25 05:54:00,078 [pool-37-thread-1] INFO  storage.RaftStorageDirectory (RaftStorageDirectory.java:tryLock(328)) - Lock on /workdir/hadoop-ozone/integration-test/target/test-dir/MiniOzoneClusterImpl-4a157921-bac8-4948-8ccf-f55fe74fd98a/datanode-1/data/ratis/60a8d3d6-e4f7-4a4f-b8f2-1edc6b0612c1/in_use.lock acquired by nodename 10436@pr-hdds-1569-s44lr-3492059363
2019-09-25 05:54:00,091 [pool-37-thread-1] INFO  storage.RaftStorage (RaftStorage.java:format(72)) - Storage directory /workdir/hadoop-ozone/integration-test/target/test-dir/MiniOzoneClusterImpl-4a157921-bac8-4948-8ccf-f55fe74fd98a/datanode-1/data/ratis/60a8d3d6-e4f7-4a4f-b8f2-1edc6b0612c1 has been successfully formatted.
2019-09-25 05:54:00,094 [pool-37-thread-1] INFO  ratis.ContainerStateMachine (ContainerStateMachine.java:loadSnapshot(230)) - group-1EDC6B0612C1: The snapshot info is null. Setting the last applied indexto:(t:0, i:~)
2019-09-25 05:54:00,094 [pool-37-thread-1] INFO  server.RaftServerConfigKeys (ConfUtils.java:logGet(43)) - raft.server.notification.no-leader.timeout = 120s (custom)
2019-09-25 05:54:00,094 [pool-37-thread-1] INFO  server.RaftServerConfigKeys (ConfUtils.java:logGet(43)) - raft.server.log.use.memory = false (default)
2019-09-25 05:54:00,094 [pool-37-thread-1] INFO  server.RaftServerConfigKeys (ConfUtils.java:logGet(43)) - raft.server.log.purge.gap = 1000000 (custom)
2019-09-25 05:54:00,094 [pool-37-thread-1] INFO  server.RaftServerConfigKeys (ConfUtils.java:logGet(43)) - raft.server.log.appender.buffer.byte-limit = 33554432 (custom)
2019-09-25 05:54:00,095 [pool-37-thread-1] INFO  server.RaftServerConfigKeys (ConfUtils.java:logGet(43)) - raft.server.log.segment.size.max = 1048576 (custom)
2019-09-25 05:54:00,095 [pool-37-thread-1] INFO  server.RaftServerConfigKeys (ConfUtils.java:logGet(43)) - raft.server.log.segment.cache.num.max = 2 (custom)
2019-09-25 05:54:00,095 [pool-37-thread-1] INFO  segmented.SegmentedRaftLogWorker (SegmentedRaftLogWorker.java:<init>(172)) - new 40dcd630-ad01-41c1-945d-8b29a9b08b55@group-1EDC6B0612C1-SegmentedRaftLogWorker for RaftStorage:Storage Directory /workdir/hadoop-ozone/integration-test/target/test-dir/MiniOzoneClusterImpl-4a157921-bac8-4948-8ccf-f55fe74fd98a/datanode-1/data/ratis/60a8d3d6-e4f7-4a4f-b8f2-1edc6b0612c1
2019-09-25 05:54:00,101 [pool-37-thread-1] INFO  server.RaftServerConfigKeys (ConfUtils.java:logGet(43)) - raft.server.log.queue.byte-limit = 2147483647 (custom)
2019-09-25 05:54:00,102 [pool-37-thread-1] INFO  server.RaftServerConfigKeys (ConfUtils.java:logGet(43)) - raft.server.log.queue.element-limit = 1024 (custom)
2019-09-25 05:54:00,102 [pool-37-thread-1] INFO  server.RaftServerConfigKeys (ConfUtils.java:logGet(43)) - raft.server.log.segment.size.max = 1048576 (custom)
2019-09-25 05:54:00,102 [pool-37-thread-1] INFO  server.RaftServerConfigKeys (ConfUtils.java:logGet(43)) - raft.server.log.preallocated.size = 16384 (custom)
2019-09-25 05:54:00,102 [pool-37-thread-1] INFO  server.RaftServerConfigKeys (ConfUtils.java:logGet(43)) - raft.server.log.write.buffer.size = 33554432 (custom)
2019-09-25 05:54:00,103 [pool-37-thread-1] INFO  server.RaftServerConfigKeys (ConfUtils.java:logGet(43)) - raft.server.log.force.sync.num = 128 (default)
2019-09-25 05:54:00,103 [pool-37-thread-1] INFO  server.RaftServerConfigKeys (ConfUtils.java:logGet(43)) - raft.server.log.statemachine.data.sync = true (default)
2019-09-25 05:54:00,103 [pool-37-thread-1] INFO  server.RaftServerConfigKeys (ConfUtils.java:logGet(43)) - raft.server.log.statemachine.data.sync.timeout = 10s (default)
2019-09-25 05:54:00,103 [pool-37-thread-1] INFO  server.RaftServerConfigKeys (ConfUtils.java:logGet(43)) - raft.server.log.statemachine.data.sync.timeout.retry = -1 (default)
2019-09-25 05:54:00,104 [pool-37-thread-1] INFO  server.RaftServerConfigKeys (ConfUtils.java:logGet(43)) - raft.server.log.statemachine.data.caching.enabled = true (custom)
2019-09-25 05:54:00,104 [pool-37-thread-1] INFO  segmented.SegmentedRaftLogWorker (SegmentedRaftLogWorker.java:lambda$new$0(132)) - 40dcd630-ad01-41c1-945d-8b29a9b08b55@group-1EDC6B0612C1-SegmentedRaftLogWorker: flushIndex: setUnconditionally 0 -> -1
2019-09-25 05:54:00,104 [pool-37-thread-1] INFO  server.RaftServerConfigKeys (ConfUtils.java:logGet(43)) - raft.server.snapshot.auto.trigger.enabled = true (custom)
2019-09-25 05:54:00,105 [pool-37-thread-1] INFO  server.RaftServerConfigKeys (ConfUtils.java:logGet(43)) - raft.server.snapshot.auto.trigger.threshold = 10000 (custom)
2019-09-25 05:54:00,105 [pool-37-thread-1] INFO  server.RaftServerConfigKeys (ConfUtils.java:logGet(43)) - raft.server.snapshot.retention.num.files = 5 (custom)
2019-09-25 05:54:00,105 [pool-37-thread-1] INFO  server.RaftServerConfigKeys (ConfUtils.java:logGet(43)) - raft.server.retrycache.expirytime = 600000ms (custom)
2019-09-25 05:54:00,111 [pool-37-thread-1] INFO  impl.RaftServerImpl (RaftServerImpl.java:start(185)) - 40dcd630-ad01-41c1-945d-8b29a9b08b55@group-1EDC6B0612C1: start as a follower, conf=-1: [40dcd630-ad01-41c1-945d-8b29a9b08b55:192.168.164.207:38778], old=null
2019-09-25 05:54:00,111 [pool-37-thread-1] INFO  impl.RaftServerImpl (RaftServerImpl.java:setRole(174)) - 40dcd630-ad01-41c1-945d-8b29a9b08b55@group-1EDC6B0612C1: changes role from      null to FOLLOWER at term 0 for startAsFollower
2019-09-25 05:54:00,111 [pool-37-thread-1] INFO  impl.RoleInfo (RoleInfo.java:updateAndGet(143)) - 40dcd630-ad01-41c1-945d-8b29a9b08b55: start FollowerState
2019-09-25 05:54:00,112 [pool-37-thread-1] INFO  util.JmxRegister (JmxRegister.java:tryRegister(44)) - Successfully registered JMX Bean with object name Ratis:service=RaftServer,group=group-1EDC6B0612C1,id=40dcd630-ad01-41c1-945d-8b29a9b08b55
2019-09-25 05:54:00,124 [RatisPipelineUtilsThread] INFO  pipeline.PipelineStateManager (PipelineStateManager.java:addPipeline(56)) - Created pipeline Pipeline[ Id: 60a8d3d6-e4f7-4a4f-b8f2-1edc6b0612c1, Nodes: 40dcd630-ad01-41c1-945d-8b29a9b08b55{ip: 192.168.164.207, host: pr-hdds-1569-s44lr-3492059363, networkLocation: /default-rack, certSerialId: null}, Type:RATIS, Factor:ONE, State:OPEN]
2019-09-25 05:54:00,141 [grpc-default-executor-0] INFO  impl.RaftServerProxy (RaftServerProxy.java:addNew(89)) - 1ed6dadd-b0b2-432b-85f8-e2d308be821a: addNew group-5704A4ACA230:[1ed6dadd-b0b2-432b-85f8-e2d308be821a:192.168.164.207:46532] returns group-5704A4ACA230:java.util.concurrent.CompletableFuture@44d13c5c[Not completed]
2019-09-25 05:54:00,159 [pool-47-thread-1] INFO  impl.RaftServerImpl (RaftServerImpl.java:<init>(95)) - 1ed6dadd-b0b2-432b-85f8-e2d308be821a: new RaftServerImpl for group-5704A4ACA230:[1ed6dadd-b0b2-432b-85f8-e2d308be821a:192.168.164.207:46532] with ContainerStateMachine:uninitialized
2019-09-25 05:54:00,159 [pool-47-thread-1] INFO  server.RaftServerConfigKeys (ConfUtils.java:logGet(43)) - raft.server.rpc.timeout.min = 5s (custom)
2019-09-25 05:54:00,159 [pool-47-thread-1] INFO  server.RaftServerConfigKeys (ConfUtils.java:logGet(43)) - raft.server.rpc.timeout.max = 5200ms (custom)
2019-09-25 05:54:00,159 [pool-47-thread-1] INFO  server.RaftServerConfigKeys (ConfUtils.java:logGet(43)) - raft.server.rpcslowness.timeout = 120s (custom)
2019-09-25 05:54:00,160 [pool-47-thread-1] INFO  server.RaftServerConfigKeys (ConfUtils.java:logGet(43)) - raft.server.sleep.deviation.threshold = 300 (default)
2019-09-25 05:54:00,160 [pool-47-thread-1] INFO  server.RaftServerConfigKeys (ConfUtils.java:logGet(43)) - raft.server.log.appender.install.snapshot.enabled = false (custom)
2019-09-25 05:54:00,160 [pool-47-thread-1] INFO  impl.RaftServerImpl (ServerState.java:<init>(103)) - 1ed6dadd-b0b2-432b-85f8-e2d308be821a@group-5704A4ACA230: ConfigurationManager, init=-1: [1ed6dadd-b0b2-432b-85f8-e2d308be821a:192.168.164.207:46532], old=null, confs=<EMPTY_MAP>
2019-09-25 05:54:00,160 [pool-47-thread-1] INFO  server.RaftServerConfigKeys (ConfUtils.java:logGet(43)) - raft.server.storage.dir = [/workdir/hadoop-ozone/integration-test/target/test-dir/MiniOzoneClusterImpl-4a157921-bac8-4948-8ccf-f55fe74fd98a/datanode-2/data/ratis] (custom)
2019-09-25 05:54:00,161 [pool-47-thread-1] INFO  storage.RaftStorageDirectory (RaftStorageDirectory.java:analyzeStorage(246)) - The storage directory /workdir/hadoop-ozone/integration-test/target/test-dir/MiniOzoneClusterImpl-4a157921-bac8-4948-8ccf-f55fe74fd98a/datanode-2/data/ratis/b5365667-7425-4519-bc63-5704a4aca230 does not exist. Creating ...
2019-09-25 05:54:00,174 [pool-47-thread-1] INFO  storage.RaftStorageDirectory (RaftStorageDirectory.java:tryLock(328)) - Lock on /workdir/hadoop-ozone/integration-test/target/test-dir/MiniOzoneClusterImpl-4a157921-bac8-4948-8ccf-f55fe74fd98a/datanode-2/data/ratis/b5365667-7425-4519-bc63-5704a4aca230/in_use.lock acquired by nodename 10436@pr-hdds-1569-s44lr-3492059363
2019-09-25 05:54:00,187 [pool-47-thread-1] INFO  storage.RaftStorage (RaftStorage.java:format(72)) - Storage directory /workdir/hadoop-ozone/integration-test/target/test-dir/MiniOzoneClusterImpl-4a157921-bac8-4948-8ccf-f55fe74fd98a/datanode-2/data/ratis/b5365667-7425-4519-bc63-5704a4aca230 has been successfully formatted.
2019-09-25 05:54:00,189 [pool-47-thread-1] INFO  ratis.ContainerStateMachine (ContainerStateMachine.java:loadSnapshot(230)) - group-5704A4ACA230: The snapshot info is null. Setting the last applied indexto:(t:0, i:~)
2019-09-25 05:54:00,190 [pool-47-thread-1] INFO  server.RaftServerConfigKeys (ConfUtils.java:logGet(43)) - raft.server.notification.no-leader.timeout = 120s (custom)
2019-09-25 05:54:00,190 [pool-47-thread-1] INFO  server.RaftServerConfigKeys (ConfUtils.java:logGet(43)) - raft.server.log.use.memory = false (default)
2019-09-25 05:54:00,191 [pool-47-thread-1] INFO  server.RaftServerConfigKeys (ConfUtils.java:logGet(43)) - raft.server.log.purge.gap = 1000000 (custom)
2019-09-25 05:54:00,191 [pool-47-thread-1] INFO  server.RaftServerConfigKeys (ConfUtils.java:logGet(43)) - raft.server.log.appender.buffer.byte-limit = 33554432 (custom)
2019-09-25 05:54:00,191 [pool-47-thread-1] INFO  server.RaftServerConfigKeys (ConfUtils.java:logGet(43)) - raft.server.log.segment.size.max = 1048576 (custom)
2019-09-25 05:54:00,191 [pool-47-thread-1] INFO  server.RaftServerConfigKeys (ConfUtils.java:logGet(43)) - raft.server.log.segment.cache.num.max = 2 (custom)
2019-09-25 05:54:00,191 [pool-47-thread-1] INFO  segmented.SegmentedRaftLogWorker (SegmentedRaftLogWorker.java:<init>(172)) - new 1ed6dadd-b0b2-432b-85f8-e2d308be821a@group-5704A4ACA230-SegmentedRaftLogWorker for RaftStorage:Storage Directory /workdir/hadoop-ozone/integration-test/target/test-dir/MiniOzoneClusterImpl-4a157921-bac8-4948-8ccf-f55fe74fd98a/datanode-2/data/ratis/b5365667-7425-4519-bc63-5704a4aca230
2019-09-25 05:54:00,230 [pool-47-thread-1] INFO  server.RaftServerConfigKeys (ConfUtils.java:logGet(43)) - raft.server.log.queue.byte-limit = 2147483647 (custom)
2019-09-25 05:54:00,230 [pool-47-thread-1] INFO  server.RaftServerConfigKeys (ConfUtils.java:logGet(43)) - raft.server.log.queue.element-limit = 1024 (custom)
2019-09-25 05:54:00,230 [pool-47-thread-1] INFO  server.RaftServerConfigKeys (ConfUtils.java:logGet(43)) - raft.server.log.segment.size.max = 1048576 (custom)
2019-09-25 05:54:00,230 [pool-47-thread-1] INFO  server.RaftServerConfigKeys (ConfUtils.java:logGet(43)) - raft.server.log.preallocated.size = 16384 (custom)
2019-09-25 05:54:00,231 [pool-47-thread-1] INFO  server.RaftServerConfigKeys (ConfUtils.java:logGet(43)) - raft.server.log.write.buffer.size = 33554432 (custom)
2019-09-25 05:54:00,231 [pool-47-thread-1] INFO  server.RaftServerConfigKeys (ConfUtils.java:logGet(43)) - raft.server.log.force.sync.num = 128 (default)
2019-09-25 05:54:00,231 [pool-47-thread-1] INFO  server.RaftServerConfigKeys (ConfUtils.java:logGet(43)) - raft.server.log.statemachine.data.sync = true (default)
2019-09-25 05:54:00,231 [pool-47-thread-1] INFO  server.RaftServerConfigKeys (ConfUtils.java:logGet(43)) - raft.server.log.statemachine.data.sync.timeout = 10s (default)
2019-09-25 05:54:00,231 [pool-47-thread-1] INFO  server.RaftServerConfigKeys (ConfUtils.java:logGet(43)) - raft.server.log.statemachine.data.sync.timeout.retry = -1 (default)
2019-09-25 05:54:00,232 [pool-47-thread-1] INFO  server.RaftServerConfigKeys (ConfUtils.java:logGet(43)) - raft.server.log.statemachine.data.caching.enabled = true (custom)
2019-09-25 05:54:00,232 [pool-47-thread-1] INFO  segmented.SegmentedRaftLogWorker (SegmentedRaftLogWorker.java:lambda$new$0(132)) - 1ed6dadd-b0b2-432b-85f8-e2d308be821a@group-5704A4ACA230-SegmentedRaftLogWorker: flushIndex: setUnconditionally 0 -> -1
2019-09-25 05:54:00,233 [pool-47-thread-1] INFO  server.RaftServerConfigKeys (ConfUtils.java:logGet(43)) - raft.server.snapshot.auto.trigger.enabled = true (custom)
2019-09-25 05:54:00,233 [pool-47-thread-1] INFO  server.RaftServerConfigKeys (ConfUtils.java:logGet(43)) - raft.server.snapshot.auto.trigger.threshold = 10000 (custom)
2019-09-25 05:54:00,233 [pool-47-thread-1] INFO  server.RaftServerConfigKeys (ConfUtils.java:logGet(43)) - raft.server.snapshot.retention.num.files = 5 (custom)
2019-09-25 05:54:00,234 [pool-47-thread-1] INFO  server.RaftServerConfigKeys (ConfUtils.java:logGet(43)) - raft.server.retrycache.expirytime = 600000ms (custom)
2019-09-25 05:54:00,239 [pool-47-thread-1] INFO  impl.RaftServerImpl (RaftServerImpl.java:start(185)) - 1ed6dadd-b0b2-432b-85f8-e2d308be821a@group-5704A4ACA230: start as a follower, conf=-1: [1ed6dadd-b0b2-432b-85f8-e2d308be821a:192.168.164.207:46532], old=null
2019-09-25 05:54:00,239 [pool-47-thread-1] INFO  impl.RaftServerImpl (RaftServerImpl.java:setRole(174)) - 1ed6dadd-b0b2-432b-85f8-e2d308be821a@group-5704A4ACA230: changes role from      null to FOLLOWER at term 0 for startAsFollower
2019-09-25 05:54:00,240 [pool-47-thread-1] INFO  impl.RoleInfo (RoleInfo.java:updateAndGet(143)) - 1ed6dadd-b0b2-432b-85f8-e2d308be821a: start FollowerState
2019-09-25 05:54:00,241 [pool-47-thread-1] INFO  util.JmxRegister (JmxRegister.java:tryRegister(44)) - Successfully registered JMX Bean with object name Ratis:service=RaftServer,group=group-5704A4ACA230,id=1ed6dadd-b0b2-432b-85f8-e2d308be821a
2019-09-25 05:54:00,255 [RatisPipelineUtilsThread] INFO  pipeline.PipelineStateManager (PipelineStateManager.java:addPipeline(56)) - Created pipeline Pipeline[ Id: b5365667-7425-4519-bc63-5704a4aca230, Nodes: 1ed6dadd-b0b2-432b-85f8-e2d308be821a{ip: 192.168.164.207, host: pr-hdds-1569-s44lr-3492059363, networkLocation: /default-rack, certSerialId: null}, Type:RATIS, Factor:ONE, State:OPEN]
2019-09-25 05:54:00,272 [grpc-default-executor-0] INFO  impl.RaftServerProxy (RaftServerProxy.java:addNew(89)) - 40dcd630-ad01-41c1-945d-8b29a9b08b55: addNew group-22904BB71DE0:[40dcd630-ad01-41c1-945d-8b29a9b08b55:192.168.164.207:38778] returns group-22904BB71DE0:java.util.concurrent.CompletableFuture@69910873[Not completed]
2019-09-25 05:54:00,274 [pool-37-thread-1] INFO  impl.RaftServerImpl (RaftServerImpl.java:<init>(95)) - 40dcd630-ad01-41c1-945d-8b29a9b08b55: new RaftServerImpl for group-22904BB71DE0:[40dcd630-ad01-41c1-945d-8b29a9b08b55:192.168.164.207:38778] with ContainerStateMachine:uninitialized
2019-09-25 05:54:00,274 [pool-37-thread-1] INFO  server.RaftServerConfigKeys (ConfUtils.java:logGet(43)) - raft.server.rpc.timeout.min = 5s (custom)
2019-09-25 05:54:00,274 [pool-37-thread-1] INFO  server.RaftServerConfigKeys (ConfUtils.java:logGet(43)) - raft.server.rpc.timeout.max = 5200ms (custom)
2019-09-25 05:54:00,274 [pool-37-thread-1] INFO  server.RaftServerConfigKeys (ConfUtils.java:logGet(43)) - raft.server.rpcslowness.timeout = 120s (custom)
2019-09-25 05:54:00,274 [pool-37-thread-1] INFO  server.RaftServerConfigKeys (ConfUtils.java:logGet(43)) - raft.server.sleep.deviation.threshold = 300 (default)
2019-09-25 05:54:00,274 [pool-37-thread-1] INFO  server.RaftServerConfigKeys (ConfUtils.java:logGet(43)) - raft.server.log.appender.install.snapshot.enabled = false (custom)
2019-09-25 05:54:00,275 [pool-37-thread-1] INFO  impl.RaftServerImpl (ServerState.java:<init>(103)) - 40dcd630-ad01-41c1-945d-8b29a9b08b55@group-22904BB71DE0: ConfigurationManager, init=-1: [40dcd630-ad01-41c1-945d-8b29a9b08b55:192.168.164.207:38778], old=null, confs=<EMPTY_MAP>
2019-09-25 05:54:00,275 [pool-37-thread-1] INFO  server.RaftServerConfigKeys (ConfUtils.java:logGet(43)) - raft.server.storage.dir = [/workdir/hadoop-ozone/integration-test/target/test-dir/MiniOzoneClusterImpl-4a157921-bac8-4948-8ccf-f55fe74fd98a/datanode-1/data/ratis] (custom)
2019-09-25 05:54:00,275 [pool-37-thread-1] INFO  storage.RaftStorageDirectory (RaftStorageDirectory.java:analyzeStorage(246)) - The storage directory /workdir/hadoop-ozone/integration-test/target/test-dir/MiniOzoneClusterImpl-4a157921-bac8-4948-8ccf-f55fe74fd98a/datanode-1/data/ratis/856004f2-8cd7-46cd-b4a6-22904bb71de0 does not exist. Creating ...
2019-09-25 05:54:00,288 [pool-37-thread-1] INFO  storage.RaftStorageDirectory (RaftStorageDirectory.java:tryLock(328)) - Lock on /workdir/hadoop-ozone/integration-test/target/test-dir/MiniOzoneClusterImpl-4a157921-bac8-4948-8ccf-f55fe74fd98a/datanode-1/data/ratis/856004f2-8cd7-46cd-b4a6-22904bb71de0/in_use.lock acquired by nodename 10436@pr-hdds-1569-s44lr-3492059363
2019-09-25 05:54:00,301 [pool-37-thread-1] INFO  storage.RaftStorage (RaftStorage.java:format(72)) - Storage directory /workdir/hadoop-ozone/integration-test/target/test-dir/MiniOzoneClusterImpl-4a157921-bac8-4948-8ccf-f55fe74fd98a/datanode-1/data/ratis/856004f2-8cd7-46cd-b4a6-22904bb71de0 has been successfully formatted.
2019-09-25 05:54:00,302 [pool-37-thread-1] INFO  ratis.ContainerStateMachine (ContainerStateMachine.java:loadSnapshot(230)) - group-22904BB71DE0: The snapshot info is null. Setting the last applied indexto:(t:0, i:~)
2019-09-25 05:54:00,302 [pool-37-thread-1] INFO  server.RaftServerConfigKeys (ConfUtils.java:logGet(43)) - raft.server.notification.no-leader.timeout = 120s (custom)
2019-09-25 05:54:00,302 [pool-37-thread-1] INFO  server.RaftServerConfigKeys (ConfUtils.java:logGet(43)) - raft.server.log.use.memory = false (default)
2019-09-25 05:54:00,302 [pool-37-thread-1] INFO  server.RaftServerConfigKeys (ConfUtils.java:logGet(43)) - raft.server.log.purge.gap = 1000000 (custom)
2019-09-25 05:54:00,302 [pool-37-thread-1] INFO  server.RaftServerConfigKeys (ConfUtils.java:logGet(43)) - raft.server.log.appender.buffer.byte-limit = 33554432 (custom)
2019-09-25 05:54:00,302 [pool-37-thread-1] INFO  server.RaftServerConfigKeys (ConfUtils.java:logGet(43)) - raft.server.log.segment.size.max = 1048576 (custom)
2019-09-25 05:54:00,302 [pool-37-thread-1] INFO  server.RaftServerConfigKeys (ConfUtils.java:logGet(43)) - raft.server.log.segment.cache.num.max = 2 (custom)
2019-09-25 05:54:00,303 [pool-37-thread-1] INFO  segmented.SegmentedRaftLogWorker (SegmentedRaftLogWorker.java:<init>(172)) - new 40dcd630-ad01-41c1-945d-8b29a9b08b55@group-22904BB71DE0-SegmentedRaftLogWorker for RaftStorage:Storage Directory /workdir/hadoop-ozone/integration-test/target/test-dir/MiniOzoneClusterImpl-4a157921-bac8-4948-8ccf-f55fe74fd98a/datanode-1/data/ratis/856004f2-8cd7-46cd-b4a6-22904bb71de0
2019-09-25 05:54:00,303 [pool-37-thread-1] INFO  server.RaftServerConfigKeys (ConfUtils.java:logGet(43)) - raft.server.log.queue.byte-limit = 2147483647 (custom)
2019-09-25 05:54:00,303 [pool-37-thread-1] INFO  server.RaftServerConfigKeys (ConfUtils.java:logGet(43)) - raft.server.log.queue.element-limit = 1024 (custom)
2019-09-25 05:54:00,303 [pool-37-thread-1] INFO  server.RaftServerConfigKeys (ConfUtils.java:logGet(43)) - raft.server.log.segment.size.max = 1048576 (custom)
2019-09-25 05:54:00,303 [pool-37-thread-1] INFO  server.RaftServerConfigKeys (ConfUtils.java:logGet(43)) - raft.server.log.preallocated.size = 16384 (custom)
2019-09-25 05:54:00,303 [pool-37-thread-1] INFO  server.RaftServerConfigKeys (ConfUtils.java:logGet(43)) - raft.server.log.write.buffer.size = 33554432 (custom)
2019-09-25 05:54:00,303 [pool-37-thread-1] INFO  server.RaftServerConfigKeys (ConfUtils.java:logGet(43)) - raft.server.log.force.sync.num = 128 (default)
2019-09-25 05:54:00,303 [pool-37-thread-1] INFO  server.RaftServerConfigKeys (ConfUtils.java:logGet(43)) - raft.server.log.statemachine.data.sync = true (default)
2019-09-25 05:54:00,304 [pool-37-thread-1] INFO  server.RaftServerConfigKeys (ConfUtils.java:logGet(43)) - raft.server.log.statemachine.data.sync.timeout = 10s (default)
2019-09-25 05:54:00,304 [pool-37-thread-1] INFO  server.RaftServerConfigKeys (ConfUtils.java:logGet(43)) - raft.server.log.statemachine.data.sync.timeout.retry = -1 (default)
2019-09-25 05:54:00,304 [pool-37-thread-1] INFO  server.RaftServerConfigKeys (ConfUtils.java:logGet(43)) - raft.server.log.statemachine.data.caching.enabled = true (custom)
2019-09-25 05:54:00,304 [pool-37-thread-1] INFO  segmented.SegmentedRaftLogWorker (SegmentedRaftLogWorker.java:lambda$new$0(132)) - 40dcd630-ad01-41c1-945d-8b29a9b08b55@group-22904BB71DE0-SegmentedRaftLogWorker: flushIndex: setUnconditionally 0 -> -1
2019-09-25 05:54:00,304 [pool-37-thread-1] INFO  server.RaftServerConfigKeys (ConfUtils.java:logGet(43)) - raft.server.snapshot.auto.trigger.enabled = true (custom)
2019-09-25 05:54:00,305 [pool-37-thread-1] INFO  server.RaftServerConfigKeys (ConfUtils.java:logGet(43)) - raft.server.snapshot.auto.trigger.threshold = 10000 (custom)
2019-09-25 05:54:00,305 [pool-37-thread-1] INFO  server.RaftServerConfigKeys (ConfUtils.java:logGet(43)) - raft.server.snapshot.retention.num.files = 5 (custom)
2019-09-25 05:54:00,305 [pool-37-thread-1] INFO  server.RaftServerConfigKeys (ConfUtils.java:logGet(43)) - raft.server.retrycache.expirytime = 600000ms (custom)
2019-09-25 05:54:00,309 [pool-37-thread-1] INFO  impl.RaftServerImpl (RaftServerImpl.java:start(185)) - 40dcd630-ad01-41c1-945d-8b29a9b08b55@group-22904BB71DE0: start as a follower, conf=-1: [40dcd630-ad01-41c1-945d-8b29a9b08b55:192.168.164.207:38778], old=null
2019-09-25 05:54:00,309 [pool-37-thread-1] INFO  impl.RaftServerImpl (RaftServerImpl.java:setRole(174)) - 40dcd630-ad01-41c1-945d-8b29a9b08b55@group-22904BB71DE0: changes role from      null to FOLLOWER at term 0 for startAsFollower
2019-09-25 05:54:00,309 [pool-37-thread-1] INFO  impl.RoleInfo (RoleInfo.java:updateAndGet(143)) - 40dcd630-ad01-41c1-945d-8b29a9b08b55: start FollowerState
2019-09-25 05:54:00,309 [pool-37-thread-1] INFO  util.JmxRegister (JmxRegister.java:tryRegister(44)) - Successfully registered JMX Bean with object name Ratis:service=RaftServer,group=group-22904BB71DE0,id=40dcd630-ad01-41c1-945d-8b29a9b08b55
2019-09-25 05:54:00,320 [RatisPipelineUtilsThread] INFO  pipeline.PipelineStateManager (PipelineStateManager.java:addPipeline(56)) - Created pipeline Pipeline[ Id: 856004f2-8cd7-46cd-b4a6-22904bb71de0, Nodes: 40dcd630-ad01-41c1-945d-8b29a9b08b55{ip: 192.168.164.207, host: pr-hdds-1569-s44lr-3492059363, networkLocation: /default-rack, certSerialId: null}, Type:RATIS, Factor:ONE, State:OPEN]
2019-09-25 05:54:00,340 [grpc-default-executor-0] INFO  impl.RaftServerProxy (RaftServerProxy.java:addNew(89)) - 40dcd630-ad01-41c1-945d-8b29a9b08b55: addNew group-274294D649C9:[40dcd630-ad01-41c1-945d-8b29a9b08b55:192.168.164.207:38778] returns group-274294D649C9:java.util.concurrent.CompletableFuture@4453f210[Not completed]
2019-09-25 05:54:00,342 [pool-37-thread-1] INFO  impl.RaftServerImpl (RaftServerImpl.java:<init>(95)) - 40dcd630-ad01-41c1-945d-8b29a9b08b55: new RaftServerImpl for group-274294D649C9:[40dcd630-ad01-41c1-945d-8b29a9b08b55:192.168.164.207:38778] with ContainerStateMachine:uninitialized
2019-09-25 05:54:00,342 [pool-37-thread-1] INFO  server.RaftServerConfigKeys (ConfUtils.java:logGet(43)) - raft.server.rpc.timeout.min = 5s (custom)
2019-09-25 05:54:00,342 [pool-37-thread-1] INFO  server.RaftServerConfigKeys (ConfUtils.java:logGet(43)) - raft.server.rpc.timeout.max = 5200ms (custom)
2019-09-25 05:54:00,342 [pool-37-thread-1] INFO  server.RaftServerConfigKeys (ConfUtils.java:logGet(43)) - raft.server.rpcslowness.timeout = 120s (custom)
2019-09-25 05:54:00,342 [pool-37-thread-1] INFO  server.RaftServerConfigKeys (ConfUtils.java:logGet(43)) - raft.server.sleep.deviation.threshold = 300 (default)
2019-09-25 05:54:00,342 [pool-37-thread-1] INFO  server.RaftServerConfigKeys (ConfUtils.java:logGet(43)) - raft.server.log.appender.install.snapshot.enabled = false (custom)
2019-09-25 05:54:00,343 [pool-37-thread-1] INFO  impl.RaftServerImpl (ServerState.java:<init>(103)) - 40dcd630-ad01-41c1-945d-8b29a9b08b55@group-274294D649C9: ConfigurationManager, init=-1: [40dcd630-ad01-41c1-945d-8b29a9b08b55:192.168.164.207:38778], old=null, confs=<EMPTY_MAP>
2019-09-25 05:54:00,343 [pool-37-thread-1] INFO  server.RaftServerConfigKeys (ConfUtils.java:logGet(43)) - raft.server.storage.dir = [/workdir/hadoop-ozone/integration-test/target/test-dir/MiniOzoneClusterImpl-4a157921-bac8-4948-8ccf-f55fe74fd98a/datanode-1/data/ratis] (custom)
2019-09-25 05:54:00,343 [pool-37-thread-1] INFO  storage.RaftStorageDirectory (RaftStorageDirectory.java:analyzeStorage(246)) - The storage directory /workdir/hadoop-ozone/integration-test/target/test-dir/MiniOzoneClusterImpl-4a157921-bac8-4948-8ccf-f55fe74fd98a/datanode-1/data/ratis/c2cfa3e1-9c8a-484e-9b69-274294d649c9 does not exist. Creating ...
2019-09-25 05:54:00,356 [pool-37-thread-1] INFO  storage.RaftStorageDirectory (RaftStorageDirectory.java:tryLock(328)) - Lock on /workdir/hadoop-ozone/integration-test/target/test-dir/MiniOzoneClusterImpl-4a157921-bac8-4948-8ccf-f55fe74fd98a/datanode-1/data/ratis/c2cfa3e1-9c8a-484e-9b69-274294d649c9/in_use.lock acquired by nodename 10436@pr-hdds-1569-s44lr-3492059363
2019-09-25 05:54:00,368 [pool-37-thread-1] INFO  storage.RaftStorage (RaftStorage.java:format(72)) - Storage directory /workdir/hadoop-ozone/integration-test/target/test-dir/MiniOzoneClusterImpl-4a157921-bac8-4948-8ccf-f55fe74fd98a/datanode-1/data/ratis/c2cfa3e1-9c8a-484e-9b69-274294d649c9 has been successfully formatted.
2019-09-25 05:54:00,369 [pool-37-thread-1] INFO  ratis.ContainerStateMachine (ContainerStateMachine.java:loadSnapshot(230)) - group-274294D649C9: The snapshot info is null. Setting the last applied indexto:(t:0, i:~)
2019-09-25 05:54:00,369 [pool-37-thread-1] INFO  server.RaftServerConfigKeys (ConfUtils.java:logGet(43)) - raft.server.notification.no-leader.timeout = 120s (custom)
2019-09-25 05:54:00,369 [pool-37-thread-1] INFO  server.RaftServerConfigKeys (ConfUtils.java:logGet(43)) - raft.server.log.use.memory = false (default)
2019-09-25 05:54:00,369 [pool-37-thread-1] INFO  server.RaftServerConfigKeys (ConfUtils.java:logGet(43)) - raft.server.log.purge.gap = 1000000 (custom)
2019-09-25 05:54:00,369 [pool-37-thread-1] INFO  server.RaftServerConfigKeys (ConfUtils.java:logGet(43)) - raft.server.log.appender.buffer.byte-limit = 33554432 (custom)
2019-09-25 05:54:00,369 [pool-37-thread-1] INFO  server.RaftServerConfigKeys (ConfUtils.java:logGet(43)) - raft.server.log.segment.size.max = 1048576 (custom)
2019-09-25 05:54:00,370 [pool-37-thread-1] INFO  server.RaftServerConfigKeys (ConfUtils.java:logGet(43)) - raft.server.log.segment.cache.num.max = 2 (custom)
2019-09-25 05:54:00,370 [pool-37-thread-1] INFO  segmented.SegmentedRaftLogWorker (SegmentedRaftLogWorker.java:<init>(172)) - new 40dcd630-ad01-41c1-945d-8b29a9b08b55@group-274294D649C9-SegmentedRaftLogWorker for RaftStorage:Storage Directory /workdir/hadoop-ozone/integration-test/target/test-dir/MiniOzoneClusterImpl-4a157921-bac8-4948-8ccf-f55fe74fd98a/datanode-1/data/ratis/c2cfa3e1-9c8a-484e-9b69-274294d649c9
2019-09-25 05:54:00,370 [pool-37-thread-1] INFO  server.RaftServerConfigKeys (ConfUtils.java:logGet(43)) - raft.server.log.queue.byte-limit = 2147483647 (custom)
2019-09-25 05:54:00,370 [pool-37-thread-1] INFO  server.RaftServerConfigKeys (ConfUtils.java:logGet(43)) - raft.server.log.queue.element-limit = 1024 (custom)
2019-09-25 05:54:00,370 [pool-37-thread-1] INFO  server.RaftServerConfigKeys (ConfUtils.java:logGet(43)) - raft.server.log.segment.size.max = 1048576 (custom)
2019-09-25 05:54:00,370 [pool-37-thread-1] INFO  server.RaftServerConfigKeys (ConfUtils.java:logGet(43)) - raft.server.log.preallocated.size = 16384 (custom)
2019-09-25 05:54:00,371 [pool-37-thread-1] INFO  server.RaftServerConfigKeys (ConfUtils.java:logGet(43)) - raft.server.log.write.buffer.size = 33554432 (custom)
2019-09-25 05:54:00,371 [pool-37-thread-1] INFO  server.RaftServerConfigKeys (ConfUtils.java:logGet(43)) - raft.server.log.force.sync.num = 128 (default)
2019-09-25 05:54:00,371 [pool-37-thread-1] INFO  server.RaftServerConfigKeys (ConfUtils.java:logGet(43)) - raft.server.log.statemachine.data.sync = true (default)
2019-09-25 05:54:00,371 [pool-37-thread-1] INFO  server.RaftServerConfigKeys (ConfUtils.java:logGet(43)) - raft.server.log.statemachine.data.sync.timeout = 10s (default)
2019-09-25 05:54:00,371 [pool-37-thread-1] INFO  server.RaftServerConfigKeys (ConfUtils.java:logGet(43)) - raft.server.log.statemachine.data.sync.timeout.retry = -1 (default)
2019-09-25 05:54:00,371 [pool-37-thread-1] INFO  server.RaftServerConfigKeys (ConfUtils.java:logGet(43)) - raft.server.log.statemachine.data.caching.enabled = true (custom)
2019-09-25 05:54:00,371 [pool-37-thread-1] INFO  segmented.SegmentedRaftLogWorker (SegmentedRaftLogWorker.java:lambda$new$0(132)) - 40dcd630-ad01-41c1-945d-8b29a9b08b55@group-274294D649C9-SegmentedRaftLogWorker: flushIndex: setUnconditionally 0 -> -1
2019-09-25 05:54:00,372 [pool-37-thread-1] INFO  server.RaftServerConfigKeys (ConfUtils.java:logGet(43)) - raft.server.snapshot.auto.trigger.enabled = true (custom)
2019-09-25 05:54:00,372 [pool-37-thread-1] INFO  server.RaftServerConfigKeys (ConfUtils.java:logGet(43)) - raft.server.snapshot.auto.trigger.threshold = 10000 (custom)
2019-09-25 05:54:00,372 [pool-37-thread-1] INFO  server.RaftServerConfigKeys (ConfUtils.java:logGet(43)) - raft.server.snapshot.retention.num.files = 5 (custom)
2019-09-25 05:54:00,372 [pool-37-thread-1] INFO  server.RaftServerConfigKeys (ConfUtils.java:logGet(43)) - raft.server.retrycache.expirytime = 600000ms (custom)
2019-09-25 05:54:00,376 [pool-37-thread-1] INFO  impl.RaftServerImpl (RaftServerImpl.java:start(185)) - 40dcd630-ad01-41c1-945d-8b29a9b08b55@group-274294D649C9: start as a follower, conf=-1: [40dcd630-ad01-41c1-945d-8b29a9b08b55:192.168.164.207:38778], old=null
2019-09-25 05:54:00,376 [pool-37-thread-1] INFO  impl.RaftServerImpl (RaftServerImpl.java:setRole(174)) - 40dcd630-ad01-41c1-945d-8b29a9b08b55@group-274294D649C9: changes role from      null to FOLLOWER at term 0 for startAsFollower
2019-09-25 05:54:00,376 [pool-37-thread-1] INFO  impl.RoleInfo (RoleInfo.java:updateAndGet(143)) - 40dcd630-ad01-41c1-945d-8b29a9b08b55: start FollowerState
2019-09-25 05:54:00,376 [pool-37-thread-1] INFO  util.JmxRegister (JmxRegister.java:tryRegister(44)) - Successfully registered JMX Bean with object name Ratis:service=RaftServer,group=group-274294D649C9,id=40dcd630-ad01-41c1-945d-8b29a9b08b55
2019-09-25 05:54:00,388 [RatisPipelineUtilsThread] INFO  pipeline.PipelineStateManager (PipelineStateManager.java:addPipeline(56)) - Created pipeline Pipeline[ Id: c2cfa3e1-9c8a-484e-9b69-274294d649c9, Nodes: 40dcd630-ad01-41c1-945d-8b29a9b08b55{ip: 192.168.164.207, host: pr-hdds-1569-s44lr-3492059363, networkLocation: /default-rack, certSerialId: null}, Type:RATIS, Factor:ONE, State:OPEN]
2019-09-25 05:54:00,406 [grpc-default-executor-0] INFO  impl.RaftServerProxy (RaftServerProxy.java:addNew(89)) - 03645d2f-1e20-4e0d-8661-d0c7ee952eef: addNew group-1141AE66DB5D:[03645d2f-1e20-4e0d-8661-d0c7ee952eef:192.168.164.207:38201] returns group-1141AE66DB5D:java.util.concurrent.CompletableFuture@282a7ed6[Not completed]
2019-09-25 05:54:00,408 [pool-27-thread-1] INFO  impl.RaftServerImpl (RaftServerImpl.java:<init>(95)) - 03645d2f-1e20-4e0d-8661-d0c7ee952eef: new RaftServerImpl for group-1141AE66DB5D:[03645d2f-1e20-4e0d-8661-d0c7ee952eef:192.168.164.207:38201] with ContainerStateMachine:uninitialized
2019-09-25 05:54:00,408 [pool-27-thread-1] INFO  server.RaftServerConfigKeys (ConfUtils.java:logGet(43)) - raft.server.rpc.timeout.min = 5s (custom)
2019-09-25 05:54:00,408 [pool-27-thread-1] INFO  server.RaftServerConfigKeys (ConfUtils.java:logGet(43)) - raft.server.rpc.timeout.max = 5200ms (custom)
2019-09-25 05:54:00,408 [pool-27-thread-1] INFO  server.RaftServerConfigKeys (ConfUtils.java:logGet(43)) - raft.server.rpcslowness.timeout = 120s (custom)
2019-09-25 05:54:00,409 [pool-27-thread-1] INFO  server.RaftServerConfigKeys (ConfUtils.java:logGet(43)) - raft.server.sleep.deviation.threshold = 300 (default)
2019-09-25 05:54:00,409 [pool-27-thread-1] INFO  server.RaftServerConfigKeys (ConfUtils.java:logGet(43)) - raft.server.log.appender.install.snapshot.enabled = false (custom)
2019-09-25 05:54:00,409 [pool-27-thread-1] INFO  impl.RaftServerImpl (ServerState.java:<init>(103)) - 03645d2f-1e20-4e0d-8661-d0c7ee952eef@group-1141AE66DB5D: ConfigurationManager, init=-1: [03645d2f-1e20-4e0d-8661-d0c7ee952eef:192.168.164.207:38201], old=null, confs=<EMPTY_MAP>
2019-09-25 05:54:00,409 [pool-27-thread-1] INFO  server.RaftServerConfigKeys (ConfUtils.java:logGet(43)) - raft.server.storage.dir = [/workdir/hadoop-ozone/integration-test/target/test-dir/MiniOzoneClusterImpl-4a157921-bac8-4948-8ccf-f55fe74fd98a/datanode-0/data/ratis] (custom)
2019-09-25 05:54:00,410 [pool-27-thread-1] INFO  storage.RaftStorageDirectory (RaftStorageDirectory.java:analyzeStorage(246)) - The storage directory /workdir/hadoop-ozone/integration-test/target/test-dir/MiniOzoneClusterImpl-4a157921-bac8-4948-8ccf-f55fe74fd98a/datanode-0/data/ratis/51f038ce-942b-423c-9ca6-1141ae66db5d does not exist. Creating ...
2019-09-25 05:54:00,423 [pool-27-thread-1] INFO  storage.RaftStorageDirectory (RaftStorageDirectory.java:tryLock(328)) - Lock on /workdir/hadoop-ozone/integration-test/target/test-dir/MiniOzoneClusterImpl-4a157921-bac8-4948-8ccf-f55fe74fd98a/datanode-0/data/ratis/51f038ce-942b-423c-9ca6-1141ae66db5d/in_use.lock acquired by nodename 10436@pr-hdds-1569-s44lr-3492059363
2019-09-25 05:54:00,436 [pool-27-thread-1] INFO  storage.RaftStorage (RaftStorage.java:format(72)) - Storage directory /workdir/hadoop-ozone/integration-test/target/test-dir/MiniOzoneClusterImpl-4a157921-bac8-4948-8ccf-f55fe74fd98a/datanode-0/data/ratis/51f038ce-942b-423c-9ca6-1141ae66db5d has been successfully formatted.
2019-09-25 05:54:00,437 [pool-27-thread-1] INFO  ratis.ContainerStateMachine (ContainerStateMachine.java:loadSnapshot(230)) - group-1141AE66DB5D: The snapshot info is null. Setting the last applied indexto:(t:0, i:~)
2019-09-25 05:54:00,437 [pool-27-thread-1] INFO  server.RaftServerConfigKeys (ConfUtils.java:logGet(43)) - raft.server.notification.no-leader.timeout = 120s (custom)
2019-09-25 05:54:00,437 [pool-27-thread-1] INFO  server.RaftServerConfigKeys (ConfUtils.java:logGet(43)) - raft.server.log.use.memory = false (default)
2019-09-25 05:54:00,437 [pool-27-thread-1] INFO  server.RaftServerConfigKeys (ConfUtils.java:logGet(43)) - raft.server.log.purge.gap = 1000000 (custom)
2019-09-25 05:54:00,438 [pool-27-thread-1] INFO  server.RaftServerConfigKeys (ConfUtils.java:logGet(43)) - raft.server.log.appender.buffer.byte-limit = 33554432 (custom)
2019-09-25 05:54:00,438 [pool-27-thread-1] INFO  server.RaftServerConfigKeys (ConfUtils.java:logGet(43)) - raft.server.log.segment.size.max = 1048576 (custom)
2019-09-25 05:54:00,438 [pool-27-thread-1] INFO  server.RaftServerConfigKeys (ConfUtils.java:logGet(43)) - raft.server.log.segment.cache.num.max = 2 (custom)
2019-09-25 05:54:00,438 [pool-27-thread-1] INFO  segmented.SegmentedRaftLogWorker (SegmentedRaftLogWorker.java:<init>(172)) - new 03645d2f-1e20-4e0d-8661-d0c7ee952eef@group-1141AE66DB5D-SegmentedRaftLogWorker for RaftStorage:Storage Directory /workdir/hadoop-ozone/integration-test/target/test-dir/MiniOzoneClusterImpl-4a157921-bac8-4948-8ccf-f55fe74fd98a/datanode-0/data/ratis/51f038ce-942b-423c-9ca6-1141ae66db5d
2019-09-25 05:54:00,438 [pool-27-thread-1] INFO  server.RaftServerConfigKeys (ConfUtils.java:logGet(43)) - raft.server.log.queue.byte-limit = 2147483647 (custom)
2019-09-25 05:54:00,438 [pool-27-thread-1] INFO  server.RaftServerConfigKeys (ConfUtils.java:logGet(43)) - raft.server.log.queue.element-limit = 1024 (custom)
2019-09-25 05:54:00,439 [pool-27-thread-1] INFO  server.RaftServerConfigKeys (ConfUtils.java:logGet(43)) - raft.server.log.segment.size.max = 1048576 (custom)
2019-09-25 05:54:00,439 [pool-27-thread-1] INFO  server.RaftServerConfigKeys (ConfUtils.java:logGet(43)) - raft.server.log.preallocated.size = 16384 (custom)
2019-09-25 05:54:00,439 [pool-27-thread-1] INFO  server.RaftServerConfigKeys (ConfUtils.java:logGet(43)) - raft.server.log.write.buffer.size = 33554432 (custom)
2019-09-25 05:54:00,439 [pool-27-thread-1] INFO  server.RaftServerConfigKeys (ConfUtils.java:logGet(43)) - raft.server.log.force.sync.num = 128 (default)
2019-09-25 05:54:00,439 [pool-27-thread-1] INFO  server.RaftServerConfigKeys (ConfUtils.java:logGet(43)) - raft.server.log.statemachine.data.sync = true (default)
2019-09-25 05:54:00,439 [pool-27-thread-1] INFO  server.RaftServerConfigKeys (ConfUtils.java:logGet(43)) - raft.server.log.statemachine.data.sync.timeout = 10s (default)
2019-09-25 05:54:00,440 [pool-27-thread-1] INFO  server.RaftServerConfigKeys (ConfUtils.java:logGet(43)) - raft.server.log.statemachine.data.sync.timeout.retry = -1 (default)
2019-09-25 05:54:00,440 [pool-27-thread-1] INFO  server.RaftServerConfigKeys (ConfUtils.java:logGet(43)) - raft.server.log.statemachine.data.caching.enabled = true (custom)
2019-09-25 05:54:00,440 [pool-27-thread-1] INFO  segmented.SegmentedRaftLogWorker (SegmentedRaftLogWorker.java:lambda$new$0(132)) - 03645d2f-1e20-4e0d-8661-d0c7ee952eef@group-1141AE66DB5D-SegmentedRaftLogWorker: flushIndex: setUnconditionally 0 -> -1
2019-09-25 05:54:00,441 [pool-27-thread-1] INFO  server.RaftServerConfigKeys (ConfUtils.java:logGet(43)) - raft.server.snapshot.auto.trigger.enabled = true (custom)
2019-09-25 05:54:00,441 [pool-27-thread-1] INFO  server.RaftServerConfigKeys (ConfUtils.java:logGet(43)) - raft.server.snapshot.auto.trigger.threshold = 10000 (custom)
2019-09-25 05:54:00,441 [pool-27-thread-1] INFO  server.RaftServerConfigKeys (ConfUtils.java:logGet(43)) - raft.server.snapshot.retention.num.files = 5 (custom)
2019-09-25 05:54:00,441 [pool-27-thread-1] INFO  server.RaftServerConfigKeys (ConfUtils.java:logGet(43)) - raft.server.retrycache.expirytime = 600000ms (custom)
2019-09-25 05:54:00,445 [pool-27-thread-1] INFO  impl.RaftServerImpl (RaftServerImpl.java:start(185)) - 03645d2f-1e20-4e0d-8661-d0c7ee952eef@group-1141AE66DB5D: start as a follower, conf=-1: [03645d2f-1e20-4e0d-8661-d0c7ee952eef:192.168.164.207:38201], old=null
2019-09-25 05:54:00,445 [pool-27-thread-1] INFO  impl.RaftServerImpl (RaftServerImpl.java:setRole(174)) - 03645d2f-1e20-4e0d-8661-d0c7ee952eef@group-1141AE66DB5D: changes role from      null to FOLLOWER at term 0 for startAsFollower
2019-09-25 05:54:00,445 [pool-27-thread-1] INFO  impl.RoleInfo (RoleInfo.java:updateAndGet(143)) - 03645d2f-1e20-4e0d-8661-d0c7ee952eef: start FollowerState
2019-09-25 05:54:00,446 [pool-27-thread-1] INFO  util.JmxRegister (JmxRegister.java:tryRegister(44)) - Successfully registered JMX Bean with object name Ratis:service=RaftServer,group=group-1141AE66DB5D,id=03645d2f-1e20-4e0d-8661-d0c7ee952eef
2019-09-25 05:54:00,461 [RatisPipelineUtilsThread] INFO  pipeline.PipelineStateManager (PipelineStateManager.java:addPipeline(56)) - Created pipeline Pipeline[ Id: 51f038ce-942b-423c-9ca6-1141ae66db5d, Nodes: 03645d2f-1e20-4e0d-8661-d0c7ee952eef{ip: 192.168.164.207, host: pr-hdds-1569-s44lr-3492059363, networkLocation: /default-rack, certSerialId: null}, Type:RATIS, Factor:ONE, State:OPEN]
2019-09-25 05:54:00,474 [grpc-default-executor-0] INFO  impl.RaftServerProxy (RaftServerProxy.java:addNew(89)) - 03645d2f-1e20-4e0d-8661-d0c7ee952eef: addNew group-9FD6961C6FAC:[03645d2f-1e20-4e0d-8661-d0c7ee952eef:192.168.164.207:38201] returns group-9FD6961C6FAC:java.util.concurrent.CompletableFuture@121b3f10[Not completed]
2019-09-25 05:54:00,476 [pool-27-thread-1] INFO  impl.RaftServerImpl (RaftServerImpl.java:<init>(95)) - 03645d2f-1e20-4e0d-8661-d0c7ee952eef: new RaftServerImpl for group-9FD6961C6FAC:[03645d2f-1e20-4e0d-8661-d0c7ee952eef:192.168.164.207:38201] with ContainerStateMachine:uninitialized
2019-09-25 05:54:00,477 [pool-27-thread-1] INFO  server.RaftServerConfigKeys (ConfUtils.java:logGet(43)) - raft.server.rpc.timeout.min = 5s (custom)
2019-09-25 05:54:00,477 [pool-27-thread-1] INFO  server.RaftServerConfigKeys (ConfUtils.java:logGet(43)) - raft.server.rpc.timeout.max = 5200ms (custom)
2019-09-25 05:54:00,477 [pool-27-thread-1] INFO  server.RaftServerConfigKeys (ConfUtils.java:logGet(43)) - raft.server.rpcslowness.timeout = 120s (custom)
2019-09-25 05:54:00,477 [pool-27-thread-1] INFO  server.RaftServerConfigKeys (ConfUtils.java:logGet(43)) - raft.server.sleep.deviation.threshold = 300 (default)
2019-09-25 05:54:00,477 [pool-27-thread-1] INFO  server.RaftServerConfigKeys (ConfUtils.java:logGet(43)) - raft.server.log.appender.install.snapshot.enabled = false (custom)
2019-09-25 05:54:00,478 [pool-27-thread-1] INFO  impl.RaftServerImpl (ServerState.java:<init>(103)) - 03645d2f-1e20-4e0d-8661-d0c7ee952eef@group-9FD6961C6FAC: ConfigurationManager, init=-1: [03645d2f-1e20-4e0d-8661-d0c7ee952eef:192.168.164.207:38201], old=null, confs=<EMPTY_MAP>
2019-09-25 05:54:00,478 [pool-27-thread-1] INFO  server.RaftServerConfigKeys (ConfUtils.java:logGet(43)) - raft.server.storage.dir = [/workdir/hadoop-ozone/integration-test/target/test-dir/MiniOzoneClusterImpl-4a157921-bac8-4948-8ccf-f55fe74fd98a/datanode-0/data/ratis] (custom)
2019-09-25 05:54:00,478 [pool-27-thread-1] INFO  storage.RaftStorageDirectory (RaftStorageDirectory.java:analyzeStorage(246)) - The storage directory /workdir/hadoop-ozone/integration-test/target/test-dir/MiniOzoneClusterImpl-4a157921-bac8-4948-8ccf-f55fe74fd98a/datanode-0/data/ratis/3cfaf6bc-e286-45bb-b4e5-9fd6961c6fac does not exist. Creating ...
2019-09-25 05:54:00,491 [pool-27-thread-1] INFO  storage.RaftStorageDirectory (RaftStorageDirectory.java:tryLock(328)) - Lock on /workdir/hadoop-ozone/integration-test/target/test-dir/MiniOzoneClusterImpl-4a157921-bac8-4948-8ccf-f55fe74fd98a/datanode-0/data/ratis/3cfaf6bc-e286-45bb-b4e5-9fd6961c6fac/in_use.lock acquired by nodename 10436@pr-hdds-1569-s44lr-3492059363
2019-09-25 05:54:00,504 [pool-27-thread-1] INFO  storage.RaftStorage (RaftStorage.java:format(72)) - Storage directory /workdir/hadoop-ozone/integration-test/target/test-dir/MiniOzoneClusterImpl-4a157921-bac8-4948-8ccf-f55fe74fd98a/datanode-0/data/ratis/3cfaf6bc-e286-45bb-b4e5-9fd6961c6fac has been successfully formatted.
2019-09-25 05:54:00,505 [pool-27-thread-1] INFO  ratis.ContainerStateMachine (ContainerStateMachine.java:loadSnapshot(230)) - group-9FD6961C6FAC: The snapshot info is null. Setting the last applied indexto:(t:0, i:~)
2019-09-25 05:54:00,505 [pool-27-thread-1] INFO  server.RaftServerConfigKeys (ConfUtils.java:logGet(43)) - raft.server.notification.no-leader.timeout = 120s (custom)
2019-09-25 05:54:00,505 [pool-27-thread-1] INFO  server.RaftServerConfigKeys (ConfUtils.java:logGet(43)) - raft.server.log.use.memory = false (default)
2019-09-25 05:54:00,505 [pool-27-thread-1] INFO  server.RaftServerConfigKeys (ConfUtils.java:logGet(43)) - raft.server.log.purge.gap = 1000000 (custom)
2019-09-25 05:54:00,505 [pool-27-thread-1] INFO  server.RaftServerConfigKeys (ConfUtils.java:logGet(43)) - raft.server.log.appender.buffer.byte-limit = 33554432 (custom)
2019-09-25 05:54:00,506 [pool-27-thread-1] INFO  server.RaftServerConfigKeys (ConfUtils.java:logGet(43)) - raft.server.log.segment.size.max = 1048576 (custom)
2019-09-25 05:54:00,506 [pool-27-thread-1] INFO  server.RaftServerConfigKeys (ConfUtils.java:logGet(43)) - raft.server.log.segment.cache.num.max = 2 (custom)
2019-09-25 05:54:00,506 [pool-27-thread-1] INFO  segmented.SegmentedRaftLogWorker (SegmentedRaftLogWorker.java:<init>(172)) - new 03645d2f-1e20-4e0d-8661-d0c7ee952eef@group-9FD6961C6FAC-SegmentedRaftLogWorker for RaftStorage:Storage Directory /workdir/hadoop-ozone/integration-test/target/test-dir/MiniOzoneClusterImpl-4a157921-bac8-4948-8ccf-f55fe74fd98a/datanode-0/data/ratis/3cfaf6bc-e286-45bb-b4e5-9fd6961c6fac
2019-09-25 05:54:00,506 [pool-27-thread-1] INFO  server.RaftServerConfigKeys (ConfUtils.java:logGet(43)) - raft.server.log.queue.byte-limit = 2147483647 (custom)
2019-09-25 05:54:00,506 [pool-27-thread-1] INFO  server.RaftServerConfigKeys (ConfUtils.java:logGet(43)) - raft.server.log.queue.element-limit = 1024 (custom)
2019-09-25 05:54:00,507 [pool-27-thread-1] INFO  server.RaftServerConfigKeys (ConfUtils.java:logGet(43)) - raft.server.log.segment.size.max = 1048576 (custom)
2019-09-25 05:54:00,507 [pool-27-thread-1] INFO  server.RaftServerConfigKeys (ConfUtils.java:logGet(43)) - raft.server.log.preallocated.size = 16384 (custom)
2019-09-25 05:54:00,507 [pool-27-thread-1] INFO  server.RaftServerConfigKeys (ConfUtils.java:logGet(43)) - raft.server.log.write.buffer.size = 33554432 (custom)
2019-09-25 05:54:00,507 [pool-27-thread-1] INFO  server.RaftServerConfigKeys (ConfUtils.java:logGet(43)) - raft.server.log.force.sync.num = 128 (default)
2019-09-25 05:54:00,507 [pool-27-thread-1] INFO  server.RaftServerConfigKeys (ConfUtils.java:logGet(43)) - raft.server.log.statemachine.data.sync = true (default)
2019-09-25 05:54:00,507 [pool-27-thread-1] INFO  server.RaftServerConfigKeys (ConfUtils.java:logGet(43)) - raft.server.log.statemachine.data.sync.timeout = 10s (default)
2019-09-25 05:54:00,508 [pool-27-thread-1] INFO  server.RaftServerConfigKeys (ConfUtils.java:logGet(43)) - raft.server.log.statemachine.data.sync.timeout.retry = -1 (default)
2019-09-25 05:54:00,508 [pool-27-thread-1] INFO  server.RaftServerConfigKeys (ConfUtils.java:logGet(43)) - raft.server.log.statemachine.data.caching.enabled = true (custom)
2019-09-25 05:54:00,508 [pool-27-thread-1] INFO  segmented.SegmentedRaftLogWorker (SegmentedRaftLogWorker.java:lambda$new$0(132)) - 03645d2f-1e20-4e0d-8661-d0c7ee952eef@group-9FD6961C6FAC-SegmentedRaftLogWorker: flushIndex: setUnconditionally 0 -> -1
2019-09-25 05:54:00,509 [pool-27-thread-1] INFO  server.RaftServerConfigKeys (ConfUtils.java:logGet(43)) - raft.server.snapshot.auto.trigger.enabled = true (custom)
2019-09-25 05:54:00,509 [pool-27-thread-1] INFO  server.RaftServerConfigKeys (ConfUtils.java:logGet(43)) - raft.server.snapshot.auto.trigger.threshold = 10000 (custom)
2019-09-25 05:54:00,509 [pool-27-thread-1] INFO  server.RaftServerConfigKeys (ConfUtils.java:logGet(43)) - raft.server.snapshot.retention.num.files = 5 (custom)
2019-09-25 05:54:00,509 [pool-27-thread-1] INFO  server.RaftServerConfigKeys (ConfUtils.java:logGet(43)) - raft.server.retrycache.expirytime = 600000ms (custom)
2019-09-25 05:54:00,513 [pool-27-thread-1] INFO  impl.RaftServerImpl (RaftServerImpl.java:start(185)) - 03645d2f-1e20-4e0d-8661-d0c7ee952eef@group-9FD6961C6FAC: start as a follower, conf=-1: [03645d2f-1e20-4e0d-8661-d0c7ee952eef:192.168.164.207:38201], old=null
2019-09-25 05:54:00,513 [pool-27-thread-1] INFO  impl.RaftServerImpl (RaftServerImpl.java:setRole(174)) - 03645d2f-1e20-4e0d-8661-d0c7ee952eef@group-9FD6961C6FAC: changes role from      null to FOLLOWER at term 0 for startAsFollower
2019-09-25 05:54:00,514 [pool-27-thread-1] INFO  impl.RoleInfo (RoleInfo.java:updateAndGet(143)) - 03645d2f-1e20-4e0d-8661-d0c7ee952eef: start FollowerState
2019-09-25 05:54:00,514 [pool-27-thread-1] INFO  util.JmxRegister (JmxRegister.java:tryRegister(44)) - Successfully registered JMX Bean with object name Ratis:service=RaftServer,group=group-9FD6961C6FAC,id=03645d2f-1e20-4e0d-8661-d0c7ee952eef
2019-09-25 05:54:00,526 [RatisPipelineUtilsThread] INFO  pipeline.PipelineStateManager (PipelineStateManager.java:addPipeline(56)) - Created pipeline Pipeline[ Id: 3cfaf6bc-e286-45bb-b4e5-9fd6961c6fac, Nodes: 03645d2f-1e20-4e0d-8661-d0c7ee952eef{ip: 192.168.164.207, host: pr-hdds-1569-s44lr-3492059363, networkLocation: /default-rack, certSerialId: null}, Type:RATIS, Factor:ONE, State:OPEN]
2019-09-25 05:54:00,538 [grpc-default-executor-0] INFO  impl.RaftServerProxy (RaftServerProxy.java:addNew(89)) - 40dcd630-ad01-41c1-945d-8b29a9b08b55: addNew group-12FEF31C7255:[40dcd630-ad01-41c1-945d-8b29a9b08b55:192.168.164.207:38778] returns group-12FEF31C7255:java.util.concurrent.CompletableFuture@690d091d[Not completed]
2019-09-25 05:54:00,540 [pool-37-thread-1] INFO  impl.RaftServerImpl (RaftServerImpl.java:<init>(95)) - 40dcd630-ad01-41c1-945d-8b29a9b08b55: new RaftServerImpl for group-12FEF31C7255:[40dcd630-ad01-41c1-945d-8b29a9b08b55:192.168.164.207:38778] with ContainerStateMachine:uninitialized
2019-09-25 05:54:00,540 [pool-37-thread-1] INFO  server.RaftServerConfigKeys (ConfUtils.java:logGet(43)) - raft.server.rpc.timeout.min = 5s (custom)
2019-09-25 05:54:00,540 [pool-37-thread-1] INFO  server.RaftServerConfigKeys (ConfUtils.java:logGet(43)) - raft.server.rpc.timeout.max = 5200ms (custom)
2019-09-25 05:54:00,540 [pool-37-thread-1] INFO  server.RaftServerConfigKeys (ConfUtils.java:logGet(43)) - raft.server.rpcslowness.timeout = 120s (custom)
2019-09-25 05:54:00,540 [pool-37-thread-1] INFO  server.RaftServerConfigKeys (ConfUtils.java:logGet(43)) - raft.server.sleep.deviation.threshold = 300 (default)
2019-09-25 05:54:00,541 [pool-37-thread-1] INFO  server.RaftServerConfigKeys (ConfUtils.java:logGet(43)) - raft.server.log.appender.install.snapshot.enabled = false (custom)
2019-09-25 05:54:00,541 [pool-37-thread-1] INFO  impl.RaftServerImpl (ServerState.java:<init>(103)) - 40dcd630-ad01-41c1-945d-8b29a9b08b55@group-12FEF31C7255: ConfigurationManager, init=-1: [40dcd630-ad01-41c1-945d-8b29a9b08b55:192.168.164.207:38778], old=null, confs=<EMPTY_MAP>
2019-09-25 05:54:00,541 [pool-37-thread-1] INFO  server.RaftServerConfigKeys (ConfUtils.java:logGet(43)) - raft.server.storage.dir = [/workdir/hadoop-ozone/integration-test/target/test-dir/MiniOzoneClusterImpl-4a157921-bac8-4948-8ccf-f55fe74fd98a/datanode-1/data/ratis] (custom)
2019-09-25 05:54:00,542 [pool-37-thread-1] INFO  storage.RaftStorageDirectory (RaftStorageDirectory.java:analyzeStorage(246)) - The storage directory /workdir/hadoop-ozone/integration-test/target/test-dir/MiniOzoneClusterImpl-4a157921-bac8-4948-8ccf-f55fe74fd98a/datanode-1/data/ratis/5056958e-d548-4069-b1bc-12fef31c7255 does not exist. Creating ...
2019-09-25 05:54:00,554 [pool-37-thread-1] INFO  storage.RaftStorageDirectory (RaftStorageDirectory.java:tryLock(328)) - Lock on /workdir/hadoop-ozone/integration-test/target/test-dir/MiniOzoneClusterImpl-4a157921-bac8-4948-8ccf-f55fe74fd98a/datanode-1/data/ratis/5056958e-d548-4069-b1bc-12fef31c7255/in_use.lock acquired by nodename 10436@pr-hdds-1569-s44lr-3492059363
2019-09-25 05:54:00,567 [pool-37-thread-1] INFO  storage.RaftStorage (RaftStorage.java:format(72)) - Storage directory /workdir/hadoop-ozone/integration-test/target/test-dir/MiniOzoneClusterImpl-4a157921-bac8-4948-8ccf-f55fe74fd98a/datanode-1/data/ratis/5056958e-d548-4069-b1bc-12fef31c7255 has been successfully formatted.
2019-09-25 05:54:00,568 [pool-37-thread-1] INFO  ratis.ContainerStateMachine (ContainerStateMachine.java:loadSnapshot(230)) - group-12FEF31C7255: The snapshot info is null. Setting the last applied indexto:(t:0, i:~)
2019-09-25 05:54:00,568 [pool-37-thread-1] INFO  server.RaftServerConfigKeys (ConfUtils.java:logGet(43)) - raft.server.notification.no-leader.timeout = 120s (custom)
2019-09-25 05:54:00,568 [pool-37-thread-1] INFO  server.RaftServerConfigKeys (ConfUtils.java:logGet(43)) - raft.server.log.use.memory = false (default)
2019-09-25 05:54:00,568 [pool-37-thread-1] INFO  server.RaftServerConfigKeys (ConfUtils.java:logGet(43)) - raft.server.log.purge.gap = 1000000 (custom)
2019-09-25 05:54:00,568 [pool-37-thread-1] INFO  server.RaftServerConfigKeys (ConfUtils.java:logGet(43)) - raft.server.log.appender.buffer.byte-limit = 33554432 (custom)
2019-09-25 05:54:00,569 [pool-37-thread-1] INFO  server.RaftServerConfigKeys (ConfUtils.java:logGet(43)) - raft.server.log.segment.size.max = 1048576 (custom)
2019-09-25 05:54:00,569 [pool-37-thread-1] INFO  server.RaftServerConfigKeys (ConfUtils.java:logGet(43)) - raft.server.log.segment.cache.num.max = 2 (custom)
2019-09-25 05:54:00,569 [pool-37-thread-1] INFO  segmented.SegmentedRaftLogWorker (SegmentedRaftLogWorker.java:<init>(172)) - new 40dcd630-ad01-41c1-945d-8b29a9b08b55@group-12FEF31C7255-SegmentedRaftLogWorker for RaftStorage:Storage Directory /workdir/hadoop-ozone/integration-test/target/test-dir/MiniOzoneClusterImpl-4a157921-bac8-4948-8ccf-f55fe74fd98a/datanode-1/data/ratis/5056958e-d548-4069-b1bc-12fef31c7255
2019-09-25 05:54:00,569 [pool-37-thread-1] INFO  server.RaftServerConfigKeys (ConfUtils.java:logGet(43)) - raft.server.log.queue.byte-limit = 2147483647 (custom)
2019-09-25 05:54:00,569 [pool-37-thread-1] INFO  server.RaftServerConfigKeys (ConfUtils.java:logGet(43)) - raft.server.log.queue.element-limit = 1024 (custom)
2019-09-25 05:54:00,569 [pool-37-thread-1] INFO  server.RaftServerConfigKeys (ConfUtils.java:logGet(43)) - raft.server.log.segment.size.max = 1048576 (custom)
2019-09-25 05:54:00,570 [pool-37-thread-1] INFO  server.RaftServerConfigKeys (ConfUtils.java:logGet(43)) - raft.server.log.preallocated.size = 16384 (custom)
2019-09-25 05:54:00,570 [pool-37-thread-1] INFO  server.RaftServerConfigKeys (ConfUtils.java:logGet(43)) - raft.server.log.write.buffer.size = 33554432 (custom)
2019-09-25 05:54:00,570 [pool-37-thread-1] INFO  server.RaftServerConfigKeys (ConfUtils.java:logGet(43)) - raft.server.log.force.sync.num = 128 (default)
2019-09-25 05:54:00,570 [pool-37-thread-1] INFO  server.RaftServerConfigKeys (ConfUtils.java:logGet(43)) - raft.server.log.statemachine.data.sync = true (default)
2019-09-25 05:54:00,570 [pool-37-thread-1] INFO  server.RaftServerConfigKeys (ConfUtils.java:logGet(43)) - raft.server.log.statemachine.data.sync.timeout = 10s (default)
2019-09-25 05:54:00,570 [pool-37-thread-1] INFO  server.RaftServerConfigKeys (ConfUtils.java:logGet(43)) - raft.server.log.statemachine.data.sync.timeout.retry = -1 (default)
2019-09-25 05:54:00,571 [pool-37-thread-1] INFO  server.RaftServerConfigKeys (ConfUtils.java:logGet(43)) - raft.server.log.statemachine.data.caching.enabled = true (custom)
2019-09-25 05:54:00,571 [pool-37-thread-1] INFO  segmented.SegmentedRaftLogWorker (SegmentedRaftLogWorker.java:lambda$new$0(132)) - 40dcd630-ad01-41c1-945d-8b29a9b08b55@group-12FEF31C7255-SegmentedRaftLogWorker: flushIndex: setUnconditionally 0 -> -1
2019-09-25 05:54:00,571 [pool-37-thread-1] INFO  server.RaftServerConfigKeys (ConfUtils.java:logGet(43)) - raft.server.snapshot.auto.trigger.enabled = true (custom)
2019-09-25 05:54:00,572 [pool-37-thread-1] INFO  server.RaftServerConfigKeys (ConfUtils.java:logGet(43)) - raft.server.snapshot.auto.trigger.threshold = 10000 (custom)
2019-09-25 05:54:00,572 [pool-37-thread-1] INFO  server.RaftServerConfigKeys (ConfUtils.java:logGet(43)) - raft.server.snapshot.retention.num.files = 5 (custom)
2019-09-25 05:54:00,572 [pool-37-thread-1] INFO  server.RaftServerConfigKeys (ConfUtils.java:logGet(43)) - raft.server.retrycache.expirytime = 600000ms (custom)
2019-09-25 05:54:00,575 [pool-37-thread-1] INFO  impl.RaftServerImpl (RaftServerImpl.java:start(185)) - 40dcd630-ad01-41c1-945d-8b29a9b08b55@group-12FEF31C7255: start as a follower, conf=-1: [40dcd630-ad01-41c1-945d-8b29a9b08b55:192.168.164.207:38778], old=null
2019-09-25 05:54:00,576 [pool-37-thread-1] INFO  impl.RaftServerImpl (RaftServerImpl.java:setRole(174)) - 40dcd630-ad01-41c1-945d-8b29a9b08b55@group-12FEF31C7255: changes role from      null to FOLLOWER at term 0 for startAsFollower
2019-09-25 05:54:00,576 [pool-37-thread-1] INFO  impl.RoleInfo (RoleInfo.java:updateAndGet(143)) - 40dcd630-ad01-41c1-945d-8b29a9b08b55: start FollowerState
2019-09-25 05:54:00,576 [pool-37-thread-1] INFO  util.JmxRegister (JmxRegister.java:tryRegister(44)) - Successfully registered JMX Bean with object name Ratis:service=RaftServer,group=group-12FEF31C7255,id=40dcd630-ad01-41c1-945d-8b29a9b08b55
2019-09-25 05:54:00,584 [RatisPipelineUtilsThread] INFO  pipeline.PipelineStateManager (PipelineStateManager.java:addPipeline(56)) - Created pipeline Pipeline[ Id: 5056958e-d548-4069-b1bc-12fef31c7255, Nodes: 40dcd630-ad01-41c1-945d-8b29a9b08b55{ip: 192.168.164.207, host: pr-hdds-1569-s44lr-3492059363, networkLocation: /default-rack, certSerialId: null}, Type:RATIS, Factor:ONE, State:OPEN]
2019-09-25 05:54:00,596 [grpc-default-executor-0] INFO  impl.RaftServerProxy (RaftServerProxy.java:addNew(89)) - 511ff9a4-402a-459c-948c-b9450b1400e6: addNew group-F156F0D07332:[511ff9a4-402a-459c-948c-b9450b1400e6:192.168.164.207:38058] returns group-F156F0D07332:java.util.concurrent.CompletableFuture@356b867a[Not completed]
2019-09-25 05:54:00,599 [pool-57-thread-1] INFO  impl.RaftServerImpl (RaftServerImpl.java:<init>(95)) - 511ff9a4-402a-459c-948c-b9450b1400e6: new RaftServerImpl for group-F156F0D07332:[511ff9a4-402a-459c-948c-b9450b1400e6:192.168.164.207:38058] with ContainerStateMachine:uninitialized
2019-09-25 05:54:00,599 [pool-57-thread-1] INFO  server.RaftServerConfigKeys (ConfUtils.java:logGet(43)) - raft.server.rpc.timeout.min = 5s (custom)
2019-09-25 05:54:00,600 [pool-57-thread-1] INFO  server.RaftServerConfigKeys (ConfUtils.java:logGet(43)) - raft.server.rpc.timeout.max = 5200ms (custom)
2019-09-25 05:54:00,600 [pool-57-thread-1] INFO  server.RaftServerConfigKeys (ConfUtils.java:logGet(43)) - raft.server.rpcslowness.timeout = 120s (custom)
2019-09-25 05:54:00,600 [pool-57-thread-1] INFO  server.RaftServerConfigKeys (ConfUtils.java:logGet(43)) - raft.server.sleep.deviation.threshold = 300 (default)
2019-09-25 05:54:00,600 [pool-57-thread-1] INFO  server.RaftServerConfigKeys (ConfUtils.java:logGet(43)) - raft.server.log.appender.install.snapshot.enabled = false (custom)
2019-09-25 05:54:00,600 [pool-57-thread-1] INFO  impl.RaftServerImpl (ServerState.java:<init>(103)) - 511ff9a4-402a-459c-948c-b9450b1400e6@group-F156F0D07332: ConfigurationManager, init=-1: [511ff9a4-402a-459c-948c-b9450b1400e6:192.168.164.207:38058], old=null, confs=<EMPTY_MAP>
2019-09-25 05:54:00,600 [pool-57-thread-1] INFO  server.RaftServerConfigKeys (ConfUtils.java:logGet(43)) - raft.server.storage.dir = [/workdir/hadoop-ozone/integration-test/target/test-dir/MiniOzoneClusterImpl-4a157921-bac8-4948-8ccf-f55fe74fd98a/datanode-3/data/ratis] (custom)
2019-09-25 05:54:00,601 [pool-57-thread-1] INFO  storage.RaftStorageDirectory (RaftStorageDirectory.java:analyzeStorage(246)) - The storage directory /workdir/hadoop-ozone/integration-test/target/test-dir/MiniOzoneClusterImpl-4a157921-bac8-4948-8ccf-f55fe74fd98a/datanode-3/data/ratis/aa081d7d-fc6d-4a69-bf8c-f156f0d07332 does not exist. Creating ...
2019-09-25 05:54:00,606 [main] INFO  ozone.MiniOzoneClusterImpl (MiniOzoneClusterImpl.java:lambda$waitForClusterToBeReady$0(147)) - Cluster is ready. Got 5 of 5 DN Heartbeats.
2019-09-25 05:54:00,613 [pool-57-thread-1] INFO  storage.RaftStorageDirectory (RaftStorageDirectory.java:tryLock(328)) - Lock on /workdir/hadoop-ozone/integration-test/target/test-dir/MiniOzoneClusterImpl-4a157921-bac8-4948-8ccf-f55fe74fd98a/datanode-3/data/ratis/aa081d7d-fc6d-4a69-bf8c-f156f0d07332/in_use.lock acquired by nodename 10436@pr-hdds-1569-s44lr-3492059363
2019-09-25 05:54:00,644 [pool-57-thread-1] INFO  storage.RaftStorage (RaftStorage.java:format(72)) - Storage directory /workdir/hadoop-ozone/integration-test/target/test-dir/MiniOzoneClusterImpl-4a157921-bac8-4948-8ccf-f55fe74fd98a/datanode-3/data/ratis/aa081d7d-fc6d-4a69-bf8c-f156f0d07332 has been successfully formatted.
2019-09-25 05:54:00,644 [pool-57-thread-1] INFO  ratis.ContainerStateMachine (ContainerStateMachine.java:loadSnapshot(230)) - group-F156F0D07332: The snapshot info is null. Setting the last applied indexto:(t:0, i:~)
2019-09-25 05:54:00,645 [pool-57-thread-1] INFO  server.RaftServerConfigKeys (ConfUtils.java:logGet(43)) - raft.server.notification.no-leader.timeout = 120s (custom)
2019-09-25 05:54:00,645 [pool-57-thread-1] INFO  server.RaftServerConfigKeys (ConfUtils.java:logGet(43)) - raft.server.log.use.memory = false (default)
2019-09-25 05:54:00,645 [pool-57-thread-1] INFO  server.RaftServerConfigKeys (ConfUtils.java:logGet(43)) - raft.server.log.purge.gap = 1000000 (custom)
2019-09-25 05:54:00,645 [pool-57-thread-1] INFO  server.RaftServerConfigKeys (ConfUtils.java:logGet(43)) - raft.server.log.appender.buffer.byte-limit = 33554432 (custom)
2019-09-25 05:54:00,645 [pool-57-thread-1] INFO  server.RaftServerConfigKeys (ConfUtils.java:logGet(43)) - raft.server.log.segment.size.max = 1048576 (custom)
2019-09-25 05:54:00,645 [pool-57-thread-1] INFO  server.RaftServerConfigKeys (ConfUtils.java:logGet(43)) - raft.server.log.segment.cache.num.max = 2 (custom)
2019-09-25 05:54:00,646 [pool-57-thread-1] INFO  segmented.SegmentedRaftLogWorker (SegmentedRaftLogWorker.java:<init>(172)) - new 511ff9a4-402a-459c-948c-b9450b1400e6@group-F156F0D07332-SegmentedRaftLogWorker for RaftStorage:Storage Directory /workdir/hadoop-ozone/integration-test/target/test-dir/MiniOzoneClusterImpl-4a157921-bac8-4948-8ccf-f55fe74fd98a/datanode-3/data/ratis/aa081d7d-fc6d-4a69-bf8c-f156f0d07332
2019-09-25 05:54:00,649 [pool-57-thread-1] INFO  server.RaftServerConfigKeys (ConfUtils.java:logGet(43)) - raft.server.log.queue.byte-limit = 2147483647 (custom)
2019-09-25 05:54:00,649 [pool-57-thread-1] INFO  server.RaftServerConfigKeys (ConfUtils.java:logGet(43)) - raft.server.log.queue.element-limit = 1024 (custom)
2019-09-25 05:54:00,649 [pool-57-thread-1] INFO  server.RaftServerConfigKeys (ConfUtils.java:logGet(43)) - raft.server.log.segment.size.max = 1048576 (custom)
2019-09-25 05:54:00,650 [pool-57-thread-1] INFO  server.RaftServerConfigKeys (ConfUtils.java:logGet(43)) - raft.server.log.preallocated.size = 16384 (custom)
2019-09-25 05:54:00,650 [pool-57-thread-1] INFO  server.RaftServerConfigKeys (ConfUtils.java:logGet(43)) - raft.server.log.write.buffer.size = 33554432 (custom)
2019-09-25 05:54:00,650 [pool-57-thread-1] INFO  server.RaftServerConfigKeys (ConfUtils.java:logGet(43)) - raft.server.log.force.sync.num = 128 (default)
2019-09-25 05:54:00,650 [pool-57-thread-1] INFO  server.RaftServerConfigKeys (ConfUtils.java:logGet(43)) - raft.server.log.statemachine.data.sync = true (default)
2019-09-25 05:54:00,650 [pool-57-thread-1] INFO  server.RaftServerConfigKeys (ConfUtils.java:logGet(43)) - raft.server.log.statemachine.data.sync.timeout = 10s (default)
2019-09-25 05:54:00,650 [pool-57-thread-1] INFO  server.RaftServerConfigKeys (ConfUtils.java:logGet(43)) - raft.server.log.statemachine.data.sync.timeout.retry = -1 (default)
2019-09-25 05:54:00,651 [pool-57-thread-1] INFO  server.RaftServerConfigKeys (ConfUtils.java:logGet(43)) - raft.server.log.statemachine.data.caching.enabled = true (custom)
2019-09-25 05:54:00,651 [pool-57-thread-1] INFO  segmented.SegmentedRaftLogWorker (SegmentedRaftLogWorker.java:lambda$new$0(132)) - 511ff9a4-402a-459c-948c-b9450b1400e6@group-F156F0D07332-SegmentedRaftLogWorker: flushIndex: setUnconditionally 0 -> -1
2019-09-25 05:54:00,651 [pool-57-thread-1] INFO  server.RaftServerConfigKeys (ConfUtils.java:logGet(43)) - raft.server.snapshot.auto.trigger.enabled = true (custom)
2019-09-25 05:54:00,651 [pool-57-thread-1] INFO  server.RaftServerConfigKeys (ConfUtils.java:logGet(43)) - raft.server.snapshot.auto.trigger.threshold = 10000 (custom)
2019-09-25 05:54:00,652 [pool-57-thread-1] INFO  server.RaftServerConfigKeys (ConfUtils.java:logGet(43)) - raft.server.snapshot.retention.num.files = 5 (custom)
2019-09-25 05:54:00,652 [pool-57-thread-1] INFO  server.RaftServerConfigKeys (ConfUtils.java:logGet(43)) - raft.server.retrycache.expirytime = 600000ms (custom)
2019-09-25 05:54:00,655 [pool-57-thread-1] INFO  impl.RaftServerImpl (RaftServerImpl.java:start(185)) - 511ff9a4-402a-459c-948c-b9450b1400e6@group-F156F0D07332: start as a follower, conf=-1: [511ff9a4-402a-459c-948c-b9450b1400e6:192.168.164.207:38058], old=null
2019-09-25 05:54:00,655 [pool-57-thread-1] INFO  impl.RaftServerImpl (RaftServerImpl.java:setRole(174)) - 511ff9a4-402a-459c-948c-b9450b1400e6@group-F156F0D07332: changes role from      null to FOLLOWER at term 0 for startAsFollower
2019-09-25 05:54:00,655 [pool-57-thread-1] INFO  impl.RoleInfo (RoleInfo.java:updateAndGet(143)) - 511ff9a4-402a-459c-948c-b9450b1400e6: start FollowerState
2019-09-25 05:54:00,656 [pool-57-thread-1] INFO  util.JmxRegister (JmxRegister.java:tryRegister(44)) - Successfully registered JMX Bean with object name Ratis:service=RaftServer,group=group-F156F0D07332,id=511ff9a4-402a-459c-948c-b9450b1400e6
2019-09-25 05:54:00,666 [RatisPipelineUtilsThread] INFO  pipeline.PipelineStateManager (PipelineStateManager.java:addPipeline(56)) - Created pipeline Pipeline[ Id: aa081d7d-fc6d-4a69-bf8c-f156f0d07332, Nodes: 511ff9a4-402a-459c-948c-b9450b1400e6{ip: 192.168.164.207, host: pr-hdds-1569-s44lr-3492059363, networkLocation: /default-rack, certSerialId: null}, Type:RATIS, Factor:ONE, State:OPEN]
2019-09-25 05:54:00,679 [grpc-default-executor-0] INFO  impl.RaftServerProxy (RaftServerProxy.java:addNew(89)) - 40dcd630-ad01-41c1-945d-8b29a9b08b55: addNew group-DEA3C54B09B4:[40dcd630-ad01-41c1-945d-8b29a9b08b55:192.168.164.207:38778] returns group-DEA3C54B09B4:java.util.concurrent.CompletableFuture@5ace235[Not completed]
2019-09-25 05:54:00,681 [pool-37-thread-1] INFO  impl.RaftServerImpl (RaftServerImpl.java:<init>(95)) - 40dcd630-ad01-41c1-945d-8b29a9b08b55: new RaftServerImpl for group-DEA3C54B09B4:[40dcd630-ad01-41c1-945d-8b29a9b08b55:192.168.164.207:38778] with ContainerStateMachine:uninitialized
2019-09-25 05:54:00,681 [pool-37-thread-1] INFO  server.RaftServerConfigKeys (ConfUtils.java:logGet(43)) - raft.server.rpc.timeout.min = 5s (custom)
2019-09-25 05:54:00,681 [pool-37-thread-1] INFO  server.RaftServerConfigKeys (ConfUtils.java:logGet(43)) - raft.server.rpc.timeout.max = 5200ms (custom)
2019-09-25 05:54:00,682 [pool-37-thread-1] INFO  server.RaftServerConfigKeys (ConfUtils.java:logGet(43)) - raft.server.rpcslowness.timeout = 120s (custom)
2019-09-25 05:54:00,682 [pool-37-thread-1] INFO  server.RaftServerConfigKeys (ConfUtils.java:logGet(43)) - raft.server.sleep.deviation.threshold = 300 (default)
2019-09-25 05:54:00,682 [pool-37-thread-1] INFO  server.RaftServerConfigKeys (ConfUtils.java:logGet(43)) - raft.server.log.appender.install.snapshot.enabled = false (custom)
2019-09-25 05:54:00,682 [pool-37-thread-1] INFO  impl.RaftServerImpl (ServerState.java:<init>(103)) - 40dcd630-ad01-41c1-945d-8b29a9b08b55@group-DEA3C54B09B4: ConfigurationManager, init=-1: [40dcd630-ad01-41c1-945d-8b29a9b08b55:192.168.164.207:38778], old=null, confs=<EMPTY_MAP>
2019-09-25 05:54:00,682 [pool-37-thread-1] INFO  server.RaftServerConfigKeys (ConfUtils.java:logGet(43)) - raft.server.storage.dir = [/workdir/hadoop-ozone/integration-test/target/test-dir/MiniOzoneClusterImpl-4a157921-bac8-4948-8ccf-f55fe74fd98a/datanode-1/data/ratis] (custom)
2019-09-25 05:54:00,683 [pool-37-thread-1] INFO  storage.RaftStorageDirectory (RaftStorageDirectory.java:analyzeStorage(246)) - The storage directory /workdir/hadoop-ozone/integration-test/target/test-dir/MiniOzoneClusterImpl-4a157921-bac8-4948-8ccf-f55fe74fd98a/datanode-1/data/ratis/70adec99-f0f3-48e0-a2af-dea3c54b09b4 does not exist. Creating ...
2019-09-25 05:54:00,695 [pool-37-thread-1] INFO  storage.RaftStorageDirectory (RaftStorageDirectory.java:tryLock(328)) - Lock on /workdir/hadoop-ozone/integration-test/target/test-dir/MiniOzoneClusterImpl-4a157921-bac8-4948-8ccf-f55fe74fd98a/datanode-1/data/ratis/70adec99-f0f3-48e0-a2af-dea3c54b09b4/in_use.lock acquired by nodename 10436@pr-hdds-1569-s44lr-3492059363
2019-09-25 05:54:00,708 [pool-37-thread-1] INFO  storage.RaftStorage (RaftStorage.java:format(72)) - Storage directory /workdir/hadoop-ozone/integration-test/target/test-dir/MiniOzoneClusterImpl-4a157921-bac8-4948-8ccf-f55fe74fd98a/datanode-1/data/ratis/70adec99-f0f3-48e0-a2af-dea3c54b09b4 has been successfully formatted.
2019-09-25 05:54:00,709 [pool-37-thread-1] INFO  ratis.ContainerStateMachine (ContainerStateMachine.java:loadSnapshot(230)) - group-DEA3C54B09B4: The snapshot info is null. Setting the last applied indexto:(t:0, i:~)
2019-09-25 05:54:00,709 [pool-37-thread-1] INFO  server.RaftServerConfigKeys (ConfUtils.java:logGet(43)) - raft.server.notification.no-leader.timeout = 120s (custom)
2019-09-25 05:54:00,709 [pool-37-thread-1] INFO  server.RaftServerConfigKeys (ConfUtils.java:logGet(43)) - raft.server.log.use.memory = false (default)
2019-09-25 05:54:00,709 [pool-37-thread-1] INFO  server.RaftServerConfigKeys (ConfUtils.java:logGet(43)) - raft.server.log.purge.gap = 1000000 (custom)
2019-09-25 05:54:00,709 [pool-37-thread-1] INFO  server.RaftServerConfigKeys (ConfUtils.java:logGet(43)) - raft.server.log.appender.buffer.byte-limit = 33554432 (custom)
2019-09-25 05:54:00,709 [pool-37-thread-1] INFO  server.RaftServerConfigKeys (ConfUtils.java:logGet(43)) - raft.server.log.segment.size.max = 1048576 (custom)
2019-09-25 05:54:00,709 [pool-37-thread-1] INFO  server.RaftServerConfigKeys (ConfUtils.java:logGet(43)) - raft.server.log.segment.cache.num.max = 2 (custom)
2019-09-25 05:54:00,710 [pool-37-thread-1] INFO  segmented.SegmentedRaftLogWorker (SegmentedRaftLogWorker.java:<init>(172)) - new 40dcd630-ad01-41c1-945d-8b29a9b08b55@group-DEA3C54B09B4-SegmentedRaftLogWorker for RaftStorage:Storage Directory /workdir/hadoop-ozone/integration-test/target/test-dir/MiniOzoneClusterImpl-4a157921-bac8-4948-8ccf-f55fe74fd98a/datanode-1/data/ratis/70adec99-f0f3-48e0-a2af-dea3c54b09b4
2019-09-25 05:54:00,710 [pool-37-thread-1] INFO  server.RaftServerConfigKeys (ConfUtils.java:logGet(43)) - raft.server.log.queue.byte-limit = 2147483647 (custom)
2019-09-25 05:54:00,710 [pool-37-thread-1] INFO  server.RaftServerConfigKeys (ConfUtils.java:logGet(43)) - raft.server.log.queue.element-limit = 1024 (custom)
2019-09-25 05:54:00,710 [pool-37-thread-1] INFO  server.RaftServerConfigKeys (ConfUtils.java:logGet(43)) - raft.server.log.segment.size.max = 1048576 (custom)
2019-09-25 05:54:00,710 [pool-37-thread-1] INFO  server.RaftServerConfigKeys (ConfUtils.java:logGet(43)) - raft.server.log.preallocated.size = 16384 (custom)
2019-09-25 05:54:00,710 [pool-37-thread-1] INFO  server.RaftServerConfigKeys (ConfUtils.java:logGet(43)) - raft.server.log.write.buffer.size = 33554432 (custom)
2019-09-25 05:54:00,710 [pool-37-thread-1] INFO  server.RaftServerConfigKeys (ConfUtils.java:logGet(43)) - raft.server.log.force.sync.num = 128 (default)
2019-09-25 05:54:00,711 [pool-37-thread-1] INFO  server.RaftServerConfigKeys (ConfUtils.java:logGet(43)) - raft.server.log.statemachine.data.sync = true (default)
2019-09-25 05:54:00,711 [pool-37-thread-1] INFO  server.RaftServerConfigKeys (ConfUtils.java:logGet(43)) - raft.server.log.statemachine.data.sync.timeout = 10s (default)
2019-09-25 05:54:00,711 [pool-37-thread-1] INFO  server.RaftServerConfigKeys (ConfUtils.java:logGet(43)) - raft.server.log.statemachine.data.sync.timeout.retry = -1 (default)
2019-09-25 05:54:00,711 [pool-37-thread-1] INFO  server.RaftServerConfigKeys (ConfUtils.java:logGet(43)) - raft.server.log.statemachine.data.caching.enabled = true (custom)
2019-09-25 05:54:00,711 [pool-37-thread-1] INFO  segmented.SegmentedRaftLogWorker (SegmentedRaftLogWorker.java:lambda$new$0(132)) - 40dcd630-ad01-41c1-945d-8b29a9b08b55@group-DEA3C54B09B4-SegmentedRaftLogWorker: flushIndex: setUnconditionally 0 -> -1
2019-09-25 05:54:00,712 [pool-37-thread-1] INFO  server.RaftServerConfigKeys (ConfUtils.java:logGet(43)) - raft.server.snapshot.auto.trigger.enabled = true (custom)
2019-09-25 05:54:00,712 [pool-37-thread-1] INFO  server.RaftServerConfigKeys (ConfUtils.java:logGet(43)) - raft.server.snapshot.auto.trigger.threshold = 10000 (custom)
2019-09-25 05:54:00,712 [pool-37-thread-1] INFO  server.RaftServerConfigKeys (ConfUtils.java:logGet(43)) - raft.server.snapshot.retention.num.files = 5 (custom)
2019-09-25 05:54:00,712 [pool-37-thread-1] INFO  server.RaftServerConfigKeys (ConfUtils.java:logGet(43)) - raft.server.retrycache.expirytime = 600000ms (custom)
2019-09-25 05:54:00,715 [pool-37-thread-1] INFO  impl.RaftServerImpl (RaftServerImpl.java:start(185)) - 40dcd630-ad01-41c1-945d-8b29a9b08b55@group-DEA3C54B09B4: start as a follower, conf=-1: [40dcd630-ad01-41c1-945d-8b29a9b08b55:192.168.164.207:38778], old=null
2019-09-25 05:54:00,715 [pool-37-thread-1] INFO  impl.RaftServerImpl (RaftServerImpl.java:setRole(174)) - 40dcd630-ad01-41c1-945d-8b29a9b08b55@group-DEA3C54B09B4: changes role from      null to FOLLOWER at term 0 for startAsFollower
2019-09-25 05:54:00,715 [pool-37-thread-1] INFO  impl.RoleInfo (RoleInfo.java:updateAndGet(143)) - 40dcd630-ad01-41c1-945d-8b29a9b08b55: start FollowerState
2019-09-25 05:54:00,715 [pool-37-thread-1] INFO  util.JmxRegister (JmxRegister.java:tryRegister(44)) - Successfully registered JMX Bean with object name Ratis:service=RaftServer,group=group-DEA3C54B09B4,id=40dcd630-ad01-41c1-945d-8b29a9b08b55
2019-09-25 05:54:00,724 [RatisPipelineUtilsThread] INFO  pipeline.PipelineStateManager (PipelineStateManager.java:addPipeline(56)) - Created pipeline Pipeline[ Id: 70adec99-f0f3-48e0-a2af-dea3c54b09b4, Nodes: 40dcd630-ad01-41c1-945d-8b29a9b08b55{ip: 192.168.164.207, host: pr-hdds-1569-s44lr-3492059363, networkLocation: /default-rack, certSerialId: null}, Type:RATIS, Factor:ONE, State:OPEN]
2019-09-25 05:54:00,739 [grpc-default-executor-0] INFO  impl.RaftServerProxy (RaftServerProxy.java:addNew(89)) - 40dcd630-ad01-41c1-945d-8b29a9b08b55: addNew group-F955C8F15C3A:[40dcd630-ad01-41c1-945d-8b29a9b08b55:192.168.164.207:38778] returns group-F955C8F15C3A:java.util.concurrent.CompletableFuture@54e699fd[Not completed]
2019-09-25 05:54:00,741 [pool-37-thread-1] INFO  impl.RaftServerImpl (RaftServerImpl.java:<init>(95)) - 40dcd630-ad01-41c1-945d-8b29a9b08b55: new RaftServerImpl for group-F955C8F15C3A:[40dcd630-ad01-41c1-945d-8b29a9b08b55:192.168.164.207:38778] with ContainerStateMachine:uninitialized
2019-09-25 05:54:00,741 [pool-37-thread-1] INFO  server.RaftServerConfigKeys (ConfUtils.java:logGet(43)) - raft.server.rpc.timeout.min = 5s (custom)
2019-09-25 05:54:00,741 [pool-37-thread-1] INFO  server.RaftServerConfigKeys (ConfUtils.java:logGet(43)) - raft.server.rpc.timeout.max = 5200ms (custom)
2019-09-25 05:54:00,741 [pool-37-thread-1] INFO  server.RaftServerConfigKeys (ConfUtils.java:logGet(43)) - raft.server.rpcslowness.timeout = 120s (custom)
2019-09-25 05:54:00,742 [pool-37-thread-1] INFO  server.RaftServerConfigKeys (ConfUtils.java:logGet(43)) - raft.server.sleep.deviation.threshold = 300 (default)
2019-09-25 05:54:00,742 [pool-37-thread-1] INFO  server.RaftServerConfigKeys (ConfUtils.java:logGet(43)) - raft.server.log.appender.install.snapshot.enabled = false (custom)
2019-09-25 05:54:00,742 [pool-37-thread-1] INFO  impl.RaftServerImpl (ServerState.java:<init>(103)) - 40dcd630-ad01-41c1-945d-8b29a9b08b55@group-F955C8F15C3A: ConfigurationManager, init=-1: [40dcd630-ad01-41c1-945d-8b29a9b08b55:192.168.164.207:38778], old=null, confs=<EMPTY_MAP>
2019-09-25 05:54:00,742 [pool-37-thread-1] INFO  server.RaftServerConfigKeys (ConfUtils.java:logGet(43)) - raft.server.storage.dir = [/workdir/hadoop-ozone/integration-test/target/test-dir/MiniOzoneClusterImpl-4a157921-bac8-4948-8ccf-f55fe74fd98a/datanode-1/data/ratis] (custom)
2019-09-25 05:54:00,742 [pool-37-thread-1] INFO  storage.RaftStorageDirectory (RaftStorageDirectory.java:analyzeStorage(246)) - The storage directory /workdir/hadoop-ozone/integration-test/target/test-dir/MiniOzoneClusterImpl-4a157921-bac8-4948-8ccf-f55fe74fd98a/datanode-1/data/ratis/dabeff2a-0af3-45af-a666-f955c8f15c3a does not exist. Creating ...
2019-09-25 05:54:00,755 [pool-37-thread-1] INFO  storage.RaftStorageDirectory (RaftStorageDirectory.java:tryLock(328)) - Lock on /workdir/hadoop-ozone/integration-test/target/test-dir/MiniOzoneClusterImpl-4a157921-bac8-4948-8ccf-f55fe74fd98a/datanode-1/data/ratis/dabeff2a-0af3-45af-a666-f955c8f15c3a/in_use.lock acquired by nodename 10436@pr-hdds-1569-s44lr-3492059363
2019-09-25 05:54:00,768 [pool-37-thread-1] INFO  storage.RaftStorage (RaftStorage.java:format(72)) - Storage directory /workdir/hadoop-ozone/integration-test/target/test-dir/MiniOzoneClusterImpl-4a157921-bac8-4948-8ccf-f55fe74fd98a/datanode-1/data/ratis/dabeff2a-0af3-45af-a666-f955c8f15c3a has been successfully formatted.
2019-09-25 05:54:00,768 [pool-37-thread-1] INFO  ratis.ContainerStateMachine (ContainerStateMachine.java:loadSnapshot(230)) - group-F955C8F15C3A: The snapshot info is null. Setting the last applied indexto:(t:0, i:~)
2019-09-25 05:54:00,768 [pool-37-thread-1] INFO  server.RaftServerConfigKeys (ConfUtils.java:logGet(43)) - raft.server.notification.no-leader.timeout = 120s (custom)
2019-09-25 05:54:00,768 [pool-37-thread-1] INFO  server.RaftServerConfigKeys (ConfUtils.java:logGet(43)) - raft.server.log.use.memory = false (default)
2019-09-25 05:54:00,768 [pool-37-thread-1] INFO  server.RaftServerConfigKeys (ConfUtils.java:logGet(43)) - raft.server.log.purge.gap = 1000000 (custom)
2019-09-25 05:54:00,768 [pool-37-thread-1] INFO  server.RaftServerConfigKeys (ConfUtils.java:logGet(43)) - raft.server.log.appender.buffer.byte-limit = 33554432 (custom)
2019-09-25 05:54:00,768 [pool-37-thread-1] INFO  server.RaftServerConfigKeys (ConfUtils.java:logGet(43)) - raft.server.log.segment.size.max = 1048576 (custom)
2019-09-25 05:54:00,769 [pool-37-thread-1] INFO  server.RaftServerConfigKeys (ConfUtils.java:logGet(43)) - raft.server.log.segment.cache.num.max = 2 (custom)
2019-09-25 05:54:00,769 [pool-37-thread-1] INFO  segmented.SegmentedRaftLogWorker (SegmentedRaftLogWorker.java:<init>(172)) - new 40dcd630-ad01-41c1-945d-8b29a9b08b55@group-F955C8F15C3A-SegmentedRaftLogWorker for RaftStorage:Storage Directory /workdir/hadoop-ozone/integration-test/target/test-dir/MiniOzoneClusterImpl-4a157921-bac8-4948-8ccf-f55fe74fd98a/datanode-1/data/ratis/dabeff2a-0af3-45af-a666-f955c8f15c3a
2019-09-25 05:54:00,769 [pool-37-thread-1] INFO  server.RaftServerConfigKeys (ConfUtils.java:logGet(43)) - raft.server.log.queue.byte-limit = 2147483647 (custom)
2019-09-25 05:54:00,769 [pool-37-thread-1] INFO  server.RaftServerConfigKeys (ConfUtils.java:logGet(43)) - raft.server.log.queue.element-limit = 1024 (custom)
2019-09-25 05:54:00,769 [pool-37-thread-1] INFO  server.RaftServerConfigKeys (ConfUtils.java:logGet(43)) - raft.server.log.segment.size.max = 1048576 (custom)
2019-09-25 05:54:00,769 [pool-37-thread-1] INFO  server.RaftServerConfigKeys (ConfUtils.java:logGet(43)) - raft.server.log.preallocated.size = 16384 (custom)
2019-09-25 05:54:00,769 [pool-37-thread-1] INFO  server.RaftServerConfigKeys (ConfUtils.java:logGet(43)) - raft.server.log.write.buffer.size = 33554432 (custom)
2019-09-25 05:54:00,769 [pool-37-thread-1] INFO  server.RaftServerConfigKeys (ConfUtils.java:logGet(43)) - raft.server.log.force.sync.num = 128 (default)
2019-09-25 05:54:00,770 [pool-37-thread-1] INFO  server.RaftServerConfigKeys (ConfUtils.java:logGet(43)) - raft.server.log.statemachine.data.sync = true (default)
2019-09-25 05:54:00,770 [pool-37-thread-1] INFO  server.RaftServerConfigKeys (ConfUtils.java:logGet(43)) - raft.server.log.statemachine.data.sync.timeout = 10s (default)
2019-09-25 05:54:00,770 [pool-37-thread-1] INFO  server.RaftServerConfigKeys (ConfUtils.java:logGet(43)) - raft.server.log.statemachine.data.sync.timeout.retry = -1 (default)
2019-09-25 05:54:00,770 [pool-37-thread-1] INFO  server.RaftServerConfigKeys (ConfUtils.java:logGet(43)) - raft.server.log.statemachine.data.caching.enabled = true (custom)
2019-09-25 05:54:00,770 [pool-37-thread-1] INFO  segmented.SegmentedRaftLogWorker (SegmentedRaftLogWorker.java:lambda$new$0(132)) - 40dcd630-ad01-41c1-945d-8b29a9b08b55@group-F955C8F15C3A-SegmentedRaftLogWorker: flushIndex: setUnconditionally 0 -> -1
2019-09-25 05:54:00,771 [pool-37-thread-1] INFO  server.RaftServerConfigKeys (ConfUtils.java:logGet(43)) - raft.server.snapshot.auto.trigger.enabled = true (custom)
2019-09-25 05:54:00,771 [pool-37-thread-1] INFO  server.RaftServerConfigKeys (ConfUtils.java:logGet(43)) - raft.server.snapshot.auto.trigger.threshold = 10000 (custom)
2019-09-25 05:54:00,771 [pool-37-thread-1] INFO  server.RaftServerConfigKeys (ConfUtils.java:logGet(43)) - raft.server.snapshot.retention.num.files = 5 (custom)
2019-09-25 05:54:00,771 [pool-37-thread-1] INFO  server.RaftServerConfigKeys (ConfUtils.java:logGet(43)) - raft.server.retrycache.expirytime = 600000ms (custom)
2019-09-25 05:54:00,773 [pool-37-thread-1] INFO  impl.RaftServerImpl (RaftServerImpl.java:start(185)) - 40dcd630-ad01-41c1-945d-8b29a9b08b55@group-F955C8F15C3A: start as a follower, conf=-1: [40dcd630-ad01-41c1-945d-8b29a9b08b55:192.168.164.207:38778], old=null
2019-09-25 05:54:00,773 [pool-37-thread-1] INFO  impl.RaftServerImpl (RaftServerImpl.java:setRole(174)) - 40dcd630-ad01-41c1-945d-8b29a9b08b55@group-F955C8F15C3A: changes role from      null to FOLLOWER at term 0 for startAsFollower
2019-09-25 05:54:00,773 [pool-37-thread-1] INFO  impl.RoleInfo (RoleInfo.java:updateAndGet(143)) - 40dcd630-ad01-41c1-945d-8b29a9b08b55: start FollowerState
2019-09-25 05:54:00,774 [pool-37-thread-1] INFO  util.JmxRegister (JmxRegister.java:tryRegister(44)) - Successfully registered JMX Bean with object name Ratis:service=RaftServer,group=group-F955C8F15C3A,id=40dcd630-ad01-41c1-945d-8b29a9b08b55
2019-09-25 05:54:00,782 [RatisPipelineUtilsThread] INFO  pipeline.PipelineStateManager (PipelineStateManager.java:addPipeline(56)) - Created pipeline Pipeline[ Id: dabeff2a-0af3-45af-a666-f955c8f15c3a, Nodes: 40dcd630-ad01-41c1-945d-8b29a9b08b55{ip: 192.168.164.207, host: pr-hdds-1569-s44lr-3492059363, networkLocation: /default-rack, certSerialId: null}, Type:RATIS, Factor:ONE, State:OPEN]
2019-09-25 05:54:00,783 [RatisPipelineUtilsThread] INFO  pipeline.PipelinePlacementPolicy (PipelinePlacementPolicy.java:meetCriteria(91)) - Pipeline Placement: can't place more pipeline on heavy datanode： 40dcd630-ad01-41c1-945d-8b29a9b08b55 Heaviness: 6 limit: 5
2019-09-25 05:54:00,795 [grpc-default-executor-0] INFO  impl.RaftServerProxy (RaftServerProxy.java:addNew(89)) - 03645d2f-1e20-4e0d-8661-d0c7ee952eef: addNew group-531C7AC91C90:[03645d2f-1e20-4e0d-8661-d0c7ee952eef:192.168.164.207:38201] returns group-531C7AC91C90:java.util.concurrent.CompletableFuture@7bfa857d[Not completed]
2019-09-25 05:54:00,797 [pool-27-thread-1] INFO  impl.RaftServerImpl (RaftServerImpl.java:<init>(95)) - 03645d2f-1e20-4e0d-8661-d0c7ee952eef: new RaftServerImpl for group-531C7AC91C90:[03645d2f-1e20-4e0d-8661-d0c7ee952eef:192.168.164.207:38201] with ContainerStateMachine:uninitialized
2019-09-25 05:54:00,797 [pool-27-thread-1] INFO  server.RaftServerConfigKeys (ConfUtils.java:logGet(43)) - raft.server.rpc.timeout.min = 5s (custom)
2019-09-25 05:54:00,797 [pool-27-thread-1] INFO  server.RaftServerConfigKeys (ConfUtils.java:logGet(43)) - raft.server.rpc.timeout.max = 5200ms (custom)
2019-09-25 05:54:00,797 [pool-27-thread-1] INFO  server.RaftServerConfigKeys (ConfUtils.java:logGet(43)) - raft.server.rpcslowness.timeout = 120s (custom)
2019-09-25 05:54:00,797 [pool-27-thread-1] INFO  server.RaftServerConfigKeys (ConfUtils.java:logGet(43)) - raft.server.sleep.deviation.threshold = 300 (default)
2019-09-25 05:54:00,798 [pool-27-thread-1] INFO  server.RaftServerConfigKeys (ConfUtils.java:logGet(43)) - raft.server.log.appender.install.snapshot.enabled = false (custom)
2019-09-25 05:54:00,798 [pool-27-thread-1] INFO  impl.RaftServerImpl (ServerState.java:<init>(103)) - 03645d2f-1e20-4e0d-8661-d0c7ee952eef@group-531C7AC91C90: ConfigurationManager, init=-1: [03645d2f-1e20-4e0d-8661-d0c7ee952eef:192.168.164.207:38201], old=null, confs=<EMPTY_MAP>
2019-09-25 05:54:00,798 [pool-27-thread-1] INFO  server.RaftServerConfigKeys (ConfUtils.java:logGet(43)) - raft.server.storage.dir = [/workdir/hadoop-ozone/integration-test/target/test-dir/MiniOzoneClusterImpl-4a157921-bac8-4948-8ccf-f55fe74fd98a/datanode-0/data/ratis] (custom)
2019-09-25 05:54:00,798 [pool-27-thread-1] INFO  storage.RaftStorageDirectory (RaftStorageDirectory.java:analyzeStorage(246)) - The storage directory /workdir/hadoop-ozone/integration-test/target/test-dir/MiniOzoneClusterImpl-4a157921-bac8-4948-8ccf-f55fe74fd98a/datanode-0/data/ratis/c517d30d-a25f-4e49-adba-531c7ac91c90 does not exist. Creating ...
2019-09-25 05:54:00,811 [pool-27-thread-1] INFO  storage.RaftStorageDirectory (RaftStorageDirectory.java:tryLock(328)) - Lock on /workdir/hadoop-ozone/integration-test/target/test-dir/MiniOzoneClusterImpl-4a157921-bac8-4948-8ccf-f55fe74fd98a/datanode-0/data/ratis/c517d30d-a25f-4e49-adba-531c7ac91c90/in_use.lock acquired by nodename 10436@pr-hdds-1569-s44lr-3492059363
2019-09-25 05:54:00,824 [pool-27-thread-1] INFO  storage.RaftStorage (RaftStorage.java:format(72)) - Storage directory /workdir/hadoop-ozone/integration-test/target/test-dir/MiniOzoneClusterImpl-4a157921-bac8-4948-8ccf-f55fe74fd98a/datanode-0/data/ratis/c517d30d-a25f-4e49-adba-531c7ac91c90 has been successfully formatted.
2019-09-25 05:54:00,824 [pool-27-thread-1] INFO  ratis.ContainerStateMachine (ContainerStateMachine.java:loadSnapshot(230)) - group-531C7AC91C90: The snapshot info is null. Setting the last applied indexto:(t:0, i:~)
2019-09-25 05:54:00,825 [pool-27-thread-1] INFO  server.RaftServerConfigKeys (ConfUtils.java:logGet(43)) - raft.server.notification.no-leader.timeout = 120s (custom)
2019-09-25 05:54:00,825 [pool-27-thread-1] INFO  server.RaftServerConfigKeys (ConfUtils.java:logGet(43)) - raft.server.log.use.memory = false (default)
2019-09-25 05:54:00,825 [pool-27-thread-1] INFO  server.RaftServerConfigKeys (ConfUtils.java:logGet(43)) - raft.server.log.purge.gap = 1000000 (custom)
2019-09-25 05:54:00,825 [pool-27-thread-1] INFO  server.RaftServerConfigKeys (ConfUtils.java:logGet(43)) - raft.server.log.appender.buffer.byte-limit = 33554432 (custom)
2019-09-25 05:54:00,825 [pool-27-thread-1] INFO  server.RaftServerConfigKeys (ConfUtils.java:logGet(43)) - raft.server.log.segment.size.max = 1048576 (custom)
2019-09-25 05:54:00,825 [pool-27-thread-1] INFO  server.RaftServerConfigKeys (ConfUtils.java:logGet(43)) - raft.server.log.segment.cache.num.max = 2 (custom)
2019-09-25 05:54:00,825 [pool-27-thread-1] INFO  segmented.SegmentedRaftLogWorker (SegmentedRaftLogWorker.java:<init>(172)) - new 03645d2f-1e20-4e0d-8661-d0c7ee952eef@group-531C7AC91C90-SegmentedRaftLogWorker for RaftStorage:Storage Directory /workdir/hadoop-ozone/integration-test/target/test-dir/MiniOzoneClusterImpl-4a157921-bac8-4948-8ccf-f55fe74fd98a/datanode-0/data/ratis/c517d30d-a25f-4e49-adba-531c7ac91c90
2019-09-25 05:54:00,826 [pool-27-thread-1] INFO  server.RaftServerConfigKeys (ConfUtils.java:logGet(43)) - raft.server.log.queue.byte-limit = 2147483647 (custom)
2019-09-25 05:54:00,826 [pool-27-thread-1] INFO  server.RaftServerConfigKeys (ConfUtils.java:logGet(43)) - raft.server.log.queue.element-limit = 1024 (custom)
2019-09-25 05:54:00,826 [pool-27-thread-1] INFO  server.RaftServerConfigKeys (ConfUtils.java:logGet(43)) - raft.server.log.segment.size.max = 1048576 (custom)
2019-09-25 05:54:00,826 [pool-27-thread-1] INFO  server.RaftServerConfigKeys (ConfUtils.java:logGet(43)) - raft.server.log.preallocated.size = 16384 (custom)
2019-09-25 05:54:00,826 [pool-27-thread-1] INFO  server.RaftServerConfigKeys (ConfUtils.java:logGet(43)) - raft.server.log.write.buffer.size = 33554432 (custom)
2019-09-25 05:54:00,826 [pool-27-thread-1] INFO  server.RaftServerConfigKeys (ConfUtils.java:logGet(43)) - raft.server.log.force.sync.num = 128 (default)
2019-09-25 05:54:00,826 [pool-27-thread-1] INFO  server.RaftServerConfigKeys (ConfUtils.java:logGet(43)) - raft.server.log.statemachine.data.sync = true (default)
2019-09-25 05:54:00,827 [pool-27-thread-1] INFO  server.RaftServerConfigKeys (ConfUtils.java:logGet(43)) - raft.server.log.statemachine.data.sync.timeout = 10s (default)
2019-09-25 05:54:00,827 [pool-27-thread-1] INFO  server.RaftServerConfigKeys (ConfUtils.java:logGet(43)) - raft.server.log.statemachine.data.sync.timeout.retry = -1 (default)
2019-09-25 05:54:00,827 [pool-27-thread-1] INFO  server.RaftServerConfigKeys (ConfUtils.java:logGet(43)) - raft.server.log.statemachine.data.caching.enabled = true (custom)
2019-09-25 05:54:00,827 [pool-27-thread-1] INFO  segmented.SegmentedRaftLogWorker (SegmentedRaftLogWorker.java:lambda$new$0(132)) - 03645d2f-1e20-4e0d-8661-d0c7ee952eef@group-531C7AC91C90-SegmentedRaftLogWorker: flushIndex: setUnconditionally 0 -> -1
2019-09-25 05:54:00,828 [pool-27-thread-1] INFO  server.RaftServerConfigKeys (ConfUtils.java:logGet(43)) - raft.server.snapshot.auto.trigger.enabled = true (custom)
2019-09-25 05:54:00,828 [pool-27-thread-1] INFO  server.RaftServerConfigKeys (ConfUtils.java:logGet(43)) - raft.server.snapshot.auto.trigger.threshold = 10000 (custom)
2019-09-25 05:54:00,828 [pool-27-thread-1] INFO  server.RaftServerConfigKeys (ConfUtils.java:logGet(43)) - raft.server.snapshot.retention.num.files = 5 (custom)
2019-09-25 05:54:00,828 [pool-27-thread-1] INFO  server.RaftServerConfigKeys (ConfUtils.java:logGet(43)) - raft.server.retrycache.expirytime = 600000ms (custom)
2019-09-25 05:54:00,831 [pool-27-thread-1] INFO  impl.RaftServerImpl (RaftServerImpl.java:start(185)) - 03645d2f-1e20-4e0d-8661-d0c7ee952eef@group-531C7AC91C90: start as a follower, conf=-1: [03645d2f-1e20-4e0d-8661-d0c7ee952eef:192.168.164.207:38201], old=null
2019-09-25 05:54:00,831 [pool-27-thread-1] INFO  impl.RaftServerImpl (RaftServerImpl.java:setRole(174)) - 03645d2f-1e20-4e0d-8661-d0c7ee952eef@group-531C7AC91C90: changes role from      null to FOLLOWER at term 0 for startAsFollower
2019-09-25 05:54:00,831 [pool-27-thread-1] INFO  impl.RoleInfo (RoleInfo.java:updateAndGet(143)) - 03645d2f-1e20-4e0d-8661-d0c7ee952eef: start FollowerState
2019-09-25 05:54:00,832 [pool-27-thread-1] INFO  util.JmxRegister (JmxRegister.java:tryRegister(44)) - Successfully registered JMX Bean with object name Ratis:service=RaftServer,group=group-531C7AC91C90,id=03645d2f-1e20-4e0d-8661-d0c7ee952eef
2019-09-25 05:54:00,841 [RatisPipelineUtilsThread] INFO  pipeline.PipelineStateManager (PipelineStateManager.java:addPipeline(56)) - Created pipeline Pipeline[ Id: c517d30d-a25f-4e49-adba-531c7ac91c90, Nodes: 03645d2f-1e20-4e0d-8661-d0c7ee952eef{ip: 192.168.164.207, host: pr-hdds-1569-s44lr-3492059363, networkLocation: /default-rack, certSerialId: null}, Type:RATIS, Factor:ONE, State:OPEN]
2019-09-25 05:54:00,842 [RatisPipelineUtilsThread] INFO  pipeline.PipelinePlacementPolicy (PipelinePlacementPolicy.java:meetCriteria(91)) - Pipeline Placement: can't place more pipeline on heavy datanode： 40dcd630-ad01-41c1-945d-8b29a9b08b55 Heaviness: 6 limit: 5
2019-09-25 05:54:00,855 [grpc-default-executor-0] INFO  impl.RaftServerProxy (RaftServerProxy.java:addNew(89)) - bb2366d0-9f8a-4c88-bd20-7ec32ce3238d: addNew group-D771DF473BB4:[bb2366d0-9f8a-4c88-bd20-7ec32ce3238d:192.168.164.207:44123] returns group-D771DF473BB4:java.util.concurrent.CompletableFuture@28783fc3[Not completed]
2019-09-25 05:54:00,858 [pool-67-thread-1] INFO  impl.RaftServerImpl (RaftServerImpl.java:<init>(95)) - bb2366d0-9f8a-4c88-bd20-7ec32ce3238d: new RaftServerImpl for group-D771DF473BB4:[bb2366d0-9f8a-4c88-bd20-7ec32ce3238d:192.168.164.207:44123] with ContainerStateMachine:uninitialized
2019-09-25 05:54:00,858 [pool-67-thread-1] INFO  server.RaftServerConfigKeys (ConfUtils.java:logGet(43)) - raft.server.rpc.timeout.min = 5s (custom)
2019-09-25 05:54:00,858 [pool-67-thread-1] INFO  server.RaftServerConfigKeys (ConfUtils.java:logGet(43)) - raft.server.rpc.timeout.max = 5200ms (custom)
2019-09-25 05:54:00,858 [pool-67-thread-1] INFO  server.RaftServerConfigKeys (ConfUtils.java:logGet(43)) - raft.server.rpcslowness.timeout = 120s (custom)
2019-09-25 05:54:00,858 [pool-67-thread-1] INFO  server.RaftServerConfigKeys (ConfUtils.java:logGet(43)) - raft.server.sleep.deviation.threshold = 300 (default)
2019-09-25 05:54:00,859 [pool-67-thread-1] INFO  server.RaftServerConfigKeys (ConfUtils.java:logGet(43)) - raft.server.log.appender.install.snapshot.enabled = false (custom)
2019-09-25 05:54:00,859 [pool-67-thread-1] INFO  impl.RaftServerImpl (ServerState.java:<init>(103)) - bb2366d0-9f8a-4c88-bd20-7ec32ce3238d@group-D771DF473BB4: ConfigurationManager, init=-1: [bb2366d0-9f8a-4c88-bd20-7ec32ce3238d:192.168.164.207:44123], old=null, confs=<EMPTY_MAP>
2019-09-25 05:54:00,859 [pool-67-thread-1] INFO  server.RaftServerConfigKeys (ConfUtils.java:logGet(43)) - raft.server.storage.dir = [/workdir/hadoop-ozone/integration-test/target/test-dir/MiniOzoneClusterImpl-4a157921-bac8-4948-8ccf-f55fe74fd98a/datanode-4/data/ratis] (custom)
2019-09-25 05:54:00,860 [pool-67-thread-1] INFO  storage.RaftStorageDirectory (RaftStorageDirectory.java:analyzeStorage(246)) - The storage directory /workdir/hadoop-ozone/integration-test/target/test-dir/MiniOzoneClusterImpl-4a157921-bac8-4948-8ccf-f55fe74fd98a/datanode-4/data/ratis/b1c54a1f-6b9e-4961-adfc-d771df473bb4 does not exist. Creating ...
2019-09-25 05:54:00,909 [pool-67-thread-1] INFO  storage.RaftStorageDirectory (RaftStorageDirectory.java:tryLock(328)) - Lock on /workdir/hadoop-ozone/integration-test/target/test-dir/MiniOzoneClusterImpl-4a157921-bac8-4948-8ccf-f55fe74fd98a/datanode-4/data/ratis/b1c54a1f-6b9e-4961-adfc-d771df473bb4/in_use.lock acquired by nodename 10436@pr-hdds-1569-s44lr-3492059363
2019-09-25 05:54:00,922 [pool-67-thread-1] INFO  storage.RaftStorage (RaftStorage.java:format(72)) - Storage directory /workdir/hadoop-ozone/integration-test/target/test-dir/MiniOzoneClusterImpl-4a157921-bac8-4948-8ccf-f55fe74fd98a/datanode-4/data/ratis/b1c54a1f-6b9e-4961-adfc-d771df473bb4 has been successfully formatted.
2019-09-25 05:54:00,923 [pool-67-thread-1] INFO  ratis.ContainerStateMachine (ContainerStateMachine.java:loadSnapshot(230)) - group-D771DF473BB4: The snapshot info is null. Setting the last applied indexto:(t:0, i:~)
2019-09-25 05:54:00,923 [pool-67-thread-1] INFO  server.RaftServerConfigKeys (ConfUtils.java:logGet(43)) - raft.server.notification.no-leader.timeout = 120s (custom)
2019-09-25 05:54:00,923 [pool-67-thread-1] INFO  server.RaftServerConfigKeys (ConfUtils.java:logGet(43)) - raft.server.log.use.memory = false (default)
2019-09-25 05:54:00,923 [pool-67-thread-1] INFO  server.RaftServerConfigKeys (ConfUtils.java:logGet(43)) - raft.server.log.purge.gap = 1000000 (custom)
2019-09-25 05:54:00,923 [pool-67-thread-1] INFO  server.RaftServerConfigKeys (ConfUtils.java:logGet(43)) - raft.server.log.appender.buffer.byte-limit = 33554432 (custom)
2019-09-25 05:54:00,924 [pool-67-thread-1] INFO  server.RaftServerConfigKeys (ConfUtils.java:logGet(43)) - raft.server.log.segment.size.max = 1048576 (custom)
2019-09-25 05:54:00,924 [pool-67-thread-1] INFO  server.RaftServerConfigKeys (ConfUtils.java:logGet(43)) - raft.server.log.segment.cache.num.max = 2 (custom)
2019-09-25 05:54:00,924 [pool-67-thread-1] INFO  segmented.SegmentedRaftLogWorker (SegmentedRaftLogWorker.java:<init>(172)) - new bb2366d0-9f8a-4c88-bd20-7ec32ce3238d@group-D771DF473BB4-SegmentedRaftLogWorker for RaftStorage:Storage Directory /workdir/hadoop-ozone/integration-test/target/test-dir/MiniOzoneClusterImpl-4a157921-bac8-4948-8ccf-f55fe74fd98a/datanode-4/data/ratis/b1c54a1f-6b9e-4961-adfc-d771df473bb4
2019-09-25 05:54:00,928 [pool-67-thread-1] INFO  server.RaftServerConfigKeys (ConfUtils.java:logGet(43)) - raft.server.log.queue.byte-limit = 2147483647 (custom)
2019-09-25 05:54:00,928 [pool-67-thread-1] INFO  server.RaftServerConfigKeys (ConfUtils.java:logGet(43)) - raft.server.log.queue.element-limit = 1024 (custom)
2019-09-25 05:54:00,929 [pool-67-thread-1] INFO  server.RaftServerConfigKeys (ConfUtils.java:logGet(43)) - raft.server.log.segment.size.max = 1048576 (custom)
2019-09-25 05:54:00,929 [pool-67-thread-1] INFO  server.RaftServerConfigKeys (ConfUtils.java:logGet(43)) - raft.server.log.preallocated.size = 16384 (custom)
2019-09-25 05:54:00,929 [pool-67-thread-1] INFO  server.RaftServerConfigKeys (ConfUtils.java:logGet(43)) - raft.server.log.write.buffer.size = 33554432 (custom)
2019-09-25 05:54:00,929 [pool-67-thread-1] INFO  server.RaftServerConfigKeys (ConfUtils.java:logGet(43)) - raft.server.log.force.sync.num = 128 (default)
2019-09-25 05:54:00,929 [pool-67-thread-1] INFO  server.RaftServerConfigKeys (ConfUtils.java:logGet(43)) - raft.server.log.statemachine.data.sync = true (default)
2019-09-25 05:54:00,930 [pool-67-thread-1] INFO  server.RaftServerConfigKeys (ConfUtils.java:logGet(43)) - raft.server.log.statemachine.data.sync.timeout = 10s (default)
2019-09-25 05:54:00,930 [pool-67-thread-1] INFO  server.RaftServerConfigKeys (ConfUtils.java:logGet(43)) - raft.server.log.statemachine.data.sync.timeout.retry = -1 (default)
2019-09-25 05:54:00,930 [pool-67-thread-1] INFO  server.RaftServerConfigKeys (ConfUtils.java:logGet(43)) - raft.server.log.statemachine.data.caching.enabled = true (custom)
2019-09-25 05:54:00,931 [pool-67-thread-1] INFO  segmented.SegmentedRaftLogWorker (SegmentedRaftLogWorker.java:lambda$new$0(132)) - bb2366d0-9f8a-4c88-bd20-7ec32ce3238d@group-D771DF473BB4-SegmentedRaftLogWorker: flushIndex: setUnconditionally 0 -> -1
2019-09-25 05:54:00,931 [pool-67-thread-1] INFO  server.RaftServerConfigKeys (ConfUtils.java:logGet(43)) - raft.server.snapshot.auto.trigger.enabled = true (custom)
2019-09-25 05:54:00,931 [pool-67-thread-1] INFO  server.RaftServerConfigKeys (ConfUtils.java:logGet(43)) - raft.server.snapshot.auto.trigger.threshold = 10000 (custom)
2019-09-25 05:54:00,931 [pool-67-thread-1] INFO  server.RaftServerConfigKeys (ConfUtils.java:logGet(43)) - raft.server.snapshot.retention.num.files = 5 (custom)
2019-09-25 05:54:00,932 [pool-67-thread-1] INFO  server.RaftServerConfigKeys (ConfUtils.java:logGet(43)) - raft.server.retrycache.expirytime = 600000ms (custom)
2019-09-25 05:54:00,935 [pool-67-thread-1] INFO  impl.RaftServerImpl (RaftServerImpl.java:start(185)) - bb2366d0-9f8a-4c88-bd20-7ec32ce3238d@group-D771DF473BB4: start as a follower, conf=-1: [bb2366d0-9f8a-4c88-bd20-7ec32ce3238d:192.168.164.207:44123], old=null
2019-09-25 05:54:00,935 [pool-67-thread-1] INFO  impl.RaftServerImpl (RaftServerImpl.java:setRole(174)) - bb2366d0-9f8a-4c88-bd20-7ec32ce3238d@group-D771DF473BB4: changes role from      null to FOLLOWER at term 0 for startAsFollower
2019-09-25 05:54:00,935 [pool-67-thread-1] INFO  impl.RoleInfo (RoleInfo.java:updateAndGet(143)) - bb2366d0-9f8a-4c88-bd20-7ec32ce3238d: start FollowerState
2019-09-25 05:54:00,936 [pool-67-thread-1] INFO  util.JmxRegister (JmxRegister.java:tryRegister(44)) - Successfully registered JMX Bean with object name Ratis:service=RaftServer,group=group-D771DF473BB4,id=bb2366d0-9f8a-4c88-bd20-7ec32ce3238d
2019-09-25 05:54:00,947 [RatisPipelineUtilsThread] INFO  pipeline.PipelineStateManager (PipelineStateManager.java:addPipeline(56)) - Created pipeline Pipeline[ Id: b1c54a1f-6b9e-4961-adfc-d771df473bb4, Nodes: bb2366d0-9f8a-4c88-bd20-7ec32ce3238d{ip: 192.168.164.207, host: pr-hdds-1569-s44lr-3492059363, networkLocation: /default-rack, certSerialId: null}, Type:RATIS, Factor:ONE, State:OPEN]
2019-09-25 05:54:00,947 [RatisPipelineUtilsThread] INFO  pipeline.PipelinePlacementPolicy (PipelinePlacementPolicy.java:meetCriteria(91)) - Pipeline Placement: can't place more pipeline on heavy datanode： 40dcd630-ad01-41c1-945d-8b29a9b08b55 Heaviness: 6 limit: 5
2019-09-25 05:54:00,961 [grpc-default-executor-0] INFO  impl.RaftServerProxy (RaftServerProxy.java:addNew(89)) - 511ff9a4-402a-459c-948c-b9450b1400e6: addNew group-4280D72B4E9B:[511ff9a4-402a-459c-948c-b9450b1400e6:192.168.164.207:38058] returns group-4280D72B4E9B:java.util.concurrent.CompletableFuture@51e1283[Not completed]
2019-09-25 05:54:00,964 [pool-57-thread-1] INFO  impl.RaftServerImpl (RaftServerImpl.java:<init>(95)) - 511ff9a4-402a-459c-948c-b9450b1400e6: new RaftServerImpl for group-4280D72B4E9B:[511ff9a4-402a-459c-948c-b9450b1400e6:192.168.164.207:38058] with ContainerStateMachine:uninitialized
2019-09-25 05:54:00,964 [pool-57-thread-1] INFO  server.RaftServerConfigKeys (ConfUtils.java:logGet(43)) - raft.server.rpc.timeout.min = 5s (custom)
2019-09-25 05:54:00,964 [pool-57-thread-1] INFO  server.RaftServerConfigKeys (ConfUtils.java:logGet(43)) - raft.server.rpc.timeout.max = 5200ms (custom)
2019-09-25 05:54:00,964 [pool-57-thread-1] INFO  server.RaftServerConfigKeys (ConfUtils.java:logGet(43)) - raft.server.rpcslowness.timeout = 120s (custom)
2019-09-25 05:54:00,964 [pool-57-thread-1] INFO  server.RaftServerConfigKeys (ConfUtils.java:logGet(43)) - raft.server.sleep.deviation.threshold = 300 (default)
2019-09-25 05:54:00,965 [pool-57-thread-1] INFO  server.RaftServerConfigKeys (ConfUtils.java:logGet(43)) - raft.server.log.appender.install.snapshot.enabled = false (custom)
2019-09-25 05:54:00,965 [pool-57-thread-1] INFO  impl.RaftServerImpl (ServerState.java:<init>(103)) - 511ff9a4-402a-459c-948c-b9450b1400e6@group-4280D72B4E9B: ConfigurationManager, init=-1: [511ff9a4-402a-459c-948c-b9450b1400e6:192.168.164.207:38058], old=null, confs=<EMPTY_MAP>
2019-09-25 05:54:00,965 [pool-57-thread-1] INFO  server.RaftServerConfigKeys (ConfUtils.java:logGet(43)) - raft.server.storage.dir = [/workdir/hadoop-ozone/integration-test/target/test-dir/MiniOzoneClusterImpl-4a157921-bac8-4948-8ccf-f55fe74fd98a/datanode-3/data/ratis] (custom)
2019-09-25 05:54:00,965 [pool-57-thread-1] INFO  storage.RaftStorageDirectory (RaftStorageDirectory.java:analyzeStorage(246)) - The storage directory /workdir/hadoop-ozone/integration-test/target/test-dir/MiniOzoneClusterImpl-4a157921-bac8-4948-8ccf-f55fe74fd98a/datanode-3/data/ratis/4f69a97d-df78-446e-9cc1-4280d72b4e9b does not exist. Creating ...
2019-09-25 05:54:00,978 [pool-57-thread-1] INFO  storage.RaftStorageDirectory (RaftStorageDirectory.java:tryLock(328)) - Lock on /workdir/hadoop-ozone/integration-test/target/test-dir/MiniOzoneClusterImpl-4a157921-bac8-4948-8ccf-f55fe74fd98a/datanode-3/data/ratis/4f69a97d-df78-446e-9cc1-4280d72b4e9b/in_use.lock acquired by nodename 10436@pr-hdds-1569-s44lr-3492059363
2019-09-25 05:54:00,992 [pool-57-thread-1] INFO  storage.RaftStorage (RaftStorage.java:format(72)) - Storage directory /workdir/hadoop-ozone/integration-test/target/test-dir/MiniOzoneClusterImpl-4a157921-bac8-4948-8ccf-f55fe74fd98a/datanode-3/data/ratis/4f69a97d-df78-446e-9cc1-4280d72b4e9b has been successfully formatted.
2019-09-25 05:54:00,992 [pool-57-thread-1] INFO  ratis.ContainerStateMachine (ContainerStateMachine.java:loadSnapshot(230)) - group-4280D72B4E9B: The snapshot info is null. Setting the last applied indexto:(t:0, i:~)
2019-09-25 05:54:00,992 [pool-57-thread-1] INFO  server.RaftServerConfigKeys (ConfUtils.java:logGet(43)) - raft.server.notification.no-leader.timeout = 120s (custom)
2019-09-25 05:54:00,993 [pool-57-thread-1] INFO  server.RaftServerConfigKeys (ConfUtils.java:logGet(43)) - raft.server.log.use.memory = false (default)
2019-09-25 05:54:00,993 [pool-57-thread-1] INFO  server.RaftServerConfigKeys (ConfUtils.java:logGet(43)) - raft.server.log.purge.gap = 1000000 (custom)
2019-09-25 05:54:00,993 [pool-57-thread-1] INFO  server.RaftServerConfigKeys (ConfUtils.java:logGet(43)) - raft.server.log.appender.buffer.byte-limit = 33554432 (custom)
2019-09-25 05:54:00,993 [pool-57-thread-1] INFO  server.RaftServerConfigKeys (ConfUtils.java:logGet(43)) - raft.server.log.segment.size.max = 1048576 (custom)
2019-09-25 05:54:00,993 [pool-57-thread-1] INFO  server.RaftServerConfigKeys (ConfUtils.java:logGet(43)) - raft.server.log.segment.cache.num.max = 2 (custom)
2019-09-25 05:54:00,993 [pool-57-thread-1] INFO  segmented.SegmentedRaftLogWorker (SegmentedRaftLogWorker.java:<init>(172)) - new 511ff9a4-402a-459c-948c-b9450b1400e6@group-4280D72B4E9B-SegmentedRaftLogWorker for RaftStorage:Storage Directory /workdir/hadoop-ozone/integration-test/target/test-dir/MiniOzoneClusterImpl-4a157921-bac8-4948-8ccf-f55fe74fd98a/datanode-3/data/ratis/4f69a97d-df78-446e-9cc1-4280d72b4e9b
2019-09-25 05:54:00,994 [pool-57-thread-1] INFO  server.RaftServerConfigKeys (ConfUtils.java:logGet(43)) - raft.server.log.queue.byte-limit = 2147483647 (custom)
2019-09-25 05:54:00,994 [pool-57-thread-1] INFO  server.RaftServerConfigKeys (ConfUtils.java:logGet(43)) - raft.server.log.queue.element-limit = 1024 (custom)
2019-09-25 05:54:00,994 [pool-57-thread-1] INFO  server.RaftServerConfigKeys (ConfUtils.java:logGet(43)) - raft.server.log.segment.size.max = 1048576 (custom)
2019-09-25 05:54:00,994 [pool-57-thread-1] INFO  server.RaftServerConfigKeys (ConfUtils.java:logGet(43)) - raft.server.log.preallocated.size = 16384 (custom)
2019-09-25 05:54:00,994 [pool-57-thread-1] INFO  server.RaftServerConfigKeys (ConfUtils.java:logGet(43)) - raft.server.log.write.buffer.size = 33554432 (custom)
2019-09-25 05:54:00,995 [pool-57-thread-1] INFO  server.RaftServerConfigKeys (ConfUtils.java:logGet(43)) - raft.server.log.force.sync.num = 128 (default)
2019-09-25 05:54:00,995 [pool-57-thread-1] INFO  server.RaftServerConfigKeys (ConfUtils.java:logGet(43)) - raft.server.log.statemachine.data.sync = true (default)
2019-09-25 05:54:00,995 [pool-57-thread-1] INFO  server.RaftServerConfigKeys (ConfUtils.java:logGet(43)) - raft.server.log.statemachine.data.sync.timeout = 10s (default)
2019-09-25 05:54:00,995 [pool-57-thread-1] INFO  server.RaftServerConfigKeys (ConfUtils.java:logGet(43)) - raft.server.log.statemachine.data.sync.timeout.retry = -1 (default)
2019-09-25 05:54:00,995 [pool-57-thread-1] INFO  server.RaftServerConfigKeys (ConfUtils.java:logGet(43)) - raft.server.log.statemachine.data.caching.enabled = true (custom)
2019-09-25 05:54:00,996 [pool-57-thread-1] INFO  segmented.SegmentedRaftLogWorker (SegmentedRaftLogWorker.java:lambda$new$0(132)) - 511ff9a4-402a-459c-948c-b9450b1400e6@group-4280D72B4E9B-SegmentedRaftLogWorker: flushIndex: setUnconditionally 0 -> -1
2019-09-25 05:54:00,996 [pool-57-thread-1] INFO  server.RaftServerConfigKeys (ConfUtils.java:logGet(43)) - raft.server.snapshot.auto.trigger.enabled = true (custom)
2019-09-25 05:54:00,996 [pool-57-thread-1] INFO  server.RaftServerConfigKeys (ConfUtils.java:logGet(43)) - raft.server.snapshot.auto.trigger.threshold = 10000 (custom)
2019-09-25 05:54:00,996 [pool-57-thread-1] INFO  server.RaftServerConfigKeys (ConfUtils.java:logGet(43)) - raft.server.snapshot.retention.num.files = 5 (custom)
2019-09-25 05:54:00,997 [pool-57-thread-1] INFO  server.RaftServerConfigKeys (ConfUtils.java:logGet(43)) - raft.server.retrycache.expirytime = 600000ms (custom)
2019-09-25 05:54:01,000 [pool-57-thread-1] INFO  impl.RaftServerImpl (RaftServerImpl.java:start(185)) - 511ff9a4-402a-459c-948c-b9450b1400e6@group-4280D72B4E9B: start as a follower, conf=-1: [511ff9a4-402a-459c-948c-b9450b1400e6:192.168.164.207:38058], old=null
2019-09-25 05:54:01,000 [pool-57-thread-1] INFO  impl.RaftServerImpl (RaftServerImpl.java:setRole(174)) - 511ff9a4-402a-459c-948c-b9450b1400e6@group-4280D72B4E9B: changes role from      null to FOLLOWER at term 0 for startAsFollower
2019-09-25 05:54:01,000 [pool-57-thread-1] INFO  impl.RoleInfo (RoleInfo.java:updateAndGet(143)) - 511ff9a4-402a-459c-948c-b9450b1400e6: start FollowerState
2019-09-25 05:54:01,001 [pool-57-thread-1] INFO  util.JmxRegister (JmxRegister.java:tryRegister(44)) - Successfully registered JMX Bean with object name Ratis:service=RaftServer,group=group-4280D72B4E9B,id=511ff9a4-402a-459c-948c-b9450b1400e6
2019-09-25 05:54:01,012 [RatisPipelineUtilsThread] INFO  pipeline.PipelineStateManager (PipelineStateManager.java:addPipeline(56)) - Created pipeline Pipeline[ Id: 4f69a97d-df78-446e-9cc1-4280d72b4e9b, Nodes: 511ff9a4-402a-459c-948c-b9450b1400e6{ip: 192.168.164.207, host: pr-hdds-1569-s44lr-3492059363, networkLocation: /default-rack, certSerialId: null}, Type:RATIS, Factor:ONE, State:OPEN]
2019-09-25 05:54:01,012 [RatisPipelineUtilsThread] INFO  pipeline.PipelinePlacementPolicy (PipelinePlacementPolicy.java:meetCriteria(91)) - Pipeline Placement: can't place more pipeline on heavy datanode： 40dcd630-ad01-41c1-945d-8b29a9b08b55 Heaviness: 6 limit: 5
2019-09-25 05:54:01,027 [grpc-default-executor-0] INFO  impl.RaftServerProxy (RaftServerProxy.java:addNew(89)) - 03645d2f-1e20-4e0d-8661-d0c7ee952eef: addNew group-97755CFFBD95:[03645d2f-1e20-4e0d-8661-d0c7ee952eef:192.168.164.207:38201] returns group-97755CFFBD95:java.util.concurrent.CompletableFuture@44345a16[Not completed]
2019-09-25 05:54:01,029 [pool-27-thread-1] INFO  impl.RaftServerImpl (RaftServerImpl.java:<init>(95)) - 03645d2f-1e20-4e0d-8661-d0c7ee952eef: new RaftServerImpl for group-97755CFFBD95:[03645d2f-1e20-4e0d-8661-d0c7ee952eef:192.168.164.207:38201] with ContainerStateMachine:uninitialized
2019-09-25 05:54:01,030 [pool-27-thread-1] INFO  server.RaftServerConfigKeys (ConfUtils.java:logGet(43)) - raft.server.rpc.timeout.min = 5s (custom)
2019-09-25 05:54:01,030 [pool-27-thread-1] INFO  server.RaftServerConfigKeys (ConfUtils.java:logGet(43)) - raft.server.rpc.timeout.max = 5200ms (custom)
2019-09-25 05:54:01,030 [pool-27-thread-1] INFO  server.RaftServerConfigKeys (ConfUtils.java:logGet(43)) - raft.server.rpcslowness.timeout = 120s (custom)
2019-09-25 05:54:01,030 [pool-27-thread-1] INFO  server.RaftServerConfigKeys (ConfUtils.java:logGet(43)) - raft.server.sleep.deviation.threshold = 300 (default)
2019-09-25 05:54:01,030 [pool-27-thread-1] INFO  server.RaftServerConfigKeys (ConfUtils.java:logGet(43)) - raft.server.log.appender.install.snapshot.enabled = false (custom)
2019-09-25 05:54:01,030 [pool-27-thread-1] INFO  impl.RaftServerImpl (ServerState.java:<init>(103)) - 03645d2f-1e20-4e0d-8661-d0c7ee952eef@group-97755CFFBD95: ConfigurationManager, init=-1: [03645d2f-1e20-4e0d-8661-d0c7ee952eef:192.168.164.207:38201], old=null, confs=<EMPTY_MAP>
2019-09-25 05:54:01,031 [pool-27-thread-1] INFO  server.RaftServerConfigKeys (ConfUtils.java:logGet(43)) - raft.server.storage.dir = [/workdir/hadoop-ozone/integration-test/target/test-dir/MiniOzoneClusterImpl-4a157921-bac8-4948-8ccf-f55fe74fd98a/datanode-0/data/ratis] (custom)
2019-09-25 05:54:01,031 [pool-27-thread-1] INFO  storage.RaftStorageDirectory (RaftStorageDirectory.java:analyzeStorage(246)) - The storage directory /workdir/hadoop-ozone/integration-test/target/test-dir/MiniOzoneClusterImpl-4a157921-bac8-4948-8ccf-f55fe74fd98a/datanode-0/data/ratis/25aae6f4-1fb8-4c0e-86ea-97755cffbd95 does not exist. Creating ...
2019-09-25 05:54:01,044 [pool-27-thread-1] INFO  storage.RaftStorageDirectory (RaftStorageDirectory.java:tryLock(328)) - Lock on /workdir/hadoop-ozone/integration-test/target/test-dir/MiniOzoneClusterImpl-4a157921-bac8-4948-8ccf-f55fe74fd98a/datanode-0/data/ratis/25aae6f4-1fb8-4c0e-86ea-97755cffbd95/in_use.lock acquired by nodename 10436@pr-hdds-1569-s44lr-3492059363
2019-09-25 05:54:01,057 [pool-27-thread-1] INFO  storage.RaftStorage (RaftStorage.java:format(72)) - Storage directory /workdir/hadoop-ozone/integration-test/target/test-dir/MiniOzoneClusterImpl-4a157921-bac8-4948-8ccf-f55fe74fd98a/datanode-0/data/ratis/25aae6f4-1fb8-4c0e-86ea-97755cffbd95 has been successfully formatted.
2019-09-25 05:54:01,057 [pool-27-thread-1] INFO  ratis.ContainerStateMachine (ContainerStateMachine.java:loadSnapshot(230)) - group-97755CFFBD95: The snapshot info is null. Setting the last applied indexto:(t:0, i:~)
2019-09-25 05:54:01,058 [pool-27-thread-1] INFO  server.RaftServerConfigKeys (ConfUtils.java:logGet(43)) - raft.server.notification.no-leader.timeout = 120s (custom)
2019-09-25 05:54:01,058 [pool-27-thread-1] INFO  server.RaftServerConfigKeys (ConfUtils.java:logGet(43)) - raft.server.log.use.memory = false (default)
2019-09-25 05:54:01,058 [pool-27-thread-1] INFO  server.RaftServerConfigKeys (ConfUtils.java:logGet(43)) - raft.server.log.purge.gap = 1000000 (custom)
2019-09-25 05:54:01,058 [pool-27-thread-1] INFO  server.RaftServerConfigKeys (ConfUtils.java:logGet(43)) - raft.server.log.appender.buffer.byte-limit = 33554432 (custom)
2019-09-25 05:54:01,058 [pool-27-thread-1] INFO  server.RaftServerConfigKeys (ConfUtils.java:logGet(43)) - raft.server.log.segment.size.max = 1048576 (custom)
2019-09-25 05:54:01,058 [pool-27-thread-1] INFO  server.RaftServerConfigKeys (ConfUtils.java:logGet(43)) - raft.server.log.segment.cache.num.max = 2 (custom)
2019-09-25 05:54:01,059 [pool-27-thread-1] INFO  segmented.SegmentedRaftLogWorker (SegmentedRaftLogWorker.java:<init>(172)) - new 03645d2f-1e20-4e0d-8661-d0c7ee952eef@group-97755CFFBD95-SegmentedRaftLogWorker for RaftStorage:Storage Directory /workdir/hadoop-ozone/integration-test/target/test-dir/MiniOzoneClusterImpl-4a157921-bac8-4948-8ccf-f55fe74fd98a/datanode-0/data/ratis/25aae6f4-1fb8-4c0e-86ea-97755cffbd95
2019-09-25 05:54:01,059 [pool-27-thread-1] INFO  server.RaftServerConfigKeys (ConfUtils.java:logGet(43)) - raft.server.log.queue.byte-limit = 2147483647 (custom)
2019-09-25 05:54:01,059 [pool-27-thread-1] INFO  server.RaftServerConfigKeys (ConfUtils.java:logGet(43)) - raft.server.log.queue.element-limit = 1024 (custom)
2019-09-25 05:54:01,059 [pool-27-thread-1] INFO  server.RaftServerConfigKeys (ConfUtils.java:logGet(43)) - raft.server.log.segment.size.max = 1048576 (custom)
2019-09-25 05:54:01,059 [pool-27-thread-1] INFO  server.RaftServerConfigKeys (ConfUtils.java:logGet(43)) - raft.server.log.preallocated.size = 16384 (custom)
2019-09-25 05:54:01,059 [pool-27-thread-1] INFO  server.RaftServerConfigKeys (ConfUtils.java:logGet(43)) - raft.server.log.write.buffer.size = 33554432 (custom)
2019-09-25 05:54:01,060 [pool-27-thread-1] INFO  server.RaftServerConfigKeys (ConfUtils.java:logGet(43)) - raft.server.log.force.sync.num = 128 (default)
2019-09-25 05:54:01,060 [pool-27-thread-1] INFO  server.RaftServerConfigKeys (ConfUtils.java:logGet(43)) - raft.server.log.statemachine.data.sync = true (default)
2019-09-25 05:54:01,060 [pool-27-thread-1] INFO  server.RaftServerConfigKeys (ConfUtils.java:logGet(43)) - raft.server.log.statemachine.data.sync.timeout = 10s (default)
2019-09-25 05:54:01,060 [pool-27-thread-1] INFO  server.RaftServerConfigKeys (ConfUtils.java:logGet(43)) - raft.server.log.statemachine.data.sync.timeout.retry = -1 (default)
2019-09-25 05:54:01,060 [pool-27-thread-1] INFO  server.RaftServerConfigKeys (ConfUtils.java:logGet(43)) - raft.server.log.statemachine.data.caching.enabled = true (custom)
2019-09-25 05:54:01,061 [pool-27-thread-1] INFO  segmented.SegmentedRaftLogWorker (SegmentedRaftLogWorker.java:lambda$new$0(132)) - 03645d2f-1e20-4e0d-8661-d0c7ee952eef@group-97755CFFBD95-SegmentedRaftLogWorker: flushIndex: setUnconditionally 0 -> -1
2019-09-25 05:54:01,061 [pool-27-thread-1] INFO  server.RaftServerConfigKeys (ConfUtils.java:logGet(43)) - raft.server.snapshot.auto.trigger.enabled = true (custom)
2019-09-25 05:54:01,061 [pool-27-thread-1] INFO  server.RaftServerConfigKeys (ConfUtils.java:logGet(43)) - raft.server.snapshot.auto.trigger.threshold = 10000 (custom)
2019-09-25 05:54:01,061 [pool-27-thread-1] INFO  server.RaftServerConfigKeys (ConfUtils.java:logGet(43)) - raft.server.snapshot.retention.num.files = 5 (custom)
2019-09-25 05:54:01,062 [pool-27-thread-1] INFO  server.RaftServerConfigKeys (ConfUtils.java:logGet(43)) - raft.server.retrycache.expirytime = 600000ms (custom)
2019-09-25 05:54:01,064 [pool-27-thread-1] INFO  impl.RaftServerImpl (RaftServerImpl.java:start(185)) - 03645d2f-1e20-4e0d-8661-d0c7ee952eef@group-97755CFFBD95: start as a follower, conf=-1: [03645d2f-1e20-4e0d-8661-d0c7ee952eef:192.168.164.207:38201], old=null
2019-09-25 05:54:01,065 [pool-27-thread-1] INFO  impl.RaftServerImpl (RaftServerImpl.java:setRole(174)) - 03645d2f-1e20-4e0d-8661-d0c7ee952eef@group-97755CFFBD95: changes role from      null to FOLLOWER at term 0 for startAsFollower
2019-09-25 05:54:01,065 [pool-27-thread-1] INFO  impl.RoleInfo (RoleInfo.java:updateAndGet(143)) - 03645d2f-1e20-4e0d-8661-d0c7ee952eef: start FollowerState
2019-09-25 05:54:01,065 [pool-27-thread-1] INFO  util.JmxRegister (JmxRegister.java:tryRegister(44)) - Successfully registered JMX Bean with object name Ratis:service=RaftServer,group=group-97755CFFBD95,id=03645d2f-1e20-4e0d-8661-d0c7ee952eef
2019-09-25 05:54:01,070 [RatisPipelineUtilsThread] INFO  pipeline.PipelineStateManager (PipelineStateManager.java:addPipeline(56)) - Created pipeline Pipeline[ Id: 25aae6f4-1fb8-4c0e-86ea-97755cffbd95, Nodes: 03645d2f-1e20-4e0d-8661-d0c7ee952eef{ip: 192.168.164.207, host: pr-hdds-1569-s44lr-3492059363, networkLocation: /default-rack, certSerialId: null}, Type:RATIS, Factor:ONE, State:OPEN]
2019-09-25 05:54:01,070 [RatisPipelineUtilsThread] INFO  pipeline.PipelinePlacementPolicy (PipelinePlacementPolicy.java:meetCriteria(91)) - Pipeline Placement: can't place more pipeline on heavy datanode： 40dcd630-ad01-41c1-945d-8b29a9b08b55 Heaviness: 6 limit: 5
2019-09-25 05:54:01,083 [grpc-default-executor-0] INFO  impl.RaftServerProxy (RaftServerProxy.java:addNew(89)) - 1ed6dadd-b0b2-432b-85f8-e2d308be821a: addNew group-DC2515EBFE88:[1ed6dadd-b0b2-432b-85f8-e2d308be821a:192.168.164.207:46532] returns group-DC2515EBFE88:java.util.concurrent.CompletableFuture@1691959d[Not completed]
2019-09-25 05:54:01,085 [pool-47-thread-1] INFO  impl.RaftServerImpl (RaftServerImpl.java:<init>(95)) - 1ed6dadd-b0b2-432b-85f8-e2d308be821a: new RaftServerImpl for group-DC2515EBFE88:[1ed6dadd-b0b2-432b-85f8-e2d308be821a:192.168.164.207:46532] with ContainerStateMachine:uninitialized
2019-09-25 05:54:01,085 [pool-47-thread-1] INFO  server.RaftServerConfigKeys (ConfUtils.java:logGet(43)) - raft.server.rpc.timeout.min = 5s (custom)
2019-09-25 05:54:01,085 [pool-47-thread-1] INFO  server.RaftServerConfigKeys (ConfUtils.java:logGet(43)) - raft.server.rpc.timeout.max = 5200ms (custom)
2019-09-25 05:54:01,085 [pool-47-thread-1] INFO  server.RaftServerConfigKeys (ConfUtils.java:logGet(43)) - raft.server.rpcslowness.timeout = 120s (custom)
2019-09-25 05:54:01,086 [pool-47-thread-1] INFO  server.RaftServerConfigKeys (ConfUtils.java:logGet(43)) - raft.server.sleep.deviation.threshold = 300 (default)
2019-09-25 05:54:01,086 [pool-47-thread-1] INFO  server.RaftServerConfigKeys (ConfUtils.java:logGet(43)) - raft.server.log.appender.install.snapshot.enabled = false (custom)
2019-09-25 05:54:01,086 [pool-47-thread-1] INFO  impl.RaftServerImpl (ServerState.java:<init>(103)) - 1ed6dadd-b0b2-432b-85f8-e2d308be821a@group-DC2515EBFE88: ConfigurationManager, init=-1: [1ed6dadd-b0b2-432b-85f8-e2d308be821a:192.168.164.207:46532], old=null, confs=<EMPTY_MAP>
2019-09-25 05:54:01,086 [pool-47-thread-1] INFO  server.RaftServerConfigKeys (ConfUtils.java:logGet(43)) - raft.server.storage.dir = [/workdir/hadoop-ozone/integration-test/target/test-dir/MiniOzoneClusterImpl-4a157921-bac8-4948-8ccf-f55fe74fd98a/datanode-2/data/ratis] (custom)
2019-09-25 05:54:01,086 [pool-47-thread-1] INFO  storage.RaftStorageDirectory (RaftStorageDirectory.java:analyzeStorage(246)) - The storage directory /workdir/hadoop-ozone/integration-test/target/test-dir/MiniOzoneClusterImpl-4a157921-bac8-4948-8ccf-f55fe74fd98a/datanode-2/data/ratis/dc70ffc5-85d8-4dd0-9529-dc2515ebfe88 does not exist. Creating ...
2019-09-25 05:54:01,099 [pool-47-thread-1] INFO  storage.RaftStorageDirectory (RaftStorageDirectory.java:tryLock(328)) - Lock on /workdir/hadoop-ozone/integration-test/target/test-dir/MiniOzoneClusterImpl-4a157921-bac8-4948-8ccf-f55fe74fd98a/datanode-2/data/ratis/dc70ffc5-85d8-4dd0-9529-dc2515ebfe88/in_use.lock acquired by nodename 10436@pr-hdds-1569-s44lr-3492059363
2019-09-25 05:54:01,112 [pool-47-thread-1] INFO  storage.RaftStorage (RaftStorage.java:format(72)) - Storage directory /workdir/hadoop-ozone/integration-test/target/test-dir/MiniOzoneClusterImpl-4a157921-bac8-4948-8ccf-f55fe74fd98a/datanode-2/data/ratis/dc70ffc5-85d8-4dd0-9529-dc2515ebfe88 has been successfully formatted.
2019-09-25 05:54:01,113 [pool-47-thread-1] INFO  ratis.ContainerStateMachine (ContainerStateMachine.java:loadSnapshot(230)) - group-DC2515EBFE88: The snapshot info is null. Setting the last applied indexto:(t:0, i:~)
2019-09-25 05:54:01,113 [pool-47-thread-1] INFO  server.RaftServerConfigKeys (ConfUtils.java:logGet(43)) - raft.server.notification.no-leader.timeout = 120s (custom)
2019-09-25 05:54:01,113 [pool-47-thread-1] INFO  server.RaftServerConfigKeys (ConfUtils.java:logGet(43)) - raft.server.log.use.memory = false (default)
2019-09-25 05:54:01,113 [pool-47-thread-1] INFO  server.RaftServerConfigKeys (ConfUtils.java:logGet(43)) - raft.server.log.purge.gap = 1000000 (custom)
2019-09-25 05:54:01,113 [pool-47-thread-1] INFO  server.RaftServerConfigKeys (ConfUtils.java:logGet(43)) - raft.server.log.appender.buffer.byte-limit = 33554432 (custom)
2019-09-25 05:54:01,113 [pool-47-thread-1] INFO  server.RaftServerConfigKeys (ConfUtils.java:logGet(43)) - raft.server.log.segment.size.max = 1048576 (custom)
2019-09-25 05:54:01,114 [pool-47-thread-1] INFO  server.RaftServerConfigKeys (ConfUtils.java:logGet(43)) - raft.server.log.segment.cache.num.max = 2 (custom)
2019-09-25 05:54:01,114 [pool-47-thread-1] INFO  segmented.SegmentedRaftLogWorker (SegmentedRaftLogWorker.java:<init>(172)) - new 1ed6dadd-b0b2-432b-85f8-e2d308be821a@group-DC2515EBFE88-SegmentedRaftLogWorker for RaftStorage:Storage Directory /workdir/hadoop-ozone/integration-test/target/test-dir/MiniOzoneClusterImpl-4a157921-bac8-4948-8ccf-f55fe74fd98a/datanode-2/data/ratis/dc70ffc5-85d8-4dd0-9529-dc2515ebfe88
2019-09-25 05:54:01,114 [pool-47-thread-1] INFO  server.RaftServerConfigKeys (ConfUtils.java:logGet(43)) - raft.server.log.queue.byte-limit = 2147483647 (custom)
2019-09-25 05:54:01,114 [pool-47-thread-1] INFO  server.RaftServerConfigKeys (ConfUtils.java:logGet(43)) - raft.server.log.queue.element-limit = 1024 (custom)
2019-09-25 05:54:01,114 [pool-47-thread-1] INFO  server.RaftServerConfigKeys (ConfUtils.java:logGet(43)) - raft.server.log.segment.size.max = 1048576 (custom)
2019-09-25 05:54:01,114 [pool-47-thread-1] INFO  server.RaftServerConfigKeys (ConfUtils.java:logGet(43)) - raft.server.log.preallocated.size = 16384 (custom)
2019-09-25 05:54:01,115 [pool-47-thread-1] INFO  server.RaftServerConfigKeys (ConfUtils.java:logGet(43)) - raft.server.log.write.buffer.size = 33554432 (custom)
2019-09-25 05:54:01,115 [pool-47-thread-1] INFO  server.RaftServerConfigKeys (ConfUtils.java:logGet(43)) - raft.server.log.force.sync.num = 128 (default)
2019-09-25 05:54:01,115 [pool-47-thread-1] INFO  server.RaftServerConfigKeys (ConfUtils.java:logGet(43)) - raft.server.log.statemachine.data.sync = true (default)
2019-09-25 05:54:01,115 [pool-47-thread-1] INFO  server.RaftServerConfigKeys (ConfUtils.java:logGet(43)) - raft.server.log.statemachine.data.sync.timeout = 10s (default)
2019-09-25 05:54:01,115 [pool-47-thread-1] INFO  server.RaftServerConfigKeys (ConfUtils.java:logGet(43)) - raft.server.log.statemachine.data.sync.timeout.retry = -1 (default)
2019-09-25 05:54:01,115 [pool-47-thread-1] INFO  server.RaftServerConfigKeys (ConfUtils.java:logGet(43)) - raft.server.log.statemachine.data.caching.enabled = true (custom)
2019-09-25 05:54:01,116 [pool-47-thread-1] INFO  segmented.SegmentedRaftLogWorker (SegmentedRaftLogWorker.java:lambda$new$0(132)) - 1ed6dadd-b0b2-432b-85f8-e2d308be821a@group-DC2515EBFE88-SegmentedRaftLogWorker: flushIndex: setUnconditionally 0 -> -1
2019-09-25 05:54:01,116 [pool-47-thread-1] INFO  server.RaftServerConfigKeys (ConfUtils.java:logGet(43)) - raft.server.snapshot.auto.trigger.enabled = true (custom)
2019-09-25 05:54:01,116 [pool-47-thread-1] INFO  server.RaftServerConfigKeys (ConfUtils.java:logGet(43)) - raft.server.snapshot.auto.trigger.threshold = 10000 (custom)
2019-09-25 05:54:01,116 [pool-47-thread-1] INFO  server.RaftServerConfigKeys (ConfUtils.java:logGet(43)) - raft.server.snapshot.retention.num.files = 5 (custom)
2019-09-25 05:54:01,117 [pool-47-thread-1] INFO  server.RaftServerConfigKeys (ConfUtils.java:logGet(43)) - raft.server.retrycache.expirytime = 600000ms (custom)
2019-09-25 05:54:01,119 [pool-47-thread-1] INFO  impl.RaftServerImpl (RaftServerImpl.java:start(185)) - 1ed6dadd-b0b2-432b-85f8-e2d308be821a@group-DC2515EBFE88: start as a follower, conf=-1: [1ed6dadd-b0b2-432b-85f8-e2d308be821a:192.168.164.207:46532], old=null
2019-09-25 05:54:01,120 [pool-47-thread-1] INFO  impl.RaftServerImpl (RaftServerImpl.java:setRole(174)) - 1ed6dadd-b0b2-432b-85f8-e2d308be821a@group-DC2515EBFE88: changes role from      null to FOLLOWER at term 0 for startAsFollower
2019-09-25 05:54:01,120 [pool-47-thread-1] INFO  impl.RoleInfo (RoleInfo.java:updateAndGet(143)) - 1ed6dadd-b0b2-432b-85f8-e2d308be821a: start FollowerState
2019-09-25 05:54:01,120 [pool-47-thread-1] INFO  util.JmxRegister (JmxRegister.java:tryRegister(44)) - Successfully registered JMX Bean with object name Ratis:service=RaftServer,group=group-DC2515EBFE88,id=1ed6dadd-b0b2-432b-85f8-e2d308be821a
2019-09-25 05:54:01,124 [RatisPipelineUtilsThread] INFO  pipeline.PipelineStateManager (PipelineStateManager.java:addPipeline(56)) - Created pipeline Pipeline[ Id: dc70ffc5-85d8-4dd0-9529-dc2515ebfe88, Nodes: 1ed6dadd-b0b2-432b-85f8-e2d308be821a{ip: 192.168.164.207, host: pr-hdds-1569-s44lr-3492059363, networkLocation: /default-rack, certSerialId: null}, Type:RATIS, Factor:ONE, State:OPEN]
2019-09-25 05:54:01,125 [RatisPipelineUtilsThread] INFO  pipeline.PipelinePlacementPolicy (PipelinePlacementPolicy.java:meetCriteria(91)) - Pipeline Placement: can't place more pipeline on heavy datanode： 40dcd630-ad01-41c1-945d-8b29a9b08b55 Heaviness: 6 limit: 5
2019-09-25 05:54:01,133 [grpc-default-executor-0] INFO  impl.RaftServerProxy (RaftServerProxy.java:addNew(89)) - 03645d2f-1e20-4e0d-8661-d0c7ee952eef: addNew group-3766EFDE20DA:[03645d2f-1e20-4e0d-8661-d0c7ee952eef:192.168.164.207:38201] returns group-3766EFDE20DA:java.util.concurrent.CompletableFuture@1f14767f[Not completed]
2019-09-25 05:54:01,135 [pool-27-thread-1] INFO  impl.RaftServerImpl (RaftServerImpl.java:<init>(95)) - 03645d2f-1e20-4e0d-8661-d0c7ee952eef: new RaftServerImpl for group-3766EFDE20DA:[03645d2f-1e20-4e0d-8661-d0c7ee952eef:192.168.164.207:38201] with ContainerStateMachine:uninitialized
2019-09-25 05:54:01,135 [pool-27-thread-1] INFO  server.RaftServerConfigKeys (ConfUtils.java:logGet(43)) - raft.server.rpc.timeout.min = 5s (custom)
2019-09-25 05:54:01,135 [pool-27-thread-1] INFO  server.RaftServerConfigKeys (ConfUtils.java:logGet(43)) - raft.server.rpc.timeout.max = 5200ms (custom)
2019-09-25 05:54:01,135 [pool-27-thread-1] INFO  server.RaftServerConfigKeys (ConfUtils.java:logGet(43)) - raft.server.rpcslowness.timeout = 120s (custom)
2019-09-25 05:54:01,136 [pool-27-thread-1] INFO  server.RaftServerConfigKeys (ConfUtils.java:logGet(43)) - raft.server.sleep.deviation.threshold = 300 (default)
2019-09-25 05:54:01,136 [pool-27-thread-1] INFO  server.RaftServerConfigKeys (ConfUtils.java:logGet(43)) - raft.server.log.appender.install.snapshot.enabled = false (custom)
2019-09-25 05:54:01,136 [pool-27-thread-1] INFO  impl.RaftServerImpl (ServerState.java:<init>(103)) - 03645d2f-1e20-4e0d-8661-d0c7ee952eef@group-3766EFDE20DA: ConfigurationManager, init=-1: [03645d2f-1e20-4e0d-8661-d0c7ee952eef:192.168.164.207:38201], old=null, confs=<EMPTY_MAP>
2019-09-25 05:54:01,136 [pool-27-thread-1] INFO  server.RaftServerConfigKeys (ConfUtils.java:logGet(43)) - raft.server.storage.dir = [/workdir/hadoop-ozone/integration-test/target/test-dir/MiniOzoneClusterImpl-4a157921-bac8-4948-8ccf-f55fe74fd98a/datanode-0/data/ratis] (custom)
2019-09-25 05:54:01,136 [pool-27-thread-1] INFO  storage.RaftStorageDirectory (RaftStorageDirectory.java:analyzeStorage(246)) - The storage directory /workdir/hadoop-ozone/integration-test/target/test-dir/MiniOzoneClusterImpl-4a157921-bac8-4948-8ccf-f55fe74fd98a/datanode-0/data/ratis/ca6ffb08-26d9-4c2b-b333-3766efde20da does not exist. Creating ...
2019-09-25 05:54:01,150 [pool-27-thread-1] INFO  storage.RaftStorageDirectory (RaftStorageDirectory.java:tryLock(328)) - Lock on /workdir/hadoop-ozone/integration-test/target/test-dir/MiniOzoneClusterImpl-4a157921-bac8-4948-8ccf-f55fe74fd98a/datanode-0/data/ratis/ca6ffb08-26d9-4c2b-b333-3766efde20da/in_use.lock acquired by nodename 10436@pr-hdds-1569-s44lr-3492059363
2019-09-25 05:54:01,163 [pool-27-thread-1] INFO  storage.RaftStorage (RaftStorage.java:format(72)) - Storage directory /workdir/hadoop-ozone/integration-test/target/test-dir/MiniOzoneClusterImpl-4a157921-bac8-4948-8ccf-f55fe74fd98a/datanode-0/data/ratis/ca6ffb08-26d9-4c2b-b333-3766efde20da has been successfully formatted.
2019-09-25 05:54:01,164 [pool-27-thread-1] INFO  ratis.ContainerStateMachine (ContainerStateMachine.java:loadSnapshot(230)) - group-3766EFDE20DA: The snapshot info is null. Setting the last applied indexto:(t:0, i:~)
2019-09-25 05:54:01,164 [pool-27-thread-1] INFO  server.RaftServerConfigKeys (ConfUtils.java:logGet(43)) - raft.server.notification.no-leader.timeout = 120s (custom)
2019-09-25 05:54:01,164 [pool-27-thread-1] INFO  server.RaftServerConfigKeys (ConfUtils.java:logGet(43)) - raft.server.log.use.memory = false (default)
2019-09-25 05:54:01,164 [pool-27-thread-1] INFO  server.RaftServerConfigKeys (ConfUtils.java:logGet(43)) - raft.server.log.purge.gap = 1000000 (custom)
2019-09-25 05:54:01,164 [pool-27-thread-1] INFO  server.RaftServerConfigKeys (ConfUtils.java:logGet(43)) - raft.server.log.appender.buffer.byte-limit = 33554432 (custom)
2019-09-25 05:54:01,164 [pool-27-thread-1] INFO  server.RaftServerConfigKeys (ConfUtils.java:logGet(43)) - raft.server.log.segment.size.max = 1048576 (custom)
2019-09-25 05:54:01,164 [pool-27-thread-1] INFO  server.RaftServerConfigKeys (ConfUtils.java:logGet(43)) - raft.server.log.segment.cache.num.max = 2 (custom)
2019-09-25 05:54:01,164 [pool-27-thread-1] INFO  segmented.SegmentedRaftLogWorker (SegmentedRaftLogWorker.java:<init>(172)) - new 03645d2f-1e20-4e0d-8661-d0c7ee952eef@group-3766EFDE20DA-SegmentedRaftLogWorker for RaftStorage:Storage Directory /workdir/hadoop-ozone/integration-test/target/test-dir/MiniOzoneClusterImpl-4a157921-bac8-4948-8ccf-f55fe74fd98a/datanode-0/data/ratis/ca6ffb08-26d9-4c2b-b333-3766efde20da
2019-09-25 05:54:01,165 [pool-27-thread-1] INFO  server.RaftServerConfigKeys (ConfUtils.java:logGet(43)) - raft.server.log.queue.byte-limit = 2147483647 (custom)
2019-09-25 05:54:01,165 [pool-27-thread-1] INFO  server.RaftServerConfigKeys (ConfUtils.java:logGet(43)) - raft.server.log.queue.element-limit = 1024 (custom)
2019-09-25 05:54:01,165 [pool-27-thread-1] INFO  server.RaftServerConfigKeys (ConfUtils.java:logGet(43)) - raft.server.log.segment.size.max = 1048576 (custom)
2019-09-25 05:54:01,165 [pool-27-thread-1] INFO  server.RaftServerConfigKeys (ConfUtils.java:logGet(43)) - raft.server.log.preallocated.size = 16384 (custom)
2019-09-25 05:54:01,165 [pool-27-thread-1] INFO  server.RaftServerConfigKeys (ConfUtils.java:logGet(43)) - raft.server.log.write.buffer.size = 33554432 (custom)
2019-09-25 05:54:01,165 [pool-27-thread-1] INFO  server.RaftServerConfigKeys (ConfUtils.java:logGet(43)) - raft.server.log.force.sync.num = 128 (default)
2019-09-25 05:54:01,165 [pool-27-thread-1] INFO  server.RaftServerConfigKeys (ConfUtils.java:logGet(43)) - raft.server.log.statemachine.data.sync = true (default)
2019-09-25 05:54:01,166 [pool-27-thread-1] INFO  server.RaftServerConfigKeys (ConfUtils.java:logGet(43)) - raft.server.log.statemachine.data.sync.timeout = 10s (default)
2019-09-25 05:54:01,166 [pool-27-thread-1] INFO  server.RaftServerConfigKeys (ConfUtils.java:logGet(43)) - raft.server.log.statemachine.data.sync.timeout.retry = -1 (default)
2019-09-25 05:54:01,166 [pool-27-thread-1] INFO  server.RaftServerConfigKeys (ConfUtils.java:logGet(43)) - raft.server.log.statemachine.data.caching.enabled = true (custom)
2019-09-25 05:54:01,166 [pool-27-thread-1] INFO  segmented.SegmentedRaftLogWorker (SegmentedRaftLogWorker.java:lambda$new$0(132)) - 03645d2f-1e20-4e0d-8661-d0c7ee952eef@group-3766EFDE20DA-SegmentedRaftLogWorker: flushIndex: setUnconditionally 0 -> -1
2019-09-25 05:54:01,166 [pool-27-thread-1] INFO  server.RaftServerConfigKeys (ConfUtils.java:logGet(43)) - raft.server.snapshot.auto.trigger.enabled = true (custom)
2019-09-25 05:54:01,167 [pool-27-thread-1] INFO  server.RaftServerConfigKeys (ConfUtils.java:logGet(43)) - raft.server.snapshot.auto.trigger.threshold = 10000 (custom)
2019-09-25 05:54:01,167 [pool-27-thread-1] INFO  server.RaftServerConfigKeys (ConfUtils.java:logGet(43)) - raft.server.snapshot.retention.num.files = 5 (custom)
2019-09-25 05:54:01,167 [pool-27-thread-1] INFO  server.RaftServerConfigKeys (ConfUtils.java:logGet(43)) - raft.server.retrycache.expirytime = 600000ms (custom)
2019-09-25 05:54:01,169 [pool-27-thread-1] INFO  impl.RaftServerImpl (RaftServerImpl.java:start(185)) - 03645d2f-1e20-4e0d-8661-d0c7ee952eef@group-3766EFDE20DA: start as a follower, conf=-1: [03645d2f-1e20-4e0d-8661-d0c7ee952eef:192.168.164.207:38201], old=null
2019-09-25 05:54:01,170 [pool-27-thread-1] INFO  impl.RaftServerImpl (RaftServerImpl.java:setRole(174)) - 03645d2f-1e20-4e0d-8661-d0c7ee952eef@group-3766EFDE20DA: changes role from      null to FOLLOWER at term 0 for startAsFollower
2019-09-25 05:54:01,170 [pool-27-thread-1] INFO  impl.RoleInfo (RoleInfo.java:updateAndGet(143)) - 03645d2f-1e20-4e0d-8661-d0c7ee952eef: start FollowerState
2019-09-25 05:54:01,170 [pool-27-thread-1] INFO  util.JmxRegister (JmxRegister.java:tryRegister(44)) - Successfully registered JMX Bean with object name Ratis:service=RaftServer,group=group-3766EFDE20DA,id=03645d2f-1e20-4e0d-8661-d0c7ee952eef
2019-09-25 05:54:01,175 [RatisPipelineUtilsThread] INFO  pipeline.PipelineStateManager (PipelineStateManager.java:addPipeline(56)) - Created pipeline Pipeline[ Id: ca6ffb08-26d9-4c2b-b333-3766efde20da, Nodes: 03645d2f-1e20-4e0d-8661-d0c7ee952eef{ip: 192.168.164.207, host: pr-hdds-1569-s44lr-3492059363, networkLocation: /default-rack, certSerialId: null}, Type:RATIS, Factor:ONE, State:OPEN]
2019-09-25 05:54:01,176 [RatisPipelineUtilsThread] INFO  pipeline.PipelinePlacementPolicy (PipelinePlacementPolicy.java:meetCriteria(91)) - Pipeline Placement: can't place more pipeline on heavy datanode： 03645d2f-1e20-4e0d-8661-d0c7ee952eef Heaviness: 6 limit: 5
2019-09-25 05:54:01,176 [RatisPipelineUtilsThread] INFO  pipeline.PipelinePlacementPolicy (PipelinePlacementPolicy.java:meetCriteria(91)) - Pipeline Placement: can't place more pipeline on heavy datanode： 40dcd630-ad01-41c1-945d-8b29a9b08b55 Heaviness: 6 limit: 5
2019-09-25 05:54:01,186 [grpc-default-executor-0] INFO  impl.RaftServerProxy (RaftServerProxy.java:addNew(89)) - 1ed6dadd-b0b2-432b-85f8-e2d308be821a: addNew group-FBBF8EF5E9A0:[1ed6dadd-b0b2-432b-85f8-e2d308be821a:192.168.164.207:46532] returns group-FBBF8EF5E9A0:java.util.concurrent.CompletableFuture@69e71e7b[Not completed]
2019-09-25 05:54:01,187 [pool-47-thread-1] INFO  impl.RaftServerImpl (RaftServerImpl.java:<init>(95)) - 1ed6dadd-b0b2-432b-85f8-e2d308be821a: new RaftServerImpl for group-FBBF8EF5E9A0:[1ed6dadd-b0b2-432b-85f8-e2d308be821a:192.168.164.207:46532] with ContainerStateMachine:uninitialized
2019-09-25 05:54:01,187 [pool-47-thread-1] INFO  server.RaftServerConfigKeys (ConfUtils.java:logGet(43)) - raft.server.rpc.timeout.min = 5s (custom)
2019-09-25 05:54:01,188 [pool-47-thread-1] INFO  server.RaftServerConfigKeys (ConfUtils.java:logGet(43)) - raft.server.rpc.timeout.max = 5200ms (custom)
2019-09-25 05:54:01,188 [pool-47-thread-1] INFO  server.RaftServerConfigKeys (ConfUtils.java:logGet(43)) - raft.server.rpcslowness.timeout = 120s (custom)
2019-09-25 05:54:01,188 [pool-47-thread-1] INFO  server.RaftServerConfigKeys (ConfUtils.java:logGet(43)) - raft.server.sleep.deviation.threshold = 300 (default)
2019-09-25 05:54:01,188 [pool-47-thread-1] INFO  server.RaftServerConfigKeys (ConfUtils.java:logGet(43)) - raft.server.log.appender.install.snapshot.enabled = false (custom)
2019-09-25 05:54:01,188 [pool-47-thread-1] INFO  impl.RaftServerImpl (ServerState.java:<init>(103)) - 1ed6dadd-b0b2-432b-85f8-e2d308be821a@group-FBBF8EF5E9A0: ConfigurationManager, init=-1: [1ed6dadd-b0b2-432b-85f8-e2d308be821a:192.168.164.207:46532], old=null, confs=<EMPTY_MAP>
2019-09-25 05:54:01,188 [pool-47-thread-1] INFO  server.RaftServerConfigKeys (ConfUtils.java:logGet(43)) - raft.server.storage.dir = [/workdir/hadoop-ozone/integration-test/target/test-dir/MiniOzoneClusterImpl-4a157921-bac8-4948-8ccf-f55fe74fd98a/datanode-2/data/ratis] (custom)
2019-09-25 05:54:01,189 [pool-47-thread-1] INFO  storage.RaftStorageDirectory (RaftStorageDirectory.java:analyzeStorage(246)) - The storage directory /workdir/hadoop-ozone/integration-test/target/test-dir/MiniOzoneClusterImpl-4a157921-bac8-4948-8ccf-f55fe74fd98a/datanode-2/data/ratis/765e5838-8bbb-4822-bfd1-fbbf8ef5e9a0 does not exist. Creating ...
2019-09-25 05:54:01,201 [pool-47-thread-1] INFO  storage.RaftStorageDirectory (RaftStorageDirectory.java:tryLock(328)) - Lock on /workdir/hadoop-ozone/integration-test/target/test-dir/MiniOzoneClusterImpl-4a157921-bac8-4948-8ccf-f55fe74fd98a/datanode-2/data/ratis/765e5838-8bbb-4822-bfd1-fbbf8ef5e9a0/in_use.lock acquired by nodename 10436@pr-hdds-1569-s44lr-3492059363
2019-09-25 05:54:01,215 [pool-47-thread-1] INFO  storage.RaftStorage (RaftStorage.java:format(72)) - Storage directory /workdir/hadoop-ozone/integration-test/target/test-dir/MiniOzoneClusterImpl-4a157921-bac8-4948-8ccf-f55fe74fd98a/datanode-2/data/ratis/765e5838-8bbb-4822-bfd1-fbbf8ef5e9a0 has been successfully formatted.
2019-09-25 05:54:01,215 [pool-47-thread-1] INFO  ratis.ContainerStateMachine (ContainerStateMachine.java:loadSnapshot(230)) - group-FBBF8EF5E9A0: The snapshot info is null. Setting the last applied indexto:(t:0, i:~)
2019-09-25 05:54:01,215 [pool-47-thread-1] INFO  server.RaftServerConfigKeys (ConfUtils.java:logGet(43)) - raft.server.notification.no-leader.timeout = 120s (custom)
2019-09-25 05:54:01,215 [pool-47-thread-1] INFO  server.RaftServerConfigKeys (ConfUtils.java:logGet(43)) - raft.server.log.use.memory = false (default)
2019-09-25 05:54:01,215 [pool-47-thread-1] INFO  server.RaftServerConfigKeys (ConfUtils.java:logGet(43)) - raft.server.log.purge.gap = 1000000 (custom)
2019-09-25 05:54:01,216 [pool-47-thread-1] INFO  server.RaftServerConfigKeys (ConfUtils.java:logGet(43)) - raft.server.log.appender.buffer.byte-limit = 33554432 (custom)
2019-09-25 05:54:01,216 [pool-47-thread-1] INFO  server.RaftServerConfigKeys (ConfUtils.java:logGet(43)) - raft.server.log.segment.size.max = 1048576 (custom)
2019-09-25 05:54:01,216 [pool-47-thread-1] INFO  server.RaftServerConfigKeys (ConfUtils.java:logGet(43)) - raft.server.log.segment.cache.num.max = 2 (custom)
2019-09-25 05:54:01,216 [pool-47-thread-1] INFO  segmented.SegmentedRaftLogWorker (SegmentedRaftLogWorker.java:<init>(172)) - new 1ed6dadd-b0b2-432b-85f8-e2d308be821a@group-FBBF8EF5E9A0-SegmentedRaftLogWorker for RaftStorage:Storage Directory /workdir/hadoop-ozone/integration-test/target/test-dir/MiniOzoneClusterImpl-4a157921-bac8-4948-8ccf-f55fe74fd98a/datanode-2/data/ratis/765e5838-8bbb-4822-bfd1-fbbf8ef5e9a0
2019-09-25 05:54:01,216 [pool-47-thread-1] INFO  server.RaftServerConfigKeys (ConfUtils.java:logGet(43)) - raft.server.log.queue.byte-limit = 2147483647 (custom)
2019-09-25 05:54:01,216 [pool-47-thread-1] INFO  server.RaftServerConfigKeys (ConfUtils.java:logGet(43)) - raft.server.log.queue.element-limit = 1024 (custom)
2019-09-25 05:54:01,216 [pool-47-thread-1] INFO  server.RaftServerConfigKeys (ConfUtils.java:logGet(43)) - raft.server.log.segment.size.max = 1048576 (custom)
2019-09-25 05:54:01,217 [pool-47-thread-1] INFO  server.RaftServerConfigKeys (ConfUtils.java:logGet(43)) - raft.server.log.preallocated.size = 16384 (custom)
2019-09-25 05:54:01,217 [pool-47-thread-1] INFO  server.RaftServerConfigKeys (ConfUtils.java:logGet(43)) - raft.server.log.write.buffer.size = 33554432 (custom)
2019-09-25 05:54:01,217 [pool-47-thread-1] INFO  server.RaftServerConfigKeys (ConfUtils.java:logGet(43)) - raft.server.log.force.sync.num = 128 (default)
2019-09-25 05:54:01,217 [pool-47-thread-1] INFO  server.RaftServerConfigKeys (ConfUtils.java:logGet(43)) - raft.server.log.statemachine.data.sync = true (default)
2019-09-25 05:54:01,217 [pool-47-thread-1] INFO  server.RaftServerConfigKeys (ConfUtils.java:logGet(43)) - raft.server.log.statemachine.data.sync.timeout = 10s (default)
2019-09-25 05:54:01,217 [pool-47-thread-1] INFO  server.RaftServerConfigKeys (ConfUtils.java:logGet(43)) - raft.server.log.statemachine.data.sync.timeout.retry = -1 (default)
2019-09-25 05:54:01,217 [pool-47-thread-1] INFO  server.RaftServerConfigKeys (ConfUtils.java:logGet(43)) - raft.server.log.statemachine.data.caching.enabled = true (custom)
2019-09-25 05:54:01,218 [pool-47-thread-1] INFO  segmented.SegmentedRaftLogWorker (SegmentedRaftLogWorker.java:lambda$new$0(132)) - 1ed6dadd-b0b2-432b-85f8-e2d308be821a@group-FBBF8EF5E9A0-SegmentedRaftLogWorker: flushIndex: setUnconditionally 0 -> -1
2019-09-25 05:54:01,218 [pool-47-thread-1] INFO  server.RaftServerConfigKeys (ConfUtils.java:logGet(43)) - raft.server.snapshot.auto.trigger.enabled = true (custom)
2019-09-25 05:54:01,218 [pool-47-thread-1] INFO  server.RaftServerConfigKeys (ConfUtils.java:logGet(43)) - raft.server.snapshot.auto.trigger.threshold = 10000 (custom)
2019-09-25 05:54:01,218 [pool-47-thread-1] INFO  server.RaftServerConfigKeys (ConfUtils.java:logGet(43)) - raft.server.snapshot.retention.num.files = 5 (custom)
2019-09-25 05:54:01,218 [pool-47-thread-1] INFO  server.RaftServerConfigKeys (ConfUtils.java:logGet(43)) - raft.server.retrycache.expirytime = 600000ms (custom)
2019-09-25 05:54:01,221 [pool-47-thread-1] INFO  impl.RaftServerImpl (RaftServerImpl.java:start(185)) - 1ed6dadd-b0b2-432b-85f8-e2d308be821a@group-FBBF8EF5E9A0: start as a follower, conf=-1: [1ed6dadd-b0b2-432b-85f8-e2d308be821a:192.168.164.207:46532], old=null
2019-09-25 05:54:01,221 [pool-47-thread-1] INFO  impl.RaftServerImpl (RaftServerImpl.java:setRole(174)) - 1ed6dadd-b0b2-432b-85f8-e2d308be821a@group-FBBF8EF5E9A0: changes role from      null to FOLLOWER at term 0 for startAsFollower
2019-09-25 05:54:01,221 [pool-47-thread-1] INFO  impl.RoleInfo (RoleInfo.java:updateAndGet(143)) - 1ed6dadd-b0b2-432b-85f8-e2d308be821a: start FollowerState
2019-09-25 05:54:01,222 [pool-47-thread-1] INFO  util.JmxRegister (JmxRegister.java:tryRegister(44)) - Successfully registered JMX Bean with object name Ratis:service=RaftServer,group=group-FBBF8EF5E9A0,id=1ed6dadd-b0b2-432b-85f8-e2d308be821a
2019-09-25 05:54:01,226 [RatisPipelineUtilsThread] INFO  pipeline.PipelineStateManager (PipelineStateManager.java:addPipeline(56)) - Created pipeline Pipeline[ Id: 765e5838-8bbb-4822-bfd1-fbbf8ef5e9a0, Nodes: 1ed6dadd-b0b2-432b-85f8-e2d308be821a{ip: 192.168.164.207, host: pr-hdds-1569-s44lr-3492059363, networkLocation: /default-rack, certSerialId: null}, Type:RATIS, Factor:ONE, State:OPEN]
2019-09-25 05:54:01,226 [RatisPipelineUtilsThread] INFO  pipeline.PipelinePlacementPolicy (PipelinePlacementPolicy.java:meetCriteria(91)) - Pipeline Placement: can't place more pipeline on heavy datanode： 03645d2f-1e20-4e0d-8661-d0c7ee952eef Heaviness: 6 limit: 5
2019-09-25 05:54:01,227 [RatisPipelineUtilsThread] INFO  pipeline.PipelinePlacementPolicy (PipelinePlacementPolicy.java:meetCriteria(91)) - Pipeline Placement: can't place more pipeline on heavy datanode： 40dcd630-ad01-41c1-945d-8b29a9b08b55 Heaviness: 6 limit: 5
2019-09-25 05:54:01,236 [grpc-default-executor-0] INFO  impl.RaftServerProxy (RaftServerProxy.java:addNew(89)) - 511ff9a4-402a-459c-948c-b9450b1400e6: addNew group-03B6CF636AE7:[511ff9a4-402a-459c-948c-b9450b1400e6:192.168.164.207:38058] returns group-03B6CF636AE7:java.util.concurrent.CompletableFuture@4e868809[Not completed]
2019-09-25 05:54:01,238 [pool-57-thread-1] INFO  impl.RaftServerImpl (RaftServerImpl.java:<init>(95)) - 511ff9a4-402a-459c-948c-b9450b1400e6: new RaftServerImpl for group-03B6CF636AE7:[511ff9a4-402a-459c-948c-b9450b1400e6:192.168.164.207:38058] with ContainerStateMachine:uninitialized
2019-09-25 05:54:01,238 [pool-57-thread-1] INFO  server.RaftServerConfigKeys (ConfUtils.java:logGet(43)) - raft.server.rpc.timeout.min = 5s (custom)
2019-09-25 05:54:01,238 [pool-57-thread-1] INFO  server.RaftServerConfigKeys (ConfUtils.java:logGet(43)) - raft.server.rpc.timeout.max = 5200ms (custom)
2019-09-25 05:54:01,238 [pool-57-thread-1] INFO  server.RaftServerConfigKeys (ConfUtils.java:logGet(43)) - raft.server.rpcslowness.timeout = 120s (custom)
2019-09-25 05:54:01,238 [pool-57-thread-1] INFO  server.RaftServerConfigKeys (ConfUtils.java:logGet(43)) - raft.server.sleep.deviation.threshold = 300 (default)
2019-09-25 05:54:01,238 [pool-57-thread-1] INFO  server.RaftServerConfigKeys (ConfUtils.java:logGet(43)) - raft.server.log.appender.install.snapshot.enabled = false (custom)
2019-09-25 05:54:01,239 [pool-57-thread-1] INFO  impl.RaftServerImpl (ServerState.java:<init>(103)) - 511ff9a4-402a-459c-948c-b9450b1400e6@group-03B6CF636AE7: ConfigurationManager, init=-1: [511ff9a4-402a-459c-948c-b9450b1400e6:192.168.164.207:38058], old=null, confs=<EMPTY_MAP>
2019-09-25 05:54:01,239 [pool-57-thread-1] INFO  server.RaftServerConfigKeys (ConfUtils.java:logGet(43)) - raft.server.storage.dir = [/workdir/hadoop-ozone/integration-test/target/test-dir/MiniOzoneClusterImpl-4a157921-bac8-4948-8ccf-f55fe74fd98a/datanode-3/data/ratis] (custom)
2019-09-25 05:54:01,239 [pool-57-thread-1] INFO  storage.RaftStorageDirectory (RaftStorageDirectory.java:analyzeStorage(246)) - The storage directory /workdir/hadoop-ozone/integration-test/target/test-dir/MiniOzoneClusterImpl-4a157921-bac8-4948-8ccf-f55fe74fd98a/datanode-3/data/ratis/06a040ed-d198-4307-a9e0-03b6cf636ae7 does not exist. Creating ...
2019-09-25 05:54:01,252 [pool-57-thread-1] INFO  storage.RaftStorageDirectory (RaftStorageDirectory.java:tryLock(328)) - Lock on /workdir/hadoop-ozone/integration-test/target/test-dir/MiniOzoneClusterImpl-4a157921-bac8-4948-8ccf-f55fe74fd98a/datanode-3/data/ratis/06a040ed-d198-4307-a9e0-03b6cf636ae7/in_use.lock acquired by nodename 10436@pr-hdds-1569-s44lr-3492059363
2019-09-25 05:54:01,265 [pool-57-thread-1] INFO  storage.RaftStorage (RaftStorage.java:format(72)) - Storage directory /workdir/hadoop-ozone/integration-test/target/test-dir/MiniOzoneClusterImpl-4a157921-bac8-4948-8ccf-f55fe74fd98a/datanode-3/data/ratis/06a040ed-d198-4307-a9e0-03b6cf636ae7 has been successfully formatted.
2019-09-25 05:54:01,265 [pool-57-thread-1] INFO  ratis.ContainerStateMachine (ContainerStateMachine.java:loadSnapshot(230)) - group-03B6CF636AE7: The snapshot info is null. Setting the last applied indexto:(t:0, i:~)
2019-09-25 05:54:01,265 [pool-57-thread-1] INFO  server.RaftServerConfigKeys (ConfUtils.java:logGet(43)) - raft.server.notification.no-leader.timeout = 120s (custom)
2019-09-25 05:54:01,265 [pool-57-thread-1] INFO  server.RaftServerConfigKeys (ConfUtils.java:logGet(43)) - raft.server.log.use.memory = false (default)
2019-09-25 05:54:01,266 [pool-57-thread-1] INFO  server.RaftServerConfigKeys (ConfUtils.java:logGet(43)) - raft.server.log.purge.gap = 1000000 (custom)
2019-09-25 05:54:01,266 [pool-57-thread-1] INFO  server.RaftServerConfigKeys (ConfUtils.java:logGet(43)) - raft.server.log.appender.buffer.byte-limit = 33554432 (custom)
2019-09-25 05:54:01,266 [pool-57-thread-1] INFO  server.RaftServerConfigKeys (ConfUtils.java:logGet(43)) - raft.server.log.segment.size.max = 1048576 (custom)
2019-09-25 05:54:01,266 [pool-57-thread-1] INFO  server.RaftServerConfigKeys (ConfUtils.java:logGet(43)) - raft.server.log.segment.cache.num.max = 2 (custom)
2019-09-25 05:54:01,266 [pool-57-thread-1] INFO  segmented.SegmentedRaftLogWorker (SegmentedRaftLogWorker.java:<init>(172)) - new 511ff9a4-402a-459c-948c-b9450b1400e6@group-03B6CF636AE7-SegmentedRaftLogWorker for RaftStorage:Storage Directory /workdir/hadoop-ozone/integration-test/target/test-dir/MiniOzoneClusterImpl-4a157921-bac8-4948-8ccf-f55fe74fd98a/datanode-3/data/ratis/06a040ed-d198-4307-a9e0-03b6cf636ae7
2019-09-25 05:54:01,266 [pool-57-thread-1] INFO  server.RaftServerConfigKeys (ConfUtils.java:logGet(43)) - raft.server.log.queue.byte-limit = 2147483647 (custom)
2019-09-25 05:54:01,266 [pool-57-thread-1] INFO  server.RaftServerConfigKeys (ConfUtils.java:logGet(43)) - raft.server.log.queue.element-limit = 1024 (custom)
2019-09-25 05:54:01,266 [pool-57-thread-1] INFO  server.RaftServerConfigKeys (ConfUtils.java:logGet(43)) - raft.server.log.segment.size.max = 1048576 (custom)
2019-09-25 05:54:01,267 [pool-57-thread-1] INFO  server.RaftServerConfigKeys (ConfUtils.java:logGet(43)) - raft.server.log.preallocated.size = 16384 (custom)
2019-09-25 05:54:01,267 [pool-57-thread-1] INFO  server.RaftServerConfigKeys (ConfUtils.java:logGet(43)) - raft.server.log.write.buffer.size = 33554432 (custom)
2019-09-25 05:54:01,267 [pool-57-thread-1] INFO  server.RaftServerConfigKeys (ConfUtils.java:logGet(43)) - raft.server.log.force.sync.num = 128 (default)
2019-09-25 05:54:01,267 [pool-57-thread-1] INFO  server.RaftServerConfigKeys (ConfUtils.java:logGet(43)) - raft.server.log.statemachine.data.sync = true (default)
2019-09-25 05:54:01,267 [pool-57-thread-1] INFO  server.RaftServerConfigKeys (ConfUtils.java:logGet(43)) - raft.server.log.statemachine.data.sync.timeout = 10s (default)
2019-09-25 05:54:01,267 [pool-57-thread-1] INFO  server.RaftServerConfigKeys (ConfUtils.java:logGet(43)) - raft.server.log.statemachine.data.sync.timeout.retry = -1 (default)
2019-09-25 05:54:01,267 [pool-57-thread-1] INFO  server.RaftServerConfigKeys (ConfUtils.java:logGet(43)) - raft.server.log.statemachine.data.caching.enabled = true (custom)
2019-09-25 05:54:01,268 [pool-57-thread-1] INFO  segmented.SegmentedRaftLogWorker (SegmentedRaftLogWorker.java:lambda$new$0(132)) - 511ff9a4-402a-459c-948c-b9450b1400e6@group-03B6CF636AE7-SegmentedRaftLogWorker: flushIndex: setUnconditionally 0 -> -1
2019-09-25 05:54:01,268 [pool-57-thread-1] INFO  server.RaftServerConfigKeys (ConfUtils.java:logGet(43)) - raft.server.snapshot.auto.trigger.enabled = true (custom)
2019-09-25 05:54:01,268 [pool-57-thread-1] INFO  server.RaftServerConfigKeys (ConfUtils.java:logGet(43)) - raft.server.snapshot.auto.trigger.threshold = 10000 (custom)
2019-09-25 05:54:01,268 [pool-57-thread-1] INFO  server.RaftServerConfigKeys (ConfUtils.java:logGet(43)) - raft.server.snapshot.retention.num.files = 5 (custom)
2019-09-25 05:54:01,268 [pool-57-thread-1] INFO  server.RaftServerConfigKeys (ConfUtils.java:logGet(43)) - raft.server.retrycache.expirytime = 600000ms (custom)
2019-09-25 05:54:01,271 [pool-57-thread-1] INFO  impl.RaftServerImpl (RaftServerImpl.java:start(185)) - 511ff9a4-402a-459c-948c-b9450b1400e6@group-03B6CF636AE7: start as a follower, conf=-1: [511ff9a4-402a-459c-948c-b9450b1400e6:192.168.164.207:38058], old=null
2019-09-25 05:54:01,271 [pool-57-thread-1] INFO  impl.RaftServerImpl (RaftServerImpl.java:setRole(174)) - 511ff9a4-402a-459c-948c-b9450b1400e6@group-03B6CF636AE7: changes role from      null to FOLLOWER at term 0 for startAsFollower
2019-09-25 05:54:01,271 [pool-57-thread-1] INFO  impl.RoleInfo (RoleInfo.java:updateAndGet(143)) - 511ff9a4-402a-459c-948c-b9450b1400e6: start FollowerState
2019-09-25 05:54:01,271 [pool-57-thread-1] INFO  util.JmxRegister (JmxRegister.java:tryRegister(44)) - Successfully registered JMX Bean with object name Ratis:service=RaftServer,group=group-03B6CF636AE7,id=511ff9a4-402a-459c-948c-b9450b1400e6
2019-09-25 05:54:01,277 [RatisPipelineUtilsThread] INFO  pipeline.PipelineStateManager (PipelineStateManager.java:addPipeline(56)) - Created pipeline Pipeline[ Id: 06a040ed-d198-4307-a9e0-03b6cf636ae7, Nodes: 511ff9a4-402a-459c-948c-b9450b1400e6{ip: 192.168.164.207, host: pr-hdds-1569-s44lr-3492059363, networkLocation: /default-rack, certSerialId: null}, Type:RATIS, Factor:ONE, State:OPEN]
2019-09-25 05:54:01,278 [RatisPipelineUtilsThread] INFO  pipeline.PipelinePlacementPolicy (PipelinePlacementPolicy.java:meetCriteria(91)) - Pipeline Placement: can't place more pipeline on heavy datanode： 03645d2f-1e20-4e0d-8661-d0c7ee952eef Heaviness: 6 limit: 5
2019-09-25 05:54:01,278 [RatisPipelineUtilsThread] INFO  pipeline.PipelinePlacementPolicy (PipelinePlacementPolicy.java:meetCriteria(91)) - Pipeline Placement: can't place more pipeline on heavy datanode： 40dcd630-ad01-41c1-945d-8b29a9b08b55 Heaviness: 6 limit: 5
2019-09-25 05:54:01,300 [grpc-default-executor-0] INFO  impl.RaftServerProxy (RaftServerProxy.java:addNew(89)) - 511ff9a4-402a-459c-948c-b9450b1400e6: addNew group-353D103CCCC2:[511ff9a4-402a-459c-948c-b9450b1400e6:192.168.164.207:38058] returns group-353D103CCCC2:java.util.concurrent.CompletableFuture@6ef55b39[Not completed]
2019-09-25 05:54:01,301 [pool-57-thread-1] INFO  impl.RaftServerImpl (RaftServerImpl.java:<init>(95)) - 511ff9a4-402a-459c-948c-b9450b1400e6: new RaftServerImpl for group-353D103CCCC2:[511ff9a4-402a-459c-948c-b9450b1400e6:192.168.164.207:38058] with ContainerStateMachine:uninitialized
2019-09-25 05:54:01,301 [pool-57-thread-1] INFO  server.RaftServerConfigKeys (ConfUtils.java:logGet(43)) - raft.server.rpc.timeout.min = 5s (custom)
2019-09-25 05:54:01,302 [pool-57-thread-1] INFO  server.RaftServerConfigKeys (ConfUtils.java:logGet(43)) - raft.server.rpc.timeout.max = 5200ms (custom)
2019-09-25 05:54:01,302 [pool-57-thread-1] INFO  server.RaftServerConfigKeys (ConfUtils.java:logGet(43)) - raft.server.rpcslowness.timeout = 120s (custom)
2019-09-25 05:54:01,302 [pool-57-thread-1] INFO  server.RaftServerConfigKeys (ConfUtils.java:logGet(43)) - raft.server.sleep.deviation.threshold = 300 (default)
2019-09-25 05:54:01,302 [pool-57-thread-1] INFO  server.RaftServerConfigKeys (ConfUtils.java:logGet(43)) - raft.server.log.appender.install.snapshot.enabled = false (custom)
2019-09-25 05:54:01,303 [pool-57-thread-1] INFO  impl.RaftServerImpl (ServerState.java:<init>(103)) - 511ff9a4-402a-459c-948c-b9450b1400e6@group-353D103CCCC2: ConfigurationManager, init=-1: [511ff9a4-402a-459c-948c-b9450b1400e6:192.168.164.207:38058], old=null, confs=<EMPTY_MAP>
2019-09-25 05:54:01,304 [pool-57-thread-1] INFO  server.RaftServerConfigKeys (ConfUtils.java:logGet(43)) - raft.server.storage.dir = [/workdir/hadoop-ozone/integration-test/target/test-dir/MiniOzoneClusterImpl-4a157921-bac8-4948-8ccf-f55fe74fd98a/datanode-3/data/ratis] (custom)
2019-09-25 05:54:01,304 [pool-57-thread-1] INFO  storage.RaftStorageDirectory (RaftStorageDirectory.java:analyzeStorage(246)) - The storage directory /workdir/hadoop-ozone/integration-test/target/test-dir/MiniOzoneClusterImpl-4a157921-bac8-4948-8ccf-f55fe74fd98a/datanode-3/data/ratis/be7654b9-1cb2-483f-8300-353d103cccc2 does not exist. Creating ...
2019-09-25 05:54:01,316 [pool-57-thread-1] INFO  storage.RaftStorageDirectory (RaftStorageDirectory.java:tryLock(328)) - Lock on /workdir/hadoop-ozone/integration-test/target/test-dir/MiniOzoneClusterImpl-4a157921-bac8-4948-8ccf-f55fe74fd98a/datanode-3/data/ratis/be7654b9-1cb2-483f-8300-353d103cccc2/in_use.lock acquired by nodename 10436@pr-hdds-1569-s44lr-3492059363
2019-09-25 05:54:01,330 [pool-57-thread-1] INFO  storage.RaftStorage (RaftStorage.java:format(72)) - Storage directory /workdir/hadoop-ozone/integration-test/target/test-dir/MiniOzoneClusterImpl-4a157921-bac8-4948-8ccf-f55fe74fd98a/datanode-3/data/ratis/be7654b9-1cb2-483f-8300-353d103cccc2 has been successfully formatted.
2019-09-25 05:54:01,330 [pool-57-thread-1] INFO  ratis.ContainerStateMachine (ContainerStateMachine.java:loadSnapshot(230)) - group-353D103CCCC2: The snapshot info is null. Setting the last applied indexto:(t:0, i:~)
2019-09-25 05:54:01,331 [pool-57-thread-1] INFO  server.RaftServerConfigKeys (ConfUtils.java:logGet(43)) - raft.server.notification.no-leader.timeout = 120s (custom)
2019-09-25 05:54:01,331 [pool-57-thread-1] INFO  server.RaftServerConfigKeys (ConfUtils.java:logGet(43)) - raft.server.log.use.memory = false (default)
2019-09-25 05:54:01,331 [pool-57-thread-1] INFO  server.RaftServerConfigKeys (ConfUtils.java:logGet(43)) - raft.server.log.purge.gap = 1000000 (custom)
2019-09-25 05:54:01,331 [pool-57-thread-1] INFO  server.RaftServerConfigKeys (ConfUtils.java:logGet(43)) - raft.server.log.appender.buffer.byte-limit = 33554432 (custom)
2019-09-25 05:54:01,331 [pool-57-thread-1] INFO  server.RaftServerConfigKeys (ConfUtils.java:logGet(43)) - raft.server.log.segment.size.max = 1048576 (custom)
2019-09-25 05:54:01,331 [pool-57-thread-1] INFO  server.RaftServerConfigKeys (ConfUtils.java:logGet(43)) - raft.server.log.segment.cache.num.max = 2 (custom)
2019-09-25 05:54:01,331 [pool-57-thread-1] INFO  segmented.SegmentedRaftLogWorker (SegmentedRaftLogWorker.java:<init>(172)) - new 511ff9a4-402a-459c-948c-b9450b1400e6@group-353D103CCCC2-SegmentedRaftLogWorker for RaftStorage:Storage Directory /workdir/hadoop-ozone/integration-test/target/test-dir/MiniOzoneClusterImpl-4a157921-bac8-4948-8ccf-f55fe74fd98a/datanode-3/data/ratis/be7654b9-1cb2-483f-8300-353d103cccc2
2019-09-25 05:54:01,331 [pool-57-thread-1] INFO  server.RaftServerConfigKeys (ConfUtils.java:logGet(43)) - raft.server.log.queue.byte-limit = 2147483647 (custom)
2019-09-25 05:54:01,331 [pool-57-thread-1] INFO  server.RaftServerConfigKeys (ConfUtils.java:logGet(43)) - raft.server.log.queue.element-limit = 1024 (custom)
2019-09-25 05:54:01,332 [pool-57-thread-1] INFO  server.RaftServerConfigKeys (ConfUtils.java:logGet(43)) - raft.server.log.segment.size.max = 1048576 (custom)
2019-09-25 05:54:01,332 [pool-57-thread-1] INFO  server.RaftServerConfigKeys (ConfUtils.java:logGet(43)) - raft.server.log.preallocated.size = 16384 (custom)
2019-09-25 05:54:01,332 [pool-57-thread-1] INFO  server.RaftServerConfigKeys (ConfUtils.java:logGet(43)) - raft.server.log.write.buffer.size = 33554432 (custom)
2019-09-25 05:54:01,332 [pool-57-thread-1] INFO  server.RaftServerConfigKeys (ConfUtils.java:logGet(43)) - raft.server.log.force.sync.num = 128 (default)
2019-09-25 05:54:01,332 [pool-57-thread-1] INFO  server.RaftServerConfigKeys (ConfUtils.java:logGet(43)) - raft.server.log.statemachine.data.sync = true (default)
2019-09-25 05:54:01,332 [pool-57-thread-1] INFO  server.RaftServerConfigKeys (ConfUtils.java:logGet(43)) - raft.server.log.statemachine.data.sync.timeout = 10s (default)
2019-09-25 05:54:01,332 [pool-57-thread-1] INFO  server.RaftServerConfigKeys (ConfUtils.java:logGet(43)) - raft.server.log.statemachine.data.sync.timeout.retry = -1 (default)
2019-09-25 05:54:01,332 [pool-57-thread-1] INFO  server.RaftServerConfigKeys (ConfUtils.java:logGet(43)) - raft.server.log.statemachine.data.caching.enabled = true (custom)
2019-09-25 05:54:01,333 [pool-57-thread-1] INFO  segmented.SegmentedRaftLogWorker (SegmentedRaftLogWorker.java:lambda$new$0(132)) - 511ff9a4-402a-459c-948c-b9450b1400e6@group-353D103CCCC2-SegmentedRaftLogWorker: flushIndex: setUnconditionally 0 -> -1
2019-09-25 05:54:01,333 [pool-57-thread-1] INFO  server.RaftServerConfigKeys (ConfUtils.java:logGet(43)) - raft.server.snapshot.auto.trigger.enabled = true (custom)
2019-09-25 05:54:01,333 [pool-57-thread-1] INFO  server.RaftServerConfigKeys (ConfUtils.java:logGet(43)) - raft.server.snapshot.auto.trigger.threshold = 10000 (custom)
2019-09-25 05:54:01,333 [pool-57-thread-1] INFO  server.RaftServerConfigKeys (ConfUtils.java:logGet(43)) - raft.server.snapshot.retention.num.files = 5 (custom)
2019-09-25 05:54:01,333 [pool-57-thread-1] INFO  server.RaftServerConfigKeys (ConfUtils.java:logGet(43)) - raft.server.retrycache.expirytime = 600000ms (custom)
2019-09-25 05:54:01,336 [pool-57-thread-1] INFO  impl.RaftServerImpl (RaftServerImpl.java:start(185)) - 511ff9a4-402a-459c-948c-b9450b1400e6@group-353D103CCCC2: start as a follower, conf=-1: [511ff9a4-402a-459c-948c-b9450b1400e6:192.168.164.207:38058], old=null
2019-09-25 05:54:01,336 [pool-57-thread-1] INFO  impl.RaftServerImpl (RaftServerImpl.java:setRole(174)) - 511ff9a4-402a-459c-948c-b9450b1400e6@group-353D103CCCC2: changes role from      null to FOLLOWER at term 0 for startAsFollower
2019-09-25 05:54:01,336 [pool-57-thread-1] INFO  impl.RoleInfo (RoleInfo.java:updateAndGet(143)) - 511ff9a4-402a-459c-948c-b9450b1400e6: start FollowerState
2019-09-25 05:54:01,341 [pool-57-thread-1] INFO  util.JmxRegister (JmxRegister.java:tryRegister(44)) - Successfully registered JMX Bean with object name Ratis:service=RaftServer,group=group-353D103CCCC2,id=511ff9a4-402a-459c-948c-b9450b1400e6
2019-09-25 05:54:01,353 [RatisPipelineUtilsThread] INFO  pipeline.PipelineStateManager (PipelineStateManager.java:addPipeline(56)) - Created pipeline Pipeline[ Id: be7654b9-1cb2-483f-8300-353d103cccc2, Nodes: 511ff9a4-402a-459c-948c-b9450b1400e6{ip: 192.168.164.207, host: pr-hdds-1569-s44lr-3492059363, networkLocation: /default-rack, certSerialId: null}, Type:RATIS, Factor:ONE, State:OPEN]
2019-09-25 05:54:01,353 [RatisPipelineUtilsThread] INFO  pipeline.PipelinePlacementPolicy (PipelinePlacementPolicy.java:meetCriteria(91)) - Pipeline Placement: can't place more pipeline on heavy datanode： 03645d2f-1e20-4e0d-8661-d0c7ee952eef Heaviness: 6 limit: 5
2019-09-25 05:54:01,353 [RatisPipelineUtilsThread] INFO  pipeline.PipelinePlacementPolicy (PipelinePlacementPolicy.java:meetCriteria(91)) - Pipeline Placement: can't place more pipeline on heavy datanode： 40dcd630-ad01-41c1-945d-8b29a9b08b55 Heaviness: 6 limit: 5
2019-09-25 05:54:01,362 [grpc-default-executor-0] INFO  impl.RaftServerProxy (RaftServerProxy.java:addNew(89)) - 1ed6dadd-b0b2-432b-85f8-e2d308be821a: addNew group-E991317C4E7C:[1ed6dadd-b0b2-432b-85f8-e2d308be821a:192.168.164.207:46532] returns group-E991317C4E7C:java.util.concurrent.CompletableFuture@b36d9d3[Not completed]
2019-09-25 05:54:01,364 [pool-47-thread-1] INFO  impl.RaftServerImpl (RaftServerImpl.java:<init>(95)) - 1ed6dadd-b0b2-432b-85f8-e2d308be821a: new RaftServerImpl for group-E991317C4E7C:[1ed6dadd-b0b2-432b-85f8-e2d308be821a:192.168.164.207:46532] with ContainerStateMachine:uninitialized
2019-09-25 05:54:01,364 [pool-47-thread-1] INFO  server.RaftServerConfigKeys (ConfUtils.java:logGet(43)) - raft.server.rpc.timeout.min = 5s (custom)
2019-09-25 05:54:01,364 [pool-47-thread-1] INFO  server.RaftServerConfigKeys (ConfUtils.java:logGet(43)) - raft.server.rpc.timeout.max = 5200ms (custom)
2019-09-25 05:54:01,364 [pool-47-thread-1] INFO  server.RaftServerConfigKeys (ConfUtils.java:logGet(43)) - raft.server.rpcslowness.timeout = 120s (custom)
2019-09-25 05:54:01,364 [pool-47-thread-1] INFO  server.RaftServerConfigKeys (ConfUtils.java:logGet(43)) - raft.server.sleep.deviation.threshold = 300 (default)
2019-09-25 05:54:01,364 [pool-47-thread-1] INFO  server.RaftServerConfigKeys (ConfUtils.java:logGet(43)) - raft.server.log.appender.install.snapshot.enabled = false (custom)
2019-09-25 05:54:01,365 [pool-47-thread-1] INFO  impl.RaftServerImpl (ServerState.java:<init>(103)) - 1ed6dadd-b0b2-432b-85f8-e2d308be821a@group-E991317C4E7C: ConfigurationManager, init=-1: [1ed6dadd-b0b2-432b-85f8-e2d308be821a:192.168.164.207:46532], old=null, confs=<EMPTY_MAP>
2019-09-25 05:54:01,365 [pool-47-thread-1] INFO  server.RaftServerConfigKeys (ConfUtils.java:logGet(43)) - raft.server.storage.dir = [/workdir/hadoop-ozone/integration-test/target/test-dir/MiniOzoneClusterImpl-4a157921-bac8-4948-8ccf-f55fe74fd98a/datanode-2/data/ratis] (custom)
2019-09-25 05:54:01,365 [pool-47-thread-1] INFO  storage.RaftStorageDirectory (RaftStorageDirectory.java:analyzeStorage(246)) - The storage directory /workdir/hadoop-ozone/integration-test/target/test-dir/MiniOzoneClusterImpl-4a157921-bac8-4948-8ccf-f55fe74fd98a/datanode-2/data/ratis/c0b63d9b-7ddc-48f5-9555-e991317c4e7c does not exist. Creating ...
2019-09-25 05:54:01,378 [pool-47-thread-1] INFO  storage.RaftStorageDirectory (RaftStorageDirectory.java:tryLock(328)) - Lock on /workdir/hadoop-ozone/integration-test/target/test-dir/MiniOzoneClusterImpl-4a157921-bac8-4948-8ccf-f55fe74fd98a/datanode-2/data/ratis/c0b63d9b-7ddc-48f5-9555-e991317c4e7c/in_use.lock acquired by nodename 10436@pr-hdds-1569-s44lr-3492059363
2019-09-25 05:54:01,391 [pool-47-thread-1] INFO  storage.RaftStorage (RaftStorage.java:format(72)) - Storage directory /workdir/hadoop-ozone/integration-test/target/test-dir/MiniOzoneClusterImpl-4a157921-bac8-4948-8ccf-f55fe74fd98a/datanode-2/data/ratis/c0b63d9b-7ddc-48f5-9555-e991317c4e7c has been successfully formatted.
2019-09-25 05:54:01,392 [pool-47-thread-1] INFO  ratis.ContainerStateMachine (ContainerStateMachine.java:loadSnapshot(230)) - group-E991317C4E7C: The snapshot info is null. Setting the last applied indexto:(t:0, i:~)
2019-09-25 05:54:01,392 [pool-47-thread-1] INFO  server.RaftServerConfigKeys (ConfUtils.java:logGet(43)) - raft.server.notification.no-leader.timeout = 120s (custom)
2019-09-25 05:54:01,392 [pool-47-thread-1] INFO  server.RaftServerConfigKeys (ConfUtils.java:logGet(43)) - raft.server.log.use.memory = false (default)
2019-09-25 05:54:01,392 [pool-47-thread-1] INFO  server.RaftServerConfigKeys (ConfUtils.java:logGet(43)) - raft.server.log.purge.gap = 1000000 (custom)
2019-09-25 05:54:01,392 [pool-47-thread-1] INFO  server.RaftServerConfigKeys (ConfUtils.java:logGet(43)) - raft.server.log.appender.buffer.byte-limit = 33554432 (custom)
2019-09-25 05:54:01,392 [pool-47-thread-1] INFO  server.RaftServerConfigKeys (ConfUtils.java:logGet(43)) - raft.server.log.segment.size.max = 1048576 (custom)
2019-09-25 05:54:01,392 [pool-47-thread-1] INFO  server.RaftServerConfigKeys (ConfUtils.java:logGet(43)) - raft.server.log.segment.cache.num.max = 2 (custom)
2019-09-25 05:54:01,393 [pool-47-thread-1] INFO  segmented.SegmentedRaftLogWorker (SegmentedRaftLogWorker.java:<init>(172)) - new 1ed6dadd-b0b2-432b-85f8-e2d308be821a@group-E991317C4E7C-SegmentedRaftLogWorker for RaftStorage:Storage Directory /workdir/hadoop-ozone/integration-test/target/test-dir/MiniOzoneClusterImpl-4a157921-bac8-4948-8ccf-f55fe74fd98a/datanode-2/data/ratis/c0b63d9b-7ddc-48f5-9555-e991317c4e7c
2019-09-25 05:54:01,393 [pool-47-thread-1] INFO  server.RaftServerConfigKeys (ConfUtils.java:logGet(43)) - raft.server.log.queue.byte-limit = 2147483647 (custom)
2019-09-25 05:54:01,393 [pool-47-thread-1] INFO  server.RaftServerConfigKeys (ConfUtils.java:logGet(43)) - raft.server.log.queue.element-limit = 1024 (custom)
2019-09-25 05:54:01,393 [pool-47-thread-1] INFO  server.RaftServerConfigKeys (ConfUtils.java:logGet(43)) - raft.server.log.segment.size.max = 1048576 (custom)
2019-09-25 05:54:01,393 [pool-47-thread-1] INFO  server.RaftServerConfigKeys (ConfUtils.java:logGet(43)) - raft.server.log.preallocated.size = 16384 (custom)
2019-09-25 05:54:01,393 [pool-47-thread-1] INFO  server.RaftServerConfigKeys (ConfUtils.java:logGet(43)) - raft.server.log.write.buffer.size = 33554432 (custom)
2019-09-25 05:54:01,393 [pool-47-thread-1] INFO  server.RaftServerConfigKeys (ConfUtils.java:logGet(43)) - raft.server.log.force.sync.num = 128 (default)
2019-09-25 05:54:01,393 [pool-47-thread-1] INFO  server.RaftServerConfigKeys (ConfUtils.java:logGet(43)) - raft.server.log.statemachine.data.sync = true (default)
2019-09-25 05:54:01,393 [pool-47-thread-1] INFO  server.RaftServerConfigKeys (ConfUtils.java:logGet(43)) - raft.server.log.statemachine.data.sync.timeout = 10s (default)
2019-09-25 05:54:01,394 [pool-47-thread-1] INFO  server.RaftServerConfigKeys (ConfUtils.java:logGet(43)) - raft.server.log.statemachine.data.sync.timeout.retry = -1 (default)
2019-09-25 05:54:01,394 [pool-47-thread-1] INFO  server.RaftServerConfigKeys (ConfUtils.java:logGet(43)) - raft.server.log.statemachine.data.caching.enabled = true (custom)
2019-09-25 05:54:01,394 [pool-47-thread-1] INFO  segmented.SegmentedRaftLogWorker (SegmentedRaftLogWorker.java:lambda$new$0(132)) - 1ed6dadd-b0b2-432b-85f8-e2d308be821a@group-E991317C4E7C-SegmentedRaftLogWorker: flushIndex: setUnconditionally 0 -> -1
2019-09-25 05:54:01,395 [pool-47-thread-1] INFO  server.RaftServerConfigKeys (ConfUtils.java:logGet(43)) - raft.server.snapshot.auto.trigger.enabled = true (custom)
2019-09-25 05:54:01,395 [pool-47-thread-1] INFO  server.RaftServerConfigKeys (ConfUtils.java:logGet(43)) - raft.server.snapshot.auto.trigger.threshold = 10000 (custom)
2019-09-25 05:54:01,395 [pool-47-thread-1] INFO  server.RaftServerConfigKeys (ConfUtils.java:logGet(43)) - raft.server.snapshot.retention.num.files = 5 (custom)
2019-09-25 05:54:01,395 [pool-47-thread-1] INFO  server.RaftServerConfigKeys (ConfUtils.java:logGet(43)) - raft.server.retrycache.expirytime = 600000ms (custom)
2019-09-25 05:54:01,397 [pool-47-thread-1] INFO  impl.RaftServerImpl (RaftServerImpl.java:start(185)) - 1ed6dadd-b0b2-432b-85f8-e2d308be821a@group-E991317C4E7C: start as a follower, conf=-1: [1ed6dadd-b0b2-432b-85f8-e2d308be821a:192.168.164.207:46532], old=null
2019-09-25 05:54:01,397 [pool-47-thread-1] INFO  impl.RaftServerImpl (RaftServerImpl.java:setRole(174)) - 1ed6dadd-b0b2-432b-85f8-e2d308be821a@group-E991317C4E7C: changes role from      null to FOLLOWER at term 0 for startAsFollower
2019-09-25 05:54:01,397 [pool-47-thread-1] INFO  impl.RoleInfo (RoleInfo.java:updateAndGet(143)) - 1ed6dadd-b0b2-432b-85f8-e2d308be821a: start FollowerState
2019-09-25 05:54:01,398 [pool-47-thread-1] INFO  util.JmxRegister (JmxRegister.java:tryRegister(44)) - Successfully registered JMX Bean with object name Ratis:service=RaftServer,group=group-E991317C4E7C,id=1ed6dadd-b0b2-432b-85f8-e2d308be821a
2019-09-25 05:54:01,402 [RatisPipelineUtilsThread] INFO  pipeline.PipelineStateManager (PipelineStateManager.java:addPipeline(56)) - Created pipeline Pipeline[ Id: c0b63d9b-7ddc-48f5-9555-e991317c4e7c, Nodes: 1ed6dadd-b0b2-432b-85f8-e2d308be821a{ip: 192.168.164.207, host: pr-hdds-1569-s44lr-3492059363, networkLocation: /default-rack, certSerialId: null}, Type:RATIS, Factor:ONE, State:OPEN]
2019-09-25 05:54:01,402 [RatisPipelineUtilsThread] INFO  pipeline.PipelinePlacementPolicy (PipelinePlacementPolicy.java:meetCriteria(91)) - Pipeline Placement: can't place more pipeline on heavy datanode： 03645d2f-1e20-4e0d-8661-d0c7ee952eef Heaviness: 6 limit: 5
2019-09-25 05:54:01,402 [RatisPipelineUtilsThread] INFO  pipeline.PipelinePlacementPolicy (PipelinePlacementPolicy.java:meetCriteria(91)) - Pipeline Placement: can't place more pipeline on heavy datanode： 40dcd630-ad01-41c1-945d-8b29a9b08b55 Heaviness: 6 limit: 5
2019-09-25 05:54:01,410 [grpc-default-executor-0] INFO  impl.RaftServerProxy (RaftServerProxy.java:addNew(89)) - 511ff9a4-402a-459c-948c-b9450b1400e6: addNew group-37A8874952C0:[511ff9a4-402a-459c-948c-b9450b1400e6:192.168.164.207:38058] returns group-37A8874952C0:java.util.concurrent.CompletableFuture@74262c6a[Not completed]
2019-09-25 05:54:01,411 [pool-57-thread-1] INFO  impl.RaftServerImpl (RaftServerImpl.java:<init>(95)) - 511ff9a4-402a-459c-948c-b9450b1400e6: new RaftServerImpl for group-37A8874952C0:[511ff9a4-402a-459c-948c-b9450b1400e6:192.168.164.207:38058] with ContainerStateMachine:uninitialized
2019-09-25 05:54:01,411 [pool-57-thread-1] INFO  server.RaftServerConfigKeys (ConfUtils.java:logGet(43)) - raft.server.rpc.timeout.min = 5s (custom)
2019-09-25 05:54:01,411 [pool-57-thread-1] INFO  server.RaftServerConfigKeys (ConfUtils.java:logGet(43)) - raft.server.rpc.timeout.max = 5200ms (custom)
2019-09-25 05:54:01,411 [pool-57-thread-1] INFO  server.RaftServerConfigKeys (ConfUtils.java:logGet(43)) - raft.server.rpcslowness.timeout = 120s (custom)
2019-09-25 05:54:01,411 [pool-57-thread-1] INFO  server.RaftServerConfigKeys (ConfUtils.java:logGet(43)) - raft.server.sleep.deviation.threshold = 300 (default)
2019-09-25 05:54:01,411 [pool-57-thread-1] INFO  server.RaftServerConfigKeys (ConfUtils.java:logGet(43)) - raft.server.log.appender.install.snapshot.enabled = false (custom)
2019-09-25 05:54:01,412 [pool-57-thread-1] INFO  impl.RaftServerImpl (ServerState.java:<init>(103)) - 511ff9a4-402a-459c-948c-b9450b1400e6@group-37A8874952C0: ConfigurationManager, init=-1: [511ff9a4-402a-459c-948c-b9450b1400e6:192.168.164.207:38058], old=null, confs=<EMPTY_MAP>
2019-09-25 05:54:01,412 [pool-57-thread-1] INFO  server.RaftServerConfigKeys (ConfUtils.java:logGet(43)) - raft.server.storage.dir = [/workdir/hadoop-ozone/integration-test/target/test-dir/MiniOzoneClusterImpl-4a157921-bac8-4948-8ccf-f55fe74fd98a/datanode-3/data/ratis] (custom)
2019-09-25 05:54:01,412 [pool-57-thread-1] INFO  storage.RaftStorageDirectory (RaftStorageDirectory.java:analyzeStorage(246)) - The storage directory /workdir/hadoop-ozone/integration-test/target/test-dir/MiniOzoneClusterImpl-4a157921-bac8-4948-8ccf-f55fe74fd98a/datanode-3/data/ratis/76a41b28-4962-4d3e-9b9c-37a8874952c0 does not exist. Creating ...
2019-09-25 05:54:01,424 [pool-57-thread-1] INFO  storage.RaftStorageDirectory (RaftStorageDirectory.java:tryLock(328)) - Lock on /workdir/hadoop-ozone/integration-test/target/test-dir/MiniOzoneClusterImpl-4a157921-bac8-4948-8ccf-f55fe74fd98a/datanode-3/data/ratis/76a41b28-4962-4d3e-9b9c-37a8874952c0/in_use.lock acquired by nodename 10436@pr-hdds-1569-s44lr-3492059363
2019-09-25 05:54:01,437 [pool-57-thread-1] INFO  storage.RaftStorage (RaftStorage.java:format(72)) - Storage directory /workdir/hadoop-ozone/integration-test/target/test-dir/MiniOzoneClusterImpl-4a157921-bac8-4948-8ccf-f55fe74fd98a/datanode-3/data/ratis/76a41b28-4962-4d3e-9b9c-37a8874952c0 has been successfully formatted.
2019-09-25 05:54:01,437 [pool-57-thread-1] INFO  ratis.ContainerStateMachine (ContainerStateMachine.java:loadSnapshot(230)) - group-37A8874952C0: The snapshot info is null. Setting the last applied indexto:(t:0, i:~)
2019-09-25 05:54:01,437 [pool-57-thread-1] INFO  server.RaftServerConfigKeys (ConfUtils.java:logGet(43)) - raft.server.notification.no-leader.timeout = 120s (custom)
2019-09-25 05:54:01,437 [pool-57-thread-1] INFO  server.RaftServerConfigKeys (ConfUtils.java:logGet(43)) - raft.server.log.use.memory = false (default)
2019-09-25 05:54:01,438 [pool-57-thread-1] INFO  server.RaftServerConfigKeys (ConfUtils.java:logGet(43)) - raft.server.log.purge.gap = 1000000 (custom)
2019-09-25 05:54:01,438 [pool-57-thread-1] INFO  server.RaftServerConfigKeys (ConfUtils.java:logGet(43)) - raft.server.log.appender.buffer.byte-limit = 33554432 (custom)
2019-09-25 05:54:01,438 [pool-57-thread-1] INFO  server.RaftServerConfigKeys (ConfUtils.java:logGet(43)) - raft.server.log.segment.size.max = 1048576 (custom)
2019-09-25 05:54:01,438 [pool-57-thread-1] INFO  server.RaftServerConfigKeys (ConfUtils.java:logGet(43)) - raft.server.log.segment.cache.num.max = 2 (custom)
2019-09-25 05:54:01,438 [pool-57-thread-1] INFO  segmented.SegmentedRaftLogWorker (SegmentedRaftLogWorker.java:<init>(172)) - new 511ff9a4-402a-459c-948c-b9450b1400e6@group-37A8874952C0-SegmentedRaftLogWorker for RaftStorage:Storage Directory /workdir/hadoop-ozone/integration-test/target/test-dir/MiniOzoneClusterImpl-4a157921-bac8-4948-8ccf-f55fe74fd98a/datanode-3/data/ratis/76a41b28-4962-4d3e-9b9c-37a8874952c0
2019-09-25 05:54:01,438 [pool-57-thread-1] INFO  server.RaftServerConfigKeys (ConfUtils.java:logGet(43)) - raft.server.log.queue.byte-limit = 2147483647 (custom)
2019-09-25 05:54:01,438 [pool-57-thread-1] INFO  server.RaftServerConfigKeys (ConfUtils.java:logGet(43)) - raft.server.log.queue.element-limit = 1024 (custom)
2019-09-25 05:54:01,438 [pool-57-thread-1] INFO  server.RaftServerConfigKeys (ConfUtils.java:logGet(43)) - raft.server.log.segment.size.max = 1048576 (custom)
2019-09-25 05:54:01,438 [pool-57-thread-1] INFO  server.RaftServerConfigKeys (ConfUtils.java:logGet(43)) - raft.server.log.preallocated.size = 16384 (custom)
2019-09-25 05:54:01,438 [pool-57-thread-1] INFO  server.RaftServerConfigKeys (ConfUtils.java:logGet(43)) - raft.server.log.write.buffer.size = 33554432 (custom)
2019-09-25 05:54:01,439 [pool-57-thread-1] INFO  server.RaftServerConfigKeys (ConfUtils.java:logGet(43)) - raft.server.log.force.sync.num = 128 (default)
2019-09-25 05:54:01,439 [pool-57-thread-1] INFO  server.RaftServerConfigKeys (ConfUtils.java:logGet(43)) - raft.server.log.statemachine.data.sync = true (default)
2019-09-25 05:54:01,439 [pool-57-thread-1] INFO  server.RaftServerConfigKeys (ConfUtils.java:logGet(43)) - raft.server.log.statemachine.data.sync.timeout = 10s (default)
2019-09-25 05:54:01,439 [pool-57-thread-1] INFO  server.RaftServerConfigKeys (ConfUtils.java:logGet(43)) - raft.server.log.statemachine.data.sync.timeout.retry = -1 (default)
2019-09-25 05:54:01,439 [pool-57-thread-1] INFO  server.RaftServerConfigKeys (ConfUtils.java:logGet(43)) - raft.server.log.statemachine.data.caching.enabled = true (custom)
2019-09-25 05:54:01,439 [pool-57-thread-1] INFO  segmented.SegmentedRaftLogWorker (SegmentedRaftLogWorker.java:lambda$new$0(132)) - 511ff9a4-402a-459c-948c-b9450b1400e6@group-37A8874952C0-SegmentedRaftLogWorker: flushIndex: setUnconditionally 0 -> -1
2019-09-25 05:54:01,439 [pool-57-thread-1] INFO  server.RaftServerConfigKeys (ConfUtils.java:logGet(43)) - raft.server.snapshot.auto.trigger.enabled = true (custom)
2019-09-25 05:54:01,440 [pool-57-thread-1] INFO  server.RaftServerConfigKeys (ConfUtils.java:logGet(43)) - raft.server.snapshot.auto.trigger.threshold = 10000 (custom)
2019-09-25 05:54:01,440 [pool-57-thread-1] INFO  server.RaftServerConfigKeys (ConfUtils.java:logGet(43)) - raft.server.snapshot.retention.num.files = 5 (custom)
2019-09-25 05:54:01,440 [pool-57-thread-1] INFO  server.RaftServerConfigKeys (ConfUtils.java:logGet(43)) - raft.server.retrycache.expirytime = 600000ms (custom)
2019-09-25 05:54:01,442 [pool-57-thread-1] INFO  impl.RaftServerImpl (RaftServerImpl.java:start(185)) - 511ff9a4-402a-459c-948c-b9450b1400e6@group-37A8874952C0: start as a follower, conf=-1: [511ff9a4-402a-459c-948c-b9450b1400e6:192.168.164.207:38058], old=null
2019-09-25 05:54:01,442 [pool-57-thread-1] INFO  impl.RaftServerImpl (RaftServerImpl.java:setRole(174)) - 511ff9a4-402a-459c-948c-b9450b1400e6@group-37A8874952C0: changes role from      null to FOLLOWER at term 0 for startAsFollower
2019-09-25 05:54:01,442 [pool-57-thread-1] INFO  impl.RoleInfo (RoleInfo.java:updateAndGet(143)) - 511ff9a4-402a-459c-948c-b9450b1400e6: start FollowerState
2019-09-25 05:54:01,442 [pool-57-thread-1] INFO  util.JmxRegister (JmxRegister.java:tryRegister(44)) - Successfully registered JMX Bean with object name Ratis:service=RaftServer,group=group-37A8874952C0,id=511ff9a4-402a-459c-948c-b9450b1400e6
2019-09-25 05:54:01,447 [RatisPipelineUtilsThread] INFO  pipeline.PipelineStateManager (PipelineStateManager.java:addPipeline(56)) - Created pipeline Pipeline[ Id: 76a41b28-4962-4d3e-9b9c-37a8874952c0, Nodes: 511ff9a4-402a-459c-948c-b9450b1400e6{ip: 192.168.164.207, host: pr-hdds-1569-s44lr-3492059363, networkLocation: /default-rack, certSerialId: null}, Type:RATIS, Factor:ONE, State:OPEN]
2019-09-25 05:54:01,448 [RatisPipelineUtilsThread] INFO  pipeline.PipelinePlacementPolicy (PipelinePlacementPolicy.java:meetCriteria(91)) - Pipeline Placement: can't place more pipeline on heavy datanode： 03645d2f-1e20-4e0d-8661-d0c7ee952eef Heaviness: 6 limit: 5
2019-09-25 05:54:01,448 [RatisPipelineUtilsThread] INFO  pipeline.PipelinePlacementPolicy (PipelinePlacementPolicy.java:meetCriteria(91)) - Pipeline Placement: can't place more pipeline on heavy datanode： 40dcd630-ad01-41c1-945d-8b29a9b08b55 Heaviness: 6 limit: 5
2019-09-25 05:54:01,455 [grpc-default-executor-0] INFO  impl.RaftServerProxy (RaftServerProxy.java:addNew(89)) - 1ed6dadd-b0b2-432b-85f8-e2d308be821a: addNew group-3EC223D9B2C1:[1ed6dadd-b0b2-432b-85f8-e2d308be821a:192.168.164.207:46532] returns group-3EC223D9B2C1:java.util.concurrent.CompletableFuture@6ec79b2e[Not completed]
2019-09-25 05:54:01,456 [pool-47-thread-1] INFO  impl.RaftServerImpl (RaftServerImpl.java:<init>(95)) - 1ed6dadd-b0b2-432b-85f8-e2d308be821a: new RaftServerImpl for group-3EC223D9B2C1:[1ed6dadd-b0b2-432b-85f8-e2d308be821a:192.168.164.207:46532] with ContainerStateMachine:uninitialized
2019-09-25 05:54:01,456 [pool-47-thread-1] INFO  server.RaftServerConfigKeys (ConfUtils.java:logGet(43)) - raft.server.rpc.timeout.min = 5s (custom)
2019-09-25 05:54:01,456 [pool-47-thread-1] INFO  server.RaftServerConfigKeys (ConfUtils.java:logGet(43)) - raft.server.rpc.timeout.max = 5200ms (custom)
2019-09-25 05:54:01,456 [pool-47-thread-1] INFO  server.RaftServerConfigKeys (ConfUtils.java:logGet(43)) - raft.server.rpcslowness.timeout = 120s (custom)
2019-09-25 05:54:01,456 [pool-47-thread-1] INFO  server.RaftServerConfigKeys (ConfUtils.java:logGet(43)) - raft.server.sleep.deviation.threshold = 300 (default)
2019-09-25 05:54:01,456 [pool-47-thread-1] INFO  server.RaftServerConfigKeys (ConfUtils.java:logGet(43)) - raft.server.log.appender.install.snapshot.enabled = false (custom)
2019-09-25 05:54:01,456 [pool-47-thread-1] INFO  impl.RaftServerImpl (ServerState.java:<init>(103)) - 1ed6dadd-b0b2-432b-85f8-e2d308be821a@group-3EC223D9B2C1: ConfigurationManager, init=-1: [1ed6dadd-b0b2-432b-85f8-e2d308be821a:192.168.164.207:46532], old=null, confs=<EMPTY_MAP>
2019-09-25 05:54:01,457 [pool-47-thread-1] INFO  server.RaftServerConfigKeys (ConfUtils.java:logGet(43)) - raft.server.storage.dir = [/workdir/hadoop-ozone/integration-test/target/test-dir/MiniOzoneClusterImpl-4a157921-bac8-4948-8ccf-f55fe74fd98a/datanode-2/data/ratis] (custom)
2019-09-25 05:54:01,457 [pool-47-thread-1] INFO  storage.RaftStorageDirectory (RaftStorageDirectory.java:analyzeStorage(246)) - The storage directory /workdir/hadoop-ozone/integration-test/target/test-dir/MiniOzoneClusterImpl-4a157921-bac8-4948-8ccf-f55fe74fd98a/datanode-2/data/ratis/73f42d12-af09-4f9c-adb0-3ec223d9b2c1 does not exist. Creating ...
2019-09-25 05:54:01,469 [pool-47-thread-1] INFO  storage.RaftStorageDirectory (RaftStorageDirectory.java:tryLock(328)) - Lock on /workdir/hadoop-ozone/integration-test/target/test-dir/MiniOzoneClusterImpl-4a157921-bac8-4948-8ccf-f55fe74fd98a/datanode-2/data/ratis/73f42d12-af09-4f9c-adb0-3ec223d9b2c1/in_use.lock acquired by nodename 10436@pr-hdds-1569-s44lr-3492059363
2019-09-25 05:54:01,481 [pool-47-thread-1] INFO  storage.RaftStorage (RaftStorage.java:format(72)) - Storage directory /workdir/hadoop-ozone/integration-test/target/test-dir/MiniOzoneClusterImpl-4a157921-bac8-4948-8ccf-f55fe74fd98a/datanode-2/data/ratis/73f42d12-af09-4f9c-adb0-3ec223d9b2c1 has been successfully formatted.
2019-09-25 05:54:01,482 [pool-47-thread-1] INFO  ratis.ContainerStateMachine (ContainerStateMachine.java:loadSnapshot(230)) - group-3EC223D9B2C1: The snapshot info is null. Setting the last applied indexto:(t:0, i:~)
2019-09-25 05:54:01,482 [pool-47-thread-1] INFO  server.RaftServerConfigKeys (ConfUtils.java:logGet(43)) - raft.server.notification.no-leader.timeout = 120s (custom)
2019-09-25 05:54:01,482 [pool-47-thread-1] INFO  server.RaftServerConfigKeys (ConfUtils.java:logGet(43)) - raft.server.log.use.memory = false (default)
2019-09-25 05:54:01,482 [pool-47-thread-1] INFO  server.RaftServerConfigKeys (ConfUtils.java:logGet(43)) - raft.server.log.purge.gap = 1000000 (custom)
2019-09-25 05:54:01,482 [pool-47-thread-1] INFO  server.RaftServerConfigKeys (ConfUtils.java:logGet(43)) - raft.server.log.appender.buffer.byte-limit = 33554432 (custom)
2019-09-25 05:54:01,482 [pool-47-thread-1] INFO  server.RaftServerConfigKeys (ConfUtils.java:logGet(43)) - raft.server.log.segment.size.max = 1048576 (custom)
2019-09-25 05:54:01,482 [pool-47-thread-1] INFO  server.RaftServerConfigKeys (ConfUtils.java:logGet(43)) - raft.server.log.segment.cache.num.max = 2 (custom)
2019-09-25 05:54:01,482 [pool-47-thread-1] INFO  segmented.SegmentedRaftLogWorker (SegmentedRaftLogWorker.java:<init>(172)) - new 1ed6dadd-b0b2-432b-85f8-e2d308be821a@group-3EC223D9B2C1-SegmentedRaftLogWorker for RaftStorage:Storage Directory /workdir/hadoop-ozone/integration-test/target/test-dir/MiniOzoneClusterImpl-4a157921-bac8-4948-8ccf-f55fe74fd98a/datanode-2/data/ratis/73f42d12-af09-4f9c-adb0-3ec223d9b2c1
2019-09-25 05:54:01,483 [pool-47-thread-1] INFO  server.RaftServerConfigKeys (ConfUtils.java:logGet(43)) - raft.server.log.queue.byte-limit = 2147483647 (custom)
2019-09-25 05:54:01,483 [pool-47-thread-1] INFO  server.RaftServerConfigKeys (ConfUtils.java:logGet(43)) - raft.server.log.queue.element-limit = 1024 (custom)
2019-09-25 05:54:01,483 [pool-47-thread-1] INFO  server.RaftServerConfigKeys (ConfUtils.java:logGet(43)) - raft.server.log.segment.size.max = 1048576 (custom)
2019-09-25 05:54:01,483 [pool-47-thread-1] INFO  server.RaftServerConfigKeys (ConfUtils.java:logGet(43)) - raft.server.log.preallocated.size = 16384 (custom)
2019-09-25 05:54:01,483 [pool-47-thread-1] INFO  server.RaftServerConfigKeys (ConfUtils.java:logGet(43)) - raft.server.log.write.buffer.size = 33554432 (custom)
2019-09-25 05:54:01,483 [pool-47-thread-1] INFO  server.RaftServerConfigKeys (ConfUtils.java:logGet(43)) - raft.server.log.force.sync.num = 128 (default)
2019-09-25 05:54:01,483 [pool-47-thread-1] INFO  server.RaftServerConfigKeys (ConfUtils.java:logGet(43)) - raft.server.log.statemachine.data.sync = true (default)
2019-09-25 05:54:01,483 [pool-47-thread-1] INFO  server.RaftServerConfigKeys (ConfUtils.java:logGet(43)) - raft.server.log.statemachine.data.sync.timeout = 10s (default)
2019-09-25 05:54:01,483 [pool-47-thread-1] INFO  server.RaftServerConfigKeys (ConfUtils.java:logGet(43)) - raft.server.log.statemachine.data.sync.timeout.retry = -1 (default)
2019-09-25 05:54:01,483 [pool-47-thread-1] INFO  server.RaftServerConfigKeys (ConfUtils.java:logGet(43)) - raft.server.log.statemachine.data.caching.enabled = true (custom)
2019-09-25 05:54:01,484 [pool-47-thread-1] INFO  segmented.SegmentedRaftLogWorker (SegmentedRaftLogWorker.java:lambda$new$0(132)) - 1ed6dadd-b0b2-432b-85f8-e2d308be821a@group-3EC223D9B2C1-SegmentedRaftLogWorker: flushIndex: setUnconditionally 0 -> -1
2019-09-25 05:54:01,484 [pool-47-thread-1] INFO  server.RaftServerConfigKeys (ConfUtils.java:logGet(43)) - raft.server.snapshot.auto.trigger.enabled = true (custom)
2019-09-25 05:54:01,484 [pool-47-thread-1] INFO  server.RaftServerConfigKeys (ConfUtils.java:logGet(43)) - raft.server.snapshot.auto.trigger.threshold = 10000 (custom)
2019-09-25 05:54:01,484 [pool-47-thread-1] INFO  server.RaftServerConfigKeys (ConfUtils.java:logGet(43)) - raft.server.snapshot.retention.num.files = 5 (custom)
2019-09-25 05:54:01,484 [pool-47-thread-1] INFO  server.RaftServerConfigKeys (ConfUtils.java:logGet(43)) - raft.server.retrycache.expirytime = 600000ms (custom)
2019-09-25 05:54:01,486 [pool-47-thread-1] INFO  impl.RaftServerImpl (RaftServerImpl.java:start(185)) - 1ed6dadd-b0b2-432b-85f8-e2d308be821a@group-3EC223D9B2C1: start as a follower, conf=-1: [1ed6dadd-b0b2-432b-85f8-e2d308be821a:192.168.164.207:46532], old=null
2019-09-25 05:54:01,486 [pool-47-thread-1] INFO  impl.RaftServerImpl (RaftServerImpl.java:setRole(174)) - 1ed6dadd-b0b2-432b-85f8-e2d308be821a@group-3EC223D9B2C1: changes role from      null to FOLLOWER at term 0 for startAsFollower
2019-09-25 05:54:01,487 [pool-47-thread-1] INFO  impl.RoleInfo (RoleInfo.java:updateAndGet(143)) - 1ed6dadd-b0b2-432b-85f8-e2d308be821a: start FollowerState
2019-09-25 05:54:01,487 [pool-47-thread-1] INFO  util.JmxRegister (JmxRegister.java:tryRegister(44)) - Successfully registered JMX Bean with object name Ratis:service=RaftServer,group=group-3EC223D9B2C1,id=1ed6dadd-b0b2-432b-85f8-e2d308be821a
2019-09-25 05:54:01,490 [RatisPipelineUtilsThread] INFO  pipeline.PipelineStateManager (PipelineStateManager.java:addPipeline(56)) - Created pipeline Pipeline[ Id: 73f42d12-af09-4f9c-adb0-3ec223d9b2c1, Nodes: 1ed6dadd-b0b2-432b-85f8-e2d308be821a{ip: 192.168.164.207, host: pr-hdds-1569-s44lr-3492059363, networkLocation: /default-rack, certSerialId: null}, Type:RATIS, Factor:ONE, State:OPEN]
2019-09-25 05:54:01,491 [RatisPipelineUtilsThread] INFO  pipeline.PipelinePlacementPolicy (PipelinePlacementPolicy.java:meetCriteria(91)) - Pipeline Placement: can't place more pipeline on heavy datanode： 03645d2f-1e20-4e0d-8661-d0c7ee952eef Heaviness: 6 limit: 5
2019-09-25 05:54:01,491 [RatisPipelineUtilsThread] INFO  pipeline.PipelinePlacementPolicy (PipelinePlacementPolicy.java:meetCriteria(91)) - Pipeline Placement: can't place more pipeline on heavy datanode： 40dcd630-ad01-41c1-945d-8b29a9b08b55 Heaviness: 6 limit: 5
2019-09-25 05:54:01,499 [grpc-default-executor-0] INFO  impl.RaftServerProxy (RaftServerProxy.java:addNew(89)) - 1ed6dadd-b0b2-432b-85f8-e2d308be821a: addNew group-E6C28CF4DABC:[1ed6dadd-b0b2-432b-85f8-e2d308be821a:192.168.164.207:46532] returns group-E6C28CF4DABC:java.util.concurrent.CompletableFuture@6f6397b8[Not completed]
2019-09-25 05:54:01,500 [pool-47-thread-1] INFO  impl.RaftServerImpl (RaftServerImpl.java:<init>(95)) - 1ed6dadd-b0b2-432b-85f8-e2d308be821a: new RaftServerImpl for group-E6C28CF4DABC:[1ed6dadd-b0b2-432b-85f8-e2d308be821a:192.168.164.207:46532] with ContainerStateMachine:uninitialized
2019-09-25 05:54:01,500 [pool-47-thread-1] INFO  server.RaftServerConfigKeys (ConfUtils.java:logGet(43)) - raft.server.rpc.timeout.min = 5s (custom)
2019-09-25 05:54:01,500 [pool-47-thread-1] INFO  server.RaftServerConfigKeys (ConfUtils.java:logGet(43)) - raft.server.rpc.timeout.max = 5200ms (custom)
2019-09-25 05:54:01,501 [pool-47-thread-1] INFO  server.RaftServerConfigKeys (ConfUtils.java:logGet(43)) - raft.server.rpcslowness.timeout = 120s (custom)
2019-09-25 05:54:01,501 [pool-47-thread-1] INFO  server.RaftServerConfigKeys (ConfUtils.java:logGet(43)) - raft.server.sleep.deviation.threshold = 300 (default)
2019-09-25 05:54:01,501 [pool-47-thread-1] INFO  server.RaftServerConfigKeys (ConfUtils.java:logGet(43)) - raft.server.log.appender.install.snapshot.enabled = false (custom)
2019-09-25 05:54:01,501 [pool-47-thread-1] INFO  impl.RaftServerImpl (ServerState.java:<init>(103)) - 1ed6dadd-b0b2-432b-85f8-e2d308be821a@group-E6C28CF4DABC: ConfigurationManager, init=-1: [1ed6dadd-b0b2-432b-85f8-e2d308be821a:192.168.164.207:46532], old=null, confs=<EMPTY_MAP>
2019-09-25 05:54:01,501 [pool-47-thread-1] INFO  server.RaftServerConfigKeys (ConfUtils.java:logGet(43)) - raft.server.storage.dir = [/workdir/hadoop-ozone/integration-test/target/test-dir/MiniOzoneClusterImpl-4a157921-bac8-4948-8ccf-f55fe74fd98a/datanode-2/data/ratis] (custom)
2019-09-25 05:54:01,501 [pool-47-thread-1] INFO  storage.RaftStorageDirectory (RaftStorageDirectory.java:analyzeStorage(246)) - The storage directory /workdir/hadoop-ozone/integration-test/target/test-dir/MiniOzoneClusterImpl-4a157921-bac8-4948-8ccf-f55fe74fd98a/datanode-2/data/ratis/6e9f431d-7db7-4e52-b93e-e6c28cf4dabc does not exist. Creating ...
2019-09-25 05:54:01,514 [pool-47-thread-1] INFO  storage.RaftStorageDirectory (RaftStorageDirectory.java:tryLock(328)) - Lock on /workdir/hadoop-ozone/integration-test/target/test-dir/MiniOzoneClusterImpl-4a157921-bac8-4948-8ccf-f55fe74fd98a/datanode-2/data/ratis/6e9f431d-7db7-4e52-b93e-e6c28cf4dabc/in_use.lock acquired by nodename 10436@pr-hdds-1569-s44lr-3492059363
2019-09-25 05:54:01,531 [pool-47-thread-1] INFO  storage.RaftStorage (RaftStorage.java:format(72)) - Storage directory /workdir/hadoop-ozone/integration-test/target/test-dir/MiniOzoneClusterImpl-4a157921-bac8-4948-8ccf-f55fe74fd98a/datanode-2/data/ratis/6e9f431d-7db7-4e52-b93e-e6c28cf4dabc has been successfully formatted.
2019-09-25 05:54:01,531 [pool-47-thread-1] INFO  ratis.ContainerStateMachine (ContainerStateMachine.java:loadSnapshot(230)) - group-E6C28CF4DABC: The snapshot info is null. Setting the last applied indexto:(t:0, i:~)
2019-09-25 05:54:01,531 [pool-47-thread-1] INFO  server.RaftServerConfigKeys (ConfUtils.java:logGet(43)) - raft.server.notification.no-leader.timeout = 120s (custom)
2019-09-25 05:54:01,532 [pool-47-thread-1] INFO  server.RaftServerConfigKeys (ConfUtils.java:logGet(43)) - raft.server.log.use.memory = false (default)
2019-09-25 05:54:01,532 [pool-47-thread-1] INFO  server.RaftServerConfigKeys (ConfUtils.java:logGet(43)) - raft.server.log.purge.gap = 1000000 (custom)
2019-09-25 05:54:01,532 [pool-47-thread-1] INFO  server.RaftServerConfigKeys (ConfUtils.java:logGet(43)) - raft.server.log.appender.buffer.byte-limit = 33554432 (custom)
2019-09-25 05:54:01,532 [pool-47-thread-1] INFO  server.RaftServerConfigKeys (ConfUtils.java:logGet(43)) - raft.server.log.segment.size.max = 1048576 (custom)
2019-09-25 05:54:01,532 [pool-47-thread-1] INFO  server.RaftServerConfigKeys (ConfUtils.java:logGet(43)) - raft.server.log.segment.cache.num.max = 2 (custom)
2019-09-25 05:54:01,532 [pool-47-thread-1] INFO  segmented.SegmentedRaftLogWorker (SegmentedRaftLogWorker.java:<init>(172)) - new 1ed6dadd-b0b2-432b-85f8-e2d308be821a@group-E6C28CF4DABC-SegmentedRaftLogWorker for RaftStorage:Storage Directory /workdir/hadoop-ozone/integration-test/target/test-dir/MiniOzoneClusterImpl-4a157921-bac8-4948-8ccf-f55fe74fd98a/datanode-2/data/ratis/6e9f431d-7db7-4e52-b93e-e6c28cf4dabc
2019-09-25 05:54:01,532 [pool-47-thread-1] INFO  server.RaftServerConfigKeys (ConfUtils.java:logGet(43)) - raft.server.log.queue.byte-limit = 2147483647 (custom)
2019-09-25 05:54:01,532 [pool-47-thread-1] INFO  server.RaftServerConfigKeys (ConfUtils.java:logGet(43)) - raft.server.log.queue.element-limit = 1024 (custom)
2019-09-25 05:54:01,532 [pool-47-thread-1] INFO  server.RaftServerConfigKeys (ConfUtils.java:logGet(43)) - raft.server.log.segment.size.max = 1048576 (custom)
2019-09-25 05:54:01,533 [pool-47-thread-1] INFO  server.RaftServerConfigKeys (ConfUtils.java:logGet(43)) - raft.server.log.preallocated.size = 16384 (custom)
2019-09-25 05:54:01,533 [pool-47-thread-1] INFO  server.RaftServerConfigKeys (ConfUtils.java:logGet(43)) - raft.server.log.write.buffer.size = 33554432 (custom)
2019-09-25 05:54:01,533 [pool-47-thread-1] INFO  server.RaftServerConfigKeys (ConfUtils.java:logGet(43)) - raft.server.log.force.sync.num = 128 (default)
2019-09-25 05:54:01,533 [pool-47-thread-1] INFO  server.RaftServerConfigKeys (ConfUtils.java:logGet(43)) - raft.server.log.statemachine.data.sync = true (default)
2019-09-25 05:54:01,533 [pool-47-thread-1] INFO  server.RaftServerConfigKeys (ConfUtils.java:logGet(43)) - raft.server.log.statemachine.data.sync.timeout = 10s (default)
2019-09-25 05:54:01,533 [pool-47-thread-1] INFO  server.RaftServerConfigKeys (ConfUtils.java:logGet(43)) - raft.server.log.statemachine.data.sync.timeout.retry = -1 (default)
2019-09-25 05:54:01,534 [pool-47-thread-1] INFO  server.RaftServerConfigKeys (ConfUtils.java:logGet(43)) - raft.server.log.statemachine.data.caching.enabled = true (custom)
2019-09-25 05:54:01,534 [pool-47-thread-1] INFO  segmented.SegmentedRaftLogWorker (SegmentedRaftLogWorker.java:lambda$new$0(132)) - 1ed6dadd-b0b2-432b-85f8-e2d308be821a@group-E6C28CF4DABC-SegmentedRaftLogWorker: flushIndex: setUnconditionally 0 -> -1
2019-09-25 05:54:01,541 [pool-47-thread-1] INFO  server.RaftServerConfigKeys (ConfUtils.java:logGet(43)) - raft.server.snapshot.auto.trigger.enabled = true (custom)
2019-09-25 05:54:01,541 [pool-47-thread-1] INFO  server.RaftServerConfigKeys (ConfUtils.java:logGet(43)) - raft.server.snapshot.auto.trigger.threshold = 10000 (custom)
2019-09-25 05:54:01,541 [pool-47-thread-1] INFO  server.RaftServerConfigKeys (ConfUtils.java:logGet(43)) - raft.server.snapshot.retention.num.files = 5 (custom)
2019-09-25 05:54:01,541 [pool-47-thread-1] INFO  server.RaftServerConfigKeys (ConfUtils.java:logGet(43)) - raft.server.retrycache.expirytime = 600000ms (custom)
2019-09-25 05:54:01,638 [pool-47-thread-1] INFO  impl.RaftServerImpl (RaftServerImpl.java:start(185)) - 1ed6dadd-b0b2-432b-85f8-e2d308be821a@group-E6C28CF4DABC: start as a follower, conf=-1: [1ed6dadd-b0b2-432b-85f8-e2d308be821a:192.168.164.207:46532], old=null
2019-09-25 05:54:01,638 [pool-47-thread-1] INFO  impl.RaftServerImpl (RaftServerImpl.java:setRole(174)) - 1ed6dadd-b0b2-432b-85f8-e2d308be821a@group-E6C28CF4DABC: changes role from      null to FOLLOWER at term 0 for startAsFollower
2019-09-25 05:54:01,639 [pool-47-thread-1] INFO  impl.RoleInfo (RoleInfo.java:updateAndGet(143)) - 1ed6dadd-b0b2-432b-85f8-e2d308be821a: start FollowerState
2019-09-25 05:54:01,639 [pool-47-thread-1] INFO  util.JmxRegister (JmxRegister.java:tryRegister(44)) - Successfully registered JMX Bean with object name Ratis:service=RaftServer,group=group-E6C28CF4DABC,id=1ed6dadd-b0b2-432b-85f8-e2d308be821a
2019-09-25 05:54:01,645 [RatisPipelineUtilsThread] INFO  pipeline.PipelineStateManager (PipelineStateManager.java:addPipeline(56)) - Created pipeline Pipeline[ Id: 6e9f431d-7db7-4e52-b93e-e6c28cf4dabc, Nodes: 1ed6dadd-b0b2-432b-85f8-e2d308be821a{ip: 192.168.164.207, host: pr-hdds-1569-s44lr-3492059363, networkLocation: /default-rack, certSerialId: null}, Type:RATIS, Factor:ONE, State:OPEN]
2019-09-25 05:54:01,646 [RatisPipelineUtilsThread] INFO  pipeline.PipelinePlacementPolicy (PipelinePlacementPolicy.java:meetCriteria(91)) - Pipeline Placement: can't place more pipeline on heavy datanode： 03645d2f-1e20-4e0d-8661-d0c7ee952eef Heaviness: 6 limit: 5
2019-09-25 05:54:01,646 [RatisPipelineUtilsThread] INFO  pipeline.PipelinePlacementPolicy (PipelinePlacementPolicy.java:meetCriteria(91)) - Pipeline Placement: can't place more pipeline on heavy datanode： 40dcd630-ad01-41c1-945d-8b29a9b08b55 Heaviness: 6 limit: 5
2019-09-25 05:54:01,646 [RatisPipelineUtilsThread] INFO  pipeline.PipelinePlacementPolicy (PipelinePlacementPolicy.java:meetCriteria(91)) - Pipeline Placement: can't place more pipeline on heavy datanode： 1ed6dadd-b0b2-432b-85f8-e2d308be821a Heaviness: 6 limit: 5
2019-09-25 05:54:01,656 [grpc-default-executor-0] INFO  impl.RaftServerProxy (RaftServerProxy.java:addNew(89)) - 511ff9a4-402a-459c-948c-b9450b1400e6: addNew group-5D3ADDB67A5E:[511ff9a4-402a-459c-948c-b9450b1400e6:192.168.164.207:38058] returns group-5D3ADDB67A5E:java.util.concurrent.CompletableFuture@7fa966b9[Not completed]
2019-09-25 05:54:01,657 [pool-57-thread-1] INFO  impl.RaftServerImpl (RaftServerImpl.java:<init>(95)) - 511ff9a4-402a-459c-948c-b9450b1400e6: new RaftServerImpl for group-5D3ADDB67A5E:[511ff9a4-402a-459c-948c-b9450b1400e6:192.168.164.207:38058] with ContainerStateMachine:uninitialized
2019-09-25 05:54:01,657 [pool-57-thread-1] INFO  server.RaftServerConfigKeys (ConfUtils.java:logGet(43)) - raft.server.rpc.timeout.min = 5s (custom)
2019-09-25 05:54:01,657 [pool-57-thread-1] INFO  server.RaftServerConfigKeys (ConfUtils.java:logGet(43)) - raft.server.rpc.timeout.max = 5200ms (custom)
2019-09-25 05:54:01,657 [pool-57-thread-1] INFO  server.RaftServerConfigKeys (ConfUtils.java:logGet(43)) - raft.server.rpcslowness.timeout = 120s (custom)
2019-09-25 05:54:01,657 [pool-57-thread-1] INFO  server.RaftServerConfigKeys (ConfUtils.java:logGet(43)) - raft.server.sleep.deviation.threshold = 300 (default)
2019-09-25 05:54:01,657 [pool-57-thread-1] INFO  server.RaftServerConfigKeys (ConfUtils.java:logGet(43)) - raft.server.log.appender.install.snapshot.enabled = false (custom)
2019-09-25 05:54:01,658 [pool-57-thread-1] INFO  impl.RaftServerImpl (ServerState.java:<init>(103)) - 511ff9a4-402a-459c-948c-b9450b1400e6@group-5D3ADDB67A5E: ConfigurationManager, init=-1: [511ff9a4-402a-459c-948c-b9450b1400e6:192.168.164.207:38058], old=null, confs=<EMPTY_MAP>
2019-09-25 05:54:01,658 [pool-57-thread-1] INFO  server.RaftServerConfigKeys (ConfUtils.java:logGet(43)) - raft.server.storage.dir = [/workdir/hadoop-ozone/integration-test/target/test-dir/MiniOzoneClusterImpl-4a157921-bac8-4948-8ccf-f55fe74fd98a/datanode-3/data/ratis] (custom)
2019-09-25 05:54:01,658 [pool-57-thread-1] INFO  storage.RaftStorageDirectory (RaftStorageDirectory.java:analyzeStorage(246)) - The storage directory /workdir/hadoop-ozone/integration-test/target/test-dir/MiniOzoneClusterImpl-4a157921-bac8-4948-8ccf-f55fe74fd98a/datanode-3/data/ratis/fc6e803a-b73c-4440-bb2f-5d3addb67a5e does not exist. Creating ...
2019-09-25 05:54:01,680 [pool-57-thread-1] INFO  storage.RaftStorageDirectory (RaftStorageDirectory.java:tryLock(328)) - Lock on /workdir/hadoop-ozone/integration-test/target/test-dir/MiniOzoneClusterImpl-4a157921-bac8-4948-8ccf-f55fe74fd98a/datanode-3/data/ratis/fc6e803a-b73c-4440-bb2f-5d3addb67a5e/in_use.lock acquired by nodename 10436@pr-hdds-1569-s44lr-3492059363
2019-09-25 05:54:01,693 [pool-57-thread-1] INFO  storage.RaftStorage (RaftStorage.java:format(72)) - Storage directory /workdir/hadoop-ozone/integration-test/target/test-dir/MiniOzoneClusterImpl-4a157921-bac8-4948-8ccf-f55fe74fd98a/datanode-3/data/ratis/fc6e803a-b73c-4440-bb2f-5d3addb67a5e has been successfully formatted.
2019-09-25 05:54:01,693 [pool-57-thread-1] INFO  ratis.ContainerStateMachine (ContainerStateMachine.java:loadSnapshot(230)) - group-5D3ADDB67A5E: The snapshot info is null. Setting the last applied indexto:(t:0, i:~)
2019-09-25 05:54:01,693 [pool-57-thread-1] INFO  server.RaftServerConfigKeys (ConfUtils.java:logGet(43)) - raft.server.notification.no-leader.timeout = 120s (custom)
2019-09-25 05:54:01,693 [pool-57-thread-1] INFO  server.RaftServerConfigKeys (ConfUtils.java:logGet(43)) - raft.server.log.use.memory = false (default)
2019-09-25 05:54:01,693 [pool-57-thread-1] INFO  server.RaftServerConfigKeys (ConfUtils.java:logGet(43)) - raft.server.log.purge.gap = 1000000 (custom)
2019-09-25 05:54:01,693 [pool-57-thread-1] INFO  server.RaftServerConfigKeys (ConfUtils.java:logGet(43)) - raft.server.log.appender.buffer.byte-limit = 33554432 (custom)
2019-09-25 05:54:01,694 [pool-57-thread-1] INFO  server.RaftServerConfigKeys (ConfUtils.java:logGet(43)) - raft.server.log.segment.size.max = 1048576 (custom)
2019-09-25 05:54:01,694 [pool-57-thread-1] INFO  server.RaftServerConfigKeys (ConfUtils.java:logGet(43)) - raft.server.log.segment.cache.num.max = 2 (custom)
2019-09-25 05:54:01,694 [pool-57-thread-1] INFO  segmented.SegmentedRaftLogWorker (SegmentedRaftLogWorker.java:<init>(172)) - new 511ff9a4-402a-459c-948c-b9450b1400e6@group-5D3ADDB67A5E-SegmentedRaftLogWorker for RaftStorage:Storage Directory /workdir/hadoop-ozone/integration-test/target/test-dir/MiniOzoneClusterImpl-4a157921-bac8-4948-8ccf-f55fe74fd98a/datanode-3/data/ratis/fc6e803a-b73c-4440-bb2f-5d3addb67a5e
2019-09-25 05:54:01,694 [pool-57-thread-1] INFO  server.RaftServerConfigKeys (ConfUtils.java:logGet(43)) - raft.server.log.queue.byte-limit = 2147483647 (custom)
2019-09-25 05:54:01,694 [pool-57-thread-1] INFO  server.RaftServerConfigKeys (ConfUtils.java:logGet(43)) - raft.server.log.queue.element-limit = 1024 (custom)
2019-09-25 05:54:01,694 [pool-57-thread-1] INFO  server.RaftServerConfigKeys (ConfUtils.java:logGet(43)) - raft.server.log.segment.size.max = 1048576 (custom)
2019-09-25 05:54:01,694 [pool-57-thread-1] INFO  server.RaftServerConfigKeys (ConfUtils.java:logGet(43)) - raft.server.log.preallocated.size = 16384 (custom)
2019-09-25 05:54:01,694 [pool-57-thread-1] INFO  server.RaftServerConfigKeys (ConfUtils.java:logGet(43)) - raft.server.log.write.buffer.size = 33554432 (custom)
2019-09-25 05:54:01,694 [pool-57-thread-1] INFO  server.RaftServerConfigKeys (ConfUtils.java:logGet(43)) - raft.server.log.force.sync.num = 128 (default)
2019-09-25 05:54:01,695 [pool-57-thread-1] INFO  server.RaftServerConfigKeys (ConfUtils.java:logGet(43)) - raft.server.log.statemachine.data.sync = true (default)
2019-09-25 05:54:01,695 [pool-57-thread-1] INFO  server.RaftServerConfigKeys (ConfUtils.java:logGet(43)) - raft.server.log.statemachine.data.sync.timeout = 10s (default)
2019-09-25 05:54:01,695 [pool-57-thread-1] INFO  server.RaftServerConfigKeys (ConfUtils.java:logGet(43)) - raft.server.log.statemachine.data.sync.timeout.retry = -1 (default)
2019-09-25 05:54:01,695 [pool-57-thread-1] INFO  server.RaftServerConfigKeys (ConfUtils.java:logGet(43)) - raft.server.log.statemachine.data.caching.enabled = true (custom)
2019-09-25 05:54:01,695 [pool-57-thread-1] INFO  segmented.SegmentedRaftLogWorker (SegmentedRaftLogWorker.java:lambda$new$0(132)) - 511ff9a4-402a-459c-948c-b9450b1400e6@group-5D3ADDB67A5E-SegmentedRaftLogWorker: flushIndex: setUnconditionally 0 -> -1
2019-09-25 05:54:01,702 [pool-57-thread-1] INFO  server.RaftServerConfigKeys (ConfUtils.java:logGet(43)) - raft.server.snapshot.auto.trigger.enabled = true (custom)
2019-09-25 05:54:01,702 [pool-57-thread-1] INFO  server.RaftServerConfigKeys (ConfUtils.java:logGet(43)) - raft.server.snapshot.auto.trigger.threshold = 10000 (custom)
2019-09-25 05:54:01,702 [pool-57-thread-1] INFO  server.RaftServerConfigKeys (ConfUtils.java:logGet(43)) - raft.server.snapshot.retention.num.files = 5 (custom)
2019-09-25 05:54:01,702 [pool-57-thread-1] INFO  server.RaftServerConfigKeys (ConfUtils.java:logGet(43)) - raft.server.retrycache.expirytime = 600000ms (custom)
2019-09-25 05:54:01,705 [pool-57-thread-1] INFO  impl.RaftServerImpl (RaftServerImpl.java:start(185)) - 511ff9a4-402a-459c-948c-b9450b1400e6@group-5D3ADDB67A5E: start as a follower, conf=-1: [511ff9a4-402a-459c-948c-b9450b1400e6:192.168.164.207:38058], old=null
2019-09-25 05:54:01,705 [pool-57-thread-1] INFO  impl.RaftServerImpl (RaftServerImpl.java:setRole(174)) - 511ff9a4-402a-459c-948c-b9450b1400e6@group-5D3ADDB67A5E: changes role from      null to FOLLOWER at term 0 for startAsFollower
2019-09-25 05:54:01,705 [pool-57-thread-1] INFO  impl.RoleInfo (RoleInfo.java:updateAndGet(143)) - 511ff9a4-402a-459c-948c-b9450b1400e6: start FollowerState
2019-09-25 05:54:01,705 [pool-57-thread-1] INFO  util.JmxRegister (JmxRegister.java:tryRegister(44)) - Successfully registered JMX Bean with object name Ratis:service=RaftServer,group=group-5D3ADDB67A5E,id=511ff9a4-402a-459c-948c-b9450b1400e6
2019-09-25 05:54:01,710 [RatisPipelineUtilsThread] INFO  pipeline.PipelineStateManager (PipelineStateManager.java:addPipeline(56)) - Created pipeline Pipeline[ Id: fc6e803a-b73c-4440-bb2f-5d3addb67a5e, Nodes: 511ff9a4-402a-459c-948c-b9450b1400e6{ip: 192.168.164.207, host: pr-hdds-1569-s44lr-3492059363, networkLocation: /default-rack, certSerialId: null}, Type:RATIS, Factor:ONE, State:OPEN]
2019-09-25 05:54:01,710 [RatisPipelineUtilsThread] INFO  pipeline.PipelinePlacementPolicy (PipelinePlacementPolicy.java:meetCriteria(91)) - Pipeline Placement: can't place more pipeline on heavy datanode： 511ff9a4-402a-459c-948c-b9450b1400e6 Heaviness: 6 limit: 5
2019-09-25 05:54:01,710 [RatisPipelineUtilsThread] INFO  pipeline.PipelinePlacementPolicy (PipelinePlacementPolicy.java:meetCriteria(91)) - Pipeline Placement: can't place more pipeline on heavy datanode： 03645d2f-1e20-4e0d-8661-d0c7ee952eef Heaviness: 6 limit: 5
2019-09-25 05:54:01,711 [RatisPipelineUtilsThread] INFO  pipeline.PipelinePlacementPolicy (PipelinePlacementPolicy.java:meetCriteria(91)) - Pipeline Placement: can't place more pipeline on heavy datanode： 40dcd630-ad01-41c1-945d-8b29a9b08b55 Heaviness: 6 limit: 5
2019-09-25 05:54:01,711 [RatisPipelineUtilsThread] INFO  pipeline.PipelinePlacementPolicy (PipelinePlacementPolicy.java:meetCriteria(91)) - Pipeline Placement: can't place more pipeline on heavy datanode： 1ed6dadd-b0b2-432b-85f8-e2d308be821a Heaviness: 6 limit: 5
2019-09-25 05:54:01,721 [grpc-default-executor-0] INFO  impl.RaftServerProxy (RaftServerProxy.java:addNew(89)) - bb2366d0-9f8a-4c88-bd20-7ec32ce3238d: addNew group-ECC9932C94A4:[bb2366d0-9f8a-4c88-bd20-7ec32ce3238d:192.168.164.207:44123] returns group-ECC9932C94A4:java.util.concurrent.CompletableFuture@3b0f6eee[Not completed]
2019-09-25 05:54:01,722 [pool-67-thread-1] INFO  impl.RaftServerImpl (RaftServerImpl.java:<init>(95)) - bb2366d0-9f8a-4c88-bd20-7ec32ce3238d: new RaftServerImpl for group-ECC9932C94A4:[bb2366d0-9f8a-4c88-bd20-7ec32ce3238d:192.168.164.207:44123] with ContainerStateMachine:uninitialized
2019-09-25 05:54:01,722 [pool-67-thread-1] INFO  server.RaftServerConfigKeys (ConfUtils.java:logGet(43)) - raft.server.rpc.timeout.min = 5s (custom)
2019-09-25 05:54:01,722 [pool-67-thread-1] INFO  server.RaftServerConfigKeys (ConfUtils.java:logGet(43)) - raft.server.rpc.timeout.max = 5200ms (custom)
2019-09-25 05:54:01,722 [pool-67-thread-1] INFO  server.RaftServerConfigKeys (ConfUtils.java:logGet(43)) - raft.server.rpcslowness.timeout = 120s (custom)
2019-09-25 05:54:01,723 [pool-67-thread-1] INFO  server.RaftServerConfigKeys (ConfUtils.java:logGet(43)) - raft.server.sleep.deviation.threshold = 300 (default)
2019-09-25 05:54:01,723 [pool-67-thread-1] INFO  server.RaftServerConfigKeys (ConfUtils.java:logGet(43)) - raft.server.log.appender.install.snapshot.enabled = false (custom)
2019-09-25 05:54:01,723 [pool-67-thread-1] INFO  impl.RaftServerImpl (ServerState.java:<init>(103)) - bb2366d0-9f8a-4c88-bd20-7ec32ce3238d@group-ECC9932C94A4: ConfigurationManager, init=-1: [bb2366d0-9f8a-4c88-bd20-7ec32ce3238d:192.168.164.207:44123], old=null, confs=<EMPTY_MAP>
2019-09-25 05:54:01,723 [pool-67-thread-1] INFO  server.RaftServerConfigKeys (ConfUtils.java:logGet(43)) - raft.server.storage.dir = [/workdir/hadoop-ozone/integration-test/target/test-dir/MiniOzoneClusterImpl-4a157921-bac8-4948-8ccf-f55fe74fd98a/datanode-4/data/ratis] (custom)
2019-09-25 05:54:01,723 [pool-67-thread-1] INFO  storage.RaftStorageDirectory (RaftStorageDirectory.java:analyzeStorage(246)) - The storage directory /workdir/hadoop-ozone/integration-test/target/test-dir/MiniOzoneClusterImpl-4a157921-bac8-4948-8ccf-f55fe74fd98a/datanode-4/data/ratis/dd7b338f-4153-4cd7-9bf7-ecc9932c94a4 does not exist. Creating ...
2019-09-25 05:54:01,736 [pool-67-thread-1] INFO  storage.RaftStorageDirectory (RaftStorageDirectory.java:tryLock(328)) - Lock on /workdir/hadoop-ozone/integration-test/target/test-dir/MiniOzoneClusterImpl-4a157921-bac8-4948-8ccf-f55fe74fd98a/datanode-4/data/ratis/dd7b338f-4153-4cd7-9bf7-ecc9932c94a4/in_use.lock acquired by nodename 10436@pr-hdds-1569-s44lr-3492059363
2019-09-25 05:54:01,748 [pool-67-thread-1] INFO  storage.RaftStorage (RaftStorage.java:format(72)) - Storage directory /workdir/hadoop-ozone/integration-test/target/test-dir/MiniOzoneClusterImpl-4a157921-bac8-4948-8ccf-f55fe74fd98a/datanode-4/data/ratis/dd7b338f-4153-4cd7-9bf7-ecc9932c94a4 has been successfully formatted.
2019-09-25 05:54:01,748 [pool-67-thread-1] INFO  ratis.ContainerStateMachine (ContainerStateMachine.java:loadSnapshot(230)) - group-ECC9932C94A4: The snapshot info is null. Setting the last applied indexto:(t:0, i:~)
2019-09-25 05:54:01,749 [pool-67-thread-1] INFO  server.RaftServerConfigKeys (ConfUtils.java:logGet(43)) - raft.server.notification.no-leader.timeout = 120s (custom)
2019-09-25 05:54:01,749 [pool-67-thread-1] INFO  server.RaftServerConfigKeys (ConfUtils.java:logGet(43)) - raft.server.log.use.memory = false (default)
2019-09-25 05:54:01,749 [pool-67-thread-1] INFO  server.RaftServerConfigKeys (ConfUtils.java:logGet(43)) - raft.server.log.purge.gap = 1000000 (custom)
2019-09-25 05:54:01,749 [pool-67-thread-1] INFO  server.RaftServerConfigKeys (ConfUtils.java:logGet(43)) - raft.server.log.appender.buffer.byte-limit = 33554432 (custom)
2019-09-25 05:54:01,749 [pool-67-thread-1] INFO  server.RaftServerConfigKeys (ConfUtils.java:logGet(43)) - raft.server.log.segment.size.max = 1048576 (custom)
2019-09-25 05:54:01,749 [pool-67-thread-1] INFO  server.RaftServerConfigKeys (ConfUtils.java:logGet(43)) - raft.server.log.segment.cache.num.max = 2 (custom)
2019-09-25 05:54:01,749 [pool-67-thread-1] INFO  segmented.SegmentedRaftLogWorker (SegmentedRaftLogWorker.java:<init>(172)) - new bb2366d0-9f8a-4c88-bd20-7ec32ce3238d@group-ECC9932C94A4-SegmentedRaftLogWorker for RaftStorage:Storage Directory /workdir/hadoop-ozone/integration-test/target/test-dir/MiniOzoneClusterImpl-4a157921-bac8-4948-8ccf-f55fe74fd98a/datanode-4/data/ratis/dd7b338f-4153-4cd7-9bf7-ecc9932c94a4
2019-09-25 05:54:01,749 [pool-67-thread-1] INFO  server.RaftServerConfigKeys (ConfUtils.java:logGet(43)) - raft.server.log.queue.byte-limit = 2147483647 (custom)
2019-09-25 05:54:01,749 [pool-67-thread-1] INFO  server.RaftServerConfigKeys (ConfUtils.java:logGet(43)) - raft.server.log.queue.element-limit = 1024 (custom)
2019-09-25 05:54:01,749 [pool-67-thread-1] INFO  server.RaftServerConfigKeys (ConfUtils.java:logGet(43)) - raft.server.log.segment.size.max = 1048576 (custom)
2019-09-25 05:54:01,750 [pool-67-thread-1] INFO  server.RaftServerConfigKeys (ConfUtils.java:logGet(43)) - raft.server.log.preallocated.size = 16384 (custom)
2019-09-25 05:54:01,750 [pool-67-thread-1] INFO  server.RaftServerConfigKeys (ConfUtils.java:logGet(43)) - raft.server.log.write.buffer.size = 33554432 (custom)
2019-09-25 05:54:01,750 [pool-67-thread-1] INFO  server.RaftServerConfigKeys (ConfUtils.java:logGet(43)) - raft.server.log.force.sync.num = 128 (default)
2019-09-25 05:54:01,750 [pool-67-thread-1] INFO  server.RaftServerConfigKeys (ConfUtils.java:logGet(43)) - raft.server.log.statemachine.data.sync = true (default)
2019-09-25 05:54:01,750 [pool-67-thread-1] INFO  server.RaftServerConfigKeys (ConfUtils.java:logGet(43)) - raft.server.log.statemachine.data.sync.timeout = 10s (default)
2019-09-25 05:54:01,750 [pool-67-thread-1] INFO  server.RaftServerConfigKeys (ConfUtils.java:logGet(43)) - raft.server.log.statemachine.data.sync.timeout.retry = -1 (default)
2019-09-25 05:54:01,750 [pool-67-thread-1] INFO  server.RaftServerConfigKeys (ConfUtils.java:logGet(43)) - raft.server.log.statemachine.data.caching.enabled = true (custom)
2019-09-25 05:54:01,750 [pool-67-thread-1] INFO  segmented.SegmentedRaftLogWorker (SegmentedRaftLogWorker.java:lambda$new$0(132)) - bb2366d0-9f8a-4c88-bd20-7ec32ce3238d@group-ECC9932C94A4-SegmentedRaftLogWorker: flushIndex: setUnconditionally 0 -> -1
2019-09-25 05:54:01,870 [pool-67-thread-1] INFO  server.RaftServerConfigKeys (ConfUtils.java:logGet(43)) - raft.server.snapshot.auto.trigger.enabled = true (custom)
2019-09-25 05:54:01,870 [pool-67-thread-1] INFO  server.RaftServerConfigKeys (ConfUtils.java:logGet(43)) - raft.server.snapshot.auto.trigger.threshold = 10000 (custom)
2019-09-25 05:54:01,870 [pool-67-thread-1] INFO  server.RaftServerConfigKeys (ConfUtils.java:logGet(43)) - raft.server.snapshot.retention.num.files = 5 (custom)
2019-09-25 05:54:01,870 [pool-67-thread-1] INFO  server.RaftServerConfigKeys (ConfUtils.java:logGet(43)) - raft.server.retrycache.expirytime = 600000ms (custom)
2019-09-25 05:54:01,873 [pool-67-thread-1] INFO  impl.RaftServerImpl (RaftServerImpl.java:start(185)) - bb2366d0-9f8a-4c88-bd20-7ec32ce3238d@group-ECC9932C94A4: start as a follower, conf=-1: [bb2366d0-9f8a-4c88-bd20-7ec32ce3238d:192.168.164.207:44123], old=null
2019-09-25 05:54:01,873 [pool-67-thread-1] INFO  impl.RaftServerImpl (RaftServerImpl.java:setRole(174)) - bb2366d0-9f8a-4c88-bd20-7ec32ce3238d@group-ECC9932C94A4: changes role from      null to FOLLOWER at term 0 for startAsFollower
2019-09-25 05:54:01,873 [pool-67-thread-1] INFO  impl.RoleInfo (RoleInfo.java:updateAndGet(143)) - bb2366d0-9f8a-4c88-bd20-7ec32ce3238d: start FollowerState
2019-09-25 05:54:01,873 [pool-67-thread-1] INFO  util.JmxRegister (JmxRegister.java:tryRegister(44)) - Successfully registered JMX Bean with object name Ratis:service=RaftServer,group=group-ECC9932C94A4,id=bb2366d0-9f8a-4c88-bd20-7ec32ce3238d
2019-09-25 05:54:01,879 [RatisPipelineUtilsThread] INFO  pipeline.PipelineStateManager (PipelineStateManager.java:addPipeline(56)) - Created pipeline Pipeline[ Id: dd7b338f-4153-4cd7-9bf7-ecc9932c94a4, Nodes: bb2366d0-9f8a-4c88-bd20-7ec32ce3238d{ip: 192.168.164.207, host: pr-hdds-1569-s44lr-3492059363, networkLocation: /default-rack, certSerialId: null}, Type:RATIS, Factor:ONE, State:OPEN]
2019-09-25 05:54:01,880 [RatisPipelineUtilsThread] INFO  pipeline.PipelinePlacementPolicy (PipelinePlacementPolicy.java:meetCriteria(91)) - Pipeline Placement: can't place more pipeline on heavy datanode： 511ff9a4-402a-459c-948c-b9450b1400e6 Heaviness: 6 limit: 5
2019-09-25 05:54:01,880 [RatisPipelineUtilsThread] INFO  pipeline.PipelinePlacementPolicy (PipelinePlacementPolicy.java:meetCriteria(91)) - Pipeline Placement: can't place more pipeline on heavy datanode： 03645d2f-1e20-4e0d-8661-d0c7ee952eef Heaviness: 6 limit: 5
2019-09-25 05:54:01,880 [RatisPipelineUtilsThread] INFO  pipeline.PipelinePlacementPolicy (PipelinePlacementPolicy.java:meetCriteria(91)) - Pipeline Placement: can't place more pipeline on heavy datanode： 40dcd630-ad01-41c1-945d-8b29a9b08b55 Heaviness: 6 limit: 5
2019-09-25 05:54:01,880 [RatisPipelineUtilsThread] INFO  pipeline.PipelinePlacementPolicy (PipelinePlacementPolicy.java:meetCriteria(91)) - Pipeline Placement: can't place more pipeline on heavy datanode： 1ed6dadd-b0b2-432b-85f8-e2d308be821a Heaviness: 6 limit: 5
2019-09-25 05:54:01,892 [grpc-default-executor-0] INFO  impl.RaftServerProxy (RaftServerProxy.java:addNew(89)) - bb2366d0-9f8a-4c88-bd20-7ec32ce3238d: addNew group-434EE280DC5C:[bb2366d0-9f8a-4c88-bd20-7ec32ce3238d:192.168.164.207:44123] returns group-434EE280DC5C:java.util.concurrent.CompletableFuture@e751995[Not completed]
2019-09-25 05:54:01,894 [pool-67-thread-1] INFO  impl.RaftServerImpl (RaftServerImpl.java:<init>(95)) - bb2366d0-9f8a-4c88-bd20-7ec32ce3238d: new RaftServerImpl for group-434EE280DC5C:[bb2366d0-9f8a-4c88-bd20-7ec32ce3238d:192.168.164.207:44123] with ContainerStateMachine:uninitialized
2019-09-25 05:54:01,894 [pool-67-thread-1] INFO  server.RaftServerConfigKeys (ConfUtils.java:logGet(43)) - raft.server.rpc.timeout.min = 5s (custom)
2019-09-25 05:54:01,894 [pool-67-thread-1] INFO  server.RaftServerConfigKeys (ConfUtils.java:logGet(43)) - raft.server.rpc.timeout.max = 5200ms (custom)
2019-09-25 05:54:01,894 [pool-67-thread-1] INFO  server.RaftServerConfigKeys (ConfUtils.java:logGet(43)) - raft.server.rpcslowness.timeout = 120s (custom)
2019-09-25 05:54:01,894 [pool-67-thread-1] INFO  server.RaftServerConfigKeys (ConfUtils.java:logGet(43)) - raft.server.sleep.deviation.threshold = 300 (default)
2019-09-25 05:54:01,894 [pool-67-thread-1] INFO  server.RaftServerConfigKeys (ConfUtils.java:logGet(43)) - raft.server.log.appender.install.snapshot.enabled = false (custom)
2019-09-25 05:54:01,894 [pool-67-thread-1] INFO  impl.RaftServerImpl (ServerState.java:<init>(103)) - bb2366d0-9f8a-4c88-bd20-7ec32ce3238d@group-434EE280DC5C: ConfigurationManager, init=-1: [bb2366d0-9f8a-4c88-bd20-7ec32ce3238d:192.168.164.207:44123], old=null, confs=<EMPTY_MAP>
2019-09-25 05:54:01,894 [pool-67-thread-1] INFO  server.RaftServerConfigKeys (ConfUtils.java:logGet(43)) - raft.server.storage.dir = [/workdir/hadoop-ozone/integration-test/target/test-dir/MiniOzoneClusterImpl-4a157921-bac8-4948-8ccf-f55fe74fd98a/datanode-4/data/ratis] (custom)
2019-09-25 05:54:01,895 [pool-67-thread-1] INFO  storage.RaftStorageDirectory (RaftStorageDirectory.java:analyzeStorage(246)) - The storage directory /workdir/hadoop-ozone/integration-test/target/test-dir/MiniOzoneClusterImpl-4a157921-bac8-4948-8ccf-f55fe74fd98a/datanode-4/data/ratis/7cfad379-39e1-4ef1-a196-434ee280dc5c does not exist. Creating ...
2019-09-25 05:54:01,907 [pool-67-thread-1] INFO  storage.RaftStorageDirectory (RaftStorageDirectory.java:tryLock(328)) - Lock on /workdir/hadoop-ozone/integration-test/target/test-dir/MiniOzoneClusterImpl-4a157921-bac8-4948-8ccf-f55fe74fd98a/datanode-4/data/ratis/7cfad379-39e1-4ef1-a196-434ee280dc5c/in_use.lock acquired by nodename 10436@pr-hdds-1569-s44lr-3492059363
2019-09-25 05:54:01,925 [pool-67-thread-1] INFO  storage.RaftStorage (RaftStorage.java:format(72)) - Storage directory /workdir/hadoop-ozone/integration-test/target/test-dir/MiniOzoneClusterImpl-4a157921-bac8-4948-8ccf-f55fe74fd98a/datanode-4/data/ratis/7cfad379-39e1-4ef1-a196-434ee280dc5c has been successfully formatted.
2019-09-25 05:54:01,925 [pool-67-thread-1] INFO  ratis.ContainerStateMachine (ContainerStateMachine.java:loadSnapshot(230)) - group-434EE280DC5C: The snapshot info is null. Setting the last applied indexto:(t:0, i:~)
2019-09-25 05:54:01,926 [pool-67-thread-1] INFO  server.RaftServerConfigKeys (ConfUtils.java:logGet(43)) - raft.server.notification.no-leader.timeout = 120s (custom)
2019-09-25 05:54:01,926 [pool-67-thread-1] INFO  server.RaftServerConfigKeys (ConfUtils.java:logGet(43)) - raft.server.log.use.memory = false (default)
2019-09-25 05:54:01,926 [pool-67-thread-1] INFO  server.RaftServerConfigKeys (ConfUtils.java:logGet(43)) - raft.server.log.purge.gap = 1000000 (custom)
2019-09-25 05:54:01,926 [pool-67-thread-1] INFO  server.RaftServerConfigKeys (ConfUtils.java:logGet(43)) - raft.server.log.appender.buffer.byte-limit = 33554432 (custom)
2019-09-25 05:54:01,926 [pool-67-thread-1] INFO  server.RaftServerConfigKeys (ConfUtils.java:logGet(43)) - raft.server.log.segment.size.max = 1048576 (custom)
2019-09-25 05:54:01,926 [pool-67-thread-1] INFO  server.RaftServerConfigKeys (ConfUtils.java:logGet(43)) - raft.server.log.segment.cache.num.max = 2 (custom)
2019-09-25 05:54:01,926 [pool-67-thread-1] INFO  segmented.SegmentedRaftLogWorker (SegmentedRaftLogWorker.java:<init>(172)) - new bb2366d0-9f8a-4c88-bd20-7ec32ce3238d@group-434EE280DC5C-SegmentedRaftLogWorker for RaftStorage:Storage Directory /workdir/hadoop-ozone/integration-test/target/test-dir/MiniOzoneClusterImpl-4a157921-bac8-4948-8ccf-f55fe74fd98a/datanode-4/data/ratis/7cfad379-39e1-4ef1-a196-434ee280dc5c
2019-09-25 05:54:01,926 [pool-67-thread-1] INFO  server.RaftServerConfigKeys (ConfUtils.java:logGet(43)) - raft.server.log.queue.byte-limit = 2147483647 (custom)
2019-09-25 05:54:01,926 [pool-67-thread-1] INFO  server.RaftServerConfigKeys (ConfUtils.java:logGet(43)) - raft.server.log.queue.element-limit = 1024 (custom)
2019-09-25 05:54:01,926 [pool-67-thread-1] INFO  server.RaftServerConfigKeys (ConfUtils.java:logGet(43)) - raft.server.log.segment.size.max = 1048576 (custom)
2019-09-25 05:54:01,927 [pool-67-thread-1] INFO  server.RaftServerConfigKeys (ConfUtils.java:logGet(43)) - raft.server.log.preallocated.size = 16384 (custom)
2019-09-25 05:54:01,927 [pool-67-thread-1] INFO  server.RaftServerConfigKeys (ConfUtils.java:logGet(43)) - raft.server.log.write.buffer.size = 33554432 (custom)
2019-09-25 05:54:01,927 [pool-67-thread-1] INFO  server.RaftServerConfigKeys (ConfUtils.java:logGet(43)) - raft.server.log.force.sync.num = 128 (default)
2019-09-25 05:54:01,927 [pool-67-thread-1] INFO  server.RaftServerConfigKeys (ConfUtils.java:logGet(43)) - raft.server.log.statemachine.data.sync = true (default)
2019-09-25 05:54:01,927 [pool-67-thread-1] INFO  server.RaftServerConfigKeys (ConfUtils.java:logGet(43)) - raft.server.log.statemachine.data.sync.timeout = 10s (default)
2019-09-25 05:54:01,927 [pool-67-thread-1] INFO  server.RaftServerConfigKeys (ConfUtils.java:logGet(43)) - raft.server.log.statemachine.data.sync.timeout.retry = -1 (default)
2019-09-25 05:54:01,927 [pool-67-thread-1] INFO  server.RaftServerConfigKeys (ConfUtils.java:logGet(43)) - raft.server.log.statemachine.data.caching.enabled = true (custom)
2019-09-25 05:54:01,928 [pool-67-thread-1] INFO  segmented.SegmentedRaftLogWorker (SegmentedRaftLogWorker.java:lambda$new$0(132)) - bb2366d0-9f8a-4c88-bd20-7ec32ce3238d@group-434EE280DC5C-SegmentedRaftLogWorker: flushIndex: setUnconditionally 0 -> -1
2019-09-25 05:54:01,928 [pool-67-thread-1] INFO  server.RaftServerConfigKeys (ConfUtils.java:logGet(43)) - raft.server.snapshot.auto.trigger.enabled = true (custom)
2019-09-25 05:54:01,928 [pool-67-thread-1] INFO  server.RaftServerConfigKeys (ConfUtils.java:logGet(43)) - raft.server.snapshot.auto.trigger.threshold = 10000 (custom)
2019-09-25 05:54:01,928 [pool-67-thread-1] INFO  server.RaftServerConfigKeys (ConfUtils.java:logGet(43)) - raft.server.snapshot.retention.num.files = 5 (custom)
2019-09-25 05:54:01,928 [pool-67-thread-1] INFO  server.RaftServerConfigKeys (ConfUtils.java:logGet(43)) - raft.server.retrycache.expirytime = 600000ms (custom)
2019-09-25 05:54:01,930 [pool-67-thread-1] INFO  impl.RaftServerImpl (RaftServerImpl.java:start(185)) - bb2366d0-9f8a-4c88-bd20-7ec32ce3238d@group-434EE280DC5C: start as a follower, conf=-1: [bb2366d0-9f8a-4c88-bd20-7ec32ce3238d:192.168.164.207:44123], old=null
2019-09-25 05:54:01,930 [pool-67-thread-1] INFO  impl.RaftServerImpl (RaftServerImpl.java:setRole(174)) - bb2366d0-9f8a-4c88-bd20-7ec32ce3238d@group-434EE280DC5C: changes role from      null to FOLLOWER at term 0 for startAsFollower
2019-09-25 05:54:01,930 [pool-67-thread-1] INFO  impl.RoleInfo (RoleInfo.java:updateAndGet(143)) - bb2366d0-9f8a-4c88-bd20-7ec32ce3238d: start FollowerState
2019-09-25 05:54:01,931 [pool-67-thread-1] INFO  util.JmxRegister (JmxRegister.java:tryRegister(44)) - Successfully registered JMX Bean with object name Ratis:service=RaftServer,group=group-434EE280DC5C,id=bb2366d0-9f8a-4c88-bd20-7ec32ce3238d
2019-09-25 05:54:01,936 [RatisPipelineUtilsThread] INFO  pipeline.PipelineStateManager (PipelineStateManager.java:addPipeline(56)) - Created pipeline Pipeline[ Id: 7cfad379-39e1-4ef1-a196-434ee280dc5c, Nodes: bb2366d0-9f8a-4c88-bd20-7ec32ce3238d{ip: 192.168.164.207, host: pr-hdds-1569-s44lr-3492059363, networkLocation: /default-rack, certSerialId: null}, Type:RATIS, Factor:ONE, State:OPEN]
2019-09-25 05:54:01,936 [RatisPipelineUtilsThread] INFO  pipeline.PipelinePlacementPolicy (PipelinePlacementPolicy.java:meetCriteria(91)) - Pipeline Placement: can't place more pipeline on heavy datanode： 511ff9a4-402a-459c-948c-b9450b1400e6 Heaviness: 6 limit: 5
2019-09-25 05:54:01,936 [RatisPipelineUtilsThread] INFO  pipeline.PipelinePlacementPolicy (PipelinePlacementPolicy.java:meetCriteria(91)) - Pipeline Placement: can't place more pipeline on heavy datanode： 03645d2f-1e20-4e0d-8661-d0c7ee952eef Heaviness: 6 limit: 5
2019-09-25 05:54:01,937 [RatisPipelineUtilsThread] INFO  pipeline.PipelinePlacementPolicy (PipelinePlacementPolicy.java:meetCriteria(91)) - Pipeline Placement: can't place more pipeline on heavy datanode： 40dcd630-ad01-41c1-945d-8b29a9b08b55 Heaviness: 6 limit: 5
2019-09-25 05:54:01,937 [RatisPipelineUtilsThread] INFO  pipeline.PipelinePlacementPolicy (PipelinePlacementPolicy.java:meetCriteria(91)) - Pipeline Placement: can't place more pipeline on heavy datanode： 1ed6dadd-b0b2-432b-85f8-e2d308be821a Heaviness: 6 limit: 5
2019-09-25 05:54:01,948 [grpc-default-executor-0] INFO  impl.RaftServerProxy (RaftServerProxy.java:addNew(89)) - bb2366d0-9f8a-4c88-bd20-7ec32ce3238d: addNew group-E9A0BEDE4E9B:[bb2366d0-9f8a-4c88-bd20-7ec32ce3238d:192.168.164.207:44123] returns group-E9A0BEDE4E9B:java.util.concurrent.CompletableFuture@114060d7[Not completed]
2019-09-25 05:54:01,950 [pool-67-thread-1] INFO  impl.RaftServerImpl (RaftServerImpl.java:<init>(95)) - bb2366d0-9f8a-4c88-bd20-7ec32ce3238d: new RaftServerImpl for group-E9A0BEDE4E9B:[bb2366d0-9f8a-4c88-bd20-7ec32ce3238d:192.168.164.207:44123] with ContainerStateMachine:uninitialized
2019-09-25 05:54:01,950 [pool-67-thread-1] INFO  server.RaftServerConfigKeys (ConfUtils.java:logGet(43)) - raft.server.rpc.timeout.min = 5s (custom)
2019-09-25 05:54:01,950 [pool-67-thread-1] INFO  server.RaftServerConfigKeys (ConfUtils.java:logGet(43)) - raft.server.rpc.timeout.max = 5200ms (custom)
2019-09-25 05:54:01,950 [pool-67-thread-1] INFO  server.RaftServerConfigKeys (ConfUtils.java:logGet(43)) - raft.server.rpcslowness.timeout = 120s (custom)
2019-09-25 05:54:01,950 [pool-67-thread-1] INFO  server.RaftServerConfigKeys (ConfUtils.java:logGet(43)) - raft.server.sleep.deviation.threshold = 300 (default)
2019-09-25 05:54:01,950 [pool-67-thread-1] INFO  server.RaftServerConfigKeys (ConfUtils.java:logGet(43)) - raft.server.log.appender.install.snapshot.enabled = false (custom)
2019-09-25 05:54:01,950 [pool-67-thread-1] INFO  impl.RaftServerImpl (ServerState.java:<init>(103)) - bb2366d0-9f8a-4c88-bd20-7ec32ce3238d@group-E9A0BEDE4E9B: ConfigurationManager, init=-1: [bb2366d0-9f8a-4c88-bd20-7ec32ce3238d:192.168.164.207:44123], old=null, confs=<EMPTY_MAP>
2019-09-25 05:54:01,950 [pool-67-thread-1] INFO  server.RaftServerConfigKeys (ConfUtils.java:logGet(43)) - raft.server.storage.dir = [/workdir/hadoop-ozone/integration-test/target/test-dir/MiniOzoneClusterImpl-4a157921-bac8-4948-8ccf-f55fe74fd98a/datanode-4/data/ratis] (custom)
2019-09-25 05:54:01,951 [pool-67-thread-1] INFO  storage.RaftStorageDirectory (RaftStorageDirectory.java:analyzeStorage(246)) - The storage directory /workdir/hadoop-ozone/integration-test/target/test-dir/MiniOzoneClusterImpl-4a157921-bac8-4948-8ccf-f55fe74fd98a/datanode-4/data/ratis/79ab04b6-ec8c-4e56-a5f3-e9a0bede4e9b does not exist. Creating ...
2019-09-25 05:54:01,975 [pool-67-thread-1] INFO  storage.RaftStorageDirectory (RaftStorageDirectory.java:tryLock(328)) - Lock on /workdir/hadoop-ozone/integration-test/target/test-dir/MiniOzoneClusterImpl-4a157921-bac8-4948-8ccf-f55fe74fd98a/datanode-4/data/ratis/79ab04b6-ec8c-4e56-a5f3-e9a0bede4e9b/in_use.lock acquired by nodename 10436@pr-hdds-1569-s44lr-3492059363
2019-09-25 05:54:01,999 [pool-67-thread-1] INFO  storage.RaftStorage (RaftStorage.java:format(72)) - Storage directory /workdir/hadoop-ozone/integration-test/target/test-dir/MiniOzoneClusterImpl-4a157921-bac8-4948-8ccf-f55fe74fd98a/datanode-4/data/ratis/79ab04b6-ec8c-4e56-a5f3-e9a0bede4e9b has been successfully formatted.
2019-09-25 05:54:01,999 [pool-67-thread-1] INFO  ratis.ContainerStateMachine (ContainerStateMachine.java:loadSnapshot(230)) - group-E9A0BEDE4E9B: The snapshot info is null. Setting the last applied indexto:(t:0, i:~)
2019-09-25 05:54:02,000 [pool-67-thread-1] INFO  server.RaftServerConfigKeys (ConfUtils.java:logGet(43)) - raft.server.notification.no-leader.timeout = 120s (custom)
2019-09-25 05:54:02,000 [pool-67-thread-1] INFO  server.RaftServerConfigKeys (ConfUtils.java:logGet(43)) - raft.server.log.use.memory = false (default)
2019-09-25 05:54:02,000 [pool-67-thread-1] INFO  server.RaftServerConfigKeys (ConfUtils.java:logGet(43)) - raft.server.log.purge.gap = 1000000 (custom)
2019-09-25 05:54:02,000 [pool-67-thread-1] INFO  server.RaftServerConfigKeys (ConfUtils.java:logGet(43)) - raft.server.log.appender.buffer.byte-limit = 33554432 (custom)
2019-09-25 05:54:02,000 [pool-67-thread-1] INFO  server.RaftServerConfigKeys (ConfUtils.java:logGet(43)) - raft.server.log.segment.size.max = 1048576 (custom)
2019-09-25 05:54:02,000 [pool-67-thread-1] INFO  server.RaftServerConfigKeys (ConfUtils.java:logGet(43)) - raft.server.log.segment.cache.num.max = 2 (custom)
2019-09-25 05:54:02,001 [pool-67-thread-1] INFO  segmented.SegmentedRaftLogWorker (SegmentedRaftLogWorker.java:<init>(172)) - new bb2366d0-9f8a-4c88-bd20-7ec32ce3238d@group-E9A0BEDE4E9B-SegmentedRaftLogWorker for RaftStorage:Storage Directory /workdir/hadoop-ozone/integration-test/target/test-dir/MiniOzoneClusterImpl-4a157921-bac8-4948-8ccf-f55fe74fd98a/datanode-4/data/ratis/79ab04b6-ec8c-4e56-a5f3-e9a0bede4e9b
2019-09-25 05:54:02,001 [pool-67-thread-1] INFO  server.RaftServerConfigKeys (ConfUtils.java:logGet(43)) - raft.server.log.queue.byte-limit = 2147483647 (custom)
2019-09-25 05:54:02,001 [pool-67-thread-1] INFO  server.RaftServerConfigKeys (ConfUtils.java:logGet(43)) - raft.server.log.queue.element-limit = 1024 (custom)
2019-09-25 05:54:02,001 [pool-67-thread-1] INFO  server.RaftServerConfigKeys (ConfUtils.java:logGet(43)) - raft.server.log.segment.size.max = 1048576 (custom)
2019-09-25 05:54:02,001 [pool-67-thread-1] INFO  server.RaftServerConfigKeys (ConfUtils.java:logGet(43)) - raft.server.log.preallocated.size = 16384 (custom)
2019-09-25 05:54:02,001 [pool-67-thread-1] INFO  server.RaftServerConfigKeys (ConfUtils.java:logGet(43)) - raft.server.log.write.buffer.size = 33554432 (custom)
2019-09-25 05:54:02,001 [pool-67-thread-1] INFO  server.RaftServerConfigKeys (ConfUtils.java:logGet(43)) - raft.server.log.force.sync.num = 128 (default)
2019-09-25 05:54:02,002 [pool-67-thread-1] INFO  server.RaftServerConfigKeys (ConfUtils.java:logGet(43)) - raft.server.log.statemachine.data.sync = true (default)
2019-09-25 05:54:02,002 [pool-67-thread-1] INFO  server.RaftServerConfigKeys (ConfUtils.java:logGet(43)) - raft.server.log.statemachine.data.sync.timeout = 10s (default)
2019-09-25 05:54:02,002 [pool-67-thread-1] INFO  server.RaftServerConfigKeys (ConfUtils.java:logGet(43)) - raft.server.log.statemachine.data.sync.timeout.retry = -1 (default)
2019-09-25 05:54:02,002 [pool-67-thread-1] INFO  server.RaftServerConfigKeys (ConfUtils.java:logGet(43)) - raft.server.log.statemachine.data.caching.enabled = true (custom)
2019-09-25 05:54:02,002 [pool-67-thread-1] INFO  segmented.SegmentedRaftLogWorker (SegmentedRaftLogWorker.java:lambda$new$0(132)) - bb2366d0-9f8a-4c88-bd20-7ec32ce3238d@group-E9A0BEDE4E9B-SegmentedRaftLogWorker: flushIndex: setUnconditionally 0 -> -1
2019-09-25 05:54:02,003 [pool-67-thread-1] INFO  server.RaftServerConfigKeys (ConfUtils.java:logGet(43)) - raft.server.snapshot.auto.trigger.enabled = true (custom)
2019-09-25 05:54:02,003 [pool-67-thread-1] INFO  server.RaftServerConfigKeys (ConfUtils.java:logGet(43)) - raft.server.snapshot.auto.trigger.threshold = 10000 (custom)
2019-09-25 05:54:02,003 [pool-67-thread-1] INFO  server.RaftServerConfigKeys (ConfUtils.java:logGet(43)) - raft.server.snapshot.retention.num.files = 5 (custom)
2019-09-25 05:54:02,003 [pool-67-thread-1] INFO  server.RaftServerConfigKeys (ConfUtils.java:logGet(43)) - raft.server.retrycache.expirytime = 600000ms (custom)
2019-09-25 05:54:02,006 [pool-67-thread-1] INFO  impl.RaftServerImpl (RaftServerImpl.java:start(185)) - bb2366d0-9f8a-4c88-bd20-7ec32ce3238d@group-E9A0BEDE4E9B: start as a follower, conf=-1: [bb2366d0-9f8a-4c88-bd20-7ec32ce3238d:192.168.164.207:44123], old=null
2019-09-25 05:54:02,006 [pool-67-thread-1] INFO  impl.RaftServerImpl (RaftServerImpl.java:setRole(174)) - bb2366d0-9f8a-4c88-bd20-7ec32ce3238d@group-E9A0BEDE4E9B: changes role from      null to FOLLOWER at term 0 for startAsFollower
2019-09-25 05:54:02,006 [pool-67-thread-1] INFO  impl.RoleInfo (RoleInfo.java:updateAndGet(143)) - bb2366d0-9f8a-4c88-bd20-7ec32ce3238d: start FollowerState
2019-09-25 05:54:02,006 [pool-67-thread-1] INFO  util.JmxRegister (JmxRegister.java:tryRegister(44)) - Successfully registered JMX Bean with object name Ratis:service=RaftServer,group=group-E9A0BEDE4E9B,id=bb2366d0-9f8a-4c88-bd20-7ec32ce3238d
2019-09-25 05:54:02,012 [RatisPipelineUtilsThread] INFO  pipeline.PipelineStateManager (PipelineStateManager.java:addPipeline(56)) - Created pipeline Pipeline[ Id: 79ab04b6-ec8c-4e56-a5f3-e9a0bede4e9b, Nodes: bb2366d0-9f8a-4c88-bd20-7ec32ce3238d{ip: 192.168.164.207, host: pr-hdds-1569-s44lr-3492059363, networkLocation: /default-rack, certSerialId: null}, Type:RATIS, Factor:ONE, State:OPEN]
2019-09-25 05:54:02,012 [RatisPipelineUtilsThread] INFO  pipeline.PipelinePlacementPolicy (PipelinePlacementPolicy.java:meetCriteria(91)) - Pipeline Placement: can't place more pipeline on heavy datanode： 511ff9a4-402a-459c-948c-b9450b1400e6 Heaviness: 6 limit: 5
2019-09-25 05:54:02,012 [RatisPipelineUtilsThread] INFO  pipeline.PipelinePlacementPolicy (PipelinePlacementPolicy.java:meetCriteria(91)) - Pipeline Placement: can't place more pipeline on heavy datanode： 03645d2f-1e20-4e0d-8661-d0c7ee952eef Heaviness: 6 limit: 5
2019-09-25 05:54:02,013 [RatisPipelineUtilsThread] INFO  pipeline.PipelinePlacementPolicy (PipelinePlacementPolicy.java:meetCriteria(91)) - Pipeline Placement: can't place more pipeline on heavy datanode： 40dcd630-ad01-41c1-945d-8b29a9b08b55 Heaviness: 6 limit: 5
2019-09-25 05:54:02,013 [RatisPipelineUtilsThread] INFO  pipeline.PipelinePlacementPolicy (PipelinePlacementPolicy.java:meetCriteria(91)) - Pipeline Placement: can't place more pipeline on heavy datanode： 1ed6dadd-b0b2-432b-85f8-e2d308be821a Heaviness: 6 limit: 5
2019-09-25 05:54:02,022 [grpc-default-executor-0] INFO  impl.RaftServerProxy (RaftServerProxy.java:addNew(89)) - bb2366d0-9f8a-4c88-bd20-7ec32ce3238d: addNew group-F0408571344A:[bb2366d0-9f8a-4c88-bd20-7ec32ce3238d:192.168.164.207:44123] returns group-F0408571344A:java.util.concurrent.CompletableFuture@64372d23[Not completed]
2019-09-25 05:54:02,024 [pool-67-thread-1] INFO  impl.RaftServerImpl (RaftServerImpl.java:<init>(95)) - bb2366d0-9f8a-4c88-bd20-7ec32ce3238d: new RaftServerImpl for group-F0408571344A:[bb2366d0-9f8a-4c88-bd20-7ec32ce3238d:192.168.164.207:44123] with ContainerStateMachine:uninitialized
2019-09-25 05:54:02,024 [pool-67-thread-1] INFO  server.RaftServerConfigKeys (ConfUtils.java:logGet(43)) - raft.server.rpc.timeout.min = 5s (custom)
2019-09-25 05:54:02,024 [pool-67-thread-1] INFO  server.RaftServerConfigKeys (ConfUtils.java:logGet(43)) - raft.server.rpc.timeout.max = 5200ms (custom)
2019-09-25 05:54:02,024 [pool-67-thread-1] INFO  server.RaftServerConfigKeys (ConfUtils.java:logGet(43)) - raft.server.rpcslowness.timeout = 120s (custom)
2019-09-25 05:54:02,024 [pool-67-thread-1] INFO  server.RaftServerConfigKeys (ConfUtils.java:logGet(43)) - raft.server.sleep.deviation.threshold = 300 (default)
2019-09-25 05:54:02,024 [pool-67-thread-1] INFO  server.RaftServerConfigKeys (ConfUtils.java:logGet(43)) - raft.server.log.appender.install.snapshot.enabled = false (custom)
2019-09-25 05:54:02,024 [pool-67-thread-1] INFO  impl.RaftServerImpl (ServerState.java:<init>(103)) - bb2366d0-9f8a-4c88-bd20-7ec32ce3238d@group-F0408571344A: ConfigurationManager, init=-1: [bb2366d0-9f8a-4c88-bd20-7ec32ce3238d:192.168.164.207:44123], old=null, confs=<EMPTY_MAP>
2019-09-25 05:54:02,025 [pool-67-thread-1] INFO  server.RaftServerConfigKeys (ConfUtils.java:logGet(43)) - raft.server.storage.dir = [/workdir/hadoop-ozone/integration-test/target/test-dir/MiniOzoneClusterImpl-4a157921-bac8-4948-8ccf-f55fe74fd98a/datanode-4/data/ratis] (custom)
2019-09-25 05:54:02,025 [pool-67-thread-1] INFO  storage.RaftStorageDirectory (RaftStorageDirectory.java:analyzeStorage(246)) - The storage directory /workdir/hadoop-ozone/integration-test/target/test-dir/MiniOzoneClusterImpl-4a157921-bac8-4948-8ccf-f55fe74fd98a/datanode-4/data/ratis/7ce0acd2-72a9-457a-82cd-f0408571344a does not exist. Creating ...
2019-09-25 05:54:02,037 [pool-67-thread-1] INFO  storage.RaftStorageDirectory (RaftStorageDirectory.java:tryLock(328)) - Lock on /workdir/hadoop-ozone/integration-test/target/test-dir/MiniOzoneClusterImpl-4a157921-bac8-4948-8ccf-f55fe74fd98a/datanode-4/data/ratis/7ce0acd2-72a9-457a-82cd-f0408571344a/in_use.lock acquired by nodename 10436@pr-hdds-1569-s44lr-3492059363
2019-09-25 05:54:02,050 [pool-67-thread-1] INFO  storage.RaftStorage (RaftStorage.java:format(72)) - Storage directory /workdir/hadoop-ozone/integration-test/target/test-dir/MiniOzoneClusterImpl-4a157921-bac8-4948-8ccf-f55fe74fd98a/datanode-4/data/ratis/7ce0acd2-72a9-457a-82cd-f0408571344a has been successfully formatted.
2019-09-25 05:54:02,051 [pool-67-thread-1] INFO  ratis.ContainerStateMachine (ContainerStateMachine.java:loadSnapshot(230)) - group-F0408571344A: The snapshot info is null. Setting the last applied indexto:(t:0, i:~)
2019-09-25 05:54:02,051 [pool-67-thread-1] INFO  server.RaftServerConfigKeys (ConfUtils.java:logGet(43)) - raft.server.notification.no-leader.timeout = 120s (custom)
2019-09-25 05:54:02,051 [pool-67-thread-1] INFO  server.RaftServerConfigKeys (ConfUtils.java:logGet(43)) - raft.server.log.use.memory = false (default)
2019-09-25 05:54:02,051 [pool-67-thread-1] INFO  server.RaftServerConfigKeys (ConfUtils.java:logGet(43)) - raft.server.log.purge.gap = 1000000 (custom)
2019-09-25 05:54:02,051 [pool-67-thread-1] INFO  server.RaftServerConfigKeys (ConfUtils.java:logGet(43)) - raft.server.log.appender.buffer.byte-limit = 33554432 (custom)
2019-09-25 05:54:02,051 [pool-67-thread-1] INFO  server.RaftServerConfigKeys (ConfUtils.java:logGet(43)) - raft.server.log.segment.size.max = 1048576 (custom)
2019-09-25 05:54:02,051 [pool-67-thread-1] INFO  server.RaftServerConfigKeys (ConfUtils.java:logGet(43)) - raft.server.log.segment.cache.num.max = 2 (custom)
2019-09-25 05:54:02,052 [pool-67-thread-1] INFO  segmented.SegmentedRaftLogWorker (SegmentedRaftLogWorker.java:<init>(172)) - new bb2366d0-9f8a-4c88-bd20-7ec32ce3238d@group-F0408571344A-SegmentedRaftLogWorker for RaftStorage:Storage Directory /workdir/hadoop-ozone/integration-test/target/test-dir/MiniOzoneClusterImpl-4a157921-bac8-4948-8ccf-f55fe74fd98a/datanode-4/data/ratis/7ce0acd2-72a9-457a-82cd-f0408571344a
2019-09-25 05:54:02,052 [pool-67-thread-1] INFO  server.RaftServerConfigKeys (ConfUtils.java:logGet(43)) - raft.server.log.queue.byte-limit = 2147483647 (custom)
2019-09-25 05:54:02,052 [pool-67-thread-1] INFO  server.RaftServerConfigKeys (ConfUtils.java:logGet(43)) - raft.server.log.queue.element-limit = 1024 (custom)
2019-09-25 05:54:02,052 [pool-67-thread-1] INFO  server.RaftServerConfigKeys (ConfUtils.java:logGet(43)) - raft.server.log.segment.size.max = 1048576 (custom)
2019-09-25 05:54:02,052 [pool-67-thread-1] INFO  server.RaftServerConfigKeys (ConfUtils.java:logGet(43)) - raft.server.log.preallocated.size = 16384 (custom)
2019-09-25 05:54:02,052 [pool-67-thread-1] INFO  server.RaftServerConfigKeys (ConfUtils.java:logGet(43)) - raft.server.log.write.buffer.size = 33554432 (custom)
2019-09-25 05:54:02,052 [pool-67-thread-1] INFO  server.RaftServerConfigKeys (ConfUtils.java:logGet(43)) - raft.server.log.force.sync.num = 128 (default)
2019-09-25 05:54:02,052 [pool-67-thread-1] INFO  server.RaftServerConfigKeys (ConfUtils.java:logGet(43)) - raft.server.log.statemachine.data.sync = true (default)
2019-09-25 05:54:02,052 [pool-67-thread-1] INFO  server.RaftServerConfigKeys (ConfUtils.java:logGet(43)) - raft.server.log.statemachine.data.sync.timeout = 10s (default)
2019-09-25 05:54:02,053 [pool-67-thread-1] INFO  server.RaftServerConfigKeys (ConfUtils.java:logGet(43)) - raft.server.log.statemachine.data.sync.timeout.retry = -1 (default)
2019-09-25 05:54:02,053 [pool-67-thread-1] INFO  server.RaftServerConfigKeys (ConfUtils.java:logGet(43)) - raft.server.log.statemachine.data.caching.enabled = true (custom)
2019-09-25 05:54:02,053 [pool-67-thread-1] INFO  segmented.SegmentedRaftLogWorker (SegmentedRaftLogWorker.java:lambda$new$0(132)) - bb2366d0-9f8a-4c88-bd20-7ec32ce3238d@group-F0408571344A-SegmentedRaftLogWorker: flushIndex: setUnconditionally 0 -> -1
2019-09-25 05:54:02,053 [pool-67-thread-1] INFO  server.RaftServerConfigKeys (ConfUtils.java:logGet(43)) - raft.server.snapshot.auto.trigger.enabled = true (custom)
2019-09-25 05:54:02,053 [pool-67-thread-1] INFO  server.RaftServerConfigKeys (ConfUtils.java:logGet(43)) - raft.server.snapshot.auto.trigger.threshold = 10000 (custom)
2019-09-25 05:54:02,053 [pool-67-thread-1] INFO  server.RaftServerConfigKeys (ConfUtils.java:logGet(43)) - raft.server.snapshot.retention.num.files = 5 (custom)
2019-09-25 05:54:02,054 [pool-67-thread-1] INFO  server.RaftServerConfigKeys (ConfUtils.java:logGet(43)) - raft.server.retrycache.expirytime = 600000ms (custom)
2019-09-25 05:54:02,056 [pool-67-thread-1] INFO  impl.RaftServerImpl (RaftServerImpl.java:start(185)) - bb2366d0-9f8a-4c88-bd20-7ec32ce3238d@group-F0408571344A: start as a follower, conf=-1: [bb2366d0-9f8a-4c88-bd20-7ec32ce3238d:192.168.164.207:44123], old=null
2019-09-25 05:54:02,056 [pool-67-thread-1] INFO  impl.RaftServerImpl (RaftServerImpl.java:setRole(174)) - bb2366d0-9f8a-4c88-bd20-7ec32ce3238d@group-F0408571344A: changes role from      null to FOLLOWER at term 0 for startAsFollower
2019-09-25 05:54:02,056 [pool-67-thread-1] INFO  impl.RoleInfo (RoleInfo.java:updateAndGet(143)) - bb2366d0-9f8a-4c88-bd20-7ec32ce3238d: start FollowerState
2019-09-25 05:54:02,056 [pool-67-thread-1] INFO  util.JmxRegister (JmxRegister.java:tryRegister(44)) - Successfully registered JMX Bean with object name Ratis:service=RaftServer,group=group-F0408571344A,id=bb2366d0-9f8a-4c88-bd20-7ec32ce3238d
2019-09-25 05:54:02,061 [RatisPipelineUtilsThread] INFO  pipeline.PipelineStateManager (PipelineStateManager.java:addPipeline(56)) - Created pipeline Pipeline[ Id: 7ce0acd2-72a9-457a-82cd-f0408571344a, Nodes: bb2366d0-9f8a-4c88-bd20-7ec32ce3238d{ip: 192.168.164.207, host: pr-hdds-1569-s44lr-3492059363, networkLocation: /default-rack, certSerialId: null}, Type:RATIS, Factor:ONE, State:OPEN]
2019-09-25 05:54:02,061 [RatisPipelineUtilsThread] INFO  pipeline.PipelinePlacementPolicy (PipelinePlacementPolicy.java:meetCriteria(91)) - Pipeline Placement: can't place more pipeline on heavy datanode： 511ff9a4-402a-459c-948c-b9450b1400e6 Heaviness: 6 limit: 5
2019-09-25 05:54:02,062 [RatisPipelineUtilsThread] INFO  pipeline.PipelinePlacementPolicy (PipelinePlacementPolicy.java:meetCriteria(91)) - Pipeline Placement: can't place more pipeline on heavy datanode： 03645d2f-1e20-4e0d-8661-d0c7ee952eef Heaviness: 6 limit: 5
2019-09-25 05:54:02,062 [RatisPipelineUtilsThread] INFO  pipeline.PipelinePlacementPolicy (PipelinePlacementPolicy.java:meetCriteria(91)) - Pipeline Placement: can't place more pipeline on heavy datanode： 40dcd630-ad01-41c1-945d-8b29a9b08b55 Heaviness: 6 limit: 5
2019-09-25 05:54:02,062 [RatisPipelineUtilsThread] INFO  pipeline.PipelinePlacementPolicy (PipelinePlacementPolicy.java:meetCriteria(91)) - Pipeline Placement: can't place more pipeline on heavy datanode： 1ed6dadd-b0b2-432b-85f8-e2d308be821a Heaviness: 6 limit: 5
2019-09-25 05:54:02,072 [grpc-default-executor-0] INFO  impl.RaftServerProxy (RaftServerProxy.java:addNew(89)) - bb2366d0-9f8a-4c88-bd20-7ec32ce3238d: addNew group-17159809C494:[bb2366d0-9f8a-4c88-bd20-7ec32ce3238d:192.168.164.207:44123] returns group-17159809C494:java.util.concurrent.CompletableFuture@67eaf5d9[Not completed]
2019-09-25 05:54:02,073 [pool-67-thread-1] INFO  impl.RaftServerImpl (RaftServerImpl.java:<init>(95)) - bb2366d0-9f8a-4c88-bd20-7ec32ce3238d: new RaftServerImpl for group-17159809C494:[bb2366d0-9f8a-4c88-bd20-7ec32ce3238d:192.168.164.207:44123] with ContainerStateMachine:uninitialized
2019-09-25 05:54:02,073 [pool-67-thread-1] INFO  server.RaftServerConfigKeys (ConfUtils.java:logGet(43)) - raft.server.rpc.timeout.min = 5s (custom)
2019-09-25 05:54:02,073 [pool-67-thread-1] INFO  server.RaftServerConfigKeys (ConfUtils.java:logGet(43)) - raft.server.rpc.timeout.max = 5200ms (custom)
2019-09-25 05:54:02,073 [pool-67-thread-1] INFO  server.RaftServerConfigKeys (ConfUtils.java:logGet(43)) - raft.server.rpcslowness.timeout = 120s (custom)
2019-09-25 05:54:02,073 [pool-67-thread-1] INFO  server.RaftServerConfigKeys (ConfUtils.java:logGet(43)) - raft.server.sleep.deviation.threshold = 300 (default)
2019-09-25 05:54:02,073 [pool-67-thread-1] INFO  server.RaftServerConfigKeys (ConfUtils.java:logGet(43)) - raft.server.log.appender.install.snapshot.enabled = false (custom)
2019-09-25 05:54:02,073 [pool-67-thread-1] INFO  impl.RaftServerImpl (ServerState.java:<init>(103)) - bb2366d0-9f8a-4c88-bd20-7ec32ce3238d@group-17159809C494: ConfigurationManager, init=-1: [bb2366d0-9f8a-4c88-bd20-7ec32ce3238d:192.168.164.207:44123], old=null, confs=<EMPTY_MAP>
2019-09-25 05:54:02,074 [pool-67-thread-1] INFO  server.RaftServerConfigKeys (ConfUtils.java:logGet(43)) - raft.server.storage.dir = [/workdir/hadoop-ozone/integration-test/target/test-dir/MiniOzoneClusterImpl-4a157921-bac8-4948-8ccf-f55fe74fd98a/datanode-4/data/ratis] (custom)
2019-09-25 05:54:02,074 [pool-67-thread-1] INFO  storage.RaftStorageDirectory (RaftStorageDirectory.java:analyzeStorage(246)) - The storage directory /workdir/hadoop-ozone/integration-test/target/test-dir/MiniOzoneClusterImpl-4a157921-bac8-4948-8ccf-f55fe74fd98a/datanode-4/data/ratis/cf067f18-9683-475b-9d05-17159809c494 does not exist. Creating ...
2019-09-25 05:54:02,087 [pool-67-thread-1] INFO  storage.RaftStorageDirectory (RaftStorageDirectory.java:tryLock(328)) - Lock on /workdir/hadoop-ozone/integration-test/target/test-dir/MiniOzoneClusterImpl-4a157921-bac8-4948-8ccf-f55fe74fd98a/datanode-4/data/ratis/cf067f18-9683-475b-9d05-17159809c494/in_use.lock acquired by nodename 10436@pr-hdds-1569-s44lr-3492059363
2019-09-25 05:54:02,099 [pool-67-thread-1] INFO  storage.RaftStorage (RaftStorage.java:format(72)) - Storage directory /workdir/hadoop-ozone/integration-test/target/test-dir/MiniOzoneClusterImpl-4a157921-bac8-4948-8ccf-f55fe74fd98a/datanode-4/data/ratis/cf067f18-9683-475b-9d05-17159809c494 has been successfully formatted.
2019-09-25 05:54:02,100 [pool-67-thread-1] INFO  ratis.ContainerStateMachine (ContainerStateMachine.java:loadSnapshot(230)) - group-17159809C494: The snapshot info is null. Setting the last applied indexto:(t:0, i:~)
2019-09-25 05:54:02,100 [pool-67-thread-1] INFO  server.RaftServerConfigKeys (ConfUtils.java:logGet(43)) - raft.server.notification.no-leader.timeout = 120s (custom)
2019-09-25 05:54:02,100 [pool-67-thread-1] INFO  server.RaftServerConfigKeys (ConfUtils.java:logGet(43)) - raft.server.log.use.memory = false (default)
2019-09-25 05:54:02,100 [pool-67-thread-1] INFO  server.RaftServerConfigKeys (ConfUtils.java:logGet(43)) - raft.server.log.purge.gap = 1000000 (custom)
2019-09-25 05:54:02,100 [pool-67-thread-1] INFO  server.RaftServerConfigKeys (ConfUtils.java:logGet(43)) - raft.server.log.appender.buffer.byte-limit = 33554432 (custom)
2019-09-25 05:54:02,100 [pool-67-thread-1] INFO  server.RaftServerConfigKeys (ConfUtils.java:logGet(43)) - raft.server.log.segment.size.max = 1048576 (custom)
2019-09-25 05:54:02,100 [pool-67-thread-1] INFO  server.RaftServerConfigKeys (ConfUtils.java:logGet(43)) - raft.server.log.segment.cache.num.max = 2 (custom)
2019-09-25 05:54:02,101 [pool-67-thread-1] INFO  segmented.SegmentedRaftLogWorker (SegmentedRaftLogWorker.java:<init>(172)) - new bb2366d0-9f8a-4c88-bd20-7ec32ce3238d@group-17159809C494-SegmentedRaftLogWorker for RaftStorage:Storage Directory /workdir/hadoop-ozone/integration-test/target/test-dir/MiniOzoneClusterImpl-4a157921-bac8-4948-8ccf-f55fe74fd98a/datanode-4/data/ratis/cf067f18-9683-475b-9d05-17159809c494
2019-09-25 05:54:02,101 [pool-67-thread-1] INFO  server.RaftServerConfigKeys (ConfUtils.java:logGet(43)) - raft.server.log.queue.byte-limit = 2147483647 (custom)
2019-09-25 05:54:02,101 [pool-67-thread-1] INFO  server.RaftServerConfigKeys (ConfUtils.java:logGet(43)) - raft.server.log.queue.element-limit = 1024 (custom)
2019-09-25 05:54:02,101 [pool-67-thread-1] INFO  server.RaftServerConfigKeys (ConfUtils.java:logGet(43)) - raft.server.log.segment.size.max = 1048576 (custom)
2019-09-25 05:54:02,101 [pool-67-thread-1] INFO  server.RaftServerConfigKeys (ConfUtils.java:logGet(43)) - raft.server.log.preallocated.size = 16384 (custom)
2019-09-25 05:54:02,101 [pool-67-thread-1] INFO  server.RaftServerConfigKeys (ConfUtils.java:logGet(43)) - raft.server.log.write.buffer.size = 33554432 (custom)
2019-09-25 05:54:02,101 [pool-67-thread-1] INFO  server.RaftServerConfigKeys (ConfUtils.java:logGet(43)) - raft.server.log.force.sync.num = 128 (default)
2019-09-25 05:54:02,101 [pool-67-thread-1] INFO  server.RaftServerConfigKeys (ConfUtils.java:logGet(43)) - raft.server.log.statemachine.data.sync = true (default)
2019-09-25 05:54:02,101 [pool-67-thread-1] INFO  server.RaftServerConfigKeys (ConfUtils.java:logGet(43)) - raft.server.log.statemachine.data.sync.timeout = 10s (default)
2019-09-25 05:54:02,101 [pool-67-thread-1] INFO  server.RaftServerConfigKeys (ConfUtils.java:logGet(43)) - raft.server.log.statemachine.data.sync.timeout.retry = -1 (default)
2019-09-25 05:54:02,102 [pool-67-thread-1] INFO  server.RaftServerConfigKeys (ConfUtils.java:logGet(43)) - raft.server.log.statemachine.data.caching.enabled = true (custom)
2019-09-25 05:54:02,102 [pool-67-thread-1] INFO  segmented.SegmentedRaftLogWorker (SegmentedRaftLogWorker.java:lambda$new$0(132)) - bb2366d0-9f8a-4c88-bd20-7ec32ce3238d@group-17159809C494-SegmentedRaftLogWorker: flushIndex: setUnconditionally 0 -> -1
2019-09-25 05:54:02,102 [pool-67-thread-1] INFO  server.RaftServerConfigKeys (ConfUtils.java:logGet(43)) - raft.server.snapshot.auto.trigger.enabled = true (custom)
2019-09-25 05:54:02,102 [pool-67-thread-1] INFO  server.RaftServerConfigKeys (ConfUtils.java:logGet(43)) - raft.server.snapshot.auto.trigger.threshold = 10000 (custom)
2019-09-25 05:54:02,102 [pool-67-thread-1] INFO  server.RaftServerConfigKeys (ConfUtils.java:logGet(43)) - raft.server.snapshot.retention.num.files = 5 (custom)
2019-09-25 05:54:02,102 [pool-67-thread-1] INFO  server.RaftServerConfigKeys (ConfUtils.java:logGet(43)) - raft.server.retrycache.expirytime = 600000ms (custom)
2019-09-25 05:54:02,104 [pool-67-thread-1] INFO  impl.RaftServerImpl (RaftServerImpl.java:start(185)) - bb2366d0-9f8a-4c88-bd20-7ec32ce3238d@group-17159809C494: start as a follower, conf=-1: [bb2366d0-9f8a-4c88-bd20-7ec32ce3238d:192.168.164.207:44123], old=null
2019-09-25 05:54:02,104 [pool-67-thread-1] INFO  impl.RaftServerImpl (RaftServerImpl.java:setRole(174)) - bb2366d0-9f8a-4c88-bd20-7ec32ce3238d@group-17159809C494: changes role from      null to FOLLOWER at term 0 for startAsFollower
2019-09-25 05:54:02,105 [pool-67-thread-1] INFO  impl.RoleInfo (RoleInfo.java:updateAndGet(143)) - bb2366d0-9f8a-4c88-bd20-7ec32ce3238d: start FollowerState
2019-09-25 05:54:02,105 [pool-67-thread-1] INFO  util.JmxRegister (JmxRegister.java:tryRegister(44)) - Successfully registered JMX Bean with object name Ratis:service=RaftServer,group=group-17159809C494,id=bb2366d0-9f8a-4c88-bd20-7ec32ce3238d
2019-09-25 05:54:02,110 [RatisPipelineUtilsThread] INFO  pipeline.PipelineStateManager (PipelineStateManager.java:addPipeline(56)) - Created pipeline Pipeline[ Id: cf067f18-9683-475b-9d05-17159809c494, Nodes: bb2366d0-9f8a-4c88-bd20-7ec32ce3238d{ip: 192.168.164.207, host: pr-hdds-1569-s44lr-3492059363, networkLocation: /default-rack, certSerialId: null}, Type:RATIS, Factor:ONE, State:OPEN]
2019-09-25 05:54:02,110 [RatisPipelineUtilsThread] INFO  pipeline.PipelinePlacementPolicy (PipelinePlacementPolicy.java:meetCriteria(91)) - Pipeline Placement: can't place more pipeline on heavy datanode： 511ff9a4-402a-459c-948c-b9450b1400e6 Heaviness: 6 limit: 5
2019-09-25 05:54:02,111 [RatisPipelineUtilsThread] INFO  pipeline.PipelinePlacementPolicy (PipelinePlacementPolicy.java:meetCriteria(91)) - Pipeline Placement: can't place more pipeline on heavy datanode： 03645d2f-1e20-4e0d-8661-d0c7ee952eef Heaviness: 6 limit: 5
2019-09-25 05:54:02,111 [RatisPipelineUtilsThread] INFO  pipeline.PipelinePlacementPolicy (PipelinePlacementPolicy.java:meetCriteria(91)) - Pipeline Placement: can't place more pipeline on heavy datanode： bb2366d0-9f8a-4c88-bd20-7ec32ce3238d Heaviness: 6 limit: 5
2019-09-25 05:54:02,111 [RatisPipelineUtilsThread] INFO  pipeline.PipelinePlacementPolicy (PipelinePlacementPolicy.java:meetCriteria(91)) - Pipeline Placement: can't place more pipeline on heavy datanode： 40dcd630-ad01-41c1-945d-8b29a9b08b55 Heaviness: 6 limit: 5
2019-09-25 05:54:02,111 [RatisPipelineUtilsThread] INFO  pipeline.PipelinePlacementPolicy (PipelinePlacementPolicy.java:meetCriteria(91)) - Pipeline Placement: can't place more pipeline on heavy datanode： 1ed6dadd-b0b2-432b-85f8-e2d308be821a Heaviness: 6 limit: 5
2019-09-25 05:54:02,112 [RatisPipelineUtilsThread] ERROR pipeline.PipelinePlacementPolicy (PipelinePlacementPolicy.java:filterViableNodes(148)) - Unable to find enough nodes that meet the criteria that cannot engage in more than 5 pipelines. Nodes required: 1 Found: 0, healthy nodes count inNodeManager: 5.
2019-09-25 05:54:02,115 [RatisPipelineUtilsThread] ERROR pipeline.SCMPipelineManager (SCMPipelineManager.java:createPipeline(167)) - Pipeline creation failed.
org.apache.hadoop.hdds.scm.exceptions.SCMException: Unable to find enough nodes that meet the criteria that cannot engage in more than 5 pipelines. Nodes required: 1 Found: 0, healthy nodes count inNodeManager: 5.
	at org.apache.hadoop.hdds.scm.pipeline.PipelinePlacementPolicy.filterViableNodes(PipelinePlacementPolicy.java:149)
	at org.apache.hadoop.hdds.scm.pipeline.PipelinePlacementPolicy.chooseDatanodes(PipelinePlacementPolicy.java:172)
	at org.apache.hadoop.hdds.scm.pipeline.RatisPipelineProvider.create(RatisPipelineProvider.java:93)
	at org.apache.hadoop.hdds.scm.pipeline.PipelineFactory.create(PipelineFactory.java:58)
	at org.apache.hadoop.hdds.scm.pipeline.SCMPipelineManager.createPipeline(SCMPipelineManager.java:155)
	at org.apache.hadoop.hdds.scm.pipeline.BackgroundPipelineCreator.createPipelines(BackgroundPipelineCreator.java:99)
	at java.util.concurrent.Executors$RunnableAdapter.call(Executors.java:511)
	at java.util.concurrent.FutureTask.run(FutureTask.java:266)
	at java.util.concurrent.ScheduledThreadPoolExecutor$ScheduledFutureTask.access$201(ScheduledThreadPoolExecutor.java:180)
	at java.util.concurrent.ScheduledThreadPoolExecutor$ScheduledFutureTask.run(ScheduledThreadPoolExecutor.java:293)
	at java.util.concurrent.ThreadPoolExecutor.runWorker(ThreadPoolExecutor.java:1149)
	at java.util.concurrent.ThreadPoolExecutor$Worker.run(ThreadPoolExecutor.java:624)
	at java.lang.Thread.run(Thread.java:748)
2019-09-25 05:54:02,118 [RatisPipelineUtilsThread] INFO  pipeline.PipelinePlacementPolicy (PipelinePlacementPolicy.java:meetCriteria(91)) - Pipeline Placement: can't place more pipeline on heavy datanode： 511ff9a4-402a-459c-948c-b9450b1400e6 Heaviness: 6 limit: 5
2019-09-25 05:54:02,118 [RatisPipelineUtilsThread] INFO  pipeline.PipelinePlacementPolicy (PipelinePlacementPolicy.java:meetCriteria(91)) - Pipeline Placement: can't place more pipeline on heavy datanode： 03645d2f-1e20-4e0d-8661-d0c7ee952eef Heaviness: 6 limit: 5
2019-09-25 05:54:02,118 [RatisPipelineUtilsThread] INFO  pipeline.PipelinePlacementPolicy (PipelinePlacementPolicy.java:meetCriteria(91)) - Pipeline Placement: can't place more pipeline on heavy datanode： bb2366d0-9f8a-4c88-bd20-7ec32ce3238d Heaviness: 6 limit: 5
2019-09-25 05:54:02,119 [RatisPipelineUtilsThread] INFO  pipeline.PipelinePlacementPolicy (PipelinePlacementPolicy.java:meetCriteria(91)) - Pipeline Placement: can't place more pipeline on heavy datanode： 40dcd630-ad01-41c1-945d-8b29a9b08b55 Heaviness: 6 limit: 5
2019-09-25 05:54:02,119 [RatisPipelineUtilsThread] INFO  pipeline.PipelinePlacementPolicy (PipelinePlacementPolicy.java:meetCriteria(91)) - Pipeline Placement: can't place more pipeline on heavy datanode： 1ed6dadd-b0b2-432b-85f8-e2d308be821a Heaviness: 6 limit: 5
2019-09-25 05:54:02,119 [RatisPipelineUtilsThread] ERROR pipeline.PipelinePlacementPolicy (PipelinePlacementPolicy.java:filterViableNodes(148)) - Unable to find enough nodes that meet the criteria that cannot engage in more than 5 pipelines. Nodes required: 3 Found: 0, healthy nodes count inNodeManager: 5.
2019-09-25 05:54:02,119 [RatisPipelineUtilsThread] ERROR pipeline.SCMPipelineManager (SCMPipelineManager.java:createPipeline(167)) - Pipeline creation failed.
org.apache.hadoop.hdds.scm.exceptions.SCMException: Unable to find enough nodes that meet the criteria that cannot engage in more than 5 pipelines. Nodes required: 3 Found: 0, healthy nodes count inNodeManager: 5.
	at org.apache.hadoop.hdds.scm.pipeline.PipelinePlacementPolicy.filterViableNodes(PipelinePlacementPolicy.java:149)
	at org.apache.hadoop.hdds.scm.pipeline.PipelinePlacementPolicy.chooseDatanodes(PipelinePlacementPolicy.java:172)
	at org.apache.hadoop.hdds.scm.pipeline.RatisPipelineProvider.create(RatisPipelineProvider.java:93)
	at org.apache.hadoop.hdds.scm.pipeline.PipelineFactory.create(PipelineFactory.java:58)
	at org.apache.hadoop.hdds.scm.pipeline.SCMPipelineManager.createPipeline(SCMPipelineManager.java:155)
	at org.apache.hadoop.hdds.scm.pipeline.BackgroundPipelineCreator.createPipelines(BackgroundPipelineCreator.java:99)
	at java.util.concurrent.Executors$RunnableAdapter.call(Executors.java:511)
	at java.util.concurrent.FutureTask.run(FutureTask.java:266)
	at java.util.concurrent.ScheduledThreadPoolExecutor$ScheduledFutureTask.access$201(ScheduledThreadPoolExecutor.java:180)
	at java.util.concurrent.ScheduledThreadPoolExecutor$ScheduledFutureTask.run(ScheduledThreadPoolExecutor.java:293)
	at java.util.concurrent.ThreadPoolExecutor.runWorker(ThreadPoolExecutor.java:1149)
	at java.util.concurrent.ThreadPoolExecutor$Worker.run(ThreadPoolExecutor.java:624)
	at java.lang.Thread.run(Thread.java:748)
2019-09-25 05:54:02,119 [main] INFO  pipeline.PipelinePlacementPolicy (PipelinePlacementPolicy.java:meetCriteria(91)) - Pipeline Placement: can't place more pipeline on heavy datanode： 511ff9a4-402a-459c-948c-b9450b1400e6 Heaviness: 6 limit: 5
2019-09-25 05:54:02,120 [main] INFO  pipeline.PipelinePlacementPolicy (PipelinePlacementPolicy.java:meetCriteria(91)) - Pipeline Placement: can't place more pipeline on heavy datanode： 03645d2f-1e20-4e0d-8661-d0c7ee952eef Heaviness: 6 limit: 5
2019-09-25 05:54:02,120 [main] INFO  pipeline.PipelinePlacementPolicy (PipelinePlacementPolicy.java:meetCriteria(91)) - Pipeline Placement: can't place more pipeline on heavy datanode： bb2366d0-9f8a-4c88-bd20-7ec32ce3238d Heaviness: 6 limit: 5
2019-09-25 05:54:02,120 [main] INFO  pipeline.PipelinePlacementPolicy (PipelinePlacementPolicy.java:meetCriteria(91)) - Pipeline Placement: can't place more pipeline on heavy datanode： 40dcd630-ad01-41c1-945d-8b29a9b08b55 Heaviness: 6 limit: 5
2019-09-25 05:54:02,120 [main] INFO  pipeline.PipelinePlacementPolicy (PipelinePlacementPolicy.java:meetCriteria(91)) - Pipeline Placement: can't place more pipeline on heavy datanode： 1ed6dadd-b0b2-432b-85f8-e2d308be821a Heaviness: 6 limit: 5
2019-09-25 05:54:02,121 [main] ERROR pipeline.PipelinePlacementPolicy (PipelinePlacementPolicy.java:filterViableNodes(148)) - Unable to find enough nodes that meet the criteria that cannot engage in more than 5 pipelines. Nodes required: 3 Found: 0, healthy nodes count inNodeManager: 5.
2019-09-25 05:54:02,121 [main] ERROR pipeline.SCMPipelineManager (SCMPipelineManager.java:createPipeline(167)) - Pipeline creation failed.
org.apache.hadoop.hdds.scm.exceptions.SCMException: Unable to find enough nodes that meet the criteria that cannot engage in more than 5 pipelines. Nodes required: 3 Found: 0, healthy nodes count inNodeManager: 5.
	at org.apache.hadoop.hdds.scm.pipeline.PipelinePlacementPolicy.filterViableNodes(PipelinePlacementPolicy.java:149)
	at org.apache.hadoop.hdds.scm.pipeline.PipelinePlacementPolicy.chooseDatanodes(PipelinePlacementPolicy.java:172)
	at org.apache.hadoop.hdds.scm.pipeline.RatisPipelineProvider.create(RatisPipelineProvider.java:93)
	at org.apache.hadoop.hdds.scm.pipeline.PipelineFactory.create(PipelineFactory.java:58)
	at org.apache.hadoop.hdds.scm.pipeline.SCMPipelineManager.createPipeline(SCMPipelineManager.java:155)
	at org.apache.hadoop.hdds.scm.container.ContainerStateManager.allocateContainer(ContainerStateManager.java:255)
	at org.apache.hadoop.hdds.scm.container.SCMContainerManager.allocateContainer(SCMContainerManager.java:247)
	at org.apache.hadoop.hdds.scm.pipeline.TestNode2PipelineMap.init(TestNode2PipelineMap.java:69)
	at sun.reflect.NativeMethodAccessorImpl.invoke0(Native Method)
	at sun.reflect.NativeMethodAccessorImpl.invoke(NativeMethodAccessorImpl.java:62)
	at sun.reflect.DelegatingMethodAccessorImpl.invoke(DelegatingMethodAccessorImpl.java:43)
	at java.lang.reflect.Method.invoke(Method.java:498)
	at org.junit.runners.model.FrameworkMethod$1.runReflectiveCall(FrameworkMethod.java:47)
	at org.junit.internal.runners.model.ReflectiveCallable.run(ReflectiveCallable.java:12)
	at org.junit.runners.model.FrameworkMethod.invokeExplosively(FrameworkMethod.java:44)
	at org.junit.internal.runners.statements.RunBefores.evaluate(RunBefores.java:24)
	at org.junit.internal.runners.statements.RunAfters.evaluate(RunAfters.java:27)
	at org.junit.runners.ParentRunner.runLeaf(ParentRunner.java:271)
	at org.junit.runners.BlockJUnit4ClassRunner.runChild(BlockJUnit4ClassRunner.java:70)
	at org.junit.runners.BlockJUnit4ClassRunner.runChild(BlockJUnit4ClassRunner.java:50)
	at org.junit.runners.ParentRunner$3.run(ParentRunner.java:238)
	at org.junit.runners.ParentRunner$1.schedule(ParentRunner.java:63)
	at org.junit.runners.ParentRunner.runChildren(ParentRunner.java:236)
	at org.junit.runners.ParentRunner.access$000(ParentRunner.java:53)
	at org.junit.runners.ParentRunner$2.evaluate(ParentRunner.java:229)
	at org.junit.runners.ParentRunner.run(ParentRunner.java:309)
	at org.apache.maven.surefire.junit4.JUnit4Provider.execute(JUnit4Provider.java:365)
	at org.apache.maven.surefire.junit4.JUnit4Provider.executeWithRerun(JUnit4Provider.java:273)
	at org.apache.maven.surefire.junit4.JUnit4Provider.executeTestSet(JUnit4Provider.java:238)
	at org.apache.maven.surefire.junit4.JUnit4Provider.invoke(JUnit4Provider.java:159)
	at org.apache.maven.surefire.booter.ForkedBooter.invokeProviderInSameClassLoader(ForkedBooter.java:384)
	at org.apache.maven.surefire.booter.ForkedBooter.runSuitesInProcess(ForkedBooter.java:345)
	at org.apache.maven.surefire.booter.ForkedBooter.execute(ForkedBooter.java:126)
	at org.apache.maven.surefire.booter.ForkedBooter.main(ForkedBooter.java:418)
2019-09-25 05:54:02,121 [RatisPipelineUtilsThread] INFO  pipeline.PipelinePlacementPolicy (PipelinePlacementPolicy.java:meetCriteria(91)) - Pipeline Placement: can't place more pipeline on heavy datanode： 511ff9a4-402a-459c-948c-b9450b1400e6 Heaviness: 6 limit: 5
2019-09-25 05:54:02,122 [RatisPipelineUtilsThread] INFO  pipeline.PipelinePlacementPolicy (PipelinePlacementPolicy.java:meetCriteria(91)) - Pipeline Placement: can't place more pipeline on heavy datanode： 03645d2f-1e20-4e0d-8661-d0c7ee952eef Heaviness: 6 limit: 5
2019-09-25 05:54:02,122 [RatisPipelineUtilsThread] INFO  pipeline.PipelinePlacementPolicy (PipelinePlacementPolicy.java:meetCriteria(91)) - Pipeline Placement: can't place more pipeline on heavy datanode： bb2366d0-9f8a-4c88-bd20-7ec32ce3238d Heaviness: 6 limit: 5
2019-09-25 05:54:02,122 [RatisPipelineUtilsThread] INFO  pipeline.PipelinePlacementPolicy (PipelinePlacementPolicy.java:meetCriteria(91)) - Pipeline Placement: can't place more pipeline on heavy datanode： 40dcd630-ad01-41c1-945d-8b29a9b08b55 Heaviness: 6 limit: 5
2019-09-25 05:54:02,122 [RatisPipelineUtilsThread] INFO  pipeline.PipelinePlacementPolicy (PipelinePlacementPolicy.java:meetCriteria(91)) - Pipeline Placement: can't place more pipeline on heavy datanode： 1ed6dadd-b0b2-432b-85f8-e2d308be821a Heaviness: 6 limit: 5
2019-09-25 05:54:02,122 [RatisPipelineUtilsThread] ERROR pipeline.PipelinePlacementPolicy (PipelinePlacementPolicy.java:filterViableNodes(148)) - Unable to find enough nodes that meet the criteria that cannot engage in more than 5 pipelines. Nodes required: 1 Found: 0, healthy nodes count inNodeManager: 5.
2019-09-25 05:54:02,122 [RatisPipelineUtilsThread] ERROR pipeline.SCMPipelineManager (SCMPipelineManager.java:createPipeline(167)) - Pipeline creation failed.
org.apache.hadoop.hdds.scm.exceptions.SCMException: Unable to find enough nodes that meet the criteria that cannot engage in more than 5 pipelines. Nodes required: 1 Found: 0, healthy nodes count inNodeManager: 5.
	at org.apache.hadoop.hdds.scm.pipeline.PipelinePlacementPolicy.filterViableNodes(PipelinePlacementPolicy.java:149)
	at org.apache.hadoop.hdds.scm.pipeline.PipelinePlacementPolicy.chooseDatanodes(PipelinePlacementPolicy.java:172)
	at org.apache.hadoop.hdds.scm.pipeline.RatisPipelineProvider.create(RatisPipelineProvider.java:93)
	at org.apache.hadoop.hdds.scm.pipeline.PipelineFactory.create(PipelineFactory.java:58)
	at org.apache.hadoop.hdds.scm.pipeline.SCMPipelineManager.createPipeline(SCMPipelineManager.java:155)
	at org.apache.hadoop.hdds.scm.pipeline.BackgroundPipelineCreator.createPipelines(BackgroundPipelineCreator.java:99)
	at org.apache.hadoop.hdds.scm.pipeline.BackgroundPipelineCreator.lambda$startFixedIntervalPipelineCreator$0(BackgroundPipelineCreator.java:70)
	at java.util.concurrent.Executors$RunnableAdapter.call(Executors.java:511)
	at java.util.concurrent.FutureTask.runAndReset(FutureTask.java:308)
	at java.util.concurrent.ScheduledThreadPoolExecutor$ScheduledFutureTask.access$301(ScheduledThreadPoolExecutor.java:180)
	at java.util.concurrent.ScheduledThreadPoolExecutor$ScheduledFutureTask.run(ScheduledThreadPoolExecutor.java:294)
	at java.util.concurrent.ThreadPoolExecutor.runWorker(ThreadPoolExecutor.java:1149)
	at java.util.concurrent.ThreadPoolExecutor$Worker.run(ThreadPoolExecutor.java:624)
	at java.lang.Thread.run(Thread.java:748)
2019-09-25 05:54:02,123 [RatisPipelineUtilsThread] INFO  pipeline.PipelinePlacementPolicy (PipelinePlacementPolicy.java:meetCriteria(91)) - Pipeline Placement: can't place more pipeline on heavy datanode： 511ff9a4-402a-459c-948c-b9450b1400e6 Heaviness: 6 limit: 5
2019-09-25 05:54:02,123 [RatisPipelineUtilsThread] INFO  pipeline.PipelinePlacementPolicy (PipelinePlacementPolicy.java:meetCriteria(91)) - Pipeline Placement: can't place more pipeline on heavy datanode： 03645d2f-1e20-4e0d-8661-d0c7ee952eef Heaviness: 6 limit: 5
2019-09-25 05:54:02,123 [RatisPipelineUtilsThread] INFO  pipeline.PipelinePlacementPolicy (PipelinePlacementPolicy.java:meetCriteria(91)) - Pipeline Placement: can't place more pipeline on heavy datanode： bb2366d0-9f8a-4c88-bd20-7ec32ce3238d Heaviness: 6 limit: 5
2019-09-25 05:54:02,123 [RatisPipelineUtilsThread] INFO  pipeline.PipelinePlacementPolicy (PipelinePlacementPolicy.java:meetCriteria(91)) - Pipeline Placement: can't place more pipeline on heavy datanode： 40dcd630-ad01-41c1-945d-8b29a9b08b55 Heaviness: 6 limit: 5
2019-09-25 05:54:02,123 [RatisPipelineUtilsThread] INFO  pipeline.PipelinePlacementPolicy (PipelinePlacementPolicy.java:meetCriteria(91)) - Pipeline Placement: can't place more pipeline on heavy datanode： 1ed6dadd-b0b2-432b-85f8-e2d308be821a Heaviness: 6 limit: 5
2019-09-25 05:54:02,123 [RatisPipelineUtilsThread] ERROR pipeline.PipelinePlacementPolicy (PipelinePlacementPolicy.java:filterViableNodes(148)) - Unable to find enough nodes that meet the criteria that cannot engage in more than 5 pipelines. Nodes required: 3 Found: 0, healthy nodes count inNodeManager: 5.
2019-09-25 05:54:02,124 [RatisPipelineUtilsThread] ERROR pipeline.SCMPipelineManager (SCMPipelineManager.java:createPipeline(167)) - Pipeline creation failed.
org.apache.hadoop.hdds.scm.exceptions.SCMException: Unable to find enough nodes that meet the criteria that cannot engage in more than 5 pipelines. Nodes required: 3 Found: 0, healthy nodes count inNodeManager: 5.
	at org.apache.hadoop.hdds.scm.pipeline.PipelinePlacementPolicy.filterViableNodes(PipelinePlacementPolicy.java:149)
	at org.apache.hadoop.hdds.scm.pipeline.PipelinePlacementPolicy.chooseDatanodes(PipelinePlacementPolicy.java:172)
	at org.apache.hadoop.hdds.scm.pipeline.RatisPipelineProvider.create(RatisPipelineProvider.java:93)
	at org.apache.hadoop.hdds.scm.pipeline.PipelineFactory.create(PipelineFactory.java:58)
	at org.apache.hadoop.hdds.scm.pipeline.SCMPipelineManager.createPipeline(SCMPipelineManager.java:155)
	at org.apache.hadoop.hdds.scm.pipeline.BackgroundPipelineCreator.createPipelines(BackgroundPipelineCreator.java:99)
	at org.apache.hadoop.hdds.scm.pipeline.BackgroundPipelineCreator.lambda$startFixedIntervalPipelineCreator$0(BackgroundPipelineCreator.java:70)
	at java.util.concurrent.Executors$RunnableAdapter.call(Executors.java:511)
	at java.util.concurrent.FutureTask.runAndReset(FutureTask.java:308)
	at java.util.concurrent.ScheduledThreadPoolExecutor$ScheduledFutureTask.access$301(ScheduledThreadPoolExecutor.java:180)
	at java.util.concurrent.ScheduledThreadPoolExecutor$ScheduledFutureTask.run(ScheduledThreadPoolExecutor.java:294)
	at java.util.concurrent.ThreadPoolExecutor.runWorker(ThreadPoolExecutor.java:1149)
	at java.util.concurrent.ThreadPoolExecutor$Worker.run(ThreadPoolExecutor.java:624)
	at java.lang.Thread.run(Thread.java:748)
2019-09-25 05:54:02,124 [main] INFO  ozone.MiniOzoneClusterImpl (MiniOzoneClusterImpl.java:shutdown(314)) - Shutting down the Mini Ozone Cluster
2019-09-25 05:54:02,125 [main] INFO  ozone.MiniOzoneClusterImpl (MiniOzoneClusterImpl.java:stop(330)) - Stopping the Mini Ozone Cluster
2019-09-25 05:54:02,125 [main] INFO  ozone.MiniOzoneClusterImpl (MiniOzoneClusterImpl.java:stopOM(400)) - Stopping the OzoneManager
2019-09-25 05:54:02,125 [main] INFO  ipc.Server (Server.java:stop(3082)) - Stopping server on 32846
2019-09-25 05:54:02,136 [IPC Server listener on 32846] INFO  ipc.Server (Server.java:run(1185)) - Stopping IPC Server listener on 32846
2019-09-25 05:54:02,138 [main] INFO  ratis.OzoneManagerDoubleBuffer (OzoneManagerDoubleBuffer.java:stop(248)) - Stopping OMDoubleBuffer flush thread
2019-09-25 05:54:02,140 [IPC Server Responder] INFO  ipc.Server (Server.java:run(1319)) - Stopping IPC Server Responder
2019-09-25 05:54:02,148 [OMDoubleBufferFlushThread] INFO  ratis.OzoneManagerDoubleBuffer (OzoneManagerDoubleBuffer.java:flushTransactions(191)) - OMDoubleBuffer flush thread OMDoubleBufferFlushThread is interrupted and will exit. OMDoubleBufferFlushThread
2019-09-25 05:54:02,150 [main] INFO  utils.BackgroundService (BackgroundService.java:shutdown(148)) - Shutting down service KeyDeletingService
2019-09-25 05:54:02,154 [main] INFO  handler.ContextHandler (ContextHandler.java:doStop(910)) - Stopped o.e.j.w.WebAppContext@3a022576{/,null,UNAVAILABLE}{/ozoneManager}
2019-09-25 05:54:02,160 [main] INFO  server.AbstractConnector (AbstractConnector.java:doStop(318)) - Stopped ServerConnector@2dbd803f{HTTP/1.1,[http/1.1]}{0.0.0.0:0}
2019-09-25 05:54:02,160 [main] INFO  handler.ContextHandler (ContextHandler.java:doStop(910)) - Stopped o.e.j.s.ServletContextHandler@4c27d39d{/static,file:///workdir/hadoop-ozone/integration-test/target/test-classes/webapps/static,UNAVAILABLE}
2019-09-25 05:54:02,160 [main] INFO  handler.ContextHandler (ContextHandler.java:doStop(910)) - Stopped o.e.j.s.ServletContextHandler@677b8e13{/logs,file:///workdir/hadoop-ozone/integration-test/target/log,UNAVAILABLE}
2019-09-25 05:54:02,164 [main] INFO  ozone.MiniOzoneClusterImpl (MiniOzoneClusterImpl.java:stopDatanodes(377)) - Stopping the HddsDatanodes
2019-09-25 05:54:02,319 [Thread-208] INFO  container.ReplicationManager (ReplicationManager.java:start(163)) - Starting Replication Monitor Thread.
2019-09-25 05:54:02,320 [ReplicationMonitor] INFO  container.ReplicationManager (ReplicationManager.java:run(226)) - Replication Monitor Thread took 1 milliseconds for processing 0 containers.
2019-09-25 05:54:02,367 [Datanode State Machine Thread - 0] INFO  statemachine.DatanodeStateMachine (DatanodeStateMachine.java:lambda$startDaemon$0(350)) - Ozone container server started.
2019-09-25 05:54:02,458 [Datanode State Machine Thread - 0] INFO  statemachine.DatanodeStateMachine (DatanodeStateMachine.java:lambda$startDaemon$0(350)) - Ozone container server started.
2019-09-25 05:54:04,968 [Thread-210] INFO  impl.FollowerState (FollowerState.java:run(106)) - 03645d2f-1e20-4e0d-8661-d0c7ee952eef:group-1005C0481B44 changes to CANDIDATE, lastRpcTime:5005, electionTimeout:5005ms
2019-09-25 05:54:04,970 [Thread-210] INFO  impl.RoleInfo (RoleInfo.java:shutdownFollowerState(121)) - 03645d2f-1e20-4e0d-8661-d0c7ee952eef: shutdown FollowerState
2019-09-25 05:54:04,970 [Thread-210] INFO  impl.RaftServerImpl (RaftServerImpl.java:setRole(174)) - 03645d2f-1e20-4e0d-8661-d0c7ee952eef@group-1005C0481B44: changes role from  FOLLOWER to CANDIDATE at term 0 for changeToCandidate
2019-09-25 05:54:04,976 [Thread-210] INFO  impl.RoleInfo (RoleInfo.java:updateAndGet(143)) - 03645d2f-1e20-4e0d-8661-d0c7ee952eef: start LeaderElection
2019-09-25 05:54:04,995 [03645d2f-1e20-4e0d-8661-d0c7ee952eef@group-1005C0481B44:LeaderElection1] INFO  impl.LeaderElection (LeaderElection.java:askForVotes(182)) - 03645d2f-1e20-4e0d-8661-d0c7ee952eef@group-1005C0481B44:LeaderElection1: begin an election at term 1 for -1: [03645d2f-1e20-4e0d-8661-d0c7ee952eef:192.168.164.207:38201], old=null
2019-09-25 05:54:04,996 [03645d2f-1e20-4e0d-8661-d0c7ee952eef@group-1005C0481B44:LeaderElection1] INFO  impl.RoleInfo (RoleInfo.java:shutdownLeaderElection(134)) - 03645d2f-1e20-4e0d-8661-d0c7ee952eef: shutdown LeaderElection
2019-09-25 05:54:04,997 [03645d2f-1e20-4e0d-8661-d0c7ee952eef@group-1005C0481B44:LeaderElection1] INFO  impl.RaftServerImpl (RaftServerImpl.java:setRole(174)) - 03645d2f-1e20-4e0d-8661-d0c7ee952eef@group-1005C0481B44: changes role from CANDIDATE to LEADER at term 1 for changeToLeader
2019-09-25 05:54:04,998 [03645d2f-1e20-4e0d-8661-d0c7ee952eef@group-1005C0481B44:LeaderElection1] INFO  impl.RaftServerImpl (ServerState.java:setLeader(253)) - 03645d2f-1e20-4e0d-8661-d0c7ee952eef@group-1005C0481B44: change Leader from null to 03645d2f-1e20-4e0d-8661-d0c7ee952eef at term 1 for becomeLeader, leader elected after 5138ms
2019-09-25 05:54:05,006 [03645d2f-1e20-4e0d-8661-d0c7ee952eef@group-1005C0481B44:LeaderElection1] INFO  server.RaftServerConfigKeys (ConfUtils.java:logGet(43)) - raft.server.staging.catchup.gap = 1000 (default)
2019-09-25 05:54:05,006 [03645d2f-1e20-4e0d-8661-d0c7ee952eef@group-1005C0481B44:LeaderElection1] INFO  server.RaftServerConfigKeys (ConfUtils.java:logGet(43)) - raft.server.rpc.sleep.time = 25ms (default)
2019-09-25 05:54:05,010 [03645d2f-1e20-4e0d-8661-d0c7ee952eef@group-1005C0481B44:LeaderElection1] INFO  server.RaftServerConfigKeys (ConfUtils.java:logGet(43)) - raft.server.write.element-limit = 4096 (default)
2019-09-25 05:54:05,012 [03645d2f-1e20-4e0d-8661-d0c7ee952eef@group-1005C0481B44:LeaderElection1] INFO  server.RaftServerConfigKeys (ConfUtils.java:logGet(43)) - raft.server.watch.timeout = 10s (default)
2019-09-25 05:54:05,013 [03645d2f-1e20-4e0d-8661-d0c7ee952eef@group-1005C0481B44:LeaderElection1] INFO  server.RaftServerConfigKeys (ConfUtils.java:logGet(43)) - raft.server.watch.timeout.denomination = 1s (default)
2019-09-25 05:54:05,014 [03645d2f-1e20-4e0d-8661-d0c7ee952eef@group-1005C0481B44:LeaderElection1] INFO  server.RaftServerConfigKeys (ConfUtils.java:logGet(43)) - raft.server.watch.element-limit = 65536 (default)
2019-09-25 05:54:05,026 [03645d2f-1e20-4e0d-8661-d0c7ee952eef@group-1005C0481B44:LeaderElection1] INFO  impl.RoleInfo (RoleInfo.java:updateAndGet(143)) - 03645d2f-1e20-4e0d-8661-d0c7ee952eef: start LeaderState
2019-09-25 05:54:05,048 [03645d2f-1e20-4e0d-8661-d0c7ee952eef@group-1005C0481B44:LeaderElection1] INFO  segmented.SegmentedRaftLogWorker (SegmentedRaftLogWorker.java:startLogSegment(380)) - 03645d2f-1e20-4e0d-8661-d0c7ee952eef@group-1005C0481B44-SegmentedRaftLogWorker: Starting segment from index:0
2019-09-25 05:54:05,056 [03645d2f-1e20-4e0d-8661-d0c7ee952eef@group-1005C0481B44:LeaderElection1] INFO  impl.RaftServerImpl (ServerState.java:setRaftConf(354)) - 03645d2f-1e20-4e0d-8661-d0c7ee952eef@group-1005C0481B44: set configuration 0: [03645d2f-1e20-4e0d-8661-d0c7ee952eef:192.168.164.207:38201], old=null at 0
2019-09-25 05:54:05,207 [03645d2f-1e20-4e0d-8661-d0c7ee952eef@group-1005C0481B44-SegmentedRaftLogWorker] INFO  segmented.SegmentedRaftLogWorker (SegmentedRaftLogWorker.java:execute(569)) - 03645d2f-1e20-4e0d-8661-d0c7ee952eef@group-1005C0481B44-SegmentedRaftLogWorker: created new log segment /workdir/hadoop-ozone/integration-test/target/test-dir/MiniOzoneClusterImpl-4a157921-bac8-4948-8ccf-f55fe74fd98a/datanode-0/data/ratis/3705d26f-bf5e-4450-b2e0-1005c0481b44/current/log_inprogress_0
2019-09-25 05:54:05,212 [Thread-213] INFO  impl.FollowerState (FollowerState.java:run(106)) - 40dcd630-ad01-41c1-945d-8b29a9b08b55:group-1EDC6B0612C1 changes to CANDIDATE, lastRpcTime:5100, electionTimeout:5100ms
2019-09-25 05:54:05,214 [Thread-213] INFO  impl.RoleInfo (RoleInfo.java:shutdownFollowerState(121)) - 40dcd630-ad01-41c1-945d-8b29a9b08b55: shutdown FollowerState
2019-09-25 05:54:05,214 [Thread-213] INFO  impl.RaftServerImpl (RaftServerImpl.java:setRole(174)) - 40dcd630-ad01-41c1-945d-8b29a9b08b55@group-1EDC6B0612C1: changes role from  FOLLOWER to CANDIDATE at term 0 for changeToCandidate
2019-09-25 05:54:05,214 [Thread-213] INFO  impl.RoleInfo (RoleInfo.java:updateAndGet(143)) - 40dcd630-ad01-41c1-945d-8b29a9b08b55: start LeaderElection
2019-09-25 05:54:05,222 [40dcd630-ad01-41c1-945d-8b29a9b08b55@group-1EDC6B0612C1:LeaderElection2] INFO  impl.LeaderElection (LeaderElection.java:askForVotes(182)) - 40dcd630-ad01-41c1-945d-8b29a9b08b55@group-1EDC6B0612C1:LeaderElection2: begin an election at term 1 for -1: [40dcd630-ad01-41c1-945d-8b29a9b08b55:192.168.164.207:38778], old=null
2019-09-25 05:54:05,223 [40dcd630-ad01-41c1-945d-8b29a9b08b55@group-1EDC6B0612C1:LeaderElection2] INFO  impl.RoleInfo (RoleInfo.java:shutdownLeaderElection(134)) - 40dcd630-ad01-41c1-945d-8b29a9b08b55: shutdown LeaderElection
2019-09-25 05:54:05,224 [40dcd630-ad01-41c1-945d-8b29a9b08b55@group-1EDC6B0612C1:LeaderElection2] INFO  impl.RaftServerImpl (RaftServerImpl.java:setRole(174)) - 40dcd630-ad01-41c1-945d-8b29a9b08b55@group-1EDC6B0612C1: changes role from CANDIDATE to LEADER at term 1 for changeToLeader
2019-09-25 05:54:05,224 [40dcd630-ad01-41c1-945d-8b29a9b08b55@group-1EDC6B0612C1:LeaderElection2] INFO  impl.RaftServerImpl (ServerState.java:setLeader(253)) - 40dcd630-ad01-41c1-945d-8b29a9b08b55@group-1EDC6B0612C1: change Leader from null to 40dcd630-ad01-41c1-945d-8b29a9b08b55 at term 1 for becomeLeader, leader elected after 5129ms
2019-09-25 05:54:05,225 [40dcd630-ad01-41c1-945d-8b29a9b08b55@group-1EDC6B0612C1:LeaderElection2] INFO  server.RaftServerConfigKeys (ConfUtils.java:logGet(43)) - raft.server.staging.catchup.gap = 1000 (default)
2019-09-25 05:54:05,225 [40dcd630-ad01-41c1-945d-8b29a9b08b55@group-1EDC6B0612C1:LeaderElection2] INFO  server.RaftServerConfigKeys (ConfUtils.java:logGet(43)) - raft.server.rpc.sleep.time = 25ms (default)
2019-09-25 05:54:05,225 [40dcd630-ad01-41c1-945d-8b29a9b08b55@group-1EDC6B0612C1:LeaderElection2] INFO  server.RaftServerConfigKeys (ConfUtils.java:logGet(43)) - raft.server.write.element-limit = 4096 (default)
2019-09-25 05:54:05,225 [40dcd630-ad01-41c1-945d-8b29a9b08b55@group-1EDC6B0612C1:LeaderElection2] INFO  server.RaftServerConfigKeys (ConfUtils.java:logGet(43)) - raft.server.watch.timeout = 10s (default)
2019-09-25 05:54:05,225 [40dcd630-ad01-41c1-945d-8b29a9b08b55@group-1EDC6B0612C1:LeaderElection2] INFO  server.RaftServerConfigKeys (ConfUtils.java:logGet(43)) - raft.server.watch.timeout.denomination = 1s (default)
2019-09-25 05:54:05,225 [40dcd630-ad01-41c1-945d-8b29a9b08b55@group-1EDC6B0612C1:LeaderElection2] INFO  server.RaftServerConfigKeys (ConfUtils.java:logGet(43)) - raft.server.watch.element-limit = 65536 (default)
2019-09-25 05:54:05,228 [40dcd630-ad01-41c1-945d-8b29a9b08b55@group-1EDC6B0612C1:LeaderElection2] INFO  impl.RoleInfo (RoleInfo.java:updateAndGet(143)) - 40dcd630-ad01-41c1-945d-8b29a9b08b55: start LeaderState
2019-09-25 05:54:05,228 [40dcd630-ad01-41c1-945d-8b29a9b08b55@group-1EDC6B0612C1:LeaderElection2] INFO  segmented.SegmentedRaftLogWorker (SegmentedRaftLogWorker.java:startLogSegment(380)) - 40dcd630-ad01-41c1-945d-8b29a9b08b55@group-1EDC6B0612C1-SegmentedRaftLogWorker: Starting segment from index:0
2019-09-25 05:54:05,229 [40dcd630-ad01-41c1-945d-8b29a9b08b55@group-1EDC6B0612C1:LeaderElection2] INFO  impl.RaftServerImpl (ServerState.java:setRaftConf(354)) - 40dcd630-ad01-41c1-945d-8b29a9b08b55@group-1EDC6B0612C1: set configuration 0: [40dcd630-ad01-41c1-945d-8b29a9b08b55:192.168.164.207:38778], old=null at 0
2019-09-25 05:54:05,266 [40dcd630-ad01-41c1-945d-8b29a9b08b55@group-1EDC6B0612C1-SegmentedRaftLogWorker] INFO  segmented.SegmentedRaftLogWorker (SegmentedRaftLogWorker.java:execute(569)) - 40dcd630-ad01-41c1-945d-8b29a9b08b55@group-1EDC6B0612C1-SegmentedRaftLogWorker: created new log segment /workdir/hadoop-ozone/integration-test/target/test-dir/MiniOzoneClusterImpl-4a157921-bac8-4948-8ccf-f55fe74fd98a/datanode-1/data/ratis/60a8d3d6-e4f7-4a4f-b8f2-1edc6b0612c1/current/log_inprogress_0
2019-09-25 05:54:05,406 [Thread-216] INFO  impl.FollowerState (FollowerState.java:run(106)) - 1ed6dadd-b0b2-432b-85f8-e2d308be821a:group-5704A4ACA230 changes to CANDIDATE, lastRpcTime:5166, electionTimeout:5165ms
2019-09-25 05:54:05,406 [Thread-216] INFO  impl.RoleInfo (RoleInfo.java:shutdownFollowerState(121)) - 1ed6dadd-b0b2-432b-85f8-e2d308be821a: shutdown FollowerState
2019-09-25 05:54:05,407 [Thread-216] INFO  impl.RaftServerImpl (RaftServerImpl.java:setRole(174)) - 1ed6dadd-b0b2-432b-85f8-e2d308be821a@group-5704A4ACA230: changes role from  FOLLOWER to CANDIDATE at term 0 for changeToCandidate
2019-09-25 05:54:05,407 [Thread-216] INFO  impl.RoleInfo (RoleInfo.java:updateAndGet(143)) - 1ed6dadd-b0b2-432b-85f8-e2d308be821a: start LeaderElection
2019-09-25 05:54:05,423 [1ed6dadd-b0b2-432b-85f8-e2d308be821a@group-5704A4ACA230:LeaderElection3] INFO  impl.LeaderElection (LeaderElection.java:askForVotes(182)) - 1ed6dadd-b0b2-432b-85f8-e2d308be821a@group-5704A4ACA230:LeaderElection3: begin an election at term 1 for -1: [1ed6dadd-b0b2-432b-85f8-e2d308be821a:192.168.164.207:46532], old=null
2019-09-25 05:54:05,424 [1ed6dadd-b0b2-432b-85f8-e2d308be821a@group-5704A4ACA230:LeaderElection3] INFO  impl.RoleInfo (RoleInfo.java:shutdownLeaderElection(134)) - 1ed6dadd-b0b2-432b-85f8-e2d308be821a: shutdown LeaderElection
2019-09-25 05:54:05,424 [1ed6dadd-b0b2-432b-85f8-e2d308be821a@group-5704A4ACA230:LeaderElection3] INFO  impl.RaftServerImpl (RaftServerImpl.java:setRole(174)) - 1ed6dadd-b0b2-432b-85f8-e2d308be821a@group-5704A4ACA230: changes role from CANDIDATE to LEADER at term 1 for changeToLeader
2019-09-25 05:54:05,424 [1ed6dadd-b0b2-432b-85f8-e2d308be821a@group-5704A4ACA230:LeaderElection3] INFO  impl.RaftServerImpl (ServerState.java:setLeader(253)) - 1ed6dadd-b0b2-432b-85f8-e2d308be821a@group-5704A4ACA230: change Leader from null to 1ed6dadd-b0b2-432b-85f8-e2d308be821a at term 1 for becomeLeader, leader elected after 5233ms
2019-09-25 05:54:05,426 [1ed6dadd-b0b2-432b-85f8-e2d308be821a@group-5704A4ACA230:LeaderElection3] INFO  server.RaftServerConfigKeys (ConfUtils.java:logGet(43)) - raft.server.staging.catchup.gap = 1000 (default)
2019-09-25 05:54:05,426 [1ed6dadd-b0b2-432b-85f8-e2d308be821a@group-5704A4ACA230:LeaderElection3] INFO  server.RaftServerConfigKeys (ConfUtils.java:logGet(43)) - raft.server.rpc.sleep.time = 25ms (default)
2019-09-25 05:54:05,426 [1ed6dadd-b0b2-432b-85f8-e2d308be821a@group-5704A4ACA230:LeaderElection3] INFO  server.RaftServerConfigKeys (ConfUtils.java:logGet(43)) - raft.server.write.element-limit = 4096 (default)
2019-09-25 05:54:05,426 [1ed6dadd-b0b2-432b-85f8-e2d308be821a@group-5704A4ACA230:LeaderElection3] INFO  server.RaftServerConfigKeys (ConfUtils.java:logGet(43)) - raft.server.watch.timeout = 10s (default)
2019-09-25 05:54:05,426 [1ed6dadd-b0b2-432b-85f8-e2d308be821a@group-5704A4ACA230:LeaderElection3] INFO  server.RaftServerConfigKeys (ConfUtils.java:logGet(43)) - raft.server.watch.timeout.denomination = 1s (default)
2019-09-25 05:54:05,427 [1ed6dadd-b0b2-432b-85f8-e2d308be821a@group-5704A4ACA230:LeaderElection3] INFO  server.RaftServerConfigKeys (ConfUtils.java:logGet(43)) - raft.server.watch.element-limit = 65536 (default)
2019-09-25 05:54:05,429 [1ed6dadd-b0b2-432b-85f8-e2d308be821a@group-5704A4ACA230:LeaderElection3] INFO  impl.RoleInfo (RoleInfo.java:updateAndGet(143)) - 1ed6dadd-b0b2-432b-85f8-e2d308be821a: start LeaderState
2019-09-25 05:54:05,429 [1ed6dadd-b0b2-432b-85f8-e2d308be821a@group-5704A4ACA230:LeaderElection3] INFO  segmented.SegmentedRaftLogWorker (SegmentedRaftLogWorker.java:startLogSegment(380)) - 1ed6dadd-b0b2-432b-85f8-e2d308be821a@group-5704A4ACA230-SegmentedRaftLogWorker: Starting segment from index:0
2019-09-25 05:54:05,430 [1ed6dadd-b0b2-432b-85f8-e2d308be821a@group-5704A4ACA230:LeaderElection3] INFO  impl.RaftServerImpl (ServerState.java:setRaftConf(354)) - 1ed6dadd-b0b2-432b-85f8-e2d308be821a@group-5704A4ACA230: set configuration 0: [1ed6dadd-b0b2-432b-85f8-e2d308be821a:192.168.164.207:46532], old=null at 0
2019-09-25 05:54:05,462 [Thread-222] INFO  impl.FollowerState (FollowerState.java:run(106)) - 40dcd630-ad01-41c1-945d-8b29a9b08b55:group-274294D649C9 changes to CANDIDATE, lastRpcTime:5085, electionTimeout:5085ms
2019-09-25 05:54:05,462 [Thread-222] INFO  impl.RoleInfo (RoleInfo.java:shutdownFollowerState(121)) - 40dcd630-ad01-41c1-945d-8b29a9b08b55: shutdown FollowerState
2019-09-25 05:54:05,462 [Thread-222] INFO  impl.RaftServerImpl (RaftServerImpl.java:setRole(174)) - 40dcd630-ad01-41c1-945d-8b29a9b08b55@group-274294D649C9: changes role from  FOLLOWER to CANDIDATE at term 0 for changeToCandidate
2019-09-25 05:54:05,462 [Thread-222] INFO  impl.RoleInfo (RoleInfo.java:updateAndGet(143)) - 40dcd630-ad01-41c1-945d-8b29a9b08b55: start LeaderElection
2019-09-25 05:54:05,467 [1ed6dadd-b0b2-432b-85f8-e2d308be821a@group-5704A4ACA230-SegmentedRaftLogWorker] INFO  segmented.SegmentedRaftLogWorker (SegmentedRaftLogWorker.java:execute(569)) - 1ed6dadd-b0b2-432b-85f8-e2d308be821a@group-5704A4ACA230-SegmentedRaftLogWorker: created new log segment /workdir/hadoop-ozone/integration-test/target/test-dir/MiniOzoneClusterImpl-4a157921-bac8-4948-8ccf-f55fe74fd98a/datanode-2/data/ratis/b5365667-7425-4519-bc63-5704a4aca230/current/log_inprogress_0
2019-09-25 05:54:05,480 [40dcd630-ad01-41c1-945d-8b29a9b08b55@group-274294D649C9:LeaderElection4] INFO  impl.LeaderElection (LeaderElection.java:askForVotes(182)) - 40dcd630-ad01-41c1-945d-8b29a9b08b55@group-274294D649C9:LeaderElection4: begin an election at term 1 for -1: [40dcd630-ad01-41c1-945d-8b29a9b08b55:192.168.164.207:38778], old=null
2019-09-25 05:54:05,480 [40dcd630-ad01-41c1-945d-8b29a9b08b55@group-274294D649C9:LeaderElection4] INFO  impl.RoleInfo (RoleInfo.java:shutdownLeaderElection(134)) - 40dcd630-ad01-41c1-945d-8b29a9b08b55: shutdown LeaderElection
2019-09-25 05:54:05,480 [40dcd630-ad01-41c1-945d-8b29a9b08b55@group-274294D649C9:LeaderElection4] INFO  impl.RaftServerImpl (RaftServerImpl.java:setRole(174)) - 40dcd630-ad01-41c1-945d-8b29a9b08b55@group-274294D649C9: changes role from CANDIDATE to LEADER at term 1 for changeToLeader
2019-09-25 05:54:05,480 [40dcd630-ad01-41c1-945d-8b29a9b08b55@group-274294D649C9:LeaderElection4] INFO  impl.RaftServerImpl (ServerState.java:setLeader(253)) - 40dcd630-ad01-41c1-945d-8b29a9b08b55@group-274294D649C9: change Leader from null to 40dcd630-ad01-41c1-945d-8b29a9b08b55 at term 1 for becomeLeader, leader elected after 5111ms
2019-09-25 05:54:05,480 [40dcd630-ad01-41c1-945d-8b29a9b08b55@group-274294D649C9:LeaderElection4] INFO  server.RaftServerConfigKeys (ConfUtils.java:logGet(43)) - raft.server.staging.catchup.gap = 1000 (default)
2019-09-25 05:54:05,480 [40dcd630-ad01-41c1-945d-8b29a9b08b55@group-274294D649C9:LeaderElection4] INFO  server.RaftServerConfigKeys (ConfUtils.java:logGet(43)) - raft.server.rpc.sleep.time = 25ms (default)
2019-09-25 05:54:05,480 [40dcd630-ad01-41c1-945d-8b29a9b08b55@group-274294D649C9:LeaderElection4] INFO  server.RaftServerConfigKeys (ConfUtils.java:logGet(43)) - raft.server.write.element-limit = 4096 (default)
2019-09-25 05:54:05,481 [40dcd630-ad01-41c1-945d-8b29a9b08b55@group-274294D649C9:LeaderElection4] INFO  server.RaftServerConfigKeys (ConfUtils.java:logGet(43)) - raft.server.watch.timeout = 10s (default)
2019-09-25 05:54:05,481 [40dcd630-ad01-41c1-945d-8b29a9b08b55@group-274294D649C9:LeaderElection4] INFO  server.RaftServerConfigKeys (ConfUtils.java:logGet(43)) - raft.server.watch.timeout.denomination = 1s (default)
2019-09-25 05:54:05,481 [40dcd630-ad01-41c1-945d-8b29a9b08b55@group-274294D649C9:LeaderElection4] INFO  server.RaftServerConfigKeys (ConfUtils.java:logGet(43)) - raft.server.watch.element-limit = 65536 (default)
2019-09-25 05:54:05,483 [40dcd630-ad01-41c1-945d-8b29a9b08b55@group-274294D649C9:LeaderElection4] INFO  impl.RoleInfo (RoleInfo.java:updateAndGet(143)) - 40dcd630-ad01-41c1-945d-8b29a9b08b55: start LeaderState
2019-09-25 05:54:05,483 [40dcd630-ad01-41c1-945d-8b29a9b08b55@group-274294D649C9:LeaderElection4] INFO  segmented.SegmentedRaftLogWorker (SegmentedRaftLogWorker.java:startLogSegment(380)) - 40dcd630-ad01-41c1-945d-8b29a9b08b55@group-274294D649C9-SegmentedRaftLogWorker: Starting segment from index:0
2019-09-25 05:54:05,483 [40dcd630-ad01-41c1-945d-8b29a9b08b55@group-274294D649C9:LeaderElection4] INFO  impl.RaftServerImpl (ServerState.java:setRaftConf(354)) - 40dcd630-ad01-41c1-945d-8b29a9b08b55@group-274294D649C9: set configuration 0: [40dcd630-ad01-41c1-945d-8b29a9b08b55:192.168.164.207:38778], old=null at 0
2019-09-25 05:54:05,507 [Thread-219] INFO  impl.FollowerState (FollowerState.java:run(106)) - 40dcd630-ad01-41c1-945d-8b29a9b08b55:group-22904BB71DE0 changes to CANDIDATE, lastRpcTime:5198, electionTimeout:5197ms
2019-09-25 05:54:05,508 [Thread-219] INFO  impl.RoleInfo (RoleInfo.java:shutdownFollowerState(121)) - 40dcd630-ad01-41c1-945d-8b29a9b08b55: shutdown FollowerState
2019-09-25 05:54:05,508 [Thread-219] INFO  impl.RaftServerImpl (RaftServerImpl.java:setRole(174)) - 40dcd630-ad01-41c1-945d-8b29a9b08b55@group-22904BB71DE0: changes role from  FOLLOWER to CANDIDATE at term 0 for changeToCandidate
2019-09-25 05:54:05,508 [Thread-219] INFO  impl.RoleInfo (RoleInfo.java:updateAndGet(143)) - 40dcd630-ad01-41c1-945d-8b29a9b08b55: start LeaderElection
2019-09-25 05:54:05,526 [Thread-225] INFO  impl.FollowerState (FollowerState.java:run(106)) - 03645d2f-1e20-4e0d-8661-d0c7ee952eef:group-1141AE66DB5D changes to CANDIDATE, lastRpcTime:5080, electionTimeout:5080ms
2019-09-25 05:54:05,526 [Thread-225] INFO  impl.RoleInfo (RoleInfo.java:shutdownFollowerState(121)) - 03645d2f-1e20-4e0d-8661-d0c7ee952eef: shutdown FollowerState
2019-09-25 05:54:05,526 [Thread-225] INFO  impl.RaftServerImpl (RaftServerImpl.java:setRole(174)) - 03645d2f-1e20-4e0d-8661-d0c7ee952eef@group-1141AE66DB5D: changes role from  FOLLOWER to CANDIDATE at term 0 for changeToCandidate
2019-09-25 05:54:05,527 [Thread-225] INFO  impl.RoleInfo (RoleInfo.java:updateAndGet(143)) - 03645d2f-1e20-4e0d-8661-d0c7ee952eef: start LeaderElection
2019-09-25 05:54:05,535 [40dcd630-ad01-41c1-945d-8b29a9b08b55@group-274294D649C9-SegmentedRaftLogWorker] INFO  segmented.SegmentedRaftLogWorker (SegmentedRaftLogWorker.java:execute(569)) - 40dcd630-ad01-41c1-945d-8b29a9b08b55@group-274294D649C9-SegmentedRaftLogWorker: created new log segment /workdir/hadoop-ozone/integration-test/target/test-dir/MiniOzoneClusterImpl-4a157921-bac8-4948-8ccf-f55fe74fd98a/datanode-1/data/ratis/c2cfa3e1-9c8a-484e-9b69-274294d649c9/current/log_inprogress_0
2019-09-25 05:54:05,535 [03645d2f-1e20-4e0d-8661-d0c7ee952eef@group-1141AE66DB5D:LeaderElection6] INFO  impl.LeaderElection (LeaderElection.java:askForVotes(182)) - 03645d2f-1e20-4e0d-8661-d0c7ee952eef@group-1141AE66DB5D:LeaderElection6: begin an election at term 1 for -1: [03645d2f-1e20-4e0d-8661-d0c7ee952eef:192.168.164.207:38201], old=null
2019-09-25 05:54:05,535 [40dcd630-ad01-41c1-945d-8b29a9b08b55@group-22904BB71DE0:LeaderElection5] INFO  impl.LeaderElection (LeaderElection.java:askForVotes(182)) - 40dcd630-ad01-41c1-945d-8b29a9b08b55@group-22904BB71DE0:LeaderElection5: begin an election at term 1 for -1: [40dcd630-ad01-41c1-945d-8b29a9b08b55:192.168.164.207:38778], old=null
2019-09-25 05:54:05,535 [03645d2f-1e20-4e0d-8661-d0c7ee952eef@group-1141AE66DB5D:LeaderElection6] INFO  impl.RoleInfo (RoleInfo.java:shutdownLeaderElection(134)) - 03645d2f-1e20-4e0d-8661-d0c7ee952eef: shutdown LeaderElection
2019-09-25 05:54:05,535 [40dcd630-ad01-41c1-945d-8b29a9b08b55@group-22904BB71DE0:LeaderElection5] INFO  impl.RoleInfo (RoleInfo.java:shutdownLeaderElection(134)) - 40dcd630-ad01-41c1-945d-8b29a9b08b55: shutdown LeaderElection
2019-09-25 05:54:05,535 [03645d2f-1e20-4e0d-8661-d0c7ee952eef@group-1141AE66DB5D:LeaderElection6] INFO  impl.RaftServerImpl (RaftServerImpl.java:setRole(174)) - 03645d2f-1e20-4e0d-8661-d0c7ee952eef@group-1141AE66DB5D: changes role from CANDIDATE to LEADER at term 1 for changeToLeader
2019-09-25 05:54:05,536 [40dcd630-ad01-41c1-945d-8b29a9b08b55@group-22904BB71DE0:LeaderElection5] INFO  impl.RaftServerImpl (RaftServerImpl.java:setRole(174)) - 40dcd630-ad01-41c1-945d-8b29a9b08b55@group-22904BB71DE0: changes role from CANDIDATE to LEADER at term 1 for changeToLeader
2019-09-25 05:54:05,536 [03645d2f-1e20-4e0d-8661-d0c7ee952eef@group-1141AE66DB5D:LeaderElection6] INFO  impl.RaftServerImpl (ServerState.java:setLeader(253)) - 03645d2f-1e20-4e0d-8661-d0c7ee952eef@group-1141AE66DB5D: change Leader from null to 03645d2f-1e20-4e0d-8661-d0c7ee952eef at term 1 for becomeLeader, leader elected after 5098ms
2019-09-25 05:54:05,536 [40dcd630-ad01-41c1-945d-8b29a9b08b55@group-22904BB71DE0:LeaderElection5] INFO  impl.RaftServerImpl (ServerState.java:setLeader(253)) - 40dcd630-ad01-41c1-945d-8b29a9b08b55@group-22904BB71DE0: change Leader from null to 40dcd630-ad01-41c1-945d-8b29a9b08b55 at term 1 for becomeLeader, leader elected after 5233ms
2019-09-25 05:54:05,536 [03645d2f-1e20-4e0d-8661-d0c7ee952eef@group-1141AE66DB5D:LeaderElection6] INFO  server.RaftServerConfigKeys (ConfUtils.java:logGet(43)) - raft.server.staging.catchup.gap = 1000 (default)
2019-09-25 05:54:05,536 [40dcd630-ad01-41c1-945d-8b29a9b08b55@group-22904BB71DE0:LeaderElection5] INFO  server.RaftServerConfigKeys (ConfUtils.java:logGet(43)) - raft.server.staging.catchup.gap = 1000 (default)
2019-09-25 05:54:05,536 [03645d2f-1e20-4e0d-8661-d0c7ee952eef@group-1141AE66DB5D:LeaderElection6] INFO  server.RaftServerConfigKeys (ConfUtils.java:logGet(43)) - raft.server.rpc.sleep.time = 25ms (default)
2019-09-25 05:54:05,536 [40dcd630-ad01-41c1-945d-8b29a9b08b55@group-22904BB71DE0:LeaderElection5] INFO  server.RaftServerConfigKeys (ConfUtils.java:logGet(43)) - raft.server.rpc.sleep.time = 25ms (default)
2019-09-25 05:54:05,536 [03645d2f-1e20-4e0d-8661-d0c7ee952eef@group-1141AE66DB5D:LeaderElection6] INFO  server.RaftServerConfigKeys (ConfUtils.java:logGet(43)) - raft.server.write.element-limit = 4096 (default)
2019-09-25 05:54:05,537 [40dcd630-ad01-41c1-945d-8b29a9b08b55@group-22904BB71DE0:LeaderElection5] INFO  server.RaftServerConfigKeys (ConfUtils.java:logGet(43)) - raft.server.write.element-limit = 4096 (default)
2019-09-25 05:54:05,537 [03645d2f-1e20-4e0d-8661-d0c7ee952eef@group-1141AE66DB5D:LeaderElection6] INFO  server.RaftServerConfigKeys (ConfUtils.java:logGet(43)) - raft.server.watch.timeout = 10s (default)
2019-09-25 05:54:05,537 [40dcd630-ad01-41c1-945d-8b29a9b08b55@group-22904BB71DE0:LeaderElection5] INFO  server.RaftServerConfigKeys (ConfUtils.java:logGet(43)) - raft.server.watch.timeout = 10s (default)
2019-09-25 05:54:05,537 [03645d2f-1e20-4e0d-8661-d0c7ee952eef@group-1141AE66DB5D:LeaderElection6] INFO  server.RaftServerConfigKeys (ConfUtils.java:logGet(43)) - raft.server.watch.timeout.denomination = 1s (default)
2019-09-25 05:54:05,537 [40dcd630-ad01-41c1-945d-8b29a9b08b55@group-22904BB71DE0:LeaderElection5] INFO  server.RaftServerConfigKeys (ConfUtils.java:logGet(43)) - raft.server.watch.timeout.denomination = 1s (default)
2019-09-25 05:54:05,537 [03645d2f-1e20-4e0d-8661-d0c7ee952eef@group-1141AE66DB5D:LeaderElection6] INFO  server.RaftServerConfigKeys (ConfUtils.java:logGet(43)) - raft.server.watch.element-limit = 65536 (default)
2019-09-25 05:54:05,537 [40dcd630-ad01-41c1-945d-8b29a9b08b55@group-22904BB71DE0:LeaderElection5] INFO  server.RaftServerConfigKeys (ConfUtils.java:logGet(43)) - raft.server.watch.element-limit = 65536 (default)
2019-09-25 05:54:05,541 [03645d2f-1e20-4e0d-8661-d0c7ee952eef@group-1141AE66DB5D:LeaderElection6] INFO  impl.RoleInfo (RoleInfo.java:updateAndGet(143)) - 03645d2f-1e20-4e0d-8661-d0c7ee952eef: start LeaderState
2019-09-25 05:54:05,542 [03645d2f-1e20-4e0d-8661-d0c7ee952eef@group-1141AE66DB5D:LeaderElection6] INFO  segmented.SegmentedRaftLogWorker (SegmentedRaftLogWorker.java:startLogSegment(380)) - 03645d2f-1e20-4e0d-8661-d0c7ee952eef@group-1141AE66DB5D-SegmentedRaftLogWorker: Starting segment from index:0
2019-09-25 05:54:05,542 [03645d2f-1e20-4e0d-8661-d0c7ee952eef@group-1141AE66DB5D:LeaderElection6] INFO  impl.RaftServerImpl (ServerState.java:setRaftConf(354)) - 03645d2f-1e20-4e0d-8661-d0c7ee952eef@group-1141AE66DB5D: set configuration 0: [03645d2f-1e20-4e0d-8661-d0c7ee952eef:192.168.164.207:38201], old=null at 0
2019-09-25 05:54:05,575 [Thread-228] INFO  impl.FollowerState (FollowerState.java:run(106)) - 03645d2f-1e20-4e0d-8661-d0c7ee952eef:group-9FD6961C6FAC changes to CANDIDATE, lastRpcTime:5061, electionTimeout:5053ms
2019-09-25 05:54:05,576 [Thread-228] INFO  impl.RoleInfo (RoleInfo.java:shutdownFollowerState(121)) - 03645d2f-1e20-4e0d-8661-d0c7ee952eef: shutdown FollowerState
2019-09-25 05:54:05,576 [Thread-228] INFO  impl.RaftServerImpl (RaftServerImpl.java:setRole(174)) - 03645d2f-1e20-4e0d-8661-d0c7ee952eef@group-9FD6961C6FAC: changes role from  FOLLOWER to CANDIDATE at term 0 for changeToCandidate
2019-09-25 05:54:05,576 [40dcd630-ad01-41c1-945d-8b29a9b08b55@group-22904BB71DE0:LeaderElection5] INFO  impl.RoleInfo (RoleInfo.java:updateAndGet(143)) - 40dcd630-ad01-41c1-945d-8b29a9b08b55: start LeaderState
2019-09-25 05:54:05,576 [Thread-228] INFO  impl.RoleInfo (RoleInfo.java:updateAndGet(143)) - 03645d2f-1e20-4e0d-8661-d0c7ee952eef: start LeaderElection
2019-09-25 05:54:05,576 [40dcd630-ad01-41c1-945d-8b29a9b08b55@group-22904BB71DE0:LeaderElection5] INFO  segmented.SegmentedRaftLogWorker (SegmentedRaftLogWorker.java:startLogSegment(380)) - 40dcd630-ad01-41c1-945d-8b29a9b08b55@group-22904BB71DE0-SegmentedRaftLogWorker: Starting segment from index:0
2019-09-25 05:54:05,580 [40dcd630-ad01-41c1-945d-8b29a9b08b55@group-22904BB71DE0:LeaderElection5] INFO  impl.RaftServerImpl (ServerState.java:setRaftConf(354)) - 40dcd630-ad01-41c1-945d-8b29a9b08b55@group-22904BB71DE0: set configuration 0: [40dcd630-ad01-41c1-945d-8b29a9b08b55:192.168.164.207:38778], old=null at 0
2019-09-25 05:54:05,589 [03645d2f-1e20-4e0d-8661-d0c7ee952eef@group-1141AE66DB5D-SegmentedRaftLogWorker] INFO  segmented.SegmentedRaftLogWorker (SegmentedRaftLogWorker.java:execute(569)) - 03645d2f-1e20-4e0d-8661-d0c7ee952eef@group-1141AE66DB5D-SegmentedRaftLogWorker: created new log segment /workdir/hadoop-ozone/integration-test/target/test-dir/MiniOzoneClusterImpl-4a157921-bac8-4948-8ccf-f55fe74fd98a/datanode-0/data/ratis/51f038ce-942b-423c-9ca6-1141ae66db5d/current/log_inprogress_0
2019-09-25 05:54:05,589 [03645d2f-1e20-4e0d-8661-d0c7ee952eef@group-9FD6961C6FAC:LeaderElection7] INFO  impl.LeaderElection (LeaderElection.java:askForVotes(182)) - 03645d2f-1e20-4e0d-8661-d0c7ee952eef@group-9FD6961C6FAC:LeaderElection7: begin an election at term 1 for -1: [03645d2f-1e20-4e0d-8661-d0c7ee952eef:192.168.164.207:38201], old=null
2019-09-25 05:54:05,589 [03645d2f-1e20-4e0d-8661-d0c7ee952eef@group-9FD6961C6FAC:LeaderElection7] INFO  impl.RoleInfo (RoleInfo.java:shutdownLeaderElection(134)) - 03645d2f-1e20-4e0d-8661-d0c7ee952eef: shutdown LeaderElection
2019-09-25 05:54:05,589 [03645d2f-1e20-4e0d-8661-d0c7ee952eef@group-9FD6961C6FAC:LeaderElection7] INFO  impl.RaftServerImpl (RaftServerImpl.java:setRole(174)) - 03645d2f-1e20-4e0d-8661-d0c7ee952eef@group-9FD6961C6FAC: changes role from CANDIDATE to LEADER at term 1 for changeToLeader
2019-09-25 05:54:05,589 [03645d2f-1e20-4e0d-8661-d0c7ee952eef@group-9FD6961C6FAC:LeaderElection7] INFO  impl.RaftServerImpl (ServerState.java:setLeader(253)) - 03645d2f-1e20-4e0d-8661-d0c7ee952eef@group-9FD6961C6FAC: change Leader from null to 03645d2f-1e20-4e0d-8661-d0c7ee952eef at term 1 for becomeLeader, leader elected after 5084ms
2019-09-25 05:54:05,589 [03645d2f-1e20-4e0d-8661-d0c7ee952eef@group-9FD6961C6FAC:LeaderElection7] INFO  server.RaftServerConfigKeys (ConfUtils.java:logGet(43)) - raft.server.staging.catchup.gap = 1000 (default)
2019-09-25 05:54:05,590 [03645d2f-1e20-4e0d-8661-d0c7ee952eef@group-9FD6961C6FAC:LeaderElection7] INFO  server.RaftServerConfigKeys (ConfUtils.java:logGet(43)) - raft.server.rpc.sleep.time = 25ms (default)
2019-09-25 05:54:05,590 [03645d2f-1e20-4e0d-8661-d0c7ee952eef@group-9FD6961C6FAC:LeaderElection7] INFO  server.RaftServerConfigKeys (ConfUtils.java:logGet(43)) - raft.server.write.element-limit = 4096 (default)
2019-09-25 05:54:05,590 [03645d2f-1e20-4e0d-8661-d0c7ee952eef@group-9FD6961C6FAC:LeaderElection7] INFO  server.RaftServerConfigKeys (ConfUtils.java:logGet(43)) - raft.server.watch.timeout = 10s (default)
2019-09-25 05:54:05,590 [03645d2f-1e20-4e0d-8661-d0c7ee952eef@group-9FD6961C6FAC:LeaderElection7] INFO  server.RaftServerConfigKeys (ConfUtils.java:logGet(43)) - raft.server.watch.timeout.denomination = 1s (default)
2019-09-25 05:54:05,590 [03645d2f-1e20-4e0d-8661-d0c7ee952eef@group-9FD6961C6FAC:LeaderElection7] INFO  server.RaftServerConfigKeys (ConfUtils.java:logGet(43)) - raft.server.watch.element-limit = 65536 (default)
2019-09-25 05:54:05,592 [03645d2f-1e20-4e0d-8661-d0c7ee952eef@group-9FD6961C6FAC:LeaderElection7] INFO  impl.RoleInfo (RoleInfo.java:updateAndGet(143)) - 03645d2f-1e20-4e0d-8661-d0c7ee952eef: start LeaderState
2019-09-25 05:54:05,592 [03645d2f-1e20-4e0d-8661-d0c7ee952eef@group-9FD6961C6FAC:LeaderElection7] INFO  segmented.SegmentedRaftLogWorker (SegmentedRaftLogWorker.java:startLogSegment(380)) - 03645d2f-1e20-4e0d-8661-d0c7ee952eef@group-9FD6961C6FAC-SegmentedRaftLogWorker: Starting segment from index:0
2019-09-25 05:54:05,593 [03645d2f-1e20-4e0d-8661-d0c7ee952eef@group-9FD6961C6FAC:LeaderElection7] INFO  impl.RaftServerImpl (ServerState.java:setRaftConf(354)) - 03645d2f-1e20-4e0d-8661-d0c7ee952eef@group-9FD6961C6FAC: set configuration 0: [03645d2f-1e20-4e0d-8661-d0c7ee952eef:192.168.164.207:38201], old=null at 0
2019-09-25 05:54:05,634 [40dcd630-ad01-41c1-945d-8b29a9b08b55@group-22904BB71DE0-SegmentedRaftLogWorker] INFO  segmented.SegmentedRaftLogWorker (SegmentedRaftLogWorker.java:execute(569)) - 40dcd630-ad01-41c1-945d-8b29a9b08b55@group-22904BB71DE0-SegmentedRaftLogWorker: created new log segment /workdir/hadoop-ozone/integration-test/target/test-dir/MiniOzoneClusterImpl-4a157921-bac8-4948-8ccf-f55fe74fd98a/datanode-1/data/ratis/856004f2-8cd7-46cd-b4a6-22904bb71de0/current/log_inprogress_0
2019-09-25 05:54:05,634 [03645d2f-1e20-4e0d-8661-d0c7ee952eef@group-9FD6961C6FAC-SegmentedRaftLogWorker] INFO  segmented.SegmentedRaftLogWorker (SegmentedRaftLogWorker.java:execute(569)) - 03645d2f-1e20-4e0d-8661-d0c7ee952eef@group-9FD6961C6FAC-SegmentedRaftLogWorker: created new log segment /workdir/hadoop-ozone/integration-test/target/test-dir/MiniOzoneClusterImpl-4a157921-bac8-4948-8ccf-f55fe74fd98a/datanode-0/data/ratis/3cfaf6bc-e286-45bb-b4e5-9fd6961c6fac/current/log_inprogress_0
2019-09-25 05:54:05,761 [Thread-234] INFO  impl.FollowerState (FollowerState.java:run(106)) - 511ff9a4-402a-459c-948c-b9450b1400e6:group-F156F0D07332 changes to CANDIDATE, lastRpcTime:5105, electionTimeout:5105ms
2019-09-25 05:54:05,761 [Thread-234] INFO  impl.RoleInfo (RoleInfo.java:shutdownFollowerState(121)) - 511ff9a4-402a-459c-948c-b9450b1400e6: shutdown FollowerState
2019-09-25 05:54:05,762 [Thread-234] INFO  impl.RaftServerImpl (RaftServerImpl.java:setRole(174)) - 511ff9a4-402a-459c-948c-b9450b1400e6@group-F156F0D07332: changes role from  FOLLOWER to CANDIDATE at term 0 for changeToCandidate
2019-09-25 05:54:05,762 [Thread-234] INFO  impl.RoleInfo (RoleInfo.java:updateAndGet(143)) - 511ff9a4-402a-459c-948c-b9450b1400e6: start LeaderElection
2019-09-25 05:54:05,769 [Thread-231] INFO  impl.FollowerState (FollowerState.java:run(106)) - 40dcd630-ad01-41c1-945d-8b29a9b08b55:group-12FEF31C7255 changes to CANDIDATE, lastRpcTime:5193, electionTimeout:5193ms
2019-09-25 05:54:05,770 [Thread-231] INFO  impl.RoleInfo (RoleInfo.java:shutdownFollowerState(121)) - 40dcd630-ad01-41c1-945d-8b29a9b08b55: shutdown FollowerState
2019-09-25 05:54:05,770 [Thread-231] INFO  impl.RaftServerImpl (RaftServerImpl.java:setRole(174)) - 40dcd630-ad01-41c1-945d-8b29a9b08b55@group-12FEF31C7255: changes role from  FOLLOWER to CANDIDATE at term 0 for changeToCandidate
2019-09-25 05:54:05,770 [Thread-231] INFO  impl.RoleInfo (RoleInfo.java:updateAndGet(143)) - 40dcd630-ad01-41c1-945d-8b29a9b08b55: start LeaderElection
2019-09-25 05:54:05,778 [511ff9a4-402a-459c-948c-b9450b1400e6@group-F156F0D07332:LeaderElection8] INFO  impl.LeaderElection (LeaderElection.java:askForVotes(182)) - 511ff9a4-402a-459c-948c-b9450b1400e6@group-F156F0D07332:LeaderElection8: begin an election at term 1 for -1: [511ff9a4-402a-459c-948c-b9450b1400e6:192.168.164.207:38058], old=null
2019-09-25 05:54:05,778 [511ff9a4-402a-459c-948c-b9450b1400e6@group-F156F0D07332:LeaderElection8] INFO  impl.RoleInfo (RoleInfo.java:shutdownLeaderElection(134)) - 511ff9a4-402a-459c-948c-b9450b1400e6: shutdown LeaderElection
2019-09-25 05:54:05,778 [511ff9a4-402a-459c-948c-b9450b1400e6@group-F156F0D07332:LeaderElection8] INFO  impl.RaftServerImpl (RaftServerImpl.java:setRole(174)) - 511ff9a4-402a-459c-948c-b9450b1400e6@group-F156F0D07332: changes role from CANDIDATE to LEADER at term 1 for changeToLeader
2019-09-25 05:54:05,778 [511ff9a4-402a-459c-948c-b9450b1400e6@group-F156F0D07332:LeaderElection8] INFO  impl.RaftServerImpl (ServerState.java:setLeader(253)) - 511ff9a4-402a-459c-948c-b9450b1400e6@group-F156F0D07332: change Leader from null to 511ff9a4-402a-459c-948c-b9450b1400e6 at term 1 for becomeLeader, leader elected after 5133ms
2019-09-25 05:54:05,780 [511ff9a4-402a-459c-948c-b9450b1400e6@group-F156F0D07332:LeaderElection8] INFO  server.RaftServerConfigKeys (ConfUtils.java:logGet(43)) - raft.server.staging.catchup.gap = 1000 (default)
2019-09-25 05:54:05,780 [40dcd630-ad01-41c1-945d-8b29a9b08b55@group-12FEF31C7255:LeaderElection9] INFO  impl.LeaderElection (LeaderElection.java:askForVotes(182)) - 40dcd630-ad01-41c1-945d-8b29a9b08b55@group-12FEF31C7255:LeaderElection9: begin an election at term 1 for -1: [40dcd630-ad01-41c1-945d-8b29a9b08b55:192.168.164.207:38778], old=null
2019-09-25 05:54:05,781 [511ff9a4-402a-459c-948c-b9450b1400e6@group-F156F0D07332:LeaderElection8] INFO  server.RaftServerConfigKeys (ConfUtils.java:logGet(43)) - raft.server.rpc.sleep.time = 25ms (default)
2019-09-25 05:54:05,781 [40dcd630-ad01-41c1-945d-8b29a9b08b55@group-12FEF31C7255:LeaderElection9] INFO  impl.RoleInfo (RoleInfo.java:shutdownLeaderElection(134)) - 40dcd630-ad01-41c1-945d-8b29a9b08b55: shutdown LeaderElection
2019-09-25 05:54:05,781 [40dcd630-ad01-41c1-945d-8b29a9b08b55@group-12FEF31C7255:LeaderElection9] INFO  impl.RaftServerImpl (RaftServerImpl.java:setRole(174)) - 40dcd630-ad01-41c1-945d-8b29a9b08b55@group-12FEF31C7255: changes role from CANDIDATE to LEADER at term 1 for changeToLeader
2019-09-25 05:54:05,781 [511ff9a4-402a-459c-948c-b9450b1400e6@group-F156F0D07332:LeaderElection8] INFO  server.RaftServerConfigKeys (ConfUtils.java:logGet(43)) - raft.server.write.element-limit = 4096 (default)
2019-09-25 05:54:05,781 [40dcd630-ad01-41c1-945d-8b29a9b08b55@group-12FEF31C7255:LeaderElection9] INFO  impl.RaftServerImpl (ServerState.java:setLeader(253)) - 40dcd630-ad01-41c1-945d-8b29a9b08b55@group-12FEF31C7255: change Leader from null to 40dcd630-ad01-41c1-945d-8b29a9b08b55 at term 1 for becomeLeader, leader elected after 5213ms
2019-09-25 05:54:05,781 [511ff9a4-402a-459c-948c-b9450b1400e6@group-F156F0D07332:LeaderElection8] INFO  server.RaftServerConfigKeys (ConfUtils.java:logGet(43)) - raft.server.watch.timeout = 10s (default)
2019-09-25 05:54:05,781 [40dcd630-ad01-41c1-945d-8b29a9b08b55@group-12FEF31C7255:LeaderElection9] INFO  server.RaftServerConfigKeys (ConfUtils.java:logGet(43)) - raft.server.staging.catchup.gap = 1000 (default)
2019-09-25 05:54:05,781 [511ff9a4-402a-459c-948c-b9450b1400e6@group-F156F0D07332:LeaderElection8] INFO  server.RaftServerConfigKeys (ConfUtils.java:logGet(43)) - raft.server.watch.timeout.denomination = 1s (default)
2019-09-25 05:54:05,781 [40dcd630-ad01-41c1-945d-8b29a9b08b55@group-12FEF31C7255:LeaderElection9] INFO  server.RaftServerConfigKeys (ConfUtils.java:logGet(43)) - raft.server.rpc.sleep.time = 25ms (default)
2019-09-25 05:54:05,782 [511ff9a4-402a-459c-948c-b9450b1400e6@group-F156F0D07332:LeaderElection8] INFO  server.RaftServerConfigKeys (ConfUtils.java:logGet(43)) - raft.server.watch.element-limit = 65536 (default)
2019-09-25 05:54:05,782 [40dcd630-ad01-41c1-945d-8b29a9b08b55@group-12FEF31C7255:LeaderElection9] INFO  server.RaftServerConfigKeys (ConfUtils.java:logGet(43)) - raft.server.write.element-limit = 4096 (default)
2019-09-25 05:54:05,782 [40dcd630-ad01-41c1-945d-8b29a9b08b55@group-12FEF31C7255:LeaderElection9] INFO  server.RaftServerConfigKeys (ConfUtils.java:logGet(43)) - raft.server.watch.timeout = 10s (default)
2019-09-25 05:54:05,782 [40dcd630-ad01-41c1-945d-8b29a9b08b55@group-12FEF31C7255:LeaderElection9] INFO  server.RaftServerConfigKeys (ConfUtils.java:logGet(43)) - raft.server.watch.timeout.denomination = 1s (default)
2019-09-25 05:54:05,782 [40dcd630-ad01-41c1-945d-8b29a9b08b55@group-12FEF31C7255:LeaderElection9] INFO  server.RaftServerConfigKeys (ConfUtils.java:logGet(43)) - raft.server.watch.element-limit = 65536 (default)
2019-09-25 05:54:05,785 [511ff9a4-402a-459c-948c-b9450b1400e6@group-F156F0D07332:LeaderElection8] INFO  impl.RoleInfo (RoleInfo.java:updateAndGet(143)) - 511ff9a4-402a-459c-948c-b9450b1400e6: start LeaderState
2019-09-25 05:54:05,785 [40dcd630-ad01-41c1-945d-8b29a9b08b55@group-12FEF31C7255:LeaderElection9] INFO  impl.RoleInfo (RoleInfo.java:updateAndGet(143)) - 40dcd630-ad01-41c1-945d-8b29a9b08b55: start LeaderState
2019-09-25 05:54:05,786 [40dcd630-ad01-41c1-945d-8b29a9b08b55@group-12FEF31C7255:LeaderElection9] INFO  segmented.SegmentedRaftLogWorker (SegmentedRaftLogWorker.java:startLogSegment(380)) - 40dcd630-ad01-41c1-945d-8b29a9b08b55@group-12FEF31C7255-SegmentedRaftLogWorker: Starting segment from index:0
2019-09-25 05:54:05,786 [511ff9a4-402a-459c-948c-b9450b1400e6@group-F156F0D07332:LeaderElection8] INFO  segmented.SegmentedRaftLogWorker (SegmentedRaftLogWorker.java:startLogSegment(380)) - 511ff9a4-402a-459c-948c-b9450b1400e6@group-F156F0D07332-SegmentedRaftLogWorker: Starting segment from index:0
2019-09-25 05:54:05,786 [40dcd630-ad01-41c1-945d-8b29a9b08b55@group-12FEF31C7255:LeaderElection9] INFO  impl.RaftServerImpl (ServerState.java:setRaftConf(354)) - 40dcd630-ad01-41c1-945d-8b29a9b08b55@group-12FEF31C7255: set configuration 0: [40dcd630-ad01-41c1-945d-8b29a9b08b55:192.168.164.207:38778], old=null at 0
2019-09-25 05:54:05,818 [511ff9a4-402a-459c-948c-b9450b1400e6@group-F156F0D07332:LeaderElection8] INFO  impl.RaftServerImpl (ServerState.java:setRaftConf(354)) - 511ff9a4-402a-459c-948c-b9450b1400e6@group-F156F0D07332: set configuration 0: [511ff9a4-402a-459c-948c-b9450b1400e6:192.168.164.207:38058], old=null at 0
2019-09-25 05:54:05,855 [40dcd630-ad01-41c1-945d-8b29a9b08b55@group-12FEF31C7255-SegmentedRaftLogWorker] INFO  segmented.SegmentedRaftLogWorker (SegmentedRaftLogWorker.java:execute(569)) - 40dcd630-ad01-41c1-945d-8b29a9b08b55@group-12FEF31C7255-SegmentedRaftLogWorker: created new log segment /workdir/hadoop-ozone/integration-test/target/test-dir/MiniOzoneClusterImpl-4a157921-bac8-4948-8ccf-f55fe74fd98a/datanode-1/data/ratis/5056958e-d548-4069-b1bc-12fef31c7255/current/log_inprogress_0
2019-09-25 05:54:05,861 [511ff9a4-402a-459c-948c-b9450b1400e6@group-F156F0D07332-SegmentedRaftLogWorker] INFO  segmented.SegmentedRaftLogWorker (SegmentedRaftLogWorker.java:execute(569)) - 511ff9a4-402a-459c-948c-b9450b1400e6@group-F156F0D07332-SegmentedRaftLogWorker: created new log segment /workdir/hadoop-ozone/integration-test/target/test-dir/MiniOzoneClusterImpl-4a157921-bac8-4948-8ccf-f55fe74fd98a/datanode-3/data/ratis/aa081d7d-fc6d-4a69-bf8c-f156f0d07332/current/log_inprogress_0
2019-09-25 05:54:05,888 [Thread-237] INFO  impl.FollowerState (FollowerState.java:run(106)) - 40dcd630-ad01-41c1-945d-8b29a9b08b55:group-DEA3C54B09B4 changes to CANDIDATE, lastRpcTime:5172, electionTimeout:5172ms
2019-09-25 05:54:05,888 [Thread-237] INFO  impl.RoleInfo (RoleInfo.java:shutdownFollowerState(121)) - 40dcd630-ad01-41c1-945d-8b29a9b08b55: shutdown FollowerState
2019-09-25 05:54:05,888 [Thread-237] INFO  impl.RaftServerImpl (RaftServerImpl.java:setRole(174)) - 40dcd630-ad01-41c1-945d-8b29a9b08b55@group-DEA3C54B09B4: changes role from  FOLLOWER to CANDIDATE at term 0 for changeToCandidate
2019-09-25 05:54:05,888 [Thread-237] INFO  impl.RoleInfo (RoleInfo.java:updateAndGet(143)) - 40dcd630-ad01-41c1-945d-8b29a9b08b55: start LeaderElection
2019-09-25 05:54:05,905 [40dcd630-ad01-41c1-945d-8b29a9b08b55@group-DEA3C54B09B4:LeaderElection10] INFO  impl.LeaderElection (LeaderElection.java:askForVotes(182)) - 40dcd630-ad01-41c1-945d-8b29a9b08b55@group-DEA3C54B09B4:LeaderElection10: begin an election at term 1 for -1: [40dcd630-ad01-41c1-945d-8b29a9b08b55:192.168.164.207:38778], old=null
2019-09-25 05:54:05,905 [40dcd630-ad01-41c1-945d-8b29a9b08b55@group-DEA3C54B09B4:LeaderElection10] INFO  impl.RoleInfo (RoleInfo.java:shutdownLeaderElection(134)) - 40dcd630-ad01-41c1-945d-8b29a9b08b55: shutdown LeaderElection
2019-09-25 05:54:05,905 [40dcd630-ad01-41c1-945d-8b29a9b08b55@group-DEA3C54B09B4:LeaderElection10] INFO  impl.RaftServerImpl (RaftServerImpl.java:setRole(174)) - 40dcd630-ad01-41c1-945d-8b29a9b08b55@group-DEA3C54B09B4: changes role from CANDIDATE to LEADER at term 1 for changeToLeader
2019-09-25 05:54:05,905 [40dcd630-ad01-41c1-945d-8b29a9b08b55@group-DEA3C54B09B4:LeaderElection10] INFO  impl.RaftServerImpl (ServerState.java:setLeader(253)) - 40dcd630-ad01-41c1-945d-8b29a9b08b55@group-DEA3C54B09B4: change Leader from null to 40dcd630-ad01-41c1-945d-8b29a9b08b55 at term 1 for becomeLeader, leader elected after 5196ms
2019-09-25 05:54:05,905 [40dcd630-ad01-41c1-945d-8b29a9b08b55@group-DEA3C54B09B4:LeaderElection10] INFO  server.RaftServerConfigKeys (ConfUtils.java:logGet(43)) - raft.server.staging.catchup.gap = 1000 (default)
2019-09-25 05:54:05,906 [40dcd630-ad01-41c1-945d-8b29a9b08b55@group-DEA3C54B09B4:LeaderElection10] INFO  server.RaftServerConfigKeys (ConfUtils.java:logGet(43)) - raft.server.rpc.sleep.time = 25ms (default)
2019-09-25 05:54:05,906 [40dcd630-ad01-41c1-945d-8b29a9b08b55@group-DEA3C54B09B4:LeaderElection10] INFO  server.RaftServerConfigKeys (ConfUtils.java:logGet(43)) - raft.server.write.element-limit = 4096 (default)
2019-09-25 05:54:05,906 [40dcd630-ad01-41c1-945d-8b29a9b08b55@group-DEA3C54B09B4:LeaderElection10] INFO  server.RaftServerConfigKeys (ConfUtils.java:logGet(43)) - raft.server.watch.timeout = 10s (default)
2019-09-25 05:54:05,906 [40dcd630-ad01-41c1-945d-8b29a9b08b55@group-DEA3C54B09B4:LeaderElection10] INFO  server.RaftServerConfigKeys (ConfUtils.java:logGet(43)) - raft.server.watch.timeout.denomination = 1s (default)
2019-09-25 05:54:05,907 [40dcd630-ad01-41c1-945d-8b29a9b08b55@group-DEA3C54B09B4:LeaderElection10] INFO  server.RaftServerConfigKeys (ConfUtils.java:logGet(43)) - raft.server.watch.element-limit = 65536 (default)
2019-09-25 05:54:05,910 [40dcd630-ad01-41c1-945d-8b29a9b08b55@group-DEA3C54B09B4:LeaderElection10] INFO  impl.RoleInfo (RoleInfo.java:updateAndGet(143)) - 40dcd630-ad01-41c1-945d-8b29a9b08b55: start LeaderState
2019-09-25 05:54:05,911 [40dcd630-ad01-41c1-945d-8b29a9b08b55@group-DEA3C54B09B4:LeaderElection10] INFO  segmented.SegmentedRaftLogWorker (SegmentedRaftLogWorker.java:startLogSegment(380)) - 40dcd630-ad01-41c1-945d-8b29a9b08b55@group-DEA3C54B09B4-SegmentedRaftLogWorker: Starting segment from index:0
2019-09-25 05:54:05,912 [40dcd630-ad01-41c1-945d-8b29a9b08b55@group-DEA3C54B09B4:LeaderElection10] INFO  impl.RaftServerImpl (ServerState.java:setRaftConf(354)) - 40dcd630-ad01-41c1-945d-8b29a9b08b55@group-DEA3C54B09B4: set configuration 0: [40dcd630-ad01-41c1-945d-8b29a9b08b55:192.168.164.207:38778], old=null at 0
2019-09-25 05:54:05,954 [40dcd630-ad01-41c1-945d-8b29a9b08b55@group-DEA3C54B09B4-SegmentedRaftLogWorker] INFO  segmented.SegmentedRaftLogWorker (SegmentedRaftLogWorker.java:execute(569)) - 40dcd630-ad01-41c1-945d-8b29a9b08b55@group-DEA3C54B09B4-SegmentedRaftLogWorker: created new log segment /workdir/hadoop-ozone/integration-test/target/test-dir/MiniOzoneClusterImpl-4a157921-bac8-4948-8ccf-f55fe74fd98a/datanode-1/data/ratis/70adec99-f0f3-48e0-a2af-dea3c54b09b4/current/log_inprogress_0
2019-09-25 05:54:05,968 [Thread-240] INFO  impl.FollowerState (FollowerState.java:run(106)) - 40dcd630-ad01-41c1-945d-8b29a9b08b55:group-F955C8F15C3A changes to CANDIDATE, lastRpcTime:5194, electionTimeout:5194ms
2019-09-25 05:54:05,968 [Thread-240] INFO  impl.RoleInfo (RoleInfo.java:shutdownFollowerState(121)) - 40dcd630-ad01-41c1-945d-8b29a9b08b55: shutdown FollowerState
2019-09-25 05:54:05,968 [Thread-240] INFO  impl.RaftServerImpl (RaftServerImpl.java:setRole(174)) - 40dcd630-ad01-41c1-945d-8b29a9b08b55@group-F955C8F15C3A: changes role from  FOLLOWER to CANDIDATE at term 0 for changeToCandidate
2019-09-25 05:54:05,968 [Thread-240] INFO  impl.RoleInfo (RoleInfo.java:updateAndGet(143)) - 40dcd630-ad01-41c1-945d-8b29a9b08b55: start LeaderElection
2019-09-25 05:54:05,988 [40dcd630-ad01-41c1-945d-8b29a9b08b55@group-F955C8F15C3A:LeaderElection11] INFO  impl.LeaderElection (LeaderElection.java:askForVotes(182)) - 40dcd630-ad01-41c1-945d-8b29a9b08b55@group-F955C8F15C3A:LeaderElection11: begin an election at term 1 for -1: [40dcd630-ad01-41c1-945d-8b29a9b08b55:192.168.164.207:38778], old=null
2019-09-25 05:54:05,989 [40dcd630-ad01-41c1-945d-8b29a9b08b55@group-F955C8F15C3A:LeaderElection11] INFO  impl.RoleInfo (RoleInfo.java:shutdownLeaderElection(134)) - 40dcd630-ad01-41c1-945d-8b29a9b08b55: shutdown LeaderElection
2019-09-25 05:54:05,989 [40dcd630-ad01-41c1-945d-8b29a9b08b55@group-F955C8F15C3A:LeaderElection11] INFO  impl.RaftServerImpl (RaftServerImpl.java:setRole(174)) - 40dcd630-ad01-41c1-945d-8b29a9b08b55@group-F955C8F15C3A: changes role from CANDIDATE to LEADER at term 1 for changeToLeader
2019-09-25 05:54:05,989 [40dcd630-ad01-41c1-945d-8b29a9b08b55@group-F955C8F15C3A:LeaderElection11] INFO  impl.RaftServerImpl (ServerState.java:setLeader(253)) - 40dcd630-ad01-41c1-945d-8b29a9b08b55@group-F955C8F15C3A: change Leader from null to 40dcd630-ad01-41c1-945d-8b29a9b08b55 at term 1 for becomeLeader, leader elected after 5221ms
2019-09-25 05:54:05,989 [40dcd630-ad01-41c1-945d-8b29a9b08b55@group-F955C8F15C3A:LeaderElection11] INFO  server.RaftServerConfigKeys (ConfUtils.java:logGet(43)) - raft.server.staging.catchup.gap = 1000 (default)
2019-09-25 05:54:05,989 [40dcd630-ad01-41c1-945d-8b29a9b08b55@group-F955C8F15C3A:LeaderElection11] INFO  server.RaftServerConfigKeys (ConfUtils.java:logGet(43)) - raft.server.rpc.sleep.time = 25ms (default)
2019-09-25 05:54:05,990 [40dcd630-ad01-41c1-945d-8b29a9b08b55@group-F955C8F15C3A:LeaderElection11] INFO  server.RaftServerConfigKeys (ConfUtils.java:logGet(43)) - raft.server.write.element-limit = 4096 (default)
2019-09-25 05:54:05,990 [40dcd630-ad01-41c1-945d-8b29a9b08b55@group-F955C8F15C3A:LeaderElection11] INFO  server.RaftServerConfigKeys (ConfUtils.java:logGet(43)) - raft.server.watch.timeout = 10s (default)
2019-09-25 05:54:05,990 [40dcd630-ad01-41c1-945d-8b29a9b08b55@group-F955C8F15C3A:LeaderElection11] INFO  server.RaftServerConfigKeys (ConfUtils.java:logGet(43)) - raft.server.watch.timeout.denomination = 1s (default)
2019-09-25 05:54:05,990 [40dcd630-ad01-41c1-945d-8b29a9b08b55@group-F955C8F15C3A:LeaderElection11] INFO  server.RaftServerConfigKeys (ConfUtils.java:logGet(43)) - raft.server.watch.element-limit = 65536 (default)
2019-09-25 05:54:05,992 [40dcd630-ad01-41c1-945d-8b29a9b08b55@group-F955C8F15C3A:LeaderElection11] INFO  impl.RoleInfo (RoleInfo.java:updateAndGet(143)) - 40dcd630-ad01-41c1-945d-8b29a9b08b55: start LeaderState
2019-09-25 05:54:05,993 [Thread-246] INFO  impl.FollowerState (FollowerState.java:run(106)) - bb2366d0-9f8a-4c88-bd20-7ec32ce3238d:group-D771DF473BB4 changes to CANDIDATE, lastRpcTime:5057, electionTimeout:5057ms
2019-09-25 05:54:05,993 [40dcd630-ad01-41c1-945d-8b29a9b08b55@group-F955C8F15C3A:LeaderElection11] INFO  segmented.SegmentedRaftLogWorker (SegmentedRaftLogWorker.java:startLogSegment(380)) - 40dcd630-ad01-41c1-945d-8b29a9b08b55@group-F955C8F15C3A-SegmentedRaftLogWorker: Starting segment from index:0
2019-09-25 05:54:05,993 [Thread-246] INFO  impl.RoleInfo (RoleInfo.java:shutdownFollowerState(121)) - bb2366d0-9f8a-4c88-bd20-7ec32ce3238d: shutdown FollowerState
2019-09-25 05:54:05,993 [Thread-246] INFO  impl.RaftServerImpl (RaftServerImpl.java:setRole(174)) - bb2366d0-9f8a-4c88-bd20-7ec32ce3238d@group-D771DF473BB4: changes role from  FOLLOWER to CANDIDATE at term 0 for changeToCandidate
2019-09-25 05:54:05,993 [Thread-246] INFO  impl.RoleInfo (RoleInfo.java:updateAndGet(143)) - bb2366d0-9f8a-4c88-bd20-7ec32ce3238d: start LeaderElection
2019-09-25 05:54:05,993 [40dcd630-ad01-41c1-945d-8b29a9b08b55@group-F955C8F15C3A:LeaderElection11] INFO  impl.RaftServerImpl (ServerState.java:setRaftConf(354)) - 40dcd630-ad01-41c1-945d-8b29a9b08b55@group-F955C8F15C3A: set configuration 0: [40dcd630-ad01-41c1-945d-8b29a9b08b55:192.168.164.207:38778], old=null at 0
2019-09-25 05:54:06,016 [Thread-243] INFO  impl.FollowerState (FollowerState.java:run(106)) - 03645d2f-1e20-4e0d-8661-d0c7ee952eef:group-531C7AC91C90 changes to CANDIDATE, lastRpcTime:5183, electionTimeout:5174ms
2019-09-25 05:54:06,018 [Thread-243] INFO  impl.RoleInfo (RoleInfo.java:shutdownFollowerState(121)) - 03645d2f-1e20-4e0d-8661-d0c7ee952eef: shutdown FollowerState
2019-09-25 05:54:06,018 [Thread-243] INFO  impl.RaftServerImpl (RaftServerImpl.java:setRole(174)) - 03645d2f-1e20-4e0d-8661-d0c7ee952eef@group-531C7AC91C90: changes role from  FOLLOWER to CANDIDATE at term 0 for changeToCandidate
2019-09-25 05:54:06,019 [Thread-243] INFO  impl.RoleInfo (RoleInfo.java:updateAndGet(143)) - 03645d2f-1e20-4e0d-8661-d0c7ee952eef: start LeaderElection
2019-09-25 05:54:06,030 [40dcd630-ad01-41c1-945d-8b29a9b08b55@group-F955C8F15C3A-SegmentedRaftLogWorker] INFO  segmented.SegmentedRaftLogWorker (SegmentedRaftLogWorker.java:execute(569)) - 40dcd630-ad01-41c1-945d-8b29a9b08b55@group-F955C8F15C3A-SegmentedRaftLogWorker: created new log segment /workdir/hadoop-ozone/integration-test/target/test-dir/MiniOzoneClusterImpl-4a157921-bac8-4948-8ccf-f55fe74fd98a/datanode-1/data/ratis/dabeff2a-0af3-45af-a666-f955c8f15c3a/current/log_inprogress_0
2019-09-25 05:54:06,030 [bb2366d0-9f8a-4c88-bd20-7ec32ce3238d@group-D771DF473BB4:LeaderElection12] INFO  impl.LeaderElection (LeaderElection.java:askForVotes(182)) - bb2366d0-9f8a-4c88-bd20-7ec32ce3238d@group-D771DF473BB4:LeaderElection12: begin an election at term 1 for -1: [bb2366d0-9f8a-4c88-bd20-7ec32ce3238d:192.168.164.207:44123], old=null
2019-09-25 05:54:06,030 [03645d2f-1e20-4e0d-8661-d0c7ee952eef@group-531C7AC91C90:LeaderElection13] INFO  impl.LeaderElection (LeaderElection.java:askForVotes(182)) - 03645d2f-1e20-4e0d-8661-d0c7ee952eef@group-531C7AC91C90:LeaderElection13: begin an election at term 1 for -1: [03645d2f-1e20-4e0d-8661-d0c7ee952eef:192.168.164.207:38201], old=null
2019-09-25 05:54:06,030 [bb2366d0-9f8a-4c88-bd20-7ec32ce3238d@group-D771DF473BB4:LeaderElection12] INFO  impl.RoleInfo (RoleInfo.java:shutdownLeaderElection(134)) - bb2366d0-9f8a-4c88-bd20-7ec32ce3238d: shutdown LeaderElection
2019-09-25 05:54:06,030 [03645d2f-1e20-4e0d-8661-d0c7ee952eef@group-531C7AC91C90:LeaderElection13] INFO  impl.RoleInfo (RoleInfo.java:shutdownLeaderElection(134)) - 03645d2f-1e20-4e0d-8661-d0c7ee952eef: shutdown LeaderElection
2019-09-25 05:54:06,030 [bb2366d0-9f8a-4c88-bd20-7ec32ce3238d@group-D771DF473BB4:LeaderElection12] INFO  impl.RaftServerImpl (RaftServerImpl.java:setRole(174)) - bb2366d0-9f8a-4c88-bd20-7ec32ce3238d@group-D771DF473BB4: changes role from CANDIDATE to LEADER at term 1 for changeToLeader
2019-09-25 05:54:06,030 [03645d2f-1e20-4e0d-8661-d0c7ee952eef@group-531C7AC91C90:LeaderElection13] INFO  impl.RaftServerImpl (RaftServerImpl.java:setRole(174)) - 03645d2f-1e20-4e0d-8661-d0c7ee952eef@group-531C7AC91C90: changes role from CANDIDATE to LEADER at term 1 for changeToLeader
2019-09-25 05:54:06,030 [bb2366d0-9f8a-4c88-bd20-7ec32ce3238d@group-D771DF473BB4:LeaderElection12] INFO  impl.RaftServerImpl (ServerState.java:setLeader(253)) - bb2366d0-9f8a-4c88-bd20-7ec32ce3238d@group-D771DF473BB4: change Leader from null to bb2366d0-9f8a-4c88-bd20-7ec32ce3238d at term 1 for becomeLeader, leader elected after 5107ms
2019-09-25 05:54:06,030 [03645d2f-1e20-4e0d-8661-d0c7ee952eef@group-531C7AC91C90:LeaderElection13] INFO  impl.RaftServerImpl (ServerState.java:setLeader(253)) - 03645d2f-1e20-4e0d-8661-d0c7ee952eef@group-531C7AC91C90: change Leader from null to 03645d2f-1e20-4e0d-8661-d0c7ee952eef at term 1 for becomeLeader, leader elected after 5205ms
2019-09-25 05:54:06,031 [bb2366d0-9f8a-4c88-bd20-7ec32ce3238d@group-D771DF473BB4:LeaderElection12] INFO  server.RaftServerConfigKeys (ConfUtils.java:logGet(43)) - raft.server.staging.catchup.gap = 1000 (default)
2019-09-25 05:54:06,031 [03645d2f-1e20-4e0d-8661-d0c7ee952eef@group-531C7AC91C90:LeaderElection13] INFO  server.RaftServerConfigKeys (ConfUtils.java:logGet(43)) - raft.server.staging.catchup.gap = 1000 (default)
2019-09-25 05:54:06,031 [bb2366d0-9f8a-4c88-bd20-7ec32ce3238d@group-D771DF473BB4:LeaderElection12] INFO  server.RaftServerConfigKeys (ConfUtils.java:logGet(43)) - raft.server.rpc.sleep.time = 25ms (default)
2019-09-25 05:54:06,031 [03645d2f-1e20-4e0d-8661-d0c7ee952eef@group-531C7AC91C90:LeaderElection13] INFO  server.RaftServerConfigKeys (ConfUtils.java:logGet(43)) - raft.server.rpc.sleep.time = 25ms (default)
2019-09-25 05:54:06,031 [bb2366d0-9f8a-4c88-bd20-7ec32ce3238d@group-D771DF473BB4:LeaderElection12] INFO  server.RaftServerConfigKeys (ConfUtils.java:logGet(43)) - raft.server.write.element-limit = 4096 (default)
2019-09-25 05:54:06,031 [03645d2f-1e20-4e0d-8661-d0c7ee952eef@group-531C7AC91C90:LeaderElection13] INFO  server.RaftServerConfigKeys (ConfUtils.java:logGet(43)) - raft.server.write.element-limit = 4096 (default)
2019-09-25 05:54:06,032 [bb2366d0-9f8a-4c88-bd20-7ec32ce3238d@group-D771DF473BB4:LeaderElection12] INFO  server.RaftServerConfigKeys (ConfUtils.java:logGet(43)) - raft.server.watch.timeout = 10s (default)
2019-09-25 05:54:06,032 [03645d2f-1e20-4e0d-8661-d0c7ee952eef@group-531C7AC91C90:LeaderElection13] INFO  server.RaftServerConfigKeys (ConfUtils.java:logGet(43)) - raft.server.watch.timeout = 10s (default)
2019-09-25 05:54:06,032 [bb2366d0-9f8a-4c88-bd20-7ec32ce3238d@group-D771DF473BB4:LeaderElection12] INFO  server.RaftServerConfigKeys (ConfUtils.java:logGet(43)) - raft.server.watch.timeout.denomination = 1s (default)
2019-09-25 05:54:06,032 [03645d2f-1e20-4e0d-8661-d0c7ee952eef@group-531C7AC91C90:LeaderElection13] INFO  server.RaftServerConfigKeys (ConfUtils.java:logGet(43)) - raft.server.watch.timeout.denomination = 1s (default)
2019-09-25 05:54:06,032 [bb2366d0-9f8a-4c88-bd20-7ec32ce3238d@group-D771DF473BB4:LeaderElection12] INFO  server.RaftServerConfigKeys (ConfUtils.java:logGet(43)) - raft.server.watch.element-limit = 65536 (default)
2019-09-25 05:54:06,032 [03645d2f-1e20-4e0d-8661-d0c7ee952eef@group-531C7AC91C90:LeaderElection13] INFO  server.RaftServerConfigKeys (ConfUtils.java:logGet(43)) - raft.server.watch.element-limit = 65536 (default)
2019-09-25 05:54:06,034 [03645d2f-1e20-4e0d-8661-d0c7ee952eef@group-531C7AC91C90:LeaderElection13] INFO  impl.RoleInfo (RoleInfo.java:updateAndGet(143)) - 03645d2f-1e20-4e0d-8661-d0c7ee952eef: start LeaderState
2019-09-25 05:54:06,034 [bb2366d0-9f8a-4c88-bd20-7ec32ce3238d@group-D771DF473BB4:LeaderElection12] INFO  impl.RoleInfo (RoleInfo.java:updateAndGet(143)) - bb2366d0-9f8a-4c88-bd20-7ec32ce3238d: start LeaderState
2019-09-25 05:54:06,034 [03645d2f-1e20-4e0d-8661-d0c7ee952eef@group-531C7AC91C90:LeaderElection13] INFO  segmented.SegmentedRaftLogWorker (SegmentedRaftLogWorker.java:startLogSegment(380)) - 03645d2f-1e20-4e0d-8661-d0c7ee952eef@group-531C7AC91C90-SegmentedRaftLogWorker: Starting segment from index:0
2019-09-25 05:54:06,034 [bb2366d0-9f8a-4c88-bd20-7ec32ce3238d@group-D771DF473BB4:LeaderElection12] INFO  segmented.SegmentedRaftLogWorker (SegmentedRaftLogWorker.java:startLogSegment(380)) - bb2366d0-9f8a-4c88-bd20-7ec32ce3238d@group-D771DF473BB4-SegmentedRaftLogWorker: Starting segment from index:0
2019-09-25 05:54:06,035 [03645d2f-1e20-4e0d-8661-d0c7ee952eef@group-531C7AC91C90:LeaderElection13] INFO  impl.RaftServerImpl (ServerState.java:setRaftConf(354)) - 03645d2f-1e20-4e0d-8661-d0c7ee952eef@group-531C7AC91C90: set configuration 0: [03645d2f-1e20-4e0d-8661-d0c7ee952eef:192.168.164.207:38201], old=null at 0
2019-09-25 05:54:06,035 [bb2366d0-9f8a-4c88-bd20-7ec32ce3238d@group-D771DF473BB4:LeaderElection12] INFO  impl.RaftServerImpl (ServerState.java:setRaftConf(354)) - bb2366d0-9f8a-4c88-bd20-7ec32ce3238d@group-D771DF473BB4: set configuration 0: [bb2366d0-9f8a-4c88-bd20-7ec32ce3238d:192.168.164.207:44123], old=null at 0
2019-09-25 05:54:06,078 [bb2366d0-9f8a-4c88-bd20-7ec32ce3238d@group-D771DF473BB4-SegmentedRaftLogWorker] INFO  segmented.SegmentedRaftLogWorker (SegmentedRaftLogWorker.java:execute(569)) - bb2366d0-9f8a-4c88-bd20-7ec32ce3238d@group-D771DF473BB4-SegmentedRaftLogWorker: created new log segment /workdir/hadoop-ozone/integration-test/target/test-dir/MiniOzoneClusterImpl-4a157921-bac8-4948-8ccf-f55fe74fd98a/datanode-4/data/ratis/b1c54a1f-6b9e-4961-adfc-d771df473bb4/current/log_inprogress_0
2019-09-25 05:54:06,099 [03645d2f-1e20-4e0d-8661-d0c7ee952eef@group-531C7AC91C90-SegmentedRaftLogWorker] INFO  segmented.SegmentedRaftLogWorker (SegmentedRaftLogWorker.java:execute(569)) - 03645d2f-1e20-4e0d-8661-d0c7ee952eef@group-531C7AC91C90-SegmentedRaftLogWorker: created new log segment /workdir/hadoop-ozone/integration-test/target/test-dir/MiniOzoneClusterImpl-4a157921-bac8-4948-8ccf-f55fe74fd98a/datanode-0/data/ratis/c517d30d-a25f-4e49-adba-531c7ac91c90/current/log_inprogress_0
2019-09-25 05:54:06,167 [Thread-249] INFO  impl.FollowerState (FollowerState.java:run(106)) - 511ff9a4-402a-459c-948c-b9450b1400e6:group-4280D72B4E9B changes to CANDIDATE, lastRpcTime:5166, electionTimeout:5166ms
2019-09-25 05:54:06,167 [Thread-249] INFO  impl.RoleInfo (RoleInfo.java:shutdownFollowerState(121)) - 511ff9a4-402a-459c-948c-b9450b1400e6: shutdown FollowerState
2019-09-25 05:54:06,167 [Thread-249] INFO  impl.RaftServerImpl (RaftServerImpl.java:setRole(174)) - 511ff9a4-402a-459c-948c-b9450b1400e6@group-4280D72B4E9B: changes role from  FOLLOWER to CANDIDATE at term 0 for changeToCandidate
2019-09-25 05:54:06,167 [Thread-249] INFO  impl.RoleInfo (RoleInfo.java:updateAndGet(143)) - 511ff9a4-402a-459c-948c-b9450b1400e6: start LeaderElection
2019-09-25 05:54:06,175 [511ff9a4-402a-459c-948c-b9450b1400e6@group-4280D72B4E9B:LeaderElection14] INFO  impl.LeaderElection (LeaderElection.java:askForVotes(182)) - 511ff9a4-402a-459c-948c-b9450b1400e6@group-4280D72B4E9B:LeaderElection14: begin an election at term 1 for -1: [511ff9a4-402a-459c-948c-b9450b1400e6:192.168.164.207:38058], old=null
2019-09-25 05:54:06,175 [511ff9a4-402a-459c-948c-b9450b1400e6@group-4280D72B4E9B:LeaderElection14] INFO  impl.RoleInfo (RoleInfo.java:shutdownLeaderElection(134)) - 511ff9a4-402a-459c-948c-b9450b1400e6: shutdown LeaderElection
2019-09-25 05:54:06,175 [511ff9a4-402a-459c-948c-b9450b1400e6@group-4280D72B4E9B:LeaderElection14] INFO  impl.RaftServerImpl (RaftServerImpl.java:setRole(174)) - 511ff9a4-402a-459c-948c-b9450b1400e6@group-4280D72B4E9B: changes role from CANDIDATE to LEADER at term 1 for changeToLeader
2019-09-25 05:54:06,175 [511ff9a4-402a-459c-948c-b9450b1400e6@group-4280D72B4E9B:LeaderElection14] INFO  impl.RaftServerImpl (ServerState.java:setLeader(253)) - 511ff9a4-402a-459c-948c-b9450b1400e6@group-4280D72B4E9B: change Leader from null to 511ff9a4-402a-459c-948c-b9450b1400e6 at term 1 for becomeLeader, leader elected after 5182ms
2019-09-25 05:54:06,175 [511ff9a4-402a-459c-948c-b9450b1400e6@group-4280D72B4E9B:LeaderElection14] INFO  server.RaftServerConfigKeys (ConfUtils.java:logGet(43)) - raft.server.staging.catchup.gap = 1000 (default)
2019-09-25 05:54:06,175 [511ff9a4-402a-459c-948c-b9450b1400e6@group-4280D72B4E9B:LeaderElection14] INFO  server.RaftServerConfigKeys (ConfUtils.java:logGet(43)) - raft.server.rpc.sleep.time = 25ms (default)
2019-09-25 05:54:06,176 [511ff9a4-402a-459c-948c-b9450b1400e6@group-4280D72B4E9B:LeaderElection14] INFO  server.RaftServerConfigKeys (ConfUtils.java:logGet(43)) - raft.server.write.element-limit = 4096 (default)
2019-09-25 05:54:06,176 [511ff9a4-402a-459c-948c-b9450b1400e6@group-4280D72B4E9B:LeaderElection14] INFO  server.RaftServerConfigKeys (ConfUtils.java:logGet(43)) - raft.server.watch.timeout = 10s (default)
2019-09-25 05:54:06,176 [511ff9a4-402a-459c-948c-b9450b1400e6@group-4280D72B4E9B:LeaderElection14] INFO  server.RaftServerConfigKeys (ConfUtils.java:logGet(43)) - raft.server.watch.timeout.denomination = 1s (default)
2019-09-25 05:54:06,176 [511ff9a4-402a-459c-948c-b9450b1400e6@group-4280D72B4E9B:LeaderElection14] INFO  server.RaftServerConfigKeys (ConfUtils.java:logGet(43)) - raft.server.watch.element-limit = 65536 (default)
2019-09-25 05:54:06,180 [511ff9a4-402a-459c-948c-b9450b1400e6@group-4280D72B4E9B:LeaderElection14] INFO  impl.RoleInfo (RoleInfo.java:updateAndGet(143)) - 511ff9a4-402a-459c-948c-b9450b1400e6: start LeaderState
2019-09-25 05:54:06,180 [511ff9a4-402a-459c-948c-b9450b1400e6@group-4280D72B4E9B:LeaderElection14] INFO  segmented.SegmentedRaftLogWorker (SegmentedRaftLogWorker.java:startLogSegment(380)) - 511ff9a4-402a-459c-948c-b9450b1400e6@group-4280D72B4E9B-SegmentedRaftLogWorker: Starting segment from index:0
2019-09-25 05:54:06,181 [511ff9a4-402a-459c-948c-b9450b1400e6@group-4280D72B4E9B:LeaderElection14] INFO  impl.RaftServerImpl (ServerState.java:setRaftConf(354)) - 511ff9a4-402a-459c-948c-b9450b1400e6@group-4280D72B4E9B: set configuration 0: [511ff9a4-402a-459c-948c-b9450b1400e6:192.168.164.207:38058], old=null at 0
2019-09-25 05:54:06,217 [511ff9a4-402a-459c-948c-b9450b1400e6@group-4280D72B4E9B-SegmentedRaftLogWorker] INFO  segmented.SegmentedRaftLogWorker (SegmentedRaftLogWorker.java:execute(569)) - 511ff9a4-402a-459c-948c-b9450b1400e6@group-4280D72B4E9B-SegmentedRaftLogWorker: created new log segment /workdir/hadoop-ozone/integration-test/target/test-dir/MiniOzoneClusterImpl-4a157921-bac8-4948-8ccf-f55fe74fd98a/datanode-3/data/ratis/4f69a97d-df78-446e-9cc1-4280d72b4e9b/current/log_inprogress_0
2019-09-25 05:54:06,251 [Thread-261] INFO  impl.FollowerState (FollowerState.java:run(106)) - 1ed6dadd-b0b2-432b-85f8-e2d308be821a:group-FBBF8EF5E9A0 changes to CANDIDATE, lastRpcTime:5029, electionTimeout:5029ms
2019-09-25 05:54:06,251 [Thread-261] INFO  impl.RoleInfo (RoleInfo.java:shutdownFollowerState(121)) - 1ed6dadd-b0b2-432b-85f8-e2d308be821a: shutdown FollowerState
2019-09-25 05:54:06,251 [Thread-261] INFO  impl.RaftServerImpl (RaftServerImpl.java:setRole(174)) - 1ed6dadd-b0b2-432b-85f8-e2d308be821a@group-FBBF8EF5E9A0: changes role from  FOLLOWER to CANDIDATE at term 0 for changeToCandidate
2019-09-25 05:54:06,251 [Thread-261] INFO  impl.RoleInfo (RoleInfo.java:updateAndGet(143)) - 1ed6dadd-b0b2-432b-85f8-e2d308be821a: start LeaderElection
2019-09-25 05:54:06,258 [Thread-252] INFO  impl.FollowerState (FollowerState.java:run(106)) - 03645d2f-1e20-4e0d-8661-d0c7ee952eef:group-97755CFFBD95 changes to CANDIDATE, lastRpcTime:5193, electionTimeout:5193ms
2019-09-25 05:54:06,258 [Thread-252] INFO  impl.RoleInfo (RoleInfo.java:shutdownFollowerState(121)) - 03645d2f-1e20-4e0d-8661-d0c7ee952eef: shutdown FollowerState
2019-09-25 05:54:06,259 [Thread-252] INFO  impl.RaftServerImpl (RaftServerImpl.java:setRole(174)) - 03645d2f-1e20-4e0d-8661-d0c7ee952eef@group-97755CFFBD95: changes role from  FOLLOWER to CANDIDATE at term 0 for changeToCandidate
2019-09-25 05:54:06,259 [Thread-252] INFO  impl.RoleInfo (RoleInfo.java:updateAndGet(143)) - 03645d2f-1e20-4e0d-8661-d0c7ee952eef: start LeaderElection
2019-09-25 05:54:06,261 [Thread-255] INFO  impl.FollowerState (FollowerState.java:run(106)) - 1ed6dadd-b0b2-432b-85f8-e2d308be821a:group-DC2515EBFE88 changes to CANDIDATE, lastRpcTime:5140, electionTimeout:5139ms
2019-09-25 05:54:06,263 [Thread-255] INFO  impl.RoleInfo (RoleInfo.java:shutdownFollowerState(121)) - 1ed6dadd-b0b2-432b-85f8-e2d308be821a: shutdown FollowerState
2019-09-25 05:54:06,263 [Thread-255] INFO  impl.RaftServerImpl (RaftServerImpl.java:setRole(174)) - 1ed6dadd-b0b2-432b-85f8-e2d308be821a@group-DC2515EBFE88: changes role from  FOLLOWER to CANDIDATE at term 0 for changeToCandidate
2019-09-25 05:54:06,263 [Thread-255] INFO  impl.RoleInfo (RoleInfo.java:updateAndGet(143)) - 1ed6dadd-b0b2-432b-85f8-e2d308be821a: start LeaderElection
2019-09-25 05:54:06,267 [1ed6dadd-b0b2-432b-85f8-e2d308be821a@group-FBBF8EF5E9A0:LeaderElection15] INFO  impl.LeaderElection (LeaderElection.java:askForVotes(182)) - 1ed6dadd-b0b2-432b-85f8-e2d308be821a@group-FBBF8EF5E9A0:LeaderElection15: begin an election at term 1 for -1: [1ed6dadd-b0b2-432b-85f8-e2d308be821a:192.168.164.207:46532], old=null
2019-09-25 05:54:06,267 [03645d2f-1e20-4e0d-8661-d0c7ee952eef@group-97755CFFBD95:LeaderElection16] INFO  impl.LeaderElection (LeaderElection.java:askForVotes(182)) - 03645d2f-1e20-4e0d-8661-d0c7ee952eef@group-97755CFFBD95:LeaderElection16: begin an election at term 1 for -1: [03645d2f-1e20-4e0d-8661-d0c7ee952eef:192.168.164.207:38201], old=null
2019-09-25 05:54:06,268 [1ed6dadd-b0b2-432b-85f8-e2d308be821a@group-FBBF8EF5E9A0:LeaderElection15] INFO  impl.RoleInfo (RoleInfo.java:shutdownLeaderElection(134)) - 1ed6dadd-b0b2-432b-85f8-e2d308be821a: shutdown LeaderElection
2019-09-25 05:54:06,268 [03645d2f-1e20-4e0d-8661-d0c7ee952eef@group-97755CFFBD95:LeaderElection16] INFO  impl.RoleInfo (RoleInfo.java:shutdownLeaderElection(134)) - 03645d2f-1e20-4e0d-8661-d0c7ee952eef: shutdown LeaderElection
2019-09-25 05:54:06,268 [1ed6dadd-b0b2-432b-85f8-e2d308be821a@group-FBBF8EF5E9A0:LeaderElection15] INFO  impl.RaftServerImpl (RaftServerImpl.java:setRole(174)) - 1ed6dadd-b0b2-432b-85f8-e2d308be821a@group-FBBF8EF5E9A0: changes role from CANDIDATE to LEADER at term 1 for changeToLeader
2019-09-25 05:54:06,268 [03645d2f-1e20-4e0d-8661-d0c7ee952eef@group-97755CFFBD95:LeaderElection16] INFO  impl.RaftServerImpl (RaftServerImpl.java:setRole(174)) - 03645d2f-1e20-4e0d-8661-d0c7ee952eef@group-97755CFFBD95: changes role from CANDIDATE to LEADER at term 1 for changeToLeader
2019-09-25 05:54:06,268 [1ed6dadd-b0b2-432b-85f8-e2d308be821a@group-FBBF8EF5E9A0:LeaderElection15] INFO  impl.RaftServerImpl (ServerState.java:setLeader(253)) - 1ed6dadd-b0b2-432b-85f8-e2d308be821a@group-FBBF8EF5E9A0: change Leader from null to 1ed6dadd-b0b2-432b-85f8-e2d308be821a at term 1 for becomeLeader, leader elected after 5052ms
2019-09-25 05:54:06,268 [03645d2f-1e20-4e0d-8661-d0c7ee952eef@group-97755CFFBD95:LeaderElection16] INFO  impl.RaftServerImpl (ServerState.java:setLeader(253)) - 03645d2f-1e20-4e0d-8661-d0c7ee952eef@group-97755CFFBD95: change Leader from null to 03645d2f-1e20-4e0d-8661-d0c7ee952eef at term 1 for becomeLeader, leader elected after 5210ms
2019-09-25 05:54:06,268 [1ed6dadd-b0b2-432b-85f8-e2d308be821a@group-FBBF8EF5E9A0:LeaderElection15] INFO  server.RaftServerConfigKeys (ConfUtils.java:logGet(43)) - raft.server.staging.catchup.gap = 1000 (default)
2019-09-25 05:54:06,268 [03645d2f-1e20-4e0d-8661-d0c7ee952eef@group-97755CFFBD95:LeaderElection16] INFO  server.RaftServerConfigKeys (ConfUtils.java:logGet(43)) - raft.server.staging.catchup.gap = 1000 (default)
2019-09-25 05:54:06,268 [1ed6dadd-b0b2-432b-85f8-e2d308be821a@group-FBBF8EF5E9A0:LeaderElection15] INFO  server.RaftServerConfigKeys (ConfUtils.java:logGet(43)) - raft.server.rpc.sleep.time = 25ms (default)
2019-09-25 05:54:06,268 [03645d2f-1e20-4e0d-8661-d0c7ee952eef@group-97755CFFBD95:LeaderElection16] INFO  server.RaftServerConfigKeys (ConfUtils.java:logGet(43)) - raft.server.rpc.sleep.time = 25ms (default)
2019-09-25 05:54:06,268 [1ed6dadd-b0b2-432b-85f8-e2d308be821a@group-FBBF8EF5E9A0:LeaderElection15] INFO  server.RaftServerConfigKeys (ConfUtils.java:logGet(43)) - raft.server.write.element-limit = 4096 (default)
2019-09-25 05:54:06,268 [03645d2f-1e20-4e0d-8661-d0c7ee952eef@group-97755CFFBD95:LeaderElection16] INFO  server.RaftServerConfigKeys (ConfUtils.java:logGet(43)) - raft.server.write.element-limit = 4096 (default)
2019-09-25 05:54:06,269 [1ed6dadd-b0b2-432b-85f8-e2d308be821a@group-FBBF8EF5E9A0:LeaderElection15] INFO  server.RaftServerConfigKeys (ConfUtils.java:logGet(43)) - raft.server.watch.timeout = 10s (default)
2019-09-25 05:54:06,269 [03645d2f-1e20-4e0d-8661-d0c7ee952eef@group-97755CFFBD95:LeaderElection16] INFO  server.RaftServerConfigKeys (ConfUtils.java:logGet(43)) - raft.server.watch.timeout = 10s (default)
2019-09-25 05:54:06,269 [1ed6dadd-b0b2-432b-85f8-e2d308be821a@group-FBBF8EF5E9A0:LeaderElection15] INFO  server.RaftServerConfigKeys (ConfUtils.java:logGet(43)) - raft.server.watch.timeout.denomination = 1s (default)
2019-09-25 05:54:06,269 [03645d2f-1e20-4e0d-8661-d0c7ee952eef@group-97755CFFBD95:LeaderElection16] INFO  server.RaftServerConfigKeys (ConfUtils.java:logGet(43)) - raft.server.watch.timeout.denomination = 1s (default)
2019-09-25 05:54:06,269 [1ed6dadd-b0b2-432b-85f8-e2d308be821a@group-FBBF8EF5E9A0:LeaderElection15] INFO  server.RaftServerConfigKeys (ConfUtils.java:logGet(43)) - raft.server.watch.element-limit = 65536 (default)
2019-09-25 05:54:06,269 [03645d2f-1e20-4e0d-8661-d0c7ee952eef@group-97755CFFBD95:LeaderElection16] INFO  server.RaftServerConfigKeys (ConfUtils.java:logGet(43)) - raft.server.watch.element-limit = 65536 (default)
2019-09-25 05:54:06,269 [1ed6dadd-b0b2-432b-85f8-e2d308be821a@group-DC2515EBFE88:LeaderElection17] INFO  impl.LeaderElection (LeaderElection.java:askForVotes(182)) - 1ed6dadd-b0b2-432b-85f8-e2d308be821a@group-DC2515EBFE88:LeaderElection17: begin an election at term 1 for -1: [1ed6dadd-b0b2-432b-85f8-e2d308be821a:192.168.164.207:46532], old=null
2019-09-25 05:54:06,270 [1ed6dadd-b0b2-432b-85f8-e2d308be821a@group-DC2515EBFE88:LeaderElection17] INFO  impl.RoleInfo (RoleInfo.java:shutdownLeaderElection(134)) - 1ed6dadd-b0b2-432b-85f8-e2d308be821a: shutdown LeaderElection
2019-09-25 05:54:06,270 [1ed6dadd-b0b2-432b-85f8-e2d308be821a@group-DC2515EBFE88:LeaderElection17] INFO  impl.RaftServerImpl (RaftServerImpl.java:setRole(174)) - 1ed6dadd-b0b2-432b-85f8-e2d308be821a@group-DC2515EBFE88: changes role from CANDIDATE to LEADER at term 1 for changeToLeader
2019-09-25 05:54:06,270 [1ed6dadd-b0b2-432b-85f8-e2d308be821a@group-DC2515EBFE88:LeaderElection17] INFO  impl.RaftServerImpl (ServerState.java:setLeader(253)) - 1ed6dadd-b0b2-432b-85f8-e2d308be821a@group-DC2515EBFE88: change Leader from null to 1ed6dadd-b0b2-432b-85f8-e2d308be821a at term 1 for becomeLeader, leader elected after 5156ms
2019-09-25 05:54:06,270 [1ed6dadd-b0b2-432b-85f8-e2d308be821a@group-DC2515EBFE88:LeaderElection17] INFO  server.RaftServerConfigKeys (ConfUtils.java:logGet(43)) - raft.server.staging.catchup.gap = 1000 (default)
2019-09-25 05:54:06,270 [1ed6dadd-b0b2-432b-85f8-e2d308be821a@group-DC2515EBFE88:LeaderElection17] INFO  server.RaftServerConfigKeys (ConfUtils.java:logGet(43)) - raft.server.rpc.sleep.time = 25ms (default)
2019-09-25 05:54:06,270 [1ed6dadd-b0b2-432b-85f8-e2d308be821a@group-DC2515EBFE88:LeaderElection17] INFO  server.RaftServerConfigKeys (ConfUtils.java:logGet(43)) - raft.server.write.element-limit = 4096 (default)
2019-09-25 05:54:06,270 [1ed6dadd-b0b2-432b-85f8-e2d308be821a@group-DC2515EBFE88:LeaderElection17] INFO  server.RaftServerConfigKeys (ConfUtils.java:logGet(43)) - raft.server.watch.timeout = 10s (default)
2019-09-25 05:54:06,270 [1ed6dadd-b0b2-432b-85f8-e2d308be821a@group-DC2515EBFE88:LeaderElection17] INFO  server.RaftServerConfigKeys (ConfUtils.java:logGet(43)) - raft.server.watch.timeout.denomination = 1s (default)
2019-09-25 05:54:06,271 [1ed6dadd-b0b2-432b-85f8-e2d308be821a@group-DC2515EBFE88:LeaderElection17] INFO  server.RaftServerConfigKeys (ConfUtils.java:logGet(43)) - raft.server.watch.element-limit = 65536 (default)
2019-09-25 05:54:06,271 [1ed6dadd-b0b2-432b-85f8-e2d308be821a@group-FBBF8EF5E9A0:LeaderElection15] INFO  impl.RoleInfo (RoleInfo.java:updateAndGet(143)) - 1ed6dadd-b0b2-432b-85f8-e2d308be821a: start LeaderState
2019-09-25 05:54:06,271 [1ed6dadd-b0b2-432b-85f8-e2d308be821a@group-FBBF8EF5E9A0:LeaderElection15] INFO  segmented.SegmentedRaftLogWorker (SegmentedRaftLogWorker.java:startLogSegment(380)) - 1ed6dadd-b0b2-432b-85f8-e2d308be821a@group-FBBF8EF5E9A0-SegmentedRaftLogWorker: Starting segment from index:0
2019-09-25 05:54:06,272 [03645d2f-1e20-4e0d-8661-d0c7ee952eef@group-97755CFFBD95:LeaderElection16] INFO  impl.RoleInfo (RoleInfo.java:updateAndGet(143)) - 03645d2f-1e20-4e0d-8661-d0c7ee952eef: start LeaderState
2019-09-25 05:54:06,272 [1ed6dadd-b0b2-432b-85f8-e2d308be821a@group-FBBF8EF5E9A0:LeaderElection15] INFO  impl.RaftServerImpl (ServerState.java:setRaftConf(354)) - 1ed6dadd-b0b2-432b-85f8-e2d308be821a@group-FBBF8EF5E9A0: set configuration 0: [1ed6dadd-b0b2-432b-85f8-e2d308be821a:192.168.164.207:46532], old=null at 0
2019-09-25 05:54:06,297 [03645d2f-1e20-4e0d-8661-d0c7ee952eef@group-97755CFFBD95:LeaderElection16] INFO  segmented.SegmentedRaftLogWorker (SegmentedRaftLogWorker.java:startLogSegment(380)) - 03645d2f-1e20-4e0d-8661-d0c7ee952eef@group-97755CFFBD95-SegmentedRaftLogWorker: Starting segment from index:0
2019-09-25 05:54:06,299 [03645d2f-1e20-4e0d-8661-d0c7ee952eef@group-97755CFFBD95:LeaderElection16] INFO  impl.RaftServerImpl (ServerState.java:setRaftConf(354)) - 03645d2f-1e20-4e0d-8661-d0c7ee952eef@group-97755CFFBD95: set configuration 0: [03645d2f-1e20-4e0d-8661-d0c7ee952eef:192.168.164.207:38201], old=null at 0
2019-09-25 05:54:06,324 [1ed6dadd-b0b2-432b-85f8-e2d308be821a@group-FBBF8EF5E9A0-SegmentedRaftLogWorker] INFO  segmented.SegmentedRaftLogWorker (SegmentedRaftLogWorker.java:execute(569)) - 1ed6dadd-b0b2-432b-85f8-e2d308be821a@group-FBBF8EF5E9A0-SegmentedRaftLogWorker: created new log segment /workdir/hadoop-ozone/integration-test/target/test-dir/MiniOzoneClusterImpl-4a157921-bac8-4948-8ccf-f55fe74fd98a/datanode-2/data/ratis/765e5838-8bbb-4822-bfd1-fbbf8ef5e9a0/current/log_inprogress_0
2019-09-25 05:54:06,324 [1ed6dadd-b0b2-432b-85f8-e2d308be821a@group-DC2515EBFE88:LeaderElection17] INFO  impl.RoleInfo (RoleInfo.java:updateAndGet(143)) - 1ed6dadd-b0b2-432b-85f8-e2d308be821a: start LeaderState
2019-09-25 05:54:06,325 [1ed6dadd-b0b2-432b-85f8-e2d308be821a@group-DC2515EBFE88:LeaderElection17] INFO  segmented.SegmentedRaftLogWorker (SegmentedRaftLogWorker.java:startLogSegment(380)) - 1ed6dadd-b0b2-432b-85f8-e2d308be821a@group-DC2515EBFE88-SegmentedRaftLogWorker: Starting segment from index:0
2019-09-25 05:54:06,325 [1ed6dadd-b0b2-432b-85f8-e2d308be821a@group-DC2515EBFE88:LeaderElection17] INFO  impl.RaftServerImpl (ServerState.java:setRaftConf(354)) - 1ed6dadd-b0b2-432b-85f8-e2d308be821a@group-DC2515EBFE88: set configuration 0: [1ed6dadd-b0b2-432b-85f8-e2d308be821a:192.168.164.207:46532], old=null at 0
2019-09-25 05:54:06,350 [03645d2f-1e20-4e0d-8661-d0c7ee952eef@group-97755CFFBD95-SegmentedRaftLogWorker] INFO  segmented.SegmentedRaftLogWorker (SegmentedRaftLogWorker.java:execute(569)) - 03645d2f-1e20-4e0d-8661-d0c7ee952eef@group-97755CFFBD95-SegmentedRaftLogWorker: created new log segment /workdir/hadoop-ozone/integration-test/target/test-dir/MiniOzoneClusterImpl-4a157921-bac8-4948-8ccf-f55fe74fd98a/datanode-0/data/ratis/25aae6f4-1fb8-4c0e-86ea-97755cffbd95/current/log_inprogress_0
2019-09-25 05:54:06,361 [Thread-258] INFO  impl.FollowerState (FollowerState.java:run(106)) - 03645d2f-1e20-4e0d-8661-d0c7ee952eef:group-3766EFDE20DA changes to CANDIDATE, lastRpcTime:5191, electionTimeout:5191ms
2019-09-25 05:54:06,361 [Thread-258] INFO  impl.RoleInfo (RoleInfo.java:shutdownFollowerState(121)) - 03645d2f-1e20-4e0d-8661-d0c7ee952eef: shutdown FollowerState
2019-09-25 05:54:06,362 [Thread-258] INFO  impl.RaftServerImpl (RaftServerImpl.java:setRole(174)) - 03645d2f-1e20-4e0d-8661-d0c7ee952eef@group-3766EFDE20DA: changes role from  FOLLOWER to CANDIDATE at term 0 for changeToCandidate
2019-09-25 05:54:06,362 [Thread-258] INFO  impl.RoleInfo (RoleInfo.java:updateAndGet(143)) - 03645d2f-1e20-4e0d-8661-d0c7ee952eef: start LeaderElection
2019-09-25 05:54:06,364 [1ed6dadd-b0b2-432b-85f8-e2d308be821a@group-DC2515EBFE88-SegmentedRaftLogWorker] INFO  segmented.SegmentedRaftLogWorker (SegmentedRaftLogWorker.java:execute(569)) - 1ed6dadd-b0b2-432b-85f8-e2d308be821a@group-DC2515EBFE88-SegmentedRaftLogWorker: created new log segment /workdir/hadoop-ozone/integration-test/target/test-dir/MiniOzoneClusterImpl-4a157921-bac8-4948-8ccf-f55fe74fd98a/datanode-2/data/ratis/dc70ffc5-85d8-4dd0-9529-dc2515ebfe88/current/log_inprogress_0
2019-09-25 05:54:06,365 [Thread-267] INFO  impl.FollowerState (FollowerState.java:run(106)) - 511ff9a4-402a-459c-948c-b9450b1400e6:group-353D103CCCC2 changes to CANDIDATE, lastRpcTime:5029, electionTimeout:5023ms
2019-09-25 05:54:06,365 [Thread-267] INFO  impl.RoleInfo (RoleInfo.java:shutdownFollowerState(121)) - 511ff9a4-402a-459c-948c-b9450b1400e6: shutdown FollowerState
2019-09-25 05:54:06,365 [Thread-267] INFO  impl.RaftServerImpl (RaftServerImpl.java:setRole(174)) - 511ff9a4-402a-459c-948c-b9450b1400e6@group-353D103CCCC2: changes role from  FOLLOWER to CANDIDATE at term 0 for changeToCandidate
2019-09-25 05:54:06,365 [Thread-267] INFO  impl.RoleInfo (RoleInfo.java:updateAndGet(143)) - 511ff9a4-402a-459c-948c-b9450b1400e6: start LeaderElection
2019-09-25 05:54:06,378 [511ff9a4-402a-459c-948c-b9450b1400e6@group-353D103CCCC2:LeaderElection19] INFO  impl.LeaderElection (LeaderElection.java:askForVotes(182)) - 511ff9a4-402a-459c-948c-b9450b1400e6@group-353D103CCCC2:LeaderElection19: begin an election at term 1 for -1: [511ff9a4-402a-459c-948c-b9450b1400e6:192.168.164.207:38058], old=null
2019-09-25 05:54:06,378 [03645d2f-1e20-4e0d-8661-d0c7ee952eef@group-3766EFDE20DA:LeaderElection18] INFO  impl.LeaderElection (LeaderElection.java:askForVotes(182)) - 03645d2f-1e20-4e0d-8661-d0c7ee952eef@group-3766EFDE20DA:LeaderElection18: begin an election at term 1 for -1: [03645d2f-1e20-4e0d-8661-d0c7ee952eef:192.168.164.207:38201], old=null
2019-09-25 05:54:06,378 [511ff9a4-402a-459c-948c-b9450b1400e6@group-353D103CCCC2:LeaderElection19] INFO  impl.RoleInfo (RoleInfo.java:shutdownLeaderElection(134)) - 511ff9a4-402a-459c-948c-b9450b1400e6: shutdown LeaderElection
2019-09-25 05:54:06,378 [03645d2f-1e20-4e0d-8661-d0c7ee952eef@group-3766EFDE20DA:LeaderElection18] INFO  impl.RoleInfo (RoleInfo.java:shutdownLeaderElection(134)) - 03645d2f-1e20-4e0d-8661-d0c7ee952eef: shutdown LeaderElection
2019-09-25 05:54:06,379 [511ff9a4-402a-459c-948c-b9450b1400e6@group-353D103CCCC2:LeaderElection19] INFO  impl.RaftServerImpl (RaftServerImpl.java:setRole(174)) - 511ff9a4-402a-459c-948c-b9450b1400e6@group-353D103CCCC2: changes role from CANDIDATE to LEADER at term 1 for changeToLeader
2019-09-25 05:54:06,379 [03645d2f-1e20-4e0d-8661-d0c7ee952eef@group-3766EFDE20DA:LeaderElection18] INFO  impl.RaftServerImpl (RaftServerImpl.java:setRole(174)) - 03645d2f-1e20-4e0d-8661-d0c7ee952eef@group-3766EFDE20DA: changes role from CANDIDATE to LEADER at term 1 for changeToLeader
2019-09-25 05:54:06,379 [511ff9a4-402a-459c-948c-b9450b1400e6@group-353D103CCCC2:LeaderElection19] INFO  impl.RaftServerImpl (ServerState.java:setLeader(253)) - 511ff9a4-402a-459c-948c-b9450b1400e6@group-353D103CCCC2: change Leader from null to 511ff9a4-402a-459c-948c-b9450b1400e6 at term 1 for becomeLeader, leader elected after 5048ms
2019-09-25 05:54:06,379 [03645d2f-1e20-4e0d-8661-d0c7ee952eef@group-3766EFDE20DA:LeaderElection18] INFO  impl.RaftServerImpl (ServerState.java:setLeader(253)) - 03645d2f-1e20-4e0d-8661-d0c7ee952eef@group-3766EFDE20DA: change Leader from null to 03645d2f-1e20-4e0d-8661-d0c7ee952eef at term 1 for becomeLeader, leader elected after 5215ms
2019-09-25 05:54:06,379 [511ff9a4-402a-459c-948c-b9450b1400e6@group-353D103CCCC2:LeaderElection19] INFO  server.RaftServerConfigKeys (ConfUtils.java:logGet(43)) - raft.server.staging.catchup.gap = 1000 (default)
2019-09-25 05:54:06,379 [03645d2f-1e20-4e0d-8661-d0c7ee952eef@group-3766EFDE20DA:LeaderElection18] INFO  server.RaftServerConfigKeys (ConfUtils.java:logGet(43)) - raft.server.staging.catchup.gap = 1000 (default)
2019-09-25 05:54:06,379 [511ff9a4-402a-459c-948c-b9450b1400e6@group-353D103CCCC2:LeaderElection19] INFO  server.RaftServerConfigKeys (ConfUtils.java:logGet(43)) - raft.server.rpc.sleep.time = 25ms (default)
2019-09-25 05:54:06,379 [03645d2f-1e20-4e0d-8661-d0c7ee952eef@group-3766EFDE20DA:LeaderElection18] INFO  server.RaftServerConfigKeys (ConfUtils.java:logGet(43)) - raft.server.rpc.sleep.time = 25ms (default)
2019-09-25 05:54:06,379 [511ff9a4-402a-459c-948c-b9450b1400e6@group-353D103CCCC2:LeaderElection19] INFO  server.RaftServerConfigKeys (ConfUtils.java:logGet(43)) - raft.server.write.element-limit = 4096 (default)
2019-09-25 05:54:06,379 [03645d2f-1e20-4e0d-8661-d0c7ee952eef@group-3766EFDE20DA:LeaderElection18] INFO  server.RaftServerConfigKeys (ConfUtils.java:logGet(43)) - raft.server.write.element-limit = 4096 (default)
2019-09-25 05:54:06,379 [511ff9a4-402a-459c-948c-b9450b1400e6@group-353D103CCCC2:LeaderElection19] INFO  server.RaftServerConfigKeys (ConfUtils.java:logGet(43)) - raft.server.watch.timeout = 10s (default)
2019-09-25 05:54:06,379 [03645d2f-1e20-4e0d-8661-d0c7ee952eef@group-3766EFDE20DA:LeaderElection18] INFO  server.RaftServerConfigKeys (ConfUtils.java:logGet(43)) - raft.server.watch.timeout = 10s (default)
2019-09-25 05:54:06,380 [511ff9a4-402a-459c-948c-b9450b1400e6@group-353D103CCCC2:LeaderElection19] INFO  server.RaftServerConfigKeys (ConfUtils.java:logGet(43)) - raft.server.watch.timeout.denomination = 1s (default)
2019-09-25 05:54:06,380 [03645d2f-1e20-4e0d-8661-d0c7ee952eef@group-3766EFDE20DA:LeaderElection18] INFO  server.RaftServerConfigKeys (ConfUtils.java:logGet(43)) - raft.server.watch.timeout.denomination = 1s (default)
2019-09-25 05:54:06,380 [511ff9a4-402a-459c-948c-b9450b1400e6@group-353D103CCCC2:LeaderElection19] INFO  server.RaftServerConfigKeys (ConfUtils.java:logGet(43)) - raft.server.watch.element-limit = 65536 (default)
2019-09-25 05:54:06,380 [03645d2f-1e20-4e0d-8661-d0c7ee952eef@group-3766EFDE20DA:LeaderElection18] INFO  server.RaftServerConfigKeys (ConfUtils.java:logGet(43)) - raft.server.watch.element-limit = 65536 (default)
2019-09-25 05:54:06,382 [511ff9a4-402a-459c-948c-b9450b1400e6@group-353D103CCCC2:LeaderElection19] INFO  impl.RoleInfo (RoleInfo.java:updateAndGet(143)) - 511ff9a4-402a-459c-948c-b9450b1400e6: start LeaderState
2019-09-25 05:54:06,382 [511ff9a4-402a-459c-948c-b9450b1400e6@group-353D103CCCC2:LeaderElection19] INFO  segmented.SegmentedRaftLogWorker (SegmentedRaftLogWorker.java:startLogSegment(380)) - 511ff9a4-402a-459c-948c-b9450b1400e6@group-353D103CCCC2-SegmentedRaftLogWorker: Starting segment from index:0
2019-09-25 05:54:06,382 [03645d2f-1e20-4e0d-8661-d0c7ee952eef@group-3766EFDE20DA:LeaderElection18] INFO  impl.RoleInfo (RoleInfo.java:updateAndGet(143)) - 03645d2f-1e20-4e0d-8661-d0c7ee952eef: start LeaderState
2019-09-25 05:54:06,382 [03645d2f-1e20-4e0d-8661-d0c7ee952eef@group-3766EFDE20DA:LeaderElection18] INFO  segmented.SegmentedRaftLogWorker (SegmentedRaftLogWorker.java:startLogSegment(380)) - 03645d2f-1e20-4e0d-8661-d0c7ee952eef@group-3766EFDE20DA-SegmentedRaftLogWorker: Starting segment from index:0
2019-09-25 05:54:06,383 [511ff9a4-402a-459c-948c-b9450b1400e6@group-353D103CCCC2:LeaderElection19] INFO  impl.RaftServerImpl (ServerState.java:setRaftConf(354)) - 511ff9a4-402a-459c-948c-b9450b1400e6@group-353D103CCCC2: set configuration 0: [511ff9a4-402a-459c-948c-b9450b1400e6:192.168.164.207:38058], old=null at 0
2019-09-25 05:54:06,405 [03645d2f-1e20-4e0d-8661-d0c7ee952eef@group-3766EFDE20DA:LeaderElection18] INFO  impl.RaftServerImpl (ServerState.java:setRaftConf(354)) - 03645d2f-1e20-4e0d-8661-d0c7ee952eef@group-3766EFDE20DA: set configuration 0: [03645d2f-1e20-4e0d-8661-d0c7ee952eef:192.168.164.207:38201], old=null at 0
2019-09-25 05:54:06,429 [Thread-264] INFO  impl.FollowerState (FollowerState.java:run(106)) - 511ff9a4-402a-459c-948c-b9450b1400e6:group-03B6CF636AE7 changes to CANDIDATE, lastRpcTime:5158, electionTimeout:5150ms
2019-09-25 05:54:06,429 [511ff9a4-402a-459c-948c-b9450b1400e6@group-353D103CCCC2-SegmentedRaftLogWorker] INFO  segmented.SegmentedRaftLogWorker (SegmentedRaftLogWorker.java:execute(569)) - 511ff9a4-402a-459c-948c-b9450b1400e6@group-353D103CCCC2-SegmentedRaftLogWorker: created new log segment /workdir/hadoop-ozone/integration-test/target/test-dir/MiniOzoneClusterImpl-4a157921-bac8-4948-8ccf-f55fe74fd98a/datanode-3/data/ratis/be7654b9-1cb2-483f-8300-353d103cccc2/current/log_inprogress_0
2019-09-25 05:54:06,429 [Thread-264] INFO  impl.RoleInfo (RoleInfo.java:shutdownFollowerState(121)) - 511ff9a4-402a-459c-948c-b9450b1400e6: shutdown FollowerState
2019-09-25 05:54:06,430 [Thread-264] INFO  impl.RaftServerImpl (RaftServerImpl.java:setRole(174)) - 511ff9a4-402a-459c-948c-b9450b1400e6@group-03B6CF636AE7: changes role from  FOLLOWER to CANDIDATE at term 0 for changeToCandidate
2019-09-25 05:54:06,430 [Thread-264] INFO  impl.RoleInfo (RoleInfo.java:updateAndGet(143)) - 511ff9a4-402a-459c-948c-b9450b1400e6: start LeaderElection
2019-09-25 05:54:06,442 [03645d2f-1e20-4e0d-8661-d0c7ee952eef@group-3766EFDE20DA-SegmentedRaftLogWorker] INFO  segmented.SegmentedRaftLogWorker (SegmentedRaftLogWorker.java:execute(569)) - 03645d2f-1e20-4e0d-8661-d0c7ee952eef@group-3766EFDE20DA-SegmentedRaftLogWorker: created new log segment /workdir/hadoop-ozone/integration-test/target/test-dir/MiniOzoneClusterImpl-4a157921-bac8-4948-8ccf-f55fe74fd98a/datanode-0/data/ratis/ca6ffb08-26d9-4c2b-b333-3766efde20da/current/log_inprogress_0
2019-09-25 05:54:06,445 [511ff9a4-402a-459c-948c-b9450b1400e6@group-03B6CF636AE7:LeaderElection20] INFO  impl.LeaderElection (LeaderElection.java:askForVotes(182)) - 511ff9a4-402a-459c-948c-b9450b1400e6@group-03B6CF636AE7:LeaderElection20: begin an election at term 1 for -1: [511ff9a4-402a-459c-948c-b9450b1400e6:192.168.164.207:38058], old=null
2019-09-25 05:54:06,445 [511ff9a4-402a-459c-948c-b9450b1400e6@group-03B6CF636AE7:LeaderElection20] INFO  impl.RoleInfo (RoleInfo.java:shutdownLeaderElection(134)) - 511ff9a4-402a-459c-948c-b9450b1400e6: shutdown LeaderElection
2019-09-25 05:54:06,445 [511ff9a4-402a-459c-948c-b9450b1400e6@group-03B6CF636AE7:LeaderElection20] INFO  impl.RaftServerImpl (RaftServerImpl.java:setRole(174)) - 511ff9a4-402a-459c-948c-b9450b1400e6@group-03B6CF636AE7: changes role from CANDIDATE to LEADER at term 1 for changeToLeader
2019-09-25 05:54:06,445 [511ff9a4-402a-459c-948c-b9450b1400e6@group-03B6CF636AE7:LeaderElection20] INFO  impl.RaftServerImpl (ServerState.java:setLeader(253)) - 511ff9a4-402a-459c-948c-b9450b1400e6@group-03B6CF636AE7: change Leader from null to 511ff9a4-402a-459c-948c-b9450b1400e6 at term 1 for becomeLeader, leader elected after 5180ms
2019-09-25 05:54:06,445 [511ff9a4-402a-459c-948c-b9450b1400e6@group-03B6CF636AE7:LeaderElection20] INFO  server.RaftServerConfigKeys (ConfUtils.java:logGet(43)) - raft.server.staging.catchup.gap = 1000 (default)
2019-09-25 05:54:06,446 [511ff9a4-402a-459c-948c-b9450b1400e6@group-03B6CF636AE7:LeaderElection20] INFO  server.RaftServerConfigKeys (ConfUtils.java:logGet(43)) - raft.server.rpc.sleep.time = 25ms (default)
2019-09-25 05:54:06,446 [511ff9a4-402a-459c-948c-b9450b1400e6@group-03B6CF636AE7:LeaderElection20] INFO  server.RaftServerConfigKeys (ConfUtils.java:logGet(43)) - raft.server.write.element-limit = 4096 (default)
2019-09-25 05:54:06,446 [511ff9a4-402a-459c-948c-b9450b1400e6@group-03B6CF636AE7:LeaderElection20] INFO  server.RaftServerConfigKeys (ConfUtils.java:logGet(43)) - raft.server.watch.timeout = 10s (default)
2019-09-25 05:54:06,446 [511ff9a4-402a-459c-948c-b9450b1400e6@group-03B6CF636AE7:LeaderElection20] INFO  server.RaftServerConfigKeys (ConfUtils.java:logGet(43)) - raft.server.watch.timeout.denomination = 1s (default)
2019-09-25 05:54:06,446 [511ff9a4-402a-459c-948c-b9450b1400e6@group-03B6CF636AE7:LeaderElection20] INFO  server.RaftServerConfigKeys (ConfUtils.java:logGet(43)) - raft.server.watch.element-limit = 65536 (default)
2019-09-25 05:54:06,448 [511ff9a4-402a-459c-948c-b9450b1400e6@group-03B6CF636AE7:LeaderElection20] INFO  impl.RoleInfo (RoleInfo.java:updateAndGet(143)) - 511ff9a4-402a-459c-948c-b9450b1400e6: start LeaderState
2019-09-25 05:54:06,448 [511ff9a4-402a-459c-948c-b9450b1400e6@group-03B6CF636AE7:LeaderElection20] INFO  segmented.SegmentedRaftLogWorker (SegmentedRaftLogWorker.java:startLogSegment(380)) - 511ff9a4-402a-459c-948c-b9450b1400e6@group-03B6CF636AE7-SegmentedRaftLogWorker: Starting segment from index:0
2019-09-25 05:54:06,448 [511ff9a4-402a-459c-948c-b9450b1400e6@group-03B6CF636AE7:LeaderElection20] INFO  impl.RaftServerImpl (ServerState.java:setRaftConf(354)) - 511ff9a4-402a-459c-948c-b9450b1400e6@group-03B6CF636AE7: set configuration 0: [511ff9a4-402a-459c-948c-b9450b1400e6:192.168.164.207:38058], old=null at 0
2019-09-25 05:54:06,489 [511ff9a4-402a-459c-948c-b9450b1400e6@group-03B6CF636AE7-SegmentedRaftLogWorker] INFO  segmented.SegmentedRaftLogWorker (SegmentedRaftLogWorker.java:execute(569)) - 511ff9a4-402a-459c-948c-b9450b1400e6@group-03B6CF636AE7-SegmentedRaftLogWorker: created new log segment /workdir/hadoop-ozone/integration-test/target/test-dir/MiniOzoneClusterImpl-4a157921-bac8-4948-8ccf-f55fe74fd98a/datanode-3/data/ratis/06a040ed-d198-4307-a9e0-03b6cf636ae7/current/log_inprogress_0
2019-09-25 05:54:06,537 [Thread-276] INFO  impl.FollowerState (FollowerState.java:run(106)) - 1ed6dadd-b0b2-432b-85f8-e2d308be821a:group-3EC223D9B2C1 changes to CANDIDATE, lastRpcTime:5050, electionTimeout:5050ms
2019-09-25 05:54:06,537 [Thread-276] INFO  impl.RoleInfo (RoleInfo.java:shutdownFollowerState(121)) - 1ed6dadd-b0b2-432b-85f8-e2d308be821a: shutdown FollowerState
2019-09-25 05:54:06,537 [Thread-276] INFO  impl.RaftServerImpl (RaftServerImpl.java:setRole(174)) - 1ed6dadd-b0b2-432b-85f8-e2d308be821a@group-3EC223D9B2C1: changes role from  FOLLOWER to CANDIDATE at term 0 for changeToCandidate
2019-09-25 05:54:06,537 [Thread-276] INFO  impl.RoleInfo (RoleInfo.java:updateAndGet(143)) - 1ed6dadd-b0b2-432b-85f8-e2d308be821a: start LeaderElection
2019-09-25 05:54:06,555 [1ed6dadd-b0b2-432b-85f8-e2d308be821a@group-3EC223D9B2C1:LeaderElection21] INFO  impl.LeaderElection (LeaderElection.java:askForVotes(182)) - 1ed6dadd-b0b2-432b-85f8-e2d308be821a@group-3EC223D9B2C1:LeaderElection21: begin an election at term 1 for -1: [1ed6dadd-b0b2-432b-85f8-e2d308be821a:192.168.164.207:46532], old=null
2019-09-25 05:54:06,555 [1ed6dadd-b0b2-432b-85f8-e2d308be821a@group-3EC223D9B2C1:LeaderElection21] INFO  impl.RoleInfo (RoleInfo.java:shutdownLeaderElection(134)) - 1ed6dadd-b0b2-432b-85f8-e2d308be821a: shutdown LeaderElection
2019-09-25 05:54:06,555 [1ed6dadd-b0b2-432b-85f8-e2d308be821a@group-3EC223D9B2C1:LeaderElection21] INFO  impl.RaftServerImpl (RaftServerImpl.java:setRole(174)) - 1ed6dadd-b0b2-432b-85f8-e2d308be821a@group-3EC223D9B2C1: changes role from CANDIDATE to LEADER at term 1 for changeToLeader
2019-09-25 05:54:06,555 [1ed6dadd-b0b2-432b-85f8-e2d308be821a@group-3EC223D9B2C1:LeaderElection21] INFO  impl.RaftServerImpl (ServerState.java:setLeader(253)) - 1ed6dadd-b0b2-432b-85f8-e2d308be821a@group-3EC223D9B2C1: change Leader from null to 1ed6dadd-b0b2-432b-85f8-e2d308be821a at term 1 for becomeLeader, leader elected after 5073ms
2019-09-25 05:54:06,555 [1ed6dadd-b0b2-432b-85f8-e2d308be821a@group-3EC223D9B2C1:LeaderElection21] INFO  server.RaftServerConfigKeys (ConfUtils.java:logGet(43)) - raft.server.staging.catchup.gap = 1000 (default)
2019-09-25 05:54:06,555 [1ed6dadd-b0b2-432b-85f8-e2d308be821a@group-3EC223D9B2C1:LeaderElection21] INFO  server.RaftServerConfigKeys (ConfUtils.java:logGet(43)) - raft.server.rpc.sleep.time = 25ms (default)
2019-09-25 05:54:06,555 [1ed6dadd-b0b2-432b-85f8-e2d308be821a@group-3EC223D9B2C1:LeaderElection21] INFO  server.RaftServerConfigKeys (ConfUtils.java:logGet(43)) - raft.server.write.element-limit = 4096 (default)
2019-09-25 05:54:06,555 [1ed6dadd-b0b2-432b-85f8-e2d308be821a@group-3EC223D9B2C1:LeaderElection21] INFO  server.RaftServerConfigKeys (ConfUtils.java:logGet(43)) - raft.server.watch.timeout = 10s (default)
2019-09-25 05:54:06,556 [1ed6dadd-b0b2-432b-85f8-e2d308be821a@group-3EC223D9B2C1:LeaderElection21] INFO  server.RaftServerConfigKeys (ConfUtils.java:logGet(43)) - raft.server.watch.timeout.denomination = 1s (default)
2019-09-25 05:54:06,556 [1ed6dadd-b0b2-432b-85f8-e2d308be821a@group-3EC223D9B2C1:LeaderElection21] INFO  server.RaftServerConfigKeys (ConfUtils.java:logGet(43)) - raft.server.watch.element-limit = 65536 (default)
2019-09-25 05:54:06,558 [1ed6dadd-b0b2-432b-85f8-e2d308be821a@group-3EC223D9B2C1:LeaderElection21] INFO  impl.RoleInfo (RoleInfo.java:updateAndGet(143)) - 1ed6dadd-b0b2-432b-85f8-e2d308be821a: start LeaderState
2019-09-25 05:54:06,558 [1ed6dadd-b0b2-432b-85f8-e2d308be821a@group-3EC223D9B2C1:LeaderElection21] INFO  segmented.SegmentedRaftLogWorker (SegmentedRaftLogWorker.java:startLogSegment(380)) - 1ed6dadd-b0b2-432b-85f8-e2d308be821a@group-3EC223D9B2C1-SegmentedRaftLogWorker: Starting segment from index:0
2019-09-25 05:54:06,558 [1ed6dadd-b0b2-432b-85f8-e2d308be821a@group-3EC223D9B2C1:LeaderElection21] INFO  impl.RaftServerImpl (ServerState.java:setRaftConf(354)) - 1ed6dadd-b0b2-432b-85f8-e2d308be821a@group-3EC223D9B2C1: set configuration 0: [1ed6dadd-b0b2-432b-85f8-e2d308be821a:192.168.164.207:46532], old=null at 0
2019-09-25 05:54:06,589 [Thread-273] INFO  impl.FollowerState (FollowerState.java:run(106)) - 511ff9a4-402a-459c-948c-b9450b1400e6:group-37A8874952C0 changes to CANDIDATE, lastRpcTime:5147, electionTimeout:5133ms
2019-09-25 05:54:06,589 [Thread-270] INFO  impl.FollowerState (FollowerState.java:run(106)) - 1ed6dadd-b0b2-432b-85f8-e2d308be821a:group-E991317C4E7C changes to CANDIDATE, lastRpcTime:5191, electionTimeout:5167ms
2019-09-25 05:54:06,589 [Thread-273] INFO  impl.RoleInfo (RoleInfo.java:shutdownFollowerState(121)) - 511ff9a4-402a-459c-948c-b9450b1400e6: shutdown FollowerState
2019-09-25 05:54:06,589 [Thread-270] INFO  impl.RoleInfo (RoleInfo.java:shutdownFollowerState(121)) - 1ed6dadd-b0b2-432b-85f8-e2d308be821a: shutdown FollowerState
2019-09-25 05:54:06,589 [Thread-273] INFO  impl.RaftServerImpl (RaftServerImpl.java:setRole(174)) - 511ff9a4-402a-459c-948c-b9450b1400e6@group-37A8874952C0: changes role from  FOLLOWER to CANDIDATE at term 0 for changeToCandidate
2019-09-25 05:54:06,589 [Thread-270] INFO  impl.RaftServerImpl (RaftServerImpl.java:setRole(174)) - 1ed6dadd-b0b2-432b-85f8-e2d308be821a@group-E991317C4E7C: changes role from  FOLLOWER to CANDIDATE at term 0 for changeToCandidate
2019-09-25 05:54:06,590 [Thread-273] INFO  impl.RoleInfo (RoleInfo.java:updateAndGet(143)) - 511ff9a4-402a-459c-948c-b9450b1400e6: start LeaderElection
2019-09-25 05:54:06,590 [Thread-270] INFO  impl.RoleInfo (RoleInfo.java:updateAndGet(143)) - 1ed6dadd-b0b2-432b-85f8-e2d308be821a: start LeaderElection
2019-09-25 05:54:06,602 [1ed6dadd-b0b2-432b-85f8-e2d308be821a@group-3EC223D9B2C1-SegmentedRaftLogWorker] INFO  segmented.SegmentedRaftLogWorker (SegmentedRaftLogWorker.java:execute(569)) - 1ed6dadd-b0b2-432b-85f8-e2d308be821a@group-3EC223D9B2C1-SegmentedRaftLogWorker: created new log segment /workdir/hadoop-ozone/integration-test/target/test-dir/MiniOzoneClusterImpl-4a157921-bac8-4948-8ccf-f55fe74fd98a/datanode-2/data/ratis/73f42d12-af09-4f9c-adb0-3ec223d9b2c1/current/log_inprogress_0
2019-09-25 05:54:06,602 [1ed6dadd-b0b2-432b-85f8-e2d308be821a@group-E991317C4E7C:LeaderElection23] INFO  impl.LeaderElection (LeaderElection.java:askForVotes(182)) - 1ed6dadd-b0b2-432b-85f8-e2d308be821a@group-E991317C4E7C:LeaderElection23: begin an election at term 1 for -1: [1ed6dadd-b0b2-432b-85f8-e2d308be821a:192.168.164.207:46532], old=null
2019-09-25 05:54:06,602 [511ff9a4-402a-459c-948c-b9450b1400e6@group-37A8874952C0:LeaderElection22] INFO  impl.LeaderElection (LeaderElection.java:askForVotes(182)) - 511ff9a4-402a-459c-948c-b9450b1400e6@group-37A8874952C0:LeaderElection22: begin an election at term 1 for -1: [511ff9a4-402a-459c-948c-b9450b1400e6:192.168.164.207:38058], old=null
2019-09-25 05:54:06,602 [1ed6dadd-b0b2-432b-85f8-e2d308be821a@group-E991317C4E7C:LeaderElection23] INFO  impl.RoleInfo (RoleInfo.java:shutdownLeaderElection(134)) - 1ed6dadd-b0b2-432b-85f8-e2d308be821a: shutdown LeaderElection
2019-09-25 05:54:06,602 [511ff9a4-402a-459c-948c-b9450b1400e6@group-37A8874952C0:LeaderElection22] INFO  impl.RoleInfo (RoleInfo.java:shutdownLeaderElection(134)) - 511ff9a4-402a-459c-948c-b9450b1400e6: shutdown LeaderElection
2019-09-25 05:54:06,602 [1ed6dadd-b0b2-432b-85f8-e2d308be821a@group-E991317C4E7C:LeaderElection23] INFO  impl.RaftServerImpl (RaftServerImpl.java:setRole(174)) - 1ed6dadd-b0b2-432b-85f8-e2d308be821a@group-E991317C4E7C: changes role from CANDIDATE to LEADER at term 1 for changeToLeader
2019-09-25 05:54:06,603 [511ff9a4-402a-459c-948c-b9450b1400e6@group-37A8874952C0:LeaderElection22] INFO  impl.RaftServerImpl (RaftServerImpl.java:setRole(174)) - 511ff9a4-402a-459c-948c-b9450b1400e6@group-37A8874952C0: changes role from CANDIDATE to LEADER at term 1 for changeToLeader
2019-09-25 05:54:06,603 [1ed6dadd-b0b2-432b-85f8-e2d308be821a@group-E991317C4E7C:LeaderElection23] INFO  impl.RaftServerImpl (ServerState.java:setLeader(253)) - 1ed6dadd-b0b2-432b-85f8-e2d308be821a@group-E991317C4E7C: change Leader from null to 1ed6dadd-b0b2-432b-85f8-e2d308be821a at term 1 for becomeLeader, leader elected after 5210ms
2019-09-25 05:54:06,603 [511ff9a4-402a-459c-948c-b9450b1400e6@group-37A8874952C0:LeaderElection22] INFO  impl.RaftServerImpl (ServerState.java:setLeader(253)) - 511ff9a4-402a-459c-948c-b9450b1400e6@group-37A8874952C0: change Leader from null to 511ff9a4-402a-459c-948c-b9450b1400e6 at term 1 for becomeLeader, leader elected after 5165ms
2019-09-25 05:54:06,603 [1ed6dadd-b0b2-432b-85f8-e2d308be821a@group-E991317C4E7C:LeaderElection23] INFO  server.RaftServerConfigKeys (ConfUtils.java:logGet(43)) - raft.server.staging.catchup.gap = 1000 (default)
2019-09-25 05:54:06,603 [511ff9a4-402a-459c-948c-b9450b1400e6@group-37A8874952C0:LeaderElection22] INFO  server.RaftServerConfigKeys (ConfUtils.java:logGet(43)) - raft.server.staging.catchup.gap = 1000 (default)
2019-09-25 05:54:06,603 [1ed6dadd-b0b2-432b-85f8-e2d308be821a@group-E991317C4E7C:LeaderElection23] INFO  server.RaftServerConfigKeys (ConfUtils.java:logGet(43)) - raft.server.rpc.sleep.time = 25ms (default)
2019-09-25 05:54:06,603 [511ff9a4-402a-459c-948c-b9450b1400e6@group-37A8874952C0:LeaderElection22] INFO  server.RaftServerConfigKeys (ConfUtils.java:logGet(43)) - raft.server.rpc.sleep.time = 25ms (default)
2019-09-25 05:54:06,603 [1ed6dadd-b0b2-432b-85f8-e2d308be821a@group-E991317C4E7C:LeaderElection23] INFO  server.RaftServerConfigKeys (ConfUtils.java:logGet(43)) - raft.server.write.element-limit = 4096 (default)
2019-09-25 05:54:06,603 [511ff9a4-402a-459c-948c-b9450b1400e6@group-37A8874952C0:LeaderElection22] INFO  server.RaftServerConfigKeys (ConfUtils.java:logGet(43)) - raft.server.write.element-limit = 4096 (default)
2019-09-25 05:54:06,603 [1ed6dadd-b0b2-432b-85f8-e2d308be821a@group-E991317C4E7C:LeaderElection23] INFO  server.RaftServerConfigKeys (ConfUtils.java:logGet(43)) - raft.server.watch.timeout = 10s (default)
2019-09-25 05:54:06,603 [511ff9a4-402a-459c-948c-b9450b1400e6@group-37A8874952C0:LeaderElection22] INFO  server.RaftServerConfigKeys (ConfUtils.java:logGet(43)) - raft.server.watch.timeout = 10s (default)
2019-09-25 05:54:06,604 [1ed6dadd-b0b2-432b-85f8-e2d308be821a@group-E991317C4E7C:LeaderElection23] INFO  server.RaftServerConfigKeys (ConfUtils.java:logGet(43)) - raft.server.watch.timeout.denomination = 1s (default)
2019-09-25 05:54:06,604 [511ff9a4-402a-459c-948c-b9450b1400e6@group-37A8874952C0:LeaderElection22] INFO  server.RaftServerConfigKeys (ConfUtils.java:logGet(43)) - raft.server.watch.timeout.denomination = 1s (default)
2019-09-25 05:54:06,604 [1ed6dadd-b0b2-432b-85f8-e2d308be821a@group-E991317C4E7C:LeaderElection23] INFO  server.RaftServerConfigKeys (ConfUtils.java:logGet(43)) - raft.server.watch.element-limit = 65536 (default)
2019-09-25 05:54:06,604 [511ff9a4-402a-459c-948c-b9450b1400e6@group-37A8874952C0:LeaderElection22] INFO  server.RaftServerConfigKeys (ConfUtils.java:logGet(43)) - raft.server.watch.element-limit = 65536 (default)
2019-09-25 05:54:06,606 [1ed6dadd-b0b2-432b-85f8-e2d308be821a@group-E991317C4E7C:LeaderElection23] INFO  impl.RoleInfo (RoleInfo.java:updateAndGet(143)) - 1ed6dadd-b0b2-432b-85f8-e2d308be821a: start LeaderState
2019-09-25 05:54:06,606 [1ed6dadd-b0b2-432b-85f8-e2d308be821a@group-E991317C4E7C:LeaderElection23] INFO  segmented.SegmentedRaftLogWorker (SegmentedRaftLogWorker.java:startLogSegment(380)) - 1ed6dadd-b0b2-432b-85f8-e2d308be821a@group-E991317C4E7C-SegmentedRaftLogWorker: Starting segment from index:0
2019-09-25 05:54:06,606 [511ff9a4-402a-459c-948c-b9450b1400e6@group-37A8874952C0:LeaderElection22] INFO  impl.RoleInfo (RoleInfo.java:updateAndGet(143)) - 511ff9a4-402a-459c-948c-b9450b1400e6: start LeaderState
2019-09-25 05:54:06,607 [511ff9a4-402a-459c-948c-b9450b1400e6@group-37A8874952C0:LeaderElection22] INFO  segmented.SegmentedRaftLogWorker (SegmentedRaftLogWorker.java:startLogSegment(380)) - 511ff9a4-402a-459c-948c-b9450b1400e6@group-37A8874952C0-SegmentedRaftLogWorker: Starting segment from index:0
2019-09-25 05:54:06,607 [1ed6dadd-b0b2-432b-85f8-e2d308be821a@group-E991317C4E7C:LeaderElection23] INFO  impl.RaftServerImpl (ServerState.java:setRaftConf(354)) - 1ed6dadd-b0b2-432b-85f8-e2d308be821a@group-E991317C4E7C: set configuration 0: [1ed6dadd-b0b2-432b-85f8-e2d308be821a:192.168.164.207:46532], old=null at 0
2019-09-25 05:54:06,630 [511ff9a4-402a-459c-948c-b9450b1400e6@group-37A8874952C0:LeaderElection22] INFO  impl.RaftServerImpl (ServerState.java:setRaftConf(354)) - 511ff9a4-402a-459c-948c-b9450b1400e6@group-37A8874952C0: set configuration 0: [511ff9a4-402a-459c-948c-b9450b1400e6:192.168.164.207:38058], old=null at 0
2019-09-25 05:54:06,652 [1ed6dadd-b0b2-432b-85f8-e2d308be821a@group-E991317C4E7C-SegmentedRaftLogWorker] INFO  segmented.SegmentedRaftLogWorker (SegmentedRaftLogWorker.java:execute(569)) - 1ed6dadd-b0b2-432b-85f8-e2d308be821a@group-E991317C4E7C-SegmentedRaftLogWorker: created new log segment /workdir/hadoop-ozone/integration-test/target/test-dir/MiniOzoneClusterImpl-4a157921-bac8-4948-8ccf-f55fe74fd98a/datanode-2/data/ratis/c0b63d9b-7ddc-48f5-9555-e991317c4e7c/current/log_inprogress_0
2019-09-25 05:54:06,665 [511ff9a4-402a-459c-948c-b9450b1400e6@group-37A8874952C0-SegmentedRaftLogWorker] INFO  segmented.SegmentedRaftLogWorker (SegmentedRaftLogWorker.java:execute(569)) - 511ff9a4-402a-459c-948c-b9450b1400e6@group-37A8874952C0-SegmentedRaftLogWorker: created new log segment /workdir/hadoop-ozone/integration-test/target/test-dir/MiniOzoneClusterImpl-4a157921-bac8-4948-8ccf-f55fe74fd98a/datanode-3/data/ratis/76a41b28-4962-4d3e-9b9c-37a8874952c0/current/log_inprogress_0
2019-09-25 05:54:06,774 [Thread-279] INFO  impl.FollowerState (FollowerState.java:run(106)) - 1ed6dadd-b0b2-432b-85f8-e2d308be821a:group-E6C28CF4DABC changes to CANDIDATE, lastRpcTime:5135, electionTimeout:5135ms
2019-09-25 05:54:06,775 [Thread-279] INFO  impl.RoleInfo (RoleInfo.java:shutdownFollowerState(121)) - 1ed6dadd-b0b2-432b-85f8-e2d308be821a: shutdown FollowerState
2019-09-25 05:54:06,775 [Thread-279] INFO  impl.RaftServerImpl (RaftServerImpl.java:setRole(174)) - 1ed6dadd-b0b2-432b-85f8-e2d308be821a@group-E6C28CF4DABC: changes role from  FOLLOWER to CANDIDATE at term 0 for changeToCandidate
2019-09-25 05:54:06,775 [Thread-279] INFO  impl.RoleInfo (RoleInfo.java:updateAndGet(143)) - 1ed6dadd-b0b2-432b-85f8-e2d308be821a: start LeaderElection
2019-09-25 05:54:06,801 [1ed6dadd-b0b2-432b-85f8-e2d308be821a@group-E6C28CF4DABC:LeaderElection24] INFO  impl.LeaderElection (LeaderElection.java:askForVotes(182)) - 1ed6dadd-b0b2-432b-85f8-e2d308be821a@group-E6C28CF4DABC:LeaderElection24: begin an election at term 1 for -1: [1ed6dadd-b0b2-432b-85f8-e2d308be821a:192.168.164.207:46532], old=null
2019-09-25 05:54:06,802 [1ed6dadd-b0b2-432b-85f8-e2d308be821a@group-E6C28CF4DABC:LeaderElection24] INFO  impl.RoleInfo (RoleInfo.java:shutdownLeaderElection(134)) - 1ed6dadd-b0b2-432b-85f8-e2d308be821a: shutdown LeaderElection
2019-09-25 05:54:06,802 [1ed6dadd-b0b2-432b-85f8-e2d308be821a@group-E6C28CF4DABC:LeaderElection24] INFO  impl.RaftServerImpl (RaftServerImpl.java:setRole(174)) - 1ed6dadd-b0b2-432b-85f8-e2d308be821a@group-E6C28CF4DABC: changes role from CANDIDATE to LEADER at term 1 for changeToLeader
2019-09-25 05:54:06,802 [1ed6dadd-b0b2-432b-85f8-e2d308be821a@group-E6C28CF4DABC:LeaderElection24] INFO  impl.RaftServerImpl (ServerState.java:setLeader(253)) - 1ed6dadd-b0b2-432b-85f8-e2d308be821a@group-E6C28CF4DABC: change Leader from null to 1ed6dadd-b0b2-432b-85f8-e2d308be821a at term 1 for becomeLeader, leader elected after 5270ms
2019-09-25 05:54:06,802 [1ed6dadd-b0b2-432b-85f8-e2d308be821a@group-E6C28CF4DABC:LeaderElection24] INFO  server.RaftServerConfigKeys (ConfUtils.java:logGet(43)) - raft.server.staging.catchup.gap = 1000 (default)
2019-09-25 05:54:06,802 [1ed6dadd-b0b2-432b-85f8-e2d308be821a@group-E6C28CF4DABC:LeaderElection24] INFO  server.RaftServerConfigKeys (ConfUtils.java:logGet(43)) - raft.server.rpc.sleep.time = 25ms (default)
2019-09-25 05:54:06,802 [1ed6dadd-b0b2-432b-85f8-e2d308be821a@group-E6C28CF4DABC:LeaderElection24] INFO  server.RaftServerConfigKeys (ConfUtils.java:logGet(43)) - raft.server.write.element-limit = 4096 (default)
2019-09-25 05:54:06,802 [1ed6dadd-b0b2-432b-85f8-e2d308be821a@group-E6C28CF4DABC:LeaderElection24] INFO  server.RaftServerConfigKeys (ConfUtils.java:logGet(43)) - raft.server.watch.timeout = 10s (default)
2019-09-25 05:54:06,803 [1ed6dadd-b0b2-432b-85f8-e2d308be821a@group-E6C28CF4DABC:LeaderElection24] INFO  server.RaftServerConfigKeys (ConfUtils.java:logGet(43)) - raft.server.watch.timeout.denomination = 1s (default)
2019-09-25 05:54:06,803 [1ed6dadd-b0b2-432b-85f8-e2d308be821a@group-E6C28CF4DABC:LeaderElection24] INFO  server.RaftServerConfigKeys (ConfUtils.java:logGet(43)) - raft.server.watch.element-limit = 65536 (default)
2019-09-25 05:54:06,805 [1ed6dadd-b0b2-432b-85f8-e2d308be821a@group-E6C28CF4DABC:LeaderElection24] INFO  impl.RoleInfo (RoleInfo.java:updateAndGet(143)) - 1ed6dadd-b0b2-432b-85f8-e2d308be821a: start LeaderState
2019-09-25 05:54:06,806 [1ed6dadd-b0b2-432b-85f8-e2d308be821a@group-E6C28CF4DABC:LeaderElection24] INFO  segmented.SegmentedRaftLogWorker (SegmentedRaftLogWorker.java:startLogSegment(380)) - 1ed6dadd-b0b2-432b-85f8-e2d308be821a@group-E6C28CF4DABC-SegmentedRaftLogWorker: Starting segment from index:0
2019-09-25 05:54:06,806 [1ed6dadd-b0b2-432b-85f8-e2d308be821a@group-E6C28CF4DABC:LeaderElection24] INFO  impl.RaftServerImpl (ServerState.java:setRaftConf(354)) - 1ed6dadd-b0b2-432b-85f8-e2d308be821a@group-E6C28CF4DABC: set configuration 0: [1ed6dadd-b0b2-432b-85f8-e2d308be821a:192.168.164.207:46532], old=null at 0
2019-09-25 05:54:06,839 [Thread-282] INFO  impl.FollowerState (FollowerState.java:run(106)) - 511ff9a4-402a-459c-948c-b9450b1400e6:group-5D3ADDB67A5E changes to CANDIDATE, lastRpcTime:5134, electionTimeout:5120ms
2019-09-25 05:54:06,840 [Thread-282] INFO  impl.RoleInfo (RoleInfo.java:shutdownFollowerState(121)) - 511ff9a4-402a-459c-948c-b9450b1400e6: shutdown FollowerState
2019-09-25 05:54:06,840 [Thread-282] INFO  impl.RaftServerImpl (RaftServerImpl.java:setRole(174)) - 511ff9a4-402a-459c-948c-b9450b1400e6@group-5D3ADDB67A5E: changes role from  FOLLOWER to CANDIDATE at term 0 for changeToCandidate
2019-09-25 05:54:06,840 [Thread-282] INFO  impl.RoleInfo (RoleInfo.java:updateAndGet(143)) - 511ff9a4-402a-459c-948c-b9450b1400e6: start LeaderElection
2019-09-25 05:54:06,850 [1ed6dadd-b0b2-432b-85f8-e2d308be821a@group-E6C28CF4DABC-SegmentedRaftLogWorker] INFO  segmented.SegmentedRaftLogWorker (SegmentedRaftLogWorker.java:execute(569)) - 1ed6dadd-b0b2-432b-85f8-e2d308be821a@group-E6C28CF4DABC-SegmentedRaftLogWorker: created new log segment /workdir/hadoop-ozone/integration-test/target/test-dir/MiniOzoneClusterImpl-4a157921-bac8-4948-8ccf-f55fe74fd98a/datanode-2/data/ratis/6e9f431d-7db7-4e52-b93e-e6c28cf4dabc/current/log_inprogress_0
2019-09-25 05:54:06,850 [511ff9a4-402a-459c-948c-b9450b1400e6@group-5D3ADDB67A5E:LeaderElection25] INFO  impl.LeaderElection (LeaderElection.java:askForVotes(182)) - 511ff9a4-402a-459c-948c-b9450b1400e6@group-5D3ADDB67A5E:LeaderElection25: begin an election at term 1 for -1: [511ff9a4-402a-459c-948c-b9450b1400e6:192.168.164.207:38058], old=null
2019-09-25 05:54:06,850 [511ff9a4-402a-459c-948c-b9450b1400e6@group-5D3ADDB67A5E:LeaderElection25] INFO  impl.RoleInfo (RoleInfo.java:shutdownLeaderElection(134)) - 511ff9a4-402a-459c-948c-b9450b1400e6: shutdown LeaderElection
2019-09-25 05:54:06,850 [511ff9a4-402a-459c-948c-b9450b1400e6@group-5D3ADDB67A5E:LeaderElection25] INFO  impl.RaftServerImpl (RaftServerImpl.java:setRole(174)) - 511ff9a4-402a-459c-948c-b9450b1400e6@group-5D3ADDB67A5E: changes role from CANDIDATE to LEADER at term 1 for changeToLeader
2019-09-25 05:54:06,850 [511ff9a4-402a-459c-948c-b9450b1400e6@group-5D3ADDB67A5E:LeaderElection25] INFO  impl.RaftServerImpl (ServerState.java:setLeader(253)) - 511ff9a4-402a-459c-948c-b9450b1400e6@group-5D3ADDB67A5E: change Leader from null to 511ff9a4-402a-459c-948c-b9450b1400e6 at term 1 for becomeLeader, leader elected after 5157ms
2019-09-25 05:54:06,850 [511ff9a4-402a-459c-948c-b9450b1400e6@group-5D3ADDB67A5E:LeaderElection25] INFO  server.RaftServerConfigKeys (ConfUtils.java:logGet(43)) - raft.server.staging.catchup.gap = 1000 (default)
2019-09-25 05:54:06,850 [511ff9a4-402a-459c-948c-b9450b1400e6@group-5D3ADDB67A5E:LeaderElection25] INFO  server.RaftServerConfigKeys (ConfUtils.java:logGet(43)) - raft.server.rpc.sleep.time = 25ms (default)
2019-09-25 05:54:06,851 [511ff9a4-402a-459c-948c-b9450b1400e6@group-5D3ADDB67A5E:LeaderElection25] INFO  server.RaftServerConfigKeys (ConfUtils.java:logGet(43)) - raft.server.write.element-limit = 4096 (default)
2019-09-25 05:54:06,851 [511ff9a4-402a-459c-948c-b9450b1400e6@group-5D3ADDB67A5E:LeaderElection25] INFO  server.RaftServerConfigKeys (ConfUtils.java:logGet(43)) - raft.server.watch.timeout = 10s (default)
2019-09-25 05:54:06,851 [511ff9a4-402a-459c-948c-b9450b1400e6@group-5D3ADDB67A5E:LeaderElection25] INFO  server.RaftServerConfigKeys (ConfUtils.java:logGet(43)) - raft.server.watch.timeout.denomination = 1s (default)
2019-09-25 05:54:06,851 [511ff9a4-402a-459c-948c-b9450b1400e6@group-5D3ADDB67A5E:LeaderElection25] INFO  server.RaftServerConfigKeys (ConfUtils.java:logGet(43)) - raft.server.watch.element-limit = 65536 (default)
2019-09-25 05:54:06,853 [511ff9a4-402a-459c-948c-b9450b1400e6@group-5D3ADDB67A5E:LeaderElection25] INFO  impl.RoleInfo (RoleInfo.java:updateAndGet(143)) - 511ff9a4-402a-459c-948c-b9450b1400e6: start LeaderState
2019-09-25 05:54:06,854 [511ff9a4-402a-459c-948c-b9450b1400e6@group-5D3ADDB67A5E:LeaderElection25] INFO  segmented.SegmentedRaftLogWorker (SegmentedRaftLogWorker.java:startLogSegment(380)) - 511ff9a4-402a-459c-948c-b9450b1400e6@group-5D3ADDB67A5E-SegmentedRaftLogWorker: Starting segment from index:0
2019-09-25 05:54:06,854 [511ff9a4-402a-459c-948c-b9450b1400e6@group-5D3ADDB67A5E:LeaderElection25] INFO  impl.RaftServerImpl (ServerState.java:setRaftConf(354)) - 511ff9a4-402a-459c-948c-b9450b1400e6@group-5D3ADDB67A5E: set configuration 0: [511ff9a4-402a-459c-948c-b9450b1400e6:192.168.164.207:38058], old=null at 0
2019-09-25 05:54:06,887 [Thread-285] INFO  impl.FollowerState (FollowerState.java:run(106)) - bb2366d0-9f8a-4c88-bd20-7ec32ce3238d:group-ECC9932C94A4 changes to CANDIDATE, lastRpcTime:5013, electionTimeout:5013ms
2019-09-25 05:54:06,887 [Thread-285] INFO  impl.RoleInfo (RoleInfo.java:shutdownFollowerState(121)) - bb2366d0-9f8a-4c88-bd20-7ec32ce3238d: shutdown FollowerState
2019-09-25 05:54:06,887 [Thread-285] INFO  impl.RaftServerImpl (RaftServerImpl.java:setRole(174)) - bb2366d0-9f8a-4c88-bd20-7ec32ce3238d@group-ECC9932C94A4: changes role from  FOLLOWER to CANDIDATE at term 0 for changeToCandidate
2019-09-25 05:54:06,887 [Thread-285] INFO  impl.RoleInfo (RoleInfo.java:updateAndGet(143)) - bb2366d0-9f8a-4c88-bd20-7ec32ce3238d: start LeaderElection
2019-09-25 05:54:06,892 [511ff9a4-402a-459c-948c-b9450b1400e6@group-5D3ADDB67A5E-SegmentedRaftLogWorker] INFO  segmented.SegmentedRaftLogWorker (SegmentedRaftLogWorker.java:execute(569)) - 511ff9a4-402a-459c-948c-b9450b1400e6@group-5D3ADDB67A5E-SegmentedRaftLogWorker: created new log segment /workdir/hadoop-ozone/integration-test/target/test-dir/MiniOzoneClusterImpl-4a157921-bac8-4948-8ccf-f55fe74fd98a/datanode-3/data/ratis/fc6e803a-b73c-4440-bb2f-5d3addb67a5e/current/log_inprogress_0
2019-09-25 05:54:06,905 [bb2366d0-9f8a-4c88-bd20-7ec32ce3238d@group-ECC9932C94A4:LeaderElection26] INFO  impl.LeaderElection (LeaderElection.java:askForVotes(182)) - bb2366d0-9f8a-4c88-bd20-7ec32ce3238d@group-ECC9932C94A4:LeaderElection26: begin an election at term 1 for -1: [bb2366d0-9f8a-4c88-bd20-7ec32ce3238d:192.168.164.207:44123], old=null
2019-09-25 05:54:06,905 [bb2366d0-9f8a-4c88-bd20-7ec32ce3238d@group-ECC9932C94A4:LeaderElection26] INFO  impl.RoleInfo (RoleInfo.java:shutdownLeaderElection(134)) - bb2366d0-9f8a-4c88-bd20-7ec32ce3238d: shutdown LeaderElection
2019-09-25 05:54:06,905 [bb2366d0-9f8a-4c88-bd20-7ec32ce3238d@group-ECC9932C94A4:LeaderElection26] INFO  impl.RaftServerImpl (RaftServerImpl.java:setRole(174)) - bb2366d0-9f8a-4c88-bd20-7ec32ce3238d@group-ECC9932C94A4: changes role from CANDIDATE to LEADER at term 1 for changeToLeader
2019-09-25 05:54:06,905 [bb2366d0-9f8a-4c88-bd20-7ec32ce3238d@group-ECC9932C94A4:LeaderElection26] INFO  impl.RaftServerImpl (ServerState.java:setLeader(253)) - bb2366d0-9f8a-4c88-bd20-7ec32ce3238d@group-ECC9932C94A4: change Leader from null to bb2366d0-9f8a-4c88-bd20-7ec32ce3238d at term 1 for becomeLeader, leader elected after 5156ms
2019-09-25 05:54:06,906 [bb2366d0-9f8a-4c88-bd20-7ec32ce3238d@group-ECC9932C94A4:LeaderElection26] INFO  server.RaftServerConfigKeys (ConfUtils.java:logGet(43)) - raft.server.staging.catchup.gap = 1000 (default)
2019-09-25 05:54:06,906 [bb2366d0-9f8a-4c88-bd20-7ec32ce3238d@group-ECC9932C94A4:LeaderElection26] INFO  server.RaftServerConfigKeys (ConfUtils.java:logGet(43)) - raft.server.rpc.sleep.time = 25ms (default)
2019-09-25 05:54:06,906 [bb2366d0-9f8a-4c88-bd20-7ec32ce3238d@group-ECC9932C94A4:LeaderElection26] INFO  server.RaftServerConfigKeys (ConfUtils.java:logGet(43)) - raft.server.write.element-limit = 4096 (default)
2019-09-25 05:54:06,906 [bb2366d0-9f8a-4c88-bd20-7ec32ce3238d@group-ECC9932C94A4:LeaderElection26] INFO  server.RaftServerConfigKeys (ConfUtils.java:logGet(43)) - raft.server.watch.timeout = 10s (default)
2019-09-25 05:54:06,906 [bb2366d0-9f8a-4c88-bd20-7ec32ce3238d@group-ECC9932C94A4:LeaderElection26] INFO  server.RaftServerConfigKeys (ConfUtils.java:logGet(43)) - raft.server.watch.timeout.denomination = 1s (default)
2019-09-25 05:54:06,906 [bb2366d0-9f8a-4c88-bd20-7ec32ce3238d@group-ECC9932C94A4:LeaderElection26] INFO  server.RaftServerConfigKeys (ConfUtils.java:logGet(43)) - raft.server.watch.element-limit = 65536 (default)
2019-09-25 05:54:06,908 [bb2366d0-9f8a-4c88-bd20-7ec32ce3238d@group-ECC9932C94A4:LeaderElection26] INFO  impl.RoleInfo (RoleInfo.java:updateAndGet(143)) - bb2366d0-9f8a-4c88-bd20-7ec32ce3238d: start LeaderState
2019-09-25 05:54:06,909 [bb2366d0-9f8a-4c88-bd20-7ec32ce3238d@group-ECC9932C94A4:LeaderElection26] INFO  segmented.SegmentedRaftLogWorker (SegmentedRaftLogWorker.java:startLogSegment(380)) - bb2366d0-9f8a-4c88-bd20-7ec32ce3238d@group-ECC9932C94A4-SegmentedRaftLogWorker: Starting segment from index:0
2019-09-25 05:54:06,909 [bb2366d0-9f8a-4c88-bd20-7ec32ce3238d@group-ECC9932C94A4:LeaderElection26] INFO  impl.RaftServerImpl (ServerState.java:setRaftConf(354)) - bb2366d0-9f8a-4c88-bd20-7ec32ce3238d@group-ECC9932C94A4: set configuration 0: [bb2366d0-9f8a-4c88-bd20-7ec32ce3238d:192.168.164.207:44123], old=null at 0
2019-09-25 05:54:06,936 [bb2366d0-9f8a-4c88-bd20-7ec32ce3238d@group-ECC9932C94A4-SegmentedRaftLogWorker] INFO  segmented.SegmentedRaftLogWorker (SegmentedRaftLogWorker.java:execute(569)) - bb2366d0-9f8a-4c88-bd20-7ec32ce3238d@group-ECC9932C94A4-SegmentedRaftLogWorker: created new log segment /workdir/hadoop-ozone/integration-test/target/test-dir/MiniOzoneClusterImpl-4a157921-bac8-4948-8ccf-f55fe74fd98a/datanode-4/data/ratis/dd7b338f-4153-4cd7-9bf7-ecc9932c94a4/current/log_inprogress_0
2019-09-25 05:54:07,071 [Thread-294] INFO  impl.FollowerState (FollowerState.java:run(106)) - bb2366d0-9f8a-4c88-bd20-7ec32ce3238d:group-F0408571344A changes to CANDIDATE, lastRpcTime:5015, electionTimeout:5015ms
2019-09-25 05:54:07,071 [Thread-294] INFO  impl.RoleInfo (RoleInfo.java:shutdownFollowerState(121)) - bb2366d0-9f8a-4c88-bd20-7ec32ce3238d: shutdown FollowerState
2019-09-25 05:54:07,072 [Thread-294] INFO  impl.RaftServerImpl (RaftServerImpl.java:setRole(174)) - bb2366d0-9f8a-4c88-bd20-7ec32ce3238d@group-F0408571344A: changes role from  FOLLOWER to CANDIDATE at term 0 for changeToCandidate
2019-09-25 05:54:07,072 [Thread-294] INFO  impl.RoleInfo (RoleInfo.java:updateAndGet(143)) - bb2366d0-9f8a-4c88-bd20-7ec32ce3238d: start LeaderElection
2019-09-25 05:54:07,087 [bb2366d0-9f8a-4c88-bd20-7ec32ce3238d@group-F0408571344A:LeaderElection27] INFO  impl.LeaderElection (LeaderElection.java:askForVotes(182)) - bb2366d0-9f8a-4c88-bd20-7ec32ce3238d@group-F0408571344A:LeaderElection27: begin an election at term 1 for -1: [bb2366d0-9f8a-4c88-bd20-7ec32ce3238d:192.168.164.207:44123], old=null
2019-09-25 05:54:07,088 [bb2366d0-9f8a-4c88-bd20-7ec32ce3238d@group-F0408571344A:LeaderElection27] INFO  impl.RoleInfo (RoleInfo.java:shutdownLeaderElection(134)) - bb2366d0-9f8a-4c88-bd20-7ec32ce3238d: shutdown LeaderElection
2019-09-25 05:54:07,088 [bb2366d0-9f8a-4c88-bd20-7ec32ce3238d@group-F0408571344A:LeaderElection27] INFO  impl.RaftServerImpl (RaftServerImpl.java:setRole(174)) - bb2366d0-9f8a-4c88-bd20-7ec32ce3238d@group-F0408571344A: changes role from CANDIDATE to LEADER at term 1 for changeToLeader
2019-09-25 05:54:07,088 [bb2366d0-9f8a-4c88-bd20-7ec32ce3238d@group-F0408571344A:LeaderElection27] INFO  impl.RaftServerImpl (ServerState.java:setLeader(253)) - bb2366d0-9f8a-4c88-bd20-7ec32ce3238d@group-F0408571344A: change Leader from null to bb2366d0-9f8a-4c88-bd20-7ec32ce3238d at term 1 for becomeLeader, leader elected after 5037ms
2019-09-25 05:54:07,088 [bb2366d0-9f8a-4c88-bd20-7ec32ce3238d@group-F0408571344A:LeaderElection27] INFO  server.RaftServerConfigKeys (ConfUtils.java:logGet(43)) - raft.server.staging.catchup.gap = 1000 (default)
2019-09-25 05:54:07,088 [bb2366d0-9f8a-4c88-bd20-7ec32ce3238d@group-F0408571344A:LeaderElection27] INFO  server.RaftServerConfigKeys (ConfUtils.java:logGet(43)) - raft.server.rpc.sleep.time = 25ms (default)
2019-09-25 05:54:07,089 [bb2366d0-9f8a-4c88-bd20-7ec32ce3238d@group-F0408571344A:LeaderElection27] INFO  server.RaftServerConfigKeys (ConfUtils.java:logGet(43)) - raft.server.write.element-limit = 4096 (default)
2019-09-25 05:54:07,089 [bb2366d0-9f8a-4c88-bd20-7ec32ce3238d@group-F0408571344A:LeaderElection27] INFO  server.RaftServerConfigKeys (ConfUtils.java:logGet(43)) - raft.server.watch.timeout = 10s (default)
2019-09-25 05:54:07,089 [bb2366d0-9f8a-4c88-bd20-7ec32ce3238d@group-F0408571344A:LeaderElection27] INFO  server.RaftServerConfigKeys (ConfUtils.java:logGet(43)) - raft.server.watch.timeout.denomination = 1s (default)
2019-09-25 05:54:07,089 [bb2366d0-9f8a-4c88-bd20-7ec32ce3238d@group-F0408571344A:LeaderElection27] INFO  server.RaftServerConfigKeys (ConfUtils.java:logGet(43)) - raft.server.watch.element-limit = 65536 (default)
2019-09-25 05:54:07,092 [bb2366d0-9f8a-4c88-bd20-7ec32ce3238d@group-F0408571344A:LeaderElection27] INFO  impl.RoleInfo (RoleInfo.java:updateAndGet(143)) - bb2366d0-9f8a-4c88-bd20-7ec32ce3238d: start LeaderState
2019-09-25 05:54:07,093 [bb2366d0-9f8a-4c88-bd20-7ec32ce3238d@group-F0408571344A:LeaderElection27] INFO  segmented.SegmentedRaftLogWorker (SegmentedRaftLogWorker.java:startLogSegment(380)) - bb2366d0-9f8a-4c88-bd20-7ec32ce3238d@group-F0408571344A-SegmentedRaftLogWorker: Starting segment from index:0
2019-09-25 05:54:07,093 [bb2366d0-9f8a-4c88-bd20-7ec32ce3238d@group-F0408571344A:LeaderElection27] INFO  impl.RaftServerImpl (ServerState.java:setRaftConf(354)) - bb2366d0-9f8a-4c88-bd20-7ec32ce3238d@group-F0408571344A: set configuration 0: [bb2366d0-9f8a-4c88-bd20-7ec32ce3238d:192.168.164.207:44123], old=null at 0
2019-09-25 05:54:07,119 [Thread-291] INFO  impl.FollowerState (FollowerState.java:run(106)) - bb2366d0-9f8a-4c88-bd20-7ec32ce3238d:group-E9A0BEDE4E9B changes to CANDIDATE, lastRpcTime:5113, electionTimeout:5109ms
2019-09-25 05:54:07,120 [Thread-288] INFO  impl.FollowerState (FollowerState.java:run(106)) - bb2366d0-9f8a-4c88-bd20-7ec32ce3238d:group-434EE280DC5C changes to CANDIDATE, lastRpcTime:5189, electionTimeout:5183ms
2019-09-25 05:54:07,120 [Thread-291] INFO  impl.RoleInfo (RoleInfo.java:shutdownFollowerState(121)) - bb2366d0-9f8a-4c88-bd20-7ec32ce3238d: shutdown FollowerState
2019-09-25 05:54:07,120 [Thread-288] INFO  impl.RoleInfo (RoleInfo.java:shutdownFollowerState(121)) - bb2366d0-9f8a-4c88-bd20-7ec32ce3238d: shutdown FollowerState
2019-09-25 05:54:07,120 [Thread-291] INFO  impl.RaftServerImpl (RaftServerImpl.java:setRole(174)) - bb2366d0-9f8a-4c88-bd20-7ec32ce3238d@group-E9A0BEDE4E9B: changes role from  FOLLOWER to CANDIDATE at term 0 for changeToCandidate
2019-09-25 05:54:07,120 [Thread-288] INFO  impl.RaftServerImpl (RaftServerImpl.java:setRole(174)) - bb2366d0-9f8a-4c88-bd20-7ec32ce3238d@group-434EE280DC5C: changes role from  FOLLOWER to CANDIDATE at term 0 for changeToCandidate
2019-09-25 05:54:07,120 [Thread-291] INFO  impl.RoleInfo (RoleInfo.java:updateAndGet(143)) - bb2366d0-9f8a-4c88-bd20-7ec32ce3238d: start LeaderElection
2019-09-25 05:54:07,120 [Thread-288] INFO  impl.RoleInfo (RoleInfo.java:updateAndGet(143)) - bb2366d0-9f8a-4c88-bd20-7ec32ce3238d: start LeaderElection
2019-09-25 05:54:07,133 [bb2366d0-9f8a-4c88-bd20-7ec32ce3238d@group-F0408571344A-SegmentedRaftLogWorker] INFO  segmented.SegmentedRaftLogWorker (SegmentedRaftLogWorker.java:execute(569)) - bb2366d0-9f8a-4c88-bd20-7ec32ce3238d@group-F0408571344A-SegmentedRaftLogWorker: created new log segment /workdir/hadoop-ozone/integration-test/target/test-dir/MiniOzoneClusterImpl-4a157921-bac8-4948-8ccf-f55fe74fd98a/datanode-4/data/ratis/7ce0acd2-72a9-457a-82cd-f0408571344a/current/log_inprogress_0
2019-09-25 05:54:07,133 [bb2366d0-9f8a-4c88-bd20-7ec32ce3238d@group-434EE280DC5C:LeaderElection29] INFO  impl.LeaderElection (LeaderElection.java:askForVotes(182)) - bb2366d0-9f8a-4c88-bd20-7ec32ce3238d@group-434EE280DC5C:LeaderElection29: begin an election at term 1 for -1: [bb2366d0-9f8a-4c88-bd20-7ec32ce3238d:192.168.164.207:44123], old=null
2019-09-25 05:54:07,133 [bb2366d0-9f8a-4c88-bd20-7ec32ce3238d@group-E9A0BEDE4E9B:LeaderElection28] INFO  impl.LeaderElection (LeaderElection.java:askForVotes(182)) - bb2366d0-9f8a-4c88-bd20-7ec32ce3238d@group-E9A0BEDE4E9B:LeaderElection28: begin an election at term 1 for -1: [bb2366d0-9f8a-4c88-bd20-7ec32ce3238d:192.168.164.207:44123], old=null
2019-09-25 05:54:07,133 [bb2366d0-9f8a-4c88-bd20-7ec32ce3238d@group-434EE280DC5C:LeaderElection29] INFO  impl.RoleInfo (RoleInfo.java:shutdownLeaderElection(134)) - bb2366d0-9f8a-4c88-bd20-7ec32ce3238d: shutdown LeaderElection
2019-09-25 05:54:07,133 [bb2366d0-9f8a-4c88-bd20-7ec32ce3238d@group-E9A0BEDE4E9B:LeaderElection28] INFO  impl.RoleInfo (RoleInfo.java:shutdownLeaderElection(134)) - bb2366d0-9f8a-4c88-bd20-7ec32ce3238d: shutdown LeaderElection
2019-09-25 05:54:07,133 [bb2366d0-9f8a-4c88-bd20-7ec32ce3238d@group-434EE280DC5C:LeaderElection29] INFO  impl.RaftServerImpl (RaftServerImpl.java:setRole(174)) - bb2366d0-9f8a-4c88-bd20-7ec32ce3238d@group-434EE280DC5C: changes role from CANDIDATE to LEADER at term 1 for changeToLeader
2019-09-25 05:54:07,134 [bb2366d0-9f8a-4c88-bd20-7ec32ce3238d@group-E9A0BEDE4E9B:LeaderElection28] INFO  impl.RaftServerImpl (RaftServerImpl.java:setRole(174)) - bb2366d0-9f8a-4c88-bd20-7ec32ce3238d@group-E9A0BEDE4E9B: changes role from CANDIDATE to LEADER at term 1 for changeToLeader
2019-09-25 05:54:07,134 [bb2366d0-9f8a-4c88-bd20-7ec32ce3238d@group-434EE280DC5C:LeaderElection29] INFO  impl.RaftServerImpl (ServerState.java:setLeader(253)) - bb2366d0-9f8a-4c88-bd20-7ec32ce3238d@group-434EE280DC5C: change Leader from null to bb2366d0-9f8a-4c88-bd20-7ec32ce3238d at term 1 for becomeLeader, leader elected after 5208ms
2019-09-25 05:54:07,134 [bb2366d0-9f8a-4c88-bd20-7ec32ce3238d@group-E9A0BEDE4E9B:LeaderElection28] INFO  impl.RaftServerImpl (ServerState.java:setLeader(253)) - bb2366d0-9f8a-4c88-bd20-7ec32ce3238d@group-E9A0BEDE4E9B: change Leader from null to bb2366d0-9f8a-4c88-bd20-7ec32ce3238d at term 1 for becomeLeader, leader elected after 5134ms
2019-09-25 05:54:07,134 [bb2366d0-9f8a-4c88-bd20-7ec32ce3238d@group-434EE280DC5C:LeaderElection29] INFO  server.RaftServerConfigKeys (ConfUtils.java:logGet(43)) - raft.server.staging.catchup.gap = 1000 (default)
2019-09-25 05:54:07,134 [bb2366d0-9f8a-4c88-bd20-7ec32ce3238d@group-E9A0BEDE4E9B:LeaderElection28] INFO  server.RaftServerConfigKeys (ConfUtils.java:logGet(43)) - raft.server.staging.catchup.gap = 1000 (default)
2019-09-25 05:54:07,134 [bb2366d0-9f8a-4c88-bd20-7ec32ce3238d@group-434EE280DC5C:LeaderElection29] INFO  server.RaftServerConfigKeys (ConfUtils.java:logGet(43)) - raft.server.rpc.sleep.time = 25ms (default)
2019-09-25 05:54:07,134 [bb2366d0-9f8a-4c88-bd20-7ec32ce3238d@group-E9A0BEDE4E9B:LeaderElection28] INFO  server.RaftServerConfigKeys (ConfUtils.java:logGet(43)) - raft.server.rpc.sleep.time = 25ms (default)
2019-09-25 05:54:07,134 [bb2366d0-9f8a-4c88-bd20-7ec32ce3238d@group-434EE280DC5C:LeaderElection29] INFO  server.RaftServerConfigKeys (ConfUtils.java:logGet(43)) - raft.server.write.element-limit = 4096 (default)
2019-09-25 05:54:07,134 [bb2366d0-9f8a-4c88-bd20-7ec32ce3238d@group-E9A0BEDE4E9B:LeaderElection28] INFO  server.RaftServerConfigKeys (ConfUtils.java:logGet(43)) - raft.server.write.element-limit = 4096 (default)
2019-09-25 05:54:07,135 [bb2366d0-9f8a-4c88-bd20-7ec32ce3238d@group-434EE280DC5C:LeaderElection29] INFO  server.RaftServerConfigKeys (ConfUtils.java:logGet(43)) - raft.server.watch.timeout = 10s (default)
2019-09-25 05:54:07,135 [bb2366d0-9f8a-4c88-bd20-7ec32ce3238d@group-E9A0BEDE4E9B:LeaderElection28] INFO  server.RaftServerConfigKeys (ConfUtils.java:logGet(43)) - raft.server.watch.timeout = 10s (default)
2019-09-25 05:54:07,135 [bb2366d0-9f8a-4c88-bd20-7ec32ce3238d@group-434EE280DC5C:LeaderElection29] INFO  server.RaftServerConfigKeys (ConfUtils.java:logGet(43)) - raft.server.watch.timeout.denomination = 1s (default)
2019-09-25 05:54:07,135 [bb2366d0-9f8a-4c88-bd20-7ec32ce3238d@group-E9A0BEDE4E9B:LeaderElection28] INFO  server.RaftServerConfigKeys (ConfUtils.java:logGet(43)) - raft.server.watch.timeout.denomination = 1s (default)
2019-09-25 05:54:07,135 [bb2366d0-9f8a-4c88-bd20-7ec32ce3238d@group-434EE280DC5C:LeaderElection29] INFO  server.RaftServerConfigKeys (ConfUtils.java:logGet(43)) - raft.server.watch.element-limit = 65536 (default)
2019-09-25 05:54:07,135 [bb2366d0-9f8a-4c88-bd20-7ec32ce3238d@group-E9A0BEDE4E9B:LeaderElection28] INFO  server.RaftServerConfigKeys (ConfUtils.java:logGet(43)) - raft.server.watch.element-limit = 65536 (default)
2019-09-25 05:54:07,138 [bb2366d0-9f8a-4c88-bd20-7ec32ce3238d@group-434EE280DC5C:LeaderElection29] INFO  impl.RoleInfo (RoleInfo.java:updateAndGet(143)) - bb2366d0-9f8a-4c88-bd20-7ec32ce3238d: start LeaderState
2019-09-25 05:54:07,138 [bb2366d0-9f8a-4c88-bd20-7ec32ce3238d@group-434EE280DC5C:LeaderElection29] INFO  segmented.SegmentedRaftLogWorker (SegmentedRaftLogWorker.java:startLogSegment(380)) - bb2366d0-9f8a-4c88-bd20-7ec32ce3238d@group-434EE280DC5C-SegmentedRaftLogWorker: Starting segment from index:0
2019-09-25 05:54:07,139 [bb2366d0-9f8a-4c88-bd20-7ec32ce3238d@group-E9A0BEDE4E9B:LeaderElection28] INFO  impl.RoleInfo (RoleInfo.java:updateAndGet(143)) - bb2366d0-9f8a-4c88-bd20-7ec32ce3238d: start LeaderState
2019-09-25 05:54:07,139 [bb2366d0-9f8a-4c88-bd20-7ec32ce3238d@group-E9A0BEDE4E9B:LeaderElection28] INFO  segmented.SegmentedRaftLogWorker (SegmentedRaftLogWorker.java:startLogSegment(380)) - bb2366d0-9f8a-4c88-bd20-7ec32ce3238d@group-E9A0BEDE4E9B-SegmentedRaftLogWorker: Starting segment from index:0
2019-09-25 05:54:07,139 [bb2366d0-9f8a-4c88-bd20-7ec32ce3238d@group-434EE280DC5C:LeaderElection29] INFO  impl.RaftServerImpl (ServerState.java:setRaftConf(354)) - bb2366d0-9f8a-4c88-bd20-7ec32ce3238d@group-434EE280DC5C: set configuration 0: [bb2366d0-9f8a-4c88-bd20-7ec32ce3238d:192.168.164.207:44123], old=null at 0
2019-09-25 05:54:07,170 [bb2366d0-9f8a-4c88-bd20-7ec32ce3238d@group-E9A0BEDE4E9B:LeaderElection28] INFO  impl.RaftServerImpl (ServerState.java:setRaftConf(354)) - bb2366d0-9f8a-4c88-bd20-7ec32ce3238d@group-E9A0BEDE4E9B: set configuration 0: [bb2366d0-9f8a-4c88-bd20-7ec32ce3238d:192.168.164.207:44123], old=null at 0
2019-09-25 05:54:07,199 [bb2366d0-9f8a-4c88-bd20-7ec32ce3238d@group-434EE280DC5C-SegmentedRaftLogWorker] INFO  segmented.SegmentedRaftLogWorker (SegmentedRaftLogWorker.java:execute(569)) - bb2366d0-9f8a-4c88-bd20-7ec32ce3238d@group-434EE280DC5C-SegmentedRaftLogWorker: created new log segment /workdir/hadoop-ozone/integration-test/target/test-dir/MiniOzoneClusterImpl-4a157921-bac8-4948-8ccf-f55fe74fd98a/datanode-4/data/ratis/7cfad379-39e1-4ef1-a196-434ee280dc5c/current/log_inprogress_0
2019-09-25 05:54:07,199 [Thread-297] INFO  impl.FollowerState (FollowerState.java:run(106)) - bb2366d0-9f8a-4c88-bd20-7ec32ce3238d:group-17159809C494 changes to CANDIDATE, lastRpcTime:5094, electionTimeout:5091ms
2019-09-25 05:54:07,202 [Thread-297] INFO  impl.RoleInfo (RoleInfo.java:shutdownFollowerState(121)) - bb2366d0-9f8a-4c88-bd20-7ec32ce3238d: shutdown FollowerState
2019-09-25 05:54:07,202 [Thread-297] INFO  impl.RaftServerImpl (RaftServerImpl.java:setRole(174)) - bb2366d0-9f8a-4c88-bd20-7ec32ce3238d@group-17159809C494: changes role from  FOLLOWER to CANDIDATE at term 0 for changeToCandidate
2019-09-25 05:54:07,202 [Thread-297] INFO  impl.RoleInfo (RoleInfo.java:updateAndGet(143)) - bb2366d0-9f8a-4c88-bd20-7ec32ce3238d: start LeaderElection
2019-09-25 05:54:07,204 [main] INFO  ozoneimpl.OzoneContainer (OzoneContainer.java:stop(231)) - Attempting to stop container services.
2019-09-25 05:54:07,204 [ForkJoinPool.commonPool-worker-1] INFO  ozoneimpl.OzoneContainer (OzoneContainer.java:stop(231)) - Attempting to stop container services.
2019-09-25 05:54:07,205 [main] INFO  impl.RaftServerProxy (RaftServerProxy.java:lambda$close$4(314)) - 1ed6dadd-b0b2-432b-85f8-e2d308be821a: close
2019-09-25 05:54:07,205 [ForkJoinPool.commonPool-worker-1] INFO  impl.RaftServerProxy (RaftServerProxy.java:lambda$close$4(314)) - 40dcd630-ad01-41c1-945d-8b29a9b08b55: close
2019-09-25 05:54:07,207 [main] INFO  impl.RaftServerImpl (RaftServerImpl.java:lambda$shutdown$3(251)) - 1ed6dadd-b0b2-432b-85f8-e2d308be821a@group-FBBF8EF5E9A0: shutdown
2019-09-25 05:54:07,207 [ForkJoinPool.commonPool-worker-1] INFO  impl.RaftServerImpl (RaftServerImpl.java:lambda$shutdown$3(251)) - 40dcd630-ad01-41c1-945d-8b29a9b08b55@group-DEA3C54B09B4: shutdown
2019-09-25 05:54:07,207 [main] INFO  util.JmxRegister (JmxRegister.java:unregister(73)) - Successfully un-registered JMX Bean with object name Ratis:service=RaftServer,group=group-FBBF8EF5E9A0,id=1ed6dadd-b0b2-432b-85f8-e2d308be821a
2019-09-25 05:54:07,207 [ForkJoinPool.commonPool-worker-1] INFO  util.JmxRegister (JmxRegister.java:unregister(73)) - Successfully un-registered JMX Bean with object name Ratis:service=RaftServer,group=group-DEA3C54B09B4,id=40dcd630-ad01-41c1-945d-8b29a9b08b55
2019-09-25 05:54:07,207 [main] INFO  impl.RoleInfo (RoleInfo.java:shutdownLeaderState(104)) - 1ed6dadd-b0b2-432b-85f8-e2d308be821a: shutdown LeaderState
2019-09-25 05:54:07,208 [ForkJoinPool.commonPool-worker-1] INFO  impl.RoleInfo (RoleInfo.java:shutdownLeaderState(104)) - 40dcd630-ad01-41c1-945d-8b29a9b08b55: shutdown LeaderState
2019-09-25 05:54:07,209 [main] INFO  impl.PendingRequests (PendingRequests.java:sendNotLeaderResponses(202)) - 1ed6dadd-b0b2-432b-85f8-e2d308be821a-PendingRequests: sendNotLeaderResponses
2019-09-25 05:54:07,209 [ForkJoinPool.commonPool-worker-1] INFO  impl.PendingRequests (PendingRequests.java:sendNotLeaderResponses(202)) - 40dcd630-ad01-41c1-945d-8b29a9b08b55-PendingRequests: sendNotLeaderResponses
2019-09-25 05:54:07,212 [main] INFO  impl.StateMachineUpdater (StateMachineUpdater.java:stopAndJoin(125)) - 1ed6dadd-b0b2-432b-85f8-e2d308be821a@group-FBBF8EF5E9A0-StateMachineUpdater: set stopIndex = 0
2019-09-25 05:54:07,214 [bb2366d0-9f8a-4c88-bd20-7ec32ce3238d@group-17159809C494:LeaderElection30] INFO  impl.LeaderElection (LeaderElection.java:askForVotes(182)) - bb2366d0-9f8a-4c88-bd20-7ec32ce3238d@group-17159809C494:LeaderElection30: begin an election at term 1 for -1: [bb2366d0-9f8a-4c88-bd20-7ec32ce3238d:192.168.164.207:44123], old=null
2019-09-25 05:54:07,213 [bb2366d0-9f8a-4c88-bd20-7ec32ce3238d@group-E9A0BEDE4E9B-SegmentedRaftLogWorker] INFO  segmented.SegmentedRaftLogWorker (SegmentedRaftLogWorker.java:execute(569)) - bb2366d0-9f8a-4c88-bd20-7ec32ce3238d@group-E9A0BEDE4E9B-SegmentedRaftLogWorker: created new log segment /workdir/hadoop-ozone/integration-test/target/test-dir/MiniOzoneClusterImpl-4a157921-bac8-4948-8ccf-f55fe74fd98a/datanode-4/data/ratis/79ab04b6-ec8c-4e56-a5f3-e9a0bede4e9b/current/log_inprogress_0
2019-09-25 05:54:07,214 [main] INFO  impl.RaftServerImpl (ServerState.java:close(385)) - 1ed6dadd-b0b2-432b-85f8-e2d308be821a@group-FBBF8EF5E9A0: closes. applyIndex: 0
2019-09-25 05:54:07,212 [ForkJoinPool.commonPool-worker-1] INFO  impl.StateMachineUpdater (StateMachineUpdater.java:stopAndJoin(125)) - 40dcd630-ad01-41c1-945d-8b29a9b08b55@group-DEA3C54B09B4-StateMachineUpdater: set stopIndex = 0
2019-09-25 05:54:07,214 [ForkJoinPool.commonPool-worker-1] INFO  impl.RaftServerImpl (ServerState.java:close(385)) - 40dcd630-ad01-41c1-945d-8b29a9b08b55@group-DEA3C54B09B4: closes. applyIndex: 0
2019-09-25 05:54:07,214 [bb2366d0-9f8a-4c88-bd20-7ec32ce3238d@group-17159809C494:LeaderElection30] INFO  impl.RoleInfo (RoleInfo.java:shutdownLeaderElection(134)) - bb2366d0-9f8a-4c88-bd20-7ec32ce3238d: shutdown LeaderElection
2019-09-25 05:54:07,214 [bb2366d0-9f8a-4c88-bd20-7ec32ce3238d@group-17159809C494:LeaderElection30] INFO  impl.RaftServerImpl (RaftServerImpl.java:setRole(174)) - bb2366d0-9f8a-4c88-bd20-7ec32ce3238d@group-17159809C494: changes role from CANDIDATE to LEADER at term 1 for changeToLeader
2019-09-25 05:54:07,215 [bb2366d0-9f8a-4c88-bd20-7ec32ce3238d@group-17159809C494:LeaderElection30] INFO  impl.RaftServerImpl (ServerState.java:setLeader(253)) - bb2366d0-9f8a-4c88-bd20-7ec32ce3238d@group-17159809C494: change Leader from null to bb2366d0-9f8a-4c88-bd20-7ec32ce3238d at term 1 for becomeLeader, leader elected after 5114ms
2019-09-25 05:54:07,215 [bb2366d0-9f8a-4c88-bd20-7ec32ce3238d@group-17159809C494:LeaderElection30] INFO  server.RaftServerConfigKeys (ConfUtils.java:logGet(43)) - raft.server.staging.catchup.gap = 1000 (default)
2019-09-25 05:54:07,215 [bb2366d0-9f8a-4c88-bd20-7ec32ce3238d@group-17159809C494:LeaderElection30] INFO  server.RaftServerConfigKeys (ConfUtils.java:logGet(43)) - raft.server.rpc.sleep.time = 25ms (default)
2019-09-25 05:54:07,215 [bb2366d0-9f8a-4c88-bd20-7ec32ce3238d@group-17159809C494:LeaderElection30] INFO  server.RaftServerConfigKeys (ConfUtils.java:logGet(43)) - raft.server.write.element-limit = 4096 (default)
2019-09-25 05:54:07,215 [bb2366d0-9f8a-4c88-bd20-7ec32ce3238d@group-17159809C494:LeaderElection30] INFO  server.RaftServerConfigKeys (ConfUtils.java:logGet(43)) - raft.server.watch.timeout = 10s (default)
2019-09-25 05:54:07,215 [40dcd630-ad01-41c1-945d-8b29a9b08b55@group-DEA3C54B09B4-SegmentedRaftLogWorker] INFO  segmented.SegmentedRaftLogWorker (SegmentedRaftLogWorker.java:run(313)) - 40dcd630-ad01-41c1-945d-8b29a9b08b55@group-DEA3C54B09B4-SegmentedRaftLogWorker was interrupted, exiting. There are 0 tasks remaining in the queue.
2019-09-25 05:54:07,215 [bb2366d0-9f8a-4c88-bd20-7ec32ce3238d@group-17159809C494:LeaderElection30] INFO  server.RaftServerConfigKeys (ConfUtils.java:logGet(43)) - raft.server.watch.timeout.denomination = 1s (default)
2019-09-25 05:54:07,215 [1ed6dadd-b0b2-432b-85f8-e2d308be821a@group-FBBF8EF5E9A0-SegmentedRaftLogWorker] INFO  segmented.SegmentedRaftLogWorker (SegmentedRaftLogWorker.java:run(313)) - 1ed6dadd-b0b2-432b-85f8-e2d308be821a@group-FBBF8EF5E9A0-SegmentedRaftLogWorker was interrupted, exiting. There are 0 tasks remaining in the queue.
2019-09-25 05:54:07,217 [bb2366d0-9f8a-4c88-bd20-7ec32ce3238d@group-17159809C494:LeaderElection30] INFO  server.RaftServerConfigKeys (ConfUtils.java:logGet(43)) - raft.server.watch.element-limit = 65536 (default)
2019-09-25 05:54:07,218 [ForkJoinPool.commonPool-worker-1] INFO  segmented.SegmentedRaftLogWorker (SegmentedRaftLogWorker.java:close(228)) - 40dcd630-ad01-41c1-945d-8b29a9b08b55@group-DEA3C54B09B4-SegmentedRaftLogWorker close()
2019-09-25 05:54:07,221 [main] INFO  segmented.SegmentedRaftLogWorker (SegmentedRaftLogWorker.java:close(228)) - 1ed6dadd-b0b2-432b-85f8-e2d308be821a@group-FBBF8EF5E9A0-SegmentedRaftLogWorker close()
2019-09-25 05:54:07,227 [main] INFO  impl.RaftServerImpl (RaftServerImpl.java:lambda$shutdown$3(251)) - 1ed6dadd-b0b2-432b-85f8-e2d308be821a@group-5704A4ACA230: shutdown
2019-09-25 05:54:07,227 [ForkJoinPool.commonPool-worker-1] INFO  impl.RaftServerImpl (RaftServerImpl.java:lambda$shutdown$3(251)) - 40dcd630-ad01-41c1-945d-8b29a9b08b55@group-F955C8F15C3A: shutdown
2019-09-25 05:54:07,227 [main] INFO  util.JmxRegister (JmxRegister.java:unregister(73)) - Successfully un-registered JMX Bean with object name Ratis:service=RaftServer,group=group-5704A4ACA230,id=1ed6dadd-b0b2-432b-85f8-e2d308be821a
2019-09-25 05:54:07,227 [ForkJoinPool.commonPool-worker-1] INFO  util.JmxRegister (JmxRegister.java:unregister(73)) - Successfully un-registered JMX Bean with object name Ratis:service=RaftServer,group=group-F955C8F15C3A,id=40dcd630-ad01-41c1-945d-8b29a9b08b55
2019-09-25 05:54:07,228 [main] INFO  impl.RoleInfo (RoleInfo.java:shutdownLeaderState(104)) - 1ed6dadd-b0b2-432b-85f8-e2d308be821a: shutdown LeaderState
2019-09-25 05:54:07,228 [ForkJoinPool.commonPool-worker-1] INFO  impl.RoleInfo (RoleInfo.java:shutdownLeaderState(104)) - 40dcd630-ad01-41c1-945d-8b29a9b08b55: shutdown LeaderState
2019-09-25 05:54:07,228 [main] INFO  impl.PendingRequests (PendingRequests.java:sendNotLeaderResponses(202)) - 1ed6dadd-b0b2-432b-85f8-e2d308be821a-PendingRequests: sendNotLeaderResponses
2019-09-25 05:54:07,228 [bb2366d0-9f8a-4c88-bd20-7ec32ce3238d@group-17159809C494:LeaderElection30] INFO  impl.RoleInfo (RoleInfo.java:updateAndGet(143)) - bb2366d0-9f8a-4c88-bd20-7ec32ce3238d: start LeaderState
2019-09-25 05:54:07,228 [ForkJoinPool.commonPool-worker-1] INFO  impl.PendingRequests (PendingRequests.java:sendNotLeaderResponses(202)) - 40dcd630-ad01-41c1-945d-8b29a9b08b55-PendingRequests: sendNotLeaderResponses
2019-09-25 05:54:07,228 [bb2366d0-9f8a-4c88-bd20-7ec32ce3238d@group-17159809C494:LeaderElection30] INFO  segmented.SegmentedRaftLogWorker (SegmentedRaftLogWorker.java:startLogSegment(380)) - bb2366d0-9f8a-4c88-bd20-7ec32ce3238d@group-17159809C494-SegmentedRaftLogWorker: Starting segment from index:0
2019-09-25 05:54:07,228 [main] INFO  impl.StateMachineUpdater (StateMachineUpdater.java:stopAndJoin(125)) - 1ed6dadd-b0b2-432b-85f8-e2d308be821a@group-5704A4ACA230-StateMachineUpdater: set stopIndex = 0
2019-09-25 05:54:07,229 [ForkJoinPool.commonPool-worker-1] INFO  impl.StateMachineUpdater (StateMachineUpdater.java:stopAndJoin(125)) - 40dcd630-ad01-41c1-945d-8b29a9b08b55@group-F955C8F15C3A-StateMachineUpdater: set stopIndex = 0
2019-09-25 05:54:07,229 [bb2366d0-9f8a-4c88-bd20-7ec32ce3238d@group-17159809C494:LeaderElection30] INFO  impl.RaftServerImpl (ServerState.java:setRaftConf(354)) - bb2366d0-9f8a-4c88-bd20-7ec32ce3238d@group-17159809C494: set configuration 0: [bb2366d0-9f8a-4c88-bd20-7ec32ce3238d:192.168.164.207:44123], old=null at 0
2019-09-25 05:54:07,229 [main] INFO  impl.RaftServerImpl (ServerState.java:close(385)) - 1ed6dadd-b0b2-432b-85f8-e2d308be821a@group-5704A4ACA230: closes. applyIndex: 0
2019-09-25 05:54:07,229 [ForkJoinPool.commonPool-worker-1] INFO  impl.RaftServerImpl (ServerState.java:close(385)) - 40dcd630-ad01-41c1-945d-8b29a9b08b55@group-F955C8F15C3A: closes. applyIndex: 0
2019-09-25 05:54:07,260 [1ed6dadd-b0b2-432b-85f8-e2d308be821a@group-5704A4ACA230-SegmentedRaftLogWorker] INFO  segmented.SegmentedRaftLogWorker (SegmentedRaftLogWorker.java:run(313)) - 1ed6dadd-b0b2-432b-85f8-e2d308be821a@group-5704A4ACA230-SegmentedRaftLogWorker was interrupted, exiting. There are 0 tasks remaining in the queue.
2019-09-25 05:54:07,261 [40dcd630-ad01-41c1-945d-8b29a9b08b55@group-F955C8F15C3A-SegmentedRaftLogWorker] INFO  segmented.SegmentedRaftLogWorker (SegmentedRaftLogWorker.java:run(313)) - 40dcd630-ad01-41c1-945d-8b29a9b08b55@group-F955C8F15C3A-SegmentedRaftLogWorker was interrupted, exiting. There are 0 tasks remaining in the queue.
2019-09-25 05:54:07,264 [main] INFO  segmented.SegmentedRaftLogWorker (SegmentedRaftLogWorker.java:close(228)) - 1ed6dadd-b0b2-432b-85f8-e2d308be821a@group-5704A4ACA230-SegmentedRaftLogWorker close()
2019-09-25 05:54:07,266 [ForkJoinPool.commonPool-worker-1] INFO  segmented.SegmentedRaftLogWorker (SegmentedRaftLogWorker.java:close(228)) - 40dcd630-ad01-41c1-945d-8b29a9b08b55@group-F955C8F15C3A-SegmentedRaftLogWorker close()
2019-09-25 05:54:07,269 [main] INFO  impl.RaftServerImpl (RaftServerImpl.java:lambda$shutdown$3(251)) - 1ed6dadd-b0b2-432b-85f8-e2d308be821a@group-E991317C4E7C: shutdown
2019-09-25 05:54:07,271 [ForkJoinPool.commonPool-worker-1] INFO  impl.RaftServerImpl (RaftServerImpl.java:lambda$shutdown$3(251)) - 40dcd630-ad01-41c1-945d-8b29a9b08b55@group-12FEF31C7255: shutdown
2019-09-25 05:54:07,271 [main] INFO  util.JmxRegister (JmxRegister.java:unregister(73)) - Successfully un-registered JMX Bean with object name Ratis:service=RaftServer,group=group-E991317C4E7C,id=1ed6dadd-b0b2-432b-85f8-e2d308be821a
2019-09-25 05:54:07,271 [ForkJoinPool.commonPool-worker-1] INFO  util.JmxRegister (JmxRegister.java:unregister(73)) - Successfully un-registered JMX Bean with object name Ratis:service=RaftServer,group=group-12FEF31C7255,id=40dcd630-ad01-41c1-945d-8b29a9b08b55
2019-09-25 05:54:07,271 [main] INFO  impl.RoleInfo (RoleInfo.java:shutdownLeaderState(104)) - 1ed6dadd-b0b2-432b-85f8-e2d308be821a: shutdown LeaderState
2019-09-25 05:54:07,272 [ForkJoinPool.commonPool-worker-1] INFO  impl.RoleInfo (RoleInfo.java:shutdownLeaderState(104)) - 40dcd630-ad01-41c1-945d-8b29a9b08b55: shutdown LeaderState
2019-09-25 05:54:07,272 [main] INFO  impl.PendingRequests (PendingRequests.java:sendNotLeaderResponses(202)) - 1ed6dadd-b0b2-432b-85f8-e2d308be821a-PendingRequests: sendNotLeaderResponses
2019-09-25 05:54:07,272 [ForkJoinPool.commonPool-worker-1] INFO  impl.PendingRequests (PendingRequests.java:sendNotLeaderResponses(202)) - 40dcd630-ad01-41c1-945d-8b29a9b08b55-PendingRequests: sendNotLeaderResponses
2019-09-25 05:54:07,273 [main] INFO  impl.StateMachineUpdater (StateMachineUpdater.java:stopAndJoin(125)) - 1ed6dadd-b0b2-432b-85f8-e2d308be821a@group-E991317C4E7C-StateMachineUpdater: set stopIndex = 0
2019-09-25 05:54:07,273 [ForkJoinPool.commonPool-worker-1] INFO  impl.StateMachineUpdater (StateMachineUpdater.java:stopAndJoin(125)) - 40dcd630-ad01-41c1-945d-8b29a9b08b55@group-12FEF31C7255-StateMachineUpdater: set stopIndex = 0
2019-09-25 05:54:07,273 [main] INFO  impl.RaftServerImpl (ServerState.java:close(385)) - 1ed6dadd-b0b2-432b-85f8-e2d308be821a@group-E991317C4E7C: closes. applyIndex: 0
2019-09-25 05:54:07,273 [ForkJoinPool.commonPool-worker-1] INFO  impl.RaftServerImpl (ServerState.java:close(385)) - 40dcd630-ad01-41c1-945d-8b29a9b08b55@group-12FEF31C7255: closes. applyIndex: 0
2019-09-25 05:54:07,274 [1ed6dadd-b0b2-432b-85f8-e2d308be821a@group-E991317C4E7C-SegmentedRaftLogWorker] INFO  segmented.SegmentedRaftLogWorker (SegmentedRaftLogWorker.java:run(313)) - 1ed6dadd-b0b2-432b-85f8-e2d308be821a@group-E991317C4E7C-SegmentedRaftLogWorker was interrupted, exiting. There are 0 tasks remaining in the queue.
2019-09-25 05:54:07,274 [40dcd630-ad01-41c1-945d-8b29a9b08b55@group-12FEF31C7255-SegmentedRaftLogWorker] INFO  segmented.SegmentedRaftLogWorker (SegmentedRaftLogWorker.java:run(313)) - 40dcd630-ad01-41c1-945d-8b29a9b08b55@group-12FEF31C7255-SegmentedRaftLogWorker was interrupted, exiting. There are 0 tasks remaining in the queue.
2019-09-25 05:54:07,275 [bb2366d0-9f8a-4c88-bd20-7ec32ce3238d@group-17159809C494-SegmentedRaftLogWorker] INFO  segmented.SegmentedRaftLogWorker (SegmentedRaftLogWorker.java:execute(569)) - bb2366d0-9f8a-4c88-bd20-7ec32ce3238d@group-17159809C494-SegmentedRaftLogWorker: created new log segment /workdir/hadoop-ozone/integration-test/target/test-dir/MiniOzoneClusterImpl-4a157921-bac8-4948-8ccf-f55fe74fd98a/datanode-4/data/ratis/cf067f18-9683-475b-9d05-17159809c494/current/log_inprogress_0
2019-09-25 05:54:07,276 [main] INFO  segmented.SegmentedRaftLogWorker (SegmentedRaftLogWorker.java:close(228)) - 1ed6dadd-b0b2-432b-85f8-e2d308be821a@group-E991317C4E7C-SegmentedRaftLogWorker close()
2019-09-25 05:54:07,277 [ForkJoinPool.commonPool-worker-1] INFO  segmented.SegmentedRaftLogWorker (SegmentedRaftLogWorker.java:close(228)) - 40dcd630-ad01-41c1-945d-8b29a9b08b55@group-12FEF31C7255-SegmentedRaftLogWorker close()
2019-09-25 05:54:07,279 [main] INFO  impl.RaftServerImpl (RaftServerImpl.java:lambda$shutdown$3(251)) - 1ed6dadd-b0b2-432b-85f8-e2d308be821a@group-DC2515EBFE88: shutdown
2019-09-25 05:54:07,281 [ForkJoinPool.commonPool-worker-1] INFO  impl.RaftServerImpl (RaftServerImpl.java:lambda$shutdown$3(251)) - 40dcd630-ad01-41c1-945d-8b29a9b08b55@group-22904BB71DE0: shutdown
2019-09-25 05:54:07,281 [main] INFO  util.JmxRegister (JmxRegister.java:unregister(73)) - Successfully un-registered JMX Bean with object name Ratis:service=RaftServer,group=group-DC2515EBFE88,id=1ed6dadd-b0b2-432b-85f8-e2d308be821a
2019-09-25 05:54:07,281 [ForkJoinPool.commonPool-worker-1] INFO  util.JmxRegister (JmxRegister.java:unregister(73)) - Successfully un-registered JMX Bean with object name Ratis:service=RaftServer,group=group-22904BB71DE0,id=40dcd630-ad01-41c1-945d-8b29a9b08b55
2019-09-25 05:54:07,282 [main] INFO  impl.RoleInfo (RoleInfo.java:shutdownLeaderState(104)) - 1ed6dadd-b0b2-432b-85f8-e2d308be821a: shutdown LeaderState
2019-09-25 05:54:07,282 [ForkJoinPool.commonPool-worker-1] INFO  impl.RoleInfo (RoleInfo.java:shutdownLeaderState(104)) - 40dcd630-ad01-41c1-945d-8b29a9b08b55: shutdown LeaderState
2019-09-25 05:54:07,282 [main] INFO  impl.PendingRequests (PendingRequests.java:sendNotLeaderResponses(202)) - 1ed6dadd-b0b2-432b-85f8-e2d308be821a-PendingRequests: sendNotLeaderResponses
2019-09-25 05:54:07,282 [ForkJoinPool.commonPool-worker-1] INFO  impl.PendingRequests (PendingRequests.java:sendNotLeaderResponses(202)) - 40dcd630-ad01-41c1-945d-8b29a9b08b55-PendingRequests: sendNotLeaderResponses
2019-09-25 05:54:07,282 [main] INFO  impl.StateMachineUpdater (StateMachineUpdater.java:stopAndJoin(125)) - 1ed6dadd-b0b2-432b-85f8-e2d308be821a@group-DC2515EBFE88-StateMachineUpdater: set stopIndex = 0
2019-09-25 05:54:07,283 [ForkJoinPool.commonPool-worker-1] INFO  impl.StateMachineUpdater (StateMachineUpdater.java:stopAndJoin(125)) - 40dcd630-ad01-41c1-945d-8b29a9b08b55@group-22904BB71DE0-StateMachineUpdater: set stopIndex = 0
2019-09-25 05:54:07,283 [main] INFO  impl.RaftServerImpl (ServerState.java:close(385)) - 1ed6dadd-b0b2-432b-85f8-e2d308be821a@group-DC2515EBFE88: closes. applyIndex: 0
2019-09-25 05:54:07,283 [ForkJoinPool.commonPool-worker-1] INFO  impl.RaftServerImpl (ServerState.java:close(385)) - 40dcd630-ad01-41c1-945d-8b29a9b08b55@group-22904BB71DE0: closes. applyIndex: 0
2019-09-25 05:54:07,283 [1ed6dadd-b0b2-432b-85f8-e2d308be821a@group-DC2515EBFE88-SegmentedRaftLogWorker] INFO  segmented.SegmentedRaftLogWorker (SegmentedRaftLogWorker.java:run(313)) - 1ed6dadd-b0b2-432b-85f8-e2d308be821a@group-DC2515EBFE88-SegmentedRaftLogWorker was interrupted, exiting. There are 0 tasks remaining in the queue.
2019-09-25 05:54:07,285 [40dcd630-ad01-41c1-945d-8b29a9b08b55@group-22904BB71DE0-SegmentedRaftLogWorker] INFO  segmented.SegmentedRaftLogWorker (SegmentedRaftLogWorker.java:run(313)) - 40dcd630-ad01-41c1-945d-8b29a9b08b55@group-22904BB71DE0-SegmentedRaftLogWorker was interrupted, exiting. There are 0 tasks remaining in the queue.
2019-09-25 05:54:07,286 [main] INFO  segmented.SegmentedRaftLogWorker (SegmentedRaftLogWorker.java:close(228)) - 1ed6dadd-b0b2-432b-85f8-e2d308be821a@group-DC2515EBFE88-SegmentedRaftLogWorker close()
2019-09-25 05:54:07,289 [ForkJoinPool.commonPool-worker-1] INFO  segmented.SegmentedRaftLogWorker (SegmentedRaftLogWorker.java:close(228)) - 40dcd630-ad01-41c1-945d-8b29a9b08b55@group-22904BB71DE0-SegmentedRaftLogWorker close()
2019-09-25 05:54:07,292 [main] INFO  impl.RaftServerImpl (RaftServerImpl.java:lambda$shutdown$3(251)) - 1ed6dadd-b0b2-432b-85f8-e2d308be821a@group-E6C28CF4DABC: shutdown
2019-09-25 05:54:07,294 [ForkJoinPool.commonPool-worker-1] INFO  impl.RaftServerImpl (RaftServerImpl.java:lambda$shutdown$3(251)) - 40dcd630-ad01-41c1-945d-8b29a9b08b55@group-274294D649C9: shutdown
2019-09-25 05:54:07,294 [main] INFO  util.JmxRegister (JmxRegister.java:unregister(73)) - Successfully un-registered JMX Bean with object name Ratis:service=RaftServer,group=group-E6C28CF4DABC,id=1ed6dadd-b0b2-432b-85f8-e2d308be821a
2019-09-25 05:54:07,294 [ForkJoinPool.commonPool-worker-1] INFO  util.JmxRegister (JmxRegister.java:unregister(73)) - Successfully un-registered JMX Bean with object name Ratis:service=RaftServer,group=group-274294D649C9,id=40dcd630-ad01-41c1-945d-8b29a9b08b55
2019-09-25 05:54:07,294 [main] INFO  impl.RoleInfo (RoleInfo.java:shutdownLeaderState(104)) - 1ed6dadd-b0b2-432b-85f8-e2d308be821a: shutdown LeaderState
2019-09-25 05:54:07,295 [ForkJoinPool.commonPool-worker-1] INFO  impl.RoleInfo (RoleInfo.java:shutdownLeaderState(104)) - 40dcd630-ad01-41c1-945d-8b29a9b08b55: shutdown LeaderState
2019-09-25 05:54:07,295 [main] INFO  impl.PendingRequests (PendingRequests.java:sendNotLeaderResponses(202)) - 1ed6dadd-b0b2-432b-85f8-e2d308be821a-PendingRequests: sendNotLeaderResponses
2019-09-25 05:54:07,295 [ForkJoinPool.commonPool-worker-1] INFO  impl.PendingRequests (PendingRequests.java:sendNotLeaderResponses(202)) - 40dcd630-ad01-41c1-945d-8b29a9b08b55-PendingRequests: sendNotLeaderResponses
2019-09-25 05:54:07,295 [main] INFO  impl.StateMachineUpdater (StateMachineUpdater.java:stopAndJoin(125)) - 1ed6dadd-b0b2-432b-85f8-e2d308be821a@group-E6C28CF4DABC-StateMachineUpdater: set stopIndex = 0
2019-09-25 05:54:07,295 [ForkJoinPool.commonPool-worker-1] INFO  impl.StateMachineUpdater (StateMachineUpdater.java:stopAndJoin(125)) - 40dcd630-ad01-41c1-945d-8b29a9b08b55@group-274294D649C9-StateMachineUpdater: set stopIndex = 0
2019-09-25 05:54:07,296 [main] INFO  impl.RaftServerImpl (ServerState.java:close(385)) - 1ed6dadd-b0b2-432b-85f8-e2d308be821a@group-E6C28CF4DABC: closes. applyIndex: 0
2019-09-25 05:54:07,296 [ForkJoinPool.commonPool-worker-1] INFO  impl.RaftServerImpl (ServerState.java:close(385)) - 40dcd630-ad01-41c1-945d-8b29a9b08b55@group-274294D649C9: closes. applyIndex: 0
2019-09-25 05:54:07,296 [1ed6dadd-b0b2-432b-85f8-e2d308be821a@group-E6C28CF4DABC-SegmentedRaftLogWorker] INFO  segmented.SegmentedRaftLogWorker (SegmentedRaftLogWorker.java:run(313)) - 1ed6dadd-b0b2-432b-85f8-e2d308be821a@group-E6C28CF4DABC-SegmentedRaftLogWorker was interrupted, exiting. There are 0 tasks remaining in the queue.
2019-09-25 05:54:07,296 [40dcd630-ad01-41c1-945d-8b29a9b08b55@group-274294D649C9-SegmentedRaftLogWorker] INFO  segmented.SegmentedRaftLogWorker (SegmentedRaftLogWorker.java:run(313)) - 40dcd630-ad01-41c1-945d-8b29a9b08b55@group-274294D649C9-SegmentedRaftLogWorker was interrupted, exiting. There are 0 tasks remaining in the queue.
2019-09-25 05:54:07,298 [main] INFO  segmented.SegmentedRaftLogWorker (SegmentedRaftLogWorker.java:close(228)) - 1ed6dadd-b0b2-432b-85f8-e2d308be821a@group-E6C28CF4DABC-SegmentedRaftLogWorker close()
2019-09-25 05:54:07,300 [ForkJoinPool.commonPool-worker-1] INFO  segmented.SegmentedRaftLogWorker (SegmentedRaftLogWorker.java:close(228)) - 40dcd630-ad01-41c1-945d-8b29a9b08b55@group-274294D649C9-SegmentedRaftLogWorker close()
2019-09-25 05:54:07,302 [main] INFO  impl.RaftServerImpl (RaftServerImpl.java:lambda$shutdown$3(251)) - 1ed6dadd-b0b2-432b-85f8-e2d308be821a@group-3EC223D9B2C1: shutdown
2019-09-25 05:54:07,311 [ForkJoinPool.commonPool-worker-1] INFO  impl.RaftServerImpl (RaftServerImpl.java:lambda$shutdown$3(251)) - 40dcd630-ad01-41c1-945d-8b29a9b08b55@group-1EDC6B0612C1: shutdown
2019-09-25 05:54:07,311 [main] INFO  util.JmxRegister (JmxRegister.java:unregister(73)) - Successfully un-registered JMX Bean with object name Ratis:service=RaftServer,group=group-3EC223D9B2C1,id=1ed6dadd-b0b2-432b-85f8-e2d308be821a
2019-09-25 05:54:07,311 [ForkJoinPool.commonPool-worker-1] INFO  util.JmxRegister (JmxRegister.java:unregister(73)) - Successfully un-registered JMX Bean with object name Ratis:service=RaftServer,group=group-1EDC6B0612C1,id=40dcd630-ad01-41c1-945d-8b29a9b08b55
2019-09-25 05:54:07,311 [main] INFO  impl.RoleInfo (RoleInfo.java:shutdownLeaderState(104)) - 1ed6dadd-b0b2-432b-85f8-e2d308be821a: shutdown LeaderState
2019-09-25 05:54:07,311 [ForkJoinPool.commonPool-worker-1] INFO  impl.RoleInfo (RoleInfo.java:shutdownLeaderState(104)) - 40dcd630-ad01-41c1-945d-8b29a9b08b55: shutdown LeaderState
2019-09-25 05:54:07,312 [main] INFO  impl.PendingRequests (PendingRequests.java:sendNotLeaderResponses(202)) - 1ed6dadd-b0b2-432b-85f8-e2d308be821a-PendingRequests: sendNotLeaderResponses
2019-09-25 05:54:07,312 [ForkJoinPool.commonPool-worker-1] INFO  impl.PendingRequests (PendingRequests.java:sendNotLeaderResponses(202)) - 40dcd630-ad01-41c1-945d-8b29a9b08b55-PendingRequests: sendNotLeaderResponses
2019-09-25 05:54:07,312 [main] INFO  impl.StateMachineUpdater (StateMachineUpdater.java:stopAndJoin(125)) - 1ed6dadd-b0b2-432b-85f8-e2d308be821a@group-3EC223D9B2C1-StateMachineUpdater: set stopIndex = 0
2019-09-25 05:54:07,312 [ForkJoinPool.commonPool-worker-1] INFO  impl.StateMachineUpdater (StateMachineUpdater.java:stopAndJoin(125)) - 40dcd630-ad01-41c1-945d-8b29a9b08b55@group-1EDC6B0612C1-StateMachineUpdater: set stopIndex = 0
2019-09-25 05:54:07,313 [main] INFO  impl.RaftServerImpl (ServerState.java:close(385)) - 1ed6dadd-b0b2-432b-85f8-e2d308be821a@group-3EC223D9B2C1: closes. applyIndex: 0
2019-09-25 05:54:07,313 [ForkJoinPool.commonPool-worker-1] INFO  impl.RaftServerImpl (ServerState.java:close(385)) - 40dcd630-ad01-41c1-945d-8b29a9b08b55@group-1EDC6B0612C1: closes. applyIndex: 0
2019-09-25 05:54:07,313 [1ed6dadd-b0b2-432b-85f8-e2d308be821a@group-3EC223D9B2C1-SegmentedRaftLogWorker] INFO  segmented.SegmentedRaftLogWorker (SegmentedRaftLogWorker.java:run(313)) - 1ed6dadd-b0b2-432b-85f8-e2d308be821a@group-3EC223D9B2C1-SegmentedRaftLogWorker was interrupted, exiting. There are 0 tasks remaining in the queue.
2019-09-25 05:54:07,313 [40dcd630-ad01-41c1-945d-8b29a9b08b55@group-1EDC6B0612C1-SegmentedRaftLogWorker] INFO  segmented.SegmentedRaftLogWorker (SegmentedRaftLogWorker.java:run(313)) - 40dcd630-ad01-41c1-945d-8b29a9b08b55@group-1EDC6B0612C1-SegmentedRaftLogWorker was interrupted, exiting. There are 0 tasks remaining in the queue.
2019-09-25 05:54:07,314 [main] INFO  segmented.SegmentedRaftLogWorker (SegmentedRaftLogWorker.java:close(228)) - 1ed6dadd-b0b2-432b-85f8-e2d308be821a@group-3EC223D9B2C1-SegmentedRaftLogWorker close()
2019-09-25 05:54:07,316 [ForkJoinPool.commonPool-worker-1] INFO  segmented.SegmentedRaftLogWorker (SegmentedRaftLogWorker.java:close(228)) - 40dcd630-ad01-41c1-945d-8b29a9b08b55@group-1EDC6B0612C1-SegmentedRaftLogWorker close()
2019-09-25 05:54:07,318 [ForkJoinPool.commonPool-worker-1] INFO  server.GrpcService (GrpcService.java:closeImpl(164)) - 40dcd630-ad01-41c1-945d-8b29a9b08b55: shutdown server with port 38778 now
2019-09-25 05:54:07,318 [main] INFO  server.GrpcService (GrpcService.java:closeImpl(164)) - 1ed6dadd-b0b2-432b-85f8-e2d308be821a: shutdown server with port 46532 now
2019-09-25 05:54:07,321 [ForkJoinPool.commonPool-worker-1] INFO  server.GrpcService (GrpcService.java:closeImpl(172)) - 40dcd630-ad01-41c1-945d-8b29a9b08b55: shutdown server with port 38778 successfully
2019-09-25 05:54:07,322 [main] INFO  server.GrpcService (GrpcService.java:closeImpl(172)) - 1ed6dadd-b0b2-432b-85f8-e2d308be821a: shutdown server with port 46532 successfully
2019-09-25 05:54:07,330 [refreshUsed-/workdir/hadoop-ozone/integration-test/target/test-dir/MiniOzoneClusterImpl-4a157921-bac8-4948-8ccf-f55fe74fd98a/datanode-2/data/containers] WARN  fs.CachingGetSpaceUsed (CachingGetSpaceUsed.java:run(183)) - Thread Interrupted waiting to refresh disk information: sleep interrupted
2019-09-25 05:54:07,330 [refreshUsed-/workdir/hadoop-ozone/integration-test/target/test-dir/MiniOzoneClusterImpl-4a157921-bac8-4948-8ccf-f55fe74fd98a/datanode-1/data/containers] WARN  fs.CachingGetSpaceUsed (CachingGetSpaceUsed.java:run(183)) - Thread Interrupted waiting to refresh disk information: sleep interrupted
2019-09-25 05:54:07,350 [main] INFO  utils.BackgroundService (BackgroundService.java:shutdown(148)) - Shutting down service BlockDeletingService
2019-09-25 05:54:07,353 [main] INFO  statemachine.DatanodeStateMachine (DatanodeStateMachine.java:stopDaemon(395)) - Ozone container server stopped.
2019-09-25 05:54:07,354 [main] INFO  handler.ContextHandler (ContextHandler.java:doStop(910)) - Stopped o.e.j.w.WebAppContext@2f2bff16{/,null,UNAVAILABLE}{/hddsDatanode}
2019-09-25 05:54:07,355 [ForkJoinPool.commonPool-worker-1] INFO  utils.BackgroundService (BackgroundService.java:shutdown(148)) - Shutting down service BlockDeletingService
2019-09-25 05:54:07,355 [main] INFO  server.AbstractConnector (AbstractConnector.java:doStop(318)) - Stopped ServerConnector@75de29c0{HTTP/1.1,[http/1.1]}{0.0.0.0:0}
2019-09-25 05:54:07,357 [main] INFO  handler.ContextHandler (ContextHandler.java:doStop(910)) - Stopped o.e.j.s.ServletContextHandler@44536de4{/static,jar:file:/home/user/.m2/repository/org/apache/hadoop/hadoop-hdds-container-service/0.5.0-SNAPSHOT/hadoop-hdds-container-service-0.5.0-SNAPSHOT.jar!/webapps/static,UNAVAILABLE}
2019-09-25 05:54:07,357 [ForkJoinPool.commonPool-worker-1] INFO  statemachine.DatanodeStateMachine (DatanodeStateMachine.java:stopDaemon(395)) - Ozone container server stopped.
2019-09-25 05:54:07,358 [main] INFO  handler.ContextHandler (ContextHandler.java:doStop(910)) - Stopped o.e.j.s.ServletContextHandler@54d8c20d{/logs,file:///workdir/hadoop-ozone/integration-test/target/log,UNAVAILABLE}
2019-09-25 05:54:07,361 [ForkJoinPool.commonPool-worker-1] INFO  handler.ContextHandler (ContextHandler.java:doStop(910)) - Stopped o.e.j.w.WebAppContext@6f94a5a5{/,null,UNAVAILABLE}{/hddsDatanode}
2019-09-25 05:54:07,361 [ForkJoinPool.commonPool-worker-1] INFO  server.AbstractConnector (AbstractConnector.java:doStop(318)) - Stopped ServerConnector@455c1d8c{HTTP/1.1,[http/1.1]}{0.0.0.0:0}
2019-09-25 05:54:07,362 [ForkJoinPool.commonPool-worker-1] INFO  handler.ContextHandler (ContextHandler.java:doStop(910)) - Stopped o.e.j.s.ServletContextHandler@1e7ab390{/static,jar:file:/home/user/.m2/repository/org/apache/hadoop/hadoop-hdds-container-service/0.5.0-SNAPSHOT/hadoop-hdds-container-service-0.5.0-SNAPSHOT.jar!/webapps/static,UNAVAILABLE}
2019-09-25 05:54:07,363 [ForkJoinPool.commonPool-worker-1] INFO  handler.ContextHandler (ContextHandler.java:doStop(910)) - Stopped o.e.j.s.ServletContextHandler@15400fff{/logs,file:///workdir/hadoop-ozone/integration-test/target/log,UNAVAILABLE}
2019-09-25 05:54:07,630 [Datanode State Machine Thread - 0] INFO  statemachine.DatanodeStateMachine (DatanodeStateMachine.java:lambda$startDaemon$0(350)) - Ozone container server started.
2019-09-25 05:54:08,298 [Datanode State Machine Thread - 0] INFO  statemachine.DatanodeStateMachine (DatanodeStateMachine.java:lambda$startDaemon$0(350)) - Ozone container server started.
2019-09-25 05:54:12,361 [main] INFO  ozoneimpl.OzoneContainer (OzoneContainer.java:stop(231)) - Attempting to stop container services.
2019-09-25 05:54:12,362 [main] INFO  impl.RaftServerProxy (RaftServerProxy.java:lambda$close$4(314)) - bb2366d0-9f8a-4c88-bd20-7ec32ce3238d: close
2019-09-25 05:54:12,362 [main] INFO  impl.RaftServerImpl (RaftServerImpl.java:lambda$shutdown$3(251)) - bb2366d0-9f8a-4c88-bd20-7ec32ce3238d@group-ECC9932C94A4: shutdown
2019-09-25 05:54:12,363 [main] INFO  util.JmxRegister (JmxRegister.java:unregister(73)) - Successfully un-registered JMX Bean with object name Ratis:service=RaftServer,group=group-ECC9932C94A4,id=bb2366d0-9f8a-4c88-bd20-7ec32ce3238d
2019-09-25 05:54:12,363 [main] INFO  impl.RoleInfo (RoleInfo.java:shutdownLeaderState(104)) - bb2366d0-9f8a-4c88-bd20-7ec32ce3238d: shutdown LeaderState
2019-09-25 05:54:12,363 [main] INFO  impl.PendingRequests (PendingRequests.java:sendNotLeaderResponses(202)) - bb2366d0-9f8a-4c88-bd20-7ec32ce3238d-PendingRequests: sendNotLeaderResponses
2019-09-25 05:54:12,364 [main] INFO  impl.StateMachineUpdater (StateMachineUpdater.java:stopAndJoin(125)) - bb2366d0-9f8a-4c88-bd20-7ec32ce3238d@group-ECC9932C94A4-StateMachineUpdater: set stopIndex = 0
2019-09-25 05:54:12,364 [main] INFO  impl.RaftServerImpl (ServerState.java:close(385)) - bb2366d0-9f8a-4c88-bd20-7ec32ce3238d@group-ECC9932C94A4: closes. applyIndex: 0
2019-09-25 05:54:12,364 [ForkJoinPool.commonPool-worker-1] INFO  ozoneimpl.OzoneContainer (OzoneContainer.java:stop(231)) - Attempting to stop container services.
2019-09-25 05:54:12,365 [bb2366d0-9f8a-4c88-bd20-7ec32ce3238d@group-ECC9932C94A4-SegmentedRaftLogWorker] INFO  segmented.SegmentedRaftLogWorker (SegmentedRaftLogWorker.java:run(313)) - bb2366d0-9f8a-4c88-bd20-7ec32ce3238d@group-ECC9932C94A4-SegmentedRaftLogWorker was interrupted, exiting. There are 0 tasks remaining in the queue.
2019-09-25 05:54:12,365 [ForkJoinPool.commonPool-worker-1] INFO  impl.RaftServerProxy (RaftServerProxy.java:lambda$close$4(314)) - 03645d2f-1e20-4e0d-8661-d0c7ee952eef: close
2019-09-25 05:54:12,365 [main] INFO  segmented.SegmentedRaftLogWorker (SegmentedRaftLogWorker.java:close(228)) - bb2366d0-9f8a-4c88-bd20-7ec32ce3238d@group-ECC9932C94A4-SegmentedRaftLogWorker close()
2019-09-25 05:54:12,365 [ForkJoinPool.commonPool-worker-1] INFO  impl.RaftServerImpl (RaftServerImpl.java:lambda$shutdown$3(251)) - 03645d2f-1e20-4e0d-8661-d0c7ee952eef@group-3766EFDE20DA: shutdown
2019-09-25 05:54:12,367 [main] INFO  impl.RaftServerImpl (RaftServerImpl.java:lambda$shutdown$3(251)) - bb2366d0-9f8a-4c88-bd20-7ec32ce3238d@group-434EE280DC5C: shutdown
2019-09-25 05:54:12,367 [ForkJoinPool.commonPool-worker-1] INFO  util.JmxRegister (JmxRegister.java:unregister(73)) - Successfully un-registered JMX Bean with object name Ratis:service=RaftServer,group=group-3766EFDE20DA,id=03645d2f-1e20-4e0d-8661-d0c7ee952eef
2019-09-25 05:54:12,368 [main] INFO  util.JmxRegister (JmxRegister.java:unregister(73)) - Successfully un-registered JMX Bean with object name Ratis:service=RaftServer,group=group-434EE280DC5C,id=bb2366d0-9f8a-4c88-bd20-7ec32ce3238d
2019-09-25 05:54:12,368 [ForkJoinPool.commonPool-worker-1] INFO  impl.RoleInfo (RoleInfo.java:shutdownLeaderState(104)) - 03645d2f-1e20-4e0d-8661-d0c7ee952eef: shutdown LeaderState
2019-09-25 05:54:12,368 [main] INFO  impl.RoleInfo (RoleInfo.java:shutdownLeaderState(104)) - bb2366d0-9f8a-4c88-bd20-7ec32ce3238d: shutdown LeaderState
2019-09-25 05:54:12,369 [ForkJoinPool.commonPool-worker-1] INFO  impl.PendingRequests (PendingRequests.java:sendNotLeaderResponses(202)) - 03645d2f-1e20-4e0d-8661-d0c7ee952eef-PendingRequests: sendNotLeaderResponses
2019-09-25 05:54:12,369 [main] INFO  impl.PendingRequests (PendingRequests.java:sendNotLeaderResponses(202)) - bb2366d0-9f8a-4c88-bd20-7ec32ce3238d-PendingRequests: sendNotLeaderResponses
2019-09-25 05:54:12,369 [ForkJoinPool.commonPool-worker-1] INFO  impl.StateMachineUpdater (StateMachineUpdater.java:stopAndJoin(125)) - 03645d2f-1e20-4e0d-8661-d0c7ee952eef@group-3766EFDE20DA-StateMachineUpdater: set stopIndex = 0
2019-09-25 05:54:12,369 [main] INFO  impl.StateMachineUpdater (StateMachineUpdater.java:stopAndJoin(125)) - bb2366d0-9f8a-4c88-bd20-7ec32ce3238d@group-434EE280DC5C-StateMachineUpdater: set stopIndex = 0
2019-09-25 05:54:12,370 [ForkJoinPool.commonPool-worker-1] INFO  impl.RaftServerImpl (ServerState.java:close(385)) - 03645d2f-1e20-4e0d-8661-d0c7ee952eef@group-3766EFDE20DA: closes. applyIndex: 0
2019-09-25 05:54:12,371 [main] INFO  impl.RaftServerImpl (ServerState.java:close(385)) - bb2366d0-9f8a-4c88-bd20-7ec32ce3238d@group-434EE280DC5C: closes. applyIndex: 0
2019-09-25 05:54:12,371 [03645d2f-1e20-4e0d-8661-d0c7ee952eef@group-3766EFDE20DA-SegmentedRaftLogWorker] INFO  segmented.SegmentedRaftLogWorker (SegmentedRaftLogWorker.java:run(313)) - 03645d2f-1e20-4e0d-8661-d0c7ee952eef@group-3766EFDE20DA-SegmentedRaftLogWorker was interrupted, exiting. There are 0 tasks remaining in the queue.
2019-09-25 05:54:12,371 [bb2366d0-9f8a-4c88-bd20-7ec32ce3238d@group-434EE280DC5C-SegmentedRaftLogWorker] INFO  segmented.SegmentedRaftLogWorker (SegmentedRaftLogWorker.java:run(313)) - bb2366d0-9f8a-4c88-bd20-7ec32ce3238d@group-434EE280DC5C-SegmentedRaftLogWorker was interrupted, exiting. There are 0 tasks remaining in the queue.
2019-09-25 05:54:12,371 [ForkJoinPool.commonPool-worker-1] INFO  segmented.SegmentedRaftLogWorker (SegmentedRaftLogWorker.java:close(228)) - 03645d2f-1e20-4e0d-8661-d0c7ee952eef@group-3766EFDE20DA-SegmentedRaftLogWorker close()
2019-09-25 05:54:12,371 [main] INFO  segmented.SegmentedRaftLogWorker (SegmentedRaftLogWorker.java:close(228)) - bb2366d0-9f8a-4c88-bd20-7ec32ce3238d@group-434EE280DC5C-SegmentedRaftLogWorker close()
2019-09-25 05:54:12,372 [ForkJoinPool.commonPool-worker-1] INFO  impl.RaftServerImpl (RaftServerImpl.java:lambda$shutdown$3(251)) - 03645d2f-1e20-4e0d-8661-d0c7ee952eef@group-1141AE66DB5D: shutdown
2019-09-25 05:54:12,374 [main] INFO  impl.RaftServerImpl (RaftServerImpl.java:lambda$shutdown$3(251)) - bb2366d0-9f8a-4c88-bd20-7ec32ce3238d@group-F0408571344A: shutdown
2019-09-25 05:54:12,374 [ForkJoinPool.commonPool-worker-1] INFO  util.JmxRegister (JmxRegister.java:unregister(73)) - Successfully un-registered JMX Bean with object name Ratis:service=RaftServer,group=group-1141AE66DB5D,id=03645d2f-1e20-4e0d-8661-d0c7ee952eef
2019-09-25 05:54:12,374 [main] INFO  util.JmxRegister (JmxRegister.java:unregister(73)) - Successfully un-registered JMX Bean with object name Ratis:service=RaftServer,group=group-F0408571344A,id=bb2366d0-9f8a-4c88-bd20-7ec32ce3238d
2019-09-25 05:54:12,374 [ForkJoinPool.commonPool-worker-1] INFO  impl.RoleInfo (RoleInfo.java:shutdownLeaderState(104)) - 03645d2f-1e20-4e0d-8661-d0c7ee952eef: shutdown LeaderState
2019-09-25 05:54:12,374 [main] INFO  impl.RoleInfo (RoleInfo.java:shutdownLeaderState(104)) - bb2366d0-9f8a-4c88-bd20-7ec32ce3238d: shutdown LeaderState
2019-09-25 05:54:12,375 [ForkJoinPool.commonPool-worker-1] INFO  impl.PendingRequests (PendingRequests.java:sendNotLeaderResponses(202)) - 03645d2f-1e20-4e0d-8661-d0c7ee952eef-PendingRequests: sendNotLeaderResponses
2019-09-25 05:54:12,375 [main] INFO  impl.PendingRequests (PendingRequests.java:sendNotLeaderResponses(202)) - bb2366d0-9f8a-4c88-bd20-7ec32ce3238d-PendingRequests: sendNotLeaderResponses
2019-09-25 05:54:12,375 [ForkJoinPool.commonPool-worker-1] INFO  impl.StateMachineUpdater (StateMachineUpdater.java:stopAndJoin(125)) - 03645d2f-1e20-4e0d-8661-d0c7ee952eef@group-1141AE66DB5D-StateMachineUpdater: set stopIndex = 0
2019-09-25 05:54:12,376 [main] INFO  impl.StateMachineUpdater (StateMachineUpdater.java:stopAndJoin(125)) - bb2366d0-9f8a-4c88-bd20-7ec32ce3238d@group-F0408571344A-StateMachineUpdater: set stopIndex = 0
2019-09-25 05:54:12,376 [main] INFO  impl.RaftServerImpl (ServerState.java:close(385)) - bb2366d0-9f8a-4c88-bd20-7ec32ce3238d@group-F0408571344A: closes. applyIndex: 0
2019-09-25 05:54:12,376 [ForkJoinPool.commonPool-worker-1] INFO  impl.RaftServerImpl (ServerState.java:close(385)) - 03645d2f-1e20-4e0d-8661-d0c7ee952eef@group-1141AE66DB5D: closes. applyIndex: 0
2019-09-25 05:54:12,376 [bb2366d0-9f8a-4c88-bd20-7ec32ce3238d@group-F0408571344A-SegmentedRaftLogWorker] INFO  segmented.SegmentedRaftLogWorker (SegmentedRaftLogWorker.java:run(313)) - bb2366d0-9f8a-4c88-bd20-7ec32ce3238d@group-F0408571344A-SegmentedRaftLogWorker was interrupted, exiting. There are 0 tasks remaining in the queue.
2019-09-25 05:54:12,376 [03645d2f-1e20-4e0d-8661-d0c7ee952eef@group-1141AE66DB5D-SegmentedRaftLogWorker] INFO  segmented.SegmentedRaftLogWorker (SegmentedRaftLogWorker.java:run(313)) - 03645d2f-1e20-4e0d-8661-d0c7ee952eef@group-1141AE66DB5D-SegmentedRaftLogWorker was interrupted, exiting. There are 0 tasks remaining in the queue.
2019-09-25 05:54:12,376 [main] INFO  segmented.SegmentedRaftLogWorker (SegmentedRaftLogWorker.java:close(228)) - bb2366d0-9f8a-4c88-bd20-7ec32ce3238d@group-F0408571344A-SegmentedRaftLogWorker close()
2019-09-25 05:54:12,377 [ForkJoinPool.commonPool-worker-1] INFO  segmented.SegmentedRaftLogWorker (SegmentedRaftLogWorker.java:close(228)) - 03645d2f-1e20-4e0d-8661-d0c7ee952eef@group-1141AE66DB5D-SegmentedRaftLogWorker close()
2019-09-25 05:54:12,378 [main] INFO  impl.RaftServerImpl (RaftServerImpl.java:lambda$shutdown$3(251)) - bb2366d0-9f8a-4c88-bd20-7ec32ce3238d@group-E9A0BEDE4E9B: shutdown
2019-09-25 05:54:12,379 [ForkJoinPool.commonPool-worker-1] INFO  impl.RaftServerImpl (RaftServerImpl.java:lambda$shutdown$3(251)) - 03645d2f-1e20-4e0d-8661-d0c7ee952eef@group-531C7AC91C90: shutdown
2019-09-25 05:54:12,379 [main] INFO  util.JmxRegister (JmxRegister.java:unregister(73)) - Successfully un-registered JMX Bean with object name Ratis:service=RaftServer,group=group-E9A0BEDE4E9B,id=bb2366d0-9f8a-4c88-bd20-7ec32ce3238d
2019-09-25 05:54:12,379 [ForkJoinPool.commonPool-worker-1] INFO  util.JmxRegister (JmxRegister.java:unregister(73)) - Successfully un-registered JMX Bean with object name Ratis:service=RaftServer,group=group-531C7AC91C90,id=03645d2f-1e20-4e0d-8661-d0c7ee952eef
2019-09-25 05:54:12,380 [main] INFO  impl.RoleInfo (RoleInfo.java:shutdownLeaderState(104)) - bb2366d0-9f8a-4c88-bd20-7ec32ce3238d: shutdown LeaderState
2019-09-25 05:54:12,380 [ForkJoinPool.commonPool-worker-1] INFO  impl.RoleInfo (RoleInfo.java:shutdownLeaderState(104)) - 03645d2f-1e20-4e0d-8661-d0c7ee952eef: shutdown LeaderState
2019-09-25 05:54:12,380 [main] INFO  impl.PendingRequests (PendingRequests.java:sendNotLeaderResponses(202)) - bb2366d0-9f8a-4c88-bd20-7ec32ce3238d-PendingRequests: sendNotLeaderResponses
2019-09-25 05:54:12,380 [ForkJoinPool.commonPool-worker-1] INFO  impl.PendingRequests (PendingRequests.java:sendNotLeaderResponses(202)) - 03645d2f-1e20-4e0d-8661-d0c7ee952eef-PendingRequests: sendNotLeaderResponses
2019-09-25 05:54:12,381 [main] INFO  impl.StateMachineUpdater (StateMachineUpdater.java:stopAndJoin(125)) - bb2366d0-9f8a-4c88-bd20-7ec32ce3238d@group-E9A0BEDE4E9B-StateMachineUpdater: set stopIndex = 0
2019-09-25 05:54:12,381 [ForkJoinPool.commonPool-worker-1] INFO  impl.StateMachineUpdater (StateMachineUpdater.java:stopAndJoin(125)) - 03645d2f-1e20-4e0d-8661-d0c7ee952eef@group-531C7AC91C90-StateMachineUpdater: set stopIndex = 0
2019-09-25 05:54:12,381 [main] INFO  impl.RaftServerImpl (ServerState.java:close(385)) - bb2366d0-9f8a-4c88-bd20-7ec32ce3238d@group-E9A0BEDE4E9B: closes. applyIndex: 0
2019-09-25 05:54:12,381 [ForkJoinPool.commonPool-worker-1] INFO  impl.RaftServerImpl (ServerState.java:close(385)) - 03645d2f-1e20-4e0d-8661-d0c7ee952eef@group-531C7AC91C90: closes. applyIndex: 0
2019-09-25 05:54:12,382 [bb2366d0-9f8a-4c88-bd20-7ec32ce3238d@group-E9A0BEDE4E9B-SegmentedRaftLogWorker] INFO  segmented.SegmentedRaftLogWorker (SegmentedRaftLogWorker.java:run(313)) - bb2366d0-9f8a-4c88-bd20-7ec32ce3238d@group-E9A0BEDE4E9B-SegmentedRaftLogWorker was interrupted, exiting. There are 0 tasks remaining in the queue.
2019-09-25 05:54:12,382 [03645d2f-1e20-4e0d-8661-d0c7ee952eef@group-531C7AC91C90-SegmentedRaftLogWorker] INFO  segmented.SegmentedRaftLogWorker (SegmentedRaftLogWorker.java:run(313)) - 03645d2f-1e20-4e0d-8661-d0c7ee952eef@group-531C7AC91C90-SegmentedRaftLogWorker was interrupted, exiting. There are 0 tasks remaining in the queue.
2019-09-25 05:54:12,382 [main] INFO  segmented.SegmentedRaftLogWorker (SegmentedRaftLogWorker.java:close(228)) - bb2366d0-9f8a-4c88-bd20-7ec32ce3238d@group-E9A0BEDE4E9B-SegmentedRaftLogWorker close()
2019-09-25 05:54:12,382 [ForkJoinPool.commonPool-worker-1] INFO  segmented.SegmentedRaftLogWorker (SegmentedRaftLogWorker.java:close(228)) - 03645d2f-1e20-4e0d-8661-d0c7ee952eef@group-531C7AC91C90-SegmentedRaftLogWorker close()
2019-09-25 05:54:12,383 [main] INFO  impl.RaftServerImpl (RaftServerImpl.java:lambda$shutdown$3(251)) - bb2366d0-9f8a-4c88-bd20-7ec32ce3238d@group-D771DF473BB4: shutdown
2019-09-25 05:54:12,384 [ForkJoinPool.commonPool-worker-1] INFO  impl.RaftServerImpl (RaftServerImpl.java:lambda$shutdown$3(251)) - 03645d2f-1e20-4e0d-8661-d0c7ee952eef@group-9FD6961C6FAC: shutdown
2019-09-25 05:54:12,384 [main] INFO  util.JmxRegister (JmxRegister.java:unregister(73)) - Successfully un-registered JMX Bean with object name Ratis:service=RaftServer,group=group-D771DF473BB4,id=bb2366d0-9f8a-4c88-bd20-7ec32ce3238d
2019-09-25 05:54:12,385 [ForkJoinPool.commonPool-worker-1] INFO  util.JmxRegister (JmxRegister.java:unregister(73)) - Successfully un-registered JMX Bean with object name Ratis:service=RaftServer,group=group-9FD6961C6FAC,id=03645d2f-1e20-4e0d-8661-d0c7ee952eef
2019-09-25 05:54:12,385 [main] INFO  impl.RoleInfo (RoleInfo.java:shutdownLeaderState(104)) - bb2366d0-9f8a-4c88-bd20-7ec32ce3238d: shutdown LeaderState
2019-09-25 05:54:12,385 [ForkJoinPool.commonPool-worker-1] INFO  impl.RoleInfo (RoleInfo.java:shutdownLeaderState(104)) - 03645d2f-1e20-4e0d-8661-d0c7ee952eef: shutdown LeaderState
2019-09-25 05:54:12,385 [main] INFO  impl.PendingRequests (PendingRequests.java:sendNotLeaderResponses(202)) - bb2366d0-9f8a-4c88-bd20-7ec32ce3238d-PendingRequests: sendNotLeaderResponses
2019-09-25 05:54:12,385 [ForkJoinPool.commonPool-worker-1] INFO  impl.PendingRequests (PendingRequests.java:sendNotLeaderResponses(202)) - 03645d2f-1e20-4e0d-8661-d0c7ee952eef-PendingRequests: sendNotLeaderResponses
2019-09-25 05:54:12,386 [main] INFO  impl.StateMachineUpdater (StateMachineUpdater.java:stopAndJoin(125)) - bb2366d0-9f8a-4c88-bd20-7ec32ce3238d@group-D771DF473BB4-StateMachineUpdater: set stopIndex = 0
2019-09-25 05:54:12,386 [ForkJoinPool.commonPool-worker-1] INFO  impl.StateMachineUpdater (StateMachineUpdater.java:stopAndJoin(125)) - 03645d2f-1e20-4e0d-8661-d0c7ee952eef@group-9FD6961C6FAC-StateMachineUpdater: set stopIndex = 0
2019-09-25 05:54:12,386 [main] INFO  impl.RaftServerImpl (ServerState.java:close(385)) - bb2366d0-9f8a-4c88-bd20-7ec32ce3238d@group-D771DF473BB4: closes. applyIndex: 0
2019-09-25 05:54:12,386 [ForkJoinPool.commonPool-worker-1] INFO  impl.RaftServerImpl (ServerState.java:close(385)) - 03645d2f-1e20-4e0d-8661-d0c7ee952eef@group-9FD6961C6FAC: closes. applyIndex: 0
2019-09-25 05:54:12,387 [bb2366d0-9f8a-4c88-bd20-7ec32ce3238d@group-D771DF473BB4-SegmentedRaftLogWorker] INFO  segmented.SegmentedRaftLogWorker (SegmentedRaftLogWorker.java:run(313)) - bb2366d0-9f8a-4c88-bd20-7ec32ce3238d@group-D771DF473BB4-SegmentedRaftLogWorker was interrupted, exiting. There are 0 tasks remaining in the queue.
2019-09-25 05:54:12,387 [03645d2f-1e20-4e0d-8661-d0c7ee952eef@group-9FD6961C6FAC-SegmentedRaftLogWorker] INFO  segmented.SegmentedRaftLogWorker (SegmentedRaftLogWorker.java:run(313)) - 03645d2f-1e20-4e0d-8661-d0c7ee952eef@group-9FD6961C6FAC-SegmentedRaftLogWorker was interrupted, exiting. There are 0 tasks remaining in the queue.
2019-09-25 05:54:12,387 [main] INFO  segmented.SegmentedRaftLogWorker (SegmentedRaftLogWorker.java:close(228)) - bb2366d0-9f8a-4c88-bd20-7ec32ce3238d@group-D771DF473BB4-SegmentedRaftLogWorker close()
2019-09-25 05:54:12,387 [ForkJoinPool.commonPool-worker-1] INFO  segmented.SegmentedRaftLogWorker (SegmentedRaftLogWorker.java:close(228)) - 03645d2f-1e20-4e0d-8661-d0c7ee952eef@group-9FD6961C6FAC-SegmentedRaftLogWorker close()
2019-09-25 05:54:12,391 [main] INFO  impl.RaftServerImpl (RaftServerImpl.java:lambda$shutdown$3(251)) - bb2366d0-9f8a-4c88-bd20-7ec32ce3238d@group-17159809C494: shutdown
2019-09-25 05:54:12,391 [ForkJoinPool.commonPool-worker-1] INFO  impl.RaftServerImpl (RaftServerImpl.java:lambda$shutdown$3(251)) - 03645d2f-1e20-4e0d-8661-d0c7ee952eef@group-1005C0481B44: shutdown
2019-09-25 05:54:12,391 [main] INFO  util.JmxRegister (JmxRegister.java:unregister(73)) - Successfully un-registered JMX Bean with object name Ratis:service=RaftServer,group=group-17159809C494,id=bb2366d0-9f8a-4c88-bd20-7ec32ce3238d
2019-09-25 05:54:12,392 [ForkJoinPool.commonPool-worker-1] INFO  util.JmxRegister (JmxRegister.java:unregister(73)) - Successfully un-registered JMX Bean with object name Ratis:service=RaftServer,group=group-1005C0481B44,id=03645d2f-1e20-4e0d-8661-d0c7ee952eef
2019-09-25 05:54:12,392 [main] INFO  impl.RoleInfo (RoleInfo.java:shutdownLeaderState(104)) - bb2366d0-9f8a-4c88-bd20-7ec32ce3238d: shutdown LeaderState
2019-09-25 05:54:12,392 [ForkJoinPool.commonPool-worker-1] INFO  impl.RoleInfo (RoleInfo.java:shutdownLeaderState(104)) - 03645d2f-1e20-4e0d-8661-d0c7ee952eef: shutdown LeaderState
2019-09-25 05:54:12,392 [main] INFO  impl.PendingRequests (PendingRequests.java:sendNotLeaderResponses(202)) - bb2366d0-9f8a-4c88-bd20-7ec32ce3238d-PendingRequests: sendNotLeaderResponses
2019-09-25 05:54:12,392 [ForkJoinPool.commonPool-worker-1] INFO  impl.PendingRequests (PendingRequests.java:sendNotLeaderResponses(202)) - 03645d2f-1e20-4e0d-8661-d0c7ee952eef-PendingRequests: sendNotLeaderResponses
2019-09-25 05:54:12,393 [main] INFO  impl.StateMachineUpdater (StateMachineUpdater.java:stopAndJoin(125)) - bb2366d0-9f8a-4c88-bd20-7ec32ce3238d@group-17159809C494-StateMachineUpdater: set stopIndex = 0
2019-09-25 05:54:12,393 [ForkJoinPool.commonPool-worker-1] INFO  impl.StateMachineUpdater (StateMachineUpdater.java:stopAndJoin(125)) - 03645d2f-1e20-4e0d-8661-d0c7ee952eef@group-1005C0481B44-StateMachineUpdater: set stopIndex = 0
2019-09-25 05:54:12,393 [main] INFO  impl.RaftServerImpl (ServerState.java:close(385)) - bb2366d0-9f8a-4c88-bd20-7ec32ce3238d@group-17159809C494: closes. applyIndex: 0
2019-09-25 05:54:12,393 [ForkJoinPool.commonPool-worker-1] INFO  impl.RaftServerImpl (ServerState.java:close(385)) - 03645d2f-1e20-4e0d-8661-d0c7ee952eef@group-1005C0481B44: closes. applyIndex: 0
2019-09-25 05:54:12,394 [bb2366d0-9f8a-4c88-bd20-7ec32ce3238d@group-17159809C494-SegmentedRaftLogWorker] INFO  segmented.SegmentedRaftLogWorker (SegmentedRaftLogWorker.java:run(313)) - bb2366d0-9f8a-4c88-bd20-7ec32ce3238d@group-17159809C494-SegmentedRaftLogWorker was interrupted, exiting. There are 0 tasks remaining in the queue.
2019-09-25 05:54:12,394 [03645d2f-1e20-4e0d-8661-d0c7ee952eef@group-1005C0481B44-SegmentedRaftLogWorker] INFO  segmented.SegmentedRaftLogWorker (SegmentedRaftLogWorker.java:run(313)) - 03645d2f-1e20-4e0d-8661-d0c7ee952eef@group-1005C0481B44-SegmentedRaftLogWorker was interrupted, exiting. There are 0 tasks remaining in the queue.
2019-09-25 05:54:12,394 [main] INFO  segmented.SegmentedRaftLogWorker (SegmentedRaftLogWorker.java:close(228)) - bb2366d0-9f8a-4c88-bd20-7ec32ce3238d@group-17159809C494-SegmentedRaftLogWorker close()
2019-09-25 05:54:12,394 [ForkJoinPool.commonPool-worker-1] INFO  segmented.SegmentedRaftLogWorker (SegmentedRaftLogWorker.java:close(228)) - 03645d2f-1e20-4e0d-8661-d0c7ee952eef@group-1005C0481B44-SegmentedRaftLogWorker close()
2019-09-25 05:54:12,394 [main] INFO  server.GrpcService (GrpcService.java:closeImpl(164)) - bb2366d0-9f8a-4c88-bd20-7ec32ce3238d: shutdown server with port 44123 now
2019-09-25 05:54:12,394 [ForkJoinPool.commonPool-worker-1] INFO  impl.RaftServerImpl (RaftServerImpl.java:lambda$shutdown$3(251)) - 03645d2f-1e20-4e0d-8661-d0c7ee952eef@group-97755CFFBD95: shutdown
2019-09-25 05:54:12,396 [main] INFO  server.GrpcService (GrpcService.java:closeImpl(172)) - bb2366d0-9f8a-4c88-bd20-7ec32ce3238d: shutdown server with port 44123 successfully
2019-09-25 05:54:12,396 [ForkJoinPool.commonPool-worker-1] INFO  util.JmxRegister (JmxRegister.java:unregister(73)) - Successfully un-registered JMX Bean with object name Ratis:service=RaftServer,group=group-97755CFFBD95,id=03645d2f-1e20-4e0d-8661-d0c7ee952eef
2019-09-25 05:54:12,396 [ForkJoinPool.commonPool-worker-1] INFO  impl.RoleInfo (RoleInfo.java:shutdownLeaderState(104)) - 03645d2f-1e20-4e0d-8661-d0c7ee952eef: shutdown LeaderState
2019-09-25 05:54:12,396 [ForkJoinPool.commonPool-worker-1] INFO  impl.PendingRequests (PendingRequests.java:sendNotLeaderResponses(202)) - 03645d2f-1e20-4e0d-8661-d0c7ee952eef-PendingRequests: sendNotLeaderResponses
2019-09-25 05:54:12,397 [ForkJoinPool.commonPool-worker-1] INFO  impl.StateMachineUpdater (StateMachineUpdater.java:stopAndJoin(125)) - 03645d2f-1e20-4e0d-8661-d0c7ee952eef@group-97755CFFBD95-StateMachineUpdater: set stopIndex = 0
2019-09-25 05:54:12,397 [ForkJoinPool.commonPool-worker-1] INFO  impl.RaftServerImpl (ServerState.java:close(385)) - 03645d2f-1e20-4e0d-8661-d0c7ee952eef@group-97755CFFBD95: closes. applyIndex: 0
2019-09-25 05:54:12,397 [03645d2f-1e20-4e0d-8661-d0c7ee952eef@group-97755CFFBD95-SegmentedRaftLogWorker] INFO  segmented.SegmentedRaftLogWorker (SegmentedRaftLogWorker.java:run(313)) - 03645d2f-1e20-4e0d-8661-d0c7ee952eef@group-97755CFFBD95-SegmentedRaftLogWorker was interrupted, exiting. There are 0 tasks remaining in the queue.
2019-09-25 05:54:12,397 [ForkJoinPool.commonPool-worker-1] INFO  segmented.SegmentedRaftLogWorker (SegmentedRaftLogWorker.java:close(228)) - 03645d2f-1e20-4e0d-8661-d0c7ee952eef@group-97755CFFBD95-SegmentedRaftLogWorker close()
2019-09-25 05:54:12,398 [ForkJoinPool.commonPool-worker-1] INFO  server.GrpcService (GrpcService.java:closeImpl(164)) - 03645d2f-1e20-4e0d-8661-d0c7ee952eef: shutdown server with port 38201 now
2019-09-25 05:54:12,399 [ForkJoinPool.commonPool-worker-1] INFO  server.GrpcService (GrpcService.java:closeImpl(172)) - 03645d2f-1e20-4e0d-8661-d0c7ee952eef: shutdown server with port 38201 successfully
2019-09-25 05:54:12,402 [refreshUsed-/workdir/hadoop-ozone/integration-test/target/test-dir/MiniOzoneClusterImpl-4a157921-bac8-4948-8ccf-f55fe74fd98a/datanode-4/data/containers] WARN  fs.CachingGetSpaceUsed (CachingGetSpaceUsed.java:run(183)) - Thread Interrupted waiting to refresh disk information: sleep interrupted
2019-09-25 05:54:12,409 [refreshUsed-/workdir/hadoop-ozone/integration-test/target/test-dir/MiniOzoneClusterImpl-4a157921-bac8-4948-8ccf-f55fe74fd98a/datanode-0/data/containers] WARN  fs.CachingGetSpaceUsed (CachingGetSpaceUsed.java:run(183)) - Thread Interrupted waiting to refresh disk information: sleep interrupted
2019-09-25 05:54:12,418 [main] INFO  utils.BackgroundService (BackgroundService.java:shutdown(148)) - Shutting down service BlockDeletingService
2019-09-25 05:54:12,421 [main] INFO  statemachine.DatanodeStateMachine (DatanodeStateMachine.java:stopDaemon(395)) - Ozone container server stopped.
2019-09-25 05:54:12,422 [main] INFO  handler.ContextHandler (ContextHandler.java:doStop(910)) - Stopped o.e.j.w.WebAppContext@a5272be{/,null,UNAVAILABLE}{/hddsDatanode}
2019-09-25 05:54:12,422 [main] INFO  server.AbstractConnector (AbstractConnector.java:doStop(318)) - Stopped ServerConnector@58ba5b30{HTTP/1.1,[http/1.1]}{0.0.0.0:0}
2019-09-25 05:54:12,422 [main] INFO  handler.ContextHandler (ContextHandler.java:doStop(910)) - Stopped o.e.j.s.ServletContextHandler@22eaa86e{/static,jar:file:/home/user/.m2/repository/org/apache/hadoop/hadoop-hdds-container-service/0.5.0-SNAPSHOT/hadoop-hdds-container-service-0.5.0-SNAPSHOT.jar!/webapps/static,UNAVAILABLE}
2019-09-25 05:54:12,423 [main] INFO  handler.ContextHandler (ContextHandler.java:doStop(910)) - Stopped o.e.j.s.ServletContextHandler@333c8791{/logs,file:///workdir/hadoop-ozone/integration-test/target/log,UNAVAILABLE}
2019-09-25 05:54:12,426 [ForkJoinPool.commonPool-worker-1] INFO  utils.BackgroundService (BackgroundService.java:shutdown(148)) - Shutting down service BlockDeletingService
2019-09-25 05:54:12,429 [ForkJoinPool.commonPool-worker-1] INFO  statemachine.DatanodeStateMachine (DatanodeStateMachine.java:stopDaemon(395)) - Ozone container server stopped.
2019-09-25 05:54:12,432 [ForkJoinPool.commonPool-worker-1] INFO  handler.ContextHandler (ContextHandler.java:doStop(910)) - Stopped o.e.j.w.WebAppContext@7a0e7ecd{/,null,UNAVAILABLE}{/hddsDatanode}
2019-09-25 05:54:12,432 [ForkJoinPool.commonPool-worker-1] INFO  server.AbstractConnector (AbstractConnector.java:doStop(318)) - Stopped ServerConnector@54e3658c{HTTP/1.1,[http/1.1]}{0.0.0.0:0}
2019-09-25 05:54:12,433 [ForkJoinPool.commonPool-worker-1] INFO  handler.ContextHandler (ContextHandler.java:doStop(910)) - Stopped o.e.j.s.ServletContextHandler@6069dd38{/static,jar:file:/home/user/.m2/repository/org/apache/hadoop/hadoop-hdds-container-service/0.5.0-SNAPSHOT/hadoop-hdds-container-service-0.5.0-SNAPSHOT.jar!/webapps/static,UNAVAILABLE}
2019-09-25 05:54:12,434 [ForkJoinPool.commonPool-worker-1] INFO  handler.ContextHandler (ContextHandler.java:doStop(910)) - Stopped o.e.j.s.ServletContextHandler@46c269e0{/logs,file:///workdir/hadoop-ozone/integration-test/target/log,UNAVAILABLE}
2019-09-25 05:54:12,543 [Datanode State Machine Thread - 0] INFO  statemachine.DatanodeStateMachine (DatanodeStateMachine.java:lambda$startDaemon$0(350)) - Ozone container server started.
2019-09-25 05:54:17,424 [main] INFO  ozoneimpl.OzoneContainer (OzoneContainer.java:stop(231)) - Attempting to stop container services.
2019-09-25 05:54:17,425 [main] INFO  impl.RaftServerProxy (RaftServerProxy.java:lambda$close$4(314)) - 511ff9a4-402a-459c-948c-b9450b1400e6: close
2019-09-25 05:54:17,425 [main] INFO  impl.RaftServerImpl (RaftServerImpl.java:lambda$shutdown$3(251)) - 511ff9a4-402a-459c-948c-b9450b1400e6@group-5D3ADDB67A5E: shutdown
2019-09-25 05:54:17,426 [ForkJoinPool.commonPool-worker-0] INFO  impl.RaftServerImpl (RaftServerImpl.java:lambda$shutdown$3(251)) - 511ff9a4-402a-459c-948c-b9450b1400e6@group-F156F0D07332: shutdown
2019-09-25 05:54:17,426 [main] INFO  util.JmxRegister (JmxRegister.java:unregister(73)) - Successfully un-registered JMX Bean with object name Ratis:service=RaftServer,group=group-5D3ADDB67A5E,id=511ff9a4-402a-459c-948c-b9450b1400e6
2019-09-25 05:54:17,426 [main] INFO  impl.RoleInfo (RoleInfo.java:shutdownLeaderState(104)) - 511ff9a4-402a-459c-948c-b9450b1400e6: shutdown LeaderState
2019-09-25 05:54:17,426 [ForkJoinPool.commonPool-worker-0] INFO  util.JmxRegister (JmxRegister.java:unregister(73)) - Successfully un-registered JMX Bean with object name Ratis:service=RaftServer,group=group-F156F0D07332,id=511ff9a4-402a-459c-948c-b9450b1400e6
2019-09-25 05:54:17,427 [main] INFO  impl.PendingRequests (PendingRequests.java:sendNotLeaderResponses(202)) - 511ff9a4-402a-459c-948c-b9450b1400e6-PendingRequests: sendNotLeaderResponses
2019-09-25 05:54:17,427 [ForkJoinPool.commonPool-worker-0] INFO  impl.RoleInfo (RoleInfo.java:shutdownLeaderState(104)) - 511ff9a4-402a-459c-948c-b9450b1400e6: shutdown LeaderState
2019-09-25 05:54:17,427 [main] INFO  impl.StateMachineUpdater (StateMachineUpdater.java:stopAndJoin(125)) - 511ff9a4-402a-459c-948c-b9450b1400e6@group-5D3ADDB67A5E-StateMachineUpdater: set stopIndex = 0
2019-09-25 05:54:17,427 [ForkJoinPool.commonPool-worker-0] INFO  impl.PendingRequests (PendingRequests.java:sendNotLeaderResponses(202)) - 511ff9a4-402a-459c-948c-b9450b1400e6-PendingRequests: sendNotLeaderResponses
2019-09-25 05:54:17,428 [main] INFO  impl.RaftServerImpl (ServerState.java:close(385)) - 511ff9a4-402a-459c-948c-b9450b1400e6@group-5D3ADDB67A5E: closes. applyIndex: 0
2019-09-25 05:54:17,428 [ForkJoinPool.commonPool-worker-0] INFO  impl.StateMachineUpdater (StateMachineUpdater.java:stopAndJoin(125)) - 511ff9a4-402a-459c-948c-b9450b1400e6@group-F156F0D07332-StateMachineUpdater: set stopIndex = 0
2019-09-25 05:54:17,428 [511ff9a4-402a-459c-948c-b9450b1400e6@group-5D3ADDB67A5E-SegmentedRaftLogWorker] INFO  segmented.SegmentedRaftLogWorker (SegmentedRaftLogWorker.java:run(313)) - 511ff9a4-402a-459c-948c-b9450b1400e6@group-5D3ADDB67A5E-SegmentedRaftLogWorker was interrupted, exiting. There are 0 tasks remaining in the queue.
2019-09-25 05:54:17,429 [ForkJoinPool.commonPool-worker-0] INFO  impl.RaftServerImpl (ServerState.java:close(385)) - 511ff9a4-402a-459c-948c-b9450b1400e6@group-F156F0D07332: closes. applyIndex: 0
2019-09-25 05:54:17,429 [main] INFO  segmented.SegmentedRaftLogWorker (SegmentedRaftLogWorker.java:close(228)) - 511ff9a4-402a-459c-948c-b9450b1400e6@group-5D3ADDB67A5E-SegmentedRaftLogWorker close()
2019-09-25 05:54:17,429 [511ff9a4-402a-459c-948c-b9450b1400e6@group-F156F0D07332-SegmentedRaftLogWorker] INFO  segmented.SegmentedRaftLogWorker (SegmentedRaftLogWorker.java:run(313)) - 511ff9a4-402a-459c-948c-b9450b1400e6@group-F156F0D07332-SegmentedRaftLogWorker was interrupted, exiting. There are 0 tasks remaining in the queue.
2019-09-25 05:54:17,429 [main] INFO  impl.RaftServerImpl (RaftServerImpl.java:lambda$shutdown$3(251)) - 511ff9a4-402a-459c-948c-b9450b1400e6@group-03B6CF636AE7: shutdown
2019-09-25 05:54:17,429 [ForkJoinPool.commonPool-worker-0] INFO  segmented.SegmentedRaftLogWorker (SegmentedRaftLogWorker.java:close(228)) - 511ff9a4-402a-459c-948c-b9450b1400e6@group-F156F0D07332-SegmentedRaftLogWorker close()
2019-09-25 05:54:17,430 [main] INFO  util.JmxRegister (JmxRegister.java:unregister(73)) - Successfully un-registered JMX Bean with object name Ratis:service=RaftServer,group=group-03B6CF636AE7,id=511ff9a4-402a-459c-948c-b9450b1400e6
2019-09-25 05:54:17,430 [ForkJoinPool.commonPool-worker-0] INFO  impl.RaftServerImpl (RaftServerImpl.java:lambda$shutdown$3(251)) - 511ff9a4-402a-459c-948c-b9450b1400e6@group-37A8874952C0: shutdown
2019-09-25 05:54:17,430 [main] INFO  impl.RoleInfo (RoleInfo.java:shutdownLeaderState(104)) - 511ff9a4-402a-459c-948c-b9450b1400e6: shutdown LeaderState
2019-09-25 05:54:17,430 [ForkJoinPool.commonPool-worker-0] INFO  util.JmxRegister (JmxRegister.java:unregister(73)) - Successfully un-registered JMX Bean with object name Ratis:service=RaftServer,group=group-37A8874952C0,id=511ff9a4-402a-459c-948c-b9450b1400e6
2019-09-25 05:54:17,431 [main] INFO  impl.PendingRequests (PendingRequests.java:sendNotLeaderResponses(202)) - 511ff9a4-402a-459c-948c-b9450b1400e6-PendingRequests: sendNotLeaderResponses
2019-09-25 05:54:17,431 [ForkJoinPool.commonPool-worker-0] INFO  impl.RoleInfo (RoleInfo.java:shutdownLeaderState(104)) - 511ff9a4-402a-459c-948c-b9450b1400e6: shutdown LeaderState
2019-09-25 05:54:17,431 [main] INFO  impl.StateMachineUpdater (StateMachineUpdater.java:stopAndJoin(125)) - 511ff9a4-402a-459c-948c-b9450b1400e6@group-03B6CF636AE7-StateMachineUpdater: set stopIndex = 0
2019-09-25 05:54:17,431 [ForkJoinPool.commonPool-worker-0] INFO  impl.PendingRequests (PendingRequests.java:sendNotLeaderResponses(202)) - 511ff9a4-402a-459c-948c-b9450b1400e6-PendingRequests: sendNotLeaderResponses
2019-09-25 05:54:17,432 [main] INFO  impl.RaftServerImpl (ServerState.java:close(385)) - 511ff9a4-402a-459c-948c-b9450b1400e6@group-03B6CF636AE7: closes. applyIndex: 0
2019-09-25 05:54:17,432 [ForkJoinPool.commonPool-worker-0] INFO  impl.StateMachineUpdater (StateMachineUpdater.java:stopAndJoin(125)) - 511ff9a4-402a-459c-948c-b9450b1400e6@group-37A8874952C0-StateMachineUpdater: set stopIndex = 0
2019-09-25 05:54:17,433 [511ff9a4-402a-459c-948c-b9450b1400e6@group-03B6CF636AE7-SegmentedRaftLogWorker] INFO  segmented.SegmentedRaftLogWorker (SegmentedRaftLogWorker.java:run(313)) - 511ff9a4-402a-459c-948c-b9450b1400e6@group-03B6CF636AE7-SegmentedRaftLogWorker was interrupted, exiting. There are 0 tasks remaining in the queue.
2019-09-25 05:54:17,433 [ForkJoinPool.commonPool-worker-0] INFO  impl.RaftServerImpl (ServerState.java:close(385)) - 511ff9a4-402a-459c-948c-b9450b1400e6@group-37A8874952C0: closes. applyIndex: 0
2019-09-25 05:54:17,433 [main] INFO  segmented.SegmentedRaftLogWorker (SegmentedRaftLogWorker.java:close(228)) - 511ff9a4-402a-459c-948c-b9450b1400e6@group-03B6CF636AE7-SegmentedRaftLogWorker close()
2019-09-25 05:54:17,433 [511ff9a4-402a-459c-948c-b9450b1400e6@group-37A8874952C0-SegmentedRaftLogWorker] INFO  segmented.SegmentedRaftLogWorker (SegmentedRaftLogWorker.java:run(313)) - 511ff9a4-402a-459c-948c-b9450b1400e6@group-37A8874952C0-SegmentedRaftLogWorker was interrupted, exiting. There are 0 tasks remaining in the queue.
2019-09-25 05:54:17,434 [main] INFO  impl.RaftServerImpl (RaftServerImpl.java:lambda$shutdown$3(251)) - 511ff9a4-402a-459c-948c-b9450b1400e6@group-353D103CCCC2: shutdown
2019-09-25 05:54:17,434 [ForkJoinPool.commonPool-worker-0] INFO  segmented.SegmentedRaftLogWorker (SegmentedRaftLogWorker.java:close(228)) - 511ff9a4-402a-459c-948c-b9450b1400e6@group-37A8874952C0-SegmentedRaftLogWorker close()
2019-09-25 05:54:17,434 [main] INFO  util.JmxRegister (JmxRegister.java:unregister(73)) - Successfully un-registered JMX Bean with object name Ratis:service=RaftServer,group=group-353D103CCCC2,id=511ff9a4-402a-459c-948c-b9450b1400e6
2019-09-25 05:54:17,434 [main] INFO  impl.RoleInfo (RoleInfo.java:shutdownLeaderState(104)) - 511ff9a4-402a-459c-948c-b9450b1400e6: shutdown LeaderState
2019-09-25 05:54:17,435 [main] INFO  impl.PendingRequests (PendingRequests.java:sendNotLeaderResponses(202)) - 511ff9a4-402a-459c-948c-b9450b1400e6-PendingRequests: sendNotLeaderResponses
2019-09-25 05:54:17,435 [main] INFO  impl.StateMachineUpdater (StateMachineUpdater.java:stopAndJoin(125)) - 511ff9a4-402a-459c-948c-b9450b1400e6@group-353D103CCCC2-StateMachineUpdater: set stopIndex = 0
2019-09-25 05:54:17,435 [main] INFO  impl.RaftServerImpl (ServerState.java:close(385)) - 511ff9a4-402a-459c-948c-b9450b1400e6@group-353D103CCCC2: closes. applyIndex: 0
2019-09-25 05:54:17,436 [511ff9a4-402a-459c-948c-b9450b1400e6@group-353D103CCCC2-SegmentedRaftLogWorker] INFO  segmented.SegmentedRaftLogWorker (SegmentedRaftLogWorker.java:run(313)) - 511ff9a4-402a-459c-948c-b9450b1400e6@group-353D103CCCC2-SegmentedRaftLogWorker was interrupted, exiting. There are 0 tasks remaining in the queue.
2019-09-25 05:54:17,436 [main] INFO  segmented.SegmentedRaftLogWorker (SegmentedRaftLogWorker.java:close(228)) - 511ff9a4-402a-459c-948c-b9450b1400e6@group-353D103CCCC2-SegmentedRaftLogWorker close()
2019-09-25 05:54:17,436 [main] INFO  impl.RaftServerImpl (RaftServerImpl.java:lambda$shutdown$3(251)) - 511ff9a4-402a-459c-948c-b9450b1400e6@group-4280D72B4E9B: shutdown
2019-09-25 05:54:17,436 [main] INFO  util.JmxRegister (JmxRegister.java:unregister(73)) - Successfully un-registered JMX Bean with object name Ratis:service=RaftServer,group=group-4280D72B4E9B,id=511ff9a4-402a-459c-948c-b9450b1400e6
2019-09-25 05:54:17,436 [main] INFO  impl.RoleInfo (RoleInfo.java:shutdownLeaderState(104)) - 511ff9a4-402a-459c-948c-b9450b1400e6: shutdown LeaderState
2019-09-25 05:54:17,437 [main] INFO  impl.PendingRequests (PendingRequests.java:sendNotLeaderResponses(202)) - 511ff9a4-402a-459c-948c-b9450b1400e6-PendingRequests: sendNotLeaderResponses
2019-09-25 05:54:17,437 [main] INFO  impl.StateMachineUpdater (StateMachineUpdater.java:stopAndJoin(125)) - 511ff9a4-402a-459c-948c-b9450b1400e6@group-4280D72B4E9B-StateMachineUpdater: set stopIndex = 0
2019-09-25 05:54:17,439 [main] INFO  impl.RaftServerImpl (ServerState.java:close(385)) - 511ff9a4-402a-459c-948c-b9450b1400e6@group-4280D72B4E9B: closes. applyIndex: 0
2019-09-25 05:54:17,440 [511ff9a4-402a-459c-948c-b9450b1400e6@group-4280D72B4E9B-SegmentedRaftLogWorker] INFO  segmented.SegmentedRaftLogWorker (SegmentedRaftLogWorker.java:run(313)) - 511ff9a4-402a-459c-948c-b9450b1400e6@group-4280D72B4E9B-SegmentedRaftLogWorker was interrupted, exiting. There are 0 tasks remaining in the queue.
2019-09-25 05:54:17,440 [main] INFO  segmented.SegmentedRaftLogWorker (SegmentedRaftLogWorker.java:close(228)) - 511ff9a4-402a-459c-948c-b9450b1400e6@group-4280D72B4E9B-SegmentedRaftLogWorker close()
2019-09-25 05:54:17,440 [main] INFO  server.GrpcService (GrpcService.java:closeImpl(164)) - 511ff9a4-402a-459c-948c-b9450b1400e6: shutdown server with port 38058 now
2019-09-25 05:54:17,441 [main] INFO  server.GrpcService (GrpcService.java:closeImpl(172)) - 511ff9a4-402a-459c-948c-b9450b1400e6: shutdown server with port 38058 successfully
2019-09-25 05:54:17,443 [refreshUsed-/workdir/hadoop-ozone/integration-test/target/test-dir/MiniOzoneClusterImpl-4a157921-bac8-4948-8ccf-f55fe74fd98a/datanode-3/data/containers] WARN  fs.CachingGetSpaceUsed (CachingGetSpaceUsed.java:run(183)) - Thread Interrupted waiting to refresh disk information: sleep interrupted
2019-09-25 05:54:17,456 [main] INFO  utils.BackgroundService (BackgroundService.java:shutdown(148)) - Shutting down service BlockDeletingService
2019-09-25 05:54:17,458 [main] INFO  statemachine.DatanodeStateMachine (DatanodeStateMachine.java:stopDaemon(395)) - Ozone container server stopped.
2019-09-25 05:54:17,459 [main] INFO  handler.ContextHandler (ContextHandler.java:doStop(910)) - Stopped o.e.j.w.WebAppContext@1fb2d5e{/,null,UNAVAILABLE}{/hddsDatanode}
2019-09-25 05:54:17,460 [main] INFO  server.AbstractConnector (AbstractConnector.java:doStop(318)) - Stopped ServerConnector@1716e8c5{HTTP/1.1,[http/1.1]}{0.0.0.0:0}
2019-09-25 05:54:17,460 [main] INFO  handler.ContextHandler (ContextHandler.java:doStop(910)) - Stopped o.e.j.s.ServletContextHandler@36480b2d{/static,jar:file:/home/user/.m2/repository/org/apache/hadoop/hadoop-hdds-container-service/0.5.0-SNAPSHOT/hadoop-hdds-container-service-0.5.0-SNAPSHOT.jar!/webapps/static,UNAVAILABLE}
2019-09-25 05:54:17,460 [main] INFO  handler.ContextHandler (ContextHandler.java:doStop(910)) - Stopped o.e.j.s.ServletContextHandler@517a2b0{/logs,file:///workdir/hadoop-ozone/integration-test/target/log,UNAVAILABLE}
2019-09-25 05:54:17,461 [main] INFO  ozone.MiniOzoneClusterImpl (MiniOzoneClusterImpl.java:stopSCM(392)) - Stopping the StorageContainerManager
2019-09-25 05:54:17,461 [main] INFO  server.StorageContainerManager (StorageContainerManager.java:stop(808)) - Stopping Replication Manager Service.
2019-09-25 05:54:17,461 [main] INFO  container.ReplicationManager (ReplicationManager.java:stop(204)) - Stopping Replication Monitor Thread.
2019-09-25 05:54:17,461 [main] INFO  server.StorageContainerManager (StorageContainerManager.java:stop(815)) - Stopping Lease Manager of the command watchers
2019-09-25 05:54:17,461 [main] INFO  server.StorageContainerManager (StorageContainerManager.java:stop(822)) - Stopping datanode service RPC server
2019-09-25 05:54:17,461 [main] INFO  server.SCMDatanodeProtocolServer (SCMDatanodeProtocolServer.java:stop(367)) - Stopping the RPC server for DataNodes
2019-09-25 05:54:17,462 [main] INFO  ipc.Server (Server.java:stop(3082)) - Stopping server on 42981
2019-09-25 05:54:17,462 [IPC Server listener on 42981] INFO  ipc.Server (Server.java:run(1185)) - Stopping IPC Server listener on 42981
2019-09-25 05:54:17,463 [IPC Server Responder] INFO  ipc.Server (Server.java:run(1319)) - Stopping IPC Server Responder
2019-09-25 05:54:17,539 [SCM Heartbeat Processing Thread - 0] WARN  node.NodeStateManager (NodeStateManager.java:scheduleNextHealthCheck(655)) - Current Thread is interrupted, shutting down HB processing thread for Node Manager.
2019-09-25 05:54:17,540 [main] INFO  server.StorageContainerManager (StorageContainerManager.java:stop(830)) - Stopping block service RPC server
2019-09-25 05:54:17,540 [main] INFO  server.SCMBlockProtocolServer (SCMBlockProtocolServer.java:stop(155)) - Stopping the RPC server for Block Protocol
2019-09-25 05:54:17,540 [main] INFO  ipc.Server (Server.java:stop(3082)) - Stopping server on 39720
2019-09-25 05:54:17,542 [main] INFO  server.StorageContainerManager (StorageContainerManager.java:stop(837)) - Stopping the StorageContainerLocationProtocol RPC server
2019-09-25 05:54:17,542 [main] INFO  server.SCMClientProtocolServer (SCMClientProtocolServer.java:stop(159)) - Stopping the RPC server for Client Protocol
2019-09-25 05:54:17,542 [main] INFO  ipc.Server (Server.java:stop(3082)) - Stopping server on 40121
2019-09-25 05:54:17,542 [IPC Server Responder] INFO  ipc.Server (Server.java:run(1319)) - Stopping IPC Server Responder
2019-09-25 05:54:17,542 [IPC Server listener on 39720] INFO  ipc.Server (Server.java:run(1185)) - Stopping IPC Server listener on 39720
2019-09-25 05:54:17,543 [IPC Server listener on 40121] INFO  ipc.Server (Server.java:run(1185)) - Stopping IPC Server listener on 40121
2019-09-25 05:54:17,544 [main] INFO  server.StorageContainerManager (StorageContainerManager.java:stop(844)) - Stopping Storage Container Manager HTTP server.
2019-09-25 05:54:17,544 [IPC Server Responder] INFO  ipc.Server (Server.java:run(1319)) - Stopping IPC Server Responder
2019-09-25 05:54:17,545 [main] INFO  handler.ContextHandler (ContextHandler.java:doStop(910)) - Stopped o.e.j.w.WebAppContext@b5cc23a{/,null,UNAVAILABLE}{/scm}
2019-09-25 05:54:17,545 [main] INFO  server.AbstractConnector (AbstractConnector.java:doStop(318)) - Stopped ServerConnector@61a002b1{HTTP/1.1,[http/1.1]}{0.0.0.0:0}
2019-09-25 05:54:17,546 [main] INFO  handler.ContextHandler (ContextHandler.java:doStop(910)) - Stopped o.e.j.s.ServletContextHandler@158a3b2e{/static,file:///workdir/hadoop-ozone/integration-test/target/test-classes/webapps/static,UNAVAILABLE}
2019-09-25 05:54:17,546 [main] INFO  handler.ContextHandler (ContextHandler.java:doStop(910)) - Stopped o.e.j.s.ServletContextHandler@23fb172e{/logs,file:///workdir/hadoop-ozone/integration-test/target/log,UNAVAILABLE}
2019-09-25 05:54:17,547 [main] INFO  server.StorageContainerManager (StorageContainerManager.java:stop(855)) - Stopping Block Manager Service.
2019-09-25 05:54:17,548 [main] INFO  utils.BackgroundService (BackgroundService.java:shutdown(148)) - Shutting down service SCMBlockDeletingService
2019-09-25 05:54:17,548 [main] INFO  utils.BackgroundService (BackgroundService.java:shutdown(148)) - Shutting down service SCMBlockDeletingService
2019-09-25 05:54:17,549 [main] INFO  server.StorageContainerManager (StorageContainerManager.java:stop(877)) - Stopping SCM Event Queue.
2019-09-25 05:54:17,554 [main] INFO  impl.MetricsSystemImpl (MetricsSystemImpl.java:stop(210)) - Stopping ratis metrics system...
2019-09-25 05:54:17,565 [prometheus] INFO  impl.MetricsSinkAdapter (MetricsSinkAdapter.java:publishMetricsFromQueue(141)) - prometheus thread interrupted.
2019-09-25 05:54:17,565 [main] INFO  impl.MetricsSystemImpl (MetricsSystemImpl.java:stop(216)) - ratis metrics system stopped.
]]></system-out>
    <system-err><![CDATA[ERROR StatusLogger No Log4j 2 configuration file found. Using default configuration (logging only errors to the console), or user programmatically provided configurations. Set system property 'log4j2.debug' to show Log4j 2 internal initialization logging. See https://logging.apache.org/log4j/2.x/manual/configuration.html for instructions on how to configure Log4j 2
]]></system-err>
  </testcase>
</testsuite>